<?xml version="1.0" encoding="UTF-8"?>
<testsuite xmlns:xsi="http://www.w3.org/2001/XMLSchema-instance" xsi:noNamespaceSchemaLocation="https://maven.apache.org/surefire/maven-surefire-plugin/xsd/surefire-test-report.xsd" name="org.apache.hadoop.ozone.om.TestOzoneManagerBootstrap" time="126.316" tests="3" errors="1" skipped="0" failures="0">
  <properties>
    <property name="awt.toolkit" value="sun.awt.X11.XToolkit"/>
    <property name="file.encoding.pkg" value="sun.io"/>
    <property name="java.specification.version" value="1.8"/>
    <property name="sun.cpu.isalist" value=""/>
    <property name="sun.jnu.encoding" value="UTF-8"/>
    <property name="java.class.path" value="/home/runner/work/ozone/ozone/mnt/ozone/hadoop-ozone/integration-test/target/test-classes:/home/runner/work/ozone/ozone/mnt/ozone/hadoop-ozone/integration-test/target/classes:/home/runner/.m2/repository/org/apache/ozone/ozone-common/1.2.0-SNAPSHOT/ozone-common-1.2.0-SNAPSHOT.jar:/home/runner/.m2/repository/org/apache/commons/commons-compress/1.20/commons-compress-1.20.jar:/home/runner/.m2/repository/org/apache/ozone/hdds-common/1.2.0-SNAPSHOT/hdds-common-1.2.0-SNAPSHOT.jar:/home/runner/.m2/repository/org/apache/ozone/hdds-client/1.2.0-SNAPSHOT/hdds-client-1.2.0-SNAPSHOT.jar:/home/runner/.m2/repository/org/apache/ozone/ozone-interface-client/1.2.0-SNAPSHOT/ozone-interface-client-1.2.0-SNAPSHOT.jar:/home/runner/.m2/repository/org/apache/ozone/hdds-server-framework/1.2.0-SNAPSHOT/hdds-server-framework-1.2.0-SNAPSHOT.jar:/home/runner/.m2/repository/org/apache/ozone/hdds-interface-server/1.2.0-SNAPSHOT/hdds-interface-server-1.2.0-SNAPSHOT.jar:/home/runner/.m2/repository/org/eclipse/jetty/jetty-servlet/9.4.35.v20201120/jetty-servlet-9.4.35.v20201120.jar:/home/runner/.m2/repository/org/eclipse/jetty/jetty-security/9.4.35.v20201120/jetty-security-9.4.35.v20201120.jar:/home/runner/.m2/repository/org/rocksdb/rocksdbjni/6.20.3/rocksdbjni-6.20.3.jar:/home/runner/.m2/repository/io/prometheus/simpleclient_dropwizard/0.7.0/simpleclient_dropwizard-0.7.0.jar:/home/runner/.m2/repository/io/prometheus/simpleclient/0.7.0/simpleclient-0.7.0.jar:/home/runner/.m2/repository/io/prometheus/simpleclient_common/0.7.0/simpleclient_common-0.7.0.jar:/home/runner/.m2/repository/com/fasterxml/jackson/datatype/jackson-datatype-jsr310/2.12.1/jackson-datatype-jsr310-2.12.1.jar:/home/runner/.m2/repository/org/apache/ozone/hdds-test-utils/1.2.0-SNAPSHOT/hdds-test-utils-1.2.0-SNAPSHOT.jar:/home/runner/.m2/repository/com/google/guava/guava/30.1.1-jre/guava-30.1.1-jre.jar:/home/runner/.m2/repository/com/google/guava/failureaccess/1.0.1/failureaccess-1.0.1.jar:/home/runner/.m2/repository/com/google/guava/listenablefuture/9999.0-empty-to-avoid-conflict-with-guava/listenablefuture-9999.0-empty-to-avoid-conflict-with-guava.jar:/home/runner/.m2/repository/com/google/code/findbugs/jsr305/3.0.0/jsr305-3.0.0.jar:/home/runner/.m2/repository/org/checkerframework/checker-qual/3.8.0/checker-qual-3.8.0.jar:/home/runner/.m2/repository/com/google/errorprone/error_prone_annotations/2.2.0/error_prone_annotations-2.2.0.jar:/home/runner/.m2/repository/com/google/j2objc/j2objc-annotations/1.3/j2objc-annotations-1.3.jar:/home/runner/.m2/repository/commons-io/commons-io/2.8.0/commons-io-2.8.0.jar:/home/runner/.m2/repository/commons-logging/commons-logging/1.2/commons-logging-1.2.jar:/home/runner/.m2/repository/log4j/log4j/1.2.17/log4j-1.2.17.jar:/home/runner/.m2/repository/org/slf4j/slf4j-api/1.7.30/slf4j-api-1.7.30.jar:/home/runner/.m2/repository/org/apache/ozone/hdds-server-scm/1.2.0-SNAPSHOT/hdds-server-scm-1.2.0-SNAPSHOT.jar:/home/runner/.m2/repository/org/apache/ozone/hdds-container-service/1.2.0-SNAPSHOT/hdds-container-service-1.2.0-SNAPSHOT.jar:/home/runner/.m2/repository/org/apache/ozone/hdds-hadoop-dependency-server/1.2.0-SNAPSHOT/hdds-hadoop-dependency-server-1.2.0-SNAPSHOT.jar:/home/runner/.m2/repository/org/apache/hadoop/hadoop-hdfs/3.3.1/hadoop-hdfs-3.3.1.jar:/home/runner/.m2/repository/io/dropwizard/metrics/metrics-core/3.2.4/metrics-core-3.2.4.jar:/home/runner/.m2/repository/org/apache/hadoop/hadoop-hdfs-client/3.3.1/hadoop-hdfs-client-3.3.1.jar:/home/runner/.m2/repository/org/bouncycastle/bcprov-jdk15on/1.67/bcprov-jdk15on-1.67.jar:/home/runner/.m2/repository/com/google/protobuf/protobuf-java/2.5.0/protobuf-java-2.5.0.jar:/home/runner/.m2/repository/org/apache/ozone/ozone-manager/1.2.0-SNAPSHOT/ozone-manager-1.2.0-SNAPSHOT.jar:/home/runner/.m2/repository/org/aspectj/aspectjrt/1.8.9/aspectjrt-1.8.9.jar:/home/runner/.m2/repository/org/aspectj/aspectjweaver/1.8.9/aspectjweaver-1.8.9.jar:/home/runner/.m2/repository/org/apache/ozone/hdds-interface-client/1.2.0-SNAPSHOT/hdds-interface-client-1.2.0-SNAPSHOT.jar:/home/runner/.m2/repository/org/apache/hadoop/thirdparty/hadoop-shaded-protobuf_3_7/1.1.1/hadoop-shaded-protobuf_3_7-1.1.1.jar:/home/runner/.m2/repository/org/apache/ratis/ratis-thirdparty-misc/0.7.0/ratis-thirdparty-misc-0.7.0.jar:/home/runner/.m2/repository/org/apache/ozone/ozone-interface-storage/1.2.0-SNAPSHOT/ozone-interface-storage-1.2.0-SNAPSHOT.jar:/home/runner/.m2/repository/org/reflections/reflections/0.9.11/reflections-0.9.11.jar:/home/runner/.m2/repository/org/apache/hadoop/hadoop-minikdc/3.3.1/hadoop-minikdc-3.3.1.jar:/home/runner/.m2/repository/org/apache/kerby/kerb-simplekdc/1.0.1/kerb-simplekdc-1.0.1.jar:/home/runner/.m2/repository/org/apache/kerby/kerb-client/1.0.1/kerb-client-1.0.1.jar:/home/runner/.m2/repository/org/apache/kerby/kerby-config/1.0.1/kerby-config-1.0.1.jar:/home/runner/.m2/repository/org/apache/kerby/kerb-common/1.0.1/kerb-common-1.0.1.jar:/home/runner/.m2/repository/org/apache/kerby/kerb-crypto/1.0.1/kerb-crypto-1.0.1.jar:/home/runner/.m2/repository/org/apache/kerby/kerb-util/1.0.1/kerb-util-1.0.1.jar:/home/runner/.m2/repository/org/apache/kerby/token-provider/1.0.1/token-provider-1.0.1.jar:/home/runner/.m2/repository/org/apache/kerby/kerb-admin/1.0.1/kerb-admin-1.0.1.jar:/home/runner/.m2/repository/org/apache/kerby/kerb-server/1.0.1/kerb-server-1.0.1.jar:/home/runner/.m2/repository/org/apache/kerby/kerb-identity/1.0.1/kerb-identity-1.0.1.jar:/home/runner/.m2/repository/org/apache/kerby/kerby-xdr/1.0.1/kerby-xdr-1.0.1.jar:/home/runner/.m2/repository/org/slf4j/slf4j-log4j12/1.7.30/slf4j-log4j12-1.7.30.jar:/home/runner/.m2/repository/org/apache/ozone/ozone-s3gateway/1.2.0-SNAPSHOT/ozone-s3gateway-1.2.0-SNAPSHOT.jar:/home/runner/.m2/repository/org/javassist/javassist/3.21.0-GA/javassist-3.21.0-GA.jar:/home/runner/.m2/repository/org/jboss/weld/servlet/weld-servlet/2.4.7.Final/weld-servlet-2.4.7.Final.jar:/home/runner/.m2/repository/org/glassfish/jersey/containers/jersey-container-servlet-core/2.33/jersey-container-servlet-core-2.33.jar:/home/runner/.m2/repository/org/glassfish/hk2/external/jakarta.inject/2.6.1/jakarta.inject-2.6.1.jar:/home/runner/.m2/repository/org/glassfish/jersey/core/jersey-common/2.33/jersey-common-2.33.jar:/home/runner/.m2/repository/jakarta/ws/rs/jakarta.ws.rs-api/2.1.6/jakarta.ws.rs-api-2.1.6.jar:/home/runner/.m2/repository/org/glassfish/jersey/ext/cdi/jersey-cdi1x/2.33/jersey-cdi1x-2.33.jar:/home/runner/.m2/repository/org/glassfish/jersey/inject/jersey-hk2/2.33/jersey-hk2-2.33.jar:/home/runner/.m2/repository/org/glassfish/hk2/hk2-locator/2.6.1/hk2-locator-2.6.1.jar:/home/runner/.m2/repository/org/glassfish/jersey/media/jersey-media-jaxb/2.33/jersey-media-jaxb-2.33.jar:/home/runner/.m2/repository/org/glassfish/hk2/osgi-resource-locator/1.0.3/osgi-resource-locator-1.0.3.jar:/home/runner/.m2/repository/org/glassfish/hk2/hk2-api/2.5.0/hk2-api-2.5.0.jar:/home/runner/.m2/repository/org/glassfish/hk2/hk2-utils/2.5.0/hk2-utils-2.5.0.jar:/home/runner/.m2/repository/org/glassfish/hk2/external/aopalliance-repackaged/2.5.0/aopalliance-repackaged-2.5.0.jar:/home/runner/.m2/repository/com/fasterxml/jackson/dataformat/jackson-dataformat-xml/2.12.1/jackson-dataformat-xml-2.12.1.jar:/home/runner/.m2/repository/com/fasterxml/jackson/core/jackson-core/2.12.1/jackson-core-2.12.1.jar:/home/runner/.m2/repository/com/fasterxml/jackson/module/jackson-module-jaxb-annotations/2.12.1/jackson-module-jaxb-annotations-2.12.1.jar:/home/runner/.m2/repository/jakarta/xml/bind/jakarta.xml.bind-api/2.3.2/jakarta.xml.bind-api-2.3.2.jar:/home/runner/.m2/repository/org/codehaus/woodstox/stax2-api/3.1.4/stax2-api-3.1.4.jar:/home/runner/.m2/repository/com/fasterxml/woodstox/woodstox-core/5.0.3/woodstox-core-5.0.3.jar:/home/runner/.m2/repository/javax/enterprise/cdi-api/1.2/cdi-api-1.2.jar:/home/runner/.m2/repository/javax/el/javax.el-api/3.0.0/javax.el-api-3.0.0.jar:/home/runner/.m2/repository/javax/interceptor/javax.interceptor-api/1.2/javax.interceptor-api-1.2.jar:/home/runner/.m2/repository/javax/inject/javax.inject/1/javax.inject-1.jar:/home/runner/.m2/repository/javax/xml/bind/jaxb-api/2.3.0/jaxb-api-2.3.0.jar:/home/runner/.m2/repository/org/glassfish/jaxb/jaxb-runtime/2.3.0.1/jaxb-runtime-2.3.0.1.jar:/home/runner/.m2/repository/org/glassfish/jaxb/jaxb-core/2.3.0.1/jaxb-core-2.3.0.1.jar:/home/runner/.m2/repository/org/glassfish/jaxb/txw2/2.3.0.1/txw2-2.3.0.1.jar:/home/runner/.m2/repository/com/sun/istack/istack-commons-runtime/3.0.5/istack-commons-runtime-3.0.5.jar:/home/runner/.m2/repository/org/jvnet/staxex/stax-ex/1.7.8/stax-ex-1.7.8.jar:/home/runner/.m2/repository/com/sun/xml/fastinfoset/FastInfoset/1.2.13/FastInfoset-1.2.13.jar:/home/runner/.m2/repository/javax/activation/activation/1.1.1/activation-1.1.1.jar:/home/runner/.m2/repository/org/apache/ozone/ozone-csi/1.2.0-SNAPSHOT/ozone-csi-1.2.0-SNAPSHOT.jar:/home/runner/.m2/repository/com/google/protobuf/protobuf-java-util/3.12.0/protobuf-java-util-3.12.0.jar:/home/runner/.m2/repository/com/google/code/gson/gson/2.2.4/gson-2.2.4.jar:/home/runner/.m2/repository/org/apache/ozone/hdds-config/1.2.0-SNAPSHOT/hdds-config-1.2.0-SNAPSHOT.jar:/home/runner/.m2/repository/io/grpc/grpc-netty/1.33.0/grpc-netty-1.33.0.jar:/home/runner/.m2/repository/io/grpc/grpc-core/1.33.0/grpc-core-1.33.0.jar:/home/runner/.m2/repository/com/google/android/annotations/4.1.1.4/annotations-4.1.1.4.jar:/home/runner/.m2/repository/io/netty/netty-codec-http2/4.1.63.Final/netty-codec-http2-4.1.63.Final.jar:/home/runner/.m2/repository/io/netty/netty-codec-http/4.1.63.Final/netty-codec-http-4.1.63.Final.jar:/home/runner/.m2/repository/io/netty/netty-handler-proxy/4.1.63.Final/netty-handler-proxy-4.1.63.Final.jar:/home/runner/.m2/repository/io/netty/netty-codec-socks/4.1.63.Final/netty-codec-socks-4.1.63.Final.jar:/home/runner/.m2/repository/io/perfmark/perfmark-api/0.19.0/perfmark-api-0.19.0.jar:/home/runner/.m2/repository/org/codehaus/mojo/animal-sniffer-annotations/1.18/animal-sniffer-annotations-1.18.jar:/home/runner/.m2/repository/io/netty/netty-transport-native-epoll/4.1.63.Final/netty-transport-native-epoll-4.1.63.Final.jar:/home/runner/.m2/repository/io/netty/netty-common/4.1.63.Final/netty-common-4.1.63.Final.jar:/home/runner/.m2/repository/io/netty/netty-buffer/4.1.63.Final/netty-buffer-4.1.63.Final.jar:/home/runner/.m2/repository/io/netty/netty-transport-native-unix-common/4.1.63.Final/netty-transport-native-unix-common-4.1.63.Final.jar:/home/runner/.m2/repository/io/grpc/grpc-protobuf/1.33.0/grpc-protobuf-1.33.0.jar:/home/runner/.m2/repository/io/grpc/grpc-api/1.33.0/grpc-api-1.33.0.jar:/home/runner/.m2/repository/io/grpc/grpc-context/1.33.0/grpc-context-1.33.0.jar:/home/runner/.m2/repository/com/google/api/grpc/proto-google-common-protos/1.17.0/proto-google-common-protos-1.17.0.jar:/home/runner/.m2/repository/io/grpc/grpc-protobuf-lite/1.33.0/grpc-protobuf-lite-1.33.0.jar:/home/runner/.m2/repository/io/grpc/grpc-stub/1.33.0/grpc-stub-1.33.0.jar:/home/runner/.m2/repository/org/apache/ozone/ozone-recon/1.2.0-SNAPSHOT/ozone-recon-1.2.0-SNAPSHOT.jar:/home/runner/.m2/repository/org/apache/ozone/ozone-reconcodegen/1.2.0-SNAPSHOT/ozone-reconcodegen-1.2.0-SNAPSHOT.jar:/home/runner/.m2/repository/com/google/inject/extensions/guice-multibindings/4.0/guice-multibindings-4.0.jar:/home/runner/.m2/repository/com/google/inject/guice/4.0/guice-4.0.jar:/home/runner/.m2/repository/aopalliance/aopalliance/1.0/aopalliance-1.0.jar:/home/runner/.m2/repository/com/google/inject/extensions/guice-assistedinject/4.0/guice-assistedinject-4.0.jar:/home/runner/.m2/repository/com/google/inject/extensions/guice-servlet/4.0/guice-servlet-4.0.jar:/home/runner/.m2/repository/org/glassfish/jersey/containers/jersey-container-servlet/2.33/jersey-container-servlet-2.33.jar:/home/runner/.m2/repository/org/glassfish/hk2/guice-bridge/2.5.0/guice-bridge-2.5.0.jar:/home/runner/.m2/repository/org/glassfish/jersey/core/jersey-server/2.33/jersey-server-2.33.jar:/home/runner/.m2/repository/org/glassfish/jersey/core/jersey-client/2.33/jersey-client-2.33.jar:/home/runner/.m2/repository/jakarta/annotation/jakarta.annotation-api/1.3.5/jakarta.annotation-api-1.3.5.jar:/home/runner/.m2/repository/jakarta/validation/jakarta.validation-api/2.0.2/jakarta.validation-api-2.0.2.jar:/home/runner/.m2/repository/org/glassfish/jersey/media/jersey-media-json-jackson/2.33/jersey-media-json-jackson-2.33.jar:/home/runner/.m2/repository/org/glassfish/jersey/ext/jersey-entity-filtering/2.33/jersey-entity-filtering-2.33.jar:/home/runner/.m2/repository/org/jooq/jooq/3.11.10/jooq-3.11.10.jar:/home/runner/.m2/repository/org/jooq/jooq-meta/3.11.10/jooq-meta-3.11.10.jar:/home/runner/.m2/repository/org/jooq/jooq-codegen/3.11.10/jooq-codegen-3.11.10.jar:/home/runner/.m2/repository/com/jolbox/bonecp/0.8.0.RELEASE/bonecp-0.8.0.RELEASE.jar:/home/runner/.m2/repository/org/apache/derby/derby/10.14.2.0/derby-10.14.2.0.jar:/home/runner/.m2/repository/org/xerial/sqlite-jdbc/3.25.2/sqlite-jdbc-3.25.2.jar:/home/runner/.m2/repository/org/springframework/spring-jdbc/5.2.11.RELEASE/spring-jdbc-5.2.11.RELEASE.jar:/home/runner/.m2/repository/org/springframework/spring-beans/5.2.11.RELEASE/spring-beans-5.2.11.RELEASE.jar:/home/runner/.m2/repository/org/springframework/spring-core/5.2.11.RELEASE/spring-core-5.2.11.RELEASE.jar:/home/runner/.m2/repository/org/springframework/spring-jcl/5.2.11.RELEASE/spring-jcl-5.2.11.RELEASE.jar:/home/runner/.m2/repository/org/springframework/spring-tx/5.2.11.RELEASE/spring-tx-5.2.11.RELEASE.jar:/home/runner/.m2/repository/org/apache/ozone/ozone-client/1.2.0-SNAPSHOT/ozone-client-1.2.0-SNAPSHOT.jar:/home/runner/.m2/repository/org/apache/ozone/ozone-filesystem/1.2.0-SNAPSHOT/ozone-filesystem-1.2.0-SNAPSHOT.jar:/home/runner/.m2/repository/org/apache/ozone/ozone-filesystem-common/1.2.0-SNAPSHOT/ozone-filesystem-common-1.2.0-SNAPSHOT.jar:/home/runner/.m2/repository/org/apache/ozone/ozone-tools/1.2.0-SNAPSHOT/ozone-tools-1.2.0-SNAPSHOT.jar:/home/runner/.m2/repository/org/apache/ratis/ratis-tools/2.1.0/ratis-tools-2.1.0.jar:/home/runner/.m2/repository/org/apache/ratis/ratis-proto/2.1.0/ratis-proto-2.1.0.jar:/home/runner/.m2/repository/org/apache/ratis/ratis-common/2.1.0/ratis-common-2.1.0.jar:/home/runner/.m2/repository/com/amazonaws/aws-java-sdk-core/1.11.901/aws-java-sdk-core-1.11.901.jar:/home/runner/.m2/repository/org/apache/httpcomponents/httpclient/4.5.13/httpclient-4.5.13.jar:/home/runner/.m2/repository/org/apache/httpcomponents/httpcore/4.4.13/httpcore-4.4.13.jar:/home/runner/.m2/repository/software/amazon/ion/ion-java/1.0.2/ion-java-1.0.2.jar:/home/runner/.m2/repository/com/fasterxml/jackson/dataformat/jackson-dataformat-cbor/2.12.1/jackson-dataformat-cbor-2.12.1.jar:/home/runner/.m2/repository/joda-time/joda-time/2.8.1/joda-time-2.8.1.jar:/home/runner/.m2/repository/com/amazonaws/aws-java-sdk-s3/1.11.901/aws-java-sdk-s3-1.11.901.jar:/home/runner/.m2/repository/com/amazonaws/aws-java-sdk-kms/1.11.901/aws-java-sdk-kms-1.11.901.jar:/home/runner/.m2/repository/com/amazonaws/jmespath-java/1.11.901/jmespath-java-1.11.901.jar:/home/runner/.m2/repository/org/kohsuke/metainf-services/metainf-services/1.8/metainf-services-1.8.jar:/home/runner/.m2/repository/org/apache/ozone/hdds-tools/1.2.0-SNAPSHOT/hdds-tools-1.2.0-SNAPSHOT.jar:/home/runner/.m2/repository/commons-cli/commons-cli/1.2/commons-cli-1.2.jar:/home/runner/.m2/repository/org/apache/commons/commons-lang3/3.7/commons-lang3-3.7.jar:/home/runner/.m2/repository/org/apache/ozone/ozone-manager/1.2.0-SNAPSHOT/ozone-manager-1.2.0-SNAPSHOT-tests.jar:/home/runner/.m2/repository/org/apache/ozone/hdds-common/1.2.0-SNAPSHOT/hdds-common-1.2.0-SNAPSHOT-tests.jar:/home/runner/.m2/repository/org/apache/ozone/hdds-hadoop-dependency-client/1.2.0-SNAPSHOT/hdds-hadoop-dependency-client-1.2.0-SNAPSHOT.jar:/home/runner/.m2/repository/info/picocli/picocli/4.4.0/picocli-4.4.0.jar:/home/runner/.m2/repository/com/fasterxml/jackson/core/jackson-annotations/2.12.1/jackson-annotations-2.12.1.jar:/home/runner/.m2/repository/javax/annotation/javax.annotation-api/1.2/javax.annotation-api-1.2.jar:/home/runner/.m2/repository/org/apache/ratis/ratis-server/2.1.0/ratis-server-2.1.0.jar:/home/runner/.m2/repository/org/apache/ratis/ratis-client/2.1.0/ratis-client-2.1.0.jar:/home/runner/.m2/repository/org/apache/ratis/ratis-server-api/2.1.0/ratis-server-api-2.1.0.jar:/home/runner/.m2/repository/org/apache/ratis/ratis-metrics/2.1.0/ratis-metrics-2.1.0.jar:/home/runner/.m2/repository/org/apache/ratis/ratis-netty/2.1.0/ratis-netty-2.1.0.jar:/home/runner/.m2/repository/org/apache/ratis/ratis-grpc/2.1.0/ratis-grpc-2.1.0.jar:/home/runner/.m2/repository/org/apache/logging/log4j/log4j-api/2.13.3/log4j-api-2.13.3.jar:/home/runner/.m2/repository/org/apache/logging/log4j/log4j-core/2.13.3/log4j-core-2.13.3.jar:/home/runner/.m2/repository/com/lmax/disruptor/3.4.2/disruptor-3.4.2.jar:/home/runner/.m2/repository/org/apache/commons/commons-pool2/2.6.0/commons-pool2-2.6.0.jar:/home/runner/.m2/repository/org/bouncycastle/bcpkix-jdk15on/1.67/bcpkix-jdk15on-1.67.jar:/home/runner/.m2/repository/commons-validator/commons-validator/1.6/commons-validator-1.6.jar:/home/runner/.m2/repository/commons-beanutils/commons-beanutils/1.9.4/commons-beanutils-1.9.4.jar:/home/runner/.m2/repository/commons-digester/commons-digester/1.8.1/commons-digester-1.8.1.jar:/home/runner/.m2/repository/commons-collections/commons-collections/3.2.2/commons-collections-3.2.2.jar:/home/runner/.m2/repository/io/jaegertracing/jaeger-client/1.6.0/jaeger-client-1.6.0.jar:/home/runner/.m2/repository/io/jaegertracing/jaeger-thrift/1.6.0/jaeger-thrift-1.6.0.jar:/home/runner/.m2/repository/org/apache/thrift/libthrift/0.14.1/libthrift-0.14.1.jar:/home/runner/.m2/repository/com/squareup/okhttp3/okhttp/4.9.0/okhttp-4.9.0.jar:/home/runner/.m2/repository/com/squareup/okio/okio/2.8.0/okio-2.8.0.jar:/home/runner/.m2/repository/io/jaegertracing/jaeger-core/1.6.0/jaeger-core-1.6.0.jar:/home/runner/.m2/repository/io/jaegertracing/jaeger-tracerresolver/1.6.0/jaeger-tracerresolver-1.6.0.jar:/home/runner/.m2/repository/io/opentracing/contrib/opentracing-tracerresolver/0.1.8/opentracing-tracerresolver-0.1.8.jar:/home/runner/.m2/repository/org/jetbrains/kotlin/kotlin-stdlib/1.4.31/kotlin-stdlib-1.4.31.jar:/home/runner/.m2/repository/org/jetbrains/kotlin/kotlin-stdlib-common/1.4.31/kotlin-stdlib-common-1.4.31.jar:/home/runner/.m2/repository/org/jetbrains/annotations/13.0/annotations-13.0.jar:/home/runner/.m2/repository/io/opentracing/opentracing-util/0.33.0/opentracing-util-0.33.0.jar:/home/runner/.m2/repository/io/opentracing/opentracing-api/0.33.0/opentracing-api-0.33.0.jar:/home/runner/.m2/repository/io/opentracing/opentracing-noop/0.33.0/opentracing-noop-0.33.0.jar:/home/runner/.m2/repository/org/yaml/snakeyaml/1.26/snakeyaml-1.26.jar:/home/runner/.m2/repository/org/apache/ozone/hdds-interface-admin/1.2.0-SNAPSHOT/hdds-interface-admin-1.2.0-SNAPSHOT.jar:/home/runner/.m2/repository/junit/junit/4.13.1/junit-4.13.1.jar:/home/runner/.m2/repository/org/hamcrest/hamcrest-core/1.3/hamcrest-core-1.3.jar:/home/runner/.m2/repository/org/junit/jupiter/junit-jupiter-api/5.7.0/junit-jupiter-api-5.7.0.jar:/home/runner/.m2/repository/org/apiguardian/apiguardian-api/1.1.0/apiguardian-api-1.1.0.jar:/home/runner/.m2/repository/org/opentest4j/opentest4j/1.2.0/opentest4j-1.2.0.jar:/home/runner/.m2/repository/org/junit/platform/junit-platform-commons/1.7.0/junit-platform-commons-1.7.0.jar:/home/runner/.m2/repository/org/junit/jupiter/junit-jupiter-engine/5.7.0/junit-jupiter-engine-5.7.0.jar:/home/runner/.m2/repository/org/junit/platform/junit-platform-engine/1.7.0/junit-platform-engine-1.7.0.jar:/home/runner/.m2/repository/org/junit/vintage/junit-vintage-engine/5.7.0/junit-vintage-engine-5.7.0.jar:/home/runner/.m2/repository/org/junit/platform/junit-platform-launcher/1.7.0/junit-platform-launcher-1.7.0.jar:/home/runner/.m2/repository/org/openjdk/jmh/jmh-core/1.19/jmh-core-1.19.jar:/home/runner/.m2/repository/net/sf/jopt-simple/jopt-simple/4.6/jopt-simple-4.6.jar:/home/runner/.m2/repository/org/apache/commons/commons-math3/3.1.1/commons-math3-3.1.1.jar:/home/runner/.m2/repository/org/openjdk/jmh/jmh-generator-annprocess/1.19/jmh-generator-annprocess-1.19.jar:/home/runner/.m2/repository/org/mockito/mockito-core/2.28.2/mockito-core-2.28.2.jar:/home/runner/.m2/repository/net/bytebuddy/byte-buddy/1.9.10/byte-buddy-1.9.10.jar:/home/runner/.m2/repository/net/bytebuddy/byte-buddy-agent/1.9.10/byte-buddy-agent-1.9.10.jar:/home/runner/.m2/repository/org/objenesis/objenesis/1.0/objenesis-1.0.jar:/home/runner/.m2/repository/org/apache/hadoop/hadoop-kms/3.3.1/hadoop-kms-3.3.1.jar:/home/runner/.m2/repository/org/apache/hadoop/hadoop-auth/3.3.1/hadoop-auth-3.3.1.jar:/home/runner/.m2/repository/com/nimbusds/nimbus-jose-jwt/7.9/nimbus-jose-jwt-7.9.jar:/home/runner/.m2/repository/com/github/stephenc/jcip/jcip-annotations/1.0-1/jcip-annotations-1.0-1.jar:/home/runner/.m2/repository/net/minidev/json-smart/2.3/json-smart-2.3.jar:/home/runner/.m2/repository/net/minidev/accessors-smart/1.2/accessors-smart-1.2.jar:/home/runner/.m2/repository/org/ow2/asm/asm/5.0.4/asm-5.0.4.jar:/home/runner/.m2/repository/org/apache/zookeeper/zookeeper/3.5.6/zookeeper-3.5.6.jar:/home/runner/.m2/repository/org/apache/zookeeper/zookeeper-jute/3.5.6/zookeeper-jute-3.5.6.jar:/home/runner/.m2/repository/org/apache/yetus/audience-annotations/0.5.0/audience-annotations-0.5.0.jar:/home/runner/.m2/repository/org/apache/curator/curator-framework/4.2.0/curator-framework-4.2.0.jar:/home/runner/.m2/repository/org/apache/hadoop/thirdparty/hadoop-shaded-guava/1.1.1/hadoop-shaded-guava-1.1.1.jar:/home/runner/.m2/repository/com/sun/jersey/jersey-core/1.19/jersey-core-1.19.jar:/home/runner/.m2/repository/javax/ws/rs/jsr311-api/1.1.1/jsr311-api-1.1.1.jar:/home/runner/.m2/repository/com/sun/jersey/jersey-server/1.19/jersey-server-1.19.jar:/home/runner/.m2/repository/javax/servlet/javax.servlet-api/3.1.0/javax.servlet-api-3.1.0.jar:/home/runner/.m2/repository/org/eclipse/jetty/jetty-server/9.4.35.v20201120/jetty-server-9.4.35.v20201120.jar:/home/runner/.m2/repository/org/eclipse/jetty/jetty-http/9.4.35.v20201120/jetty-http-9.4.35.v20201120.jar:/home/runner/.m2/repository/org/eclipse/jetty/jetty-io/9.4.35.v20201120/jetty-io-9.4.35.v20201120.jar:/home/runner/.m2/repository/org/eclipse/jetty/jetty-webapp/9.4.35.v20201120/jetty-webapp-9.4.35.v20201120.jar:/home/runner/.m2/repository/org/eclipse/jetty/jetty-xml/9.4.35.v20201120/jetty-xml-9.4.35.v20201120.jar:/home/runner/.m2/repository/org/apache/hadoop/hadoop-common/3.3.1/hadoop-common-3.3.1.jar:/home/runner/.m2/repository/commons-net/commons-net/3.6/commons-net-3.6.jar:/home/runner/.m2/repository/jakarta/activation/jakarta.activation-api/1.2.1/jakarta.activation-api-1.2.1.jar:/home/runner/.m2/repository/com/sun/jersey/jersey-servlet/1.19/jersey-servlet-1.19.jar:/home/runner/.m2/repository/com/sun/jersey/jersey-json/1.19/jersey-json-1.19.jar:/home/runner/.m2/repository/org/codehaus/jettison/jettison/1.1/jettison-1.1.jar:/home/runner/.m2/repository/com/sun/xml/bind/jaxb-impl/2.2.3-1/jaxb-impl-2.2.3-1.jar:/home/runner/.m2/repository/org/codehaus/jackson/jackson-jaxrs/1.9.2/jackson-jaxrs-1.9.2.jar:/home/runner/.m2/repository/org/codehaus/jackson/jackson-xc/1.9.2/jackson-xc-1.9.2.jar:/home/runner/.m2/repository/org/apache/commons/commons-configuration2/2.1.1/commons-configuration2-2.1.1.jar:/home/runner/.m2/repository/org/apache/commons/commons-text/1.4/commons-text-1.4.jar:/home/runner/.m2/repository/com/google/re2j/re2j/1.1/re2j-1.1.jar:/home/runner/.m2/repository/com/jcraft/jsch/0.1.54/jsch-0.1.54.jar:/home/runner/.m2/repository/org/apache/curator/curator-client/4.2.0/curator-client-4.2.0.jar:/home/runner/.m2/repository/org/apache/curator/curator-recipes/4.2.0/curator-recipes-4.2.0.jar:/home/runner/.m2/repository/org/apache/kerby/kerb-core/1.0.1/kerb-core-1.0.1.jar:/home/runner/.m2/repository/org/apache/kerby/kerby-pkix/1.0.1/kerby-pkix-1.0.1.jar:/home/runner/.m2/repository/org/apache/kerby/kerby-asn1/1.0.1/kerby-asn1-1.0.1.jar:/home/runner/.m2/repository/org/apache/kerby/kerby-util/1.0.1/kerby-util-1.0.1.jar:/home/runner/.m2/repository/dnsjava/dnsjava/2.1.7/dnsjava-2.1.7.jar:/home/runner/.m2/repository/org/xerial/snappy/snappy-java/1.1.8.2/snappy-java-1.1.8.2.jar:/home/runner/.m2/repository/org/slf4j/jul-to-slf4j/1.7.30/jul-to-slf4j-1.7.30.jar:/home/runner/.m2/repository/org/eclipse/jetty/jetty-util/9.4.35.v20201120/jetty-util-9.4.35.v20201120.jar:/home/runner/.m2/repository/com/fasterxml/jackson/core/jackson-databind/2.12.1/jackson-databind-2.12.1.jar:/home/runner/.m2/repository/org/apache/hadoop/hadoop-kms/3.3.1/hadoop-kms-3.3.1-tests.jar:/home/runner/.m2/repository/org/apache/ozone/hdds-server-scm/1.2.0-SNAPSHOT/hdds-server-scm-1.2.0-SNAPSHOT-tests.jar:/home/runner/.m2/repository/org/apache/ozone/hdds-container-service/1.2.0-SNAPSHOT/hdds-container-service-1.2.0-SNAPSHOT-tests.jar:/home/runner/.m2/repository/commons-codec/commons-codec/1.11/commons-codec-1.11.jar:/home/runner/.m2/repository/io/netty/netty-transport/4.1.63.Final/netty-transport-4.1.63.Final.jar:/home/runner/.m2/repository/io/netty/netty-resolver/4.1.63.Final/netty-resolver-4.1.63.Final.jar:/home/runner/.m2/repository/io/netty/netty-codec/4.1.63.Final/netty-codec-4.1.63.Final.jar:/home/runner/.m2/repository/io/netty/netty-handler/4.1.63.Final/netty-handler-4.1.63.Final.jar:/home/runner/.m2/repository/org/apache/ozone/hdds-hadoop-dependency-test/1.2.0-SNAPSHOT/hdds-hadoop-dependency-test-1.2.0-SNAPSHOT.jar:/home/runner/.m2/repository/org/apache/hadoop/hadoop-common/3.3.1/hadoop-common-3.3.1-tests.jar:/home/runner/.m2/repository/org/assertj/assertj-core/3.12.2/assertj-core-3.12.2.jar:/home/runner/.m2/repository/org/apache/hadoop/hadoop-hdfs/3.3.1/hadoop-hdfs-3.3.1-tests.jar:/home/runner/.m2/repository/org/eclipse/jetty/jetty-util-ajax/9.4.35.v20201120/jetty-util-ajax-9.4.35.v20201120.jar:/home/runner/.m2/repository/commons-daemon/commons-daemon/1.0.13/commons-daemon-1.0.13.jar:/home/runner/.m2/repository/io/netty/netty/3.10.6.Final/netty-3.10.6.Final.jar:/home/runner/.m2/repository/io/netty/netty-all/4.1.63.Final/netty-all-4.1.63.Final.jar:/home/runner/.m2/repository/org/apache/htrace/htrace-core4/4.1.0-incubating/htrace-core4-4.1.0-incubating.jar:/home/runner/.m2/repository/org/fusesource/leveldbjni/leveldbjni-all/1.8/leveldbjni-all-1.8.jar:/home/runner/.m2/repository/org/apache/hadoop/hadoop-distcp/3.3.1/hadoop-distcp-3.3.1.jar:/home/runner/.m2/repository/org/apache/hadoop/hadoop-mapreduce-client-jobclient/3.3.1/hadoop-mapreduce-client-jobclient-3.3.1.jar:/home/runner/.m2/repository/org/apache/hadoop/hadoop-mapreduce-client-common/3.3.1/hadoop-mapreduce-client-common-3.3.1.jar:/home/runner/.m2/repository/org/apache/hadoop/hadoop-yarn-common/3.3.1/hadoop-yarn-common-3.3.1.jar:/home/runner/.m2/repository/org/apache/hadoop/hadoop-yarn-api/3.3.1/hadoop-yarn-api-3.3.1.jar:/home/runner/.m2/repository/com/sun/jersey/jersey-client/1.19/jersey-client-1.19.jar:/home/runner/.m2/repository/com/sun/jersey/contribs/jersey-guice/1.19/jersey-guice-1.19.jar:/home/runner/.m2/repository/com/fasterxml/jackson/jaxrs/jackson-jaxrs-json-provider/2.12.1/jackson-jaxrs-json-provider-2.12.1.jar:/home/runner/.m2/repository/com/fasterxml/jackson/jaxrs/jackson-jaxrs-base/2.12.1/jackson-jaxrs-base-2.12.1.jar:/home/runner/.m2/repository/org/apache/hadoop/hadoop-yarn-client/3.3.1/hadoop-yarn-client-3.3.1.jar:/home/runner/.m2/repository/org/eclipse/jetty/websocket/websocket-client/9.4.40.v20210413/websocket-client-9.4.40.v20210413.jar:/home/runner/.m2/repository/org/eclipse/jetty/jetty-client/9.4.40.v20210413/jetty-client-9.4.40.v20210413.jar:/home/runner/.m2/repository/org/eclipse/jetty/websocket/websocket-common/9.4.40.v20210413/websocket-common-9.4.40.v20210413.jar:/home/runner/.m2/repository/org/eclipse/jetty/websocket/websocket-api/9.4.40.v20210413/websocket-api-9.4.40.v20210413.jar:/home/runner/.m2/repository/org/jline/jline/3.9.0/jline-3.9.0.jar:/home/runner/.m2/repository/org/apache/hadoop/hadoop-mapreduce-client-core/3.3.1/hadoop-mapreduce-client-core-3.3.1.jar:/home/runner/.m2/repository/org/apache/avro/avro/1.7.7/avro-1.7.7.jar:/home/runner/.m2/repository/org/codehaus/jackson/jackson-core-asl/1.9.13/jackson-core-asl-1.9.13.jar:/home/runner/.m2/repository/org/codehaus/jackson/jackson-mapper-asl/1.9.13/jackson-mapper-asl-1.9.13.jar:/home/runner/.m2/repository/com/thoughtworks/paranamer/paranamer/2.3/paranamer-2.3.jar:/home/runner/.m2/repository/org/apache/hadoop/hadoop-annotations/3.3.1/hadoop-annotations-3.3.1.jar:/usr/lib/jvm/adoptopenjdk-8-hotspot-amd64/jre/../lib/tools.jar:/home/runner/.m2/repository/org/apache/hadoop/hadoop-distcp/3.3.1/hadoop-distcp-3.3.1-tests.jar:"/>
    <property name="java.vm.vendor" value="AdoptOpenJDK"/>
    <property name="sun.arch.data.model" value="64"/>
    <property name="test.build.dir" value="/home/runner/work/ozone/ozone/mnt/ozone/hadoop-ozone/integration-test/target/test-dir"/>
    <property name="test.cache.data" value=""/>
    <property name="java.vendor.url" value="https://adoptopenjdk.net/"/>
    <property name="user.timezone" value=""/>
    <property name="java.vm.specification.version" value="1.8"/>
    <property name="os.name" value="Linux"/>
    <property name="test.build.data" value="/home/runner/work/ozone/ozone/mnt/ozone/hadoop-ozone/integration-test/target/test-dir"/>
    <property name="sun.java.launcher" value="SUN_STANDARD"/>
    <property name="sun.boot.library.path" value="/usr/lib/jvm/adoptopenjdk-8-hotspot-amd64/jre/lib/amd64"/>
    <property name="sun.java.command" value="/home/runner/work/ozone/ozone/mnt/ozone/hadoop-ozone/integration-test/target/surefire/surefirebooter5070097156487011718.jar /home/runner/work/ozone/ozone/mnt/ozone/hadoop-ozone/integration-test/target/surefire 2021-07-27T02-37-32_719-jvmRun1 surefire8114253519446481372tmp surefire_652266389793822448225tmp"/>
    <property name="surefire.test.class.path" value="/home/runner/work/ozone/ozone/mnt/ozone/hadoop-ozone/integration-test/target/test-classes:/home/runner/work/ozone/ozone/mnt/ozone/hadoop-ozone/integration-test/target/classes:/home/runner/.m2/repository/org/apache/ozone/ozone-common/1.2.0-SNAPSHOT/ozone-common-1.2.0-SNAPSHOT.jar:/home/runner/.m2/repository/org/apache/commons/commons-compress/1.20/commons-compress-1.20.jar:/home/runner/.m2/repository/org/apache/ozone/hdds-common/1.2.0-SNAPSHOT/hdds-common-1.2.0-SNAPSHOT.jar:/home/runner/.m2/repository/org/apache/ozone/hdds-client/1.2.0-SNAPSHOT/hdds-client-1.2.0-SNAPSHOT.jar:/home/runner/.m2/repository/org/apache/ozone/ozone-interface-client/1.2.0-SNAPSHOT/ozone-interface-client-1.2.0-SNAPSHOT.jar:/home/runner/.m2/repository/org/apache/ozone/hdds-server-framework/1.2.0-SNAPSHOT/hdds-server-framework-1.2.0-SNAPSHOT.jar:/home/runner/.m2/repository/org/apache/ozone/hdds-interface-server/1.2.0-SNAPSHOT/hdds-interface-server-1.2.0-SNAPSHOT.jar:/home/runner/.m2/repository/org/eclipse/jetty/jetty-servlet/9.4.35.v20201120/jetty-servlet-9.4.35.v20201120.jar:/home/runner/.m2/repository/org/eclipse/jetty/jetty-security/9.4.35.v20201120/jetty-security-9.4.35.v20201120.jar:/home/runner/.m2/repository/org/rocksdb/rocksdbjni/6.20.3/rocksdbjni-6.20.3.jar:/home/runner/.m2/repository/io/prometheus/simpleclient_dropwizard/0.7.0/simpleclient_dropwizard-0.7.0.jar:/home/runner/.m2/repository/io/prometheus/simpleclient/0.7.0/simpleclient-0.7.0.jar:/home/runner/.m2/repository/io/prometheus/simpleclient_common/0.7.0/simpleclient_common-0.7.0.jar:/home/runner/.m2/repository/com/fasterxml/jackson/datatype/jackson-datatype-jsr310/2.12.1/jackson-datatype-jsr310-2.12.1.jar:/home/runner/.m2/repository/org/apache/ozone/hdds-test-utils/1.2.0-SNAPSHOT/hdds-test-utils-1.2.0-SNAPSHOT.jar:/home/runner/.m2/repository/com/google/guava/guava/30.1.1-jre/guava-30.1.1-jre.jar:/home/runner/.m2/repository/com/google/guava/failureaccess/1.0.1/failureaccess-1.0.1.jar:/home/runner/.m2/repository/com/google/guava/listenablefuture/9999.0-empty-to-avoid-conflict-with-guava/listenablefuture-9999.0-empty-to-avoid-conflict-with-guava.jar:/home/runner/.m2/repository/com/google/code/findbugs/jsr305/3.0.0/jsr305-3.0.0.jar:/home/runner/.m2/repository/org/checkerframework/checker-qual/3.8.0/checker-qual-3.8.0.jar:/home/runner/.m2/repository/com/google/errorprone/error_prone_annotations/2.2.0/error_prone_annotations-2.2.0.jar:/home/runner/.m2/repository/com/google/j2objc/j2objc-annotations/1.3/j2objc-annotations-1.3.jar:/home/runner/.m2/repository/commons-io/commons-io/2.8.0/commons-io-2.8.0.jar:/home/runner/.m2/repository/commons-logging/commons-logging/1.2/commons-logging-1.2.jar:/home/runner/.m2/repository/log4j/log4j/1.2.17/log4j-1.2.17.jar:/home/runner/.m2/repository/org/slf4j/slf4j-api/1.7.30/slf4j-api-1.7.30.jar:/home/runner/.m2/repository/org/apache/ozone/hdds-server-scm/1.2.0-SNAPSHOT/hdds-server-scm-1.2.0-SNAPSHOT.jar:/home/runner/.m2/repository/org/apache/ozone/hdds-container-service/1.2.0-SNAPSHOT/hdds-container-service-1.2.0-SNAPSHOT.jar:/home/runner/.m2/repository/org/apache/ozone/hdds-hadoop-dependency-server/1.2.0-SNAPSHOT/hdds-hadoop-dependency-server-1.2.0-SNAPSHOT.jar:/home/runner/.m2/repository/org/apache/hadoop/hadoop-hdfs/3.3.1/hadoop-hdfs-3.3.1.jar:/home/runner/.m2/repository/io/dropwizard/metrics/metrics-core/3.2.4/metrics-core-3.2.4.jar:/home/runner/.m2/repository/org/apache/hadoop/hadoop-hdfs-client/3.3.1/hadoop-hdfs-client-3.3.1.jar:/home/runner/.m2/repository/org/bouncycastle/bcprov-jdk15on/1.67/bcprov-jdk15on-1.67.jar:/home/runner/.m2/repository/com/google/protobuf/protobuf-java/2.5.0/protobuf-java-2.5.0.jar:/home/runner/.m2/repository/org/apache/ozone/ozone-manager/1.2.0-SNAPSHOT/ozone-manager-1.2.0-SNAPSHOT.jar:/home/runner/.m2/repository/org/aspectj/aspectjrt/1.8.9/aspectjrt-1.8.9.jar:/home/runner/.m2/repository/org/aspectj/aspectjweaver/1.8.9/aspectjweaver-1.8.9.jar:/home/runner/.m2/repository/org/apache/ozone/hdds-interface-client/1.2.0-SNAPSHOT/hdds-interface-client-1.2.0-SNAPSHOT.jar:/home/runner/.m2/repository/org/apache/hadoop/thirdparty/hadoop-shaded-protobuf_3_7/1.1.1/hadoop-shaded-protobuf_3_7-1.1.1.jar:/home/runner/.m2/repository/org/apache/ratis/ratis-thirdparty-misc/0.7.0/ratis-thirdparty-misc-0.7.0.jar:/home/runner/.m2/repository/org/apache/ozone/ozone-interface-storage/1.2.0-SNAPSHOT/ozone-interface-storage-1.2.0-SNAPSHOT.jar:/home/runner/.m2/repository/org/reflections/reflections/0.9.11/reflections-0.9.11.jar:/home/runner/.m2/repository/org/apache/hadoop/hadoop-minikdc/3.3.1/hadoop-minikdc-3.3.1.jar:/home/runner/.m2/repository/org/apache/kerby/kerb-simplekdc/1.0.1/kerb-simplekdc-1.0.1.jar:/home/runner/.m2/repository/org/apache/kerby/kerb-client/1.0.1/kerb-client-1.0.1.jar:/home/runner/.m2/repository/org/apache/kerby/kerby-config/1.0.1/kerby-config-1.0.1.jar:/home/runner/.m2/repository/org/apache/kerby/kerb-common/1.0.1/kerb-common-1.0.1.jar:/home/runner/.m2/repository/org/apache/kerby/kerb-crypto/1.0.1/kerb-crypto-1.0.1.jar:/home/runner/.m2/repository/org/apache/kerby/kerb-util/1.0.1/kerb-util-1.0.1.jar:/home/runner/.m2/repository/org/apache/kerby/token-provider/1.0.1/token-provider-1.0.1.jar:/home/runner/.m2/repository/org/apache/kerby/kerb-admin/1.0.1/kerb-admin-1.0.1.jar:/home/runner/.m2/repository/org/apache/kerby/kerb-server/1.0.1/kerb-server-1.0.1.jar:/home/runner/.m2/repository/org/apache/kerby/kerb-identity/1.0.1/kerb-identity-1.0.1.jar:/home/runner/.m2/repository/org/apache/kerby/kerby-xdr/1.0.1/kerby-xdr-1.0.1.jar:/home/runner/.m2/repository/org/slf4j/slf4j-log4j12/1.7.30/slf4j-log4j12-1.7.30.jar:/home/runner/.m2/repository/org/apache/ozone/ozone-s3gateway/1.2.0-SNAPSHOT/ozone-s3gateway-1.2.0-SNAPSHOT.jar:/home/runner/.m2/repository/org/javassist/javassist/3.21.0-GA/javassist-3.21.0-GA.jar:/home/runner/.m2/repository/org/jboss/weld/servlet/weld-servlet/2.4.7.Final/weld-servlet-2.4.7.Final.jar:/home/runner/.m2/repository/org/glassfish/jersey/containers/jersey-container-servlet-core/2.33/jersey-container-servlet-core-2.33.jar:/home/runner/.m2/repository/org/glassfish/hk2/external/jakarta.inject/2.6.1/jakarta.inject-2.6.1.jar:/home/runner/.m2/repository/org/glassfish/jersey/core/jersey-common/2.33/jersey-common-2.33.jar:/home/runner/.m2/repository/jakarta/ws/rs/jakarta.ws.rs-api/2.1.6/jakarta.ws.rs-api-2.1.6.jar:/home/runner/.m2/repository/org/glassfish/jersey/ext/cdi/jersey-cdi1x/2.33/jersey-cdi1x-2.33.jar:/home/runner/.m2/repository/org/glassfish/jersey/inject/jersey-hk2/2.33/jersey-hk2-2.33.jar:/home/runner/.m2/repository/org/glassfish/hk2/hk2-locator/2.6.1/hk2-locator-2.6.1.jar:/home/runner/.m2/repository/org/glassfish/jersey/media/jersey-media-jaxb/2.33/jersey-media-jaxb-2.33.jar:/home/runner/.m2/repository/org/glassfish/hk2/osgi-resource-locator/1.0.3/osgi-resource-locator-1.0.3.jar:/home/runner/.m2/repository/org/glassfish/hk2/hk2-api/2.5.0/hk2-api-2.5.0.jar:/home/runner/.m2/repository/org/glassfish/hk2/hk2-utils/2.5.0/hk2-utils-2.5.0.jar:/home/runner/.m2/repository/org/glassfish/hk2/external/aopalliance-repackaged/2.5.0/aopalliance-repackaged-2.5.0.jar:/home/runner/.m2/repository/com/fasterxml/jackson/dataformat/jackson-dataformat-xml/2.12.1/jackson-dataformat-xml-2.12.1.jar:/home/runner/.m2/repository/com/fasterxml/jackson/core/jackson-core/2.12.1/jackson-core-2.12.1.jar:/home/runner/.m2/repository/com/fasterxml/jackson/module/jackson-module-jaxb-annotations/2.12.1/jackson-module-jaxb-annotations-2.12.1.jar:/home/runner/.m2/repository/jakarta/xml/bind/jakarta.xml.bind-api/2.3.2/jakarta.xml.bind-api-2.3.2.jar:/home/runner/.m2/repository/org/codehaus/woodstox/stax2-api/3.1.4/stax2-api-3.1.4.jar:/home/runner/.m2/repository/com/fasterxml/woodstox/woodstox-core/5.0.3/woodstox-core-5.0.3.jar:/home/runner/.m2/repository/javax/enterprise/cdi-api/1.2/cdi-api-1.2.jar:/home/runner/.m2/repository/javax/el/javax.el-api/3.0.0/javax.el-api-3.0.0.jar:/home/runner/.m2/repository/javax/interceptor/javax.interceptor-api/1.2/javax.interceptor-api-1.2.jar:/home/runner/.m2/repository/javax/inject/javax.inject/1/javax.inject-1.jar:/home/runner/.m2/repository/javax/xml/bind/jaxb-api/2.3.0/jaxb-api-2.3.0.jar:/home/runner/.m2/repository/org/glassfish/jaxb/jaxb-runtime/2.3.0.1/jaxb-runtime-2.3.0.1.jar:/home/runner/.m2/repository/org/glassfish/jaxb/jaxb-core/2.3.0.1/jaxb-core-2.3.0.1.jar:/home/runner/.m2/repository/org/glassfish/jaxb/txw2/2.3.0.1/txw2-2.3.0.1.jar:/home/runner/.m2/repository/com/sun/istack/istack-commons-runtime/3.0.5/istack-commons-runtime-3.0.5.jar:/home/runner/.m2/repository/org/jvnet/staxex/stax-ex/1.7.8/stax-ex-1.7.8.jar:/home/runner/.m2/repository/com/sun/xml/fastinfoset/FastInfoset/1.2.13/FastInfoset-1.2.13.jar:/home/runner/.m2/repository/javax/activation/activation/1.1.1/activation-1.1.1.jar:/home/runner/.m2/repository/org/apache/ozone/ozone-csi/1.2.0-SNAPSHOT/ozone-csi-1.2.0-SNAPSHOT.jar:/home/runner/.m2/repository/com/google/protobuf/protobuf-java-util/3.12.0/protobuf-java-util-3.12.0.jar:/home/runner/.m2/repository/com/google/code/gson/gson/2.2.4/gson-2.2.4.jar:/home/runner/.m2/repository/org/apache/ozone/hdds-config/1.2.0-SNAPSHOT/hdds-config-1.2.0-SNAPSHOT.jar:/home/runner/.m2/repository/io/grpc/grpc-netty/1.33.0/grpc-netty-1.33.0.jar:/home/runner/.m2/repository/io/grpc/grpc-core/1.33.0/grpc-core-1.33.0.jar:/home/runner/.m2/repository/com/google/android/annotations/4.1.1.4/annotations-4.1.1.4.jar:/home/runner/.m2/repository/io/netty/netty-codec-http2/4.1.63.Final/netty-codec-http2-4.1.63.Final.jar:/home/runner/.m2/repository/io/netty/netty-codec-http/4.1.63.Final/netty-codec-http-4.1.63.Final.jar:/home/runner/.m2/repository/io/netty/netty-handler-proxy/4.1.63.Final/netty-handler-proxy-4.1.63.Final.jar:/home/runner/.m2/repository/io/netty/netty-codec-socks/4.1.63.Final/netty-codec-socks-4.1.63.Final.jar:/home/runner/.m2/repository/io/perfmark/perfmark-api/0.19.0/perfmark-api-0.19.0.jar:/home/runner/.m2/repository/org/codehaus/mojo/animal-sniffer-annotations/1.18/animal-sniffer-annotations-1.18.jar:/home/runner/.m2/repository/io/netty/netty-transport-native-epoll/4.1.63.Final/netty-transport-native-epoll-4.1.63.Final.jar:/home/runner/.m2/repository/io/netty/netty-common/4.1.63.Final/netty-common-4.1.63.Final.jar:/home/runner/.m2/repository/io/netty/netty-buffer/4.1.63.Final/netty-buffer-4.1.63.Final.jar:/home/runner/.m2/repository/io/netty/netty-transport-native-unix-common/4.1.63.Final/netty-transport-native-unix-common-4.1.63.Final.jar:/home/runner/.m2/repository/io/grpc/grpc-protobuf/1.33.0/grpc-protobuf-1.33.0.jar:/home/runner/.m2/repository/io/grpc/grpc-api/1.33.0/grpc-api-1.33.0.jar:/home/runner/.m2/repository/io/grpc/grpc-context/1.33.0/grpc-context-1.33.0.jar:/home/runner/.m2/repository/com/google/api/grpc/proto-google-common-protos/1.17.0/proto-google-common-protos-1.17.0.jar:/home/runner/.m2/repository/io/grpc/grpc-protobuf-lite/1.33.0/grpc-protobuf-lite-1.33.0.jar:/home/runner/.m2/repository/io/grpc/grpc-stub/1.33.0/grpc-stub-1.33.0.jar:/home/runner/.m2/repository/org/apache/ozone/ozone-recon/1.2.0-SNAPSHOT/ozone-recon-1.2.0-SNAPSHOT.jar:/home/runner/.m2/repository/org/apache/ozone/ozone-reconcodegen/1.2.0-SNAPSHOT/ozone-reconcodegen-1.2.0-SNAPSHOT.jar:/home/runner/.m2/repository/com/google/inject/extensions/guice-multibindings/4.0/guice-multibindings-4.0.jar:/home/runner/.m2/repository/com/google/inject/guice/4.0/guice-4.0.jar:/home/runner/.m2/repository/aopalliance/aopalliance/1.0/aopalliance-1.0.jar:/home/runner/.m2/repository/com/google/inject/extensions/guice-assistedinject/4.0/guice-assistedinject-4.0.jar:/home/runner/.m2/repository/com/google/inject/extensions/guice-servlet/4.0/guice-servlet-4.0.jar:/home/runner/.m2/repository/org/glassfish/jersey/containers/jersey-container-servlet/2.33/jersey-container-servlet-2.33.jar:/home/runner/.m2/repository/org/glassfish/hk2/guice-bridge/2.5.0/guice-bridge-2.5.0.jar:/home/runner/.m2/repository/org/glassfish/jersey/core/jersey-server/2.33/jersey-server-2.33.jar:/home/runner/.m2/repository/org/glassfish/jersey/core/jersey-client/2.33/jersey-client-2.33.jar:/home/runner/.m2/repository/jakarta/annotation/jakarta.annotation-api/1.3.5/jakarta.annotation-api-1.3.5.jar:/home/runner/.m2/repository/jakarta/validation/jakarta.validation-api/2.0.2/jakarta.validation-api-2.0.2.jar:/home/runner/.m2/repository/org/glassfish/jersey/media/jersey-media-json-jackson/2.33/jersey-media-json-jackson-2.33.jar:/home/runner/.m2/repository/org/glassfish/jersey/ext/jersey-entity-filtering/2.33/jersey-entity-filtering-2.33.jar:/home/runner/.m2/repository/org/jooq/jooq/3.11.10/jooq-3.11.10.jar:/home/runner/.m2/repository/org/jooq/jooq-meta/3.11.10/jooq-meta-3.11.10.jar:/home/runner/.m2/repository/org/jooq/jooq-codegen/3.11.10/jooq-codegen-3.11.10.jar:/home/runner/.m2/repository/com/jolbox/bonecp/0.8.0.RELEASE/bonecp-0.8.0.RELEASE.jar:/home/runner/.m2/repository/org/apache/derby/derby/10.14.2.0/derby-10.14.2.0.jar:/home/runner/.m2/repository/org/xerial/sqlite-jdbc/3.25.2/sqlite-jdbc-3.25.2.jar:/home/runner/.m2/repository/org/springframework/spring-jdbc/5.2.11.RELEASE/spring-jdbc-5.2.11.RELEASE.jar:/home/runner/.m2/repository/org/springframework/spring-beans/5.2.11.RELEASE/spring-beans-5.2.11.RELEASE.jar:/home/runner/.m2/repository/org/springframework/spring-core/5.2.11.RELEASE/spring-core-5.2.11.RELEASE.jar:/home/runner/.m2/repository/org/springframework/spring-jcl/5.2.11.RELEASE/spring-jcl-5.2.11.RELEASE.jar:/home/runner/.m2/repository/org/springframework/spring-tx/5.2.11.RELEASE/spring-tx-5.2.11.RELEASE.jar:/home/runner/.m2/repository/org/apache/ozone/ozone-client/1.2.0-SNAPSHOT/ozone-client-1.2.0-SNAPSHOT.jar:/home/runner/.m2/repository/org/apache/ozone/ozone-filesystem/1.2.0-SNAPSHOT/ozone-filesystem-1.2.0-SNAPSHOT.jar:/home/runner/.m2/repository/org/apache/ozone/ozone-filesystem-common/1.2.0-SNAPSHOT/ozone-filesystem-common-1.2.0-SNAPSHOT.jar:/home/runner/.m2/repository/org/apache/ozone/ozone-tools/1.2.0-SNAPSHOT/ozone-tools-1.2.0-SNAPSHOT.jar:/home/runner/.m2/repository/org/apache/ratis/ratis-tools/2.1.0/ratis-tools-2.1.0.jar:/home/runner/.m2/repository/org/apache/ratis/ratis-proto/2.1.0/ratis-proto-2.1.0.jar:/home/runner/.m2/repository/org/apache/ratis/ratis-common/2.1.0/ratis-common-2.1.0.jar:/home/runner/.m2/repository/com/amazonaws/aws-java-sdk-core/1.11.901/aws-java-sdk-core-1.11.901.jar:/home/runner/.m2/repository/org/apache/httpcomponents/httpclient/4.5.13/httpclient-4.5.13.jar:/home/runner/.m2/repository/org/apache/httpcomponents/httpcore/4.4.13/httpcore-4.4.13.jar:/home/runner/.m2/repository/software/amazon/ion/ion-java/1.0.2/ion-java-1.0.2.jar:/home/runner/.m2/repository/com/fasterxml/jackson/dataformat/jackson-dataformat-cbor/2.12.1/jackson-dataformat-cbor-2.12.1.jar:/home/runner/.m2/repository/joda-time/joda-time/2.8.1/joda-time-2.8.1.jar:/home/runner/.m2/repository/com/amazonaws/aws-java-sdk-s3/1.11.901/aws-java-sdk-s3-1.11.901.jar:/home/runner/.m2/repository/com/amazonaws/aws-java-sdk-kms/1.11.901/aws-java-sdk-kms-1.11.901.jar:/home/runner/.m2/repository/com/amazonaws/jmespath-java/1.11.901/jmespath-java-1.11.901.jar:/home/runner/.m2/repository/org/kohsuke/metainf-services/metainf-services/1.8/metainf-services-1.8.jar:/home/runner/.m2/repository/org/apache/ozone/hdds-tools/1.2.0-SNAPSHOT/hdds-tools-1.2.0-SNAPSHOT.jar:/home/runner/.m2/repository/commons-cli/commons-cli/1.2/commons-cli-1.2.jar:/home/runner/.m2/repository/org/apache/commons/commons-lang3/3.7/commons-lang3-3.7.jar:/home/runner/.m2/repository/org/apache/ozone/ozone-manager/1.2.0-SNAPSHOT/ozone-manager-1.2.0-SNAPSHOT-tests.jar:/home/runner/.m2/repository/org/apache/ozone/hdds-common/1.2.0-SNAPSHOT/hdds-common-1.2.0-SNAPSHOT-tests.jar:/home/runner/.m2/repository/org/apache/ozone/hdds-hadoop-dependency-client/1.2.0-SNAPSHOT/hdds-hadoop-dependency-client-1.2.0-SNAPSHOT.jar:/home/runner/.m2/repository/info/picocli/picocli/4.4.0/picocli-4.4.0.jar:/home/runner/.m2/repository/com/fasterxml/jackson/core/jackson-annotations/2.12.1/jackson-annotations-2.12.1.jar:/home/runner/.m2/repository/javax/annotation/javax.annotation-api/1.2/javax.annotation-api-1.2.jar:/home/runner/.m2/repository/org/apache/ratis/ratis-server/2.1.0/ratis-server-2.1.0.jar:/home/runner/.m2/repository/org/apache/ratis/ratis-client/2.1.0/ratis-client-2.1.0.jar:/home/runner/.m2/repository/org/apache/ratis/ratis-server-api/2.1.0/ratis-server-api-2.1.0.jar:/home/runner/.m2/repository/org/apache/ratis/ratis-metrics/2.1.0/ratis-metrics-2.1.0.jar:/home/runner/.m2/repository/org/apache/ratis/ratis-netty/2.1.0/ratis-netty-2.1.0.jar:/home/runner/.m2/repository/org/apache/ratis/ratis-grpc/2.1.0/ratis-grpc-2.1.0.jar:/home/runner/.m2/repository/org/apache/logging/log4j/log4j-api/2.13.3/log4j-api-2.13.3.jar:/home/runner/.m2/repository/org/apache/logging/log4j/log4j-core/2.13.3/log4j-core-2.13.3.jar:/home/runner/.m2/repository/com/lmax/disruptor/3.4.2/disruptor-3.4.2.jar:/home/runner/.m2/repository/org/apache/commons/commons-pool2/2.6.0/commons-pool2-2.6.0.jar:/home/runner/.m2/repository/org/bouncycastle/bcpkix-jdk15on/1.67/bcpkix-jdk15on-1.67.jar:/home/runner/.m2/repository/commons-validator/commons-validator/1.6/commons-validator-1.6.jar:/home/runner/.m2/repository/commons-beanutils/commons-beanutils/1.9.4/commons-beanutils-1.9.4.jar:/home/runner/.m2/repository/commons-digester/commons-digester/1.8.1/commons-digester-1.8.1.jar:/home/runner/.m2/repository/commons-collections/commons-collections/3.2.2/commons-collections-3.2.2.jar:/home/runner/.m2/repository/io/jaegertracing/jaeger-client/1.6.0/jaeger-client-1.6.0.jar:/home/runner/.m2/repository/io/jaegertracing/jaeger-thrift/1.6.0/jaeger-thrift-1.6.0.jar:/home/runner/.m2/repository/org/apache/thrift/libthrift/0.14.1/libthrift-0.14.1.jar:/home/runner/.m2/repository/com/squareup/okhttp3/okhttp/4.9.0/okhttp-4.9.0.jar:/home/runner/.m2/repository/com/squareup/okio/okio/2.8.0/okio-2.8.0.jar:/home/runner/.m2/repository/io/jaegertracing/jaeger-core/1.6.0/jaeger-core-1.6.0.jar:/home/runner/.m2/repository/io/jaegertracing/jaeger-tracerresolver/1.6.0/jaeger-tracerresolver-1.6.0.jar:/home/runner/.m2/repository/io/opentracing/contrib/opentracing-tracerresolver/0.1.8/opentracing-tracerresolver-0.1.8.jar:/home/runner/.m2/repository/org/jetbrains/kotlin/kotlin-stdlib/1.4.31/kotlin-stdlib-1.4.31.jar:/home/runner/.m2/repository/org/jetbrains/kotlin/kotlin-stdlib-common/1.4.31/kotlin-stdlib-common-1.4.31.jar:/home/runner/.m2/repository/org/jetbrains/annotations/13.0/annotations-13.0.jar:/home/runner/.m2/repository/io/opentracing/opentracing-util/0.33.0/opentracing-util-0.33.0.jar:/home/runner/.m2/repository/io/opentracing/opentracing-api/0.33.0/opentracing-api-0.33.0.jar:/home/runner/.m2/repository/io/opentracing/opentracing-noop/0.33.0/opentracing-noop-0.33.0.jar:/home/runner/.m2/repository/org/yaml/snakeyaml/1.26/snakeyaml-1.26.jar:/home/runner/.m2/repository/org/apache/ozone/hdds-interface-admin/1.2.0-SNAPSHOT/hdds-interface-admin-1.2.0-SNAPSHOT.jar:/home/runner/.m2/repository/junit/junit/4.13.1/junit-4.13.1.jar:/home/runner/.m2/repository/org/hamcrest/hamcrest-core/1.3/hamcrest-core-1.3.jar:/home/runner/.m2/repository/org/junit/jupiter/junit-jupiter-api/5.7.0/junit-jupiter-api-5.7.0.jar:/home/runner/.m2/repository/org/apiguardian/apiguardian-api/1.1.0/apiguardian-api-1.1.0.jar:/home/runner/.m2/repository/org/opentest4j/opentest4j/1.2.0/opentest4j-1.2.0.jar:/home/runner/.m2/repository/org/junit/platform/junit-platform-commons/1.7.0/junit-platform-commons-1.7.0.jar:/home/runner/.m2/repository/org/junit/jupiter/junit-jupiter-engine/5.7.0/junit-jupiter-engine-5.7.0.jar:/home/runner/.m2/repository/org/junit/platform/junit-platform-engine/1.7.0/junit-platform-engine-1.7.0.jar:/home/runner/.m2/repository/org/junit/vintage/junit-vintage-engine/5.7.0/junit-vintage-engine-5.7.0.jar:/home/runner/.m2/repository/org/junit/platform/junit-platform-launcher/1.7.0/junit-platform-launcher-1.7.0.jar:/home/runner/.m2/repository/org/openjdk/jmh/jmh-core/1.19/jmh-core-1.19.jar:/home/runner/.m2/repository/net/sf/jopt-simple/jopt-simple/4.6/jopt-simple-4.6.jar:/home/runner/.m2/repository/org/apache/commons/commons-math3/3.1.1/commons-math3-3.1.1.jar:/home/runner/.m2/repository/org/openjdk/jmh/jmh-generator-annprocess/1.19/jmh-generator-annprocess-1.19.jar:/home/runner/.m2/repository/org/mockito/mockito-core/2.28.2/mockito-core-2.28.2.jar:/home/runner/.m2/repository/net/bytebuddy/byte-buddy/1.9.10/byte-buddy-1.9.10.jar:/home/runner/.m2/repository/net/bytebuddy/byte-buddy-agent/1.9.10/byte-buddy-agent-1.9.10.jar:/home/runner/.m2/repository/org/objenesis/objenesis/1.0/objenesis-1.0.jar:/home/runner/.m2/repository/org/apache/hadoop/hadoop-kms/3.3.1/hadoop-kms-3.3.1.jar:/home/runner/.m2/repository/org/apache/hadoop/hadoop-auth/3.3.1/hadoop-auth-3.3.1.jar:/home/runner/.m2/repository/com/nimbusds/nimbus-jose-jwt/7.9/nimbus-jose-jwt-7.9.jar:/home/runner/.m2/repository/com/github/stephenc/jcip/jcip-annotations/1.0-1/jcip-annotations-1.0-1.jar:/home/runner/.m2/repository/net/minidev/json-smart/2.3/json-smart-2.3.jar:/home/runner/.m2/repository/net/minidev/accessors-smart/1.2/accessors-smart-1.2.jar:/home/runner/.m2/repository/org/ow2/asm/asm/5.0.4/asm-5.0.4.jar:/home/runner/.m2/repository/org/apache/zookeeper/zookeeper/3.5.6/zookeeper-3.5.6.jar:/home/runner/.m2/repository/org/apache/zookeeper/zookeeper-jute/3.5.6/zookeeper-jute-3.5.6.jar:/home/runner/.m2/repository/org/apache/yetus/audience-annotations/0.5.0/audience-annotations-0.5.0.jar:/home/runner/.m2/repository/org/apache/curator/curator-framework/4.2.0/curator-framework-4.2.0.jar:/home/runner/.m2/repository/org/apache/hadoop/thirdparty/hadoop-shaded-guava/1.1.1/hadoop-shaded-guava-1.1.1.jar:/home/runner/.m2/repository/com/sun/jersey/jersey-core/1.19/jersey-core-1.19.jar:/home/runner/.m2/repository/javax/ws/rs/jsr311-api/1.1.1/jsr311-api-1.1.1.jar:/home/runner/.m2/repository/com/sun/jersey/jersey-server/1.19/jersey-server-1.19.jar:/home/runner/.m2/repository/javax/servlet/javax.servlet-api/3.1.0/javax.servlet-api-3.1.0.jar:/home/runner/.m2/repository/org/eclipse/jetty/jetty-server/9.4.35.v20201120/jetty-server-9.4.35.v20201120.jar:/home/runner/.m2/repository/org/eclipse/jetty/jetty-http/9.4.35.v20201120/jetty-http-9.4.35.v20201120.jar:/home/runner/.m2/repository/org/eclipse/jetty/jetty-io/9.4.35.v20201120/jetty-io-9.4.35.v20201120.jar:/home/runner/.m2/repository/org/eclipse/jetty/jetty-webapp/9.4.35.v20201120/jetty-webapp-9.4.35.v20201120.jar:/home/runner/.m2/repository/org/eclipse/jetty/jetty-xml/9.4.35.v20201120/jetty-xml-9.4.35.v20201120.jar:/home/runner/.m2/repository/org/apache/hadoop/hadoop-common/3.3.1/hadoop-common-3.3.1.jar:/home/runner/.m2/repository/commons-net/commons-net/3.6/commons-net-3.6.jar:/home/runner/.m2/repository/jakarta/activation/jakarta.activation-api/1.2.1/jakarta.activation-api-1.2.1.jar:/home/runner/.m2/repository/com/sun/jersey/jersey-servlet/1.19/jersey-servlet-1.19.jar:/home/runner/.m2/repository/com/sun/jersey/jersey-json/1.19/jersey-json-1.19.jar:/home/runner/.m2/repository/org/codehaus/jettison/jettison/1.1/jettison-1.1.jar:/home/runner/.m2/repository/com/sun/xml/bind/jaxb-impl/2.2.3-1/jaxb-impl-2.2.3-1.jar:/home/runner/.m2/repository/org/codehaus/jackson/jackson-jaxrs/1.9.2/jackson-jaxrs-1.9.2.jar:/home/runner/.m2/repository/org/codehaus/jackson/jackson-xc/1.9.2/jackson-xc-1.9.2.jar:/home/runner/.m2/repository/org/apache/commons/commons-configuration2/2.1.1/commons-configuration2-2.1.1.jar:/home/runner/.m2/repository/org/apache/commons/commons-text/1.4/commons-text-1.4.jar:/home/runner/.m2/repository/com/google/re2j/re2j/1.1/re2j-1.1.jar:/home/runner/.m2/repository/com/jcraft/jsch/0.1.54/jsch-0.1.54.jar:/home/runner/.m2/repository/org/apache/curator/curator-client/4.2.0/curator-client-4.2.0.jar:/home/runner/.m2/repository/org/apache/curator/curator-recipes/4.2.0/curator-recipes-4.2.0.jar:/home/runner/.m2/repository/org/apache/kerby/kerb-core/1.0.1/kerb-core-1.0.1.jar:/home/runner/.m2/repository/org/apache/kerby/kerby-pkix/1.0.1/kerby-pkix-1.0.1.jar:/home/runner/.m2/repository/org/apache/kerby/kerby-asn1/1.0.1/kerby-asn1-1.0.1.jar:/home/runner/.m2/repository/org/apache/kerby/kerby-util/1.0.1/kerby-util-1.0.1.jar:/home/runner/.m2/repository/dnsjava/dnsjava/2.1.7/dnsjava-2.1.7.jar:/home/runner/.m2/repository/org/xerial/snappy/snappy-java/1.1.8.2/snappy-java-1.1.8.2.jar:/home/runner/.m2/repository/org/slf4j/jul-to-slf4j/1.7.30/jul-to-slf4j-1.7.30.jar:/home/runner/.m2/repository/org/eclipse/jetty/jetty-util/9.4.35.v20201120/jetty-util-9.4.35.v20201120.jar:/home/runner/.m2/repository/com/fasterxml/jackson/core/jackson-databind/2.12.1/jackson-databind-2.12.1.jar:/home/runner/.m2/repository/org/apache/hadoop/hadoop-kms/3.3.1/hadoop-kms-3.3.1-tests.jar:/home/runner/.m2/repository/org/apache/ozone/hdds-server-scm/1.2.0-SNAPSHOT/hdds-server-scm-1.2.0-SNAPSHOT-tests.jar:/home/runner/.m2/repository/org/apache/ozone/hdds-container-service/1.2.0-SNAPSHOT/hdds-container-service-1.2.0-SNAPSHOT-tests.jar:/home/runner/.m2/repository/commons-codec/commons-codec/1.11/commons-codec-1.11.jar:/home/runner/.m2/repository/io/netty/netty-transport/4.1.63.Final/netty-transport-4.1.63.Final.jar:/home/runner/.m2/repository/io/netty/netty-resolver/4.1.63.Final/netty-resolver-4.1.63.Final.jar:/home/runner/.m2/repository/io/netty/netty-codec/4.1.63.Final/netty-codec-4.1.63.Final.jar:/home/runner/.m2/repository/io/netty/netty-handler/4.1.63.Final/netty-handler-4.1.63.Final.jar:/home/runner/.m2/repository/org/apache/ozone/hdds-hadoop-dependency-test/1.2.0-SNAPSHOT/hdds-hadoop-dependency-test-1.2.0-SNAPSHOT.jar:/home/runner/.m2/repository/org/apache/hadoop/hadoop-common/3.3.1/hadoop-common-3.3.1-tests.jar:/home/runner/.m2/repository/org/assertj/assertj-core/3.12.2/assertj-core-3.12.2.jar:/home/runner/.m2/repository/org/apache/hadoop/hadoop-hdfs/3.3.1/hadoop-hdfs-3.3.1-tests.jar:/home/runner/.m2/repository/org/eclipse/jetty/jetty-util-ajax/9.4.35.v20201120/jetty-util-ajax-9.4.35.v20201120.jar:/home/runner/.m2/repository/commons-daemon/commons-daemon/1.0.13/commons-daemon-1.0.13.jar:/home/runner/.m2/repository/io/netty/netty/3.10.6.Final/netty-3.10.6.Final.jar:/home/runner/.m2/repository/io/netty/netty-all/4.1.63.Final/netty-all-4.1.63.Final.jar:/home/runner/.m2/repository/org/apache/htrace/htrace-core4/4.1.0-incubating/htrace-core4-4.1.0-incubating.jar:/home/runner/.m2/repository/org/fusesource/leveldbjni/leveldbjni-all/1.8/leveldbjni-all-1.8.jar:/home/runner/.m2/repository/org/apache/hadoop/hadoop-distcp/3.3.1/hadoop-distcp-3.3.1.jar:/home/runner/.m2/repository/org/apache/hadoop/hadoop-mapreduce-client-jobclient/3.3.1/hadoop-mapreduce-client-jobclient-3.3.1.jar:/home/runner/.m2/repository/org/apache/hadoop/hadoop-mapreduce-client-common/3.3.1/hadoop-mapreduce-client-common-3.3.1.jar:/home/runner/.m2/repository/org/apache/hadoop/hadoop-yarn-common/3.3.1/hadoop-yarn-common-3.3.1.jar:/home/runner/.m2/repository/org/apache/hadoop/hadoop-yarn-api/3.3.1/hadoop-yarn-api-3.3.1.jar:/home/runner/.m2/repository/com/sun/jersey/jersey-client/1.19/jersey-client-1.19.jar:/home/runner/.m2/repository/com/sun/jersey/contribs/jersey-guice/1.19/jersey-guice-1.19.jar:/home/runner/.m2/repository/com/fasterxml/jackson/jaxrs/jackson-jaxrs-json-provider/2.12.1/jackson-jaxrs-json-provider-2.12.1.jar:/home/runner/.m2/repository/com/fasterxml/jackson/jaxrs/jackson-jaxrs-base/2.12.1/jackson-jaxrs-base-2.12.1.jar:/home/runner/.m2/repository/org/apache/hadoop/hadoop-yarn-client/3.3.1/hadoop-yarn-client-3.3.1.jar:/home/runner/.m2/repository/org/eclipse/jetty/websocket/websocket-client/9.4.40.v20210413/websocket-client-9.4.40.v20210413.jar:/home/runner/.m2/repository/org/eclipse/jetty/jetty-client/9.4.40.v20210413/jetty-client-9.4.40.v20210413.jar:/home/runner/.m2/repository/org/eclipse/jetty/websocket/websocket-common/9.4.40.v20210413/websocket-common-9.4.40.v20210413.jar:/home/runner/.m2/repository/org/eclipse/jetty/websocket/websocket-api/9.4.40.v20210413/websocket-api-9.4.40.v20210413.jar:/home/runner/.m2/repository/org/jline/jline/3.9.0/jline-3.9.0.jar:/home/runner/.m2/repository/org/apache/hadoop/hadoop-mapreduce-client-core/3.3.1/hadoop-mapreduce-client-core-3.3.1.jar:/home/runner/.m2/repository/org/apache/avro/avro/1.7.7/avro-1.7.7.jar:/home/runner/.m2/repository/org/codehaus/jackson/jackson-core-asl/1.9.13/jackson-core-asl-1.9.13.jar:/home/runner/.m2/repository/org/codehaus/jackson/jackson-mapper-asl/1.9.13/jackson-mapper-asl-1.9.13.jar:/home/runner/.m2/repository/com/thoughtworks/paranamer/paranamer/2.3/paranamer-2.3.jar:/home/runner/.m2/repository/org/apache/hadoop/hadoop-annotations/3.3.1/hadoop-annotations-3.3.1.jar:/usr/lib/jvm/adoptopenjdk-8-hotspot-amd64/jre/../lib/tools.jar:/home/runner/.m2/repository/org/apache/hadoop/hadoop-distcp/3.3.1/hadoop-distcp-3.3.1-tests.jar:"/>
    <property name="sun.cpu.endian" value="little"/>
    <property name="user.home" value="/home/runner"/>
    <property name="user.language" value="en"/>
    <property name="java.specification.vendor" value="Oracle Corporation"/>
    <property name="java.home" value="/usr/lib/jvm/adoptopenjdk-8-hotspot-amd64/jre"/>
    <property name="java.security.krb5.conf" value="/home/runner/work/ozone/ozone/mnt/ozone/hadoop-ozone/integration-test/target/test-classes/krb5.conf"/>
    <property name="basedir" value="/home/runner/work/ozone/ozone/mnt/ozone/hadoop-ozone/integration-test"/>
    <property name="file.separator" value="/"/>
    <property name="line.separator" value="&#10;"/>
    <property name="java.vm.specification.vendor" value="Oracle Corporation"/>
    <property name="java.specification.name" value="Java Platform API Specification"/>
    <property name="java.awt.graphicsenv" value="sun.awt.X11GraphicsEnvironment"/>
    <property name="skip.installnpx" value="true"/>
    <property name="surefire.real.class.path" value="/home/runner/work/ozone/ozone/mnt/ozone/hadoop-ozone/integration-test/target/surefire/surefirebooter5070097156487011718.jar:/home/runner/.m2/repository/org/jacoco/org.jacoco.agent/0.8.5/org.jacoco.agent-0.8.5-runtime.jar"/>
    <property name="hadoop.log.dir" value="/home/runner/work/ozone/ozone/mnt/ozone/hadoop-ozone/integration-test/target/log"/>
    <property name="sun.boot.class.path" value="/usr/lib/jvm/adoptopenjdk-8-hotspot-amd64/jre/lib/resources.jar:/usr/lib/jvm/adoptopenjdk-8-hotspot-amd64/jre/lib/rt.jar:/usr/lib/jvm/adoptopenjdk-8-hotspot-amd64/jre/lib/sunrsasign.jar:/usr/lib/jvm/adoptopenjdk-8-hotspot-amd64/jre/lib/jsse.jar:/usr/lib/jvm/adoptopenjdk-8-hotspot-amd64/jre/lib/jce.jar:/usr/lib/jvm/adoptopenjdk-8-hotspot-amd64/jre/lib/charsets.jar:/usr/lib/jvm/adoptopenjdk-8-hotspot-amd64/jre/lib/jfr.jar:/usr/lib/jvm/adoptopenjdk-8-hotspot-amd64/jre/classes"/>
    <property name="sun.management.compiler" value="HotSpot 64-Bit Tiered Compilers"/>
    <property name="skip.npx" value="true"/>
    <property name="java.runtime.version" value="1.8.0_292-b10"/>
    <property name="java.net.preferIPv4Stack" value="true"/>
    <property name="user.name" value="runner"/>
    <property name="path.separator" value=":"/>
    <property name="java.security.egd" value="file:///dev/urandom"/>
    <property name="os.version" value="5.4.0-1051-azure"/>
    <property name="java.endorsed.dirs" value="/usr/lib/jvm/adoptopenjdk-8-hotspot-amd64/jre/lib/endorsed"/>
    <property name="java.runtime.name" value="OpenJDK Runtime Environment"/>
    <property name="file.encoding" value="UTF-8"/>
    <property name="java.vm.name" value="OpenJDK 64-Bit Server VM"/>
    <property name="test.build.webapps" value=""/>
    <property name="localRepository" value="/home/runner/.m2/repository"/>
    <property name="java.vendor.url.bug" value="https://github.com/AdoptOpenJDK/openjdk-support/issues"/>
    <property name="java.io.tmpdir" value="/tmp"/>
    <property name="require.test.libhadoop" value=""/>
    <property name="java.version" value="1.8.0_292"/>
    <property name="user.dir" value="/home/runner/work/ozone/ozone/mnt/ozone/hadoop-ozone/integration-test"/>
    <property name="os.arch" value="amd64"/>
    <property name="java.vm.specification.name" value="Java Virtual Machine Specification"/>
    <property name="test.build.classes" value="/home/runner/work/ozone/ozone/mnt/ozone/hadoop-ozone/integration-test/target/test-classes"/>
    <property name="java.awt.printerjob" value="sun.print.PSPrinterJob"/>
    <property name="sun.os.patch.level" value="unknown"/>
    <property name="hadoop.tmp.dir" value="/home/runner/work/ozone/ozone/mnt/ozone/hadoop-ozone/integration-test/target/tmp"/>
    <property name="java.library.path" value="/usr/java/packages/lib/amd64:/usr/lib64:/lib64:/lib:/usr/lib"/>
    <property name="java.vm.info" value="mixed mode"/>
    <property name="java.vendor" value="AdoptOpenJDK"/>
    <property name="java.vm.version" value="25.292-b10"/>
    <property name="java.ext.dirs" value="/usr/lib/jvm/adoptopenjdk-8-hotspot-amd64/jre/lib/ext:/usr/java/packages/lib/ext"/>
    <property name="sun.io.unicode.encoding" value="UnicodeLittle"/>
    <property name="java.class.version" value="52.0"/>
  </properties>
  <testcase name="testBootstrapTwoNewOMs" classname="org.apache.hadoop.ozone.om.TestOzoneManagerBootstrap" time="42.594">
    <error message="Failed init RocksDB, db path : /home/runner/work/ozone/ozone/mnt/ozone/hadoop-ozone/integration-test/target/test-dir/MiniOzoneClusterImpl-b10bafd4-cc06-4e81-8a2f-dfe27fd2d808/omNode-bootstrap-1/om.db, exception :org.rocksdb.RocksDBException lock hold by current process, acquire time 1627358058 acquiring thread 139856704788224: /home/runner/work/ozone/ozone/mnt/ozone/hadoop-ozone/integration-test/target/test-dir/MiniOzoneClusterImpl-b10bafd4-cc06-4e81-8a2f-dfe27fd2d808/omNode-bootstrap-1/om.db/LOCK: No locks available; status : IOError; message : lock hold by current process, acquire time 1627358058 acquiring thread 139856704788224: /home/runner/work/ozone/ozone/mnt/ozone/hadoop-ozone/integration-test/target/test-dir/MiniOzoneClusterImpl-b10bafd4-cc06-4e81-8a2f-dfe27fd2d808/omNode-bootstrap-1/om.db/LOCK: No locks available" type="java.io.IOException"><![CDATA[java.io.IOException: Failed init RocksDB, db path : /home/runner/work/ozone/ozone/mnt/ozone/hadoop-ozone/integration-test/target/test-dir/MiniOzoneClusterImpl-b10bafd4-cc06-4e81-8a2f-dfe27fd2d808/omNode-bootstrap-1/om.db, exception :org.rocksdb.RocksDBException lock hold by current process, acquire time 1627358058 acquiring thread 139856704788224: /home/runner/work/ozone/ozone/mnt/ozone/hadoop-ozone/integration-test/target/test-dir/MiniOzoneClusterImpl-b10bafd4-cc06-4e81-8a2f-dfe27fd2d808/omNode-bootstrap-1/om.db/LOCK: No locks available; status : IOError; message : lock hold by current process, acquire time 1627358058 acquiring thread 139856704788224: /home/runner/work/ozone/ozone/mnt/ozone/hadoop-ozone/integration-test/target/test-dir/MiniOzoneClusterImpl-b10bafd4-cc06-4e81-8a2f-dfe27fd2d808/omNode-bootstrap-1/om.db/LOCK: No locks available
	at org.apache.hadoop.hdds.utils.HddsServerUtil.toIOException(HddsServerUtil.java:564)
	at org.apache.hadoop.hdds.utils.db.RDBStore.<init>(RDBStore.java:163)
	at org.apache.hadoop.hdds.utils.db.DBStoreBuilder.build(DBStoreBuilder.java:191)
	at org.apache.hadoop.ozone.om.OmMetadataManagerImpl.loadDB(OmMetadataManagerImpl.java:392)
	at org.apache.hadoop.ozone.om.OmMetadataManagerImpl.loadDB(OmMetadataManagerImpl.java:382)
	at org.apache.hadoop.ozone.om.OmMetadataManagerImpl.start(OmMetadataManagerImpl.java:374)
	at org.apache.hadoop.ozone.om.OmMetadataManagerImpl.<init>(OmMetadataManagerImpl.java:246)
	at org.apache.hadoop.ozone.om.OzoneManager.instantiateServices(OzoneManager.java:579)
	at org.apache.hadoop.ozone.om.OzoneManager.<init>(OzoneManager.java:503)
	at org.apache.hadoop.ozone.om.OzoneManager.createOm(OzoneManager.java:550)
	at org.apache.hadoop.ozone.MiniOzoneHAClusterImpl.bootstrapNewOM(MiniOzoneHAClusterImpl.java:791)
	at org.apache.hadoop.ozone.MiniOzoneHAClusterImpl.bootstrapOzoneManager(MiniOzoneHAClusterImpl.java:706)
	at org.apache.hadoop.ozone.om.TestOzoneManagerBootstrap.testBootstrapOMs(TestOzoneManagerBootstrap.java:156)
	at org.apache.hadoop.ozone.om.TestOzoneManagerBootstrap.testBootstrapTwoNewOMs(TestOzoneManagerBootstrap.java:180)
	at sun.reflect.NativeMethodAccessorImpl.invoke0(Native Method)
	at sun.reflect.NativeMethodAccessorImpl.invoke(NativeMethodAccessorImpl.java:62)
	at sun.reflect.DelegatingMethodAccessorImpl.invoke(DelegatingMethodAccessorImpl.java:43)
	at java.lang.reflect.Method.invoke(Method.java:498)
	at org.junit.runners.model.FrameworkMethod$1.runReflectiveCall(FrameworkMethod.java:59)
	at org.junit.internal.runners.model.ReflectiveCallable.run(ReflectiveCallable.java:12)
	at org.junit.runners.model.FrameworkMethod.invokeExplosively(FrameworkMethod.java:56)
	at org.junit.internal.runners.statements.InvokeMethod.evaluate(InvokeMethod.java:17)
	at org.junit.internal.runners.statements.RunAfters.evaluate(RunAfters.java:27)
	at org.junit.rules.ExpectedException$ExpectedExceptionStatement.evaluate(ExpectedException.java:258)
	at org.junit.internal.runners.statements.FailOnTimeout$CallableStatement.call(FailOnTimeout.java:288)
	at org.junit.internal.runners.statements.FailOnTimeout$CallableStatement.call(FailOnTimeout.java:282)
	at java.util.concurrent.FutureTask.run(FutureTask.java:266)
	at java.lang.Thread.run(Thread.java:748)
Caused by: org.rocksdb.RocksDBException: lock hold by current process, acquire time 1627358058 acquiring thread 139856704788224: /home/runner/work/ozone/ozone/mnt/ozone/hadoop-ozone/integration-test/target/test-dir/MiniOzoneClusterImpl-b10bafd4-cc06-4e81-8a2f-dfe27fd2d808/omNode-bootstrap-1/om.db/LOCK: No locks available
	at org.rocksdb.RocksDB.open(Native Method)
	at org.rocksdb.RocksDB.open(RocksDB.java:306)
	at org.apache.hadoop.hdds.utils.db.RDBStore.<init>(RDBStore.java:118)
	... 26 more
]]></error>
    <system-out><![CDATA[2021-07-27 03:53:47,114 [Time-limited test] WARN  server.ServerUtils (ServerUtils.java:getScmDbDir(148)) - ozone.scm.db.dirs is not configured. We recommend adding this setting. Falling back to ozone.metadata.dirs instead.
2021-07-27 03:53:47,158 [Time-limited test] INFO  ha.SCMHANodeDetails (SCMHANodeDetails.java:loadSCMHAConfig(157)) - ServiceID for StorageContainerManager is scmServiceId
2021-07-27 03:53:47,159 [Time-limited test] INFO  ha.SCMHANodeDetails (SCMHANodeDetails.java:loadSCMHAConfig(168)) - ServiceID for StorageContainerManager is scmServiceId
2021-07-27 03:53:47,214 [Time-limited test] INFO  ha.SCMHANodeDetails (SCMHANodeDetails.java:loadSCMHAConfig(250)) - Found matching SCM address with SCMServiceId: scmServiceId, SCMNodeId: scmNode-1, RPC Address: localhost:13920 and Ratis port: 13920
2021-07-27 03:53:47,214 [Time-limited test] INFO  ha.SCMHANodeDetails (ConfUtils.java:setNodeSpecificConfigs(108)) - Setting configuration key ozone.scm.datanode.address with value of key ozone.scm.datanode.address.scmServiceId.scmNode-1: 127.0.0.1:13921
2021-07-27 03:53:47,214 [Time-limited test] INFO  ha.SCMHANodeDetails (ConfUtils.java:setNodeSpecificConfigs(108)) - Setting configuration key ozone.scm.block.client.address with value of key ozone.scm.block.client.address.scmServiceId.scmNode-1: 127.0.0.1:13922
2021-07-27 03:53:47,215 [Time-limited test] INFO  ha.SCMHANodeDetails (ConfUtils.java:setNodeSpecificConfigs(108)) - Setting configuration key ozone.scm.client.address with value of key ozone.scm.client.address.scmServiceId.scmNode-1: 127.0.0.1:13923
2021-07-27 03:53:47,215 [Time-limited test] INFO  ha.SCMHANodeDetails (ConfUtils.java:setNodeSpecificConfigs(108)) - Setting configuration key ozone.scm.ratis.port with value of key ozone.scm.ratis.port.scmServiceId.scmNode-1: 13920
2021-07-27 03:53:47,215 [Time-limited test] INFO  ha.SCMHANodeDetails (ConfUtils.java:setNodeSpecificConfigs(108)) - Setting configuration key ozone.scm.grpc.port with value of key ozone.scm.grpc.port.scmServiceId.scmNode-1: 13924
2021-07-27 03:53:47,215 [Time-limited test] INFO  ha.SCMHANodeDetails (ConfUtils.java:setNodeSpecificConfigs(108)) - Setting configuration key ozone.scm.http-address with value of key ozone.scm.http-address.scmServiceId.scmNode-1: 127.0.0.1:13918
2021-07-27 03:53:47,215 [Time-limited test] INFO  ha.SCMHANodeDetails (ConfUtils.java:setNodeSpecificConfigs(108)) - Setting configuration key ozone.scm.https-address with value of key ozone.scm.https-address.scmServiceId.scmNode-1: 127.0.0.1:13919
2021-07-27 03:53:47,216 [Time-limited test] INFO  ha.SCMHANodeDetails (ConfUtils.java:setNodeSpecificConfigs(108)) - Setting configuration key ozone.scm.address with value of key ozone.scm.address.scmServiceId.scmNode-1: 127.0.0.1
2021-07-27 03:53:47,223 [Time-limited test] WARN  scm.ScmUtils (ScmUtils.java:logWarn(179)) - ConfigKey ozone.scm.block.client.address is deprecated, For configuring different ports for each SCM use PortConfigKey ozone.scm.block.client.port appended with serviceId and nodeId. If want to configure same port configure ozone.scm.block.client.port
2021-07-27 03:53:47,224 [Time-limited test] WARN  scm.ScmUtils (ScmUtils.java:logWarn(179)) - ConfigKey ozone.scm.client.address is deprecated, For configuring different ports for each SCM use PortConfigKey ozone.scm.client.port appended with serviceId and nodeId. If want to configure same port configure ozone.scm.client.port
2021-07-27 03:53:47,224 [Time-limited test] WARN  scm.ScmUtils (ScmUtils.java:logWarn(179)) - ConfigKey ozone.scm.datanode.address is deprecated, For configuring different ports for each SCM use PortConfigKey ozone.scm.datanode.port appended with serviceId and nodeId. If want to configure same port configure ozone.scm.datanode.port
2021-07-27 03:53:47,336 [Time-limited test] INFO  server.RaftServer (ConfUtils.java:logGet(44)) - raft.rpc.type = GRPC (default)
2021-07-27 03:53:47,392 [Time-limited test] INFO  grpc.GrpcFactory (GrpcFactory.java:checkPooledByteBufAllocatorUseCacheForAllThreads(48)) - PERFORMANCE WARNING: useCacheForAllThreads is true that may cause Netty to create a lot garbage objects and, as a result, trigger GC.
	It is recommended to disable useCacheForAllThreads by setting -Dorg.apache.ratis.thirdparty.io.netty.allocator.useCacheForAllThreads=false in command line.
2021-07-27 03:53:47,396 [Time-limited test] INFO  grpc.GrpcConfigKeys (ConfUtils.java:logGet(44)) - raft.grpc.admin.port = -1 (default)
2021-07-27 03:53:47,396 [Time-limited test] INFO  grpc.GrpcConfigKeys (ConfUtils.java:logGet(44)) - raft.grpc.server.port = 13920 (custom)
2021-07-27 03:53:47,397 [Time-limited test] INFO  grpc.GrpcConfigKeys (ConfUtils.java:logGet(44)) - raft.grpc.client.port = -1 (default)
2021-07-27 03:53:47,397 [Time-limited test] INFO  grpc.GrpcConfigKeys (ConfUtils.java:logGet(44)) - raft.grpc.server.port = 13920 (custom)
2021-07-27 03:53:47,397 [Time-limited test] INFO  grpc.GrpcConfigKeys (ConfUtils.java:logGet(44)) - raft.grpc.server.port = 13920 (custom)
2021-07-27 03:53:47,398 [Time-limited test] INFO  server.GrpcService (ConfUtils.java:logGet(44)) - raft.grpc.message.size.max = 32m (=33554432) (custom)
2021-07-27 03:53:47,400 [Time-limited test] INFO  server.RaftServerConfigKeys (ConfUtils.java:logGet(44)) - raft.server.log.appender.buffer.byte-limit = 33554432 (custom)
2021-07-27 03:53:47,400 [Time-limited test] INFO  server.GrpcService (ConfUtils.java:logGet(44)) - raft.grpc.flow.control.window = 1MB (=1048576) (default)
2021-07-27 03:53:47,401 [Time-limited test] INFO  server.RaftServerConfigKeys (ConfUtils.java:logGet(44)) - raft.server.rpc.request.timeout = 30000ms (custom)
2021-07-27 03:53:47,642 [Time-limited test] INFO  impl.DataStreamServerImpl (ConfUtils.java:logGet(44)) - raft.datastream.type = DISABLED (default)
2021-07-27 03:53:47,644 [Time-limited test] INFO  server.RaftServerConfigKeys (ConfUtils.java:logGet(44)) - raft.server.rpc.slowness.timeout = 120000ms (custom)
2021-07-27 03:53:47,644 [Time-limited test] INFO  server.RaftServerConfigKeys (ConfUtils.java:logGet(44)) - raft.server.leaderelection.leader.step-down.wait-time = 10s (default)
2021-07-27 03:53:47,656 [Time-limited test] INFO  server.RaftServerConfigKeys (ConfUtils.java:logGet(44)) - raft.server.storage.dir = [/home/runner/work/ozone/ozone/mnt/ozone/hadoop-ozone/integration-test/target/test-dir/MiniOzoneClusterImpl-b10bafd4-cc06-4e81-8a2f-dfe27fd2d808/scmNode-1/scm-ha] (custom)
2021-07-27 03:53:47,662 [Time-limited test] INFO  server.RaftServer (RaftServerProxy.java:addNew(95)) - 4a006e23-4982-42e1-b4c7-2415bb8d98a0: addNew group-DFE27FD2D808:[4a006e23-4982-42e1-b4c7-2415bb8d98a0|rpc:localhost:13920|priority:0] returns group-DFE27FD2D808:java.util.concurrent.CompletableFuture@19a9779e[Not completed]
2021-07-27 03:53:47,681 [pool-1-thread-1] INFO  server.RaftServer$Division (RaftServerImpl.java:<init>(181)) - 4a006e23-4982-42e1-b4c7-2415bb8d98a0: new RaftServerImpl for group-DFE27FD2D808:[4a006e23-4982-42e1-b4c7-2415bb8d98a0|rpc:localhost:13920|priority:0] with SCMStateMachine:uninitialized
2021-07-27 03:53:47,682 [pool-1-thread-1] INFO  server.RaftServerConfigKeys (ConfUtils.java:logGet(44)) - raft.server.rpc.timeout.min = 5000ms (custom)
2021-07-27 03:53:47,683 [pool-1-thread-1] INFO  server.RaftServerConfigKeys (ConfUtils.java:logGet(44)) - raft.server.rpc.timeout.max = 5200ms (custom)
2021-07-27 03:53:47,683 [pool-1-thread-1] INFO  server.RaftServerConfigKeys (ConfUtils.java:logGet(44)) - raft.server.rpc.sleep.time = 25ms (default)
2021-07-27 03:53:47,683 [pool-1-thread-1] INFO  server.RaftServerConfigKeys (ConfUtils.java:logGet(44)) - raft.server.rpc.slowness.timeout = 120000ms (custom)
2021-07-27 03:53:47,683 [pool-1-thread-1] INFO  server.RaftServerConfigKeys (ConfUtils.java:logGet(44)) - raft.server.leaderelection.leader.step-down.wait-time = 10s (default)
2021-07-27 03:53:47,683 [pool-1-thread-1] INFO  server.RaftServerConfigKeys (ConfUtils.java:logGet(44)) - raft.server.sleep.deviation.threshold = 300ms (default)
2021-07-27 03:53:47,684 [pool-1-thread-1] INFO  server.RaftServerConfigKeys (ConfUtils.java:logGet(44)) - raft.server.log.appender.install.snapshot.enabled = false (custom)
2021-07-27 03:53:47,688 [pool-1-thread-1] INFO  server.RaftServer$Division (ServerState.java:<init>(105)) - 4a006e23-4982-42e1-b4c7-2415bb8d98a0@group-DFE27FD2D808: ConfigurationManager, init=-1: [4a006e23-4982-42e1-b4c7-2415bb8d98a0|rpc:localhost:13920|priority:0], old=null, confs=<EMPTY_MAP>
2021-07-27 03:53:47,689 [pool-1-thread-1] INFO  server.RaftServerConfigKeys (ConfUtils.java:logGet(44)) - raft.server.storage.dir = [/home/runner/work/ozone/ozone/mnt/ozone/hadoop-ozone/integration-test/target/test-dir/MiniOzoneClusterImpl-b10bafd4-cc06-4e81-8a2f-dfe27fd2d808/scmNode-1/scm-ha] (custom)
2021-07-27 03:53:47,693 [pool-1-thread-1] INFO  server.RaftServerConfigKeys (ConfUtils.java:logGet(44)) - raft.server.log.corruption.policy = EXCEPTION (default)
2021-07-27 03:53:47,694 [pool-1-thread-1] INFO  server.RaftServerConfigKeys (ConfUtils.java:logGet(44)) - raft.server.storage.free-space.min = 0MB (=0) (default)
2021-07-27 03:53:47,695 [pool-1-thread-1] INFO  storage.RaftStorageDirectory (RaftStorageDirectoryImpl.java:analyzeStorage(135)) - The storage directory /home/runner/work/ozone/ozone/mnt/ozone/hadoop-ozone/integration-test/target/test-dir/MiniOzoneClusterImpl-b10bafd4-cc06-4e81-8a2f-dfe27fd2d808/scmNode-1/scm-ha/b10bafd4-cc06-4e81-8a2f-dfe27fd2d808 does not exist. Creating ...
2021-07-27 03:53:47,700 [pool-1-thread-1] INFO  storage.RaftStorageDirectory (RaftStorageDirectoryImpl.java:tryLock(230)) - Lock on /home/runner/work/ozone/ozone/mnt/ozone/hadoop-ozone/integration-test/target/test-dir/MiniOzoneClusterImpl-b10bafd4-cc06-4e81-8a2f-dfe27fd2d808/scmNode-1/scm-ha/b10bafd4-cc06-4e81-8a2f-dfe27fd2d808/in_use.lock acquired by nodename 18840@fv-az148-176
2021-07-27 03:53:47,707 [pool-1-thread-1] INFO  storage.RaftStorage (RaftStorageImpl.java:format(89)) - Storage directory /home/runner/work/ozone/ozone/mnt/ozone/hadoop-ozone/integration-test/target/test-dir/MiniOzoneClusterImpl-b10bafd4-cc06-4e81-8a2f-dfe27fd2d808/scmNode-1/scm-ha/b10bafd4-cc06-4e81-8a2f-dfe27fd2d808 has been successfully formatted.
2021-07-27 03:53:47,710 [pool-1-thread-1] INFO  server.RaftServerConfigKeys (ConfUtils.java:logGet(44)) - raft.server.notification.no-leader.timeout = 60s (default)
2021-07-27 03:53:47,711 [pool-1-thread-1] INFO  server.RaftServerConfigKeys (ConfUtils.java:logGet(44)) - raft.server.log.use.memory = false (default)
2021-07-27 03:53:47,719 [pool-1-thread-1] INFO  server.RaftServerConfigKeys (ConfUtils.java:logGet(44)) - raft.server.log.purge.gap = 1000000 (custom)
2021-07-27 03:53:47,719 [pool-1-thread-1] INFO  server.RaftServerConfigKeys (ConfUtils.java:logGet(44)) - raft.server.log.appender.buffer.byte-limit = 33554432 (custom)
2021-07-27 03:53:47,727 [pool-1-thread-1] INFO  metrics.MetricRegistries (MetricRegistriesLoader.java:load(64)) - Loaded MetricRegistries class org.apache.ratis.metrics.impl.MetricRegistriesImpl
2021-07-27 03:53:47,775 [pool-1-thread-1] INFO  server.RaftServerConfigKeys (ConfUtils.java:logGet(44)) - raft.server.log.segment.size.max = 16384 (custom)
2021-07-27 03:53:47,783 [pool-1-thread-1] INFO  server.RaftServerConfigKeys (ConfUtils.java:logGet(44)) - raft.server.log.segment.cache.num.max = 2 (custom)
2021-07-27 03:53:47,783 [pool-1-thread-1] INFO  server.RaftServerConfigKeys (ConfUtils.java:logGet(44)) - raft.server.log.segment.cache.size.max = 200MB (=209715200) (default)
2021-07-27 03:53:47,789 [pool-1-thread-1] INFO  segmented.SegmentedRaftLogWorker (SegmentedRaftLogWorker.java:<init>(182)) - new 4a006e23-4982-42e1-b4c7-2415bb8d98a0@group-DFE27FD2D808-SegmentedRaftLogWorker for RaftStorageImpl:Storage Directory /home/runner/work/ozone/ozone/mnt/ozone/hadoop-ozone/integration-test/target/test-dir/MiniOzoneClusterImpl-b10bafd4-cc06-4e81-8a2f-dfe27fd2d808/scmNode-1/scm-ha/b10bafd4-cc06-4e81-8a2f-dfe27fd2d808
2021-07-27 03:53:47,789 [pool-1-thread-1] INFO  server.RaftServerConfigKeys (ConfUtils.java:logGet(44)) - raft.server.log.queue.byte-limit = 64MB (=67108864) (default)
2021-07-27 03:53:47,790 [pool-1-thread-1] INFO  server.RaftServerConfigKeys (ConfUtils.java:logGet(44)) - raft.server.log.queue.element-limit = 4096 (default)
2021-07-27 03:53:47,791 [pool-1-thread-1] INFO  server.RaftServerConfigKeys (ConfUtils.java:logGet(44)) - raft.server.log.segment.size.max = 16384 (custom)
2021-07-27 03:53:47,791 [pool-1-thread-1] INFO  server.RaftServerConfigKeys (ConfUtils.java:logGet(44)) - raft.server.log.preallocated.size = 16384 (custom)
2021-07-27 03:53:47,792 [pool-1-thread-1] INFO  server.RaftServerConfigKeys (ConfUtils.java:logGet(44)) - raft.server.log.force.sync.num = 128 (default)
2021-07-27 03:53:47,793 [pool-1-thread-1] INFO  server.RaftServerConfigKeys (ConfUtils.java:logGet(44)) - raft.server.log.statemachine.data.sync = true (default)
2021-07-27 03:53:47,794 [pool-1-thread-1] INFO  server.RaftServerConfigKeys (ConfUtils.java:logGet(44)) - raft.server.log.statemachine.data.sync.timeout = 10s (default)
2021-07-27 03:53:47,794 [pool-1-thread-1] INFO  server.RaftServerConfigKeys (ConfUtils.java:logGet(44)) - raft.server.log.statemachine.data.sync.timeout.retry = -1 (default)
2021-07-27 03:53:47,802 [pool-1-thread-1] INFO  server.RaftServerConfigKeys (ConfUtils.java:logGet(44)) - raft.server.log.write.buffer.size = 64KB (=65536) (default)
2021-07-27 03:53:47,803 [pool-1-thread-1] INFO  server.RaftServerConfigKeys (ConfUtils.java:logGet(44)) - raft.server.log.statemachine.data.caching.enabled = false (default)
2021-07-27 03:53:47,809 [pool-1-thread-1] INFO  segmented.SegmentedRaftLogWorker (SegmentedRaftLogWorker.java:lambda$new$0(133)) - 4a006e23-4982-42e1-b4c7-2415bb8d98a0@group-DFE27FD2D808-SegmentedRaftLogWorker: flushIndex: setUnconditionally 0 -> -1
2021-07-27 03:53:47,809 [pool-1-thread-1] INFO  segmented.SegmentedRaftLogWorker (SegmentedRaftLogWorker.java:lambda$new$0(133)) - 4a006e23-4982-42e1-b4c7-2415bb8d98a0@group-DFE27FD2D808-SegmentedRaftLogWorker: safeCacheEvictIndex: setUnconditionally 0 -> -1
2021-07-27 03:53:47,813 [pool-1-thread-1] INFO  server.RaftServerConfigKeys (ConfUtils.java:logGet(44)) - raft.server.snapshot.auto.trigger.enabled = true (custom)
2021-07-27 03:53:47,814 [pool-1-thread-1] INFO  server.RaftServerConfigKeys (ConfUtils.java:logGet(44)) - raft.server.snapshot.auto.trigger.threshold = 1000 (custom)
2021-07-27 03:53:47,815 [pool-1-thread-1] INFO  server.RaftServerConfigKeys (ConfUtils.java:logGet(44)) - raft.server.snapshot.retention.file.num = -1 (default)
2021-07-27 03:53:47,815 [pool-1-thread-1] INFO  server.RaftServerConfigKeys (ConfUtils.java:logGet(44)) - raft.server.log.purge.upto.snapshot.index = false (default)
2021-07-27 03:53:47,819 [pool-1-thread-1] INFO  server.RaftServerConfigKeys (ConfUtils.java:logGet(44)) - raft.server.retrycache.expirytime = 60000ms (default)
2021-07-27 03:53:47,819 [pool-1-thread-1] INFO  server.RaftServerConfigKeys (ConfUtils.java:logGet(44)) - raft.server.retrycache.statistics.expirytime = 100μs (default)
2021-07-27 03:53:47,848 [Time-limited test] INFO  server.RaftServer$Division (RaftServerImpl.java:start(296)) - 4a006e23-4982-42e1-b4c7-2415bb8d98a0@group-DFE27FD2D808: start as a follower, conf=-1: [4a006e23-4982-42e1-b4c7-2415bb8d98a0|rpc:localhost:13920|priority:0], old=null
2021-07-27 03:53:47,849 [Time-limited test] INFO  server.RaftServer$Division (RaftServerImpl.java:setRole(285)) - 4a006e23-4982-42e1-b4c7-2415bb8d98a0@group-DFE27FD2D808: changes role from      null to FOLLOWER at term 0 for startAsFollower
2021-07-27 03:53:47,850 [Time-limited test] INFO  impl.RoleInfo (RoleInfo.java:updateAndGet(130)) - 4a006e23-4982-42e1-b4c7-2415bb8d98a0: start 4a006e23-4982-42e1-b4c7-2415bb8d98a0@group-DFE27FD2D808-FollowerState
2021-07-27 03:53:47,852 [Time-limited test] INFO  util.JmxRegister (JmxRegister.java:tryRegister(44)) - Successfully registered JMX Bean with object name Ratis:service=RaftServer,group=group-DFE27FD2D808,id=4a006e23-4982-42e1-b4c7-2415bb8d98a0
2021-07-27 03:53:47,858 [Time-limited test] INFO  server.RaftServer (RaftServerProxy.java:lambda$start$5(374)) - 4a006e23-4982-42e1-b4c7-2415bb8d98a0: start RPC server
2021-07-27 03:53:47,899 [Time-limited test] INFO  server.GrpcService (GrpcService.java:startImpl(253)) - 4a006e23-4982-42e1-b4c7-2415bb8d98a0: GrpcService started, listening on 13920
2021-07-27 03:53:47,903 [org.apache.ratis.util.JvmPauseMonitor$$Lambda$430/1677697972@408736a2] INFO  util.JvmPauseMonitor (JvmPauseMonitor.java:run(103)) - JvmPauseMonitor-4a006e23-4982-42e1-b4c7-2415bb8d98a0: Started
2021-07-27 03:53:52,925 [4a006e23-4982-42e1-b4c7-2415bb8d98a0@group-DFE27FD2D808-FollowerState] INFO  impl.FollowerState (FollowerState.java:run(134)) - 4a006e23-4982-42e1-b4c7-2415bb8d98a0@group-DFE27FD2D808-FollowerState: change to CANDIDATE, lastRpcElapsedTime:5074914917ns, electionTimeout:5065ms
2021-07-27 03:53:52,927 [4a006e23-4982-42e1-b4c7-2415bb8d98a0@group-DFE27FD2D808-FollowerState] INFO  impl.RoleInfo (RoleInfo.java:shutdownFollowerState(108)) - 4a006e23-4982-42e1-b4c7-2415bb8d98a0: shutdown 4a006e23-4982-42e1-b4c7-2415bb8d98a0@group-DFE27FD2D808-FollowerState
2021-07-27 03:53:52,927 [4a006e23-4982-42e1-b4c7-2415bb8d98a0@group-DFE27FD2D808-FollowerState] INFO  server.RaftServer$Division (RaftServerImpl.java:setRole(285)) - 4a006e23-4982-42e1-b4c7-2415bb8d98a0@group-DFE27FD2D808: changes role from  FOLLOWER to CANDIDATE at term 0 for changeToCandidate
2021-07-27 03:53:52,930 [4a006e23-4982-42e1-b4c7-2415bb8d98a0@group-DFE27FD2D808-FollowerState] INFO  server.RaftServerConfigKeys (ConfUtils.java:logGet(44)) - raft.server.leaderelection.pre-vote = false (custom)
2021-07-27 03:53:52,930 [4a006e23-4982-42e1-b4c7-2415bb8d98a0@group-DFE27FD2D808-FollowerState] INFO  impl.RoleInfo (RoleInfo.java:updateAndGet(130)) - 4a006e23-4982-42e1-b4c7-2415bb8d98a0: start 4a006e23-4982-42e1-b4c7-2415bb8d98a0@group-DFE27FD2D808-LeaderElection1
2021-07-27 03:53:52,934 [4a006e23-4982-42e1-b4c7-2415bb8d98a0@group-DFE27FD2D808-LeaderElection1] INFO  impl.LeaderElection (LeaderElection.java:askForVotes(306)) - 4a006e23-4982-42e1-b4c7-2415bb8d98a0@group-DFE27FD2D808-LeaderElection1 ELECTION round 0: submit vote requests at term 1 for -1: [4a006e23-4982-42e1-b4c7-2415bb8d98a0|rpc:localhost:13920|priority:0], old=null
2021-07-27 03:53:52,936 [4a006e23-4982-42e1-b4c7-2415bb8d98a0@group-DFE27FD2D808-LeaderElection1] INFO  impl.LeaderElection (LeaderElection.java:askForVotes(308)) - 4a006e23-4982-42e1-b4c7-2415bb8d98a0@group-DFE27FD2D808-LeaderElection1 ELECTION round 0: result PASSED (term=1)
2021-07-27 03:53:52,936 [4a006e23-4982-42e1-b4c7-2415bb8d98a0@group-DFE27FD2D808-LeaderElection1] INFO  impl.RoleInfo (RoleInfo.java:shutdownLeaderElection(121)) - 4a006e23-4982-42e1-b4c7-2415bb8d98a0: shutdown 4a006e23-4982-42e1-b4c7-2415bb8d98a0@group-DFE27FD2D808-LeaderElection1
2021-07-27 03:53:52,937 [4a006e23-4982-42e1-b4c7-2415bb8d98a0@group-DFE27FD2D808-LeaderElection1] INFO  server.RaftServer$Division (RaftServerImpl.java:setRole(285)) - 4a006e23-4982-42e1-b4c7-2415bb8d98a0@group-DFE27FD2D808: changes role from CANDIDATE to LEADER at term 1 for changeToLeader
2021-07-27 03:53:52,937 [4a006e23-4982-42e1-b4c7-2415bb8d98a0@group-DFE27FD2D808-LeaderElection1] INFO  server.RaftServer$Division (ServerState.java:setLeader(285)) - 4a006e23-4982-42e1-b4c7-2415bb8d98a0@group-DFE27FD2D808: change Leader from null to 4a006e23-4982-42e1-b4c7-2415bb8d98a0 at term 1 for becomeLeader, leader elected after 5228ms
2021-07-27 03:53:52,944 [4a006e23-4982-42e1-b4c7-2415bb8d98a0@group-DFE27FD2D808-LeaderElection1] INFO  server.RaftServerConfigKeys (ConfUtils.java:logGet(44)) - raft.server.staging.catchup.gap = 1000 (default)
2021-07-27 03:53:52,949 [4a006e23-4982-42e1-b4c7-2415bb8d98a0@group-DFE27FD2D808-LeaderElection1] INFO  server.RaftServerConfigKeys (ConfUtils.java:logGet(44)) - raft.server.write.element-limit = 4096 (default)
2021-07-27 03:53:52,949 [4a006e23-4982-42e1-b4c7-2415bb8d98a0@group-DFE27FD2D808-LeaderElection1] INFO  server.RaftServerConfigKeys (ConfUtils.java:logGet(44)) - raft.server.write.byte-limit = 64MB (=67108864) (default)
2021-07-27 03:53:52,956 [4a006e23-4982-42e1-b4c7-2415bb8d98a0@group-DFE27FD2D808-LeaderElection1] INFO  server.RaftServerConfigKeys (ConfUtils.java:logGet(44)) - raft.server.watch.timeout = 10s (default)
2021-07-27 03:53:52,956 [4a006e23-4982-42e1-b4c7-2415bb8d98a0@group-DFE27FD2D808-LeaderElection1] INFO  server.RaftServerConfigKeys (ConfUtils.java:logGet(44)) - raft.server.watch.timeout.denomination = 1s (default)
2021-07-27 03:53:52,957 [4a006e23-4982-42e1-b4c7-2415bb8d98a0@group-DFE27FD2D808-LeaderElection1] INFO  server.RaftServerConfigKeys (ConfUtils.java:logGet(44)) - raft.server.watch.element-limit = 65536 (default)
2021-07-27 03:53:52,963 [4a006e23-4982-42e1-b4c7-2415bb8d98a0@group-DFE27FD2D808-LeaderElection1] INFO  impl.RoleInfo (RoleInfo.java:updateAndGet(130)) - 4a006e23-4982-42e1-b4c7-2415bb8d98a0: start 4a006e23-4982-42e1-b4c7-2415bb8d98a0@group-DFE27FD2D808-LeaderStateImpl
2021-07-27 03:53:52,989 [4a006e23-4982-42e1-b4c7-2415bb8d98a0@group-DFE27FD2D808-LeaderElection1] INFO  segmented.SegmentedRaftLogWorker (SegmentedRaftLogWorker.java:startLogSegment(394)) - 4a006e23-4982-42e1-b4c7-2415bb8d98a0@group-DFE27FD2D808-SegmentedRaftLogWorker: Starting segment from index:0
2021-07-27 03:53:53,024 [4a006e23-4982-42e1-b4c7-2415bb8d98a0@group-DFE27FD2D808-LeaderElection1] INFO  server.RaftServer$Division (ServerState.java:setRaftConf(387)) - 4a006e23-4982-42e1-b4c7-2415bb8d98a0@group-DFE27FD2D808: set configuration 0: [4a006e23-4982-42e1-b4c7-2415bb8d98a0|rpc:localhost:13920|admin:|client:|dataStream:|priority:0], old=null
2021-07-27 03:53:53,105 [4a006e23-4982-42e1-b4c7-2415bb8d98a0@group-DFE27FD2D808-SegmentedRaftLogWorker] INFO  segmented.SegmentedRaftLogWorker (SegmentedRaftLogWorker.java:execute(601)) - 4a006e23-4982-42e1-b4c7-2415bb8d98a0@group-DFE27FD2D808-SegmentedRaftLogWorker: created new log segment /home/runner/work/ozone/ozone/mnt/ozone/hadoop-ozone/integration-test/target/test-dir/MiniOzoneClusterImpl-b10bafd4-cc06-4e81-8a2f-dfe27fd2d808/scmNode-1/scm-ha/b10bafd4-cc06-4e81-8a2f-dfe27fd2d808/current/log_inprogress_0
2021-07-27 03:53:53,906 [Time-limited test] INFO  server.RaftServer (RaftServerProxy.java:lambda$close$6(391)) - 4a006e23-4982-42e1-b4c7-2415bb8d98a0: close
2021-07-27 03:53:53,908 [Time-limited test] INFO  server.RaftServer$Division (RaftServerImpl.java:lambda$close$4(407)) - 4a006e23-4982-42e1-b4c7-2415bb8d98a0@group-DFE27FD2D808: shutdown
2021-07-27 03:53:53,908 [Time-limited test] INFO  util.JmxRegister (JmxRegister.java:unregister(73)) - Successfully un-registered JMX Bean with object name Ratis:service=RaftServer,group=group-DFE27FD2D808,id=4a006e23-4982-42e1-b4c7-2415bb8d98a0
2021-07-27 03:53:53,909 [Time-limited test] INFO  impl.RoleInfo (RoleInfo.java:shutdownLeaderState(91)) - 4a006e23-4982-42e1-b4c7-2415bb8d98a0: shutdown 4a006e23-4982-42e1-b4c7-2415bb8d98a0@group-DFE27FD2D808-LeaderStateImpl
2021-07-27 03:53:53,916 [Time-limited test] INFO  impl.PendingRequests (PendingRequests.java:sendNotLeaderResponses(249)) - 4a006e23-4982-42e1-b4c7-2415bb8d98a0@group-DFE27FD2D808-PendingRequests: sendNotLeaderResponses
2021-07-27 03:53:53,919 [Time-limited test] INFO  impl.StateMachineUpdater (StateMachineUpdater.java:stopAndJoin(149)) - 4a006e23-4982-42e1-b4c7-2415bb8d98a0@group-DFE27FD2D808-StateMachineUpdater: set stopIndex = 0
2021-07-27 03:53:53,919 [4a006e23-4982-42e1-b4c7-2415bb8d98a0@group-DFE27FD2D808-StateMachineUpdater] INFO  impl.StateMachineUpdater (StateMachineUpdater.java:takeSnapshot(281)) - 4a006e23-4982-42e1-b4c7-2415bb8d98a0@group-DFE27FD2D808-StateMachineUpdater: Took a snapshot at index 0
2021-07-27 03:53:53,920 [4a006e23-4982-42e1-b4c7-2415bb8d98a0@group-DFE27FD2D808-StateMachineUpdater] INFO  impl.StateMachineUpdater (StateMachineUpdater.java:lambda$new$0(89)) - 4a006e23-4982-42e1-b4c7-2415bb8d98a0@group-DFE27FD2D808-StateMachineUpdater: snapshotIndex: updateIncreasingly -1 -> 0
2021-07-27 03:53:53,922 [Time-limited test] INFO  server.RaftServer$Division (ServerState.java:close(419)) - 4a006e23-4982-42e1-b4c7-2415bb8d98a0@group-DFE27FD2D808: closes. applyIndex: 0
2021-07-27 03:53:53,923 [4a006e23-4982-42e1-b4c7-2415bb8d98a0@group-DFE27FD2D808-SegmentedRaftLogWorker] INFO  segmented.SegmentedRaftLogWorker (SegmentedRaftLogWorker.java:run(327)) - 4a006e23-4982-42e1-b4c7-2415bb8d98a0@group-DFE27FD2D808-SegmentedRaftLogWorker was interrupted, exiting. There are 0 tasks remaining in the queue.
2021-07-27 03:53:53,924 [Time-limited test] INFO  segmented.SegmentedRaftLogWorker (SegmentedRaftLogWorker.java:close(237)) - 4a006e23-4982-42e1-b4c7-2415bb8d98a0@group-DFE27FD2D808-SegmentedRaftLogWorker close()
2021-07-27 03:53:53,925 [Time-limited test] INFO  server.GrpcService (GrpcService.java:closeImpl(262)) - 4a006e23-4982-42e1-b4c7-2415bb8d98a0: shutdown server with port 13920 now
2021-07-27 03:53:53,929 [Time-limited test] INFO  server.GrpcService (GrpcService.java:closeImpl(271)) - 4a006e23-4982-42e1-b4c7-2415bb8d98a0: shutdown server with port 13920 successfully
2021-07-27 03:53:53,929 [org.apache.ratis.util.JvmPauseMonitor$$Lambda$430/1677697972@408736a2] INFO  util.JvmPauseMonitor (JvmPauseMonitor.java:run(109)) - JvmPauseMonitor-4a006e23-4982-42e1-b4c7-2415bb8d98a0: Stopped
2021-07-27 03:53:53,930 [Time-limited test] WARN  server.ServerUtils (ServerUtils.java:getScmDbDir(148)) - ozone.scm.db.dirs is not configured. We recommend adding this setting. Falling back to ozone.metadata.dirs instead.
2021-07-27 03:53:53,932 [Time-limited test] INFO  server.StorageContainerManager (StorageContainerManager.java:scmInit(1018)) - SCM initialization succeeded. Current cluster id for sd=/home/runner/work/ozone/ozone/mnt/ozone/hadoop-ozone/integration-test/target/test-dir/MiniOzoneClusterImpl-b10bafd4-cc06-4e81-8a2f-dfe27fd2d808/scmNode-1/scm; cid=b10bafd4-cc06-4e81-8a2f-dfe27fd2d808; layoutVersion=2; scmId=4a006e23-4982-42e1-b4c7-2415bb8d98a0
2021-07-27 03:53:53,941 [Time-limited test] INFO  ha.SCMHANodeDetails (SCMHANodeDetails.java:loadSCMHAConfig(157)) - ServiceID for StorageContainerManager is scmServiceId
2021-07-27 03:53:53,941 [Time-limited test] INFO  ha.SCMHANodeDetails (SCMHANodeDetails.java:loadSCMHAConfig(168)) - ServiceID for StorageContainerManager is scmServiceId
2021-07-27 03:53:53,942 [Time-limited test] INFO  ha.SCMHANodeDetails (SCMHANodeDetails.java:loadSCMHAConfig(250)) - Found matching SCM address with SCMServiceId: scmServiceId, SCMNodeId: scmNode-1, RPC Address: localhost:13920 and Ratis port: 13920
2021-07-27 03:53:53,942 [Time-limited test] INFO  ha.SCMHANodeDetails (ConfUtils.java:setNodeSpecificConfigs(108)) - Setting configuration key ozone.scm.datanode.address with value of key ozone.scm.datanode.address.scmServiceId.scmNode-1: 127.0.0.1:13921
2021-07-27 03:53:53,942 [Time-limited test] INFO  ha.SCMHANodeDetails (ConfUtils.java:setNodeSpecificConfigs(108)) - Setting configuration key ozone.scm.block.client.address with value of key ozone.scm.block.client.address.scmServiceId.scmNode-1: 127.0.0.1:13922
2021-07-27 03:53:53,942 [Time-limited test] INFO  ha.SCMHANodeDetails (ConfUtils.java:setNodeSpecificConfigs(108)) - Setting configuration key ozone.scm.client.address with value of key ozone.scm.client.address.scmServiceId.scmNode-1: 127.0.0.1:13923
2021-07-27 03:53:53,942 [Time-limited test] INFO  ha.SCMHANodeDetails (ConfUtils.java:setNodeSpecificConfigs(108)) - Setting configuration key ozone.scm.ratis.port with value of key ozone.scm.ratis.port.scmServiceId.scmNode-1: 13920
2021-07-27 03:53:53,943 [Time-limited test] INFO  ha.SCMHANodeDetails (ConfUtils.java:setNodeSpecificConfigs(108)) - Setting configuration key ozone.scm.grpc.port with value of key ozone.scm.grpc.port.scmServiceId.scmNode-1: 13924
2021-07-27 03:53:53,943 [Time-limited test] INFO  ha.SCMHANodeDetails (ConfUtils.java:setNodeSpecificConfigs(108)) - Setting configuration key ozone.scm.http-address with value of key ozone.scm.http-address.scmServiceId.scmNode-1: 127.0.0.1:13918
2021-07-27 03:53:53,943 [Time-limited test] INFO  ha.SCMHANodeDetails (ConfUtils.java:setNodeSpecificConfigs(108)) - Setting configuration key ozone.scm.https-address with value of key ozone.scm.https-address.scmServiceId.scmNode-1: 127.0.0.1:13919
2021-07-27 03:53:53,943 [Time-limited test] INFO  ha.SCMHANodeDetails (ConfUtils.java:setNodeSpecificConfigs(108)) - Setting configuration key ozone.scm.address with value of key ozone.scm.address.scmServiceId.scmNode-1: 127.0.0.1
2021-07-27 03:53:53,943 [Time-limited test] WARN  scm.ScmUtils (ScmUtils.java:logWarn(179)) - ConfigKey ozone.scm.block.client.address is deprecated, For configuring different ports for each SCM use PortConfigKey ozone.scm.block.client.port appended with serviceId and nodeId. If want to configure same port configure ozone.scm.block.client.port
2021-07-27 03:53:53,943 [Time-limited test] WARN  scm.ScmUtils (ScmUtils.java:logWarn(179)) - ConfigKey ozone.scm.client.address is deprecated, For configuring different ports for each SCM use PortConfigKey ozone.scm.client.port appended with serviceId and nodeId. If want to configure same port configure ozone.scm.client.port
2021-07-27 03:53:53,944 [Time-limited test] WARN  scm.ScmUtils (ScmUtils.java:logWarn(179)) - ConfigKey ozone.scm.datanode.address is deprecated, For configuring different ports for each SCM use PortConfigKey ozone.scm.datanode.port appended with serviceId and nodeId. If want to configure same port configure ozone.scm.datanode.port
2021-07-27 03:53:53,965 [Time-limited test] WARN  server.ServerUtils (ServerUtils.java:getScmDbDir(148)) - ozone.scm.db.dirs is not configured. We recommend adding this setting. Falling back to ozone.metadata.dirs instead.
2021-07-27 03:53:53,967 [Time-limited test] INFO  upgrade.AbstractLayoutVersionManager (AbstractLayoutVersionManager.java:init(70)) - Initializing Layout version manager with metadata layout = SCM_HA (version = 2), software layout = SCM_HA (version = 2)
2021-07-27 03:53:54,105 [Time-limited test] INFO  reflections.Reflections (Reflections.java:scan(232)) - Reflections took 112 ms to scan 7 urls, producing 119 keys and 271 values 
2021-07-27 03:53:54,551 [Time-limited test] WARN  utils.HAUtils (HAUtils.java:getMetaDir(342)) - ozone.scm.db.dirs is not configured. We recommend adding this setting. Falling back to ozone.metadata.dirs instead.
2021-07-27 03:53:54,686 [Time-limited test] WARN  db.DBStoreBuilder (DBStoreBuilder.java:applyDBDefinition(145)) - ozone.scm.db.dirs is not configured. We recommend adding this setting. Falling back to ozone.metadata.dirs instead.
2021-07-27 03:53:54,845 [Time-limited test] INFO  net.NodeSchemaLoader (NodeSchemaLoader.java:loadSchemaFromFile(129)) - Loading schema from [jar:file:/home/runner/.m2/repository/org/apache/ozone/hdds-common/1.2.0-SNAPSHOT/hdds-common-1.2.0-SNAPSHOT.jar!/network-topology-default.xml]
2021-07-27 03:53:54,847 [Time-limited test] INFO  net.NodeSchemaLoader (NodeSchemaLoader.java:loadSchema(176)) - Loading network topology layer schema file
2021-07-27 03:53:54,897 [Time-limited test] INFO  ha.SCMRatisServerImpl (SCMRatisServerImpl.java:<init>(85)) - starting Raft server for scm:4a006e23-4982-42e1-b4c7-2415bb8d98a0
2021-07-27 03:53:54,904 [Time-limited test] INFO  server.RaftServer (ConfUtils.java:logGet(44)) - raft.rpc.type = GRPC (default)
2021-07-27 03:53:54,904 [Time-limited test] INFO  grpc.GrpcFactory (GrpcFactory.java:checkPooledByteBufAllocatorUseCacheForAllThreads(48)) - PERFORMANCE WARNING: useCacheForAllThreads is true that may cause Netty to create a lot garbage objects and, as a result, trigger GC.
	It is recommended to disable useCacheForAllThreads by setting -Dorg.apache.ratis.thirdparty.io.netty.allocator.useCacheForAllThreads=false in command line.
2021-07-27 03:53:54,904 [Time-limited test] INFO  grpc.GrpcConfigKeys (ConfUtils.java:logGet(44)) - raft.grpc.admin.port = -1 (default)
2021-07-27 03:53:54,905 [Time-limited test] INFO  grpc.GrpcConfigKeys (ConfUtils.java:logGet(44)) - raft.grpc.server.port = 13920 (custom)
2021-07-27 03:53:54,905 [Time-limited test] INFO  grpc.GrpcConfigKeys (ConfUtils.java:logGet(44)) - raft.grpc.client.port = -1 (default)
2021-07-27 03:53:54,906 [Time-limited test] INFO  grpc.GrpcConfigKeys (ConfUtils.java:logGet(44)) - raft.grpc.server.port = 13920 (custom)
2021-07-27 03:53:54,906 [Time-limited test] INFO  grpc.GrpcConfigKeys (ConfUtils.java:logGet(44)) - raft.grpc.server.port = 13920 (custom)
2021-07-27 03:53:54,906 [Time-limited test] INFO  server.GrpcService (ConfUtils.java:logGet(44)) - raft.grpc.message.size.max = 32m (=33554432) (custom)
2021-07-27 03:53:54,907 [Time-limited test] INFO  server.RaftServerConfigKeys (ConfUtils.java:logGet(44)) - raft.server.log.appender.buffer.byte-limit = 33554432 (custom)
2021-07-27 03:53:54,908 [Time-limited test] INFO  server.GrpcService (ConfUtils.java:logGet(44)) - raft.grpc.flow.control.window = 1MB (=1048576) (default)
2021-07-27 03:53:54,908 [Time-limited test] INFO  server.RaftServerConfigKeys (ConfUtils.java:logGet(44)) - raft.server.rpc.request.timeout = 30000ms (custom)
2021-07-27 03:53:54,910 [Time-limited test] INFO  impl.DataStreamServerImpl (ConfUtils.java:logGet(44)) - raft.datastream.type = DISABLED (default)
2021-07-27 03:53:54,910 [Time-limited test] INFO  server.RaftServerConfigKeys (ConfUtils.java:logGet(44)) - raft.server.rpc.slowness.timeout = 120000ms (custom)
2021-07-27 03:53:54,911 [Time-limited test] INFO  server.RaftServerConfigKeys (ConfUtils.java:logGet(44)) - raft.server.leaderelection.leader.step-down.wait-time = 10s (default)
2021-07-27 03:53:54,911 [Time-limited test] INFO  server.RaftServerConfigKeys (ConfUtils.java:logGet(44)) - raft.server.storage.dir = [/home/runner/work/ozone/ozone/mnt/ozone/hadoop-ozone/integration-test/target/test-dir/MiniOzoneClusterImpl-b10bafd4-cc06-4e81-8a2f-dfe27fd2d808/scmNode-1/scm-ha] (custom)
2021-07-27 03:53:54,912 [Time-limited test] INFO  server.RaftServer (RaftServerProxy.java:lambda$null$1(235)) - 4a006e23-4982-42e1-b4c7-2415bb8d98a0: found a subdirectory /home/runner/work/ozone/ozone/mnt/ozone/hadoop-ozone/integration-test/target/test-dir/MiniOzoneClusterImpl-b10bafd4-cc06-4e81-8a2f-dfe27fd2d808/scmNode-1/scm-ha/b10bafd4-cc06-4e81-8a2f-dfe27fd2d808
2021-07-27 03:53:54,913 [Time-limited test] INFO  server.RaftServer (RaftServerProxy.java:addNew(95)) - 4a006e23-4982-42e1-b4c7-2415bb8d98a0: addNew group-DFE27FD2D808:[] returns group-DFE27FD2D808:java.util.concurrent.CompletableFuture@32a42d76[Not completed]
2021-07-27 03:53:54,916 [pool-15-thread-1] INFO  server.RaftServer$Division (RaftServerImpl.java:<init>(181)) - 4a006e23-4982-42e1-b4c7-2415bb8d98a0: new RaftServerImpl for group-DFE27FD2D808:[] with SCMStateMachine:uninitialized
2021-07-27 03:53:54,916 [pool-15-thread-1] INFO  server.RaftServerConfigKeys (ConfUtils.java:logGet(44)) - raft.server.rpc.timeout.min = 5000ms (custom)
2021-07-27 03:53:54,916 [pool-15-thread-1] INFO  server.RaftServerConfigKeys (ConfUtils.java:logGet(44)) - raft.server.rpc.timeout.max = 5200ms (custom)
2021-07-27 03:53:54,916 [pool-15-thread-1] INFO  server.RaftServerConfigKeys (ConfUtils.java:logGet(44)) - raft.server.rpc.sleep.time = 25ms (default)
2021-07-27 03:53:54,916 [pool-15-thread-1] INFO  server.RaftServerConfigKeys (ConfUtils.java:logGet(44)) - raft.server.rpc.slowness.timeout = 120000ms (custom)
2021-07-27 03:53:54,917 [pool-15-thread-1] INFO  server.RaftServerConfigKeys (ConfUtils.java:logGet(44)) - raft.server.leaderelection.leader.step-down.wait-time = 10s (default)
2021-07-27 03:53:54,917 [pool-15-thread-1] INFO  server.RaftServerConfigKeys (ConfUtils.java:logGet(44)) - raft.server.sleep.deviation.threshold = 300ms (default)
2021-07-27 03:53:54,917 [pool-15-thread-1] INFO  server.RaftServerConfigKeys (ConfUtils.java:logGet(44)) - raft.server.log.appender.install.snapshot.enabled = false (custom)
2021-07-27 03:53:54,917 [pool-15-thread-1] INFO  server.RaftServer$Division (ServerState.java:<init>(105)) - 4a006e23-4982-42e1-b4c7-2415bb8d98a0@group-DFE27FD2D808: ConfigurationManager, init=-1: [], old=null, confs=<EMPTY_MAP>
2021-07-27 03:53:54,917 [pool-15-thread-1] INFO  server.RaftServerConfigKeys (ConfUtils.java:logGet(44)) - raft.server.storage.dir = [/home/runner/work/ozone/ozone/mnt/ozone/hadoop-ozone/integration-test/target/test-dir/MiniOzoneClusterImpl-b10bafd4-cc06-4e81-8a2f-dfe27fd2d808/scmNode-1/scm-ha] (custom)
2021-07-27 03:53:54,917 [pool-15-thread-1] INFO  server.RaftServerConfigKeys (ConfUtils.java:logGet(44)) - raft.server.log.corruption.policy = EXCEPTION (default)
2021-07-27 03:53:54,917 [pool-15-thread-1] INFO  server.RaftServerConfigKeys (ConfUtils.java:logGet(44)) - raft.server.storage.free-space.min = 0MB (=0) (default)
2021-07-27 03:53:54,920 [pool-15-thread-1] INFO  storage.RaftStorageDirectory (RaftStorageDirectoryImpl.java:tryLock(230)) - Lock on /home/runner/work/ozone/ozone/mnt/ozone/hadoop-ozone/integration-test/target/test-dir/MiniOzoneClusterImpl-b10bafd4-cc06-4e81-8a2f-dfe27fd2d808/scmNode-1/scm-ha/b10bafd4-cc06-4e81-8a2f-dfe27fd2d808/in_use.lock acquired by nodename 18840@fv-az148-176
2021-07-27 03:53:54,922 [pool-15-thread-1] INFO  storage.RaftStorage (RaftStorageImpl.java:analyzeAndRecoverStorage(110)) - Read RaftStorageMetadata{term=1, votedFor=4a006e23-4982-42e1-b4c7-2415bb8d98a0} from /home/runner/work/ozone/ozone/mnt/ozone/hadoop-ozone/integration-test/target/test-dir/MiniOzoneClusterImpl-b10bafd4-cc06-4e81-8a2f-dfe27fd2d808/scmNode-1/scm-ha/b10bafd4-cc06-4e81-8a2f-dfe27fd2d808/current/raft-meta
2021-07-27 03:53:54,930 [pool-15-thread-1] INFO  server.RaftServer$Division (ServerState.java:setRaftConf(387)) - 4a006e23-4982-42e1-b4c7-2415bb8d98a0@group-DFE27FD2D808: set configuration 0: [4a006e23-4982-42e1-b4c7-2415bb8d98a0|rpc:localhost:13920|admin:|client:|dataStream:|priority:0], old=null
2021-07-27 03:53:54,930 [pool-15-thread-1] INFO  server.RaftServerConfigKeys (ConfUtils.java:logGet(44)) - raft.server.notification.no-leader.timeout = 60s (default)
2021-07-27 03:53:54,930 [pool-15-thread-1] INFO  server.RaftServerConfigKeys (ConfUtils.java:logGet(44)) - raft.server.log.use.memory = false (default)
2021-07-27 03:53:54,931 [pool-15-thread-1] INFO  server.RaftServerConfigKeys (ConfUtils.java:logGet(44)) - raft.server.log.purge.gap = 1000000 (custom)
2021-07-27 03:53:54,931 [pool-15-thread-1] INFO  server.RaftServerConfigKeys (ConfUtils.java:logGet(44)) - raft.server.log.appender.buffer.byte-limit = 33554432 (custom)
2021-07-27 03:53:54,931 [pool-15-thread-1] INFO  server.RaftServerConfigKeys (ConfUtils.java:logGet(44)) - raft.server.log.segment.size.max = 16384 (custom)
2021-07-27 03:53:54,932 [pool-15-thread-1] INFO  server.RaftServerConfigKeys (ConfUtils.java:logGet(44)) - raft.server.log.segment.cache.num.max = 2 (custom)
2021-07-27 03:53:54,932 [pool-15-thread-1] INFO  server.RaftServerConfigKeys (ConfUtils.java:logGet(44)) - raft.server.log.segment.cache.size.max = 200MB (=209715200) (default)
2021-07-27 03:53:54,932 [pool-15-thread-1] INFO  segmented.SegmentedRaftLogWorker (SegmentedRaftLogWorker.java:<init>(182)) - new 4a006e23-4982-42e1-b4c7-2415bb8d98a0@group-DFE27FD2D808-SegmentedRaftLogWorker for RaftStorageImpl:Storage Directory /home/runner/work/ozone/ozone/mnt/ozone/hadoop-ozone/integration-test/target/test-dir/MiniOzoneClusterImpl-b10bafd4-cc06-4e81-8a2f-dfe27fd2d808/scmNode-1/scm-ha/b10bafd4-cc06-4e81-8a2f-dfe27fd2d808
2021-07-27 03:53:54,932 [pool-15-thread-1] INFO  server.RaftServerConfigKeys (ConfUtils.java:logGet(44)) - raft.server.log.queue.byte-limit = 64MB (=67108864) (default)
2021-07-27 03:53:54,932 [pool-15-thread-1] INFO  server.RaftServerConfigKeys (ConfUtils.java:logGet(44)) - raft.server.log.queue.element-limit = 4096 (default)
2021-07-27 03:53:54,933 [pool-15-thread-1] INFO  server.RaftServerConfigKeys (ConfUtils.java:logGet(44)) - raft.server.log.segment.size.max = 16384 (custom)
2021-07-27 03:53:54,933 [pool-15-thread-1] INFO  server.RaftServerConfigKeys (ConfUtils.java:logGet(44)) - raft.server.log.preallocated.size = 16384 (custom)
2021-07-27 03:53:54,933 [pool-15-thread-1] INFO  server.RaftServerConfigKeys (ConfUtils.java:logGet(44)) - raft.server.log.force.sync.num = 128 (default)
2021-07-27 03:53:54,933 [pool-15-thread-1] INFO  server.RaftServerConfigKeys (ConfUtils.java:logGet(44)) - raft.server.log.statemachine.data.sync = true (default)
2021-07-27 03:53:54,934 [pool-15-thread-1] INFO  server.RaftServerConfigKeys (ConfUtils.java:logGet(44)) - raft.server.log.statemachine.data.sync.timeout = 10s (default)
2021-07-27 03:53:54,937 [pool-15-thread-1] INFO  server.RaftServerConfigKeys (ConfUtils.java:logGet(44)) - raft.server.log.statemachine.data.sync.timeout.retry = -1 (default)
2021-07-27 03:53:54,939 [pool-15-thread-1] INFO  server.RaftServerConfigKeys (ConfUtils.java:logGet(44)) - raft.server.log.write.buffer.size = 64KB (=65536) (default)
2021-07-27 03:53:54,940 [pool-15-thread-1] INFO  server.RaftServerConfigKeys (ConfUtils.java:logGet(44)) - raft.server.log.statemachine.data.caching.enabled = false (default)
2021-07-27 03:53:54,948 [pool-15-thread-1] INFO  server.RaftServer$Division (ServerState.java:setRaftConf(387)) - 4a006e23-4982-42e1-b4c7-2415bb8d98a0@group-DFE27FD2D808: set configuration 0: [4a006e23-4982-42e1-b4c7-2415bb8d98a0|rpc:localhost:13920|admin:|client:|dataStream:|priority:0], old=null
2021-07-27 03:53:54,948 [pool-15-thread-1] INFO  segmented.LogSegment (LogSegment.java:loadSegment(173)) - Successfully read 1 entries from segment file /home/runner/work/ozone/ozone/mnt/ozone/hadoop-ozone/integration-test/target/test-dir/MiniOzoneClusterImpl-b10bafd4-cc06-4e81-8a2f-dfe27fd2d808/scmNode-1/scm-ha/b10bafd4-cc06-4e81-8a2f-dfe27fd2d808/current/log_inprogress_0
2021-07-27 03:53:54,949 [pool-15-thread-1] INFO  segmented.SegmentedRaftLogWorker (SegmentedRaftLogWorker.java:lambda$new$0(133)) - 4a006e23-4982-42e1-b4c7-2415bb8d98a0@group-DFE27FD2D808-SegmentedRaftLogWorker: flushIndex: setUnconditionally 0 -> 0
2021-07-27 03:53:54,949 [pool-15-thread-1] INFO  segmented.SegmentedRaftLogWorker (SegmentedRaftLogWorker.java:lambda$new$0(133)) - 4a006e23-4982-42e1-b4c7-2415bb8d98a0@group-DFE27FD2D808-SegmentedRaftLogWorker: safeCacheEvictIndex: setUnconditionally 0 -> -1
2021-07-27 03:53:54,950 [pool-15-thread-1] INFO  server.RaftServerConfigKeys (ConfUtils.java:logGet(44)) - raft.server.snapshot.auto.trigger.enabled = true (custom)
2021-07-27 03:53:54,950 [pool-15-thread-1] INFO  server.RaftServerConfigKeys (ConfUtils.java:logGet(44)) - raft.server.snapshot.auto.trigger.threshold = 1000 (custom)
2021-07-27 03:53:54,950 [pool-15-thread-1] INFO  server.RaftServerConfigKeys (ConfUtils.java:logGet(44)) - raft.server.snapshot.retention.file.num = -1 (default)
2021-07-27 03:53:54,950 [pool-15-thread-1] INFO  server.RaftServerConfigKeys (ConfUtils.java:logGet(44)) - raft.server.log.purge.upto.snapshot.index = false (default)
2021-07-27 03:53:54,950 [pool-15-thread-1] INFO  server.RaftServerConfigKeys (ConfUtils.java:logGet(44)) - raft.server.retrycache.expirytime = 60000ms (default)
2021-07-27 03:53:54,950 [pool-15-thread-1] INFO  server.RaftServerConfigKeys (ConfUtils.java:logGet(44)) - raft.server.retrycache.statistics.expirytime = 100μs (default)
2021-07-27 03:53:54,954 [Time-limited test] INFO  ha.SCMSnapshotProvider (SCMSnapshotProvider.java:<init>(66)) - Initializing SCM Snapshot Provider
2021-07-27 03:53:54,955 [Time-limited test] WARN  server.ServerUtils (ServerUtils.java:getDefaultRatisDirectory(237)) - Storage directory for Ratis is not configured. It is a good idea to map this to an SSD disk. Falling back to ozone.metadata.dirs
2021-07-27 03:53:54,955 [Time-limited test] WARN  ha.SCMHAUtils (SCMHAUtils.java:getSCMRatisSnapshotDirectory(142)) - SCM snapshot dir is not configured. Falling back to ozone.metadata.dirs config
2021-07-27 03:53:54,983 [Time-limited test] INFO  ha.SequenceIdGenerator (SequenceIdGenerator.java:upgradeToSequenceId(327)) - upgrade localId to 107544261427200000
2021-07-27 03:53:54,983 [Time-limited test] INFO  ha.SequenceIdGenerator (SequenceIdGenerator.java:upgradeToSequenceId(337)) - upgrade delTxnId to 0
2021-07-27 03:53:55,079 [Time-limited test] INFO  ha.SequenceIdGenerator (SequenceIdGenerator.java:upgradeToSequenceId(351)) - upgrade containerId to 0
2021-07-27 03:53:55,083 [Time-limited test] INFO  ha.SequenceIdGenerator (SequenceIdGenerator.java:<init>(217)) - Init the HA SequenceIdGenerator.
2021-07-27 03:53:55,139 [Time-limited test] INFO  node.SCMNodeManager (SCMNodeManager.java:<init>(141)) - Entering startup safe mode.
2021-07-27 03:53:55,205 [Time-limited test] INFO  algorithms.ContainerPlacementPolicyFactory (ContainerPlacementPolicyFactory.java:getPolicy(60)) - Create container placement policy of type org.apache.hadoop.hdds.scm.container.placement.algorithms.SCMContainerPlacementRandom
2021-07-27 03:53:55,216 [Time-limited test] INFO  pipeline.PipelineStateManager (PipelineStateManagerV2Impl.java:initialize(78)) - No pipeline exists in current db
2021-07-27 03:53:55,251 [Time-limited test] INFO  algorithms.LeaderChoosePolicyFactory (LeaderChoosePolicyFactory.java:getPolicy(57)) - Create leader choose policy of type org.apache.hadoop.hdds.scm.pipeline.leader.choose.algorithms.MinLeaderCountChoosePolicy
2021-07-27 03:53:55,259 [Time-limited test] INFO  ha.SCMServiceManager (SCMServiceManager.java:register(43)) - Registering service BackgroundPipelineCreator.
2021-07-27 03:53:55,259 [Time-limited test] INFO  pipeline.BackgroundPipelineCreator (BackgroundPipelineCreatorV2.java:start(130)) - Starting RatisPipelineUtilsThread.
2021-07-27 03:53:55,296 [Time-limited test] INFO  algorithms.PipelineChoosePolicyFactory (PipelineChoosePolicyFactory.java:createPipelineChoosePolicyFromClass(73)) - Create pipeline choose policy of type org.apache.hadoop.hdds.scm.pipeline.choose.algorithms.RandomPipelineChoosePolicy
2021-07-27 03:53:55,312 [Time-limited test] INFO  ha.SCMServiceManager (SCMServiceManager.java:register(43)) - Registering service SCMBlockDeletingService.
2021-07-27 03:53:55,323 [Time-limited test] INFO  ha.SCMServiceManager (SCMServiceManager.java:register(43)) - Registering service ReplicationManager.
2021-07-27 03:53:55,328 [Time-limited test] INFO  container.ReplicationManager (ReplicationManager.java:start(286)) - Starting Replication Monitor Thread.
2021-07-27 03:53:55,337 [ReplicationMonitor] INFO  container.ReplicationManager (ReplicationManager.java:processAll(341)) - Replication Monitor Thread took 0 milliseconds for processing 0 containers.
2021-07-27 03:53:55,339 [Time-limited test] INFO  safemode.ContainerSafeModeRule (ContainerSafeModeRule.java:<init>(89)) - containers with one replica threshold count 0
2021-07-27 03:53:55,343 [Time-limited test] INFO  safemode.HealthyPipelineSafeModeRule (HealthyPipelineSafeModeRule.java:initializeRule(156)) - Total pipeline count is 0, healthy pipeline threshold count is 1
2021-07-27 03:53:55,346 [Time-limited test] INFO  safemode.OneReplicaPipelineSafeModeRule (OneReplicaPipelineSafeModeRule.java:initializeRule(180)) - Total pipeline count is 0, pipeline's with at least one datanode reported threshold count is 0
2021-07-27 03:53:55,742 [Time-limited test] INFO  ipc.CallQueueManager (CallQueueManager.java:<init>(90)) - Using callQueue: class java.util.concurrent.LinkedBlockingQueue, queueCapacity: 10000, scheduler: class org.apache.hadoop.ipc.DefaultRpcScheduler, ipcBackoff: false.
2021-07-27 03:53:55,783 [Socket Reader #1 for port 13921] INFO  ipc.Server (Server.java:run(1265)) - Starting Socket Reader #1 for port 13921
2021-07-27 03:53:55,837 [Listener at 0.0.0.0/13921] INFO  ipc.CallQueueManager (CallQueueManager.java:<init>(90)) - Using callQueue: class java.util.concurrent.LinkedBlockingQueue, queueCapacity: 10000, scheduler: class org.apache.hadoop.ipc.DefaultRpcScheduler, ipcBackoff: false.
2021-07-27 03:53:55,842 [Socket Reader #1 for port 13922] INFO  ipc.Server (Server.java:run(1265)) - Starting Socket Reader #1 for port 13922
2021-07-27 03:53:55,861 [Listener at 0.0.0.0/13922] INFO  ipc.CallQueueManager (CallQueueManager.java:<init>(90)) - Using callQueue: class java.util.concurrent.LinkedBlockingQueue, queueCapacity: 10000, scheduler: class org.apache.hadoop.ipc.DefaultRpcScheduler, ipcBackoff: false.
2021-07-27 03:53:55,865 [Socket Reader #1 for port 13923] INFO  ipc.Server (Server.java:run(1265)) - Starting Socket Reader #1 for port 13923
2021-07-27 03:53:55,929 [Listener at 0.0.0.0/13923] INFO  server.StorageContainerManager (StorageContainerManager.java:<init>(380)) - 
Container Balancer status:
Key                            Value
Running                        true
Container Balancer Configuration values:
Key                            Value
Threshold                      0.1
Max Datanodes to Balance       5
Max Size to Move               10737418240B

2021-07-27 03:53:55,930 [Listener at 0.0.0.0/13923] WARN  events.EventQueue (EventQueue.java:fireEvent(194)) - No event handler registered for event TypedEvent{payloadType=SafeModeStatus, name='Safe mode status'}
2021-07-27 03:53:55,930 [Listener at 0.0.0.0/13923] INFO  ha.SCMContext (SCMContext.java:updateSafeModeStatus(205)) - Update SafeModeStatus from SafeModeStatus{safeModeStatus=true, preCheckPassed=false} to SafeModeStatus{safeModeStatus=true, preCheckPassed=false}.
2021-07-27 03:53:55,933 [Listener at 0.0.0.0/13923] INFO  server.StorageContainerManager (StorageContainerManager.java:start(1245)) - StorageContainerLocationProtocol RPC server is listening at /0.0.0.0:13923
2021-07-27 03:53:55,934 [Listener at 0.0.0.0/13923] INFO  ha.SCMRatisServerImpl (SCMRatisServerImpl.java:start(170)) - starting ratis server 0.0.0.0:13920
2021-07-27 03:53:55,935 [Listener at 0.0.0.0/13923] INFO  server.RaftServer$Division (RaftServerImpl.java:start(296)) - 4a006e23-4982-42e1-b4c7-2415bb8d98a0@group-DFE27FD2D808: start as a follower, conf=0: [4a006e23-4982-42e1-b4c7-2415bb8d98a0|rpc:localhost:13920|admin:|client:|dataStream:|priority:0], old=null
2021-07-27 03:53:55,935 [Listener at 0.0.0.0/13923] INFO  server.RaftServer$Division (RaftServerImpl.java:setRole(285)) - 4a006e23-4982-42e1-b4c7-2415bb8d98a0@group-DFE27FD2D808: changes role from      null to FOLLOWER at term 1 for startAsFollower
2021-07-27 03:53:55,936 [Listener at 0.0.0.0/13923] INFO  impl.RoleInfo (RoleInfo.java:updateAndGet(130)) - 4a006e23-4982-42e1-b4c7-2415bb8d98a0: start 4a006e23-4982-42e1-b4c7-2415bb8d98a0@group-DFE27FD2D808-FollowerState
2021-07-27 03:53:55,937 [Listener at 0.0.0.0/13923] INFO  util.JmxRegister (JmxRegister.java:tryRegister(44)) - Successfully registered JMX Bean with object name Ratis:service=RaftServer,group=group-DFE27FD2D808,id=4a006e23-4982-42e1-b4c7-2415bb8d98a0
2021-07-27 03:53:55,942 [Listener at 0.0.0.0/13923] INFO  server.RaftServer (RaftServerProxy.java:lambda$start$5(374)) - 4a006e23-4982-42e1-b4c7-2415bb8d98a0: start RPC server
2021-07-27 03:53:55,946 [Listener at 0.0.0.0/13923] INFO  server.GrpcService (GrpcService.java:startImpl(253)) - 4a006e23-4982-42e1-b4c7-2415bb8d98a0: GrpcService started, listening on 13920
2021-07-27 03:53:55,947 [Listener at 0.0.0.0/13923] INFO  ha.SCMHAManagerImpl (SCMHAManagerImpl.java:start(120)) -  scm role is FOLLOWER peers [4a006e23-4982-42e1-b4c7-2415bb8d98a0|rpc:localhost:13920|admin:|client:|dataStream:|priority:0]
2021-07-27 03:53:55,947 [Listener at 0.0.0.0/13923] INFO  ha.InterSCMGrpcService (InterSCMGrpcProtocolService.java:start(94)) - Starting SCM Grpc Service at port 13924
2021-07-27 03:53:55,962 [org.apache.ratis.util.JvmPauseMonitor$$Lambda$430/1677697972@153e504] INFO  util.JvmPauseMonitor (JvmPauseMonitor.java:run(103)) - JvmPauseMonitor-4a006e23-4982-42e1-b4c7-2415bb8d98a0: Started
2021-07-27 03:53:56,022 [Listener at 0.0.0.0/13923] WARN  impl.MetricsConfig (MetricsConfig.java:loadFirst(136)) - Cannot locate configuration: tried hadoop-metrics2-storagecontainermanager.properties,hadoop-metrics2.properties
2021-07-27 03:53:56,037 [Listener at 0.0.0.0/13923] INFO  impl.MetricsSystemImpl (MetricsSystemImpl.java:startTimer(378)) - Scheduled Metric snapshot period at 10 second(s).
2021-07-27 03:53:56,037 [Listener at 0.0.0.0/13923] INFO  impl.MetricsSystemImpl (MetricsSystemImpl.java:start(191)) - StorageContainerManager metrics system started
2021-07-27 03:53:56,363 [Listener at 0.0.0.0/13923] INFO  server.SCMClientProtocolServer (SCMClientProtocolServer.java:start(165)) - RPC server for Client  is listening at /0.0.0.0:13923
2021-07-27 03:53:56,365 [IPC Server Responder] INFO  ipc.Server (Server.java:run(1507)) - IPC Server Responder: starting
2021-07-27 03:53:56,389 [Listener at 0.0.0.0/13923] INFO  server.StorageContainerManager (StorageContainerManager.java:start(1260)) - ScmBlockLocationProtocol RPC server is listening at /0.0.0.0:13922
2021-07-27 03:53:56,390 [Listener at 0.0.0.0/13923] INFO  server.SCMBlockProtocolServer (SCMBlockProtocolServer.java:start(151)) - RPC server for Block Protocol is listening at /0.0.0.0:13922
2021-07-27 03:53:56,391 [IPC Server Responder] INFO  ipc.Server (Server.java:run(1507)) - IPC Server Responder: starting
2021-07-27 03:53:56,391 [IPC Server listener on 13922] INFO  ipc.Server (Server.java:run(1344)) - IPC Server listener on 13922: starting
2021-07-27 03:53:56,407 [Listener at 0.0.0.0/13923] INFO  server.StorageContainerManager (StorageContainerManager.java:start(1266)) - ScmDatanodeProtocl RPC server is listening at /0.0.0.0:13921
2021-07-27 03:53:56,416 [IPC Server listener on 13923] INFO  ipc.Server (Server.java:run(1344)) - IPC Server listener on 13923: starting
2021-07-27 03:53:56,432 [org.apache.hadoop.util.JvmPauseMonitor$Monitor@46efc3d0] INFO  util.JvmPauseMonitor (JvmPauseMonitor.java:run(188)) - Starting JVM pause monitor
2021-07-27 03:53:56,449 [Listener at 0.0.0.0/13923] INFO  http.BaseHttpServer (BaseHttpServer.java:newHttpServer2BuilderForOzone(209)) - Starting Web-server for scm at: http://0.0.0.0:13918
2021-07-27 03:53:56,450 [Listener at 0.0.0.0/13923] INFO  http.BaseHttpServer (BaseHttpServer.java:<init>(107)) - Hadoop Security Enabled: false Ozone Security Enabled: false Ozone HTTP Security Enabled: false 
2021-07-27 03:53:56,481 [Listener at 0.0.0.0/13923] INFO  util.log (Log.java:initialized(169)) - Logging initialized @10843ms to org.eclipse.jetty.util.log.Slf4jLog
2021-07-27 03:53:56,603 [Listener at 0.0.0.0/13923] INFO  server.AuthenticationFilter (AuthenticationFilter.java:constructSecretProvider(240)) - Unable to initialize FileSignerSecretProvider, falling back to use random secrets.
2021-07-27 03:53:56,609 [Listener at 0.0.0.0/13923] WARN  http.HttpRequestLog (HttpRequestLog.java:getRequestLog(103)) - Jetty request log can only be enabled using Log4j
2021-07-27 03:53:56,620 [Listener at 0.0.0.0/13923] INFO  http.HttpServer2 (HttpServer2.java:addGlobalFilter(1020)) - Added global filter 'safety' (class=org.apache.hadoop.hdds.server.http.HttpServer2$QuotingInputFilter)
2021-07-27 03:53:56,623 [Listener at 0.0.0.0/13923] INFO  http.HttpServer2 (HttpServer2.java:addFilter(996)) - Added filter static_user_filter (class=org.apache.hadoop.http.lib.StaticUserWebFilter$StaticUserFilter) to context scm
2021-07-27 03:53:56,623 [Listener at 0.0.0.0/13923] INFO  http.HttpServer2 (HttpServer2.java:addFilter(1004)) - Added filter static_user_filter (class=org.apache.hadoop.http.lib.StaticUserWebFilter$StaticUserFilter) to context logs
2021-07-27 03:53:56,623 [Listener at 0.0.0.0/13923] INFO  http.HttpServer2 (HttpServer2.java:addFilter(1004)) - Added filter static_user_filter (class=org.apache.hadoop.http.lib.StaticUserWebFilter$StaticUserFilter) to context static
2021-07-27 03:53:56,689 [Listener at 0.0.0.0/13923] INFO  http.HttpServer2 (HttpServer2.java:bindListener(1239)) - Jetty bound to port 13918
2021-07-27 03:53:56,691 [Listener at 0.0.0.0/13923] INFO  server.Server (Server.java:doStart(375)) - jetty-9.4.35.v20201120; built: 2020-11-20T21:17:03.964Z; git: bdc54f03a5e0a7e280fab27f55c3c75ee8da89fb; jvm 1.8.0_292-b10
2021-07-27 03:53:56,724 [Listener at 0.0.0.0/13923] INFO  server.session (DefaultSessionIdManager.java:doStart(334)) - DefaultSessionIdManager workerName=node0
2021-07-27 03:53:56,724 [Listener at 0.0.0.0/13923] INFO  server.session (DefaultSessionIdManager.java:doStart(339)) - No SessionScavenger set, using defaults
2021-07-27 03:53:56,726 [Listener at 0.0.0.0/13923] INFO  server.session (HouseKeeper.java:startScavenging(132)) - node0 Scavenging every 600000ms
2021-07-27 03:53:56,738 [Listener at 0.0.0.0/13923] INFO  handler.ContextHandler (ContextHandler.java:doStart(916)) - Started o.e.j.s.ServletContextHandler@32c404e{logs,/logs,file:///home/runner/work/ozone/ozone/mnt/ozone/hadoop-ozone/integration-test/target/log,AVAILABLE}
2021-07-27 03:53:56,739 [Listener at 0.0.0.0/13923] INFO  handler.ContextHandler (ContextHandler.java:doStart(916)) - Started o.e.j.s.ServletContextHandler@7f047f9c{static,/static,file:///home/runner/work/ozone/ozone/mnt/ozone/hadoop-ozone/integration-test/target/test-classes/webapps/static,AVAILABLE}
2021-07-27 03:53:56,787 [Listener at 0.0.0.0/13923] INFO  handler.ContextHandler (ContextHandler.java:doStart(916)) - Started o.e.j.w.WebAppContext@4b49ab47{scm,/,file:///home/runner/work/ozone/ozone/mnt/ozone/hadoop-ozone/integration-test/target/test-classes/webapps/scm/,AVAILABLE}{file:/home/runner/work/ozone/ozone/mnt/ozone/hadoop-ozone/integration-test/target/test-classes/webapps/scm}
2021-07-27 03:53:56,798 [Listener at 0.0.0.0/13923] INFO  server.AbstractConnector (AbstractConnector.java:doStart(331)) - Started ServerConnector@232a238f{HTTP/1.1, (http/1.1)}{0.0.0.0:13918}
2021-07-27 03:53:56,799 [Listener at 0.0.0.0/13923] INFO  server.Server (Server.java:doStart(415)) - Started @11162ms
2021-07-27 03:53:56,802 [Listener at 0.0.0.0/13923] INFO  impl.MetricsSinkAdapter (MetricsSinkAdapter.java:start(204)) - Sink prometheus started
2021-07-27 03:53:56,802 [Listener at 0.0.0.0/13923] INFO  impl.MetricsSystemImpl (MetricsSystemImpl.java:registerSink(305)) - Registered sink prometheus
2021-07-27 03:53:56,804 [Listener at 0.0.0.0/13923] INFO  http.BaseHttpServer (BaseHttpServer.java:updateConnectorAddress(329)) - HTTP server of scm listening at http://0.0.0.0:13918
2021-07-27 03:53:56,804 [Listener at 0.0.0.0/13923] INFO  ozone.MiniOzoneHAClusterImpl (MiniOzoneHAClusterImpl.java:createSCMService(563)) - Started SCM RPC server at org.apache.hadoop.hdds.scm.server.SCMClientProtocolServer@2c37b07f
2021-07-27 03:53:56,923 [Listener at 0.0.0.0/13923] INFO  ha.OMHANodeDetails (OMHANodeDetails.java:loadOMHAConfig(118)) - ServiceID for OzoneManager is om-bootstrap
2021-07-27 03:53:56,930 [Listener at 0.0.0.0/13923] INFO  ha.OMHANodeDetails (OMHANodeDetails.java:loadOMHAConfig(194)) - Found matching OM address with OMServiceId: om-bootstrap, OMNodeId: omNode-1, RPC Address: localhost:13324 and Ratis port: 13328
2021-07-27 03:53:56,930 [Listener at 0.0.0.0/13923] INFO  ha.OMHANodeDetails (ConfUtils.java:setNodeSpecificConfigs(108)) - Setting configuration key ozone.om.http-address with value of key ozone.om.http-address.om-bootstrap.omNode-1: 127.0.0.1:13326
2021-07-27 03:53:56,931 [Listener at 0.0.0.0/13923] INFO  ha.OMHANodeDetails (ConfUtils.java:setNodeSpecificConfigs(108)) - Setting configuration key ozone.om.https-address with value of key ozone.om.https-address.om-bootstrap.omNode-1: 127.0.0.1:13327
2021-07-27 03:53:56,931 [Listener at 0.0.0.0/13923] INFO  ha.OMHANodeDetails (ConfUtils.java:setNodeSpecificConfigs(108)) - Setting configuration key ozone.om.address with value of key ozone.om.address.om-bootstrap.omNode-1: 127.0.0.1:13324
2021-07-27 03:53:56,931 [Listener at 0.0.0.0/13923] WARN  server.ServerUtils (ServerUtils.java:getDBPath(225)) - ozone.om.db.dirs is not configured. We recommend adding this setting. Falling back to ozone.metadata.dirs instead.
2021-07-27 03:53:56,944 [Listener at 0.0.0.0/13923] INFO  ha.SCMNodeInfo (SCMNodeInfo.java:getPort(197)) - ConfigKey ozone.scm.client.address is deprecated, For configuring different ports for each SCM use PortConfigKey ozone.scm.client.port appended with serviceId and nodeId
2021-07-27 03:53:56,945 [Listener at 0.0.0.0/13923] INFO  ha.SCMNodeInfo (SCMNodeInfo.java:getPort(197)) - ConfigKey ozone.scm.block.client.address is deprecated, For configuring different ports for each SCM use PortConfigKey ozone.scm.block.client.port appended with serviceId and nodeId
2021-07-27 03:53:56,945 [Listener at 0.0.0.0/13923] INFO  ha.SCMNodeInfo (SCMNodeInfo.java:getPort(197)) - ConfigKey ozone.scm.datanode.address is deprecated, For configuring different ports for each SCM use PortConfigKey ozone.scm.datanode.port appended with serviceId and nodeId
2021-07-27 03:53:59,225 [Listener at 0.0.0.0/13923] INFO  retry.RetryInvocationHandler (RetryInvocationHandler.java:log(411)) - com.google.protobuf.ServiceException: org.apache.hadoop.ipc.RemoteException(org.apache.hadoop.hdds.ratis.ServerNotLeaderException): Server:4a006e23-4982-42e1-b4c7-2415bb8d98a0 is not the leader. Could not determine the leader node.
	at org.apache.hadoop.hdds.ratis.ServerNotLeaderException.convertToNotLeaderException(ServerNotLeaderException.java:109)
	at org.apache.hadoop.hdds.scm.ha.RatisUtil.checkRatisException(RatisUtil.java:196)
	at org.apache.hadoop.hdds.scm.protocol.ScmBlockLocationProtocolServerSideTranslatorPB.send(ScmBlockLocationProtocolServerSideTranslatorPB.java:108)
	at org.apache.hadoop.hdds.protocol.proto.ScmBlockLocationProtocolProtos$ScmBlockLocationProtocolService$2.callBlockingMethod(ScmBlockLocationProtocolProtos.java:13937)
	at org.apache.hadoop.ipc.ProtobufRpcEngine$Server.processCall(ProtobufRpcEngine.java:466)
	at org.apache.hadoop.ipc.ProtobufRpcEngine2$Server$ProtoBufRpcInvoker.call(ProtobufRpcEngine2.java:574)
	at org.apache.hadoop.ipc.ProtobufRpcEngine2$Server$ProtoBufRpcInvoker.call(ProtobufRpcEngine2.java:552)
	at org.apache.hadoop.ipc.RPC$Server.call(RPC.java:1093)
	at org.apache.hadoop.ipc.Server$RpcCall.run(Server.java:1035)
	at org.apache.hadoop.ipc.Server$RpcCall.run(Server.java:963)
	at java.security.AccessController.doPrivileged(Native Method)
	at javax.security.auth.Subject.doAs(Subject.java:422)
	at org.apache.hadoop.security.UserGroupInformation.doAs(UserGroupInformation.java:1878)
	at org.apache.hadoop.ipc.Server$Handler.run(Server.java:2966)
, while invoking $Proxy39.send over nodeId=scmNode-1,nodeAddress=/127.0.0.1:13922 after 1 failover attempts. Trying to failover after sleeping for 2000ms.
2021-07-27 03:54:01,079 [4a006e23-4982-42e1-b4c7-2415bb8d98a0@group-DFE27FD2D808-FollowerState] INFO  impl.FollowerState (FollowerState.java:run(134)) - 4a006e23-4982-42e1-b4c7-2415bb8d98a0@group-DFE27FD2D808-FollowerState: change to CANDIDATE, lastRpcElapsedTime:5144169122ns, electionTimeout:5133ms
2021-07-27 03:54:01,080 [4a006e23-4982-42e1-b4c7-2415bb8d98a0@group-DFE27FD2D808-FollowerState] INFO  impl.RoleInfo (RoleInfo.java:shutdownFollowerState(108)) - 4a006e23-4982-42e1-b4c7-2415bb8d98a0: shutdown 4a006e23-4982-42e1-b4c7-2415bb8d98a0@group-DFE27FD2D808-FollowerState
2021-07-27 03:54:01,080 [4a006e23-4982-42e1-b4c7-2415bb8d98a0@group-DFE27FD2D808-FollowerState] INFO  server.RaftServer$Division (RaftServerImpl.java:setRole(285)) - 4a006e23-4982-42e1-b4c7-2415bb8d98a0@group-DFE27FD2D808: changes role from  FOLLOWER to CANDIDATE at term 1 for changeToCandidate
2021-07-27 03:54:01,080 [4a006e23-4982-42e1-b4c7-2415bb8d98a0@group-DFE27FD2D808-FollowerState] INFO  server.RaftServerConfigKeys (ConfUtils.java:logGet(44)) - raft.server.leaderelection.pre-vote = false (custom)
2021-07-27 03:54:01,080 [4a006e23-4982-42e1-b4c7-2415bb8d98a0@group-DFE27FD2D808-FollowerState] INFO  impl.RoleInfo (RoleInfo.java:updateAndGet(130)) - 4a006e23-4982-42e1-b4c7-2415bb8d98a0: start 4a006e23-4982-42e1-b4c7-2415bb8d98a0@group-DFE27FD2D808-LeaderElection2
2021-07-27 03:54:01,084 [4a006e23-4982-42e1-b4c7-2415bb8d98a0@group-DFE27FD2D808-LeaderElection2] INFO  impl.LeaderElection (LeaderElection.java:askForVotes(306)) - 4a006e23-4982-42e1-b4c7-2415bb8d98a0@group-DFE27FD2D808-LeaderElection2 ELECTION round 0: submit vote requests at term 2 for 0: [4a006e23-4982-42e1-b4c7-2415bb8d98a0|rpc:localhost:13920|admin:|client:|dataStream:|priority:0], old=null
2021-07-27 03:54:01,085 [4a006e23-4982-42e1-b4c7-2415bb8d98a0@group-DFE27FD2D808-LeaderElection2] INFO  impl.LeaderElection (LeaderElection.java:askForVotes(308)) - 4a006e23-4982-42e1-b4c7-2415bb8d98a0@group-DFE27FD2D808-LeaderElection2 ELECTION round 0: result PASSED (term=2)
2021-07-27 03:54:01,085 [4a006e23-4982-42e1-b4c7-2415bb8d98a0@group-DFE27FD2D808-LeaderElection2] INFO  impl.RoleInfo (RoleInfo.java:shutdownLeaderElection(121)) - 4a006e23-4982-42e1-b4c7-2415bb8d98a0: shutdown 4a006e23-4982-42e1-b4c7-2415bb8d98a0@group-DFE27FD2D808-LeaderElection2
2021-07-27 03:54:01,085 [4a006e23-4982-42e1-b4c7-2415bb8d98a0@group-DFE27FD2D808-LeaderElection2] INFO  server.RaftServer$Division (RaftServerImpl.java:setRole(285)) - 4a006e23-4982-42e1-b4c7-2415bb8d98a0@group-DFE27FD2D808: changes role from CANDIDATE to LEADER at term 2 for changeToLeader
2021-07-27 03:54:01,085 [4a006e23-4982-42e1-b4c7-2415bb8d98a0@group-DFE27FD2D808-LeaderElection2] INFO  ha.SCMStateMachine (SCMStateMachine.java:notifyLeaderChanged(252)) - current SCM becomes leader of term 2.
2021-07-27 03:54:01,086 [4a006e23-4982-42e1-b4c7-2415bb8d98a0@group-DFE27FD2D808-LeaderElection2] INFO  ha.SCMContext (SCMContext.java:updateLeaderAndTerm(88)) - update <isLeader,term> from <false,0> to <true,2>
2021-07-27 03:54:01,088 [4a006e23-4982-42e1-b4c7-2415bb8d98a0@group-DFE27FD2D808-LeaderElection2] INFO  server.RaftServer$Division (ServerState.java:setLeader(285)) - 4a006e23-4982-42e1-b4c7-2415bb8d98a0@group-DFE27FD2D808: change Leader from null to 4a006e23-4982-42e1-b4c7-2415bb8d98a0 at term 2 for becomeLeader, leader elected after 6155ms
2021-07-27 03:54:01,088 [4a006e23-4982-42e1-b4c7-2415bb8d98a0@group-DFE27FD2D808-LeaderElection2] INFO  server.RaftServerConfigKeys (ConfUtils.java:logGet(44)) - raft.server.staging.catchup.gap = 1000 (default)
2021-07-27 03:54:01,088 [4a006e23-4982-42e1-b4c7-2415bb8d98a0@group-DFE27FD2D808-LeaderElection2] INFO  server.RaftServerConfigKeys (ConfUtils.java:logGet(44)) - raft.server.write.element-limit = 4096 (default)
2021-07-27 03:54:01,088 [4a006e23-4982-42e1-b4c7-2415bb8d98a0@group-DFE27FD2D808-LeaderElection2] INFO  server.RaftServerConfigKeys (ConfUtils.java:logGet(44)) - raft.server.write.byte-limit = 64MB (=67108864) (default)
2021-07-27 03:54:01,089 [4a006e23-4982-42e1-b4c7-2415bb8d98a0@group-DFE27FD2D808-LeaderElection2] INFO  server.RaftServerConfigKeys (ConfUtils.java:logGet(44)) - raft.server.watch.timeout = 10s (default)
2021-07-27 03:54:01,089 [4a006e23-4982-42e1-b4c7-2415bb8d98a0@group-DFE27FD2D808-LeaderElection2] INFO  server.RaftServerConfigKeys (ConfUtils.java:logGet(44)) - raft.server.watch.timeout.denomination = 1s (default)
2021-07-27 03:54:01,089 [4a006e23-4982-42e1-b4c7-2415bb8d98a0@group-DFE27FD2D808-LeaderElection2] INFO  server.RaftServerConfigKeys (ConfUtils.java:logGet(44)) - raft.server.watch.element-limit = 65536 (default)
2021-07-27 03:54:01,089 [4a006e23-4982-42e1-b4c7-2415bb8d98a0@group-DFE27FD2D808-LeaderElection2] INFO  impl.RoleInfo (RoleInfo.java:updateAndGet(130)) - 4a006e23-4982-42e1-b4c7-2415bb8d98a0: start 4a006e23-4982-42e1-b4c7-2415bb8d98a0@group-DFE27FD2D808-LeaderStateImpl
2021-07-27 03:54:01,090 [4a006e23-4982-42e1-b4c7-2415bb8d98a0@group-DFE27FD2D808-LeaderElection2] INFO  segmented.SegmentedRaftLogWorker (SegmentedRaftLogWorker.java:rollLogSegment(399)) - 4a006e23-4982-42e1-b4c7-2415bb8d98a0@group-DFE27FD2D808-SegmentedRaftLogWorker: Rolling segment log-0_0 to index:0
2021-07-27 03:54:01,093 [4a006e23-4982-42e1-b4c7-2415bb8d98a0@group-DFE27FD2D808-SegmentedRaftLogWorker] INFO  segmented.SegmentedRaftLogWorker (SegmentedRaftLogWorker.java:execute(558)) - 4a006e23-4982-42e1-b4c7-2415bb8d98a0@group-DFE27FD2D808-SegmentedRaftLogWorker: Rolled log segment from /home/runner/work/ozone/ozone/mnt/ozone/hadoop-ozone/integration-test/target/test-dir/MiniOzoneClusterImpl-b10bafd4-cc06-4e81-8a2f-dfe27fd2d808/scmNode-1/scm-ha/b10bafd4-cc06-4e81-8a2f-dfe27fd2d808/current/log_inprogress_0 to /home/runner/work/ozone/ozone/mnt/ozone/hadoop-ozone/integration-test/target/test-dir/MiniOzoneClusterImpl-b10bafd4-cc06-4e81-8a2f-dfe27fd2d808/scmNode-1/scm-ha/b10bafd4-cc06-4e81-8a2f-dfe27fd2d808/current/log_0-0
2021-07-27 03:54:01,098 [4a006e23-4982-42e1-b4c7-2415bb8d98a0@group-DFE27FD2D808-SegmentedRaftLogWorker] INFO  segmented.SegmentedRaftLogWorker (SegmentedRaftLogWorker.java:execute(601)) - 4a006e23-4982-42e1-b4c7-2415bb8d98a0@group-DFE27FD2D808-SegmentedRaftLogWorker: created new log segment /home/runner/work/ozone/ozone/mnt/ozone/hadoop-ozone/integration-test/target/test-dir/MiniOzoneClusterImpl-b10bafd4-cc06-4e81-8a2f-dfe27fd2d808/scmNode-1/scm-ha/b10bafd4-cc06-4e81-8a2f-dfe27fd2d808/current/log_inprogress_1
2021-07-27 03:54:01,106 [4a006e23-4982-42e1-b4c7-2415bb8d98a0@group-DFE27FD2D808-LeaderElection2] INFO  server.RaftServer$Division (ServerState.java:setRaftConf(387)) - 4a006e23-4982-42e1-b4c7-2415bb8d98a0@group-DFE27FD2D808: set configuration 1: [4a006e23-4982-42e1-b4c7-2415bb8d98a0|rpc:localhost:13920|admin:|client:|dataStream:|priority:0], old=null
2021-07-27 03:54:01,107 [4a006e23-4982-42e1-b4c7-2415bb8d98a0@group-DFE27FD2D808-StateMachineUpdater] INFO  ha.SCMContext (SCMContext.java:setLeaderReady(115)) - update <isLeaderReady> from <false> to <true>
2021-07-27 03:54:01,108 [4a006e23-4982-42e1-b4c7-2415bb8d98a0@group-DFE27FD2D808-StateMachineUpdater] INFO  pipeline.BackgroundPipelineCreator (BackgroundPipelineCreatorV2.java:notifyStatusChanged(264)) - Service BackgroundPipelineCreator transitions to RUNNING.
2021-07-27 03:54:01,109 [4a006e23-4982-42e1-b4c7-2415bb8d98a0@group-DFE27FD2D808-StateMachineUpdater] INFO  safemode.HealthyPipelineSafeModeRule (HealthyPipelineSafeModeRule.java:initializeRule(152)) - Refreshed total pipeline count is 0, healthy pipeline threshold count is 1
2021-07-27 03:54:01,110 [4a006e23-4982-42e1-b4c7-2415bb8d98a0@group-DFE27FD2D808-StateMachineUpdater] INFO  safemode.ContainerSafeModeRule (ContainerSafeModeRule.java:reInitializeRule(177)) - Refreshed one replica container threshold 0, currentThreshold 0
2021-07-27 03:54:01,110 [4a006e23-4982-42e1-b4c7-2415bb8d98a0@group-DFE27FD2D808-StateMachineUpdater] INFO  safemode.OneReplicaPipelineSafeModeRule (OneReplicaPipelineSafeModeRule.java:initializeRule(176)) - Refreshed Total pipeline count is 0, pipeline's with at least one datanode reported threshold count is 0
2021-07-27 03:54:01,111 [4a006e23-4982-42e1-b4c7-2415bb8d98a0@group-DFE27FD2D808-StateMachineUpdater] INFO  server.SCMDatanodeProtocolServer (SCMDatanodeProtocolServer.java:start(181)) - RPC server for DataNodes is listening at /0.0.0.0:13921
2021-07-27 03:54:01,118 [IPC Server Responder] INFO  ipc.Server (Server.java:run(1507)) - IPC Server Responder: starting
2021-07-27 03:54:01,122 [IPC Server listener on 13921] INFO  ipc.Server (Server.java:run(1344)) - IPC Server listener on 13921: starting
OM initialization succeeded.Current cluster id for sd=/home/runner/work/ozone/ozone/mnt/ozone/hadoop-ozone/integration-test/target/test-dir/MiniOzoneClusterImpl-b10bafd4-cc06-4e81-8a2f-dfe27fd2d808/omNode-1/om;cid=b10bafd4-cc06-4e81-8a2f-dfe27fd2d808;layoutVersion=0
2021-07-27 03:54:01,265 [Listener at 0.0.0.0/13923] INFO  ha.OMHANodeDetails (OMHANodeDetails.java:loadOMHAConfig(118)) - ServiceID for OzoneManager is om-bootstrap
2021-07-27 03:54:01,266 [Listener at 0.0.0.0/13923] INFO  ha.OMHANodeDetails (OMHANodeDetails.java:loadOMHAConfig(194)) - Found matching OM address with OMServiceId: om-bootstrap, OMNodeId: omNode-1, RPC Address: localhost:13324 and Ratis port: 13328
2021-07-27 03:54:01,266 [Listener at 0.0.0.0/13923] INFO  ha.OMHANodeDetails (ConfUtils.java:setNodeSpecificConfigs(108)) - Setting configuration key ozone.om.http-address with value of key ozone.om.http-address.om-bootstrap.omNode-1: 127.0.0.1:13326
2021-07-27 03:54:01,266 [Listener at 0.0.0.0/13923] INFO  ha.OMHANodeDetails (ConfUtils.java:setNodeSpecificConfigs(108)) - Setting configuration key ozone.om.https-address with value of key ozone.om.https-address.om-bootstrap.omNode-1: 127.0.0.1:13327
2021-07-27 03:54:01,266 [Listener at 0.0.0.0/13923] INFO  ha.OMHANodeDetails (ConfUtils.java:setNodeSpecificConfigs(108)) - Setting configuration key ozone.om.address with value of key ozone.om.address.om-bootstrap.omNode-1: 127.0.0.1:13324
2021-07-27 03:54:01,267 [Listener at 0.0.0.0/13923] WARN  server.ServerUtils (ServerUtils.java:getDBPath(225)) - ozone.om.db.dirs is not configured. We recommend adding this setting. Falling back to ozone.metadata.dirs instead.
2021-07-27 03:54:01,269 [Listener at 0.0.0.0/13923] INFO  upgrade.AbstractLayoutVersionManager (AbstractLayoutVersionManager.java:init(70)) - Initializing Layout version manager with metadata layout = INITIAL_VERSION (version = 0), software layout = INITIAL_VERSION (version = 0)
2021-07-27 03:54:01,325 [Listener at 0.0.0.0/13923] INFO  reflections.Reflections (Reflections.java:scan(232)) - Reflections took 52 ms to scan 2 urls, producing 131 keys and 342 values [using 2 cores]
2021-07-27 03:54:01,341 [Listener at 0.0.0.0/13923] INFO  upgrade.OMLayoutVersionManager (OMLayoutVersionManager.java:lambda$0(116)) - Skipping Upgrade Action MockOmUpgradeAction since it has been finalized.
2021-07-27 03:54:01,342 [Listener at 0.0.0.0/13923] WARN  server.ServerUtils (ServerUtils.java:getDBPath(225)) - ozone.om.db.dirs is not configured. We recommend adding this setting. Falling back to ozone.metadata.dirs instead.
2021-07-27 03:54:01,348 [Listener at 0.0.0.0/13923] INFO  ha.SCMNodeInfo (SCMNodeInfo.java:getPort(197)) - ConfigKey ozone.scm.client.address is deprecated, For configuring different ports for each SCM use PortConfigKey ozone.scm.client.port appended with serviceId and nodeId
2021-07-27 03:54:01,349 [Listener at 0.0.0.0/13923] INFO  ha.SCMNodeInfo (SCMNodeInfo.java:getPort(197)) - ConfigKey ozone.scm.block.client.address is deprecated, For configuring different ports for each SCM use PortConfigKey ozone.scm.block.client.port appended with serviceId and nodeId
2021-07-27 03:54:01,349 [Listener at 0.0.0.0/13923] INFO  ha.SCMNodeInfo (SCMNodeInfo.java:getPort(197)) - ConfigKey ozone.scm.datanode.address is deprecated, For configuring different ports for each SCM use PortConfigKey ozone.scm.datanode.port appended with serviceId and nodeId
2021-07-27 03:54:01,501 [Listener at 0.0.0.0/13923] INFO  ha.SCMNodeInfo (SCMNodeInfo.java:getPort(197)) - ConfigKey ozone.scm.client.address is deprecated, For configuring different ports for each SCM use PortConfigKey ozone.scm.client.port appended with serviceId and nodeId
2021-07-27 03:54:01,501 [Listener at 0.0.0.0/13923] INFO  ha.SCMNodeInfo (SCMNodeInfo.java:getPort(197)) - ConfigKey ozone.scm.block.client.address is deprecated, For configuring different ports for each SCM use PortConfigKey ozone.scm.block.client.port appended with serviceId and nodeId
2021-07-27 03:54:01,501 [Listener at 0.0.0.0/13923] INFO  ha.SCMNodeInfo (SCMNodeInfo.java:getPort(197)) - ConfigKey ozone.scm.datanode.address is deprecated, For configuring different ports for each SCM use PortConfigKey ozone.scm.datanode.port appended with serviceId and nodeId
2021-07-27 03:54:01,503 [Listener at 0.0.0.0/13923] INFO  ha.SCMNodeInfo (SCMNodeInfo.java:getPort(197)) - ConfigKey ozone.scm.client.address is deprecated, For configuring different ports for each SCM use PortConfigKey ozone.scm.client.port appended with serviceId and nodeId
2021-07-27 03:54:01,503 [Listener at 0.0.0.0/13923] INFO  ha.SCMNodeInfo (SCMNodeInfo.java:getPort(197)) - ConfigKey ozone.scm.block.client.address is deprecated, For configuring different ports for each SCM use PortConfigKey ozone.scm.block.client.port appended with serviceId and nodeId
2021-07-27 03:54:01,503 [Listener at 0.0.0.0/13923] INFO  ha.SCMNodeInfo (SCMNodeInfo.java:getPort(197)) - ConfigKey ozone.scm.datanode.address is deprecated, For configuring different ports for each SCM use PortConfigKey ozone.scm.datanode.port appended with serviceId and nodeId
2021-07-27 03:54:01,544 [Listener at 0.0.0.0/13923] WARN  server.ServerUtils (ServerUtils.java:getDBPath(225)) - ozone.om.db.dirs is not configured. We recommend adding this setting. Falling back to ozone.metadata.dirs instead.
2021-07-27 03:54:01,552 [Listener at 0.0.0.0/13923] INFO  codec.OmKeyInfoCodec (OmKeyInfoCodec.java:<init>(51)) - OmKeyInfoCodec ignorePipeline = true
2021-07-27 03:54:01,553 [Listener at 0.0.0.0/13923] INFO  codec.RepeatedOmKeyInfoCodec (RepeatedOmKeyInfoCodec.java:<init>(42)) - RepeatedOmKeyInfoCodec ignorePipeline = true
2021-07-27 03:54:01,775 [Listener at 0.0.0.0/13923] INFO  om.OzoneManager (OzoneManager.java:addS3GVolumeToDB(4084)) - Created Volume s3v With Owner runner required for S3Gateway operations.
2021-07-27 03:54:01,850 [Listener at 0.0.0.0/13923] WARN  server.ServerUtils (ServerUtils.java:getDefaultRatisDirectory(237)) - Storage directory for Ratis is not configured. It is a good idea to map this to an SSD disk. Falling back to ozone.metadata.dirs
2021-07-27 03:54:01,850 [Listener at 0.0.0.0/13923] WARN  utils.OzoneManagerRatisUtils (OzoneManagerRatisUtils.java:getOMRatisSnapshotDirectory(391)) - ozone.om.ratis.snapshot.dir is not configured. Falling back to ozone.metadata.dirs config
2021-07-27 03:54:01,852 [Listener at 0.0.0.0/13923] INFO  snapshot.OzoneManagerSnapshotProvider (OzoneManagerSnapshotProvider.java:<init>(76)) - Initializing OM Snapshot Provider
2021-07-27 03:54:01,997 [Listener at 0.0.0.0/13923] WARN  impl.MetricRegistriesImpl (MetricRegistriesImpl.java:addReporterRegistration(111)) - New reporters are added after registries were created. Some metrics will be missing from the reporter. Please add reporter before adding any new registry.
2021-07-27 03:54:01,998 [Listener at 0.0.0.0/13923] WARN  impl.MetricRegistriesImpl (MetricRegistriesImpl.java:addReporterRegistration(111)) - New reporters are added after registries were created. Some metrics will be missing from the reporter. Please add reporter before adding any new registry.
2021-07-27 03:54:02,002 [Listener at 0.0.0.0/13923] WARN  server.ServerUtils (ServerUtils.java:getDefaultRatisDirectory(237)) - Storage directory for Ratis is not configured. It is a good idea to map this to an SSD disk. Falling back to ozone.metadata.dirs
2021-07-27 03:54:02,005 [Listener at 0.0.0.0/13923] INFO  ratis.OzoneManagerRatisServer (OzoneManagerRatisServer.java:<init>(158)) - Instantiating OM Ratis server with groupID: om-bootstrap and peers: localhost:13328, localhost:13340, localhost:13334
2021-07-27 03:54:02,008 [Listener at 0.0.0.0/13923] INFO  ratis.OzoneManagerStateMachine (OzoneManagerStateMachine.java:loadSnapshotInfoFromDB(605)) - LastAppliedIndex is set from TransactionInfo from OM DB as (t:0, i:~)
2021-07-27 03:54:02,020 [Listener at 0.0.0.0/13923] INFO  server.RaftServer (ConfUtils.java:logGet(44)) - raft.rpc.type = GRPC (default)
2021-07-27 03:54:02,021 [Listener at 0.0.0.0/13923] INFO  grpc.GrpcFactory (GrpcFactory.java:checkPooledByteBufAllocatorUseCacheForAllThreads(48)) - PERFORMANCE WARNING: useCacheForAllThreads is true that may cause Netty to create a lot garbage objects and, as a result, trigger GC.
	It is recommended to disable useCacheForAllThreads by setting -Dorg.apache.ratis.thirdparty.io.netty.allocator.useCacheForAllThreads=false in command line.
2021-07-27 03:54:02,021 [Listener at 0.0.0.0/13923] INFO  grpc.GrpcConfigKeys (ConfUtils.java:logGet(44)) - raft.grpc.admin.port = -1 (default)
2021-07-27 03:54:02,021 [Listener at 0.0.0.0/13923] INFO  grpc.GrpcConfigKeys (ConfUtils.java:logGet(44)) - raft.grpc.server.port = 13328 (custom)
2021-07-27 03:54:02,021 [Listener at 0.0.0.0/13923] INFO  grpc.GrpcConfigKeys (ConfUtils.java:logGet(44)) - raft.grpc.client.port = -1 (default)
2021-07-27 03:54:02,021 [Listener at 0.0.0.0/13923] INFO  grpc.GrpcConfigKeys (ConfUtils.java:logGet(44)) - raft.grpc.server.port = 13328 (custom)
2021-07-27 03:54:02,022 [Listener at 0.0.0.0/13923] INFO  grpc.GrpcConfigKeys (ConfUtils.java:logGet(44)) - raft.grpc.server.port = 13328 (custom)
2021-07-27 03:54:02,022 [Listener at 0.0.0.0/13923] INFO  server.GrpcService (ConfUtils.java:logGet(44)) - raft.grpc.message.size.max = 33554432 (custom)
2021-07-27 03:54:02,022 [Listener at 0.0.0.0/13923] INFO  server.RaftServerConfigKeys (ConfUtils.java:logGet(44)) - raft.server.log.appender.buffer.byte-limit = 33554432 (custom)
2021-07-27 03:54:02,022 [Listener at 0.0.0.0/13923] INFO  server.GrpcService (ConfUtils.java:logGet(44)) - raft.grpc.flow.control.window = 1MB (=1048576) (default)
2021-07-27 03:54:02,022 [Listener at 0.0.0.0/13923] INFO  server.RaftServerConfigKeys (ConfUtils.java:logGet(44)) - raft.server.rpc.request.timeout = 3000ms (default)
2021-07-27 03:54:02,023 [Listener at 0.0.0.0/13923] INFO  impl.DataStreamServerImpl (ConfUtils.java:logGet(44)) - raft.datastream.type = DISABLED (default)
2021-07-27 03:54:02,023 [Listener at 0.0.0.0/13923] INFO  server.RaftServerConfigKeys (ConfUtils.java:logGet(44)) - raft.server.rpc.slowness.timeout = 2s (custom)
2021-07-27 03:54:02,024 [Listener at 0.0.0.0/13923] INFO  server.RaftServerConfigKeys (ConfUtils.java:logGet(44)) - raft.server.leaderelection.leader.step-down.wait-time = 10s (default)
2021-07-27 03:54:02,024 [Listener at 0.0.0.0/13923] INFO  server.RaftServerConfigKeys (ConfUtils.java:logGet(44)) - raft.server.storage.dir = [/home/runner/work/ozone/ozone/mnt/ozone/hadoop-ozone/integration-test/target/test-dir/MiniOzoneClusterImpl-b10bafd4-cc06-4e81-8a2f-dfe27fd2d808/omNode-1/ratis] (custom)
2021-07-27 03:54:02,024 [Listener at 0.0.0.0/13923] INFO  server.RaftServer (RaftServerProxy.java:addNew(95)) - omNode-1: addNew group-33FC8B15A7E9:[omNode-3|rpc:localhost:13340|priority:0, omNode-1|rpc:localhost:13328|priority:0, omNode-2|rpc:localhost:13334|priority:0] returns group-33FC8B15A7E9:java.util.concurrent.CompletableFuture@6c38132[Not completed]
2021-07-27 03:54:02,024 [Listener at 0.0.0.0/13923] INFO  om.OzoneManager (OzoneManager.java:initializeRatisServer(1542)) - OzoneManager Ratis server initialized at port 13328
2021-07-27 03:54:02,034 [pool-44-thread-1] INFO  server.RaftServer$Division (RaftServerImpl.java:<init>(181)) - omNode-1: new RaftServerImpl for group-33FC8B15A7E9:[omNode-3|rpc:localhost:13340|priority:0, omNode-1|rpc:localhost:13328|priority:0, omNode-2|rpc:localhost:13334|priority:0] with OzoneManagerStateMachine:uninitialized
2021-07-27 03:54:02,035 [pool-44-thread-1] INFO  server.RaftServerConfigKeys (ConfUtils.java:logGet(44)) - raft.server.rpc.timeout.min = 1s (custom)
2021-07-27 03:54:02,035 [pool-44-thread-1] INFO  server.RaftServerConfigKeys (ConfUtils.java:logGet(44)) - raft.server.rpc.timeout.max = 1200ms (custom)
2021-07-27 03:54:02,035 [pool-44-thread-1] INFO  server.RaftServerConfigKeys (ConfUtils.java:logGet(44)) - raft.server.rpc.sleep.time = 25ms (default)
2021-07-27 03:54:02,035 [pool-44-thread-1] INFO  server.RaftServerConfigKeys (ConfUtils.java:logGet(44)) - raft.server.rpc.slowness.timeout = 2s (custom)
2021-07-27 03:54:02,036 [pool-44-thread-1] INFO  server.RaftServerConfigKeys (ConfUtils.java:logGet(44)) - raft.server.leaderelection.leader.step-down.wait-time = 10s (default)
2021-07-27 03:54:02,036 [pool-44-thread-1] INFO  server.RaftServerConfigKeys (ConfUtils.java:logGet(44)) - raft.server.sleep.deviation.threshold = 300ms (default)
2021-07-27 03:54:02,036 [pool-44-thread-1] INFO  server.RaftServerConfigKeys (ConfUtils.java:logGet(44)) - raft.server.log.appender.install.snapshot.enabled = false (custom)
2021-07-27 03:54:02,036 [pool-44-thread-1] INFO  server.RaftServer$Division (ServerState.java:<init>(105)) - omNode-1@group-33FC8B15A7E9: ConfigurationManager, init=-1: [omNode-3|rpc:localhost:13340|priority:0, omNode-1|rpc:localhost:13328|priority:0, omNode-2|rpc:localhost:13334|priority:0], old=null, confs=<EMPTY_MAP>
2021-07-27 03:54:02,036 [pool-44-thread-1] INFO  server.RaftServerConfigKeys (ConfUtils.java:logGet(44)) - raft.server.storage.dir = [/home/runner/work/ozone/ozone/mnt/ozone/hadoop-ozone/integration-test/target/test-dir/MiniOzoneClusterImpl-b10bafd4-cc06-4e81-8a2f-dfe27fd2d808/omNode-1/ratis] (custom)
2021-07-27 03:54:02,036 [pool-44-thread-1] INFO  server.RaftServerConfigKeys (ConfUtils.java:logGet(44)) - raft.server.log.corruption.policy = EXCEPTION (default)
2021-07-27 03:54:02,036 [pool-44-thread-1] INFO  server.RaftServerConfigKeys (ConfUtils.java:logGet(44)) - raft.server.storage.free-space.min = 0MB (=0) (default)
2021-07-27 03:54:02,037 [pool-44-thread-1] INFO  storage.RaftStorageDirectory (RaftStorageDirectoryImpl.java:analyzeStorage(135)) - The storage directory /home/runner/work/ozone/ozone/mnt/ozone/hadoop-ozone/integration-test/target/test-dir/MiniOzoneClusterImpl-b10bafd4-cc06-4e81-8a2f-dfe27fd2d808/omNode-1/ratis/a5a8c63e-4922-3a03-b163-33fc8b15a7e9 does not exist. Creating ...
2021-07-27 03:54:02,042 [Listener at 0.0.0.0/13923] INFO  ipc.CallQueueManager (CallQueueManager.java:<init>(90)) - Using callQueue: class java.util.concurrent.LinkedBlockingQueue, queueCapacity: 2000, scheduler: class org.apache.hadoop.ipc.DefaultRpcScheduler, ipcBackoff: false.
2021-07-27 03:54:02,043 [pool-44-thread-1] INFO  storage.RaftStorageDirectory (RaftStorageDirectoryImpl.java:tryLock(230)) - Lock on /home/runner/work/ozone/ozone/mnt/ozone/hadoop-ozone/integration-test/target/test-dir/MiniOzoneClusterImpl-b10bafd4-cc06-4e81-8a2f-dfe27fd2d808/omNode-1/ratis/a5a8c63e-4922-3a03-b163-33fc8b15a7e9/in_use.lock acquired by nodename 18840@fv-az148-176
2021-07-27 03:54:02,050 [pool-44-thread-1] INFO  storage.RaftStorage (RaftStorageImpl.java:format(89)) - Storage directory /home/runner/work/ozone/ozone/mnt/ozone/hadoop-ozone/integration-test/target/test-dir/MiniOzoneClusterImpl-b10bafd4-cc06-4e81-8a2f-dfe27fd2d808/omNode-1/ratis/a5a8c63e-4922-3a03-b163-33fc8b15a7e9 has been successfully formatted.
2021-07-27 03:54:02,051 [Socket Reader #1 for port 13324] INFO  ipc.Server (Server.java:run(1265)) - Starting Socket Reader #1 for port 13324
2021-07-27 03:54:02,051 [pool-44-thread-1] INFO  server.RaftServerConfigKeys (ConfUtils.java:logGet(44)) - raft.server.notification.no-leader.timeout = 2s (custom)
2021-07-27 03:54:02,051 [pool-44-thread-1] INFO  server.RaftServerConfigKeys (ConfUtils.java:logGet(44)) - raft.server.log.use.memory = false (default)
2021-07-27 03:54:02,052 [pool-44-thread-1] INFO  server.RaftServerConfigKeys (ConfUtils.java:logGet(44)) - raft.server.log.purge.gap = 1000000 (custom)
2021-07-27 03:54:02,052 [pool-44-thread-1] INFO  server.RaftServerConfigKeys (ConfUtils.java:logGet(44)) - raft.server.log.appender.buffer.byte-limit = 33554432 (custom)
2021-07-27 03:54:02,057 [pool-44-thread-1] INFO  server.RaftServerConfigKeys (ConfUtils.java:logGet(44)) - raft.server.log.segment.size.max = 4194304 (custom)
2021-07-27 03:54:02,057 [pool-44-thread-1] INFO  server.RaftServerConfigKeys (ConfUtils.java:logGet(44)) - raft.server.log.segment.cache.num.max = 2 (custom)
2021-07-27 03:54:02,057 [pool-44-thread-1] INFO  server.RaftServerConfigKeys (ConfUtils.java:logGet(44)) - raft.server.log.segment.cache.size.max = 200MB (=209715200) (default)
2021-07-27 03:54:02,057 [pool-44-thread-1] INFO  segmented.SegmentedRaftLogWorker (SegmentedRaftLogWorker.java:<init>(182)) - new omNode-1@group-33FC8B15A7E9-SegmentedRaftLogWorker for RaftStorageImpl:Storage Directory /home/runner/work/ozone/ozone/mnt/ozone/hadoop-ozone/integration-test/target/test-dir/MiniOzoneClusterImpl-b10bafd4-cc06-4e81-8a2f-dfe27fd2d808/omNode-1/ratis/a5a8c63e-4922-3a03-b163-33fc8b15a7e9
2021-07-27 03:54:02,058 [pool-44-thread-1] INFO  server.RaftServerConfigKeys (ConfUtils.java:logGet(44)) - raft.server.log.queue.byte-limit = 64MB (=67108864) (default)
2021-07-27 03:54:02,058 [pool-44-thread-1] INFO  server.RaftServerConfigKeys (ConfUtils.java:logGet(44)) - raft.server.log.queue.element-limit = 4096 (default)
2021-07-27 03:54:02,058 [pool-44-thread-1] INFO  server.RaftServerConfigKeys (ConfUtils.java:logGet(44)) - raft.server.log.segment.size.max = 4194304 (custom)
2021-07-27 03:54:02,058 [pool-44-thread-1] INFO  server.RaftServerConfigKeys (ConfUtils.java:logGet(44)) - raft.server.log.preallocated.size = 4194304 (custom)
2021-07-27 03:54:02,058 [pool-44-thread-1] INFO  server.RaftServerConfigKeys (ConfUtils.java:logGet(44)) - raft.server.log.force.sync.num = 128 (default)
2021-07-27 03:54:02,058 [pool-44-thread-1] INFO  server.RaftServerConfigKeys (ConfUtils.java:logGet(44)) - raft.server.log.statemachine.data.sync = true (default)
2021-07-27 03:54:02,058 [pool-44-thread-1] INFO  server.RaftServerConfigKeys (ConfUtils.java:logGet(44)) - raft.server.log.statemachine.data.sync.timeout = 10s (default)
2021-07-27 03:54:02,058 [pool-44-thread-1] INFO  server.RaftServerConfigKeys (ConfUtils.java:logGet(44)) - raft.server.log.statemachine.data.sync.timeout.retry = -1 (default)
2021-07-27 03:54:02,059 [pool-44-thread-1] INFO  server.RaftServerConfigKeys (ConfUtils.java:logGet(44)) - raft.server.log.write.buffer.size = 64KB (=65536) (default)
2021-07-27 03:54:02,059 [pool-44-thread-1] INFO  server.RaftServerConfigKeys (ConfUtils.java:logGet(44)) - raft.server.log.statemachine.data.caching.enabled = false (default)
2021-07-27 03:54:02,059 [pool-44-thread-1] INFO  segmented.SegmentedRaftLogWorker (SegmentedRaftLogWorker.java:lambda$new$0(133)) - omNode-1@group-33FC8B15A7E9-SegmentedRaftLogWorker: flushIndex: setUnconditionally 0 -> -1
2021-07-27 03:54:02,059 [pool-44-thread-1] INFO  segmented.SegmentedRaftLogWorker (SegmentedRaftLogWorker.java:lambda$new$0(133)) - omNode-1@group-33FC8B15A7E9-SegmentedRaftLogWorker: safeCacheEvictIndex: setUnconditionally 0 -> -1
2021-07-27 03:54:02,060 [pool-44-thread-1] INFO  server.RaftServerConfigKeys (ConfUtils.java:logGet(44)) - raft.server.snapshot.auto.trigger.enabled = true (custom)
2021-07-27 03:54:02,060 [pool-44-thread-1] INFO  server.RaftServerConfigKeys (ConfUtils.java:logGet(44)) - raft.server.snapshot.auto.trigger.threshold = 400000 (default)
2021-07-27 03:54:02,060 [pool-44-thread-1] INFO  server.RaftServerConfigKeys (ConfUtils.java:logGet(44)) - raft.server.snapshot.retention.file.num = -1 (default)
2021-07-27 03:54:02,060 [pool-44-thread-1] INFO  server.RaftServerConfigKeys (ConfUtils.java:logGet(44)) - raft.server.log.purge.upto.snapshot.index = true (custom)
2021-07-27 03:54:02,060 [pool-44-thread-1] INFO  server.RaftServerConfigKeys (ConfUtils.java:logGet(44)) - raft.server.retrycache.expirytime = 300s (custom)
2021-07-27 03:54:02,060 [pool-44-thread-1] INFO  server.RaftServerConfigKeys (ConfUtils.java:logGet(44)) - raft.server.retrycache.statistics.expirytime = 100μs (default)
2021-07-27 03:54:02,086 [Listener at 127.0.0.1/13324] INFO  om.OzoneManager (OzoneManager.java:initFSOLayout(4290)) - Configured ozone.om.metadata.layout=SIMPLE and disabled optimized OM FS operations
2021-07-27 03:54:02,088 [Listener at 127.0.0.1/13324] INFO  impl.MetricsSystemImpl (MetricsSystemImpl.java:init(158)) - OzoneManager metrics system started (again)
2021-07-27 03:54:02,105 [Listener at 127.0.0.1/13324] INFO  om.OzoneManager (OzoneManager.java:start(1239)) - OzoneManager RPC server is listening at localhost/127.0.0.1:13324
2021-07-27 03:54:02,106 [Listener at 127.0.0.1/13324] INFO  ratis.OzoneManagerRatisServer (OzoneManagerRatisServer.java:start(516)) - Starting OzoneManagerRatisServer omNode-1 at port 13328
2021-07-27 03:54:02,106 [Listener at 127.0.0.1/13324] INFO  server.RaftServer$Division (RaftServerImpl.java:start(296)) - omNode-1@group-33FC8B15A7E9: start as a follower, conf=-1: [omNode-3|rpc:localhost:13340|priority:0, omNode-1|rpc:localhost:13328|priority:0, omNode-2|rpc:localhost:13334|priority:0], old=null
2021-07-27 03:54:02,106 [Listener at 127.0.0.1/13324] INFO  server.RaftServer$Division (RaftServerImpl.java:setRole(285)) - omNode-1@group-33FC8B15A7E9: changes role from      null to FOLLOWER at term 0 for startAsFollower
2021-07-27 03:54:02,106 [Listener at 127.0.0.1/13324] INFO  impl.RoleInfo (RoleInfo.java:updateAndGet(130)) - omNode-1: start omNode-1@group-33FC8B15A7E9-FollowerState
2021-07-27 03:54:02,107 [Listener at 127.0.0.1/13324] INFO  util.JmxRegister (JmxRegister.java:tryRegister(44)) - Successfully registered JMX Bean with object name Ratis:service=RaftServer,group=group-33FC8B15A7E9,id=omNode-1
2021-07-27 03:54:02,109 [Listener at 127.0.0.1/13324] INFO  server.RaftServer (RaftServerProxy.java:lambda$start$5(374)) - omNode-1: start RPC server
2021-07-27 03:54:02,113 [Listener at 127.0.0.1/13324] INFO  server.GrpcService (GrpcService.java:startImpl(253)) - omNode-1: GrpcService started, listening on 13328
2021-07-27 03:54:02,113 [org.apache.ratis.util.JvmPauseMonitor$$Lambda$430/1677697972@6948a057] INFO  util.JvmPauseMonitor (JvmPauseMonitor.java:run(103)) - JvmPauseMonitor-omNode-1: Started
2021-07-27 03:54:02,113 [Listener at 127.0.0.1/13324] INFO  om.OzoneManager (OzoneManager.java:start(1257)) - Version File has different layout version (0) than OM DB (null). That is expected if this OM has never been finalized to a newer layout version.
2021-07-27 03:54:02,125 [Listener at 127.0.0.1/13324] INFO  http.BaseHttpServer (BaseHttpServer.java:newHttpServer2BuilderForOzone(209)) - Starting Web-server for ozoneManager at: http://0.0.0.0:13326
2021-07-27 03:54:02,125 [Listener at 127.0.0.1/13324] INFO  http.BaseHttpServer (BaseHttpServer.java:<init>(107)) - Hadoop Security Enabled: false Ozone Security Enabled: false Ozone HTTP Security Enabled: false 
2021-07-27 03:54:02,126 [Listener at 127.0.0.1/13324] INFO  server.AuthenticationFilter (AuthenticationFilter.java:constructSecretProvider(240)) - Unable to initialize FileSignerSecretProvider, falling back to use random secrets.
2021-07-27 03:54:02,130 [Listener at 127.0.0.1/13324] WARN  http.HttpRequestLog (HttpRequestLog.java:getRequestLog(103)) - Jetty request log can only be enabled using Log4j
2021-07-27 03:54:02,131 [Listener at 127.0.0.1/13324] INFO  http.HttpServer2 (HttpServer2.java:addGlobalFilter(1020)) - Added global filter 'safety' (class=org.apache.hadoop.hdds.server.http.HttpServer2$QuotingInputFilter)
2021-07-27 03:54:02,132 [Listener at 127.0.0.1/13324] INFO  http.HttpServer2 (HttpServer2.java:addFilter(996)) - Added filter static_user_filter (class=org.apache.hadoop.http.lib.StaticUserWebFilter$StaticUserFilter) to context ozoneManager
2021-07-27 03:54:02,133 [Listener at 127.0.0.1/13324] INFO  http.HttpServer2 (HttpServer2.java:addFilter(1004)) - Added filter static_user_filter (class=org.apache.hadoop.http.lib.StaticUserWebFilter$StaticUserFilter) to context logs
2021-07-27 03:54:02,133 [Listener at 127.0.0.1/13324] INFO  http.HttpServer2 (HttpServer2.java:addFilter(1004)) - Added filter static_user_filter (class=org.apache.hadoop.http.lib.StaticUserWebFilter$StaticUserFilter) to context static
2021-07-27 03:54:02,135 [Listener at 127.0.0.1/13324] INFO  http.HttpServer2 (HttpServer2.java:bindListener(1239)) - Jetty bound to port 13326
2021-07-27 03:54:02,135 [Listener at 127.0.0.1/13324] INFO  server.Server (Server.java:doStart(375)) - jetty-9.4.35.v20201120; built: 2020-11-20T21:17:03.964Z; git: bdc54f03a5e0a7e280fab27f55c3c75ee8da89fb; jvm 1.8.0_292-b10
2021-07-27 03:54:02,140 [Listener at 127.0.0.1/13324] INFO  server.session (DefaultSessionIdManager.java:doStart(334)) - DefaultSessionIdManager workerName=node0
2021-07-27 03:54:02,140 [Listener at 127.0.0.1/13324] INFO  server.session (DefaultSessionIdManager.java:doStart(339)) - No SessionScavenger set, using defaults
2021-07-27 03:54:02,140 [Listener at 127.0.0.1/13324] INFO  server.session (HouseKeeper.java:startScavenging(132)) - node0 Scavenging every 660000ms
2021-07-27 03:54:02,141 [Listener at 127.0.0.1/13324] INFO  handler.ContextHandler (ContextHandler.java:doStart(916)) - Started o.e.j.s.ServletContextHandler@799c9385{logs,/logs,file:///home/runner/work/ozone/ozone/mnt/ozone/hadoop-ozone/integration-test/target/log,AVAILABLE}
2021-07-27 03:54:02,141 [Listener at 127.0.0.1/13324] INFO  handler.ContextHandler (ContextHandler.java:doStart(916)) - Started o.e.j.s.ServletContextHandler@2e36162f{static,/static,file:///home/runner/work/ozone/ozone/mnt/ozone/hadoop-ozone/integration-test/target/test-classes/webapps/static,AVAILABLE}
2021-07-27 03:54:02,145 [Listener at 127.0.0.1/13324] INFO  handler.ContextHandler (ContextHandler.java:doStart(916)) - Started o.e.j.w.WebAppContext@6059063{ozoneManager,/,file:///home/runner/work/ozone/ozone/mnt/ozone/hadoop-ozone/integration-test/target/test-classes/webapps/ozoneManager/,AVAILABLE}{file:/home/runner/work/ozone/ozone/mnt/ozone/hadoop-ozone/integration-test/target/test-classes/webapps/ozoneManager}
2021-07-27 03:54:02,151 [Listener at 127.0.0.1/13324] INFO  server.AbstractConnector (AbstractConnector.java:doStart(331)) - Started ServerConnector@7c81ce55{HTTP/1.1, (http/1.1)}{0.0.0.0:13326}
2021-07-27 03:54:02,151 [Listener at 127.0.0.1/13324] INFO  server.Server (Server.java:doStart(415)) - Started @16514ms
2021-07-27 03:54:02,151 [Listener at 127.0.0.1/13324] WARN  impl.MetricsSystemImpl (MetricsSystemImpl.java:register(279)) - Sink prometheus already exists!
2021-07-27 03:54:02,152 [Listener at 127.0.0.1/13324] INFO  http.BaseHttpServer (BaseHttpServer.java:updateConnectorAddress(329)) - HTTP server of ozoneManager listening at http://0.0.0.0:13326
2021-07-27 03:54:02,154 [IPC Server Responder] INFO  ipc.Server (Server.java:run(1507)) - IPC Server Responder: starting
2021-07-27 03:54:02,154 [IPC Server listener on 13324] INFO  ipc.Server (Server.java:run(1344)) - IPC Server listener on 13324: starting
2021-07-27 03:54:02,158 [Listener at 127.0.0.1/13324] INFO  om.OzoneManager (OzoneManager.java:startTrashEmptier(1500)) - Trash Interval set to 0. Files deleted will not move to trash
2021-07-27 03:54:02,166 [Listener at 127.0.0.1/13324] INFO  ozone.MiniOzoneHAClusterImpl (MiniOzoneHAClusterImpl.java:createOMService(484)) - Started OzoneManager omNode-1 RPC server at localhost/127.0.0.1:13324
2021-07-27 03:54:02,168 [Listener at 127.0.0.1/13324] INFO  ha.OMHANodeDetails (OMHANodeDetails.java:loadOMHAConfig(118)) - ServiceID for OzoneManager is om-bootstrap
2021-07-27 03:54:02,168 [Listener at 127.0.0.1/13324] INFO  ha.OMHANodeDetails (OMHANodeDetails.java:loadOMHAConfig(194)) - Found matching OM address with OMServiceId: om-bootstrap, OMNodeId: omNode-2, RPC Address: localhost:13330 and Ratis port: 13334
2021-07-27 03:54:02,168 [Listener at 127.0.0.1/13324] INFO  ha.OMHANodeDetails (ConfUtils.java:setNodeSpecificConfigs(108)) - Setting configuration key ozone.om.http-address with value of key ozone.om.http-address.om-bootstrap.omNode-2: 127.0.0.1:13332
2021-07-27 03:54:02,168 [Listener at 127.0.0.1/13324] INFO  ha.OMHANodeDetails (ConfUtils.java:setNodeSpecificConfigs(108)) - Setting configuration key ozone.om.https-address with value of key ozone.om.https-address.om-bootstrap.omNode-2: 127.0.0.1:13333
2021-07-27 03:54:02,168 [Listener at 127.0.0.1/13324] INFO  ha.OMHANodeDetails (ConfUtils.java:setNodeSpecificConfigs(108)) - Setting configuration key ozone.om.address with value of key ozone.om.address.om-bootstrap.omNode-2: 127.0.0.1:13330
2021-07-27 03:54:02,168 [Listener at 127.0.0.1/13324] WARN  server.ServerUtils (ServerUtils.java:getDBPath(225)) - ozone.om.db.dirs is not configured. We recommend adding this setting. Falling back to ozone.metadata.dirs instead.
2021-07-27 03:54:02,170 [Listener at 127.0.0.1/13324] INFO  ha.SCMNodeInfo (SCMNodeInfo.java:getPort(197)) - ConfigKey ozone.scm.client.address is deprecated, For configuring different ports for each SCM use PortConfigKey ozone.scm.client.port appended with serviceId and nodeId
2021-07-27 03:54:02,170 [Listener at 127.0.0.1/13324] INFO  ha.SCMNodeInfo (SCMNodeInfo.java:getPort(197)) - ConfigKey ozone.scm.block.client.address is deprecated, For configuring different ports for each SCM use PortConfigKey ozone.scm.block.client.port appended with serviceId and nodeId
2021-07-27 03:54:02,170 [Listener at 127.0.0.1/13324] INFO  ha.SCMNodeInfo (SCMNodeInfo.java:getPort(197)) - ConfigKey ozone.scm.datanode.address is deprecated, For configuring different ports for each SCM use PortConfigKey ozone.scm.datanode.port appended with serviceId and nodeId
2021-07-27 03:54:02,173 [org.apache.hadoop.util.JvmPauseMonitor$Monitor@73158b20] INFO  util.JvmPauseMonitor (JvmPauseMonitor.java:run(188)) - Starting JVM pause monitor
OM initialization succeeded.Current cluster id for sd=/home/runner/work/ozone/ozone/mnt/ozone/hadoop-ozone/integration-test/target/test-dir/MiniOzoneClusterImpl-b10bafd4-cc06-4e81-8a2f-dfe27fd2d808/omNode-2/om;cid=b10bafd4-cc06-4e81-8a2f-dfe27fd2d808;layoutVersion=0
2021-07-27 03:54:02,179 [Listener at 127.0.0.1/13324] INFO  ha.OMHANodeDetails (OMHANodeDetails.java:loadOMHAConfig(118)) - ServiceID for OzoneManager is om-bootstrap
2021-07-27 03:54:02,179 [Listener at 127.0.0.1/13324] INFO  ha.OMHANodeDetails (OMHANodeDetails.java:loadOMHAConfig(194)) - Found matching OM address with OMServiceId: om-bootstrap, OMNodeId: omNode-2, RPC Address: localhost:13330 and Ratis port: 13334
2021-07-27 03:54:02,179 [Listener at 127.0.0.1/13324] INFO  ha.OMHANodeDetails (ConfUtils.java:setNodeSpecificConfigs(108)) - Setting configuration key ozone.om.http-address with value of key ozone.om.http-address.om-bootstrap.omNode-2: 127.0.0.1:13332
2021-07-27 03:54:02,179 [Listener at 127.0.0.1/13324] INFO  ha.OMHANodeDetails (ConfUtils.java:setNodeSpecificConfigs(108)) - Setting configuration key ozone.om.https-address with value of key ozone.om.https-address.om-bootstrap.omNode-2: 127.0.0.1:13333
2021-07-27 03:54:02,179 [Listener at 127.0.0.1/13324] INFO  ha.OMHANodeDetails (ConfUtils.java:setNodeSpecificConfigs(108)) - Setting configuration key ozone.om.address with value of key ozone.om.address.om-bootstrap.omNode-2: 127.0.0.1:13330
2021-07-27 03:54:02,180 [Listener at 127.0.0.1/13324] WARN  server.ServerUtils (ServerUtils.java:getDBPath(225)) - ozone.om.db.dirs is not configured. We recommend adding this setting. Falling back to ozone.metadata.dirs instead.
2021-07-27 03:54:02,180 [Listener at 127.0.0.1/13324] INFO  upgrade.AbstractLayoutVersionManager (AbstractLayoutVersionManager.java:init(70)) - Initializing Layout version manager with metadata layout = INITIAL_VERSION (version = 0), software layout = INITIAL_VERSION (version = 0)
2021-07-27 03:54:02,233 [Listener at 127.0.0.1/13324] INFO  reflections.Reflections (Reflections.java:scan(232)) - Reflections took 52 ms to scan 2 urls, producing 131 keys and 342 values [using 2 cores]
2021-07-27 03:54:02,233 [Listener at 127.0.0.1/13324] INFO  upgrade.OMLayoutVersionManager (OMLayoutVersionManager.java:lambda$0(116)) - Skipping Upgrade Action MockOmUpgradeAction since it has been finalized.
2021-07-27 03:54:02,233 [Listener at 127.0.0.1/13324] WARN  server.ServerUtils (ServerUtils.java:getDBPath(225)) - ozone.om.db.dirs is not configured. We recommend adding this setting. Falling back to ozone.metadata.dirs instead.
2021-07-27 03:54:02,234 [Listener at 127.0.0.1/13324] INFO  ha.SCMNodeInfo (SCMNodeInfo.java:getPort(197)) - ConfigKey ozone.scm.client.address is deprecated, For configuring different ports for each SCM use PortConfigKey ozone.scm.client.port appended with serviceId and nodeId
2021-07-27 03:54:02,234 [Listener at 127.0.0.1/13324] INFO  ha.SCMNodeInfo (SCMNodeInfo.java:getPort(197)) - ConfigKey ozone.scm.block.client.address is deprecated, For configuring different ports for each SCM use PortConfigKey ozone.scm.block.client.port appended with serviceId and nodeId
2021-07-27 03:54:02,234 [Listener at 127.0.0.1/13324] INFO  ha.SCMNodeInfo (SCMNodeInfo.java:getPort(197)) - ConfigKey ozone.scm.datanode.address is deprecated, For configuring different ports for each SCM use PortConfigKey ozone.scm.datanode.port appended with serviceId and nodeId
2021-07-27 03:54:02,234 [Listener at 127.0.0.1/13324] INFO  ha.SCMNodeInfo (SCMNodeInfo.java:getPort(197)) - ConfigKey ozone.scm.client.address is deprecated, For configuring different ports for each SCM use PortConfigKey ozone.scm.client.port appended with serviceId and nodeId
2021-07-27 03:54:02,234 [Listener at 127.0.0.1/13324] INFO  ha.SCMNodeInfo (SCMNodeInfo.java:getPort(197)) - ConfigKey ozone.scm.block.client.address is deprecated, For configuring different ports for each SCM use PortConfigKey ozone.scm.block.client.port appended with serviceId and nodeId
2021-07-27 03:54:02,235 [Listener at 127.0.0.1/13324] INFO  ha.SCMNodeInfo (SCMNodeInfo.java:getPort(197)) - ConfigKey ozone.scm.datanode.address is deprecated, For configuring different ports for each SCM use PortConfigKey ozone.scm.datanode.port appended with serviceId and nodeId
2021-07-27 03:54:02,236 [Listener at 127.0.0.1/13324] INFO  ha.SCMNodeInfo (SCMNodeInfo.java:getPort(197)) - ConfigKey ozone.scm.client.address is deprecated, For configuring different ports for each SCM use PortConfigKey ozone.scm.client.port appended with serviceId and nodeId
2021-07-27 03:54:02,236 [Listener at 127.0.0.1/13324] INFO  ha.SCMNodeInfo (SCMNodeInfo.java:getPort(197)) - ConfigKey ozone.scm.block.client.address is deprecated, For configuring different ports for each SCM use PortConfigKey ozone.scm.block.client.port appended with serviceId and nodeId
2021-07-27 03:54:02,236 [Listener at 127.0.0.1/13324] INFO  ha.SCMNodeInfo (SCMNodeInfo.java:getPort(197)) - ConfigKey ozone.scm.datanode.address is deprecated, For configuring different ports for each SCM use PortConfigKey ozone.scm.datanode.port appended with serviceId and nodeId
2021-07-27 03:54:02,250 [Listener at 127.0.0.1/13324] WARN  server.ServerUtils (ServerUtils.java:getDBPath(225)) - ozone.om.db.dirs is not configured. We recommend adding this setting. Falling back to ozone.metadata.dirs instead.
2021-07-27 03:54:02,251 [Listener at 127.0.0.1/13324] INFO  codec.OmKeyInfoCodec (OmKeyInfoCodec.java:<init>(51)) - OmKeyInfoCodec ignorePipeline = true
2021-07-27 03:54:02,251 [Listener at 127.0.0.1/13324] INFO  codec.RepeatedOmKeyInfoCodec (RepeatedOmKeyInfoCodec.java:<init>(42)) - RepeatedOmKeyInfoCodec ignorePipeline = true
2021-07-27 03:54:02,377 [Listener at 127.0.0.1/13324] INFO  om.OzoneManager (OzoneManager.java:addS3GVolumeToDB(4084)) - Created Volume s3v With Owner runner required for S3Gateway operations.
2021-07-27 03:54:02,377 [Listener at 127.0.0.1/13324] WARN  server.ServerUtils (ServerUtils.java:getDefaultRatisDirectory(237)) - Storage directory for Ratis is not configured. It is a good idea to map this to an SSD disk. Falling back to ozone.metadata.dirs
2021-07-27 03:54:02,377 [Listener at 127.0.0.1/13324] WARN  utils.OzoneManagerRatisUtils (OzoneManagerRatisUtils.java:getOMRatisSnapshotDirectory(391)) - ozone.om.ratis.snapshot.dir is not configured. Falling back to ozone.metadata.dirs config
2021-07-27 03:54:02,378 [Listener at 127.0.0.1/13324] INFO  snapshot.OzoneManagerSnapshotProvider (OzoneManagerSnapshotProvider.java:<init>(76)) - Initializing OM Snapshot Provider
2021-07-27 03:54:02,385 [Listener at 127.0.0.1/13324] WARN  impl.MetricRegistriesImpl (MetricRegistriesImpl.java:addReporterRegistration(111)) - New reporters are added after registries were created. Some metrics will be missing from the reporter. Please add reporter before adding any new registry.
2021-07-27 03:54:02,386 [Listener at 127.0.0.1/13324] WARN  impl.MetricRegistriesImpl (MetricRegistriesImpl.java:addReporterRegistration(111)) - New reporters are added after registries were created. Some metrics will be missing from the reporter. Please add reporter before adding any new registry.
2021-07-27 03:54:02,386 [Listener at 127.0.0.1/13324] WARN  server.ServerUtils (ServerUtils.java:getDefaultRatisDirectory(237)) - Storage directory for Ratis is not configured. It is a good idea to map this to an SSD disk. Falling back to ozone.metadata.dirs
2021-07-27 03:54:02,387 [Listener at 127.0.0.1/13324] INFO  ratis.OzoneManagerRatisServer (OzoneManagerRatisServer.java:<init>(158)) - Instantiating OM Ratis server with groupID: om-bootstrap and peers: localhost:13334, localhost:13340, localhost:13328
2021-07-27 03:54:02,387 [Listener at 127.0.0.1/13324] INFO  ratis.OzoneManagerStateMachine (OzoneManagerStateMachine.java:loadSnapshotInfoFromDB(605)) - LastAppliedIndex is set from TransactionInfo from OM DB as (t:0, i:~)
2021-07-27 03:54:02,388 [Listener at 127.0.0.1/13324] INFO  server.RaftServer (ConfUtils.java:logGet(44)) - raft.rpc.type = GRPC (default)
2021-07-27 03:54:02,388 [Listener at 127.0.0.1/13324] INFO  grpc.GrpcFactory (GrpcFactory.java:checkPooledByteBufAllocatorUseCacheForAllThreads(48)) - PERFORMANCE WARNING: useCacheForAllThreads is true that may cause Netty to create a lot garbage objects and, as a result, trigger GC.
	It is recommended to disable useCacheForAllThreads by setting -Dorg.apache.ratis.thirdparty.io.netty.allocator.useCacheForAllThreads=false in command line.
2021-07-27 03:54:02,388 [Listener at 127.0.0.1/13324] INFO  grpc.GrpcConfigKeys (ConfUtils.java:logGet(44)) - raft.grpc.admin.port = -1 (default)
2021-07-27 03:54:02,388 [Listener at 127.0.0.1/13324] INFO  grpc.GrpcConfigKeys (ConfUtils.java:logGet(44)) - raft.grpc.server.port = 13334 (custom)
2021-07-27 03:54:02,388 [Listener at 127.0.0.1/13324] INFO  grpc.GrpcConfigKeys (ConfUtils.java:logGet(44)) - raft.grpc.client.port = -1 (default)
2021-07-27 03:54:02,388 [Listener at 127.0.0.1/13324] INFO  grpc.GrpcConfigKeys (ConfUtils.java:logGet(44)) - raft.grpc.server.port = 13334 (custom)
2021-07-27 03:54:02,389 [Listener at 127.0.0.1/13324] INFO  grpc.GrpcConfigKeys (ConfUtils.java:logGet(44)) - raft.grpc.server.port = 13334 (custom)
2021-07-27 03:54:02,389 [Listener at 127.0.0.1/13324] INFO  server.GrpcService (ConfUtils.java:logGet(44)) - raft.grpc.message.size.max = 33554432 (custom)
2021-07-27 03:54:02,389 [Listener at 127.0.0.1/13324] INFO  server.RaftServerConfigKeys (ConfUtils.java:logGet(44)) - raft.server.log.appender.buffer.byte-limit = 33554432 (custom)
2021-07-27 03:54:02,389 [Listener at 127.0.0.1/13324] INFO  server.GrpcService (ConfUtils.java:logGet(44)) - raft.grpc.flow.control.window = 1MB (=1048576) (default)
2021-07-27 03:54:02,389 [Listener at 127.0.0.1/13324] INFO  server.RaftServerConfigKeys (ConfUtils.java:logGet(44)) - raft.server.rpc.request.timeout = 3000ms (default)
2021-07-27 03:54:02,390 [Listener at 127.0.0.1/13324] INFO  impl.DataStreamServerImpl (ConfUtils.java:logGet(44)) - raft.datastream.type = DISABLED (default)
2021-07-27 03:54:02,391 [Listener at 127.0.0.1/13324] INFO  server.RaftServerConfigKeys (ConfUtils.java:logGet(44)) - raft.server.rpc.slowness.timeout = 2s (custom)
2021-07-27 03:54:02,391 [Listener at 127.0.0.1/13324] INFO  server.RaftServerConfigKeys (ConfUtils.java:logGet(44)) - raft.server.leaderelection.leader.step-down.wait-time = 10s (default)
2021-07-27 03:54:02,391 [Listener at 127.0.0.1/13324] INFO  server.RaftServerConfigKeys (ConfUtils.java:logGet(44)) - raft.server.storage.dir = [/home/runner/work/ozone/ozone/mnt/ozone/hadoop-ozone/integration-test/target/test-dir/MiniOzoneClusterImpl-b10bafd4-cc06-4e81-8a2f-dfe27fd2d808/omNode-2/ratis] (custom)
2021-07-27 03:54:02,396 [Listener at 127.0.0.1/13324] INFO  server.RaftServer (RaftServerProxy.java:addNew(95)) - omNode-2: addNew group-33FC8B15A7E9:[omNode-3|rpc:localhost:13340|priority:0, omNode-1|rpc:localhost:13328|priority:0, omNode-2|rpc:localhost:13334|priority:0] returns group-33FC8B15A7E9:java.util.concurrent.CompletableFuture@5fc86d41[Not completed]
2021-07-27 03:54:02,396 [Listener at 127.0.0.1/13324] INFO  om.OzoneManager (OzoneManager.java:initializeRatisServer(1542)) - OzoneManager Ratis server initialized at port 13334
2021-07-27 03:54:02,396 [pool-66-thread-1] INFO  server.RaftServer$Division (RaftServerImpl.java:<init>(181)) - omNode-2: new RaftServerImpl for group-33FC8B15A7E9:[omNode-3|rpc:localhost:13340|priority:0, omNode-1|rpc:localhost:13328|priority:0, omNode-2|rpc:localhost:13334|priority:0] with OzoneManagerStateMachine:uninitialized
2021-07-27 03:54:02,400 [Listener at 127.0.0.1/13324] INFO  ipc.CallQueueManager (CallQueueManager.java:<init>(90)) - Using callQueue: class java.util.concurrent.LinkedBlockingQueue, queueCapacity: 2000, scheduler: class org.apache.hadoop.ipc.DefaultRpcScheduler, ipcBackoff: false.
2021-07-27 03:54:02,406 [Socket Reader #1 for port 13330] INFO  ipc.Server (Server.java:run(1265)) - Starting Socket Reader #1 for port 13330
2021-07-27 03:54:02,422 [pool-66-thread-1] INFO  server.RaftServerConfigKeys (ConfUtils.java:logGet(44)) - raft.server.rpc.timeout.min = 1s (custom)
2021-07-27 03:54:02,422 [pool-66-thread-1] INFO  server.RaftServerConfigKeys (ConfUtils.java:logGet(44)) - raft.server.rpc.timeout.max = 1200ms (custom)
2021-07-27 03:54:02,423 [pool-66-thread-1] INFO  server.RaftServerConfigKeys (ConfUtils.java:logGet(44)) - raft.server.rpc.sleep.time = 25ms (default)
2021-07-27 03:54:02,423 [pool-66-thread-1] INFO  server.RaftServerConfigKeys (ConfUtils.java:logGet(44)) - raft.server.rpc.slowness.timeout = 2s (custom)
2021-07-27 03:54:02,423 [pool-66-thread-1] INFO  server.RaftServerConfigKeys (ConfUtils.java:logGet(44)) - raft.server.leaderelection.leader.step-down.wait-time = 10s (default)
2021-07-27 03:54:02,423 [pool-66-thread-1] INFO  server.RaftServerConfigKeys (ConfUtils.java:logGet(44)) - raft.server.sleep.deviation.threshold = 300ms (default)
2021-07-27 03:54:02,423 [pool-66-thread-1] INFO  server.RaftServerConfigKeys (ConfUtils.java:logGet(44)) - raft.server.log.appender.install.snapshot.enabled = false (custom)
2021-07-27 03:54:02,423 [pool-66-thread-1] INFO  server.RaftServer$Division (ServerState.java:<init>(105)) - omNode-2@group-33FC8B15A7E9: ConfigurationManager, init=-1: [omNode-3|rpc:localhost:13340|priority:0, omNode-1|rpc:localhost:13328|priority:0, omNode-2|rpc:localhost:13334|priority:0], old=null, confs=<EMPTY_MAP>
2021-07-27 03:54:02,423 [pool-66-thread-1] INFO  server.RaftServerConfigKeys (ConfUtils.java:logGet(44)) - raft.server.storage.dir = [/home/runner/work/ozone/ozone/mnt/ozone/hadoop-ozone/integration-test/target/test-dir/MiniOzoneClusterImpl-b10bafd4-cc06-4e81-8a2f-dfe27fd2d808/omNode-2/ratis] (custom)
2021-07-27 03:54:02,423 [pool-66-thread-1] INFO  server.RaftServerConfigKeys (ConfUtils.java:logGet(44)) - raft.server.log.corruption.policy = EXCEPTION (default)
2021-07-27 03:54:02,423 [pool-66-thread-1] INFO  server.RaftServerConfigKeys (ConfUtils.java:logGet(44)) - raft.server.storage.free-space.min = 0MB (=0) (default)
2021-07-27 03:54:02,424 [pool-66-thread-1] INFO  storage.RaftStorageDirectory (RaftStorageDirectoryImpl.java:analyzeStorage(135)) - The storage directory /home/runner/work/ozone/ozone/mnt/ozone/hadoop-ozone/integration-test/target/test-dir/MiniOzoneClusterImpl-b10bafd4-cc06-4e81-8a2f-dfe27fd2d808/omNode-2/ratis/a5a8c63e-4922-3a03-b163-33fc8b15a7e9 does not exist. Creating ...
2021-07-27 03:54:02,427 [pool-66-thread-1] INFO  storage.RaftStorageDirectory (RaftStorageDirectoryImpl.java:tryLock(230)) - Lock on /home/runner/work/ozone/ozone/mnt/ozone/hadoop-ozone/integration-test/target/test-dir/MiniOzoneClusterImpl-b10bafd4-cc06-4e81-8a2f-dfe27fd2d808/omNode-2/ratis/a5a8c63e-4922-3a03-b163-33fc8b15a7e9/in_use.lock acquired by nodename 18840@fv-az148-176
2021-07-27 03:54:02,431 [pool-66-thread-1] INFO  storage.RaftStorage (RaftStorageImpl.java:format(89)) - Storage directory /home/runner/work/ozone/ozone/mnt/ozone/hadoop-ozone/integration-test/target/test-dir/MiniOzoneClusterImpl-b10bafd4-cc06-4e81-8a2f-dfe27fd2d808/omNode-2/ratis/a5a8c63e-4922-3a03-b163-33fc8b15a7e9 has been successfully formatted.
2021-07-27 03:54:02,431 [pool-66-thread-1] INFO  server.RaftServerConfigKeys (ConfUtils.java:logGet(44)) - raft.server.notification.no-leader.timeout = 2s (custom)
2021-07-27 03:54:02,431 [pool-66-thread-1] INFO  server.RaftServerConfigKeys (ConfUtils.java:logGet(44)) - raft.server.log.use.memory = false (default)
2021-07-27 03:54:02,431 [pool-66-thread-1] INFO  server.RaftServerConfigKeys (ConfUtils.java:logGet(44)) - raft.server.log.purge.gap = 1000000 (custom)
2021-07-27 03:54:02,431 [pool-66-thread-1] INFO  server.RaftServerConfigKeys (ConfUtils.java:logGet(44)) - raft.server.log.appender.buffer.byte-limit = 33554432 (custom)
2021-07-27 03:54:02,432 [pool-66-thread-1] INFO  server.RaftServerConfigKeys (ConfUtils.java:logGet(44)) - raft.server.log.segment.size.max = 4194304 (custom)
2021-07-27 03:54:02,432 [pool-66-thread-1] INFO  server.RaftServerConfigKeys (ConfUtils.java:logGet(44)) - raft.server.log.segment.cache.num.max = 2 (custom)
2021-07-27 03:54:02,432 [pool-66-thread-1] INFO  server.RaftServerConfigKeys (ConfUtils.java:logGet(44)) - raft.server.log.segment.cache.size.max = 200MB (=209715200) (default)
2021-07-27 03:54:02,432 [pool-66-thread-1] INFO  segmented.SegmentedRaftLogWorker (SegmentedRaftLogWorker.java:<init>(182)) - new omNode-2@group-33FC8B15A7E9-SegmentedRaftLogWorker for RaftStorageImpl:Storage Directory /home/runner/work/ozone/ozone/mnt/ozone/hadoop-ozone/integration-test/target/test-dir/MiniOzoneClusterImpl-b10bafd4-cc06-4e81-8a2f-dfe27fd2d808/omNode-2/ratis/a5a8c63e-4922-3a03-b163-33fc8b15a7e9
2021-07-27 03:54:02,432 [pool-66-thread-1] INFO  server.RaftServerConfigKeys (ConfUtils.java:logGet(44)) - raft.server.log.queue.byte-limit = 64MB (=67108864) (default)
2021-07-27 03:54:02,432 [pool-66-thread-1] INFO  server.RaftServerConfigKeys (ConfUtils.java:logGet(44)) - raft.server.log.queue.element-limit = 4096 (default)
2021-07-27 03:54:02,432 [pool-66-thread-1] INFO  server.RaftServerConfigKeys (ConfUtils.java:logGet(44)) - raft.server.log.segment.size.max = 4194304 (custom)
2021-07-27 03:54:02,432 [pool-66-thread-1] INFO  server.RaftServerConfigKeys (ConfUtils.java:logGet(44)) - raft.server.log.preallocated.size = 4194304 (custom)
2021-07-27 03:54:02,433 [pool-66-thread-1] INFO  server.RaftServerConfigKeys (ConfUtils.java:logGet(44)) - raft.server.log.force.sync.num = 128 (default)
2021-07-27 03:54:02,433 [pool-66-thread-1] INFO  server.RaftServerConfigKeys (ConfUtils.java:logGet(44)) - raft.server.log.statemachine.data.sync = true (default)
2021-07-27 03:54:02,433 [pool-66-thread-1] INFO  server.RaftServerConfigKeys (ConfUtils.java:logGet(44)) - raft.server.log.statemachine.data.sync.timeout = 10s (default)
2021-07-27 03:54:02,433 [pool-66-thread-1] INFO  server.RaftServerConfigKeys (ConfUtils.java:logGet(44)) - raft.server.log.statemachine.data.sync.timeout.retry = -1 (default)
2021-07-27 03:54:02,434 [pool-66-thread-1] INFO  server.RaftServerConfigKeys (ConfUtils.java:logGet(44)) - raft.server.log.write.buffer.size = 64KB (=65536) (default)
2021-07-27 03:54:02,434 [pool-66-thread-1] INFO  server.RaftServerConfigKeys (ConfUtils.java:logGet(44)) - raft.server.log.statemachine.data.caching.enabled = false (default)
2021-07-27 03:54:02,434 [pool-66-thread-1] INFO  segmented.SegmentedRaftLogWorker (SegmentedRaftLogWorker.java:lambda$new$0(133)) - omNode-2@group-33FC8B15A7E9-SegmentedRaftLogWorker: flushIndex: setUnconditionally 0 -> -1
2021-07-27 03:54:02,434 [pool-66-thread-1] INFO  segmented.SegmentedRaftLogWorker (SegmentedRaftLogWorker.java:lambda$new$0(133)) - omNode-2@group-33FC8B15A7E9-SegmentedRaftLogWorker: safeCacheEvictIndex: setUnconditionally 0 -> -1
2021-07-27 03:54:02,442 [pool-66-thread-1] INFO  server.RaftServerConfigKeys (ConfUtils.java:logGet(44)) - raft.server.snapshot.auto.trigger.enabled = true (custom)
2021-07-27 03:54:02,442 [pool-66-thread-1] INFO  server.RaftServerConfigKeys (ConfUtils.java:logGet(44)) - raft.server.snapshot.auto.trigger.threshold = 400000 (default)
2021-07-27 03:54:02,442 [pool-66-thread-1] INFO  server.RaftServerConfigKeys (ConfUtils.java:logGet(44)) - raft.server.snapshot.retention.file.num = -1 (default)
2021-07-27 03:54:02,442 [pool-66-thread-1] INFO  server.RaftServerConfigKeys (ConfUtils.java:logGet(44)) - raft.server.log.purge.upto.snapshot.index = true (custom)
2021-07-27 03:54:02,442 [pool-66-thread-1] INFO  server.RaftServerConfigKeys (ConfUtils.java:logGet(44)) - raft.server.retrycache.expirytime = 300s (custom)
2021-07-27 03:54:02,442 [pool-66-thread-1] INFO  server.RaftServerConfigKeys (ConfUtils.java:logGet(44)) - raft.server.retrycache.statistics.expirytime = 100μs (default)
2021-07-27 03:54:02,443 [Listener at 127.0.0.1/13330] INFO  om.OzoneManager (OzoneManager.java:initFSOLayout(4290)) - Configured ozone.om.metadata.layout=SIMPLE and disabled optimized OM FS operations
2021-07-27 03:54:02,444 [Listener at 127.0.0.1/13330] INFO  impl.MetricsSystemImpl (MetricsSystemImpl.java:init(158)) - OzoneManager metrics system started (again)
2021-07-27 03:54:02,459 [Listener at 127.0.0.1/13330] INFO  om.OzoneManager (OzoneManager.java:start(1239)) - OzoneManager RPC server is listening at localhost/127.0.0.1:13330
2021-07-27 03:54:02,459 [Listener at 127.0.0.1/13330] INFO  ratis.OzoneManagerRatisServer (OzoneManagerRatisServer.java:start(516)) - Starting OzoneManagerRatisServer omNode-2 at port 13334
2021-07-27 03:54:02,459 [Listener at 127.0.0.1/13330] INFO  server.RaftServer$Division (RaftServerImpl.java:start(296)) - omNode-2@group-33FC8B15A7E9: start as a follower, conf=-1: [omNode-3|rpc:localhost:13340|priority:0, omNode-1|rpc:localhost:13328|priority:0, omNode-2|rpc:localhost:13334|priority:0], old=null
2021-07-27 03:54:02,459 [Listener at 127.0.0.1/13330] INFO  server.RaftServer$Division (RaftServerImpl.java:setRole(285)) - omNode-2@group-33FC8B15A7E9: changes role from      null to FOLLOWER at term 0 for startAsFollower
2021-07-27 03:54:02,459 [Listener at 127.0.0.1/13330] INFO  impl.RoleInfo (RoleInfo.java:updateAndGet(130)) - omNode-2: start omNode-2@group-33FC8B15A7E9-FollowerState
2021-07-27 03:54:02,460 [Listener at 127.0.0.1/13330] INFO  util.JmxRegister (JmxRegister.java:tryRegister(44)) - Successfully registered JMX Bean with object name Ratis:service=RaftServer,group=group-33FC8B15A7E9,id=omNode-2
2021-07-27 03:54:02,461 [Listener at 127.0.0.1/13330] INFO  server.RaftServer (RaftServerProxy.java:lambda$start$5(374)) - omNode-2: start RPC server
2021-07-27 03:54:02,463 [Listener at 127.0.0.1/13330] INFO  server.GrpcService (GrpcService.java:startImpl(253)) - omNode-2: GrpcService started, listening on 13334
2021-07-27 03:54:02,463 [Listener at 127.0.0.1/13330] INFO  om.OzoneManager (OzoneManager.java:start(1257)) - Version File has different layout version (0) than OM DB (null). That is expected if this OM has never been finalized to a newer layout version.
2021-07-27 03:54:02,464 [org.apache.ratis.util.JvmPauseMonitor$$Lambda$430/1677697972@59f91479] INFO  util.JvmPauseMonitor (JvmPauseMonitor.java:run(103)) - JvmPauseMonitor-omNode-2: Started
2021-07-27 03:54:02,471 [Listener at 127.0.0.1/13330] INFO  http.BaseHttpServer (BaseHttpServer.java:newHttpServer2BuilderForOzone(209)) - Starting Web-server for ozoneManager at: http://0.0.0.0:13332
2021-07-27 03:54:02,471 [Listener at 127.0.0.1/13330] INFO  http.BaseHttpServer (BaseHttpServer.java:<init>(107)) - Hadoop Security Enabled: false Ozone Security Enabled: false Ozone HTTP Security Enabled: false 
2021-07-27 03:54:02,472 [Listener at 127.0.0.1/13330] INFO  server.AuthenticationFilter (AuthenticationFilter.java:constructSecretProvider(240)) - Unable to initialize FileSignerSecretProvider, falling back to use random secrets.
2021-07-27 03:54:02,473 [Listener at 127.0.0.1/13330] WARN  http.HttpRequestLog (HttpRequestLog.java:getRequestLog(103)) - Jetty request log can only be enabled using Log4j
2021-07-27 03:54:02,474 [Listener at 127.0.0.1/13330] INFO  http.HttpServer2 (HttpServer2.java:addGlobalFilter(1020)) - Added global filter 'safety' (class=org.apache.hadoop.hdds.server.http.HttpServer2$QuotingInputFilter)
2021-07-27 03:54:02,475 [Listener at 127.0.0.1/13330] INFO  http.HttpServer2 (HttpServer2.java:addFilter(996)) - Added filter static_user_filter (class=org.apache.hadoop.http.lib.StaticUserWebFilter$StaticUserFilter) to context ozoneManager
2021-07-27 03:54:02,476 [Listener at 127.0.0.1/13330] INFO  http.HttpServer2 (HttpServer2.java:addFilter(1004)) - Added filter static_user_filter (class=org.apache.hadoop.http.lib.StaticUserWebFilter$StaticUserFilter) to context static
2021-07-27 03:54:02,476 [Listener at 127.0.0.1/13330] INFO  http.HttpServer2 (HttpServer2.java:addFilter(1004)) - Added filter static_user_filter (class=org.apache.hadoop.http.lib.StaticUserWebFilter$StaticUserFilter) to context logs
2021-07-27 03:54:02,478 [Listener at 127.0.0.1/13330] INFO  http.HttpServer2 (HttpServer2.java:bindListener(1239)) - Jetty bound to port 13332
2021-07-27 03:54:02,478 [Listener at 127.0.0.1/13330] INFO  server.Server (Server.java:doStart(375)) - jetty-9.4.35.v20201120; built: 2020-11-20T21:17:03.964Z; git: bdc54f03a5e0a7e280fab27f55c3c75ee8da89fb; jvm 1.8.0_292-b10
2021-07-27 03:54:02,481 [Listener at 127.0.0.1/13330] INFO  server.session (DefaultSessionIdManager.java:doStart(334)) - DefaultSessionIdManager workerName=node0
2021-07-27 03:54:02,481 [Listener at 127.0.0.1/13330] INFO  server.session (DefaultSessionIdManager.java:doStart(339)) - No SessionScavenger set, using defaults
2021-07-27 03:54:02,481 [Listener at 127.0.0.1/13330] INFO  server.session (HouseKeeper.java:startScavenging(132)) - node0 Scavenging every 600000ms
2021-07-27 03:54:02,482 [Listener at 127.0.0.1/13330] INFO  handler.ContextHandler (ContextHandler.java:doStart(916)) - Started o.e.j.s.ServletContextHandler@6f75200b{logs,/logs,file:///home/runner/work/ozone/ozone/mnt/ozone/hadoop-ozone/integration-test/target/log,AVAILABLE}
2021-07-27 03:54:02,482 [Listener at 127.0.0.1/13330] INFO  handler.ContextHandler (ContextHandler.java:doStart(916)) - Started o.e.j.s.ServletContextHandler@22b2203b{static,/static,file:///home/runner/work/ozone/ozone/mnt/ozone/hadoop-ozone/integration-test/target/test-classes/webapps/static,AVAILABLE}
2021-07-27 03:54:02,485 [Listener at 127.0.0.1/13330] INFO  handler.ContextHandler (ContextHandler.java:doStart(916)) - Started o.e.j.w.WebAppContext@1403e081{ozoneManager,/,file:///home/runner/work/ozone/ozone/mnt/ozone/hadoop-ozone/integration-test/target/test-classes/webapps/ozoneManager/,AVAILABLE}{file:/home/runner/work/ozone/ozone/mnt/ozone/hadoop-ozone/integration-test/target/test-classes/webapps/ozoneManager}
2021-07-27 03:54:02,487 [Listener at 127.0.0.1/13330] INFO  server.AbstractConnector (AbstractConnector.java:doStart(331)) - Started ServerConnector@4981ede3{HTTP/1.1, (http/1.1)}{0.0.0.0:13332}
2021-07-27 03:54:02,487 [Listener at 127.0.0.1/13330] INFO  server.Server (Server.java:doStart(415)) - Started @16850ms
2021-07-27 03:54:02,487 [Listener at 127.0.0.1/13330] WARN  impl.MetricsSystemImpl (MetricsSystemImpl.java:register(279)) - Sink prometheus already exists!
2021-07-27 03:54:02,488 [Listener at 127.0.0.1/13330] INFO  http.BaseHttpServer (BaseHttpServer.java:updateConnectorAddress(329)) - HTTP server of ozoneManager listening at http://0.0.0.0:13332
2021-07-27 03:54:02,488 [IPC Server Responder] INFO  ipc.Server (Server.java:run(1507)) - IPC Server Responder: starting
2021-07-27 03:54:02,488 [IPC Server listener on 13330] INFO  ipc.Server (Server.java:run(1344)) - IPC Server listener on 13330: starting
2021-07-27 03:54:02,494 [Listener at 127.0.0.1/13330] INFO  om.OzoneManager (OzoneManager.java:startTrashEmptier(1500)) - Trash Interval set to 0. Files deleted will not move to trash
2021-07-27 03:54:02,498 [Listener at 127.0.0.1/13330] INFO  ozone.MiniOzoneHAClusterImpl (MiniOzoneHAClusterImpl.java:createOMService(484)) - Started OzoneManager omNode-2 RPC server at localhost/127.0.0.1:13330
2021-07-27 03:54:02,498 [Listener at 127.0.0.1/13330] INFO  ha.OMHANodeDetails (OMHANodeDetails.java:loadOMHAConfig(118)) - ServiceID for OzoneManager is om-bootstrap
2021-07-27 03:54:02,499 [Listener at 127.0.0.1/13330] INFO  ha.OMHANodeDetails (OMHANodeDetails.java:loadOMHAConfig(194)) - Found matching OM address with OMServiceId: om-bootstrap, OMNodeId: omNode-3, RPC Address: localhost:13336 and Ratis port: 13340
2021-07-27 03:54:02,499 [Listener at 127.0.0.1/13330] INFO  ha.OMHANodeDetails (ConfUtils.java:setNodeSpecificConfigs(108)) - Setting configuration key ozone.om.http-address with value of key ozone.om.http-address.om-bootstrap.omNode-3: 127.0.0.1:13338
2021-07-27 03:54:02,499 [Listener at 127.0.0.1/13330] INFO  ha.OMHANodeDetails (ConfUtils.java:setNodeSpecificConfigs(108)) - Setting configuration key ozone.om.https-address with value of key ozone.om.https-address.om-bootstrap.omNode-3: 127.0.0.1:13339
2021-07-27 03:54:02,499 [Listener at 127.0.0.1/13330] INFO  ha.OMHANodeDetails (ConfUtils.java:setNodeSpecificConfigs(108)) - Setting configuration key ozone.om.address with value of key ozone.om.address.om-bootstrap.omNode-3: 127.0.0.1:13336
2021-07-27 03:54:02,499 [Listener at 127.0.0.1/13330] WARN  server.ServerUtils (ServerUtils.java:getDBPath(225)) - ozone.om.db.dirs is not configured. We recommend adding this setting. Falling back to ozone.metadata.dirs instead.
2021-07-27 03:54:02,500 [Listener at 127.0.0.1/13330] INFO  ha.SCMNodeInfo (SCMNodeInfo.java:getPort(197)) - ConfigKey ozone.scm.client.address is deprecated, For configuring different ports for each SCM use PortConfigKey ozone.scm.client.port appended with serviceId and nodeId
2021-07-27 03:54:02,500 [Listener at 127.0.0.1/13330] INFO  ha.SCMNodeInfo (SCMNodeInfo.java:getPort(197)) - ConfigKey ozone.scm.block.client.address is deprecated, For configuring different ports for each SCM use PortConfigKey ozone.scm.block.client.port appended with serviceId and nodeId
2021-07-27 03:54:02,500 [Listener at 127.0.0.1/13330] INFO  ha.SCMNodeInfo (SCMNodeInfo.java:getPort(197)) - ConfigKey ozone.scm.datanode.address is deprecated, For configuring different ports for each SCM use PortConfigKey ozone.scm.datanode.port appended with serviceId and nodeId
2021-07-27 03:54:02,502 [org.apache.hadoop.util.JvmPauseMonitor$Monitor@1d9cf351] INFO  util.JvmPauseMonitor (JvmPauseMonitor.java:run(188)) - Starting JVM pause monitor
OM initialization succeeded.Current cluster id for sd=/home/runner/work/ozone/ozone/mnt/ozone/hadoop-ozone/integration-test/target/test-dir/MiniOzoneClusterImpl-b10bafd4-cc06-4e81-8a2f-dfe27fd2d808/omNode-3/om;cid=b10bafd4-cc06-4e81-8a2f-dfe27fd2d808;layoutVersion=0
2021-07-27 03:54:02,511 [Listener at 127.0.0.1/13330] INFO  ha.OMHANodeDetails (OMHANodeDetails.java:loadOMHAConfig(118)) - ServiceID for OzoneManager is om-bootstrap
2021-07-27 03:54:02,512 [Listener at 127.0.0.1/13330] INFO  ha.OMHANodeDetails (OMHANodeDetails.java:loadOMHAConfig(194)) - Found matching OM address with OMServiceId: om-bootstrap, OMNodeId: omNode-3, RPC Address: localhost:13336 and Ratis port: 13340
2021-07-27 03:54:02,512 [Listener at 127.0.0.1/13330] INFO  ha.OMHANodeDetails (ConfUtils.java:setNodeSpecificConfigs(108)) - Setting configuration key ozone.om.http-address with value of key ozone.om.http-address.om-bootstrap.omNode-3: 127.0.0.1:13338
2021-07-27 03:54:02,512 [Listener at 127.0.0.1/13330] INFO  ha.OMHANodeDetails (ConfUtils.java:setNodeSpecificConfigs(108)) - Setting configuration key ozone.om.https-address with value of key ozone.om.https-address.om-bootstrap.omNode-3: 127.0.0.1:13339
2021-07-27 03:54:02,512 [Listener at 127.0.0.1/13330] INFO  ha.OMHANodeDetails (ConfUtils.java:setNodeSpecificConfigs(108)) - Setting configuration key ozone.om.address with value of key ozone.om.address.om-bootstrap.omNode-3: 127.0.0.1:13336
2021-07-27 03:54:02,512 [Listener at 127.0.0.1/13330] WARN  server.ServerUtils (ServerUtils.java:getDBPath(225)) - ozone.om.db.dirs is not configured. We recommend adding this setting. Falling back to ozone.metadata.dirs instead.
2021-07-27 03:54:02,512 [Listener at 127.0.0.1/13330] INFO  upgrade.AbstractLayoutVersionManager (AbstractLayoutVersionManager.java:init(70)) - Initializing Layout version manager with metadata layout = INITIAL_VERSION (version = 0), software layout = INITIAL_VERSION (version = 0)
2021-07-27 03:54:02,584 [Listener at 127.0.0.1/13330] INFO  reflections.Reflections (Reflections.java:scan(232)) - Reflections took 71 ms to scan 2 urls, producing 131 keys and 342 values [using 2 cores]
2021-07-27 03:54:02,585 [Listener at 127.0.0.1/13330] INFO  upgrade.OMLayoutVersionManager (OMLayoutVersionManager.java:lambda$0(116)) - Skipping Upgrade Action MockOmUpgradeAction since it has been finalized.
2021-07-27 03:54:02,585 [Listener at 127.0.0.1/13330] WARN  server.ServerUtils (ServerUtils.java:getDBPath(225)) - ozone.om.db.dirs is not configured. We recommend adding this setting. Falling back to ozone.metadata.dirs instead.
2021-07-27 03:54:02,585 [Listener at 127.0.0.1/13330] INFO  ha.SCMNodeInfo (SCMNodeInfo.java:getPort(197)) - ConfigKey ozone.scm.client.address is deprecated, For configuring different ports for each SCM use PortConfigKey ozone.scm.client.port appended with serviceId and nodeId
2021-07-27 03:54:02,586 [Listener at 127.0.0.1/13330] INFO  ha.SCMNodeInfo (SCMNodeInfo.java:getPort(197)) - ConfigKey ozone.scm.block.client.address is deprecated, For configuring different ports for each SCM use PortConfigKey ozone.scm.block.client.port appended with serviceId and nodeId
2021-07-27 03:54:02,586 [Listener at 127.0.0.1/13330] INFO  ha.SCMNodeInfo (SCMNodeInfo.java:getPort(197)) - ConfigKey ozone.scm.datanode.address is deprecated, For configuring different ports for each SCM use PortConfigKey ozone.scm.datanode.port appended with serviceId and nodeId
2021-07-27 03:54:02,587 [Listener at 127.0.0.1/13330] INFO  ha.SCMNodeInfo (SCMNodeInfo.java:getPort(197)) - ConfigKey ozone.scm.client.address is deprecated, For configuring different ports for each SCM use PortConfigKey ozone.scm.client.port appended with serviceId and nodeId
2021-07-27 03:54:02,587 [Listener at 127.0.0.1/13330] INFO  ha.SCMNodeInfo (SCMNodeInfo.java:getPort(197)) - ConfigKey ozone.scm.block.client.address is deprecated, For configuring different ports for each SCM use PortConfigKey ozone.scm.block.client.port appended with serviceId and nodeId
2021-07-27 03:54:02,587 [Listener at 127.0.0.1/13330] INFO  ha.SCMNodeInfo (SCMNodeInfo.java:getPort(197)) - ConfigKey ozone.scm.datanode.address is deprecated, For configuring different ports for each SCM use PortConfigKey ozone.scm.datanode.port appended with serviceId and nodeId
2021-07-27 03:54:02,588 [Listener at 127.0.0.1/13330] INFO  ha.SCMNodeInfo (SCMNodeInfo.java:getPort(197)) - ConfigKey ozone.scm.client.address is deprecated, For configuring different ports for each SCM use PortConfigKey ozone.scm.client.port appended with serviceId and nodeId
2021-07-27 03:54:02,588 [Listener at 127.0.0.1/13330] INFO  ha.SCMNodeInfo (SCMNodeInfo.java:getPort(197)) - ConfigKey ozone.scm.block.client.address is deprecated, For configuring different ports for each SCM use PortConfigKey ozone.scm.block.client.port appended with serviceId and nodeId
2021-07-27 03:54:02,588 [Listener at 127.0.0.1/13330] INFO  ha.SCMNodeInfo (SCMNodeInfo.java:getPort(197)) - ConfigKey ozone.scm.datanode.address is deprecated, For configuring different ports for each SCM use PortConfigKey ozone.scm.datanode.port appended with serviceId and nodeId
2021-07-27 03:54:02,596 [Listener at 127.0.0.1/13330] WARN  server.ServerUtils (ServerUtils.java:getDBPath(225)) - ozone.om.db.dirs is not configured. We recommend adding this setting. Falling back to ozone.metadata.dirs instead.
2021-07-27 03:54:02,597 [Listener at 127.0.0.1/13330] INFO  codec.OmKeyInfoCodec (OmKeyInfoCodec.java:<init>(51)) - OmKeyInfoCodec ignorePipeline = true
2021-07-27 03:54:02,597 [Listener at 127.0.0.1/13330] INFO  codec.RepeatedOmKeyInfoCodec (RepeatedOmKeyInfoCodec.java:<init>(42)) - RepeatedOmKeyInfoCodec ignorePipeline = true
2021-07-27 03:54:02,721 [Listener at 127.0.0.1/13330] INFO  om.OzoneManager (OzoneManager.java:addS3GVolumeToDB(4084)) - Created Volume s3v With Owner runner required for S3Gateway operations.
2021-07-27 03:54:02,721 [Listener at 127.0.0.1/13330] WARN  server.ServerUtils (ServerUtils.java:getDefaultRatisDirectory(237)) - Storage directory for Ratis is not configured. It is a good idea to map this to an SSD disk. Falling back to ozone.metadata.dirs
2021-07-27 03:54:02,721 [Listener at 127.0.0.1/13330] WARN  utils.OzoneManagerRatisUtils (OzoneManagerRatisUtils.java:getOMRatisSnapshotDirectory(391)) - ozone.om.ratis.snapshot.dir is not configured. Falling back to ozone.metadata.dirs config
2021-07-27 03:54:02,722 [Listener at 127.0.0.1/13330] INFO  snapshot.OzoneManagerSnapshotProvider (OzoneManagerSnapshotProvider.java:<init>(76)) - Initializing OM Snapshot Provider
2021-07-27 03:54:02,723 [Listener at 127.0.0.1/13330] WARN  impl.MetricRegistriesImpl (MetricRegistriesImpl.java:addReporterRegistration(111)) - New reporters are added after registries were created. Some metrics will be missing from the reporter. Please add reporter before adding any new registry.
2021-07-27 03:54:02,723 [Listener at 127.0.0.1/13330] WARN  impl.MetricRegistriesImpl (MetricRegistriesImpl.java:addReporterRegistration(111)) - New reporters are added after registries were created. Some metrics will be missing from the reporter. Please add reporter before adding any new registry.
2021-07-27 03:54:02,723 [Listener at 127.0.0.1/13330] WARN  server.ServerUtils (ServerUtils.java:getDefaultRatisDirectory(237)) - Storage directory for Ratis is not configured. It is a good idea to map this to an SSD disk. Falling back to ozone.metadata.dirs
2021-07-27 03:54:02,725 [Listener at 127.0.0.1/13330] INFO  ratis.OzoneManagerRatisServer (OzoneManagerRatisServer.java:<init>(158)) - Instantiating OM Ratis server with groupID: om-bootstrap and peers: localhost:13340, localhost:13328, localhost:13334
2021-07-27 03:54:02,725 [Listener at 127.0.0.1/13330] INFO  ratis.OzoneManagerStateMachine (OzoneManagerStateMachine.java:loadSnapshotInfoFromDB(605)) - LastAppliedIndex is set from TransactionInfo from OM DB as (t:0, i:~)
2021-07-27 03:54:02,725 [Listener at 127.0.0.1/13330] INFO  server.RaftServer (ConfUtils.java:logGet(44)) - raft.rpc.type = GRPC (default)
2021-07-27 03:54:02,725 [Listener at 127.0.0.1/13330] INFO  grpc.GrpcFactory (GrpcFactory.java:checkPooledByteBufAllocatorUseCacheForAllThreads(48)) - PERFORMANCE WARNING: useCacheForAllThreads is true that may cause Netty to create a lot garbage objects and, as a result, trigger GC.
	It is recommended to disable useCacheForAllThreads by setting -Dorg.apache.ratis.thirdparty.io.netty.allocator.useCacheForAllThreads=false in command line.
2021-07-27 03:54:02,726 [Listener at 127.0.0.1/13330] INFO  grpc.GrpcConfigKeys (ConfUtils.java:logGet(44)) - raft.grpc.admin.port = -1 (default)
2021-07-27 03:54:02,726 [Listener at 127.0.0.1/13330] INFO  grpc.GrpcConfigKeys (ConfUtils.java:logGet(44)) - raft.grpc.server.port = 13340 (custom)
2021-07-27 03:54:02,726 [Listener at 127.0.0.1/13330] INFO  grpc.GrpcConfigKeys (ConfUtils.java:logGet(44)) - raft.grpc.client.port = -1 (default)
2021-07-27 03:54:02,726 [Listener at 127.0.0.1/13330] INFO  grpc.GrpcConfigKeys (ConfUtils.java:logGet(44)) - raft.grpc.server.port = 13340 (custom)
2021-07-27 03:54:02,726 [Listener at 127.0.0.1/13330] INFO  grpc.GrpcConfigKeys (ConfUtils.java:logGet(44)) - raft.grpc.server.port = 13340 (custom)
2021-07-27 03:54:02,726 [Listener at 127.0.0.1/13330] INFO  server.GrpcService (ConfUtils.java:logGet(44)) - raft.grpc.message.size.max = 33554432 (custom)
2021-07-27 03:54:02,726 [Listener at 127.0.0.1/13330] INFO  server.RaftServerConfigKeys (ConfUtils.java:logGet(44)) - raft.server.log.appender.buffer.byte-limit = 33554432 (custom)
2021-07-27 03:54:02,726 [Listener at 127.0.0.1/13330] INFO  server.GrpcService (ConfUtils.java:logGet(44)) - raft.grpc.flow.control.window = 1MB (=1048576) (default)
2021-07-27 03:54:02,726 [Listener at 127.0.0.1/13330] INFO  server.RaftServerConfigKeys (ConfUtils.java:logGet(44)) - raft.server.rpc.request.timeout = 3000ms (default)
2021-07-27 03:54:02,728 [Listener at 127.0.0.1/13330] INFO  impl.DataStreamServerImpl (ConfUtils.java:logGet(44)) - raft.datastream.type = DISABLED (default)
2021-07-27 03:54:02,728 [Listener at 127.0.0.1/13330] INFO  server.RaftServerConfigKeys (ConfUtils.java:logGet(44)) - raft.server.rpc.slowness.timeout = 2s (custom)
2021-07-27 03:54:02,728 [Listener at 127.0.0.1/13330] INFO  server.RaftServerConfigKeys (ConfUtils.java:logGet(44)) - raft.server.leaderelection.leader.step-down.wait-time = 10s (default)
2021-07-27 03:54:02,728 [Listener at 127.0.0.1/13330] INFO  server.RaftServerConfigKeys (ConfUtils.java:logGet(44)) - raft.server.storage.dir = [/home/runner/work/ozone/ozone/mnt/ozone/hadoop-ozone/integration-test/target/test-dir/MiniOzoneClusterImpl-b10bafd4-cc06-4e81-8a2f-dfe27fd2d808/omNode-3/ratis] (custom)
2021-07-27 03:54:02,734 [Listener at 127.0.0.1/13330] INFO  server.RaftServer (RaftServerProxy.java:addNew(95)) - omNode-3: addNew group-33FC8B15A7E9:[omNode-3|rpc:localhost:13340|priority:0, omNode-1|rpc:localhost:13328|priority:0, omNode-2|rpc:localhost:13334|priority:0] returns group-33FC8B15A7E9:java.util.concurrent.CompletableFuture@1d1a3a47[Not completed]
2021-07-27 03:54:02,734 [Listener at 127.0.0.1/13330] INFO  om.OzoneManager (OzoneManager.java:initializeRatisServer(1542)) - OzoneManager Ratis server initialized at port 13340
2021-07-27 03:54:02,736 [pool-87-thread-1] INFO  server.RaftServer$Division (RaftServerImpl.java:<init>(181)) - omNode-3: new RaftServerImpl for group-33FC8B15A7E9:[omNode-3|rpc:localhost:13340|priority:0, omNode-1|rpc:localhost:13328|priority:0, omNode-2|rpc:localhost:13334|priority:0] with OzoneManagerStateMachine:uninitialized
2021-07-27 03:54:02,738 [Listener at 127.0.0.1/13330] INFO  ipc.CallQueueManager (CallQueueManager.java:<init>(90)) - Using callQueue: class java.util.concurrent.LinkedBlockingQueue, queueCapacity: 2000, scheduler: class org.apache.hadoop.ipc.DefaultRpcScheduler, ipcBackoff: false.
2021-07-27 03:54:02,739 [pool-87-thread-1] INFO  server.RaftServerConfigKeys (ConfUtils.java:logGet(44)) - raft.server.rpc.timeout.min = 1s (custom)
2021-07-27 03:54:02,740 [pool-87-thread-1] INFO  server.RaftServerConfigKeys (ConfUtils.java:logGet(44)) - raft.server.rpc.timeout.max = 1200ms (custom)
2021-07-27 03:54:02,740 [pool-87-thread-1] INFO  server.RaftServerConfigKeys (ConfUtils.java:logGet(44)) - raft.server.rpc.sleep.time = 25ms (default)
2021-07-27 03:54:02,740 [pool-87-thread-1] INFO  server.RaftServerConfigKeys (ConfUtils.java:logGet(44)) - raft.server.rpc.slowness.timeout = 2s (custom)
2021-07-27 03:54:02,740 [pool-87-thread-1] INFO  server.RaftServerConfigKeys (ConfUtils.java:logGet(44)) - raft.server.leaderelection.leader.step-down.wait-time = 10s (default)
2021-07-27 03:54:02,741 [pool-87-thread-1] INFO  server.RaftServerConfigKeys (ConfUtils.java:logGet(44)) - raft.server.sleep.deviation.threshold = 300ms (default)
2021-07-27 03:54:02,741 [pool-87-thread-1] INFO  server.RaftServerConfigKeys (ConfUtils.java:logGet(44)) - raft.server.log.appender.install.snapshot.enabled = false (custom)
2021-07-27 03:54:02,741 [pool-87-thread-1] INFO  server.RaftServer$Division (ServerState.java:<init>(105)) - omNode-3@group-33FC8B15A7E9: ConfigurationManager, init=-1: [omNode-3|rpc:localhost:13340|priority:0, omNode-1|rpc:localhost:13328|priority:0, omNode-2|rpc:localhost:13334|priority:0], old=null, confs=<EMPTY_MAP>
2021-07-27 03:54:02,741 [pool-87-thread-1] INFO  server.RaftServerConfigKeys (ConfUtils.java:logGet(44)) - raft.server.storage.dir = [/home/runner/work/ozone/ozone/mnt/ozone/hadoop-ozone/integration-test/target/test-dir/MiniOzoneClusterImpl-b10bafd4-cc06-4e81-8a2f-dfe27fd2d808/omNode-3/ratis] (custom)
2021-07-27 03:54:02,742 [Socket Reader #1 for port 13336] INFO  ipc.Server (Server.java:run(1265)) - Starting Socket Reader #1 for port 13336
2021-07-27 03:54:02,754 [pool-87-thread-1] INFO  server.RaftServerConfigKeys (ConfUtils.java:logGet(44)) - raft.server.log.corruption.policy = EXCEPTION (default)
2021-07-27 03:54:02,754 [pool-87-thread-1] INFO  server.RaftServerConfigKeys (ConfUtils.java:logGet(44)) - raft.server.storage.free-space.min = 0MB (=0) (default)
2021-07-27 03:54:02,754 [pool-87-thread-1] INFO  storage.RaftStorageDirectory (RaftStorageDirectoryImpl.java:analyzeStorage(135)) - The storage directory /home/runner/work/ozone/ozone/mnt/ozone/hadoop-ozone/integration-test/target/test-dir/MiniOzoneClusterImpl-b10bafd4-cc06-4e81-8a2f-dfe27fd2d808/omNode-3/ratis/a5a8c63e-4922-3a03-b163-33fc8b15a7e9 does not exist. Creating ...
2021-07-27 03:54:02,755 [pool-87-thread-1] INFO  storage.RaftStorageDirectory (RaftStorageDirectoryImpl.java:tryLock(230)) - Lock on /home/runner/work/ozone/ozone/mnt/ozone/hadoop-ozone/integration-test/target/test-dir/MiniOzoneClusterImpl-b10bafd4-cc06-4e81-8a2f-dfe27fd2d808/omNode-3/ratis/a5a8c63e-4922-3a03-b163-33fc8b15a7e9/in_use.lock acquired by nodename 18840@fv-az148-176
2021-07-27 03:54:02,757 [pool-87-thread-1] INFO  storage.RaftStorage (RaftStorageImpl.java:format(89)) - Storage directory /home/runner/work/ozone/ozone/mnt/ozone/hadoop-ozone/integration-test/target/test-dir/MiniOzoneClusterImpl-b10bafd4-cc06-4e81-8a2f-dfe27fd2d808/omNode-3/ratis/a5a8c63e-4922-3a03-b163-33fc8b15a7e9 has been successfully formatted.
2021-07-27 03:54:02,757 [pool-87-thread-1] INFO  server.RaftServerConfigKeys (ConfUtils.java:logGet(44)) - raft.server.notification.no-leader.timeout = 2s (custom)
2021-07-27 03:54:02,757 [pool-87-thread-1] INFO  server.RaftServerConfigKeys (ConfUtils.java:logGet(44)) - raft.server.log.use.memory = false (default)
2021-07-27 03:54:02,757 [pool-87-thread-1] INFO  server.RaftServerConfigKeys (ConfUtils.java:logGet(44)) - raft.server.log.purge.gap = 1000000 (custom)
2021-07-27 03:54:02,757 [pool-87-thread-1] INFO  server.RaftServerConfigKeys (ConfUtils.java:logGet(44)) - raft.server.log.appender.buffer.byte-limit = 33554432 (custom)
2021-07-27 03:54:02,757 [pool-87-thread-1] INFO  server.RaftServerConfigKeys (ConfUtils.java:logGet(44)) - raft.server.log.segment.size.max = 4194304 (custom)
2021-07-27 03:54:02,758 [pool-87-thread-1] INFO  server.RaftServerConfigKeys (ConfUtils.java:logGet(44)) - raft.server.log.segment.cache.num.max = 2 (custom)
2021-07-27 03:54:02,758 [pool-87-thread-1] INFO  server.RaftServerConfigKeys (ConfUtils.java:logGet(44)) - raft.server.log.segment.cache.size.max = 200MB (=209715200) (default)
2021-07-27 03:54:02,758 [pool-87-thread-1] INFO  segmented.SegmentedRaftLogWorker (SegmentedRaftLogWorker.java:<init>(182)) - new omNode-3@group-33FC8B15A7E9-SegmentedRaftLogWorker for RaftStorageImpl:Storage Directory /home/runner/work/ozone/ozone/mnt/ozone/hadoop-ozone/integration-test/target/test-dir/MiniOzoneClusterImpl-b10bafd4-cc06-4e81-8a2f-dfe27fd2d808/omNode-3/ratis/a5a8c63e-4922-3a03-b163-33fc8b15a7e9
2021-07-27 03:54:02,758 [pool-87-thread-1] INFO  server.RaftServerConfigKeys (ConfUtils.java:logGet(44)) - raft.server.log.queue.byte-limit = 64MB (=67108864) (default)
2021-07-27 03:54:02,759 [pool-87-thread-1] INFO  server.RaftServerConfigKeys (ConfUtils.java:logGet(44)) - raft.server.log.queue.element-limit = 4096 (default)
2021-07-27 03:54:02,759 [pool-87-thread-1] INFO  server.RaftServerConfigKeys (ConfUtils.java:logGet(44)) - raft.server.log.segment.size.max = 4194304 (custom)
2021-07-27 03:54:02,759 [pool-87-thread-1] INFO  server.RaftServerConfigKeys (ConfUtils.java:logGet(44)) - raft.server.log.preallocated.size = 4194304 (custom)
2021-07-27 03:54:02,759 [pool-87-thread-1] INFO  server.RaftServerConfigKeys (ConfUtils.java:logGet(44)) - raft.server.log.force.sync.num = 128 (default)
2021-07-27 03:54:02,759 [pool-87-thread-1] INFO  server.RaftServerConfigKeys (ConfUtils.java:logGet(44)) - raft.server.log.statemachine.data.sync = true (default)
2021-07-27 03:54:02,759 [pool-87-thread-1] INFO  server.RaftServerConfigKeys (ConfUtils.java:logGet(44)) - raft.server.log.statemachine.data.sync.timeout = 10s (default)
2021-07-27 03:54:02,759 [pool-87-thread-1] INFO  server.RaftServerConfigKeys (ConfUtils.java:logGet(44)) - raft.server.log.statemachine.data.sync.timeout.retry = -1 (default)
2021-07-27 03:54:02,760 [pool-87-thread-1] INFO  server.RaftServerConfigKeys (ConfUtils.java:logGet(44)) - raft.server.log.write.buffer.size = 64KB (=65536) (default)
2021-07-27 03:54:02,762 [pool-87-thread-1] INFO  server.RaftServerConfigKeys (ConfUtils.java:logGet(44)) - raft.server.log.statemachine.data.caching.enabled = false (default)
2021-07-27 03:54:02,762 [pool-87-thread-1] INFO  segmented.SegmentedRaftLogWorker (SegmentedRaftLogWorker.java:lambda$new$0(133)) - omNode-3@group-33FC8B15A7E9-SegmentedRaftLogWorker: flushIndex: setUnconditionally 0 -> -1
2021-07-27 03:54:02,763 [pool-87-thread-1] INFO  segmented.SegmentedRaftLogWorker (SegmentedRaftLogWorker.java:lambda$new$0(133)) - omNode-3@group-33FC8B15A7E9-SegmentedRaftLogWorker: safeCacheEvictIndex: setUnconditionally 0 -> -1
2021-07-27 03:54:02,770 [pool-87-thread-1] INFO  server.RaftServerConfigKeys (ConfUtils.java:logGet(44)) - raft.server.snapshot.auto.trigger.enabled = true (custom)
2021-07-27 03:54:02,770 [pool-87-thread-1] INFO  server.RaftServerConfigKeys (ConfUtils.java:logGet(44)) - raft.server.snapshot.auto.trigger.threshold = 400000 (default)
2021-07-27 03:54:02,770 [pool-87-thread-1] INFO  server.RaftServerConfigKeys (ConfUtils.java:logGet(44)) - raft.server.snapshot.retention.file.num = -1 (default)
2021-07-27 03:54:02,770 [pool-87-thread-1] INFO  server.RaftServerConfigKeys (ConfUtils.java:logGet(44)) - raft.server.log.purge.upto.snapshot.index = true (custom)
2021-07-27 03:54:02,770 [pool-87-thread-1] INFO  server.RaftServerConfigKeys (ConfUtils.java:logGet(44)) - raft.server.retrycache.expirytime = 300s (custom)
2021-07-27 03:54:02,770 [pool-87-thread-1] INFO  server.RaftServerConfigKeys (ConfUtils.java:logGet(44)) - raft.server.retrycache.statistics.expirytime = 100μs (default)
2021-07-27 03:54:02,784 [Listener at 127.0.0.1/13336] INFO  om.OzoneManager (OzoneManager.java:initFSOLayout(4290)) - Configured ozone.om.metadata.layout=SIMPLE and disabled optimized OM FS operations
2021-07-27 03:54:02,784 [Listener at 127.0.0.1/13336] INFO  impl.MetricsSystemImpl (MetricsSystemImpl.java:init(158)) - OzoneManager metrics system started (again)
2021-07-27 03:54:02,799 [Listener at 127.0.0.1/13336] INFO  om.OzoneManager (OzoneManager.java:start(1239)) - OzoneManager RPC server is listening at localhost/127.0.0.1:13336
2021-07-27 03:54:02,799 [Listener at 127.0.0.1/13336] INFO  ratis.OzoneManagerRatisServer (OzoneManagerRatisServer.java:start(516)) - Starting OzoneManagerRatisServer omNode-3 at port 13340
2021-07-27 03:54:02,800 [Listener at 127.0.0.1/13336] INFO  server.RaftServer$Division (RaftServerImpl.java:start(296)) - omNode-3@group-33FC8B15A7E9: start as a follower, conf=-1: [omNode-3|rpc:localhost:13340|priority:0, omNode-1|rpc:localhost:13328|priority:0, omNode-2|rpc:localhost:13334|priority:0], old=null
2021-07-27 03:54:02,800 [Listener at 127.0.0.1/13336] INFO  server.RaftServer$Division (RaftServerImpl.java:setRole(285)) - omNode-3@group-33FC8B15A7E9: changes role from      null to FOLLOWER at term 0 for startAsFollower
2021-07-27 03:54:02,800 [Listener at 127.0.0.1/13336] INFO  impl.RoleInfo (RoleInfo.java:updateAndGet(130)) - omNode-3: start omNode-3@group-33FC8B15A7E9-FollowerState
2021-07-27 03:54:02,800 [Listener at 127.0.0.1/13336] INFO  util.JmxRegister (JmxRegister.java:tryRegister(44)) - Successfully registered JMX Bean with object name Ratis:service=RaftServer,group=group-33FC8B15A7E9,id=omNode-3
2021-07-27 03:54:02,802 [Listener at 127.0.0.1/13336] INFO  server.RaftServer (RaftServerProxy.java:lambda$start$5(374)) - omNode-3: start RPC server
2021-07-27 03:54:02,804 [Listener at 127.0.0.1/13336] INFO  server.GrpcService (GrpcService.java:startImpl(253)) - omNode-3: GrpcService started, listening on 13340
2021-07-27 03:54:02,805 [Listener at 127.0.0.1/13336] INFO  om.OzoneManager (OzoneManager.java:start(1257)) - Version File has different layout version (0) than OM DB (null). That is expected if this OM has never been finalized to a newer layout version.
2021-07-27 03:54:02,805 [org.apache.ratis.util.JvmPauseMonitor$$Lambda$430/1677697972@454060b5] INFO  util.JvmPauseMonitor (JvmPauseMonitor.java:run(103)) - JvmPauseMonitor-omNode-3: Started
2021-07-27 03:54:02,807 [Listener at 127.0.0.1/13336] INFO  http.BaseHttpServer (BaseHttpServer.java:newHttpServer2BuilderForOzone(209)) - Starting Web-server for ozoneManager at: http://0.0.0.0:13338
2021-07-27 03:54:02,807 [Listener at 127.0.0.1/13336] INFO  http.BaseHttpServer (BaseHttpServer.java:<init>(107)) - Hadoop Security Enabled: false Ozone Security Enabled: false Ozone HTTP Security Enabled: false 
2021-07-27 03:54:02,808 [Listener at 127.0.0.1/13336] INFO  server.AuthenticationFilter (AuthenticationFilter.java:constructSecretProvider(240)) - Unable to initialize FileSignerSecretProvider, falling back to use random secrets.
2021-07-27 03:54:02,809 [Listener at 127.0.0.1/13336] WARN  http.HttpRequestLog (HttpRequestLog.java:getRequestLog(103)) - Jetty request log can only be enabled using Log4j
2021-07-27 03:54:02,810 [Listener at 127.0.0.1/13336] INFO  http.HttpServer2 (HttpServer2.java:addGlobalFilter(1020)) - Added global filter 'safety' (class=org.apache.hadoop.hdds.server.http.HttpServer2$QuotingInputFilter)
2021-07-27 03:54:02,811 [Listener at 127.0.0.1/13336] INFO  http.HttpServer2 (HttpServer2.java:addFilter(996)) - Added filter static_user_filter (class=org.apache.hadoop.http.lib.StaticUserWebFilter$StaticUserFilter) to context ozoneManager
2021-07-27 03:54:02,811 [Listener at 127.0.0.1/13336] INFO  http.HttpServer2 (HttpServer2.java:addFilter(1004)) - Added filter static_user_filter (class=org.apache.hadoop.http.lib.StaticUserWebFilter$StaticUserFilter) to context logs
2021-07-27 03:54:02,811 [Listener at 127.0.0.1/13336] INFO  http.HttpServer2 (HttpServer2.java:addFilter(1004)) - Added filter static_user_filter (class=org.apache.hadoop.http.lib.StaticUserWebFilter$StaticUserFilter) to context static
2021-07-27 03:54:02,812 [Listener at 127.0.0.1/13336] INFO  http.HttpServer2 (HttpServer2.java:bindListener(1239)) - Jetty bound to port 13338
2021-07-27 03:54:02,812 [Listener at 127.0.0.1/13336] INFO  server.Server (Server.java:doStart(375)) - jetty-9.4.35.v20201120; built: 2020-11-20T21:17:03.964Z; git: bdc54f03a5e0a7e280fab27f55c3c75ee8da89fb; jvm 1.8.0_292-b10
2021-07-27 03:54:02,822 [Listener at 127.0.0.1/13336] INFO  server.session (DefaultSessionIdManager.java:doStart(334)) - DefaultSessionIdManager workerName=node0
2021-07-27 03:54:02,822 [Listener at 127.0.0.1/13336] INFO  server.session (DefaultSessionIdManager.java:doStart(339)) - No SessionScavenger set, using defaults
2021-07-27 03:54:02,822 [Listener at 127.0.0.1/13336] INFO  server.session (HouseKeeper.java:startScavenging(132)) - node0 Scavenging every 660000ms
2021-07-27 03:54:02,824 [Listener at 127.0.0.1/13336] INFO  handler.ContextHandler (ContextHandler.java:doStart(916)) - Started o.e.j.s.ServletContextHandler@74e6cf37{logs,/logs,file:///home/runner/work/ozone/ozone/mnt/ozone/hadoop-ozone/integration-test/target/log,AVAILABLE}
2021-07-27 03:54:02,824 [Listener at 127.0.0.1/13336] INFO  handler.ContextHandler (ContextHandler.java:doStart(916)) - Started o.e.j.s.ServletContextHandler@2e689f56{static,/static,file:///home/runner/work/ozone/ozone/mnt/ozone/hadoop-ozone/integration-test/target/test-classes/webapps/static,AVAILABLE}
2021-07-27 03:54:02,828 [Listener at 127.0.0.1/13336] INFO  handler.ContextHandler (ContextHandler.java:doStart(916)) - Started o.e.j.w.WebAppContext@6e225adb{ozoneManager,/,file:///home/runner/work/ozone/ozone/mnt/ozone/hadoop-ozone/integration-test/target/test-classes/webapps/ozoneManager/,AVAILABLE}{file:/home/runner/work/ozone/ozone/mnt/ozone/hadoop-ozone/integration-test/target/test-classes/webapps/ozoneManager}
2021-07-27 03:54:02,834 [Listener at 127.0.0.1/13336] INFO  server.AbstractConnector (AbstractConnector.java:doStart(331)) - Started ServerConnector@7c78c76a{HTTP/1.1, (http/1.1)}{0.0.0.0:13338}
2021-07-27 03:54:02,834 [Listener at 127.0.0.1/13336] INFO  server.Server (Server.java:doStart(415)) - Started @17197ms
2021-07-27 03:54:02,834 [Listener at 127.0.0.1/13336] WARN  impl.MetricsSystemImpl (MetricsSystemImpl.java:register(279)) - Sink prometheus already exists!
2021-07-27 03:54:02,835 [Listener at 127.0.0.1/13336] INFO  http.BaseHttpServer (BaseHttpServer.java:updateConnectorAddress(329)) - HTTP server of ozoneManager listening at http://0.0.0.0:13338
2021-07-27 03:54:02,838 [IPC Server Responder] INFO  ipc.Server (Server.java:run(1507)) - IPC Server Responder: starting
2021-07-27 03:54:02,838 [IPC Server listener on 13336] INFO  ipc.Server (Server.java:run(1344)) - IPC Server listener on 13336: starting
2021-07-27 03:54:02,842 [Listener at 127.0.0.1/13336] INFO  om.OzoneManager (OzoneManager.java:startTrashEmptier(1500)) - Trash Interval set to 0. Files deleted will not move to trash
2021-07-27 03:54:02,843 [Listener at 127.0.0.1/13336] INFO  ozone.MiniOzoneHAClusterImpl (MiniOzoneHAClusterImpl.java:createOMService(484)) - Started OzoneManager omNode-3 RPC server at localhost/127.0.0.1:13336
2021-07-27 03:54:02,851 [org.apache.hadoop.util.JvmPauseMonitor$Monitor@546d3ec4] INFO  util.JvmPauseMonitor (JvmPauseMonitor.java:run(188)) - Starting JVM pause monitor
2021-07-27 03:54:03,117 [org.apache.ratis.util.JvmPauseMonitor$$Lambda$430/1677697972@153e504] WARN  util.JvmPauseMonitor (JvmPauseMonitor.java:detectPause(124)) - JvmPauseMonitor-4a006e23-4982-42e1-b4c7-2415bb8d98a0: Detected pause in JVM or host machine (eg GC): pause of approximately 151713620ns.
GC pool 'PS MarkSweep' had collection(s): count=1 time=194ms
GC pool 'PS Scavenge' had collection(s): count=1 time=28ms
2021-07-27 03:54:03,117 [org.apache.ratis.util.JvmPauseMonitor$$Lambda$430/1677697972@59f91479] WARN  util.JvmPauseMonitor (JvmPauseMonitor.java:detectPause(124)) - JvmPauseMonitor-omNode-2: Detected pause in JVM or host machine (eg GC): pause of approximately 152986571ns.
GC pool 'PS MarkSweep' had collection(s): count=1 time=194ms
GC pool 'PS Scavenge' had collection(s): count=1 time=28ms
2021-07-27 03:54:03,188 [omNode-1@group-33FC8B15A7E9-FollowerState] INFO  impl.FollowerState (FollowerState.java:run(134)) - omNode-1@group-33FC8B15A7E9-FollowerState: change to CANDIDATE, lastRpcElapsedTime:1081665787ns, electionTimeout:1078ms
2021-07-27 03:54:03,188 [omNode-1@group-33FC8B15A7E9-FollowerState] INFO  impl.RoleInfo (RoleInfo.java:shutdownFollowerState(108)) - omNode-1: shutdown omNode-1@group-33FC8B15A7E9-FollowerState
2021-07-27 03:54:03,188 [omNode-1@group-33FC8B15A7E9-FollowerState] INFO  server.RaftServer$Division (RaftServerImpl.java:setRole(285)) - omNode-1@group-33FC8B15A7E9: changes role from  FOLLOWER to CANDIDATE at term 0 for changeToCandidate
2021-07-27 03:54:03,188 [omNode-1@group-33FC8B15A7E9-FollowerState] INFO  server.RaftServerConfigKeys (ConfUtils.java:logGet(44)) - raft.server.leaderelection.pre-vote = false (custom)
2021-07-27 03:54:03,189 [omNode-1@group-33FC8B15A7E9-FollowerState] INFO  impl.RoleInfo (RoleInfo.java:updateAndGet(130)) - omNode-1: start omNode-1@group-33FC8B15A7E9-LeaderElection3
2021-07-27 03:54:03,229 [omNode-1@group-33FC8B15A7E9-LeaderElection3] INFO  impl.LeaderElection (LeaderElection.java:askForVotes(306)) - omNode-1@group-33FC8B15A7E9-LeaderElection3 ELECTION round 0: submit vote requests at term 1 for -1: [omNode-3|rpc:localhost:13340|priority:0, omNode-1|rpc:localhost:13328|priority:0, omNode-2|rpc:localhost:13334|priority:0], old=null
2021-07-27 03:54:03,317 [Listener at 127.0.0.1/13336] WARN  impl.MetricRegistriesImpl (MetricRegistriesImpl.java:addReporterRegistration(111)) - New reporters are added after registries were created. Some metrics will be missing from the reporter. Please add reporter before adding any new registry.
2021-07-27 03:54:03,322 [Listener at 127.0.0.1/13336] WARN  impl.MetricRegistriesImpl (MetricRegistriesImpl.java:addReporterRegistration(111)) - New reporters are added after registries were created. Some metrics will be missing from the reporter. Please add reporter before adding any new registry.
2021-07-27 03:54:03,322 [Listener at 127.0.0.1/13336] INFO  impl.MetricsSystemImpl (MetricsSystemImpl.java:init(158)) - HddsDatanode metrics system started (again)
2021-07-27 03:54:03,352 [Listener at 127.0.0.1/13336] INFO  ozone.HddsDatanodeService (HddsDatanodeService.java:start(234)) - HddsDatanodeService host:fv-az148-176.bm4ck3pvxvsene1rjriu5fhcdb.bx.internal.cloudapp.net ip:10.1.0.38
2021-07-27 03:54:03,409 [Listener at 127.0.0.1/13336] INFO  upgrade.AbstractLayoutVersionManager (AbstractLayoutVersionManager.java:init(70)) - Initializing Layout version manager with metadata layout = SCM_HA (version = 2), software layout = SCM_HA (version = 2)
2021-07-27 03:54:03,513 [Listener at 127.0.0.1/13336] INFO  reflections.Reflections (Reflections.java:scan(232)) - Reflections took 96 ms to scan 7 urls, producing 119 keys and 271 values 
2021-07-27 03:54:03,522 [omNode-2@group-33FC8B15A7E9-FollowerState] INFO  impl.FollowerState (FollowerState.java:run(134)) - omNode-2@group-33FC8B15A7E9-FollowerState: change to CANDIDATE, lastRpcElapsedTime:1062304011ns, electionTimeout:1059ms
2021-07-27 03:54:03,522 [omNode-2@group-33FC8B15A7E9-FollowerState] INFO  impl.RoleInfo (RoleInfo.java:shutdownFollowerState(108)) - omNode-2: shutdown omNode-2@group-33FC8B15A7E9-FollowerState
2021-07-27 03:54:03,523 [omNode-2@group-33FC8B15A7E9-FollowerState] INFO  server.RaftServer$Division (RaftServerImpl.java:setRole(285)) - omNode-2@group-33FC8B15A7E9: changes role from  FOLLOWER to CANDIDATE at term 0 for changeToCandidate
2021-07-27 03:54:03,523 [omNode-2@group-33FC8B15A7E9-FollowerState] INFO  server.RaftServerConfigKeys (ConfUtils.java:logGet(44)) - raft.server.leaderelection.pre-vote = false (custom)
2021-07-27 03:54:03,523 [omNode-2@group-33FC8B15A7E9-FollowerState] INFO  impl.RoleInfo (RoleInfo.java:updateAndGet(130)) - omNode-2: start omNode-2@group-33FC8B15A7E9-LeaderElection4
2021-07-27 03:54:03,526 [Listener at 127.0.0.1/13336] INFO  ha.SCMNodeInfo (SCMNodeInfo.java:getPort(197)) - ConfigKey ozone.scm.client.address is deprecated, For configuring different ports for each SCM use PortConfigKey ozone.scm.client.port appended with serviceId and nodeId
2021-07-27 03:54:03,527 [Listener at 127.0.0.1/13336] INFO  ha.SCMNodeInfo (SCMNodeInfo.java:getPort(197)) - ConfigKey ozone.scm.block.client.address is deprecated, For configuring different ports for each SCM use PortConfigKey ozone.scm.block.client.port appended with serviceId and nodeId
2021-07-27 03:54:03,531 [Listener at 127.0.0.1/13336] INFO  ha.SCMNodeInfo (SCMNodeInfo.java:getPort(197)) - ConfigKey ozone.scm.datanode.address is deprecated, For configuring different ports for each SCM use PortConfigKey ozone.scm.datanode.port appended with serviceId and nodeId
2021-07-27 03:54:03,534 [omNode-2@group-33FC8B15A7E9-LeaderElection4] INFO  impl.LeaderElection (LeaderElection.java:askForVotes(306)) - omNode-2@group-33FC8B15A7E9-LeaderElection4 ELECTION round 0: submit vote requests at term 1 for -1: [omNode-3|rpc:localhost:13340|priority:0, omNode-1|rpc:localhost:13328|priority:0, omNode-2|rpc:localhost:13334|priority:0], old=null
2021-07-27 03:54:03,715 [Listener at 127.0.0.1/13336] INFO  volume.HddsVolume (HddsVolume.java:<init>(120)) - Creating HddsVolume: /home/runner/work/ozone/ozone/mnt/ozone/hadoop-ozone/integration-test/target/test-dir/MiniOzoneClusterImpl-b10bafd4-cc06-4e81-8a2f-dfe27fd2d808/datanode-0/data-0/containers/hdds of storage type : DISK capacity : 9223372036854775807
2021-07-27 03:54:03,717 [Listener at 127.0.0.1/13336] INFO  volume.MutableVolumeSet (MutableVolumeSet.java:initializeVolumeSet(181)) - Added Volume : /home/runner/work/ozone/ozone/mnt/ozone/hadoop-ozone/integration-test/target/test-dir/MiniOzoneClusterImpl-b10bafd4-cc06-4e81-8a2f-dfe27fd2d808/datanode-0/data-0/containers/hdds to VolumeSet
2021-07-27 03:54:03,718 [Listener at 127.0.0.1/13336] INFO  volume.ThrottledAsyncChecker (ThrottledAsyncChecker.java:schedule(141)) - Scheduling a check for /home/runner/work/ozone/ozone/mnt/ozone/hadoop-ozone/integration-test/target/test-dir/MiniOzoneClusterImpl-b10bafd4-cc06-4e81-8a2f-dfe27fd2d808/datanode-0/data-0/containers/hdds
2021-07-27 03:54:03,759 [Listener at 127.0.0.1/13336] INFO  volume.StorageVolumeChecker (StorageVolumeChecker.java:checkAllVolumes(202)) - Scheduled health check for volume /home/runner/work/ozone/ozone/mnt/ozone/hadoop-ozone/integration-test/target/test-dir/MiniOzoneClusterImpl-b10bafd4-cc06-4e81-8a2f-dfe27fd2d808/datanode-0/data-0/containers/hdds
2021-07-27 03:54:03,779 [Listener at 127.0.0.1/13336] INFO  volume.MutableVolumeSet (MutableVolumeSet.java:initializeVolumeSet(181)) - Added Volume : /home/runner/work/ozone/ozone/mnt/ozone/hadoop-ozone/integration-test/target/test-dir/MiniOzoneClusterImpl-b10bafd4-cc06-4e81-8a2f-dfe27fd2d808/datanode-0/data/ratis to VolumeSet
2021-07-27 03:54:03,783 [Listener at 127.0.0.1/13336] INFO  volume.ThrottledAsyncChecker (ThrottledAsyncChecker.java:schedule(141)) - Scheduling a check for /home/runner/work/ozone/ozone/mnt/ozone/hadoop-ozone/integration-test/target/test-dir/MiniOzoneClusterImpl-b10bafd4-cc06-4e81-8a2f-dfe27fd2d808/datanode-0/data/ratis
2021-07-27 03:54:03,784 [Listener at 127.0.0.1/13336] INFO  volume.StorageVolumeChecker (StorageVolumeChecker.java:checkAllVolumes(202)) - Scheduled health check for volume /home/runner/work/ozone/ozone/mnt/ozone/hadoop-ozone/integration-test/target/test-dir/MiniOzoneClusterImpl-b10bafd4-cc06-4e81-8a2f-dfe27fd2d808/datanode-0/data/ratis
2021-07-27 03:54:03,789 [grpc-default-executor-1] INFO  server.RaftServer$Division (RaftServerImpl.java:requestVote(1043)) - omNode-1@group-33FC8B15A7E9: receive requestVote(ELECTION, omNode-2, group-33FC8B15A7E9, 1, (t:0, i:~))
2021-07-27 03:54:03,790 [grpc-default-executor-0] INFO  server.RaftServer$Division (RaftServerImpl.java:requestVote(1043)) - omNode-2@group-33FC8B15A7E9: receive requestVote(ELECTION, omNode-1, group-33FC8B15A7E9, 1, (t:0, i:~))
2021-07-27 03:54:03,789 [grpc-default-executor-2] INFO  server.RaftServer$Division (RaftServerImpl.java:requestVote(1043)) - omNode-3@group-33FC8B15A7E9: receive requestVote(ELECTION, omNode-1, group-33FC8B15A7E9, 1, (t:0, i:~))
2021-07-27 03:54:03,792 [grpc-default-executor-1] INFO  impl.VoteContext (VoteContext.java:log(48)) - omNode-1@group-33FC8B15A7E9-CANDIDATE: reject ELECTION from omNode-2: already has voted for omNode-1 at current term 1
2021-07-27 03:54:03,792 [grpc-default-executor-3] INFO  server.RaftServer$Division (RaftServerImpl.java:requestVote(1043)) - omNode-3@group-33FC8B15A7E9: receive requestVote(ELECTION, omNode-2, group-33FC8B15A7E9, 1, (t:0, i:~))
2021-07-27 03:54:03,792 [grpc-default-executor-0] INFO  impl.VoteContext (VoteContext.java:log(48)) - omNode-2@group-33FC8B15A7E9-CANDIDATE: reject ELECTION from omNode-1: already has voted for omNode-2 at current term 1
2021-07-27 03:54:03,793 [grpc-default-executor-2] INFO  impl.VoteContext (VoteContext.java:log(48)) - omNode-3@group-33FC8B15A7E9-FOLLOWER: accept ELECTION from omNode-1: our priority 0 <= candidate's priority 0
2021-07-27 03:54:03,802 [grpc-default-executor-2] INFO  server.RaftServer$Division (RaftServerImpl.java:setRole(285)) - omNode-3@group-33FC8B15A7E9: changes role from  FOLLOWER to FOLLOWER at term 1 for candidate:omNode-1
2021-07-27 03:54:03,804 [grpc-default-executor-2] INFO  impl.RoleInfo (RoleInfo.java:shutdownFollowerState(108)) - omNode-3: shutdown omNode-3@group-33FC8B15A7E9-FollowerState
2021-07-27 03:54:03,804 [grpc-default-executor-1] INFO  server.RaftServer$Division (RaftServerImpl.java:requestVote(1075)) - omNode-1@group-33FC8B15A7E9 replies to ELECTION vote request: omNode-2<-omNode-1#0:FAIL-t1. Peer's state: omNode-1@group-33FC8B15A7E9:t1, leader=null, voted=omNode-1, raftlog=omNode-1@group-33FC8B15A7E9-SegmentedRaftLog:OPENED:c-1,f-1,i0, conf=-1: [omNode-3|rpc:localhost:13340|priority:0, omNode-1|rpc:localhost:13328|priority:0, omNode-2|rpc:localhost:13334|priority:0], old=null
2021-07-27 03:54:03,809 [omNode-3@group-33FC8B15A7E9-FollowerState] INFO  impl.FollowerState (FollowerState.java:run(143)) - omNode-3@group-33FC8B15A7E9-FollowerState was interrupted: {}
java.lang.InterruptedException: sleep interrupted
	at java.lang.Thread.sleep(Native Method)
	at java.lang.Thread.sleep(Thread.java:340)
	at java.util.concurrent.TimeUnit.sleep(TimeUnit.java:386)
	at org.apache.ratis.util.TimeDuration.sleep(TimeDuration.java:324)
	at org.apache.ratis.util.TimeDuration.sleep(TimeDuration.java:309)
	at org.apache.ratis.server.impl.FollowerState.run(FollowerState.java:118)
2021-07-27 03:54:03,804 [grpc-default-executor-0] INFO  server.RaftServer$Division (RaftServerImpl.java:requestVote(1075)) - omNode-2@group-33FC8B15A7E9 replies to ELECTION vote request: omNode-1<-omNode-2#0:FAIL-t1. Peer's state: omNode-2@group-33FC8B15A7E9:t1, leader=null, voted=omNode-2, raftlog=omNode-2@group-33FC8B15A7E9-SegmentedRaftLog:OPENED:c-1,f-1,i0, conf=-1: [omNode-3|rpc:localhost:13340|priority:0, omNode-1|rpc:localhost:13328|priority:0, omNode-2|rpc:localhost:13334|priority:0], old=null
2021-07-27 03:54:03,812 [grpc-default-executor-2] INFO  impl.RoleInfo (RoleInfo.java:updateAndGet(130)) - omNode-3: start omNode-3@group-33FC8B15A7E9-FollowerState
2021-07-27 03:54:03,827 [grpc-default-executor-2] INFO  server.RaftServer$Division (RaftServerImpl.java:requestVote(1075)) - omNode-3@group-33FC8B15A7E9 replies to ELECTION vote request: omNode-1<-omNode-3#0:OK-t1. Peer's state: omNode-3@group-33FC8B15A7E9:t1, leader=null, voted=omNode-1, raftlog=omNode-3@group-33FC8B15A7E9-SegmentedRaftLog:OPENED:c-1,f-1,i0, conf=-1: [omNode-3|rpc:localhost:13340|priority:0, omNode-1|rpc:localhost:13328|priority:0, omNode-2|rpc:localhost:13334|priority:0], old=null
2021-07-27 03:54:03,828 [grpc-default-executor-3] INFO  impl.VoteContext (VoteContext.java:log(48)) - omNode-3@group-33FC8B15A7E9-FOLLOWER: reject ELECTION from omNode-2: already has voted for omNode-1 at current term 1
2021-07-27 03:54:03,828 [grpc-default-executor-3] INFO  server.RaftServer$Division (RaftServerImpl.java:requestVote(1075)) - omNode-3@group-33FC8B15A7E9 replies to ELECTION vote request: omNode-2<-omNode-3#0:FAIL-t1. Peer's state: omNode-3@group-33FC8B15A7E9:t1, leader=null, voted=omNode-1, raftlog=omNode-3@group-33FC8B15A7E9-SegmentedRaftLog:OPENED:c-1,f-1,i0, conf=-1: [omNode-3|rpc:localhost:13340|priority:0, omNode-1|rpc:localhost:13328|priority:0, omNode-2|rpc:localhost:13334|priority:0], old=null
2021-07-27 03:54:03,832 [omNode-1@group-33FC8B15A7E9-LeaderElection3] INFO  impl.LeaderElection (LeaderElection.java:logAndReturn(89)) - omNode-1@group-33FC8B15A7E9-LeaderElection3: ELECTION PASSED received 2 response(s) and 0 exception(s):
2021-07-27 03:54:03,832 [omNode-1@group-33FC8B15A7E9-LeaderElection3] INFO  impl.LeaderElection (LeaderElection.java:logAndReturn(93)) -   Response 0: omNode-1<-omNode-3#0:OK-t1
2021-07-27 03:54:03,832 [omNode-1@group-33FC8B15A7E9-LeaderElection3] INFO  impl.LeaderElection (LeaderElection.java:logAndReturn(93)) -   Response 1: omNode-1<-omNode-2#0:FAIL-t1
2021-07-27 03:54:03,832 [omNode-1@group-33FC8B15A7E9-LeaderElection3] INFO  impl.LeaderElection (LeaderElection.java:askForVotes(308)) - omNode-1@group-33FC8B15A7E9-LeaderElection3 ELECTION round 0: result PASSED
2021-07-27 03:54:03,832 [omNode-1@group-33FC8B15A7E9-LeaderElection3] INFO  impl.RoleInfo (RoleInfo.java:shutdownLeaderElection(121)) - omNode-1: shutdown omNode-1@group-33FC8B15A7E9-LeaderElection3
2021-07-27 03:54:03,832 [omNode-1@group-33FC8B15A7E9-LeaderElection3] INFO  server.RaftServer$Division (RaftServerImpl.java:setRole(285)) - omNode-1@group-33FC8B15A7E9: changes role from CANDIDATE to LEADER at term 1 for changeToLeader
2021-07-27 03:54:03,832 [omNode-1@group-33FC8B15A7E9-LeaderElection3] INFO  server.RaftServer$Division (ServerState.java:setLeader(285)) - omNode-1@group-33FC8B15A7E9: change Leader from null to omNode-1 at term 1 for becomeLeader, leader elected after 1780ms
2021-07-27 03:54:03,832 [omNode-1@group-33FC8B15A7E9-LeaderElection3] INFO  server.RaftServerConfigKeys (ConfUtils.java:logGet(44)) - raft.server.staging.catchup.gap = 1000 (default)
2021-07-27 03:54:03,832 [omNode-1@group-33FC8B15A7E9-LeaderElection3] INFO  server.RaftServerConfigKeys (ConfUtils.java:logGet(44)) - raft.server.write.element-limit = 4096 (default)
2021-07-27 03:54:03,832 [omNode-1@group-33FC8B15A7E9-LeaderElection3] INFO  server.RaftServerConfigKeys (ConfUtils.java:logGet(44)) - raft.server.write.byte-limit = 64MB (=67108864) (default)
2021-07-27 03:54:03,833 [omNode-1@group-33FC8B15A7E9-LeaderElection3] INFO  server.RaftServerConfigKeys (ConfUtils.java:logGet(44)) - raft.server.watch.timeout = 10s (default)
2021-07-27 03:54:03,833 [omNode-1@group-33FC8B15A7E9-LeaderElection3] INFO  server.RaftServerConfigKeys (ConfUtils.java:logGet(44)) - raft.server.watch.timeout.denomination = 1s (default)
2021-07-27 03:54:03,833 [omNode-1@group-33FC8B15A7E9-LeaderElection3] INFO  server.RaftServerConfigKeys (ConfUtils.java:logGet(44)) - raft.server.watch.element-limit = 65536 (default)
2021-07-27 03:54:03,837 [Listener at 127.0.0.1/13336] INFO  ozoneimpl.ContainerReader (ContainerReader.java:<init>(98)) - Running in upgrade mode:true
2021-07-27 03:54:03,841 [omNode-2@group-33FC8B15A7E9-LeaderElection4] INFO  impl.LeaderElection (LeaderElection.java:logAndReturn(89)) - omNode-2@group-33FC8B15A7E9-LeaderElection4: ELECTION REJECTED received 2 response(s) and 0 exception(s):
2021-07-27 03:54:03,841 [omNode-2@group-33FC8B15A7E9-LeaderElection4] INFO  impl.LeaderElection (LeaderElection.java:logAndReturn(93)) -   Response 0: omNode-2<-omNode-3#0:FAIL-t1
2021-07-27 03:54:03,841 [omNode-2@group-33FC8B15A7E9-LeaderElection4] INFO  impl.LeaderElection (LeaderElection.java:logAndReturn(93)) -   Response 1: omNode-2<-omNode-1#0:FAIL-t1
2021-07-27 03:54:03,841 [omNode-2@group-33FC8B15A7E9-LeaderElection4] INFO  impl.LeaderElection (LeaderElection.java:askForVotes(308)) - omNode-2@group-33FC8B15A7E9-LeaderElection4 ELECTION round 0: result REJECTED
2021-07-27 03:54:03,841 [omNode-2@group-33FC8B15A7E9-LeaderElection4] INFO  server.RaftServer$Division (RaftServerImpl.java:setRole(285)) - omNode-2@group-33FC8B15A7E9: changes role from CANDIDATE to FOLLOWER at term 1 for REJECTED
2021-07-27 03:54:03,841 [omNode-2@group-33FC8B15A7E9-LeaderElection4] INFO  impl.RoleInfo (RoleInfo.java:shutdownLeaderElection(121)) - omNode-2: shutdown omNode-2@group-33FC8B15A7E9-LeaderElection4
2021-07-27 03:54:03,841 [omNode-2@group-33FC8B15A7E9-LeaderElection4] INFO  impl.RoleInfo (RoleInfo.java:updateAndGet(130)) - omNode-2: start omNode-2@group-33FC8B15A7E9-FollowerState
2021-07-27 03:54:03,843 [Thread-470] INFO  ozoneimpl.ContainerReader (ContainerReader.java:readVolume(142)) - Start to verify containers on volume /home/runner/work/ozone/ozone/mnt/ozone/hadoop-ozone/integration-test/target/test-dir/MiniOzoneClusterImpl-b10bafd4-cc06-4e81-8a2f-dfe27fd2d808/datanode-0/data-0/containers/hdds
2021-07-27 03:54:03,852 [Thread-470] INFO  ozoneimpl.ContainerReader (ContainerReader.java:readVolume(174)) - Finish verifying containers on volume /home/runner/work/ozone/ozone/mnt/ozone/hadoop-ozone/integration-test/target/test-dir/MiniOzoneClusterImpl-b10bafd4-cc06-4e81-8a2f-dfe27fd2d808/datanode-0/data-0/containers/hdds
2021-07-27 03:54:03,852 [Listener at 127.0.0.1/13336] INFO  ozoneimpl.OzoneContainer (OzoneContainer.java:buildContainerSet(237)) - Build ContainerSet costs 0s
2021-07-27 03:54:03,860 [omNode-1@group-33FC8B15A7E9-LeaderElection3] INFO  server.RaftServerConfigKeys (ConfUtils.java:logGet(44)) - raft.server.log.appender.snapshot.chunk.size.max = 16MB (=16777216) (default)
2021-07-27 03:54:03,860 [omNode-1@group-33FC8B15A7E9-LeaderElection3] INFO  server.RaftServerConfigKeys (ConfUtils.java:logGet(44)) - raft.server.log.appender.buffer.byte-limit = 33554432 (custom)
2021-07-27 03:54:03,861 [omNode-1@group-33FC8B15A7E9-LeaderElection3] INFO  server.RaftServerConfigKeys (ConfUtils.java:logGet(44)) - raft.server.log.appender.buffer.element-limit = 1024 (custom)
2021-07-27 03:54:03,868 [omNode-1@group-33FC8B15A7E9-LeaderElection3] INFO  grpc.GrpcConfigKeys (ConfUtils.java:logGet(44)) - raft.grpc.server.leader.outstanding.appends.max = 128 (default)
2021-07-27 03:54:03,868 [omNode-1@group-33FC8B15A7E9-LeaderElection3] INFO  server.RaftServerConfigKeys (ConfUtils.java:logGet(44)) - raft.server.rpc.request.timeout = 3000ms (default)
2021-07-27 03:54:03,868 [omNode-1@group-33FC8B15A7E9-LeaderElection3] INFO  server.RaftServerConfigKeys (ConfUtils.java:logGet(44)) - raft.server.log.appender.install.snapshot.enabled = false (custom)
2021-07-27 03:54:03,873 [omNode-1@group-33FC8B15A7E9-LeaderElection3] INFO  server.RaftServerConfigKeys (ConfUtils.java:logGet(44)) - raft.server.log.appender.snapshot.chunk.size.max = 16MB (=16777216) (default)
2021-07-27 03:54:03,873 [omNode-1@group-33FC8B15A7E9-LeaderElection3] INFO  server.RaftServerConfigKeys (ConfUtils.java:logGet(44)) - raft.server.log.appender.buffer.byte-limit = 33554432 (custom)
2021-07-27 03:54:03,873 [omNode-1@group-33FC8B15A7E9-LeaderElection3] INFO  server.RaftServerConfigKeys (ConfUtils.java:logGet(44)) - raft.server.log.appender.buffer.element-limit = 1024 (custom)
2021-07-27 03:54:03,873 [omNode-1@group-33FC8B15A7E9-LeaderElection3] INFO  grpc.GrpcConfigKeys (ConfUtils.java:logGet(44)) - raft.grpc.server.leader.outstanding.appends.max = 128 (default)
2021-07-27 03:54:03,873 [omNode-1@group-33FC8B15A7E9-LeaderElection3] INFO  server.RaftServerConfigKeys (ConfUtils.java:logGet(44)) - raft.server.rpc.request.timeout = 3000ms (default)
2021-07-27 03:54:03,873 [omNode-1@group-33FC8B15A7E9-LeaderElection3] INFO  server.RaftServerConfigKeys (ConfUtils.java:logGet(44)) - raft.server.log.appender.install.snapshot.enabled = false (custom)
2021-07-27 03:54:03,894 [omNode-1@group-33FC8B15A7E9-LeaderElection3] INFO  impl.RoleInfo (RoleInfo.java:updateAndGet(130)) - omNode-1: start omNode-1@group-33FC8B15A7E9-LeaderStateImpl
2021-07-27 03:54:03,894 [omNode-1@group-33FC8B15A7E9-LeaderElection3] INFO  segmented.SegmentedRaftLogWorker (SegmentedRaftLogWorker.java:startLogSegment(394)) - omNode-1@group-33FC8B15A7E9-SegmentedRaftLogWorker: Starting segment from index:0
2021-07-27 03:54:03,901 [omNode-1@group-33FC8B15A7E9-SegmentedRaftLogWorker] INFO  segmented.SegmentedRaftLogWorker (SegmentedRaftLogWorker.java:execute(601)) - omNode-1@group-33FC8B15A7E9-SegmentedRaftLogWorker: created new log segment /home/runner/work/ozone/ozone/mnt/ozone/hadoop-ozone/integration-test/target/test-dir/MiniOzoneClusterImpl-b10bafd4-cc06-4e81-8a2f-dfe27fd2d808/omNode-1/ratis/a5a8c63e-4922-3a03-b163-33fc8b15a7e9/current/log_inprogress_0
2021-07-27 03:54:03,935 [omNode-1@group-33FC8B15A7E9-LeaderElection3] INFO  server.RaftServer$Division (ServerState.java:setRaftConf(387)) - omNode-1@group-33FC8B15A7E9: set configuration 0: [omNode-3|rpc:localhost:13340|admin:|client:|dataStream:|priority:0, omNode-1|rpc:localhost:13328|admin:|client:|dataStream:|priority:0, omNode-2|rpc:localhost:13334|admin:|client:|dataStream:|priority:0], old=null
2021-07-27 03:54:03,992 [grpc-default-executor-1] INFO  server.RaftServer$Division (ServerState.java:setLeader(285)) - omNode-2@group-33FC8B15A7E9: change Leader from null to omNode-1 at term 1 for appendEntries, leader elected after 1560ms
2021-07-27 03:54:03,995 [grpc-default-executor-0] INFO  server.RaftServer$Division (ServerState.java:setLeader(285)) - omNode-3@group-33FC8B15A7E9: change Leader from null to omNode-1 at term 1 for appendEntries, leader elected after 1237ms
2021-07-27 03:54:04,001 [Listener at 127.0.0.1/13336] INFO  server.RaftServer (ConfUtils.java:logGet(44)) - raft.rpc.type = GRPC (default)
2021-07-27 03:54:04,001 [Listener at 127.0.0.1/13336] INFO  grpc.GrpcFactory (GrpcFactory.java:checkPooledByteBufAllocatorUseCacheForAllThreads(48)) - PERFORMANCE WARNING: useCacheForAllThreads is true that may cause Netty to create a lot garbage objects and, as a result, trigger GC.
	It is recommended to disable useCacheForAllThreads by setting -Dorg.apache.ratis.thirdparty.io.netty.allocator.useCacheForAllThreads=false in command line.
2021-07-27 03:54:04,001 [Listener at 127.0.0.1/13336] INFO  grpc.GrpcConfigKeys (ConfUtils.java:logGet(44)) - raft.grpc.admin.port = 0 (custom)
2021-07-27 03:54:04,001 [Listener at 127.0.0.1/13336] INFO  grpc.GrpcConfigKeys (ConfUtils.java:logGet(44)) - raft.grpc.client.port = 0 (custom)
2021-07-27 03:54:04,002 [Listener at 127.0.0.1/13336] INFO  grpc.GrpcConfigKeys (ConfUtils.java:logGet(44)) - raft.grpc.server.port = 0 (default)
2021-07-27 03:54:04,002 [Listener at 127.0.0.1/13336] INFO  server.GrpcService (ConfUtils.java:logGet(44)) - raft.grpc.message.size.max = 32MB (=33554432) (custom)
2021-07-27 03:54:04,002 [Listener at 127.0.0.1/13336] INFO  server.RaftServerConfigKeys (ConfUtils.java:logGet(44)) - raft.server.log.appender.buffer.byte-limit = 33554432 (custom)
2021-07-27 03:54:04,002 [Listener at 127.0.0.1/13336] INFO  server.GrpcService (ConfUtils.java:logGet(44)) - raft.grpc.flow.control.window = 5MB (=5242880) (custom)
2021-07-27 03:54:04,002 [Listener at 127.0.0.1/13336] INFO  server.RaftServerConfigKeys (ConfUtils.java:logGet(44)) - raft.server.rpc.request.timeout = 60s (custom)
2021-07-27 03:54:04,003 [Listener at 127.0.0.1/13336] INFO  impl.DataStreamServerImpl (ConfUtils.java:logGet(44)) - raft.datastream.type = DISABLED (default)
2021-07-27 03:54:04,003 [Listener at 127.0.0.1/13336] INFO  server.RaftServerConfigKeys (ConfUtils.java:logGet(44)) - raft.server.rpc.slowness.timeout = 300s (custom)
2021-07-27 03:54:04,003 [Listener at 127.0.0.1/13336] INFO  server.RaftServerConfigKeys (ConfUtils.java:logGet(44)) - raft.server.leaderelection.leader.step-down.wait-time = 10s (default)
2021-07-27 03:54:04,003 [Listener at 127.0.0.1/13336] INFO  server.RaftServerConfigKeys (ConfUtils.java:logGet(44)) - raft.server.storage.dir = [/home/runner/work/ozone/ozone/mnt/ozone/hadoop-ozone/integration-test/target/test-dir/MiniOzoneClusterImpl-b10bafd4-cc06-4e81-8a2f-dfe27fd2d808/datanode-0/data/ratis] (custom)
2021-07-27 03:54:04,092 [grpc-default-executor-0] INFO  server.RaftServer$Division (ServerState.java:setRaftConf(387)) - omNode-3@group-33FC8B15A7E9: set configuration 0: [omNode-3|rpc:localhost:13340|admin:|client:|dataStream:|priority:0, omNode-1|rpc:localhost:13328|admin:|client:|dataStream:|priority:0, omNode-2|rpc:localhost:13334|admin:|client:|dataStream:|priority:0], old=null
2021-07-27 03:54:04,092 [grpc-default-executor-2] INFO  server.RaftServer$Division (ServerState.java:setRaftConf(387)) - omNode-2@group-33FC8B15A7E9: set configuration 0: [omNode-3|rpc:localhost:13340|admin:|client:|dataStream:|priority:0, omNode-1|rpc:localhost:13328|admin:|client:|dataStream:|priority:0, omNode-2|rpc:localhost:13334|admin:|client:|dataStream:|priority:0], old=null
2021-07-27 03:54:04,093 [grpc-default-executor-2] INFO  segmented.SegmentedRaftLogWorker (SegmentedRaftLogWorker.java:startLogSegment(394)) - omNode-2@group-33FC8B15A7E9-SegmentedRaftLogWorker: Starting segment from index:0
2021-07-27 03:54:04,092 [grpc-default-executor-0] INFO  segmented.SegmentedRaftLogWorker (SegmentedRaftLogWorker.java:startLogSegment(394)) - omNode-3@group-33FC8B15A7E9-SegmentedRaftLogWorker: Starting segment from index:0
2021-07-27 03:54:04,110 [omNode-3@group-33FC8B15A7E9-SegmentedRaftLogWorker] INFO  segmented.SegmentedRaftLogWorker (SegmentedRaftLogWorker.java:execute(601)) - omNode-3@group-33FC8B15A7E9-SegmentedRaftLogWorker: created new log segment /home/runner/work/ozone/ozone/mnt/ozone/hadoop-ozone/integration-test/target/test-dir/MiniOzoneClusterImpl-b10bafd4-cc06-4e81-8a2f-dfe27fd2d808/omNode-3/ratis/a5a8c63e-4922-3a03-b163-33fc8b15a7e9/current/log_inprogress_0
2021-07-27 03:54:04,110 [omNode-2@group-33FC8B15A7E9-SegmentedRaftLogWorker] INFO  segmented.SegmentedRaftLogWorker (SegmentedRaftLogWorker.java:execute(601)) - omNode-2@group-33FC8B15A7E9-SegmentedRaftLogWorker: created new log segment /home/runner/work/ozone/ozone/mnt/ozone/hadoop-ozone/integration-test/target/test-dir/MiniOzoneClusterImpl-b10bafd4-cc06-4e81-8a2f-dfe27fd2d808/omNode-2/ratis/a5a8c63e-4922-3a03-b163-33fc8b15a7e9/current/log_inprogress_0
2021-07-27 03:54:04,114 [omNode-1@group-33FC8B15A7E9-StateMachineUpdater] INFO  ratis.OzoneManagerStateMachine (OzoneManagerStateMachine.java:notifyConfigurationChanged(188)) - Received Configuration change notification from Ratis. New Peer list:
[id: "omNode-3"
address: "localhost:13340"
, id: "omNode-1"
address: "localhost:13328"
, id: "omNode-2"
address: "localhost:13334"
]
2021-07-27 03:54:04,125 [omNode-2@group-33FC8B15A7E9-StateMachineUpdater] INFO  ratis.OzoneManagerStateMachine (OzoneManagerStateMachine.java:notifyConfigurationChanged(188)) - Received Configuration change notification from Ratis. New Peer list:
[id: "omNode-3"
address: "localhost:13340"
, id: "omNode-1"
address: "localhost:13328"
, id: "omNode-2"
address: "localhost:13334"
]
2021-07-27 03:54:04,140 [omNode-3@group-33FC8B15A7E9-StateMachineUpdater] INFO  ratis.OzoneManagerStateMachine (OzoneManagerStateMachine.java:notifyConfigurationChanged(188)) - Received Configuration change notification from Ratis. New Peer list:
[id: "omNode-3"
address: "localhost:13340"
, id: "omNode-1"
address: "localhost:13328"
, id: "omNode-2"
address: "localhost:13334"
]
2021-07-27 03:54:04,180 [Listener at 127.0.0.1/13336] INFO  http.BaseHttpServer (BaseHttpServer.java:newHttpServer2BuilderForOzone(209)) - Starting Web-server for hddsDatanode at: http://0.0.0.0:0
2021-07-27 03:54:04,180 [Listener at 127.0.0.1/13336] INFO  http.BaseHttpServer (BaseHttpServer.java:<init>(107)) - Hadoop Security Enabled: false Ozone Security Enabled: false Ozone HTTP Security Enabled: false 
2021-07-27 03:54:04,182 [Listener at 127.0.0.1/13336] INFO  server.AuthenticationFilter (AuthenticationFilter.java:constructSecretProvider(240)) - Unable to initialize FileSignerSecretProvider, falling back to use random secrets.
2021-07-27 03:54:04,183 [Listener at 127.0.0.1/13336] WARN  http.HttpRequestLog (HttpRequestLog.java:getRequestLog(103)) - Jetty request log can only be enabled using Log4j
2021-07-27 03:54:04,183 [Listener at 127.0.0.1/13336] INFO  http.HttpServer2 (HttpServer2.java:addGlobalFilter(1020)) - Added global filter 'safety' (class=org.apache.hadoop.hdds.server.http.HttpServer2$QuotingInputFilter)
2021-07-27 03:54:04,184 [Listener at 127.0.0.1/13336] INFO  http.HttpServer2 (HttpServer2.java:addFilter(996)) - Added filter static_user_filter (class=org.apache.hadoop.http.lib.StaticUserWebFilter$StaticUserFilter) to context hddsDatanode
2021-07-27 03:54:04,184 [Listener at 127.0.0.1/13336] INFO  http.HttpServer2 (HttpServer2.java:addFilter(1004)) - Added filter static_user_filter (class=org.apache.hadoop.http.lib.StaticUserWebFilter$StaticUserFilter) to context logs
2021-07-27 03:54:04,184 [Listener at 127.0.0.1/13336] INFO  http.HttpServer2 (HttpServer2.java:addFilter(1004)) - Added filter static_user_filter (class=org.apache.hadoop.http.lib.StaticUserWebFilter$StaticUserFilter) to context static
2021-07-27 03:54:04,185 [Listener at 127.0.0.1/13336] INFO  http.HttpServer2 (HttpServer2.java:bindListener(1239)) - Jetty bound to port 34767
2021-07-27 03:54:04,185 [Listener at 127.0.0.1/13336] INFO  server.Server (Server.java:doStart(375)) - jetty-9.4.35.v20201120; built: 2020-11-20T21:17:03.964Z; git: bdc54f03a5e0a7e280fab27f55c3c75ee8da89fb; jvm 1.8.0_292-b10
2021-07-27 03:54:04,194 [Listener at 127.0.0.1/13336] INFO  server.session (DefaultSessionIdManager.java:doStart(334)) - DefaultSessionIdManager workerName=node0
2021-07-27 03:54:04,194 [Listener at 127.0.0.1/13336] INFO  server.session (DefaultSessionIdManager.java:doStart(339)) - No SessionScavenger set, using defaults
2021-07-27 03:54:04,194 [Listener at 127.0.0.1/13336] INFO  server.session (HouseKeeper.java:startScavenging(132)) - node0 Scavenging every 660000ms
2021-07-27 03:54:04,195 [Listener at 127.0.0.1/13336] INFO  handler.ContextHandler (ContextHandler.java:doStart(916)) - Started o.e.j.s.ServletContextHandler@821c133{logs,/logs,file:///home/runner/work/ozone/ozone/mnt/ozone/hadoop-ozone/integration-test/target/log,AVAILABLE}
2021-07-27 03:54:04,196 [Listener at 127.0.0.1/13336] INFO  handler.ContextHandler (ContextHandler.java:doStart(916)) - Started o.e.j.s.ServletContextHandler@61af1576{static,/static,jar:file:/home/runner/.m2/repository/org/apache/ozone/hdds-container-service/1.2.0-SNAPSHOT/hdds-container-service-1.2.0-SNAPSHOT.jar!/webapps/static,AVAILABLE}
2021-07-27 03:54:04,260 [Listener at 127.0.0.1/13336] INFO  handler.ContextHandler (ContextHandler.java:doStart(916)) - Started o.e.j.w.WebAppContext@45c22d6c{hddsDatanode,/,file:///tmp/jetty-0_0_0_0-34767-hdds-container-service-1_2_0-SNAPSHOT_jar-_-any-836841060235841299/webapp/,AVAILABLE}{jar:file:/home/runner/.m2/repository/org/apache/ozone/hdds-container-service/1.2.0-SNAPSHOT/hdds-container-service-1.2.0-SNAPSHOT.jar!/webapps/hddsDatanode}
2021-07-27 03:54:04,262 [Listener at 127.0.0.1/13336] INFO  server.AbstractConnector (AbstractConnector.java:doStart(331)) - Started ServerConnector@7d5de26f{HTTP/1.1, (http/1.1)}{0.0.0.0:34767}
2021-07-27 03:54:04,262 [Listener at 127.0.0.1/13336] INFO  server.Server (Server.java:doStart(415)) - Started @18625ms
2021-07-27 03:54:04,262 [Listener at 127.0.0.1/13336] WARN  impl.MetricsSystemImpl (MetricsSystemImpl.java:register(279)) - Sink prometheus already exists!
2021-07-27 03:54:04,263 [Listener at 127.0.0.1/13336] INFO  http.BaseHttpServer (BaseHttpServer.java:updateConnectorAddress(329)) - HTTP server of hddsDatanode listening at http://0.0.0.0:34767
2021-07-27 03:54:04,267 [Listener at 127.0.0.1/13336] WARN  impl.MetricRegistriesImpl (MetricRegistriesImpl.java:addReporterRegistration(111)) - New reporters are added after registries were created. Some metrics will be missing from the reporter. Please add reporter before adding any new registry.
2021-07-27 03:54:04,268 [Listener at 127.0.0.1/13336] WARN  impl.MetricRegistriesImpl (MetricRegistriesImpl.java:addReporterRegistration(111)) - New reporters are added after registries were created. Some metrics will be missing from the reporter. Please add reporter before adding any new registry.
2021-07-27 03:54:04,268 [Listener at 127.0.0.1/13336] INFO  impl.MetricsSystemImpl (MetricsSystemImpl.java:init(158)) - HddsDatanode metrics system started (again)
2021-07-27 03:54:04,284 [Listener at 127.0.0.1/13336] INFO  ozone.HddsDatanodeService (HddsDatanodeService.java:start(234)) - HddsDatanodeService host:fv-az148-176.bm4ck3pvxvsene1rjriu5fhcdb.bx.internal.cloudapp.net ip:10.1.0.38
2021-07-27 03:54:04,314 [Listener at 127.0.0.1/13336] INFO  upgrade.AbstractLayoutVersionManager (AbstractLayoutVersionManager.java:init(70)) - Initializing Layout version manager with metadata layout = SCM_HA (version = 2), software layout = SCM_HA (version = 2)
2021-07-27 03:54:04,314 [org.apache.hadoop.util.JvmPauseMonitor$Monitor@6b64e8fc] INFO  util.JvmPauseMonitor (JvmPauseMonitor.java:run(188)) - Starting JVM pause monitor
2021-07-27 03:54:04,350 [Datanode State Machine Task Thread - 0] INFO  ha.SCMNodeInfo (SCMNodeInfo.java:getPort(197)) - ConfigKey ozone.scm.client.address is deprecated, For configuring different ports for each SCM use PortConfigKey ozone.scm.client.port appended with serviceId and nodeId
2021-07-27 03:54:04,358 [Datanode State Machine Task Thread - 0] INFO  ha.SCMNodeInfo (SCMNodeInfo.java:getPort(197)) - ConfigKey ozone.scm.block.client.address is deprecated, For configuring different ports for each SCM use PortConfigKey ozone.scm.block.client.port appended with serviceId and nodeId
2021-07-27 03:54:04,358 [Datanode State Machine Task Thread - 0] INFO  ha.SCMNodeInfo (SCMNodeInfo.java:getPort(197)) - ConfigKey ozone.scm.datanode.address is deprecated, For configuring different ports for each SCM use PortConfigKey ozone.scm.datanode.port appended with serviceId and nodeId
2021-07-27 03:54:04,398 [Listener at 127.0.0.1/13336] INFO  reflections.Reflections (Reflections.java:scan(232)) - Reflections took 78 ms to scan 7 urls, producing 119 keys and 271 values 
2021-07-27 03:54:04,400 [Listener at 127.0.0.1/13336] INFO  ha.SCMNodeInfo (SCMNodeInfo.java:getPort(197)) - ConfigKey ozone.scm.client.address is deprecated, For configuring different ports for each SCM use PortConfigKey ozone.scm.client.port appended with serviceId and nodeId
2021-07-27 03:54:04,403 [Listener at 127.0.0.1/13336] INFO  ha.SCMNodeInfo (SCMNodeInfo.java:getPort(197)) - ConfigKey ozone.scm.block.client.address is deprecated, For configuring different ports for each SCM use PortConfigKey ozone.scm.block.client.port appended with serviceId and nodeId
2021-07-27 03:54:04,403 [Listener at 127.0.0.1/13336] INFO  ha.SCMNodeInfo (SCMNodeInfo.java:getPort(197)) - ConfigKey ozone.scm.datanode.address is deprecated, For configuring different ports for each SCM use PortConfigKey ozone.scm.datanode.port appended with serviceId and nodeId
2021-07-27 03:54:04,413 [Listener at 127.0.0.1/13336] INFO  volume.HddsVolume (HddsVolume.java:<init>(120)) - Creating HddsVolume: /home/runner/work/ozone/ozone/mnt/ozone/hadoop-ozone/integration-test/target/test-dir/MiniOzoneClusterImpl-b10bafd4-cc06-4e81-8a2f-dfe27fd2d808/datanode-1/data-0/containers/hdds of storage type : DISK capacity : 9223372036854775807
2021-07-27 03:54:04,413 [Listener at 127.0.0.1/13336] INFO  volume.MutableVolumeSet (MutableVolumeSet.java:initializeVolumeSet(181)) - Added Volume : /home/runner/work/ozone/ozone/mnt/ozone/hadoop-ozone/integration-test/target/test-dir/MiniOzoneClusterImpl-b10bafd4-cc06-4e81-8a2f-dfe27fd2d808/datanode-1/data-0/containers/hdds to VolumeSet
2021-07-27 03:54:04,414 [Listener at 127.0.0.1/13336] INFO  volume.ThrottledAsyncChecker (ThrottledAsyncChecker.java:schedule(141)) - Scheduling a check for /home/runner/work/ozone/ozone/mnt/ozone/hadoop-ozone/integration-test/target/test-dir/MiniOzoneClusterImpl-b10bafd4-cc06-4e81-8a2f-dfe27fd2d808/datanode-1/data-0/containers/hdds
2021-07-27 03:54:04,430 [Listener at 127.0.0.1/13336] INFO  volume.StorageVolumeChecker (StorageVolumeChecker.java:checkAllVolumes(202)) - Scheduled health check for volume /home/runner/work/ozone/ozone/mnt/ozone/hadoop-ozone/integration-test/target/test-dir/MiniOzoneClusterImpl-b10bafd4-cc06-4e81-8a2f-dfe27fd2d808/datanode-1/data-0/containers/hdds
2021-07-27 03:54:04,444 [Listener at 127.0.0.1/13336] INFO  volume.MutableVolumeSet (MutableVolumeSet.java:initializeVolumeSet(181)) - Added Volume : /home/runner/work/ozone/ozone/mnt/ozone/hadoop-ozone/integration-test/target/test-dir/MiniOzoneClusterImpl-b10bafd4-cc06-4e81-8a2f-dfe27fd2d808/datanode-1/data/ratis to VolumeSet
2021-07-27 03:54:04,447 [Listener at 127.0.0.1/13336] INFO  volume.ThrottledAsyncChecker (ThrottledAsyncChecker.java:schedule(141)) - Scheduling a check for /home/runner/work/ozone/ozone/mnt/ozone/hadoop-ozone/integration-test/target/test-dir/MiniOzoneClusterImpl-b10bafd4-cc06-4e81-8a2f-dfe27fd2d808/datanode-1/data/ratis
2021-07-27 03:54:04,447 [Listener at 127.0.0.1/13336] INFO  volume.StorageVolumeChecker (StorageVolumeChecker.java:checkAllVolumes(202)) - Scheduled health check for volume /home/runner/work/ozone/ozone/mnt/ozone/hadoop-ozone/integration-test/target/test-dir/MiniOzoneClusterImpl-b10bafd4-cc06-4e81-8a2f-dfe27fd2d808/datanode-1/data/ratis
2021-07-27 03:54:04,471 [Listener at 127.0.0.1/13336] INFO  ozoneimpl.ContainerReader (ContainerReader.java:<init>(98)) - Running in upgrade mode:true
2021-07-27 03:54:04,489 [Thread-491] INFO  ozoneimpl.ContainerReader (ContainerReader.java:readVolume(142)) - Start to verify containers on volume /home/runner/work/ozone/ozone/mnt/ozone/hadoop-ozone/integration-test/target/test-dir/MiniOzoneClusterImpl-b10bafd4-cc06-4e81-8a2f-dfe27fd2d808/datanode-1/data-0/containers/hdds
2021-07-27 03:54:04,490 [Thread-491] INFO  ozoneimpl.ContainerReader (ContainerReader.java:readVolume(174)) - Finish verifying containers on volume /home/runner/work/ozone/ozone/mnt/ozone/hadoop-ozone/integration-test/target/test-dir/MiniOzoneClusterImpl-b10bafd4-cc06-4e81-8a2f-dfe27fd2d808/datanode-1/data-0/containers/hdds
2021-07-27 03:54:04,490 [Listener at 127.0.0.1/13336] INFO  ozoneimpl.OzoneContainer (OzoneContainer.java:buildContainerSet(237)) - Build ContainerSet costs 0s
2021-07-27 03:54:04,493 [Listener at 127.0.0.1/13336] INFO  server.RaftServer (ConfUtils.java:logGet(44)) - raft.rpc.type = GRPC (default)
2021-07-27 03:54:04,493 [Listener at 127.0.0.1/13336] INFO  grpc.GrpcFactory (GrpcFactory.java:checkPooledByteBufAllocatorUseCacheForAllThreads(48)) - PERFORMANCE WARNING: useCacheForAllThreads is true that may cause Netty to create a lot garbage objects and, as a result, trigger GC.
	It is recommended to disable useCacheForAllThreads by setting -Dorg.apache.ratis.thirdparty.io.netty.allocator.useCacheForAllThreads=false in command line.
2021-07-27 03:54:04,493 [Listener at 127.0.0.1/13336] INFO  grpc.GrpcConfigKeys (ConfUtils.java:logGet(44)) - raft.grpc.admin.port = 0 (custom)
2021-07-27 03:54:04,493 [Listener at 127.0.0.1/13336] INFO  grpc.GrpcConfigKeys (ConfUtils.java:logGet(44)) - raft.grpc.client.port = 0 (custom)
2021-07-27 03:54:04,493 [Listener at 127.0.0.1/13336] INFO  grpc.GrpcConfigKeys (ConfUtils.java:logGet(44)) - raft.grpc.server.port = 0 (default)
2021-07-27 03:54:04,494 [Listener at 127.0.0.1/13336] INFO  server.GrpcService (ConfUtils.java:logGet(44)) - raft.grpc.message.size.max = 32MB (=33554432) (custom)
2021-07-27 03:54:04,494 [Listener at 127.0.0.1/13336] INFO  server.RaftServerConfigKeys (ConfUtils.java:logGet(44)) - raft.server.log.appender.buffer.byte-limit = 33554432 (custom)
2021-07-27 03:54:04,495 [Listener at 127.0.0.1/13336] INFO  server.GrpcService (ConfUtils.java:logGet(44)) - raft.grpc.flow.control.window = 5MB (=5242880) (custom)
2021-07-27 03:54:04,495 [Listener at 127.0.0.1/13336] INFO  server.RaftServerConfigKeys (ConfUtils.java:logGet(44)) - raft.server.rpc.request.timeout = 60s (custom)
2021-07-27 03:54:04,496 [Listener at 127.0.0.1/13336] INFO  impl.DataStreamServerImpl (ConfUtils.java:logGet(44)) - raft.datastream.type = DISABLED (default)
2021-07-27 03:54:04,496 [Listener at 127.0.0.1/13336] INFO  server.RaftServerConfigKeys (ConfUtils.java:logGet(44)) - raft.server.rpc.slowness.timeout = 300s (custom)
2021-07-27 03:54:04,496 [Listener at 127.0.0.1/13336] INFO  server.RaftServerConfigKeys (ConfUtils.java:logGet(44)) - raft.server.leaderelection.leader.step-down.wait-time = 10s (default)
2021-07-27 03:54:04,496 [Listener at 127.0.0.1/13336] INFO  server.RaftServerConfigKeys (ConfUtils.java:logGet(44)) - raft.server.storage.dir = [/home/runner/work/ozone/ozone/mnt/ozone/hadoop-ozone/integration-test/target/test-dir/MiniOzoneClusterImpl-b10bafd4-cc06-4e81-8a2f-dfe27fd2d808/datanode-1/data/ratis] (custom)
2021-07-27 03:54:04,505 [Datanode State Machine Task Thread - 0] INFO  datanode.InitDatanodeState (InitDatanodeState.java:persistContainerDatanodeDetails(145)) - DatanodeDetails is persisted to /home/runner/work/ozone/ozone/mnt/ozone/hadoop-ozone/integration-test/target/test-dir/MiniOzoneClusterImpl-b10bafd4-cc06-4e81-8a2f-dfe27fd2d808/datanode-0/meta/datanode.id
2021-07-27 03:54:04,506 [Listener at 127.0.0.1/13336] INFO  http.BaseHttpServer (BaseHttpServer.java:newHttpServer2BuilderForOzone(209)) - Starting Web-server for hddsDatanode at: http://0.0.0.0:0
2021-07-27 03:54:04,506 [Listener at 127.0.0.1/13336] INFO  http.BaseHttpServer (BaseHttpServer.java:<init>(107)) - Hadoop Security Enabled: false Ozone Security Enabled: false Ozone HTTP Security Enabled: false 
2021-07-27 03:54:04,507 [Listener at 127.0.0.1/13336] INFO  server.AuthenticationFilter (AuthenticationFilter.java:constructSecretProvider(240)) - Unable to initialize FileSignerSecretProvider, falling back to use random secrets.
2021-07-27 03:54:04,510 [Listener at 127.0.0.1/13336] WARN  http.HttpRequestLog (HttpRequestLog.java:getRequestLog(103)) - Jetty request log can only be enabled using Log4j
2021-07-27 03:54:04,510 [Listener at 127.0.0.1/13336] INFO  http.HttpServer2 (HttpServer2.java:addGlobalFilter(1020)) - Added global filter 'safety' (class=org.apache.hadoop.hdds.server.http.HttpServer2$QuotingInputFilter)
2021-07-27 03:54:04,511 [Listener at 127.0.0.1/13336] INFO  http.HttpServer2 (HttpServer2.java:addFilter(996)) - Added filter static_user_filter (class=org.apache.hadoop.http.lib.StaticUserWebFilter$StaticUserFilter) to context hddsDatanode
2021-07-27 03:54:04,511 [Listener at 127.0.0.1/13336] INFO  http.HttpServer2 (HttpServer2.java:addFilter(1004)) - Added filter static_user_filter (class=org.apache.hadoop.http.lib.StaticUserWebFilter$StaticUserFilter) to context static
2021-07-27 03:54:04,512 [Listener at 127.0.0.1/13336] INFO  http.HttpServer2 (HttpServer2.java:addFilter(1004)) - Added filter static_user_filter (class=org.apache.hadoop.http.lib.StaticUserWebFilter$StaticUserFilter) to context logs
2021-07-27 03:54:04,512 [Listener at 127.0.0.1/13336] INFO  http.HttpServer2 (HttpServer2.java:bindListener(1239)) - Jetty bound to port 43641
2021-07-27 03:54:04,512 [Listener at 127.0.0.1/13336] INFO  server.Server (Server.java:doStart(375)) - jetty-9.4.35.v20201120; built: 2020-11-20T21:17:03.964Z; git: bdc54f03a5e0a7e280fab27f55c3c75ee8da89fb; jvm 1.8.0_292-b10
2021-07-27 03:54:04,518 [Listener at 127.0.0.1/13336] INFO  server.session (DefaultSessionIdManager.java:doStart(334)) - DefaultSessionIdManager workerName=node0
2021-07-27 03:54:04,518 [Listener at 127.0.0.1/13336] INFO  server.session (DefaultSessionIdManager.java:doStart(339)) - No SessionScavenger set, using defaults
2021-07-27 03:54:04,518 [Listener at 127.0.0.1/13336] INFO  server.session (HouseKeeper.java:startScavenging(132)) - node0 Scavenging every 660000ms
2021-07-27 03:54:04,519 [Listener at 127.0.0.1/13336] INFO  handler.ContextHandler (ContextHandler.java:doStart(916)) - Started o.e.j.s.ServletContextHandler@c2579ea{logs,/logs,file:///home/runner/work/ozone/ozone/mnt/ozone/hadoop-ozone/integration-test/target/log,AVAILABLE}
2021-07-27 03:54:04,520 [Listener at 127.0.0.1/13336] INFO  handler.ContextHandler (ContextHandler.java:doStart(916)) - Started o.e.j.s.ServletContextHandler@2676aa97{static,/static,jar:file:/home/runner/.m2/repository/org/apache/ozone/hdds-container-service/1.2.0-SNAPSHOT/hdds-container-service-1.2.0-SNAPSHOT.jar!/webapps/static,AVAILABLE}
2021-07-27 03:54:04,563 [Listener at 127.0.0.1/13336] INFO  handler.ContextHandler (ContextHandler.java:doStart(916)) - Started o.e.j.w.WebAppContext@5039e734{hddsDatanode,/,file:///tmp/jetty-0_0_0_0-43641-hdds-container-service-1_2_0-SNAPSHOT_jar-_-any-4610542388730206008/webapp/,AVAILABLE}{jar:file:/home/runner/.m2/repository/org/apache/ozone/hdds-container-service/1.2.0-SNAPSHOT/hdds-container-service-1.2.0-SNAPSHOT.jar!/webapps/hddsDatanode}
2021-07-27 03:54:04,565 [Listener at 127.0.0.1/13336] INFO  server.AbstractConnector (AbstractConnector.java:doStart(331)) - Started ServerConnector@58a7e7b1{HTTP/1.1, (http/1.1)}{0.0.0.0:43641}
2021-07-27 03:54:04,565 [Listener at 127.0.0.1/13336] INFO  server.Server (Server.java:doStart(415)) - Started @18928ms
2021-07-27 03:54:04,565 [Listener at 127.0.0.1/13336] WARN  impl.MetricsSystemImpl (MetricsSystemImpl.java:register(279)) - Sink prometheus already exists!
2021-07-27 03:54:04,566 [Listener at 127.0.0.1/13336] INFO  http.BaseHttpServer (BaseHttpServer.java:updateConnectorAddress(329)) - HTTP server of hddsDatanode listening at http://0.0.0.0:43641
2021-07-27 03:54:04,567 [Listener at 127.0.0.1/13336] WARN  impl.MetricRegistriesImpl (MetricRegistriesImpl.java:addReporterRegistration(111)) - New reporters are added after registries were created. Some metrics will be missing from the reporter. Please add reporter before adding any new registry.
2021-07-27 03:54:04,567 [Listener at 127.0.0.1/13336] WARN  impl.MetricRegistriesImpl (MetricRegistriesImpl.java:addReporterRegistration(111)) - New reporters are added after registries were created. Some metrics will be missing from the reporter. Please add reporter before adding any new registry.
2021-07-27 03:54:04,567 [Listener at 127.0.0.1/13336] INFO  impl.MetricsSystemImpl (MetricsSystemImpl.java:init(158)) - HddsDatanode metrics system started (again)
2021-07-27 03:54:04,592 [Listener at 127.0.0.1/13336] INFO  ozone.HddsDatanodeService (HddsDatanodeService.java:start(234)) - HddsDatanodeService host:fv-az148-176.bm4ck3pvxvsene1rjriu5fhcdb.bx.internal.cloudapp.net ip:10.1.0.38
2021-07-27 03:54:04,602 [org.apache.hadoop.util.JvmPauseMonitor$Monitor@9d1fc05] INFO  util.JvmPauseMonitor (JvmPauseMonitor.java:run(188)) - Starting JVM pause monitor
2021-07-27 03:54:04,603 [Datanode State Machine Task Thread - 0] INFO  ha.SCMNodeInfo (SCMNodeInfo.java:getPort(197)) - ConfigKey ozone.scm.client.address is deprecated, For configuring different ports for each SCM use PortConfigKey ozone.scm.client.port appended with serviceId and nodeId
2021-07-27 03:54:04,603 [Datanode State Machine Task Thread - 0] INFO  ha.SCMNodeInfo (SCMNodeInfo.java:getPort(197)) - ConfigKey ozone.scm.block.client.address is deprecated, For configuring different ports for each SCM use PortConfigKey ozone.scm.block.client.port appended with serviceId and nodeId
2021-07-27 03:54:04,604 [Datanode State Machine Task Thread - 0] INFO  ha.SCMNodeInfo (SCMNodeInfo.java:getPort(197)) - ConfigKey ozone.scm.datanode.address is deprecated, For configuring different ports for each SCM use PortConfigKey ozone.scm.datanode.port appended with serviceId and nodeId
2021-07-27 03:54:04,619 [Datanode State Machine Task Thread - 0] INFO  datanode.InitDatanodeState (InitDatanodeState.java:persistContainerDatanodeDetails(145)) - DatanodeDetails is persisted to /home/runner/work/ozone/ozone/mnt/ozone/hadoop-ozone/integration-test/target/test-dir/MiniOzoneClusterImpl-b10bafd4-cc06-4e81-8a2f-dfe27fd2d808/datanode-1/meta/datanode.id
2021-07-27 03:54:04,622 [Listener at 127.0.0.1/13336] INFO  upgrade.AbstractLayoutVersionManager (AbstractLayoutVersionManager.java:init(70)) - Initializing Layout version manager with metadata layout = SCM_HA (version = 2), software layout = SCM_HA (version = 2)
2021-07-27 03:54:04,673 [Listener at 127.0.0.1/13336] INFO  reflections.Reflections (Reflections.java:scan(232)) - Reflections took 50 ms to scan 7 urls, producing 119 keys and 271 values 
2021-07-27 03:54:04,675 [Listener at 127.0.0.1/13336] INFO  ha.SCMNodeInfo (SCMNodeInfo.java:getPort(197)) - ConfigKey ozone.scm.client.address is deprecated, For configuring different ports for each SCM use PortConfigKey ozone.scm.client.port appended with serviceId and nodeId
2021-07-27 03:54:04,675 [Listener at 127.0.0.1/13336] INFO  ha.SCMNodeInfo (SCMNodeInfo.java:getPort(197)) - ConfigKey ozone.scm.block.client.address is deprecated, For configuring different ports for each SCM use PortConfigKey ozone.scm.block.client.port appended with serviceId and nodeId
2021-07-27 03:54:04,675 [Listener at 127.0.0.1/13336] INFO  ha.SCMNodeInfo (SCMNodeInfo.java:getPort(197)) - ConfigKey ozone.scm.datanode.address is deprecated, For configuring different ports for each SCM use PortConfigKey ozone.scm.datanode.port appended with serviceId and nodeId
2021-07-27 03:54:04,677 [Listener at 127.0.0.1/13336] INFO  volume.HddsVolume (HddsVolume.java:<init>(120)) - Creating HddsVolume: /home/runner/work/ozone/ozone/mnt/ozone/hadoop-ozone/integration-test/target/test-dir/MiniOzoneClusterImpl-b10bafd4-cc06-4e81-8a2f-dfe27fd2d808/datanode-2/data-0/containers/hdds of storage type : DISK capacity : 9223372036854775807
2021-07-27 03:54:04,677 [Listener at 127.0.0.1/13336] INFO  volume.MutableVolumeSet (MutableVolumeSet.java:initializeVolumeSet(181)) - Added Volume : /home/runner/work/ozone/ozone/mnt/ozone/hadoop-ozone/integration-test/target/test-dir/MiniOzoneClusterImpl-b10bafd4-cc06-4e81-8a2f-dfe27fd2d808/datanode-2/data-0/containers/hdds to VolumeSet
2021-07-27 03:54:04,677 [Listener at 127.0.0.1/13336] INFO  volume.ThrottledAsyncChecker (ThrottledAsyncChecker.java:schedule(141)) - Scheduling a check for /home/runner/work/ozone/ozone/mnt/ozone/hadoop-ozone/integration-test/target/test-dir/MiniOzoneClusterImpl-b10bafd4-cc06-4e81-8a2f-dfe27fd2d808/datanode-2/data-0/containers/hdds
2021-07-27 03:54:04,682 [Listener at 127.0.0.1/13336] INFO  volume.StorageVolumeChecker (StorageVolumeChecker.java:checkAllVolumes(202)) - Scheduled health check for volume /home/runner/work/ozone/ozone/mnt/ozone/hadoop-ozone/integration-test/target/test-dir/MiniOzoneClusterImpl-b10bafd4-cc06-4e81-8a2f-dfe27fd2d808/datanode-2/data-0/containers/hdds
2021-07-27 03:54:04,698 [Listener at 127.0.0.1/13336] INFO  volume.MutableVolumeSet (MutableVolumeSet.java:initializeVolumeSet(181)) - Added Volume : /home/runner/work/ozone/ozone/mnt/ozone/hadoop-ozone/integration-test/target/test-dir/MiniOzoneClusterImpl-b10bafd4-cc06-4e81-8a2f-dfe27fd2d808/datanode-2/data/ratis to VolumeSet
2021-07-27 03:54:04,698 [Listener at 127.0.0.1/13336] INFO  volume.ThrottledAsyncChecker (ThrottledAsyncChecker.java:schedule(141)) - Scheduling a check for /home/runner/work/ozone/ozone/mnt/ozone/hadoop-ozone/integration-test/target/test-dir/MiniOzoneClusterImpl-b10bafd4-cc06-4e81-8a2f-dfe27fd2d808/datanode-2/data/ratis
2021-07-27 03:54:04,698 [Listener at 127.0.0.1/13336] INFO  volume.StorageVolumeChecker (StorageVolumeChecker.java:checkAllVolumes(202)) - Scheduled health check for volume /home/runner/work/ozone/ozone/mnt/ozone/hadoop-ozone/integration-test/target/test-dir/MiniOzoneClusterImpl-b10bafd4-cc06-4e81-8a2f-dfe27fd2d808/datanode-2/data/ratis
2021-07-27 03:54:04,713 [Listener at 127.0.0.1/13336] INFO  ozoneimpl.ContainerReader (ContainerReader.java:<init>(98)) - Running in upgrade mode:true
2021-07-27 03:54:04,713 [Thread-504] INFO  ozoneimpl.ContainerReader (ContainerReader.java:readVolume(142)) - Start to verify containers on volume /home/runner/work/ozone/ozone/mnt/ozone/hadoop-ozone/integration-test/target/test-dir/MiniOzoneClusterImpl-b10bafd4-cc06-4e81-8a2f-dfe27fd2d808/datanode-2/data-0/containers/hdds
2021-07-27 03:54:04,713 [Thread-504] INFO  ozoneimpl.ContainerReader (ContainerReader.java:readVolume(174)) - Finish verifying containers on volume /home/runner/work/ozone/ozone/mnt/ozone/hadoop-ozone/integration-test/target/test-dir/MiniOzoneClusterImpl-b10bafd4-cc06-4e81-8a2f-dfe27fd2d808/datanode-2/data-0/containers/hdds
2021-07-27 03:54:04,714 [Listener at 127.0.0.1/13336] INFO  ozoneimpl.OzoneContainer (OzoneContainer.java:buildContainerSet(237)) - Build ContainerSet costs 0s
2021-07-27 03:54:04,717 [Listener at 127.0.0.1/13336] INFO  server.RaftServer (ConfUtils.java:logGet(44)) - raft.rpc.type = GRPC (default)
2021-07-27 03:54:04,717 [Listener at 127.0.0.1/13336] INFO  grpc.GrpcFactory (GrpcFactory.java:checkPooledByteBufAllocatorUseCacheForAllThreads(48)) - PERFORMANCE WARNING: useCacheForAllThreads is true that may cause Netty to create a lot garbage objects and, as a result, trigger GC.
	It is recommended to disable useCacheForAllThreads by setting -Dorg.apache.ratis.thirdparty.io.netty.allocator.useCacheForAllThreads=false in command line.
2021-07-27 03:54:04,717 [Listener at 127.0.0.1/13336] INFO  grpc.GrpcConfigKeys (ConfUtils.java:logGet(44)) - raft.grpc.admin.port = 0 (custom)
2021-07-27 03:54:04,717 [Listener at 127.0.0.1/13336] INFO  grpc.GrpcConfigKeys (ConfUtils.java:logGet(44)) - raft.grpc.client.port = 0 (custom)
2021-07-27 03:54:04,717 [Listener at 127.0.0.1/13336] INFO  grpc.GrpcConfigKeys (ConfUtils.java:logGet(44)) - raft.grpc.server.port = 0 (default)
2021-07-27 03:54:04,717 [Listener at 127.0.0.1/13336] INFO  server.GrpcService (ConfUtils.java:logGet(44)) - raft.grpc.message.size.max = 32MB (=33554432) (custom)
2021-07-27 03:54:04,718 [Listener at 127.0.0.1/13336] INFO  server.RaftServerConfigKeys (ConfUtils.java:logGet(44)) - raft.server.log.appender.buffer.byte-limit = 33554432 (custom)
2021-07-27 03:54:04,718 [Listener at 127.0.0.1/13336] INFO  server.GrpcService (ConfUtils.java:logGet(44)) - raft.grpc.flow.control.window = 5MB (=5242880) (custom)
2021-07-27 03:54:04,718 [Listener at 127.0.0.1/13336] INFO  server.RaftServerConfigKeys (ConfUtils.java:logGet(44)) - raft.server.rpc.request.timeout = 60s (custom)
2021-07-27 03:54:04,719 [Listener at 127.0.0.1/13336] INFO  impl.DataStreamServerImpl (ConfUtils.java:logGet(44)) - raft.datastream.type = DISABLED (default)
2021-07-27 03:54:04,719 [Listener at 127.0.0.1/13336] INFO  server.RaftServerConfigKeys (ConfUtils.java:logGet(44)) - raft.server.rpc.slowness.timeout = 300s (custom)
2021-07-27 03:54:04,719 [Listener at 127.0.0.1/13336] INFO  server.RaftServerConfigKeys (ConfUtils.java:logGet(44)) - raft.server.leaderelection.leader.step-down.wait-time = 10s (default)
2021-07-27 03:54:04,719 [Listener at 127.0.0.1/13336] INFO  server.RaftServerConfigKeys (ConfUtils.java:logGet(44)) - raft.server.storage.dir = [/home/runner/work/ozone/ozone/mnt/ozone/hadoop-ozone/integration-test/target/test-dir/MiniOzoneClusterImpl-b10bafd4-cc06-4e81-8a2f-dfe27fd2d808/datanode-2/data/ratis] (custom)
2021-07-27 03:54:04,723 [Listener at 127.0.0.1/13336] INFO  http.BaseHttpServer (BaseHttpServer.java:newHttpServer2BuilderForOzone(209)) - Starting Web-server for hddsDatanode at: http://0.0.0.0:0
2021-07-27 03:54:04,723 [Listener at 127.0.0.1/13336] INFO  http.BaseHttpServer (BaseHttpServer.java:<init>(107)) - Hadoop Security Enabled: false Ozone Security Enabled: false Ozone HTTP Security Enabled: false 
2021-07-27 03:54:04,725 [Listener at 127.0.0.1/13336] INFO  server.AuthenticationFilter (AuthenticationFilter.java:constructSecretProvider(240)) - Unable to initialize FileSignerSecretProvider, falling back to use random secrets.
2021-07-27 03:54:04,725 [Listener at 127.0.0.1/13336] WARN  http.HttpRequestLog (HttpRequestLog.java:getRequestLog(103)) - Jetty request log can only be enabled using Log4j
2021-07-27 03:54:04,726 [Listener at 127.0.0.1/13336] INFO  http.HttpServer2 (HttpServer2.java:addGlobalFilter(1020)) - Added global filter 'safety' (class=org.apache.hadoop.hdds.server.http.HttpServer2$QuotingInputFilter)
2021-07-27 03:54:04,727 [Listener at 127.0.0.1/13336] INFO  http.HttpServer2 (HttpServer2.java:addFilter(996)) - Added filter static_user_filter (class=org.apache.hadoop.http.lib.StaticUserWebFilter$StaticUserFilter) to context hddsDatanode
2021-07-27 03:54:04,727 [Listener at 127.0.0.1/13336] INFO  http.HttpServer2 (HttpServer2.java:addFilter(1004)) - Added filter static_user_filter (class=org.apache.hadoop.http.lib.StaticUserWebFilter$StaticUserFilter) to context logs
2021-07-27 03:54:04,727 [Listener at 127.0.0.1/13336] INFO  http.HttpServer2 (HttpServer2.java:addFilter(1004)) - Added filter static_user_filter (class=org.apache.hadoop.http.lib.StaticUserWebFilter$StaticUserFilter) to context static
2021-07-27 03:54:04,728 [Listener at 127.0.0.1/13336] INFO  http.HttpServer2 (HttpServer2.java:bindListener(1239)) - Jetty bound to port 41871
2021-07-27 03:54:04,728 [Listener at 127.0.0.1/13336] INFO  server.Server (Server.java:doStart(375)) - jetty-9.4.35.v20201120; built: 2020-11-20T21:17:03.964Z; git: bdc54f03a5e0a7e280fab27f55c3c75ee8da89fb; jvm 1.8.0_292-b10
2021-07-27 03:54:04,730 [Listener at 127.0.0.1/13336] INFO  server.session (DefaultSessionIdManager.java:doStart(334)) - DefaultSessionIdManager workerName=node0
2021-07-27 03:54:04,730 [Listener at 127.0.0.1/13336] INFO  server.session (DefaultSessionIdManager.java:doStart(339)) - No SessionScavenger set, using defaults
2021-07-27 03:54:04,730 [Listener at 127.0.0.1/13336] INFO  server.session (HouseKeeper.java:startScavenging(132)) - node0 Scavenging every 660000ms
2021-07-27 03:54:04,731 [Listener at 127.0.0.1/13336] INFO  handler.ContextHandler (ContextHandler.java:doStart(916)) - Started o.e.j.s.ServletContextHandler@29222104{logs,/logs,file:///home/runner/work/ozone/ozone/mnt/ozone/hadoop-ozone/integration-test/target/log,AVAILABLE}
2021-07-27 03:54:04,731 [Listener at 127.0.0.1/13336] INFO  handler.ContextHandler (ContextHandler.java:doStart(916)) - Started o.e.j.s.ServletContextHandler@86ea2a{static,/static,jar:file:/home/runner/.m2/repository/org/apache/ozone/hdds-container-service/1.2.0-SNAPSHOT/hdds-container-service-1.2.0-SNAPSHOT.jar!/webapps/static,AVAILABLE}
2021-07-27 03:54:04,775 [Listener at 127.0.0.1/13336] INFO  handler.ContextHandler (ContextHandler.java:doStart(916)) - Started o.e.j.w.WebAppContext@415f712a{hddsDatanode,/,file:///tmp/jetty-0_0_0_0-41871-hdds-container-service-1_2_0-SNAPSHOT_jar-_-any-1632792183892891674/webapp/,AVAILABLE}{jar:file:/home/runner/.m2/repository/org/apache/ozone/hdds-container-service/1.2.0-SNAPSHOT/hdds-container-service-1.2.0-SNAPSHOT.jar!/webapps/hddsDatanode}
2021-07-27 03:54:04,777 [Listener at 127.0.0.1/13336] INFO  server.AbstractConnector (AbstractConnector.java:doStart(331)) - Started ServerConnector@35c81c91{HTTP/1.1, (http/1.1)}{0.0.0.0:41871}
2021-07-27 03:54:04,777 [Listener at 127.0.0.1/13336] INFO  server.Server (Server.java:doStart(415)) - Started @19140ms
2021-07-27 03:54:04,777 [Listener at 127.0.0.1/13336] WARN  impl.MetricsSystemImpl (MetricsSystemImpl.java:register(279)) - Sink prometheus already exists!
2021-07-27 03:54:04,778 [Listener at 127.0.0.1/13336] INFO  http.BaseHttpServer (BaseHttpServer.java:updateConnectorAddress(329)) - HTTP server of hddsDatanode listening at http://0.0.0.0:41871
2021-07-27 03:54:04,788 [Listener at 127.0.0.1/13336] INFO  ozone.MiniOzoneClusterImpl (MiniOzoneClusterImpl.java:lambda$waitForClusterToBeReady$0(235)) - Waiting for nodes to be ready. Got 0 of 3 DN Heartbeats.
2021-07-27 03:54:04,789 [Listener at 127.0.0.1/13336] INFO  ozone.MiniOzoneClusterImpl (MiniOzoneClusterImpl.java:lambda$waitForClusterToBeReady$0(238)) - Waiting for cluster to exit safe mode
2021-07-27 03:54:04,789 [Listener at 127.0.0.1/13336] INFO  ozone.MiniOzoneClusterImpl (MiniOzoneClusterImpl.java:lambda$waitForClusterToBeReady$0(240)) - SCM became leader
2021-07-27 03:54:04,791 [org.apache.hadoop.util.JvmPauseMonitor$Monitor@7849b9fd] INFO  util.JvmPauseMonitor (JvmPauseMonitor.java:run(188)) - Starting JVM pause monitor
2021-07-27 03:54:04,792 [Datanode State Machine Task Thread - 0] INFO  ha.SCMNodeInfo (SCMNodeInfo.java:getPort(197)) - ConfigKey ozone.scm.client.address is deprecated, For configuring different ports for each SCM use PortConfigKey ozone.scm.client.port appended with serviceId and nodeId
2021-07-27 03:54:04,793 [Datanode State Machine Task Thread - 0] INFO  ha.SCMNodeInfo (SCMNodeInfo.java:getPort(197)) - ConfigKey ozone.scm.block.client.address is deprecated, For configuring different ports for each SCM use PortConfigKey ozone.scm.block.client.port appended with serviceId and nodeId
2021-07-27 03:54:04,793 [Datanode State Machine Task Thread - 0] INFO  ha.SCMNodeInfo (SCMNodeInfo.java:getPort(197)) - ConfigKey ozone.scm.datanode.address is deprecated, For configuring different ports for each SCM use PortConfigKey ozone.scm.datanode.port appended with serviceId and nodeId
2021-07-27 03:54:04,795 [Datanode State Machine Task Thread - 0] INFO  datanode.InitDatanodeState (InitDatanodeState.java:persistContainerDatanodeDetails(145)) - DatanodeDetails is persisted to /home/runner/work/ozone/ozone/mnt/ozone/hadoop-ozone/integration-test/target/test-dir/MiniOzoneClusterImpl-b10bafd4-cc06-4e81-8a2f-dfe27fd2d808/datanode-2/meta/datanode.id
2021-07-27 03:54:05,789 [Listener at 127.0.0.1/13336] INFO  ozone.MiniOzoneClusterImpl (MiniOzoneClusterImpl.java:lambda$waitForClusterToBeReady$0(235)) - Waiting for nodes to be ready. Got 0 of 3 DN Heartbeats.
2021-07-27 03:54:05,789 [Listener at 127.0.0.1/13336] INFO  ozone.MiniOzoneClusterImpl (MiniOzoneClusterImpl.java:lambda$waitForClusterToBeReady$0(238)) - Waiting for cluster to exit safe mode
2021-07-27 03:54:05,790 [Listener at 127.0.0.1/13336] INFO  ozone.MiniOzoneClusterImpl (MiniOzoneClusterImpl.java:lambda$waitForClusterToBeReady$0(240)) - SCM became leader
2021-07-27 03:54:06,403 [EndpointStateMachine task thread for /127.0.0.1:13921 - 0 ] INFO  ozoneimpl.OzoneContainer (OzoneContainer.java:start(305)) - Attempting to start container services.
2021-07-27 03:54:06,405 [EndpointStateMachine task thread for /127.0.0.1:13921 - 0 ] INFO  ozoneimpl.OzoneContainer (OzoneContainer.java:startContainerScrub(250)) - Background container scanner has been disabled.
2021-07-27 03:54:06,408 [EndpointStateMachine task thread for /127.0.0.1:13921 - 0 ] INFO  replication.ReplicationServer (ReplicationServer.java:start(106)) - ReplicationServer is started using port 36473
2021-07-27 03:54:06,412 [EndpointStateMachine task thread for /127.0.0.1:13921 - 0 ] INFO  ratis.XceiverServerRatis (XceiverServerRatis.java:start(478)) - Starting XceiverServerRatis b696075b-dbd5-4684-809e-56516b71197a
2021-07-27 03:54:06,413 [EndpointStateMachine task thread for /127.0.0.1:13921 - 0 ] INFO  server.RaftServer (RaftServerProxy.java:lambda$start$5(374)) - b696075b-dbd5-4684-809e-56516b71197a: start RPC server
2021-07-27 03:54:06,422 [EndpointStateMachine task thread for /127.0.0.1:13921 - 0 ] INFO  server.GrpcService (GrpcService.java:startImpl(253)) - b696075b-dbd5-4684-809e-56516b71197a: GrpcService started, listening on 38127
2021-07-27 03:54:06,423 [EndpointStateMachine task thread for /127.0.0.1:13921 - 0 ] INFO  ratis.XceiverServerRatis (XceiverServerRatis.java:getRealPort(499)) - XceiverServerRatis b696075b-dbd5-4684-809e-56516b71197a is started using port 38127 for RATIS
2021-07-27 03:54:06,423 [EndpointStateMachine task thread for /127.0.0.1:13921 - 0 ] INFO  ratis.XceiverServerRatis (XceiverServerRatis.java:getRealPort(499)) - XceiverServerRatis b696075b-dbd5-4684-809e-56516b71197a is started using port 38127 for RATIS_ADMIN
2021-07-27 03:54:06,423 [EndpointStateMachine task thread for /127.0.0.1:13921 - 0 ] INFO  ratis.XceiverServerRatis (XceiverServerRatis.java:getRealPort(499)) - XceiverServerRatis b696075b-dbd5-4684-809e-56516b71197a is started using port 38127 for RATIS_SERVER
2021-07-27 03:54:06,430 [org.apache.ratis.util.JvmPauseMonitor$$Lambda$430/1677697972@5c227134] INFO  util.JvmPauseMonitor (JvmPauseMonitor.java:run(103)) - JvmPauseMonitor-b696075b-dbd5-4684-809e-56516b71197a: Started
2021-07-27 03:54:06,431 [EndpointStateMachine task thread for /127.0.0.1:13921 - 0 ] INFO  server.XceiverServerGrpc (XceiverServerGrpc.java:start(135)) - XceiverServerGrpc b696075b-dbd5-4684-809e-56516b71197a is started using port 44549
2021-07-27 03:54:06,610 [EndpointStateMachine task thread for /127.0.0.1:13921 - 0 ] INFO  ozoneimpl.OzoneContainer (OzoneContainer.java:start(305)) - Attempting to start container services.
2021-07-27 03:54:06,610 [EndpointStateMachine task thread for /127.0.0.1:13921 - 0 ] INFO  ozoneimpl.OzoneContainer (OzoneContainer.java:startContainerScrub(250)) - Background container scanner has been disabled.
2021-07-27 03:54:06,612 [EndpointStateMachine task thread for /127.0.0.1:13921 - 0 ] INFO  replication.ReplicationServer (ReplicationServer.java:start(106)) - ReplicationServer is started using port 46177
2021-07-27 03:54:06,614 [EndpointStateMachine task thread for /127.0.0.1:13921 - 0 ] INFO  ratis.XceiverServerRatis (XceiverServerRatis.java:start(478)) - Starting XceiverServerRatis a8e533e5-40e7-4f21-b2bc-3ac63ac938bf
2021-07-27 03:54:06,615 [EndpointStateMachine task thread for /127.0.0.1:13921 - 0 ] INFO  server.RaftServer (RaftServerProxy.java:lambda$start$5(374)) - a8e533e5-40e7-4f21-b2bc-3ac63ac938bf: start RPC server
2021-07-27 03:54:06,616 [EndpointStateMachine task thread for /127.0.0.1:13921 - 0 ] INFO  server.GrpcService (GrpcService.java:startImpl(253)) - a8e533e5-40e7-4f21-b2bc-3ac63ac938bf: GrpcService started, listening on 46277
2021-07-27 03:54:06,616 [EndpointStateMachine task thread for /127.0.0.1:13921 - 0 ] INFO  ratis.XceiverServerRatis (XceiverServerRatis.java:getRealPort(499)) - XceiverServerRatis a8e533e5-40e7-4f21-b2bc-3ac63ac938bf is started using port 46277 for RATIS
2021-07-27 03:54:06,616 [EndpointStateMachine task thread for /127.0.0.1:13921 - 0 ] INFO  ratis.XceiverServerRatis (XceiverServerRatis.java:getRealPort(499)) - XceiverServerRatis a8e533e5-40e7-4f21-b2bc-3ac63ac938bf is started using port 46277 for RATIS_ADMIN
2021-07-27 03:54:06,616 [EndpointStateMachine task thread for /127.0.0.1:13921 - 0 ] INFO  ratis.XceiverServerRatis (XceiverServerRatis.java:getRealPort(499)) - XceiverServerRatis a8e533e5-40e7-4f21-b2bc-3ac63ac938bf is started using port 46277 for RATIS_SERVER
2021-07-27 03:54:06,616 [org.apache.ratis.util.JvmPauseMonitor$$Lambda$430/1677697972@4cedb7cc] INFO  util.JvmPauseMonitor (JvmPauseMonitor.java:run(103)) - JvmPauseMonitor-a8e533e5-40e7-4f21-b2bc-3ac63ac938bf: Started
2021-07-27 03:54:06,617 [EndpointStateMachine task thread for /127.0.0.1:13921 - 0 ] INFO  server.XceiverServerGrpc (XceiverServerGrpc.java:start(135)) - XceiverServerGrpc a8e533e5-40e7-4f21-b2bc-3ac63ac938bf is started using port 34629
2021-07-27 03:54:06,790 [Listener at 127.0.0.1/13336] INFO  ozone.MiniOzoneClusterImpl (MiniOzoneClusterImpl.java:lambda$waitForClusterToBeReady$0(235)) - Waiting for nodes to be ready. Got 0 of 3 DN Heartbeats.
2021-07-27 03:54:06,790 [Listener at 127.0.0.1/13336] INFO  ozone.MiniOzoneClusterImpl (MiniOzoneClusterImpl.java:lambda$waitForClusterToBeReady$0(238)) - Waiting for cluster to exit safe mode
2021-07-27 03:54:06,790 [Listener at 127.0.0.1/13336] INFO  ozone.MiniOzoneClusterImpl (MiniOzoneClusterImpl.java:lambda$waitForClusterToBeReady$0(240)) - SCM became leader
2021-07-27 03:54:06,798 [EndpointStateMachine task thread for /127.0.0.1:13921 - 0 ] INFO  ozoneimpl.OzoneContainer (OzoneContainer.java:start(305)) - Attempting to start container services.
2021-07-27 03:54:06,798 [EndpointStateMachine task thread for /127.0.0.1:13921 - 0 ] INFO  ozoneimpl.OzoneContainer (OzoneContainer.java:startContainerScrub(250)) - Background container scanner has been disabled.
2021-07-27 03:54:06,802 [EndpointStateMachine task thread for /127.0.0.1:13921 - 0 ] INFO  replication.ReplicationServer (ReplicationServer.java:start(106)) - ReplicationServer is started using port 43257
2021-07-27 03:54:06,802 [EndpointStateMachine task thread for /127.0.0.1:13921 - 0 ] INFO  ratis.XceiverServerRatis (XceiverServerRatis.java:start(478)) - Starting XceiverServerRatis b95eb893-7480-4c40-af1e-675e082ede40
2021-07-27 03:54:06,804 [EndpointStateMachine task thread for /127.0.0.1:13921 - 0 ] INFO  server.RaftServer (RaftServerProxy.java:lambda$start$5(374)) - b95eb893-7480-4c40-af1e-675e082ede40: start RPC server
2021-07-27 03:54:06,806 [EndpointStateMachine task thread for /127.0.0.1:13921 - 0 ] INFO  server.GrpcService (GrpcService.java:startImpl(253)) - b95eb893-7480-4c40-af1e-675e082ede40: GrpcService started, listening on 39359
2021-07-27 03:54:06,807 [EndpointStateMachine task thread for /127.0.0.1:13921 - 0 ] INFO  ratis.XceiverServerRatis (XceiverServerRatis.java:getRealPort(499)) - XceiverServerRatis b95eb893-7480-4c40-af1e-675e082ede40 is started using port 39359 for RATIS
2021-07-27 03:54:06,807 [EndpointStateMachine task thread for /127.0.0.1:13921 - 0 ] INFO  ratis.XceiverServerRatis (XceiverServerRatis.java:getRealPort(499)) - XceiverServerRatis b95eb893-7480-4c40-af1e-675e082ede40 is started using port 39359 for RATIS_ADMIN
2021-07-27 03:54:06,807 [org.apache.ratis.util.JvmPauseMonitor$$Lambda$430/1677697972@1f121bed] INFO  util.JvmPauseMonitor (JvmPauseMonitor.java:run(103)) - JvmPauseMonitor-b95eb893-7480-4c40-af1e-675e082ede40: Started
2021-07-27 03:54:06,807 [EndpointStateMachine task thread for /127.0.0.1:13921 - 0 ] INFO  ratis.XceiverServerRatis (XceiverServerRatis.java:getRealPort(499)) - XceiverServerRatis b95eb893-7480-4c40-af1e-675e082ede40 is started using port 39359 for RATIS_SERVER
2021-07-27 03:54:06,808 [EndpointStateMachine task thread for /127.0.0.1:13921 - 0 ] INFO  server.XceiverServerGrpc (XceiverServerGrpc.java:start(135)) - XceiverServerGrpc b95eb893-7480-4c40-af1e-675e082ede40 is started using port 44903
2021-07-27 03:54:07,791 [Listener at 127.0.0.1/13336] INFO  ozone.MiniOzoneClusterImpl (MiniOzoneClusterImpl.java:lambda$waitForClusterToBeReady$0(235)) - Waiting for nodes to be ready. Got 0 of 3 DN Heartbeats.
2021-07-27 03:54:07,791 [Listener at 127.0.0.1/13336] INFO  ozone.MiniOzoneClusterImpl (MiniOzoneClusterImpl.java:lambda$waitForClusterToBeReady$0(238)) - Waiting for cluster to exit safe mode
2021-07-27 03:54:07,791 [Listener at 127.0.0.1/13336] INFO  ozone.MiniOzoneClusterImpl (MiniOzoneClusterImpl.java:lambda$waitForClusterToBeReady$0(240)) - SCM became leader
2021-07-27 03:54:08,392 [IPC Server handler 3 on default port 13921] INFO  net.NetworkTopologyImpl (NetworkTopologyImpl.java:add(112)) - Added a new node: /default-rack/b696075b-dbd5-4684-809e-56516b71197a
2021-07-27 03:54:08,394 [IPC Server handler 3 on default port 13921] INFO  node.SCMNodeManager (SCMNodeManager.java:register(386)) - Registered Data node : b696075b-dbd5-4684-809e-56516b71197a{ip: 127.0.0.1, host: localhost, ports: [REPLICATION=36473, RATIS=38127, RATIS_ADMIN=38127, RATIS_SERVER=38127, STANDALONE=44549], networkLocation: /default-rack, certSerialId: null, persistedOpState: null, persistedOpStateExpiryEpochSec: 0}
2021-07-27 03:54:08,409 [EventQueue-NewNodeForNewNodeHandler] INFO  pipeline.BackgroundPipelineCreator (BackgroundPipelineCreatorV2.java:notifyEventTriggered(285)) - trigger a one-shot run on RatisPipelineUtilsThread.
2021-07-27 03:54:08,424 [EventQueue-NodeRegistrationContainerReportForDataNodeSafeModeRule] INFO  safemode.SCMSafeModeManager (DataNodeSafeModeRule.java:process(71)) - SCM in safe mode. 1 DataNodes registered, 3 required.
2021-07-27 03:54:08,426 [RatisPipelineUtilsThread - 0] INFO  pipeline.RatisPipelineProvider (RatisPipelineProvider.java:lambda$create$0(183)) - Sending CreatePipelineCommand for pipeline:PipelineID=08755523-7b8a-40db-9773-4b928317d1bc to datanode:b696075b-dbd5-4684-809e-56516b71197a
2021-07-27 03:54:08,438 [EventQueue-NodeRegistrationContainerReportForContainerSafeModeRule] INFO  safemode.SCMSafeModeManager (SCMSafeModeManager.java:validateSafeModeExitRules(204)) - ContainerSafeModeRule rule is successfully validated
2021-07-27 03:54:08,443 [EventQueue-PipelineReportForOneReplicaPipelineSafeModeRule] INFO  safemode.SCMSafeModeManager (SCMSafeModeManager.java:validateSafeModeExitRules(204)) - AtleastOneDatanodeReportedRule rule is successfully validated
2021-07-27 03:54:08,498 [4a006e23-4982-42e1-b4c7-2415bb8d98a0@group-DFE27FD2D808-StateMachineUpdater] INFO  pipeline.PipelineStateManager (PipelineStateManagerV2Impl.java:addPipeline(101)) - Created pipeline Pipeline[ Id: 08755523-7b8a-40db-9773-4b928317d1bc, Nodes: b696075b-dbd5-4684-809e-56516b71197a{ip: 127.0.0.1, host: localhost, ports: [REPLICATION=36473, RATIS=38127, RATIS_ADMIN=38127, RATIS_SERVER=38127, STANDALONE=44549], networkLocation: /default-rack, certSerialId: null, persistedOpState: IN_SERVICE, persistedOpStateExpiryEpochSec: 0}, ReplicationConfig: RATIS/ONE, State:ALLOCATED, leaderId:, CreationTimestamp2021-07-27T03:54:08.420Z[Etc/UTC]].
2021-07-27 03:54:08,499 [4a006e23-4982-42e1-b4c7-2415bb8d98a0@group-DFE27FD2D808-StateMachineUpdater] INFO  safemode.HealthyPipelineSafeModeRule (HealthyPipelineSafeModeRule.java:initializeRule(152)) - Refreshed total pipeline count is 0, healthy pipeline threshold count is 1
2021-07-27 03:54:08,503 [RatisPipelineUtilsThread - 0] INFO  ha.SCMHAInvocationHandler (SCMHAInvocationHandler.java:invokeRatis(113)) - Invoking method public abstract void org.apache.hadoop.hdds.scm.pipeline.StateManager.addPipeline(org.apache.hadoop.hdds.protocol.proto.HddsProtos$Pipeline) throws java.io.IOException on target org.apache.hadoop.hdds.scm.ha.SCMRatisServerImpl@4b40b27a, cost 56788.165us
2021-07-27 03:54:08,606 [IPC Server handler 0 on default port 13921] INFO  net.NetworkTopologyImpl (NetworkTopologyImpl.java:add(112)) - Added a new node: /default-rack/a8e533e5-40e7-4f21-b2bc-3ac63ac938bf
2021-07-27 03:54:08,606 [IPC Server handler 0 on default port 13921] INFO  node.SCMNodeManager (SCMNodeManager.java:register(386)) - Registered Data node : a8e533e5-40e7-4f21-b2bc-3ac63ac938bf{ip: 127.0.0.1, host: localhost, ports: [REPLICATION=46177, RATIS=46277, RATIS_ADMIN=46277, RATIS_SERVER=46277, STANDALONE=34629], networkLocation: /default-rack, certSerialId: null, persistedOpState: null, persistedOpStateExpiryEpochSec: 0}
2021-07-27 03:54:08,608 [EventQueue-NewNodeForNewNodeHandler] INFO  pipeline.BackgroundPipelineCreator (BackgroundPipelineCreatorV2.java:notifyEventTriggered(285)) - trigger a one-shot run on RatisPipelineUtilsThread.
2021-07-27 03:54:08,610 [EventQueue-NodeRegistrationContainerReportForDataNodeSafeModeRule] INFO  safemode.SCMSafeModeManager (DataNodeSafeModeRule.java:process(71)) - SCM in safe mode. 2 DataNodes registered, 3 required.
2021-07-27 03:54:08,611 [RatisPipelineUtilsThread - 0] INFO  pipeline.RatisPipelineProvider (RatisPipelineProvider.java:lambda$create$0(183)) - Sending CreatePipelineCommand for pipeline:PipelineID=915668cb-a482-4aee-8d37-cdcd358541ba to datanode:a8e533e5-40e7-4f21-b2bc-3ac63ac938bf
2021-07-27 03:54:08,614 [4a006e23-4982-42e1-b4c7-2415bb8d98a0@group-DFE27FD2D808-StateMachineUpdater] INFO  pipeline.PipelineStateManager (PipelineStateManagerV2Impl.java:addPipeline(101)) - Created pipeline Pipeline[ Id: 915668cb-a482-4aee-8d37-cdcd358541ba, Nodes: a8e533e5-40e7-4f21-b2bc-3ac63ac938bf{ip: 127.0.0.1, host: localhost, ports: [REPLICATION=46177, RATIS=46277, RATIS_ADMIN=46277, RATIS_SERVER=46277, STANDALONE=34629], networkLocation: /default-rack, certSerialId: null, persistedOpState: IN_SERVICE, persistedOpStateExpiryEpochSec: 0}, ReplicationConfig: RATIS/ONE, State:ALLOCATED, leaderId:, CreationTimestamp2021-07-27T03:54:08.611Z[Etc/UTC]].
2021-07-27 03:54:08,614 [4a006e23-4982-42e1-b4c7-2415bb8d98a0@group-DFE27FD2D808-StateMachineUpdater] INFO  safemode.HealthyPipelineSafeModeRule (HealthyPipelineSafeModeRule.java:initializeRule(152)) - Refreshed total pipeline count is 0, healthy pipeline threshold count is 1
2021-07-27 03:54:08,615 [RatisPipelineUtilsThread - 0] INFO  ha.SCMHAInvocationHandler (SCMHAInvocationHandler.java:invokeRatis(113)) - Invoking method public abstract void org.apache.hadoop.hdds.scm.pipeline.StateManager.addPipeline(org.apache.hadoop.hdds.protocol.proto.HddsProtos$Pipeline) throws java.io.IOException on target org.apache.hadoop.hdds.scm.ha.SCMRatisServerImpl@4b40b27a, cost 3044.122us
2021-07-27 03:54:08,792 [Listener at 127.0.0.1/13336] INFO  ozone.MiniOzoneClusterImpl (MiniOzoneClusterImpl.java:lambda$waitForClusterToBeReady$0(235)) - Waiting for nodes to be ready. Got 2 of 3 DN Heartbeats.
2021-07-27 03:54:08,792 [Listener at 127.0.0.1/13336] INFO  ozone.MiniOzoneClusterImpl (MiniOzoneClusterImpl.java:lambda$waitForClusterToBeReady$0(238)) - Waiting for cluster to exit safe mode
2021-07-27 03:54:08,792 [Listener at 127.0.0.1/13336] INFO  ozone.MiniOzoneClusterImpl (MiniOzoneClusterImpl.java:lambda$waitForClusterToBeReady$0(240)) - SCM became leader
2021-07-27 03:54:08,796 [IPC Server handler 1 on default port 13921] INFO  net.NetworkTopologyImpl (NetworkTopologyImpl.java:add(112)) - Added a new node: /default-rack/b95eb893-7480-4c40-af1e-675e082ede40
2021-07-27 03:54:08,797 [IPC Server handler 1 on default port 13921] INFO  node.SCMNodeManager (SCMNodeManager.java:register(386)) - Registered Data node : b95eb893-7480-4c40-af1e-675e082ede40{ip: 127.0.0.1, host: localhost, ports: [REPLICATION=43257, RATIS=39359, RATIS_ADMIN=39359, RATIS_SERVER=39359, STANDALONE=44903], networkLocation: /default-rack, certSerialId: null, persistedOpState: null, persistedOpStateExpiryEpochSec: 0}
2021-07-27 03:54:08,797 [EventQueue-NewNodeForNewNodeHandler] INFO  pipeline.BackgroundPipelineCreator (BackgroundPipelineCreatorV2.java:notifyEventTriggered(285)) - trigger a one-shot run on RatisPipelineUtilsThread.
2021-07-27 03:54:08,798 [EventQueue-NodeRegistrationContainerReportForDataNodeSafeModeRule] INFO  safemode.SCMSafeModeManager (DataNodeSafeModeRule.java:process(71)) - SCM in safe mode. 3 DataNodes registered, 3 required.
2021-07-27 03:54:08,798 [EventQueue-NodeRegistrationContainerReportForDataNodeSafeModeRule] INFO  safemode.SCMSafeModeManager (SCMSafeModeManager.java:validateSafeModeExitRules(204)) - DataNodeSafeModeRule rule is successfully validated
2021-07-27 03:54:08,798 [EventQueue-NodeRegistrationContainerReportForDataNodeSafeModeRule] INFO  safemode.SCMSafeModeManager (SCMSafeModeManager.java:completePreCheck(233)) - All SCM safe mode pre check rules have passed
2021-07-27 03:54:08,798 [EventQueue-NodeRegistrationContainerReportForDataNodeSafeModeRule] WARN  events.EventQueue (EventQueue.java:fireEvent(194)) - No event handler registered for event TypedEvent{payloadType=SafeModeStatus, name='Safe mode status'}
2021-07-27 03:54:08,798 [EventQueue-NodeRegistrationContainerReportForDataNodeSafeModeRule] INFO  ha.SCMContext (SCMContext.java:updateSafeModeStatus(205)) - Update SafeModeStatus from SafeModeStatus{safeModeStatus=true, preCheckPassed=false} to SafeModeStatus{safeModeStatus=true, preCheckPassed=true}.
2021-07-27 03:54:08,798 [EventQueue-NodeRegistrationContainerReportForDataNodeSafeModeRule] INFO  pipeline.BackgroundPipelineCreator (BackgroundPipelineCreatorV2.java:notifyEventTriggered(285)) - trigger a one-shot run on RatisPipelineUtilsThread.
2021-07-27 03:54:08,798 [RatisPipelineUtilsThread - 0] INFO  pipeline.RatisPipelineProvider (RatisPipelineProvider.java:lambda$create$0(183)) - Sending CreatePipelineCommand for pipeline:PipelineID=5bdd10f3-bf3b-4d2c-ace4-14ebc33b74a1 to datanode:b95eb893-7480-4c40-af1e-675e082ede40
2021-07-27 03:54:08,801 [4a006e23-4982-42e1-b4c7-2415bb8d98a0@group-DFE27FD2D808-StateMachineUpdater] INFO  pipeline.PipelineStateManager (PipelineStateManagerV2Impl.java:addPipeline(101)) - Created pipeline Pipeline[ Id: 5bdd10f3-bf3b-4d2c-ace4-14ebc33b74a1, Nodes: b95eb893-7480-4c40-af1e-675e082ede40{ip: 127.0.0.1, host: localhost, ports: [REPLICATION=43257, RATIS=39359, RATIS_ADMIN=39359, RATIS_SERVER=39359, STANDALONE=44903], networkLocation: /default-rack, certSerialId: null, persistedOpState: IN_SERVICE, persistedOpStateExpiryEpochSec: 0}, ReplicationConfig: RATIS/ONE, State:ALLOCATED, leaderId:, CreationTimestamp2021-07-27T03:54:08.798Z[Etc/UTC]].
2021-07-27 03:54:08,801 [4a006e23-4982-42e1-b4c7-2415bb8d98a0@group-DFE27FD2D808-StateMachineUpdater] INFO  safemode.HealthyPipelineSafeModeRule (HealthyPipelineSafeModeRule.java:initializeRule(152)) - Refreshed total pipeline count is 0, healthy pipeline threshold count is 1
2021-07-27 03:54:08,803 [RatisPipelineUtilsThread - 0] INFO  ha.SCMHAInvocationHandler (SCMHAInvocationHandler.java:invokeRatis(113)) - Invoking method public abstract void org.apache.hadoop.hdds.scm.pipeline.StateManager.addPipeline(org.apache.hadoop.hdds.protocol.proto.HddsProtos$Pipeline) throws java.io.IOException on target org.apache.hadoop.hdds.scm.ha.SCMRatisServerImpl@4b40b27a, cost 4469.478us
2021-07-27 03:54:08,807 [RatisPipelineUtilsThread - 0] INFO  pipeline.RatisPipelineProvider (RatisPipelineProvider.java:lambda$create$0(183)) - Sending CreatePipelineCommand for pipeline:PipelineID=54888f83-3517-4db5-8917-0ded3d8106bd to datanode:a8e533e5-40e7-4f21-b2bc-3ac63ac938bf
2021-07-27 03:54:08,807 [RatisPipelineUtilsThread - 0] INFO  pipeline.RatisPipelineProvider (RatisPipelineProvider.java:lambda$create$0(183)) - Sending CreatePipelineCommand for pipeline:PipelineID=54888f83-3517-4db5-8917-0ded3d8106bd to datanode:b95eb893-7480-4c40-af1e-675e082ede40
2021-07-27 03:54:08,807 [RatisPipelineUtilsThread - 0] INFO  pipeline.RatisPipelineProvider (RatisPipelineProvider.java:lambda$create$0(183)) - Sending CreatePipelineCommand for pipeline:PipelineID=54888f83-3517-4db5-8917-0ded3d8106bd to datanode:b696075b-dbd5-4684-809e-56516b71197a
2021-07-27 03:54:08,813 [4a006e23-4982-42e1-b4c7-2415bb8d98a0@group-DFE27FD2D808-StateMachineUpdater] INFO  pipeline.PipelineStateManager (PipelineStateManagerV2Impl.java:addPipeline(101)) - Created pipeline Pipeline[ Id: 54888f83-3517-4db5-8917-0ded3d8106bd, Nodes: a8e533e5-40e7-4f21-b2bc-3ac63ac938bf{ip: 127.0.0.1, host: localhost, ports: [REPLICATION=46177, RATIS=46277, RATIS_ADMIN=46277, RATIS_SERVER=46277, STANDALONE=34629], networkLocation: /default-rack, certSerialId: null, persistedOpState: IN_SERVICE, persistedOpStateExpiryEpochSec: 0}b95eb893-7480-4c40-af1e-675e082ede40{ip: 127.0.0.1, host: localhost, ports: [REPLICATION=43257, RATIS=39359, RATIS_ADMIN=39359, RATIS_SERVER=39359, STANDALONE=44903], networkLocation: /default-rack, certSerialId: null, persistedOpState: IN_SERVICE, persistedOpStateExpiryEpochSec: 0}b696075b-dbd5-4684-809e-56516b71197a{ip: 127.0.0.1, host: localhost, ports: [REPLICATION=36473, RATIS=38127, RATIS_ADMIN=38127, RATIS_SERVER=38127, STANDALONE=44549], networkLocation: /default-rack, certSerialId: null, persistedOpState: IN_SERVICE, persistedOpStateExpiryEpochSec: 0}, ReplicationConfig: RATIS/THREE, State:ALLOCATED, leaderId:, CreationTimestamp2021-07-27T03:54:08.807Z[Etc/UTC]].
2021-07-27 03:54:08,813 [4a006e23-4982-42e1-b4c7-2415bb8d98a0@group-DFE27FD2D808-StateMachineUpdater] INFO  safemode.HealthyPipelineSafeModeRule (HealthyPipelineSafeModeRule.java:initializeRule(152)) - Refreshed total pipeline count is 0, healthy pipeline threshold count is 1
2021-07-27 03:54:08,814 [RatisPipelineUtilsThread - 0] INFO  ha.SCMHAInvocationHandler (SCMHAInvocationHandler.java:invokeRatis(113)) - Invoking method public abstract void org.apache.hadoop.hdds.scm.pipeline.StateManager.addPipeline(org.apache.hadoop.hdds.protocol.proto.HddsProtos$Pipeline) throws java.io.IOException on target org.apache.hadoop.hdds.scm.ha.SCMRatisServerImpl@4b40b27a, cost 3921.857us
2021-07-27 03:54:08,816 [RatisPipelineUtilsThread - 0] INFO  pipeline.RatisPipelineProvider (RatisPipelineProvider.java:lambda$create$0(183)) - Sending CreatePipelineCommand for pipeline:PipelineID=ab9f9cd0-2e03-48bf-8806-eb5a9ecd428e to datanode:a8e533e5-40e7-4f21-b2bc-3ac63ac938bf
2021-07-27 03:54:08,816 [RatisPipelineUtilsThread - 0] INFO  pipeline.RatisPipelineProvider (RatisPipelineProvider.java:lambda$create$0(183)) - Sending CreatePipelineCommand for pipeline:PipelineID=ab9f9cd0-2e03-48bf-8806-eb5a9ecd428e to datanode:b696075b-dbd5-4684-809e-56516b71197a
2021-07-27 03:54:08,816 [RatisPipelineUtilsThread - 0] INFO  pipeline.RatisPipelineProvider (RatisPipelineProvider.java:lambda$create$0(183)) - Sending CreatePipelineCommand for pipeline:PipelineID=ab9f9cd0-2e03-48bf-8806-eb5a9ecd428e to datanode:b95eb893-7480-4c40-af1e-675e082ede40
2021-07-27 03:54:08,819 [4a006e23-4982-42e1-b4c7-2415bb8d98a0@group-DFE27FD2D808-StateMachineUpdater] INFO  pipeline.PipelineStateManager (PipelineStateManagerV2Impl.java:addPipeline(101)) - Created pipeline Pipeline[ Id: ab9f9cd0-2e03-48bf-8806-eb5a9ecd428e, Nodes: a8e533e5-40e7-4f21-b2bc-3ac63ac938bf{ip: 127.0.0.1, host: localhost, ports: [REPLICATION=46177, RATIS=46277, RATIS_ADMIN=46277, RATIS_SERVER=46277, STANDALONE=34629], networkLocation: /default-rack, certSerialId: null, persistedOpState: IN_SERVICE, persistedOpStateExpiryEpochSec: 0}b696075b-dbd5-4684-809e-56516b71197a{ip: 127.0.0.1, host: localhost, ports: [REPLICATION=36473, RATIS=38127, RATIS_ADMIN=38127, RATIS_SERVER=38127, STANDALONE=44549], networkLocation: /default-rack, certSerialId: null, persistedOpState: IN_SERVICE, persistedOpStateExpiryEpochSec: 0}b95eb893-7480-4c40-af1e-675e082ede40{ip: 127.0.0.1, host: localhost, ports: [REPLICATION=43257, RATIS=39359, RATIS_ADMIN=39359, RATIS_SERVER=39359, STANDALONE=44903], networkLocation: /default-rack, certSerialId: null, persistedOpState: IN_SERVICE, persistedOpStateExpiryEpochSec: 0}, ReplicationConfig: RATIS/THREE, State:ALLOCATED, leaderId:, CreationTimestamp2021-07-27T03:54:08.816Z[Etc/UTC]].
2021-07-27 03:54:08,819 [4a006e23-4982-42e1-b4c7-2415bb8d98a0@group-DFE27FD2D808-StateMachineUpdater] INFO  safemode.HealthyPipelineSafeModeRule (HealthyPipelineSafeModeRule.java:initializeRule(152)) - Refreshed total pipeline count is 0, healthy pipeline threshold count is 1
2021-07-27 03:54:08,819 [RatisPipelineUtilsThread - 0] INFO  ha.SCMHAInvocationHandler (SCMHAInvocationHandler.java:invokeRatis(113)) - Invoking method public abstract void org.apache.hadoop.hdds.scm.pipeline.StateManager.addPipeline(org.apache.hadoop.hdds.protocol.proto.HddsProtos$Pipeline) throws java.io.IOException on target org.apache.hadoop.hdds.scm.ha.SCMRatisServerImpl@4b40b27a, cost 2924.417us
2021-07-27 03:54:08,820 [RatisPipelineUtilsThread - 0] INFO  pipeline.PipelineManagerV2Impl (PipelineManagerV2Impl.java:recordMetricsForPipeline(614)) - Pipeline: PipelineID=ab9f9cd0-2e03-48bf-8806-eb5a9ecd428e contains same datanodes as previous pipelines: PipelineID=54888f83-3517-4db5-8917-0ded3d8106bd nodeIds: a8e533e5-40e7-4f21-b2bc-3ac63ac938bf, b696075b-dbd5-4684-809e-56516b71197a, b95eb893-7480-4c40-af1e-675e082ede40
2021-07-27 03:54:09,793 [Listener at 127.0.0.1/13336] INFO  ozone.MiniOzoneClusterImpl (MiniOzoneClusterImpl.java:lambda$waitForClusterToBeReady$0(235)) - Nodes are ready. Got 3 of 3 DN Heartbeats.
2021-07-27 03:54:09,793 [Listener at 127.0.0.1/13336] INFO  ozone.MiniOzoneClusterImpl (MiniOzoneClusterImpl.java:lambda$waitForClusterToBeReady$0(238)) - Waiting for cluster to exit safe mode
2021-07-27 03:54:09,793 [Listener at 127.0.0.1/13336] INFO  ozone.MiniOzoneClusterImpl (MiniOzoneClusterImpl.java:lambda$waitForClusterToBeReady$0(240)) - SCM became leader
2021-07-27 03:54:10,795 [Listener at 127.0.0.1/13336] INFO  ozone.MiniOzoneClusterImpl (MiniOzoneClusterImpl.java:lambda$waitForClusterToBeReady$0(235)) - Nodes are ready. Got 3 of 3 DN Heartbeats.
2021-07-27 03:54:10,795 [Listener at 127.0.0.1/13336] INFO  ozone.MiniOzoneClusterImpl (MiniOzoneClusterImpl.java:lambda$waitForClusterToBeReady$0(238)) - Waiting for cluster to exit safe mode
2021-07-27 03:54:10,795 [Listener at 127.0.0.1/13336] INFO  ozone.MiniOzoneClusterImpl (MiniOzoneClusterImpl.java:lambda$waitForClusterToBeReady$0(240)) - SCM became leader
2021-07-27 03:54:11,319 [Command processor thread] INFO  server.RaftServer (RaftServerProxy.java:addNew(95)) - b696075b-dbd5-4684-809e-56516b71197a: addNew group-4B928317D1BC:[b696075b-dbd5-4684-809e-56516b71197a|rpc:127.0.0.1:38127|priority:1] returns group-4B928317D1BC:java.util.concurrent.CompletableFuture@35bb0f51[Not completed]
2021-07-27 03:54:11,340 [pool-101-thread-1] INFO  server.RaftServer$Division (RaftServerImpl.java:<init>(181)) - b696075b-dbd5-4684-809e-56516b71197a: new RaftServerImpl for group-4B928317D1BC:[b696075b-dbd5-4684-809e-56516b71197a|rpc:127.0.0.1:38127|priority:1] with ContainerStateMachine:uninitialized
2021-07-27 03:54:11,341 [pool-101-thread-1] INFO  server.RaftServerConfigKeys (ConfUtils.java:logGet(44)) - raft.server.rpc.timeout.min = 5s (custom)
2021-07-27 03:54:11,342 [pool-101-thread-1] INFO  server.RaftServerConfigKeys (ConfUtils.java:logGet(44)) - raft.server.rpc.timeout.max = 5200ms (custom)
2021-07-27 03:54:11,342 [pool-101-thread-1] INFO  server.RaftServerConfigKeys (ConfUtils.java:logGet(44)) - raft.server.rpc.sleep.time = 25ms (default)
2021-07-27 03:54:11,342 [pool-101-thread-1] INFO  server.RaftServerConfigKeys (ConfUtils.java:logGet(44)) - raft.server.rpc.slowness.timeout = 300s (custom)
2021-07-27 03:54:11,342 [pool-101-thread-1] INFO  server.RaftServerConfigKeys (ConfUtils.java:logGet(44)) - raft.server.leaderelection.leader.step-down.wait-time = 10s (default)
2021-07-27 03:54:11,342 [pool-101-thread-1] INFO  server.RaftServerConfigKeys (ConfUtils.java:logGet(44)) - raft.server.sleep.deviation.threshold = 300ms (default)
2021-07-27 03:54:11,342 [pool-101-thread-1] INFO  server.RaftServerConfigKeys (ConfUtils.java:logGet(44)) - raft.server.log.appender.install.snapshot.enabled = false (custom)
2021-07-27 03:54:11,342 [pool-101-thread-1] INFO  server.RaftServer$Division (ServerState.java:<init>(105)) - b696075b-dbd5-4684-809e-56516b71197a@group-4B928317D1BC: ConfigurationManager, init=-1: [b696075b-dbd5-4684-809e-56516b71197a|rpc:127.0.0.1:38127|priority:1], old=null, confs=<EMPTY_MAP>
2021-07-27 03:54:11,342 [pool-101-thread-1] INFO  server.RaftServerConfigKeys (ConfUtils.java:logGet(44)) - raft.server.storage.dir = [/home/runner/work/ozone/ozone/mnt/ozone/hadoop-ozone/integration-test/target/test-dir/MiniOzoneClusterImpl-b10bafd4-cc06-4e81-8a2f-dfe27fd2d808/datanode-0/data/ratis] (custom)
2021-07-27 03:54:11,342 [pool-101-thread-1] INFO  server.RaftServerConfigKeys (ConfUtils.java:logGet(44)) - raft.server.log.corruption.policy = EXCEPTION (default)
2021-07-27 03:54:11,343 [pool-101-thread-1] INFO  server.RaftServerConfigKeys (ConfUtils.java:logGet(44)) - raft.server.storage.free-space.min = 0MB (=0) (default)
2021-07-27 03:54:11,343 [pool-101-thread-1] INFO  storage.RaftStorageDirectory (RaftStorageDirectoryImpl.java:analyzeStorage(135)) - The storage directory /home/runner/work/ozone/ozone/mnt/ozone/hadoop-ozone/integration-test/target/test-dir/MiniOzoneClusterImpl-b10bafd4-cc06-4e81-8a2f-dfe27fd2d808/datanode-0/data/ratis/08755523-7b8a-40db-9773-4b928317d1bc does not exist. Creating ...
2021-07-27 03:54:11,344 [pool-101-thread-1] INFO  storage.RaftStorageDirectory (RaftStorageDirectoryImpl.java:tryLock(230)) - Lock on /home/runner/work/ozone/ozone/mnt/ozone/hadoop-ozone/integration-test/target/test-dir/MiniOzoneClusterImpl-b10bafd4-cc06-4e81-8a2f-dfe27fd2d808/datanode-0/data/ratis/08755523-7b8a-40db-9773-4b928317d1bc/in_use.lock acquired by nodename 18840@fv-az148-176
2021-07-27 03:54:11,346 [pool-101-thread-1] INFO  storage.RaftStorage (RaftStorageImpl.java:format(89)) - Storage directory /home/runner/work/ozone/ozone/mnt/ozone/hadoop-ozone/integration-test/target/test-dir/MiniOzoneClusterImpl-b10bafd4-cc06-4e81-8a2f-dfe27fd2d808/datanode-0/data/ratis/08755523-7b8a-40db-9773-4b928317d1bc has been successfully formatted.
2021-07-27 03:54:11,350 [pool-101-thread-1] INFO  ratis.ContainerStateMachine (ContainerStateMachine.java:loadSnapshot(223)) - group-4B928317D1BC: The snapshot info is null. Setting the last applied indexto:(t:0, i:~)
2021-07-27 03:54:11,350 [pool-101-thread-1] INFO  server.RaftServerConfigKeys (ConfUtils.java:logGet(44)) - raft.server.notification.no-leader.timeout = 300s (custom)
2021-07-27 03:54:11,350 [pool-101-thread-1] INFO  server.RaftServerConfigKeys (ConfUtils.java:logGet(44)) - raft.server.log.use.memory = false (default)
2021-07-27 03:54:11,350 [pool-101-thread-1] INFO  server.RaftServerConfigKeys (ConfUtils.java:logGet(44)) - raft.server.log.purge.gap = 1000000 (custom)
2021-07-27 03:54:11,350 [pool-101-thread-1] INFO  server.RaftServerConfigKeys (ConfUtils.java:logGet(44)) - raft.server.log.appender.buffer.byte-limit = 33554432 (custom)
2021-07-27 03:54:11,351 [pool-101-thread-1] INFO  server.RaftServerConfigKeys (ConfUtils.java:logGet(44)) - raft.server.log.segment.size.max = 1048576 (custom)
2021-07-27 03:54:11,351 [pool-101-thread-1] INFO  server.RaftServerConfigKeys (ConfUtils.java:logGet(44)) - raft.server.log.segment.cache.num.max = 2 (custom)
2021-07-27 03:54:11,351 [pool-101-thread-1] INFO  server.RaftServerConfigKeys (ConfUtils.java:logGet(44)) - raft.server.log.segment.cache.size.max = 200MB (=209715200) (default)
2021-07-27 03:54:11,351 [pool-101-thread-1] INFO  segmented.SegmentedRaftLogWorker (SegmentedRaftLogWorker.java:<init>(182)) - new b696075b-dbd5-4684-809e-56516b71197a@group-4B928317D1BC-SegmentedRaftLogWorker for RaftStorageImpl:Storage Directory /home/runner/work/ozone/ozone/mnt/ozone/hadoop-ozone/integration-test/target/test-dir/MiniOzoneClusterImpl-b10bafd4-cc06-4e81-8a2f-dfe27fd2d808/datanode-0/data/ratis/08755523-7b8a-40db-9773-4b928317d1bc
2021-07-27 03:54:11,352 [pool-101-thread-1] INFO  server.RaftServerConfigKeys (ConfUtils.java:logGet(44)) - raft.server.log.queue.byte-limit = 2147483647 (custom)
2021-07-27 03:54:11,352 [pool-101-thread-1] INFO  server.RaftServerConfigKeys (ConfUtils.java:logGet(44)) - raft.server.log.queue.element-limit = 1024 (custom)
2021-07-27 03:54:11,352 [pool-101-thread-1] INFO  server.RaftServerConfigKeys (ConfUtils.java:logGet(44)) - raft.server.log.segment.size.max = 1048576 (custom)
2021-07-27 03:54:11,352 [pool-101-thread-1] INFO  server.RaftServerConfigKeys (ConfUtils.java:logGet(44)) - raft.server.log.preallocated.size = 16384 (custom)
2021-07-27 03:54:11,352 [pool-101-thread-1] INFO  server.RaftServerConfigKeys (ConfUtils.java:logGet(44)) - raft.server.log.force.sync.num = 128 (default)
2021-07-27 03:54:11,352 [pool-101-thread-1] INFO  server.RaftServerConfigKeys (ConfUtils.java:logGet(44)) - raft.server.log.statemachine.data.sync = true (default)
2021-07-27 03:54:11,352 [pool-101-thread-1] INFO  server.RaftServerConfigKeys (ConfUtils.java:logGet(44)) - raft.server.log.statemachine.data.sync.timeout = 10s (default)
2021-07-27 03:54:11,352 [pool-101-thread-1] INFO  server.RaftServerConfigKeys (ConfUtils.java:logGet(44)) - raft.server.log.statemachine.data.sync.timeout.retry = -1 (default)
2021-07-27 03:54:11,353 [pool-101-thread-1] INFO  server.RaftServerConfigKeys (ConfUtils.java:logGet(44)) - raft.server.log.write.buffer.size = 1048576 (custom)
2021-07-27 03:54:11,353 [pool-101-thread-1] INFO  server.RaftServerConfigKeys (ConfUtils.java:logGet(44)) - raft.server.log.statemachine.data.caching.enabled = true (custom)
2021-07-27 03:54:11,353 [pool-101-thread-1] INFO  segmented.SegmentedRaftLogWorker (SegmentedRaftLogWorker.java:lambda$new$0(133)) - b696075b-dbd5-4684-809e-56516b71197a@group-4B928317D1BC-SegmentedRaftLogWorker: flushIndex: setUnconditionally 0 -> -1
2021-07-27 03:54:11,353 [pool-101-thread-1] INFO  segmented.SegmentedRaftLogWorker (SegmentedRaftLogWorker.java:lambda$new$0(133)) - b696075b-dbd5-4684-809e-56516b71197a@group-4B928317D1BC-SegmentedRaftLogWorker: safeCacheEvictIndex: setUnconditionally 0 -> -1
2021-07-27 03:54:11,357 [pool-101-thread-1] INFO  server.RaftServerConfigKeys (ConfUtils.java:logGet(44)) - raft.server.snapshot.auto.trigger.enabled = true (custom)
2021-07-27 03:54:11,357 [pool-101-thread-1] INFO  server.RaftServerConfigKeys (ConfUtils.java:logGet(44)) - raft.server.snapshot.auto.trigger.threshold = 10000 (custom)
2021-07-27 03:54:11,357 [pool-101-thread-1] INFO  server.RaftServerConfigKeys (ConfUtils.java:logGet(44)) - raft.server.snapshot.retention.file.num = 5 (custom)
2021-07-27 03:54:11,357 [pool-101-thread-1] INFO  server.RaftServerConfigKeys (ConfUtils.java:logGet(44)) - raft.server.log.purge.upto.snapshot.index = false (default)
2021-07-27 03:54:11,357 [pool-101-thread-1] INFO  server.RaftServerConfigKeys (ConfUtils.java:logGet(44)) - raft.server.retrycache.expirytime = 600000ms (custom)
2021-07-27 03:54:11,357 [pool-101-thread-1] INFO  server.RaftServerConfigKeys (ConfUtils.java:logGet(44)) - raft.server.retrycache.statistics.expirytime = 100μs (default)
2021-07-27 03:54:11,365 [EventQueue-PipelineReportForPipelineReportHandler] INFO  pipeline.PipelineManagerV2Impl (PipelineManagerV2Impl.java:openPipeline(283)) - Pipeline Pipeline[ Id: 08755523-7b8a-40db-9773-4b928317d1bc, Nodes: b696075b-dbd5-4684-809e-56516b71197a{ip: 127.0.0.1, host: localhost, ports: [REPLICATION=36473, RATIS=38127, RATIS_ADMIN=38127, RATIS_SERVER=38127, STANDALONE=44549], networkLocation: /default-rack, certSerialId: null, persistedOpState: IN_SERVICE, persistedOpStateExpiryEpochSec: 0}, ReplicationConfig: RATIS/ONE, State:ALLOCATED, leaderId:b696075b-dbd5-4684-809e-56516b71197a, CreationTimestamp2021-07-27T03:54:08.420Z[Etc/UTC]] moved to OPEN state
2021-07-27 03:54:11,373 [pool-101-thread-1] INFO  server.RaftServer$Division (RaftServerImpl.java:start(296)) - b696075b-dbd5-4684-809e-56516b71197a@group-4B928317D1BC: start as a follower, conf=-1: [b696075b-dbd5-4684-809e-56516b71197a|rpc:127.0.0.1:38127|priority:1], old=null
2021-07-27 03:54:11,373 [pool-101-thread-1] INFO  server.RaftServer$Division (RaftServerImpl.java:setRole(285)) - b696075b-dbd5-4684-809e-56516b71197a@group-4B928317D1BC: changes role from      null to FOLLOWER at term 0 for startAsFollower
2021-07-27 03:54:11,374 [pool-101-thread-1] INFO  impl.RoleInfo (RoleInfo.java:updateAndGet(130)) - b696075b-dbd5-4684-809e-56516b71197a: start b696075b-dbd5-4684-809e-56516b71197a@group-4B928317D1BC-FollowerState
2021-07-27 03:54:11,376 [4a006e23-4982-42e1-b4c7-2415bb8d98a0@group-DFE27FD2D808-StateMachineUpdater] INFO  safemode.HealthyPipelineSafeModeRule (HealthyPipelineSafeModeRule.java:initializeRule(152)) - Refreshed total pipeline count is 0, healthy pipeline threshold count is 1
2021-07-27 03:54:11,376 [EventQueue-PipelineReportForPipelineReportHandler] INFO  ha.SCMHAInvocationHandler (SCMHAInvocationHandler.java:invokeRatis(113)) - Invoking method public abstract void org.apache.hadoop.hdds.scm.pipeline.StateManager.updatePipelineState(org.apache.hadoop.hdds.protocol.proto.HddsProtos$PipelineID,org.apache.hadoop.hdds.protocol.proto.HddsProtos$PipelineState) throws java.io.IOException on target org.apache.hadoop.hdds.scm.ha.SCMRatisServerImpl@4b40b27a, cost 10639.125us
2021-07-27 03:54:11,382 [pool-101-thread-1] INFO  util.JmxRegister (JmxRegister.java:tryRegister(44)) - Successfully registered JMX Bean with object name Ratis:service=RaftServer,group=group-4B928317D1BC,id=b696075b-dbd5-4684-809e-56516b71197a
2021-07-27 03:54:11,386 [EventQueue-OpenPipelineForHealthyPipelineSafeModeRule] INFO  safemode.SCMSafeModeManager (HealthyPipelineSafeModeRule.java:process(124)) - SCM in safe mode. Healthy pipelines reported count is 0, required healthy pipeline reported count is 1
2021-07-27 03:54:11,392 [Command processor thread] INFO  ratis.XceiverServerRatis (XceiverServerRatis.java:addGroup(759)) - Created group PipelineID=08755523-7b8a-40db-9773-4b928317d1bc
2021-07-27 03:54:11,393 [Command processor thread] INFO  commandhandler.CreatePipelineCommandHandler (CreatePipelineCommandHandler.java:handle(106)) - Created Pipeline RATIS ONE PipelineID=08755523-7b8a-40db-9773-4b928317d1bc.
2021-07-27 03:54:11,393 [Command processor thread] INFO  server.RaftServer (RaftServerProxy.java:addNew(95)) - b696075b-dbd5-4684-809e-56516b71197a: addNew group-0DED3D8106BD:[a8e533e5-40e7-4f21-b2bc-3ac63ac938bf|rpc:127.0.0.1:46277|priority:0, b95eb893-7480-4c40-af1e-675e082ede40|rpc:127.0.0.1:39359|priority:1, b696075b-dbd5-4684-809e-56516b71197a|rpc:127.0.0.1:38127|priority:0] returns group-0DED3D8106BD:java.util.concurrent.CompletableFuture@18ef7aad[Not completed]
2021-07-27 03:54:11,394 [pool-101-thread-1] INFO  server.RaftServer$Division (RaftServerImpl.java:<init>(181)) - b696075b-dbd5-4684-809e-56516b71197a: new RaftServerImpl for group-0DED3D8106BD:[a8e533e5-40e7-4f21-b2bc-3ac63ac938bf|rpc:127.0.0.1:46277|priority:0, b95eb893-7480-4c40-af1e-675e082ede40|rpc:127.0.0.1:39359|priority:1, b696075b-dbd5-4684-809e-56516b71197a|rpc:127.0.0.1:38127|priority:0] with ContainerStateMachine:uninitialized
2021-07-27 03:54:11,394 [pool-101-thread-1] INFO  server.RaftServerConfigKeys (ConfUtils.java:logGet(44)) - raft.server.rpc.timeout.min = 5s (custom)
2021-07-27 03:54:11,395 [pool-101-thread-1] INFO  server.RaftServerConfigKeys (ConfUtils.java:logGet(44)) - raft.server.rpc.timeout.max = 5200ms (custom)
2021-07-27 03:54:11,395 [pool-101-thread-1] INFO  server.RaftServerConfigKeys (ConfUtils.java:logGet(44)) - raft.server.rpc.sleep.time = 25ms (default)
2021-07-27 03:54:11,395 [pool-101-thread-1] INFO  server.RaftServerConfigKeys (ConfUtils.java:logGet(44)) - raft.server.rpc.slowness.timeout = 300s (custom)
2021-07-27 03:54:11,395 [pool-101-thread-1] INFO  server.RaftServerConfigKeys (ConfUtils.java:logGet(44)) - raft.server.leaderelection.leader.step-down.wait-time = 10s (default)
2021-07-27 03:54:11,395 [pool-101-thread-1] INFO  server.RaftServerConfigKeys (ConfUtils.java:logGet(44)) - raft.server.sleep.deviation.threshold = 300ms (default)
2021-07-27 03:54:11,395 [pool-101-thread-1] INFO  server.RaftServerConfigKeys (ConfUtils.java:logGet(44)) - raft.server.log.appender.install.snapshot.enabled = false (custom)
2021-07-27 03:54:11,395 [pool-101-thread-1] INFO  server.RaftServer$Division (ServerState.java:<init>(105)) - b696075b-dbd5-4684-809e-56516b71197a@group-0DED3D8106BD: ConfigurationManager, init=-1: [a8e533e5-40e7-4f21-b2bc-3ac63ac938bf|rpc:127.0.0.1:46277|priority:0, b95eb893-7480-4c40-af1e-675e082ede40|rpc:127.0.0.1:39359|priority:1, b696075b-dbd5-4684-809e-56516b71197a|rpc:127.0.0.1:38127|priority:0], old=null, confs=<EMPTY_MAP>
2021-07-27 03:54:11,395 [pool-101-thread-1] INFO  server.RaftServerConfigKeys (ConfUtils.java:logGet(44)) - raft.server.storage.dir = [/home/runner/work/ozone/ozone/mnt/ozone/hadoop-ozone/integration-test/target/test-dir/MiniOzoneClusterImpl-b10bafd4-cc06-4e81-8a2f-dfe27fd2d808/datanode-0/data/ratis] (custom)
2021-07-27 03:54:11,395 [pool-101-thread-1] INFO  server.RaftServerConfigKeys (ConfUtils.java:logGet(44)) - raft.server.log.corruption.policy = EXCEPTION (default)
2021-07-27 03:54:11,395 [pool-101-thread-1] INFO  server.RaftServerConfigKeys (ConfUtils.java:logGet(44)) - raft.server.storage.free-space.min = 0MB (=0) (default)
2021-07-27 03:54:11,396 [pool-101-thread-1] INFO  storage.RaftStorageDirectory (RaftStorageDirectoryImpl.java:analyzeStorage(135)) - The storage directory /home/runner/work/ozone/ozone/mnt/ozone/hadoop-ozone/integration-test/target/test-dir/MiniOzoneClusterImpl-b10bafd4-cc06-4e81-8a2f-dfe27fd2d808/datanode-0/data/ratis/54888f83-3517-4db5-8917-0ded3d8106bd does not exist. Creating ...
2021-07-27 03:54:11,397 [pool-101-thread-1] INFO  storage.RaftStorageDirectory (RaftStorageDirectoryImpl.java:tryLock(230)) - Lock on /home/runner/work/ozone/ozone/mnt/ozone/hadoop-ozone/integration-test/target/test-dir/MiniOzoneClusterImpl-b10bafd4-cc06-4e81-8a2f-dfe27fd2d808/datanode-0/data/ratis/54888f83-3517-4db5-8917-0ded3d8106bd/in_use.lock acquired by nodename 18840@fv-az148-176
2021-07-27 03:54:11,399 [pool-101-thread-1] INFO  storage.RaftStorage (RaftStorageImpl.java:format(89)) - Storage directory /home/runner/work/ozone/ozone/mnt/ozone/hadoop-ozone/integration-test/target/test-dir/MiniOzoneClusterImpl-b10bafd4-cc06-4e81-8a2f-dfe27fd2d808/datanode-0/data/ratis/54888f83-3517-4db5-8917-0ded3d8106bd has been successfully formatted.
2021-07-27 03:54:11,400 [pool-101-thread-1] INFO  ratis.ContainerStateMachine (ContainerStateMachine.java:loadSnapshot(223)) - group-0DED3D8106BD: The snapshot info is null. Setting the last applied indexto:(t:0, i:~)
2021-07-27 03:54:11,400 [pool-101-thread-1] INFO  server.RaftServerConfigKeys (ConfUtils.java:logGet(44)) - raft.server.notification.no-leader.timeout = 300s (custom)
2021-07-27 03:54:11,400 [pool-101-thread-1] INFO  server.RaftServerConfigKeys (ConfUtils.java:logGet(44)) - raft.server.log.use.memory = false (default)
2021-07-27 03:54:11,400 [pool-101-thread-1] INFO  server.RaftServerConfigKeys (ConfUtils.java:logGet(44)) - raft.server.log.purge.gap = 1000000 (custom)
2021-07-27 03:54:11,400 [pool-101-thread-1] INFO  server.RaftServerConfigKeys (ConfUtils.java:logGet(44)) - raft.server.log.appender.buffer.byte-limit = 33554432 (custom)
2021-07-27 03:54:11,401 [pool-101-thread-1] INFO  server.RaftServerConfigKeys (ConfUtils.java:logGet(44)) - raft.server.log.segment.size.max = 1048576 (custom)
2021-07-27 03:54:11,402 [pool-101-thread-1] INFO  server.RaftServerConfigKeys (ConfUtils.java:logGet(44)) - raft.server.log.segment.cache.num.max = 2 (custom)
2021-07-27 03:54:11,402 [pool-101-thread-1] INFO  server.RaftServerConfigKeys (ConfUtils.java:logGet(44)) - raft.server.log.segment.cache.size.max = 200MB (=209715200) (default)
2021-07-27 03:54:11,402 [pool-101-thread-1] INFO  segmented.SegmentedRaftLogWorker (SegmentedRaftLogWorker.java:<init>(182)) - new b696075b-dbd5-4684-809e-56516b71197a@group-0DED3D8106BD-SegmentedRaftLogWorker for RaftStorageImpl:Storage Directory /home/runner/work/ozone/ozone/mnt/ozone/hadoop-ozone/integration-test/target/test-dir/MiniOzoneClusterImpl-b10bafd4-cc06-4e81-8a2f-dfe27fd2d808/datanode-0/data/ratis/54888f83-3517-4db5-8917-0ded3d8106bd
2021-07-27 03:54:11,402 [pool-101-thread-1] INFO  server.RaftServerConfigKeys (ConfUtils.java:logGet(44)) - raft.server.log.queue.byte-limit = 2147483647 (custom)
2021-07-27 03:54:11,402 [pool-101-thread-1] INFO  server.RaftServerConfigKeys (ConfUtils.java:logGet(44)) - raft.server.log.queue.element-limit = 1024 (custom)
2021-07-27 03:54:11,402 [EventQueue-OpenPipelineForHealthyPipelineSafeModeRule] INFO  safemode.SCMSafeModeManager (HealthyPipelineSafeModeRule.java:process(124)) - SCM in safe mode. Healthy pipelines reported count is 0, required healthy pipeline reported count is 1
2021-07-27 03:54:11,402 [pool-101-thread-1] INFO  server.RaftServerConfigKeys (ConfUtils.java:logGet(44)) - raft.server.log.segment.size.max = 1048576 (custom)
2021-07-27 03:54:11,403 [pool-101-thread-1] INFO  server.RaftServerConfigKeys (ConfUtils.java:logGet(44)) - raft.server.log.preallocated.size = 16384 (custom)
2021-07-27 03:54:11,403 [pool-101-thread-1] INFO  server.RaftServerConfigKeys (ConfUtils.java:logGet(44)) - raft.server.log.force.sync.num = 128 (default)
2021-07-27 03:54:11,403 [pool-101-thread-1] INFO  server.RaftServerConfigKeys (ConfUtils.java:logGet(44)) - raft.server.log.statemachine.data.sync = true (default)
2021-07-27 03:54:11,403 [pool-101-thread-1] INFO  server.RaftServerConfigKeys (ConfUtils.java:logGet(44)) - raft.server.log.statemachine.data.sync.timeout = 10s (default)
2021-07-27 03:54:11,403 [pool-101-thread-1] INFO  server.RaftServerConfigKeys (ConfUtils.java:logGet(44)) - raft.server.log.statemachine.data.sync.timeout.retry = -1 (default)
2021-07-27 03:54:11,405 [pool-101-thread-1] INFO  server.RaftServerConfigKeys (ConfUtils.java:logGet(44)) - raft.server.log.write.buffer.size = 1048576 (custom)
2021-07-27 03:54:11,407 [pool-101-thread-1] INFO  server.RaftServerConfigKeys (ConfUtils.java:logGet(44)) - raft.server.log.statemachine.data.caching.enabled = true (custom)
2021-07-27 03:54:11,407 [pool-101-thread-1] INFO  segmented.SegmentedRaftLogWorker (SegmentedRaftLogWorker.java:lambda$new$0(133)) - b696075b-dbd5-4684-809e-56516b71197a@group-0DED3D8106BD-SegmentedRaftLogWorker: flushIndex: setUnconditionally 0 -> -1
2021-07-27 03:54:11,407 [pool-101-thread-1] INFO  segmented.SegmentedRaftLogWorker (SegmentedRaftLogWorker.java:lambda$new$0(133)) - b696075b-dbd5-4684-809e-56516b71197a@group-0DED3D8106BD-SegmentedRaftLogWorker: safeCacheEvictIndex: setUnconditionally 0 -> -1
2021-07-27 03:54:11,414 [pool-101-thread-1] INFO  server.RaftServerConfigKeys (ConfUtils.java:logGet(44)) - raft.server.snapshot.auto.trigger.enabled = true (custom)
2021-07-27 03:54:11,414 [pool-101-thread-1] INFO  server.RaftServerConfigKeys (ConfUtils.java:logGet(44)) - raft.server.snapshot.auto.trigger.threshold = 10000 (custom)
2021-07-27 03:54:11,414 [pool-101-thread-1] INFO  server.RaftServerConfigKeys (ConfUtils.java:logGet(44)) - raft.server.snapshot.retention.file.num = 5 (custom)
2021-07-27 03:54:11,414 [pool-101-thread-1] INFO  server.RaftServerConfigKeys (ConfUtils.java:logGet(44)) - raft.server.log.purge.upto.snapshot.index = false (default)
2021-07-27 03:54:11,414 [pool-101-thread-1] INFO  server.RaftServerConfigKeys (ConfUtils.java:logGet(44)) - raft.server.retrycache.expirytime = 600000ms (custom)
2021-07-27 03:54:11,415 [pool-101-thread-1] INFO  server.RaftServerConfigKeys (ConfUtils.java:logGet(44)) - raft.server.retrycache.statistics.expirytime = 100μs (default)
2021-07-27 03:54:11,416 [pool-101-thread-1] INFO  server.RaftServer$Division (RaftServerImpl.java:start(296)) - b696075b-dbd5-4684-809e-56516b71197a@group-0DED3D8106BD: start as a follower, conf=-1: [a8e533e5-40e7-4f21-b2bc-3ac63ac938bf|rpc:127.0.0.1:46277|priority:0, b95eb893-7480-4c40-af1e-675e082ede40|rpc:127.0.0.1:39359|priority:1, b696075b-dbd5-4684-809e-56516b71197a|rpc:127.0.0.1:38127|priority:0], old=null
2021-07-27 03:54:11,418 [pool-101-thread-1] INFO  server.RaftServer$Division (RaftServerImpl.java:setRole(285)) - b696075b-dbd5-4684-809e-56516b71197a@group-0DED3D8106BD: changes role from      null to FOLLOWER at term 0 for startAsFollower
2021-07-27 03:54:11,418 [pool-101-thread-1] INFO  impl.RoleInfo (RoleInfo.java:updateAndGet(130)) - b696075b-dbd5-4684-809e-56516b71197a: start b696075b-dbd5-4684-809e-56516b71197a@group-0DED3D8106BD-FollowerState
2021-07-27 03:54:11,418 [pool-101-thread-1] INFO  util.JmxRegister (JmxRegister.java:tryRegister(44)) - Successfully registered JMX Bean with object name Ratis:service=RaftServer,group=group-0DED3D8106BD,id=b696075b-dbd5-4684-809e-56516b71197a
2021-07-27 03:54:11,419 [Command processor thread] INFO  ratis.XceiverServerRatis (XceiverServerRatis.java:addGroup(759)) - Created group PipelineID=54888f83-3517-4db5-8917-0ded3d8106bd
2021-07-27 03:54:11,493 [grpc-default-executor-0] INFO  server.RaftServer (RaftServerProxy.java:addNew(95)) - a8e533e5-40e7-4f21-b2bc-3ac63ac938bf: addNew group-0DED3D8106BD:[a8e533e5-40e7-4f21-b2bc-3ac63ac938bf|rpc:127.0.0.1:46277|dataStream:|priority:0, b95eb893-7480-4c40-af1e-675e082ede40|rpc:127.0.0.1:39359|dataStream:|priority:1, b696075b-dbd5-4684-809e-56516b71197a|rpc:127.0.0.1:38127|dataStream:|priority:0] returns group-0DED3D8106BD:java.util.concurrent.CompletableFuture@78862fb3[Not completed]
2021-07-27 03:54:11,497 [pool-119-thread-1] INFO  server.RaftServer$Division (RaftServerImpl.java:<init>(181)) - a8e533e5-40e7-4f21-b2bc-3ac63ac938bf: new RaftServerImpl for group-0DED3D8106BD:[a8e533e5-40e7-4f21-b2bc-3ac63ac938bf|rpc:127.0.0.1:46277|dataStream:|priority:0, b95eb893-7480-4c40-af1e-675e082ede40|rpc:127.0.0.1:39359|dataStream:|priority:1, b696075b-dbd5-4684-809e-56516b71197a|rpc:127.0.0.1:38127|dataStream:|priority:0] with ContainerStateMachine:uninitialized
2021-07-27 03:54:11,498 [pool-119-thread-1] INFO  server.RaftServerConfigKeys (ConfUtils.java:logGet(44)) - raft.server.rpc.timeout.min = 5s (custom)
2021-07-27 03:54:11,498 [pool-119-thread-1] INFO  server.RaftServerConfigKeys (ConfUtils.java:logGet(44)) - raft.server.rpc.timeout.max = 5200ms (custom)
2021-07-27 03:54:11,499 [pool-119-thread-1] INFO  server.RaftServerConfigKeys (ConfUtils.java:logGet(44)) - raft.server.rpc.sleep.time = 25ms (default)
2021-07-27 03:54:11,499 [pool-119-thread-1] INFO  server.RaftServerConfigKeys (ConfUtils.java:logGet(44)) - raft.server.rpc.slowness.timeout = 300s (custom)
2021-07-27 03:54:11,499 [pool-119-thread-1] INFO  server.RaftServerConfigKeys (ConfUtils.java:logGet(44)) - raft.server.leaderelection.leader.step-down.wait-time = 10s (default)
2021-07-27 03:54:11,499 [pool-119-thread-1] INFO  server.RaftServerConfigKeys (ConfUtils.java:logGet(44)) - raft.server.sleep.deviation.threshold = 300ms (default)
2021-07-27 03:54:11,499 [pool-119-thread-1] INFO  server.RaftServerConfigKeys (ConfUtils.java:logGet(44)) - raft.server.log.appender.install.snapshot.enabled = false (custom)
2021-07-27 03:54:11,500 [pool-119-thread-1] INFO  server.RaftServer$Division (ServerState.java:<init>(105)) - a8e533e5-40e7-4f21-b2bc-3ac63ac938bf@group-0DED3D8106BD: ConfigurationManager, init=-1: [a8e533e5-40e7-4f21-b2bc-3ac63ac938bf|rpc:127.0.0.1:46277|dataStream:|priority:0, b95eb893-7480-4c40-af1e-675e082ede40|rpc:127.0.0.1:39359|dataStream:|priority:1, b696075b-dbd5-4684-809e-56516b71197a|rpc:127.0.0.1:38127|dataStream:|priority:0], old=null, confs=<EMPTY_MAP>
2021-07-27 03:54:11,500 [pool-119-thread-1] INFO  server.RaftServerConfigKeys (ConfUtils.java:logGet(44)) - raft.server.storage.dir = [/home/runner/work/ozone/ozone/mnt/ozone/hadoop-ozone/integration-test/target/test-dir/MiniOzoneClusterImpl-b10bafd4-cc06-4e81-8a2f-dfe27fd2d808/datanode-1/data/ratis] (custom)
2021-07-27 03:54:11,500 [pool-119-thread-1] INFO  server.RaftServerConfigKeys (ConfUtils.java:logGet(44)) - raft.server.log.corruption.policy = EXCEPTION (default)
2021-07-27 03:54:11,500 [pool-119-thread-1] INFO  server.RaftServerConfigKeys (ConfUtils.java:logGet(44)) - raft.server.storage.free-space.min = 0MB (=0) (default)
2021-07-27 03:54:11,500 [pool-119-thread-1] INFO  storage.RaftStorageDirectory (RaftStorageDirectoryImpl.java:analyzeStorage(135)) - The storage directory /home/runner/work/ozone/ozone/mnt/ozone/hadoop-ozone/integration-test/target/test-dir/MiniOzoneClusterImpl-b10bafd4-cc06-4e81-8a2f-dfe27fd2d808/datanode-1/data/ratis/54888f83-3517-4db5-8917-0ded3d8106bd does not exist. Creating ...
2021-07-27 03:54:11,508 [pool-119-thread-1] INFO  storage.RaftStorageDirectory (RaftStorageDirectoryImpl.java:tryLock(230)) - Lock on /home/runner/work/ozone/ozone/mnt/ozone/hadoop-ozone/integration-test/target/test-dir/MiniOzoneClusterImpl-b10bafd4-cc06-4e81-8a2f-dfe27fd2d808/datanode-1/data/ratis/54888f83-3517-4db5-8917-0ded3d8106bd/in_use.lock acquired by nodename 18840@fv-az148-176
2021-07-27 03:54:11,509 [pool-119-thread-1] INFO  storage.RaftStorage (RaftStorageImpl.java:format(89)) - Storage directory /home/runner/work/ozone/ozone/mnt/ozone/hadoop-ozone/integration-test/target/test-dir/MiniOzoneClusterImpl-b10bafd4-cc06-4e81-8a2f-dfe27fd2d808/datanode-1/data/ratis/54888f83-3517-4db5-8917-0ded3d8106bd has been successfully formatted.
2021-07-27 03:54:11,512 [Datanode State Machine Thread - 0] WARN  statemachine.StateContext (StateContext.java:execute(621)) - No available thread in pool for past 1 seconds.
2021-07-27 03:54:11,511 [pool-119-thread-1] INFO  ratis.ContainerStateMachine (ContainerStateMachine.java:loadSnapshot(223)) - group-0DED3D8106BD: The snapshot info is null. Setting the last applied indexto:(t:0, i:~)
2021-07-27 03:54:11,513 [pool-119-thread-1] INFO  server.RaftServerConfigKeys (ConfUtils.java:logGet(44)) - raft.server.notification.no-leader.timeout = 300s (custom)
2021-07-27 03:54:11,513 [pool-119-thread-1] INFO  server.RaftServerConfigKeys (ConfUtils.java:logGet(44)) - raft.server.log.use.memory = false (default)
2021-07-27 03:54:11,514 [pool-119-thread-1] INFO  server.RaftServerConfigKeys (ConfUtils.java:logGet(44)) - raft.server.log.purge.gap = 1000000 (custom)
2021-07-27 03:54:11,514 [pool-119-thread-1] INFO  server.RaftServerConfigKeys (ConfUtils.java:logGet(44)) - raft.server.log.appender.buffer.byte-limit = 33554432 (custom)
2021-07-27 03:54:11,519 [pool-119-thread-1] INFO  server.RaftServerConfigKeys (ConfUtils.java:logGet(44)) - raft.server.log.segment.size.max = 1048576 (custom)
2021-07-27 03:54:11,520 [pool-119-thread-1] INFO  server.RaftServerConfigKeys (ConfUtils.java:logGet(44)) - raft.server.log.segment.cache.num.max = 2 (custom)
2021-07-27 03:54:11,520 [pool-119-thread-1] INFO  server.RaftServerConfigKeys (ConfUtils.java:logGet(44)) - raft.server.log.segment.cache.size.max = 200MB (=209715200) (default)
2021-07-27 03:54:11,520 [pool-119-thread-1] INFO  segmented.SegmentedRaftLogWorker (SegmentedRaftLogWorker.java:<init>(182)) - new a8e533e5-40e7-4f21-b2bc-3ac63ac938bf@group-0DED3D8106BD-SegmentedRaftLogWorker for RaftStorageImpl:Storage Directory /home/runner/work/ozone/ozone/mnt/ozone/hadoop-ozone/integration-test/target/test-dir/MiniOzoneClusterImpl-b10bafd4-cc06-4e81-8a2f-dfe27fd2d808/datanode-1/data/ratis/54888f83-3517-4db5-8917-0ded3d8106bd
2021-07-27 03:54:11,520 [pool-119-thread-1] INFO  server.RaftServerConfigKeys (ConfUtils.java:logGet(44)) - raft.server.log.queue.byte-limit = 2147483647 (custom)
2021-07-27 03:54:11,520 [pool-119-thread-1] INFO  server.RaftServerConfigKeys (ConfUtils.java:logGet(44)) - raft.server.log.queue.element-limit = 1024 (custom)
2021-07-27 03:54:11,520 [pool-119-thread-1] INFO  server.RaftServerConfigKeys (ConfUtils.java:logGet(44)) - raft.server.log.segment.size.max = 1048576 (custom)
2021-07-27 03:54:11,520 [pool-119-thread-1] INFO  server.RaftServerConfigKeys (ConfUtils.java:logGet(44)) - raft.server.log.preallocated.size = 16384 (custom)
2021-07-27 03:54:11,520 [pool-119-thread-1] INFO  server.RaftServerConfigKeys (ConfUtils.java:logGet(44)) - raft.server.log.force.sync.num = 128 (default)
2021-07-27 03:54:11,520 [pool-119-thread-1] INFO  server.RaftServerConfigKeys (ConfUtils.java:logGet(44)) - raft.server.log.statemachine.data.sync = true (default)
2021-07-27 03:54:11,520 [pool-119-thread-1] INFO  server.RaftServerConfigKeys (ConfUtils.java:logGet(44)) - raft.server.log.statemachine.data.sync.timeout = 10s (default)
2021-07-27 03:54:11,520 [pool-119-thread-1] INFO  server.RaftServerConfigKeys (ConfUtils.java:logGet(44)) - raft.server.log.statemachine.data.sync.timeout.retry = -1 (default)
2021-07-27 03:54:11,521 [pool-119-thread-1] INFO  server.RaftServerConfigKeys (ConfUtils.java:logGet(44)) - raft.server.log.write.buffer.size = 1048576 (custom)
2021-07-27 03:54:11,521 [pool-119-thread-1] INFO  server.RaftServerConfigKeys (ConfUtils.java:logGet(44)) - raft.server.log.statemachine.data.caching.enabled = true (custom)
2021-07-27 03:54:11,522 [pool-119-thread-1] INFO  segmented.SegmentedRaftLogWorker (SegmentedRaftLogWorker.java:lambda$new$0(133)) - a8e533e5-40e7-4f21-b2bc-3ac63ac938bf@group-0DED3D8106BD-SegmentedRaftLogWorker: flushIndex: setUnconditionally 0 -> -1
2021-07-27 03:54:11,522 [pool-119-thread-1] INFO  segmented.SegmentedRaftLogWorker (SegmentedRaftLogWorker.java:lambda$new$0(133)) - a8e533e5-40e7-4f21-b2bc-3ac63ac938bf@group-0DED3D8106BD-SegmentedRaftLogWorker: safeCacheEvictIndex: setUnconditionally 0 -> -1
2021-07-27 03:54:11,526 [pool-119-thread-1] INFO  server.RaftServerConfigKeys (ConfUtils.java:logGet(44)) - raft.server.snapshot.auto.trigger.enabled = true (custom)
2021-07-27 03:54:11,526 [pool-119-thread-1] INFO  server.RaftServerConfigKeys (ConfUtils.java:logGet(44)) - raft.server.snapshot.auto.trigger.threshold = 10000 (custom)
2021-07-27 03:54:11,526 [pool-119-thread-1] INFO  server.RaftServerConfigKeys (ConfUtils.java:logGet(44)) - raft.server.snapshot.retention.file.num = 5 (custom)
2021-07-27 03:54:11,526 [pool-119-thread-1] INFO  server.RaftServerConfigKeys (ConfUtils.java:logGet(44)) - raft.server.log.purge.upto.snapshot.index = false (default)
2021-07-27 03:54:11,529 [pool-119-thread-1] INFO  server.RaftServerConfigKeys (ConfUtils.java:logGet(44)) - raft.server.retrycache.expirytime = 600000ms (custom)
2021-07-27 03:54:11,529 [pool-119-thread-1] INFO  server.RaftServerConfigKeys (ConfUtils.java:logGet(44)) - raft.server.retrycache.statistics.expirytime = 100μs (default)
2021-07-27 03:54:11,530 [pool-119-thread-1] INFO  server.RaftServer$Division (RaftServerImpl.java:start(296)) - a8e533e5-40e7-4f21-b2bc-3ac63ac938bf@group-0DED3D8106BD: start as a follower, conf=-1: [a8e533e5-40e7-4f21-b2bc-3ac63ac938bf|rpc:127.0.0.1:46277|dataStream:|priority:0, b95eb893-7480-4c40-af1e-675e082ede40|rpc:127.0.0.1:39359|dataStream:|priority:1, b696075b-dbd5-4684-809e-56516b71197a|rpc:127.0.0.1:38127|dataStream:|priority:0], old=null
2021-07-27 03:54:11,530 [pool-119-thread-1] INFO  server.RaftServer$Division (RaftServerImpl.java:setRole(285)) - a8e533e5-40e7-4f21-b2bc-3ac63ac938bf@group-0DED3D8106BD: changes role from      null to FOLLOWER at term 0 for startAsFollower
2021-07-27 03:54:11,531 [pool-119-thread-1] INFO  impl.RoleInfo (RoleInfo.java:updateAndGet(130)) - a8e533e5-40e7-4f21-b2bc-3ac63ac938bf: start a8e533e5-40e7-4f21-b2bc-3ac63ac938bf@group-0DED3D8106BD-FollowerState
2021-07-27 03:54:11,531 [pool-119-thread-1] INFO  util.JmxRegister (JmxRegister.java:tryRegister(44)) - Successfully registered JMX Bean with object name Ratis:service=RaftServer,group=group-0DED3D8106BD,id=a8e533e5-40e7-4f21-b2bc-3ac63ac938bf
2021-07-27 03:54:11,575 [grpc-default-executor-0] INFO  server.RaftServer (RaftServerProxy.java:addNew(95)) - b95eb893-7480-4c40-af1e-675e082ede40: addNew group-0DED3D8106BD:[a8e533e5-40e7-4f21-b2bc-3ac63ac938bf|rpc:127.0.0.1:46277|dataStream:|priority:0, b95eb893-7480-4c40-af1e-675e082ede40|rpc:127.0.0.1:39359|dataStream:|priority:1, b696075b-dbd5-4684-809e-56516b71197a|rpc:127.0.0.1:38127|dataStream:|priority:0] returns group-0DED3D8106BD:java.util.concurrent.CompletableFuture@74a8966e[Not completed]
2021-07-27 03:54:11,576 [pool-137-thread-1] INFO  server.RaftServer$Division (RaftServerImpl.java:<init>(181)) - b95eb893-7480-4c40-af1e-675e082ede40: new RaftServerImpl for group-0DED3D8106BD:[a8e533e5-40e7-4f21-b2bc-3ac63ac938bf|rpc:127.0.0.1:46277|dataStream:|priority:0, b95eb893-7480-4c40-af1e-675e082ede40|rpc:127.0.0.1:39359|dataStream:|priority:1, b696075b-dbd5-4684-809e-56516b71197a|rpc:127.0.0.1:38127|dataStream:|priority:0] with ContainerStateMachine:uninitialized
2021-07-27 03:54:11,577 [pool-137-thread-1] INFO  server.RaftServerConfigKeys (ConfUtils.java:logGet(44)) - raft.server.rpc.timeout.min = 5s (custom)
2021-07-27 03:54:11,577 [pool-137-thread-1] INFO  server.RaftServerConfigKeys (ConfUtils.java:logGet(44)) - raft.server.rpc.timeout.max = 5200ms (custom)
2021-07-27 03:54:11,577 [pool-137-thread-1] INFO  server.RaftServerConfigKeys (ConfUtils.java:logGet(44)) - raft.server.rpc.sleep.time = 25ms (default)
2021-07-27 03:54:11,577 [pool-137-thread-1] INFO  server.RaftServerConfigKeys (ConfUtils.java:logGet(44)) - raft.server.rpc.slowness.timeout = 300s (custom)
2021-07-27 03:54:11,577 [pool-137-thread-1] INFO  server.RaftServerConfigKeys (ConfUtils.java:logGet(44)) - raft.server.leaderelection.leader.step-down.wait-time = 10s (default)
2021-07-27 03:54:11,577 [pool-137-thread-1] INFO  server.RaftServerConfigKeys (ConfUtils.java:logGet(44)) - raft.server.sleep.deviation.threshold = 300ms (default)
2021-07-27 03:54:11,577 [pool-137-thread-1] INFO  server.RaftServerConfigKeys (ConfUtils.java:logGet(44)) - raft.server.log.appender.install.snapshot.enabled = false (custom)
2021-07-27 03:54:11,577 [pool-137-thread-1] INFO  server.RaftServer$Division (ServerState.java:<init>(105)) - b95eb893-7480-4c40-af1e-675e082ede40@group-0DED3D8106BD: ConfigurationManager, init=-1: [a8e533e5-40e7-4f21-b2bc-3ac63ac938bf|rpc:127.0.0.1:46277|dataStream:|priority:0, b95eb893-7480-4c40-af1e-675e082ede40|rpc:127.0.0.1:39359|dataStream:|priority:1, b696075b-dbd5-4684-809e-56516b71197a|rpc:127.0.0.1:38127|dataStream:|priority:0], old=null, confs=<EMPTY_MAP>
2021-07-27 03:54:11,578 [pool-137-thread-1] INFO  server.RaftServerConfigKeys (ConfUtils.java:logGet(44)) - raft.server.storage.dir = [/home/runner/work/ozone/ozone/mnt/ozone/hadoop-ozone/integration-test/target/test-dir/MiniOzoneClusterImpl-b10bafd4-cc06-4e81-8a2f-dfe27fd2d808/datanode-2/data/ratis] (custom)
2021-07-27 03:54:11,578 [pool-137-thread-1] INFO  server.RaftServerConfigKeys (ConfUtils.java:logGet(44)) - raft.server.log.corruption.policy = EXCEPTION (default)
2021-07-27 03:54:11,578 [pool-137-thread-1] INFO  server.RaftServerConfigKeys (ConfUtils.java:logGet(44)) - raft.server.storage.free-space.min = 0MB (=0) (default)
2021-07-27 03:54:11,578 [pool-137-thread-1] INFO  storage.RaftStorageDirectory (RaftStorageDirectoryImpl.java:analyzeStorage(135)) - The storage directory /home/runner/work/ozone/ozone/mnt/ozone/hadoop-ozone/integration-test/target/test-dir/MiniOzoneClusterImpl-b10bafd4-cc06-4e81-8a2f-dfe27fd2d808/datanode-2/data/ratis/54888f83-3517-4db5-8917-0ded3d8106bd does not exist. Creating ...
2021-07-27 03:54:11,579 [pool-137-thread-1] INFO  storage.RaftStorageDirectory (RaftStorageDirectoryImpl.java:tryLock(230)) - Lock on /home/runner/work/ozone/ozone/mnt/ozone/hadoop-ozone/integration-test/target/test-dir/MiniOzoneClusterImpl-b10bafd4-cc06-4e81-8a2f-dfe27fd2d808/datanode-2/data/ratis/54888f83-3517-4db5-8917-0ded3d8106bd/in_use.lock acquired by nodename 18840@fv-az148-176
2021-07-27 03:54:11,581 [pool-137-thread-1] INFO  storage.RaftStorage (RaftStorageImpl.java:format(89)) - Storage directory /home/runner/work/ozone/ozone/mnt/ozone/hadoop-ozone/integration-test/target/test-dir/MiniOzoneClusterImpl-b10bafd4-cc06-4e81-8a2f-dfe27fd2d808/datanode-2/data/ratis/54888f83-3517-4db5-8917-0ded3d8106bd has been successfully formatted.
2021-07-27 03:54:11,582 [pool-137-thread-1] INFO  ratis.ContainerStateMachine (ContainerStateMachine.java:loadSnapshot(223)) - group-0DED3D8106BD: The snapshot info is null. Setting the last applied indexto:(t:0, i:~)
2021-07-27 03:54:11,586 [pool-137-thread-1] INFO  server.RaftServerConfigKeys (ConfUtils.java:logGet(44)) - raft.server.notification.no-leader.timeout = 300s (custom)
2021-07-27 03:54:11,590 [pool-137-thread-1] INFO  server.RaftServerConfigKeys (ConfUtils.java:logGet(44)) - raft.server.log.use.memory = false (default)
2021-07-27 03:54:11,591 [pool-137-thread-1] INFO  server.RaftServerConfigKeys (ConfUtils.java:logGet(44)) - raft.server.log.purge.gap = 1000000 (custom)
2021-07-27 03:54:11,591 [pool-137-thread-1] INFO  server.RaftServerConfigKeys (ConfUtils.java:logGet(44)) - raft.server.log.appender.buffer.byte-limit = 33554432 (custom)
2021-07-27 03:54:11,591 [pool-137-thread-1] INFO  server.RaftServerConfigKeys (ConfUtils.java:logGet(44)) - raft.server.log.segment.size.max = 1048576 (custom)
2021-07-27 03:54:11,592 [pool-137-thread-1] INFO  server.RaftServerConfigKeys (ConfUtils.java:logGet(44)) - raft.server.log.segment.cache.num.max = 2 (custom)
2021-07-27 03:54:11,592 [pool-137-thread-1] INFO  server.RaftServerConfigKeys (ConfUtils.java:logGet(44)) - raft.server.log.segment.cache.size.max = 200MB (=209715200) (default)
2021-07-27 03:54:11,592 [pool-137-thread-1] INFO  segmented.SegmentedRaftLogWorker (SegmentedRaftLogWorker.java:<init>(182)) - new b95eb893-7480-4c40-af1e-675e082ede40@group-0DED3D8106BD-SegmentedRaftLogWorker for RaftStorageImpl:Storage Directory /home/runner/work/ozone/ozone/mnt/ozone/hadoop-ozone/integration-test/target/test-dir/MiniOzoneClusterImpl-b10bafd4-cc06-4e81-8a2f-dfe27fd2d808/datanode-2/data/ratis/54888f83-3517-4db5-8917-0ded3d8106bd
2021-07-27 03:54:11,592 [pool-137-thread-1] INFO  server.RaftServerConfigKeys (ConfUtils.java:logGet(44)) - raft.server.log.queue.byte-limit = 2147483647 (custom)
2021-07-27 03:54:11,592 [pool-137-thread-1] INFO  server.RaftServerConfigKeys (ConfUtils.java:logGet(44)) - raft.server.log.queue.element-limit = 1024 (custom)
2021-07-27 03:54:11,592 [pool-137-thread-1] INFO  server.RaftServerConfigKeys (ConfUtils.java:logGet(44)) - raft.server.log.segment.size.max = 1048576 (custom)
2021-07-27 03:54:11,592 [pool-137-thread-1] INFO  server.RaftServerConfigKeys (ConfUtils.java:logGet(44)) - raft.server.log.preallocated.size = 16384 (custom)
2021-07-27 03:54:11,592 [pool-137-thread-1] INFO  server.RaftServerConfigKeys (ConfUtils.java:logGet(44)) - raft.server.log.force.sync.num = 128 (default)
2021-07-27 03:54:11,592 [pool-137-thread-1] INFO  server.RaftServerConfigKeys (ConfUtils.java:logGet(44)) - raft.server.log.statemachine.data.sync = true (default)
2021-07-27 03:54:11,592 [pool-137-thread-1] INFO  server.RaftServerConfigKeys (ConfUtils.java:logGet(44)) - raft.server.log.statemachine.data.sync.timeout = 10s (default)
2021-07-27 03:54:11,592 [pool-137-thread-1] INFO  server.RaftServerConfigKeys (ConfUtils.java:logGet(44)) - raft.server.log.statemachine.data.sync.timeout.retry = -1 (default)
2021-07-27 03:54:11,593 [pool-137-thread-1] INFO  server.RaftServerConfigKeys (ConfUtils.java:logGet(44)) - raft.server.log.write.buffer.size = 1048576 (custom)
2021-07-27 03:54:11,593 [pool-137-thread-1] INFO  server.RaftServerConfigKeys (ConfUtils.java:logGet(44)) - raft.server.log.statemachine.data.caching.enabled = true (custom)
2021-07-27 03:54:11,593 [pool-137-thread-1] INFO  segmented.SegmentedRaftLogWorker (SegmentedRaftLogWorker.java:lambda$new$0(133)) - b95eb893-7480-4c40-af1e-675e082ede40@group-0DED3D8106BD-SegmentedRaftLogWorker: flushIndex: setUnconditionally 0 -> -1
2021-07-27 03:54:11,594 [pool-137-thread-1] INFO  segmented.SegmentedRaftLogWorker (SegmentedRaftLogWorker.java:lambda$new$0(133)) - b95eb893-7480-4c40-af1e-675e082ede40@group-0DED3D8106BD-SegmentedRaftLogWorker: safeCacheEvictIndex: setUnconditionally 0 -> -1
2021-07-27 03:54:11,594 [pool-137-thread-1] INFO  server.RaftServerConfigKeys (ConfUtils.java:logGet(44)) - raft.server.snapshot.auto.trigger.enabled = true (custom)
2021-07-27 03:54:11,594 [pool-137-thread-1] INFO  server.RaftServerConfigKeys (ConfUtils.java:logGet(44)) - raft.server.snapshot.auto.trigger.threshold = 10000 (custom)
2021-07-27 03:54:11,594 [pool-137-thread-1] INFO  server.RaftServerConfigKeys (ConfUtils.java:logGet(44)) - raft.server.snapshot.retention.file.num = 5 (custom)
2021-07-27 03:54:11,594 [pool-137-thread-1] INFO  server.RaftServerConfigKeys (ConfUtils.java:logGet(44)) - raft.server.log.purge.upto.snapshot.index = false (default)
2021-07-27 03:54:11,594 [pool-137-thread-1] INFO  server.RaftServerConfigKeys (ConfUtils.java:logGet(44)) - raft.server.retrycache.expirytime = 600000ms (custom)
2021-07-27 03:54:11,594 [pool-137-thread-1] INFO  server.RaftServerConfigKeys (ConfUtils.java:logGet(44)) - raft.server.retrycache.statistics.expirytime = 100μs (default)
2021-07-27 03:54:11,595 [pool-137-thread-1] INFO  server.RaftServer$Division (RaftServerImpl.java:start(296)) - b95eb893-7480-4c40-af1e-675e082ede40@group-0DED3D8106BD: start as a follower, conf=-1: [a8e533e5-40e7-4f21-b2bc-3ac63ac938bf|rpc:127.0.0.1:46277|dataStream:|priority:0, b95eb893-7480-4c40-af1e-675e082ede40|rpc:127.0.0.1:39359|dataStream:|priority:1, b696075b-dbd5-4684-809e-56516b71197a|rpc:127.0.0.1:38127|dataStream:|priority:0], old=null
2021-07-27 03:54:11,595 [pool-137-thread-1] INFO  server.RaftServer$Division (RaftServerImpl.java:setRole(285)) - b95eb893-7480-4c40-af1e-675e082ede40@group-0DED3D8106BD: changes role from      null to FOLLOWER at term 0 for startAsFollower
2021-07-27 03:54:11,595 [pool-137-thread-1] INFO  impl.RoleInfo (RoleInfo.java:updateAndGet(130)) - b95eb893-7480-4c40-af1e-675e082ede40: start b95eb893-7480-4c40-af1e-675e082ede40@group-0DED3D8106BD-FollowerState
2021-07-27 03:54:11,596 [pool-137-thread-1] INFO  util.JmxRegister (JmxRegister.java:tryRegister(44)) - Successfully registered JMX Bean with object name Ratis:service=RaftServer,group=group-0DED3D8106BD,id=b95eb893-7480-4c40-af1e-675e082ede40
2021-07-27 03:54:11,603 [Command processor thread] INFO  server.RaftServer (RaftServerProxy.java:addNew(95)) - a8e533e5-40e7-4f21-b2bc-3ac63ac938bf: addNew group-CDCD358541BA:[a8e533e5-40e7-4f21-b2bc-3ac63ac938bf|rpc:127.0.0.1:46277|priority:1] returns group-CDCD358541BA:java.util.concurrent.CompletableFuture@203b968a[Not completed]
2021-07-27 03:54:11,604 [pool-119-thread-1] INFO  server.RaftServer$Division (RaftServerImpl.java:<init>(181)) - a8e533e5-40e7-4f21-b2bc-3ac63ac938bf: new RaftServerImpl for group-CDCD358541BA:[a8e533e5-40e7-4f21-b2bc-3ac63ac938bf|rpc:127.0.0.1:46277|priority:1] with ContainerStateMachine:uninitialized
2021-07-27 03:54:11,604 [pool-119-thread-1] INFO  server.RaftServerConfigKeys (ConfUtils.java:logGet(44)) - raft.server.rpc.timeout.min = 5s (custom)
2021-07-27 03:54:11,604 [pool-119-thread-1] INFO  server.RaftServerConfigKeys (ConfUtils.java:logGet(44)) - raft.server.rpc.timeout.max = 5200ms (custom)
2021-07-27 03:54:11,604 [pool-119-thread-1] INFO  server.RaftServerConfigKeys (ConfUtils.java:logGet(44)) - raft.server.rpc.sleep.time = 25ms (default)
2021-07-27 03:54:11,604 [pool-119-thread-1] INFO  server.RaftServerConfigKeys (ConfUtils.java:logGet(44)) - raft.server.rpc.slowness.timeout = 300s (custom)
2021-07-27 03:54:11,604 [pool-119-thread-1] INFO  server.RaftServerConfigKeys (ConfUtils.java:logGet(44)) - raft.server.leaderelection.leader.step-down.wait-time = 10s (default)
2021-07-27 03:54:11,604 [pool-119-thread-1] INFO  server.RaftServerConfigKeys (ConfUtils.java:logGet(44)) - raft.server.sleep.deviation.threshold = 300ms (default)
2021-07-27 03:54:11,604 [pool-119-thread-1] INFO  server.RaftServerConfigKeys (ConfUtils.java:logGet(44)) - raft.server.log.appender.install.snapshot.enabled = false (custom)
2021-07-27 03:54:11,604 [pool-119-thread-1] INFO  server.RaftServer$Division (ServerState.java:<init>(105)) - a8e533e5-40e7-4f21-b2bc-3ac63ac938bf@group-CDCD358541BA: ConfigurationManager, init=-1: [a8e533e5-40e7-4f21-b2bc-3ac63ac938bf|rpc:127.0.0.1:46277|priority:1], old=null, confs=<EMPTY_MAP>
2021-07-27 03:54:11,604 [pool-119-thread-1] INFO  server.RaftServerConfigKeys (ConfUtils.java:logGet(44)) - raft.server.storage.dir = [/home/runner/work/ozone/ozone/mnt/ozone/hadoop-ozone/integration-test/target/test-dir/MiniOzoneClusterImpl-b10bafd4-cc06-4e81-8a2f-dfe27fd2d808/datanode-1/data/ratis] (custom)
2021-07-27 03:54:11,604 [pool-119-thread-1] INFO  server.RaftServerConfigKeys (ConfUtils.java:logGet(44)) - raft.server.log.corruption.policy = EXCEPTION (default)
2021-07-27 03:54:11,604 [pool-119-thread-1] INFO  server.RaftServerConfigKeys (ConfUtils.java:logGet(44)) - raft.server.storage.free-space.min = 0MB (=0) (default)
2021-07-27 03:54:11,605 [pool-119-thread-1] INFO  storage.RaftStorageDirectory (RaftStorageDirectoryImpl.java:analyzeStorage(135)) - The storage directory /home/runner/work/ozone/ozone/mnt/ozone/hadoop-ozone/integration-test/target/test-dir/MiniOzoneClusterImpl-b10bafd4-cc06-4e81-8a2f-dfe27fd2d808/datanode-1/data/ratis/915668cb-a482-4aee-8d37-cdcd358541ba does not exist. Creating ...
2021-07-27 03:54:11,607 [pool-119-thread-1] INFO  storage.RaftStorageDirectory (RaftStorageDirectoryImpl.java:tryLock(230)) - Lock on /home/runner/work/ozone/ozone/mnt/ozone/hadoop-ozone/integration-test/target/test-dir/MiniOzoneClusterImpl-b10bafd4-cc06-4e81-8a2f-dfe27fd2d808/datanode-1/data/ratis/915668cb-a482-4aee-8d37-cdcd358541ba/in_use.lock acquired by nodename 18840@fv-az148-176
2021-07-27 03:54:11,607 [Command processor thread] INFO  commandhandler.CreatePipelineCommandHandler (CreatePipelineCommandHandler.java:handle(106)) - Created Pipeline RATIS THREE PipelineID=54888f83-3517-4db5-8917-0ded3d8106bd.
2021-07-27 03:54:11,608 [Command processor thread] INFO  server.RaftServer (RaftServerProxy.java:addNew(95)) - b696075b-dbd5-4684-809e-56516b71197a: addNew group-EB5A9ECD428E:[a8e533e5-40e7-4f21-b2bc-3ac63ac938bf|rpc:127.0.0.1:46277|priority:0, b95eb893-7480-4c40-af1e-675e082ede40|rpc:127.0.0.1:39359|priority:0, b696075b-dbd5-4684-809e-56516b71197a|rpc:127.0.0.1:38127|priority:1] returns group-EB5A9ECD428E:java.util.concurrent.CompletableFuture@596a42e4[Not completed]
2021-07-27 03:54:11,608 [pool-101-thread-1] INFO  server.RaftServer$Division (RaftServerImpl.java:<init>(181)) - b696075b-dbd5-4684-809e-56516b71197a: new RaftServerImpl for group-EB5A9ECD428E:[a8e533e5-40e7-4f21-b2bc-3ac63ac938bf|rpc:127.0.0.1:46277|priority:0, b95eb893-7480-4c40-af1e-675e082ede40|rpc:127.0.0.1:39359|priority:0, b696075b-dbd5-4684-809e-56516b71197a|rpc:127.0.0.1:38127|priority:1] with ContainerStateMachine:uninitialized
2021-07-27 03:54:11,609 [pool-101-thread-1] INFO  server.RaftServerConfigKeys (ConfUtils.java:logGet(44)) - raft.server.rpc.timeout.min = 5s (custom)
2021-07-27 03:54:11,609 [pool-101-thread-1] INFO  server.RaftServerConfigKeys (ConfUtils.java:logGet(44)) - raft.server.rpc.timeout.max = 5200ms (custom)
2021-07-27 03:54:11,609 [pool-101-thread-1] INFO  server.RaftServerConfigKeys (ConfUtils.java:logGet(44)) - raft.server.rpc.sleep.time = 25ms (default)
2021-07-27 03:54:11,609 [pool-101-thread-1] INFO  server.RaftServerConfigKeys (ConfUtils.java:logGet(44)) - raft.server.rpc.slowness.timeout = 300s (custom)
2021-07-27 03:54:11,609 [pool-101-thread-1] INFO  server.RaftServerConfigKeys (ConfUtils.java:logGet(44)) - raft.server.leaderelection.leader.step-down.wait-time = 10s (default)
2021-07-27 03:54:11,609 [pool-101-thread-1] INFO  server.RaftServerConfigKeys (ConfUtils.java:logGet(44)) - raft.server.sleep.deviation.threshold = 300ms (default)
2021-07-27 03:54:11,609 [pool-101-thread-1] INFO  server.RaftServerConfigKeys (ConfUtils.java:logGet(44)) - raft.server.log.appender.install.snapshot.enabled = false (custom)
2021-07-27 03:54:11,609 [pool-101-thread-1] INFO  server.RaftServer$Division (ServerState.java:<init>(105)) - b696075b-dbd5-4684-809e-56516b71197a@group-EB5A9ECD428E: ConfigurationManager, init=-1: [a8e533e5-40e7-4f21-b2bc-3ac63ac938bf|rpc:127.0.0.1:46277|priority:0, b95eb893-7480-4c40-af1e-675e082ede40|rpc:127.0.0.1:39359|priority:0, b696075b-dbd5-4684-809e-56516b71197a|rpc:127.0.0.1:38127|priority:1], old=null, confs=<EMPTY_MAP>
2021-07-27 03:54:11,609 [pool-101-thread-1] INFO  server.RaftServerConfigKeys (ConfUtils.java:logGet(44)) - raft.server.storage.dir = [/home/runner/work/ozone/ozone/mnt/ozone/hadoop-ozone/integration-test/target/test-dir/MiniOzoneClusterImpl-b10bafd4-cc06-4e81-8a2f-dfe27fd2d808/datanode-0/data/ratis] (custom)
2021-07-27 03:54:11,609 [pool-101-thread-1] INFO  server.RaftServerConfigKeys (ConfUtils.java:logGet(44)) - raft.server.log.corruption.policy = EXCEPTION (default)
2021-07-27 03:54:11,609 [pool-101-thread-1] INFO  server.RaftServerConfigKeys (ConfUtils.java:logGet(44)) - raft.server.storage.free-space.min = 0MB (=0) (default)
2021-07-27 03:54:11,609 [pool-101-thread-1] INFO  storage.RaftStorageDirectory (RaftStorageDirectoryImpl.java:analyzeStorage(135)) - The storage directory /home/runner/work/ozone/ozone/mnt/ozone/hadoop-ozone/integration-test/target/test-dir/MiniOzoneClusterImpl-b10bafd4-cc06-4e81-8a2f-dfe27fd2d808/datanode-0/data/ratis/ab9f9cd0-2e03-48bf-8806-eb5a9ecd428e does not exist. Creating ...
2021-07-27 03:54:11,610 [pool-101-thread-1] INFO  storage.RaftStorageDirectory (RaftStorageDirectoryImpl.java:tryLock(230)) - Lock on /home/runner/work/ozone/ozone/mnt/ozone/hadoop-ozone/integration-test/target/test-dir/MiniOzoneClusterImpl-b10bafd4-cc06-4e81-8a2f-dfe27fd2d808/datanode-0/data/ratis/ab9f9cd0-2e03-48bf-8806-eb5a9ecd428e/in_use.lock acquired by nodename 18840@fv-az148-176
2021-07-27 03:54:11,611 [pool-119-thread-1] INFO  storage.RaftStorage (RaftStorageImpl.java:format(89)) - Storage directory /home/runner/work/ozone/ozone/mnt/ozone/hadoop-ozone/integration-test/target/test-dir/MiniOzoneClusterImpl-b10bafd4-cc06-4e81-8a2f-dfe27fd2d808/datanode-1/data/ratis/915668cb-a482-4aee-8d37-cdcd358541ba has been successfully formatted.
2021-07-27 03:54:11,612 [pool-101-thread-1] INFO  storage.RaftStorage (RaftStorageImpl.java:format(89)) - Storage directory /home/runner/work/ozone/ozone/mnt/ozone/hadoop-ozone/integration-test/target/test-dir/MiniOzoneClusterImpl-b10bafd4-cc06-4e81-8a2f-dfe27fd2d808/datanode-0/data/ratis/ab9f9cd0-2e03-48bf-8806-eb5a9ecd428e has been successfully formatted.
2021-07-27 03:54:11,612 [Datanode State Machine Thread - 0] WARN  statemachine.StateContext (StateContext.java:execute(621)) - No available thread in pool for past 1 seconds.
2021-07-27 03:54:11,612 [pool-119-thread-1] INFO  ratis.ContainerStateMachine (ContainerStateMachine.java:loadSnapshot(223)) - group-CDCD358541BA: The snapshot info is null. Setting the last applied indexto:(t:0, i:~)
2021-07-27 03:54:11,612 [pool-101-thread-1] INFO  ratis.ContainerStateMachine (ContainerStateMachine.java:loadSnapshot(223)) - group-EB5A9ECD428E: The snapshot info is null. Setting the last applied indexto:(t:0, i:~)
2021-07-27 03:54:11,612 [pool-119-thread-1] INFO  server.RaftServerConfigKeys (ConfUtils.java:logGet(44)) - raft.server.notification.no-leader.timeout = 300s (custom)
2021-07-27 03:54:11,612 [pool-101-thread-1] INFO  server.RaftServerConfigKeys (ConfUtils.java:logGet(44)) - raft.server.notification.no-leader.timeout = 300s (custom)
2021-07-27 03:54:11,612 [pool-101-thread-1] INFO  server.RaftServerConfigKeys (ConfUtils.java:logGet(44)) - raft.server.log.use.memory = false (default)
2021-07-27 03:54:11,612 [pool-101-thread-1] INFO  server.RaftServerConfigKeys (ConfUtils.java:logGet(44)) - raft.server.log.purge.gap = 1000000 (custom)
2021-07-27 03:54:11,612 [pool-101-thread-1] INFO  server.RaftServerConfigKeys (ConfUtils.java:logGet(44)) - raft.server.log.appender.buffer.byte-limit = 33554432 (custom)
2021-07-27 03:54:11,613 [pool-101-thread-1] INFO  server.RaftServerConfigKeys (ConfUtils.java:logGet(44)) - raft.server.log.segment.size.max = 1048576 (custom)
2021-07-27 03:54:11,612 [pool-119-thread-1] INFO  server.RaftServerConfigKeys (ConfUtils.java:logGet(44)) - raft.server.log.use.memory = false (default)
2021-07-27 03:54:11,612 [Datanode State Machine Thread - 0] WARN  statemachine.StateContext (StateContext.java:execute(621)) - No available thread in pool for past 1 seconds.
2021-07-27 03:54:11,614 [pool-101-thread-1] INFO  server.RaftServerConfigKeys (ConfUtils.java:logGet(44)) - raft.server.log.segment.cache.num.max = 2 (custom)
2021-07-27 03:54:11,615 [pool-101-thread-1] INFO  server.RaftServerConfigKeys (ConfUtils.java:logGet(44)) - raft.server.log.segment.cache.size.max = 200MB (=209715200) (default)
2021-07-27 03:54:11,616 [pool-101-thread-1] INFO  segmented.SegmentedRaftLogWorker (SegmentedRaftLogWorker.java:<init>(182)) - new b696075b-dbd5-4684-809e-56516b71197a@group-EB5A9ECD428E-SegmentedRaftLogWorker for RaftStorageImpl:Storage Directory /home/runner/work/ozone/ozone/mnt/ozone/hadoop-ozone/integration-test/target/test-dir/MiniOzoneClusterImpl-b10bafd4-cc06-4e81-8a2f-dfe27fd2d808/datanode-0/data/ratis/ab9f9cd0-2e03-48bf-8806-eb5a9ecd428e
2021-07-27 03:54:11,616 [pool-101-thread-1] INFO  server.RaftServerConfigKeys (ConfUtils.java:logGet(44)) - raft.server.log.queue.byte-limit = 2147483647 (custom)
2021-07-27 03:54:11,616 [pool-101-thread-1] INFO  server.RaftServerConfigKeys (ConfUtils.java:logGet(44)) - raft.server.log.queue.element-limit = 1024 (custom)
2021-07-27 03:54:11,616 [pool-101-thread-1] INFO  server.RaftServerConfigKeys (ConfUtils.java:logGet(44)) - raft.server.log.segment.size.max = 1048576 (custom)
2021-07-27 03:54:11,616 [pool-101-thread-1] INFO  server.RaftServerConfigKeys (ConfUtils.java:logGet(44)) - raft.server.log.preallocated.size = 16384 (custom)
2021-07-27 03:54:11,616 [pool-101-thread-1] INFO  server.RaftServerConfigKeys (ConfUtils.java:logGet(44)) - raft.server.log.force.sync.num = 128 (default)
2021-07-27 03:54:11,616 [pool-101-thread-1] INFO  server.RaftServerConfigKeys (ConfUtils.java:logGet(44)) - raft.server.log.statemachine.data.sync = true (default)
2021-07-27 03:54:11,616 [pool-101-thread-1] INFO  server.RaftServerConfigKeys (ConfUtils.java:logGet(44)) - raft.server.log.statemachine.data.sync.timeout = 10s (default)
2021-07-27 03:54:11,616 [pool-101-thread-1] INFO  server.RaftServerConfigKeys (ConfUtils.java:logGet(44)) - raft.server.log.statemachine.data.sync.timeout.retry = -1 (default)
2021-07-27 03:54:11,616 [EventQueue-OpenPipelineForHealthyPipelineSafeModeRule] INFO  safemode.SCMSafeModeManager (HealthyPipelineSafeModeRule.java:process(124)) - SCM in safe mode. Healthy pipelines reported count is 0, required healthy pipeline reported count is 1
2021-07-27 03:54:11,615 [pool-119-thread-1] INFO  server.RaftServerConfigKeys (ConfUtils.java:logGet(44)) - raft.server.log.purge.gap = 1000000 (custom)
2021-07-27 03:54:11,617 [pool-119-thread-1] INFO  server.RaftServerConfigKeys (ConfUtils.java:logGet(44)) - raft.server.log.appender.buffer.byte-limit = 33554432 (custom)
2021-07-27 03:54:11,617 [pool-119-thread-1] INFO  server.RaftServerConfigKeys (ConfUtils.java:logGet(44)) - raft.server.log.segment.size.max = 1048576 (custom)
2021-07-27 03:54:11,617 [pool-119-thread-1] INFO  server.RaftServerConfigKeys (ConfUtils.java:logGet(44)) - raft.server.log.segment.cache.num.max = 2 (custom)
2021-07-27 03:54:11,617 [pool-119-thread-1] INFO  server.RaftServerConfigKeys (ConfUtils.java:logGet(44)) - raft.server.log.segment.cache.size.max = 200MB (=209715200) (default)
2021-07-27 03:54:11,617 [pool-119-thread-1] INFO  segmented.SegmentedRaftLogWorker (SegmentedRaftLogWorker.java:<init>(182)) - new a8e533e5-40e7-4f21-b2bc-3ac63ac938bf@group-CDCD358541BA-SegmentedRaftLogWorker for RaftStorageImpl:Storage Directory /home/runner/work/ozone/ozone/mnt/ozone/hadoop-ozone/integration-test/target/test-dir/MiniOzoneClusterImpl-b10bafd4-cc06-4e81-8a2f-dfe27fd2d808/datanode-1/data/ratis/915668cb-a482-4aee-8d37-cdcd358541ba
2021-07-27 03:54:11,617 [pool-119-thread-1] INFO  server.RaftServerConfigKeys (ConfUtils.java:logGet(44)) - raft.server.log.queue.byte-limit = 2147483647 (custom)
2021-07-27 03:54:11,617 [pool-119-thread-1] INFO  server.RaftServerConfigKeys (ConfUtils.java:logGet(44)) - raft.server.log.queue.element-limit = 1024 (custom)
2021-07-27 03:54:11,617 [pool-119-thread-1] INFO  server.RaftServerConfigKeys (ConfUtils.java:logGet(44)) - raft.server.log.segment.size.max = 1048576 (custom)
2021-07-27 03:54:11,617 [pool-119-thread-1] INFO  server.RaftServerConfigKeys (ConfUtils.java:logGet(44)) - raft.server.log.preallocated.size = 16384 (custom)
2021-07-27 03:54:11,617 [pool-119-thread-1] INFO  server.RaftServerConfigKeys (ConfUtils.java:logGet(44)) - raft.server.log.force.sync.num = 128 (default)
2021-07-27 03:54:11,617 [pool-119-thread-1] INFO  server.RaftServerConfigKeys (ConfUtils.java:logGet(44)) - raft.server.log.statemachine.data.sync = true (default)
2021-07-27 03:54:11,617 [pool-119-thread-1] INFO  server.RaftServerConfigKeys (ConfUtils.java:logGet(44)) - raft.server.log.statemachine.data.sync.timeout = 10s (default)
2021-07-27 03:54:11,617 [pool-119-thread-1] INFO  server.RaftServerConfigKeys (ConfUtils.java:logGet(44)) - raft.server.log.statemachine.data.sync.timeout.retry = -1 (default)
2021-07-27 03:54:11,618 [pool-119-thread-1] INFO  server.RaftServerConfigKeys (ConfUtils.java:logGet(44)) - raft.server.log.write.buffer.size = 1048576 (custom)
2021-07-27 03:54:11,618 [pool-119-thread-1] INFO  server.RaftServerConfigKeys (ConfUtils.java:logGet(44)) - raft.server.log.statemachine.data.caching.enabled = true (custom)
2021-07-27 03:54:11,618 [pool-119-thread-1] INFO  segmented.SegmentedRaftLogWorker (SegmentedRaftLogWorker.java:lambda$new$0(133)) - a8e533e5-40e7-4f21-b2bc-3ac63ac938bf@group-CDCD358541BA-SegmentedRaftLogWorker: flushIndex: setUnconditionally 0 -> -1
2021-07-27 03:54:11,618 [pool-119-thread-1] INFO  segmented.SegmentedRaftLogWorker (SegmentedRaftLogWorker.java:lambda$new$0(133)) - a8e533e5-40e7-4f21-b2bc-3ac63ac938bf@group-CDCD358541BA-SegmentedRaftLogWorker: safeCacheEvictIndex: setUnconditionally 0 -> -1
2021-07-27 03:54:11,618 [pool-101-thread-1] INFO  server.RaftServerConfigKeys (ConfUtils.java:logGet(44)) - raft.server.log.write.buffer.size = 1048576 (custom)
2021-07-27 03:54:11,619 [pool-101-thread-1] INFO  server.RaftServerConfigKeys (ConfUtils.java:logGet(44)) - raft.server.log.statemachine.data.caching.enabled = true (custom)
2021-07-27 03:54:11,619 [pool-101-thread-1] INFO  segmented.SegmentedRaftLogWorker (SegmentedRaftLogWorker.java:lambda$new$0(133)) - b696075b-dbd5-4684-809e-56516b71197a@group-EB5A9ECD428E-SegmentedRaftLogWorker: flushIndex: setUnconditionally 0 -> -1
2021-07-27 03:54:11,619 [pool-101-thread-1] INFO  segmented.SegmentedRaftLogWorker (SegmentedRaftLogWorker.java:lambda$new$0(133)) - b696075b-dbd5-4684-809e-56516b71197a@group-EB5A9ECD428E-SegmentedRaftLogWorker: safeCacheEvictIndex: setUnconditionally 0 -> -1
2021-07-27 03:54:11,619 [pool-119-thread-1] INFO  server.RaftServerConfigKeys (ConfUtils.java:logGet(44)) - raft.server.snapshot.auto.trigger.enabled = true (custom)
2021-07-27 03:54:11,619 [pool-119-thread-1] INFO  server.RaftServerConfigKeys (ConfUtils.java:logGet(44)) - raft.server.snapshot.auto.trigger.threshold = 10000 (custom)
2021-07-27 03:54:11,619 [pool-119-thread-1] INFO  server.RaftServerConfigKeys (ConfUtils.java:logGet(44)) - raft.server.snapshot.retention.file.num = 5 (custom)
2021-07-27 03:54:11,619 [pool-119-thread-1] INFO  server.RaftServerConfigKeys (ConfUtils.java:logGet(44)) - raft.server.log.purge.upto.snapshot.index = false (default)
2021-07-27 03:54:11,619 [pool-119-thread-1] INFO  server.RaftServerConfigKeys (ConfUtils.java:logGet(44)) - raft.server.retrycache.expirytime = 600000ms (custom)
2021-07-27 03:54:11,619 [pool-119-thread-1] INFO  server.RaftServerConfigKeys (ConfUtils.java:logGet(44)) - raft.server.retrycache.statistics.expirytime = 100μs (default)
2021-07-27 03:54:11,622 [pool-119-thread-1] INFO  server.RaftServer$Division (RaftServerImpl.java:start(296)) - a8e533e5-40e7-4f21-b2bc-3ac63ac938bf@group-CDCD358541BA: start as a follower, conf=-1: [a8e533e5-40e7-4f21-b2bc-3ac63ac938bf|rpc:127.0.0.1:46277|priority:1], old=null
2021-07-27 03:54:11,622 [pool-119-thread-1] INFO  server.RaftServer$Division (RaftServerImpl.java:setRole(285)) - a8e533e5-40e7-4f21-b2bc-3ac63ac938bf@group-CDCD358541BA: changes role from      null to FOLLOWER at term 0 for startAsFollower
2021-07-27 03:54:11,622 [pool-101-thread-1] INFO  server.RaftServerConfigKeys (ConfUtils.java:logGet(44)) - raft.server.snapshot.auto.trigger.enabled = true (custom)
2021-07-27 03:54:11,622 [pool-101-thread-1] INFO  server.RaftServerConfigKeys (ConfUtils.java:logGet(44)) - raft.server.snapshot.auto.trigger.threshold = 10000 (custom)
2021-07-27 03:54:11,622 [pool-101-thread-1] INFO  server.RaftServerConfigKeys (ConfUtils.java:logGet(44)) - raft.server.snapshot.retention.file.num = 5 (custom)
2021-07-27 03:54:11,622 [pool-101-thread-1] INFO  server.RaftServerConfigKeys (ConfUtils.java:logGet(44)) - raft.server.log.purge.upto.snapshot.index = false (default)
2021-07-27 03:54:11,622 [pool-101-thread-1] INFO  server.RaftServerConfigKeys (ConfUtils.java:logGet(44)) - raft.server.retrycache.expirytime = 600000ms (custom)
2021-07-27 03:54:11,622 [pool-101-thread-1] INFO  server.RaftServerConfigKeys (ConfUtils.java:logGet(44)) - raft.server.retrycache.statistics.expirytime = 100μs (default)
2021-07-27 03:54:11,623 [pool-101-thread-1] INFO  server.RaftServer$Division (RaftServerImpl.java:start(296)) - b696075b-dbd5-4684-809e-56516b71197a@group-EB5A9ECD428E: start as a follower, conf=-1: [a8e533e5-40e7-4f21-b2bc-3ac63ac938bf|rpc:127.0.0.1:46277|priority:0, b95eb893-7480-4c40-af1e-675e082ede40|rpc:127.0.0.1:39359|priority:0, b696075b-dbd5-4684-809e-56516b71197a|rpc:127.0.0.1:38127|priority:1], old=null
2021-07-27 03:54:11,624 [pool-101-thread-1] INFO  server.RaftServer$Division (RaftServerImpl.java:setRole(285)) - b696075b-dbd5-4684-809e-56516b71197a@group-EB5A9ECD428E: changes role from      null to FOLLOWER at term 0 for startAsFollower
2021-07-27 03:54:11,624 [pool-101-thread-1] INFO  impl.RoleInfo (RoleInfo.java:updateAndGet(130)) - b696075b-dbd5-4684-809e-56516b71197a: start b696075b-dbd5-4684-809e-56516b71197a@group-EB5A9ECD428E-FollowerState
2021-07-27 03:54:11,630 [pool-101-thread-1] INFO  util.JmxRegister (JmxRegister.java:tryRegister(44)) - Successfully registered JMX Bean with object name Ratis:service=RaftServer,group=group-EB5A9ECD428E,id=b696075b-dbd5-4684-809e-56516b71197a
2021-07-27 03:54:11,635 [Command processor thread] INFO  ratis.XceiverServerRatis (XceiverServerRatis.java:addGroup(759)) - Created group PipelineID=ab9f9cd0-2e03-48bf-8806-eb5a9ecd428e
2021-07-27 03:54:11,635 [EventQueue-PipelineReportForPipelineReportHandler] INFO  pipeline.PipelineManagerV2Impl (PipelineManagerV2Impl.java:openPipeline(283)) - Pipeline Pipeline[ Id: 915668cb-a482-4aee-8d37-cdcd358541ba, Nodes: a8e533e5-40e7-4f21-b2bc-3ac63ac938bf{ip: 127.0.0.1, host: localhost, ports: [REPLICATION=46177, RATIS=46277, RATIS_ADMIN=46277, RATIS_SERVER=46277, STANDALONE=34629], networkLocation: /default-rack, certSerialId: null, persistedOpState: IN_SERVICE, persistedOpStateExpiryEpochSec: 0}, ReplicationConfig: RATIS/ONE, State:ALLOCATED, leaderId:a8e533e5-40e7-4f21-b2bc-3ac63ac938bf, CreationTimestamp2021-07-27T03:54:08.611Z[Etc/UTC]] moved to OPEN state
2021-07-27 03:54:11,637 [pool-119-thread-1] INFO  impl.RoleInfo (RoleInfo.java:updateAndGet(130)) - a8e533e5-40e7-4f21-b2bc-3ac63ac938bf: start a8e533e5-40e7-4f21-b2bc-3ac63ac938bf@group-CDCD358541BA-FollowerState
2021-07-27 03:54:11,639 [4a006e23-4982-42e1-b4c7-2415bb8d98a0@group-DFE27FD2D808-StateMachineUpdater] INFO  safemode.HealthyPipelineSafeModeRule (HealthyPipelineSafeModeRule.java:initializeRule(152)) - Refreshed total pipeline count is 0, healthy pipeline threshold count is 1
2021-07-27 03:54:11,640 [pool-119-thread-1] INFO  util.JmxRegister (JmxRegister.java:tryRegister(44)) - Successfully registered JMX Bean with object name Ratis:service=RaftServer,group=group-CDCD358541BA,id=a8e533e5-40e7-4f21-b2bc-3ac63ac938bf
2021-07-27 03:54:11,642 [EventQueue-PipelineReportForPipelineReportHandler] INFO  ha.SCMHAInvocationHandler (SCMHAInvocationHandler.java:invokeRatis(113)) - Invoking method public abstract void org.apache.hadoop.hdds.scm.pipeline.StateManager.updatePipelineState(org.apache.hadoop.hdds.protocol.proto.HddsProtos$PipelineID,org.apache.hadoop.hdds.protocol.proto.HddsProtos$PipelineState) throws java.io.IOException on target org.apache.hadoop.hdds.scm.ha.SCMRatisServerImpl@4b40b27a, cost 6622.164us
2021-07-27 03:54:11,642 [EventQueue-OpenPipelineForHealthyPipelineSafeModeRule] INFO  safemode.SCMSafeModeManager (HealthyPipelineSafeModeRule.java:process(124)) - SCM in safe mode. Healthy pipelines reported count is 0, required healthy pipeline reported count is 1
2021-07-27 03:54:11,652 [Command processor thread] INFO  ratis.XceiverServerRatis (XceiverServerRatis.java:addGroup(759)) - Created group PipelineID=915668cb-a482-4aee-8d37-cdcd358541ba
2021-07-27 03:54:11,652 [Command processor thread] INFO  commandhandler.CreatePipelineCommandHandler (CreatePipelineCommandHandler.java:handle(106)) - Created Pipeline RATIS ONE PipelineID=915668cb-a482-4aee-8d37-cdcd358541ba.
2021-07-27 03:54:11,654 [Command processor thread] INFO  server.RaftServer (RaftServerProxy.java:addNew(95)) - a8e533e5-40e7-4f21-b2bc-3ac63ac938bf: addNew group-EB5A9ECD428E:[a8e533e5-40e7-4f21-b2bc-3ac63ac938bf|rpc:127.0.0.1:46277|priority:0, b95eb893-7480-4c40-af1e-675e082ede40|rpc:127.0.0.1:39359|priority:0, b696075b-dbd5-4684-809e-56516b71197a|rpc:127.0.0.1:38127|priority:1] returns group-EB5A9ECD428E:java.util.concurrent.CompletableFuture@2efc6cfd[Not completed]
2021-07-27 03:54:11,656 [pool-119-thread-1] INFO  server.RaftServer$Division (RaftServerImpl.java:<init>(181)) - a8e533e5-40e7-4f21-b2bc-3ac63ac938bf: new RaftServerImpl for group-EB5A9ECD428E:[a8e533e5-40e7-4f21-b2bc-3ac63ac938bf|rpc:127.0.0.1:46277|priority:0, b95eb893-7480-4c40-af1e-675e082ede40|rpc:127.0.0.1:39359|priority:0, b696075b-dbd5-4684-809e-56516b71197a|rpc:127.0.0.1:38127|priority:1] with ContainerStateMachine:uninitialized
2021-07-27 03:54:11,656 [pool-119-thread-1] INFO  server.RaftServerConfigKeys (ConfUtils.java:logGet(44)) - raft.server.rpc.timeout.min = 5s (custom)
2021-07-27 03:54:11,656 [pool-119-thread-1] INFO  server.RaftServerConfigKeys (ConfUtils.java:logGet(44)) - raft.server.rpc.timeout.max = 5200ms (custom)
2021-07-27 03:54:11,656 [pool-119-thread-1] INFO  server.RaftServerConfigKeys (ConfUtils.java:logGet(44)) - raft.server.rpc.sleep.time = 25ms (default)
2021-07-27 03:54:11,656 [pool-119-thread-1] INFO  server.RaftServerConfigKeys (ConfUtils.java:logGet(44)) - raft.server.rpc.slowness.timeout = 300s (custom)
2021-07-27 03:54:11,656 [pool-119-thread-1] INFO  server.RaftServerConfigKeys (ConfUtils.java:logGet(44)) - raft.server.leaderelection.leader.step-down.wait-time = 10s (default)
2021-07-27 03:54:11,656 [pool-119-thread-1] INFO  server.RaftServerConfigKeys (ConfUtils.java:logGet(44)) - raft.server.sleep.deviation.threshold = 300ms (default)
2021-07-27 03:54:11,656 [pool-119-thread-1] INFO  server.RaftServerConfigKeys (ConfUtils.java:logGet(44)) - raft.server.log.appender.install.snapshot.enabled = false (custom)
2021-07-27 03:54:11,656 [pool-119-thread-1] INFO  server.RaftServer$Division (ServerState.java:<init>(105)) - a8e533e5-40e7-4f21-b2bc-3ac63ac938bf@group-EB5A9ECD428E: ConfigurationManager, init=-1: [a8e533e5-40e7-4f21-b2bc-3ac63ac938bf|rpc:127.0.0.1:46277|priority:0, b95eb893-7480-4c40-af1e-675e082ede40|rpc:127.0.0.1:39359|priority:0, b696075b-dbd5-4684-809e-56516b71197a|rpc:127.0.0.1:38127|priority:1], old=null, confs=<EMPTY_MAP>
2021-07-27 03:54:11,656 [pool-119-thread-1] INFO  server.RaftServerConfigKeys (ConfUtils.java:logGet(44)) - raft.server.storage.dir = [/home/runner/work/ozone/ozone/mnt/ozone/hadoop-ozone/integration-test/target/test-dir/MiniOzoneClusterImpl-b10bafd4-cc06-4e81-8a2f-dfe27fd2d808/datanode-1/data/ratis] (custom)
2021-07-27 03:54:11,656 [pool-119-thread-1] INFO  server.RaftServerConfigKeys (ConfUtils.java:logGet(44)) - raft.server.log.corruption.policy = EXCEPTION (default)
2021-07-27 03:54:11,656 [pool-119-thread-1] INFO  server.RaftServerConfigKeys (ConfUtils.java:logGet(44)) - raft.server.storage.free-space.min = 0MB (=0) (default)
2021-07-27 03:54:11,657 [pool-119-thread-1] INFO  storage.RaftStorageDirectory (RaftStorageDirectoryImpl.java:analyzeStorage(135)) - The storage directory /home/runner/work/ozone/ozone/mnt/ozone/hadoop-ozone/integration-test/target/test-dir/MiniOzoneClusterImpl-b10bafd4-cc06-4e81-8a2f-dfe27fd2d808/datanode-1/data/ratis/ab9f9cd0-2e03-48bf-8806-eb5a9ecd428e does not exist. Creating ...
2021-07-27 03:54:11,659 [pool-119-thread-1] INFO  storage.RaftStorageDirectory (RaftStorageDirectoryImpl.java:tryLock(230)) - Lock on /home/runner/work/ozone/ozone/mnt/ozone/hadoop-ozone/integration-test/target/test-dir/MiniOzoneClusterImpl-b10bafd4-cc06-4e81-8a2f-dfe27fd2d808/datanode-1/data/ratis/ab9f9cd0-2e03-48bf-8806-eb5a9ecd428e/in_use.lock acquired by nodename 18840@fv-az148-176
2021-07-27 03:54:11,660 [pool-119-thread-1] INFO  storage.RaftStorage (RaftStorageImpl.java:format(89)) - Storage directory /home/runner/work/ozone/ozone/mnt/ozone/hadoop-ozone/integration-test/target/test-dir/MiniOzoneClusterImpl-b10bafd4-cc06-4e81-8a2f-dfe27fd2d808/datanode-1/data/ratis/ab9f9cd0-2e03-48bf-8806-eb5a9ecd428e has been successfully formatted.
2021-07-27 03:54:11,661 [pool-119-thread-1] INFO  ratis.ContainerStateMachine (ContainerStateMachine.java:loadSnapshot(223)) - group-EB5A9ECD428E: The snapshot info is null. Setting the last applied indexto:(t:0, i:~)
2021-07-27 03:54:11,661 [pool-119-thread-1] INFO  server.RaftServerConfigKeys (ConfUtils.java:logGet(44)) - raft.server.notification.no-leader.timeout = 300s (custom)
2021-07-27 03:54:11,661 [pool-119-thread-1] INFO  server.RaftServerConfigKeys (ConfUtils.java:logGet(44)) - raft.server.log.use.memory = false (default)
2021-07-27 03:54:11,661 [pool-119-thread-1] INFO  server.RaftServerConfigKeys (ConfUtils.java:logGet(44)) - raft.server.log.purge.gap = 1000000 (custom)
2021-07-27 03:54:11,661 [pool-119-thread-1] INFO  server.RaftServerConfigKeys (ConfUtils.java:logGet(44)) - raft.server.log.appender.buffer.byte-limit = 33554432 (custom)
2021-07-27 03:54:11,661 [pool-119-thread-1] INFO  server.RaftServerConfigKeys (ConfUtils.java:logGet(44)) - raft.server.log.segment.size.max = 1048576 (custom)
2021-07-27 03:54:11,662 [pool-119-thread-1] INFO  server.RaftServerConfigKeys (ConfUtils.java:logGet(44)) - raft.server.log.segment.cache.num.max = 2 (custom)
2021-07-27 03:54:11,662 [pool-119-thread-1] INFO  server.RaftServerConfigKeys (ConfUtils.java:logGet(44)) - raft.server.log.segment.cache.size.max = 200MB (=209715200) (default)
2021-07-27 03:54:11,662 [pool-119-thread-1] INFO  segmented.SegmentedRaftLogWorker (SegmentedRaftLogWorker.java:<init>(182)) - new a8e533e5-40e7-4f21-b2bc-3ac63ac938bf@group-EB5A9ECD428E-SegmentedRaftLogWorker for RaftStorageImpl:Storage Directory /home/runner/work/ozone/ozone/mnt/ozone/hadoop-ozone/integration-test/target/test-dir/MiniOzoneClusterImpl-b10bafd4-cc06-4e81-8a2f-dfe27fd2d808/datanode-1/data/ratis/ab9f9cd0-2e03-48bf-8806-eb5a9ecd428e
2021-07-27 03:54:11,662 [pool-119-thread-1] INFO  server.RaftServerConfigKeys (ConfUtils.java:logGet(44)) - raft.server.log.queue.byte-limit = 2147483647 (custom)
2021-07-27 03:54:11,662 [pool-119-thread-1] INFO  server.RaftServerConfigKeys (ConfUtils.java:logGet(44)) - raft.server.log.queue.element-limit = 1024 (custom)
2021-07-27 03:54:11,662 [pool-119-thread-1] INFO  server.RaftServerConfigKeys (ConfUtils.java:logGet(44)) - raft.server.log.segment.size.max = 1048576 (custom)
2021-07-27 03:54:11,662 [pool-119-thread-1] INFO  server.RaftServerConfigKeys (ConfUtils.java:logGet(44)) - raft.server.log.preallocated.size = 16384 (custom)
2021-07-27 03:54:11,662 [pool-119-thread-1] INFO  server.RaftServerConfigKeys (ConfUtils.java:logGet(44)) - raft.server.log.force.sync.num = 128 (default)
2021-07-27 03:54:11,662 [pool-119-thread-1] INFO  server.RaftServerConfigKeys (ConfUtils.java:logGet(44)) - raft.server.log.statemachine.data.sync = true (default)
2021-07-27 03:54:11,662 [pool-119-thread-1] INFO  server.RaftServerConfigKeys (ConfUtils.java:logGet(44)) - raft.server.log.statemachine.data.sync.timeout = 10s (default)
2021-07-27 03:54:11,662 [pool-119-thread-1] INFO  server.RaftServerConfigKeys (ConfUtils.java:logGet(44)) - raft.server.log.statemachine.data.sync.timeout.retry = -1 (default)
2021-07-27 03:54:11,663 [pool-119-thread-1] INFO  server.RaftServerConfigKeys (ConfUtils.java:logGet(44)) - raft.server.log.write.buffer.size = 1048576 (custom)
2021-07-27 03:54:11,663 [pool-119-thread-1] INFO  server.RaftServerConfigKeys (ConfUtils.java:logGet(44)) - raft.server.log.statemachine.data.caching.enabled = true (custom)
2021-07-27 03:54:11,663 [pool-119-thread-1] INFO  segmented.SegmentedRaftLogWorker (SegmentedRaftLogWorker.java:lambda$new$0(133)) - a8e533e5-40e7-4f21-b2bc-3ac63ac938bf@group-EB5A9ECD428E-SegmentedRaftLogWorker: flushIndex: setUnconditionally 0 -> -1
2021-07-27 03:54:11,663 [pool-119-thread-1] INFO  segmented.SegmentedRaftLogWorker (SegmentedRaftLogWorker.java:lambda$new$0(133)) - a8e533e5-40e7-4f21-b2bc-3ac63ac938bf@group-EB5A9ECD428E-SegmentedRaftLogWorker: safeCacheEvictIndex: setUnconditionally 0 -> -1
2021-07-27 03:54:11,670 [pool-119-thread-1] INFO  server.RaftServerConfigKeys (ConfUtils.java:logGet(44)) - raft.server.snapshot.auto.trigger.enabled = true (custom)
2021-07-27 03:54:11,670 [pool-119-thread-1] INFO  server.RaftServerConfigKeys (ConfUtils.java:logGet(44)) - raft.server.snapshot.auto.trigger.threshold = 10000 (custom)
2021-07-27 03:54:11,670 [pool-119-thread-1] INFO  server.RaftServerConfigKeys (ConfUtils.java:logGet(44)) - raft.server.snapshot.retention.file.num = 5 (custom)
2021-07-27 03:54:11,671 [pool-119-thread-1] INFO  server.RaftServerConfigKeys (ConfUtils.java:logGet(44)) - raft.server.log.purge.upto.snapshot.index = false (default)
2021-07-27 03:54:11,671 [pool-119-thread-1] INFO  server.RaftServerConfigKeys (ConfUtils.java:logGet(44)) - raft.server.retrycache.expirytime = 600000ms (custom)
2021-07-27 03:54:11,671 [pool-119-thread-1] INFO  server.RaftServerConfigKeys (ConfUtils.java:logGet(44)) - raft.server.retrycache.statistics.expirytime = 100μs (default)
2021-07-27 03:54:11,672 [pool-119-thread-1] INFO  server.RaftServer$Division (RaftServerImpl.java:start(296)) - a8e533e5-40e7-4f21-b2bc-3ac63ac938bf@group-EB5A9ECD428E: start as a follower, conf=-1: [a8e533e5-40e7-4f21-b2bc-3ac63ac938bf|rpc:127.0.0.1:46277|priority:0, b95eb893-7480-4c40-af1e-675e082ede40|rpc:127.0.0.1:39359|priority:0, b696075b-dbd5-4684-809e-56516b71197a|rpc:127.0.0.1:38127|priority:1], old=null
2021-07-27 03:54:11,672 [pool-119-thread-1] INFO  server.RaftServer$Division (RaftServerImpl.java:setRole(285)) - a8e533e5-40e7-4f21-b2bc-3ac63ac938bf@group-EB5A9ECD428E: changes role from      null to FOLLOWER at term 0 for startAsFollower
2021-07-27 03:54:11,672 [pool-119-thread-1] INFO  impl.RoleInfo (RoleInfo.java:updateAndGet(130)) - a8e533e5-40e7-4f21-b2bc-3ac63ac938bf: start a8e533e5-40e7-4f21-b2bc-3ac63ac938bf@group-EB5A9ECD428E-FollowerState
2021-07-27 03:54:11,675 [pool-119-thread-1] INFO  util.JmxRegister (JmxRegister.java:tryRegister(44)) - Successfully registered JMX Bean with object name Ratis:service=RaftServer,group=group-EB5A9ECD428E,id=a8e533e5-40e7-4f21-b2bc-3ac63ac938bf
2021-07-27 03:54:11,676 [EventQueue-OpenPipelineForHealthyPipelineSafeModeRule] INFO  safemode.SCMSafeModeManager (HealthyPipelineSafeModeRule.java:process(124)) - SCM in safe mode. Healthy pipelines reported count is 0, required healthy pipeline reported count is 1
2021-07-27 03:54:11,681 [Command processor thread] INFO  ratis.XceiverServerRatis (XceiverServerRatis.java:addGroup(759)) - Created group PipelineID=ab9f9cd0-2e03-48bf-8806-eb5a9ecd428e
2021-07-27 03:54:11,754 [grpc-default-executor-2] INFO  server.RaftServer (RaftServerProxy.java:addNew(95)) - b95eb893-7480-4c40-af1e-675e082ede40: addNew group-EB5A9ECD428E:[a8e533e5-40e7-4f21-b2bc-3ac63ac938bf|rpc:127.0.0.1:46277|dataStream:|priority:0, b95eb893-7480-4c40-af1e-675e082ede40|rpc:127.0.0.1:39359|dataStream:|priority:0, b696075b-dbd5-4684-809e-56516b71197a|rpc:127.0.0.1:38127|dataStream:|priority:1] returns group-EB5A9ECD428E:java.util.concurrent.CompletableFuture@5881f98c[Not completed]
2021-07-27 03:54:11,755 [pool-137-thread-1] INFO  server.RaftServer$Division (RaftServerImpl.java:<init>(181)) - b95eb893-7480-4c40-af1e-675e082ede40: new RaftServerImpl for group-EB5A9ECD428E:[a8e533e5-40e7-4f21-b2bc-3ac63ac938bf|rpc:127.0.0.1:46277|dataStream:|priority:0, b95eb893-7480-4c40-af1e-675e082ede40|rpc:127.0.0.1:39359|dataStream:|priority:0, b696075b-dbd5-4684-809e-56516b71197a|rpc:127.0.0.1:38127|dataStream:|priority:1] with ContainerStateMachine:uninitialized
2021-07-27 03:54:11,755 [pool-137-thread-1] INFO  server.RaftServerConfigKeys (ConfUtils.java:logGet(44)) - raft.server.rpc.timeout.min = 5s (custom)
2021-07-27 03:54:11,755 [pool-137-thread-1] INFO  server.RaftServerConfigKeys (ConfUtils.java:logGet(44)) - raft.server.rpc.timeout.max = 5200ms (custom)
2021-07-27 03:54:11,755 [pool-137-thread-1] INFO  server.RaftServerConfigKeys (ConfUtils.java:logGet(44)) - raft.server.rpc.sleep.time = 25ms (default)
2021-07-27 03:54:11,755 [pool-137-thread-1] INFO  server.RaftServerConfigKeys (ConfUtils.java:logGet(44)) - raft.server.rpc.slowness.timeout = 300s (custom)
2021-07-27 03:54:11,755 [pool-137-thread-1] INFO  server.RaftServerConfigKeys (ConfUtils.java:logGet(44)) - raft.server.leaderelection.leader.step-down.wait-time = 10s (default)
2021-07-27 03:54:11,755 [pool-137-thread-1] INFO  server.RaftServerConfigKeys (ConfUtils.java:logGet(44)) - raft.server.sleep.deviation.threshold = 300ms (default)
2021-07-27 03:54:11,755 [pool-137-thread-1] INFO  server.RaftServerConfigKeys (ConfUtils.java:logGet(44)) - raft.server.log.appender.install.snapshot.enabled = false (custom)
2021-07-27 03:54:11,755 [pool-137-thread-1] INFO  server.RaftServer$Division (ServerState.java:<init>(105)) - b95eb893-7480-4c40-af1e-675e082ede40@group-EB5A9ECD428E: ConfigurationManager, init=-1: [a8e533e5-40e7-4f21-b2bc-3ac63ac938bf|rpc:127.0.0.1:46277|dataStream:|priority:0, b95eb893-7480-4c40-af1e-675e082ede40|rpc:127.0.0.1:39359|dataStream:|priority:0, b696075b-dbd5-4684-809e-56516b71197a|rpc:127.0.0.1:38127|dataStream:|priority:1], old=null, confs=<EMPTY_MAP>
2021-07-27 03:54:11,755 [pool-137-thread-1] INFO  server.RaftServerConfigKeys (ConfUtils.java:logGet(44)) - raft.server.storage.dir = [/home/runner/work/ozone/ozone/mnt/ozone/hadoop-ozone/integration-test/target/test-dir/MiniOzoneClusterImpl-b10bafd4-cc06-4e81-8a2f-dfe27fd2d808/datanode-2/data/ratis] (custom)
2021-07-27 03:54:11,755 [pool-137-thread-1] INFO  server.RaftServerConfigKeys (ConfUtils.java:logGet(44)) - raft.server.log.corruption.policy = EXCEPTION (default)
2021-07-27 03:54:11,755 [pool-137-thread-1] INFO  server.RaftServerConfigKeys (ConfUtils.java:logGet(44)) - raft.server.storage.free-space.min = 0MB (=0) (default)
2021-07-27 03:54:11,755 [pool-137-thread-1] INFO  storage.RaftStorageDirectory (RaftStorageDirectoryImpl.java:analyzeStorage(135)) - The storage directory /home/runner/work/ozone/ozone/mnt/ozone/hadoop-ozone/integration-test/target/test-dir/MiniOzoneClusterImpl-b10bafd4-cc06-4e81-8a2f-dfe27fd2d808/datanode-2/data/ratis/ab9f9cd0-2e03-48bf-8806-eb5a9ecd428e does not exist. Creating ...
2021-07-27 03:54:11,757 [pool-137-thread-1] INFO  storage.RaftStorageDirectory (RaftStorageDirectoryImpl.java:tryLock(230)) - Lock on /home/runner/work/ozone/ozone/mnt/ozone/hadoop-ozone/integration-test/target/test-dir/MiniOzoneClusterImpl-b10bafd4-cc06-4e81-8a2f-dfe27fd2d808/datanode-2/data/ratis/ab9f9cd0-2e03-48bf-8806-eb5a9ecd428e/in_use.lock acquired by nodename 18840@fv-az148-176
2021-07-27 03:54:11,758 [pool-137-thread-1] INFO  storage.RaftStorage (RaftStorageImpl.java:format(89)) - Storage directory /home/runner/work/ozone/ozone/mnt/ozone/hadoop-ozone/integration-test/target/test-dir/MiniOzoneClusterImpl-b10bafd4-cc06-4e81-8a2f-dfe27fd2d808/datanode-2/data/ratis/ab9f9cd0-2e03-48bf-8806-eb5a9ecd428e has been successfully formatted.
2021-07-27 03:54:11,758 [pool-137-thread-1] INFO  ratis.ContainerStateMachine (ContainerStateMachine.java:loadSnapshot(223)) - group-EB5A9ECD428E: The snapshot info is null. Setting the last applied indexto:(t:0, i:~)
2021-07-27 03:54:11,758 [pool-137-thread-1] INFO  server.RaftServerConfigKeys (ConfUtils.java:logGet(44)) - raft.server.notification.no-leader.timeout = 300s (custom)
2021-07-27 03:54:11,758 [pool-137-thread-1] INFO  server.RaftServerConfigKeys (ConfUtils.java:logGet(44)) - raft.server.log.use.memory = false (default)
2021-07-27 03:54:11,758 [pool-137-thread-1] INFO  server.RaftServerConfigKeys (ConfUtils.java:logGet(44)) - raft.server.log.purge.gap = 1000000 (custom)
2021-07-27 03:54:11,759 [pool-137-thread-1] INFO  server.RaftServerConfigKeys (ConfUtils.java:logGet(44)) - raft.server.log.appender.buffer.byte-limit = 33554432 (custom)
2021-07-27 03:54:11,759 [pool-137-thread-1] INFO  server.RaftServerConfigKeys (ConfUtils.java:logGet(44)) - raft.server.log.segment.size.max = 1048576 (custom)
2021-07-27 03:54:11,759 [pool-137-thread-1] INFO  server.RaftServerConfigKeys (ConfUtils.java:logGet(44)) - raft.server.log.segment.cache.num.max = 2 (custom)
2021-07-27 03:54:11,759 [pool-137-thread-1] INFO  server.RaftServerConfigKeys (ConfUtils.java:logGet(44)) - raft.server.log.segment.cache.size.max = 200MB (=209715200) (default)
2021-07-27 03:54:11,759 [pool-137-thread-1] INFO  segmented.SegmentedRaftLogWorker (SegmentedRaftLogWorker.java:<init>(182)) - new b95eb893-7480-4c40-af1e-675e082ede40@group-EB5A9ECD428E-SegmentedRaftLogWorker for RaftStorageImpl:Storage Directory /home/runner/work/ozone/ozone/mnt/ozone/hadoop-ozone/integration-test/target/test-dir/MiniOzoneClusterImpl-b10bafd4-cc06-4e81-8a2f-dfe27fd2d808/datanode-2/data/ratis/ab9f9cd0-2e03-48bf-8806-eb5a9ecd428e
2021-07-27 03:54:11,759 [pool-137-thread-1] INFO  server.RaftServerConfigKeys (ConfUtils.java:logGet(44)) - raft.server.log.queue.byte-limit = 2147483647 (custom)
2021-07-27 03:54:11,759 [pool-137-thread-1] INFO  server.RaftServerConfigKeys (ConfUtils.java:logGet(44)) - raft.server.log.queue.element-limit = 1024 (custom)
2021-07-27 03:54:11,759 [pool-137-thread-1] INFO  server.RaftServerConfigKeys (ConfUtils.java:logGet(44)) - raft.server.log.segment.size.max = 1048576 (custom)
2021-07-27 03:54:11,759 [pool-137-thread-1] INFO  server.RaftServerConfigKeys (ConfUtils.java:logGet(44)) - raft.server.log.preallocated.size = 16384 (custom)
2021-07-27 03:54:11,759 [pool-137-thread-1] INFO  server.RaftServerConfigKeys (ConfUtils.java:logGet(44)) - raft.server.log.force.sync.num = 128 (default)
2021-07-27 03:54:11,759 [pool-137-thread-1] INFO  server.RaftServerConfigKeys (ConfUtils.java:logGet(44)) - raft.server.log.statemachine.data.sync = true (default)
2021-07-27 03:54:11,759 [pool-137-thread-1] INFO  server.RaftServerConfigKeys (ConfUtils.java:logGet(44)) - raft.server.log.statemachine.data.sync.timeout = 10s (default)
2021-07-27 03:54:11,759 [pool-137-thread-1] INFO  server.RaftServerConfigKeys (ConfUtils.java:logGet(44)) - raft.server.log.statemachine.data.sync.timeout.retry = -1 (default)
2021-07-27 03:54:11,760 [Datanode State Machine Thread - 0] WARN  statemachine.StateContext (StateContext.java:execute(621)) - No available thread in pool for past 1 seconds.
2021-07-27 03:54:11,761 [pool-137-thread-1] INFO  server.RaftServerConfigKeys (ConfUtils.java:logGet(44)) - raft.server.log.write.buffer.size = 1048576 (custom)
2021-07-27 03:54:11,761 [pool-137-thread-1] INFO  server.RaftServerConfigKeys (ConfUtils.java:logGet(44)) - raft.server.log.statemachine.data.caching.enabled = true (custom)
2021-07-27 03:54:11,761 [pool-137-thread-1] INFO  segmented.SegmentedRaftLogWorker (SegmentedRaftLogWorker.java:lambda$new$0(133)) - b95eb893-7480-4c40-af1e-675e082ede40@group-EB5A9ECD428E-SegmentedRaftLogWorker: flushIndex: setUnconditionally 0 -> -1
2021-07-27 03:54:11,761 [pool-137-thread-1] INFO  segmented.SegmentedRaftLogWorker (SegmentedRaftLogWorker.java:lambda$new$0(133)) - b95eb893-7480-4c40-af1e-675e082ede40@group-EB5A9ECD428E-SegmentedRaftLogWorker: safeCacheEvictIndex: setUnconditionally 0 -> -1
2021-07-27 03:54:11,766 [pool-137-thread-1] INFO  server.RaftServerConfigKeys (ConfUtils.java:logGet(44)) - raft.server.snapshot.auto.trigger.enabled = true (custom)
2021-07-27 03:54:11,767 [pool-137-thread-1] INFO  server.RaftServerConfigKeys (ConfUtils.java:logGet(44)) - raft.server.snapshot.auto.trigger.threshold = 10000 (custom)
2021-07-27 03:54:11,767 [pool-137-thread-1] INFO  server.RaftServerConfigKeys (ConfUtils.java:logGet(44)) - raft.server.snapshot.retention.file.num = 5 (custom)
2021-07-27 03:54:11,767 [pool-137-thread-1] INFO  server.RaftServerConfigKeys (ConfUtils.java:logGet(44)) - raft.server.log.purge.upto.snapshot.index = false (default)
2021-07-27 03:54:11,767 [pool-137-thread-1] INFO  server.RaftServerConfigKeys (ConfUtils.java:logGet(44)) - raft.server.retrycache.expirytime = 600000ms (custom)
2021-07-27 03:54:11,767 [pool-137-thread-1] INFO  server.RaftServerConfigKeys (ConfUtils.java:logGet(44)) - raft.server.retrycache.statistics.expirytime = 100μs (default)
2021-07-27 03:54:11,768 [pool-137-thread-1] INFO  server.RaftServer$Division (RaftServerImpl.java:start(296)) - b95eb893-7480-4c40-af1e-675e082ede40@group-EB5A9ECD428E: start as a follower, conf=-1: [a8e533e5-40e7-4f21-b2bc-3ac63ac938bf|rpc:127.0.0.1:46277|dataStream:|priority:0, b95eb893-7480-4c40-af1e-675e082ede40|rpc:127.0.0.1:39359|dataStream:|priority:0, b696075b-dbd5-4684-809e-56516b71197a|rpc:127.0.0.1:38127|dataStream:|priority:1], old=null
2021-07-27 03:54:11,768 [pool-137-thread-1] INFO  server.RaftServer$Division (RaftServerImpl.java:setRole(285)) - b95eb893-7480-4c40-af1e-675e082ede40@group-EB5A9ECD428E: changes role from      null to FOLLOWER at term 0 for startAsFollower
2021-07-27 03:54:11,768 [pool-137-thread-1] INFO  impl.RoleInfo (RoleInfo.java:updateAndGet(130)) - b95eb893-7480-4c40-af1e-675e082ede40: start b95eb893-7480-4c40-af1e-675e082ede40@group-EB5A9ECD428E-FollowerState
2021-07-27 03:54:11,774 [pool-137-thread-1] INFO  util.JmxRegister (JmxRegister.java:tryRegister(44)) - Successfully registered JMX Bean with object name Ratis:service=RaftServer,group=group-EB5A9ECD428E,id=b95eb893-7480-4c40-af1e-675e082ede40
2021-07-27 03:54:11,787 [Command processor thread] INFO  commandhandler.CreatePipelineCommandHandler (CreatePipelineCommandHandler.java:handle(106)) - Created Pipeline RATIS THREE PipelineID=ab9f9cd0-2e03-48bf-8806-eb5a9ecd428e.
2021-07-27 03:54:11,787 [Command processor thread] INFO  commandhandler.CreatePipelineCommandHandler (CreatePipelineCommandHandler.java:handle(106)) - Created Pipeline RATIS THREE PipelineID=ab9f9cd0-2e03-48bf-8806-eb5a9ecd428e.
2021-07-27 03:54:11,792 [Command processor thread] INFO  server.RaftServer (RaftServerProxy.java:addNew(95)) - b95eb893-7480-4c40-af1e-675e082ede40: addNew group-14EBC33B74A1:[b95eb893-7480-4c40-af1e-675e082ede40|rpc:127.0.0.1:39359|priority:1] returns group-14EBC33B74A1:java.util.concurrent.CompletableFuture@174e4b02[Not completed]
2021-07-27 03:54:11,793 [pool-137-thread-1] INFO  server.RaftServer$Division (RaftServerImpl.java:<init>(181)) - b95eb893-7480-4c40-af1e-675e082ede40: new RaftServerImpl for group-14EBC33B74A1:[b95eb893-7480-4c40-af1e-675e082ede40|rpc:127.0.0.1:39359|priority:1] with ContainerStateMachine:uninitialized
2021-07-27 03:54:11,793 [pool-137-thread-1] INFO  server.RaftServerConfigKeys (ConfUtils.java:logGet(44)) - raft.server.rpc.timeout.min = 5s (custom)
2021-07-27 03:54:11,793 [pool-137-thread-1] INFO  server.RaftServerConfigKeys (ConfUtils.java:logGet(44)) - raft.server.rpc.timeout.max = 5200ms (custom)
2021-07-27 03:54:11,793 [pool-137-thread-1] INFO  server.RaftServerConfigKeys (ConfUtils.java:logGet(44)) - raft.server.rpc.sleep.time = 25ms (default)
2021-07-27 03:54:11,793 [pool-137-thread-1] INFO  server.RaftServerConfigKeys (ConfUtils.java:logGet(44)) - raft.server.rpc.slowness.timeout = 300s (custom)
2021-07-27 03:54:11,793 [pool-137-thread-1] INFO  server.RaftServerConfigKeys (ConfUtils.java:logGet(44)) - raft.server.leaderelection.leader.step-down.wait-time = 10s (default)
2021-07-27 03:54:11,793 [pool-137-thread-1] INFO  server.RaftServerConfigKeys (ConfUtils.java:logGet(44)) - raft.server.sleep.deviation.threshold = 300ms (default)
2021-07-27 03:54:11,793 [pool-137-thread-1] INFO  server.RaftServerConfigKeys (ConfUtils.java:logGet(44)) - raft.server.log.appender.install.snapshot.enabled = false (custom)
2021-07-27 03:54:11,793 [pool-137-thread-1] INFO  server.RaftServer$Division (ServerState.java:<init>(105)) - b95eb893-7480-4c40-af1e-675e082ede40@group-14EBC33B74A1: ConfigurationManager, init=-1: [b95eb893-7480-4c40-af1e-675e082ede40|rpc:127.0.0.1:39359|priority:1], old=null, confs=<EMPTY_MAP>
2021-07-27 03:54:11,793 [pool-137-thread-1] INFO  server.RaftServerConfigKeys (ConfUtils.java:logGet(44)) - raft.server.storage.dir = [/home/runner/work/ozone/ozone/mnt/ozone/hadoop-ozone/integration-test/target/test-dir/MiniOzoneClusterImpl-b10bafd4-cc06-4e81-8a2f-dfe27fd2d808/datanode-2/data/ratis] (custom)
2021-07-27 03:54:11,794 [pool-137-thread-1] INFO  server.RaftServerConfigKeys (ConfUtils.java:logGet(44)) - raft.server.log.corruption.policy = EXCEPTION (default)
2021-07-27 03:54:11,794 [pool-137-thread-1] INFO  server.RaftServerConfigKeys (ConfUtils.java:logGet(44)) - raft.server.storage.free-space.min = 0MB (=0) (default)
2021-07-27 03:54:11,794 [pool-137-thread-1] INFO  storage.RaftStorageDirectory (RaftStorageDirectoryImpl.java:analyzeStorage(135)) - The storage directory /home/runner/work/ozone/ozone/mnt/ozone/hadoop-ozone/integration-test/target/test-dir/MiniOzoneClusterImpl-b10bafd4-cc06-4e81-8a2f-dfe27fd2d808/datanode-2/data/ratis/5bdd10f3-bf3b-4d2c-ace4-14ebc33b74a1 does not exist. Creating ...
2021-07-27 03:54:11,795 [pool-137-thread-1] INFO  storage.RaftStorageDirectory (RaftStorageDirectoryImpl.java:tryLock(230)) - Lock on /home/runner/work/ozone/ozone/mnt/ozone/hadoop-ozone/integration-test/target/test-dir/MiniOzoneClusterImpl-b10bafd4-cc06-4e81-8a2f-dfe27fd2d808/datanode-2/data/ratis/5bdd10f3-bf3b-4d2c-ace4-14ebc33b74a1/in_use.lock acquired by nodename 18840@fv-az148-176
2021-07-27 03:54:11,796 [Listener at 127.0.0.1/13336] INFO  ozone.MiniOzoneClusterImpl (MiniOzoneClusterImpl.java:lambda$waitForClusterToBeReady$0(235)) - Nodes are ready. Got 3 of 3 DN Heartbeats.
2021-07-27 03:54:11,796 [Listener at 127.0.0.1/13336] INFO  ozone.MiniOzoneClusterImpl (MiniOzoneClusterImpl.java:lambda$waitForClusterToBeReady$0(238)) - Waiting for cluster to exit safe mode
2021-07-27 03:54:11,796 [Listener at 127.0.0.1/13336] INFO  ozone.MiniOzoneClusterImpl (MiniOzoneClusterImpl.java:lambda$waitForClusterToBeReady$0(240)) - SCM became leader
2021-07-27 03:54:11,796 [pool-137-thread-1] INFO  storage.RaftStorage (RaftStorageImpl.java:format(89)) - Storage directory /home/runner/work/ozone/ozone/mnt/ozone/hadoop-ozone/integration-test/target/test-dir/MiniOzoneClusterImpl-b10bafd4-cc06-4e81-8a2f-dfe27fd2d808/datanode-2/data/ratis/5bdd10f3-bf3b-4d2c-ace4-14ebc33b74a1 has been successfully formatted.
2021-07-27 03:54:11,797 [Datanode State Machine Thread - 0] WARN  statemachine.StateContext (StateContext.java:execute(621)) - No available thread in pool for past 1 seconds.
2021-07-27 03:54:11,797 [pool-137-thread-1] INFO  ratis.ContainerStateMachine (ContainerStateMachine.java:loadSnapshot(223)) - group-14EBC33B74A1: The snapshot info is null. Setting the last applied indexto:(t:0, i:~)
2021-07-27 03:54:11,797 [pool-137-thread-1] INFO  server.RaftServerConfigKeys (ConfUtils.java:logGet(44)) - raft.server.notification.no-leader.timeout = 300s (custom)
2021-07-27 03:54:11,802 [pool-137-thread-1] INFO  server.RaftServerConfigKeys (ConfUtils.java:logGet(44)) - raft.server.log.use.memory = false (default)
2021-07-27 03:54:11,802 [pool-137-thread-1] INFO  server.RaftServerConfigKeys (ConfUtils.java:logGet(44)) - raft.server.log.purge.gap = 1000000 (custom)
2021-07-27 03:54:11,802 [pool-137-thread-1] INFO  server.RaftServerConfigKeys (ConfUtils.java:logGet(44)) - raft.server.log.appender.buffer.byte-limit = 33554432 (custom)
2021-07-27 03:54:11,803 [pool-137-thread-1] INFO  server.RaftServerConfigKeys (ConfUtils.java:logGet(44)) - raft.server.log.segment.size.max = 1048576 (custom)
2021-07-27 03:54:11,803 [EventQueue-PipelineReportForPipelineReportHandler] INFO  pipeline.PipelineManagerV2Impl (PipelineManagerV2Impl.java:openPipeline(283)) - Pipeline Pipeline[ Id: 5bdd10f3-bf3b-4d2c-ace4-14ebc33b74a1, Nodes: b95eb893-7480-4c40-af1e-675e082ede40{ip: 127.0.0.1, host: localhost, ports: [REPLICATION=43257, RATIS=39359, RATIS_ADMIN=39359, RATIS_SERVER=39359, STANDALONE=44903], networkLocation: /default-rack, certSerialId: null, persistedOpState: IN_SERVICE, persistedOpStateExpiryEpochSec: 0}, ReplicationConfig: RATIS/ONE, State:ALLOCATED, leaderId:b95eb893-7480-4c40-af1e-675e082ede40, CreationTimestamp2021-07-27T03:54:08.798Z[Etc/UTC]] moved to OPEN state
2021-07-27 03:54:11,804 [pool-137-thread-1] INFO  server.RaftServerConfigKeys (ConfUtils.java:logGet(44)) - raft.server.log.segment.cache.num.max = 2 (custom)
2021-07-27 03:54:11,804 [pool-137-thread-1] INFO  server.RaftServerConfigKeys (ConfUtils.java:logGet(44)) - raft.server.log.segment.cache.size.max = 200MB (=209715200) (default)
2021-07-27 03:54:11,804 [pool-137-thread-1] INFO  segmented.SegmentedRaftLogWorker (SegmentedRaftLogWorker.java:<init>(182)) - new b95eb893-7480-4c40-af1e-675e082ede40@group-14EBC33B74A1-SegmentedRaftLogWorker for RaftStorageImpl:Storage Directory /home/runner/work/ozone/ozone/mnt/ozone/hadoop-ozone/integration-test/target/test-dir/MiniOzoneClusterImpl-b10bafd4-cc06-4e81-8a2f-dfe27fd2d808/datanode-2/data/ratis/5bdd10f3-bf3b-4d2c-ace4-14ebc33b74a1
2021-07-27 03:54:11,805 [pool-137-thread-1] INFO  server.RaftServerConfigKeys (ConfUtils.java:logGet(44)) - raft.server.log.queue.byte-limit = 2147483647 (custom)
2021-07-27 03:54:11,805 [pool-137-thread-1] INFO  server.RaftServerConfigKeys (ConfUtils.java:logGet(44)) - raft.server.log.queue.element-limit = 1024 (custom)
2021-07-27 03:54:11,805 [pool-137-thread-1] INFO  server.RaftServerConfigKeys (ConfUtils.java:logGet(44)) - raft.server.log.segment.size.max = 1048576 (custom)
2021-07-27 03:54:11,805 [pool-137-thread-1] INFO  server.RaftServerConfigKeys (ConfUtils.java:logGet(44)) - raft.server.log.preallocated.size = 16384 (custom)
2021-07-27 03:54:11,805 [pool-137-thread-1] INFO  server.RaftServerConfigKeys (ConfUtils.java:logGet(44)) - raft.server.log.force.sync.num = 128 (default)
2021-07-27 03:54:11,805 [pool-137-thread-1] INFO  server.RaftServerConfigKeys (ConfUtils.java:logGet(44)) - raft.server.log.statemachine.data.sync = true (default)
2021-07-27 03:54:11,805 [pool-137-thread-1] INFO  server.RaftServerConfigKeys (ConfUtils.java:logGet(44)) - raft.server.log.statemachine.data.sync.timeout = 10s (default)
2021-07-27 03:54:11,805 [pool-137-thread-1] INFO  server.RaftServerConfigKeys (ConfUtils.java:logGet(44)) - raft.server.log.statemachine.data.sync.timeout.retry = -1 (default)
2021-07-27 03:54:11,806 [4a006e23-4982-42e1-b4c7-2415bb8d98a0@group-DFE27FD2D808-StateMachineUpdater] INFO  safemode.HealthyPipelineSafeModeRule (HealthyPipelineSafeModeRule.java:initializeRule(152)) - Refreshed total pipeline count is 0, healthy pipeline threshold count is 1
2021-07-27 03:54:11,810 [pool-137-thread-1] INFO  server.RaftServerConfigKeys (ConfUtils.java:logGet(44)) - raft.server.log.write.buffer.size = 1048576 (custom)
2021-07-27 03:54:11,810 [pool-137-thread-1] INFO  server.RaftServerConfigKeys (ConfUtils.java:logGet(44)) - raft.server.log.statemachine.data.caching.enabled = true (custom)
2021-07-27 03:54:11,811 [pool-137-thread-1] INFO  segmented.SegmentedRaftLogWorker (SegmentedRaftLogWorker.java:lambda$new$0(133)) - b95eb893-7480-4c40-af1e-675e082ede40@group-14EBC33B74A1-SegmentedRaftLogWorker: flushIndex: setUnconditionally 0 -> -1
2021-07-27 03:54:11,811 [pool-137-thread-1] INFO  segmented.SegmentedRaftLogWorker (SegmentedRaftLogWorker.java:lambda$new$0(133)) - b95eb893-7480-4c40-af1e-675e082ede40@group-14EBC33B74A1-SegmentedRaftLogWorker: safeCacheEvictIndex: setUnconditionally 0 -> -1
2021-07-27 03:54:11,814 [pool-137-thread-1] INFO  server.RaftServerConfigKeys (ConfUtils.java:logGet(44)) - raft.server.snapshot.auto.trigger.enabled = true (custom)
2021-07-27 03:54:11,814 [pool-137-thread-1] INFO  server.RaftServerConfigKeys (ConfUtils.java:logGet(44)) - raft.server.snapshot.auto.trigger.threshold = 10000 (custom)
2021-07-27 03:54:11,814 [pool-137-thread-1] INFO  server.RaftServerConfigKeys (ConfUtils.java:logGet(44)) - raft.server.snapshot.retention.file.num = 5 (custom)
2021-07-27 03:54:11,814 [pool-137-thread-1] INFO  server.RaftServerConfigKeys (ConfUtils.java:logGet(44)) - raft.server.log.purge.upto.snapshot.index = false (default)
2021-07-27 03:54:11,814 [pool-137-thread-1] INFO  server.RaftServerConfigKeys (ConfUtils.java:logGet(44)) - raft.server.retrycache.expirytime = 600000ms (custom)
2021-07-27 03:54:11,814 [EventQueue-PipelineReportForPipelineReportHandler] INFO  ha.SCMHAInvocationHandler (SCMHAInvocationHandler.java:invokeRatis(113)) - Invoking method public abstract void org.apache.hadoop.hdds.scm.pipeline.StateManager.updatePipelineState(org.apache.hadoop.hdds.protocol.proto.HddsProtos$PipelineID,org.apache.hadoop.hdds.protocol.proto.HddsProtos$PipelineState) throws java.io.IOException on target org.apache.hadoop.hdds.scm.ha.SCMRatisServerImpl@4b40b27a, cost 10961.937us
2021-07-27 03:54:11,814 [pool-137-thread-1] INFO  server.RaftServerConfigKeys (ConfUtils.java:logGet(44)) - raft.server.retrycache.statistics.expirytime = 100μs (default)
2021-07-27 03:54:11,815 [pool-137-thread-1] INFO  server.RaftServer$Division (RaftServerImpl.java:start(296)) - b95eb893-7480-4c40-af1e-675e082ede40@group-14EBC33B74A1: start as a follower, conf=-1: [b95eb893-7480-4c40-af1e-675e082ede40|rpc:127.0.0.1:39359|priority:1], old=null
2021-07-27 03:54:11,815 [pool-137-thread-1] INFO  server.RaftServer$Division (RaftServerImpl.java:setRole(285)) - b95eb893-7480-4c40-af1e-675e082ede40@group-14EBC33B74A1: changes role from      null to FOLLOWER at term 0 for startAsFollower
2021-07-27 03:54:11,815 [pool-137-thread-1] INFO  impl.RoleInfo (RoleInfo.java:updateAndGet(130)) - b95eb893-7480-4c40-af1e-675e082ede40: start b95eb893-7480-4c40-af1e-675e082ede40@group-14EBC33B74A1-FollowerState
2021-07-27 03:54:11,815 [EventQueue-OpenPipelineForHealthyPipelineSafeModeRule] INFO  safemode.SCMSafeModeManager (HealthyPipelineSafeModeRule.java:process(124)) - SCM in safe mode. Healthy pipelines reported count is 0, required healthy pipeline reported count is 1
2021-07-27 03:54:11,816 [pool-137-thread-1] INFO  util.JmxRegister (JmxRegister.java:tryRegister(44)) - Successfully registered JMX Bean with object name Ratis:service=RaftServer,group=group-14EBC33B74A1,id=b95eb893-7480-4c40-af1e-675e082ede40
2021-07-27 03:54:11,818 [Command processor thread] INFO  ratis.XceiverServerRatis (XceiverServerRatis.java:addGroup(759)) - Created group PipelineID=5bdd10f3-bf3b-4d2c-ace4-14ebc33b74a1
2021-07-27 03:54:11,818 [Command processor thread] INFO  commandhandler.CreatePipelineCommandHandler (CreatePipelineCommandHandler.java:handle(106)) - Created Pipeline RATIS ONE PipelineID=5bdd10f3-bf3b-4d2c-ace4-14ebc33b74a1.
2021-07-27 03:54:12,796 [Listener at 127.0.0.1/13336] INFO  ozone.MiniOzoneClusterImpl (MiniOzoneClusterImpl.java:lambda$waitForClusterToBeReady$0(235)) - Nodes are ready. Got 3 of 3 DN Heartbeats.
2021-07-27 03:54:12,796 [Listener at 127.0.0.1/13336] INFO  ozone.MiniOzoneClusterImpl (MiniOzoneClusterImpl.java:lambda$waitForClusterToBeReady$0(238)) - Waiting for cluster to exit safe mode
2021-07-27 03:54:12,796 [Listener at 127.0.0.1/13336] INFO  ozone.MiniOzoneClusterImpl (MiniOzoneClusterImpl.java:lambda$waitForClusterToBeReady$0(240)) - SCM became leader
2021-07-27 03:54:13,797 [Listener at 127.0.0.1/13336] INFO  ozone.MiniOzoneClusterImpl (MiniOzoneClusterImpl.java:lambda$waitForClusterToBeReady$0(235)) - Nodes are ready. Got 3 of 3 DN Heartbeats.
2021-07-27 03:54:13,797 [Listener at 127.0.0.1/13336] INFO  ozone.MiniOzoneClusterImpl (MiniOzoneClusterImpl.java:lambda$waitForClusterToBeReady$0(238)) - Waiting for cluster to exit safe mode
2021-07-27 03:54:13,797 [Listener at 127.0.0.1/13336] INFO  ozone.MiniOzoneClusterImpl (MiniOzoneClusterImpl.java:lambda$waitForClusterToBeReady$0(240)) - SCM became leader
2021-07-27 03:54:14,797 [Listener at 127.0.0.1/13336] INFO  ozone.MiniOzoneClusterImpl (MiniOzoneClusterImpl.java:lambda$waitForClusterToBeReady$0(235)) - Nodes are ready. Got 3 of 3 DN Heartbeats.
2021-07-27 03:54:14,798 [Listener at 127.0.0.1/13336] INFO  ozone.MiniOzoneClusterImpl (MiniOzoneClusterImpl.java:lambda$waitForClusterToBeReady$0(238)) - Waiting for cluster to exit safe mode
2021-07-27 03:54:14,798 [Listener at 127.0.0.1/13336] INFO  ozone.MiniOzoneClusterImpl (MiniOzoneClusterImpl.java:lambda$waitForClusterToBeReady$0(240)) - SCM became leader
2021-07-27 03:54:15,798 [Listener at 127.0.0.1/13336] INFO  ozone.MiniOzoneClusterImpl (MiniOzoneClusterImpl.java:lambda$waitForClusterToBeReady$0(235)) - Nodes are ready. Got 3 of 3 DN Heartbeats.
2021-07-27 03:54:15,798 [Listener at 127.0.0.1/13336] INFO  ozone.MiniOzoneClusterImpl (MiniOzoneClusterImpl.java:lambda$waitForClusterToBeReady$0(238)) - Waiting for cluster to exit safe mode
2021-07-27 03:54:15,798 [Listener at 127.0.0.1/13336] INFO  ozone.MiniOzoneClusterImpl (MiniOzoneClusterImpl.java:lambda$waitForClusterToBeReady$0(240)) - SCM became leader
2021-07-27 03:54:16,456 [b696075b-dbd5-4684-809e-56516b71197a@group-0DED3D8106BD-FollowerState] INFO  impl.FollowerState (FollowerState.java:run(134)) - b696075b-dbd5-4684-809e-56516b71197a@group-0DED3D8106BD-FollowerState: change to CANDIDATE, lastRpcElapsedTime:5038292209ns, electionTimeout:5037ms
2021-07-27 03:54:16,457 [b696075b-dbd5-4684-809e-56516b71197a@group-0DED3D8106BD-FollowerState] INFO  impl.RoleInfo (RoleInfo.java:shutdownFollowerState(108)) - b696075b-dbd5-4684-809e-56516b71197a: shutdown b696075b-dbd5-4684-809e-56516b71197a@group-0DED3D8106BD-FollowerState
2021-07-27 03:54:16,457 [b696075b-dbd5-4684-809e-56516b71197a@group-0DED3D8106BD-FollowerState] INFO  server.RaftServer$Division (RaftServerImpl.java:setRole(285)) - b696075b-dbd5-4684-809e-56516b71197a@group-0DED3D8106BD: changes role from  FOLLOWER to CANDIDATE at term 0 for changeToCandidate
2021-07-27 03:54:16,457 [b696075b-dbd5-4684-809e-56516b71197a@group-0DED3D8106BD-FollowerState] INFO  server.RaftServerConfigKeys (ConfUtils.java:logGet(44)) - raft.server.leaderelection.pre-vote = false (custom)
2021-07-27 03:54:16,457 [b696075b-dbd5-4684-809e-56516b71197a@group-0DED3D8106BD-FollowerState] INFO  impl.RoleInfo (RoleInfo.java:updateAndGet(130)) - b696075b-dbd5-4684-809e-56516b71197a: start b696075b-dbd5-4684-809e-56516b71197a@group-0DED3D8106BD-LeaderElection5
2021-07-27 03:54:16,464 [b696075b-dbd5-4684-809e-56516b71197a@group-0DED3D8106BD-LeaderElection5] INFO  impl.LeaderElection (LeaderElection.java:askForVotes(306)) - b696075b-dbd5-4684-809e-56516b71197a@group-0DED3D8106BD-LeaderElection5 ELECTION round 0: submit vote requests at term 1 for -1: [a8e533e5-40e7-4f21-b2bc-3ac63ac938bf|rpc:127.0.0.1:46277|priority:0, b95eb893-7480-4c40-af1e-675e082ede40|rpc:127.0.0.1:39359|priority:1, b696075b-dbd5-4684-809e-56516b71197a|rpc:127.0.0.1:38127|priority:0], old=null
2021-07-27 03:54:16,478 [grpc-default-executor-2] INFO  server.RaftServer$Division (RaftServerImpl.java:requestVote(1043)) - a8e533e5-40e7-4f21-b2bc-3ac63ac938bf@group-0DED3D8106BD: receive requestVote(ELECTION, b696075b-dbd5-4684-809e-56516b71197a, group-0DED3D8106BD, 1, (t:0, i:0))
2021-07-27 03:54:16,479 [grpc-default-executor-2] INFO  impl.VoteContext (VoteContext.java:log(48)) - a8e533e5-40e7-4f21-b2bc-3ac63ac938bf@group-0DED3D8106BD-FOLLOWER: accept ELECTION from b696075b-dbd5-4684-809e-56516b71197a: our priority 0 <= candidate's priority 0
2021-07-27 03:54:16,479 [grpc-default-executor-2] INFO  server.RaftServer$Division (RaftServerImpl.java:setRole(285)) - a8e533e5-40e7-4f21-b2bc-3ac63ac938bf@group-0DED3D8106BD: changes role from  FOLLOWER to FOLLOWER at term 1 for candidate:b696075b-dbd5-4684-809e-56516b71197a
2021-07-27 03:54:16,479 [grpc-default-executor-2] INFO  impl.RoleInfo (RoleInfo.java:shutdownFollowerState(108)) - a8e533e5-40e7-4f21-b2bc-3ac63ac938bf: shutdown a8e533e5-40e7-4f21-b2bc-3ac63ac938bf@group-0DED3D8106BD-FollowerState
2021-07-27 03:54:16,479 [grpc-default-executor-0] INFO  server.RaftServer$Division (RaftServerImpl.java:requestVote(1043)) - b95eb893-7480-4c40-af1e-675e082ede40@group-0DED3D8106BD: receive requestVote(ELECTION, b696075b-dbd5-4684-809e-56516b71197a, group-0DED3D8106BD, 1, (t:0, i:0))
2021-07-27 03:54:16,479 [a8e533e5-40e7-4f21-b2bc-3ac63ac938bf@group-0DED3D8106BD-FollowerState] INFO  impl.FollowerState (FollowerState.java:run(143)) - a8e533e5-40e7-4f21-b2bc-3ac63ac938bf@group-0DED3D8106BD-FollowerState was interrupted: {}
java.lang.InterruptedException: sleep interrupted
	at java.lang.Thread.sleep(Native Method)
	at java.lang.Thread.sleep(Thread.java:340)
	at java.util.concurrent.TimeUnit.sleep(TimeUnit.java:386)
	at org.apache.ratis.util.TimeDuration.sleep(TimeDuration.java:324)
	at org.apache.ratis.util.TimeDuration.sleep(TimeDuration.java:309)
	at org.apache.ratis.server.impl.FollowerState.run(FollowerState.java:118)
2021-07-27 03:54:16,479 [grpc-default-executor-2] INFO  impl.RoleInfo (RoleInfo.java:updateAndGet(130)) - a8e533e5-40e7-4f21-b2bc-3ac63ac938bf: start a8e533e5-40e7-4f21-b2bc-3ac63ac938bf@group-0DED3D8106BD-FollowerState
2021-07-27 03:54:16,479 [grpc-default-executor-0] INFO  impl.VoteContext (VoteContext.java:log(48)) - b95eb893-7480-4c40-af1e-675e082ede40@group-0DED3D8106BD-FOLLOWER: reject ELECTION from b696075b-dbd5-4684-809e-56516b71197a: our priority 1 > candidate's priority 0
2021-07-27 03:54:16,481 [grpc-default-executor-0] INFO  server.RaftServer$Division (RaftServerImpl.java:setRole(285)) - b95eb893-7480-4c40-af1e-675e082ede40@group-0DED3D8106BD: changes role from  FOLLOWER to FOLLOWER at term 1 for candidate:b696075b-dbd5-4684-809e-56516b71197a
2021-07-27 03:54:16,481 [grpc-default-executor-0] INFO  impl.RoleInfo (RoleInfo.java:shutdownFollowerState(108)) - b95eb893-7480-4c40-af1e-675e082ede40: shutdown b95eb893-7480-4c40-af1e-675e082ede40@group-0DED3D8106BD-FollowerState
2021-07-27 03:54:16,484 [grpc-default-executor-0] INFO  impl.RoleInfo (RoleInfo.java:updateAndGet(130)) - b95eb893-7480-4c40-af1e-675e082ede40: start b95eb893-7480-4c40-af1e-675e082ede40@group-0DED3D8106BD-FollowerState
2021-07-27 03:54:16,485 [b95eb893-7480-4c40-af1e-675e082ede40@group-0DED3D8106BD-FollowerState] INFO  impl.FollowerState (FollowerState.java:run(143)) - b95eb893-7480-4c40-af1e-675e082ede40@group-0DED3D8106BD-FollowerState was interrupted: {}
java.lang.InterruptedException: sleep interrupted
	at java.lang.Thread.sleep(Native Method)
	at java.lang.Thread.sleep(Thread.java:340)
	at java.util.concurrent.TimeUnit.sleep(TimeUnit.java:386)
	at org.apache.ratis.util.TimeDuration.sleep(TimeDuration.java:324)
	at org.apache.ratis.util.TimeDuration.sleep(TimeDuration.java:309)
	at org.apache.ratis.server.impl.FollowerState.run(FollowerState.java:118)
2021-07-27 03:54:16,486 [grpc-default-executor-0] INFO  server.RaftServer$Division (RaftServerImpl.java:requestVote(1075)) - b95eb893-7480-4c40-af1e-675e082ede40@group-0DED3D8106BD replies to ELECTION vote request: b696075b-dbd5-4684-809e-56516b71197a<-b95eb893-7480-4c40-af1e-675e082ede40#0:FAIL-t1. Peer's state: b95eb893-7480-4c40-af1e-675e082ede40@group-0DED3D8106BD:t1, leader=null, voted=null, raftlog=b95eb893-7480-4c40-af1e-675e082ede40@group-0DED3D8106BD-SegmentedRaftLog:OPENED:c-1,f-1,i0, conf=-1: [a8e533e5-40e7-4f21-b2bc-3ac63ac938bf|rpc:127.0.0.1:46277|dataStream:|priority:0, b95eb893-7480-4c40-af1e-675e082ede40|rpc:127.0.0.1:39359|dataStream:|priority:1, b696075b-dbd5-4684-809e-56516b71197a|rpc:127.0.0.1:38127|dataStream:|priority:0], old=null
2021-07-27 03:54:16,487 [grpc-default-executor-2] INFO  server.RaftServer$Division (RaftServerImpl.java:requestVote(1075)) - a8e533e5-40e7-4f21-b2bc-3ac63ac938bf@group-0DED3D8106BD replies to ELECTION vote request: b696075b-dbd5-4684-809e-56516b71197a<-a8e533e5-40e7-4f21-b2bc-3ac63ac938bf#0:OK-t1. Peer's state: a8e533e5-40e7-4f21-b2bc-3ac63ac938bf@group-0DED3D8106BD:t1, leader=null, voted=b696075b-dbd5-4684-809e-56516b71197a, raftlog=a8e533e5-40e7-4f21-b2bc-3ac63ac938bf@group-0DED3D8106BD-SegmentedRaftLog:OPENED:c-1,f-1,i0, conf=-1: [a8e533e5-40e7-4f21-b2bc-3ac63ac938bf|rpc:127.0.0.1:46277|dataStream:|priority:0, b95eb893-7480-4c40-af1e-675e082ede40|rpc:127.0.0.1:39359|dataStream:|priority:1, b696075b-dbd5-4684-809e-56516b71197a|rpc:127.0.0.1:38127|dataStream:|priority:0], old=null
2021-07-27 03:54:16,488 [b696075b-dbd5-4684-809e-56516b71197a@group-0DED3D8106BD-LeaderElection5] INFO  impl.LeaderElection (LeaderElection.java:logAndReturn(89)) - b696075b-dbd5-4684-809e-56516b71197a@group-0DED3D8106BD-LeaderElection5: ELECTION REJECTED received 2 response(s) and 0 exception(s):
2021-07-27 03:54:16,489 [b696075b-dbd5-4684-809e-56516b71197a@group-0DED3D8106BD-LeaderElection5] INFO  impl.LeaderElection (LeaderElection.java:logAndReturn(93)) -   Response 0: b696075b-dbd5-4684-809e-56516b71197a<-a8e533e5-40e7-4f21-b2bc-3ac63ac938bf#0:OK-t1
2021-07-27 03:54:16,489 [b696075b-dbd5-4684-809e-56516b71197a@group-0DED3D8106BD-LeaderElection5] INFO  impl.LeaderElection (LeaderElection.java:logAndReturn(93)) -   Response 1: b696075b-dbd5-4684-809e-56516b71197a<-b95eb893-7480-4c40-af1e-675e082ede40#0:FAIL-t1
2021-07-27 03:54:16,489 [b696075b-dbd5-4684-809e-56516b71197a@group-0DED3D8106BD-LeaderElection5] INFO  impl.LeaderElection (LeaderElection.java:askForVotes(308)) - b696075b-dbd5-4684-809e-56516b71197a@group-0DED3D8106BD-LeaderElection5 ELECTION round 0: result REJECTED
2021-07-27 03:54:16,489 [b696075b-dbd5-4684-809e-56516b71197a@group-0DED3D8106BD-LeaderElection5] INFO  server.RaftServer$Division (RaftServerImpl.java:setRole(285)) - b696075b-dbd5-4684-809e-56516b71197a@group-0DED3D8106BD: changes role from CANDIDATE to FOLLOWER at term 1 for REJECTED
2021-07-27 03:54:16,489 [b696075b-dbd5-4684-809e-56516b71197a@group-0DED3D8106BD-LeaderElection5] INFO  impl.RoleInfo (RoleInfo.java:shutdownLeaderElection(121)) - b696075b-dbd5-4684-809e-56516b71197a: shutdown b696075b-dbd5-4684-809e-56516b71197a@group-0DED3D8106BD-LeaderElection5
2021-07-27 03:54:16,489 [b696075b-dbd5-4684-809e-56516b71197a@group-0DED3D8106BD-LeaderElection5] INFO  impl.RoleInfo (RoleInfo.java:updateAndGet(130)) - b696075b-dbd5-4684-809e-56516b71197a: start b696075b-dbd5-4684-809e-56516b71197a@group-0DED3D8106BD-FollowerState
2021-07-27 03:54:16,515 [b696075b-dbd5-4684-809e-56516b71197a@group-4B928317D1BC-FollowerState] INFO  impl.FollowerState (FollowerState.java:run(134)) - b696075b-dbd5-4684-809e-56516b71197a@group-4B928317D1BC-FollowerState: change to CANDIDATE, lastRpcElapsedTime:5141021403ns, electionTimeout:5140ms
2021-07-27 03:54:16,516 [b696075b-dbd5-4684-809e-56516b71197a@group-4B928317D1BC-FollowerState] INFO  impl.RoleInfo (RoleInfo.java:shutdownFollowerState(108)) - b696075b-dbd5-4684-809e-56516b71197a: shutdown b696075b-dbd5-4684-809e-56516b71197a@group-4B928317D1BC-FollowerState
2021-07-27 03:54:16,516 [b696075b-dbd5-4684-809e-56516b71197a@group-4B928317D1BC-FollowerState] INFO  server.RaftServer$Division (RaftServerImpl.java:setRole(285)) - b696075b-dbd5-4684-809e-56516b71197a@group-4B928317D1BC: changes role from  FOLLOWER to CANDIDATE at term 0 for changeToCandidate
2021-07-27 03:54:16,516 [b696075b-dbd5-4684-809e-56516b71197a@group-4B928317D1BC-FollowerState] INFO  server.RaftServerConfigKeys (ConfUtils.java:logGet(44)) - raft.server.leaderelection.pre-vote = false (custom)
2021-07-27 03:54:16,516 [b696075b-dbd5-4684-809e-56516b71197a@group-4B928317D1BC-FollowerState] INFO  impl.RoleInfo (RoleInfo.java:updateAndGet(130)) - b696075b-dbd5-4684-809e-56516b71197a: start b696075b-dbd5-4684-809e-56516b71197a@group-4B928317D1BC-LeaderElection6
2021-07-27 03:54:16,520 [b696075b-dbd5-4684-809e-56516b71197a@group-4B928317D1BC-LeaderElection6] INFO  impl.LeaderElection (LeaderElection.java:askForVotes(306)) - b696075b-dbd5-4684-809e-56516b71197a@group-4B928317D1BC-LeaderElection6 ELECTION round 0: submit vote requests at term 1 for -1: [b696075b-dbd5-4684-809e-56516b71197a|rpc:127.0.0.1:38127|priority:1], old=null
2021-07-27 03:54:16,520 [b696075b-dbd5-4684-809e-56516b71197a@group-4B928317D1BC-LeaderElection6] INFO  impl.LeaderElection (LeaderElection.java:askForVotes(308)) - b696075b-dbd5-4684-809e-56516b71197a@group-4B928317D1BC-LeaderElection6 ELECTION round 0: result PASSED (term=1)
2021-07-27 03:54:16,520 [b696075b-dbd5-4684-809e-56516b71197a@group-4B928317D1BC-LeaderElection6] INFO  impl.RoleInfo (RoleInfo.java:shutdownLeaderElection(121)) - b696075b-dbd5-4684-809e-56516b71197a: shutdown b696075b-dbd5-4684-809e-56516b71197a@group-4B928317D1BC-LeaderElection6
2021-07-27 03:54:16,520 [b696075b-dbd5-4684-809e-56516b71197a@group-4B928317D1BC-LeaderElection6] INFO  server.RaftServer$Division (RaftServerImpl.java:setRole(285)) - b696075b-dbd5-4684-809e-56516b71197a@group-4B928317D1BC: changes role from CANDIDATE to LEADER at term 1 for changeToLeader
2021-07-27 03:54:16,520 [b696075b-dbd5-4684-809e-56516b71197a@group-4B928317D1BC-LeaderElection6] INFO  ratis.XceiverServerRatis (XceiverServerRatis.java:handleLeaderChangedNotification(857)) - Leader change notification received for group: group-4B928317D1BC with new leaderId: b696075b-dbd5-4684-809e-56516b71197a
2021-07-27 03:54:16,521 [Datanode State Machine Thread - 0] WARN  statemachine.StateContext (StateContext.java:execute(621)) - No available thread in pool for past 1 seconds.
2021-07-27 03:54:16,521 [b696075b-dbd5-4684-809e-56516b71197a@group-4B928317D1BC-LeaderElection6] INFO  server.RaftServer$Division (ServerState.java:setLeader(285)) - b696075b-dbd5-4684-809e-56516b71197a@group-4B928317D1BC: change Leader from null to b696075b-dbd5-4684-809e-56516b71197a at term 1 for becomeLeader, leader elected after 5169ms
2021-07-27 03:54:16,521 [b696075b-dbd5-4684-809e-56516b71197a@group-4B928317D1BC-LeaderElection6] INFO  server.RaftServerConfigKeys (ConfUtils.java:logGet(44)) - raft.server.staging.catchup.gap = 1000 (default)
2021-07-27 03:54:16,522 [EventQueue-OpenPipelineForHealthyPipelineSafeModeRule] INFO  safemode.SCMSafeModeManager (HealthyPipelineSafeModeRule.java:process(124)) - SCM in safe mode. Healthy pipelines reported count is 0, required healthy pipeline reported count is 1
2021-07-27 03:54:16,523 [b696075b-dbd5-4684-809e-56516b71197a@group-4B928317D1BC-LeaderElection6] INFO  server.RaftServerConfigKeys (ConfUtils.java:logGet(44)) - raft.server.write.element-limit = 1024 (custom)
2021-07-27 03:54:16,523 [b696075b-dbd5-4684-809e-56516b71197a@group-4B928317D1BC-LeaderElection6] INFO  server.RaftServerConfigKeys (ConfUtils.java:logGet(44)) - raft.server.write.byte-limit = 1073741824 (custom)
2021-07-27 03:54:16,523 [b696075b-dbd5-4684-809e-56516b71197a@group-4B928317D1BC-LeaderElection6] INFO  server.RaftServerConfigKeys (ConfUtils.java:logGet(44)) - raft.server.watch.timeout = 180s (custom)
2021-07-27 03:54:16,523 [b696075b-dbd5-4684-809e-56516b71197a@group-4B928317D1BC-LeaderElection6] INFO  server.RaftServerConfigKeys (ConfUtils.java:logGet(44)) - raft.server.watch.timeout.denomination = 1s (default)
2021-07-27 03:54:16,523 [b696075b-dbd5-4684-809e-56516b71197a@group-4B928317D1BC-LeaderElection6] INFO  server.RaftServerConfigKeys (ConfUtils.java:logGet(44)) - raft.server.watch.element-limit = 65536 (default)
2021-07-27 03:54:16,523 [b696075b-dbd5-4684-809e-56516b71197a@group-4B928317D1BC-LeaderElection6] INFO  impl.RoleInfo (RoleInfo.java:updateAndGet(130)) - b696075b-dbd5-4684-809e-56516b71197a: start b696075b-dbd5-4684-809e-56516b71197a@group-4B928317D1BC-LeaderStateImpl
2021-07-27 03:54:16,524 [b696075b-dbd5-4684-809e-56516b71197a@group-4B928317D1BC-LeaderElection6] INFO  segmented.SegmentedRaftLogWorker (SegmentedRaftLogWorker.java:startLogSegment(394)) - b696075b-dbd5-4684-809e-56516b71197a@group-4B928317D1BC-SegmentedRaftLogWorker: Starting segment from index:0
2021-07-27 03:54:16,525 [b696075b-dbd5-4684-809e-56516b71197a@group-4B928317D1BC-SegmentedRaftLogWorker] INFO  segmented.SegmentedRaftLogWorker (SegmentedRaftLogWorker.java:execute(601)) - b696075b-dbd5-4684-809e-56516b71197a@group-4B928317D1BC-SegmentedRaftLogWorker: created new log segment /home/runner/work/ozone/ozone/mnt/ozone/hadoop-ozone/integration-test/target/test-dir/MiniOzoneClusterImpl-b10bafd4-cc06-4e81-8a2f-dfe27fd2d808/datanode-0/data/ratis/08755523-7b8a-40db-9773-4b928317d1bc/current/log_inprogress_0
2021-07-27 03:54:16,530 [b696075b-dbd5-4684-809e-56516b71197a@group-4B928317D1BC-LeaderElection6] INFO  server.RaftServer$Division (ServerState.java:setRaftConf(387)) - b696075b-dbd5-4684-809e-56516b71197a@group-4B928317D1BC: set configuration 0: [b696075b-dbd5-4684-809e-56516b71197a|rpc:127.0.0.1:38127|dataStream:|priority:1], old=null
2021-07-27 03:54:16,664 [b696075b-dbd5-4684-809e-56516b71197a@group-EB5A9ECD428E-FollowerState] INFO  impl.FollowerState (FollowerState.java:run(134)) - b696075b-dbd5-4684-809e-56516b71197a@group-EB5A9ECD428E-FollowerState: change to CANDIDATE, lastRpcElapsedTime:5040803203ns, electionTimeout:5033ms
2021-07-27 03:54:16,666 [b696075b-dbd5-4684-809e-56516b71197a@group-EB5A9ECD428E-FollowerState] INFO  impl.RoleInfo (RoleInfo.java:shutdownFollowerState(108)) - b696075b-dbd5-4684-809e-56516b71197a: shutdown b696075b-dbd5-4684-809e-56516b71197a@group-EB5A9ECD428E-FollowerState
2021-07-27 03:54:16,666 [b696075b-dbd5-4684-809e-56516b71197a@group-EB5A9ECD428E-FollowerState] INFO  server.RaftServer$Division (RaftServerImpl.java:setRole(285)) - b696075b-dbd5-4684-809e-56516b71197a@group-EB5A9ECD428E: changes role from  FOLLOWER to CANDIDATE at term 0 for changeToCandidate
2021-07-27 03:54:16,666 [b696075b-dbd5-4684-809e-56516b71197a@group-EB5A9ECD428E-FollowerState] INFO  server.RaftServerConfigKeys (ConfUtils.java:logGet(44)) - raft.server.leaderelection.pre-vote = false (custom)
2021-07-27 03:54:16,666 [b696075b-dbd5-4684-809e-56516b71197a@group-EB5A9ECD428E-FollowerState] INFO  impl.RoleInfo (RoleInfo.java:updateAndGet(130)) - b696075b-dbd5-4684-809e-56516b71197a: start b696075b-dbd5-4684-809e-56516b71197a@group-EB5A9ECD428E-LeaderElection7
2021-07-27 03:54:16,671 [b696075b-dbd5-4684-809e-56516b71197a@group-EB5A9ECD428E-LeaderElection7] INFO  impl.LeaderElection (LeaderElection.java:askForVotes(306)) - b696075b-dbd5-4684-809e-56516b71197a@group-EB5A9ECD428E-LeaderElection7 ELECTION round 0: submit vote requests at term 1 for -1: [a8e533e5-40e7-4f21-b2bc-3ac63ac938bf|rpc:127.0.0.1:46277|priority:0, b95eb893-7480-4c40-af1e-675e082ede40|rpc:127.0.0.1:39359|priority:0, b696075b-dbd5-4684-809e-56516b71197a|rpc:127.0.0.1:38127|priority:1], old=null
2021-07-27 03:54:16,676 [grpc-default-executor-2] INFO  server.RaftServer$Division (RaftServerImpl.java:requestVote(1043)) - a8e533e5-40e7-4f21-b2bc-3ac63ac938bf@group-EB5A9ECD428E: receive requestVote(ELECTION, b696075b-dbd5-4684-809e-56516b71197a, group-EB5A9ECD428E, 1, (t:0, i:0))
2021-07-27 03:54:16,676 [grpc-default-executor-2] INFO  impl.VoteContext (VoteContext.java:log(48)) - a8e533e5-40e7-4f21-b2bc-3ac63ac938bf@group-EB5A9ECD428E-FOLLOWER: accept ELECTION from b696075b-dbd5-4684-809e-56516b71197a: our priority 0 <= candidate's priority 1
2021-07-27 03:54:16,676 [grpc-default-executor-2] INFO  server.RaftServer$Division (RaftServerImpl.java:setRole(285)) - a8e533e5-40e7-4f21-b2bc-3ac63ac938bf@group-EB5A9ECD428E: changes role from  FOLLOWER to FOLLOWER at term 1 for candidate:b696075b-dbd5-4684-809e-56516b71197a
2021-07-27 03:54:16,676 [grpc-default-executor-2] INFO  impl.RoleInfo (RoleInfo.java:shutdownFollowerState(108)) - a8e533e5-40e7-4f21-b2bc-3ac63ac938bf: shutdown a8e533e5-40e7-4f21-b2bc-3ac63ac938bf@group-EB5A9ECD428E-FollowerState
2021-07-27 03:54:16,676 [grpc-default-executor-2] INFO  impl.RoleInfo (RoleInfo.java:updateAndGet(130)) - a8e533e5-40e7-4f21-b2bc-3ac63ac938bf: start a8e533e5-40e7-4f21-b2bc-3ac63ac938bf@group-EB5A9ECD428E-FollowerState
2021-07-27 03:54:16,677 [a8e533e5-40e7-4f21-b2bc-3ac63ac938bf@group-EB5A9ECD428E-FollowerState] INFO  impl.FollowerState (FollowerState.java:run(143)) - a8e533e5-40e7-4f21-b2bc-3ac63ac938bf@group-EB5A9ECD428E-FollowerState was interrupted: {}
java.lang.InterruptedException: sleep interrupted
	at java.lang.Thread.sleep(Native Method)
	at java.lang.Thread.sleep(Thread.java:340)
	at java.util.concurrent.TimeUnit.sleep(TimeUnit.java:386)
	at org.apache.ratis.util.TimeDuration.sleep(TimeDuration.java:324)
	at org.apache.ratis.util.TimeDuration.sleep(TimeDuration.java:309)
	at org.apache.ratis.server.impl.FollowerState.run(FollowerState.java:118)
2021-07-27 03:54:16,678 [grpc-default-executor-2] INFO  server.RaftServer$Division (RaftServerImpl.java:requestVote(1075)) - a8e533e5-40e7-4f21-b2bc-3ac63ac938bf@group-EB5A9ECD428E replies to ELECTION vote request: b696075b-dbd5-4684-809e-56516b71197a<-a8e533e5-40e7-4f21-b2bc-3ac63ac938bf#0:OK-t1. Peer's state: a8e533e5-40e7-4f21-b2bc-3ac63ac938bf@group-EB5A9ECD428E:t1, leader=null, voted=b696075b-dbd5-4684-809e-56516b71197a, raftlog=a8e533e5-40e7-4f21-b2bc-3ac63ac938bf@group-EB5A9ECD428E-SegmentedRaftLog:OPENED:c-1,f-1,i0, conf=-1: [a8e533e5-40e7-4f21-b2bc-3ac63ac938bf|rpc:127.0.0.1:46277|priority:0, b95eb893-7480-4c40-af1e-675e082ede40|rpc:127.0.0.1:39359|priority:0, b696075b-dbd5-4684-809e-56516b71197a|rpc:127.0.0.1:38127|priority:1], old=null
2021-07-27 03:54:16,680 [grpc-default-executor-0] INFO  server.RaftServer$Division (RaftServerImpl.java:requestVote(1043)) - b95eb893-7480-4c40-af1e-675e082ede40@group-EB5A9ECD428E: receive requestVote(ELECTION, b696075b-dbd5-4684-809e-56516b71197a, group-EB5A9ECD428E, 1, (t:0, i:0))
2021-07-27 03:54:16,680 [grpc-default-executor-0] INFO  impl.VoteContext (VoteContext.java:log(48)) - b95eb893-7480-4c40-af1e-675e082ede40@group-EB5A9ECD428E-FOLLOWER: accept ELECTION from b696075b-dbd5-4684-809e-56516b71197a: our priority 0 <= candidate's priority 1
2021-07-27 03:54:16,680 [grpc-default-executor-0] INFO  server.RaftServer$Division (RaftServerImpl.java:setRole(285)) - b95eb893-7480-4c40-af1e-675e082ede40@group-EB5A9ECD428E: changes role from  FOLLOWER to FOLLOWER at term 1 for candidate:b696075b-dbd5-4684-809e-56516b71197a
2021-07-27 03:54:16,680 [grpc-default-executor-0] INFO  impl.RoleInfo (RoleInfo.java:shutdownFollowerState(108)) - b95eb893-7480-4c40-af1e-675e082ede40: shutdown b95eb893-7480-4c40-af1e-675e082ede40@group-EB5A9ECD428E-FollowerState
2021-07-27 03:54:16,680 [grpc-default-executor-0] INFO  impl.RoleInfo (RoleInfo.java:updateAndGet(130)) - b95eb893-7480-4c40-af1e-675e082ede40: start b95eb893-7480-4c40-af1e-675e082ede40@group-EB5A9ECD428E-FollowerState
2021-07-27 03:54:16,680 [b95eb893-7480-4c40-af1e-675e082ede40@group-EB5A9ECD428E-FollowerState] INFO  impl.FollowerState (FollowerState.java:run(143)) - b95eb893-7480-4c40-af1e-675e082ede40@group-EB5A9ECD428E-FollowerState was interrupted: {}
java.lang.InterruptedException: sleep interrupted
	at java.lang.Thread.sleep(Native Method)
	at java.lang.Thread.sleep(Thread.java:340)
	at java.util.concurrent.TimeUnit.sleep(TimeUnit.java:386)
	at org.apache.ratis.util.TimeDuration.sleep(TimeDuration.java:324)
	at org.apache.ratis.util.TimeDuration.sleep(TimeDuration.java:309)
	at org.apache.ratis.server.impl.FollowerState.run(FollowerState.java:118)
2021-07-27 03:54:16,682 [b696075b-dbd5-4684-809e-56516b71197a@group-EB5A9ECD428E-LeaderElection7] INFO  impl.LeaderElection (LeaderElection.java:logAndReturn(89)) - b696075b-dbd5-4684-809e-56516b71197a@group-EB5A9ECD428E-LeaderElection7: ELECTION PASSED received 1 response(s) and 0 exception(s):
2021-07-27 03:54:16,682 [b696075b-dbd5-4684-809e-56516b71197a@group-EB5A9ECD428E-LeaderElection7] INFO  impl.LeaderElection (LeaderElection.java:logAndReturn(93)) -   Response 0: b696075b-dbd5-4684-809e-56516b71197a<-a8e533e5-40e7-4f21-b2bc-3ac63ac938bf#0:OK-t1
2021-07-27 03:54:16,682 [b696075b-dbd5-4684-809e-56516b71197a@group-EB5A9ECD428E-LeaderElection7] INFO  impl.LeaderElection (LeaderElection.java:askForVotes(308)) - b696075b-dbd5-4684-809e-56516b71197a@group-EB5A9ECD428E-LeaderElection7 ELECTION round 0: result PASSED
2021-07-27 03:54:16,682 [b696075b-dbd5-4684-809e-56516b71197a@group-EB5A9ECD428E-LeaderElection7] INFO  impl.RoleInfo (RoleInfo.java:shutdownLeaderElection(121)) - b696075b-dbd5-4684-809e-56516b71197a: shutdown b696075b-dbd5-4684-809e-56516b71197a@group-EB5A9ECD428E-LeaderElection7
2021-07-27 03:54:16,685 [b696075b-dbd5-4684-809e-56516b71197a@group-EB5A9ECD428E-LeaderElection7] INFO  server.RaftServer$Division (RaftServerImpl.java:setRole(285)) - b696075b-dbd5-4684-809e-56516b71197a@group-EB5A9ECD428E: changes role from CANDIDATE to LEADER at term 1 for changeToLeader
2021-07-27 03:54:16,685 [b696075b-dbd5-4684-809e-56516b71197a@group-EB5A9ECD428E-LeaderElection7] INFO  ratis.XceiverServerRatis (XceiverServerRatis.java:handleLeaderChangedNotification(857)) - Leader change notification received for group: group-EB5A9ECD428E with new leaderId: b696075b-dbd5-4684-809e-56516b71197a
2021-07-27 03:54:16,685 [b696075b-dbd5-4684-809e-56516b71197a@group-EB5A9ECD428E-LeaderElection7] INFO  server.RaftServer$Division (ServerState.java:setLeader(285)) - b696075b-dbd5-4684-809e-56516b71197a@group-EB5A9ECD428E: change Leader from null to b696075b-dbd5-4684-809e-56516b71197a at term 1 for becomeLeader, leader elected after 5073ms
2021-07-27 03:54:16,686 [b696075b-dbd5-4684-809e-56516b71197a@group-EB5A9ECD428E-LeaderElection7] INFO  server.RaftServerConfigKeys (ConfUtils.java:logGet(44)) - raft.server.staging.catchup.gap = 1000 (default)
2021-07-27 03:54:16,686 [b696075b-dbd5-4684-809e-56516b71197a@group-EB5A9ECD428E-LeaderElection7] INFO  server.RaftServerConfigKeys (ConfUtils.java:logGet(44)) - raft.server.write.element-limit = 1024 (custom)
2021-07-27 03:54:16,686 [b696075b-dbd5-4684-809e-56516b71197a@group-EB5A9ECD428E-LeaderElection7] INFO  server.RaftServerConfigKeys (ConfUtils.java:logGet(44)) - raft.server.write.byte-limit = 1073741824 (custom)
2021-07-27 03:54:16,687 [b696075b-dbd5-4684-809e-56516b71197a@group-EB5A9ECD428E-LeaderElection7] INFO  server.RaftServerConfigKeys (ConfUtils.java:logGet(44)) - raft.server.watch.timeout = 180s (custom)
2021-07-27 03:54:16,687 [EventQueue-PipelineReportForPipelineReportHandler] INFO  pipeline.PipelineManagerV2Impl (PipelineManagerV2Impl.java:openPipeline(283)) - Pipeline Pipeline[ Id: ab9f9cd0-2e03-48bf-8806-eb5a9ecd428e, Nodes: a8e533e5-40e7-4f21-b2bc-3ac63ac938bf{ip: 127.0.0.1, host: localhost, ports: [REPLICATION=46177, RATIS=46277, RATIS_ADMIN=46277, RATIS_SERVER=46277, STANDALONE=34629], networkLocation: /default-rack, certSerialId: null, persistedOpState: IN_SERVICE, persistedOpStateExpiryEpochSec: 0}b696075b-dbd5-4684-809e-56516b71197a{ip: 127.0.0.1, host: localhost, ports: [REPLICATION=36473, RATIS=38127, RATIS_ADMIN=38127, RATIS_SERVER=38127, STANDALONE=44549], networkLocation: /default-rack, certSerialId: null, persistedOpState: IN_SERVICE, persistedOpStateExpiryEpochSec: 0}b95eb893-7480-4c40-af1e-675e082ede40{ip: 127.0.0.1, host: localhost, ports: [REPLICATION=43257, RATIS=39359, RATIS_ADMIN=39359, RATIS_SERVER=39359, STANDALONE=44903], networkLocation: /default-rack, certSerialId: null, persistedOpState: IN_SERVICE, persistedOpStateExpiryEpochSec: 0}, ReplicationConfig: RATIS/THREE, State:ALLOCATED, leaderId:b696075b-dbd5-4684-809e-56516b71197a, CreationTimestamp2021-07-27T03:54:08.816Z[Etc/UTC]] moved to OPEN state
2021-07-27 03:54:16,687 [b696075b-dbd5-4684-809e-56516b71197a@group-EB5A9ECD428E-LeaderElection7] INFO  server.RaftServerConfigKeys (ConfUtils.java:logGet(44)) - raft.server.watch.timeout.denomination = 1s (default)
2021-07-27 03:54:16,688 [b696075b-dbd5-4684-809e-56516b71197a@group-EB5A9ECD428E-LeaderElection7] INFO  server.RaftServerConfigKeys (ConfUtils.java:logGet(44)) - raft.server.watch.element-limit = 65536 (default)
2021-07-27 03:54:16,688 [b696075b-dbd5-4684-809e-56516b71197a@group-EB5A9ECD428E-LeaderElection7] INFO  server.RaftServerConfigKeys (ConfUtils.java:logGet(44)) - raft.server.log.appender.snapshot.chunk.size.max = 16MB (=16777216) (default)
2021-07-27 03:54:16,688 [b696075b-dbd5-4684-809e-56516b71197a@group-EB5A9ECD428E-LeaderElection7] INFO  server.RaftServerConfigKeys (ConfUtils.java:logGet(44)) - raft.server.log.appender.buffer.byte-limit = 33554432 (custom)
2021-07-27 03:54:16,688 [b696075b-dbd5-4684-809e-56516b71197a@group-EB5A9ECD428E-LeaderElection7] INFO  server.RaftServerConfigKeys (ConfUtils.java:logGet(44)) - raft.server.log.appender.buffer.element-limit = 1 (custom)
2021-07-27 03:54:16,688 [b696075b-dbd5-4684-809e-56516b71197a@group-EB5A9ECD428E-LeaderElection7] INFO  grpc.GrpcConfigKeys (ConfUtils.java:logGet(44)) - raft.grpc.server.leader.outstanding.appends.max = 128 (default)
2021-07-27 03:54:16,688 [b696075b-dbd5-4684-809e-56516b71197a@group-EB5A9ECD428E-LeaderElection7] INFO  server.RaftServerConfigKeys (ConfUtils.java:logGet(44)) - raft.server.rpc.request.timeout = 60s (custom)
2021-07-27 03:54:16,688 [b696075b-dbd5-4684-809e-56516b71197a@group-EB5A9ECD428E-LeaderElection7] INFO  server.RaftServerConfigKeys (ConfUtils.java:logGet(44)) - raft.server.log.appender.install.snapshot.enabled = false (custom)
2021-07-27 03:54:16,689 [grpc-default-executor-0] INFO  server.RaftServer$Division (RaftServerImpl.java:requestVote(1075)) - b95eb893-7480-4c40-af1e-675e082ede40@group-EB5A9ECD428E replies to ELECTION vote request: b696075b-dbd5-4684-809e-56516b71197a<-b95eb893-7480-4c40-af1e-675e082ede40#0:OK-t1. Peer's state: b95eb893-7480-4c40-af1e-675e082ede40@group-EB5A9ECD428E:t1, leader=null, voted=b696075b-dbd5-4684-809e-56516b71197a, raftlog=b95eb893-7480-4c40-af1e-675e082ede40@group-EB5A9ECD428E-SegmentedRaftLog:OPENED:c-1,f-1,i0, conf=-1: [a8e533e5-40e7-4f21-b2bc-3ac63ac938bf|rpc:127.0.0.1:46277|dataStream:|priority:0, b95eb893-7480-4c40-af1e-675e082ede40|rpc:127.0.0.1:39359|dataStream:|priority:0, b696075b-dbd5-4684-809e-56516b71197a|rpc:127.0.0.1:38127|dataStream:|priority:1], old=null
2021-07-27 03:54:16,692 [a8e533e5-40e7-4f21-b2bc-3ac63ac938bf@group-CDCD358541BA-FollowerState] INFO  impl.FollowerState (FollowerState.java:run(134)) - a8e533e5-40e7-4f21-b2bc-3ac63ac938bf@group-CDCD358541BA-FollowerState: change to CANDIDATE, lastRpcElapsedTime:5054439345ns, electionTimeout:5050ms
2021-07-27 03:54:16,693 [a8e533e5-40e7-4f21-b2bc-3ac63ac938bf@group-CDCD358541BA-FollowerState] INFO  impl.RoleInfo (RoleInfo.java:shutdownFollowerState(108)) - a8e533e5-40e7-4f21-b2bc-3ac63ac938bf: shutdown a8e533e5-40e7-4f21-b2bc-3ac63ac938bf@group-CDCD358541BA-FollowerState
2021-07-27 03:54:16,693 [a8e533e5-40e7-4f21-b2bc-3ac63ac938bf@group-CDCD358541BA-FollowerState] INFO  server.RaftServer$Division (RaftServerImpl.java:setRole(285)) - a8e533e5-40e7-4f21-b2bc-3ac63ac938bf@group-CDCD358541BA: changes role from  FOLLOWER to CANDIDATE at term 0 for changeToCandidate
2021-07-27 03:54:16,693 [a8e533e5-40e7-4f21-b2bc-3ac63ac938bf@group-CDCD358541BA-FollowerState] INFO  server.RaftServerConfigKeys (ConfUtils.java:logGet(44)) - raft.server.leaderelection.pre-vote = false (custom)
2021-07-27 03:54:16,694 [a8e533e5-40e7-4f21-b2bc-3ac63ac938bf@group-CDCD358541BA-FollowerState] INFO  impl.RoleInfo (RoleInfo.java:updateAndGet(130)) - a8e533e5-40e7-4f21-b2bc-3ac63ac938bf: start a8e533e5-40e7-4f21-b2bc-3ac63ac938bf@group-CDCD358541BA-LeaderElection8
2021-07-27 03:54:16,695 [4a006e23-4982-42e1-b4c7-2415bb8d98a0@group-DFE27FD2D808-StateMachineUpdater] INFO  safemode.HealthyPipelineSafeModeRule (HealthyPipelineSafeModeRule.java:initializeRule(152)) - Refreshed total pipeline count is 1, healthy pipeline threshold count is 1
2021-07-27 03:54:16,700 [EventQueue-PipelineReportForPipelineReportHandler] INFO  ha.SCMHAInvocationHandler (SCMHAInvocationHandler.java:invokeRatis(113)) - Invoking method public abstract void org.apache.hadoop.hdds.scm.pipeline.StateManager.updatePipelineState(org.apache.hadoop.hdds.protocol.proto.HddsProtos$PipelineID,org.apache.hadoop.hdds.protocol.proto.HddsProtos$PipelineState) throws java.io.IOException on target org.apache.hadoop.hdds.scm.ha.SCMRatisServerImpl@4b40b27a, cost 12446.595us
2021-07-27 03:54:16,692 [b696075b-dbd5-4684-809e-56516b71197a@group-EB5A9ECD428E-LeaderElection7] INFO  server.RaftServerConfigKeys (ConfUtils.java:logGet(44)) - raft.server.log.appender.snapshot.chunk.size.max = 16MB (=16777216) (default)
2021-07-27 03:54:16,700 [EventQueue-OpenPipelineForHealthyPipelineSafeModeRule] INFO  safemode.SCMSafeModeManager (HealthyPipelineSafeModeRule.java:process(124)) - SCM in safe mode. Healthy pipelines reported count is 1, required healthy pipeline reported count is 1
2021-07-27 03:54:16,700 [EventQueue-OpenPipelineForHealthyPipelineSafeModeRule] INFO  safemode.SCMSafeModeManager (SCMSafeModeManager.java:validateSafeModeExitRules(204)) - HealthyPipelineSafeModeRule rule is successfully validated
2021-07-27 03:54:16,700 [b696075b-dbd5-4684-809e-56516b71197a@group-EB5A9ECD428E-LeaderElection7] INFO  server.RaftServerConfigKeys (ConfUtils.java:logGet(44)) - raft.server.log.appender.buffer.byte-limit = 33554432 (custom)
2021-07-27 03:54:16,701 [EventQueue-OpenPipelineForHealthyPipelineSafeModeRule] INFO  safemode.SCMSafeModeManager (SCMSafeModeManager.java:validateSafeModeExitRules(219)) - ScmSafeModeManager, all rules are successfully validated
2021-07-27 03:54:16,701 [b696075b-dbd5-4684-809e-56516b71197a@group-EB5A9ECD428E-LeaderElection7] INFO  server.RaftServerConfigKeys (ConfUtils.java:logGet(44)) - raft.server.log.appender.buffer.element-limit = 1 (custom)
2021-07-27 03:54:16,701 [EventQueue-OpenPipelineForHealthyPipelineSafeModeRule] INFO  safemode.SCMSafeModeManager (SCMSafeModeManager.java:exitSafeMode(248)) - SCM exiting safe mode.
2021-07-27 03:54:16,701 [b696075b-dbd5-4684-809e-56516b71197a@group-EB5A9ECD428E-LeaderElection7] INFO  grpc.GrpcConfigKeys (ConfUtils.java:logGet(44)) - raft.grpc.server.leader.outstanding.appends.max = 128 (default)
2021-07-27 03:54:16,701 [EventQueue-OpenPipelineForHealthyPipelineSafeModeRule] WARN  events.EventQueue (EventQueue.java:fireEvent(194)) - No event handler registered for event TypedEvent{payloadType=SafeModeStatus, name='Safe mode status'}
2021-07-27 03:54:16,706 [b696075b-dbd5-4684-809e-56516b71197a@group-EB5A9ECD428E-LeaderElection7] INFO  server.RaftServerConfigKeys (ConfUtils.java:logGet(44)) - raft.server.rpc.request.timeout = 60s (custom)
2021-07-27 03:54:16,706 [EventQueue-OpenPipelineForHealthyPipelineSafeModeRule] INFO  ha.SCMContext (SCMContext.java:updateSafeModeStatus(205)) - Update SafeModeStatus from SafeModeStatus{safeModeStatus=true, preCheckPassed=true} to SafeModeStatus{safeModeStatus=false, preCheckPassed=true}.
2021-07-27 03:54:16,706 [b696075b-dbd5-4684-809e-56516b71197a@group-EB5A9ECD428E-LeaderElection7] INFO  server.RaftServerConfigKeys (ConfUtils.java:logGet(44)) - raft.server.log.appender.install.snapshot.enabled = false (custom)
2021-07-27 03:54:16,706 [EventQueue-OpenPipelineForHealthyPipelineSafeModeRule] INFO  container.ReplicationManager (ReplicationManager.java:notifyStatusChanged(1686)) - Service ReplicationManager transitions to RUNNING.
2021-07-27 03:54:16,706 [b696075b-dbd5-4684-809e-56516b71197a@group-EB5A9ECD428E-LeaderElection7] INFO  impl.RoleInfo (RoleInfo.java:updateAndGet(130)) - b696075b-dbd5-4684-809e-56516b71197a: start b696075b-dbd5-4684-809e-56516b71197a@group-EB5A9ECD428E-LeaderStateImpl
2021-07-27 03:54:16,710 [a8e533e5-40e7-4f21-b2bc-3ac63ac938bf@group-CDCD358541BA-LeaderElection8] INFO  impl.LeaderElection (LeaderElection.java:askForVotes(306)) - a8e533e5-40e7-4f21-b2bc-3ac63ac938bf@group-CDCD358541BA-LeaderElection8 ELECTION round 0: submit vote requests at term 1 for -1: [a8e533e5-40e7-4f21-b2bc-3ac63ac938bf|rpc:127.0.0.1:46277|priority:1], old=null
2021-07-27 03:54:16,710 [a8e533e5-40e7-4f21-b2bc-3ac63ac938bf@group-CDCD358541BA-LeaderElection8] INFO  impl.LeaderElection (LeaderElection.java:askForVotes(308)) - a8e533e5-40e7-4f21-b2bc-3ac63ac938bf@group-CDCD358541BA-LeaderElection8 ELECTION round 0: result PASSED (term=1)
2021-07-27 03:54:16,710 [a8e533e5-40e7-4f21-b2bc-3ac63ac938bf@group-CDCD358541BA-LeaderElection8] INFO  impl.RoleInfo (RoleInfo.java:shutdownLeaderElection(121)) - a8e533e5-40e7-4f21-b2bc-3ac63ac938bf: shutdown a8e533e5-40e7-4f21-b2bc-3ac63ac938bf@group-CDCD358541BA-LeaderElection8
2021-07-27 03:54:16,710 [a8e533e5-40e7-4f21-b2bc-3ac63ac938bf@group-CDCD358541BA-LeaderElection8] INFO  server.RaftServer$Division (RaftServerImpl.java:setRole(285)) - a8e533e5-40e7-4f21-b2bc-3ac63ac938bf@group-CDCD358541BA: changes role from CANDIDATE to LEADER at term 1 for changeToLeader
2021-07-27 03:54:16,710 [a8e533e5-40e7-4f21-b2bc-3ac63ac938bf@group-CDCD358541BA-LeaderElection8] INFO  ratis.XceiverServerRatis (XceiverServerRatis.java:handleLeaderChangedNotification(857)) - Leader change notification received for group: group-CDCD358541BA with new leaderId: a8e533e5-40e7-4f21-b2bc-3ac63ac938bf
2021-07-27 03:54:16,711 [a8e533e5-40e7-4f21-b2bc-3ac63ac938bf@group-CDCD358541BA-LeaderElection8] INFO  server.RaftServer$Division (ServerState.java:setLeader(285)) - a8e533e5-40e7-4f21-b2bc-3ac63ac938bf@group-CDCD358541BA: change Leader from null to a8e533e5-40e7-4f21-b2bc-3ac63ac938bf at term 1 for becomeLeader, leader elected after 5098ms
2021-07-27 03:54:16,711 [a8e533e5-40e7-4f21-b2bc-3ac63ac938bf@group-CDCD358541BA-LeaderElection8] INFO  server.RaftServerConfigKeys (ConfUtils.java:logGet(44)) - raft.server.staging.catchup.gap = 1000 (default)
2021-07-27 03:54:16,711 [Datanode State Machine Thread - 0] WARN  statemachine.StateContext (StateContext.java:execute(621)) - No available thread in pool for past 1 seconds.
2021-07-27 03:54:16,711 [a8e533e5-40e7-4f21-b2bc-3ac63ac938bf@group-CDCD358541BA-LeaderElection8] INFO  server.RaftServerConfigKeys (ConfUtils.java:logGet(44)) - raft.server.write.element-limit = 1024 (custom)
2021-07-27 03:54:16,711 [a8e533e5-40e7-4f21-b2bc-3ac63ac938bf@group-CDCD358541BA-LeaderElection8] INFO  server.RaftServerConfigKeys (ConfUtils.java:logGet(44)) - raft.server.write.byte-limit = 1073741824 (custom)
2021-07-27 03:54:16,711 [a8e533e5-40e7-4f21-b2bc-3ac63ac938bf@group-CDCD358541BA-LeaderElection8] INFO  server.RaftServerConfigKeys (ConfUtils.java:logGet(44)) - raft.server.watch.timeout = 180s (custom)
2021-07-27 03:54:16,712 [a8e533e5-40e7-4f21-b2bc-3ac63ac938bf@group-CDCD358541BA-LeaderElection8] INFO  server.RaftServerConfigKeys (ConfUtils.java:logGet(44)) - raft.server.watch.timeout.denomination = 1s (default)
2021-07-27 03:54:16,712 [a8e533e5-40e7-4f21-b2bc-3ac63ac938bf@group-CDCD358541BA-LeaderElection8] INFO  server.RaftServerConfigKeys (ConfUtils.java:logGet(44)) - raft.server.watch.element-limit = 65536 (default)
2021-07-27 03:54:16,712 [a8e533e5-40e7-4f21-b2bc-3ac63ac938bf@group-CDCD358541BA-LeaderElection8] INFO  impl.RoleInfo (RoleInfo.java:updateAndGet(130)) - a8e533e5-40e7-4f21-b2bc-3ac63ac938bf: start a8e533e5-40e7-4f21-b2bc-3ac63ac938bf@group-CDCD358541BA-LeaderStateImpl
2021-07-27 03:54:16,715 [a8e533e5-40e7-4f21-b2bc-3ac63ac938bf@group-CDCD358541BA-LeaderElection8] INFO  segmented.SegmentedRaftLogWorker (SegmentedRaftLogWorker.java:startLogSegment(394)) - a8e533e5-40e7-4f21-b2bc-3ac63ac938bf@group-CDCD358541BA-SegmentedRaftLogWorker: Starting segment from index:0
2021-07-27 03:54:16,715 [b696075b-dbd5-4684-809e-56516b71197a@group-EB5A9ECD428E-LeaderElection7] INFO  segmented.SegmentedRaftLogWorker (SegmentedRaftLogWorker.java:startLogSegment(394)) - b696075b-dbd5-4684-809e-56516b71197a@group-EB5A9ECD428E-SegmentedRaftLogWorker: Starting segment from index:0
2021-07-27 03:54:16,717 [b696075b-dbd5-4684-809e-56516b71197a@group-EB5A9ECD428E-SegmentedRaftLogWorker] INFO  segmented.SegmentedRaftLogWorker (SegmentedRaftLogWorker.java:execute(601)) - b696075b-dbd5-4684-809e-56516b71197a@group-EB5A9ECD428E-SegmentedRaftLogWorker: created new log segment /home/runner/work/ozone/ozone/mnt/ozone/hadoop-ozone/integration-test/target/test-dir/MiniOzoneClusterImpl-b10bafd4-cc06-4e81-8a2f-dfe27fd2d808/datanode-0/data/ratis/ab9f9cd0-2e03-48bf-8806-eb5a9ecd428e/current/log_inprogress_0
2021-07-27 03:54:16,717 [a8e533e5-40e7-4f21-b2bc-3ac63ac938bf@group-CDCD358541BA-SegmentedRaftLogWorker] INFO  segmented.SegmentedRaftLogWorker (SegmentedRaftLogWorker.java:execute(601)) - a8e533e5-40e7-4f21-b2bc-3ac63ac938bf@group-CDCD358541BA-SegmentedRaftLogWorker: created new log segment /home/runner/work/ozone/ozone/mnt/ozone/hadoop-ozone/integration-test/target/test-dir/MiniOzoneClusterImpl-b10bafd4-cc06-4e81-8a2f-dfe27fd2d808/datanode-1/data/ratis/915668cb-a482-4aee-8d37-cdcd358541ba/current/log_inprogress_0
2021-07-27 03:54:16,727 [grpc-default-executor-2] INFO  ratis.XceiverServerRatis (XceiverServerRatis.java:handleLeaderChangedNotification(857)) - Leader change notification received for group: group-EB5A9ECD428E with new leaderId: b696075b-dbd5-4684-809e-56516b71197a
2021-07-27 03:54:16,730 [grpc-default-executor-2] INFO  server.RaftServer$Division (ServerState.java:setLeader(285)) - a8e533e5-40e7-4f21-b2bc-3ac63ac938bf@group-EB5A9ECD428E: change Leader from null to b696075b-dbd5-4684-809e-56516b71197a at term 1 for appendEntries, leader elected after 5066ms
2021-07-27 03:54:16,730 [b696075b-dbd5-4684-809e-56516b71197a@group-EB5A9ECD428E-LeaderElection7] INFO  server.RaftServer$Division (ServerState.java:setRaftConf(387)) - b696075b-dbd5-4684-809e-56516b71197a@group-EB5A9ECD428E: set configuration 0: [a8e533e5-40e7-4f21-b2bc-3ac63ac938bf|rpc:127.0.0.1:46277|dataStream:|priority:0, b95eb893-7480-4c40-af1e-675e082ede40|rpc:127.0.0.1:39359|dataStream:|priority:0, b696075b-dbd5-4684-809e-56516b71197a|rpc:127.0.0.1:38127|dataStream:|priority:1], old=null
2021-07-27 03:54:16,730 [a8e533e5-40e7-4f21-b2bc-3ac63ac938bf@group-CDCD358541BA-LeaderElection8] INFO  server.RaftServer$Division (ServerState.java:setRaftConf(387)) - a8e533e5-40e7-4f21-b2bc-3ac63ac938bf@group-CDCD358541BA: set configuration 0: [a8e533e5-40e7-4f21-b2bc-3ac63ac938bf|rpc:127.0.0.1:46277|dataStream:|priority:1], old=null
2021-07-27 03:54:16,741 [grpc-default-executor-3] INFO  ratis.XceiverServerRatis (XceiverServerRatis.java:handleLeaderChangedNotification(857)) - Leader change notification received for group: group-EB5A9ECD428E with new leaderId: b696075b-dbd5-4684-809e-56516b71197a
2021-07-27 03:54:16,741 [grpc-default-executor-3] INFO  server.RaftServer$Division (ServerState.java:setLeader(285)) - b95eb893-7480-4c40-af1e-675e082ede40@group-EB5A9ECD428E: change Leader from null to b696075b-dbd5-4684-809e-56516b71197a at term 1 for appendEntries, leader elected after 4982ms
2021-07-27 03:54:16,750 [grpc-default-executor-2] INFO  server.RaftServer$Division (ServerState.java:setRaftConf(387)) - a8e533e5-40e7-4f21-b2bc-3ac63ac938bf@group-EB5A9ECD428E: set configuration 0: [a8e533e5-40e7-4f21-b2bc-3ac63ac938bf|rpc:127.0.0.1:46277|dataStream:|priority:0, b95eb893-7480-4c40-af1e-675e082ede40|rpc:127.0.0.1:39359|dataStream:|priority:0, b696075b-dbd5-4684-809e-56516b71197a|rpc:127.0.0.1:38127|dataStream:|priority:1], old=null
2021-07-27 03:54:16,751 [grpc-default-executor-2] INFO  segmented.SegmentedRaftLogWorker (SegmentedRaftLogWorker.java:startLogSegment(394)) - a8e533e5-40e7-4f21-b2bc-3ac63ac938bf@group-EB5A9ECD428E-SegmentedRaftLogWorker: Starting segment from index:0
2021-07-27 03:54:16,750 [grpc-default-executor-3] INFO  server.RaftServer$Division (ServerState.java:setRaftConf(387)) - b95eb893-7480-4c40-af1e-675e082ede40@group-EB5A9ECD428E: set configuration 0: [a8e533e5-40e7-4f21-b2bc-3ac63ac938bf|rpc:127.0.0.1:46277|dataStream:|priority:0, b95eb893-7480-4c40-af1e-675e082ede40|rpc:127.0.0.1:39359|dataStream:|priority:0, b696075b-dbd5-4684-809e-56516b71197a|rpc:127.0.0.1:38127|dataStream:|priority:1], old=null
2021-07-27 03:54:16,753 [a8e533e5-40e7-4f21-b2bc-3ac63ac938bf@group-EB5A9ECD428E-SegmentedRaftLogWorker] INFO  segmented.SegmentedRaftLogWorker (SegmentedRaftLogWorker.java:execute(601)) - a8e533e5-40e7-4f21-b2bc-3ac63ac938bf@group-EB5A9ECD428E-SegmentedRaftLogWorker: created new log segment /home/runner/work/ozone/ozone/mnt/ozone/hadoop-ozone/integration-test/target/test-dir/MiniOzoneClusterImpl-b10bafd4-cc06-4e81-8a2f-dfe27fd2d808/datanode-1/data/ratis/ab9f9cd0-2e03-48bf-8806-eb5a9ecd428e/current/log_inprogress_0
2021-07-27 03:54:16,754 [grpc-default-executor-3] INFO  segmented.SegmentedRaftLogWorker (SegmentedRaftLogWorker.java:startLogSegment(394)) - b95eb893-7480-4c40-af1e-675e082ede40@group-EB5A9ECD428E-SegmentedRaftLogWorker: Starting segment from index:0
2021-07-27 03:54:16,756 [b95eb893-7480-4c40-af1e-675e082ede40@group-EB5A9ECD428E-SegmentedRaftLogWorker] INFO  segmented.SegmentedRaftLogWorker (SegmentedRaftLogWorker.java:execute(601)) - b95eb893-7480-4c40-af1e-675e082ede40@group-EB5A9ECD428E-SegmentedRaftLogWorker: created new log segment /home/runner/work/ozone/ozone/mnt/ozone/hadoop-ozone/integration-test/target/test-dir/MiniOzoneClusterImpl-b10bafd4-cc06-4e81-8a2f-dfe27fd2d808/datanode-2/data/ratis/ab9f9cd0-2e03-48bf-8806-eb5a9ecd428e/current/log_inprogress_0
2021-07-27 03:54:16,799 [Listener at 127.0.0.1/13336] INFO  ozone.MiniOzoneClusterImpl (MiniOzoneClusterImpl.java:lambda$waitForClusterToBeReady$0(235)) - Nodes are ready. Got 3 of 3 DN Heartbeats.
2021-07-27 03:54:16,799 [Listener at 127.0.0.1/13336] INFO  ozone.MiniOzoneClusterImpl (MiniOzoneClusterImpl.java:lambda$waitForClusterToBeReady$0(238)) - Cluster exits safe mode
2021-07-27 03:54:16,799 [Listener at 127.0.0.1/13336] INFO  ozone.MiniOzoneClusterImpl (MiniOzoneClusterImpl.java:lambda$waitForClusterToBeReady$0(240)) - SCM became leader
2021-07-27 03:54:16,823 [b95eb893-7480-4c40-af1e-675e082ede40@group-14EBC33B74A1-FollowerState] INFO  impl.FollowerState (FollowerState.java:run(134)) - b95eb893-7480-4c40-af1e-675e082ede40@group-14EBC33B74A1-FollowerState: change to CANDIDATE, lastRpcElapsedTime:5007939487ns, electionTimeout:5007ms
2021-07-27 03:54:16,825 [b95eb893-7480-4c40-af1e-675e082ede40@group-14EBC33B74A1-FollowerState] INFO  impl.RoleInfo (RoleInfo.java:shutdownFollowerState(108)) - b95eb893-7480-4c40-af1e-675e082ede40: shutdown b95eb893-7480-4c40-af1e-675e082ede40@group-14EBC33B74A1-FollowerState
2021-07-27 03:54:16,825 [b95eb893-7480-4c40-af1e-675e082ede40@group-14EBC33B74A1-FollowerState] INFO  server.RaftServer$Division (RaftServerImpl.java:setRole(285)) - b95eb893-7480-4c40-af1e-675e082ede40@group-14EBC33B74A1: changes role from  FOLLOWER to CANDIDATE at term 0 for changeToCandidate
2021-07-27 03:54:16,825 [b95eb893-7480-4c40-af1e-675e082ede40@group-14EBC33B74A1-FollowerState] INFO  server.RaftServerConfigKeys (ConfUtils.java:logGet(44)) - raft.server.leaderelection.pre-vote = false (custom)
2021-07-27 03:54:16,825 [b95eb893-7480-4c40-af1e-675e082ede40@group-14EBC33B74A1-FollowerState] INFO  impl.RoleInfo (RoleInfo.java:updateAndGet(130)) - b95eb893-7480-4c40-af1e-675e082ede40: start b95eb893-7480-4c40-af1e-675e082ede40@group-14EBC33B74A1-LeaderElection9
2021-07-27 03:54:16,835 [b95eb893-7480-4c40-af1e-675e082ede40@group-14EBC33B74A1-LeaderElection9] INFO  impl.LeaderElection (LeaderElection.java:askForVotes(306)) - b95eb893-7480-4c40-af1e-675e082ede40@group-14EBC33B74A1-LeaderElection9 ELECTION round 0: submit vote requests at term 1 for -1: [b95eb893-7480-4c40-af1e-675e082ede40|rpc:127.0.0.1:39359|priority:1], old=null
2021-07-27 03:54:16,836 [b95eb893-7480-4c40-af1e-675e082ede40@group-14EBC33B74A1-LeaderElection9] INFO  impl.LeaderElection (LeaderElection.java:askForVotes(308)) - b95eb893-7480-4c40-af1e-675e082ede40@group-14EBC33B74A1-LeaderElection9 ELECTION round 0: result PASSED (term=1)
2021-07-27 03:54:16,836 [b95eb893-7480-4c40-af1e-675e082ede40@group-14EBC33B74A1-LeaderElection9] INFO  impl.RoleInfo (RoleInfo.java:shutdownLeaderElection(121)) - b95eb893-7480-4c40-af1e-675e082ede40: shutdown b95eb893-7480-4c40-af1e-675e082ede40@group-14EBC33B74A1-LeaderElection9
2021-07-27 03:54:16,836 [b95eb893-7480-4c40-af1e-675e082ede40@group-14EBC33B74A1-LeaderElection9] INFO  server.RaftServer$Division (RaftServerImpl.java:setRole(285)) - b95eb893-7480-4c40-af1e-675e082ede40@group-14EBC33B74A1: changes role from CANDIDATE to LEADER at term 1 for changeToLeader
2021-07-27 03:54:16,836 [b95eb893-7480-4c40-af1e-675e082ede40@group-14EBC33B74A1-LeaderElection9] INFO  ratis.XceiverServerRatis (XceiverServerRatis.java:handleLeaderChangedNotification(857)) - Leader change notification received for group: group-14EBC33B74A1 with new leaderId: b95eb893-7480-4c40-af1e-675e082ede40
2021-07-27 03:54:16,836 [b95eb893-7480-4c40-af1e-675e082ede40@group-14EBC33B74A1-LeaderElection9] INFO  server.RaftServer$Division (ServerState.java:setLeader(285)) - b95eb893-7480-4c40-af1e-675e082ede40@group-14EBC33B74A1: change Leader from null to b95eb893-7480-4c40-af1e-675e082ede40 at term 1 for becomeLeader, leader elected after 5038ms
2021-07-27 03:54:16,836 [b95eb893-7480-4c40-af1e-675e082ede40@group-14EBC33B74A1-LeaderElection9] INFO  server.RaftServerConfigKeys (ConfUtils.java:logGet(44)) - raft.server.staging.catchup.gap = 1000 (default)
2021-07-27 03:54:16,836 [b95eb893-7480-4c40-af1e-675e082ede40@group-14EBC33B74A1-LeaderElection9] INFO  server.RaftServerConfigKeys (ConfUtils.java:logGet(44)) - raft.server.write.element-limit = 1024 (custom)
2021-07-27 03:54:16,836 [b95eb893-7480-4c40-af1e-675e082ede40@group-14EBC33B74A1-LeaderElection9] INFO  server.RaftServerConfigKeys (ConfUtils.java:logGet(44)) - raft.server.write.byte-limit = 1073741824 (custom)
2021-07-27 03:54:16,837 [b95eb893-7480-4c40-af1e-675e082ede40@group-14EBC33B74A1-LeaderElection9] INFO  server.RaftServerConfigKeys (ConfUtils.java:logGet(44)) - raft.server.watch.timeout = 180s (custom)
2021-07-27 03:54:16,837 [b95eb893-7480-4c40-af1e-675e082ede40@group-14EBC33B74A1-LeaderElection9] INFO  server.RaftServerConfigKeys (ConfUtils.java:logGet(44)) - raft.server.watch.timeout.denomination = 1s (default)
2021-07-27 03:54:16,837 [b95eb893-7480-4c40-af1e-675e082ede40@group-14EBC33B74A1-LeaderElection9] INFO  server.RaftServerConfigKeys (ConfUtils.java:logGet(44)) - raft.server.watch.element-limit = 65536 (default)
2021-07-27 03:54:16,837 [b95eb893-7480-4c40-af1e-675e082ede40@group-14EBC33B74A1-LeaderElection9] INFO  impl.RoleInfo (RoleInfo.java:updateAndGet(130)) - b95eb893-7480-4c40-af1e-675e082ede40: start b95eb893-7480-4c40-af1e-675e082ede40@group-14EBC33B74A1-LeaderStateImpl
2021-07-27 03:54:16,837 [b95eb893-7480-4c40-af1e-675e082ede40@group-14EBC33B74A1-LeaderElection9] INFO  segmented.SegmentedRaftLogWorker (SegmentedRaftLogWorker.java:startLogSegment(394)) - b95eb893-7480-4c40-af1e-675e082ede40@group-14EBC33B74A1-SegmentedRaftLogWorker: Starting segment from index:0
2021-07-27 03:54:16,838 [Datanode State Machine Thread - 0] WARN  statemachine.StateContext (StateContext.java:execute(621)) - No available thread in pool for past 1 seconds.
2021-07-27 03:54:16,841 [b95eb893-7480-4c40-af1e-675e082ede40@group-14EBC33B74A1-SegmentedRaftLogWorker] INFO  segmented.SegmentedRaftLogWorker (SegmentedRaftLogWorker.java:execute(601)) - b95eb893-7480-4c40-af1e-675e082ede40@group-14EBC33B74A1-SegmentedRaftLogWorker: created new log segment /home/runner/work/ozone/ozone/mnt/ozone/hadoop-ozone/integration-test/target/test-dir/MiniOzoneClusterImpl-b10bafd4-cc06-4e81-8a2f-dfe27fd2d808/datanode-2/data/ratis/5bdd10f3-bf3b-4d2c-ace4-14ebc33b74a1/current/log_inprogress_0
2021-07-27 03:54:16,854 [b95eb893-7480-4c40-af1e-675e082ede40@group-14EBC33B74A1-LeaderElection9] INFO  server.RaftServer$Division (ServerState.java:setRaftConf(387)) - b95eb893-7480-4c40-af1e-675e082ede40@group-14EBC33B74A1: set configuration 0: [b95eb893-7480-4c40-af1e-675e082ede40|rpc:127.0.0.1:39359|dataStream:|priority:1], old=null
2021-07-27 03:54:17,310 [IPC Server handler 1 on default port 13324] INFO  ha.SCMNodeInfo (SCMNodeInfo.java:getPort(197)) - ConfigKey ozone.scm.client.address is deprecated, For configuring different ports for each SCM use PortConfigKey ozone.scm.client.port appended with serviceId and nodeId
2021-07-27 03:54:17,311 [IPC Server handler 1 on default port 13324] INFO  ha.SCMNodeInfo (SCMNodeInfo.java:getPort(197)) - ConfigKey ozone.scm.block.client.address is deprecated, For configuring different ports for each SCM use PortConfigKey ozone.scm.block.client.port appended with serviceId and nodeId
2021-07-27 03:54:17,311 [IPC Server handler 1 on default port 13324] INFO  ha.SCMNodeInfo (SCMNodeInfo.java:getPort(197)) - ConfigKey ozone.scm.datanode.address is deprecated, For configuring different ports for each SCM use PortConfigKey ozone.scm.datanode.port appended with serviceId and nodeId
2021-07-27 03:54:17,327 [Listener at 127.0.0.1/13336] INFO  rpc.RpcClient (RpcClient.java:createVolume(341)) - Creating Volume: volume10955, with runner as owner and space quota set to -1 bytes, counts quota set to -1
2021-07-27 03:54:17,384 [OM StateMachine ApplyTransaction Thread - 0] INFO  volume.OMVolumeCreateRequest (OMVolumeCreateRequest.java:validateAndUpdateCache(195)) - created volume:volume10955 for user:runner
2021-07-27 03:54:17,389 [OM StateMachine ApplyTransaction Thread - 0] INFO  volume.OMVolumeCreateRequest (OMVolumeCreateRequest.java:validateAndUpdateCache(195)) - created volume:volume10955 for user:runner
2021-07-27 03:54:17,387 [OM StateMachine ApplyTransaction Thread - 0] INFO  volume.OMVolumeCreateRequest (OMVolumeCreateRequest.java:validateAndUpdateCache(195)) - created volume:volume10955 for user:runner
2021-07-27 03:54:17,428 [Listener at 127.0.0.1/13336] INFO  rpc.RpcClient (RpcClient.java:createBucket(500)) - Creating Bucket: volume10955/bucket21750, with Versioning false and Storage Type set to DISK and Encryption set to false 
2021-07-27 03:54:17,535 [4a006e23-4982-42e1-b4c7-2415bb8d98a0@group-DFE27FD2D808-StateMachineUpdater] INFO  pipeline.PipelineStateManager (PipelineStateManagerV2Impl.java:addPipeline(101)) - Created pipeline Pipeline[ Id: 8bc535b5-a117-47eb-aa61-e8a1c2d36b35, Nodes: b95eb893-7480-4c40-af1e-675e082ede40{ip: 127.0.0.1, host: localhost, ports: [REPLICATION=43257, RATIS=39359, RATIS_ADMIN=39359, RATIS_SERVER=39359, STANDALONE=44903], networkLocation: /default-rack, certSerialId: null, persistedOpState: IN_SERVICE, persistedOpStateExpiryEpochSec: 0}, ReplicationConfig: STANDALONE/ONE, State:OPEN, leaderId:, CreationTimestamp2021-07-27T03:54:17.530Z[Etc/UTC]].
2021-07-27 03:54:17,535 [IPC Server handler 1 on default port 13922] INFO  ha.SCMHAInvocationHandler (SCMHAInvocationHandler.java:invokeRatis(113)) - Invoking method public abstract void org.apache.hadoop.hdds.scm.pipeline.StateManager.addPipeline(org.apache.hadoop.hdds.protocol.proto.HddsProtos$Pipeline) throws java.io.IOException on target org.apache.hadoop.hdds.scm.ha.SCMRatisServerImpl@4b40b27a, cost 4770.39us
2021-07-27 03:54:17,545 [IPC Server handler 1 on default port 13922] INFO  ha.SCMHAInvocationHandler (SCMHAInvocationHandler.java:invokeRatis(113)) - Invoking method public abstract java.lang.Boolean org.apache.hadoop.hdds.scm.ha.SequenceIdGenerator$StateManager.allocateBatch(java.lang.String,java.lang.Long,java.lang.Long) on target org.apache.hadoop.hdds.scm.ha.SCMRatisServerImpl@4b40b27a, cost 8803.351us
2021-07-27 03:54:17,546 [IPC Server handler 1 on default port 13922] INFO  ha.SequenceIdGenerator (SequenceIdGenerator.java:getNextId(127)) - Allocate a batch for containerId, change lastId from 0 to 1000.
2021-07-27 03:54:17,556 [IPC Server handler 1 on default port 13922] INFO  ha.SCMHAInvocationHandler (SCMHAInvocationHandler.java:invokeRatis(113)) - Invoking method public abstract void org.apache.hadoop.hdds.scm.container.ContainerStateManagerV2.addContainer(org.apache.hadoop.hdds.protocol.proto.HddsProtos$ContainerInfoProto) throws java.io.IOException on target org.apache.hadoop.hdds.scm.ha.SCMRatisServerImpl@4b40b27a, cost 7408.696us
2021-07-27 03:54:17,562 [4a006e23-4982-42e1-b4c7-2415bb8d98a0@group-DFE27FD2D808-StateMachineUpdater] WARN  ha.SequenceIdGenerator (SequenceIdGenerator.java:allocateBatch(234)) - Failed to allocate a batch for localId, expected lastId is 0, actual lastId is 107544261427200000.
2021-07-27 03:54:17,565 [IPC Server handler 1 on default port 13922] INFO  ha.SCMHAInvocationHandler (SCMHAInvocationHandler.java:invokeRatis(113)) - Invoking method public abstract java.lang.Boolean org.apache.hadoop.hdds.scm.ha.SequenceIdGenerator$StateManager.allocateBatch(java.lang.String,java.lang.Long,java.lang.Long) on target org.apache.hadoop.hdds.scm.ha.SCMRatisServerImpl@4b40b27a, cost 5065.202us
2021-07-27 03:54:17,567 [IPC Server handler 1 on default port 13922] INFO  ha.SCMHAInvocationHandler (SCMHAInvocationHandler.java:invokeRatis(113)) - Invoking method public abstract java.lang.Boolean org.apache.hadoop.hdds.scm.ha.SequenceIdGenerator$StateManager.allocateBatch(java.lang.String,java.lang.Long,java.lang.Long) on target org.apache.hadoop.hdds.scm.ha.SCMRatisServerImpl@4b40b27a, cost 2343.793us
2021-07-27 03:54:17,568 [IPC Server handler 1 on default port 13922] INFO  ha.SequenceIdGenerator (SequenceIdGenerator.java:getNextId(127)) - Allocate a batch for localId, change lastId from 107544261427200000 to 107544261427201000.
2021-07-27 03:54:17,674 [Listener at 127.0.0.1/13336] INFO  impl.MetricsSystemImpl (MetricsSystemImpl.java:init(158)) - XceiverClientMetrics metrics system started (again)
2021-07-27 03:54:17,875 [Datanode State Machine Thread - 0] WARN  statemachine.StateContext (StateContext.java:execute(621)) - No available thread in pool for past 1 seconds.
2021-07-27 03:54:17,983 [Listener at 127.0.0.1/13336] INFO  ha.OMHANodeDetails (OMHANodeDetails.java:loadOMHAConfig(118)) - ServiceID for OzoneManager is om-bootstrap
2021-07-27 03:54:17,984 [Listener at 127.0.0.1/13336] INFO  ha.OMHANodeDetails (OMHANodeDetails.java:loadOMHAConfig(194)) - Found matching OM address with OMServiceId: om-bootstrap, OMNodeId: omNode-bootstrap-1, RPC Address: localhost:13336 and Ratis port: 13340
2021-07-27 03:54:17,984 [Listener at 127.0.0.1/13336] INFO  ha.OMHANodeDetails (ConfUtils.java:setNodeSpecificConfigs(108)) - Setting configuration key ozone.om.http-address with value of key ozone.om.http-address.om-bootstrap.omNode-bootstrap-1: 127.0.0.1:13338
2021-07-27 03:54:17,984 [Listener at 127.0.0.1/13336] INFO  ha.OMHANodeDetails (ConfUtils.java:setNodeSpecificConfigs(108)) - Setting configuration key ozone.om.https-address with value of key ozone.om.https-address.om-bootstrap.omNode-bootstrap-1: 127.0.0.1:13339
2021-07-27 03:54:17,984 [Listener at 127.0.0.1/13336] INFO  ha.OMHANodeDetails (ConfUtils.java:setNodeSpecificConfigs(108)) - Setting configuration key ozone.om.address with value of key ozone.om.address.om-bootstrap.omNode-bootstrap-1: 127.0.0.1:13336
2021-07-27 03:54:17,984 [Listener at 127.0.0.1/13336] WARN  server.ServerUtils (ServerUtils.java:getDBPath(225)) - ozone.om.db.dirs is not configured. We recommend adding this setting. Falling back to ozone.metadata.dirs instead.
2021-07-27 03:54:17,988 [Listener at 127.0.0.1/13336] INFO  ha.SCMNodeInfo (SCMNodeInfo.java:getPort(197)) - ConfigKey ozone.scm.client.address is deprecated, For configuring different ports for each SCM use PortConfigKey ozone.scm.client.port appended with serviceId and nodeId
2021-07-27 03:54:17,988 [Listener at 127.0.0.1/13336] INFO  ha.SCMNodeInfo (SCMNodeInfo.java:getPort(197)) - ConfigKey ozone.scm.block.client.address is deprecated, For configuring different ports for each SCM use PortConfigKey ozone.scm.block.client.port appended with serviceId and nodeId
2021-07-27 03:54:17,988 [Listener at 127.0.0.1/13336] INFO  ha.SCMNodeInfo (SCMNodeInfo.java:getPort(197)) - ConfigKey ozone.scm.datanode.address is deprecated, For configuring different ports for each SCM use PortConfigKey ozone.scm.datanode.port appended with serviceId and nodeId
OM initialization succeeded.Current cluster id for sd=/home/runner/work/ozone/ozone/mnt/ozone/hadoop-ozone/integration-test/target/test-dir/MiniOzoneClusterImpl-b10bafd4-cc06-4e81-8a2f-dfe27fd2d808/omNode-bootstrap-1/om;cid=b10bafd4-cc06-4e81-8a2f-dfe27fd2d808;layoutVersion=0
2021-07-27 03:54:18,004 [Listener at 127.0.0.1/13336] INFO  ha.OMHANodeDetails (OMHANodeDetails.java:loadOMHAConfig(118)) - ServiceID for OzoneManager is om-bootstrap
2021-07-27 03:54:18,004 [Listener at 127.0.0.1/13336] INFO  ha.OMHANodeDetails (OMHANodeDetails.java:loadOMHAConfig(194)) - Found matching OM address with OMServiceId: om-bootstrap, OMNodeId: omNode-bootstrap-1, RPC Address: localhost:13336 and Ratis port: 13340
2021-07-27 03:54:18,005 [Listener at 127.0.0.1/13336] INFO  ha.OMHANodeDetails (ConfUtils.java:setNodeSpecificConfigs(108)) - Setting configuration key ozone.om.http-address with value of key ozone.om.http-address.om-bootstrap.omNode-bootstrap-1: 127.0.0.1:13338
2021-07-27 03:54:18,005 [Listener at 127.0.0.1/13336] INFO  ha.OMHANodeDetails (ConfUtils.java:setNodeSpecificConfigs(108)) - Setting configuration key ozone.om.https-address with value of key ozone.om.https-address.om-bootstrap.omNode-bootstrap-1: 127.0.0.1:13339
2021-07-27 03:54:18,005 [Listener at 127.0.0.1/13336] INFO  ha.OMHANodeDetails (ConfUtils.java:setNodeSpecificConfigs(108)) - Setting configuration key ozone.om.address with value of key ozone.om.address.om-bootstrap.omNode-bootstrap-1: 127.0.0.1:13336
2021-07-27 03:54:18,005 [Listener at 127.0.0.1/13336] WARN  server.ServerUtils (ServerUtils.java:getDBPath(225)) - ozone.om.db.dirs is not configured. We recommend adding this setting. Falling back to ozone.metadata.dirs instead.
2021-07-27 03:54:18,005 [Listener at 127.0.0.1/13336] INFO  upgrade.AbstractLayoutVersionManager (AbstractLayoutVersionManager.java:init(70)) - Initializing Layout version manager with metadata layout = INITIAL_VERSION (version = 0), software layout = INITIAL_VERSION (version = 0)
2021-07-27 03:54:18,063 [Listener at 127.0.0.1/13336] INFO  reflections.Reflections (Reflections.java:scan(232)) - Reflections took 57 ms to scan 2 urls, producing 131 keys and 342 values [using 2 cores]
2021-07-27 03:54:18,063 [Listener at 127.0.0.1/13336] INFO  upgrade.OMLayoutVersionManager (OMLayoutVersionManager.java:lambda$0(116)) - Skipping Upgrade Action MockOmUpgradeAction since it has been finalized.
2021-07-27 03:54:18,063 [Listener at 127.0.0.1/13336] WARN  server.ServerUtils (ServerUtils.java:getDBPath(225)) - ozone.om.db.dirs is not configured. We recommend adding this setting. Falling back to ozone.metadata.dirs instead.
2021-07-27 03:54:18,064 [Listener at 127.0.0.1/13336] INFO  ha.SCMNodeInfo (SCMNodeInfo.java:getPort(197)) - ConfigKey ozone.scm.client.address is deprecated, For configuring different ports for each SCM use PortConfigKey ozone.scm.client.port appended with serviceId and nodeId
2021-07-27 03:54:18,064 [Listener at 127.0.0.1/13336] INFO  ha.SCMNodeInfo (SCMNodeInfo.java:getPort(197)) - ConfigKey ozone.scm.block.client.address is deprecated, For configuring different ports for each SCM use PortConfigKey ozone.scm.block.client.port appended with serviceId and nodeId
2021-07-27 03:54:18,064 [Listener at 127.0.0.1/13336] INFO  ha.SCMNodeInfo (SCMNodeInfo.java:getPort(197)) - ConfigKey ozone.scm.datanode.address is deprecated, For configuring different ports for each SCM use PortConfigKey ozone.scm.datanode.port appended with serviceId and nodeId
2021-07-27 03:54:18,064 [Listener at 127.0.0.1/13336] INFO  ha.SCMNodeInfo (SCMNodeInfo.java:getPort(197)) - ConfigKey ozone.scm.client.address is deprecated, For configuring different ports for each SCM use PortConfigKey ozone.scm.client.port appended with serviceId and nodeId
2021-07-27 03:54:18,064 [Listener at 127.0.0.1/13336] INFO  ha.SCMNodeInfo (SCMNodeInfo.java:getPort(197)) - ConfigKey ozone.scm.block.client.address is deprecated, For configuring different ports for each SCM use PortConfigKey ozone.scm.block.client.port appended with serviceId and nodeId
2021-07-27 03:54:18,064 [Listener at 127.0.0.1/13336] INFO  ha.SCMNodeInfo (SCMNodeInfo.java:getPort(197)) - ConfigKey ozone.scm.datanode.address is deprecated, For configuring different ports for each SCM use PortConfigKey ozone.scm.datanode.port appended with serviceId and nodeId
2021-07-27 03:54:18,065 [Listener at 127.0.0.1/13336] INFO  ha.SCMNodeInfo (SCMNodeInfo.java:getPort(197)) - ConfigKey ozone.scm.client.address is deprecated, For configuring different ports for each SCM use PortConfigKey ozone.scm.client.port appended with serviceId and nodeId
2021-07-27 03:54:18,065 [Listener at 127.0.0.1/13336] INFO  ha.SCMNodeInfo (SCMNodeInfo.java:getPort(197)) - ConfigKey ozone.scm.block.client.address is deprecated, For configuring different ports for each SCM use PortConfigKey ozone.scm.block.client.port appended with serviceId and nodeId
2021-07-27 03:54:18,067 [Listener at 127.0.0.1/13336] INFO  ha.SCMNodeInfo (SCMNodeInfo.java:getPort(197)) - ConfigKey ozone.scm.datanode.address is deprecated, For configuring different ports for each SCM use PortConfigKey ozone.scm.datanode.port appended with serviceId and nodeId
2021-07-27 03:54:18,081 [Listener at 127.0.0.1/13336] WARN  server.ServerUtils (ServerUtils.java:getDBPath(225)) - ozone.om.db.dirs is not configured. We recommend adding this setting. Falling back to ozone.metadata.dirs instead.
2021-07-27 03:54:18,082 [Listener at 127.0.0.1/13336] INFO  codec.OmKeyInfoCodec (OmKeyInfoCodec.java:<init>(51)) - OmKeyInfoCodec ignorePipeline = true
2021-07-27 03:54:18,082 [Listener at 127.0.0.1/13336] INFO  codec.RepeatedOmKeyInfoCodec (RepeatedOmKeyInfoCodec.java:<init>(42)) - RepeatedOmKeyInfoCodec ignorePipeline = true
2021-07-27 03:54:18,204 [Listener at 127.0.0.1/13336] INFO  om.OzoneManager (OzoneManager.java:addS3GVolumeToDB(4084)) - Created Volume s3v With Owner runner required for S3Gateway operations.
2021-07-27 03:54:18,205 [Listener at 127.0.0.1/13336] WARN  server.ServerUtils (ServerUtils.java:getDefaultRatisDirectory(237)) - Storage directory for Ratis is not configured. It is a good idea to map this to an SSD disk. Falling back to ozone.metadata.dirs
2021-07-27 03:54:18,205 [Listener at 127.0.0.1/13336] WARN  utils.OzoneManagerRatisUtils (OzoneManagerRatisUtils.java:getOMRatisSnapshotDirectory(391)) - ozone.om.ratis.snapshot.dir is not configured. Falling back to ozone.metadata.dirs config
2021-07-27 03:54:18,205 [Listener at 127.0.0.1/13336] INFO  snapshot.OzoneManagerSnapshotProvider (OzoneManagerSnapshotProvider.java:<init>(76)) - Initializing OM Snapshot Provider
2021-07-27 03:54:18,207 [Listener at 127.0.0.1/13336] WARN  impl.MetricRegistriesImpl (MetricRegistriesImpl.java:addReporterRegistration(111)) - New reporters are added after registries were created. Some metrics will be missing from the reporter. Please add reporter before adding any new registry.
2021-07-27 03:54:18,207 [Listener at 127.0.0.1/13336] WARN  impl.MetricRegistriesImpl (MetricRegistriesImpl.java:addReporterRegistration(111)) - New reporters are added after registries were created. Some metrics will be missing from the reporter. Please add reporter before adding any new registry.
2021-07-27 03:54:18,207 [Listener at 127.0.0.1/13336] WARN  server.ServerUtils (ServerUtils.java:getDefaultRatisDirectory(237)) - Storage directory for Ratis is not configured. It is a good idea to map this to an SSD disk. Falling back to ozone.metadata.dirs
2021-07-27 03:54:18,208 [Listener at 127.0.0.1/13336] INFO  ratis.OzoneManagerRatisServer (OzoneManagerRatisServer.java:<init>(151)) - OM started in Bootstrap mode. Instantiating OM Ratis server with groupID: om-bootstrap
2021-07-27 03:54:18,208 [Listener at 127.0.0.1/13336] INFO  ratis.OzoneManagerStateMachine (OzoneManagerStateMachine.java:loadSnapshotInfoFromDB(605)) - LastAppliedIndex is set from TransactionInfo from OM DB as (t:0, i:~)
2021-07-27 03:54:18,209 [Listener at 127.0.0.1/13336] INFO  server.RaftServer (ConfUtils.java:logGet(44)) - raft.rpc.type = GRPC (default)
2021-07-27 03:54:18,210 [Listener at 127.0.0.1/13336] INFO  grpc.GrpcFactory (GrpcFactory.java:checkPooledByteBufAllocatorUseCacheForAllThreads(48)) - PERFORMANCE WARNING: useCacheForAllThreads is true that may cause Netty to create a lot garbage objects and, as a result, trigger GC.
	It is recommended to disable useCacheForAllThreads by setting -Dorg.apache.ratis.thirdparty.io.netty.allocator.useCacheForAllThreads=false in command line.
2021-07-27 03:54:18,210 [Listener at 127.0.0.1/13336] INFO  grpc.GrpcConfigKeys (ConfUtils.java:logGet(44)) - raft.grpc.admin.port = -1 (default)
2021-07-27 03:54:18,210 [Listener at 127.0.0.1/13336] INFO  grpc.GrpcConfigKeys (ConfUtils.java:logGet(44)) - raft.grpc.server.port = 13340 (custom)
2021-07-27 03:54:18,210 [Listener at 127.0.0.1/13336] INFO  grpc.GrpcConfigKeys (ConfUtils.java:logGet(44)) - raft.grpc.client.port = -1 (default)
2021-07-27 03:54:18,210 [Listener at 127.0.0.1/13336] INFO  grpc.GrpcConfigKeys (ConfUtils.java:logGet(44)) - raft.grpc.server.port = 13340 (custom)
2021-07-27 03:54:18,210 [Listener at 127.0.0.1/13336] INFO  grpc.GrpcConfigKeys (ConfUtils.java:logGet(44)) - raft.grpc.server.port = 13340 (custom)
2021-07-27 03:54:18,210 [Listener at 127.0.0.1/13336] INFO  server.GrpcService (ConfUtils.java:logGet(44)) - raft.grpc.message.size.max = 33554432 (custom)
2021-07-27 03:54:18,210 [Listener at 127.0.0.1/13336] INFO  server.RaftServerConfigKeys (ConfUtils.java:logGet(44)) - raft.server.log.appender.buffer.byte-limit = 33554432 (custom)
2021-07-27 03:54:18,210 [Listener at 127.0.0.1/13336] INFO  server.GrpcService (ConfUtils.java:logGet(44)) - raft.grpc.flow.control.window = 1MB (=1048576) (default)
2021-07-27 03:54:18,210 [Listener at 127.0.0.1/13336] INFO  server.RaftServerConfigKeys (ConfUtils.java:logGet(44)) - raft.server.rpc.request.timeout = 3000ms (default)
2021-07-27 03:54:18,212 [Listener at 127.0.0.1/13336] INFO  impl.DataStreamServerImpl (ConfUtils.java:logGet(44)) - raft.datastream.type = DISABLED (default)
2021-07-27 03:54:18,212 [Listener at 127.0.0.1/13336] INFO  server.RaftServerConfigKeys (ConfUtils.java:logGet(44)) - raft.server.rpc.slowness.timeout = 2s (custom)
2021-07-27 03:54:18,212 [Listener at 127.0.0.1/13336] INFO  server.RaftServerConfigKeys (ConfUtils.java:logGet(44)) - raft.server.leaderelection.leader.step-down.wait-time = 10s (default)
2021-07-27 03:54:18,212 [Listener at 127.0.0.1/13336] INFO  server.RaftServerConfigKeys (ConfUtils.java:logGet(44)) - raft.server.storage.dir = [/home/runner/work/ozone/ozone/mnt/ozone/hadoop-ozone/integration-test/target/test-dir/MiniOzoneClusterImpl-b10bafd4-cc06-4e81-8a2f-dfe27fd2d808/omNode-bootstrap-1/ratis] (custom)
2021-07-27 03:54:18,212 [Listener at 127.0.0.1/13336] INFO  server.RaftServer (RaftServerProxy.java:addNew(95)) - omNode-bootstrap-1: addNew group-33FC8B15A7E9:[] returns group-33FC8B15A7E9:java.util.concurrent.CompletableFuture@4a467226[Not completed]
2021-07-27 03:54:18,213 [pool-177-thread-1] INFO  server.RaftServer$Division (RaftServerImpl.java:<init>(181)) - omNode-bootstrap-1: new RaftServerImpl for group-33FC8B15A7E9:[] with OzoneManagerStateMachine:uninitialized
2021-07-27 03:54:18,213 [Listener at 127.0.0.1/13336] INFO  om.OzoneManager (OzoneManager.java:initializeRatisServer(1542)) - OzoneManager Ratis server initialized at port 13340
2021-07-27 03:54:18,214 [pool-177-thread-1] INFO  server.RaftServerConfigKeys (ConfUtils.java:logGet(44)) - raft.server.rpc.timeout.min = 1s (custom)
2021-07-27 03:54:18,214 [pool-177-thread-1] INFO  server.RaftServerConfigKeys (ConfUtils.java:logGet(44)) - raft.server.rpc.timeout.max = 1200ms (custom)
2021-07-27 03:54:18,214 [pool-177-thread-1] INFO  server.RaftServerConfigKeys (ConfUtils.java:logGet(44)) - raft.server.rpc.sleep.time = 25ms (default)
2021-07-27 03:54:18,215 [pool-177-thread-1] INFO  server.RaftServerConfigKeys (ConfUtils.java:logGet(44)) - raft.server.rpc.slowness.timeout = 2s (custom)
2021-07-27 03:54:18,216 [pool-177-thread-1] INFO  server.RaftServerConfigKeys (ConfUtils.java:logGet(44)) - raft.server.leaderelection.leader.step-down.wait-time = 10s (default)
2021-07-27 03:54:18,216 [pool-177-thread-1] INFO  server.RaftServerConfigKeys (ConfUtils.java:logGet(44)) - raft.server.sleep.deviation.threshold = 300ms (default)
2021-07-27 03:54:18,216 [pool-177-thread-1] INFO  server.RaftServerConfigKeys (ConfUtils.java:logGet(44)) - raft.server.log.appender.install.snapshot.enabled = false (custom)
2021-07-27 03:54:18,216 [pool-177-thread-1] INFO  server.RaftServer$Division (ServerState.java:<init>(105)) - omNode-bootstrap-1@group-33FC8B15A7E9: ConfigurationManager, init=-1: [], old=null, confs=<EMPTY_MAP>
2021-07-27 03:54:18,218 [pool-177-thread-1] INFO  server.RaftServerConfigKeys (ConfUtils.java:logGet(44)) - raft.server.storage.dir = [/home/runner/work/ozone/ozone/mnt/ozone/hadoop-ozone/integration-test/target/test-dir/MiniOzoneClusterImpl-b10bafd4-cc06-4e81-8a2f-dfe27fd2d808/omNode-bootstrap-1/ratis] (custom)
2021-07-27 03:54:18,218 [pool-177-thread-1] INFO  server.RaftServerConfigKeys (ConfUtils.java:logGet(44)) - raft.server.log.corruption.policy = EXCEPTION (default)
2021-07-27 03:54:18,218 [pool-177-thread-1] INFO  server.RaftServerConfigKeys (ConfUtils.java:logGet(44)) - raft.server.storage.free-space.min = 0MB (=0) (default)
2021-07-27 03:54:18,219 [pool-177-thread-1] INFO  storage.RaftStorageDirectory (RaftStorageDirectoryImpl.java:analyzeStorage(135)) - The storage directory /home/runner/work/ozone/ozone/mnt/ozone/hadoop-ozone/integration-test/target/test-dir/MiniOzoneClusterImpl-b10bafd4-cc06-4e81-8a2f-dfe27fd2d808/omNode-bootstrap-1/ratis/a5a8c63e-4922-3a03-b163-33fc8b15a7e9 does not exist. Creating ...
2021-07-27 03:54:18,220 [pool-177-thread-1] INFO  storage.RaftStorageDirectory (RaftStorageDirectoryImpl.java:tryLock(230)) - Lock on /home/runner/work/ozone/ozone/mnt/ozone/hadoop-ozone/integration-test/target/test-dir/MiniOzoneClusterImpl-b10bafd4-cc06-4e81-8a2f-dfe27fd2d808/omNode-bootstrap-1/ratis/a5a8c63e-4922-3a03-b163-33fc8b15a7e9/in_use.lock acquired by nodename 18840@fv-az148-176
2021-07-27 03:54:18,222 [pool-177-thread-1] INFO  storage.RaftStorage (RaftStorageImpl.java:format(89)) - Storage directory /home/runner/work/ozone/ozone/mnt/ozone/hadoop-ozone/integration-test/target/test-dir/MiniOzoneClusterImpl-b10bafd4-cc06-4e81-8a2f-dfe27fd2d808/omNode-bootstrap-1/ratis/a5a8c63e-4922-3a03-b163-33fc8b15a7e9 has been successfully formatted.
2021-07-27 03:54:18,224 [pool-177-thread-1] INFO  server.RaftServerConfigKeys (ConfUtils.java:logGet(44)) - raft.server.notification.no-leader.timeout = 2s (custom)
2021-07-27 03:54:18,224 [pool-177-thread-1] INFO  server.RaftServerConfigKeys (ConfUtils.java:logGet(44)) - raft.server.log.use.memory = false (default)
2021-07-27 03:54:18,224 [pool-177-thread-1] INFO  server.RaftServerConfigKeys (ConfUtils.java:logGet(44)) - raft.server.log.purge.gap = 1000000 (custom)
2021-07-27 03:54:18,224 [pool-177-thread-1] INFO  server.RaftServerConfigKeys (ConfUtils.java:logGet(44)) - raft.server.log.appender.buffer.byte-limit = 33554432 (custom)
2021-07-27 03:54:18,222 [Listener at 127.0.0.1/13336] INFO  ipc.CallQueueManager (CallQueueManager.java:<init>(90)) - Using callQueue: class java.util.concurrent.LinkedBlockingQueue, queueCapacity: 2000, scheduler: class org.apache.hadoop.ipc.DefaultRpcScheduler, ipcBackoff: false.
2021-07-27 03:54:18,225 [Listener at 127.0.0.1/13336] INFO  ozone.MiniOzoneHAClusterImpl (MiniOzoneHAClusterImpl.java:bootstrapOzoneManager(724)) - MiniOzoneHACluster port conflicts, retried 1 times
2021-07-27 03:54:18,225 [pool-177-thread-1] INFO  server.RaftServerConfigKeys (ConfUtils.java:logGet(44)) - raft.server.log.segment.size.max = 4194304 (custom)
2021-07-27 03:54:18,226 [pool-177-thread-1] INFO  server.RaftServerConfigKeys (ConfUtils.java:logGet(44)) - raft.server.log.segment.cache.num.max = 2 (custom)
2021-07-27 03:54:18,226 [pool-177-thread-1] INFO  server.RaftServerConfigKeys (ConfUtils.java:logGet(44)) - raft.server.log.segment.cache.size.max = 200MB (=209715200) (default)
2021-07-27 03:54:18,226 [pool-177-thread-1] INFO  segmented.SegmentedRaftLogWorker (SegmentedRaftLogWorker.java:<init>(182)) - new omNode-bootstrap-1@group-33FC8B15A7E9-SegmentedRaftLogWorker for RaftStorageImpl:Storage Directory /home/runner/work/ozone/ozone/mnt/ozone/hadoop-ozone/integration-test/target/test-dir/MiniOzoneClusterImpl-b10bafd4-cc06-4e81-8a2f-dfe27fd2d808/omNode-bootstrap-1/ratis/a5a8c63e-4922-3a03-b163-33fc8b15a7e9
2021-07-27 03:54:18,227 [pool-177-thread-1] INFO  server.RaftServerConfigKeys (ConfUtils.java:logGet(44)) - raft.server.log.queue.byte-limit = 64MB (=67108864) (default)
2021-07-27 03:54:18,228 [pool-177-thread-1] INFO  server.RaftServerConfigKeys (ConfUtils.java:logGet(44)) - raft.server.log.queue.element-limit = 4096 (default)
2021-07-27 03:54:18,228 [pool-177-thread-1] INFO  server.RaftServerConfigKeys (ConfUtils.java:logGet(44)) - raft.server.log.segment.size.max = 4194304 (custom)
2021-07-27 03:54:18,228 [pool-177-thread-1] INFO  server.RaftServerConfigKeys (ConfUtils.java:logGet(44)) - raft.server.log.preallocated.size = 4194304 (custom)
2021-07-27 03:54:18,228 [pool-177-thread-1] INFO  server.RaftServerConfigKeys (ConfUtils.java:logGet(44)) - raft.server.log.force.sync.num = 128 (default)
2021-07-27 03:54:18,228 [pool-177-thread-1] INFO  server.RaftServerConfigKeys (ConfUtils.java:logGet(44)) - raft.server.log.statemachine.data.sync = true (default)
2021-07-27 03:54:18,228 [pool-177-thread-1] INFO  server.RaftServerConfigKeys (ConfUtils.java:logGet(44)) - raft.server.log.statemachine.data.sync.timeout = 10s (default)
2021-07-27 03:54:18,229 [pool-177-thread-1] INFO  server.RaftServerConfigKeys (ConfUtils.java:logGet(44)) - raft.server.log.statemachine.data.sync.timeout.retry = -1 (default)
2021-07-27 03:54:18,229 [pool-177-thread-1] INFO  server.RaftServerConfigKeys (ConfUtils.java:logGet(44)) - raft.server.log.write.buffer.size = 64KB (=65536) (default)
2021-07-27 03:54:18,229 [pool-177-thread-1] INFO  server.RaftServerConfigKeys (ConfUtils.java:logGet(44)) - raft.server.log.statemachine.data.caching.enabled = false (default)
2021-07-27 03:54:18,230 [pool-177-thread-1] INFO  segmented.SegmentedRaftLogWorker (SegmentedRaftLogWorker.java:lambda$new$0(133)) - omNode-bootstrap-1@group-33FC8B15A7E9-SegmentedRaftLogWorker: flushIndex: setUnconditionally 0 -> -1
2021-07-27 03:54:18,230 [pool-177-thread-1] INFO  segmented.SegmentedRaftLogWorker (SegmentedRaftLogWorker.java:lambda$new$0(133)) - omNode-bootstrap-1@group-33FC8B15A7E9-SegmentedRaftLogWorker: safeCacheEvictIndex: setUnconditionally 0 -> -1
2021-07-27 03:54:18,234 [Listener at 127.0.0.1/13336] INFO  ha.OMHANodeDetails (OMHANodeDetails.java:loadOMHAConfig(118)) - ServiceID for OzoneManager is om-bootstrap
2021-07-27 03:54:18,235 [Listener at 127.0.0.1/13336] INFO  ha.OMHANodeDetails (OMHANodeDetails.java:loadOMHAConfig(194)) - Found matching OM address with OMServiceId: om-bootstrap, OMNodeId: omNode-bootstrap-1, RPC Address: localhost:12120 and Ratis port: 12124
2021-07-27 03:54:18,235 [Listener at 127.0.0.1/13336] INFO  ha.OMHANodeDetails (ConfUtils.java:setNodeSpecificConfigs(108)) - Setting configuration key ozone.om.http-address with value of key ozone.om.http-address.om-bootstrap.omNode-bootstrap-1: 127.0.0.1:12122
2021-07-27 03:54:18,235 [Listener at 127.0.0.1/13336] INFO  ha.OMHANodeDetails (ConfUtils.java:setNodeSpecificConfigs(108)) - Setting configuration key ozone.om.https-address with value of key ozone.om.https-address.om-bootstrap.omNode-bootstrap-1: 127.0.0.1:12123
2021-07-27 03:54:18,235 [Listener at 127.0.0.1/13336] INFO  ha.OMHANodeDetails (ConfUtils.java:setNodeSpecificConfigs(108)) - Setting configuration key ozone.om.address with value of key ozone.om.address.om-bootstrap.omNode-bootstrap-1: 127.0.0.1:12120
2021-07-27 03:54:18,235 [Listener at 127.0.0.1/13336] WARN  server.ServerUtils (ServerUtils.java:getDBPath(225)) - ozone.om.db.dirs is not configured. We recommend adding this setting. Falling back to ozone.metadata.dirs instead.
OM already initialized.Reusing existing cluster id for sd=/home/runner/work/ozone/ozone/mnt/ozone/hadoop-ozone/integration-test/target/test-dir/MiniOzoneClusterImpl-b10bafd4-cc06-4e81-8a2f-dfe27fd2d808/omNode-bootstrap-1/om;cid=b10bafd4-cc06-4e81-8a2f-dfe27fd2d808;layoutVersion=0
2021-07-27 03:54:18,235 [Listener at 127.0.0.1/13336] INFO  ha.OMHANodeDetails (OMHANodeDetails.java:loadOMHAConfig(118)) - ServiceID for OzoneManager is om-bootstrap
2021-07-27 03:54:18,236 [Listener at 127.0.0.1/13336] INFO  ha.OMHANodeDetails (OMHANodeDetails.java:loadOMHAConfig(194)) - Found matching OM address with OMServiceId: om-bootstrap, OMNodeId: omNode-bootstrap-1, RPC Address: localhost:12120 and Ratis port: 12124
2021-07-27 03:54:18,236 [Listener at 127.0.0.1/13336] INFO  ha.OMHANodeDetails (ConfUtils.java:setNodeSpecificConfigs(108)) - Setting configuration key ozone.om.http-address with value of key ozone.om.http-address.om-bootstrap.omNode-bootstrap-1: 127.0.0.1:12122
2021-07-27 03:54:18,236 [Listener at 127.0.0.1/13336] INFO  ha.OMHANodeDetails (ConfUtils.java:setNodeSpecificConfigs(108)) - Setting configuration key ozone.om.https-address with value of key ozone.om.https-address.om-bootstrap.omNode-bootstrap-1: 127.0.0.1:12123
2021-07-27 03:54:18,236 [Listener at 127.0.0.1/13336] INFO  ha.OMHANodeDetails (ConfUtils.java:setNodeSpecificConfigs(108)) - Setting configuration key ozone.om.address with value of key ozone.om.address.om-bootstrap.omNode-bootstrap-1: 127.0.0.1:12120
2021-07-27 03:54:18,236 [Listener at 127.0.0.1/13336] WARN  server.ServerUtils (ServerUtils.java:getDBPath(225)) - ozone.om.db.dirs is not configured. We recommend adding this setting. Falling back to ozone.metadata.dirs instead.
2021-07-27 03:54:18,237 [Listener at 127.0.0.1/13336] INFO  upgrade.AbstractLayoutVersionManager (AbstractLayoutVersionManager.java:init(70)) - Initializing Layout version manager with metadata layout = INITIAL_VERSION (version = 0), software layout = INITIAL_VERSION (version = 0)
2021-07-27 03:54:18,239 [pool-177-thread-1] INFO  server.RaftServerConfigKeys (ConfUtils.java:logGet(44)) - raft.server.snapshot.auto.trigger.enabled = true (custom)
2021-07-27 03:54:18,239 [pool-177-thread-1] INFO  server.RaftServerConfigKeys (ConfUtils.java:logGet(44)) - raft.server.snapshot.auto.trigger.threshold = 400000 (default)
2021-07-27 03:54:18,239 [pool-177-thread-1] INFO  server.RaftServerConfigKeys (ConfUtils.java:logGet(44)) - raft.server.snapshot.retention.file.num = -1 (default)
2021-07-27 03:54:18,239 [pool-177-thread-1] INFO  server.RaftServerConfigKeys (ConfUtils.java:logGet(44)) - raft.server.log.purge.upto.snapshot.index = true (custom)
2021-07-27 03:54:18,246 [pool-177-thread-1] INFO  server.RaftServerConfigKeys (ConfUtils.java:logGet(44)) - raft.server.retrycache.expirytime = 300s (custom)
2021-07-27 03:54:18,246 [pool-177-thread-1] INFO  server.RaftServerConfigKeys (ConfUtils.java:logGet(44)) - raft.server.retrycache.statistics.expirytime = 100μs (default)
2021-07-27 03:54:18,291 [Listener at 127.0.0.1/13336] INFO  reflections.Reflections (Reflections.java:scan(232)) - Reflections took 53 ms to scan 2 urls, producing 131 keys and 342 values [using 2 cores]
2021-07-27 03:54:18,291 [Listener at 127.0.0.1/13336] INFO  upgrade.OMLayoutVersionManager (OMLayoutVersionManager.java:lambda$0(116)) - Skipping Upgrade Action MockOmUpgradeAction since it has been finalized.
2021-07-27 03:54:18,292 [Listener at 127.0.0.1/13336] WARN  server.ServerUtils (ServerUtils.java:getDBPath(225)) - ozone.om.db.dirs is not configured. We recommend adding this setting. Falling back to ozone.metadata.dirs instead.
2021-07-27 03:54:18,292 [Listener at 127.0.0.1/13336] INFO  ha.SCMNodeInfo (SCMNodeInfo.java:getPort(197)) - ConfigKey ozone.scm.client.address is deprecated, For configuring different ports for each SCM use PortConfigKey ozone.scm.client.port appended with serviceId and nodeId
2021-07-27 03:54:18,292 [Listener at 127.0.0.1/13336] INFO  ha.SCMNodeInfo (SCMNodeInfo.java:getPort(197)) - ConfigKey ozone.scm.block.client.address is deprecated, For configuring different ports for each SCM use PortConfigKey ozone.scm.block.client.port appended with serviceId and nodeId
2021-07-27 03:54:18,292 [Listener at 127.0.0.1/13336] INFO  ha.SCMNodeInfo (SCMNodeInfo.java:getPort(197)) - ConfigKey ozone.scm.datanode.address is deprecated, For configuring different ports for each SCM use PortConfigKey ozone.scm.datanode.port appended with serviceId and nodeId
2021-07-27 03:54:18,292 [Listener at 127.0.0.1/13336] INFO  ha.SCMNodeInfo (SCMNodeInfo.java:getPort(197)) - ConfigKey ozone.scm.client.address is deprecated, For configuring different ports for each SCM use PortConfigKey ozone.scm.client.port appended with serviceId and nodeId
2021-07-27 03:54:18,292 [Listener at 127.0.0.1/13336] INFO  ha.SCMNodeInfo (SCMNodeInfo.java:getPort(197)) - ConfigKey ozone.scm.block.client.address is deprecated, For configuring different ports for each SCM use PortConfigKey ozone.scm.block.client.port appended with serviceId and nodeId
2021-07-27 03:54:18,293 [Listener at 127.0.0.1/13336] INFO  ha.SCMNodeInfo (SCMNodeInfo.java:getPort(197)) - ConfigKey ozone.scm.datanode.address is deprecated, For configuring different ports for each SCM use PortConfigKey ozone.scm.datanode.port appended with serviceId and nodeId
2021-07-27 03:54:18,294 [Listener at 127.0.0.1/13336] INFO  ha.SCMNodeInfo (SCMNodeInfo.java:getPort(197)) - ConfigKey ozone.scm.client.address is deprecated, For configuring different ports for each SCM use PortConfigKey ozone.scm.client.port appended with serviceId and nodeId
2021-07-27 03:54:18,294 [Listener at 127.0.0.1/13336] INFO  ha.SCMNodeInfo (SCMNodeInfo.java:getPort(197)) - ConfigKey ozone.scm.block.client.address is deprecated, For configuring different ports for each SCM use PortConfigKey ozone.scm.block.client.port appended with serviceId and nodeId
2021-07-27 03:54:18,294 [Listener at 127.0.0.1/13336] INFO  ha.SCMNodeInfo (SCMNodeInfo.java:getPort(197)) - ConfigKey ozone.scm.datanode.address is deprecated, For configuring different ports for each SCM use PortConfigKey ozone.scm.datanode.port appended with serviceId and nodeId
2021-07-27 03:54:18,305 [Listener at 127.0.0.1/13336] WARN  server.ServerUtils (ServerUtils.java:getDBPath(225)) - ozone.om.db.dirs is not configured. We recommend adding this setting. Falling back to ozone.metadata.dirs instead.
2021-07-27 03:54:18,306 [Listener at 127.0.0.1/13336] INFO  codec.OmKeyInfoCodec (OmKeyInfoCodec.java:<init>(51)) - OmKeyInfoCodec ignorePipeline = true
2021-07-27 03:54:18,306 [Listener at 127.0.0.1/13336] INFO  codec.RepeatedOmKeyInfoCodec (RepeatedOmKeyInfoCodec.java:<init>(42)) - RepeatedOmKeyInfoCodec ignorePipeline = true
2021-07-27 03:54:18,311 [Listener at 127.0.0.1/13336] INFO  ozone.MiniOzoneClusterImpl (MiniOzoneClusterImpl.java:shutdown(453)) - Shutting down the Mini Ozone Cluster
2021-07-27 03:54:18,311 [Listener at 127.0.0.1/13336] INFO  ozone.MiniOzoneHAClusterImpl (MiniOzoneHAClusterImpl.java:stop(297)) - Stopping the OzoneManager omNode-3
2021-07-27 03:54:18,311 [Listener at 127.0.0.1/13336] INFO  om.OzoneManager (OzoneManager.java:stop(1601)) - Stopping Ozone Manager
2021-07-27 03:54:18,312 [Listener at 127.0.0.1/13336] INFO  ipc.Server (Server.java:stop(3414)) - Stopping server on 13336
2021-07-27 03:54:18,318 [IPC Server listener on 13336] INFO  ipc.Server (Server.java:run(1376)) - Stopping IPC Server listener on 13336
2021-07-27 03:54:18,319 [IPC Server Responder] INFO  ipc.Server (Server.java:run(1512)) - Stopping IPC Server Responder
2021-07-27 03:54:18,320 [Listener at 127.0.0.1/13336] INFO  server.RaftServer (RaftServerProxy.java:lambda$close$6(391)) - omNode-3: close
2021-07-27 03:54:18,320 [Listener at 127.0.0.1/13336] INFO  server.RaftServer$Division (RaftServerImpl.java:lambda$close$4(407)) - omNode-3@group-33FC8B15A7E9: shutdown
2021-07-27 03:54:18,320 [Listener at 127.0.0.1/13336] INFO  util.JmxRegister (JmxRegister.java:unregister(73)) - Successfully un-registered JMX Bean with object name Ratis:service=RaftServer,group=group-33FC8B15A7E9,id=omNode-3
2021-07-27 03:54:18,320 [Listener at 127.0.0.1/13336] INFO  impl.RoleInfo (RoleInfo.java:shutdownFollowerState(108)) - omNode-3: shutdown omNode-3@group-33FC8B15A7E9-FollowerState
2021-07-27 03:54:18,320 [Listener at 127.0.0.1/13336] INFO  impl.StateMachineUpdater (StateMachineUpdater.java:stopAndJoin(149)) - omNode-3@group-33FC8B15A7E9-StateMachineUpdater: set stopIndex = 7
2021-07-27 03:54:18,321 [omNode-3@group-33FC8B15A7E9-StateMachineUpdater] INFO  ratis.OzoneManagerStateMachine (OzoneManagerStateMachine.java:takeSnapshot(417)) - Current Snapshot Index (t:1, i:7)
2021-07-27 03:54:18,321 [omNode-3@group-33FC8B15A7E9-StateMachineUpdater] INFO  impl.StateMachineUpdater (StateMachineUpdater.java:takeSnapshot(281)) - omNode-3@group-33FC8B15A7E9-StateMachineUpdater: Took a snapshot at index 7
2021-07-27 03:54:18,322 [omNode-3@group-33FC8B15A7E9-StateMachineUpdater] INFO  impl.StateMachineUpdater (StateMachineUpdater.java:lambda$new$0(89)) - omNode-3@group-33FC8B15A7E9-StateMachineUpdater: snapshotIndex: updateIncreasingly -1 -> 7
2021-07-27 03:54:18,322 [omNode-3@group-33FC8B15A7E9-StateMachineUpdater] INFO  ratis.OzoneManagerStateMachine (OzoneManagerStateMachine.java:close(471)) - StateMachine has shutdown. Shutdown OzoneManager if not already shutdown.
2021-07-27 03:54:18,320 [omNode-3@group-33FC8B15A7E9-FollowerState] INFO  impl.FollowerState (FollowerState.java:run(143)) - omNode-3@group-33FC8B15A7E9-FollowerState was interrupted: {}
java.lang.InterruptedException: sleep interrupted
	at java.lang.Thread.sleep(Native Method)
	at java.lang.Thread.sleep(Thread.java:340)
	at java.util.concurrent.TimeUnit.sleep(TimeUnit.java:386)
	at org.apache.ratis.util.TimeDuration.sleep(TimeDuration.java:324)
	at org.apache.ratis.util.TimeDuration.sleep(TimeDuration.java:309)
	at org.apache.ratis.server.impl.FollowerState.run(FollowerState.java:118)
2021-07-27 03:54:18,322 [Listener at 127.0.0.1/13336] INFO  server.RaftServer$Division (ServerState.java:close(419)) - omNode-3@group-33FC8B15A7E9: closes. applyIndex: 7
2021-07-27 03:54:18,323 [omNode-3@group-33FC8B15A7E9-SegmentedRaftLogWorker] INFO  segmented.SegmentedRaftLogWorker (SegmentedRaftLogWorker.java:run(327)) - omNode-3@group-33FC8B15A7E9-SegmentedRaftLogWorker was interrupted, exiting. There are 0 tasks remaining in the queue.
2021-07-27 03:54:18,325 [Listener at 127.0.0.1/13336] INFO  segmented.SegmentedRaftLogWorker (SegmentedRaftLogWorker.java:close(237)) - omNode-3@group-33FC8B15A7E9-SegmentedRaftLogWorker close()
2021-07-27 03:54:18,326 [Listener at 127.0.0.1/13336] INFO  server.GrpcService (GrpcService.java:closeImpl(262)) - omNode-3: shutdown server with port 13340 now
2021-07-27 03:54:18,375 [grpc-default-executor-0] WARN  server.GrpcServerProtocolService (LogUtils.java:warn(122)) - omNode-3: installSnapshot onError, lastRequest: omNode-1->omNode-3#102-t1,previous=(t:1, i:7),leaderCommit=7,initializing? true,entries: size=1, first=(t:1, i:8), METADATAENTRY(c:7): org.apache.ratis.thirdparty.io.grpc.StatusRuntimeException: CANCELLED: client cancelled
2021-07-27 03:54:18,375 [Listener at 127.0.0.1/13336] INFO  server.GrpcService (GrpcService.java:closeImpl(271)) - omNode-3: shutdown server with port 13340 successfully
2021-07-27 03:54:18,375 [org.apache.ratis.util.JvmPauseMonitor$$Lambda$430/1677697972@454060b5] INFO  util.JvmPauseMonitor (JvmPauseMonitor.java:run(109)) - JvmPauseMonitor-omNode-3: Stopped
2021-07-27 03:54:18,376 [Listener at 127.0.0.1/13336] INFO  ratis.OzoneManagerDoubleBuffer (OzoneManagerDoubleBuffer.java:stop(437)) - Stopping OMDoubleBuffer flush thread
2021-07-27 03:54:18,378 [grpc-default-executor-0] WARN  server.GrpcLogAppender (LogUtils.java:warn(122)) - omNode-1@group-33FC8B15A7E9->omNode-3-AppendLogResponseHandler: Failed appendEntries: org.apache.ratis.thirdparty.io.grpc.StatusRuntimeException: CANCELLED: HTTP/2 error code: CANCEL
Received Rst Stream
2021-07-27 03:54:18,376 [OMDoubleBufferFlushThread] INFO  ratis.OzoneManagerDoubleBuffer (OzoneManagerDoubleBuffer.java:flushTransactions(356)) - OMDoubleBuffer flush thread OMDoubleBufferFlushThread is interrupted and will exit. OMDoubleBufferFlushThread
2021-07-27 03:54:18,382 [Listener at 127.0.0.1/13336] INFO  utils.BackgroundService (BackgroundService.java:shutdown(132)) - Shutting down service KeyDeletingService
2021-07-27 03:54:18,383 [grpc-default-executor-0] INFO  leader.FollowerInfo (FollowerInfoImpl.java:lambda$new$0(46)) - omNode-1@group-33FC8B15A7E9->omNode-3: nextIndex: updateUnconditionally 9 -> 8
2021-07-27 03:54:18,385 [Listener at 127.0.0.1/13336] INFO  handler.ContextHandler (ContextHandler.java:doStop(1154)) - Stopped o.e.j.w.WebAppContext@6e225adb{ozoneManager,/,null,STOPPED}{file:/home/runner/work/ozone/ozone/mnt/ozone/hadoop-ozone/integration-test/target/test-classes/webapps/ozoneManager}
2021-07-27 03:54:18,397 [Listener at 127.0.0.1/13336] INFO  server.AbstractConnector (AbstractConnector.java:doStop(381)) - Stopped ServerConnector@7c78c76a{HTTP/1.1, (http/1.1)}{0.0.0.0:13338}
2021-07-27 03:54:18,398 [Listener at 127.0.0.1/13336] INFO  server.session (HouseKeeper.java:stopScavenging(149)) - node0 Stopped scavenging
2021-07-27 03:54:18,399 [Listener at 127.0.0.1/13336] INFO  handler.ContextHandler (ContextHandler.java:doStop(1154)) - Stopped o.e.j.s.ServletContextHandler@2e689f56{static,/static,file:///home/runner/work/ozone/ozone/mnt/ozone/hadoop-ozone/integration-test/target/test-classes/webapps/static,STOPPED}
2021-07-27 03:54:18,399 [Listener at 127.0.0.1/13336] INFO  handler.ContextHandler (ContextHandler.java:doStop(1154)) - Stopped o.e.j.s.ServletContextHandler@74e6cf37{logs,/logs,file:///home/runner/work/ozone/ozone/mnt/ozone/hadoop-ozone/integration-test/target/log,STOPPED}
2021-07-27 03:54:18,409 [grpc-default-executor-2] WARN  server.GrpcLogAppender (LogUtils.java:warn(122)) - omNode-1@group-33FC8B15A7E9->omNode-3-AppendLogResponseHandler: Failed appendEntries: org.apache.ratis.thirdparty.io.grpc.StatusRuntimeException: UNAVAILABLE: io exception
2021-07-27 03:54:18,412 [Listener at 127.0.0.1/13336] INFO  ozone.MiniOzoneHAClusterImpl (MiniOzoneHAClusterImpl.java:stop(297)) - Stopping the OzoneManager omNode-1
2021-07-27 03:54:18,412 [Listener at 127.0.0.1/13336] INFO  om.OzoneManager (OzoneManager.java:stop(1601)) - Stopping Ozone Manager
2021-07-27 03:54:18,412 [Listener at 127.0.0.1/13336] INFO  ipc.Server (Server.java:stop(3414)) - Stopping server on 13324
2021-07-27 03:54:18,413 [IPC Server listener on 13324] INFO  ipc.Server (Server.java:run(1376)) - Stopping IPC Server listener on 13324
2021-07-27 03:54:18,411 [grpc-default-executor-2] INFO  leader.FollowerInfo (FollowerInfoImpl.java:lambda$new$0(46)) - omNode-1@group-33FC8B15A7E9->omNode-3: nextIndex: updateUnconditionally 9 -> 8
2021-07-27 03:54:18,417 [IPC Server Responder] INFO  ipc.Server (Server.java:run(1512)) - Stopping IPC Server Responder
2021-07-27 03:54:18,418 [Listener at 127.0.0.1/13336] INFO  server.RaftServer (RaftServerProxy.java:lambda$close$6(391)) - omNode-1: close
2021-07-27 03:54:18,418 [Listener at 127.0.0.1/13336] INFO  server.RaftServer$Division (RaftServerImpl.java:lambda$close$4(407)) - omNode-1@group-33FC8B15A7E9: shutdown
2021-07-27 03:54:18,418 [Listener at 127.0.0.1/13336] INFO  util.JmxRegister (JmxRegister.java:unregister(73)) - Successfully un-registered JMX Bean with object name Ratis:service=RaftServer,group=group-33FC8B15A7E9,id=omNode-1
2021-07-27 03:54:18,418 [Listener at 127.0.0.1/13336] INFO  impl.RoleInfo (RoleInfo.java:shutdownLeaderState(91)) - omNode-1: shutdown omNode-1@group-33FC8B15A7E9-LeaderStateImpl
2021-07-27 03:54:18,419 [Listener at 127.0.0.1/13336] INFO  impl.PendingRequests (PendingRequests.java:sendNotLeaderResponses(249)) - omNode-1@group-33FC8B15A7E9-PendingRequests: sendNotLeaderResponses
2021-07-27 03:54:18,419 [omNode-1@group-33FC8B15A7E9->omNode-2-GrpcLogAppender-LogAppenderDaemon] WARN  server.GrpcLogAppender (GrpcLogAppender.java:mayWait(175)) - omNode-1@group-33FC8B15A7E9->omNode-2-GrpcLogAppender: Wait interrupted by java.lang.InterruptedException
2021-07-27 03:54:18,419 [omNode-1@group-33FC8B15A7E9->omNode-3-GrpcLogAppender-LogAppenderDaemon] WARN  server.GrpcLogAppender (GrpcLogAppender.java:mayWait(175)) - omNode-1@group-33FC8B15A7E9->omNode-3-GrpcLogAppender: Wait interrupted by java.lang.InterruptedException
2021-07-27 03:54:18,420 [grpc-default-executor-2] INFO  server.GrpcServerProtocolService (GrpcServerProtocolService.java:onCompleted(140)) - omNode-2: Completed APPEND_ENTRIES, lastRequest: omNode-1->omNode-2#100-t1,previous=(t:1, i:7),leaderCommit=7,initializing? true,entries: size=1, first=(t:1, i:8), METADATAENTRY(c:7)
2021-07-27 03:54:18,422 [grpc-default-executor-2] INFO  server.GrpcLogAppender (GrpcLogAppender.java:onCompleted(344)) - omNode-1@group-33FC8B15A7E9->omNode-2-AppendLogResponseHandler: follower responses appendEntries COMPLETED
2021-07-27 03:54:18,423 [grpc-default-executor-2] INFO  leader.FollowerInfo (FollowerInfoImpl.java:lambda$new$0(46)) - omNode-1@group-33FC8B15A7E9->omNode-2: nextIndex: updateUnconditionally 9 -> 8
2021-07-27 03:54:18,423 [Listener at 127.0.0.1/13336] INFO  impl.StateMachineUpdater (StateMachineUpdater.java:stopAndJoin(149)) - omNode-1@group-33FC8B15A7E9-StateMachineUpdater: set stopIndex = 8
2021-07-27 03:54:18,423 [omNode-1@group-33FC8B15A7E9-StateMachineUpdater] INFO  ratis.OzoneManagerStateMachine (OzoneManagerStateMachine.java:takeSnapshot(417)) - Current Snapshot Index (t:1, i:8)
2021-07-27 03:54:18,423 [omNode-1@group-33FC8B15A7E9-StateMachineUpdater] INFO  impl.StateMachineUpdater (StateMachineUpdater.java:takeSnapshot(281)) - omNode-1@group-33FC8B15A7E9-StateMachineUpdater: Took a snapshot at index 8
2021-07-27 03:54:18,423 [omNode-1@group-33FC8B15A7E9-StateMachineUpdater] INFO  impl.StateMachineUpdater (StateMachineUpdater.java:lambda$new$0(89)) - omNode-1@group-33FC8B15A7E9-StateMachineUpdater: snapshotIndex: updateIncreasingly -1 -> 8
2021-07-27 03:54:18,423 [omNode-1@group-33FC8B15A7E9-StateMachineUpdater] INFO  ratis.OzoneManagerStateMachine (OzoneManagerStateMachine.java:close(471)) - StateMachine has shutdown. Shutdown OzoneManager if not already shutdown.
2021-07-27 03:54:18,424 [Listener at 127.0.0.1/13336] INFO  server.RaftServer$Division (ServerState.java:close(419)) - omNode-1@group-33FC8B15A7E9: closes. applyIndex: 8
2021-07-27 03:54:18,424 [omNode-1@group-33FC8B15A7E9-SegmentedRaftLogWorker] INFO  segmented.SegmentedRaftLogWorker (SegmentedRaftLogWorker.java:run(327)) - omNode-1@group-33FC8B15A7E9-SegmentedRaftLogWorker was interrupted, exiting. There are 0 tasks remaining in the queue.
2021-07-27 03:54:18,426 [Listener at 127.0.0.1/13336] INFO  segmented.SegmentedRaftLogWorker (SegmentedRaftLogWorker.java:close(237)) - omNode-1@group-33FC8B15A7E9-SegmentedRaftLogWorker close()
2021-07-27 03:54:18,429 [Listener at 127.0.0.1/13336] INFO  server.GrpcService (GrpcService.java:closeImpl(262)) - omNode-1: shutdown server with port 13328 now
2021-07-27 03:54:18,432 [Listener at 127.0.0.1/13336] INFO  server.GrpcService (GrpcService.java:closeImpl(271)) - omNode-1: shutdown server with port 13328 successfully
2021-07-27 03:54:18,432 [org.apache.ratis.util.JvmPauseMonitor$$Lambda$430/1677697972@6948a057] INFO  util.JvmPauseMonitor (JvmPauseMonitor.java:run(109)) - JvmPauseMonitor-omNode-1: Stopped
2021-07-27 03:54:18,432 [Listener at 127.0.0.1/13336] INFO  ratis.OzoneManagerDoubleBuffer (OzoneManagerDoubleBuffer.java:stop(437)) - Stopping OMDoubleBuffer flush thread
2021-07-27 03:54:18,433 [OMDoubleBufferFlushThread] INFO  ratis.OzoneManagerDoubleBuffer (OzoneManagerDoubleBuffer.java:flushTransactions(356)) - OMDoubleBuffer flush thread OMDoubleBufferFlushThread is interrupted and will exit. OMDoubleBufferFlushThread
2021-07-27 03:54:18,433 [Listener at 127.0.0.1/13336] INFO  utils.BackgroundService (BackgroundService.java:shutdown(132)) - Shutting down service KeyDeletingService
2021-07-27 03:54:18,434 [Listener at 127.0.0.1/13336] INFO  handler.ContextHandler (ContextHandler.java:doStop(1154)) - Stopped o.e.j.w.WebAppContext@6059063{ozoneManager,/,null,STOPPED}{file:/home/runner/work/ozone/ozone/mnt/ozone/hadoop-ozone/integration-test/target/test-classes/webapps/ozoneManager}
2021-07-27 03:54:18,435 [Listener at 127.0.0.1/13336] INFO  server.AbstractConnector (AbstractConnector.java:doStop(381)) - Stopped ServerConnector@7c81ce55{HTTP/1.1, (http/1.1)}{0.0.0.0:13326}
2021-07-27 03:54:18,435 [Listener at 127.0.0.1/13336] INFO  server.session (HouseKeeper.java:stopScavenging(149)) - node0 Stopped scavenging
2021-07-27 03:54:18,435 [Listener at 127.0.0.1/13336] INFO  handler.ContextHandler (ContextHandler.java:doStop(1154)) - Stopped o.e.j.s.ServletContextHandler@2e36162f{static,/static,file:///home/runner/work/ozone/ozone/mnt/ozone/hadoop-ozone/integration-test/target/test-classes/webapps/static,STOPPED}
2021-07-27 03:54:18,435 [Listener at 127.0.0.1/13336] INFO  handler.ContextHandler (ContextHandler.java:doStop(1154)) - Stopped o.e.j.s.ServletContextHandler@799c9385{logs,/logs,file:///home/runner/work/ozone/ozone/mnt/ozone/hadoop-ozone/integration-test/target/log,STOPPED}
2021-07-27 03:54:18,438 [Listener at 127.0.0.1/13336] INFO  ozone.MiniOzoneHAClusterImpl (MiniOzoneHAClusterImpl.java:stop(297)) - Stopping the OzoneManager omNode-2
2021-07-27 03:54:18,438 [Listener at 127.0.0.1/13336] INFO  om.OzoneManager (OzoneManager.java:stop(1601)) - Stopping Ozone Manager
2021-07-27 03:54:18,439 [Listener at 127.0.0.1/13336] INFO  ipc.Server (Server.java:stop(3414)) - Stopping server on 13330
2021-07-27 03:54:18,444 [IPC Server listener on 13330] INFO  ipc.Server (Server.java:run(1376)) - Stopping IPC Server listener on 13330
2021-07-27 03:54:18,444 [IPC Server Responder] INFO  ipc.Server (Server.java:run(1512)) - Stopping IPC Server Responder
2021-07-27 03:54:18,445 [Listener at 127.0.0.1/13336] INFO  server.RaftServer (RaftServerProxy.java:lambda$close$6(391)) - omNode-2: close
2021-07-27 03:54:18,445 [Listener at 127.0.0.1/13336] INFO  server.RaftServer$Division (RaftServerImpl.java:lambda$close$4(407)) - omNode-2@group-33FC8B15A7E9: shutdown
2021-07-27 03:54:18,445 [Listener at 127.0.0.1/13336] INFO  util.JmxRegister (JmxRegister.java:unregister(73)) - Successfully un-registered JMX Bean with object name Ratis:service=RaftServer,group=group-33FC8B15A7E9,id=omNode-2
2021-07-27 03:54:18,445 [Listener at 127.0.0.1/13336] INFO  impl.RoleInfo (RoleInfo.java:shutdownFollowerState(108)) - omNode-2: shutdown omNode-2@group-33FC8B15A7E9-FollowerState
2021-07-27 03:54:18,446 [omNode-2@group-33FC8B15A7E9-FollowerState] INFO  impl.FollowerState (FollowerState.java:run(143)) - omNode-2@group-33FC8B15A7E9-FollowerState was interrupted: {}
java.lang.InterruptedException: sleep interrupted
	at java.lang.Thread.sleep(Native Method)
	at java.lang.Thread.sleep(Thread.java:340)
	at java.util.concurrent.TimeUnit.sleep(TimeUnit.java:386)
	at org.apache.ratis.util.TimeDuration.sleep(TimeDuration.java:324)
	at org.apache.ratis.util.TimeDuration.sleep(TimeDuration.java:309)
	at org.apache.ratis.server.impl.FollowerState.run(FollowerState.java:118)
2021-07-27 03:54:18,446 [omNode-2@group-33FC8B15A7E9-StateMachineUpdater] INFO  ratis.OzoneManagerStateMachine (OzoneManagerStateMachine.java:takeSnapshot(417)) - Current Snapshot Index (t:1, i:7)
2021-07-27 03:54:18,446 [omNode-2@group-33FC8B15A7E9-StateMachineUpdater] INFO  impl.StateMachineUpdater (StateMachineUpdater.java:takeSnapshot(281)) - omNode-2@group-33FC8B15A7E9-StateMachineUpdater: Took a snapshot at index 7
2021-07-27 03:54:18,446 [omNode-2@group-33FC8B15A7E9-StateMachineUpdater] INFO  impl.StateMachineUpdater (StateMachineUpdater.java:lambda$new$0(89)) - omNode-2@group-33FC8B15A7E9-StateMachineUpdater: snapshotIndex: updateIncreasingly -1 -> 7
2021-07-27 03:54:18,446 [omNode-2@group-33FC8B15A7E9-StateMachineUpdater] INFO  ratis.OzoneManagerStateMachine (OzoneManagerStateMachine.java:close(471)) - StateMachine has shutdown. Shutdown OzoneManager if not already shutdown.
2021-07-27 03:54:18,447 [Listener at 127.0.0.1/13336] INFO  impl.StateMachineUpdater (StateMachineUpdater.java:stopAndJoin(149)) - omNode-2@group-33FC8B15A7E9-StateMachineUpdater: set stopIndex = 7
2021-07-27 03:54:18,447 [Listener at 127.0.0.1/13336] INFO  server.RaftServer$Division (ServerState.java:close(419)) - omNode-2@group-33FC8B15A7E9: closes. applyIndex: 7
2021-07-27 03:54:18,447 [omNode-2@group-33FC8B15A7E9-SegmentedRaftLogWorker] INFO  segmented.SegmentedRaftLogWorker (SegmentedRaftLogWorker.java:run(327)) - omNode-2@group-33FC8B15A7E9-SegmentedRaftLogWorker was interrupted, exiting. There are 0 tasks remaining in the queue.
2021-07-27 03:54:18,448 [Listener at 127.0.0.1/13336] INFO  segmented.SegmentedRaftLogWorker (SegmentedRaftLogWorker.java:close(237)) - omNode-2@group-33FC8B15A7E9-SegmentedRaftLogWorker close()
2021-07-27 03:54:18,450 [Listener at 127.0.0.1/13336] INFO  server.GrpcService (GrpcService.java:closeImpl(262)) - omNode-2: shutdown server with port 13334 now
2021-07-27 03:54:18,452 [Listener at 127.0.0.1/13336] INFO  server.GrpcService (GrpcService.java:closeImpl(271)) - omNode-2: shutdown server with port 13334 successfully
2021-07-27 03:54:18,452 [org.apache.ratis.util.JvmPauseMonitor$$Lambda$430/1677697972@59f91479] INFO  util.JvmPauseMonitor (JvmPauseMonitor.java:run(109)) - JvmPauseMonitor-omNode-2: Stopped
2021-07-27 03:54:18,453 [Listener at 127.0.0.1/13336] INFO  ratis.OzoneManagerDoubleBuffer (OzoneManagerDoubleBuffer.java:stop(437)) - Stopping OMDoubleBuffer flush thread
2021-07-27 03:54:18,453 [OMDoubleBufferFlushThread] INFO  ratis.OzoneManagerDoubleBuffer (OzoneManagerDoubleBuffer.java:flushTransactions(356)) - OMDoubleBuffer flush thread OMDoubleBufferFlushThread is interrupted and will exit. OMDoubleBufferFlushThread
2021-07-27 03:54:18,454 [Listener at 127.0.0.1/13336] INFO  utils.BackgroundService (BackgroundService.java:shutdown(132)) - Shutting down service KeyDeletingService
2021-07-27 03:54:18,455 [Listener at 127.0.0.1/13336] INFO  handler.ContextHandler (ContextHandler.java:doStop(1154)) - Stopped o.e.j.w.WebAppContext@1403e081{ozoneManager,/,null,STOPPED}{file:/home/runner/work/ozone/ozone/mnt/ozone/hadoop-ozone/integration-test/target/test-classes/webapps/ozoneManager}
2021-07-27 03:54:18,455 [Listener at 127.0.0.1/13336] INFO  server.AbstractConnector (AbstractConnector.java:doStop(381)) - Stopped ServerConnector@4981ede3{HTTP/1.1, (http/1.1)}{0.0.0.0:13332}
2021-07-27 03:54:18,456 [Listener at 127.0.0.1/13336] INFO  server.session (HouseKeeper.java:stopScavenging(149)) - node0 Stopped scavenging
2021-07-27 03:54:18,456 [Listener at 127.0.0.1/13336] INFO  handler.ContextHandler (ContextHandler.java:doStop(1154)) - Stopped o.e.j.s.ServletContextHandler@22b2203b{static,/static,file:///home/runner/work/ozone/ozone/mnt/ozone/hadoop-ozone/integration-test/target/test-classes/webapps/static,STOPPED}
2021-07-27 03:54:18,456 [Listener at 127.0.0.1/13336] INFO  handler.ContextHandler (ContextHandler.java:doStop(1154)) - Stopped o.e.j.s.ServletContextHandler@6f75200b{logs,/logs,file:///home/runner/work/ozone/ozone/mnt/ozone/hadoop-ozone/integration-test/target/log,STOPPED}
2021-07-27 03:54:18,459 [Listener at 127.0.0.1/13336] INFO  ozone.MiniOzoneHAClusterImpl (MiniOzoneHAClusterImpl.java:stop(305)) - Stopping the StorageContainerManager 4a006e23-4982-42e1-b4c7-2415bb8d98a0
2021-07-27 03:54:18,459 [Listener at 127.0.0.1/13336] INFO  server.StorageContainerManager (StorageContainerManager.java:stop(1337)) - Stopping Replication Manager Service.
2021-07-27 03:54:18,459 [Listener at 127.0.0.1/13336] INFO  container.ReplicationManager (ReplicationManager.java:stop(317)) - Stopping Replication Monitor Thread.
2021-07-27 03:54:18,459 [Listener at 127.0.0.1/13336] INFO  server.StorageContainerManager (StorageContainerManager.java:stop(1344)) - Stopping the Datanode Admin Monitor.
2021-07-27 03:54:18,460 [Listener at 127.0.0.1/13336] INFO  server.StorageContainerManager (StorageContainerManager.java:stop(1351)) - Stopping Lease Manager of the command watchers
2021-07-27 03:54:18,460 [Listener at 127.0.0.1/13336] INFO  server.StorageContainerManager (StorageContainerManager.java:stop(1358)) - Stopping datanode service RPC server
2021-07-27 03:54:18,460 [Listener at 127.0.0.1/13336] INFO  server.SCMDatanodeProtocolServer (SCMDatanodeProtocolServer.java:stop(389)) - Stopping the RPC server for DataNodes
2021-07-27 03:54:18,460 [Listener at 127.0.0.1/13336] INFO  ipc.Server (Server.java:stop(3414)) - Stopping server on 13921
2021-07-27 03:54:18,468 [IPC Server listener on 13921] INFO  ipc.Server (Server.java:run(1376)) - Stopping IPC Server listener on 13921
2021-07-27 03:54:18,471 [IPC Server Responder] INFO  ipc.Server (Server.java:run(1512)) - Stopping IPC Server Responder
2021-07-27 03:54:18,693 [EndpointStateMachine task thread for /127.0.0.1:13921 - 0 ] WARN  statemachine.EndpointStateMachine (EndpointStateMachine.java:logIfNeeded(236)) - Unable to communicate to SCM server at localhost:13921 for past 0 seconds.
java.io.EOFException: End of File Exception between local host is: "fv-az148-176/10.1.0.38"; destination host is: "localhost":13921; : java.io.EOFException; For more details see:  http://wiki.apache.org/hadoop/EOFException
	at sun.reflect.NativeConstructorAccessorImpl.newInstance0(Native Method)
	at sun.reflect.NativeConstructorAccessorImpl.newInstance(NativeConstructorAccessorImpl.java:62)
	at sun.reflect.DelegatingConstructorAccessorImpl.newInstance(DelegatingConstructorAccessorImpl.java:45)
	at java.lang.reflect.Constructor.newInstance(Constructor.java:423)
	at org.apache.hadoop.net.NetUtils.wrapWithMessage(NetUtils.java:913)
	at org.apache.hadoop.net.NetUtils.wrapException(NetUtils.java:862)
	at org.apache.hadoop.ipc.Client.getRpcResponse(Client.java:1577)
	at org.apache.hadoop.ipc.Client.call(Client.java:1519)
	at org.apache.hadoop.ipc.Client.call(Client.java:1416)
	at org.apache.hadoop.ipc.ProtobufRpcEngine$Invoker.invoke(ProtobufRpcEngine.java:236)
	at org.apache.hadoop.ipc.ProtobufRpcEngine$Invoker.invoke(ProtobufRpcEngine.java:123)
	at com.sun.proxy.$Proxy46.submitRequest(Unknown Source)
	at org.apache.hadoop.ozone.protocolPB.StorageContainerDatanodeProtocolClientSideTranslatorPB.submitRequest(StorageContainerDatanodeProtocolClientSideTranslatorPB.java:117)
	at org.apache.hadoop.ozone.protocolPB.StorageContainerDatanodeProtocolClientSideTranslatorPB.sendHeartbeat(StorageContainerDatanodeProtocolClientSideTranslatorPB.java:149)
	at org.apache.hadoop.ozone.container.common.states.endpoint.HeartbeatEndpointTask.call(HeartbeatEndpointTask.java:179)
	at org.apache.hadoop.ozone.container.common.states.endpoint.HeartbeatEndpointTask.call(HeartbeatEndpointTask.java:82)
	at java.util.concurrent.FutureTask.run(FutureTask.java:266)
	at java.util.concurrent.ThreadPoolExecutor.runWorker(ThreadPoolExecutor.java:1149)
	at java.util.concurrent.ThreadPoolExecutor$Worker.run(ThreadPoolExecutor.java:624)
	at java.lang.Thread.run(Thread.java:748)
Caused by: java.io.EOFException
	at java.io.DataInputStream.readInt(DataInputStream.java:392)
	at org.apache.hadoop.ipc.Client$IpcStreams.readResponse(Client.java:1892)
	at org.apache.hadoop.ipc.Client$Connection.receiveRpcResponse(Client.java:1202)
	at org.apache.hadoop.ipc.Client$Connection.run(Client.java:1098)
2021-07-27 03:54:19,141 [SCM Heartbeat Processing Thread - 0] WARN  node.NodeStateManager (NodeStateManager.java:scheduleNextHealthCheck(799)) - Current Thread is interrupted, shutting down HB processing thread for Node Manager.
2021-07-27 03:54:19,143 [Listener at 127.0.0.1/13336] INFO  server.StorageContainerManager (StorageContainerManager.java:stop(1366)) - Stopping block service RPC server
2021-07-27 03:54:19,143 [Listener at 127.0.0.1/13336] INFO  server.SCMBlockProtocolServer (SCMBlockProtocolServer.java:stop(160)) - Stopping the RPC server for Block Protocol
2021-07-27 03:54:19,143 [Listener at 127.0.0.1/13336] INFO  ipc.Server (Server.java:stop(3414)) - Stopping server on 13922
2021-07-27 03:54:19,147 [Listener at 127.0.0.1/13336] INFO  server.StorageContainerManager (StorageContainerManager.java:stop(1373)) - Stopping the StorageContainerLocationProtocol RPC server
2021-07-27 03:54:19,148 [Listener at 127.0.0.1/13336] INFO  server.SCMClientProtocolServer (SCMClientProtocolServer.java:stop(174)) - Stopping the RPC server for Client Protocol
2021-07-27 03:54:19,148 [Listener at 127.0.0.1/13336] INFO  ipc.Server (Server.java:stop(3414)) - Stopping server on 13923
2021-07-27 03:54:19,148 [IPC Server Responder] INFO  ipc.Server (Server.java:run(1512)) - Stopping IPC Server Responder
2021-07-27 03:54:19,148 [IPC Server listener on 13922] INFO  ipc.Server (Server.java:run(1376)) - Stopping IPC Server listener on 13922
2021-07-27 03:54:19,160 [IPC Server Responder] INFO  ipc.Server (Server.java:run(1512)) - Stopping IPC Server Responder
2021-07-27 03:54:19,160 [Listener at 127.0.0.1/13336] INFO  server.StorageContainerManager (StorageContainerManager.java:stop(1380)) - Stopping Storage Container Manager HTTP server.
2021-07-27 03:54:19,162 [IPC Server listener on 13923] INFO  ipc.Server (Server.java:run(1376)) - Stopping IPC Server listener on 13923
2021-07-27 03:54:19,162 [Listener at 127.0.0.1/13336] INFO  handler.ContextHandler (ContextHandler.java:doStop(1154)) - Stopped o.e.j.w.WebAppContext@4b49ab47{scm,/,null,STOPPED}{file:/home/runner/work/ozone/ozone/mnt/ozone/hadoop-ozone/integration-test/target/test-classes/webapps/scm}
2021-07-27 03:54:19,164 [Listener at 127.0.0.1/13336] INFO  server.AbstractConnector (AbstractConnector.java:doStop(381)) - Stopped ServerConnector@232a238f{HTTP/1.1, (http/1.1)}{0.0.0.0:13918}
2021-07-27 03:54:19,164 [Listener at 127.0.0.1/13336] INFO  server.session (HouseKeeper.java:stopScavenging(149)) - node0 Stopped scavenging
2021-07-27 03:54:19,164 [Listener at 127.0.0.1/13336] INFO  handler.ContextHandler (ContextHandler.java:doStop(1154)) - Stopped o.e.j.s.ServletContextHandler@7f047f9c{static,/static,file:///home/runner/work/ozone/ozone/mnt/ozone/hadoop-ozone/integration-test/target/test-classes/webapps/static,STOPPED}
2021-07-27 03:54:19,164 [Listener at 127.0.0.1/13336] INFO  handler.ContextHandler (ContextHandler.java:doStop(1154)) - Stopped o.e.j.s.ServletContextHandler@32c404e{logs,/logs,file:///home/runner/work/ozone/ozone/mnt/ozone/hadoop-ozone/integration-test/target/log,STOPPED}
2021-07-27 03:54:19,166 [Listener at 127.0.0.1/13336] INFO  server.StorageContainerManager (StorageContainerManager.java:stop(1391)) - Stopping Block Manager Service.
2021-07-27 03:54:19,166 [Listener at 127.0.0.1/13336] INFO  utils.BackgroundService (BackgroundService.java:shutdown(132)) - Shutting down service SCMBlockDeletingService
2021-07-27 03:54:19,166 [Listener at 127.0.0.1/13336] INFO  utils.BackgroundService (BackgroundService.java:shutdown(132)) - Shutting down service SCMBlockDeletingService
2021-07-27 03:54:19,166 [Listener at 127.0.0.1/13336] INFO  server.StorageContainerManager (StorageContainerManager.java:stop(1418)) - Stopping SCM Event Queue.
2021-07-27 03:54:19,169 [Listener at 127.0.0.1/13336] INFO  server.StorageContainerManager (StorageContainerManager.java:stop(1429)) - Stopping SCM HA services.
2021-07-27 03:54:19,169 [Listener at 127.0.0.1/13336] INFO  ha.SCMRatisServerImpl (SCMRatisServerImpl.java:stop(226)) - stopping ratis server 0.0.0.0:13920
2021-07-27 03:54:19,169 [Listener at 127.0.0.1/13336] INFO  server.RaftServer (RaftServerProxy.java:lambda$close$6(391)) - 4a006e23-4982-42e1-b4c7-2415bb8d98a0: close
2021-07-27 03:54:19,170 [Listener at 127.0.0.1/13336] INFO  server.RaftServer$Division (RaftServerImpl.java:lambda$close$4(407)) - 4a006e23-4982-42e1-b4c7-2415bb8d98a0@group-DFE27FD2D808: shutdown
2021-07-27 03:54:19,170 [Listener at 127.0.0.1/13336] INFO  util.JmxRegister (JmxRegister.java:unregister(73)) - Successfully un-registered JMX Bean with object name Ratis:service=RaftServer,group=group-DFE27FD2D808,id=4a006e23-4982-42e1-b4c7-2415bb8d98a0
2021-07-27 03:54:19,170 [Listener at 127.0.0.1/13336] INFO  impl.RoleInfo (RoleInfo.java:shutdownLeaderState(91)) - 4a006e23-4982-42e1-b4c7-2415bb8d98a0: shutdown 4a006e23-4982-42e1-b4c7-2415bb8d98a0@group-DFE27FD2D808-LeaderStateImpl
2021-07-27 03:54:19,170 [Listener at 127.0.0.1/13336] INFO  impl.PendingRequests (PendingRequests.java:sendNotLeaderResponses(249)) - 4a006e23-4982-42e1-b4c7-2415bb8d98a0@group-DFE27FD2D808-PendingRequests: sendNotLeaderResponses
2021-07-27 03:54:19,170 [Listener at 127.0.0.1/13336] INFO  ha.SCMStateMachine (SCMStateMachine.java:notifyNotLeader(183)) - current leader SCM steps down.
2021-07-27 03:54:19,170 [Listener at 127.0.0.1/13336] INFO  ha.SCMContext (SCMContext.java:updateLeaderAndTerm(88)) - update <isLeader,term> from <true,2> to <false,0>
2021-07-27 03:54:19,170 [Listener at 127.0.0.1/13336] INFO  ha.SCMContext (SCMContext.java:updateLeaderAndTerm(95)) - update <isLeaderReady> from <false> to <false>
2021-07-27 03:54:19,172 [Listener at 127.0.0.1/13336] INFO  impl.StateMachineUpdater (StateMachineUpdater.java:stopAndJoin(149)) - 4a006e23-4982-42e1-b4c7-2415bb8d98a0@group-DFE27FD2D808-StateMachineUpdater: set stopIndex = 30
2021-07-27 03:54:19,172 [4a006e23-4982-42e1-b4c7-2415bb8d98a0@group-DFE27FD2D808-StateMachineUpdater] INFO  ha.SCMStateMachine (SCMStateMachine.java:takeSnapshot(290)) - Current Snapshot Index 30, takeSnapshot took 0 ms
2021-07-27 03:54:19,172 [4a006e23-4982-42e1-b4c7-2415bb8d98a0@group-DFE27FD2D808-StateMachineUpdater] INFO  impl.StateMachineUpdater (StateMachineUpdater.java:takeSnapshot(281)) - 4a006e23-4982-42e1-b4c7-2415bb8d98a0@group-DFE27FD2D808-StateMachineUpdater: Took a snapshot at index 30
2021-07-27 03:54:19,172 [4a006e23-4982-42e1-b4c7-2415bb8d98a0@group-DFE27FD2D808-StateMachineUpdater] INFO  impl.StateMachineUpdater (StateMachineUpdater.java:lambda$new$0(89)) - 4a006e23-4982-42e1-b4c7-2415bb8d98a0@group-DFE27FD2D808-StateMachineUpdater: snapshotIndex: updateIncreasingly -1 -> 30
2021-07-27 03:54:19,173 [Listener at 127.0.0.1/13336] INFO  server.RaftServer$Division (ServerState.java:close(419)) - 4a006e23-4982-42e1-b4c7-2415bb8d98a0@group-DFE27FD2D808: closes. applyIndex: 30
2021-07-27 03:54:19,173 [4a006e23-4982-42e1-b4c7-2415bb8d98a0@group-DFE27FD2D808-SegmentedRaftLogWorker] INFO  segmented.SegmentedRaftLogWorker (SegmentedRaftLogWorker.java:run(327)) - 4a006e23-4982-42e1-b4c7-2415bb8d98a0@group-DFE27FD2D808-SegmentedRaftLogWorker was interrupted, exiting. There are 0 tasks remaining in the queue.
2021-07-27 03:54:19,174 [Listener at 127.0.0.1/13336] INFO  segmented.SegmentedRaftLogWorker (SegmentedRaftLogWorker.java:close(237)) - 4a006e23-4982-42e1-b4c7-2415bb8d98a0@group-DFE27FD2D808-SegmentedRaftLogWorker close()
2021-07-27 03:54:19,175 [Listener at 127.0.0.1/13336] INFO  server.GrpcService (GrpcService.java:closeImpl(262)) - 4a006e23-4982-42e1-b4c7-2415bb8d98a0: shutdown server with port 13920 now
2021-07-27 03:54:19,177 [Listener at 127.0.0.1/13336] INFO  server.GrpcService (GrpcService.java:closeImpl(271)) - 4a006e23-4982-42e1-b4c7-2415bb8d98a0: shutdown server with port 13920 successfully
2021-07-27 03:54:19,177 [org.apache.ratis.util.JvmPauseMonitor$$Lambda$430/1677697972@153e504] INFO  util.JvmPauseMonitor (JvmPauseMonitor.java:run(109)) - JvmPauseMonitor-4a006e23-4982-42e1-b4c7-2415bb8d98a0: Stopped
2021-07-27 03:54:19,178 [Listener at 127.0.0.1/13336] INFO  pipeline.BackgroundPipelineCreator (BackgroundPipelineCreatorV2.java:stop(158)) - Stopping RatisPipelineUtilsThread.
2021-07-27 03:54:19,179 [Listener at 127.0.0.1/13336] INFO  server.StorageContainerManager (StorageContainerManager.java:stop(1439)) - Stopping SCM MetadataStore.
2021-07-27 03:54:19,180 [Listener at 127.0.0.1/13336] INFO  impl.MetricsSystemImpl (MetricsSystemImpl.java:stop(210)) - Stopping XceiverClientMetrics metrics system...
2021-07-27 03:54:19,189 [prometheus] INFO  impl.MetricsSinkAdapter (MetricsSinkAdapter.java:publishMetricsFromQueue(141)) - prometheus thread interrupted.
2021-07-27 03:54:19,190 [Listener at 127.0.0.1/13336] INFO  impl.MetricsSystemImpl (MetricsSystemImpl.java:stop(216)) - XceiverClientMetrics metrics system stopped.
2021-07-27 03:54:19,190 [Listener at 127.0.0.1/13336] INFO  ozone.MiniOzoneClusterImpl (MiniOzoneClusterImpl.java:stop(468)) - Stopping the Mini Ozone Cluster
2021-07-27 03:54:19,190 [Listener at 127.0.0.1/13336] INFO  ozone.MiniOzoneClusterImpl (MiniOzoneClusterImpl.java:stopDatanodes(527)) - Stopping the HddsDatanodes
2021-07-27 03:54:19,689 [Datanode State Machine Thread - 0] INFO  statemachine.DatanodeStateMachine (DatanodeStateMachine.java:lambda$startDaemon$0(456)) - Ozone container server started.
2021-07-27 03:54:19,712 [Datanode State Machine Thread - 0] WARN  statemachine.StateContext (StateContext.java:setState(246)) - Ignore disallowed transition from SHUTDOWN to RUNNING
2021-07-27 03:54:19,712 [Datanode State Machine Thread - 0] INFO  statemachine.DatanodeStateMachine (DatanodeStateMachine.java:lambda$startDaemon$0(456)) - Ozone container server started.
2021-07-27 03:54:19,713 [EndpointStateMachine task thread for /127.0.0.1:13921 - 0 ] INFO  ipc.Client (Client.java:handleConnectionFailure(977)) - Retrying connect to server: localhost/127.0.0.1:13921. Already tried 0 time(s); retry policy is RetryUpToMaximumCountWithFixedSleep(maxRetries=15, sleepTime=1000 MILLISECONDS)
2021-07-27 03:54:20,713 [EndpointStateMachine task thread for /127.0.0.1:13921 - 0 ] INFO  ipc.Client (Client.java:handleConnectionFailure(977)) - Retrying connect to server: localhost/127.0.0.1:13921. Already tried 1 time(s); retry policy is RetryUpToMaximumCountWithFixedSleep(maxRetries=15, sleepTime=1000 MILLISECONDS)
2021-07-27 03:54:21,661 [b696075b-dbd5-4684-809e-56516b71197a@group-0DED3D8106BD-FollowerState] INFO  impl.FollowerState (FollowerState.java:run(134)) - b696075b-dbd5-4684-809e-56516b71197a@group-0DED3D8106BD-FollowerState: change to CANDIDATE, lastRpcElapsedTime:5171735665ns, electionTimeout:5169ms
2021-07-27 03:54:21,661 [b696075b-dbd5-4684-809e-56516b71197a@group-0DED3D8106BD-FollowerState] INFO  impl.RoleInfo (RoleInfo.java:shutdownFollowerState(108)) - b696075b-dbd5-4684-809e-56516b71197a: shutdown b696075b-dbd5-4684-809e-56516b71197a@group-0DED3D8106BD-FollowerState
2021-07-27 03:54:21,662 [b696075b-dbd5-4684-809e-56516b71197a@group-0DED3D8106BD-FollowerState] INFO  server.RaftServer$Division (RaftServerImpl.java:setRole(285)) - b696075b-dbd5-4684-809e-56516b71197a@group-0DED3D8106BD: changes role from  FOLLOWER to CANDIDATE at term 1 for changeToCandidate
2021-07-27 03:54:21,662 [b696075b-dbd5-4684-809e-56516b71197a@group-0DED3D8106BD-FollowerState] INFO  server.RaftServerConfigKeys (ConfUtils.java:logGet(44)) - raft.server.leaderelection.pre-vote = false (custom)
2021-07-27 03:54:21,662 [b696075b-dbd5-4684-809e-56516b71197a@group-0DED3D8106BD-FollowerState] INFO  impl.RoleInfo (RoleInfo.java:updateAndGet(130)) - b696075b-dbd5-4684-809e-56516b71197a: start b696075b-dbd5-4684-809e-56516b71197a@group-0DED3D8106BD-LeaderElection10
2021-07-27 03:54:21,665 [b95eb893-7480-4c40-af1e-675e082ede40@group-0DED3D8106BD-FollowerState] INFO  impl.FollowerState (FollowerState.java:run(134)) - b95eb893-7480-4c40-af1e-675e082ede40@group-0DED3D8106BD-FollowerState: change to CANDIDATE, lastRpcElapsedTime:5180369109ns, electionTimeout:5179ms
2021-07-27 03:54:21,665 [b95eb893-7480-4c40-af1e-675e082ede40@group-0DED3D8106BD-FollowerState] INFO  impl.RoleInfo (RoleInfo.java:shutdownFollowerState(108)) - b95eb893-7480-4c40-af1e-675e082ede40: shutdown b95eb893-7480-4c40-af1e-675e082ede40@group-0DED3D8106BD-FollowerState
2021-07-27 03:54:21,665 [b95eb893-7480-4c40-af1e-675e082ede40@group-0DED3D8106BD-FollowerState] INFO  server.RaftServer$Division (RaftServerImpl.java:setRole(285)) - b95eb893-7480-4c40-af1e-675e082ede40@group-0DED3D8106BD: changes role from  FOLLOWER to CANDIDATE at term 1 for changeToCandidate
2021-07-27 03:54:21,665 [b95eb893-7480-4c40-af1e-675e082ede40@group-0DED3D8106BD-FollowerState] INFO  server.RaftServerConfigKeys (ConfUtils.java:logGet(44)) - raft.server.leaderelection.pre-vote = false (custom)
2021-07-27 03:54:21,665 [b95eb893-7480-4c40-af1e-675e082ede40@group-0DED3D8106BD-FollowerState] INFO  impl.RoleInfo (RoleInfo.java:updateAndGet(130)) - b95eb893-7480-4c40-af1e-675e082ede40: start b95eb893-7480-4c40-af1e-675e082ede40@group-0DED3D8106BD-LeaderElection11
2021-07-27 03:54:21,666 [b696075b-dbd5-4684-809e-56516b71197a@group-0DED3D8106BD-LeaderElection10] INFO  impl.LeaderElection (LeaderElection.java:askForVotes(306)) - b696075b-dbd5-4684-809e-56516b71197a@group-0DED3D8106BD-LeaderElection10 ELECTION round 0: submit vote requests at term 2 for -1: [a8e533e5-40e7-4f21-b2bc-3ac63ac938bf|rpc:127.0.0.1:46277|priority:0, b95eb893-7480-4c40-af1e-675e082ede40|rpc:127.0.0.1:39359|priority:1, b696075b-dbd5-4684-809e-56516b71197a|rpc:127.0.0.1:38127|priority:0], old=null
2021-07-27 03:54:21,674 [grpc-default-executor-2] INFO  server.RaftServer$Division (RaftServerImpl.java:requestVote(1043)) - a8e533e5-40e7-4f21-b2bc-3ac63ac938bf@group-0DED3D8106BD: receive requestVote(ELECTION, b696075b-dbd5-4684-809e-56516b71197a, group-0DED3D8106BD, 2, (t:0, i:0))
2021-07-27 03:54:21,674 [grpc-default-executor-2] INFO  impl.VoteContext (VoteContext.java:log(48)) - a8e533e5-40e7-4f21-b2bc-3ac63ac938bf@group-0DED3D8106BD-FOLLOWER: accept ELECTION from b696075b-dbd5-4684-809e-56516b71197a: our priority 0 <= candidate's priority 0
2021-07-27 03:54:21,674 [grpc-default-executor-2] INFO  server.RaftServer$Division (RaftServerImpl.java:setRole(285)) - a8e533e5-40e7-4f21-b2bc-3ac63ac938bf@group-0DED3D8106BD: changes role from  FOLLOWER to FOLLOWER at term 2 for candidate:b696075b-dbd5-4684-809e-56516b71197a
2021-07-27 03:54:21,674 [grpc-default-executor-2] INFO  impl.RoleInfo (RoleInfo.java:shutdownFollowerState(108)) - a8e533e5-40e7-4f21-b2bc-3ac63ac938bf: shutdown a8e533e5-40e7-4f21-b2bc-3ac63ac938bf@group-0DED3D8106BD-FollowerState
2021-07-27 03:54:21,674 [grpc-default-executor-2] INFO  impl.RoleInfo (RoleInfo.java:updateAndGet(130)) - a8e533e5-40e7-4f21-b2bc-3ac63ac938bf: start a8e533e5-40e7-4f21-b2bc-3ac63ac938bf@group-0DED3D8106BD-FollowerState
2021-07-27 03:54:21,675 [a8e533e5-40e7-4f21-b2bc-3ac63ac938bf@group-0DED3D8106BD-FollowerState] INFO  impl.FollowerState (FollowerState.java:run(143)) - a8e533e5-40e7-4f21-b2bc-3ac63ac938bf@group-0DED3D8106BD-FollowerState was interrupted: {}
java.lang.InterruptedException: sleep interrupted
	at java.lang.Thread.sleep(Native Method)
	at java.lang.Thread.sleep(Thread.java:340)
	at java.util.concurrent.TimeUnit.sleep(TimeUnit.java:386)
	at org.apache.ratis.util.TimeDuration.sleep(TimeDuration.java:324)
	at org.apache.ratis.util.TimeDuration.sleep(TimeDuration.java:309)
	at org.apache.ratis.server.impl.FollowerState.run(FollowerState.java:118)
2021-07-27 03:54:21,678 [b95eb893-7480-4c40-af1e-675e082ede40@group-0DED3D8106BD-LeaderElection11] INFO  impl.LeaderElection (LeaderElection.java:askForVotes(306)) - b95eb893-7480-4c40-af1e-675e082ede40@group-0DED3D8106BD-LeaderElection11 ELECTION round 0: submit vote requests at term 2 for -1: [a8e533e5-40e7-4f21-b2bc-3ac63ac938bf|rpc:127.0.0.1:46277|dataStream:|priority:0, b95eb893-7480-4c40-af1e-675e082ede40|rpc:127.0.0.1:39359|dataStream:|priority:1, b696075b-dbd5-4684-809e-56516b71197a|rpc:127.0.0.1:38127|dataStream:|priority:0], old=null
2021-07-27 03:54:21,682 [grpc-default-executor-0] INFO  server.RaftServer$Division (RaftServerImpl.java:requestVote(1043)) - b95eb893-7480-4c40-af1e-675e082ede40@group-0DED3D8106BD: receive requestVote(ELECTION, b696075b-dbd5-4684-809e-56516b71197a, group-0DED3D8106BD, 2, (t:0, i:0))
2021-07-27 03:54:21,682 [grpc-default-executor-2] INFO  server.RaftServer$Division (RaftServerImpl.java:requestVote(1075)) - a8e533e5-40e7-4f21-b2bc-3ac63ac938bf@group-0DED3D8106BD replies to ELECTION vote request: b696075b-dbd5-4684-809e-56516b71197a<-a8e533e5-40e7-4f21-b2bc-3ac63ac938bf#0:OK-t2. Peer's state: a8e533e5-40e7-4f21-b2bc-3ac63ac938bf@group-0DED3D8106BD:t2, leader=null, voted=b696075b-dbd5-4684-809e-56516b71197a, raftlog=a8e533e5-40e7-4f21-b2bc-3ac63ac938bf@group-0DED3D8106BD-SegmentedRaftLog:OPENED:c-1,f-1,i0, conf=-1: [a8e533e5-40e7-4f21-b2bc-3ac63ac938bf|rpc:127.0.0.1:46277|dataStream:|priority:0, b95eb893-7480-4c40-af1e-675e082ede40|rpc:127.0.0.1:39359|dataStream:|priority:1, b696075b-dbd5-4684-809e-56516b71197a|rpc:127.0.0.1:38127|dataStream:|priority:0], old=null
2021-07-27 03:54:21,682 [grpc-default-executor-0] INFO  impl.VoteContext (VoteContext.java:log(48)) - b95eb893-7480-4c40-af1e-675e082ede40@group-0DED3D8106BD-CANDIDATE: reject ELECTION from b696075b-dbd5-4684-809e-56516b71197a: already has voted for b95eb893-7480-4c40-af1e-675e082ede40 at current term 2
2021-07-27 03:54:21,683 [grpc-default-executor-0] INFO  server.RaftServer$Division (RaftServerImpl.java:requestVote(1075)) - b95eb893-7480-4c40-af1e-675e082ede40@group-0DED3D8106BD replies to ELECTION vote request: b696075b-dbd5-4684-809e-56516b71197a<-b95eb893-7480-4c40-af1e-675e082ede40#0:FAIL-t2. Peer's state: b95eb893-7480-4c40-af1e-675e082ede40@group-0DED3D8106BD:t2, leader=null, voted=b95eb893-7480-4c40-af1e-675e082ede40, raftlog=b95eb893-7480-4c40-af1e-675e082ede40@group-0DED3D8106BD-SegmentedRaftLog:OPENED:c-1,f-1,i0, conf=-1: [a8e533e5-40e7-4f21-b2bc-3ac63ac938bf|rpc:127.0.0.1:46277|dataStream:|priority:0, b95eb893-7480-4c40-af1e-675e082ede40|rpc:127.0.0.1:39359|dataStream:|priority:1, b696075b-dbd5-4684-809e-56516b71197a|rpc:127.0.0.1:38127|dataStream:|priority:0], old=null
2021-07-27 03:54:21,691 [b696075b-dbd5-4684-809e-56516b71197a@group-0DED3D8106BD-LeaderElection10] INFO  impl.LeaderElection (LeaderElection.java:logAndReturn(89)) - b696075b-dbd5-4684-809e-56516b71197a@group-0DED3D8106BD-LeaderElection10: ELECTION REJECTED received 2 response(s) and 0 exception(s):
2021-07-27 03:54:21,694 [b696075b-dbd5-4684-809e-56516b71197a@group-0DED3D8106BD-LeaderElection10] INFO  impl.LeaderElection (LeaderElection.java:logAndReturn(93)) -   Response 0: b696075b-dbd5-4684-809e-56516b71197a<-a8e533e5-40e7-4f21-b2bc-3ac63ac938bf#0:OK-t2
2021-07-27 03:54:21,694 [b696075b-dbd5-4684-809e-56516b71197a@group-0DED3D8106BD-LeaderElection10] INFO  impl.LeaderElection (LeaderElection.java:logAndReturn(93)) -   Response 1: b696075b-dbd5-4684-809e-56516b71197a<-b95eb893-7480-4c40-af1e-675e082ede40#0:FAIL-t2
2021-07-27 03:54:21,694 [b696075b-dbd5-4684-809e-56516b71197a@group-0DED3D8106BD-LeaderElection10] INFO  impl.LeaderElection (LeaderElection.java:askForVotes(308)) - b696075b-dbd5-4684-809e-56516b71197a@group-0DED3D8106BD-LeaderElection10 ELECTION round 0: result REJECTED
2021-07-27 03:54:21,694 [b696075b-dbd5-4684-809e-56516b71197a@group-0DED3D8106BD-LeaderElection10] INFO  server.RaftServer$Division (RaftServerImpl.java:setRole(285)) - b696075b-dbd5-4684-809e-56516b71197a@group-0DED3D8106BD: changes role from CANDIDATE to FOLLOWER at term 2 for REJECTED
2021-07-27 03:54:21,694 [b696075b-dbd5-4684-809e-56516b71197a@group-0DED3D8106BD-LeaderElection10] INFO  impl.RoleInfo (RoleInfo.java:shutdownLeaderElection(121)) - b696075b-dbd5-4684-809e-56516b71197a: shutdown b696075b-dbd5-4684-809e-56516b71197a@group-0DED3D8106BD-LeaderElection10
2021-07-27 03:54:21,694 [b696075b-dbd5-4684-809e-56516b71197a@group-0DED3D8106BD-LeaderElection10] INFO  impl.RoleInfo (RoleInfo.java:updateAndGet(130)) - b696075b-dbd5-4684-809e-56516b71197a: start b696075b-dbd5-4684-809e-56516b71197a@group-0DED3D8106BD-FollowerState
2021-07-27 03:54:21,705 [grpc-default-executor-2] INFO  server.RaftServer$Division (RaftServerImpl.java:requestVote(1043)) - a8e533e5-40e7-4f21-b2bc-3ac63ac938bf@group-0DED3D8106BD: receive requestVote(ELECTION, b95eb893-7480-4c40-af1e-675e082ede40, group-0DED3D8106BD, 2, (t:0, i:0))
2021-07-27 03:54:21,706 [grpc-default-executor-2] INFO  impl.VoteContext (VoteContext.java:log(48)) - a8e533e5-40e7-4f21-b2bc-3ac63ac938bf@group-0DED3D8106BD-FOLLOWER: reject ELECTION from b95eb893-7480-4c40-af1e-675e082ede40: already has voted for b696075b-dbd5-4684-809e-56516b71197a at current term 2
2021-07-27 03:54:21,705 [grpc-default-executor-0] INFO  server.RaftServer$Division (RaftServerImpl.java:requestVote(1043)) - b696075b-dbd5-4684-809e-56516b71197a@group-0DED3D8106BD: receive requestVote(ELECTION, b95eb893-7480-4c40-af1e-675e082ede40, group-0DED3D8106BD, 2, (t:0, i:0))
2021-07-27 03:54:21,706 [grpc-default-executor-0] INFO  impl.VoteContext (VoteContext.java:log(48)) - b696075b-dbd5-4684-809e-56516b71197a@group-0DED3D8106BD-FOLLOWER: reject ELECTION from b95eb893-7480-4c40-af1e-675e082ede40: already has voted for b696075b-dbd5-4684-809e-56516b71197a at current term 2
2021-07-27 03:54:21,706 [grpc-default-executor-0] INFO  server.RaftServer$Division (RaftServerImpl.java:requestVote(1075)) - b696075b-dbd5-4684-809e-56516b71197a@group-0DED3D8106BD replies to ELECTION vote request: b95eb893-7480-4c40-af1e-675e082ede40<-b696075b-dbd5-4684-809e-56516b71197a#0:FAIL-t2. Peer's state: b696075b-dbd5-4684-809e-56516b71197a@group-0DED3D8106BD:t2, leader=null, voted=b696075b-dbd5-4684-809e-56516b71197a, raftlog=b696075b-dbd5-4684-809e-56516b71197a@group-0DED3D8106BD-SegmentedRaftLog:OPENED:c-1,f-1,i0, conf=-1: [a8e533e5-40e7-4f21-b2bc-3ac63ac938bf|rpc:127.0.0.1:46277|priority:0, b95eb893-7480-4c40-af1e-675e082ede40|rpc:127.0.0.1:39359|priority:1, b696075b-dbd5-4684-809e-56516b71197a|rpc:127.0.0.1:38127|priority:0], old=null
2021-07-27 03:54:21,706 [grpc-default-executor-2] INFO  server.RaftServer$Division (RaftServerImpl.java:requestVote(1075)) - a8e533e5-40e7-4f21-b2bc-3ac63ac938bf@group-0DED3D8106BD replies to ELECTION vote request: b95eb893-7480-4c40-af1e-675e082ede40<-a8e533e5-40e7-4f21-b2bc-3ac63ac938bf#0:FAIL-t2. Peer's state: a8e533e5-40e7-4f21-b2bc-3ac63ac938bf@group-0DED3D8106BD:t2, leader=null, voted=b696075b-dbd5-4684-809e-56516b71197a, raftlog=a8e533e5-40e7-4f21-b2bc-3ac63ac938bf@group-0DED3D8106BD-SegmentedRaftLog:OPENED:c-1,f-1,i0, conf=-1: [a8e533e5-40e7-4f21-b2bc-3ac63ac938bf|rpc:127.0.0.1:46277|dataStream:|priority:0, b95eb893-7480-4c40-af1e-675e082ede40|rpc:127.0.0.1:39359|dataStream:|priority:1, b696075b-dbd5-4684-809e-56516b71197a|rpc:127.0.0.1:38127|dataStream:|priority:0], old=null
2021-07-27 03:54:21,708 [b95eb893-7480-4c40-af1e-675e082ede40@group-0DED3D8106BD-LeaderElection11] INFO  impl.LeaderElection (LeaderElection.java:logAndReturn(89)) - b95eb893-7480-4c40-af1e-675e082ede40@group-0DED3D8106BD-LeaderElection11: ELECTION REJECTED received 2 response(s) and 0 exception(s):
2021-07-27 03:54:21,708 [b95eb893-7480-4c40-af1e-675e082ede40@group-0DED3D8106BD-LeaderElection11] INFO  impl.LeaderElection (LeaderElection.java:logAndReturn(93)) -   Response 0: b95eb893-7480-4c40-af1e-675e082ede40<-a8e533e5-40e7-4f21-b2bc-3ac63ac938bf#0:FAIL-t2
2021-07-27 03:54:21,708 [b95eb893-7480-4c40-af1e-675e082ede40@group-0DED3D8106BD-LeaderElection11] INFO  impl.LeaderElection (LeaderElection.java:logAndReturn(93)) -   Response 1: b95eb893-7480-4c40-af1e-675e082ede40<-b696075b-dbd5-4684-809e-56516b71197a#0:FAIL-t2
2021-07-27 03:54:21,708 [b95eb893-7480-4c40-af1e-675e082ede40@group-0DED3D8106BD-LeaderElection11] INFO  impl.LeaderElection (LeaderElection.java:askForVotes(308)) - b95eb893-7480-4c40-af1e-675e082ede40@group-0DED3D8106BD-LeaderElection11 ELECTION round 0: result REJECTED
2021-07-27 03:54:21,709 [b95eb893-7480-4c40-af1e-675e082ede40@group-0DED3D8106BD-LeaderElection11] INFO  server.RaftServer$Division (RaftServerImpl.java:setRole(285)) - b95eb893-7480-4c40-af1e-675e082ede40@group-0DED3D8106BD: changes role from CANDIDATE to FOLLOWER at term 2 for REJECTED
2021-07-27 03:54:21,709 [b95eb893-7480-4c40-af1e-675e082ede40@group-0DED3D8106BD-LeaderElection11] INFO  impl.RoleInfo (RoleInfo.java:shutdownLeaderElection(121)) - b95eb893-7480-4c40-af1e-675e082ede40: shutdown b95eb893-7480-4c40-af1e-675e082ede40@group-0DED3D8106BD-LeaderElection11
2021-07-27 03:54:21,709 [b95eb893-7480-4c40-af1e-675e082ede40@group-0DED3D8106BD-LeaderElection11] INFO  impl.RoleInfo (RoleInfo.java:updateAndGet(130)) - b95eb893-7480-4c40-af1e-675e082ede40: start b95eb893-7480-4c40-af1e-675e082ede40@group-0DED3D8106BD-FollowerState
2021-07-27 03:54:21,714 [EndpointStateMachine task thread for /127.0.0.1:13921 - 0 ] INFO  ipc.Client (Client.java:handleConnectionFailure(977)) - Retrying connect to server: localhost/127.0.0.1:13921. Already tried 2 time(s); retry policy is RetryUpToMaximumCountWithFixedSleep(maxRetries=15, sleepTime=1000 MILLISECONDS)
2021-07-27 03:54:21,877 [Datanode State Machine Thread - 0] ERROR datanode.RunningDatanodeState (RunningDatanodeState.java:computeNextContainerState(199)) - Error in executing end point task.
java.util.concurrent.ExecutionException: java.util.concurrent.TimeoutException
	at java.util.concurrent.FutureTask.report(FutureTask.java:122)
	at java.util.concurrent.FutureTask.get(FutureTask.java:192)
	at org.apache.hadoop.ozone.container.common.states.datanode.RunningDatanodeState.computeNextContainerState(RunningDatanodeState.java:191)
	at org.apache.hadoop.ozone.container.common.states.datanode.RunningDatanodeState.await(RunningDatanodeState.java:231)
	at org.apache.hadoop.ozone.container.common.states.datanode.RunningDatanodeState.await(RunningDatanodeState.java:50)
	at org.apache.hadoop.ozone.container.common.statemachine.StateContext.execute(StateContext.java:629)
	at org.apache.hadoop.ozone.container.common.statemachine.DatanodeStateMachine.start(DatanodeStateMachine.java:269)
	at org.apache.hadoop.ozone.container.common.statemachine.DatanodeStateMachine.lambda$startDaemon$0(DatanodeStateMachine.java:455)
	at java.lang.Thread.run(Thread.java:748)
Caused by: java.util.concurrent.TimeoutException
	at java.util.concurrent.FutureTask.get(FutureTask.java:205)
	at org.apache.hadoop.ozone.container.common.states.datanode.RunningDatanodeState.lambda$execute$0(RunningDatanodeState.java:149)
	at java.util.concurrent.FutureTask.run(FutureTask.java:266)
	at java.util.concurrent.Executors$RunnableAdapter.call(Executors.java:511)
	at java.util.concurrent.FutureTask.run(FutureTask.java:266)
	at java.util.concurrent.ThreadPoolExecutor.runWorker(ThreadPoolExecutor.java:1149)
	at java.util.concurrent.ThreadPoolExecutor$Worker.run(ThreadPoolExecutor.java:624)
	... 1 more
2021-07-27 03:54:22,715 [EndpointStateMachine task thread for /127.0.0.1:13921 - 0 ] INFO  ipc.Client (Client.java:handleConnectionFailure(977)) - Retrying connect to server: localhost/127.0.0.1:13921. Already tried 3 time(s); retry policy is RetryUpToMaximumCountWithFixedSleep(maxRetries=15, sleepTime=1000 MILLISECONDS)
2021-07-27 03:54:23,716 [EndpointStateMachine task thread for /127.0.0.1:13921 - 0 ] INFO  ipc.Client (Client.java:handleConnectionFailure(977)) - Retrying connect to server: localhost/127.0.0.1:13921. Already tried 4 time(s); retry policy is RetryUpToMaximumCountWithFixedSleep(maxRetries=15, sleepTime=1000 MILLISECONDS)
2021-07-27 03:54:24,193 [Listener at 127.0.0.1/13336] INFO  ozoneimpl.OzoneContainer (OzoneContainer.java:stop(326)) - Attempting to stop container services.
2021-07-27 03:54:24,193 [ForkJoinPool.commonPool-worker-1] INFO  ozoneimpl.OzoneContainer (OzoneContainer.java:stop(326)) - Attempting to stop container services.
2021-07-27 03:54:24,194 [Listener at 127.0.0.1/13336] INFO  server.RaftServer (RaftServerProxy.java:lambda$close$6(391)) - a8e533e5-40e7-4f21-b2bc-3ac63ac938bf: close
2021-07-27 03:54:24,195 [Listener at 127.0.0.1/13336] INFO  server.RaftServer$Division (RaftServerImpl.java:lambda$close$4(407)) - a8e533e5-40e7-4f21-b2bc-3ac63ac938bf@group-CDCD358541BA: shutdown
2021-07-27 03:54:24,195 [Listener at 127.0.0.1/13336] INFO  util.JmxRegister (JmxRegister.java:unregister(73)) - Successfully un-registered JMX Bean with object name Ratis:service=RaftServer,group=group-CDCD358541BA,id=a8e533e5-40e7-4f21-b2bc-3ac63ac938bf
2021-07-27 03:54:24,195 [Listener at 127.0.0.1/13336] INFO  impl.RoleInfo (RoleInfo.java:shutdownLeaderState(91)) - a8e533e5-40e7-4f21-b2bc-3ac63ac938bf: shutdown a8e533e5-40e7-4f21-b2bc-3ac63ac938bf@group-CDCD358541BA-LeaderStateImpl
2021-07-27 03:54:24,195 [Listener at 127.0.0.1/13336] INFO  impl.PendingRequests (PendingRequests.java:sendNotLeaderResponses(249)) - a8e533e5-40e7-4f21-b2bc-3ac63ac938bf@group-CDCD358541BA-PendingRequests: sendNotLeaderResponses
2021-07-27 03:54:24,196 [ForkJoinPool.commonPool-worker-1] INFO  server.RaftServer (RaftServerProxy.java:lambda$close$6(391)) - b696075b-dbd5-4684-809e-56516b71197a: close
2021-07-27 03:54:24,196 [ForkJoinPool.commonPool-worker-1] INFO  server.RaftServer$Division (RaftServerImpl.java:lambda$close$4(407)) - b696075b-dbd5-4684-809e-56516b71197a@group-EB5A9ECD428E: shutdown
2021-07-27 03:54:24,196 [ForkJoinPool.commonPool-worker-1] INFO  util.JmxRegister (JmxRegister.java:unregister(73)) - Successfully un-registered JMX Bean with object name Ratis:service=RaftServer,group=group-EB5A9ECD428E,id=b696075b-dbd5-4684-809e-56516b71197a
2021-07-27 03:54:24,197 [ForkJoinPool.commonPool-worker-1] INFO  impl.RoleInfo (RoleInfo.java:shutdownLeaderState(91)) - b696075b-dbd5-4684-809e-56516b71197a: shutdown b696075b-dbd5-4684-809e-56516b71197a@group-EB5A9ECD428E-LeaderStateImpl
2021-07-27 03:54:24,197 [b696075b-dbd5-4684-809e-56516b71197a@group-EB5A9ECD428E->a8e533e5-40e7-4f21-b2bc-3ac63ac938bf-GrpcLogAppender-LogAppenderDaemon] WARN  server.GrpcLogAppender (GrpcLogAppender.java:mayWait(175)) - b696075b-dbd5-4684-809e-56516b71197a@group-EB5A9ECD428E->a8e533e5-40e7-4f21-b2bc-3ac63ac938bf-GrpcLogAppender: Wait interrupted by java.lang.InterruptedException
2021-07-27 03:54:24,197 [ForkJoinPool.commonPool-worker-1] INFO  impl.PendingRequests (PendingRequests.java:sendNotLeaderResponses(249)) - b696075b-dbd5-4684-809e-56516b71197a@group-EB5A9ECD428E-PendingRequests: sendNotLeaderResponses
2021-07-27 03:54:24,202 [ForkJoinPool.commonPool-worker-1] INFO  impl.StateMachineUpdater (StateMachineUpdater.java:stopAndJoin(149)) - b696075b-dbd5-4684-809e-56516b71197a@group-EB5A9ECD428E-StateMachineUpdater: set stopIndex = 0
2021-07-27 03:54:24,202 [a8e533e5-40e7-4f21-b2bc-3ac63ac938bf@group-CDCD358541BA-StateMachineUpdater] INFO  ratis.ContainerStateMachine (ContainerStateMachine.java:takeSnapshot(291)) - group-CDCD358541BA: Taking a snapshot at:(t:1, i:0) file /home/runner/work/ozone/ozone/mnt/ozone/hadoop-ozone/integration-test/target/test-dir/MiniOzoneClusterImpl-b10bafd4-cc06-4e81-8a2f-dfe27fd2d808/datanode-1/data/ratis/915668cb-a482-4aee-8d37-cdcd358541ba/sm/snapshot.1_0
2021-07-27 03:54:24,202 [b696075b-dbd5-4684-809e-56516b71197a@group-EB5A9ECD428E->b95eb893-7480-4c40-af1e-675e082ede40-GrpcLogAppender-LogAppenderDaemon] WARN  server.GrpcLogAppender (GrpcLogAppender.java:mayWait(175)) - b696075b-dbd5-4684-809e-56516b71197a@group-EB5A9ECD428E->b95eb893-7480-4c40-af1e-675e082ede40-GrpcLogAppender: Wait interrupted by java.lang.InterruptedException
2021-07-27 03:54:24,206 [grpc-default-executor-2] INFO  server.GrpcServerProtocolService (GrpcServerProtocolService.java:onCompleted(140)) - b95eb893-7480-4c40-af1e-675e082ede40: Completed APPEND_ENTRIES, lastRequest: b696075b-dbd5-4684-809e-56516b71197a->b95eb893-7480-4c40-af1e-675e082ede40#1-t1,previous=(t:0, i:0),leaderCommit=0,initializing? true,entries: size=1, first=(t:1, i:0), CONFIGURATIONENTRY
2021-07-27 03:54:24,207 [grpc-default-executor-3] INFO  server.GrpcLogAppender (GrpcLogAppender.java:onCompleted(344)) - b696075b-dbd5-4684-809e-56516b71197a@group-EB5A9ECD428E->b95eb893-7480-4c40-af1e-675e082ede40-AppendLogResponseHandler: follower responses appendEntries COMPLETED
2021-07-27 03:54:24,207 [grpc-default-executor-3] INFO  leader.FollowerInfo (FollowerInfoImpl.java:lambda$new$0(46)) - b696075b-dbd5-4684-809e-56516b71197a@group-EB5A9ECD428E->b95eb893-7480-4c40-af1e-675e082ede40: nextIndex: updateUnconditionally 1 -> 0
2021-07-27 03:54:24,202 [Listener at 127.0.0.1/13336] INFO  impl.StateMachineUpdater (StateMachineUpdater.java:stopAndJoin(149)) - a8e533e5-40e7-4f21-b2bc-3ac63ac938bf@group-CDCD358541BA-StateMachineUpdater: set stopIndex = 0
2021-07-27 03:54:24,202 [grpc-default-executor-0] INFO  server.GrpcServerProtocolService (GrpcServerProtocolService.java:onCompleted(140)) - a8e533e5-40e7-4f21-b2bc-3ac63ac938bf: Completed APPEND_ENTRIES, lastRequest: b696075b-dbd5-4684-809e-56516b71197a->a8e533e5-40e7-4f21-b2bc-3ac63ac938bf#1-t1,previous=(t:0, i:0),leaderCommit=-1,initializing? true,entries: size=1, first=(t:1, i:0), CONFIGURATIONENTRY
2021-07-27 03:54:24,203 [b696075b-dbd5-4684-809e-56516b71197a@group-EB5A9ECD428E-StateMachineUpdater] INFO  ratis.ContainerStateMachine (ContainerStateMachine.java:takeSnapshot(291)) - group-EB5A9ECD428E: Taking a snapshot at:(t:1, i:0) file /home/runner/work/ozone/ozone/mnt/ozone/hadoop-ozone/integration-test/target/test-dir/MiniOzoneClusterImpl-b10bafd4-cc06-4e81-8a2f-dfe27fd2d808/datanode-0/data/ratis/ab9f9cd0-2e03-48bf-8806-eb5a9ecd428e/sm/snapshot.1_0
2021-07-27 03:54:24,209 [grpc-default-executor-0] INFO  server.GrpcLogAppender (GrpcLogAppender.java:onCompleted(344)) - b696075b-dbd5-4684-809e-56516b71197a@group-EB5A9ECD428E->a8e533e5-40e7-4f21-b2bc-3ac63ac938bf-AppendLogResponseHandler: follower responses appendEntries COMPLETED
2021-07-27 03:54:24,209 [grpc-default-executor-0] INFO  leader.FollowerInfo (FollowerInfoImpl.java:lambda$new$0(46)) - b696075b-dbd5-4684-809e-56516b71197a@group-EB5A9ECD428E->a8e533e5-40e7-4f21-b2bc-3ac63ac938bf: nextIndex: updateUnconditionally 1 -> 0
2021-07-27 03:54:24,231 [a8e533e5-40e7-4f21-b2bc-3ac63ac938bf@group-CDCD358541BA-StateMachineUpdater] INFO  ratis.ContainerStateMachine (ContainerStateMachine.java:takeSnapshot(302)) - group-CDCD358541BA: Finished taking a snapshot at:(t:1, i:0) file:/home/runner/work/ozone/ozone/mnt/ozone/hadoop-ozone/integration-test/target/test-dir/MiniOzoneClusterImpl-b10bafd4-cc06-4e81-8a2f-dfe27fd2d808/datanode-1/data/ratis/915668cb-a482-4aee-8d37-cdcd358541ba/sm/snapshot.1_0 took: 30 ms
2021-07-27 03:54:24,231 [b696075b-dbd5-4684-809e-56516b71197a@group-EB5A9ECD428E-StateMachineUpdater] INFO  ratis.ContainerStateMachine (ContainerStateMachine.java:takeSnapshot(302)) - group-EB5A9ECD428E: Finished taking a snapshot at:(t:1, i:0) file:/home/runner/work/ozone/ozone/mnt/ozone/hadoop-ozone/integration-test/target/test-dir/MiniOzoneClusterImpl-b10bafd4-cc06-4e81-8a2f-dfe27fd2d808/datanode-0/data/ratis/ab9f9cd0-2e03-48bf-8806-eb5a9ecd428e/sm/snapshot.1_0 took: 29 ms
2021-07-27 03:54:24,234 [b696075b-dbd5-4684-809e-56516b71197a@group-EB5A9ECD428E-StateMachineUpdater] INFO  impl.StateMachineUpdater (StateMachineUpdater.java:takeSnapshot(281)) - b696075b-dbd5-4684-809e-56516b71197a@group-EB5A9ECD428E-StateMachineUpdater: Took a snapshot at index 0
2021-07-27 03:54:24,234 [b696075b-dbd5-4684-809e-56516b71197a@group-EB5A9ECD428E-StateMachineUpdater] INFO  impl.StateMachineUpdater (StateMachineUpdater.java:lambda$new$0(89)) - b696075b-dbd5-4684-809e-56516b71197a@group-EB5A9ECD428E-StateMachineUpdater: snapshotIndex: updateIncreasingly -1 -> 0
2021-07-27 03:54:24,234 [a8e533e5-40e7-4f21-b2bc-3ac63ac938bf@group-CDCD358541BA-StateMachineUpdater] INFO  impl.StateMachineUpdater (StateMachineUpdater.java:takeSnapshot(281)) - a8e533e5-40e7-4f21-b2bc-3ac63ac938bf@group-CDCD358541BA-StateMachineUpdater: Took a snapshot at index 0
2021-07-27 03:54:24,234 [a8e533e5-40e7-4f21-b2bc-3ac63ac938bf@group-CDCD358541BA-StateMachineUpdater] INFO  impl.StateMachineUpdater (StateMachineUpdater.java:lambda$new$0(89)) - a8e533e5-40e7-4f21-b2bc-3ac63ac938bf@group-CDCD358541BA-StateMachineUpdater: snapshotIndex: updateIncreasingly -1 -> 0
2021-07-27 03:54:24,235 [ForkJoinPool.commonPool-worker-1] INFO  server.RaftServer$Division (ServerState.java:close(419)) - b696075b-dbd5-4684-809e-56516b71197a@group-EB5A9ECD428E: closes. applyIndex: 0
2021-07-27 03:54:24,235 [Listener at 127.0.0.1/13336] INFO  server.RaftServer$Division (ServerState.java:close(419)) - a8e533e5-40e7-4f21-b2bc-3ac63ac938bf@group-CDCD358541BA: closes. applyIndex: 0
2021-07-27 03:54:24,235 [b696075b-dbd5-4684-809e-56516b71197a@group-EB5A9ECD428E-SegmentedRaftLogWorker] INFO  segmented.SegmentedRaftLogWorker (SegmentedRaftLogWorker.java:run(327)) - b696075b-dbd5-4684-809e-56516b71197a@group-EB5A9ECD428E-SegmentedRaftLogWorker was interrupted, exiting. There are 0 tasks remaining in the queue.
2021-07-27 03:54:24,236 [a8e533e5-40e7-4f21-b2bc-3ac63ac938bf@group-CDCD358541BA-SegmentedRaftLogWorker] INFO  segmented.SegmentedRaftLogWorker (SegmentedRaftLogWorker.java:run(327)) - a8e533e5-40e7-4f21-b2bc-3ac63ac938bf@group-CDCD358541BA-SegmentedRaftLogWorker was interrupted, exiting. There are 0 tasks remaining in the queue.
2021-07-27 03:54:24,236 [ForkJoinPool.commonPool-worker-1] INFO  segmented.SegmentedRaftLogWorker (SegmentedRaftLogWorker.java:close(237)) - b696075b-dbd5-4684-809e-56516b71197a@group-EB5A9ECD428E-SegmentedRaftLogWorker close()
2021-07-27 03:54:24,237 [Listener at 127.0.0.1/13336] INFO  segmented.SegmentedRaftLogWorker (SegmentedRaftLogWorker.java:close(237)) - a8e533e5-40e7-4f21-b2bc-3ac63ac938bf@group-CDCD358541BA-SegmentedRaftLogWorker close()
2021-07-27 03:54:24,238 [ForkJoinPool.commonPool-worker-1] INFO  server.RaftServer$Division (RaftServerImpl.java:lambda$close$4(407)) - b696075b-dbd5-4684-809e-56516b71197a@group-4B928317D1BC: shutdown
2021-07-27 03:54:24,238 [Listener at 127.0.0.1/13336] INFO  server.RaftServer$Division (RaftServerImpl.java:lambda$close$4(407)) - a8e533e5-40e7-4f21-b2bc-3ac63ac938bf@group-EB5A9ECD428E: shutdown
2021-07-27 03:54:24,238 [ForkJoinPool.commonPool-worker-1] INFO  util.JmxRegister (JmxRegister.java:unregister(73)) - Successfully un-registered JMX Bean with object name Ratis:service=RaftServer,group=group-4B928317D1BC,id=b696075b-dbd5-4684-809e-56516b71197a
2021-07-27 03:54:24,238 [ForkJoinPool.commonPool-worker-1] INFO  impl.RoleInfo (RoleInfo.java:shutdownLeaderState(91)) - b696075b-dbd5-4684-809e-56516b71197a: shutdown b696075b-dbd5-4684-809e-56516b71197a@group-4B928317D1BC-LeaderStateImpl
2021-07-27 03:54:24,238 [Listener at 127.0.0.1/13336] INFO  util.JmxRegister (JmxRegister.java:unregister(73)) - Successfully un-registered JMX Bean with object name Ratis:service=RaftServer,group=group-EB5A9ECD428E,id=a8e533e5-40e7-4f21-b2bc-3ac63ac938bf
2021-07-27 03:54:24,239 [Listener at 127.0.0.1/13336] INFO  impl.RoleInfo (RoleInfo.java:shutdownFollowerState(108)) - a8e533e5-40e7-4f21-b2bc-3ac63ac938bf: shutdown a8e533e5-40e7-4f21-b2bc-3ac63ac938bf@group-EB5A9ECD428E-FollowerState
2021-07-27 03:54:24,239 [ForkJoinPool.commonPool-worker-1] INFO  impl.PendingRequests (PendingRequests.java:sendNotLeaderResponses(249)) - b696075b-dbd5-4684-809e-56516b71197a@group-4B928317D1BC-PendingRequests: sendNotLeaderResponses
2021-07-27 03:54:24,239 [a8e533e5-40e7-4f21-b2bc-3ac63ac938bf@group-EB5A9ECD428E-StateMachineUpdater] INFO  ratis.ContainerStateMachine (ContainerStateMachine.java:takeSnapshot(291)) - group-EB5A9ECD428E: Taking a snapshot at:(t:1, i:0) file /home/runner/work/ozone/ozone/mnt/ozone/hadoop-ozone/integration-test/target/test-dir/MiniOzoneClusterImpl-b10bafd4-cc06-4e81-8a2f-dfe27fd2d808/datanode-1/data/ratis/ab9f9cd0-2e03-48bf-8806-eb5a9ecd428e/sm/snapshot.1_0
2021-07-27 03:54:24,239 [a8e533e5-40e7-4f21-b2bc-3ac63ac938bf@group-EB5A9ECD428E-FollowerState] INFO  impl.FollowerState (FollowerState.java:run(143)) - a8e533e5-40e7-4f21-b2bc-3ac63ac938bf@group-EB5A9ECD428E-FollowerState was interrupted: {}
java.lang.InterruptedException: sleep interrupted
	at java.lang.Thread.sleep(Native Method)
	at java.lang.Thread.sleep(Thread.java:340)
	at java.util.concurrent.TimeUnit.sleep(TimeUnit.java:386)
	at org.apache.ratis.util.TimeDuration.sleep(TimeDuration.java:324)
	at org.apache.ratis.util.TimeDuration.sleep(TimeDuration.java:309)
	at org.apache.ratis.server.impl.FollowerState.run(FollowerState.java:118)
2021-07-27 03:54:24,239 [Listener at 127.0.0.1/13336] INFO  impl.StateMachineUpdater (StateMachineUpdater.java:stopAndJoin(149)) - a8e533e5-40e7-4f21-b2bc-3ac63ac938bf@group-EB5A9ECD428E-StateMachineUpdater: set stopIndex = 0
2021-07-27 03:54:24,243 [b696075b-dbd5-4684-809e-56516b71197a@group-4B928317D1BC-StateMachineUpdater] INFO  ratis.ContainerStateMachine (ContainerStateMachine.java:takeSnapshot(291)) - group-4B928317D1BC: Taking a snapshot at:(t:1, i:0) file /home/runner/work/ozone/ozone/mnt/ozone/hadoop-ozone/integration-test/target/test-dir/MiniOzoneClusterImpl-b10bafd4-cc06-4e81-8a2f-dfe27fd2d808/datanode-0/data/ratis/08755523-7b8a-40db-9773-4b928317d1bc/sm/snapshot.1_0
2021-07-27 03:54:24,244 [a8e533e5-40e7-4f21-b2bc-3ac63ac938bf@group-EB5A9ECD428E-StateMachineUpdater] INFO  ratis.ContainerStateMachine (ContainerStateMachine.java:takeSnapshot(302)) - group-EB5A9ECD428E: Finished taking a snapshot at:(t:1, i:0) file:/home/runner/work/ozone/ozone/mnt/ozone/hadoop-ozone/integration-test/target/test-dir/MiniOzoneClusterImpl-b10bafd4-cc06-4e81-8a2f-dfe27fd2d808/datanode-1/data/ratis/ab9f9cd0-2e03-48bf-8806-eb5a9ecd428e/sm/snapshot.1_0 took: 5 ms
2021-07-27 03:54:24,244 [a8e533e5-40e7-4f21-b2bc-3ac63ac938bf@group-EB5A9ECD428E-StateMachineUpdater] INFO  impl.StateMachineUpdater (StateMachineUpdater.java:takeSnapshot(281)) - a8e533e5-40e7-4f21-b2bc-3ac63ac938bf@group-EB5A9ECD428E-StateMachineUpdater: Took a snapshot at index 0
2021-07-27 03:54:24,244 [a8e533e5-40e7-4f21-b2bc-3ac63ac938bf@group-EB5A9ECD428E-StateMachineUpdater] INFO  impl.StateMachineUpdater (StateMachineUpdater.java:lambda$new$0(89)) - a8e533e5-40e7-4f21-b2bc-3ac63ac938bf@group-EB5A9ECD428E-StateMachineUpdater: snapshotIndex: updateIncreasingly -1 -> 0
2021-07-27 03:54:24,244 [Listener at 127.0.0.1/13336] INFO  server.RaftServer$Division (ServerState.java:close(419)) - a8e533e5-40e7-4f21-b2bc-3ac63ac938bf@group-EB5A9ECD428E: closes. applyIndex: 0
2021-07-27 03:54:24,243 [ForkJoinPool.commonPool-worker-1] INFO  impl.StateMachineUpdater (StateMachineUpdater.java:stopAndJoin(149)) - b696075b-dbd5-4684-809e-56516b71197a@group-4B928317D1BC-StateMachineUpdater: set stopIndex = 0
2021-07-27 03:54:24,244 [a8e533e5-40e7-4f21-b2bc-3ac63ac938bf@group-EB5A9ECD428E-SegmentedRaftLogWorker] INFO  segmented.SegmentedRaftLogWorker (SegmentedRaftLogWorker.java:run(327)) - a8e533e5-40e7-4f21-b2bc-3ac63ac938bf@group-EB5A9ECD428E-SegmentedRaftLogWorker was interrupted, exiting. There are 0 tasks remaining in the queue.
2021-07-27 03:54:24,244 [b696075b-dbd5-4684-809e-56516b71197a@group-4B928317D1BC-StateMachineUpdater] INFO  ratis.ContainerStateMachine (ContainerStateMachine.java:takeSnapshot(302)) - group-4B928317D1BC: Finished taking a snapshot at:(t:1, i:0) file:/home/runner/work/ozone/ozone/mnt/ozone/hadoop-ozone/integration-test/target/test-dir/MiniOzoneClusterImpl-b10bafd4-cc06-4e81-8a2f-dfe27fd2d808/datanode-0/data/ratis/08755523-7b8a-40db-9773-4b928317d1bc/sm/snapshot.1_0 took: 1 ms
2021-07-27 03:54:24,245 [b696075b-dbd5-4684-809e-56516b71197a@group-4B928317D1BC-StateMachineUpdater] INFO  impl.StateMachineUpdater (StateMachineUpdater.java:takeSnapshot(281)) - b696075b-dbd5-4684-809e-56516b71197a@group-4B928317D1BC-StateMachineUpdater: Took a snapshot at index 0
2021-07-27 03:54:24,245 [b696075b-dbd5-4684-809e-56516b71197a@group-4B928317D1BC-StateMachineUpdater] INFO  impl.StateMachineUpdater (StateMachineUpdater.java:lambda$new$0(89)) - b696075b-dbd5-4684-809e-56516b71197a@group-4B928317D1BC-StateMachineUpdater: snapshotIndex: updateIncreasingly -1 -> 0
2021-07-27 03:54:24,245 [ForkJoinPool.commonPool-worker-1] INFO  server.RaftServer$Division (ServerState.java:close(419)) - b696075b-dbd5-4684-809e-56516b71197a@group-4B928317D1BC: closes. applyIndex: 0
2021-07-27 03:54:24,245 [b696075b-dbd5-4684-809e-56516b71197a@group-4B928317D1BC-SegmentedRaftLogWorker] INFO  segmented.SegmentedRaftLogWorker (SegmentedRaftLogWorker.java:run(327)) - b696075b-dbd5-4684-809e-56516b71197a@group-4B928317D1BC-SegmentedRaftLogWorker was interrupted, exiting. There are 0 tasks remaining in the queue.
2021-07-27 03:54:24,246 [Listener at 127.0.0.1/13336] INFO  segmented.SegmentedRaftLogWorker (SegmentedRaftLogWorker.java:close(237)) - a8e533e5-40e7-4f21-b2bc-3ac63ac938bf@group-EB5A9ECD428E-SegmentedRaftLogWorker close()
2021-07-27 03:54:24,246 [ForkJoinPool.commonPool-worker-1] INFO  segmented.SegmentedRaftLogWorker (SegmentedRaftLogWorker.java:close(237)) - b696075b-dbd5-4684-809e-56516b71197a@group-4B928317D1BC-SegmentedRaftLogWorker close()
2021-07-27 03:54:24,247 [ForkJoinPool.commonPool-worker-1] INFO  server.RaftServer$Division (RaftServerImpl.java:lambda$close$4(407)) - b696075b-dbd5-4684-809e-56516b71197a@group-0DED3D8106BD: shutdown
2021-07-27 03:54:24,247 [Listener at 127.0.0.1/13336] INFO  server.RaftServer$Division (RaftServerImpl.java:lambda$close$4(407)) - a8e533e5-40e7-4f21-b2bc-3ac63ac938bf@group-0DED3D8106BD: shutdown
2021-07-27 03:54:24,247 [ForkJoinPool.commonPool-worker-1] INFO  util.JmxRegister (JmxRegister.java:unregister(73)) - Successfully un-registered JMX Bean with object name Ratis:service=RaftServer,group=group-0DED3D8106BD,id=b696075b-dbd5-4684-809e-56516b71197a
2021-07-27 03:54:24,247 [ForkJoinPool.commonPool-worker-1] INFO  impl.RoleInfo (RoleInfo.java:shutdownFollowerState(108)) - b696075b-dbd5-4684-809e-56516b71197a: shutdown b696075b-dbd5-4684-809e-56516b71197a@group-0DED3D8106BD-FollowerState
2021-07-27 03:54:24,247 [b696075b-dbd5-4684-809e-56516b71197a@group-0DED3D8106BD-FollowerState] INFO  impl.FollowerState (FollowerState.java:run(143)) - b696075b-dbd5-4684-809e-56516b71197a@group-0DED3D8106BD-FollowerState was interrupted: {}
java.lang.InterruptedException: sleep interrupted
	at java.lang.Thread.sleep(Native Method)
	at java.lang.Thread.sleep(Thread.java:340)
	at java.util.concurrent.TimeUnit.sleep(TimeUnit.java:386)
	at org.apache.ratis.util.TimeDuration.sleep(TimeDuration.java:324)
	at org.apache.ratis.util.TimeDuration.sleep(TimeDuration.java:309)
	at org.apache.ratis.server.impl.FollowerState.run(FollowerState.java:118)
2021-07-27 03:54:24,248 [ForkJoinPool.commonPool-worker-1] INFO  impl.StateMachineUpdater (StateMachineUpdater.java:stopAndJoin(149)) - b696075b-dbd5-4684-809e-56516b71197a@group-0DED3D8106BD-StateMachineUpdater: set stopIndex = -1
2021-07-27 03:54:24,248 [ForkJoinPool.commonPool-worker-1] INFO  server.RaftServer$Division (ServerState.java:close(419)) - b696075b-dbd5-4684-809e-56516b71197a@group-0DED3D8106BD: closes. applyIndex: -1
2021-07-27 03:54:24,247 [Listener at 127.0.0.1/13336] INFO  util.JmxRegister (JmxRegister.java:unregister(73)) - Successfully un-registered JMX Bean with object name Ratis:service=RaftServer,group=group-0DED3D8106BD,id=a8e533e5-40e7-4f21-b2bc-3ac63ac938bf
2021-07-27 03:54:24,254 [b696075b-dbd5-4684-809e-56516b71197a@group-0DED3D8106BD-SegmentedRaftLogWorker] INFO  segmented.SegmentedRaftLogWorker (SegmentedRaftLogWorker.java:run(327)) - b696075b-dbd5-4684-809e-56516b71197a@group-0DED3D8106BD-SegmentedRaftLogWorker was interrupted, exiting. There are 0 tasks remaining in the queue.
2021-07-27 03:54:24,254 [Listener at 127.0.0.1/13336] INFO  impl.RoleInfo (RoleInfo.java:shutdownFollowerState(108)) - a8e533e5-40e7-4f21-b2bc-3ac63ac938bf: shutdown a8e533e5-40e7-4f21-b2bc-3ac63ac938bf@group-0DED3D8106BD-FollowerState
2021-07-27 03:54:24,254 [ForkJoinPool.commonPool-worker-1] INFO  segmented.SegmentedRaftLogWorker (SegmentedRaftLogWorker.java:close(237)) - b696075b-dbd5-4684-809e-56516b71197a@group-0DED3D8106BD-SegmentedRaftLogWorker close()
2021-07-27 03:54:24,254 [a8e533e5-40e7-4f21-b2bc-3ac63ac938bf@group-0DED3D8106BD-FollowerState] INFO  impl.FollowerState (FollowerState.java:run(143)) - a8e533e5-40e7-4f21-b2bc-3ac63ac938bf@group-0DED3D8106BD-FollowerState was interrupted: {}
java.lang.InterruptedException: sleep interrupted
	at java.lang.Thread.sleep(Native Method)
	at java.lang.Thread.sleep(Thread.java:340)
	at java.util.concurrent.TimeUnit.sleep(TimeUnit.java:386)
	at org.apache.ratis.util.TimeDuration.sleep(TimeDuration.java:324)
	at org.apache.ratis.util.TimeDuration.sleep(TimeDuration.java:309)
	at org.apache.ratis.server.impl.FollowerState.run(FollowerState.java:118)
2021-07-27 03:54:24,254 [Listener at 127.0.0.1/13336] INFO  impl.StateMachineUpdater (StateMachineUpdater.java:stopAndJoin(149)) - a8e533e5-40e7-4f21-b2bc-3ac63ac938bf@group-0DED3D8106BD-StateMachineUpdater: set stopIndex = -1
2021-07-27 03:54:24,255 [Listener at 127.0.0.1/13336] INFO  server.RaftServer$Division (ServerState.java:close(419)) - a8e533e5-40e7-4f21-b2bc-3ac63ac938bf@group-0DED3D8106BD: closes. applyIndex: -1
2021-07-27 03:54:24,255 [a8e533e5-40e7-4f21-b2bc-3ac63ac938bf@group-0DED3D8106BD-SegmentedRaftLogWorker] INFO  segmented.SegmentedRaftLogWorker (SegmentedRaftLogWorker.java:run(327)) - a8e533e5-40e7-4f21-b2bc-3ac63ac938bf@group-0DED3D8106BD-SegmentedRaftLogWorker was interrupted, exiting. There are 0 tasks remaining in the queue.
2021-07-27 03:54:24,255 [Listener at 127.0.0.1/13336] INFO  segmented.SegmentedRaftLogWorker (SegmentedRaftLogWorker.java:close(237)) - a8e533e5-40e7-4f21-b2bc-3ac63ac938bf@group-0DED3D8106BD-SegmentedRaftLogWorker close()
2021-07-27 03:54:24,256 [ForkJoinPool.commonPool-worker-1] INFO  server.GrpcService (GrpcService.java:closeImpl(262)) - b696075b-dbd5-4684-809e-56516b71197a: shutdown server with port 38127 now
2021-07-27 03:54:24,261 [Listener at 127.0.0.1/13336] INFO  server.GrpcService (GrpcService.java:closeImpl(262)) - a8e533e5-40e7-4f21-b2bc-3ac63ac938bf: shutdown server with port 46277 now
2021-07-27 03:54:24,265 [Listener at 127.0.0.1/13336] INFO  server.GrpcService (GrpcService.java:closeImpl(271)) - a8e533e5-40e7-4f21-b2bc-3ac63ac938bf: shutdown server with port 46277 successfully
2021-07-27 03:54:24,265 [org.apache.ratis.util.JvmPauseMonitor$$Lambda$430/1677697972@4cedb7cc] INFO  util.JvmPauseMonitor (JvmPauseMonitor.java:run(109)) - JvmPauseMonitor-a8e533e5-40e7-4f21-b2bc-3ac63ac938bf: Stopped
2021-07-27 03:54:24,267 [Listener at 127.0.0.1/13336] INFO  utils.BackgroundService (BackgroundService.java:shutdown(132)) - Shutting down service BlockDeletingService
2021-07-27 03:54:24,270 [ForkJoinPool.commonPool-worker-1] INFO  server.GrpcService (GrpcService.java:closeImpl(271)) - b696075b-dbd5-4684-809e-56516b71197a: shutdown server with port 38127 successfully
2021-07-27 03:54:24,271 [Listener at 127.0.0.1/13336] INFO  statemachine.DatanodeStateMachine (DatanodeStateMachine.java:stopDaemon(514)) - Ozone container server stopped.
2021-07-27 03:54:24,271 [org.apache.ratis.util.JvmPauseMonitor$$Lambda$430/1677697972@5c227134] INFO  util.JvmPauseMonitor (JvmPauseMonitor.java:run(109)) - JvmPauseMonitor-b696075b-dbd5-4684-809e-56516b71197a: Stopped
2021-07-27 03:54:24,272 [Listener at 127.0.0.1/13336] INFO  handler.ContextHandler (ContextHandler.java:doStop(1154)) - Stopped o.e.j.w.WebAppContext@5039e734{hddsDatanode,/,null,STOPPED}{jar:file:/home/runner/.m2/repository/org/apache/ozone/hdds-container-service/1.2.0-SNAPSHOT/hdds-container-service-1.2.0-SNAPSHOT.jar!/webapps/hddsDatanode}
2021-07-27 03:54:24,274 [Listener at 127.0.0.1/13336] INFO  server.AbstractConnector (AbstractConnector.java:doStop(381)) - Stopped ServerConnector@58a7e7b1{HTTP/1.1, (http/1.1)}{0.0.0.0:0}
2021-07-27 03:54:24,274 [Listener at 127.0.0.1/13336] INFO  server.session (HouseKeeper.java:stopScavenging(149)) - node0 Stopped scavenging
2021-07-27 03:54:24,274 [Listener at 127.0.0.1/13336] INFO  handler.ContextHandler (ContextHandler.java:doStop(1154)) - Stopped o.e.j.s.ServletContextHandler@2676aa97{static,/static,jar:file:/home/runner/.m2/repository/org/apache/ozone/hdds-container-service/1.2.0-SNAPSHOT/hdds-container-service-1.2.0-SNAPSHOT.jar!/webapps/static,STOPPED}
2021-07-27 03:54:24,275 [Listener at 127.0.0.1/13336] INFO  handler.ContextHandler (ContextHandler.java:doStop(1154)) - Stopped o.e.j.s.ServletContextHandler@c2579ea{logs,/logs,file:///home/runner/work/ozone/ozone/mnt/ozone/hadoop-ozone/integration-test/target/log,STOPPED}
2021-07-27 03:54:24,277 [ForkJoinPool.commonPool-worker-1] INFO  utils.BackgroundService (BackgroundService.java:shutdown(132)) - Shutting down service BlockDeletingService
2021-07-27 03:54:24,278 [ForkJoinPool.commonPool-worker-1] INFO  statemachine.DatanodeStateMachine (DatanodeStateMachine.java:stopDaemon(514)) - Ozone container server stopped.
2021-07-27 03:54:24,279 [ForkJoinPool.commonPool-worker-1] INFO  handler.ContextHandler (ContextHandler.java:doStop(1154)) - Stopped o.e.j.w.WebAppContext@45c22d6c{hddsDatanode,/,null,STOPPED}{jar:file:/home/runner/.m2/repository/org/apache/ozone/hdds-container-service/1.2.0-SNAPSHOT/hdds-container-service-1.2.0-SNAPSHOT.jar!/webapps/hddsDatanode}
2021-07-27 03:54:24,282 [ForkJoinPool.commonPool-worker-1] INFO  server.AbstractConnector (AbstractConnector.java:doStop(381)) - Stopped ServerConnector@7d5de26f{HTTP/1.1, (http/1.1)}{0.0.0.0:0}
2021-07-27 03:54:24,282 [ForkJoinPool.commonPool-worker-1] INFO  server.session (HouseKeeper.java:stopScavenging(149)) - node0 Stopped scavenging
2021-07-27 03:54:24,284 [ForkJoinPool.commonPool-worker-1] INFO  handler.ContextHandler (ContextHandler.java:doStop(1154)) - Stopped o.e.j.s.ServletContextHandler@61af1576{static,/static,jar:file:/home/runner/.m2/repository/org/apache/ozone/hdds-container-service/1.2.0-SNAPSHOT/hdds-container-service-1.2.0-SNAPSHOT.jar!/webapps/static,STOPPED}
2021-07-27 03:54:24,284 [ForkJoinPool.commonPool-worker-1] INFO  handler.ContextHandler (ContextHandler.java:doStop(1154)) - Stopped o.e.j.s.ServletContextHandler@821c133{logs,/logs,file:///home/runner/work/ozone/ozone/mnt/ozone/hadoop-ozone/integration-test/target/log,STOPPED}
2021-07-27 03:54:24,717 [EndpointStateMachine task thread for /127.0.0.1:13921 - 0 ] INFO  ipc.Client (Client.java:handleConnectionFailure(977)) - Retrying connect to server: localhost/127.0.0.1:13921. Already tried 5 time(s); retry policy is RetryUpToMaximumCountWithFixedSleep(maxRetries=15, sleepTime=1000 MILLISECONDS)
2021-07-27 03:54:24,879 [Datanode State Machine Thread - 0] ERROR datanode.RunningDatanodeState (RunningDatanodeState.java:computeNextContainerState(199)) - Error in executing end point task.
java.util.concurrent.ExecutionException: java.util.concurrent.TimeoutException
	at java.util.concurrent.FutureTask.report(FutureTask.java:122)
	at java.util.concurrent.FutureTask.get(FutureTask.java:192)
	at org.apache.hadoop.ozone.container.common.states.datanode.RunningDatanodeState.computeNextContainerState(RunningDatanodeState.java:191)
	at org.apache.hadoop.ozone.container.common.states.datanode.RunningDatanodeState.await(RunningDatanodeState.java:231)
	at org.apache.hadoop.ozone.container.common.states.datanode.RunningDatanodeState.await(RunningDatanodeState.java:50)
	at org.apache.hadoop.ozone.container.common.statemachine.StateContext.execute(StateContext.java:629)
	at org.apache.hadoop.ozone.container.common.statemachine.DatanodeStateMachine.start(DatanodeStateMachine.java:269)
	at org.apache.hadoop.ozone.container.common.statemachine.DatanodeStateMachine.lambda$startDaemon$0(DatanodeStateMachine.java:455)
	at java.lang.Thread.run(Thread.java:748)
Caused by: java.util.concurrent.TimeoutException
	at java.util.concurrent.FutureTask.get(FutureTask.java:205)
	at org.apache.hadoop.ozone.container.common.states.datanode.RunningDatanodeState.lambda$execute$0(RunningDatanodeState.java:149)
	at java.util.concurrent.FutureTask.run(FutureTask.java:266)
	at java.util.concurrent.Executors$RunnableAdapter.call(Executors.java:511)
	at java.util.concurrent.FutureTask.run(FutureTask.java:266)
	at java.util.concurrent.ThreadPoolExecutor.runWorker(ThreadPoolExecutor.java:1149)
	at java.util.concurrent.ThreadPoolExecutor$Worker.run(ThreadPoolExecutor.java:624)
	... 1 more
2021-07-27 03:54:24,880 [Datanode State Machine Thread - 0] WARN  statemachine.StateContext (StateContext.java:setState(246)) - Ignore disallowed transition from SHUTDOWN to RUNNING
2021-07-27 03:54:24,880 [Datanode State Machine Thread - 0] INFO  statemachine.DatanodeStateMachine (DatanodeStateMachine.java:lambda$startDaemon$0(456)) - Ozone container server started.
2021-07-27 03:54:25,718 [EndpointStateMachine task thread for /127.0.0.1:13921 - 0 ] INFO  ipc.Client (Client.java:handleConnectionFailure(977)) - Retrying connect to server: localhost/127.0.0.1:13921. Already tried 6 time(s); retry policy is RetryUpToMaximumCountWithFixedSleep(maxRetries=15, sleepTime=1000 MILLISECONDS)
2021-07-27 03:54:26,719 [EndpointStateMachine task thread for /127.0.0.1:13921 - 0 ] INFO  ipc.Client (Client.java:handleConnectionFailure(977)) - Retrying connect to server: localhost/127.0.0.1:13921. Already tried 7 time(s); retry policy is RetryUpToMaximumCountWithFixedSleep(maxRetries=15, sleepTime=1000 MILLISECONDS)
2021-07-27 03:54:26,838 [b95eb893-7480-4c40-af1e-675e082ede40@group-0DED3D8106BD-FollowerState] INFO  impl.FollowerState (FollowerState.java:run(134)) - b95eb893-7480-4c40-af1e-675e082ede40@group-0DED3D8106BD-FollowerState: change to CANDIDATE, lastRpcElapsedTime:5129395319ns, electionTimeout:5129ms
2021-07-27 03:54:26,838 [b95eb893-7480-4c40-af1e-675e082ede40@group-0DED3D8106BD-FollowerState] INFO  impl.RoleInfo (RoleInfo.java:shutdownFollowerState(108)) - b95eb893-7480-4c40-af1e-675e082ede40: shutdown b95eb893-7480-4c40-af1e-675e082ede40@group-0DED3D8106BD-FollowerState
2021-07-27 03:54:26,838 [b95eb893-7480-4c40-af1e-675e082ede40@group-0DED3D8106BD-FollowerState] INFO  server.RaftServer$Division (RaftServerImpl.java:setRole(285)) - b95eb893-7480-4c40-af1e-675e082ede40@group-0DED3D8106BD: changes role from  FOLLOWER to CANDIDATE at term 2 for changeToCandidate
2021-07-27 03:54:26,839 [b95eb893-7480-4c40-af1e-675e082ede40@group-0DED3D8106BD-FollowerState] INFO  server.RaftServerConfigKeys (ConfUtils.java:logGet(44)) - raft.server.leaderelection.pre-vote = false (custom)
2021-07-27 03:54:26,839 [b95eb893-7480-4c40-af1e-675e082ede40@group-0DED3D8106BD-FollowerState] INFO  impl.RoleInfo (RoleInfo.java:updateAndGet(130)) - b95eb893-7480-4c40-af1e-675e082ede40: start b95eb893-7480-4c40-af1e-675e082ede40@group-0DED3D8106BD-LeaderElection12
2021-07-27 03:54:26,841 [b95eb893-7480-4c40-af1e-675e082ede40@group-0DED3D8106BD-LeaderElection12] INFO  impl.LeaderElection (LeaderElection.java:askForVotes(306)) - b95eb893-7480-4c40-af1e-675e082ede40@group-0DED3D8106BD-LeaderElection12 ELECTION round 0: submit vote requests at term 3 for -1: [a8e533e5-40e7-4f21-b2bc-3ac63ac938bf|rpc:127.0.0.1:46277|dataStream:|priority:0, b95eb893-7480-4c40-af1e-675e082ede40|rpc:127.0.0.1:39359|dataStream:|priority:1, b696075b-dbd5-4684-809e-56516b71197a|rpc:127.0.0.1:38127|dataStream:|priority:0], old=null
2021-07-27 03:54:26,849 [b95eb893-7480-4c40-af1e-675e082ede40@group-0DED3D8106BD-LeaderElection12] INFO  impl.LeaderElection (LogUtils.java:infoOrTrace(137)) - b95eb893-7480-4c40-af1e-675e082ede40@group-0DED3D8106BD-LeaderElection12 got exception when requesting votes: java.util.concurrent.ExecutionException: org.apache.ratis.thirdparty.io.grpc.StatusRuntimeException: UNAVAILABLE: io exception
2021-07-27 03:54:26,850 [b95eb893-7480-4c40-af1e-675e082ede40@group-0DED3D8106BD-LeaderElection12] INFO  impl.LeaderElection (LogUtils.java:infoOrTrace(137)) - b95eb893-7480-4c40-af1e-675e082ede40@group-0DED3D8106BD-LeaderElection12 got exception when requesting votes: java.util.concurrent.ExecutionException: org.apache.ratis.thirdparty.io.grpc.StatusRuntimeException: UNAVAILABLE: io exception
2021-07-27 03:54:26,850 [b95eb893-7480-4c40-af1e-675e082ede40@group-0DED3D8106BD-LeaderElection12] INFO  impl.LeaderElection (LeaderElection.java:logAndReturn(89)) - b95eb893-7480-4c40-af1e-675e082ede40@group-0DED3D8106BD-LeaderElection12: ELECTION REJECTED received 0 response(s) and 2 exception(s):
2021-07-27 03:54:26,850 [b95eb893-7480-4c40-af1e-675e082ede40@group-0DED3D8106BD-LeaderElection12] INFO  impl.LeaderElection (LogUtils.java:infoOrTrace(137)) -   Exception 0: java.util.concurrent.ExecutionException: org.apache.ratis.thirdparty.io.grpc.StatusRuntimeException: UNAVAILABLE: io exception
2021-07-27 03:54:26,850 [b95eb893-7480-4c40-af1e-675e082ede40@group-0DED3D8106BD-LeaderElection12] INFO  impl.LeaderElection (LogUtils.java:infoOrTrace(137)) -   Exception 1: java.util.concurrent.ExecutionException: org.apache.ratis.thirdparty.io.grpc.StatusRuntimeException: UNAVAILABLE: io exception
2021-07-27 03:54:26,850 [b95eb893-7480-4c40-af1e-675e082ede40@group-0DED3D8106BD-LeaderElection12] INFO  impl.LeaderElection (LeaderElection.java:askForVotes(308)) - b95eb893-7480-4c40-af1e-675e082ede40@group-0DED3D8106BD-LeaderElection12 ELECTION round 0: result REJECTED
2021-07-27 03:54:26,850 [b95eb893-7480-4c40-af1e-675e082ede40@group-0DED3D8106BD-LeaderElection12] INFO  server.RaftServer$Division (RaftServerImpl.java:setRole(285)) - b95eb893-7480-4c40-af1e-675e082ede40@group-0DED3D8106BD: changes role from CANDIDATE to FOLLOWER at term 3 for REJECTED
2021-07-27 03:54:26,850 [b95eb893-7480-4c40-af1e-675e082ede40@group-0DED3D8106BD-LeaderElection12] INFO  impl.RoleInfo (RoleInfo.java:shutdownLeaderElection(121)) - b95eb893-7480-4c40-af1e-675e082ede40: shutdown b95eb893-7480-4c40-af1e-675e082ede40@group-0DED3D8106BD-LeaderElection12
2021-07-27 03:54:26,851 [b95eb893-7480-4c40-af1e-675e082ede40@group-0DED3D8106BD-LeaderElection12] INFO  impl.RoleInfo (RoleInfo.java:updateAndGet(130)) - b95eb893-7480-4c40-af1e-675e082ede40: start b95eb893-7480-4c40-af1e-675e082ede40@group-0DED3D8106BD-FollowerState
2021-07-27 03:54:26,900 [b95eb893-7480-4c40-af1e-675e082ede40@group-EB5A9ECD428E-FollowerState] INFO  impl.FollowerState (FollowerState.java:run(134)) - b95eb893-7480-4c40-af1e-675e082ede40@group-EB5A9ECD428E-FollowerState: change to CANDIDATE, lastRpcElapsedTime:5123603887ns, electionTimeout:5040ms
2021-07-27 03:54:26,900 [b95eb893-7480-4c40-af1e-675e082ede40@group-EB5A9ECD428E-FollowerState] INFO  impl.RoleInfo (RoleInfo.java:shutdownFollowerState(108)) - b95eb893-7480-4c40-af1e-675e082ede40: shutdown b95eb893-7480-4c40-af1e-675e082ede40@group-EB5A9ECD428E-FollowerState
2021-07-27 03:54:26,900 [b95eb893-7480-4c40-af1e-675e082ede40@group-EB5A9ECD428E-FollowerState] INFO  server.RaftServer$Division (RaftServerImpl.java:setRole(285)) - b95eb893-7480-4c40-af1e-675e082ede40@group-EB5A9ECD428E: changes role from  FOLLOWER to CANDIDATE at term 1 for changeToCandidate
2021-07-27 03:54:26,900 [b95eb893-7480-4c40-af1e-675e082ede40@group-EB5A9ECD428E-FollowerState] INFO  server.RaftServerConfigKeys (ConfUtils.java:logGet(44)) - raft.server.leaderelection.pre-vote = false (custom)
2021-07-27 03:54:26,900 [b95eb893-7480-4c40-af1e-675e082ede40@group-EB5A9ECD428E-FollowerState] INFO  impl.RoleInfo (RoleInfo.java:updateAndGet(130)) - b95eb893-7480-4c40-af1e-675e082ede40: start b95eb893-7480-4c40-af1e-675e082ede40@group-EB5A9ECD428E-LeaderElection13
2021-07-27 03:54:26,908 [b95eb893-7480-4c40-af1e-675e082ede40@group-EB5A9ECD428E-LeaderElection13] INFO  server.RaftServer$Division (ServerState.java:setLeader(285)) - b95eb893-7480-4c40-af1e-675e082ede40@group-EB5A9ECD428E: change Leader from b696075b-dbd5-4684-809e-56516b71197a to null at term 1 for ELECTION
2021-07-27 03:54:26,910 [b95eb893-7480-4c40-af1e-675e082ede40@group-EB5A9ECD428E-LeaderElection13] INFO  impl.LeaderElection (LeaderElection.java:askForVotes(306)) - b95eb893-7480-4c40-af1e-675e082ede40@group-EB5A9ECD428E-LeaderElection13 ELECTION round 0: submit vote requests at term 2 for 0: [a8e533e5-40e7-4f21-b2bc-3ac63ac938bf|rpc:127.0.0.1:46277|dataStream:|priority:0, b95eb893-7480-4c40-af1e-675e082ede40|rpc:127.0.0.1:39359|dataStream:|priority:0, b696075b-dbd5-4684-809e-56516b71197a|rpc:127.0.0.1:38127|dataStream:|priority:1], old=null
2021-07-27 03:54:26,911 [b95eb893-7480-4c40-af1e-675e082ede40@group-EB5A9ECD428E-LeaderElection13] INFO  impl.LeaderElection (LogUtils.java:infoOrTrace(137)) - b95eb893-7480-4c40-af1e-675e082ede40@group-EB5A9ECD428E-LeaderElection13 got exception when requesting votes: java.util.concurrent.ExecutionException: org.apache.ratis.thirdparty.io.grpc.StatusRuntimeException: UNAVAILABLE: io exception
2021-07-27 03:54:26,911 [b95eb893-7480-4c40-af1e-675e082ede40@group-EB5A9ECD428E-LeaderElection13] INFO  impl.LeaderElection (LogUtils.java:infoOrTrace(137)) - b95eb893-7480-4c40-af1e-675e082ede40@group-EB5A9ECD428E-LeaderElection13 got exception when requesting votes: java.util.concurrent.ExecutionException: org.apache.ratis.thirdparty.io.grpc.StatusRuntimeException: UNAVAILABLE: io exception
2021-07-27 03:54:26,911 [b95eb893-7480-4c40-af1e-675e082ede40@group-EB5A9ECD428E-LeaderElection13] INFO  impl.LeaderElection (LeaderElection.java:logAndReturn(89)) - b95eb893-7480-4c40-af1e-675e082ede40@group-EB5A9ECD428E-LeaderElection13: ELECTION REJECTED received 0 response(s) and 2 exception(s):
2021-07-27 03:54:26,911 [b95eb893-7480-4c40-af1e-675e082ede40@group-EB5A9ECD428E-LeaderElection13] INFO  impl.LeaderElection (LogUtils.java:infoOrTrace(137)) -   Exception 0: java.util.concurrent.ExecutionException: org.apache.ratis.thirdparty.io.grpc.StatusRuntimeException: UNAVAILABLE: io exception
2021-07-27 03:54:26,911 [b95eb893-7480-4c40-af1e-675e082ede40@group-EB5A9ECD428E-LeaderElection13] INFO  impl.LeaderElection (LogUtils.java:infoOrTrace(137)) -   Exception 1: java.util.concurrent.ExecutionException: org.apache.ratis.thirdparty.io.grpc.StatusRuntimeException: UNAVAILABLE: io exception
2021-07-27 03:54:26,911 [b95eb893-7480-4c40-af1e-675e082ede40@group-EB5A9ECD428E-LeaderElection13] INFO  impl.LeaderElection (LeaderElection.java:askForVotes(308)) - b95eb893-7480-4c40-af1e-675e082ede40@group-EB5A9ECD428E-LeaderElection13 ELECTION round 0: result REJECTED
2021-07-27 03:54:26,912 [b95eb893-7480-4c40-af1e-675e082ede40@group-EB5A9ECD428E-LeaderElection13] INFO  server.RaftServer$Division (RaftServerImpl.java:setRole(285)) - b95eb893-7480-4c40-af1e-675e082ede40@group-EB5A9ECD428E: changes role from CANDIDATE to FOLLOWER at term 2 for REJECTED
2021-07-27 03:54:26,912 [b95eb893-7480-4c40-af1e-675e082ede40@group-EB5A9ECD428E-LeaderElection13] INFO  impl.RoleInfo (RoleInfo.java:shutdownLeaderElection(121)) - b95eb893-7480-4c40-af1e-675e082ede40: shutdown b95eb893-7480-4c40-af1e-675e082ede40@group-EB5A9ECD428E-LeaderElection13
2021-07-27 03:54:26,912 [b95eb893-7480-4c40-af1e-675e082ede40@group-EB5A9ECD428E-LeaderElection13] INFO  impl.RoleInfo (RoleInfo.java:updateAndGet(130)) - b95eb893-7480-4c40-af1e-675e082ede40: start b95eb893-7480-4c40-af1e-675e082ede40@group-EB5A9ECD428E-FollowerState
2021-07-27 03:54:27,721 [EndpointStateMachine task thread for /127.0.0.1:13921 - 0 ] INFO  ipc.Client (Client.java:handleConnectionFailure(977)) - Retrying connect to server: localhost/127.0.0.1:13921. Already tried 8 time(s); retry policy is RetryUpToMaximumCountWithFixedSleep(maxRetries=15, sleepTime=1000 MILLISECONDS)
2021-07-27 03:54:28,722 [EndpointStateMachine task thread for /127.0.0.1:13921 - 0 ] INFO  ipc.Client (Client.java:handleConnectionFailure(977)) - Retrying connect to server: localhost/127.0.0.1:13921. Already tried 9 time(s); retry policy is RetryUpToMaximumCountWithFixedSleep(maxRetries=15, sleepTime=1000 MILLISECONDS)
2021-07-27 03:54:29,278 [Listener at 127.0.0.1/13336] INFO  ozoneimpl.OzoneContainer (OzoneContainer.java:stop(326)) - Attempting to stop container services.
2021-07-27 03:54:29,280 [Listener at 127.0.0.1/13336] INFO  server.RaftServer (RaftServerProxy.java:lambda$close$6(391)) - b95eb893-7480-4c40-af1e-675e082ede40: close
2021-07-27 03:54:29,281 [Listener at 127.0.0.1/13336] INFO  server.RaftServer$Division (RaftServerImpl.java:lambda$close$4(407)) - b95eb893-7480-4c40-af1e-675e082ede40@group-EB5A9ECD428E: shutdown
2021-07-27 03:54:29,281 [Listener at 127.0.0.1/13336] INFO  util.JmxRegister (JmxRegister.java:unregister(73)) - Successfully un-registered JMX Bean with object name Ratis:service=RaftServer,group=group-EB5A9ECD428E,id=b95eb893-7480-4c40-af1e-675e082ede40
2021-07-27 03:54:29,282 [Listener at 127.0.0.1/13336] INFO  impl.RoleInfo (RoleInfo.java:shutdownFollowerState(108)) - b95eb893-7480-4c40-af1e-675e082ede40: shutdown b95eb893-7480-4c40-af1e-675e082ede40@group-EB5A9ECD428E-FollowerState
2021-07-27 03:54:29,282 [Listener at 127.0.0.1/13336] INFO  impl.StateMachineUpdater (StateMachineUpdater.java:stopAndJoin(149)) - b95eb893-7480-4c40-af1e-675e082ede40@group-EB5A9ECD428E-StateMachineUpdater: set stopIndex = 0
2021-07-27 03:54:29,283 [b95eb893-7480-4c40-af1e-675e082ede40@group-EB5A9ECD428E-StateMachineUpdater] INFO  ratis.ContainerStateMachine (ContainerStateMachine.java:takeSnapshot(291)) - group-EB5A9ECD428E: Taking a snapshot at:(t:1, i:0) file /home/runner/work/ozone/ozone/mnt/ozone/hadoop-ozone/integration-test/target/test-dir/MiniOzoneClusterImpl-b10bafd4-cc06-4e81-8a2f-dfe27fd2d808/datanode-2/data/ratis/ab9f9cd0-2e03-48bf-8806-eb5a9ecd428e/sm/snapshot.1_0
2021-07-27 03:54:29,282 [b95eb893-7480-4c40-af1e-675e082ede40@group-EB5A9ECD428E-FollowerState] INFO  impl.FollowerState (FollowerState.java:run(143)) - b95eb893-7480-4c40-af1e-675e082ede40@group-EB5A9ECD428E-FollowerState was interrupted: {}
java.lang.InterruptedException: sleep interrupted
	at java.lang.Thread.sleep(Native Method)
	at java.lang.Thread.sleep(Thread.java:340)
	at java.util.concurrent.TimeUnit.sleep(TimeUnit.java:386)
	at org.apache.ratis.util.TimeDuration.sleep(TimeDuration.java:324)
	at org.apache.ratis.util.TimeDuration.sleep(TimeDuration.java:309)
	at org.apache.ratis.server.impl.FollowerState.run(FollowerState.java:118)
2021-07-27 03:54:29,284 [b95eb893-7480-4c40-af1e-675e082ede40@group-EB5A9ECD428E-StateMachineUpdater] INFO  ratis.ContainerStateMachine (ContainerStateMachine.java:takeSnapshot(302)) - group-EB5A9ECD428E: Finished taking a snapshot at:(t:1, i:0) file:/home/runner/work/ozone/ozone/mnt/ozone/hadoop-ozone/integration-test/target/test-dir/MiniOzoneClusterImpl-b10bafd4-cc06-4e81-8a2f-dfe27fd2d808/datanode-2/data/ratis/ab9f9cd0-2e03-48bf-8806-eb5a9ecd428e/sm/snapshot.1_0 took: 1 ms
2021-07-27 03:54:29,284 [b95eb893-7480-4c40-af1e-675e082ede40@group-EB5A9ECD428E-StateMachineUpdater] INFO  impl.StateMachineUpdater (StateMachineUpdater.java:takeSnapshot(281)) - b95eb893-7480-4c40-af1e-675e082ede40@group-EB5A9ECD428E-StateMachineUpdater: Took a snapshot at index 0
2021-07-27 03:54:29,284 [b95eb893-7480-4c40-af1e-675e082ede40@group-EB5A9ECD428E-StateMachineUpdater] INFO  impl.StateMachineUpdater (StateMachineUpdater.java:lambda$new$0(89)) - b95eb893-7480-4c40-af1e-675e082ede40@group-EB5A9ECD428E-StateMachineUpdater: snapshotIndex: updateIncreasingly -1 -> 0
2021-07-27 03:54:29,285 [Listener at 127.0.0.1/13336] INFO  server.RaftServer$Division (ServerState.java:close(419)) - b95eb893-7480-4c40-af1e-675e082ede40@group-EB5A9ECD428E: closes. applyIndex: 0
2021-07-27 03:54:29,286 [b95eb893-7480-4c40-af1e-675e082ede40@group-EB5A9ECD428E-SegmentedRaftLogWorker] INFO  segmented.SegmentedRaftLogWorker (SegmentedRaftLogWorker.java:run(327)) - b95eb893-7480-4c40-af1e-675e082ede40@group-EB5A9ECD428E-SegmentedRaftLogWorker was interrupted, exiting. There are 0 tasks remaining in the queue.
2021-07-27 03:54:29,286 [Listener at 127.0.0.1/13336] INFO  segmented.SegmentedRaftLogWorker (SegmentedRaftLogWorker.java:close(237)) - b95eb893-7480-4c40-af1e-675e082ede40@group-EB5A9ECD428E-SegmentedRaftLogWorker close()
2021-07-27 03:54:29,289 [Listener at 127.0.0.1/13336] INFO  server.RaftServer$Division (RaftServerImpl.java:lambda$close$4(407)) - b95eb893-7480-4c40-af1e-675e082ede40@group-14EBC33B74A1: shutdown
2021-07-27 03:54:29,289 [Listener at 127.0.0.1/13336] INFO  util.JmxRegister (JmxRegister.java:unregister(73)) - Successfully un-registered JMX Bean with object name Ratis:service=RaftServer,group=group-14EBC33B74A1,id=b95eb893-7480-4c40-af1e-675e082ede40
2021-07-27 03:54:29,289 [Listener at 127.0.0.1/13336] INFO  impl.RoleInfo (RoleInfo.java:shutdownLeaderState(91)) - b95eb893-7480-4c40-af1e-675e082ede40: shutdown b95eb893-7480-4c40-af1e-675e082ede40@group-14EBC33B74A1-LeaderStateImpl
2021-07-27 03:54:29,290 [Listener at 127.0.0.1/13336] INFO  impl.PendingRequests (PendingRequests.java:sendNotLeaderResponses(249)) - b95eb893-7480-4c40-af1e-675e082ede40@group-14EBC33B74A1-PendingRequests: sendNotLeaderResponses
2021-07-27 03:54:29,290 [b95eb893-7480-4c40-af1e-675e082ede40@group-14EBC33B74A1-StateMachineUpdater] INFO  ratis.ContainerStateMachine (ContainerStateMachine.java:takeSnapshot(291)) - group-14EBC33B74A1: Taking a snapshot at:(t:1, i:0) file /home/runner/work/ozone/ozone/mnt/ozone/hadoop-ozone/integration-test/target/test-dir/MiniOzoneClusterImpl-b10bafd4-cc06-4e81-8a2f-dfe27fd2d808/datanode-2/data/ratis/5bdd10f3-bf3b-4d2c-ace4-14ebc33b74a1/sm/snapshot.1_0
2021-07-27 03:54:29,291 [Listener at 127.0.0.1/13336] INFO  impl.StateMachineUpdater (StateMachineUpdater.java:stopAndJoin(149)) - b95eb893-7480-4c40-af1e-675e082ede40@group-14EBC33B74A1-StateMachineUpdater: set stopIndex = 0
2021-07-27 03:54:29,291 [b95eb893-7480-4c40-af1e-675e082ede40@group-14EBC33B74A1-StateMachineUpdater] INFO  ratis.ContainerStateMachine (ContainerStateMachine.java:takeSnapshot(302)) - group-14EBC33B74A1: Finished taking a snapshot at:(t:1, i:0) file:/home/runner/work/ozone/ozone/mnt/ozone/hadoop-ozone/integration-test/target/test-dir/MiniOzoneClusterImpl-b10bafd4-cc06-4e81-8a2f-dfe27fd2d808/datanode-2/data/ratis/5bdd10f3-bf3b-4d2c-ace4-14ebc33b74a1/sm/snapshot.1_0 took: 1 ms
2021-07-27 03:54:29,292 [b95eb893-7480-4c40-af1e-675e082ede40@group-14EBC33B74A1-StateMachineUpdater] INFO  impl.StateMachineUpdater (StateMachineUpdater.java:takeSnapshot(281)) - b95eb893-7480-4c40-af1e-675e082ede40@group-14EBC33B74A1-StateMachineUpdater: Took a snapshot at index 0
2021-07-27 03:54:29,292 [b95eb893-7480-4c40-af1e-675e082ede40@group-14EBC33B74A1-StateMachineUpdater] INFO  impl.StateMachineUpdater (StateMachineUpdater.java:lambda$new$0(89)) - b95eb893-7480-4c40-af1e-675e082ede40@group-14EBC33B74A1-StateMachineUpdater: snapshotIndex: updateIncreasingly -1 -> 0
2021-07-27 03:54:29,292 [Listener at 127.0.0.1/13336] INFO  server.RaftServer$Division (ServerState.java:close(419)) - b95eb893-7480-4c40-af1e-675e082ede40@group-14EBC33B74A1: closes. applyIndex: 0
2021-07-27 03:54:29,292 [b95eb893-7480-4c40-af1e-675e082ede40@group-14EBC33B74A1-SegmentedRaftLogWorker] INFO  segmented.SegmentedRaftLogWorker (SegmentedRaftLogWorker.java:run(327)) - b95eb893-7480-4c40-af1e-675e082ede40@group-14EBC33B74A1-SegmentedRaftLogWorker was interrupted, exiting. There are 0 tasks remaining in the queue.
2021-07-27 03:54:29,293 [Listener at 127.0.0.1/13336] INFO  segmented.SegmentedRaftLogWorker (SegmentedRaftLogWorker.java:close(237)) - b95eb893-7480-4c40-af1e-675e082ede40@group-14EBC33B74A1-SegmentedRaftLogWorker close()
2021-07-27 03:54:29,293 [Listener at 127.0.0.1/13336] INFO  server.RaftServer$Division (RaftServerImpl.java:lambda$close$4(407)) - b95eb893-7480-4c40-af1e-675e082ede40@group-0DED3D8106BD: shutdown
2021-07-27 03:54:29,293 [Listener at 127.0.0.1/13336] INFO  util.JmxRegister (JmxRegister.java:unregister(73)) - Successfully un-registered JMX Bean with object name Ratis:service=RaftServer,group=group-0DED3D8106BD,id=b95eb893-7480-4c40-af1e-675e082ede40
2021-07-27 03:54:29,294 [Listener at 127.0.0.1/13336] INFO  impl.RoleInfo (RoleInfo.java:shutdownFollowerState(108)) - b95eb893-7480-4c40-af1e-675e082ede40: shutdown b95eb893-7480-4c40-af1e-675e082ede40@group-0DED3D8106BD-FollowerState
2021-07-27 03:54:29,294 [b95eb893-7480-4c40-af1e-675e082ede40@group-0DED3D8106BD-FollowerState] INFO  impl.FollowerState (FollowerState.java:run(143)) - b95eb893-7480-4c40-af1e-675e082ede40@group-0DED3D8106BD-FollowerState was interrupted: {}
java.lang.InterruptedException: sleep interrupted
	at java.lang.Thread.sleep(Native Method)
	at java.lang.Thread.sleep(Thread.java:340)
	at java.util.concurrent.TimeUnit.sleep(TimeUnit.java:386)
	at org.apache.ratis.util.TimeDuration.sleep(TimeDuration.java:324)
	at org.apache.ratis.util.TimeDuration.sleep(TimeDuration.java:309)
	at org.apache.ratis.server.impl.FollowerState.run(FollowerState.java:118)
2021-07-27 03:54:29,294 [Listener at 127.0.0.1/13336] INFO  impl.StateMachineUpdater (StateMachineUpdater.java:stopAndJoin(149)) - b95eb893-7480-4c40-af1e-675e082ede40@group-0DED3D8106BD-StateMachineUpdater: set stopIndex = -1
2021-07-27 03:54:29,294 [Listener at 127.0.0.1/13336] INFO  server.RaftServer$Division (ServerState.java:close(419)) - b95eb893-7480-4c40-af1e-675e082ede40@group-0DED3D8106BD: closes. applyIndex: -1
2021-07-27 03:54:29,295 [b95eb893-7480-4c40-af1e-675e082ede40@group-0DED3D8106BD-SegmentedRaftLogWorker] INFO  segmented.SegmentedRaftLogWorker (SegmentedRaftLogWorker.java:run(327)) - b95eb893-7480-4c40-af1e-675e082ede40@group-0DED3D8106BD-SegmentedRaftLogWorker was interrupted, exiting. There are 0 tasks remaining in the queue.
2021-07-27 03:54:29,295 [Listener at 127.0.0.1/13336] INFO  segmented.SegmentedRaftLogWorker (SegmentedRaftLogWorker.java:close(237)) - b95eb893-7480-4c40-af1e-675e082ede40@group-0DED3D8106BD-SegmentedRaftLogWorker close()
2021-07-27 03:54:29,295 [Listener at 127.0.0.1/13336] INFO  server.GrpcService (GrpcService.java:closeImpl(262)) - b95eb893-7480-4c40-af1e-675e082ede40: shutdown server with port 39359 now
2021-07-27 03:54:29,298 [Listener at 127.0.0.1/13336] INFO  server.GrpcService (GrpcService.java:closeImpl(271)) - b95eb893-7480-4c40-af1e-675e082ede40: shutdown server with port 39359 successfully
2021-07-27 03:54:29,298 [org.apache.ratis.util.JvmPauseMonitor$$Lambda$430/1677697972@1f121bed] INFO  util.JvmPauseMonitor (JvmPauseMonitor.java:run(109)) - JvmPauseMonitor-b95eb893-7480-4c40-af1e-675e082ede40: Stopped
2021-07-27 03:54:29,301 [Listener at 127.0.0.1/13336] INFO  utils.BackgroundService (BackgroundService.java:shutdown(132)) - Shutting down service BlockDeletingService
2021-07-27 03:54:29,302 [Listener at 127.0.0.1/13336] INFO  statemachine.DatanodeStateMachine (DatanodeStateMachine.java:stopDaemon(514)) - Ozone container server stopped.
2021-07-27 03:54:29,303 [Listener at 127.0.0.1/13336] INFO  handler.ContextHandler (ContextHandler.java:doStop(1154)) - Stopped o.e.j.w.WebAppContext@415f712a{hddsDatanode,/,null,STOPPED}{jar:file:/home/runner/.m2/repository/org/apache/ozone/hdds-container-service/1.2.0-SNAPSHOT/hdds-container-service-1.2.0-SNAPSHOT.jar!/webapps/hddsDatanode}
2021-07-27 03:54:29,304 [Listener at 127.0.0.1/13336] INFO  server.AbstractConnector (AbstractConnector.java:doStop(381)) - Stopped ServerConnector@35c81c91{HTTP/1.1, (http/1.1)}{0.0.0.0:0}
2021-07-27 03:54:29,304 [Listener at 127.0.0.1/13336] INFO  server.session (HouseKeeper.java:stopScavenging(149)) - node0 Stopped scavenging
2021-07-27 03:54:29,304 [Listener at 127.0.0.1/13336] INFO  handler.ContextHandler (ContextHandler.java:doStop(1154)) - Stopped o.e.j.s.ServletContextHandler@86ea2a{static,/static,jar:file:/home/runner/.m2/repository/org/apache/ozone/hdds-container-service/1.2.0-SNAPSHOT/hdds-container-service-1.2.0-SNAPSHOT.jar!/webapps/static,STOPPED}
2021-07-27 03:54:29,305 [Listener at 127.0.0.1/13336] INFO  handler.ContextHandler (ContextHandler.java:doStop(1154)) - Stopped o.e.j.s.ServletContextHandler@29222104{logs,/logs,file:///home/runner/work/ozone/ozone/mnt/ozone/hadoop-ozone/integration-test/target/log,STOPPED}
]]></system-out>
  </testcase>
  <testcase name="testBootstrapOneNewOM" classname="org.apache.hadoop.ozone.om.TestOzoneManagerBootstrap" time="37.369"/>
  <testcase name="testLeaderChangeToNewOM" classname="org.apache.hadoop.ozone.om.TestOzoneManagerBootstrap" time="46.346"/>
</testsuite>