<?xml version="1.0" encoding="UTF-8"?>
<testsuite xmlns:xsi="http://www.w3.org/2001/XMLSchema-instance" xsi:noNamespaceSchemaLocation="https://maven.apache.org/surefire/maven-surefire-plugin/xsd/surefire-test-report.xsd" name="org.apache.hadoop.hdds.upgrade.TestHDDSUpgrade" time="359.051" tests="13" errors="1" skipped="4" failures="0">
  <properties>
    <property name="awt.toolkit" value="sun.awt.X11.XToolkit"/>
    <property name="file.encoding.pkg" value="sun.io"/>
    <property name="java.specification.version" value="1.8"/>
    <property name="sun.cpu.isalist" value=""/>
    <property name="sun.jnu.encoding" value="UTF-8"/>
    <property name="java.class.path" value="/home/runner/work/ozone/ozone/hadoop-ozone/integration-test/target/test-classes:/home/runner/work/ozone/ozone/hadoop-ozone/integration-test/target/classes:/home/runner/.m2/repository/org/apache/ozone/ozone-common/1.3.0-SNAPSHOT/ozone-common-1.3.0-SNAPSHOT.jar:/home/runner/.m2/repository/org/apache/commons/commons-compress/1.21/commons-compress-1.21.jar:/home/runner/.m2/repository/org/apache/ozone/hdds-common/1.3.0-SNAPSHOT/hdds-common-1.3.0-SNAPSHOT.jar:/home/runner/.m2/repository/org/apache/ozone/hdds-client/1.3.0-SNAPSHOT/hdds-client-1.3.0-SNAPSHOT.jar:/home/runner/.m2/repository/org/apache/ozone/ozone-interface-client/1.3.0-SNAPSHOT/ozone-interface-client-1.3.0-SNAPSHOT.jar:/home/runner/.m2/repository/org/apache/ozone/hdds-test-utils/1.3.0-SNAPSHOT/hdds-test-utils-1.3.0-SNAPSHOT.jar:/home/runner/.m2/repository/com/google/guava/guava/30.1.1-jre/guava-30.1.1-jre.jar:/home/runner/.m2/repository/com/google/guava/failureaccess/1.0.1/failureaccess-1.0.1.jar:/home/runner/.m2/repository/com/google/guava/listenablefuture/9999.0-empty-to-avoid-conflict-with-guava/listenablefuture-9999.0-empty-to-avoid-conflict-with-guava.jar:/home/runner/.m2/repository/com/google/code/findbugs/jsr305/3.0.0/jsr305-3.0.0.jar:/home/runner/.m2/repository/org/checkerframework/checker-qual/3.8.0/checker-qual-3.8.0.jar:/home/runner/.m2/repository/com/google/errorprone/error_prone_annotations/2.2.0/error_prone_annotations-2.2.0.jar:/home/runner/.m2/repository/com/google/j2objc/j2objc-annotations/1.3/j2objc-annotations-1.3.jar:/home/runner/.m2/repository/commons-io/commons-io/2.11.0/commons-io-2.11.0.jar:/home/runner/.m2/repository/commons-logging/commons-logging/1.2/commons-logging-1.2.jar:/home/runner/.m2/repository/log4j/log4j/1.2.17/log4j-1.2.17.jar:/home/runner/.m2/repository/org/slf4j/slf4j-api/1.7.30/slf4j-api-1.7.30.jar:/home/runner/.m2/repository/org/apache/ozone/hdds-server-scm/1.3.0-SNAPSHOT/hdds-server-scm-1.3.0-SNAPSHOT.jar:/home/runner/.m2/repository/org/apache/ozone/hdds-container-service/1.3.0-SNAPSHOT/hdds-container-service-1.3.0-SNAPSHOT.jar:/home/runner/.m2/repository/org/apache/ozone/hdds-hadoop-dependency-server/1.3.0-SNAPSHOT/hdds-hadoop-dependency-server-1.3.0-SNAPSHOT.jar:/home/runner/.m2/repository/org/apache/hadoop/hadoop-hdfs/3.3.1/hadoop-hdfs-3.3.1.jar:/home/runner/.m2/repository/org/apache/ozone/hdds-server-framework/1.3.0-SNAPSHOT/hdds-server-framework-1.3.0-SNAPSHOT.jar:/home/runner/.m2/repository/org/apache/ozone/hdds-interface-server/1.3.0-SNAPSHOT/hdds-interface-server-1.3.0-SNAPSHOT.jar:/home/runner/.m2/repository/org/eclipse/jetty/jetty-servlet/9.4.43.v20210629/jetty-servlet-9.4.43.v20210629.jar:/home/runner/.m2/repository/org/eclipse/jetty/jetty-security/9.4.43.v20210629/jetty-security-9.4.43.v20210629.jar:/home/runner/.m2/repository/org/rocksdb/rocksdbjni/6.25.3/rocksdbjni-6.25.3.jar:/home/runner/.m2/repository/io/prometheus/simpleclient_dropwizard/0.7.0/simpleclient_dropwizard-0.7.0.jar:/home/runner/.m2/repository/io/prometheus/simpleclient/0.7.0/simpleclient-0.7.0.jar:/home/runner/.m2/repository/io/prometheus/simpleclient_common/0.7.0/simpleclient_common-0.7.0.jar:/home/runner/.m2/repository/com/fasterxml/jackson/datatype/jackson-datatype-jsr310/2.12.1/jackson-datatype-jsr310-2.12.1.jar:/home/runner/.m2/repository/io/dropwizard/metrics/metrics-core/3.2.4/metrics-core-3.2.4.jar:/home/runner/.m2/repository/org/apache/hadoop/hadoop-hdfs-client/3.3.1/hadoop-hdfs-client-3.3.1.jar:/home/runner/.m2/repository/org/bouncycastle/bcprov-jdk15on/1.67/bcprov-jdk15on-1.67.jar:/home/runner/.m2/repository/com/google/protobuf/protobuf-java/2.5.0/protobuf-java-2.5.0.jar:/home/runner/.m2/repository/org/apache/ozone/ozone-manager/1.3.0-SNAPSHOT/ozone-manager-1.3.0-SNAPSHOT.jar:/home/runner/.m2/repository/org/aspectj/aspectjrt/1.9.7/aspectjrt-1.9.7.jar:/home/runner/.m2/repository/org/aspectj/aspectjweaver/1.9.7/aspectjweaver-1.9.7.jar:/home/runner/.m2/repository/org/apache/ozone/hdds-interface-client/1.3.0-SNAPSHOT/hdds-interface-client-1.3.0-SNAPSHOT.jar:/home/runner/.m2/repository/org/apache/hadoop/thirdparty/hadoop-shaded-protobuf_3_7/1.1.1/hadoop-shaded-protobuf_3_7-1.1.1.jar:/home/runner/.m2/repository/org/apache/ozone/ozone-interface-storage/1.3.0-SNAPSHOT/ozone-interface-storage-1.3.0-SNAPSHOT.jar:/home/runner/.m2/repository/org/reflections/reflections/0.9.11/reflections-0.9.11.jar:/home/runner/.m2/repository/org/apache/hadoop/hadoop-minikdc/3.3.1/hadoop-minikdc-3.3.1.jar:/home/runner/.m2/repository/org/apache/kerby/kerb-simplekdc/1.0.1/kerb-simplekdc-1.0.1.jar:/home/runner/.m2/repository/org/apache/kerby/kerb-client/1.0.1/kerb-client-1.0.1.jar:/home/runner/.m2/repository/org/apache/kerby/kerby-config/1.0.1/kerby-config-1.0.1.jar:/home/runner/.m2/repository/org/apache/kerby/kerb-common/1.0.1/kerb-common-1.0.1.jar:/home/runner/.m2/repository/org/apache/kerby/kerb-crypto/1.0.1/kerb-crypto-1.0.1.jar:/home/runner/.m2/repository/org/apache/kerby/kerb-util/1.0.1/kerb-util-1.0.1.jar:/home/runner/.m2/repository/org/apache/kerby/token-provider/1.0.1/token-provider-1.0.1.jar:/home/runner/.m2/repository/org/apache/kerby/kerb-admin/1.0.1/kerb-admin-1.0.1.jar:/home/runner/.m2/repository/org/apache/kerby/kerb-server/1.0.1/kerb-server-1.0.1.jar:/home/runner/.m2/repository/org/apache/kerby/kerb-identity/1.0.1/kerb-identity-1.0.1.jar:/home/runner/.m2/repository/org/apache/kerby/kerby-xdr/1.0.1/kerby-xdr-1.0.1.jar:/home/runner/.m2/repository/org/slf4j/slf4j-log4j12/1.7.30/slf4j-log4j12-1.7.30.jar:/home/runner/.m2/repository/org/apache/ozone/ozone-s3gateway/1.3.0-SNAPSHOT/ozone-s3gateway-1.3.0-SNAPSHOT.jar:/home/runner/.m2/repository/org/javassist/javassist/3.21.0-GA/javassist-3.21.0-GA.jar:/home/runner/.m2/repository/org/jboss/weld/servlet/weld-servlet/2.4.7.Final/weld-servlet-2.4.7.Final.jar:/home/runner/.m2/repository/org/glassfish/jersey/containers/jersey-container-servlet-core/2.33/jersey-container-servlet-core-2.33.jar:/home/runner/.m2/repository/org/glassfish/hk2/external/jakarta.inject/2.6.1/jakarta.inject-2.6.1.jar:/home/runner/.m2/repository/org/glassfish/jersey/core/jersey-common/2.33/jersey-common-2.33.jar:/home/runner/.m2/repository/jakarta/ws/rs/jakarta.ws.rs-api/2.1.6/jakarta.ws.rs-api-2.1.6.jar:/home/runner/.m2/repository/org/glassfish/jersey/ext/cdi/jersey-cdi1x/2.33/jersey-cdi1x-2.33.jar:/home/runner/.m2/repository/org/glassfish/jersey/inject/jersey-hk2/2.33/jersey-hk2-2.33.jar:/home/runner/.m2/repository/org/glassfish/hk2/hk2-locator/2.6.1/hk2-locator-2.6.1.jar:/home/runner/.m2/repository/org/glassfish/jersey/media/jersey-media-jaxb/2.33/jersey-media-jaxb-2.33.jar:/home/runner/.m2/repository/org/glassfish/hk2/osgi-resource-locator/1.0.3/osgi-resource-locator-1.0.3.jar:/home/runner/.m2/repository/org/glassfish/hk2/hk2-api/2.5.0/hk2-api-2.5.0.jar:/home/runner/.m2/repository/org/glassfish/hk2/hk2-utils/2.5.0/hk2-utils-2.5.0.jar:/home/runner/.m2/repository/org/glassfish/hk2/external/aopalliance-repackaged/2.5.0/aopalliance-repackaged-2.5.0.jar:/home/runner/.m2/repository/com/fasterxml/jackson/dataformat/jackson-dataformat-xml/2.12.1/jackson-dataformat-xml-2.12.1.jar:/home/runner/.m2/repository/com/fasterxml/jackson/core/jackson-core/2.12.1/jackson-core-2.12.1.jar:/home/runner/.m2/repository/com/fasterxml/jackson/module/jackson-module-jaxb-annotations/2.12.1/jackson-module-jaxb-annotations-2.12.1.jar:/home/runner/.m2/repository/jakarta/xml/bind/jakarta.xml.bind-api/2.3.2/jakarta.xml.bind-api-2.3.2.jar:/home/runner/.m2/repository/org/codehaus/woodstox/stax2-api/3.1.4/stax2-api-3.1.4.jar:/home/runner/.m2/repository/com/fasterxml/woodstox/woodstox-core/5.0.3/woodstox-core-5.0.3.jar:/home/runner/.m2/repository/javax/enterprise/cdi-api/1.2/cdi-api-1.2.jar:/home/runner/.m2/repository/javax/el/javax.el-api/3.0.0/javax.el-api-3.0.0.jar:/home/runner/.m2/repository/javax/interceptor/javax.interceptor-api/1.2/javax.interceptor-api-1.2.jar:/home/runner/.m2/repository/javax/inject/javax.inject/1/javax.inject-1.jar:/home/runner/.m2/repository/javax/xml/bind/jaxb-api/2.3.0/jaxb-api-2.3.0.jar:/home/runner/.m2/repository/org/glassfish/jaxb/jaxb-runtime/2.3.0.1/jaxb-runtime-2.3.0.1.jar:/home/runner/.m2/repository/org/glassfish/jaxb/jaxb-core/2.3.0.1/jaxb-core-2.3.0.1.jar:/home/runner/.m2/repository/org/glassfish/jaxb/txw2/2.3.0.1/txw2-2.3.0.1.jar:/home/runner/.m2/repository/com/sun/istack/istack-commons-runtime/3.0.5/istack-commons-runtime-3.0.5.jar:/home/runner/.m2/repository/org/jvnet/staxex/stax-ex/1.7.8/stax-ex-1.7.8.jar:/home/runner/.m2/repository/com/sun/xml/fastinfoset/FastInfoset/1.2.13/FastInfoset-1.2.13.jar:/home/runner/.m2/repository/javax/activation/activation/1.1.1/activation-1.1.1.jar:/home/runner/.m2/repository/org/apache/ozone/ozone-csi/1.3.0-SNAPSHOT/ozone-csi-1.3.0-SNAPSHOT.jar:/home/runner/.m2/repository/com/google/protobuf/protobuf-java-util/3.12.0/protobuf-java-util-3.12.0.jar:/home/runner/.m2/repository/com/google/code/gson/gson/2.2.4/gson-2.2.4.jar:/home/runner/.m2/repository/org/apache/ozone/hdds-config/1.3.0-SNAPSHOT/hdds-config-1.3.0-SNAPSHOT.jar:/home/runner/.m2/repository/io/grpc/grpc-netty/1.33.0/grpc-netty-1.33.0.jar:/home/runner/.m2/repository/io/grpc/grpc-core/1.33.0/grpc-core-1.33.0.jar:/home/runner/.m2/repository/com/google/android/annotations/4.1.1.4/annotations-4.1.1.4.jar:/home/runner/.m2/repository/io/netty/netty-codec-http2/4.1.63.Final/netty-codec-http2-4.1.63.Final.jar:/home/runner/.m2/repository/io/netty/netty-codec-http/4.1.63.Final/netty-codec-http-4.1.63.Final.jar:/home/runner/.m2/repository/io/netty/netty-handler-proxy/4.1.63.Final/netty-handler-proxy-4.1.63.Final.jar:/home/runner/.m2/repository/io/netty/netty-codec-socks/4.1.63.Final/netty-codec-socks-4.1.63.Final.jar:/home/runner/.m2/repository/io/perfmark/perfmark-api/0.19.0/perfmark-api-0.19.0.jar:/home/runner/.m2/repository/org/codehaus/mojo/animal-sniffer-annotations/1.18/animal-sniffer-annotations-1.18.jar:/home/runner/.m2/repository/io/netty/netty-transport-native-epoll/4.1.63.Final/netty-transport-native-epoll-4.1.63.Final.jar:/home/runner/.m2/repository/io/netty/netty-common/4.1.63.Final/netty-common-4.1.63.Final.jar:/home/runner/.m2/repository/io/netty/netty-buffer/4.1.63.Final/netty-buffer-4.1.63.Final.jar:/home/runner/.m2/repository/io/netty/netty-transport-native-unix-common/4.1.63.Final/netty-transport-native-unix-common-4.1.63.Final.jar:/home/runner/.m2/repository/io/grpc/grpc-protobuf/1.33.0/grpc-protobuf-1.33.0.jar:/home/runner/.m2/repository/io/grpc/grpc-api/1.33.0/grpc-api-1.33.0.jar:/home/runner/.m2/repository/io/grpc/grpc-context/1.33.0/grpc-context-1.33.0.jar:/home/runner/.m2/repository/com/google/api/grpc/proto-google-common-protos/1.17.0/proto-google-common-protos-1.17.0.jar:/home/runner/.m2/repository/io/grpc/grpc-protobuf-lite/1.33.0/grpc-protobuf-lite-1.33.0.jar:/home/runner/.m2/repository/io/grpc/grpc-stub/1.33.0/grpc-stub-1.33.0.jar:/home/runner/.m2/repository/org/apache/ozone/ozone-recon/1.3.0-SNAPSHOT/ozone-recon-1.3.0-SNAPSHOT.jar:/home/runner/.m2/repository/org/apache/ozone/ozone-reconcodegen/1.3.0-SNAPSHOT/ozone-reconcodegen-1.3.0-SNAPSHOT.jar:/home/runner/.m2/repository/com/google/inject/extensions/guice-multibindings/4.0/guice-multibindings-4.0.jar:/home/runner/.m2/repository/com/google/inject/guice/4.0/guice-4.0.jar:/home/runner/.m2/repository/aopalliance/aopalliance/1.0/aopalliance-1.0.jar:/home/runner/.m2/repository/com/google/inject/extensions/guice-assistedinject/4.0/guice-assistedinject-4.0.jar:/home/runner/.m2/repository/com/google/inject/extensions/guice-servlet/4.0/guice-servlet-4.0.jar:/home/runner/.m2/repository/org/glassfish/jersey/containers/jersey-container-servlet/2.33/jersey-container-servlet-2.33.jar:/home/runner/.m2/repository/org/glassfish/hk2/guice-bridge/2.5.0/guice-bridge-2.5.0.jar:/home/runner/.m2/repository/org/glassfish/jersey/core/jersey-server/2.33/jersey-server-2.33.jar:/home/runner/.m2/repository/org/glassfish/jersey/core/jersey-client/2.33/jersey-client-2.33.jar:/home/runner/.m2/repository/jakarta/annotation/jakarta.annotation-api/1.3.5/jakarta.annotation-api-1.3.5.jar:/home/runner/.m2/repository/jakarta/validation/jakarta.validation-api/2.0.2/jakarta.validation-api-2.0.2.jar:/home/runner/.m2/repository/org/glassfish/jersey/media/jersey-media-json-jackson/2.33/jersey-media-json-jackson-2.33.jar:/home/runner/.m2/repository/org/glassfish/jersey/ext/jersey-entity-filtering/2.33/jersey-entity-filtering-2.33.jar:/home/runner/.m2/repository/org/jooq/jooq/3.11.10/jooq-3.11.10.jar:/home/runner/.m2/repository/org/jooq/jooq-meta/3.11.10/jooq-meta-3.11.10.jar:/home/runner/.m2/repository/org/jooq/jooq-codegen/3.11.10/jooq-codegen-3.11.10.jar:/home/runner/.m2/repository/com/jolbox/bonecp/0.8.0.RELEASE/bonecp-0.8.0.RELEASE.jar:/home/runner/.m2/repository/org/apache/derby/derby/10.14.2.0/derby-10.14.2.0.jar:/home/runner/.m2/repository/org/xerial/sqlite-jdbc/3.25.2/sqlite-jdbc-3.25.2.jar:/home/runner/.m2/repository/org/springframework/spring-jdbc/5.2.18.RELEASE/spring-jdbc-5.2.18.RELEASE.jar:/home/runner/.m2/repository/org/springframework/spring-beans/5.2.18.RELEASE/spring-beans-5.2.18.RELEASE.jar:/home/runner/.m2/repository/org/springframework/spring-core/5.2.18.RELEASE/spring-core-5.2.18.RELEASE.jar:/home/runner/.m2/repository/org/springframework/spring-jcl/5.2.18.RELEASE/spring-jcl-5.2.18.RELEASE.jar:/home/runner/.m2/repository/org/springframework/spring-tx/5.2.18.RELEASE/spring-tx-5.2.18.RELEASE.jar:/home/runner/.m2/repository/org/apache/ozone/ozone-client/1.3.0-SNAPSHOT/ozone-client-1.3.0-SNAPSHOT.jar:/home/runner/.m2/repository/org/apache/ozone/ozone-filesystem/1.3.0-SNAPSHOT/ozone-filesystem-1.3.0-SNAPSHOT.jar:/home/runner/.m2/repository/org/apache/ozone/ozone-filesystem-common/1.3.0-SNAPSHOT/ozone-filesystem-common-1.3.0-SNAPSHOT.jar:/home/runner/.m2/repository/org/apache/ozone/ozone-tools/1.3.0-SNAPSHOT/ozone-tools-1.3.0-SNAPSHOT.jar:/home/runner/.m2/repository/org/apache/ratis/ratis-tools/2.2.0/ratis-tools-2.2.0.jar:/home/runner/.m2/repository/com/amazonaws/aws-java-sdk-core/1.11.1034/aws-java-sdk-core-1.11.1034.jar:/home/runner/.m2/repository/org/apache/httpcomponents/httpclient/4.5.13/httpclient-4.5.13.jar:/home/runner/.m2/repository/org/apache/httpcomponents/httpcore/4.4.13/httpcore-4.4.13.jar:/home/runner/.m2/repository/software/amazon/ion/ion-java/1.0.2/ion-java-1.0.2.jar:/home/runner/.m2/repository/com/fasterxml/jackson/dataformat/jackson-dataformat-cbor/2.12.1/jackson-dataformat-cbor-2.12.1.jar:/home/runner/.m2/repository/joda-time/joda-time/2.8.1/joda-time-2.8.1.jar:/home/runner/.m2/repository/com/amazonaws/aws-java-sdk-s3/1.11.1034/aws-java-sdk-s3-1.11.1034.jar:/home/runner/.m2/repository/com/amazonaws/aws-java-sdk-kms/1.11.1034/aws-java-sdk-kms-1.11.1034.jar:/home/runner/.m2/repository/com/amazonaws/jmespath-java/1.11.1034/jmespath-java-1.11.1034.jar:/home/runner/.m2/repository/org/kohsuke/metainf-services/metainf-services/1.8/metainf-services-1.8.jar:/home/runner/.m2/repository/org/apache/ozone/hdds-tools/1.3.0-SNAPSHOT/hdds-tools-1.3.0-SNAPSHOT.jar:/home/runner/.m2/repository/commons-cli/commons-cli/1.2/commons-cli-1.2.jar:/home/runner/.m2/repository/org/apache/commons/commons-lang3/3.7/commons-lang3-3.7.jar:/home/runner/.m2/repository/org/apache/ozone/ozone-manager/1.3.0-SNAPSHOT/ozone-manager-1.3.0-SNAPSHOT-tests.jar:/home/runner/.m2/repository/org/apache/ozone/hdds-common/1.3.0-SNAPSHOT/hdds-common-1.3.0-SNAPSHOT-tests.jar:/home/runner/.m2/repository/org/apache/ozone/hdds-hadoop-dependency-client/1.3.0-SNAPSHOT/hdds-hadoop-dependency-client-1.3.0-SNAPSHOT.jar:/home/runner/.m2/repository/info/picocli/picocli/4.6.1/picocli-4.6.1.jar:/home/runner/.m2/repository/com/fasterxml/jackson/core/jackson-annotations/2.12.1/jackson-annotations-2.12.1.jar:/home/runner/.m2/repository/javax/annotation/javax.annotation-api/1.2/javax.annotation-api-1.2.jar:/home/runner/.m2/repository/org/apache/ratis/ratis-server/2.2.0/ratis-server-2.2.0.jar:/home/runner/.m2/repository/org/apache/ratis/ratis-client/2.2.0/ratis-client-2.2.0.jar:/home/runner/.m2/repository/org/apache/ratis/ratis-server-api/2.2.0/ratis-server-api-2.2.0.jar:/home/runner/.m2/repository/org/apache/ratis/ratis-metrics/2.2.0/ratis-metrics-2.2.0.jar:/home/runner/.m2/repository/org/apache/ratis/ratis-netty/2.2.0/ratis-netty-2.2.0.jar:/home/runner/.m2/repository/org/apache/ratis/ratis-grpc/2.2.0/ratis-grpc-2.2.0.jar:/home/runner/.m2/repository/org/apache/logging/log4j/log4j-api/2.13.3/log4j-api-2.13.3.jar:/home/runner/.m2/repository/org/apache/logging/log4j/log4j-core/2.13.3/log4j-core-2.13.3.jar:/home/runner/.m2/repository/com/lmax/disruptor/3.4.2/disruptor-3.4.2.jar:/home/runner/.m2/repository/org/apache/commons/commons-pool2/2.6.0/commons-pool2-2.6.0.jar:/home/runner/.m2/repository/org/bouncycastle/bcpkix-jdk15on/1.67/bcpkix-jdk15on-1.67.jar:/home/runner/.m2/repository/commons-validator/commons-validator/1.6/commons-validator-1.6.jar:/home/runner/.m2/repository/commons-beanutils/commons-beanutils/1.9.4/commons-beanutils-1.9.4.jar:/home/runner/.m2/repository/commons-digester/commons-digester/1.8.1/commons-digester-1.8.1.jar:/home/runner/.m2/repository/commons-collections/commons-collections/3.2.2/commons-collections-3.2.2.jar:/home/runner/.m2/repository/io/jaegertracing/jaeger-client/1.6.0/jaeger-client-1.6.0.jar:/home/runner/.m2/repository/io/jaegertracing/jaeger-thrift/1.6.0/jaeger-thrift-1.6.0.jar:/home/runner/.m2/repository/org/apache/thrift/libthrift/0.14.1/libthrift-0.14.1.jar:/home/runner/.m2/repository/com/squareup/okhttp3/okhttp/4.9.0/okhttp-4.9.0.jar:/home/runner/.m2/repository/com/squareup/okio/okio/2.8.0/okio-2.8.0.jar:/home/runner/.m2/repository/io/jaegertracing/jaeger-core/1.6.0/jaeger-core-1.6.0.jar:/home/runner/.m2/repository/io/jaegertracing/jaeger-tracerresolver/1.6.0/jaeger-tracerresolver-1.6.0.jar:/home/runner/.m2/repository/io/opentracing/contrib/opentracing-tracerresolver/0.1.8/opentracing-tracerresolver-0.1.8.jar:/home/runner/.m2/repository/org/jetbrains/kotlin/kotlin-stdlib/1.4.31/kotlin-stdlib-1.4.31.jar:/home/runner/.m2/repository/org/jetbrains/kotlin/kotlin-stdlib-common/1.4.31/kotlin-stdlib-common-1.4.31.jar:/home/runner/.m2/repository/org/jetbrains/annotations/13.0/annotations-13.0.jar:/home/runner/.m2/repository/io/opentracing/opentracing-util/0.33.0/opentracing-util-0.33.0.jar:/home/runner/.m2/repository/io/opentracing/opentracing-api/0.33.0/opentracing-api-0.33.0.jar:/home/runner/.m2/repository/io/opentracing/opentracing-noop/0.33.0/opentracing-noop-0.33.0.jar:/home/runner/.m2/repository/org/yaml/snakeyaml/1.26/snakeyaml-1.26.jar:/home/runner/.m2/repository/org/apache/ozone/hdds-interface-admin/1.3.0-SNAPSHOT/hdds-interface-admin-1.3.0-SNAPSHOT.jar:/home/runner/.m2/repository/junit/junit/4.13.1/junit-4.13.1.jar:/home/runner/.m2/repository/org/hamcrest/hamcrest-core/1.3/hamcrest-core-1.3.jar:/home/runner/.m2/repository/org/junit/jupiter/junit-jupiter-api/5.7.0/junit-jupiter-api-5.7.0.jar:/home/runner/.m2/repository/org/apiguardian/apiguardian-api/1.1.0/apiguardian-api-1.1.0.jar:/home/runner/.m2/repository/org/opentest4j/opentest4j/1.2.0/opentest4j-1.2.0.jar:/home/runner/.m2/repository/org/junit/platform/junit-platform-commons/1.7.0/junit-platform-commons-1.7.0.jar:/home/runner/.m2/repository/org/junit/jupiter/junit-jupiter-engine/5.7.0/junit-jupiter-engine-5.7.0.jar:/home/runner/.m2/repository/org/junit/platform/junit-platform-engine/1.7.0/junit-platform-engine-1.7.0.jar:/home/runner/.m2/repository/org/junit/vintage/junit-vintage-engine/5.7.0/junit-vintage-engine-5.7.0.jar:/home/runner/.m2/repository/org/junit/platform/junit-platform-launcher/1.7.0/junit-platform-launcher-1.7.0.jar:/home/runner/.m2/repository/org/openjdk/jmh/jmh-core/1.19/jmh-core-1.19.jar:/home/runner/.m2/repository/net/sf/jopt-simple/jopt-simple/4.6/jopt-simple-4.6.jar:/home/runner/.m2/repository/org/apache/commons/commons-math3/3.1.1/commons-math3-3.1.1.jar:/home/runner/.m2/repository/org/openjdk/jmh/jmh-generator-annprocess/1.19/jmh-generator-annprocess-1.19.jar:/home/runner/.m2/repository/org/mockito/mockito-core/2.28.2/mockito-core-2.28.2.jar:/home/runner/.m2/repository/net/bytebuddy/byte-buddy/1.9.10/byte-buddy-1.9.10.jar:/home/runner/.m2/repository/net/bytebuddy/byte-buddy-agent/1.9.10/byte-buddy-agent-1.9.10.jar:/home/runner/.m2/repository/org/objenesis/objenesis/1.0/objenesis-1.0.jar:/home/runner/.m2/repository/org/apache/hadoop/hadoop-kms/3.3.1/hadoop-kms-3.3.1.jar:/home/runner/.m2/repository/org/apache/hadoop/hadoop-auth/3.3.1/hadoop-auth-3.3.1.jar:/home/runner/.m2/repository/com/nimbusds/nimbus-jose-jwt/7.9/nimbus-jose-jwt-7.9.jar:/home/runner/.m2/repository/com/github/stephenc/jcip/jcip-annotations/1.0-1/jcip-annotations-1.0-1.jar:/home/runner/.m2/repository/net/minidev/json-smart/2.3.1/json-smart-2.3.1.jar:/home/runner/.m2/repository/net/minidev/accessors-smart/2.3.1/accessors-smart-2.3.1.jar:/home/runner/.m2/repository/org/ow2/asm/asm/5.0.4/asm-5.0.4.jar:/home/runner/.m2/repository/org/apache/zookeeper/zookeeper/3.5.6/zookeeper-3.5.6.jar:/home/runner/.m2/repository/org/apache/zookeeper/zookeeper-jute/3.5.6/zookeeper-jute-3.5.6.jar:/home/runner/.m2/repository/org/apache/yetus/audience-annotations/0.5.0/audience-annotations-0.5.0.jar:/home/runner/.m2/repository/org/apache/curator/curator-framework/4.2.0/curator-framework-4.2.0.jar:/home/runner/.m2/repository/org/apache/hadoop/thirdparty/hadoop-shaded-guava/1.1.1/hadoop-shaded-guava-1.1.1.jar:/home/runner/.m2/repository/com/sun/jersey/jersey-core/1.19/jersey-core-1.19.jar:/home/runner/.m2/repository/javax/ws/rs/jsr311-api/1.1.1/jsr311-api-1.1.1.jar:/home/runner/.m2/repository/com/sun/jersey/jersey-server/1.19/jersey-server-1.19.jar:/home/runner/.m2/repository/javax/servlet/javax.servlet-api/3.1.0/javax.servlet-api-3.1.0.jar:/home/runner/.m2/repository/org/eclipse/jetty/jetty-server/9.4.43.v20210629/jetty-server-9.4.43.v20210629.jar:/home/runner/.m2/repository/org/eclipse/jetty/jetty-http/9.4.43.v20210629/jetty-http-9.4.43.v20210629.jar:/home/runner/.m2/repository/org/eclipse/jetty/jetty-io/9.4.43.v20210629/jetty-io-9.4.43.v20210629.jar:/home/runner/.m2/repository/org/eclipse/jetty/jetty-webapp/9.4.43.v20210629/jetty-webapp-9.4.43.v20210629.jar:/home/runner/.m2/repository/org/eclipse/jetty/jetty-xml/9.4.43.v20210629/jetty-xml-9.4.43.v20210629.jar:/home/runner/.m2/repository/org/apache/hadoop/hadoop-common/3.3.1/hadoop-common-3.3.1.jar:/home/runner/.m2/repository/commons-net/commons-net/3.6/commons-net-3.6.jar:/home/runner/.m2/repository/jakarta/activation/jakarta.activation-api/1.2.1/jakarta.activation-api-1.2.1.jar:/home/runner/.m2/repository/com/sun/jersey/jersey-servlet/1.19/jersey-servlet-1.19.jar:/home/runner/.m2/repository/com/sun/jersey/jersey-json/1.19/jersey-json-1.19.jar:/home/runner/.m2/repository/org/codehaus/jettison/jettison/1.1/jettison-1.1.jar:/home/runner/.m2/repository/com/sun/xml/bind/jaxb-impl/2.2.3-1/jaxb-impl-2.2.3-1.jar:/home/runner/.m2/repository/org/codehaus/jackson/jackson-jaxrs/1.9.2/jackson-jaxrs-1.9.2.jar:/home/runner/.m2/repository/org/codehaus/jackson/jackson-xc/1.9.2/jackson-xc-1.9.2.jar:/home/runner/.m2/repository/org/apache/commons/commons-configuration2/2.1.1/commons-configuration2-2.1.1.jar:/home/runner/.m2/repository/org/apache/commons/commons-text/1.4/commons-text-1.4.jar:/home/runner/.m2/repository/com/google/re2j/re2j/1.1/re2j-1.1.jar:/home/runner/.m2/repository/com/jcraft/jsch/0.1.54/jsch-0.1.54.jar:/home/runner/.m2/repository/org/apache/curator/curator-client/4.2.0/curator-client-4.2.0.jar:/home/runner/.m2/repository/org/apache/curator/curator-recipes/4.2.0/curator-recipes-4.2.0.jar:/home/runner/.m2/repository/org/apache/kerby/kerb-core/1.0.1/kerb-core-1.0.1.jar:/home/runner/.m2/repository/org/apache/kerby/kerby-pkix/1.0.1/kerby-pkix-1.0.1.jar:/home/runner/.m2/repository/org/apache/kerby/kerby-asn1/1.0.1/kerby-asn1-1.0.1.jar:/home/runner/.m2/repository/org/apache/kerby/kerby-util/1.0.1/kerby-util-1.0.1.jar:/home/runner/.m2/repository/dnsjava/dnsjava/2.1.7/dnsjava-2.1.7.jar:/home/runner/.m2/repository/org/xerial/snappy/snappy-java/1.1.8.2/snappy-java-1.1.8.2.jar:/home/runner/.m2/repository/org/slf4j/jul-to-slf4j/1.7.30/jul-to-slf4j-1.7.30.jar:/home/runner/.m2/repository/org/eclipse/jetty/jetty-util/9.4.43.v20210629/jetty-util-9.4.43.v20210629.jar:/home/runner/.m2/repository/com/fasterxml/jackson/core/jackson-databind/2.12.1/jackson-databind-2.12.1.jar:/home/runner/.m2/repository/org/apache/hadoop/hadoop-kms/3.3.1/hadoop-kms-3.3.1-tests.jar:/home/runner/.m2/repository/org/apache/ozone/hdds-server-scm/1.3.0-SNAPSHOT/hdds-server-scm-1.3.0-SNAPSHOT-tests.jar:/home/runner/.m2/repository/org/apache/ozone/hdds-container-service/1.3.0-SNAPSHOT/hdds-container-service-1.3.0-SNAPSHOT-tests.jar:/home/runner/.m2/repository/commons-codec/commons-codec/1.11/commons-codec-1.11.jar:/home/runner/.m2/repository/io/netty/netty-transport/4.1.63.Final/netty-transport-4.1.63.Final.jar:/home/runner/.m2/repository/io/netty/netty-resolver/4.1.63.Final/netty-resolver-4.1.63.Final.jar:/home/runner/.m2/repository/io/netty/netty-codec/4.1.63.Final/netty-codec-4.1.63.Final.jar:/home/runner/.m2/repository/io/netty/netty-handler/4.1.63.Final/netty-handler-4.1.63.Final.jar:/home/runner/.m2/repository/org/apache/ozone/hdds-hadoop-dependency-test/1.3.0-SNAPSHOT/hdds-hadoop-dependency-test-1.3.0-SNAPSHOT.jar:/home/runner/.m2/repository/org/apache/hadoop/hadoop-common/3.3.1/hadoop-common-3.3.1-tests.jar:/home/runner/.m2/repository/org/assertj/assertj-core/3.12.2/assertj-core-3.12.2.jar:/home/runner/.m2/repository/org/apache/hadoop/hadoop-hdfs/3.3.1/hadoop-hdfs-3.3.1-tests.jar:/home/runner/.m2/repository/org/eclipse/jetty/jetty-util-ajax/9.4.43.v20210629/jetty-util-ajax-9.4.43.v20210629.jar:/home/runner/.m2/repository/commons-daemon/commons-daemon/1.0.13/commons-daemon-1.0.13.jar:/home/runner/.m2/repository/io/netty/netty/3.10.6.Final/netty-3.10.6.Final.jar:/home/runner/.m2/repository/io/netty/netty-all/4.1.63.Final/netty-all-4.1.63.Final.jar:/home/runner/.m2/repository/org/apache/htrace/htrace-core4/4.1.0-incubating/htrace-core4-4.1.0-incubating.jar:/home/runner/.m2/repository/org/fusesource/leveldbjni/leveldbjni-all/1.8/leveldbjni-all-1.8.jar:/home/runner/.m2/repository/org/apache/hadoop/hadoop-distcp/3.3.1/hadoop-distcp-3.3.1.jar:/home/runner/.m2/repository/org/apache/hadoop/hadoop-mapreduce-client-jobclient/3.3.1/hadoop-mapreduce-client-jobclient-3.3.1.jar:/home/runner/.m2/repository/org/apache/hadoop/hadoop-mapreduce-client-common/3.3.1/hadoop-mapreduce-client-common-3.3.1.jar:/home/runner/.m2/repository/org/apache/hadoop/hadoop-yarn-common/3.3.1/hadoop-yarn-common-3.3.1.jar:/home/runner/.m2/repository/org/apache/hadoop/hadoop-yarn-api/3.3.1/hadoop-yarn-api-3.3.1.jar:/home/runner/.m2/repository/com/sun/jersey/jersey-client/1.19/jersey-client-1.19.jar:/home/runner/.m2/repository/com/sun/jersey/contribs/jersey-guice/1.19/jersey-guice-1.19.jar:/home/runner/.m2/repository/com/fasterxml/jackson/jaxrs/jackson-jaxrs-json-provider/2.12.1/jackson-jaxrs-json-provider-2.12.1.jar:/home/runner/.m2/repository/com/fasterxml/jackson/jaxrs/jackson-jaxrs-base/2.12.1/jackson-jaxrs-base-2.12.1.jar:/home/runner/.m2/repository/org/apache/hadoop/hadoop-yarn-client/3.3.1/hadoop-yarn-client-3.3.1.jar:/home/runner/.m2/repository/org/eclipse/jetty/websocket/websocket-client/9.4.40.v20210413/websocket-client-9.4.40.v20210413.jar:/home/runner/.m2/repository/org/eclipse/jetty/jetty-client/9.4.40.v20210413/jetty-client-9.4.40.v20210413.jar:/home/runner/.m2/repository/org/eclipse/jetty/websocket/websocket-common/9.4.40.v20210413/websocket-common-9.4.40.v20210413.jar:/home/runner/.m2/repository/org/eclipse/jetty/websocket/websocket-api/9.4.40.v20210413/websocket-api-9.4.40.v20210413.jar:/home/runner/.m2/repository/org/jline/jline/3.9.0/jline-3.9.0.jar:/home/runner/.m2/repository/org/apache/hadoop/hadoop-mapreduce-client-core/3.3.1/hadoop-mapreduce-client-core-3.3.1.jar:/home/runner/.m2/repository/org/apache/avro/avro/1.7.7/avro-1.7.7.jar:/home/runner/.m2/repository/org/codehaus/jackson/jackson-core-asl/1.9.13/jackson-core-asl-1.9.13.jar:/home/runner/.m2/repository/org/codehaus/jackson/jackson-mapper-asl/1.9.13/jackson-mapper-asl-1.9.13.jar:/home/runner/.m2/repository/com/thoughtworks/paranamer/paranamer/2.3/paranamer-2.3.jar:/home/runner/.m2/repository/org/apache/hadoop/hadoop-annotations/3.3.1/hadoop-annotations-3.3.1.jar:/usr/lib/jvm/adoptopenjdk-8-hotspot-amd64/jre/../lib/tools.jar:/home/runner/.m2/repository/org/apache/hadoop/hadoop-distcp/3.3.1/hadoop-distcp-3.3.1-tests.jar:/home/runner/.m2/repository/org/apache/ratis/ratis-common/2.2.0/ratis-common-2.2.0.jar:/home/runner/.m2/repository/org/apache/ratis/ratis-thirdparty-misc/0.7.0/ratis-thirdparty-misc-0.7.0.jar:/home/runner/.m2/repository/org/apache/ratis/ratis-proto/2.2.0/ratis-proto-2.2.0.jar:"/>
    <property name="java.vm.vendor" value="AdoptOpenJDK"/>
    <property name="sun.arch.data.model" value="64"/>
    <property name="test.build.dir" value="/home/runner/work/ozone/ozone/hadoop-ozone/integration-test/target/test-dir"/>
    <property name="test.cache.data" value=""/>
    <property name="java.vendor.url" value="https://adoptopenjdk.net/"/>
    <property name="user.timezone" value=""/>
    <property name="java.vm.specification.version" value="1.8"/>
    <property name="os.name" value="Linux"/>
    <property name="test.build.data" value="/home/runner/work/ozone/ozone/hadoop-ozone/integration-test/target/test-dir"/>
    <property name="sun.java.launcher" value="SUN_STANDARD"/>
    <property name="sun.boot.library.path" value="/usr/lib/jvm/adoptopenjdk-8-hotspot-amd64/jre/lib/amd64"/>
    <property name="sun.java.command" value="/home/runner/work/ozone/ozone/hadoop-ozone/integration-test/target/surefire/surefirebooter3749263407311508890.jar /home/runner/work/ozone/ozone/hadoop-ozone/integration-test/target/surefire 2021-12-02T10-06-36_026-jvmRun1 surefire4570210462707837657tmp surefire_346958132807423531295tmp"/>
    <property name="surefire.test.class.path" value="/home/runner/work/ozone/ozone/hadoop-ozone/integration-test/target/test-classes:/home/runner/work/ozone/ozone/hadoop-ozone/integration-test/target/classes:/home/runner/.m2/repository/org/apache/ozone/ozone-common/1.3.0-SNAPSHOT/ozone-common-1.3.0-SNAPSHOT.jar:/home/runner/.m2/repository/org/apache/commons/commons-compress/1.21/commons-compress-1.21.jar:/home/runner/.m2/repository/org/apache/ozone/hdds-common/1.3.0-SNAPSHOT/hdds-common-1.3.0-SNAPSHOT.jar:/home/runner/.m2/repository/org/apache/ozone/hdds-client/1.3.0-SNAPSHOT/hdds-client-1.3.0-SNAPSHOT.jar:/home/runner/.m2/repository/org/apache/ozone/ozone-interface-client/1.3.0-SNAPSHOT/ozone-interface-client-1.3.0-SNAPSHOT.jar:/home/runner/.m2/repository/org/apache/ozone/hdds-test-utils/1.3.0-SNAPSHOT/hdds-test-utils-1.3.0-SNAPSHOT.jar:/home/runner/.m2/repository/com/google/guava/guava/30.1.1-jre/guava-30.1.1-jre.jar:/home/runner/.m2/repository/com/google/guava/failureaccess/1.0.1/failureaccess-1.0.1.jar:/home/runner/.m2/repository/com/google/guava/listenablefuture/9999.0-empty-to-avoid-conflict-with-guava/listenablefuture-9999.0-empty-to-avoid-conflict-with-guava.jar:/home/runner/.m2/repository/com/google/code/findbugs/jsr305/3.0.0/jsr305-3.0.0.jar:/home/runner/.m2/repository/org/checkerframework/checker-qual/3.8.0/checker-qual-3.8.0.jar:/home/runner/.m2/repository/com/google/errorprone/error_prone_annotations/2.2.0/error_prone_annotations-2.2.0.jar:/home/runner/.m2/repository/com/google/j2objc/j2objc-annotations/1.3/j2objc-annotations-1.3.jar:/home/runner/.m2/repository/commons-io/commons-io/2.11.0/commons-io-2.11.0.jar:/home/runner/.m2/repository/commons-logging/commons-logging/1.2/commons-logging-1.2.jar:/home/runner/.m2/repository/log4j/log4j/1.2.17/log4j-1.2.17.jar:/home/runner/.m2/repository/org/slf4j/slf4j-api/1.7.30/slf4j-api-1.7.30.jar:/home/runner/.m2/repository/org/apache/ozone/hdds-server-scm/1.3.0-SNAPSHOT/hdds-server-scm-1.3.0-SNAPSHOT.jar:/home/runner/.m2/repository/org/apache/ozone/hdds-container-service/1.3.0-SNAPSHOT/hdds-container-service-1.3.0-SNAPSHOT.jar:/home/runner/.m2/repository/org/apache/ozone/hdds-hadoop-dependency-server/1.3.0-SNAPSHOT/hdds-hadoop-dependency-server-1.3.0-SNAPSHOT.jar:/home/runner/.m2/repository/org/apache/hadoop/hadoop-hdfs/3.3.1/hadoop-hdfs-3.3.1.jar:/home/runner/.m2/repository/org/apache/ozone/hdds-server-framework/1.3.0-SNAPSHOT/hdds-server-framework-1.3.0-SNAPSHOT.jar:/home/runner/.m2/repository/org/apache/ozone/hdds-interface-server/1.3.0-SNAPSHOT/hdds-interface-server-1.3.0-SNAPSHOT.jar:/home/runner/.m2/repository/org/eclipse/jetty/jetty-servlet/9.4.43.v20210629/jetty-servlet-9.4.43.v20210629.jar:/home/runner/.m2/repository/org/eclipse/jetty/jetty-security/9.4.43.v20210629/jetty-security-9.4.43.v20210629.jar:/home/runner/.m2/repository/org/rocksdb/rocksdbjni/6.25.3/rocksdbjni-6.25.3.jar:/home/runner/.m2/repository/io/prometheus/simpleclient_dropwizard/0.7.0/simpleclient_dropwizard-0.7.0.jar:/home/runner/.m2/repository/io/prometheus/simpleclient/0.7.0/simpleclient-0.7.0.jar:/home/runner/.m2/repository/io/prometheus/simpleclient_common/0.7.0/simpleclient_common-0.7.0.jar:/home/runner/.m2/repository/com/fasterxml/jackson/datatype/jackson-datatype-jsr310/2.12.1/jackson-datatype-jsr310-2.12.1.jar:/home/runner/.m2/repository/io/dropwizard/metrics/metrics-core/3.2.4/metrics-core-3.2.4.jar:/home/runner/.m2/repository/org/apache/hadoop/hadoop-hdfs-client/3.3.1/hadoop-hdfs-client-3.3.1.jar:/home/runner/.m2/repository/org/bouncycastle/bcprov-jdk15on/1.67/bcprov-jdk15on-1.67.jar:/home/runner/.m2/repository/com/google/protobuf/protobuf-java/2.5.0/protobuf-java-2.5.0.jar:/home/runner/.m2/repository/org/apache/ozone/ozone-manager/1.3.0-SNAPSHOT/ozone-manager-1.3.0-SNAPSHOT.jar:/home/runner/.m2/repository/org/aspectj/aspectjrt/1.9.7/aspectjrt-1.9.7.jar:/home/runner/.m2/repository/org/aspectj/aspectjweaver/1.9.7/aspectjweaver-1.9.7.jar:/home/runner/.m2/repository/org/apache/ozone/hdds-interface-client/1.3.0-SNAPSHOT/hdds-interface-client-1.3.0-SNAPSHOT.jar:/home/runner/.m2/repository/org/apache/hadoop/thirdparty/hadoop-shaded-protobuf_3_7/1.1.1/hadoop-shaded-protobuf_3_7-1.1.1.jar:/home/runner/.m2/repository/org/apache/ozone/ozone-interface-storage/1.3.0-SNAPSHOT/ozone-interface-storage-1.3.0-SNAPSHOT.jar:/home/runner/.m2/repository/org/reflections/reflections/0.9.11/reflections-0.9.11.jar:/home/runner/.m2/repository/org/apache/hadoop/hadoop-minikdc/3.3.1/hadoop-minikdc-3.3.1.jar:/home/runner/.m2/repository/org/apache/kerby/kerb-simplekdc/1.0.1/kerb-simplekdc-1.0.1.jar:/home/runner/.m2/repository/org/apache/kerby/kerb-client/1.0.1/kerb-client-1.0.1.jar:/home/runner/.m2/repository/org/apache/kerby/kerby-config/1.0.1/kerby-config-1.0.1.jar:/home/runner/.m2/repository/org/apache/kerby/kerb-common/1.0.1/kerb-common-1.0.1.jar:/home/runner/.m2/repository/org/apache/kerby/kerb-crypto/1.0.1/kerb-crypto-1.0.1.jar:/home/runner/.m2/repository/org/apache/kerby/kerb-util/1.0.1/kerb-util-1.0.1.jar:/home/runner/.m2/repository/org/apache/kerby/token-provider/1.0.1/token-provider-1.0.1.jar:/home/runner/.m2/repository/org/apache/kerby/kerb-admin/1.0.1/kerb-admin-1.0.1.jar:/home/runner/.m2/repository/org/apache/kerby/kerb-server/1.0.1/kerb-server-1.0.1.jar:/home/runner/.m2/repository/org/apache/kerby/kerb-identity/1.0.1/kerb-identity-1.0.1.jar:/home/runner/.m2/repository/org/apache/kerby/kerby-xdr/1.0.1/kerby-xdr-1.0.1.jar:/home/runner/.m2/repository/org/slf4j/slf4j-log4j12/1.7.30/slf4j-log4j12-1.7.30.jar:/home/runner/.m2/repository/org/apache/ozone/ozone-s3gateway/1.3.0-SNAPSHOT/ozone-s3gateway-1.3.0-SNAPSHOT.jar:/home/runner/.m2/repository/org/javassist/javassist/3.21.0-GA/javassist-3.21.0-GA.jar:/home/runner/.m2/repository/org/jboss/weld/servlet/weld-servlet/2.4.7.Final/weld-servlet-2.4.7.Final.jar:/home/runner/.m2/repository/org/glassfish/jersey/containers/jersey-container-servlet-core/2.33/jersey-container-servlet-core-2.33.jar:/home/runner/.m2/repository/org/glassfish/hk2/external/jakarta.inject/2.6.1/jakarta.inject-2.6.1.jar:/home/runner/.m2/repository/org/glassfish/jersey/core/jersey-common/2.33/jersey-common-2.33.jar:/home/runner/.m2/repository/jakarta/ws/rs/jakarta.ws.rs-api/2.1.6/jakarta.ws.rs-api-2.1.6.jar:/home/runner/.m2/repository/org/glassfish/jersey/ext/cdi/jersey-cdi1x/2.33/jersey-cdi1x-2.33.jar:/home/runner/.m2/repository/org/glassfish/jersey/inject/jersey-hk2/2.33/jersey-hk2-2.33.jar:/home/runner/.m2/repository/org/glassfish/hk2/hk2-locator/2.6.1/hk2-locator-2.6.1.jar:/home/runner/.m2/repository/org/glassfish/jersey/media/jersey-media-jaxb/2.33/jersey-media-jaxb-2.33.jar:/home/runner/.m2/repository/org/glassfish/hk2/osgi-resource-locator/1.0.3/osgi-resource-locator-1.0.3.jar:/home/runner/.m2/repository/org/glassfish/hk2/hk2-api/2.5.0/hk2-api-2.5.0.jar:/home/runner/.m2/repository/org/glassfish/hk2/hk2-utils/2.5.0/hk2-utils-2.5.0.jar:/home/runner/.m2/repository/org/glassfish/hk2/external/aopalliance-repackaged/2.5.0/aopalliance-repackaged-2.5.0.jar:/home/runner/.m2/repository/com/fasterxml/jackson/dataformat/jackson-dataformat-xml/2.12.1/jackson-dataformat-xml-2.12.1.jar:/home/runner/.m2/repository/com/fasterxml/jackson/core/jackson-core/2.12.1/jackson-core-2.12.1.jar:/home/runner/.m2/repository/com/fasterxml/jackson/module/jackson-module-jaxb-annotations/2.12.1/jackson-module-jaxb-annotations-2.12.1.jar:/home/runner/.m2/repository/jakarta/xml/bind/jakarta.xml.bind-api/2.3.2/jakarta.xml.bind-api-2.3.2.jar:/home/runner/.m2/repository/org/codehaus/woodstox/stax2-api/3.1.4/stax2-api-3.1.4.jar:/home/runner/.m2/repository/com/fasterxml/woodstox/woodstox-core/5.0.3/woodstox-core-5.0.3.jar:/home/runner/.m2/repository/javax/enterprise/cdi-api/1.2/cdi-api-1.2.jar:/home/runner/.m2/repository/javax/el/javax.el-api/3.0.0/javax.el-api-3.0.0.jar:/home/runner/.m2/repository/javax/interceptor/javax.interceptor-api/1.2/javax.interceptor-api-1.2.jar:/home/runner/.m2/repository/javax/inject/javax.inject/1/javax.inject-1.jar:/home/runner/.m2/repository/javax/xml/bind/jaxb-api/2.3.0/jaxb-api-2.3.0.jar:/home/runner/.m2/repository/org/glassfish/jaxb/jaxb-runtime/2.3.0.1/jaxb-runtime-2.3.0.1.jar:/home/runner/.m2/repository/org/glassfish/jaxb/jaxb-core/2.3.0.1/jaxb-core-2.3.0.1.jar:/home/runner/.m2/repository/org/glassfish/jaxb/txw2/2.3.0.1/txw2-2.3.0.1.jar:/home/runner/.m2/repository/com/sun/istack/istack-commons-runtime/3.0.5/istack-commons-runtime-3.0.5.jar:/home/runner/.m2/repository/org/jvnet/staxex/stax-ex/1.7.8/stax-ex-1.7.8.jar:/home/runner/.m2/repository/com/sun/xml/fastinfoset/FastInfoset/1.2.13/FastInfoset-1.2.13.jar:/home/runner/.m2/repository/javax/activation/activation/1.1.1/activation-1.1.1.jar:/home/runner/.m2/repository/org/apache/ozone/ozone-csi/1.3.0-SNAPSHOT/ozone-csi-1.3.0-SNAPSHOT.jar:/home/runner/.m2/repository/com/google/protobuf/protobuf-java-util/3.12.0/protobuf-java-util-3.12.0.jar:/home/runner/.m2/repository/com/google/code/gson/gson/2.2.4/gson-2.2.4.jar:/home/runner/.m2/repository/org/apache/ozone/hdds-config/1.3.0-SNAPSHOT/hdds-config-1.3.0-SNAPSHOT.jar:/home/runner/.m2/repository/io/grpc/grpc-netty/1.33.0/grpc-netty-1.33.0.jar:/home/runner/.m2/repository/io/grpc/grpc-core/1.33.0/grpc-core-1.33.0.jar:/home/runner/.m2/repository/com/google/android/annotations/4.1.1.4/annotations-4.1.1.4.jar:/home/runner/.m2/repository/io/netty/netty-codec-http2/4.1.63.Final/netty-codec-http2-4.1.63.Final.jar:/home/runner/.m2/repository/io/netty/netty-codec-http/4.1.63.Final/netty-codec-http-4.1.63.Final.jar:/home/runner/.m2/repository/io/netty/netty-handler-proxy/4.1.63.Final/netty-handler-proxy-4.1.63.Final.jar:/home/runner/.m2/repository/io/netty/netty-codec-socks/4.1.63.Final/netty-codec-socks-4.1.63.Final.jar:/home/runner/.m2/repository/io/perfmark/perfmark-api/0.19.0/perfmark-api-0.19.0.jar:/home/runner/.m2/repository/org/codehaus/mojo/animal-sniffer-annotations/1.18/animal-sniffer-annotations-1.18.jar:/home/runner/.m2/repository/io/netty/netty-transport-native-epoll/4.1.63.Final/netty-transport-native-epoll-4.1.63.Final.jar:/home/runner/.m2/repository/io/netty/netty-common/4.1.63.Final/netty-common-4.1.63.Final.jar:/home/runner/.m2/repository/io/netty/netty-buffer/4.1.63.Final/netty-buffer-4.1.63.Final.jar:/home/runner/.m2/repository/io/netty/netty-transport-native-unix-common/4.1.63.Final/netty-transport-native-unix-common-4.1.63.Final.jar:/home/runner/.m2/repository/io/grpc/grpc-protobuf/1.33.0/grpc-protobuf-1.33.0.jar:/home/runner/.m2/repository/io/grpc/grpc-api/1.33.0/grpc-api-1.33.0.jar:/home/runner/.m2/repository/io/grpc/grpc-context/1.33.0/grpc-context-1.33.0.jar:/home/runner/.m2/repository/com/google/api/grpc/proto-google-common-protos/1.17.0/proto-google-common-protos-1.17.0.jar:/home/runner/.m2/repository/io/grpc/grpc-protobuf-lite/1.33.0/grpc-protobuf-lite-1.33.0.jar:/home/runner/.m2/repository/io/grpc/grpc-stub/1.33.0/grpc-stub-1.33.0.jar:/home/runner/.m2/repository/org/apache/ozone/ozone-recon/1.3.0-SNAPSHOT/ozone-recon-1.3.0-SNAPSHOT.jar:/home/runner/.m2/repository/org/apache/ozone/ozone-reconcodegen/1.3.0-SNAPSHOT/ozone-reconcodegen-1.3.0-SNAPSHOT.jar:/home/runner/.m2/repository/com/google/inject/extensions/guice-multibindings/4.0/guice-multibindings-4.0.jar:/home/runner/.m2/repository/com/google/inject/guice/4.0/guice-4.0.jar:/home/runner/.m2/repository/aopalliance/aopalliance/1.0/aopalliance-1.0.jar:/home/runner/.m2/repository/com/google/inject/extensions/guice-assistedinject/4.0/guice-assistedinject-4.0.jar:/home/runner/.m2/repository/com/google/inject/extensions/guice-servlet/4.0/guice-servlet-4.0.jar:/home/runner/.m2/repository/org/glassfish/jersey/containers/jersey-container-servlet/2.33/jersey-container-servlet-2.33.jar:/home/runner/.m2/repository/org/glassfish/hk2/guice-bridge/2.5.0/guice-bridge-2.5.0.jar:/home/runner/.m2/repository/org/glassfish/jersey/core/jersey-server/2.33/jersey-server-2.33.jar:/home/runner/.m2/repository/org/glassfish/jersey/core/jersey-client/2.33/jersey-client-2.33.jar:/home/runner/.m2/repository/jakarta/annotation/jakarta.annotation-api/1.3.5/jakarta.annotation-api-1.3.5.jar:/home/runner/.m2/repository/jakarta/validation/jakarta.validation-api/2.0.2/jakarta.validation-api-2.0.2.jar:/home/runner/.m2/repository/org/glassfish/jersey/media/jersey-media-json-jackson/2.33/jersey-media-json-jackson-2.33.jar:/home/runner/.m2/repository/org/glassfish/jersey/ext/jersey-entity-filtering/2.33/jersey-entity-filtering-2.33.jar:/home/runner/.m2/repository/org/jooq/jooq/3.11.10/jooq-3.11.10.jar:/home/runner/.m2/repository/org/jooq/jooq-meta/3.11.10/jooq-meta-3.11.10.jar:/home/runner/.m2/repository/org/jooq/jooq-codegen/3.11.10/jooq-codegen-3.11.10.jar:/home/runner/.m2/repository/com/jolbox/bonecp/0.8.0.RELEASE/bonecp-0.8.0.RELEASE.jar:/home/runner/.m2/repository/org/apache/derby/derby/10.14.2.0/derby-10.14.2.0.jar:/home/runner/.m2/repository/org/xerial/sqlite-jdbc/3.25.2/sqlite-jdbc-3.25.2.jar:/home/runner/.m2/repository/org/springframework/spring-jdbc/5.2.18.RELEASE/spring-jdbc-5.2.18.RELEASE.jar:/home/runner/.m2/repository/org/springframework/spring-beans/5.2.18.RELEASE/spring-beans-5.2.18.RELEASE.jar:/home/runner/.m2/repository/org/springframework/spring-core/5.2.18.RELEASE/spring-core-5.2.18.RELEASE.jar:/home/runner/.m2/repository/org/springframework/spring-jcl/5.2.18.RELEASE/spring-jcl-5.2.18.RELEASE.jar:/home/runner/.m2/repository/org/springframework/spring-tx/5.2.18.RELEASE/spring-tx-5.2.18.RELEASE.jar:/home/runner/.m2/repository/org/apache/ozone/ozone-client/1.3.0-SNAPSHOT/ozone-client-1.3.0-SNAPSHOT.jar:/home/runner/.m2/repository/org/apache/ozone/ozone-filesystem/1.3.0-SNAPSHOT/ozone-filesystem-1.3.0-SNAPSHOT.jar:/home/runner/.m2/repository/org/apache/ozone/ozone-filesystem-common/1.3.0-SNAPSHOT/ozone-filesystem-common-1.3.0-SNAPSHOT.jar:/home/runner/.m2/repository/org/apache/ozone/ozone-tools/1.3.0-SNAPSHOT/ozone-tools-1.3.0-SNAPSHOT.jar:/home/runner/.m2/repository/org/apache/ratis/ratis-tools/2.2.0/ratis-tools-2.2.0.jar:/home/runner/.m2/repository/com/amazonaws/aws-java-sdk-core/1.11.1034/aws-java-sdk-core-1.11.1034.jar:/home/runner/.m2/repository/org/apache/httpcomponents/httpclient/4.5.13/httpclient-4.5.13.jar:/home/runner/.m2/repository/org/apache/httpcomponents/httpcore/4.4.13/httpcore-4.4.13.jar:/home/runner/.m2/repository/software/amazon/ion/ion-java/1.0.2/ion-java-1.0.2.jar:/home/runner/.m2/repository/com/fasterxml/jackson/dataformat/jackson-dataformat-cbor/2.12.1/jackson-dataformat-cbor-2.12.1.jar:/home/runner/.m2/repository/joda-time/joda-time/2.8.1/joda-time-2.8.1.jar:/home/runner/.m2/repository/com/amazonaws/aws-java-sdk-s3/1.11.1034/aws-java-sdk-s3-1.11.1034.jar:/home/runner/.m2/repository/com/amazonaws/aws-java-sdk-kms/1.11.1034/aws-java-sdk-kms-1.11.1034.jar:/home/runner/.m2/repository/com/amazonaws/jmespath-java/1.11.1034/jmespath-java-1.11.1034.jar:/home/runner/.m2/repository/org/kohsuke/metainf-services/metainf-services/1.8/metainf-services-1.8.jar:/home/runner/.m2/repository/org/apache/ozone/hdds-tools/1.3.0-SNAPSHOT/hdds-tools-1.3.0-SNAPSHOT.jar:/home/runner/.m2/repository/commons-cli/commons-cli/1.2/commons-cli-1.2.jar:/home/runner/.m2/repository/org/apache/commons/commons-lang3/3.7/commons-lang3-3.7.jar:/home/runner/.m2/repository/org/apache/ozone/ozone-manager/1.3.0-SNAPSHOT/ozone-manager-1.3.0-SNAPSHOT-tests.jar:/home/runner/.m2/repository/org/apache/ozone/hdds-common/1.3.0-SNAPSHOT/hdds-common-1.3.0-SNAPSHOT-tests.jar:/home/runner/.m2/repository/org/apache/ozone/hdds-hadoop-dependency-client/1.3.0-SNAPSHOT/hdds-hadoop-dependency-client-1.3.0-SNAPSHOT.jar:/home/runner/.m2/repository/info/picocli/picocli/4.6.1/picocli-4.6.1.jar:/home/runner/.m2/repository/com/fasterxml/jackson/core/jackson-annotations/2.12.1/jackson-annotations-2.12.1.jar:/home/runner/.m2/repository/javax/annotation/javax.annotation-api/1.2/javax.annotation-api-1.2.jar:/home/runner/.m2/repository/org/apache/ratis/ratis-server/2.2.0/ratis-server-2.2.0.jar:/home/runner/.m2/repository/org/apache/ratis/ratis-client/2.2.0/ratis-client-2.2.0.jar:/home/runner/.m2/repository/org/apache/ratis/ratis-server-api/2.2.0/ratis-server-api-2.2.0.jar:/home/runner/.m2/repository/org/apache/ratis/ratis-metrics/2.2.0/ratis-metrics-2.2.0.jar:/home/runner/.m2/repository/org/apache/ratis/ratis-netty/2.2.0/ratis-netty-2.2.0.jar:/home/runner/.m2/repository/org/apache/ratis/ratis-grpc/2.2.0/ratis-grpc-2.2.0.jar:/home/runner/.m2/repository/org/apache/logging/log4j/log4j-api/2.13.3/log4j-api-2.13.3.jar:/home/runner/.m2/repository/org/apache/logging/log4j/log4j-core/2.13.3/log4j-core-2.13.3.jar:/home/runner/.m2/repository/com/lmax/disruptor/3.4.2/disruptor-3.4.2.jar:/home/runner/.m2/repository/org/apache/commons/commons-pool2/2.6.0/commons-pool2-2.6.0.jar:/home/runner/.m2/repository/org/bouncycastle/bcpkix-jdk15on/1.67/bcpkix-jdk15on-1.67.jar:/home/runner/.m2/repository/commons-validator/commons-validator/1.6/commons-validator-1.6.jar:/home/runner/.m2/repository/commons-beanutils/commons-beanutils/1.9.4/commons-beanutils-1.9.4.jar:/home/runner/.m2/repository/commons-digester/commons-digester/1.8.1/commons-digester-1.8.1.jar:/home/runner/.m2/repository/commons-collections/commons-collections/3.2.2/commons-collections-3.2.2.jar:/home/runner/.m2/repository/io/jaegertracing/jaeger-client/1.6.0/jaeger-client-1.6.0.jar:/home/runner/.m2/repository/io/jaegertracing/jaeger-thrift/1.6.0/jaeger-thrift-1.6.0.jar:/home/runner/.m2/repository/org/apache/thrift/libthrift/0.14.1/libthrift-0.14.1.jar:/home/runner/.m2/repository/com/squareup/okhttp3/okhttp/4.9.0/okhttp-4.9.0.jar:/home/runner/.m2/repository/com/squareup/okio/okio/2.8.0/okio-2.8.0.jar:/home/runner/.m2/repository/io/jaegertracing/jaeger-core/1.6.0/jaeger-core-1.6.0.jar:/home/runner/.m2/repository/io/jaegertracing/jaeger-tracerresolver/1.6.0/jaeger-tracerresolver-1.6.0.jar:/home/runner/.m2/repository/io/opentracing/contrib/opentracing-tracerresolver/0.1.8/opentracing-tracerresolver-0.1.8.jar:/home/runner/.m2/repository/org/jetbrains/kotlin/kotlin-stdlib/1.4.31/kotlin-stdlib-1.4.31.jar:/home/runner/.m2/repository/org/jetbrains/kotlin/kotlin-stdlib-common/1.4.31/kotlin-stdlib-common-1.4.31.jar:/home/runner/.m2/repository/org/jetbrains/annotations/13.0/annotations-13.0.jar:/home/runner/.m2/repository/io/opentracing/opentracing-util/0.33.0/opentracing-util-0.33.0.jar:/home/runner/.m2/repository/io/opentracing/opentracing-api/0.33.0/opentracing-api-0.33.0.jar:/home/runner/.m2/repository/io/opentracing/opentracing-noop/0.33.0/opentracing-noop-0.33.0.jar:/home/runner/.m2/repository/org/yaml/snakeyaml/1.26/snakeyaml-1.26.jar:/home/runner/.m2/repository/org/apache/ozone/hdds-interface-admin/1.3.0-SNAPSHOT/hdds-interface-admin-1.3.0-SNAPSHOT.jar:/home/runner/.m2/repository/junit/junit/4.13.1/junit-4.13.1.jar:/home/runner/.m2/repository/org/hamcrest/hamcrest-core/1.3/hamcrest-core-1.3.jar:/home/runner/.m2/repository/org/junit/jupiter/junit-jupiter-api/5.7.0/junit-jupiter-api-5.7.0.jar:/home/runner/.m2/repository/org/apiguardian/apiguardian-api/1.1.0/apiguardian-api-1.1.0.jar:/home/runner/.m2/repository/org/opentest4j/opentest4j/1.2.0/opentest4j-1.2.0.jar:/home/runner/.m2/repository/org/junit/platform/junit-platform-commons/1.7.0/junit-platform-commons-1.7.0.jar:/home/runner/.m2/repository/org/junit/jupiter/junit-jupiter-engine/5.7.0/junit-jupiter-engine-5.7.0.jar:/home/runner/.m2/repository/org/junit/platform/junit-platform-engine/1.7.0/junit-platform-engine-1.7.0.jar:/home/runner/.m2/repository/org/junit/vintage/junit-vintage-engine/5.7.0/junit-vintage-engine-5.7.0.jar:/home/runner/.m2/repository/org/junit/platform/junit-platform-launcher/1.7.0/junit-platform-launcher-1.7.0.jar:/home/runner/.m2/repository/org/openjdk/jmh/jmh-core/1.19/jmh-core-1.19.jar:/home/runner/.m2/repository/net/sf/jopt-simple/jopt-simple/4.6/jopt-simple-4.6.jar:/home/runner/.m2/repository/org/apache/commons/commons-math3/3.1.1/commons-math3-3.1.1.jar:/home/runner/.m2/repository/org/openjdk/jmh/jmh-generator-annprocess/1.19/jmh-generator-annprocess-1.19.jar:/home/runner/.m2/repository/org/mockito/mockito-core/2.28.2/mockito-core-2.28.2.jar:/home/runner/.m2/repository/net/bytebuddy/byte-buddy/1.9.10/byte-buddy-1.9.10.jar:/home/runner/.m2/repository/net/bytebuddy/byte-buddy-agent/1.9.10/byte-buddy-agent-1.9.10.jar:/home/runner/.m2/repository/org/objenesis/objenesis/1.0/objenesis-1.0.jar:/home/runner/.m2/repository/org/apache/hadoop/hadoop-kms/3.3.1/hadoop-kms-3.3.1.jar:/home/runner/.m2/repository/org/apache/hadoop/hadoop-auth/3.3.1/hadoop-auth-3.3.1.jar:/home/runner/.m2/repository/com/nimbusds/nimbus-jose-jwt/7.9/nimbus-jose-jwt-7.9.jar:/home/runner/.m2/repository/com/github/stephenc/jcip/jcip-annotations/1.0-1/jcip-annotations-1.0-1.jar:/home/runner/.m2/repository/net/minidev/json-smart/2.3.1/json-smart-2.3.1.jar:/home/runner/.m2/repository/net/minidev/accessors-smart/2.3.1/accessors-smart-2.3.1.jar:/home/runner/.m2/repository/org/ow2/asm/asm/5.0.4/asm-5.0.4.jar:/home/runner/.m2/repository/org/apache/zookeeper/zookeeper/3.5.6/zookeeper-3.5.6.jar:/home/runner/.m2/repository/org/apache/zookeeper/zookeeper-jute/3.5.6/zookeeper-jute-3.5.6.jar:/home/runner/.m2/repository/org/apache/yetus/audience-annotations/0.5.0/audience-annotations-0.5.0.jar:/home/runner/.m2/repository/org/apache/curator/curator-framework/4.2.0/curator-framework-4.2.0.jar:/home/runner/.m2/repository/org/apache/hadoop/thirdparty/hadoop-shaded-guava/1.1.1/hadoop-shaded-guava-1.1.1.jar:/home/runner/.m2/repository/com/sun/jersey/jersey-core/1.19/jersey-core-1.19.jar:/home/runner/.m2/repository/javax/ws/rs/jsr311-api/1.1.1/jsr311-api-1.1.1.jar:/home/runner/.m2/repository/com/sun/jersey/jersey-server/1.19/jersey-server-1.19.jar:/home/runner/.m2/repository/javax/servlet/javax.servlet-api/3.1.0/javax.servlet-api-3.1.0.jar:/home/runner/.m2/repository/org/eclipse/jetty/jetty-server/9.4.43.v20210629/jetty-server-9.4.43.v20210629.jar:/home/runner/.m2/repository/org/eclipse/jetty/jetty-http/9.4.43.v20210629/jetty-http-9.4.43.v20210629.jar:/home/runner/.m2/repository/org/eclipse/jetty/jetty-io/9.4.43.v20210629/jetty-io-9.4.43.v20210629.jar:/home/runner/.m2/repository/org/eclipse/jetty/jetty-webapp/9.4.43.v20210629/jetty-webapp-9.4.43.v20210629.jar:/home/runner/.m2/repository/org/eclipse/jetty/jetty-xml/9.4.43.v20210629/jetty-xml-9.4.43.v20210629.jar:/home/runner/.m2/repository/org/apache/hadoop/hadoop-common/3.3.1/hadoop-common-3.3.1.jar:/home/runner/.m2/repository/commons-net/commons-net/3.6/commons-net-3.6.jar:/home/runner/.m2/repository/jakarta/activation/jakarta.activation-api/1.2.1/jakarta.activation-api-1.2.1.jar:/home/runner/.m2/repository/com/sun/jersey/jersey-servlet/1.19/jersey-servlet-1.19.jar:/home/runner/.m2/repository/com/sun/jersey/jersey-json/1.19/jersey-json-1.19.jar:/home/runner/.m2/repository/org/codehaus/jettison/jettison/1.1/jettison-1.1.jar:/home/runner/.m2/repository/com/sun/xml/bind/jaxb-impl/2.2.3-1/jaxb-impl-2.2.3-1.jar:/home/runner/.m2/repository/org/codehaus/jackson/jackson-jaxrs/1.9.2/jackson-jaxrs-1.9.2.jar:/home/runner/.m2/repository/org/codehaus/jackson/jackson-xc/1.9.2/jackson-xc-1.9.2.jar:/home/runner/.m2/repository/org/apache/commons/commons-configuration2/2.1.1/commons-configuration2-2.1.1.jar:/home/runner/.m2/repository/org/apache/commons/commons-text/1.4/commons-text-1.4.jar:/home/runner/.m2/repository/com/google/re2j/re2j/1.1/re2j-1.1.jar:/home/runner/.m2/repository/com/jcraft/jsch/0.1.54/jsch-0.1.54.jar:/home/runner/.m2/repository/org/apache/curator/curator-client/4.2.0/curator-client-4.2.0.jar:/home/runner/.m2/repository/org/apache/curator/curator-recipes/4.2.0/curator-recipes-4.2.0.jar:/home/runner/.m2/repository/org/apache/kerby/kerb-core/1.0.1/kerb-core-1.0.1.jar:/home/runner/.m2/repository/org/apache/kerby/kerby-pkix/1.0.1/kerby-pkix-1.0.1.jar:/home/runner/.m2/repository/org/apache/kerby/kerby-asn1/1.0.1/kerby-asn1-1.0.1.jar:/home/runner/.m2/repository/org/apache/kerby/kerby-util/1.0.1/kerby-util-1.0.1.jar:/home/runner/.m2/repository/dnsjava/dnsjava/2.1.7/dnsjava-2.1.7.jar:/home/runner/.m2/repository/org/xerial/snappy/snappy-java/1.1.8.2/snappy-java-1.1.8.2.jar:/home/runner/.m2/repository/org/slf4j/jul-to-slf4j/1.7.30/jul-to-slf4j-1.7.30.jar:/home/runner/.m2/repository/org/eclipse/jetty/jetty-util/9.4.43.v20210629/jetty-util-9.4.43.v20210629.jar:/home/runner/.m2/repository/com/fasterxml/jackson/core/jackson-databind/2.12.1/jackson-databind-2.12.1.jar:/home/runner/.m2/repository/org/apache/hadoop/hadoop-kms/3.3.1/hadoop-kms-3.3.1-tests.jar:/home/runner/.m2/repository/org/apache/ozone/hdds-server-scm/1.3.0-SNAPSHOT/hdds-server-scm-1.3.0-SNAPSHOT-tests.jar:/home/runner/.m2/repository/org/apache/ozone/hdds-container-service/1.3.0-SNAPSHOT/hdds-container-service-1.3.0-SNAPSHOT-tests.jar:/home/runner/.m2/repository/commons-codec/commons-codec/1.11/commons-codec-1.11.jar:/home/runner/.m2/repository/io/netty/netty-transport/4.1.63.Final/netty-transport-4.1.63.Final.jar:/home/runner/.m2/repository/io/netty/netty-resolver/4.1.63.Final/netty-resolver-4.1.63.Final.jar:/home/runner/.m2/repository/io/netty/netty-codec/4.1.63.Final/netty-codec-4.1.63.Final.jar:/home/runner/.m2/repository/io/netty/netty-handler/4.1.63.Final/netty-handler-4.1.63.Final.jar:/home/runner/.m2/repository/org/apache/ozone/hdds-hadoop-dependency-test/1.3.0-SNAPSHOT/hdds-hadoop-dependency-test-1.3.0-SNAPSHOT.jar:/home/runner/.m2/repository/org/apache/hadoop/hadoop-common/3.3.1/hadoop-common-3.3.1-tests.jar:/home/runner/.m2/repository/org/assertj/assertj-core/3.12.2/assertj-core-3.12.2.jar:/home/runner/.m2/repository/org/apache/hadoop/hadoop-hdfs/3.3.1/hadoop-hdfs-3.3.1-tests.jar:/home/runner/.m2/repository/org/eclipse/jetty/jetty-util-ajax/9.4.43.v20210629/jetty-util-ajax-9.4.43.v20210629.jar:/home/runner/.m2/repository/commons-daemon/commons-daemon/1.0.13/commons-daemon-1.0.13.jar:/home/runner/.m2/repository/io/netty/netty/3.10.6.Final/netty-3.10.6.Final.jar:/home/runner/.m2/repository/io/netty/netty-all/4.1.63.Final/netty-all-4.1.63.Final.jar:/home/runner/.m2/repository/org/apache/htrace/htrace-core4/4.1.0-incubating/htrace-core4-4.1.0-incubating.jar:/home/runner/.m2/repository/org/fusesource/leveldbjni/leveldbjni-all/1.8/leveldbjni-all-1.8.jar:/home/runner/.m2/repository/org/apache/hadoop/hadoop-distcp/3.3.1/hadoop-distcp-3.3.1.jar:/home/runner/.m2/repository/org/apache/hadoop/hadoop-mapreduce-client-jobclient/3.3.1/hadoop-mapreduce-client-jobclient-3.3.1.jar:/home/runner/.m2/repository/org/apache/hadoop/hadoop-mapreduce-client-common/3.3.1/hadoop-mapreduce-client-common-3.3.1.jar:/home/runner/.m2/repository/org/apache/hadoop/hadoop-yarn-common/3.3.1/hadoop-yarn-common-3.3.1.jar:/home/runner/.m2/repository/org/apache/hadoop/hadoop-yarn-api/3.3.1/hadoop-yarn-api-3.3.1.jar:/home/runner/.m2/repository/com/sun/jersey/jersey-client/1.19/jersey-client-1.19.jar:/home/runner/.m2/repository/com/sun/jersey/contribs/jersey-guice/1.19/jersey-guice-1.19.jar:/home/runner/.m2/repository/com/fasterxml/jackson/jaxrs/jackson-jaxrs-json-provider/2.12.1/jackson-jaxrs-json-provider-2.12.1.jar:/home/runner/.m2/repository/com/fasterxml/jackson/jaxrs/jackson-jaxrs-base/2.12.1/jackson-jaxrs-base-2.12.1.jar:/home/runner/.m2/repository/org/apache/hadoop/hadoop-yarn-client/3.3.1/hadoop-yarn-client-3.3.1.jar:/home/runner/.m2/repository/org/eclipse/jetty/websocket/websocket-client/9.4.40.v20210413/websocket-client-9.4.40.v20210413.jar:/home/runner/.m2/repository/org/eclipse/jetty/jetty-client/9.4.40.v20210413/jetty-client-9.4.40.v20210413.jar:/home/runner/.m2/repository/org/eclipse/jetty/websocket/websocket-common/9.4.40.v20210413/websocket-common-9.4.40.v20210413.jar:/home/runner/.m2/repository/org/eclipse/jetty/websocket/websocket-api/9.4.40.v20210413/websocket-api-9.4.40.v20210413.jar:/home/runner/.m2/repository/org/jline/jline/3.9.0/jline-3.9.0.jar:/home/runner/.m2/repository/org/apache/hadoop/hadoop-mapreduce-client-core/3.3.1/hadoop-mapreduce-client-core-3.3.1.jar:/home/runner/.m2/repository/org/apache/avro/avro/1.7.7/avro-1.7.7.jar:/home/runner/.m2/repository/org/codehaus/jackson/jackson-core-asl/1.9.13/jackson-core-asl-1.9.13.jar:/home/runner/.m2/repository/org/codehaus/jackson/jackson-mapper-asl/1.9.13/jackson-mapper-asl-1.9.13.jar:/home/runner/.m2/repository/com/thoughtworks/paranamer/paranamer/2.3/paranamer-2.3.jar:/home/runner/.m2/repository/org/apache/hadoop/hadoop-annotations/3.3.1/hadoop-annotations-3.3.1.jar:/usr/lib/jvm/adoptopenjdk-8-hotspot-amd64/jre/../lib/tools.jar:/home/runner/.m2/repository/org/apache/hadoop/hadoop-distcp/3.3.1/hadoop-distcp-3.3.1-tests.jar:/home/runner/.m2/repository/org/apache/ratis/ratis-common/2.2.0/ratis-common-2.2.0.jar:/home/runner/.m2/repository/org/apache/ratis/ratis-thirdparty-misc/0.7.0/ratis-thirdparty-misc-0.7.0.jar:/home/runner/.m2/repository/org/apache/ratis/ratis-proto/2.2.0/ratis-proto-2.2.0.jar:"/>
    <property name="sun.cpu.endian" value="little"/>
    <property name="user.home" value="/home/runner"/>
    <property name="user.language" value="en"/>
    <property name="java.specification.vendor" value="Oracle Corporation"/>
    <property name="java.home" value="/usr/lib/jvm/adoptopenjdk-8-hotspot-amd64/jre"/>
    <property name="java.security.krb5.conf" value="/home/runner/work/ozone/ozone/hadoop-ozone/integration-test/target/test-classes/krb5.conf"/>
    <property name="basedir" value="/home/runner/work/ozone/ozone/hadoop-ozone/integration-test"/>
    <property name="file.separator" value="/"/>
    <property name="line.separator" value="&#10;"/>
    <property name="java.vm.specification.vendor" value="Oracle Corporation"/>
    <property name="java.specification.name" value="Java Platform API Specification"/>
    <property name="java.awt.graphicsenv" value="sun.awt.X11GraphicsEnvironment"/>
    <property name="skip.installnpx" value="true"/>
    <property name="surefire.real.class.path" value="/home/runner/work/ozone/ozone/hadoop-ozone/integration-test/target/surefire/surefirebooter3749263407311508890.jar:/home/runner/.m2/repository/org/jacoco/org.jacoco.agent/0.8.5/org.jacoco.agent-0.8.5-runtime.jar"/>
    <property name="hadoop.log.dir" value="/home/runner/work/ozone/ozone/hadoop-ozone/integration-test/target/log"/>
    <property name="sun.boot.class.path" value="/usr/lib/jvm/adoptopenjdk-8-hotspot-amd64/jre/lib/resources.jar:/usr/lib/jvm/adoptopenjdk-8-hotspot-amd64/jre/lib/rt.jar:/usr/lib/jvm/adoptopenjdk-8-hotspot-amd64/jre/lib/sunrsasign.jar:/usr/lib/jvm/adoptopenjdk-8-hotspot-amd64/jre/lib/jsse.jar:/usr/lib/jvm/adoptopenjdk-8-hotspot-amd64/jre/lib/jce.jar:/usr/lib/jvm/adoptopenjdk-8-hotspot-amd64/jre/lib/charsets.jar:/usr/lib/jvm/adoptopenjdk-8-hotspot-amd64/jre/lib/jfr.jar:/usr/lib/jvm/adoptopenjdk-8-hotspot-amd64/jre/classes"/>
    <property name="sun.management.compiler" value="HotSpot 64-Bit Tiered Compilers"/>
    <property name="skip.npx" value="true"/>
    <property name="java.runtime.version" value="1.8.0_292-b10"/>
    <property name="java.net.preferIPv4Stack" value="true"/>
    <property name="user.name" value="runner"/>
    <property name="path.separator" value=":"/>
    <property name="java.security.egd" value="file:///dev/urandom"/>
    <property name="os.version" value="5.4.0-1063-azure"/>
    <property name="java.endorsed.dirs" value="/usr/lib/jvm/adoptopenjdk-8-hotspot-amd64/jre/lib/endorsed"/>
    <property name="java.runtime.name" value="OpenJDK Runtime Environment"/>
    <property name="file.encoding" value="UTF-8"/>
    <property name="java.vm.name" value="OpenJDK 64-Bit Server VM"/>
    <property name="test.build.webapps" value=""/>
    <property name="localRepository" value="/home/runner/.m2/repository"/>
    <property name="java.vendor.url.bug" value="https://github.com/AdoptOpenJDK/openjdk-support/issues"/>
    <property name="java.io.tmpdir" value="/tmp"/>
    <property name="require.test.libhadoop" value=""/>
    <property name="java.version" value="1.8.0_292"/>
    <property name="user.dir" value="/home/runner/work/ozone/ozone/hadoop-ozone/integration-test"/>
    <property name="os.arch" value="amd64"/>
    <property name="java.vm.specification.name" value="Java Virtual Machine Specification"/>
    <property name="test.build.classes" value="/home/runner/work/ozone/ozone/hadoop-ozone/integration-test/target/test-classes"/>
    <property name="java.awt.printerjob" value="sun.print.PSPrinterJob"/>
    <property name="sun.os.patch.level" value="unknown"/>
    <property name="hadoop.tmp.dir" value="/home/runner/work/ozone/ozone/hadoop-ozone/integration-test/target/tmp"/>
    <property name="java.library.path" value="/usr/java/packages/lib/amd64:/usr/lib64:/lib64:/lib:/usr/lib"/>
    <property name="java.vm.info" value="mixed mode"/>
    <property name="java.vendor" value="AdoptOpenJDK"/>
    <property name="java.vm.version" value="25.292-b10"/>
    <property name="java.ext.dirs" value="/usr/lib/jvm/adoptopenjdk-8-hotspot-amd64/jre/lib/ext:/usr/java/packages/lib/ext"/>
    <property name="sun.io.unicode.encoding" value="UnicodeLittle"/>
    <property name="java.class.version" value="52.0"/>
  </properties>
  <testcase name="testDataNodeAndSCMFailuresTogetherDuringDataNodeUpgrade" classname="org.apache.hadoop.hdds.upgrade.TestHDDSUpgrade" time="0">
    <skipped/>
  </testcase>
  <testcase name="testDataNodeAndSCMFailuresTogetherDuringSCMUpgrade" classname="org.apache.hadoop.hdds.upgrade.TestHDDSUpgrade" time="0">
    <skipped/>
  </testcase>
  <testcase name="testScmFailuresAfterScmPostFinalizeUpgrade" classname="org.apache.hadoop.hdds.upgrade.TestHDDSUpgrade" time="48.363"/>
  <testcase name="testScmFailuresAfterScmPreFinalizeUpgrade" classname="org.apache.hadoop.hdds.upgrade.TestHDDSUpgrade" time="23.402"/>
  <testcase name="testAllDataNodeFailuresAfterScmPreFinalizeUpgrade" classname="org.apache.hadoop.hdds.upgrade.TestHDDSUpgrade" time="58.198"/>
  <testcase name="testAllDataNodeFailuresBeforeScmPreFinalizeUpgrade" classname="org.apache.hadoop.hdds.upgrade.TestHDDSUpgrade" time="59.694"/>
  <testcase name="testScmFailuresAfterScmCompleteFinalization" classname="org.apache.hadoop.hdds.upgrade.TestHDDSUpgrade" time="20.008"/>
  <testcase name="testScmFailuresBeforeScmPreFinalizeUpgrade" classname="org.apache.hadoop.hdds.upgrade.TestHDDSUpgrade" time="28.868"/>
  <testcase name="testDataNodeFailuresDuringDataNodeUpgrade" classname="org.apache.hadoop.hdds.upgrade.TestHDDSUpgrade" time="0">
    <skipped/>
  </testcase>
  <testcase name="testAllPossibleDataNodeFailuresAndSCMFailures" classname="org.apache.hadoop.hdds.upgrade.TestHDDSUpgrade" time="0">
    <skipped/>
  </testcase>
  <testcase name="testAllDataNodeFailuresAfterScmCompleteFinalization" classname="org.apache.hadoop.hdds.upgrade.TestHDDSUpgrade" time="54.965"/>
  <testcase name="testAllDataNodeFailuresAfterScmPostFinalizeUpgrade" classname="org.apache.hadoop.hdds.upgrade.TestHDDSUpgrade" time="31.039">
    <error type="java.lang.NullPointerException">java.lang.NullPointerException
	at org.apache.hadoop.hdds.upgrade.TestHDDSUpgrade.lambda$testPostUpgradeConditionsDataNodes$1(TestHDDSUpgrade.java:315)
	at org.apache.ozone.test.GenericTestUtils.waitFor(GenericTestUtils.java:215)
	at org.apache.hadoop.hdds.upgrade.TestHDDSUpgrade.testPostUpgradeConditionsDataNodes(TestHDDSUpgrade.java:311)
	at org.apache.hadoop.hdds.upgrade.TestHDDSUpgrade.testFinalizationWithFailureInjectionHelper(TestHDDSUpgrade.java:1086)
	at org.apache.hadoop.hdds.upgrade.TestHDDSUpgrade.testAllDataNodeFailuresAfterScmPostFinalizeUpgrade(TestHDDSUpgrade.java:842)
	at sun.reflect.NativeMethodAccessorImpl.invoke0(Native Method)
	at sun.reflect.NativeMethodAccessorImpl.invoke(NativeMethodAccessorImpl.java:62)
	at sun.reflect.DelegatingMethodAccessorImpl.invoke(DelegatingMethodAccessorImpl.java:43)
	at java.lang.reflect.Method.invoke(Method.java:498)
	at org.junit.runners.model.FrameworkMethod$1.runReflectiveCall(FrameworkMethod.java:59)
	at org.junit.internal.runners.model.ReflectiveCallable.run(ReflectiveCallable.java:12)
	at org.junit.runners.model.FrameworkMethod.invokeExplosively(FrameworkMethod.java:56)
	at org.junit.internal.runners.statements.InvokeMethod.evaluate(InvokeMethod.java:17)
	at org.junit.internal.runners.statements.RunBefores.evaluate(RunBefores.java:26)
	at org.junit.internal.runners.statements.RunAfters.evaluate(RunAfters.java:27)
	at org.junit.internal.runners.statements.FailOnTimeout$CallableStatement.call(FailOnTimeout.java:288)
	at org.junit.internal.runners.statements.FailOnTimeout$CallableStatement.call(FailOnTimeout.java:282)
	at java.util.concurrent.FutureTask.run(FutureTask.java:266)
	at java.lang.Thread.run(Thread.java:748)
</error>
    <system-out><![CDATA[2021-12-02 10:58:35,190 [Mini-Cluster-Provider-Reap] INFO  ozone.MiniOzoneClusterImpl (MiniOzoneClusterImpl.java:shutdown(453)) - Shutting down the Mini Ozone Cluster
2021-12-02 10:58:35,190 [Mini-Cluster-Provider-Reap] INFO  ozone.MiniOzoneClusterImpl (MiniOzoneClusterImpl.java:stop(468)) - Stopping the Mini Ozone Cluster
2021-12-02 10:58:35,190 [Mini-Cluster-Provider-Reap] INFO  ozone.MiniOzoneClusterImpl (MiniOzoneClusterImpl.java:stopOM(550)) - Stopping the OzoneManager
2021-12-02 10:58:35,190 [Mini-Cluster-Provider-Reap] INFO  om.OzoneManager (OzoneManager.java:stop(1830)) - om1[localhost:0]: Stopping Ozone Manager
2021-12-02 10:58:35,190 [Mini-Cluster-Provider-Reap] INFO  ipc.Server (Server.java:stop(3414)) - Stopping server on 41023
2021-12-02 10:58:35,270 [Time-limited test] INFO  ha.SequenceIdGenerator (SequenceIdGenerator.java:getNextId(127)) - Allocate a batch for containerId, change lastId from 0 to 1000.
2021-12-02 10:58:35,275 [IPC Server listener on 0] INFO  ipc.Server (Server.java:run(1376)) - Stopping IPC Server listener on 0
2021-12-02 10:58:35,314 [IPC Server Responder] INFO  ipc.Server (Server.java:run(1512)) - Stopping IPC Server Responder
2021-12-02 10:58:35,314 [Mini-Cluster-Provider-Reap] INFO  server.RaftServer (RaftServerProxy.java:lambda$close$6(391)) - om1: close
2021-12-02 10:58:35,329 [Mini-Cluster-Provider-Reap] INFO  server.RaftServer$Division (RaftServerImpl.java:lambda$close$4(412)) - om1@group-C5BA1605619E: shutdown
2021-12-02 10:58:35,329 [Mini-Cluster-Provider-Reap] INFO  util.JmxRegister (JmxRegister.java:unregister(73)) - Successfully un-registered JMX Bean with object name Ratis:service=RaftServer,group=group-C5BA1605619E,id=om1
2021-12-02 10:58:35,329 [Mini-Cluster-Provider-Reap] INFO  impl.RoleInfo (RoleInfo.java:shutdownLeaderState(91)) - om1: shutdown om1@group-C5BA1605619E-LeaderStateImpl
2021-12-02 10:58:35,329 [Mini-Cluster-Provider-Reap] INFO  impl.PendingRequests (PendingRequests.java:sendNotLeaderResponses(282)) - om1@group-C5BA1605619E-PendingRequests: sendNotLeaderResponses
2021-12-02 10:58:35,359 [Mini-Cluster-Provider-Reap] INFO  impl.StateMachineUpdater (StateMachineUpdater.java:stopAndJoin(149)) - om1@group-C5BA1605619E-StateMachineUpdater: set stopIndex = 8
2021-12-02 10:58:35,363 [om1@group-C5BA1605619E-StateMachineUpdater] INFO  ratis.OzoneManagerStateMachine (OzoneManagerStateMachine.java:takeSnapshot(417)) - Current Snapshot Index (t:1, i:8)
2021-12-02 10:58:35,364 [om1@group-C5BA1605619E-StateMachineUpdater] INFO  impl.StateMachineUpdater (StateMachineUpdater.java:takeSnapshot(281)) - om1@group-C5BA1605619E-StateMachineUpdater: Took a snapshot at index 8
2021-12-02 10:58:35,364 [om1@group-C5BA1605619E-StateMachineUpdater] INFO  impl.StateMachineUpdater (StateMachineUpdater.java:lambda$new$0(89)) - om1@group-C5BA1605619E-StateMachineUpdater: snapshotIndex: updateIncreasingly -1 -> 8
2021-12-02 10:58:35,364 [om1@group-C5BA1605619E-StateMachineUpdater] INFO  ratis.OzoneManagerStateMachine (OzoneManagerStateMachine.java:close(471)) - StateMachine has shutdown. Shutdown OzoneManager if not already shutdown.
2021-12-02 10:58:35,364 [Mini-Cluster-Provider-Reap] INFO  server.RaftServer$Division (ServerState.java:close(419)) - om1@group-C5BA1605619E: closes. applyIndex: 8
2021-12-02 10:58:35,364 [om1@group-C5BA1605619E-SegmentedRaftLogWorker] INFO  segmented.SegmentedRaftLogWorker (SegmentedRaftLogWorker.java:run(327)) - om1@group-C5BA1605619E-SegmentedRaftLogWorker was interrupted, exiting. There are 0 tasks remaining in the queue.
2021-12-02 10:58:35,365 [Mini-Cluster-Provider-Reap] INFO  segmented.SegmentedRaftLogWorker (SegmentedRaftLogWorker.java:close(237)) - om1@group-C5BA1605619E-SegmentedRaftLogWorker close()
2021-12-02 10:58:35,365 [Mini-Cluster-Provider-Reap] INFO  server.GrpcService (GrpcService.java:closeImpl(262)) - om1: shutdown server with port 36861 now
2021-12-02 10:58:35,366 [Mini-Cluster-Provider-Reap] INFO  server.GrpcService (GrpcService.java:closeImpl(271)) - om1: shutdown server with port 36861 successfully
2021-12-02 10:58:35,366 [org.apache.ratis.util.JvmPauseMonitor$$Lambda$540/1659449900@5f259578] INFO  util.JvmPauseMonitor (JvmPauseMonitor.java:run(109)) - JvmPauseMonitor-om1: Stopped
2021-12-02 10:58:35,366 [Mini-Cluster-Provider-Reap] INFO  ratis.OzoneManagerDoubleBuffer (OzoneManagerDoubleBuffer.java:stop(437)) - Stopping OMDoubleBuffer flush thread
2021-12-02 10:58:35,366 [OMDoubleBufferFlushThread] INFO  ratis.OzoneManagerDoubleBuffer (OzoneManagerDoubleBuffer.java:flushTransactions(356)) - OMDoubleBuffer flush thread OMDoubleBufferFlushThread is interrupted and will exit. OMDoubleBufferFlushThread
2021-12-02 10:58:35,367 [Mini-Cluster-Provider-Reap] INFO  utils.BackgroundService (BackgroundService.java:shutdown(132)) - Shutting down service KeyDeletingService
2021-12-02 10:58:35,398 [Mini-Cluster-Provider-Reap] INFO  utils.BackgroundService (BackgroundService.java:shutdown(132)) - Shutting down service DirectoryDeletingService
2021-12-02 10:58:35,462 [Mini-Cluster-Provider-Reap] INFO  handler.ContextHandler (ContextHandler.java:doStop(1153)) - Stopped o.e.j.w.WebAppContext@3f9a88cc{ozoneManager,/,null,STOPPED}{file:/home/runner/work/ozone/ozone/hadoop-ozone/integration-test/target/test-classes/webapps/ozoneManager}
2021-12-02 10:58:35,463 [EventQueue-OpenPipelineForHealthyPipelineSafeModeRule] INFO  safemode.SCMSafeModeManager (HealthyPipelineSafeModeRule.java:process(124)) - SCM in safe mode. Healthy pipelines reported count is 0, required healthy pipeline reported count is 1
2021-12-02 10:58:35,472 [Mini-Cluster-Provider-Reap] INFO  server.AbstractConnector (AbstractConnector.java:doStop(381)) - Stopped ServerConnector@2d75cfc1{HTTP/1.1, (http/1.1)}{0.0.0.0:0}
2021-12-02 10:58:35,472 [Mini-Cluster-Provider-Reap] INFO  server.session (HouseKeeper.java:stopScavenging(149)) - node0 Stopped scavenging
2021-12-02 10:58:35,522 [Mini-Cluster-Provider-Reap] INFO  handler.ContextHandler (ContextHandler.java:doStop(1153)) - Stopped o.e.j.s.ServletContextHandler@3fc629ae{static,/static,file:///home/runner/work/ozone/ozone/hadoop-ozone/integration-test/target/test-classes/webapps/static,STOPPED}
2021-12-02 10:58:35,522 [Mini-Cluster-Provider-Reap] INFO  handler.ContextHandler (ContextHandler.java:doStop(1153)) - Stopped o.e.j.s.ServletContextHandler@40c70daa{logs,/logs,file:///home/runner/work/ozone/ozone/hadoop-ozone/integration-test/target/log,STOPPED}
2021-12-02 10:58:35,643 [Mini-Cluster-Provider-Reap] INFO  ozone.MiniOzoneClusterImpl (MiniOzoneClusterImpl.java:stopDatanodes(527)) - Stopping the HddsDatanodes
2021-12-02 10:58:35,655 [Datanode State Machine Daemon Thread] WARN  statemachine.StateContext (StateContext.java:setState(249)) - Ignore disallowed transition from SHUTDOWN to RUNNING
2021-12-02 10:58:35,671 [Listener at 127.0.0.1/45099] INFO  ozone.MiniOzoneClusterImpl (MiniOzoneClusterImpl.java:lambda$waitForClusterToBeReady$0(235)) - Nodes are ready. Got 3 of 3 DN Heartbeats.
2021-12-02 10:58:35,671 [Listener at 127.0.0.1/45099] INFO  ozone.MiniOzoneClusterImpl (MiniOzoneClusterImpl.java:lambda$waitForClusterToBeReady$0(238)) - Waiting for cluster to exit safe mode
2021-12-02 10:58:35,671 [Listener at 127.0.0.1/45099] INFO  ozone.MiniOzoneClusterImpl (MiniOzoneClusterImpl.java:lambda$waitForClusterToBeReady$0(240)) - SCM became leader
2021-12-02 10:58:35,677 [Time-limited test] INFO  rpc.RpcClient (RpcClient.java:createVolume(389)) - Creating Volume: testhddsupgrade, with runner as owner and space quota set to -1 bytes, counts quota set to -1
2021-12-02 10:58:35,735 [Command processor thread] INFO  server.RaftServer (RaftServerProxy.java:addNew(95)) - 4e57e8a8-e34c-4c63-9ee2-ea20f579f12f: addNew group-84E05B1291EB:[4e57e8a8-e34c-4c63-9ee2-ea20f579f12f|rpc:10.1.0.26:45399|priority:1] returns group-84E05B1291EB:java.util.concurrent.CompletableFuture@7ef4d85[Not completed]
2021-12-02 10:58:35,735 [pool-1435-thread-1] INFO  server.RaftServer$Division (RaftServerImpl.java:<init>(184)) - 4e57e8a8-e34c-4c63-9ee2-ea20f579f12f: new RaftServerImpl for group-84E05B1291EB:[4e57e8a8-e34c-4c63-9ee2-ea20f579f12f|rpc:10.1.0.26:45399|priority:1] with ContainerStateMachine:uninitialized
2021-12-02 10:58:35,735 [pool-1435-thread-1] INFO  server.RaftServerConfigKeys (ConfUtils.java:logGet(44)) - raft.server.rpc.timeout.min = 5s (custom)
2021-12-02 10:58:35,736 [pool-1435-thread-1] INFO  server.RaftServerConfigKeys (ConfUtils.java:logGet(44)) - raft.server.rpc.timeout.max = 5200ms (custom)
2021-12-02 10:58:35,736 [pool-1435-thread-1] INFO  server.RaftServerConfigKeys (ConfUtils.java:logGet(44)) - raft.server.rpc.sleep.time = 25ms (default)
2021-12-02 10:58:35,736 [pool-1435-thread-1] INFO  server.RaftServerConfigKeys (ConfUtils.java:logGet(44)) - raft.server.rpc.slowness.timeout = 300s (custom)
2021-12-02 10:58:35,736 [pool-1435-thread-1] INFO  server.RaftServerConfigKeys (ConfUtils.java:logGet(44)) - raft.server.leaderelection.leader.step-down.wait-time = 10s (default)
2021-12-02 10:58:35,736 [pool-1435-thread-1] INFO  server.RaftServerConfigKeys (ConfUtils.java:logGet(44)) - raft.server.sleep.deviation.threshold = 300ms (default)
2021-12-02 10:58:35,736 [pool-1435-thread-1] INFO  server.RaftServerConfigKeys (ConfUtils.java:logGet(44)) - raft.server.log.appender.install.snapshot.enabled = false (custom)
2021-12-02 10:58:35,736 [pool-1435-thread-1] INFO  server.RaftServer$Division (ServerState.java:<init>(105)) - 4e57e8a8-e34c-4c63-9ee2-ea20f579f12f@group-84E05B1291EB: ConfigurationManager, init=-1: [4e57e8a8-e34c-4c63-9ee2-ea20f579f12f|rpc:10.1.0.26:45399|priority:1], old=null, confs=<EMPTY_MAP>
2021-12-02 10:58:35,736 [pool-1435-thread-1] INFO  server.RaftServerConfigKeys (ConfUtils.java:logGet(44)) - raft.server.storage.dir = [/home/runner/work/ozone/ozone/hadoop-ozone/integration-test/target/test-dir/MiniOzoneClusterImpl-6e3ca0b7-cd04-429c-ac1f-9a38decf04c5/datanode-2/data/ratis] (custom)
2021-12-02 10:58:35,736 [pool-1435-thread-1] INFO  server.RaftServerConfigKeys (ConfUtils.java:logGet(44)) - raft.server.log.corruption.policy = EXCEPTION (default)
2021-12-02 10:58:35,736 [pool-1435-thread-1] INFO  server.RaftServerConfigKeys (ConfUtils.java:logGet(44)) - raft.server.storage.free-space.min = 0MB (=0) (default)
2021-12-02 10:58:35,736 [pool-1435-thread-1] INFO  storage.RaftStorageDirectory (RaftStorageDirectoryImpl.java:analyzeStorage(135)) - The storage directory /home/runner/work/ozone/ozone/hadoop-ozone/integration-test/target/test-dir/MiniOzoneClusterImpl-6e3ca0b7-cd04-429c-ac1f-9a38decf04c5/datanode-2/data/ratis/bdb95c9d-5853-44b0-95c8-84e05b1291eb does not exist. Creating ...
2021-12-02 10:58:35,758 [pool-1435-thread-1] INFO  storage.RaftStorageDirectory (RaftStorageDirectoryImpl.java:tryLock(230)) - Lock on /home/runner/work/ozone/ozone/hadoop-ozone/integration-test/target/test-dir/MiniOzoneClusterImpl-6e3ca0b7-cd04-429c-ac1f-9a38decf04c5/datanode-2/data/ratis/bdb95c9d-5853-44b0-95c8-84e05b1291eb/in_use.lock acquired by nodename 25563@fv-az270-116
2021-12-02 10:58:35,850 [pool-1435-thread-1] INFO  storage.RaftStorage (RaftStorageImpl.java:format(89)) - Storage directory /home/runner/work/ozone/ozone/hadoop-ozone/integration-test/target/test-dir/MiniOzoneClusterImpl-6e3ca0b7-cd04-429c-ac1f-9a38decf04c5/datanode-2/data/ratis/bdb95c9d-5853-44b0-95c8-84e05b1291eb has been successfully formatted.
2021-12-02 10:58:35,851 [pool-1435-thread-1] INFO  ratis.ContainerStateMachine (ContainerStateMachine.java:loadSnapshot(224)) - group-84E05B1291EB: The snapshot info is null. Setting the last applied indexto:(t:0, i:~)
2021-12-02 10:58:35,851 [pool-1435-thread-1] INFO  server.RaftServerConfigKeys (ConfUtils.java:logGet(44)) - raft.server.notification.no-leader.timeout = 300s (custom)
2021-12-02 10:58:35,851 [pool-1435-thread-1] INFO  server.RaftServerConfigKeys (ConfUtils.java:logGet(44)) - raft.server.log.use.memory = false (default)
2021-12-02 10:58:35,851 [pool-1435-thread-1] INFO  server.RaftServerConfigKeys (ConfUtils.java:logGet(44)) - raft.server.log.purge.gap = 1000000 (custom)
2021-12-02 10:58:35,851 [pool-1435-thread-1] INFO  server.RaftServerConfigKeys (ConfUtils.java:logGet(44)) - raft.server.log.appender.buffer.byte-limit = 33554432 (custom)
2021-12-02 10:58:35,852 [EventQueue-PipelineReportForPipelineReportHandler] INFO  pipeline.PipelineManagerImpl (PipelineManagerImpl.java:openPipeline(289)) - Pipeline Pipeline[ Id: bdb95c9d-5853-44b0-95c8-84e05b1291eb, Nodes: 4e57e8a8-e34c-4c63-9ee2-ea20f579f12f{ip: 10.1.0.26, host: fv-az270-116.tacnzluakwdehk1hpragurqkma.bx.internal.cloudapp.net, ports: [REPLICATION=43367, RATIS=45399, RATIS_ADMIN=45399, RATIS_SERVER=45399, STANDALONE=36637], networkLocation: /default-rack, certSerialId: null, persistedOpState: IN_SERVICE, persistedOpStateExpiryEpochSec: 0}, ReplicationConfig: RATIS/ONE, State:ALLOCATED, leaderId:4e57e8a8-e34c-4c63-9ee2-ea20f579f12f, CreationTimestamp2021-12-02T10:58:32.737Z[Etc/UTC]] moved to OPEN state
2021-12-02 10:58:35,852 [pool-1435-thread-1] INFO  server.RaftServerConfigKeys (ConfUtils.java:logGet(44)) - raft.server.log.segment.size.max = 1048576 (custom)
2021-12-02 10:58:35,852 [EventQueue-OpenPipelineForHealthyPipelineSafeModeRule] INFO  safemode.SCMSafeModeManager (HealthyPipelineSafeModeRule.java:process(124)) - SCM in safe mode. Healthy pipelines reported count is 0, required healthy pipeline reported count is 1
2021-12-02 10:58:35,853 [pool-1435-thread-1] INFO  server.RaftServerConfigKeys (ConfUtils.java:logGet(44)) - raft.server.log.segment.cache.num.max = 2 (custom)
2021-12-02 10:58:35,853 [pool-1435-thread-1] INFO  server.RaftServerConfigKeys (ConfUtils.java:logGet(44)) - raft.server.log.segment.cache.size.max = 200MB (=209715200) (default)
2021-12-02 10:58:35,853 [pool-1435-thread-1] INFO  segmented.SegmentedRaftLogWorker (SegmentedRaftLogWorker.java:<init>(182)) - new 4e57e8a8-e34c-4c63-9ee2-ea20f579f12f@group-84E05B1291EB-SegmentedRaftLogWorker for RaftStorageImpl:Storage Directory /home/runner/work/ozone/ozone/hadoop-ozone/integration-test/target/test-dir/MiniOzoneClusterImpl-6e3ca0b7-cd04-429c-ac1f-9a38decf04c5/datanode-2/data/ratis/bdb95c9d-5853-44b0-95c8-84e05b1291eb
2021-12-02 10:58:35,853 [pool-1435-thread-1] INFO  server.RaftServerConfigKeys (ConfUtils.java:logGet(44)) - raft.server.log.queue.byte-limit = 2147483647 (custom)
2021-12-02 10:58:35,853 [pool-1435-thread-1] INFO  server.RaftServerConfigKeys (ConfUtils.java:logGet(44)) - raft.server.log.queue.element-limit = 1024 (custom)
2021-12-02 10:58:35,853 [pool-1435-thread-1] INFO  server.RaftServerConfigKeys (ConfUtils.java:logGet(44)) - raft.server.log.segment.size.max = 1048576 (custom)
2021-12-02 10:58:35,853 [pool-1435-thread-1] INFO  server.RaftServerConfigKeys (ConfUtils.java:logGet(44)) - raft.server.log.preallocated.size = 16384 (custom)
2021-12-02 10:58:35,854 [pool-1435-thread-1] INFO  server.RaftServerConfigKeys (ConfUtils.java:logGet(44)) - raft.server.log.force.sync.num = 128 (default)
2021-12-02 10:58:35,854 [pool-1435-thread-1] INFO  server.RaftServerConfigKeys (ConfUtils.java:logGet(44)) - raft.server.log.statemachine.data.sync = true (default)
2021-12-02 10:58:35,854 [pool-1435-thread-1] INFO  server.RaftServerConfigKeys (ConfUtils.java:logGet(44)) - raft.server.log.statemachine.data.sync.timeout = 10s (default)
2021-12-02 10:58:35,854 [pool-1435-thread-1] INFO  server.RaftServerConfigKeys (ConfUtils.java:logGet(44)) - raft.server.log.statemachine.data.sync.timeout.retry = -1 (default)
2021-12-02 10:58:35,866 [pool-1435-thread-1] INFO  server.RaftServerConfigKeys (ConfUtils.java:logGet(44)) - raft.server.log.write.buffer.size = 1048576 (custom)
2021-12-02 10:58:35,874 [pool-1435-thread-1] INFO  server.RaftServerConfigKeys (ConfUtils.java:logGet(44)) - raft.server.log.statemachine.data.caching.enabled = true (custom)
2021-12-02 10:58:35,867 [OM StateMachine ApplyTransaction Thread - 0] INFO  volume.OMVolumeCreateRequest (OMVolumeCreateRequest.java:validateAndUpdateCache(195)) - created volume:testhddsupgrade for user:runner
2021-12-02 10:58:35,885 [pool-1435-thread-1] INFO  segmented.SegmentedRaftLogWorker (SegmentedRaftLogWorker.java:lambda$new$0(133)) - 4e57e8a8-e34c-4c63-9ee2-ea20f579f12f@group-84E05B1291EB-SegmentedRaftLogWorker: flushIndex: setUnconditionally 0 -> -1
2021-12-02 10:58:35,885 [pool-1435-thread-1] INFO  segmented.SegmentedRaftLogWorker (SegmentedRaftLogWorker.java:lambda$new$0(133)) - 4e57e8a8-e34c-4c63-9ee2-ea20f579f12f@group-84E05B1291EB-SegmentedRaftLogWorker: safeCacheEvictIndex: setUnconditionally 0 -> -1
2021-12-02 10:58:35,948 [pool-1435-thread-1] INFO  server.RaftServerConfigKeys (ConfUtils.java:logGet(44)) - raft.server.snapshot.auto.trigger.enabled = true (custom)
2021-12-02 10:58:35,948 [pool-1435-thread-1] INFO  server.RaftServerConfigKeys (ConfUtils.java:logGet(44)) - raft.server.snapshot.auto.trigger.threshold = 10000 (custom)
2021-12-02 10:58:35,948 [pool-1435-thread-1] INFO  server.RaftServerConfigKeys (ConfUtils.java:logGet(44)) - raft.server.snapshot.retention.file.num = 5 (custom)
2021-12-02 10:58:35,949 [pool-1435-thread-1] INFO  server.RaftServerConfigKeys (ConfUtils.java:logGet(44)) - raft.server.log.purge.upto.snapshot.index = false (default)
2021-12-02 10:58:35,949 [pool-1435-thread-1] INFO  server.RaftServerConfigKeys (ConfUtils.java:logGet(44)) - raft.server.retrycache.expirytime = 600000ms (custom)
2021-12-02 10:58:35,949 [pool-1435-thread-1] INFO  server.RaftServerConfigKeys (ConfUtils.java:logGet(44)) - raft.server.retrycache.statistics.expirytime = 100μs (default)
2021-12-02 10:58:35,996 [pool-1435-thread-1] INFO  server.RaftServer$Division (RaftServerImpl.java:start(301)) - 4e57e8a8-e34c-4c63-9ee2-ea20f579f12f@group-84E05B1291EB: start as a follower, conf=-1: [4e57e8a8-e34c-4c63-9ee2-ea20f579f12f|rpc:10.1.0.26:45399|priority:1], old=null
2021-12-02 10:58:35,997 [pool-1435-thread-1] INFO  server.RaftServer$Division (RaftServerImpl.java:setRole(290)) - 4e57e8a8-e34c-4c63-9ee2-ea20f579f12f@group-84E05B1291EB: changes role from      null to FOLLOWER at term 0 for startAsFollower
2021-12-02 10:58:35,997 [pool-1435-thread-1] INFO  impl.RoleInfo (RoleInfo.java:updateAndGet(130)) - 4e57e8a8-e34c-4c63-9ee2-ea20f579f12f: start 4e57e8a8-e34c-4c63-9ee2-ea20f579f12f@group-84E05B1291EB-FollowerState
2021-12-02 10:58:36,027 [pool-1435-thread-1] INFO  util.JmxRegister (JmxRegister.java:tryRegister(44)) - Successfully registered JMX Bean with object name Ratis:service=RaftServer,group=group-84E05B1291EB,id=4e57e8a8-e34c-4c63-9ee2-ea20f579f12f
2021-12-02 10:58:36,035 [Command processor thread] INFO  ratis.XceiverServerRatis (XceiverServerRatis.java:addGroup(768)) - Created group PipelineID=bdb95c9d-5853-44b0-95c8-84e05b1291eb
2021-12-02 10:58:36,035 [Command processor thread] INFO  commandhandler.CreatePipelineCommandHandler (CreatePipelineCommandHandler.java:handle(106)) - Created Pipeline RATIS ONE PipelineID=bdb95c9d-5853-44b0-95c8-84e05b1291eb.
2021-12-02 10:58:36,043 [EventQueue-OpenPipelineForHealthyPipelineSafeModeRule] INFO  safemode.SCMSafeModeManager (HealthyPipelineSafeModeRule.java:process(124)) - SCM in safe mode. Healthy pipelines reported count is 0, required healthy pipeline reported count is 1
2021-12-02 10:58:36,062 [Time-limited test] INFO  rpc.RpcClient (RpcClient.java:createBucket(549)) - Creating Bucket: testhddsupgrade/testhddsupgrade, with Versioning false and Storage Type set to DISK and Encryption set to false 
2021-12-02 10:58:36,290 [IPC Server handler 2 on default port 34831] WARN  ha.SequenceIdGenerator (SequenceIdGenerator.java:allocateBatch(235)) - Failed to allocate a batch for localId, expected lastId is 0, actual lastId is 107544261427200000.
2021-12-02 10:58:36,290 [IPC Server handler 2 on default port 34831] INFO  ha.SequenceIdGenerator (SequenceIdGenerator.java:getNextId(127)) - Allocate a batch for localId, change lastId from 107544261427200000 to 107544261427201000.
2021-12-02 10:58:36,356 [EventQueue-OpenPipelineForHealthyPipelineSafeModeRule] INFO  safemode.SCMSafeModeManager (HealthyPipelineSafeModeRule.java:process(124)) - SCM in safe mode. Healthy pipelines reported count is 0, required healthy pipeline reported count is 1
2021-12-02 10:58:36,672 [Listener at 127.0.0.1/45099] INFO  ozone.MiniOzoneClusterImpl (MiniOzoneClusterImpl.java:lambda$waitForClusterToBeReady$0(235)) - Nodes are ready. Got 3 of 3 DN Heartbeats.
2021-12-02 10:58:36,672 [Listener at 127.0.0.1/45099] INFO  ozone.MiniOzoneClusterImpl (MiniOzoneClusterImpl.java:lambda$waitForClusterToBeReady$0(238)) - Waiting for cluster to exit safe mode
2021-12-02 10:58:36,672 [Listener at 127.0.0.1/45099] INFO  ozone.MiniOzoneClusterImpl (MiniOzoneClusterImpl.java:lambda$waitForClusterToBeReady$0(240)) - SCM became leader
2021-12-02 10:58:36,880 [Time-limited test] INFO  upgrade.UpgradeFinalizer (BasicUpgradeFinalizer.java:logAndEmit(342)) - Finalization started.
2021-12-02 10:58:36,880 [Time-limited test] INFO  pipeline.BackgroundPipelineCreator (BackgroundPipelineCreator.java:stop(158)) - Stopping RatisPipelineUtilsThread.
2021-12-02 10:58:36,881 [Time-limited test] INFO  pipeline.PipelineManagerImpl (PipelineManagerImpl.java:closePipeline(349)) - Pipeline Pipeline[ Id: 3471f3da-6093-4d63-bb20-e44121bd2f34, Nodes: f82ce74c-d344-4424-8faf-57994d5deae6{ip: 10.1.0.26, host: fv-az270-116.tacnzluakwdehk1hpragurqkma.bx.internal.cloudapp.net, ports: [REPLICATION=39687, RATIS=34529, RATIS_ADMIN=34529, RATIS_SERVER=34529, STANDALONE=41675], networkLocation: /default-rack, certSerialId: null, persistedOpState: IN_SERVICE, persistedOpStateExpiryEpochSec: 0}aad1e884-dc0c-43f6-a9fd-14f12d4b30b4{ip: 10.1.0.26, host: fv-az270-116.tacnzluakwdehk1hpragurqkma.bx.internal.cloudapp.net, ports: [REPLICATION=39025, RATIS=39765, RATIS_ADMIN=39765, RATIS_SERVER=39765, STANDALONE=42933], networkLocation: /default-rack, certSerialId: null, persistedOpState: IN_SERVICE, persistedOpStateExpiryEpochSec: 0}189e5a6c-5aeb-4ebf-ab25-1500da4b2a9e{ip: 10.1.0.26, host: fv-az270-116.tacnzluakwdehk1hpragurqkma.bx.internal.cloudapp.net, ports: [REPLICATION=44643, RATIS=43265, RATIS_ADMIN=43265, RATIS_SERVER=43265, STANDALONE=35931], networkLocation: /default-rack, certSerialId: null, persistedOpState: IN_SERVICE, persistedOpStateExpiryEpochSec: 0}, ReplicationConfig: RATIS/THREE, State:OPEN, leaderId:189e5a6c-5aeb-4ebf-ab25-1500da4b2a9e, CreationTimestamp2021-12-02T10:57:59.208Z[Etc/UTC]] moved to CLOSED state
2021-12-02 10:58:36,886 [Time-limited test] INFO  pipeline.PipelineManagerImpl (PipelineManagerImpl.java:closePipeline(349)) - Pipeline Pipeline[ Id: 2e62d84e-73d5-484b-b6ac-da6de4f61f83, Nodes: 189e5a6c-5aeb-4ebf-ab25-1500da4b2a9e{ip: 10.1.0.26, host: fv-az270-116.tacnzluakwdehk1hpragurqkma.bx.internal.cloudapp.net, ports: [REPLICATION=44643, RATIS=43265, RATIS_ADMIN=43265, RATIS_SERVER=43265, STANDALONE=35931], networkLocation: /default-rack, certSerialId: null, persistedOpState: IN_SERVICE, persistedOpStateExpiryEpochSec: 0}, ReplicationConfig: RATIS/ONE, State:OPEN, leaderId:189e5a6c-5aeb-4ebf-ab25-1500da4b2a9e, CreationTimestamp2021-12-02T10:57:59.207Z[Etc/UTC]] moved to CLOSED state
2021-12-02 10:58:36,887 [Time-limited test] INFO  pipeline.PipelineManagerImpl (PipelineManagerImpl.java:closePipeline(349)) - Pipeline Pipeline[ Id: 0e72d291-b335-467b-97b5-aa5ae33563ce, Nodes: f82ce74c-d344-4424-8faf-57994d5deae6{ip: 10.1.0.26, host: fv-az270-116.tacnzluakwdehk1hpragurqkma.bx.internal.cloudapp.net, ports: [REPLICATION=39687, RATIS=34529, RATIS_ADMIN=34529, RATIS_SERVER=34529, STANDALONE=41675], networkLocation: /default-rack, certSerialId: null, persistedOpState: IN_SERVICE, persistedOpStateExpiryEpochSec: 0}, ReplicationConfig: RATIS/ONE, State:OPEN, leaderId:f82ce74c-d344-4424-8faf-57994d5deae6, CreationTimestamp2021-12-02T10:57:57.639Z[Etc/UTC]] moved to CLOSED state
2021-12-02 10:58:36,887 [Time-limited test] INFO  pipeline.PipelineManagerImpl (PipelineManagerImpl.java:closePipeline(349)) - Pipeline Pipeline[ Id: b1a90bc7-6486-4f34-b1c9-efc938b084a2, Nodes: aad1e884-dc0c-43f6-a9fd-14f12d4b30b4{ip: 10.1.0.26, host: fv-az270-116.tacnzluakwdehk1hpragurqkma.bx.internal.cloudapp.net, ports: [REPLICATION=39025, RATIS=39765, RATIS_ADMIN=39765, RATIS_SERVER=39765, STANDALONE=42933], networkLocation: /default-rack, certSerialId: null, persistedOpState: IN_SERVICE, persistedOpStateExpiryEpochSec: 0}, ReplicationConfig: RATIS/ONE, State:OPEN, leaderId:aad1e884-dc0c-43f6-a9fd-14f12d4b30b4, CreationTimestamp2021-12-02T10:57:58.295Z[Etc/UTC]] moved to CLOSED state
2021-12-02 10:58:36,887 [Time-limited test] INFO  upgrade.UpgradeFinalizer (SCMUpgradeFinalizer.java:waitForAllPipelinesToDestroy(155)) - Waiting for all pipelines to close.
2021-12-02 10:58:36,887 [EventQueue-CloseContainerForCloseContainerEventHandler] INFO  container.CloseContainerEventHandler (CloseContainerEventHandler.java:onMessage(69)) - Close container Event triggered for container : #1
2021-12-02 10:58:36,887 [EventQueue-CloseContainerForCloseContainerEventHandler] INFO  container.CloseContainerEventHandler (CloseContainerEventHandler.java:onMessage(69)) - Close container Event triggered for container : #2
2021-12-02 10:58:36,964 [EventQueue-OpenPipelineForHealthyPipelineSafeModeRule] INFO  safemode.SCMSafeModeManager (HealthyPipelineSafeModeRule.java:process(124)) - SCM in safe mode. Healthy pipelines reported count is 0, required healthy pipeline reported count is 1
2021-12-02 10:58:37,356 [EventQueue-OpenPipelineForHealthyPipelineSafeModeRule] INFO  safemode.SCMSafeModeManager (HealthyPipelineSafeModeRule.java:process(124)) - SCM in safe mode. Healthy pipelines reported count is 0, required healthy pipeline reported count is 1
2021-12-02 10:58:37,391 [9930b808-53d6-4b45-9b20-3dd522ef5570@group-629565143915-FollowerState] INFO  impl.FollowerState (FollowerState.java:run(134)) - 9930b808-53d6-4b45-9b20-3dd522ef5570@group-629565143915-FollowerState: change to CANDIDATE, lastRpcElapsedTime:5019510931ns, electionTimeout:5018ms
2021-12-02 10:58:37,391 [9930b808-53d6-4b45-9b20-3dd522ef5570@group-629565143915-FollowerState] INFO  impl.RoleInfo (RoleInfo.java:shutdownFollowerState(108)) - 9930b808-53d6-4b45-9b20-3dd522ef5570: shutdown 9930b808-53d6-4b45-9b20-3dd522ef5570@group-629565143915-FollowerState
2021-12-02 10:58:37,391 [9930b808-53d6-4b45-9b20-3dd522ef5570@group-629565143915-FollowerState] INFO  server.RaftServer$Division (RaftServerImpl.java:setRole(290)) - 9930b808-53d6-4b45-9b20-3dd522ef5570@group-629565143915: changes role from  FOLLOWER to CANDIDATE at term 0 for changeToCandidate
2021-12-02 10:58:37,391 [9930b808-53d6-4b45-9b20-3dd522ef5570@group-629565143915-FollowerState] INFO  server.RaftServerConfigKeys (ConfUtils.java:logGet(44)) - raft.server.leaderelection.pre-vote = false (custom)
2021-12-02 10:58:37,391 [9930b808-53d6-4b45-9b20-3dd522ef5570@group-629565143915-FollowerState] INFO  impl.RoleInfo (RoleInfo.java:updateAndGet(130)) - 9930b808-53d6-4b45-9b20-3dd522ef5570: start 9930b808-53d6-4b45-9b20-3dd522ef5570@group-629565143915-LeaderElection130
2021-12-02 10:58:37,461 [9930b808-53d6-4b45-9b20-3dd522ef5570@group-629565143915-LeaderElection130] INFO  impl.LeaderElection (LeaderElection.java:askForVotes(306)) - 9930b808-53d6-4b45-9b20-3dd522ef5570@group-629565143915-LeaderElection130 ELECTION round 0: submit vote requests at term 1 for -1: [9930b808-53d6-4b45-9b20-3dd522ef5570|rpc:10.1.0.26:46243|priority:1], old=null
2021-12-02 10:58:37,461 [9930b808-53d6-4b45-9b20-3dd522ef5570@group-629565143915-LeaderElection130] INFO  impl.LeaderElection (LeaderElection.java:askForVotes(308)) - 9930b808-53d6-4b45-9b20-3dd522ef5570@group-629565143915-LeaderElection130 ELECTION round 0: result PASSED (term=1)
2021-12-02 10:58:37,461 [9930b808-53d6-4b45-9b20-3dd522ef5570@group-629565143915-LeaderElection130] INFO  impl.RoleInfo (RoleInfo.java:shutdownLeaderElection(121)) - 9930b808-53d6-4b45-9b20-3dd522ef5570: shutdown 9930b808-53d6-4b45-9b20-3dd522ef5570@group-629565143915-LeaderElection130
2021-12-02 10:58:37,461 [9930b808-53d6-4b45-9b20-3dd522ef5570@group-629565143915-LeaderElection130] INFO  server.RaftServer$Division (RaftServerImpl.java:setRole(290)) - 9930b808-53d6-4b45-9b20-3dd522ef5570@group-629565143915: changes role from CANDIDATE to LEADER at term 1 for changeToLeader
2021-12-02 10:58:37,461 [9930b808-53d6-4b45-9b20-3dd522ef5570@group-629565143915-LeaderElection130] INFO  ratis.XceiverServerRatis (XceiverServerRatis.java:handleLeaderChangedNotification(866)) - Leader change notification received for group: group-629565143915 with new leaderId: 9930b808-53d6-4b45-9b20-3dd522ef5570
2021-12-02 10:58:37,461 [9930b808-53d6-4b45-9b20-3dd522ef5570@group-629565143915-LeaderElection130] INFO  server.RaftServer$Division (ServerState.java:setLeader(285)) - 9930b808-53d6-4b45-9b20-3dd522ef5570@group-629565143915: change Leader from null to 9930b808-53d6-4b45-9b20-3dd522ef5570 at term 1 for becomeLeader, leader elected after 5104ms
2021-12-02 10:58:37,461 [9930b808-53d6-4b45-9b20-3dd522ef5570@group-629565143915-LeaderElection130] INFO  server.RaftServerConfigKeys (ConfUtils.java:logGet(44)) - raft.server.staging.catchup.gap = 1000 (default)
2021-12-02 10:58:37,461 [9930b808-53d6-4b45-9b20-3dd522ef5570@group-629565143915-LeaderElection130] INFO  server.RaftServerConfigKeys (ConfUtils.java:logGet(44)) - raft.server.write.element-limit = 1024 (custom)
2021-12-02 10:58:37,461 [9930b808-53d6-4b45-9b20-3dd522ef5570@group-629565143915-LeaderElection130] INFO  server.RaftServerConfigKeys (ConfUtils.java:logGet(44)) - raft.server.write.byte-limit = 1024 M (=1073741824) (custom)
2021-12-02 10:58:37,462 [9930b808-53d6-4b45-9b20-3dd522ef5570@group-629565143915-LeaderElection130] INFO  server.RaftServerConfigKeys (ConfUtils.java:logGet(44)) - raft.server.watch.timeout = 180s (custom)
2021-12-02 10:58:37,462 [9930b808-53d6-4b45-9b20-3dd522ef5570@group-629565143915-LeaderElection130] INFO  server.RaftServerConfigKeys (ConfUtils.java:logGet(44)) - raft.server.watch.timeout.denomination = 1s (default)
2021-12-02 10:58:37,462 [9930b808-53d6-4b45-9b20-3dd522ef5570@group-629565143915-LeaderElection130] INFO  server.RaftServerConfigKeys (ConfUtils.java:logGet(44)) - raft.server.watch.element-limit = 65536 (default)
2021-12-02 10:58:37,465 [9930b808-53d6-4b45-9b20-3dd522ef5570@group-629565143915-LeaderElection130] INFO  server.RaftServerConfigKeys (ConfUtils.java:logGet(44)) - raft.server.write.element-limit = 1024 (custom)
2021-12-02 10:58:37,465 [9930b808-53d6-4b45-9b20-3dd522ef5570@group-629565143915-LeaderElection130] INFO  server.RaftServerConfigKeys (ConfUtils.java:logGet(44)) - raft.server.write.follower.gap.ratio.max = -1.0 (default)
2021-12-02 10:58:37,465 [9930b808-53d6-4b45-9b20-3dd522ef5570@group-629565143915-LeaderElection130] INFO  impl.RoleInfo (RoleInfo.java:updateAndGet(130)) - 9930b808-53d6-4b45-9b20-3dd522ef5570: start 9930b808-53d6-4b45-9b20-3dd522ef5570@group-629565143915-LeaderStateImpl
2021-12-02 10:58:37,466 [9930b808-53d6-4b45-9b20-3dd522ef5570@group-629565143915-LeaderElection130] INFO  segmented.SegmentedRaftLogWorker (SegmentedRaftLogWorker.java:startLogSegment(394)) - 9930b808-53d6-4b45-9b20-3dd522ef5570@group-629565143915-SegmentedRaftLogWorker: Starting segment from index:0
2021-12-02 10:58:37,469 [9930b808-53d6-4b45-9b20-3dd522ef5570@group-629565143915-LeaderElection130] INFO  server.RaftServer$Division (ServerState.java:setRaftConf(387)) - 9930b808-53d6-4b45-9b20-3dd522ef5570@group-629565143915: set configuration 0: [9930b808-53d6-4b45-9b20-3dd522ef5570|rpc:10.1.0.26:46243|dataStream:|priority:1], old=null
2021-12-02 10:58:37,506 [9930b808-53d6-4b45-9b20-3dd522ef5570@group-629565143915-SegmentedRaftLogWorker] INFO  segmented.SegmentedRaftLogWorker (SegmentedRaftLogWorker.java:execute(601)) - 9930b808-53d6-4b45-9b20-3dd522ef5570@group-629565143915-SegmentedRaftLogWorker: created new log segment /home/runner/work/ozone/ozone/hadoop-ozone/integration-test/target/test-dir/MiniOzoneClusterImpl-0f1daa9f-dfc3-45b0-9271-6b7296f45125/datanode-2/data/ratis/31401fa0-d441-4a9f-8b23-629565143915/current/log_inprogress_0
2021-12-02 10:58:37,564 [pool-1263-thread-4] INFO  keyvalue.KeyValueContainer (KeyValueContainer.java:flushAndSyncDB(397)) - Container 1 is synced with bcsId 0.
2021-12-02 10:58:37,564 [pool-1263-thread-4] INFO  keyvalue.KeyValueContainer (KeyValueContainer.java:flushAndSyncDB(397)) - Container 1 is synced with bcsId 0.
2021-12-02 10:58:37,566 [pool-1263-thread-4] INFO  keyvalue.KeyValueContainer (KeyValueContainer.java:close(334)) - Container 1 is closed with bcsId 0.
2021-12-02 10:58:37,605 [EventQueue-IncrementalContainerReportForIncrementalContainerReportHandler] INFO  container.IncrementalContainerReportHandler (AbstractContainerReportHandler.java:updateContainerState(223)) - Moving container #1 to CLOSED state, datanode 189e5a6c-5aeb-4ebf-ab25-1500da4b2a9e{ip: 10.1.0.26, host: fv-az270-116.tacnzluakwdehk1hpragurqkma.bx.internal.cloudapp.net, ports: [REPLICATION=44643, RATIS=43265, RATIS_ADMIN=43265, RATIS_SERVER=43265, STANDALONE=35931], networkLocation: /default-rack, certSerialId: null, persistedOpState: IN_SERVICE, persistedOpStateExpiryEpochSec: 0} reported CLOSED replica.
2021-12-02 10:58:37,672 [Listener at 127.0.0.1/45099] INFO  ozone.MiniOzoneClusterImpl (MiniOzoneClusterImpl.java:lambda$waitForClusterToBeReady$0(235)) - Nodes are ready. Got 3 of 3 DN Heartbeats.
2021-12-02 10:58:37,672 [Listener at 127.0.0.1/45099] INFO  ozone.MiniOzoneClusterImpl (MiniOzoneClusterImpl.java:lambda$waitForClusterToBeReady$0(238)) - Waiting for cluster to exit safe mode
2021-12-02 10:58:37,672 [Listener at 127.0.0.1/45099] INFO  ozone.MiniOzoneClusterImpl (MiniOzoneClusterImpl.java:lambda$waitForClusterToBeReady$0(240)) - SCM became leader
2021-12-02 10:58:37,728 [pool-1261-thread-4] INFO  keyvalue.KeyValueContainer (KeyValueContainer.java:flushAndSyncDB(397)) - Container 1 is synced with bcsId 0.
2021-12-02 10:58:37,737 [pool-1261-thread-4] INFO  keyvalue.KeyValueContainer (KeyValueContainer.java:flushAndSyncDB(397)) - Container 1 is synced with bcsId 0.
2021-12-02 10:58:37,758 [pool-1262-thread-4] INFO  keyvalue.KeyValueContainer (KeyValueContainer.java:flushAndSyncDB(397)) - Container 1 is synced with bcsId 0.
2021-12-02 10:58:37,758 [pool-1262-thread-4] INFO  keyvalue.KeyValueContainer (KeyValueContainer.java:flushAndSyncDB(397)) - Container 1 is synced with bcsId 0.
2021-12-02 10:58:37,764 [pool-1262-thread-4] INFO  keyvalue.KeyValueContainer (KeyValueContainer.java:close(334)) - Container 1 is closed with bcsId 0.
2021-12-02 10:58:37,771 [pool-1261-thread-4] INFO  keyvalue.KeyValueContainer (KeyValueContainer.java:close(334)) - Container 1 is closed with bcsId 0.
2021-12-02 10:58:37,816 [pool-1263-thread-5] INFO  keyvalue.KeyValueContainer (KeyValueContainer.java:flushAndSyncDB(397)) - Container 2 is synced with bcsId 4.
2021-12-02 10:58:37,816 [pool-1263-thread-5] INFO  keyvalue.KeyValueContainer (KeyValueContainer.java:flushAndSyncDB(397)) - Container 2 is synced with bcsId 4.
2021-12-02 10:58:37,818 [pool-1263-thread-5] INFO  keyvalue.KeyValueContainer (KeyValueContainer.java:close(334)) - Container 2 is closed with bcsId 4.
2021-12-02 10:58:37,819 [pool-1261-thread-5] INFO  keyvalue.KeyValueContainer (KeyValueContainer.java:flushAndSyncDB(397)) - Container 2 is synced with bcsId 4.
2021-12-02 10:58:37,820 [pool-1261-thread-5] INFO  keyvalue.KeyValueContainer (KeyValueContainer.java:flushAndSyncDB(397)) - Container 2 is synced with bcsId 4.
2021-12-02 10:58:37,821 [pool-1261-thread-5] INFO  keyvalue.KeyValueContainer (KeyValueContainer.java:close(334)) - Container 2 is closed with bcsId 4.
2021-12-02 10:58:37,838 [EventQueue-IncrementalContainerReportForIncrementalContainerReportHandler] INFO  container.IncrementalContainerReportHandler (AbstractContainerReportHandler.java:updateContainerState(223)) - Moving container #2 to CLOSED state, datanode f82ce74c-d344-4424-8faf-57994d5deae6{ip: 10.1.0.26, host: fv-az270-116.tacnzluakwdehk1hpragurqkma.bx.internal.cloudapp.net, ports: [REPLICATION=39687, RATIS=34529, RATIS_ADMIN=34529, RATIS_SERVER=34529, STANDALONE=41675], networkLocation: /default-rack, certSerialId: null, persistedOpState: IN_SERVICE, persistedOpStateExpiryEpochSec: 0} reported CLOSED replica.
2021-12-02 10:58:37,927 [pool-1262-thread-5] INFO  keyvalue.KeyValueContainer (KeyValueContainer.java:flushAndSyncDB(397)) - Container 2 is synced with bcsId 4.
2021-12-02 10:58:37,927 [pool-1262-thread-5] INFO  keyvalue.KeyValueContainer (KeyValueContainer.java:flushAndSyncDB(397)) - Container 2 is synced with bcsId 4.
2021-12-02 10:58:37,938 [pool-1262-thread-5] INFO  keyvalue.KeyValueContainer (KeyValueContainer.java:close(334)) - Container 2 is closed with bcsId 4.
2021-12-02 10:58:38,043 [EventQueue-OpenPipelineForHealthyPipelineSafeModeRule] INFO  safemode.SCMSafeModeManager (HealthyPipelineSafeModeRule.java:process(124)) - SCM in safe mode. Healthy pipelines reported count is 0, required healthy pipeline reported count is 1
2021-12-02 10:58:38,672 [Listener at 127.0.0.1/45099] INFO  ozone.MiniOzoneClusterImpl (MiniOzoneClusterImpl.java:lambda$waitForClusterToBeReady$0(235)) - Nodes are ready. Got 3 of 3 DN Heartbeats.
2021-12-02 10:58:38,672 [Listener at 127.0.0.1/45099] INFO  ozone.MiniOzoneClusterImpl (MiniOzoneClusterImpl.java:lambda$waitForClusterToBeReady$0(238)) - Waiting for cluster to exit safe mode
2021-12-02 10:58:38,672 [Listener at 127.0.0.1/45099] INFO  ozone.MiniOzoneClusterImpl (MiniOzoneClusterImpl.java:lambda$waitForClusterToBeReady$0(240)) - SCM became leader
2021-12-02 10:58:38,967 [EventQueue-OpenPipelineForHealthyPipelineSafeModeRule] INFO  safemode.SCMSafeModeManager (HealthyPipelineSafeModeRule.java:process(124)) - SCM in safe mode. Healthy pipelines reported count is 0, required healthy pipeline reported count is 1
2021-12-02 10:58:39,118 [7a41c6a3-6927-412d-981c-9145982a7803@group-CAF6EFCE481F-FollowerState] INFO  impl.FollowerState (FollowerState.java:run(134)) - 7a41c6a3-6927-412d-981c-9145982a7803@group-CAF6EFCE481F-FollowerState: change to CANDIDATE, lastRpcElapsedTime:5128315695ns, electionTimeout:5110ms
2021-12-02 10:58:39,119 [7a41c6a3-6927-412d-981c-9145982a7803@group-CAF6EFCE481F-FollowerState] INFO  impl.RoleInfo (RoleInfo.java:shutdownFollowerState(108)) - 7a41c6a3-6927-412d-981c-9145982a7803: shutdown 7a41c6a3-6927-412d-981c-9145982a7803@group-CAF6EFCE481F-FollowerState
2021-12-02 10:58:39,119 [7a41c6a3-6927-412d-981c-9145982a7803@group-CAF6EFCE481F-FollowerState] INFO  server.RaftServer$Division (RaftServerImpl.java:setRole(290)) - 7a41c6a3-6927-412d-981c-9145982a7803@group-CAF6EFCE481F: changes role from  FOLLOWER to CANDIDATE at term 0 for changeToCandidate
2021-12-02 10:58:39,119 [7a41c6a3-6927-412d-981c-9145982a7803@group-CAF6EFCE481F-FollowerState] INFO  server.RaftServerConfigKeys (ConfUtils.java:logGet(44)) - raft.server.leaderelection.pre-vote = false (custom)
2021-12-02 10:58:39,119 [7a41c6a3-6927-412d-981c-9145982a7803@group-CAF6EFCE481F-FollowerState] INFO  impl.RoleInfo (RoleInfo.java:updateAndGet(130)) - 7a41c6a3-6927-412d-981c-9145982a7803: start 7a41c6a3-6927-412d-981c-9145982a7803@group-CAF6EFCE481F-LeaderElection131
2021-12-02 10:58:39,133 [7a41c6a3-6927-412d-981c-9145982a7803@group-F3BC44401612-FollowerState] INFO  impl.FollowerState (FollowerState.java:run(134)) - 7a41c6a3-6927-412d-981c-9145982a7803@group-F3BC44401612-FollowerState: change to CANDIDATE, lastRpcElapsedTime:5180447457ns, electionTimeout:5179ms
2021-12-02 10:58:39,134 [7a41c6a3-6927-412d-981c-9145982a7803@group-F3BC44401612-FollowerState] INFO  impl.RoleInfo (RoleInfo.java:shutdownFollowerState(108)) - 7a41c6a3-6927-412d-981c-9145982a7803: shutdown 7a41c6a3-6927-412d-981c-9145982a7803@group-F3BC44401612-FollowerState
2021-12-02 10:58:39,134 [7a41c6a3-6927-412d-981c-9145982a7803@group-F3BC44401612-FollowerState] INFO  server.RaftServer$Division (RaftServerImpl.java:setRole(290)) - 7a41c6a3-6927-412d-981c-9145982a7803@group-F3BC44401612: changes role from  FOLLOWER to CANDIDATE at term 0 for changeToCandidate
2021-12-02 10:58:39,134 [7a41c6a3-6927-412d-981c-9145982a7803@group-F3BC44401612-FollowerState] INFO  server.RaftServerConfigKeys (ConfUtils.java:logGet(44)) - raft.server.leaderelection.pre-vote = false (custom)
2021-12-02 10:58:39,134 [7a41c6a3-6927-412d-981c-9145982a7803@group-F3BC44401612-FollowerState] INFO  impl.RoleInfo (RoleInfo.java:updateAndGet(130)) - 7a41c6a3-6927-412d-981c-9145982a7803: start 7a41c6a3-6927-412d-981c-9145982a7803@group-F3BC44401612-LeaderElection132
2021-12-02 10:58:39,147 [7a41c6a3-6927-412d-981c-9145982a7803@group-CAF6EFCE481F-LeaderElection131] INFO  impl.LeaderElection (LeaderElection.java:askForVotes(306)) - 7a41c6a3-6927-412d-981c-9145982a7803@group-CAF6EFCE481F-LeaderElection131 ELECTION round 0: submit vote requests at term 1 for -1: [4e57e8a8-e34c-4c63-9ee2-ea20f579f12f|rpc:10.1.0.26:45399|priority:1, 7a41c6a3-6927-412d-981c-9145982a7803|rpc:10.1.0.26:46457|priority:0, c7ad35ec-beb2-4cf7-bc01-7589f79a3108|rpc:10.1.0.26:41139|priority:0], old=null
2021-12-02 10:58:39,215 [grpc-default-executor-7] INFO  server.RaftServer$Division (RaftServerImpl.java:requestVote(1046)) - 4e57e8a8-e34c-4c63-9ee2-ea20f579f12f@group-CAF6EFCE481F: receive requestVote(ELECTION, 7a41c6a3-6927-412d-981c-9145982a7803, group-CAF6EFCE481F, 1, (t:0, i:0))
2021-12-02 10:58:39,216 [grpc-default-executor-7] INFO  impl.VoteContext (VoteContext.java:log(48)) - 4e57e8a8-e34c-4c63-9ee2-ea20f579f12f@group-CAF6EFCE481F-FOLLOWER: reject ELECTION from 7a41c6a3-6927-412d-981c-9145982a7803: our priority 1 > candidate's priority 0
2021-12-02 10:58:39,216 [grpc-default-executor-7] INFO  server.RaftServer$Division (RaftServerImpl.java:setRole(290)) - 4e57e8a8-e34c-4c63-9ee2-ea20f579f12f@group-CAF6EFCE481F: changes role from  FOLLOWER to FOLLOWER at term 1 for candidate:7a41c6a3-6927-412d-981c-9145982a7803
2021-12-02 10:58:39,216 [grpc-default-executor-7] INFO  impl.RoleInfo (RoleInfo.java:shutdownFollowerState(108)) - 4e57e8a8-e34c-4c63-9ee2-ea20f579f12f: shutdown 4e57e8a8-e34c-4c63-9ee2-ea20f579f12f@group-CAF6EFCE481F-FollowerState
2021-12-02 10:58:39,223 [4e57e8a8-e34c-4c63-9ee2-ea20f579f12f@group-CAF6EFCE481F-FollowerState] INFO  impl.FollowerState (FollowerState.java:run(127)) - 4e57e8a8-e34c-4c63-9ee2-ea20f579f12f@group-CAF6EFCE481F-FollowerState: Stopping now (isRunning? false, isFollower? true)
2021-12-02 10:58:39,227 [grpc-default-executor-7] INFO  impl.RoleInfo (RoleInfo.java:updateAndGet(130)) - 4e57e8a8-e34c-4c63-9ee2-ea20f579f12f: start 4e57e8a8-e34c-4c63-9ee2-ea20f579f12f@group-CAF6EFCE481F-FollowerState
2021-12-02 10:58:39,239 [grpc-default-executor-7] INFO  server.RaftServer$Division (RaftServerImpl.java:requestVote(1078)) - 4e57e8a8-e34c-4c63-9ee2-ea20f579f12f@group-CAF6EFCE481F replies to ELECTION vote request: 7a41c6a3-6927-412d-981c-9145982a7803<-4e57e8a8-e34c-4c63-9ee2-ea20f579f12f#0:FAIL-t1. Peer's state: 4e57e8a8-e34c-4c63-9ee2-ea20f579f12f@group-CAF6EFCE481F:t1, leader=null, voted=null, raftlog=4e57e8a8-e34c-4c63-9ee2-ea20f579f12f@group-CAF6EFCE481F-SegmentedRaftLog:OPENED:c-1, conf=-1: [4e57e8a8-e34c-4c63-9ee2-ea20f579f12f|rpc:10.1.0.26:45399|dataStream:|priority:1, 7a41c6a3-6927-412d-981c-9145982a7803|rpc:10.1.0.26:46457|dataStream:|priority:0, c7ad35ec-beb2-4cf7-bc01-7589f79a3108|rpc:10.1.0.26:41139|dataStream:|priority:0], old=null
2021-12-02 10:58:39,241 [7a41c6a3-6927-412d-981c-9145982a7803@group-F3BC44401612-LeaderElection132] INFO  impl.LeaderElection (LeaderElection.java:askForVotes(306)) - 7a41c6a3-6927-412d-981c-9145982a7803@group-F3BC44401612-LeaderElection132 ELECTION round 0: submit vote requests at term 1 for -1: [7a41c6a3-6927-412d-981c-9145982a7803|rpc:10.1.0.26:46457|priority:1], old=null
2021-12-02 10:58:39,241 [7a41c6a3-6927-412d-981c-9145982a7803@group-F3BC44401612-LeaderElection132] INFO  impl.LeaderElection (LeaderElection.java:askForVotes(308)) - 7a41c6a3-6927-412d-981c-9145982a7803@group-F3BC44401612-LeaderElection132 ELECTION round 0: result PASSED (term=1)
2021-12-02 10:58:39,241 [7a41c6a3-6927-412d-981c-9145982a7803@group-F3BC44401612-LeaderElection132] INFO  impl.RoleInfo (RoleInfo.java:shutdownLeaderElection(121)) - 7a41c6a3-6927-412d-981c-9145982a7803: shutdown 7a41c6a3-6927-412d-981c-9145982a7803@group-F3BC44401612-LeaderElection132
2021-12-02 10:58:39,241 [7a41c6a3-6927-412d-981c-9145982a7803@group-F3BC44401612-LeaderElection132] INFO  server.RaftServer$Division (RaftServerImpl.java:setRole(290)) - 7a41c6a3-6927-412d-981c-9145982a7803@group-F3BC44401612: changes role from CANDIDATE to LEADER at term 1 for changeToLeader
2021-12-02 10:58:39,241 [7a41c6a3-6927-412d-981c-9145982a7803@group-F3BC44401612-LeaderElection132] INFO  ratis.XceiverServerRatis (XceiverServerRatis.java:handleLeaderChangedNotification(866)) - Leader change notification received for group: group-F3BC44401612 with new leaderId: 7a41c6a3-6927-412d-981c-9145982a7803
2021-12-02 10:58:39,241 [7a41c6a3-6927-412d-981c-9145982a7803@group-F3BC44401612-LeaderElection132] INFO  server.RaftServer$Division (ServerState.java:setLeader(285)) - 7a41c6a3-6927-412d-981c-9145982a7803@group-F3BC44401612: change Leader from null to 7a41c6a3-6927-412d-981c-9145982a7803 at term 1 for becomeLeader, leader elected after 5373ms
2021-12-02 10:58:39,241 [7a41c6a3-6927-412d-981c-9145982a7803@group-F3BC44401612-LeaderElection132] INFO  server.RaftServerConfigKeys (ConfUtils.java:logGet(44)) - raft.server.staging.catchup.gap = 1000 (default)
2021-12-02 10:58:39,242 [7a41c6a3-6927-412d-981c-9145982a7803@group-F3BC44401612-LeaderElection132] INFO  server.RaftServerConfigKeys (ConfUtils.java:logGet(44)) - raft.server.write.element-limit = 1024 (custom)
2021-12-02 10:58:39,242 [7a41c6a3-6927-412d-981c-9145982a7803@group-F3BC44401612-LeaderElection132] INFO  server.RaftServerConfigKeys (ConfUtils.java:logGet(44)) - raft.server.write.byte-limit = 1024 M (=1073741824) (custom)
2021-12-02 10:58:39,242 [7a41c6a3-6927-412d-981c-9145982a7803@group-F3BC44401612-LeaderElection132] INFO  server.RaftServerConfigKeys (ConfUtils.java:logGet(44)) - raft.server.watch.timeout = 180s (custom)
2021-12-02 10:58:39,243 [7a41c6a3-6927-412d-981c-9145982a7803@group-F3BC44401612-LeaderElection132] INFO  server.RaftServerConfigKeys (ConfUtils.java:logGet(44)) - raft.server.watch.timeout.denomination = 1s (default)
2021-12-02 10:58:39,243 [7a41c6a3-6927-412d-981c-9145982a7803@group-F3BC44401612-LeaderElection132] INFO  server.RaftServerConfigKeys (ConfUtils.java:logGet(44)) - raft.server.watch.element-limit = 65536 (default)
2021-12-02 10:58:39,243 [7a41c6a3-6927-412d-981c-9145982a7803@group-F3BC44401612-LeaderElection132] INFO  server.RaftServerConfigKeys (ConfUtils.java:logGet(44)) - raft.server.write.element-limit = 1024 (custom)
2021-12-02 10:58:39,243 [7a41c6a3-6927-412d-981c-9145982a7803@group-F3BC44401612-LeaderElection132] INFO  server.RaftServerConfigKeys (ConfUtils.java:logGet(44)) - raft.server.write.follower.gap.ratio.max = -1.0 (default)
2021-12-02 10:58:39,243 [7a41c6a3-6927-412d-981c-9145982a7803@group-F3BC44401612-LeaderElection132] INFO  impl.RoleInfo (RoleInfo.java:updateAndGet(130)) - 7a41c6a3-6927-412d-981c-9145982a7803: start 7a41c6a3-6927-412d-981c-9145982a7803@group-F3BC44401612-LeaderStateImpl
2021-12-02 10:58:39,244 [EventQueue-OpenPipelineForHealthyPipelineSafeModeRule] INFO  safemode.SCMSafeModeManager (HealthyPipelineSafeModeRule.java:process(124)) - SCM in safe mode. Healthy pipelines reported count is 0, required healthy pipeline reported count is 1
2021-12-02 10:58:39,246 [7a41c6a3-6927-412d-981c-9145982a7803@group-CAF6EFCE481F-LeaderElection131] INFO  impl.LeaderElection (LeaderElection.java:logAndReturn(89)) - 7a41c6a3-6927-412d-981c-9145982a7803@group-CAF6EFCE481F-LeaderElection131: ELECTION REJECTED received 1 response(s) and 0 exception(s):
2021-12-02 10:58:39,246 [7a41c6a3-6927-412d-981c-9145982a7803@group-CAF6EFCE481F-LeaderElection131] INFO  impl.LeaderElection (LeaderElection.java:logAndReturn(93)) -   Response 0: 7a41c6a3-6927-412d-981c-9145982a7803<-4e57e8a8-e34c-4c63-9ee2-ea20f579f12f#0:FAIL-t1
2021-12-02 10:58:39,246 [7a41c6a3-6927-412d-981c-9145982a7803@group-CAF6EFCE481F-LeaderElection131] INFO  impl.LeaderElection (LeaderElection.java:askForVotes(308)) - 7a41c6a3-6927-412d-981c-9145982a7803@group-CAF6EFCE481F-LeaderElection131 ELECTION round 0: result REJECTED
2021-12-02 10:58:39,246 [7a41c6a3-6927-412d-981c-9145982a7803@group-CAF6EFCE481F-LeaderElection131] INFO  server.RaftServer$Division (RaftServerImpl.java:setRole(290)) - 7a41c6a3-6927-412d-981c-9145982a7803@group-CAF6EFCE481F: changes role from CANDIDATE to FOLLOWER at term 1 for REJECTED
2021-12-02 10:58:39,246 [7a41c6a3-6927-412d-981c-9145982a7803@group-CAF6EFCE481F-LeaderElection131] INFO  impl.RoleInfo (RoleInfo.java:shutdownLeaderElection(121)) - 7a41c6a3-6927-412d-981c-9145982a7803: shutdown 7a41c6a3-6927-412d-981c-9145982a7803@group-CAF6EFCE481F-LeaderElection131
2021-12-02 10:58:39,247 [7a41c6a3-6927-412d-981c-9145982a7803@group-CAF6EFCE481F-LeaderElection131] INFO  impl.RoleInfo (RoleInfo.java:updateAndGet(130)) - 7a41c6a3-6927-412d-981c-9145982a7803: start 7a41c6a3-6927-412d-981c-9145982a7803@group-CAF6EFCE481F-FollowerState
2021-12-02 10:58:39,299 [grpc-default-executor-6] INFO  server.RaftServer$Division (RaftServerImpl.java:requestVote(1046)) - c7ad35ec-beb2-4cf7-bc01-7589f79a3108@group-CAF6EFCE481F: receive requestVote(ELECTION, 7a41c6a3-6927-412d-981c-9145982a7803, group-CAF6EFCE481F, 1, (t:0, i:0))
2021-12-02 10:58:39,299 [grpc-default-executor-6] INFO  impl.VoteContext (VoteContext.java:log(48)) - c7ad35ec-beb2-4cf7-bc01-7589f79a3108@group-CAF6EFCE481F-FOLLOWER: accept ELECTION from 7a41c6a3-6927-412d-981c-9145982a7803: our priority 0 <= candidate's priority 0
2021-12-02 10:58:39,299 [grpc-default-executor-6] INFO  server.RaftServer$Division (RaftServerImpl.java:setRole(290)) - c7ad35ec-beb2-4cf7-bc01-7589f79a3108@group-CAF6EFCE481F: changes role from  FOLLOWER to FOLLOWER at term 1 for candidate:7a41c6a3-6927-412d-981c-9145982a7803
2021-12-02 10:58:39,299 [grpc-default-executor-6] INFO  impl.RoleInfo (RoleInfo.java:shutdownFollowerState(108)) - c7ad35ec-beb2-4cf7-bc01-7589f79a3108: shutdown c7ad35ec-beb2-4cf7-bc01-7589f79a3108@group-CAF6EFCE481F-FollowerState
2021-12-02 10:58:39,299 [grpc-default-executor-6] INFO  impl.RoleInfo (RoleInfo.java:updateAndGet(130)) - c7ad35ec-beb2-4cf7-bc01-7589f79a3108: start c7ad35ec-beb2-4cf7-bc01-7589f79a3108@group-CAF6EFCE481F-FollowerState
2021-12-02 10:58:39,299 [c7ad35ec-beb2-4cf7-bc01-7589f79a3108@group-CAF6EFCE481F-FollowerState] INFO  impl.FollowerState (FollowerState.java:run(143)) - c7ad35ec-beb2-4cf7-bc01-7589f79a3108@group-CAF6EFCE481F-FollowerState was interrupted: {}
java.lang.InterruptedException: sleep interrupted
	at java.lang.Thread.sleep(Native Method)
	at java.lang.Thread.sleep(Thread.java:340)
	at java.util.concurrent.TimeUnit.sleep(TimeUnit.java:386)
	at org.apache.ratis.util.TimeDuration.sleep(TimeDuration.java:324)
	at org.apache.ratis.util.TimeDuration.sleep(TimeDuration.java:309)
	at org.apache.ratis.server.impl.FollowerState.run(FollowerState.java:118)
2021-12-02 10:58:39,315 [7a41c6a3-6927-412d-981c-9145982a7803@group-F3BC44401612-LeaderElection132] INFO  segmented.SegmentedRaftLogWorker (SegmentedRaftLogWorker.java:startLogSegment(394)) - 7a41c6a3-6927-412d-981c-9145982a7803@group-F3BC44401612-SegmentedRaftLogWorker: Starting segment from index:0
2021-12-02 10:58:39,316 [grpc-default-executor-6] INFO  server.RaftServer$Division (RaftServerImpl.java:requestVote(1078)) - c7ad35ec-beb2-4cf7-bc01-7589f79a3108@group-CAF6EFCE481F replies to ELECTION vote request: 7a41c6a3-6927-412d-981c-9145982a7803<-c7ad35ec-beb2-4cf7-bc01-7589f79a3108#0:OK-t1. Peer's state: c7ad35ec-beb2-4cf7-bc01-7589f79a3108@group-CAF6EFCE481F:t1, leader=null, voted=7a41c6a3-6927-412d-981c-9145982a7803, raftlog=c7ad35ec-beb2-4cf7-bc01-7589f79a3108@group-CAF6EFCE481F-SegmentedRaftLog:OPENED:c-1, conf=-1: [4e57e8a8-e34c-4c63-9ee2-ea20f579f12f|rpc:10.1.0.26:45399|dataStream:|priority:1, 7a41c6a3-6927-412d-981c-9145982a7803|rpc:10.1.0.26:46457|dataStream:|priority:0, c7ad35ec-beb2-4cf7-bc01-7589f79a3108|rpc:10.1.0.26:41139|dataStream:|priority:0], old=null
2021-12-02 10:58:39,318 [7a41c6a3-6927-412d-981c-9145982a7803@group-F3BC44401612-SegmentedRaftLogWorker] INFO  segmented.SegmentedRaftLogWorker (SegmentedRaftLogWorker.java:execute(601)) - 7a41c6a3-6927-412d-981c-9145982a7803@group-F3BC44401612-SegmentedRaftLogWorker: created new log segment /home/runner/work/ozone/ozone/hadoop-ozone/integration-test/target/test-dir/MiniOzoneClusterImpl-6e3ca0b7-cd04-429c-ac1f-9a38decf04c5/datanode-0/data/ratis/dd5dcdd6-42b6-41d7-a4f8-f3bc44401612/current/log_inprogress_0
2021-12-02 10:58:39,354 [7a41c6a3-6927-412d-981c-9145982a7803@group-F3BC44401612-LeaderElection132] INFO  server.RaftServer$Division (ServerState.java:setRaftConf(387)) - 7a41c6a3-6927-412d-981c-9145982a7803@group-F3BC44401612: set configuration 0: [7a41c6a3-6927-412d-981c-9145982a7803|rpc:10.1.0.26:46457|dataStream:|priority:1], old=null
2021-12-02 10:58:39,360 [EventQueue-OpenPipelineForHealthyPipelineSafeModeRule] INFO  safemode.SCMSafeModeManager (HealthyPipelineSafeModeRule.java:process(124)) - SCM in safe mode. Healthy pipelines reported count is 0, required healthy pipeline reported count is 1
2021-12-02 10:58:39,675 [Listener at 127.0.0.1/45099] INFO  ozone.MiniOzoneClusterImpl (MiniOzoneClusterImpl.java:lambda$waitForClusterToBeReady$0(235)) - Nodes are ready. Got 3 of 3 DN Heartbeats.
2021-12-02 10:58:39,675 [Listener at 127.0.0.1/45099] INFO  ozone.MiniOzoneClusterImpl (MiniOzoneClusterImpl.java:lambda$waitForClusterToBeReady$0(238)) - Waiting for cluster to exit safe mode
2021-12-02 10:58:39,675 [Listener at 127.0.0.1/45099] INFO  ozone.MiniOzoneClusterImpl (MiniOzoneClusterImpl.java:lambda$waitForClusterToBeReady$0(240)) - SCM became leader
2021-12-02 10:58:40,041 [EventQueue-OpenPipelineForHealthyPipelineSafeModeRule] INFO  safemode.SCMSafeModeManager (HealthyPipelineSafeModeRule.java:process(124)) - SCM in safe mode. Healthy pipelines reported count is 0, required healthy pipeline reported count is 1
2021-12-02 10:58:40,226 [c7ad35ec-beb2-4cf7-bc01-7589f79a3108@group-913A4179D8F2-FollowerState] INFO  impl.FollowerState (FollowerState.java:run(134)) - c7ad35ec-beb2-4cf7-bc01-7589f79a3108@group-913A4179D8F2-FollowerState: change to CANDIDATE, lastRpcElapsedTime:5131620473ns, electionTimeout:5124ms
2021-12-02 10:58:40,226 [c7ad35ec-beb2-4cf7-bc01-7589f79a3108@group-913A4179D8F2-FollowerState] INFO  impl.RoleInfo (RoleInfo.java:shutdownFollowerState(108)) - c7ad35ec-beb2-4cf7-bc01-7589f79a3108: shutdown c7ad35ec-beb2-4cf7-bc01-7589f79a3108@group-913A4179D8F2-FollowerState
2021-12-02 10:58:40,226 [c7ad35ec-beb2-4cf7-bc01-7589f79a3108@group-913A4179D8F2-FollowerState] INFO  server.RaftServer$Division (RaftServerImpl.java:setRole(290)) - c7ad35ec-beb2-4cf7-bc01-7589f79a3108@group-913A4179D8F2: changes role from  FOLLOWER to CANDIDATE at term 0 for changeToCandidate
2021-12-02 10:58:40,226 [c7ad35ec-beb2-4cf7-bc01-7589f79a3108@group-913A4179D8F2-FollowerState] INFO  server.RaftServerConfigKeys (ConfUtils.java:logGet(44)) - raft.server.leaderelection.pre-vote = false (custom)
2021-12-02 10:58:40,226 [c7ad35ec-beb2-4cf7-bc01-7589f79a3108@group-913A4179D8F2-FollowerState] INFO  impl.RoleInfo (RoleInfo.java:updateAndGet(130)) - c7ad35ec-beb2-4cf7-bc01-7589f79a3108: start c7ad35ec-beb2-4cf7-bc01-7589f79a3108@group-913A4179D8F2-LeaderElection133
2021-12-02 10:58:40,280 [c7ad35ec-beb2-4cf7-bc01-7589f79a3108@group-913A4179D8F2-LeaderElection133] INFO  impl.LeaderElection (LeaderElection.java:askForVotes(306)) - c7ad35ec-beb2-4cf7-bc01-7589f79a3108@group-913A4179D8F2-LeaderElection133 ELECTION round 0: submit vote requests at term 1 for -1: [c7ad35ec-beb2-4cf7-bc01-7589f79a3108|rpc:10.1.0.26:41139|priority:1], old=null
2021-12-02 10:58:40,280 [c7ad35ec-beb2-4cf7-bc01-7589f79a3108@group-913A4179D8F2-LeaderElection133] INFO  impl.LeaderElection (LeaderElection.java:askForVotes(308)) - c7ad35ec-beb2-4cf7-bc01-7589f79a3108@group-913A4179D8F2-LeaderElection133 ELECTION round 0: result PASSED (term=1)
2021-12-02 10:58:40,281 [c7ad35ec-beb2-4cf7-bc01-7589f79a3108@group-913A4179D8F2-LeaderElection133] INFO  impl.RoleInfo (RoleInfo.java:shutdownLeaderElection(121)) - c7ad35ec-beb2-4cf7-bc01-7589f79a3108: shutdown c7ad35ec-beb2-4cf7-bc01-7589f79a3108@group-913A4179D8F2-LeaderElection133
2021-12-02 10:58:40,281 [c7ad35ec-beb2-4cf7-bc01-7589f79a3108@group-913A4179D8F2-LeaderElection133] INFO  server.RaftServer$Division (RaftServerImpl.java:setRole(290)) - c7ad35ec-beb2-4cf7-bc01-7589f79a3108@group-913A4179D8F2: changes role from CANDIDATE to LEADER at term 1 for changeToLeader
2021-12-02 10:58:40,281 [c7ad35ec-beb2-4cf7-bc01-7589f79a3108@group-913A4179D8F2-LeaderElection133] INFO  ratis.XceiverServerRatis (XceiverServerRatis.java:handleLeaderChangedNotification(866)) - Leader change notification received for group: group-913A4179D8F2 with new leaderId: c7ad35ec-beb2-4cf7-bc01-7589f79a3108
2021-12-02 10:58:40,281 [c7ad35ec-beb2-4cf7-bc01-7589f79a3108@group-913A4179D8F2-LeaderElection133] INFO  server.RaftServer$Division (ServerState.java:setLeader(285)) - c7ad35ec-beb2-4cf7-bc01-7589f79a3108@group-913A4179D8F2: change Leader from null to c7ad35ec-beb2-4cf7-bc01-7589f79a3108 at term 1 for becomeLeader, leader elected after 5247ms
2021-12-02 10:58:40,281 [c7ad35ec-beb2-4cf7-bc01-7589f79a3108@group-913A4179D8F2-LeaderElection133] INFO  server.RaftServerConfigKeys (ConfUtils.java:logGet(44)) - raft.server.staging.catchup.gap = 1000 (default)
2021-12-02 10:58:40,281 [c7ad35ec-beb2-4cf7-bc01-7589f79a3108@group-913A4179D8F2-LeaderElection133] INFO  server.RaftServerConfigKeys (ConfUtils.java:logGet(44)) - raft.server.write.element-limit = 1024 (custom)
2021-12-02 10:58:40,282 [c7ad35ec-beb2-4cf7-bc01-7589f79a3108@group-913A4179D8F2-LeaderElection133] INFO  server.RaftServerConfigKeys (ConfUtils.java:logGet(44)) - raft.server.write.byte-limit = 1024 M (=1073741824) (custom)
2021-12-02 10:58:40,282 [c7ad35ec-beb2-4cf7-bc01-7589f79a3108@group-913A4179D8F2-LeaderElection133] INFO  server.RaftServerConfigKeys (ConfUtils.java:logGet(44)) - raft.server.watch.timeout = 180s (custom)
2021-12-02 10:58:40,283 [EventQueue-OpenPipelineForHealthyPipelineSafeModeRule] INFO  safemode.SCMSafeModeManager (HealthyPipelineSafeModeRule.java:process(124)) - SCM in safe mode. Healthy pipelines reported count is 0, required healthy pipeline reported count is 1
2021-12-02 10:58:40,295 [c7ad35ec-beb2-4cf7-bc01-7589f79a3108@group-913A4179D8F2-LeaderElection133] INFO  server.RaftServerConfigKeys (ConfUtils.java:logGet(44)) - raft.server.watch.timeout.denomination = 1s (default)
2021-12-02 10:58:40,296 [c7ad35ec-beb2-4cf7-bc01-7589f79a3108@group-913A4179D8F2-LeaderElection133] INFO  server.RaftServerConfigKeys (ConfUtils.java:logGet(44)) - raft.server.watch.element-limit = 65536 (default)
2021-12-02 10:58:40,296 [c7ad35ec-beb2-4cf7-bc01-7589f79a3108@group-913A4179D8F2-LeaderElection133] INFO  server.RaftServerConfigKeys (ConfUtils.java:logGet(44)) - raft.server.write.element-limit = 1024 (custom)
2021-12-02 10:58:40,296 [c7ad35ec-beb2-4cf7-bc01-7589f79a3108@group-913A4179D8F2-LeaderElection133] INFO  server.RaftServerConfigKeys (ConfUtils.java:logGet(44)) - raft.server.write.follower.gap.ratio.max = -1.0 (default)
2021-12-02 10:58:40,296 [c7ad35ec-beb2-4cf7-bc01-7589f79a3108@group-913A4179D8F2-LeaderElection133] INFO  impl.RoleInfo (RoleInfo.java:updateAndGet(130)) - c7ad35ec-beb2-4cf7-bc01-7589f79a3108: start c7ad35ec-beb2-4cf7-bc01-7589f79a3108@group-913A4179D8F2-LeaderStateImpl
2021-12-02 10:58:40,296 [c7ad35ec-beb2-4cf7-bc01-7589f79a3108@group-913A4179D8F2-LeaderElection133] INFO  segmented.SegmentedRaftLogWorker (SegmentedRaftLogWorker.java:startLogSegment(394)) - c7ad35ec-beb2-4cf7-bc01-7589f79a3108@group-913A4179D8F2-SegmentedRaftLogWorker: Starting segment from index:0
2021-12-02 10:58:40,298 [c7ad35ec-beb2-4cf7-bc01-7589f79a3108@group-913A4179D8F2-SegmentedRaftLogWorker] INFO  segmented.SegmentedRaftLogWorker (SegmentedRaftLogWorker.java:execute(601)) - c7ad35ec-beb2-4cf7-bc01-7589f79a3108@group-913A4179D8F2-SegmentedRaftLogWorker: created new log segment /home/runner/work/ozone/ozone/hadoop-ozone/integration-test/target/test-dir/MiniOzoneClusterImpl-6e3ca0b7-cd04-429c-ac1f-9a38decf04c5/datanode-1/data/ratis/b8bc44d8-158d-45b3-9f84-913a4179d8f2/current/log_inprogress_0
2021-12-02 10:58:40,346 [c7ad35ec-beb2-4cf7-bc01-7589f79a3108@group-913A4179D8F2-LeaderElection133] INFO  server.RaftServer$Division (ServerState.java:setRaftConf(387)) - c7ad35ec-beb2-4cf7-bc01-7589f79a3108@group-913A4179D8F2: set configuration 0: [c7ad35ec-beb2-4cf7-bc01-7589f79a3108|rpc:10.1.0.26:41139|dataStream:|priority:1], old=null
2021-12-02 10:58:40,643 [Mini-Cluster-Provider-Reap] INFO  ozoneimpl.OzoneContainer (OzoneContainer.java:stop(325)) - Attempting to stop container services.
2021-12-02 10:58:40,651 [Mini-Cluster-Provider-Reap] INFO  server.RaftServer (RaftServerProxy.java:lambda$close$6(391)) - 42cc9dc4-4956-44b4-a04c-9f52d71fbbd0: close
2021-12-02 10:58:40,651 [Mini-Cluster-Provider-Reap] INFO  server.RaftServer$Division (RaftServerImpl.java:lambda$close$4(412)) - 42cc9dc4-4956-44b4-a04c-9f52d71fbbd0@group-4D8B9F9DA149: shutdown
2021-12-02 10:58:40,651 [Mini-Cluster-Provider-Reap] INFO  util.JmxRegister (JmxRegister.java:unregister(73)) - Successfully un-registered JMX Bean with object name Ratis:service=RaftServer,group=group-4D8B9F9DA149,id=42cc9dc4-4956-44b4-a04c-9f52d71fbbd0
2021-12-02 10:58:40,651 [Mini-Cluster-Provider-Reap] INFO  impl.RoleInfo (RoleInfo.java:shutdownLeaderState(91)) - 42cc9dc4-4956-44b4-a04c-9f52d71fbbd0: shutdown 42cc9dc4-4956-44b4-a04c-9f52d71fbbd0@group-4D8B9F9DA149-LeaderStateImpl
2021-12-02 10:58:40,651 [Mini-Cluster-Provider-Reap] INFO  impl.PendingRequests (PendingRequests.java:sendNotLeaderResponses(282)) - 42cc9dc4-4956-44b4-a04c-9f52d71fbbd0@group-4D8B9F9DA149-PendingRequests: sendNotLeaderResponses
2021-12-02 10:58:40,653 [42cc9dc4-4956-44b4-a04c-9f52d71fbbd0@group-4D8B9F9DA149-StateMachineUpdater] INFO  ratis.ContainerStateMachine (ContainerStateMachine.java:takeSnapshot(292)) - group-4D8B9F9DA149: Taking a snapshot at:(t:1, i:0) file /home/runner/work/ozone/ozone/hadoop-ozone/integration-test/target/test-dir/MiniOzoneClusterImpl-0f1daa9f-dfc3-45b0-9271-6b7296f45125/datanode-1/data/ratis/6798017c-cd94-42e1-845d-4d8b9f9da149/sm/snapshot.1_0
2021-12-02 10:58:40,653 [Mini-Cluster-Provider-Reap] INFO  impl.StateMachineUpdater (StateMachineUpdater.java:stopAndJoin(149)) - 42cc9dc4-4956-44b4-a04c-9f52d71fbbd0@group-4D8B9F9DA149-StateMachineUpdater: set stopIndex = 0
2021-12-02 10:58:40,654 [42cc9dc4-4956-44b4-a04c-9f52d71fbbd0@group-4D8B9F9DA149-StateMachineUpdater] INFO  ratis.ContainerStateMachine (ContainerStateMachine.java:takeSnapshot(303)) - group-4D8B9F9DA149: Finished taking a snapshot at:(t:1, i:0) file:/home/runner/work/ozone/ozone/hadoop-ozone/integration-test/target/test-dir/MiniOzoneClusterImpl-0f1daa9f-dfc3-45b0-9271-6b7296f45125/datanode-1/data/ratis/6798017c-cd94-42e1-845d-4d8b9f9da149/sm/snapshot.1_0 took: 1 ms
2021-12-02 10:58:40,654 [42cc9dc4-4956-44b4-a04c-9f52d71fbbd0@group-4D8B9F9DA149-StateMachineUpdater] INFO  impl.StateMachineUpdater (StateMachineUpdater.java:takeSnapshot(281)) - 42cc9dc4-4956-44b4-a04c-9f52d71fbbd0@group-4D8B9F9DA149-StateMachineUpdater: Took a snapshot at index 0
2021-12-02 10:58:40,654 [42cc9dc4-4956-44b4-a04c-9f52d71fbbd0@group-4D8B9F9DA149-StateMachineUpdater] INFO  impl.StateMachineUpdater (StateMachineUpdater.java:lambda$new$0(89)) - 42cc9dc4-4956-44b4-a04c-9f52d71fbbd0@group-4D8B9F9DA149-StateMachineUpdater: snapshotIndex: updateIncreasingly -1 -> 0
2021-12-02 10:58:40,655 [Mini-Cluster-Provider-Reap] INFO  server.RaftServer$Division (ServerState.java:close(419)) - 42cc9dc4-4956-44b4-a04c-9f52d71fbbd0@group-4D8B9F9DA149: closes. applyIndex: 0
2021-12-02 10:58:40,655 [42cc9dc4-4956-44b4-a04c-9f52d71fbbd0@group-4D8B9F9DA149-SegmentedRaftLogWorker] INFO  segmented.SegmentedRaftLogWorker (SegmentedRaftLogWorker.java:run(327)) - 42cc9dc4-4956-44b4-a04c-9f52d71fbbd0@group-4D8B9F9DA149-SegmentedRaftLogWorker was interrupted, exiting. There are 0 tasks remaining in the queue.
2021-12-02 10:58:40,657 [Mini-Cluster-Provider-Reap] INFO  segmented.SegmentedRaftLogWorker (SegmentedRaftLogWorker.java:close(237)) - 42cc9dc4-4956-44b4-a04c-9f52d71fbbd0@group-4D8B9F9DA149-SegmentedRaftLogWorker close()
2021-12-02 10:58:40,660 [Mini-Cluster-Provider-Reap] INFO  server.RaftServer$Division (RaftServerImpl.java:lambda$close$4(412)) - 42cc9dc4-4956-44b4-a04c-9f52d71fbbd0@group-3421D7A643D7: shutdown
2021-12-02 10:58:40,660 [Mini-Cluster-Provider-Reap] INFO  util.JmxRegister (JmxRegister.java:unregister(73)) - Successfully un-registered JMX Bean with object name Ratis:service=RaftServer,group=group-3421D7A643D7,id=42cc9dc4-4956-44b4-a04c-9f52d71fbbd0
2021-12-02 10:58:40,660 [Mini-Cluster-Provider-Reap] INFO  impl.RoleInfo (RoleInfo.java:shutdownFollowerState(108)) - 42cc9dc4-4956-44b4-a04c-9f52d71fbbd0: shutdown 42cc9dc4-4956-44b4-a04c-9f52d71fbbd0@group-3421D7A643D7-FollowerState
2021-12-02 10:58:40,660 [Mini-Cluster-Provider-Reap] INFO  impl.StateMachineUpdater (StateMachineUpdater.java:stopAndJoin(149)) - 42cc9dc4-4956-44b4-a04c-9f52d71fbbd0@group-3421D7A643D7-StateMachineUpdater: set stopIndex = 0
2021-12-02 10:58:40,661 [42cc9dc4-4956-44b4-a04c-9f52d71fbbd0@group-3421D7A643D7-StateMachineUpdater] INFO  ratis.ContainerStateMachine (ContainerStateMachine.java:takeSnapshot(292)) - group-3421D7A643D7: Taking a snapshot at:(t:1, i:0) file /home/runner/work/ozone/ozone/hadoop-ozone/integration-test/target/test-dir/MiniOzoneClusterImpl-0f1daa9f-dfc3-45b0-9271-6b7296f45125/datanode-1/data/ratis/6d5e626c-c373-4bda-bb16-3421d7a643d7/sm/snapshot.1_0
2021-12-02 10:58:40,660 [42cc9dc4-4956-44b4-a04c-9f52d71fbbd0@group-3421D7A643D7-FollowerState] INFO  impl.FollowerState (FollowerState.java:run(143)) - 42cc9dc4-4956-44b4-a04c-9f52d71fbbd0@group-3421D7A643D7-FollowerState was interrupted: {}
java.lang.InterruptedException: sleep interrupted
	at java.lang.Thread.sleep(Native Method)
	at java.lang.Thread.sleep(Thread.java:340)
	at java.util.concurrent.TimeUnit.sleep(TimeUnit.java:386)
	at org.apache.ratis.util.TimeDuration.sleep(TimeDuration.java:324)
	at org.apache.ratis.util.TimeDuration.sleep(TimeDuration.java:309)
	at org.apache.ratis.server.impl.FollowerState.run(FollowerState.java:118)
2021-12-02 10:58:40,662 [42cc9dc4-4956-44b4-a04c-9f52d71fbbd0@group-3421D7A643D7-StateMachineUpdater] INFO  ratis.ContainerStateMachine (ContainerStateMachine.java:takeSnapshot(303)) - group-3421D7A643D7: Finished taking a snapshot at:(t:1, i:0) file:/home/runner/work/ozone/ozone/hadoop-ozone/integration-test/target/test-dir/MiniOzoneClusterImpl-0f1daa9f-dfc3-45b0-9271-6b7296f45125/datanode-1/data/ratis/6d5e626c-c373-4bda-bb16-3421d7a643d7/sm/snapshot.1_0 took: 1 ms
2021-12-02 10:58:40,662 [42cc9dc4-4956-44b4-a04c-9f52d71fbbd0@group-3421D7A643D7-StateMachineUpdater] INFO  impl.StateMachineUpdater (StateMachineUpdater.java:takeSnapshot(281)) - 42cc9dc4-4956-44b4-a04c-9f52d71fbbd0@group-3421D7A643D7-StateMachineUpdater: Took a snapshot at index 0
2021-12-02 10:58:40,662 [42cc9dc4-4956-44b4-a04c-9f52d71fbbd0@group-3421D7A643D7-StateMachineUpdater] INFO  impl.StateMachineUpdater (StateMachineUpdater.java:lambda$new$0(89)) - 42cc9dc4-4956-44b4-a04c-9f52d71fbbd0@group-3421D7A643D7-StateMachineUpdater: snapshotIndex: updateIncreasingly -1 -> 0
2021-12-02 10:58:40,662 [Mini-Cluster-Provider-Reap] INFO  server.RaftServer$Division (ServerState.java:close(419)) - 42cc9dc4-4956-44b4-a04c-9f52d71fbbd0@group-3421D7A643D7: closes. applyIndex: 0
2021-12-02 10:58:40,662 [42cc9dc4-4956-44b4-a04c-9f52d71fbbd0@group-3421D7A643D7-SegmentedRaftLogWorker] INFO  segmented.SegmentedRaftLogWorker (SegmentedRaftLogWorker.java:run(327)) - 42cc9dc4-4956-44b4-a04c-9f52d71fbbd0@group-3421D7A643D7-SegmentedRaftLogWorker was interrupted, exiting. There are 0 tasks remaining in the queue.
2021-12-02 10:58:40,675 [Mini-Cluster-Provider-Reap] INFO  segmented.SegmentedRaftLogWorker (SegmentedRaftLogWorker.java:close(237)) - 42cc9dc4-4956-44b4-a04c-9f52d71fbbd0@group-3421D7A643D7-SegmentedRaftLogWorker close()
2021-12-02 10:58:40,678 [Mini-Cluster-Provider-Reap] INFO  server.GrpcService (GrpcService.java:closeImpl(262)) - 42cc9dc4-4956-44b4-a04c-9f52d71fbbd0: shutdown server with port 37427 now
2021-12-02 10:58:40,679 [grpc-default-executor-7] WARN  server.GrpcServerProtocolService (LogUtils.java:warn(122)) - 42cc9dc4-4956-44b4-a04c-9f52d71fbbd0: installSnapshot onError, lastRequest: 104de6ae-9f63-4a3f-bab6-9eab191f32ee->42cc9dc4-4956-44b4-a04c-9f52d71fbbd0#1-t1,previous=(t:0, i:0),leaderCommit=0,initializing? true,entries: size=1, first=(t:1, i:0), CONFIGURATIONENTRY: org.apache.ratis.thirdparty.io.grpc.StatusRuntimeException: CANCELLED: client cancelled
2021-12-02 10:58:40,682 [grpc-default-executor-7] WARN  server.GrpcLogAppender (LogUtils.java:warn(122)) - 104de6ae-9f63-4a3f-bab6-9eab191f32ee@group-3421D7A643D7->42cc9dc4-4956-44b4-a04c-9f52d71fbbd0-AppendLogResponseHandler: Failed appendEntries: org.apache.ratis.thirdparty.io.grpc.StatusRuntimeException: CANCELLED: HTTP/2 error code: CANCEL
Received Rst Stream
2021-12-02 10:58:40,682 [grpc-default-executor-7] WARN  server.GrpcLogAppender (GrpcLogAppender.java:resetClient(110)) - 104de6ae-9f63-4a3f-bab6-9eab191f32ee@group-3421D7A643D7->42cc9dc4-4956-44b4-a04c-9f52d71fbbd0-GrpcLogAppender: Leader has not got in touch with Follower 104de6ae-9f63-4a3f-bab6-9eab191f32ee@group-3421D7A643D7->42cc9dc4-4956-44b4-a04c-9f52d71fbbd0(c0,m0,n1, attendVote=true, lastRpcSendTime=1469, lastRpcResponseTime=1367) yet, just keep nextIndex unchanged and retry.
2021-12-02 10:58:40,682 [Mini-Cluster-Provider-Reap] INFO  server.GrpcService (GrpcService.java:closeImpl(271)) - 42cc9dc4-4956-44b4-a04c-9f52d71fbbd0: shutdown server with port 37427 successfully
2021-12-02 10:58:40,683 [org.apache.ratis.util.JvmPauseMonitor$$Lambda$540/1659449900@28db0d31] INFO  util.JvmPauseMonitor (JvmPauseMonitor.java:run(109)) - JvmPauseMonitor-42cc9dc4-4956-44b4-a04c-9f52d71fbbd0: Stopped
2021-12-02 10:58:40,694 [ForkJoinPool.commonPool-worker-0] INFO  ozoneimpl.OzoneContainer (OzoneContainer.java:stop(325)) - Attempting to stop container services.
2021-12-02 10:58:40,700 [ForkJoinPool.commonPool-worker-0] INFO  server.RaftServer (RaftServerProxy.java:lambda$close$6(391)) - 104de6ae-9f63-4a3f-bab6-9eab191f32ee: close
2021-12-02 10:58:40,700 [ForkJoinPool.commonPool-worker-0] INFO  server.RaftServer$Division (RaftServerImpl.java:lambda$close$4(412)) - 104de6ae-9f63-4a3f-bab6-9eab191f32ee@group-A4B973A0BA88: shutdown
2021-12-02 10:58:40,700 [ForkJoinPool.commonPool-worker-0] INFO  util.JmxRegister (JmxRegister.java:unregister(73)) - Successfully un-registered JMX Bean with object name Ratis:service=RaftServer,group=group-A4B973A0BA88,id=104de6ae-9f63-4a3f-bab6-9eab191f32ee
2021-12-02 10:58:40,700 [ForkJoinPool.commonPool-worker-0] INFO  impl.RoleInfo (RoleInfo.java:shutdownLeaderState(91)) - 104de6ae-9f63-4a3f-bab6-9eab191f32ee: shutdown 104de6ae-9f63-4a3f-bab6-9eab191f32ee@group-A4B973A0BA88-LeaderStateImpl
2021-12-02 10:58:40,700 [ForkJoinPool.commonPool-worker-0] INFO  impl.PendingRequests (PendingRequests.java:sendNotLeaderResponses(282)) - 104de6ae-9f63-4a3f-bab6-9eab191f32ee@group-A4B973A0BA88-PendingRequests: sendNotLeaderResponses
2021-12-02 10:58:40,702 [104de6ae-9f63-4a3f-bab6-9eab191f32ee@group-A4B973A0BA88-StateMachineUpdater] INFO  ratis.ContainerStateMachine (ContainerStateMachine.java:takeSnapshot(292)) - group-A4B973A0BA88: Taking a snapshot at:(t:1, i:0) file /home/runner/work/ozone/ozone/hadoop-ozone/integration-test/target/test-dir/MiniOzoneClusterImpl-0f1daa9f-dfc3-45b0-9271-6b7296f45125/datanode-0/data/ratis/02264ac2-584a-4632-a4c8-a4b973a0ba88/sm/snapshot.1_0
2021-12-02 10:58:40,702 [ForkJoinPool.commonPool-worker-0] INFO  impl.StateMachineUpdater (StateMachineUpdater.java:stopAndJoin(149)) - 104de6ae-9f63-4a3f-bab6-9eab191f32ee@group-A4B973A0BA88-StateMachineUpdater: set stopIndex = 0
2021-12-02 10:58:40,707 [Listener at 127.0.0.1/45099] INFO  ozone.MiniOzoneClusterImpl (MiniOzoneClusterImpl.java:lambda$waitForClusterToBeReady$0(235)) - Nodes are ready. Got 3 of 3 DN Heartbeats.
2021-12-02 10:58:40,707 [Listener at 127.0.0.1/45099] INFO  ozone.MiniOzoneClusterImpl (MiniOzoneClusterImpl.java:lambda$waitForClusterToBeReady$0(238)) - Waiting for cluster to exit safe mode
2021-12-02 10:58:40,707 [Listener at 127.0.0.1/45099] INFO  ozone.MiniOzoneClusterImpl (MiniOzoneClusterImpl.java:lambda$waitForClusterToBeReady$0(240)) - SCM became leader
2021-12-02 10:58:40,707 [104de6ae-9f63-4a3f-bab6-9eab191f32ee@group-A4B973A0BA88-StateMachineUpdater] INFO  ratis.ContainerStateMachine (ContainerStateMachine.java:takeSnapshot(303)) - group-A4B973A0BA88: Finished taking a snapshot at:(t:1, i:0) file:/home/runner/work/ozone/ozone/hadoop-ozone/integration-test/target/test-dir/MiniOzoneClusterImpl-0f1daa9f-dfc3-45b0-9271-6b7296f45125/datanode-0/data/ratis/02264ac2-584a-4632-a4c8-a4b973a0ba88/sm/snapshot.1_0 took: 6 ms
2021-12-02 10:58:40,708 [104de6ae-9f63-4a3f-bab6-9eab191f32ee@group-A4B973A0BA88-StateMachineUpdater] INFO  impl.StateMachineUpdater (StateMachineUpdater.java:takeSnapshot(281)) - 104de6ae-9f63-4a3f-bab6-9eab191f32ee@group-A4B973A0BA88-StateMachineUpdater: Took a snapshot at index 0
2021-12-02 10:58:40,708 [104de6ae-9f63-4a3f-bab6-9eab191f32ee@group-A4B973A0BA88-StateMachineUpdater] INFO  impl.StateMachineUpdater (StateMachineUpdater.java:lambda$new$0(89)) - 104de6ae-9f63-4a3f-bab6-9eab191f32ee@group-A4B973A0BA88-StateMachineUpdater: snapshotIndex: updateIncreasingly -1 -> 0
2021-12-02 10:58:40,708 [ForkJoinPool.commonPool-worker-0] INFO  server.RaftServer$Division (ServerState.java:close(419)) - 104de6ae-9f63-4a3f-bab6-9eab191f32ee@group-A4B973A0BA88: closes. applyIndex: 0
2021-12-02 10:58:40,708 [104de6ae-9f63-4a3f-bab6-9eab191f32ee@group-A4B973A0BA88-SegmentedRaftLogWorker] INFO  segmented.SegmentedRaftLogWorker (SegmentedRaftLogWorker.java:run(327)) - 104de6ae-9f63-4a3f-bab6-9eab191f32ee@group-A4B973A0BA88-SegmentedRaftLogWorker was interrupted, exiting. There are 0 tasks remaining in the queue.
2021-12-02 10:58:40,747 [EventQueue-OpenPipelineForHealthyPipelineSafeModeRule] INFO  safemode.SCMSafeModeManager (HealthyPipelineSafeModeRule.java:process(124)) - SCM in safe mode. Healthy pipelines reported count is 0, required healthy pipeline reported count is 1
2021-12-02 10:58:40,766 [Mini-Cluster-Provider-Reap] INFO  utils.BackgroundService (BackgroundService.java:shutdown(132)) - Shutting down service BlockDeletingService
2021-12-02 10:58:40,766 [ForkJoinPool.commonPool-worker-0] INFO  segmented.SegmentedRaftLogWorker (SegmentedRaftLogWorker.java:close(237)) - 104de6ae-9f63-4a3f-bab6-9eab191f32ee@group-A4B973A0BA88-SegmentedRaftLogWorker close()
2021-12-02 10:58:40,769 [ForkJoinPool.commonPool-worker-0] INFO  server.RaftServer$Division (RaftServerImpl.java:lambda$close$4(412)) - 104de6ae-9f63-4a3f-bab6-9eab191f32ee@group-3421D7A643D7: shutdown
2021-12-02 10:58:40,769 [ForkJoinPool.commonPool-worker-0] INFO  util.JmxRegister (JmxRegister.java:unregister(73)) - Successfully un-registered JMX Bean with object name Ratis:service=RaftServer,group=group-3421D7A643D7,id=104de6ae-9f63-4a3f-bab6-9eab191f32ee
2021-12-02 10:58:40,770 [ForkJoinPool.commonPool-worker-0] INFO  impl.RoleInfo (RoleInfo.java:shutdownLeaderState(91)) - 104de6ae-9f63-4a3f-bab6-9eab191f32ee: shutdown 104de6ae-9f63-4a3f-bab6-9eab191f32ee@group-3421D7A643D7-LeaderStateImpl
2021-12-02 10:58:40,770 [ForkJoinPool.commonPool-worker-0] INFO  impl.PendingRequests (PendingRequests.java:sendNotLeaderResponses(282)) - 104de6ae-9f63-4a3f-bab6-9eab191f32ee@group-3421D7A643D7-PendingRequests: sendNotLeaderResponses
2021-12-02 10:58:40,771 [ForkJoinPool.commonPool-worker-0] INFO  impl.StateMachineUpdater (StateMachineUpdater.java:stopAndJoin(149)) - 104de6ae-9f63-4a3f-bab6-9eab191f32ee@group-3421D7A643D7-StateMachineUpdater: set stopIndex = 0
2021-12-02 10:58:40,771 [104de6ae-9f63-4a3f-bab6-9eab191f32ee@group-3421D7A643D7-StateMachineUpdater] INFO  ratis.ContainerStateMachine (ContainerStateMachine.java:takeSnapshot(292)) - group-3421D7A643D7: Taking a snapshot at:(t:1, i:0) file /home/runner/work/ozone/ozone/hadoop-ozone/integration-test/target/test-dir/MiniOzoneClusterImpl-0f1daa9f-dfc3-45b0-9271-6b7296f45125/datanode-0/data/ratis/6d5e626c-c373-4bda-bb16-3421d7a643d7/sm/snapshot.1_0
2021-12-02 10:58:40,772 [104de6ae-9f63-4a3f-bab6-9eab191f32ee@group-3421D7A643D7->9930b808-53d6-4b45-9b20-3dd522ef5570-GrpcLogAppender-LogAppenderDaemon] WARN  server.GrpcLogAppender (GrpcLogAppender.java:mayWait(177)) - 104de6ae-9f63-4a3f-bab6-9eab191f32ee@group-3421D7A643D7->9930b808-53d6-4b45-9b20-3dd522ef5570-GrpcLogAppender: Wait interrupted by java.lang.InterruptedException
2021-12-02 10:58:40,773 [grpc-default-executor-7] INFO  server.GrpcServerProtocolService (GrpcServerProtocolService.java:onCompleted(140)) - 9930b808-53d6-4b45-9b20-3dd522ef5570: Completed APPEND_ENTRIES, lastRequest: 104de6ae-9f63-4a3f-bab6-9eab191f32ee->9930b808-53d6-4b45-9b20-3dd522ef5570#5-t1,previous=(t:0, i:0),leaderCommit=0,initializing? true,entries: size=1, first=(t:1, i:0), CONFIGURATIONENTRY
2021-12-02 10:58:40,774 [grpc-default-executor-6] INFO  server.GrpcLogAppender (GrpcLogAppender.java:onCompleted(346)) - 104de6ae-9f63-4a3f-bab6-9eab191f32ee@group-3421D7A643D7->9930b808-53d6-4b45-9b20-3dd522ef5570-AppendLogResponseHandler: follower responses appendEntries COMPLETED
2021-12-02 10:58:40,774 [grpc-default-executor-6] INFO  leader.FollowerInfo (FollowerInfoImpl.java:lambda$new$0(47)) - 104de6ae-9f63-4a3f-bab6-9eab191f32ee@group-3421D7A643D7->9930b808-53d6-4b45-9b20-3dd522ef5570: nextIndex: updateUnconditionally 1 -> 0
2021-12-02 10:58:40,774 [104de6ae-9f63-4a3f-bab6-9eab191f32ee@group-3421D7A643D7-StateMachineUpdater] INFO  ratis.ContainerStateMachine (ContainerStateMachine.java:takeSnapshot(303)) - group-3421D7A643D7: Finished taking a snapshot at:(t:1, i:0) file:/home/runner/work/ozone/ozone/hadoop-ozone/integration-test/target/test-dir/MiniOzoneClusterImpl-0f1daa9f-dfc3-45b0-9271-6b7296f45125/datanode-0/data/ratis/6d5e626c-c373-4bda-bb16-3421d7a643d7/sm/snapshot.1_0 took: 2 ms
2021-12-02 10:58:40,774 [104de6ae-9f63-4a3f-bab6-9eab191f32ee@group-3421D7A643D7-StateMachineUpdater] INFO  impl.StateMachineUpdater (StateMachineUpdater.java:takeSnapshot(281)) - 104de6ae-9f63-4a3f-bab6-9eab191f32ee@group-3421D7A643D7-StateMachineUpdater: Took a snapshot at index 0
2021-12-02 10:58:40,774 [104de6ae-9f63-4a3f-bab6-9eab191f32ee@group-3421D7A643D7-StateMachineUpdater] INFO  impl.StateMachineUpdater (StateMachineUpdater.java:lambda$new$0(89)) - 104de6ae-9f63-4a3f-bab6-9eab191f32ee@group-3421D7A643D7-StateMachineUpdater: snapshotIndex: updateIncreasingly -1 -> 0
2021-12-02 10:58:40,775 [ForkJoinPool.commonPool-worker-0] INFO  server.RaftServer$Division (ServerState.java:close(419)) - 104de6ae-9f63-4a3f-bab6-9eab191f32ee@group-3421D7A643D7: closes. applyIndex: 0
2021-12-02 10:58:40,805 [104de6ae-9f63-4a3f-bab6-9eab191f32ee@group-3421D7A643D7-SegmentedRaftLogWorker] INFO  segmented.SegmentedRaftLogWorker (SegmentedRaftLogWorker.java:run(327)) - 104de6ae-9f63-4a3f-bab6-9eab191f32ee@group-3421D7A643D7-SegmentedRaftLogWorker was interrupted, exiting. There are 0 tasks remaining in the queue.
2021-12-02 10:58:40,817 [ForkJoinPool.commonPool-worker-0] INFO  segmented.SegmentedRaftLogWorker (SegmentedRaftLogWorker.java:close(237)) - 104de6ae-9f63-4a3f-bab6-9eab191f32ee@group-3421D7A643D7-SegmentedRaftLogWorker close()
2021-12-02 10:58:40,843 [ForkJoinPool.commonPool-worker-0] INFO  server.GrpcService (GrpcService.java:closeImpl(262)) - 104de6ae-9f63-4a3f-bab6-9eab191f32ee: shutdown server with port 33305 now
2021-12-02 10:58:40,858 [104de6ae-9f63-4a3f-bab6-9eab191f32ee@group-3421D7A643D7->42cc9dc4-4956-44b4-a04c-9f52d71fbbd0-GrpcLogAppender-LogAppenderDaemon] ERROR leader.LogAppenderDaemon (LogAppenderDaemon.java:run(86)) - 104de6ae-9f63-4a3f-bab6-9eab191f32ee@group-3421D7A643D7->42cc9dc4-4956-44b4-a04c-9f52d71fbbd0-GrpcLogAppender-LogAppenderDaemon failed
java.lang.IllegalArgumentException: 104de6ae-9f63-4a3f-bab6-9eab191f32ee@group-3421D7A643D7-SegmentedRaftLog is expected to be opened but it is CLOSED
	at org.apache.ratis.util.OpenCloseState.assertOpen(OpenCloseState.java:63)
	at org.apache.ratis.server.raftlog.RaftLogBase.checkLogState(RaftLogBase.java:107)
	at org.apache.ratis.server.raftlog.segmented.SegmentedRaftLog.getTermIndex(SegmentedRaftLog.java:322)
	at org.apache.ratis.server.leader.LogAppenderBase.getPrevious(LogAppenderBase.java:110)
	at org.apache.ratis.server.leader.LogAppenderBase.newAppendEntriesRequest(LogAppenderBase.java:128)
	at org.apache.ratis.grpc.server.GrpcLogAppender.appendLog(GrpcLogAppender.java:213)
	at org.apache.ratis.grpc.server.GrpcLogAppender.run(GrpcLogAppender.java:147)
	at org.apache.ratis.server.leader.LogAppenderDaemon.run(LogAppenderDaemon.java:77)
	at java.lang.Thread.run(Thread.java:748)
Caused by: org.apache.ratis.util.OpenCloseState$CloseTrace: Close 104de6ae-9f63-4a3f-bab6-9eab191f32ee@group-3421D7A643D7-SegmentedRaftLog
	at org.apache.ratis.util.OpenCloseState.lambda$close$1(OpenCloseState.java:109)
	at java.util.concurrent.atomic.AtomicReference.getAndUpdate(AtomicReference.java:160)
	at org.apache.ratis.util.OpenCloseState.close(OpenCloseState.java:109)
	at org.apache.ratis.server.raftlog.RaftLogBase.close(RaftLogBase.java:356)
	at org.apache.ratis.server.raftlog.segmented.SegmentedRaftLog.close(SegmentedRaftLog.java:505)
	at org.apache.ratis.server.impl.ServerState.close(ServerState.java:421)
	at org.apache.ratis.server.impl.RaftServerImpl.lambda$close$4(RaftServerImpl.java:434)
	at org.apache.ratis.util.LifeCycle.lambda$checkStateAndClose$4(LifeCycle.java:299)
	at org.apache.ratis.util.LifeCycle.checkStateAndClose(LifeCycle.java:319)
	at org.apache.ratis.util.LifeCycle.checkStateAndClose(LifeCycle.java:297)
	at org.apache.ratis.server.impl.RaftServerImpl.close(RaftServerImpl.java:411)
	at org.apache.ratis.server.impl.RaftServerProxy$ImplMap.close(RaftServerProxy.java:129)
	at org.apache.ratis.server.impl.RaftServerProxy$ImplMap.lambda$close$0(RaftServerProxy.java:117)
	at java.util.stream.ForEachOps$ForEachOp$OfRef.accept(ForEachOps.java:183)
	at java.util.concurrent.ConcurrentHashMap$EntrySpliterator.forEachRemaining(ConcurrentHashMap.java:3606)
	at java.util.stream.AbstractPipeline.copyInto(AbstractPipeline.java:482)
	at java.util.stream.ForEachOps$ForEachTask.compute(ForEachOps.java:290)
	at java.util.concurrent.CountedCompleter.exec(CountedCompleter.java:731)
	at java.util.concurrent.ForkJoinTask.doExec(ForkJoinTask.java:289)
	at java.util.concurrent.ForkJoinPool.helpComplete(ForkJoinPool.java:1870)
	at java.util.concurrent.ForkJoinPool.awaitJoin(ForkJoinPool.java:2045)
	at java.util.concurrent.ForkJoinTask.doInvoke(ForkJoinTask.java:404)
	at java.util.concurrent.ForkJoinTask.invoke(ForkJoinTask.java:734)
	at java.util.stream.ForEachOps$ForEachOp.evaluateParallel(ForEachOps.java:159)
	at java.util.stream.ForEachOps$ForEachOp$OfRef.evaluateParallel(ForEachOps.java:173)
	at java.util.stream.AbstractPipeline.evaluate(AbstractPipeline.java:233)
	at java.util.stream.ReferencePipeline.forEach(ReferencePipeline.java:485)
	at java.util.stream.ReferencePipeline$Head.forEach(ReferencePipeline.java:650)
	at org.apache.ratis.server.impl.RaftServerProxy$ImplMap.close(RaftServerProxy.java:117)
	at org.apache.ratis.server.impl.RaftServerProxy.lambda$close$6(RaftServerProxy.java:392)
	at org.apache.ratis.util.LifeCycle.lambda$checkStateAndClose$4(LifeCycle.java:299)
	at org.apache.ratis.util.LifeCycle.checkStateAndClose(LifeCycle.java:319)
	at org.apache.ratis.util.LifeCycle.checkStateAndClose(LifeCycle.java:297)
	at org.apache.ratis.server.impl.RaftServerProxy.close(RaftServerProxy.java:390)
	at org.apache.hadoop.ozone.container.common.transport.server.ratis.XceiverServerRatis.stop(XceiverServerRatis.java:516)
	at org.apache.hadoop.ozone.container.ozoneimpl.OzoneContainer.stop(OzoneContainer.java:328)
	at org.apache.hadoop.ozone.container.common.statemachine.DatanodeStateMachine.close(DatanodeStateMachine.java:380)
	at org.apache.hadoop.ozone.container.common.statemachine.DatanodeStateMachine.stopDaemon(DatanodeStateMachine.java:525)
	at org.apache.hadoop.ozone.HddsDatanodeService.stop(HddsDatanodeService.java:587)
	at org.apache.hadoop.ozone.MiniOzoneClusterImpl.stopDatanode(MiniOzoneClusterImpl.java:535)
	at java.util.stream.ForEachOps$ForEachOp$OfRef.accept(ForEachOps.java:183)
	at java.util.ArrayList$ArrayListSpliterator.forEachRemaining(ArrayList.java:1384)
	at java.util.stream.AbstractPipeline.copyInto(AbstractPipeline.java:482)
	at java.util.stream.ForEachOps$ForEachTask.compute(ForEachOps.java:290)
	at java.util.concurrent.CountedCompleter.exec(CountedCompleter.java:731)
	at java.util.concurrent.ForkJoinTask.doExec(ForkJoinTask.java:289)
	at java.util.concurrent.ForkJoinPool$WorkQueue.runTask(ForkJoinPool.java:1056)
	at java.util.concurrent.ForkJoinPool.runWorker(ForkJoinPool.java:1692)
	at java.util.concurrent.ForkJoinWorkerThread.run(ForkJoinWorkerThread.java:175)
2021-12-02 10:58:40,898 [EventQueue-OpenPipelineForHealthyPipelineSafeModeRule] INFO  safemode.SCMSafeModeManager (HealthyPipelineSafeModeRule.java:process(124)) - SCM in safe mode. Healthy pipelines reported count is 0, required healthy pipeline reported count is 1
2021-12-02 10:58:40,904 [ForkJoinPool.commonPool-worker-0] INFO  server.GrpcService (GrpcService.java:closeImpl(271)) - 104de6ae-9f63-4a3f-bab6-9eab191f32ee: shutdown server with port 33305 successfully
2021-12-02 10:58:40,904 [org.apache.ratis.util.JvmPauseMonitor$$Lambda$540/1659449900@54042399] INFO  util.JvmPauseMonitor (JvmPauseMonitor.java:run(109)) - JvmPauseMonitor-104de6ae-9f63-4a3f-bab6-9eab191f32ee: Stopped
2021-12-02 10:58:40,935 [ForkJoinPool.commonPool-worker-0] INFO  utils.BackgroundService (BackgroundService.java:shutdown(132)) - Shutting down service BlockDeletingService
2021-12-02 10:58:41,064 [4e57e8a8-e34c-4c63-9ee2-ea20f579f12f@group-84E05B1291EB-FollowerState] INFO  impl.FollowerState (FollowerState.java:run(134)) - 4e57e8a8-e34c-4c63-9ee2-ea20f579f12f@group-84E05B1291EB-FollowerState: change to CANDIDATE, lastRpcElapsedTime:5066961835ns, electionTimeout:5035ms
2021-12-02 10:58:41,064 [4e57e8a8-e34c-4c63-9ee2-ea20f579f12f@group-84E05B1291EB-FollowerState] INFO  impl.RoleInfo (RoleInfo.java:shutdownFollowerState(108)) - 4e57e8a8-e34c-4c63-9ee2-ea20f579f12f: shutdown 4e57e8a8-e34c-4c63-9ee2-ea20f579f12f@group-84E05B1291EB-FollowerState
2021-12-02 10:58:41,064 [4e57e8a8-e34c-4c63-9ee2-ea20f579f12f@group-84E05B1291EB-FollowerState] INFO  server.RaftServer$Division (RaftServerImpl.java:setRole(290)) - 4e57e8a8-e34c-4c63-9ee2-ea20f579f12f@group-84E05B1291EB: changes role from  FOLLOWER to CANDIDATE at term 0 for changeToCandidate
2021-12-02 10:58:41,064 [4e57e8a8-e34c-4c63-9ee2-ea20f579f12f@group-84E05B1291EB-FollowerState] INFO  server.RaftServerConfigKeys (ConfUtils.java:logGet(44)) - raft.server.leaderelection.pre-vote = false (custom)
2021-12-02 10:58:41,064 [4e57e8a8-e34c-4c63-9ee2-ea20f579f12f@group-84E05B1291EB-FollowerState] INFO  impl.RoleInfo (RoleInfo.java:updateAndGet(130)) - 4e57e8a8-e34c-4c63-9ee2-ea20f579f12f: start 4e57e8a8-e34c-4c63-9ee2-ea20f579f12f@group-84E05B1291EB-LeaderElection134
2021-12-02 10:58:41,126 [4e57e8a8-e34c-4c63-9ee2-ea20f579f12f@group-84E05B1291EB-LeaderElection134] INFO  impl.LeaderElection (LeaderElection.java:askForVotes(306)) - 4e57e8a8-e34c-4c63-9ee2-ea20f579f12f@group-84E05B1291EB-LeaderElection134 ELECTION round 0: submit vote requests at term 1 for -1: [4e57e8a8-e34c-4c63-9ee2-ea20f579f12f|rpc:10.1.0.26:45399|priority:1], old=null
2021-12-02 10:58:41,127 [4e57e8a8-e34c-4c63-9ee2-ea20f579f12f@group-84E05B1291EB-LeaderElection134] INFO  impl.LeaderElection (LeaderElection.java:askForVotes(308)) - 4e57e8a8-e34c-4c63-9ee2-ea20f579f12f@group-84E05B1291EB-LeaderElection134 ELECTION round 0: result PASSED (term=1)
2021-12-02 10:58:41,127 [4e57e8a8-e34c-4c63-9ee2-ea20f579f12f@group-84E05B1291EB-LeaderElection134] INFO  impl.RoleInfo (RoleInfo.java:shutdownLeaderElection(121)) - 4e57e8a8-e34c-4c63-9ee2-ea20f579f12f: shutdown 4e57e8a8-e34c-4c63-9ee2-ea20f579f12f@group-84E05B1291EB-LeaderElection134
2021-12-02 10:58:41,127 [4e57e8a8-e34c-4c63-9ee2-ea20f579f12f@group-84E05B1291EB-LeaderElection134] INFO  server.RaftServer$Division (RaftServerImpl.java:setRole(290)) - 4e57e8a8-e34c-4c63-9ee2-ea20f579f12f@group-84E05B1291EB: changes role from CANDIDATE to LEADER at term 1 for changeToLeader
2021-12-02 10:58:41,131 [4e57e8a8-e34c-4c63-9ee2-ea20f579f12f@group-84E05B1291EB-LeaderElection134] INFO  ratis.XceiverServerRatis (XceiverServerRatis.java:handleLeaderChangedNotification(866)) - Leader change notification received for group: group-84E05B1291EB with new leaderId: 4e57e8a8-e34c-4c63-9ee2-ea20f579f12f
2021-12-02 10:58:41,132 [4e57e8a8-e34c-4c63-9ee2-ea20f579f12f@group-84E05B1291EB-LeaderElection134] INFO  server.RaftServer$Division (ServerState.java:setLeader(285)) - 4e57e8a8-e34c-4c63-9ee2-ea20f579f12f@group-84E05B1291EB: change Leader from null to 4e57e8a8-e34c-4c63-9ee2-ea20f579f12f at term 1 for becomeLeader, leader elected after 5280ms
2021-12-02 10:58:41,132 [4e57e8a8-e34c-4c63-9ee2-ea20f579f12f@group-84E05B1291EB-LeaderElection134] INFO  server.RaftServerConfigKeys (ConfUtils.java:logGet(44)) - raft.server.staging.catchup.gap = 1000 (default)
2021-12-02 10:58:41,132 [4e57e8a8-e34c-4c63-9ee2-ea20f579f12f@group-84E05B1291EB-LeaderElection134] INFO  server.RaftServerConfigKeys (ConfUtils.java:logGet(44)) - raft.server.write.element-limit = 1024 (custom)
2021-12-02 10:58:41,133 [4e57e8a8-e34c-4c63-9ee2-ea20f579f12f@group-84E05B1291EB-LeaderElection134] INFO  server.RaftServerConfigKeys (ConfUtils.java:logGet(44)) - raft.server.write.byte-limit = 1024 M (=1073741824) (custom)
2021-12-02 10:58:41,133 [4e57e8a8-e34c-4c63-9ee2-ea20f579f12f@group-84E05B1291EB-LeaderElection134] INFO  server.RaftServerConfigKeys (ConfUtils.java:logGet(44)) - raft.server.watch.timeout = 180s (custom)
2021-12-02 10:58:41,133 [4e57e8a8-e34c-4c63-9ee2-ea20f579f12f@group-84E05B1291EB-LeaderElection134] INFO  server.RaftServerConfigKeys (ConfUtils.java:logGet(44)) - raft.server.watch.timeout.denomination = 1s (default)
2021-12-02 10:58:41,133 [4e57e8a8-e34c-4c63-9ee2-ea20f579f12f@group-84E05B1291EB-LeaderElection134] INFO  server.RaftServerConfigKeys (ConfUtils.java:logGet(44)) - raft.server.watch.element-limit = 65536 (default)
2021-12-02 10:58:41,133 [4e57e8a8-e34c-4c63-9ee2-ea20f579f12f@group-84E05B1291EB-LeaderElection134] INFO  server.RaftServerConfigKeys (ConfUtils.java:logGet(44)) - raft.server.write.element-limit = 1024 (custom)
2021-12-02 10:58:41,133 [4e57e8a8-e34c-4c63-9ee2-ea20f579f12f@group-84E05B1291EB-LeaderElection134] INFO  server.RaftServerConfigKeys (ConfUtils.java:logGet(44)) - raft.server.write.follower.gap.ratio.max = -1.0 (default)
2021-12-02 10:58:41,133 [4e57e8a8-e34c-4c63-9ee2-ea20f579f12f@group-84E05B1291EB-LeaderElection134] INFO  impl.RoleInfo (RoleInfo.java:updateAndGet(130)) - 4e57e8a8-e34c-4c63-9ee2-ea20f579f12f: start 4e57e8a8-e34c-4c63-9ee2-ea20f579f12f@group-84E05B1291EB-LeaderStateImpl
2021-12-02 10:58:41,134 [4e57e8a8-e34c-4c63-9ee2-ea20f579f12f@group-84E05B1291EB-LeaderElection134] INFO  segmented.SegmentedRaftLogWorker (SegmentedRaftLogWorker.java:startLogSegment(394)) - 4e57e8a8-e34c-4c63-9ee2-ea20f579f12f@group-84E05B1291EB-SegmentedRaftLogWorker: Starting segment from index:0
2021-12-02 10:58:41,135 [EventQueue-OpenPipelineForHealthyPipelineSafeModeRule] INFO  safemode.SCMSafeModeManager (HealthyPipelineSafeModeRule.java:process(124)) - SCM in safe mode. Healthy pipelines reported count is 0, required healthy pipeline reported count is 1
2021-12-02 10:58:41,137 [4e57e8a8-e34c-4c63-9ee2-ea20f579f12f@group-84E05B1291EB-SegmentedRaftLogWorker] INFO  segmented.SegmentedRaftLogWorker (SegmentedRaftLogWorker.java:execute(601)) - 4e57e8a8-e34c-4c63-9ee2-ea20f579f12f@group-84E05B1291EB-SegmentedRaftLogWorker: created new log segment /home/runner/work/ozone/ozone/hadoop-ozone/integration-test/target/test-dir/MiniOzoneClusterImpl-6e3ca0b7-cd04-429c-ac1f-9a38decf04c5/datanode-2/data/ratis/bdb95c9d-5853-44b0-95c8-84e05b1291eb/current/log_inprogress_0
2021-12-02 10:58:41,140 [4e57e8a8-e34c-4c63-9ee2-ea20f579f12f@group-84E05B1291EB-LeaderElection134] INFO  server.RaftServer$Division (ServerState.java:setRaftConf(387)) - 4e57e8a8-e34c-4c63-9ee2-ea20f579f12f@group-84E05B1291EB: set configuration 0: [4e57e8a8-e34c-4c63-9ee2-ea20f579f12f|rpc:10.1.0.26:45399|dataStream:|priority:1], old=null
2021-12-02 10:58:41,289 [EventQueue-OpenPipelineForHealthyPipelineSafeModeRule] INFO  safemode.SCMSafeModeManager (HealthyPipelineSafeModeRule.java:process(124)) - SCM in safe mode. Healthy pipelines reported count is 0, required healthy pipeline reported count is 1
2021-12-02 10:58:41,707 [Listener at 127.0.0.1/45099] INFO  ozone.MiniOzoneClusterImpl (MiniOzoneClusterImpl.java:lambda$waitForClusterToBeReady$0(235)) - Nodes are ready. Got 3 of 3 DN Heartbeats.
2021-12-02 10:58:41,708 [Listener at 127.0.0.1/45099] INFO  ozone.MiniOzoneClusterImpl (MiniOzoneClusterImpl.java:lambda$waitForClusterToBeReady$0(238)) - Waiting for cluster to exit safe mode
2021-12-02 10:58:41,708 [Listener at 127.0.0.1/45099] INFO  ozone.MiniOzoneClusterImpl (MiniOzoneClusterImpl.java:lambda$waitForClusterToBeReady$0(240)) - SCM became leader
2021-12-02 10:58:41,887 [Time-limited test] INFO  upgrade.UpgradeFinalizer (BasicUpgradeFinalizer.java:logAndEmit(342)) -   Existing pipelines and containers will be closed during Upgrade.
  New pipelines creation will remain frozen until Upgrade is finalized.
2021-12-02 10:58:41,898 [Time-limited test] INFO  upgrade.ScmOnFinalizeActionForDatanodeSchemaV2 (ScmOnFinalizeActionForDatanodeSchemaV2.java:execute(43)) - Executing SCM On Finalize action for layout feature DATANODE_SCHEMA_V2
2021-12-02 10:58:41,899 [Time-limited test] INFO  upgrade.UpgradeFinalizer (BasicUpgradeFinalizer.java:logAndEmit(342)) - No onFinalize work defined for feature: SCM_HA.
2021-12-02 10:58:41,927 [Time-limited test] INFO  pipeline.BackgroundPipelineCreator (BackgroundPipelineCreator.java:start(130)) - Starting RatisPipelineUtilsThread.
2021-12-02 10:58:41,929 [EventQueue-HealthyReadonlyNodeForHealthyReadOnlyNodeHandler] INFO  node.HealthyReadOnlyNodeHandler (HealthyReadOnlyNodeHandler.java:onMessage(58)) - Datanode 189e5a6c-5aeb-4ebf-ab25-1500da4b2a9e{ip: 10.1.0.26, host: fv-az270-116.tacnzluakwdehk1hpragurqkma.bx.internal.cloudapp.net, ports: [REPLICATION=44643, RATIS=43265, RATIS_ADMIN=43265, RATIS_SERVER=43265, STANDALONE=35931], networkLocation: /default-rack, certSerialId: null, persistedOpState: IN_SERVICE, persistedOpStateExpiryEpochSec: 0} moved to HEALTHY READONLY state.
2021-12-02 10:58:41,929 [EventQueue-HealthyReadonlyNodeForHealthyReadOnlyNodeHandler] INFO  node.HealthyReadOnlyNodeHandler (HealthyReadOnlyNodeHandler.java:onMessage(62)) - Closing pipeline PipelineID=3471f3da-6093-4d63-bb20-e44121bd2f34 which uses HEALTHY READONLY datanode 189e5a6c-5aeb-4ebf-ab25-1500da4b2a9e{ip: 10.1.0.26, host: fv-az270-116.tacnzluakwdehk1hpragurqkma.bx.internal.cloudapp.net, ports: [REPLICATION=44643, RATIS=43265, RATIS_ADMIN=43265, RATIS_SERVER=43265, STANDALONE=35931], networkLocation: /default-rack, certSerialId: null, persistedOpState: IN_SERVICE, persistedOpStateExpiryEpochSec: 0} 
2021-12-02 10:58:41,929 [EventQueue-HealthyReadonlyNodeForHealthyReadOnlyNodeHandler] INFO  pipeline.RatisPipelineProvider (RatisPipelineProvider.java:lambda$close$1(222)) - Send pipeline:PipelineID=3471f3da-6093-4d63-bb20-e44121bd2f34 close command to datanode f82ce74c-d344-4424-8faf-57994d5deae6
2021-12-02 10:58:41,930 [EventQueue-HealthyReadonlyNodeForHealthyReadOnlyNodeHandler] INFO  pipeline.RatisPipelineProvider (RatisPipelineProvider.java:lambda$close$1(222)) - Send pipeline:PipelineID=3471f3da-6093-4d63-bb20-e44121bd2f34 close command to datanode aad1e884-dc0c-43f6-a9fd-14f12d4b30b4
2021-12-02 10:58:41,930 [EventQueue-HealthyReadonlyNodeForHealthyReadOnlyNodeHandler] INFO  pipeline.RatisPipelineProvider (RatisPipelineProvider.java:lambda$close$1(222)) - Send pipeline:PipelineID=3471f3da-6093-4d63-bb20-e44121bd2f34 close command to datanode 189e5a6c-5aeb-4ebf-ab25-1500da4b2a9e
2021-12-02 10:58:41,945 [EventQueue-HealthyReadonlyNodeForHealthyReadOnlyNodeHandler] INFO  pipeline.PipelineStateManagerImpl (PipelineStateManagerImpl.java:removePipeline(223)) - Pipeline Pipeline[ Id: 3471f3da-6093-4d63-bb20-e44121bd2f34, Nodes: f82ce74c-d344-4424-8faf-57994d5deae6{ip: 10.1.0.26, host: fv-az270-116.tacnzluakwdehk1hpragurqkma.bx.internal.cloudapp.net, ports: [REPLICATION=39687, RATIS=34529, RATIS_ADMIN=34529, RATIS_SERVER=34529, STANDALONE=41675], networkLocation: /default-rack, certSerialId: null, persistedOpState: IN_SERVICE, persistedOpStateExpiryEpochSec: 0}aad1e884-dc0c-43f6-a9fd-14f12d4b30b4{ip: 10.1.0.26, host: fv-az270-116.tacnzluakwdehk1hpragurqkma.bx.internal.cloudapp.net, ports: [REPLICATION=39025, RATIS=39765, RATIS_ADMIN=39765, RATIS_SERVER=39765, STANDALONE=42933], networkLocation: /default-rack, certSerialId: null, persistedOpState: IN_SERVICE, persistedOpStateExpiryEpochSec: 0}189e5a6c-5aeb-4ebf-ab25-1500da4b2a9e{ip: 10.1.0.26, host: fv-az270-116.tacnzluakwdehk1hpragurqkma.bx.internal.cloudapp.net, ports: [REPLICATION=44643, RATIS=43265, RATIS_ADMIN=43265, RATIS_SERVER=43265, STANDALONE=35931], networkLocation: /default-rack, certSerialId: null, persistedOpState: IN_SERVICE, persistedOpStateExpiryEpochSec: 0}, ReplicationConfig: RATIS/THREE, State:CLOSED, leaderId:189e5a6c-5aeb-4ebf-ab25-1500da4b2a9e, CreationTimestamp2021-12-02T10:57:59.208Z[Etc/UTC]] removed.
2021-12-02 10:58:41,947 [Time-limited test] INFO  upgrade.UpgradeFinalizer (SCMUpgradeFinalizer.java:postFinalizeUpgrade(115)) - Waiting for at least one open pipeline after SCM finalization.
2021-12-02 10:58:41,947 [EventQueue-HealthyReadonlyNodeForHealthyReadOnlyNodeHandler] INFO  node.HealthyReadOnlyNodeHandler (HealthyReadOnlyNodeHandler.java:onMessage(62)) - Closing pipeline PipelineID=2e62d84e-73d5-484b-b6ac-da6de4f61f83 which uses HEALTHY READONLY datanode 189e5a6c-5aeb-4ebf-ab25-1500da4b2a9e{ip: 10.1.0.26, host: fv-az270-116.tacnzluakwdehk1hpragurqkma.bx.internal.cloudapp.net, ports: [REPLICATION=44643, RATIS=43265, RATIS_ADMIN=43265, RATIS_SERVER=43265, STANDALONE=35931], networkLocation: /default-rack, certSerialId: null, persistedOpState: IN_SERVICE, persistedOpStateExpiryEpochSec: 0} 
2021-12-02 10:58:41,947 [IPC Server handler 4 on default port 33891] WARN  node.SCMNodeManager (SCMNodeManager.java:processLayoutVersionReport(598)) - Data node fv-az270-116.tacnzluakwdehk1hpragurqkma.bx.internal.cloudapp.net can not be used in any pipeline in the cluster. DataNode MetadataLayoutVersion = 0, SCM MetadataLayoutVersion = 2
2021-12-02 10:58:41,947 [EventQueue-HealthyReadonlyNodeForHealthyReadOnlyNodeHandler] INFO  pipeline.RatisPipelineProvider (RatisPipelineProvider.java:lambda$close$1(222)) - Send pipeline:PipelineID=2e62d84e-73d5-484b-b6ac-da6de4f61f83 close command to datanode 189e5a6c-5aeb-4ebf-ab25-1500da4b2a9e
2021-12-02 10:58:41,948 [EventQueue-HealthyReadonlyNodeForHealthyReadOnlyNodeHandler] INFO  pipeline.PipelineStateManagerImpl (PipelineStateManagerImpl.java:removePipeline(223)) - Pipeline Pipeline[ Id: 2e62d84e-73d5-484b-b6ac-da6de4f61f83, Nodes: 189e5a6c-5aeb-4ebf-ab25-1500da4b2a9e{ip: 10.1.0.26, host: fv-az270-116.tacnzluakwdehk1hpragurqkma.bx.internal.cloudapp.net, ports: [REPLICATION=44643, RATIS=43265, RATIS_ADMIN=43265, RATIS_SERVER=43265, STANDALONE=35931], networkLocation: /default-rack, certSerialId: null, persistedOpState: IN_SERVICE, persistedOpStateExpiryEpochSec: 0}, ReplicationConfig: RATIS/ONE, State:CLOSED, leaderId:189e5a6c-5aeb-4ebf-ab25-1500da4b2a9e, CreationTimestamp2021-12-02T10:57:59.207Z[Etc/UTC]] removed.
2021-12-02 10:58:41,948 [EventQueue-HealthyReadonlyNodeForHealthyReadOnlyNodeHandler] INFO  node.HealthyReadOnlyNodeHandler (HealthyReadOnlyNodeHandler.java:onMessage(58)) - Datanode aad1e884-dc0c-43f6-a9fd-14f12d4b30b4{ip: 10.1.0.26, host: fv-az270-116.tacnzluakwdehk1hpragurqkma.bx.internal.cloudapp.net, ports: [REPLICATION=39025, RATIS=39765, RATIS_ADMIN=39765, RATIS_SERVER=39765, STANDALONE=42933], networkLocation: /default-rack, certSerialId: null, persistedOpState: IN_SERVICE, persistedOpStateExpiryEpochSec: 0} moved to HEALTHY READONLY state.
2021-12-02 10:58:41,948 [EventQueue-HealthyReadonlyNodeForHealthyReadOnlyNodeHandler] INFO  node.HealthyReadOnlyNodeHandler (HealthyReadOnlyNodeHandler.java:onMessage(62)) - Closing pipeline PipelineID=b1a90bc7-6486-4f34-b1c9-efc938b084a2 which uses HEALTHY READONLY datanode aad1e884-dc0c-43f6-a9fd-14f12d4b30b4{ip: 10.1.0.26, host: fv-az270-116.tacnzluakwdehk1hpragurqkma.bx.internal.cloudapp.net, ports: [REPLICATION=39025, RATIS=39765, RATIS_ADMIN=39765, RATIS_SERVER=39765, STANDALONE=42933], networkLocation: /default-rack, certSerialId: null, persistedOpState: IN_SERVICE, persistedOpStateExpiryEpochSec: 0} 
2021-12-02 10:58:41,948 [EventQueue-HealthyReadonlyNodeForHealthyReadOnlyNodeHandler] INFO  pipeline.RatisPipelineProvider (RatisPipelineProvider.java:lambda$close$1(222)) - Send pipeline:PipelineID=b1a90bc7-6486-4f34-b1c9-efc938b084a2 close command to datanode aad1e884-dc0c-43f6-a9fd-14f12d4b30b4
2021-12-02 10:58:41,948 [EventQueue-HealthyReadonlyNodeForHealthyReadOnlyNodeHandler] INFO  pipeline.PipelineStateManagerImpl (PipelineStateManagerImpl.java:removePipeline(223)) - Pipeline Pipeline[ Id: b1a90bc7-6486-4f34-b1c9-efc938b084a2, Nodes: aad1e884-dc0c-43f6-a9fd-14f12d4b30b4{ip: 10.1.0.26, host: fv-az270-116.tacnzluakwdehk1hpragurqkma.bx.internal.cloudapp.net, ports: [REPLICATION=39025, RATIS=39765, RATIS_ADMIN=39765, RATIS_SERVER=39765, STANDALONE=42933], networkLocation: /default-rack, certSerialId: null, persistedOpState: IN_SERVICE, persistedOpStateExpiryEpochSec: 0}, ReplicationConfig: RATIS/ONE, State:CLOSED, leaderId:aad1e884-dc0c-43f6-a9fd-14f12d4b30b4, CreationTimestamp2021-12-02T10:57:58.295Z[Etc/UTC]] removed.
2021-12-02 10:58:41,948 [EventQueue-HealthyReadonlyNodeForHealthyReadOnlyNodeHandler] INFO  node.HealthyReadOnlyNodeHandler (HealthyReadOnlyNodeHandler.java:onMessage(58)) - Datanode f82ce74c-d344-4424-8faf-57994d5deae6{ip: 10.1.0.26, host: fv-az270-116.tacnzluakwdehk1hpragurqkma.bx.internal.cloudapp.net, ports: [REPLICATION=39687, RATIS=34529, RATIS_ADMIN=34529, RATIS_SERVER=34529, STANDALONE=41675], networkLocation: /default-rack, certSerialId: null, persistedOpState: IN_SERVICE, persistedOpStateExpiryEpochSec: 0} moved to HEALTHY READONLY state.
2021-12-02 10:58:41,949 [EventQueue-HealthyReadonlyNodeForHealthyReadOnlyNodeHandler] INFO  node.HealthyReadOnlyNodeHandler (HealthyReadOnlyNodeHandler.java:onMessage(62)) - Closing pipeline PipelineID=0e72d291-b335-467b-97b5-aa5ae33563ce which uses HEALTHY READONLY datanode f82ce74c-d344-4424-8faf-57994d5deae6{ip: 10.1.0.26, host: fv-az270-116.tacnzluakwdehk1hpragurqkma.bx.internal.cloudapp.net, ports: [REPLICATION=39687, RATIS=34529, RATIS_ADMIN=34529, RATIS_SERVER=34529, STANDALONE=41675], networkLocation: /default-rack, certSerialId: null, persistedOpState: IN_SERVICE, persistedOpStateExpiryEpochSec: 0} 
2021-12-02 10:58:41,949 [EventQueue-HealthyReadonlyNodeForHealthyReadOnlyNodeHandler] INFO  pipeline.RatisPipelineProvider (RatisPipelineProvider.java:lambda$close$1(222)) - Send pipeline:PipelineID=0e72d291-b335-467b-97b5-aa5ae33563ce close command to datanode f82ce74c-d344-4424-8faf-57994d5deae6
2021-12-02 10:58:41,949 [EventQueue-HealthyReadonlyNodeForHealthyReadOnlyNodeHandler] INFO  pipeline.PipelineStateManagerImpl (PipelineStateManagerImpl.java:removePipeline(223)) - Pipeline Pipeline[ Id: 0e72d291-b335-467b-97b5-aa5ae33563ce, Nodes: f82ce74c-d344-4424-8faf-57994d5deae6{ip: 10.1.0.26, host: fv-az270-116.tacnzluakwdehk1hpragurqkma.bx.internal.cloudapp.net, ports: [REPLICATION=39687, RATIS=34529, RATIS_ADMIN=34529, RATIS_SERVER=34529, STANDALONE=41675], networkLocation: /default-rack, certSerialId: null, persistedOpState: IN_SERVICE, persistedOpStateExpiryEpochSec: 0}, ReplicationConfig: RATIS/ONE, State:CLOSED, leaderId:f82ce74c-d344-4424-8faf-57994d5deae6, CreationTimestamp2021-12-02T10:57:57.639Z[Etc/UTC]] removed.
2021-12-02 10:58:41,962 [RatisPipelineUtilsThread - 0] ERROR scm.SCMCommonPlacementPolicy (SCMCommonPlacementPolicy.java:filterNodesWithSpace(171)) - Unable to find enough nodes that meet the space requirement of 1073741824 bytes for metadata and 5368709120 bytes for data in healthy node set. Required 3. Found 0.
2021-12-02 10:58:42,251 [EventQueue-OpenPipelineForHealthyPipelineSafeModeRule] INFO  safemode.SCMSafeModeManager (HealthyPipelineSafeModeRule.java:process(124)) - SCM in safe mode. Healthy pipelines reported count is 0, required healthy pipeline reported count is 1
2021-12-02 10:58:42,282 [EventQueue-OpenPipelineForHealthyPipelineSafeModeRule] INFO  safemode.SCMSafeModeManager (HealthyPipelineSafeModeRule.java:process(124)) - SCM in safe mode. Healthy pipelines reported count is 0, required healthy pipeline reported count is 1
2021-12-02 10:58:42,378 [IPC Server handler 3 on default port 33891] WARN  node.SCMNodeManager (SCMNodeManager.java:processLayoutVersionReport(598)) - Data node fv-az270-116.tacnzluakwdehk1hpragurqkma.bx.internal.cloudapp.net can not be used in any pipeline in the cluster. DataNode MetadataLayoutVersion = 0, SCM MetadataLayoutVersion = 2
2021-12-02 10:58:42,380 [IPC Server handler 0 on default port 33891] WARN  node.SCMNodeManager (SCMNodeManager.java:processLayoutVersionReport(598)) - Data node fv-az270-116.tacnzluakwdehk1hpragurqkma.bx.internal.cloudapp.net can not be used in any pipeline in the cluster. DataNode MetadataLayoutVersion = 0, SCM MetadataLayoutVersion = 2
2021-12-02 10:58:42,443 [Command processor thread] INFO  server.RaftServer (RaftServerProxy.java:remove(106)) - aad1e884-dc0c-43f6-a9fd-14f12d4b30b4: remove  FOLLOWER aad1e884-dc0c-43f6-a9fd-14f12d4b30b4@group-E44121BD2F34:t4, leader=189e5a6c-5aeb-4ebf-ab25-1500da4b2a9e, voted=189e5a6c-5aeb-4ebf-ab25-1500da4b2a9e, raftlog=aad1e884-dc0c-43f6-a9fd-14f12d4b30b4@group-E44121BD2F34-SegmentedRaftLog:OPENED:c10, conf=0: [f82ce74c-d344-4424-8faf-57994d5deae6|rpc:10.1.0.26:34529|dataStream:|priority:0, aad1e884-dc0c-43f6-a9fd-14f12d4b30b4|rpc:10.1.0.26:39765|dataStream:|priority:0, 189e5a6c-5aeb-4ebf-ab25-1500da4b2a9e|rpc:10.1.0.26:43265|dataStream:|priority:1], old=null RUNNING
2021-12-02 10:58:42,443 [Command processor thread] INFO  server.RaftServer$Division (RaftServerImpl.java:lambda$close$4(412)) - aad1e884-dc0c-43f6-a9fd-14f12d4b30b4@group-E44121BD2F34: shutdown
2021-12-02 10:58:42,443 [Command processor thread] INFO  util.JmxRegister (JmxRegister.java:unregister(73)) - Successfully un-registered JMX Bean with object name Ratis:service=RaftServer,group=group-E44121BD2F34,id=aad1e884-dc0c-43f6-a9fd-14f12d4b30b4
2021-12-02 10:58:42,443 [Command processor thread] INFO  impl.RoleInfo (RoleInfo.java:shutdownFollowerState(108)) - aad1e884-dc0c-43f6-a9fd-14f12d4b30b4: shutdown aad1e884-dc0c-43f6-a9fd-14f12d4b30b4@group-E44121BD2F34-FollowerState
2021-12-02 10:58:42,443 [Command processor thread] INFO  impl.StateMachineUpdater (StateMachineUpdater.java:stopAndJoin(149)) - aad1e884-dc0c-43f6-a9fd-14f12d4b30b4@group-E44121BD2F34-StateMachineUpdater: set stopIndex = 10
2021-12-02 10:58:42,444 [aad1e884-dc0c-43f6-a9fd-14f12d4b30b4@group-E44121BD2F34-FollowerState] INFO  impl.FollowerState (FollowerState.java:run(143)) - aad1e884-dc0c-43f6-a9fd-14f12d4b30b4@group-E44121BD2F34-FollowerState was interrupted: {}
java.lang.InterruptedException: sleep interrupted
	at java.lang.Thread.sleep(Native Method)
	at java.lang.Thread.sleep(Thread.java:340)
	at java.util.concurrent.TimeUnit.sleep(TimeUnit.java:386)
	at org.apache.ratis.util.TimeDuration.sleep(TimeDuration.java:324)
	at org.apache.ratis.util.TimeDuration.sleep(TimeDuration.java:309)
	at org.apache.ratis.server.impl.FollowerState.run(FollowerState.java:118)
2021-12-02 10:58:42,444 [aad1e884-dc0c-43f6-a9fd-14f12d4b30b4@group-E44121BD2F34-StateMachineUpdater] INFO  ratis.ContainerStateMachine (ContainerStateMachine.java:takeSnapshot(292)) - group-E44121BD2F34: Taking a snapshot at:(t:4, i:10) file /home/runner/work/ozone/ozone/hadoop-ozone/integration-test/target/test-dir/MiniOzoneClusterImpl-73dd4d89-5651-475a-8e12-7bad855f6dad/datanode-1/data/ratis/3471f3da-6093-4d63-bb20-e44121bd2f34/sm/snapshot.4_10
2021-12-02 10:58:42,448 [aad1e884-dc0c-43f6-a9fd-14f12d4b30b4@group-E44121BD2F34-StateMachineUpdater] INFO  ratis.ContainerStateMachine (ContainerStateMachine.java:takeSnapshot(303)) - group-E44121BD2F34: Finished taking a snapshot at:(t:4, i:10) file:/home/runner/work/ozone/ozone/hadoop-ozone/integration-test/target/test-dir/MiniOzoneClusterImpl-73dd4d89-5651-475a-8e12-7bad855f6dad/datanode-1/data/ratis/3471f3da-6093-4d63-bb20-e44121bd2f34/sm/snapshot.4_10 took: 3 ms
2021-12-02 10:58:42,448 [aad1e884-dc0c-43f6-a9fd-14f12d4b30b4@group-E44121BD2F34-StateMachineUpdater] INFO  impl.StateMachineUpdater (StateMachineUpdater.java:takeSnapshot(281)) - aad1e884-dc0c-43f6-a9fd-14f12d4b30b4@group-E44121BD2F34-StateMachineUpdater: Took a snapshot at index 10
2021-12-02 10:58:42,448 [aad1e884-dc0c-43f6-a9fd-14f12d4b30b4@group-E44121BD2F34-StateMachineUpdater] INFO  impl.StateMachineUpdater (StateMachineUpdater.java:lambda$new$0(89)) - aad1e884-dc0c-43f6-a9fd-14f12d4b30b4@group-E44121BD2F34-StateMachineUpdater: snapshotIndex: updateIncreasingly -1 -> 10
2021-12-02 10:58:42,448 [IPC Server handler 15 on default port 33891] WARN  node.SCMNodeManager (SCMNodeManager.java:processLayoutVersionReport(598)) - Data node fv-az270-116.tacnzluakwdehk1hpragurqkma.bx.internal.cloudapp.net can not be used in any pipeline in the cluster. DataNode MetadataLayoutVersion = 0, SCM MetadataLayoutVersion = 2
2021-12-02 10:58:42,450 [Command processor thread] INFO  server.RaftServer$Division (ServerState.java:close(419)) - aad1e884-dc0c-43f6-a9fd-14f12d4b30b4@group-E44121BD2F34: closes. applyIndex: 10
2021-12-02 10:58:42,450 [aad1e884-dc0c-43f6-a9fd-14f12d4b30b4@group-E44121BD2F34-SegmentedRaftLogWorker] INFO  segmented.SegmentedRaftLogWorker (SegmentedRaftLogWorker.java:run(327)) - aad1e884-dc0c-43f6-a9fd-14f12d4b30b4@group-E44121BD2F34-SegmentedRaftLogWorker was interrupted, exiting. There are 0 tasks remaining in the queue.
2021-12-02 10:58:42,454 [Command processor thread] INFO  segmented.SegmentedRaftLogWorker (SegmentedRaftLogWorker.java:close(237)) - aad1e884-dc0c-43f6-a9fd-14f12d4b30b4@group-E44121BD2F34-SegmentedRaftLogWorker close()
2021-12-02 10:58:42,458 [Command processor thread] INFO  server.RaftServer$Division (RaftServerImpl.java:groupRemove(382)) - aad1e884-dc0c-43f6-a9fd-14f12d4b30b4@group-E44121BD2F34: Succeed to remove RaftStorageDirectory Storage Directory /home/runner/work/ozone/ozone/hadoop-ozone/integration-test/target/test-dir/MiniOzoneClusterImpl-73dd4d89-5651-475a-8e12-7bad855f6dad/datanode-1/data/ratis/3471f3da-6093-4d63-bb20-e44121bd2f34
2021-12-02 10:58:42,458 [Command processor thread] INFO  commandhandler.ClosePipelineCommandHandler (ClosePipelineCommandHandler.java:handle(78)) - Close Pipeline PipelineID=3471f3da-6093-4d63-bb20-e44121bd2f34 command on datanode aad1e884-dc0c-43f6-a9fd-14f12d4b30b4.
2021-12-02 10:58:42,458 [Command processor thread] INFO  commandhandler.FinalizeNewLayoutVersionCommandHandler (FinalizeNewLayoutVersionCommandHandler.java:handle(64)) - Processing FinalizeNewLayoutVersionCommandHandler command.
2021-12-02 10:58:42,458 [Command processor thread] INFO  commandhandler.FinalizeNewLayoutVersionCommandHandler (FinalizeNewLayoutVersionCommandHandler.java:handle(77)) - Finalize Upgrade called!
2021-12-02 10:58:42,458 [Command processor thread] INFO  upgrade.UpgradeFinalizer (BasicUpgradeFinalizer.java:logAndEmit(342)) - Finalization started.
2021-12-02 10:58:42,458 [Command processor thread] INFO  upgrade.DatanodeSchemaV2FinalizeAction (DatanodeSchemaV2FinalizeAction.java:execute(44)) - Executing datanode 'onFinalize' action for the first version with upgrade support. New containers will be created with Schema Version 2 henceforth.
2021-12-02 10:58:42,461 [Command processor thread] INFO  upgrade.ScmHAFinalizeUpgradeActionDatanode (ScmHAFinalizeUpgradeActionDatanode.java:execute(52)) - Upgrading Datanode volume layout for SCM HA support.
2021-12-02 10:58:42,461 [Command processor thread] INFO  upgrade.ScmHAFinalizeUpgradeActionDatanode (ScmHAFinalizeUpgradeActionDatanode.java:upgradeVolume(98)) - Creating symlink /home/runner/work/ozone/ozone/hadoop-ozone/integration-test/target/test-dir/MiniOzoneClusterImpl-73dd4d89-5651-475a-8e12-7bad855f6dad/datanode-1/data-0/containers/hdds/73dd4d89-5651-475a-8e12-7bad855f6dad -> 406e839f-474e-43f0-8e74-ac096f250158 as part of SCM HA finalization for datanode.
2021-12-02 10:58:42,463 [Command processor thread] INFO  upgrade.UpgradeFinalizer (BasicUpgradeFinalizer.java:logAndEmit(342)) - Finalization is done.
2021-12-02 10:58:42,464 [Command processor thread] INFO  server.RaftServer (RaftServerProxy.java:remove(106)) - aad1e884-dc0c-43f6-a9fd-14f12d4b30b4: remove    LEADER aad1e884-dc0c-43f6-a9fd-14f12d4b30b4@group-EFC938B084A2:t1, leader=aad1e884-dc0c-43f6-a9fd-14f12d4b30b4, voted=aad1e884-dc0c-43f6-a9fd-14f12d4b30b4, raftlog=aad1e884-dc0c-43f6-a9fd-14f12d4b30b4@group-EFC938B084A2-SegmentedRaftLog:OPENED:c0, conf=0: [aad1e884-dc0c-43f6-a9fd-14f12d4b30b4|rpc:10.1.0.26:39765|dataStream:|priority:1], old=null RUNNING
2021-12-02 10:58:42,464 [Command processor thread] INFO  server.RaftServer$Division (RaftServerImpl.java:lambda$close$4(412)) - aad1e884-dc0c-43f6-a9fd-14f12d4b30b4@group-EFC938B084A2: shutdown
2021-12-02 10:58:42,464 [Command processor thread] INFO  util.JmxRegister (JmxRegister.java:unregister(73)) - Successfully un-registered JMX Bean with object name Ratis:service=RaftServer,group=group-EFC938B084A2,id=aad1e884-dc0c-43f6-a9fd-14f12d4b30b4
2021-12-02 10:58:42,464 [Command processor thread] INFO  impl.RoleInfo (RoleInfo.java:shutdownLeaderState(91)) - aad1e884-dc0c-43f6-a9fd-14f12d4b30b4: shutdown aad1e884-dc0c-43f6-a9fd-14f12d4b30b4@group-EFC938B084A2-LeaderStateImpl
2021-12-02 10:58:42,464 [Command processor thread] INFO  impl.PendingRequests (PendingRequests.java:sendNotLeaderResponses(282)) - aad1e884-dc0c-43f6-a9fd-14f12d4b30b4@group-EFC938B084A2-PendingRequests: sendNotLeaderResponses
2021-12-02 10:58:42,465 [aad1e884-dc0c-43f6-a9fd-14f12d4b30b4@group-EFC938B084A2-StateMachineUpdater] INFO  ratis.ContainerStateMachine (ContainerStateMachine.java:takeSnapshot(292)) - group-EFC938B084A2: Taking a snapshot at:(t:1, i:0) file /home/runner/work/ozone/ozone/hadoop-ozone/integration-test/target/test-dir/MiniOzoneClusterImpl-73dd4d89-5651-475a-8e12-7bad855f6dad/datanode-1/data/ratis/b1a90bc7-6486-4f34-b1c9-efc938b084a2/sm/snapshot.1_0
2021-12-02 10:58:42,465 [Command processor thread] INFO  impl.StateMachineUpdater (StateMachineUpdater.java:stopAndJoin(149)) - aad1e884-dc0c-43f6-a9fd-14f12d4b30b4@group-EFC938B084A2-StateMachineUpdater: set stopIndex = 0
2021-12-02 10:58:42,466 [aad1e884-dc0c-43f6-a9fd-14f12d4b30b4@group-EFC938B084A2-StateMachineUpdater] INFO  ratis.ContainerStateMachine (ContainerStateMachine.java:takeSnapshot(303)) - group-EFC938B084A2: Finished taking a snapshot at:(t:1, i:0) file:/home/runner/work/ozone/ozone/hadoop-ozone/integration-test/target/test-dir/MiniOzoneClusterImpl-73dd4d89-5651-475a-8e12-7bad855f6dad/datanode-1/data/ratis/b1a90bc7-6486-4f34-b1c9-efc938b084a2/sm/snapshot.1_0 took: 1 ms
2021-12-02 10:58:42,466 [aad1e884-dc0c-43f6-a9fd-14f12d4b30b4@group-EFC938B084A2-StateMachineUpdater] INFO  impl.StateMachineUpdater (StateMachineUpdater.java:takeSnapshot(281)) - aad1e884-dc0c-43f6-a9fd-14f12d4b30b4@group-EFC938B084A2-StateMachineUpdater: Took a snapshot at index 0
2021-12-02 10:58:42,466 [aad1e884-dc0c-43f6-a9fd-14f12d4b30b4@group-EFC938B084A2-StateMachineUpdater] INFO  impl.StateMachineUpdater (StateMachineUpdater.java:lambda$new$0(89)) - aad1e884-dc0c-43f6-a9fd-14f12d4b30b4@group-EFC938B084A2-StateMachineUpdater: snapshotIndex: updateIncreasingly -1 -> 0
2021-12-02 10:58:42,466 [Command processor thread] INFO  server.RaftServer$Division (ServerState.java:close(419)) - aad1e884-dc0c-43f6-a9fd-14f12d4b30b4@group-EFC938B084A2: closes. applyIndex: 0
2021-12-02 10:58:42,466 [aad1e884-dc0c-43f6-a9fd-14f12d4b30b4@group-EFC938B084A2-SegmentedRaftLogWorker] INFO  segmented.SegmentedRaftLogWorker (SegmentedRaftLogWorker.java:run(327)) - aad1e884-dc0c-43f6-a9fd-14f12d4b30b4@group-EFC938B084A2-SegmentedRaftLogWorker was interrupted, exiting. There are 0 tasks remaining in the queue.
2021-12-02 10:58:42,467 [Command processor thread] INFO  segmented.SegmentedRaftLogWorker (SegmentedRaftLogWorker.java:close(237)) - aad1e884-dc0c-43f6-a9fd-14f12d4b30b4@group-EFC938B084A2-SegmentedRaftLogWorker close()
2021-12-02 10:58:42,483 [Command processor thread] INFO  server.RaftServer$Division (RaftServerImpl.java:groupRemove(382)) - aad1e884-dc0c-43f6-a9fd-14f12d4b30b4@group-EFC938B084A2: Succeed to remove RaftStorageDirectory Storage Directory /home/runner/work/ozone/ozone/hadoop-ozone/integration-test/target/test-dir/MiniOzoneClusterImpl-73dd4d89-5651-475a-8e12-7bad855f6dad/datanode-1/data/ratis/b1a90bc7-6486-4f34-b1c9-efc938b084a2
2021-12-02 10:58:42,484 [Command processor thread] INFO  commandhandler.ClosePipelineCommandHandler (ClosePipelineCommandHandler.java:handle(78)) - Close Pipeline PipelineID=b1a90bc7-6486-4f34-b1c9-efc938b084a2 command on datanode aad1e884-dc0c-43f6-a9fd-14f12d4b30b4.
2021-12-02 10:58:42,639 [EventQueue-OpenPipelineForHealthyPipelineSafeModeRule] INFO  safemode.SCMSafeModeManager (HealthyPipelineSafeModeRule.java:process(124)) - SCM in safe mode. Healthy pipelines reported count is 0, required healthy pipeline reported count is 1
2021-12-02 10:58:42,708 [Listener at 127.0.0.1/45099] INFO  ozone.MiniOzoneClusterImpl (MiniOzoneClusterImpl.java:lambda$waitForClusterToBeReady$0(235)) - Nodes are ready. Got 3 of 3 DN Heartbeats.
2021-12-02 10:58:42,708 [Listener at 127.0.0.1/45099] INFO  ozone.MiniOzoneClusterImpl (MiniOzoneClusterImpl.java:lambda$waitForClusterToBeReady$0(238)) - Waiting for cluster to exit safe mode
2021-12-02 10:58:42,708 [Listener at 127.0.0.1/45099] INFO  ozone.MiniOzoneClusterImpl (MiniOzoneClusterImpl.java:lambda$waitForClusterToBeReady$0(240)) - SCM became leader
2021-12-02 10:58:42,878 [IPC Server handler 10 on default port 33891] WARN  node.SCMNodeManager (SCMNodeManager.java:processLayoutVersionReport(598)) - Data node fv-az270-116.tacnzluakwdehk1hpragurqkma.bx.internal.cloudapp.net can not be used in any pipeline in the cluster. DataNode MetadataLayoutVersion = 0, SCM MetadataLayoutVersion = 2
2021-12-02 10:58:42,878 [EventQueue-PipelineReportForPipelineReportHandler] INFO  pipeline.PipelineReportHandler (PipelineReportHandler.java:processPipelineReport(113)) - Reported pipeline PipelineID=3471f3da-6093-4d63-bb20-e44121bd2f34 is not found
2021-12-02 10:58:42,878 [EventQueue-PipelineReportForPipelineReportHandler] INFO  pipeline.PipelineReportHandler (PipelineReportHandler.java:processPipelineReport(113)) - Reported pipeline PipelineID=0e72d291-b335-467b-97b5-aa5ae33563ce is not found
2021-12-02 10:58:42,884 [IPC Server handler 6 on default port 33891] WARN  node.SCMNodeManager (SCMNodeManager.java:processLayoutVersionReport(598)) - Data node fv-az270-116.tacnzluakwdehk1hpragurqkma.bx.internal.cloudapp.net can not be used in any pipeline in the cluster. DataNode MetadataLayoutVersion = 0, SCM MetadataLayoutVersion = 2
2021-12-02 10:58:43,080 [EventQueue-HealthyReadonlyToHealthyNodeForReadOnlyHealthyToHealthyNodeHandler] INFO  node.ReadOnlyHealthyToHealthyNodeHandler (ReadOnlyHealthyToHealthyNodeHandler.java:onMessage(51)) - Datanode aad1e884-dc0c-43f6-a9fd-14f12d4b30b4{ip: 10.1.0.26, host: fv-az270-116.tacnzluakwdehk1hpragurqkma.bx.internal.cloudapp.net, ports: [REPLICATION=39025, RATIS=39765, RATIS_ADMIN=39765, RATIS_SERVER=39765, STANDALONE=42933], networkLocation: /default-rack, certSerialId: null, persistedOpState: IN_SERVICE, persistedOpStateExpiryEpochSec: 0} moved to HEALTHY state.
2021-12-02 10:58:43,080 [EventQueue-HealthyReadonlyToHealthyNodeForReadOnlyHealthyToHealthyNodeHandler] INFO  pipeline.BackgroundPipelineCreator (BackgroundPipelineCreator.java:notifyEventTriggered(285)) - trigger a one-shot run on RatisPipelineUtilsThread.
2021-12-02 10:58:43,080 [RatisPipelineUtilsThread - 0] INFO  pipeline.RatisPipelineProvider (RatisPipelineProvider.java:lambda$create$0(183)) - Sending CreatePipelineCommand for pipeline:PipelineID=5f482d7d-780b-4a6c-b310-247a14545ffc to datanode:aad1e884-dc0c-43f6-a9fd-14f12d4b30b4
2021-12-02 10:58:43,081 [RatisPipelineUtilsThread - 0] INFO  pipeline.PipelineStateManagerImpl (PipelineStateManagerImpl.java:addPipeline(101)) - Created pipeline Pipeline[ Id: 5f482d7d-780b-4a6c-b310-247a14545ffc, Nodes: aad1e884-dc0c-43f6-a9fd-14f12d4b30b4{ip: 10.1.0.26, host: fv-az270-116.tacnzluakwdehk1hpragurqkma.bx.internal.cloudapp.net, ports: [REPLICATION=39025, RATIS=39765, RATIS_ADMIN=39765, RATIS_SERVER=39765, STANDALONE=42933], networkLocation: /default-rack, certSerialId: null, persistedOpState: IN_SERVICE, persistedOpStateExpiryEpochSec: 0}, ReplicationConfig: RATIS/ONE, State:ALLOCATED, leaderId:, CreationTimestamp2021-12-02T10:58:43.080Z[Etc/UTC]].
2021-12-02 10:58:43,081 [RatisPipelineUtilsThread - 0] ERROR scm.SCMCommonPlacementPolicy (SCMCommonPlacementPolicy.java:filterNodesWithSpace(171)) - Unable to find enough nodes that meet the space requirement of 1073741824 bytes for metadata and 5368709120 bytes for data in healthy node set. Required 3. Found 1.
2021-12-02 10:58:43,378 [IPC Server handler 3 on default port 33891] WARN  node.SCMNodeManager (SCMNodeManager.java:processLayoutVersionReport(598)) - Data node fv-az270-116.tacnzluakwdehk1hpragurqkma.bx.internal.cloudapp.net can not be used in any pipeline in the cluster. DataNode MetadataLayoutVersion = 0, SCM MetadataLayoutVersion = 2
2021-12-02 10:58:43,383 [IPC Server handler 1 on default port 33891] WARN  node.SCMNodeManager (SCMNodeManager.java:processLayoutVersionReport(598)) - Data node fv-az270-116.tacnzluakwdehk1hpragurqkma.bx.internal.cloudapp.net can not be used in any pipeline in the cluster. DataNode MetadataLayoutVersion = 0, SCM MetadataLayoutVersion = 2
2021-12-02 10:58:43,710 [Listener at 127.0.0.1/45099] INFO  ozone.MiniOzoneClusterImpl (MiniOzoneClusterImpl.java:lambda$waitForClusterToBeReady$0(235)) - Nodes are ready. Got 3 of 3 DN Heartbeats.
2021-12-02 10:58:43,710 [Listener at 127.0.0.1/45099] INFO  ozone.MiniOzoneClusterImpl (MiniOzoneClusterImpl.java:lambda$waitForClusterToBeReady$0(238)) - Waiting for cluster to exit safe mode
2021-12-02 10:58:43,710 [Listener at 127.0.0.1/45099] INFO  ozone.MiniOzoneClusterImpl (MiniOzoneClusterImpl.java:lambda$waitForClusterToBeReady$0(240)) - SCM became leader
2021-12-02 10:58:43,750 [EventQueue-OpenPipelineForHealthyPipelineSafeModeRule] INFO  safemode.SCMSafeModeManager (HealthyPipelineSafeModeRule.java:process(124)) - SCM in safe mode. Healthy pipelines reported count is 0, required healthy pipeline reported count is 1
2021-12-02 10:58:43,878 [Command processor thread] INFO  server.RaftServer (RaftServerProxy.java:remove(106)) - f82ce74c-d344-4424-8faf-57994d5deae6: remove  FOLLOWER f82ce74c-d344-4424-8faf-57994d5deae6@group-E44121BD2F34:t4, leader=189e5a6c-5aeb-4ebf-ab25-1500da4b2a9e, voted=189e5a6c-5aeb-4ebf-ab25-1500da4b2a9e, raftlog=f82ce74c-d344-4424-8faf-57994d5deae6@group-E44121BD2F34-SegmentedRaftLog:OPENED:c10, conf=0: [f82ce74c-d344-4424-8faf-57994d5deae6|rpc:10.1.0.26:34529|dataStream:|priority:0, aad1e884-dc0c-43f6-a9fd-14f12d4b30b4|rpc:10.1.0.26:39765|dataStream:|priority:0, 189e5a6c-5aeb-4ebf-ab25-1500da4b2a9e|rpc:10.1.0.26:43265|dataStream:|priority:1], old=null RUNNING
2021-12-02 10:58:43,878 [Command processor thread] INFO  server.RaftServer$Division (RaftServerImpl.java:lambda$close$4(412)) - f82ce74c-d344-4424-8faf-57994d5deae6@group-E44121BD2F34: shutdown
2021-12-02 10:58:43,878 [Command processor thread] INFO  util.JmxRegister (JmxRegister.java:unregister(73)) - Successfully un-registered JMX Bean with object name Ratis:service=RaftServer,group=group-E44121BD2F34,id=f82ce74c-d344-4424-8faf-57994d5deae6
2021-12-02 10:58:43,878 [Command processor thread] INFO  impl.RoleInfo (RoleInfo.java:shutdownFollowerState(108)) - f82ce74c-d344-4424-8faf-57994d5deae6: shutdown f82ce74c-d344-4424-8faf-57994d5deae6@group-E44121BD2F34-FollowerState
2021-12-02 10:58:43,878 [Command processor thread] INFO  impl.StateMachineUpdater (StateMachineUpdater.java:stopAndJoin(149)) - f82ce74c-d344-4424-8faf-57994d5deae6@group-E44121BD2F34-StateMachineUpdater: set stopIndex = 10
2021-12-02 10:58:43,878 [f82ce74c-d344-4424-8faf-57994d5deae6@group-E44121BD2F34-FollowerState] INFO  impl.FollowerState (FollowerState.java:run(143)) - f82ce74c-d344-4424-8faf-57994d5deae6@group-E44121BD2F34-FollowerState was interrupted: {}
java.lang.InterruptedException: sleep interrupted
	at java.lang.Thread.sleep(Native Method)
	at java.lang.Thread.sleep(Thread.java:340)
	at java.util.concurrent.TimeUnit.sleep(TimeUnit.java:386)
	at org.apache.ratis.util.TimeDuration.sleep(TimeDuration.java:324)
	at org.apache.ratis.util.TimeDuration.sleep(TimeDuration.java:309)
	at org.apache.ratis.server.impl.FollowerState.run(FollowerState.java:118)
2021-12-02 10:58:43,879 [f82ce74c-d344-4424-8faf-57994d5deae6@group-E44121BD2F34-StateMachineUpdater] INFO  ratis.ContainerStateMachine (ContainerStateMachine.java:takeSnapshot(292)) - group-E44121BD2F34: Taking a snapshot at:(t:4, i:10) file /home/runner/work/ozone/ozone/hadoop-ozone/integration-test/target/test-dir/MiniOzoneClusterImpl-73dd4d89-5651-475a-8e12-7bad855f6dad/datanode-0/data/ratis/3471f3da-6093-4d63-bb20-e44121bd2f34/sm/snapshot.4_10
2021-12-02 10:58:43,880 [Command processor thread] INFO  server.RaftServer (RaftServerProxy.java:remove(106)) - 189e5a6c-5aeb-4ebf-ab25-1500da4b2a9e: remove    LEADER 189e5a6c-5aeb-4ebf-ab25-1500da4b2a9e@group-E44121BD2F34:t4, leader=189e5a6c-5aeb-4ebf-ab25-1500da4b2a9e, voted=189e5a6c-5aeb-4ebf-ab25-1500da4b2a9e, raftlog=189e5a6c-5aeb-4ebf-ab25-1500da4b2a9e@group-E44121BD2F34-SegmentedRaftLog:OPENED:c10, conf=0: [f82ce74c-d344-4424-8faf-57994d5deae6|rpc:10.1.0.26:34529|dataStream:|priority:0, aad1e884-dc0c-43f6-a9fd-14f12d4b30b4|rpc:10.1.0.26:39765|dataStream:|priority:0, 189e5a6c-5aeb-4ebf-ab25-1500da4b2a9e|rpc:10.1.0.26:43265|dataStream:|priority:1], old=null RUNNING
2021-12-02 10:58:43,880 [Command processor thread] INFO  server.RaftServer$Division (RaftServerImpl.java:lambda$close$4(412)) - 189e5a6c-5aeb-4ebf-ab25-1500da4b2a9e@group-E44121BD2F34: shutdown
2021-12-02 10:58:43,880 [Command processor thread] INFO  util.JmxRegister (JmxRegister.java:unregister(73)) - Successfully un-registered JMX Bean with object name Ratis:service=RaftServer,group=group-E44121BD2F34,id=189e5a6c-5aeb-4ebf-ab25-1500da4b2a9e
2021-12-02 10:58:43,880 [Command processor thread] INFO  impl.RoleInfo (RoleInfo.java:shutdownLeaderState(91)) - 189e5a6c-5aeb-4ebf-ab25-1500da4b2a9e: shutdown 189e5a6c-5aeb-4ebf-ab25-1500da4b2a9e@group-E44121BD2F34-LeaderStateImpl
2021-12-02 10:58:43,880 [Command processor thread] INFO  impl.PendingRequests (PendingRequests.java:sendNotLeaderResponses(282)) - 189e5a6c-5aeb-4ebf-ab25-1500da4b2a9e@group-E44121BD2F34-PendingRequests: sendNotLeaderResponses
2021-12-02 10:58:43,880 [189e5a6c-5aeb-4ebf-ab25-1500da4b2a9e@group-E44121BD2F34->aad1e884-dc0c-43f6-a9fd-14f12d4b30b4-GrpcLogAppender-LogAppenderDaemon] WARN  server.GrpcLogAppender (GrpcLogAppender.java:mayWait(177)) - 189e5a6c-5aeb-4ebf-ab25-1500da4b2a9e@group-E44121BD2F34->aad1e884-dc0c-43f6-a9fd-14f12d4b30b4-GrpcLogAppender: Wait interrupted by java.lang.InterruptedException
2021-12-02 10:58:43,879 [IPC Server handler 10 on default port 33891] WARN  node.SCMNodeManager (SCMNodeManager.java:processLayoutVersionReport(598)) - Data node fv-az270-116.tacnzluakwdehk1hpragurqkma.bx.internal.cloudapp.net can not be used in any pipeline in the cluster. DataNode MetadataLayoutVersion = 0, SCM MetadataLayoutVersion = 2
2021-12-02 10:58:43,903 [Mini-Cluster-Provider-Reap] INFO  statemachine.DatanodeStateMachine (DatanodeStateMachine.java:stopDaemon(526)) - Ozone container server stopped.
2021-12-02 10:58:43,887 [189e5a6c-5aeb-4ebf-ab25-1500da4b2a9e@group-E44121BD2F34-StateMachineUpdater] INFO  ratis.ContainerStateMachine (ContainerStateMachine.java:takeSnapshot(292)) - group-E44121BD2F34: Taking a snapshot at:(t:4, i:10) file /home/runner/work/ozone/ozone/hadoop-ozone/integration-test/target/test-dir/MiniOzoneClusterImpl-73dd4d89-5651-475a-8e12-7bad855f6dad/datanode-2/data/ratis/3471f3da-6093-4d63-bb20-e44121bd2f34/sm/snapshot.4_10
2021-12-02 10:58:43,886 [Command processor thread] INFO  impl.StateMachineUpdater (StateMachineUpdater.java:stopAndJoin(149)) - 189e5a6c-5aeb-4ebf-ab25-1500da4b2a9e@group-E44121BD2F34-StateMachineUpdater: set stopIndex = 10
2021-12-02 10:58:43,885 [f82ce74c-d344-4424-8faf-57994d5deae6@group-E44121BD2F34-StateMachineUpdater] INFO  ratis.ContainerStateMachine (ContainerStateMachine.java:takeSnapshot(303)) - group-E44121BD2F34: Finished taking a snapshot at:(t:4, i:10) file:/home/runner/work/ozone/ozone/hadoop-ozone/integration-test/target/test-dir/MiniOzoneClusterImpl-73dd4d89-5651-475a-8e12-7bad855f6dad/datanode-0/data/ratis/3471f3da-6093-4d63-bb20-e44121bd2f34/sm/snapshot.4_10 took: 6 ms
2021-12-02 10:58:43,987 [f82ce74c-d344-4424-8faf-57994d5deae6@group-E44121BD2F34-StateMachineUpdater] INFO  impl.StateMachineUpdater (StateMachineUpdater.java:takeSnapshot(281)) - f82ce74c-d344-4424-8faf-57994d5deae6@group-E44121BD2F34-StateMachineUpdater: Took a snapshot at index 10
2021-12-02 10:58:43,988 [f82ce74c-d344-4424-8faf-57994d5deae6@group-E44121BD2F34-StateMachineUpdater] INFO  impl.StateMachineUpdater (StateMachineUpdater.java:lambda$new$0(89)) - f82ce74c-d344-4424-8faf-57994d5deae6@group-E44121BD2F34-StateMachineUpdater: snapshotIndex: updateIncreasingly -1 -> 10
2021-12-02 10:58:43,880 [189e5a6c-5aeb-4ebf-ab25-1500da4b2a9e@group-E44121BD2F34->f82ce74c-d344-4424-8faf-57994d5deae6-GrpcLogAppender-LogAppenderDaemon] WARN  server.GrpcLogAppender (GrpcLogAppender.java:mayWait(177)) - 189e5a6c-5aeb-4ebf-ab25-1500da4b2a9e@group-E44121BD2F34->f82ce74c-d344-4424-8faf-57994d5deae6-GrpcLogAppender: Wait interrupted by java.lang.InterruptedException
2021-12-02 10:58:43,988 [Command processor thread] INFO  server.RaftServer$Division (ServerState.java:close(419)) - f82ce74c-d344-4424-8faf-57994d5deae6@group-E44121BD2F34: closes. applyIndex: 10
2021-12-02 10:58:43,988 [f82ce74c-d344-4424-8faf-57994d5deae6@group-E44121BD2F34-SegmentedRaftLogWorker] INFO  segmented.SegmentedRaftLogWorker (SegmentedRaftLogWorker.java:run(327)) - f82ce74c-d344-4424-8faf-57994d5deae6@group-E44121BD2F34-SegmentedRaftLogWorker was interrupted, exiting. There are 0 tasks remaining in the queue.
2021-12-02 10:58:43,947 [Command processor thread] INFO  commandhandler.FinalizeNewLayoutVersionCommandHandler (FinalizeNewLayoutVersionCommandHandler.java:handle(64)) - Processing FinalizeNewLayoutVersionCommandHandler command.
2021-12-02 10:58:43,989 [Command processor thread] INFO  server.RaftServer (RaftServerProxy.java:addNew(95)) - aad1e884-dc0c-43f6-a9fd-14f12d4b30b4: addNew group-247A14545FFC:[aad1e884-dc0c-43f6-a9fd-14f12d4b30b4|rpc:10.1.0.26:39765|priority:1] returns group-247A14545FFC:java.util.concurrent.CompletableFuture@45cec2b[Not completed]
2021-12-02 10:58:43,989 [pool-1233-thread-1] INFO  server.RaftServer$Division (RaftServerImpl.java:<init>(184)) - aad1e884-dc0c-43f6-a9fd-14f12d4b30b4: new RaftServerImpl for group-247A14545FFC:[aad1e884-dc0c-43f6-a9fd-14f12d4b30b4|rpc:10.1.0.26:39765|priority:1] with ContainerStateMachine:uninitialized
2021-12-02 10:58:43,989 [pool-1233-thread-1] INFO  server.RaftServerConfigKeys (ConfUtils.java:logGet(44)) - raft.server.rpc.timeout.min = 5s (custom)
2021-12-02 10:58:43,989 [pool-1233-thread-1] INFO  server.RaftServerConfigKeys (ConfUtils.java:logGet(44)) - raft.server.rpc.timeout.max = 5200ms (custom)
2021-12-02 10:58:43,989 [pool-1233-thread-1] INFO  server.RaftServerConfigKeys (ConfUtils.java:logGet(44)) - raft.server.rpc.sleep.time = 25ms (default)
2021-12-02 10:58:43,989 [pool-1233-thread-1] INFO  server.RaftServerConfigKeys (ConfUtils.java:logGet(44)) - raft.server.rpc.slowness.timeout = 300s (custom)
2021-12-02 10:58:43,989 [pool-1233-thread-1] INFO  server.RaftServerConfigKeys (ConfUtils.java:logGet(44)) - raft.server.leaderelection.leader.step-down.wait-time = 10s (default)
2021-12-02 10:58:43,947 [Mini-Cluster-Provider-Reap] INFO  handler.ContextHandler (ContextHandler.java:doStop(1153)) - Stopped o.e.j.w.WebAppContext@3971d0c5{hddsDatanode,/,null,STOPPED}{jar:file:/home/runner/.m2/repository/org/apache/ozone/hdds-container-service/1.3.0-SNAPSHOT/hdds-container-service-1.3.0-SNAPSHOT.jar!/webapps/hddsDatanode}
2021-12-02 10:58:43,990 [IPC Server handler 3 on default port 33891] WARN  node.SCMNodeManager (SCMNodeManager.java:processLayoutVersionReport(598)) - Data node fv-az270-116.tacnzluakwdehk1hpragurqkma.bx.internal.cloudapp.net can not be used in any pipeline in the cluster. DataNode MetadataLayoutVersion = 0, SCM MetadataLayoutVersion = 2
2021-12-02 10:58:43,990 [EventQueue-PipelineReportForPipelineReportHandler] INFO  pipeline.PipelineReportHandler (PipelineReportHandler.java:processPipelineReport(113)) - Reported pipeline PipelineID=3471f3da-6093-4d63-bb20-e44121bd2f34 is not found
2021-12-02 10:58:43,991 [EventQueue-PipelineReportForPipelineReportHandler] INFO  pipeline.PipelineReportHandler (PipelineReportHandler.java:processPipelineReport(113)) - Reported pipeline PipelineID=2e62d84e-73d5-484b-b6ac-da6de4f61f83 is not found
2021-12-02 10:58:43,943 [189e5a6c-5aeb-4ebf-ab25-1500da4b2a9e@group-E44121BD2F34-StateMachineUpdater] INFO  ratis.ContainerStateMachine (ContainerStateMachine.java:takeSnapshot(303)) - group-E44121BD2F34: Finished taking a snapshot at:(t:4, i:10) file:/home/runner/work/ozone/ozone/hadoop-ozone/integration-test/target/test-dir/MiniOzoneClusterImpl-73dd4d89-5651-475a-8e12-7bad855f6dad/datanode-2/data/ratis/3471f3da-6093-4d63-bb20-e44121bd2f34/sm/snapshot.4_10 took: 57 ms
2021-12-02 10:58:43,938 [grpc-default-executor-1] INFO  server.GrpcServerProtocolService (GrpcServerProtocolService.java:onCompleted(140)) - aad1e884-dc0c-43f6-a9fd-14f12d4b30b4: Completed APPEND_ENTRIES, lastRequest: 189e5a6c-5aeb-4ebf-ab25-1500da4b2a9e->aad1e884-dc0c-43f6-a9fd-14f12d4b30b4#220-t4,previous=(t:4, i:9),leaderCommit=9,initializing? true,entries: size=1, first=(t:4, i:10), METADATAENTRY(c:9)
2021-12-02 10:58:43,991 [189e5a6c-5aeb-4ebf-ab25-1500da4b2a9e@group-E44121BD2F34-StateMachineUpdater] INFO  impl.StateMachineUpdater (StateMachineUpdater.java:takeSnapshot(281)) - 189e5a6c-5aeb-4ebf-ab25-1500da4b2a9e@group-E44121BD2F34-StateMachineUpdater: Took a snapshot at index 10
2021-12-02 10:58:43,991 [189e5a6c-5aeb-4ebf-ab25-1500da4b2a9e@group-E44121BD2F34-StateMachineUpdater] INFO  impl.StateMachineUpdater (StateMachineUpdater.java:lambda$new$0(89)) - 189e5a6c-5aeb-4ebf-ab25-1500da4b2a9e@group-E44121BD2F34-StateMachineUpdater: snapshotIndex: updateIncreasingly -1 -> 10
2021-12-02 10:58:43,992 [grpc-default-executor-1] INFO  server.GrpcLogAppender (GrpcLogAppender.java:onCompleted(346)) - 189e5a6c-5aeb-4ebf-ab25-1500da4b2a9e@group-E44121BD2F34->aad1e884-dc0c-43f6-a9fd-14f12d4b30b4-AppendLogResponseHandler: follower responses appendEntries COMPLETED
2021-12-02 10:58:43,992 [grpc-default-executor-1] INFO  leader.FollowerInfo (FollowerInfoImpl.java:lambda$new$0(47)) - 189e5a6c-5aeb-4ebf-ab25-1500da4b2a9e@group-E44121BD2F34->aad1e884-dc0c-43f6-a9fd-14f12d4b30b4: nextIndex: updateUnconditionally 11 -> 10
2021-12-02 10:58:43,989 [pool-1233-thread-1] INFO  server.RaftServerConfigKeys (ConfUtils.java:logGet(44)) - raft.server.sleep.deviation.threshold = 300ms (default)
2021-12-02 10:58:43,989 [grpc-default-executor-3] INFO  server.GrpcServerProtocolService (GrpcServerProtocolService.java:onCompleted(140)) - f82ce74c-d344-4424-8faf-57994d5deae6: Completed APPEND_ENTRIES, lastRequest: 189e5a6c-5aeb-4ebf-ab25-1500da4b2a9e->f82ce74c-d344-4424-8faf-57994d5deae6#213-t4,previous=(t:4, i:9),leaderCommit=9,initializing? true,entries: size=1, first=(t:4, i:10), METADATAENTRY(c:9)
2021-12-02 10:58:43,993 [Mini-Cluster-Provider-Reap] INFO  server.AbstractConnector (AbstractConnector.java:doStop(381)) - Stopped ServerConnector@579566fd{HTTP/1.1, (http/1.1)}{0.0.0.0:33027}
2021-12-02 10:58:43,993 [Mini-Cluster-Provider-Reap] INFO  server.session (HouseKeeper.java:stopScavenging(149)) - node0 Stopped scavenging
2021-12-02 10:58:43,992 [pool-1233-thread-1] INFO  server.RaftServerConfigKeys (ConfUtils.java:logGet(44)) - raft.server.log.appender.install.snapshot.enabled = false (custom)
2021-12-02 10:58:43,994 [pool-1233-thread-1] INFO  server.RaftServer$Division (ServerState.java:<init>(105)) - aad1e884-dc0c-43f6-a9fd-14f12d4b30b4@group-247A14545FFC: ConfigurationManager, init=-1: [aad1e884-dc0c-43f6-a9fd-14f12d4b30b4|rpc:10.1.0.26:39765|priority:1], old=null, confs=<EMPTY_MAP>
2021-12-02 10:58:43,994 [pool-1233-thread-1] INFO  server.RaftServerConfigKeys (ConfUtils.java:logGet(44)) - raft.server.storage.dir = [/home/runner/work/ozone/ozone/hadoop-ozone/integration-test/target/test-dir/MiniOzoneClusterImpl-73dd4d89-5651-475a-8e12-7bad855f6dad/datanode-1/data/ratis] (custom)
2021-12-02 10:58:43,994 [pool-1233-thread-1] INFO  server.RaftServerConfigKeys (ConfUtils.java:logGet(44)) - raft.server.log.corruption.policy = EXCEPTION (default)
2021-12-02 10:58:43,994 [pool-1233-thread-1] INFO  server.RaftServerConfigKeys (ConfUtils.java:logGet(44)) - raft.server.storage.free-space.min = 0MB (=0) (default)
2021-12-02 10:58:43,995 [pool-1233-thread-1] INFO  storage.RaftStorageDirectory (RaftStorageDirectoryImpl.java:analyzeStorage(135)) - The storage directory /home/runner/work/ozone/ozone/hadoop-ozone/integration-test/target/test-dir/MiniOzoneClusterImpl-73dd4d89-5651-475a-8e12-7bad855f6dad/datanode-1/data/ratis/5f482d7d-780b-4a6c-b310-247a14545ffc does not exist. Creating ...
2021-12-02 10:58:43,992 [Command processor thread] INFO  server.RaftServer$Division (ServerState.java:close(419)) - 189e5a6c-5aeb-4ebf-ab25-1500da4b2a9e@group-E44121BD2F34: closes. applyIndex: 10
2021-12-02 10:58:43,995 [189e5a6c-5aeb-4ebf-ab25-1500da4b2a9e@group-E44121BD2F34-SegmentedRaftLogWorker] INFO  segmented.SegmentedRaftLogWorker (SegmentedRaftLogWorker.java:run(327)) - 189e5a6c-5aeb-4ebf-ab25-1500da4b2a9e@group-E44121BD2F34-SegmentedRaftLogWorker was interrupted, exiting. There are 0 tasks remaining in the queue.
2021-12-02 10:58:43,996 [grpc-default-executor-1] INFO  server.GrpcLogAppender (GrpcLogAppender.java:onCompleted(346)) - 189e5a6c-5aeb-4ebf-ab25-1500da4b2a9e@group-E44121BD2F34->f82ce74c-d344-4424-8faf-57994d5deae6-AppendLogResponseHandler: follower responses appendEntries COMPLETED
2021-12-02 10:58:43,996 [grpc-default-executor-1] INFO  leader.FollowerInfo (FollowerInfoImpl.java:lambda$new$0(47)) - 189e5a6c-5aeb-4ebf-ab25-1500da4b2a9e@group-E44121BD2F34->f82ce74c-d344-4424-8faf-57994d5deae6: nextIndex: updateUnconditionally 11 -> 10
2021-12-02 10:58:43,998 [pool-1233-thread-1] INFO  storage.RaftStorageDirectory (RaftStorageDirectoryImpl.java:tryLock(230)) - Lock on /home/runner/work/ozone/ozone/hadoop-ozone/integration-test/target/test-dir/MiniOzoneClusterImpl-73dd4d89-5651-475a-8e12-7bad855f6dad/datanode-1/data/ratis/5f482d7d-780b-4a6c-b310-247a14545ffc/in_use.lock acquired by nodename 25563@fv-az270-116
2021-12-02 10:58:44,003 [pool-1233-thread-1] INFO  storage.RaftStorage (RaftStorageImpl.java:format(89)) - Storage directory /home/runner/work/ozone/ozone/hadoop-ozone/integration-test/target/test-dir/MiniOzoneClusterImpl-73dd4d89-5651-475a-8e12-7bad855f6dad/datanode-1/data/ratis/5f482d7d-780b-4a6c-b310-247a14545ffc has been successfully formatted.
2021-12-02 10:58:44,003 [pool-1233-thread-1] INFO  ratis.ContainerStateMachine (ContainerStateMachine.java:loadSnapshot(224)) - group-247A14545FFC: The snapshot info is null. Setting the last applied indexto:(t:0, i:~)
2021-12-02 10:58:44,003 [pool-1233-thread-1] INFO  server.RaftServerConfigKeys (ConfUtils.java:logGet(44)) - raft.server.notification.no-leader.timeout = 300s (custom)
2021-12-02 10:58:44,004 [EventQueue-PipelineReportForPipelineReportHandler] INFO  pipeline.PipelineManagerImpl (PipelineManagerImpl.java:openPipeline(289)) - Pipeline Pipeline[ Id: 5f482d7d-780b-4a6c-b310-247a14545ffc, Nodes: aad1e884-dc0c-43f6-a9fd-14f12d4b30b4{ip: 10.1.0.26, host: fv-az270-116.tacnzluakwdehk1hpragurqkma.bx.internal.cloudapp.net, ports: [REPLICATION=39025, RATIS=39765, RATIS_ADMIN=39765, RATIS_SERVER=39765, STANDALONE=42933], networkLocation: /default-rack, certSerialId: null, persistedOpState: IN_SERVICE, persistedOpStateExpiryEpochSec: 0}, ReplicationConfig: RATIS/ONE, State:ALLOCATED, leaderId:aad1e884-dc0c-43f6-a9fd-14f12d4b30b4, CreationTimestamp2021-12-02T10:58:43.080Z[Etc/UTC]] moved to OPEN state
2021-12-02 10:58:44,004 [pool-1233-thread-1] INFO  server.RaftServerConfigKeys (ConfUtils.java:logGet(44)) - raft.server.log.use.memory = false (default)
2021-12-02 10:58:44,004 [pool-1233-thread-1] INFO  server.RaftServerConfigKeys (ConfUtils.java:logGet(44)) - raft.server.log.purge.gap = 1000000 (custom)
2021-12-02 10:58:44,004 [pool-1233-thread-1] INFO  server.RaftServerConfigKeys (ConfUtils.java:logGet(44)) - raft.server.log.appender.buffer.byte-limit = 33554432 (custom)
2021-12-02 10:58:44,005 [pool-1233-thread-1] INFO  server.RaftServerConfigKeys (ConfUtils.java:logGet(44)) - raft.server.log.segment.size.max = 1048576 (custom)
2021-12-02 10:58:44,005 [pool-1233-thread-1] INFO  server.RaftServerConfigKeys (ConfUtils.java:logGet(44)) - raft.server.log.segment.cache.num.max = 2 (custom)
2021-12-02 10:58:44,006 [pool-1233-thread-1] INFO  server.RaftServerConfigKeys (ConfUtils.java:logGet(44)) - raft.server.log.segment.cache.size.max = 200MB (=209715200) (default)
2021-12-02 10:58:44,006 [pool-1233-thread-1] INFO  segmented.SegmentedRaftLogWorker (SegmentedRaftLogWorker.java:<init>(182)) - new aad1e884-dc0c-43f6-a9fd-14f12d4b30b4@group-247A14545FFC-SegmentedRaftLogWorker for RaftStorageImpl:Storage Directory /home/runner/work/ozone/ozone/hadoop-ozone/integration-test/target/test-dir/MiniOzoneClusterImpl-73dd4d89-5651-475a-8e12-7bad855f6dad/datanode-1/data/ratis/5f482d7d-780b-4a6c-b310-247a14545ffc
2021-12-02 10:58:44,006 [pool-1233-thread-1] INFO  server.RaftServerConfigKeys (ConfUtils.java:logGet(44)) - raft.server.log.queue.byte-limit = 2147483647 (custom)
2021-12-02 10:58:44,006 [pool-1233-thread-1] INFO  server.RaftServerConfigKeys (ConfUtils.java:logGet(44)) - raft.server.log.queue.element-limit = 1024 (custom)
2021-12-02 10:58:44,006 [pool-1233-thread-1] INFO  server.RaftServerConfigKeys (ConfUtils.java:logGet(44)) - raft.server.log.segment.size.max = 1048576 (custom)
2021-12-02 10:58:44,006 [pool-1233-thread-1] INFO  server.RaftServerConfigKeys (ConfUtils.java:logGet(44)) - raft.server.log.preallocated.size = 16384 (custom)
2021-12-02 10:58:44,006 [pool-1233-thread-1] INFO  server.RaftServerConfigKeys (ConfUtils.java:logGet(44)) - raft.server.log.force.sync.num = 128 (default)
2021-12-02 10:58:44,006 [pool-1233-thread-1] INFO  server.RaftServerConfigKeys (ConfUtils.java:logGet(44)) - raft.server.log.statemachine.data.sync = true (default)
2021-12-02 10:58:44,006 [pool-1233-thread-1] INFO  server.RaftServerConfigKeys (ConfUtils.java:logGet(44)) - raft.server.log.statemachine.data.sync.timeout = 10s (default)
2021-12-02 10:58:44,006 [pool-1233-thread-1] INFO  server.RaftServerConfigKeys (ConfUtils.java:logGet(44)) - raft.server.log.statemachine.data.sync.timeout.retry = -1 (default)
2021-12-02 10:58:44,010 [pool-1233-thread-1] INFO  server.RaftServerConfigKeys (ConfUtils.java:logGet(44)) - raft.server.log.write.buffer.size = 1048576 (custom)
2021-12-02 10:58:44,022 [ForkJoinPool.commonPool-worker-0] INFO  statemachine.DatanodeStateMachine (DatanodeStateMachine.java:stopDaemon(526)) - Ozone container server stopped.
2021-12-02 10:58:44,013 [Command processor thread] INFO  segmented.SegmentedRaftLogWorker (SegmentedRaftLogWorker.java:close(237)) - 189e5a6c-5aeb-4ebf-ab25-1500da4b2a9e@group-E44121BD2F34-SegmentedRaftLogWorker close()
2021-12-02 10:58:44,013 [Mini-Cluster-Provider-Reap] INFO  handler.ContextHandler (ContextHandler.java:doStop(1153)) - Stopped o.e.j.s.ServletContextHandler@6bb215aa{static,/static,jar:file:/home/runner/.m2/repository/org/apache/ozone/hdds-container-service/1.3.0-SNAPSHOT/hdds-container-service-1.3.0-SNAPSHOT.jar!/webapps/static,STOPPED}
2021-12-02 10:58:44,013 [Command processor thread] INFO  segmented.SegmentedRaftLogWorker (SegmentedRaftLogWorker.java:close(237)) - f82ce74c-d344-4424-8faf-57994d5deae6@group-E44121BD2F34-SegmentedRaftLogWorker close()
2021-12-02 10:58:44,104 [pool-1233-thread-1] INFO  server.RaftServerConfigKeys (ConfUtils.java:logGet(44)) - raft.server.log.statemachine.data.caching.enabled = true (custom)
2021-12-02 10:58:44,140 [pool-1233-thread-1] INFO  segmented.SegmentedRaftLogWorker (SegmentedRaftLogWorker.java:lambda$new$0(133)) - aad1e884-dc0c-43f6-a9fd-14f12d4b30b4@group-247A14545FFC-SegmentedRaftLogWorker: flushIndex: setUnconditionally 0 -> -1
2021-12-02 10:58:44,140 [pool-1233-thread-1] INFO  segmented.SegmentedRaftLogWorker (SegmentedRaftLogWorker.java:lambda$new$0(133)) - aad1e884-dc0c-43f6-a9fd-14f12d4b30b4@group-247A14545FFC-SegmentedRaftLogWorker: safeCacheEvictIndex: setUnconditionally 0 -> -1
2021-12-02 10:58:44,097 [ForkJoinPool.commonPool-worker-0] INFO  handler.ContextHandler (ContextHandler.java:doStop(1153)) - Stopped o.e.j.w.WebAppContext@4f70359{hddsDatanode,/,null,STOPPED}{jar:file:/home/runner/.m2/repository/org/apache/ozone/hdds-container-service/1.3.0-SNAPSHOT/hdds-container-service-1.3.0-SNAPSHOT.jar!/webapps/hddsDatanode}
2021-12-02 10:58:44,135 [EventQueue-OpenPipelineForHealthyPipelineSafeModeRule] INFO  safemode.SCMSafeModeManager (HealthyPipelineSafeModeRule.java:process(124)) - SCM in safe mode. Healthy pipelines reported count is 0, required healthy pipeline reported count is 1
2021-12-02 10:58:44,117 [Command processor thread] INFO  server.RaftServer$Division (RaftServerImpl.java:groupRemove(382)) - f82ce74c-d344-4424-8faf-57994d5deae6@group-E44121BD2F34: Succeed to remove RaftStorageDirectory Storage Directory /home/runner/work/ozone/ozone/hadoop-ozone/integration-test/target/test-dir/MiniOzoneClusterImpl-73dd4d89-5651-475a-8e12-7bad855f6dad/datanode-0/data/ratis/3471f3da-6093-4d63-bb20-e44121bd2f34
2021-12-02 10:58:44,117 [Command processor thread] INFO  server.RaftServer$Division (RaftServerImpl.java:groupRemove(382)) - 189e5a6c-5aeb-4ebf-ab25-1500da4b2a9e@group-E44121BD2F34: Succeed to remove RaftStorageDirectory Storage Directory /home/runner/work/ozone/ozone/hadoop-ozone/integration-test/target/test-dir/MiniOzoneClusterImpl-73dd4d89-5651-475a-8e12-7bad855f6dad/datanode-2/data/ratis/3471f3da-6093-4d63-bb20-e44121bd2f34
2021-12-02 10:58:44,141 [Command processor thread] INFO  commandhandler.ClosePipelineCommandHandler (ClosePipelineCommandHandler.java:handle(78)) - Close Pipeline PipelineID=3471f3da-6093-4d63-bb20-e44121bd2f34 command on datanode f82ce74c-d344-4424-8faf-57994d5deae6.
2021-12-02 10:58:44,141 [Command processor thread] INFO  commandhandler.ClosePipelineCommandHandler (ClosePipelineCommandHandler.java:handle(78)) - Close Pipeline PipelineID=3471f3da-6093-4d63-bb20-e44121bd2f34 command on datanode 189e5a6c-5aeb-4ebf-ab25-1500da4b2a9e.
2021-12-02 10:58:44,141 [Command processor thread] INFO  server.RaftServer (RaftServerProxy.java:remove(106)) - f82ce74c-d344-4424-8faf-57994d5deae6: remove    LEADER f82ce74c-d344-4424-8faf-57994d5deae6@group-AA5AE33563CE:t1, leader=f82ce74c-d344-4424-8faf-57994d5deae6, voted=f82ce74c-d344-4424-8faf-57994d5deae6, raftlog=f82ce74c-d344-4424-8faf-57994d5deae6@group-AA5AE33563CE-SegmentedRaftLog:OPENED:c0, conf=0: [f82ce74c-d344-4424-8faf-57994d5deae6|rpc:10.1.0.26:34529|dataStream:|priority:1], old=null RUNNING
2021-12-02 10:58:44,116 [Mini-Cluster-Provider-Reap] INFO  handler.ContextHandler (ContextHandler.java:doStop(1153)) - Stopped o.e.j.s.ServletContextHandler@45e9fe0d{logs,/logs,file:///home/runner/work/ozone/ozone/hadoop-ozone/integration-test/target/log,STOPPED}
2021-12-02 10:58:44,141 [ForkJoinPool.commonPool-worker-0] INFO  server.AbstractConnector (AbstractConnector.java:doStop(381)) - Stopped ServerConnector@1e686053{HTTP/1.1, (http/1.1)}{0.0.0.0:38921}
2021-12-02 10:58:44,142 [ForkJoinPool.commonPool-worker-0] INFO  server.session (HouseKeeper.java:stopScavenging(149)) - node0 Stopped scavenging
2021-12-02 10:58:44,141 [Command processor thread] INFO  server.RaftServer$Division (RaftServerImpl.java:lambda$close$4(412)) - f82ce74c-d344-4424-8faf-57994d5deae6@group-AA5AE33563CE: shutdown
2021-12-02 10:58:44,159 [Command processor thread] INFO  util.JmxRegister (JmxRegister.java:unregister(73)) - Successfully un-registered JMX Bean with object name Ratis:service=RaftServer,group=group-AA5AE33563CE,id=f82ce74c-d344-4424-8faf-57994d5deae6
2021-12-02 10:58:44,141 [Command processor thread] INFO  server.RaftServer (RaftServerProxy.java:remove(106)) - 189e5a6c-5aeb-4ebf-ab25-1500da4b2a9e: remove    LEADER 189e5a6c-5aeb-4ebf-ab25-1500da4b2a9e@group-DA6DE4F61F83:t1, leader=189e5a6c-5aeb-4ebf-ab25-1500da4b2a9e, voted=189e5a6c-5aeb-4ebf-ab25-1500da4b2a9e, raftlog=189e5a6c-5aeb-4ebf-ab25-1500da4b2a9e@group-DA6DE4F61F83-SegmentedRaftLog:OPENED:c0, conf=0: [189e5a6c-5aeb-4ebf-ab25-1500da4b2a9e|rpc:10.1.0.26:43265|dataStream:|priority:1], old=null RUNNING
2021-12-02 10:58:44,159 [Command processor thread] INFO  server.RaftServer$Division (RaftServerImpl.java:lambda$close$4(412)) - 189e5a6c-5aeb-4ebf-ab25-1500da4b2a9e@group-DA6DE4F61F83: shutdown
2021-12-02 10:58:44,159 [Command processor thread] INFO  util.JmxRegister (JmxRegister.java:unregister(73)) - Successfully un-registered JMX Bean with object name Ratis:service=RaftServer,group=group-DA6DE4F61F83,id=189e5a6c-5aeb-4ebf-ab25-1500da4b2a9e
2021-12-02 10:58:44,159 [Command processor thread] INFO  impl.RoleInfo (RoleInfo.java:shutdownLeaderState(91)) - 189e5a6c-5aeb-4ebf-ab25-1500da4b2a9e: shutdown 189e5a6c-5aeb-4ebf-ab25-1500da4b2a9e@group-DA6DE4F61F83-LeaderStateImpl
2021-12-02 10:58:44,160 [Command processor thread] INFO  impl.PendingRequests (PendingRequests.java:sendNotLeaderResponses(282)) - 189e5a6c-5aeb-4ebf-ab25-1500da4b2a9e@group-DA6DE4F61F83-PendingRequests: sendNotLeaderResponses
2021-12-02 10:58:44,160 [Command processor thread] INFO  impl.StateMachineUpdater (StateMachineUpdater.java:stopAndJoin(149)) - 189e5a6c-5aeb-4ebf-ab25-1500da4b2a9e@group-DA6DE4F61F83-StateMachineUpdater: set stopIndex = 0
2021-12-02 10:58:44,161 [189e5a6c-5aeb-4ebf-ab25-1500da4b2a9e@group-DA6DE4F61F83-StateMachineUpdater] INFO  ratis.ContainerStateMachine (ContainerStateMachine.java:takeSnapshot(292)) - group-DA6DE4F61F83: Taking a snapshot at:(t:1, i:0) file /home/runner/work/ozone/ozone/hadoop-ozone/integration-test/target/test-dir/MiniOzoneClusterImpl-73dd4d89-5651-475a-8e12-7bad855f6dad/datanode-2/data/ratis/2e62d84e-73d5-484b-b6ac-da6de4f61f83/sm/snapshot.1_0
2021-12-02 10:58:44,159 [Command processor thread] INFO  impl.RoleInfo (RoleInfo.java:shutdownLeaderState(91)) - f82ce74c-d344-4424-8faf-57994d5deae6: shutdown f82ce74c-d344-4424-8faf-57994d5deae6@group-AA5AE33563CE-LeaderStateImpl
2021-12-02 10:58:44,161 [Command processor thread] INFO  impl.PendingRequests (PendingRequests.java:sendNotLeaderResponses(282)) - f82ce74c-d344-4424-8faf-57994d5deae6@group-AA5AE33563CE-PendingRequests: sendNotLeaderResponses
2021-12-02 10:58:44,162 [189e5a6c-5aeb-4ebf-ab25-1500da4b2a9e@group-DA6DE4F61F83-StateMachineUpdater] INFO  ratis.ContainerStateMachine (ContainerStateMachine.java:takeSnapshot(303)) - group-DA6DE4F61F83: Finished taking a snapshot at:(t:1, i:0) file:/home/runner/work/ozone/ozone/hadoop-ozone/integration-test/target/test-dir/MiniOzoneClusterImpl-73dd4d89-5651-475a-8e12-7bad855f6dad/datanode-2/data/ratis/2e62d84e-73d5-484b-b6ac-da6de4f61f83/sm/snapshot.1_0 took: 1 ms
2021-12-02 10:58:44,162 [189e5a6c-5aeb-4ebf-ab25-1500da4b2a9e@group-DA6DE4F61F83-StateMachineUpdater] INFO  impl.StateMachineUpdater (StateMachineUpdater.java:takeSnapshot(281)) - 189e5a6c-5aeb-4ebf-ab25-1500da4b2a9e@group-DA6DE4F61F83-StateMachineUpdater: Took a snapshot at index 0
2021-12-02 10:58:44,162 [189e5a6c-5aeb-4ebf-ab25-1500da4b2a9e@group-DA6DE4F61F83-StateMachineUpdater] INFO  impl.StateMachineUpdater (StateMachineUpdater.java:lambda$new$0(89)) - 189e5a6c-5aeb-4ebf-ab25-1500da4b2a9e@group-DA6DE4F61F83-StateMachineUpdater: snapshotIndex: updateIncreasingly -1 -> 0
2021-12-02 10:58:44,162 [Command processor thread] INFO  impl.StateMachineUpdater (StateMachineUpdater.java:stopAndJoin(149)) - f82ce74c-d344-4424-8faf-57994d5deae6@group-AA5AE33563CE-StateMachineUpdater: set stopIndex = 0
2021-12-02 10:58:44,163 [f82ce74c-d344-4424-8faf-57994d5deae6@group-AA5AE33563CE-StateMachineUpdater] INFO  ratis.ContainerStateMachine (ContainerStateMachine.java:takeSnapshot(292)) - group-AA5AE33563CE: Taking a snapshot at:(t:1, i:0) file /home/runner/work/ozone/ozone/hadoop-ozone/integration-test/target/test-dir/MiniOzoneClusterImpl-73dd4d89-5651-475a-8e12-7bad855f6dad/datanode-0/data/ratis/0e72d291-b335-467b-97b5-aa5ae33563ce/sm/snapshot.1_0
2021-12-02 10:58:44,163 [Command processor thread] INFO  server.RaftServer$Division (ServerState.java:close(419)) - 189e5a6c-5aeb-4ebf-ab25-1500da4b2a9e@group-DA6DE4F61F83: closes. applyIndex: 0
2021-12-02 10:58:44,164 [f82ce74c-d344-4424-8faf-57994d5deae6@group-AA5AE33563CE-StateMachineUpdater] INFO  ratis.ContainerStateMachine (ContainerStateMachine.java:takeSnapshot(303)) - group-AA5AE33563CE: Finished taking a snapshot at:(t:1, i:0) file:/home/runner/work/ozone/ozone/hadoop-ozone/integration-test/target/test-dir/MiniOzoneClusterImpl-73dd4d89-5651-475a-8e12-7bad855f6dad/datanode-0/data/ratis/0e72d291-b335-467b-97b5-aa5ae33563ce/sm/snapshot.1_0 took: 2 ms
2021-12-02 10:58:44,164 [f82ce74c-d344-4424-8faf-57994d5deae6@group-AA5AE33563CE-StateMachineUpdater] INFO  impl.StateMachineUpdater (StateMachineUpdater.java:takeSnapshot(281)) - f82ce74c-d344-4424-8faf-57994d5deae6@group-AA5AE33563CE-StateMachineUpdater: Took a snapshot at index 0
2021-12-02 10:58:44,164 [f82ce74c-d344-4424-8faf-57994d5deae6@group-AA5AE33563CE-StateMachineUpdater] INFO  impl.StateMachineUpdater (StateMachineUpdater.java:lambda$new$0(89)) - f82ce74c-d344-4424-8faf-57994d5deae6@group-AA5AE33563CE-StateMachineUpdater: snapshotIndex: updateIncreasingly -1 -> 0
2021-12-02 10:58:44,165 [Command processor thread] INFO  server.RaftServer$Division (ServerState.java:close(419)) - f82ce74c-d344-4424-8faf-57994d5deae6@group-AA5AE33563CE: closes. applyIndex: 0
2021-12-02 10:58:44,171 [pool-1233-thread-1] INFO  server.RaftServerConfigKeys (ConfUtils.java:logGet(44)) - raft.server.snapshot.auto.trigger.enabled = true (custom)
2021-12-02 10:58:44,171 [pool-1233-thread-1] INFO  server.RaftServerConfigKeys (ConfUtils.java:logGet(44)) - raft.server.snapshot.auto.trigger.threshold = 10000 (custom)
2021-12-02 10:58:44,171 [pool-1233-thread-1] INFO  server.RaftServerConfigKeys (ConfUtils.java:logGet(44)) - raft.server.snapshot.retention.file.num = 5 (custom)
2021-12-02 10:58:44,172 [pool-1233-thread-1] INFO  server.RaftServerConfigKeys (ConfUtils.java:logGet(44)) - raft.server.log.purge.upto.snapshot.index = false (default)
2021-12-02 10:58:44,172 [pool-1233-thread-1] INFO  server.RaftServerConfigKeys (ConfUtils.java:logGet(44)) - raft.server.retrycache.expirytime = 600000ms (custom)
2021-12-02 10:58:44,172 [pool-1233-thread-1] INFO  server.RaftServerConfigKeys (ConfUtils.java:logGet(44)) - raft.server.retrycache.statistics.expirytime = 100μs (default)
2021-12-02 10:58:44,174 [pool-1233-thread-1] INFO  server.RaftServer$Division (RaftServerImpl.java:start(301)) - aad1e884-dc0c-43f6-a9fd-14f12d4b30b4@group-247A14545FFC: start as a follower, conf=-1: [aad1e884-dc0c-43f6-a9fd-14f12d4b30b4|rpc:10.1.0.26:39765|priority:1], old=null
2021-12-02 10:58:44,174 [pool-1233-thread-1] INFO  server.RaftServer$Division (RaftServerImpl.java:setRole(290)) - aad1e884-dc0c-43f6-a9fd-14f12d4b30b4@group-247A14545FFC: changes role from      null to FOLLOWER at term 0 for startAsFollower
2021-12-02 10:58:44,174 [pool-1233-thread-1] INFO  impl.RoleInfo (RoleInfo.java:updateAndGet(130)) - aad1e884-dc0c-43f6-a9fd-14f12d4b30b4: start aad1e884-dc0c-43f6-a9fd-14f12d4b30b4@group-247A14545FFC-FollowerState
2021-12-02 10:58:44,179 [pool-1233-thread-1] INFO  util.JmxRegister (JmxRegister.java:tryRegister(44)) - Successfully registered JMX Bean with object name Ratis:service=RaftServer,group=group-247A14545FFC,id=aad1e884-dc0c-43f6-a9fd-14f12d4b30b4
2021-12-02 10:58:44,191 [f82ce74c-d344-4424-8faf-57994d5deae6@group-AA5AE33563CE-SegmentedRaftLogWorker] INFO  segmented.SegmentedRaftLogWorker (SegmentedRaftLogWorker.java:run(327)) - f82ce74c-d344-4424-8faf-57994d5deae6@group-AA5AE33563CE-SegmentedRaftLogWorker was interrupted, exiting. There are 0 tasks remaining in the queue.
2021-12-02 10:58:44,191 [Command processor thread] INFO  segmented.SegmentedRaftLogWorker (SegmentedRaftLogWorker.java:close(237)) - f82ce74c-d344-4424-8faf-57994d5deae6@group-AA5AE33563CE-SegmentedRaftLogWorker close()
2021-12-02 10:58:44,194 [189e5a6c-5aeb-4ebf-ab25-1500da4b2a9e@group-DA6DE4F61F83-SegmentedRaftLogWorker] INFO  segmented.SegmentedRaftLogWorker (SegmentedRaftLogWorker.java:run(327)) - 189e5a6c-5aeb-4ebf-ab25-1500da4b2a9e@group-DA6DE4F61F83-SegmentedRaftLogWorker was interrupted, exiting. There are 0 tasks remaining in the queue.
2021-12-02 10:58:44,195 [Command processor thread] INFO  server.RaftServer$Division (RaftServerImpl.java:groupRemove(382)) - f82ce74c-d344-4424-8faf-57994d5deae6@group-AA5AE33563CE: Succeed to remove RaftStorageDirectory Storage Directory /home/runner/work/ozone/ozone/hadoop-ozone/integration-test/target/test-dir/MiniOzoneClusterImpl-73dd4d89-5651-475a-8e12-7bad855f6dad/datanode-0/data/ratis/0e72d291-b335-467b-97b5-aa5ae33563ce
2021-12-02 10:58:44,195 [Command processor thread] INFO  commandhandler.ClosePipelineCommandHandler (ClosePipelineCommandHandler.java:handle(78)) - Close Pipeline PipelineID=0e72d291-b335-467b-97b5-aa5ae33563ce command on datanode f82ce74c-d344-4424-8faf-57994d5deae6.
2021-12-02 10:58:44,241 [Command processor thread] INFO  commandhandler.FinalizeNewLayoutVersionCommandHandler (FinalizeNewLayoutVersionCommandHandler.java:handle(64)) - Processing FinalizeNewLayoutVersionCommandHandler command.
2021-12-02 10:58:44,241 [Command processor thread] INFO  commandhandler.FinalizeNewLayoutVersionCommandHandler (FinalizeNewLayoutVersionCommandHandler.java:handle(77)) - Finalize Upgrade called!
2021-12-02 10:58:44,241 [Command processor thread] INFO  upgrade.UpgradeFinalizer (BasicUpgradeFinalizer.java:logAndEmit(342)) - Finalization started.
2021-12-02 10:58:44,241 [Command processor thread] INFO  upgrade.DatanodeSchemaV2FinalizeAction (DatanodeSchemaV2FinalizeAction.java:execute(44)) - Executing datanode 'onFinalize' action for the first version with upgrade support. New containers will be created with Schema Version 2 henceforth.
2021-12-02 10:58:44,242 [Command processor thread] INFO  segmented.SegmentedRaftLogWorker (SegmentedRaftLogWorker.java:close(237)) - 189e5a6c-5aeb-4ebf-ab25-1500da4b2a9e@group-DA6DE4F61F83-SegmentedRaftLogWorker close()
2021-12-02 10:58:44,238 [Command processor thread] INFO  ratis.XceiverServerRatis (XceiverServerRatis.java:addGroup(768)) - Created group PipelineID=5f482d7d-780b-4a6c-b310-247a14545ffc
2021-12-02 10:58:44,292 [Command processor thread] INFO  commandhandler.CreatePipelineCommandHandler (CreatePipelineCommandHandler.java:handle(106)) - Created Pipeline RATIS ONE PipelineID=5f482d7d-780b-4a6c-b310-247a14545ffc.
2021-12-02 10:58:44,197 [ForkJoinPool.commonPool-worker-0] INFO  handler.ContextHandler (ContextHandler.java:doStop(1153)) - Stopped o.e.j.s.ServletContextHandler@375f2792{static,/static,jar:file:/home/runner/.m2/repository/org/apache/ozone/hdds-container-service/1.3.0-SNAPSHOT/hdds-container-service-1.3.0-SNAPSHOT.jar!/webapps/static,STOPPED}
2021-12-02 10:58:44,288 [EventQueue-OpenPipelineForHealthyPipelineSafeModeRule] INFO  safemode.SCMSafeModeManager (HealthyPipelineSafeModeRule.java:process(124)) - SCM in safe mode. Healthy pipelines reported count is 0, required healthy pipeline reported count is 1
2021-12-02 10:58:44,259 [Command processor thread] INFO  upgrade.ScmHAFinalizeUpgradeActionDatanode (ScmHAFinalizeUpgradeActionDatanode.java:execute(52)) - Upgrading Datanode volume layout for SCM HA support.
2021-12-02 10:58:44,245 [Command processor thread] INFO  server.RaftServer$Division (RaftServerImpl.java:groupRemove(382)) - 189e5a6c-5aeb-4ebf-ab25-1500da4b2a9e@group-DA6DE4F61F83: Succeed to remove RaftStorageDirectory Storage Directory /home/runner/work/ozone/ozone/hadoop-ozone/integration-test/target/test-dir/MiniOzoneClusterImpl-73dd4d89-5651-475a-8e12-7bad855f6dad/datanode-2/data/ratis/2e62d84e-73d5-484b-b6ac-da6de4f61f83
2021-12-02 10:58:44,296 [Command processor thread] INFO  commandhandler.ClosePipelineCommandHandler (ClosePipelineCommandHandler.java:handle(78)) - Close Pipeline PipelineID=2e62d84e-73d5-484b-b6ac-da6de4f61f83 command on datanode 189e5a6c-5aeb-4ebf-ab25-1500da4b2a9e.
2021-12-02 10:58:44,296 [Command processor thread] INFO  commandhandler.FinalizeNewLayoutVersionCommandHandler (FinalizeNewLayoutVersionCommandHandler.java:handle(64)) - Processing FinalizeNewLayoutVersionCommandHandler command.
2021-12-02 10:58:44,296 [Command processor thread] INFO  upgrade.ScmHAFinalizeUpgradeActionDatanode (ScmHAFinalizeUpgradeActionDatanode.java:upgradeVolume(98)) - Creating symlink /home/runner/work/ozone/ozone/hadoop-ozone/integration-test/target/test-dir/MiniOzoneClusterImpl-73dd4d89-5651-475a-8e12-7bad855f6dad/datanode-0/data-0/containers/hdds/73dd4d89-5651-475a-8e12-7bad855f6dad -> 406e839f-474e-43f0-8e74-ac096f250158 as part of SCM HA finalization for datanode.
2021-12-02 10:58:44,355 [c7ad35ec-beb2-4cf7-bc01-7589f79a3108@group-CAF6EFCE481F-FollowerState] INFO  impl.FollowerState (FollowerState.java:run(134)) - c7ad35ec-beb2-4cf7-bc01-7589f79a3108@group-CAF6EFCE481F-FollowerState: change to CANDIDATE, lastRpcElapsedTime:5039072477ns, electionTimeout:5035ms
2021-12-02 10:58:44,369 [c7ad35ec-beb2-4cf7-bc01-7589f79a3108@group-CAF6EFCE481F-FollowerState] INFO  impl.RoleInfo (RoleInfo.java:shutdownFollowerState(108)) - c7ad35ec-beb2-4cf7-bc01-7589f79a3108: shutdown c7ad35ec-beb2-4cf7-bc01-7589f79a3108@group-CAF6EFCE481F-FollowerState
2021-12-02 10:58:44,355 [Command processor thread] INFO  commandhandler.FinalizeNewLayoutVersionCommandHandler (FinalizeNewLayoutVersionCommandHandler.java:handle(77)) - Finalize Upgrade called!
2021-12-02 10:58:44,370 [Command processor thread] INFO  upgrade.UpgradeFinalizer (BasicUpgradeFinalizer.java:logAndEmit(342)) - Finalization started.
2021-12-02 10:58:44,298 [ForkJoinPool.commonPool-worker-0] INFO  handler.ContextHandler (ContextHandler.java:doStop(1153)) - Stopped o.e.j.s.ServletContextHandler@3a9fd194{logs,/logs,file:///home/runner/work/ozone/ozone/hadoop-ozone/integration-test/target/log,STOPPED}
2021-12-02 10:58:44,371 [Command processor thread] INFO  upgrade.DatanodeSchemaV2FinalizeAction (DatanodeSchemaV2FinalizeAction.java:execute(44)) - Executing datanode 'onFinalize' action for the first version with upgrade support. New containers will be created with Schema Version 2 henceforth.
2021-12-02 10:58:44,374 [c7ad35ec-beb2-4cf7-bc01-7589f79a3108@group-CAF6EFCE481F-FollowerState] INFO  server.RaftServer$Division (RaftServerImpl.java:setRole(290)) - c7ad35ec-beb2-4cf7-bc01-7589f79a3108@group-CAF6EFCE481F: changes role from  FOLLOWER to CANDIDATE at term 1 for changeToCandidate
2021-12-02 10:58:44,374 [c7ad35ec-beb2-4cf7-bc01-7589f79a3108@group-CAF6EFCE481F-FollowerState] INFO  server.RaftServerConfigKeys (ConfUtils.java:logGet(44)) - raft.server.leaderelection.pre-vote = false (custom)
2021-12-02 10:58:44,374 [c7ad35ec-beb2-4cf7-bc01-7589f79a3108@group-CAF6EFCE481F-FollowerState] INFO  impl.RoleInfo (RoleInfo.java:updateAndGet(130)) - c7ad35ec-beb2-4cf7-bc01-7589f79a3108: start c7ad35ec-beb2-4cf7-bc01-7589f79a3108@group-CAF6EFCE481F-LeaderElection135
2021-12-02 10:58:44,376 [Command processor thread] INFO  upgrade.UpgradeFinalizer (BasicUpgradeFinalizer.java:logAndEmit(342)) - Finalization is done.
2021-12-02 10:58:44,376 [Command processor thread] INFO  commandhandler.FinalizeNewLayoutVersionCommandHandler (FinalizeNewLayoutVersionCommandHandler.java:handle(64)) - Processing FinalizeNewLayoutVersionCommandHandler command.
2021-12-02 10:58:44,376 [Command processor thread] INFO  commandhandler.FinalizeNewLayoutVersionCommandHandler (FinalizeNewLayoutVersionCommandHandler.java:handle(64)) - Processing FinalizeNewLayoutVersionCommandHandler command.
2021-12-02 10:58:44,380 [EventQueue-PipelineReportForPipelineReportHandler] INFO  pipeline.PipelineReportHandler (PipelineReportHandler.java:processPipelineReport(113)) - Reported pipeline PipelineID=0e72d291-b335-467b-97b5-aa5ae33563ce is not found
2021-12-02 10:58:44,395 [IPC Server handler 15 on default port 33891] WARN  node.SCMNodeManager (SCMNodeManager.java:processLayoutVersionReport(598)) - Data node fv-az270-116.tacnzluakwdehk1hpragurqkma.bx.internal.cloudapp.net can not be used in any pipeline in the cluster. DataNode MetadataLayoutVersion = 0, SCM MetadataLayoutVersion = 2
2021-12-02 10:58:44,414 [7a41c6a3-6927-412d-981c-9145982a7803@group-CAF6EFCE481F-FollowerState] INFO  impl.FollowerState (FollowerState.java:run(134)) - 7a41c6a3-6927-412d-981c-9145982a7803@group-CAF6EFCE481F-FollowerState: change to CANDIDATE, lastRpcElapsedTime:5167057436ns, electionTimeout:5138ms
2021-12-02 10:58:44,414 [7a41c6a3-6927-412d-981c-9145982a7803@group-CAF6EFCE481F-FollowerState] INFO  impl.RoleInfo (RoleInfo.java:shutdownFollowerState(108)) - 7a41c6a3-6927-412d-981c-9145982a7803: shutdown 7a41c6a3-6927-412d-981c-9145982a7803@group-CAF6EFCE481F-FollowerState
2021-12-02 10:58:44,414 [7a41c6a3-6927-412d-981c-9145982a7803@group-CAF6EFCE481F-FollowerState] INFO  server.RaftServer$Division (RaftServerImpl.java:setRole(290)) - 7a41c6a3-6927-412d-981c-9145982a7803@group-CAF6EFCE481F: changes role from  FOLLOWER to CANDIDATE at term 1 for changeToCandidate
2021-12-02 10:58:44,414 [7a41c6a3-6927-412d-981c-9145982a7803@group-CAF6EFCE481F-FollowerState] INFO  server.RaftServerConfigKeys (ConfUtils.java:logGet(44)) - raft.server.leaderelection.pre-vote = false (custom)
2021-12-02 10:58:44,414 [7a41c6a3-6927-412d-981c-9145982a7803@group-CAF6EFCE481F-FollowerState] INFO  impl.RoleInfo (RoleInfo.java:updateAndGet(130)) - 7a41c6a3-6927-412d-981c-9145982a7803: start 7a41c6a3-6927-412d-981c-9145982a7803@group-CAF6EFCE481F-LeaderElection136
2021-12-02 10:58:44,415 [Command processor thread] INFO  upgrade.ScmHAFinalizeUpgradeActionDatanode (ScmHAFinalizeUpgradeActionDatanode.java:execute(52)) - Upgrading Datanode volume layout for SCM HA support.
2021-12-02 10:58:44,415 [Command processor thread] INFO  upgrade.ScmHAFinalizeUpgradeActionDatanode (ScmHAFinalizeUpgradeActionDatanode.java:upgradeVolume(98)) - Creating symlink /home/runner/work/ozone/ozone/hadoop-ozone/integration-test/target/test-dir/MiniOzoneClusterImpl-73dd4d89-5651-475a-8e12-7bad855f6dad/datanode-2/data-0/containers/hdds/73dd4d89-5651-475a-8e12-7bad855f6dad -> 406e839f-474e-43f0-8e74-ac096f250158 as part of SCM HA finalization for datanode.
2021-12-02 10:58:44,419 [Command processor thread] INFO  upgrade.UpgradeFinalizer (BasicUpgradeFinalizer.java:logAndEmit(342)) - Finalization is done.
2021-12-02 10:58:44,419 [Command processor thread] INFO  commandhandler.FinalizeNewLayoutVersionCommandHandler (FinalizeNewLayoutVersionCommandHandler.java:handle(64)) - Processing FinalizeNewLayoutVersionCommandHandler command.
2021-12-02 10:58:44,419 [Command processor thread] INFO  commandhandler.FinalizeNewLayoutVersionCommandHandler (FinalizeNewLayoutVersionCommandHandler.java:handle(64)) - Processing FinalizeNewLayoutVersionCommandHandler command.
2021-12-02 10:58:44,419 [Command processor thread] INFO  commandhandler.FinalizeNewLayoutVersionCommandHandler (FinalizeNewLayoutVersionCommandHandler.java:handle(64)) - Processing FinalizeNewLayoutVersionCommandHandler command.
2021-12-02 10:58:44,449 [c7ad35ec-beb2-4cf7-bc01-7589f79a3108@group-CAF6EFCE481F-LeaderElection135] INFO  impl.LeaderElection (LeaderElection.java:askForVotes(306)) - c7ad35ec-beb2-4cf7-bc01-7589f79a3108@group-CAF6EFCE481F-LeaderElection135 ELECTION round 0: submit vote requests at term 2 for -1: [4e57e8a8-e34c-4c63-9ee2-ea20f579f12f|rpc:10.1.0.26:45399|dataStream:|priority:1, 7a41c6a3-6927-412d-981c-9145982a7803|rpc:10.1.0.26:46457|dataStream:|priority:0, c7ad35ec-beb2-4cf7-bc01-7589f79a3108|rpc:10.1.0.26:41139|dataStream:|priority:0], old=null
2021-12-02 10:58:44,450 [4e57e8a8-e34c-4c63-9ee2-ea20f579f12f@group-CAF6EFCE481F-FollowerState] INFO  impl.FollowerState (FollowerState.java:run(134)) - 4e57e8a8-e34c-4c63-9ee2-ea20f579f12f@group-CAF6EFCE481F-FollowerState: change to CANDIDATE, lastRpcElapsedTime:5223180438ns, electionTimeout:5141ms
2021-12-02 10:58:44,451 [4e57e8a8-e34c-4c63-9ee2-ea20f579f12f@group-CAF6EFCE481F-FollowerState] INFO  impl.RoleInfo (RoleInfo.java:shutdownFollowerState(108)) - 4e57e8a8-e34c-4c63-9ee2-ea20f579f12f: shutdown 4e57e8a8-e34c-4c63-9ee2-ea20f579f12f@group-CAF6EFCE481F-FollowerState
2021-12-02 10:58:44,451 [4e57e8a8-e34c-4c63-9ee2-ea20f579f12f@group-CAF6EFCE481F-FollowerState] INFO  server.RaftServer$Division (RaftServerImpl.java:setRole(290)) - 4e57e8a8-e34c-4c63-9ee2-ea20f579f12f@group-CAF6EFCE481F: changes role from  FOLLOWER to CANDIDATE at term 1 for changeToCandidate
2021-12-02 10:58:44,475 [4e57e8a8-e34c-4c63-9ee2-ea20f579f12f@group-CAF6EFCE481F-FollowerState] INFO  server.RaftServerConfigKeys (ConfUtils.java:logGet(44)) - raft.server.leaderelection.pre-vote = false (custom)
2021-12-02 10:58:44,475 [4e57e8a8-e34c-4c63-9ee2-ea20f579f12f@group-CAF6EFCE481F-FollowerState] INFO  impl.RoleInfo (RoleInfo.java:updateAndGet(130)) - 4e57e8a8-e34c-4c63-9ee2-ea20f579f12f: start 4e57e8a8-e34c-4c63-9ee2-ea20f579f12f@group-CAF6EFCE481F-LeaderElection137
2021-12-02 10:58:44,477 [7a41c6a3-6927-412d-981c-9145982a7803@group-CAF6EFCE481F-LeaderElection136] INFO  impl.LeaderElection (LeaderElection.java:askForVotes(306)) - 7a41c6a3-6927-412d-981c-9145982a7803@group-CAF6EFCE481F-LeaderElection136 ELECTION round 0: submit vote requests at term 2 for -1: [4e57e8a8-e34c-4c63-9ee2-ea20f579f12f|rpc:10.1.0.26:45399|priority:1, 7a41c6a3-6927-412d-981c-9145982a7803|rpc:10.1.0.26:46457|priority:0, c7ad35ec-beb2-4cf7-bc01-7589f79a3108|rpc:10.1.0.26:41139|priority:0], old=null
2021-12-02 10:58:44,496 [4e57e8a8-e34c-4c63-9ee2-ea20f579f12f@group-CAF6EFCE481F-LeaderElection137] INFO  impl.LeaderElection (LeaderElection.java:askForVotes(306)) - 4e57e8a8-e34c-4c63-9ee2-ea20f579f12f@group-CAF6EFCE481F-LeaderElection137 ELECTION round 0: submit vote requests at term 2 for -1: [4e57e8a8-e34c-4c63-9ee2-ea20f579f12f|rpc:10.1.0.26:45399|dataStream:|priority:1, 7a41c6a3-6927-412d-981c-9145982a7803|rpc:10.1.0.26:46457|dataStream:|priority:0, c7ad35ec-beb2-4cf7-bc01-7589f79a3108|rpc:10.1.0.26:41139|dataStream:|priority:0], old=null
2021-12-02 10:58:44,507 [grpc-default-executor-3] INFO  server.RaftServer$Division (RaftServerImpl.java:requestVote(1046)) - 4e57e8a8-e34c-4c63-9ee2-ea20f579f12f@group-CAF6EFCE481F: receive requestVote(ELECTION, 7a41c6a3-6927-412d-981c-9145982a7803, group-CAF6EFCE481F, 2, (t:0, i:0))
2021-12-02 10:58:44,507 [grpc-default-executor-3] INFO  impl.VoteContext (VoteContext.java:log(48)) - 4e57e8a8-e34c-4c63-9ee2-ea20f579f12f@group-CAF6EFCE481F-CANDIDATE: reject ELECTION from 7a41c6a3-6927-412d-981c-9145982a7803: already has voted for 4e57e8a8-e34c-4c63-9ee2-ea20f579f12f at current term 2
2021-12-02 10:58:44,507 [grpc-default-executor-3] INFO  server.RaftServer$Division (RaftServerImpl.java:requestVote(1078)) - 4e57e8a8-e34c-4c63-9ee2-ea20f579f12f@group-CAF6EFCE481F replies to ELECTION vote request: 7a41c6a3-6927-412d-981c-9145982a7803<-4e57e8a8-e34c-4c63-9ee2-ea20f579f12f#0:FAIL-t2. Peer's state: 4e57e8a8-e34c-4c63-9ee2-ea20f579f12f@group-CAF6EFCE481F:t2, leader=null, voted=4e57e8a8-e34c-4c63-9ee2-ea20f579f12f, raftlog=4e57e8a8-e34c-4c63-9ee2-ea20f579f12f@group-CAF6EFCE481F-SegmentedRaftLog:OPENED:c-1, conf=-1: [4e57e8a8-e34c-4c63-9ee2-ea20f579f12f|rpc:10.1.0.26:45399|dataStream:|priority:1, 7a41c6a3-6927-412d-981c-9145982a7803|rpc:10.1.0.26:46457|dataStream:|priority:0, c7ad35ec-beb2-4cf7-bc01-7589f79a3108|rpc:10.1.0.26:41139|dataStream:|priority:0], old=null
2021-12-02 10:58:44,552 [7a41c6a3-6927-412d-981c-9145982a7803@group-CAF6EFCE481F-LeaderElection136] INFO  impl.LeaderElection (LeaderElection.java:logAndReturn(89)) - 7a41c6a3-6927-412d-981c-9145982a7803@group-CAF6EFCE481F-LeaderElection136: ELECTION REJECTED received 1 response(s) and 0 exception(s):
2021-12-02 10:58:44,552 [7a41c6a3-6927-412d-981c-9145982a7803@group-CAF6EFCE481F-LeaderElection136] INFO  impl.LeaderElection (LeaderElection.java:logAndReturn(93)) -   Response 0: 7a41c6a3-6927-412d-981c-9145982a7803<-4e57e8a8-e34c-4c63-9ee2-ea20f579f12f#0:FAIL-t2
2021-12-02 10:58:44,552 [7a41c6a3-6927-412d-981c-9145982a7803@group-CAF6EFCE481F-LeaderElection136] INFO  impl.LeaderElection (LeaderElection.java:askForVotes(308)) - 7a41c6a3-6927-412d-981c-9145982a7803@group-CAF6EFCE481F-LeaderElection136 ELECTION round 0: result REJECTED
2021-12-02 10:58:44,552 [7a41c6a3-6927-412d-981c-9145982a7803@group-CAF6EFCE481F-LeaderElection136] INFO  server.RaftServer$Division (RaftServerImpl.java:setRole(290)) - 7a41c6a3-6927-412d-981c-9145982a7803@group-CAF6EFCE481F: changes role from CANDIDATE to FOLLOWER at term 2 for REJECTED
2021-12-02 10:58:44,552 [7a41c6a3-6927-412d-981c-9145982a7803@group-CAF6EFCE481F-LeaderElection136] INFO  impl.RoleInfo (RoleInfo.java:shutdownLeaderElection(121)) - 7a41c6a3-6927-412d-981c-9145982a7803: shutdown 7a41c6a3-6927-412d-981c-9145982a7803@group-CAF6EFCE481F-LeaderElection136
2021-12-02 10:58:44,552 [7a41c6a3-6927-412d-981c-9145982a7803@group-CAF6EFCE481F-LeaderElection136] INFO  impl.RoleInfo (RoleInfo.java:updateAndGet(130)) - 7a41c6a3-6927-412d-981c-9145982a7803: start 7a41c6a3-6927-412d-981c-9145982a7803@group-CAF6EFCE481F-FollowerState
2021-12-02 10:58:44,575 [grpc-default-executor-1] INFO  server.RaftServer$Division (RaftServerImpl.java:requestVote(1046)) - 7a41c6a3-6927-412d-981c-9145982a7803@group-CAF6EFCE481F: receive requestVote(ELECTION, c7ad35ec-beb2-4cf7-bc01-7589f79a3108, group-CAF6EFCE481F, 2, (t:0, i:0))
2021-12-02 10:58:44,575 [grpc-default-executor-1] INFO  impl.VoteContext (VoteContext.java:log(48)) - 7a41c6a3-6927-412d-981c-9145982a7803@group-CAF6EFCE481F-FOLLOWER: reject ELECTION from c7ad35ec-beb2-4cf7-bc01-7589f79a3108: already has voted for 7a41c6a3-6927-412d-981c-9145982a7803 at current term 2
2021-12-02 10:58:44,578 [grpc-default-executor-1] INFO  server.RaftServer$Division (RaftServerImpl.java:requestVote(1078)) - 7a41c6a3-6927-412d-981c-9145982a7803@group-CAF6EFCE481F replies to ELECTION vote request: c7ad35ec-beb2-4cf7-bc01-7589f79a3108<-7a41c6a3-6927-412d-981c-9145982a7803#0:FAIL-t2. Peer's state: 7a41c6a3-6927-412d-981c-9145982a7803@group-CAF6EFCE481F:t2, leader=null, voted=7a41c6a3-6927-412d-981c-9145982a7803, raftlog=7a41c6a3-6927-412d-981c-9145982a7803@group-CAF6EFCE481F-SegmentedRaftLog:OPENED:c-1, conf=-1: [4e57e8a8-e34c-4c63-9ee2-ea20f579f12f|rpc:10.1.0.26:45399|priority:1, 7a41c6a3-6927-412d-981c-9145982a7803|rpc:10.1.0.26:46457|priority:0, c7ad35ec-beb2-4cf7-bc01-7589f79a3108|rpc:10.1.0.26:41139|priority:0], old=null
2021-12-02 10:58:44,579 [grpc-default-executor-3] INFO  server.RaftServer$Division (RaftServerImpl.java:requestVote(1046)) - c7ad35ec-beb2-4cf7-bc01-7589f79a3108@group-CAF6EFCE481F: receive requestVote(ELECTION, 7a41c6a3-6927-412d-981c-9145982a7803, group-CAF6EFCE481F, 2, (t:0, i:0))
2021-12-02 10:58:44,579 [grpc-default-executor-3] INFO  impl.VoteContext (VoteContext.java:log(48)) - c7ad35ec-beb2-4cf7-bc01-7589f79a3108@group-CAF6EFCE481F-CANDIDATE: reject ELECTION from 7a41c6a3-6927-412d-981c-9145982a7803: already has voted for c7ad35ec-beb2-4cf7-bc01-7589f79a3108 at current term 2
2021-12-02 10:58:44,579 [grpc-default-executor-3] INFO  server.RaftServer$Division (RaftServerImpl.java:requestVote(1078)) - c7ad35ec-beb2-4cf7-bc01-7589f79a3108@group-CAF6EFCE481F replies to ELECTION vote request: 7a41c6a3-6927-412d-981c-9145982a7803<-c7ad35ec-beb2-4cf7-bc01-7589f79a3108#0:FAIL-t2. Peer's state: c7ad35ec-beb2-4cf7-bc01-7589f79a3108@group-CAF6EFCE481F:t2, leader=null, voted=c7ad35ec-beb2-4cf7-bc01-7589f79a3108, raftlog=c7ad35ec-beb2-4cf7-bc01-7589f79a3108@group-CAF6EFCE481F-SegmentedRaftLog:OPENED:c-1, conf=-1: [4e57e8a8-e34c-4c63-9ee2-ea20f579f12f|rpc:10.1.0.26:45399|dataStream:|priority:1, 7a41c6a3-6927-412d-981c-9145982a7803|rpc:10.1.0.26:46457|dataStream:|priority:0, c7ad35ec-beb2-4cf7-bc01-7589f79a3108|rpc:10.1.0.26:41139|dataStream:|priority:0], old=null
2021-12-02 10:58:44,617 [EventQueue-HealthyReadonlyToHealthyNodeForReadOnlyHealthyToHealthyNodeHandler] INFO  node.ReadOnlyHealthyToHealthyNodeHandler (ReadOnlyHealthyToHealthyNodeHandler.java:onMessage(51)) - Datanode f82ce74c-d344-4424-8faf-57994d5deae6{ip: 10.1.0.26, host: fv-az270-116.tacnzluakwdehk1hpragurqkma.bx.internal.cloudapp.net, ports: [REPLICATION=39687, RATIS=34529, RATIS_ADMIN=34529, RATIS_SERVER=34529, STANDALONE=41675], networkLocation: /default-rack, certSerialId: null, persistedOpState: IN_SERVICE, persistedOpStateExpiryEpochSec: 0} moved to HEALTHY state.
2021-12-02 10:58:44,617 [EventQueue-HealthyReadonlyToHealthyNodeForReadOnlyHealthyToHealthyNodeHandler] INFO  pipeline.BackgroundPipelineCreator (BackgroundPipelineCreator.java:notifyEventTriggered(285)) - trigger a one-shot run on RatisPipelineUtilsThread.
2021-12-02 10:58:44,618 [RatisPipelineUtilsThread - 0] INFO  pipeline.RatisPipelineProvider (RatisPipelineProvider.java:lambda$create$0(183)) - Sending CreatePipelineCommand for pipeline:PipelineID=2f3e203b-5ac4-424f-ac2c-603896aea724 to datanode:f82ce74c-d344-4424-8faf-57994d5deae6
2021-12-02 10:58:44,618 [RatisPipelineUtilsThread - 0] INFO  pipeline.PipelineStateManagerImpl (PipelineStateManagerImpl.java:addPipeline(101)) - Created pipeline Pipeline[ Id: 2f3e203b-5ac4-424f-ac2c-603896aea724, Nodes: f82ce74c-d344-4424-8faf-57994d5deae6{ip: 10.1.0.26, host: fv-az270-116.tacnzluakwdehk1hpragurqkma.bx.internal.cloudapp.net, ports: [REPLICATION=39687, RATIS=34529, RATIS_ADMIN=34529, RATIS_SERVER=34529, STANDALONE=41675], networkLocation: /default-rack, certSerialId: null, persistedOpState: IN_SERVICE, persistedOpStateExpiryEpochSec: 0}, ReplicationConfig: RATIS/ONE, State:ALLOCATED, leaderId:, CreationTimestamp2021-12-02T10:58:44.618Z[Etc/UTC]].
2021-12-02 10:58:44,618 [RatisPipelineUtilsThread - 0] ERROR scm.SCMCommonPlacementPolicy (SCMCommonPlacementPolicy.java:filterNodesWithSpace(171)) - Unable to find enough nodes that meet the space requirement of 1073741824 bytes for metadata and 5368709120 bytes for data in healthy node set. Required 3. Found 2.
2021-12-02 10:58:44,649 [grpc-default-executor-1] INFO  server.RaftServer$Division (RaftServerImpl.java:requestVote(1046)) - c7ad35ec-beb2-4cf7-bc01-7589f79a3108@group-CAF6EFCE481F: receive requestVote(ELECTION, 4e57e8a8-e34c-4c63-9ee2-ea20f579f12f, group-CAF6EFCE481F, 2, (t:0, i:0))
2021-12-02 10:58:44,649 [grpc-default-executor-1] INFO  impl.VoteContext (VoteContext.java:log(48)) - c7ad35ec-beb2-4cf7-bc01-7589f79a3108@group-CAF6EFCE481F-CANDIDATE: reject ELECTION from 4e57e8a8-e34c-4c63-9ee2-ea20f579f12f: already has voted for c7ad35ec-beb2-4cf7-bc01-7589f79a3108 at current term 2
2021-12-02 10:58:44,649 [grpc-default-executor-1] INFO  server.RaftServer$Division (RaftServerImpl.java:requestVote(1078)) - c7ad35ec-beb2-4cf7-bc01-7589f79a3108@group-CAF6EFCE481F replies to ELECTION vote request: 4e57e8a8-e34c-4c63-9ee2-ea20f579f12f<-c7ad35ec-beb2-4cf7-bc01-7589f79a3108#0:FAIL-t2. Peer's state: c7ad35ec-beb2-4cf7-bc01-7589f79a3108@group-CAF6EFCE481F:t2, leader=null, voted=c7ad35ec-beb2-4cf7-bc01-7589f79a3108, raftlog=c7ad35ec-beb2-4cf7-bc01-7589f79a3108@group-CAF6EFCE481F-SegmentedRaftLog:OPENED:c-1, conf=-1: [4e57e8a8-e34c-4c63-9ee2-ea20f579f12f|rpc:10.1.0.26:45399|dataStream:|priority:1, 7a41c6a3-6927-412d-981c-9145982a7803|rpc:10.1.0.26:46457|dataStream:|priority:0, c7ad35ec-beb2-4cf7-bc01-7589f79a3108|rpc:10.1.0.26:41139|dataStream:|priority:0], old=null
2021-12-02 10:58:44,666 [grpc-default-executor-1] INFO  server.RaftServer$Division (RaftServerImpl.java:requestVote(1046)) - 7a41c6a3-6927-412d-981c-9145982a7803@group-CAF6EFCE481F: receive requestVote(ELECTION, 4e57e8a8-e34c-4c63-9ee2-ea20f579f12f, group-CAF6EFCE481F, 2, (t:0, i:0))
2021-12-02 10:58:44,666 [grpc-default-executor-1] INFO  impl.VoteContext (VoteContext.java:log(48)) - 7a41c6a3-6927-412d-981c-9145982a7803@group-CAF6EFCE481F-FOLLOWER: reject ELECTION from 4e57e8a8-e34c-4c63-9ee2-ea20f579f12f: already has voted for 7a41c6a3-6927-412d-981c-9145982a7803 at current term 2
2021-12-02 10:58:44,666 [grpc-default-executor-1] INFO  server.RaftServer$Division (RaftServerImpl.java:requestVote(1078)) - 7a41c6a3-6927-412d-981c-9145982a7803@group-CAF6EFCE481F replies to ELECTION vote request: 4e57e8a8-e34c-4c63-9ee2-ea20f579f12f<-7a41c6a3-6927-412d-981c-9145982a7803#0:FAIL-t2. Peer's state: 7a41c6a3-6927-412d-981c-9145982a7803@group-CAF6EFCE481F:t2, leader=null, voted=7a41c6a3-6927-412d-981c-9145982a7803, raftlog=7a41c6a3-6927-412d-981c-9145982a7803@group-CAF6EFCE481F-SegmentedRaftLog:OPENED:c-1, conf=-1: [4e57e8a8-e34c-4c63-9ee2-ea20f579f12f|rpc:10.1.0.26:45399|priority:1, 7a41c6a3-6927-412d-981c-9145982a7803|rpc:10.1.0.26:46457|priority:0, c7ad35ec-beb2-4cf7-bc01-7589f79a3108|rpc:10.1.0.26:41139|priority:0], old=null
2021-12-02 10:58:44,667 [4e57e8a8-e34c-4c63-9ee2-ea20f579f12f@group-CAF6EFCE481F-LeaderElection137] INFO  impl.LeaderElection (LeaderElection.java:logAndReturn(89)) - 4e57e8a8-e34c-4c63-9ee2-ea20f579f12f@group-CAF6EFCE481F-LeaderElection137: ELECTION REJECTED received 2 response(s) and 0 exception(s):
2021-12-02 10:58:44,667 [4e57e8a8-e34c-4c63-9ee2-ea20f579f12f@group-CAF6EFCE481F-LeaderElection137] INFO  impl.LeaderElection (LeaderElection.java:logAndReturn(93)) -   Response 0: 4e57e8a8-e34c-4c63-9ee2-ea20f579f12f<-7a41c6a3-6927-412d-981c-9145982a7803#0:FAIL-t2
2021-12-02 10:58:44,667 [4e57e8a8-e34c-4c63-9ee2-ea20f579f12f@group-CAF6EFCE481F-LeaderElection137] INFO  impl.LeaderElection (LeaderElection.java:logAndReturn(93)) -   Response 1: 4e57e8a8-e34c-4c63-9ee2-ea20f579f12f<-c7ad35ec-beb2-4cf7-bc01-7589f79a3108#0:FAIL-t2
2021-12-02 10:58:44,667 [4e57e8a8-e34c-4c63-9ee2-ea20f579f12f@group-CAF6EFCE481F-LeaderElection137] INFO  impl.LeaderElection (LeaderElection.java:askForVotes(308)) - 4e57e8a8-e34c-4c63-9ee2-ea20f579f12f@group-CAF6EFCE481F-LeaderElection137 ELECTION round 0: result REJECTED
2021-12-02 10:58:44,667 [4e57e8a8-e34c-4c63-9ee2-ea20f579f12f@group-CAF6EFCE481F-LeaderElection137] INFO  server.RaftServer$Division (RaftServerImpl.java:setRole(290)) - 4e57e8a8-e34c-4c63-9ee2-ea20f579f12f@group-CAF6EFCE481F: changes role from CANDIDATE to FOLLOWER at term 2 for REJECTED
2021-12-02 10:58:44,667 [4e57e8a8-e34c-4c63-9ee2-ea20f579f12f@group-CAF6EFCE481F-LeaderElection137] INFO  impl.RoleInfo (RoleInfo.java:shutdownLeaderElection(121)) - 4e57e8a8-e34c-4c63-9ee2-ea20f579f12f: shutdown 4e57e8a8-e34c-4c63-9ee2-ea20f579f12f@group-CAF6EFCE481F-LeaderElection137
2021-12-02 10:58:44,667 [4e57e8a8-e34c-4c63-9ee2-ea20f579f12f@group-CAF6EFCE481F-LeaderElection137] INFO  impl.RoleInfo (RoleInfo.java:updateAndGet(130)) - 4e57e8a8-e34c-4c63-9ee2-ea20f579f12f: start 4e57e8a8-e34c-4c63-9ee2-ea20f579f12f@group-CAF6EFCE481F-FollowerState
2021-12-02 10:58:44,675 [grpc-default-executor-3] INFO  server.RaftServer$Division (RaftServerImpl.java:requestVote(1046)) - 4e57e8a8-e34c-4c63-9ee2-ea20f579f12f@group-CAF6EFCE481F: receive requestVote(ELECTION, c7ad35ec-beb2-4cf7-bc01-7589f79a3108, group-CAF6EFCE481F, 2, (t:0, i:0))
2021-12-02 10:58:44,675 [grpc-default-executor-3] INFO  impl.VoteContext (VoteContext.java:log(48)) - 4e57e8a8-e34c-4c63-9ee2-ea20f579f12f@group-CAF6EFCE481F-FOLLOWER: reject ELECTION from c7ad35ec-beb2-4cf7-bc01-7589f79a3108: already has voted for 4e57e8a8-e34c-4c63-9ee2-ea20f579f12f at current term 2
2021-12-02 10:58:44,676 [grpc-default-executor-3] INFO  server.RaftServer$Division (RaftServerImpl.java:requestVote(1078)) - 4e57e8a8-e34c-4c63-9ee2-ea20f579f12f@group-CAF6EFCE481F replies to ELECTION vote request: c7ad35ec-beb2-4cf7-bc01-7589f79a3108<-4e57e8a8-e34c-4c63-9ee2-ea20f579f12f#0:FAIL-t2. Peer's state: 4e57e8a8-e34c-4c63-9ee2-ea20f579f12f@group-CAF6EFCE481F:t2, leader=null, voted=4e57e8a8-e34c-4c63-9ee2-ea20f579f12f, raftlog=4e57e8a8-e34c-4c63-9ee2-ea20f579f12f@group-CAF6EFCE481F-SegmentedRaftLog:OPENED:c-1, conf=-1: [4e57e8a8-e34c-4c63-9ee2-ea20f579f12f|rpc:10.1.0.26:45399|dataStream:|priority:1, 7a41c6a3-6927-412d-981c-9145982a7803|rpc:10.1.0.26:46457|dataStream:|priority:0, c7ad35ec-beb2-4cf7-bc01-7589f79a3108|rpc:10.1.0.26:41139|dataStream:|priority:0], old=null
2021-12-02 10:58:44,676 [c7ad35ec-beb2-4cf7-bc01-7589f79a3108@group-CAF6EFCE481F-LeaderElection135] INFO  impl.LeaderElection (LeaderElection.java:logAndReturn(89)) - c7ad35ec-beb2-4cf7-bc01-7589f79a3108@group-CAF6EFCE481F-LeaderElection135: ELECTION REJECTED received 1 response(s) and 0 exception(s):
2021-12-02 10:58:44,676 [c7ad35ec-beb2-4cf7-bc01-7589f79a3108@group-CAF6EFCE481F-LeaderElection135] INFO  impl.LeaderElection (LeaderElection.java:logAndReturn(93)) -   Response 0: c7ad35ec-beb2-4cf7-bc01-7589f79a3108<-4e57e8a8-e34c-4c63-9ee2-ea20f579f12f#0:FAIL-t2
2021-12-02 10:58:44,676 [c7ad35ec-beb2-4cf7-bc01-7589f79a3108@group-CAF6EFCE481F-LeaderElection135] INFO  impl.LeaderElection (LeaderElection.java:askForVotes(308)) - c7ad35ec-beb2-4cf7-bc01-7589f79a3108@group-CAF6EFCE481F-LeaderElection135 ELECTION round 0: result REJECTED
2021-12-02 10:58:44,676 [c7ad35ec-beb2-4cf7-bc01-7589f79a3108@group-CAF6EFCE481F-LeaderElection135] INFO  server.RaftServer$Division (RaftServerImpl.java:setRole(290)) - c7ad35ec-beb2-4cf7-bc01-7589f79a3108@group-CAF6EFCE481F: changes role from CANDIDATE to FOLLOWER at term 2 for REJECTED
2021-12-02 10:58:44,676 [c7ad35ec-beb2-4cf7-bc01-7589f79a3108@group-CAF6EFCE481F-LeaderElection135] INFO  impl.RoleInfo (RoleInfo.java:shutdownLeaderElection(121)) - c7ad35ec-beb2-4cf7-bc01-7589f79a3108: shutdown c7ad35ec-beb2-4cf7-bc01-7589f79a3108@group-CAF6EFCE481F-LeaderElection135
2021-12-02 10:58:44,677 [c7ad35ec-beb2-4cf7-bc01-7589f79a3108@group-CAF6EFCE481F-LeaderElection135] INFO  impl.RoleInfo (RoleInfo.java:updateAndGet(130)) - c7ad35ec-beb2-4cf7-bc01-7589f79a3108: start c7ad35ec-beb2-4cf7-bc01-7589f79a3108@group-CAF6EFCE481F-FollowerState
2021-12-02 10:58:44,710 [Listener at 127.0.0.1/45099] INFO  ozone.MiniOzoneClusterImpl (MiniOzoneClusterImpl.java:lambda$waitForClusterToBeReady$0(235)) - Nodes are ready. Got 3 of 3 DN Heartbeats.
2021-12-02 10:58:44,710 [Listener at 127.0.0.1/45099] INFO  ozone.MiniOzoneClusterImpl (MiniOzoneClusterImpl.java:lambda$waitForClusterToBeReady$0(238)) - Waiting for cluster to exit safe mode
2021-12-02 10:58:44,710 [Listener at 127.0.0.1/45099] INFO  ozone.MiniOzoneClusterImpl (MiniOzoneClusterImpl.java:lambda$waitForClusterToBeReady$0(240)) - SCM became leader
2021-12-02 10:58:44,760 [EventQueue-OpenPipelineForHealthyPipelineSafeModeRule] INFO  safemode.SCMSafeModeManager (HealthyPipelineSafeModeRule.java:process(124)) - SCM in safe mode. Healthy pipelines reported count is 0, required healthy pipeline reported count is 1
2021-12-02 10:58:45,117 [EventQueue-HealthyReadonlyToHealthyNodeForReadOnlyHealthyToHealthyNodeHandler] INFO  node.ReadOnlyHealthyToHealthyNodeHandler (ReadOnlyHealthyToHealthyNodeHandler.java:onMessage(51)) - Datanode 189e5a6c-5aeb-4ebf-ab25-1500da4b2a9e{ip: 10.1.0.26, host: fv-az270-116.tacnzluakwdehk1hpragurqkma.bx.internal.cloudapp.net, ports: [REPLICATION=44643, RATIS=43265, RATIS_ADMIN=43265, RATIS_SERVER=43265, STANDALONE=35931], networkLocation: /default-rack, certSerialId: null, persistedOpState: IN_SERVICE, persistedOpStateExpiryEpochSec: 0} moved to HEALTHY state.
2021-12-02 10:58:45,117 [EventQueue-HealthyReadonlyToHealthyNodeForReadOnlyHealthyToHealthyNodeHandler] INFO  pipeline.BackgroundPipelineCreator (BackgroundPipelineCreator.java:notifyEventTriggered(285)) - trigger a one-shot run on RatisPipelineUtilsThread.
2021-12-02 10:58:45,120 [RatisPipelineUtilsThread - 0] INFO  pipeline.RatisPipelineProvider (RatisPipelineProvider.java:lambda$create$0(183)) - Sending CreatePipelineCommand for pipeline:PipelineID=cf7db236-bb1d-4afc-8b19-c1b0949ccb96 to datanode:189e5a6c-5aeb-4ebf-ab25-1500da4b2a9e
2021-12-02 10:58:45,121 [RatisPipelineUtilsThread - 0] INFO  pipeline.PipelineStateManagerImpl (PipelineStateManagerImpl.java:addPipeline(101)) - Created pipeline Pipeline[ Id: cf7db236-bb1d-4afc-8b19-c1b0949ccb96, Nodes: 189e5a6c-5aeb-4ebf-ab25-1500da4b2a9e{ip: 10.1.0.26, host: fv-az270-116.tacnzluakwdehk1hpragurqkma.bx.internal.cloudapp.net, ports: [REPLICATION=44643, RATIS=43265, RATIS_ADMIN=43265, RATIS_SERVER=43265, STANDALONE=35931], networkLocation: /default-rack, certSerialId: null, persistedOpState: IN_SERVICE, persistedOpStateExpiryEpochSec: 0}, ReplicationConfig: RATIS/ONE, State:ALLOCATED, leaderId:, CreationTimestamp2021-12-02T10:58:45.120Z[Etc/UTC]].
2021-12-02 10:58:45,121 [RatisPipelineUtilsThread - 0] INFO  pipeline.RatisPipelineProvider (RatisPipelineProvider.java:lambda$create$0(183)) - Sending CreatePipelineCommand for pipeline:PipelineID=1784d707-18eb-46a2-a92b-872a699ad662 to datanode:189e5a6c-5aeb-4ebf-ab25-1500da4b2a9e
2021-12-02 10:58:45,121 [RatisPipelineUtilsThread - 0] INFO  pipeline.RatisPipelineProvider (RatisPipelineProvider.java:lambda$create$0(183)) - Sending CreatePipelineCommand for pipeline:PipelineID=1784d707-18eb-46a2-a92b-872a699ad662 to datanode:f82ce74c-d344-4424-8faf-57994d5deae6
2021-12-02 10:58:45,121 [RatisPipelineUtilsThread - 0] INFO  pipeline.RatisPipelineProvider (RatisPipelineProvider.java:lambda$create$0(183)) - Sending CreatePipelineCommand for pipeline:PipelineID=1784d707-18eb-46a2-a92b-872a699ad662 to datanode:aad1e884-dc0c-43f6-a9fd-14f12d4b30b4
2021-12-02 10:58:45,122 [RatisPipelineUtilsThread - 0] INFO  pipeline.PipelineStateManagerImpl (PipelineStateManagerImpl.java:addPipeline(101)) - Created pipeline Pipeline[ Id: 1784d707-18eb-46a2-a92b-872a699ad662, Nodes: 189e5a6c-5aeb-4ebf-ab25-1500da4b2a9e{ip: 10.1.0.26, host: fv-az270-116.tacnzluakwdehk1hpragurqkma.bx.internal.cloudapp.net, ports: [REPLICATION=44643, RATIS=43265, RATIS_ADMIN=43265, RATIS_SERVER=43265, STANDALONE=35931], networkLocation: /default-rack, certSerialId: null, persistedOpState: IN_SERVICE, persistedOpStateExpiryEpochSec: 0}f82ce74c-d344-4424-8faf-57994d5deae6{ip: 10.1.0.26, host: fv-az270-116.tacnzluakwdehk1hpragurqkma.bx.internal.cloudapp.net, ports: [REPLICATION=39687, RATIS=34529, RATIS_ADMIN=34529, RATIS_SERVER=34529, STANDALONE=41675], networkLocation: /default-rack, certSerialId: null, persistedOpState: IN_SERVICE, persistedOpStateExpiryEpochSec: 0}aad1e884-dc0c-43f6-a9fd-14f12d4b30b4{ip: 10.1.0.26, host: fv-az270-116.tacnzluakwdehk1hpragurqkma.bx.internal.cloudapp.net, ports: [REPLICATION=39025, RATIS=39765, RATIS_ADMIN=39765, RATIS_SERVER=39765, STANDALONE=42933], networkLocation: /default-rack, certSerialId: null, persistedOpState: IN_SERVICE, persistedOpStateExpiryEpochSec: 0}, ReplicationConfig: RATIS/THREE, State:ALLOCATED, leaderId:, CreationTimestamp2021-12-02T10:58:45.121Z[Etc/UTC]].
2021-12-02 10:58:45,378 [Command processor thread] INFO  commandhandler.FinalizeNewLayoutVersionCommandHandler (FinalizeNewLayoutVersionCommandHandler.java:handle(64)) - Processing FinalizeNewLayoutVersionCommandHandler command.
2021-12-02 10:58:45,378 [Command processor thread] INFO  server.RaftServer (RaftServerProxy.java:addNew(95)) - f82ce74c-d344-4424-8faf-57994d5deae6: addNew group-603896AEA724:[f82ce74c-d344-4424-8faf-57994d5deae6|rpc:10.1.0.26:34529|priority:1] returns group-603896AEA724:java.util.concurrent.CompletableFuture@25c2450b[Not completed]
2021-12-02 10:58:45,379 [pool-1214-thread-1] INFO  server.RaftServer$Division (RaftServerImpl.java:<init>(184)) - f82ce74c-d344-4424-8faf-57994d5deae6: new RaftServerImpl for group-603896AEA724:[f82ce74c-d344-4424-8faf-57994d5deae6|rpc:10.1.0.26:34529|priority:1] with ContainerStateMachine:uninitialized
2021-12-02 10:58:45,379 [pool-1214-thread-1] INFO  server.RaftServerConfigKeys (ConfUtils.java:logGet(44)) - raft.server.rpc.timeout.min = 5s (custom)
2021-12-02 10:58:45,379 [pool-1214-thread-1] INFO  server.RaftServerConfigKeys (ConfUtils.java:logGet(44)) - raft.server.rpc.timeout.max = 5200ms (custom)
2021-12-02 10:58:45,379 [pool-1214-thread-1] INFO  server.RaftServerConfigKeys (ConfUtils.java:logGet(44)) - raft.server.rpc.sleep.time = 25ms (default)
2021-12-02 10:58:45,379 [pool-1214-thread-1] INFO  server.RaftServerConfigKeys (ConfUtils.java:logGet(44)) - raft.server.rpc.slowness.timeout = 300s (custom)
2021-12-02 10:58:45,379 [pool-1214-thread-1] INFO  server.RaftServerConfigKeys (ConfUtils.java:logGet(44)) - raft.server.leaderelection.leader.step-down.wait-time = 10s (default)
2021-12-02 10:58:45,379 [pool-1214-thread-1] INFO  server.RaftServerConfigKeys (ConfUtils.java:logGet(44)) - raft.server.sleep.deviation.threshold = 300ms (default)
2021-12-02 10:58:45,379 [pool-1214-thread-1] INFO  server.RaftServerConfigKeys (ConfUtils.java:logGet(44)) - raft.server.log.appender.install.snapshot.enabled = false (custom)
2021-12-02 10:58:45,379 [pool-1214-thread-1] INFO  server.RaftServer$Division (ServerState.java:<init>(105)) - f82ce74c-d344-4424-8faf-57994d5deae6@group-603896AEA724: ConfigurationManager, init=-1: [f82ce74c-d344-4424-8faf-57994d5deae6|rpc:10.1.0.26:34529|priority:1], old=null, confs=<EMPTY_MAP>
2021-12-02 10:58:45,380 [pool-1214-thread-1] INFO  server.RaftServerConfigKeys (ConfUtils.java:logGet(44)) - raft.server.storage.dir = [/home/runner/work/ozone/ozone/hadoop-ozone/integration-test/target/test-dir/MiniOzoneClusterImpl-73dd4d89-5651-475a-8e12-7bad855f6dad/datanode-0/data/ratis] (custom)
2021-12-02 10:58:45,380 [pool-1214-thread-1] INFO  server.RaftServerConfigKeys (ConfUtils.java:logGet(44)) - raft.server.log.corruption.policy = EXCEPTION (default)
2021-12-02 10:58:45,380 [pool-1214-thread-1] INFO  server.RaftServerConfigKeys (ConfUtils.java:logGet(44)) - raft.server.storage.free-space.min = 0MB (=0) (default)
2021-12-02 10:58:45,380 [pool-1214-thread-1] INFO  storage.RaftStorageDirectory (RaftStorageDirectoryImpl.java:analyzeStorage(135)) - The storage directory /home/runner/work/ozone/ozone/hadoop-ozone/integration-test/target/test-dir/MiniOzoneClusterImpl-73dd4d89-5651-475a-8e12-7bad855f6dad/datanode-0/data/ratis/2f3e203b-5ac4-424f-ac2c-603896aea724 does not exist. Creating ...
2021-12-02 10:58:45,382 [pool-1214-thread-1] INFO  storage.RaftStorageDirectory (RaftStorageDirectoryImpl.java:tryLock(230)) - Lock on /home/runner/work/ozone/ozone/hadoop-ozone/integration-test/target/test-dir/MiniOzoneClusterImpl-73dd4d89-5651-475a-8e12-7bad855f6dad/datanode-0/data/ratis/2f3e203b-5ac4-424f-ac2c-603896aea724/in_use.lock acquired by nodename 25563@fv-az270-116
2021-12-02 10:58:45,387 [pool-1214-thread-1] INFO  storage.RaftStorage (RaftStorageImpl.java:format(89)) - Storage directory /home/runner/work/ozone/ozone/hadoop-ozone/integration-test/target/test-dir/MiniOzoneClusterImpl-73dd4d89-5651-475a-8e12-7bad855f6dad/datanode-0/data/ratis/2f3e203b-5ac4-424f-ac2c-603896aea724 has been successfully formatted.
2021-12-02 10:58:45,387 [EventQueue-PipelineReportForPipelineReportHandler] INFO  pipeline.PipelineManagerImpl (PipelineManagerImpl.java:openPipeline(289)) - Pipeline Pipeline[ Id: 2f3e203b-5ac4-424f-ac2c-603896aea724, Nodes: f82ce74c-d344-4424-8faf-57994d5deae6{ip: 10.1.0.26, host: fv-az270-116.tacnzluakwdehk1hpragurqkma.bx.internal.cloudapp.net, ports: [REPLICATION=39687, RATIS=34529, RATIS_ADMIN=34529, RATIS_SERVER=34529, STANDALONE=41675], networkLocation: /default-rack, certSerialId: null, persistedOpState: IN_SERVICE, persistedOpStateExpiryEpochSec: 0}, ReplicationConfig: RATIS/ONE, State:ALLOCATED, leaderId:f82ce74c-d344-4424-8faf-57994d5deae6, CreationTimestamp2021-12-02T10:58:44.618Z[Etc/UTC]] moved to OPEN state
2021-12-02 10:58:45,388 [pool-1214-thread-1] INFO  ratis.ContainerStateMachine (ContainerStateMachine.java:loadSnapshot(224)) - group-603896AEA724: The snapshot info is null. Setting the last applied indexto:(t:0, i:~)
2021-12-02 10:58:45,388 [pool-1214-thread-1] INFO  server.RaftServerConfigKeys (ConfUtils.java:logGet(44)) - raft.server.notification.no-leader.timeout = 300s (custom)
2021-12-02 10:58:45,388 [pool-1214-thread-1] INFO  server.RaftServerConfigKeys (ConfUtils.java:logGet(44)) - raft.server.log.use.memory = false (default)
2021-12-02 10:58:45,388 [pool-1214-thread-1] INFO  server.RaftServerConfigKeys (ConfUtils.java:logGet(44)) - raft.server.log.purge.gap = 1000000 (custom)
2021-12-02 10:58:45,388 [pool-1214-thread-1] INFO  server.RaftServerConfigKeys (ConfUtils.java:logGet(44)) - raft.server.log.appender.buffer.byte-limit = 33554432 (custom)
2021-12-02 10:58:45,389 [pool-1214-thread-1] INFO  server.RaftServerConfigKeys (ConfUtils.java:logGet(44)) - raft.server.log.segment.size.max = 1048576 (custom)
2021-12-02 10:58:45,390 [pool-1214-thread-1] INFO  server.RaftServerConfigKeys (ConfUtils.java:logGet(44)) - raft.server.log.segment.cache.num.max = 2 (custom)
2021-12-02 10:58:45,390 [pool-1214-thread-1] INFO  server.RaftServerConfigKeys (ConfUtils.java:logGet(44)) - raft.server.log.segment.cache.size.max = 200MB (=209715200) (default)
2021-12-02 10:58:45,390 [pool-1214-thread-1] INFO  segmented.SegmentedRaftLogWorker (SegmentedRaftLogWorker.java:<init>(182)) - new f82ce74c-d344-4424-8faf-57994d5deae6@group-603896AEA724-SegmentedRaftLogWorker for RaftStorageImpl:Storage Directory /home/runner/work/ozone/ozone/hadoop-ozone/integration-test/target/test-dir/MiniOzoneClusterImpl-73dd4d89-5651-475a-8e12-7bad855f6dad/datanode-0/data/ratis/2f3e203b-5ac4-424f-ac2c-603896aea724
2021-12-02 10:58:45,390 [pool-1214-thread-1] INFO  server.RaftServerConfigKeys (ConfUtils.java:logGet(44)) - raft.server.log.queue.byte-limit = 2147483647 (custom)
2021-12-02 10:58:45,390 [pool-1214-thread-1] INFO  server.RaftServerConfigKeys (ConfUtils.java:logGet(44)) - raft.server.log.queue.element-limit = 1024 (custom)
2021-12-02 10:58:45,390 [pool-1214-thread-1] INFO  server.RaftServerConfigKeys (ConfUtils.java:logGet(44)) - raft.server.log.segment.size.max = 1048576 (custom)
2021-12-02 10:58:45,390 [pool-1214-thread-1] INFO  server.RaftServerConfigKeys (ConfUtils.java:logGet(44)) - raft.server.log.preallocated.size = 16384 (custom)
2021-12-02 10:58:45,390 [pool-1214-thread-1] INFO  server.RaftServerConfigKeys (ConfUtils.java:logGet(44)) - raft.server.log.force.sync.num = 128 (default)
2021-12-02 10:58:45,390 [pool-1214-thread-1] INFO  server.RaftServerConfigKeys (ConfUtils.java:logGet(44)) - raft.server.log.statemachine.data.sync = true (default)
2021-12-02 10:58:45,390 [pool-1214-thread-1] INFO  server.RaftServerConfigKeys (ConfUtils.java:logGet(44)) - raft.server.log.statemachine.data.sync.timeout = 10s (default)
2021-12-02 10:58:45,390 [pool-1214-thread-1] INFO  server.RaftServerConfigKeys (ConfUtils.java:logGet(44)) - raft.server.log.statemachine.data.sync.timeout.retry = -1 (default)
2021-12-02 10:58:45,401 [pool-1214-thread-1] INFO  server.RaftServerConfigKeys (ConfUtils.java:logGet(44)) - raft.server.log.write.buffer.size = 1048576 (custom)
2021-12-02 10:58:45,419 [pool-1214-thread-1] INFO  server.RaftServerConfigKeys (ConfUtils.java:logGet(44)) - raft.server.log.statemachine.data.caching.enabled = true (custom)
2021-12-02 10:58:45,420 [pool-1214-thread-1] INFO  segmented.SegmentedRaftLogWorker (SegmentedRaftLogWorker.java:lambda$new$0(133)) - f82ce74c-d344-4424-8faf-57994d5deae6@group-603896AEA724-SegmentedRaftLogWorker: flushIndex: setUnconditionally 0 -> -1
2021-12-02 10:58:45,420 [pool-1214-thread-1] INFO  segmented.SegmentedRaftLogWorker (SegmentedRaftLogWorker.java:lambda$new$0(133)) - f82ce74c-d344-4424-8faf-57994d5deae6@group-603896AEA724-SegmentedRaftLogWorker: safeCacheEvictIndex: setUnconditionally 0 -> -1
2021-12-02 10:58:45,443 [pool-1214-thread-1] INFO  server.RaftServerConfigKeys (ConfUtils.java:logGet(44)) - raft.server.snapshot.auto.trigger.enabled = true (custom)
2021-12-02 10:58:45,443 [pool-1214-thread-1] INFO  server.RaftServerConfigKeys (ConfUtils.java:logGet(44)) - raft.server.snapshot.auto.trigger.threshold = 10000 (custom)
2021-12-02 10:58:45,443 [pool-1214-thread-1] INFO  server.RaftServerConfigKeys (ConfUtils.java:logGet(44)) - raft.server.snapshot.retention.file.num = 5 (custom)
2021-12-02 10:58:45,443 [pool-1214-thread-1] INFO  server.RaftServerConfigKeys (ConfUtils.java:logGet(44)) - raft.server.log.purge.upto.snapshot.index = false (default)
2021-12-02 10:58:45,444 [pool-1214-thread-1] INFO  server.RaftServerConfigKeys (ConfUtils.java:logGet(44)) - raft.server.retrycache.expirytime = 600000ms (custom)
2021-12-02 10:58:45,444 [pool-1214-thread-1] INFO  server.RaftServerConfigKeys (ConfUtils.java:logGet(44)) - raft.server.retrycache.statistics.expirytime = 100μs (default)
2021-12-02 10:58:45,446 [pool-1214-thread-1] INFO  server.RaftServer$Division (RaftServerImpl.java:start(301)) - f82ce74c-d344-4424-8faf-57994d5deae6@group-603896AEA724: start as a follower, conf=-1: [f82ce74c-d344-4424-8faf-57994d5deae6|rpc:10.1.0.26:34529|priority:1], old=null
2021-12-02 10:58:45,455 [pool-1214-thread-1] INFO  server.RaftServer$Division (RaftServerImpl.java:setRole(290)) - f82ce74c-d344-4424-8faf-57994d5deae6@group-603896AEA724: changes role from      null to FOLLOWER at term 0 for startAsFollower
2021-12-02 10:58:45,456 [pool-1214-thread-1] INFO  impl.RoleInfo (RoleInfo.java:updateAndGet(130)) - f82ce74c-d344-4424-8faf-57994d5deae6: start f82ce74c-d344-4424-8faf-57994d5deae6@group-603896AEA724-FollowerState
2021-12-02 10:58:45,456 [pool-1214-thread-1] INFO  util.JmxRegister (JmxRegister.java:tryRegister(44)) - Successfully registered JMX Bean with object name Ratis:service=RaftServer,group=group-603896AEA724,id=f82ce74c-d344-4424-8faf-57994d5deae6
2021-12-02 10:58:45,466 [Command processor thread] INFO  ratis.XceiverServerRatis (XceiverServerRatis.java:addGroup(768)) - Created group PipelineID=2f3e203b-5ac4-424f-ac2c-603896aea724
2021-12-02 10:58:45,466 [Command processor thread] INFO  commandhandler.CreatePipelineCommandHandler (CreatePipelineCommandHandler.java:handle(106)) - Created Pipeline RATIS ONE PipelineID=2f3e203b-5ac4-424f-ac2c-603896aea724.
2021-12-02 10:58:45,466 [Command processor thread] INFO  server.RaftServer (RaftServerProxy.java:addNew(95)) - f82ce74c-d344-4424-8faf-57994d5deae6: addNew group-872A699AD662:[f82ce74c-d344-4424-8faf-57994d5deae6|rpc:10.1.0.26:34529|priority:0, aad1e884-dc0c-43f6-a9fd-14f12d4b30b4|rpc:10.1.0.26:39765|priority:0, 189e5a6c-5aeb-4ebf-ab25-1500da4b2a9e|rpc:10.1.0.26:43265|priority:1] returns group-872A699AD662:java.util.concurrent.CompletableFuture@5a03cf7[Not completed]
2021-12-02 10:58:45,467 [pool-1214-thread-1] INFO  server.RaftServer$Division (RaftServerImpl.java:<init>(184)) - f82ce74c-d344-4424-8faf-57994d5deae6: new RaftServerImpl for group-872A699AD662:[f82ce74c-d344-4424-8faf-57994d5deae6|rpc:10.1.0.26:34529|priority:0, aad1e884-dc0c-43f6-a9fd-14f12d4b30b4|rpc:10.1.0.26:39765|priority:0, 189e5a6c-5aeb-4ebf-ab25-1500da4b2a9e|rpc:10.1.0.26:43265|priority:1] with ContainerStateMachine:uninitialized
2021-12-02 10:58:45,467 [pool-1214-thread-1] INFO  server.RaftServerConfigKeys (ConfUtils.java:logGet(44)) - raft.server.rpc.timeout.min = 5s (custom)
2021-12-02 10:58:45,467 [pool-1214-thread-1] INFO  server.RaftServerConfigKeys (ConfUtils.java:logGet(44)) - raft.server.rpc.timeout.max = 5200ms (custom)
2021-12-02 10:58:45,467 [pool-1214-thread-1] INFO  server.RaftServerConfigKeys (ConfUtils.java:logGet(44)) - raft.server.rpc.sleep.time = 25ms (default)
2021-12-02 10:58:45,467 [pool-1214-thread-1] INFO  server.RaftServerConfigKeys (ConfUtils.java:logGet(44)) - raft.server.rpc.slowness.timeout = 300s (custom)
2021-12-02 10:58:45,467 [pool-1214-thread-1] INFO  server.RaftServerConfigKeys (ConfUtils.java:logGet(44)) - raft.server.leaderelection.leader.step-down.wait-time = 10s (default)
2021-12-02 10:58:45,467 [pool-1214-thread-1] INFO  server.RaftServerConfigKeys (ConfUtils.java:logGet(44)) - raft.server.sleep.deviation.threshold = 300ms (default)
2021-12-02 10:58:45,467 [pool-1214-thread-1] INFO  server.RaftServerConfigKeys (ConfUtils.java:logGet(44)) - raft.server.log.appender.install.snapshot.enabled = false (custom)
2021-12-02 10:58:45,467 [pool-1214-thread-1] INFO  server.RaftServer$Division (ServerState.java:<init>(105)) - f82ce74c-d344-4424-8faf-57994d5deae6@group-872A699AD662: ConfigurationManager, init=-1: [f82ce74c-d344-4424-8faf-57994d5deae6|rpc:10.1.0.26:34529|priority:0, aad1e884-dc0c-43f6-a9fd-14f12d4b30b4|rpc:10.1.0.26:39765|priority:0, 189e5a6c-5aeb-4ebf-ab25-1500da4b2a9e|rpc:10.1.0.26:43265|priority:1], old=null, confs=<EMPTY_MAP>
2021-12-02 10:58:45,467 [pool-1214-thread-1] INFO  server.RaftServerConfigKeys (ConfUtils.java:logGet(44)) - raft.server.storage.dir = [/home/runner/work/ozone/ozone/hadoop-ozone/integration-test/target/test-dir/MiniOzoneClusterImpl-73dd4d89-5651-475a-8e12-7bad855f6dad/datanode-0/data/ratis] (custom)
2021-12-02 10:58:45,467 [pool-1214-thread-1] INFO  server.RaftServerConfigKeys (ConfUtils.java:logGet(44)) - raft.server.log.corruption.policy = EXCEPTION (default)
2021-12-02 10:58:45,467 [pool-1214-thread-1] INFO  server.RaftServerConfigKeys (ConfUtils.java:logGet(44)) - raft.server.storage.free-space.min = 0MB (=0) (default)
2021-12-02 10:58:45,467 [pool-1214-thread-1] INFO  storage.RaftStorageDirectory (RaftStorageDirectoryImpl.java:analyzeStorage(135)) - The storage directory /home/runner/work/ozone/ozone/hadoop-ozone/integration-test/target/test-dir/MiniOzoneClusterImpl-73dd4d89-5651-475a-8e12-7bad855f6dad/datanode-0/data/ratis/1784d707-18eb-46a2-a92b-872a699ad662 does not exist. Creating ...
2021-12-02 10:58:45,471 [pool-1214-thread-1] INFO  storage.RaftStorageDirectory (RaftStorageDirectoryImpl.java:tryLock(230)) - Lock on /home/runner/work/ozone/ozone/hadoop-ozone/integration-test/target/test-dir/MiniOzoneClusterImpl-73dd4d89-5651-475a-8e12-7bad855f6dad/datanode-0/data/ratis/1784d707-18eb-46a2-a92b-872a699ad662/in_use.lock acquired by nodename 25563@fv-az270-116
2021-12-02 10:58:45,472 [pool-1214-thread-1] INFO  storage.RaftStorage (RaftStorageImpl.java:format(89)) - Storage directory /home/runner/work/ozone/ozone/hadoop-ozone/integration-test/target/test-dir/MiniOzoneClusterImpl-73dd4d89-5651-475a-8e12-7bad855f6dad/datanode-0/data/ratis/1784d707-18eb-46a2-a92b-872a699ad662 has been successfully formatted.
2021-12-02 10:58:45,472 [pool-1214-thread-1] INFO  ratis.ContainerStateMachine (ContainerStateMachine.java:loadSnapshot(224)) - group-872A699AD662: The snapshot info is null. Setting the last applied indexto:(t:0, i:~)
2021-12-02 10:58:45,473 [pool-1214-thread-1] INFO  server.RaftServerConfigKeys (ConfUtils.java:logGet(44)) - raft.server.notification.no-leader.timeout = 300s (custom)
2021-12-02 10:58:45,473 [pool-1214-thread-1] INFO  server.RaftServerConfigKeys (ConfUtils.java:logGet(44)) - raft.server.log.use.memory = false (default)
2021-12-02 10:58:45,473 [pool-1214-thread-1] INFO  server.RaftServerConfigKeys (ConfUtils.java:logGet(44)) - raft.server.log.purge.gap = 1000000 (custom)
2021-12-02 10:58:45,473 [pool-1214-thread-1] INFO  server.RaftServerConfigKeys (ConfUtils.java:logGet(44)) - raft.server.log.appender.buffer.byte-limit = 33554432 (custom)
2021-12-02 10:58:45,473 [pool-1214-thread-1] INFO  server.RaftServerConfigKeys (ConfUtils.java:logGet(44)) - raft.server.log.segment.size.max = 1048576 (custom)
2021-12-02 10:58:45,474 [pool-1214-thread-1] INFO  server.RaftServerConfigKeys (ConfUtils.java:logGet(44)) - raft.server.log.segment.cache.num.max = 2 (custom)
2021-12-02 10:58:45,474 [pool-1214-thread-1] INFO  server.RaftServerConfigKeys (ConfUtils.java:logGet(44)) - raft.server.log.segment.cache.size.max = 200MB (=209715200) (default)
2021-12-02 10:58:45,474 [pool-1214-thread-1] INFO  segmented.SegmentedRaftLogWorker (SegmentedRaftLogWorker.java:<init>(182)) - new f82ce74c-d344-4424-8faf-57994d5deae6@group-872A699AD662-SegmentedRaftLogWorker for RaftStorageImpl:Storage Directory /home/runner/work/ozone/ozone/hadoop-ozone/integration-test/target/test-dir/MiniOzoneClusterImpl-73dd4d89-5651-475a-8e12-7bad855f6dad/datanode-0/data/ratis/1784d707-18eb-46a2-a92b-872a699ad662
2021-12-02 10:58:45,474 [pool-1214-thread-1] INFO  server.RaftServerConfigKeys (ConfUtils.java:logGet(44)) - raft.server.log.queue.byte-limit = 2147483647 (custom)
2021-12-02 10:58:45,474 [pool-1214-thread-1] INFO  server.RaftServerConfigKeys (ConfUtils.java:logGet(44)) - raft.server.log.queue.element-limit = 1024 (custom)
2021-12-02 10:58:45,474 [pool-1214-thread-1] INFO  server.RaftServerConfigKeys (ConfUtils.java:logGet(44)) - raft.server.log.segment.size.max = 1048576 (custom)
2021-12-02 10:58:45,474 [pool-1214-thread-1] INFO  server.RaftServerConfigKeys (ConfUtils.java:logGet(44)) - raft.server.log.preallocated.size = 16384 (custom)
2021-12-02 10:58:45,474 [pool-1214-thread-1] INFO  server.RaftServerConfigKeys (ConfUtils.java:logGet(44)) - raft.server.log.force.sync.num = 128 (default)
2021-12-02 10:58:45,474 [pool-1214-thread-1] INFO  server.RaftServerConfigKeys (ConfUtils.java:logGet(44)) - raft.server.log.statemachine.data.sync = true (default)
2021-12-02 10:58:45,474 [pool-1214-thread-1] INFO  server.RaftServerConfigKeys (ConfUtils.java:logGet(44)) - raft.server.log.statemachine.data.sync.timeout = 10s (default)
2021-12-02 10:58:45,474 [pool-1214-thread-1] INFO  server.RaftServerConfigKeys (ConfUtils.java:logGet(44)) - raft.server.log.statemachine.data.sync.timeout.retry = -1 (default)
2021-12-02 10:58:45,488 [pool-1214-thread-1] INFO  server.RaftServerConfigKeys (ConfUtils.java:logGet(44)) - raft.server.log.write.buffer.size = 1048576 (custom)
2021-12-02 10:58:45,488 [pool-1214-thread-1] INFO  server.RaftServerConfigKeys (ConfUtils.java:logGet(44)) - raft.server.log.statemachine.data.caching.enabled = true (custom)
2021-12-02 10:58:45,489 [pool-1214-thread-1] INFO  segmented.SegmentedRaftLogWorker (SegmentedRaftLogWorker.java:lambda$new$0(133)) - f82ce74c-d344-4424-8faf-57994d5deae6@group-872A699AD662-SegmentedRaftLogWorker: flushIndex: setUnconditionally 0 -> -1
2021-12-02 10:58:45,503 [pool-1214-thread-1] INFO  segmented.SegmentedRaftLogWorker (SegmentedRaftLogWorker.java:lambda$new$0(133)) - f82ce74c-d344-4424-8faf-57994d5deae6@group-872A699AD662-SegmentedRaftLogWorker: safeCacheEvictIndex: setUnconditionally 0 -> -1
2021-12-02 10:58:45,504 [pool-1214-thread-1] INFO  server.RaftServerConfigKeys (ConfUtils.java:logGet(44)) - raft.server.snapshot.auto.trigger.enabled = true (custom)
2021-12-02 10:58:45,504 [pool-1214-thread-1] INFO  server.RaftServerConfigKeys (ConfUtils.java:logGet(44)) - raft.server.snapshot.auto.trigger.threshold = 10000 (custom)
2021-12-02 10:58:45,504 [pool-1214-thread-1] INFO  server.RaftServerConfigKeys (ConfUtils.java:logGet(44)) - raft.server.snapshot.retention.file.num = 5 (custom)
2021-12-02 10:58:45,504 [pool-1214-thread-1] INFO  server.RaftServerConfigKeys (ConfUtils.java:logGet(44)) - raft.server.log.purge.upto.snapshot.index = false (default)
2021-12-02 10:58:45,504 [pool-1214-thread-1] INFO  server.RaftServerConfigKeys (ConfUtils.java:logGet(44)) - raft.server.retrycache.expirytime = 600000ms (custom)
2021-12-02 10:58:45,504 [pool-1214-thread-1] INFO  server.RaftServerConfigKeys (ConfUtils.java:logGet(44)) - raft.server.retrycache.statistics.expirytime = 100μs (default)
2021-12-02 10:58:45,507 [pool-1214-thread-1] INFO  server.RaftServer$Division (RaftServerImpl.java:start(301)) - f82ce74c-d344-4424-8faf-57994d5deae6@group-872A699AD662: start as a follower, conf=-1: [f82ce74c-d344-4424-8faf-57994d5deae6|rpc:10.1.0.26:34529|priority:0, aad1e884-dc0c-43f6-a9fd-14f12d4b30b4|rpc:10.1.0.26:39765|priority:0, 189e5a6c-5aeb-4ebf-ab25-1500da4b2a9e|rpc:10.1.0.26:43265|priority:1], old=null
2021-12-02 10:58:45,507 [pool-1214-thread-1] INFO  server.RaftServer$Division (RaftServerImpl.java:setRole(290)) - f82ce74c-d344-4424-8faf-57994d5deae6@group-872A699AD662: changes role from      null to FOLLOWER at term 0 for startAsFollower
2021-12-02 10:58:45,507 [pool-1214-thread-1] INFO  impl.RoleInfo (RoleInfo.java:updateAndGet(130)) - f82ce74c-d344-4424-8faf-57994d5deae6: start f82ce74c-d344-4424-8faf-57994d5deae6@group-872A699AD662-FollowerState
2021-12-02 10:58:45,507 [pool-1214-thread-1] INFO  util.JmxRegister (JmxRegister.java:tryRegister(44)) - Successfully registered JMX Bean with object name Ratis:service=RaftServer,group=group-872A699AD662,id=f82ce74c-d344-4424-8faf-57994d5deae6
2021-12-02 10:58:45,508 [Command processor thread] INFO  ratis.XceiverServerRatis (XceiverServerRatis.java:addGroup(768)) - Created group PipelineID=1784d707-18eb-46a2-a92b-872a699ad662
2021-12-02 10:58:45,526 [grpc-default-executor-3] INFO  server.RaftServer (RaftServerProxy.java:addNew(95)) - 189e5a6c-5aeb-4ebf-ab25-1500da4b2a9e: addNew group-872A699AD662:[f82ce74c-d344-4424-8faf-57994d5deae6|rpc:10.1.0.26:34529|dataStream:|priority:0, aad1e884-dc0c-43f6-a9fd-14f12d4b30b4|rpc:10.1.0.26:39765|dataStream:|priority:0, 189e5a6c-5aeb-4ebf-ab25-1500da4b2a9e|rpc:10.1.0.26:43265|dataStream:|priority:1] returns group-872A699AD662:java.util.concurrent.CompletableFuture@32551a2c[Not completed]
2021-12-02 10:58:45,527 [pool-1252-thread-1] INFO  server.RaftServer$Division (RaftServerImpl.java:<init>(184)) - 189e5a6c-5aeb-4ebf-ab25-1500da4b2a9e: new RaftServerImpl for group-872A699AD662:[f82ce74c-d344-4424-8faf-57994d5deae6|rpc:10.1.0.26:34529|dataStream:|priority:0, aad1e884-dc0c-43f6-a9fd-14f12d4b30b4|rpc:10.1.0.26:39765|dataStream:|priority:0, 189e5a6c-5aeb-4ebf-ab25-1500da4b2a9e|rpc:10.1.0.26:43265|dataStream:|priority:1] with ContainerStateMachine:uninitialized
2021-12-02 10:58:45,527 [pool-1252-thread-1] INFO  server.RaftServerConfigKeys (ConfUtils.java:logGet(44)) - raft.server.rpc.timeout.min = 5s (custom)
2021-12-02 10:58:45,527 [pool-1252-thread-1] INFO  server.RaftServerConfigKeys (ConfUtils.java:logGet(44)) - raft.server.rpc.timeout.max = 5200ms (custom)
2021-12-02 10:58:45,527 [pool-1252-thread-1] INFO  server.RaftServerConfigKeys (ConfUtils.java:logGet(44)) - raft.server.rpc.sleep.time = 25ms (default)
2021-12-02 10:58:45,527 [pool-1252-thread-1] INFO  server.RaftServerConfigKeys (ConfUtils.java:logGet(44)) - raft.server.rpc.slowness.timeout = 300s (custom)
2021-12-02 10:58:45,527 [pool-1252-thread-1] INFO  server.RaftServerConfigKeys (ConfUtils.java:logGet(44)) - raft.server.leaderelection.leader.step-down.wait-time = 10s (default)
2021-12-02 10:58:45,527 [pool-1252-thread-1] INFO  server.RaftServerConfigKeys (ConfUtils.java:logGet(44)) - raft.server.sleep.deviation.threshold = 300ms (default)
2021-12-02 10:58:45,527 [pool-1252-thread-1] INFO  server.RaftServerConfigKeys (ConfUtils.java:logGet(44)) - raft.server.log.appender.install.snapshot.enabled = false (custom)
2021-12-02 10:58:45,527 [pool-1252-thread-1] INFO  server.RaftServer$Division (ServerState.java:<init>(105)) - 189e5a6c-5aeb-4ebf-ab25-1500da4b2a9e@group-872A699AD662: ConfigurationManager, init=-1: [f82ce74c-d344-4424-8faf-57994d5deae6|rpc:10.1.0.26:34529|dataStream:|priority:0, aad1e884-dc0c-43f6-a9fd-14f12d4b30b4|rpc:10.1.0.26:39765|dataStream:|priority:0, 189e5a6c-5aeb-4ebf-ab25-1500da4b2a9e|rpc:10.1.0.26:43265|dataStream:|priority:1], old=null, confs=<EMPTY_MAP>
2021-12-02 10:58:45,527 [pool-1252-thread-1] INFO  server.RaftServerConfigKeys (ConfUtils.java:logGet(44)) - raft.server.storage.dir = [/home/runner/work/ozone/ozone/hadoop-ozone/integration-test/target/test-dir/MiniOzoneClusterImpl-73dd4d89-5651-475a-8e12-7bad855f6dad/datanode-2/data/ratis] (custom)
2021-12-02 10:58:45,527 [pool-1252-thread-1] INFO  server.RaftServerConfigKeys (ConfUtils.java:logGet(44)) - raft.server.log.corruption.policy = EXCEPTION (default)
2021-12-02 10:58:45,527 [pool-1252-thread-1] INFO  server.RaftServerConfigKeys (ConfUtils.java:logGet(44)) - raft.server.storage.free-space.min = 0MB (=0) (default)
2021-12-02 10:58:45,527 [pool-1252-thread-1] INFO  storage.RaftStorageDirectory (RaftStorageDirectoryImpl.java:analyzeStorage(135)) - The storage directory /home/runner/work/ozone/ozone/hadoop-ozone/integration-test/target/test-dir/MiniOzoneClusterImpl-73dd4d89-5651-475a-8e12-7bad855f6dad/datanode-2/data/ratis/1784d707-18eb-46a2-a92b-872a699ad662 does not exist. Creating ...
2021-12-02 10:58:45,547 [pool-1252-thread-1] INFO  storage.RaftStorageDirectory (RaftStorageDirectoryImpl.java:tryLock(230)) - Lock on /home/runner/work/ozone/ozone/hadoop-ozone/integration-test/target/test-dir/MiniOzoneClusterImpl-73dd4d89-5651-475a-8e12-7bad855f6dad/datanode-2/data/ratis/1784d707-18eb-46a2-a92b-872a699ad662/in_use.lock acquired by nodename 25563@fv-az270-116
2021-12-02 10:58:45,551 [pool-1252-thread-1] INFO  storage.RaftStorage (RaftStorageImpl.java:format(89)) - Storage directory /home/runner/work/ozone/ozone/hadoop-ozone/integration-test/target/test-dir/MiniOzoneClusterImpl-73dd4d89-5651-475a-8e12-7bad855f6dad/datanode-2/data/ratis/1784d707-18eb-46a2-a92b-872a699ad662 has been successfully formatted.
2021-12-02 10:58:45,551 [pool-1252-thread-1] INFO  ratis.ContainerStateMachine (ContainerStateMachine.java:loadSnapshot(224)) - group-872A699AD662: The snapshot info is null. Setting the last applied indexto:(t:0, i:~)
2021-12-02 10:58:45,552 [pool-1252-thread-1] INFO  server.RaftServerConfigKeys (ConfUtils.java:logGet(44)) - raft.server.notification.no-leader.timeout = 300s (custom)
2021-12-02 10:58:45,552 [pool-1252-thread-1] INFO  server.RaftServerConfigKeys (ConfUtils.java:logGet(44)) - raft.server.log.use.memory = false (default)
2021-12-02 10:58:45,552 [pool-1252-thread-1] INFO  server.RaftServerConfigKeys (ConfUtils.java:logGet(44)) - raft.server.log.purge.gap = 1000000 (custom)
2021-12-02 10:58:45,552 [pool-1252-thread-1] INFO  server.RaftServerConfigKeys (ConfUtils.java:logGet(44)) - raft.server.log.appender.buffer.byte-limit = 33554432 (custom)
2021-12-02 10:58:45,552 [pool-1252-thread-1] INFO  server.RaftServerConfigKeys (ConfUtils.java:logGet(44)) - raft.server.log.segment.size.max = 1048576 (custom)
2021-12-02 10:58:45,553 [pool-1252-thread-1] INFO  server.RaftServerConfigKeys (ConfUtils.java:logGet(44)) - raft.server.log.segment.cache.num.max = 2 (custom)
2021-12-02 10:58:45,553 [pool-1252-thread-1] INFO  server.RaftServerConfigKeys (ConfUtils.java:logGet(44)) - raft.server.log.segment.cache.size.max = 200MB (=209715200) (default)
2021-12-02 10:58:45,553 [pool-1252-thread-1] INFO  segmented.SegmentedRaftLogWorker (SegmentedRaftLogWorker.java:<init>(182)) - new 189e5a6c-5aeb-4ebf-ab25-1500da4b2a9e@group-872A699AD662-SegmentedRaftLogWorker for RaftStorageImpl:Storage Directory /home/runner/work/ozone/ozone/hadoop-ozone/integration-test/target/test-dir/MiniOzoneClusterImpl-73dd4d89-5651-475a-8e12-7bad855f6dad/datanode-2/data/ratis/1784d707-18eb-46a2-a92b-872a699ad662
2021-12-02 10:58:45,553 [pool-1252-thread-1] INFO  server.RaftServerConfigKeys (ConfUtils.java:logGet(44)) - raft.server.log.queue.byte-limit = 2147483647 (custom)
2021-12-02 10:58:45,553 [pool-1252-thread-1] INFO  server.RaftServerConfigKeys (ConfUtils.java:logGet(44)) - raft.server.log.queue.element-limit = 1024 (custom)
2021-12-02 10:58:45,553 [pool-1252-thread-1] INFO  server.RaftServerConfigKeys (ConfUtils.java:logGet(44)) - raft.server.log.segment.size.max = 1048576 (custom)
2021-12-02 10:58:45,553 [pool-1252-thread-1] INFO  server.RaftServerConfigKeys (ConfUtils.java:logGet(44)) - raft.server.log.preallocated.size = 16384 (custom)
2021-12-02 10:58:45,553 [pool-1252-thread-1] INFO  server.RaftServerConfigKeys (ConfUtils.java:logGet(44)) - raft.server.log.force.sync.num = 128 (default)
2021-12-02 10:58:45,553 [pool-1252-thread-1] INFO  server.RaftServerConfigKeys (ConfUtils.java:logGet(44)) - raft.server.log.statemachine.data.sync = true (default)
2021-12-02 10:58:45,553 [pool-1252-thread-1] INFO  server.RaftServerConfigKeys (ConfUtils.java:logGet(44)) - raft.server.log.statemachine.data.sync.timeout = 10s (default)
2021-12-02 10:58:45,554 [pool-1252-thread-1] INFO  server.RaftServerConfigKeys (ConfUtils.java:logGet(44)) - raft.server.log.statemachine.data.sync.timeout.retry = -1 (default)
2021-12-02 10:58:45,568 [pool-1252-thread-1] INFO  server.RaftServerConfigKeys (ConfUtils.java:logGet(44)) - raft.server.log.write.buffer.size = 1048576 (custom)
2021-12-02 10:58:45,568 [pool-1252-thread-1] INFO  server.RaftServerConfigKeys (ConfUtils.java:logGet(44)) - raft.server.log.statemachine.data.caching.enabled = true (custom)
2021-12-02 10:58:45,568 [pool-1252-thread-1] INFO  segmented.SegmentedRaftLogWorker (SegmentedRaftLogWorker.java:lambda$new$0(133)) - 189e5a6c-5aeb-4ebf-ab25-1500da4b2a9e@group-872A699AD662-SegmentedRaftLogWorker: flushIndex: setUnconditionally 0 -> -1
2021-12-02 10:58:45,568 [pool-1252-thread-1] INFO  segmented.SegmentedRaftLogWorker (SegmentedRaftLogWorker.java:lambda$new$0(133)) - 189e5a6c-5aeb-4ebf-ab25-1500da4b2a9e@group-872A699AD662-SegmentedRaftLogWorker: safeCacheEvictIndex: setUnconditionally 0 -> -1
2021-12-02 10:58:45,594 [pool-1252-thread-1] INFO  server.RaftServerConfigKeys (ConfUtils.java:logGet(44)) - raft.server.snapshot.auto.trigger.enabled = true (custom)
2021-12-02 10:58:45,594 [pool-1252-thread-1] INFO  server.RaftServerConfigKeys (ConfUtils.java:logGet(44)) - raft.server.snapshot.auto.trigger.threshold = 10000 (custom)
2021-12-02 10:58:45,594 [pool-1252-thread-1] INFO  server.RaftServerConfigKeys (ConfUtils.java:logGet(44)) - raft.server.snapshot.retention.file.num = 5 (custom)
2021-12-02 10:58:45,594 [pool-1252-thread-1] INFO  server.RaftServerConfigKeys (ConfUtils.java:logGet(44)) - raft.server.log.purge.upto.snapshot.index = false (default)
2021-12-02 10:58:45,594 [pool-1252-thread-1] INFO  server.RaftServerConfigKeys (ConfUtils.java:logGet(44)) - raft.server.retrycache.expirytime = 600000ms (custom)
2021-12-02 10:58:45,594 [pool-1252-thread-1] INFO  server.RaftServerConfigKeys (ConfUtils.java:logGet(44)) - raft.server.retrycache.statistics.expirytime = 100μs (default)
2021-12-02 10:58:45,617 [pool-1252-thread-1] INFO  server.RaftServer$Division (RaftServerImpl.java:start(301)) - 189e5a6c-5aeb-4ebf-ab25-1500da4b2a9e@group-872A699AD662: start as a follower, conf=-1: [f82ce74c-d344-4424-8faf-57994d5deae6|rpc:10.1.0.26:34529|dataStream:|priority:0, aad1e884-dc0c-43f6-a9fd-14f12d4b30b4|rpc:10.1.0.26:39765|dataStream:|priority:0, 189e5a6c-5aeb-4ebf-ab25-1500da4b2a9e|rpc:10.1.0.26:43265|dataStream:|priority:1], old=null
2021-12-02 10:58:45,617 [pool-1252-thread-1] INFO  server.RaftServer$Division (RaftServerImpl.java:setRole(290)) - 189e5a6c-5aeb-4ebf-ab25-1500da4b2a9e@group-872A699AD662: changes role from      null to FOLLOWER at term 0 for startAsFollower
2021-12-02 10:58:45,639 [pool-1252-thread-1] INFO  impl.RoleInfo (RoleInfo.java:updateAndGet(130)) - 189e5a6c-5aeb-4ebf-ab25-1500da4b2a9e: start 189e5a6c-5aeb-4ebf-ab25-1500da4b2a9e@group-872A699AD662-FollowerState
2021-12-02 10:58:45,642 [EventQueue-OpenPipelineForHealthyPipelineSafeModeRule] INFO  safemode.SCMSafeModeManager (HealthyPipelineSafeModeRule.java:process(124)) - SCM in safe mode. Healthy pipelines reported count is 0, required healthy pipeline reported count is 1
2021-12-02 10:58:45,645 [pool-1252-thread-1] INFO  util.JmxRegister (JmxRegister.java:tryRegister(44)) - Successfully registered JMX Bean with object name Ratis:service=RaftServer,group=group-872A699AD662,id=189e5a6c-5aeb-4ebf-ab25-1500da4b2a9e
2021-12-02 10:58:45,715 [Listener at 127.0.0.1/45099] INFO  ozone.MiniOzoneClusterImpl (MiniOzoneClusterImpl.java:lambda$waitForClusterToBeReady$0(235)) - Nodes are ready. Got 3 of 3 DN Heartbeats.
2021-12-02 10:58:45,715 [Listener at 127.0.0.1/45099] INFO  ozone.MiniOzoneClusterImpl (MiniOzoneClusterImpl.java:lambda$waitForClusterToBeReady$0(238)) - Waiting for cluster to exit safe mode
2021-12-02 10:58:45,715 [Listener at 127.0.0.1/45099] INFO  ozone.MiniOzoneClusterImpl (MiniOzoneClusterImpl.java:lambda$waitForClusterToBeReady$0(240)) - SCM became leader
2021-12-02 10:58:45,759 [grpc-default-executor-3] INFO  server.RaftServer (RaftServerProxy.java:addNew(95)) - aad1e884-dc0c-43f6-a9fd-14f12d4b30b4: addNew group-872A699AD662:[f82ce74c-d344-4424-8faf-57994d5deae6|rpc:10.1.0.26:34529|dataStream:|priority:0, aad1e884-dc0c-43f6-a9fd-14f12d4b30b4|rpc:10.1.0.26:39765|dataStream:|priority:0, 189e5a6c-5aeb-4ebf-ab25-1500da4b2a9e|rpc:10.1.0.26:43265|dataStream:|priority:1] returns group-872A699AD662:java.util.concurrent.CompletableFuture@76d988e0[Not completed]
2021-12-02 10:58:45,760 [pool-1233-thread-1] INFO  server.RaftServer$Division (RaftServerImpl.java:<init>(184)) - aad1e884-dc0c-43f6-a9fd-14f12d4b30b4: new RaftServerImpl for group-872A699AD662:[f82ce74c-d344-4424-8faf-57994d5deae6|rpc:10.1.0.26:34529|dataStream:|priority:0, aad1e884-dc0c-43f6-a9fd-14f12d4b30b4|rpc:10.1.0.26:39765|dataStream:|priority:0, 189e5a6c-5aeb-4ebf-ab25-1500da4b2a9e|rpc:10.1.0.26:43265|dataStream:|priority:1] with ContainerStateMachine:uninitialized
2021-12-02 10:58:45,760 [pool-1233-thread-1] INFO  server.RaftServerConfigKeys (ConfUtils.java:logGet(44)) - raft.server.rpc.timeout.min = 5s (custom)
2021-12-02 10:58:45,760 [pool-1233-thread-1] INFO  server.RaftServerConfigKeys (ConfUtils.java:logGet(44)) - raft.server.rpc.timeout.max = 5200ms (custom)
2021-12-02 10:58:45,760 [pool-1233-thread-1] INFO  server.RaftServerConfigKeys (ConfUtils.java:logGet(44)) - raft.server.rpc.sleep.time = 25ms (default)
2021-12-02 10:58:45,760 [pool-1233-thread-1] INFO  server.RaftServerConfigKeys (ConfUtils.java:logGet(44)) - raft.server.rpc.slowness.timeout = 300s (custom)
2021-12-02 10:58:45,760 [pool-1233-thread-1] INFO  server.RaftServerConfigKeys (ConfUtils.java:logGet(44)) - raft.server.leaderelection.leader.step-down.wait-time = 10s (default)
2021-12-02 10:58:45,760 [pool-1233-thread-1] INFO  server.RaftServerConfigKeys (ConfUtils.java:logGet(44)) - raft.server.sleep.deviation.threshold = 300ms (default)
2021-12-02 10:58:45,760 [pool-1233-thread-1] INFO  server.RaftServerConfigKeys (ConfUtils.java:logGet(44)) - raft.server.log.appender.install.snapshot.enabled = false (custom)
2021-12-02 10:58:45,760 [pool-1233-thread-1] INFO  server.RaftServer$Division (ServerState.java:<init>(105)) - aad1e884-dc0c-43f6-a9fd-14f12d4b30b4@group-872A699AD662: ConfigurationManager, init=-1: [f82ce74c-d344-4424-8faf-57994d5deae6|rpc:10.1.0.26:34529|dataStream:|priority:0, aad1e884-dc0c-43f6-a9fd-14f12d4b30b4|rpc:10.1.0.26:39765|dataStream:|priority:0, 189e5a6c-5aeb-4ebf-ab25-1500da4b2a9e|rpc:10.1.0.26:43265|dataStream:|priority:1], old=null, confs=<EMPTY_MAP>
2021-12-02 10:58:45,760 [pool-1233-thread-1] INFO  server.RaftServerConfigKeys (ConfUtils.java:logGet(44)) - raft.server.storage.dir = [/home/runner/work/ozone/ozone/hadoop-ozone/integration-test/target/test-dir/MiniOzoneClusterImpl-73dd4d89-5651-475a-8e12-7bad855f6dad/datanode-1/data/ratis] (custom)
2021-12-02 10:58:45,760 [pool-1233-thread-1] INFO  server.RaftServerConfigKeys (ConfUtils.java:logGet(44)) - raft.server.log.corruption.policy = EXCEPTION (default)
2021-12-02 10:58:45,760 [pool-1233-thread-1] INFO  server.RaftServerConfigKeys (ConfUtils.java:logGet(44)) - raft.server.storage.free-space.min = 0MB (=0) (default)
2021-12-02 10:58:45,760 [pool-1233-thread-1] INFO  storage.RaftStorageDirectory (RaftStorageDirectoryImpl.java:analyzeStorage(135)) - The storage directory /home/runner/work/ozone/ozone/hadoop-ozone/integration-test/target/test-dir/MiniOzoneClusterImpl-73dd4d89-5651-475a-8e12-7bad855f6dad/datanode-1/data/ratis/1784d707-18eb-46a2-a92b-872a699ad662 does not exist. Creating ...
2021-12-02 10:58:45,764 [pool-1233-thread-1] INFO  storage.RaftStorageDirectory (RaftStorageDirectoryImpl.java:tryLock(230)) - Lock on /home/runner/work/ozone/ozone/hadoop-ozone/integration-test/target/test-dir/MiniOzoneClusterImpl-73dd4d89-5651-475a-8e12-7bad855f6dad/datanode-1/data/ratis/1784d707-18eb-46a2-a92b-872a699ad662/in_use.lock acquired by nodename 25563@fv-az270-116
2021-12-02 10:58:45,765 [pool-1233-thread-1] INFO  storage.RaftStorage (RaftStorageImpl.java:format(89)) - Storage directory /home/runner/work/ozone/ozone/hadoop-ozone/integration-test/target/test-dir/MiniOzoneClusterImpl-73dd4d89-5651-475a-8e12-7bad855f6dad/datanode-1/data/ratis/1784d707-18eb-46a2-a92b-872a699ad662 has been successfully formatted.
2021-12-02 10:58:45,765 [pool-1233-thread-1] INFO  ratis.ContainerStateMachine (ContainerStateMachine.java:loadSnapshot(224)) - group-872A699AD662: The snapshot info is null. Setting the last applied indexto:(t:0, i:~)
2021-12-02 10:58:45,765 [pool-1233-thread-1] INFO  server.RaftServerConfigKeys (ConfUtils.java:logGet(44)) - raft.server.notification.no-leader.timeout = 300s (custom)
2021-12-02 10:58:45,765 [pool-1233-thread-1] INFO  server.RaftServerConfigKeys (ConfUtils.java:logGet(44)) - raft.server.log.use.memory = false (default)
2021-12-02 10:58:45,765 [pool-1233-thread-1] INFO  server.RaftServerConfigKeys (ConfUtils.java:logGet(44)) - raft.server.log.purge.gap = 1000000 (custom)
2021-12-02 10:58:45,765 [pool-1233-thread-1] INFO  server.RaftServerConfigKeys (ConfUtils.java:logGet(44)) - raft.server.log.appender.buffer.byte-limit = 33554432 (custom)
2021-12-02 10:58:45,766 [pool-1233-thread-1] INFO  server.RaftServerConfigKeys (ConfUtils.java:logGet(44)) - raft.server.log.segment.size.max = 1048576 (custom)
2021-12-02 10:58:45,767 [pool-1233-thread-1] INFO  server.RaftServerConfigKeys (ConfUtils.java:logGet(44)) - raft.server.log.segment.cache.num.max = 2 (custom)
2021-12-02 10:58:45,767 [pool-1233-thread-1] INFO  server.RaftServerConfigKeys (ConfUtils.java:logGet(44)) - raft.server.log.segment.cache.size.max = 200MB (=209715200) (default)
2021-12-02 10:58:45,767 [pool-1233-thread-1] INFO  segmented.SegmentedRaftLogWorker (SegmentedRaftLogWorker.java:<init>(182)) - new aad1e884-dc0c-43f6-a9fd-14f12d4b30b4@group-872A699AD662-SegmentedRaftLogWorker for RaftStorageImpl:Storage Directory /home/runner/work/ozone/ozone/hadoop-ozone/integration-test/target/test-dir/MiniOzoneClusterImpl-73dd4d89-5651-475a-8e12-7bad855f6dad/datanode-1/data/ratis/1784d707-18eb-46a2-a92b-872a699ad662
2021-12-02 10:58:45,767 [pool-1233-thread-1] INFO  server.RaftServerConfigKeys (ConfUtils.java:logGet(44)) - raft.server.log.queue.byte-limit = 2147483647 (custom)
2021-12-02 10:58:45,767 [pool-1233-thread-1] INFO  server.RaftServerConfigKeys (ConfUtils.java:logGet(44)) - raft.server.log.queue.element-limit = 1024 (custom)
2021-12-02 10:58:45,767 [pool-1233-thread-1] INFO  server.RaftServerConfigKeys (ConfUtils.java:logGet(44)) - raft.server.log.segment.size.max = 1048576 (custom)
2021-12-02 10:58:45,767 [pool-1233-thread-1] INFO  server.RaftServerConfigKeys (ConfUtils.java:logGet(44)) - raft.server.log.preallocated.size = 16384 (custom)
2021-12-02 10:58:45,768 [pool-1233-thread-1] INFO  server.RaftServerConfigKeys (ConfUtils.java:logGet(44)) - raft.server.log.force.sync.num = 128 (default)
2021-12-02 10:58:45,768 [pool-1233-thread-1] INFO  server.RaftServerConfigKeys (ConfUtils.java:logGet(44)) - raft.server.log.statemachine.data.sync = true (default)
2021-12-02 10:58:45,768 [pool-1233-thread-1] INFO  server.RaftServerConfigKeys (ConfUtils.java:logGet(44)) - raft.server.log.statemachine.data.sync.timeout = 10s (default)
2021-12-02 10:58:45,768 [pool-1233-thread-1] INFO  server.RaftServerConfigKeys (ConfUtils.java:logGet(44)) - raft.server.log.statemachine.data.sync.timeout.retry = -1 (default)
2021-12-02 10:58:45,770 [pool-1233-thread-1] INFO  server.RaftServerConfigKeys (ConfUtils.java:logGet(44)) - raft.server.log.write.buffer.size = 1048576 (custom)
2021-12-02 10:58:45,771 [pool-1233-thread-1] INFO  server.RaftServerConfigKeys (ConfUtils.java:logGet(44)) - raft.server.log.statemachine.data.caching.enabled = true (custom)
2021-12-02 10:58:45,772 [pool-1233-thread-1] INFO  segmented.SegmentedRaftLogWorker (SegmentedRaftLogWorker.java:lambda$new$0(133)) - aad1e884-dc0c-43f6-a9fd-14f12d4b30b4@group-872A699AD662-SegmentedRaftLogWorker: flushIndex: setUnconditionally 0 -> -1
2021-12-02 10:58:45,779 [pool-1233-thread-1] INFO  segmented.SegmentedRaftLogWorker (SegmentedRaftLogWorker.java:lambda$new$0(133)) - aad1e884-dc0c-43f6-a9fd-14f12d4b30b4@group-872A699AD662-SegmentedRaftLogWorker: safeCacheEvictIndex: setUnconditionally 0 -> -1
2021-12-02 10:58:45,789 [EventQueue-OpenPipelineForHealthyPipelineSafeModeRule] INFO  safemode.SCMSafeModeManager (HealthyPipelineSafeModeRule.java:process(124)) - SCM in safe mode. Healthy pipelines reported count is 0, required healthy pipeline reported count is 1
2021-12-02 10:58:45,805 [pool-1233-thread-1] INFO  server.RaftServerConfigKeys (ConfUtils.java:logGet(44)) - raft.server.snapshot.auto.trigger.enabled = true (custom)
2021-12-02 10:58:45,805 [pool-1233-thread-1] INFO  server.RaftServerConfigKeys (ConfUtils.java:logGet(44)) - raft.server.snapshot.auto.trigger.threshold = 10000 (custom)
2021-12-02 10:58:45,805 [pool-1233-thread-1] INFO  server.RaftServerConfigKeys (ConfUtils.java:logGet(44)) - raft.server.snapshot.retention.file.num = 5 (custom)
2021-12-02 10:58:45,805 [pool-1233-thread-1] INFO  server.RaftServerConfigKeys (ConfUtils.java:logGet(44)) - raft.server.log.purge.upto.snapshot.index = false (default)
2021-12-02 10:58:45,806 [pool-1233-thread-1] INFO  server.RaftServerConfigKeys (ConfUtils.java:logGet(44)) - raft.server.retrycache.expirytime = 600000ms (custom)
2021-12-02 10:58:45,806 [pool-1233-thread-1] INFO  server.RaftServerConfigKeys (ConfUtils.java:logGet(44)) - raft.server.retrycache.statistics.expirytime = 100μs (default)
2021-12-02 10:58:45,808 [pool-1233-thread-1] INFO  server.RaftServer$Division (RaftServerImpl.java:start(301)) - aad1e884-dc0c-43f6-a9fd-14f12d4b30b4@group-872A699AD662: start as a follower, conf=-1: [f82ce74c-d344-4424-8faf-57994d5deae6|rpc:10.1.0.26:34529|dataStream:|priority:0, aad1e884-dc0c-43f6-a9fd-14f12d4b30b4|rpc:10.1.0.26:39765|dataStream:|priority:0, 189e5a6c-5aeb-4ebf-ab25-1500da4b2a9e|rpc:10.1.0.26:43265|dataStream:|priority:1], old=null
2021-12-02 10:58:45,815 [pool-1233-thread-1] INFO  server.RaftServer$Division (RaftServerImpl.java:setRole(290)) - aad1e884-dc0c-43f6-a9fd-14f12d4b30b4@group-872A699AD662: changes role from      null to FOLLOWER at term 0 for startAsFollower
2021-12-02 10:58:45,815 [pool-1233-thread-1] INFO  impl.RoleInfo (RoleInfo.java:updateAndGet(130)) - aad1e884-dc0c-43f6-a9fd-14f12d4b30b4: start aad1e884-dc0c-43f6-a9fd-14f12d4b30b4@group-872A699AD662-FollowerState
2021-12-02 10:58:45,851 [pool-1233-thread-1] INFO  util.JmxRegister (JmxRegister.java:tryRegister(44)) - Successfully registered JMX Bean with object name Ratis:service=RaftServer,group=group-872A699AD662,id=aad1e884-dc0c-43f6-a9fd-14f12d4b30b4
2021-12-02 10:58:45,872 [Command processor thread] INFO  commandhandler.CreatePipelineCommandHandler (CreatePipelineCommandHandler.java:handle(106)) - Created Pipeline RATIS THREE PipelineID=1784d707-18eb-46a2-a92b-872a699ad662.
2021-12-02 10:58:45,886 [Command processor thread] INFO  commandhandler.FinalizeNewLayoutVersionCommandHandler (FinalizeNewLayoutVersionCommandHandler.java:handle(64)) - Processing FinalizeNewLayoutVersionCommandHandler command.
2021-12-02 10:58:45,886 [Command processor thread] INFO  server.RaftServer (RaftServerProxy.java:addNew(95)) - 189e5a6c-5aeb-4ebf-ab25-1500da4b2a9e: addNew group-C1B0949CCB96:[189e5a6c-5aeb-4ebf-ab25-1500da4b2a9e|rpc:10.1.0.26:43265|priority:1] returns group-C1B0949CCB96:java.util.concurrent.CompletableFuture@719a096[Not completed]
2021-12-02 10:58:45,886 [pool-1252-thread-1] INFO  server.RaftServer$Division (RaftServerImpl.java:<init>(184)) - 189e5a6c-5aeb-4ebf-ab25-1500da4b2a9e: new RaftServerImpl for group-C1B0949CCB96:[189e5a6c-5aeb-4ebf-ab25-1500da4b2a9e|rpc:10.1.0.26:43265|priority:1] with ContainerStateMachine:uninitialized
2021-12-02 10:58:45,887 [pool-1252-thread-1] INFO  server.RaftServerConfigKeys (ConfUtils.java:logGet(44)) - raft.server.rpc.timeout.min = 5s (custom)
2021-12-02 10:58:45,887 [pool-1252-thread-1] INFO  server.RaftServerConfigKeys (ConfUtils.java:logGet(44)) - raft.server.rpc.timeout.max = 5200ms (custom)
2021-12-02 10:58:45,887 [pool-1252-thread-1] INFO  server.RaftServerConfigKeys (ConfUtils.java:logGet(44)) - raft.server.rpc.sleep.time = 25ms (default)
2021-12-02 10:58:45,887 [pool-1252-thread-1] INFO  server.RaftServerConfigKeys (ConfUtils.java:logGet(44)) - raft.server.rpc.slowness.timeout = 300s (custom)
2021-12-02 10:58:45,887 [pool-1252-thread-1] INFO  server.RaftServerConfigKeys (ConfUtils.java:logGet(44)) - raft.server.leaderelection.leader.step-down.wait-time = 10s (default)
2021-12-02 10:58:45,887 [pool-1252-thread-1] INFO  server.RaftServerConfigKeys (ConfUtils.java:logGet(44)) - raft.server.sleep.deviation.threshold = 300ms (default)
2021-12-02 10:58:45,887 [pool-1252-thread-1] INFO  server.RaftServerConfigKeys (ConfUtils.java:logGet(44)) - raft.server.log.appender.install.snapshot.enabled = false (custom)
2021-12-02 10:58:45,887 [pool-1252-thread-1] INFO  server.RaftServer$Division (ServerState.java:<init>(105)) - 189e5a6c-5aeb-4ebf-ab25-1500da4b2a9e@group-C1B0949CCB96: ConfigurationManager, init=-1: [189e5a6c-5aeb-4ebf-ab25-1500da4b2a9e|rpc:10.1.0.26:43265|priority:1], old=null, confs=<EMPTY_MAP>
2021-12-02 10:58:45,887 [pool-1252-thread-1] INFO  server.RaftServerConfigKeys (ConfUtils.java:logGet(44)) - raft.server.storage.dir = [/home/runner/work/ozone/ozone/hadoop-ozone/integration-test/target/test-dir/MiniOzoneClusterImpl-73dd4d89-5651-475a-8e12-7bad855f6dad/datanode-2/data/ratis] (custom)
2021-12-02 10:58:45,887 [pool-1252-thread-1] INFO  server.RaftServerConfigKeys (ConfUtils.java:logGet(44)) - raft.server.log.corruption.policy = EXCEPTION (default)
2021-12-02 10:58:45,887 [pool-1252-thread-1] INFO  server.RaftServerConfigKeys (ConfUtils.java:logGet(44)) - raft.server.storage.free-space.min = 0MB (=0) (default)
2021-12-02 10:58:45,887 [pool-1252-thread-1] INFO  storage.RaftStorageDirectory (RaftStorageDirectoryImpl.java:analyzeStorage(135)) - The storage directory /home/runner/work/ozone/ozone/hadoop-ozone/integration-test/target/test-dir/MiniOzoneClusterImpl-73dd4d89-5651-475a-8e12-7bad855f6dad/datanode-2/data/ratis/cf7db236-bb1d-4afc-8b19-c1b0949ccb96 does not exist. Creating ...
2021-12-02 10:58:45,888 [pool-1252-thread-1] INFO  storage.RaftStorageDirectory (RaftStorageDirectoryImpl.java:tryLock(230)) - Lock on /home/runner/work/ozone/ozone/hadoop-ozone/integration-test/target/test-dir/MiniOzoneClusterImpl-73dd4d89-5651-475a-8e12-7bad855f6dad/datanode-2/data/ratis/cf7db236-bb1d-4afc-8b19-c1b0949ccb96/in_use.lock acquired by nodename 25563@fv-az270-116
2021-12-02 10:58:45,904 [pool-1252-thread-1] INFO  storage.RaftStorage (RaftStorageImpl.java:format(89)) - Storage directory /home/runner/work/ozone/ozone/hadoop-ozone/integration-test/target/test-dir/MiniOzoneClusterImpl-73dd4d89-5651-475a-8e12-7bad855f6dad/datanode-2/data/ratis/cf7db236-bb1d-4afc-8b19-c1b0949ccb96 has been successfully formatted.
2021-12-02 10:58:45,904 [pool-1252-thread-1] INFO  ratis.ContainerStateMachine (ContainerStateMachine.java:loadSnapshot(224)) - group-C1B0949CCB96: The snapshot info is null. Setting the last applied indexto:(t:0, i:~)
2021-12-02 10:58:45,905 [pool-1252-thread-1] INFO  server.RaftServerConfigKeys (ConfUtils.java:logGet(44)) - raft.server.notification.no-leader.timeout = 300s (custom)
2021-12-02 10:58:45,905 [pool-1252-thread-1] INFO  server.RaftServerConfigKeys (ConfUtils.java:logGet(44)) - raft.server.log.use.memory = false (default)
2021-12-02 10:58:45,905 [pool-1252-thread-1] INFO  server.RaftServerConfigKeys (ConfUtils.java:logGet(44)) - raft.server.log.purge.gap = 1000000 (custom)
2021-12-02 10:58:45,905 [pool-1252-thread-1] INFO  server.RaftServerConfigKeys (ConfUtils.java:logGet(44)) - raft.server.log.appender.buffer.byte-limit = 33554432 (custom)
2021-12-02 10:58:45,905 [pool-1252-thread-1] INFO  server.RaftServerConfigKeys (ConfUtils.java:logGet(44)) - raft.server.log.segment.size.max = 1048576 (custom)
2021-12-02 10:58:45,906 [pool-1252-thread-1] INFO  server.RaftServerConfigKeys (ConfUtils.java:logGet(44)) - raft.server.log.segment.cache.num.max = 2 (custom)
2021-12-02 10:58:45,913 [pool-1252-thread-1] INFO  server.RaftServerConfigKeys (ConfUtils.java:logGet(44)) - raft.server.log.segment.cache.size.max = 200MB (=209715200) (default)
2021-12-02 10:58:45,915 [pool-1252-thread-1] INFO  segmented.SegmentedRaftLogWorker (SegmentedRaftLogWorker.java:<init>(182)) - new 189e5a6c-5aeb-4ebf-ab25-1500da4b2a9e@group-C1B0949CCB96-SegmentedRaftLogWorker for RaftStorageImpl:Storage Directory /home/runner/work/ozone/ozone/hadoop-ozone/integration-test/target/test-dir/MiniOzoneClusterImpl-73dd4d89-5651-475a-8e12-7bad855f6dad/datanode-2/data/ratis/cf7db236-bb1d-4afc-8b19-c1b0949ccb96
2021-12-02 10:58:45,912 [EventQueue-PipelineReportForPipelineReportHandler] INFO  pipeline.PipelineManagerImpl (PipelineManagerImpl.java:openPipeline(289)) - Pipeline Pipeline[ Id: cf7db236-bb1d-4afc-8b19-c1b0949ccb96, Nodes: 189e5a6c-5aeb-4ebf-ab25-1500da4b2a9e{ip: 10.1.0.26, host: fv-az270-116.tacnzluakwdehk1hpragurqkma.bx.internal.cloudapp.net, ports: [REPLICATION=44643, RATIS=43265, RATIS_ADMIN=43265, RATIS_SERVER=43265, STANDALONE=35931], networkLocation: /default-rack, certSerialId: null, persistedOpState: IN_SERVICE, persistedOpStateExpiryEpochSec: 0}, ReplicationConfig: RATIS/ONE, State:ALLOCATED, leaderId:189e5a6c-5aeb-4ebf-ab25-1500da4b2a9e, CreationTimestamp2021-12-02T10:58:45.120Z[Etc/UTC]] moved to OPEN state
2021-12-02 10:58:45,915 [pool-1252-thread-1] INFO  server.RaftServerConfigKeys (ConfUtils.java:logGet(44)) - raft.server.log.queue.byte-limit = 2147483647 (custom)
2021-12-02 10:58:45,923 [pool-1252-thread-1] INFO  server.RaftServerConfigKeys (ConfUtils.java:logGet(44)) - raft.server.log.queue.element-limit = 1024 (custom)
2021-12-02 10:58:45,924 [pool-1252-thread-1] INFO  server.RaftServerConfigKeys (ConfUtils.java:logGet(44)) - raft.server.log.segment.size.max = 1048576 (custom)
2021-12-02 10:58:45,924 [pool-1252-thread-1] INFO  server.RaftServerConfigKeys (ConfUtils.java:logGet(44)) - raft.server.log.preallocated.size = 16384 (custom)
2021-12-02 10:58:45,924 [pool-1252-thread-1] INFO  server.RaftServerConfigKeys (ConfUtils.java:logGet(44)) - raft.server.log.force.sync.num = 128 (default)
2021-12-02 10:58:45,924 [pool-1252-thread-1] INFO  server.RaftServerConfigKeys (ConfUtils.java:logGet(44)) - raft.server.log.statemachine.data.sync = true (default)
2021-12-02 10:58:45,924 [pool-1252-thread-1] INFO  server.RaftServerConfigKeys (ConfUtils.java:logGet(44)) - raft.server.log.statemachine.data.sync.timeout = 10s (default)
2021-12-02 10:58:45,924 [pool-1252-thread-1] INFO  server.RaftServerConfigKeys (ConfUtils.java:logGet(44)) - raft.server.log.statemachine.data.sync.timeout.retry = -1 (default)
2021-12-02 10:58:45,926 [pool-1252-thread-1] INFO  server.RaftServerConfigKeys (ConfUtils.java:logGet(44)) - raft.server.log.write.buffer.size = 1048576 (custom)
2021-12-02 10:58:45,935 [pool-1252-thread-1] INFO  server.RaftServerConfigKeys (ConfUtils.java:logGet(44)) - raft.server.log.statemachine.data.caching.enabled = true (custom)
2021-12-02 10:58:45,935 [pool-1252-thread-1] INFO  segmented.SegmentedRaftLogWorker (SegmentedRaftLogWorker.java:lambda$new$0(133)) - 189e5a6c-5aeb-4ebf-ab25-1500da4b2a9e@group-C1B0949CCB96-SegmentedRaftLogWorker: flushIndex: setUnconditionally 0 -> -1
2021-12-02 10:58:45,936 [pool-1252-thread-1] INFO  segmented.SegmentedRaftLogWorker (SegmentedRaftLogWorker.java:lambda$new$0(133)) - 189e5a6c-5aeb-4ebf-ab25-1500da4b2a9e@group-C1B0949CCB96-SegmentedRaftLogWorker: safeCacheEvictIndex: setUnconditionally 0 -> -1
2021-12-02 10:58:45,938 [pool-1252-thread-1] INFO  server.RaftServerConfigKeys (ConfUtils.java:logGet(44)) - raft.server.snapshot.auto.trigger.enabled = true (custom)
2021-12-02 10:58:45,938 [pool-1252-thread-1] INFO  server.RaftServerConfigKeys (ConfUtils.java:logGet(44)) - raft.server.snapshot.auto.trigger.threshold = 10000 (custom)
2021-12-02 10:58:45,938 [pool-1252-thread-1] INFO  server.RaftServerConfigKeys (ConfUtils.java:logGet(44)) - raft.server.snapshot.retention.file.num = 5 (custom)
2021-12-02 10:58:45,938 [pool-1252-thread-1] INFO  server.RaftServerConfigKeys (ConfUtils.java:logGet(44)) - raft.server.log.purge.upto.snapshot.index = false (default)
2021-12-02 10:58:45,938 [pool-1252-thread-1] INFO  server.RaftServerConfigKeys (ConfUtils.java:logGet(44)) - raft.server.retrycache.expirytime = 600000ms (custom)
2021-12-02 10:58:45,938 [pool-1252-thread-1] INFO  server.RaftServerConfigKeys (ConfUtils.java:logGet(44)) - raft.server.retrycache.statistics.expirytime = 100μs (default)
2021-12-02 10:58:45,941 [pool-1252-thread-1] INFO  server.RaftServer$Division (RaftServerImpl.java:start(301)) - 189e5a6c-5aeb-4ebf-ab25-1500da4b2a9e@group-C1B0949CCB96: start as a follower, conf=-1: [189e5a6c-5aeb-4ebf-ab25-1500da4b2a9e|rpc:10.1.0.26:43265|priority:1], old=null
2021-12-02 10:58:45,951 [pool-1252-thread-1] INFO  server.RaftServer$Division (RaftServerImpl.java:setRole(290)) - 189e5a6c-5aeb-4ebf-ab25-1500da4b2a9e@group-C1B0949CCB96: changes role from      null to FOLLOWER at term 0 for startAsFollower
2021-12-02 10:58:45,951 [pool-1252-thread-1] INFO  impl.RoleInfo (RoleInfo.java:updateAndGet(130)) - 189e5a6c-5aeb-4ebf-ab25-1500da4b2a9e: start 189e5a6c-5aeb-4ebf-ab25-1500da4b2a9e@group-C1B0949CCB96-FollowerState
2021-12-02 10:58:45,962 [pool-1252-thread-1] INFO  util.JmxRegister (JmxRegister.java:tryRegister(44)) - Successfully registered JMX Bean with object name Ratis:service=RaftServer,group=group-C1B0949CCB96,id=189e5a6c-5aeb-4ebf-ab25-1500da4b2a9e
2021-12-02 10:58:45,987 [Command processor thread] INFO  ratis.XceiverServerRatis (XceiverServerRatis.java:addGroup(768)) - Created group PipelineID=cf7db236-bb1d-4afc-8b19-c1b0949ccb96
2021-12-02 10:58:45,987 [Command processor thread] INFO  commandhandler.CreatePipelineCommandHandler (CreatePipelineCommandHandler.java:handle(106)) - Created Pipeline RATIS ONE PipelineID=cf7db236-bb1d-4afc-8b19-c1b0949ccb96.
2021-12-02 10:58:46,715 [Listener at 127.0.0.1/45099] INFO  ozone.MiniOzoneClusterImpl (MiniOzoneClusterImpl.java:lambda$waitForClusterToBeReady$0(235)) - Nodes are ready. Got 3 of 3 DN Heartbeats.
2021-12-02 10:58:46,716 [Listener at 127.0.0.1/45099] INFO  ozone.MiniOzoneClusterImpl (MiniOzoneClusterImpl.java:lambda$waitForClusterToBeReady$0(238)) - Waiting for cluster to exit safe mode
2021-12-02 10:58:46,716 [Listener at 127.0.0.1/45099] INFO  ozone.MiniOzoneClusterImpl (MiniOzoneClusterImpl.java:lambda$waitForClusterToBeReady$0(240)) - SCM became leader
2021-12-02 10:58:46,760 [EventQueue-OpenPipelineForHealthyPipelineSafeModeRule] INFO  safemode.SCMSafeModeManager (HealthyPipelineSafeModeRule.java:process(124)) - SCM in safe mode. Healthy pipelines reported count is 0, required healthy pipeline reported count is 1
2021-12-02 10:58:46,950 [Time-limited test] INFO  upgrade.UpgradeFinalizer (SCMUpgradeFinalizer.java:postFinalizeUpgrade(115)) - Waiting for at least one open pipeline after SCM finalization.
2021-12-02 10:58:47,298 [EventQueue-OpenPipelineForHealthyPipelineSafeModeRule] INFO  safemode.SCMSafeModeManager (HealthyPipelineSafeModeRule.java:process(124)) - SCM in safe mode. Healthy pipelines reported count is 0, required healthy pipeline reported count is 1
2021-12-02 10:58:47,645 [EventQueue-OpenPipelineForHealthyPipelineSafeModeRule] INFO  safemode.SCMSafeModeManager (HealthyPipelineSafeModeRule.java:process(124)) - SCM in safe mode. Healthy pipelines reported count is 0, required healthy pipeline reported count is 1
2021-12-02 10:58:47,689 [9930b808-53d6-4b45-9b20-3dd522ef5570@group-3421D7A643D7-FollowerState] INFO  impl.FollowerState (FollowerState.java:run(134)) - 9930b808-53d6-4b45-9b20-3dd522ef5570@group-3421D7A643D7-FollowerState: change to CANDIDATE, lastRpcElapsedTime:8459675685ns, electionTimeout:5087ms
2021-12-02 10:58:47,689 [9930b808-53d6-4b45-9b20-3dd522ef5570@group-3421D7A643D7-FollowerState] INFO  impl.RoleInfo (RoleInfo.java:shutdownFollowerState(108)) - 9930b808-53d6-4b45-9b20-3dd522ef5570: shutdown 9930b808-53d6-4b45-9b20-3dd522ef5570@group-3421D7A643D7-FollowerState
2021-12-02 10:58:47,689 [9930b808-53d6-4b45-9b20-3dd522ef5570@group-3421D7A643D7-FollowerState] INFO  server.RaftServer$Division (RaftServerImpl.java:setRole(290)) - 9930b808-53d6-4b45-9b20-3dd522ef5570@group-3421D7A643D7: changes role from  FOLLOWER to CANDIDATE at term 1 for changeToCandidate
2021-12-02 10:58:47,690 [9930b808-53d6-4b45-9b20-3dd522ef5570@group-3421D7A643D7-FollowerState] INFO  server.RaftServerConfigKeys (ConfUtils.java:logGet(44)) - raft.server.leaderelection.pre-vote = false (custom)
2021-12-02 10:58:47,690 [9930b808-53d6-4b45-9b20-3dd522ef5570@group-3421D7A643D7-FollowerState] INFO  impl.RoleInfo (RoleInfo.java:updateAndGet(130)) - 9930b808-53d6-4b45-9b20-3dd522ef5570: start 9930b808-53d6-4b45-9b20-3dd522ef5570@group-3421D7A643D7-LeaderElection138
2021-12-02 10:58:47,707 [9930b808-53d6-4b45-9b20-3dd522ef5570@group-3421D7A643D7-LeaderElection138] INFO  server.RaftServer$Division (ServerState.java:setLeader(285)) - 9930b808-53d6-4b45-9b20-3dd522ef5570@group-3421D7A643D7: change Leader from 104de6ae-9f63-4a3f-bab6-9eab191f32ee to null at term 1 for ELECTION
2021-12-02 10:58:47,716 [Listener at 127.0.0.1/45099] INFO  ozone.MiniOzoneClusterImpl (MiniOzoneClusterImpl.java:lambda$waitForClusterToBeReady$0(235)) - Nodes are ready. Got 3 of 3 DN Heartbeats.
2021-12-02 10:58:47,716 [Listener at 127.0.0.1/45099] INFO  ozone.MiniOzoneClusterImpl (MiniOzoneClusterImpl.java:lambda$waitForClusterToBeReady$0(238)) - Waiting for cluster to exit safe mode
2021-12-02 10:58:47,716 [Listener at 127.0.0.1/45099] INFO  ozone.MiniOzoneClusterImpl (MiniOzoneClusterImpl.java:lambda$waitForClusterToBeReady$0(240)) - SCM became leader
2021-12-02 10:58:47,718 [9930b808-53d6-4b45-9b20-3dd522ef5570@group-3421D7A643D7-LeaderElection138] INFO  impl.LeaderElection (LeaderElection.java:askForVotes(306)) - 9930b808-53d6-4b45-9b20-3dd522ef5570@group-3421D7A643D7-LeaderElection138 ELECTION round 0: submit vote requests at term 2 for 0: [104de6ae-9f63-4a3f-bab6-9eab191f32ee|rpc:10.1.0.26:33305|dataStream:|priority:1, 42cc9dc4-4956-44b4-a04c-9f52d71fbbd0|rpc:10.1.0.26:37427|dataStream:|priority:0, 9930b808-53d6-4b45-9b20-3dd522ef5570|rpc:10.1.0.26:46243|dataStream:|priority:0], old=null
2021-12-02 10:58:47,754 [9930b808-53d6-4b45-9b20-3dd522ef5570@group-3421D7A643D7-LeaderElection138] INFO  impl.LeaderElection (LogUtils.java:infoOrTrace(137)) - 9930b808-53d6-4b45-9b20-3dd522ef5570@group-3421D7A643D7-LeaderElection138 got exception when requesting votes: java.util.concurrent.ExecutionException: org.apache.ratis.thirdparty.io.grpc.StatusRuntimeException: UNAVAILABLE: io exception
2021-12-02 10:58:47,776 [9930b808-53d6-4b45-9b20-3dd522ef5570@group-3421D7A643D7-LeaderElection138] INFO  impl.LeaderElection (LogUtils.java:infoOrTrace(137)) - 9930b808-53d6-4b45-9b20-3dd522ef5570@group-3421D7A643D7-LeaderElection138 got exception when requesting votes: java.util.concurrent.ExecutionException: org.apache.ratis.thirdparty.io.grpc.StatusRuntimeException: UNAVAILABLE: io exception
2021-12-02 10:58:47,776 [9930b808-53d6-4b45-9b20-3dd522ef5570@group-3421D7A643D7-LeaderElection138] INFO  impl.LeaderElection (LeaderElection.java:logAndReturn(89)) - 9930b808-53d6-4b45-9b20-3dd522ef5570@group-3421D7A643D7-LeaderElection138: ELECTION REJECTED received 0 response(s) and 2 exception(s):
2021-12-02 10:58:47,776 [9930b808-53d6-4b45-9b20-3dd522ef5570@group-3421D7A643D7-LeaderElection138] INFO  impl.LeaderElection (LogUtils.java:infoOrTrace(137)) -   Exception 0: java.util.concurrent.ExecutionException: org.apache.ratis.thirdparty.io.grpc.StatusRuntimeException: UNAVAILABLE: io exception
2021-12-02 10:58:47,776 [9930b808-53d6-4b45-9b20-3dd522ef5570@group-3421D7A643D7-LeaderElection138] INFO  impl.LeaderElection (LogUtils.java:infoOrTrace(137)) -   Exception 1: java.util.concurrent.ExecutionException: org.apache.ratis.thirdparty.io.grpc.StatusRuntimeException: UNAVAILABLE: io exception
2021-12-02 10:58:47,776 [9930b808-53d6-4b45-9b20-3dd522ef5570@group-3421D7A643D7-LeaderElection138] INFO  impl.LeaderElection (LeaderElection.java:askForVotes(308)) - 9930b808-53d6-4b45-9b20-3dd522ef5570@group-3421D7A643D7-LeaderElection138 ELECTION round 0: result REJECTED
2021-12-02 10:58:47,777 [9930b808-53d6-4b45-9b20-3dd522ef5570@group-3421D7A643D7-LeaderElection138] INFO  server.RaftServer$Division (RaftServerImpl.java:setRole(290)) - 9930b808-53d6-4b45-9b20-3dd522ef5570@group-3421D7A643D7: changes role from CANDIDATE to FOLLOWER at term 2 for REJECTED
2021-12-02 10:58:47,777 [9930b808-53d6-4b45-9b20-3dd522ef5570@group-3421D7A643D7-LeaderElection138] INFO  impl.RoleInfo (RoleInfo.java:shutdownLeaderElection(121)) - 9930b808-53d6-4b45-9b20-3dd522ef5570: shutdown 9930b808-53d6-4b45-9b20-3dd522ef5570@group-3421D7A643D7-LeaderElection138
2021-12-02 10:58:47,777 [9930b808-53d6-4b45-9b20-3dd522ef5570@group-3421D7A643D7-LeaderElection138] INFO  impl.RoleInfo (RoleInfo.java:updateAndGet(130)) - 9930b808-53d6-4b45-9b20-3dd522ef5570: start 9930b808-53d6-4b45-9b20-3dd522ef5570@group-3421D7A643D7-FollowerState
2021-12-02 10:58:48,261 [EventQueue-OpenPipelineForHealthyPipelineSafeModeRule] INFO  safemode.SCMSafeModeManager (HealthyPipelineSafeModeRule.java:process(124)) - SCM in safe mode. Healthy pipelines reported count is 0, required healthy pipeline reported count is 1
2021-12-02 10:58:48,332 [EventQueue-OpenPipelineForHealthyPipelineSafeModeRule] INFO  safemode.SCMSafeModeManager (HealthyPipelineSafeModeRule.java:process(124)) - SCM in safe mode. Healthy pipelines reported count is 0, required healthy pipeline reported count is 1
2021-12-02 10:58:48,641 [EventQueue-OpenPipelineForHealthyPipelineSafeModeRule] INFO  safemode.SCMSafeModeManager (HealthyPipelineSafeModeRule.java:process(124)) - SCM in safe mode. Healthy pipelines reported count is 0, required healthy pipeline reported count is 1
2021-12-02 10:58:48,718 [Listener at 127.0.0.1/45099] INFO  ozone.MiniOzoneClusterImpl (MiniOzoneClusterImpl.java:lambda$waitForClusterToBeReady$0(235)) - Nodes are ready. Got 3 of 3 DN Heartbeats.
2021-12-02 10:58:48,718 [Listener at 127.0.0.1/45099] INFO  ozone.MiniOzoneClusterImpl (MiniOzoneClusterImpl.java:lambda$waitForClusterToBeReady$0(238)) - Waiting for cluster to exit safe mode
2021-12-02 10:58:48,718 [Listener at 127.0.0.1/45099] INFO  ozone.MiniOzoneClusterImpl (MiniOzoneClusterImpl.java:lambda$waitForClusterToBeReady$0(240)) - SCM became leader
2021-12-02 10:58:49,246 [Mini-Cluster-Provider-Reap] INFO  ozoneimpl.OzoneContainer (OzoneContainer.java:stop(325)) - Attempting to stop container services.
2021-12-02 10:58:49,251 [Mini-Cluster-Provider-Reap] INFO  server.RaftServer (RaftServerProxy.java:lambda$close$6(391)) - 9930b808-53d6-4b45-9b20-3dd522ef5570: close
2021-12-02 10:58:49,255 [Mini-Cluster-Provider-Reap] INFO  server.RaftServer$Division (RaftServerImpl.java:lambda$close$4(412)) - 9930b808-53d6-4b45-9b20-3dd522ef5570@group-629565143915: shutdown
2021-12-02 10:58:49,256 [Mini-Cluster-Provider-Reap] INFO  util.JmxRegister (JmxRegister.java:unregister(73)) - Successfully un-registered JMX Bean with object name Ratis:service=RaftServer,group=group-629565143915,id=9930b808-53d6-4b45-9b20-3dd522ef5570
2021-12-02 10:58:49,256 [Mini-Cluster-Provider-Reap] INFO  impl.RoleInfo (RoleInfo.java:shutdownLeaderState(91)) - 9930b808-53d6-4b45-9b20-3dd522ef5570: shutdown 9930b808-53d6-4b45-9b20-3dd522ef5570@group-629565143915-LeaderStateImpl
2021-12-02 10:58:49,256 [Mini-Cluster-Provider-Reap] INFO  impl.PendingRequests (PendingRequests.java:sendNotLeaderResponses(282)) - 9930b808-53d6-4b45-9b20-3dd522ef5570@group-629565143915-PendingRequests: sendNotLeaderResponses
2021-12-02 10:58:49,257 [Mini-Cluster-Provider-Reap] INFO  impl.StateMachineUpdater (StateMachineUpdater.java:stopAndJoin(149)) - 9930b808-53d6-4b45-9b20-3dd522ef5570@group-629565143915-StateMachineUpdater: set stopIndex = 0
2021-12-02 10:58:49,258 [9930b808-53d6-4b45-9b20-3dd522ef5570@group-629565143915-StateMachineUpdater] INFO  ratis.ContainerStateMachine (ContainerStateMachine.java:takeSnapshot(292)) - group-629565143915: Taking a snapshot at:(t:1, i:0) file /home/runner/work/ozone/ozone/hadoop-ozone/integration-test/target/test-dir/MiniOzoneClusterImpl-0f1daa9f-dfc3-45b0-9271-6b7296f45125/datanode-2/data/ratis/31401fa0-d441-4a9f-8b23-629565143915/sm/snapshot.1_0
2021-12-02 10:58:49,259 [9930b808-53d6-4b45-9b20-3dd522ef5570@group-629565143915-StateMachineUpdater] INFO  ratis.ContainerStateMachine (ContainerStateMachine.java:takeSnapshot(303)) - group-629565143915: Finished taking a snapshot at:(t:1, i:0) file:/home/runner/work/ozone/ozone/hadoop-ozone/integration-test/target/test-dir/MiniOzoneClusterImpl-0f1daa9f-dfc3-45b0-9271-6b7296f45125/datanode-2/data/ratis/31401fa0-d441-4a9f-8b23-629565143915/sm/snapshot.1_0 took: 1 ms
2021-12-02 10:58:49,259 [9930b808-53d6-4b45-9b20-3dd522ef5570@group-629565143915-StateMachineUpdater] INFO  impl.StateMachineUpdater (StateMachineUpdater.java:takeSnapshot(281)) - 9930b808-53d6-4b45-9b20-3dd522ef5570@group-629565143915-StateMachineUpdater: Took a snapshot at index 0
2021-12-02 10:58:49,259 [9930b808-53d6-4b45-9b20-3dd522ef5570@group-629565143915-StateMachineUpdater] INFO  impl.StateMachineUpdater (StateMachineUpdater.java:lambda$new$0(89)) - 9930b808-53d6-4b45-9b20-3dd522ef5570@group-629565143915-StateMachineUpdater: snapshotIndex: updateIncreasingly -1 -> 0
2021-12-02 10:58:49,261 [Mini-Cluster-Provider-Reap] INFO  server.RaftServer$Division (ServerState.java:close(419)) - 9930b808-53d6-4b45-9b20-3dd522ef5570@group-629565143915: closes. applyIndex: 0
2021-12-02 10:58:49,261 [9930b808-53d6-4b45-9b20-3dd522ef5570@group-629565143915-SegmentedRaftLogWorker] INFO  segmented.SegmentedRaftLogWorker (SegmentedRaftLogWorker.java:run(327)) - 9930b808-53d6-4b45-9b20-3dd522ef5570@group-629565143915-SegmentedRaftLogWorker was interrupted, exiting. There are 0 tasks remaining in the queue.
2021-12-02 10:58:49,267 [Mini-Cluster-Provider-Reap] INFO  segmented.SegmentedRaftLogWorker (SegmentedRaftLogWorker.java:close(237)) - 9930b808-53d6-4b45-9b20-3dd522ef5570@group-629565143915-SegmentedRaftLogWorker close()
2021-12-02 10:58:49,289 [Mini-Cluster-Provider-Reap] INFO  server.RaftServer$Division (RaftServerImpl.java:lambda$close$4(412)) - 9930b808-53d6-4b45-9b20-3dd522ef5570@group-3421D7A643D7: shutdown
2021-12-02 10:58:49,289 [Mini-Cluster-Provider-Reap] INFO  util.JmxRegister (JmxRegister.java:unregister(73)) - Successfully un-registered JMX Bean with object name Ratis:service=RaftServer,group=group-3421D7A643D7,id=9930b808-53d6-4b45-9b20-3dd522ef5570
2021-12-02 10:58:49,289 [Mini-Cluster-Provider-Reap] INFO  impl.RoleInfo (RoleInfo.java:shutdownFollowerState(108)) - 9930b808-53d6-4b45-9b20-3dd522ef5570: shutdown 9930b808-53d6-4b45-9b20-3dd522ef5570@group-3421D7A643D7-FollowerState
2021-12-02 10:58:49,290 [9930b808-53d6-4b45-9b20-3dd522ef5570@group-3421D7A643D7-FollowerState] INFO  impl.FollowerState (FollowerState.java:run(143)) - 9930b808-53d6-4b45-9b20-3dd522ef5570@group-3421D7A643D7-FollowerState was interrupted: {}
java.lang.InterruptedException: sleep interrupted
	at java.lang.Thread.sleep(Native Method)
	at java.lang.Thread.sleep(Thread.java:340)
	at java.util.concurrent.TimeUnit.sleep(TimeUnit.java:386)
	at org.apache.ratis.util.TimeDuration.sleep(TimeDuration.java:324)
	at org.apache.ratis.util.TimeDuration.sleep(TimeDuration.java:309)
	at org.apache.ratis.server.impl.FollowerState.run(FollowerState.java:118)
2021-12-02 10:58:49,290 [Mini-Cluster-Provider-Reap] INFO  impl.StateMachineUpdater (StateMachineUpdater.java:stopAndJoin(149)) - 9930b808-53d6-4b45-9b20-3dd522ef5570@group-3421D7A643D7-StateMachineUpdater: set stopIndex = 0
2021-12-02 10:58:49,290 [9930b808-53d6-4b45-9b20-3dd522ef5570@group-3421D7A643D7-StateMachineUpdater] INFO  ratis.ContainerStateMachine (ContainerStateMachine.java:takeSnapshot(292)) - group-3421D7A643D7: Taking a snapshot at:(t:1, i:0) file /home/runner/work/ozone/ozone/hadoop-ozone/integration-test/target/test-dir/MiniOzoneClusterImpl-0f1daa9f-dfc3-45b0-9271-6b7296f45125/datanode-2/data/ratis/6d5e626c-c373-4bda-bb16-3421d7a643d7/sm/snapshot.1_0
2021-12-02 10:58:49,293 [9930b808-53d6-4b45-9b20-3dd522ef5570@group-3421D7A643D7-StateMachineUpdater] INFO  ratis.ContainerStateMachine (ContainerStateMachine.java:takeSnapshot(303)) - group-3421D7A643D7: Finished taking a snapshot at:(t:1, i:0) file:/home/runner/work/ozone/ozone/hadoop-ozone/integration-test/target/test-dir/MiniOzoneClusterImpl-0f1daa9f-dfc3-45b0-9271-6b7296f45125/datanode-2/data/ratis/6d5e626c-c373-4bda-bb16-3421d7a643d7/sm/snapshot.1_0 took: 2 ms
2021-12-02 10:58:49,293 [9930b808-53d6-4b45-9b20-3dd522ef5570@group-3421D7A643D7-StateMachineUpdater] INFO  impl.StateMachineUpdater (StateMachineUpdater.java:takeSnapshot(281)) - 9930b808-53d6-4b45-9b20-3dd522ef5570@group-3421D7A643D7-StateMachineUpdater: Took a snapshot at index 0
2021-12-02 10:58:49,293 [9930b808-53d6-4b45-9b20-3dd522ef5570@group-3421D7A643D7-StateMachineUpdater] INFO  impl.StateMachineUpdater (StateMachineUpdater.java:lambda$new$0(89)) - 9930b808-53d6-4b45-9b20-3dd522ef5570@group-3421D7A643D7-StateMachineUpdater: snapshotIndex: updateIncreasingly -1 -> 0
2021-12-02 10:58:49,293 [Mini-Cluster-Provider-Reap] INFO  server.RaftServer$Division (ServerState.java:close(419)) - 9930b808-53d6-4b45-9b20-3dd522ef5570@group-3421D7A643D7: closes. applyIndex: 0
2021-12-02 10:58:49,294 [9930b808-53d6-4b45-9b20-3dd522ef5570@group-3421D7A643D7-SegmentedRaftLogWorker] INFO  segmented.SegmentedRaftLogWorker (SegmentedRaftLogWorker.java:run(327)) - 9930b808-53d6-4b45-9b20-3dd522ef5570@group-3421D7A643D7-SegmentedRaftLogWorker was interrupted, exiting. There are 0 tasks remaining in the queue.
2021-12-02 10:58:49,302 [Mini-Cluster-Provider-Reap] INFO  segmented.SegmentedRaftLogWorker (SegmentedRaftLogWorker.java:close(237)) - 9930b808-53d6-4b45-9b20-3dd522ef5570@group-3421D7A643D7-SegmentedRaftLogWorker close()
2021-12-02 10:58:49,305 [Mini-Cluster-Provider-Reap] INFO  server.GrpcService (GrpcService.java:closeImpl(262)) - 9930b808-53d6-4b45-9b20-3dd522ef5570: shutdown server with port 46243 now
2021-12-02 10:58:49,313 [Mini-Cluster-Provider-Reap] INFO  server.GrpcService (GrpcService.java:closeImpl(271)) - 9930b808-53d6-4b45-9b20-3dd522ef5570: shutdown server with port 46243 successfully
2021-12-02 10:58:49,313 [org.apache.ratis.util.JvmPauseMonitor$$Lambda$540/1659449900@459b1cef] INFO  util.JvmPauseMonitor (JvmPauseMonitor.java:run(109)) - JvmPauseMonitor-9930b808-53d6-4b45-9b20-3dd522ef5570: Stopped
2021-12-02 10:58:49,314 [EventQueue-OpenPipelineForHealthyPipelineSafeModeRule] INFO  safemode.SCMSafeModeManager (HealthyPipelineSafeModeRule.java:process(124)) - SCM in safe mode. Healthy pipelines reported count is 0, required healthy pipeline reported count is 1
2021-12-02 10:58:49,332 [Mini-Cluster-Provider-Reap] INFO  utils.BackgroundService (BackgroundService.java:shutdown(132)) - Shutting down service BlockDeletingService
2021-12-02 10:58:49,374 [aad1e884-dc0c-43f6-a9fd-14f12d4b30b4@group-247A14545FFC-FollowerState] INFO  impl.FollowerState (FollowerState.java:run(134)) - aad1e884-dc0c-43f6-a9fd-14f12d4b30b4@group-247A14545FFC-FollowerState: change to CANDIDATE, lastRpcElapsedTime:5199900325ns, electionTimeout:5194ms
2021-12-02 10:58:49,375 [aad1e884-dc0c-43f6-a9fd-14f12d4b30b4@group-247A14545FFC-FollowerState] INFO  impl.RoleInfo (RoleInfo.java:shutdownFollowerState(108)) - aad1e884-dc0c-43f6-a9fd-14f12d4b30b4: shutdown aad1e884-dc0c-43f6-a9fd-14f12d4b30b4@group-247A14545FFC-FollowerState
2021-12-02 10:58:49,375 [aad1e884-dc0c-43f6-a9fd-14f12d4b30b4@group-247A14545FFC-FollowerState] INFO  server.RaftServer$Division (RaftServerImpl.java:setRole(290)) - aad1e884-dc0c-43f6-a9fd-14f12d4b30b4@group-247A14545FFC: changes role from  FOLLOWER to CANDIDATE at term 0 for changeToCandidate
2021-12-02 10:58:49,375 [aad1e884-dc0c-43f6-a9fd-14f12d4b30b4@group-247A14545FFC-FollowerState] INFO  server.RaftServerConfigKeys (ConfUtils.java:logGet(44)) - raft.server.leaderelection.pre-vote = false (custom)
2021-12-02 10:58:49,375 [aad1e884-dc0c-43f6-a9fd-14f12d4b30b4@group-247A14545FFC-FollowerState] INFO  impl.RoleInfo (RoleInfo.java:updateAndGet(130)) - aad1e884-dc0c-43f6-a9fd-14f12d4b30b4: start aad1e884-dc0c-43f6-a9fd-14f12d4b30b4@group-247A14545FFC-LeaderElection139
2021-12-02 10:58:49,423 [aad1e884-dc0c-43f6-a9fd-14f12d4b30b4@group-247A14545FFC-LeaderElection139] INFO  impl.LeaderElection (LeaderElection.java:askForVotes(306)) - aad1e884-dc0c-43f6-a9fd-14f12d4b30b4@group-247A14545FFC-LeaderElection139 ELECTION round 0: submit vote requests at term 1 for -1: [aad1e884-dc0c-43f6-a9fd-14f12d4b30b4|rpc:10.1.0.26:39765|priority:1], old=null
2021-12-02 10:58:49,423 [aad1e884-dc0c-43f6-a9fd-14f12d4b30b4@group-247A14545FFC-LeaderElection139] INFO  impl.LeaderElection (LeaderElection.java:askForVotes(308)) - aad1e884-dc0c-43f6-a9fd-14f12d4b30b4@group-247A14545FFC-LeaderElection139 ELECTION round 0: result PASSED (term=1)
2021-12-02 10:58:49,423 [aad1e884-dc0c-43f6-a9fd-14f12d4b30b4@group-247A14545FFC-LeaderElection139] INFO  impl.RoleInfo (RoleInfo.java:shutdownLeaderElection(121)) - aad1e884-dc0c-43f6-a9fd-14f12d4b30b4: shutdown aad1e884-dc0c-43f6-a9fd-14f12d4b30b4@group-247A14545FFC-LeaderElection139
2021-12-02 10:58:49,423 [aad1e884-dc0c-43f6-a9fd-14f12d4b30b4@group-247A14545FFC-LeaderElection139] INFO  server.RaftServer$Division (RaftServerImpl.java:setRole(290)) - aad1e884-dc0c-43f6-a9fd-14f12d4b30b4@group-247A14545FFC: changes role from CANDIDATE to LEADER at term 1 for changeToLeader
2021-12-02 10:58:49,423 [aad1e884-dc0c-43f6-a9fd-14f12d4b30b4@group-247A14545FFC-LeaderElection139] INFO  ratis.XceiverServerRatis (XceiverServerRatis.java:handleLeaderChangedNotification(866)) - Leader change notification received for group: group-247A14545FFC with new leaderId: aad1e884-dc0c-43f6-a9fd-14f12d4b30b4
2021-12-02 10:58:49,424 [aad1e884-dc0c-43f6-a9fd-14f12d4b30b4@group-247A14545FFC-LeaderElection139] INFO  server.RaftServer$Division (ServerState.java:setLeader(285)) - aad1e884-dc0c-43f6-a9fd-14f12d4b30b4@group-247A14545FFC: change Leader from null to aad1e884-dc0c-43f6-a9fd-14f12d4b30b4 at term 1 for becomeLeader, leader elected after 5419ms
2021-12-02 10:58:49,424 [aad1e884-dc0c-43f6-a9fd-14f12d4b30b4@group-247A14545FFC-LeaderElection139] INFO  server.RaftServerConfigKeys (ConfUtils.java:logGet(44)) - raft.server.staging.catchup.gap = 1000 (default)
2021-12-02 10:58:49,425 [aad1e884-dc0c-43f6-a9fd-14f12d4b30b4@group-247A14545FFC-LeaderElection139] INFO  server.RaftServerConfigKeys (ConfUtils.java:logGet(44)) - raft.server.write.element-limit = 1024 (custom)
2021-12-02 10:58:49,425 [aad1e884-dc0c-43f6-a9fd-14f12d4b30b4@group-247A14545FFC-LeaderElection139] INFO  server.RaftServerConfigKeys (ConfUtils.java:logGet(44)) - raft.server.write.byte-limit = 1024 M (=1073741824) (custom)
2021-12-02 10:58:49,426 [aad1e884-dc0c-43f6-a9fd-14f12d4b30b4@group-247A14545FFC-LeaderElection139] INFO  server.RaftServerConfigKeys (ConfUtils.java:logGet(44)) - raft.server.watch.timeout = 180s (custom)
2021-12-02 10:58:49,426 [aad1e884-dc0c-43f6-a9fd-14f12d4b30b4@group-247A14545FFC-LeaderElection139] INFO  server.RaftServerConfigKeys (ConfUtils.java:logGet(44)) - raft.server.watch.timeout.denomination = 1s (default)
2021-12-02 10:58:49,426 [aad1e884-dc0c-43f6-a9fd-14f12d4b30b4@group-247A14545FFC-LeaderElection139] INFO  server.RaftServerConfigKeys (ConfUtils.java:logGet(44)) - raft.server.watch.element-limit = 65536 (default)
2021-12-02 10:58:49,426 [aad1e884-dc0c-43f6-a9fd-14f12d4b30b4@group-247A14545FFC-LeaderElection139] INFO  server.RaftServerConfigKeys (ConfUtils.java:logGet(44)) - raft.server.write.element-limit = 1024 (custom)
2021-12-02 10:58:49,426 [aad1e884-dc0c-43f6-a9fd-14f12d4b30b4@group-247A14545FFC-LeaderElection139] INFO  server.RaftServerConfigKeys (ConfUtils.java:logGet(44)) - raft.server.write.follower.gap.ratio.max = -1.0 (default)
2021-12-02 10:58:49,426 [aad1e884-dc0c-43f6-a9fd-14f12d4b30b4@group-247A14545FFC-LeaderElection139] INFO  impl.RoleInfo (RoleInfo.java:updateAndGet(130)) - aad1e884-dc0c-43f6-a9fd-14f12d4b30b4: start aad1e884-dc0c-43f6-a9fd-14f12d4b30b4@group-247A14545FFC-LeaderStateImpl
2021-12-02 10:58:49,427 [aad1e884-dc0c-43f6-a9fd-14f12d4b30b4@group-247A14545FFC-LeaderElection139] INFO  segmented.SegmentedRaftLogWorker (SegmentedRaftLogWorker.java:startLogSegment(394)) - aad1e884-dc0c-43f6-a9fd-14f12d4b30b4@group-247A14545FFC-SegmentedRaftLogWorker: Starting segment from index:0
2021-12-02 10:58:49,437 [aad1e884-dc0c-43f6-a9fd-14f12d4b30b4@group-247A14545FFC-LeaderElection139] INFO  server.RaftServer$Division (ServerState.java:setRaftConf(387)) - aad1e884-dc0c-43f6-a9fd-14f12d4b30b4@group-247A14545FFC: set configuration 0: [aad1e884-dc0c-43f6-a9fd-14f12d4b30b4|rpc:10.1.0.26:39765|dataStream:|priority:1], old=null
2021-12-02 10:58:49,480 [aad1e884-dc0c-43f6-a9fd-14f12d4b30b4@group-247A14545FFC-SegmentedRaftLogWorker] INFO  segmented.SegmentedRaftLogWorker (SegmentedRaftLogWorker.java:execute(601)) - aad1e884-dc0c-43f6-a9fd-14f12d4b30b4@group-247A14545FFC-SegmentedRaftLogWorker: created new log segment /home/runner/work/ozone/ozone/hadoop-ozone/integration-test/target/test-dir/MiniOzoneClusterImpl-73dd4d89-5651-475a-8e12-7bad855f6dad/datanode-1/data/ratis/5f482d7d-780b-4a6c-b310-247a14545ffc/current/log_inprogress_0
2021-12-02 10:58:49,667 [7a41c6a3-6927-412d-981c-9145982a7803@group-CAF6EFCE481F-FollowerState] INFO  impl.FollowerState (FollowerState.java:run(134)) - 7a41c6a3-6927-412d-981c-9145982a7803@group-CAF6EFCE481F-FollowerState: change to CANDIDATE, lastRpcElapsedTime:5115380397ns, electionTimeout:5076ms
2021-12-02 10:58:49,667 [7a41c6a3-6927-412d-981c-9145982a7803@group-CAF6EFCE481F-FollowerState] INFO  impl.RoleInfo (RoleInfo.java:shutdownFollowerState(108)) - 7a41c6a3-6927-412d-981c-9145982a7803: shutdown 7a41c6a3-6927-412d-981c-9145982a7803@group-CAF6EFCE481F-FollowerState
2021-12-02 10:58:49,667 [7a41c6a3-6927-412d-981c-9145982a7803@group-CAF6EFCE481F-FollowerState] INFO  server.RaftServer$Division (RaftServerImpl.java:setRole(290)) - 7a41c6a3-6927-412d-981c-9145982a7803@group-CAF6EFCE481F: changes role from  FOLLOWER to CANDIDATE at term 2 for changeToCandidate
2021-12-02 10:58:49,668 [7a41c6a3-6927-412d-981c-9145982a7803@group-CAF6EFCE481F-FollowerState] INFO  server.RaftServerConfigKeys (ConfUtils.java:logGet(44)) - raft.server.leaderelection.pre-vote = false (custom)
2021-12-02 10:58:49,668 [7a41c6a3-6927-412d-981c-9145982a7803@group-CAF6EFCE481F-FollowerState] INFO  impl.RoleInfo (RoleInfo.java:updateAndGet(130)) - 7a41c6a3-6927-412d-981c-9145982a7803: start 7a41c6a3-6927-412d-981c-9145982a7803@group-CAF6EFCE481F-LeaderElection140
2021-12-02 10:58:49,687 [4e57e8a8-e34c-4c63-9ee2-ea20f579f12f@group-CAF6EFCE481F-FollowerState] INFO  impl.FollowerState (FollowerState.java:run(134)) - 4e57e8a8-e34c-4c63-9ee2-ea20f579f12f@group-CAF6EFCE481F-FollowerState: change to CANDIDATE, lastRpcElapsedTime:5019375478ns, electionTimeout:5010ms
2021-12-02 10:58:49,687 [4e57e8a8-e34c-4c63-9ee2-ea20f579f12f@group-CAF6EFCE481F-FollowerState] INFO  impl.RoleInfo (RoleInfo.java:shutdownFollowerState(108)) - 4e57e8a8-e34c-4c63-9ee2-ea20f579f12f: shutdown 4e57e8a8-e34c-4c63-9ee2-ea20f579f12f@group-CAF6EFCE481F-FollowerState
2021-12-02 10:58:49,687 [4e57e8a8-e34c-4c63-9ee2-ea20f579f12f@group-CAF6EFCE481F-FollowerState] INFO  server.RaftServer$Division (RaftServerImpl.java:setRole(290)) - 4e57e8a8-e34c-4c63-9ee2-ea20f579f12f@group-CAF6EFCE481F: changes role from  FOLLOWER to CANDIDATE at term 2 for changeToCandidate
2021-12-02 10:58:49,687 [4e57e8a8-e34c-4c63-9ee2-ea20f579f12f@group-CAF6EFCE481F-FollowerState] INFO  server.RaftServerConfigKeys (ConfUtils.java:logGet(44)) - raft.server.leaderelection.pre-vote = false (custom)
2021-12-02 10:58:49,687 [4e57e8a8-e34c-4c63-9ee2-ea20f579f12f@group-CAF6EFCE481F-FollowerState] INFO  impl.RoleInfo (RoleInfo.java:updateAndGet(130)) - 4e57e8a8-e34c-4c63-9ee2-ea20f579f12f: start 4e57e8a8-e34c-4c63-9ee2-ea20f579f12f@group-CAF6EFCE481F-LeaderElection141
2021-12-02 10:58:49,707 [7a41c6a3-6927-412d-981c-9145982a7803@group-CAF6EFCE481F-LeaderElection140] INFO  impl.LeaderElection (LeaderElection.java:askForVotes(306)) - 7a41c6a3-6927-412d-981c-9145982a7803@group-CAF6EFCE481F-LeaderElection140 ELECTION round 0: submit vote requests at term 3 for -1: [4e57e8a8-e34c-4c63-9ee2-ea20f579f12f|rpc:10.1.0.26:45399|priority:1, 7a41c6a3-6927-412d-981c-9145982a7803|rpc:10.1.0.26:46457|priority:0, c7ad35ec-beb2-4cf7-bc01-7589f79a3108|rpc:10.1.0.26:41139|priority:0], old=null
2021-12-02 10:58:49,709 [c7ad35ec-beb2-4cf7-bc01-7589f79a3108@group-CAF6EFCE481F-FollowerState] INFO  impl.FollowerState (FollowerState.java:run(134)) - c7ad35ec-beb2-4cf7-bc01-7589f79a3108@group-CAF6EFCE481F-FollowerState: change to CANDIDATE, lastRpcElapsedTime:5032684583ns, electionTimeout:5019ms
2021-12-02 10:58:49,709 [c7ad35ec-beb2-4cf7-bc01-7589f79a3108@group-CAF6EFCE481F-FollowerState] INFO  impl.RoleInfo (RoleInfo.java:shutdownFollowerState(108)) - c7ad35ec-beb2-4cf7-bc01-7589f79a3108: shutdown c7ad35ec-beb2-4cf7-bc01-7589f79a3108@group-CAF6EFCE481F-FollowerState
2021-12-02 10:58:49,709 [c7ad35ec-beb2-4cf7-bc01-7589f79a3108@group-CAF6EFCE481F-FollowerState] INFO  server.RaftServer$Division (RaftServerImpl.java:setRole(290)) - c7ad35ec-beb2-4cf7-bc01-7589f79a3108@group-CAF6EFCE481F: changes role from  FOLLOWER to CANDIDATE at term 2 for changeToCandidate
2021-12-02 10:58:49,719 [Listener at 127.0.0.1/45099] INFO  ozone.MiniOzoneClusterImpl (MiniOzoneClusterImpl.java:lambda$waitForClusterToBeReady$0(235)) - Nodes are ready. Got 3 of 3 DN Heartbeats.
2021-12-02 10:58:49,719 [Listener at 127.0.0.1/45099] INFO  ozone.MiniOzoneClusterImpl (MiniOzoneClusterImpl.java:lambda$waitForClusterToBeReady$0(238)) - Waiting for cluster to exit safe mode
2021-12-02 10:58:49,719 [Listener at 127.0.0.1/45099] INFO  ozone.MiniOzoneClusterImpl (MiniOzoneClusterImpl.java:lambda$waitForClusterToBeReady$0(240)) - SCM became leader
2021-12-02 10:58:49,722 [c7ad35ec-beb2-4cf7-bc01-7589f79a3108@group-CAF6EFCE481F-FollowerState] INFO  server.RaftServerConfigKeys (ConfUtils.java:logGet(44)) - raft.server.leaderelection.pre-vote = false (custom)
2021-12-02 10:58:49,723 [c7ad35ec-beb2-4cf7-bc01-7589f79a3108@group-CAF6EFCE481F-FollowerState] INFO  impl.RoleInfo (RoleInfo.java:updateAndGet(130)) - c7ad35ec-beb2-4cf7-bc01-7589f79a3108: start c7ad35ec-beb2-4cf7-bc01-7589f79a3108@group-CAF6EFCE481F-LeaderElection142
2021-12-02 10:58:49,762 [4e57e8a8-e34c-4c63-9ee2-ea20f579f12f@group-CAF6EFCE481F-LeaderElection141] INFO  impl.LeaderElection (LeaderElection.java:askForVotes(306)) - 4e57e8a8-e34c-4c63-9ee2-ea20f579f12f@group-CAF6EFCE481F-LeaderElection141 ELECTION round 0: submit vote requests at term 3 for -1: [4e57e8a8-e34c-4c63-9ee2-ea20f579f12f|rpc:10.1.0.26:45399|dataStream:|priority:1, 7a41c6a3-6927-412d-981c-9145982a7803|rpc:10.1.0.26:46457|dataStream:|priority:0, c7ad35ec-beb2-4cf7-bc01-7589f79a3108|rpc:10.1.0.26:41139|dataStream:|priority:0], old=null
2021-12-02 10:58:49,766 [c7ad35ec-beb2-4cf7-bc01-7589f79a3108@group-CAF6EFCE481F-LeaderElection142] INFO  impl.LeaderElection (LeaderElection.java:askForVotes(306)) - c7ad35ec-beb2-4cf7-bc01-7589f79a3108@group-CAF6EFCE481F-LeaderElection142 ELECTION round 0: submit vote requests at term 3 for -1: [4e57e8a8-e34c-4c63-9ee2-ea20f579f12f|rpc:10.1.0.26:45399|dataStream:|priority:1, 7a41c6a3-6927-412d-981c-9145982a7803|rpc:10.1.0.26:46457|dataStream:|priority:0, c7ad35ec-beb2-4cf7-bc01-7589f79a3108|rpc:10.1.0.26:41139|dataStream:|priority:0], old=null
2021-12-02 10:58:49,775 [grpc-default-executor-1] INFO  server.RaftServer$Division (RaftServerImpl.java:requestVote(1046)) - 7a41c6a3-6927-412d-981c-9145982a7803@group-CAF6EFCE481F: receive requestVote(ELECTION, 4e57e8a8-e34c-4c63-9ee2-ea20f579f12f, group-CAF6EFCE481F, 3, (t:0, i:0))
2021-12-02 10:58:49,775 [grpc-default-executor-1] INFO  impl.VoteContext (VoteContext.java:log(48)) - 7a41c6a3-6927-412d-981c-9145982a7803@group-CAF6EFCE481F-CANDIDATE: reject ELECTION from 4e57e8a8-e34c-4c63-9ee2-ea20f579f12f: already has voted for 7a41c6a3-6927-412d-981c-9145982a7803 at current term 3
2021-12-02 10:58:49,775 [grpc-default-executor-1] INFO  server.RaftServer$Division (RaftServerImpl.java:requestVote(1078)) - 7a41c6a3-6927-412d-981c-9145982a7803@group-CAF6EFCE481F replies to ELECTION vote request: 4e57e8a8-e34c-4c63-9ee2-ea20f579f12f<-7a41c6a3-6927-412d-981c-9145982a7803#0:FAIL-t3. Peer's state: 7a41c6a3-6927-412d-981c-9145982a7803@group-CAF6EFCE481F:t3, leader=null, voted=7a41c6a3-6927-412d-981c-9145982a7803, raftlog=7a41c6a3-6927-412d-981c-9145982a7803@group-CAF6EFCE481F-SegmentedRaftLog:OPENED:c-1, conf=-1: [4e57e8a8-e34c-4c63-9ee2-ea20f579f12f|rpc:10.1.0.26:45399|priority:1, 7a41c6a3-6927-412d-981c-9145982a7803|rpc:10.1.0.26:46457|priority:0, c7ad35ec-beb2-4cf7-bc01-7589f79a3108|rpc:10.1.0.26:41139|priority:0], old=null
2021-12-02 10:58:49,815 [grpc-default-executor-1] INFO  server.RaftServer$Division (RaftServerImpl.java:requestVote(1046)) - 4e57e8a8-e34c-4c63-9ee2-ea20f579f12f@group-CAF6EFCE481F: receive requestVote(ELECTION, 7a41c6a3-6927-412d-981c-9145982a7803, group-CAF6EFCE481F, 3, (t:0, i:0))
2021-12-02 10:58:49,815 [grpc-default-executor-1] INFO  impl.VoteContext (VoteContext.java:log(48)) - 4e57e8a8-e34c-4c63-9ee2-ea20f579f12f@group-CAF6EFCE481F-CANDIDATE: reject ELECTION from 7a41c6a3-6927-412d-981c-9145982a7803: already has voted for 4e57e8a8-e34c-4c63-9ee2-ea20f579f12f at current term 3
2021-12-02 10:58:49,816 [grpc-default-executor-1] INFO  server.RaftServer$Division (RaftServerImpl.java:requestVote(1078)) - 4e57e8a8-e34c-4c63-9ee2-ea20f579f12f@group-CAF6EFCE481F replies to ELECTION vote request: 7a41c6a3-6927-412d-981c-9145982a7803<-4e57e8a8-e34c-4c63-9ee2-ea20f579f12f#0:FAIL-t3. Peer's state: 4e57e8a8-e34c-4c63-9ee2-ea20f579f12f@group-CAF6EFCE481F:t3, leader=null, voted=4e57e8a8-e34c-4c63-9ee2-ea20f579f12f, raftlog=4e57e8a8-e34c-4c63-9ee2-ea20f579f12f@group-CAF6EFCE481F-SegmentedRaftLog:OPENED:c-1, conf=-1: [4e57e8a8-e34c-4c63-9ee2-ea20f579f12f|rpc:10.1.0.26:45399|dataStream:|priority:1, 7a41c6a3-6927-412d-981c-9145982a7803|rpc:10.1.0.26:46457|dataStream:|priority:0, c7ad35ec-beb2-4cf7-bc01-7589f79a3108|rpc:10.1.0.26:41139|dataStream:|priority:0], old=null
2021-12-02 10:58:49,816 [grpc-default-executor-3] INFO  server.RaftServer$Division (RaftServerImpl.java:requestVote(1046)) - c7ad35ec-beb2-4cf7-bc01-7589f79a3108@group-CAF6EFCE481F: receive requestVote(ELECTION, 4e57e8a8-e34c-4c63-9ee2-ea20f579f12f, group-CAF6EFCE481F, 3, (t:0, i:0))
2021-12-02 10:58:49,816 [grpc-default-executor-3] INFO  impl.VoteContext (VoteContext.java:log(48)) - c7ad35ec-beb2-4cf7-bc01-7589f79a3108@group-CAF6EFCE481F-CANDIDATE: reject ELECTION from 4e57e8a8-e34c-4c63-9ee2-ea20f579f12f: already has voted for c7ad35ec-beb2-4cf7-bc01-7589f79a3108 at current term 3
2021-12-02 10:58:49,816 [grpc-default-executor-3] INFO  server.RaftServer$Division (RaftServerImpl.java:requestVote(1078)) - c7ad35ec-beb2-4cf7-bc01-7589f79a3108@group-CAF6EFCE481F replies to ELECTION vote request: 4e57e8a8-e34c-4c63-9ee2-ea20f579f12f<-c7ad35ec-beb2-4cf7-bc01-7589f79a3108#0:FAIL-t3. Peer's state: c7ad35ec-beb2-4cf7-bc01-7589f79a3108@group-CAF6EFCE481F:t3, leader=null, voted=c7ad35ec-beb2-4cf7-bc01-7589f79a3108, raftlog=c7ad35ec-beb2-4cf7-bc01-7589f79a3108@group-CAF6EFCE481F-SegmentedRaftLog:OPENED:c-1, conf=-1: [4e57e8a8-e34c-4c63-9ee2-ea20f579f12f|rpc:10.1.0.26:45399|dataStream:|priority:1, 7a41c6a3-6927-412d-981c-9145982a7803|rpc:10.1.0.26:46457|dataStream:|priority:0, c7ad35ec-beb2-4cf7-bc01-7589f79a3108|rpc:10.1.0.26:41139|dataStream:|priority:0], old=null
2021-12-02 10:58:49,837 [grpc-default-executor-1] INFO  server.RaftServer$Division (RaftServerImpl.java:requestVote(1046)) - 4e57e8a8-e34c-4c63-9ee2-ea20f579f12f@group-CAF6EFCE481F: receive requestVote(ELECTION, c7ad35ec-beb2-4cf7-bc01-7589f79a3108, group-CAF6EFCE481F, 3, (t:0, i:0))
2021-12-02 10:58:49,837 [grpc-default-executor-1] INFO  impl.VoteContext (VoteContext.java:log(48)) - 4e57e8a8-e34c-4c63-9ee2-ea20f579f12f@group-CAF6EFCE481F-CANDIDATE: reject ELECTION from c7ad35ec-beb2-4cf7-bc01-7589f79a3108: already has voted for 4e57e8a8-e34c-4c63-9ee2-ea20f579f12f at current term 3
2021-12-02 10:58:49,837 [grpc-default-executor-1] INFO  server.RaftServer$Division (RaftServerImpl.java:requestVote(1078)) - 4e57e8a8-e34c-4c63-9ee2-ea20f579f12f@group-CAF6EFCE481F replies to ELECTION vote request: c7ad35ec-beb2-4cf7-bc01-7589f79a3108<-4e57e8a8-e34c-4c63-9ee2-ea20f579f12f#0:FAIL-t3. Peer's state: 4e57e8a8-e34c-4c63-9ee2-ea20f579f12f@group-CAF6EFCE481F:t3, leader=null, voted=4e57e8a8-e34c-4c63-9ee2-ea20f579f12f, raftlog=4e57e8a8-e34c-4c63-9ee2-ea20f579f12f@group-CAF6EFCE481F-SegmentedRaftLog:OPENED:c-1, conf=-1: [4e57e8a8-e34c-4c63-9ee2-ea20f579f12f|rpc:10.1.0.26:45399|dataStream:|priority:1, 7a41c6a3-6927-412d-981c-9145982a7803|rpc:10.1.0.26:46457|dataStream:|priority:0, c7ad35ec-beb2-4cf7-bc01-7589f79a3108|rpc:10.1.0.26:41139|dataStream:|priority:0], old=null
2021-12-02 10:58:49,837 [grpc-default-executor-3] INFO  server.RaftServer$Division (RaftServerImpl.java:requestVote(1046)) - c7ad35ec-beb2-4cf7-bc01-7589f79a3108@group-CAF6EFCE481F: receive requestVote(ELECTION, 7a41c6a3-6927-412d-981c-9145982a7803, group-CAF6EFCE481F, 3, (t:0, i:0))
2021-12-02 10:58:49,837 [grpc-default-executor-3] INFO  impl.VoteContext (VoteContext.java:log(48)) - c7ad35ec-beb2-4cf7-bc01-7589f79a3108@group-CAF6EFCE481F-CANDIDATE: reject ELECTION from 7a41c6a3-6927-412d-981c-9145982a7803: already has voted for c7ad35ec-beb2-4cf7-bc01-7589f79a3108 at current term 3
2021-12-02 10:58:49,837 [grpc-default-executor-3] INFO  server.RaftServer$Division (RaftServerImpl.java:requestVote(1078)) - c7ad35ec-beb2-4cf7-bc01-7589f79a3108@group-CAF6EFCE481F replies to ELECTION vote request: 7a41c6a3-6927-412d-981c-9145982a7803<-c7ad35ec-beb2-4cf7-bc01-7589f79a3108#0:FAIL-t3. Peer's state: c7ad35ec-beb2-4cf7-bc01-7589f79a3108@group-CAF6EFCE481F:t3, leader=null, voted=c7ad35ec-beb2-4cf7-bc01-7589f79a3108, raftlog=c7ad35ec-beb2-4cf7-bc01-7589f79a3108@group-CAF6EFCE481F-SegmentedRaftLog:OPENED:c-1, conf=-1: [4e57e8a8-e34c-4c63-9ee2-ea20f579f12f|rpc:10.1.0.26:45399|dataStream:|priority:1, 7a41c6a3-6927-412d-981c-9145982a7803|rpc:10.1.0.26:46457|dataStream:|priority:0, c7ad35ec-beb2-4cf7-bc01-7589f79a3108|rpc:10.1.0.26:41139|dataStream:|priority:0], old=null
2021-12-02 10:58:49,838 [c7ad35ec-beb2-4cf7-bc01-7589f79a3108@group-CAF6EFCE481F-LeaderElection142] INFO  impl.LeaderElection (LeaderElection.java:logAndReturn(89)) - c7ad35ec-beb2-4cf7-bc01-7589f79a3108@group-CAF6EFCE481F-LeaderElection142: ELECTION REJECTED received 1 response(s) and 0 exception(s):
2021-12-02 10:58:49,838 [c7ad35ec-beb2-4cf7-bc01-7589f79a3108@group-CAF6EFCE481F-LeaderElection142] INFO  impl.LeaderElection (LeaderElection.java:logAndReturn(93)) -   Response 0: c7ad35ec-beb2-4cf7-bc01-7589f79a3108<-4e57e8a8-e34c-4c63-9ee2-ea20f579f12f#0:FAIL-t3
2021-12-02 10:58:49,838 [c7ad35ec-beb2-4cf7-bc01-7589f79a3108@group-CAF6EFCE481F-LeaderElection142] INFO  impl.LeaderElection (LeaderElection.java:askForVotes(308)) - c7ad35ec-beb2-4cf7-bc01-7589f79a3108@group-CAF6EFCE481F-LeaderElection142 ELECTION round 0: result REJECTED
2021-12-02 10:58:49,838 [c7ad35ec-beb2-4cf7-bc01-7589f79a3108@group-CAF6EFCE481F-LeaderElection142] INFO  server.RaftServer$Division (RaftServerImpl.java:setRole(290)) - c7ad35ec-beb2-4cf7-bc01-7589f79a3108@group-CAF6EFCE481F: changes role from CANDIDATE to FOLLOWER at term 3 for REJECTED
2021-12-02 10:58:49,838 [c7ad35ec-beb2-4cf7-bc01-7589f79a3108@group-CAF6EFCE481F-LeaderElection142] INFO  impl.RoleInfo (RoleInfo.java:shutdownLeaderElection(121)) - c7ad35ec-beb2-4cf7-bc01-7589f79a3108: shutdown c7ad35ec-beb2-4cf7-bc01-7589f79a3108@group-CAF6EFCE481F-LeaderElection142
2021-12-02 10:58:49,838 [c7ad35ec-beb2-4cf7-bc01-7589f79a3108@group-CAF6EFCE481F-LeaderElection142] INFO  impl.RoleInfo (RoleInfo.java:updateAndGet(130)) - c7ad35ec-beb2-4cf7-bc01-7589f79a3108: start c7ad35ec-beb2-4cf7-bc01-7589f79a3108@group-CAF6EFCE481F-FollowerState
2021-12-02 10:58:49,839 [7a41c6a3-6927-412d-981c-9145982a7803@group-CAF6EFCE481F-LeaderElection140] INFO  impl.LeaderElection (LeaderElection.java:logAndReturn(89)) - 7a41c6a3-6927-412d-981c-9145982a7803@group-CAF6EFCE481F-LeaderElection140: ELECTION REJECTED received 1 response(s) and 0 exception(s):
2021-12-02 10:58:49,839 [7a41c6a3-6927-412d-981c-9145982a7803@group-CAF6EFCE481F-LeaderElection140] INFO  impl.LeaderElection (LeaderElection.java:logAndReturn(93)) -   Response 0: 7a41c6a3-6927-412d-981c-9145982a7803<-4e57e8a8-e34c-4c63-9ee2-ea20f579f12f#0:FAIL-t3
2021-12-02 10:58:49,840 [EventQueue-OpenPipelineForHealthyPipelineSafeModeRule] INFO  safemode.SCMSafeModeManager (HealthyPipelineSafeModeRule.java:process(124)) - SCM in safe mode. Healthy pipelines reported count is 0, required healthy pipeline reported count is 1
2021-12-02 10:58:49,840 [grpc-default-executor-1] INFO  server.RaftServer$Division (RaftServerImpl.java:requestVote(1046)) - 7a41c6a3-6927-412d-981c-9145982a7803@group-CAF6EFCE481F: receive requestVote(ELECTION, c7ad35ec-beb2-4cf7-bc01-7589f79a3108, group-CAF6EFCE481F, 3, (t:0, i:0))
2021-12-02 10:58:49,840 [grpc-default-executor-1] INFO  impl.VoteContext (VoteContext.java:log(48)) - 7a41c6a3-6927-412d-981c-9145982a7803@group-CAF6EFCE481F-CANDIDATE: reject ELECTION from c7ad35ec-beb2-4cf7-bc01-7589f79a3108: already has voted for 7a41c6a3-6927-412d-981c-9145982a7803 at current term 3
2021-12-02 10:58:49,841 [grpc-default-executor-1] INFO  server.RaftServer$Division (RaftServerImpl.java:requestVote(1078)) - 7a41c6a3-6927-412d-981c-9145982a7803@group-CAF6EFCE481F replies to ELECTION vote request: c7ad35ec-beb2-4cf7-bc01-7589f79a3108<-7a41c6a3-6927-412d-981c-9145982a7803#0:FAIL-t3. Peer's state: 7a41c6a3-6927-412d-981c-9145982a7803@group-CAF6EFCE481F:t3, leader=null, voted=7a41c6a3-6927-412d-981c-9145982a7803, raftlog=7a41c6a3-6927-412d-981c-9145982a7803@group-CAF6EFCE481F-SegmentedRaftLog:OPENED:c-1, conf=-1: [4e57e8a8-e34c-4c63-9ee2-ea20f579f12f|rpc:10.1.0.26:45399|priority:1, 7a41c6a3-6927-412d-981c-9145982a7803|rpc:10.1.0.26:46457|priority:0, c7ad35ec-beb2-4cf7-bc01-7589f79a3108|rpc:10.1.0.26:41139|priority:0], old=null
2021-12-02 10:58:49,844 [7a41c6a3-6927-412d-981c-9145982a7803@group-CAF6EFCE481F-LeaderElection140] INFO  impl.LeaderElection (LeaderElection.java:askForVotes(308)) - 7a41c6a3-6927-412d-981c-9145982a7803@group-CAF6EFCE481F-LeaderElection140 ELECTION round 0: result REJECTED
2021-12-02 10:58:49,844 [7a41c6a3-6927-412d-981c-9145982a7803@group-CAF6EFCE481F-LeaderElection140] INFO  server.RaftServer$Division (RaftServerImpl.java:setRole(290)) - 7a41c6a3-6927-412d-981c-9145982a7803@group-CAF6EFCE481F: changes role from CANDIDATE to FOLLOWER at term 3 for REJECTED
2021-12-02 10:58:49,844 [7a41c6a3-6927-412d-981c-9145982a7803@group-CAF6EFCE481F-LeaderElection140] INFO  impl.RoleInfo (RoleInfo.java:shutdownLeaderElection(121)) - 7a41c6a3-6927-412d-981c-9145982a7803: shutdown 7a41c6a3-6927-412d-981c-9145982a7803@group-CAF6EFCE481F-LeaderElection140
2021-12-02 10:58:49,844 [7a41c6a3-6927-412d-981c-9145982a7803@group-CAF6EFCE481F-LeaderElection140] INFO  impl.RoleInfo (RoleInfo.java:updateAndGet(130)) - 7a41c6a3-6927-412d-981c-9145982a7803: start 7a41c6a3-6927-412d-981c-9145982a7803@group-CAF6EFCE481F-FollowerState
2021-12-02 10:58:49,855 [4e57e8a8-e34c-4c63-9ee2-ea20f579f12f@group-CAF6EFCE481F-LeaderElection141] INFO  impl.LeaderElection (LeaderElection.java:logAndReturn(89)) - 4e57e8a8-e34c-4c63-9ee2-ea20f579f12f@group-CAF6EFCE481F-LeaderElection141: ELECTION REJECTED received 2 response(s) and 0 exception(s):
2021-12-02 10:58:49,855 [4e57e8a8-e34c-4c63-9ee2-ea20f579f12f@group-CAF6EFCE481F-LeaderElection141] INFO  impl.LeaderElection (LeaderElection.java:logAndReturn(93)) -   Response 0: 4e57e8a8-e34c-4c63-9ee2-ea20f579f12f<-7a41c6a3-6927-412d-981c-9145982a7803#0:FAIL-t3
2021-12-02 10:58:49,855 [4e57e8a8-e34c-4c63-9ee2-ea20f579f12f@group-CAF6EFCE481F-LeaderElection141] INFO  impl.LeaderElection (LeaderElection.java:logAndReturn(93)) -   Response 1: 4e57e8a8-e34c-4c63-9ee2-ea20f579f12f<-c7ad35ec-beb2-4cf7-bc01-7589f79a3108#0:FAIL-t3
2021-12-02 10:58:49,859 [4e57e8a8-e34c-4c63-9ee2-ea20f579f12f@group-CAF6EFCE481F-LeaderElection141] INFO  impl.LeaderElection (LeaderElection.java:askForVotes(308)) - 4e57e8a8-e34c-4c63-9ee2-ea20f579f12f@group-CAF6EFCE481F-LeaderElection141 ELECTION round 0: result REJECTED
2021-12-02 10:58:49,859 [4e57e8a8-e34c-4c63-9ee2-ea20f579f12f@group-CAF6EFCE481F-LeaderElection141] INFO  server.RaftServer$Division (RaftServerImpl.java:setRole(290)) - 4e57e8a8-e34c-4c63-9ee2-ea20f579f12f@group-CAF6EFCE481F: changes role from CANDIDATE to FOLLOWER at term 3 for REJECTED
2021-12-02 10:58:49,859 [4e57e8a8-e34c-4c63-9ee2-ea20f579f12f@group-CAF6EFCE481F-LeaderElection141] INFO  impl.RoleInfo (RoleInfo.java:shutdownLeaderElection(121)) - 4e57e8a8-e34c-4c63-9ee2-ea20f579f12f: shutdown 4e57e8a8-e34c-4c63-9ee2-ea20f579f12f@group-CAF6EFCE481F-LeaderElection141
2021-12-02 10:58:49,859 [4e57e8a8-e34c-4c63-9ee2-ea20f579f12f@group-CAF6EFCE481F-LeaderElection141] INFO  impl.RoleInfo (RoleInfo.java:updateAndGet(130)) - 4e57e8a8-e34c-4c63-9ee2-ea20f579f12f: start 4e57e8a8-e34c-4c63-9ee2-ea20f579f12f@group-CAF6EFCE481F-FollowerState
2021-12-02 10:58:50,592 [f82ce74c-d344-4424-8faf-57994d5deae6@group-603896AEA724-FollowerState] INFO  impl.FollowerState (FollowerState.java:run(134)) - f82ce74c-d344-4424-8faf-57994d5deae6@group-603896AEA724-FollowerState: change to CANDIDATE, lastRpcElapsedTime:5135778314ns, electionTimeout:5128ms
2021-12-02 10:58:50,592 [f82ce74c-d344-4424-8faf-57994d5deae6@group-603896AEA724-FollowerState] INFO  impl.RoleInfo (RoleInfo.java:shutdownFollowerState(108)) - f82ce74c-d344-4424-8faf-57994d5deae6: shutdown f82ce74c-d344-4424-8faf-57994d5deae6@group-603896AEA724-FollowerState
2021-12-02 10:58:50,592 [f82ce74c-d344-4424-8faf-57994d5deae6@group-603896AEA724-FollowerState] INFO  server.RaftServer$Division (RaftServerImpl.java:setRole(290)) - f82ce74c-d344-4424-8faf-57994d5deae6@group-603896AEA724: changes role from  FOLLOWER to CANDIDATE at term 0 for changeToCandidate
2021-12-02 10:58:50,592 [f82ce74c-d344-4424-8faf-57994d5deae6@group-603896AEA724-FollowerState] INFO  server.RaftServerConfigKeys (ConfUtils.java:logGet(44)) - raft.server.leaderelection.pre-vote = false (custom)
2021-12-02 10:58:50,592 [f82ce74c-d344-4424-8faf-57994d5deae6@group-603896AEA724-FollowerState] INFO  impl.RoleInfo (RoleInfo.java:updateAndGet(130)) - f82ce74c-d344-4424-8faf-57994d5deae6: start f82ce74c-d344-4424-8faf-57994d5deae6@group-603896AEA724-LeaderElection143
2021-12-02 10:58:50,643 [EventQueue-OpenPipelineForHealthyPipelineSafeModeRule] INFO  safemode.SCMSafeModeManager (HealthyPipelineSafeModeRule.java:process(124)) - SCM in safe mode. Healthy pipelines reported count is 0, required healthy pipeline reported count is 1
2021-12-02 10:58:50,649 [f82ce74c-d344-4424-8faf-57994d5deae6@group-603896AEA724-LeaderElection143] INFO  impl.LeaderElection (LeaderElection.java:askForVotes(306)) - f82ce74c-d344-4424-8faf-57994d5deae6@group-603896AEA724-LeaderElection143 ELECTION round 0: submit vote requests at term 1 for -1: [f82ce74c-d344-4424-8faf-57994d5deae6|rpc:10.1.0.26:34529|priority:1], old=null
2021-12-02 10:58:50,649 [f82ce74c-d344-4424-8faf-57994d5deae6@group-603896AEA724-LeaderElection143] INFO  impl.LeaderElection (LeaderElection.java:askForVotes(308)) - f82ce74c-d344-4424-8faf-57994d5deae6@group-603896AEA724-LeaderElection143 ELECTION round 0: result PASSED (term=1)
2021-12-02 10:58:50,649 [f82ce74c-d344-4424-8faf-57994d5deae6@group-603896AEA724-LeaderElection143] INFO  impl.RoleInfo (RoleInfo.java:shutdownLeaderElection(121)) - f82ce74c-d344-4424-8faf-57994d5deae6: shutdown f82ce74c-d344-4424-8faf-57994d5deae6@group-603896AEA724-LeaderElection143
2021-12-02 10:58:50,649 [f82ce74c-d344-4424-8faf-57994d5deae6@group-603896AEA724-LeaderElection143] INFO  server.RaftServer$Division (RaftServerImpl.java:setRole(290)) - f82ce74c-d344-4424-8faf-57994d5deae6@group-603896AEA724: changes role from CANDIDATE to LEADER at term 1 for changeToLeader
2021-12-02 10:58:50,649 [f82ce74c-d344-4424-8faf-57994d5deae6@group-603896AEA724-LeaderElection143] INFO  ratis.XceiverServerRatis (XceiverServerRatis.java:handleLeaderChangedNotification(866)) - Leader change notification received for group: group-603896AEA724 with new leaderId: f82ce74c-d344-4424-8faf-57994d5deae6
2021-12-02 10:58:50,649 [f82ce74c-d344-4424-8faf-57994d5deae6@group-603896AEA724-LeaderElection143] INFO  server.RaftServer$Division (ServerState.java:setLeader(285)) - f82ce74c-d344-4424-8faf-57994d5deae6@group-603896AEA724: change Leader from null to f82ce74c-d344-4424-8faf-57994d5deae6 at term 1 for becomeLeader, leader elected after 5261ms
2021-12-02 10:58:50,649 [f82ce74c-d344-4424-8faf-57994d5deae6@group-603896AEA724-LeaderElection143] INFO  server.RaftServerConfigKeys (ConfUtils.java:logGet(44)) - raft.server.staging.catchup.gap = 1000 (default)
2021-12-02 10:58:50,650 [f82ce74c-d344-4424-8faf-57994d5deae6@group-603896AEA724-LeaderElection143] INFO  server.RaftServerConfigKeys (ConfUtils.java:logGet(44)) - raft.server.write.element-limit = 1024 (custom)
2021-12-02 10:58:50,650 [f82ce74c-d344-4424-8faf-57994d5deae6@group-603896AEA724-LeaderElection143] INFO  server.RaftServerConfigKeys (ConfUtils.java:logGet(44)) - raft.server.write.byte-limit = 1024 M (=1073741824) (custom)
2021-12-02 10:58:50,651 [f82ce74c-d344-4424-8faf-57994d5deae6@group-603896AEA724-LeaderElection143] INFO  server.RaftServerConfigKeys (ConfUtils.java:logGet(44)) - raft.server.watch.timeout = 180s (custom)
2021-12-02 10:58:50,659 [f82ce74c-d344-4424-8faf-57994d5deae6@group-603896AEA724-LeaderElection143] INFO  server.RaftServerConfigKeys (ConfUtils.java:logGet(44)) - raft.server.watch.timeout.denomination = 1s (default)
2021-12-02 10:58:50,659 [f82ce74c-d344-4424-8faf-57994d5deae6@group-603896AEA724-LeaderElection143] INFO  server.RaftServerConfigKeys (ConfUtils.java:logGet(44)) - raft.server.watch.element-limit = 65536 (default)
2021-12-02 10:58:50,659 [f82ce74c-d344-4424-8faf-57994d5deae6@group-603896AEA724-LeaderElection143] INFO  server.RaftServerConfigKeys (ConfUtils.java:logGet(44)) - raft.server.write.element-limit = 1024 (custom)
2021-12-02 10:58:50,659 [f82ce74c-d344-4424-8faf-57994d5deae6@group-603896AEA724-LeaderElection143] INFO  server.RaftServerConfigKeys (ConfUtils.java:logGet(44)) - raft.server.write.follower.gap.ratio.max = -1.0 (default)
2021-12-02 10:58:50,659 [f82ce74c-d344-4424-8faf-57994d5deae6@group-603896AEA724-LeaderElection143] INFO  impl.RoleInfo (RoleInfo.java:updateAndGet(130)) - f82ce74c-d344-4424-8faf-57994d5deae6: start f82ce74c-d344-4424-8faf-57994d5deae6@group-603896AEA724-LeaderStateImpl
2021-12-02 10:58:50,660 [f82ce74c-d344-4424-8faf-57994d5deae6@group-603896AEA724-LeaderElection143] INFO  segmented.SegmentedRaftLogWorker (SegmentedRaftLogWorker.java:startLogSegment(394)) - f82ce74c-d344-4424-8faf-57994d5deae6@group-603896AEA724-SegmentedRaftLogWorker: Starting segment from index:0
2021-12-02 10:58:50,661 [f82ce74c-d344-4424-8faf-57994d5deae6@group-603896AEA724-SegmentedRaftLogWorker] INFO  segmented.SegmentedRaftLogWorker (SegmentedRaftLogWorker.java:execute(601)) - f82ce74c-d344-4424-8faf-57994d5deae6@group-603896AEA724-SegmentedRaftLogWorker: created new log segment /home/runner/work/ozone/ozone/hadoop-ozone/integration-test/target/test-dir/MiniOzoneClusterImpl-73dd4d89-5651-475a-8e12-7bad855f6dad/datanode-0/data/ratis/2f3e203b-5ac4-424f-ac2c-603896aea724/current/log_inprogress_0
2021-12-02 10:58:50,674 [f82ce74c-d344-4424-8faf-57994d5deae6@group-872A699AD662-FollowerState] INFO  impl.FollowerState (FollowerState.java:run(134)) - f82ce74c-d344-4424-8faf-57994d5deae6@group-872A699AD662-FollowerState: change to CANDIDATE, lastRpcElapsedTime:5167596340ns, electionTimeout:5166ms
2021-12-02 10:58:50,675 [f82ce74c-d344-4424-8faf-57994d5deae6@group-872A699AD662-FollowerState] INFO  impl.RoleInfo (RoleInfo.java:shutdownFollowerState(108)) - f82ce74c-d344-4424-8faf-57994d5deae6: shutdown f82ce74c-d344-4424-8faf-57994d5deae6@group-872A699AD662-FollowerState
2021-12-02 10:58:50,675 [f82ce74c-d344-4424-8faf-57994d5deae6@group-872A699AD662-FollowerState] INFO  server.RaftServer$Division (RaftServerImpl.java:setRole(290)) - f82ce74c-d344-4424-8faf-57994d5deae6@group-872A699AD662: changes role from  FOLLOWER to CANDIDATE at term 0 for changeToCandidate
2021-12-02 10:58:50,675 [f82ce74c-d344-4424-8faf-57994d5deae6@group-872A699AD662-FollowerState] INFO  server.RaftServerConfigKeys (ConfUtils.java:logGet(44)) - raft.server.leaderelection.pre-vote = false (custom)
2021-12-02 10:58:50,675 [f82ce74c-d344-4424-8faf-57994d5deae6@group-872A699AD662-FollowerState] INFO  impl.RoleInfo (RoleInfo.java:updateAndGet(130)) - f82ce74c-d344-4424-8faf-57994d5deae6: start f82ce74c-d344-4424-8faf-57994d5deae6@group-872A699AD662-LeaderElection144
2021-12-02 10:58:50,724 [Listener at 127.0.0.1/45099] INFO  ozone.MiniOzoneClusterImpl (MiniOzoneClusterImpl.java:lambda$waitForClusterToBeReady$0(235)) - Nodes are ready. Got 3 of 3 DN Heartbeats.
2021-12-02 10:58:50,724 [Listener at 127.0.0.1/45099] INFO  ozone.MiniOzoneClusterImpl (MiniOzoneClusterImpl.java:lambda$waitForClusterToBeReady$0(238)) - Waiting for cluster to exit safe mode
2021-12-02 10:58:50,724 [Listener at 127.0.0.1/45099] INFO  ozone.MiniOzoneClusterImpl (MiniOzoneClusterImpl.java:lambda$waitForClusterToBeReady$0(240)) - SCM became leader
2021-12-02 10:58:50,751 [f82ce74c-d344-4424-8faf-57994d5deae6@group-603896AEA724-LeaderElection143] INFO  server.RaftServer$Division (ServerState.java:setRaftConf(387)) - f82ce74c-d344-4424-8faf-57994d5deae6@group-603896AEA724: set configuration 0: [f82ce74c-d344-4424-8faf-57994d5deae6|rpc:10.1.0.26:34529|dataStream:|priority:1], old=null
2021-12-02 10:58:50,753 [f82ce74c-d344-4424-8faf-57994d5deae6@group-872A699AD662-LeaderElection144] INFO  impl.LeaderElection (LeaderElection.java:askForVotes(306)) - f82ce74c-d344-4424-8faf-57994d5deae6@group-872A699AD662-LeaderElection144 ELECTION round 0: submit vote requests at term 1 for -1: [f82ce74c-d344-4424-8faf-57994d5deae6|rpc:10.1.0.26:34529|priority:0, aad1e884-dc0c-43f6-a9fd-14f12d4b30b4|rpc:10.1.0.26:39765|priority:0, 189e5a6c-5aeb-4ebf-ab25-1500da4b2a9e|rpc:10.1.0.26:43265|priority:1], old=null
2021-12-02 10:58:50,763 [EventQueue-OpenPipelineForHealthyPipelineSafeModeRule] INFO  safemode.SCMSafeModeManager (HealthyPipelineSafeModeRule.java:process(124)) - SCM in safe mode. Healthy pipelines reported count is 0, required healthy pipeline reported count is 1
2021-12-02 10:58:50,768 [189e5a6c-5aeb-4ebf-ab25-1500da4b2a9e@group-872A699AD662-FollowerState] INFO  impl.FollowerState (FollowerState.java:run(134)) - 189e5a6c-5aeb-4ebf-ab25-1500da4b2a9e@group-872A699AD662-FollowerState: change to CANDIDATE, lastRpcElapsedTime:5129274717ns, electionTimeout:5112ms
2021-12-02 10:58:50,768 [189e5a6c-5aeb-4ebf-ab25-1500da4b2a9e@group-872A699AD662-FollowerState] INFO  impl.RoleInfo (RoleInfo.java:shutdownFollowerState(108)) - 189e5a6c-5aeb-4ebf-ab25-1500da4b2a9e: shutdown 189e5a6c-5aeb-4ebf-ab25-1500da4b2a9e@group-872A699AD662-FollowerState
2021-12-02 10:58:50,768 [189e5a6c-5aeb-4ebf-ab25-1500da4b2a9e@group-872A699AD662-FollowerState] INFO  server.RaftServer$Division (RaftServerImpl.java:setRole(290)) - 189e5a6c-5aeb-4ebf-ab25-1500da4b2a9e@group-872A699AD662: changes role from  FOLLOWER to CANDIDATE at term 0 for changeToCandidate
2021-12-02 10:58:50,769 [grpc-default-executor-1] INFO  server.RaftServer$Division (RaftServerImpl.java:requestVote(1046)) - aad1e884-dc0c-43f6-a9fd-14f12d4b30b4@group-872A699AD662: receive requestVote(ELECTION, f82ce74c-d344-4424-8faf-57994d5deae6, group-872A699AD662, 1, (t:0, i:0))
2021-12-02 10:58:50,770 [grpc-default-executor-1] INFO  impl.VoteContext (VoteContext.java:log(48)) - aad1e884-dc0c-43f6-a9fd-14f12d4b30b4@group-872A699AD662-FOLLOWER: accept ELECTION from f82ce74c-d344-4424-8faf-57994d5deae6: our priority 0 <= candidate's priority 0
2021-12-02 10:58:50,770 [grpc-default-executor-1] INFO  server.RaftServer$Division (RaftServerImpl.java:setRole(290)) - aad1e884-dc0c-43f6-a9fd-14f12d4b30b4@group-872A699AD662: changes role from  FOLLOWER to FOLLOWER at term 1 for candidate:f82ce74c-d344-4424-8faf-57994d5deae6
2021-12-02 10:58:50,770 [grpc-default-executor-1] INFO  impl.RoleInfo (RoleInfo.java:shutdownFollowerState(108)) - aad1e884-dc0c-43f6-a9fd-14f12d4b30b4: shutdown aad1e884-dc0c-43f6-a9fd-14f12d4b30b4@group-872A699AD662-FollowerState
2021-12-02 10:58:50,801 [grpc-default-executor-1] INFO  impl.RoleInfo (RoleInfo.java:updateAndGet(130)) - aad1e884-dc0c-43f6-a9fd-14f12d4b30b4: start aad1e884-dc0c-43f6-a9fd-14f12d4b30b4@group-872A699AD662-FollowerState
2021-12-02 10:58:50,801 [aad1e884-dc0c-43f6-a9fd-14f12d4b30b4@group-872A699AD662-FollowerState] INFO  impl.FollowerState (FollowerState.java:run(143)) - aad1e884-dc0c-43f6-a9fd-14f12d4b30b4@group-872A699AD662-FollowerState was interrupted: {}
java.lang.InterruptedException: sleep interrupted
	at java.lang.Thread.sleep(Native Method)
	at java.lang.Thread.sleep(Thread.java:340)
	at java.util.concurrent.TimeUnit.sleep(TimeUnit.java:386)
	at org.apache.ratis.util.TimeDuration.sleep(TimeDuration.java:324)
	at org.apache.ratis.util.TimeDuration.sleep(TimeDuration.java:309)
	at org.apache.ratis.server.impl.FollowerState.run(FollowerState.java:118)
2021-12-02 10:58:50,816 [grpc-default-executor-1] INFO  server.RaftServer$Division (RaftServerImpl.java:requestVote(1078)) - aad1e884-dc0c-43f6-a9fd-14f12d4b30b4@group-872A699AD662 replies to ELECTION vote request: f82ce74c-d344-4424-8faf-57994d5deae6<-aad1e884-dc0c-43f6-a9fd-14f12d4b30b4#0:OK-t1. Peer's state: aad1e884-dc0c-43f6-a9fd-14f12d4b30b4@group-872A699AD662:t1, leader=null, voted=f82ce74c-d344-4424-8faf-57994d5deae6, raftlog=aad1e884-dc0c-43f6-a9fd-14f12d4b30b4@group-872A699AD662-SegmentedRaftLog:OPENED:c-1, conf=-1: [f82ce74c-d344-4424-8faf-57994d5deae6|rpc:10.1.0.26:34529|dataStream:|priority:0, aad1e884-dc0c-43f6-a9fd-14f12d4b30b4|rpc:10.1.0.26:39765|dataStream:|priority:0, 189e5a6c-5aeb-4ebf-ab25-1500da4b2a9e|rpc:10.1.0.26:43265|dataStream:|priority:1], old=null
2021-12-02 10:58:50,815 [189e5a6c-5aeb-4ebf-ab25-1500da4b2a9e@group-872A699AD662-FollowerState] INFO  server.RaftServerConfigKeys (ConfUtils.java:logGet(44)) - raft.server.leaderelection.pre-vote = false (custom)
2021-12-02 10:58:50,827 [189e5a6c-5aeb-4ebf-ab25-1500da4b2a9e@group-872A699AD662-FollowerState] INFO  impl.RoleInfo (RoleInfo.java:updateAndGet(130)) - 189e5a6c-5aeb-4ebf-ab25-1500da4b2a9e: start 189e5a6c-5aeb-4ebf-ab25-1500da4b2a9e@group-872A699AD662-LeaderElection145
2021-12-02 10:58:50,808 [grpc-default-executor-3] INFO  server.RaftServer$Division (RaftServerImpl.java:requestVote(1046)) - 189e5a6c-5aeb-4ebf-ab25-1500da4b2a9e@group-872A699AD662: receive requestVote(ELECTION, f82ce74c-d344-4424-8faf-57994d5deae6, group-872A699AD662, 1, (t:0, i:0))
2021-12-02 10:58:50,830 [grpc-default-executor-3] INFO  impl.VoteContext (VoteContext.java:log(48)) - 189e5a6c-5aeb-4ebf-ab25-1500da4b2a9e@group-872A699AD662-CANDIDATE: reject ELECTION from f82ce74c-d344-4424-8faf-57994d5deae6: our priority 1 > candidate's priority 0
2021-12-02 10:58:50,830 [grpc-default-executor-3] INFO  server.RaftServer$Division (RaftServerImpl.java:setRole(290)) - 189e5a6c-5aeb-4ebf-ab25-1500da4b2a9e@group-872A699AD662: changes role from CANDIDATE to FOLLOWER at term 1 for candidate:f82ce74c-d344-4424-8faf-57994d5deae6
2021-12-02 10:58:50,830 [grpc-default-executor-3] INFO  impl.RoleInfo (RoleInfo.java:shutdownLeaderElection(121)) - 189e5a6c-5aeb-4ebf-ab25-1500da4b2a9e: shutdown 189e5a6c-5aeb-4ebf-ab25-1500da4b2a9e@group-872A699AD662-LeaderElection145
2021-12-02 10:58:50,830 [grpc-default-executor-3] INFO  impl.RoleInfo (RoleInfo.java:updateAndGet(130)) - 189e5a6c-5aeb-4ebf-ab25-1500da4b2a9e: start 189e5a6c-5aeb-4ebf-ab25-1500da4b2a9e@group-872A699AD662-FollowerState
2021-12-02 10:58:50,836 [grpc-default-executor-3] INFO  server.RaftServer$Division (RaftServerImpl.java:requestVote(1078)) - 189e5a6c-5aeb-4ebf-ab25-1500da4b2a9e@group-872A699AD662 replies to ELECTION vote request: f82ce74c-d344-4424-8faf-57994d5deae6<-189e5a6c-5aeb-4ebf-ab25-1500da4b2a9e#0:FAIL-t1. Peer's state: 189e5a6c-5aeb-4ebf-ab25-1500da4b2a9e@group-872A699AD662:t1, leader=null, voted=null, raftlog=189e5a6c-5aeb-4ebf-ab25-1500da4b2a9e@group-872A699AD662-SegmentedRaftLog:OPENED:c-1, conf=-1: [f82ce74c-d344-4424-8faf-57994d5deae6|rpc:10.1.0.26:34529|dataStream:|priority:0, aad1e884-dc0c-43f6-a9fd-14f12d4b30b4|rpc:10.1.0.26:39765|dataStream:|priority:0, 189e5a6c-5aeb-4ebf-ab25-1500da4b2a9e|rpc:10.1.0.26:43265|dataStream:|priority:1], old=null
2021-12-02 10:58:50,839 [f82ce74c-d344-4424-8faf-57994d5deae6@group-872A699AD662-LeaderElection144] INFO  impl.LeaderElection (LeaderElection.java:logAndReturn(89)) - f82ce74c-d344-4424-8faf-57994d5deae6@group-872A699AD662-LeaderElection144: ELECTION REJECTED received 2 response(s) and 0 exception(s):
2021-12-02 10:58:50,839 [f82ce74c-d344-4424-8faf-57994d5deae6@group-872A699AD662-LeaderElection144] INFO  impl.LeaderElection (LeaderElection.java:logAndReturn(93)) -   Response 0: f82ce74c-d344-4424-8faf-57994d5deae6<-aad1e884-dc0c-43f6-a9fd-14f12d4b30b4#0:OK-t1
2021-12-02 10:58:50,839 [f82ce74c-d344-4424-8faf-57994d5deae6@group-872A699AD662-LeaderElection144] INFO  impl.LeaderElection (LeaderElection.java:logAndReturn(93)) -   Response 1: f82ce74c-d344-4424-8faf-57994d5deae6<-189e5a6c-5aeb-4ebf-ab25-1500da4b2a9e#0:FAIL-t1
2021-12-02 10:58:50,839 [f82ce74c-d344-4424-8faf-57994d5deae6@group-872A699AD662-LeaderElection144] INFO  impl.LeaderElection (LeaderElection.java:askForVotes(308)) - f82ce74c-d344-4424-8faf-57994d5deae6@group-872A699AD662-LeaderElection144 ELECTION round 0: result REJECTED
2021-12-02 10:58:50,839 [f82ce74c-d344-4424-8faf-57994d5deae6@group-872A699AD662-LeaderElection144] INFO  server.RaftServer$Division (RaftServerImpl.java:setRole(290)) - f82ce74c-d344-4424-8faf-57994d5deae6@group-872A699AD662: changes role from CANDIDATE to FOLLOWER at term 1 for REJECTED
2021-12-02 10:58:50,839 [f82ce74c-d344-4424-8faf-57994d5deae6@group-872A699AD662-LeaderElection144] INFO  impl.RoleInfo (RoleInfo.java:shutdownLeaderElection(121)) - f82ce74c-d344-4424-8faf-57994d5deae6: shutdown f82ce74c-d344-4424-8faf-57994d5deae6@group-872A699AD662-LeaderElection144
2021-12-02 10:58:50,839 [f82ce74c-d344-4424-8faf-57994d5deae6@group-872A699AD662-LeaderElection144] INFO  impl.RoleInfo (RoleInfo.java:updateAndGet(130)) - f82ce74c-d344-4424-8faf-57994d5deae6: start f82ce74c-d344-4424-8faf-57994d5deae6@group-872A699AD662-FollowerState
2021-12-02 10:58:50,864 [189e5a6c-5aeb-4ebf-ab25-1500da4b2a9e@group-872A699AD662-LeaderElection145] INFO  impl.LeaderElection (LeaderElection.java:run(230)) - 189e5a6c-5aeb-4ebf-ab25-1500da4b2a9e@group-872A699AD662-LeaderElection145: skip running since this is already CLOSING
2021-12-02 10:58:50,986 [189e5a6c-5aeb-4ebf-ab25-1500da4b2a9e@group-C1B0949CCB96-FollowerState] INFO  impl.FollowerState (FollowerState.java:run(134)) - 189e5a6c-5aeb-4ebf-ab25-1500da4b2a9e@group-C1B0949CCB96-FollowerState: change to CANDIDATE, lastRpcElapsedTime:5034563872ns, electionTimeout:5005ms
2021-12-02 10:58:50,986 [189e5a6c-5aeb-4ebf-ab25-1500da4b2a9e@group-C1B0949CCB96-FollowerState] INFO  impl.RoleInfo (RoleInfo.java:shutdownFollowerState(108)) - 189e5a6c-5aeb-4ebf-ab25-1500da4b2a9e: shutdown 189e5a6c-5aeb-4ebf-ab25-1500da4b2a9e@group-C1B0949CCB96-FollowerState
2021-12-02 10:58:50,986 [189e5a6c-5aeb-4ebf-ab25-1500da4b2a9e@group-C1B0949CCB96-FollowerState] INFO  server.RaftServer$Division (RaftServerImpl.java:setRole(290)) - 189e5a6c-5aeb-4ebf-ab25-1500da4b2a9e@group-C1B0949CCB96: changes role from  FOLLOWER to CANDIDATE at term 0 for changeToCandidate
2021-12-02 10:58:50,986 [189e5a6c-5aeb-4ebf-ab25-1500da4b2a9e@group-C1B0949CCB96-FollowerState] INFO  server.RaftServerConfigKeys (ConfUtils.java:logGet(44)) - raft.server.leaderelection.pre-vote = false (custom)
2021-12-02 10:58:50,986 [189e5a6c-5aeb-4ebf-ab25-1500da4b2a9e@group-C1B0949CCB96-FollowerState] INFO  impl.RoleInfo (RoleInfo.java:updateAndGet(130)) - 189e5a6c-5aeb-4ebf-ab25-1500da4b2a9e: start 189e5a6c-5aeb-4ebf-ab25-1500da4b2a9e@group-C1B0949CCB96-LeaderElection146
2021-12-02 10:58:51,034 [189e5a6c-5aeb-4ebf-ab25-1500da4b2a9e@group-C1B0949CCB96-LeaderElection146] INFO  impl.LeaderElection (LeaderElection.java:askForVotes(306)) - 189e5a6c-5aeb-4ebf-ab25-1500da4b2a9e@group-C1B0949CCB96-LeaderElection146 ELECTION round 0: submit vote requests at term 1 for -1: [189e5a6c-5aeb-4ebf-ab25-1500da4b2a9e|rpc:10.1.0.26:43265|priority:1], old=null
2021-12-02 10:58:51,034 [189e5a6c-5aeb-4ebf-ab25-1500da4b2a9e@group-C1B0949CCB96-LeaderElection146] INFO  impl.LeaderElection (LeaderElection.java:askForVotes(308)) - 189e5a6c-5aeb-4ebf-ab25-1500da4b2a9e@group-C1B0949CCB96-LeaderElection146 ELECTION round 0: result PASSED (term=1)
2021-12-02 10:58:51,034 [189e5a6c-5aeb-4ebf-ab25-1500da4b2a9e@group-C1B0949CCB96-LeaderElection146] INFO  impl.RoleInfo (RoleInfo.java:shutdownLeaderElection(121)) - 189e5a6c-5aeb-4ebf-ab25-1500da4b2a9e: shutdown 189e5a6c-5aeb-4ebf-ab25-1500da4b2a9e@group-C1B0949CCB96-LeaderElection146
2021-12-02 10:58:51,034 [189e5a6c-5aeb-4ebf-ab25-1500da4b2a9e@group-C1B0949CCB96-LeaderElection146] INFO  server.RaftServer$Division (RaftServerImpl.java:setRole(290)) - 189e5a6c-5aeb-4ebf-ab25-1500da4b2a9e@group-C1B0949CCB96: changes role from CANDIDATE to LEADER at term 1 for changeToLeader
2021-12-02 10:58:51,034 [189e5a6c-5aeb-4ebf-ab25-1500da4b2a9e@group-C1B0949CCB96-LeaderElection146] INFO  ratis.XceiverServerRatis (XceiverServerRatis.java:handleLeaderChangedNotification(866)) - Leader change notification received for group: group-C1B0949CCB96 with new leaderId: 189e5a6c-5aeb-4ebf-ab25-1500da4b2a9e
2021-12-02 10:58:51,034 [189e5a6c-5aeb-4ebf-ab25-1500da4b2a9e@group-C1B0949CCB96-LeaderElection146] INFO  server.RaftServer$Division (ServerState.java:setLeader(285)) - 189e5a6c-5aeb-4ebf-ab25-1500da4b2a9e@group-C1B0949CCB96: change Leader from null to 189e5a6c-5aeb-4ebf-ab25-1500da4b2a9e at term 1 for becomeLeader, leader elected after 5129ms
2021-12-02 10:58:51,034 [189e5a6c-5aeb-4ebf-ab25-1500da4b2a9e@group-C1B0949CCB96-LeaderElection146] INFO  server.RaftServerConfigKeys (ConfUtils.java:logGet(44)) - raft.server.staging.catchup.gap = 1000 (default)
2021-12-02 10:58:51,035 [189e5a6c-5aeb-4ebf-ab25-1500da4b2a9e@group-C1B0949CCB96-LeaderElection146] INFO  server.RaftServerConfigKeys (ConfUtils.java:logGet(44)) - raft.server.write.element-limit = 1024 (custom)
2021-12-02 10:58:51,035 [189e5a6c-5aeb-4ebf-ab25-1500da4b2a9e@group-C1B0949CCB96-LeaderElection146] INFO  server.RaftServerConfigKeys (ConfUtils.java:logGet(44)) - raft.server.write.byte-limit = 1024 M (=1073741824) (custom)
2021-12-02 10:58:51,035 [189e5a6c-5aeb-4ebf-ab25-1500da4b2a9e@group-C1B0949CCB96-LeaderElection146] INFO  server.RaftServerConfigKeys (ConfUtils.java:logGet(44)) - raft.server.watch.timeout = 180s (custom)
2021-12-02 10:58:51,035 [189e5a6c-5aeb-4ebf-ab25-1500da4b2a9e@group-C1B0949CCB96-LeaderElection146] INFO  server.RaftServerConfigKeys (ConfUtils.java:logGet(44)) - raft.server.watch.timeout.denomination = 1s (default)
2021-12-02 10:58:51,035 [189e5a6c-5aeb-4ebf-ab25-1500da4b2a9e@group-C1B0949CCB96-LeaderElection146] INFO  server.RaftServerConfigKeys (ConfUtils.java:logGet(44)) - raft.server.watch.element-limit = 65536 (default)
2021-12-02 10:58:51,035 [189e5a6c-5aeb-4ebf-ab25-1500da4b2a9e@group-C1B0949CCB96-LeaderElection146] INFO  server.RaftServerConfigKeys (ConfUtils.java:logGet(44)) - raft.server.write.element-limit = 1024 (custom)
2021-12-02 10:58:51,035 [189e5a6c-5aeb-4ebf-ab25-1500da4b2a9e@group-C1B0949CCB96-LeaderElection146] INFO  server.RaftServerConfigKeys (ConfUtils.java:logGet(44)) - raft.server.write.follower.gap.ratio.max = -1.0 (default)
2021-12-02 10:58:51,036 [189e5a6c-5aeb-4ebf-ab25-1500da4b2a9e@group-C1B0949CCB96-LeaderElection146] INFO  impl.RoleInfo (RoleInfo.java:updateAndGet(130)) - 189e5a6c-5aeb-4ebf-ab25-1500da4b2a9e: start 189e5a6c-5aeb-4ebf-ab25-1500da4b2a9e@group-C1B0949CCB96-LeaderStateImpl
2021-12-02 10:58:51,036 [189e5a6c-5aeb-4ebf-ab25-1500da4b2a9e@group-C1B0949CCB96-LeaderElection146] INFO  segmented.SegmentedRaftLogWorker (SegmentedRaftLogWorker.java:startLogSegment(394)) - 189e5a6c-5aeb-4ebf-ab25-1500da4b2a9e@group-C1B0949CCB96-SegmentedRaftLogWorker: Starting segment from index:0
2021-12-02 10:58:51,038 [189e5a6c-5aeb-4ebf-ab25-1500da4b2a9e@group-C1B0949CCB96-SegmentedRaftLogWorker] INFO  segmented.SegmentedRaftLogWorker (SegmentedRaftLogWorker.java:execute(601)) - 189e5a6c-5aeb-4ebf-ab25-1500da4b2a9e@group-C1B0949CCB96-SegmentedRaftLogWorker: created new log segment /home/runner/work/ozone/ozone/hadoop-ozone/integration-test/target/test-dir/MiniOzoneClusterImpl-73dd4d89-5651-475a-8e12-7bad855f6dad/datanode-2/data/ratis/cf7db236-bb1d-4afc-8b19-c1b0949ccb96/current/log_inprogress_0
2021-12-02 10:58:51,070 [189e5a6c-5aeb-4ebf-ab25-1500da4b2a9e@group-C1B0949CCB96-LeaderElection146] INFO  server.RaftServer$Division (ServerState.java:setRaftConf(387)) - 189e5a6c-5aeb-4ebf-ab25-1500da4b2a9e@group-C1B0949CCB96: set configuration 0: [189e5a6c-5aeb-4ebf-ab25-1500da4b2a9e|rpc:10.1.0.26:43265|dataStream:|priority:1], old=null
2021-12-02 10:58:51,343 [EventQueue-OpenPipelineForHealthyPipelineSafeModeRule] INFO  safemode.SCMSafeModeManager (HealthyPipelineSafeModeRule.java:process(124)) - SCM in safe mode. Healthy pipelines reported count is 0, required healthy pipeline reported count is 1
2021-12-02 10:58:51,724 [Listener at 127.0.0.1/45099] INFO  ozone.MiniOzoneClusterImpl (MiniOzoneClusterImpl.java:lambda$waitForClusterToBeReady$0(235)) - Nodes are ready. Got 3 of 3 DN Heartbeats.
2021-12-02 10:58:51,724 [Listener at 127.0.0.1/45099] INFO  ozone.MiniOzoneClusterImpl (MiniOzoneClusterImpl.java:lambda$waitForClusterToBeReady$0(238)) - Waiting for cluster to exit safe mode
2021-12-02 10:58:51,724 [Listener at 127.0.0.1/45099] INFO  ozone.MiniOzoneClusterImpl (MiniOzoneClusterImpl.java:lambda$waitForClusterToBeReady$0(240)) - SCM became leader
2021-12-02 10:58:51,950 [Time-limited test] INFO  upgrade.UpgradeFinalizer (SCMUpgradeFinalizer.java:postFinalizeUpgrade(115)) - Waiting for at least one open pipeline after SCM finalization.
2021-12-02 10:58:52,264 [EventQueue-OpenPipelineForHealthyPipelineSafeModeRule] INFO  safemode.SCMSafeModeManager (HealthyPipelineSafeModeRule.java:process(124)) - SCM in safe mode. Healthy pipelines reported count is 0, required healthy pipeline reported count is 1
2021-12-02 10:58:52,372 [Mini-Cluster-Provider-Reap] INFO  statemachine.DatanodeStateMachine (DatanodeStateMachine.java:stopDaemon(526)) - Ozone container server stopped.
2021-12-02 10:58:52,383 [Mini-Cluster-Provider-Reap] INFO  handler.ContextHandler (ContextHandler.java:doStop(1153)) - Stopped o.e.j.w.WebAppContext@75a1f474{hddsDatanode,/,null,STOPPED}{jar:file:/home/runner/.m2/repository/org/apache/ozone/hdds-container-service/1.3.0-SNAPSHOT/hdds-container-service-1.3.0-SNAPSHOT.jar!/webapps/hddsDatanode}
2021-12-02 10:58:52,447 [Mini-Cluster-Provider-Reap] INFO  server.AbstractConnector (AbstractConnector.java:doStop(381)) - Stopped ServerConnector@316d133e{HTTP/1.1, (http/1.1)}{0.0.0.0:38647}
2021-12-02 10:58:52,447 [Mini-Cluster-Provider-Reap] INFO  server.session (HouseKeeper.java:stopScavenging(149)) - node0 Stopped scavenging
2021-12-02 10:58:52,460 [Mini-Cluster-Provider-Reap] INFO  handler.ContextHandler (ContextHandler.java:doStop(1153)) - Stopped o.e.j.s.ServletContextHandler@50aeb201{static,/static,jar:file:/home/runner/.m2/repository/org/apache/ozone/hdds-container-service/1.3.0-SNAPSHOT/hdds-container-service-1.3.0-SNAPSHOT.jar!/webapps/static,STOPPED}
2021-12-02 10:58:52,461 [Mini-Cluster-Provider-Reap] INFO  handler.ContextHandler (ContextHandler.java:doStop(1153)) - Stopped o.e.j.s.ServletContextHandler@697f0547{logs,/logs,file:///home/runner/work/ozone/ozone/hadoop-ozone/integration-test/target/log,STOPPED}
2021-12-02 10:58:52,468 [Mini-Cluster-Provider-Reap] INFO  ozone.MiniOzoneClusterImpl (MiniOzoneClusterImpl.java:stopSCM(542)) - Stopping the StorageContainerManager
2021-12-02 10:58:52,468 [Mini-Cluster-Provider-Reap] INFO  server.StorageContainerManager (StorageContainerManager.java:stop(1395)) - Stopping Container Balancer service.
2021-12-02 10:58:52,468 [Mini-Cluster-Provider-Reap] INFO  balancer.ContainerBalancer (ContainerBalancer.java:stop(734)) - Container Balancer is not running.
2021-12-02 10:58:52,468 [Mini-Cluster-Provider-Reap] INFO  server.StorageContainerManager (StorageContainerManager.java:stop(1402)) - Stopping Replication Manager Service.
2021-12-02 10:58:52,468 [Mini-Cluster-Provider-Reap] INFO  container.ReplicationManager (ReplicationManager.java:stop(350)) - Stopping Replication Monitor Thread.
2021-12-02 10:58:52,468 [Mini-Cluster-Provider-Reap] INFO  server.StorageContainerManager (StorageContainerManager.java:stop(1409)) - Stopping the Datanode Admin Monitor.
2021-12-02 10:58:52,468 [Mini-Cluster-Provider-Reap] INFO  server.StorageContainerManager (StorageContainerManager.java:stop(1416)) - Stopping Lease Manager of the command watchers
2021-12-02 10:58:52,468 [Mini-Cluster-Provider-Reap] INFO  server.StorageContainerManager (StorageContainerManager.java:stop(1423)) - Stopping datanode service RPC server
2021-12-02 10:58:52,468 [Mini-Cluster-Provider-Reap] INFO  server.SCMDatanodeProtocolServer (SCMDatanodeProtocolServer.java:stop(389)) - Stopping the RPC server for DataNodes
2021-12-02 10:58:52,468 [Mini-Cluster-Provider-Reap] INFO  ipc.Server (Server.java:stop(3414)) - Stopping server on 41433
2021-12-02 10:58:52,472 [IPC Server listener on 0] INFO  ipc.Server (Server.java:run(1376)) - Stopping IPC Server listener on 0
2021-12-02 10:58:52,521 [IPC Server Responder] INFO  ipc.Server (Server.java:run(1512)) - Stopping IPC Server Responder
2021-12-02 10:58:52,527 [SCM Heartbeat Processing Thread - 0] WARN  node.NodeStateManager (NodeStateManager.java:scheduleNextHealthCheck(799)) - Current Thread is interrupted, shutting down HB processing thread for Node Manager.
2021-12-02 10:58:52,527 [Mini-Cluster-Provider-Reap] INFO  server.StorageContainerManager (StorageContainerManager.java:stop(1431)) - Stopping block service RPC server
2021-12-02 10:58:52,527 [Mini-Cluster-Provider-Reap] INFO  server.SCMBlockProtocolServer (SCMBlockProtocolServer.java:stop(160)) - Stopping the RPC server for Block Protocol
2021-12-02 10:58:52,527 [Mini-Cluster-Provider-Reap] INFO  ipc.Server (Server.java:stop(3414)) - Stopping server on 46079
2021-12-02 10:58:52,559 [Mini-Cluster-Provider-Reap] INFO  server.StorageContainerManager (StorageContainerManager.java:stop(1438)) - Stopping the StorageContainerLocationProtocol RPC server
2021-12-02 10:58:52,559 [Mini-Cluster-Provider-Reap] INFO  server.SCMClientProtocolServer (SCMClientProtocolServer.java:stop(173)) - Stopping the RPC server for Client Protocol
2021-12-02 10:58:52,559 [Mini-Cluster-Provider-Reap] INFO  ipc.Server (Server.java:stop(3414)) - Stopping server on 41293
2021-12-02 10:58:52,559 [IPC Server Responder] INFO  ipc.Server (Server.java:run(1512)) - Stopping IPC Server Responder
2021-12-02 10:58:52,564 [IPC Server listener on 0] INFO  ipc.Server (Server.java:run(1376)) - Stopping IPC Server listener on 0
2021-12-02 10:58:52,606 [IPC Server listener on 0] INFO  ipc.Server (Server.java:run(1376)) - Stopping IPC Server listener on 0
2021-12-02 10:58:52,647 [EventQueue-OpenPipelineForHealthyPipelineSafeModeRule] INFO  safemode.SCMSafeModeManager (HealthyPipelineSafeModeRule.java:process(124)) - SCM in safe mode. Healthy pipelines reported count is 0, required healthy pipeline reported count is 1
2021-12-02 10:58:52,654 [Mini-Cluster-Provider-Reap] INFO  server.StorageContainerManager (StorageContainerManager.java:stop(1445)) - Stopping Storage Container Manager HTTP server.
2021-12-02 10:58:52,654 [IPC Server Responder] INFO  ipc.Server (Server.java:run(1512)) - Stopping IPC Server Responder
2021-12-02 10:58:52,659 [Mini-Cluster-Provider-Reap] INFO  handler.ContextHandler (ContextHandler.java:doStop(1153)) - Stopped o.e.j.w.WebAppContext@66e5419{scm,/,null,STOPPED}{file:/home/runner/work/ozone/ozone/hadoop-ozone/integration-test/target/test-classes/webapps/scm}
2021-12-02 10:58:52,659 [Mini-Cluster-Provider-Reap] INFO  server.AbstractConnector (AbstractConnector.java:doStop(381)) - Stopped ServerConnector@1930f40a{HTTP/1.1, (http/1.1)}{0.0.0.0:0}
2021-12-02 10:58:52,659 [Mini-Cluster-Provider-Reap] INFO  server.session (HouseKeeper.java:stopScavenging(149)) - node0 Stopped scavenging
2021-12-02 10:58:52,659 [Mini-Cluster-Provider-Reap] INFO  handler.ContextHandler (ContextHandler.java:doStop(1153)) - Stopped o.e.j.s.ServletContextHandler@4282e4e5{static,/static,file:///home/runner/work/ozone/ozone/hadoop-ozone/integration-test/target/test-classes/webapps/static,STOPPED}
2021-12-02 10:58:52,660 [Mini-Cluster-Provider-Reap] INFO  handler.ContextHandler (ContextHandler.java:doStop(1153)) - Stopped o.e.j.s.ServletContextHandler@9e51f0{logs,/logs,file:///home/runner/work/ozone/ozone/hadoop-ozone/integration-test/target/log,STOPPED}
2021-12-02 10:58:52,722 [Mini-Cluster-Provider-Reap] INFO  server.StorageContainerManager (StorageContainerManager.java:stop(1456)) - Stopping Block Manager Service.
2021-12-02 10:58:52,722 [Mini-Cluster-Provider-Reap] INFO  utils.BackgroundService (BackgroundService.java:shutdown(132)) - Shutting down service SCMBlockDeletingService
2021-12-02 10:58:52,728 [Mini-Cluster-Provider-Reap] INFO  utils.BackgroundService (BackgroundService.java:shutdown(132)) - Shutting down service SCMBlockDeletingService
2021-12-02 10:58:52,728 [Mini-Cluster-Provider-Reap] INFO  server.StorageContainerManager (StorageContainerManager.java:stop(1483)) - Stopping SCM Event Queue.
2021-12-02 10:58:52,733 [Mini-Cluster-Provider-Reap] INFO  server.StorageContainerManager (StorageContainerManager.java:stop(1494)) - Stopping SCM HA services.
2021-12-02 10:58:52,733 [Mini-Cluster-Provider-Reap] INFO  pipeline.BackgroundPipelineCreator (BackgroundPipelineCreator.java:stop(158)) - Stopping RatisPipelineUtilsThread.
2021-12-02 10:58:52,733 [Mini-Cluster-Provider-Reap] INFO  server.StorageContainerManager (StorageContainerManager.java:stop(1504)) - Stopping SCM MetadataStore.
2021-12-02 10:58:52,734 [Mini-Cluster-Provider-Reap] INFO  impl.MetricsSystemImpl (MetricsSystemImpl.java:stop(210)) - Stopping HddsDatanode metrics system...
2021-12-02 10:58:52,736 [prometheus] INFO  impl.MetricsSinkAdapter (MetricsSinkAdapter.java:publishMetricsFromQueue(141)) - prometheus thread interrupted.
2021-12-02 10:58:52,737 [Mini-Cluster-Provider-Reap] INFO  impl.MetricsSystemImpl (MetricsSystemImpl.java:stop(216)) - HddsDatanode metrics system stopped.
2021-12-02 10:58:52,765 [Listener at 127.0.0.1/45099] INFO  ozone.MiniOzoneClusterImpl (MiniOzoneClusterImpl.java:lambda$waitForClusterToBeReady$0(235)) - Nodes are ready. Got 3 of 3 DN Heartbeats.
2021-12-02 10:58:52,765 [Listener at 127.0.0.1/45099] INFO  ozone.MiniOzoneClusterImpl (MiniOzoneClusterImpl.java:lambda$waitForClusterToBeReady$0(238)) - Waiting for cluster to exit safe mode
2021-12-02 10:58:52,765 [Listener at 127.0.0.1/45099] INFO  ozone.MiniOzoneClusterImpl (MiniOzoneClusterImpl.java:lambda$waitForClusterToBeReady$0(240)) - SCM became leader
2021-12-02 10:58:53,265 [EventQueue-OpenPipelineForHealthyPipelineSafeModeRule] INFO  safemode.SCMSafeModeManager (HealthyPipelineSafeModeRule.java:process(124)) - SCM in safe mode. Healthy pipelines reported count is 0, required healthy pipeline reported count is 1
2021-12-02 10:58:53,345 [EventQueue-OpenPipelineForHealthyPipelineSafeModeRule] INFO  safemode.SCMSafeModeManager (HealthyPipelineSafeModeRule.java:process(124)) - SCM in safe mode. Healthy pipelines reported count is 0, required healthy pipeline reported count is 1
2021-12-02 10:58:53,651 [EventQueue-OpenPipelineForHealthyPipelineSafeModeRule] INFO  safemode.SCMSafeModeManager (HealthyPipelineSafeModeRule.java:process(124)) - SCM in safe mode. Healthy pipelines reported count is 0, required healthy pipeline reported count is 1
2021-12-02 10:58:53,765 [Listener at 127.0.0.1/45099] INFO  ozone.MiniOzoneClusterImpl (MiniOzoneClusterImpl.java:lambda$waitForClusterToBeReady$0(235)) - Nodes are ready. Got 3 of 3 DN Heartbeats.
2021-12-02 10:58:53,765 [Listener at 127.0.0.1/45099] INFO  ozone.MiniOzoneClusterImpl (MiniOzoneClusterImpl.java:lambda$waitForClusterToBeReady$0(238)) - Waiting for cluster to exit safe mode
2021-12-02 10:58:53,765 [Listener at 127.0.0.1/45099] INFO  ozone.MiniOzoneClusterImpl (MiniOzoneClusterImpl.java:lambda$waitForClusterToBeReady$0(240)) - SCM became leader
2021-12-02 10:58:54,352 [EventQueue-OpenPipelineForHealthyPipelineSafeModeRule] INFO  safemode.SCMSafeModeManager (HealthyPipelineSafeModeRule.java:process(124)) - SCM in safe mode. Healthy pipelines reported count is 0, required healthy pipeline reported count is 1
2021-12-02 10:58:54,767 [Listener at 127.0.0.1/45099] INFO  ozone.MiniOzoneClusterImpl (MiniOzoneClusterImpl.java:lambda$waitForClusterToBeReady$0(235)) - Nodes are ready. Got 3 of 3 DN Heartbeats.
2021-12-02 10:58:54,768 [Listener at 127.0.0.1/45099] INFO  ozone.MiniOzoneClusterImpl (MiniOzoneClusterImpl.java:lambda$waitForClusterToBeReady$0(238)) - Waiting for cluster to exit safe mode
2021-12-02 10:58:54,768 [Listener at 127.0.0.1/45099] INFO  ozone.MiniOzoneClusterImpl (MiniOzoneClusterImpl.java:lambda$waitForClusterToBeReady$0(240)) - SCM became leader
2021-12-02 10:58:54,967 [c7ad35ec-beb2-4cf7-bc01-7589f79a3108@group-CAF6EFCE481F-FollowerState] INFO  impl.FollowerState (FollowerState.java:run(134)) - c7ad35ec-beb2-4cf7-bc01-7589f79a3108@group-CAF6EFCE481F-FollowerState: change to CANDIDATE, lastRpcElapsedTime:5128886708ns, electionTimeout:5121ms
2021-12-02 10:58:54,967 [c7ad35ec-beb2-4cf7-bc01-7589f79a3108@group-CAF6EFCE481F-FollowerState] INFO  impl.RoleInfo (RoleInfo.java:shutdownFollowerState(108)) - c7ad35ec-beb2-4cf7-bc01-7589f79a3108: shutdown c7ad35ec-beb2-4cf7-bc01-7589f79a3108@group-CAF6EFCE481F-FollowerState
2021-12-02 10:58:54,967 [c7ad35ec-beb2-4cf7-bc01-7589f79a3108@group-CAF6EFCE481F-FollowerState] INFO  server.RaftServer$Division (RaftServerImpl.java:setRole(290)) - c7ad35ec-beb2-4cf7-bc01-7589f79a3108@group-CAF6EFCE481F: changes role from  FOLLOWER to CANDIDATE at term 3 for changeToCandidate
2021-12-02 10:58:54,967 [c7ad35ec-beb2-4cf7-bc01-7589f79a3108@group-CAF6EFCE481F-FollowerState] INFO  server.RaftServerConfigKeys (ConfUtils.java:logGet(44)) - raft.server.leaderelection.pre-vote = false (custom)
2021-12-02 10:58:54,967 [c7ad35ec-beb2-4cf7-bc01-7589f79a3108@group-CAF6EFCE481F-FollowerState] INFO  impl.RoleInfo (RoleInfo.java:updateAndGet(130)) - c7ad35ec-beb2-4cf7-bc01-7589f79a3108: start c7ad35ec-beb2-4cf7-bc01-7589f79a3108@group-CAF6EFCE481F-LeaderElection147
2021-12-02 10:58:54,998 [c7ad35ec-beb2-4cf7-bc01-7589f79a3108@group-CAF6EFCE481F-LeaderElection147] INFO  impl.LeaderElection (LeaderElection.java:askForVotes(306)) - c7ad35ec-beb2-4cf7-bc01-7589f79a3108@group-CAF6EFCE481F-LeaderElection147 ELECTION round 0: submit vote requests at term 4 for -1: [4e57e8a8-e34c-4c63-9ee2-ea20f579f12f|rpc:10.1.0.26:45399|dataStream:|priority:1, 7a41c6a3-6927-412d-981c-9145982a7803|rpc:10.1.0.26:46457|dataStream:|priority:0, c7ad35ec-beb2-4cf7-bc01-7589f79a3108|rpc:10.1.0.26:41139|dataStream:|priority:0], old=null
2021-12-02 10:58:55,004 [grpc-default-executor-3] INFO  server.RaftServer$Division (RaftServerImpl.java:requestVote(1046)) - 4e57e8a8-e34c-4c63-9ee2-ea20f579f12f@group-CAF6EFCE481F: receive requestVote(ELECTION, c7ad35ec-beb2-4cf7-bc01-7589f79a3108, group-CAF6EFCE481F, 4, (t:0, i:0))
2021-12-02 10:58:55,004 [grpc-default-executor-3] INFO  impl.VoteContext (VoteContext.java:log(48)) - 4e57e8a8-e34c-4c63-9ee2-ea20f579f12f@group-CAF6EFCE481F-FOLLOWER: reject ELECTION from c7ad35ec-beb2-4cf7-bc01-7589f79a3108: our priority 1 > candidate's priority 0
2021-12-02 10:58:55,004 [grpc-default-executor-3] INFO  server.RaftServer$Division (RaftServerImpl.java:setRole(290)) - 4e57e8a8-e34c-4c63-9ee2-ea20f579f12f@group-CAF6EFCE481F: changes role from  FOLLOWER to FOLLOWER at term 4 for candidate:c7ad35ec-beb2-4cf7-bc01-7589f79a3108
2021-12-02 10:58:55,004 [grpc-default-executor-3] INFO  impl.RoleInfo (RoleInfo.java:shutdownFollowerState(108)) - 4e57e8a8-e34c-4c63-9ee2-ea20f579f12f: shutdown 4e57e8a8-e34c-4c63-9ee2-ea20f579f12f@group-CAF6EFCE481F-FollowerState
2021-12-02 10:58:55,005 [grpc-default-executor-3] INFO  impl.RoleInfo (RoleInfo.java:updateAndGet(130)) - 4e57e8a8-e34c-4c63-9ee2-ea20f579f12f: start 4e57e8a8-e34c-4c63-9ee2-ea20f579f12f@group-CAF6EFCE481F-FollowerState
2021-12-02 10:58:55,006 [4e57e8a8-e34c-4c63-9ee2-ea20f579f12f@group-CAF6EFCE481F-FollowerState] INFO  impl.FollowerState (FollowerState.java:run(143)) - 4e57e8a8-e34c-4c63-9ee2-ea20f579f12f@group-CAF6EFCE481F-FollowerState was interrupted: {}
java.lang.InterruptedException: sleep interrupted
	at java.lang.Thread.sleep(Native Method)
	at java.lang.Thread.sleep(Thread.java:340)
	at java.util.concurrent.TimeUnit.sleep(TimeUnit.java:386)
	at org.apache.ratis.util.TimeDuration.sleep(TimeDuration.java:324)
	at org.apache.ratis.util.TimeDuration.sleep(TimeDuration.java:309)
	at org.apache.ratis.server.impl.FollowerState.run(FollowerState.java:118)
2021-12-02 10:58:55,006 [7a41c6a3-6927-412d-981c-9145982a7803@group-CAF6EFCE481F-FollowerState] INFO  impl.FollowerState (FollowerState.java:run(134)) - 7a41c6a3-6927-412d-981c-9145982a7803@group-CAF6EFCE481F-FollowerState: change to CANDIDATE, lastRpcElapsedTime:5162242229ns, electionTimeout:5145ms
2021-12-02 10:58:55,006 [7a41c6a3-6927-412d-981c-9145982a7803@group-CAF6EFCE481F-FollowerState] INFO  impl.RoleInfo (RoleInfo.java:shutdownFollowerState(108)) - 7a41c6a3-6927-412d-981c-9145982a7803: shutdown 7a41c6a3-6927-412d-981c-9145982a7803@group-CAF6EFCE481F-FollowerState
2021-12-02 10:58:55,007 [7a41c6a3-6927-412d-981c-9145982a7803@group-CAF6EFCE481F-FollowerState] INFO  server.RaftServer$Division (RaftServerImpl.java:setRole(290)) - 7a41c6a3-6927-412d-981c-9145982a7803@group-CAF6EFCE481F: changes role from  FOLLOWER to CANDIDATE at term 3 for changeToCandidate
2021-12-02 10:58:55,008 [grpc-default-executor-1] INFO  server.RaftServer$Division (RaftServerImpl.java:requestVote(1046)) - 7a41c6a3-6927-412d-981c-9145982a7803@group-CAF6EFCE481F: receive requestVote(ELECTION, c7ad35ec-beb2-4cf7-bc01-7589f79a3108, group-CAF6EFCE481F, 4, (t:0, i:0))
2021-12-02 10:58:55,008 [7a41c6a3-6927-412d-981c-9145982a7803@group-CAF6EFCE481F-FollowerState] INFO  server.RaftServerConfigKeys (ConfUtils.java:logGet(44)) - raft.server.leaderelection.pre-vote = false (custom)
2021-12-02 10:58:55,008 [7a41c6a3-6927-412d-981c-9145982a7803@group-CAF6EFCE481F-FollowerState] INFO  impl.RoleInfo (RoleInfo.java:updateAndGet(130)) - 7a41c6a3-6927-412d-981c-9145982a7803: start 7a41c6a3-6927-412d-981c-9145982a7803@group-CAF6EFCE481F-LeaderElection148
2021-12-02 10:58:55,009 [grpc-default-executor-1] INFO  impl.VoteContext (VoteContext.java:log(48)) - 7a41c6a3-6927-412d-981c-9145982a7803@group-CAF6EFCE481F-CANDIDATE: accept ELECTION from c7ad35ec-beb2-4cf7-bc01-7589f79a3108: our priority 0 <= candidate's priority 0
2021-12-02 10:58:55,009 [grpc-default-executor-1] INFO  server.RaftServer$Division (RaftServerImpl.java:setRole(290)) - 7a41c6a3-6927-412d-981c-9145982a7803@group-CAF6EFCE481F: changes role from CANDIDATE to FOLLOWER at term 4 for candidate:c7ad35ec-beb2-4cf7-bc01-7589f79a3108
2021-12-02 10:58:55,009 [grpc-default-executor-1] INFO  impl.RoleInfo (RoleInfo.java:shutdownLeaderElection(121)) - 7a41c6a3-6927-412d-981c-9145982a7803: shutdown 7a41c6a3-6927-412d-981c-9145982a7803@group-CAF6EFCE481F-LeaderElection148
2021-12-02 10:58:55,009 [grpc-default-executor-1] INFO  impl.RoleInfo (RoleInfo.java:updateAndGet(130)) - 7a41c6a3-6927-412d-981c-9145982a7803: start 7a41c6a3-6927-412d-981c-9145982a7803@group-CAF6EFCE481F-FollowerState
2021-12-02 10:58:55,009 [grpc-default-executor-3] INFO  server.RaftServer$Division (RaftServerImpl.java:requestVote(1078)) - 4e57e8a8-e34c-4c63-9ee2-ea20f579f12f@group-CAF6EFCE481F replies to ELECTION vote request: c7ad35ec-beb2-4cf7-bc01-7589f79a3108<-4e57e8a8-e34c-4c63-9ee2-ea20f579f12f#0:FAIL-t4. Peer's state: 4e57e8a8-e34c-4c63-9ee2-ea20f579f12f@group-CAF6EFCE481F:t4, leader=null, voted=null, raftlog=4e57e8a8-e34c-4c63-9ee2-ea20f579f12f@group-CAF6EFCE481F-SegmentedRaftLog:OPENED:c-1, conf=-1: [4e57e8a8-e34c-4c63-9ee2-ea20f579f12f|rpc:10.1.0.26:45399|dataStream:|priority:1, 7a41c6a3-6927-412d-981c-9145982a7803|rpc:10.1.0.26:46457|dataStream:|priority:0, c7ad35ec-beb2-4cf7-bc01-7589f79a3108|rpc:10.1.0.26:41139|dataStream:|priority:0], old=null
2021-12-02 10:58:55,010 [7a41c6a3-6927-412d-981c-9145982a7803@group-CAF6EFCE481F-LeaderElection148] INFO  impl.LeaderElection (LeaderElection.java:run(230)) - 7a41c6a3-6927-412d-981c-9145982a7803@group-CAF6EFCE481F-LeaderElection148: skip running since this is already CLOSING
2021-12-02 10:58:55,011 [c7ad35ec-beb2-4cf7-bc01-7589f79a3108@group-CAF6EFCE481F-LeaderElection147] INFO  impl.LeaderElection (LeaderElection.java:logAndReturn(89)) - c7ad35ec-beb2-4cf7-bc01-7589f79a3108@group-CAF6EFCE481F-LeaderElection147: ELECTION REJECTED received 1 response(s) and 0 exception(s):
2021-12-02 10:58:55,011 [c7ad35ec-beb2-4cf7-bc01-7589f79a3108@group-CAF6EFCE481F-LeaderElection147] INFO  impl.LeaderElection (LeaderElection.java:logAndReturn(93)) -   Response 0: c7ad35ec-beb2-4cf7-bc01-7589f79a3108<-4e57e8a8-e34c-4c63-9ee2-ea20f579f12f#0:FAIL-t4
2021-12-02 10:58:55,011 [c7ad35ec-beb2-4cf7-bc01-7589f79a3108@group-CAF6EFCE481F-LeaderElection147] INFO  impl.LeaderElection (LeaderElection.java:askForVotes(308)) - c7ad35ec-beb2-4cf7-bc01-7589f79a3108@group-CAF6EFCE481F-LeaderElection147 ELECTION round 0: result REJECTED
2021-12-02 10:58:55,011 [c7ad35ec-beb2-4cf7-bc01-7589f79a3108@group-CAF6EFCE481F-LeaderElection147] INFO  server.RaftServer$Division (RaftServerImpl.java:setRole(290)) - c7ad35ec-beb2-4cf7-bc01-7589f79a3108@group-CAF6EFCE481F: changes role from CANDIDATE to FOLLOWER at term 4 for REJECTED
2021-12-02 10:58:55,011 [c7ad35ec-beb2-4cf7-bc01-7589f79a3108@group-CAF6EFCE481F-LeaderElection147] INFO  impl.RoleInfo (RoleInfo.java:shutdownLeaderElection(121)) - c7ad35ec-beb2-4cf7-bc01-7589f79a3108: shutdown c7ad35ec-beb2-4cf7-bc01-7589f79a3108@group-CAF6EFCE481F-LeaderElection147
2021-12-02 10:58:55,011 [c7ad35ec-beb2-4cf7-bc01-7589f79a3108@group-CAF6EFCE481F-LeaderElection147] INFO  impl.RoleInfo (RoleInfo.java:updateAndGet(130)) - c7ad35ec-beb2-4cf7-bc01-7589f79a3108: start c7ad35ec-beb2-4cf7-bc01-7589f79a3108@group-CAF6EFCE481F-FollowerState
2021-12-02 10:58:55,015 [grpc-default-executor-1] INFO  server.RaftServer$Division (RaftServerImpl.java:requestVote(1078)) - 7a41c6a3-6927-412d-981c-9145982a7803@group-CAF6EFCE481F replies to ELECTION vote request: c7ad35ec-beb2-4cf7-bc01-7589f79a3108<-7a41c6a3-6927-412d-981c-9145982a7803#0:OK-t4. Peer's state: 7a41c6a3-6927-412d-981c-9145982a7803@group-CAF6EFCE481F:t4, leader=null, voted=c7ad35ec-beb2-4cf7-bc01-7589f79a3108, raftlog=7a41c6a3-6927-412d-981c-9145982a7803@group-CAF6EFCE481F-SegmentedRaftLog:OPENED:c-1, conf=-1: [4e57e8a8-e34c-4c63-9ee2-ea20f579f12f|rpc:10.1.0.26:45399|priority:1, 7a41c6a3-6927-412d-981c-9145982a7803|rpc:10.1.0.26:46457|priority:0, c7ad35ec-beb2-4cf7-bc01-7589f79a3108|rpc:10.1.0.26:41139|priority:0], old=null
2021-12-02 10:58:55,272 [EventQueue-OpenPipelineForHealthyPipelineSafeModeRule] INFO  safemode.SCMSafeModeManager (HealthyPipelineSafeModeRule.java:process(124)) - SCM in safe mode. Healthy pipelines reported count is 0, required healthy pipeline reported count is 1
2021-12-02 10:58:55,651 [EventQueue-OpenPipelineForHealthyPipelineSafeModeRule] INFO  safemode.SCMSafeModeManager (HealthyPipelineSafeModeRule.java:process(124)) - SCM in safe mode. Healthy pipelines reported count is 0, required healthy pipeline reported count is 1
2021-12-02 10:58:55,775 [Listener at 127.0.0.1/45099] INFO  ozone.MiniOzoneClusterImpl (MiniOzoneClusterImpl.java:lambda$waitForClusterToBeReady$0(235)) - Nodes are ready. Got 3 of 3 DN Heartbeats.
2021-12-02 10:58:55,775 [Listener at 127.0.0.1/45099] INFO  ozone.MiniOzoneClusterImpl (MiniOzoneClusterImpl.java:lambda$waitForClusterToBeReady$0(238)) - Waiting for cluster to exit safe mode
2021-12-02 10:58:55,775 [Listener at 127.0.0.1/45099] INFO  ozone.MiniOzoneClusterImpl (MiniOzoneClusterImpl.java:lambda$waitForClusterToBeReady$0(240)) - SCM became leader
2021-12-02 10:58:55,879 [189e5a6c-5aeb-4ebf-ab25-1500da4b2a9e@group-872A699AD662-FollowerState] INFO  impl.FollowerState (FollowerState.java:run(134)) - 189e5a6c-5aeb-4ebf-ab25-1500da4b2a9e@group-872A699AD662-FollowerState: change to CANDIDATE, lastRpcElapsedTime:5049104457ns, electionTimeout:5041ms
2021-12-02 10:58:55,879 [189e5a6c-5aeb-4ebf-ab25-1500da4b2a9e@group-872A699AD662-FollowerState] INFO  impl.RoleInfo (RoleInfo.java:shutdownFollowerState(108)) - 189e5a6c-5aeb-4ebf-ab25-1500da4b2a9e: shutdown 189e5a6c-5aeb-4ebf-ab25-1500da4b2a9e@group-872A699AD662-FollowerState
2021-12-02 10:58:55,879 [189e5a6c-5aeb-4ebf-ab25-1500da4b2a9e@group-872A699AD662-FollowerState] INFO  server.RaftServer$Division (RaftServerImpl.java:setRole(290)) - 189e5a6c-5aeb-4ebf-ab25-1500da4b2a9e@group-872A699AD662: changes role from  FOLLOWER to CANDIDATE at term 1 for changeToCandidate
2021-12-02 10:58:55,879 [189e5a6c-5aeb-4ebf-ab25-1500da4b2a9e@group-872A699AD662-FollowerState] INFO  server.RaftServerConfigKeys (ConfUtils.java:logGet(44)) - raft.server.leaderelection.pre-vote = false (custom)
2021-12-02 10:58:55,879 [189e5a6c-5aeb-4ebf-ab25-1500da4b2a9e@group-872A699AD662-FollowerState] INFO  impl.RoleInfo (RoleInfo.java:updateAndGet(130)) - 189e5a6c-5aeb-4ebf-ab25-1500da4b2a9e: start 189e5a6c-5aeb-4ebf-ab25-1500da4b2a9e@group-872A699AD662-LeaderElection149
2021-12-02 10:58:55,880 [EventQueue-OpenPipelineForHealthyPipelineSafeModeRule] INFO  safemode.SCMSafeModeManager (HealthyPipelineSafeModeRule.java:process(124)) - SCM in safe mode. Healthy pipelines reported count is 0, required healthy pipeline reported count is 1
2021-12-02 10:58:55,901 [189e5a6c-5aeb-4ebf-ab25-1500da4b2a9e@group-872A699AD662-LeaderElection149] INFO  impl.LeaderElection (LeaderElection.java:askForVotes(306)) - 189e5a6c-5aeb-4ebf-ab25-1500da4b2a9e@group-872A699AD662-LeaderElection149 ELECTION round 0: submit vote requests at term 2 for -1: [f82ce74c-d344-4424-8faf-57994d5deae6|rpc:10.1.0.26:34529|dataStream:|priority:0, aad1e884-dc0c-43f6-a9fd-14f12d4b30b4|rpc:10.1.0.26:39765|dataStream:|priority:0, 189e5a6c-5aeb-4ebf-ab25-1500da4b2a9e|rpc:10.1.0.26:43265|dataStream:|priority:1], old=null
2021-12-02 10:58:55,915 [f82ce74c-d344-4424-8faf-57994d5deae6@group-872A699AD662-FollowerState] INFO  impl.FollowerState (FollowerState.java:run(134)) - f82ce74c-d344-4424-8faf-57994d5deae6@group-872A699AD662-FollowerState: change to CANDIDATE, lastRpcElapsedTime:5075805274ns, electionTimeout:5026ms
2021-12-02 10:58:55,915 [f82ce74c-d344-4424-8faf-57994d5deae6@group-872A699AD662-FollowerState] INFO  impl.RoleInfo (RoleInfo.java:shutdownFollowerState(108)) - f82ce74c-d344-4424-8faf-57994d5deae6: shutdown f82ce74c-d344-4424-8faf-57994d5deae6@group-872A699AD662-FollowerState
2021-12-02 10:58:55,915 [f82ce74c-d344-4424-8faf-57994d5deae6@group-872A699AD662-FollowerState] INFO  server.RaftServer$Division (RaftServerImpl.java:setRole(290)) - f82ce74c-d344-4424-8faf-57994d5deae6@group-872A699AD662: changes role from  FOLLOWER to CANDIDATE at term 1 for changeToCandidate
2021-12-02 10:58:55,976 [f82ce74c-d344-4424-8faf-57994d5deae6@group-872A699AD662-FollowerState] INFO  server.RaftServerConfigKeys (ConfUtils.java:logGet(44)) - raft.server.leaderelection.pre-vote = false (custom)
2021-12-02 10:58:55,976 [f82ce74c-d344-4424-8faf-57994d5deae6@group-872A699AD662-FollowerState] INFO  impl.RoleInfo (RoleInfo.java:updateAndGet(130)) - f82ce74c-d344-4424-8faf-57994d5deae6: start f82ce74c-d344-4424-8faf-57994d5deae6@group-872A699AD662-LeaderElection150
2021-12-02 10:58:55,976 [aad1e884-dc0c-43f6-a9fd-14f12d4b30b4@group-872A699AD662-FollowerState] INFO  impl.FollowerState (FollowerState.java:run(134)) - aad1e884-dc0c-43f6-a9fd-14f12d4b30b4@group-872A699AD662-FollowerState: change to CANDIDATE, lastRpcElapsedTime:5159337633ns, electionTimeout:5133ms
2021-12-02 10:58:55,977 [aad1e884-dc0c-43f6-a9fd-14f12d4b30b4@group-872A699AD662-FollowerState] INFO  impl.RoleInfo (RoleInfo.java:shutdownFollowerState(108)) - aad1e884-dc0c-43f6-a9fd-14f12d4b30b4: shutdown aad1e884-dc0c-43f6-a9fd-14f12d4b30b4@group-872A699AD662-FollowerState
2021-12-02 10:58:55,977 [aad1e884-dc0c-43f6-a9fd-14f12d4b30b4@group-872A699AD662-FollowerState] INFO  server.RaftServer$Division (RaftServerImpl.java:setRole(290)) - aad1e884-dc0c-43f6-a9fd-14f12d4b30b4@group-872A699AD662: changes role from  FOLLOWER to CANDIDATE at term 1 for changeToCandidate
2021-12-02 10:58:55,977 [f82ce74c-d344-4424-8faf-57994d5deae6@group-872A699AD662-LeaderElection150] INFO  impl.LeaderElection (LeaderElection.java:askForVotes(306)) - f82ce74c-d344-4424-8faf-57994d5deae6@group-872A699AD662-LeaderElection150 ELECTION round 0: submit vote requests at term 2 for -1: [f82ce74c-d344-4424-8faf-57994d5deae6|rpc:10.1.0.26:34529|priority:0, aad1e884-dc0c-43f6-a9fd-14f12d4b30b4|rpc:10.1.0.26:39765|priority:0, 189e5a6c-5aeb-4ebf-ab25-1500da4b2a9e|rpc:10.1.0.26:43265|priority:1], old=null
2021-12-02 10:58:55,977 [aad1e884-dc0c-43f6-a9fd-14f12d4b30b4@group-872A699AD662-FollowerState] INFO  server.RaftServerConfigKeys (ConfUtils.java:logGet(44)) - raft.server.leaderelection.pre-vote = false (custom)
2021-12-02 10:58:55,996 [aad1e884-dc0c-43f6-a9fd-14f12d4b30b4@group-872A699AD662-FollowerState] INFO  impl.RoleInfo (RoleInfo.java:updateAndGet(130)) - aad1e884-dc0c-43f6-a9fd-14f12d4b30b4: start aad1e884-dc0c-43f6-a9fd-14f12d4b30b4@group-872A699AD662-LeaderElection151
2021-12-02 10:58:56,032 [grpc-default-executor-1] INFO  server.RaftServer$Division (RaftServerImpl.java:requestVote(1046)) - aad1e884-dc0c-43f6-a9fd-14f12d4b30b4@group-872A699AD662: receive requestVote(ELECTION, 189e5a6c-5aeb-4ebf-ab25-1500da4b2a9e, group-872A699AD662, 2, (t:0, i:0))
2021-12-02 10:58:56,032 [grpc-default-executor-3] INFO  server.RaftServer$Division (RaftServerImpl.java:requestVote(1046)) - f82ce74c-d344-4424-8faf-57994d5deae6@group-872A699AD662: receive requestVote(ELECTION, 189e5a6c-5aeb-4ebf-ab25-1500da4b2a9e, group-872A699AD662, 2, (t:0, i:0))
2021-12-02 10:58:56,032 [grpc-default-executor-3] INFO  impl.VoteContext (VoteContext.java:log(48)) - f82ce74c-d344-4424-8faf-57994d5deae6@group-872A699AD662-CANDIDATE: reject ELECTION from 189e5a6c-5aeb-4ebf-ab25-1500da4b2a9e: already has voted for f82ce74c-d344-4424-8faf-57994d5deae6 at current term 2
2021-12-02 10:58:56,032 [grpc-default-executor-3] INFO  server.RaftServer$Division (RaftServerImpl.java:requestVote(1078)) - f82ce74c-d344-4424-8faf-57994d5deae6@group-872A699AD662 replies to ELECTION vote request: 189e5a6c-5aeb-4ebf-ab25-1500da4b2a9e<-f82ce74c-d344-4424-8faf-57994d5deae6#0:FAIL-t2. Peer's state: f82ce74c-d344-4424-8faf-57994d5deae6@group-872A699AD662:t2, leader=null, voted=f82ce74c-d344-4424-8faf-57994d5deae6, raftlog=f82ce74c-d344-4424-8faf-57994d5deae6@group-872A699AD662-SegmentedRaftLog:OPENED:c-1, conf=-1: [f82ce74c-d344-4424-8faf-57994d5deae6|rpc:10.1.0.26:34529|priority:0, aad1e884-dc0c-43f6-a9fd-14f12d4b30b4|rpc:10.1.0.26:39765|priority:0, 189e5a6c-5aeb-4ebf-ab25-1500da4b2a9e|rpc:10.1.0.26:43265|priority:1], old=null
2021-12-02 10:58:56,056 [grpc-default-executor-1] INFO  impl.VoteContext (VoteContext.java:log(48)) - aad1e884-dc0c-43f6-a9fd-14f12d4b30b4@group-872A699AD662-CANDIDATE: accept ELECTION from 189e5a6c-5aeb-4ebf-ab25-1500da4b2a9e: our priority 0 <= candidate's priority 1
2021-12-02 10:58:56,056 [grpc-default-executor-1] INFO  server.RaftServer$Division (RaftServerImpl.java:setRole(290)) - aad1e884-dc0c-43f6-a9fd-14f12d4b30b4@group-872A699AD662: changes role from CANDIDATE to FOLLOWER at term 2 for candidate:189e5a6c-5aeb-4ebf-ab25-1500da4b2a9e
2021-12-02 10:58:56,056 [grpc-default-executor-1] INFO  impl.RoleInfo (RoleInfo.java:shutdownLeaderElection(121)) - aad1e884-dc0c-43f6-a9fd-14f12d4b30b4: shutdown aad1e884-dc0c-43f6-a9fd-14f12d4b30b4@group-872A699AD662-LeaderElection151
2021-12-02 10:58:56,056 [grpc-default-executor-1] INFO  impl.RoleInfo (RoleInfo.java:updateAndGet(130)) - aad1e884-dc0c-43f6-a9fd-14f12d4b30b4: start aad1e884-dc0c-43f6-a9fd-14f12d4b30b4@group-872A699AD662-FollowerState
2021-12-02 10:58:56,057 [aad1e884-dc0c-43f6-a9fd-14f12d4b30b4@group-872A699AD662-LeaderElection151] INFO  impl.LeaderElection (LeaderElection.java:run(230)) - aad1e884-dc0c-43f6-a9fd-14f12d4b30b4@group-872A699AD662-LeaderElection151: skip running since this is already CLOSING
2021-12-02 10:58:56,059 [grpc-default-executor-1] INFO  server.RaftServer$Division (RaftServerImpl.java:requestVote(1078)) - aad1e884-dc0c-43f6-a9fd-14f12d4b30b4@group-872A699AD662 replies to ELECTION vote request: 189e5a6c-5aeb-4ebf-ab25-1500da4b2a9e<-aad1e884-dc0c-43f6-a9fd-14f12d4b30b4#0:OK-t2. Peer's state: aad1e884-dc0c-43f6-a9fd-14f12d4b30b4@group-872A699AD662:t2, leader=null, voted=189e5a6c-5aeb-4ebf-ab25-1500da4b2a9e, raftlog=aad1e884-dc0c-43f6-a9fd-14f12d4b30b4@group-872A699AD662-SegmentedRaftLog:OPENED:c-1, conf=-1: [f82ce74c-d344-4424-8faf-57994d5deae6|rpc:10.1.0.26:34529|dataStream:|priority:0, aad1e884-dc0c-43f6-a9fd-14f12d4b30b4|rpc:10.1.0.26:39765|dataStream:|priority:0, 189e5a6c-5aeb-4ebf-ab25-1500da4b2a9e|rpc:10.1.0.26:43265|dataStream:|priority:1], old=null
2021-12-02 10:58:56,061 [189e5a6c-5aeb-4ebf-ab25-1500da4b2a9e@group-872A699AD662-LeaderElection149] INFO  impl.LeaderElection (LeaderElection.java:logAndReturn(89)) - 189e5a6c-5aeb-4ebf-ab25-1500da4b2a9e@group-872A699AD662-LeaderElection149: ELECTION PASSED received 2 response(s) and 0 exception(s):
2021-12-02 10:58:56,061 [189e5a6c-5aeb-4ebf-ab25-1500da4b2a9e@group-872A699AD662-LeaderElection149] INFO  impl.LeaderElection (LeaderElection.java:logAndReturn(93)) -   Response 0: 189e5a6c-5aeb-4ebf-ab25-1500da4b2a9e<-f82ce74c-d344-4424-8faf-57994d5deae6#0:FAIL-t2
2021-12-02 10:58:56,061 [189e5a6c-5aeb-4ebf-ab25-1500da4b2a9e@group-872A699AD662-LeaderElection149] INFO  impl.LeaderElection (LeaderElection.java:logAndReturn(93)) -   Response 1: 189e5a6c-5aeb-4ebf-ab25-1500da4b2a9e<-aad1e884-dc0c-43f6-a9fd-14f12d4b30b4#0:OK-t2
2021-12-02 10:58:56,061 [189e5a6c-5aeb-4ebf-ab25-1500da4b2a9e@group-872A699AD662-LeaderElection149] INFO  impl.LeaderElection (LeaderElection.java:askForVotes(308)) - 189e5a6c-5aeb-4ebf-ab25-1500da4b2a9e@group-872A699AD662-LeaderElection149 ELECTION round 0: result PASSED
2021-12-02 10:58:56,061 [189e5a6c-5aeb-4ebf-ab25-1500da4b2a9e@group-872A699AD662-LeaderElection149] INFO  impl.RoleInfo (RoleInfo.java:shutdownLeaderElection(121)) - 189e5a6c-5aeb-4ebf-ab25-1500da4b2a9e: shutdown 189e5a6c-5aeb-4ebf-ab25-1500da4b2a9e@group-872A699AD662-LeaderElection149
2021-12-02 10:58:56,061 [189e5a6c-5aeb-4ebf-ab25-1500da4b2a9e@group-872A699AD662-LeaderElection149] INFO  server.RaftServer$Division (RaftServerImpl.java:setRole(290)) - 189e5a6c-5aeb-4ebf-ab25-1500da4b2a9e@group-872A699AD662: changes role from CANDIDATE to LEADER at term 2 for changeToLeader
2021-12-02 10:58:56,061 [189e5a6c-5aeb-4ebf-ab25-1500da4b2a9e@group-872A699AD662-LeaderElection149] INFO  ratis.XceiverServerRatis (XceiverServerRatis.java:handleLeaderChangedNotification(866)) - Leader change notification received for group: group-872A699AD662 with new leaderId: 189e5a6c-5aeb-4ebf-ab25-1500da4b2a9e
2021-12-02 10:58:56,061 [189e5a6c-5aeb-4ebf-ab25-1500da4b2a9e@group-872A699AD662-LeaderElection149] INFO  server.RaftServer$Division (ServerState.java:setLeader(285)) - 189e5a6c-5aeb-4ebf-ab25-1500da4b2a9e@group-872A699AD662: change Leader from null to 189e5a6c-5aeb-4ebf-ab25-1500da4b2a9e at term 2 for becomeLeader, leader elected after 10509ms
2021-12-02 10:58:56,061 [189e5a6c-5aeb-4ebf-ab25-1500da4b2a9e@group-872A699AD662-LeaderElection149] INFO  server.RaftServerConfigKeys (ConfUtils.java:logGet(44)) - raft.server.staging.catchup.gap = 1000 (default)
2021-12-02 10:58:56,062 [189e5a6c-5aeb-4ebf-ab25-1500da4b2a9e@group-872A699AD662-LeaderElection149] INFO  server.RaftServerConfigKeys (ConfUtils.java:logGet(44)) - raft.server.write.element-limit = 1024 (custom)
2021-12-02 10:58:56,062 [189e5a6c-5aeb-4ebf-ab25-1500da4b2a9e@group-872A699AD662-LeaderElection149] INFO  server.RaftServerConfigKeys (ConfUtils.java:logGet(44)) - raft.server.write.byte-limit = 1024 M (=1073741824) (custom)
2021-12-02 10:58:56,062 [189e5a6c-5aeb-4ebf-ab25-1500da4b2a9e@group-872A699AD662-LeaderElection149] INFO  server.RaftServerConfigKeys (ConfUtils.java:logGet(44)) - raft.server.watch.timeout = 180s (custom)
2021-12-02 10:58:56,062 [189e5a6c-5aeb-4ebf-ab25-1500da4b2a9e@group-872A699AD662-LeaderElection149] INFO  server.RaftServerConfigKeys (ConfUtils.java:logGet(44)) - raft.server.watch.timeout.denomination = 1s (default)
2021-12-02 10:58:56,062 [189e5a6c-5aeb-4ebf-ab25-1500da4b2a9e@group-872A699AD662-LeaderElection149] INFO  server.RaftServerConfigKeys (ConfUtils.java:logGet(44)) - raft.server.watch.element-limit = 65536 (default)
2021-12-02 10:58:56,062 [189e5a6c-5aeb-4ebf-ab25-1500da4b2a9e@group-872A699AD662-LeaderElection149] INFO  server.RaftServerConfigKeys (ConfUtils.java:logGet(44)) - raft.server.write.element-limit = 1024 (custom)
2021-12-02 10:58:56,062 [189e5a6c-5aeb-4ebf-ab25-1500da4b2a9e@group-872A699AD662-LeaderElection149] INFO  server.RaftServerConfigKeys (ConfUtils.java:logGet(44)) - raft.server.write.follower.gap.ratio.max = -1.0 (default)
2021-12-02 10:58:56,063 [189e5a6c-5aeb-4ebf-ab25-1500da4b2a9e@group-872A699AD662-LeaderElection149] INFO  server.RaftServerConfigKeys (ConfUtils.java:logGet(44)) - raft.server.log.appender.snapshot.chunk.size.max = 16MB (=16777216) (default)
2021-12-02 10:58:56,063 [189e5a6c-5aeb-4ebf-ab25-1500da4b2a9e@group-872A699AD662-LeaderElection149] INFO  server.RaftServerConfigKeys (ConfUtils.java:logGet(44)) - raft.server.log.appender.buffer.byte-limit = 33554432 (custom)
2021-12-02 10:58:56,063 [189e5a6c-5aeb-4ebf-ab25-1500da4b2a9e@group-872A699AD662-LeaderElection149] INFO  server.RaftServerConfigKeys (ConfUtils.java:logGet(44)) - raft.server.log.appender.buffer.element-limit = 1 (custom)
2021-12-02 10:58:56,063 [189e5a6c-5aeb-4ebf-ab25-1500da4b2a9e@group-872A699AD662-LeaderElection149] INFO  grpc.GrpcConfigKeys (ConfUtils.java:logGet(44)) - raft.grpc.server.leader.outstanding.appends.max = 128 (default)
2021-12-02 10:58:56,063 [189e5a6c-5aeb-4ebf-ab25-1500da4b2a9e@group-872A699AD662-LeaderElection149] INFO  server.RaftServerConfigKeys (ConfUtils.java:logGet(44)) - raft.server.rpc.request.timeout = 60s (custom)
2021-12-02 10:58:56,063 [189e5a6c-5aeb-4ebf-ab25-1500da4b2a9e@group-872A699AD662-LeaderElection149] INFO  server.RaftServerConfigKeys (ConfUtils.java:logGet(44)) - raft.server.log.appender.install.snapshot.enabled = false (custom)
2021-12-02 10:58:56,065 [189e5a6c-5aeb-4ebf-ab25-1500da4b2a9e@group-872A699AD662-LeaderElection149] INFO  server.RaftServerConfigKeys (ConfUtils.java:logGet(44)) - raft.server.log.appender.snapshot.chunk.size.max = 16MB (=16777216) (default)
2021-12-02 10:58:56,065 [189e5a6c-5aeb-4ebf-ab25-1500da4b2a9e@group-872A699AD662-LeaderElection149] INFO  server.RaftServerConfigKeys (ConfUtils.java:logGet(44)) - raft.server.log.appender.buffer.byte-limit = 33554432 (custom)
2021-12-02 10:58:56,066 [189e5a6c-5aeb-4ebf-ab25-1500da4b2a9e@group-872A699AD662-LeaderElection149] INFO  server.RaftServerConfigKeys (ConfUtils.java:logGet(44)) - raft.server.log.appender.buffer.element-limit = 1 (custom)
2021-12-02 10:58:56,066 [189e5a6c-5aeb-4ebf-ab25-1500da4b2a9e@group-872A699AD662-LeaderElection149] INFO  grpc.GrpcConfigKeys (ConfUtils.java:logGet(44)) - raft.grpc.server.leader.outstanding.appends.max = 128 (default)
2021-12-02 10:58:56,066 [189e5a6c-5aeb-4ebf-ab25-1500da4b2a9e@group-872A699AD662-LeaderElection149] INFO  server.RaftServerConfigKeys (ConfUtils.java:logGet(44)) - raft.server.rpc.request.timeout = 60s (custom)
2021-12-02 10:58:56,066 [189e5a6c-5aeb-4ebf-ab25-1500da4b2a9e@group-872A699AD662-LeaderElection149] INFO  server.RaftServerConfigKeys (ConfUtils.java:logGet(44)) - raft.server.log.appender.install.snapshot.enabled = false (custom)
2021-12-02 10:58:56,068 [grpc-default-executor-1] INFO  server.RaftServer$Division (RaftServerImpl.java:requestVote(1046)) - aad1e884-dc0c-43f6-a9fd-14f12d4b30b4@group-872A699AD662: receive requestVote(ELECTION, f82ce74c-d344-4424-8faf-57994d5deae6, group-872A699AD662, 2, (t:0, i:0))
2021-12-02 10:58:56,068 [grpc-default-executor-1] INFO  impl.VoteContext (VoteContext.java:log(48)) - aad1e884-dc0c-43f6-a9fd-14f12d4b30b4@group-872A699AD662-FOLLOWER: reject ELECTION from f82ce74c-d344-4424-8faf-57994d5deae6: already has voted for 189e5a6c-5aeb-4ebf-ab25-1500da4b2a9e at current term 2
2021-12-02 10:58:56,068 [grpc-default-executor-1] INFO  server.RaftServer$Division (RaftServerImpl.java:requestVote(1078)) - aad1e884-dc0c-43f6-a9fd-14f12d4b30b4@group-872A699AD662 replies to ELECTION vote request: f82ce74c-d344-4424-8faf-57994d5deae6<-aad1e884-dc0c-43f6-a9fd-14f12d4b30b4#0:FAIL-t2. Peer's state: aad1e884-dc0c-43f6-a9fd-14f12d4b30b4@group-872A699AD662:t2, leader=null, voted=189e5a6c-5aeb-4ebf-ab25-1500da4b2a9e, raftlog=aad1e884-dc0c-43f6-a9fd-14f12d4b30b4@group-872A699AD662-SegmentedRaftLog:OPENED:c-1, conf=-1: [f82ce74c-d344-4424-8faf-57994d5deae6|rpc:10.1.0.26:34529|dataStream:|priority:0, aad1e884-dc0c-43f6-a9fd-14f12d4b30b4|rpc:10.1.0.26:39765|dataStream:|priority:0, 189e5a6c-5aeb-4ebf-ab25-1500da4b2a9e|rpc:10.1.0.26:43265|dataStream:|priority:1], old=null
2021-12-02 10:58:56,072 [EventQueue-PipelineReportForPipelineReportHandler] INFO  pipeline.PipelineManagerImpl (PipelineManagerImpl.java:openPipeline(289)) - Pipeline Pipeline[ Id: 1784d707-18eb-46a2-a92b-872a699ad662, Nodes: 189e5a6c-5aeb-4ebf-ab25-1500da4b2a9e{ip: 10.1.0.26, host: fv-az270-116.tacnzluakwdehk1hpragurqkma.bx.internal.cloudapp.net, ports: [REPLICATION=44643, RATIS=43265, RATIS_ADMIN=43265, RATIS_SERVER=43265, STANDALONE=35931], networkLocation: /default-rack, certSerialId: null, persistedOpState: IN_SERVICE, persistedOpStateExpiryEpochSec: 0}f82ce74c-d344-4424-8faf-57994d5deae6{ip: 10.1.0.26, host: fv-az270-116.tacnzluakwdehk1hpragurqkma.bx.internal.cloudapp.net, ports: [REPLICATION=39687, RATIS=34529, RATIS_ADMIN=34529, RATIS_SERVER=34529, STANDALONE=41675], networkLocation: /default-rack, certSerialId: null, persistedOpState: IN_SERVICE, persistedOpStateExpiryEpochSec: 0}aad1e884-dc0c-43f6-a9fd-14f12d4b30b4{ip: 10.1.0.26, host: fv-az270-116.tacnzluakwdehk1hpragurqkma.bx.internal.cloudapp.net, ports: [REPLICATION=39025, RATIS=39765, RATIS_ADMIN=39765, RATIS_SERVER=39765, STANDALONE=42933], networkLocation: /default-rack, certSerialId: null, persistedOpState: IN_SERVICE, persistedOpStateExpiryEpochSec: 0}, ReplicationConfig: RATIS/THREE, State:ALLOCATED, leaderId:189e5a6c-5aeb-4ebf-ab25-1500da4b2a9e, CreationTimestamp2021-12-02T10:58:45.121Z[Etc/UTC]] moved to OPEN state
2021-12-02 10:58:56,095 [189e5a6c-5aeb-4ebf-ab25-1500da4b2a9e@group-872A699AD662-LeaderElection149] INFO  impl.RoleInfo (RoleInfo.java:updateAndGet(130)) - 189e5a6c-5aeb-4ebf-ab25-1500da4b2a9e: start 189e5a6c-5aeb-4ebf-ab25-1500da4b2a9e@group-872A699AD662-LeaderStateImpl
2021-12-02 10:58:56,098 [189e5a6c-5aeb-4ebf-ab25-1500da4b2a9e@group-872A699AD662-LeaderElection149] INFO  segmented.SegmentedRaftLogWorker (SegmentedRaftLogWorker.java:startLogSegment(394)) - 189e5a6c-5aeb-4ebf-ab25-1500da4b2a9e@group-872A699AD662-SegmentedRaftLogWorker: Starting segment from index:0
2021-12-02 10:58:56,110 [189e5a6c-5aeb-4ebf-ab25-1500da4b2a9e@group-872A699AD662-SegmentedRaftLogWorker] INFO  segmented.SegmentedRaftLogWorker (SegmentedRaftLogWorker.java:execute(601)) - 189e5a6c-5aeb-4ebf-ab25-1500da4b2a9e@group-872A699AD662-SegmentedRaftLogWorker: created new log segment /home/runner/work/ozone/ozone/hadoop-ozone/integration-test/target/test-dir/MiniOzoneClusterImpl-73dd4d89-5651-475a-8e12-7bad855f6dad/datanode-2/data/ratis/1784d707-18eb-46a2-a92b-872a699ad662/current/log_inprogress_0
2021-12-02 10:58:56,124 [grpc-default-executor-1] INFO  server.RaftServer$Division (RaftServerImpl.java:requestVote(1046)) - 189e5a6c-5aeb-4ebf-ab25-1500da4b2a9e@group-872A699AD662: receive requestVote(ELECTION, f82ce74c-d344-4424-8faf-57994d5deae6, group-872A699AD662, 2, (t:0, i:0))
2021-12-02 10:58:56,146 [grpc-default-executor-6] INFO  ratis.XceiverServerRatis (XceiverServerRatis.java:handleLeaderChangedNotification(866)) - Leader change notification received for group: group-872A699AD662 with new leaderId: 189e5a6c-5aeb-4ebf-ab25-1500da4b2a9e
2021-12-02 10:58:56,146 [grpc-default-executor-6] INFO  server.RaftServer$Division (ServerState.java:setLeader(285)) - aad1e884-dc0c-43f6-a9fd-14f12d4b30b4@group-872A699AD662: change Leader from null to 189e5a6c-5aeb-4ebf-ab25-1500da4b2a9e at term 2 for appendEntries, leader elected after 10381ms
2021-12-02 10:58:56,153 [189e5a6c-5aeb-4ebf-ab25-1500da4b2a9e@group-872A699AD662-LeaderElection149] INFO  server.RaftServer$Division (ServerState.java:setRaftConf(387)) - 189e5a6c-5aeb-4ebf-ab25-1500da4b2a9e@group-872A699AD662: set configuration 0: [f82ce74c-d344-4424-8faf-57994d5deae6|rpc:10.1.0.26:34529|dataStream:|priority:0, aad1e884-dc0c-43f6-a9fd-14f12d4b30b4|rpc:10.1.0.26:39765|dataStream:|priority:0, 189e5a6c-5aeb-4ebf-ab25-1500da4b2a9e|rpc:10.1.0.26:43265|dataStream:|priority:1], old=null
2021-12-02 10:58:56,154 [grpc-default-executor-1] INFO  impl.VoteContext (VoteContext.java:log(48)) - 189e5a6c-5aeb-4ebf-ab25-1500da4b2a9e@group-872A699AD662-LEADER: reject ELECTION from f82ce74c-d344-4424-8faf-57994d5deae6: already has voted for 189e5a6c-5aeb-4ebf-ab25-1500da4b2a9e at current term 2
2021-12-02 10:58:56,154 [grpc-default-executor-1] INFO  server.RaftServer$Division (RaftServerImpl.java:requestVote(1078)) - 189e5a6c-5aeb-4ebf-ab25-1500da4b2a9e@group-872A699AD662 replies to ELECTION vote request: f82ce74c-d344-4424-8faf-57994d5deae6<-189e5a6c-5aeb-4ebf-ab25-1500da4b2a9e#0:FAIL-t2. Peer's state: 189e5a6c-5aeb-4ebf-ab25-1500da4b2a9e@group-872A699AD662:t2, leader=189e5a6c-5aeb-4ebf-ab25-1500da4b2a9e, voted=189e5a6c-5aeb-4ebf-ab25-1500da4b2a9e, raftlog=189e5a6c-5aeb-4ebf-ab25-1500da4b2a9e@group-872A699AD662-SegmentedRaftLog:OPENED:c-1, conf=0: [f82ce74c-d344-4424-8faf-57994d5deae6|rpc:10.1.0.26:34529|dataStream:|priority:0, aad1e884-dc0c-43f6-a9fd-14f12d4b30b4|rpc:10.1.0.26:39765|dataStream:|priority:0, 189e5a6c-5aeb-4ebf-ab25-1500da4b2a9e|rpc:10.1.0.26:43265|dataStream:|priority:1], old=null
2021-12-02 10:58:56,157 [f82ce74c-d344-4424-8faf-57994d5deae6@group-872A699AD662-LeaderElection150] INFO  impl.LeaderElection (LeaderElection.java:logAndReturn(89)) - f82ce74c-d344-4424-8faf-57994d5deae6@group-872A699AD662-LeaderElection150: ELECTION REJECTED received 2 response(s) and 0 exception(s):
2021-12-02 10:58:56,157 [f82ce74c-d344-4424-8faf-57994d5deae6@group-872A699AD662-LeaderElection150] INFO  impl.LeaderElection (LeaderElection.java:logAndReturn(93)) -   Response 0: f82ce74c-d344-4424-8faf-57994d5deae6<-aad1e884-dc0c-43f6-a9fd-14f12d4b30b4#0:FAIL-t2
2021-12-02 10:58:56,157 [f82ce74c-d344-4424-8faf-57994d5deae6@group-872A699AD662-LeaderElection150] INFO  impl.LeaderElection (LeaderElection.java:logAndReturn(93)) -   Response 1: f82ce74c-d344-4424-8faf-57994d5deae6<-189e5a6c-5aeb-4ebf-ab25-1500da4b2a9e#0:FAIL-t2
2021-12-02 10:58:56,157 [f82ce74c-d344-4424-8faf-57994d5deae6@group-872A699AD662-LeaderElection150] INFO  impl.LeaderElection (LeaderElection.java:askForVotes(308)) - f82ce74c-d344-4424-8faf-57994d5deae6@group-872A699AD662-LeaderElection150 ELECTION round 0: result REJECTED
2021-12-02 10:58:56,157 [f82ce74c-d344-4424-8faf-57994d5deae6@group-872A699AD662-LeaderElection150] INFO  server.RaftServer$Division (RaftServerImpl.java:setRole(290)) - f82ce74c-d344-4424-8faf-57994d5deae6@group-872A699AD662: changes role from CANDIDATE to FOLLOWER at term 2 for REJECTED
2021-12-02 10:58:56,157 [f82ce74c-d344-4424-8faf-57994d5deae6@group-872A699AD662-LeaderElection150] INFO  impl.RoleInfo (RoleInfo.java:shutdownLeaderElection(121)) - f82ce74c-d344-4424-8faf-57994d5deae6: shutdown f82ce74c-d344-4424-8faf-57994d5deae6@group-872A699AD662-LeaderElection150
2021-12-02 10:58:56,157 [f82ce74c-d344-4424-8faf-57994d5deae6@group-872A699AD662-LeaderElection150] INFO  impl.RoleInfo (RoleInfo.java:updateAndGet(130)) - f82ce74c-d344-4424-8faf-57994d5deae6: start f82ce74c-d344-4424-8faf-57994d5deae6@group-872A699AD662-FollowerState
2021-12-02 10:58:56,174 [grpc-default-executor-6] INFO  ratis.XceiverServerRatis (XceiverServerRatis.java:handleLeaderChangedNotification(866)) - Leader change notification received for group: group-872A699AD662 with new leaderId: 189e5a6c-5aeb-4ebf-ab25-1500da4b2a9e
2021-12-02 10:58:56,174 [grpc-default-executor-6] INFO  server.RaftServer$Division (ServerState.java:setLeader(285)) - f82ce74c-d344-4424-8faf-57994d5deae6@group-872A699AD662: change Leader from null to 189e5a6c-5aeb-4ebf-ab25-1500da4b2a9e at term 2 for appendEntries, leader elected after 10701ms
2021-12-02 10:58:56,205 [grpc-default-executor-1] INFO  server.RaftServer$Division (ServerState.java:setRaftConf(387)) - aad1e884-dc0c-43f6-a9fd-14f12d4b30b4@group-872A699AD662: set configuration 0: [f82ce74c-d344-4424-8faf-57994d5deae6|rpc:10.1.0.26:34529|dataStream:|priority:0, aad1e884-dc0c-43f6-a9fd-14f12d4b30b4|rpc:10.1.0.26:39765|dataStream:|priority:0, 189e5a6c-5aeb-4ebf-ab25-1500da4b2a9e|rpc:10.1.0.26:43265|dataStream:|priority:1], old=null
2021-12-02 10:58:56,206 [grpc-default-executor-1] INFO  segmented.SegmentedRaftLogWorker (SegmentedRaftLogWorker.java:startLogSegment(394)) - aad1e884-dc0c-43f6-a9fd-14f12d4b30b4@group-872A699AD662-SegmentedRaftLogWorker: Starting segment from index:0
2021-12-02 10:58:56,224 [aad1e884-dc0c-43f6-a9fd-14f12d4b30b4@group-872A699AD662-SegmentedRaftLogWorker] INFO  segmented.SegmentedRaftLogWorker (SegmentedRaftLogWorker.java:execute(601)) - aad1e884-dc0c-43f6-a9fd-14f12d4b30b4@group-872A699AD662-SegmentedRaftLogWorker: created new log segment /home/runner/work/ozone/ozone/hadoop-ozone/integration-test/target/test-dir/MiniOzoneClusterImpl-73dd4d89-5651-475a-8e12-7bad855f6dad/datanode-1/data/ratis/1784d707-18eb-46a2-a92b-872a699ad662/current/log_inprogress_0
2021-12-02 10:58:56,351 [grpc-default-executor-1] INFO  server.RaftServer$Division (ServerState.java:setRaftConf(387)) - f82ce74c-d344-4424-8faf-57994d5deae6@group-872A699AD662: set configuration 0: [f82ce74c-d344-4424-8faf-57994d5deae6|rpc:10.1.0.26:34529|dataStream:|priority:0, aad1e884-dc0c-43f6-a9fd-14f12d4b30b4|rpc:10.1.0.26:39765|dataStream:|priority:0, 189e5a6c-5aeb-4ebf-ab25-1500da4b2a9e|rpc:10.1.0.26:43265|dataStream:|priority:1], old=null
2021-12-02 10:58:56,352 [grpc-default-executor-1] INFO  segmented.SegmentedRaftLogWorker (SegmentedRaftLogWorker.java:startLogSegment(394)) - f82ce74c-d344-4424-8faf-57994d5deae6@group-872A699AD662-SegmentedRaftLogWorker: Starting segment from index:0
2021-12-02 10:58:56,355 [f82ce74c-d344-4424-8faf-57994d5deae6@group-872A699AD662-SegmentedRaftLogWorker] INFO  segmented.SegmentedRaftLogWorker (SegmentedRaftLogWorker.java:execute(601)) - f82ce74c-d344-4424-8faf-57994d5deae6@group-872A699AD662-SegmentedRaftLogWorker: created new log segment /home/runner/work/ozone/ozone/hadoop-ozone/integration-test/target/test-dir/MiniOzoneClusterImpl-73dd4d89-5651-475a-8e12-7bad855f6dad/datanode-0/data/ratis/1784d707-18eb-46a2-a92b-872a699ad662/current/log_inprogress_0
2021-12-02 10:58:56,768 [EventQueue-OpenPipelineForHealthyPipelineSafeModeRule] INFO  safemode.SCMSafeModeManager (HealthyPipelineSafeModeRule.java:process(124)) - SCM in safe mode. Healthy pipelines reported count is 0, required healthy pipeline reported count is 1
2021-12-02 10:58:56,775 [Listener at 127.0.0.1/45099] INFO  ozone.MiniOzoneClusterImpl (MiniOzoneClusterImpl.java:lambda$waitForClusterToBeReady$0(235)) - Nodes are ready. Got 3 of 3 DN Heartbeats.
2021-12-02 10:58:56,775 [Listener at 127.0.0.1/45099] INFO  ozone.MiniOzoneClusterImpl (MiniOzoneClusterImpl.java:lambda$waitForClusterToBeReady$0(238)) - Waiting for cluster to exit safe mode
2021-12-02 10:58:56,776 [Listener at 127.0.0.1/45099] INFO  ozone.MiniOzoneClusterImpl (MiniOzoneClusterImpl.java:lambda$waitForClusterToBeReady$0(240)) - SCM became leader
2021-12-02 10:58:56,959 [Time-limited test] INFO  upgrade.UpgradeFinalizer (SCMUpgradeFinalizer.java:postFinalizeUpgrade(124)) - Open pipeline found after SCM finalization
2021-12-02 10:58:56,959 [Time-limited test] INFO  upgrade.UpgradeFinalizer (BasicUpgradeFinalizer.java:logAndEmit(342)) - Finalization is done.
2021-12-02 10:58:56,959 [Time-limited test] INFO  upgrade.TestHDDSUpgrade (TestHDDSUpgrade.java:injectDataNodeFailureDuringSCMUpgrade(548)) - Restarting datanode f82ce74c-d344-4424-8faf-57994d5deae6
2021-12-02 10:58:57,156 [EventQueue-OpenPipelineForHealthyPipelineSafeModeRule] INFO  safemode.SCMSafeModeManager (HealthyPipelineSafeModeRule.java:process(124)) - SCM in safe mode. Healthy pipelines reported count is 0, required healthy pipeline reported count is 1
2021-12-02 10:58:57,376 [EventQueue-OpenPipelineForHealthyPipelineSafeModeRule] INFO  safemode.SCMSafeModeManager (HealthyPipelineSafeModeRule.java:process(124)) - SCM in safe mode. Healthy pipelines reported count is 0, required healthy pipeline reported count is 1
2021-12-02 10:58:57,776 [Listener at 127.0.0.1/45099] INFO  ozone.MiniOzoneClusterImpl (MiniOzoneClusterImpl.java:lambda$waitForClusterToBeReady$0(235)) - Nodes are ready. Got 3 of 3 DN Heartbeats.
2021-12-02 10:58:57,776 [Listener at 127.0.0.1/45099] INFO  ozone.MiniOzoneClusterImpl (MiniOzoneClusterImpl.java:lambda$waitForClusterToBeReady$0(238)) - Waiting for cluster to exit safe mode
2021-12-02 10:58:57,776 [Listener at 127.0.0.1/45099] INFO  ozone.MiniOzoneClusterImpl (MiniOzoneClusterImpl.java:lambda$waitForClusterToBeReady$0(240)) - SCM became leader
2021-12-02 10:58:58,160 [EventQueue-OpenPipelineForHealthyPipelineSafeModeRule] INFO  safemode.SCMSafeModeManager (HealthyPipelineSafeModeRule.java:process(124)) - SCM in safe mode. Healthy pipelines reported count is 0, required healthy pipeline reported count is 1
2021-12-02 10:58:58,777 [Listener at 127.0.0.1/45099] INFO  ozone.MiniOzoneClusterImpl (MiniOzoneClusterImpl.java:lambda$waitForClusterToBeReady$0(235)) - Nodes are ready. Got 3 of 3 DN Heartbeats.
2021-12-02 10:58:58,777 [Listener at 127.0.0.1/45099] INFO  ozone.MiniOzoneClusterImpl (MiniOzoneClusterImpl.java:lambda$waitForClusterToBeReady$0(238)) - Waiting for cluster to exit safe mode
2021-12-02 10:58:58,777 [Listener at 127.0.0.1/45099] INFO  ozone.MiniOzoneClusterImpl (MiniOzoneClusterImpl.java:lambda$waitForClusterToBeReady$0(240)) - SCM became leader
2021-12-02 10:58:58,782 [EventQueue-OpenPipelineForHealthyPipelineSafeModeRule] INFO  safemode.SCMSafeModeManager (HealthyPipelineSafeModeRule.java:process(124)) - SCM in safe mode. Healthy pipelines reported count is 0, required healthy pipeline reported count is 1
2021-12-02 10:58:58,875 [EventQueue-OpenPipelineForHealthyPipelineSafeModeRule] INFO  safemode.SCMSafeModeManager (HealthyPipelineSafeModeRule.java:process(124)) - SCM in safe mode. Healthy pipelines reported count is 0, required healthy pipeline reported count is 1
2021-12-02 10:58:59,661 [EventQueue-OpenPipelineForHealthyPipelineSafeModeRule] INFO  safemode.SCMSafeModeManager (HealthyPipelineSafeModeRule.java:process(124)) - SCM in safe mode. Healthy pipelines reported count is 0, required healthy pipeline reported count is 1
2021-12-02 10:58:59,777 [Listener at 127.0.0.1/45099] INFO  ozone.MiniOzoneClusterImpl (MiniOzoneClusterImpl.java:lambda$waitForClusterToBeReady$0(235)) - Nodes are ready. Got 3 of 3 DN Heartbeats.
2021-12-02 10:58:59,777 [Listener at 127.0.0.1/45099] INFO  ozone.MiniOzoneClusterImpl (MiniOzoneClusterImpl.java:lambda$waitForClusterToBeReady$0(238)) - Waiting for cluster to exit safe mode
2021-12-02 10:58:59,777 [Listener at 127.0.0.1/45099] INFO  ozone.MiniOzoneClusterImpl (MiniOzoneClusterImpl.java:lambda$waitForClusterToBeReady$0(240)) - SCM became leader
2021-12-02 10:59:00,068 [c7ad35ec-beb2-4cf7-bc01-7589f79a3108@group-CAF6EFCE481F-FollowerState] INFO  impl.FollowerState (FollowerState.java:run(134)) - c7ad35ec-beb2-4cf7-bc01-7589f79a3108@group-CAF6EFCE481F-FollowerState: change to CANDIDATE, lastRpcElapsedTime:5056547425ns, electionTimeout:5052ms
2021-12-02 10:59:00,068 [c7ad35ec-beb2-4cf7-bc01-7589f79a3108@group-CAF6EFCE481F-FollowerState] INFO  impl.RoleInfo (RoleInfo.java:shutdownFollowerState(108)) - c7ad35ec-beb2-4cf7-bc01-7589f79a3108: shutdown c7ad35ec-beb2-4cf7-bc01-7589f79a3108@group-CAF6EFCE481F-FollowerState
2021-12-02 10:59:00,068 [c7ad35ec-beb2-4cf7-bc01-7589f79a3108@group-CAF6EFCE481F-FollowerState] INFO  server.RaftServer$Division (RaftServerImpl.java:setRole(290)) - c7ad35ec-beb2-4cf7-bc01-7589f79a3108@group-CAF6EFCE481F: changes role from  FOLLOWER to CANDIDATE at term 4 for changeToCandidate
2021-12-02 10:59:00,068 [c7ad35ec-beb2-4cf7-bc01-7589f79a3108@group-CAF6EFCE481F-FollowerState] INFO  server.RaftServerConfigKeys (ConfUtils.java:logGet(44)) - raft.server.leaderelection.pre-vote = false (custom)
2021-12-02 10:59:00,068 [c7ad35ec-beb2-4cf7-bc01-7589f79a3108@group-CAF6EFCE481F-FollowerState] INFO  impl.RoleInfo (RoleInfo.java:updateAndGet(130)) - c7ad35ec-beb2-4cf7-bc01-7589f79a3108: start c7ad35ec-beb2-4cf7-bc01-7589f79a3108@group-CAF6EFCE481F-LeaderElection152
2021-12-02 10:59:00,083 [c7ad35ec-beb2-4cf7-bc01-7589f79a3108@group-CAF6EFCE481F-LeaderElection152] INFO  impl.LeaderElection (LeaderElection.java:askForVotes(306)) - c7ad35ec-beb2-4cf7-bc01-7589f79a3108@group-CAF6EFCE481F-LeaderElection152 ELECTION round 0: submit vote requests at term 5 for -1: [4e57e8a8-e34c-4c63-9ee2-ea20f579f12f|rpc:10.1.0.26:45399|dataStream:|priority:1, 7a41c6a3-6927-412d-981c-9145982a7803|rpc:10.1.0.26:46457|dataStream:|priority:0, c7ad35ec-beb2-4cf7-bc01-7589f79a3108|rpc:10.1.0.26:41139|dataStream:|priority:0], old=null
2021-12-02 10:59:00,085 [grpc-default-executor-1] INFO  server.RaftServer$Division (RaftServerImpl.java:requestVote(1046)) - 4e57e8a8-e34c-4c63-9ee2-ea20f579f12f@group-CAF6EFCE481F: receive requestVote(ELECTION, c7ad35ec-beb2-4cf7-bc01-7589f79a3108, group-CAF6EFCE481F, 5, (t:0, i:0))
2021-12-02 10:59:00,085 [grpc-default-executor-1] INFO  impl.VoteContext (VoteContext.java:log(48)) - 4e57e8a8-e34c-4c63-9ee2-ea20f579f12f@group-CAF6EFCE481F-FOLLOWER: reject ELECTION from c7ad35ec-beb2-4cf7-bc01-7589f79a3108: our priority 1 > candidate's priority 0
2021-12-02 10:59:00,085 [grpc-default-executor-1] INFO  server.RaftServer$Division (RaftServerImpl.java:setRole(290)) - 4e57e8a8-e34c-4c63-9ee2-ea20f579f12f@group-CAF6EFCE481F: changes role from  FOLLOWER to FOLLOWER at term 5 for candidate:c7ad35ec-beb2-4cf7-bc01-7589f79a3108
2021-12-02 10:59:00,085 [grpc-default-executor-1] INFO  impl.RoleInfo (RoleInfo.java:shutdownFollowerState(108)) - 4e57e8a8-e34c-4c63-9ee2-ea20f579f12f: shutdown 4e57e8a8-e34c-4c63-9ee2-ea20f579f12f@group-CAF6EFCE481F-FollowerState
2021-12-02 10:59:00,085 [grpc-default-executor-1] INFO  impl.RoleInfo (RoleInfo.java:updateAndGet(130)) - 4e57e8a8-e34c-4c63-9ee2-ea20f579f12f: start 4e57e8a8-e34c-4c63-9ee2-ea20f579f12f@group-CAF6EFCE481F-FollowerState
2021-12-02 10:59:00,085 [4e57e8a8-e34c-4c63-9ee2-ea20f579f12f@group-CAF6EFCE481F-FollowerState] INFO  impl.FollowerState (FollowerState.java:run(143)) - 4e57e8a8-e34c-4c63-9ee2-ea20f579f12f@group-CAF6EFCE481F-FollowerState was interrupted: {}
java.lang.InterruptedException: sleep interrupted
	at java.lang.Thread.sleep(Native Method)
	at java.lang.Thread.sleep(Thread.java:340)
	at java.util.concurrent.TimeUnit.sleep(TimeUnit.java:386)
	at org.apache.ratis.util.TimeDuration.sleep(TimeDuration.java:324)
	at org.apache.ratis.util.TimeDuration.sleep(TimeDuration.java:309)
	at org.apache.ratis.server.impl.FollowerState.run(FollowerState.java:118)
2021-12-02 10:59:00,095 [grpc-default-executor-1] INFO  server.RaftServer$Division (RaftServerImpl.java:requestVote(1078)) - 4e57e8a8-e34c-4c63-9ee2-ea20f579f12f@group-CAF6EFCE481F replies to ELECTION vote request: c7ad35ec-beb2-4cf7-bc01-7589f79a3108<-4e57e8a8-e34c-4c63-9ee2-ea20f579f12f#0:FAIL-t5. Peer's state: 4e57e8a8-e34c-4c63-9ee2-ea20f579f12f@group-CAF6EFCE481F:t5, leader=null, voted=null, raftlog=4e57e8a8-e34c-4c63-9ee2-ea20f579f12f@group-CAF6EFCE481F-SegmentedRaftLog:OPENED:c-1, conf=-1: [4e57e8a8-e34c-4c63-9ee2-ea20f579f12f|rpc:10.1.0.26:45399|dataStream:|priority:1, 7a41c6a3-6927-412d-981c-9145982a7803|rpc:10.1.0.26:46457|dataStream:|priority:0, c7ad35ec-beb2-4cf7-bc01-7589f79a3108|rpc:10.1.0.26:41139|dataStream:|priority:0], old=null
2021-12-02 10:59:00,096 [c7ad35ec-beb2-4cf7-bc01-7589f79a3108@group-CAF6EFCE481F-LeaderElection152] INFO  impl.LeaderElection (LeaderElection.java:logAndReturn(89)) - c7ad35ec-beb2-4cf7-bc01-7589f79a3108@group-CAF6EFCE481F-LeaderElection152: ELECTION REJECTED received 1 response(s) and 0 exception(s):
2021-12-02 10:59:00,096 [c7ad35ec-beb2-4cf7-bc01-7589f79a3108@group-CAF6EFCE481F-LeaderElection152] INFO  impl.LeaderElection (LeaderElection.java:logAndReturn(93)) -   Response 0: c7ad35ec-beb2-4cf7-bc01-7589f79a3108<-4e57e8a8-e34c-4c63-9ee2-ea20f579f12f#0:FAIL-t5
2021-12-02 10:59:00,096 [c7ad35ec-beb2-4cf7-bc01-7589f79a3108@group-CAF6EFCE481F-LeaderElection152] INFO  impl.LeaderElection (LeaderElection.java:askForVotes(308)) - c7ad35ec-beb2-4cf7-bc01-7589f79a3108@group-CAF6EFCE481F-LeaderElection152 ELECTION round 0: result REJECTED
2021-12-02 10:59:00,096 [c7ad35ec-beb2-4cf7-bc01-7589f79a3108@group-CAF6EFCE481F-LeaderElection152] INFO  server.RaftServer$Division (RaftServerImpl.java:setRole(290)) - c7ad35ec-beb2-4cf7-bc01-7589f79a3108@group-CAF6EFCE481F: changes role from CANDIDATE to FOLLOWER at term 5 for REJECTED
2021-12-02 10:59:00,096 [c7ad35ec-beb2-4cf7-bc01-7589f79a3108@group-CAF6EFCE481F-LeaderElection152] INFO  impl.RoleInfo (RoleInfo.java:shutdownLeaderElection(121)) - c7ad35ec-beb2-4cf7-bc01-7589f79a3108: shutdown c7ad35ec-beb2-4cf7-bc01-7589f79a3108@group-CAF6EFCE481F-LeaderElection152
2021-12-02 10:59:00,096 [c7ad35ec-beb2-4cf7-bc01-7589f79a3108@group-CAF6EFCE481F-LeaderElection152] INFO  impl.RoleInfo (RoleInfo.java:updateAndGet(130)) - c7ad35ec-beb2-4cf7-bc01-7589f79a3108: start c7ad35ec-beb2-4cf7-bc01-7589f79a3108@group-CAF6EFCE481F-FollowerState
2021-12-02 10:59:00,103 [grpc-default-executor-6] INFO  server.RaftServer$Division (RaftServerImpl.java:requestVote(1046)) - 7a41c6a3-6927-412d-981c-9145982a7803@group-CAF6EFCE481F: receive requestVote(ELECTION, c7ad35ec-beb2-4cf7-bc01-7589f79a3108, group-CAF6EFCE481F, 5, (t:0, i:0))
2021-12-02 10:59:00,103 [grpc-default-executor-6] INFO  impl.VoteContext (VoteContext.java:log(48)) - 7a41c6a3-6927-412d-981c-9145982a7803@group-CAF6EFCE481F-FOLLOWER: accept ELECTION from c7ad35ec-beb2-4cf7-bc01-7589f79a3108: our priority 0 <= candidate's priority 0
2021-12-02 10:59:00,103 [grpc-default-executor-6] INFO  server.RaftServer$Division (RaftServerImpl.java:setRole(290)) - 7a41c6a3-6927-412d-981c-9145982a7803@group-CAF6EFCE481F: changes role from  FOLLOWER to FOLLOWER at term 5 for candidate:c7ad35ec-beb2-4cf7-bc01-7589f79a3108
2021-12-02 10:59:00,103 [grpc-default-executor-6] INFO  impl.RoleInfo (RoleInfo.java:shutdownFollowerState(108)) - 7a41c6a3-6927-412d-981c-9145982a7803: shutdown 7a41c6a3-6927-412d-981c-9145982a7803@group-CAF6EFCE481F-FollowerState
2021-12-02 10:59:00,125 [grpc-default-executor-6] INFO  impl.RoleInfo (RoleInfo.java:updateAndGet(130)) - 7a41c6a3-6927-412d-981c-9145982a7803: start 7a41c6a3-6927-412d-981c-9145982a7803@group-CAF6EFCE481F-FollowerState
2021-12-02 10:59:00,125 [7a41c6a3-6927-412d-981c-9145982a7803@group-CAF6EFCE481F-FollowerState] INFO  impl.FollowerState (FollowerState.java:run(143)) - 7a41c6a3-6927-412d-981c-9145982a7803@group-CAF6EFCE481F-FollowerState was interrupted: {}
java.lang.InterruptedException: sleep interrupted
	at java.lang.Thread.sleep(Native Method)
	at java.lang.Thread.sleep(Thread.java:340)
	at java.util.concurrent.TimeUnit.sleep(TimeUnit.java:386)
	at org.apache.ratis.util.TimeDuration.sleep(TimeDuration.java:324)
	at org.apache.ratis.util.TimeDuration.sleep(TimeDuration.java:309)
	at org.apache.ratis.server.impl.FollowerState.run(FollowerState.java:118)
2021-12-02 10:59:00,141 [grpc-default-executor-6] INFO  server.RaftServer$Division (RaftServerImpl.java:requestVote(1078)) - 7a41c6a3-6927-412d-981c-9145982a7803@group-CAF6EFCE481F replies to ELECTION vote request: c7ad35ec-beb2-4cf7-bc01-7589f79a3108<-7a41c6a3-6927-412d-981c-9145982a7803#0:OK-t5. Peer's state: 7a41c6a3-6927-412d-981c-9145982a7803@group-CAF6EFCE481F:t5, leader=null, voted=c7ad35ec-beb2-4cf7-bc01-7589f79a3108, raftlog=7a41c6a3-6927-412d-981c-9145982a7803@group-CAF6EFCE481F-SegmentedRaftLog:OPENED:c-1, conf=-1: [4e57e8a8-e34c-4c63-9ee2-ea20f579f12f|rpc:10.1.0.26:45399|priority:1, 7a41c6a3-6927-412d-981c-9145982a7803|rpc:10.1.0.26:46457|priority:0, c7ad35ec-beb2-4cf7-bc01-7589f79a3108|rpc:10.1.0.26:41139|priority:0], old=null
2021-12-02 10:59:00,277 [EventQueue-OpenPipelineForHealthyPipelineSafeModeRule] INFO  safemode.SCMSafeModeManager (HealthyPipelineSafeModeRule.java:process(124)) - SCM in safe mode. Healthy pipelines reported count is 0, required healthy pipeline reported count is 1
2021-12-02 10:59:00,383 [EventQueue-OpenPipelineForHealthyPipelineSafeModeRule] INFO  safemode.SCMSafeModeManager (HealthyPipelineSafeModeRule.java:process(124)) - SCM in safe mode. Healthy pipelines reported count is 0, required healthy pipeline reported count is 1
2021-12-02 10:59:00,777 [Listener at 127.0.0.1/45099] INFO  ozone.MiniOzoneClusterImpl (MiniOzoneClusterImpl.java:lambda$waitForClusterToBeReady$0(235)) - Nodes are ready. Got 3 of 3 DN Heartbeats.
2021-12-02 10:59:00,777 [Listener at 127.0.0.1/45099] INFO  ozone.MiniOzoneClusterImpl (MiniOzoneClusterImpl.java:lambda$waitForClusterToBeReady$0(238)) - Waiting for cluster to exit safe mode
2021-12-02 10:59:00,777 [Listener at 127.0.0.1/45099] INFO  ozone.MiniOzoneClusterImpl (MiniOzoneClusterImpl.java:lambda$waitForClusterToBeReady$0(240)) - SCM became leader
2021-12-02 10:59:01,161 [EventQueue-OpenPipelineForHealthyPipelineSafeModeRule] INFO  safemode.SCMSafeModeManager (HealthyPipelineSafeModeRule.java:process(124)) - SCM in safe mode. Healthy pipelines reported count is 0, required healthy pipeline reported count is 1
2021-12-02 10:59:01,391 [EventQueue-OpenPipelineForHealthyPipelineSafeModeRule] INFO  safemode.SCMSafeModeManager (HealthyPipelineSafeModeRule.java:process(124)) - SCM in safe mode. Healthy pipelines reported count is 0, required healthy pipeline reported count is 1
2021-12-02 10:59:01,777 [EventQueue-OpenPipelineForHealthyPipelineSafeModeRule] INFO  safemode.SCMSafeModeManager (HealthyPipelineSafeModeRule.java:process(124)) - SCM in safe mode. Healthy pipelines reported count is 0, required healthy pipeline reported count is 1
2021-12-02 10:59:01,779 [Listener at 127.0.0.1/45099] INFO  ozone.MiniOzoneClusterImpl (MiniOzoneClusterImpl.java:lambda$waitForClusterToBeReady$0(235)) - Nodes are ready. Got 3 of 3 DN Heartbeats.
2021-12-02 10:59:01,779 [Listener at 127.0.0.1/45099] INFO  ozone.MiniOzoneClusterImpl (MiniOzoneClusterImpl.java:lambda$waitForClusterToBeReady$0(238)) - Waiting for cluster to exit safe mode
2021-12-02 10:59:01,779 [Listener at 127.0.0.1/45099] INFO  ozone.MiniOzoneClusterImpl (MiniOzoneClusterImpl.java:lambda$waitForClusterToBeReady$0(240)) - SCM became leader
2021-12-02 10:59:01,962 [Time-limited test] INFO  ozoneimpl.OzoneContainer (OzoneContainer.java:stop(325)) - Attempting to stop container services.
2021-12-02 10:59:01,963 [Time-limited test] INFO  server.RaftServer (RaftServerProxy.java:lambda$close$6(391)) - f82ce74c-d344-4424-8faf-57994d5deae6: close
2021-12-02 10:59:01,968 [Time-limited test] INFO  server.RaftServer$Division (RaftServerImpl.java:lambda$close$4(412)) - f82ce74c-d344-4424-8faf-57994d5deae6@group-603896AEA724: shutdown
2021-12-02 10:59:01,969 [Time-limited test] INFO  util.JmxRegister (JmxRegister.java:unregister(73)) - Successfully un-registered JMX Bean with object name Ratis:service=RaftServer,group=group-603896AEA724,id=f82ce74c-d344-4424-8faf-57994d5deae6
2021-12-02 10:59:01,969 [Time-limited test] INFO  impl.RoleInfo (RoleInfo.java:shutdownLeaderState(91)) - f82ce74c-d344-4424-8faf-57994d5deae6: shutdown f82ce74c-d344-4424-8faf-57994d5deae6@group-603896AEA724-LeaderStateImpl
2021-12-02 10:59:01,969 [Time-limited test] INFO  impl.PendingRequests (PendingRequests.java:sendNotLeaderResponses(282)) - f82ce74c-d344-4424-8faf-57994d5deae6@group-603896AEA724-PendingRequests: sendNotLeaderResponses
2021-12-02 10:59:01,970 [Time-limited test] INFO  impl.StateMachineUpdater (StateMachineUpdater.java:stopAndJoin(149)) - f82ce74c-d344-4424-8faf-57994d5deae6@group-603896AEA724-StateMachineUpdater: set stopIndex = 0
2021-12-02 10:59:01,970 [f82ce74c-d344-4424-8faf-57994d5deae6@group-603896AEA724-StateMachineUpdater] INFO  ratis.ContainerStateMachine (ContainerStateMachine.java:takeSnapshot(292)) - group-603896AEA724: Taking a snapshot at:(t:1, i:0) file /home/runner/work/ozone/ozone/hadoop-ozone/integration-test/target/test-dir/MiniOzoneClusterImpl-73dd4d89-5651-475a-8e12-7bad855f6dad/datanode-0/data/ratis/2f3e203b-5ac4-424f-ac2c-603896aea724/sm/snapshot.1_0
2021-12-02 10:59:01,971 [f82ce74c-d344-4424-8faf-57994d5deae6@group-603896AEA724-StateMachineUpdater] INFO  ratis.ContainerStateMachine (ContainerStateMachine.java:takeSnapshot(303)) - group-603896AEA724: Finished taking a snapshot at:(t:1, i:0) file:/home/runner/work/ozone/ozone/hadoop-ozone/integration-test/target/test-dir/MiniOzoneClusterImpl-73dd4d89-5651-475a-8e12-7bad855f6dad/datanode-0/data/ratis/2f3e203b-5ac4-424f-ac2c-603896aea724/sm/snapshot.1_0 took: 1 ms
2021-12-02 10:59:01,971 [f82ce74c-d344-4424-8faf-57994d5deae6@group-603896AEA724-StateMachineUpdater] INFO  impl.StateMachineUpdater (StateMachineUpdater.java:takeSnapshot(281)) - f82ce74c-d344-4424-8faf-57994d5deae6@group-603896AEA724-StateMachineUpdater: Took a snapshot at index 0
2021-12-02 10:59:01,971 [f82ce74c-d344-4424-8faf-57994d5deae6@group-603896AEA724-StateMachineUpdater] INFO  impl.StateMachineUpdater (StateMachineUpdater.java:lambda$new$0(89)) - f82ce74c-d344-4424-8faf-57994d5deae6@group-603896AEA724-StateMachineUpdater: snapshotIndex: updateIncreasingly -1 -> 0
2021-12-02 10:59:01,972 [Time-limited test] INFO  server.RaftServer$Division (ServerState.java:close(419)) - f82ce74c-d344-4424-8faf-57994d5deae6@group-603896AEA724: closes. applyIndex: 0
2021-12-02 10:59:01,978 [f82ce74c-d344-4424-8faf-57994d5deae6@group-603896AEA724-SegmentedRaftLogWorker] INFO  segmented.SegmentedRaftLogWorker (SegmentedRaftLogWorker.java:run(327)) - f82ce74c-d344-4424-8faf-57994d5deae6@group-603896AEA724-SegmentedRaftLogWorker was interrupted, exiting. There are 0 tasks remaining in the queue.
2021-12-02 10:59:01,983 [Time-limited test] INFO  segmented.SegmentedRaftLogWorker (SegmentedRaftLogWorker.java:close(237)) - f82ce74c-d344-4424-8faf-57994d5deae6@group-603896AEA724-SegmentedRaftLogWorker close()
2021-12-02 10:59:01,991 [Time-limited test] INFO  server.RaftServer$Division (RaftServerImpl.java:lambda$close$4(412)) - f82ce74c-d344-4424-8faf-57994d5deae6@group-872A699AD662: shutdown
2021-12-02 10:59:01,991 [Time-limited test] INFO  util.JmxRegister (JmxRegister.java:unregister(73)) - Successfully un-registered JMX Bean with object name Ratis:service=RaftServer,group=group-872A699AD662,id=f82ce74c-d344-4424-8faf-57994d5deae6
2021-12-02 10:59:01,991 [Time-limited test] INFO  impl.RoleInfo (RoleInfo.java:shutdownFollowerState(108)) - f82ce74c-d344-4424-8faf-57994d5deae6: shutdown f82ce74c-d344-4424-8faf-57994d5deae6@group-872A699AD662-FollowerState
2021-12-02 10:59:01,991 [Time-limited test] INFO  impl.StateMachineUpdater (StateMachineUpdater.java:stopAndJoin(149)) - f82ce74c-d344-4424-8faf-57994d5deae6@group-872A699AD662-StateMachineUpdater: set stopIndex = 0
2021-12-02 10:59:01,994 [f82ce74c-d344-4424-8faf-57994d5deae6@group-872A699AD662-FollowerState] INFO  impl.FollowerState (FollowerState.java:run(143)) - f82ce74c-d344-4424-8faf-57994d5deae6@group-872A699AD662-FollowerState was interrupted: {}
java.lang.InterruptedException: sleep interrupted
	at java.lang.Thread.sleep(Native Method)
	at java.lang.Thread.sleep(Thread.java:340)
	at java.util.concurrent.TimeUnit.sleep(TimeUnit.java:386)
	at org.apache.ratis.util.TimeDuration.sleep(TimeDuration.java:324)
	at org.apache.ratis.util.TimeDuration.sleep(TimeDuration.java:309)
	at org.apache.ratis.server.impl.FollowerState.run(FollowerState.java:118)
2021-12-02 10:59:01,995 [f82ce74c-d344-4424-8faf-57994d5deae6@group-872A699AD662-StateMachineUpdater] INFO  ratis.ContainerStateMachine (ContainerStateMachine.java:takeSnapshot(292)) - group-872A699AD662: Taking a snapshot at:(t:2, i:0) file /home/runner/work/ozone/ozone/hadoop-ozone/integration-test/target/test-dir/MiniOzoneClusterImpl-73dd4d89-5651-475a-8e12-7bad855f6dad/datanode-0/data/ratis/1784d707-18eb-46a2-a92b-872a699ad662/sm/snapshot.2_0
2021-12-02 10:59:01,996 [f82ce74c-d344-4424-8faf-57994d5deae6@group-872A699AD662-StateMachineUpdater] INFO  ratis.ContainerStateMachine (ContainerStateMachine.java:takeSnapshot(303)) - group-872A699AD662: Finished taking a snapshot at:(t:2, i:0) file:/home/runner/work/ozone/ozone/hadoop-ozone/integration-test/target/test-dir/MiniOzoneClusterImpl-73dd4d89-5651-475a-8e12-7bad855f6dad/datanode-0/data/ratis/1784d707-18eb-46a2-a92b-872a699ad662/sm/snapshot.2_0 took: 1 ms
2021-12-02 10:59:01,996 [f82ce74c-d344-4424-8faf-57994d5deae6@group-872A699AD662-StateMachineUpdater] INFO  impl.StateMachineUpdater (StateMachineUpdater.java:takeSnapshot(281)) - f82ce74c-d344-4424-8faf-57994d5deae6@group-872A699AD662-StateMachineUpdater: Took a snapshot at index 0
2021-12-02 10:59:01,996 [f82ce74c-d344-4424-8faf-57994d5deae6@group-872A699AD662-StateMachineUpdater] INFO  impl.StateMachineUpdater (StateMachineUpdater.java:lambda$new$0(89)) - f82ce74c-d344-4424-8faf-57994d5deae6@group-872A699AD662-StateMachineUpdater: snapshotIndex: updateIncreasingly -1 -> 0
2021-12-02 10:59:02,003 [Time-limited test] INFO  server.RaftServer$Division (ServerState.java:close(419)) - f82ce74c-d344-4424-8faf-57994d5deae6@group-872A699AD662: closes. applyIndex: 0
2021-12-02 10:59:02,003 [f82ce74c-d344-4424-8faf-57994d5deae6@group-872A699AD662-SegmentedRaftLogWorker] INFO  segmented.SegmentedRaftLogWorker (SegmentedRaftLogWorker.java:run(327)) - f82ce74c-d344-4424-8faf-57994d5deae6@group-872A699AD662-SegmentedRaftLogWorker was interrupted, exiting. There are 0 tasks remaining in the queue.
2021-12-02 10:59:02,007 [Time-limited test] INFO  segmented.SegmentedRaftLogWorker (SegmentedRaftLogWorker.java:close(237)) - f82ce74c-d344-4424-8faf-57994d5deae6@group-872A699AD662-SegmentedRaftLogWorker close()
2021-12-02 10:59:02,019 [Time-limited test] INFO  server.GrpcService (GrpcService.java:closeImpl(262)) - f82ce74c-d344-4424-8faf-57994d5deae6: shutdown server with port 34529 now
2021-12-02 10:59:02,032 [grpc-default-executor-6] WARN  server.GrpcServerProtocolService (LogUtils.java:warn(122)) - f82ce74c-d344-4424-8faf-57994d5deae6: installSnapshot onError, lastRequest: 189e5a6c-5aeb-4ebf-ab25-1500da4b2a9e->f82ce74c-d344-4424-8faf-57994d5deae6#1-t2,previous=(t:0, i:0),leaderCommit=0,initializing? true,entries: size=1, first=(t:2, i:0), CONFIGURATIONENTRY: org.apache.ratis.thirdparty.io.grpc.StatusRuntimeException: CANCELLED: client cancelled
2021-12-02 10:59:02,033 [grpc-default-executor-6] WARN  server.GrpcLogAppender (LogUtils.java:warn(122)) - 189e5a6c-5aeb-4ebf-ab25-1500da4b2a9e@group-872A699AD662->f82ce74c-d344-4424-8faf-57994d5deae6-AppendLogResponseHandler: Failed appendEntries: org.apache.ratis.thirdparty.io.grpc.StatusRuntimeException: CANCELLED: HTTP/2 error code: CANCEL
Received Rst Stream
2021-12-02 10:59:02,033 [grpc-default-executor-6] WARN  server.GrpcLogAppender (GrpcLogAppender.java:resetClient(110)) - 189e5a6c-5aeb-4ebf-ab25-1500da4b2a9e@group-872A699AD662->f82ce74c-d344-4424-8faf-57994d5deae6-GrpcLogAppender: Leader has not got in touch with Follower 189e5a6c-5aeb-4ebf-ab25-1500da4b2a9e@group-872A699AD662->f82ce74c-d344-4424-8faf-57994d5deae6(c0,m0,n1, attendVote=true, lastRpcSendTime=609, lastRpcResponseTime=589) yet, just keep nextIndex unchanged and retry.
2021-12-02 10:59:02,034 [Time-limited test] INFO  server.GrpcService (GrpcService.java:closeImpl(271)) - f82ce74c-d344-4424-8faf-57994d5deae6: shutdown server with port 34529 successfully
2021-12-02 10:59:02,034 [org.apache.ratis.util.JvmPauseMonitor$$Lambda$540/1659449900@60c85329] INFO  util.JvmPauseMonitor (JvmPauseMonitor.java:run(109)) - JvmPauseMonitor-f82ce74c-d344-4424-8faf-57994d5deae6: Stopped
2021-12-02 10:59:02,058 [Time-limited test] INFO  utils.BackgroundService (BackgroundService.java:shutdown(132)) - Shutting down service BlockDeletingService
2021-12-02 10:59:02,661 [EventQueue-OpenPipelineForHealthyPipelineSafeModeRule] INFO  safemode.SCMSafeModeManager (HealthyPipelineSafeModeRule.java:process(124)) - SCM in safe mode. Healthy pipelines reported count is 0, required healthy pipeline reported count is 1
2021-12-02 10:59:02,779 [Listener at 127.0.0.1/45099] INFO  ozone.MiniOzoneClusterImpl (MiniOzoneClusterImpl.java:lambda$waitForClusterToBeReady$0(235)) - Nodes are ready. Got 3 of 3 DN Heartbeats.
2021-12-02 10:59:02,780 [Listener at 127.0.0.1/45099] INFO  ozone.MiniOzoneClusterImpl (MiniOzoneClusterImpl.java:lambda$waitForClusterToBeReady$0(238)) - Waiting for cluster to exit safe mode
2021-12-02 10:59:02,780 [Listener at 127.0.0.1/45099] INFO  ozone.MiniOzoneClusterImpl (MiniOzoneClusterImpl.java:lambda$waitForClusterToBeReady$0(240)) - SCM became leader
2021-12-02 10:59:02,784 [EventQueue-OpenPipelineForHealthyPipelineSafeModeRule] INFO  safemode.SCMSafeModeManager (HealthyPipelineSafeModeRule.java:process(124)) - SCM in safe mode. Healthy pipelines reported count is 0, required healthy pipeline reported count is 1
2021-12-02 10:59:03,388 [EventQueue-OpenPipelineForHealthyPipelineSafeModeRule] INFO  safemode.SCMSafeModeManager (HealthyPipelineSafeModeRule.java:process(124)) - SCM in safe mode. Healthy pipelines reported count is 0, required healthy pipeline reported count is 1
2021-12-02 10:59:03,664 [EventQueue-OpenPipelineForHealthyPipelineSafeModeRule] INFO  safemode.SCMSafeModeManager (HealthyPipelineSafeModeRule.java:process(124)) - SCM in safe mode. Healthy pipelines reported count is 0, required healthy pipeline reported count is 1
2021-12-02 10:59:03,780 [Listener at 127.0.0.1/45099] INFO  ozone.MiniOzoneClusterImpl (MiniOzoneClusterImpl.java:lambda$waitForClusterToBeReady$0(235)) - Nodes are ready. Got 3 of 3 DN Heartbeats.
2021-12-02 10:59:03,780 [Listener at 127.0.0.1/45099] INFO  ozone.MiniOzoneClusterImpl (MiniOzoneClusterImpl.java:lambda$waitForClusterToBeReady$0(238)) - Waiting for cluster to exit safe mode
2021-12-02 10:59:03,780 [Listener at 127.0.0.1/45099] INFO  ozone.MiniOzoneClusterImpl (MiniOzoneClusterImpl.java:lambda$waitForClusterToBeReady$0(240)) - SCM became leader
2021-12-02 10:59:03,785 [EventQueue-OpenPipelineForHealthyPipelineSafeModeRule] INFO  safemode.SCMSafeModeManager (HealthyPipelineSafeModeRule.java:process(124)) - SCM in safe mode. Healthy pipelines reported count is 0, required healthy pipeline reported count is 1
2021-12-02 10:59:04,023 [grpc-default-executor-6] WARN  server.GrpcLogAppender (LogUtils.java:warn(122)) - 189e5a6c-5aeb-4ebf-ab25-1500da4b2a9e@group-872A699AD662->f82ce74c-d344-4424-8faf-57994d5deae6-AppendLogResponseHandler: Failed appendEntries: org.apache.ratis.thirdparty.io.grpc.StatusRuntimeException: UNAVAILABLE: io exception
2021-12-02 10:59:04,024 [grpc-default-executor-6] WARN  server.GrpcLogAppender (GrpcLogAppender.java:resetClient(110)) - 189e5a6c-5aeb-4ebf-ab25-1500da4b2a9e@group-872A699AD662->f82ce74c-d344-4424-8faf-57994d5deae6-GrpcLogAppender: Leader has not got in touch with Follower 189e5a6c-5aeb-4ebf-ab25-1500da4b2a9e@group-872A699AD662->f82ce74c-d344-4424-8faf-57994d5deae6(c0,m0,n1, attendVote=true, lastRpcSendTime=2, lastRpcResponseTime=2580) yet, just keep nextIndex unchanged and retry.
2021-12-02 10:59:04,780 [Listener at 127.0.0.1/45099] INFO  ozone.MiniOzoneClusterImpl (MiniOzoneClusterImpl.java:lambda$waitForClusterToBeReady$0(235)) - Nodes are ready. Got 3 of 3 DN Heartbeats.
2021-12-02 10:59:04,780 [Listener at 127.0.0.1/45099] INFO  ozone.MiniOzoneClusterImpl (MiniOzoneClusterImpl.java:lambda$waitForClusterToBeReady$0(238)) - Waiting for cluster to exit safe mode
2021-12-02 10:59:04,780 [Listener at 127.0.0.1/45099] INFO  ozone.MiniOzoneClusterImpl (MiniOzoneClusterImpl.java:lambda$waitForClusterToBeReady$0(240)) - SCM became leader
2021-12-02 10:59:04,888 [EventQueue-OpenPipelineForHealthyPipelineSafeModeRule] INFO  safemode.SCMSafeModeManager (HealthyPipelineSafeModeRule.java:process(124)) - SCM in safe mode. Healthy pipelines reported count is 0, required healthy pipeline reported count is 1
2021-12-02 10:59:05,133 [c7ad35ec-beb2-4cf7-bc01-7589f79a3108@group-CAF6EFCE481F-FollowerState] INFO  impl.FollowerState (FollowerState.java:run(134)) - c7ad35ec-beb2-4cf7-bc01-7589f79a3108@group-CAF6EFCE481F-FollowerState: change to CANDIDATE, lastRpcElapsedTime:5037162253ns, electionTimeout:5008ms
2021-12-02 10:59:05,134 [c7ad35ec-beb2-4cf7-bc01-7589f79a3108@group-CAF6EFCE481F-FollowerState] INFO  impl.RoleInfo (RoleInfo.java:shutdownFollowerState(108)) - c7ad35ec-beb2-4cf7-bc01-7589f79a3108: shutdown c7ad35ec-beb2-4cf7-bc01-7589f79a3108@group-CAF6EFCE481F-FollowerState
2021-12-02 10:59:05,134 [c7ad35ec-beb2-4cf7-bc01-7589f79a3108@group-CAF6EFCE481F-FollowerState] INFO  server.RaftServer$Division (RaftServerImpl.java:setRole(290)) - c7ad35ec-beb2-4cf7-bc01-7589f79a3108@group-CAF6EFCE481F: changes role from  FOLLOWER to CANDIDATE at term 5 for changeToCandidate
2021-12-02 10:59:05,134 [c7ad35ec-beb2-4cf7-bc01-7589f79a3108@group-CAF6EFCE481F-FollowerState] INFO  server.RaftServerConfigKeys (ConfUtils.java:logGet(44)) - raft.server.leaderelection.pre-vote = false (custom)
2021-12-02 10:59:05,134 [c7ad35ec-beb2-4cf7-bc01-7589f79a3108@group-CAF6EFCE481F-FollowerState] INFO  impl.RoleInfo (RoleInfo.java:updateAndGet(130)) - c7ad35ec-beb2-4cf7-bc01-7589f79a3108: start c7ad35ec-beb2-4cf7-bc01-7589f79a3108@group-CAF6EFCE481F-LeaderElection153
2021-12-02 10:59:05,158 [c7ad35ec-beb2-4cf7-bc01-7589f79a3108@group-CAF6EFCE481F-LeaderElection153] INFO  impl.LeaderElection (LeaderElection.java:askForVotes(306)) - c7ad35ec-beb2-4cf7-bc01-7589f79a3108@group-CAF6EFCE481F-LeaderElection153 ELECTION round 0: submit vote requests at term 6 for -1: [4e57e8a8-e34c-4c63-9ee2-ea20f579f12f|rpc:10.1.0.26:45399|dataStream:|priority:1, 7a41c6a3-6927-412d-981c-9145982a7803|rpc:10.1.0.26:46457|dataStream:|priority:0, c7ad35ec-beb2-4cf7-bc01-7589f79a3108|rpc:10.1.0.26:41139|dataStream:|priority:0], old=null
2021-12-02 10:59:05,161 [Time-limited test] INFO  statemachine.DatanodeStateMachine (DatanodeStateMachine.java:stopDaemon(526)) - Ozone container server stopped.
2021-12-02 10:59:05,168 [EventQueue-OpenPipelineForHealthyPipelineSafeModeRule] INFO  safemode.SCMSafeModeManager (HealthyPipelineSafeModeRule.java:process(124)) - SCM in safe mode. Healthy pipelines reported count is 0, required healthy pipeline reported count is 1
2021-12-02 10:59:05,259 [4e57e8a8-e34c-4c63-9ee2-ea20f579f12f@group-CAF6EFCE481F-FollowerState] INFO  impl.FollowerState (FollowerState.java:run(134)) - 4e57e8a8-e34c-4c63-9ee2-ea20f579f12f@group-CAF6EFCE481F-FollowerState: change to CANDIDATE, lastRpcElapsedTime:5173669416ns, electionTimeout:5169ms
2021-12-02 10:59:05,259 [4e57e8a8-e34c-4c63-9ee2-ea20f579f12f@group-CAF6EFCE481F-FollowerState] INFO  impl.RoleInfo (RoleInfo.java:shutdownFollowerState(108)) - 4e57e8a8-e34c-4c63-9ee2-ea20f579f12f: shutdown 4e57e8a8-e34c-4c63-9ee2-ea20f579f12f@group-CAF6EFCE481F-FollowerState
2021-12-02 10:59:05,259 [4e57e8a8-e34c-4c63-9ee2-ea20f579f12f@group-CAF6EFCE481F-FollowerState] INFO  server.RaftServer$Division (RaftServerImpl.java:setRole(290)) - 4e57e8a8-e34c-4c63-9ee2-ea20f579f12f@group-CAF6EFCE481F: changes role from  FOLLOWER to CANDIDATE at term 5 for changeToCandidate
2021-12-02 10:59:05,259 [4e57e8a8-e34c-4c63-9ee2-ea20f579f12f@group-CAF6EFCE481F-FollowerState] INFO  server.RaftServerConfigKeys (ConfUtils.java:logGet(44)) - raft.server.leaderelection.pre-vote = false (custom)
2021-12-02 10:59:05,259 [4e57e8a8-e34c-4c63-9ee2-ea20f579f12f@group-CAF6EFCE481F-FollowerState] INFO  impl.RoleInfo (RoleInfo.java:updateAndGet(130)) - 4e57e8a8-e34c-4c63-9ee2-ea20f579f12f: start 4e57e8a8-e34c-4c63-9ee2-ea20f579f12f@group-CAF6EFCE481F-LeaderElection154
2021-12-02 10:59:05,279 [4e57e8a8-e34c-4c63-9ee2-ea20f579f12f@group-CAF6EFCE481F-LeaderElection154] INFO  impl.LeaderElection (LeaderElection.java:askForVotes(306)) - 4e57e8a8-e34c-4c63-9ee2-ea20f579f12f@group-CAF6EFCE481F-LeaderElection154 ELECTION round 0: submit vote requests at term 6 for -1: [4e57e8a8-e34c-4c63-9ee2-ea20f579f12f|rpc:10.1.0.26:45399|dataStream:|priority:1, 7a41c6a3-6927-412d-981c-9145982a7803|rpc:10.1.0.26:46457|dataStream:|priority:0, c7ad35ec-beb2-4cf7-bc01-7589f79a3108|rpc:10.1.0.26:41139|dataStream:|priority:0], old=null
2021-12-02 10:59:05,323 [grpc-default-executor-1] INFO  server.RaftServer$Division (RaftServerImpl.java:requestVote(1046)) - 7a41c6a3-6927-412d-981c-9145982a7803@group-CAF6EFCE481F: receive requestVote(ELECTION, 4e57e8a8-e34c-4c63-9ee2-ea20f579f12f, group-CAF6EFCE481F, 6, (t:0, i:0))
2021-12-02 10:59:05,323 [grpc-default-executor-1] INFO  impl.VoteContext (VoteContext.java:log(48)) - 7a41c6a3-6927-412d-981c-9145982a7803@group-CAF6EFCE481F-FOLLOWER: accept ELECTION from 4e57e8a8-e34c-4c63-9ee2-ea20f579f12f: our priority 0 <= candidate's priority 1
2021-12-02 10:59:05,323 [grpc-default-executor-1] INFO  server.RaftServer$Division (RaftServerImpl.java:setRole(290)) - 7a41c6a3-6927-412d-981c-9145982a7803@group-CAF6EFCE481F: changes role from  FOLLOWER to FOLLOWER at term 6 for candidate:4e57e8a8-e34c-4c63-9ee2-ea20f579f12f
2021-12-02 10:59:05,323 [grpc-default-executor-1] INFO  impl.RoleInfo (RoleInfo.java:shutdownFollowerState(108)) - 7a41c6a3-6927-412d-981c-9145982a7803: shutdown 7a41c6a3-6927-412d-981c-9145982a7803@group-CAF6EFCE481F-FollowerState
2021-12-02 10:59:05,326 [7a41c6a3-6927-412d-981c-9145982a7803@group-CAF6EFCE481F-FollowerState] INFO  impl.FollowerState (FollowerState.java:run(127)) - 7a41c6a3-6927-412d-981c-9145982a7803@group-CAF6EFCE481F-FollowerState: Stopping now (isRunning? false, isFollower? true)
2021-12-02 10:59:05,352 [grpc-default-executor-3] INFO  server.RaftServer$Division (RaftServerImpl.java:requestVote(1046)) - c7ad35ec-beb2-4cf7-bc01-7589f79a3108@group-CAF6EFCE481F: receive requestVote(ELECTION, 4e57e8a8-e34c-4c63-9ee2-ea20f579f12f, group-CAF6EFCE481F, 6, (t:0, i:0))
2021-12-02 10:59:05,352 [grpc-default-executor-3] INFO  impl.VoteContext (VoteContext.java:log(48)) - c7ad35ec-beb2-4cf7-bc01-7589f79a3108@group-CAF6EFCE481F-CANDIDATE: reject ELECTION from 4e57e8a8-e34c-4c63-9ee2-ea20f579f12f: already has voted for c7ad35ec-beb2-4cf7-bc01-7589f79a3108 at current term 6
2021-12-02 10:59:05,352 [grpc-default-executor-3] INFO  server.RaftServer$Division (RaftServerImpl.java:requestVote(1078)) - c7ad35ec-beb2-4cf7-bc01-7589f79a3108@group-CAF6EFCE481F replies to ELECTION vote request: 4e57e8a8-e34c-4c63-9ee2-ea20f579f12f<-c7ad35ec-beb2-4cf7-bc01-7589f79a3108#0:FAIL-t6. Peer's state: c7ad35ec-beb2-4cf7-bc01-7589f79a3108@group-CAF6EFCE481F:t6, leader=null, voted=c7ad35ec-beb2-4cf7-bc01-7589f79a3108, raftlog=c7ad35ec-beb2-4cf7-bc01-7589f79a3108@group-CAF6EFCE481F-SegmentedRaftLog:OPENED:c-1, conf=-1: [4e57e8a8-e34c-4c63-9ee2-ea20f579f12f|rpc:10.1.0.26:45399|dataStream:|priority:1, 7a41c6a3-6927-412d-981c-9145982a7803|rpc:10.1.0.26:46457|dataStream:|priority:0, c7ad35ec-beb2-4cf7-bc01-7589f79a3108|rpc:10.1.0.26:41139|dataStream:|priority:0], old=null
2021-12-02 10:59:05,363 [grpc-default-executor-6] INFO  server.RaftServer$Division (RaftServerImpl.java:requestVote(1046)) - 4e57e8a8-e34c-4c63-9ee2-ea20f579f12f@group-CAF6EFCE481F: receive requestVote(ELECTION, c7ad35ec-beb2-4cf7-bc01-7589f79a3108, group-CAF6EFCE481F, 6, (t:0, i:0))
2021-12-02 10:59:05,363 [grpc-default-executor-6] INFO  impl.VoteContext (VoteContext.java:log(48)) - 4e57e8a8-e34c-4c63-9ee2-ea20f579f12f@group-CAF6EFCE481F-CANDIDATE: reject ELECTION from c7ad35ec-beb2-4cf7-bc01-7589f79a3108: already has voted for 4e57e8a8-e34c-4c63-9ee2-ea20f579f12f at current term 6
2021-12-02 10:59:05,363 [grpc-default-executor-6] INFO  server.RaftServer$Division (RaftServerImpl.java:requestVote(1078)) - 4e57e8a8-e34c-4c63-9ee2-ea20f579f12f@group-CAF6EFCE481F replies to ELECTION vote request: c7ad35ec-beb2-4cf7-bc01-7589f79a3108<-4e57e8a8-e34c-4c63-9ee2-ea20f579f12f#0:FAIL-t6. Peer's state: 4e57e8a8-e34c-4c63-9ee2-ea20f579f12f@group-CAF6EFCE481F:t6, leader=null, voted=4e57e8a8-e34c-4c63-9ee2-ea20f579f12f, raftlog=4e57e8a8-e34c-4c63-9ee2-ea20f579f12f@group-CAF6EFCE481F-SegmentedRaftLog:OPENED:c-1, conf=-1: [4e57e8a8-e34c-4c63-9ee2-ea20f579f12f|rpc:10.1.0.26:45399|dataStream:|priority:1, 7a41c6a3-6927-412d-981c-9145982a7803|rpc:10.1.0.26:46457|dataStream:|priority:0, c7ad35ec-beb2-4cf7-bc01-7589f79a3108|rpc:10.1.0.26:41139|dataStream:|priority:0], old=null
2021-12-02 10:59:05,367 [grpc-default-executor-1] INFO  impl.RoleInfo (RoleInfo.java:updateAndGet(130)) - 7a41c6a3-6927-412d-981c-9145982a7803: start 7a41c6a3-6927-412d-981c-9145982a7803@group-CAF6EFCE481F-FollowerState
2021-12-02 10:59:05,402 [Time-limited test] INFO  handler.ContextHandler (ContextHandler.java:doStop(1153)) - Stopped o.e.j.w.WebAppContext@318ede37{hddsDatanode,/,null,STOPPED}{jar:file:/home/runner/.m2/repository/org/apache/ozone/hdds-container-service/1.3.0-SNAPSHOT/hdds-container-service-1.3.0-SNAPSHOT.jar!/webapps/hddsDatanode}
2021-12-02 10:59:05,403 [Time-limited test] INFO  server.AbstractConnector (AbstractConnector.java:doStop(381)) - Stopped ServerConnector@4f109111{HTTP/1.1, (http/1.1)}{0.0.0.0:0}
2021-12-02 10:59:05,403 [Time-limited test] INFO  server.session (HouseKeeper.java:stopScavenging(149)) - node0 Stopped scavenging
2021-12-02 10:59:05,405 [Time-limited test] INFO  handler.ContextHandler (ContextHandler.java:doStop(1153)) - Stopped o.e.j.s.ServletContextHandler@2a696411{static,/static,jar:file:/home/runner/.m2/repository/org/apache/ozone/hdds-container-service/1.3.0-SNAPSHOT/hdds-container-service-1.3.0-SNAPSHOT.jar!/webapps/static,STOPPED}
2021-12-02 10:59:05,409 [Time-limited test] INFO  handler.ContextHandler (ContextHandler.java:doStop(1153)) - Stopped o.e.j.s.ServletContextHandler@362c3185{logs,/logs,file:///home/runner/work/ozone/ozone/hadoop-ozone/integration-test/target/log,STOPPED}
2021-12-02 10:59:05,419 [grpc-default-executor-1] INFO  server.RaftServer$Division (RaftServerImpl.java:requestVote(1078)) - 7a41c6a3-6927-412d-981c-9145982a7803@group-CAF6EFCE481F replies to ELECTION vote request: 4e57e8a8-e34c-4c63-9ee2-ea20f579f12f<-7a41c6a3-6927-412d-981c-9145982a7803#0:OK-t6. Peer's state: 7a41c6a3-6927-412d-981c-9145982a7803@group-CAF6EFCE481F:t6, leader=null, voted=4e57e8a8-e34c-4c63-9ee2-ea20f579f12f, raftlog=7a41c6a3-6927-412d-981c-9145982a7803@group-CAF6EFCE481F-SegmentedRaftLog:OPENED:c-1, conf=-1: [4e57e8a8-e34c-4c63-9ee2-ea20f579f12f|rpc:10.1.0.26:45399|priority:1, 7a41c6a3-6927-412d-981c-9145982a7803|rpc:10.1.0.26:46457|priority:0, c7ad35ec-beb2-4cf7-bc01-7589f79a3108|rpc:10.1.0.26:41139|priority:0], old=null
2021-12-02 10:59:05,421 [c7ad35ec-beb2-4cf7-bc01-7589f79a3108@group-CAF6EFCE481F-LeaderElection153] INFO  impl.LeaderElection (LeaderElection.java:logAndReturn(89)) - c7ad35ec-beb2-4cf7-bc01-7589f79a3108@group-CAF6EFCE481F-LeaderElection153: ELECTION REJECTED received 1 response(s) and 0 exception(s):
2021-12-02 10:59:05,421 [c7ad35ec-beb2-4cf7-bc01-7589f79a3108@group-CAF6EFCE481F-LeaderElection153] INFO  impl.LeaderElection (LeaderElection.java:logAndReturn(93)) -   Response 0: c7ad35ec-beb2-4cf7-bc01-7589f79a3108<-4e57e8a8-e34c-4c63-9ee2-ea20f579f12f#0:FAIL-t6
2021-12-02 10:59:05,421 [c7ad35ec-beb2-4cf7-bc01-7589f79a3108@group-CAF6EFCE481F-LeaderElection153] INFO  impl.LeaderElection (LeaderElection.java:askForVotes(308)) - c7ad35ec-beb2-4cf7-bc01-7589f79a3108@group-CAF6EFCE481F-LeaderElection153 ELECTION round 0: result REJECTED
2021-12-02 10:59:05,421 [c7ad35ec-beb2-4cf7-bc01-7589f79a3108@group-CAF6EFCE481F-LeaderElection153] INFO  server.RaftServer$Division (RaftServerImpl.java:setRole(290)) - c7ad35ec-beb2-4cf7-bc01-7589f79a3108@group-CAF6EFCE481F: changes role from CANDIDATE to FOLLOWER at term 6 for REJECTED
2021-12-02 10:59:05,421 [c7ad35ec-beb2-4cf7-bc01-7589f79a3108@group-CAF6EFCE481F-LeaderElection153] INFO  impl.RoleInfo (RoleInfo.java:shutdownLeaderElection(121)) - c7ad35ec-beb2-4cf7-bc01-7589f79a3108: shutdown c7ad35ec-beb2-4cf7-bc01-7589f79a3108@group-CAF6EFCE481F-LeaderElection153
2021-12-02 10:59:05,421 [c7ad35ec-beb2-4cf7-bc01-7589f79a3108@group-CAF6EFCE481F-LeaderElection153] INFO  impl.RoleInfo (RoleInfo.java:updateAndGet(130)) - c7ad35ec-beb2-4cf7-bc01-7589f79a3108: start c7ad35ec-beb2-4cf7-bc01-7589f79a3108@group-CAF6EFCE481F-FollowerState
2021-12-02 10:59:05,424 [Time-limited test] WARN  impl.MetricRegistriesImpl (MetricRegistriesImpl.java:addReporterRegistration(111)) - New reporters are added after registries were created. Some metrics will be missing from the reporter. Please add reporter before adding any new registry.
2021-12-02 10:59:05,425 [Time-limited test] WARN  impl.MetricRegistriesImpl (MetricRegistriesImpl.java:addReporterRegistration(111)) - New reporters are added after registries were created. Some metrics will be missing from the reporter. Please add reporter before adding any new registry.
2021-12-02 10:59:05,440 [Time-limited test] WARN  impl.MetricsConfig (MetricsConfig.java:loadFirst(136)) - Cannot locate configuration: tried hadoop-metrics2-hddsdatanode.properties,hadoop-metrics2.properties
2021-12-02 10:59:05,471 [grpc-default-executor-1] INFO  server.RaftServer$Division (RaftServerImpl.java:requestVote(1046)) - 7a41c6a3-6927-412d-981c-9145982a7803@group-CAF6EFCE481F: receive requestVote(ELECTION, c7ad35ec-beb2-4cf7-bc01-7589f79a3108, group-CAF6EFCE481F, 6, (t:0, i:0))
2021-12-02 10:59:05,471 [grpc-default-executor-1] INFO  impl.VoteContext (VoteContext.java:log(48)) - 7a41c6a3-6927-412d-981c-9145982a7803@group-CAF6EFCE481F-FOLLOWER: reject ELECTION from c7ad35ec-beb2-4cf7-bc01-7589f79a3108: already has voted for 4e57e8a8-e34c-4c63-9ee2-ea20f579f12f at current term 6
2021-12-02 10:59:05,471 [grpc-default-executor-1] INFO  server.RaftServer$Division (RaftServerImpl.java:requestVote(1078)) - 7a41c6a3-6927-412d-981c-9145982a7803@group-CAF6EFCE481F replies to ELECTION vote request: c7ad35ec-beb2-4cf7-bc01-7589f79a3108<-7a41c6a3-6927-412d-981c-9145982a7803#0:FAIL-t6. Peer's state: 7a41c6a3-6927-412d-981c-9145982a7803@group-CAF6EFCE481F:t6, leader=null, voted=4e57e8a8-e34c-4c63-9ee2-ea20f579f12f, raftlog=7a41c6a3-6927-412d-981c-9145982a7803@group-CAF6EFCE481F-SegmentedRaftLog:OPENED:c-1, conf=-1: [4e57e8a8-e34c-4c63-9ee2-ea20f579f12f|rpc:10.1.0.26:45399|priority:1, 7a41c6a3-6927-412d-981c-9145982a7803|rpc:10.1.0.26:46457|priority:0, c7ad35ec-beb2-4cf7-bc01-7589f79a3108|rpc:10.1.0.26:41139|priority:0], old=null
2021-12-02 10:59:05,472 [4e57e8a8-e34c-4c63-9ee2-ea20f579f12f@group-CAF6EFCE481F-LeaderElection154] INFO  impl.LeaderElection (LeaderElection.java:logAndReturn(89)) - 4e57e8a8-e34c-4c63-9ee2-ea20f579f12f@group-CAF6EFCE481F-LeaderElection154: ELECTION PASSED received 2 response(s) and 0 exception(s):
2021-12-02 10:59:05,472 [4e57e8a8-e34c-4c63-9ee2-ea20f579f12f@group-CAF6EFCE481F-LeaderElection154] INFO  impl.LeaderElection (LeaderElection.java:logAndReturn(93)) -   Response 0: 4e57e8a8-e34c-4c63-9ee2-ea20f579f12f<-7a41c6a3-6927-412d-981c-9145982a7803#0:OK-t6
2021-12-02 10:59:05,472 [4e57e8a8-e34c-4c63-9ee2-ea20f579f12f@group-CAF6EFCE481F-LeaderElection154] INFO  impl.LeaderElection (LeaderElection.java:logAndReturn(93)) -   Response 1: 4e57e8a8-e34c-4c63-9ee2-ea20f579f12f<-c7ad35ec-beb2-4cf7-bc01-7589f79a3108#0:FAIL-t6
2021-12-02 10:59:05,472 [4e57e8a8-e34c-4c63-9ee2-ea20f579f12f@group-CAF6EFCE481F-LeaderElection154] INFO  impl.LeaderElection (LeaderElection.java:askForVotes(308)) - 4e57e8a8-e34c-4c63-9ee2-ea20f579f12f@group-CAF6EFCE481F-LeaderElection154 ELECTION round 0: result PASSED
2021-12-02 10:59:05,472 [4e57e8a8-e34c-4c63-9ee2-ea20f579f12f@group-CAF6EFCE481F-LeaderElection154] INFO  impl.RoleInfo (RoleInfo.java:shutdownLeaderElection(121)) - 4e57e8a8-e34c-4c63-9ee2-ea20f579f12f: shutdown 4e57e8a8-e34c-4c63-9ee2-ea20f579f12f@group-CAF6EFCE481F-LeaderElection154
2021-12-02 10:59:05,472 [4e57e8a8-e34c-4c63-9ee2-ea20f579f12f@group-CAF6EFCE481F-LeaderElection154] INFO  server.RaftServer$Division (RaftServerImpl.java:setRole(290)) - 4e57e8a8-e34c-4c63-9ee2-ea20f579f12f@group-CAF6EFCE481F: changes role from CANDIDATE to LEADER at term 6 for changeToLeader
2021-12-02 10:59:05,472 [4e57e8a8-e34c-4c63-9ee2-ea20f579f12f@group-CAF6EFCE481F-LeaderElection154] INFO  ratis.XceiverServerRatis (XceiverServerRatis.java:handleLeaderChangedNotification(866)) - Leader change notification received for group: group-CAF6EFCE481F with new leaderId: 4e57e8a8-e34c-4c63-9ee2-ea20f579f12f
2021-12-02 10:59:05,472 [4e57e8a8-e34c-4c63-9ee2-ea20f579f12f@group-CAF6EFCE481F-LeaderElection154] INFO  server.RaftServer$Division (ServerState.java:setLeader(285)) - 4e57e8a8-e34c-4c63-9ee2-ea20f579f12f@group-CAF6EFCE481F: change Leader from null to 4e57e8a8-e34c-4c63-9ee2-ea20f579f12f at term 6 for becomeLeader, leader elected after 31309ms
2021-12-02 10:59:05,472 [4e57e8a8-e34c-4c63-9ee2-ea20f579f12f@group-CAF6EFCE481F-LeaderElection154] INFO  server.RaftServerConfigKeys (ConfUtils.java:logGet(44)) - raft.server.staging.catchup.gap = 1000 (default)
2021-12-02 10:59:05,472 [4e57e8a8-e34c-4c63-9ee2-ea20f579f12f@group-CAF6EFCE481F-LeaderElection154] INFO  server.RaftServerConfigKeys (ConfUtils.java:logGet(44)) - raft.server.write.element-limit = 1024 (custom)
2021-12-02 10:59:05,472 [4e57e8a8-e34c-4c63-9ee2-ea20f579f12f@group-CAF6EFCE481F-LeaderElection154] INFO  server.RaftServerConfigKeys (ConfUtils.java:logGet(44)) - raft.server.write.byte-limit = 1024 M (=1073741824) (custom)
2021-12-02 10:59:05,473 [EventQueue-PipelineReportForPipelineReportHandler] INFO  pipeline.PipelineManagerImpl (PipelineManagerImpl.java:openPipeline(289)) - Pipeline Pipeline[ Id: 05a3c458-6247-40ea-882b-caf6efce481f, Nodes: 4e57e8a8-e34c-4c63-9ee2-ea20f579f12f{ip: 10.1.0.26, host: fv-az270-116.tacnzluakwdehk1hpragurqkma.bx.internal.cloudapp.net, ports: [REPLICATION=43367, RATIS=45399, RATIS_ADMIN=45399, RATIS_SERVER=45399, STANDALONE=36637], networkLocation: /default-rack, certSerialId: null, persistedOpState: IN_SERVICE, persistedOpStateExpiryEpochSec: 0}c7ad35ec-beb2-4cf7-bc01-7589f79a3108{ip: 10.1.0.26, host: fv-az270-116.tacnzluakwdehk1hpragurqkma.bx.internal.cloudapp.net, ports: [REPLICATION=40947, RATIS=41139, RATIS_ADMIN=41139, RATIS_SERVER=41139, STANDALONE=40783], networkLocation: /default-rack, certSerialId: null, persistedOpState: IN_SERVICE, persistedOpStateExpiryEpochSec: 0}7a41c6a3-6927-412d-981c-9145982a7803{ip: 10.1.0.26, host: fv-az270-116.tacnzluakwdehk1hpragurqkma.bx.internal.cloudapp.net, ports: [REPLICATION=37481, RATIS=46457, RATIS_ADMIN=46457, RATIS_SERVER=46457, STANDALONE=38695], networkLocation: /default-rack, certSerialId: null, persistedOpState: IN_SERVICE, persistedOpStateExpiryEpochSec: 0}, ReplicationConfig: RATIS/THREE, State:ALLOCATED, leaderId:4e57e8a8-e34c-4c63-9ee2-ea20f579f12f, CreationTimestamp2021-12-02T10:58:32.754Z[Etc/UTC]] moved to OPEN state
2021-12-02 10:59:05,473 [4e57e8a8-e34c-4c63-9ee2-ea20f579f12f@group-CAF6EFCE481F-LeaderElection154] INFO  server.RaftServerConfigKeys (ConfUtils.java:logGet(44)) - raft.server.watch.timeout = 180s (custom)
2021-12-02 10:59:05,473 [4e57e8a8-e34c-4c63-9ee2-ea20f579f12f@group-CAF6EFCE481F-LeaderElection154] INFO  server.RaftServerConfigKeys (ConfUtils.java:logGet(44)) - raft.server.watch.timeout.denomination = 1s (default)
2021-12-02 10:59:05,473 [4e57e8a8-e34c-4c63-9ee2-ea20f579f12f@group-CAF6EFCE481F-LeaderElection154] INFO  server.RaftServerConfigKeys (ConfUtils.java:logGet(44)) - raft.server.watch.element-limit = 65536 (default)
2021-12-02 10:59:05,473 [4e57e8a8-e34c-4c63-9ee2-ea20f579f12f@group-CAF6EFCE481F-LeaderElection154] INFO  server.RaftServerConfigKeys (ConfUtils.java:logGet(44)) - raft.server.write.element-limit = 1024 (custom)
2021-12-02 10:59:05,473 [4e57e8a8-e34c-4c63-9ee2-ea20f579f12f@group-CAF6EFCE481F-LeaderElection154] INFO  server.RaftServerConfigKeys (ConfUtils.java:logGet(44)) - raft.server.write.follower.gap.ratio.max = -1.0 (default)
2021-12-02 10:59:05,473 [4e57e8a8-e34c-4c63-9ee2-ea20f579f12f@group-CAF6EFCE481F-LeaderElection154] INFO  server.RaftServerConfigKeys (ConfUtils.java:logGet(44)) - raft.server.log.appender.snapshot.chunk.size.max = 16MB (=16777216) (default)
2021-12-02 10:59:05,473 [EventQueue-OpenPipelineForHealthyPipelineSafeModeRule] INFO  safemode.SCMSafeModeManager (HealthyPipelineSafeModeRule.java:process(124)) - SCM in safe mode. Healthy pipelines reported count is 0, required healthy pipeline reported count is 1
2021-12-02 10:59:05,474 [EventQueue-OpenPipelineForHealthyPipelineSafeModeRule] INFO  safemode.SCMSafeModeManager (HealthyPipelineSafeModeRule.java:process(124)) - SCM in safe mode. Healthy pipelines reported count is 1, required healthy pipeline reported count is 1
2021-12-02 10:59:05,474 [EventQueue-OpenPipelineForHealthyPipelineSafeModeRule] INFO  safemode.SCMSafeModeManager (SCMSafeModeManager.java:validateSafeModeExitRules(204)) - HealthyPipelineSafeModeRule rule is successfully validated
2021-12-02 10:59:05,474 [EventQueue-OpenPipelineForHealthyPipelineSafeModeRule] INFO  safemode.SCMSafeModeManager (SCMSafeModeManager.java:validateSafeModeExitRules(219)) - ScmSafeModeManager, all rules are successfully validated
2021-12-02 10:59:05,474 [EventQueue-OpenPipelineForHealthyPipelineSafeModeRule] INFO  safemode.SCMSafeModeManager (SCMSafeModeManager.java:exitSafeMode(248)) - SCM exiting safe mode.
2021-12-02 10:59:05,474 [EventQueue-OpenPipelineForHealthyPipelineSafeModeRule] WARN  events.EventQueue (EventQueue.java:fireEvent(194)) - No event handler registered for event TypedEvent{payloadType=SafeModeStatus, name='Safe mode status'}
2021-12-02 10:59:05,474 [EventQueue-OpenPipelineForHealthyPipelineSafeModeRule] INFO  ha.SCMContext (SCMContext.java:updateSafeModeStatus(205)) - Update SafeModeStatus from SafeModeStatus{safeModeStatus=true, preCheckPassed=true} to SafeModeStatus{safeModeStatus=false, preCheckPassed=true}.
2021-12-02 10:59:05,474 [EventQueue-OpenPipelineForHealthyPipelineSafeModeRule] INFO  pipeline.BackgroundPipelineCreator (BackgroundPipelineCreator.java:notifyStatusChanged(264)) - Service BackgroundPipelineCreator transitions to RUNNING.
2021-12-02 10:59:05,474 [EventQueue-OpenPipelineForHealthyPipelineSafeModeRule] INFO  container.ReplicationManager (ReplicationManager.java:notifyStatusChanged(1756)) - Service ReplicationManager transitions to RUNNING.
2021-12-02 10:59:05,473 [4e57e8a8-e34c-4c63-9ee2-ea20f579f12f@group-CAF6EFCE481F-LeaderElection154] INFO  server.RaftServerConfigKeys (ConfUtils.java:logGet(44)) - raft.server.log.appender.buffer.byte-limit = 33554432 (custom)
2021-12-02 10:59:05,474 [4e57e8a8-e34c-4c63-9ee2-ea20f579f12f@group-CAF6EFCE481F-LeaderElection154] INFO  server.RaftServerConfigKeys (ConfUtils.java:logGet(44)) - raft.server.log.appender.buffer.element-limit = 1 (custom)
2021-12-02 10:59:05,474 [4e57e8a8-e34c-4c63-9ee2-ea20f579f12f@group-CAF6EFCE481F-LeaderElection154] INFO  grpc.GrpcConfigKeys (ConfUtils.java:logGet(44)) - raft.grpc.server.leader.outstanding.appends.max = 128 (default)
2021-12-02 10:59:05,474 [4e57e8a8-e34c-4c63-9ee2-ea20f579f12f@group-CAF6EFCE481F-LeaderElection154] INFO  server.RaftServerConfigKeys (ConfUtils.java:logGet(44)) - raft.server.rpc.request.timeout = 60s (custom)
2021-12-02 10:59:05,474 [4e57e8a8-e34c-4c63-9ee2-ea20f579f12f@group-CAF6EFCE481F-LeaderElection154] INFO  server.RaftServerConfigKeys (ConfUtils.java:logGet(44)) - raft.server.log.appender.install.snapshot.enabled = false (custom)
2021-12-02 10:59:05,477 [4e57e8a8-e34c-4c63-9ee2-ea20f579f12f@group-CAF6EFCE481F-LeaderElection154] INFO  server.RaftServerConfigKeys (ConfUtils.java:logGet(44)) - raft.server.log.appender.snapshot.chunk.size.max = 16MB (=16777216) (default)
2021-12-02 10:59:05,477 [4e57e8a8-e34c-4c63-9ee2-ea20f579f12f@group-CAF6EFCE481F-LeaderElection154] INFO  server.RaftServerConfigKeys (ConfUtils.java:logGet(44)) - raft.server.log.appender.buffer.byte-limit = 33554432 (custom)
2021-12-02 10:59:05,477 [4e57e8a8-e34c-4c63-9ee2-ea20f579f12f@group-CAF6EFCE481F-LeaderElection154] INFO  server.RaftServerConfigKeys (ConfUtils.java:logGet(44)) - raft.server.log.appender.buffer.element-limit = 1 (custom)
2021-12-02 10:59:05,477 [4e57e8a8-e34c-4c63-9ee2-ea20f579f12f@group-CAF6EFCE481F-LeaderElection154] INFO  grpc.GrpcConfigKeys (ConfUtils.java:logGet(44)) - raft.grpc.server.leader.outstanding.appends.max = 128 (default)
2021-12-02 10:59:05,477 [4e57e8a8-e34c-4c63-9ee2-ea20f579f12f@group-CAF6EFCE481F-LeaderElection154] INFO  server.RaftServerConfigKeys (ConfUtils.java:logGet(44)) - raft.server.rpc.request.timeout = 60s (custom)
2021-12-02 10:59:05,477 [4e57e8a8-e34c-4c63-9ee2-ea20f579f12f@group-CAF6EFCE481F-LeaderElection154] INFO  server.RaftServerConfigKeys (ConfUtils.java:logGet(44)) - raft.server.log.appender.install.snapshot.enabled = false (custom)
2021-12-02 10:59:05,483 [4e57e8a8-e34c-4c63-9ee2-ea20f579f12f@group-CAF6EFCE481F-LeaderElection154] INFO  impl.RoleInfo (RoleInfo.java:updateAndGet(130)) - 4e57e8a8-e34c-4c63-9ee2-ea20f579f12f: start 4e57e8a8-e34c-4c63-9ee2-ea20f579f12f@group-CAF6EFCE481F-LeaderStateImpl
2021-12-02 10:59:05,485 [4e57e8a8-e34c-4c63-9ee2-ea20f579f12f@group-CAF6EFCE481F-LeaderElection154] INFO  segmented.SegmentedRaftLogWorker (SegmentedRaftLogWorker.java:startLogSegment(394)) - 4e57e8a8-e34c-4c63-9ee2-ea20f579f12f@group-CAF6EFCE481F-SegmentedRaftLogWorker: Starting segment from index:0
2021-12-02 10:59:05,486 [Time-limited test] INFO  impl.MetricsSystemImpl (MetricsSystemImpl.java:startTimer(378)) - Scheduled Metric snapshot period at 10 second(s).
2021-12-02 10:59:05,486 [Time-limited test] INFO  impl.MetricsSystemImpl (MetricsSystemImpl.java:start(191)) - HddsDatanode metrics system started
2021-12-02 10:59:05,493 [4e57e8a8-e34c-4c63-9ee2-ea20f579f12f@group-CAF6EFCE481F-SegmentedRaftLogWorker] INFO  segmented.SegmentedRaftLogWorker (SegmentedRaftLogWorker.java:execute(601)) - 4e57e8a8-e34c-4c63-9ee2-ea20f579f12f@group-CAF6EFCE481F-SegmentedRaftLogWorker: created new log segment /home/runner/work/ozone/ozone/hadoop-ozone/integration-test/target/test-dir/MiniOzoneClusterImpl-6e3ca0b7-cd04-429c-ac1f-9a38decf04c5/datanode-2/data/ratis/05a3c458-6247-40ea-882b-caf6efce481f/current/log_inprogress_0
2021-12-02 10:59:05,535 [Time-limited test] INFO  impl.MetricsSinkAdapter (MetricsSinkAdapter.java:start(204)) - Sink prometheus started
2021-12-02 10:59:05,536 [Time-limited test] INFO  impl.MetricsSystemImpl (MetricsSystemImpl.java:registerSink(305)) - Registered sink prometheus
2021-12-02 10:59:05,541 [4e57e8a8-e34c-4c63-9ee2-ea20f579f12f@group-CAF6EFCE481F-LeaderElection154] INFO  server.RaftServer$Division (ServerState.java:setRaftConf(387)) - 4e57e8a8-e34c-4c63-9ee2-ea20f579f12f@group-CAF6EFCE481F: set configuration 0: [4e57e8a8-e34c-4c63-9ee2-ea20f579f12f|rpc:10.1.0.26:45399|dataStream:|priority:1, 7a41c6a3-6927-412d-981c-9145982a7803|rpc:10.1.0.26:46457|dataStream:|priority:0, c7ad35ec-beb2-4cf7-bc01-7589f79a3108|rpc:10.1.0.26:41139|dataStream:|priority:0], old=null
2021-12-02 10:59:05,587 [grpc-default-executor-6] INFO  ratis.XceiverServerRatis (XceiverServerRatis.java:handleLeaderChangedNotification(866)) - Leader change notification received for group: group-CAF6EFCE481F with new leaderId: 4e57e8a8-e34c-4c63-9ee2-ea20f579f12f
2021-12-02 10:59:05,587 [grpc-default-executor-6] INFO  server.RaftServer$Division (ServerState.java:setLeader(285)) - c7ad35ec-beb2-4cf7-bc01-7589f79a3108@group-CAF6EFCE481F: change Leader from null to 4e57e8a8-e34c-4c63-9ee2-ea20f579f12f at term 6 for appendEntries, leader elected after 31266ms
2021-12-02 10:59:05,605 [grpc-default-executor-6] INFO  server.RaftServer$Division (ServerState.java:setRaftConf(387)) - c7ad35ec-beb2-4cf7-bc01-7589f79a3108@group-CAF6EFCE481F: set configuration 0: [4e57e8a8-e34c-4c63-9ee2-ea20f579f12f|rpc:10.1.0.26:45399|dataStream:|priority:1, 7a41c6a3-6927-412d-981c-9145982a7803|rpc:10.1.0.26:46457|dataStream:|priority:0, c7ad35ec-beb2-4cf7-bc01-7589f79a3108|rpc:10.1.0.26:41139|dataStream:|priority:0], old=null
2021-12-02 10:59:05,606 [grpc-default-executor-6] INFO  segmented.SegmentedRaftLogWorker (SegmentedRaftLogWorker.java:startLogSegment(394)) - c7ad35ec-beb2-4cf7-bc01-7589f79a3108@group-CAF6EFCE481F-SegmentedRaftLogWorker: Starting segment from index:0
2021-12-02 10:59:05,618 [c7ad35ec-beb2-4cf7-bc01-7589f79a3108@group-CAF6EFCE481F-SegmentedRaftLogWorker] INFO  segmented.SegmentedRaftLogWorker (SegmentedRaftLogWorker.java:execute(601)) - c7ad35ec-beb2-4cf7-bc01-7589f79a3108@group-CAF6EFCE481F-SegmentedRaftLogWorker: created new log segment /home/runner/work/ozone/ozone/hadoop-ozone/integration-test/target/test-dir/MiniOzoneClusterImpl-6e3ca0b7-cd04-429c-ac1f-9a38decf04c5/datanode-1/data/ratis/05a3c458-6247-40ea-882b-caf6efce481f/current/log_inprogress_0
2021-12-02 10:59:05,712 [grpc-default-executor-6] INFO  ratis.XceiverServerRatis (XceiverServerRatis.java:handleLeaderChangedNotification(866)) - Leader change notification received for group: group-CAF6EFCE481F with new leaderId: 4e57e8a8-e34c-4c63-9ee2-ea20f579f12f
2021-12-02 10:59:05,712 [grpc-default-executor-6] INFO  server.RaftServer$Division (ServerState.java:setLeader(285)) - 7a41c6a3-6927-412d-981c-9145982a7803@group-CAF6EFCE481F: change Leader from null to 4e57e8a8-e34c-4c63-9ee2-ea20f579f12f at term 6 for appendEntries, leader elected after 31751ms
2021-12-02 10:59:05,724 [grpc-default-executor-6] INFO  server.RaftServer$Division (ServerState.java:setRaftConf(387)) - 7a41c6a3-6927-412d-981c-9145982a7803@group-CAF6EFCE481F: set configuration 0: [4e57e8a8-e34c-4c63-9ee2-ea20f579f12f|rpc:10.1.0.26:45399|dataStream:|priority:1, 7a41c6a3-6927-412d-981c-9145982a7803|rpc:10.1.0.26:46457|dataStream:|priority:0, c7ad35ec-beb2-4cf7-bc01-7589f79a3108|rpc:10.1.0.26:41139|dataStream:|priority:0], old=null
2021-12-02 10:59:05,725 [grpc-default-executor-6] INFO  segmented.SegmentedRaftLogWorker (SegmentedRaftLogWorker.java:startLogSegment(394)) - 7a41c6a3-6927-412d-981c-9145982a7803@group-CAF6EFCE481F-SegmentedRaftLogWorker: Starting segment from index:0
2021-12-02 10:59:05,739 [7a41c6a3-6927-412d-981c-9145982a7803@group-CAF6EFCE481F-SegmentedRaftLogWorker] INFO  segmented.SegmentedRaftLogWorker (SegmentedRaftLogWorker.java:execute(601)) - 7a41c6a3-6927-412d-981c-9145982a7803@group-CAF6EFCE481F-SegmentedRaftLogWorker: created new log segment /home/runner/work/ozone/ozone/hadoop-ozone/integration-test/target/test-dir/MiniOzoneClusterImpl-6e3ca0b7-cd04-429c-ac1f-9a38decf04c5/datanode-0/data/ratis/05a3c458-6247-40ea-882b-caf6efce481f/current/log_inprogress_0
2021-12-02 10:59:05,742 [Time-limited test] INFO  ozone.HddsDatanodeService (HddsDatanodeService.java:start(234)) - HddsDatanodeService host:fv-az270-116.tacnzluakwdehk1hpragurqkma.bx.internal.cloudapp.net ip:10.1.0.26
2021-12-02 10:59:05,780 [Listener at 127.0.0.1/45099] INFO  ozone.MiniOzoneClusterImpl (MiniOzoneClusterImpl.java:lambda$waitForClusterToBeReady$0(235)) - Nodes are ready. Got 3 of 3 DN Heartbeats.
2021-12-02 10:59:05,781 [Listener at 127.0.0.1/45099] INFO  ozone.MiniOzoneClusterImpl (MiniOzoneClusterImpl.java:lambda$waitForClusterToBeReady$0(238)) - Cluster exits safe mode
2021-12-02 10:59:05,781 [Listener at 127.0.0.1/45099] INFO  ozone.MiniOzoneClusterImpl (MiniOzoneClusterImpl.java:lambda$waitForClusterToBeReady$0(240)) - SCM became leader
2021-12-02 10:59:05,782 [Listener at 127.0.0.1/45099] WARN  server.ServerUtils (ServerUtils.java:getScmDbDir(148)) - ozone.scm.db.dirs is not configured. We recommend adding this setting. Falling back to ozone.metadata.dirs instead.
2021-12-02 10:59:05,795 [Listener at 127.0.0.1/45099] INFO  ha.SCMHANodeDetails (SCMHANodeDetails.java:loadSCMHAConfig(157)) - ServiceID for StorageContainerManager is null
2021-12-02 10:59:05,795 [Listener at 127.0.0.1/45099] INFO  ha.SCMHANodeDetails (SCMHANodeDetails.java:loadSCMHAConfig(162)) - ozone.scm.default.service.id is not defined, falling back to ozone.scm.service.ids to find serviceID for StorageContainerManager if it is HA enabled cluster
2021-12-02 10:59:05,796 [Listener at 127.0.0.1/45099] WARN  server.ServerUtils (ServerUtils.java:getScmDbDir(148)) - ozone.scm.db.dirs is not configured. We recommend adding this setting. Falling back to ozone.metadata.dirs instead.
2021-12-02 10:59:05,796 [Listener at 127.0.0.1/45099] INFO  upgrade.AbstractLayoutVersionManager (AbstractLayoutVersionManager.java:init(79)) - Initializing Layout version manager with metadata layout = INITIAL_VERSION (version = 0), software layout = SCM_HA (version = 2)
2021-12-02 10:59:05,892 [Time-limited test] INFO  upgrade.AbstractLayoutVersionManager (AbstractLayoutVersionManager.java:init(79)) - Initializing Layout version manager with metadata layout = SCM_HA (version = 2), software layout = SCM_HA (version = 2)
2021-12-02 10:59:06,022 [Time-limited test] INFO  upgrade.TestHDDSUpgrade (TestHDDSUpgrade.java:injectDataNodeFailureDuringSCMUpgrade(553)) - DataNode Restarts Failed!
2021-12-02 10:59:06,022 [Time-limited test] INFO  upgrade.UpgradeFinalizer (BasicUpgradeFinalizer.java:logAndEmit(342)) - Finalization is done.
2021-12-02 10:59:06,023 [Time-limited test] INFO  upgrade.TestHDDSUpgrade (TestHDDSUpgrade.java:testPostUpgradeConditionsSCM(259)) - testPostUpgradeConditionsSCM: container state is CLOSED
2021-12-02 10:59:06,023 [Time-limited test] INFO  upgrade.TestHDDSUpgrade (TestHDDSUpgrade.java:testPostUpgradeConditionsSCM(259)) - testPostUpgradeConditionsSCM: container state is CLOSED
2021-12-02 10:59:06,127 [Mini-Cluster-Provider-Reap] INFO  ozone.MiniOzoneClusterImpl (MiniOzoneClusterImpl.java:shutdown(453)) - Shutting down the Mini Ozone Cluster
2021-12-02 10:59:06,127 [Mini-Cluster-Provider-Reap] INFO  ozone.MiniOzoneClusterImpl (MiniOzoneClusterImpl.java:stop(468)) - Stopping the Mini Ozone Cluster
2021-12-02 10:59:06,127 [Mini-Cluster-Provider-Reap] INFO  ozone.MiniOzoneClusterImpl (MiniOzoneClusterImpl.java:stopOM(550)) - Stopping the OzoneManager
2021-12-02 10:59:06,127 [Mini-Cluster-Provider-Reap] INFO  om.OzoneManager (OzoneManager.java:stop(1830)) - om1[localhost:0]: Stopping Ozone Manager
2021-12-02 10:59:06,129 [Mini-Cluster-Provider-Reap] INFO  ipc.Server (Server.java:stop(3414)) - Stopping server on 34791
2021-12-02 10:59:06,149 [IPC Server listener on 0] INFO  ipc.Server (Server.java:run(1376)) - Stopping IPC Server listener on 0
2021-12-02 10:59:06,187 [Mini-Cluster-Provider-Reap] INFO  server.RaftServer (RaftServerProxy.java:lambda$close$6(391)) - om1: close
2021-12-02 10:59:06,188 [Mini-Cluster-Provider-Reap] INFO  server.RaftServer$Division (RaftServerImpl.java:lambda$close$4(412)) - om1@group-C5BA1605619E: shutdown
2021-12-02 10:59:06,188 [Mini-Cluster-Provider-Reap] INFO  util.JmxRegister (JmxRegister.java:unregister(73)) - Successfully un-registered JMX Bean with object name Ratis:service=RaftServer,group=group-C5BA1605619E,id="om1"
2021-12-02 10:59:06,188 [Mini-Cluster-Provider-Reap] INFO  impl.RoleInfo (RoleInfo.java:shutdownLeaderState(91)) - om1: shutdown om1@group-C5BA1605619E-LeaderStateImpl
2021-12-02 10:59:06,188 [Mini-Cluster-Provider-Reap] INFO  impl.PendingRequests (PendingRequests.java:sendNotLeaderResponses(282)) - om1@group-C5BA1605619E-PendingRequests: sendNotLeaderResponses
2021-12-02 10:59:06,188 [IPC Server Responder] INFO  ipc.Server (Server.java:run(1512)) - Stopping IPC Server Responder
]]></system-out>
  </testcase>
  <testcase name="testFinalizationFromInitialVersionToLatestVersion" classname="org.apache.hadoop.hdds.upgrade.TestHDDSUpgrade" time="16.678"/>
</testsuite>