<?xml version="1.0" encoding="UTF-8"?>
<testsuite xmlns:xsi="http://www.w3.org/2001/XMLSchema-instance" xsi:noNamespaceSchemaLocation="https://maven.apache.org/surefire/maven-surefire-plugin/xsd/surefire-test-report-3.0.xsd" version="3.0" name="org.apache.hadoop.hdds.scm.container.balancer.TestContainerBalancerTask" time="7.939" tests="24" errors="1" skipped="0" failures="0">
  <properties>
    <property name="awt.toolkit" value="sun.awt.X11.XToolkit"/>
    <property name="file.encoding.pkg" value="sun.io"/>
    <property name="java.specification.version" value="1.8"/>
    <property name="sun.cpu.isalist" value=""/>
    <property name="sun.jnu.encoding" value="UTF-8"/>
    <property name="java.class.path" value="/home/runner/work/ozone/ozone/hadoop-hdds/server-scm/target/test-classes:/home/runner/work/ozone/ozone/hadoop-hdds/server-scm/target/classes:/home/runner/work/ozone/ozone/hadoop-hdds/test-utils/target/classes:/home/runner/.m2/repository/com/google/guava/guava/32.0.0-jre/guava-32.0.0-jre.jar:/home/runner/.m2/repository/com/google/guava/failureaccess/1.0.1/failureaccess-1.0.1.jar:/home/runner/.m2/repository/com/google/guava/listenablefuture/9999.0-empty-to-avoid-conflict-with-guava/listenablefuture-9999.0-empty-to-avoid-conflict-with-guava.jar:/home/runner/.m2/repository/org/checkerframework/checker-qual/3.33.0/checker-qual-3.33.0.jar:/home/runner/.m2/repository/com/google/errorprone/error_prone_annotations/2.2.0/error_prone_annotations-2.2.0.jar:/home/runner/.m2/repository/com/google/j2objc/j2objc-annotations/2.8/j2objc-annotations-2.8.jar:/home/runner/.m2/repository/commons-io/commons-io/2.11.0/commons-io-2.11.0.jar:/home/runner/.m2/repository/commons-logging/commons-logging/1.2/commons-logging-1.2.jar:/home/runner/.m2/repository/ch/qos/reload4j/reload4j/1.2.22/reload4j-1.2.22.jar:/home/runner/.m2/repository/org/apache/commons/commons-lang3/3.7/commons-lang3-3.7.jar:/home/runner/.m2/repository/org/slf4j/slf4j-api/1.7.36/slf4j-api-1.7.36.jar:/home/runner/.m2/repository/org/apache/logging/log4j/log4j-api/2.17.1/log4j-api-2.17.1.jar:/home/runner/work/ozone/ozone/hadoop-hdds/common/target/classes:/home/runner/work/ozone/ozone/hadoop-hdds/hadoop-dependency-client/target/classes:/home/runner/.m2/repository/info/picocli/picocli/4.6.1/picocli-4.6.1.jar:/home/runner/.m2/repository/com/fasterxml/jackson/core/jackson-annotations/2.13.4/jackson-annotations-2.13.4.jar:/home/runner/.m2/repository/com/fasterxml/jackson/datatype/jackson-datatype-jsr310/2.13.4/jackson-datatype-jsr310-2.13.4.jar:/home/runner/.m2/repository/com/fasterxml/jackson/core/jackson-core/2.13.4/jackson-core-2.13.4.jar:/home/runner/work/ozone/ozone/hadoop-hdds/annotations/target/classes:/home/runner/work/ozone/ozone/hadoop-hdds/config/target/classes:/home/runner/.m2/repository/javax/annotation/javax.annotation-api/1.2/javax.annotation-api-1.2.jar:/home/runner/.m2/repository/org/apache/ratis/ratis-server/2.5.1/ratis-server-2.5.1.jar:/home/runner/.m2/repository/org/apache/ratis/ratis-thirdparty-misc/1.0.4/ratis-thirdparty-misc-1.0.4.jar:/home/runner/.m2/repository/org/apache/ratis/ratis-proto/2.5.1/ratis-proto-2.5.1.jar:/home/runner/.m2/repository/org/apache/ratis/ratis-common/2.5.1/ratis-common-2.5.1.jar:/home/runner/.m2/repository/org/apache/ratis/ratis-client/2.5.1/ratis-client-2.5.1.jar:/home/runner/.m2/repository/org/apache/ratis/ratis-server-api/2.5.1/ratis-server-api-2.5.1.jar:/home/runner/.m2/repository/org/apache/ratis/ratis-metrics/2.5.1/ratis-metrics-2.5.1.jar:/home/runner/.m2/repository/org/apache/ratis/ratis-netty/2.5.1/ratis-netty-2.5.1.jar:/home/runner/.m2/repository/org/apache/ratis/ratis-grpc/2.5.1/ratis-grpc-2.5.1.jar:/home/runner/.m2/repository/org/apache/commons/commons-pool2/2.6.0/commons-pool2-2.6.0.jar:/home/runner/.m2/repository/org/bouncycastle/bcpkix-jdk15on/1.67/bcpkix-jdk15on-1.67.jar:/home/runner/.m2/repository/commons-validator/commons-validator/1.6/commons-validator-1.6.jar:/home/runner/.m2/repository/commons-beanutils/commons-beanutils/1.9.4/commons-beanutils-1.9.4.jar:/home/runner/.m2/repository/commons-digester/commons-digester/1.8.1/commons-digester-1.8.1.jar:/home/runner/.m2/repository/commons-collections/commons-collections/3.2.2/commons-collections-3.2.2.jar:/home/runner/.m2/repository/io/jaegertracing/jaeger-client/1.6.0/jaeger-client-1.6.0.jar:/home/runner/.m2/repository/io/jaegertracing/jaeger-thrift/1.6.0/jaeger-thrift-1.6.0.jar:/home/runner/.m2/repository/org/apache/thrift/libthrift/0.14.1/libthrift-0.14.1.jar:/home/runner/.m2/repository/io/jaegertracing/jaeger-core/1.6.0/jaeger-core-1.6.0.jar:/home/runner/.m2/repository/io/jaegertracing/jaeger-tracerresolver/1.6.0/jaeger-tracerresolver-1.6.0.jar:/home/runner/.m2/repository/io/opentracing/contrib/opentracing-tracerresolver/0.1.8/opentracing-tracerresolver-0.1.8.jar:/home/runner/.m2/repository/org/jetbrains/kotlin/kotlin-stdlib/1.6.21/kotlin-stdlib-1.6.21.jar:/home/runner/.m2/repository/org/jetbrains/annotations/13.0/annotations-13.0.jar:/home/runner/.m2/repository/io/opentracing/opentracing-util/0.33.0/opentracing-util-0.33.0.jar:/home/runner/.m2/repository/io/opentracing/opentracing-api/0.33.0/opentracing-api-0.33.0.jar:/home/runner/.m2/repository/io/opentracing/opentracing-noop/0.33.0/opentracing-noop-0.33.0.jar:/home/runner/.m2/repository/org/yaml/snakeyaml/2.0/snakeyaml-2.0.jar:/home/runner/.m2/repository/org/reflections/reflections/0.9.11/reflections-0.9.11.jar:/home/runner/.m2/repository/org/javassist/javassist/3.21.0-GA/javassist-3.21.0-GA.jar:/home/runner/work/ozone/ozone/hadoop-hdds/interface-client/target/classes:/home/runner/.m2/repository/org/apache/hadoop/thirdparty/hadoop-shaded-protobuf_3_7/1.1.1/hadoop-shaded-protobuf_3_7-1.1.1.jar:/home/runner/work/ozone/ozone/hadoop-hdds/interface-admin/target/classes:/home/runner/.m2/repository/io/grpc/grpc-api/1.51.1/grpc-api-1.51.1.jar:/home/runner/.m2/repository/io/grpc/grpc-context/1.51.1/grpc-context-1.51.1.jar:/home/runner/work/ozone/ozone/hadoop-hdds/container-service/target/classes:/home/runner/.m2/repository/org/apache/commons/commons-compress/1.21/commons-compress-1.21.jar:/home/runner/.m2/repository/com/github/luben/zstd-jni/1.5.2-5/zstd-jni-1.5.2-5.jar:/home/runner/.m2/repository/commons-codec/commons-codec/1.15/commons-codec-1.15.jar:/home/runner/.m2/repository/javax/xml/bind/jaxb-api/2.3.0/jaxb-api-2.3.0.jar:/home/runner/.m2/repository/org/glassfish/jaxb/jaxb-runtime/2.3.0.1/jaxb-runtime-2.3.0.1.jar:/home/runner/.m2/repository/org/glassfish/jaxb/jaxb-core/2.3.0.1/jaxb-core-2.3.0.1.jar:/home/runner/.m2/repository/org/glassfish/jaxb/txw2/2.3.0.1/txw2-2.3.0.1.jar:/home/runner/.m2/repository/com/sun/istack/istack-commons-runtime/3.0.5/istack-commons-runtime-3.0.5.jar:/home/runner/.m2/repository/org/jvnet/staxex/stax-ex/1.7.8/stax-ex-1.7.8.jar:/home/runner/.m2/repository/com/sun/xml/fastinfoset/FastInfoset/1.2.13/FastInfoset-1.2.13.jar:/home/runner/.m2/repository/io/netty/netty-transport/4.1.94.Final/netty-transport-4.1.94.Final.jar:/home/runner/.m2/repository/io/netty/netty-common/4.1.94.Final/netty-common-4.1.94.Final.jar:/home/runner/.m2/repository/io/netty/netty-buffer/4.1.94.Final/netty-buffer-4.1.94.Final.jar:/home/runner/.m2/repository/io/netty/netty-resolver/4.1.94.Final/netty-resolver-4.1.94.Final.jar:/home/runner/.m2/repository/io/netty/netty-codec/4.1.94.Final/netty-codec-4.1.94.Final.jar:/home/runner/.m2/repository/io/netty/netty-handler/4.1.94.Final/netty-handler-4.1.94.Final.jar:/home/runner/.m2/repository/io/netty/netty-transport-native-unix-common/4.1.94.Final/netty-transport-native-unix-common-4.1.94.Final.jar:/home/runner/work/ozone/ozone/hadoop-hdds/client/target/classes:/home/runner/work/ozone/ozone/hadoop-hdds/erasurecode/target/classes:/home/runner/work/ozone/ozone/hadoop-hdds/hadoop-dependency-server/target/classes:/home/runner/.m2/repository/org/apache/hadoop/hadoop-annotations/3.3.6/hadoop-annotations-3.3.6.jar:/usr/lib/jvm/temurin-8-jdk-amd64/jre/../lib/tools.jar:/home/runner/.m2/repository/org/apache/hadoop/hadoop-common/3.3.6/hadoop-common-3.3.6.jar:/home/runner/.m2/repository/org/apache/hadoop/thirdparty/hadoop-shaded-guava/1.1.1/hadoop-shaded-guava-1.1.1.jar:/home/runner/.m2/repository/org/apache/httpcomponents/httpclient/4.5.13/httpclient-4.5.13.jar:/home/runner/.m2/repository/org/apache/httpcomponents/httpcore/4.4.13/httpcore-4.4.13.jar:/home/runner/.m2/repository/commons-net/commons-net/3.9.0/commons-net-3.9.0.jar:/home/runner/.m2/repository/javax/servlet/javax.servlet-api/3.1.0/javax.servlet-api-3.1.0.jar:/home/runner/.m2/repository/jakarta/activation/jakarta.activation-api/1.2.2/jakarta.activation-api-1.2.2.jar:/home/runner/.m2/repository/javax/servlet/jsp/jsp-api/2.1/jsp-api-2.1.jar:/home/runner/.m2/repository/com/sun/jersey/jersey-core/1.19/jersey-core-1.19.jar:/home/runner/.m2/repository/javax/ws/rs/jsr311-api/1.1.1/jsr311-api-1.1.1.jar:/home/runner/.m2/repository/com/sun/jersey/jersey-servlet/1.19/jersey-servlet-1.19.jar:/home/runner/.m2/repository/com/sun/jersey/jersey-server/1.19/jersey-server-1.19.jar:/home/runner/.m2/repository/com/google/re2j/re2j/1.1/re2j-1.1.jar:/home/runner/.m2/repository/com/google/code/gson/gson/2.9.0/gson-2.9.0.jar:/home/runner/.m2/repository/org/apache/hadoop/hadoop-auth/3.3.6/hadoop-auth-3.3.6.jar:/home/runner/.m2/repository/com/nimbusds/nimbus-jose-jwt/9.8.1/nimbus-jose-jwt-9.8.1.jar:/home/runner/.m2/repository/com/github/stephenc/jcip/jcip-annotations/1.0-1/jcip-annotations-1.0-1.jar:/home/runner/.m2/repository/com/jcraft/jsch/0.1.54/jsch-0.1.54.jar:/home/runner/.m2/repository/org/apache/kerby/kerb-core/1.0.1/kerb-core-1.0.1.jar:/home/runner/.m2/repository/org/apache/kerby/kerby-pkix/1.0.1/kerby-pkix-1.0.1.jar:/home/runner/.m2/repository/org/apache/kerby/kerby-asn1/1.0.1/kerby-asn1-1.0.1.jar:/home/runner/.m2/repository/org/apache/kerby/kerby-util/1.0.1/kerby-util-1.0.1.jar:/home/runner/.m2/repository/org/codehaus/woodstox/stax2-api/4.2.1/stax2-api-4.2.1.jar:/home/runner/.m2/repository/com/fasterxml/woodstox/woodstox-core/5.4.0/woodstox-core-5.4.0.jar:/home/runner/.m2/repository/dnsjava/dnsjava/2.1.7/dnsjava-2.1.7.jar:/home/runner/.m2/repository/org/xerial/snappy/snappy-java/1.1.8.2/snappy-java-1.1.8.2.jar:/home/runner/.m2/repository/commons-cli/commons-cli/1.2/commons-cli-1.2.jar:/home/runner/.m2/repository/org/apache/hadoop/hadoop-hdfs/3.3.6/hadoop-hdfs-3.3.6.jar:/home/runner/.m2/repository/org/eclipse/jetty/jetty-util-ajax/9.4.51.v20230217/jetty-util-ajax-9.4.51.v20230217.jar:/home/runner/.m2/repository/commons-daemon/commons-daemon/1.0.13/commons-daemon-1.0.13.jar:/home/runner/work/ozone/ozone/hadoop-hdds/framework/target/classes:/home/runner/work/ozone/ozone/hadoop-hdds/interface-server/target/classes:/home/runner/work/ozone/ozone/hadoop-hdds/managed-rocksdb/target/classes:/home/runner/.m2/repository/org/rocksdb/rocksdbjni/7.7.3/rocksdbjni-7.7.3.jar:/home/runner/.m2/repository/org/slf4j/slf4j-reload4j/1.7.36/slf4j-reload4j-1.7.36.jar:/home/runner/.m2/repository/org/apache/commons/commons-configuration2/2.1.1/commons-configuration2-2.1.1.jar:/home/runner/.m2/repository/commons-fileupload/commons-fileupload/1.5/commons-fileupload-1.5.jar:/home/runner/.m2/repository/org/apache/logging/log4j/log4j-core/2.17.1/log4j-core-2.17.1.jar:/home/runner/.m2/repository/com/lmax/disruptor/3.4.2/disruptor-3.4.2.jar:/home/runner/.m2/repository/org/eclipse/jetty/jetty-util/9.4.51.v20230217/jetty-util-9.4.51.v20230217.jar:/home/runner/.m2/repository/org/eclipse/jetty/jetty-server/9.4.51.v20230217/jetty-server-9.4.51.v20230217.jar:/home/runner/.m2/repository/org/eclipse/jetty/jetty-http/9.4.51.v20230217/jetty-http-9.4.51.v20230217.jar:/home/runner/.m2/repository/org/eclipse/jetty/jetty-io/9.4.51.v20230217/jetty-io-9.4.51.v20230217.jar:/home/runner/.m2/repository/org/eclipse/jetty/jetty-servlet/9.4.51.v20230217/jetty-servlet-9.4.51.v20230217.jar:/home/runner/.m2/repository/org/eclipse/jetty/jetty-security/9.4.51.v20230217/jetty-security-9.4.51.v20230217.jar:/home/runner/.m2/repository/org/eclipse/jetty/jetty-webapp/9.4.51.v20230217/jetty-webapp-9.4.51.v20230217.jar:/home/runner/.m2/repository/org/eclipse/jetty/jetty-xml/9.4.51.v20230217/jetty-xml-9.4.51.v20230217.jar:/home/runner/.m2/repository/io/prometheus/simpleclient_dropwizard/0.7.0/simpleclient_dropwizard-0.7.0.jar:/home/runner/.m2/repository/io/prometheus/simpleclient/0.7.0/simpleclient-0.7.0.jar:/home/runner/.m2/repository/io/prometheus/simpleclient_common/0.7.0/simpleclient_common-0.7.0.jar:/home/runner/work/ozone/ozone/hadoop-hdds/rocksdb-checkpoint-differ/target/classes:/home/runner/work/ozone/ozone/hadoop-hdds/rocks-native/target/classes:/home/runner/.m2/repository/org/jgrapht/jgrapht-core/1.0.1/jgrapht-core-1.0.1.jar:/home/runner/.m2/repository/org/jgrapht/jgrapht-ext/1.0.1/jgrapht-ext-1.0.1.jar:/home/runner/.m2/repository/org/tinyjee/jgraphx/jgraphx/2.0.0.1/jgraphx-2.0.0.1.jar:/home/runner/.m2/repository/jgraph/jgraph/5.13.0.0/jgraph-5.13.0.0.jar:/home/runner/.m2/repository/org/antlr/antlr4-runtime/4.5.3/antlr4-runtime-4.5.3.jar:/home/runner/.m2/repository/org/awaitility/awaitility/4.2.0/awaitility-4.2.0.jar:/home/runner/.m2/repository/org/hamcrest/hamcrest/2.1/hamcrest-2.1.jar:/home/runner/work/ozone/ozone/hadoop-hdds/docs/target/classes:/home/runner/.m2/repository/io/dropwizard/metrics/metrics-core/3.2.4/metrics-core-3.2.4.jar:/home/runner/.m2/repository/com/github/spotbugs/spotbugs-annotations/3.1.12/spotbugs-annotations-3.1.12.jar:/home/runner/.m2/repository/com/google/code/findbugs/jsr305/3.0.0/jsr305-3.0.0.jar:/home/runner/.m2/repository/org/apache/commons/commons-math3/3.1.1/commons-math3-3.1.1.jar:/home/runner/.m2/repository/org/apache/commons/commons-text/1.10.0/commons-text-1.10.0.jar:/home/runner/.m2/repository/org/apache/hadoop/hadoop-hdfs-client/3.3.6/hadoop-hdfs-client-3.3.6.jar:/home/runner/.m2/repository/com/squareup/okhttp3/okhttp/4.9.3/okhttp-4.9.3.jar:/home/runner/.m2/repository/com/squareup/okio/okio/3.4.0/okio-3.4.0.jar:/home/runner/.m2/repository/com/squareup/okio/okio-jvm/3.4.0/okio-jvm-3.4.0.jar:/home/runner/.m2/repository/org/jetbrains/kotlin/kotlin-stdlib-jdk8/1.8.0/kotlin-stdlib-jdk8-1.8.0.jar:/home/runner/.m2/repository/org/jetbrains/kotlin/kotlin-stdlib-jdk7/1.8.0/kotlin-stdlib-jdk7-1.8.0.jar:/home/runner/.m2/repository/org/jetbrains/kotlin/kotlin-stdlib-common/1.6.21/kotlin-stdlib-common-1.6.21.jar:/home/runner/.m2/repository/com/fasterxml/jackson/core/jackson-databind/2.13.4.2/jackson-databind-2.13.4.2.jar:/home/runner/work/ozone/ozone/hadoop-hdds/container-service/target/test-classes:/home/runner/work/ozone/ozone/hadoop-hdds/common/target/test-classes:/home/runner/.m2/repository/org/hamcrest/hamcrest-core/1.3/hamcrest-core-1.3.jar:/home/runner/.m2/repository/org/assertj/assertj-core/3.12.2/assertj-core-3.12.2.jar:/home/runner/.m2/repository/org/mockito/mockito-core/3.5.9/mockito-core-3.5.9.jar:/home/runner/.m2/repository/net/bytebuddy/byte-buddy/1.10.13/byte-buddy-1.10.13.jar:/home/runner/.m2/repository/net/bytebuddy/byte-buddy-agent/1.10.13/byte-buddy-agent-1.10.13.jar:/home/runner/.m2/repository/org/objenesis/objenesis/1.0/objenesis-1.0.jar:/home/runner/.m2/repository/org/hamcrest/hamcrest-all/1.3/hamcrest-all-1.3.jar:/home/runner/.m2/repository/org/bouncycastle/bcprov-jdk15on/1.67/bcprov-jdk15on-1.67.jar:/home/runner/work/ozone/ozone/hadoop-hdds/hadoop-dependency-test/target/classes:/home/runner/.m2/repository/org/apache/hadoop/hadoop-common/3.3.6/hadoop-common-3.3.6-tests.jar:/home/runner/.m2/repository/org/apache/hadoop/hadoop-hdfs/3.3.6/hadoop-hdfs-3.3.6-tests.jar:/home/runner/.m2/repository/com/google/protobuf/protobuf-java/2.5.0/protobuf-java-2.5.0.jar:/home/runner/.m2/repository/org/junit/jupiter/junit-jupiter-api/5.8.2/junit-jupiter-api-5.8.2.jar:/home/runner/.m2/repository/org/opentest4j/opentest4j/1.2.0/opentest4j-1.2.0.jar:/home/runner/.m2/repository/org/junit/platform/junit-platform-commons/1.8.2/junit-platform-commons-1.8.2.jar:/home/runner/.m2/repository/org/apiguardian/apiguardian-api/1.1.2/apiguardian-api-1.1.2.jar:/home/runner/.m2/repository/org/junit/jupiter/junit-jupiter-engine/5.8.2/junit-jupiter-engine-5.8.2.jar:/home/runner/.m2/repository/org/junit/platform/junit-platform-engine/1.8.2/junit-platform-engine-1.8.2.jar:/home/runner/.m2/repository/org/junit/vintage/junit-vintage-engine/5.8.2/junit-vintage-engine-5.8.2.jar:/home/runner/.m2/repository/org/junit/platform/junit-platform-launcher/1.8.2/junit-platform-launcher-1.8.2.jar:/home/runner/.m2/repository/org/junit/jupiter/junit-jupiter-params/5.8.2/junit-jupiter-params-5.8.2.jar:/home/runner/.m2/repository/junit/junit/4.13.1/junit-4.13.1.jar:"/>
    <property name="java.vm.vendor" value="Temurin"/>
    <property name="sun.arch.data.model" value="64"/>
    <property name="test.build.dir" value="/home/runner/work/ozone/ozone/hadoop-hdds/server-scm/target/test-dir"/>
    <property name="test.cache.data" value=""/>
    <property name="java.vendor.url" value="https://adoptium.net/"/>
    <property name="user.timezone" value="Etc/UTC"/>
    <property name="java.vm.specification.version" value="1.8"/>
    <property name="os.name" value="Linux"/>
    <property name="test.build.data" value="/home/runner/work/ozone/ozone/hadoop-hdds/server-scm/target/test-dir"/>
    <property name="sun.java.launcher" value="SUN_STANDARD"/>
    <property name="sun.boot.library.path" value="/usr/lib/jvm/temurin-8-jdk-amd64/jre/lib/amd64"/>
    <property name="sun.java.command" value="/home/runner/work/ozone/ozone/hadoop-hdds/server-scm/target/surefire/surefirebooter5328578890615999161.jar /home/runner/work/ozone/ozone/hadoop-hdds/server-scm/target/surefire 2023-09-08T10-57-25_658-jvmRun1 surefire8778921153556415497tmp surefire_2691180023694566544512tmp"/>
    <property name="native.lib.tmp.dir" value="/tmp"/>
    <property name="surefire.test.class.path" value="/home/runner/work/ozone/ozone/hadoop-hdds/server-scm/target/test-classes:/home/runner/work/ozone/ozone/hadoop-hdds/server-scm/target/classes:/home/runner/work/ozone/ozone/hadoop-hdds/test-utils/target/classes:/home/runner/.m2/repository/com/google/guava/guava/32.0.0-jre/guava-32.0.0-jre.jar:/home/runner/.m2/repository/com/google/guava/failureaccess/1.0.1/failureaccess-1.0.1.jar:/home/runner/.m2/repository/com/google/guava/listenablefuture/9999.0-empty-to-avoid-conflict-with-guava/listenablefuture-9999.0-empty-to-avoid-conflict-with-guava.jar:/home/runner/.m2/repository/org/checkerframework/checker-qual/3.33.0/checker-qual-3.33.0.jar:/home/runner/.m2/repository/com/google/errorprone/error_prone_annotations/2.2.0/error_prone_annotations-2.2.0.jar:/home/runner/.m2/repository/com/google/j2objc/j2objc-annotations/2.8/j2objc-annotations-2.8.jar:/home/runner/.m2/repository/commons-io/commons-io/2.11.0/commons-io-2.11.0.jar:/home/runner/.m2/repository/commons-logging/commons-logging/1.2/commons-logging-1.2.jar:/home/runner/.m2/repository/ch/qos/reload4j/reload4j/1.2.22/reload4j-1.2.22.jar:/home/runner/.m2/repository/org/apache/commons/commons-lang3/3.7/commons-lang3-3.7.jar:/home/runner/.m2/repository/org/slf4j/slf4j-api/1.7.36/slf4j-api-1.7.36.jar:/home/runner/.m2/repository/org/apache/logging/log4j/log4j-api/2.17.1/log4j-api-2.17.1.jar:/home/runner/work/ozone/ozone/hadoop-hdds/common/target/classes:/home/runner/work/ozone/ozone/hadoop-hdds/hadoop-dependency-client/target/classes:/home/runner/.m2/repository/info/picocli/picocli/4.6.1/picocli-4.6.1.jar:/home/runner/.m2/repository/com/fasterxml/jackson/core/jackson-annotations/2.13.4/jackson-annotations-2.13.4.jar:/home/runner/.m2/repository/com/fasterxml/jackson/datatype/jackson-datatype-jsr310/2.13.4/jackson-datatype-jsr310-2.13.4.jar:/home/runner/.m2/repository/com/fasterxml/jackson/core/jackson-core/2.13.4/jackson-core-2.13.4.jar:/home/runner/work/ozone/ozone/hadoop-hdds/annotations/target/classes:/home/runner/work/ozone/ozone/hadoop-hdds/config/target/classes:/home/runner/.m2/repository/javax/annotation/javax.annotation-api/1.2/javax.annotation-api-1.2.jar:/home/runner/.m2/repository/org/apache/ratis/ratis-server/2.5.1/ratis-server-2.5.1.jar:/home/runner/.m2/repository/org/apache/ratis/ratis-thirdparty-misc/1.0.4/ratis-thirdparty-misc-1.0.4.jar:/home/runner/.m2/repository/org/apache/ratis/ratis-proto/2.5.1/ratis-proto-2.5.1.jar:/home/runner/.m2/repository/org/apache/ratis/ratis-common/2.5.1/ratis-common-2.5.1.jar:/home/runner/.m2/repository/org/apache/ratis/ratis-client/2.5.1/ratis-client-2.5.1.jar:/home/runner/.m2/repository/org/apache/ratis/ratis-server-api/2.5.1/ratis-server-api-2.5.1.jar:/home/runner/.m2/repository/org/apache/ratis/ratis-metrics/2.5.1/ratis-metrics-2.5.1.jar:/home/runner/.m2/repository/org/apache/ratis/ratis-netty/2.5.1/ratis-netty-2.5.1.jar:/home/runner/.m2/repository/org/apache/ratis/ratis-grpc/2.5.1/ratis-grpc-2.5.1.jar:/home/runner/.m2/repository/org/apache/commons/commons-pool2/2.6.0/commons-pool2-2.6.0.jar:/home/runner/.m2/repository/org/bouncycastle/bcpkix-jdk15on/1.67/bcpkix-jdk15on-1.67.jar:/home/runner/.m2/repository/commons-validator/commons-validator/1.6/commons-validator-1.6.jar:/home/runner/.m2/repository/commons-beanutils/commons-beanutils/1.9.4/commons-beanutils-1.9.4.jar:/home/runner/.m2/repository/commons-digester/commons-digester/1.8.1/commons-digester-1.8.1.jar:/home/runner/.m2/repository/commons-collections/commons-collections/3.2.2/commons-collections-3.2.2.jar:/home/runner/.m2/repository/io/jaegertracing/jaeger-client/1.6.0/jaeger-client-1.6.0.jar:/home/runner/.m2/repository/io/jaegertracing/jaeger-thrift/1.6.0/jaeger-thrift-1.6.0.jar:/home/runner/.m2/repository/org/apache/thrift/libthrift/0.14.1/libthrift-0.14.1.jar:/home/runner/.m2/repository/io/jaegertracing/jaeger-core/1.6.0/jaeger-core-1.6.0.jar:/home/runner/.m2/repository/io/jaegertracing/jaeger-tracerresolver/1.6.0/jaeger-tracerresolver-1.6.0.jar:/home/runner/.m2/repository/io/opentracing/contrib/opentracing-tracerresolver/0.1.8/opentracing-tracerresolver-0.1.8.jar:/home/runner/.m2/repository/org/jetbrains/kotlin/kotlin-stdlib/1.6.21/kotlin-stdlib-1.6.21.jar:/home/runner/.m2/repository/org/jetbrains/annotations/13.0/annotations-13.0.jar:/home/runner/.m2/repository/io/opentracing/opentracing-util/0.33.0/opentracing-util-0.33.0.jar:/home/runner/.m2/repository/io/opentracing/opentracing-api/0.33.0/opentracing-api-0.33.0.jar:/home/runner/.m2/repository/io/opentracing/opentracing-noop/0.33.0/opentracing-noop-0.33.0.jar:/home/runner/.m2/repository/org/yaml/snakeyaml/2.0/snakeyaml-2.0.jar:/home/runner/.m2/repository/org/reflections/reflections/0.9.11/reflections-0.9.11.jar:/home/runner/.m2/repository/org/javassist/javassist/3.21.0-GA/javassist-3.21.0-GA.jar:/home/runner/work/ozone/ozone/hadoop-hdds/interface-client/target/classes:/home/runner/.m2/repository/org/apache/hadoop/thirdparty/hadoop-shaded-protobuf_3_7/1.1.1/hadoop-shaded-protobuf_3_7-1.1.1.jar:/home/runner/work/ozone/ozone/hadoop-hdds/interface-admin/target/classes:/home/runner/.m2/repository/io/grpc/grpc-api/1.51.1/grpc-api-1.51.1.jar:/home/runner/.m2/repository/io/grpc/grpc-context/1.51.1/grpc-context-1.51.1.jar:/home/runner/work/ozone/ozone/hadoop-hdds/container-service/target/classes:/home/runner/.m2/repository/org/apache/commons/commons-compress/1.21/commons-compress-1.21.jar:/home/runner/.m2/repository/com/github/luben/zstd-jni/1.5.2-5/zstd-jni-1.5.2-5.jar:/home/runner/.m2/repository/commons-codec/commons-codec/1.15/commons-codec-1.15.jar:/home/runner/.m2/repository/javax/xml/bind/jaxb-api/2.3.0/jaxb-api-2.3.0.jar:/home/runner/.m2/repository/org/glassfish/jaxb/jaxb-runtime/2.3.0.1/jaxb-runtime-2.3.0.1.jar:/home/runner/.m2/repository/org/glassfish/jaxb/jaxb-core/2.3.0.1/jaxb-core-2.3.0.1.jar:/home/runner/.m2/repository/org/glassfish/jaxb/txw2/2.3.0.1/txw2-2.3.0.1.jar:/home/runner/.m2/repository/com/sun/istack/istack-commons-runtime/3.0.5/istack-commons-runtime-3.0.5.jar:/home/runner/.m2/repository/org/jvnet/staxex/stax-ex/1.7.8/stax-ex-1.7.8.jar:/home/runner/.m2/repository/com/sun/xml/fastinfoset/FastInfoset/1.2.13/FastInfoset-1.2.13.jar:/home/runner/.m2/repository/io/netty/netty-transport/4.1.94.Final/netty-transport-4.1.94.Final.jar:/home/runner/.m2/repository/io/netty/netty-common/4.1.94.Final/netty-common-4.1.94.Final.jar:/home/runner/.m2/repository/io/netty/netty-buffer/4.1.94.Final/netty-buffer-4.1.94.Final.jar:/home/runner/.m2/repository/io/netty/netty-resolver/4.1.94.Final/netty-resolver-4.1.94.Final.jar:/home/runner/.m2/repository/io/netty/netty-codec/4.1.94.Final/netty-codec-4.1.94.Final.jar:/home/runner/.m2/repository/io/netty/netty-handler/4.1.94.Final/netty-handler-4.1.94.Final.jar:/home/runner/.m2/repository/io/netty/netty-transport-native-unix-common/4.1.94.Final/netty-transport-native-unix-common-4.1.94.Final.jar:/home/runner/work/ozone/ozone/hadoop-hdds/client/target/classes:/home/runner/work/ozone/ozone/hadoop-hdds/erasurecode/target/classes:/home/runner/work/ozone/ozone/hadoop-hdds/hadoop-dependency-server/target/classes:/home/runner/.m2/repository/org/apache/hadoop/hadoop-annotations/3.3.6/hadoop-annotations-3.3.6.jar:/usr/lib/jvm/temurin-8-jdk-amd64/jre/../lib/tools.jar:/home/runner/.m2/repository/org/apache/hadoop/hadoop-common/3.3.6/hadoop-common-3.3.6.jar:/home/runner/.m2/repository/org/apache/hadoop/thirdparty/hadoop-shaded-guava/1.1.1/hadoop-shaded-guava-1.1.1.jar:/home/runner/.m2/repository/org/apache/httpcomponents/httpclient/4.5.13/httpclient-4.5.13.jar:/home/runner/.m2/repository/org/apache/httpcomponents/httpcore/4.4.13/httpcore-4.4.13.jar:/home/runner/.m2/repository/commons-net/commons-net/3.9.0/commons-net-3.9.0.jar:/home/runner/.m2/repository/javax/servlet/javax.servlet-api/3.1.0/javax.servlet-api-3.1.0.jar:/home/runner/.m2/repository/jakarta/activation/jakarta.activation-api/1.2.2/jakarta.activation-api-1.2.2.jar:/home/runner/.m2/repository/javax/servlet/jsp/jsp-api/2.1/jsp-api-2.1.jar:/home/runner/.m2/repository/com/sun/jersey/jersey-core/1.19/jersey-core-1.19.jar:/home/runner/.m2/repository/javax/ws/rs/jsr311-api/1.1.1/jsr311-api-1.1.1.jar:/home/runner/.m2/repository/com/sun/jersey/jersey-servlet/1.19/jersey-servlet-1.19.jar:/home/runner/.m2/repository/com/sun/jersey/jersey-server/1.19/jersey-server-1.19.jar:/home/runner/.m2/repository/com/google/re2j/re2j/1.1/re2j-1.1.jar:/home/runner/.m2/repository/com/google/code/gson/gson/2.9.0/gson-2.9.0.jar:/home/runner/.m2/repository/org/apache/hadoop/hadoop-auth/3.3.6/hadoop-auth-3.3.6.jar:/home/runner/.m2/repository/com/nimbusds/nimbus-jose-jwt/9.8.1/nimbus-jose-jwt-9.8.1.jar:/home/runner/.m2/repository/com/github/stephenc/jcip/jcip-annotations/1.0-1/jcip-annotations-1.0-1.jar:/home/runner/.m2/repository/com/jcraft/jsch/0.1.54/jsch-0.1.54.jar:/home/runner/.m2/repository/org/apache/kerby/kerb-core/1.0.1/kerb-core-1.0.1.jar:/home/runner/.m2/repository/org/apache/kerby/kerby-pkix/1.0.1/kerby-pkix-1.0.1.jar:/home/runner/.m2/repository/org/apache/kerby/kerby-asn1/1.0.1/kerby-asn1-1.0.1.jar:/home/runner/.m2/repository/org/apache/kerby/kerby-util/1.0.1/kerby-util-1.0.1.jar:/home/runner/.m2/repository/org/codehaus/woodstox/stax2-api/4.2.1/stax2-api-4.2.1.jar:/home/runner/.m2/repository/com/fasterxml/woodstox/woodstox-core/5.4.0/woodstox-core-5.4.0.jar:/home/runner/.m2/repository/dnsjava/dnsjava/2.1.7/dnsjava-2.1.7.jar:/home/runner/.m2/repository/org/xerial/snappy/snappy-java/1.1.8.2/snappy-java-1.1.8.2.jar:/home/runner/.m2/repository/commons-cli/commons-cli/1.2/commons-cli-1.2.jar:/home/runner/.m2/repository/org/apache/hadoop/hadoop-hdfs/3.3.6/hadoop-hdfs-3.3.6.jar:/home/runner/.m2/repository/org/eclipse/jetty/jetty-util-ajax/9.4.51.v20230217/jetty-util-ajax-9.4.51.v20230217.jar:/home/runner/.m2/repository/commons-daemon/commons-daemon/1.0.13/commons-daemon-1.0.13.jar:/home/runner/work/ozone/ozone/hadoop-hdds/framework/target/classes:/home/runner/work/ozone/ozone/hadoop-hdds/interface-server/target/classes:/home/runner/work/ozone/ozone/hadoop-hdds/managed-rocksdb/target/classes:/home/runner/.m2/repository/org/rocksdb/rocksdbjni/7.7.3/rocksdbjni-7.7.3.jar:/home/runner/.m2/repository/org/slf4j/slf4j-reload4j/1.7.36/slf4j-reload4j-1.7.36.jar:/home/runner/.m2/repository/org/apache/commons/commons-configuration2/2.1.1/commons-configuration2-2.1.1.jar:/home/runner/.m2/repository/commons-fileupload/commons-fileupload/1.5/commons-fileupload-1.5.jar:/home/runner/.m2/repository/org/apache/logging/log4j/log4j-core/2.17.1/log4j-core-2.17.1.jar:/home/runner/.m2/repository/com/lmax/disruptor/3.4.2/disruptor-3.4.2.jar:/home/runner/.m2/repository/org/eclipse/jetty/jetty-util/9.4.51.v20230217/jetty-util-9.4.51.v20230217.jar:/home/runner/.m2/repository/org/eclipse/jetty/jetty-server/9.4.51.v20230217/jetty-server-9.4.51.v20230217.jar:/home/runner/.m2/repository/org/eclipse/jetty/jetty-http/9.4.51.v20230217/jetty-http-9.4.51.v20230217.jar:/home/runner/.m2/repository/org/eclipse/jetty/jetty-io/9.4.51.v20230217/jetty-io-9.4.51.v20230217.jar:/home/runner/.m2/repository/org/eclipse/jetty/jetty-servlet/9.4.51.v20230217/jetty-servlet-9.4.51.v20230217.jar:/home/runner/.m2/repository/org/eclipse/jetty/jetty-security/9.4.51.v20230217/jetty-security-9.4.51.v20230217.jar:/home/runner/.m2/repository/org/eclipse/jetty/jetty-webapp/9.4.51.v20230217/jetty-webapp-9.4.51.v20230217.jar:/home/runner/.m2/repository/org/eclipse/jetty/jetty-xml/9.4.51.v20230217/jetty-xml-9.4.51.v20230217.jar:/home/runner/.m2/repository/io/prometheus/simpleclient_dropwizard/0.7.0/simpleclient_dropwizard-0.7.0.jar:/home/runner/.m2/repository/io/prometheus/simpleclient/0.7.0/simpleclient-0.7.0.jar:/home/runner/.m2/repository/io/prometheus/simpleclient_common/0.7.0/simpleclient_common-0.7.0.jar:/home/runner/work/ozone/ozone/hadoop-hdds/rocksdb-checkpoint-differ/target/classes:/home/runner/work/ozone/ozone/hadoop-hdds/rocks-native/target/classes:/home/runner/.m2/repository/org/jgrapht/jgrapht-core/1.0.1/jgrapht-core-1.0.1.jar:/home/runner/.m2/repository/org/jgrapht/jgrapht-ext/1.0.1/jgrapht-ext-1.0.1.jar:/home/runner/.m2/repository/org/tinyjee/jgraphx/jgraphx/2.0.0.1/jgraphx-2.0.0.1.jar:/home/runner/.m2/repository/jgraph/jgraph/5.13.0.0/jgraph-5.13.0.0.jar:/home/runner/.m2/repository/org/antlr/antlr4-runtime/4.5.3/antlr4-runtime-4.5.3.jar:/home/runner/.m2/repository/org/awaitility/awaitility/4.2.0/awaitility-4.2.0.jar:/home/runner/.m2/repository/org/hamcrest/hamcrest/2.1/hamcrest-2.1.jar:/home/runner/work/ozone/ozone/hadoop-hdds/docs/target/classes:/home/runner/.m2/repository/io/dropwizard/metrics/metrics-core/3.2.4/metrics-core-3.2.4.jar:/home/runner/.m2/repository/com/github/spotbugs/spotbugs-annotations/3.1.12/spotbugs-annotations-3.1.12.jar:/home/runner/.m2/repository/com/google/code/findbugs/jsr305/3.0.0/jsr305-3.0.0.jar:/home/runner/.m2/repository/org/apache/commons/commons-math3/3.1.1/commons-math3-3.1.1.jar:/home/runner/.m2/repository/org/apache/commons/commons-text/1.10.0/commons-text-1.10.0.jar:/home/runner/.m2/repository/org/apache/hadoop/hadoop-hdfs-client/3.3.6/hadoop-hdfs-client-3.3.6.jar:/home/runner/.m2/repository/com/squareup/okhttp3/okhttp/4.9.3/okhttp-4.9.3.jar:/home/runner/.m2/repository/com/squareup/okio/okio/3.4.0/okio-3.4.0.jar:/home/runner/.m2/repository/com/squareup/okio/okio-jvm/3.4.0/okio-jvm-3.4.0.jar:/home/runner/.m2/repository/org/jetbrains/kotlin/kotlin-stdlib-jdk8/1.8.0/kotlin-stdlib-jdk8-1.8.0.jar:/home/runner/.m2/repository/org/jetbrains/kotlin/kotlin-stdlib-jdk7/1.8.0/kotlin-stdlib-jdk7-1.8.0.jar:/home/runner/.m2/repository/org/jetbrains/kotlin/kotlin-stdlib-common/1.6.21/kotlin-stdlib-common-1.6.21.jar:/home/runner/.m2/repository/com/fasterxml/jackson/core/jackson-databind/2.13.4.2/jackson-databind-2.13.4.2.jar:/home/runner/work/ozone/ozone/hadoop-hdds/container-service/target/test-classes:/home/runner/work/ozone/ozone/hadoop-hdds/common/target/test-classes:/home/runner/.m2/repository/org/hamcrest/hamcrest-core/1.3/hamcrest-core-1.3.jar:/home/runner/.m2/repository/org/assertj/assertj-core/3.12.2/assertj-core-3.12.2.jar:/home/runner/.m2/repository/org/mockito/mockito-core/3.5.9/mockito-core-3.5.9.jar:/home/runner/.m2/repository/net/bytebuddy/byte-buddy/1.10.13/byte-buddy-1.10.13.jar:/home/runner/.m2/repository/net/bytebuddy/byte-buddy-agent/1.10.13/byte-buddy-agent-1.10.13.jar:/home/runner/.m2/repository/org/objenesis/objenesis/1.0/objenesis-1.0.jar:/home/runner/.m2/repository/org/hamcrest/hamcrest-all/1.3/hamcrest-all-1.3.jar:/home/runner/.m2/repository/org/bouncycastle/bcprov-jdk15on/1.67/bcprov-jdk15on-1.67.jar:/home/runner/work/ozone/ozone/hadoop-hdds/hadoop-dependency-test/target/classes:/home/runner/.m2/repository/org/apache/hadoop/hadoop-common/3.3.6/hadoop-common-3.3.6-tests.jar:/home/runner/.m2/repository/org/apache/hadoop/hadoop-hdfs/3.3.6/hadoop-hdfs-3.3.6-tests.jar:/home/runner/.m2/repository/com/google/protobuf/protobuf-java/2.5.0/protobuf-java-2.5.0.jar:/home/runner/.m2/repository/org/junit/jupiter/junit-jupiter-api/5.8.2/junit-jupiter-api-5.8.2.jar:/home/runner/.m2/repository/org/opentest4j/opentest4j/1.2.0/opentest4j-1.2.0.jar:/home/runner/.m2/repository/org/junit/platform/junit-platform-commons/1.8.2/junit-platform-commons-1.8.2.jar:/home/runner/.m2/repository/org/apiguardian/apiguardian-api/1.1.2/apiguardian-api-1.1.2.jar:/home/runner/.m2/repository/org/junit/jupiter/junit-jupiter-engine/5.8.2/junit-jupiter-engine-5.8.2.jar:/home/runner/.m2/repository/org/junit/platform/junit-platform-engine/1.8.2/junit-platform-engine-1.8.2.jar:/home/runner/.m2/repository/org/junit/vintage/junit-vintage-engine/5.8.2/junit-vintage-engine-5.8.2.jar:/home/runner/.m2/repository/org/junit/platform/junit-platform-launcher/1.8.2/junit-platform-launcher-1.8.2.jar:/home/runner/.m2/repository/org/junit/jupiter/junit-jupiter-params/5.8.2/junit-jupiter-params-5.8.2.jar:/home/runner/.m2/repository/junit/junit/4.13.1/junit-4.13.1.jar:"/>
    <property name="sun.cpu.endian" value="little"/>
    <property name="user.home" value="/home/runner"/>
    <property name="user.language" value="en"/>
    <property name="java.specification.vendor" value="Oracle Corporation"/>
    <property name="java.home" value="/usr/lib/jvm/temurin-8-jdk-amd64/jre"/>
    <property name="java.security.krb5.conf" value="/home/runner/work/ozone/ozone/hadoop-hdds/server-scm/target/test-classes/krb5.conf"/>
    <property name="basedir" value="/home/runner/work/ozone/ozone/hadoop-hdds/server-scm"/>
    <property name="file.separator" value="/"/>
    <property name="line.separator" value="&#10;"/>
    <property name="java.vm.specification.vendor" value="Oracle Corporation"/>
    <property name="java.specification.name" value="Java Platform API Specification"/>
    <property name="java.awt.graphicsenv" value="sun.awt.X11GraphicsEnvironment"/>
    <property name="skip.installnpx" value="true"/>
    <property name="surefire.real.class.path" value="/home/runner/work/ozone/ozone/hadoop-hdds/server-scm/target/surefire/surefirebooter5328578890615999161.jar:/home/runner/.m2/repository/org/jacoco/org.jacoco.agent/0.8.5/org.jacoco.agent-0.8.5-runtime.jar"/>
    <property name="hadoop.log.dir" value="/home/runner/work/ozone/ozone/hadoop-hdds/server-scm/target/log"/>
    <property name="sun.boot.class.path" value="/usr/lib/jvm/temurin-8-jdk-amd64/jre/lib/resources.jar:/usr/lib/jvm/temurin-8-jdk-amd64/jre/lib/rt.jar:/usr/lib/jvm/temurin-8-jdk-amd64/jre/lib/sunrsasign.jar:/usr/lib/jvm/temurin-8-jdk-amd64/jre/lib/jsse.jar:/usr/lib/jvm/temurin-8-jdk-amd64/jre/lib/jce.jar:/usr/lib/jvm/temurin-8-jdk-amd64/jre/lib/charsets.jar:/usr/lib/jvm/temurin-8-jdk-amd64/jre/lib/jfr.jar:/usr/lib/jvm/temurin-8-jdk-amd64/jre/classes"/>
    <property name="sun.management.compiler" value="HotSpot 64-Bit Tiered Compilers"/>
    <property name="skip.npx" value="true"/>
    <property name="java.runtime.version" value="1.8.0_382-b05"/>
    <property name="java.net.preferIPv4Stack" value="true"/>
    <property name="user.name" value="runner"/>
    <property name="path.separator" value=":"/>
    <property name="java.security.egd" value="file:///dev/urandom"/>
    <property name="os.version" value="5.15.0-1045-azure"/>
    <property name="java.endorsed.dirs" value="/usr/lib/jvm/temurin-8-jdk-amd64/jre/lib/endorsed"/>
    <property name="java.runtime.name" value="OpenJDK Runtime Environment"/>
    <property name="file.encoding" value="UTF-8"/>
    <property name="java.vm.name" value="OpenJDK 64-Bit Server VM"/>
    <property name="test.build.webapps" value=""/>
    <property name="localRepository" value="/home/runner/.m2/repository"/>
    <property name="java.vendor.url.bug" value="https://github.com/adoptium/adoptium-support/issues"/>
    <property name="java.io.tmpdir" value="/tmp"/>
    <property name="require.test.libhadoop" value=""/>
    <property name="java.version" value="1.8.0_382"/>
    <property name="user.dir" value="/home/runner/work/ozone/ozone/hadoop-hdds/server-scm"/>
    <property name="os.arch" value="amd64"/>
    <property name="java.vm.specification.name" value="Java Virtual Machine Specification"/>
    <property name="test.build.classes" value="/home/runner/work/ozone/ozone/hadoop-hdds/server-scm/target/test-classes"/>
    <property name="java.awt.printerjob" value="sun.print.PSPrinterJob"/>
    <property name="sun.os.patch.level" value="unknown"/>
    <property name="excludedGroups" value="native"/>
    <property name="hadoop.tmp.dir" value="/home/runner/work/ozone/ozone/hadoop-hdds/server-scm/target/tmp"/>
    <property name="java.library.path" value="/usr/java/packages/lib/amd64:/usr/lib64:/lib64:/lib:/usr/lib"/>
    <property name="java.vm.info" value="mixed mode"/>
    <property name="java.vendor" value="Temurin"/>
    <property name="java.vm.version" value="25.382-b05"/>
    <property name="java.specification.maintenance.version" value="5"/>
    <property name="java.ext.dirs" value="/usr/lib/jvm/temurin-8-jdk-amd64/jre/lib/ext:/usr/java/packages/lib/ext"/>
    <property name="sun.io.unicode.encoding" value="UnicodeLittle"/>
    <property name="java.class.version" value="52.0"/>
  </properties>
  <testcase name="containerBalancerShouldObeyMaxSizeToMoveLimit" classname="org.apache.hadoop.hdds.scm.container.balancer.TestContainerBalancerTask" time="2.998">
    <system-out><![CDATA[2023-09-08 11:18:55,585 [main] INFO  net.NodeSchemaLoader (NodeSchemaLoader.java:loadSchemaFromFile(129)) - Loading schema from [file:/home/runner/work/ozone/ozone/hadoop-hdds/common/target/classes/network-topology-default.xml]
2023-09-08 11:18:55,589 [main] INFO  net.NodeSchemaLoader (NodeSchemaLoader.java:loadSchema(176)) - Loading network topology layer schema file
2023-09-08 11:18:55,825 [main] INFO  reflections.Reflections (Reflections.java:scan(232)) - Reflections took 159 ms to scan 6 urls, producing 158 keys and 369 values 
2023-09-08 11:18:55,903 [main] INFO  net.NetworkTopologyImpl (NetworkTopologyImpl.java:add(112)) - Added a new node: /default-rack/35d5416a-fdba-42c4-a322-dab442acfecb
2023-09-08 11:18:55,905 [main] INFO  net.NetworkTopologyImpl (NetworkTopologyImpl.java:add(112)) - Added a new node: /default-rack/e5723788-02d7-4175-ad10-c69f1d773231
2023-09-08 11:18:55,906 [main] INFO  net.NetworkTopologyImpl (NetworkTopologyImpl.java:add(112)) - Added a new node: /default-rack/67fe0851-a3de-41c7-b99e-631fb7840d61
2023-09-08 11:18:55,906 [main] INFO  net.NetworkTopologyImpl (NetworkTopologyImpl.java:add(112)) - Added a new node: /default-rack/f53c59ba-2111-4bc7-909e-9be50bc04d38
2023-09-08 11:18:55,907 [main] INFO  net.NetworkTopologyImpl (NetworkTopologyImpl.java:add(112)) - Added a new node: /default-rack/d2fe3057-d869-4eeb-88b0-9b175094e85c
2023-09-08 11:18:55,907 [main] INFO  net.NetworkTopologyImpl (NetworkTopologyImpl.java:add(112)) - Added a new node: /default-rack/5e8b6a38-25a6-465b-9bb6-8acc4b11892c
2023-09-08 11:18:55,907 [main] INFO  net.NetworkTopologyImpl (NetworkTopologyImpl.java:add(112)) - Added a new node: /default-rack/a6ada7e0-39dc-476f-a065-a272f23af98a
2023-09-08 11:18:55,907 [main] INFO  net.NetworkTopologyImpl (NetworkTopologyImpl.java:add(112)) - Added a new node: /default-rack/117f8ec0-1b27-4057-8aa0-ac0fba6e4355
2023-09-08 11:18:55,908 [main] INFO  net.NetworkTopologyImpl (NetworkTopologyImpl.java:add(112)) - Added a new node: /default-rack/7fb4d054-ed08-4c3f-99bd-8c5c641fa145
2023-09-08 11:18:55,908 [main] INFO  net.NetworkTopologyImpl (NetworkTopologyImpl.java:add(112)) - Added a new node: /default-rack/cc33d5a5-7ae7-42cd-b16b-f7880cd253c3
2023-09-08 11:18:55,923 [main] INFO  algorithms.ContainerPlacementPolicyFactory (ContainerPlacementPolicyFactory.java:getPolicyInternal(86)) - Create container placement policy of type org.apache.hadoop.hdds.scm.container.placement.algorithms.SCMContainerPlacementRackAware
2023-09-08 11:18:55,972 [main] INFO  algorithms.ContainerPlacementPolicyFactory (ContainerPlacementPolicyFactory.java:getPolicyInternal(86)) - Create container placement policy of type org.apache.hadoop.hdds.scm.container.placement.algorithms.SCMContainerPlacementRackScatter
2023-09-08 11:18:56,113 [main] DEBUG balancer.ContainerBalancerTask (ContainerBalancerTask.java:initializeIteration(374)) - Average utilization of the cluster is 0.36424032995253663
2023-09-08 11:18:56,113 [main] DEBUG balancer.ContainerBalancerTask (ContainerBalancerTask.java:initializeIteration(386)) - Lower limit for utilization is 0.3542403299525366 and Upper limit for utilization is 0.37424032995253664
2023-09-08 11:18:56,113 [main] DEBUG balancer.ContainerBalancerTask (ContainerBalancerTask.java:initializeIteration(398)) - Utilization for node d2fe3057-d869-4eeb-88b0-9b175094e85c with capacity 68003648853B, used 61203283968B, and remaining 6800364885B is 0.9000000000044115
2023-09-08 11:18:56,113 [main] DEBUG balancer.ContainerBalancerTask (ContainerBalancerTask.java:initializeIteration(398)) - Utilization for node a6ada7e0-39dc-476f-a065-a272f23af98a with capacity 77846282240B, used 62277025792B, and remaining 15569256448B is 0.8
2023-09-08 11:18:56,114 [main] DEBUG balancer.ContainerBalancerTask (ContainerBalancerTask.java:initializeIteration(398)) - Utilization for node 67fe0851-a3de-41c7-b99e-631fb7840d61 with capacity 82831512137B, used 57982058496B, and remaining 24849453641B is 0.7000000000012073
2023-09-08 11:18:56,114 [main] DEBUG balancer.ContainerBalancerTask (ContainerBalancerTask.java:initializeIteration(398)) - Utilization for node f53c59ba-2111-4bc7-909e-9be50bc04d38 with capacity 60845370026B, used 36507222016B, and remaining 24338148010B is 0.600000000006574
2023-09-08 11:18:56,114 [main] DEBUG balancer.ContainerBalancerTask (ContainerBalancerTask.java:initializeIteration(398)) - Utilization for node cc33d5a5-7ae7-42cd-b16b-f7880cd253c3 with capacity 100931731456B, used 50465865728B, and remaining 50465865728B is 0.5
2023-09-08 11:18:56,114 [main] DEBUG balancer.ContainerBalancerTask (ContainerBalancerTask.java:initializeIteration(398)) - Utilization for node 7fb4d054-ed08-4c3f-99bd-8c5c641fa145 with capacity 112742891520B, used 45097156608B, and remaining 67645734912B is 0.4
2023-09-08 11:18:56,114 [main] DEBUG balancer.ContainerBalancerTask (ContainerBalancerTask.java:initializeIteration(398)) - Utilization for node 117f8ec0-1b27-4057-8aa0-ac0fba6e4355 with capacity 143165576533B, used 42949672960B, and remaining 100215903573B is 0.3000000000006985
2023-09-08 11:18:56,115 [main] DEBUG balancer.ContainerBalancerTask (ContainerBalancerTask.java:initializeIteration(398)) - Utilization for node 35d5416a-fdba-42c4-a322-dab442acfecb with capacity 150323855360B, used 30064771072B, and remaining 120259084288B is 0.2
2023-09-08 11:18:56,115 [main] DEBUG balancer.ContainerBalancerTask (ContainerBalancerTask.java:initializeIteration(398)) - Utilization for node 5e8b6a38-25a6-465b-9bb6-8acc4b11892c with capacity 311385128960B, used 31138512896B, and remaining 280246616064B is 0.1
2023-09-08 11:18:56,115 [main] DEBUG balancer.ContainerBalancerTask (ContainerBalancerTask.java:initializeIteration(398)) - Utilization for node e5723788-02d7-4175-ad10-c69f1d773231 with capacity 38654705664B, used 0B, and remaining 38654705664B is 0.0
2023-09-08 11:18:56,120 [main] INFO  balancer.ContainerBalancerTask (ContainerBalancerTask.java:initializeIteration(447)) - Container Balancer has identified 6 Over-Utilized and 4 Under-Utilized Datanodes that need to be balanced.
2023-09-08 11:18:56,120 [main] DEBUG balancer.ContainerBalancerTask (ContainerBalancerTask.java:lambda$initializeIteration$1(453)) - Datanode localhost-139.14.148.61 d2fe3057-d869-4eeb-88b0-9b175094e85c is Over-Utilized.
2023-09-08 11:18:56,121 [main] DEBUG balancer.ContainerBalancerTask (ContainerBalancerTask.java:lambda$initializeIteration$1(453)) - Datanode localhost-39.251.197.189 a6ada7e0-39dc-476f-a065-a272f23af98a is Over-Utilized.
2023-09-08 11:18:56,122 [main] DEBUG balancer.ContainerBalancerTask (ContainerBalancerTask.java:lambda$initializeIteration$1(453)) - Datanode localhost-2.54.36.175 67fe0851-a3de-41c7-b99e-631fb7840d61 is Over-Utilized.
2023-09-08 11:18:56,122 [main] DEBUG balancer.ContainerBalancerTask (ContainerBalancerTask.java:lambda$initializeIteration$1(453)) - Datanode localhost-109.108.114.174 f53c59ba-2111-4bc7-909e-9be50bc04d38 is Over-Utilized.
2023-09-08 11:18:56,123 [main] DEBUG balancer.ContainerBalancerTask (ContainerBalancerTask.java:lambda$initializeIteration$1(453)) - Datanode localhost-147.228.14.154 cc33d5a5-7ae7-42cd-b16b-f7880cd253c3 is Over-Utilized.
2023-09-08 11:18:56,123 [main] DEBUG balancer.ContainerBalancerTask (ContainerBalancerTask.java:lambda$initializeIteration$1(453)) - Datanode localhost-255.77.55.145 7fb4d054-ed08-4c3f-99bd-8c5c641fa145 is Over-Utilized.
2023-09-08 11:18:56,123 [main] DEBUG balancer.ContainerBalancerTask (ContainerBalancerTask.java:lambda$initializeIteration$2(459)) - Datanode localhost-103.235.218.101 e5723788-02d7-4175-ad10-c69f1d773231 is Under-Utilized.
2023-09-08 11:18:56,124 [main] DEBUG balancer.ContainerBalancerTask (ContainerBalancerTask.java:lambda$initializeIteration$2(459)) - Datanode localhost-219.90.92.88 5e8b6a38-25a6-465b-9bb6-8acc4b11892c is Under-Utilized.
2023-09-08 11:18:56,124 [main] DEBUG balancer.ContainerBalancerTask (ContainerBalancerTask.java:lambda$initializeIteration$2(459)) - Datanode localhost-154.110.187.65 35d5416a-fdba-42c4-a322-dab442acfecb is Under-Utilized.
2023-09-08 11:18:56,124 [main] DEBUG balancer.ContainerBalancerTask (ContainerBalancerTask.java:lambda$initializeIteration$2(459)) - Datanode localhost-225.135.167.141 117f8ec0-1b27-4057-8aa0-ac0fba6e4355 is Under-Utilized.
2023-09-08 11:18:56,160 [main] DEBUG balancer.ContainerBalancerTask (ContainerBalancerTask.java:matchSourceWithTarget(708)) - ContainerBalancer is finding suitable target for source datanode d2fe3057-d869-4eeb-88b0-9b175094e85c
2023-09-08 11:18:56,163 [main] INFO  balancer.ContainerBalancerTask (ContainerBalancerTask.java:matchSourceWithTarget(722)) - ContainerBalancer matched source datanode d2fe3057-d869-4eeb-88b0-9b175094e85c with target datanode e5723788-02d7-4175-ad10-c69f1d773231 for container move.
2023-09-08 11:18:56,164 [main] INFO  balancer.ContainerBalancerTask (ContainerBalancerTask.java:processMoveSelection(569)) - ContainerBalancer is trying to move container #85 with size 5368709120B from source datanode d2fe3057-d869-4eeb-88b0-9b175094e85c to target datanode e5723788-02d7-4175-ad10-c69f1d773231
2023-09-08 11:18:56,165 [main] DEBUG balancer.ContainerBalancerTask (ContainerBalancerTask.java:lambda$moveContainer$3(837)) - Container move completed for container #85 from source d2fe3057-d869-4eeb-88b0-9b175094e85c to target e5723788-02d7-4175-ad10-c69f1d773231
2023-09-08 11:18:56,186 [main] DEBUG balancer.ContainerBalancerTask (ContainerBalancerTask.java:matchSourceWithTarget(708)) - ContainerBalancer is finding suitable target for source datanode d2fe3057-d869-4eeb-88b0-9b175094e85c
2023-09-08 11:18:56,186 [main] INFO  balancer.ContainerBalancerTask (ContainerBalancerTask.java:matchSourceWithTarget(722)) - ContainerBalancer matched source datanode d2fe3057-d869-4eeb-88b0-9b175094e85c with target datanode 5e8b6a38-25a6-465b-9bb6-8acc4b11892c for container move.
2023-09-08 11:18:56,187 [main] INFO  balancer.ContainerBalancerTask (ContainerBalancerTask.java:processMoveSelection(569)) - ContainerBalancer is trying to move container #89 with size 4294967296B from source datanode d2fe3057-d869-4eeb-88b0-9b175094e85c to target datanode 5e8b6a38-25a6-465b-9bb6-8acc4b11892c
2023-09-08 11:18:56,189 [main] DEBUG balancer.ContainerBalancerTask (ContainerBalancerTask.java:lambda$moveContainer$3(837)) - Container move completed for container #89 from source d2fe3057-d869-4eeb-88b0-9b175094e85c to target 5e8b6a38-25a6-465b-9bb6-8acc4b11892c
2023-09-08 11:18:56,194 [main] DEBUG balancer.ContainerBalancerTask (ContainerBalancerTask.java:matchSourceWithTarget(708)) - ContainerBalancer is finding suitable target for source datanode a6ada7e0-39dc-476f-a065-a272f23af98a
2023-09-08 11:18:56,195 [main] INFO  balancer.ContainerBalancerTask (ContainerBalancerTask.java:matchSourceWithTarget(722)) - ContainerBalancer matched source datanode a6ada7e0-39dc-476f-a065-a272f23af98a with target datanode 5e8b6a38-25a6-465b-9bb6-8acc4b11892c for container move.
2023-09-08 11:18:56,195 [main] INFO  balancer.ContainerBalancerTask (ContainerBalancerTask.java:processMoveSelection(569)) - ContainerBalancer is trying to move container #81 with size 1073741824B from source datanode a6ada7e0-39dc-476f-a065-a272f23af98a to target datanode 5e8b6a38-25a6-465b-9bb6-8acc4b11892c
2023-09-08 11:18:56,201 [main] DEBUG balancer.ContainerBalancerTask (ContainerBalancerTask.java:lambda$moveContainer$3(837)) - Container move completed for container #81 from source a6ada7e0-39dc-476f-a065-a272f23af98a to target 5e8b6a38-25a6-465b-9bb6-8acc4b11892c
2023-09-08 11:18:56,202 [main] WARN  balancer.ContainerBalancerTask (ContainerBalancerTask.java:reachedMaxSizeToMovePerIteration(733)) - Reached max size to move limit. 10737418240 bytes have already been scheduled for balancing and the limit is 10737418240 bytes.
2023-09-08 11:18:56,207 [main] INFO  balancer.ContainerBalancerTask (ContainerBalancerTask.java:checkIterationMoveResults(642)) - Iteration Summary. Number of Datanodes involved: 4. Size moved: 10 GB (10737418240 Bytes). Number of Container moves completed: 3.
2023-09-08 11:18:56,208 [main] INFO  balancer.ContainerBalancerTask (ContainerBalancerTask.java:balance(259)) - Result of this iteration of Container Balancer: ITERATION_COMPLETED
2023-09-08 11:18:56,217 [main] INFO  balancer.ContainerBalancerTask (ContainerBalancerTask.java:tryStopWithSaveConfiguration(308)) - Save Configuration for stopping. Reason: Completed all iterations.
]]></system-out>
  </testcase>
  <testcase name="balancerShouldFollowExcludeAndIncludeDatanodesConfigurations" classname="org.apache.hadoop.hdds.scm.container.balancer.TestContainerBalancerTask" time="0.1">
    <system-out><![CDATA[2023-09-08 11:18:56,309 [main] INFO  net.NodeSchemaLoader (NodeSchemaLoader.java:loadSchemaFromFile(129)) - Loading schema from [file:/home/runner/work/ozone/ozone/hadoop-hdds/common/target/classes/network-topology-default.xml]
2023-09-08 11:18:56,310 [main] INFO  net.NodeSchemaLoader (NodeSchemaLoader.java:loadSchema(176)) - Loading network topology layer schema file
2023-09-08 11:18:56,312 [main] INFO  net.NetworkTopologyImpl (NetworkTopologyImpl.java:add(112)) - Added a new node: /default-rack/d42b6db5-150c-4173-b479-67e30746d15d
2023-09-08 11:18:56,312 [main] INFO  net.NetworkTopologyImpl (NetworkTopologyImpl.java:add(112)) - Added a new node: /default-rack/9cbcd88a-0581-40be-9cf2-81cdeb109b76
2023-09-08 11:18:56,313 [main] INFO  net.NetworkTopologyImpl (NetworkTopologyImpl.java:add(112)) - Added a new node: /default-rack/0662df9a-9b31-47a7-8907-1e4a34448c85
2023-09-08 11:18:56,313 [main] INFO  net.NetworkTopologyImpl (NetworkTopologyImpl.java:add(112)) - Added a new node: /default-rack/98b620ec-c2f8-4909-98bf-b2e5d58ac94f
2023-09-08 11:18:56,313 [main] INFO  net.NetworkTopologyImpl (NetworkTopologyImpl.java:add(112)) - Added a new node: /default-rack/53986f88-ad77-407c-bdb9-d2b42b014933
2023-09-08 11:18:56,313 [main] INFO  net.NetworkTopologyImpl (NetworkTopologyImpl.java:add(112)) - Added a new node: /default-rack/b6128998-8723-4a9c-a404-82d571c5e517
2023-09-08 11:18:56,313 [main] INFO  net.NetworkTopologyImpl (NetworkTopologyImpl.java:add(112)) - Added a new node: /default-rack/589e269a-965c-44ca-9f55-e1239fe68ade
2023-09-08 11:18:56,314 [main] INFO  net.NetworkTopologyImpl (NetworkTopologyImpl.java:add(112)) - Added a new node: /default-rack/960838f0-1ab7-42c6-8ff9-7a768afb60d0
2023-09-08 11:18:56,314 [main] INFO  net.NetworkTopologyImpl (NetworkTopologyImpl.java:add(112)) - Added a new node: /default-rack/7c61d124-96b8-4f7a-bae8-4c96810a563d
2023-09-08 11:18:56,314 [main] INFO  net.NetworkTopologyImpl (NetworkTopologyImpl.java:add(112)) - Added a new node: /default-rack/c2c89c1a-c179-4ce5-b2fe-968c8f0acd09
2023-09-08 11:18:56,314 [main] INFO  algorithms.ContainerPlacementPolicyFactory (ContainerPlacementPolicyFactory.java:getPolicyInternal(86)) - Create container placement policy of type org.apache.hadoop.hdds.scm.container.placement.algorithms.SCMContainerPlacementRackAware
2023-09-08 11:18:56,314 [main] INFO  algorithms.ContainerPlacementPolicyFactory (ContainerPlacementPolicyFactory.java:getPolicyInternal(86)) - Create container placement policy of type org.apache.hadoop.hdds.scm.container.placement.algorithms.SCMContainerPlacementRackScatter
2023-09-08 11:18:56,319 [main] DEBUG balancer.ContainerBalancerTask (ContainerBalancerTask.java:initializeIteration(374)) - Average utilization of the cluster is 0.20518134715025907
2023-09-08 11:18:56,320 [main] DEBUG balancer.ContainerBalancerTask (ContainerBalancerTask.java:initializeIteration(386)) - Lower limit for utilization is 0.10518134715025906 and Upper limit for utilization is 0.3051813471502591
2023-09-08 11:18:56,320 [main] DEBUG balancer.ContainerBalancerTask (ContainerBalancerTask.java:initializeIteration(398)) - Utilization for node c2c89c1a-c179-4ce5-b2fe-968c8f0acd09 with capacity 77846282240B, used 62277025792B, and remaining 15569256448B is 0.8
2023-09-08 11:18:56,320 [main] DEBUG balancer.ContainerBalancerTask (ContainerBalancerTask.java:initializeIteration(398)) - Utilization for node b6128998-8723-4a9c-a404-82d571c5e517 with capacity 440234147840B, used 44023414784B, and remaining 396210733056B is 0.1
2023-09-08 11:18:56,320 [main] INFO  balancer.ContainerBalancerTask (ContainerBalancerTask.java:initializeIteration(447)) - Container Balancer has identified 1 Over-Utilized and 1 Under-Utilized Datanodes that need to be balanced.
2023-09-08 11:18:56,320 [main] DEBUG balancer.ContainerBalancerTask (ContainerBalancerTask.java:lambda$initializeIteration$1(453)) - Datanode localhost-6.101.239.129 c2c89c1a-c179-4ce5-b2fe-968c8f0acd09 is Over-Utilized.
2023-09-08 11:18:56,320 [main] DEBUG balancer.ContainerBalancerTask (ContainerBalancerTask.java:lambda$initializeIteration$2(459)) - Datanode localhost-146.134.69.40 b6128998-8723-4a9c-a404-82d571c5e517 is Under-Utilized.
2023-09-08 11:18:56,330 [main] DEBUG balancer.ContainerBalancerTask (ContainerBalancerTask.java:matchSourceWithTarget(708)) - ContainerBalancer is finding suitable target for source datanode c2c89c1a-c179-4ce5-b2fe-968c8f0acd09
2023-09-08 11:18:56,330 [main] INFO  balancer.ContainerBalancerTask (ContainerBalancerTask.java:matchSourceWithTarget(722)) - ContainerBalancer matched source datanode c2c89c1a-c179-4ce5-b2fe-968c8f0acd09 with target datanode b6128998-8723-4a9c-a404-82d571c5e517 for container move.
2023-09-08 11:18:56,330 [main] INFO  balancer.ContainerBalancerTask (ContainerBalancerTask.java:processMoveSelection(569)) - ContainerBalancer is trying to move container #68 with size 5368709120B from source datanode c2c89c1a-c179-4ce5-b2fe-968c8f0acd09 to target datanode b6128998-8723-4a9c-a404-82d571c5e517
2023-09-08 11:18:56,331 [main] DEBUG balancer.ContainerBalancerTask (ContainerBalancerTask.java:lambda$moveContainer$3(837)) - Container move completed for container #68 from source c2c89c1a-c179-4ce5-b2fe-968c8f0acd09 to target b6128998-8723-4a9c-a404-82d571c5e517
2023-09-08 11:18:56,331 [main] DEBUG balancer.ContainerBalancerTask (ContainerBalancerTask.java:adaptOnReachingIterationLimits(782)) - Reached max datanodes to involve limit. 2 datanodes have already been selected for balancing and the limit is 2. Only already selected sources and targets can be involved in balancing now.
2023-09-08 11:18:56,338 [main] DEBUG balancer.ContainerBalancerTask (ContainerBalancerTask.java:matchSourceWithTarget(708)) - ContainerBalancer is finding suitable target for source datanode c2c89c1a-c179-4ce5-b2fe-968c8f0acd09
2023-09-08 11:18:56,338 [main] INFO  balancer.ContainerBalancerTask (ContainerBalancerTask.java:matchSourceWithTarget(722)) - ContainerBalancer matched source datanode c2c89c1a-c179-4ce5-b2fe-968c8f0acd09 with target datanode b6128998-8723-4a9c-a404-82d571c5e517 for container move.
2023-09-08 11:18:56,338 [main] INFO  balancer.ContainerBalancerTask (ContainerBalancerTask.java:processMoveSelection(569)) - ContainerBalancer is trying to move container #53 with size 5368709120B from source datanode c2c89c1a-c179-4ce5-b2fe-968c8f0acd09 to target datanode b6128998-8723-4a9c-a404-82d571c5e517
2023-09-08 11:18:56,341 [main] DEBUG balancer.ContainerBalancerTask (ContainerBalancerTask.java:lambda$moveContainer$3(837)) - Container move completed for container #53 from source c2c89c1a-c179-4ce5-b2fe-968c8f0acd09 to target b6128998-8723-4a9c-a404-82d571c5e517
2023-09-08 11:18:56,347 [main] DEBUG balancer.ContainerBalancerTask (ContainerBalancerTask.java:matchSourceWithTarget(708)) - ContainerBalancer is finding suitable target for source datanode c2c89c1a-c179-4ce5-b2fe-968c8f0acd09
2023-09-08 11:18:56,347 [main] INFO  balancer.FindTargetGreedyByUsageInfo (AbstractFindTargetGreedy.java:findTargetForContainerMove(133)) - Container Balancer could not find a target for source datanode c2c89c1a-c179-4ce5-b2fe-968c8f0acd09
2023-09-08 11:18:56,348 [main] DEBUG balancer.ContainerBalancerTask (ContainerBalancerTask.java:matchSourceWithTarget(717)) - ContainerBalancer could not find a suitable target for source node c2c89c1a-c179-4ce5-b2fe-968c8f0acd09.
2023-09-08 11:18:56,349 [main] INFO  balancer.FindSourceGreedy (FindSourceGreedy.java:getNextCandidateSourceDataNode(126)) - no more candidate source data node
2023-09-08 11:18:56,349 [main] INFO  balancer.ContainerBalancerTask (ContainerBalancerTask.java:checkIterationMoveResults(642)) - Iteration Summary. Number of Datanodes involved: 2. Size moved: 10 GB (10737418240 Bytes). Number of Container moves completed: 2.
2023-09-08 11:18:56,349 [main] INFO  balancer.ContainerBalancerTask (ContainerBalancerTask.java:balance(259)) - Result of this iteration of Container Balancer: ITERATION_COMPLETED
2023-09-08 11:18:56,350 [main] INFO  balancer.ContainerBalancerTask (ContainerBalancerTask.java:tryStopWithSaveConfiguration(308)) - Save Configuration for stopping. Reason: Completed all iterations.
]]></system-out>
  </testcase>
  <testcase name="unBalancedNodesListShouldBeEmptyWhenClusterIsBalanced" classname="org.apache.hadoop.hdds.scm.container.balancer.TestContainerBalancerTask" time="0.079">
    <system-out><![CDATA[2023-09-08 11:18:56,409 [main] INFO  net.NodeSchemaLoader (NodeSchemaLoader.java:loadSchemaFromFile(129)) - Loading schema from [file:/home/runner/work/ozone/ozone/hadoop-hdds/common/target/classes/network-topology-default.xml]
2023-09-08 11:18:56,409 [main] INFO  net.NodeSchemaLoader (NodeSchemaLoader.java:loadSchema(176)) - Loading network topology layer schema file
2023-09-08 11:18:56,417 [main] INFO  net.NetworkTopologyImpl (NetworkTopologyImpl.java:add(112)) - Added a new node: /default-rack/e81b29cb-d2fe-4a4c-9962-736718461852
2023-09-08 11:18:56,417 [main] INFO  net.NetworkTopologyImpl (NetworkTopologyImpl.java:add(112)) - Added a new node: /default-rack/73ec8249-990c-42ad-8b86-2588583a50b3
2023-09-08 11:18:56,418 [main] INFO  net.NetworkTopologyImpl (NetworkTopologyImpl.java:add(112)) - Added a new node: /default-rack/b45652fd-27e5-4e39-8be8-558e19f24446
2023-09-08 11:18:56,418 [main] INFO  net.NetworkTopologyImpl (NetworkTopologyImpl.java:add(112)) - Added a new node: /default-rack/7208befb-234e-4e3b-a36d-5ef8d51895ee
2023-09-08 11:18:56,418 [main] INFO  net.NetworkTopologyImpl (NetworkTopologyImpl.java:add(112)) - Added a new node: /default-rack/f849851b-bb26-4cd3-a297-aae6a9db5d45
2023-09-08 11:18:56,418 [main] INFO  net.NetworkTopologyImpl (NetworkTopologyImpl.java:add(112)) - Added a new node: /default-rack/dd569b39-d125-4504-82c8-67ebda87f862
2023-09-08 11:18:56,418 [main] INFO  net.NetworkTopologyImpl (NetworkTopologyImpl.java:add(112)) - Added a new node: /default-rack/676bcd4f-7372-40cd-8d3d-4831184cc072
2023-09-08 11:18:56,418 [main] INFO  net.NetworkTopologyImpl (NetworkTopologyImpl.java:add(112)) - Added a new node: /default-rack/c86b9509-1114-4d3c-b472-cae101d4d637
2023-09-08 11:18:56,419 [main] INFO  net.NetworkTopologyImpl (NetworkTopologyImpl.java:add(112)) - Added a new node: /default-rack/351b6f2c-cbeb-4a0e-9607-2c4c06ee825d
2023-09-08 11:18:56,419 [main] INFO  net.NetworkTopologyImpl (NetworkTopologyImpl.java:add(112)) - Added a new node: /default-rack/e1184a18-b9cc-49c5-a4f8-1dc56194accd
2023-09-08 11:18:56,419 [main] INFO  algorithms.ContainerPlacementPolicyFactory (ContainerPlacementPolicyFactory.java:getPolicyInternal(86)) - Create container placement policy of type org.apache.hadoop.hdds.scm.container.placement.algorithms.SCMContainerPlacementRackAware
2023-09-08 11:18:56,420 [main] INFO  algorithms.ContainerPlacementPolicyFactory (ContainerPlacementPolicyFactory.java:getPolicyInternal(86)) - Create container placement policy of type org.apache.hadoop.hdds.scm.container.placement.algorithms.SCMContainerPlacementRackScatter
2023-09-08 11:18:56,428 [main] DEBUG balancer.ContainerBalancerTask (ContainerBalancerTask.java:initializeIteration(374)) - Average utilization of the cluster is 0.3934352221966827
2023-09-08 11:18:56,429 [main] DEBUG balancer.ContainerBalancerTask (ContainerBalancerTask.java:initializeIteration(386)) - Lower limit for utilization is -0.6064647778033172 and Upper limit for utilization is 1.3933352221966826
2023-09-08 11:18:56,429 [main] DEBUG balancer.ContainerBalancerTask (ContainerBalancerTask.java:initializeIteration(398)) - Utilization for node dd569b39-d125-4504-82c8-67ebda87f862 with capacity 69196695324B, used 62277025792B, and remaining 6919669532B is 0.9000000000057806
2023-09-08 11:18:56,430 [main] DEBUG balancer.ContainerBalancerTask (ContainerBalancerTask.java:initializeIteration(398)) - Utilization for node 7208befb-234e-4e3b-a36d-5ef8d51895ee with capacity 42949672960B, used 34359738368B, and remaining 8589934592B is 0.8
2023-09-08 11:18:56,431 [main] DEBUG balancer.ContainerBalancerTask (ContainerBalancerTask.java:initializeIteration(398)) - Utilization for node 73ec8249-990c-42ad-8b86-2588583a50b3 with capacity 73628010788B, used 51539607552B, and remaining 22088403236B is 0.7000000000054327
2023-09-08 11:18:56,431 [main] DEBUG balancer.ContainerBalancerTask (ContainerBalancerTask.java:initializeIteration(398)) - Utilization for node e81b29cb-d2fe-4a4c-9962-736718461852 with capacity 80530636800B, used 48318382080B, and remaining 32212254720B is 0.6
2023-09-08 11:18:56,431 [main] DEBUG balancer.ContainerBalancerTask (ContainerBalancerTask.java:initializeIteration(398)) - Utilization for node 351b6f2c-cbeb-4a0e-9607-2c4c06ee825d with capacity 109521666048B, used 54760833024B, and remaining 54760833024B is 0.5
2023-09-08 11:18:56,432 [main] DEBUG balancer.ContainerBalancerTask (ContainerBalancerTask.java:initializeIteration(398)) - Utilization for node c86b9509-1114-4d3c-b472-cae101d4d637 with capacity 77846282240B, used 31138512896B, and remaining 46707769344B is 0.4
2023-09-08 11:18:56,432 [main] DEBUG balancer.ContainerBalancerTask (ContainerBalancerTask.java:initializeIteration(398)) - Utilization for node b45652fd-27e5-4e39-8be8-558e19f24446 with capacity 110953321813B, used 33285996544B, and remaining 77667325269B is 0.30000000000090127
2023-09-08 11:18:56,433 [main] DEBUG balancer.ContainerBalancerTask (ContainerBalancerTask.java:initializeIteration(398)) - Utilization for node 676bcd4f-7372-40cd-8d3d-4831184cc072 with capacity 102005473280B, used 20401094656B, and remaining 81604378624B is 0.2
2023-09-08 11:18:56,433 [main] DEBUG balancer.ContainerBalancerTask (ContainerBalancerTask.java:initializeIteration(398)) - Utilization for node e1184a18-b9cc-49c5-a4f8-1dc56194accd with capacity 204010946560B, used 20401094656B, and remaining 183609851904B is 0.1
2023-09-08 11:18:56,433 [main] DEBUG balancer.ContainerBalancerTask (ContainerBalancerTask.java:initializeIteration(398)) - Utilization for node f849851b-bb26-4cd3-a297-aae6a9db5d45 with capacity 35433480192B, used 0B, and remaining 35433480192B is 0.0
2023-09-08 11:18:56,433 [main] INFO  balancer.ContainerBalancerTask (ContainerBalancerTask.java:initializeIteration(443)) - Did not find any unbalanced Datanodes.
2023-09-08 11:18:56,434 [main] INFO  balancer.ContainerBalancerTask (ContainerBalancerTask.java:tryStopWithSaveConfiguration(308)) - Save Configuration for stopping. Reason: Could not initialize ContainerBalancer's iteration number 0
]]></system-out>
  </testcase>
  <testcase name="containerMoveSelectionShouldFollowPlacementPolicy" classname="org.apache.hadoop.hdds.scm.container.balancer.TestContainerBalancerTask" time="0.129">
    <system-out><![CDATA[2023-09-08 11:18:56,483 [main] INFO  net.NodeSchemaLoader (NodeSchemaLoader.java:loadSchemaFromFile(129)) - Loading schema from [file:/home/runner/work/ozone/ozone/hadoop-hdds/common/target/classes/network-topology-default.xml]
2023-09-08 11:18:56,484 [main] INFO  net.NodeSchemaLoader (NodeSchemaLoader.java:loadSchema(176)) - Loading network topology layer schema file
2023-09-08 11:18:56,488 [main] INFO  net.NetworkTopologyImpl (NetworkTopologyImpl.java:add(112)) - Added a new node: /default-rack/e4c36573-9185-4fb0-bb7e-e59f9da85d8d
2023-09-08 11:18:56,488 [main] INFO  net.NetworkTopologyImpl (NetworkTopologyImpl.java:add(112)) - Added a new node: /default-rack/9fbe642a-3a8b-45a4-bb6b-326e4cb87ea7
2023-09-08 11:18:56,488 [main] INFO  net.NetworkTopologyImpl (NetworkTopologyImpl.java:add(112)) - Added a new node: /default-rack/78004284-1452-4004-8c30-a8ff5af08b88
2023-09-08 11:18:56,489 [main] INFO  net.NetworkTopologyImpl (NetworkTopologyImpl.java:add(112)) - Added a new node: /default-rack/88ad0b48-b546-4907-9317-94571b3cc15e
2023-09-08 11:18:56,489 [main] INFO  net.NetworkTopologyImpl (NetworkTopologyImpl.java:add(112)) - Added a new node: /default-rack/08d4d272-31a1-4d50-99de-46cdd75cacef
2023-09-08 11:18:56,489 [main] INFO  net.NetworkTopologyImpl (NetworkTopologyImpl.java:add(112)) - Added a new node: /default-rack/3f41aa2a-76a6-4bb4-9825-9d708f0f2314
2023-09-08 11:18:56,489 [main] INFO  net.NetworkTopologyImpl (NetworkTopologyImpl.java:add(112)) - Added a new node: /default-rack/b12663e7-7866-4f73-a356-de6a89418ca0
2023-09-08 11:18:56,490 [main] INFO  net.NetworkTopologyImpl (NetworkTopologyImpl.java:add(112)) - Added a new node: /default-rack/efbce4d2-35de-4fb5-a307-ac95590ff313
2023-09-08 11:18:56,491 [main] INFO  net.NetworkTopologyImpl (NetworkTopologyImpl.java:add(112)) - Added a new node: /default-rack/2abca31a-4b3d-4ded-8caf-10122b25c152
2023-09-08 11:18:56,491 [main] INFO  net.NetworkTopologyImpl (NetworkTopologyImpl.java:add(112)) - Added a new node: /default-rack/78de351f-b737-42de-b32d-775093609f7b
2023-09-08 11:18:56,491 [main] INFO  algorithms.ContainerPlacementPolicyFactory (ContainerPlacementPolicyFactory.java:getPolicyInternal(86)) - Create container placement policy of type org.apache.hadoop.hdds.scm.container.placement.algorithms.SCMContainerPlacementRackAware
2023-09-08 11:18:56,491 [main] INFO  algorithms.ContainerPlacementPolicyFactory (ContainerPlacementPolicyFactory.java:getPolicyInternal(86)) - Create container placement policy of type org.apache.hadoop.hdds.scm.container.placement.algorithms.SCMContainerPlacementRackScatter
2023-09-08 11:18:56,498 [main] DEBUG balancer.ContainerBalancerTask (ContainerBalancerTask.java:initializeIteration(374)) - Average utilization of the cluster is 0.356985164253061
2023-09-08 11:18:56,498 [main] DEBUG balancer.ContainerBalancerTask (ContainerBalancerTask.java:initializeIteration(386)) - Lower limit for utilization is 0.25698516425306095 and Upper limit for utilization is 0.456985164253061
2023-09-08 11:18:56,498 [main] DEBUG balancer.ContainerBalancerTask (ContainerBalancerTask.java:initializeIteration(398)) - Utilization for node 3f41aa2a-76a6-4bb4-9825-9d708f0f2314 with capacity 64424509440B, used 57982058496B, and remaining 6442450944B is 0.9
2023-09-08 11:18:56,499 [main] DEBUG balancer.ContainerBalancerTask (ContainerBalancerTask.java:initializeIteration(398)) - Utilization for node 08d4d272-31a1-4d50-99de-46cdd75cacef with capacity 59055800320B, used 47244640256B, and remaining 11811160064B is 0.8
2023-09-08 11:18:56,500 [main] DEBUG balancer.ContainerBalancerTask (ContainerBalancerTask.java:initializeIteration(398)) - Utilization for node 78004284-1452-4004-8c30-a8ff5af08b88 with capacity 72094093897B, used 50465865728B, and remaining 21628228169B is 0.7000000000013871
2023-09-08 11:18:56,501 [main] DEBUG balancer.ContainerBalancerTask (ContainerBalancerTask.java:initializeIteration(398)) - Utilization for node 9fbe642a-3a8b-45a4-bb6b-326e4cb87ea7 with capacity 94847194453B, used 56908316672B, and remaining 37938877781B is 0.6000000000021086
2023-09-08 11:18:56,501 [main] DEBUG balancer.ContainerBalancerTask (ContainerBalancerTask.java:initializeIteration(398)) - Utilization for node b12663e7-7866-4f73-a356-de6a89418ca0 with capacity 122406567936B, used 61203283968B, and remaining 61203283968B is 0.5
2023-09-08 11:18:56,501 [main] DEBUG balancer.ContainerBalancerTask (ContainerBalancerTask.java:initializeIteration(398)) - Utilization for node 88ad0b48-b546-4907-9317-94571b3cc15e with capacity 96636764160B, used 38654705664B, and remaining 57982058496B is 0.4
2023-09-08 11:18:56,501 [main] DEBUG balancer.ContainerBalancerTask (ContainerBalancerTask.java:initializeIteration(398)) - Utilization for node efbce4d2-35de-4fb5-a307-ac95590ff313 with capacity 128849018880B, used 38654705664B, and remaining 90194313216B is 0.3
2023-09-08 11:18:56,501 [main] DEBUG balancer.ContainerBalancerTask (ContainerBalancerTask.java:initializeIteration(398)) - Utilization for node 78de351f-b737-42de-b32d-775093609f7b with capacity 134217728000B, used 26843545600B, and remaining 107374182400B is 0.2
2023-09-08 11:18:56,501 [main] DEBUG balancer.ContainerBalancerTask (ContainerBalancerTask.java:initializeIteration(398)) - Utilization for node 2abca31a-4b3d-4ded-8caf-10122b25c152 with capacity 354334801920B, used 35433480192B, and remaining 318901321728B is 0.1
2023-09-08 11:18:56,503 [main] DEBUG balancer.ContainerBalancerTask (ContainerBalancerTask.java:initializeIteration(398)) - Utilization for node e4c36573-9185-4fb0-bb7e-e59f9da85d8d with capacity 31138512896B, used 0B, and remaining 31138512896B is 0.0
2023-09-08 11:18:56,503 [main] INFO  balancer.ContainerBalancerTask (ContainerBalancerTask.java:initializeIteration(447)) - Container Balancer has identified 5 Over-Utilized and 3 Under-Utilized Datanodes that need to be balanced.
2023-09-08 11:18:56,503 [main] DEBUG balancer.ContainerBalancerTask (ContainerBalancerTask.java:lambda$initializeIteration$1(453)) - Datanode localhost-75.243.52.62 3f41aa2a-76a6-4bb4-9825-9d708f0f2314 is Over-Utilized.
2023-09-08 11:18:56,503 [main] DEBUG balancer.ContainerBalancerTask (ContainerBalancerTask.java:lambda$initializeIteration$1(453)) - Datanode localhost-221.166.90.91 08d4d272-31a1-4d50-99de-46cdd75cacef is Over-Utilized.
2023-09-08 11:18:56,503 [main] DEBUG balancer.ContainerBalancerTask (ContainerBalancerTask.java:lambda$initializeIteration$1(453)) - Datanode localhost-248.206.179.168 78004284-1452-4004-8c30-a8ff5af08b88 is Over-Utilized.
2023-09-08 11:18:56,504 [main] DEBUG balancer.ContainerBalancerTask (ContainerBalancerTask.java:lambda$initializeIteration$1(453)) - Datanode localhost-30.15.67.104 9fbe642a-3a8b-45a4-bb6b-326e4cb87ea7 is Over-Utilized.
2023-09-08 11:18:56,504 [main] DEBUG balancer.ContainerBalancerTask (ContainerBalancerTask.java:lambda$initializeIteration$1(453)) - Datanode localhost-241.4.211.219 b12663e7-7866-4f73-a356-de6a89418ca0 is Over-Utilized.
2023-09-08 11:18:56,504 [main] DEBUG balancer.ContainerBalancerTask (ContainerBalancerTask.java:lambda$initializeIteration$2(459)) - Datanode localhost-41.102.168.191 e4c36573-9185-4fb0-bb7e-e59f9da85d8d is Under-Utilized.
2023-09-08 11:18:56,504 [main] DEBUG balancer.ContainerBalancerTask (ContainerBalancerTask.java:lambda$initializeIteration$2(459)) - Datanode localhost-172.206.104.242 2abca31a-4b3d-4ded-8caf-10122b25c152 is Under-Utilized.
2023-09-08 11:18:56,504 [main] DEBUG balancer.ContainerBalancerTask (ContainerBalancerTask.java:lambda$initializeIteration$2(459)) - Datanode localhost-214.161.227.73 78de351f-b737-42de-b32d-775093609f7b is Under-Utilized.
2023-09-08 11:18:56,509 [main] DEBUG balancer.ContainerBalancerTask (ContainerBalancerTask.java:matchSourceWithTarget(708)) - ContainerBalancer is finding suitable target for source datanode 3f41aa2a-76a6-4bb4-9825-9d708f0f2314
2023-09-08 11:18:56,509 [main] INFO  balancer.ContainerBalancerTask (ContainerBalancerTask.java:matchSourceWithTarget(722)) - ContainerBalancer matched source datanode 3f41aa2a-76a6-4bb4-9825-9d708f0f2314 with target datanode e4c36573-9185-4fb0-bb7e-e59f9da85d8d for container move.
2023-09-08 11:18:56,509 [main] INFO  balancer.ContainerBalancerTask (ContainerBalancerTask.java:processMoveSelection(569)) - ContainerBalancer is trying to move container #85 with size 5368709120B from source datanode 3f41aa2a-76a6-4bb4-9825-9d708f0f2314 to target datanode e4c36573-9185-4fb0-bb7e-e59f9da85d8d
2023-09-08 11:18:56,510 [main] DEBUG balancer.ContainerBalancerTask (ContainerBalancerTask.java:lambda$moveContainer$3(837)) - Container move completed for container #85 from source 3f41aa2a-76a6-4bb4-9825-9d708f0f2314 to target e4c36573-9185-4fb0-bb7e-e59f9da85d8d
2023-09-08 11:18:56,514 [main] DEBUG balancer.ContainerBalancerTask (ContainerBalancerTask.java:matchSourceWithTarget(708)) - ContainerBalancer is finding suitable target for source datanode 3f41aa2a-76a6-4bb4-9825-9d708f0f2314
2023-09-08 11:18:56,515 [main] INFO  balancer.ContainerBalancerTask (ContainerBalancerTask.java:matchSourceWithTarget(722)) - ContainerBalancer matched source datanode 3f41aa2a-76a6-4bb4-9825-9d708f0f2314 with target datanode 2abca31a-4b3d-4ded-8caf-10122b25c152 for container move.
2023-09-08 11:18:56,515 [main] INFO  balancer.ContainerBalancerTask (ContainerBalancerTask.java:processMoveSelection(569)) - ContainerBalancer is trying to move container #89 with size 4294967296B from source datanode 3f41aa2a-76a6-4bb4-9825-9d708f0f2314 to target datanode 2abca31a-4b3d-4ded-8caf-10122b25c152
2023-09-08 11:18:56,516 [main] DEBUG balancer.ContainerBalancerTask (ContainerBalancerTask.java:lambda$moveContainer$3(837)) - Container move completed for container #89 from source 3f41aa2a-76a6-4bb4-9825-9d708f0f2314 to target 2abca31a-4b3d-4ded-8caf-10122b25c152
2023-09-08 11:18:56,519 [main] DEBUG balancer.ContainerBalancerTask (ContainerBalancerTask.java:matchSourceWithTarget(708)) - ContainerBalancer is finding suitable target for source datanode 08d4d272-31a1-4d50-99de-46cdd75cacef
2023-09-08 11:18:56,519 [main] INFO  balancer.ContainerBalancerTask (ContainerBalancerTask.java:matchSourceWithTarget(722)) - ContainerBalancer matched source datanode 08d4d272-31a1-4d50-99de-46cdd75cacef with target datanode 2abca31a-4b3d-4ded-8caf-10122b25c152 for container move.
2023-09-08 11:18:56,520 [main] INFO  balancer.ContainerBalancerTask (ContainerBalancerTask.java:processMoveSelection(569)) - ContainerBalancer is trying to move container #68 with size 5368709120B from source datanode 08d4d272-31a1-4d50-99de-46cdd75cacef to target datanode 2abca31a-4b3d-4ded-8caf-10122b25c152
2023-09-08 11:18:56,520 [main] DEBUG balancer.ContainerBalancerTask (ContainerBalancerTask.java:lambda$moveContainer$3(837)) - Container move completed for container #68 from source 08d4d272-31a1-4d50-99de-46cdd75cacef to target 2abca31a-4b3d-4ded-8caf-10122b25c152
2023-09-08 11:18:56,523 [main] DEBUG balancer.ContainerBalancerTask (ContainerBalancerTask.java:matchSourceWithTarget(708)) - ContainerBalancer is finding suitable target for source datanode 3f41aa2a-76a6-4bb4-9825-9d708f0f2314
2023-09-08 11:18:56,524 [main] INFO  balancer.ContainerBalancerTask (ContainerBalancerTask.java:matchSourceWithTarget(722)) - ContainerBalancer matched source datanode 3f41aa2a-76a6-4bb4-9825-9d708f0f2314 with target datanode 2abca31a-4b3d-4ded-8caf-10122b25c152 for container move.
2023-09-08 11:18:56,524 [main] INFO  balancer.ContainerBalancerTask (ContainerBalancerTask.java:processMoveSelection(569)) - ContainerBalancer is trying to move container #84 with size 4294967296B from source datanode 3f41aa2a-76a6-4bb4-9825-9d708f0f2314 to target datanode 2abca31a-4b3d-4ded-8caf-10122b25c152
2023-09-08 11:18:56,524 [main] DEBUG balancer.ContainerBalancerTask (ContainerBalancerTask.java:lambda$moveContainer$3(837)) - Container move completed for container #84 from source 3f41aa2a-76a6-4bb4-9825-9d708f0f2314 to target 2abca31a-4b3d-4ded-8caf-10122b25c152
2023-09-08 11:18:56,529 [main] DEBUG balancer.ContainerBalancerTask (ContainerBalancerTask.java:matchSourceWithTarget(708)) - ContainerBalancer is finding suitable target for source datanode 08d4d272-31a1-4d50-99de-46cdd75cacef
2023-09-08 11:18:56,530 [main] INFO  balancer.ContainerBalancerTask (ContainerBalancerTask.java:matchSourceWithTarget(722)) - ContainerBalancer matched source datanode 08d4d272-31a1-4d50-99de-46cdd75cacef with target datanode 2abca31a-4b3d-4ded-8caf-10122b25c152 for container move.
2023-09-08 11:18:56,530 [main] INFO  balancer.ContainerBalancerTask (ContainerBalancerTask.java:processMoveSelection(569)) - ContainerBalancer is trying to move container #52 with size 4294967296B from source datanode 08d4d272-31a1-4d50-99de-46cdd75cacef to target datanode 2abca31a-4b3d-4ded-8caf-10122b25c152
2023-09-08 11:18:56,530 [main] DEBUG balancer.ContainerBalancerTask (ContainerBalancerTask.java:lambda$moveContainer$3(837)) - Container move completed for container #52 from source 08d4d272-31a1-4d50-99de-46cdd75cacef to target 2abca31a-4b3d-4ded-8caf-10122b25c152
2023-09-08 11:18:56,534 [main] DEBUG balancer.ContainerBalancerTask (ContainerBalancerTask.java:matchSourceWithTarget(708)) - ContainerBalancer is finding suitable target for source datanode 78004284-1452-4004-8c30-a8ff5af08b88
2023-09-08 11:18:56,534 [main] INFO  balancer.ContainerBalancerTask (ContainerBalancerTask.java:matchSourceWithTarget(722)) - ContainerBalancer matched source datanode 78004284-1452-4004-8c30-a8ff5af08b88 with target datanode 2abca31a-4b3d-4ded-8caf-10122b25c152 for container move.
2023-09-08 11:18:56,536 [main] INFO  balancer.ContainerBalancerTask (ContainerBalancerTask.java:processMoveSelection(569)) - ContainerBalancer is trying to move container #53 with size 5368709120B from source datanode 78004284-1452-4004-8c30-a8ff5af08b88 to target datanode 2abca31a-4b3d-4ded-8caf-10122b25c152
2023-09-08 11:18:56,536 [main] DEBUG balancer.ContainerBalancerTask (ContainerBalancerTask.java:lambda$moveContainer$3(837)) - Container move completed for container #53 from source 78004284-1452-4004-8c30-a8ff5af08b88 to target 2abca31a-4b3d-4ded-8caf-10122b25c152
2023-09-08 11:18:56,540 [main] DEBUG balancer.ContainerBalancerTask (ContainerBalancerTask.java:matchSourceWithTarget(708)) - ContainerBalancer is finding suitable target for source datanode 3f41aa2a-76a6-4bb4-9825-9d708f0f2314
2023-09-08 11:18:56,540 [main] INFO  balancer.ContainerBalancerTask (ContainerBalancerTask.java:matchSourceWithTarget(722)) - ContainerBalancer matched source datanode 3f41aa2a-76a6-4bb4-9825-9d708f0f2314 with target datanode 2abca31a-4b3d-4ded-8caf-10122b25c152 for container move.
2023-09-08 11:18:56,541 [main] INFO  balancer.ContainerBalancerTask (ContainerBalancerTask.java:processMoveSelection(569)) - ContainerBalancer is trying to move container #39 with size 4294967296B from source datanode 3f41aa2a-76a6-4bb4-9825-9d708f0f2314 to target datanode 2abca31a-4b3d-4ded-8caf-10122b25c152
2023-09-08 11:18:56,542 [main] DEBUG balancer.ContainerBalancerTask (ContainerBalancerTask.java:lambda$moveContainer$3(837)) - Container move completed for container #39 from source 3f41aa2a-76a6-4bb4-9825-9d708f0f2314 to target 2abca31a-4b3d-4ded-8caf-10122b25c152
2023-09-08 11:18:56,546 [main] DEBUG balancer.ContainerBalancerTask (ContainerBalancerTask.java:matchSourceWithTarget(708)) - ContainerBalancer is finding suitable target for source datanode 08d4d272-31a1-4d50-99de-46cdd75cacef
2023-09-08 11:18:56,546 [main] INFO  balancer.ContainerBalancerTask (ContainerBalancerTask.java:matchSourceWithTarget(722)) - ContainerBalancer matched source datanode 08d4d272-31a1-4d50-99de-46cdd75cacef with target datanode e4c36573-9185-4fb0-bb7e-e59f9da85d8d for container move.
2023-09-08 11:18:56,547 [main] INFO  balancer.ContainerBalancerTask (ContainerBalancerTask.java:processMoveSelection(569)) - ContainerBalancer is trying to move container #67 with size 4294967296B from source datanode 08d4d272-31a1-4d50-99de-46cdd75cacef to target datanode e4c36573-9185-4fb0-bb7e-e59f9da85d8d
2023-09-08 11:18:56,547 [main] DEBUG balancer.ContainerBalancerTask (ContainerBalancerTask.java:lambda$moveContainer$3(837)) - Container move completed for container #67 from source 08d4d272-31a1-4d50-99de-46cdd75cacef to target e4c36573-9185-4fb0-bb7e-e59f9da85d8d
2023-09-08 11:18:56,553 [main] DEBUG balancer.ContainerBalancerTask (ContainerBalancerTask.java:matchSourceWithTarget(708)) - ContainerBalancer is finding suitable target for source datanode 78004284-1452-4004-8c30-a8ff5af08b88
2023-09-08 11:18:56,554 [main] INFO  balancer.ContainerBalancerTask (ContainerBalancerTask.java:matchSourceWithTarget(722)) - ContainerBalancer matched source datanode 78004284-1452-4004-8c30-a8ff5af08b88 with target datanode 2abca31a-4b3d-4ded-8caf-10122b25c152 for container move.
2023-09-08 11:18:56,554 [main] INFO  balancer.ContainerBalancerTask (ContainerBalancerTask.java:processMoveSelection(569)) - ContainerBalancer is trying to move container #83 with size 3221225472B from source datanode 78004284-1452-4004-8c30-a8ff5af08b88 to target datanode 2abca31a-4b3d-4ded-8caf-10122b25c152
2023-09-08 11:18:56,554 [main] DEBUG balancer.ContainerBalancerTask (ContainerBalancerTask.java:lambda$moveContainer$3(837)) - Container move completed for container #83 from source 78004284-1452-4004-8c30-a8ff5af08b88 to target 2abca31a-4b3d-4ded-8caf-10122b25c152
2023-09-08 11:18:56,558 [main] DEBUG balancer.ContainerBalancerTask (ContainerBalancerTask.java:matchSourceWithTarget(708)) - ContainerBalancer is finding suitable target for source datanode 3f41aa2a-76a6-4bb4-9825-9d708f0f2314
2023-09-08 11:18:56,558 [main] INFO  balancer.ContainerBalancerTask (ContainerBalancerTask.java:matchSourceWithTarget(722)) - ContainerBalancer matched source datanode 3f41aa2a-76a6-4bb4-9825-9d708f0f2314 with target datanode 2abca31a-4b3d-4ded-8caf-10122b25c152 for container move.
2023-09-08 11:18:56,558 [main] INFO  balancer.ContainerBalancerTask (ContainerBalancerTask.java:processMoveSelection(569)) - ContainerBalancer is trying to move container #19 with size 4294967296B from source datanode 3f41aa2a-76a6-4bb4-9825-9d708f0f2314 to target datanode 2abca31a-4b3d-4ded-8caf-10122b25c152
2023-09-08 11:18:56,558 [main] DEBUG balancer.ContainerBalancerTask (ContainerBalancerTask.java:lambda$moveContainer$3(837)) - Container move completed for container #19 from source 3f41aa2a-76a6-4bb4-9825-9d708f0f2314 to target 2abca31a-4b3d-4ded-8caf-10122b25c152
2023-09-08 11:18:56,562 [main] DEBUG balancer.ContainerBalancerTask (ContainerBalancerTask.java:matchSourceWithTarget(708)) - ContainerBalancer is finding suitable target for source datanode 9fbe642a-3a8b-45a4-bb6b-326e4cb87ea7
2023-09-08 11:18:56,562 [main] INFO  balancer.ContainerBalancerTask (ContainerBalancerTask.java:matchSourceWithTarget(722)) - ContainerBalancer matched source datanode 9fbe642a-3a8b-45a4-bb6b-326e4cb87ea7 with target datanode 2abca31a-4b3d-4ded-8caf-10122b25c152 for container move.
2023-09-08 11:18:56,562 [main] INFO  balancer.ContainerBalancerTask (ContainerBalancerTask.java:processMoveSelection(569)) - ContainerBalancer is trying to move container #29 with size 5368709120B from source datanode 9fbe642a-3a8b-45a4-bb6b-326e4cb87ea7 to target datanode 2abca31a-4b3d-4ded-8caf-10122b25c152
2023-09-08 11:18:56,563 [main] DEBUG balancer.ContainerBalancerTask (ContainerBalancerTask.java:lambda$moveContainer$3(837)) - Container move completed for container #29 from source 9fbe642a-3a8b-45a4-bb6b-326e4cb87ea7 to target 2abca31a-4b3d-4ded-8caf-10122b25c152
2023-09-08 11:18:56,566 [main] DEBUG balancer.ContainerBalancerTask (ContainerBalancerTask.java:matchSourceWithTarget(708)) - ContainerBalancer is finding suitable target for source datanode 78004284-1452-4004-8c30-a8ff5af08b88
2023-09-08 11:18:56,566 [main] INFO  balancer.ContainerBalancerTask (ContainerBalancerTask.java:matchSourceWithTarget(722)) - ContainerBalancer matched source datanode 78004284-1452-4004-8c30-a8ff5af08b88 with target datanode 78de351f-b737-42de-b32d-775093609f7b for container move.
2023-09-08 11:18:56,567 [main] INFO  balancer.ContainerBalancerTask (ContainerBalancerTask.java:processMoveSelection(569)) - ContainerBalancer is trying to move container #71 with size 3221225472B from source datanode 78004284-1452-4004-8c30-a8ff5af08b88 to target datanode 78de351f-b737-42de-b32d-775093609f7b
2023-09-08 11:18:56,567 [main] DEBUG balancer.ContainerBalancerTask (ContainerBalancerTask.java:lambda$moveContainer$3(837)) - Container move completed for container #71 from source 78004284-1452-4004-8c30-a8ff5af08b88 to target 78de351f-b737-42de-b32d-775093609f7b
2023-09-08 11:18:56,567 [main] WARN  balancer.ContainerBalancerTask (ContainerBalancerTask.java:reachedMaxSizeToMovePerIteration(733)) - Reached max size to move limit. 53687091200 bytes have already been scheduled for balancing and the limit is 53687091200 bytes.
2023-09-08 11:18:56,567 [main] INFO  balancer.ContainerBalancerTask (ContainerBalancerTask.java:checkIterationMoveResults(642)) - Iteration Summary. Number of Datanodes involved: 7. Size moved: 50 GB (53687091200 Bytes). Number of Container moves completed: 12.
2023-09-08 11:18:56,568 [main] INFO  balancer.ContainerBalancerTask (ContainerBalancerTask.java:balance(259)) - Result of this iteration of Container Balancer: ITERATION_COMPLETED
2023-09-08 11:18:56,568 [main] INFO  balancer.ContainerBalancerTask (ContainerBalancerTask.java:tryStopWithSaveConfiguration(308)) - Save Configuration for stopping. Reason: Completed all iterations.
]]></system-out>
  </testcase>
  <testcase name="testContainerBalancerConfiguration" classname="org.apache.hadoop.hdds.scm.container.balancer.TestContainerBalancerTask" time="0.076">
    <system-out><![CDATA[2023-09-08 11:18:56,612 [main] INFO  net.NodeSchemaLoader (NodeSchemaLoader.java:loadSchemaFromFile(129)) - Loading schema from [file:/home/runner/work/ozone/ozone/hadoop-hdds/common/target/classes/network-topology-default.xml]
2023-09-08 11:18:56,612 [main] INFO  net.NodeSchemaLoader (NodeSchemaLoader.java:loadSchema(176)) - Loading network topology layer schema file
2023-09-08 11:18:56,618 [main] INFO  net.NetworkTopologyImpl (NetworkTopologyImpl.java:add(112)) - Added a new node: /default-rack/708342fc-73d9-47a7-a560-971a1b68d810
2023-09-08 11:18:56,618 [main] INFO  net.NetworkTopologyImpl (NetworkTopologyImpl.java:add(112)) - Added a new node: /default-rack/5c0686fe-1402-478e-89eb-43698a2682d3
2023-09-08 11:18:56,619 [main] INFO  net.NetworkTopologyImpl (NetworkTopologyImpl.java:add(112)) - Added a new node: /default-rack/7723d707-4f32-4a82-bfa5-42eba38d1364
2023-09-08 11:18:56,619 [main] INFO  net.NetworkTopologyImpl (NetworkTopologyImpl.java:add(112)) - Added a new node: /default-rack/a678cc44-39f8-4e08-a016-d5fc3cb80c7a
2023-09-08 11:18:56,619 [main] INFO  net.NetworkTopologyImpl (NetworkTopologyImpl.java:add(112)) - Added a new node: /default-rack/3fe74544-5c84-4359-8afd-e6dfa131b769
2023-09-08 11:18:56,620 [main] INFO  net.NetworkTopologyImpl (NetworkTopologyImpl.java:add(112)) - Added a new node: /default-rack/06a85243-aeee-44ac-adb4-483c2be23476
2023-09-08 11:18:56,621 [main] INFO  net.NetworkTopologyImpl (NetworkTopologyImpl.java:add(112)) - Added a new node: /default-rack/b5d4983b-fc75-4ad3-93f5-fa43fffdfba7
2023-09-08 11:18:56,621 [main] INFO  net.NetworkTopologyImpl (NetworkTopologyImpl.java:add(112)) - Added a new node: /default-rack/d5854e15-0b02-411e-9ca4-b0e4016a499e
2023-09-08 11:18:56,621 [main] INFO  net.NetworkTopologyImpl (NetworkTopologyImpl.java:add(112)) - Added a new node: /default-rack/9dea4b7a-9b7f-4aaa-bc1d-bb603a207820
2023-09-08 11:18:56,621 [main] INFO  net.NetworkTopologyImpl (NetworkTopologyImpl.java:add(112)) - Added a new node: /default-rack/29bb71b4-fd50-44d6-ac46-767bfe06d898
2023-09-08 11:18:56,621 [main] INFO  algorithms.ContainerPlacementPolicyFactory (ContainerPlacementPolicyFactory.java:getPolicyInternal(86)) - Create container placement policy of type org.apache.hadoop.hdds.scm.container.placement.algorithms.SCMContainerPlacementRackAware
2023-09-08 11:18:56,622 [main] INFO  algorithms.ContainerPlacementPolicyFactory (ContainerPlacementPolicyFactory.java:getPolicyInternal(86)) - Create container placement policy of type org.apache.hadoop.hdds.scm.container.placement.algorithms.SCMContainerPlacementRackScatter
]]></system-out>
  </testcase>
  <testcase name="checkIterationResultTimeoutFromReplicationManager" classname="org.apache.hadoop.hdds.scm.container.balancer.TestContainerBalancerTask" time="0.118">
    <system-out><![CDATA[2023-09-08 11:18:56,693 [main] INFO  net.NodeSchemaLoader (NodeSchemaLoader.java:loadSchemaFromFile(129)) - Loading schema from [file:/home/runner/work/ozone/ozone/hadoop-hdds/common/target/classes/network-topology-default.xml]
2023-09-08 11:18:56,693 [main] INFO  net.NodeSchemaLoader (NodeSchemaLoader.java:loadSchema(176)) - Loading network topology layer schema file
2023-09-08 11:18:56,698 [main] INFO  net.NetworkTopologyImpl (NetworkTopologyImpl.java:add(112)) - Added a new node: /default-rack/f92e2cf8-5cab-4394-a645-90f1ace6827a
2023-09-08 11:18:56,698 [main] INFO  net.NetworkTopologyImpl (NetworkTopologyImpl.java:add(112)) - Added a new node: /default-rack/3c90cbe0-a2b5-4708-8609-28ee22dd80e3
2023-09-08 11:18:56,698 [main] INFO  net.NetworkTopologyImpl (NetworkTopologyImpl.java:add(112)) - Added a new node: /default-rack/6aa6c2c7-c1f5-4ed3-a475-dac4d0526701
2023-09-08 11:18:56,698 [main] INFO  net.NetworkTopologyImpl (NetworkTopologyImpl.java:add(112)) - Added a new node: /default-rack/a384ade0-e62e-4fe2-9bcd-c233f34557c5
2023-09-08 11:18:56,699 [main] INFO  net.NetworkTopologyImpl (NetworkTopologyImpl.java:add(112)) - Added a new node: /default-rack/cdafc4f1-d2ae-4de7-95c4-e47e72738679
2023-09-08 11:18:56,699 [main] INFO  net.NetworkTopologyImpl (NetworkTopologyImpl.java:add(112)) - Added a new node: /default-rack/d173844a-901b-4a61-8517-adf2158f29be
2023-09-08 11:18:56,700 [main] INFO  net.NetworkTopologyImpl (NetworkTopologyImpl.java:add(112)) - Added a new node: /default-rack/b9afbde1-76a1-4673-8029-9a62b2be6420
2023-09-08 11:18:56,700 [main] INFO  net.NetworkTopologyImpl (NetworkTopologyImpl.java:add(112)) - Added a new node: /default-rack/715aff79-8d76-404e-98b9-3fc4ab4aa827
2023-09-08 11:18:56,700 [main] INFO  net.NetworkTopologyImpl (NetworkTopologyImpl.java:add(112)) - Added a new node: /default-rack/8d7e7152-f4f8-49cd-b114-53afa269f967
2023-09-08 11:18:56,700 [main] INFO  net.NetworkTopologyImpl (NetworkTopologyImpl.java:add(112)) - Added a new node: /default-rack/c8f23185-9b02-4743-88d2-ed7467399937
2023-09-08 11:18:56,701 [main] INFO  algorithms.ContainerPlacementPolicyFactory (ContainerPlacementPolicyFactory.java:getPolicyInternal(86)) - Create container placement policy of type org.apache.hadoop.hdds.scm.container.placement.algorithms.SCMContainerPlacementRackAware
2023-09-08 11:18:56,701 [main] INFO  algorithms.ContainerPlacementPolicyFactory (ContainerPlacementPolicyFactory.java:getPolicyInternal(86)) - Create container placement policy of type org.apache.hadoop.hdds.scm.container.placement.algorithms.SCMContainerPlacementRackScatter
2023-09-08 11:18:56,710 [main] DEBUG balancer.ContainerBalancerTask (ContainerBalancerTask.java:initializeIteration(374)) - Average utilization of the cluster is 0.3103147590786045
2023-09-08 11:18:56,710 [main] DEBUG balancer.ContainerBalancerTask (ContainerBalancerTask.java:initializeIteration(386)) - Lower limit for utilization is 0.2103147590786045 and Upper limit for utilization is 0.4103147590786045
2023-09-08 11:18:56,710 [main] DEBUG balancer.ContainerBalancerTask (ContainerBalancerTask.java:initializeIteration(398)) - Utilization for node d173844a-901b-4a61-8517-adf2158f29be with capacity 53687091200B, used 48318382080B, and remaining 5368709120B is 0.9
2023-09-08 11:18:56,710 [main] DEBUG balancer.ContainerBalancerTask (ContainerBalancerTask.java:initializeIteration(398)) - Utilization for node 715aff79-8d76-404e-98b9-3fc4ab4aa827 with capacity 46976204800B, used 37580963840B, and remaining 9395240960B is 0.8
2023-09-08 11:18:56,710 [main] DEBUG balancer.ContainerBalancerTask (ContainerBalancerTask.java:initializeIteration(398)) - Utilization for node a384ade0-e62e-4fe2-9bcd-c233f34557c5 with capacity 65958426331B, used 46170898432B, and remaining 19787527899B is 0.7000000000045483
2023-09-08 11:18:56,710 [main] DEBUG balancer.ContainerBalancerTask (ContainerBalancerTask.java:initializeIteration(398)) - Utilization for node c8f23185-9b02-4743-88d2-ed7467399937 with capacity 96636764160B, used 57982058496B, and remaining 38654705664B is 0.6
2023-09-08 11:18:56,710 [main] DEBUG balancer.ContainerBalancerTask (ContainerBalancerTask.java:initializeIteration(398)) - Utilization for node cdafc4f1-d2ae-4de7-95c4-e47e72738679 with capacity 100931731456B, used 50465865728B, and remaining 50465865728B is 0.5
2023-09-08 11:18:56,711 [main] DEBUG balancer.ContainerBalancerTask (ContainerBalancerTask.java:initializeIteration(398)) - Utilization for node 6aa6c2c7-c1f5-4ed3-a475-dac4d0526701 with capacity 131533373440B, used 52613349376B, and remaining 78920024064B is 0.4
2023-09-08 11:18:56,711 [main] DEBUG balancer.ContainerBalancerTask (ContainerBalancerTask.java:initializeIteration(398)) - Utilization for node f92e2cf8-5cab-4394-a645-90f1ace6827a with capacity 107374182400B, used 32212254720B, and remaining 75161927680B is 0.3
2023-09-08 11:18:56,711 [main] DEBUG balancer.ContainerBalancerTask (ContainerBalancerTask.java:initializeIteration(398)) - Utilization for node 8d7e7152-f4f8-49cd-b114-53afa269f967 with capacity 246960619520B, used 49392123904B, and remaining 197568495616B is 0.2
2023-09-08 11:18:56,711 [main] DEBUG balancer.ContainerBalancerTask (ContainerBalancerTask.java:initializeIteration(398)) - Utilization for node b9afbde1-76a1-4673-8029-9a62b2be6420 with capacity 483183820800B, used 48318382080B, and remaining 434865438720B is 0.1
2023-09-08 11:18:56,711 [main] DEBUG balancer.ContainerBalancerTask (ContainerBalancerTask.java:initializeIteration(398)) - Utilization for node 3c90cbe0-a2b5-4708-8609-28ee22dd80e3 with capacity 30064771072B, used 0B, and remaining 30064771072B is 0.0
2023-09-08 11:18:56,711 [main] INFO  balancer.ContainerBalancerTask (ContainerBalancerTask.java:initializeIteration(447)) - Container Balancer has identified 5 Over-Utilized and 3 Under-Utilized Datanodes that need to be balanced.
2023-09-08 11:18:56,713 [main] DEBUG balancer.ContainerBalancerTask (ContainerBalancerTask.java:lambda$initializeIteration$1(453)) - Datanode localhost-98.92.192.214 d173844a-901b-4a61-8517-adf2158f29be is Over-Utilized.
2023-09-08 11:18:56,713 [main] DEBUG balancer.ContainerBalancerTask (ContainerBalancerTask.java:lambda$initializeIteration$1(453)) - Datanode localhost-46.56.131.190 715aff79-8d76-404e-98b9-3fc4ab4aa827 is Over-Utilized.
2023-09-08 11:18:56,713 [main] DEBUG balancer.ContainerBalancerTask (ContainerBalancerTask.java:lambda$initializeIteration$1(453)) - Datanode localhost-76.179.234.5 a384ade0-e62e-4fe2-9bcd-c233f34557c5 is Over-Utilized.
2023-09-08 11:18:56,713 [main] DEBUG balancer.ContainerBalancerTask (ContainerBalancerTask.java:lambda$initializeIteration$1(453)) - Datanode localhost-168.7.91.157 c8f23185-9b02-4743-88d2-ed7467399937 is Over-Utilized.
2023-09-08 11:18:56,713 [main] DEBUG balancer.ContainerBalancerTask (ContainerBalancerTask.java:lambda$initializeIteration$1(453)) - Datanode localhost-32.164.53.104 cdafc4f1-d2ae-4de7-95c4-e47e72738679 is Over-Utilized.
2023-09-08 11:18:56,713 [main] DEBUG balancer.ContainerBalancerTask (ContainerBalancerTask.java:lambda$initializeIteration$2(459)) - Datanode localhost-120.154.175.82 3c90cbe0-a2b5-4708-8609-28ee22dd80e3 is Under-Utilized.
2023-09-08 11:18:56,713 [main] DEBUG balancer.ContainerBalancerTask (ContainerBalancerTask.java:lambda$initializeIteration$2(459)) - Datanode localhost-32.233.184.227 b9afbde1-76a1-4673-8029-9a62b2be6420 is Under-Utilized.
2023-09-08 11:18:56,713 [main] DEBUG balancer.ContainerBalancerTask (ContainerBalancerTask.java:lambda$initializeIteration$2(459)) - Datanode localhost-77.206.146.12 8d7e7152-f4f8-49cd-b114-53afa269f967 is Under-Utilized.
2023-09-08 11:18:56,718 [main] DEBUG balancer.ContainerBalancerTask (ContainerBalancerTask.java:matchSourceWithTarget(708)) - ContainerBalancer is finding suitable target for source datanode d173844a-901b-4a61-8517-adf2158f29be
2023-09-08 11:18:56,722 [main] INFO  balancer.ContainerBalancerTask (ContainerBalancerTask.java:matchSourceWithTarget(722)) - ContainerBalancer matched source datanode d173844a-901b-4a61-8517-adf2158f29be with target datanode 3c90cbe0-a2b5-4708-8609-28ee22dd80e3 for container move.
2023-09-08 11:18:56,722 [main] INFO  balancer.ContainerBalancerTask (ContainerBalancerTask.java:processMoveSelection(569)) - ContainerBalancer is trying to move container #68 with size 5368709120B from source datanode d173844a-901b-4a61-8517-adf2158f29be to target datanode 3c90cbe0-a2b5-4708-8609-28ee22dd80e3
2023-09-08 11:18:56,723 [main] WARN  balancer.ContainerBalancerTask (ContainerBalancerTask.java:lambda$moveContainer$3(842)) - Container move for container #68 from source d173844a-901b-4a61-8517-adf2158f29be to target 3c90cbe0-a2b5-4708-8609-28ee22dd80e3 failed: REPLICATION_FAIL_TIME_OUT
2023-09-08 11:18:56,725 [main] DEBUG balancer.ContainerBalancerTask (ContainerBalancerTask.java:matchSourceWithTarget(708)) - ContainerBalancer is finding suitable target for source datanode 715aff79-8d76-404e-98b9-3fc4ab4aa827
2023-09-08 11:18:56,726 [main] INFO  balancer.ContainerBalancerTask (ContainerBalancerTask.java:matchSourceWithTarget(722)) - ContainerBalancer matched source datanode 715aff79-8d76-404e-98b9-3fc4ab4aa827 with target datanode 3c90cbe0-a2b5-4708-8609-28ee22dd80e3 for container move.
2023-09-08 11:18:56,726 [main] INFO  balancer.ContainerBalancerTask (ContainerBalancerTask.java:processMoveSelection(569)) - ContainerBalancer is trying to move container #68 with size 5368709120B from source datanode 715aff79-8d76-404e-98b9-3fc4ab4aa827 to target datanode 3c90cbe0-a2b5-4708-8609-28ee22dd80e3
2023-09-08 11:18:56,726 [main] WARN  balancer.ContainerBalancerTask (ContainerBalancerTask.java:lambda$moveContainer$3(842)) - Container move for container #68 from source 715aff79-8d76-404e-98b9-3fc4ab4aa827 to target 3c90cbe0-a2b5-4708-8609-28ee22dd80e3 failed: DELETION_FAIL_TIME_OUT
2023-09-08 11:18:56,728 [main] DEBUG balancer.ContainerBalancerTask (ContainerBalancerTask.java:matchSourceWithTarget(708)) - ContainerBalancer is finding suitable target for source datanode a384ade0-e62e-4fe2-9bcd-c233f34557c5
2023-09-08 11:18:56,729 [main] INFO  balancer.ContainerBalancerTask (ContainerBalancerTask.java:matchSourceWithTarget(722)) - ContainerBalancer matched source datanode a384ade0-e62e-4fe2-9bcd-c233f34557c5 with target datanode 3c90cbe0-a2b5-4708-8609-28ee22dd80e3 for container move.
2023-09-08 11:18:56,729 [main] INFO  balancer.ContainerBalancerTask (ContainerBalancerTask.java:processMoveSelection(569)) - ContainerBalancer is trying to move container #68 with size 5368709120B from source datanode a384ade0-e62e-4fe2-9bcd-c233f34557c5 to target datanode 3c90cbe0-a2b5-4708-8609-28ee22dd80e3
2023-09-08 11:18:56,729 [main] WARN  balancer.ContainerBalancerTask (ContainerBalancerTask.java:lambda$moveContainer$3(842)) - Container move for container #68 from source a384ade0-e62e-4fe2-9bcd-c233f34557c5 to target 3c90cbe0-a2b5-4708-8609-28ee22dd80e3 failed: DELETION_FAIL_TIME_OUT
2023-09-08 11:18:56,734 [main] DEBUG balancer.ContainerBalancerTask (ContainerBalancerTask.java:matchSourceWithTarget(708)) - ContainerBalancer is finding suitable target for source datanode c8f23185-9b02-4743-88d2-ed7467399937
2023-09-08 11:18:56,734 [main] INFO  balancer.ContainerBalancerTask (ContainerBalancerTask.java:matchSourceWithTarget(722)) - ContainerBalancer matched source datanode c8f23185-9b02-4743-88d2-ed7467399937 with target datanode 3c90cbe0-a2b5-4708-8609-28ee22dd80e3 for container move.
2023-09-08 11:18:56,734 [main] INFO  balancer.ContainerBalancerTask (ContainerBalancerTask.java:processMoveSelection(569)) - ContainerBalancer is trying to move container #40 with size 5368709120B from source datanode c8f23185-9b02-4743-88d2-ed7467399937 to target datanode 3c90cbe0-a2b5-4708-8609-28ee22dd80e3
2023-09-08 11:18:56,734 [main] WARN  balancer.ContainerBalancerTask (ContainerBalancerTask.java:lambda$moveContainer$3(842)) - Container move for container #40 from source c8f23185-9b02-4743-88d2-ed7467399937 to target 3c90cbe0-a2b5-4708-8609-28ee22dd80e3 failed: DELETION_FAIL_TIME_OUT
2023-09-08 11:18:56,738 [main] DEBUG balancer.ContainerBalancerTask (ContainerBalancerTask.java:matchSourceWithTarget(708)) - ContainerBalancer is finding suitable target for source datanode cdafc4f1-d2ae-4de7-95c4-e47e72738679
2023-09-08 11:18:56,738 [main] INFO  balancer.ContainerBalancerTask (ContainerBalancerTask.java:matchSourceWithTarget(722)) - ContainerBalancer matched source datanode cdafc4f1-d2ae-4de7-95c4-e47e72738679 with target datanode 3c90cbe0-a2b5-4708-8609-28ee22dd80e3 for container move.
2023-09-08 11:18:56,738 [main] INFO  balancer.ContainerBalancerTask (ContainerBalancerTask.java:processMoveSelection(569)) - ContainerBalancer is trying to move container #28 with size 4294967296B from source datanode cdafc4f1-d2ae-4de7-95c4-e47e72738679 to target datanode 3c90cbe0-a2b5-4708-8609-28ee22dd80e3
2023-09-08 11:18:56,739 [main] WARN  balancer.ContainerBalancerTask (ContainerBalancerTask.java:lambda$moveContainer$3(842)) - Container move for container #28 from source cdafc4f1-d2ae-4de7-95c4-e47e72738679 to target 3c90cbe0-a2b5-4708-8609-28ee22dd80e3 failed: DELETION_FAIL_TIME_OUT
2023-09-08 11:18:56,739 [main] INFO  balancer.FindSourceGreedy (FindSourceGreedy.java:getNextCandidateSourceDataNode(126)) - no more candidate source data node
2023-09-08 11:18:56,739 [main] INFO  balancer.ContainerBalancerTask (ContainerBalancerTask.java:checkIterationMoveResults(642)) - Iteration Summary. Number of Datanodes involved: 0. Size moved: 0 B (0 Bytes). Number of Container moves completed: 0.
2023-09-08 11:18:56,739 [main] INFO  balancer.ContainerBalancerTask (ContainerBalancerTask.java:balance(259)) - Result of this iteration of Container Balancer: ITERATION_COMPLETED
2023-09-08 11:18:56,740 [main] INFO  balancer.ContainerBalancerTask (ContainerBalancerTask.java:tryStopWithSaveConfiguration(308)) - Save Configuration for stopping. Reason: Completed all iterations.
2023-09-08 11:18:56,744 [main] DEBUG balancer.ContainerBalancerTask (ContainerBalancerTask.java:initializeIteration(374)) - Average utilization of the cluster is 0.3103147590786045
2023-09-08 11:18:56,745 [main] DEBUG balancer.ContainerBalancerTask (ContainerBalancerTask.java:initializeIteration(386)) - Lower limit for utilization is 0.2103147590786045 and Upper limit for utilization is 0.4103147590786045
2023-09-08 11:18:56,745 [main] DEBUG balancer.ContainerBalancerTask (ContainerBalancerTask.java:initializeIteration(398)) - Utilization for node d173844a-901b-4a61-8517-adf2158f29be with capacity 53687091200B, used 48318382080B, and remaining 5368709120B is 0.9
2023-09-08 11:18:56,745 [main] DEBUG balancer.ContainerBalancerTask (ContainerBalancerTask.java:initializeIteration(398)) - Utilization for node 715aff79-8d76-404e-98b9-3fc4ab4aa827 with capacity 46976204800B, used 37580963840B, and remaining 9395240960B is 0.8
2023-09-08 11:18:56,745 [main] DEBUG balancer.ContainerBalancerTask (ContainerBalancerTask.java:initializeIteration(398)) - Utilization for node a384ade0-e62e-4fe2-9bcd-c233f34557c5 with capacity 65958426331B, used 46170898432B, and remaining 19787527899B is 0.7000000000045483
2023-09-08 11:18:56,745 [main] DEBUG balancer.ContainerBalancerTask (ContainerBalancerTask.java:initializeIteration(398)) - Utilization for node c8f23185-9b02-4743-88d2-ed7467399937 with capacity 96636764160B, used 57982058496B, and remaining 38654705664B is 0.6
2023-09-08 11:18:56,746 [main] DEBUG balancer.ContainerBalancerTask (ContainerBalancerTask.java:initializeIteration(398)) - Utilization for node cdafc4f1-d2ae-4de7-95c4-e47e72738679 with capacity 100931731456B, used 50465865728B, and remaining 50465865728B is 0.5
2023-09-08 11:18:56,746 [main] DEBUG balancer.ContainerBalancerTask (ContainerBalancerTask.java:initializeIteration(398)) - Utilization for node 6aa6c2c7-c1f5-4ed3-a475-dac4d0526701 with capacity 131533373440B, used 52613349376B, and remaining 78920024064B is 0.4
2023-09-08 11:18:56,746 [main] DEBUG balancer.ContainerBalancerTask (ContainerBalancerTask.java:initializeIteration(398)) - Utilization for node f92e2cf8-5cab-4394-a645-90f1ace6827a with capacity 107374182400B, used 32212254720B, and remaining 75161927680B is 0.3
2023-09-08 11:18:56,746 [main] DEBUG balancer.ContainerBalancerTask (ContainerBalancerTask.java:initializeIteration(398)) - Utilization for node 8d7e7152-f4f8-49cd-b114-53afa269f967 with capacity 246960619520B, used 49392123904B, and remaining 197568495616B is 0.2
2023-09-08 11:18:56,746 [main] DEBUG balancer.ContainerBalancerTask (ContainerBalancerTask.java:initializeIteration(398)) - Utilization for node b9afbde1-76a1-4673-8029-9a62b2be6420 with capacity 483183820800B, used 48318382080B, and remaining 434865438720B is 0.1
2023-09-08 11:18:56,746 [main] DEBUG balancer.ContainerBalancerTask (ContainerBalancerTask.java:initializeIteration(398)) - Utilization for node 3c90cbe0-a2b5-4708-8609-28ee22dd80e3 with capacity 30064771072B, used 0B, and remaining 30064771072B is 0.0
2023-09-08 11:18:56,746 [main] INFO  balancer.ContainerBalancerTask (ContainerBalancerTask.java:initializeIteration(447)) - Container Balancer has identified 5 Over-Utilized and 3 Under-Utilized Datanodes that need to be balanced.
2023-09-08 11:18:56,746 [main] DEBUG balancer.ContainerBalancerTask (ContainerBalancerTask.java:lambda$initializeIteration$1(453)) - Datanode localhost-98.92.192.214 d173844a-901b-4a61-8517-adf2158f29be is Over-Utilized.
2023-09-08 11:18:56,747 [main] DEBUG balancer.ContainerBalancerTask (ContainerBalancerTask.java:lambda$initializeIteration$1(453)) - Datanode localhost-46.56.131.190 715aff79-8d76-404e-98b9-3fc4ab4aa827 is Over-Utilized.
2023-09-08 11:18:56,747 [main] DEBUG balancer.ContainerBalancerTask (ContainerBalancerTask.java:lambda$initializeIteration$1(453)) - Datanode localhost-76.179.234.5 a384ade0-e62e-4fe2-9bcd-c233f34557c5 is Over-Utilized.
2023-09-08 11:18:56,747 [main] DEBUG balancer.ContainerBalancerTask (ContainerBalancerTask.java:lambda$initializeIteration$1(453)) - Datanode localhost-168.7.91.157 c8f23185-9b02-4743-88d2-ed7467399937 is Over-Utilized.
2023-09-08 11:18:56,747 [main] DEBUG balancer.ContainerBalancerTask (ContainerBalancerTask.java:lambda$initializeIteration$1(453)) - Datanode localhost-32.164.53.104 cdafc4f1-d2ae-4de7-95c4-e47e72738679 is Over-Utilized.
2023-09-08 11:18:56,747 [main] DEBUG balancer.ContainerBalancerTask (ContainerBalancerTask.java:lambda$initializeIteration$2(459)) - Datanode localhost-120.154.175.82 3c90cbe0-a2b5-4708-8609-28ee22dd80e3 is Under-Utilized.
2023-09-08 11:18:56,747 [main] DEBUG balancer.ContainerBalancerTask (ContainerBalancerTask.java:lambda$initializeIteration$2(459)) - Datanode localhost-32.233.184.227 b9afbde1-76a1-4673-8029-9a62b2be6420 is Under-Utilized.
2023-09-08 11:18:56,747 [main] DEBUG balancer.ContainerBalancerTask (ContainerBalancerTask.java:lambda$initializeIteration$2(459)) - Datanode localhost-77.206.146.12 8d7e7152-f4f8-49cd-b114-53afa269f967 is Under-Utilized.
2023-09-08 11:18:56,752 [main] DEBUG balancer.ContainerBalancerTask (ContainerBalancerTask.java:matchSourceWithTarget(708)) - ContainerBalancer is finding suitable target for source datanode d173844a-901b-4a61-8517-adf2158f29be
2023-09-08 11:18:56,752 [main] INFO  balancer.ContainerBalancerTask (ContainerBalancerTask.java:matchSourceWithTarget(722)) - ContainerBalancer matched source datanode d173844a-901b-4a61-8517-adf2158f29be with target datanode 3c90cbe0-a2b5-4708-8609-28ee22dd80e3 for container move.
2023-09-08 11:18:56,752 [main] INFO  balancer.ContainerBalancerTask (ContainerBalancerTask.java:processMoveSelection(569)) - ContainerBalancer is trying to move container #85 with size 5368709120B from source datanode d173844a-901b-4a61-8517-adf2158f29be to target datanode 3c90cbe0-a2b5-4708-8609-28ee22dd80e3
2023-09-08 11:18:56,753 [main] WARN  balancer.ContainerBalancerTask (ContainerBalancerTask.java:lambda$moveContainer$3(842)) - Container move for container #85 from source d173844a-901b-4a61-8517-adf2158f29be to target 3c90cbe0-a2b5-4708-8609-28ee22dd80e3 failed: REPLICATION_FAIL_TIME_OUT
2023-09-08 11:18:56,755 [main] DEBUG balancer.ContainerBalancerTask (ContainerBalancerTask.java:matchSourceWithTarget(708)) - ContainerBalancer is finding suitable target for source datanode 715aff79-8d76-404e-98b9-3fc4ab4aa827
2023-09-08 11:18:56,755 [main] INFO  balancer.ContainerBalancerTask (ContainerBalancerTask.java:matchSourceWithTarget(722)) - ContainerBalancer matched source datanode 715aff79-8d76-404e-98b9-3fc4ab4aa827 with target datanode 3c90cbe0-a2b5-4708-8609-28ee22dd80e3 for container move.
2023-09-08 11:18:56,755 [main] INFO  balancer.ContainerBalancerTask (ContainerBalancerTask.java:processMoveSelection(569)) - ContainerBalancer is trying to move container #68 with size 5368709120B from source datanode 715aff79-8d76-404e-98b9-3fc4ab4aa827 to target datanode 3c90cbe0-a2b5-4708-8609-28ee22dd80e3
2023-09-08 11:18:56,756 [main] WARN  balancer.ContainerBalancerTask (ContainerBalancerTask.java:lambda$moveContainer$3(842)) - Container move for container #68 from source 715aff79-8d76-404e-98b9-3fc4ab4aa827 to target 3c90cbe0-a2b5-4708-8609-28ee22dd80e3 failed: DELETION_FAIL_TIME_OUT
2023-09-08 11:18:56,759 [main] DEBUG balancer.ContainerBalancerTask (ContainerBalancerTask.java:matchSourceWithTarget(708)) - ContainerBalancer is finding suitable target for source datanode a384ade0-e62e-4fe2-9bcd-c233f34557c5
2023-09-08 11:18:56,759 [main] INFO  balancer.ContainerBalancerTask (ContainerBalancerTask.java:matchSourceWithTarget(722)) - ContainerBalancer matched source datanode a384ade0-e62e-4fe2-9bcd-c233f34557c5 with target datanode 3c90cbe0-a2b5-4708-8609-28ee22dd80e3 for container move.
2023-09-08 11:18:56,759 [main] INFO  balancer.ContainerBalancerTask (ContainerBalancerTask.java:processMoveSelection(569)) - ContainerBalancer is trying to move container #68 with size 5368709120B from source datanode a384ade0-e62e-4fe2-9bcd-c233f34557c5 to target datanode 3c90cbe0-a2b5-4708-8609-28ee22dd80e3
2023-09-08 11:18:56,760 [main] WARN  balancer.ContainerBalancerTask (ContainerBalancerTask.java:lambda$moveContainer$3(842)) - Container move for container #68 from source a384ade0-e62e-4fe2-9bcd-c233f34557c5 to target 3c90cbe0-a2b5-4708-8609-28ee22dd80e3 failed: DELETION_FAIL_TIME_OUT
2023-09-08 11:18:56,763 [main] DEBUG balancer.ContainerBalancerTask (ContainerBalancerTask.java:matchSourceWithTarget(708)) - ContainerBalancer is finding suitable target for source datanode c8f23185-9b02-4743-88d2-ed7467399937
2023-09-08 11:18:56,763 [main] INFO  balancer.ContainerBalancerTask (ContainerBalancerTask.java:matchSourceWithTarget(722)) - ContainerBalancer matched source datanode c8f23185-9b02-4743-88d2-ed7467399937 with target datanode 3c90cbe0-a2b5-4708-8609-28ee22dd80e3 for container move.
2023-09-08 11:18:56,763 [main] INFO  balancer.ContainerBalancerTask (ContainerBalancerTask.java:processMoveSelection(569)) - ContainerBalancer is trying to move container #85 with size 5368709120B from source datanode c8f23185-9b02-4743-88d2-ed7467399937 to target datanode 3c90cbe0-a2b5-4708-8609-28ee22dd80e3
2023-09-08 11:18:56,764 [main] WARN  balancer.ContainerBalancerTask (ContainerBalancerTask.java:lambda$moveContainer$3(842)) - Container move for container #85 from source c8f23185-9b02-4743-88d2-ed7467399937 to target 3c90cbe0-a2b5-4708-8609-28ee22dd80e3 failed: DELETION_FAIL_TIME_OUT
2023-09-08 11:18:56,767 [main] DEBUG balancer.ContainerBalancerTask (ContainerBalancerTask.java:matchSourceWithTarget(708)) - ContainerBalancer is finding suitable target for source datanode cdafc4f1-d2ae-4de7-95c4-e47e72738679
2023-09-08 11:18:56,767 [main] INFO  balancer.ContainerBalancerTask (ContainerBalancerTask.java:matchSourceWithTarget(722)) - ContainerBalancer matched source datanode cdafc4f1-d2ae-4de7-95c4-e47e72738679 with target datanode 3c90cbe0-a2b5-4708-8609-28ee22dd80e3 for container move.
2023-09-08 11:18:56,767 [main] INFO  balancer.ContainerBalancerTask (ContainerBalancerTask.java:processMoveSelection(569)) - ContainerBalancer is trying to move container #53 with size 5368709120B from source datanode cdafc4f1-d2ae-4de7-95c4-e47e72738679 to target datanode 3c90cbe0-a2b5-4708-8609-28ee22dd80e3
2023-09-08 11:18:56,768 [main] WARN  balancer.ContainerBalancerTask (ContainerBalancerTask.java:lambda$moveContainer$3(842)) - Container move for container #53 from source cdafc4f1-d2ae-4de7-95c4-e47e72738679 to target 3c90cbe0-a2b5-4708-8609-28ee22dd80e3 failed: DELETION_FAIL_TIME_OUT
2023-09-08 11:18:56,768 [main] INFO  balancer.FindSourceGreedy (FindSourceGreedy.java:getNextCandidateSourceDataNode(126)) - no more candidate source data node
2023-09-08 11:18:56,768 [main] INFO  balancer.ContainerBalancerTask (ContainerBalancerTask.java:checkIterationMoveResults(642)) - Iteration Summary. Number of Datanodes involved: 0. Size moved: 0 B (0 Bytes). Number of Container moves completed: 0.
2023-09-08 11:18:56,768 [main] INFO  balancer.ContainerBalancerTask (ContainerBalancerTask.java:balance(259)) - Result of this iteration of Container Balancer: ITERATION_COMPLETED
2023-09-08 11:18:56,769 [main] INFO  balancer.ContainerBalancerTask (ContainerBalancerTask.java:tryStopWithSaveConfiguration(308)) - Save Configuration for stopping. Reason: Completed all iterations.
]]></system-out>
  </testcase>
  <testcase name="checkIterationResultTimeout" classname="org.apache.hadoop.hdds.scm.container.balancer.TestContainerBalancerTask" time="1.228">
    <system-out><![CDATA[2023-09-08 11:18:56,813 [main] INFO  net.NodeSchemaLoader (NodeSchemaLoader.java:loadSchemaFromFile(129)) - Loading schema from [file:/home/runner/work/ozone/ozone/hadoop-hdds/common/target/classes/network-topology-default.xml]
2023-09-08 11:18:56,814 [main] INFO  net.NodeSchemaLoader (NodeSchemaLoader.java:loadSchema(176)) - Loading network topology layer schema file
2023-09-08 11:18:56,819 [main] INFO  net.NetworkTopologyImpl (NetworkTopologyImpl.java:add(112)) - Added a new node: /default-rack/a5eed47d-fce0-47e1-bb13-6aa2b5e17e37
2023-09-08 11:18:56,819 [main] INFO  net.NetworkTopologyImpl (NetworkTopologyImpl.java:add(112)) - Added a new node: /default-rack/a1c75677-d326-4714-9a4c-fadd61377b22
2023-09-08 11:18:56,820 [main] INFO  net.NetworkTopologyImpl (NetworkTopologyImpl.java:add(112)) - Added a new node: /default-rack/59f2f4a1-5964-4451-ba62-c3df674475b8
2023-09-08 11:18:56,820 [main] INFO  net.NetworkTopologyImpl (NetworkTopologyImpl.java:add(112)) - Added a new node: /default-rack/efe1b5b1-c41f-4a2c-a0f7-b9e25bc5371b
2023-09-08 11:18:56,820 [main] INFO  net.NetworkTopologyImpl (NetworkTopologyImpl.java:add(112)) - Added a new node: /default-rack/79274c6e-3dfd-4b98-9a4d-7c29a564bac5
2023-09-08 11:18:56,820 [main] INFO  net.NetworkTopologyImpl (NetworkTopologyImpl.java:add(112)) - Added a new node: /default-rack/6ddb4f09-c902-412b-a334-9ddb34849f69
2023-09-08 11:18:56,820 [main] INFO  net.NetworkTopologyImpl (NetworkTopologyImpl.java:add(112)) - Added a new node: /default-rack/9debce23-1778-4a24-9800-092331f449a9
2023-09-08 11:18:56,821 [main] INFO  net.NetworkTopologyImpl (NetworkTopologyImpl.java:add(112)) - Added a new node: /default-rack/a5773976-274f-4f59-8f1a-51822a09a1db
2023-09-08 11:18:56,821 [main] INFO  net.NetworkTopologyImpl (NetworkTopologyImpl.java:add(112)) - Added a new node: /default-rack/c9ba1c92-7368-461c-b1c1-af2b803c1cd4
2023-09-08 11:18:56,821 [main] INFO  net.NetworkTopologyImpl (NetworkTopologyImpl.java:add(112)) - Added a new node: /default-rack/5aaff5f6-a2c3-4d7f-98f3-4ecfb9d54873
2023-09-08 11:18:56,822 [main] INFO  algorithms.ContainerPlacementPolicyFactory (ContainerPlacementPolicyFactory.java:getPolicyInternal(86)) - Create container placement policy of type org.apache.hadoop.hdds.scm.container.placement.algorithms.SCMContainerPlacementRackAware
2023-09-08 11:18:56,822 [main] INFO  algorithms.ContainerPlacementPolicyFactory (ContainerPlacementPolicyFactory.java:getPolicyInternal(86)) - Create container placement policy of type org.apache.hadoop.hdds.scm.container.placement.algorithms.SCMContainerPlacementRackScatter
2023-09-08 11:18:56,832 [main] DEBUG balancer.ContainerBalancerTask (ContainerBalancerTask.java:initializeIteration(374)) - Average utilization of the cluster is 0.3549957142331896
2023-09-08 11:18:56,832 [main] DEBUG balancer.ContainerBalancerTask (ContainerBalancerTask.java:initializeIteration(386)) - Lower limit for utilization is 0.25499571423318956 and Upper limit for utilization is 0.45499571423318963
2023-09-08 11:18:56,832 [main] DEBUG balancer.ContainerBalancerTask (ContainerBalancerTask.java:initializeIteration(398)) - Utilization for node c9ba1c92-7368-461c-b1c1-af2b803c1cd4 with capacity 62038416497B, used 55834574848B, and remaining 6203841649B is 0.9000000000112833
2023-09-08 11:18:56,833 [main] DEBUG balancer.ContainerBalancerTask (ContainerBalancerTask.java:initializeIteration(398)) - Utilization for node 6ddb4f09-c902-412b-a334-9ddb34849f69 with capacity 88583700480B, used 70866960384B, and remaining 17716740096B is 0.8
2023-09-08 11:18:56,833 [main] DEBUG balancer.ContainerBalancerTask (ContainerBalancerTask.java:initializeIteration(398)) - Utilization for node 79274c6e-3dfd-4b98-9a4d-7c29a564bac5 with capacity 67492343222B, used 47244640256B, and remaining 20247702966B is 0.7000000000088898
2023-09-08 11:18:56,833 [main] DEBUG balancer.ContainerBalancerTask (ContainerBalancerTask.java:initializeIteration(398)) - Utilization for node 9debce23-1778-4a24-9800-092331f449a9 with capacity 82320206506B, used 49392123904B, and remaining 32928082602B is 0.6000000000048591
2023-09-08 11:18:56,833 [main] DEBUG balancer.ContainerBalancerTask (ContainerBalancerTask.java:initializeIteration(398)) - Utilization for node a1c75677-d326-4714-9a4c-fadd61377b22 with capacity 73014444032B, used 36507222016B, and remaining 36507222016B is 0.5
2023-09-08 11:18:56,833 [main] DEBUG balancer.ContainerBalancerTask (ContainerBalancerTask.java:initializeIteration(398)) - Utilization for node 5aaff5f6-a2c3-4d7f-98f3-4ecfb9d54873 with capacity 96636764160B, used 38654705664B, and remaining 57982058496B is 0.4
2023-09-08 11:18:56,833 [main] DEBUG balancer.ContainerBalancerTask (ContainerBalancerTask.java:initializeIteration(398)) - Utilization for node a5773976-274f-4f59-8f1a-51822a09a1db with capacity 128849018880B, used 38654705664B, and remaining 90194313216B is 0.3
2023-09-08 11:18:56,833 [main] DEBUG balancer.ContainerBalancerTask (ContainerBalancerTask.java:initializeIteration(398)) - Utilization for node a5eed47d-fce0-47e1-bb13-6aa2b5e17e37 with capacity 166429982720B, used 33285996544B, and remaining 133143986176B is 0.2
2023-09-08 11:18:56,834 [main] DEBUG balancer.ContainerBalancerTask (ContainerBalancerTask.java:initializeIteration(398)) - Utilization for node 59f2f4a1-5964-4451-ba62-c3df674475b8 with capacity 354334801920B, used 35433480192B, and remaining 318901321728B is 0.1
2023-09-08 11:18:56,834 [main] DEBUG balancer.ContainerBalancerTask (ContainerBalancerTask.java:initializeIteration(398)) - Utilization for node efe1b5b1-c41f-4a2c-a0f7-b9e25bc5371b with capacity 23622320128B, used 0B, and remaining 23622320128B is 0.0
2023-09-08 11:18:56,834 [main] INFO  balancer.ContainerBalancerTask (ContainerBalancerTask.java:initializeIteration(447)) - Container Balancer has identified 5 Over-Utilized and 3 Under-Utilized Datanodes that need to be balanced.
2023-09-08 11:18:56,835 [main] DEBUG balancer.ContainerBalancerTask (ContainerBalancerTask.java:lambda$initializeIteration$1(453)) - Datanode localhost-247.124.160.22 c9ba1c92-7368-461c-b1c1-af2b803c1cd4 is Over-Utilized.
2023-09-08 11:18:56,837 [main] DEBUG balancer.ContainerBalancerTask (ContainerBalancerTask.java:lambda$initializeIteration$1(453)) - Datanode localhost-120.164.91.102 6ddb4f09-c902-412b-a334-9ddb34849f69 is Over-Utilized.
2023-09-08 11:18:56,837 [main] DEBUG balancer.ContainerBalancerTask (ContainerBalancerTask.java:lambda$initializeIteration$1(453)) - Datanode localhost-133.142.33.130 79274c6e-3dfd-4b98-9a4d-7c29a564bac5 is Over-Utilized.
2023-09-08 11:18:56,837 [main] DEBUG balancer.ContainerBalancerTask (ContainerBalancerTask.java:lambda$initializeIteration$1(453)) - Datanode localhost-231.208.244.139 9debce23-1778-4a24-9800-092331f449a9 is Over-Utilized.
2023-09-08 11:18:56,838 [main] DEBUG balancer.ContainerBalancerTask (ContainerBalancerTask.java:lambda$initializeIteration$1(453)) - Datanode localhost-49.45.248.213 a1c75677-d326-4714-9a4c-fadd61377b22 is Over-Utilized.
2023-09-08 11:18:56,838 [main] DEBUG balancer.ContainerBalancerTask (ContainerBalancerTask.java:lambda$initializeIteration$2(459)) - Datanode localhost-148.22.89.108 efe1b5b1-c41f-4a2c-a0f7-b9e25bc5371b is Under-Utilized.
2023-09-08 11:18:56,838 [main] DEBUG balancer.ContainerBalancerTask (ContainerBalancerTask.java:lambda$initializeIteration$2(459)) - Datanode localhost-94.84.201.129 59f2f4a1-5964-4451-ba62-c3df674475b8 is Under-Utilized.
2023-09-08 11:18:56,838 [main] DEBUG balancer.ContainerBalancerTask (ContainerBalancerTask.java:lambda$initializeIteration$2(459)) - Datanode localhost-209.95.214.220 a5eed47d-fce0-47e1-bb13-6aa2b5e17e37 is Under-Utilized.
2023-09-08 11:18:56,842 [main] DEBUG balancer.ContainerBalancerTask (ContainerBalancerTask.java:matchSourceWithTarget(708)) - ContainerBalancer is finding suitable target for source datanode c9ba1c92-7368-461c-b1c1-af2b803c1cd4
2023-09-08 11:18:56,842 [main] INFO  balancer.ContainerBalancerTask (ContainerBalancerTask.java:matchSourceWithTarget(722)) - ContainerBalancer matched source datanode c9ba1c92-7368-461c-b1c1-af2b803c1cd4 with target datanode efe1b5b1-c41f-4a2c-a0f7-b9e25bc5371b for container move.
2023-09-08 11:18:56,843 [main] INFO  balancer.ContainerBalancerTask (ContainerBalancerTask.java:processMoveSelection(569)) - ContainerBalancer is trying to move container #84 with size 4294967296B from source datanode c9ba1c92-7368-461c-b1c1-af2b803c1cd4 to target datanode efe1b5b1-c41f-4a2c-a0f7-b9e25bc5371b
2023-09-08 11:18:56,843 [main] DEBUG balancer.ContainerBalancerTask (ContainerBalancerTask.java:lambda$moveContainer$3(837)) - Container move completed for container #84 from source c9ba1c92-7368-461c-b1c1-af2b803c1cd4 to target efe1b5b1-c41f-4a2c-a0f7-b9e25bc5371b
2023-09-08 11:18:56,846 [main] DEBUG balancer.ContainerBalancerTask (ContainerBalancerTask.java:matchSourceWithTarget(708)) - ContainerBalancer is finding suitable target for source datanode c9ba1c92-7368-461c-b1c1-af2b803c1cd4
2023-09-08 11:18:56,847 [main] INFO  balancer.ContainerBalancerTask (ContainerBalancerTask.java:matchSourceWithTarget(722)) - ContainerBalancer matched source datanode c9ba1c92-7368-461c-b1c1-af2b803c1cd4 with target datanode 59f2f4a1-5964-4451-ba62-c3df674475b8 for container move.
2023-09-08 11:18:56,847 [main] INFO  balancer.ContainerBalancerTask (ContainerBalancerTask.java:processMoveSelection(569)) - ContainerBalancer is trying to move container #28 with size 4294967296B from source datanode c9ba1c92-7368-461c-b1c1-af2b803c1cd4 to target datanode 59f2f4a1-5964-4451-ba62-c3df674475b8
2023-09-08 11:18:56,855 [main] DEBUG balancer.ContainerBalancerTask (ContainerBalancerTask.java:matchSourceWithTarget(708)) - ContainerBalancer is finding suitable target for source datanode 6ddb4f09-c902-412b-a334-9ddb34849f69
2023-09-08 11:18:56,855 [main] INFO  balancer.ContainerBalancerTask (ContainerBalancerTask.java:matchSourceWithTarget(722)) - ContainerBalancer matched source datanode 6ddb4f09-c902-412b-a334-9ddb34849f69 with target datanode 59f2f4a1-5964-4451-ba62-c3df674475b8 for container move.
2023-09-08 11:18:56,855 [main] INFO  balancer.ContainerBalancerTask (ContainerBalancerTask.java:processMoveSelection(569)) - ContainerBalancer is trying to move container #68 with size 5368709120B from source datanode 6ddb4f09-c902-412b-a334-9ddb34849f69 to target datanode 59f2f4a1-5964-4451-ba62-c3df674475b8
2023-09-08 11:18:56,859 [main] DEBUG balancer.ContainerBalancerTask (ContainerBalancerTask.java:matchSourceWithTarget(708)) - ContainerBalancer is finding suitable target for source datanode c9ba1c92-7368-461c-b1c1-af2b803c1cd4
2023-09-08 11:18:56,862 [main] INFO  balancer.ContainerBalancerTask (ContainerBalancerTask.java:matchSourceWithTarget(722)) - ContainerBalancer matched source datanode c9ba1c92-7368-461c-b1c1-af2b803c1cd4 with target datanode efe1b5b1-c41f-4a2c-a0f7-b9e25bc5371b for container move.
2023-09-08 11:18:56,862 [main] INFO  balancer.ContainerBalancerTask (ContainerBalancerTask.java:processMoveSelection(569)) - ContainerBalancer is trying to move container #88 with size 3221225472B from source datanode c9ba1c92-7368-461c-b1c1-af2b803c1cd4 to target datanode efe1b5b1-c41f-4a2c-a0f7-b9e25bc5371b
2023-09-08 11:18:56,866 [main] DEBUG balancer.ContainerBalancerTask (ContainerBalancerTask.java:matchSourceWithTarget(708)) - ContainerBalancer is finding suitable target for source datanode 6ddb4f09-c902-412b-a334-9ddb34849f69
2023-09-08 11:18:56,867 [main] INFO  balancer.ContainerBalancerTask (ContainerBalancerTask.java:matchSourceWithTarget(722)) - ContainerBalancer matched source datanode 6ddb4f09-c902-412b-a334-9ddb34849f69 with target datanode a5eed47d-fce0-47e1-bb13-6aa2b5e17e37 for container move.
2023-09-08 11:18:56,867 [main] INFO  balancer.ContainerBalancerTask (ContainerBalancerTask.java:processMoveSelection(569)) - ContainerBalancer is trying to move container #40 with size 5368709120B from source datanode 6ddb4f09-c902-412b-a334-9ddb34849f69 to target datanode a5eed47d-fce0-47e1-bb13-6aa2b5e17e37
2023-09-08 11:18:56,871 [main] DEBUG balancer.ContainerBalancerTask (ContainerBalancerTask.java:matchSourceWithTarget(708)) - ContainerBalancer is finding suitable target for source datanode c9ba1c92-7368-461c-b1c1-af2b803c1cd4
2023-09-08 11:18:56,871 [main] INFO  balancer.ContainerBalancerTask (ContainerBalancerTask.java:matchSourceWithTarget(722)) - ContainerBalancer matched source datanode c9ba1c92-7368-461c-b1c1-af2b803c1cd4 with target datanode a5eed47d-fce0-47e1-bb13-6aa2b5e17e37 for container move.
2023-09-08 11:18:56,872 [main] INFO  balancer.ContainerBalancerTask (ContainerBalancerTask.java:processMoveSelection(569)) - ContainerBalancer is trying to move container #82 with size 2147483648B from source datanode c9ba1c92-7368-461c-b1c1-af2b803c1cd4 to target datanode a5eed47d-fce0-47e1-bb13-6aa2b5e17e37
2023-09-08 11:18:56,875 [main] DEBUG balancer.ContainerBalancerTask (ContainerBalancerTask.java:matchSourceWithTarget(708)) - ContainerBalancer is finding suitable target for source datanode 79274c6e-3dfd-4b98-9a4d-7c29a564bac5
2023-09-08 11:18:56,876 [main] INFO  balancer.ContainerBalancerTask (ContainerBalancerTask.java:matchSourceWithTarget(722)) - ContainerBalancer matched source datanode 79274c6e-3dfd-4b98-9a4d-7c29a564bac5 with target datanode 59f2f4a1-5964-4451-ba62-c3df674475b8 for container move.
2023-09-08 11:18:56,876 [main] INFO  balancer.ContainerBalancerTask (ContainerBalancerTask.java:processMoveSelection(569)) - ContainerBalancer is trying to move container #54 with size 1073741824B from source datanode 79274c6e-3dfd-4b98-9a4d-7c29a564bac5 to target datanode 59f2f4a1-5964-4451-ba62-c3df674475b8
2023-09-08 11:18:56,880 [main] DEBUG balancer.ContainerBalancerTask (ContainerBalancerTask.java:matchSourceWithTarget(708)) - ContainerBalancer is finding suitable target for source datanode 79274c6e-3dfd-4b98-9a4d-7c29a564bac5
2023-09-08 11:18:56,880 [main] INFO  balancer.ContainerBalancerTask (ContainerBalancerTask.java:matchSourceWithTarget(722)) - ContainerBalancer matched source datanode 79274c6e-3dfd-4b98-9a4d-7c29a564bac5 with target datanode a5eed47d-fce0-47e1-bb13-6aa2b5e17e37 for container move.
2023-09-08 11:18:56,882 [main] INFO  balancer.ContainerBalancerTask (ContainerBalancerTask.java:processMoveSelection(569)) - ContainerBalancer is trying to move container #50 with size 2147483648B from source datanode 79274c6e-3dfd-4b98-9a4d-7c29a564bac5 to target datanode a5eed47d-fce0-47e1-bb13-6aa2b5e17e37
2023-09-08 11:18:56,890 [main] DEBUG balancer.ContainerBalancerTask (ContainerBalancerTask.java:matchSourceWithTarget(708)) - ContainerBalancer is finding suitable target for source datanode 6ddb4f09-c902-412b-a334-9ddb34849f69
2023-09-08 11:18:56,891 [main] INFO  balancer.ContainerBalancerTask (ContainerBalancerTask.java:matchSourceWithTarget(722)) - ContainerBalancer matched source datanode 6ddb4f09-c902-412b-a334-9ddb34849f69 with target datanode a5eed47d-fce0-47e1-bb13-6aa2b5e17e37 for container move.
2023-09-08 11:18:56,891 [main] INFO  balancer.ContainerBalancerTask (ContainerBalancerTask.java:processMoveSelection(569)) - ContainerBalancer is trying to move container #64 with size 1073741824B from source datanode 6ddb4f09-c902-412b-a334-9ddb34849f69 to target datanode a5eed47d-fce0-47e1-bb13-6aa2b5e17e37
2023-09-08 11:18:56,895 [main] DEBUG balancer.ContainerBalancerTask (ContainerBalancerTask.java:matchSourceWithTarget(708)) - ContainerBalancer is finding suitable target for source datanode c9ba1c92-7368-461c-b1c1-af2b803c1cd4
2023-09-08 11:18:56,895 [main] INFO  balancer.ContainerBalancerTask (ContainerBalancerTask.java:matchSourceWithTarget(722)) - ContainerBalancer matched source datanode c9ba1c92-7368-461c-b1c1-af2b803c1cd4 with target datanode efe1b5b1-c41f-4a2c-a0f7-b9e25bc5371b for container move.
2023-09-08 11:18:56,895 [main] INFO  balancer.ContainerBalancerTask (ContainerBalancerTask.java:processMoveSelection(569)) - ContainerBalancer is trying to move container #86 with size 1073741824B from source datanode c9ba1c92-7368-461c-b1c1-af2b803c1cd4 to target datanode efe1b5b1-c41f-4a2c-a0f7-b9e25bc5371b
2023-09-08 11:18:56,900 [main] DEBUG balancer.ContainerBalancerTask (ContainerBalancerTask.java:matchSourceWithTarget(708)) - ContainerBalancer is finding suitable target for source datanode 6ddb4f09-c902-412b-a334-9ddb34849f69
2023-09-08 11:18:56,900 [main] INFO  balancer.ContainerBalancerTask (ContainerBalancerTask.java:matchSourceWithTarget(722)) - ContainerBalancer matched source datanode 6ddb4f09-c902-412b-a334-9ddb34849f69 with target datanode efe1b5b1-c41f-4a2c-a0f7-b9e25bc5371b for container move.
2023-09-08 11:18:56,900 [main] INFO  balancer.ContainerBalancerTask (ContainerBalancerTask.java:processMoveSelection(569)) - ContainerBalancer is trying to move container #70 with size 2147483648B from source datanode 6ddb4f09-c902-412b-a334-9ddb34849f69 to target datanode efe1b5b1-c41f-4a2c-a0f7-b9e25bc5371b
2023-09-08 11:18:56,905 [main] DEBUG balancer.ContainerBalancerTask (ContainerBalancerTask.java:matchSourceWithTarget(701)) - ContainerBalancer could not find any candidate containers for datanode c9ba1c92-7368-461c-b1c1-af2b803c1cd4
2023-09-08 11:18:56,909 [main] DEBUG balancer.ContainerBalancerTask (ContainerBalancerTask.java:matchSourceWithTarget(708)) - ContainerBalancer is finding suitable target for source datanode 79274c6e-3dfd-4b98-9a4d-7c29a564bac5
2023-09-08 11:18:56,909 [main] INFO  balancer.FindTargetGreedyByUsageInfo (AbstractFindTargetGreedy.java:findTargetForContainerMove(133)) - Container Balancer could not find a target for source datanode 79274c6e-3dfd-4b98-9a4d-7c29a564bac5
2023-09-08 11:18:56,909 [main] DEBUG balancer.ContainerBalancerTask (ContainerBalancerTask.java:matchSourceWithTarget(717)) - ContainerBalancer could not find a suitable target for source node 79274c6e-3dfd-4b98-9a4d-7c29a564bac5.
2023-09-08 11:18:56,914 [main] DEBUG balancer.ContainerBalancerTask (ContainerBalancerTask.java:matchSourceWithTarget(708)) - ContainerBalancer is finding suitable target for source datanode 6ddb4f09-c902-412b-a334-9ddb34849f69
2023-09-08 11:18:56,914 [main] INFO  balancer.FindTargetGreedyByUsageInfo (AbstractFindTargetGreedy.java:findTargetForContainerMove(133)) - Container Balancer could not find a target for source datanode 6ddb4f09-c902-412b-a334-9ddb34849f69
2023-09-08 11:18:56,914 [main] DEBUG balancer.ContainerBalancerTask (ContainerBalancerTask.java:matchSourceWithTarget(717)) - ContainerBalancer could not find a suitable target for source node 6ddb4f09-c902-412b-a334-9ddb34849f69.
2023-09-08 11:18:56,918 [main] DEBUG balancer.ContainerBalancerTask (ContainerBalancerTask.java:matchSourceWithTarget(708)) - ContainerBalancer is finding suitable target for source datanode 9debce23-1778-4a24-9800-092331f449a9
2023-09-08 11:18:56,918 [main] INFO  balancer.FindTargetGreedyByUsageInfo (AbstractFindTargetGreedy.java:findTargetForContainerMove(133)) - Container Balancer could not find a target for source datanode 9debce23-1778-4a24-9800-092331f449a9
2023-09-08 11:18:56,918 [main] DEBUG balancer.ContainerBalancerTask (ContainerBalancerTask.java:matchSourceWithTarget(717)) - ContainerBalancer could not find a suitable target for source node 9debce23-1778-4a24-9800-092331f449a9.
2023-09-08 11:18:56,921 [main] DEBUG balancer.ContainerBalancerTask (ContainerBalancerTask.java:matchSourceWithTarget(708)) - ContainerBalancer is finding suitable target for source datanode a1c75677-d326-4714-9a4c-fadd61377b22
2023-09-08 11:18:56,921 [main] INFO  balancer.FindTargetGreedyByUsageInfo (AbstractFindTargetGreedy.java:findTargetForContainerMove(133)) - Container Balancer could not find a target for source datanode a1c75677-d326-4714-9a4c-fadd61377b22
2023-09-08 11:18:56,922 [main] DEBUG balancer.ContainerBalancerTask (ContainerBalancerTask.java:matchSourceWithTarget(717)) - ContainerBalancer could not find a suitable target for source node a1c75677-d326-4714-9a4c-fadd61377b22.
2023-09-08 11:18:56,922 [main] INFO  balancer.FindSourceGreedy (FindSourceGreedy.java:getNextCandidateSourceDataNode(126)) - no more candidate source data node
2023-09-08 11:18:57,423 [main] WARN  balancer.ContainerBalancerTask (ContainerBalancerTask.java:cancelMovesThatExceedTimeoutDuration(674)) - Container move timed out for container #54 from source 79274c6e-3dfd-4b98-9a4d-7c29a564bac5 to target 59f2f4a1-5964-4451-ba62-c3df674475b8.
2023-09-08 11:18:57,423 [main] WARN  balancer.ContainerBalancerTask (ContainerBalancerTask.java:cancelMovesThatExceedTimeoutDuration(674)) - Container move timed out for container #82 from source c9ba1c92-7368-461c-b1c1-af2b803c1cd4 to target a5eed47d-fce0-47e1-bb13-6aa2b5e17e37.
2023-09-08 11:18:57,424 [main] WARN  balancer.ContainerBalancerTask (ContainerBalancerTask.java:cancelMovesThatExceedTimeoutDuration(674)) - Container move timed out for container #50 from source 79274c6e-3dfd-4b98-9a4d-7c29a564bac5 to target a5eed47d-fce0-47e1-bb13-6aa2b5e17e37.
2023-09-08 11:18:57,424 [main] WARN  balancer.ContainerBalancerTask (ContainerBalancerTask.java:cancelMovesThatExceedTimeoutDuration(674)) - Container move timed out for container #28 from source c9ba1c92-7368-461c-b1c1-af2b803c1cd4 to target 59f2f4a1-5964-4451-ba62-c3df674475b8.
2023-09-08 11:18:57,424 [main] WARN  balancer.ContainerBalancerTask (ContainerBalancerTask.java:cancelMovesThatExceedTimeoutDuration(674)) - Container move timed out for container #88 from source c9ba1c92-7368-461c-b1c1-af2b803c1cd4 to target efe1b5b1-c41f-4a2c-a0f7-b9e25bc5371b.
2023-09-08 11:18:57,424 [main] WARN  balancer.ContainerBalancerTask (ContainerBalancerTask.java:cancelMovesThatExceedTimeoutDuration(674)) - Container move timed out for container #86 from source c9ba1c92-7368-461c-b1c1-af2b803c1cd4 to target efe1b5b1-c41f-4a2c-a0f7-b9e25bc5371b.
2023-09-08 11:18:57,424 [main] WARN  balancer.ContainerBalancerTask (ContainerBalancerTask.java:cancelMovesThatExceedTimeoutDuration(674)) - Container move timed out for container #70 from source 6ddb4f09-c902-412b-a334-9ddb34849f69 to target efe1b5b1-c41f-4a2c-a0f7-b9e25bc5371b.
2023-09-08 11:18:57,424 [main] WARN  balancer.ContainerBalancerTask (ContainerBalancerTask.java:cancelMovesThatExceedTimeoutDuration(674)) - Container move timed out for container #64 from source 6ddb4f09-c902-412b-a334-9ddb34849f69 to target a5eed47d-fce0-47e1-bb13-6aa2b5e17e37.
2023-09-08 11:18:57,424 [main] WARN  balancer.ContainerBalancerTask (ContainerBalancerTask.java:cancelMovesThatExceedTimeoutDuration(674)) - Container move timed out for container #40 from source 6ddb4f09-c902-412b-a334-9ddb34849f69 to target a5eed47d-fce0-47e1-bb13-6aa2b5e17e37.
2023-09-08 11:18:57,425 [main] WARN  balancer.ContainerBalancerTask (ContainerBalancerTask.java:cancelMovesThatExceedTimeoutDuration(674)) - Container move timed out for container #68 from source 6ddb4f09-c902-412b-a334-9ddb34849f69 to target 59f2f4a1-5964-4451-ba62-c3df674475b8.
2023-09-08 11:18:57,425 [main] WARN  balancer.ContainerBalancerTask (ContainerBalancerTask.java:checkIterationMoveResults(620)) - 10 Container moves are canceled.
2023-09-08 11:18:57,425 [main] INFO  balancer.ContainerBalancerTask (ContainerBalancerTask.java:checkIterationMoveResults(642)) - Iteration Summary. Number of Datanodes involved: 6. Size moved: 4 GB (4294967296 Bytes). Number of Container moves completed: 1.
2023-09-08 11:18:57,425 [main] INFO  balancer.ContainerBalancerTask (ContainerBalancerTask.java:balance(259)) - Result of this iteration of Container Balancer: ITERATION_COMPLETED
2023-09-08 11:18:57,425 [main] INFO  balancer.ContainerBalancerTask (ContainerBalancerTask.java:tryStopWithSaveConfiguration(308)) - Save Configuration for stopping. Reason: Completed all iterations.
2023-09-08 11:18:57,427 [main] DEBUG balancer.ContainerBalancerTask (ContainerBalancerTask.java:initializeIteration(374)) - Average utilization of the cluster is 0.3549957142331896
2023-09-08 11:18:57,427 [main] DEBUG balancer.ContainerBalancerTask (ContainerBalancerTask.java:initializeIteration(386)) - Lower limit for utilization is 0.25499571423318956 and Upper limit for utilization is 0.45499571423318963
2023-09-08 11:18:57,427 [main] DEBUG balancer.ContainerBalancerTask (ContainerBalancerTask.java:initializeIteration(398)) - Utilization for node c9ba1c92-7368-461c-b1c1-af2b803c1cd4 with capacity 62038416497B, used 55834574848B, and remaining 6203841649B is 0.9000000000112833
2023-09-08 11:18:57,428 [main] DEBUG balancer.ContainerBalancerTask (ContainerBalancerTask.java:initializeIteration(398)) - Utilization for node 6ddb4f09-c902-412b-a334-9ddb34849f69 with capacity 88583700480B, used 70866960384B, and remaining 17716740096B is 0.8
2023-09-08 11:18:57,428 [main] DEBUG balancer.ContainerBalancerTask (ContainerBalancerTask.java:initializeIteration(398)) - Utilization for node 79274c6e-3dfd-4b98-9a4d-7c29a564bac5 with capacity 67492343222B, used 47244640256B, and remaining 20247702966B is 0.7000000000088898
2023-09-08 11:18:57,428 [main] DEBUG balancer.ContainerBalancerTask (ContainerBalancerTask.java:initializeIteration(398)) - Utilization for node 9debce23-1778-4a24-9800-092331f449a9 with capacity 82320206506B, used 49392123904B, and remaining 32928082602B is 0.6000000000048591
2023-09-08 11:18:57,428 [main] DEBUG balancer.ContainerBalancerTask (ContainerBalancerTask.java:initializeIteration(398)) - Utilization for node a1c75677-d326-4714-9a4c-fadd61377b22 with capacity 73014444032B, used 36507222016B, and remaining 36507222016B is 0.5
2023-09-08 11:18:57,428 [main] DEBUG balancer.ContainerBalancerTask (ContainerBalancerTask.java:initializeIteration(398)) - Utilization for node 5aaff5f6-a2c3-4d7f-98f3-4ecfb9d54873 with capacity 96636764160B, used 38654705664B, and remaining 57982058496B is 0.4
2023-09-08 11:18:57,428 [main] DEBUG balancer.ContainerBalancerTask (ContainerBalancerTask.java:initializeIteration(398)) - Utilization for node a5773976-274f-4f59-8f1a-51822a09a1db with capacity 128849018880B, used 38654705664B, and remaining 90194313216B is 0.3
2023-09-08 11:18:57,428 [main] DEBUG balancer.ContainerBalancerTask (ContainerBalancerTask.java:initializeIteration(398)) - Utilization for node a5eed47d-fce0-47e1-bb13-6aa2b5e17e37 with capacity 166429982720B, used 33285996544B, and remaining 133143986176B is 0.2
2023-09-08 11:18:57,428 [main] DEBUG balancer.ContainerBalancerTask (ContainerBalancerTask.java:initializeIteration(398)) - Utilization for node 59f2f4a1-5964-4451-ba62-c3df674475b8 with capacity 354334801920B, used 35433480192B, and remaining 318901321728B is 0.1
2023-09-08 11:18:57,429 [main] DEBUG balancer.ContainerBalancerTask (ContainerBalancerTask.java:initializeIteration(398)) - Utilization for node efe1b5b1-c41f-4a2c-a0f7-b9e25bc5371b with capacity 23622320128B, used 0B, and remaining 23622320128B is 0.0
2023-09-08 11:18:57,429 [main] INFO  balancer.ContainerBalancerTask (ContainerBalancerTask.java:initializeIteration(447)) - Container Balancer has identified 5 Over-Utilized and 3 Under-Utilized Datanodes that need to be balanced.
2023-09-08 11:18:57,429 [main] DEBUG balancer.ContainerBalancerTask (ContainerBalancerTask.java:lambda$initializeIteration$1(453)) - Datanode localhost-247.124.160.22 c9ba1c92-7368-461c-b1c1-af2b803c1cd4 is Over-Utilized.
2023-09-08 11:18:57,429 [main] DEBUG balancer.ContainerBalancerTask (ContainerBalancerTask.java:lambda$initializeIteration$1(453)) - Datanode localhost-120.164.91.102 6ddb4f09-c902-412b-a334-9ddb34849f69 is Over-Utilized.
2023-09-08 11:18:57,429 [main] DEBUG balancer.ContainerBalancerTask (ContainerBalancerTask.java:lambda$initializeIteration$1(453)) - Datanode localhost-133.142.33.130 79274c6e-3dfd-4b98-9a4d-7c29a564bac5 is Over-Utilized.
2023-09-08 11:18:57,429 [main] DEBUG balancer.ContainerBalancerTask (ContainerBalancerTask.java:lambda$initializeIteration$1(453)) - Datanode localhost-231.208.244.139 9debce23-1778-4a24-9800-092331f449a9 is Over-Utilized.
2023-09-08 11:18:57,429 [main] DEBUG balancer.ContainerBalancerTask (ContainerBalancerTask.java:lambda$initializeIteration$1(453)) - Datanode localhost-49.45.248.213 a1c75677-d326-4714-9a4c-fadd61377b22 is Over-Utilized.
2023-09-08 11:18:57,430 [main] DEBUG balancer.ContainerBalancerTask (ContainerBalancerTask.java:lambda$initializeIteration$2(459)) - Datanode localhost-148.22.89.108 efe1b5b1-c41f-4a2c-a0f7-b9e25bc5371b is Under-Utilized.
2023-09-08 11:18:57,430 [main] DEBUG balancer.ContainerBalancerTask (ContainerBalancerTask.java:lambda$initializeIteration$2(459)) - Datanode localhost-94.84.201.129 59f2f4a1-5964-4451-ba62-c3df674475b8 is Under-Utilized.
2023-09-08 11:18:57,430 [main] DEBUG balancer.ContainerBalancerTask (ContainerBalancerTask.java:lambda$initializeIteration$2(459)) - Datanode localhost-209.95.214.220 a5eed47d-fce0-47e1-bb13-6aa2b5e17e37 is Under-Utilized.
2023-09-08 11:18:57,435 [main] DEBUG balancer.ContainerBalancerTask (ContainerBalancerTask.java:matchSourceWithTarget(708)) - ContainerBalancer is finding suitable target for source datanode c9ba1c92-7368-461c-b1c1-af2b803c1cd4
2023-09-08 11:18:57,436 [main] INFO  balancer.ContainerBalancerTask (ContainerBalancerTask.java:matchSourceWithTarget(722)) - ContainerBalancer matched source datanode c9ba1c92-7368-461c-b1c1-af2b803c1cd4 with target datanode efe1b5b1-c41f-4a2c-a0f7-b9e25bc5371b for container move.
2023-09-08 11:18:57,436 [main] INFO  balancer.ContainerBalancerTask (ContainerBalancerTask.java:processMoveSelection(569)) - ContainerBalancer is trying to move container #85 with size 5368709120B from source datanode c9ba1c92-7368-461c-b1c1-af2b803c1cd4 to target datanode efe1b5b1-c41f-4a2c-a0f7-b9e25bc5371b
2023-09-08 11:18:57,436 [main] DEBUG balancer.ContainerBalancerTask (ContainerBalancerTask.java:lambda$moveContainer$3(837)) - Container move completed for container #85 from source c9ba1c92-7368-461c-b1c1-af2b803c1cd4 to target efe1b5b1-c41f-4a2c-a0f7-b9e25bc5371b
2023-09-08 11:18:57,439 [main] DEBUG balancer.ContainerBalancerTask (ContainerBalancerTask.java:matchSourceWithTarget(708)) - ContainerBalancer is finding suitable target for source datanode c9ba1c92-7368-461c-b1c1-af2b803c1cd4
2023-09-08 11:18:57,440 [main] INFO  balancer.ContainerBalancerTask (ContainerBalancerTask.java:matchSourceWithTarget(722)) - ContainerBalancer matched source datanode c9ba1c92-7368-461c-b1c1-af2b803c1cd4 with target datanode 59f2f4a1-5964-4451-ba62-c3df674475b8 for container move.
2023-09-08 11:18:57,440 [main] INFO  balancer.ContainerBalancerTask (ContainerBalancerTask.java:processMoveSelection(569)) - ContainerBalancer is trying to move container #89 with size 4294967296B from source datanode c9ba1c92-7368-461c-b1c1-af2b803c1cd4 to target datanode 59f2f4a1-5964-4451-ba62-c3df674475b8
2023-09-08 11:18:57,446 [main] DEBUG balancer.ContainerBalancerTask (ContainerBalancerTask.java:matchSourceWithTarget(708)) - ContainerBalancer is finding suitable target for source datanode 6ddb4f09-c902-412b-a334-9ddb34849f69
2023-09-08 11:18:57,447 [main] INFO  balancer.ContainerBalancerTask (ContainerBalancerTask.java:matchSourceWithTarget(722)) - ContainerBalancer matched source datanode 6ddb4f09-c902-412b-a334-9ddb34849f69 with target datanode 59f2f4a1-5964-4451-ba62-c3df674475b8 for container move.
2023-09-08 11:18:57,447 [main] INFO  balancer.ContainerBalancerTask (ContainerBalancerTask.java:processMoveSelection(569)) - ContainerBalancer is trying to move container #68 with size 5368709120B from source datanode 6ddb4f09-c902-412b-a334-9ddb34849f69 to target datanode 59f2f4a1-5964-4451-ba62-c3df674475b8
2023-09-08 11:18:57,450 [main] DEBUG balancer.ContainerBalancerTask (ContainerBalancerTask.java:matchSourceWithTarget(708)) - ContainerBalancer is finding suitable target for source datanode c9ba1c92-7368-461c-b1c1-af2b803c1cd4
2023-09-08 11:18:57,452 [main] INFO  balancer.ContainerBalancerTask (ContainerBalancerTask.java:matchSourceWithTarget(722)) - ContainerBalancer matched source datanode c9ba1c92-7368-461c-b1c1-af2b803c1cd4 with target datanode 59f2f4a1-5964-4451-ba62-c3df674475b8 for container move.
2023-09-08 11:18:57,452 [main] INFO  balancer.ContainerBalancerTask (ContainerBalancerTask.java:processMoveSelection(569)) - ContainerBalancer is trying to move container #81 with size 1073741824B from source datanode c9ba1c92-7368-461c-b1c1-af2b803c1cd4 to target datanode 59f2f4a1-5964-4451-ba62-c3df674475b8
2023-09-08 11:18:57,456 [main] DEBUG balancer.ContainerBalancerTask (ContainerBalancerTask.java:matchSourceWithTarget(708)) - ContainerBalancer is finding suitable target for source datanode 6ddb4f09-c902-412b-a334-9ddb34849f69
2023-09-08 11:18:57,457 [main] INFO  balancer.ContainerBalancerTask (ContainerBalancerTask.java:matchSourceWithTarget(722)) - ContainerBalancer matched source datanode 6ddb4f09-c902-412b-a334-9ddb34849f69 with target datanode a5eed47d-fce0-47e1-bb13-6aa2b5e17e37 for container move.
2023-09-08 11:18:57,457 [main] INFO  balancer.ContainerBalancerTask (ContainerBalancerTask.java:processMoveSelection(569)) - ContainerBalancer is trying to move container #53 with size 5368709120B from source datanode 6ddb4f09-c902-412b-a334-9ddb34849f69 to target datanode a5eed47d-fce0-47e1-bb13-6aa2b5e17e37
2023-09-08 11:18:57,461 [main] DEBUG balancer.ContainerBalancerTask (ContainerBalancerTask.java:matchSourceWithTarget(708)) - ContainerBalancer is finding suitable target for source datanode c9ba1c92-7368-461c-b1c1-af2b803c1cd4
2023-09-08 11:18:57,461 [main] INFO  balancer.ContainerBalancerTask (ContainerBalancerTask.java:matchSourceWithTarget(722)) - ContainerBalancer matched source datanode c9ba1c92-7368-461c-b1c1-af2b803c1cd4 with target datanode efe1b5b1-c41f-4a2c-a0f7-b9e25bc5371b for container move.
2023-09-08 11:18:57,461 [main] INFO  balancer.ContainerBalancerTask (ContainerBalancerTask.java:processMoveSelection(569)) - ContainerBalancer is trying to move container #84 with size 4294967296B from source datanode c9ba1c92-7368-461c-b1c1-af2b803c1cd4 to target datanode efe1b5b1-c41f-4a2c-a0f7-b9e25bc5371b
2023-09-08 11:18:57,465 [main] DEBUG balancer.ContainerBalancerTask (ContainerBalancerTask.java:matchSourceWithTarget(708)) - ContainerBalancer is finding suitable target for source datanode 79274c6e-3dfd-4b98-9a4d-7c29a564bac5
2023-09-08 11:18:57,465 [main] INFO  balancer.ContainerBalancerTask (ContainerBalancerTask.java:matchSourceWithTarget(722)) - ContainerBalancer matched source datanode 79274c6e-3dfd-4b98-9a4d-7c29a564bac5 with target datanode a5eed47d-fce0-47e1-bb13-6aa2b5e17e37 for container move.
2023-09-08 11:18:57,465 [main] INFO  balancer.ContainerBalancerTask (ContainerBalancerTask.java:processMoveSelection(569)) - ContainerBalancer is trying to move container #29 with size 5368709120B from source datanode 79274c6e-3dfd-4b98-9a4d-7c29a564bac5 to target datanode a5eed47d-fce0-47e1-bb13-6aa2b5e17e37
2023-09-08 11:18:57,469 [main] DEBUG balancer.ContainerBalancerTask (ContainerBalancerTask.java:matchSourceWithTarget(708)) - ContainerBalancer is finding suitable target for source datanode 6ddb4f09-c902-412b-a334-9ddb34849f69
2023-09-08 11:18:57,472 [main] INFO  balancer.ContainerBalancerTask (ContainerBalancerTask.java:matchSourceWithTarget(722)) - ContainerBalancer matched source datanode 6ddb4f09-c902-412b-a334-9ddb34849f69 with target datanode efe1b5b1-c41f-4a2c-a0f7-b9e25bc5371b for container move.
2023-09-08 11:18:57,473 [main] INFO  balancer.ContainerBalancerTask (ContainerBalancerTask.java:processMoveSelection(569)) - ContainerBalancer is trying to move container #69 with size 1073741824B from source datanode 6ddb4f09-c902-412b-a334-9ddb34849f69 to target datanode efe1b5b1-c41f-4a2c-a0f7-b9e25bc5371b
2023-09-08 11:18:57,477 [main] DEBUG balancer.ContainerBalancerTask (ContainerBalancerTask.java:matchSourceWithTarget(708)) - ContainerBalancer is finding suitable target for source datanode 6ddb4f09-c902-412b-a334-9ddb34849f69
2023-09-08 11:18:57,477 [main] INFO  balancer.FindTargetGreedyByUsageInfo (AbstractFindTargetGreedy.java:findTargetForContainerMove(133)) - Container Balancer could not find a target for source datanode 6ddb4f09-c902-412b-a334-9ddb34849f69
2023-09-08 11:18:57,477 [main] DEBUG balancer.ContainerBalancerTask (ContainerBalancerTask.java:matchSourceWithTarget(717)) - ContainerBalancer could not find a suitable target for source node 6ddb4f09-c902-412b-a334-9ddb34849f69.
2023-09-08 11:18:57,485 [main] DEBUG balancer.ContainerBalancerTask (ContainerBalancerTask.java:matchSourceWithTarget(708)) - ContainerBalancer is finding suitable target for source datanode c9ba1c92-7368-461c-b1c1-af2b803c1cd4
2023-09-08 11:18:57,486 [main] INFO  balancer.FindTargetGreedyByUsageInfo (AbstractFindTargetGreedy.java:findTargetForContainerMove(133)) - Container Balancer could not find a target for source datanode c9ba1c92-7368-461c-b1c1-af2b803c1cd4
2023-09-08 11:18:57,486 [main] DEBUG balancer.ContainerBalancerTask (ContainerBalancerTask.java:matchSourceWithTarget(717)) - ContainerBalancer could not find a suitable target for source node c9ba1c92-7368-461c-b1c1-af2b803c1cd4.
2023-09-08 11:18:57,490 [main] DEBUG balancer.ContainerBalancerTask (ContainerBalancerTask.java:matchSourceWithTarget(708)) - ContainerBalancer is finding suitable target for source datanode 79274c6e-3dfd-4b98-9a4d-7c29a564bac5
2023-09-08 11:18:57,490 [main] INFO  balancer.FindTargetGreedyByUsageInfo (AbstractFindTargetGreedy.java:findTargetForContainerMove(133)) - Container Balancer could not find a target for source datanode 79274c6e-3dfd-4b98-9a4d-7c29a564bac5
2023-09-08 11:18:57,490 [main] DEBUG balancer.ContainerBalancerTask (ContainerBalancerTask.java:matchSourceWithTarget(717)) - ContainerBalancer could not find a suitable target for source node 79274c6e-3dfd-4b98-9a4d-7c29a564bac5.
2023-09-08 11:18:57,495 [main] DEBUG balancer.ContainerBalancerTask (ContainerBalancerTask.java:matchSourceWithTarget(708)) - ContainerBalancer is finding suitable target for source datanode 9debce23-1778-4a24-9800-092331f449a9
2023-09-08 11:18:57,496 [main] INFO  balancer.FindTargetGreedyByUsageInfo (AbstractFindTargetGreedy.java:findTargetForContainerMove(133)) - Container Balancer could not find a target for source datanode 9debce23-1778-4a24-9800-092331f449a9
2023-09-08 11:18:57,496 [main] DEBUG balancer.ContainerBalancerTask (ContainerBalancerTask.java:matchSourceWithTarget(717)) - ContainerBalancer could not find a suitable target for source node 9debce23-1778-4a24-9800-092331f449a9.
2023-09-08 11:18:57,498 [main] DEBUG balancer.ContainerBalancerTask (ContainerBalancerTask.java:matchSourceWithTarget(708)) - ContainerBalancer is finding suitable target for source datanode a1c75677-d326-4714-9a4c-fadd61377b22
2023-09-08 11:18:57,498 [main] INFO  balancer.FindTargetGreedyByUsageInfo (AbstractFindTargetGreedy.java:findTargetForContainerMove(133)) - Container Balancer could not find a target for source datanode a1c75677-d326-4714-9a4c-fadd61377b22
2023-09-08 11:18:57,499 [main] DEBUG balancer.ContainerBalancerTask (ContainerBalancerTask.java:matchSourceWithTarget(717)) - ContainerBalancer could not find a suitable target for source node a1c75677-d326-4714-9a4c-fadd61377b22.
2023-09-08 11:18:57,499 [main] INFO  balancer.FindSourceGreedy (FindSourceGreedy.java:getNextCandidateSourceDataNode(126)) - no more candidate source data node
2023-09-08 11:18:57,999 [main] WARN  balancer.ContainerBalancerTask (ContainerBalancerTask.java:cancelMovesThatExceedTimeoutDuration(674)) - Container move timed out for container #89 from source c9ba1c92-7368-461c-b1c1-af2b803c1cd4 to target 59f2f4a1-5964-4451-ba62-c3df674475b8.
2023-09-08 11:18:57,999 [main] WARN  balancer.ContainerBalancerTask (ContainerBalancerTask.java:cancelMovesThatExceedTimeoutDuration(674)) - Container move timed out for container #53 from source 6ddb4f09-c902-412b-a334-9ddb34849f69 to target a5eed47d-fce0-47e1-bb13-6aa2b5e17e37.
2023-09-08 11:18:58,000 [main] WARN  balancer.ContainerBalancerTask (ContainerBalancerTask.java:cancelMovesThatExceedTimeoutDuration(674)) - Container move timed out for container #29 from source 79274c6e-3dfd-4b98-9a4d-7c29a564bac5 to target a5eed47d-fce0-47e1-bb13-6aa2b5e17e37.
2023-09-08 11:18:58,000 [main] WARN  balancer.ContainerBalancerTask (ContainerBalancerTask.java:cancelMovesThatExceedTimeoutDuration(674)) - Container move timed out for container #84 from source c9ba1c92-7368-461c-b1c1-af2b803c1cd4 to target efe1b5b1-c41f-4a2c-a0f7-b9e25bc5371b.
2023-09-08 11:18:58,000 [main] WARN  balancer.ContainerBalancerTask (ContainerBalancerTask.java:cancelMovesThatExceedTimeoutDuration(674)) - Container move timed out for container #69 from source 6ddb4f09-c902-412b-a334-9ddb34849f69 to target efe1b5b1-c41f-4a2c-a0f7-b9e25bc5371b.
2023-09-08 11:18:58,000 [main] WARN  balancer.ContainerBalancerTask (ContainerBalancerTask.java:cancelMovesThatExceedTimeoutDuration(674)) - Container move timed out for container #81 from source c9ba1c92-7368-461c-b1c1-af2b803c1cd4 to target 59f2f4a1-5964-4451-ba62-c3df674475b8.
2023-09-08 11:18:58,001 [main] WARN  balancer.ContainerBalancerTask (ContainerBalancerTask.java:cancelMovesThatExceedTimeoutDuration(674)) - Container move timed out for container #68 from source 6ddb4f09-c902-412b-a334-9ddb34849f69 to target 59f2f4a1-5964-4451-ba62-c3df674475b8.
2023-09-08 11:18:58,001 [main] WARN  balancer.ContainerBalancerTask (ContainerBalancerTask.java:checkIterationMoveResults(620)) - 7 Container moves are canceled.
2023-09-08 11:18:58,001 [main] INFO  balancer.ContainerBalancerTask (ContainerBalancerTask.java:checkIterationMoveResults(642)) - Iteration Summary. Number of Datanodes involved: 6. Size moved: 5 GB (5368709120 Bytes). Number of Container moves completed: 1.
2023-09-08 11:18:58,001 [main] INFO  balancer.ContainerBalancerTask (ContainerBalancerTask.java:balance(259)) - Result of this iteration of Container Balancer: ITERATION_COMPLETED
2023-09-08 11:18:58,002 [main] INFO  balancer.ContainerBalancerTask (ContainerBalancerTask.java:tryStopWithSaveConfiguration(308)) - Save Configuration for stopping. Reason: Completed all iterations.
]]></system-out>
  </testcase>
  <testcase name="targetDatanodeShouldNotAlreadyContainSelectedContainer" classname="org.apache.hadoop.hdds.scm.container.balancer.TestContainerBalancerTask" time="0.167">
    <system-out><![CDATA[2023-09-08 11:18:58,039 [main] INFO  net.NodeSchemaLoader (NodeSchemaLoader.java:loadSchemaFromFile(129)) - Loading schema from [file:/home/runner/work/ozone/ozone/hadoop-hdds/common/target/classes/network-topology-default.xml]
2023-09-08 11:18:58,039 [main] INFO  net.NodeSchemaLoader (NodeSchemaLoader.java:loadSchema(176)) - Loading network topology layer schema file
2023-09-08 11:18:58,041 [main] INFO  net.NetworkTopologyImpl (NetworkTopologyImpl.java:add(112)) - Added a new node: /default-rack/a7dc953c-bfcc-47bb-a5bb-253a7cd4fc60
2023-09-08 11:18:58,041 [main] INFO  net.NetworkTopologyImpl (NetworkTopologyImpl.java:add(112)) - Added a new node: /default-rack/64ad7080-681e-4c8a-b4c3-702f7cbc10dd
2023-09-08 11:18:58,042 [main] INFO  net.NetworkTopologyImpl (NetworkTopologyImpl.java:add(112)) - Added a new node: /default-rack/e35f63f6-8624-421c-a32d-97660bb487fa
2023-09-08 11:18:58,042 [main] INFO  net.NetworkTopologyImpl (NetworkTopologyImpl.java:add(112)) - Added a new node: /default-rack/f6d1be91-8ed4-4049-8b5f-17c278f76361
2023-09-08 11:18:58,042 [main] INFO  net.NetworkTopologyImpl (NetworkTopologyImpl.java:add(112)) - Added a new node: /default-rack/4a6626a8-f28a-453f-8ab5-95d9156fe350
2023-09-08 11:18:58,042 [main] INFO  net.NetworkTopologyImpl (NetworkTopologyImpl.java:add(112)) - Added a new node: /default-rack/6639cf6d-04e4-4cc1-afd7-1628b925a361
2023-09-08 11:18:58,042 [main] INFO  net.NetworkTopologyImpl (NetworkTopologyImpl.java:add(112)) - Added a new node: /default-rack/6c684cf5-61ac-40bc-8338-ed2c97c175e4
2023-09-08 11:18:58,042 [main] INFO  net.NetworkTopologyImpl (NetworkTopologyImpl.java:add(112)) - Added a new node: /default-rack/a4a14c35-75fb-40a6-a03c-3adc7871fcf4
2023-09-08 11:18:58,042 [main] INFO  net.NetworkTopologyImpl (NetworkTopologyImpl.java:add(112)) - Added a new node: /default-rack/fb63dcaf-f744-4243-8d69-e46b4dbc7659
2023-09-08 11:18:58,042 [main] INFO  net.NetworkTopologyImpl (NetworkTopologyImpl.java:add(112)) - Added a new node: /default-rack/81440a7f-223f-4803-a751-1c937c792c80
2023-09-08 11:18:58,043 [main] INFO  algorithms.ContainerPlacementPolicyFactory (ContainerPlacementPolicyFactory.java:getPolicyInternal(86)) - Create container placement policy of type org.apache.hadoop.hdds.scm.container.placement.algorithms.SCMContainerPlacementRackAware
2023-09-08 11:18:58,043 [main] INFO  algorithms.ContainerPlacementPolicyFactory (ContainerPlacementPolicyFactory.java:getPolicyInternal(86)) - Create container placement policy of type org.apache.hadoop.hdds.scm.container.placement.algorithms.SCMContainerPlacementRackScatter
2023-09-08 11:18:58,049 [main] DEBUG balancer.ContainerBalancerTask (ContainerBalancerTask.java:initializeIteration(374)) - Average utilization of the cluster is 0.3506841165974578
2023-09-08 11:18:58,049 [main] DEBUG balancer.ContainerBalancerTask (ContainerBalancerTask.java:initializeIteration(386)) - Lower limit for utilization is 0.2506841165974578 and Upper limit for utilization is 0.4506841165974578
2023-09-08 11:18:58,049 [main] DEBUG balancer.ContainerBalancerTask (ContainerBalancerTask.java:initializeIteration(398)) - Utilization for node 81440a7f-223f-4803-a751-1c937c792c80 with capacity 64424509440B, used 57982058496B, and remaining 6442450944B is 0.9
2023-09-08 11:18:58,049 [main] DEBUG balancer.ContainerBalancerTask (ContainerBalancerTask.java:initializeIteration(398)) - Utilization for node 6639cf6d-04e4-4cc1-afd7-1628b925a361 with capacity 59055800320B, used 47244640256B, and remaining 11811160064B is 0.8
2023-09-08 11:18:58,049 [main] DEBUG balancer.ContainerBalancerTask (ContainerBalancerTask.java:initializeIteration(398)) - Utilization for node e35f63f6-8624-421c-a32d-97660bb487fa with capacity 85899345920B, used 60129542144B, and remaining 25769803776B is 0.7
2023-09-08 11:18:58,049 [main] DEBUG balancer.ContainerBalancerTask (ContainerBalancerTask.java:initializeIteration(398)) - Utilization for node 64ad7080-681e-4c8a-b4c3-702f7cbc10dd with capacity 59055800320B, used 35433480192B, and remaining 23622320128B is 0.6
2023-09-08 11:18:58,049 [main] DEBUG balancer.ContainerBalancerTask (ContainerBalancerTask.java:initializeIteration(398)) - Utilization for node f6d1be91-8ed4-4049-8b5f-17c278f76361 with capacity 85899345920B, used 42949672960B, and remaining 42949672960B is 0.5
2023-09-08 11:18:58,049 [main] DEBUG balancer.ContainerBalancerTask (ContainerBalancerTask.java:initializeIteration(398)) - Utilization for node fb63dcaf-f744-4243-8d69-e46b4dbc7659 with capacity 166429982720B, used 66571993088B, and remaining 99857989632B is 0.4
2023-09-08 11:18:58,050 [main] DEBUG balancer.ContainerBalancerTask (ContainerBalancerTask.java:initializeIteration(398)) - Utilization for node a4a14c35-75fb-40a6-a03c-3adc7871fcf4 with capacity 125269879466B, used 37580963840B, and remaining 87688915626B is 0.30000000000159655
2023-09-08 11:18:58,050 [main] DEBUG balancer.ContainerBalancerTask (ContainerBalancerTask.java:initializeIteration(398)) - Utilization for node 6c684cf5-61ac-40bc-8338-ed2c97c175e4 with capacity 209379655680B, used 41875931136B, and remaining 167503724544B is 0.2
2023-09-08 11:18:58,050 [main] DEBUG balancer.ContainerBalancerTask (ContainerBalancerTask.java:initializeIteration(398)) - Utilization for node 4a6626a8-f28a-453f-8ab5-95d9156fe350 with capacity 322122547200B, used 32212254720B, and remaining 289910292480B is 0.1
2023-09-08 11:18:58,050 [main] DEBUG balancer.ContainerBalancerTask (ContainerBalancerTask.java:initializeIteration(398)) - Utilization for node a7dc953c-bfcc-47bb-a5bb-253a7cd4fc60 with capacity 25769803776B, used 0B, and remaining 25769803776B is 0.0
2023-09-08 11:18:58,050 [main] INFO  balancer.ContainerBalancerTask (ContainerBalancerTask.java:initializeIteration(447)) - Container Balancer has identified 5 Over-Utilized and 3 Under-Utilized Datanodes that need to be balanced.
2023-09-08 11:18:58,050 [main] DEBUG balancer.ContainerBalancerTask (ContainerBalancerTask.java:lambda$initializeIteration$1(453)) - Datanode localhost-90.169.218.110 81440a7f-223f-4803-a751-1c937c792c80 is Over-Utilized.
2023-09-08 11:18:58,050 [main] DEBUG balancer.ContainerBalancerTask (ContainerBalancerTask.java:lambda$initializeIteration$1(453)) - Datanode localhost-20.255.202.197 6639cf6d-04e4-4cc1-afd7-1628b925a361 is Over-Utilized.
2023-09-08 11:18:58,050 [main] DEBUG balancer.ContainerBalancerTask (ContainerBalancerTask.java:lambda$initializeIteration$1(453)) - Datanode localhost-241.94.115.133 e35f63f6-8624-421c-a32d-97660bb487fa is Over-Utilized.
2023-09-08 11:18:58,050 [main] DEBUG balancer.ContainerBalancerTask (ContainerBalancerTask.java:lambda$initializeIteration$1(453)) - Datanode localhost-228.139.85.209 64ad7080-681e-4c8a-b4c3-702f7cbc10dd is Over-Utilized.
2023-09-08 11:18:58,050 [main] DEBUG balancer.ContainerBalancerTask (ContainerBalancerTask.java:lambda$initializeIteration$1(453)) - Datanode localhost-9.142.5.13 f6d1be91-8ed4-4049-8b5f-17c278f76361 is Over-Utilized.
2023-09-08 11:18:58,051 [main] DEBUG balancer.ContainerBalancerTask (ContainerBalancerTask.java:lambda$initializeIteration$2(459)) - Datanode localhost-252.153.209.84 a7dc953c-bfcc-47bb-a5bb-253a7cd4fc60 is Under-Utilized.
2023-09-08 11:18:58,051 [main] DEBUG balancer.ContainerBalancerTask (ContainerBalancerTask.java:lambda$initializeIteration$2(459)) - Datanode localhost-104.192.250.42 4a6626a8-f28a-453f-8ab5-95d9156fe350 is Under-Utilized.
2023-09-08 11:18:58,051 [main] DEBUG balancer.ContainerBalancerTask (ContainerBalancerTask.java:lambda$initializeIteration$2(459)) - Datanode localhost-142.158.51.118 6c684cf5-61ac-40bc-8338-ed2c97c175e4 is Under-Utilized.
2023-09-08 11:18:58,054 [main] DEBUG balancer.ContainerBalancerTask (ContainerBalancerTask.java:matchSourceWithTarget(708)) - ContainerBalancer is finding suitable target for source datanode 81440a7f-223f-4803-a751-1c937c792c80
2023-09-08 11:18:58,054 [main] INFO  balancer.ContainerBalancerTask (ContainerBalancerTask.java:matchSourceWithTarget(722)) - ContainerBalancer matched source datanode 81440a7f-223f-4803-a751-1c937c792c80 with target datanode a7dc953c-bfcc-47bb-a5bb-253a7cd4fc60 for container move.
2023-09-08 11:18:58,055 [main] INFO  balancer.ContainerBalancerTask (ContainerBalancerTask.java:processMoveSelection(569)) - ContainerBalancer is trying to move container #85 with size 5368709120B from source datanode 81440a7f-223f-4803-a751-1c937c792c80 to target datanode a7dc953c-bfcc-47bb-a5bb-253a7cd4fc60
2023-09-08 11:18:58,055 [main] DEBUG balancer.ContainerBalancerTask (ContainerBalancerTask.java:lambda$moveContainer$3(837)) - Container move completed for container #85 from source 81440a7f-223f-4803-a751-1c937c792c80 to target a7dc953c-bfcc-47bb-a5bb-253a7cd4fc60
2023-09-08 11:18:58,058 [main] DEBUG balancer.ContainerBalancerTask (ContainerBalancerTask.java:matchSourceWithTarget(708)) - ContainerBalancer is finding suitable target for source datanode 81440a7f-223f-4803-a751-1c937c792c80
2023-09-08 11:18:58,059 [main] INFO  balancer.ContainerBalancerTask (ContainerBalancerTask.java:matchSourceWithTarget(722)) - ContainerBalancer matched source datanode 81440a7f-223f-4803-a751-1c937c792c80 with target datanode 4a6626a8-f28a-453f-8ab5-95d9156fe350 for container move.
2023-09-08 11:18:58,059 [main] INFO  balancer.ContainerBalancerTask (ContainerBalancerTask.java:processMoveSelection(569)) - ContainerBalancer is trying to move container #89 with size 4294967296B from source datanode 81440a7f-223f-4803-a751-1c937c792c80 to target datanode 4a6626a8-f28a-453f-8ab5-95d9156fe350
2023-09-08 11:18:58,059 [main] DEBUG balancer.ContainerBalancerTask (ContainerBalancerTask.java:lambda$moveContainer$3(837)) - Container move completed for container #89 from source 81440a7f-223f-4803-a751-1c937c792c80 to target 4a6626a8-f28a-453f-8ab5-95d9156fe350
2023-09-08 11:18:58,061 [main] DEBUG balancer.ContainerBalancerTask (ContainerBalancerTask.java:matchSourceWithTarget(708)) - ContainerBalancer is finding suitable target for source datanode 6639cf6d-04e4-4cc1-afd7-1628b925a361
2023-09-08 11:18:58,062 [main] INFO  balancer.ContainerBalancerTask (ContainerBalancerTask.java:matchSourceWithTarget(722)) - ContainerBalancer matched source datanode 6639cf6d-04e4-4cc1-afd7-1628b925a361 with target datanode 4a6626a8-f28a-453f-8ab5-95d9156fe350 for container move.
2023-09-08 11:18:58,062 [main] INFO  balancer.ContainerBalancerTask (ContainerBalancerTask.java:processMoveSelection(569)) - ContainerBalancer is trying to move container #53 with size 5368709120B from source datanode 6639cf6d-04e4-4cc1-afd7-1628b925a361 to target datanode 4a6626a8-f28a-453f-8ab5-95d9156fe350
2023-09-08 11:18:58,062 [main] DEBUG balancer.ContainerBalancerTask (ContainerBalancerTask.java:lambda$moveContainer$3(837)) - Container move completed for container #53 from source 6639cf6d-04e4-4cc1-afd7-1628b925a361 to target 4a6626a8-f28a-453f-8ab5-95d9156fe350
2023-09-08 11:18:58,066 [main] DEBUG balancer.ContainerBalancerTask (ContainerBalancerTask.java:matchSourceWithTarget(708)) - ContainerBalancer is finding suitable target for source datanode 81440a7f-223f-4803-a751-1c937c792c80
2023-09-08 11:18:58,066 [main] INFO  balancer.ContainerBalancerTask (ContainerBalancerTask.java:matchSourceWithTarget(722)) - ContainerBalancer matched source datanode 81440a7f-223f-4803-a751-1c937c792c80 with target datanode 4a6626a8-f28a-453f-8ab5-95d9156fe350 for container move.
2023-09-08 11:18:58,066 [main] INFO  balancer.ContainerBalancerTask (ContainerBalancerTask.java:processMoveSelection(569)) - ContainerBalancer is trying to move container #84 with size 4294967296B from source datanode 81440a7f-223f-4803-a751-1c937c792c80 to target datanode 4a6626a8-f28a-453f-8ab5-95d9156fe350
2023-09-08 11:18:58,066 [main] DEBUG balancer.ContainerBalancerTask (ContainerBalancerTask.java:lambda$moveContainer$3(837)) - Container move completed for container #84 from source 81440a7f-223f-4803-a751-1c937c792c80 to target 4a6626a8-f28a-453f-8ab5-95d9156fe350
2023-09-08 11:18:58,069 [main] DEBUG balancer.ContainerBalancerTask (ContainerBalancerTask.java:matchSourceWithTarget(708)) - ContainerBalancer is finding suitable target for source datanode 6639cf6d-04e4-4cc1-afd7-1628b925a361
2023-09-08 11:18:58,069 [main] INFO  balancer.ContainerBalancerTask (ContainerBalancerTask.java:matchSourceWithTarget(722)) - ContainerBalancer matched source datanode 6639cf6d-04e4-4cc1-afd7-1628b925a361 with target datanode 4a6626a8-f28a-453f-8ab5-95d9156fe350 for container move.
2023-09-08 11:18:58,069 [main] INFO  balancer.ContainerBalancerTask (ContainerBalancerTask.java:processMoveSelection(569)) - ContainerBalancer is trying to move container #67 with size 4294967296B from source datanode 6639cf6d-04e4-4cc1-afd7-1628b925a361 to target datanode 4a6626a8-f28a-453f-8ab5-95d9156fe350
2023-09-08 11:18:58,069 [main] DEBUG balancer.ContainerBalancerTask (ContainerBalancerTask.java:lambda$moveContainer$3(837)) - Container move completed for container #67 from source 6639cf6d-04e4-4cc1-afd7-1628b925a361 to target 4a6626a8-f28a-453f-8ab5-95d9156fe350
2023-09-08 11:18:58,073 [main] DEBUG balancer.ContainerBalancerTask (ContainerBalancerTask.java:matchSourceWithTarget(708)) - ContainerBalancer is finding suitable target for source datanode e35f63f6-8624-421c-a32d-97660bb487fa
2023-09-08 11:18:58,073 [main] INFO  balancer.ContainerBalancerTask (ContainerBalancerTask.java:matchSourceWithTarget(722)) - ContainerBalancer matched source datanode e35f63f6-8624-421c-a32d-97660bb487fa with target datanode 4a6626a8-f28a-453f-8ab5-95d9156fe350 for container move.
2023-09-08 11:18:58,073 [main] INFO  balancer.ContainerBalancerTask (ContainerBalancerTask.java:processMoveSelection(569)) - ContainerBalancer is trying to move container #40 with size 5368709120B from source datanode e35f63f6-8624-421c-a32d-97660bb487fa to target datanode 4a6626a8-f28a-453f-8ab5-95d9156fe350
2023-09-08 11:18:58,073 [main] DEBUG balancer.ContainerBalancerTask (ContainerBalancerTask.java:lambda$moveContainer$3(837)) - Container move completed for container #40 from source e35f63f6-8624-421c-a32d-97660bb487fa to target 4a6626a8-f28a-453f-8ab5-95d9156fe350
2023-09-08 11:18:58,077 [main] DEBUG balancer.ContainerBalancerTask (ContainerBalancerTask.java:matchSourceWithTarget(708)) - ContainerBalancer is finding suitable target for source datanode 81440a7f-223f-4803-a751-1c937c792c80
2023-09-08 11:18:58,078 [main] INFO  balancer.ContainerBalancerTask (ContainerBalancerTask.java:matchSourceWithTarget(722)) - ContainerBalancer matched source datanode 81440a7f-223f-4803-a751-1c937c792c80 with target datanode 4a6626a8-f28a-453f-8ab5-95d9156fe350 for container move.
2023-09-08 11:18:58,078 [main] INFO  balancer.ContainerBalancerTask (ContainerBalancerTask.java:processMoveSelection(569)) - ContainerBalancer is trying to move container #52 with size 4294967296B from source datanode 81440a7f-223f-4803-a751-1c937c792c80 to target datanode 4a6626a8-f28a-453f-8ab5-95d9156fe350
2023-09-08 11:18:58,078 [main] DEBUG balancer.ContainerBalancerTask (ContainerBalancerTask.java:lambda$moveContainer$3(837)) - Container move completed for container #52 from source 81440a7f-223f-4803-a751-1c937c792c80 to target 4a6626a8-f28a-453f-8ab5-95d9156fe350
2023-09-08 11:18:58,081 [main] DEBUG balancer.ContainerBalancerTask (ContainerBalancerTask.java:matchSourceWithTarget(708)) - ContainerBalancer is finding suitable target for source datanode e35f63f6-8624-421c-a32d-97660bb487fa
2023-09-08 11:18:58,082 [main] INFO  balancer.ContainerBalancerTask (ContainerBalancerTask.java:matchSourceWithTarget(722)) - ContainerBalancer matched source datanode e35f63f6-8624-421c-a32d-97660bb487fa with target datanode 4a6626a8-f28a-453f-8ab5-95d9156fe350 for container move.
2023-09-08 11:18:58,082 [main] INFO  balancer.ContainerBalancerTask (ContainerBalancerTask.java:processMoveSelection(569)) - ContainerBalancer is trying to move container #19 with size 4294967296B from source datanode e35f63f6-8624-421c-a32d-97660bb487fa to target datanode 4a6626a8-f28a-453f-8ab5-95d9156fe350
2023-09-08 11:18:58,082 [main] DEBUG balancer.ContainerBalancerTask (ContainerBalancerTask.java:lambda$moveContainer$3(837)) - Container move completed for container #19 from source e35f63f6-8624-421c-a32d-97660bb487fa to target 4a6626a8-f28a-453f-8ab5-95d9156fe350
2023-09-08 11:18:58,085 [main] DEBUG balancer.ContainerBalancerTask (ContainerBalancerTask.java:matchSourceWithTarget(708)) - ContainerBalancer is finding suitable target for source datanode 6639cf6d-04e4-4cc1-afd7-1628b925a361
2023-09-08 11:18:58,085 [main] INFO  balancer.ContainerBalancerTask (ContainerBalancerTask.java:matchSourceWithTarget(722)) - ContainerBalancer matched source datanode 6639cf6d-04e4-4cc1-afd7-1628b925a361 with target datanode 4a6626a8-f28a-453f-8ab5-95d9156fe350 for container move.
2023-09-08 11:18:58,085 [main] INFO  balancer.ContainerBalancerTask (ContainerBalancerTask.java:processMoveSelection(569)) - ContainerBalancer is trying to move container #39 with size 4294967296B from source datanode 6639cf6d-04e4-4cc1-afd7-1628b925a361 to target datanode 4a6626a8-f28a-453f-8ab5-95d9156fe350
2023-09-08 11:18:58,085 [main] DEBUG balancer.ContainerBalancerTask (ContainerBalancerTask.java:lambda$moveContainer$3(837)) - Container move completed for container #39 from source 6639cf6d-04e4-4cc1-afd7-1628b925a361 to target 4a6626a8-f28a-453f-8ab5-95d9156fe350
2023-09-08 11:18:58,089 [main] DEBUG balancer.ContainerBalancerTask (ContainerBalancerTask.java:matchSourceWithTarget(708)) - ContainerBalancer is finding suitable target for source datanode 81440a7f-223f-4803-a751-1c937c792c80
2023-09-08 11:18:58,089 [main] INFO  balancer.ContainerBalancerTask (ContainerBalancerTask.java:matchSourceWithTarget(722)) - ContainerBalancer matched source datanode 81440a7f-223f-4803-a751-1c937c792c80 with target datanode 6c684cf5-61ac-40bc-8338-ed2c97c175e4 for container move.
2023-09-08 11:18:58,090 [main] INFO  balancer.ContainerBalancerTask (ContainerBalancerTask.java:processMoveSelection(569)) - ContainerBalancer is trying to move container #88 with size 3221225472B from source datanode 81440a7f-223f-4803-a751-1c937c792c80 to target datanode 6c684cf5-61ac-40bc-8338-ed2c97c175e4
2023-09-08 11:18:58,090 [main] DEBUG balancer.ContainerBalancerTask (ContainerBalancerTask.java:lambda$moveContainer$3(837)) - Container move completed for container #88 from source 81440a7f-223f-4803-a751-1c937c792c80 to target 6c684cf5-61ac-40bc-8338-ed2c97c175e4
2023-09-08 11:18:58,092 [main] DEBUG balancer.ContainerBalancerTask (ContainerBalancerTask.java:matchSourceWithTarget(708)) - ContainerBalancer is finding suitable target for source datanode 64ad7080-681e-4c8a-b4c3-702f7cbc10dd
2023-09-08 11:18:58,092 [main] INFO  balancer.ContainerBalancerTask (ContainerBalancerTask.java:matchSourceWithTarget(722)) - ContainerBalancer matched source datanode 64ad7080-681e-4c8a-b4c3-702f7cbc10dd with target datanode a7dc953c-bfcc-47bb-a5bb-253a7cd4fc60 for container move.
2023-09-08 11:18:58,093 [main] INFO  balancer.ContainerBalancerTask (ContainerBalancerTask.java:processMoveSelection(569)) - ContainerBalancer is trying to move container #51 with size 3221225472B from source datanode 64ad7080-681e-4c8a-b4c3-702f7cbc10dd to target datanode a7dc953c-bfcc-47bb-a5bb-253a7cd4fc60
2023-09-08 11:18:58,093 [main] DEBUG balancer.ContainerBalancerTask (ContainerBalancerTask.java:lambda$moveContainer$3(837)) - Container move completed for container #51 from source 64ad7080-681e-4c8a-b4c3-702f7cbc10dd to target a7dc953c-bfcc-47bb-a5bb-253a7cd4fc60
2023-09-08 11:18:58,097 [main] DEBUG balancer.ContainerBalancerTask (ContainerBalancerTask.java:matchSourceWithTarget(708)) - ContainerBalancer is finding suitable target for source datanode e35f63f6-8624-421c-a32d-97660bb487fa
2023-09-08 11:18:58,097 [main] INFO  balancer.ContainerBalancerTask (ContainerBalancerTask.java:matchSourceWithTarget(722)) - ContainerBalancer matched source datanode e35f63f6-8624-421c-a32d-97660bb487fa with target datanode 4a6626a8-f28a-453f-8ab5-95d9156fe350 for container move.
2023-09-08 11:18:58,097 [main] INFO  balancer.ContainerBalancerTask (ContainerBalancerTask.java:processMoveSelection(569)) - ContainerBalancer is trying to move container #71 with size 3221225472B from source datanode e35f63f6-8624-421c-a32d-97660bb487fa to target datanode 4a6626a8-f28a-453f-8ab5-95d9156fe350
2023-09-08 11:18:58,097 [main] DEBUG balancer.ContainerBalancerTask (ContainerBalancerTask.java:lambda$moveContainer$3(837)) - Container move completed for container #71 from source e35f63f6-8624-421c-a32d-97660bb487fa to target 4a6626a8-f28a-453f-8ab5-95d9156fe350
2023-09-08 11:18:58,101 [main] DEBUG balancer.ContainerBalancerTask (ContainerBalancerTask.java:matchSourceWithTarget(708)) - ContainerBalancer is finding suitable target for source datanode 81440a7f-223f-4803-a751-1c937c792c80
2023-09-08 11:18:58,102 [main] INFO  balancer.ContainerBalancerTask (ContainerBalancerTask.java:matchSourceWithTarget(722)) - ContainerBalancer matched source datanode 81440a7f-223f-4803-a751-1c937c792c80 with target datanode 6c684cf5-61ac-40bc-8338-ed2c97c175e4 for container move.
2023-09-08 11:18:58,102 [main] INFO  balancer.ContainerBalancerTask (ContainerBalancerTask.java:processMoveSelection(569)) - ContainerBalancer is trying to move container #83 with size 3221225472B from source datanode 81440a7f-223f-4803-a751-1c937c792c80 to target datanode 6c684cf5-61ac-40bc-8338-ed2c97c175e4
2023-09-08 11:18:58,102 [main] DEBUG balancer.ContainerBalancerTask (ContainerBalancerTask.java:lambda$moveContainer$3(837)) - Container move completed for container #83 from source 81440a7f-223f-4803-a751-1c937c792c80 to target 6c684cf5-61ac-40bc-8338-ed2c97c175e4
2023-09-08 11:18:58,105 [main] DEBUG balancer.ContainerBalancerTask (ContainerBalancerTask.java:matchSourceWithTarget(708)) - ContainerBalancer is finding suitable target for source datanode 6639cf6d-04e4-4cc1-afd7-1628b925a361
2023-09-08 11:18:58,105 [main] INFO  balancer.ContainerBalancerTask (ContainerBalancerTask.java:matchSourceWithTarget(722)) - ContainerBalancer matched source datanode 6639cf6d-04e4-4cc1-afd7-1628b925a361 with target datanode 4a6626a8-f28a-453f-8ab5-95d9156fe350 for container move.
2023-09-08 11:18:58,105 [main] INFO  balancer.ContainerBalancerTask (ContainerBalancerTask.java:processMoveSelection(569)) - ContainerBalancer is trying to move container #66 with size 3221225472B from source datanode 6639cf6d-04e4-4cc1-afd7-1628b925a361 to target datanode 4a6626a8-f28a-453f-8ab5-95d9156fe350
2023-09-08 11:18:58,106 [main] DEBUG balancer.ContainerBalancerTask (ContainerBalancerTask.java:lambda$moveContainer$3(837)) - Container move completed for container #66 from source 6639cf6d-04e4-4cc1-afd7-1628b925a361 to target 4a6626a8-f28a-453f-8ab5-95d9156fe350
2023-09-08 11:18:58,110 [main] DEBUG balancer.ContainerBalancerTask (ContainerBalancerTask.java:matchSourceWithTarget(708)) - ContainerBalancer is finding suitable target for source datanode e35f63f6-8624-421c-a32d-97660bb487fa
2023-09-08 11:18:58,110 [main] INFO  balancer.ContainerBalancerTask (ContainerBalancerTask.java:matchSourceWithTarget(722)) - ContainerBalancer matched source datanode e35f63f6-8624-421c-a32d-97660bb487fa with target datanode 6c684cf5-61ac-40bc-8338-ed2c97c175e4 for container move.
2023-09-08 11:18:58,110 [main] INFO  balancer.ContainerBalancerTask (ContainerBalancerTask.java:processMoveSelection(569)) - ContainerBalancer is trying to move container #29 with size 5368709120B from source datanode e35f63f6-8624-421c-a32d-97660bb487fa to target datanode 6c684cf5-61ac-40bc-8338-ed2c97c175e4
2023-09-08 11:18:58,110 [main] DEBUG balancer.ContainerBalancerTask (ContainerBalancerTask.java:lambda$moveContainer$3(837)) - Container move completed for container #29 from source e35f63f6-8624-421c-a32d-97660bb487fa to target 6c684cf5-61ac-40bc-8338-ed2c97c175e4
2023-09-08 11:18:58,112 [main] DEBUG balancer.ContainerBalancerTask (ContainerBalancerTask.java:matchSourceWithTarget(708)) - ContainerBalancer is finding suitable target for source datanode 64ad7080-681e-4c8a-b4c3-702f7cbc10dd
2023-09-08 11:18:58,112 [main] INFO  balancer.ContainerBalancerTask (ContainerBalancerTask.java:matchSourceWithTarget(722)) - ContainerBalancer matched source datanode 64ad7080-681e-4c8a-b4c3-702f7cbc10dd with target datanode 4a6626a8-f28a-453f-8ab5-95d9156fe350 for container move.
2023-09-08 11:18:58,112 [main] INFO  balancer.ContainerBalancerTask (ContainerBalancerTask.java:processMoveSelection(569)) - ContainerBalancer is trying to move container #55 with size 2147483648B from source datanode 64ad7080-681e-4c8a-b4c3-702f7cbc10dd to target datanode 4a6626a8-f28a-453f-8ab5-95d9156fe350
2023-09-08 11:18:58,112 [main] DEBUG balancer.ContainerBalancerTask (ContainerBalancerTask.java:lambda$moveContainer$3(837)) - Container move completed for container #55 from source 64ad7080-681e-4c8a-b4c3-702f7cbc10dd to target 4a6626a8-f28a-453f-8ab5-95d9156fe350
2023-09-08 11:18:58,117 [main] DEBUG balancer.ContainerBalancerTask (ContainerBalancerTask.java:matchSourceWithTarget(708)) - ContainerBalancer is finding suitable target for source datanode 81440a7f-223f-4803-a751-1c937c792c80
2023-09-08 11:18:58,117 [main] INFO  balancer.ContainerBalancerTask (ContainerBalancerTask.java:matchSourceWithTarget(722)) - ContainerBalancer matched source datanode 81440a7f-223f-4803-a751-1c937c792c80 with target datanode 4a6626a8-f28a-453f-8ab5-95d9156fe350 for container move.
2023-09-08 11:18:58,117 [main] INFO  balancer.ContainerBalancerTask (ContainerBalancerTask.java:processMoveSelection(569)) - ContainerBalancer is trying to move container #27 with size 3221225472B from source datanode 81440a7f-223f-4803-a751-1c937c792c80 to target datanode 4a6626a8-f28a-453f-8ab5-95d9156fe350
2023-09-08 11:18:58,117 [main] DEBUG balancer.ContainerBalancerTask (ContainerBalancerTask.java:lambda$moveContainer$3(837)) - Container move completed for container #27 from source 81440a7f-223f-4803-a751-1c937c792c80 to target 4a6626a8-f28a-453f-8ab5-95d9156fe350
2023-09-08 11:18:58,119 [main] DEBUG balancer.ContainerBalancerTask (ContainerBalancerTask.java:matchSourceWithTarget(708)) - ContainerBalancer is finding suitable target for source datanode 64ad7080-681e-4c8a-b4c3-702f7cbc10dd
2023-09-08 11:18:58,119 [main] INFO  balancer.ContainerBalancerTask (ContainerBalancerTask.java:matchSourceWithTarget(722)) - ContainerBalancer matched source datanode 64ad7080-681e-4c8a-b4c3-702f7cbc10dd with target datanode 4a6626a8-f28a-453f-8ab5-95d9156fe350 for container move.
2023-09-08 11:18:58,119 [main] INFO  balancer.ContainerBalancerTask (ContainerBalancerTask.java:processMoveSelection(569)) - ContainerBalancer is trying to move container #37 with size 2147483648B from source datanode 64ad7080-681e-4c8a-b4c3-702f7cbc10dd to target datanode 4a6626a8-f28a-453f-8ab5-95d9156fe350
2023-09-08 11:18:58,120 [main] DEBUG balancer.ContainerBalancerTask (ContainerBalancerTask.java:lambda$moveContainer$3(837)) - Container move completed for container #37 from source 64ad7080-681e-4c8a-b4c3-702f7cbc10dd to target 4a6626a8-f28a-453f-8ab5-95d9156fe350
2023-09-08 11:18:58,122 [main] DEBUG balancer.ContainerBalancerTask (ContainerBalancerTask.java:matchSourceWithTarget(708)) - ContainerBalancer is finding suitable target for source datanode 6639cf6d-04e4-4cc1-afd7-1628b925a361
2023-09-08 11:18:58,122 [main] INFO  balancer.ContainerBalancerTask (ContainerBalancerTask.java:matchSourceWithTarget(722)) - ContainerBalancer matched source datanode 6639cf6d-04e4-4cc1-afd7-1628b925a361 with target datanode 6c684cf5-61ac-40bc-8338-ed2c97c175e4 for container move.
2023-09-08 11:18:58,122 [main] INFO  balancer.ContainerBalancerTask (ContainerBalancerTask.java:processMoveSelection(569)) - ContainerBalancer is trying to move container #68 with size 5368709120B from source datanode 6639cf6d-04e4-4cc1-afd7-1628b925a361 to target datanode 6c684cf5-61ac-40bc-8338-ed2c97c175e4
2023-09-08 11:18:58,122 [main] DEBUG balancer.ContainerBalancerTask (ContainerBalancerTask.java:lambda$moveContainer$3(837)) - Container move completed for container #68 from source 6639cf6d-04e4-4cc1-afd7-1628b925a361 to target 6c684cf5-61ac-40bc-8338-ed2c97c175e4
2023-09-08 11:18:58,124 [main] DEBUG balancer.ContainerBalancerTask (ContainerBalancerTask.java:matchSourceWithTarget(708)) - ContainerBalancer is finding suitable target for source datanode f6d1be91-8ed4-4049-8b5f-17c278f76361
2023-09-08 11:18:58,124 [main] INFO  balancer.ContainerBalancerTask (ContainerBalancerTask.java:matchSourceWithTarget(722)) - ContainerBalancer matched source datanode f6d1be91-8ed4-4049-8b5f-17c278f76361 with target datanode 4a6626a8-f28a-453f-8ab5-95d9156fe350 for container move.
2023-09-08 11:18:58,124 [main] INFO  balancer.ContainerBalancerTask (ContainerBalancerTask.java:processMoveSelection(569)) - ContainerBalancer is trying to move container #82 with size 2147483648B from source datanode f6d1be91-8ed4-4049-8b5f-17c278f76361 to target datanode 4a6626a8-f28a-453f-8ab5-95d9156fe350
2023-09-08 11:18:58,124 [main] DEBUG balancer.ContainerBalancerTask (ContainerBalancerTask.java:lambda$moveContainer$3(837)) - Container move completed for container #82 from source f6d1be91-8ed4-4049-8b5f-17c278f76361 to target 4a6626a8-f28a-453f-8ab5-95d9156fe350
2023-09-08 11:18:58,127 [main] DEBUG balancer.ContainerBalancerTask (ContainerBalancerTask.java:matchSourceWithTarget(708)) - ContainerBalancer is finding suitable target for source datanode e35f63f6-8624-421c-a32d-97660bb487fa
2023-09-08 11:18:58,127 [main] INFO  balancer.ContainerBalancerTask (ContainerBalancerTask.java:matchSourceWithTarget(722)) - ContainerBalancer matched source datanode e35f63f6-8624-421c-a32d-97660bb487fa with target datanode 4a6626a8-f28a-453f-8ab5-95d9156fe350 for container move.
2023-09-08 11:18:58,128 [main] INFO  balancer.ContainerBalancerTask (ContainerBalancerTask.java:processMoveSelection(569)) - ContainerBalancer is trying to move container #81 with size 1073741824B from source datanode e35f63f6-8624-421c-a32d-97660bb487fa to target datanode 4a6626a8-f28a-453f-8ab5-95d9156fe350
2023-09-08 11:18:58,128 [main] DEBUG balancer.ContainerBalancerTask (ContainerBalancerTask.java:lambda$moveContainer$3(837)) - Container move completed for container #81 from source e35f63f6-8624-421c-a32d-97660bb487fa to target 4a6626a8-f28a-453f-8ab5-95d9156fe350
2023-09-08 11:18:58,130 [main] DEBUG balancer.ContainerBalancerTask (ContainerBalancerTask.java:matchSourceWithTarget(708)) - ContainerBalancer is finding suitable target for source datanode e35f63f6-8624-421c-a32d-97660bb487fa
2023-09-08 11:18:58,130 [main] INFO  balancer.ContainerBalancerTask (ContainerBalancerTask.java:matchSourceWithTarget(722)) - ContainerBalancer matched source datanode e35f63f6-8624-421c-a32d-97660bb487fa with target datanode 6c684cf5-61ac-40bc-8338-ed2c97c175e4 for container move.
2023-09-08 11:18:58,131 [main] INFO  balancer.ContainerBalancerTask (ContainerBalancerTask.java:processMoveSelection(569)) - ContainerBalancer is trying to move container #11 with size 3221225472B from source datanode e35f63f6-8624-421c-a32d-97660bb487fa to target datanode 6c684cf5-61ac-40bc-8338-ed2c97c175e4
2023-09-08 11:18:58,131 [main] DEBUG balancer.ContainerBalancerTask (ContainerBalancerTask.java:lambda$moveContainer$3(837)) - Container move completed for container #11 from source e35f63f6-8624-421c-a32d-97660bb487fa to target 6c684cf5-61ac-40bc-8338-ed2c97c175e4
2023-09-08 11:18:58,132 [main] DEBUG balancer.ContainerBalancerTask (ContainerBalancerTask.java:matchSourceWithTarget(708)) - ContainerBalancer is finding suitable target for source datanode f6d1be91-8ed4-4049-8b5f-17c278f76361
2023-09-08 11:18:58,132 [main] INFO  balancer.ContainerBalancerTask (ContainerBalancerTask.java:matchSourceWithTarget(722)) - ContainerBalancer matched source datanode f6d1be91-8ed4-4049-8b5f-17c278f76361 with target datanode 6c684cf5-61ac-40bc-8338-ed2c97c175e4 for container move.
2023-09-08 11:18:58,133 [main] INFO  balancer.ContainerBalancerTask (ContainerBalancerTask.java:processMoveSelection(569)) - ContainerBalancer is trying to move container #28 with size 4294967296B from source datanode f6d1be91-8ed4-4049-8b5f-17c278f76361 to target datanode 6c684cf5-61ac-40bc-8338-ed2c97c175e4
2023-09-08 11:18:58,133 [main] DEBUG balancer.ContainerBalancerTask (ContainerBalancerTask.java:lambda$moveContainer$3(837)) - Container move completed for container #28 from source f6d1be91-8ed4-4049-8b5f-17c278f76361 to target 6c684cf5-61ac-40bc-8338-ed2c97c175e4
2023-09-08 11:18:58,134 [main] DEBUG balancer.ContainerBalancerTask (ContainerBalancerTask.java:matchSourceWithTarget(708)) - ContainerBalancer is finding suitable target for source datanode 64ad7080-681e-4c8a-b4c3-702f7cbc10dd
2023-09-08 11:18:58,135 [main] INFO  balancer.ContainerBalancerTask (ContainerBalancerTask.java:matchSourceWithTarget(722)) - ContainerBalancer matched source datanode 64ad7080-681e-4c8a-b4c3-702f7cbc10dd with target datanode 6c684cf5-61ac-40bc-8338-ed2c97c175e4 for container move.
2023-09-08 11:18:58,135 [main] INFO  balancer.ContainerBalancerTask (ContainerBalancerTask.java:processMoveSelection(569)) - ContainerBalancer is trying to move container #49 with size 1073741824B from source datanode 64ad7080-681e-4c8a-b4c3-702f7cbc10dd to target datanode 6c684cf5-61ac-40bc-8338-ed2c97c175e4
2023-09-08 11:18:58,135 [main] DEBUG balancer.ContainerBalancerTask (ContainerBalancerTask.java:lambda$moveContainer$3(837)) - Container move completed for container #49 from source 64ad7080-681e-4c8a-b4c3-702f7cbc10dd to target 6c684cf5-61ac-40bc-8338-ed2c97c175e4
2023-09-08 11:18:58,138 [main] DEBUG balancer.ContainerBalancerTask (ContainerBalancerTask.java:matchSourceWithTarget(701)) - ContainerBalancer could not find any candidate containers for datanode 81440a7f-223f-4803-a751-1c937c792c80
2023-09-08 11:18:58,139 [main] DEBUG balancer.ContainerBalancerTask (ContainerBalancerTask.java:matchSourceWithTarget(708)) - ContainerBalancer is finding suitable target for source datanode 64ad7080-681e-4c8a-b4c3-702f7cbc10dd
2023-09-08 11:18:58,139 [main] INFO  balancer.ContainerBalancerTask (ContainerBalancerTask.java:matchSourceWithTarget(722)) - ContainerBalancer matched source datanode 64ad7080-681e-4c8a-b4c3-702f7cbc10dd with target datanode 6c684cf5-61ac-40bc-8338-ed2c97c175e4 for container move.
2023-09-08 11:18:58,139 [main] INFO  balancer.ContainerBalancerTask (ContainerBalancerTask.java:processMoveSelection(569)) - ContainerBalancer is trying to move container #41 with size 1073741824B from source datanode 64ad7080-681e-4c8a-b4c3-702f7cbc10dd to target datanode 6c684cf5-61ac-40bc-8338-ed2c97c175e4
2023-09-08 11:18:58,140 [main] DEBUG balancer.ContainerBalancerTask (ContainerBalancerTask.java:lambda$moveContainer$3(837)) - Container move completed for container #41 from source 64ad7080-681e-4c8a-b4c3-702f7cbc10dd to target 6c684cf5-61ac-40bc-8338-ed2c97c175e4
2023-09-08 11:18:58,142 [main] DEBUG balancer.ContainerBalancerTask (ContainerBalancerTask.java:matchSourceWithTarget(708)) - ContainerBalancer is finding suitable target for source datanode e35f63f6-8624-421c-a32d-97660bb487fa
2023-09-08 11:18:58,142 [main] INFO  balancer.ContainerBalancerTask (ContainerBalancerTask.java:matchSourceWithTarget(722)) - ContainerBalancer matched source datanode e35f63f6-8624-421c-a32d-97660bb487fa with target datanode 6c684cf5-61ac-40bc-8338-ed2c97c175e4 for container move.
2023-09-08 11:18:58,142 [main] INFO  balancer.ContainerBalancerTask (ContainerBalancerTask.java:processMoveSelection(569)) - ContainerBalancer is trying to move container #87 with size 2147483648B from source datanode e35f63f6-8624-421c-a32d-97660bb487fa to target datanode 6c684cf5-61ac-40bc-8338-ed2c97c175e4
2023-09-08 11:18:58,143 [main] DEBUG balancer.ContainerBalancerTask (ContainerBalancerTask.java:lambda$moveContainer$3(837)) - Container move completed for container #87 from source e35f63f6-8624-421c-a32d-97660bb487fa to target 6c684cf5-61ac-40bc-8338-ed2c97c175e4
2023-09-08 11:18:58,144 [main] DEBUG balancer.ContainerBalancerTask (ContainerBalancerTask.java:matchSourceWithTarget(708)) - ContainerBalancer is finding suitable target for source datanode 64ad7080-681e-4c8a-b4c3-702f7cbc10dd
2023-09-08 11:18:58,144 [main] INFO  balancer.ContainerBalancerTask (ContainerBalancerTask.java:matchSourceWithTarget(722)) - ContainerBalancer matched source datanode 64ad7080-681e-4c8a-b4c3-702f7cbc10dd with target datanode a7dc953c-bfcc-47bb-a5bb-253a7cd4fc60 for container move.
2023-09-08 11:18:58,144 [main] INFO  balancer.ContainerBalancerTask (ContainerBalancerTask.java:processMoveSelection(569)) - ContainerBalancer is trying to move container #36 with size 1073741824B from source datanode 64ad7080-681e-4c8a-b4c3-702f7cbc10dd to target datanode a7dc953c-bfcc-47bb-a5bb-253a7cd4fc60
2023-09-08 11:18:58,145 [main] DEBUG balancer.ContainerBalancerTask (ContainerBalancerTask.java:lambda$moveContainer$3(837)) - Container move completed for container #36 from source 64ad7080-681e-4c8a-b4c3-702f7cbc10dd to target a7dc953c-bfcc-47bb-a5bb-253a7cd4fc60
2023-09-08 11:18:58,146 [main] DEBUG balancer.ContainerBalancerTask (ContainerBalancerTask.java:matchSourceWithTarget(708)) - ContainerBalancer is finding suitable target for source datanode f6d1be91-8ed4-4049-8b5f-17c278f76361
2023-09-08 11:18:58,146 [main] INFO  balancer.ContainerBalancerTask (ContainerBalancerTask.java:matchSourceWithTarget(722)) - ContainerBalancer matched source datanode f6d1be91-8ed4-4049-8b5f-17c278f76361 with target datanode 6c684cf5-61ac-40bc-8338-ed2c97c175e4 for container move.
2023-09-08 11:18:58,146 [main] INFO  balancer.ContainerBalancerTask (ContainerBalancerTask.java:processMoveSelection(569)) - ContainerBalancer is trying to move container #65 with size 2147483648B from source datanode f6d1be91-8ed4-4049-8b5f-17c278f76361 to target datanode 6c684cf5-61ac-40bc-8338-ed2c97c175e4
2023-09-08 11:18:58,147 [main] DEBUG balancer.ContainerBalancerTask (ContainerBalancerTask.java:lambda$moveContainer$3(837)) - Container move completed for container #65 from source f6d1be91-8ed4-4049-8b5f-17c278f76361 to target 6c684cf5-61ac-40bc-8338-ed2c97c175e4
2023-09-08 11:18:58,148 [main] DEBUG balancer.ContainerBalancerTask (ContainerBalancerTask.java:matchSourceWithTarget(708)) - ContainerBalancer is finding suitable target for source datanode 64ad7080-681e-4c8a-b4c3-702f7cbc10dd
2023-09-08 11:18:58,148 [main] INFO  balancer.ContainerBalancerTask (ContainerBalancerTask.java:matchSourceWithTarget(722)) - ContainerBalancer matched source datanode 64ad7080-681e-4c8a-b4c3-702f7cbc10dd with target datanode 6c684cf5-61ac-40bc-8338-ed2c97c175e4 for container move.
2023-09-08 11:18:58,148 [main] INFO  balancer.ContainerBalancerTask (ContainerBalancerTask.java:processMoveSelection(569)) - ContainerBalancer is trying to move container #16 with size 1073741824B from source datanode 64ad7080-681e-4c8a-b4c3-702f7cbc10dd to target datanode 6c684cf5-61ac-40bc-8338-ed2c97c175e4
2023-09-08 11:18:58,149 [main] DEBUG balancer.ContainerBalancerTask (ContainerBalancerTask.java:lambda$moveContainer$3(837)) - Container move completed for container #16 from source 64ad7080-681e-4c8a-b4c3-702f7cbc10dd to target 6c684cf5-61ac-40bc-8338-ed2c97c175e4
2023-09-08 11:18:58,150 [main] DEBUG balancer.ContainerBalancerTask (ContainerBalancerTask.java:matchSourceWithTarget(708)) - ContainerBalancer is finding suitable target for source datanode 6639cf6d-04e4-4cc1-afd7-1628b925a361
2023-09-08 11:18:58,151 [main] INFO  balancer.ContainerBalancerTask (ContainerBalancerTask.java:matchSourceWithTarget(722)) - ContainerBalancer matched source datanode 6639cf6d-04e4-4cc1-afd7-1628b925a361 with target datanode 6c684cf5-61ac-40bc-8338-ed2c97c175e4 for container move.
2023-09-08 11:18:58,151 [main] INFO  balancer.ContainerBalancerTask (ContainerBalancerTask.java:processMoveSelection(569)) - ContainerBalancer is trying to move container #70 with size 2147483648B from source datanode 6639cf6d-04e4-4cc1-afd7-1628b925a361 to target datanode 6c684cf5-61ac-40bc-8338-ed2c97c175e4
2023-09-08 11:18:58,151 [main] DEBUG balancer.ContainerBalancerTask (ContainerBalancerTask.java:lambda$moveContainer$3(837)) - Container move completed for container #70 from source 6639cf6d-04e4-4cc1-afd7-1628b925a361 to target 6c684cf5-61ac-40bc-8338-ed2c97c175e4
2023-09-08 11:18:58,153 [main] DEBUG balancer.ContainerBalancerTask (ContainerBalancerTask.java:matchSourceWithTarget(708)) - ContainerBalancer is finding suitable target for source datanode e35f63f6-8624-421c-a32d-97660bb487fa
2023-09-08 11:18:58,153 [main] INFO  balancer.ContainerBalancerTask (ContainerBalancerTask.java:matchSourceWithTarget(722)) - ContainerBalancer matched source datanode e35f63f6-8624-421c-a32d-97660bb487fa with target datanode 6c684cf5-61ac-40bc-8338-ed2c97c175e4 for container move.
2023-09-08 11:18:58,153 [main] INFO  balancer.ContainerBalancerTask (ContainerBalancerTask.java:processMoveSelection(569)) - ContainerBalancer is trying to move container #50 with size 2147483648B from source datanode e35f63f6-8624-421c-a32d-97660bb487fa to target datanode 6c684cf5-61ac-40bc-8338-ed2c97c175e4
2023-09-08 11:18:58,154 [main] DEBUG balancer.ContainerBalancerTask (ContainerBalancerTask.java:lambda$moveContainer$3(837)) - Container move completed for container #50 from source e35f63f6-8624-421c-a32d-97660bb487fa to target 6c684cf5-61ac-40bc-8338-ed2c97c175e4
2023-09-08 11:18:58,155 [main] DEBUG balancer.ContainerBalancerTask (ContainerBalancerTask.java:matchSourceWithTarget(708)) - ContainerBalancer is finding suitable target for source datanode f6d1be91-8ed4-4049-8b5f-17c278f76361
2023-09-08 11:18:58,155 [main] INFO  balancer.ContainerBalancerTask (ContainerBalancerTask.java:matchSourceWithTarget(722)) - ContainerBalancer matched source datanode f6d1be91-8ed4-4049-8b5f-17c278f76361 with target datanode 6c684cf5-61ac-40bc-8338-ed2c97c175e4 for container move.
2023-09-08 11:18:58,155 [main] INFO  balancer.ContainerBalancerTask (ContainerBalancerTask.java:processMoveSelection(569)) - ContainerBalancer is trying to move container #26 with size 2147483648B from source datanode f6d1be91-8ed4-4049-8b5f-17c278f76361 to target datanode 6c684cf5-61ac-40bc-8338-ed2c97c175e4
2023-09-08 11:18:58,155 [main] DEBUG balancer.ContainerBalancerTask (ContainerBalancerTask.java:lambda$moveContainer$3(837)) - Container move completed for container #26 from source f6d1be91-8ed4-4049-8b5f-17c278f76361 to target 6c684cf5-61ac-40bc-8338-ed2c97c175e4
2023-09-08 11:18:58,157 [main] DEBUG balancer.ContainerBalancerTask (ContainerBalancerTask.java:matchSourceWithTarget(708)) - ContainerBalancer is finding suitable target for source datanode 64ad7080-681e-4c8a-b4c3-702f7cbc10dd
2023-09-08 11:18:58,157 [main] INFO  balancer.ContainerBalancerTask (ContainerBalancerTask.java:matchSourceWithTarget(722)) - ContainerBalancer matched source datanode 64ad7080-681e-4c8a-b4c3-702f7cbc10dd with target datanode a7dc953c-bfcc-47bb-a5bb-253a7cd4fc60 for container move.
2023-09-08 11:18:58,157 [main] INFO  balancer.ContainerBalancerTask (ContainerBalancerTask.java:processMoveSelection(569)) - ContainerBalancer is trying to move container #4 with size 1073741824B from source datanode 64ad7080-681e-4c8a-b4c3-702f7cbc10dd to target datanode a7dc953c-bfcc-47bb-a5bb-253a7cd4fc60
2023-09-08 11:18:58,157 [main] DEBUG balancer.ContainerBalancerTask (ContainerBalancerTask.java:lambda$moveContainer$3(837)) - Container move completed for container #4 from source 64ad7080-681e-4c8a-b4c3-702f7cbc10dd to target a7dc953c-bfcc-47bb-a5bb-253a7cd4fc60
2023-09-08 11:18:58,160 [main] DEBUG balancer.ContainerBalancerTask (ContainerBalancerTask.java:matchSourceWithTarget(708)) - ContainerBalancer is finding suitable target for source datanode e35f63f6-8624-421c-a32d-97660bb487fa
2023-09-08 11:18:58,160 [main] INFO  balancer.ContainerBalancerTask (ContainerBalancerTask.java:matchSourceWithTarget(722)) - ContainerBalancer matched source datanode e35f63f6-8624-421c-a32d-97660bb487fa with target datanode 6c684cf5-61ac-40bc-8338-ed2c97c175e4 for container move.
2023-09-08 11:18:58,160 [main] INFO  balancer.ContainerBalancerTask (ContainerBalancerTask.java:processMoveSelection(569)) - ContainerBalancer is trying to move container #54 with size 1073741824B from source datanode e35f63f6-8624-421c-a32d-97660bb487fa to target datanode 6c684cf5-61ac-40bc-8338-ed2c97c175e4
2023-09-08 11:18:58,160 [main] DEBUG balancer.ContainerBalancerTask (ContainerBalancerTask.java:lambda$moveContainer$3(837)) - Container move completed for container #54 from source e35f63f6-8624-421c-a32d-97660bb487fa to target 6c684cf5-61ac-40bc-8338-ed2c97c175e4
2023-09-08 11:18:58,161 [main] DEBUG balancer.ContainerBalancerTask (ContainerBalancerTask.java:matchSourceWithTarget(708)) - ContainerBalancer is finding suitable target for source datanode 64ad7080-681e-4c8a-b4c3-702f7cbc10dd
2023-09-08 11:18:58,162 [main] INFO  balancer.ContainerBalancerTask (ContainerBalancerTask.java:matchSourceWithTarget(722)) - ContainerBalancer matched source datanode 64ad7080-681e-4c8a-b4c3-702f7cbc10dd with target datanode 6c684cf5-61ac-40bc-8338-ed2c97c175e4 for container move.
2023-09-08 11:18:58,162 [main] INFO  balancer.ContainerBalancerTask (ContainerBalancerTask.java:processMoveSelection(569)) - ContainerBalancer is trying to move container #1 with size 1073741824B from source datanode 64ad7080-681e-4c8a-b4c3-702f7cbc10dd to target datanode 6c684cf5-61ac-40bc-8338-ed2c97c175e4
2023-09-08 11:18:58,162 [main] DEBUG balancer.ContainerBalancerTask (ContainerBalancerTask.java:lambda$moveContainer$3(837)) - Container move completed for container #1 from source 64ad7080-681e-4c8a-b4c3-702f7cbc10dd to target 6c684cf5-61ac-40bc-8338-ed2c97c175e4
2023-09-08 11:18:58,164 [main] DEBUG balancer.ContainerBalancerTask (ContainerBalancerTask.java:matchSourceWithTarget(708)) - ContainerBalancer is finding suitable target for source datanode 6639cf6d-04e4-4cc1-afd7-1628b925a361
2023-09-08 11:18:58,164 [main] INFO  balancer.ContainerBalancerTask (ContainerBalancerTask.java:matchSourceWithTarget(722)) - ContainerBalancer matched source datanode 6639cf6d-04e4-4cc1-afd7-1628b925a361 with target datanode 6c684cf5-61ac-40bc-8338-ed2c97c175e4 for container move.
2023-09-08 11:18:58,164 [main] INFO  balancer.ContainerBalancerTask (ContainerBalancerTask.java:processMoveSelection(569)) - ContainerBalancer is trying to move container #69 with size 1073741824B from source datanode 6639cf6d-04e4-4cc1-afd7-1628b925a361 to target datanode 6c684cf5-61ac-40bc-8338-ed2c97c175e4
2023-09-08 11:18:58,164 [main] DEBUG balancer.ContainerBalancerTask (ContainerBalancerTask.java:lambda$moveContainer$3(837)) - Container move completed for container #69 from source 6639cf6d-04e4-4cc1-afd7-1628b925a361 to target 6c684cf5-61ac-40bc-8338-ed2c97c175e4
2023-09-08 11:18:58,166 [main] DEBUG balancer.ContainerBalancerTask (ContainerBalancerTask.java:matchSourceWithTarget(701)) - ContainerBalancer could not find any candidate containers for datanode e35f63f6-8624-421c-a32d-97660bb487fa
2023-09-08 11:18:58,168 [main] DEBUG balancer.ContainerBalancerTask (ContainerBalancerTask.java:matchSourceWithTarget(708)) - ContainerBalancer is finding suitable target for source datanode f6d1be91-8ed4-4049-8b5f-17c278f76361
2023-09-08 11:18:58,168 [main] INFO  balancer.ContainerBalancerTask (ContainerBalancerTask.java:matchSourceWithTarget(722)) - ContainerBalancer matched source datanode f6d1be91-8ed4-4049-8b5f-17c278f76361 with target datanode 6c684cf5-61ac-40bc-8338-ed2c97c175e4 for container move.
2023-09-08 11:18:58,168 [main] INFO  balancer.ContainerBalancerTask (ContainerBalancerTask.java:processMoveSelection(569)) - ContainerBalancer is trying to move container #25 with size 1073741824B from source datanode f6d1be91-8ed4-4049-8b5f-17c278f76361 to target datanode 6c684cf5-61ac-40bc-8338-ed2c97c175e4
2023-09-08 11:18:58,168 [main] DEBUG balancer.ContainerBalancerTask (ContainerBalancerTask.java:lambda$moveContainer$3(837)) - Container move completed for container #25 from source f6d1be91-8ed4-4049-8b5f-17c278f76361 to target 6c684cf5-61ac-40bc-8338-ed2c97c175e4
2023-09-08 11:18:58,168 [main] WARN  balancer.ContainerBalancerTask (ContainerBalancerTask.java:reachedMaxSizeToMovePerIteration(733)) - Reached max size to move limit. 107374182400 bytes have already been scheduled for balancing and the limit is 107374182400 bytes.
2023-09-08 11:18:58,168 [main] INFO  balancer.ContainerBalancerTask (ContainerBalancerTask.java:checkIterationMoveResults(642)) - Iteration Summary. Number of Datanodes involved: 8. Size moved: 100 GB (107374182400 Bytes). Number of Container moves completed: 37.
2023-09-08 11:18:58,168 [main] INFO  balancer.ContainerBalancerTask (ContainerBalancerTask.java:balance(259)) - Result of this iteration of Container Balancer: ITERATION_COMPLETED
2023-09-08 11:18:58,169 [main] INFO  balancer.ContainerBalancerTask (ContainerBalancerTask.java:tryStopWithSaveConfiguration(308)) - Save Configuration for stopping. Reason: Completed all iterations.
]]></system-out>
  </testcase>
  <testcase name="balancerShouldNotSelectNonClosedContainerReplicas" classname="org.apache.hadoop.hdds.scm.container.balancer.TestContainerBalancerTask" time="0.046">
    <system-out><![CDATA[2023-09-08 11:18:58,197 [main] INFO  net.NodeSchemaLoader (NodeSchemaLoader.java:loadSchemaFromFile(129)) - Loading schema from [file:/home/runner/work/ozone/ozone/hadoop-hdds/common/target/classes/network-topology-default.xml]
2023-09-08 11:18:58,197 [main] INFO  net.NodeSchemaLoader (NodeSchemaLoader.java:loadSchema(176)) - Loading network topology layer schema file
2023-09-08 11:18:58,198 [main] INFO  net.NetworkTopologyImpl (NetworkTopologyImpl.java:add(112)) - Added a new node: /default-rack/2e970016-527e-496d-a046-2b2857d8b327
2023-09-08 11:18:58,199 [main] INFO  net.NetworkTopologyImpl (NetworkTopologyImpl.java:add(112)) - Added a new node: /default-rack/1a594ccf-feed-4795-8761-c89216b6b15d
2023-09-08 11:18:58,199 [main] INFO  net.NetworkTopologyImpl (NetworkTopologyImpl.java:add(112)) - Added a new node: /default-rack/3bdd8bce-8914-4492-aab0-80302c1318b1
2023-09-08 11:18:58,199 [main] INFO  net.NetworkTopologyImpl (NetworkTopologyImpl.java:add(112)) - Added a new node: /default-rack/4555eeca-c363-4e3c-9b89-454558e08e56
2023-09-08 11:18:58,199 [main] INFO  net.NetworkTopologyImpl (NetworkTopologyImpl.java:add(112)) - Added a new node: /default-rack/5fd8fee4-0dd3-4426-8f91-a12c15cff990
2023-09-08 11:18:58,199 [main] INFO  net.NetworkTopologyImpl (NetworkTopologyImpl.java:add(112)) - Added a new node: /default-rack/e5213f3d-a9db-411f-87f7-ef0d163e4017
2023-09-08 11:18:58,199 [main] INFO  net.NetworkTopologyImpl (NetworkTopologyImpl.java:add(112)) - Added a new node: /default-rack/e7e806ce-5ebd-41df-9ae3-ca7982227470
2023-09-08 11:18:58,199 [main] INFO  net.NetworkTopologyImpl (NetworkTopologyImpl.java:add(112)) - Added a new node: /default-rack/c4badf06-1f83-4624-b5cf-f9c5c5e0e8ad
2023-09-08 11:18:58,199 [main] INFO  net.NetworkTopologyImpl (NetworkTopologyImpl.java:add(112)) - Added a new node: /default-rack/8b382671-8b9c-4e97-8f8f-7536e31813cc
2023-09-08 11:18:58,200 [main] INFO  net.NetworkTopologyImpl (NetworkTopologyImpl.java:add(112)) - Added a new node: /default-rack/19d03e4d-9adc-47dd-8523-f6b7a339093e
2023-09-08 11:18:58,200 [main] INFO  algorithms.ContainerPlacementPolicyFactory (ContainerPlacementPolicyFactory.java:getPolicyInternal(86)) - Create container placement policy of type org.apache.hadoop.hdds.scm.container.placement.algorithms.SCMContainerPlacementRackAware
2023-09-08 11:18:58,200 [main] INFO  algorithms.ContainerPlacementPolicyFactory (ContainerPlacementPolicyFactory.java:getPolicyInternal(86)) - Create container placement policy of type org.apache.hadoop.hdds.scm.container.placement.algorithms.SCMContainerPlacementRackScatter
2023-09-08 11:18:58,203 [main] DEBUG balancer.ContainerBalancerTask (ContainerBalancerTask.java:initializeIteration(374)) - Average utilization of the cluster is 0.3416456618376006
2023-09-08 11:18:58,203 [main] DEBUG balancer.ContainerBalancerTask (ContainerBalancerTask.java:initializeIteration(386)) - Lower limit for utilization is 0.24164566183760058 and Upper limit for utilization is 0.44164566183760057
2023-09-08 11:18:58,204 [main] DEBUG balancer.ContainerBalancerTask (ContainerBalancerTask.java:initializeIteration(398)) - Utilization for node 4555eeca-c363-4e3c-9b89-454558e08e56 with capacity 54880137671B, used 49392123904B, and remaining 5488013767B is 0.9000000000018221
2023-09-08 11:18:58,204 [main] DEBUG balancer.ContainerBalancerTask (ContainerBalancerTask.java:initializeIteration(398)) - Utilization for node 19d03e4d-9adc-47dd-8523-f6b7a339093e with capacity 63082332160B, used 50465865728B, and remaining 12616466432B is 0.8
2023-09-08 11:18:58,204 [main] DEBUG balancer.ContainerBalancerTask (ContainerBalancerTask.java:initializeIteration(398)) - Utilization for node e5213f3d-a9db-411f-87f7-ef0d163e4017 with capacity 73628010788B, used 51539607552B, and remaining 22088403236B is 0.7000000000054327
2023-09-08 11:18:58,204 [main] DEBUG balancer.ContainerBalancerTask (ContainerBalancerTask.java:initializeIteration(398)) - Utilization for node 8b382671-8b9c-4e97-8f8f-7536e31813cc with capacity 75161927680B, used 45097156608B, and remaining 30064771072B is 0.6
2023-09-08 11:18:58,204 [main] DEBUG balancer.ContainerBalancerTask (ContainerBalancerTask.java:initializeIteration(398)) - Utilization for node 2e970016-527e-496d-a046-2b2857d8b327 with capacity 83751862272B, used 41875931136B, and remaining 41875931136B is 0.5
2023-09-08 11:18:58,204 [main] DEBUG balancer.ContainerBalancerTask (ContainerBalancerTask.java:initializeIteration(398)) - Utilization for node c4badf06-1f83-4624-b5cf-f9c5c5e0e8ad with capacity 99321118720B, used 39728447488B, and remaining 59592671232B is 0.4
2023-09-08 11:18:58,204 [main] DEBUG balancer.ContainerBalancerTask (ContainerBalancerTask.java:initializeIteration(398)) - Utilization for node 5fd8fee4-0dd3-4426-8f91-a12c15cff990 with capacity 93057624746B, used 27917287424B, and remaining 65140337322B is 0.3000000000021492
2023-09-08 11:18:58,204 [main] DEBUG balancer.ContainerBalancerTask (ContainerBalancerTask.java:initializeIteration(398)) - Utilization for node 1a594ccf-feed-4795-8761-c89216b6b15d with capacity 177167400960B, used 35433480192B, and remaining 141733920768B is 0.2
2023-09-08 11:18:58,204 [main] DEBUG balancer.ContainerBalancerTask (ContainerBalancerTask.java:initializeIteration(398)) - Utilization for node 3bdd8bce-8914-4492-aab0-80302c1318b1 with capacity 322122547200B, used 32212254720B, and remaining 289910292480B is 0.1
2023-09-08 11:18:58,204 [main] DEBUG balancer.ContainerBalancerTask (ContainerBalancerTask.java:initializeIteration(398)) - Utilization for node e7e806ce-5ebd-41df-9ae3-ca7982227470 with capacity 51539607552B, used 0B, and remaining 51539607552B is 0.0
2023-09-08 11:18:58,204 [main] INFO  balancer.ContainerBalancerTask (ContainerBalancerTask.java:initializeIteration(447)) - Container Balancer has identified 5 Over-Utilized and 3 Under-Utilized Datanodes that need to be balanced.
2023-09-08 11:18:58,205 [main] DEBUG balancer.ContainerBalancerTask (ContainerBalancerTask.java:lambda$initializeIteration$1(453)) - Datanode localhost-2.241.254.97 4555eeca-c363-4e3c-9b89-454558e08e56 is Over-Utilized.
2023-09-08 11:18:58,205 [main] DEBUG balancer.ContainerBalancerTask (ContainerBalancerTask.java:lambda$initializeIteration$1(453)) - Datanode localhost-186.60.111.195 19d03e4d-9adc-47dd-8523-f6b7a339093e is Over-Utilized.
2023-09-08 11:18:58,205 [main] DEBUG balancer.ContainerBalancerTask (ContainerBalancerTask.java:lambda$initializeIteration$1(453)) - Datanode localhost-178.189.96.228 e5213f3d-a9db-411f-87f7-ef0d163e4017 is Over-Utilized.
2023-09-08 11:18:58,205 [main] DEBUG balancer.ContainerBalancerTask (ContainerBalancerTask.java:lambda$initializeIteration$1(453)) - Datanode localhost-189.222.235.8 8b382671-8b9c-4e97-8f8f-7536e31813cc is Over-Utilized.
2023-09-08 11:18:58,205 [main] DEBUG balancer.ContainerBalancerTask (ContainerBalancerTask.java:lambda$initializeIteration$1(453)) - Datanode localhost-217.148.40.45 2e970016-527e-496d-a046-2b2857d8b327 is Over-Utilized.
2023-09-08 11:18:58,205 [main] DEBUG balancer.ContainerBalancerTask (ContainerBalancerTask.java:lambda$initializeIteration$2(459)) - Datanode localhost-30.113.193.176 e7e806ce-5ebd-41df-9ae3-ca7982227470 is Under-Utilized.
2023-09-08 11:18:58,205 [main] DEBUG balancer.ContainerBalancerTask (ContainerBalancerTask.java:lambda$initializeIteration$2(459)) - Datanode localhost-107.12.237.59 3bdd8bce-8914-4492-aab0-80302c1318b1 is Under-Utilized.
2023-09-08 11:18:58,205 [main] DEBUG balancer.ContainerBalancerTask (ContainerBalancerTask.java:lambda$initializeIteration$2(459)) - Datanode localhost-78.247.244.179 1a594ccf-feed-4795-8761-c89216b6b15d is Under-Utilized.
2023-09-08 11:18:58,208 [main] DEBUG balancer.ContainerBalancerTask (ContainerBalancerTask.java:matchSourceWithTarget(701)) - ContainerBalancer could not find any candidate containers for datanode 4555eeca-c363-4e3c-9b89-454558e08e56
2023-09-08 11:18:58,210 [main] DEBUG balancer.ContainerBalancerTask (ContainerBalancerTask.java:matchSourceWithTarget(701)) - ContainerBalancer could not find any candidate containers for datanode 19d03e4d-9adc-47dd-8523-f6b7a339093e
2023-09-08 11:18:58,212 [main] DEBUG balancer.ContainerBalancerTask (ContainerBalancerTask.java:matchSourceWithTarget(701)) - ContainerBalancer could not find any candidate containers for datanode e5213f3d-a9db-411f-87f7-ef0d163e4017
2023-09-08 11:18:58,214 [main] DEBUG balancer.ContainerBalancerTask (ContainerBalancerTask.java:matchSourceWithTarget(701)) - ContainerBalancer could not find any candidate containers for datanode 8b382671-8b9c-4e97-8f8f-7536e31813cc
2023-09-08 11:18:58,216 [main] DEBUG balancer.ContainerBalancerTask (ContainerBalancerTask.java:matchSourceWithTarget(701)) - ContainerBalancer could not find any candidate containers for datanode 2e970016-527e-496d-a046-2b2857d8b327
2023-09-08 11:18:58,216 [main] INFO  balancer.FindSourceGreedy (FindSourceGreedy.java:getNextCandidateSourceDataNode(126)) - no more candidate source data node
2023-09-08 11:18:58,216 [main] INFO  balancer.ContainerBalancerTask (ContainerBalancerTask.java:balance(259)) - Result of this iteration of Container Balancer: CAN_NOT_BALANCE_ANY_MORE
2023-09-08 11:18:58,216 [main] INFO  balancer.ContainerBalancerTask (ContainerBalancerTask.java:tryStopWithSaveConfiguration(308)) - Save Configuration for stopping. Reason: CAN_NOT_BALANCE_ANY_MORE
]]></system-out>
  </testcase>
  <testcase name="testDelayedStart" classname="org.apache.hadoop.hdds.scm.container.balancer.TestContainerBalancerTask" time="0.062">
    <error type="java.util.concurrent.TimeoutException"><![CDATA[java.util.concurrent.TimeoutException: 
Timed out waiting for condition. Thread diagnostics:
Timestamp: 2023-09-08 11:18:58,274

"Thread-17"  prio=5 tid=28 timed_waiting
java.lang.Thread.State: TIMED_WAITING
        at java.lang.Thread.sleep(Native Method)
        at org.apache.hadoop.hdds.scm.container.balancer.TestContainerBalancerTask.lambda$genCompletableFuture$15(TestContainerBalancerTask.java:1332)
        at org.apache.hadoop.hdds.scm.container.balancer.TestContainerBalancerTask$$Lambda$437/1545688642.get(Unknown Source)
        at java.util.concurrent.CompletableFuture$AsyncSupply.run(CompletableFuture.java:1604)
        at java.lang.Thread.run(Thread.java:750)
"Thread-22"  prio=5 tid=33 timed_waiting
java.lang.Thread.State: TIMED_WAITING
        at java.lang.Thread.sleep(Native Method)
        at org.apache.hadoop.hdds.scm.container.balancer.TestContainerBalancerTask.lambda$genCompletableFuture$15(TestContainerBalancerTask.java:1332)
        at org.apache.hadoop.hdds.scm.container.balancer.TestContainerBalancerTask$$Lambda$437/1545688642.get(Unknown Source)
        at java.util.concurrent.CompletableFuture$AsyncSupply.run(CompletableFuture.java:1604)
        at java.lang.Thread.run(Thread.java:750)
"Thread-13"  prio=5 tid=24 timed_waiting
java.lang.Thread.State: TIMED_WAITING
        at java.lang.Thread.sleep(Native Method)
        at org.apache.hadoop.hdds.scm.container.balancer.TestContainerBalancerTask.lambda$genCompletableFuture$15(TestContainerBalancerTask.java:1332)
        at org.apache.hadoop.hdds.scm.container.balancer.TestContainerBalancerTask$$Lambda$437/1545688642.get(Unknown Source)
        at java.util.concurrent.CompletableFuture$AsyncSupply.run(CompletableFuture.java:1604)
        at java.lang.Thread.run(Thread.java:750)
"Signal Dispatcher" daemon prio=9 tid=4 runnable
java.lang.Thread.State: RUNNABLE
"Thread-14"  prio=5 tid=25 timed_waiting
java.lang.Thread.State: TIMED_WAITING
        at java.lang.Thread.sleep(Native Method)
        at org.apache.hadoop.hdds.scm.container.balancer.TestContainerBalancerTask.lambda$genCompletableFuture$15(TestContainerBalancerTask.java:1332)
        at org.apache.hadoop.hdds.scm.container.balancer.TestContainerBalancerTask$$Lambda$437/1545688642.get(Unknown Source)
        at java.util.concurrent.CompletableFuture$AsyncSupply.run(CompletableFuture.java:1604)
        at java.lang.Thread.run(Thread.java:750)
"Thread-15"  prio=5 tid=26 timed_waiting
java.lang.Thread.State: TIMED_WAITING
        at java.lang.Thread.sleep(Native Method)
        at org.apache.hadoop.hdds.scm.container.balancer.TestContainerBalancerTask.lambda$genCompletableFuture$15(TestContainerBalancerTask.java:1332)
        at org.apache.hadoop.hdds.scm.container.balancer.TestContainerBalancerTask$$Lambda$437/1545688642.get(Unknown Source)
        at java.util.concurrent.CompletableFuture$AsyncSupply.run(CompletableFuture.java:1604)
        at java.lang.Thread.run(Thread.java:750)
"Thread-9"  prio=5 tid=20 timed_waiting
java.lang.Thread.State: TIMED_WAITING
        at java.lang.Thread.sleep(Native Method)
        at org.apache.hadoop.hdds.scm.container.balancer.TestContainerBalancerTask.lambda$genCompletableFuture$15(TestContainerBalancerTask.java:1332)
        at org.apache.hadoop.hdds.scm.container.balancer.TestContainerBalancerTask$$Lambda$437/1545688642.get(Unknown Source)
        at java.util.concurrent.CompletableFuture$AsyncSupply.run(CompletableFuture.java:1604)
        at java.lang.Thread.run(Thread.java:750)
"Thread-21"  prio=5 tid=32 timed_waiting
java.lang.Thread.State: TIMED_WAITING
        at java.lang.Thread.sleep(Native Method)
        at org.apache.hadoop.hdds.scm.container.balancer.TestContainerBalancerTask.lambda$genCompletableFuture$15(TestContainerBalancerTask.java:1332)
        at org.apache.hadoop.hdds.scm.container.balancer.TestContainerBalancerTask$$Lambda$437/1545688642.get(Unknown Source)
        at java.util.concurrent.CompletableFuture$AsyncSupply.run(CompletableFuture.java:1604)
        at java.lang.Thread.run(Thread.java:750)
"Thread-10"  prio=5 tid=21 timed_waiting
java.lang.Thread.State: TIMED_WAITING
        at java.lang.Thread.sleep(Native Method)
        at org.apache.hadoop.hdds.scm.container.balancer.TestContainerBalancerTask.lambda$genCompletableFuture$15(TestContainerBalancerTask.java:1332)
        at org.apache.hadoop.hdds.scm.container.balancer.TestContainerBalancerTask$$Lambda$437/1545688642.get(Unknown Source)
        at java.util.concurrent.CompletableFuture$AsyncSupply.run(CompletableFuture.java:1604)
        at java.lang.Thread.run(Thread.java:750)
"Thread-23"  prio=5 tid=34 timed_waiting
java.lang.Thread.State: TIMED_WAITING
        at java.util.Hashtable.isEmpty(Hashtable.java:245)
        at org.apache.hadoop.conf.Configuration.handleDeprecation(Configuration.java:745)
        at org.apache.hadoop.conf.Configuration.get(Configuration.java:1244)
        at org.apache.hadoop.conf.Configuration.getTimeDuration(Configuration.java:1874)
        at org.apache.hadoop.conf.Configuration.getTimeDuration(Configuration.java:1845)
        at org.apache.hadoop.hdds.scm.container.balancer.ContainerBalancerTask.run(ContainerBalancerTask.java:171)
        at java.lang.Thread.run(Thread.java:750)
"Thread-7"  prio=5 tid=18 timed_waiting
java.lang.Thread.State: TIMED_WAITING
        at java.lang.Thread.sleep(Native Method)
        at org.apache.hadoop.hdds.scm.container.balancer.TestContainerBalancerTask.lambda$genCompletableFuture$15(TestContainerBalancerTask.java:1332)
        at org.apache.hadoop.hdds.scm.container.balancer.TestContainerBalancerTask$$Lambda$437/1545688642.get(Unknown Source)
        at java.util.concurrent.CompletableFuture$AsyncSupply.run(CompletableFuture.java:1604)
        at java.lang.Thread.run(Thread.java:750)
"Thread-6"  prio=5 tid=17 timed_waiting
java.lang.Thread.State: TIMED_WAITING
        at java.lang.Thread.sleep(Native Method)
        at org.apache.hadoop.hdds.scm.container.balancer.TestContainerBalancerTask.lambda$genCompletableFuture$15(TestContainerBalancerTask.java:1332)
        at org.apache.hadoop.hdds.scm.container.balancer.TestContainerBalancerTask$$Lambda$437/1545688642.get(Unknown Source)
        at java.util.concurrent.CompletableFuture$AsyncSupply.run(CompletableFuture.java:1604)
        at java.lang.Thread.run(Thread.java:750)
"Thread-20"  prio=5 tid=31 timed_waiting
java.lang.Thread.State: TIMED_WAITING
        at java.lang.Thread.sleep(Native Method)
        at org.apache.hadoop.hdds.scm.container.balancer.TestContainerBalancerTask.lambda$genCompletableFuture$15(TestContainerBalancerTask.java:1332)
        at org.apache.hadoop.hdds.scm.container.balancer.TestContainerBalancerTask$$Lambda$437/1545688642.get(Unknown Source)
        at java.util.concurrent.CompletableFuture$AsyncSupply.run(CompletableFuture.java:1604)
        at java.lang.Thread.run(Thread.java:750)
"Reference Handler" daemon prio=10 tid=2 in Object.wait()
java.lang.Thread.State: WAITING (on object monitor)
        at java.lang.Object.wait(Native Method)
        at java.lang.Object.wait(Object.java:502)
        at java.lang.ref.Reference.tryHandlePending(Reference.java:191)
        at java.lang.ref.Reference$ReferenceHandler.run(Reference.java:153)
"Thread-16"  prio=5 tid=27 timed_waiting
java.lang.Thread.State: TIMED_WAITING
        at java.lang.Thread.sleep(Native Method)
        at org.apache.hadoop.hdds.scm.container.balancer.TestContainerBalancerTask.lambda$genCompletableFuture$15(TestContainerBalancerTask.java:1332)
        at org.apache.hadoop.hdds.scm.container.balancer.TestContainerBalancerTask$$Lambda$437/1545688642.get(Unknown Source)
        at java.util.concurrent.CompletableFuture$AsyncSupply.run(CompletableFuture.java:1604)
        at java.lang.Thread.run(Thread.java:750)
"Thread-12"  prio=5 tid=23 timed_waiting
java.lang.Thread.State: TIMED_WAITING
        at java.lang.Thread.sleep(Native Method)
        at org.apache.hadoop.hdds.scm.container.balancer.TestContainerBalancerTask.lambda$genCompletableFuture$15(TestContainerBalancerTask.java:1332)
        at org.apache.hadoop.hdds.scm.container.balancer.TestContainerBalancerTask$$Lambda$437/1545688642.get(Unknown Source)
        at java.util.concurrent.CompletableFuture$AsyncSupply.run(CompletableFuture.java:1604)
        at java.lang.Thread.run(Thread.java:750)
"main"  prio=5 tid=1 runnable
java.lang.Thread.State: RUNNABLE
        at java.lang.Thread.dumpThreads(Native Method)
        at java.lang.Thread.getAllStackTraces(Thread.java:1615)
        at org.apache.ozone.test.TimedOutTestsListener.buildThreadDump(TimedOutTestsListener.java:93)
        at org.apache.ozone.test.TimedOutTestsListener.buildThreadDiagnosticString(TimedOutTestsListener.java:79)
        at org.apache.ozone.test.GenericTestUtils.waitFor(GenericTestUtils.java:231)
        at org.apache.hadoop.hdds.scm.container.balancer.TestContainerBalancerTask.testDelayedStart(TestContainerBalancerTask.java:1078)
        at sun.reflect.NativeMethodAccessorImpl.invoke0(Native Method)
        at sun.reflect.NativeMethodAccessorImpl.invoke(NativeMethodAccessorImpl.java:62)
        at sun.reflect.DelegatingMethodAccessorImpl.invoke(DelegatingMethodAccessorImpl.java:43)
        at java.lang.reflect.Method.invoke(Method.java:498)
        at org.junit.platform.commons.util.ReflectionUtils.invokeMethod(ReflectionUtils.java:725)
        at org.junit.jupiter.engine.execution.MethodInvocation.proceed(MethodInvocation.java:60)
        at org.junit.jupiter.engine.execution.InvocationInterceptorChain$ValidatingInvocation.proceed(InvocationInterceptorChain.java:131)
        at org.junit.jupiter.engine.extension.TimeoutExtension.intercept(TimeoutExtension.java:149)
        at org.junit.jupiter.engine.extension.TimeoutExtension.interceptTestableMethod(TimeoutExtension.java:140)
        at org.junit.jupiter.engine.extension.TimeoutExtension.interceptTestMethod(TimeoutExtension.java:84)
        at org.junit.jupiter.engine.descriptor.TestMethodTestDescriptor$$Lambda$158/1987169128.apply(Unknown Source)
        at org.junit.jupiter.engine.execution.ExecutableInvoker$ReflectiveInterceptorCall.lambda$ofVoidMethod$0(ExecutableInvoker.java:115)
        at org.junit.jupiter.engine.execution.ExecutableInvoker$ReflectiveInterceptorCall$$Lambda$159/980138431.apply(Unknown Source)
        at org.junit.jupiter.engine.execution.ExecutableInvoker.lambda$invoke$0(ExecutableInvoker.java:105)
        at org.junit.jupiter.engine.execution.ExecutableInvoker$$Lambda$317/712410791.apply(Unknown Source)
        at org.junit.jupiter.engine.execution.InvocationInterceptorChain$InterceptedInvocation.proceed(InvocationInterceptorChain.java:106)
        at org.junit.jupiter.engine.execution.InvocationInterceptorChain.proceed(InvocationInterceptorChain.java:64)
        at org.junit.jupiter.engine.execution.InvocationInterceptorChain.chainAndInvoke(InvocationInterceptorChain.java:45)
        at org.junit.jupiter.engine.execution.InvocationInterceptorChain.invoke(InvocationInterceptorChain.java:37)
        at org.junit.jupiter.engine.execution.ExecutableInvoker.invoke(ExecutableInvoker.java:104)
        at org.junit.jupiter.engine.execution.ExecutableInvoker.invoke(ExecutableInvoker.java:98)
        at org.junit.jupiter.engine.descriptor.TestMethodTestDescriptor.lambda$invokeTestMethod$7(TestMethodTestDescriptor.java:214)
        at org.junit.jupiter.engine.descriptor.TestMethodTestDescriptor$$Lambda$379/748127799.execute(Unknown Source)
        at org.junit.platform.engine.support.hierarchical.ThrowableCollector.execute(ThrowableCollector.java:73)
        at org.junit.jupiter.engine.descriptor.TestMethodTestDescriptor.invokeTestMethod(TestMethodTestDescriptor.java:210)
        at org.junit.jupiter.engine.descriptor.TestMethodTestDescriptor.execute(TestMethodTestDescriptor.java:135)
        at org.junit.jupiter.engine.descriptor.TestMethodTestDescriptor.execute(TestMethodTestDescriptor.java:66)
        at org.junit.platform.engine.support.hierarchical.NodeTestTask.lambda$executeRecursively$6(NodeTestTask.java:151)
        at org.junit.platform.engine.support.hierarchical.NodeTestTask$$Lambda$258/1058609221.execute(Unknown Source)
        at org.junit.platform.engine.support.hierarchical.ThrowableCollector.execute(ThrowableCollector.java:73)
        at org.junit.platform.engine.support.hierarchical.NodeTestTask.lambda$executeRecursively$8(NodeTestTask.java:141)
        at org.junit.platform.engine.support.hierarchical.NodeTestTask$$Lambda$257/1000966072.invoke(Unknown Source)
        at org.junit.platform.engine.support.hierarchical.Node.around(Node.java:137)
        at org.junit.platform.engine.support.hierarchical.NodeTestTask.lambda$executeRecursively$9(NodeTestTask.java:139)
        at org.junit.platform.engine.support.hierarchical.NodeTestTask$$Lambda$256/673586830.execute(Unknown Source)
        at org.junit.platform.engine.support.hierarchical.ThrowableCollector.execute(ThrowableCollector.java:73)
        at org.junit.platform.engine.support.hierarchical.NodeTestTask.executeRecursively(NodeTestTask.java:138)
        at org.junit.platform.engine.support.hierarchical.NodeTestTask.execute(NodeTestTask.java:95)
        at org.junit.platform.engine.support.hierarchical.SameThreadHierarchicalTestExecutorService$$Lambda$262/1617838096.accept(Unknown Source)
        at java.util.ArrayList.forEach(ArrayList.java:1259)
        at org.junit.platform.engine.support.hierarchical.SameThreadHierarchicalTestExecutorService.invokeAll(SameThreadHierarchicalTestExecutorService.java:41)
        at org.junit.platform.engine.support.hierarchical.NodeTestTask.lambda$executeRecursively$6(NodeTestTask.java:155)
        at org.junit.platform.engine.support.hierarchical.NodeTestTask$$Lambda$258/1058609221.execute(Unknown Source)
        at org.junit.platform.engine.support.hierarchical.ThrowableCollector.execute(ThrowableCollector.java:73)
        at org.junit.platform.engine.support.hierarchical.NodeTestTask.lambda$executeRecursively$8(NodeTestTask.java:141)
        at org.junit.platform.engine.support.hierarchical.NodeTestTask$$Lambda$257/1000966072.invoke(Unknown Source)
        at org.junit.platform.engine.support.hierarchical.Node.around(Node.java:137)
        at org.junit.platform.engine.support.hierarchical.NodeTestTask.lambda$executeRecursively$9(NodeTestTask.java:139)
        at org.junit.platform.engine.support.hierarchical.NodeTestTask$$Lambda$256/673586830.execute(Unknown Source)
        at org.junit.platform.engine.support.hierarchical.ThrowableCollector.execute(ThrowableCollector.java:73)
        at org.junit.platform.engine.support.hierarchical.NodeTestTask.executeRecursively(NodeTestTask.java:138)
        at org.junit.platform.engine.support.hierarchical.NodeTestTask.execute(NodeTestTask.java:95)
        at org.junit.platform.engine.support.hierarchical.SameThreadHierarchicalTestExecutorService$$Lambda$262/1617838096.accept(Unknown Source)
        at java.util.ArrayList.forEach(ArrayList.java:1259)
        at org.junit.platform.engine.support.hierarchical.SameThreadHierarchicalTestExecutorService.invokeAll(SameThreadHierarchicalTestExecutorService.java:41)
        at org.junit.platform.engine.support.hierarchical.NodeTestTask.lambda$executeRecursively$6(NodeTestTask.java:155)
        at org.junit.platform.engine.support.hierarchical.NodeTestTask$$Lambda$258/1058609221.execute(Unknown Source)
        at org.junit.platform.engine.support.hierarchical.ThrowableCollector.execute(ThrowableCollector.java:73)
        at org.junit.platform.engine.support.hierarchical.NodeTestTask.lambda$executeRecursively$8(NodeTestTask.java:141)
        at org.junit.platform.engine.support.hierarchical.NodeTestTask$$Lambda$257/1000966072.invoke(Unknown Source)
        at org.junit.platform.engine.support.hierarchical.Node.around(Node.java:137)
        at org.junit.platform.engine.support.hierarchical.NodeTestTask.lambda$executeRecursively$9(NodeTestTask.java:139)
        at org.junit.platform.engine.support.hierarchical.NodeTestTask$$Lambda$256/673586830.execute(Unknown Source)
        at org.junit.platform.engine.support.hierarchical.ThrowableCollector.execute(ThrowableCollector.java:73)
        at org.junit.platform.engine.support.hierarchical.NodeTestTask.executeRecursively(NodeTestTask.java:138)
        at org.junit.platform.engine.support.hierarchical.NodeTestTask.execute(NodeTestTask.java:95)
        at org.junit.platform.engine.support.hierarchical.SameThreadHierarchicalTestExecutorService.submit(SameThreadHierarchicalTestExecutorService.java:35)
        at org.junit.platform.engine.support.hierarchical.HierarchicalTestExecutor.execute(HierarchicalTestExecutor.java:57)
        at org.junit.platform.engine.support.hierarchical.HierarchicalTestEngine.execute(HierarchicalTestEngine.java:54)
        at org.junit.platform.launcher.core.EngineExecutionOrchestrator.execute(EngineExecutionOrchestrator.java:107)
        at org.junit.platform.launcher.core.EngineExecutionOrchestrator.execute(EngineExecutionOrchestrator.java:88)
        at org.junit.platform.launcher.core.EngineExecutionOrchestrator.lambda$execute$0(EngineExecutionOrchestrator.java:54)
        at org.junit.platform.launcher.core.EngineExecutionOrchestrator$$Lambda$214/556281560.accept(Unknown Source)
        at org.junit.platform.launcher.core.EngineExecutionOrchestrator.withInterceptedStreams(EngineExecutionOrchestrator.java:67)
        at org.junit.platform.launcher.core.EngineExecutionOrchestrator.execute(EngineExecutionOrchestrator.java:52)
        at org.junit.platform.launcher.core.DefaultLauncher.execute(DefaultLauncher.java:114)
        at org.junit.platform.launcher.core.DefaultLauncher.execute(DefaultLauncher.java:86)
        at org.junit.platform.launcher.core.DefaultLauncherSession$DelegatingLauncher.execute(DefaultLauncherSession.java:86)
        at org.junit.platform.launcher.core.SessionPerRequestLauncher.execute(SessionPerRequestLauncher.java:53)
        at org.apache.maven.surefire.junitplatform.JUnitPlatformProvider.execute(JUnitPlatformProvider.java:188)
        at org.apache.maven.surefire.junitplatform.JUnitPlatformProvider.invokeAllTests(JUnitPlatformProvider.java:154)
        at org.apache.maven.surefire.junitplatform.JUnitPlatformProvider.invoke(JUnitPlatformProvider.java:124)
        at org.apache.maven.surefire.booter.ForkedBooter.runSuitesInProcess(ForkedBooter.java:428)
        at org.apache.maven.surefire.booter.ForkedBooter.execute(ForkedBooter.java:162)
        at org.apache.maven.surefire.booter.ForkedBooter.run(ForkedBooter.java:562)
        at org.apache.maven.surefire.booter.ForkedBooter.main(ForkedBooter.java:548)
"Thread-8"  prio=5 tid=19 timed_waiting
java.lang.Thread.State: TIMED_WAITING
        at java.lang.Thread.sleep(Native Method)
        at org.apache.hadoop.hdds.scm.container.balancer.TestContainerBalancerTask.lambda$genCompletableFuture$15(TestContainerBalancerTask.java:1332)
        at org.apache.hadoop.hdds.scm.container.balancer.TestContainerBalancerTask$$Lambda$437/1545688642.get(Unknown Source)
        at java.util.concurrent.CompletableFuture$AsyncSupply.run(CompletableFuture.java:1604)
        at java.lang.Thread.run(Thread.java:750)
"Thread-18"  prio=5 tid=29 timed_waiting
java.lang.Thread.State: TIMED_WAITING
        at java.lang.Thread.sleep(Native Method)
        at org.apache.hadoop.hdds.scm.container.balancer.TestContainerBalancerTask.lambda$genCompletableFuture$15(TestContainerBalancerTask.java:1332)
        at org.apache.hadoop.hdds.scm.container.balancer.TestContainerBalancerTask$$Lambda$437/1545688642.get(Unknown Source)
        at java.util.concurrent.CompletableFuture$AsyncSupply.run(CompletableFuture.java:1604)
        at java.lang.Thread.run(Thread.java:750)
"Thread-19"  prio=5 tid=30 timed_waiting
java.lang.Thread.State: TIMED_WAITING
        at java.lang.Thread.sleep(Native Method)
        at org.apache.hadoop.hdds.scm.container.balancer.TestContainerBalancerTask.lambda$genCompletableFuture$15(TestContainerBalancerTask.java:1332)
        at org.apache.hadoop.hdds.scm.container.balancer.TestContainerBalancerTask$$Lambda$437/1545688642.get(Unknown Source)
        at java.util.concurrent.CompletableFuture$AsyncSupply.run(CompletableFuture.java:1604)
        at java.lang.Thread.run(Thread.java:750)
"Thread-11"  prio=5 tid=22 timed_waiting
java.lang.Thread.State: TIMED_WAITING
        at java.lang.Thread.sleep(Native Method)
        at org.apache.hadoop.hdds.scm.container.balancer.TestContainerBalancerTask.lambda$genCompletableFuture$15(TestContainerBalancerTask.java:1332)
        at org.apache.hadoop.hdds.scm.container.balancer.TestContainerBalancerTask$$Lambda$437/1545688642.get(Unknown Source)
        at java.util.concurrent.CompletableFuture$AsyncSupply.run(CompletableFuture.java:1604)
        at java.lang.Thread.run(Thread.java:750)
"process reaper" daemon prio=10 tid=13 timed_waiting
java.lang.Thread.State: TIMED_WAITING
        at sun.misc.Unsafe.park(Native Method)
        at java.util.concurrent.locks.LockSupport.parkNanos(LockSupport.java:215)
        at java.util.concurrent.SynchronousQueue$TransferStack.awaitFulfill(SynchronousQueue.java:460)
        at java.util.concurrent.SynchronousQueue$TransferStack.transfer(SynchronousQueue.java:362)
        at java.util.concurrent.SynchronousQueue.poll(SynchronousQueue.java:941)
        at java.util.concurrent.ThreadPoolExecutor.getTask(ThreadPoolExecutor.java:1073)
        at java.util.concurrent.ThreadPoolExecutor.runWorker(ThreadPoolExecutor.java:1134)
        at java.util.concurrent.ThreadPoolExecutor$Worker.run(ThreadPoolExecutor.java:624)
        at java.lang.Thread.run(Thread.java:750)
"Attach Listener" daemon prio=9 tid=12 runnable
java.lang.Thread.State: RUNNABLE
"Finalizer" daemon prio=8 tid=3 in Object.wait()
java.lang.Thread.State: WAITING (on object monitor)
        at java.lang.Object.wait(Native Method)
        at java.lang.ref.ReferenceQueue.remove(ReferenceQueue.java:144)
        at java.lang.ref.ReferenceQueue.remove(ReferenceQueue.java:165)
        at java.lang.ref.Finalizer$FinalizerThread.run(Finalizer.java:188)
"surefire-forkedjvm-command-thread" daemon prio=5 tid=10 runnable
java.lang.Thread.State: RUNNABLE
        at java.io.FileInputStream.readBytes(Native Method)
        at java.io.FileInputStream.read(FileInputStream.java:255)
        at java.io.BufferedInputStream.read1(BufferedInputStream.java:284)
        at java.io.BufferedInputStream.read(BufferedInputStream.java:345)
        at java.io.BufferedInputStream.fill(BufferedInputStream.java:246)
        at java.io.BufferedInputStream.read1(BufferedInputStream.java:286)
        at java.io.BufferedInputStream.read(BufferedInputStream.java:345)
        at org.apache.maven.surefire.api.util.internal.Channels$3.readImpl(Channels.java:214)
        at org.apache.maven.surefire.api.util.internal.AbstractNoninterruptibleReadableChannel.read(AbstractNoninterruptibleReadableChannel.java:54)
        at org.apache.maven.surefire.booter.spi.LegacyMasterProcessChannelDecoder.decode(LegacyMasterProcessChannelDecoder.java:80)
        at org.apache.maven.surefire.booter.CommandReader$CommandRunnable.run(CommandReader.java:343)
        at java.lang.Thread.run(Thread.java:750)


	at org.apache.ozone.test.GenericTestUtils.waitFor(GenericTestUtils.java:231)
	at org.apache.hadoop.hdds.scm.container.balancer.TestContainerBalancerTask.testDelayedStart(TestContainerBalancerTask.java:1078)
	at sun.reflect.NativeMethodAccessorImpl.invoke0(Native Method)
	at sun.reflect.NativeMethodAccessorImpl.invoke(NativeMethodAccessorImpl.java:62)
	at sun.reflect.DelegatingMethodAccessorImpl.invoke(DelegatingMethodAccessorImpl.java:43)
	at java.lang.reflect.Method.invoke(Method.java:498)
	at org.junit.platform.commons.util.ReflectionUtils.invokeMethod(ReflectionUtils.java:725)
	at org.junit.jupiter.engine.execution.MethodInvocation.proceed(MethodInvocation.java:60)
	at org.junit.jupiter.engine.execution.InvocationInterceptorChain$ValidatingInvocation.proceed(InvocationInterceptorChain.java:131)
	at org.junit.jupiter.engine.extension.TimeoutExtension.intercept(TimeoutExtension.java:149)
	at org.junit.jupiter.engine.extension.TimeoutExtension.interceptTestableMethod(TimeoutExtension.java:140)
	at org.junit.jupiter.engine.extension.TimeoutExtension.interceptTestMethod(TimeoutExtension.java:84)
	at org.junit.jupiter.engine.execution.ExecutableInvoker$ReflectiveInterceptorCall.lambda$ofVoidMethod$0(ExecutableInvoker.java:115)
	at org.junit.jupiter.engine.execution.ExecutableInvoker.lambda$invoke$0(ExecutableInvoker.java:105)
	at org.junit.jupiter.engine.execution.InvocationInterceptorChain$InterceptedInvocation.proceed(InvocationInterceptorChain.java:106)
	at org.junit.jupiter.engine.execution.InvocationInterceptorChain.proceed(InvocationInterceptorChain.java:64)
	at org.junit.jupiter.engine.execution.InvocationInterceptorChain.chainAndInvoke(InvocationInterceptorChain.java:45)
	at org.junit.jupiter.engine.execution.InvocationInterceptorChain.invoke(InvocationInterceptorChain.java:37)
	at org.junit.jupiter.engine.execution.ExecutableInvoker.invoke(ExecutableInvoker.java:104)
	at org.junit.jupiter.engine.execution.ExecutableInvoker.invoke(ExecutableInvoker.java:98)
	at org.junit.jupiter.engine.descriptor.TestMethodTestDescriptor.lambda$invokeTestMethod$7(TestMethodTestDescriptor.java:214)
	at org.junit.platform.engine.support.hierarchical.ThrowableCollector.execute(ThrowableCollector.java:73)
	at org.junit.jupiter.engine.descriptor.TestMethodTestDescriptor.invokeTestMethod(TestMethodTestDescriptor.java:210)
	at org.junit.jupiter.engine.descriptor.TestMethodTestDescriptor.execute(TestMethodTestDescriptor.java:135)
	at org.junit.jupiter.engine.descriptor.TestMethodTestDescriptor.execute(TestMethodTestDescriptor.java:66)
	at org.junit.platform.engine.support.hierarchical.NodeTestTask.lambda$executeRecursively$6(NodeTestTask.java:151)
	at org.junit.platform.engine.support.hierarchical.ThrowableCollector.execute(ThrowableCollector.java:73)
	at org.junit.platform.engine.support.hierarchical.NodeTestTask.lambda$executeRecursively$8(NodeTestTask.java:141)
	at org.junit.platform.engine.support.hierarchical.Node.around(Node.java:137)
	at org.junit.platform.engine.support.hierarchical.NodeTestTask.lambda$executeRecursively$9(NodeTestTask.java:139)
	at org.junit.platform.engine.support.hierarchical.ThrowableCollector.execute(ThrowableCollector.java:73)
	at org.junit.platform.engine.support.hierarchical.NodeTestTask.executeRecursively(NodeTestTask.java:138)
	at org.junit.platform.engine.support.hierarchical.NodeTestTask.execute(NodeTestTask.java:95)
	at java.util.ArrayList.forEach(ArrayList.java:1259)
	at org.junit.platform.engine.support.hierarchical.SameThreadHierarchicalTestExecutorService.invokeAll(SameThreadHierarchicalTestExecutorService.java:41)
	at org.junit.platform.engine.support.hierarchical.NodeTestTask.lambda$executeRecursively$6(NodeTestTask.java:155)
	at org.junit.platform.engine.support.hierarchical.ThrowableCollector.execute(ThrowableCollector.java:73)
	at org.junit.platform.engine.support.hierarchical.NodeTestTask.lambda$executeRecursively$8(NodeTestTask.java:141)
	at org.junit.platform.engine.support.hierarchical.Node.around(Node.java:137)
	at org.junit.platform.engine.support.hierarchical.NodeTestTask.lambda$executeRecursively$9(NodeTestTask.java:139)
	at org.junit.platform.engine.support.hierarchical.ThrowableCollector.execute(ThrowableCollector.java:73)
	at org.junit.platform.engine.support.hierarchical.NodeTestTask.executeRecursively(NodeTestTask.java:138)
	at org.junit.platform.engine.support.hierarchical.NodeTestTask.execute(NodeTestTask.java:95)
	at java.util.ArrayList.forEach(ArrayList.java:1259)
	at org.junit.platform.engine.support.hierarchical.SameThreadHierarchicalTestExecutorService.invokeAll(SameThreadHierarchicalTestExecutorService.java:41)
	at org.junit.platform.engine.support.hierarchical.NodeTestTask.lambda$executeRecursively$6(NodeTestTask.java:155)
	at org.junit.platform.engine.support.hierarchical.ThrowableCollector.execute(ThrowableCollector.java:73)
	at org.junit.platform.engine.support.hierarchical.NodeTestTask.lambda$executeRecursively$8(NodeTestTask.java:141)
	at org.junit.platform.engine.support.hierarchical.Node.around(Node.java:137)
	at org.junit.platform.engine.support.hierarchical.NodeTestTask.lambda$executeRecursively$9(NodeTestTask.java:139)
	at org.junit.platform.engine.support.hierarchical.ThrowableCollector.execute(ThrowableCollector.java:73)
	at org.junit.platform.engine.support.hierarchical.NodeTestTask.executeRecursively(NodeTestTask.java:138)
	at org.junit.platform.engine.support.hierarchical.NodeTestTask.execute(NodeTestTask.java:95)
	at org.junit.platform.engine.support.hierarchical.SameThreadHierarchicalTestExecutorService.submit(SameThreadHierarchicalTestExecutorService.java:35)
	at org.junit.platform.engine.support.hierarchical.HierarchicalTestExecutor.execute(HierarchicalTestExecutor.java:57)
	at org.junit.platform.engine.support.hierarchical.HierarchicalTestEngine.execute(HierarchicalTestEngine.java:54)
	at org.junit.platform.launcher.core.EngineExecutionOrchestrator.execute(EngineExecutionOrchestrator.java:107)
	at org.junit.platform.launcher.core.EngineExecutionOrchestrator.execute(EngineExecutionOrchestrator.java:88)
	at org.junit.platform.launcher.core.EngineExecutionOrchestrator.lambda$execute$0(EngineExecutionOrchestrator.java:54)
	at org.junit.platform.launcher.core.EngineExecutionOrchestrator.withInterceptedStreams(EngineExecutionOrchestrator.java:67)
	at org.junit.platform.launcher.core.EngineExecutionOrchestrator.execute(EngineExecutionOrchestrator.java:52)
	at org.junit.platform.launcher.core.DefaultLauncher.execute(DefaultLauncher.java:114)
	at org.junit.platform.launcher.core.DefaultLauncher.execute(DefaultLauncher.java:86)
	at org.junit.platform.launcher.core.DefaultLauncherSession$DelegatingLauncher.execute(DefaultLauncherSession.java:86)
	at org.junit.platform.launcher.core.SessionPerRequestLauncher.execute(SessionPerRequestLauncher.java:53)
	at org.apache.maven.surefire.junitplatform.JUnitPlatformProvider.execute(JUnitPlatformProvider.java:188)
	at org.apache.maven.surefire.junitplatform.JUnitPlatformProvider.invokeAllTests(JUnitPlatformProvider.java:154)
	at org.apache.maven.surefire.junitplatform.JUnitPlatformProvider.invoke(JUnitPlatformProvider.java:124)
	at org.apache.maven.surefire.booter.ForkedBooter.runSuitesInProcess(ForkedBooter.java:428)
	at org.apache.maven.surefire.booter.ForkedBooter.execute(ForkedBooter.java:162)
	at org.apache.maven.surefire.booter.ForkedBooter.run(ForkedBooter.java:562)
	at org.apache.maven.surefire.booter.ForkedBooter.main(ForkedBooter.java:548)
]]></error>
    <system-out><![CDATA[2023-09-08 11:18:58,241 [main] INFO  net.NodeSchemaLoader (NodeSchemaLoader.java:loadSchemaFromFile(129)) - Loading schema from [file:/home/runner/work/ozone/ozone/hadoop-hdds/common/target/classes/network-topology-default.xml]
2023-09-08 11:18:58,241 [main] INFO  net.NodeSchemaLoader (NodeSchemaLoader.java:loadSchema(176)) - Loading network topology layer schema file
2023-09-08 11:18:58,243 [main] INFO  net.NetworkTopologyImpl (NetworkTopologyImpl.java:add(112)) - Added a new node: /default-rack/294138de-016c-40c1-8d20-3bf9c5cd98f6
2023-09-08 11:18:58,243 [main] INFO  net.NetworkTopologyImpl (NetworkTopologyImpl.java:add(112)) - Added a new node: /default-rack/f9863c58-7090-4011-9909-2029d26fe181
2023-09-08 11:18:58,243 [main] INFO  net.NetworkTopologyImpl (NetworkTopologyImpl.java:add(112)) - Added a new node: /default-rack/d593c08f-a66b-4f30-9f9d-de6001dcc842
2023-09-08 11:18:58,243 [main] INFO  net.NetworkTopologyImpl (NetworkTopologyImpl.java:add(112)) - Added a new node: /default-rack/4417fd75-b827-4fa2-b281-49f4dc27b501
2023-09-08 11:18:58,243 [main] INFO  net.NetworkTopologyImpl (NetworkTopologyImpl.java:add(112)) - Added a new node: /default-rack/9eb8410f-61b3-4ae6-8c39-ba1cd986c5d4
2023-09-08 11:18:58,243 [main] INFO  net.NetworkTopologyImpl (NetworkTopologyImpl.java:add(112)) - Added a new node: /default-rack/17b6cb9c-080b-4dcf-b4a4-ac9672843caf
2023-09-08 11:18:58,244 [main] INFO  net.NetworkTopologyImpl (NetworkTopologyImpl.java:add(112)) - Added a new node: /default-rack/28ec8a9a-8d00-495b-b86d-fea1c62429cd
2023-09-08 11:18:58,244 [main] INFO  net.NetworkTopologyImpl (NetworkTopologyImpl.java:add(112)) - Added a new node: /default-rack/d62c9a3c-72a6-4ede-964f-c9c0653e9c33
2023-09-08 11:18:58,244 [main] INFO  net.NetworkTopologyImpl (NetworkTopologyImpl.java:add(112)) - Added a new node: /default-rack/f12798c6-3c4a-445f-b430-a40e438c43bc
2023-09-08 11:18:58,244 [main] INFO  net.NetworkTopologyImpl (NetworkTopologyImpl.java:add(112)) - Added a new node: /default-rack/eb1422e6-b6ae-4523-8644-51af3ba553bc
2023-09-08 11:18:58,244 [main] INFO  algorithms.ContainerPlacementPolicyFactory (ContainerPlacementPolicyFactory.java:getPolicyInternal(86)) - Create container placement policy of type org.apache.hadoop.hdds.scm.container.placement.algorithms.SCMContainerPlacementRackAware
2023-09-08 11:18:58,244 [main] INFO  algorithms.ContainerPlacementPolicyFactory (ContainerPlacementPolicyFactory.java:getPolicyInternal(86)) - Create container placement policy of type org.apache.hadoop.hdds.scm.container.placement.algorithms.SCMContainerPlacementRackScatter
2023-09-08 11:18:58,275 [Thread-23] INFO  balancer.ContainerBalancerTask (ContainerBalancerTask.java:run(175)) - ContainerBalancer will sleep for 10 seconds before starting balancing.
]]></system-out>
  </testcase>
  <testcase name="checkIterationResultException" classname="org.apache.hadoop.hdds.scm.container.balancer.TestContainerBalancerTask" time="0.094">
    <system-out><![CDATA[2023-09-08 11:18:58,309 [main] INFO  net.NodeSchemaLoader (NodeSchemaLoader.java:loadSchemaFromFile(129)) - Loading schema from [file:/home/runner/work/ozone/ozone/hadoop-hdds/common/target/classes/network-topology-default.xml]
2023-09-08 11:18:58,309 [main] INFO  net.NodeSchemaLoader (NodeSchemaLoader.java:loadSchema(176)) - Loading network topology layer schema file
2023-09-08 11:18:58,310 [main] INFO  net.NetworkTopologyImpl (NetworkTopologyImpl.java:add(112)) - Added a new node: /default-rack/750d5f52-f47c-48aa-a401-e3a3659dd977
2023-09-08 11:18:58,311 [main] INFO  net.NetworkTopologyImpl (NetworkTopologyImpl.java:add(112)) - Added a new node: /default-rack/6d9b9df2-283d-4de6-bf86-80415a440363
2023-09-08 11:18:58,311 [main] INFO  net.NetworkTopologyImpl (NetworkTopologyImpl.java:add(112)) - Added a new node: /default-rack/904b8572-a55f-46ab-9a81-e5719811688e
2023-09-08 11:18:58,311 [main] INFO  net.NetworkTopologyImpl (NetworkTopologyImpl.java:add(112)) - Added a new node: /default-rack/304bbd5a-d377-4be8-b810-31d729f5e639
2023-09-08 11:18:58,311 [main] INFO  net.NetworkTopologyImpl (NetworkTopologyImpl.java:add(112)) - Added a new node: /default-rack/667eb860-e8cf-4705-8edd-ac0de5b71a85
2023-09-08 11:18:58,311 [main] INFO  net.NetworkTopologyImpl (NetworkTopologyImpl.java:add(112)) - Added a new node: /default-rack/01349dd6-05a1-44c2-8f58-2cc09a08b9eb
2023-09-08 11:18:58,311 [main] INFO  net.NetworkTopologyImpl (NetworkTopologyImpl.java:add(112)) - Added a new node: /default-rack/4c7e8f0a-ed27-4195-863e-c4e93e2d62b6
2023-09-08 11:18:58,311 [main] INFO  net.NetworkTopologyImpl (NetworkTopologyImpl.java:add(112)) - Added a new node: /default-rack/565c684b-5281-4189-b066-94ddc1ca1355
2023-09-08 11:18:58,311 [main] INFO  net.NetworkTopologyImpl (NetworkTopologyImpl.java:add(112)) - Added a new node: /default-rack/c53aa9dc-4421-49d8-9ac8-7c3e7cdf889a
2023-09-08 11:18:58,312 [main] INFO  net.NetworkTopologyImpl (NetworkTopologyImpl.java:add(112)) - Added a new node: /default-rack/538b73ba-856f-446d-8b29-61b6324da97f
2023-09-08 11:18:58,312 [main] INFO  algorithms.ContainerPlacementPolicyFactory (ContainerPlacementPolicyFactory.java:getPolicyInternal(86)) - Create container placement policy of type org.apache.hadoop.hdds.scm.container.placement.algorithms.SCMContainerPlacementRackAware
2023-09-08 11:18:58,312 [main] INFO  algorithms.ContainerPlacementPolicyFactory (ContainerPlacementPolicyFactory.java:getPolicyInternal(86)) - Create container placement policy of type org.apache.hadoop.hdds.scm.container.placement.algorithms.SCMContainerPlacementRackScatter
2023-09-08 11:18:58,318 [main] DEBUG balancer.ContainerBalancerTask (ContainerBalancerTask.java:initializeIteration(374)) - Average utilization of the cluster is 0.37915791352062056
2023-09-08 11:18:58,318 [main] DEBUG balancer.ContainerBalancerTask (ContainerBalancerTask.java:initializeIteration(386)) - Lower limit for utilization is 0.2791579135206206 and Upper limit for utilization is 0.47915791352062054
2023-09-08 11:18:58,318 [main] DEBUG balancer.ContainerBalancerTask (ContainerBalancerTask.java:initializeIteration(398)) - Utilization for node 4c7e8f0a-ed27-4195-863e-c4e93e2d62b6 with capacity 77548020622B, used 69793218560B, and remaining 7754802062B is 0.9000000000025791
2023-09-08 11:18:58,319 [main] DEBUG balancer.ContainerBalancerTask (ContainerBalancerTask.java:initializeIteration(398)) - Utilization for node 565c684b-5281-4189-b066-94ddc1ca1355 with capacity 61740154880B, used 49392123904B, and remaining 12348030976B is 0.8
2023-09-08 11:18:58,319 [main] DEBUG balancer.ContainerBalancerTask (ContainerBalancerTask.java:initializeIteration(398)) - Utilization for node 904b8572-a55f-46ab-9a81-e5719811688e with capacity 65958426331B, used 46170898432B, and remaining 19787527899B is 0.7000000000045483
2023-09-08 11:18:58,319 [main] DEBUG balancer.ContainerBalancerTask (ContainerBalancerTask.java:initializeIteration(398)) - Utilization for node 667eb860-e8cf-4705-8edd-ac0de5b71a85 with capacity 75161927680B, used 45097156608B, and remaining 30064771072B is 0.6
2023-09-08 11:18:58,319 [main] DEBUG balancer.ContainerBalancerTask (ContainerBalancerTask.java:initializeIteration(398)) - Utilization for node c53aa9dc-4421-49d8-9ac8-7c3e7cdf889a with capacity 115964116992B, used 57982058496B, and remaining 57982058496B is 0.5
2023-09-08 11:18:58,319 [main] DEBUG balancer.ContainerBalancerTask (ContainerBalancerTask.java:initializeIteration(398)) - Utilization for node 01349dd6-05a1-44c2-8f58-2cc09a08b9eb with capacity 112742891520B, used 45097156608B, and remaining 67645734912B is 0.4
2023-09-08 11:18:58,319 [main] DEBUG balancer.ContainerBalancerTask (ContainerBalancerTask.java:initializeIteration(398)) - Utilization for node 750d5f52-f47c-48aa-a401-e3a3659dd977 with capacity 57266230613B, used 17179869184B, and remaining 40086361429B is 0.3000000000017462
2023-09-08 11:18:58,319 [main] DEBUG balancer.ContainerBalancerTask (ContainerBalancerTask.java:initializeIteration(398)) - Utilization for node 6d9b9df2-283d-4de6-bf86-80415a440363 with capacity 209379655680B, used 41875931136B, and remaining 167503724544B is 0.2
2023-09-08 11:18:58,319 [main] DEBUG balancer.ContainerBalancerTask (ContainerBalancerTask.java:initializeIteration(398)) - Utilization for node 538b73ba-856f-446d-8b29-61b6324da97f with capacity 257698037760B, used 25769803776B, and remaining 231928233984B is 0.1
2023-09-08 11:18:58,319 [main] DEBUG balancer.ContainerBalancerTask (ContainerBalancerTask.java:initializeIteration(398)) - Utilization for node 304bbd5a-d377-4be8-b810-31d729f5e639 with capacity 17179869184B, used 0B, and remaining 17179869184B is 0.0
2023-09-08 11:18:58,319 [main] INFO  balancer.ContainerBalancerTask (ContainerBalancerTask.java:initializeIteration(447)) - Container Balancer has identified 5 Over-Utilized and 3 Under-Utilized Datanodes that need to be balanced.
2023-09-08 11:18:58,320 [main] DEBUG balancer.ContainerBalancerTask (ContainerBalancerTask.java:lambda$initializeIteration$1(453)) - Datanode localhost-235.124.227.22 4c7e8f0a-ed27-4195-863e-c4e93e2d62b6 is Over-Utilized.
2023-09-08 11:18:58,320 [main] DEBUG balancer.ContainerBalancerTask (ContainerBalancerTask.java:lambda$initializeIteration$1(453)) - Datanode localhost-76.105.5.220 565c684b-5281-4189-b066-94ddc1ca1355 is Over-Utilized.
2023-09-08 11:18:58,320 [main] DEBUG balancer.ContainerBalancerTask (ContainerBalancerTask.java:lambda$initializeIteration$1(453)) - Datanode localhost-85.211.216.238 904b8572-a55f-46ab-9a81-e5719811688e is Over-Utilized.
2023-09-08 11:18:58,320 [main] DEBUG balancer.ContainerBalancerTask (ContainerBalancerTask.java:lambda$initializeIteration$1(453)) - Datanode localhost-72.149.157.205 667eb860-e8cf-4705-8edd-ac0de5b71a85 is Over-Utilized.
2023-09-08 11:18:58,320 [main] DEBUG balancer.ContainerBalancerTask (ContainerBalancerTask.java:lambda$initializeIteration$1(453)) - Datanode localhost-25.84.141.192 c53aa9dc-4421-49d8-9ac8-7c3e7cdf889a is Over-Utilized.
2023-09-08 11:18:58,320 [main] DEBUG balancer.ContainerBalancerTask (ContainerBalancerTask.java:lambda$initializeIteration$2(459)) - Datanode localhost-111.132.61.99 304bbd5a-d377-4be8-b810-31d729f5e639 is Under-Utilized.
2023-09-08 11:18:58,320 [main] DEBUG balancer.ContainerBalancerTask (ContainerBalancerTask.java:lambda$initializeIteration$2(459)) - Datanode localhost-36.120.40.108 538b73ba-856f-446d-8b29-61b6324da97f is Under-Utilized.
2023-09-08 11:18:58,320 [main] DEBUG balancer.ContainerBalancerTask (ContainerBalancerTask.java:lambda$initializeIteration$2(459)) - Datanode localhost-58.151.147.120 6d9b9df2-283d-4de6-bf86-80415a440363 is Under-Utilized.
2023-09-08 11:18:58,323 [main] DEBUG balancer.ContainerBalancerTask (ContainerBalancerTask.java:matchSourceWithTarget(708)) - ContainerBalancer is finding suitable target for source datanode 4c7e8f0a-ed27-4195-863e-c4e93e2d62b6
2023-09-08 11:18:58,324 [main] INFO  balancer.ContainerBalancerTask (ContainerBalancerTask.java:matchSourceWithTarget(722)) - ContainerBalancer matched source datanode 4c7e8f0a-ed27-4195-863e-c4e93e2d62b6 with target datanode 304bbd5a-d377-4be8-b810-31d729f5e639 for container move.
2023-09-08 11:18:58,324 [main] INFO  balancer.ContainerBalancerTask (ContainerBalancerTask.java:processMoveSelection(569)) - ContainerBalancer is trying to move container #68 with size 5368709120B from source datanode 4c7e8f0a-ed27-4195-863e-c4e93e2d62b6 to target datanode 304bbd5a-d377-4be8-b810-31d729f5e639
2023-09-08 11:18:58,326 [Thread-24] INFO  balancer.ContainerBalancerTask (ContainerBalancerTask.java:lambda$moveContainer$3(827)) - Container move for container #68 from source 4c7e8f0a-ed27-4195-863e-c4e93e2d62b6 to target 304bbd5a-d377-4be8-b810-31d729f5e639 failed with exceptions.
java.util.concurrent.CompletionException: java.lang.RuntimeException: Runtime Exception after doing work
	at java.util.concurrent.CompletableFuture.encodeThrowable(CompletableFuture.java:273)
	at java.util.concurrent.CompletableFuture.completeThrowable(CompletableFuture.java:280)
	at java.util.concurrent.CompletableFuture$AsyncSupply.run(CompletableFuture.java:1606)
	at java.lang.Thread.run(Thread.java:750)
Caused by: java.lang.RuntimeException: Runtime Exception after doing work
	at org.apache.hadoop.hdds.scm.container.balancer.TestContainerBalancerTask.lambda$checkIterationResultException$10(TestContainerBalancerTask.java:1011)
	at java.util.concurrent.CompletableFuture$AsyncSupply.run(CompletableFuture.java:1604)
	... 1 more
2023-09-08 11:18:58,329 [main] DEBUG balancer.ContainerBalancerTask (ContainerBalancerTask.java:matchSourceWithTarget(708)) - ContainerBalancer is finding suitable target for source datanode 4c7e8f0a-ed27-4195-863e-c4e93e2d62b6
2023-09-08 11:18:58,329 [main] INFO  balancer.ContainerBalancerTask (ContainerBalancerTask.java:matchSourceWithTarget(722)) - ContainerBalancer matched source datanode 4c7e8f0a-ed27-4195-863e-c4e93e2d62b6 with target datanode 538b73ba-856f-446d-8b29-61b6324da97f for container move.
2023-09-08 11:18:58,329 [main] INFO  balancer.ContainerBalancerTask (ContainerBalancerTask.java:processMoveSelection(569)) - ContainerBalancer is trying to move container #84 with size 4294967296B from source datanode 4c7e8f0a-ed27-4195-863e-c4e93e2d62b6 to target datanode 538b73ba-856f-446d-8b29-61b6324da97f
2023-09-08 11:18:58,330 [main] WARN  balancer.ContainerBalancerTask (ContainerBalancerTask.java:moveContainer(851)) - Could not find Container #84 for container move
org.apache.hadoop.hdds.scm.container.ContainerNotFoundException: Test Container not found
	at org.apache.hadoop.hdds.scm.container.replication.ReplicationManager.move(ReplicationManager.java:1431)
	at org.apache.hadoop.hdds.scm.container.balancer.ContainerBalancerTask.moveContainer(ContainerBalancerTask.java:817)
	at org.apache.hadoop.hdds.scm.container.balancer.ContainerBalancerTask.processMoveSelection(ContainerBalancerTask.java:576)
	at org.apache.hadoop.hdds.scm.container.balancer.ContainerBalancerTask.doIteration(ContainerBalancerTask.java:534)
	at org.apache.hadoop.hdds.scm.container.balancer.ContainerBalancerTask.balance(ContainerBalancerTask.java:257)
	at org.apache.hadoop.hdds.scm.container.balancer.ContainerBalancerTask.run(ContainerBalancerTask.java:179)
	at org.apache.hadoop.hdds.scm.container.balancer.TestContainerBalancerTask.startBalancer(TestContainerBalancerTask.java:1321)
	at org.apache.hadoop.hdds.scm.container.balancer.TestContainerBalancerTask.checkIterationResultException(TestContainerBalancerTask.java:1024)
	at sun.reflect.NativeMethodAccessorImpl.invoke0(Native Method)
	at sun.reflect.NativeMethodAccessorImpl.invoke(NativeMethodAccessorImpl.java:62)
	at sun.reflect.DelegatingMethodAccessorImpl.invoke(DelegatingMethodAccessorImpl.java:43)
	at java.lang.reflect.Method.invoke(Method.java:498)
	at org.junit.platform.commons.util.ReflectionUtils.invokeMethod(ReflectionUtils.java:725)
	at org.junit.jupiter.engine.execution.MethodInvocation.proceed(MethodInvocation.java:60)
	at org.junit.jupiter.engine.execution.InvocationInterceptorChain$ValidatingInvocation.proceed(InvocationInterceptorChain.java:131)
	at org.junit.jupiter.engine.extension.TimeoutExtension.intercept(TimeoutExtension.java:149)
	at org.junit.jupiter.engine.extension.TimeoutExtension.interceptTestableMethod(TimeoutExtension.java:140)
	at org.junit.jupiter.engine.extension.TimeoutExtension.interceptTestMethod(TimeoutExtension.java:84)
	at org.junit.jupiter.engine.execution.ExecutableInvoker$ReflectiveInterceptorCall.lambda$ofVoidMethod$0(ExecutableInvoker.java:115)
	at org.junit.jupiter.engine.execution.ExecutableInvoker.lambda$invoke$0(ExecutableInvoker.java:105)
	at org.junit.jupiter.engine.execution.InvocationInterceptorChain$InterceptedInvocation.proceed(InvocationInterceptorChain.java:106)
	at org.junit.jupiter.engine.execution.InvocationInterceptorChain.proceed(InvocationInterceptorChain.java:64)
	at org.junit.jupiter.engine.execution.InvocationInterceptorChain.chainAndInvoke(InvocationInterceptorChain.java:45)
	at org.junit.jupiter.engine.execution.InvocationInterceptorChain.invoke(InvocationInterceptorChain.java:37)
	at org.junit.jupiter.engine.execution.ExecutableInvoker.invoke(ExecutableInvoker.java:104)
	at org.junit.jupiter.engine.execution.ExecutableInvoker.invoke(ExecutableInvoker.java:98)
	at org.junit.jupiter.engine.descriptor.TestMethodTestDescriptor.lambda$invokeTestMethod$7(TestMethodTestDescriptor.java:214)
	at org.junit.platform.engine.support.hierarchical.ThrowableCollector.execute(ThrowableCollector.java:73)
	at org.junit.jupiter.engine.descriptor.TestMethodTestDescriptor.invokeTestMethod(TestMethodTestDescriptor.java:210)
	at org.junit.jupiter.engine.descriptor.TestMethodTestDescriptor.execute(TestMethodTestDescriptor.java:135)
	at org.junit.jupiter.engine.descriptor.TestMethodTestDescriptor.execute(TestMethodTestDescriptor.java:66)
	at org.junit.platform.engine.support.hierarchical.NodeTestTask.lambda$executeRecursively$6(NodeTestTask.java:151)
	at org.junit.platform.engine.support.hierarchical.ThrowableCollector.execute(ThrowableCollector.java:73)
	at org.junit.platform.engine.support.hierarchical.NodeTestTask.lambda$executeRecursively$8(NodeTestTask.java:141)
	at org.junit.platform.engine.support.hierarchical.Node.around(Node.java:137)
	at org.junit.platform.engine.support.hierarchical.NodeTestTask.lambda$executeRecursively$9(NodeTestTask.java:139)
	at org.junit.platform.engine.support.hierarchical.ThrowableCollector.execute(ThrowableCollector.java:73)
	at org.junit.platform.engine.support.hierarchical.NodeTestTask.executeRecursively(NodeTestTask.java:138)
	at org.junit.platform.engine.support.hierarchical.NodeTestTask.execute(NodeTestTask.java:95)
	at java.util.ArrayList.forEach(ArrayList.java:1259)
	at org.junit.platform.engine.support.hierarchical.SameThreadHierarchicalTestExecutorService.invokeAll(SameThreadHierarchicalTestExecutorService.java:41)
	at org.junit.platform.engine.support.hierarchical.NodeTestTask.lambda$executeRecursively$6(NodeTestTask.java:155)
	at org.junit.platform.engine.support.hierarchical.ThrowableCollector.execute(ThrowableCollector.java:73)
	at org.junit.platform.engine.support.hierarchical.NodeTestTask.lambda$executeRecursively$8(NodeTestTask.java:141)
	at org.junit.platform.engine.support.hierarchical.Node.around(Node.java:137)
	at org.junit.platform.engine.support.hierarchical.NodeTestTask.lambda$executeRecursively$9(NodeTestTask.java:139)
	at org.junit.platform.engine.support.hierarchical.ThrowableCollector.execute(ThrowableCollector.java:73)
	at org.junit.platform.engine.support.hierarchical.NodeTestTask.executeRecursively(NodeTestTask.java:138)
	at org.junit.platform.engine.support.hierarchical.NodeTestTask.execute(NodeTestTask.java:95)
	at java.util.ArrayList.forEach(ArrayList.java:1259)
	at org.junit.platform.engine.support.hierarchical.SameThreadHierarchicalTestExecutorService.invokeAll(SameThreadHierarchicalTestExecutorService.java:41)
	at org.junit.platform.engine.support.hierarchical.NodeTestTask.lambda$executeRecursively$6(NodeTestTask.java:155)
	at org.junit.platform.engine.support.hierarchical.ThrowableCollector.execute(ThrowableCollector.java:73)
	at org.junit.platform.engine.support.hierarchical.NodeTestTask.lambda$executeRecursively$8(NodeTestTask.java:141)
	at org.junit.platform.engine.support.hierarchical.Node.around(Node.java:137)
	at org.junit.platform.engine.support.hierarchical.NodeTestTask.lambda$executeRecursively$9(NodeTestTask.java:139)
	at org.junit.platform.engine.support.hierarchical.ThrowableCollector.execute(ThrowableCollector.java:73)
	at org.junit.platform.engine.support.hierarchical.NodeTestTask.executeRecursively(NodeTestTask.java:138)
	at org.junit.platform.engine.support.hierarchical.NodeTestTask.execute(NodeTestTask.java:95)
	at org.junit.platform.engine.support.hierarchical.SameThreadHierarchicalTestExecutorService.submit(SameThreadHierarchicalTestExecutorService.java:35)
	at org.junit.platform.engine.support.hierarchical.HierarchicalTestExecutor.execute(HierarchicalTestExecutor.java:57)
	at org.junit.platform.engine.support.hierarchical.HierarchicalTestEngine.execute(HierarchicalTestEngine.java:54)
	at org.junit.platform.launcher.core.EngineExecutionOrchestrator.execute(EngineExecutionOrchestrator.java:107)
	at org.junit.platform.launcher.core.EngineExecutionOrchestrator.execute(EngineExecutionOrchestrator.java:88)
	at org.junit.platform.launcher.core.EngineExecutionOrchestrator.lambda$execute$0(EngineExecutionOrchestrator.java:54)
	at org.junit.platform.launcher.core.EngineExecutionOrchestrator.withInterceptedStreams(EngineExecutionOrchestrator.java:67)
	at org.junit.platform.launcher.core.EngineExecutionOrchestrator.execute(EngineExecutionOrchestrator.java:52)
	at org.junit.platform.launcher.core.DefaultLauncher.execute(DefaultLauncher.java:114)
	at org.junit.platform.launcher.core.DefaultLauncher.execute(DefaultLauncher.java:86)
	at org.junit.platform.launcher.core.DefaultLauncherSession$DelegatingLauncher.execute(DefaultLauncherSession.java:86)
	at org.junit.platform.launcher.core.SessionPerRequestLauncher.execute(SessionPerRequestLauncher.java:53)
	at org.apache.maven.surefire.junitplatform.JUnitPlatformProvider.execute(JUnitPlatformProvider.java:188)
	at org.apache.maven.surefire.junitplatform.JUnitPlatformProvider.invokeAllTests(JUnitPlatformProvider.java:154)
	at org.apache.maven.surefire.junitplatform.JUnitPlatformProvider.invoke(JUnitPlatformProvider.java:124)
	at org.apache.maven.surefire.booter.ForkedBooter.runSuitesInProcess(ForkedBooter.java:428)
	at org.apache.maven.surefire.booter.ForkedBooter.execute(ForkedBooter.java:162)
	at org.apache.maven.surefire.booter.ForkedBooter.run(ForkedBooter.java:562)
	at org.apache.maven.surefire.booter.ForkedBooter.main(ForkedBooter.java:548)
2023-09-08 11:18:58,335 [main] DEBUG balancer.ContainerBalancerTask (ContainerBalancerTask.java:matchSourceWithTarget(708)) - ContainerBalancer is finding suitable target for source datanode 565c684b-5281-4189-b066-94ddc1ca1355
2023-09-08 11:18:58,335 [main] INFO  balancer.ContainerBalancerTask (ContainerBalancerTask.java:matchSourceWithTarget(722)) - ContainerBalancer matched source datanode 565c684b-5281-4189-b066-94ddc1ca1355 with target datanode 538b73ba-856f-446d-8b29-61b6324da97f for container move.
2023-09-08 11:18:58,335 [main] INFO  balancer.ContainerBalancerTask (ContainerBalancerTask.java:processMoveSelection(569)) - ContainerBalancer is trying to move container #66 with size 3221225472B from source datanode 565c684b-5281-4189-b066-94ddc1ca1355 to target datanode 538b73ba-856f-446d-8b29-61b6324da97f
2023-09-08 11:18:58,336 [main] INFO  balancer.ContainerBalancerTask (ContainerBalancerTask.java:lambda$moveContainer$3(827)) - Container move for container #66 from source 565c684b-5281-4189-b066-94ddc1ca1355 to target 538b73ba-856f-446d-8b29-61b6324da97f failed with exceptions.
java.lang.RuntimeException: Runtime Exception
	at org.apache.hadoop.hdds.scm.container.balancer.TestContainerBalancerTask.checkIterationResultException(TestContainerBalancerTask.java:1002)
	at sun.reflect.NativeMethodAccessorImpl.invoke0(Native Method)
	at sun.reflect.NativeMethodAccessorImpl.invoke(NativeMethodAccessorImpl.java:62)
	at sun.reflect.DelegatingMethodAccessorImpl.invoke(DelegatingMethodAccessorImpl.java:43)
	at java.lang.reflect.Method.invoke(Method.java:498)
	at org.junit.platform.commons.util.ReflectionUtils.invokeMethod(ReflectionUtils.java:725)
	at org.junit.jupiter.engine.execution.MethodInvocation.proceed(MethodInvocation.java:60)
	at org.junit.jupiter.engine.execution.InvocationInterceptorChain$ValidatingInvocation.proceed(InvocationInterceptorChain.java:131)
	at org.junit.jupiter.engine.extension.TimeoutExtension.intercept(TimeoutExtension.java:149)
	at org.junit.jupiter.engine.extension.TimeoutExtension.interceptTestableMethod(TimeoutExtension.java:140)
	at org.junit.jupiter.engine.extension.TimeoutExtension.interceptTestMethod(TimeoutExtension.java:84)
	at org.junit.jupiter.engine.execution.ExecutableInvoker$ReflectiveInterceptorCall.lambda$ofVoidMethod$0(ExecutableInvoker.java:115)
	at org.junit.jupiter.engine.execution.ExecutableInvoker.lambda$invoke$0(ExecutableInvoker.java:105)
	at org.junit.jupiter.engine.execution.InvocationInterceptorChain$InterceptedInvocation.proceed(InvocationInterceptorChain.java:106)
	at org.junit.jupiter.engine.execution.InvocationInterceptorChain.proceed(InvocationInterceptorChain.java:64)
	at org.junit.jupiter.engine.execution.InvocationInterceptorChain.chainAndInvoke(InvocationInterceptorChain.java:45)
	at org.junit.jupiter.engine.execution.InvocationInterceptorChain.invoke(InvocationInterceptorChain.java:37)
	at org.junit.jupiter.engine.execution.ExecutableInvoker.invoke(ExecutableInvoker.java:104)
	at org.junit.jupiter.engine.execution.ExecutableInvoker.invoke(ExecutableInvoker.java:98)
	at org.junit.jupiter.engine.descriptor.TestMethodTestDescriptor.lambda$invokeTestMethod$7(TestMethodTestDescriptor.java:214)
	at org.junit.platform.engine.support.hierarchical.ThrowableCollector.execute(ThrowableCollector.java:73)
	at org.junit.jupiter.engine.descriptor.TestMethodTestDescriptor.invokeTestMethod(TestMethodTestDescriptor.java:210)
	at org.junit.jupiter.engine.descriptor.TestMethodTestDescriptor.execute(TestMethodTestDescriptor.java:135)
	at org.junit.jupiter.engine.descriptor.TestMethodTestDescriptor.execute(TestMethodTestDescriptor.java:66)
	at org.junit.platform.engine.support.hierarchical.NodeTestTask.lambda$executeRecursively$6(NodeTestTask.java:151)
	at org.junit.platform.engine.support.hierarchical.ThrowableCollector.execute(ThrowableCollector.java:73)
	at org.junit.platform.engine.support.hierarchical.NodeTestTask.lambda$executeRecursively$8(NodeTestTask.java:141)
	at org.junit.platform.engine.support.hierarchical.Node.around(Node.java:137)
	at org.junit.platform.engine.support.hierarchical.NodeTestTask.lambda$executeRecursively$9(NodeTestTask.java:139)
	at org.junit.platform.engine.support.hierarchical.ThrowableCollector.execute(ThrowableCollector.java:73)
	at org.junit.platform.engine.support.hierarchical.NodeTestTask.executeRecursively(NodeTestTask.java:138)
	at org.junit.platform.engine.support.hierarchical.NodeTestTask.execute(NodeTestTask.java:95)
	at java.util.ArrayList.forEach(ArrayList.java:1259)
	at org.junit.platform.engine.support.hierarchical.SameThreadHierarchicalTestExecutorService.invokeAll(SameThreadHierarchicalTestExecutorService.java:41)
	at org.junit.platform.engine.support.hierarchical.NodeTestTask.lambda$executeRecursively$6(NodeTestTask.java:155)
	at org.junit.platform.engine.support.hierarchical.ThrowableCollector.execute(ThrowableCollector.java:73)
	at org.junit.platform.engine.support.hierarchical.NodeTestTask.lambda$executeRecursively$8(NodeTestTask.java:141)
	at org.junit.platform.engine.support.hierarchical.Node.around(Node.java:137)
	at org.junit.platform.engine.support.hierarchical.NodeTestTask.lambda$executeRecursively$9(NodeTestTask.java:139)
	at org.junit.platform.engine.support.hierarchical.ThrowableCollector.execute(ThrowableCollector.java:73)
	at org.junit.platform.engine.support.hierarchical.NodeTestTask.executeRecursively(NodeTestTask.java:138)
	at org.junit.platform.engine.support.hierarchical.NodeTestTask.execute(NodeTestTask.java:95)
	at java.util.ArrayList.forEach(ArrayList.java:1259)
	at org.junit.platform.engine.support.hierarchical.SameThreadHierarchicalTestExecutorService.invokeAll(SameThreadHierarchicalTestExecutorService.java:41)
	at org.junit.platform.engine.support.hierarchical.NodeTestTask.lambda$executeRecursively$6(NodeTestTask.java:155)
	at org.junit.platform.engine.support.hierarchical.ThrowableCollector.execute(ThrowableCollector.java:73)
	at org.junit.platform.engine.support.hierarchical.NodeTestTask.lambda$executeRecursively$8(NodeTestTask.java:141)
	at org.junit.platform.engine.support.hierarchical.Node.around(Node.java:137)
	at org.junit.platform.engine.support.hierarchical.NodeTestTask.lambda$executeRecursively$9(NodeTestTask.java:139)
	at org.junit.platform.engine.support.hierarchical.ThrowableCollector.execute(ThrowableCollector.java:73)
	at org.junit.platform.engine.support.hierarchical.NodeTestTask.executeRecursively(NodeTestTask.java:138)
	at org.junit.platform.engine.support.hierarchical.NodeTestTask.execute(NodeTestTask.java:95)
	at org.junit.platform.engine.support.hierarchical.SameThreadHierarchicalTestExecutorService.submit(SameThreadHierarchicalTestExecutorService.java:35)
	at org.junit.platform.engine.support.hierarchical.HierarchicalTestExecutor.execute(HierarchicalTestExecutor.java:57)
	at org.junit.platform.engine.support.hierarchical.HierarchicalTestEngine.execute(HierarchicalTestEngine.java:54)
	at org.junit.platform.launcher.core.EngineExecutionOrchestrator.execute(EngineExecutionOrchestrator.java:107)
	at org.junit.platform.launcher.core.EngineExecutionOrchestrator.execute(EngineExecutionOrchestrator.java:88)
	at org.junit.platform.launcher.core.EngineExecutionOrchestrator.lambda$execute$0(EngineExecutionOrchestrator.java:54)
	at org.junit.platform.launcher.core.EngineExecutionOrchestrator.withInterceptedStreams(EngineExecutionOrchestrator.java:67)
	at org.junit.platform.launcher.core.EngineExecutionOrchestrator.execute(EngineExecutionOrchestrator.java:52)
	at org.junit.platform.launcher.core.DefaultLauncher.execute(DefaultLauncher.java:114)
	at org.junit.platform.launcher.core.DefaultLauncher.execute(DefaultLauncher.java:86)
	at org.junit.platform.launcher.core.DefaultLauncherSession$DelegatingLauncher.execute(DefaultLauncherSession.java:86)
	at org.junit.platform.launcher.core.SessionPerRequestLauncher.execute(SessionPerRequestLauncher.java:53)
	at org.apache.maven.surefire.junitplatform.JUnitPlatformProvider.execute(JUnitPlatformProvider.java:188)
	at org.apache.maven.surefire.junitplatform.JUnitPlatformProvider.invokeAllTests(JUnitPlatformProvider.java:154)
	at org.apache.maven.surefire.junitplatform.JUnitPlatformProvider.invoke(JUnitPlatformProvider.java:124)
	at org.apache.maven.surefire.booter.ForkedBooter.runSuitesInProcess(ForkedBooter.java:428)
	at org.apache.maven.surefire.booter.ForkedBooter.execute(ForkedBooter.java:162)
	at org.apache.maven.surefire.booter.ForkedBooter.run(ForkedBooter.java:562)
	at org.apache.maven.surefire.booter.ForkedBooter.main(ForkedBooter.java:548)
2023-09-08 11:18:58,339 [main] DEBUG balancer.ContainerBalancerTask (ContainerBalancerTask.java:matchSourceWithTarget(708)) - ContainerBalancer is finding suitable target for source datanode 904b8572-a55f-46ab-9a81-e5719811688e
2023-09-08 11:18:58,339 [main] INFO  balancer.ContainerBalancerTask (ContainerBalancerTask.java:matchSourceWithTarget(722)) - ContainerBalancer matched source datanode 904b8572-a55f-46ab-9a81-e5719811688e with target datanode 538b73ba-856f-446d-8b29-61b6324da97f for container move.
2023-09-08 11:18:58,339 [main] INFO  balancer.ContainerBalancerTask (ContainerBalancerTask.java:processMoveSelection(569)) - ContainerBalancer is trying to move container #52 with size 4294967296B from source datanode 904b8572-a55f-46ab-9a81-e5719811688e to target datanode 538b73ba-856f-446d-8b29-61b6324da97f
2023-09-08 11:18:58,339 [main] INFO  balancer.ContainerBalancerTask (ContainerBalancerTask.java:lambda$moveContainer$3(827)) - Container move for container #52 from source 904b8572-a55f-46ab-9a81-e5719811688e to target 538b73ba-856f-446d-8b29-61b6324da97f failed with exceptions.
java.lang.RuntimeException: Runtime Exception
	at org.apache.hadoop.hdds.scm.container.balancer.TestContainerBalancerTask.checkIterationResultException(TestContainerBalancerTask.java:1002)
	at sun.reflect.NativeMethodAccessorImpl.invoke0(Native Method)
	at sun.reflect.NativeMethodAccessorImpl.invoke(NativeMethodAccessorImpl.java:62)
	at sun.reflect.DelegatingMethodAccessorImpl.invoke(DelegatingMethodAccessorImpl.java:43)
	at java.lang.reflect.Method.invoke(Method.java:498)
	at org.junit.platform.commons.util.ReflectionUtils.invokeMethod(ReflectionUtils.java:725)
	at org.junit.jupiter.engine.execution.MethodInvocation.proceed(MethodInvocation.java:60)
	at org.junit.jupiter.engine.execution.InvocationInterceptorChain$ValidatingInvocation.proceed(InvocationInterceptorChain.java:131)
	at org.junit.jupiter.engine.extension.TimeoutExtension.intercept(TimeoutExtension.java:149)
	at org.junit.jupiter.engine.extension.TimeoutExtension.interceptTestableMethod(TimeoutExtension.java:140)
	at org.junit.jupiter.engine.extension.TimeoutExtension.interceptTestMethod(TimeoutExtension.java:84)
	at org.junit.jupiter.engine.execution.ExecutableInvoker$ReflectiveInterceptorCall.lambda$ofVoidMethod$0(ExecutableInvoker.java:115)
	at org.junit.jupiter.engine.execution.ExecutableInvoker.lambda$invoke$0(ExecutableInvoker.java:105)
	at org.junit.jupiter.engine.execution.InvocationInterceptorChain$InterceptedInvocation.proceed(InvocationInterceptorChain.java:106)
	at org.junit.jupiter.engine.execution.InvocationInterceptorChain.proceed(InvocationInterceptorChain.java:64)
	at org.junit.jupiter.engine.execution.InvocationInterceptorChain.chainAndInvoke(InvocationInterceptorChain.java:45)
	at org.junit.jupiter.engine.execution.InvocationInterceptorChain.invoke(InvocationInterceptorChain.java:37)
	at org.junit.jupiter.engine.execution.ExecutableInvoker.invoke(ExecutableInvoker.java:104)
	at org.junit.jupiter.engine.execution.ExecutableInvoker.invoke(ExecutableInvoker.java:98)
	at org.junit.jupiter.engine.descriptor.TestMethodTestDescriptor.lambda$invokeTestMethod$7(TestMethodTestDescriptor.java:214)
	at org.junit.platform.engine.support.hierarchical.ThrowableCollector.execute(ThrowableCollector.java:73)
	at org.junit.jupiter.engine.descriptor.TestMethodTestDescriptor.invokeTestMethod(TestMethodTestDescriptor.java:210)
	at org.junit.jupiter.engine.descriptor.TestMethodTestDescriptor.execute(TestMethodTestDescriptor.java:135)
	at org.junit.jupiter.engine.descriptor.TestMethodTestDescriptor.execute(TestMethodTestDescriptor.java:66)
	at org.junit.platform.engine.support.hierarchical.NodeTestTask.lambda$executeRecursively$6(NodeTestTask.java:151)
	at org.junit.platform.engine.support.hierarchical.ThrowableCollector.execute(ThrowableCollector.java:73)
	at org.junit.platform.engine.support.hierarchical.NodeTestTask.lambda$executeRecursively$8(NodeTestTask.java:141)
	at org.junit.platform.engine.support.hierarchical.Node.around(Node.java:137)
	at org.junit.platform.engine.support.hierarchical.NodeTestTask.lambda$executeRecursively$9(NodeTestTask.java:139)
	at org.junit.platform.engine.support.hierarchical.ThrowableCollector.execute(ThrowableCollector.java:73)
	at org.junit.platform.engine.support.hierarchical.NodeTestTask.executeRecursively(NodeTestTask.java:138)
	at org.junit.platform.engine.support.hierarchical.NodeTestTask.execute(NodeTestTask.java:95)
	at java.util.ArrayList.forEach(ArrayList.java:1259)
	at org.junit.platform.engine.support.hierarchical.SameThreadHierarchicalTestExecutorService.invokeAll(SameThreadHierarchicalTestExecutorService.java:41)
	at org.junit.platform.engine.support.hierarchical.NodeTestTask.lambda$executeRecursively$6(NodeTestTask.java:155)
	at org.junit.platform.engine.support.hierarchical.ThrowableCollector.execute(ThrowableCollector.java:73)
	at org.junit.platform.engine.support.hierarchical.NodeTestTask.lambda$executeRecursively$8(NodeTestTask.java:141)
	at org.junit.platform.engine.support.hierarchical.Node.around(Node.java:137)
	at org.junit.platform.engine.support.hierarchical.NodeTestTask.lambda$executeRecursively$9(NodeTestTask.java:139)
	at org.junit.platform.engine.support.hierarchical.ThrowableCollector.execute(ThrowableCollector.java:73)
	at org.junit.platform.engine.support.hierarchical.NodeTestTask.executeRecursively(NodeTestTask.java:138)
	at org.junit.platform.engine.support.hierarchical.NodeTestTask.execute(NodeTestTask.java:95)
	at java.util.ArrayList.forEach(ArrayList.java:1259)
	at org.junit.platform.engine.support.hierarchical.SameThreadHierarchicalTestExecutorService.invokeAll(SameThreadHierarchicalTestExecutorService.java:41)
	at org.junit.platform.engine.support.hierarchical.NodeTestTask.lambda$executeRecursively$6(NodeTestTask.java:155)
	at org.junit.platform.engine.support.hierarchical.ThrowableCollector.execute(ThrowableCollector.java:73)
	at org.junit.platform.engine.support.hierarchical.NodeTestTask.lambda$executeRecursively$8(NodeTestTask.java:141)
	at org.junit.platform.engine.support.hierarchical.Node.around(Node.java:137)
	at org.junit.platform.engine.support.hierarchical.NodeTestTask.lambda$executeRecursively$9(NodeTestTask.java:139)
	at org.junit.platform.engine.support.hierarchical.ThrowableCollector.execute(ThrowableCollector.java:73)
	at org.junit.platform.engine.support.hierarchical.NodeTestTask.executeRecursively(NodeTestTask.java:138)
	at org.junit.platform.engine.support.hierarchical.NodeTestTask.execute(NodeTestTask.java:95)
	at org.junit.platform.engine.support.hierarchical.SameThreadHierarchicalTestExecutorService.submit(SameThreadHierarchicalTestExecutorService.java:35)
	at org.junit.platform.engine.support.hierarchical.HierarchicalTestExecutor.execute(HierarchicalTestExecutor.java:57)
	at org.junit.platform.engine.support.hierarchical.HierarchicalTestEngine.execute(HierarchicalTestEngine.java:54)
	at org.junit.platform.launcher.core.EngineExecutionOrchestrator.execute(EngineExecutionOrchestrator.java:107)
	at org.junit.platform.launcher.core.EngineExecutionOrchestrator.execute(EngineExecutionOrchestrator.java:88)
	at org.junit.platform.launcher.core.EngineExecutionOrchestrator.lambda$execute$0(EngineExecutionOrchestrator.java:54)
	at org.junit.platform.launcher.core.EngineExecutionOrchestrator.withInterceptedStreams(EngineExecutionOrchestrator.java:67)
	at org.junit.platform.launcher.core.EngineExecutionOrchestrator.execute(EngineExecutionOrchestrator.java:52)
	at org.junit.platform.launcher.core.DefaultLauncher.execute(DefaultLauncher.java:114)
	at org.junit.platform.launcher.core.DefaultLauncher.execute(DefaultLauncher.java:86)
	at org.junit.platform.launcher.core.DefaultLauncherSession$DelegatingLauncher.execute(DefaultLauncherSession.java:86)
	at org.junit.platform.launcher.core.SessionPerRequestLauncher.execute(SessionPerRequestLauncher.java:53)
	at org.apache.maven.surefire.junitplatform.JUnitPlatformProvider.execute(JUnitPlatformProvider.java:188)
	at org.apache.maven.surefire.junitplatform.JUnitPlatformProvider.invokeAllTests(JUnitPlatformProvider.java:154)
	at org.apache.maven.surefire.junitplatform.JUnitPlatformProvider.invoke(JUnitPlatformProvider.java:124)
	at org.apache.maven.surefire.booter.ForkedBooter.runSuitesInProcess(ForkedBooter.java:428)
	at org.apache.maven.surefire.booter.ForkedBooter.execute(ForkedBooter.java:162)
	at org.apache.maven.surefire.booter.ForkedBooter.run(ForkedBooter.java:562)
	at org.apache.maven.surefire.booter.ForkedBooter.main(ForkedBooter.java:548)
2023-09-08 11:18:58,342 [main] DEBUG balancer.ContainerBalancerTask (ContainerBalancerTask.java:matchSourceWithTarget(708)) - ContainerBalancer is finding suitable target for source datanode 667eb860-e8cf-4705-8edd-ac0de5b71a85
2023-09-08 11:18:58,342 [main] INFO  balancer.ContainerBalancerTask (ContainerBalancerTask.java:matchSourceWithTarget(722)) - ContainerBalancer matched source datanode 667eb860-e8cf-4705-8edd-ac0de5b71a85 with target datanode 538b73ba-856f-446d-8b29-61b6324da97f for container move.
2023-09-08 11:18:58,343 [main] INFO  balancer.ContainerBalancerTask (ContainerBalancerTask.java:processMoveSelection(569)) - ContainerBalancer is trying to move container #40 with size 5368709120B from source datanode 667eb860-e8cf-4705-8edd-ac0de5b71a85 to target datanode 538b73ba-856f-446d-8b29-61b6324da97f
2023-09-08 11:18:58,343 [main] INFO  balancer.ContainerBalancerTask (ContainerBalancerTask.java:lambda$moveContainer$3(827)) - Container move for container #40 from source 667eb860-e8cf-4705-8edd-ac0de5b71a85 to target 538b73ba-856f-446d-8b29-61b6324da97f failed with exceptions.
java.lang.RuntimeException: Runtime Exception
	at org.apache.hadoop.hdds.scm.container.balancer.TestContainerBalancerTask.checkIterationResultException(TestContainerBalancerTask.java:1002)
	at sun.reflect.NativeMethodAccessorImpl.invoke0(Native Method)
	at sun.reflect.NativeMethodAccessorImpl.invoke(NativeMethodAccessorImpl.java:62)
	at sun.reflect.DelegatingMethodAccessorImpl.invoke(DelegatingMethodAccessorImpl.java:43)
	at java.lang.reflect.Method.invoke(Method.java:498)
	at org.junit.platform.commons.util.ReflectionUtils.invokeMethod(ReflectionUtils.java:725)
	at org.junit.jupiter.engine.execution.MethodInvocation.proceed(MethodInvocation.java:60)
	at org.junit.jupiter.engine.execution.InvocationInterceptorChain$ValidatingInvocation.proceed(InvocationInterceptorChain.java:131)
	at org.junit.jupiter.engine.extension.TimeoutExtension.intercept(TimeoutExtension.java:149)
	at org.junit.jupiter.engine.extension.TimeoutExtension.interceptTestableMethod(TimeoutExtension.java:140)
	at org.junit.jupiter.engine.extension.TimeoutExtension.interceptTestMethod(TimeoutExtension.java:84)
	at org.junit.jupiter.engine.execution.ExecutableInvoker$ReflectiveInterceptorCall.lambda$ofVoidMethod$0(ExecutableInvoker.java:115)
	at org.junit.jupiter.engine.execution.ExecutableInvoker.lambda$invoke$0(ExecutableInvoker.java:105)
	at org.junit.jupiter.engine.execution.InvocationInterceptorChain$InterceptedInvocation.proceed(InvocationInterceptorChain.java:106)
	at org.junit.jupiter.engine.execution.InvocationInterceptorChain.proceed(InvocationInterceptorChain.java:64)
	at org.junit.jupiter.engine.execution.InvocationInterceptorChain.chainAndInvoke(InvocationInterceptorChain.java:45)
	at org.junit.jupiter.engine.execution.InvocationInterceptorChain.invoke(InvocationInterceptorChain.java:37)
	at org.junit.jupiter.engine.execution.ExecutableInvoker.invoke(ExecutableInvoker.java:104)
	at org.junit.jupiter.engine.execution.ExecutableInvoker.invoke(ExecutableInvoker.java:98)
	at org.junit.jupiter.engine.descriptor.TestMethodTestDescriptor.lambda$invokeTestMethod$7(TestMethodTestDescriptor.java:214)
	at org.junit.platform.engine.support.hierarchical.ThrowableCollector.execute(ThrowableCollector.java:73)
	at org.junit.jupiter.engine.descriptor.TestMethodTestDescriptor.invokeTestMethod(TestMethodTestDescriptor.java:210)
	at org.junit.jupiter.engine.descriptor.TestMethodTestDescriptor.execute(TestMethodTestDescriptor.java:135)
	at org.junit.jupiter.engine.descriptor.TestMethodTestDescriptor.execute(TestMethodTestDescriptor.java:66)
	at org.junit.platform.engine.support.hierarchical.NodeTestTask.lambda$executeRecursively$6(NodeTestTask.java:151)
	at org.junit.platform.engine.support.hierarchical.ThrowableCollector.execute(ThrowableCollector.java:73)
	at org.junit.platform.engine.support.hierarchical.NodeTestTask.lambda$executeRecursively$8(NodeTestTask.java:141)
	at org.junit.platform.engine.support.hierarchical.Node.around(Node.java:137)
	at org.junit.platform.engine.support.hierarchical.NodeTestTask.lambda$executeRecursively$9(NodeTestTask.java:139)
	at org.junit.platform.engine.support.hierarchical.ThrowableCollector.execute(ThrowableCollector.java:73)
	at org.junit.platform.engine.support.hierarchical.NodeTestTask.executeRecursively(NodeTestTask.java:138)
	at org.junit.platform.engine.support.hierarchical.NodeTestTask.execute(NodeTestTask.java:95)
	at java.util.ArrayList.forEach(ArrayList.java:1259)
	at org.junit.platform.engine.support.hierarchical.SameThreadHierarchicalTestExecutorService.invokeAll(SameThreadHierarchicalTestExecutorService.java:41)
	at org.junit.platform.engine.support.hierarchical.NodeTestTask.lambda$executeRecursively$6(NodeTestTask.java:155)
	at org.junit.platform.engine.support.hierarchical.ThrowableCollector.execute(ThrowableCollector.java:73)
	at org.junit.platform.engine.support.hierarchical.NodeTestTask.lambda$executeRecursively$8(NodeTestTask.java:141)
	at org.junit.platform.engine.support.hierarchical.Node.around(Node.java:137)
	at org.junit.platform.engine.support.hierarchical.NodeTestTask.lambda$executeRecursively$9(NodeTestTask.java:139)
	at org.junit.platform.engine.support.hierarchical.ThrowableCollector.execute(ThrowableCollector.java:73)
	at org.junit.platform.engine.support.hierarchical.NodeTestTask.executeRecursively(NodeTestTask.java:138)
	at org.junit.platform.engine.support.hierarchical.NodeTestTask.execute(NodeTestTask.java:95)
	at java.util.ArrayList.forEach(ArrayList.java:1259)
	at org.junit.platform.engine.support.hierarchical.SameThreadHierarchicalTestExecutorService.invokeAll(SameThreadHierarchicalTestExecutorService.java:41)
	at org.junit.platform.engine.support.hierarchical.NodeTestTask.lambda$executeRecursively$6(NodeTestTask.java:155)
	at org.junit.platform.engine.support.hierarchical.ThrowableCollector.execute(ThrowableCollector.java:73)
	at org.junit.platform.engine.support.hierarchical.NodeTestTask.lambda$executeRecursively$8(NodeTestTask.java:141)
	at org.junit.platform.engine.support.hierarchical.Node.around(Node.java:137)
	at org.junit.platform.engine.support.hierarchical.NodeTestTask.lambda$executeRecursively$9(NodeTestTask.java:139)
	at org.junit.platform.engine.support.hierarchical.ThrowableCollector.execute(ThrowableCollector.java:73)
	at org.junit.platform.engine.support.hierarchical.NodeTestTask.executeRecursively(NodeTestTask.java:138)
	at org.junit.platform.engine.support.hierarchical.NodeTestTask.execute(NodeTestTask.java:95)
	at org.junit.platform.engine.support.hierarchical.SameThreadHierarchicalTestExecutorService.submit(SameThreadHierarchicalTestExecutorService.java:35)
	at org.junit.platform.engine.support.hierarchical.HierarchicalTestExecutor.execute(HierarchicalTestExecutor.java:57)
	at org.junit.platform.engine.support.hierarchical.HierarchicalTestEngine.execute(HierarchicalTestEngine.java:54)
	at org.junit.platform.launcher.core.EngineExecutionOrchestrator.execute(EngineExecutionOrchestrator.java:107)
	at org.junit.platform.launcher.core.EngineExecutionOrchestrator.execute(EngineExecutionOrchestrator.java:88)
	at org.junit.platform.launcher.core.EngineExecutionOrchestrator.lambda$execute$0(EngineExecutionOrchestrator.java:54)
	at org.junit.platform.launcher.core.EngineExecutionOrchestrator.withInterceptedStreams(EngineExecutionOrchestrator.java:67)
	at org.junit.platform.launcher.core.EngineExecutionOrchestrator.execute(EngineExecutionOrchestrator.java:52)
	at org.junit.platform.launcher.core.DefaultLauncher.execute(DefaultLauncher.java:114)
	at org.junit.platform.launcher.core.DefaultLauncher.execute(DefaultLauncher.java:86)
	at org.junit.platform.launcher.core.DefaultLauncherSession$DelegatingLauncher.execute(DefaultLauncherSession.java:86)
	at org.junit.platform.launcher.core.SessionPerRequestLauncher.execute(SessionPerRequestLauncher.java:53)
	at org.apache.maven.surefire.junitplatform.JUnitPlatformProvider.execute(JUnitPlatformProvider.java:188)
	at org.apache.maven.surefire.junitplatform.JUnitPlatformProvider.invokeAllTests(JUnitPlatformProvider.java:154)
	at org.apache.maven.surefire.junitplatform.JUnitPlatformProvider.invoke(JUnitPlatformProvider.java:124)
	at org.apache.maven.surefire.booter.ForkedBooter.runSuitesInProcess(ForkedBooter.java:428)
	at org.apache.maven.surefire.booter.ForkedBooter.execute(ForkedBooter.java:162)
	at org.apache.maven.surefire.booter.ForkedBooter.run(ForkedBooter.java:562)
	at org.apache.maven.surefire.booter.ForkedBooter.main(ForkedBooter.java:548)
2023-09-08 11:18:58,346 [main] DEBUG balancer.ContainerBalancerTask (ContainerBalancerTask.java:matchSourceWithTarget(708)) - ContainerBalancer is finding suitable target for source datanode c53aa9dc-4421-49d8-9ac8-7c3e7cdf889a
2023-09-08 11:18:58,346 [main] INFO  balancer.ContainerBalancerTask (ContainerBalancerTask.java:matchSourceWithTarget(722)) - ContainerBalancer matched source datanode c53aa9dc-4421-49d8-9ac8-7c3e7cdf889a with target datanode 538b73ba-856f-446d-8b29-61b6324da97f for container move.
2023-09-08 11:18:58,346 [main] INFO  balancer.ContainerBalancerTask (ContainerBalancerTask.java:processMoveSelection(569)) - ContainerBalancer is trying to move container #84 with size 4294967296B from source datanode c53aa9dc-4421-49d8-9ac8-7c3e7cdf889a to target datanode 538b73ba-856f-446d-8b29-61b6324da97f
2023-09-08 11:18:58,347 [main] INFO  balancer.ContainerBalancerTask (ContainerBalancerTask.java:lambda$moveContainer$3(827)) - Container move for container #84 from source c53aa9dc-4421-49d8-9ac8-7c3e7cdf889a to target 538b73ba-856f-446d-8b29-61b6324da97f failed with exceptions.
java.lang.RuntimeException: Runtime Exception
	at org.apache.hadoop.hdds.scm.container.balancer.TestContainerBalancerTask.checkIterationResultException(TestContainerBalancerTask.java:1002)
	at sun.reflect.NativeMethodAccessorImpl.invoke0(Native Method)
	at sun.reflect.NativeMethodAccessorImpl.invoke(NativeMethodAccessorImpl.java:62)
	at sun.reflect.DelegatingMethodAccessorImpl.invoke(DelegatingMethodAccessorImpl.java:43)
	at java.lang.reflect.Method.invoke(Method.java:498)
	at org.junit.platform.commons.util.ReflectionUtils.invokeMethod(ReflectionUtils.java:725)
	at org.junit.jupiter.engine.execution.MethodInvocation.proceed(MethodInvocation.java:60)
	at org.junit.jupiter.engine.execution.InvocationInterceptorChain$ValidatingInvocation.proceed(InvocationInterceptorChain.java:131)
	at org.junit.jupiter.engine.extension.TimeoutExtension.intercept(TimeoutExtension.java:149)
	at org.junit.jupiter.engine.extension.TimeoutExtension.interceptTestableMethod(TimeoutExtension.java:140)
	at org.junit.jupiter.engine.extension.TimeoutExtension.interceptTestMethod(TimeoutExtension.java:84)
	at org.junit.jupiter.engine.execution.ExecutableInvoker$ReflectiveInterceptorCall.lambda$ofVoidMethod$0(ExecutableInvoker.java:115)
	at org.junit.jupiter.engine.execution.ExecutableInvoker.lambda$invoke$0(ExecutableInvoker.java:105)
	at org.junit.jupiter.engine.execution.InvocationInterceptorChain$InterceptedInvocation.proceed(InvocationInterceptorChain.java:106)
	at org.junit.jupiter.engine.execution.InvocationInterceptorChain.proceed(InvocationInterceptorChain.java:64)
	at org.junit.jupiter.engine.execution.InvocationInterceptorChain.chainAndInvoke(InvocationInterceptorChain.java:45)
	at org.junit.jupiter.engine.execution.InvocationInterceptorChain.invoke(InvocationInterceptorChain.java:37)
	at org.junit.jupiter.engine.execution.ExecutableInvoker.invoke(ExecutableInvoker.java:104)
	at org.junit.jupiter.engine.execution.ExecutableInvoker.invoke(ExecutableInvoker.java:98)
	at org.junit.jupiter.engine.descriptor.TestMethodTestDescriptor.lambda$invokeTestMethod$7(TestMethodTestDescriptor.java:214)
	at org.junit.platform.engine.support.hierarchical.ThrowableCollector.execute(ThrowableCollector.java:73)
	at org.junit.jupiter.engine.descriptor.TestMethodTestDescriptor.invokeTestMethod(TestMethodTestDescriptor.java:210)
	at org.junit.jupiter.engine.descriptor.TestMethodTestDescriptor.execute(TestMethodTestDescriptor.java:135)
	at org.junit.jupiter.engine.descriptor.TestMethodTestDescriptor.execute(TestMethodTestDescriptor.java:66)
	at org.junit.platform.engine.support.hierarchical.NodeTestTask.lambda$executeRecursively$6(NodeTestTask.java:151)
	at org.junit.platform.engine.support.hierarchical.ThrowableCollector.execute(ThrowableCollector.java:73)
	at org.junit.platform.engine.support.hierarchical.NodeTestTask.lambda$executeRecursively$8(NodeTestTask.java:141)
	at org.junit.platform.engine.support.hierarchical.Node.around(Node.java:137)
	at org.junit.platform.engine.support.hierarchical.NodeTestTask.lambda$executeRecursively$9(NodeTestTask.java:139)
	at org.junit.platform.engine.support.hierarchical.ThrowableCollector.execute(ThrowableCollector.java:73)
	at org.junit.platform.engine.support.hierarchical.NodeTestTask.executeRecursively(NodeTestTask.java:138)
	at org.junit.platform.engine.support.hierarchical.NodeTestTask.execute(NodeTestTask.java:95)
	at java.util.ArrayList.forEach(ArrayList.java:1259)
	at org.junit.platform.engine.support.hierarchical.SameThreadHierarchicalTestExecutorService.invokeAll(SameThreadHierarchicalTestExecutorService.java:41)
	at org.junit.platform.engine.support.hierarchical.NodeTestTask.lambda$executeRecursively$6(NodeTestTask.java:155)
	at org.junit.platform.engine.support.hierarchical.ThrowableCollector.execute(ThrowableCollector.java:73)
	at org.junit.platform.engine.support.hierarchical.NodeTestTask.lambda$executeRecursively$8(NodeTestTask.java:141)
	at org.junit.platform.engine.support.hierarchical.Node.around(Node.java:137)
	at org.junit.platform.engine.support.hierarchical.NodeTestTask.lambda$executeRecursively$9(NodeTestTask.java:139)
	at org.junit.platform.engine.support.hierarchical.ThrowableCollector.execute(ThrowableCollector.java:73)
	at org.junit.platform.engine.support.hierarchical.NodeTestTask.executeRecursively(NodeTestTask.java:138)
	at org.junit.platform.engine.support.hierarchical.NodeTestTask.execute(NodeTestTask.java:95)
	at java.util.ArrayList.forEach(ArrayList.java:1259)
	at org.junit.platform.engine.support.hierarchical.SameThreadHierarchicalTestExecutorService.invokeAll(SameThreadHierarchicalTestExecutorService.java:41)
	at org.junit.platform.engine.support.hierarchical.NodeTestTask.lambda$executeRecursively$6(NodeTestTask.java:155)
	at org.junit.platform.engine.support.hierarchical.ThrowableCollector.execute(ThrowableCollector.java:73)
	at org.junit.platform.engine.support.hierarchical.NodeTestTask.lambda$executeRecursively$8(NodeTestTask.java:141)
	at org.junit.platform.engine.support.hierarchical.Node.around(Node.java:137)
	at org.junit.platform.engine.support.hierarchical.NodeTestTask.lambda$executeRecursively$9(NodeTestTask.java:139)
	at org.junit.platform.engine.support.hierarchical.ThrowableCollector.execute(ThrowableCollector.java:73)
	at org.junit.platform.engine.support.hierarchical.NodeTestTask.executeRecursively(NodeTestTask.java:138)
	at org.junit.platform.engine.support.hierarchical.NodeTestTask.execute(NodeTestTask.java:95)
	at org.junit.platform.engine.support.hierarchical.SameThreadHierarchicalTestExecutorService.submit(SameThreadHierarchicalTestExecutorService.java:35)
	at org.junit.platform.engine.support.hierarchical.HierarchicalTestExecutor.execute(HierarchicalTestExecutor.java:57)
	at org.junit.platform.engine.support.hierarchical.HierarchicalTestEngine.execute(HierarchicalTestEngine.java:54)
	at org.junit.platform.launcher.core.EngineExecutionOrchestrator.execute(EngineExecutionOrchestrator.java:107)
	at org.junit.platform.launcher.core.EngineExecutionOrchestrator.execute(EngineExecutionOrchestrator.java:88)
	at org.junit.platform.launcher.core.EngineExecutionOrchestrator.lambda$execute$0(EngineExecutionOrchestrator.java:54)
	at org.junit.platform.launcher.core.EngineExecutionOrchestrator.withInterceptedStreams(EngineExecutionOrchestrator.java:67)
	at org.junit.platform.launcher.core.EngineExecutionOrchestrator.execute(EngineExecutionOrchestrator.java:52)
	at org.junit.platform.launcher.core.DefaultLauncher.execute(DefaultLauncher.java:114)
	at org.junit.platform.launcher.core.DefaultLauncher.execute(DefaultLauncher.java:86)
	at org.junit.platform.launcher.core.DefaultLauncherSession$DelegatingLauncher.execute(DefaultLauncherSession.java:86)
	at org.junit.platform.launcher.core.SessionPerRequestLauncher.execute(SessionPerRequestLauncher.java:53)
	at org.apache.maven.surefire.junitplatform.JUnitPlatformProvider.execute(JUnitPlatformProvider.java:188)
	at org.apache.maven.surefire.junitplatform.JUnitPlatformProvider.invokeAllTests(JUnitPlatformProvider.java:154)
	at org.apache.maven.surefire.junitplatform.JUnitPlatformProvider.invoke(JUnitPlatformProvider.java:124)
	at org.apache.maven.surefire.booter.ForkedBooter.runSuitesInProcess(ForkedBooter.java:428)
	at org.apache.maven.surefire.booter.ForkedBooter.execute(ForkedBooter.java:162)
	at org.apache.maven.surefire.booter.ForkedBooter.run(ForkedBooter.java:562)
	at org.apache.maven.surefire.booter.ForkedBooter.main(ForkedBooter.java:548)
2023-09-08 11:18:58,347 [main] INFO  balancer.FindSourceGreedy (FindSourceGreedy.java:getNextCandidateSourceDataNode(126)) - no more candidate source data node
2023-09-08 11:18:58,348 [main] ERROR balancer.ContainerBalancerTask (ContainerBalancerTask.java:checkIterationMoveResults(623)) - Got exception while checkIterationMoveResults
java.util.concurrent.ExecutionException: java.lang.RuntimeException: Runtime Exception after doing work
	at java.util.concurrent.CompletableFuture.reportGet(CompletableFuture.java:357)
	at java.util.concurrent.CompletableFuture.get(CompletableFuture.java:1928)
	at org.apache.hadoop.hdds.scm.container.balancer.ContainerBalancerTask.checkIterationMoveResults(ContainerBalancerTask.java:613)
	at org.apache.hadoop.hdds.scm.container.balancer.ContainerBalancerTask.checkIterationResults(ContainerBalancerTask.java:600)
	at org.apache.hadoop.hdds.scm.container.balancer.ContainerBalancerTask.doIteration(ContainerBalancerTask.java:543)
	at org.apache.hadoop.hdds.scm.container.balancer.ContainerBalancerTask.balance(ContainerBalancerTask.java:257)
	at org.apache.hadoop.hdds.scm.container.balancer.ContainerBalancerTask.run(ContainerBalancerTask.java:179)
	at org.apache.hadoop.hdds.scm.container.balancer.TestContainerBalancerTask.startBalancer(TestContainerBalancerTask.java:1321)
	at org.apache.hadoop.hdds.scm.container.balancer.TestContainerBalancerTask.checkIterationResultException(TestContainerBalancerTask.java:1024)
	at sun.reflect.NativeMethodAccessorImpl.invoke0(Native Method)
	at sun.reflect.NativeMethodAccessorImpl.invoke(NativeMethodAccessorImpl.java:62)
	at sun.reflect.DelegatingMethodAccessorImpl.invoke(DelegatingMethodAccessorImpl.java:43)
	at java.lang.reflect.Method.invoke(Method.java:498)
	at org.junit.platform.commons.util.ReflectionUtils.invokeMethod(ReflectionUtils.java:725)
	at org.junit.jupiter.engine.execution.MethodInvocation.proceed(MethodInvocation.java:60)
	at org.junit.jupiter.engine.execution.InvocationInterceptorChain$ValidatingInvocation.proceed(InvocationInterceptorChain.java:131)
	at org.junit.jupiter.engine.extension.TimeoutExtension.intercept(TimeoutExtension.java:149)
	at org.junit.jupiter.engine.extension.TimeoutExtension.interceptTestableMethod(TimeoutExtension.java:140)
	at org.junit.jupiter.engine.extension.TimeoutExtension.interceptTestMethod(TimeoutExtension.java:84)
	at org.junit.jupiter.engine.execution.ExecutableInvoker$ReflectiveInterceptorCall.lambda$ofVoidMethod$0(ExecutableInvoker.java:115)
	at org.junit.jupiter.engine.execution.ExecutableInvoker.lambda$invoke$0(ExecutableInvoker.java:105)
	at org.junit.jupiter.engine.execution.InvocationInterceptorChain$InterceptedInvocation.proceed(InvocationInterceptorChain.java:106)
	at org.junit.jupiter.engine.execution.InvocationInterceptorChain.proceed(InvocationInterceptorChain.java:64)
	at org.junit.jupiter.engine.execution.InvocationInterceptorChain.chainAndInvoke(InvocationInterceptorChain.java:45)
	at org.junit.jupiter.engine.execution.InvocationInterceptorChain.invoke(InvocationInterceptorChain.java:37)
	at org.junit.jupiter.engine.execution.ExecutableInvoker.invoke(ExecutableInvoker.java:104)
	at org.junit.jupiter.engine.execution.ExecutableInvoker.invoke(ExecutableInvoker.java:98)
	at org.junit.jupiter.engine.descriptor.TestMethodTestDescriptor.lambda$invokeTestMethod$7(TestMethodTestDescriptor.java:214)
	at org.junit.platform.engine.support.hierarchical.ThrowableCollector.execute(ThrowableCollector.java:73)
	at org.junit.jupiter.engine.descriptor.TestMethodTestDescriptor.invokeTestMethod(TestMethodTestDescriptor.java:210)
	at org.junit.jupiter.engine.descriptor.TestMethodTestDescriptor.execute(TestMethodTestDescriptor.java:135)
	at org.junit.jupiter.engine.descriptor.TestMethodTestDescriptor.execute(TestMethodTestDescriptor.java:66)
	at org.junit.platform.engine.support.hierarchical.NodeTestTask.lambda$executeRecursively$6(NodeTestTask.java:151)
	at org.junit.platform.engine.support.hierarchical.ThrowableCollector.execute(ThrowableCollector.java:73)
	at org.junit.platform.engine.support.hierarchical.NodeTestTask.lambda$executeRecursively$8(NodeTestTask.java:141)
	at org.junit.platform.engine.support.hierarchical.Node.around(Node.java:137)
	at org.junit.platform.engine.support.hierarchical.NodeTestTask.lambda$executeRecursively$9(NodeTestTask.java:139)
	at org.junit.platform.engine.support.hierarchical.ThrowableCollector.execute(ThrowableCollector.java:73)
	at org.junit.platform.engine.support.hierarchical.NodeTestTask.executeRecursively(NodeTestTask.java:138)
	at org.junit.platform.engine.support.hierarchical.NodeTestTask.execute(NodeTestTask.java:95)
	at java.util.ArrayList.forEach(ArrayList.java:1259)
	at org.junit.platform.engine.support.hierarchical.SameThreadHierarchicalTestExecutorService.invokeAll(SameThreadHierarchicalTestExecutorService.java:41)
	at org.junit.platform.engine.support.hierarchical.NodeTestTask.lambda$executeRecursively$6(NodeTestTask.java:155)
	at org.junit.platform.engine.support.hierarchical.ThrowableCollector.execute(ThrowableCollector.java:73)
	at org.junit.platform.engine.support.hierarchical.NodeTestTask.lambda$executeRecursively$8(NodeTestTask.java:141)
	at org.junit.platform.engine.support.hierarchical.Node.around(Node.java:137)
	at org.junit.platform.engine.support.hierarchical.NodeTestTask.lambda$executeRecursively$9(NodeTestTask.java:139)
	at org.junit.platform.engine.support.hierarchical.ThrowableCollector.execute(ThrowableCollector.java:73)
	at org.junit.platform.engine.support.hierarchical.NodeTestTask.executeRecursively(NodeTestTask.java:138)
	at org.junit.platform.engine.support.hierarchical.NodeTestTask.execute(NodeTestTask.java:95)
	at java.util.ArrayList.forEach(ArrayList.java:1259)
	at org.junit.platform.engine.support.hierarchical.SameThreadHierarchicalTestExecutorService.invokeAll(SameThreadHierarchicalTestExecutorService.java:41)
	at org.junit.platform.engine.support.hierarchical.NodeTestTask.lambda$executeRecursively$6(NodeTestTask.java:155)
	at org.junit.platform.engine.support.hierarchical.ThrowableCollector.execute(ThrowableCollector.java:73)
	at org.junit.platform.engine.support.hierarchical.NodeTestTask.lambda$executeRecursively$8(NodeTestTask.java:141)
	at org.junit.platform.engine.support.hierarchical.Node.around(Node.java:137)
	at org.junit.platform.engine.support.hierarchical.NodeTestTask.lambda$executeRecursively$9(NodeTestTask.java:139)
	at org.junit.platform.engine.support.hierarchical.ThrowableCollector.execute(ThrowableCollector.java:73)
	at org.junit.platform.engine.support.hierarchical.NodeTestTask.executeRecursively(NodeTestTask.java:138)
	at org.junit.platform.engine.support.hierarchical.NodeTestTask.execute(NodeTestTask.java:95)
	at org.junit.platform.engine.support.hierarchical.SameThreadHierarchicalTestExecutorService.submit(SameThreadHierarchicalTestExecutorService.java:35)
	at org.junit.platform.engine.support.hierarchical.HierarchicalTestExecutor.execute(HierarchicalTestExecutor.java:57)
	at org.junit.platform.engine.support.hierarchical.HierarchicalTestEngine.execute(HierarchicalTestEngine.java:54)
	at org.junit.platform.launcher.core.EngineExecutionOrchestrator.execute(EngineExecutionOrchestrator.java:107)
	at org.junit.platform.launcher.core.EngineExecutionOrchestrator.execute(EngineExecutionOrchestrator.java:88)
	at org.junit.platform.launcher.core.EngineExecutionOrchestrator.lambda$execute$0(EngineExecutionOrchestrator.java:54)
	at org.junit.platform.launcher.core.EngineExecutionOrchestrator.withInterceptedStreams(EngineExecutionOrchestrator.java:67)
	at org.junit.platform.launcher.core.EngineExecutionOrchestrator.execute(EngineExecutionOrchestrator.java:52)
	at org.junit.platform.launcher.core.DefaultLauncher.execute(DefaultLauncher.java:114)
	at org.junit.platform.launcher.core.DefaultLauncher.execute(DefaultLauncher.java:86)
	at org.junit.platform.launcher.core.DefaultLauncherSession$DelegatingLauncher.execute(DefaultLauncherSession.java:86)
	at org.junit.platform.launcher.core.SessionPerRequestLauncher.execute(SessionPerRequestLauncher.java:53)
	at org.apache.maven.surefire.junitplatform.JUnitPlatformProvider.execute(JUnitPlatformProvider.java:188)
	at org.apache.maven.surefire.junitplatform.JUnitPlatformProvider.invokeAllTests(JUnitPlatformProvider.java:154)
	at org.apache.maven.surefire.junitplatform.JUnitPlatformProvider.invoke(JUnitPlatformProvider.java:124)
	at org.apache.maven.surefire.booter.ForkedBooter.runSuitesInProcess(ForkedBooter.java:428)
	at org.apache.maven.surefire.booter.ForkedBooter.execute(ForkedBooter.java:162)
	at org.apache.maven.surefire.booter.ForkedBooter.run(ForkedBooter.java:562)
	at org.apache.maven.surefire.booter.ForkedBooter.main(ForkedBooter.java:548)
Caused by: java.lang.RuntimeException: Runtime Exception after doing work
	at org.apache.hadoop.hdds.scm.container.balancer.TestContainerBalancerTask.lambda$checkIterationResultException$10(TestContainerBalancerTask.java:1011)
	at java.util.concurrent.CompletableFuture$AsyncSupply.run(CompletableFuture.java:1604)
	at java.lang.Thread.run(Thread.java:750)
2023-09-08 11:18:58,348 [main] INFO  balancer.ContainerBalancerTask (ContainerBalancerTask.java:checkIterationMoveResults(642)) - Iteration Summary. Number of Datanodes involved: 2. Size moved: 0 B (0 Bytes). Number of Container moves completed: 0.
2023-09-08 11:18:58,348 [main] INFO  balancer.ContainerBalancerTask (ContainerBalancerTask.java:balance(259)) - Result of this iteration of Container Balancer: ITERATION_COMPLETED
2023-09-08 11:18:58,349 [main] INFO  balancer.ContainerBalancerTask (ContainerBalancerTask.java:tryStopWithSaveConfiguration(308)) - Save Configuration for stopping. Reason: Completed all iterations.
2023-09-08 11:18:58,350 [main] DEBUG balancer.ContainerBalancerTask (ContainerBalancerTask.java:initializeIteration(374)) - Average utilization of the cluster is 0.37915791352062056
2023-09-08 11:18:58,350 [main] DEBUG balancer.ContainerBalancerTask (ContainerBalancerTask.java:initializeIteration(386)) - Lower limit for utilization is 0.2791579135206206 and Upper limit for utilization is 0.47915791352062054
2023-09-08 11:18:58,350 [main] DEBUG balancer.ContainerBalancerTask (ContainerBalancerTask.java:initializeIteration(398)) - Utilization for node 4c7e8f0a-ed27-4195-863e-c4e93e2d62b6 with capacity 77548020622B, used 69793218560B, and remaining 7754802062B is 0.9000000000025791
2023-09-08 11:18:58,350 [main] DEBUG balancer.ContainerBalancerTask (ContainerBalancerTask.java:initializeIteration(398)) - Utilization for node 565c684b-5281-4189-b066-94ddc1ca1355 with capacity 61740154880B, used 49392123904B, and remaining 12348030976B is 0.8
2023-09-08 11:18:58,350 [main] DEBUG balancer.ContainerBalancerTask (ContainerBalancerTask.java:initializeIteration(398)) - Utilization for node 904b8572-a55f-46ab-9a81-e5719811688e with capacity 65958426331B, used 46170898432B, and remaining 19787527899B is 0.7000000000045483
2023-09-08 11:18:58,351 [main] DEBUG balancer.ContainerBalancerTask (ContainerBalancerTask.java:initializeIteration(398)) - Utilization for node 667eb860-e8cf-4705-8edd-ac0de5b71a85 with capacity 75161927680B, used 45097156608B, and remaining 30064771072B is 0.6
2023-09-08 11:18:58,351 [main] DEBUG balancer.ContainerBalancerTask (ContainerBalancerTask.java:initializeIteration(398)) - Utilization for node c53aa9dc-4421-49d8-9ac8-7c3e7cdf889a with capacity 115964116992B, used 57982058496B, and remaining 57982058496B is 0.5
2023-09-08 11:18:58,351 [main] DEBUG balancer.ContainerBalancerTask (ContainerBalancerTask.java:initializeIteration(398)) - Utilization for node 01349dd6-05a1-44c2-8f58-2cc09a08b9eb with capacity 112742891520B, used 45097156608B, and remaining 67645734912B is 0.4
2023-09-08 11:18:58,351 [main] DEBUG balancer.ContainerBalancerTask (ContainerBalancerTask.java:initializeIteration(398)) - Utilization for node 750d5f52-f47c-48aa-a401-e3a3659dd977 with capacity 57266230613B, used 17179869184B, and remaining 40086361429B is 0.3000000000017462
2023-09-08 11:18:58,351 [main] DEBUG balancer.ContainerBalancerTask (ContainerBalancerTask.java:initializeIteration(398)) - Utilization for node 6d9b9df2-283d-4de6-bf86-80415a440363 with capacity 209379655680B, used 41875931136B, and remaining 167503724544B is 0.2
2023-09-08 11:18:58,351 [main] DEBUG balancer.ContainerBalancerTask (ContainerBalancerTask.java:initializeIteration(398)) - Utilization for node 538b73ba-856f-446d-8b29-61b6324da97f with capacity 257698037760B, used 25769803776B, and remaining 231928233984B is 0.1
2023-09-08 11:18:58,351 [main] DEBUG balancer.ContainerBalancerTask (ContainerBalancerTask.java:initializeIteration(398)) - Utilization for node 304bbd5a-d377-4be8-b810-31d729f5e639 with capacity 17179869184B, used 0B, and remaining 17179869184B is 0.0
2023-09-08 11:18:58,351 [main] INFO  balancer.ContainerBalancerTask (ContainerBalancerTask.java:initializeIteration(447)) - Container Balancer has identified 5 Over-Utilized and 3 Under-Utilized Datanodes that need to be balanced.
2023-09-08 11:18:58,351 [main] DEBUG balancer.ContainerBalancerTask (ContainerBalancerTask.java:lambda$initializeIteration$1(453)) - Datanode localhost-235.124.227.22 4c7e8f0a-ed27-4195-863e-c4e93e2d62b6 is Over-Utilized.
2023-09-08 11:18:58,351 [main] DEBUG balancer.ContainerBalancerTask (ContainerBalancerTask.java:lambda$initializeIteration$1(453)) - Datanode localhost-76.105.5.220 565c684b-5281-4189-b066-94ddc1ca1355 is Over-Utilized.
2023-09-08 11:18:58,352 [main] DEBUG balancer.ContainerBalancerTask (ContainerBalancerTask.java:lambda$initializeIteration$1(453)) - Datanode localhost-85.211.216.238 904b8572-a55f-46ab-9a81-e5719811688e is Over-Utilized.
2023-09-08 11:18:58,352 [main] DEBUG balancer.ContainerBalancerTask (ContainerBalancerTask.java:lambda$initializeIteration$1(453)) - Datanode localhost-72.149.157.205 667eb860-e8cf-4705-8edd-ac0de5b71a85 is Over-Utilized.
2023-09-08 11:18:58,352 [main] DEBUG balancer.ContainerBalancerTask (ContainerBalancerTask.java:lambda$initializeIteration$1(453)) - Datanode localhost-25.84.141.192 c53aa9dc-4421-49d8-9ac8-7c3e7cdf889a is Over-Utilized.
2023-09-08 11:18:58,352 [main] DEBUG balancer.ContainerBalancerTask (ContainerBalancerTask.java:lambda$initializeIteration$2(459)) - Datanode localhost-111.132.61.99 304bbd5a-d377-4be8-b810-31d729f5e639 is Under-Utilized.
2023-09-08 11:18:58,352 [main] DEBUG balancer.ContainerBalancerTask (ContainerBalancerTask.java:lambda$initializeIteration$2(459)) - Datanode localhost-36.120.40.108 538b73ba-856f-446d-8b29-61b6324da97f is Under-Utilized.
2023-09-08 11:18:58,352 [main] DEBUG balancer.ContainerBalancerTask (ContainerBalancerTask.java:lambda$initializeIteration$2(459)) - Datanode localhost-58.151.147.120 6d9b9df2-283d-4de6-bf86-80415a440363 is Under-Utilized.
2023-09-08 11:18:58,355 [main] DEBUG balancer.ContainerBalancerTask (ContainerBalancerTask.java:matchSourceWithTarget(708)) - ContainerBalancer is finding suitable target for source datanode 4c7e8f0a-ed27-4195-863e-c4e93e2d62b6
2023-09-08 11:18:58,355 [main] INFO  balancer.ContainerBalancerTask (ContainerBalancerTask.java:matchSourceWithTarget(722)) - ContainerBalancer matched source datanode 4c7e8f0a-ed27-4195-863e-c4e93e2d62b6 with target datanode 304bbd5a-d377-4be8-b810-31d729f5e639 for container move.
2023-09-08 11:18:58,355 [main] INFO  balancer.ContainerBalancerTask (ContainerBalancerTask.java:processMoveSelection(569)) - ContainerBalancer is trying to move container #85 with size 5368709120B from source datanode 4c7e8f0a-ed27-4195-863e-c4e93e2d62b6 to target datanode 304bbd5a-d377-4be8-b810-31d729f5e639
2023-09-08 11:18:58,359 [main] DEBUG balancer.ContainerBalancerTask (ContainerBalancerTask.java:matchSourceWithTarget(708)) - ContainerBalancer is finding suitable target for source datanode 4c7e8f0a-ed27-4195-863e-c4e93e2d62b6
2023-09-08 11:18:58,359 [main] INFO  balancer.ContainerBalancerTask (ContainerBalancerTask.java:matchSourceWithTarget(722)) - ContainerBalancer matched source datanode 4c7e8f0a-ed27-4195-863e-c4e93e2d62b6 with target datanode 538b73ba-856f-446d-8b29-61b6324da97f for container move.
2023-09-08 11:18:58,359 [main] INFO  balancer.ContainerBalancerTask (ContainerBalancerTask.java:processMoveSelection(569)) - ContainerBalancer is trying to move container #68 with size 5368709120B from source datanode 4c7e8f0a-ed27-4195-863e-c4e93e2d62b6 to target datanode 538b73ba-856f-446d-8b29-61b6324da97f
2023-09-08 11:18:58,360 [main] WARN  balancer.ContainerBalancerTask (ContainerBalancerTask.java:moveContainer(851)) - Could not find Container #68 for container move
org.apache.hadoop.hdds.scm.container.ContainerNotFoundException: Test Container not found
	at org.apache.hadoop.hdds.scm.container.balancer.MoveManager.move(MoveManager.java:212)
	at org.apache.hadoop.hdds.scm.container.balancer.ContainerBalancerTask.moveContainer(ContainerBalancerTask.java:819)
	at org.apache.hadoop.hdds.scm.container.balancer.ContainerBalancerTask.processMoveSelection(ContainerBalancerTask.java:576)
	at org.apache.hadoop.hdds.scm.container.balancer.ContainerBalancerTask.doIteration(ContainerBalancerTask.java:534)
	at org.apache.hadoop.hdds.scm.container.balancer.ContainerBalancerTask.balance(ContainerBalancerTask.java:257)
	at org.apache.hadoop.hdds.scm.container.balancer.ContainerBalancerTask.run(ContainerBalancerTask.java:179)
	at org.apache.hadoop.hdds.scm.container.balancer.TestContainerBalancerTask.startBalancer(TestContainerBalancerTask.java:1321)
	at org.apache.hadoop.hdds.scm.container.balancer.TestContainerBalancerTask.checkIterationResultException(TestContainerBalancerTask.java:1051)
	at sun.reflect.NativeMethodAccessorImpl.invoke0(Native Method)
	at sun.reflect.NativeMethodAccessorImpl.invoke(NativeMethodAccessorImpl.java:62)
	at sun.reflect.DelegatingMethodAccessorImpl.invoke(DelegatingMethodAccessorImpl.java:43)
	at java.lang.reflect.Method.invoke(Method.java:498)
	at org.junit.platform.commons.util.ReflectionUtils.invokeMethod(ReflectionUtils.java:725)
	at org.junit.jupiter.engine.execution.MethodInvocation.proceed(MethodInvocation.java:60)
	at org.junit.jupiter.engine.execution.InvocationInterceptorChain$ValidatingInvocation.proceed(InvocationInterceptorChain.java:131)
	at org.junit.jupiter.engine.extension.TimeoutExtension.intercept(TimeoutExtension.java:149)
	at org.junit.jupiter.engine.extension.TimeoutExtension.interceptTestableMethod(TimeoutExtension.java:140)
	at org.junit.jupiter.engine.extension.TimeoutExtension.interceptTestMethod(TimeoutExtension.java:84)
	at org.junit.jupiter.engine.execution.ExecutableInvoker$ReflectiveInterceptorCall.lambda$ofVoidMethod$0(ExecutableInvoker.java:115)
	at org.junit.jupiter.engine.execution.ExecutableInvoker.lambda$invoke$0(ExecutableInvoker.java:105)
	at org.junit.jupiter.engine.execution.InvocationInterceptorChain$InterceptedInvocation.proceed(InvocationInterceptorChain.java:106)
	at org.junit.jupiter.engine.execution.InvocationInterceptorChain.proceed(InvocationInterceptorChain.java:64)
	at org.junit.jupiter.engine.execution.InvocationInterceptorChain.chainAndInvoke(InvocationInterceptorChain.java:45)
	at org.junit.jupiter.engine.execution.InvocationInterceptorChain.invoke(InvocationInterceptorChain.java:37)
	at org.junit.jupiter.engine.execution.ExecutableInvoker.invoke(ExecutableInvoker.java:104)
	at org.junit.jupiter.engine.execution.ExecutableInvoker.invoke(ExecutableInvoker.java:98)
	at org.junit.jupiter.engine.descriptor.TestMethodTestDescriptor.lambda$invokeTestMethod$7(TestMethodTestDescriptor.java:214)
	at org.junit.platform.engine.support.hierarchical.ThrowableCollector.execute(ThrowableCollector.java:73)
	at org.junit.jupiter.engine.descriptor.TestMethodTestDescriptor.invokeTestMethod(TestMethodTestDescriptor.java:210)
	at org.junit.jupiter.engine.descriptor.TestMethodTestDescriptor.execute(TestMethodTestDescriptor.java:135)
	at org.junit.jupiter.engine.descriptor.TestMethodTestDescriptor.execute(TestMethodTestDescriptor.java:66)
	at org.junit.platform.engine.support.hierarchical.NodeTestTask.lambda$executeRecursively$6(NodeTestTask.java:151)
	at org.junit.platform.engine.support.hierarchical.ThrowableCollector.execute(ThrowableCollector.java:73)
	at org.junit.platform.engine.support.hierarchical.NodeTestTask.lambda$executeRecursively$8(NodeTestTask.java:141)
	at org.junit.platform.engine.support.hierarchical.Node.around(Node.java:137)
	at org.junit.platform.engine.support.hierarchical.NodeTestTask.lambda$executeRecursively$9(NodeTestTask.java:139)
	at org.junit.platform.engine.support.hierarchical.ThrowableCollector.execute(ThrowableCollector.java:73)
	at org.junit.platform.engine.support.hierarchical.NodeTestTask.executeRecursively(NodeTestTask.java:138)
	at org.junit.platform.engine.support.hierarchical.NodeTestTask.execute(NodeTestTask.java:95)
	at java.util.ArrayList.forEach(ArrayList.java:1259)
	at org.junit.platform.engine.support.hierarchical.SameThreadHierarchicalTestExecutorService.invokeAll(SameThreadHierarchicalTestExecutorService.java:41)
	at org.junit.platform.engine.support.hierarchical.NodeTestTask.lambda$executeRecursively$6(NodeTestTask.java:155)
	at org.junit.platform.engine.support.hierarchical.ThrowableCollector.execute(ThrowableCollector.java:73)
	at org.junit.platform.engine.support.hierarchical.NodeTestTask.lambda$executeRecursively$8(NodeTestTask.java:141)
	at org.junit.platform.engine.support.hierarchical.Node.around(Node.java:137)
	at org.junit.platform.engine.support.hierarchical.NodeTestTask.lambda$executeRecursively$9(NodeTestTask.java:139)
	at org.junit.platform.engine.support.hierarchical.ThrowableCollector.execute(ThrowableCollector.java:73)
	at org.junit.platform.engine.support.hierarchical.NodeTestTask.executeRecursively(NodeTestTask.java:138)
	at org.junit.platform.engine.support.hierarchical.NodeTestTask.execute(NodeTestTask.java:95)
	at java.util.ArrayList.forEach(ArrayList.java:1259)
	at org.junit.platform.engine.support.hierarchical.SameThreadHierarchicalTestExecutorService.invokeAll(SameThreadHierarchicalTestExecutorService.java:41)
	at org.junit.platform.engine.support.hierarchical.NodeTestTask.lambda$executeRecursively$6(NodeTestTask.java:155)
	at org.junit.platform.engine.support.hierarchical.ThrowableCollector.execute(ThrowableCollector.java:73)
	at org.junit.platform.engine.support.hierarchical.NodeTestTask.lambda$executeRecursively$8(NodeTestTask.java:141)
	at org.junit.platform.engine.support.hierarchical.Node.around(Node.java:137)
	at org.junit.platform.engine.support.hierarchical.NodeTestTask.lambda$executeRecursively$9(NodeTestTask.java:139)
	at org.junit.platform.engine.support.hierarchical.ThrowableCollector.execute(ThrowableCollector.java:73)
	at org.junit.platform.engine.support.hierarchical.NodeTestTask.executeRecursively(NodeTestTask.java:138)
	at org.junit.platform.engine.support.hierarchical.NodeTestTask.execute(NodeTestTask.java:95)
	at org.junit.platform.engine.support.hierarchical.SameThreadHierarchicalTestExecutorService.submit(SameThreadHierarchicalTestExecutorService.java:35)
	at org.junit.platform.engine.support.hierarchical.HierarchicalTestExecutor.execute(HierarchicalTestExecutor.java:57)
	at org.junit.platform.engine.support.hierarchical.HierarchicalTestEngine.execute(HierarchicalTestEngine.java:54)
	at org.junit.platform.launcher.core.EngineExecutionOrchestrator.execute(EngineExecutionOrchestrator.java:107)
	at org.junit.platform.launcher.core.EngineExecutionOrchestrator.execute(EngineExecutionOrchestrator.java:88)
	at org.junit.platform.launcher.core.EngineExecutionOrchestrator.lambda$execute$0(EngineExecutionOrchestrator.java:54)
	at org.junit.platform.launcher.core.EngineExecutionOrchestrator.withInterceptedStreams(EngineExecutionOrchestrator.java:67)
	at org.junit.platform.launcher.core.EngineExecutionOrchestrator.execute(EngineExecutionOrchestrator.java:52)
	at org.junit.platform.launcher.core.DefaultLauncher.execute(DefaultLauncher.java:114)
	at org.junit.platform.launcher.core.DefaultLauncher.execute(DefaultLauncher.java:86)
	at org.junit.platform.launcher.core.DefaultLauncherSession$DelegatingLauncher.execute(DefaultLauncherSession.java:86)
	at org.junit.platform.launcher.core.SessionPerRequestLauncher.execute(SessionPerRequestLauncher.java:53)
	at org.apache.maven.surefire.junitplatform.JUnitPlatformProvider.execute(JUnitPlatformProvider.java:188)
	at org.apache.maven.surefire.junitplatform.JUnitPlatformProvider.invokeAllTests(JUnitPlatformProvider.java:154)
	at org.apache.maven.surefire.junitplatform.JUnitPlatformProvider.invoke(JUnitPlatformProvider.java:124)
	at org.apache.maven.surefire.booter.ForkedBooter.runSuitesInProcess(ForkedBooter.java:428)
	at org.apache.maven.surefire.booter.ForkedBooter.execute(ForkedBooter.java:162)
	at org.apache.maven.surefire.booter.ForkedBooter.run(ForkedBooter.java:562)
	at org.apache.maven.surefire.booter.ForkedBooter.main(ForkedBooter.java:548)
2023-09-08 11:18:58,360 [Thread-25] INFO  balancer.ContainerBalancerTask (ContainerBalancerTask.java:lambda$moveContainer$3(827)) - Container move for container #85 from source 4c7e8f0a-ed27-4195-863e-c4e93e2d62b6 to target 304bbd5a-d377-4be8-b810-31d729f5e639 failed with exceptions.
java.util.concurrent.CompletionException: java.lang.RuntimeException: Runtime Exception after doing work
	at java.util.concurrent.CompletableFuture.encodeThrowable(CompletableFuture.java:273)
	at java.util.concurrent.CompletableFuture.completeThrowable(CompletableFuture.java:280)
	at java.util.concurrent.CompletableFuture$AsyncSupply.run(CompletableFuture.java:1606)
	at java.lang.Thread.run(Thread.java:750)
Caused by: java.lang.RuntimeException: Runtime Exception after doing work
	at org.apache.hadoop.hdds.scm.container.balancer.TestContainerBalancerTask.lambda$checkIterationResultException$11(TestContainerBalancerTask.java:1045)
	at java.util.concurrent.CompletableFuture$AsyncSupply.run(CompletableFuture.java:1604)
	... 1 more
2023-09-08 11:18:58,363 [main] DEBUG balancer.ContainerBalancerTask (ContainerBalancerTask.java:matchSourceWithTarget(708)) - ContainerBalancer is finding suitable target for source datanode 565c684b-5281-4189-b066-94ddc1ca1355
2023-09-08 11:18:58,364 [main] INFO  balancer.ContainerBalancerTask (ContainerBalancerTask.java:matchSourceWithTarget(722)) - ContainerBalancer matched source datanode 565c684b-5281-4189-b066-94ddc1ca1355 with target datanode 538b73ba-856f-446d-8b29-61b6324da97f for container move.
2023-09-08 11:18:58,364 [main] INFO  balancer.ContainerBalancerTask (ContainerBalancerTask.java:processMoveSelection(569)) - ContainerBalancer is trying to move container #68 with size 5368709120B from source datanode 565c684b-5281-4189-b066-94ddc1ca1355 to target datanode 538b73ba-856f-446d-8b29-61b6324da97f
2023-09-08 11:18:58,364 [main] INFO  balancer.ContainerBalancerTask (ContainerBalancerTask.java:lambda$moveContainer$3(827)) - Container move for container #68 from source 565c684b-5281-4189-b066-94ddc1ca1355 to target 538b73ba-856f-446d-8b29-61b6324da97f failed with exceptions.
java.lang.RuntimeException: Runtime Exception
	at org.apache.hadoop.hdds.scm.container.balancer.TestContainerBalancerTask.checkIterationResultException(TestContainerBalancerTask.java:1002)
	at sun.reflect.NativeMethodAccessorImpl.invoke0(Native Method)
	at sun.reflect.NativeMethodAccessorImpl.invoke(NativeMethodAccessorImpl.java:62)
	at sun.reflect.DelegatingMethodAccessorImpl.invoke(DelegatingMethodAccessorImpl.java:43)
	at java.lang.reflect.Method.invoke(Method.java:498)
	at org.junit.platform.commons.util.ReflectionUtils.invokeMethod(ReflectionUtils.java:725)
	at org.junit.jupiter.engine.execution.MethodInvocation.proceed(MethodInvocation.java:60)
	at org.junit.jupiter.engine.execution.InvocationInterceptorChain$ValidatingInvocation.proceed(InvocationInterceptorChain.java:131)
	at org.junit.jupiter.engine.extension.TimeoutExtension.intercept(TimeoutExtension.java:149)
	at org.junit.jupiter.engine.extension.TimeoutExtension.interceptTestableMethod(TimeoutExtension.java:140)
	at org.junit.jupiter.engine.extension.TimeoutExtension.interceptTestMethod(TimeoutExtension.java:84)
	at org.junit.jupiter.engine.execution.ExecutableInvoker$ReflectiveInterceptorCall.lambda$ofVoidMethod$0(ExecutableInvoker.java:115)
	at org.junit.jupiter.engine.execution.ExecutableInvoker.lambda$invoke$0(ExecutableInvoker.java:105)
	at org.junit.jupiter.engine.execution.InvocationInterceptorChain$InterceptedInvocation.proceed(InvocationInterceptorChain.java:106)
	at org.junit.jupiter.engine.execution.InvocationInterceptorChain.proceed(InvocationInterceptorChain.java:64)
	at org.junit.jupiter.engine.execution.InvocationInterceptorChain.chainAndInvoke(InvocationInterceptorChain.java:45)
	at org.junit.jupiter.engine.execution.InvocationInterceptorChain.invoke(InvocationInterceptorChain.java:37)
	at org.junit.jupiter.engine.execution.ExecutableInvoker.invoke(ExecutableInvoker.java:104)
	at org.junit.jupiter.engine.execution.ExecutableInvoker.invoke(ExecutableInvoker.java:98)
	at org.junit.jupiter.engine.descriptor.TestMethodTestDescriptor.lambda$invokeTestMethod$7(TestMethodTestDescriptor.java:214)
	at org.junit.platform.engine.support.hierarchical.ThrowableCollector.execute(ThrowableCollector.java:73)
	at org.junit.jupiter.engine.descriptor.TestMethodTestDescriptor.invokeTestMethod(TestMethodTestDescriptor.java:210)
	at org.junit.jupiter.engine.descriptor.TestMethodTestDescriptor.execute(TestMethodTestDescriptor.java:135)
	at org.junit.jupiter.engine.descriptor.TestMethodTestDescriptor.execute(TestMethodTestDescriptor.java:66)
	at org.junit.platform.engine.support.hierarchical.NodeTestTask.lambda$executeRecursively$6(NodeTestTask.java:151)
	at org.junit.platform.engine.support.hierarchical.ThrowableCollector.execute(ThrowableCollector.java:73)
	at org.junit.platform.engine.support.hierarchical.NodeTestTask.lambda$executeRecursively$8(NodeTestTask.java:141)
	at org.junit.platform.engine.support.hierarchical.Node.around(Node.java:137)
	at org.junit.platform.engine.support.hierarchical.NodeTestTask.lambda$executeRecursively$9(NodeTestTask.java:139)
	at org.junit.platform.engine.support.hierarchical.ThrowableCollector.execute(ThrowableCollector.java:73)
	at org.junit.platform.engine.support.hierarchical.NodeTestTask.executeRecursively(NodeTestTask.java:138)
	at org.junit.platform.engine.support.hierarchical.NodeTestTask.execute(NodeTestTask.java:95)
	at java.util.ArrayList.forEach(ArrayList.java:1259)
	at org.junit.platform.engine.support.hierarchical.SameThreadHierarchicalTestExecutorService.invokeAll(SameThreadHierarchicalTestExecutorService.java:41)
	at org.junit.platform.engine.support.hierarchical.NodeTestTask.lambda$executeRecursively$6(NodeTestTask.java:155)
	at org.junit.platform.engine.support.hierarchical.ThrowableCollector.execute(ThrowableCollector.java:73)
	at org.junit.platform.engine.support.hierarchical.NodeTestTask.lambda$executeRecursively$8(NodeTestTask.java:141)
	at org.junit.platform.engine.support.hierarchical.Node.around(Node.java:137)
	at org.junit.platform.engine.support.hierarchical.NodeTestTask.lambda$executeRecursively$9(NodeTestTask.java:139)
	at org.junit.platform.engine.support.hierarchical.ThrowableCollector.execute(ThrowableCollector.java:73)
	at org.junit.platform.engine.support.hierarchical.NodeTestTask.executeRecursively(NodeTestTask.java:138)
	at org.junit.platform.engine.support.hierarchical.NodeTestTask.execute(NodeTestTask.java:95)
	at java.util.ArrayList.forEach(ArrayList.java:1259)
	at org.junit.platform.engine.support.hierarchical.SameThreadHierarchicalTestExecutorService.invokeAll(SameThreadHierarchicalTestExecutorService.java:41)
	at org.junit.platform.engine.support.hierarchical.NodeTestTask.lambda$executeRecursively$6(NodeTestTask.java:155)
	at org.junit.platform.engine.support.hierarchical.ThrowableCollector.execute(ThrowableCollector.java:73)
	at org.junit.platform.engine.support.hierarchical.NodeTestTask.lambda$executeRecursively$8(NodeTestTask.java:141)
	at org.junit.platform.engine.support.hierarchical.Node.around(Node.java:137)
	at org.junit.platform.engine.support.hierarchical.NodeTestTask.lambda$executeRecursively$9(NodeTestTask.java:139)
	at org.junit.platform.engine.support.hierarchical.ThrowableCollector.execute(ThrowableCollector.java:73)
	at org.junit.platform.engine.support.hierarchical.NodeTestTask.executeRecursively(NodeTestTask.java:138)
	at org.junit.platform.engine.support.hierarchical.NodeTestTask.execute(NodeTestTask.java:95)
	at org.junit.platform.engine.support.hierarchical.SameThreadHierarchicalTestExecutorService.submit(SameThreadHierarchicalTestExecutorService.java:35)
	at org.junit.platform.engine.support.hierarchical.HierarchicalTestExecutor.execute(HierarchicalTestExecutor.java:57)
	at org.junit.platform.engine.support.hierarchical.HierarchicalTestEngine.execute(HierarchicalTestEngine.java:54)
	at org.junit.platform.launcher.core.EngineExecutionOrchestrator.execute(EngineExecutionOrchestrator.java:107)
	at org.junit.platform.launcher.core.EngineExecutionOrchestrator.execute(EngineExecutionOrchestrator.java:88)
	at org.junit.platform.launcher.core.EngineExecutionOrchestrator.lambda$execute$0(EngineExecutionOrchestrator.java:54)
	at org.junit.platform.launcher.core.EngineExecutionOrchestrator.withInterceptedStreams(EngineExecutionOrchestrator.java:67)
	at org.junit.platform.launcher.core.EngineExecutionOrchestrator.execute(EngineExecutionOrchestrator.java:52)
	at org.junit.platform.launcher.core.DefaultLauncher.execute(DefaultLauncher.java:114)
	at org.junit.platform.launcher.core.DefaultLauncher.execute(DefaultLauncher.java:86)
	at org.junit.platform.launcher.core.DefaultLauncherSession$DelegatingLauncher.execute(DefaultLauncherSession.java:86)
	at org.junit.platform.launcher.core.SessionPerRequestLauncher.execute(SessionPerRequestLauncher.java:53)
	at org.apache.maven.surefire.junitplatform.JUnitPlatformProvider.execute(JUnitPlatformProvider.java:188)
	at org.apache.maven.surefire.junitplatform.JUnitPlatformProvider.invokeAllTests(JUnitPlatformProvider.java:154)
	at org.apache.maven.surefire.junitplatform.JUnitPlatformProvider.invoke(JUnitPlatformProvider.java:124)
	at org.apache.maven.surefire.booter.ForkedBooter.runSuitesInProcess(ForkedBooter.java:428)
	at org.apache.maven.surefire.booter.ForkedBooter.execute(ForkedBooter.java:162)
	at org.apache.maven.surefire.booter.ForkedBooter.run(ForkedBooter.java:562)
	at org.apache.maven.surefire.booter.ForkedBooter.main(ForkedBooter.java:548)
2023-09-08 11:18:58,367 [main] DEBUG balancer.ContainerBalancerTask (ContainerBalancerTask.java:matchSourceWithTarget(708)) - ContainerBalancer is finding suitable target for source datanode 904b8572-a55f-46ab-9a81-e5719811688e
2023-09-08 11:18:58,368 [main] INFO  balancer.ContainerBalancerTask (ContainerBalancerTask.java:matchSourceWithTarget(722)) - ContainerBalancer matched source datanode 904b8572-a55f-46ab-9a81-e5719811688e with target datanode 538b73ba-856f-446d-8b29-61b6324da97f for container move.
2023-09-08 11:18:58,368 [main] INFO  balancer.ContainerBalancerTask (ContainerBalancerTask.java:processMoveSelection(569)) - ContainerBalancer is trying to move container #53 with size 5368709120B from source datanode 904b8572-a55f-46ab-9a81-e5719811688e to target datanode 538b73ba-856f-446d-8b29-61b6324da97f
2023-09-08 11:18:58,368 [main] INFO  balancer.ContainerBalancerTask (ContainerBalancerTask.java:lambda$moveContainer$3(827)) - Container move for container #53 from source 904b8572-a55f-46ab-9a81-e5719811688e to target 538b73ba-856f-446d-8b29-61b6324da97f failed with exceptions.
java.lang.RuntimeException: Runtime Exception
	at org.apache.hadoop.hdds.scm.container.balancer.TestContainerBalancerTask.checkIterationResultException(TestContainerBalancerTask.java:1002)
	at sun.reflect.NativeMethodAccessorImpl.invoke0(Native Method)
	at sun.reflect.NativeMethodAccessorImpl.invoke(NativeMethodAccessorImpl.java:62)
	at sun.reflect.DelegatingMethodAccessorImpl.invoke(DelegatingMethodAccessorImpl.java:43)
	at java.lang.reflect.Method.invoke(Method.java:498)
	at org.junit.platform.commons.util.ReflectionUtils.invokeMethod(ReflectionUtils.java:725)
	at org.junit.jupiter.engine.execution.MethodInvocation.proceed(MethodInvocation.java:60)
	at org.junit.jupiter.engine.execution.InvocationInterceptorChain$ValidatingInvocation.proceed(InvocationInterceptorChain.java:131)
	at org.junit.jupiter.engine.extension.TimeoutExtension.intercept(TimeoutExtension.java:149)
	at org.junit.jupiter.engine.extension.TimeoutExtension.interceptTestableMethod(TimeoutExtension.java:140)
	at org.junit.jupiter.engine.extension.TimeoutExtension.interceptTestMethod(TimeoutExtension.java:84)
	at org.junit.jupiter.engine.execution.ExecutableInvoker$ReflectiveInterceptorCall.lambda$ofVoidMethod$0(ExecutableInvoker.java:115)
	at org.junit.jupiter.engine.execution.ExecutableInvoker.lambda$invoke$0(ExecutableInvoker.java:105)
	at org.junit.jupiter.engine.execution.InvocationInterceptorChain$InterceptedInvocation.proceed(InvocationInterceptorChain.java:106)
	at org.junit.jupiter.engine.execution.InvocationInterceptorChain.proceed(InvocationInterceptorChain.java:64)
	at org.junit.jupiter.engine.execution.InvocationInterceptorChain.chainAndInvoke(InvocationInterceptorChain.java:45)
	at org.junit.jupiter.engine.execution.InvocationInterceptorChain.invoke(InvocationInterceptorChain.java:37)
	at org.junit.jupiter.engine.execution.ExecutableInvoker.invoke(ExecutableInvoker.java:104)
	at org.junit.jupiter.engine.execution.ExecutableInvoker.invoke(ExecutableInvoker.java:98)
	at org.junit.jupiter.engine.descriptor.TestMethodTestDescriptor.lambda$invokeTestMethod$7(TestMethodTestDescriptor.java:214)
	at org.junit.platform.engine.support.hierarchical.ThrowableCollector.execute(ThrowableCollector.java:73)
	at org.junit.jupiter.engine.descriptor.TestMethodTestDescriptor.invokeTestMethod(TestMethodTestDescriptor.java:210)
	at org.junit.jupiter.engine.descriptor.TestMethodTestDescriptor.execute(TestMethodTestDescriptor.java:135)
	at org.junit.jupiter.engine.descriptor.TestMethodTestDescriptor.execute(TestMethodTestDescriptor.java:66)
	at org.junit.platform.engine.support.hierarchical.NodeTestTask.lambda$executeRecursively$6(NodeTestTask.java:151)
	at org.junit.platform.engine.support.hierarchical.ThrowableCollector.execute(ThrowableCollector.java:73)
	at org.junit.platform.engine.support.hierarchical.NodeTestTask.lambda$executeRecursively$8(NodeTestTask.java:141)
	at org.junit.platform.engine.support.hierarchical.Node.around(Node.java:137)
	at org.junit.platform.engine.support.hierarchical.NodeTestTask.lambda$executeRecursively$9(NodeTestTask.java:139)
	at org.junit.platform.engine.support.hierarchical.ThrowableCollector.execute(ThrowableCollector.java:73)
	at org.junit.platform.engine.support.hierarchical.NodeTestTask.executeRecursively(NodeTestTask.java:138)
	at org.junit.platform.engine.support.hierarchical.NodeTestTask.execute(NodeTestTask.java:95)
	at java.util.ArrayList.forEach(ArrayList.java:1259)
	at org.junit.platform.engine.support.hierarchical.SameThreadHierarchicalTestExecutorService.invokeAll(SameThreadHierarchicalTestExecutorService.java:41)
	at org.junit.platform.engine.support.hierarchical.NodeTestTask.lambda$executeRecursively$6(NodeTestTask.java:155)
	at org.junit.platform.engine.support.hierarchical.ThrowableCollector.execute(ThrowableCollector.java:73)
	at org.junit.platform.engine.support.hierarchical.NodeTestTask.lambda$executeRecursively$8(NodeTestTask.java:141)
	at org.junit.platform.engine.support.hierarchical.Node.around(Node.java:137)
	at org.junit.platform.engine.support.hierarchical.NodeTestTask.lambda$executeRecursively$9(NodeTestTask.java:139)
	at org.junit.platform.engine.support.hierarchical.ThrowableCollector.execute(ThrowableCollector.java:73)
	at org.junit.platform.engine.support.hierarchical.NodeTestTask.executeRecursively(NodeTestTask.java:138)
	at org.junit.platform.engine.support.hierarchical.NodeTestTask.execute(NodeTestTask.java:95)
	at java.util.ArrayList.forEach(ArrayList.java:1259)
	at org.junit.platform.engine.support.hierarchical.SameThreadHierarchicalTestExecutorService.invokeAll(SameThreadHierarchicalTestExecutorService.java:41)
	at org.junit.platform.engine.support.hierarchical.NodeTestTask.lambda$executeRecursively$6(NodeTestTask.java:155)
	at org.junit.platform.engine.support.hierarchical.ThrowableCollector.execute(ThrowableCollector.java:73)
	at org.junit.platform.engine.support.hierarchical.NodeTestTask.lambda$executeRecursively$8(NodeTestTask.java:141)
	at org.junit.platform.engine.support.hierarchical.Node.around(Node.java:137)
	at org.junit.platform.engine.support.hierarchical.NodeTestTask.lambda$executeRecursively$9(NodeTestTask.java:139)
	at org.junit.platform.engine.support.hierarchical.ThrowableCollector.execute(ThrowableCollector.java:73)
	at org.junit.platform.engine.support.hierarchical.NodeTestTask.executeRecursively(NodeTestTask.java:138)
	at org.junit.platform.engine.support.hierarchical.NodeTestTask.execute(NodeTestTask.java:95)
	at org.junit.platform.engine.support.hierarchical.SameThreadHierarchicalTestExecutorService.submit(SameThreadHierarchicalTestExecutorService.java:35)
	at org.junit.platform.engine.support.hierarchical.HierarchicalTestExecutor.execute(HierarchicalTestExecutor.java:57)
	at org.junit.platform.engine.support.hierarchical.HierarchicalTestEngine.execute(HierarchicalTestEngine.java:54)
	at org.junit.platform.launcher.core.EngineExecutionOrchestrator.execute(EngineExecutionOrchestrator.java:107)
	at org.junit.platform.launcher.core.EngineExecutionOrchestrator.execute(EngineExecutionOrchestrator.java:88)
	at org.junit.platform.launcher.core.EngineExecutionOrchestrator.lambda$execute$0(EngineExecutionOrchestrator.java:54)
	at org.junit.platform.launcher.core.EngineExecutionOrchestrator.withInterceptedStreams(EngineExecutionOrchestrator.java:67)
	at org.junit.platform.launcher.core.EngineExecutionOrchestrator.execute(EngineExecutionOrchestrator.java:52)
	at org.junit.platform.launcher.core.DefaultLauncher.execute(DefaultLauncher.java:114)
	at org.junit.platform.launcher.core.DefaultLauncher.execute(DefaultLauncher.java:86)
	at org.junit.platform.launcher.core.DefaultLauncherSession$DelegatingLauncher.execute(DefaultLauncherSession.java:86)
	at org.junit.platform.launcher.core.SessionPerRequestLauncher.execute(SessionPerRequestLauncher.java:53)
	at org.apache.maven.surefire.junitplatform.JUnitPlatformProvider.execute(JUnitPlatformProvider.java:188)
	at org.apache.maven.surefire.junitplatform.JUnitPlatformProvider.invokeAllTests(JUnitPlatformProvider.java:154)
	at org.apache.maven.surefire.junitplatform.JUnitPlatformProvider.invoke(JUnitPlatformProvider.java:124)
	at org.apache.maven.surefire.booter.ForkedBooter.runSuitesInProcess(ForkedBooter.java:428)
	at org.apache.maven.surefire.booter.ForkedBooter.execute(ForkedBooter.java:162)
	at org.apache.maven.surefire.booter.ForkedBooter.run(ForkedBooter.java:562)
	at org.apache.maven.surefire.booter.ForkedBooter.main(ForkedBooter.java:548)
2023-09-08 11:18:58,372 [main] DEBUG balancer.ContainerBalancerTask (ContainerBalancerTask.java:matchSourceWithTarget(708)) - ContainerBalancer is finding suitable target for source datanode 667eb860-e8cf-4705-8edd-ac0de5b71a85
2023-09-08 11:18:58,373 [main] INFO  balancer.ContainerBalancerTask (ContainerBalancerTask.java:matchSourceWithTarget(722)) - ContainerBalancer matched source datanode 667eb860-e8cf-4705-8edd-ac0de5b71a85 with target datanode 538b73ba-856f-446d-8b29-61b6324da97f for container move.
2023-09-08 11:18:58,373 [main] INFO  balancer.ContainerBalancerTask (ContainerBalancerTask.java:processMoveSelection(569)) - ContainerBalancer is trying to move container #40 with size 5368709120B from source datanode 667eb860-e8cf-4705-8edd-ac0de5b71a85 to target datanode 538b73ba-856f-446d-8b29-61b6324da97f
2023-09-08 11:18:58,373 [main] INFO  balancer.ContainerBalancerTask (ContainerBalancerTask.java:lambda$moveContainer$3(827)) - Container move for container #40 from source 667eb860-e8cf-4705-8edd-ac0de5b71a85 to target 538b73ba-856f-446d-8b29-61b6324da97f failed with exceptions.
java.lang.RuntimeException: Runtime Exception
	at org.apache.hadoop.hdds.scm.container.balancer.TestContainerBalancerTask.checkIterationResultException(TestContainerBalancerTask.java:1002)
	at sun.reflect.NativeMethodAccessorImpl.invoke0(Native Method)
	at sun.reflect.NativeMethodAccessorImpl.invoke(NativeMethodAccessorImpl.java:62)
	at sun.reflect.DelegatingMethodAccessorImpl.invoke(DelegatingMethodAccessorImpl.java:43)
	at java.lang.reflect.Method.invoke(Method.java:498)
	at org.junit.platform.commons.util.ReflectionUtils.invokeMethod(ReflectionUtils.java:725)
	at org.junit.jupiter.engine.execution.MethodInvocation.proceed(MethodInvocation.java:60)
	at org.junit.jupiter.engine.execution.InvocationInterceptorChain$ValidatingInvocation.proceed(InvocationInterceptorChain.java:131)
	at org.junit.jupiter.engine.extension.TimeoutExtension.intercept(TimeoutExtension.java:149)
	at org.junit.jupiter.engine.extension.TimeoutExtension.interceptTestableMethod(TimeoutExtension.java:140)
	at org.junit.jupiter.engine.extension.TimeoutExtension.interceptTestMethod(TimeoutExtension.java:84)
	at org.junit.jupiter.engine.execution.ExecutableInvoker$ReflectiveInterceptorCall.lambda$ofVoidMethod$0(ExecutableInvoker.java:115)
	at org.junit.jupiter.engine.execution.ExecutableInvoker.lambda$invoke$0(ExecutableInvoker.java:105)
	at org.junit.jupiter.engine.execution.InvocationInterceptorChain$InterceptedInvocation.proceed(InvocationInterceptorChain.java:106)
	at org.junit.jupiter.engine.execution.InvocationInterceptorChain.proceed(InvocationInterceptorChain.java:64)
	at org.junit.jupiter.engine.execution.InvocationInterceptorChain.chainAndInvoke(InvocationInterceptorChain.java:45)
	at org.junit.jupiter.engine.execution.InvocationInterceptorChain.invoke(InvocationInterceptorChain.java:37)
	at org.junit.jupiter.engine.execution.ExecutableInvoker.invoke(ExecutableInvoker.java:104)
	at org.junit.jupiter.engine.execution.ExecutableInvoker.invoke(ExecutableInvoker.java:98)
	at org.junit.jupiter.engine.descriptor.TestMethodTestDescriptor.lambda$invokeTestMethod$7(TestMethodTestDescriptor.java:214)
	at org.junit.platform.engine.support.hierarchical.ThrowableCollector.execute(ThrowableCollector.java:73)
	at org.junit.jupiter.engine.descriptor.TestMethodTestDescriptor.invokeTestMethod(TestMethodTestDescriptor.java:210)
	at org.junit.jupiter.engine.descriptor.TestMethodTestDescriptor.execute(TestMethodTestDescriptor.java:135)
	at org.junit.jupiter.engine.descriptor.TestMethodTestDescriptor.execute(TestMethodTestDescriptor.java:66)
	at org.junit.platform.engine.support.hierarchical.NodeTestTask.lambda$executeRecursively$6(NodeTestTask.java:151)
	at org.junit.platform.engine.support.hierarchical.ThrowableCollector.execute(ThrowableCollector.java:73)
	at org.junit.platform.engine.support.hierarchical.NodeTestTask.lambda$executeRecursively$8(NodeTestTask.java:141)
	at org.junit.platform.engine.support.hierarchical.Node.around(Node.java:137)
	at org.junit.platform.engine.support.hierarchical.NodeTestTask.lambda$executeRecursively$9(NodeTestTask.java:139)
	at org.junit.platform.engine.support.hierarchical.ThrowableCollector.execute(ThrowableCollector.java:73)
	at org.junit.platform.engine.support.hierarchical.NodeTestTask.executeRecursively(NodeTestTask.java:138)
	at org.junit.platform.engine.support.hierarchical.NodeTestTask.execute(NodeTestTask.java:95)
	at java.util.ArrayList.forEach(ArrayList.java:1259)
	at org.junit.platform.engine.support.hierarchical.SameThreadHierarchicalTestExecutorService.invokeAll(SameThreadHierarchicalTestExecutorService.java:41)
	at org.junit.platform.engine.support.hierarchical.NodeTestTask.lambda$executeRecursively$6(NodeTestTask.java:155)
	at org.junit.platform.engine.support.hierarchical.ThrowableCollector.execute(ThrowableCollector.java:73)
	at org.junit.platform.engine.support.hierarchical.NodeTestTask.lambda$executeRecursively$8(NodeTestTask.java:141)
	at org.junit.platform.engine.support.hierarchical.Node.around(Node.java:137)
	at org.junit.platform.engine.support.hierarchical.NodeTestTask.lambda$executeRecursively$9(NodeTestTask.java:139)
	at org.junit.platform.engine.support.hierarchical.ThrowableCollector.execute(ThrowableCollector.java:73)
	at org.junit.platform.engine.support.hierarchical.NodeTestTask.executeRecursively(NodeTestTask.java:138)
	at org.junit.platform.engine.support.hierarchical.NodeTestTask.execute(NodeTestTask.java:95)
	at java.util.ArrayList.forEach(ArrayList.java:1259)
	at org.junit.platform.engine.support.hierarchical.SameThreadHierarchicalTestExecutorService.invokeAll(SameThreadHierarchicalTestExecutorService.java:41)
	at org.junit.platform.engine.support.hierarchical.NodeTestTask.lambda$executeRecursively$6(NodeTestTask.java:155)
	at org.junit.platform.engine.support.hierarchical.ThrowableCollector.execute(ThrowableCollector.java:73)
	at org.junit.platform.engine.support.hierarchical.NodeTestTask.lambda$executeRecursively$8(NodeTestTask.java:141)
	at org.junit.platform.engine.support.hierarchical.Node.around(Node.java:137)
	at org.junit.platform.engine.support.hierarchical.NodeTestTask.lambda$executeRecursively$9(NodeTestTask.java:139)
	at org.junit.platform.engine.support.hierarchical.ThrowableCollector.execute(ThrowableCollector.java:73)
	at org.junit.platform.engine.support.hierarchical.NodeTestTask.executeRecursively(NodeTestTask.java:138)
	at org.junit.platform.engine.support.hierarchical.NodeTestTask.execute(NodeTestTask.java:95)
	at org.junit.platform.engine.support.hierarchical.SameThreadHierarchicalTestExecutorService.submit(SameThreadHierarchicalTestExecutorService.java:35)
	at org.junit.platform.engine.support.hierarchical.HierarchicalTestExecutor.execute(HierarchicalTestExecutor.java:57)
	at org.junit.platform.engine.support.hierarchical.HierarchicalTestEngine.execute(HierarchicalTestEngine.java:54)
	at org.junit.platform.launcher.core.EngineExecutionOrchestrator.execute(EngineExecutionOrchestrator.java:107)
	at org.junit.platform.launcher.core.EngineExecutionOrchestrator.execute(EngineExecutionOrchestrator.java:88)
	at org.junit.platform.launcher.core.EngineExecutionOrchestrator.lambda$execute$0(EngineExecutionOrchestrator.java:54)
	at org.junit.platform.launcher.core.EngineExecutionOrchestrator.withInterceptedStreams(EngineExecutionOrchestrator.java:67)
	at org.junit.platform.launcher.core.EngineExecutionOrchestrator.execute(EngineExecutionOrchestrator.java:52)
	at org.junit.platform.launcher.core.DefaultLauncher.execute(DefaultLauncher.java:114)
	at org.junit.platform.launcher.core.DefaultLauncher.execute(DefaultLauncher.java:86)
	at org.junit.platform.launcher.core.DefaultLauncherSession$DelegatingLauncher.execute(DefaultLauncherSession.java:86)
	at org.junit.platform.launcher.core.SessionPerRequestLauncher.execute(SessionPerRequestLauncher.java:53)
	at org.apache.maven.surefire.junitplatform.JUnitPlatformProvider.execute(JUnitPlatformProvider.java:188)
	at org.apache.maven.surefire.junitplatform.JUnitPlatformProvider.invokeAllTests(JUnitPlatformProvider.java:154)
	at org.apache.maven.surefire.junitplatform.JUnitPlatformProvider.invoke(JUnitPlatformProvider.java:124)
	at org.apache.maven.surefire.booter.ForkedBooter.runSuitesInProcess(ForkedBooter.java:428)
	at org.apache.maven.surefire.booter.ForkedBooter.execute(ForkedBooter.java:162)
	at org.apache.maven.surefire.booter.ForkedBooter.run(ForkedBooter.java:562)
	at org.apache.maven.surefire.booter.ForkedBooter.main(ForkedBooter.java:548)
2023-09-08 11:18:58,376 [main] DEBUG balancer.ContainerBalancerTask (ContainerBalancerTask.java:matchSourceWithTarget(708)) - ContainerBalancer is finding suitable target for source datanode c53aa9dc-4421-49d8-9ac8-7c3e7cdf889a
2023-09-08 11:18:58,376 [main] INFO  balancer.ContainerBalancerTask (ContainerBalancerTask.java:matchSourceWithTarget(722)) - ContainerBalancer matched source datanode c53aa9dc-4421-49d8-9ac8-7c3e7cdf889a with target datanode 538b73ba-856f-446d-8b29-61b6324da97f for container move.
2023-09-08 11:18:58,377 [main] INFO  balancer.ContainerBalancerTask (ContainerBalancerTask.java:processMoveSelection(569)) - ContainerBalancer is trying to move container #29 with size 5368709120B from source datanode c53aa9dc-4421-49d8-9ac8-7c3e7cdf889a to target datanode 538b73ba-856f-446d-8b29-61b6324da97f
2023-09-08 11:18:58,377 [main] INFO  balancer.ContainerBalancerTask (ContainerBalancerTask.java:lambda$moveContainer$3(827)) - Container move for container #29 from source c53aa9dc-4421-49d8-9ac8-7c3e7cdf889a to target 538b73ba-856f-446d-8b29-61b6324da97f failed with exceptions.
java.lang.RuntimeException: Runtime Exception
	at org.apache.hadoop.hdds.scm.container.balancer.TestContainerBalancerTask.checkIterationResultException(TestContainerBalancerTask.java:1002)
	at sun.reflect.NativeMethodAccessorImpl.invoke0(Native Method)
	at sun.reflect.NativeMethodAccessorImpl.invoke(NativeMethodAccessorImpl.java:62)
	at sun.reflect.DelegatingMethodAccessorImpl.invoke(DelegatingMethodAccessorImpl.java:43)
	at java.lang.reflect.Method.invoke(Method.java:498)
	at org.junit.platform.commons.util.ReflectionUtils.invokeMethod(ReflectionUtils.java:725)
	at org.junit.jupiter.engine.execution.MethodInvocation.proceed(MethodInvocation.java:60)
	at org.junit.jupiter.engine.execution.InvocationInterceptorChain$ValidatingInvocation.proceed(InvocationInterceptorChain.java:131)
	at org.junit.jupiter.engine.extension.TimeoutExtension.intercept(TimeoutExtension.java:149)
	at org.junit.jupiter.engine.extension.TimeoutExtension.interceptTestableMethod(TimeoutExtension.java:140)
	at org.junit.jupiter.engine.extension.TimeoutExtension.interceptTestMethod(TimeoutExtension.java:84)
	at org.junit.jupiter.engine.execution.ExecutableInvoker$ReflectiveInterceptorCall.lambda$ofVoidMethod$0(ExecutableInvoker.java:115)
	at org.junit.jupiter.engine.execution.ExecutableInvoker.lambda$invoke$0(ExecutableInvoker.java:105)
	at org.junit.jupiter.engine.execution.InvocationInterceptorChain$InterceptedInvocation.proceed(InvocationInterceptorChain.java:106)
	at org.junit.jupiter.engine.execution.InvocationInterceptorChain.proceed(InvocationInterceptorChain.java:64)
	at org.junit.jupiter.engine.execution.InvocationInterceptorChain.chainAndInvoke(InvocationInterceptorChain.java:45)
	at org.junit.jupiter.engine.execution.InvocationInterceptorChain.invoke(InvocationInterceptorChain.java:37)
	at org.junit.jupiter.engine.execution.ExecutableInvoker.invoke(ExecutableInvoker.java:104)
	at org.junit.jupiter.engine.execution.ExecutableInvoker.invoke(ExecutableInvoker.java:98)
	at org.junit.jupiter.engine.descriptor.TestMethodTestDescriptor.lambda$invokeTestMethod$7(TestMethodTestDescriptor.java:214)
	at org.junit.platform.engine.support.hierarchical.ThrowableCollector.execute(ThrowableCollector.java:73)
	at org.junit.jupiter.engine.descriptor.TestMethodTestDescriptor.invokeTestMethod(TestMethodTestDescriptor.java:210)
	at org.junit.jupiter.engine.descriptor.TestMethodTestDescriptor.execute(TestMethodTestDescriptor.java:135)
	at org.junit.jupiter.engine.descriptor.TestMethodTestDescriptor.execute(TestMethodTestDescriptor.java:66)
	at org.junit.platform.engine.support.hierarchical.NodeTestTask.lambda$executeRecursively$6(NodeTestTask.java:151)
	at org.junit.platform.engine.support.hierarchical.ThrowableCollector.execute(ThrowableCollector.java:73)
	at org.junit.platform.engine.support.hierarchical.NodeTestTask.lambda$executeRecursively$8(NodeTestTask.java:141)
	at org.junit.platform.engine.support.hierarchical.Node.around(Node.java:137)
	at org.junit.platform.engine.support.hierarchical.NodeTestTask.lambda$executeRecursively$9(NodeTestTask.java:139)
	at org.junit.platform.engine.support.hierarchical.ThrowableCollector.execute(ThrowableCollector.java:73)
	at org.junit.platform.engine.support.hierarchical.NodeTestTask.executeRecursively(NodeTestTask.java:138)
	at org.junit.platform.engine.support.hierarchical.NodeTestTask.execute(NodeTestTask.java:95)
	at java.util.ArrayList.forEach(ArrayList.java:1259)
	at org.junit.platform.engine.support.hierarchical.SameThreadHierarchicalTestExecutorService.invokeAll(SameThreadHierarchicalTestExecutorService.java:41)
	at org.junit.platform.engine.support.hierarchical.NodeTestTask.lambda$executeRecursively$6(NodeTestTask.java:155)
	at org.junit.platform.engine.support.hierarchical.ThrowableCollector.execute(ThrowableCollector.java:73)
	at org.junit.platform.engine.support.hierarchical.NodeTestTask.lambda$executeRecursively$8(NodeTestTask.java:141)
	at org.junit.platform.engine.support.hierarchical.Node.around(Node.java:137)
	at org.junit.platform.engine.support.hierarchical.NodeTestTask.lambda$executeRecursively$9(NodeTestTask.java:139)
	at org.junit.platform.engine.support.hierarchical.ThrowableCollector.execute(ThrowableCollector.java:73)
	at org.junit.platform.engine.support.hierarchical.NodeTestTask.executeRecursively(NodeTestTask.java:138)
	at org.junit.platform.engine.support.hierarchical.NodeTestTask.execute(NodeTestTask.java:95)
	at java.util.ArrayList.forEach(ArrayList.java:1259)
	at org.junit.platform.engine.support.hierarchical.SameThreadHierarchicalTestExecutorService.invokeAll(SameThreadHierarchicalTestExecutorService.java:41)
	at org.junit.platform.engine.support.hierarchical.NodeTestTask.lambda$executeRecursively$6(NodeTestTask.java:155)
	at org.junit.platform.engine.support.hierarchical.ThrowableCollector.execute(ThrowableCollector.java:73)
	at org.junit.platform.engine.support.hierarchical.NodeTestTask.lambda$executeRecursively$8(NodeTestTask.java:141)
	at org.junit.platform.engine.support.hierarchical.Node.around(Node.java:137)
	at org.junit.platform.engine.support.hierarchical.NodeTestTask.lambda$executeRecursively$9(NodeTestTask.java:139)
	at org.junit.platform.engine.support.hierarchical.ThrowableCollector.execute(ThrowableCollector.java:73)
	at org.junit.platform.engine.support.hierarchical.NodeTestTask.executeRecursively(NodeTestTask.java:138)
	at org.junit.platform.engine.support.hierarchical.NodeTestTask.execute(NodeTestTask.java:95)
	at org.junit.platform.engine.support.hierarchical.SameThreadHierarchicalTestExecutorService.submit(SameThreadHierarchicalTestExecutorService.java:35)
	at org.junit.platform.engine.support.hierarchical.HierarchicalTestExecutor.execute(HierarchicalTestExecutor.java:57)
	at org.junit.platform.engine.support.hierarchical.HierarchicalTestEngine.execute(HierarchicalTestEngine.java:54)
	at org.junit.platform.launcher.core.EngineExecutionOrchestrator.execute(EngineExecutionOrchestrator.java:107)
	at org.junit.platform.launcher.core.EngineExecutionOrchestrator.execute(EngineExecutionOrchestrator.java:88)
	at org.junit.platform.launcher.core.EngineExecutionOrchestrator.lambda$execute$0(EngineExecutionOrchestrator.java:54)
	at org.junit.platform.launcher.core.EngineExecutionOrchestrator.withInterceptedStreams(EngineExecutionOrchestrator.java:67)
	at org.junit.platform.launcher.core.EngineExecutionOrchestrator.execute(EngineExecutionOrchestrator.java:52)
	at org.junit.platform.launcher.core.DefaultLauncher.execute(DefaultLauncher.java:114)
	at org.junit.platform.launcher.core.DefaultLauncher.execute(DefaultLauncher.java:86)
	at org.junit.platform.launcher.core.DefaultLauncherSession$DelegatingLauncher.execute(DefaultLauncherSession.java:86)
	at org.junit.platform.launcher.core.SessionPerRequestLauncher.execute(SessionPerRequestLauncher.java:53)
	at org.apache.maven.surefire.junitplatform.JUnitPlatformProvider.execute(JUnitPlatformProvider.java:188)
	at org.apache.maven.surefire.junitplatform.JUnitPlatformProvider.invokeAllTests(JUnitPlatformProvider.java:154)
	at org.apache.maven.surefire.junitplatform.JUnitPlatformProvider.invoke(JUnitPlatformProvider.java:124)
	at org.apache.maven.surefire.booter.ForkedBooter.runSuitesInProcess(ForkedBooter.java:428)
	at org.apache.maven.surefire.booter.ForkedBooter.execute(ForkedBooter.java:162)
	at org.apache.maven.surefire.booter.ForkedBooter.run(ForkedBooter.java:562)
	at org.apache.maven.surefire.booter.ForkedBooter.main(ForkedBooter.java:548)
2023-09-08 11:18:58,377 [main] INFO  balancer.FindSourceGreedy (FindSourceGreedy.java:getNextCandidateSourceDataNode(126)) - no more candidate source data node
2023-09-08 11:18:58,377 [main] ERROR balancer.ContainerBalancerTask (ContainerBalancerTask.java:checkIterationMoveResults(623)) - Got exception while checkIterationMoveResults
java.util.concurrent.ExecutionException: java.lang.RuntimeException: Runtime Exception after doing work
	at java.util.concurrent.CompletableFuture.reportGet(CompletableFuture.java:357)
	at java.util.concurrent.CompletableFuture.get(CompletableFuture.java:1928)
	at org.apache.hadoop.hdds.scm.container.balancer.ContainerBalancerTask.checkIterationMoveResults(ContainerBalancerTask.java:613)
	at org.apache.hadoop.hdds.scm.container.balancer.ContainerBalancerTask.checkIterationResults(ContainerBalancerTask.java:600)
	at org.apache.hadoop.hdds.scm.container.balancer.ContainerBalancerTask.doIteration(ContainerBalancerTask.java:543)
	at org.apache.hadoop.hdds.scm.container.balancer.ContainerBalancerTask.balance(ContainerBalancerTask.java:257)
	at org.apache.hadoop.hdds.scm.container.balancer.ContainerBalancerTask.run(ContainerBalancerTask.java:179)
	at org.apache.hadoop.hdds.scm.container.balancer.TestContainerBalancerTask.startBalancer(TestContainerBalancerTask.java:1321)
	at org.apache.hadoop.hdds.scm.container.balancer.TestContainerBalancerTask.checkIterationResultException(TestContainerBalancerTask.java:1051)
	at sun.reflect.NativeMethodAccessorImpl.invoke0(Native Method)
	at sun.reflect.NativeMethodAccessorImpl.invoke(NativeMethodAccessorImpl.java:62)
	at sun.reflect.DelegatingMethodAccessorImpl.invoke(DelegatingMethodAccessorImpl.java:43)
	at java.lang.reflect.Method.invoke(Method.java:498)
	at org.junit.platform.commons.util.ReflectionUtils.invokeMethod(ReflectionUtils.java:725)
	at org.junit.jupiter.engine.execution.MethodInvocation.proceed(MethodInvocation.java:60)
	at org.junit.jupiter.engine.execution.InvocationInterceptorChain$ValidatingInvocation.proceed(InvocationInterceptorChain.java:131)
	at org.junit.jupiter.engine.extension.TimeoutExtension.intercept(TimeoutExtension.java:149)
	at org.junit.jupiter.engine.extension.TimeoutExtension.interceptTestableMethod(TimeoutExtension.java:140)
	at org.junit.jupiter.engine.extension.TimeoutExtension.interceptTestMethod(TimeoutExtension.java:84)
	at org.junit.jupiter.engine.execution.ExecutableInvoker$ReflectiveInterceptorCall.lambda$ofVoidMethod$0(ExecutableInvoker.java:115)
	at org.junit.jupiter.engine.execution.ExecutableInvoker.lambda$invoke$0(ExecutableInvoker.java:105)
	at org.junit.jupiter.engine.execution.InvocationInterceptorChain$InterceptedInvocation.proceed(InvocationInterceptorChain.java:106)
	at org.junit.jupiter.engine.execution.InvocationInterceptorChain.proceed(InvocationInterceptorChain.java:64)
	at org.junit.jupiter.engine.execution.InvocationInterceptorChain.chainAndInvoke(InvocationInterceptorChain.java:45)
	at org.junit.jupiter.engine.execution.InvocationInterceptorChain.invoke(InvocationInterceptorChain.java:37)
	at org.junit.jupiter.engine.execution.ExecutableInvoker.invoke(ExecutableInvoker.java:104)
	at org.junit.jupiter.engine.execution.ExecutableInvoker.invoke(ExecutableInvoker.java:98)
	at org.junit.jupiter.engine.descriptor.TestMethodTestDescriptor.lambda$invokeTestMethod$7(TestMethodTestDescriptor.java:214)
	at org.junit.platform.engine.support.hierarchical.ThrowableCollector.execute(ThrowableCollector.java:73)
	at org.junit.jupiter.engine.descriptor.TestMethodTestDescriptor.invokeTestMethod(TestMethodTestDescriptor.java:210)
	at org.junit.jupiter.engine.descriptor.TestMethodTestDescriptor.execute(TestMethodTestDescriptor.java:135)
	at org.junit.jupiter.engine.descriptor.TestMethodTestDescriptor.execute(TestMethodTestDescriptor.java:66)
	at org.junit.platform.engine.support.hierarchical.NodeTestTask.lambda$executeRecursively$6(NodeTestTask.java:151)
	at org.junit.platform.engine.support.hierarchical.ThrowableCollector.execute(ThrowableCollector.java:73)
	at org.junit.platform.engine.support.hierarchical.NodeTestTask.lambda$executeRecursively$8(NodeTestTask.java:141)
	at org.junit.platform.engine.support.hierarchical.Node.around(Node.java:137)
	at org.junit.platform.engine.support.hierarchical.NodeTestTask.lambda$executeRecursively$9(NodeTestTask.java:139)
	at org.junit.platform.engine.support.hierarchical.ThrowableCollector.execute(ThrowableCollector.java:73)
	at org.junit.platform.engine.support.hierarchical.NodeTestTask.executeRecursively(NodeTestTask.java:138)
	at org.junit.platform.engine.support.hierarchical.NodeTestTask.execute(NodeTestTask.java:95)
	at java.util.ArrayList.forEach(ArrayList.java:1259)
	at org.junit.platform.engine.support.hierarchical.SameThreadHierarchicalTestExecutorService.invokeAll(SameThreadHierarchicalTestExecutorService.java:41)
	at org.junit.platform.engine.support.hierarchical.NodeTestTask.lambda$executeRecursively$6(NodeTestTask.java:155)
	at org.junit.platform.engine.support.hierarchical.ThrowableCollector.execute(ThrowableCollector.java:73)
	at org.junit.platform.engine.support.hierarchical.NodeTestTask.lambda$executeRecursively$8(NodeTestTask.java:141)
	at org.junit.platform.engine.support.hierarchical.Node.around(Node.java:137)
	at org.junit.platform.engine.support.hierarchical.NodeTestTask.lambda$executeRecursively$9(NodeTestTask.java:139)
	at org.junit.platform.engine.support.hierarchical.ThrowableCollector.execute(ThrowableCollector.java:73)
	at org.junit.platform.engine.support.hierarchical.NodeTestTask.executeRecursively(NodeTestTask.java:138)
	at org.junit.platform.engine.support.hierarchical.NodeTestTask.execute(NodeTestTask.java:95)
	at java.util.ArrayList.forEach(ArrayList.java:1259)
	at org.junit.platform.engine.support.hierarchical.SameThreadHierarchicalTestExecutorService.invokeAll(SameThreadHierarchicalTestExecutorService.java:41)
	at org.junit.platform.engine.support.hierarchical.NodeTestTask.lambda$executeRecursively$6(NodeTestTask.java:155)
	at org.junit.platform.engine.support.hierarchical.ThrowableCollector.execute(ThrowableCollector.java:73)
	at org.junit.platform.engine.support.hierarchical.NodeTestTask.lambda$executeRecursively$8(NodeTestTask.java:141)
	at org.junit.platform.engine.support.hierarchical.Node.around(Node.java:137)
	at org.junit.platform.engine.support.hierarchical.NodeTestTask.lambda$executeRecursively$9(NodeTestTask.java:139)
	at org.junit.platform.engine.support.hierarchical.ThrowableCollector.execute(ThrowableCollector.java:73)
	at org.junit.platform.engine.support.hierarchical.NodeTestTask.executeRecursively(NodeTestTask.java:138)
	at org.junit.platform.engine.support.hierarchical.NodeTestTask.execute(NodeTestTask.java:95)
	at org.junit.platform.engine.support.hierarchical.SameThreadHierarchicalTestExecutorService.submit(SameThreadHierarchicalTestExecutorService.java:35)
	at org.junit.platform.engine.support.hierarchical.HierarchicalTestExecutor.execute(HierarchicalTestExecutor.java:57)
	at org.junit.platform.engine.support.hierarchical.HierarchicalTestEngine.execute(HierarchicalTestEngine.java:54)
	at org.junit.platform.launcher.core.EngineExecutionOrchestrator.execute(EngineExecutionOrchestrator.java:107)
	at org.junit.platform.launcher.core.EngineExecutionOrchestrator.execute(EngineExecutionOrchestrator.java:88)
	at org.junit.platform.launcher.core.EngineExecutionOrchestrator.lambda$execute$0(EngineExecutionOrchestrator.java:54)
	at org.junit.platform.launcher.core.EngineExecutionOrchestrator.withInterceptedStreams(EngineExecutionOrchestrator.java:67)
	at org.junit.platform.launcher.core.EngineExecutionOrchestrator.execute(EngineExecutionOrchestrator.java:52)
	at org.junit.platform.launcher.core.DefaultLauncher.execute(DefaultLauncher.java:114)
	at org.junit.platform.launcher.core.DefaultLauncher.execute(DefaultLauncher.java:86)
	at org.junit.platform.launcher.core.DefaultLauncherSession$DelegatingLauncher.execute(DefaultLauncherSession.java:86)
	at org.junit.platform.launcher.core.SessionPerRequestLauncher.execute(SessionPerRequestLauncher.java:53)
	at org.apache.maven.surefire.junitplatform.JUnitPlatformProvider.execute(JUnitPlatformProvider.java:188)
	at org.apache.maven.surefire.junitplatform.JUnitPlatformProvider.invokeAllTests(JUnitPlatformProvider.java:154)
	at org.apache.maven.surefire.junitplatform.JUnitPlatformProvider.invoke(JUnitPlatformProvider.java:124)
	at org.apache.maven.surefire.booter.ForkedBooter.runSuitesInProcess(ForkedBooter.java:428)
	at org.apache.maven.surefire.booter.ForkedBooter.execute(ForkedBooter.java:162)
	at org.apache.maven.surefire.booter.ForkedBooter.run(ForkedBooter.java:562)
	at org.apache.maven.surefire.booter.ForkedBooter.main(ForkedBooter.java:548)
Caused by: java.lang.RuntimeException: Runtime Exception after doing work
	at org.apache.hadoop.hdds.scm.container.balancer.TestContainerBalancerTask.lambda$checkIterationResultException$11(TestContainerBalancerTask.java:1045)
	at java.util.concurrent.CompletableFuture$AsyncSupply.run(CompletableFuture.java:1604)
	at java.lang.Thread.run(Thread.java:750)
2023-09-08 11:18:58,378 [main] INFO  balancer.ContainerBalancerTask (ContainerBalancerTask.java:checkIterationMoveResults(642)) - Iteration Summary. Number of Datanodes involved: 2. Size moved: 0 B (0 Bytes). Number of Container moves completed: 0.
2023-09-08 11:18:58,378 [main] INFO  balancer.ContainerBalancerTask (ContainerBalancerTask.java:balance(259)) - Result of this iteration of Container Balancer: ITERATION_COMPLETED
2023-09-08 11:18:58,378 [main] INFO  balancer.ContainerBalancerTask (ContainerBalancerTask.java:tryStopWithSaveConfiguration(308)) - Save Configuration for stopping. Reason: Completed all iterations.
]]></system-out>
  </testcase>
  <testcase name="balancerShouldObeyMaxSizeLeavingSourceLimit" classname="org.apache.hadoop.hdds.scm.container.balancer.TestContainerBalancerTask" time="0.315">
    <system-out><![CDATA[2023-09-08 11:18:58,409 [main] INFO  net.NodeSchemaLoader (NodeSchemaLoader.java:loadSchemaFromFile(129)) - Loading schema from [file:/home/runner/work/ozone/ozone/hadoop-hdds/common/target/classes/network-topology-default.xml]
2023-09-08 11:18:58,409 [main] INFO  net.NodeSchemaLoader (NodeSchemaLoader.java:loadSchema(176)) - Loading network topology layer schema file
2023-09-08 11:18:58,414 [main] INFO  net.NetworkTopologyImpl (NetworkTopologyImpl.java:add(112)) - Added a new node: /default-rack/06753507-9ed2-4854-9acb-3674ea6125d9
2023-09-08 11:18:58,414 [main] INFO  net.NetworkTopologyImpl (NetworkTopologyImpl.java:add(112)) - Added a new node: /default-rack/110aa1e1-b881-46da-b9ee-ec05ee972538
2023-09-08 11:18:58,414 [main] INFO  net.NetworkTopologyImpl (NetworkTopologyImpl.java:add(112)) - Added a new node: /default-rack/b30be59b-37ac-4959-a018-786f54da51dd
2023-09-08 11:18:58,414 [main] INFO  net.NetworkTopologyImpl (NetworkTopologyImpl.java:add(112)) - Added a new node: /default-rack/5a499a8a-a822-43b1-b44d-98c1b00e2157
2023-09-08 11:18:58,415 [main] INFO  net.NetworkTopologyImpl (NetworkTopologyImpl.java:add(112)) - Added a new node: /default-rack/aaee780d-f3af-4aee-a54f-3aebea119d41
2023-09-08 11:18:58,415 [main] INFO  net.NetworkTopologyImpl (NetworkTopologyImpl.java:add(112)) - Added a new node: /default-rack/9141596e-5b5a-4269-99e6-ea10aada5667
2023-09-08 11:18:58,415 [main] INFO  net.NetworkTopologyImpl (NetworkTopologyImpl.java:add(112)) - Added a new node: /default-rack/077206ff-15e7-48b4-bcd2-62ff01f22259
2023-09-08 11:18:58,415 [main] INFO  net.NetworkTopologyImpl (NetworkTopologyImpl.java:add(112)) - Added a new node: /default-rack/1dc09f1b-a9b9-4cec-a3e4-672769aada6a
2023-09-08 11:18:58,415 [main] INFO  net.NetworkTopologyImpl (NetworkTopologyImpl.java:add(112)) - Added a new node: /default-rack/2ce4f8d3-9c17-4821-b750-7993328e43a1
2023-09-08 11:18:58,416 [main] INFO  net.NetworkTopologyImpl (NetworkTopologyImpl.java:add(112)) - Added a new node: /default-rack/ca3c4f2f-97b1-4b2e-b7dc-977c585f1d5d
2023-09-08 11:18:58,416 [main] INFO  algorithms.ContainerPlacementPolicyFactory (ContainerPlacementPolicyFactory.java:getPolicyInternal(86)) - Create container placement policy of type org.apache.hadoop.hdds.scm.container.placement.algorithms.SCMContainerPlacementRackAware
2023-09-08 11:18:58,416 [main] INFO  algorithms.ContainerPlacementPolicyFactory (ContainerPlacementPolicyFactory.java:getPolicyInternal(86)) - Create container placement policy of type org.apache.hadoop.hdds.scm.container.placement.algorithms.SCMContainerPlacementRackScatter
2023-09-08 11:18:58,423 [main] DEBUG balancer.ContainerBalancerTask (ContainerBalancerTask.java:initializeIteration(374)) - Average utilization of the cluster is 0.33496859447928706
2023-09-08 11:18:58,424 [main] DEBUG balancer.ContainerBalancerTask (ContainerBalancerTask.java:initializeIteration(386)) - Lower limit for utilization is 0.23496859447928706 and Upper limit for utilization is 0.43496859447928704
2023-09-08 11:18:58,426 [main] DEBUG balancer.ContainerBalancerTask (ContainerBalancerTask.java:initializeIteration(398)) - Utilization for node 2ce4f8d3-9c17-4821-b750-7993328e43a1 with capacity 63231462968B, used 56908316672B, and remaining 6323146296B is 0.9000000000126519
2023-09-08 11:18:58,427 [main] DEBUG balancer.ContainerBalancerTask (ContainerBalancerTask.java:initializeIteration(398)) - Utilization for node 5a499a8a-a822-43b1-b44d-98c1b00e2157 with capacity 61740154880B, used 49392123904B, and remaining 12348030976B is 0.8
2023-09-08 11:18:58,427 [main] DEBUG balancer.ContainerBalancerTask (ContainerBalancerTask.java:initializeIteration(398)) - Utilization for node ca3c4f2f-97b1-4b2e-b7dc-977c585f1d5d with capacity 47551423634B, used 33285996544B, and remaining 14265427090B is 0.7000000000042059
2023-09-08 11:18:58,427 [main] DEBUG balancer.ContainerBalancerTask (ContainerBalancerTask.java:initializeIteration(398)) - Utilization for node aaee780d-f3af-4aee-a54f-3aebea119d41 with capacity 96636764160B, used 57982058496B, and remaining 38654705664B is 0.6
2023-09-08 11:18:58,427 [main] DEBUG balancer.ContainerBalancerTask (ContainerBalancerTask.java:initializeIteration(398)) - Utilization for node 110aa1e1-b881-46da-b9ee-ec05ee972538 with capacity 94489280512B, used 47244640256B, and remaining 47244640256B is 0.5
2023-09-08 11:18:58,427 [main] DEBUG balancer.ContainerBalancerTask (ContainerBalancerTask.java:initializeIteration(398)) - Utilization for node 9141596e-5b5a-4269-99e6-ea10aada5667 with capacity 99321118720B, used 39728447488B, and remaining 59592671232B is 0.4
2023-09-08 11:18:58,427 [main] DEBUG balancer.ContainerBalancerTask (ContainerBalancerTask.java:initializeIteration(398)) - Utilization for node 06753507-9ed2-4854-9acb-3674ea6125d9 with capacity 164640413013B, used 49392123904B, and remaining 115248289109B is 0.3000000000006074
2023-09-08 11:18:58,427 [main] DEBUG balancer.ContainerBalancerTask (ContainerBalancerTask.java:initializeIteration(398)) - Utilization for node 077206ff-15e7-48b4-bcd2-62ff01f22259 with capacity 150323855360B, used 30064771072B, and remaining 120259084288B is 0.2
2023-09-08 11:18:58,427 [main] DEBUG balancer.ContainerBalancerTask (ContainerBalancerTask.java:initializeIteration(398)) - Utilization for node 1dc09f1b-a9b9-4cec-a3e4-672769aada6a with capacity 386547056640B, used 38654705664B, and remaining 347892350976B is 0.1
2023-09-08 11:18:58,427 [main] DEBUG balancer.ContainerBalancerTask (ContainerBalancerTask.java:initializeIteration(398)) - Utilization for node b30be59b-37ac-4959-a018-786f54da51dd with capacity 37580963840B, used 0B, and remaining 37580963840B is 0.0
2023-09-08 11:18:58,427 [main] INFO  balancer.ContainerBalancerTask (ContainerBalancerTask.java:initializeIteration(447)) - Container Balancer has identified 5 Over-Utilized and 3 Under-Utilized Datanodes that need to be balanced.
2023-09-08 11:18:58,428 [main] DEBUG balancer.ContainerBalancerTask (ContainerBalancerTask.java:lambda$initializeIteration$1(453)) - Datanode localhost-242.52.111.62 2ce4f8d3-9c17-4821-b750-7993328e43a1 is Over-Utilized.
2023-09-08 11:18:58,428 [main] DEBUG balancer.ContainerBalancerTask (ContainerBalancerTask.java:lambda$initializeIteration$1(453)) - Datanode localhost-84.67.181.178 5a499a8a-a822-43b1-b44d-98c1b00e2157 is Over-Utilized.
2023-09-08 11:18:58,428 [main] DEBUG balancer.ContainerBalancerTask (ContainerBalancerTask.java:lambda$initializeIteration$1(453)) - Datanode localhost-83.239.131.192 ca3c4f2f-97b1-4b2e-b7dc-977c585f1d5d is Over-Utilized.
2023-09-08 11:18:58,428 [main] DEBUG balancer.ContainerBalancerTask (ContainerBalancerTask.java:lambda$initializeIteration$1(453)) - Datanode localhost-18.158.190.252 aaee780d-f3af-4aee-a54f-3aebea119d41 is Over-Utilized.
2023-09-08 11:18:58,428 [main] DEBUG balancer.ContainerBalancerTask (ContainerBalancerTask.java:lambda$initializeIteration$1(453)) - Datanode localhost-208.14.17.7 110aa1e1-b881-46da-b9ee-ec05ee972538 is Over-Utilized.
2023-09-08 11:18:58,428 [main] DEBUG balancer.ContainerBalancerTask (ContainerBalancerTask.java:lambda$initializeIteration$2(459)) - Datanode localhost-206.240.233.253 b30be59b-37ac-4959-a018-786f54da51dd is Under-Utilized.
2023-09-08 11:18:58,428 [main] DEBUG balancer.ContainerBalancerTask (ContainerBalancerTask.java:lambda$initializeIteration$2(459)) - Datanode localhost-237.93.91.69 1dc09f1b-a9b9-4cec-a3e4-672769aada6a is Under-Utilized.
2023-09-08 11:18:58,428 [main] DEBUG balancer.ContainerBalancerTask (ContainerBalancerTask.java:lambda$initializeIteration$2(459)) - Datanode localhost-102.68.137.191 077206ff-15e7-48b4-bcd2-62ff01f22259 is Under-Utilized.
2023-09-08 11:18:58,431 [main] DEBUG balancer.ContainerBalancerTask (ContainerBalancerTask.java:matchSourceWithTarget(701)) - ContainerBalancer could not find any candidate containers for datanode 2ce4f8d3-9c17-4821-b750-7993328e43a1
2023-09-08 11:18:58,434 [main] DEBUG balancer.ContainerBalancerTask (ContainerBalancerTask.java:matchSourceWithTarget(701)) - ContainerBalancer could not find any candidate containers for datanode 5a499a8a-a822-43b1-b44d-98c1b00e2157
2023-09-08 11:18:58,436 [main] DEBUG balancer.ContainerBalancerTask (ContainerBalancerTask.java:matchSourceWithTarget(701)) - ContainerBalancer could not find any candidate containers for datanode ca3c4f2f-97b1-4b2e-b7dc-977c585f1d5d
2023-09-08 11:18:58,439 [main] DEBUG balancer.ContainerBalancerTask (ContainerBalancerTask.java:matchSourceWithTarget(701)) - ContainerBalancer could not find any candidate containers for datanode aaee780d-f3af-4aee-a54f-3aebea119d41
2023-09-08 11:18:58,442 [main] DEBUG balancer.ContainerBalancerTask (ContainerBalancerTask.java:matchSourceWithTarget(701)) - ContainerBalancer could not find any candidate containers for datanode 110aa1e1-b881-46da-b9ee-ec05ee972538
2023-09-08 11:18:58,442 [main] INFO  balancer.FindSourceGreedy (FindSourceGreedy.java:getNextCandidateSourceDataNode(126)) - no more candidate source data node
2023-09-08 11:18:58,442 [main] INFO  balancer.ContainerBalancerTask (ContainerBalancerTask.java:balance(259)) - Result of this iteration of Container Balancer: CAN_NOT_BALANCE_ANY_MORE
2023-09-08 11:18:58,442 [main] INFO  balancer.ContainerBalancerTask (ContainerBalancerTask.java:tryStopWithSaveConfiguration(308)) - Save Configuration for stopping. Reason: CAN_NOT_BALANCE_ANY_MORE
2023-09-08 11:18:58,459 [main] DEBUG balancer.ContainerBalancerTask (ContainerBalancerTask.java:initializeIteration(374)) - Average utilization of the cluster is 0.33496859447928706
2023-09-08 11:18:58,459 [main] DEBUG balancer.ContainerBalancerTask (ContainerBalancerTask.java:initializeIteration(386)) - Lower limit for utilization is 0.23496859447928706 and Upper limit for utilization is 0.43496859447928704
2023-09-08 11:18:58,459 [main] DEBUG balancer.ContainerBalancerTask (ContainerBalancerTask.java:initializeIteration(398)) - Utilization for node 2ce4f8d3-9c17-4821-b750-7993328e43a1 with capacity 63231462968B, used 56908316672B, and remaining 6323146296B is 0.9000000000126519
2023-09-08 11:18:58,460 [main] DEBUG balancer.ContainerBalancerTask (ContainerBalancerTask.java:initializeIteration(398)) - Utilization for node 5a499a8a-a822-43b1-b44d-98c1b00e2157 with capacity 61740154880B, used 49392123904B, and remaining 12348030976B is 0.8
2023-09-08 11:18:58,461 [main] DEBUG balancer.ContainerBalancerTask (ContainerBalancerTask.java:initializeIteration(398)) - Utilization for node ca3c4f2f-97b1-4b2e-b7dc-977c585f1d5d with capacity 47551423634B, used 33285996544B, and remaining 14265427090B is 0.7000000000042059
2023-09-08 11:18:58,461 [main] DEBUG balancer.ContainerBalancerTask (ContainerBalancerTask.java:initializeIteration(398)) - Utilization for node aaee780d-f3af-4aee-a54f-3aebea119d41 with capacity 96636764160B, used 57982058496B, and remaining 38654705664B is 0.6
2023-09-08 11:18:58,461 [main] DEBUG balancer.ContainerBalancerTask (ContainerBalancerTask.java:initializeIteration(398)) - Utilization for node 110aa1e1-b881-46da-b9ee-ec05ee972538 with capacity 94489280512B, used 47244640256B, and remaining 47244640256B is 0.5
2023-09-08 11:18:58,461 [main] DEBUG balancer.ContainerBalancerTask (ContainerBalancerTask.java:initializeIteration(398)) - Utilization for node 9141596e-5b5a-4269-99e6-ea10aada5667 with capacity 99321118720B, used 39728447488B, and remaining 59592671232B is 0.4
2023-09-08 11:18:58,461 [main] DEBUG balancer.ContainerBalancerTask (ContainerBalancerTask.java:initializeIteration(398)) - Utilization for node 06753507-9ed2-4854-9acb-3674ea6125d9 with capacity 164640413013B, used 49392123904B, and remaining 115248289109B is 0.3000000000006074
2023-09-08 11:18:58,461 [main] DEBUG balancer.ContainerBalancerTask (ContainerBalancerTask.java:initializeIteration(398)) - Utilization for node 077206ff-15e7-48b4-bcd2-62ff01f22259 with capacity 150323855360B, used 30064771072B, and remaining 120259084288B is 0.2
2023-09-08 11:18:58,461 [main] DEBUG balancer.ContainerBalancerTask (ContainerBalancerTask.java:initializeIteration(398)) - Utilization for node 1dc09f1b-a9b9-4cec-a3e4-672769aada6a with capacity 386547056640B, used 38654705664B, and remaining 347892350976B is 0.1
2023-09-08 11:18:58,461 [main] DEBUG balancer.ContainerBalancerTask (ContainerBalancerTask.java:initializeIteration(398)) - Utilization for node b30be59b-37ac-4959-a018-786f54da51dd with capacity 37580963840B, used 0B, and remaining 37580963840B is 0.0
2023-09-08 11:18:58,461 [main] INFO  balancer.ContainerBalancerTask (ContainerBalancerTask.java:initializeIteration(447)) - Container Balancer has identified 5 Over-Utilized and 3 Under-Utilized Datanodes that need to be balanced.
2023-09-08 11:18:58,461 [main] DEBUG balancer.ContainerBalancerTask (ContainerBalancerTask.java:lambda$initializeIteration$1(453)) - Datanode localhost-242.52.111.62 2ce4f8d3-9c17-4821-b750-7993328e43a1 is Over-Utilized.
2023-09-08 11:18:58,461 [main] DEBUG balancer.ContainerBalancerTask (ContainerBalancerTask.java:lambda$initializeIteration$1(453)) - Datanode localhost-84.67.181.178 5a499a8a-a822-43b1-b44d-98c1b00e2157 is Over-Utilized.
2023-09-08 11:18:58,462 [main] DEBUG balancer.ContainerBalancerTask (ContainerBalancerTask.java:lambda$initializeIteration$1(453)) - Datanode localhost-83.239.131.192 ca3c4f2f-97b1-4b2e-b7dc-977c585f1d5d is Over-Utilized.
2023-09-08 11:18:58,462 [main] DEBUG balancer.ContainerBalancerTask (ContainerBalancerTask.java:lambda$initializeIteration$1(453)) - Datanode localhost-18.158.190.252 aaee780d-f3af-4aee-a54f-3aebea119d41 is Over-Utilized.
2023-09-08 11:18:58,462 [main] DEBUG balancer.ContainerBalancerTask (ContainerBalancerTask.java:lambda$initializeIteration$1(453)) - Datanode localhost-208.14.17.7 110aa1e1-b881-46da-b9ee-ec05ee972538 is Over-Utilized.
2023-09-08 11:18:58,462 [main] DEBUG balancer.ContainerBalancerTask (ContainerBalancerTask.java:lambda$initializeIteration$2(459)) - Datanode localhost-206.240.233.253 b30be59b-37ac-4959-a018-786f54da51dd is Under-Utilized.
2023-09-08 11:18:58,462 [main] DEBUG balancer.ContainerBalancerTask (ContainerBalancerTask.java:lambda$initializeIteration$2(459)) - Datanode localhost-237.93.91.69 1dc09f1b-a9b9-4cec-a3e4-672769aada6a is Under-Utilized.
2023-09-08 11:18:58,462 [main] DEBUG balancer.ContainerBalancerTask (ContainerBalancerTask.java:lambda$initializeIteration$2(459)) - Datanode localhost-102.68.137.191 077206ff-15e7-48b4-bcd2-62ff01f22259 is Under-Utilized.
2023-09-08 11:18:58,465 [main] DEBUG balancer.ContainerBalancerTask (ContainerBalancerTask.java:matchSourceWithTarget(708)) - ContainerBalancer is finding suitable target for source datanode 2ce4f8d3-9c17-4821-b750-7993328e43a1
2023-09-08 11:18:58,465 [main] INFO  balancer.ContainerBalancerTask (ContainerBalancerTask.java:matchSourceWithTarget(722)) - ContainerBalancer matched source datanode 2ce4f8d3-9c17-4821-b750-7993328e43a1 with target datanode b30be59b-37ac-4959-a018-786f54da51dd for container move.
2023-09-08 11:18:58,465 [main] INFO  balancer.ContainerBalancerTask (ContainerBalancerTask.java:processMoveSelection(569)) - ContainerBalancer is trying to move container #85 with size 5368709120B from source datanode 2ce4f8d3-9c17-4821-b750-7993328e43a1 to target datanode b30be59b-37ac-4959-a018-786f54da51dd
2023-09-08 11:18:58,465 [main] DEBUG balancer.ContainerBalancerTask (ContainerBalancerTask.java:lambda$moveContainer$3(837)) - Container move completed for container #85 from source 2ce4f8d3-9c17-4821-b750-7993328e43a1 to target b30be59b-37ac-4959-a018-786f54da51dd
2023-09-08 11:18:58,466 [main] DEBUG balancer.ContainerBalancerTask (ContainerBalancerTask.java:adaptOnReachingIterationLimits(782)) - Reached max datanodes to involve limit. 2 datanodes have already been selected for balancing and the limit is 2. Only already selected sources and targets can be involved in balancing now.
2023-09-08 11:18:58,468 [main] DEBUG balancer.ContainerBalancerTask (ContainerBalancerTask.java:matchSourceWithTarget(708)) - ContainerBalancer is finding suitable target for source datanode 2ce4f8d3-9c17-4821-b750-7993328e43a1
2023-09-08 11:18:58,469 [main] INFO  balancer.ContainerBalancerTask (ContainerBalancerTask.java:matchSourceWithTarget(722)) - ContainerBalancer matched source datanode 2ce4f8d3-9c17-4821-b750-7993328e43a1 with target datanode b30be59b-37ac-4959-a018-786f54da51dd for container move.
2023-09-08 11:18:58,469 [main] INFO  balancer.ContainerBalancerTask (ContainerBalancerTask.java:processMoveSelection(569)) - ContainerBalancer is trying to move container #40 with size 5368709120B from source datanode 2ce4f8d3-9c17-4821-b750-7993328e43a1 to target datanode b30be59b-37ac-4959-a018-786f54da51dd
2023-09-08 11:18:58,469 [main] DEBUG balancer.ContainerBalancerTask (ContainerBalancerTask.java:lambda$moveContainer$3(837)) - Container move completed for container #40 from source 2ce4f8d3-9c17-4821-b750-7993328e43a1 to target b30be59b-37ac-4959-a018-786f54da51dd
2023-09-08 11:18:58,472 [main] DEBUG balancer.ContainerBalancerTask (ContainerBalancerTask.java:matchSourceWithTarget(708)) - ContainerBalancer is finding suitable target for source datanode 2ce4f8d3-9c17-4821-b750-7993328e43a1
2023-09-08 11:18:58,472 [main] INFO  balancer.ContainerBalancerTask (ContainerBalancerTask.java:matchSourceWithTarget(722)) - ContainerBalancer matched source datanode 2ce4f8d3-9c17-4821-b750-7993328e43a1 with target datanode b30be59b-37ac-4959-a018-786f54da51dd for container move.
2023-09-08 11:18:58,473 [main] INFO  balancer.ContainerBalancerTask (ContainerBalancerTask.java:processMoveSelection(569)) - ContainerBalancer is trying to move container #89 with size 4294967296B from source datanode 2ce4f8d3-9c17-4821-b750-7993328e43a1 to target datanode b30be59b-37ac-4959-a018-786f54da51dd
2023-09-08 11:18:58,473 [main] DEBUG balancer.ContainerBalancerTask (ContainerBalancerTask.java:lambda$moveContainer$3(837)) - Container move completed for container #89 from source 2ce4f8d3-9c17-4821-b750-7993328e43a1 to target b30be59b-37ac-4959-a018-786f54da51dd
2023-09-08 11:18:58,476 [main] DEBUG balancer.ContainerBalancerTask (ContainerBalancerTask.java:matchSourceWithTarget(708)) - ContainerBalancer is finding suitable target for source datanode 2ce4f8d3-9c17-4821-b750-7993328e43a1
2023-09-08 11:18:58,476 [main] INFO  balancer.ContainerBalancerTask (ContainerBalancerTask.java:matchSourceWithTarget(722)) - ContainerBalancer matched source datanode 2ce4f8d3-9c17-4821-b750-7993328e43a1 with target datanode b30be59b-37ac-4959-a018-786f54da51dd for container move.
2023-09-08 11:18:58,477 [main] INFO  balancer.ContainerBalancerTask (ContainerBalancerTask.java:processMoveSelection(569)) - ContainerBalancer is trying to move container #86 with size 1073741824B from source datanode 2ce4f8d3-9c17-4821-b750-7993328e43a1 to target datanode b30be59b-37ac-4959-a018-786f54da51dd
2023-09-08 11:18:58,477 [main] DEBUG balancer.ContainerBalancerTask (ContainerBalancerTask.java:lambda$moveContainer$3(837)) - Container move completed for container #86 from source 2ce4f8d3-9c17-4821-b750-7993328e43a1 to target b30be59b-37ac-4959-a018-786f54da51dd
2023-09-08 11:18:58,479 [main] DEBUG balancer.ContainerBalancerTask (ContainerBalancerTask.java:matchSourceWithTarget(708)) - ContainerBalancer is finding suitable target for source datanode 2ce4f8d3-9c17-4821-b750-7993328e43a1
2023-09-08 11:18:58,481 [main] INFO  balancer.FindTargetGreedyByUsageInfo (AbstractFindTargetGreedy.java:findTargetForContainerMove(133)) - Container Balancer could not find a target for source datanode 2ce4f8d3-9c17-4821-b750-7993328e43a1
2023-09-08 11:18:58,481 [main] DEBUG balancer.ContainerBalancerTask (ContainerBalancerTask.java:matchSourceWithTarget(717)) - ContainerBalancer could not find a suitable target for source node 2ce4f8d3-9c17-4821-b750-7993328e43a1.
2023-09-08 11:18:58,481 [main] INFO  balancer.FindSourceGreedy (FindSourceGreedy.java:getNextCandidateSourceDataNode(126)) - no more candidate source data node
2023-09-08 11:18:58,481 [main] INFO  balancer.ContainerBalancerTask (ContainerBalancerTask.java:checkIterationMoveResults(642)) - Iteration Summary. Number of Datanodes involved: 2. Size moved: 15 GB (16106127360 Bytes). Number of Container moves completed: 4.
2023-09-08 11:18:58,481 [main] INFO  balancer.ContainerBalancerTask (ContainerBalancerTask.java:balance(259)) - Result of this iteration of Container Balancer: ITERATION_COMPLETED
2023-09-08 11:18:58,484 [main] DEBUG balancer.ContainerBalancerTask (ContainerBalancerTask.java:initializeIteration(374)) - Average utilization of the cluster is 0.33496859447928706
2023-09-08 11:18:58,484 [main] DEBUG balancer.ContainerBalancerTask (ContainerBalancerTask.java:initializeIteration(386)) - Lower limit for utilization is 0.23496859447928706 and Upper limit for utilization is 0.43496859447928704
2023-09-08 11:18:58,484 [main] DEBUG balancer.ContainerBalancerTask (ContainerBalancerTask.java:initializeIteration(398)) - Utilization for node 2ce4f8d3-9c17-4821-b750-7993328e43a1 with capacity 63231462968B, used 56908316672B, and remaining 6323146296B is 0.9000000000126519
2023-09-08 11:18:58,484 [main] DEBUG balancer.ContainerBalancerTask (ContainerBalancerTask.java:initializeIteration(398)) - Utilization for node 5a499a8a-a822-43b1-b44d-98c1b00e2157 with capacity 61740154880B, used 49392123904B, and remaining 12348030976B is 0.8
2023-09-08 11:18:58,485 [main] DEBUG balancer.ContainerBalancerTask (ContainerBalancerTask.java:initializeIteration(398)) - Utilization for node ca3c4f2f-97b1-4b2e-b7dc-977c585f1d5d with capacity 47551423634B, used 33285996544B, and remaining 14265427090B is 0.7000000000042059
2023-09-08 11:18:58,485 [main] DEBUG balancer.ContainerBalancerTask (ContainerBalancerTask.java:initializeIteration(398)) - Utilization for node aaee780d-f3af-4aee-a54f-3aebea119d41 with capacity 96636764160B, used 57982058496B, and remaining 38654705664B is 0.6
2023-09-08 11:18:58,485 [main] DEBUG balancer.ContainerBalancerTask (ContainerBalancerTask.java:initializeIteration(398)) - Utilization for node 110aa1e1-b881-46da-b9ee-ec05ee972538 with capacity 94489280512B, used 47244640256B, and remaining 47244640256B is 0.5
2023-09-08 11:18:58,485 [main] DEBUG balancer.ContainerBalancerTask (ContainerBalancerTask.java:initializeIteration(398)) - Utilization for node 9141596e-5b5a-4269-99e6-ea10aada5667 with capacity 99321118720B, used 39728447488B, and remaining 59592671232B is 0.4
2023-09-08 11:18:58,485 [main] DEBUG balancer.ContainerBalancerTask (ContainerBalancerTask.java:initializeIteration(398)) - Utilization for node 06753507-9ed2-4854-9acb-3674ea6125d9 with capacity 164640413013B, used 49392123904B, and remaining 115248289109B is 0.3000000000006074
2023-09-08 11:18:58,485 [main] DEBUG balancer.ContainerBalancerTask (ContainerBalancerTask.java:initializeIteration(398)) - Utilization for node 077206ff-15e7-48b4-bcd2-62ff01f22259 with capacity 150323855360B, used 30064771072B, and remaining 120259084288B is 0.2
2023-09-08 11:18:58,485 [main] DEBUG balancer.ContainerBalancerTask (ContainerBalancerTask.java:initializeIteration(398)) - Utilization for node 1dc09f1b-a9b9-4cec-a3e4-672769aada6a with capacity 386547056640B, used 38654705664B, and remaining 347892350976B is 0.1
2023-09-08 11:18:58,485 [main] DEBUG balancer.ContainerBalancerTask (ContainerBalancerTask.java:initializeIteration(398)) - Utilization for node b30be59b-37ac-4959-a018-786f54da51dd with capacity 37580963840B, used 0B, and remaining 37580963840B is 0.0
2023-09-08 11:18:58,485 [main] INFO  balancer.ContainerBalancerTask (ContainerBalancerTask.java:initializeIteration(447)) - Container Balancer has identified 5 Over-Utilized and 3 Under-Utilized Datanodes that need to be balanced.
2023-09-08 11:18:58,485 [main] DEBUG balancer.ContainerBalancerTask (ContainerBalancerTask.java:lambda$initializeIteration$1(453)) - Datanode localhost-242.52.111.62 2ce4f8d3-9c17-4821-b750-7993328e43a1 is Over-Utilized.
2023-09-08 11:18:58,486 [main] DEBUG balancer.ContainerBalancerTask (ContainerBalancerTask.java:lambda$initializeIteration$1(453)) - Datanode localhost-84.67.181.178 5a499a8a-a822-43b1-b44d-98c1b00e2157 is Over-Utilized.
2023-09-08 11:18:58,486 [main] DEBUG balancer.ContainerBalancerTask (ContainerBalancerTask.java:lambda$initializeIteration$1(453)) - Datanode localhost-83.239.131.192 ca3c4f2f-97b1-4b2e-b7dc-977c585f1d5d is Over-Utilized.
2023-09-08 11:18:58,486 [main] DEBUG balancer.ContainerBalancerTask (ContainerBalancerTask.java:lambda$initializeIteration$1(453)) - Datanode localhost-18.158.190.252 aaee780d-f3af-4aee-a54f-3aebea119d41 is Over-Utilized.
2023-09-08 11:18:58,486 [main] DEBUG balancer.ContainerBalancerTask (ContainerBalancerTask.java:lambda$initializeIteration$1(453)) - Datanode localhost-208.14.17.7 110aa1e1-b881-46da-b9ee-ec05ee972538 is Over-Utilized.
2023-09-08 11:18:58,486 [main] DEBUG balancer.ContainerBalancerTask (ContainerBalancerTask.java:lambda$initializeIteration$2(459)) - Datanode localhost-206.240.233.253 b30be59b-37ac-4959-a018-786f54da51dd is Under-Utilized.
2023-09-08 11:18:58,486 [main] DEBUG balancer.ContainerBalancerTask (ContainerBalancerTask.java:lambda$initializeIteration$2(459)) - Datanode localhost-237.93.91.69 1dc09f1b-a9b9-4cec-a3e4-672769aada6a is Under-Utilized.
2023-09-08 11:18:58,486 [main] DEBUG balancer.ContainerBalancerTask (ContainerBalancerTask.java:lambda$initializeIteration$2(459)) - Datanode localhost-102.68.137.191 077206ff-15e7-48b4-bcd2-62ff01f22259 is Under-Utilized.
2023-09-08 11:18:58,489 [main] DEBUG balancer.ContainerBalancerTask (ContainerBalancerTask.java:matchSourceWithTarget(708)) - ContainerBalancer is finding suitable target for source datanode 2ce4f8d3-9c17-4821-b750-7993328e43a1
2023-09-08 11:18:58,489 [main] INFO  balancer.ContainerBalancerTask (ContainerBalancerTask.java:matchSourceWithTarget(722)) - ContainerBalancer matched source datanode 2ce4f8d3-9c17-4821-b750-7993328e43a1 with target datanode b30be59b-37ac-4959-a018-786f54da51dd for container move.
2023-09-08 11:18:58,489 [main] INFO  balancer.ContainerBalancerTask (ContainerBalancerTask.java:processMoveSelection(569)) - ContainerBalancer is trying to move container #85 with size 5368709120B from source datanode 2ce4f8d3-9c17-4821-b750-7993328e43a1 to target datanode b30be59b-37ac-4959-a018-786f54da51dd
2023-09-08 11:18:58,490 [main] DEBUG balancer.ContainerBalancerTask (ContainerBalancerTask.java:lambda$moveContainer$3(837)) - Container move completed for container #85 from source 2ce4f8d3-9c17-4821-b750-7993328e43a1 to target b30be59b-37ac-4959-a018-786f54da51dd
2023-09-08 11:18:58,490 [main] DEBUG balancer.ContainerBalancerTask (ContainerBalancerTask.java:adaptOnReachingIterationLimits(782)) - Reached max datanodes to involve limit. 2 datanodes have already been selected for balancing and the limit is 2. Only already selected sources and targets can be involved in balancing now.
2023-09-08 11:18:58,492 [main] DEBUG balancer.ContainerBalancerTask (ContainerBalancerTask.java:matchSourceWithTarget(708)) - ContainerBalancer is finding suitable target for source datanode 2ce4f8d3-9c17-4821-b750-7993328e43a1
2023-09-08 11:18:58,493 [main] INFO  balancer.ContainerBalancerTask (ContainerBalancerTask.java:matchSourceWithTarget(722)) - ContainerBalancer matched source datanode 2ce4f8d3-9c17-4821-b750-7993328e43a1 with target datanode b30be59b-37ac-4959-a018-786f54da51dd for container move.
2023-09-08 11:18:58,493 [main] INFO  balancer.ContainerBalancerTask (ContainerBalancerTask.java:processMoveSelection(569)) - ContainerBalancer is trying to move container #40 with size 5368709120B from source datanode 2ce4f8d3-9c17-4821-b750-7993328e43a1 to target datanode b30be59b-37ac-4959-a018-786f54da51dd
2023-09-08 11:18:58,493 [main] DEBUG balancer.ContainerBalancerTask (ContainerBalancerTask.java:lambda$moveContainer$3(837)) - Container move completed for container #40 from source 2ce4f8d3-9c17-4821-b750-7993328e43a1 to target b30be59b-37ac-4959-a018-786f54da51dd
2023-09-08 11:18:58,496 [main] DEBUG balancer.ContainerBalancerTask (ContainerBalancerTask.java:matchSourceWithTarget(708)) - ContainerBalancer is finding suitable target for source datanode 2ce4f8d3-9c17-4821-b750-7993328e43a1
2023-09-08 11:18:58,496 [main] INFO  balancer.ContainerBalancerTask (ContainerBalancerTask.java:matchSourceWithTarget(722)) - ContainerBalancer matched source datanode 2ce4f8d3-9c17-4821-b750-7993328e43a1 with target datanode b30be59b-37ac-4959-a018-786f54da51dd for container move.
2023-09-08 11:18:58,496 [main] INFO  balancer.ContainerBalancerTask (ContainerBalancerTask.java:processMoveSelection(569)) - ContainerBalancer is trying to move container #89 with size 4294967296B from source datanode 2ce4f8d3-9c17-4821-b750-7993328e43a1 to target datanode b30be59b-37ac-4959-a018-786f54da51dd
2023-09-08 11:18:58,496 [main] DEBUG balancer.ContainerBalancerTask (ContainerBalancerTask.java:lambda$moveContainer$3(837)) - Container move completed for container #89 from source 2ce4f8d3-9c17-4821-b750-7993328e43a1 to target b30be59b-37ac-4959-a018-786f54da51dd
2023-09-08 11:18:58,499 [main] DEBUG balancer.ContainerBalancerTask (ContainerBalancerTask.java:matchSourceWithTarget(708)) - ContainerBalancer is finding suitable target for source datanode 2ce4f8d3-9c17-4821-b750-7993328e43a1
2023-09-08 11:18:58,500 [main] INFO  balancer.ContainerBalancerTask (ContainerBalancerTask.java:matchSourceWithTarget(722)) - ContainerBalancer matched source datanode 2ce4f8d3-9c17-4821-b750-7993328e43a1 with target datanode b30be59b-37ac-4959-a018-786f54da51dd for container move.
2023-09-08 11:18:58,500 [main] INFO  balancer.ContainerBalancerTask (ContainerBalancerTask.java:processMoveSelection(569)) - ContainerBalancer is trying to move container #86 with size 1073741824B from source datanode 2ce4f8d3-9c17-4821-b750-7993328e43a1 to target datanode b30be59b-37ac-4959-a018-786f54da51dd
2023-09-08 11:18:58,500 [main] DEBUG balancer.ContainerBalancerTask (ContainerBalancerTask.java:lambda$moveContainer$3(837)) - Container move completed for container #86 from source 2ce4f8d3-9c17-4821-b750-7993328e43a1 to target b30be59b-37ac-4959-a018-786f54da51dd
2023-09-08 11:18:58,503 [main] DEBUG balancer.ContainerBalancerTask (ContainerBalancerTask.java:matchSourceWithTarget(708)) - ContainerBalancer is finding suitable target for source datanode 2ce4f8d3-9c17-4821-b750-7993328e43a1
2023-09-08 11:18:58,504 [main] INFO  balancer.FindTargetGreedyByUsageInfo (AbstractFindTargetGreedy.java:findTargetForContainerMove(133)) - Container Balancer could not find a target for source datanode 2ce4f8d3-9c17-4821-b750-7993328e43a1
2023-09-08 11:18:58,505 [main] DEBUG balancer.ContainerBalancerTask (ContainerBalancerTask.java:matchSourceWithTarget(717)) - ContainerBalancer could not find a suitable target for source node 2ce4f8d3-9c17-4821-b750-7993328e43a1.
2023-09-08 11:18:58,505 [main] INFO  balancer.FindSourceGreedy (FindSourceGreedy.java:getNextCandidateSourceDataNode(126)) - no more candidate source data node
2023-09-08 11:18:58,505 [main] INFO  balancer.ContainerBalancerTask (ContainerBalancerTask.java:checkIterationMoveResults(642)) - Iteration Summary. Number of Datanodes involved: 2. Size moved: 15 GB (16106127360 Bytes). Number of Container moves completed: 4.
2023-09-08 11:18:58,505 [main] INFO  balancer.ContainerBalancerTask (ContainerBalancerTask.java:balance(259)) - Result of this iteration of Container Balancer: ITERATION_COMPLETED
2023-09-08 11:18:58,507 [main] DEBUG balancer.ContainerBalancerTask (ContainerBalancerTask.java:initializeIteration(374)) - Average utilization of the cluster is 0.33496859447928706
2023-09-08 11:18:58,507 [main] DEBUG balancer.ContainerBalancerTask (ContainerBalancerTask.java:initializeIteration(386)) - Lower limit for utilization is 0.23496859447928706 and Upper limit for utilization is 0.43496859447928704
2023-09-08 11:18:58,507 [main] DEBUG balancer.ContainerBalancerTask (ContainerBalancerTask.java:initializeIteration(398)) - Utilization for node 2ce4f8d3-9c17-4821-b750-7993328e43a1 with capacity 63231462968B, used 56908316672B, and remaining 6323146296B is 0.9000000000126519
2023-09-08 11:18:58,507 [main] DEBUG balancer.ContainerBalancerTask (ContainerBalancerTask.java:initializeIteration(398)) - Utilization for node 5a499a8a-a822-43b1-b44d-98c1b00e2157 with capacity 61740154880B, used 49392123904B, and remaining 12348030976B is 0.8
2023-09-08 11:18:58,507 [main] DEBUG balancer.ContainerBalancerTask (ContainerBalancerTask.java:initializeIteration(398)) - Utilization for node ca3c4f2f-97b1-4b2e-b7dc-977c585f1d5d with capacity 47551423634B, used 33285996544B, and remaining 14265427090B is 0.7000000000042059
2023-09-08 11:18:58,507 [main] DEBUG balancer.ContainerBalancerTask (ContainerBalancerTask.java:initializeIteration(398)) - Utilization for node aaee780d-f3af-4aee-a54f-3aebea119d41 with capacity 96636764160B, used 57982058496B, and remaining 38654705664B is 0.6
2023-09-08 11:18:58,507 [main] DEBUG balancer.ContainerBalancerTask (ContainerBalancerTask.java:initializeIteration(398)) - Utilization for node 110aa1e1-b881-46da-b9ee-ec05ee972538 with capacity 94489280512B, used 47244640256B, and remaining 47244640256B is 0.5
2023-09-08 11:18:58,507 [main] DEBUG balancer.ContainerBalancerTask (ContainerBalancerTask.java:initializeIteration(398)) - Utilization for node 9141596e-5b5a-4269-99e6-ea10aada5667 with capacity 99321118720B, used 39728447488B, and remaining 59592671232B is 0.4
2023-09-08 11:18:58,507 [main] DEBUG balancer.ContainerBalancerTask (ContainerBalancerTask.java:initializeIteration(398)) - Utilization for node 06753507-9ed2-4854-9acb-3674ea6125d9 with capacity 164640413013B, used 49392123904B, and remaining 115248289109B is 0.3000000000006074
2023-09-08 11:18:58,508 [main] DEBUG balancer.ContainerBalancerTask (ContainerBalancerTask.java:initializeIteration(398)) - Utilization for node 077206ff-15e7-48b4-bcd2-62ff01f22259 with capacity 150323855360B, used 30064771072B, and remaining 120259084288B is 0.2
2023-09-08 11:18:58,508 [main] DEBUG balancer.ContainerBalancerTask (ContainerBalancerTask.java:initializeIteration(398)) - Utilization for node 1dc09f1b-a9b9-4cec-a3e4-672769aada6a with capacity 386547056640B, used 38654705664B, and remaining 347892350976B is 0.1
2023-09-08 11:18:58,508 [main] DEBUG balancer.ContainerBalancerTask (ContainerBalancerTask.java:initializeIteration(398)) - Utilization for node b30be59b-37ac-4959-a018-786f54da51dd with capacity 37580963840B, used 0B, and remaining 37580963840B is 0.0
2023-09-08 11:18:58,508 [main] INFO  balancer.ContainerBalancerTask (ContainerBalancerTask.java:initializeIteration(447)) - Container Balancer has identified 5 Over-Utilized and 3 Under-Utilized Datanodes that need to be balanced.
2023-09-08 11:18:58,508 [main] DEBUG balancer.ContainerBalancerTask (ContainerBalancerTask.java:lambda$initializeIteration$1(453)) - Datanode localhost-242.52.111.62 2ce4f8d3-9c17-4821-b750-7993328e43a1 is Over-Utilized.
2023-09-08 11:18:58,508 [main] DEBUG balancer.ContainerBalancerTask (ContainerBalancerTask.java:lambda$initializeIteration$1(453)) - Datanode localhost-84.67.181.178 5a499a8a-a822-43b1-b44d-98c1b00e2157 is Over-Utilized.
2023-09-08 11:18:58,508 [main] DEBUG balancer.ContainerBalancerTask (ContainerBalancerTask.java:lambda$initializeIteration$1(453)) - Datanode localhost-83.239.131.192 ca3c4f2f-97b1-4b2e-b7dc-977c585f1d5d is Over-Utilized.
2023-09-08 11:18:58,508 [main] DEBUG balancer.ContainerBalancerTask (ContainerBalancerTask.java:lambda$initializeIteration$1(453)) - Datanode localhost-18.158.190.252 aaee780d-f3af-4aee-a54f-3aebea119d41 is Over-Utilized.
2023-09-08 11:18:58,508 [main] DEBUG balancer.ContainerBalancerTask (ContainerBalancerTask.java:lambda$initializeIteration$1(453)) - Datanode localhost-208.14.17.7 110aa1e1-b881-46da-b9ee-ec05ee972538 is Over-Utilized.
2023-09-08 11:18:58,509 [main] DEBUG balancer.ContainerBalancerTask (ContainerBalancerTask.java:lambda$initializeIteration$2(459)) - Datanode localhost-206.240.233.253 b30be59b-37ac-4959-a018-786f54da51dd is Under-Utilized.
2023-09-08 11:18:58,509 [main] DEBUG balancer.ContainerBalancerTask (ContainerBalancerTask.java:lambda$initializeIteration$2(459)) - Datanode localhost-237.93.91.69 1dc09f1b-a9b9-4cec-a3e4-672769aada6a is Under-Utilized.
2023-09-08 11:18:58,509 [main] DEBUG balancer.ContainerBalancerTask (ContainerBalancerTask.java:lambda$initializeIteration$2(459)) - Datanode localhost-102.68.137.191 077206ff-15e7-48b4-bcd2-62ff01f22259 is Under-Utilized.
2023-09-08 11:18:58,512 [main] DEBUG balancer.ContainerBalancerTask (ContainerBalancerTask.java:matchSourceWithTarget(708)) - ContainerBalancer is finding suitable target for source datanode 2ce4f8d3-9c17-4821-b750-7993328e43a1
2023-09-08 11:18:58,512 [main] INFO  balancer.ContainerBalancerTask (ContainerBalancerTask.java:matchSourceWithTarget(722)) - ContainerBalancer matched source datanode 2ce4f8d3-9c17-4821-b750-7993328e43a1 with target datanode b30be59b-37ac-4959-a018-786f54da51dd for container move.
2023-09-08 11:18:58,512 [main] INFO  balancer.ContainerBalancerTask (ContainerBalancerTask.java:processMoveSelection(569)) - ContainerBalancer is trying to move container #85 with size 5368709120B from source datanode 2ce4f8d3-9c17-4821-b750-7993328e43a1 to target datanode b30be59b-37ac-4959-a018-786f54da51dd
2023-09-08 11:18:58,512 [main] DEBUG balancer.ContainerBalancerTask (ContainerBalancerTask.java:lambda$moveContainer$3(837)) - Container move completed for container #85 from source 2ce4f8d3-9c17-4821-b750-7993328e43a1 to target b30be59b-37ac-4959-a018-786f54da51dd
2023-09-08 11:18:58,512 [main] DEBUG balancer.ContainerBalancerTask (ContainerBalancerTask.java:adaptOnReachingIterationLimits(782)) - Reached max datanodes to involve limit. 2 datanodes have already been selected for balancing and the limit is 2. Only already selected sources and targets can be involved in balancing now.
2023-09-08 11:18:58,515 [main] DEBUG balancer.ContainerBalancerTask (ContainerBalancerTask.java:matchSourceWithTarget(708)) - ContainerBalancer is finding suitable target for source datanode 2ce4f8d3-9c17-4821-b750-7993328e43a1
2023-09-08 11:18:58,515 [main] INFO  balancer.ContainerBalancerTask (ContainerBalancerTask.java:matchSourceWithTarget(722)) - ContainerBalancer matched source datanode 2ce4f8d3-9c17-4821-b750-7993328e43a1 with target datanode b30be59b-37ac-4959-a018-786f54da51dd for container move.
2023-09-08 11:18:58,515 [main] INFO  balancer.ContainerBalancerTask (ContainerBalancerTask.java:processMoveSelection(569)) - ContainerBalancer is trying to move container #40 with size 5368709120B from source datanode 2ce4f8d3-9c17-4821-b750-7993328e43a1 to target datanode b30be59b-37ac-4959-a018-786f54da51dd
2023-09-08 11:18:58,515 [main] DEBUG balancer.ContainerBalancerTask (ContainerBalancerTask.java:lambda$moveContainer$3(837)) - Container move completed for container #40 from source 2ce4f8d3-9c17-4821-b750-7993328e43a1 to target b30be59b-37ac-4959-a018-786f54da51dd
2023-09-08 11:18:58,518 [main] DEBUG balancer.ContainerBalancerTask (ContainerBalancerTask.java:matchSourceWithTarget(708)) - ContainerBalancer is finding suitable target for source datanode 2ce4f8d3-9c17-4821-b750-7993328e43a1
2023-09-08 11:18:58,518 [main] INFO  balancer.ContainerBalancerTask (ContainerBalancerTask.java:matchSourceWithTarget(722)) - ContainerBalancer matched source datanode 2ce4f8d3-9c17-4821-b750-7993328e43a1 with target datanode b30be59b-37ac-4959-a018-786f54da51dd for container move.
2023-09-08 11:18:58,518 [main] INFO  balancer.ContainerBalancerTask (ContainerBalancerTask.java:processMoveSelection(569)) - ContainerBalancer is trying to move container #89 with size 4294967296B from source datanode 2ce4f8d3-9c17-4821-b750-7993328e43a1 to target datanode b30be59b-37ac-4959-a018-786f54da51dd
2023-09-08 11:18:58,518 [main] DEBUG balancer.ContainerBalancerTask (ContainerBalancerTask.java:lambda$moveContainer$3(837)) - Container move completed for container #89 from source 2ce4f8d3-9c17-4821-b750-7993328e43a1 to target b30be59b-37ac-4959-a018-786f54da51dd
2023-09-08 11:18:58,521 [main] DEBUG balancer.ContainerBalancerTask (ContainerBalancerTask.java:matchSourceWithTarget(708)) - ContainerBalancer is finding suitable target for source datanode 2ce4f8d3-9c17-4821-b750-7993328e43a1
2023-09-08 11:18:58,523 [main] INFO  balancer.ContainerBalancerTask (ContainerBalancerTask.java:matchSourceWithTarget(722)) - ContainerBalancer matched source datanode 2ce4f8d3-9c17-4821-b750-7993328e43a1 with target datanode b30be59b-37ac-4959-a018-786f54da51dd for container move.
2023-09-08 11:18:58,523 [main] INFO  balancer.ContainerBalancerTask (ContainerBalancerTask.java:processMoveSelection(569)) - ContainerBalancer is trying to move container #86 with size 1073741824B from source datanode 2ce4f8d3-9c17-4821-b750-7993328e43a1 to target datanode b30be59b-37ac-4959-a018-786f54da51dd
2023-09-08 11:18:58,524 [main] DEBUG balancer.ContainerBalancerTask (ContainerBalancerTask.java:lambda$moveContainer$3(837)) - Container move completed for container #86 from source 2ce4f8d3-9c17-4821-b750-7993328e43a1 to target b30be59b-37ac-4959-a018-786f54da51dd
2023-09-08 11:18:58,526 [main] DEBUG balancer.ContainerBalancerTask (ContainerBalancerTask.java:matchSourceWithTarget(708)) - ContainerBalancer is finding suitable target for source datanode 2ce4f8d3-9c17-4821-b750-7993328e43a1
2023-09-08 11:18:58,528 [main] INFO  balancer.FindTargetGreedyByUsageInfo (AbstractFindTargetGreedy.java:findTargetForContainerMove(133)) - Container Balancer could not find a target for source datanode 2ce4f8d3-9c17-4821-b750-7993328e43a1
2023-09-08 11:18:58,529 [main] DEBUG balancer.ContainerBalancerTask (ContainerBalancerTask.java:matchSourceWithTarget(717)) - ContainerBalancer could not find a suitable target for source node 2ce4f8d3-9c17-4821-b750-7993328e43a1.
2023-09-08 11:18:58,531 [main] INFO  balancer.FindSourceGreedy (FindSourceGreedy.java:getNextCandidateSourceDataNode(126)) - no more candidate source data node
2023-09-08 11:18:58,531 [main] INFO  balancer.ContainerBalancerTask (ContainerBalancerTask.java:checkIterationMoveResults(642)) - Iteration Summary. Number of Datanodes involved: 2. Size moved: 15 GB (16106127360 Bytes). Number of Container moves completed: 4.
2023-09-08 11:18:58,531 [main] INFO  balancer.ContainerBalancerTask (ContainerBalancerTask.java:balance(259)) - Result of this iteration of Container Balancer: ITERATION_COMPLETED
2023-09-08 11:18:58,533 [main] DEBUG balancer.ContainerBalancerTask (ContainerBalancerTask.java:initializeIteration(374)) - Average utilization of the cluster is 0.33496859447928706
2023-09-08 11:18:58,533 [main] DEBUG balancer.ContainerBalancerTask (ContainerBalancerTask.java:initializeIteration(386)) - Lower limit for utilization is 0.23496859447928706 and Upper limit for utilization is 0.43496859447928704
2023-09-08 11:18:58,533 [main] DEBUG balancer.ContainerBalancerTask (ContainerBalancerTask.java:initializeIteration(398)) - Utilization for node 2ce4f8d3-9c17-4821-b750-7993328e43a1 with capacity 63231462968B, used 56908316672B, and remaining 6323146296B is 0.9000000000126519
2023-09-08 11:18:58,533 [main] DEBUG balancer.ContainerBalancerTask (ContainerBalancerTask.java:initializeIteration(398)) - Utilization for node 5a499a8a-a822-43b1-b44d-98c1b00e2157 with capacity 61740154880B, used 49392123904B, and remaining 12348030976B is 0.8
2023-09-08 11:18:58,533 [main] DEBUG balancer.ContainerBalancerTask (ContainerBalancerTask.java:initializeIteration(398)) - Utilization for node ca3c4f2f-97b1-4b2e-b7dc-977c585f1d5d with capacity 47551423634B, used 33285996544B, and remaining 14265427090B is 0.7000000000042059
2023-09-08 11:18:58,534 [main] DEBUG balancer.ContainerBalancerTask (ContainerBalancerTask.java:initializeIteration(398)) - Utilization for node aaee780d-f3af-4aee-a54f-3aebea119d41 with capacity 96636764160B, used 57982058496B, and remaining 38654705664B is 0.6
2023-09-08 11:18:58,534 [main] DEBUG balancer.ContainerBalancerTask (ContainerBalancerTask.java:initializeIteration(398)) - Utilization for node 110aa1e1-b881-46da-b9ee-ec05ee972538 with capacity 94489280512B, used 47244640256B, and remaining 47244640256B is 0.5
2023-09-08 11:18:58,534 [main] DEBUG balancer.ContainerBalancerTask (ContainerBalancerTask.java:initializeIteration(398)) - Utilization for node 9141596e-5b5a-4269-99e6-ea10aada5667 with capacity 99321118720B, used 39728447488B, and remaining 59592671232B is 0.4
2023-09-08 11:18:58,534 [main] DEBUG balancer.ContainerBalancerTask (ContainerBalancerTask.java:initializeIteration(398)) - Utilization for node 06753507-9ed2-4854-9acb-3674ea6125d9 with capacity 164640413013B, used 49392123904B, and remaining 115248289109B is 0.3000000000006074
2023-09-08 11:18:58,534 [main] DEBUG balancer.ContainerBalancerTask (ContainerBalancerTask.java:initializeIteration(398)) - Utilization for node 077206ff-15e7-48b4-bcd2-62ff01f22259 with capacity 150323855360B, used 30064771072B, and remaining 120259084288B is 0.2
2023-09-08 11:18:58,534 [main] DEBUG balancer.ContainerBalancerTask (ContainerBalancerTask.java:initializeIteration(398)) - Utilization for node 1dc09f1b-a9b9-4cec-a3e4-672769aada6a with capacity 386547056640B, used 38654705664B, and remaining 347892350976B is 0.1
2023-09-08 11:18:58,534 [main] DEBUG balancer.ContainerBalancerTask (ContainerBalancerTask.java:initializeIteration(398)) - Utilization for node b30be59b-37ac-4959-a018-786f54da51dd with capacity 37580963840B, used 0B, and remaining 37580963840B is 0.0
2023-09-08 11:18:58,534 [main] INFO  balancer.ContainerBalancerTask (ContainerBalancerTask.java:initializeIteration(447)) - Container Balancer has identified 5 Over-Utilized and 3 Under-Utilized Datanodes that need to be balanced.
2023-09-08 11:18:58,534 [main] DEBUG balancer.ContainerBalancerTask (ContainerBalancerTask.java:lambda$initializeIteration$1(453)) - Datanode localhost-242.52.111.62 2ce4f8d3-9c17-4821-b750-7993328e43a1 is Over-Utilized.
2023-09-08 11:18:58,534 [main] DEBUG balancer.ContainerBalancerTask (ContainerBalancerTask.java:lambda$initializeIteration$1(453)) - Datanode localhost-84.67.181.178 5a499a8a-a822-43b1-b44d-98c1b00e2157 is Over-Utilized.
2023-09-08 11:18:58,534 [main] DEBUG balancer.ContainerBalancerTask (ContainerBalancerTask.java:lambda$initializeIteration$1(453)) - Datanode localhost-83.239.131.192 ca3c4f2f-97b1-4b2e-b7dc-977c585f1d5d is Over-Utilized.
2023-09-08 11:18:58,535 [main] DEBUG balancer.ContainerBalancerTask (ContainerBalancerTask.java:lambda$initializeIteration$1(453)) - Datanode localhost-18.158.190.252 aaee780d-f3af-4aee-a54f-3aebea119d41 is Over-Utilized.
2023-09-08 11:18:58,535 [main] DEBUG balancer.ContainerBalancerTask (ContainerBalancerTask.java:lambda$initializeIteration$1(453)) - Datanode localhost-208.14.17.7 110aa1e1-b881-46da-b9ee-ec05ee972538 is Over-Utilized.
2023-09-08 11:18:58,535 [main] DEBUG balancer.ContainerBalancerTask (ContainerBalancerTask.java:lambda$initializeIteration$2(459)) - Datanode localhost-206.240.233.253 b30be59b-37ac-4959-a018-786f54da51dd is Under-Utilized.
2023-09-08 11:18:58,535 [main] DEBUG balancer.ContainerBalancerTask (ContainerBalancerTask.java:lambda$initializeIteration$2(459)) - Datanode localhost-237.93.91.69 1dc09f1b-a9b9-4cec-a3e4-672769aada6a is Under-Utilized.
2023-09-08 11:18:58,535 [main] DEBUG balancer.ContainerBalancerTask (ContainerBalancerTask.java:lambda$initializeIteration$2(459)) - Datanode localhost-102.68.137.191 077206ff-15e7-48b4-bcd2-62ff01f22259 is Under-Utilized.
2023-09-08 11:18:58,538 [main] DEBUG balancer.ContainerBalancerTask (ContainerBalancerTask.java:matchSourceWithTarget(708)) - ContainerBalancer is finding suitable target for source datanode 2ce4f8d3-9c17-4821-b750-7993328e43a1
2023-09-08 11:18:58,538 [main] INFO  balancer.ContainerBalancerTask (ContainerBalancerTask.java:matchSourceWithTarget(722)) - ContainerBalancer matched source datanode 2ce4f8d3-9c17-4821-b750-7993328e43a1 with target datanode b30be59b-37ac-4959-a018-786f54da51dd for container move.
2023-09-08 11:18:58,538 [main] INFO  balancer.ContainerBalancerTask (ContainerBalancerTask.java:processMoveSelection(569)) - ContainerBalancer is trying to move container #85 with size 5368709120B from source datanode 2ce4f8d3-9c17-4821-b750-7993328e43a1 to target datanode b30be59b-37ac-4959-a018-786f54da51dd
2023-09-08 11:18:58,538 [main] DEBUG balancer.ContainerBalancerTask (ContainerBalancerTask.java:lambda$moveContainer$3(837)) - Container move completed for container #85 from source 2ce4f8d3-9c17-4821-b750-7993328e43a1 to target b30be59b-37ac-4959-a018-786f54da51dd
2023-09-08 11:18:58,538 [main] DEBUG balancer.ContainerBalancerTask (ContainerBalancerTask.java:adaptOnReachingIterationLimits(782)) - Reached max datanodes to involve limit. 2 datanodes have already been selected for balancing and the limit is 2. Only already selected sources and targets can be involved in balancing now.
2023-09-08 11:18:58,541 [main] DEBUG balancer.ContainerBalancerTask (ContainerBalancerTask.java:matchSourceWithTarget(708)) - ContainerBalancer is finding suitable target for source datanode 2ce4f8d3-9c17-4821-b750-7993328e43a1
2023-09-08 11:18:58,541 [main] INFO  balancer.ContainerBalancerTask (ContainerBalancerTask.java:matchSourceWithTarget(722)) - ContainerBalancer matched source datanode 2ce4f8d3-9c17-4821-b750-7993328e43a1 with target datanode b30be59b-37ac-4959-a018-786f54da51dd for container move.
2023-09-08 11:18:58,541 [main] INFO  balancer.ContainerBalancerTask (ContainerBalancerTask.java:processMoveSelection(569)) - ContainerBalancer is trying to move container #40 with size 5368709120B from source datanode 2ce4f8d3-9c17-4821-b750-7993328e43a1 to target datanode b30be59b-37ac-4959-a018-786f54da51dd
2023-09-08 11:18:58,541 [main] DEBUG balancer.ContainerBalancerTask (ContainerBalancerTask.java:lambda$moveContainer$3(837)) - Container move completed for container #40 from source 2ce4f8d3-9c17-4821-b750-7993328e43a1 to target b30be59b-37ac-4959-a018-786f54da51dd
2023-09-08 11:18:58,544 [main] DEBUG balancer.ContainerBalancerTask (ContainerBalancerTask.java:matchSourceWithTarget(708)) - ContainerBalancer is finding suitable target for source datanode 2ce4f8d3-9c17-4821-b750-7993328e43a1
2023-09-08 11:18:58,544 [main] INFO  balancer.ContainerBalancerTask (ContainerBalancerTask.java:matchSourceWithTarget(722)) - ContainerBalancer matched source datanode 2ce4f8d3-9c17-4821-b750-7993328e43a1 with target datanode b30be59b-37ac-4959-a018-786f54da51dd for container move.
2023-09-08 11:18:58,544 [main] INFO  balancer.ContainerBalancerTask (ContainerBalancerTask.java:processMoveSelection(569)) - ContainerBalancer is trying to move container #89 with size 4294967296B from source datanode 2ce4f8d3-9c17-4821-b750-7993328e43a1 to target datanode b30be59b-37ac-4959-a018-786f54da51dd
2023-09-08 11:18:58,545 [main] DEBUG balancer.ContainerBalancerTask (ContainerBalancerTask.java:lambda$moveContainer$3(837)) - Container move completed for container #89 from source 2ce4f8d3-9c17-4821-b750-7993328e43a1 to target b30be59b-37ac-4959-a018-786f54da51dd
2023-09-08 11:18:58,547 [main] DEBUG balancer.ContainerBalancerTask (ContainerBalancerTask.java:matchSourceWithTarget(708)) - ContainerBalancer is finding suitable target for source datanode 2ce4f8d3-9c17-4821-b750-7993328e43a1
2023-09-08 11:18:58,553 [main] INFO  balancer.ContainerBalancerTask (ContainerBalancerTask.java:matchSourceWithTarget(722)) - ContainerBalancer matched source datanode 2ce4f8d3-9c17-4821-b750-7993328e43a1 with target datanode b30be59b-37ac-4959-a018-786f54da51dd for container move.
2023-09-08 11:18:58,553 [main] INFO  balancer.ContainerBalancerTask (ContainerBalancerTask.java:processMoveSelection(569)) - ContainerBalancer is trying to move container #86 with size 1073741824B from source datanode 2ce4f8d3-9c17-4821-b750-7993328e43a1 to target datanode b30be59b-37ac-4959-a018-786f54da51dd
2023-09-08 11:18:58,553 [main] DEBUG balancer.ContainerBalancerTask (ContainerBalancerTask.java:lambda$moveContainer$3(837)) - Container move completed for container #86 from source 2ce4f8d3-9c17-4821-b750-7993328e43a1 to target b30be59b-37ac-4959-a018-786f54da51dd
2023-09-08 11:18:58,556 [main] DEBUG balancer.ContainerBalancerTask (ContainerBalancerTask.java:matchSourceWithTarget(708)) - ContainerBalancer is finding suitable target for source datanode 2ce4f8d3-9c17-4821-b750-7993328e43a1
2023-09-08 11:18:58,559 [main] INFO  balancer.FindTargetGreedyByUsageInfo (AbstractFindTargetGreedy.java:findTargetForContainerMove(133)) - Container Balancer could not find a target for source datanode 2ce4f8d3-9c17-4821-b750-7993328e43a1
2023-09-08 11:18:58,559 [main] DEBUG balancer.ContainerBalancerTask (ContainerBalancerTask.java:matchSourceWithTarget(717)) - ContainerBalancer could not find a suitable target for source node 2ce4f8d3-9c17-4821-b750-7993328e43a1.
2023-09-08 11:18:58,559 [main] INFO  balancer.FindSourceGreedy (FindSourceGreedy.java:getNextCandidateSourceDataNode(126)) - no more candidate source data node
2023-09-08 11:18:58,559 [main] INFO  balancer.ContainerBalancerTask (ContainerBalancerTask.java:checkIterationMoveResults(642)) - Iteration Summary. Number of Datanodes involved: 2. Size moved: 15 GB (16106127360 Bytes). Number of Container moves completed: 4.
2023-09-08 11:18:58,559 [main] INFO  balancer.ContainerBalancerTask (ContainerBalancerTask.java:balance(259)) - Result of this iteration of Container Balancer: ITERATION_COMPLETED
2023-09-08 11:18:58,561 [main] DEBUG balancer.ContainerBalancerTask (ContainerBalancerTask.java:initializeIteration(374)) - Average utilization of the cluster is 0.33496859447928706
2023-09-08 11:18:58,561 [main] DEBUG balancer.ContainerBalancerTask (ContainerBalancerTask.java:initializeIteration(386)) - Lower limit for utilization is 0.23496859447928706 and Upper limit for utilization is 0.43496859447928704
2023-09-08 11:18:58,561 [main] DEBUG balancer.ContainerBalancerTask (ContainerBalancerTask.java:initializeIteration(398)) - Utilization for node 2ce4f8d3-9c17-4821-b750-7993328e43a1 with capacity 63231462968B, used 56908316672B, and remaining 6323146296B is 0.9000000000126519
2023-09-08 11:18:58,561 [main] DEBUG balancer.ContainerBalancerTask (ContainerBalancerTask.java:initializeIteration(398)) - Utilization for node 5a499a8a-a822-43b1-b44d-98c1b00e2157 with capacity 61740154880B, used 49392123904B, and remaining 12348030976B is 0.8
2023-09-08 11:18:58,562 [main] DEBUG balancer.ContainerBalancerTask (ContainerBalancerTask.java:initializeIteration(398)) - Utilization for node ca3c4f2f-97b1-4b2e-b7dc-977c585f1d5d with capacity 47551423634B, used 33285996544B, and remaining 14265427090B is 0.7000000000042059
2023-09-08 11:18:58,562 [main] DEBUG balancer.ContainerBalancerTask (ContainerBalancerTask.java:initializeIteration(398)) - Utilization for node aaee780d-f3af-4aee-a54f-3aebea119d41 with capacity 96636764160B, used 57982058496B, and remaining 38654705664B is 0.6
2023-09-08 11:18:58,562 [main] DEBUG balancer.ContainerBalancerTask (ContainerBalancerTask.java:initializeIteration(398)) - Utilization for node 110aa1e1-b881-46da-b9ee-ec05ee972538 with capacity 94489280512B, used 47244640256B, and remaining 47244640256B is 0.5
2023-09-08 11:18:58,562 [main] DEBUG balancer.ContainerBalancerTask (ContainerBalancerTask.java:initializeIteration(398)) - Utilization for node 9141596e-5b5a-4269-99e6-ea10aada5667 with capacity 99321118720B, used 39728447488B, and remaining 59592671232B is 0.4
2023-09-08 11:18:58,562 [main] DEBUG balancer.ContainerBalancerTask (ContainerBalancerTask.java:initializeIteration(398)) - Utilization for node 06753507-9ed2-4854-9acb-3674ea6125d9 with capacity 164640413013B, used 49392123904B, and remaining 115248289109B is 0.3000000000006074
2023-09-08 11:18:58,562 [main] DEBUG balancer.ContainerBalancerTask (ContainerBalancerTask.java:initializeIteration(398)) - Utilization for node 077206ff-15e7-48b4-bcd2-62ff01f22259 with capacity 150323855360B, used 30064771072B, and remaining 120259084288B is 0.2
2023-09-08 11:18:58,562 [main] DEBUG balancer.ContainerBalancerTask (ContainerBalancerTask.java:initializeIteration(398)) - Utilization for node 1dc09f1b-a9b9-4cec-a3e4-672769aada6a with capacity 386547056640B, used 38654705664B, and remaining 347892350976B is 0.1
2023-09-08 11:18:58,562 [main] DEBUG balancer.ContainerBalancerTask (ContainerBalancerTask.java:initializeIteration(398)) - Utilization for node b30be59b-37ac-4959-a018-786f54da51dd with capacity 37580963840B, used 0B, and remaining 37580963840B is 0.0
2023-09-08 11:18:58,563 [main] INFO  balancer.ContainerBalancerTask (ContainerBalancerTask.java:initializeIteration(447)) - Container Balancer has identified 5 Over-Utilized and 3 Under-Utilized Datanodes that need to be balanced.
2023-09-08 11:18:58,563 [main] DEBUG balancer.ContainerBalancerTask (ContainerBalancerTask.java:lambda$initializeIteration$1(453)) - Datanode localhost-242.52.111.62 2ce4f8d3-9c17-4821-b750-7993328e43a1 is Over-Utilized.
2023-09-08 11:18:58,563 [main] DEBUG balancer.ContainerBalancerTask (ContainerBalancerTask.java:lambda$initializeIteration$1(453)) - Datanode localhost-84.67.181.178 5a499a8a-a822-43b1-b44d-98c1b00e2157 is Over-Utilized.
2023-09-08 11:18:58,563 [main] DEBUG balancer.ContainerBalancerTask (ContainerBalancerTask.java:lambda$initializeIteration$1(453)) - Datanode localhost-83.239.131.192 ca3c4f2f-97b1-4b2e-b7dc-977c585f1d5d is Over-Utilized.
2023-09-08 11:18:58,563 [main] DEBUG balancer.ContainerBalancerTask (ContainerBalancerTask.java:lambda$initializeIteration$1(453)) - Datanode localhost-18.158.190.252 aaee780d-f3af-4aee-a54f-3aebea119d41 is Over-Utilized.
2023-09-08 11:18:58,563 [main] DEBUG balancer.ContainerBalancerTask (ContainerBalancerTask.java:lambda$initializeIteration$1(453)) - Datanode localhost-208.14.17.7 110aa1e1-b881-46da-b9ee-ec05ee972538 is Over-Utilized.
2023-09-08 11:18:58,563 [main] DEBUG balancer.ContainerBalancerTask (ContainerBalancerTask.java:lambda$initializeIteration$2(459)) - Datanode localhost-206.240.233.253 b30be59b-37ac-4959-a018-786f54da51dd is Under-Utilized.
2023-09-08 11:18:58,563 [main] DEBUG balancer.ContainerBalancerTask (ContainerBalancerTask.java:lambda$initializeIteration$2(459)) - Datanode localhost-237.93.91.69 1dc09f1b-a9b9-4cec-a3e4-672769aada6a is Under-Utilized.
2023-09-08 11:18:58,563 [main] DEBUG balancer.ContainerBalancerTask (ContainerBalancerTask.java:lambda$initializeIteration$2(459)) - Datanode localhost-102.68.137.191 077206ff-15e7-48b4-bcd2-62ff01f22259 is Under-Utilized.
2023-09-08 11:18:58,566 [main] DEBUG balancer.ContainerBalancerTask (ContainerBalancerTask.java:matchSourceWithTarget(708)) - ContainerBalancer is finding suitable target for source datanode 2ce4f8d3-9c17-4821-b750-7993328e43a1
2023-09-08 11:18:58,566 [main] INFO  balancer.ContainerBalancerTask (ContainerBalancerTask.java:matchSourceWithTarget(722)) - ContainerBalancer matched source datanode 2ce4f8d3-9c17-4821-b750-7993328e43a1 with target datanode b30be59b-37ac-4959-a018-786f54da51dd for container move.
2023-09-08 11:18:58,566 [main] INFO  balancer.ContainerBalancerTask (ContainerBalancerTask.java:processMoveSelection(569)) - ContainerBalancer is trying to move container #85 with size 5368709120B from source datanode 2ce4f8d3-9c17-4821-b750-7993328e43a1 to target datanode b30be59b-37ac-4959-a018-786f54da51dd
2023-09-08 11:18:58,566 [main] DEBUG balancer.ContainerBalancerTask (ContainerBalancerTask.java:lambda$moveContainer$3(837)) - Container move completed for container #85 from source 2ce4f8d3-9c17-4821-b750-7993328e43a1 to target b30be59b-37ac-4959-a018-786f54da51dd
2023-09-08 11:18:58,567 [main] DEBUG balancer.ContainerBalancerTask (ContainerBalancerTask.java:adaptOnReachingIterationLimits(782)) - Reached max datanodes to involve limit. 2 datanodes have already been selected for balancing and the limit is 2. Only already selected sources and targets can be involved in balancing now.
2023-09-08 11:18:58,569 [main] DEBUG balancer.ContainerBalancerTask (ContainerBalancerTask.java:matchSourceWithTarget(708)) - ContainerBalancer is finding suitable target for source datanode 2ce4f8d3-9c17-4821-b750-7993328e43a1
2023-09-08 11:18:58,569 [main] INFO  balancer.ContainerBalancerTask (ContainerBalancerTask.java:matchSourceWithTarget(722)) - ContainerBalancer matched source datanode 2ce4f8d3-9c17-4821-b750-7993328e43a1 with target datanode b30be59b-37ac-4959-a018-786f54da51dd for container move.
2023-09-08 11:18:58,570 [main] INFO  balancer.ContainerBalancerTask (ContainerBalancerTask.java:processMoveSelection(569)) - ContainerBalancer is trying to move container #40 with size 5368709120B from source datanode 2ce4f8d3-9c17-4821-b750-7993328e43a1 to target datanode b30be59b-37ac-4959-a018-786f54da51dd
2023-09-08 11:18:58,570 [main] DEBUG balancer.ContainerBalancerTask (ContainerBalancerTask.java:lambda$moveContainer$3(837)) - Container move completed for container #40 from source 2ce4f8d3-9c17-4821-b750-7993328e43a1 to target b30be59b-37ac-4959-a018-786f54da51dd
2023-09-08 11:18:58,572 [main] DEBUG balancer.ContainerBalancerTask (ContainerBalancerTask.java:matchSourceWithTarget(708)) - ContainerBalancer is finding suitable target for source datanode 2ce4f8d3-9c17-4821-b750-7993328e43a1
2023-09-08 11:18:58,573 [main] INFO  balancer.ContainerBalancerTask (ContainerBalancerTask.java:matchSourceWithTarget(722)) - ContainerBalancer matched source datanode 2ce4f8d3-9c17-4821-b750-7993328e43a1 with target datanode b30be59b-37ac-4959-a018-786f54da51dd for container move.
2023-09-08 11:18:58,573 [main] INFO  balancer.ContainerBalancerTask (ContainerBalancerTask.java:processMoveSelection(569)) - ContainerBalancer is trying to move container #89 with size 4294967296B from source datanode 2ce4f8d3-9c17-4821-b750-7993328e43a1 to target datanode b30be59b-37ac-4959-a018-786f54da51dd
2023-09-08 11:18:58,573 [main] DEBUG balancer.ContainerBalancerTask (ContainerBalancerTask.java:lambda$moveContainer$3(837)) - Container move completed for container #89 from source 2ce4f8d3-9c17-4821-b750-7993328e43a1 to target b30be59b-37ac-4959-a018-786f54da51dd
2023-09-08 11:18:58,576 [main] DEBUG balancer.ContainerBalancerTask (ContainerBalancerTask.java:matchSourceWithTarget(708)) - ContainerBalancer is finding suitable target for source datanode 2ce4f8d3-9c17-4821-b750-7993328e43a1
2023-09-08 11:18:58,576 [main] INFO  balancer.ContainerBalancerTask (ContainerBalancerTask.java:matchSourceWithTarget(722)) - ContainerBalancer matched source datanode 2ce4f8d3-9c17-4821-b750-7993328e43a1 with target datanode b30be59b-37ac-4959-a018-786f54da51dd for container move.
2023-09-08 11:18:58,576 [main] INFO  balancer.ContainerBalancerTask (ContainerBalancerTask.java:processMoveSelection(569)) - ContainerBalancer is trying to move container #86 with size 1073741824B from source datanode 2ce4f8d3-9c17-4821-b750-7993328e43a1 to target datanode b30be59b-37ac-4959-a018-786f54da51dd
2023-09-08 11:18:58,577 [main] DEBUG balancer.ContainerBalancerTask (ContainerBalancerTask.java:lambda$moveContainer$3(837)) - Container move completed for container #86 from source 2ce4f8d3-9c17-4821-b750-7993328e43a1 to target b30be59b-37ac-4959-a018-786f54da51dd
2023-09-08 11:18:58,579 [main] DEBUG balancer.ContainerBalancerTask (ContainerBalancerTask.java:matchSourceWithTarget(708)) - ContainerBalancer is finding suitable target for source datanode 2ce4f8d3-9c17-4821-b750-7993328e43a1
2023-09-08 11:18:58,580 [main] INFO  balancer.FindTargetGreedyByUsageInfo (AbstractFindTargetGreedy.java:findTargetForContainerMove(133)) - Container Balancer could not find a target for source datanode 2ce4f8d3-9c17-4821-b750-7993328e43a1
2023-09-08 11:18:58,580 [main] DEBUG balancer.ContainerBalancerTask (ContainerBalancerTask.java:matchSourceWithTarget(717)) - ContainerBalancer could not find a suitable target for source node 2ce4f8d3-9c17-4821-b750-7993328e43a1.
2023-09-08 11:18:58,580 [main] INFO  balancer.FindSourceGreedy (FindSourceGreedy.java:getNextCandidateSourceDataNode(126)) - no more candidate source data node
2023-09-08 11:18:58,580 [main] INFO  balancer.ContainerBalancerTask (ContainerBalancerTask.java:checkIterationMoveResults(642)) - Iteration Summary. Number of Datanodes involved: 2. Size moved: 15 GB (16106127360 Bytes). Number of Container moves completed: 4.
2023-09-08 11:18:58,581 [main] INFO  balancer.ContainerBalancerTask (ContainerBalancerTask.java:balance(259)) - Result of this iteration of Container Balancer: ITERATION_COMPLETED
2023-09-08 11:18:58,582 [main] DEBUG balancer.ContainerBalancerTask (ContainerBalancerTask.java:initializeIteration(374)) - Average utilization of the cluster is 0.33496859447928706
2023-09-08 11:18:58,582 [main] DEBUG balancer.ContainerBalancerTask (ContainerBalancerTask.java:initializeIteration(386)) - Lower limit for utilization is 0.23496859447928706 and Upper limit for utilization is 0.43496859447928704
2023-09-08 11:18:58,582 [main] DEBUG balancer.ContainerBalancerTask (ContainerBalancerTask.java:initializeIteration(398)) - Utilization for node 2ce4f8d3-9c17-4821-b750-7993328e43a1 with capacity 63231462968B, used 56908316672B, and remaining 6323146296B is 0.9000000000126519
2023-09-08 11:18:58,583 [main] DEBUG balancer.ContainerBalancerTask (ContainerBalancerTask.java:initializeIteration(398)) - Utilization for node 5a499a8a-a822-43b1-b44d-98c1b00e2157 with capacity 61740154880B, used 49392123904B, and remaining 12348030976B is 0.8
2023-09-08 11:18:58,583 [main] DEBUG balancer.ContainerBalancerTask (ContainerBalancerTask.java:initializeIteration(398)) - Utilization for node ca3c4f2f-97b1-4b2e-b7dc-977c585f1d5d with capacity 47551423634B, used 33285996544B, and remaining 14265427090B is 0.7000000000042059
2023-09-08 11:18:58,583 [main] DEBUG balancer.ContainerBalancerTask (ContainerBalancerTask.java:initializeIteration(398)) - Utilization for node aaee780d-f3af-4aee-a54f-3aebea119d41 with capacity 96636764160B, used 57982058496B, and remaining 38654705664B is 0.6
2023-09-08 11:18:58,583 [main] DEBUG balancer.ContainerBalancerTask (ContainerBalancerTask.java:initializeIteration(398)) - Utilization for node 110aa1e1-b881-46da-b9ee-ec05ee972538 with capacity 94489280512B, used 47244640256B, and remaining 47244640256B is 0.5
2023-09-08 11:18:58,583 [main] DEBUG balancer.ContainerBalancerTask (ContainerBalancerTask.java:initializeIteration(398)) - Utilization for node 9141596e-5b5a-4269-99e6-ea10aada5667 with capacity 99321118720B, used 39728447488B, and remaining 59592671232B is 0.4
2023-09-08 11:18:58,583 [main] DEBUG balancer.ContainerBalancerTask (ContainerBalancerTask.java:initializeIteration(398)) - Utilization for node 06753507-9ed2-4854-9acb-3674ea6125d9 with capacity 164640413013B, used 49392123904B, and remaining 115248289109B is 0.3000000000006074
2023-09-08 11:18:58,583 [main] DEBUG balancer.ContainerBalancerTask (ContainerBalancerTask.java:initializeIteration(398)) - Utilization for node 077206ff-15e7-48b4-bcd2-62ff01f22259 with capacity 150323855360B, used 30064771072B, and remaining 120259084288B is 0.2
2023-09-08 11:18:58,583 [main] DEBUG balancer.ContainerBalancerTask (ContainerBalancerTask.java:initializeIteration(398)) - Utilization for node 1dc09f1b-a9b9-4cec-a3e4-672769aada6a with capacity 386547056640B, used 38654705664B, and remaining 347892350976B is 0.1
2023-09-08 11:18:58,583 [main] DEBUG balancer.ContainerBalancerTask (ContainerBalancerTask.java:initializeIteration(398)) - Utilization for node b30be59b-37ac-4959-a018-786f54da51dd with capacity 37580963840B, used 0B, and remaining 37580963840B is 0.0
2023-09-08 11:18:58,583 [main] INFO  balancer.ContainerBalancerTask (ContainerBalancerTask.java:initializeIteration(447)) - Container Balancer has identified 5 Over-Utilized and 3 Under-Utilized Datanodes that need to be balanced.
2023-09-08 11:18:58,584 [main] DEBUG balancer.ContainerBalancerTask (ContainerBalancerTask.java:lambda$initializeIteration$1(453)) - Datanode localhost-242.52.111.62 2ce4f8d3-9c17-4821-b750-7993328e43a1 is Over-Utilized.
2023-09-08 11:18:58,584 [main] DEBUG balancer.ContainerBalancerTask (ContainerBalancerTask.java:lambda$initializeIteration$1(453)) - Datanode localhost-84.67.181.178 5a499a8a-a822-43b1-b44d-98c1b00e2157 is Over-Utilized.
2023-09-08 11:18:58,584 [main] DEBUG balancer.ContainerBalancerTask (ContainerBalancerTask.java:lambda$initializeIteration$1(453)) - Datanode localhost-83.239.131.192 ca3c4f2f-97b1-4b2e-b7dc-977c585f1d5d is Over-Utilized.
2023-09-08 11:18:58,584 [main] DEBUG balancer.ContainerBalancerTask (ContainerBalancerTask.java:lambda$initializeIteration$1(453)) - Datanode localhost-18.158.190.252 aaee780d-f3af-4aee-a54f-3aebea119d41 is Over-Utilized.
2023-09-08 11:18:58,584 [main] DEBUG balancer.ContainerBalancerTask (ContainerBalancerTask.java:lambda$initializeIteration$1(453)) - Datanode localhost-208.14.17.7 110aa1e1-b881-46da-b9ee-ec05ee972538 is Over-Utilized.
2023-09-08 11:18:58,584 [main] DEBUG balancer.ContainerBalancerTask (ContainerBalancerTask.java:lambda$initializeIteration$2(459)) - Datanode localhost-206.240.233.253 b30be59b-37ac-4959-a018-786f54da51dd is Under-Utilized.
2023-09-08 11:18:58,584 [main] DEBUG balancer.ContainerBalancerTask (ContainerBalancerTask.java:lambda$initializeIteration$2(459)) - Datanode localhost-237.93.91.69 1dc09f1b-a9b9-4cec-a3e4-672769aada6a is Under-Utilized.
2023-09-08 11:18:58,584 [main] DEBUG balancer.ContainerBalancerTask (ContainerBalancerTask.java:lambda$initializeIteration$2(459)) - Datanode localhost-102.68.137.191 077206ff-15e7-48b4-bcd2-62ff01f22259 is Under-Utilized.
2023-09-08 11:18:58,587 [main] DEBUG balancer.ContainerBalancerTask (ContainerBalancerTask.java:matchSourceWithTarget(708)) - ContainerBalancer is finding suitable target for source datanode 2ce4f8d3-9c17-4821-b750-7993328e43a1
2023-09-08 11:18:58,587 [main] INFO  balancer.ContainerBalancerTask (ContainerBalancerTask.java:matchSourceWithTarget(722)) - ContainerBalancer matched source datanode 2ce4f8d3-9c17-4821-b750-7993328e43a1 with target datanode b30be59b-37ac-4959-a018-786f54da51dd for container move.
2023-09-08 11:18:58,587 [main] INFO  balancer.ContainerBalancerTask (ContainerBalancerTask.java:processMoveSelection(569)) - ContainerBalancer is trying to move container #85 with size 5368709120B from source datanode 2ce4f8d3-9c17-4821-b750-7993328e43a1 to target datanode b30be59b-37ac-4959-a018-786f54da51dd
2023-09-08 11:18:58,587 [main] DEBUG balancer.ContainerBalancerTask (ContainerBalancerTask.java:lambda$moveContainer$3(837)) - Container move completed for container #85 from source 2ce4f8d3-9c17-4821-b750-7993328e43a1 to target b30be59b-37ac-4959-a018-786f54da51dd
2023-09-08 11:18:58,587 [main] DEBUG balancer.ContainerBalancerTask (ContainerBalancerTask.java:adaptOnReachingIterationLimits(782)) - Reached max datanodes to involve limit. 2 datanodes have already been selected for balancing and the limit is 2. Only already selected sources and targets can be involved in balancing now.
2023-09-08 11:18:58,590 [main] DEBUG balancer.ContainerBalancerTask (ContainerBalancerTask.java:matchSourceWithTarget(708)) - ContainerBalancer is finding suitable target for source datanode 2ce4f8d3-9c17-4821-b750-7993328e43a1
2023-09-08 11:18:58,590 [main] INFO  balancer.ContainerBalancerTask (ContainerBalancerTask.java:matchSourceWithTarget(722)) - ContainerBalancer matched source datanode 2ce4f8d3-9c17-4821-b750-7993328e43a1 with target datanode b30be59b-37ac-4959-a018-786f54da51dd for container move.
2023-09-08 11:18:58,590 [main] INFO  balancer.ContainerBalancerTask (ContainerBalancerTask.java:processMoveSelection(569)) - ContainerBalancer is trying to move container #40 with size 5368709120B from source datanode 2ce4f8d3-9c17-4821-b750-7993328e43a1 to target datanode b30be59b-37ac-4959-a018-786f54da51dd
2023-09-08 11:18:58,591 [main] DEBUG balancer.ContainerBalancerTask (ContainerBalancerTask.java:lambda$moveContainer$3(837)) - Container move completed for container #40 from source 2ce4f8d3-9c17-4821-b750-7993328e43a1 to target b30be59b-37ac-4959-a018-786f54da51dd
2023-09-08 11:18:58,593 [main] DEBUG balancer.ContainerBalancerTask (ContainerBalancerTask.java:matchSourceWithTarget(708)) - ContainerBalancer is finding suitable target for source datanode 2ce4f8d3-9c17-4821-b750-7993328e43a1
2023-09-08 11:18:58,593 [main] INFO  balancer.ContainerBalancerTask (ContainerBalancerTask.java:matchSourceWithTarget(722)) - ContainerBalancer matched source datanode 2ce4f8d3-9c17-4821-b750-7993328e43a1 with target datanode b30be59b-37ac-4959-a018-786f54da51dd for container move.
2023-09-08 11:18:58,594 [main] INFO  balancer.ContainerBalancerTask (ContainerBalancerTask.java:processMoveSelection(569)) - ContainerBalancer is trying to move container #89 with size 4294967296B from source datanode 2ce4f8d3-9c17-4821-b750-7993328e43a1 to target datanode b30be59b-37ac-4959-a018-786f54da51dd
2023-09-08 11:18:58,594 [main] DEBUG balancer.ContainerBalancerTask (ContainerBalancerTask.java:lambda$moveContainer$3(837)) - Container move completed for container #89 from source 2ce4f8d3-9c17-4821-b750-7993328e43a1 to target b30be59b-37ac-4959-a018-786f54da51dd
2023-09-08 11:18:58,596 [main] DEBUG balancer.ContainerBalancerTask (ContainerBalancerTask.java:matchSourceWithTarget(708)) - ContainerBalancer is finding suitable target for source datanode 2ce4f8d3-9c17-4821-b750-7993328e43a1
2023-09-08 11:18:58,597 [main] INFO  balancer.ContainerBalancerTask (ContainerBalancerTask.java:matchSourceWithTarget(722)) - ContainerBalancer matched source datanode 2ce4f8d3-9c17-4821-b750-7993328e43a1 with target datanode b30be59b-37ac-4959-a018-786f54da51dd for container move.
2023-09-08 11:18:58,597 [main] INFO  balancer.ContainerBalancerTask (ContainerBalancerTask.java:processMoveSelection(569)) - ContainerBalancer is trying to move container #86 with size 1073741824B from source datanode 2ce4f8d3-9c17-4821-b750-7993328e43a1 to target datanode b30be59b-37ac-4959-a018-786f54da51dd
2023-09-08 11:18:58,597 [main] DEBUG balancer.ContainerBalancerTask (ContainerBalancerTask.java:lambda$moveContainer$3(837)) - Container move completed for container #86 from source 2ce4f8d3-9c17-4821-b750-7993328e43a1 to target b30be59b-37ac-4959-a018-786f54da51dd
2023-09-08 11:18:58,600 [main] DEBUG balancer.ContainerBalancerTask (ContainerBalancerTask.java:matchSourceWithTarget(708)) - ContainerBalancer is finding suitable target for source datanode 2ce4f8d3-9c17-4821-b750-7993328e43a1
2023-09-08 11:18:58,601 [main] INFO  balancer.FindTargetGreedyByUsageInfo (AbstractFindTargetGreedy.java:findTargetForContainerMove(133)) - Container Balancer could not find a target for source datanode 2ce4f8d3-9c17-4821-b750-7993328e43a1
2023-09-08 11:18:58,601 [main] DEBUG balancer.ContainerBalancerTask (ContainerBalancerTask.java:matchSourceWithTarget(717)) - ContainerBalancer could not find a suitable target for source node 2ce4f8d3-9c17-4821-b750-7993328e43a1.
2023-09-08 11:18:58,601 [main] INFO  balancer.FindSourceGreedy (FindSourceGreedy.java:getNextCandidateSourceDataNode(126)) - no more candidate source data node
2023-09-08 11:18:58,601 [main] INFO  balancer.ContainerBalancerTask (ContainerBalancerTask.java:checkIterationMoveResults(642)) - Iteration Summary. Number of Datanodes involved: 2. Size moved: 15 GB (16106127360 Bytes). Number of Container moves completed: 4.
2023-09-08 11:18:58,602 [main] INFO  balancer.ContainerBalancerTask (ContainerBalancerTask.java:balance(259)) - Result of this iteration of Container Balancer: ITERATION_COMPLETED
2023-09-08 11:18:58,606 [main] DEBUG balancer.ContainerBalancerTask (ContainerBalancerTask.java:initializeIteration(374)) - Average utilization of the cluster is 0.33496859447928706
2023-09-08 11:18:58,606 [main] DEBUG balancer.ContainerBalancerTask (ContainerBalancerTask.java:initializeIteration(386)) - Lower limit for utilization is 0.23496859447928706 and Upper limit for utilization is 0.43496859447928704
2023-09-08 11:18:58,606 [main] DEBUG balancer.ContainerBalancerTask (ContainerBalancerTask.java:initializeIteration(398)) - Utilization for node 2ce4f8d3-9c17-4821-b750-7993328e43a1 with capacity 63231462968B, used 56908316672B, and remaining 6323146296B is 0.9000000000126519
2023-09-08 11:18:58,606 [main] DEBUG balancer.ContainerBalancerTask (ContainerBalancerTask.java:initializeIteration(398)) - Utilization for node 5a499a8a-a822-43b1-b44d-98c1b00e2157 with capacity 61740154880B, used 49392123904B, and remaining 12348030976B is 0.8
2023-09-08 11:18:58,606 [main] DEBUG balancer.ContainerBalancerTask (ContainerBalancerTask.java:initializeIteration(398)) - Utilization for node ca3c4f2f-97b1-4b2e-b7dc-977c585f1d5d with capacity 47551423634B, used 33285996544B, and remaining 14265427090B is 0.7000000000042059
2023-09-08 11:18:58,606 [main] DEBUG balancer.ContainerBalancerTask (ContainerBalancerTask.java:initializeIteration(398)) - Utilization for node aaee780d-f3af-4aee-a54f-3aebea119d41 with capacity 96636764160B, used 57982058496B, and remaining 38654705664B is 0.6
2023-09-08 11:18:58,606 [main] DEBUG balancer.ContainerBalancerTask (ContainerBalancerTask.java:initializeIteration(398)) - Utilization for node 110aa1e1-b881-46da-b9ee-ec05ee972538 with capacity 94489280512B, used 47244640256B, and remaining 47244640256B is 0.5
2023-09-08 11:18:58,606 [main] DEBUG balancer.ContainerBalancerTask (ContainerBalancerTask.java:initializeIteration(398)) - Utilization for node 9141596e-5b5a-4269-99e6-ea10aada5667 with capacity 99321118720B, used 39728447488B, and remaining 59592671232B is 0.4
2023-09-08 11:18:58,606 [main] DEBUG balancer.ContainerBalancerTask (ContainerBalancerTask.java:initializeIteration(398)) - Utilization for node 06753507-9ed2-4854-9acb-3674ea6125d9 with capacity 164640413013B, used 49392123904B, and remaining 115248289109B is 0.3000000000006074
2023-09-08 11:18:58,606 [main] DEBUG balancer.ContainerBalancerTask (ContainerBalancerTask.java:initializeIteration(398)) - Utilization for node 077206ff-15e7-48b4-bcd2-62ff01f22259 with capacity 150323855360B, used 30064771072B, and remaining 120259084288B is 0.2
2023-09-08 11:18:58,607 [main] DEBUG balancer.ContainerBalancerTask (ContainerBalancerTask.java:initializeIteration(398)) - Utilization for node 1dc09f1b-a9b9-4cec-a3e4-672769aada6a with capacity 386547056640B, used 38654705664B, and remaining 347892350976B is 0.1
2023-09-08 11:18:58,607 [main] DEBUG balancer.ContainerBalancerTask (ContainerBalancerTask.java:initializeIteration(398)) - Utilization for node b30be59b-37ac-4959-a018-786f54da51dd with capacity 37580963840B, used 0B, and remaining 37580963840B is 0.0
2023-09-08 11:18:58,607 [main] INFO  balancer.ContainerBalancerTask (ContainerBalancerTask.java:initializeIteration(447)) - Container Balancer has identified 5 Over-Utilized and 3 Under-Utilized Datanodes that need to be balanced.
2023-09-08 11:18:58,607 [main] DEBUG balancer.ContainerBalancerTask (ContainerBalancerTask.java:lambda$initializeIteration$1(453)) - Datanode localhost-242.52.111.62 2ce4f8d3-9c17-4821-b750-7993328e43a1 is Over-Utilized.
2023-09-08 11:18:58,607 [main] DEBUG balancer.ContainerBalancerTask (ContainerBalancerTask.java:lambda$initializeIteration$1(453)) - Datanode localhost-84.67.181.178 5a499a8a-a822-43b1-b44d-98c1b00e2157 is Over-Utilized.
2023-09-08 11:18:58,607 [main] DEBUG balancer.ContainerBalancerTask (ContainerBalancerTask.java:lambda$initializeIteration$1(453)) - Datanode localhost-83.239.131.192 ca3c4f2f-97b1-4b2e-b7dc-977c585f1d5d is Over-Utilized.
2023-09-08 11:18:58,607 [main] DEBUG balancer.ContainerBalancerTask (ContainerBalancerTask.java:lambda$initializeIteration$1(453)) - Datanode localhost-18.158.190.252 aaee780d-f3af-4aee-a54f-3aebea119d41 is Over-Utilized.
2023-09-08 11:18:58,607 [main] DEBUG balancer.ContainerBalancerTask (ContainerBalancerTask.java:lambda$initializeIteration$1(453)) - Datanode localhost-208.14.17.7 110aa1e1-b881-46da-b9ee-ec05ee972538 is Over-Utilized.
2023-09-08 11:18:58,607 [main] DEBUG balancer.ContainerBalancerTask (ContainerBalancerTask.java:lambda$initializeIteration$2(459)) - Datanode localhost-206.240.233.253 b30be59b-37ac-4959-a018-786f54da51dd is Under-Utilized.
2023-09-08 11:18:58,607 [main] DEBUG balancer.ContainerBalancerTask (ContainerBalancerTask.java:lambda$initializeIteration$2(459)) - Datanode localhost-237.93.91.69 1dc09f1b-a9b9-4cec-a3e4-672769aada6a is Under-Utilized.
2023-09-08 11:18:58,607 [main] DEBUG balancer.ContainerBalancerTask (ContainerBalancerTask.java:lambda$initializeIteration$2(459)) - Datanode localhost-102.68.137.191 077206ff-15e7-48b4-bcd2-62ff01f22259 is Under-Utilized.
2023-09-08 11:18:58,610 [main] DEBUG balancer.ContainerBalancerTask (ContainerBalancerTask.java:matchSourceWithTarget(708)) - ContainerBalancer is finding suitable target for source datanode 2ce4f8d3-9c17-4821-b750-7993328e43a1
2023-09-08 11:18:58,610 [main] INFO  balancer.ContainerBalancerTask (ContainerBalancerTask.java:matchSourceWithTarget(722)) - ContainerBalancer matched source datanode 2ce4f8d3-9c17-4821-b750-7993328e43a1 with target datanode b30be59b-37ac-4959-a018-786f54da51dd for container move.
2023-09-08 11:18:58,610 [main] INFO  balancer.ContainerBalancerTask (ContainerBalancerTask.java:processMoveSelection(569)) - ContainerBalancer is trying to move container #85 with size 5368709120B from source datanode 2ce4f8d3-9c17-4821-b750-7993328e43a1 to target datanode b30be59b-37ac-4959-a018-786f54da51dd
2023-09-08 11:18:58,611 [main] DEBUG balancer.ContainerBalancerTask (ContainerBalancerTask.java:lambda$moveContainer$3(837)) - Container move completed for container #85 from source 2ce4f8d3-9c17-4821-b750-7993328e43a1 to target b30be59b-37ac-4959-a018-786f54da51dd
2023-09-08 11:18:58,611 [main] DEBUG balancer.ContainerBalancerTask (ContainerBalancerTask.java:adaptOnReachingIterationLimits(782)) - Reached max datanodes to involve limit. 2 datanodes have already been selected for balancing and the limit is 2. Only already selected sources and targets can be involved in balancing now.
2023-09-08 11:18:58,614 [main] DEBUG balancer.ContainerBalancerTask (ContainerBalancerTask.java:matchSourceWithTarget(708)) - ContainerBalancer is finding suitable target for source datanode 2ce4f8d3-9c17-4821-b750-7993328e43a1
2023-09-08 11:18:58,614 [main] INFO  balancer.ContainerBalancerTask (ContainerBalancerTask.java:matchSourceWithTarget(722)) - ContainerBalancer matched source datanode 2ce4f8d3-9c17-4821-b750-7993328e43a1 with target datanode b30be59b-37ac-4959-a018-786f54da51dd for container move.
2023-09-08 11:18:58,614 [main] INFO  balancer.ContainerBalancerTask (ContainerBalancerTask.java:processMoveSelection(569)) - ContainerBalancer is trying to move container #40 with size 5368709120B from source datanode 2ce4f8d3-9c17-4821-b750-7993328e43a1 to target datanode b30be59b-37ac-4959-a018-786f54da51dd
2023-09-08 11:18:58,614 [main] DEBUG balancer.ContainerBalancerTask (ContainerBalancerTask.java:lambda$moveContainer$3(837)) - Container move completed for container #40 from source 2ce4f8d3-9c17-4821-b750-7993328e43a1 to target b30be59b-37ac-4959-a018-786f54da51dd
2023-09-08 11:18:58,617 [main] DEBUG balancer.ContainerBalancerTask (ContainerBalancerTask.java:matchSourceWithTarget(708)) - ContainerBalancer is finding suitable target for source datanode 2ce4f8d3-9c17-4821-b750-7993328e43a1
2023-09-08 11:18:58,617 [main] INFO  balancer.ContainerBalancerTask (ContainerBalancerTask.java:matchSourceWithTarget(722)) - ContainerBalancer matched source datanode 2ce4f8d3-9c17-4821-b750-7993328e43a1 with target datanode b30be59b-37ac-4959-a018-786f54da51dd for container move.
2023-09-08 11:18:58,619 [main] INFO  balancer.ContainerBalancerTask (ContainerBalancerTask.java:processMoveSelection(569)) - ContainerBalancer is trying to move container #89 with size 4294967296B from source datanode 2ce4f8d3-9c17-4821-b750-7993328e43a1 to target datanode b30be59b-37ac-4959-a018-786f54da51dd
2023-09-08 11:18:58,619 [main] DEBUG balancer.ContainerBalancerTask (ContainerBalancerTask.java:lambda$moveContainer$3(837)) - Container move completed for container #89 from source 2ce4f8d3-9c17-4821-b750-7993328e43a1 to target b30be59b-37ac-4959-a018-786f54da51dd
2023-09-08 11:18:58,622 [main] DEBUG balancer.ContainerBalancerTask (ContainerBalancerTask.java:matchSourceWithTarget(708)) - ContainerBalancer is finding suitable target for source datanode 2ce4f8d3-9c17-4821-b750-7993328e43a1
2023-09-08 11:18:58,623 [main] INFO  balancer.ContainerBalancerTask (ContainerBalancerTask.java:matchSourceWithTarget(722)) - ContainerBalancer matched source datanode 2ce4f8d3-9c17-4821-b750-7993328e43a1 with target datanode b30be59b-37ac-4959-a018-786f54da51dd for container move.
2023-09-08 11:18:58,623 [main] INFO  balancer.ContainerBalancerTask (ContainerBalancerTask.java:processMoveSelection(569)) - ContainerBalancer is trying to move container #86 with size 1073741824B from source datanode 2ce4f8d3-9c17-4821-b750-7993328e43a1 to target datanode b30be59b-37ac-4959-a018-786f54da51dd
2023-09-08 11:18:58,623 [main] DEBUG balancer.ContainerBalancerTask (ContainerBalancerTask.java:lambda$moveContainer$3(837)) - Container move completed for container #86 from source 2ce4f8d3-9c17-4821-b750-7993328e43a1 to target b30be59b-37ac-4959-a018-786f54da51dd
2023-09-08 11:18:58,626 [main] DEBUG balancer.ContainerBalancerTask (ContainerBalancerTask.java:matchSourceWithTarget(708)) - ContainerBalancer is finding suitable target for source datanode 2ce4f8d3-9c17-4821-b750-7993328e43a1
2023-09-08 11:18:58,626 [main] INFO  balancer.FindTargetGreedyByUsageInfo (AbstractFindTargetGreedy.java:findTargetForContainerMove(133)) - Container Balancer could not find a target for source datanode 2ce4f8d3-9c17-4821-b750-7993328e43a1
2023-09-08 11:18:58,627 [main] DEBUG balancer.ContainerBalancerTask (ContainerBalancerTask.java:matchSourceWithTarget(717)) - ContainerBalancer could not find a suitable target for source node 2ce4f8d3-9c17-4821-b750-7993328e43a1.
2023-09-08 11:18:58,627 [main] INFO  balancer.FindSourceGreedy (FindSourceGreedy.java:getNextCandidateSourceDataNode(126)) - no more candidate source data node
2023-09-08 11:18:58,627 [main] INFO  balancer.ContainerBalancerTask (ContainerBalancerTask.java:checkIterationMoveResults(642)) - Iteration Summary. Number of Datanodes involved: 2. Size moved: 15 GB (16106127360 Bytes). Number of Container moves completed: 4.
2023-09-08 11:18:58,627 [main] INFO  balancer.ContainerBalancerTask (ContainerBalancerTask.java:balance(259)) - Result of this iteration of Container Balancer: ITERATION_COMPLETED
2023-09-08 11:18:58,629 [main] DEBUG balancer.ContainerBalancerTask (ContainerBalancerTask.java:initializeIteration(374)) - Average utilization of the cluster is 0.33496859447928706
2023-09-08 11:18:58,629 [main] DEBUG balancer.ContainerBalancerTask (ContainerBalancerTask.java:initializeIteration(386)) - Lower limit for utilization is 0.23496859447928706 and Upper limit for utilization is 0.43496859447928704
2023-09-08 11:18:58,630 [main] DEBUG balancer.ContainerBalancerTask (ContainerBalancerTask.java:initializeIteration(398)) - Utilization for node 2ce4f8d3-9c17-4821-b750-7993328e43a1 with capacity 63231462968B, used 56908316672B, and remaining 6323146296B is 0.9000000000126519
2023-09-08 11:18:58,630 [main] DEBUG balancer.ContainerBalancerTask (ContainerBalancerTask.java:initializeIteration(398)) - Utilization for node 5a499a8a-a822-43b1-b44d-98c1b00e2157 with capacity 61740154880B, used 49392123904B, and remaining 12348030976B is 0.8
2023-09-08 11:18:58,630 [main] DEBUG balancer.ContainerBalancerTask (ContainerBalancerTask.java:initializeIteration(398)) - Utilization for node ca3c4f2f-97b1-4b2e-b7dc-977c585f1d5d with capacity 47551423634B, used 33285996544B, and remaining 14265427090B is 0.7000000000042059
2023-09-08 11:18:58,630 [main] DEBUG balancer.ContainerBalancerTask (ContainerBalancerTask.java:initializeIteration(398)) - Utilization for node aaee780d-f3af-4aee-a54f-3aebea119d41 with capacity 96636764160B, used 57982058496B, and remaining 38654705664B is 0.6
2023-09-08 11:18:58,630 [main] DEBUG balancer.ContainerBalancerTask (ContainerBalancerTask.java:initializeIteration(398)) - Utilization for node 110aa1e1-b881-46da-b9ee-ec05ee972538 with capacity 94489280512B, used 47244640256B, and remaining 47244640256B is 0.5
2023-09-08 11:18:58,630 [main] DEBUG balancer.ContainerBalancerTask (ContainerBalancerTask.java:initializeIteration(398)) - Utilization for node 9141596e-5b5a-4269-99e6-ea10aada5667 with capacity 99321118720B, used 39728447488B, and remaining 59592671232B is 0.4
2023-09-08 11:18:58,630 [main] DEBUG balancer.ContainerBalancerTask (ContainerBalancerTask.java:initializeIteration(398)) - Utilization for node 06753507-9ed2-4854-9acb-3674ea6125d9 with capacity 164640413013B, used 49392123904B, and remaining 115248289109B is 0.3000000000006074
2023-09-08 11:18:58,630 [main] DEBUG balancer.ContainerBalancerTask (ContainerBalancerTask.java:initializeIteration(398)) - Utilization for node 077206ff-15e7-48b4-bcd2-62ff01f22259 with capacity 150323855360B, used 30064771072B, and remaining 120259084288B is 0.2
2023-09-08 11:18:58,630 [main] DEBUG balancer.ContainerBalancerTask (ContainerBalancerTask.java:initializeIteration(398)) - Utilization for node 1dc09f1b-a9b9-4cec-a3e4-672769aada6a with capacity 386547056640B, used 38654705664B, and remaining 347892350976B is 0.1
2023-09-08 11:18:58,631 [main] DEBUG balancer.ContainerBalancerTask (ContainerBalancerTask.java:initializeIteration(398)) - Utilization for node b30be59b-37ac-4959-a018-786f54da51dd with capacity 37580963840B, used 0B, and remaining 37580963840B is 0.0
2023-09-08 11:18:58,631 [main] INFO  balancer.ContainerBalancerTask (ContainerBalancerTask.java:initializeIteration(447)) - Container Balancer has identified 5 Over-Utilized and 3 Under-Utilized Datanodes that need to be balanced.
2023-09-08 11:18:58,631 [main] DEBUG balancer.ContainerBalancerTask (ContainerBalancerTask.java:lambda$initializeIteration$1(453)) - Datanode localhost-242.52.111.62 2ce4f8d3-9c17-4821-b750-7993328e43a1 is Over-Utilized.
2023-09-08 11:18:58,631 [main] DEBUG balancer.ContainerBalancerTask (ContainerBalancerTask.java:lambda$initializeIteration$1(453)) - Datanode localhost-84.67.181.178 5a499a8a-a822-43b1-b44d-98c1b00e2157 is Over-Utilized.
2023-09-08 11:18:58,631 [main] DEBUG balancer.ContainerBalancerTask (ContainerBalancerTask.java:lambda$initializeIteration$1(453)) - Datanode localhost-83.239.131.192 ca3c4f2f-97b1-4b2e-b7dc-977c585f1d5d is Over-Utilized.
2023-09-08 11:18:58,632 [main] DEBUG balancer.ContainerBalancerTask (ContainerBalancerTask.java:lambda$initializeIteration$1(453)) - Datanode localhost-18.158.190.252 aaee780d-f3af-4aee-a54f-3aebea119d41 is Over-Utilized.
2023-09-08 11:18:58,632 [main] DEBUG balancer.ContainerBalancerTask (ContainerBalancerTask.java:lambda$initializeIteration$1(453)) - Datanode localhost-208.14.17.7 110aa1e1-b881-46da-b9ee-ec05ee972538 is Over-Utilized.
2023-09-08 11:18:58,632 [main] DEBUG balancer.ContainerBalancerTask (ContainerBalancerTask.java:lambda$initializeIteration$2(459)) - Datanode localhost-206.240.233.253 b30be59b-37ac-4959-a018-786f54da51dd is Under-Utilized.
2023-09-08 11:18:58,632 [main] DEBUG balancer.ContainerBalancerTask (ContainerBalancerTask.java:lambda$initializeIteration$2(459)) - Datanode localhost-237.93.91.69 1dc09f1b-a9b9-4cec-a3e4-672769aada6a is Under-Utilized.
2023-09-08 11:18:58,632 [main] DEBUG balancer.ContainerBalancerTask (ContainerBalancerTask.java:lambda$initializeIteration$2(459)) - Datanode localhost-102.68.137.191 077206ff-15e7-48b4-bcd2-62ff01f22259 is Under-Utilized.
2023-09-08 11:18:58,635 [main] DEBUG balancer.ContainerBalancerTask (ContainerBalancerTask.java:matchSourceWithTarget(708)) - ContainerBalancer is finding suitable target for source datanode 2ce4f8d3-9c17-4821-b750-7993328e43a1
2023-09-08 11:18:58,635 [main] INFO  balancer.ContainerBalancerTask (ContainerBalancerTask.java:matchSourceWithTarget(722)) - ContainerBalancer matched source datanode 2ce4f8d3-9c17-4821-b750-7993328e43a1 with target datanode b30be59b-37ac-4959-a018-786f54da51dd for container move.
2023-09-08 11:18:58,635 [main] INFO  balancer.ContainerBalancerTask (ContainerBalancerTask.java:processMoveSelection(569)) - ContainerBalancer is trying to move container #85 with size 5368709120B from source datanode 2ce4f8d3-9c17-4821-b750-7993328e43a1 to target datanode b30be59b-37ac-4959-a018-786f54da51dd
2023-09-08 11:18:58,635 [main] DEBUG balancer.ContainerBalancerTask (ContainerBalancerTask.java:lambda$moveContainer$3(837)) - Container move completed for container #85 from source 2ce4f8d3-9c17-4821-b750-7993328e43a1 to target b30be59b-37ac-4959-a018-786f54da51dd
2023-09-08 11:18:58,635 [main] DEBUG balancer.ContainerBalancerTask (ContainerBalancerTask.java:adaptOnReachingIterationLimits(782)) - Reached max datanodes to involve limit. 2 datanodes have already been selected for balancing and the limit is 2. Only already selected sources and targets can be involved in balancing now.
2023-09-08 11:18:58,638 [main] DEBUG balancer.ContainerBalancerTask (ContainerBalancerTask.java:matchSourceWithTarget(708)) - ContainerBalancer is finding suitable target for source datanode 2ce4f8d3-9c17-4821-b750-7993328e43a1
2023-09-08 11:18:58,638 [main] INFO  balancer.ContainerBalancerTask (ContainerBalancerTask.java:matchSourceWithTarget(722)) - ContainerBalancer matched source datanode 2ce4f8d3-9c17-4821-b750-7993328e43a1 with target datanode b30be59b-37ac-4959-a018-786f54da51dd for container move.
2023-09-08 11:18:58,638 [main] INFO  balancer.ContainerBalancerTask (ContainerBalancerTask.java:processMoveSelection(569)) - ContainerBalancer is trying to move container #40 with size 5368709120B from source datanode 2ce4f8d3-9c17-4821-b750-7993328e43a1 to target datanode b30be59b-37ac-4959-a018-786f54da51dd
2023-09-08 11:18:58,638 [main] DEBUG balancer.ContainerBalancerTask (ContainerBalancerTask.java:lambda$moveContainer$3(837)) - Container move completed for container #40 from source 2ce4f8d3-9c17-4821-b750-7993328e43a1 to target b30be59b-37ac-4959-a018-786f54da51dd
2023-09-08 11:18:58,641 [main] DEBUG balancer.ContainerBalancerTask (ContainerBalancerTask.java:matchSourceWithTarget(708)) - ContainerBalancer is finding suitable target for source datanode 2ce4f8d3-9c17-4821-b750-7993328e43a1
2023-09-08 11:18:58,641 [main] INFO  balancer.ContainerBalancerTask (ContainerBalancerTask.java:matchSourceWithTarget(722)) - ContainerBalancer matched source datanode 2ce4f8d3-9c17-4821-b750-7993328e43a1 with target datanode b30be59b-37ac-4959-a018-786f54da51dd for container move.
2023-09-08 11:18:58,641 [main] INFO  balancer.ContainerBalancerTask (ContainerBalancerTask.java:processMoveSelection(569)) - ContainerBalancer is trying to move container #89 with size 4294967296B from source datanode 2ce4f8d3-9c17-4821-b750-7993328e43a1 to target datanode b30be59b-37ac-4959-a018-786f54da51dd
2023-09-08 11:18:58,642 [main] DEBUG balancer.ContainerBalancerTask (ContainerBalancerTask.java:lambda$moveContainer$3(837)) - Container move completed for container #89 from source 2ce4f8d3-9c17-4821-b750-7993328e43a1 to target b30be59b-37ac-4959-a018-786f54da51dd
2023-09-08 11:18:58,644 [main] DEBUG balancer.ContainerBalancerTask (ContainerBalancerTask.java:matchSourceWithTarget(708)) - ContainerBalancer is finding suitable target for source datanode 2ce4f8d3-9c17-4821-b750-7993328e43a1
2023-09-08 11:18:58,646 [main] INFO  balancer.ContainerBalancerTask (ContainerBalancerTask.java:matchSourceWithTarget(722)) - ContainerBalancer matched source datanode 2ce4f8d3-9c17-4821-b750-7993328e43a1 with target datanode b30be59b-37ac-4959-a018-786f54da51dd for container move.
2023-09-08 11:18:58,646 [main] INFO  balancer.ContainerBalancerTask (ContainerBalancerTask.java:processMoveSelection(569)) - ContainerBalancer is trying to move container #86 with size 1073741824B from source datanode 2ce4f8d3-9c17-4821-b750-7993328e43a1 to target datanode b30be59b-37ac-4959-a018-786f54da51dd
2023-09-08 11:18:58,647 [main] DEBUG balancer.ContainerBalancerTask (ContainerBalancerTask.java:lambda$moveContainer$3(837)) - Container move completed for container #86 from source 2ce4f8d3-9c17-4821-b750-7993328e43a1 to target b30be59b-37ac-4959-a018-786f54da51dd
2023-09-08 11:18:58,649 [main] DEBUG balancer.ContainerBalancerTask (ContainerBalancerTask.java:matchSourceWithTarget(708)) - ContainerBalancer is finding suitable target for source datanode 2ce4f8d3-9c17-4821-b750-7993328e43a1
2023-09-08 11:18:58,651 [main] INFO  balancer.FindTargetGreedyByUsageInfo (AbstractFindTargetGreedy.java:findTargetForContainerMove(133)) - Container Balancer could not find a target for source datanode 2ce4f8d3-9c17-4821-b750-7993328e43a1
2023-09-08 11:18:58,651 [main] DEBUG balancer.ContainerBalancerTask (ContainerBalancerTask.java:matchSourceWithTarget(717)) - ContainerBalancer could not find a suitable target for source node 2ce4f8d3-9c17-4821-b750-7993328e43a1.
2023-09-08 11:18:58,651 [main] INFO  balancer.FindSourceGreedy (FindSourceGreedy.java:getNextCandidateSourceDataNode(126)) - no more candidate source data node
2023-09-08 11:18:58,651 [main] INFO  balancer.ContainerBalancerTask (ContainerBalancerTask.java:checkIterationMoveResults(642)) - Iteration Summary. Number of Datanodes involved: 2. Size moved: 15 GB (16106127360 Bytes). Number of Container moves completed: 4.
2023-09-08 11:18:58,651 [main] INFO  balancer.ContainerBalancerTask (ContainerBalancerTask.java:balance(259)) - Result of this iteration of Container Balancer: ITERATION_COMPLETED
2023-09-08 11:18:58,653 [main] DEBUG balancer.ContainerBalancerTask (ContainerBalancerTask.java:initializeIteration(374)) - Average utilization of the cluster is 0.33496859447928706
2023-09-08 11:18:58,653 [main] DEBUG balancer.ContainerBalancerTask (ContainerBalancerTask.java:initializeIteration(386)) - Lower limit for utilization is 0.23496859447928706 and Upper limit for utilization is 0.43496859447928704
2023-09-08 11:18:58,653 [main] DEBUG balancer.ContainerBalancerTask (ContainerBalancerTask.java:initializeIteration(398)) - Utilization for node 2ce4f8d3-9c17-4821-b750-7993328e43a1 with capacity 63231462968B, used 56908316672B, and remaining 6323146296B is 0.9000000000126519
2023-09-08 11:18:58,653 [main] DEBUG balancer.ContainerBalancerTask (ContainerBalancerTask.java:initializeIteration(398)) - Utilization for node 5a499a8a-a822-43b1-b44d-98c1b00e2157 with capacity 61740154880B, used 49392123904B, and remaining 12348030976B is 0.8
2023-09-08 11:18:58,653 [main] DEBUG balancer.ContainerBalancerTask (ContainerBalancerTask.java:initializeIteration(398)) - Utilization for node ca3c4f2f-97b1-4b2e-b7dc-977c585f1d5d with capacity 47551423634B, used 33285996544B, and remaining 14265427090B is 0.7000000000042059
2023-09-08 11:18:58,653 [main] DEBUG balancer.ContainerBalancerTask (ContainerBalancerTask.java:initializeIteration(398)) - Utilization for node aaee780d-f3af-4aee-a54f-3aebea119d41 with capacity 96636764160B, used 57982058496B, and remaining 38654705664B is 0.6
2023-09-08 11:18:58,654 [main] DEBUG balancer.ContainerBalancerTask (ContainerBalancerTask.java:initializeIteration(398)) - Utilization for node 110aa1e1-b881-46da-b9ee-ec05ee972538 with capacity 94489280512B, used 47244640256B, and remaining 47244640256B is 0.5
2023-09-08 11:18:58,654 [main] DEBUG balancer.ContainerBalancerTask (ContainerBalancerTask.java:initializeIteration(398)) - Utilization for node 9141596e-5b5a-4269-99e6-ea10aada5667 with capacity 99321118720B, used 39728447488B, and remaining 59592671232B is 0.4
2023-09-08 11:18:58,654 [main] DEBUG balancer.ContainerBalancerTask (ContainerBalancerTask.java:initializeIteration(398)) - Utilization for node 06753507-9ed2-4854-9acb-3674ea6125d9 with capacity 164640413013B, used 49392123904B, and remaining 115248289109B is 0.3000000000006074
2023-09-08 11:18:58,654 [main] DEBUG balancer.ContainerBalancerTask (ContainerBalancerTask.java:initializeIteration(398)) - Utilization for node 077206ff-15e7-48b4-bcd2-62ff01f22259 with capacity 150323855360B, used 30064771072B, and remaining 120259084288B is 0.2
2023-09-08 11:18:58,654 [main] DEBUG balancer.ContainerBalancerTask (ContainerBalancerTask.java:initializeIteration(398)) - Utilization for node 1dc09f1b-a9b9-4cec-a3e4-672769aada6a with capacity 386547056640B, used 38654705664B, and remaining 347892350976B is 0.1
2023-09-08 11:18:58,655 [main] DEBUG balancer.ContainerBalancerTask (ContainerBalancerTask.java:initializeIteration(398)) - Utilization for node b30be59b-37ac-4959-a018-786f54da51dd with capacity 37580963840B, used 0B, and remaining 37580963840B is 0.0
2023-09-08 11:18:58,655 [main] INFO  balancer.ContainerBalancerTask (ContainerBalancerTask.java:initializeIteration(447)) - Container Balancer has identified 5 Over-Utilized and 3 Under-Utilized Datanodes that need to be balanced.
2023-09-08 11:18:58,655 [main] DEBUG balancer.ContainerBalancerTask (ContainerBalancerTask.java:lambda$initializeIteration$1(453)) - Datanode localhost-242.52.111.62 2ce4f8d3-9c17-4821-b750-7993328e43a1 is Over-Utilized.
2023-09-08 11:18:58,655 [main] DEBUG balancer.ContainerBalancerTask (ContainerBalancerTask.java:lambda$initializeIteration$1(453)) - Datanode localhost-84.67.181.178 5a499a8a-a822-43b1-b44d-98c1b00e2157 is Over-Utilized.
2023-09-08 11:18:58,655 [main] DEBUG balancer.ContainerBalancerTask (ContainerBalancerTask.java:lambda$initializeIteration$1(453)) - Datanode localhost-83.239.131.192 ca3c4f2f-97b1-4b2e-b7dc-977c585f1d5d is Over-Utilized.
2023-09-08 11:18:58,655 [main] DEBUG balancer.ContainerBalancerTask (ContainerBalancerTask.java:lambda$initializeIteration$1(453)) - Datanode localhost-18.158.190.252 aaee780d-f3af-4aee-a54f-3aebea119d41 is Over-Utilized.
2023-09-08 11:18:58,655 [main] DEBUG balancer.ContainerBalancerTask (ContainerBalancerTask.java:lambda$initializeIteration$1(453)) - Datanode localhost-208.14.17.7 110aa1e1-b881-46da-b9ee-ec05ee972538 is Over-Utilized.
2023-09-08 11:18:58,655 [main] DEBUG balancer.ContainerBalancerTask (ContainerBalancerTask.java:lambda$initializeIteration$2(459)) - Datanode localhost-206.240.233.253 b30be59b-37ac-4959-a018-786f54da51dd is Under-Utilized.
2023-09-08 11:18:58,655 [main] DEBUG balancer.ContainerBalancerTask (ContainerBalancerTask.java:lambda$initializeIteration$2(459)) - Datanode localhost-237.93.91.69 1dc09f1b-a9b9-4cec-a3e4-672769aada6a is Under-Utilized.
2023-09-08 11:18:58,656 [main] DEBUG balancer.ContainerBalancerTask (ContainerBalancerTask.java:lambda$initializeIteration$2(459)) - Datanode localhost-102.68.137.191 077206ff-15e7-48b4-bcd2-62ff01f22259 is Under-Utilized.
2023-09-08 11:18:58,659 [main] DEBUG balancer.ContainerBalancerTask (ContainerBalancerTask.java:matchSourceWithTarget(708)) - ContainerBalancer is finding suitable target for source datanode 2ce4f8d3-9c17-4821-b750-7993328e43a1
2023-09-08 11:18:58,659 [main] INFO  balancer.ContainerBalancerTask (ContainerBalancerTask.java:matchSourceWithTarget(722)) - ContainerBalancer matched source datanode 2ce4f8d3-9c17-4821-b750-7993328e43a1 with target datanode b30be59b-37ac-4959-a018-786f54da51dd for container move.
2023-09-08 11:18:58,659 [main] INFO  balancer.ContainerBalancerTask (ContainerBalancerTask.java:processMoveSelection(569)) - ContainerBalancer is trying to move container #85 with size 5368709120B from source datanode 2ce4f8d3-9c17-4821-b750-7993328e43a1 to target datanode b30be59b-37ac-4959-a018-786f54da51dd
2023-09-08 11:18:58,659 [main] DEBUG balancer.ContainerBalancerTask (ContainerBalancerTask.java:lambda$moveContainer$3(837)) - Container move completed for container #85 from source 2ce4f8d3-9c17-4821-b750-7993328e43a1 to target b30be59b-37ac-4959-a018-786f54da51dd
2023-09-08 11:18:58,659 [main] DEBUG balancer.ContainerBalancerTask (ContainerBalancerTask.java:adaptOnReachingIterationLimits(782)) - Reached max datanodes to involve limit. 2 datanodes have already been selected for balancing and the limit is 2. Only already selected sources and targets can be involved in balancing now.
2023-09-08 11:18:58,662 [main] DEBUG balancer.ContainerBalancerTask (ContainerBalancerTask.java:matchSourceWithTarget(708)) - ContainerBalancer is finding suitable target for source datanode 2ce4f8d3-9c17-4821-b750-7993328e43a1
2023-09-08 11:18:58,662 [main] INFO  balancer.ContainerBalancerTask (ContainerBalancerTask.java:matchSourceWithTarget(722)) - ContainerBalancer matched source datanode 2ce4f8d3-9c17-4821-b750-7993328e43a1 with target datanode b30be59b-37ac-4959-a018-786f54da51dd for container move.
2023-09-08 11:18:58,662 [main] INFO  balancer.ContainerBalancerTask (ContainerBalancerTask.java:processMoveSelection(569)) - ContainerBalancer is trying to move container #40 with size 5368709120B from source datanode 2ce4f8d3-9c17-4821-b750-7993328e43a1 to target datanode b30be59b-37ac-4959-a018-786f54da51dd
2023-09-08 11:18:58,662 [main] DEBUG balancer.ContainerBalancerTask (ContainerBalancerTask.java:lambda$moveContainer$3(837)) - Container move completed for container #40 from source 2ce4f8d3-9c17-4821-b750-7993328e43a1 to target b30be59b-37ac-4959-a018-786f54da51dd
2023-09-08 11:18:58,665 [main] DEBUG balancer.ContainerBalancerTask (ContainerBalancerTask.java:matchSourceWithTarget(708)) - ContainerBalancer is finding suitable target for source datanode 2ce4f8d3-9c17-4821-b750-7993328e43a1
2023-09-08 11:18:58,665 [main] INFO  balancer.ContainerBalancerTask (ContainerBalancerTask.java:matchSourceWithTarget(722)) - ContainerBalancer matched source datanode 2ce4f8d3-9c17-4821-b750-7993328e43a1 with target datanode b30be59b-37ac-4959-a018-786f54da51dd for container move.
2023-09-08 11:18:58,665 [main] INFO  balancer.ContainerBalancerTask (ContainerBalancerTask.java:processMoveSelection(569)) - ContainerBalancer is trying to move container #89 with size 4294967296B from source datanode 2ce4f8d3-9c17-4821-b750-7993328e43a1 to target datanode b30be59b-37ac-4959-a018-786f54da51dd
2023-09-08 11:18:58,665 [main] DEBUG balancer.ContainerBalancerTask (ContainerBalancerTask.java:lambda$moveContainer$3(837)) - Container move completed for container #89 from source 2ce4f8d3-9c17-4821-b750-7993328e43a1 to target b30be59b-37ac-4959-a018-786f54da51dd
2023-09-08 11:18:58,668 [main] DEBUG balancer.ContainerBalancerTask (ContainerBalancerTask.java:matchSourceWithTarget(708)) - ContainerBalancer is finding suitable target for source datanode 2ce4f8d3-9c17-4821-b750-7993328e43a1
2023-09-08 11:18:58,669 [main] INFO  balancer.ContainerBalancerTask (ContainerBalancerTask.java:matchSourceWithTarget(722)) - ContainerBalancer matched source datanode 2ce4f8d3-9c17-4821-b750-7993328e43a1 with target datanode b30be59b-37ac-4959-a018-786f54da51dd for container move.
2023-09-08 11:18:58,669 [main] INFO  balancer.ContainerBalancerTask (ContainerBalancerTask.java:processMoveSelection(569)) - ContainerBalancer is trying to move container #86 with size 1073741824B from source datanode 2ce4f8d3-9c17-4821-b750-7993328e43a1 to target datanode b30be59b-37ac-4959-a018-786f54da51dd
2023-09-08 11:18:58,669 [main] DEBUG balancer.ContainerBalancerTask (ContainerBalancerTask.java:lambda$moveContainer$3(837)) - Container move completed for container #86 from source 2ce4f8d3-9c17-4821-b750-7993328e43a1 to target b30be59b-37ac-4959-a018-786f54da51dd
2023-09-08 11:18:58,672 [main] DEBUG balancer.ContainerBalancerTask (ContainerBalancerTask.java:matchSourceWithTarget(708)) - ContainerBalancer is finding suitable target for source datanode 2ce4f8d3-9c17-4821-b750-7993328e43a1
2023-09-08 11:18:58,673 [main] INFO  balancer.FindTargetGreedyByUsageInfo (AbstractFindTargetGreedy.java:findTargetForContainerMove(133)) - Container Balancer could not find a target for source datanode 2ce4f8d3-9c17-4821-b750-7993328e43a1
2023-09-08 11:18:58,673 [main] DEBUG balancer.ContainerBalancerTask (ContainerBalancerTask.java:matchSourceWithTarget(717)) - ContainerBalancer could not find a suitable target for source node 2ce4f8d3-9c17-4821-b750-7993328e43a1.
2023-09-08 11:18:58,673 [main] INFO  balancer.FindSourceGreedy (FindSourceGreedy.java:getNextCandidateSourceDataNode(126)) - no more candidate source data node
2023-09-08 11:18:58,673 [main] INFO  balancer.ContainerBalancerTask (ContainerBalancerTask.java:checkIterationMoveResults(642)) - Iteration Summary. Number of Datanodes involved: 2. Size moved: 15 GB (16106127360 Bytes). Number of Container moves completed: 4.
2023-09-08 11:18:58,674 [main] INFO  balancer.ContainerBalancerTask (ContainerBalancerTask.java:balance(259)) - Result of this iteration of Container Balancer: ITERATION_COMPLETED
2023-09-08 11:18:58,676 [main] DEBUG balancer.ContainerBalancerTask (ContainerBalancerTask.java:initializeIteration(374)) - Average utilization of the cluster is 0.33496859447928706
2023-09-08 11:18:58,676 [main] DEBUG balancer.ContainerBalancerTask (ContainerBalancerTask.java:initializeIteration(386)) - Lower limit for utilization is 0.23496859447928706 and Upper limit for utilization is 0.43496859447928704
2023-09-08 11:18:58,676 [main] DEBUG balancer.ContainerBalancerTask (ContainerBalancerTask.java:initializeIteration(398)) - Utilization for node 2ce4f8d3-9c17-4821-b750-7993328e43a1 with capacity 63231462968B, used 56908316672B, and remaining 6323146296B is 0.9000000000126519
2023-09-08 11:18:58,676 [main] DEBUG balancer.ContainerBalancerTask (ContainerBalancerTask.java:initializeIteration(398)) - Utilization for node 5a499a8a-a822-43b1-b44d-98c1b00e2157 with capacity 61740154880B, used 49392123904B, and remaining 12348030976B is 0.8
2023-09-08 11:18:58,677 [main] DEBUG balancer.ContainerBalancerTask (ContainerBalancerTask.java:initializeIteration(398)) - Utilization for node ca3c4f2f-97b1-4b2e-b7dc-977c585f1d5d with capacity 47551423634B, used 33285996544B, and remaining 14265427090B is 0.7000000000042059
2023-09-08 11:18:58,677 [main] DEBUG balancer.ContainerBalancerTask (ContainerBalancerTask.java:initializeIteration(398)) - Utilization for node aaee780d-f3af-4aee-a54f-3aebea119d41 with capacity 96636764160B, used 57982058496B, and remaining 38654705664B is 0.6
2023-09-08 11:18:58,677 [main] DEBUG balancer.ContainerBalancerTask (ContainerBalancerTask.java:initializeIteration(398)) - Utilization for node 110aa1e1-b881-46da-b9ee-ec05ee972538 with capacity 94489280512B, used 47244640256B, and remaining 47244640256B is 0.5
2023-09-08 11:18:58,677 [main] DEBUG balancer.ContainerBalancerTask (ContainerBalancerTask.java:initializeIteration(398)) - Utilization for node 9141596e-5b5a-4269-99e6-ea10aada5667 with capacity 99321118720B, used 39728447488B, and remaining 59592671232B is 0.4
2023-09-08 11:18:58,677 [main] DEBUG balancer.ContainerBalancerTask (ContainerBalancerTask.java:initializeIteration(398)) - Utilization for node 06753507-9ed2-4854-9acb-3674ea6125d9 with capacity 164640413013B, used 49392123904B, and remaining 115248289109B is 0.3000000000006074
2023-09-08 11:18:58,677 [main] DEBUG balancer.ContainerBalancerTask (ContainerBalancerTask.java:initializeIteration(398)) - Utilization for node 077206ff-15e7-48b4-bcd2-62ff01f22259 with capacity 150323855360B, used 30064771072B, and remaining 120259084288B is 0.2
2023-09-08 11:18:58,677 [main] DEBUG balancer.ContainerBalancerTask (ContainerBalancerTask.java:initializeIteration(398)) - Utilization for node 1dc09f1b-a9b9-4cec-a3e4-672769aada6a with capacity 386547056640B, used 38654705664B, and remaining 347892350976B is 0.1
2023-09-08 11:18:58,678 [main] DEBUG balancer.ContainerBalancerTask (ContainerBalancerTask.java:initializeIteration(398)) - Utilization for node b30be59b-37ac-4959-a018-786f54da51dd with capacity 37580963840B, used 0B, and remaining 37580963840B is 0.0
2023-09-08 11:18:58,678 [main] INFO  balancer.ContainerBalancerTask (ContainerBalancerTask.java:initializeIteration(447)) - Container Balancer has identified 5 Over-Utilized and 3 Under-Utilized Datanodes that need to be balanced.
2023-09-08 11:18:58,678 [main] DEBUG balancer.ContainerBalancerTask (ContainerBalancerTask.java:lambda$initializeIteration$1(453)) - Datanode localhost-242.52.111.62 2ce4f8d3-9c17-4821-b750-7993328e43a1 is Over-Utilized.
2023-09-08 11:18:58,678 [main] DEBUG balancer.ContainerBalancerTask (ContainerBalancerTask.java:lambda$initializeIteration$1(453)) - Datanode localhost-84.67.181.178 5a499a8a-a822-43b1-b44d-98c1b00e2157 is Over-Utilized.
2023-09-08 11:18:58,678 [main] DEBUG balancer.ContainerBalancerTask (ContainerBalancerTask.java:lambda$initializeIteration$1(453)) - Datanode localhost-83.239.131.192 ca3c4f2f-97b1-4b2e-b7dc-977c585f1d5d is Over-Utilized.
2023-09-08 11:18:58,678 [main] DEBUG balancer.ContainerBalancerTask (ContainerBalancerTask.java:lambda$initializeIteration$1(453)) - Datanode localhost-18.158.190.252 aaee780d-f3af-4aee-a54f-3aebea119d41 is Over-Utilized.
2023-09-08 11:18:58,678 [main] DEBUG balancer.ContainerBalancerTask (ContainerBalancerTask.java:lambda$initializeIteration$1(453)) - Datanode localhost-208.14.17.7 110aa1e1-b881-46da-b9ee-ec05ee972538 is Over-Utilized.
2023-09-08 11:18:58,678 [main] DEBUG balancer.ContainerBalancerTask (ContainerBalancerTask.java:lambda$initializeIteration$2(459)) - Datanode localhost-206.240.233.253 b30be59b-37ac-4959-a018-786f54da51dd is Under-Utilized.
2023-09-08 11:18:58,678 [main] DEBUG balancer.ContainerBalancerTask (ContainerBalancerTask.java:lambda$initializeIteration$2(459)) - Datanode localhost-237.93.91.69 1dc09f1b-a9b9-4cec-a3e4-672769aada6a is Under-Utilized.
2023-09-08 11:18:58,678 [main] DEBUG balancer.ContainerBalancerTask (ContainerBalancerTask.java:lambda$initializeIteration$2(459)) - Datanode localhost-102.68.137.191 077206ff-15e7-48b4-bcd2-62ff01f22259 is Under-Utilized.
2023-09-08 11:18:58,681 [main] DEBUG balancer.ContainerBalancerTask (ContainerBalancerTask.java:matchSourceWithTarget(708)) - ContainerBalancer is finding suitable target for source datanode 2ce4f8d3-9c17-4821-b750-7993328e43a1
2023-09-08 11:18:58,681 [main] INFO  balancer.ContainerBalancerTask (ContainerBalancerTask.java:matchSourceWithTarget(722)) - ContainerBalancer matched source datanode 2ce4f8d3-9c17-4821-b750-7993328e43a1 with target datanode b30be59b-37ac-4959-a018-786f54da51dd for container move.
2023-09-08 11:18:58,681 [main] INFO  balancer.ContainerBalancerTask (ContainerBalancerTask.java:processMoveSelection(569)) - ContainerBalancer is trying to move container #85 with size 5368709120B from source datanode 2ce4f8d3-9c17-4821-b750-7993328e43a1 to target datanode b30be59b-37ac-4959-a018-786f54da51dd
2023-09-08 11:18:58,682 [main] DEBUG balancer.ContainerBalancerTask (ContainerBalancerTask.java:lambda$moveContainer$3(837)) - Container move completed for container #85 from source 2ce4f8d3-9c17-4821-b750-7993328e43a1 to target b30be59b-37ac-4959-a018-786f54da51dd
2023-09-08 11:18:58,682 [main] DEBUG balancer.ContainerBalancerTask (ContainerBalancerTask.java:adaptOnReachingIterationLimits(782)) - Reached max datanodes to involve limit. 2 datanodes have already been selected for balancing and the limit is 2. Only already selected sources and targets can be involved in balancing now.
2023-09-08 11:18:58,684 [main] DEBUG balancer.ContainerBalancerTask (ContainerBalancerTask.java:matchSourceWithTarget(708)) - ContainerBalancer is finding suitable target for source datanode 2ce4f8d3-9c17-4821-b750-7993328e43a1
2023-09-08 11:18:58,685 [main] INFO  balancer.ContainerBalancerTask (ContainerBalancerTask.java:matchSourceWithTarget(722)) - ContainerBalancer matched source datanode 2ce4f8d3-9c17-4821-b750-7993328e43a1 with target datanode b30be59b-37ac-4959-a018-786f54da51dd for container move.
2023-09-08 11:18:58,685 [main] INFO  balancer.ContainerBalancerTask (ContainerBalancerTask.java:processMoveSelection(569)) - ContainerBalancer is trying to move container #40 with size 5368709120B from source datanode 2ce4f8d3-9c17-4821-b750-7993328e43a1 to target datanode b30be59b-37ac-4959-a018-786f54da51dd
2023-09-08 11:18:58,685 [main] DEBUG balancer.ContainerBalancerTask (ContainerBalancerTask.java:lambda$moveContainer$3(837)) - Container move completed for container #40 from source 2ce4f8d3-9c17-4821-b750-7993328e43a1 to target b30be59b-37ac-4959-a018-786f54da51dd
2023-09-08 11:18:58,688 [main] DEBUG balancer.ContainerBalancerTask (ContainerBalancerTask.java:matchSourceWithTarget(708)) - ContainerBalancer is finding suitable target for source datanode 2ce4f8d3-9c17-4821-b750-7993328e43a1
2023-09-08 11:18:58,688 [main] INFO  balancer.ContainerBalancerTask (ContainerBalancerTask.java:matchSourceWithTarget(722)) - ContainerBalancer matched source datanode 2ce4f8d3-9c17-4821-b750-7993328e43a1 with target datanode b30be59b-37ac-4959-a018-786f54da51dd for container move.
2023-09-08 11:18:58,688 [main] INFO  balancer.ContainerBalancerTask (ContainerBalancerTask.java:processMoveSelection(569)) - ContainerBalancer is trying to move container #89 with size 4294967296B from source datanode 2ce4f8d3-9c17-4821-b750-7993328e43a1 to target datanode b30be59b-37ac-4959-a018-786f54da51dd
2023-09-08 11:18:58,688 [main] DEBUG balancer.ContainerBalancerTask (ContainerBalancerTask.java:lambda$moveContainer$3(837)) - Container move completed for container #89 from source 2ce4f8d3-9c17-4821-b750-7993328e43a1 to target b30be59b-37ac-4959-a018-786f54da51dd
2023-09-08 11:18:58,691 [main] DEBUG balancer.ContainerBalancerTask (ContainerBalancerTask.java:matchSourceWithTarget(708)) - ContainerBalancer is finding suitable target for source datanode 2ce4f8d3-9c17-4821-b750-7993328e43a1
2023-09-08 11:18:58,692 [main] INFO  balancer.ContainerBalancerTask (ContainerBalancerTask.java:matchSourceWithTarget(722)) - ContainerBalancer matched source datanode 2ce4f8d3-9c17-4821-b750-7993328e43a1 with target datanode b30be59b-37ac-4959-a018-786f54da51dd for container move.
2023-09-08 11:18:58,692 [main] INFO  balancer.ContainerBalancerTask (ContainerBalancerTask.java:processMoveSelection(569)) - ContainerBalancer is trying to move container #86 with size 1073741824B from source datanode 2ce4f8d3-9c17-4821-b750-7993328e43a1 to target datanode b30be59b-37ac-4959-a018-786f54da51dd
2023-09-08 11:18:58,693 [main] DEBUG balancer.ContainerBalancerTask (ContainerBalancerTask.java:lambda$moveContainer$3(837)) - Container move completed for container #86 from source 2ce4f8d3-9c17-4821-b750-7993328e43a1 to target b30be59b-37ac-4959-a018-786f54da51dd
2023-09-08 11:18:58,695 [main] DEBUG balancer.ContainerBalancerTask (ContainerBalancerTask.java:matchSourceWithTarget(708)) - ContainerBalancer is finding suitable target for source datanode 2ce4f8d3-9c17-4821-b750-7993328e43a1
2023-09-08 11:18:58,696 [main] INFO  balancer.FindTargetGreedyByUsageInfo (AbstractFindTargetGreedy.java:findTargetForContainerMove(133)) - Container Balancer could not find a target for source datanode 2ce4f8d3-9c17-4821-b750-7993328e43a1
2023-09-08 11:18:58,696 [main] DEBUG balancer.ContainerBalancerTask (ContainerBalancerTask.java:matchSourceWithTarget(717)) - ContainerBalancer could not find a suitable target for source node 2ce4f8d3-9c17-4821-b750-7993328e43a1.
2023-09-08 11:18:58,696 [main] INFO  balancer.FindSourceGreedy (FindSourceGreedy.java:getNextCandidateSourceDataNode(126)) - no more candidate source data node
2023-09-08 11:18:58,696 [main] INFO  balancer.ContainerBalancerTask (ContainerBalancerTask.java:checkIterationMoveResults(642)) - Iteration Summary. Number of Datanodes involved: 2. Size moved: 15 GB (16106127360 Bytes). Number of Container moves completed: 4.
2023-09-08 11:18:58,697 [main] INFO  balancer.ContainerBalancerTask (ContainerBalancerTask.java:balance(259)) - Result of this iteration of Container Balancer: ITERATION_COMPLETED
2023-09-08 11:18:58,697 [main] INFO  balancer.ContainerBalancerTask (ContainerBalancerTask.java:tryStopWithSaveConfiguration(308)) - Save Configuration for stopping. Reason: Completed all iterations.
]]></system-out>
  </testcase>
  <testcase name="checkIterationResult" classname="org.apache.hadoop.hdds.scm.container.balancer.TestContainerBalancerTask" time="0.149">
    <system-out><![CDATA[2023-09-08 11:18:58,728 [main] INFO  net.NodeSchemaLoader (NodeSchemaLoader.java:loadSchemaFromFile(129)) - Loading schema from [file:/home/runner/work/ozone/ozone/hadoop-hdds/common/target/classes/network-topology-default.xml]
2023-09-08 11:18:58,728 [main] INFO  net.NodeSchemaLoader (NodeSchemaLoader.java:loadSchema(176)) - Loading network topology layer schema file
2023-09-08 11:18:58,731 [main] INFO  net.NetworkTopologyImpl (NetworkTopologyImpl.java:add(112)) - Added a new node: /default-rack/0d23f583-4167-4f87-af5c-7d5718ec70a5
2023-09-08 11:18:58,731 [main] INFO  net.NetworkTopologyImpl (NetworkTopologyImpl.java:add(112)) - Added a new node: /default-rack/02b678ac-c8ef-405e-988b-e695d3ac5e9a
2023-09-08 11:18:58,732 [main] INFO  net.NetworkTopologyImpl (NetworkTopologyImpl.java:add(112)) - Added a new node: /default-rack/ba250af6-25a8-4619-a724-5af97fb6d49a
2023-09-08 11:18:58,732 [main] INFO  net.NetworkTopologyImpl (NetworkTopologyImpl.java:add(112)) - Added a new node: /default-rack/5a39cc66-80df-4423-b894-ccbc0bb471ca
2023-09-08 11:18:58,732 [main] INFO  net.NetworkTopologyImpl (NetworkTopologyImpl.java:add(112)) - Added a new node: /default-rack/6b29359e-d6c9-4b70-8ee1-c77899dbc4fa
2023-09-08 11:18:58,732 [main] INFO  net.NetworkTopologyImpl (NetworkTopologyImpl.java:add(112)) - Added a new node: /default-rack/6a2d50c9-bd5b-41d3-a817-85f3ec684ad7
2023-09-08 11:18:58,732 [main] INFO  net.NetworkTopologyImpl (NetworkTopologyImpl.java:add(112)) - Added a new node: /default-rack/ed25ada4-829a-4ee5-b91d-d428a7bb9619
2023-09-08 11:18:58,734 [main] INFO  net.NetworkTopologyImpl (NetworkTopologyImpl.java:add(112)) - Added a new node: /default-rack/f1848634-ca26-46a3-bfb9-c31264551bf1
2023-09-08 11:18:58,734 [main] INFO  net.NetworkTopologyImpl (NetworkTopologyImpl.java:add(112)) - Added a new node: /default-rack/c24d194f-b143-4ac7-ab79-331eed515a3a
2023-09-08 11:18:58,734 [main] INFO  net.NetworkTopologyImpl (NetworkTopologyImpl.java:add(112)) - Added a new node: /default-rack/139d33e0-6468-4eda-aa3b-adb8978ac2ab
2023-09-08 11:18:58,734 [main] INFO  algorithms.ContainerPlacementPolicyFactory (ContainerPlacementPolicyFactory.java:getPolicyInternal(86)) - Create container placement policy of type org.apache.hadoop.hdds.scm.container.placement.algorithms.SCMContainerPlacementRackAware
2023-09-08 11:18:58,734 [main] INFO  algorithms.ContainerPlacementPolicyFactory (ContainerPlacementPolicyFactory.java:getPolicyInternal(86)) - Create container placement policy of type org.apache.hadoop.hdds.scm.container.placement.algorithms.SCMContainerPlacementRackScatter
2023-09-08 11:18:58,741 [main] DEBUG balancer.ContainerBalancerTask (ContainerBalancerTask.java:initializeIteration(374)) - Average utilization of the cluster is 0.4014412250419025
2023-09-08 11:18:58,741 [main] DEBUG balancer.ContainerBalancerTask (ContainerBalancerTask.java:initializeIteration(386)) - Lower limit for utilization is 0.3014412250419025 and Upper limit for utilization is 0.5014412250419025
2023-09-08 11:18:58,741 [main] DEBUG balancer.ContainerBalancerTask (ContainerBalancerTask.java:initializeIteration(398)) - Utilization for node 139d33e0-6468-4eda-aa3b-adb8978ac2ab with capacity 57266230613B, used 51539607552B, and remaining 5726623061B is 0.9000000000052387
2023-09-08 11:18:58,741 [main] DEBUG balancer.ContainerBalancerTask (ContainerBalancerTask.java:initializeIteration(398)) - Utilization for node 5a39cc66-80df-4423-b894-ccbc0bb471ca with capacity 85899345920B, used 68719476736B, and remaining 17179869184B is 0.8
2023-09-08 11:18:58,741 [main] DEBUG balancer.ContainerBalancerTask (ContainerBalancerTask.java:initializeIteration(398)) - Utilization for node 0d23f583-4167-4f87-af5c-7d5718ec70a5 with capacity 73628010788B, used 51539607552B, and remaining 22088403236B is 0.7000000000054327
2023-09-08 11:18:58,742 [main] DEBUG balancer.ContainerBalancerTask (ContainerBalancerTask.java:initializeIteration(398)) - Utilization for node c24d194f-b143-4ac7-ab79-331eed515a3a with capacity 103795042986B, used 62277025792B, and remaining 41518017194B is 0.6000000000038538
2023-09-08 11:18:58,742 [main] DEBUG balancer.ContainerBalancerTask (ContainerBalancerTask.java:initializeIteration(398)) - Utilization for node ba250af6-25a8-4619-a724-5af97fb6d49a with capacity 100931731456B, used 50465865728B, and remaining 50465865728B is 0.5
2023-09-08 11:18:58,742 [main] DEBUG balancer.ContainerBalancerTask (ContainerBalancerTask.java:initializeIteration(398)) - Utilization for node 6a2d50c9-bd5b-41d3-a817-85f3ec684ad7 with capacity 91268055040B, used 36507222016B, and remaining 54760833024B is 0.4
2023-09-08 11:18:58,742 [main] DEBUG balancer.ContainerBalancerTask (ContainerBalancerTask.java:initializeIteration(398)) - Utilization for node f1848634-ca26-46a3-bfb9-c31264551bf1 with capacity 171798691840B, used 51539607552B, and remaining 120259084288B is 0.3
2023-09-08 11:18:58,742 [main] DEBUG balancer.ContainerBalancerTask (ContainerBalancerTask.java:initializeIteration(398)) - Utilization for node 02b678ac-c8ef-405e-988b-e695d3ac5e9a with capacity 85899345920B, used 17179869184B, and remaining 68719476736B is 0.2
2023-09-08 11:18:58,742 [main] DEBUG balancer.ContainerBalancerTask (ContainerBalancerTask.java:initializeIteration(398)) - Utilization for node 6b29359e-d6c9-4b70-8ee1-c77899dbc4fa with capacity 204010946560B, used 20401094656B, and remaining 183609851904B is 0.1
2023-09-08 11:18:58,742 [main] DEBUG balancer.ContainerBalancerTask (ContainerBalancerTask.java:initializeIteration(398)) - Utilization for node ed25ada4-829a-4ee5-b91d-d428a7bb9619 with capacity 47244640256B, used 0B, and remaining 47244640256B is 0.0
2023-09-08 11:18:58,742 [main] INFO  balancer.ContainerBalancerTask (ContainerBalancerTask.java:initializeIteration(447)) - Container Balancer has identified 4 Over-Utilized and 4 Under-Utilized Datanodes that need to be balanced.
2023-09-08 11:18:58,742 [main] DEBUG balancer.ContainerBalancerTask (ContainerBalancerTask.java:lambda$initializeIteration$1(453)) - Datanode localhost-32.79.214.118 139d33e0-6468-4eda-aa3b-adb8978ac2ab is Over-Utilized.
2023-09-08 11:18:58,742 [main] DEBUG balancer.ContainerBalancerTask (ContainerBalancerTask.java:lambda$initializeIteration$1(453)) - Datanode localhost-46.169.62.197 5a39cc66-80df-4423-b894-ccbc0bb471ca is Over-Utilized.
2023-09-08 11:18:58,742 [main] DEBUG balancer.ContainerBalancerTask (ContainerBalancerTask.java:lambda$initializeIteration$1(453)) - Datanode localhost-126.228.12.78 0d23f583-4167-4f87-af5c-7d5718ec70a5 is Over-Utilized.
2023-09-08 11:18:58,743 [main] DEBUG balancer.ContainerBalancerTask (ContainerBalancerTask.java:lambda$initializeIteration$1(453)) - Datanode localhost-182.181.169.166 c24d194f-b143-4ac7-ab79-331eed515a3a is Over-Utilized.
2023-09-08 11:18:58,743 [main] DEBUG balancer.ContainerBalancerTask (ContainerBalancerTask.java:lambda$initializeIteration$2(459)) - Datanode localhost-187.58.178.121 ed25ada4-829a-4ee5-b91d-d428a7bb9619 is Under-Utilized.
2023-09-08 11:18:58,743 [main] DEBUG balancer.ContainerBalancerTask (ContainerBalancerTask.java:lambda$initializeIteration$2(459)) - Datanode localhost-228.90.66.26 6b29359e-d6c9-4b70-8ee1-c77899dbc4fa is Under-Utilized.
2023-09-08 11:18:58,743 [main] DEBUG balancer.ContainerBalancerTask (ContainerBalancerTask.java:lambda$initializeIteration$2(459)) - Datanode localhost-34.52.193.104 02b678ac-c8ef-405e-988b-e695d3ac5e9a is Under-Utilized.
2023-09-08 11:18:58,743 [main] DEBUG balancer.ContainerBalancerTask (ContainerBalancerTask.java:lambda$initializeIteration$2(459)) - Datanode localhost-67.216.46.114 f1848634-ca26-46a3-bfb9-c31264551bf1 is Under-Utilized.
2023-09-08 11:18:58,746 [main] DEBUG balancer.ContainerBalancerTask (ContainerBalancerTask.java:matchSourceWithTarget(708)) - ContainerBalancer is finding suitable target for source datanode 139d33e0-6468-4eda-aa3b-adb8978ac2ab
2023-09-08 11:18:58,746 [main] INFO  balancer.ContainerBalancerTask (ContainerBalancerTask.java:matchSourceWithTarget(722)) - ContainerBalancer matched source datanode 139d33e0-6468-4eda-aa3b-adb8978ac2ab with target datanode ed25ada4-829a-4ee5-b91d-d428a7bb9619 for container move.
2023-09-08 11:18:58,746 [main] INFO  balancer.ContainerBalancerTask (ContainerBalancerTask.java:processMoveSelection(569)) - ContainerBalancer is trying to move container #84 with size 4294967296B from source datanode 139d33e0-6468-4eda-aa3b-adb8978ac2ab to target datanode ed25ada4-829a-4ee5-b91d-d428a7bb9619
2023-09-08 11:18:58,746 [main] DEBUG balancer.ContainerBalancerTask (ContainerBalancerTask.java:lambda$moveContainer$3(837)) - Container move completed for container #84 from source 139d33e0-6468-4eda-aa3b-adb8978ac2ab to target ed25ada4-829a-4ee5-b91d-d428a7bb9619
2023-09-08 11:18:58,749 [main] DEBUG balancer.ContainerBalancerTask (ContainerBalancerTask.java:matchSourceWithTarget(708)) - ContainerBalancer is finding suitable target for source datanode 139d33e0-6468-4eda-aa3b-adb8978ac2ab
2023-09-08 11:18:58,749 [main] INFO  balancer.ContainerBalancerTask (ContainerBalancerTask.java:matchSourceWithTarget(722)) - ContainerBalancer matched source datanode 139d33e0-6468-4eda-aa3b-adb8978ac2ab with target datanode ed25ada4-829a-4ee5-b91d-d428a7bb9619 for container move.
2023-09-08 11:18:58,749 [main] INFO  balancer.ContainerBalancerTask (ContainerBalancerTask.java:processMoveSelection(569)) - ContainerBalancer is trying to move container #88 with size 3221225472B from source datanode 139d33e0-6468-4eda-aa3b-adb8978ac2ab to target datanode ed25ada4-829a-4ee5-b91d-d428a7bb9619
2023-09-08 11:18:58,749 [main] DEBUG balancer.ContainerBalancerTask (ContainerBalancerTask.java:lambda$moveContainer$3(837)) - Container move completed for container #88 from source 139d33e0-6468-4eda-aa3b-adb8978ac2ab to target ed25ada4-829a-4ee5-b91d-d428a7bb9619
2023-09-08 11:18:58,753 [main] DEBUG balancer.ContainerBalancerTask (ContainerBalancerTask.java:matchSourceWithTarget(708)) - ContainerBalancer is finding suitable target for source datanode 5a39cc66-80df-4423-b894-ccbc0bb471ca
2023-09-08 11:18:58,753 [main] INFO  balancer.ContainerBalancerTask (ContainerBalancerTask.java:matchSourceWithTarget(722)) - ContainerBalancer matched source datanode 5a39cc66-80df-4423-b894-ccbc0bb471ca with target datanode 6b29359e-d6c9-4b70-8ee1-c77899dbc4fa for container move.
2023-09-08 11:18:58,753 [main] INFO  balancer.ContainerBalancerTask (ContainerBalancerTask.java:processMoveSelection(569)) - ContainerBalancer is trying to move container #68 with size 5368709120B from source datanode 5a39cc66-80df-4423-b894-ccbc0bb471ca to target datanode 6b29359e-d6c9-4b70-8ee1-c77899dbc4fa
2023-09-08 11:18:58,753 [main] DEBUG balancer.ContainerBalancerTask (ContainerBalancerTask.java:lambda$moveContainer$3(837)) - Container move completed for container #68 from source 5a39cc66-80df-4423-b894-ccbc0bb471ca to target 6b29359e-d6c9-4b70-8ee1-c77899dbc4fa
2023-09-08 11:18:58,756 [main] DEBUG balancer.ContainerBalancerTask (ContainerBalancerTask.java:matchSourceWithTarget(708)) - ContainerBalancer is finding suitable target for source datanode 139d33e0-6468-4eda-aa3b-adb8978ac2ab
2023-09-08 11:18:58,756 [main] INFO  balancer.ContainerBalancerTask (ContainerBalancerTask.java:matchSourceWithTarget(722)) - ContainerBalancer matched source datanode 139d33e0-6468-4eda-aa3b-adb8978ac2ab with target datanode 6b29359e-d6c9-4b70-8ee1-c77899dbc4fa for container move.
2023-09-08 11:18:58,756 [main] INFO  balancer.ContainerBalancerTask (ContainerBalancerTask.java:processMoveSelection(569)) - ContainerBalancer is trying to move container #82 with size 2147483648B from source datanode 139d33e0-6468-4eda-aa3b-adb8978ac2ab to target datanode 6b29359e-d6c9-4b70-8ee1-c77899dbc4fa
2023-09-08 11:18:58,757 [main] DEBUG balancer.ContainerBalancerTask (ContainerBalancerTask.java:lambda$moveContainer$3(837)) - Container move completed for container #82 from source 139d33e0-6468-4eda-aa3b-adb8978ac2ab to target 6b29359e-d6c9-4b70-8ee1-c77899dbc4fa
2023-09-08 11:18:58,760 [main] DEBUG balancer.ContainerBalancerTask (ContainerBalancerTask.java:matchSourceWithTarget(708)) - ContainerBalancer is finding suitable target for source datanode 5a39cc66-80df-4423-b894-ccbc0bb471ca
2023-09-08 11:18:58,760 [main] INFO  balancer.ContainerBalancerTask (ContainerBalancerTask.java:matchSourceWithTarget(722)) - ContainerBalancer matched source datanode 5a39cc66-80df-4423-b894-ccbc0bb471ca with target datanode 6b29359e-d6c9-4b70-8ee1-c77899dbc4fa for container move.
2023-09-08 11:18:58,761 [main] INFO  balancer.ContainerBalancerTask (ContainerBalancerTask.java:processMoveSelection(569)) - ContainerBalancer is trying to move container #66 with size 3221225472B from source datanode 5a39cc66-80df-4423-b894-ccbc0bb471ca to target datanode 6b29359e-d6c9-4b70-8ee1-c77899dbc4fa
2023-09-08 11:18:58,761 [main] DEBUG balancer.ContainerBalancerTask (ContainerBalancerTask.java:lambda$moveContainer$3(837)) - Container move completed for container #66 from source 5a39cc66-80df-4423-b894-ccbc0bb471ca to target 6b29359e-d6c9-4b70-8ee1-c77899dbc4fa
2023-09-08 11:18:58,764 [main] DEBUG balancer.ContainerBalancerTask (ContainerBalancerTask.java:matchSourceWithTarget(708)) - ContainerBalancer is finding suitable target for source datanode 139d33e0-6468-4eda-aa3b-adb8978ac2ab
2023-09-08 11:18:58,764 [main] INFO  balancer.ContainerBalancerTask (ContainerBalancerTask.java:matchSourceWithTarget(722)) - ContainerBalancer matched source datanode 139d33e0-6468-4eda-aa3b-adb8978ac2ab with target datanode ed25ada4-829a-4ee5-b91d-d428a7bb9619 for container move.
2023-09-08 11:18:58,764 [main] INFO  balancer.ContainerBalancerTask (ContainerBalancerTask.java:processMoveSelection(569)) - ContainerBalancer is trying to move container #70 with size 2147483648B from source datanode 139d33e0-6468-4eda-aa3b-adb8978ac2ab to target datanode ed25ada4-829a-4ee5-b91d-d428a7bb9619
2023-09-08 11:18:58,764 [main] DEBUG balancer.ContainerBalancerTask (ContainerBalancerTask.java:lambda$moveContainer$3(837)) - Container move completed for container #70 from source 139d33e0-6468-4eda-aa3b-adb8978ac2ab to target ed25ada4-829a-4ee5-b91d-d428a7bb9619
2023-09-08 11:18:58,767 [main] DEBUG balancer.ContainerBalancerTask (ContainerBalancerTask.java:matchSourceWithTarget(708)) - ContainerBalancer is finding suitable target for source datanode 0d23f583-4167-4f87-af5c-7d5718ec70a5
2023-09-08 11:18:58,767 [main] INFO  balancer.ContainerBalancerTask (ContainerBalancerTask.java:matchSourceWithTarget(722)) - ContainerBalancer matched source datanode 0d23f583-4167-4f87-af5c-7d5718ec70a5 with target datanode 02b678ac-c8ef-405e-988b-e695d3ac5e9a for container move.
2023-09-08 11:18:58,768 [main] INFO  balancer.ContainerBalancerTask (ContainerBalancerTask.java:processMoveSelection(569)) - ContainerBalancer is trying to move container #52 with size 4294967296B from source datanode 0d23f583-4167-4f87-af5c-7d5718ec70a5 to target datanode 02b678ac-c8ef-405e-988b-e695d3ac5e9a
2023-09-08 11:18:58,768 [main] DEBUG balancer.ContainerBalancerTask (ContainerBalancerTask.java:lambda$moveContainer$3(837)) - Container move completed for container #52 from source 0d23f583-4167-4f87-af5c-7d5718ec70a5 to target 02b678ac-c8ef-405e-988b-e695d3ac5e9a
2023-09-08 11:18:58,772 [main] DEBUG balancer.ContainerBalancerTask (ContainerBalancerTask.java:matchSourceWithTarget(708)) - ContainerBalancer is finding suitable target for source datanode 5a39cc66-80df-4423-b894-ccbc0bb471ca
2023-09-08 11:18:58,772 [main] INFO  balancer.ContainerBalancerTask (ContainerBalancerTask.java:matchSourceWithTarget(722)) - ContainerBalancer matched source datanode 5a39cc66-80df-4423-b894-ccbc0bb471ca with target datanode ed25ada4-829a-4ee5-b91d-d428a7bb9619 for container move.
2023-09-08 11:18:58,772 [main] INFO  balancer.ContainerBalancerTask (ContainerBalancerTask.java:processMoveSelection(569)) - ContainerBalancer is trying to move container #64 with size 1073741824B from source datanode 5a39cc66-80df-4423-b894-ccbc0bb471ca to target datanode ed25ada4-829a-4ee5-b91d-d428a7bb9619
2023-09-08 11:18:58,772 [main] DEBUG balancer.ContainerBalancerTask (ContainerBalancerTask.java:lambda$moveContainer$3(837)) - Container move completed for container #64 from source 5a39cc66-80df-4423-b894-ccbc0bb471ca to target ed25ada4-829a-4ee5-b91d-d428a7bb9619
2023-09-08 11:18:58,776 [main] DEBUG balancer.ContainerBalancerTask (ContainerBalancerTask.java:matchSourceWithTarget(708)) - ContainerBalancer is finding suitable target for source datanode 139d33e0-6468-4eda-aa3b-adb8978ac2ab
2023-09-08 11:18:58,776 [main] INFO  balancer.ContainerBalancerTask (ContainerBalancerTask.java:matchSourceWithTarget(722)) - ContainerBalancer matched source datanode 139d33e0-6468-4eda-aa3b-adb8978ac2ab with target datanode 02b678ac-c8ef-405e-988b-e695d3ac5e9a for container move.
2023-09-08 11:18:58,776 [main] INFO  balancer.ContainerBalancerTask (ContainerBalancerTask.java:processMoveSelection(569)) - ContainerBalancer is trying to move container #50 with size 2147483648B from source datanode 139d33e0-6468-4eda-aa3b-adb8978ac2ab to target datanode 02b678ac-c8ef-405e-988b-e695d3ac5e9a
2023-09-08 11:18:58,776 [main] DEBUG balancer.ContainerBalancerTask (ContainerBalancerTask.java:lambda$moveContainer$3(837)) - Container move completed for container #50 from source 139d33e0-6468-4eda-aa3b-adb8978ac2ab to target 02b678ac-c8ef-405e-988b-e695d3ac5e9a
2023-09-08 11:18:58,780 [main] DEBUG balancer.ContainerBalancerTask (ContainerBalancerTask.java:matchSourceWithTarget(708)) - ContainerBalancer is finding suitable target for source datanode 5a39cc66-80df-4423-b894-ccbc0bb471ca
2023-09-08 11:18:58,780 [main] INFO  balancer.ContainerBalancerTask (ContainerBalancerTask.java:matchSourceWithTarget(722)) - ContainerBalancer matched source datanode 5a39cc66-80df-4423-b894-ccbc0bb471ca with target datanode 02b678ac-c8ef-405e-988b-e695d3ac5e9a for container move.
2023-09-08 11:18:58,780 [main] INFO  balancer.ContainerBalancerTask (ContainerBalancerTask.java:processMoveSelection(569)) - ContainerBalancer is trying to move container #38 with size 3221225472B from source datanode 5a39cc66-80df-4423-b894-ccbc0bb471ca to target datanode 02b678ac-c8ef-405e-988b-e695d3ac5e9a
2023-09-08 11:18:58,780 [main] DEBUG balancer.ContainerBalancerTask (ContainerBalancerTask.java:lambda$moveContainer$3(837)) - Container move completed for container #38 from source 5a39cc66-80df-4423-b894-ccbc0bb471ca to target 02b678ac-c8ef-405e-988b-e695d3ac5e9a
2023-09-08 11:18:58,784 [main] DEBUG balancer.ContainerBalancerTask (ContainerBalancerTask.java:matchSourceWithTarget(708)) - ContainerBalancer is finding suitable target for source datanode 139d33e0-6468-4eda-aa3b-adb8978ac2ab
2023-09-08 11:18:58,784 [main] INFO  balancer.ContainerBalancerTask (ContainerBalancerTask.java:matchSourceWithTarget(722)) - ContainerBalancer matched source datanode 139d33e0-6468-4eda-aa3b-adb8978ac2ab with target datanode 02b678ac-c8ef-405e-988b-e695d3ac5e9a for container move.
2023-09-08 11:18:58,784 [main] INFO  balancer.ContainerBalancerTask (ContainerBalancerTask.java:processMoveSelection(569)) - ContainerBalancer is trying to move container #86 with size 1073741824B from source datanode 139d33e0-6468-4eda-aa3b-adb8978ac2ab to target datanode 02b678ac-c8ef-405e-988b-e695d3ac5e9a
2023-09-08 11:18:58,784 [main] DEBUG balancer.ContainerBalancerTask (ContainerBalancerTask.java:lambda$moveContainer$3(837)) - Container move completed for container #86 from source 139d33e0-6468-4eda-aa3b-adb8978ac2ab to target 02b678ac-c8ef-405e-988b-e695d3ac5e9a
2023-09-08 11:18:58,788 [main] DEBUG balancer.ContainerBalancerTask (ContainerBalancerTask.java:matchSourceWithTarget(708)) - ContainerBalancer is finding suitable target for source datanode 5a39cc66-80df-4423-b894-ccbc0bb471ca
2023-09-08 11:18:58,788 [main] INFO  balancer.ContainerBalancerTask (ContainerBalancerTask.java:matchSourceWithTarget(722)) - ContainerBalancer matched source datanode 5a39cc66-80df-4423-b894-ccbc0bb471ca with target datanode f1848634-ca26-46a3-bfb9-c31264551bf1 for container move.
2023-09-08 11:18:58,788 [main] INFO  balancer.ContainerBalancerTask (ContainerBalancerTask.java:processMoveSelection(569)) - ContainerBalancer is trying to move container #40 with size 5368709120B from source datanode 5a39cc66-80df-4423-b894-ccbc0bb471ca to target datanode f1848634-ca26-46a3-bfb9-c31264551bf1
2023-09-08 11:18:58,789 [main] DEBUG balancer.ContainerBalancerTask (ContainerBalancerTask.java:lambda$moveContainer$3(837)) - Container move completed for container #40 from source 5a39cc66-80df-4423-b894-ccbc0bb471ca to target f1848634-ca26-46a3-bfb9-c31264551bf1
2023-09-08 11:18:58,792 [main] DEBUG balancer.ContainerBalancerTask (ContainerBalancerTask.java:matchSourceWithTarget(708)) - ContainerBalancer is finding suitable target for source datanode 0d23f583-4167-4f87-af5c-7d5718ec70a5
2023-09-08 11:18:58,792 [main] INFO  balancer.ContainerBalancerTask (ContainerBalancerTask.java:matchSourceWithTarget(722)) - ContainerBalancer matched source datanode 0d23f583-4167-4f87-af5c-7d5718ec70a5 with target datanode f1848634-ca26-46a3-bfb9-c31264551bf1 for container move.
2023-09-08 11:18:58,792 [main] INFO  balancer.ContainerBalancerTask (ContainerBalancerTask.java:processMoveSelection(569)) - ContainerBalancer is trying to move container #28 with size 4294967296B from source datanode 0d23f583-4167-4f87-af5c-7d5718ec70a5 to target datanode f1848634-ca26-46a3-bfb9-c31264551bf1
2023-09-08 11:18:58,792 [main] DEBUG balancer.ContainerBalancerTask (ContainerBalancerTask.java:lambda$moveContainer$3(837)) - Container move completed for container #28 from source 0d23f583-4167-4f87-af5c-7d5718ec70a5 to target f1848634-ca26-46a3-bfb9-c31264551bf1
2023-09-08 11:18:58,796 [main] DEBUG balancer.ContainerBalancerTask (ContainerBalancerTask.java:matchSourceWithTarget(701)) - ContainerBalancer could not find any candidate containers for datanode 139d33e0-6468-4eda-aa3b-adb8978ac2ab
2023-09-08 11:18:58,800 [main] DEBUG balancer.ContainerBalancerTask (ContainerBalancerTask.java:matchSourceWithTarget(708)) - ContainerBalancer is finding suitable target for source datanode c24d194f-b143-4ac7-ab79-331eed515a3a
2023-09-08 11:18:58,800 [main] INFO  balancer.ContainerBalancerTask (ContainerBalancerTask.java:matchSourceWithTarget(722)) - ContainerBalancer matched source datanode c24d194f-b143-4ac7-ab79-331eed515a3a with target datanode f1848634-ca26-46a3-bfb9-c31264551bf1 for container move.
2023-09-08 11:18:58,800 [main] INFO  balancer.ContainerBalancerTask (ContainerBalancerTask.java:processMoveSelection(569)) - ContainerBalancer is trying to move container #36 with size 1073741824B from source datanode c24d194f-b143-4ac7-ab79-331eed515a3a to target datanode f1848634-ca26-46a3-bfb9-c31264551bf1
2023-09-08 11:18:58,800 [main] DEBUG balancer.ContainerBalancerTask (ContainerBalancerTask.java:lambda$moveContainer$3(837)) - Container move completed for container #36 from source c24d194f-b143-4ac7-ab79-331eed515a3a to target f1848634-ca26-46a3-bfb9-c31264551bf1
2023-09-08 11:18:58,804 [main] DEBUG balancer.ContainerBalancerTask (ContainerBalancerTask.java:matchSourceWithTarget(708)) - ContainerBalancer is finding suitable target for source datanode c24d194f-b143-4ac7-ab79-331eed515a3a
2023-09-08 11:18:58,804 [main] INFO  balancer.FindTargetGreedyByUsageInfo (AbstractFindTargetGreedy.java:findTargetForContainerMove(133)) - Container Balancer could not find a target for source datanode c24d194f-b143-4ac7-ab79-331eed515a3a
2023-09-08 11:18:58,804 [main] DEBUG balancer.ContainerBalancerTask (ContainerBalancerTask.java:matchSourceWithTarget(717)) - ContainerBalancer could not find a suitable target for source node c24d194f-b143-4ac7-ab79-331eed515a3a.
2023-09-08 11:18:58,808 [main] DEBUG balancer.ContainerBalancerTask (ContainerBalancerTask.java:matchSourceWithTarget(708)) - ContainerBalancer is finding suitable target for source datanode 5a39cc66-80df-4423-b894-ccbc0bb471ca
2023-09-08 11:18:58,808 [main] INFO  balancer.FindTargetGreedyByUsageInfo (AbstractFindTargetGreedy.java:findTargetForContainerMove(133)) - Container Balancer could not find a target for source datanode 5a39cc66-80df-4423-b894-ccbc0bb471ca
2023-09-08 11:18:58,808 [main] DEBUG balancer.ContainerBalancerTask (ContainerBalancerTask.java:matchSourceWithTarget(717)) - ContainerBalancer could not find a suitable target for source node 5a39cc66-80df-4423-b894-ccbc0bb471ca.
2023-09-08 11:18:58,811 [main] DEBUG balancer.ContainerBalancerTask (ContainerBalancerTask.java:matchSourceWithTarget(708)) - ContainerBalancer is finding suitable target for source datanode 0d23f583-4167-4f87-af5c-7d5718ec70a5
2023-09-08 11:18:58,811 [main] INFO  balancer.FindTargetGreedyByUsageInfo (AbstractFindTargetGreedy.java:findTargetForContainerMove(133)) - Container Balancer could not find a target for source datanode 0d23f583-4167-4f87-af5c-7d5718ec70a5
2023-09-08 11:18:58,811 [main] DEBUG balancer.ContainerBalancerTask (ContainerBalancerTask.java:matchSourceWithTarget(717)) - ContainerBalancer could not find a suitable target for source node 0d23f583-4167-4f87-af5c-7d5718ec70a5.
2023-09-08 11:18:58,812 [main] INFO  balancer.FindSourceGreedy (FindSourceGreedy.java:getNextCandidateSourceDataNode(126)) - no more candidate source data node
2023-09-08 11:18:58,812 [main] INFO  balancer.ContainerBalancerTask (ContainerBalancerTask.java:checkIterationMoveResults(642)) - Iteration Summary. Number of Datanodes involved: 8. Size moved: 40 GB (42949672960 Bytes). Number of Container moves completed: 14.
2023-09-08 11:18:58,812 [main] INFO  balancer.ContainerBalancerTask (ContainerBalancerTask.java:balance(259)) - Result of this iteration of Container Balancer: ITERATION_COMPLETED
2023-09-08 11:18:58,812 [main] INFO  balancer.ContainerBalancerTask (ContainerBalancerTask.java:tryStopWithSaveConfiguration(308)) - Save Configuration for stopping. Reason: Completed all iterations.
2023-09-08 11:18:58,813 [main] DEBUG balancer.ContainerBalancerTask (ContainerBalancerTask.java:initializeIteration(374)) - Average utilization of the cluster is 0.4014412250419025
2023-09-08 11:18:58,813 [main] DEBUG balancer.ContainerBalancerTask (ContainerBalancerTask.java:initializeIteration(386)) - Lower limit for utilization is 0.3014412250419025 and Upper limit for utilization is 0.5014412250419025
2023-09-08 11:18:58,813 [main] DEBUG balancer.ContainerBalancerTask (ContainerBalancerTask.java:initializeIteration(398)) - Utilization for node 139d33e0-6468-4eda-aa3b-adb8978ac2ab with capacity 57266230613B, used 51539607552B, and remaining 5726623061B is 0.9000000000052387
2023-09-08 11:18:58,813 [main] DEBUG balancer.ContainerBalancerTask (ContainerBalancerTask.java:initializeIteration(398)) - Utilization for node 5a39cc66-80df-4423-b894-ccbc0bb471ca with capacity 85899345920B, used 68719476736B, and remaining 17179869184B is 0.8
2023-09-08 11:18:58,813 [main] DEBUG balancer.ContainerBalancerTask (ContainerBalancerTask.java:initializeIteration(398)) - Utilization for node 0d23f583-4167-4f87-af5c-7d5718ec70a5 with capacity 73628010788B, used 51539607552B, and remaining 22088403236B is 0.7000000000054327
2023-09-08 11:18:58,814 [main] DEBUG balancer.ContainerBalancerTask (ContainerBalancerTask.java:initializeIteration(398)) - Utilization for node c24d194f-b143-4ac7-ab79-331eed515a3a with capacity 103795042986B, used 62277025792B, and remaining 41518017194B is 0.6000000000038538
2023-09-08 11:18:58,814 [main] DEBUG balancer.ContainerBalancerTask (ContainerBalancerTask.java:initializeIteration(398)) - Utilization for node ba250af6-25a8-4619-a724-5af97fb6d49a with capacity 100931731456B, used 50465865728B, and remaining 50465865728B is 0.5
2023-09-08 11:18:58,814 [main] DEBUG balancer.ContainerBalancerTask (ContainerBalancerTask.java:initializeIteration(398)) - Utilization for node 6a2d50c9-bd5b-41d3-a817-85f3ec684ad7 with capacity 91268055040B, used 36507222016B, and remaining 54760833024B is 0.4
2023-09-08 11:18:58,814 [main] DEBUG balancer.ContainerBalancerTask (ContainerBalancerTask.java:initializeIteration(398)) - Utilization for node f1848634-ca26-46a3-bfb9-c31264551bf1 with capacity 171798691840B, used 51539607552B, and remaining 120259084288B is 0.3
2023-09-08 11:18:58,814 [main] DEBUG balancer.ContainerBalancerTask (ContainerBalancerTask.java:initializeIteration(398)) - Utilization for node 02b678ac-c8ef-405e-988b-e695d3ac5e9a with capacity 85899345920B, used 17179869184B, and remaining 68719476736B is 0.2
2023-09-08 11:18:58,814 [main] DEBUG balancer.ContainerBalancerTask (ContainerBalancerTask.java:initializeIteration(398)) - Utilization for node 6b29359e-d6c9-4b70-8ee1-c77899dbc4fa with capacity 204010946560B, used 20401094656B, and remaining 183609851904B is 0.1
2023-09-08 11:18:58,814 [main] DEBUG balancer.ContainerBalancerTask (ContainerBalancerTask.java:initializeIteration(398)) - Utilization for node ed25ada4-829a-4ee5-b91d-d428a7bb9619 with capacity 47244640256B, used 0B, and remaining 47244640256B is 0.0
2023-09-08 11:18:58,814 [main] INFO  balancer.ContainerBalancerTask (ContainerBalancerTask.java:initializeIteration(447)) - Container Balancer has identified 4 Over-Utilized and 4 Under-Utilized Datanodes that need to be balanced.
2023-09-08 11:18:58,814 [main] DEBUG balancer.ContainerBalancerTask (ContainerBalancerTask.java:lambda$initializeIteration$1(453)) - Datanode localhost-32.79.214.118 139d33e0-6468-4eda-aa3b-adb8978ac2ab is Over-Utilized.
2023-09-08 11:18:58,814 [main] DEBUG balancer.ContainerBalancerTask (ContainerBalancerTask.java:lambda$initializeIteration$1(453)) - Datanode localhost-46.169.62.197 5a39cc66-80df-4423-b894-ccbc0bb471ca is Over-Utilized.
2023-09-08 11:18:58,814 [main] DEBUG balancer.ContainerBalancerTask (ContainerBalancerTask.java:lambda$initializeIteration$1(453)) - Datanode localhost-126.228.12.78 0d23f583-4167-4f87-af5c-7d5718ec70a5 is Over-Utilized.
2023-09-08 11:18:58,815 [main] DEBUG balancer.ContainerBalancerTask (ContainerBalancerTask.java:lambda$initializeIteration$1(453)) - Datanode localhost-182.181.169.166 c24d194f-b143-4ac7-ab79-331eed515a3a is Over-Utilized.
2023-09-08 11:18:58,815 [main] DEBUG balancer.ContainerBalancerTask (ContainerBalancerTask.java:lambda$initializeIteration$2(459)) - Datanode localhost-187.58.178.121 ed25ada4-829a-4ee5-b91d-d428a7bb9619 is Under-Utilized.
2023-09-08 11:18:58,815 [main] DEBUG balancer.ContainerBalancerTask (ContainerBalancerTask.java:lambda$initializeIteration$2(459)) - Datanode localhost-228.90.66.26 6b29359e-d6c9-4b70-8ee1-c77899dbc4fa is Under-Utilized.
2023-09-08 11:18:58,815 [main] DEBUG balancer.ContainerBalancerTask (ContainerBalancerTask.java:lambda$initializeIteration$2(459)) - Datanode localhost-34.52.193.104 02b678ac-c8ef-405e-988b-e695d3ac5e9a is Under-Utilized.
2023-09-08 11:18:58,815 [main] DEBUG balancer.ContainerBalancerTask (ContainerBalancerTask.java:lambda$initializeIteration$2(459)) - Datanode localhost-67.216.46.114 f1848634-ca26-46a3-bfb9-c31264551bf1 is Under-Utilized.
2023-09-08 11:18:58,817 [main] DEBUG balancer.ContainerBalancerTask (ContainerBalancerTask.java:matchSourceWithTarget(708)) - ContainerBalancer is finding suitable target for source datanode 139d33e0-6468-4eda-aa3b-adb8978ac2ab
2023-09-08 11:18:58,818 [main] INFO  balancer.ContainerBalancerTask (ContainerBalancerTask.java:matchSourceWithTarget(722)) - ContainerBalancer matched source datanode 139d33e0-6468-4eda-aa3b-adb8978ac2ab with target datanode ed25ada4-829a-4ee5-b91d-d428a7bb9619 for container move.
2023-09-08 11:18:58,818 [main] INFO  balancer.ContainerBalancerTask (ContainerBalancerTask.java:processMoveSelection(569)) - ContainerBalancer is trying to move container #84 with size 4294967296B from source datanode 139d33e0-6468-4eda-aa3b-adb8978ac2ab to target datanode ed25ada4-829a-4ee5-b91d-d428a7bb9619
2023-09-08 11:18:58,818 [main] WARN  balancer.ContainerBalancerTask (ContainerBalancerTask.java:lambda$moveContainer$3(842)) - Container move for container #84 from source 139d33e0-6468-4eda-aa3b-adb8978ac2ab to target ed25ada4-829a-4ee5-b91d-d428a7bb9619 failed: REPLICATION_FAIL_NODE_UNHEALTHY
2023-09-08 11:18:58,821 [main] DEBUG balancer.ContainerBalancerTask (ContainerBalancerTask.java:matchSourceWithTarget(708)) - ContainerBalancer is finding suitable target for source datanode 5a39cc66-80df-4423-b894-ccbc0bb471ca
2023-09-08 11:18:58,821 [main] INFO  balancer.ContainerBalancerTask (ContainerBalancerTask.java:matchSourceWithTarget(722)) - ContainerBalancer matched source datanode 5a39cc66-80df-4423-b894-ccbc0bb471ca with target datanode ed25ada4-829a-4ee5-b91d-d428a7bb9619 for container move.
2023-09-08 11:18:58,821 [main] INFO  balancer.ContainerBalancerTask (ContainerBalancerTask.java:processMoveSelection(569)) - ContainerBalancer is trying to move container #68 with size 5368709120B from source datanode 5a39cc66-80df-4423-b894-ccbc0bb471ca to target datanode ed25ada4-829a-4ee5-b91d-d428a7bb9619
2023-09-08 11:18:58,822 [main] WARN  balancer.ContainerBalancerTask (ContainerBalancerTask.java:lambda$moveContainer$3(842)) - Container move for container #68 from source 5a39cc66-80df-4423-b894-ccbc0bb471ca to target ed25ada4-829a-4ee5-b91d-d428a7bb9619 failed: REPLICATION_FAIL_NODE_UNHEALTHY
2023-09-08 11:18:58,824 [main] DEBUG balancer.ContainerBalancerTask (ContainerBalancerTask.java:matchSourceWithTarget(708)) - ContainerBalancer is finding suitable target for source datanode 0d23f583-4167-4f87-af5c-7d5718ec70a5
2023-09-08 11:18:58,824 [main] INFO  balancer.ContainerBalancerTask (ContainerBalancerTask.java:matchSourceWithTarget(722)) - ContainerBalancer matched source datanode 0d23f583-4167-4f87-af5c-7d5718ec70a5 with target datanode ed25ada4-829a-4ee5-b91d-d428a7bb9619 for container move.
2023-09-08 11:18:58,824 [main] INFO  balancer.ContainerBalancerTask (ContainerBalancerTask.java:processMoveSelection(569)) - ContainerBalancer is trying to move container #84 with size 4294967296B from source datanode 0d23f583-4167-4f87-af5c-7d5718ec70a5 to target datanode ed25ada4-829a-4ee5-b91d-d428a7bb9619
2023-09-08 11:18:58,825 [main] WARN  balancer.ContainerBalancerTask (ContainerBalancerTask.java:lambda$moveContainer$3(842)) - Container move for container #84 from source 0d23f583-4167-4f87-af5c-7d5718ec70a5 to target ed25ada4-829a-4ee5-b91d-d428a7bb9619 failed: REPLICATION_FAIL_NODE_UNHEALTHY
2023-09-08 11:18:58,827 [main] DEBUG balancer.ContainerBalancerTask (ContainerBalancerTask.java:matchSourceWithTarget(708)) - ContainerBalancer is finding suitable target for source datanode c24d194f-b143-4ac7-ab79-331eed515a3a
2023-09-08 11:18:58,827 [main] INFO  balancer.ContainerBalancerTask (ContainerBalancerTask.java:matchSourceWithTarget(722)) - ContainerBalancer matched source datanode c24d194f-b143-4ac7-ab79-331eed515a3a with target datanode ed25ada4-829a-4ee5-b91d-d428a7bb9619 for container move.
2023-09-08 11:18:58,827 [main] INFO  balancer.ContainerBalancerTask (ContainerBalancerTask.java:processMoveSelection(569)) - ContainerBalancer is trying to move container #68 with size 5368709120B from source datanode c24d194f-b143-4ac7-ab79-331eed515a3a to target datanode ed25ada4-829a-4ee5-b91d-d428a7bb9619
2023-09-08 11:18:58,828 [main] WARN  balancer.ContainerBalancerTask (ContainerBalancerTask.java:lambda$moveContainer$3(842)) - Container move for container #68 from source c24d194f-b143-4ac7-ab79-331eed515a3a to target ed25ada4-829a-4ee5-b91d-d428a7bb9619 failed: REPLICATION_FAIL_NODE_UNHEALTHY
2023-09-08 11:18:58,828 [main] INFO  balancer.FindSourceGreedy (FindSourceGreedy.java:getNextCandidateSourceDataNode(126)) - no more candidate source data node
2023-09-08 11:18:58,828 [main] INFO  balancer.ContainerBalancerTask (ContainerBalancerTask.java:checkIterationMoveResults(642)) - Iteration Summary. Number of Datanodes involved: 0. Size moved: 0 B (0 Bytes). Number of Container moves completed: 0.
2023-09-08 11:18:58,828 [main] INFO  balancer.ContainerBalancerTask (ContainerBalancerTask.java:balance(259)) - Result of this iteration of Container Balancer: ITERATION_COMPLETED
2023-09-08 11:18:58,828 [main] INFO  balancer.ContainerBalancerTask (ContainerBalancerTask.java:tryStopWithSaveConfiguration(308)) - Save Configuration for stopping. Reason: Completed all iterations.
2023-09-08 11:18:58,834 [main] DEBUG balancer.ContainerBalancerTask (ContainerBalancerTask.java:initializeIteration(374)) - Average utilization of the cluster is 0.4014412250419025
2023-09-08 11:18:58,834 [main] DEBUG balancer.ContainerBalancerTask (ContainerBalancerTask.java:initializeIteration(386)) - Lower limit for utilization is 0.3014412250419025 and Upper limit for utilization is 0.5014412250419025
2023-09-08 11:18:58,834 [main] DEBUG balancer.ContainerBalancerTask (ContainerBalancerTask.java:initializeIteration(398)) - Utilization for node 139d33e0-6468-4eda-aa3b-adb8978ac2ab with capacity 57266230613B, used 51539607552B, and remaining 5726623061B is 0.9000000000052387
2023-09-08 11:18:58,834 [main] DEBUG balancer.ContainerBalancerTask (ContainerBalancerTask.java:initializeIteration(398)) - Utilization for node 5a39cc66-80df-4423-b894-ccbc0bb471ca with capacity 85899345920B, used 68719476736B, and remaining 17179869184B is 0.8
2023-09-08 11:18:58,834 [main] DEBUG balancer.ContainerBalancerTask (ContainerBalancerTask.java:initializeIteration(398)) - Utilization for node 0d23f583-4167-4f87-af5c-7d5718ec70a5 with capacity 73628010788B, used 51539607552B, and remaining 22088403236B is 0.7000000000054327
2023-09-08 11:18:58,834 [main] DEBUG balancer.ContainerBalancerTask (ContainerBalancerTask.java:initializeIteration(398)) - Utilization for node c24d194f-b143-4ac7-ab79-331eed515a3a with capacity 103795042986B, used 62277025792B, and remaining 41518017194B is 0.6000000000038538
2023-09-08 11:18:58,834 [main] DEBUG balancer.ContainerBalancerTask (ContainerBalancerTask.java:initializeIteration(398)) - Utilization for node ba250af6-25a8-4619-a724-5af97fb6d49a with capacity 100931731456B, used 50465865728B, and remaining 50465865728B is 0.5
2023-09-08 11:18:58,834 [main] DEBUG balancer.ContainerBalancerTask (ContainerBalancerTask.java:initializeIteration(398)) - Utilization for node 6a2d50c9-bd5b-41d3-a817-85f3ec684ad7 with capacity 91268055040B, used 36507222016B, and remaining 54760833024B is 0.4
2023-09-08 11:18:58,834 [main] DEBUG balancer.ContainerBalancerTask (ContainerBalancerTask.java:initializeIteration(398)) - Utilization for node f1848634-ca26-46a3-bfb9-c31264551bf1 with capacity 171798691840B, used 51539607552B, and remaining 120259084288B is 0.3
2023-09-08 11:18:58,835 [main] DEBUG balancer.ContainerBalancerTask (ContainerBalancerTask.java:initializeIteration(398)) - Utilization for node 02b678ac-c8ef-405e-988b-e695d3ac5e9a with capacity 85899345920B, used 17179869184B, and remaining 68719476736B is 0.2
2023-09-08 11:18:58,835 [main] DEBUG balancer.ContainerBalancerTask (ContainerBalancerTask.java:initializeIteration(398)) - Utilization for node 6b29359e-d6c9-4b70-8ee1-c77899dbc4fa with capacity 204010946560B, used 20401094656B, and remaining 183609851904B is 0.1
2023-09-08 11:18:58,835 [main] DEBUG balancer.ContainerBalancerTask (ContainerBalancerTask.java:initializeIteration(398)) - Utilization for node ed25ada4-829a-4ee5-b91d-d428a7bb9619 with capacity 47244640256B, used 0B, and remaining 47244640256B is 0.0
2023-09-08 11:18:58,835 [main] INFO  balancer.ContainerBalancerTask (ContainerBalancerTask.java:initializeIteration(447)) - Container Balancer has identified 4 Over-Utilized and 4 Under-Utilized Datanodes that need to be balanced.
2023-09-08 11:18:58,836 [main] DEBUG balancer.ContainerBalancerTask (ContainerBalancerTask.java:lambda$initializeIteration$1(453)) - Datanode localhost-32.79.214.118 139d33e0-6468-4eda-aa3b-adb8978ac2ab is Over-Utilized.
2023-09-08 11:18:58,836 [main] DEBUG balancer.ContainerBalancerTask (ContainerBalancerTask.java:lambda$initializeIteration$1(453)) - Datanode localhost-46.169.62.197 5a39cc66-80df-4423-b894-ccbc0bb471ca is Over-Utilized.
2023-09-08 11:18:58,836 [main] DEBUG balancer.ContainerBalancerTask (ContainerBalancerTask.java:lambda$initializeIteration$1(453)) - Datanode localhost-126.228.12.78 0d23f583-4167-4f87-af5c-7d5718ec70a5 is Over-Utilized.
2023-09-08 11:18:58,836 [main] DEBUG balancer.ContainerBalancerTask (ContainerBalancerTask.java:lambda$initializeIteration$1(453)) - Datanode localhost-182.181.169.166 c24d194f-b143-4ac7-ab79-331eed515a3a is Over-Utilized.
2023-09-08 11:18:58,836 [main] DEBUG balancer.ContainerBalancerTask (ContainerBalancerTask.java:lambda$initializeIteration$2(459)) - Datanode localhost-187.58.178.121 ed25ada4-829a-4ee5-b91d-d428a7bb9619 is Under-Utilized.
2023-09-08 11:18:58,836 [main] DEBUG balancer.ContainerBalancerTask (ContainerBalancerTask.java:lambda$initializeIteration$2(459)) - Datanode localhost-228.90.66.26 6b29359e-d6c9-4b70-8ee1-c77899dbc4fa is Under-Utilized.
2023-09-08 11:18:58,836 [main] DEBUG balancer.ContainerBalancerTask (ContainerBalancerTask.java:lambda$initializeIteration$2(459)) - Datanode localhost-34.52.193.104 02b678ac-c8ef-405e-988b-e695d3ac5e9a is Under-Utilized.
2023-09-08 11:18:58,836 [main] DEBUG balancer.ContainerBalancerTask (ContainerBalancerTask.java:lambda$initializeIteration$2(459)) - Datanode localhost-67.216.46.114 f1848634-ca26-46a3-bfb9-c31264551bf1 is Under-Utilized.
2023-09-08 11:18:58,840 [main] DEBUG balancer.ContainerBalancerTask (ContainerBalancerTask.java:matchSourceWithTarget(708)) - ContainerBalancer is finding suitable target for source datanode 139d33e0-6468-4eda-aa3b-adb8978ac2ab
2023-09-08 11:18:58,840 [main] INFO  balancer.ContainerBalancerTask (ContainerBalancerTask.java:matchSourceWithTarget(722)) - ContainerBalancer matched source datanode 139d33e0-6468-4eda-aa3b-adb8978ac2ab with target datanode ed25ada4-829a-4ee5-b91d-d428a7bb9619 for container move.
2023-09-08 11:18:58,840 [main] INFO  balancer.ContainerBalancerTask (ContainerBalancerTask.java:processMoveSelection(569)) - ContainerBalancer is trying to move container #85 with size 5368709120B from source datanode 139d33e0-6468-4eda-aa3b-adb8978ac2ab to target datanode ed25ada4-829a-4ee5-b91d-d428a7bb9619
2023-09-08 11:18:58,841 [main] DEBUG balancer.ContainerBalancerTask (ContainerBalancerTask.java:lambda$moveContainer$3(837)) - Container move completed for container #85 from source 139d33e0-6468-4eda-aa3b-adb8978ac2ab to target ed25ada4-829a-4ee5-b91d-d428a7bb9619
2023-09-08 11:18:58,843 [main] DEBUG balancer.ContainerBalancerTask (ContainerBalancerTask.java:matchSourceWithTarget(708)) - ContainerBalancer is finding suitable target for source datanode 139d33e0-6468-4eda-aa3b-adb8978ac2ab
2023-09-08 11:18:58,844 [main] INFO  balancer.ContainerBalancerTask (ContainerBalancerTask.java:matchSourceWithTarget(722)) - ContainerBalancer matched source datanode 139d33e0-6468-4eda-aa3b-adb8978ac2ab with target datanode 6b29359e-d6c9-4b70-8ee1-c77899dbc4fa for container move.
2023-09-08 11:18:58,844 [main] INFO  balancer.ContainerBalancerTask (ContainerBalancerTask.java:processMoveSelection(569)) - ContainerBalancer is trying to move container #89 with size 4294967296B from source datanode 139d33e0-6468-4eda-aa3b-adb8978ac2ab to target datanode 6b29359e-d6c9-4b70-8ee1-c77899dbc4fa
2023-09-08 11:18:58,844 [main] DEBUG balancer.ContainerBalancerTask (ContainerBalancerTask.java:lambda$moveContainer$3(837)) - Container move completed for container #89 from source 139d33e0-6468-4eda-aa3b-adb8978ac2ab to target 6b29359e-d6c9-4b70-8ee1-c77899dbc4fa
2023-09-08 11:18:58,847 [main] DEBUG balancer.ContainerBalancerTask (ContainerBalancerTask.java:matchSourceWithTarget(708)) - ContainerBalancer is finding suitable target for source datanode 5a39cc66-80df-4423-b894-ccbc0bb471ca
2023-09-08 11:18:58,848 [main] INFO  balancer.ContainerBalancerTask (ContainerBalancerTask.java:matchSourceWithTarget(722)) - ContainerBalancer matched source datanode 5a39cc66-80df-4423-b894-ccbc0bb471ca with target datanode ed25ada4-829a-4ee5-b91d-d428a7bb9619 for container move.
2023-09-08 11:18:58,848 [main] INFO  balancer.ContainerBalancerTask (ContainerBalancerTask.java:processMoveSelection(569)) - ContainerBalancer is trying to move container #69 with size 1073741824B from source datanode 5a39cc66-80df-4423-b894-ccbc0bb471ca to target datanode ed25ada4-829a-4ee5-b91d-d428a7bb9619
2023-09-08 11:18:58,848 [main] DEBUG balancer.ContainerBalancerTask (ContainerBalancerTask.java:lambda$moveContainer$3(837)) - Container move completed for container #69 from source 5a39cc66-80df-4423-b894-ccbc0bb471ca to target ed25ada4-829a-4ee5-b91d-d428a7bb9619
2023-09-08 11:18:58,848 [main] WARN  balancer.ContainerBalancerTask (ContainerBalancerTask.java:reachedMaxSizeToMovePerIteration(733)) - Reached max size to move limit. 10737418240 bytes have already been scheduled for balancing and the limit is 10737418240 bytes.
2023-09-08 11:18:58,848 [main] INFO  balancer.ContainerBalancerTask (ContainerBalancerTask.java:checkIterationMoveResults(642)) - Iteration Summary. Number of Datanodes involved: 4. Size moved: 10 GB (10737418240 Bytes). Number of Container moves completed: 3.
2023-09-08 11:18:58,848 [main] INFO  balancer.ContainerBalancerTask (ContainerBalancerTask.java:balance(259)) - Result of this iteration of Container Balancer: ITERATION_COMPLETED
2023-09-08 11:18:58,848 [main] INFO  balancer.ContainerBalancerTask (ContainerBalancerTask.java:tryStopWithSaveConfiguration(308)) - Save Configuration for stopping. Reason: Completed all iterations.
]]></system-out>
  </testcase>
  <testcase name="targetDatanodeShouldBeInServiceHealthy" classname="org.apache.hadoop.hdds.scm.container.balancer.TestContainerBalancerTask" time="0.073">
    <system-out><![CDATA[2023-09-08 11:18:58,871 [main] INFO  net.NodeSchemaLoader (NodeSchemaLoader.java:loadSchemaFromFile(129)) - Loading schema from [file:/home/runner/work/ozone/ozone/hadoop-hdds/common/target/classes/network-topology-default.xml]
2023-09-08 11:18:58,872 [main] INFO  net.NodeSchemaLoader (NodeSchemaLoader.java:loadSchema(176)) - Loading network topology layer schema file
2023-09-08 11:18:58,873 [main] INFO  net.NetworkTopologyImpl (NetworkTopologyImpl.java:add(112)) - Added a new node: /default-rack/d651b85a-a962-4768-a75e-eb3150f87f86
2023-09-08 11:18:58,873 [main] INFO  net.NetworkTopologyImpl (NetworkTopologyImpl.java:add(112)) - Added a new node: /default-rack/8798db4b-eac1-4e20-bef3-955f6a305e0b
2023-09-08 11:18:58,873 [main] INFO  net.NetworkTopologyImpl (NetworkTopologyImpl.java:add(112)) - Added a new node: /default-rack/64d4b1aa-d709-434f-aa15-dc208832b17a
2023-09-08 11:18:58,873 [main] INFO  net.NetworkTopologyImpl (NetworkTopologyImpl.java:add(112)) - Added a new node: /default-rack/26ba6464-5a20-4f3d-b1a8-3b1e9b26f294
2023-09-08 11:18:58,873 [main] INFO  net.NetworkTopologyImpl (NetworkTopologyImpl.java:add(112)) - Added a new node: /default-rack/1ae3b3e2-9af8-48ae-87a7-5c50397bcb03
2023-09-08 11:18:58,874 [main] INFO  net.NetworkTopologyImpl (NetworkTopologyImpl.java:add(112)) - Added a new node: /default-rack/96ee324b-ed74-4f5c-be33-4b51c81cc3aa
2023-09-08 11:18:58,874 [main] INFO  net.NetworkTopologyImpl (NetworkTopologyImpl.java:add(112)) - Added a new node: /default-rack/5f2167da-4549-4b27-8877-e88939507901
2023-09-08 11:18:58,874 [main] INFO  net.NetworkTopologyImpl (NetworkTopologyImpl.java:add(112)) - Added a new node: /default-rack/8d2d5fb4-f725-4615-b9e4-a984b4212e54
2023-09-08 11:18:58,874 [main] INFO  net.NetworkTopologyImpl (NetworkTopologyImpl.java:add(112)) - Added a new node: /default-rack/c57ebebd-045a-478b-81b5-5abc6626bd70
2023-09-08 11:18:58,874 [main] INFO  net.NetworkTopologyImpl (NetworkTopologyImpl.java:add(112)) - Added a new node: /default-rack/9ab0b816-e3f3-4e5e-83cf-f93701b2d2ff
2023-09-08 11:18:58,874 [main] INFO  algorithms.ContainerPlacementPolicyFactory (ContainerPlacementPolicyFactory.java:getPolicyInternal(86)) - Create container placement policy of type org.apache.hadoop.hdds.scm.container.placement.algorithms.SCMContainerPlacementRackAware
2023-09-08 11:18:58,874 [main] INFO  algorithms.ContainerPlacementPolicyFactory (ContainerPlacementPolicyFactory.java:getPolicyInternal(86)) - Create container placement policy of type org.apache.hadoop.hdds.scm.container.placement.algorithms.SCMContainerPlacementRackScatter
2023-09-08 11:18:58,877 [main] DEBUG balancer.ContainerBalancerTask (ContainerBalancerTask.java:initializeIteration(374)) - Average utilization of the cluster is 0.39090133301992225
2023-09-08 11:18:58,877 [main] DEBUG balancer.ContainerBalancerTask (ContainerBalancerTask.java:initializeIteration(386)) - Lower limit for utilization is 0.29090133301992227 and Upper limit for utilization is 0.4909013330199222
2023-09-08 11:18:58,877 [main] DEBUG balancer.ContainerBalancerTask (ContainerBalancerTask.java:initializeIteration(398)) - Utilization for node 5f2167da-4549-4b27-8877-e88939507901 with capacity 48914905315B, used 44023414784B, and remaining 4891490531B is 0.9000000000102218
2023-09-08 11:18:58,877 [main] DEBUG balancer.ContainerBalancerTask (ContainerBalancerTask.java:initializeIteration(398)) - Utilization for node d651b85a-a962-4768-a75e-eb3150f87f86 with capacity 92610232320B, used 74088185856B, and remaining 18522046464B is 0.8
2023-09-08 11:18:58,877 [main] DEBUG balancer.ContainerBalancerTask (ContainerBalancerTask.java:initializeIteration(398)) - Utilization for node 96ee324b-ed74-4f5c-be33-4b51c81cc3aa with capacity 75161927680B, used 52613349376B, and remaining 22548578304B is 0.7
2023-09-08 11:18:58,877 [main] DEBUG balancer.ContainerBalancerTask (ContainerBalancerTask.java:initializeIteration(398)) - Utilization for node 26ba6464-5a20-4f3d-b1a8-3b1e9b26f294 with capacity 87688915626B, used 52613349376B, and remaining 35075566250B is 0.6000000000045616
2023-09-08 11:18:58,877 [main] DEBUG balancer.ContainerBalancerTask (ContainerBalancerTask.java:initializeIteration(398)) - Utilization for node 9ab0b816-e3f3-4e5e-83cf-f93701b2d2ff with capacity 98784247808B, used 49392123904B, and remaining 49392123904B is 0.5
2023-09-08 11:18:58,878 [main] DEBUG balancer.ContainerBalancerTask (ContainerBalancerTask.java:initializeIteration(398)) - Utilization for node 64d4b1aa-d709-434f-aa15-dc208832b17a with capacity 104689827840B, used 41875931136B, and remaining 62813896704B is 0.4
2023-09-08 11:18:58,878 [main] DEBUG balancer.ContainerBalancerTask (ContainerBalancerTask.java:initializeIteration(398)) - Utilization for node 8d2d5fb4-f725-4615-b9e4-a984b4212e54 with capacity 75161927680B, used 22548578304B, and remaining 52613349376B is 0.3
2023-09-08 11:18:58,878 [main] DEBUG balancer.ContainerBalancerTask (ContainerBalancerTask.java:initializeIteration(398)) - Utilization for node 1ae3b3e2-9af8-48ae-87a7-5c50397bcb03 with capacity 204010946560B, used 40802189312B, and remaining 163208757248B is 0.2
2023-09-08 11:18:58,878 [main] DEBUG balancer.ContainerBalancerTask (ContainerBalancerTask.java:initializeIteration(398)) - Utilization for node c57ebebd-045a-478b-81b5-5abc6626bd70 with capacity 182536110080B, used 18253611008B, and remaining 164282499072B is 0.1
2023-09-08 11:18:58,878 [main] DEBUG balancer.ContainerBalancerTask (ContainerBalancerTask.java:initializeIteration(398)) - Utilization for node 8798db4b-eac1-4e20-bef3-955f6a305e0b with capacity 44023414784B, used 0B, and remaining 44023414784B is 0.0
2023-09-08 11:18:58,878 [main] INFO  balancer.ContainerBalancerTask (ContainerBalancerTask.java:initializeIteration(447)) - Container Balancer has identified 5 Over-Utilized and 3 Under-Utilized Datanodes that need to be balanced.
2023-09-08 11:18:58,878 [main] DEBUG balancer.ContainerBalancerTask (ContainerBalancerTask.java:lambda$initializeIteration$1(453)) - Datanode localhost-179.9.127.130 5f2167da-4549-4b27-8877-e88939507901 is Over-Utilized.
2023-09-08 11:18:58,878 [main] DEBUG balancer.ContainerBalancerTask (ContainerBalancerTask.java:lambda$initializeIteration$1(453)) - Datanode localhost-233.214.172.35 d651b85a-a962-4768-a75e-eb3150f87f86 is Over-Utilized.
2023-09-08 11:18:58,878 [main] DEBUG balancer.ContainerBalancerTask (ContainerBalancerTask.java:lambda$initializeIteration$1(453)) - Datanode localhost-18.63.119.203 96ee324b-ed74-4f5c-be33-4b51c81cc3aa is Over-Utilized.
2023-09-08 11:18:58,878 [main] DEBUG balancer.ContainerBalancerTask (ContainerBalancerTask.java:lambda$initializeIteration$1(453)) - Datanode localhost-6.174.89.108 26ba6464-5a20-4f3d-b1a8-3b1e9b26f294 is Over-Utilized.
2023-09-08 11:18:58,878 [main] DEBUG balancer.ContainerBalancerTask (ContainerBalancerTask.java:lambda$initializeIteration$1(453)) - Datanode localhost-62.31.60.185 9ab0b816-e3f3-4e5e-83cf-f93701b2d2ff is Over-Utilized.
2023-09-08 11:18:58,878 [main] DEBUG balancer.ContainerBalancerTask (ContainerBalancerTask.java:lambda$initializeIteration$2(459)) - Datanode localhost-132.168.219.51 8798db4b-eac1-4e20-bef3-955f6a305e0b is Under-Utilized.
2023-09-08 11:18:58,879 [main] DEBUG balancer.ContainerBalancerTask (ContainerBalancerTask.java:lambda$initializeIteration$2(459)) - Datanode localhost-183.3.148.37 c57ebebd-045a-478b-81b5-5abc6626bd70 is Under-Utilized.
2023-09-08 11:18:58,879 [main] DEBUG balancer.ContainerBalancerTask (ContainerBalancerTask.java:lambda$initializeIteration$2(459)) - Datanode localhost-242.25.31.135 1ae3b3e2-9af8-48ae-87a7-5c50397bcb03 is Under-Utilized.
2023-09-08 11:18:58,881 [main] DEBUG balancer.ContainerBalancerTask (ContainerBalancerTask.java:matchSourceWithTarget(708)) - ContainerBalancer is finding suitable target for source datanode 5f2167da-4549-4b27-8877-e88939507901
2023-09-08 11:18:58,881 [main] INFO  balancer.ContainerBalancerTask (ContainerBalancerTask.java:matchSourceWithTarget(722)) - ContainerBalancer matched source datanode 5f2167da-4549-4b27-8877-e88939507901 with target datanode 8798db4b-eac1-4e20-bef3-955f6a305e0b for container move.
2023-09-08 11:18:58,881 [main] INFO  balancer.ContainerBalancerTask (ContainerBalancerTask.java:processMoveSelection(569)) - ContainerBalancer is trying to move container #85 with size 5368709120B from source datanode 5f2167da-4549-4b27-8877-e88939507901 to target datanode 8798db4b-eac1-4e20-bef3-955f6a305e0b
2023-09-08 11:18:58,881 [main] DEBUG balancer.ContainerBalancerTask (ContainerBalancerTask.java:lambda$moveContainer$3(837)) - Container move completed for container #85 from source 5f2167da-4549-4b27-8877-e88939507901 to target 8798db4b-eac1-4e20-bef3-955f6a305e0b
2023-09-08 11:18:58,885 [main] DEBUG balancer.ContainerBalancerTask (ContainerBalancerTask.java:matchSourceWithTarget(708)) - ContainerBalancer is finding suitable target for source datanode d651b85a-a962-4768-a75e-eb3150f87f86
2023-09-08 11:18:58,885 [main] INFO  balancer.ContainerBalancerTask (ContainerBalancerTask.java:matchSourceWithTarget(722)) - ContainerBalancer matched source datanode d651b85a-a962-4768-a75e-eb3150f87f86 with target datanode c57ebebd-045a-478b-81b5-5abc6626bd70 for container move.
2023-09-08 11:18:58,885 [main] INFO  balancer.ContainerBalancerTask (ContainerBalancerTask.java:processMoveSelection(569)) - ContainerBalancer is trying to move container #68 with size 5368709120B from source datanode d651b85a-a962-4768-a75e-eb3150f87f86 to target datanode c57ebebd-045a-478b-81b5-5abc6626bd70
2023-09-08 11:18:58,885 [main] DEBUG balancer.ContainerBalancerTask (ContainerBalancerTask.java:lambda$moveContainer$3(837)) - Container move completed for container #68 from source d651b85a-a962-4768-a75e-eb3150f87f86 to target c57ebebd-045a-478b-81b5-5abc6626bd70
2023-09-08 11:18:58,887 [main] DEBUG balancer.ContainerBalancerTask (ContainerBalancerTask.java:matchSourceWithTarget(708)) - ContainerBalancer is finding suitable target for source datanode 5f2167da-4549-4b27-8877-e88939507901
2023-09-08 11:18:58,887 [main] INFO  balancer.ContainerBalancerTask (ContainerBalancerTask.java:matchSourceWithTarget(722)) - ContainerBalancer matched source datanode 5f2167da-4549-4b27-8877-e88939507901 with target datanode 8798db4b-eac1-4e20-bef3-955f6a305e0b for container move.
2023-09-08 11:18:58,888 [main] INFO  balancer.ContainerBalancerTask (ContainerBalancerTask.java:processMoveSelection(569)) - ContainerBalancer is trying to move container #53 with size 5368709120B from source datanode 5f2167da-4549-4b27-8877-e88939507901 to target datanode 8798db4b-eac1-4e20-bef3-955f6a305e0b
2023-09-08 11:18:58,888 [main] DEBUG balancer.ContainerBalancerTask (ContainerBalancerTask.java:lambda$moveContainer$3(837)) - Container move completed for container #53 from source 5f2167da-4549-4b27-8877-e88939507901 to target 8798db4b-eac1-4e20-bef3-955f6a305e0b
2023-09-08 11:18:58,891 [main] DEBUG balancer.ContainerBalancerTask (ContainerBalancerTask.java:matchSourceWithTarget(708)) - ContainerBalancer is finding suitable target for source datanode d651b85a-a962-4768-a75e-eb3150f87f86
2023-09-08 11:18:58,891 [main] INFO  balancer.ContainerBalancerTask (ContainerBalancerTask.java:matchSourceWithTarget(722)) - ContainerBalancer matched source datanode d651b85a-a962-4768-a75e-eb3150f87f86 with target datanode c57ebebd-045a-478b-81b5-5abc6626bd70 for container move.
2023-09-08 11:18:58,892 [main] INFO  balancer.ContainerBalancerTask (ContainerBalancerTask.java:processMoveSelection(569)) - ContainerBalancer is trying to move container #40 with size 5368709120B from source datanode d651b85a-a962-4768-a75e-eb3150f87f86 to target datanode c57ebebd-045a-478b-81b5-5abc6626bd70
2023-09-08 11:18:58,892 [main] DEBUG balancer.ContainerBalancerTask (ContainerBalancerTask.java:lambda$moveContainer$3(837)) - Container move completed for container #40 from source d651b85a-a962-4768-a75e-eb3150f87f86 to target c57ebebd-045a-478b-81b5-5abc6626bd70
2023-09-08 11:18:58,895 [main] DEBUG balancer.ContainerBalancerTask (ContainerBalancerTask.java:matchSourceWithTarget(708)) - ContainerBalancer is finding suitable target for source datanode 96ee324b-ed74-4f5c-be33-4b51c81cc3aa
2023-09-08 11:18:58,895 [main] INFO  balancer.ContainerBalancerTask (ContainerBalancerTask.java:matchSourceWithTarget(722)) - ContainerBalancer matched source datanode 96ee324b-ed74-4f5c-be33-4b51c81cc3aa with target datanode c57ebebd-045a-478b-81b5-5abc6626bd70 for container move.
2023-09-08 11:18:58,895 [main] INFO  balancer.ContainerBalancerTask (ContainerBalancerTask.java:processMoveSelection(569)) - ContainerBalancer is trying to move container #29 with size 5368709120B from source datanode 96ee324b-ed74-4f5c-be33-4b51c81cc3aa to target datanode c57ebebd-045a-478b-81b5-5abc6626bd70
2023-09-08 11:18:58,895 [main] DEBUG balancer.ContainerBalancerTask (ContainerBalancerTask.java:lambda$moveContainer$3(837)) - Container move completed for container #29 from source 96ee324b-ed74-4f5c-be33-4b51c81cc3aa to target c57ebebd-045a-478b-81b5-5abc6626bd70
2023-09-08 11:18:58,898 [main] DEBUG balancer.ContainerBalancerTask (ContainerBalancerTask.java:matchSourceWithTarget(708)) - ContainerBalancer is finding suitable target for source datanode d651b85a-a962-4768-a75e-eb3150f87f86
2023-09-08 11:18:58,899 [main] INFO  balancer.ContainerBalancerTask (ContainerBalancerTask.java:matchSourceWithTarget(722)) - ContainerBalancer matched source datanode d651b85a-a962-4768-a75e-eb3150f87f86 with target datanode c57ebebd-045a-478b-81b5-5abc6626bd70 for container move.
2023-09-08 11:18:58,899 [main] INFO  balancer.ContainerBalancerTask (ContainerBalancerTask.java:processMoveSelection(569)) - ContainerBalancer is trying to move container #89 with size 4294967296B from source datanode d651b85a-a962-4768-a75e-eb3150f87f86 to target datanode c57ebebd-045a-478b-81b5-5abc6626bd70
2023-09-08 11:18:58,899 [main] DEBUG balancer.ContainerBalancerTask (ContainerBalancerTask.java:lambda$moveContainer$3(837)) - Container move completed for container #89 from source d651b85a-a962-4768-a75e-eb3150f87f86 to target c57ebebd-045a-478b-81b5-5abc6626bd70
2023-09-08 11:18:58,901 [main] DEBUG balancer.ContainerBalancerTask (ContainerBalancerTask.java:matchSourceWithTarget(708)) - ContainerBalancer is finding suitable target for source datanode 5f2167da-4549-4b27-8877-e88939507901
2023-09-08 11:18:58,901 [main] INFO  balancer.ContainerBalancerTask (ContainerBalancerTask.java:matchSourceWithTarget(722)) - ContainerBalancer matched source datanode 5f2167da-4549-4b27-8877-e88939507901 with target datanode 1ae3b3e2-9af8-48ae-87a7-5c50397bcb03 for container move.
2023-09-08 11:18:58,902 [main] INFO  balancer.ContainerBalancerTask (ContainerBalancerTask.java:processMoveSelection(569)) - ContainerBalancer is trying to move container #84 with size 4294967296B from source datanode 5f2167da-4549-4b27-8877-e88939507901 to target datanode 1ae3b3e2-9af8-48ae-87a7-5c50397bcb03
2023-09-08 11:18:58,902 [main] DEBUG balancer.ContainerBalancerTask (ContainerBalancerTask.java:lambda$moveContainer$3(837)) - Container move completed for container #84 from source 5f2167da-4549-4b27-8877-e88939507901 to target 1ae3b3e2-9af8-48ae-87a7-5c50397bcb03
2023-09-08 11:18:58,905 [main] DEBUG balancer.ContainerBalancerTask (ContainerBalancerTask.java:matchSourceWithTarget(708)) - ContainerBalancer is finding suitable target for source datanode d651b85a-a962-4768-a75e-eb3150f87f86
2023-09-08 11:18:58,905 [main] INFO  balancer.ContainerBalancerTask (ContainerBalancerTask.java:matchSourceWithTarget(722)) - ContainerBalancer matched source datanode d651b85a-a962-4768-a75e-eb3150f87f86 with target datanode c57ebebd-045a-478b-81b5-5abc6626bd70 for container move.
2023-09-08 11:18:58,906 [main] INFO  balancer.ContainerBalancerTask (ContainerBalancerTask.java:processMoveSelection(569)) - ContainerBalancer is trying to move container #67 with size 4294967296B from source datanode d651b85a-a962-4768-a75e-eb3150f87f86 to target datanode c57ebebd-045a-478b-81b5-5abc6626bd70
2023-09-08 11:18:58,906 [main] DEBUG balancer.ContainerBalancerTask (ContainerBalancerTask.java:lambda$moveContainer$3(837)) - Container move completed for container #67 from source d651b85a-a962-4768-a75e-eb3150f87f86 to target c57ebebd-045a-478b-81b5-5abc6626bd70
2023-09-08 11:18:58,909 [main] DEBUG balancer.ContainerBalancerTask (ContainerBalancerTask.java:matchSourceWithTarget(708)) - ContainerBalancer is finding suitable target for source datanode 96ee324b-ed74-4f5c-be33-4b51c81cc3aa
2023-09-08 11:18:58,909 [main] INFO  balancer.ContainerBalancerTask (ContainerBalancerTask.java:matchSourceWithTarget(722)) - ContainerBalancer matched source datanode 96ee324b-ed74-4f5c-be33-4b51c81cc3aa with target datanode 1ae3b3e2-9af8-48ae-87a7-5c50397bcb03 for container move.
2023-09-08 11:18:58,909 [main] INFO  balancer.ContainerBalancerTask (ContainerBalancerTask.java:processMoveSelection(569)) - ContainerBalancer is trying to move container #52 with size 4294967296B from source datanode 96ee324b-ed74-4f5c-be33-4b51c81cc3aa to target datanode 1ae3b3e2-9af8-48ae-87a7-5c50397bcb03
2023-09-08 11:18:58,909 [main] DEBUG balancer.ContainerBalancerTask (ContainerBalancerTask.java:lambda$moveContainer$3(837)) - Container move completed for container #52 from source 96ee324b-ed74-4f5c-be33-4b51c81cc3aa to target 1ae3b3e2-9af8-48ae-87a7-5c50397bcb03
2023-09-08 11:18:58,913 [main] DEBUG balancer.ContainerBalancerTask (ContainerBalancerTask.java:matchSourceWithTarget(708)) - ContainerBalancer is finding suitable target for source datanode 26ba6464-5a20-4f3d-b1a8-3b1e9b26f294
2023-09-08 11:18:58,913 [main] INFO  balancer.ContainerBalancerTask (ContainerBalancerTask.java:matchSourceWithTarget(722)) - ContainerBalancer matched source datanode 26ba6464-5a20-4f3d-b1a8-3b1e9b26f294 with target datanode c57ebebd-045a-478b-81b5-5abc6626bd70 for container move.
2023-09-08 11:18:58,913 [main] INFO  balancer.ContainerBalancerTask (ContainerBalancerTask.java:processMoveSelection(569)) - ContainerBalancer is trying to move container #39 with size 4294967296B from source datanode 26ba6464-5a20-4f3d-b1a8-3b1e9b26f294 to target datanode c57ebebd-045a-478b-81b5-5abc6626bd70
2023-09-08 11:18:58,913 [main] DEBUG balancer.ContainerBalancerTask (ContainerBalancerTask.java:lambda$moveContainer$3(837)) - Container move completed for container #39 from source 26ba6464-5a20-4f3d-b1a8-3b1e9b26f294 to target c57ebebd-045a-478b-81b5-5abc6626bd70
2023-09-08 11:18:58,916 [main] DEBUG balancer.ContainerBalancerTask (ContainerBalancerTask.java:matchSourceWithTarget(708)) - ContainerBalancer is finding suitable target for source datanode 5f2167da-4549-4b27-8877-e88939507901
2023-09-08 11:18:58,916 [main] INFO  balancer.ContainerBalancerTask (ContainerBalancerTask.java:matchSourceWithTarget(722)) - ContainerBalancer matched source datanode 5f2167da-4549-4b27-8877-e88939507901 with target datanode 1ae3b3e2-9af8-48ae-87a7-5c50397bcb03 for container move.
2023-09-08 11:18:58,916 [main] INFO  balancer.ContainerBalancerTask (ContainerBalancerTask.java:processMoveSelection(569)) - ContainerBalancer is trying to move container #88 with size 3221225472B from source datanode 5f2167da-4549-4b27-8877-e88939507901 to target datanode 1ae3b3e2-9af8-48ae-87a7-5c50397bcb03
2023-09-08 11:18:58,916 [main] DEBUG balancer.ContainerBalancerTask (ContainerBalancerTask.java:lambda$moveContainer$3(837)) - Container move completed for container #88 from source 5f2167da-4549-4b27-8877-e88939507901 to target 1ae3b3e2-9af8-48ae-87a7-5c50397bcb03
2023-09-08 11:18:58,920 [main] DEBUG balancer.ContainerBalancerTask (ContainerBalancerTask.java:matchSourceWithTarget(708)) - ContainerBalancer is finding suitable target for source datanode d651b85a-a962-4768-a75e-eb3150f87f86
2023-09-08 11:18:58,920 [main] INFO  balancer.ContainerBalancerTask (ContainerBalancerTask.java:matchSourceWithTarget(722)) - ContainerBalancer matched source datanode d651b85a-a962-4768-a75e-eb3150f87f86 with target datanode 8798db4b-eac1-4e20-bef3-955f6a305e0b for container move.
2023-09-08 11:18:58,920 [main] INFO  balancer.ContainerBalancerTask (ContainerBalancerTask.java:processMoveSelection(569)) - ContainerBalancer is trying to move container #87 with size 2147483648B from source datanode d651b85a-a962-4768-a75e-eb3150f87f86 to target datanode 8798db4b-eac1-4e20-bef3-955f6a305e0b
2023-09-08 11:18:58,921 [main] DEBUG balancer.ContainerBalancerTask (ContainerBalancerTask.java:lambda$moveContainer$3(837)) - Container move completed for container #87 from source d651b85a-a962-4768-a75e-eb3150f87f86 to target 8798db4b-eac1-4e20-bef3-955f6a305e0b
2023-09-08 11:18:58,921 [main] WARN  balancer.ContainerBalancerTask (ContainerBalancerTask.java:reachedMaxSizeToMovePerIteration(733)) - Reached max size to move limit. 53687091200 bytes have already been scheduled for balancing and the limit is 53687091200 bytes.
2023-09-08 11:18:58,921 [main] INFO  balancer.ContainerBalancerTask (ContainerBalancerTask.java:checkIterationMoveResults(642)) - Iteration Summary. Number of Datanodes involved: 7. Size moved: 50 GB (53687091200 Bytes). Number of Container moves completed: 12.
2023-09-08 11:18:58,921 [main] INFO  balancer.ContainerBalancerTask (ContainerBalancerTask.java:balance(259)) - Result of this iteration of Container Balancer: ITERATION_COMPLETED
2023-09-08 11:18:58,921 [main] INFO  balancer.ContainerBalancerTask (ContainerBalancerTask.java:tryStopWithSaveConfiguration(308)) - Save Configuration for stopping. Reason: Completed all iterations.
]]></system-out>
  </testcase>
  <testcase name="containerBalancerShouldObeyMaxDatanodesToInvolveLimit" classname="org.apache.hadoop.hdds.scm.container.balancer.TestContainerBalancerTask" time="0.078">
    <system-out><![CDATA[2023-09-08 11:18:58,944 [main] INFO  net.NodeSchemaLoader (NodeSchemaLoader.java:loadSchemaFromFile(129)) - Loading schema from [file:/home/runner/work/ozone/ozone/hadoop-hdds/common/target/classes/network-topology-default.xml]
2023-09-08 11:18:58,944 [main] INFO  net.NodeSchemaLoader (NodeSchemaLoader.java:loadSchema(176)) - Loading network topology layer schema file
2023-09-08 11:18:58,946 [main] INFO  net.NetworkTopologyImpl (NetworkTopologyImpl.java:add(112)) - Added a new node: /default-rack/66e0ab4d-6b99-43f1-8964-1258244d0214
2023-09-08 11:18:58,946 [main] INFO  net.NetworkTopologyImpl (NetworkTopologyImpl.java:add(112)) - Added a new node: /default-rack/d4e95194-aff1-4b3a-bb80-283a77a0cbb8
2023-09-08 11:18:58,946 [main] INFO  net.NetworkTopologyImpl (NetworkTopologyImpl.java:add(112)) - Added a new node: /default-rack/818f6855-27e2-4440-9e52-7d19ca5cf129
2023-09-08 11:18:58,946 [main] INFO  net.NetworkTopologyImpl (NetworkTopologyImpl.java:add(112)) - Added a new node: /default-rack/3bcfe995-51d7-4b49-850c-6258b4b0fef6
2023-09-08 11:18:58,946 [main] INFO  net.NetworkTopologyImpl (NetworkTopologyImpl.java:add(112)) - Added a new node: /default-rack/d987213e-c339-4667-b0de-5a713f3392bd
2023-09-08 11:18:58,946 [main] INFO  net.NetworkTopologyImpl (NetworkTopologyImpl.java:add(112)) - Added a new node: /default-rack/feb000dc-6cdb-46a4-825e-c29a08ac906c
2023-09-08 11:18:58,946 [main] INFO  net.NetworkTopologyImpl (NetworkTopologyImpl.java:add(112)) - Added a new node: /default-rack/54d75be4-72da-430d-b40a-ec078ecc9412
2023-09-08 11:18:58,946 [main] INFO  net.NetworkTopologyImpl (NetworkTopologyImpl.java:add(112)) - Added a new node: /default-rack/9010a517-04c6-493c-a473-7ac352dbf351
2023-09-08 11:18:58,947 [main] INFO  net.NetworkTopologyImpl (NetworkTopologyImpl.java:add(112)) - Added a new node: /default-rack/0f9240dc-fb8e-4ddd-86d7-b1a7e8e49fa4
2023-09-08 11:18:58,947 [main] INFO  net.NetworkTopologyImpl (NetworkTopologyImpl.java:add(112)) - Added a new node: /default-rack/485d027f-8a20-44b9-ad85-58550b203094
2023-09-08 11:18:58,947 [main] INFO  algorithms.ContainerPlacementPolicyFactory (ContainerPlacementPolicyFactory.java:getPolicyInternal(86)) - Create container placement policy of type org.apache.hadoop.hdds.scm.container.placement.algorithms.SCMContainerPlacementRackAware
2023-09-08 11:18:58,947 [main] INFO  algorithms.ContainerPlacementPolicyFactory (ContainerPlacementPolicyFactory.java:getPolicyInternal(86)) - Create container placement policy of type org.apache.hadoop.hdds.scm.container.placement.algorithms.SCMContainerPlacementRackScatter
2023-09-08 11:18:58,949 [main] DEBUG balancer.ContainerBalancerTask (ContainerBalancerTask.java:initializeIteration(374)) - Average utilization of the cluster is 0.3592857659226026
2023-09-08 11:18:58,949 [main] DEBUG balancer.ContainerBalancerTask (ContainerBalancerTask.java:initializeIteration(386)) - Lower limit for utilization is 0.3492857659226026 and Upper limit for utilization is 0.3692857659226026
2023-09-08 11:18:58,950 [main] DEBUG balancer.ContainerBalancerTask (ContainerBalancerTask.java:initializeIteration(398)) - Utilization for node d987213e-c339-4667-b0de-5a713f3392bd with capacity 42949672960B, used 38654705664B, and remaining 4294967296B is 0.9
2023-09-08 11:18:58,950 [main] DEBUG balancer.ContainerBalancerTask (ContainerBalancerTask.java:initializeIteration(398)) - Utilization for node 0f9240dc-fb8e-4ddd-86d7-b1a7e8e49fa4 with capacity 64424509440B, used 51539607552B, and remaining 12884901888B is 0.8
2023-09-08 11:18:58,950 [main] DEBUG balancer.ContainerBalancerTask (ContainerBalancerTask.java:initializeIteration(398)) - Utilization for node 66e0ab4d-6b99-43f1-8964-1258244d0214 with capacity 73628010788B, used 51539607552B, and remaining 22088403236B is 0.7000000000054327
2023-09-08 11:18:58,950 [main] DEBUG balancer.ContainerBalancerTask (ContainerBalancerTask.java:initializeIteration(398)) - Utilization for node 9010a517-04c6-493c-a473-7ac352dbf351 with capacity 76951497386B, used 46170898432B, and remaining 30780598954B is 0.600000000005198
2023-09-08 11:18:58,950 [main] DEBUG balancer.ContainerBalancerTask (ContainerBalancerTask.java:initializeIteration(398)) - Utilization for node 485d027f-8a20-44b9-ad85-58550b203094 with capacity 90194313216B, used 45097156608B, and remaining 45097156608B is 0.5
2023-09-08 11:18:58,950 [main] DEBUG balancer.ContainerBalancerTask (ContainerBalancerTask.java:initializeIteration(398)) - Utilization for node d4e95194-aff1-4b3a-bb80-283a77a0cbb8 with capacity 126164664320B, used 50465865728B, and remaining 75698798592B is 0.4
2023-09-08 11:18:58,950 [main] DEBUG balancer.ContainerBalancerTask (ContainerBalancerTask.java:initializeIteration(398)) - Utilization for node 3bcfe995-51d7-4b49-850c-6258b4b0fef6 with capacity 143165576533B, used 42949672960B, and remaining 100215903573B is 0.3000000000006985
2023-09-08 11:18:58,950 [main] DEBUG balancer.ContainerBalancerTask (ContainerBalancerTask.java:initializeIteration(398)) - Utilization for node 54d75be4-72da-430d-b40a-ec078ecc9412 with capacity 144955146240B, used 28991029248B, and remaining 115964116992B is 0.2
2023-09-08 11:18:58,950 [main] DEBUG balancer.ContainerBalancerTask (ContainerBalancerTask.java:initializeIteration(398)) - Utilization for node 818f6855-27e2-4440-9e52-7d19ca5cf129 with capacity 257698037760B, used 25769803776B, and remaining 231928233984B is 0.1
2023-09-08 11:18:58,950 [main] DEBUG balancer.ContainerBalancerTask (ContainerBalancerTask.java:initializeIteration(398)) - Utilization for node feb000dc-6cdb-46a4-825e-c29a08ac906c with capacity 40802189312B, used 0B, and remaining 40802189312B is 0.0
2023-09-08 11:18:58,950 [main] INFO  balancer.ContainerBalancerTask (ContainerBalancerTask.java:initializeIteration(447)) - Container Balancer has identified 6 Over-Utilized and 4 Under-Utilized Datanodes that need to be balanced.
2023-09-08 11:18:58,951 [main] DEBUG balancer.ContainerBalancerTask (ContainerBalancerTask.java:lambda$initializeIteration$1(453)) - Datanode localhost-85.252.220.244 d987213e-c339-4667-b0de-5a713f3392bd is Over-Utilized.
2023-09-08 11:18:58,951 [main] DEBUG balancer.ContainerBalancerTask (ContainerBalancerTask.java:lambda$initializeIteration$1(453)) - Datanode localhost-159.175.227.99 0f9240dc-fb8e-4ddd-86d7-b1a7e8e49fa4 is Over-Utilized.
2023-09-08 11:18:58,951 [main] DEBUG balancer.ContainerBalancerTask (ContainerBalancerTask.java:lambda$initializeIteration$1(453)) - Datanode localhost-119.75.174.247 66e0ab4d-6b99-43f1-8964-1258244d0214 is Over-Utilized.
2023-09-08 11:18:58,951 [main] DEBUG balancer.ContainerBalancerTask (ContainerBalancerTask.java:lambda$initializeIteration$1(453)) - Datanode localhost-87.217.10.65 9010a517-04c6-493c-a473-7ac352dbf351 is Over-Utilized.
2023-09-08 11:18:58,951 [main] DEBUG balancer.ContainerBalancerTask (ContainerBalancerTask.java:lambda$initializeIteration$1(453)) - Datanode localhost-105.90.125.57 485d027f-8a20-44b9-ad85-58550b203094 is Over-Utilized.
2023-09-08 11:18:58,951 [main] DEBUG balancer.ContainerBalancerTask (ContainerBalancerTask.java:lambda$initializeIteration$1(453)) - Datanode localhost-181.189.92.5 d4e95194-aff1-4b3a-bb80-283a77a0cbb8 is Over-Utilized.
2023-09-08 11:18:58,951 [main] DEBUG balancer.ContainerBalancerTask (ContainerBalancerTask.java:lambda$initializeIteration$2(459)) - Datanode localhost-238.81.87.181 feb000dc-6cdb-46a4-825e-c29a08ac906c is Under-Utilized.
2023-09-08 11:18:58,951 [main] DEBUG balancer.ContainerBalancerTask (ContainerBalancerTask.java:lambda$initializeIteration$2(459)) - Datanode localhost-254.191.40.211 818f6855-27e2-4440-9e52-7d19ca5cf129 is Under-Utilized.
2023-09-08 11:18:58,951 [main] DEBUG balancer.ContainerBalancerTask (ContainerBalancerTask.java:lambda$initializeIteration$2(459)) - Datanode localhost-114.125.164.50 54d75be4-72da-430d-b40a-ec078ecc9412 is Under-Utilized.
2023-09-08 11:18:58,951 [main] DEBUG balancer.ContainerBalancerTask (ContainerBalancerTask.java:lambda$initializeIteration$2(459)) - Datanode localhost-81.136.109.186 3bcfe995-51d7-4b49-850c-6258b4b0fef6 is Under-Utilized.
2023-09-08 11:18:58,953 [main] DEBUG balancer.ContainerBalancerTask (ContainerBalancerTask.java:matchSourceWithTarget(708)) - ContainerBalancer is finding suitable target for source datanode d987213e-c339-4667-b0de-5a713f3392bd
2023-09-08 11:18:58,953 [main] INFO  balancer.ContainerBalancerTask (ContainerBalancerTask.java:matchSourceWithTarget(722)) - ContainerBalancer matched source datanode d987213e-c339-4667-b0de-5a713f3392bd with target datanode feb000dc-6cdb-46a4-825e-c29a08ac906c for container move.
2023-09-08 11:18:58,954 [main] INFO  balancer.ContainerBalancerTask (ContainerBalancerTask.java:processMoveSelection(569)) - ContainerBalancer is trying to move container #85 with size 5368709120B from source datanode d987213e-c339-4667-b0de-5a713f3392bd to target datanode feb000dc-6cdb-46a4-825e-c29a08ac906c
2023-09-08 11:18:58,954 [main] DEBUG balancer.ContainerBalancerTask (ContainerBalancerTask.java:lambda$moveContainer$3(837)) - Container move completed for container #85 from source d987213e-c339-4667-b0de-5a713f3392bd to target feb000dc-6cdb-46a4-825e-c29a08ac906c
2023-09-08 11:18:58,957 [main] DEBUG balancer.ContainerBalancerTask (ContainerBalancerTask.java:matchSourceWithTarget(708)) - ContainerBalancer is finding suitable target for source datanode 0f9240dc-fb8e-4ddd-86d7-b1a7e8e49fa4
2023-09-08 11:18:58,957 [main] INFO  balancer.ContainerBalancerTask (ContainerBalancerTask.java:matchSourceWithTarget(722)) - ContainerBalancer matched source datanode 0f9240dc-fb8e-4ddd-86d7-b1a7e8e49fa4 with target datanode 818f6855-27e2-4440-9e52-7d19ca5cf129 for container move.
2023-09-08 11:18:58,957 [main] INFO  balancer.ContainerBalancerTask (ContainerBalancerTask.java:processMoveSelection(569)) - ContainerBalancer is trying to move container #68 with size 5368709120B from source datanode 0f9240dc-fb8e-4ddd-86d7-b1a7e8e49fa4 to target datanode 818f6855-27e2-4440-9e52-7d19ca5cf129
2023-09-08 11:18:58,957 [main] DEBUG balancer.ContainerBalancerTask (ContainerBalancerTask.java:lambda$moveContainer$3(837)) - Container move completed for container #68 from source 0f9240dc-fb8e-4ddd-86d7-b1a7e8e49fa4 to target 818f6855-27e2-4440-9e52-7d19ca5cf129
2023-09-08 11:18:58,957 [main] DEBUG balancer.ContainerBalancerTask (ContainerBalancerTask.java:adaptOnReachingIterationLimits(782)) - Reached max datanodes to involve limit. 4 datanodes have already been selected for balancing and the limit is 4. Only already selected sources and targets can be involved in balancing now.
2023-09-08 11:18:58,959 [main] DEBUG balancer.ContainerBalancerTask (ContainerBalancerTask.java:matchSourceWithTarget(708)) - ContainerBalancer is finding suitable target for source datanode d987213e-c339-4667-b0de-5a713f3392bd
2023-09-08 11:18:58,959 [main] INFO  balancer.ContainerBalancerTask (ContainerBalancerTask.java:matchSourceWithTarget(722)) - ContainerBalancer matched source datanode d987213e-c339-4667-b0de-5a713f3392bd with target datanode 818f6855-27e2-4440-9e52-7d19ca5cf129 for container move.
2023-09-08 11:18:58,959 [main] INFO  balancer.ContainerBalancerTask (ContainerBalancerTask.java:processMoveSelection(569)) - ContainerBalancer is trying to move container #89 with size 4294967296B from source datanode d987213e-c339-4667-b0de-5a713f3392bd to target datanode 818f6855-27e2-4440-9e52-7d19ca5cf129
2023-09-08 11:18:58,960 [main] DEBUG balancer.ContainerBalancerTask (ContainerBalancerTask.java:lambda$moveContainer$3(837)) - Container move completed for container #89 from source d987213e-c339-4667-b0de-5a713f3392bd to target 818f6855-27e2-4440-9e52-7d19ca5cf129
2023-09-08 11:18:58,962 [main] DEBUG balancer.ContainerBalancerTask (ContainerBalancerTask.java:matchSourceWithTarget(708)) - ContainerBalancer is finding suitable target for source datanode 0f9240dc-fb8e-4ddd-86d7-b1a7e8e49fa4
2023-09-08 11:18:58,963 [main] INFO  balancer.ContainerBalancerTask (ContainerBalancerTask.java:matchSourceWithTarget(722)) - ContainerBalancer matched source datanode 0f9240dc-fb8e-4ddd-86d7-b1a7e8e49fa4 with target datanode feb000dc-6cdb-46a4-825e-c29a08ac906c for container move.
2023-09-08 11:18:58,963 [main] INFO  balancer.ContainerBalancerTask (ContainerBalancerTask.java:processMoveSelection(569)) - ContainerBalancer is trying to move container #29 with size 5368709120B from source datanode 0f9240dc-fb8e-4ddd-86d7-b1a7e8e49fa4 to target datanode feb000dc-6cdb-46a4-825e-c29a08ac906c
2023-09-08 11:18:58,963 [main] DEBUG balancer.ContainerBalancerTask (ContainerBalancerTask.java:lambda$moveContainer$3(837)) - Container move completed for container #29 from source 0f9240dc-fb8e-4ddd-86d7-b1a7e8e49fa4 to target feb000dc-6cdb-46a4-825e-c29a08ac906c
2023-09-08 11:18:58,965 [main] DEBUG balancer.ContainerBalancerTask (ContainerBalancerTask.java:matchSourceWithTarget(708)) - ContainerBalancer is finding suitable target for source datanode d987213e-c339-4667-b0de-5a713f3392bd
2023-09-08 11:18:58,965 [main] INFO  balancer.ContainerBalancerTask (ContainerBalancerTask.java:matchSourceWithTarget(722)) - ContainerBalancer matched source datanode d987213e-c339-4667-b0de-5a713f3392bd with target datanode 818f6855-27e2-4440-9e52-7d19ca5cf129 for container move.
2023-09-08 11:18:58,965 [main] INFO  balancer.ContainerBalancerTask (ContainerBalancerTask.java:processMoveSelection(569)) - ContainerBalancer is trying to move container #84 with size 4294967296B from source datanode d987213e-c339-4667-b0de-5a713f3392bd to target datanode 818f6855-27e2-4440-9e52-7d19ca5cf129
2023-09-08 11:18:58,965 [main] DEBUG balancer.ContainerBalancerTask (ContainerBalancerTask.java:lambda$moveContainer$3(837)) - Container move completed for container #84 from source d987213e-c339-4667-b0de-5a713f3392bd to target 818f6855-27e2-4440-9e52-7d19ca5cf129
2023-09-08 11:18:58,968 [main] DEBUG balancer.ContainerBalancerTask (ContainerBalancerTask.java:matchSourceWithTarget(708)) - ContainerBalancer is finding suitable target for source datanode 0f9240dc-fb8e-4ddd-86d7-b1a7e8e49fa4
2023-09-08 11:18:58,969 [main] INFO  balancer.ContainerBalancerTask (ContainerBalancerTask.java:matchSourceWithTarget(722)) - ContainerBalancer matched source datanode 0f9240dc-fb8e-4ddd-86d7-b1a7e8e49fa4 with target datanode 818f6855-27e2-4440-9e52-7d19ca5cf129 for container move.
2023-09-08 11:18:58,969 [main] INFO  balancer.ContainerBalancerTask (ContainerBalancerTask.java:processMoveSelection(569)) - ContainerBalancer is trying to move container #67 with size 4294967296B from source datanode 0f9240dc-fb8e-4ddd-86d7-b1a7e8e49fa4 to target datanode 818f6855-27e2-4440-9e52-7d19ca5cf129
2023-09-08 11:18:58,969 [main] DEBUG balancer.ContainerBalancerTask (ContainerBalancerTask.java:lambda$moveContainer$3(837)) - Container move completed for container #67 from source 0f9240dc-fb8e-4ddd-86d7-b1a7e8e49fa4 to target 818f6855-27e2-4440-9e52-7d19ca5cf129
2023-09-08 11:18:58,971 [main] DEBUG balancer.ContainerBalancerTask (ContainerBalancerTask.java:matchSourceWithTarget(708)) - ContainerBalancer is finding suitable target for source datanode d987213e-c339-4667-b0de-5a713f3392bd
2023-09-08 11:18:58,971 [main] INFO  balancer.ContainerBalancerTask (ContainerBalancerTask.java:matchSourceWithTarget(722)) - ContainerBalancer matched source datanode d987213e-c339-4667-b0de-5a713f3392bd with target datanode 818f6855-27e2-4440-9e52-7d19ca5cf129 for container move.
2023-09-08 11:18:58,971 [main] INFO  balancer.ContainerBalancerTask (ContainerBalancerTask.java:processMoveSelection(569)) - ContainerBalancer is trying to move container #88 with size 3221225472B from source datanode d987213e-c339-4667-b0de-5a713f3392bd to target datanode 818f6855-27e2-4440-9e52-7d19ca5cf129
2023-09-08 11:18:58,972 [main] DEBUG balancer.ContainerBalancerTask (ContainerBalancerTask.java:lambda$moveContainer$3(837)) - Container move completed for container #88 from source d987213e-c339-4667-b0de-5a713f3392bd to target 818f6855-27e2-4440-9e52-7d19ca5cf129
2023-09-08 11:18:58,975 [main] DEBUG balancer.ContainerBalancerTask (ContainerBalancerTask.java:matchSourceWithTarget(708)) - ContainerBalancer is finding suitable target for source datanode 0f9240dc-fb8e-4ddd-86d7-b1a7e8e49fa4
2023-09-08 11:18:58,975 [main] INFO  balancer.ContainerBalancerTask (ContainerBalancerTask.java:matchSourceWithTarget(722)) - ContainerBalancer matched source datanode 0f9240dc-fb8e-4ddd-86d7-b1a7e8e49fa4 with target datanode 818f6855-27e2-4440-9e52-7d19ca5cf129 for container move.
2023-09-08 11:18:58,975 [main] INFO  balancer.ContainerBalancerTask (ContainerBalancerTask.java:processMoveSelection(569)) - ContainerBalancer is trying to move container #83 with size 3221225472B from source datanode 0f9240dc-fb8e-4ddd-86d7-b1a7e8e49fa4 to target datanode 818f6855-27e2-4440-9e52-7d19ca5cf129
2023-09-08 11:18:58,975 [main] DEBUG balancer.ContainerBalancerTask (ContainerBalancerTask.java:lambda$moveContainer$3(837)) - Container move completed for container #83 from source 0f9240dc-fb8e-4ddd-86d7-b1a7e8e49fa4 to target 818f6855-27e2-4440-9e52-7d19ca5cf129
2023-09-08 11:18:58,978 [main] DEBUG balancer.ContainerBalancerTask (ContainerBalancerTask.java:matchSourceWithTarget(708)) - ContainerBalancer is finding suitable target for source datanode 0f9240dc-fb8e-4ddd-86d7-b1a7e8e49fa4
2023-09-08 11:18:58,978 [main] INFO  balancer.ContainerBalancerTask (ContainerBalancerTask.java:matchSourceWithTarget(722)) - ContainerBalancer matched source datanode 0f9240dc-fb8e-4ddd-86d7-b1a7e8e49fa4 with target datanode 818f6855-27e2-4440-9e52-7d19ca5cf129 for container move.
2023-09-08 11:18:58,978 [main] INFO  balancer.ContainerBalancerTask (ContainerBalancerTask.java:processMoveSelection(569)) - ContainerBalancer is trying to move container #71 with size 3221225472B from source datanode 0f9240dc-fb8e-4ddd-86d7-b1a7e8e49fa4 to target datanode 818f6855-27e2-4440-9e52-7d19ca5cf129
2023-09-08 11:18:58,979 [main] DEBUG balancer.ContainerBalancerTask (ContainerBalancerTask.java:lambda$moveContainer$3(837)) - Container move completed for container #71 from source 0f9240dc-fb8e-4ddd-86d7-b1a7e8e49fa4 to target 818f6855-27e2-4440-9e52-7d19ca5cf129
2023-09-08 11:18:58,981 [main] DEBUG balancer.ContainerBalancerTask (ContainerBalancerTask.java:matchSourceWithTarget(708)) - ContainerBalancer is finding suitable target for source datanode d987213e-c339-4667-b0de-5a713f3392bd
2023-09-08 11:18:58,981 [main] INFO  balancer.ContainerBalancerTask (ContainerBalancerTask.java:matchSourceWithTarget(722)) - ContainerBalancer matched source datanode d987213e-c339-4667-b0de-5a713f3392bd with target datanode 818f6855-27e2-4440-9e52-7d19ca5cf129 for container move.
2023-09-08 11:18:58,981 [main] INFO  balancer.ContainerBalancerTask (ContainerBalancerTask.java:processMoveSelection(569)) - ContainerBalancer is trying to move container #87 with size 2147483648B from source datanode d987213e-c339-4667-b0de-5a713f3392bd to target datanode 818f6855-27e2-4440-9e52-7d19ca5cf129
2023-09-08 11:18:58,981 [main] DEBUG balancer.ContainerBalancerTask (ContainerBalancerTask.java:lambda$moveContainer$3(837)) - Container move completed for container #87 from source d987213e-c339-4667-b0de-5a713f3392bd to target 818f6855-27e2-4440-9e52-7d19ca5cf129
2023-09-08 11:18:58,984 [main] DEBUG balancer.ContainerBalancerTask (ContainerBalancerTask.java:matchSourceWithTarget(708)) - ContainerBalancer is finding suitable target for source datanode 0f9240dc-fb8e-4ddd-86d7-b1a7e8e49fa4
2023-09-08 11:18:58,984 [main] INFO  balancer.ContainerBalancerTask (ContainerBalancerTask.java:matchSourceWithTarget(722)) - ContainerBalancer matched source datanode 0f9240dc-fb8e-4ddd-86d7-b1a7e8e49fa4 with target datanode 818f6855-27e2-4440-9e52-7d19ca5cf129 for container move.
2023-09-08 11:18:58,985 [main] INFO  balancer.ContainerBalancerTask (ContainerBalancerTask.java:processMoveSelection(569)) - ContainerBalancer is trying to move container #66 with size 3221225472B from source datanode 0f9240dc-fb8e-4ddd-86d7-b1a7e8e49fa4 to target datanode 818f6855-27e2-4440-9e52-7d19ca5cf129
2023-09-08 11:18:58,985 [main] DEBUG balancer.ContainerBalancerTask (ContainerBalancerTask.java:lambda$moveContainer$3(837)) - Container move completed for container #66 from source 0f9240dc-fb8e-4ddd-86d7-b1a7e8e49fa4 to target 818f6855-27e2-4440-9e52-7d19ca5cf129
2023-09-08 11:18:58,987 [main] DEBUG balancer.ContainerBalancerTask (ContainerBalancerTask.java:matchSourceWithTarget(708)) - ContainerBalancer is finding suitable target for source datanode d987213e-c339-4667-b0de-5a713f3392bd
2023-09-08 11:18:58,987 [main] INFO  balancer.ContainerBalancerTask (ContainerBalancerTask.java:matchSourceWithTarget(722)) - ContainerBalancer matched source datanode d987213e-c339-4667-b0de-5a713f3392bd with target datanode 818f6855-27e2-4440-9e52-7d19ca5cf129 for container move.
2023-09-08 11:18:58,987 [main] INFO  balancer.ContainerBalancerTask (ContainerBalancerTask.java:processMoveSelection(569)) - ContainerBalancer is trying to move container #82 with size 2147483648B from source datanode d987213e-c339-4667-b0de-5a713f3392bd to target datanode 818f6855-27e2-4440-9e52-7d19ca5cf129
2023-09-08 11:18:58,988 [main] DEBUG balancer.ContainerBalancerTask (ContainerBalancerTask.java:lambda$moveContainer$3(837)) - Container move completed for container #82 from source d987213e-c339-4667-b0de-5a713f3392bd to target 818f6855-27e2-4440-9e52-7d19ca5cf129
2023-09-08 11:18:58,991 [main] DEBUG balancer.ContainerBalancerTask (ContainerBalancerTask.java:matchSourceWithTarget(708)) - ContainerBalancer is finding suitable target for source datanode 0f9240dc-fb8e-4ddd-86d7-b1a7e8e49fa4
2023-09-08 11:18:58,991 [main] INFO  balancer.ContainerBalancerTask (ContainerBalancerTask.java:matchSourceWithTarget(722)) - ContainerBalancer matched source datanode 0f9240dc-fb8e-4ddd-86d7-b1a7e8e49fa4 with target datanode 818f6855-27e2-4440-9e52-7d19ca5cf129 for container move.
2023-09-08 11:18:58,991 [main] INFO  balancer.ContainerBalancerTask (ContainerBalancerTask.java:processMoveSelection(569)) - ContainerBalancer is trying to move container #51 with size 3221225472B from source datanode 0f9240dc-fb8e-4ddd-86d7-b1a7e8e49fa4 to target datanode 818f6855-27e2-4440-9e52-7d19ca5cf129
2023-09-08 11:18:58,991 [main] DEBUG balancer.ContainerBalancerTask (ContainerBalancerTask.java:lambda$moveContainer$3(837)) - Container move completed for container #51 from source 0f9240dc-fb8e-4ddd-86d7-b1a7e8e49fa4 to target 818f6855-27e2-4440-9e52-7d19ca5cf129
2023-09-08 11:18:58,993 [main] DEBUG balancer.ContainerBalancerTask (ContainerBalancerTask.java:matchSourceWithTarget(708)) - ContainerBalancer is finding suitable target for source datanode d987213e-c339-4667-b0de-5a713f3392bd
2023-09-08 11:18:58,993 [main] INFO  balancer.ContainerBalancerTask (ContainerBalancerTask.java:matchSourceWithTarget(722)) - ContainerBalancer matched source datanode d987213e-c339-4667-b0de-5a713f3392bd with target datanode 818f6855-27e2-4440-9e52-7d19ca5cf129 for container move.
2023-09-08 11:18:58,994 [main] INFO  balancer.ContainerBalancerTask (ContainerBalancerTask.java:processMoveSelection(569)) - ContainerBalancer is trying to move container #55 with size 2147483648B from source datanode d987213e-c339-4667-b0de-5a713f3392bd to target datanode 818f6855-27e2-4440-9e52-7d19ca5cf129
2023-09-08 11:18:58,994 [main] DEBUG balancer.ContainerBalancerTask (ContainerBalancerTask.java:lambda$moveContainer$3(837)) - Container move completed for container #55 from source d987213e-c339-4667-b0de-5a713f3392bd to target 818f6855-27e2-4440-9e52-7d19ca5cf129
2023-09-08 11:18:58,997 [main] DEBUG balancer.ContainerBalancerTask (ContainerBalancerTask.java:matchSourceWithTarget(701)) - ContainerBalancer could not find any candidate containers for datanode 0f9240dc-fb8e-4ddd-86d7-b1a7e8e49fa4
2023-09-08 11:18:59,000 [main] DEBUG balancer.ContainerBalancerTask (ContainerBalancerTask.java:matchSourceWithTarget(701)) - ContainerBalancer could not find any candidate containers for datanode d987213e-c339-4667-b0de-5a713f3392bd
2023-09-08 11:18:59,000 [main] INFO  balancer.FindSourceGreedy (FindSourceGreedy.java:getNextCandidateSourceDataNode(126)) - no more candidate source data node
2023-09-08 11:18:59,000 [main] INFO  balancer.ContainerBalancerTask (ContainerBalancerTask.java:checkIterationMoveResults(642)) - Iteration Summary. Number of Datanodes involved: 4. Size moved: 48 GB (51539607552 Bytes). Number of Container moves completed: 14.
2023-09-08 11:18:59,000 [main] INFO  balancer.ContainerBalancerTask (ContainerBalancerTask.java:balance(259)) - Result of this iteration of Container Balancer: ITERATION_COMPLETED
2023-09-08 11:18:59,000 [main] INFO  balancer.ContainerBalancerTask (ContainerBalancerTask.java:tryStopWithSaveConfiguration(308)) - Save Configuration for stopping. Reason: Completed all iterations.
]]></system-out>
  </testcase>
  <testcase name="testBalancerWithMoveManager" classname="org.apache.hadoop.hdds.scm.container.balancer.TestContainerBalancerTask" time="0.085">
    <system-out><![CDATA[2023-09-08 11:18:59,024 [main] INFO  net.NodeSchemaLoader (NodeSchemaLoader.java:loadSchemaFromFile(129)) - Loading schema from [file:/home/runner/work/ozone/ozone/hadoop-hdds/common/target/classes/network-topology-default.xml]
2023-09-08 11:18:59,024 [main] INFO  net.NodeSchemaLoader (NodeSchemaLoader.java:loadSchema(176)) - Loading network topology layer schema file
2023-09-08 11:18:59,026 [main] INFO  net.NetworkTopologyImpl (NetworkTopologyImpl.java:add(112)) - Added a new node: /default-rack/ef71ab7c-9744-4881-ba57-829168bb2ea6
2023-09-08 11:18:59,026 [main] INFO  net.NetworkTopologyImpl (NetworkTopologyImpl.java:add(112)) - Added a new node: /default-rack/43b0f535-1289-4d67-b41b-d918369b12b0
2023-09-08 11:18:59,026 [main] INFO  net.NetworkTopologyImpl (NetworkTopologyImpl.java:add(112)) - Added a new node: /default-rack/0bbe1fee-f7c7-4ca1-b825-cc6a0485cfc8
2023-09-08 11:18:59,026 [main] INFO  net.NetworkTopologyImpl (NetworkTopologyImpl.java:add(112)) - Added a new node: /default-rack/5830c829-52ce-486d-9ed8-e74e56097aa2
2023-09-08 11:18:59,026 [main] INFO  net.NetworkTopologyImpl (NetworkTopologyImpl.java:add(112)) - Added a new node: /default-rack/ab4438da-5e56-4c43-987a-7e286ef0c04e
2023-09-08 11:18:59,026 [main] INFO  net.NetworkTopologyImpl (NetworkTopologyImpl.java:add(112)) - Added a new node: /default-rack/fe81301d-bd8c-48bd-ad3a-b173d0c556c9
2023-09-08 11:18:59,026 [main] INFO  net.NetworkTopologyImpl (NetworkTopologyImpl.java:add(112)) - Added a new node: /default-rack/11b18049-a772-497a-9c02-7e4261b7287e
2023-09-08 11:18:59,027 [main] INFO  net.NetworkTopologyImpl (NetworkTopologyImpl.java:add(112)) - Added a new node: /default-rack/b763bfb0-c4ed-4497-99e5-4fc13653f1b7
2023-09-08 11:18:59,027 [main] INFO  net.NetworkTopologyImpl (NetworkTopologyImpl.java:add(112)) - Added a new node: /default-rack/7a7f594d-e049-4df3-8d75-b319150055ad
2023-09-08 11:18:59,027 [main] INFO  net.NetworkTopologyImpl (NetworkTopologyImpl.java:add(112)) - Added a new node: /default-rack/340a40aa-6236-4df1-b759-471593440971
2023-09-08 11:18:59,027 [main] INFO  algorithms.ContainerPlacementPolicyFactory (ContainerPlacementPolicyFactory.java:getPolicyInternal(86)) - Create container placement policy of type org.apache.hadoop.hdds.scm.container.placement.algorithms.SCMContainerPlacementRackAware
2023-09-08 11:18:59,027 [main] INFO  algorithms.ContainerPlacementPolicyFactory (ContainerPlacementPolicyFactory.java:getPolicyInternal(86)) - Create container placement policy of type org.apache.hadoop.hdds.scm.container.placement.algorithms.SCMContainerPlacementRackScatter
2023-09-08 11:18:59,030 [main] DEBUG balancer.ContainerBalancerTask (ContainerBalancerTask.java:initializeIteration(374)) - Average utilization of the cluster is 0.37000225886658156
2023-09-08 11:18:59,030 [main] DEBUG balancer.ContainerBalancerTask (ContainerBalancerTask.java:initializeIteration(386)) - Lower limit for utilization is 0.2700022588665816 and Upper limit for utilization is 0.47000225886658153
2023-09-08 11:18:59,030 [main] DEBUG balancer.ContainerBalancerTask (ContainerBalancerTask.java:initializeIteration(398)) - Utilization for node ab4438da-5e56-4c43-987a-7e286ef0c04e with capacity 47721858844B, used 42949672960B, and remaining 4772185884B is 0.9000000000083819
2023-09-08 11:18:59,030 [main] DEBUG balancer.ContainerBalancerTask (ContainerBalancerTask.java:initializeIteration(398)) - Utilization for node 7a7f594d-e049-4df3-8d75-b319150055ad with capacity 83214991360B, used 66571993088B, and remaining 16642998272B is 0.8
2023-09-08 11:18:59,031 [main] DEBUG balancer.ContainerBalancerTask (ContainerBalancerTask.java:initializeIteration(398)) - Utilization for node 43b0f535-1289-4d67-b41b-d918369b12b0 with capacity 73628010788B, used 51539607552B, and remaining 22088403236B is 0.7000000000054327
2023-09-08 11:18:59,031 [main] DEBUG balancer.ContainerBalancerTask (ContainerBalancerTask.java:initializeIteration(398)) - Utilization for node b763bfb0-c4ed-4497-99e5-4fc13653f1b7 with capacity 76951497386B, used 46170898432B, and remaining 30780598954B is 0.600000000005198
2023-09-08 11:18:59,031 [main] DEBUG balancer.ContainerBalancerTask (ContainerBalancerTask.java:initializeIteration(398)) - Utilization for node ef71ab7c-9744-4881-ba57-829168bb2ea6 with capacity 118111600640B, used 59055800320B, and remaining 59055800320B is 0.5
2023-09-08 11:18:59,031 [main] DEBUG balancer.ContainerBalancerTask (ContainerBalancerTask.java:initializeIteration(398)) - Utilization for node 340a40aa-6236-4df1-b759-471593440971 with capacity 171798691840B, used 68719476736B, and remaining 103079215104B is 0.4
2023-09-08 11:18:59,031 [main] DEBUG balancer.ContainerBalancerTask (ContainerBalancerTask.java:initializeIteration(398)) - Utilization for node 0bbe1fee-f7c7-4ca1-b825-cc6a0485cfc8 with capacity 107374182400B, used 32212254720B, and remaining 75161927680B is 0.3
2023-09-08 11:18:59,031 [main] DEBUG balancer.ContainerBalancerTask (ContainerBalancerTask.java:initializeIteration(398)) - Utilization for node 5830c829-52ce-486d-9ed8-e74e56097aa2 with capacity 225485783040B, used 45097156608B, and remaining 180388626432B is 0.2
2023-09-08 11:18:59,031 [main] DEBUG balancer.ContainerBalancerTask (ContainerBalancerTask.java:initializeIteration(398)) - Utilization for node 11b18049-a772-497a-9c02-7e4261b7287e with capacity 204010946560B, used 20401094656B, and remaining 183609851904B is 0.1
2023-09-08 11:18:59,031 [main] DEBUG balancer.ContainerBalancerTask (ContainerBalancerTask.java:initializeIteration(398)) - Utilization for node fe81301d-bd8c-48bd-ad3a-b173d0c556c9 with capacity 61203283968B, used 0B, and remaining 61203283968B is 0.0
2023-09-08 11:18:59,031 [main] INFO  balancer.ContainerBalancerTask (ContainerBalancerTask.java:initializeIteration(447)) - Container Balancer has identified 5 Over-Utilized and 3 Under-Utilized Datanodes that need to be balanced.
2023-09-08 11:18:59,031 [main] DEBUG balancer.ContainerBalancerTask (ContainerBalancerTask.java:lambda$initializeIteration$1(453)) - Datanode localhost-204.103.48.181 ab4438da-5e56-4c43-987a-7e286ef0c04e is Over-Utilized.
2023-09-08 11:18:59,031 [main] DEBUG balancer.ContainerBalancerTask (ContainerBalancerTask.java:lambda$initializeIteration$1(453)) - Datanode localhost-101.21.33.146 7a7f594d-e049-4df3-8d75-b319150055ad is Over-Utilized.
2023-09-08 11:18:59,032 [main] DEBUG balancer.ContainerBalancerTask (ContainerBalancerTask.java:lambda$initializeIteration$1(453)) - Datanode localhost-53.162.133.37 43b0f535-1289-4d67-b41b-d918369b12b0 is Over-Utilized.
2023-09-08 11:18:59,032 [main] DEBUG balancer.ContainerBalancerTask (ContainerBalancerTask.java:lambda$initializeIteration$1(453)) - Datanode localhost-112.66.42.148 b763bfb0-c4ed-4497-99e5-4fc13653f1b7 is Over-Utilized.
2023-09-08 11:18:59,032 [main] DEBUG balancer.ContainerBalancerTask (ContainerBalancerTask.java:lambda$initializeIteration$1(453)) - Datanode localhost-41.18.66.241 ef71ab7c-9744-4881-ba57-829168bb2ea6 is Over-Utilized.
2023-09-08 11:18:59,032 [main] DEBUG balancer.ContainerBalancerTask (ContainerBalancerTask.java:lambda$initializeIteration$2(459)) - Datanode localhost-196.163.95.191 fe81301d-bd8c-48bd-ad3a-b173d0c556c9 is Under-Utilized.
2023-09-08 11:18:59,032 [main] DEBUG balancer.ContainerBalancerTask (ContainerBalancerTask.java:lambda$initializeIteration$2(459)) - Datanode localhost-66.118.156.196 11b18049-a772-497a-9c02-7e4261b7287e is Under-Utilized.
2023-09-08 11:18:59,032 [main] DEBUG balancer.ContainerBalancerTask (ContainerBalancerTask.java:lambda$initializeIteration$2(459)) - Datanode localhost-216.246.128.66 5830c829-52ce-486d-9ed8-e74e56097aa2 is Under-Utilized.
2023-09-08 11:18:59,034 [main] DEBUG balancer.ContainerBalancerTask (ContainerBalancerTask.java:matchSourceWithTarget(708)) - ContainerBalancer is finding suitable target for source datanode ab4438da-5e56-4c43-987a-7e286ef0c04e
2023-09-08 11:18:59,034 [main] INFO  balancer.ContainerBalancerTask (ContainerBalancerTask.java:matchSourceWithTarget(722)) - ContainerBalancer matched source datanode ab4438da-5e56-4c43-987a-7e286ef0c04e with target datanode fe81301d-bd8c-48bd-ad3a-b173d0c556c9 for container move.
2023-09-08 11:18:59,034 [main] INFO  balancer.ContainerBalancerTask (ContainerBalancerTask.java:processMoveSelection(569)) - ContainerBalancer is trying to move container #85 with size 5368709120B from source datanode ab4438da-5e56-4c43-987a-7e286ef0c04e to target datanode fe81301d-bd8c-48bd-ad3a-b173d0c556c9
2023-09-08 11:18:59,034 [main] DEBUG balancer.ContainerBalancerTask (ContainerBalancerTask.java:lambda$moveContainer$3(837)) - Container move completed for container #85 from source ab4438da-5e56-4c43-987a-7e286ef0c04e to target fe81301d-bd8c-48bd-ad3a-b173d0c556c9
2023-09-08 11:18:59,037 [main] DEBUG balancer.ContainerBalancerTask (ContainerBalancerTask.java:matchSourceWithTarget(708)) - ContainerBalancer is finding suitable target for source datanode 7a7f594d-e049-4df3-8d75-b319150055ad
2023-09-08 11:18:59,038 [main] INFO  balancer.ContainerBalancerTask (ContainerBalancerTask.java:matchSourceWithTarget(722)) - ContainerBalancer matched source datanode 7a7f594d-e049-4df3-8d75-b319150055ad with target datanode fe81301d-bd8c-48bd-ad3a-b173d0c556c9 for container move.
2023-09-08 11:18:59,038 [main] INFO  balancer.ContainerBalancerTask (ContainerBalancerTask.java:processMoveSelection(569)) - ContainerBalancer is trying to move container #68 with size 5368709120B from source datanode 7a7f594d-e049-4df3-8d75-b319150055ad to target datanode fe81301d-bd8c-48bd-ad3a-b173d0c556c9
2023-09-08 11:18:59,038 [main] DEBUG balancer.ContainerBalancerTask (ContainerBalancerTask.java:lambda$moveContainer$3(837)) - Container move completed for container #68 from source 7a7f594d-e049-4df3-8d75-b319150055ad to target fe81301d-bd8c-48bd-ad3a-b173d0c556c9
2023-09-08 11:18:59,040 [main] DEBUG balancer.ContainerBalancerTask (ContainerBalancerTask.java:matchSourceWithTarget(708)) - ContainerBalancer is finding suitable target for source datanode ab4438da-5e56-4c43-987a-7e286ef0c04e
2023-09-08 11:18:59,040 [main] INFO  balancer.ContainerBalancerTask (ContainerBalancerTask.java:matchSourceWithTarget(722)) - ContainerBalancer matched source datanode ab4438da-5e56-4c43-987a-7e286ef0c04e with target datanode 11b18049-a772-497a-9c02-7e4261b7287e for container move.
2023-09-08 11:18:59,040 [main] INFO  balancer.ContainerBalancerTask (ContainerBalancerTask.java:processMoveSelection(569)) - ContainerBalancer is trying to move container #89 with size 4294967296B from source datanode ab4438da-5e56-4c43-987a-7e286ef0c04e to target datanode 11b18049-a772-497a-9c02-7e4261b7287e
2023-09-08 11:18:59,040 [main] DEBUG balancer.ContainerBalancerTask (ContainerBalancerTask.java:lambda$moveContainer$3(837)) - Container move completed for container #89 from source ab4438da-5e56-4c43-987a-7e286ef0c04e to target 11b18049-a772-497a-9c02-7e4261b7287e
2023-09-08 11:18:59,043 [main] DEBUG balancer.ContainerBalancerTask (ContainerBalancerTask.java:matchSourceWithTarget(708)) - ContainerBalancer is finding suitable target for source datanode 7a7f594d-e049-4df3-8d75-b319150055ad
2023-09-08 11:18:59,044 [main] INFO  balancer.ContainerBalancerTask (ContainerBalancerTask.java:matchSourceWithTarget(722)) - ContainerBalancer matched source datanode 7a7f594d-e049-4df3-8d75-b319150055ad with target datanode 11b18049-a772-497a-9c02-7e4261b7287e for container move.
2023-09-08 11:18:59,044 [main] INFO  balancer.ContainerBalancerTask (ContainerBalancerTask.java:processMoveSelection(569)) - ContainerBalancer is trying to move container #53 with size 5368709120B from source datanode 7a7f594d-e049-4df3-8d75-b319150055ad to target datanode 11b18049-a772-497a-9c02-7e4261b7287e
2023-09-08 11:18:59,044 [main] DEBUG balancer.ContainerBalancerTask (ContainerBalancerTask.java:lambda$moveContainer$3(837)) - Container move completed for container #53 from source 7a7f594d-e049-4df3-8d75-b319150055ad to target 11b18049-a772-497a-9c02-7e4261b7287e
2023-09-08 11:18:59,046 [main] DEBUG balancer.ContainerBalancerTask (ContainerBalancerTask.java:matchSourceWithTarget(708)) - ContainerBalancer is finding suitable target for source datanode 43b0f535-1289-4d67-b41b-d918369b12b0
2023-09-08 11:18:59,046 [main] INFO  balancer.ContainerBalancerTask (ContainerBalancerTask.java:matchSourceWithTarget(722)) - ContainerBalancer matched source datanode 43b0f535-1289-4d67-b41b-d918369b12b0 with target datanode 11b18049-a772-497a-9c02-7e4261b7287e for container move.
2023-09-08 11:18:59,047 [main] INFO  balancer.ContainerBalancerTask (ContainerBalancerTask.java:processMoveSelection(569)) - ContainerBalancer is trying to move container #39 with size 4294967296B from source datanode 43b0f535-1289-4d67-b41b-d918369b12b0 to target datanode 11b18049-a772-497a-9c02-7e4261b7287e
2023-09-08 11:18:59,047 [main] DEBUG balancer.ContainerBalancerTask (ContainerBalancerTask.java:lambda$moveContainer$3(837)) - Container move completed for container #39 from source 43b0f535-1289-4d67-b41b-d918369b12b0 to target 11b18049-a772-497a-9c02-7e4261b7287e
2023-09-08 11:18:59,049 [main] DEBUG balancer.ContainerBalancerTask (ContainerBalancerTask.java:matchSourceWithTarget(708)) - ContainerBalancer is finding suitable target for source datanode ab4438da-5e56-4c43-987a-7e286ef0c04e
2023-09-08 11:18:59,049 [main] INFO  balancer.ContainerBalancerTask (ContainerBalancerTask.java:matchSourceWithTarget(722)) - ContainerBalancer matched source datanode ab4438da-5e56-4c43-987a-7e286ef0c04e with target datanode 11b18049-a772-497a-9c02-7e4261b7287e for container move.
2023-09-08 11:18:59,049 [main] INFO  balancer.ContainerBalancerTask (ContainerBalancerTask.java:processMoveSelection(569)) - ContainerBalancer is trying to move container #84 with size 4294967296B from source datanode ab4438da-5e56-4c43-987a-7e286ef0c04e to target datanode 11b18049-a772-497a-9c02-7e4261b7287e
2023-09-08 11:18:59,049 [main] DEBUG balancer.ContainerBalancerTask (ContainerBalancerTask.java:lambda$moveContainer$3(837)) - Container move completed for container #84 from source ab4438da-5e56-4c43-987a-7e286ef0c04e to target 11b18049-a772-497a-9c02-7e4261b7287e
2023-09-08 11:18:59,053 [main] DEBUG balancer.ContainerBalancerTask (ContainerBalancerTask.java:matchSourceWithTarget(708)) - ContainerBalancer is finding suitable target for source datanode 7a7f594d-e049-4df3-8d75-b319150055ad
2023-09-08 11:18:59,053 [main] INFO  balancer.ContainerBalancerTask (ContainerBalancerTask.java:matchSourceWithTarget(722)) - ContainerBalancer matched source datanode 7a7f594d-e049-4df3-8d75-b319150055ad with target datanode fe81301d-bd8c-48bd-ad3a-b173d0c556c9 for container move.
2023-09-08 11:18:59,053 [main] INFO  balancer.ContainerBalancerTask (ContainerBalancerTask.java:processMoveSelection(569)) - ContainerBalancer is trying to move container #29 with size 5368709120B from source datanode 7a7f594d-e049-4df3-8d75-b319150055ad to target datanode fe81301d-bd8c-48bd-ad3a-b173d0c556c9
2023-09-08 11:18:59,053 [main] DEBUG balancer.ContainerBalancerTask (ContainerBalancerTask.java:lambda$moveContainer$3(837)) - Container move completed for container #29 from source 7a7f594d-e049-4df3-8d75-b319150055ad to target fe81301d-bd8c-48bd-ad3a-b173d0c556c9
2023-09-08 11:18:59,056 [main] DEBUG balancer.ContainerBalancerTask (ContainerBalancerTask.java:matchSourceWithTarget(708)) - ContainerBalancer is finding suitable target for source datanode 43b0f535-1289-4d67-b41b-d918369b12b0
2023-09-08 11:18:59,056 [main] INFO  balancer.ContainerBalancerTask (ContainerBalancerTask.java:matchSourceWithTarget(722)) - ContainerBalancer matched source datanode 43b0f535-1289-4d67-b41b-d918369b12b0 with target datanode 11b18049-a772-497a-9c02-7e4261b7287e for container move.
2023-09-08 11:18:59,057 [main] INFO  balancer.ContainerBalancerTask (ContainerBalancerTask.java:processMoveSelection(569)) - ContainerBalancer is trying to move container #88 with size 3221225472B from source datanode 43b0f535-1289-4d67-b41b-d918369b12b0 to target datanode 11b18049-a772-497a-9c02-7e4261b7287e
2023-09-08 11:18:59,057 [main] DEBUG balancer.ContainerBalancerTask (ContainerBalancerTask.java:lambda$moveContainer$3(837)) - Container move completed for container #88 from source 43b0f535-1289-4d67-b41b-d918369b12b0 to target 11b18049-a772-497a-9c02-7e4261b7287e
2023-09-08 11:18:59,059 [main] DEBUG balancer.ContainerBalancerTask (ContainerBalancerTask.java:matchSourceWithTarget(708)) - ContainerBalancer is finding suitable target for source datanode ab4438da-5e56-4c43-987a-7e286ef0c04e
2023-09-08 11:18:59,059 [main] INFO  balancer.ContainerBalancerTask (ContainerBalancerTask.java:matchSourceWithTarget(722)) - ContainerBalancer matched source datanode ab4438da-5e56-4c43-987a-7e286ef0c04e with target datanode 5830c829-52ce-486d-9ed8-e74e56097aa2 for container move.
2023-09-08 11:18:59,059 [main] INFO  balancer.ContainerBalancerTask (ContainerBalancerTask.java:processMoveSelection(569)) - ContainerBalancer is trying to move container #71 with size 3221225472B from source datanode ab4438da-5e56-4c43-987a-7e286ef0c04e to target datanode 5830c829-52ce-486d-9ed8-e74e56097aa2
2023-09-08 11:18:59,059 [main] DEBUG balancer.ContainerBalancerTask (ContainerBalancerTask.java:lambda$moveContainer$3(837)) - Container move completed for container #71 from source ab4438da-5e56-4c43-987a-7e286ef0c04e to target 5830c829-52ce-486d-9ed8-e74e56097aa2
2023-09-08 11:18:59,063 [main] DEBUG balancer.ContainerBalancerTask (ContainerBalancerTask.java:matchSourceWithTarget(708)) - ContainerBalancer is finding suitable target for source datanode 7a7f594d-e049-4df3-8d75-b319150055ad
2023-09-08 11:18:59,063 [main] INFO  balancer.ContainerBalancerTask (ContainerBalancerTask.java:matchSourceWithTarget(722)) - ContainerBalancer matched source datanode 7a7f594d-e049-4df3-8d75-b319150055ad with target datanode 11b18049-a772-497a-9c02-7e4261b7287e for container move.
2023-09-08 11:18:59,063 [main] INFO  balancer.ContainerBalancerTask (ContainerBalancerTask.java:processMoveSelection(569)) - ContainerBalancer is trying to move container #67 with size 4294967296B from source datanode 7a7f594d-e049-4df3-8d75-b319150055ad to target datanode 11b18049-a772-497a-9c02-7e4261b7287e
2023-09-08 11:18:59,063 [main] DEBUG balancer.ContainerBalancerTask (ContainerBalancerTask.java:lambda$moveContainer$3(837)) - Container move completed for container #67 from source 7a7f594d-e049-4df3-8d75-b319150055ad to target 11b18049-a772-497a-9c02-7e4261b7287e
2023-09-08 11:18:59,067 [main] DEBUG balancer.ContainerBalancerTask (ContainerBalancerTask.java:matchSourceWithTarget(708)) - ContainerBalancer is finding suitable target for source datanode b763bfb0-c4ed-4497-99e5-4fc13653f1b7
2023-09-08 11:18:59,067 [main] INFO  balancer.ContainerBalancerTask (ContainerBalancerTask.java:matchSourceWithTarget(722)) - ContainerBalancer matched source datanode b763bfb0-c4ed-4497-99e5-4fc13653f1b7 with target datanode 5830c829-52ce-486d-9ed8-e74e56097aa2 for container move.
2023-09-08 11:18:59,067 [main] INFO  balancer.ContainerBalancerTask (ContainerBalancerTask.java:processMoveSelection(569)) - ContainerBalancer is trying to move container #52 with size 4294967296B from source datanode b763bfb0-c4ed-4497-99e5-4fc13653f1b7 to target datanode 5830c829-52ce-486d-9ed8-e74e56097aa2
2023-09-08 11:18:59,067 [main] DEBUG balancer.ContainerBalancerTask (ContainerBalancerTask.java:lambda$moveContainer$3(837)) - Container move completed for container #52 from source b763bfb0-c4ed-4497-99e5-4fc13653f1b7 to target 5830c829-52ce-486d-9ed8-e74e56097aa2
2023-09-08 11:18:59,070 [main] DEBUG balancer.ContainerBalancerTask (ContainerBalancerTask.java:matchSourceWithTarget(708)) - ContainerBalancer is finding suitable target for source datanode 43b0f535-1289-4d67-b41b-d918369b12b0
2023-09-08 11:18:59,070 [main] INFO  balancer.ContainerBalancerTask (ContainerBalancerTask.java:matchSourceWithTarget(722)) - ContainerBalancer matched source datanode 43b0f535-1289-4d67-b41b-d918369b12b0 with target datanode 11b18049-a772-497a-9c02-7e4261b7287e for container move.
2023-09-08 11:18:59,070 [main] INFO  balancer.ContainerBalancerTask (ContainerBalancerTask.java:processMoveSelection(569)) - ContainerBalancer is trying to move container #27 with size 3221225472B from source datanode 43b0f535-1289-4d67-b41b-d918369b12b0 to target datanode 11b18049-a772-497a-9c02-7e4261b7287e
2023-09-08 11:18:59,071 [main] DEBUG balancer.ContainerBalancerTask (ContainerBalancerTask.java:lambda$moveContainer$3(837)) - Container move completed for container #27 from source 43b0f535-1289-4d67-b41b-d918369b12b0 to target 11b18049-a772-497a-9c02-7e4261b7287e
2023-09-08 11:18:59,074 [main] DEBUG balancer.ContainerBalancerTask (ContainerBalancerTask.java:matchSourceWithTarget(708)) - ContainerBalancer is finding suitable target for source datanode 7a7f594d-e049-4df3-8d75-b319150055ad
2023-09-08 11:18:59,075 [main] INFO  balancer.ContainerBalancerTask (ContainerBalancerTask.java:matchSourceWithTarget(722)) - ContainerBalancer matched source datanode 7a7f594d-e049-4df3-8d75-b319150055ad with target datanode 5830c829-52ce-486d-9ed8-e74e56097aa2 for container move.
2023-09-08 11:18:59,075 [main] INFO  balancer.ContainerBalancerTask (ContainerBalancerTask.java:processMoveSelection(569)) - ContainerBalancer is trying to move container #41 with size 1073741824B from source datanode 7a7f594d-e049-4df3-8d75-b319150055ad to target datanode 5830c829-52ce-486d-9ed8-e74e56097aa2
2023-09-08 11:18:59,075 [main] DEBUG balancer.ContainerBalancerTask (ContainerBalancerTask.java:lambda$moveContainer$3(837)) - Container move completed for container #41 from source 7a7f594d-e049-4df3-8d75-b319150055ad to target 5830c829-52ce-486d-9ed8-e74e56097aa2
2023-09-08 11:18:59,075 [main] WARN  balancer.ContainerBalancerTask (ContainerBalancerTask.java:reachedMaxSizeToMovePerIteration(733)) - Reached max size to move limit. 53687091200 bytes have already been scheduled for balancing and the limit is 53687091200 bytes.
2023-09-08 11:18:59,075 [main] INFO  balancer.ContainerBalancerTask (ContainerBalancerTask.java:checkIterationMoveResults(642)) - Iteration Summary. Number of Datanodes involved: 7. Size moved: 50 GB (53687091200 Bytes). Number of Container moves completed: 13.
2023-09-08 11:18:59,075 [main] INFO  balancer.ContainerBalancerTask (ContainerBalancerTask.java:balance(259)) - Result of this iteration of Container Balancer: ITERATION_COMPLETED
2023-09-08 11:18:59,075 [main] INFO  balancer.ContainerBalancerTask (ContainerBalancerTask.java:tryStopWithSaveConfiguration(308)) - Save Configuration for stopping. Reason: Completed all iterations.
]]></system-out>
  </testcase>
  <testcase name="balancerShouldExcludeECContainersWhenLegacyRmIsEnabled" classname="org.apache.hadoop.hdds.scm.container.balancer.TestContainerBalancerTask" time="0.091">
    <system-out><![CDATA[2023-09-08 11:18:59,110 [main] INFO  net.NodeSchemaLoader (NodeSchemaLoader.java:loadSchemaFromFile(129)) - Loading schema from [file:/home/runner/work/ozone/ozone/hadoop-hdds/common/target/classes/network-topology-default.xml]
2023-09-08 11:18:59,110 [main] INFO  net.NodeSchemaLoader (NodeSchemaLoader.java:loadSchema(176)) - Loading network topology layer schema file
2023-09-08 11:18:59,111 [main] INFO  net.NetworkTopologyImpl (NetworkTopologyImpl.java:add(112)) - Added a new node: /default-rack/821689c6-f270-41f5-9d6a-7e2fc5bf076f
2023-09-08 11:18:59,111 [main] INFO  net.NetworkTopologyImpl (NetworkTopologyImpl.java:add(112)) - Added a new node: /default-rack/287c7608-6cd0-4cc4-a3e9-02e79013c74d
2023-09-08 11:18:59,112 [main] INFO  net.NetworkTopologyImpl (NetworkTopologyImpl.java:add(112)) - Added a new node: /default-rack/ce211ce6-d2e0-4a35-89ca-2416b852fe7e
2023-09-08 11:18:59,112 [main] INFO  net.NetworkTopologyImpl (NetworkTopologyImpl.java:add(112)) - Added a new node: /default-rack/03c74bda-85a5-481f-8eb1-dc9d3de0341f
2023-09-08 11:18:59,112 [main] INFO  net.NetworkTopologyImpl (NetworkTopologyImpl.java:add(112)) - Added a new node: /default-rack/96b46fe4-7389-40fd-8807-21379cfffdef
2023-09-08 11:18:59,112 [main] INFO  net.NetworkTopologyImpl (NetworkTopologyImpl.java:add(112)) - Added a new node: /default-rack/bf5c67a9-d8ea-48e7-a8d4-fab909423a12
2023-09-08 11:18:59,112 [main] INFO  net.NetworkTopologyImpl (NetworkTopologyImpl.java:add(112)) - Added a new node: /default-rack/1628f91b-93a3-4b13-b08f-882008c3a418
2023-09-08 11:18:59,112 [main] INFO  net.NetworkTopologyImpl (NetworkTopologyImpl.java:add(112)) - Added a new node: /default-rack/fb530ca9-49dd-4444-a0a2-faddb2c8d31c
2023-09-08 11:18:59,112 [main] INFO  net.NetworkTopologyImpl (NetworkTopologyImpl.java:add(112)) - Added a new node: /default-rack/d19670b3-14a2-491a-bfc8-862b25be2d6c
2023-09-08 11:18:59,112 [main] INFO  net.NetworkTopologyImpl (NetworkTopologyImpl.java:add(112)) - Added a new node: /default-rack/3b7ef9ba-5b99-45fc-97e0-97e7d299d582
2023-09-08 11:18:59,112 [main] INFO  algorithms.ContainerPlacementPolicyFactory (ContainerPlacementPolicyFactory.java:getPolicyInternal(86)) - Create container placement policy of type org.apache.hadoop.hdds.scm.container.placement.algorithms.SCMContainerPlacementRackAware
2023-09-08 11:18:59,112 [main] INFO  algorithms.ContainerPlacementPolicyFactory (ContainerPlacementPolicyFactory.java:getPolicyInternal(86)) - Create container placement policy of type org.apache.hadoop.hdds.scm.container.placement.algorithms.SCMContainerPlacementRackScatter
2023-09-08 11:18:59,116 [main] DEBUG balancer.ContainerBalancerTask (ContainerBalancerTask.java:initializeIteration(374)) - Average utilization of the cluster is 0.36048659608048567
2023-09-08 11:18:59,116 [main] DEBUG balancer.ContainerBalancerTask (ContainerBalancerTask.java:initializeIteration(386)) - Lower limit for utilization is 0.26048659608048563 and Upper limit for utilization is 0.4604865960804857
2023-09-08 11:18:59,116 [main] DEBUG balancer.ContainerBalancerTask (ContainerBalancerTask.java:initializeIteration(398)) - Utilization for node bf5c67a9-d8ea-48e7-a8d4-fab909423a12 with capacity 75161927680B, used 67645734912B, and remaining 7516192768B is 0.9
2023-09-08 11:18:59,116 [main] DEBUG balancer.ContainerBalancerTask (ContainerBalancerTask.java:initializeIteration(398)) - Utilization for node 287c7608-6cd0-4cc4-a3e9-02e79013c74d with capacity 59055800320B, used 47244640256B, and remaining 11811160064B is 0.8
2023-09-08 11:18:59,116 [main] DEBUG balancer.ContainerBalancerTask (ContainerBalancerTask.java:initializeIteration(398)) - Utilization for node fb530ca9-49dd-4444-a0a2-faddb2c8d31c with capacity 73628010788B, used 51539607552B, and remaining 22088403236B is 0.7000000000054327
2023-09-08 11:18:59,116 [main] DEBUG balancer.ContainerBalancerTask (ContainerBalancerTask.java:initializeIteration(398)) - Utilization for node 1628f91b-93a3-4b13-b08f-882008c3a418 with capacity 68003648853B, used 40802189312B, and remaining 27201459541B is 0.6000000000029411
2023-09-08 11:18:59,116 [main] DEBUG balancer.ContainerBalancerTask (ContainerBalancerTask.java:initializeIteration(398)) - Utilization for node 96b46fe4-7389-40fd-8807-21379cfffdef with capacity 111669149696B, used 55834574848B, and remaining 55834574848B is 0.5
2023-09-08 11:18:59,116 [main] DEBUG balancer.ContainerBalancerTask (ContainerBalancerTask.java:initializeIteration(398)) - Utilization for node ce211ce6-d2e0-4a35-89ca-2416b852fe7e with capacity 91268055040B, used 36507222016B, and remaining 54760833024B is 0.4
2023-09-08 11:18:59,116 [main] DEBUG balancer.ContainerBalancerTask (ContainerBalancerTask.java:initializeIteration(398)) - Utilization for node 03c74bda-85a5-481f-8eb1-dc9d3de0341f with capacity 128849018880B, used 38654705664B, and remaining 90194313216B is 0.3
2023-09-08 11:18:59,116 [main] DEBUG balancer.ContainerBalancerTask (ContainerBalancerTask.java:initializeIteration(398)) - Utilization for node 821689c6-f270-41f5-9d6a-7e2fc5bf076f with capacity 220117073920B, used 44023414784B, and remaining 176093659136B is 0.2
2023-09-08 11:18:59,117 [main] DEBUG balancer.ContainerBalancerTask (ContainerBalancerTask.java:initializeIteration(398)) - Utilization for node d19670b3-14a2-491a-bfc8-862b25be2d6c with capacity 268435456000B, used 26843545600B, and remaining 241591910400B is 0.1
2023-09-08 11:18:59,117 [main] DEBUG balancer.ContainerBalancerTask (ContainerBalancerTask.java:initializeIteration(398)) - Utilization for node 3b7ef9ba-5b99-45fc-97e0-97e7d299d582 with capacity 38654705664B, used 0B, and remaining 38654705664B is 0.0
2023-09-08 11:18:59,117 [main] INFO  balancer.ContainerBalancerTask (ContainerBalancerTask.java:initializeIteration(447)) - Container Balancer has identified 5 Over-Utilized and 3 Under-Utilized Datanodes that need to be balanced.
2023-09-08 11:18:59,117 [main] DEBUG balancer.ContainerBalancerTask (ContainerBalancerTask.java:lambda$initializeIteration$1(453)) - Datanode localhost-161.47.180.92 bf5c67a9-d8ea-48e7-a8d4-fab909423a12 is Over-Utilized.
2023-09-08 11:18:59,117 [main] DEBUG balancer.ContainerBalancerTask (ContainerBalancerTask.java:lambda$initializeIteration$1(453)) - Datanode localhost-36.97.209.190 287c7608-6cd0-4cc4-a3e9-02e79013c74d is Over-Utilized.
2023-09-08 11:18:59,117 [main] DEBUG balancer.ContainerBalancerTask (ContainerBalancerTask.java:lambda$initializeIteration$1(453)) - Datanode localhost-3.31.68.43 fb530ca9-49dd-4444-a0a2-faddb2c8d31c is Over-Utilized.
2023-09-08 11:18:59,117 [main] DEBUG balancer.ContainerBalancerTask (ContainerBalancerTask.java:lambda$initializeIteration$1(453)) - Datanode localhost-97.183.129.65 1628f91b-93a3-4b13-b08f-882008c3a418 is Over-Utilized.
2023-09-08 11:18:59,117 [main] DEBUG balancer.ContainerBalancerTask (ContainerBalancerTask.java:lambda$initializeIteration$1(453)) - Datanode localhost-46.105.206.171 96b46fe4-7389-40fd-8807-21379cfffdef is Over-Utilized.
2023-09-08 11:18:59,117 [main] DEBUG balancer.ContainerBalancerTask (ContainerBalancerTask.java:lambda$initializeIteration$2(459)) - Datanode localhost-97.145.60.229 3b7ef9ba-5b99-45fc-97e0-97e7d299d582 is Under-Utilized.
2023-09-08 11:18:59,117 [main] DEBUG balancer.ContainerBalancerTask (ContainerBalancerTask.java:lambda$initializeIteration$2(459)) - Datanode localhost-222.233.116.23 d19670b3-14a2-491a-bfc8-862b25be2d6c is Under-Utilized.
2023-09-08 11:18:59,117 [main] DEBUG balancer.ContainerBalancerTask (ContainerBalancerTask.java:lambda$initializeIteration$2(459)) - Datanode localhost-80.49.62.111 821689c6-f270-41f5-9d6a-7e2fc5bf076f is Under-Utilized.
2023-09-08 11:18:59,121 [main] DEBUG balancer.ContainerBalancerTask (ContainerBalancerTask.java:matchSourceWithTarget(708)) - ContainerBalancer is finding suitable target for source datanode bf5c67a9-d8ea-48e7-a8d4-fab909423a12
2023-09-08 11:18:59,121 [main] INFO  balancer.ContainerBalancerTask (ContainerBalancerTask.java:matchSourceWithTarget(722)) - ContainerBalancer matched source datanode bf5c67a9-d8ea-48e7-a8d4-fab909423a12 with target datanode 3b7ef9ba-5b99-45fc-97e0-97e7d299d582 for container move.
2023-09-08 11:18:59,121 [main] INFO  balancer.ContainerBalancerTask (ContainerBalancerTask.java:processMoveSelection(569)) - ContainerBalancer is trying to move container #84 with size 4294967296B from source datanode bf5c67a9-d8ea-48e7-a8d4-fab909423a12 to target datanode 3b7ef9ba-5b99-45fc-97e0-97e7d299d582
2023-09-08 11:18:59,122 [main] DEBUG balancer.ContainerBalancerTask (ContainerBalancerTask.java:lambda$moveContainer$3(837)) - Container move completed for container #84 from source bf5c67a9-d8ea-48e7-a8d4-fab909423a12 to target 3b7ef9ba-5b99-45fc-97e0-97e7d299d582
2023-09-08 11:18:59,125 [main] DEBUG balancer.ContainerBalancerTask (ContainerBalancerTask.java:matchSourceWithTarget(708)) - ContainerBalancer is finding suitable target for source datanode bf5c67a9-d8ea-48e7-a8d4-fab909423a12
2023-09-08 11:18:59,125 [main] INFO  balancer.ContainerBalancerTask (ContainerBalancerTask.java:matchSourceWithTarget(722)) - ContainerBalancer matched source datanode bf5c67a9-d8ea-48e7-a8d4-fab909423a12 with target datanode d19670b3-14a2-491a-bfc8-862b25be2d6c for container move.
2023-09-08 11:18:59,125 [main] INFO  balancer.ContainerBalancerTask (ContainerBalancerTask.java:processMoveSelection(569)) - ContainerBalancer is trying to move container #52 with size 4294967296B from source datanode bf5c67a9-d8ea-48e7-a8d4-fab909423a12 to target datanode d19670b3-14a2-491a-bfc8-862b25be2d6c
2023-09-08 11:18:59,125 [main] DEBUG balancer.ContainerBalancerTask (ContainerBalancerTask.java:lambda$moveContainer$3(837)) - Container move completed for container #52 from source bf5c67a9-d8ea-48e7-a8d4-fab909423a12 to target d19670b3-14a2-491a-bfc8-862b25be2d6c
2023-09-08 11:18:59,128 [main] DEBUG balancer.ContainerBalancerTask (ContainerBalancerTask.java:matchSourceWithTarget(708)) - ContainerBalancer is finding suitable target for source datanode 287c7608-6cd0-4cc4-a3e9-02e79013c74d
2023-09-08 11:18:59,128 [main] INFO  balancer.ContainerBalancerTask (ContainerBalancerTask.java:matchSourceWithTarget(722)) - ContainerBalancer matched source datanode 287c7608-6cd0-4cc4-a3e9-02e79013c74d with target datanode 3b7ef9ba-5b99-45fc-97e0-97e7d299d582 for container move.
2023-09-08 11:18:59,128 [main] INFO  balancer.ContainerBalancerTask (ContainerBalancerTask.java:processMoveSelection(569)) - ContainerBalancer is trying to move container #68 with size 5368709120B from source datanode 287c7608-6cd0-4cc4-a3e9-02e79013c74d to target datanode 3b7ef9ba-5b99-45fc-97e0-97e7d299d582
2023-09-08 11:18:59,128 [main] DEBUG balancer.ContainerBalancerTask (ContainerBalancerTask.java:lambda$moveContainer$3(837)) - Container move completed for container #68 from source 287c7608-6cd0-4cc4-a3e9-02e79013c74d to target 3b7ef9ba-5b99-45fc-97e0-97e7d299d582
2023-09-08 11:18:59,131 [main] DEBUG balancer.ContainerBalancerTask (ContainerBalancerTask.java:matchSourceWithTarget(708)) - ContainerBalancer is finding suitable target for source datanode bf5c67a9-d8ea-48e7-a8d4-fab909423a12
2023-09-08 11:18:59,131 [main] INFO  balancer.ContainerBalancerTask (ContainerBalancerTask.java:matchSourceWithTarget(722)) - ContainerBalancer matched source datanode bf5c67a9-d8ea-48e7-a8d4-fab909423a12 with target datanode d19670b3-14a2-491a-bfc8-862b25be2d6c for container move.
2023-09-08 11:18:59,132 [main] INFO  balancer.ContainerBalancerTask (ContainerBalancerTask.java:processMoveSelection(569)) - ContainerBalancer is trying to move container #88 with size 3221225472B from source datanode bf5c67a9-d8ea-48e7-a8d4-fab909423a12 to target datanode d19670b3-14a2-491a-bfc8-862b25be2d6c
2023-09-08 11:18:59,132 [main] DEBUG balancer.ContainerBalancerTask (ContainerBalancerTask.java:lambda$moveContainer$3(837)) - Container move completed for container #88 from source bf5c67a9-d8ea-48e7-a8d4-fab909423a12 to target d19670b3-14a2-491a-bfc8-862b25be2d6c
2023-09-08 11:18:59,136 [main] DEBUG balancer.ContainerBalancerTask (ContainerBalancerTask.java:matchSourceWithTarget(708)) - ContainerBalancer is finding suitable target for source datanode bf5c67a9-d8ea-48e7-a8d4-fab909423a12
2023-09-08 11:18:59,136 [main] INFO  balancer.ContainerBalancerTask (ContainerBalancerTask.java:matchSourceWithTarget(722)) - ContainerBalancer matched source datanode bf5c67a9-d8ea-48e7-a8d4-fab909423a12 with target datanode d19670b3-14a2-491a-bfc8-862b25be2d6c for container move.
2023-09-08 11:18:59,136 [main] INFO  balancer.ContainerBalancerTask (ContainerBalancerTask.java:processMoveSelection(569)) - ContainerBalancer is trying to move container #82 with size 2147483648B from source datanode bf5c67a9-d8ea-48e7-a8d4-fab909423a12 to target datanode d19670b3-14a2-491a-bfc8-862b25be2d6c
2023-09-08 11:18:59,136 [main] DEBUG balancer.ContainerBalancerTask (ContainerBalancerTask.java:lambda$moveContainer$3(837)) - Container move completed for container #82 from source bf5c67a9-d8ea-48e7-a8d4-fab909423a12 to target d19670b3-14a2-491a-bfc8-862b25be2d6c
2023-09-08 11:18:59,140 [main] DEBUG balancer.ContainerBalancerTask (ContainerBalancerTask.java:matchSourceWithTarget(708)) - ContainerBalancer is finding suitable target for source datanode bf5c67a9-d8ea-48e7-a8d4-fab909423a12
2023-09-08 11:18:59,140 [main] INFO  balancer.ContainerBalancerTask (ContainerBalancerTask.java:matchSourceWithTarget(722)) - ContainerBalancer matched source datanode bf5c67a9-d8ea-48e7-a8d4-fab909423a12 with target datanode d19670b3-14a2-491a-bfc8-862b25be2d6c for container move.
2023-09-08 11:18:59,140 [main] INFO  balancer.ContainerBalancerTask (ContainerBalancerTask.java:processMoveSelection(569)) - ContainerBalancer is trying to move container #36 with size 1073741824B from source datanode bf5c67a9-d8ea-48e7-a8d4-fab909423a12 to target datanode d19670b3-14a2-491a-bfc8-862b25be2d6c
2023-09-08 11:18:59,141 [main] DEBUG balancer.ContainerBalancerTask (ContainerBalancerTask.java:lambda$moveContainer$3(837)) - Container move completed for container #36 from source bf5c67a9-d8ea-48e7-a8d4-fab909423a12 to target d19670b3-14a2-491a-bfc8-862b25be2d6c
2023-09-08 11:18:59,143 [main] DEBUG balancer.ContainerBalancerTask (ContainerBalancerTask.java:matchSourceWithTarget(708)) - ContainerBalancer is finding suitable target for source datanode 287c7608-6cd0-4cc4-a3e9-02e79013c74d
2023-09-08 11:18:59,143 [main] INFO  balancer.ContainerBalancerTask (ContainerBalancerTask.java:matchSourceWithTarget(722)) - ContainerBalancer matched source datanode 287c7608-6cd0-4cc4-a3e9-02e79013c74d with target datanode 821689c6-f270-41f5-9d6a-7e2fc5bf076f for container move.
2023-09-08 11:18:59,143 [main] INFO  balancer.ContainerBalancerTask (ContainerBalancerTask.java:processMoveSelection(569)) - ContainerBalancer is trying to move container #66 with size 3221225472B from source datanode 287c7608-6cd0-4cc4-a3e9-02e79013c74d to target datanode 821689c6-f270-41f5-9d6a-7e2fc5bf076f
2023-09-08 11:18:59,143 [main] DEBUG balancer.ContainerBalancerTask (ContainerBalancerTask.java:lambda$moveContainer$3(837)) - Container move completed for container #66 from source 287c7608-6cd0-4cc4-a3e9-02e79013c74d to target 821689c6-f270-41f5-9d6a-7e2fc5bf076f
2023-09-08 11:18:59,147 [main] DEBUG balancer.ContainerBalancerTask (ContainerBalancerTask.java:matchSourceWithTarget(708)) - ContainerBalancer is finding suitable target for source datanode fb530ca9-49dd-4444-a0a2-faddb2c8d31c
2023-09-08 11:18:59,147 [main] INFO  balancer.ContainerBalancerTask (ContainerBalancerTask.java:matchSourceWithTarget(722)) - ContainerBalancer matched source datanode fb530ca9-49dd-4444-a0a2-faddb2c8d31c with target datanode 821689c6-f270-41f5-9d6a-7e2fc5bf076f for container move.
2023-09-08 11:18:59,147 [main] INFO  balancer.ContainerBalancerTask (ContainerBalancerTask.java:processMoveSelection(569)) - ContainerBalancer is trying to move container #28 with size 4294967296B from source datanode fb530ca9-49dd-4444-a0a2-faddb2c8d31c to target datanode 821689c6-f270-41f5-9d6a-7e2fc5bf076f
2023-09-08 11:18:59,147 [main] DEBUG balancer.ContainerBalancerTask (ContainerBalancerTask.java:lambda$moveContainer$3(837)) - Container move completed for container #28 from source fb530ca9-49dd-4444-a0a2-faddb2c8d31c to target 821689c6-f270-41f5-9d6a-7e2fc5bf076f
2023-09-08 11:18:59,151 [main] DEBUG balancer.ContainerBalancerTask (ContainerBalancerTask.java:matchSourceWithTarget(708)) - ContainerBalancer is finding suitable target for source datanode bf5c67a9-d8ea-48e7-a8d4-fab909423a12
2023-09-08 11:18:59,151 [main] INFO  balancer.ContainerBalancerTask (ContainerBalancerTask.java:matchSourceWithTarget(722)) - ContainerBalancer matched source datanode bf5c67a9-d8ea-48e7-a8d4-fab909423a12 with target datanode 821689c6-f270-41f5-9d6a-7e2fc5bf076f for container move.
2023-09-08 11:18:59,151 [main] INFO  balancer.ContainerBalancerTask (ContainerBalancerTask.java:processMoveSelection(569)) - ContainerBalancer is trying to move container #50 with size 2147483648B from source datanode bf5c67a9-d8ea-48e7-a8d4-fab909423a12 to target datanode 821689c6-f270-41f5-9d6a-7e2fc5bf076f
2023-09-08 11:18:59,152 [main] DEBUG balancer.ContainerBalancerTask (ContainerBalancerTask.java:lambda$moveContainer$3(837)) - Container move completed for container #50 from source bf5c67a9-d8ea-48e7-a8d4-fab909423a12 to target 821689c6-f270-41f5-9d6a-7e2fc5bf076f
2023-09-08 11:18:59,156 [main] DEBUG balancer.ContainerBalancerTask (ContainerBalancerTask.java:matchSourceWithTarget(708)) - ContainerBalancer is finding suitable target for source datanode bf5c67a9-d8ea-48e7-a8d4-fab909423a12
2023-09-08 11:18:59,156 [main] INFO  balancer.ContainerBalancerTask (ContainerBalancerTask.java:matchSourceWithTarget(722)) - ContainerBalancer matched source datanode bf5c67a9-d8ea-48e7-a8d4-fab909423a12 with target datanode 821689c6-f270-41f5-9d6a-7e2fc5bf076f for container move.
2023-09-08 11:18:59,156 [main] INFO  balancer.ContainerBalancerTask (ContainerBalancerTask.java:processMoveSelection(569)) - ContainerBalancer is trying to move container #86 with size 1073741824B from source datanode bf5c67a9-d8ea-48e7-a8d4-fab909423a12 to target datanode 821689c6-f270-41f5-9d6a-7e2fc5bf076f
2023-09-08 11:18:59,156 [main] DEBUG balancer.ContainerBalancerTask (ContainerBalancerTask.java:lambda$moveContainer$3(837)) - Container move completed for container #86 from source bf5c67a9-d8ea-48e7-a8d4-fab909423a12 to target 821689c6-f270-41f5-9d6a-7e2fc5bf076f
2023-09-08 11:18:59,160 [main] DEBUG balancer.ContainerBalancerTask (ContainerBalancerTask.java:matchSourceWithTarget(701)) - ContainerBalancer could not find any candidate containers for datanode bf5c67a9-d8ea-48e7-a8d4-fab909423a12
2023-09-08 11:18:59,163 [main] DEBUG balancer.ContainerBalancerTask (ContainerBalancerTask.java:matchSourceWithTarget(708)) - ContainerBalancer is finding suitable target for source datanode 287c7608-6cd0-4cc4-a3e9-02e79013c74d
2023-09-08 11:18:59,163 [main] INFO  balancer.ContainerBalancerTask (ContainerBalancerTask.java:matchSourceWithTarget(722)) - ContainerBalancer matched source datanode 287c7608-6cd0-4cc4-a3e9-02e79013c74d with target datanode 3b7ef9ba-5b99-45fc-97e0-97e7d299d582 for container move.
2023-09-08 11:18:59,163 [main] INFO  balancer.ContainerBalancerTask (ContainerBalancerTask.java:processMoveSelection(569)) - ContainerBalancer is trying to move container #64 with size 1073741824B from source datanode 287c7608-6cd0-4cc4-a3e9-02e79013c74d to target datanode 3b7ef9ba-5b99-45fc-97e0-97e7d299d582
2023-09-08 11:18:59,163 [main] DEBUG balancer.ContainerBalancerTask (ContainerBalancerTask.java:lambda$moveContainer$3(837)) - Container move completed for container #64 from source 287c7608-6cd0-4cc4-a3e9-02e79013c74d to target 3b7ef9ba-5b99-45fc-97e0-97e7d299d582
2023-09-08 11:18:59,167 [main] DEBUG balancer.ContainerBalancerTask (ContainerBalancerTask.java:matchSourceWithTarget(708)) - ContainerBalancer is finding suitable target for source datanode fb530ca9-49dd-4444-a0a2-faddb2c8d31c
2023-09-08 11:18:59,167 [main] INFO  balancer.FindTargetGreedyByUsageInfo (AbstractFindTargetGreedy.java:findTargetForContainerMove(133)) - Container Balancer could not find a target for source datanode fb530ca9-49dd-4444-a0a2-faddb2c8d31c
2023-09-08 11:18:59,167 [main] DEBUG balancer.ContainerBalancerTask (ContainerBalancerTask.java:matchSourceWithTarget(717)) - ContainerBalancer could not find a suitable target for source node fb530ca9-49dd-4444-a0a2-faddb2c8d31c.
2023-09-08 11:18:59,170 [main] DEBUG balancer.ContainerBalancerTask (ContainerBalancerTask.java:matchSourceWithTarget(708)) - ContainerBalancer is finding suitable target for source datanode 287c7608-6cd0-4cc4-a3e9-02e79013c74d
2023-09-08 11:18:59,170 [main] INFO  balancer.FindTargetGreedyByUsageInfo (AbstractFindTargetGreedy.java:findTargetForContainerMove(133)) - Container Balancer could not find a target for source datanode 287c7608-6cd0-4cc4-a3e9-02e79013c74d
2023-09-08 11:18:59,170 [main] DEBUG balancer.ContainerBalancerTask (ContainerBalancerTask.java:matchSourceWithTarget(717)) - ContainerBalancer could not find a suitable target for source node 287c7608-6cd0-4cc4-a3e9-02e79013c74d.
2023-09-08 11:18:59,173 [main] DEBUG balancer.ContainerBalancerTask (ContainerBalancerTask.java:matchSourceWithTarget(708)) - ContainerBalancer is finding suitable target for source datanode 1628f91b-93a3-4b13-b08f-882008c3a418
2023-09-08 11:18:59,173 [main] INFO  balancer.FindTargetGreedyByUsageInfo (AbstractFindTargetGreedy.java:findTargetForContainerMove(133)) - Container Balancer could not find a target for source datanode 1628f91b-93a3-4b13-b08f-882008c3a418
2023-09-08 11:18:59,173 [main] DEBUG balancer.ContainerBalancerTask (ContainerBalancerTask.java:matchSourceWithTarget(717)) - ContainerBalancer could not find a suitable target for source node 1628f91b-93a3-4b13-b08f-882008c3a418.
2023-09-08 11:18:59,176 [main] DEBUG balancer.ContainerBalancerTask (ContainerBalancerTask.java:matchSourceWithTarget(708)) - ContainerBalancer is finding suitable target for source datanode 96b46fe4-7389-40fd-8807-21379cfffdef
2023-09-08 11:18:59,176 [main] INFO  balancer.FindTargetGreedyByUsageInfo (AbstractFindTargetGreedy.java:findTargetForContainerMove(133)) - Container Balancer could not find a target for source datanode 96b46fe4-7389-40fd-8807-21379cfffdef
2023-09-08 11:18:59,176 [main] DEBUG balancer.ContainerBalancerTask (ContainerBalancerTask.java:matchSourceWithTarget(717)) - ContainerBalancer could not find a suitable target for source node 96b46fe4-7389-40fd-8807-21379cfffdef.
2023-09-08 11:18:59,176 [main] INFO  balancer.FindSourceGreedy (FindSourceGreedy.java:getNextCandidateSourceDataNode(126)) - no more candidate source data node
2023-09-08 11:18:59,177 [main] INFO  balancer.ContainerBalancerTask (ContainerBalancerTask.java:checkIterationMoveResults(642)) - Iteration Summary. Number of Datanodes involved: 6. Size moved: 30 GB (32212254720 Bytes). Number of Container moves completed: 11.
2023-09-08 11:18:59,177 [main] INFO  balancer.ContainerBalancerTask (ContainerBalancerTask.java:balance(259)) - Result of this iteration of Container Balancer: ITERATION_COMPLETED
2023-09-08 11:18:59,177 [main] INFO  balancer.ContainerBalancerTask (ContainerBalancerTask.java:tryStopWithSaveConfiguration(308)) - Save Configuration for stopping. Reason: Completed all iterations.
]]></system-out>
  </testcase>
  <testcase name="testMetrics" classname="org.apache.hadoop.hdds.scm.container.balancer.TestContainerBalancerTask" time="0.09">
    <system-out><![CDATA[2023-09-08 11:18:59,251 [main] INFO  net.NodeSchemaLoader (NodeSchemaLoader.java:loadSchemaFromFile(129)) - Loading schema from [file:/home/runner/work/ozone/ozone/hadoop-hdds/common/target/classes/network-topology-default.xml]
2023-09-08 11:18:59,251 [main] INFO  net.NodeSchemaLoader (NodeSchemaLoader.java:loadSchema(176)) - Loading network topology layer schema file
2023-09-08 11:18:59,253 [main] INFO  net.NetworkTopologyImpl (NetworkTopologyImpl.java:add(112)) - Added a new node: /default-rack/dc1f69b4-75aa-4dbf-904f-b66d732bafa7
2023-09-08 11:18:59,253 [main] INFO  net.NetworkTopologyImpl (NetworkTopologyImpl.java:add(112)) - Added a new node: /default-rack/e97e5fcb-a5d6-4cdb-b5ef-b144390ca32f
2023-09-08 11:18:59,253 [main] INFO  net.NetworkTopologyImpl (NetworkTopologyImpl.java:add(112)) - Added a new node: /default-rack/e54d9915-d94d-4ab2-bf0f-2a6033e0a859
2023-09-08 11:18:59,253 [main] INFO  net.NetworkTopologyImpl (NetworkTopologyImpl.java:add(112)) - Added a new node: /default-rack/e3f8e11e-542d-4e23-bd7a-c8acd1b8fe64
2023-09-08 11:18:59,253 [main] INFO  net.NetworkTopologyImpl (NetworkTopologyImpl.java:add(112)) - Added a new node: /default-rack/47dbdc0c-8267-481a-b52f-32ae309b2633
2023-09-08 11:18:59,253 [main] INFO  net.NetworkTopologyImpl (NetworkTopologyImpl.java:add(112)) - Added a new node: /default-rack/4ed570dd-835d-4bf9-a0e3-f58dcadaf49d
2023-09-08 11:18:59,253 [main] INFO  net.NetworkTopologyImpl (NetworkTopologyImpl.java:add(112)) - Added a new node: /default-rack/bf649cd0-fb7d-4260-9c3c-9fb5e1d9e31e
2023-09-08 11:18:59,253 [main] INFO  net.NetworkTopologyImpl (NetworkTopologyImpl.java:add(112)) - Added a new node: /default-rack/07e6235c-bc01-4975-963a-a4c993b68df7
2023-09-08 11:18:59,254 [main] INFO  net.NetworkTopologyImpl (NetworkTopologyImpl.java:add(112)) - Added a new node: /default-rack/6bfa3e87-543a-4ae0-bb3e-c4ba57870c0b
2023-09-08 11:18:59,254 [main] INFO  net.NetworkTopologyImpl (NetworkTopologyImpl.java:add(112)) - Added a new node: /default-rack/19359d26-c999-4fb8-9cd7-22543df58bbb
2023-09-08 11:18:59,254 [main] INFO  algorithms.ContainerPlacementPolicyFactory (ContainerPlacementPolicyFactory.java:getPolicyInternal(86)) - Create container placement policy of type org.apache.hadoop.hdds.scm.container.placement.algorithms.SCMContainerPlacementRackAware
2023-09-08 11:18:59,254 [main] INFO  algorithms.ContainerPlacementPolicyFactory (ContainerPlacementPolicyFactory.java:getPolicyInternal(86)) - Create container placement policy of type org.apache.hadoop.hdds.scm.container.placement.algorithms.SCMContainerPlacementRackScatter
2023-09-08 11:18:59,257 [main] DEBUG balancer.ContainerBalancerTask (ContainerBalancerTask.java:initializeIteration(374)) - Average utilization of the cluster is 0.34159123955356285
2023-09-08 11:18:59,257 [main] DEBUG balancer.ContainerBalancerTask (ContainerBalancerTask.java:initializeIteration(386)) - Lower limit for utilization is 0.24159123955356285 and Upper limit for utilization is 0.44159123955356283
2023-09-08 11:18:59,257 [main] DEBUG balancer.ContainerBalancerTask (ContainerBalancerTask.java:initializeIteration(398)) - Utilization for node bf649cd0-fb7d-4260-9c3c-9fb5e1d9e31e with capacity 62038416497B, used 55834574848B, and remaining 6203841649B is 0.9000000000112833
2023-09-08 11:18:59,258 [main] DEBUG balancer.ContainerBalancerTask (ContainerBalancerTask.java:initializeIteration(398)) - Utilization for node 19359d26-c999-4fb8-9cd7-22543df58bbb with capacity 63082332160B, used 50465865728B, and remaining 12616466432B is 0.8
2023-09-08 11:18:59,258 [main] DEBUG balancer.ContainerBalancerTask (ContainerBalancerTask.java:initializeIteration(398)) - Utilization for node e3f8e11e-542d-4e23-bd7a-c8acd1b8fe64 with capacity 46017506742B, used 32212254720B, and remaining 13805252022B is 0.7000000000130385
2023-09-08 11:18:59,258 [main] DEBUG balancer.ContainerBalancerTask (ContainerBalancerTask.java:initializeIteration(398)) - Utilization for node e97e5fcb-a5d6-4cdb-b5ef-b144390ca32f with capacity 94847194453B, used 56908316672B, and remaining 37938877781B is 0.6000000000021086
2023-09-08 11:18:59,258 [main] DEBUG balancer.ContainerBalancerTask (ContainerBalancerTask.java:initializeIteration(398)) - Utilization for node dc1f69b4-75aa-4dbf-904f-b66d732bafa7 with capacity 77309411328B, used 38654705664B, and remaining 38654705664B is 0.5
2023-09-08 11:18:59,258 [main] DEBUG balancer.ContainerBalancerTask (ContainerBalancerTask.java:initializeIteration(398)) - Utilization for node 6bfa3e87-543a-4ae0-bb3e-c4ba57870c0b with capacity 118111600640B, used 47244640256B, and remaining 70866960384B is 0.4
2023-09-08 11:18:59,258 [main] DEBUG balancer.ContainerBalancerTask (ContainerBalancerTask.java:initializeIteration(398)) - Utilization for node 07e6235c-bc01-4975-963a-a4c993b68df7 with capacity 110953321813B, used 33285996544B, and remaining 77667325269B is 0.30000000000090127
2023-09-08 11:18:59,258 [main] DEBUG balancer.ContainerBalancerTask (ContainerBalancerTask.java:initializeIteration(398)) - Utilization for node 4ed570dd-835d-4bf9-a0e3-f58dcadaf49d with capacity 102005473280B, used 20401094656B, and remaining 81604378624B is 0.2
2023-09-08 11:18:59,258 [main] DEBUG balancer.ContainerBalancerTask (ContainerBalancerTask.java:initializeIteration(398)) - Utilization for node e54d9915-d94d-4ab2-bf0f-2a6033e0a859 with capacity 343597383680B, used 34359738368B, and remaining 309237645312B is 0.1
2023-09-08 11:18:59,258 [main] DEBUG balancer.ContainerBalancerTask (ContainerBalancerTask.java:initializeIteration(398)) - Utilization for node 47dbdc0c-8267-481a-b52f-32ae309b2633 with capacity 63350767616B, used 0B, and remaining 63350767616B is 0.0
2023-09-08 11:18:59,258 [main] INFO  balancer.ContainerBalancerTask (ContainerBalancerTask.java:initializeIteration(447)) - Container Balancer has identified 5 Over-Utilized and 3 Under-Utilized Datanodes that need to be balanced.
2023-09-08 11:18:59,258 [main] DEBUG balancer.ContainerBalancerTask (ContainerBalancerTask.java:lambda$initializeIteration$1(453)) - Datanode localhost-62.175.138.56 bf649cd0-fb7d-4260-9c3c-9fb5e1d9e31e is Over-Utilized.
2023-09-08 11:18:59,259 [main] DEBUG balancer.ContainerBalancerTask (ContainerBalancerTask.java:lambda$initializeIteration$1(453)) - Datanode localhost-53.122.162.228 19359d26-c999-4fb8-9cd7-22543df58bbb is Over-Utilized.
2023-09-08 11:18:59,259 [main] DEBUG balancer.ContainerBalancerTask (ContainerBalancerTask.java:lambda$initializeIteration$1(453)) - Datanode localhost-164.110.243.205 e3f8e11e-542d-4e23-bd7a-c8acd1b8fe64 is Over-Utilized.
2023-09-08 11:18:59,259 [main] DEBUG balancer.ContainerBalancerTask (ContainerBalancerTask.java:lambda$initializeIteration$1(453)) - Datanode localhost-170.7.159.2 e97e5fcb-a5d6-4cdb-b5ef-b144390ca32f is Over-Utilized.
2023-09-08 11:18:59,259 [main] DEBUG balancer.ContainerBalancerTask (ContainerBalancerTask.java:lambda$initializeIteration$1(453)) - Datanode localhost-229.142.2.209 dc1f69b4-75aa-4dbf-904f-b66d732bafa7 is Over-Utilized.
2023-09-08 11:18:59,259 [main] DEBUG balancer.ContainerBalancerTask (ContainerBalancerTask.java:lambda$initializeIteration$2(459)) - Datanode localhost-30.94.124.186 47dbdc0c-8267-481a-b52f-32ae309b2633 is Under-Utilized.
2023-09-08 11:18:59,259 [main] DEBUG balancer.ContainerBalancerTask (ContainerBalancerTask.java:lambda$initializeIteration$2(459)) - Datanode localhost-136.228.196.134 e54d9915-d94d-4ab2-bf0f-2a6033e0a859 is Under-Utilized.
2023-09-08 11:18:59,259 [main] DEBUG balancer.ContainerBalancerTask (ContainerBalancerTask.java:lambda$initializeIteration$2(459)) - Datanode localhost-161.215.65.204 4ed570dd-835d-4bf9-a0e3-f58dcadaf49d is Under-Utilized.
2023-09-08 11:18:59,262 [main] DEBUG balancer.ContainerBalancerTask (ContainerBalancerTask.java:matchSourceWithTarget(708)) - ContainerBalancer is finding suitable target for source datanode bf649cd0-fb7d-4260-9c3c-9fb5e1d9e31e
2023-09-08 11:18:59,262 [main] INFO  balancer.ContainerBalancerTask (ContainerBalancerTask.java:matchSourceWithTarget(722)) - ContainerBalancer matched source datanode bf649cd0-fb7d-4260-9c3c-9fb5e1d9e31e with target datanode 47dbdc0c-8267-481a-b52f-32ae309b2633 for container move.
2023-09-08 11:18:59,262 [main] INFO  balancer.ContainerBalancerTask (ContainerBalancerTask.java:processMoveSelection(569)) - ContainerBalancer is trying to move container #85 with size 5368709120B from source datanode bf649cd0-fb7d-4260-9c3c-9fb5e1d9e31e to target datanode 47dbdc0c-8267-481a-b52f-32ae309b2633
2023-09-08 11:18:59,263 [main] WARN  balancer.ContainerBalancerTask (ContainerBalancerTask.java:lambda$moveContainer$3(842)) - Container move for container #85 from source bf649cd0-fb7d-4260-9c3c-9fb5e1d9e31e to target 47dbdc0c-8267-481a-b52f-32ae309b2633 failed: REPLICATION_FAIL_NODE_UNHEALTHY
2023-09-08 11:18:59,265 [main] DEBUG balancer.ContainerBalancerTask (ContainerBalancerTask.java:matchSourceWithTarget(708)) - ContainerBalancer is finding suitable target for source datanode 19359d26-c999-4fb8-9cd7-22543df58bbb
2023-09-08 11:18:59,265 [main] INFO  balancer.ContainerBalancerTask (ContainerBalancerTask.java:matchSourceWithTarget(722)) - ContainerBalancer matched source datanode 19359d26-c999-4fb8-9cd7-22543df58bbb with target datanode 47dbdc0c-8267-481a-b52f-32ae309b2633 for container move.
2023-09-08 11:18:59,265 [main] INFO  balancer.ContainerBalancerTask (ContainerBalancerTask.java:processMoveSelection(569)) - ContainerBalancer is trying to move container #85 with size 5368709120B from source datanode 19359d26-c999-4fb8-9cd7-22543df58bbb to target datanode 47dbdc0c-8267-481a-b52f-32ae309b2633
2023-09-08 11:18:59,265 [main] DEBUG balancer.ContainerBalancerTask (ContainerBalancerTask.java:lambda$moveContainer$3(837)) - Container move completed for container #85 from source 19359d26-c999-4fb8-9cd7-22543df58bbb to target 47dbdc0c-8267-481a-b52f-32ae309b2633
2023-09-08 11:18:59,268 [main] DEBUG balancer.ContainerBalancerTask (ContainerBalancerTask.java:matchSourceWithTarget(708)) - ContainerBalancer is finding suitable target for source datanode 19359d26-c999-4fb8-9cd7-22543df58bbb
2023-09-08 11:18:59,268 [main] INFO  balancer.ContainerBalancerTask (ContainerBalancerTask.java:matchSourceWithTarget(722)) - ContainerBalancer matched source datanode 19359d26-c999-4fb8-9cd7-22543df58bbb with target datanode 47dbdc0c-8267-481a-b52f-32ae309b2633 for container move.
2023-09-08 11:18:59,268 [main] INFO  balancer.ContainerBalancerTask (ContainerBalancerTask.java:processMoveSelection(569)) - ContainerBalancer is trying to move container #86 with size 1073741824B from source datanode 19359d26-c999-4fb8-9cd7-22543df58bbb to target datanode 47dbdc0c-8267-481a-b52f-32ae309b2633
2023-09-08 11:18:59,268 [main] DEBUG balancer.ContainerBalancerTask (ContainerBalancerTask.java:lambda$moveContainer$3(837)) - Container move completed for container #86 from source 19359d26-c999-4fb8-9cd7-22543df58bbb to target 47dbdc0c-8267-481a-b52f-32ae309b2633
2023-09-08 11:18:59,269 [main] WARN  balancer.ContainerBalancerTask (ContainerBalancerTask.java:reachedMaxSizeToMovePerIteration(733)) - Reached max size to move limit. 6442450944 bytes have already been scheduled for balancing and the limit is 6442450944 bytes.
2023-09-08 11:18:59,269 [main] INFO  balancer.ContainerBalancerTask (ContainerBalancerTask.java:checkIterationMoveResults(642)) - Iteration Summary. Number of Datanodes involved: 2. Size moved: 6 GB (6442450944 Bytes). Number of Container moves completed: 2.
2023-09-08 11:18:59,269 [main] INFO  balancer.ContainerBalancerTask (ContainerBalancerTask.java:balance(259)) - Result of this iteration of Container Balancer: ITERATION_COMPLETED
2023-09-08 11:18:59,269 [main] INFO  balancer.ContainerBalancerTask (ContainerBalancerTask.java:tryStopWithSaveConfiguration(308)) - Save Configuration for stopping. Reason: Completed all iterations.
]]></system-out>
  </testcase>
  <testcase name="balancerShouldNotSelectConfiguredExcludeContainers" classname="org.apache.hadoop.hdds.scm.container.balancer.TestContainerBalancerTask" time="0.07">
    <system-out><![CDATA[2023-09-08 11:18:59,291 [main] INFO  net.NodeSchemaLoader (NodeSchemaLoader.java:loadSchemaFromFile(129)) - Loading schema from [file:/home/runner/work/ozone/ozone/hadoop-hdds/common/target/classes/network-topology-default.xml]
2023-09-08 11:18:59,291 [main] INFO  net.NodeSchemaLoader (NodeSchemaLoader.java:loadSchema(176)) - Loading network topology layer schema file
2023-09-08 11:18:59,292 [main] INFO  net.NetworkTopologyImpl (NetworkTopologyImpl.java:add(112)) - Added a new node: /default-rack/5c8b4c16-2fa6-4893-9a80-0d91c2405419
2023-09-08 11:18:59,292 [main] INFO  net.NetworkTopologyImpl (NetworkTopologyImpl.java:add(112)) - Added a new node: /default-rack/e0a3ab6d-a5f2-4cb8-b7b8-01a9fdca4bad
2023-09-08 11:18:59,292 [main] INFO  net.NetworkTopologyImpl (NetworkTopologyImpl.java:add(112)) - Added a new node: /default-rack/0b054588-b18a-423a-b818-f09c9c138719
2023-09-08 11:18:59,292 [main] INFO  net.NetworkTopologyImpl (NetworkTopologyImpl.java:add(112)) - Added a new node: /default-rack/e457fe5a-7bec-4637-97a9-49afc207c1c3
2023-09-08 11:18:59,292 [main] INFO  net.NetworkTopologyImpl (NetworkTopologyImpl.java:add(112)) - Added a new node: /default-rack/00015058-7db6-4952-b366-cdda2b426077
2023-09-08 11:18:59,293 [main] INFO  net.NetworkTopologyImpl (NetworkTopologyImpl.java:add(112)) - Added a new node: /default-rack/0be74b75-54ba-4eff-9ebc-d7b7f4e592ed
2023-09-08 11:18:59,293 [main] INFO  net.NetworkTopologyImpl (NetworkTopologyImpl.java:add(112)) - Added a new node: /default-rack/05ed6af9-3271-4b24-bb4e-51c2742e17b5
2023-09-08 11:18:59,293 [main] INFO  net.NetworkTopologyImpl (NetworkTopologyImpl.java:add(112)) - Added a new node: /default-rack/19545386-450c-45ea-a22c-046de65a3d17
2023-09-08 11:18:59,293 [main] INFO  net.NetworkTopologyImpl (NetworkTopologyImpl.java:add(112)) - Added a new node: /default-rack/35de80c1-48f8-44c2-8cbb-239ee06ad987
2023-09-08 11:18:59,293 [main] INFO  net.NetworkTopologyImpl (NetworkTopologyImpl.java:add(112)) - Added a new node: /default-rack/68dfaca0-b8d3-41d8-8cb6-829c32bfd84f
2023-09-08 11:18:59,293 [main] INFO  algorithms.ContainerPlacementPolicyFactory (ContainerPlacementPolicyFactory.java:getPolicyInternal(86)) - Create container placement policy of type org.apache.hadoop.hdds.scm.container.placement.algorithms.SCMContainerPlacementRackAware
2023-09-08 11:18:59,293 [main] INFO  algorithms.ContainerPlacementPolicyFactory (ContainerPlacementPolicyFactory.java:getPolicyInternal(86)) - Create container placement policy of type org.apache.hadoop.hdds.scm.container.placement.algorithms.SCMContainerPlacementRackScatter
2023-09-08 11:18:59,296 [main] DEBUG balancer.ContainerBalancerTask (ContainerBalancerTask.java:initializeIteration(374)) - Average utilization of the cluster is 0.36075615165285624
2023-09-08 11:18:59,296 [main] DEBUG balancer.ContainerBalancerTask (ContainerBalancerTask.java:initializeIteration(386)) - Lower limit for utilization is 0.26075615165285626 and Upper limit for utilization is 0.4607561516528562
2023-09-08 11:18:59,296 [main] DEBUG balancer.ContainerBalancerTask (ContainerBalancerTask.java:initializeIteration(398)) - Utilization for node 0be74b75-54ba-4eff-9ebc-d7b7f4e592ed with capacity 53687091200B, used 48318382080B, and remaining 5368709120B is 0.9
2023-09-08 11:18:59,296 [main] DEBUG balancer.ContainerBalancerTask (ContainerBalancerTask.java:initializeIteration(398)) - Utilization for node e0a3ab6d-a5f2-4cb8-b7b8-01a9fdca4bad with capacity 46976204800B, used 37580963840B, and remaining 9395240960B is 0.8
2023-09-08 11:18:59,296 [main] DEBUG balancer.ContainerBalancerTask (ContainerBalancerTask.java:initializeIteration(398)) - Utilization for node 5c8b4c16-2fa6-4893-9a80-0d91c2405419 with capacity 90501096594B, used 63350767616B, and remaining 27150328978B is 0.70000000000221
2023-09-08 11:18:59,296 [main] DEBUG balancer.ContainerBalancerTask (ContainerBalancerTask.java:initializeIteration(398)) - Utilization for node 05ed6af9-3271-4b24-bb4e-51c2742e17b5 with capacity 53687091200B, used 32212254720B, and remaining 21474836480B is 0.6
2023-09-08 11:18:59,296 [main] DEBUG balancer.ContainerBalancerTask (ContainerBalancerTask.java:initializeIteration(398)) - Utilization for node 0b054588-b18a-423a-b818-f09c9c138719 with capacity 120259084288B, used 60129542144B, and remaining 60129542144B is 0.5
2023-09-08 11:18:59,296 [main] DEBUG balancer.ContainerBalancerTask (ContainerBalancerTask.java:initializeIteration(398)) - Utilization for node 35de80c1-48f8-44c2-8cbb-239ee06ad987 with capacity 126164664320B, used 50465865728B, and remaining 75698798592B is 0.4
2023-09-08 11:18:59,296 [main] DEBUG balancer.ContainerBalancerTask (ContainerBalancerTask.java:initializeIteration(398)) - Utilization for node 19545386-450c-45ea-a22c-046de65a3d17 with capacity 161061273600B, used 48318382080B, and remaining 112742891520B is 0.3
2023-09-08 11:18:59,296 [main] DEBUG balancer.ContainerBalancerTask (ContainerBalancerTask.java:initializeIteration(398)) - Utilization for node 00015058-7db6-4952-b366-cdda2b426077 with capacity 123480309760B, used 24696061952B, and remaining 98784247808B is 0.2
2023-09-08 11:18:59,297 [main] DEBUG balancer.ContainerBalancerTask (ContainerBalancerTask.java:initializeIteration(398)) - Utilization for node e457fe5a-7bec-4637-97a9-49afc207c1c3 with capacity 279172874240B, used 27917287424B, and remaining 251255586816B is 0.1
2023-09-08 11:18:59,297 [main] DEBUG balancer.ContainerBalancerTask (ContainerBalancerTask.java:initializeIteration(398)) - Utilization for node 68dfaca0-b8d3-41d8-8cb6-829c32bfd84f with capacity 34359738368B, used 0B, and remaining 34359738368B is 0.0
2023-09-08 11:18:59,297 [main] INFO  balancer.ContainerBalancerTask (ContainerBalancerTask.java:initializeIteration(447)) - Container Balancer has identified 5 Over-Utilized and 3 Under-Utilized Datanodes that need to be balanced.
2023-09-08 11:18:59,297 [main] DEBUG balancer.ContainerBalancerTask (ContainerBalancerTask.java:lambda$initializeIteration$1(453)) - Datanode localhost-57.175.246.245 0be74b75-54ba-4eff-9ebc-d7b7f4e592ed is Over-Utilized.
2023-09-08 11:18:59,297 [main] DEBUG balancer.ContainerBalancerTask (ContainerBalancerTask.java:lambda$initializeIteration$1(453)) - Datanode localhost-72.196.199.175 e0a3ab6d-a5f2-4cb8-b7b8-01a9fdca4bad is Over-Utilized.
2023-09-08 11:18:59,297 [main] DEBUG balancer.ContainerBalancerTask (ContainerBalancerTask.java:lambda$initializeIteration$1(453)) - Datanode localhost-201.117.212.40 5c8b4c16-2fa6-4893-9a80-0d91c2405419 is Over-Utilized.
2023-09-08 11:18:59,297 [main] DEBUG balancer.ContainerBalancerTask (ContainerBalancerTask.java:lambda$initializeIteration$1(453)) - Datanode localhost-133.246.164.181 05ed6af9-3271-4b24-bb4e-51c2742e17b5 is Over-Utilized.
2023-09-08 11:18:59,297 [main] DEBUG balancer.ContainerBalancerTask (ContainerBalancerTask.java:lambda$initializeIteration$1(453)) - Datanode localhost-124.31.16.31 0b054588-b18a-423a-b818-f09c9c138719 is Over-Utilized.
2023-09-08 11:18:59,297 [main] DEBUG balancer.ContainerBalancerTask (ContainerBalancerTask.java:lambda$initializeIteration$2(459)) - Datanode localhost-21.69.73.73 68dfaca0-b8d3-41d8-8cb6-829c32bfd84f is Under-Utilized.
2023-09-08 11:18:59,297 [main] DEBUG balancer.ContainerBalancerTask (ContainerBalancerTask.java:lambda$initializeIteration$2(459)) - Datanode localhost-37.121.161.213 e457fe5a-7bec-4637-97a9-49afc207c1c3 is Under-Utilized.
2023-09-08 11:18:59,297 [main] DEBUG balancer.ContainerBalancerTask (ContainerBalancerTask.java:lambda$initializeIteration$2(459)) - Datanode localhost-24.17.188.37 00015058-7db6-4952-b366-cdda2b426077 is Under-Utilized.
2023-09-08 11:18:59,301 [main] DEBUG balancer.ContainerBalancerTask (ContainerBalancerTask.java:matchSourceWithTarget(708)) - ContainerBalancer is finding suitable target for source datanode 0be74b75-54ba-4eff-9ebc-d7b7f4e592ed
2023-09-08 11:18:59,301 [main] INFO  balancer.ContainerBalancerTask (ContainerBalancerTask.java:matchSourceWithTarget(722)) - ContainerBalancer matched source datanode 0be74b75-54ba-4eff-9ebc-d7b7f4e592ed with target datanode 68dfaca0-b8d3-41d8-8cb6-829c32bfd84f for container move.
2023-09-08 11:18:59,301 [main] INFO  balancer.ContainerBalancerTask (ContainerBalancerTask.java:processMoveSelection(569)) - ContainerBalancer is trying to move container #85 with size 5368709120B from source datanode 0be74b75-54ba-4eff-9ebc-d7b7f4e592ed to target datanode 68dfaca0-b8d3-41d8-8cb6-829c32bfd84f
2023-09-08 11:18:59,301 [main] DEBUG balancer.ContainerBalancerTask (ContainerBalancerTask.java:lambda$moveContainer$3(837)) - Container move completed for container #85 from source 0be74b75-54ba-4eff-9ebc-d7b7f4e592ed to target 68dfaca0-b8d3-41d8-8cb6-829c32bfd84f
2023-09-08 11:18:59,303 [main] DEBUG balancer.ContainerBalancerTask (ContainerBalancerTask.java:matchSourceWithTarget(708)) - ContainerBalancer is finding suitable target for source datanode e0a3ab6d-a5f2-4cb8-b7b8-01a9fdca4bad
2023-09-08 11:18:59,304 [main] INFO  balancer.ContainerBalancerTask (ContainerBalancerTask.java:matchSourceWithTarget(722)) - ContainerBalancer matched source datanode e0a3ab6d-a5f2-4cb8-b7b8-01a9fdca4bad with target datanode e457fe5a-7bec-4637-97a9-49afc207c1c3 for container move.
2023-09-08 11:18:59,304 [main] INFO  balancer.ContainerBalancerTask (ContainerBalancerTask.java:processMoveSelection(569)) - ContainerBalancer is trying to move container #68 with size 5368709120B from source datanode e0a3ab6d-a5f2-4cb8-b7b8-01a9fdca4bad to target datanode e457fe5a-7bec-4637-97a9-49afc207c1c3
2023-09-08 11:18:59,304 [main] DEBUG balancer.ContainerBalancerTask (ContainerBalancerTask.java:lambda$moveContainer$3(837)) - Container move completed for container #68 from source e0a3ab6d-a5f2-4cb8-b7b8-01a9fdca4bad to target e457fe5a-7bec-4637-97a9-49afc207c1c3
2023-09-08 11:18:59,307 [main] DEBUG balancer.ContainerBalancerTask (ContainerBalancerTask.java:matchSourceWithTarget(708)) - ContainerBalancer is finding suitable target for source datanode 0be74b75-54ba-4eff-9ebc-d7b7f4e592ed
2023-09-08 11:18:59,307 [main] INFO  balancer.ContainerBalancerTask (ContainerBalancerTask.java:matchSourceWithTarget(722)) - ContainerBalancer matched source datanode 0be74b75-54ba-4eff-9ebc-d7b7f4e592ed with target datanode e457fe5a-7bec-4637-97a9-49afc207c1c3 for container move.
2023-09-08 11:18:59,307 [main] INFO  balancer.ContainerBalancerTask (ContainerBalancerTask.java:processMoveSelection(569)) - ContainerBalancer is trying to move container #84 with size 4294967296B from source datanode 0be74b75-54ba-4eff-9ebc-d7b7f4e592ed to target datanode e457fe5a-7bec-4637-97a9-49afc207c1c3
2023-09-08 11:18:59,307 [main] DEBUG balancer.ContainerBalancerTask (ContainerBalancerTask.java:lambda$moveContainer$3(837)) - Container move completed for container #84 from source 0be74b75-54ba-4eff-9ebc-d7b7f4e592ed to target e457fe5a-7bec-4637-97a9-49afc207c1c3
2023-09-08 11:18:59,310 [main] DEBUG balancer.ContainerBalancerTask (ContainerBalancerTask.java:matchSourceWithTarget(708)) - ContainerBalancer is finding suitable target for source datanode 0be74b75-54ba-4eff-9ebc-d7b7f4e592ed
2023-09-08 11:18:59,311 [main] INFO  balancer.ContainerBalancerTask (ContainerBalancerTask.java:matchSourceWithTarget(722)) - ContainerBalancer matched source datanode 0be74b75-54ba-4eff-9ebc-d7b7f4e592ed with target datanode e457fe5a-7bec-4637-97a9-49afc207c1c3 for container move.
2023-09-08 11:18:59,311 [main] INFO  balancer.ContainerBalancerTask (ContainerBalancerTask.java:processMoveSelection(569)) - ContainerBalancer is trying to move container #52 with size 4294967296B from source datanode 0be74b75-54ba-4eff-9ebc-d7b7f4e592ed to target datanode e457fe5a-7bec-4637-97a9-49afc207c1c3
2023-09-08 11:18:59,311 [main] DEBUG balancer.ContainerBalancerTask (ContainerBalancerTask.java:lambda$moveContainer$3(837)) - Container move completed for container #52 from source 0be74b75-54ba-4eff-9ebc-d7b7f4e592ed to target e457fe5a-7bec-4637-97a9-49afc207c1c3
2023-09-08 11:18:59,315 [main] DEBUG balancer.ContainerBalancerTask (ContainerBalancerTask.java:matchSourceWithTarget(708)) - ContainerBalancer is finding suitable target for source datanode 5c8b4c16-2fa6-4893-9a80-0d91c2405419
2023-09-08 11:18:59,315 [main] INFO  balancer.ContainerBalancerTask (ContainerBalancerTask.java:matchSourceWithTarget(722)) - ContainerBalancer matched source datanode 5c8b4c16-2fa6-4893-9a80-0d91c2405419 with target datanode e457fe5a-7bec-4637-97a9-49afc207c1c3 for container move.
2023-09-08 11:18:59,315 [main] INFO  balancer.ContainerBalancerTask (ContainerBalancerTask.java:processMoveSelection(569)) - ContainerBalancer is trying to move container #53 with size 5368709120B from source datanode 5c8b4c16-2fa6-4893-9a80-0d91c2405419 to target datanode e457fe5a-7bec-4637-97a9-49afc207c1c3
2023-09-08 11:18:59,315 [main] DEBUG balancer.ContainerBalancerTask (ContainerBalancerTask.java:lambda$moveContainer$3(837)) - Container move completed for container #53 from source 5c8b4c16-2fa6-4893-9a80-0d91c2405419 to target e457fe5a-7bec-4637-97a9-49afc207c1c3
2023-09-08 11:18:59,317 [main] DEBUG balancer.ContainerBalancerTask (ContainerBalancerTask.java:matchSourceWithTarget(708)) - ContainerBalancer is finding suitable target for source datanode e0a3ab6d-a5f2-4cb8-b7b8-01a9fdca4bad
2023-09-08 11:18:59,318 [main] INFO  balancer.ContainerBalancerTask (ContainerBalancerTask.java:matchSourceWithTarget(722)) - ContainerBalancer matched source datanode e0a3ab6d-a5f2-4cb8-b7b8-01a9fdca4bad with target datanode 68dfaca0-b8d3-41d8-8cb6-829c32bfd84f for container move.
2023-09-08 11:18:59,318 [main] INFO  balancer.ContainerBalancerTask (ContainerBalancerTask.java:processMoveSelection(569)) - ContainerBalancer is trying to move container #67 with size 4294967296B from source datanode e0a3ab6d-a5f2-4cb8-b7b8-01a9fdca4bad to target datanode 68dfaca0-b8d3-41d8-8cb6-829c32bfd84f
2023-09-08 11:18:59,318 [main] DEBUG balancer.ContainerBalancerTask (ContainerBalancerTask.java:lambda$moveContainer$3(837)) - Container move completed for container #67 from source e0a3ab6d-a5f2-4cb8-b7b8-01a9fdca4bad to target 68dfaca0-b8d3-41d8-8cb6-829c32bfd84f
2023-09-08 11:18:59,322 [main] DEBUG balancer.ContainerBalancerTask (ContainerBalancerTask.java:matchSourceWithTarget(708)) - ContainerBalancer is finding suitable target for source datanode 5c8b4c16-2fa6-4893-9a80-0d91c2405419
2023-09-08 11:18:59,322 [main] INFO  balancer.ContainerBalancerTask (ContainerBalancerTask.java:matchSourceWithTarget(722)) - ContainerBalancer matched source datanode 5c8b4c16-2fa6-4893-9a80-0d91c2405419 with target datanode e457fe5a-7bec-4637-97a9-49afc207c1c3 for container move.
2023-09-08 11:18:59,322 [main] INFO  balancer.ContainerBalancerTask (ContainerBalancerTask.java:processMoveSelection(569)) - ContainerBalancer is trying to move container #29 with size 5368709120B from source datanode 5c8b4c16-2fa6-4893-9a80-0d91c2405419 to target datanode e457fe5a-7bec-4637-97a9-49afc207c1c3
2023-09-08 11:18:59,322 [main] DEBUG balancer.ContainerBalancerTask (ContainerBalancerTask.java:lambda$moveContainer$3(837)) - Container move completed for container #29 from source 5c8b4c16-2fa6-4893-9a80-0d91c2405419 to target e457fe5a-7bec-4637-97a9-49afc207c1c3
2023-09-08 11:18:59,326 [main] DEBUG balancer.ContainerBalancerTask (ContainerBalancerTask.java:matchSourceWithTarget(708)) - ContainerBalancer is finding suitable target for source datanode 0be74b75-54ba-4eff-9ebc-d7b7f4e592ed
2023-09-08 11:18:59,326 [main] INFO  balancer.ContainerBalancerTask (ContainerBalancerTask.java:matchSourceWithTarget(722)) - ContainerBalancer matched source datanode 0be74b75-54ba-4eff-9ebc-d7b7f4e592ed with target datanode e457fe5a-7bec-4637-97a9-49afc207c1c3 for container move.
2023-09-08 11:18:59,326 [main] INFO  balancer.ContainerBalancerTask (ContainerBalancerTask.java:processMoveSelection(569)) - ContainerBalancer is trying to move container #19 with size 4294967296B from source datanode 0be74b75-54ba-4eff-9ebc-d7b7f4e592ed to target datanode e457fe5a-7bec-4637-97a9-49afc207c1c3
2023-09-08 11:18:59,326 [main] DEBUG balancer.ContainerBalancerTask (ContainerBalancerTask.java:lambda$moveContainer$3(837)) - Container move completed for container #19 from source 0be74b75-54ba-4eff-9ebc-d7b7f4e592ed to target e457fe5a-7bec-4637-97a9-49afc207c1c3
2023-09-08 11:18:59,329 [main] DEBUG balancer.ContainerBalancerTask (ContainerBalancerTask.java:matchSourceWithTarget(708)) - ContainerBalancer is finding suitable target for source datanode 05ed6af9-3271-4b24-bb4e-51c2742e17b5
2023-09-08 11:18:59,329 [main] INFO  balancer.ContainerBalancerTask (ContainerBalancerTask.java:matchSourceWithTarget(722)) - ContainerBalancer matched source datanode 05ed6af9-3271-4b24-bb4e-51c2742e17b5 with target datanode 00015058-7db6-4952-b366-cdda2b426077 for container move.
2023-09-08 11:18:59,329 [main] INFO  balancer.ContainerBalancerTask (ContainerBalancerTask.java:processMoveSelection(569)) - ContainerBalancer is trying to move container #38 with size 3221225472B from source datanode 05ed6af9-3271-4b24-bb4e-51c2742e17b5 to target datanode 00015058-7db6-4952-b366-cdda2b426077
2023-09-08 11:18:59,329 [main] DEBUG balancer.ContainerBalancerTask (ContainerBalancerTask.java:lambda$moveContainer$3(837)) - Container move completed for container #38 from source 05ed6af9-3271-4b24-bb4e-51c2742e17b5 to target 00015058-7db6-4952-b366-cdda2b426077
2023-09-08 11:18:59,332 [main] DEBUG balancer.ContainerBalancerTask (ContainerBalancerTask.java:matchSourceWithTarget(708)) - ContainerBalancer is finding suitable target for source datanode e0a3ab6d-a5f2-4cb8-b7b8-01a9fdca4bad
2023-09-08 11:18:59,332 [main] INFO  balancer.ContainerBalancerTask (ContainerBalancerTask.java:matchSourceWithTarget(722)) - ContainerBalancer matched source datanode e0a3ab6d-a5f2-4cb8-b7b8-01a9fdca4bad with target datanode e457fe5a-7bec-4637-97a9-49afc207c1c3 for container move.
2023-09-08 11:18:59,332 [main] INFO  balancer.ContainerBalancerTask (ContainerBalancerTask.java:processMoveSelection(569)) - ContainerBalancer is trying to move container #71 with size 3221225472B from source datanode e0a3ab6d-a5f2-4cb8-b7b8-01a9fdca4bad to target datanode e457fe5a-7bec-4637-97a9-49afc207c1c3
2023-09-08 11:18:59,332 [main] DEBUG balancer.ContainerBalancerTask (ContainerBalancerTask.java:lambda$moveContainer$3(837)) - Container move completed for container #71 from source e0a3ab6d-a5f2-4cb8-b7b8-01a9fdca4bad to target e457fe5a-7bec-4637-97a9-49afc207c1c3
2023-09-08 11:18:59,336 [main] DEBUG balancer.ContainerBalancerTask (ContainerBalancerTask.java:matchSourceWithTarget(708)) - ContainerBalancer is finding suitable target for source datanode 5c8b4c16-2fa6-4893-9a80-0d91c2405419
2023-09-08 11:18:59,336 [main] INFO  balancer.ContainerBalancerTask (ContainerBalancerTask.java:matchSourceWithTarget(722)) - ContainerBalancer matched source datanode 5c8b4c16-2fa6-4893-9a80-0d91c2405419 with target datanode e457fe5a-7bec-4637-97a9-49afc207c1c3 for container move.
2023-09-08 11:18:59,336 [main] INFO  balancer.ContainerBalancerTask (ContainerBalancerTask.java:processMoveSelection(569)) - ContainerBalancer is trying to move container #39 with size 4294967296B from source datanode 5c8b4c16-2fa6-4893-9a80-0d91c2405419 to target datanode e457fe5a-7bec-4637-97a9-49afc207c1c3
2023-09-08 11:18:59,336 [main] DEBUG balancer.ContainerBalancerTask (ContainerBalancerTask.java:lambda$moveContainer$3(837)) - Container move completed for container #39 from source 5c8b4c16-2fa6-4893-9a80-0d91c2405419 to target e457fe5a-7bec-4637-97a9-49afc207c1c3
2023-09-08 11:18:59,340 [main] DEBUG balancer.ContainerBalancerTask (ContainerBalancerTask.java:matchSourceWithTarget(708)) - ContainerBalancer is finding suitable target for source datanode 0be74b75-54ba-4eff-9ebc-d7b7f4e592ed
2023-09-08 11:18:59,340 [main] INFO  balancer.ContainerBalancerTask (ContainerBalancerTask.java:matchSourceWithTarget(722)) - ContainerBalancer matched source datanode 0be74b75-54ba-4eff-9ebc-d7b7f4e592ed with target datanode 00015058-7db6-4952-b366-cdda2b426077 for container move.
2023-09-08 11:18:59,340 [main] INFO  balancer.ContainerBalancerTask (ContainerBalancerTask.java:processMoveSelection(569)) - ContainerBalancer is trying to move container #89 with size 4294967296B from source datanode 0be74b75-54ba-4eff-9ebc-d7b7f4e592ed to target datanode 00015058-7db6-4952-b366-cdda2b426077
2023-09-08 11:18:59,340 [main] DEBUG balancer.ContainerBalancerTask (ContainerBalancerTask.java:lambda$moveContainer$3(837)) - Container move completed for container #89 from source 0be74b75-54ba-4eff-9ebc-d7b7f4e592ed to target 00015058-7db6-4952-b366-cdda2b426077
2023-09-08 11:18:59,340 [main] WARN  balancer.ContainerBalancerTask (ContainerBalancerTask.java:reachedMaxSizeToMovePerIteration(733)) - Reached max size to move limit. 53687091200 bytes have already been scheduled for balancing and the limit is 53687091200 bytes.
2023-09-08 11:18:59,341 [main] INFO  balancer.ContainerBalancerTask (ContainerBalancerTask.java:checkIterationMoveResults(642)) - Iteration Summary. Number of Datanodes involved: 7. Size moved: 50 GB (53687091200 Bytes). Number of Container moves completed: 12.
2023-09-08 11:18:59,341 [main] INFO  balancer.ContainerBalancerTask (ContainerBalancerTask.java:balance(259)) - Result of this iteration of Container Balancer: ITERATION_COMPLETED
2023-09-08 11:18:59,341 [main] INFO  balancer.ContainerBalancerTask (ContainerBalancerTask.java:tryStopWithSaveConfiguration(308)) - Save Configuration for stopping. Reason: Completed all iterations.
]]></system-out>
  </testcase>
  <testcase name="testCalculationOfUtilization" classname="org.apache.hadoop.hdds.scm.container.balancer.TestContainerBalancerTask" time="0.027">
    <system-out><![CDATA[2023-09-08 11:18:59,365 [main] INFO  net.NodeSchemaLoader (NodeSchemaLoader.java:loadSchemaFromFile(129)) - Loading schema from [file:/home/runner/work/ozone/ozone/hadoop-hdds/common/target/classes/network-topology-default.xml]
2023-09-08 11:18:59,365 [main] INFO  net.NodeSchemaLoader (NodeSchemaLoader.java:loadSchema(176)) - Loading network topology layer schema file
2023-09-08 11:18:59,367 [main] INFO  net.NetworkTopologyImpl (NetworkTopologyImpl.java:add(112)) - Added a new node: /default-rack/ed252baa-f3ba-4e9a-aec2-2883cf5dcb23
2023-09-08 11:18:59,367 [main] INFO  net.NetworkTopologyImpl (NetworkTopologyImpl.java:add(112)) - Added a new node: /default-rack/ae44baee-84c4-4b6f-87fb-fbb4ef5ea3f1
2023-09-08 11:18:59,367 [main] INFO  net.NetworkTopologyImpl (NetworkTopologyImpl.java:add(112)) - Added a new node: /default-rack/a2ed4e61-7243-4658-b9c0-04bcd261245b
2023-09-08 11:18:59,367 [main] INFO  net.NetworkTopologyImpl (NetworkTopologyImpl.java:add(112)) - Added a new node: /default-rack/c2f8ca0d-198d-45de-877f-d7bce9af87a8
2023-09-08 11:18:59,367 [main] INFO  net.NetworkTopologyImpl (NetworkTopologyImpl.java:add(112)) - Added a new node: /default-rack/08a3aa06-b0b6-406e-8e1d-16622b9e084e
2023-09-08 11:18:59,367 [main] INFO  net.NetworkTopologyImpl (NetworkTopologyImpl.java:add(112)) - Added a new node: /default-rack/fc0a997c-00c3-442b-b216-6721723239bc
2023-09-08 11:18:59,367 [main] INFO  net.NetworkTopologyImpl (NetworkTopologyImpl.java:add(112)) - Added a new node: /default-rack/b72a1d60-e9db-425c-8a8c-ef20d08aad03
2023-09-08 11:18:59,368 [main] INFO  net.NetworkTopologyImpl (NetworkTopologyImpl.java:add(112)) - Added a new node: /default-rack/41668e61-3a54-4bb2-8838-ff409e01ab00
2023-09-08 11:18:59,368 [main] INFO  net.NetworkTopologyImpl (NetworkTopologyImpl.java:add(112)) - Added a new node: /default-rack/49a71064-47cd-4d4f-9664-48fab2b28b84
2023-09-08 11:18:59,368 [main] INFO  net.NetworkTopologyImpl (NetworkTopologyImpl.java:add(112)) - Added a new node: /default-rack/e4e0bd12-5962-401d-b14e-91b50d865d2f
2023-09-08 11:18:59,368 [main] INFO  algorithms.ContainerPlacementPolicyFactory (ContainerPlacementPolicyFactory.java:getPolicyInternal(86)) - Create container placement policy of type org.apache.hadoop.hdds.scm.container.placement.algorithms.SCMContainerPlacementRackAware
2023-09-08 11:18:59,368 [main] INFO  algorithms.ContainerPlacementPolicyFactory (ContainerPlacementPolicyFactory.java:getPolicyInternal(86)) - Create container placement policy of type org.apache.hadoop.hdds.scm.container.placement.algorithms.SCMContainerPlacementRackScatter
]]></system-out>
  </testcase>
  <testcase name="initializeIterationShouldUpdateUnBalancedNodesWhenThresholdChanges" classname="org.apache.hadoop.hdds.scm.container.balancer.TestContainerBalancerTask" time="1.21">
    <system-out><![CDATA[2023-09-08 11:18:59,391 [main] INFO  net.NodeSchemaLoader (NodeSchemaLoader.java:loadSchemaFromFile(129)) - Loading schema from [file:/home/runner/work/ozone/ozone/hadoop-hdds/common/target/classes/network-topology-default.xml]
2023-09-08 11:18:59,391 [main] INFO  net.NodeSchemaLoader (NodeSchemaLoader.java:loadSchema(176)) - Loading network topology layer schema file
2023-09-08 11:18:59,392 [main] INFO  net.NetworkTopologyImpl (NetworkTopologyImpl.java:add(112)) - Added a new node: /default-rack/f52d6f4b-036c-4986-b65f-72517c5c7b6f
2023-09-08 11:18:59,392 [main] INFO  net.NetworkTopologyImpl (NetworkTopologyImpl.java:add(112)) - Added a new node: /default-rack/85ab15db-3ad2-4d6d-9eb0-2227c1e80c63
2023-09-08 11:18:59,392 [main] INFO  net.NetworkTopologyImpl (NetworkTopologyImpl.java:add(112)) - Added a new node: /default-rack/27ff5598-d008-435f-8a45-78122cf10002
2023-09-08 11:18:59,392 [main] INFO  net.NetworkTopologyImpl (NetworkTopologyImpl.java:add(112)) - Added a new node: /default-rack/6f0e948d-d3f7-4dd9-806b-f49208325d33
2023-09-08 11:18:59,393 [main] INFO  net.NetworkTopologyImpl (NetworkTopologyImpl.java:add(112)) - Added a new node: /default-rack/2260ca00-150a-4407-aef4-4c26696a81c2
2023-09-08 11:18:59,393 [main] INFO  net.NetworkTopologyImpl (NetworkTopologyImpl.java:add(112)) - Added a new node: /default-rack/464059bb-9124-49c2-99d6-bdd949bf83c5
2023-09-08 11:18:59,393 [main] INFO  net.NetworkTopologyImpl (NetworkTopologyImpl.java:add(112)) - Added a new node: /default-rack/77b8b07c-1dfe-407f-8e29-190d2b6b8da3
2023-09-08 11:18:59,393 [main] INFO  net.NetworkTopologyImpl (NetworkTopologyImpl.java:add(112)) - Added a new node: /default-rack/033f5b0f-81fa-4ba5-98fb-417d54462df6
2023-09-08 11:18:59,393 [main] INFO  net.NetworkTopologyImpl (NetworkTopologyImpl.java:add(112)) - Added a new node: /default-rack/faa0991e-87f5-4348-9a71-84e36f7603a9
2023-09-08 11:18:59,393 [main] INFO  net.NetworkTopologyImpl (NetworkTopologyImpl.java:add(112)) - Added a new node: /default-rack/13dd51a3-50bb-4709-bd07-ed54eb99f549
2023-09-08 11:18:59,393 [main] INFO  algorithms.ContainerPlacementPolicyFactory (ContainerPlacementPolicyFactory.java:getPolicyInternal(86)) - Create container placement policy of type org.apache.hadoop.hdds.scm.container.placement.algorithms.SCMContainerPlacementRackAware
2023-09-08 11:18:59,393 [main] INFO  algorithms.ContainerPlacementPolicyFactory (ContainerPlacementPolicyFactory.java:getPolicyInternal(86)) - Create container placement policy of type org.apache.hadoop.hdds.scm.container.placement.algorithms.SCMContainerPlacementRackScatter
2023-09-08 11:18:59,396 [main] DEBUG balancer.ContainerBalancerTask (ContainerBalancerTask.java:initializeIteration(374)) - Average utilization of the cluster is 0.340830158141845
2023-09-08 11:18:59,396 [main] DEBUG balancer.ContainerBalancerTask (ContainerBalancerTask.java:initializeIteration(386)) - Lower limit for utilization is -0.5063914108416294 and Upper limit for utilization is 1.1880517271253195
2023-09-08 11:18:59,396 [main] DEBUG balancer.ContainerBalancerTask (ContainerBalancerTask.java:initializeIteration(398)) - Utilization for node 033f5b0f-81fa-4ba5-98fb-417d54462df6 with capacity 57266230613B, used 51539607552B, and remaining 5726623061B is 0.9000000000052387
2023-09-08 11:18:59,396 [main] DEBUG balancer.ContainerBalancerTask (ContainerBalancerTask.java:initializeIteration(398)) - Utilization for node 464059bb-9124-49c2-99d6-bdd949bf83c5 with capacity 76504104960B, used 61203283968B, and remaining 15300820992B is 0.8
2023-09-08 11:18:59,397 [main] DEBUG balancer.ContainerBalancerTask (ContainerBalancerTask.java:initializeIteration(398)) - Utilization for node 6f0e948d-d3f7-4dd9-806b-f49208325d33 with capacity 44483589851B, used 31138512896B, and remaining 13345076955B is 0.700000000006744
2023-09-08 11:18:59,397 [main] DEBUG balancer.ContainerBalancerTask (ContainerBalancerTask.java:initializeIteration(398)) - Utilization for node 85ab15db-3ad2-4d6d-9eb0-2227c1e80c63 with capacity 62634939733B, used 37580963840B, and remaining 25053975893B is 0.6000000000031931
2023-09-08 11:18:59,397 [main] DEBUG balancer.ContainerBalancerTask (ContainerBalancerTask.java:initializeIteration(398)) - Utilization for node 77b8b07c-1dfe-407f-8e29-190d2b6b8da3 with capacity 83751862272B, used 41875931136B, and remaining 41875931136B is 0.5
2023-09-08 11:18:59,397 [main] DEBUG balancer.ContainerBalancerTask (ContainerBalancerTask.java:initializeIteration(398)) - Utilization for node 13dd51a3-50bb-4709-bd07-ed54eb99f549 with capacity 136902082560B, used 54760833024B, and remaining 82141249536B is 0.4
2023-09-08 11:18:59,397 [main] DEBUG balancer.ContainerBalancerTask (ContainerBalancerTask.java:initializeIteration(398)) - Utilization for node 2260ca00-150a-4407-aef4-4c26696a81c2 with capacity 132428158293B, used 39728447488B, and remaining 92699710805B is 0.3000000000007551
2023-09-08 11:18:59,397 [main] DEBUG balancer.ContainerBalancerTask (ContainerBalancerTask.java:initializeIteration(398)) - Utilization for node f52d6f4b-036c-4986-b65f-72517c5c7b6f with capacity 198642237440B, used 39728447488B, and remaining 158913789952B is 0.2
2023-09-08 11:18:59,397 [main] DEBUG balancer.ContainerBalancerTask (ContainerBalancerTask.java:initializeIteration(398)) - Utilization for node faa0991e-87f5-4348-9a71-84e36f7603a9 with capacity 300647710720B, used 30064771072B, and remaining 270582939648B is 0.1
2023-09-08 11:18:59,397 [main] DEBUG balancer.ContainerBalancerTask (ContainerBalancerTask.java:initializeIteration(398)) - Utilization for node 27ff5598-d008-435f-8a45-78122cf10002 with capacity 44023414784B, used 0B, and remaining 44023414784B is 0.0
2023-09-08 11:18:59,397 [main] INFO  balancer.ContainerBalancerTask (ContainerBalancerTask.java:initializeIteration(443)) - Did not find any unbalanced Datanodes.
2023-09-08 11:18:59,397 [main] INFO  balancer.ContainerBalancerTask (ContainerBalancerTask.java:tryStopWithSaveConfiguration(308)) - Save Configuration for stopping. Reason: Could not initialize ContainerBalancer's iteration number 0
2023-09-08 11:18:59,398 [main] DEBUG balancer.ContainerBalancerTask (ContainerBalancerTask.java:initializeIteration(374)) - Average utilization of the cluster is 0.340830158141845
2023-09-08 11:18:59,398 [main] DEBUG balancer.ContainerBalancerTask (ContainerBalancerTask.java:initializeIteration(386)) - Lower limit for utilization is 0.22632478182030286 and Upper limit for utilization is 0.4553355344633871
2023-09-08 11:18:59,398 [main] DEBUG balancer.ContainerBalancerTask (ContainerBalancerTask.java:initializeIteration(398)) - Utilization for node 033f5b0f-81fa-4ba5-98fb-417d54462df6 with capacity 57266230613B, used 51539607552B, and remaining 5726623061B is 0.9000000000052387
2023-09-08 11:18:59,398 [main] DEBUG balancer.ContainerBalancerTask (ContainerBalancerTask.java:initializeIteration(398)) - Utilization for node 464059bb-9124-49c2-99d6-bdd949bf83c5 with capacity 76504104960B, used 61203283968B, and remaining 15300820992B is 0.8
2023-09-08 11:18:59,398 [main] DEBUG balancer.ContainerBalancerTask (ContainerBalancerTask.java:initializeIteration(398)) - Utilization for node 6f0e948d-d3f7-4dd9-806b-f49208325d33 with capacity 44483589851B, used 31138512896B, and remaining 13345076955B is 0.700000000006744
2023-09-08 11:18:59,399 [main] DEBUG balancer.ContainerBalancerTask (ContainerBalancerTask.java:initializeIteration(398)) - Utilization for node 85ab15db-3ad2-4d6d-9eb0-2227c1e80c63 with capacity 62634939733B, used 37580963840B, and remaining 25053975893B is 0.6000000000031931
2023-09-08 11:18:59,399 [main] DEBUG balancer.ContainerBalancerTask (ContainerBalancerTask.java:initializeIteration(398)) - Utilization for node 77b8b07c-1dfe-407f-8e29-190d2b6b8da3 with capacity 83751862272B, used 41875931136B, and remaining 41875931136B is 0.5
2023-09-08 11:18:59,399 [main] DEBUG balancer.ContainerBalancerTask (ContainerBalancerTask.java:initializeIteration(398)) - Utilization for node 13dd51a3-50bb-4709-bd07-ed54eb99f549 with capacity 136902082560B, used 54760833024B, and remaining 82141249536B is 0.4
2023-09-08 11:18:59,399 [main] DEBUG balancer.ContainerBalancerTask (ContainerBalancerTask.java:initializeIteration(398)) - Utilization for node 2260ca00-150a-4407-aef4-4c26696a81c2 with capacity 132428158293B, used 39728447488B, and remaining 92699710805B is 0.3000000000007551
2023-09-08 11:18:59,399 [main] DEBUG balancer.ContainerBalancerTask (ContainerBalancerTask.java:initializeIteration(398)) - Utilization for node f52d6f4b-036c-4986-b65f-72517c5c7b6f with capacity 198642237440B, used 39728447488B, and remaining 158913789952B is 0.2
2023-09-08 11:18:59,399 [main] DEBUG balancer.ContainerBalancerTask (ContainerBalancerTask.java:initializeIteration(398)) - Utilization for node faa0991e-87f5-4348-9a71-84e36f7603a9 with capacity 300647710720B, used 30064771072B, and remaining 270582939648B is 0.1
2023-09-08 11:18:59,399 [main] DEBUG balancer.ContainerBalancerTask (ContainerBalancerTask.java:initializeIteration(398)) - Utilization for node 27ff5598-d008-435f-8a45-78122cf10002 with capacity 44023414784B, used 0B, and remaining 44023414784B is 0.0
2023-09-08 11:18:59,399 [main] INFO  balancer.ContainerBalancerTask (ContainerBalancerTask.java:initializeIteration(447)) - Container Balancer has identified 5 Over-Utilized and 3 Under-Utilized Datanodes that need to be balanced.
2023-09-08 11:18:59,399 [main] DEBUG balancer.ContainerBalancerTask (ContainerBalancerTask.java:lambda$initializeIteration$1(453)) - Datanode localhost-80.191.15.251 033f5b0f-81fa-4ba5-98fb-417d54462df6 is Over-Utilized.
2023-09-08 11:18:59,399 [main] DEBUG balancer.ContainerBalancerTask (ContainerBalancerTask.java:lambda$initializeIteration$1(453)) - Datanode localhost-119.185.211.138 464059bb-9124-49c2-99d6-bdd949bf83c5 is Over-Utilized.
2023-09-08 11:18:59,399 [main] DEBUG balancer.ContainerBalancerTask (ContainerBalancerTask.java:lambda$initializeIteration$1(453)) - Datanode localhost-175.189.162.212 6f0e948d-d3f7-4dd9-806b-f49208325d33 is Over-Utilized.
2023-09-08 11:18:59,400 [main] DEBUG balancer.ContainerBalancerTask (ContainerBalancerTask.java:lambda$initializeIteration$1(453)) - Datanode localhost-45.212.111.64 85ab15db-3ad2-4d6d-9eb0-2227c1e80c63 is Over-Utilized.
2023-09-08 11:18:59,400 [main] DEBUG balancer.ContainerBalancerTask (ContainerBalancerTask.java:lambda$initializeIteration$1(453)) - Datanode localhost-34.213.184.24 77b8b07c-1dfe-407f-8e29-190d2b6b8da3 is Over-Utilized.
2023-09-08 11:18:59,400 [main] DEBUG balancer.ContainerBalancerTask (ContainerBalancerTask.java:lambda$initializeIteration$2(459)) - Datanode localhost-21.155.139.135 27ff5598-d008-435f-8a45-78122cf10002 is Under-Utilized.
2023-09-08 11:18:59,400 [main] DEBUG balancer.ContainerBalancerTask (ContainerBalancerTask.java:lambda$initializeIteration$2(459)) - Datanode localhost-171.124.219.118 faa0991e-87f5-4348-9a71-84e36f7603a9 is Under-Utilized.
2023-09-08 11:18:59,400 [main] DEBUG balancer.ContainerBalancerTask (ContainerBalancerTask.java:lambda$initializeIteration$2(459)) - Datanode localhost-81.233.26.227 f52d6f4b-036c-4986-b65f-72517c5c7b6f is Under-Utilized.
2023-09-08 11:18:59,403 [main] DEBUG balancer.ContainerBalancerTask (ContainerBalancerTask.java:matchSourceWithTarget(708)) - ContainerBalancer is finding suitable target for source datanode 033f5b0f-81fa-4ba5-98fb-417d54462df6
2023-09-08 11:18:59,403 [main] INFO  balancer.ContainerBalancerTask (ContainerBalancerTask.java:matchSourceWithTarget(722)) - ContainerBalancer matched source datanode 033f5b0f-81fa-4ba5-98fb-417d54462df6 with target datanode 27ff5598-d008-435f-8a45-78122cf10002 for container move.
2023-09-08 11:18:59,403 [main] INFO  balancer.ContainerBalancerTask (ContainerBalancerTask.java:processMoveSelection(569)) - ContainerBalancer is trying to move container #85 with size 5368709120B from source datanode 033f5b0f-81fa-4ba5-98fb-417d54462df6 to target datanode 27ff5598-d008-435f-8a45-78122cf10002
2023-09-08 11:18:59,403 [main] DEBUG balancer.ContainerBalancerTask (ContainerBalancerTask.java:lambda$moveContainer$3(837)) - Container move completed for container #85 from source 033f5b0f-81fa-4ba5-98fb-417d54462df6 to target 27ff5598-d008-435f-8a45-78122cf10002
2023-09-08 11:18:59,406 [main] DEBUG balancer.ContainerBalancerTask (ContainerBalancerTask.java:matchSourceWithTarget(708)) - ContainerBalancer is finding suitable target for source datanode 033f5b0f-81fa-4ba5-98fb-417d54462df6
2023-09-08 11:18:59,406 [main] INFO  balancer.ContainerBalancerTask (ContainerBalancerTask.java:matchSourceWithTarget(722)) - ContainerBalancer matched source datanode 033f5b0f-81fa-4ba5-98fb-417d54462df6 with target datanode faa0991e-87f5-4348-9a71-84e36f7603a9 for container move.
2023-09-08 11:18:59,407 [main] INFO  balancer.ContainerBalancerTask (ContainerBalancerTask.java:processMoveSelection(569)) - ContainerBalancer is trying to move container #89 with size 4294967296B from source datanode 033f5b0f-81fa-4ba5-98fb-417d54462df6 to target datanode faa0991e-87f5-4348-9a71-84e36f7603a9
2023-09-08 11:18:59,407 [main] DEBUG balancer.ContainerBalancerTask (ContainerBalancerTask.java:lambda$moveContainer$3(837)) - Container move completed for container #89 from source 033f5b0f-81fa-4ba5-98fb-417d54462df6 to target faa0991e-87f5-4348-9a71-84e36f7603a9
2023-09-08 11:18:59,409 [main] DEBUG balancer.ContainerBalancerTask (ContainerBalancerTask.java:matchSourceWithTarget(708)) - ContainerBalancer is finding suitable target for source datanode 464059bb-9124-49c2-99d6-bdd949bf83c5
2023-09-08 11:18:59,410 [main] INFO  balancer.ContainerBalancerTask (ContainerBalancerTask.java:matchSourceWithTarget(722)) - ContainerBalancer matched source datanode 464059bb-9124-49c2-99d6-bdd949bf83c5 with target datanode faa0991e-87f5-4348-9a71-84e36f7603a9 for container move.
2023-09-08 11:18:59,410 [main] INFO  balancer.ContainerBalancerTask (ContainerBalancerTask.java:processMoveSelection(569)) - ContainerBalancer is trying to move container #68 with size 5368709120B from source datanode 464059bb-9124-49c2-99d6-bdd949bf83c5 to target datanode faa0991e-87f5-4348-9a71-84e36f7603a9
2023-09-08 11:18:59,410 [main] DEBUG balancer.ContainerBalancerTask (ContainerBalancerTask.java:lambda$moveContainer$3(837)) - Container move completed for container #68 from source 464059bb-9124-49c2-99d6-bdd949bf83c5 to target faa0991e-87f5-4348-9a71-84e36f7603a9
2023-09-08 11:18:59,413 [main] DEBUG balancer.ContainerBalancerTask (ContainerBalancerTask.java:matchSourceWithTarget(708)) - ContainerBalancer is finding suitable target for source datanode 033f5b0f-81fa-4ba5-98fb-417d54462df6
2023-09-08 11:18:59,413 [main] INFO  balancer.ContainerBalancerTask (ContainerBalancerTask.java:matchSourceWithTarget(722)) - ContainerBalancer matched source datanode 033f5b0f-81fa-4ba5-98fb-417d54462df6 with target datanode 27ff5598-d008-435f-8a45-78122cf10002 for container move.
2023-09-08 11:18:59,413 [main] INFO  balancer.ContainerBalancerTask (ContainerBalancerTask.java:processMoveSelection(569)) - ContainerBalancer is trying to move container #84 with size 4294967296B from source datanode 033f5b0f-81fa-4ba5-98fb-417d54462df6 to target datanode 27ff5598-d008-435f-8a45-78122cf10002
2023-09-08 11:18:59,413 [main] DEBUG balancer.ContainerBalancerTask (ContainerBalancerTask.java:lambda$moveContainer$3(837)) - Container move completed for container #84 from source 033f5b0f-81fa-4ba5-98fb-417d54462df6 to target 27ff5598-d008-435f-8a45-78122cf10002
2023-09-08 11:18:59,416 [main] DEBUG balancer.ContainerBalancerTask (ContainerBalancerTask.java:matchSourceWithTarget(708)) - ContainerBalancer is finding suitable target for source datanode 464059bb-9124-49c2-99d6-bdd949bf83c5
2023-09-08 11:18:59,417 [main] INFO  balancer.ContainerBalancerTask (ContainerBalancerTask.java:matchSourceWithTarget(722)) - ContainerBalancer matched source datanode 464059bb-9124-49c2-99d6-bdd949bf83c5 with target datanode faa0991e-87f5-4348-9a71-84e36f7603a9 for container move.
2023-09-08 11:18:59,417 [main] INFO  balancer.ContainerBalancerTask (ContainerBalancerTask.java:processMoveSelection(569)) - ContainerBalancer is trying to move container #29 with size 5368709120B from source datanode 464059bb-9124-49c2-99d6-bdd949bf83c5 to target datanode faa0991e-87f5-4348-9a71-84e36f7603a9
2023-09-08 11:18:59,417 [main] DEBUG balancer.ContainerBalancerTask (ContainerBalancerTask.java:lambda$moveContainer$3(837)) - Container move completed for container #29 from source 464059bb-9124-49c2-99d6-bdd949bf83c5 to target faa0991e-87f5-4348-9a71-84e36f7603a9
2023-09-08 11:18:59,419 [main] DEBUG balancer.ContainerBalancerTask (ContainerBalancerTask.java:matchSourceWithTarget(708)) - ContainerBalancer is finding suitable target for source datanode 6f0e948d-d3f7-4dd9-806b-f49208325d33
2023-09-08 11:18:59,419 [main] INFO  balancer.ContainerBalancerTask (ContainerBalancerTask.java:matchSourceWithTarget(722)) - ContainerBalancer matched source datanode 6f0e948d-d3f7-4dd9-806b-f49208325d33 with target datanode faa0991e-87f5-4348-9a71-84e36f7603a9 for container move.
2023-09-08 11:18:59,419 [main] INFO  balancer.ContainerBalancerTask (ContainerBalancerTask.java:processMoveSelection(569)) - ContainerBalancer is trying to move container #53 with size 5368709120B from source datanode 6f0e948d-d3f7-4dd9-806b-f49208325d33 to target datanode faa0991e-87f5-4348-9a71-84e36f7603a9
2023-09-08 11:18:59,420 [main] DEBUG balancer.ContainerBalancerTask (ContainerBalancerTask.java:lambda$moveContainer$3(837)) - Container move completed for container #53 from source 6f0e948d-d3f7-4dd9-806b-f49208325d33 to target faa0991e-87f5-4348-9a71-84e36f7603a9
2023-09-08 11:18:59,423 [main] DEBUG balancer.ContainerBalancerTask (ContainerBalancerTask.java:matchSourceWithTarget(708)) - ContainerBalancer is finding suitable target for source datanode 464059bb-9124-49c2-99d6-bdd949bf83c5
2023-09-08 11:18:59,423 [main] INFO  balancer.ContainerBalancerTask (ContainerBalancerTask.java:matchSourceWithTarget(722)) - ContainerBalancer matched source datanode 464059bb-9124-49c2-99d6-bdd949bf83c5 with target datanode faa0991e-87f5-4348-9a71-84e36f7603a9 for container move.
2023-09-08 11:18:59,423 [main] INFO  balancer.ContainerBalancerTask (ContainerBalancerTask.java:processMoveSelection(569)) - ContainerBalancer is trying to move container #67 with size 4294967296B from source datanode 464059bb-9124-49c2-99d6-bdd949bf83c5 to target datanode faa0991e-87f5-4348-9a71-84e36f7603a9
2023-09-08 11:18:59,423 [main] DEBUG balancer.ContainerBalancerTask (ContainerBalancerTask.java:lambda$moveContainer$3(837)) - Container move completed for container #67 from source 464059bb-9124-49c2-99d6-bdd949bf83c5 to target faa0991e-87f5-4348-9a71-84e36f7603a9
2023-09-08 11:18:59,427 [main] DEBUG balancer.ContainerBalancerTask (ContainerBalancerTask.java:matchSourceWithTarget(708)) - ContainerBalancer is finding suitable target for source datanode 033f5b0f-81fa-4ba5-98fb-417d54462df6
2023-09-08 11:18:59,427 [main] INFO  balancer.ContainerBalancerTask (ContainerBalancerTask.java:matchSourceWithTarget(722)) - ContainerBalancer matched source datanode 033f5b0f-81fa-4ba5-98fb-417d54462df6 with target datanode faa0991e-87f5-4348-9a71-84e36f7603a9 for container move.
2023-09-08 11:18:59,427 [main] INFO  balancer.ContainerBalancerTask (ContainerBalancerTask.java:processMoveSelection(569)) - ContainerBalancer is trying to move container #52 with size 4294967296B from source datanode 033f5b0f-81fa-4ba5-98fb-417d54462df6 to target datanode faa0991e-87f5-4348-9a71-84e36f7603a9
2023-09-08 11:18:59,427 [main] DEBUG balancer.ContainerBalancerTask (ContainerBalancerTask.java:lambda$moveContainer$3(837)) - Container move completed for container #52 from source 033f5b0f-81fa-4ba5-98fb-417d54462df6 to target faa0991e-87f5-4348-9a71-84e36f7603a9
2023-09-08 11:18:59,430 [main] DEBUG balancer.ContainerBalancerTask (ContainerBalancerTask.java:matchSourceWithTarget(708)) - ContainerBalancer is finding suitable target for source datanode 464059bb-9124-49c2-99d6-bdd949bf83c5
2023-09-08 11:18:59,431 [main] INFO  balancer.ContainerBalancerTask (ContainerBalancerTask.java:matchSourceWithTarget(722)) - ContainerBalancer matched source datanode 464059bb-9124-49c2-99d6-bdd949bf83c5 with target datanode faa0991e-87f5-4348-9a71-84e36f7603a9 for container move.
2023-09-08 11:18:59,431 [main] INFO  balancer.ContainerBalancerTask (ContainerBalancerTask.java:processMoveSelection(569)) - ContainerBalancer is trying to move container #39 with size 4294967296B from source datanode 464059bb-9124-49c2-99d6-bdd949bf83c5 to target datanode faa0991e-87f5-4348-9a71-84e36f7603a9
2023-09-08 11:18:59,431 [main] DEBUG balancer.ContainerBalancerTask (ContainerBalancerTask.java:lambda$moveContainer$3(837)) - Container move completed for container #39 from source 464059bb-9124-49c2-99d6-bdd949bf83c5 to target faa0991e-87f5-4348-9a71-84e36f7603a9
2023-09-08 11:18:59,433 [main] DEBUG balancer.ContainerBalancerTask (ContainerBalancerTask.java:matchSourceWithTarget(708)) - ContainerBalancer is finding suitable target for source datanode 85ab15db-3ad2-4d6d-9eb0-2227c1e80c63
2023-09-08 11:18:59,434 [main] INFO  balancer.ContainerBalancerTask (ContainerBalancerTask.java:matchSourceWithTarget(722)) - ContainerBalancer matched source datanode 85ab15db-3ad2-4d6d-9eb0-2227c1e80c63 with target datanode f52d6f4b-036c-4986-b65f-72517c5c7b6f for container move.
2023-09-08 11:18:59,434 [main] INFO  balancer.ContainerBalancerTask (ContainerBalancerTask.java:processMoveSelection(569)) - ContainerBalancer is trying to move container #40 with size 5368709120B from source datanode 85ab15db-3ad2-4d6d-9eb0-2227c1e80c63 to target datanode f52d6f4b-036c-4986-b65f-72517c5c7b6f
2023-09-08 11:18:59,434 [main] DEBUG balancer.ContainerBalancerTask (ContainerBalancerTask.java:lambda$moveContainer$3(837)) - Container move completed for container #40 from source 85ab15db-3ad2-4d6d-9eb0-2227c1e80c63 to target f52d6f4b-036c-4986-b65f-72517c5c7b6f
2023-09-08 11:18:59,438 [main] DEBUG balancer.ContainerBalancerTask (ContainerBalancerTask.java:matchSourceWithTarget(708)) - ContainerBalancer is finding suitable target for source datanode 033f5b0f-81fa-4ba5-98fb-417d54462df6
2023-09-08 11:18:59,438 [main] INFO  balancer.ContainerBalancerTask (ContainerBalancerTask.java:matchSourceWithTarget(722)) - ContainerBalancer matched source datanode 033f5b0f-81fa-4ba5-98fb-417d54462df6 with target datanode faa0991e-87f5-4348-9a71-84e36f7603a9 for container move.
2023-09-08 11:18:59,438 [main] INFO  balancer.ContainerBalancerTask (ContainerBalancerTask.java:processMoveSelection(569)) - ContainerBalancer is trying to move container #19 with size 4294967296B from source datanode 033f5b0f-81fa-4ba5-98fb-417d54462df6 to target datanode faa0991e-87f5-4348-9a71-84e36f7603a9
2023-09-08 11:18:59,438 [main] DEBUG balancer.ContainerBalancerTask (ContainerBalancerTask.java:lambda$moveContainer$3(837)) - Container move completed for container #19 from source 033f5b0f-81fa-4ba5-98fb-417d54462df6 to target faa0991e-87f5-4348-9a71-84e36f7603a9
2023-09-08 11:18:59,441 [main] DEBUG balancer.ContainerBalancerTask (ContainerBalancerTask.java:matchSourceWithTarget(708)) - ContainerBalancer is finding suitable target for source datanode 6f0e948d-d3f7-4dd9-806b-f49208325d33
2023-09-08 11:18:59,441 [main] INFO  balancer.ContainerBalancerTask (ContainerBalancerTask.java:matchSourceWithTarget(722)) - ContainerBalancer matched source datanode 6f0e948d-d3f7-4dd9-806b-f49208325d33 with target datanode 27ff5598-d008-435f-8a45-78122cf10002 for container move.
2023-09-08 11:18:59,441 [main] INFO  balancer.ContainerBalancerTask (ContainerBalancerTask.java:processMoveSelection(569)) - ContainerBalancer is trying to move container #64 with size 1073741824B from source datanode 6f0e948d-d3f7-4dd9-806b-f49208325d33 to target datanode 27ff5598-d008-435f-8a45-78122cf10002
2023-09-08 11:18:59,441 [main] DEBUG balancer.ContainerBalancerTask (ContainerBalancerTask.java:lambda$moveContainer$3(837)) - Container move completed for container #64 from source 6f0e948d-d3f7-4dd9-806b-f49208325d33 to target 27ff5598-d008-435f-8a45-78122cf10002
2023-09-08 11:18:59,441 [main] WARN  balancer.ContainerBalancerTask (ContainerBalancerTask.java:reachedMaxSizeToMovePerIteration(733)) - Reached max size to move limit. 53687091200 bytes have already been scheduled for balancing and the limit is 53687091200 bytes.
2023-09-08 11:18:59,441 [main] INFO  balancer.ContainerBalancerTask (ContainerBalancerTask.java:checkIterationMoveResults(642)) - Iteration Summary. Number of Datanodes involved: 7. Size moved: 50 GB (53687091200 Bytes). Number of Container moves completed: 12.
2023-09-08 11:18:59,441 [main] INFO  balancer.ContainerBalancerTask (ContainerBalancerTask.java:balance(259)) - Result of this iteration of Container Balancer: ITERATION_COMPLETED
2023-09-08 11:18:59,442 [main] INFO  balancer.ContainerBalancerTask (ContainerBalancerTask.java:tryStopWithSaveConfiguration(308)) - Save Configuration for stopping. Reason: Completed all iterations.
2023-09-08 11:18:59,442 [main] DEBUG balancer.ContainerBalancerTask (ContainerBalancerTask.java:initializeIteration(374)) - Average utilization of the cluster is 0.340830158141845
2023-09-08 11:18:59,443 [main] DEBUG balancer.ContainerBalancerTask (ContainerBalancerTask.java:initializeIteration(386)) - Lower limit for utilization is 0.28163672698308156 and Upper limit for utilization is 0.4000235893006084
2023-09-08 11:18:59,443 [main] DEBUG balancer.ContainerBalancerTask (ContainerBalancerTask.java:initializeIteration(398)) - Utilization for node 033f5b0f-81fa-4ba5-98fb-417d54462df6 with capacity 57266230613B, used 51539607552B, and remaining 5726623061B is 0.9000000000052387
2023-09-08 11:18:59,443 [main] DEBUG balancer.ContainerBalancerTask (ContainerBalancerTask.java:initializeIteration(398)) - Utilization for node 464059bb-9124-49c2-99d6-bdd949bf83c5 with capacity 76504104960B, used 61203283968B, and remaining 15300820992B is 0.8
2023-09-08 11:18:59,443 [main] DEBUG balancer.ContainerBalancerTask (ContainerBalancerTask.java:initializeIteration(398)) - Utilization for node 6f0e948d-d3f7-4dd9-806b-f49208325d33 with capacity 44483589851B, used 31138512896B, and remaining 13345076955B is 0.700000000006744
2023-09-08 11:18:59,443 [main] DEBUG balancer.ContainerBalancerTask (ContainerBalancerTask.java:initializeIteration(398)) - Utilization for node 85ab15db-3ad2-4d6d-9eb0-2227c1e80c63 with capacity 62634939733B, used 37580963840B, and remaining 25053975893B is 0.6000000000031931
2023-09-08 11:18:59,443 [main] DEBUG balancer.ContainerBalancerTask (ContainerBalancerTask.java:initializeIteration(398)) - Utilization for node 77b8b07c-1dfe-407f-8e29-190d2b6b8da3 with capacity 83751862272B, used 41875931136B, and remaining 41875931136B is 0.5
2023-09-08 11:18:59,443 [main] DEBUG balancer.ContainerBalancerTask (ContainerBalancerTask.java:initializeIteration(398)) - Utilization for node 13dd51a3-50bb-4709-bd07-ed54eb99f549 with capacity 136902082560B, used 54760833024B, and remaining 82141249536B is 0.4
2023-09-08 11:18:59,443 [main] DEBUG balancer.ContainerBalancerTask (ContainerBalancerTask.java:initializeIteration(398)) - Utilization for node 2260ca00-150a-4407-aef4-4c26696a81c2 with capacity 132428158293B, used 39728447488B, and remaining 92699710805B is 0.3000000000007551
2023-09-08 11:18:59,443 [main] DEBUG balancer.ContainerBalancerTask (ContainerBalancerTask.java:initializeIteration(398)) - Utilization for node f52d6f4b-036c-4986-b65f-72517c5c7b6f with capacity 198642237440B, used 39728447488B, and remaining 158913789952B is 0.2
2023-09-08 11:18:59,443 [main] DEBUG balancer.ContainerBalancerTask (ContainerBalancerTask.java:initializeIteration(398)) - Utilization for node faa0991e-87f5-4348-9a71-84e36f7603a9 with capacity 300647710720B, used 30064771072B, and remaining 270582939648B is 0.1
2023-09-08 11:18:59,444 [main] DEBUG balancer.ContainerBalancerTask (ContainerBalancerTask.java:initializeIteration(398)) - Utilization for node 27ff5598-d008-435f-8a45-78122cf10002 with capacity 44023414784B, used 0B, and remaining 44023414784B is 0.0
2023-09-08 11:18:59,444 [main] INFO  balancer.ContainerBalancerTask (ContainerBalancerTask.java:initializeIteration(447)) - Container Balancer has identified 5 Over-Utilized and 3 Under-Utilized Datanodes that need to be balanced.
2023-09-08 11:18:59,444 [main] DEBUG balancer.ContainerBalancerTask (ContainerBalancerTask.java:lambda$initializeIteration$1(453)) - Datanode localhost-80.191.15.251 033f5b0f-81fa-4ba5-98fb-417d54462df6 is Over-Utilized.
2023-09-08 11:18:59,444 [main] DEBUG balancer.ContainerBalancerTask (ContainerBalancerTask.java:lambda$initializeIteration$1(453)) - Datanode localhost-119.185.211.138 464059bb-9124-49c2-99d6-bdd949bf83c5 is Over-Utilized.
2023-09-08 11:18:59,444 [main] DEBUG balancer.ContainerBalancerTask (ContainerBalancerTask.java:lambda$initializeIteration$1(453)) - Datanode localhost-175.189.162.212 6f0e948d-d3f7-4dd9-806b-f49208325d33 is Over-Utilized.
2023-09-08 11:18:59,444 [main] DEBUG balancer.ContainerBalancerTask (ContainerBalancerTask.java:lambda$initializeIteration$1(453)) - Datanode localhost-45.212.111.64 85ab15db-3ad2-4d6d-9eb0-2227c1e80c63 is Over-Utilized.
2023-09-08 11:18:59,444 [main] DEBUG balancer.ContainerBalancerTask (ContainerBalancerTask.java:lambda$initializeIteration$1(453)) - Datanode localhost-34.213.184.24 77b8b07c-1dfe-407f-8e29-190d2b6b8da3 is Over-Utilized.
2023-09-08 11:18:59,444 [main] DEBUG balancer.ContainerBalancerTask (ContainerBalancerTask.java:lambda$initializeIteration$2(459)) - Datanode localhost-21.155.139.135 27ff5598-d008-435f-8a45-78122cf10002 is Under-Utilized.
2023-09-08 11:18:59,444 [main] DEBUG balancer.ContainerBalancerTask (ContainerBalancerTask.java:lambda$initializeIteration$2(459)) - Datanode localhost-171.124.219.118 faa0991e-87f5-4348-9a71-84e36f7603a9 is Under-Utilized.
2023-09-08 11:18:59,444 [main] DEBUG balancer.ContainerBalancerTask (ContainerBalancerTask.java:lambda$initializeIteration$2(459)) - Datanode localhost-81.233.26.227 f52d6f4b-036c-4986-b65f-72517c5c7b6f is Under-Utilized.
2023-09-08 11:18:59,447 [main] DEBUG balancer.ContainerBalancerTask (ContainerBalancerTask.java:matchSourceWithTarget(708)) - ContainerBalancer is finding suitable target for source datanode 033f5b0f-81fa-4ba5-98fb-417d54462df6
2023-09-08 11:18:59,447 [main] INFO  balancer.ContainerBalancerTask (ContainerBalancerTask.java:matchSourceWithTarget(722)) - ContainerBalancer matched source datanode 033f5b0f-81fa-4ba5-98fb-417d54462df6 with target datanode 27ff5598-d008-435f-8a45-78122cf10002 for container move.
2023-09-08 11:18:59,448 [main] INFO  balancer.ContainerBalancerTask (ContainerBalancerTask.java:processMoveSelection(569)) - ContainerBalancer is trying to move container #85 with size 5368709120B from source datanode 033f5b0f-81fa-4ba5-98fb-417d54462df6 to target datanode 27ff5598-d008-435f-8a45-78122cf10002
2023-09-08 11:18:59,448 [main] DEBUG balancer.ContainerBalancerTask (ContainerBalancerTask.java:lambda$moveContainer$3(837)) - Container move completed for container #85 from source 033f5b0f-81fa-4ba5-98fb-417d54462df6 to target 27ff5598-d008-435f-8a45-78122cf10002
2023-09-08 11:18:59,451 [main] DEBUG balancer.ContainerBalancerTask (ContainerBalancerTask.java:matchSourceWithTarget(708)) - ContainerBalancer is finding suitable target for source datanode 033f5b0f-81fa-4ba5-98fb-417d54462df6
2023-09-08 11:18:59,451 [main] INFO  balancer.ContainerBalancerTask (ContainerBalancerTask.java:matchSourceWithTarget(722)) - ContainerBalancer matched source datanode 033f5b0f-81fa-4ba5-98fb-417d54462df6 with target datanode faa0991e-87f5-4348-9a71-84e36f7603a9 for container move.
2023-09-08 11:18:59,451 [main] INFO  balancer.ContainerBalancerTask (ContainerBalancerTask.java:processMoveSelection(569)) - ContainerBalancer is trying to move container #89 with size 4294967296B from source datanode 033f5b0f-81fa-4ba5-98fb-417d54462df6 to target datanode faa0991e-87f5-4348-9a71-84e36f7603a9
2023-09-08 11:18:59,451 [main] DEBUG balancer.ContainerBalancerTask (ContainerBalancerTask.java:lambda$moveContainer$3(837)) - Container move completed for container #89 from source 033f5b0f-81fa-4ba5-98fb-417d54462df6 to target faa0991e-87f5-4348-9a71-84e36f7603a9
2023-09-08 11:18:59,454 [main] DEBUG balancer.ContainerBalancerTask (ContainerBalancerTask.java:matchSourceWithTarget(708)) - ContainerBalancer is finding suitable target for source datanode 464059bb-9124-49c2-99d6-bdd949bf83c5
2023-09-08 11:18:59,454 [main] INFO  balancer.ContainerBalancerTask (ContainerBalancerTask.java:matchSourceWithTarget(722)) - ContainerBalancer matched source datanode 464059bb-9124-49c2-99d6-bdd949bf83c5 with target datanode faa0991e-87f5-4348-9a71-84e36f7603a9 for container move.
2023-09-08 11:18:59,454 [main] INFO  balancer.ContainerBalancerTask (ContainerBalancerTask.java:processMoveSelection(569)) - ContainerBalancer is trying to move container #68 with size 5368709120B from source datanode 464059bb-9124-49c2-99d6-bdd949bf83c5 to target datanode faa0991e-87f5-4348-9a71-84e36f7603a9
2023-09-08 11:18:59,454 [main] DEBUG balancer.ContainerBalancerTask (ContainerBalancerTask.java:lambda$moveContainer$3(837)) - Container move completed for container #68 from source 464059bb-9124-49c2-99d6-bdd949bf83c5 to target faa0991e-87f5-4348-9a71-84e36f7603a9
2023-09-08 11:18:59,458 [main] DEBUG balancer.ContainerBalancerTask (ContainerBalancerTask.java:matchSourceWithTarget(708)) - ContainerBalancer is finding suitable target for source datanode 033f5b0f-81fa-4ba5-98fb-417d54462df6
2023-09-08 11:18:59,458 [main] INFO  balancer.ContainerBalancerTask (ContainerBalancerTask.java:matchSourceWithTarget(722)) - ContainerBalancer matched source datanode 033f5b0f-81fa-4ba5-98fb-417d54462df6 with target datanode 27ff5598-d008-435f-8a45-78122cf10002 for container move.
2023-09-08 11:18:59,458 [main] INFO  balancer.ContainerBalancerTask (ContainerBalancerTask.java:processMoveSelection(569)) - ContainerBalancer is trying to move container #84 with size 4294967296B from source datanode 033f5b0f-81fa-4ba5-98fb-417d54462df6 to target datanode 27ff5598-d008-435f-8a45-78122cf10002
2023-09-08 11:18:59,458 [main] DEBUG balancer.ContainerBalancerTask (ContainerBalancerTask.java:lambda$moveContainer$3(837)) - Container move completed for container #84 from source 033f5b0f-81fa-4ba5-98fb-417d54462df6 to target 27ff5598-d008-435f-8a45-78122cf10002
2023-09-08 11:18:59,461 [main] DEBUG balancer.ContainerBalancerTask (ContainerBalancerTask.java:matchSourceWithTarget(708)) - ContainerBalancer is finding suitable target for source datanode 464059bb-9124-49c2-99d6-bdd949bf83c5
2023-09-08 11:18:59,461 [main] INFO  balancer.ContainerBalancerTask (ContainerBalancerTask.java:matchSourceWithTarget(722)) - ContainerBalancer matched source datanode 464059bb-9124-49c2-99d6-bdd949bf83c5 with target datanode faa0991e-87f5-4348-9a71-84e36f7603a9 for container move.
2023-09-08 11:18:59,461 [main] INFO  balancer.ContainerBalancerTask (ContainerBalancerTask.java:processMoveSelection(569)) - ContainerBalancer is trying to move container #29 with size 5368709120B from source datanode 464059bb-9124-49c2-99d6-bdd949bf83c5 to target datanode faa0991e-87f5-4348-9a71-84e36f7603a9
2023-09-08 11:18:59,462 [main] DEBUG balancer.ContainerBalancerTask (ContainerBalancerTask.java:lambda$moveContainer$3(837)) - Container move completed for container #29 from source 464059bb-9124-49c2-99d6-bdd949bf83c5 to target faa0991e-87f5-4348-9a71-84e36f7603a9
2023-09-08 11:18:59,464 [main] DEBUG balancer.ContainerBalancerTask (ContainerBalancerTask.java:matchSourceWithTarget(708)) - ContainerBalancer is finding suitable target for source datanode 6f0e948d-d3f7-4dd9-806b-f49208325d33
2023-09-08 11:18:59,464 [main] INFO  balancer.ContainerBalancerTask (ContainerBalancerTask.java:matchSourceWithTarget(722)) - ContainerBalancer matched source datanode 6f0e948d-d3f7-4dd9-806b-f49208325d33 with target datanode faa0991e-87f5-4348-9a71-84e36f7603a9 for container move.
2023-09-08 11:18:59,464 [main] INFO  balancer.ContainerBalancerTask (ContainerBalancerTask.java:processMoveSelection(569)) - ContainerBalancer is trying to move container #53 with size 5368709120B from source datanode 6f0e948d-d3f7-4dd9-806b-f49208325d33 to target datanode faa0991e-87f5-4348-9a71-84e36f7603a9
2023-09-08 11:18:59,464 [main] DEBUG balancer.ContainerBalancerTask (ContainerBalancerTask.java:lambda$moveContainer$3(837)) - Container move completed for container #53 from source 6f0e948d-d3f7-4dd9-806b-f49208325d33 to target faa0991e-87f5-4348-9a71-84e36f7603a9
2023-09-08 11:18:59,467 [main] DEBUG balancer.ContainerBalancerTask (ContainerBalancerTask.java:matchSourceWithTarget(708)) - ContainerBalancer is finding suitable target for source datanode 464059bb-9124-49c2-99d6-bdd949bf83c5
2023-09-08 11:18:59,467 [main] INFO  balancer.ContainerBalancerTask (ContainerBalancerTask.java:matchSourceWithTarget(722)) - ContainerBalancer matched source datanode 464059bb-9124-49c2-99d6-bdd949bf83c5 with target datanode faa0991e-87f5-4348-9a71-84e36f7603a9 for container move.
2023-09-08 11:18:59,468 [main] INFO  balancer.ContainerBalancerTask (ContainerBalancerTask.java:processMoveSelection(569)) - ContainerBalancer is trying to move container #67 with size 4294967296B from source datanode 464059bb-9124-49c2-99d6-bdd949bf83c5 to target datanode faa0991e-87f5-4348-9a71-84e36f7603a9
2023-09-08 11:18:59,468 [main] DEBUG balancer.ContainerBalancerTask (ContainerBalancerTask.java:lambda$moveContainer$3(837)) - Container move completed for container #67 from source 464059bb-9124-49c2-99d6-bdd949bf83c5 to target faa0991e-87f5-4348-9a71-84e36f7603a9
2023-09-08 11:18:59,471 [main] DEBUG balancer.ContainerBalancerTask (ContainerBalancerTask.java:matchSourceWithTarget(708)) - ContainerBalancer is finding suitable target for source datanode 033f5b0f-81fa-4ba5-98fb-417d54462df6
2023-09-08 11:18:59,471 [main] INFO  balancer.ContainerBalancerTask (ContainerBalancerTask.java:matchSourceWithTarget(722)) - ContainerBalancer matched source datanode 033f5b0f-81fa-4ba5-98fb-417d54462df6 with target datanode faa0991e-87f5-4348-9a71-84e36f7603a9 for container move.
2023-09-08 11:18:59,471 [main] INFO  balancer.ContainerBalancerTask (ContainerBalancerTask.java:processMoveSelection(569)) - ContainerBalancer is trying to move container #52 with size 4294967296B from source datanode 033f5b0f-81fa-4ba5-98fb-417d54462df6 to target datanode faa0991e-87f5-4348-9a71-84e36f7603a9
2023-09-08 11:18:59,471 [main] DEBUG balancer.ContainerBalancerTask (ContainerBalancerTask.java:lambda$moveContainer$3(837)) - Container move completed for container #52 from source 033f5b0f-81fa-4ba5-98fb-417d54462df6 to target faa0991e-87f5-4348-9a71-84e36f7603a9
2023-09-08 11:18:59,474 [main] DEBUG balancer.ContainerBalancerTask (ContainerBalancerTask.java:matchSourceWithTarget(708)) - ContainerBalancer is finding suitable target for source datanode 464059bb-9124-49c2-99d6-bdd949bf83c5
2023-09-08 11:18:59,475 [main] INFO  balancer.ContainerBalancerTask (ContainerBalancerTask.java:matchSourceWithTarget(722)) - ContainerBalancer matched source datanode 464059bb-9124-49c2-99d6-bdd949bf83c5 with target datanode faa0991e-87f5-4348-9a71-84e36f7603a9 for container move.
2023-09-08 11:18:59,475 [main] INFO  balancer.ContainerBalancerTask (ContainerBalancerTask.java:processMoveSelection(569)) - ContainerBalancer is trying to move container #39 with size 4294967296B from source datanode 464059bb-9124-49c2-99d6-bdd949bf83c5 to target datanode faa0991e-87f5-4348-9a71-84e36f7603a9
2023-09-08 11:18:59,475 [main] DEBUG balancer.ContainerBalancerTask (ContainerBalancerTask.java:lambda$moveContainer$3(837)) - Container move completed for container #39 from source 464059bb-9124-49c2-99d6-bdd949bf83c5 to target faa0991e-87f5-4348-9a71-84e36f7603a9
2023-09-08 11:18:59,477 [main] DEBUG balancer.ContainerBalancerTask (ContainerBalancerTask.java:matchSourceWithTarget(708)) - ContainerBalancer is finding suitable target for source datanode 85ab15db-3ad2-4d6d-9eb0-2227c1e80c63
2023-09-08 11:18:59,477 [main] INFO  balancer.ContainerBalancerTask (ContainerBalancerTask.java:matchSourceWithTarget(722)) - ContainerBalancer matched source datanode 85ab15db-3ad2-4d6d-9eb0-2227c1e80c63 with target datanode f52d6f4b-036c-4986-b65f-72517c5c7b6f for container move.
2023-09-08 11:18:59,478 [main] INFO  balancer.ContainerBalancerTask (ContainerBalancerTask.java:processMoveSelection(569)) - ContainerBalancer is trying to move container #40 with size 5368709120B from source datanode 85ab15db-3ad2-4d6d-9eb0-2227c1e80c63 to target datanode f52d6f4b-036c-4986-b65f-72517c5c7b6f
2023-09-08 11:18:59,478 [main] DEBUG balancer.ContainerBalancerTask (ContainerBalancerTask.java:lambda$moveContainer$3(837)) - Container move completed for container #40 from source 85ab15db-3ad2-4d6d-9eb0-2227c1e80c63 to target f52d6f4b-036c-4986-b65f-72517c5c7b6f
2023-09-08 11:18:59,481 [main] DEBUG balancer.ContainerBalancerTask (ContainerBalancerTask.java:matchSourceWithTarget(708)) - ContainerBalancer is finding suitable target for source datanode 033f5b0f-81fa-4ba5-98fb-417d54462df6
2023-09-08 11:18:59,481 [main] INFO  balancer.ContainerBalancerTask (ContainerBalancerTask.java:matchSourceWithTarget(722)) - ContainerBalancer matched source datanode 033f5b0f-81fa-4ba5-98fb-417d54462df6 with target datanode faa0991e-87f5-4348-9a71-84e36f7603a9 for container move.
2023-09-08 11:18:59,482 [main] INFO  balancer.ContainerBalancerTask (ContainerBalancerTask.java:processMoveSelection(569)) - ContainerBalancer is trying to move container #19 with size 4294967296B from source datanode 033f5b0f-81fa-4ba5-98fb-417d54462df6 to target datanode faa0991e-87f5-4348-9a71-84e36f7603a9
2023-09-08 11:18:59,482 [main] DEBUG balancer.ContainerBalancerTask (ContainerBalancerTask.java:lambda$moveContainer$3(837)) - Container move completed for container #19 from source 033f5b0f-81fa-4ba5-98fb-417d54462df6 to target faa0991e-87f5-4348-9a71-84e36f7603a9
2023-09-08 11:18:59,486 [main] DEBUG balancer.ContainerBalancerTask (ContainerBalancerTask.java:matchSourceWithTarget(708)) - ContainerBalancer is finding suitable target for source datanode 6f0e948d-d3f7-4dd9-806b-f49208325d33
2023-09-08 11:18:59,486 [main] INFO  balancer.ContainerBalancerTask (ContainerBalancerTask.java:matchSourceWithTarget(722)) - ContainerBalancer matched source datanode 6f0e948d-d3f7-4dd9-806b-f49208325d33 with target datanode 27ff5598-d008-435f-8a45-78122cf10002 for container move.
2023-09-08 11:18:59,486 [main] INFO  balancer.ContainerBalancerTask (ContainerBalancerTask.java:processMoveSelection(569)) - ContainerBalancer is trying to move container #64 with size 1073741824B from source datanode 6f0e948d-d3f7-4dd9-806b-f49208325d33 to target datanode 27ff5598-d008-435f-8a45-78122cf10002
2023-09-08 11:18:59,486 [main] DEBUG balancer.ContainerBalancerTask (ContainerBalancerTask.java:lambda$moveContainer$3(837)) - Container move completed for container #64 from source 6f0e948d-d3f7-4dd9-806b-f49208325d33 to target 27ff5598-d008-435f-8a45-78122cf10002
2023-09-08 11:18:59,487 [main] WARN  balancer.ContainerBalancerTask (ContainerBalancerTask.java:reachedMaxSizeToMovePerIteration(733)) - Reached max size to move limit. 53687091200 bytes have already been scheduled for balancing and the limit is 53687091200 bytes.
2023-09-08 11:18:59,487 [main] INFO  balancer.ContainerBalancerTask (ContainerBalancerTask.java:checkIterationMoveResults(642)) - Iteration Summary. Number of Datanodes involved: 7. Size moved: 50 GB (53687091200 Bytes). Number of Container moves completed: 12.
2023-09-08 11:18:59,487 [main] INFO  balancer.ContainerBalancerTask (ContainerBalancerTask.java:balance(259)) - Result of this iteration of Container Balancer: ITERATION_COMPLETED
2023-09-08 11:18:59,487 [main] INFO  balancer.ContainerBalancerTask (ContainerBalancerTask.java:tryStopWithSaveConfiguration(308)) - Save Configuration for stopping. Reason: Completed all iterations.
2023-09-08 11:18:59,488 [main] DEBUG balancer.ContainerBalancerTask (ContainerBalancerTask.java:initializeIteration(374)) - Average utilization of the cluster is 0.340830158141845
2023-09-08 11:18:59,488 [main] DEBUG balancer.ContainerBalancerTask (ContainerBalancerTask.java:initializeIteration(386)) - Lower limit for utilization is 0.2709959325230183 and Upper limit for utilization is 0.41066438376067166
2023-09-08 11:18:59,488 [main] DEBUG balancer.ContainerBalancerTask (ContainerBalancerTask.java:initializeIteration(398)) - Utilization for node 033f5b0f-81fa-4ba5-98fb-417d54462df6 with capacity 57266230613B, used 51539607552B, and remaining 5726623061B is 0.9000000000052387
2023-09-08 11:18:59,488 [main] DEBUG balancer.ContainerBalancerTask (ContainerBalancerTask.java:initializeIteration(398)) - Utilization for node 464059bb-9124-49c2-99d6-bdd949bf83c5 with capacity 76504104960B, used 61203283968B, and remaining 15300820992B is 0.8
2023-09-08 11:18:59,488 [main] DEBUG balancer.ContainerBalancerTask (ContainerBalancerTask.java:initializeIteration(398)) - Utilization for node 6f0e948d-d3f7-4dd9-806b-f49208325d33 with capacity 44483589851B, used 31138512896B, and remaining 13345076955B is 0.700000000006744
2023-09-08 11:18:59,488 [main] DEBUG balancer.ContainerBalancerTask (ContainerBalancerTask.java:initializeIteration(398)) - Utilization for node 85ab15db-3ad2-4d6d-9eb0-2227c1e80c63 with capacity 62634939733B, used 37580963840B, and remaining 25053975893B is 0.6000000000031931
2023-09-08 11:18:59,488 [main] DEBUG balancer.ContainerBalancerTask (ContainerBalancerTask.java:initializeIteration(398)) - Utilization for node 77b8b07c-1dfe-407f-8e29-190d2b6b8da3 with capacity 83751862272B, used 41875931136B, and remaining 41875931136B is 0.5
2023-09-08 11:18:59,488 [main] DEBUG balancer.ContainerBalancerTask (ContainerBalancerTask.java:initializeIteration(398)) - Utilization for node 13dd51a3-50bb-4709-bd07-ed54eb99f549 with capacity 136902082560B, used 54760833024B, and remaining 82141249536B is 0.4
2023-09-08 11:18:59,489 [main] DEBUG balancer.ContainerBalancerTask (ContainerBalancerTask.java:initializeIteration(398)) - Utilization for node 2260ca00-150a-4407-aef4-4c26696a81c2 with capacity 132428158293B, used 39728447488B, and remaining 92699710805B is 0.3000000000007551
2023-09-08 11:18:59,489 [main] DEBUG balancer.ContainerBalancerTask (ContainerBalancerTask.java:initializeIteration(398)) - Utilization for node f52d6f4b-036c-4986-b65f-72517c5c7b6f with capacity 198642237440B, used 39728447488B, and remaining 158913789952B is 0.2
2023-09-08 11:18:59,489 [main] DEBUG balancer.ContainerBalancerTask (ContainerBalancerTask.java:initializeIteration(398)) - Utilization for node faa0991e-87f5-4348-9a71-84e36f7603a9 with capacity 300647710720B, used 30064771072B, and remaining 270582939648B is 0.1
2023-09-08 11:18:59,489 [main] DEBUG balancer.ContainerBalancerTask (ContainerBalancerTask.java:initializeIteration(398)) - Utilization for node 27ff5598-d008-435f-8a45-78122cf10002 with capacity 44023414784B, used 0B, and remaining 44023414784B is 0.0
2023-09-08 11:18:59,489 [main] INFO  balancer.ContainerBalancerTask (ContainerBalancerTask.java:initializeIteration(447)) - Container Balancer has identified 5 Over-Utilized and 3 Under-Utilized Datanodes that need to be balanced.
2023-09-08 11:18:59,489 [main] DEBUG balancer.ContainerBalancerTask (ContainerBalancerTask.java:lambda$initializeIteration$1(453)) - Datanode localhost-80.191.15.251 033f5b0f-81fa-4ba5-98fb-417d54462df6 is Over-Utilized.
2023-09-08 11:18:59,489 [main] DEBUG balancer.ContainerBalancerTask (ContainerBalancerTask.java:lambda$initializeIteration$1(453)) - Datanode localhost-119.185.211.138 464059bb-9124-49c2-99d6-bdd949bf83c5 is Over-Utilized.
2023-09-08 11:18:59,489 [main] DEBUG balancer.ContainerBalancerTask (ContainerBalancerTask.java:lambda$initializeIteration$1(453)) - Datanode localhost-175.189.162.212 6f0e948d-d3f7-4dd9-806b-f49208325d33 is Over-Utilized.
2023-09-08 11:18:59,489 [main] DEBUG balancer.ContainerBalancerTask (ContainerBalancerTask.java:lambda$initializeIteration$1(453)) - Datanode localhost-45.212.111.64 85ab15db-3ad2-4d6d-9eb0-2227c1e80c63 is Over-Utilized.
2023-09-08 11:18:59,489 [main] DEBUG balancer.ContainerBalancerTask (ContainerBalancerTask.java:lambda$initializeIteration$1(453)) - Datanode localhost-34.213.184.24 77b8b07c-1dfe-407f-8e29-190d2b6b8da3 is Over-Utilized.
2023-09-08 11:18:59,489 [main] DEBUG balancer.ContainerBalancerTask (ContainerBalancerTask.java:lambda$initializeIteration$2(459)) - Datanode localhost-21.155.139.135 27ff5598-d008-435f-8a45-78122cf10002 is Under-Utilized.
2023-09-08 11:18:59,489 [main] DEBUG balancer.ContainerBalancerTask (ContainerBalancerTask.java:lambda$initializeIteration$2(459)) - Datanode localhost-171.124.219.118 faa0991e-87f5-4348-9a71-84e36f7603a9 is Under-Utilized.
2023-09-08 11:18:59,490 [main] DEBUG balancer.ContainerBalancerTask (ContainerBalancerTask.java:lambda$initializeIteration$2(459)) - Datanode localhost-81.233.26.227 f52d6f4b-036c-4986-b65f-72517c5c7b6f is Under-Utilized.
2023-09-08 11:18:59,492 [main] DEBUG balancer.ContainerBalancerTask (ContainerBalancerTask.java:matchSourceWithTarget(708)) - ContainerBalancer is finding suitable target for source datanode 033f5b0f-81fa-4ba5-98fb-417d54462df6
2023-09-08 11:18:59,493 [main] INFO  balancer.ContainerBalancerTask (ContainerBalancerTask.java:matchSourceWithTarget(722)) - ContainerBalancer matched source datanode 033f5b0f-81fa-4ba5-98fb-417d54462df6 with target datanode 27ff5598-d008-435f-8a45-78122cf10002 for container move.
2023-09-08 11:18:59,493 [main] INFO  balancer.ContainerBalancerTask (ContainerBalancerTask.java:processMoveSelection(569)) - ContainerBalancer is trying to move container #85 with size 5368709120B from source datanode 033f5b0f-81fa-4ba5-98fb-417d54462df6 to target datanode 27ff5598-d008-435f-8a45-78122cf10002
2023-09-08 11:18:59,493 [main] DEBUG balancer.ContainerBalancerTask (ContainerBalancerTask.java:lambda$moveContainer$3(837)) - Container move completed for container #85 from source 033f5b0f-81fa-4ba5-98fb-417d54462df6 to target 27ff5598-d008-435f-8a45-78122cf10002
2023-09-08 11:18:59,496 [main] DEBUG balancer.ContainerBalancerTask (ContainerBalancerTask.java:matchSourceWithTarget(708)) - ContainerBalancer is finding suitable target for source datanode 033f5b0f-81fa-4ba5-98fb-417d54462df6
2023-09-08 11:18:59,496 [main] INFO  balancer.ContainerBalancerTask (ContainerBalancerTask.java:matchSourceWithTarget(722)) - ContainerBalancer matched source datanode 033f5b0f-81fa-4ba5-98fb-417d54462df6 with target datanode faa0991e-87f5-4348-9a71-84e36f7603a9 for container move.
2023-09-08 11:18:59,496 [main] INFO  balancer.ContainerBalancerTask (ContainerBalancerTask.java:processMoveSelection(569)) - ContainerBalancer is trying to move container #89 with size 4294967296B from source datanode 033f5b0f-81fa-4ba5-98fb-417d54462df6 to target datanode faa0991e-87f5-4348-9a71-84e36f7603a9
2023-09-08 11:18:59,496 [main] DEBUG balancer.ContainerBalancerTask (ContainerBalancerTask.java:lambda$moveContainer$3(837)) - Container move completed for container #89 from source 033f5b0f-81fa-4ba5-98fb-417d54462df6 to target faa0991e-87f5-4348-9a71-84e36f7603a9
2023-09-08 11:18:59,499 [main] DEBUG balancer.ContainerBalancerTask (ContainerBalancerTask.java:matchSourceWithTarget(708)) - ContainerBalancer is finding suitable target for source datanode 464059bb-9124-49c2-99d6-bdd949bf83c5
2023-09-08 11:18:59,499 [main] INFO  balancer.ContainerBalancerTask (ContainerBalancerTask.java:matchSourceWithTarget(722)) - ContainerBalancer matched source datanode 464059bb-9124-49c2-99d6-bdd949bf83c5 with target datanode faa0991e-87f5-4348-9a71-84e36f7603a9 for container move.
2023-09-08 11:18:59,499 [main] INFO  balancer.ContainerBalancerTask (ContainerBalancerTask.java:processMoveSelection(569)) - ContainerBalancer is trying to move container #68 with size 5368709120B from source datanode 464059bb-9124-49c2-99d6-bdd949bf83c5 to target datanode faa0991e-87f5-4348-9a71-84e36f7603a9
2023-09-08 11:18:59,499 [main] DEBUG balancer.ContainerBalancerTask (ContainerBalancerTask.java:lambda$moveContainer$3(837)) - Container move completed for container #68 from source 464059bb-9124-49c2-99d6-bdd949bf83c5 to target faa0991e-87f5-4348-9a71-84e36f7603a9
2023-09-08 11:18:59,502 [main] DEBUG balancer.ContainerBalancerTask (ContainerBalancerTask.java:matchSourceWithTarget(708)) - ContainerBalancer is finding suitable target for source datanode 033f5b0f-81fa-4ba5-98fb-417d54462df6
2023-09-08 11:18:59,502 [main] INFO  balancer.ContainerBalancerTask (ContainerBalancerTask.java:matchSourceWithTarget(722)) - ContainerBalancer matched source datanode 033f5b0f-81fa-4ba5-98fb-417d54462df6 with target datanode 27ff5598-d008-435f-8a45-78122cf10002 for container move.
2023-09-08 11:18:59,502 [main] INFO  balancer.ContainerBalancerTask (ContainerBalancerTask.java:processMoveSelection(569)) - ContainerBalancer is trying to move container #84 with size 4294967296B from source datanode 033f5b0f-81fa-4ba5-98fb-417d54462df6 to target datanode 27ff5598-d008-435f-8a45-78122cf10002
2023-09-08 11:18:59,503 [main] DEBUG balancer.ContainerBalancerTask (ContainerBalancerTask.java:lambda$moveContainer$3(837)) - Container move completed for container #84 from source 033f5b0f-81fa-4ba5-98fb-417d54462df6 to target 27ff5598-d008-435f-8a45-78122cf10002
2023-09-08 11:18:59,505 [main] DEBUG balancer.ContainerBalancerTask (ContainerBalancerTask.java:matchSourceWithTarget(708)) - ContainerBalancer is finding suitable target for source datanode 464059bb-9124-49c2-99d6-bdd949bf83c5
2023-09-08 11:18:59,506 [main] INFO  balancer.ContainerBalancerTask (ContainerBalancerTask.java:matchSourceWithTarget(722)) - ContainerBalancer matched source datanode 464059bb-9124-49c2-99d6-bdd949bf83c5 with target datanode faa0991e-87f5-4348-9a71-84e36f7603a9 for container move.
2023-09-08 11:18:59,506 [main] INFO  balancer.ContainerBalancerTask (ContainerBalancerTask.java:processMoveSelection(569)) - ContainerBalancer is trying to move container #29 with size 5368709120B from source datanode 464059bb-9124-49c2-99d6-bdd949bf83c5 to target datanode faa0991e-87f5-4348-9a71-84e36f7603a9
2023-09-08 11:18:59,506 [main] DEBUG balancer.ContainerBalancerTask (ContainerBalancerTask.java:lambda$moveContainer$3(837)) - Container move completed for container #29 from source 464059bb-9124-49c2-99d6-bdd949bf83c5 to target faa0991e-87f5-4348-9a71-84e36f7603a9
2023-09-08 11:18:59,508 [main] DEBUG balancer.ContainerBalancerTask (ContainerBalancerTask.java:matchSourceWithTarget(708)) - ContainerBalancer is finding suitable target for source datanode 6f0e948d-d3f7-4dd9-806b-f49208325d33
2023-09-08 11:18:59,508 [main] INFO  balancer.ContainerBalancerTask (ContainerBalancerTask.java:matchSourceWithTarget(722)) - ContainerBalancer matched source datanode 6f0e948d-d3f7-4dd9-806b-f49208325d33 with target datanode faa0991e-87f5-4348-9a71-84e36f7603a9 for container move.
2023-09-08 11:18:59,508 [main] INFO  balancer.ContainerBalancerTask (ContainerBalancerTask.java:processMoveSelection(569)) - ContainerBalancer is trying to move container #53 with size 5368709120B from source datanode 6f0e948d-d3f7-4dd9-806b-f49208325d33 to target datanode faa0991e-87f5-4348-9a71-84e36f7603a9
2023-09-08 11:18:59,509 [main] DEBUG balancer.ContainerBalancerTask (ContainerBalancerTask.java:lambda$moveContainer$3(837)) - Container move completed for container #53 from source 6f0e948d-d3f7-4dd9-806b-f49208325d33 to target faa0991e-87f5-4348-9a71-84e36f7603a9
2023-09-08 11:18:59,512 [main] DEBUG balancer.ContainerBalancerTask (ContainerBalancerTask.java:matchSourceWithTarget(708)) - ContainerBalancer is finding suitable target for source datanode 464059bb-9124-49c2-99d6-bdd949bf83c5
2023-09-08 11:18:59,512 [main] INFO  balancer.ContainerBalancerTask (ContainerBalancerTask.java:matchSourceWithTarget(722)) - ContainerBalancer matched source datanode 464059bb-9124-49c2-99d6-bdd949bf83c5 with target datanode faa0991e-87f5-4348-9a71-84e36f7603a9 for container move.
2023-09-08 11:18:59,512 [main] INFO  balancer.ContainerBalancerTask (ContainerBalancerTask.java:processMoveSelection(569)) - ContainerBalancer is trying to move container #67 with size 4294967296B from source datanode 464059bb-9124-49c2-99d6-bdd949bf83c5 to target datanode faa0991e-87f5-4348-9a71-84e36f7603a9
2023-09-08 11:18:59,512 [main] DEBUG balancer.ContainerBalancerTask (ContainerBalancerTask.java:lambda$moveContainer$3(837)) - Container move completed for container #67 from source 464059bb-9124-49c2-99d6-bdd949bf83c5 to target faa0991e-87f5-4348-9a71-84e36f7603a9
2023-09-08 11:18:59,515 [main] DEBUG balancer.ContainerBalancerTask (ContainerBalancerTask.java:matchSourceWithTarget(708)) - ContainerBalancer is finding suitable target for source datanode 033f5b0f-81fa-4ba5-98fb-417d54462df6
2023-09-08 11:18:59,515 [main] INFO  balancer.ContainerBalancerTask (ContainerBalancerTask.java:matchSourceWithTarget(722)) - ContainerBalancer matched source datanode 033f5b0f-81fa-4ba5-98fb-417d54462df6 with target datanode faa0991e-87f5-4348-9a71-84e36f7603a9 for container move.
2023-09-08 11:18:59,515 [main] INFO  balancer.ContainerBalancerTask (ContainerBalancerTask.java:processMoveSelection(569)) - ContainerBalancer is trying to move container #52 with size 4294967296B from source datanode 033f5b0f-81fa-4ba5-98fb-417d54462df6 to target datanode faa0991e-87f5-4348-9a71-84e36f7603a9
2023-09-08 11:18:59,516 [main] DEBUG balancer.ContainerBalancerTask (ContainerBalancerTask.java:lambda$moveContainer$3(837)) - Container move completed for container #52 from source 033f5b0f-81fa-4ba5-98fb-417d54462df6 to target faa0991e-87f5-4348-9a71-84e36f7603a9
2023-09-08 11:18:59,519 [main] DEBUG balancer.ContainerBalancerTask (ContainerBalancerTask.java:matchSourceWithTarget(708)) - ContainerBalancer is finding suitable target for source datanode 464059bb-9124-49c2-99d6-bdd949bf83c5
2023-09-08 11:18:59,519 [main] INFO  balancer.ContainerBalancerTask (ContainerBalancerTask.java:matchSourceWithTarget(722)) - ContainerBalancer matched source datanode 464059bb-9124-49c2-99d6-bdd949bf83c5 with target datanode faa0991e-87f5-4348-9a71-84e36f7603a9 for container move.
2023-09-08 11:18:59,519 [main] INFO  balancer.ContainerBalancerTask (ContainerBalancerTask.java:processMoveSelection(569)) - ContainerBalancer is trying to move container #39 with size 4294967296B from source datanode 464059bb-9124-49c2-99d6-bdd949bf83c5 to target datanode faa0991e-87f5-4348-9a71-84e36f7603a9
2023-09-08 11:18:59,519 [main] DEBUG balancer.ContainerBalancerTask (ContainerBalancerTask.java:lambda$moveContainer$3(837)) - Container move completed for container #39 from source 464059bb-9124-49c2-99d6-bdd949bf83c5 to target faa0991e-87f5-4348-9a71-84e36f7603a9
2023-09-08 11:18:59,521 [main] DEBUG balancer.ContainerBalancerTask (ContainerBalancerTask.java:matchSourceWithTarget(708)) - ContainerBalancer is finding suitable target for source datanode 85ab15db-3ad2-4d6d-9eb0-2227c1e80c63
2023-09-08 11:18:59,521 [main] INFO  balancer.ContainerBalancerTask (ContainerBalancerTask.java:matchSourceWithTarget(722)) - ContainerBalancer matched source datanode 85ab15db-3ad2-4d6d-9eb0-2227c1e80c63 with target datanode f52d6f4b-036c-4986-b65f-72517c5c7b6f for container move.
2023-09-08 11:18:59,522 [main] INFO  balancer.ContainerBalancerTask (ContainerBalancerTask.java:processMoveSelection(569)) - ContainerBalancer is trying to move container #40 with size 5368709120B from source datanode 85ab15db-3ad2-4d6d-9eb0-2227c1e80c63 to target datanode f52d6f4b-036c-4986-b65f-72517c5c7b6f
2023-09-08 11:18:59,522 [main] DEBUG balancer.ContainerBalancerTask (ContainerBalancerTask.java:lambda$moveContainer$3(837)) - Container move completed for container #40 from source 85ab15db-3ad2-4d6d-9eb0-2227c1e80c63 to target f52d6f4b-036c-4986-b65f-72517c5c7b6f
2023-09-08 11:18:59,525 [main] DEBUG balancer.ContainerBalancerTask (ContainerBalancerTask.java:matchSourceWithTarget(708)) - ContainerBalancer is finding suitable target for source datanode 033f5b0f-81fa-4ba5-98fb-417d54462df6
2023-09-08 11:18:59,525 [main] INFO  balancer.ContainerBalancerTask (ContainerBalancerTask.java:matchSourceWithTarget(722)) - ContainerBalancer matched source datanode 033f5b0f-81fa-4ba5-98fb-417d54462df6 with target datanode faa0991e-87f5-4348-9a71-84e36f7603a9 for container move.
2023-09-08 11:18:59,525 [main] INFO  balancer.ContainerBalancerTask (ContainerBalancerTask.java:processMoveSelection(569)) - ContainerBalancer is trying to move container #19 with size 4294967296B from source datanode 033f5b0f-81fa-4ba5-98fb-417d54462df6 to target datanode faa0991e-87f5-4348-9a71-84e36f7603a9
2023-09-08 11:18:59,526 [main] DEBUG balancer.ContainerBalancerTask (ContainerBalancerTask.java:lambda$moveContainer$3(837)) - Container move completed for container #19 from source 033f5b0f-81fa-4ba5-98fb-417d54462df6 to target faa0991e-87f5-4348-9a71-84e36f7603a9
2023-09-08 11:18:59,528 [main] DEBUG balancer.ContainerBalancerTask (ContainerBalancerTask.java:matchSourceWithTarget(708)) - ContainerBalancer is finding suitable target for source datanode 6f0e948d-d3f7-4dd9-806b-f49208325d33
2023-09-08 11:18:59,528 [main] INFO  balancer.ContainerBalancerTask (ContainerBalancerTask.java:matchSourceWithTarget(722)) - ContainerBalancer matched source datanode 6f0e948d-d3f7-4dd9-806b-f49208325d33 with target datanode 27ff5598-d008-435f-8a45-78122cf10002 for container move.
2023-09-08 11:18:59,528 [main] INFO  balancer.ContainerBalancerTask (ContainerBalancerTask.java:processMoveSelection(569)) - ContainerBalancer is trying to move container #64 with size 1073741824B from source datanode 6f0e948d-d3f7-4dd9-806b-f49208325d33 to target datanode 27ff5598-d008-435f-8a45-78122cf10002
2023-09-08 11:18:59,529 [main] DEBUG balancer.ContainerBalancerTask (ContainerBalancerTask.java:lambda$moveContainer$3(837)) - Container move completed for container #64 from source 6f0e948d-d3f7-4dd9-806b-f49208325d33 to target 27ff5598-d008-435f-8a45-78122cf10002
2023-09-08 11:18:59,529 [main] WARN  balancer.ContainerBalancerTask (ContainerBalancerTask.java:reachedMaxSizeToMovePerIteration(733)) - Reached max size to move limit. 53687091200 bytes have already been scheduled for balancing and the limit is 53687091200 bytes.
2023-09-08 11:18:59,529 [main] INFO  balancer.ContainerBalancerTask (ContainerBalancerTask.java:checkIterationMoveResults(642)) - Iteration Summary. Number of Datanodes involved: 7. Size moved: 50 GB (53687091200 Bytes). Number of Container moves completed: 12.
2023-09-08 11:18:59,529 [main] INFO  balancer.ContainerBalancerTask (ContainerBalancerTask.java:balance(259)) - Result of this iteration of Container Balancer: ITERATION_COMPLETED
2023-09-08 11:18:59,529 [main] INFO  balancer.ContainerBalancerTask (ContainerBalancerTask.java:tryStopWithSaveConfiguration(308)) - Save Configuration for stopping. Reason: Completed all iterations.
2023-09-08 11:18:59,530 [main] DEBUG balancer.ContainerBalancerTask (ContainerBalancerTask.java:initializeIteration(374)) - Average utilization of the cluster is 0.340830158141845
2023-09-08 11:18:59,530 [main] DEBUG balancer.ContainerBalancerTask (ContainerBalancerTask.java:initializeIteration(386)) - Lower limit for utilization is 0.20335536515518932 and Upper limit for utilization is 0.47830495112850063
2023-09-08 11:18:59,530 [main] DEBUG balancer.ContainerBalancerTask (ContainerBalancerTask.java:initializeIteration(398)) - Utilization for node 033f5b0f-81fa-4ba5-98fb-417d54462df6 with capacity 57266230613B, used 51539607552B, and remaining 5726623061B is 0.9000000000052387
2023-09-08 11:18:59,530 [main] DEBUG balancer.ContainerBalancerTask (ContainerBalancerTask.java:initializeIteration(398)) - Utilization for node 464059bb-9124-49c2-99d6-bdd949bf83c5 with capacity 76504104960B, used 61203283968B, and remaining 15300820992B is 0.8
2023-09-08 11:18:59,530 [main] DEBUG balancer.ContainerBalancerTask (ContainerBalancerTask.java:initializeIteration(398)) - Utilization for node 6f0e948d-d3f7-4dd9-806b-f49208325d33 with capacity 44483589851B, used 31138512896B, and remaining 13345076955B is 0.700000000006744
2023-09-08 11:18:59,530 [main] DEBUG balancer.ContainerBalancerTask (ContainerBalancerTask.java:initializeIteration(398)) - Utilization for node 85ab15db-3ad2-4d6d-9eb0-2227c1e80c63 with capacity 62634939733B, used 37580963840B, and remaining 25053975893B is 0.6000000000031931
2023-09-08 11:18:59,530 [main] DEBUG balancer.ContainerBalancerTask (ContainerBalancerTask.java:initializeIteration(398)) - Utilization for node 77b8b07c-1dfe-407f-8e29-190d2b6b8da3 with capacity 83751862272B, used 41875931136B, and remaining 41875931136B is 0.5
2023-09-08 11:18:59,531 [main] DEBUG balancer.ContainerBalancerTask (ContainerBalancerTask.java:initializeIteration(398)) - Utilization for node 13dd51a3-50bb-4709-bd07-ed54eb99f549 with capacity 136902082560B, used 54760833024B, and remaining 82141249536B is 0.4
2023-09-08 11:18:59,531 [main] DEBUG balancer.ContainerBalancerTask (ContainerBalancerTask.java:initializeIteration(398)) - Utilization for node 2260ca00-150a-4407-aef4-4c26696a81c2 with capacity 132428158293B, used 39728447488B, and remaining 92699710805B is 0.3000000000007551
2023-09-08 11:18:59,531 [main] DEBUG balancer.ContainerBalancerTask (ContainerBalancerTask.java:initializeIteration(398)) - Utilization for node f52d6f4b-036c-4986-b65f-72517c5c7b6f with capacity 198642237440B, used 39728447488B, and remaining 158913789952B is 0.2
2023-09-08 11:18:59,531 [main] DEBUG balancer.ContainerBalancerTask (ContainerBalancerTask.java:initializeIteration(398)) - Utilization for node faa0991e-87f5-4348-9a71-84e36f7603a9 with capacity 300647710720B, used 30064771072B, and remaining 270582939648B is 0.1
2023-09-08 11:18:59,531 [main] DEBUG balancer.ContainerBalancerTask (ContainerBalancerTask.java:initializeIteration(398)) - Utilization for node 27ff5598-d008-435f-8a45-78122cf10002 with capacity 44023414784B, used 0B, and remaining 44023414784B is 0.0
2023-09-08 11:18:59,531 [main] INFO  balancer.ContainerBalancerTask (ContainerBalancerTask.java:initializeIteration(447)) - Container Balancer has identified 5 Over-Utilized and 3 Under-Utilized Datanodes that need to be balanced.
2023-09-08 11:18:59,531 [main] DEBUG balancer.ContainerBalancerTask (ContainerBalancerTask.java:lambda$initializeIteration$1(453)) - Datanode localhost-80.191.15.251 033f5b0f-81fa-4ba5-98fb-417d54462df6 is Over-Utilized.
2023-09-08 11:18:59,531 [main] DEBUG balancer.ContainerBalancerTask (ContainerBalancerTask.java:lambda$initializeIteration$1(453)) - Datanode localhost-119.185.211.138 464059bb-9124-49c2-99d6-bdd949bf83c5 is Over-Utilized.
2023-09-08 11:18:59,531 [main] DEBUG balancer.ContainerBalancerTask (ContainerBalancerTask.java:lambda$initializeIteration$1(453)) - Datanode localhost-175.189.162.212 6f0e948d-d3f7-4dd9-806b-f49208325d33 is Over-Utilized.
2023-09-08 11:18:59,531 [main] DEBUG balancer.ContainerBalancerTask (ContainerBalancerTask.java:lambda$initializeIteration$1(453)) - Datanode localhost-45.212.111.64 85ab15db-3ad2-4d6d-9eb0-2227c1e80c63 is Over-Utilized.
2023-09-08 11:18:59,531 [main] DEBUG balancer.ContainerBalancerTask (ContainerBalancerTask.java:lambda$initializeIteration$1(453)) - Datanode localhost-34.213.184.24 77b8b07c-1dfe-407f-8e29-190d2b6b8da3 is Over-Utilized.
2023-09-08 11:18:59,531 [main] DEBUG balancer.ContainerBalancerTask (ContainerBalancerTask.java:lambda$initializeIteration$2(459)) - Datanode localhost-21.155.139.135 27ff5598-d008-435f-8a45-78122cf10002 is Under-Utilized.
2023-09-08 11:18:59,532 [main] DEBUG balancer.ContainerBalancerTask (ContainerBalancerTask.java:lambda$initializeIteration$2(459)) - Datanode localhost-171.124.219.118 faa0991e-87f5-4348-9a71-84e36f7603a9 is Under-Utilized.
2023-09-08 11:18:59,532 [main] DEBUG balancer.ContainerBalancerTask (ContainerBalancerTask.java:lambda$initializeIteration$2(459)) - Datanode localhost-81.233.26.227 f52d6f4b-036c-4986-b65f-72517c5c7b6f is Under-Utilized.
2023-09-08 11:18:59,534 [main] DEBUG balancer.ContainerBalancerTask (ContainerBalancerTask.java:matchSourceWithTarget(708)) - ContainerBalancer is finding suitable target for source datanode 033f5b0f-81fa-4ba5-98fb-417d54462df6
2023-09-08 11:18:59,535 [main] INFO  balancer.ContainerBalancerTask (ContainerBalancerTask.java:matchSourceWithTarget(722)) - ContainerBalancer matched source datanode 033f5b0f-81fa-4ba5-98fb-417d54462df6 with target datanode 27ff5598-d008-435f-8a45-78122cf10002 for container move.
2023-09-08 11:18:59,535 [main] INFO  balancer.ContainerBalancerTask (ContainerBalancerTask.java:processMoveSelection(569)) - ContainerBalancer is trying to move container #85 with size 5368709120B from source datanode 033f5b0f-81fa-4ba5-98fb-417d54462df6 to target datanode 27ff5598-d008-435f-8a45-78122cf10002
2023-09-08 11:18:59,535 [main] DEBUG balancer.ContainerBalancerTask (ContainerBalancerTask.java:lambda$moveContainer$3(837)) - Container move completed for container #85 from source 033f5b0f-81fa-4ba5-98fb-417d54462df6 to target 27ff5598-d008-435f-8a45-78122cf10002
2023-09-08 11:18:59,538 [main] DEBUG balancer.ContainerBalancerTask (ContainerBalancerTask.java:matchSourceWithTarget(708)) - ContainerBalancer is finding suitable target for source datanode 033f5b0f-81fa-4ba5-98fb-417d54462df6
2023-09-08 11:18:59,538 [main] INFO  balancer.ContainerBalancerTask (ContainerBalancerTask.java:matchSourceWithTarget(722)) - ContainerBalancer matched source datanode 033f5b0f-81fa-4ba5-98fb-417d54462df6 with target datanode faa0991e-87f5-4348-9a71-84e36f7603a9 for container move.
2023-09-08 11:18:59,538 [main] INFO  balancer.ContainerBalancerTask (ContainerBalancerTask.java:processMoveSelection(569)) - ContainerBalancer is trying to move container #89 with size 4294967296B from source datanode 033f5b0f-81fa-4ba5-98fb-417d54462df6 to target datanode faa0991e-87f5-4348-9a71-84e36f7603a9
2023-09-08 11:18:59,538 [main] DEBUG balancer.ContainerBalancerTask (ContainerBalancerTask.java:lambda$moveContainer$3(837)) - Container move completed for container #89 from source 033f5b0f-81fa-4ba5-98fb-417d54462df6 to target faa0991e-87f5-4348-9a71-84e36f7603a9
2023-09-08 11:18:59,541 [main] DEBUG balancer.ContainerBalancerTask (ContainerBalancerTask.java:matchSourceWithTarget(708)) - ContainerBalancer is finding suitable target for source datanode 464059bb-9124-49c2-99d6-bdd949bf83c5
2023-09-08 11:18:59,541 [main] INFO  balancer.ContainerBalancerTask (ContainerBalancerTask.java:matchSourceWithTarget(722)) - ContainerBalancer matched source datanode 464059bb-9124-49c2-99d6-bdd949bf83c5 with target datanode faa0991e-87f5-4348-9a71-84e36f7603a9 for container move.
2023-09-08 11:18:59,541 [main] INFO  balancer.ContainerBalancerTask (ContainerBalancerTask.java:processMoveSelection(569)) - ContainerBalancer is trying to move container #68 with size 5368709120B from source datanode 464059bb-9124-49c2-99d6-bdd949bf83c5 to target datanode faa0991e-87f5-4348-9a71-84e36f7603a9
2023-09-08 11:18:59,541 [main] DEBUG balancer.ContainerBalancerTask (ContainerBalancerTask.java:lambda$moveContainer$3(837)) - Container move completed for container #68 from source 464059bb-9124-49c2-99d6-bdd949bf83c5 to target faa0991e-87f5-4348-9a71-84e36f7603a9
2023-09-08 11:18:59,544 [main] DEBUG balancer.ContainerBalancerTask (ContainerBalancerTask.java:matchSourceWithTarget(708)) - ContainerBalancer is finding suitable target for source datanode 033f5b0f-81fa-4ba5-98fb-417d54462df6
2023-09-08 11:18:59,544 [main] INFO  balancer.ContainerBalancerTask (ContainerBalancerTask.java:matchSourceWithTarget(722)) - ContainerBalancer matched source datanode 033f5b0f-81fa-4ba5-98fb-417d54462df6 with target datanode 27ff5598-d008-435f-8a45-78122cf10002 for container move.
2023-09-08 11:18:59,544 [main] INFO  balancer.ContainerBalancerTask (ContainerBalancerTask.java:processMoveSelection(569)) - ContainerBalancer is trying to move container #84 with size 4294967296B from source datanode 033f5b0f-81fa-4ba5-98fb-417d54462df6 to target datanode 27ff5598-d008-435f-8a45-78122cf10002
2023-09-08 11:18:59,545 [main] DEBUG balancer.ContainerBalancerTask (ContainerBalancerTask.java:lambda$moveContainer$3(837)) - Container move completed for container #84 from source 033f5b0f-81fa-4ba5-98fb-417d54462df6 to target 27ff5598-d008-435f-8a45-78122cf10002
2023-09-08 11:18:59,548 [main] DEBUG balancer.ContainerBalancerTask (ContainerBalancerTask.java:matchSourceWithTarget(708)) - ContainerBalancer is finding suitable target for source datanode 464059bb-9124-49c2-99d6-bdd949bf83c5
2023-09-08 11:18:59,548 [main] INFO  balancer.ContainerBalancerTask (ContainerBalancerTask.java:matchSourceWithTarget(722)) - ContainerBalancer matched source datanode 464059bb-9124-49c2-99d6-bdd949bf83c5 with target datanode faa0991e-87f5-4348-9a71-84e36f7603a9 for container move.
2023-09-08 11:18:59,548 [main] INFO  balancer.ContainerBalancerTask (ContainerBalancerTask.java:processMoveSelection(569)) - ContainerBalancer is trying to move container #29 with size 5368709120B from source datanode 464059bb-9124-49c2-99d6-bdd949bf83c5 to target datanode faa0991e-87f5-4348-9a71-84e36f7603a9
2023-09-08 11:18:59,548 [main] DEBUG balancer.ContainerBalancerTask (ContainerBalancerTask.java:lambda$moveContainer$3(837)) - Container move completed for container #29 from source 464059bb-9124-49c2-99d6-bdd949bf83c5 to target faa0991e-87f5-4348-9a71-84e36f7603a9
2023-09-08 11:18:59,550 [main] DEBUG balancer.ContainerBalancerTask (ContainerBalancerTask.java:matchSourceWithTarget(708)) - ContainerBalancer is finding suitable target for source datanode 6f0e948d-d3f7-4dd9-806b-f49208325d33
2023-09-08 11:18:59,550 [main] INFO  balancer.ContainerBalancerTask (ContainerBalancerTask.java:matchSourceWithTarget(722)) - ContainerBalancer matched source datanode 6f0e948d-d3f7-4dd9-806b-f49208325d33 with target datanode faa0991e-87f5-4348-9a71-84e36f7603a9 for container move.
2023-09-08 11:18:59,550 [main] INFO  balancer.ContainerBalancerTask (ContainerBalancerTask.java:processMoveSelection(569)) - ContainerBalancer is trying to move container #53 with size 5368709120B from source datanode 6f0e948d-d3f7-4dd9-806b-f49208325d33 to target datanode faa0991e-87f5-4348-9a71-84e36f7603a9
2023-09-08 11:18:59,550 [main] DEBUG balancer.ContainerBalancerTask (ContainerBalancerTask.java:lambda$moveContainer$3(837)) - Container move completed for container #53 from source 6f0e948d-d3f7-4dd9-806b-f49208325d33 to target faa0991e-87f5-4348-9a71-84e36f7603a9
2023-09-08 11:18:59,553 [main] DEBUG balancer.ContainerBalancerTask (ContainerBalancerTask.java:matchSourceWithTarget(708)) - ContainerBalancer is finding suitable target for source datanode 464059bb-9124-49c2-99d6-bdd949bf83c5
2023-09-08 11:18:59,554 [main] INFO  balancer.ContainerBalancerTask (ContainerBalancerTask.java:matchSourceWithTarget(722)) - ContainerBalancer matched source datanode 464059bb-9124-49c2-99d6-bdd949bf83c5 with target datanode faa0991e-87f5-4348-9a71-84e36f7603a9 for container move.
2023-09-08 11:18:59,554 [main] INFO  balancer.ContainerBalancerTask (ContainerBalancerTask.java:processMoveSelection(569)) - ContainerBalancer is trying to move container #67 with size 4294967296B from source datanode 464059bb-9124-49c2-99d6-bdd949bf83c5 to target datanode faa0991e-87f5-4348-9a71-84e36f7603a9
2023-09-08 11:18:59,554 [main] DEBUG balancer.ContainerBalancerTask (ContainerBalancerTask.java:lambda$moveContainer$3(837)) - Container move completed for container #67 from source 464059bb-9124-49c2-99d6-bdd949bf83c5 to target faa0991e-87f5-4348-9a71-84e36f7603a9
2023-09-08 11:18:59,557 [main] DEBUG balancer.ContainerBalancerTask (ContainerBalancerTask.java:matchSourceWithTarget(708)) - ContainerBalancer is finding suitable target for source datanode 033f5b0f-81fa-4ba5-98fb-417d54462df6
2023-09-08 11:18:59,557 [main] INFO  balancer.ContainerBalancerTask (ContainerBalancerTask.java:matchSourceWithTarget(722)) - ContainerBalancer matched source datanode 033f5b0f-81fa-4ba5-98fb-417d54462df6 with target datanode faa0991e-87f5-4348-9a71-84e36f7603a9 for container move.
2023-09-08 11:18:59,557 [main] INFO  balancer.ContainerBalancerTask (ContainerBalancerTask.java:processMoveSelection(569)) - ContainerBalancer is trying to move container #52 with size 4294967296B from source datanode 033f5b0f-81fa-4ba5-98fb-417d54462df6 to target datanode faa0991e-87f5-4348-9a71-84e36f7603a9
2023-09-08 11:18:59,557 [main] DEBUG balancer.ContainerBalancerTask (ContainerBalancerTask.java:lambda$moveContainer$3(837)) - Container move completed for container #52 from source 033f5b0f-81fa-4ba5-98fb-417d54462df6 to target faa0991e-87f5-4348-9a71-84e36f7603a9
2023-09-08 11:18:59,560 [main] DEBUG balancer.ContainerBalancerTask (ContainerBalancerTask.java:matchSourceWithTarget(708)) - ContainerBalancer is finding suitable target for source datanode 464059bb-9124-49c2-99d6-bdd949bf83c5
2023-09-08 11:18:59,561 [main] INFO  balancer.ContainerBalancerTask (ContainerBalancerTask.java:matchSourceWithTarget(722)) - ContainerBalancer matched source datanode 464059bb-9124-49c2-99d6-bdd949bf83c5 with target datanode faa0991e-87f5-4348-9a71-84e36f7603a9 for container move.
2023-09-08 11:18:59,561 [main] INFO  balancer.ContainerBalancerTask (ContainerBalancerTask.java:processMoveSelection(569)) - ContainerBalancer is trying to move container #39 with size 4294967296B from source datanode 464059bb-9124-49c2-99d6-bdd949bf83c5 to target datanode faa0991e-87f5-4348-9a71-84e36f7603a9
2023-09-08 11:18:59,561 [main] DEBUG balancer.ContainerBalancerTask (ContainerBalancerTask.java:lambda$moveContainer$3(837)) - Container move completed for container #39 from source 464059bb-9124-49c2-99d6-bdd949bf83c5 to target faa0991e-87f5-4348-9a71-84e36f7603a9
2023-09-08 11:18:59,563 [main] DEBUG balancer.ContainerBalancerTask (ContainerBalancerTask.java:matchSourceWithTarget(708)) - ContainerBalancer is finding suitable target for source datanode 85ab15db-3ad2-4d6d-9eb0-2227c1e80c63
2023-09-08 11:18:59,563 [main] INFO  balancer.ContainerBalancerTask (ContainerBalancerTask.java:matchSourceWithTarget(722)) - ContainerBalancer matched source datanode 85ab15db-3ad2-4d6d-9eb0-2227c1e80c63 with target datanode f52d6f4b-036c-4986-b65f-72517c5c7b6f for container move.
2023-09-08 11:18:59,564 [main] INFO  balancer.ContainerBalancerTask (ContainerBalancerTask.java:processMoveSelection(569)) - ContainerBalancer is trying to move container #40 with size 5368709120B from source datanode 85ab15db-3ad2-4d6d-9eb0-2227c1e80c63 to target datanode f52d6f4b-036c-4986-b65f-72517c5c7b6f
2023-09-08 11:18:59,564 [main] DEBUG balancer.ContainerBalancerTask (ContainerBalancerTask.java:lambda$moveContainer$3(837)) - Container move completed for container #40 from source 85ab15db-3ad2-4d6d-9eb0-2227c1e80c63 to target f52d6f4b-036c-4986-b65f-72517c5c7b6f
2023-09-08 11:18:59,567 [main] DEBUG balancer.ContainerBalancerTask (ContainerBalancerTask.java:matchSourceWithTarget(708)) - ContainerBalancer is finding suitable target for source datanode 033f5b0f-81fa-4ba5-98fb-417d54462df6
2023-09-08 11:18:59,567 [main] INFO  balancer.ContainerBalancerTask (ContainerBalancerTask.java:matchSourceWithTarget(722)) - ContainerBalancer matched source datanode 033f5b0f-81fa-4ba5-98fb-417d54462df6 with target datanode faa0991e-87f5-4348-9a71-84e36f7603a9 for container move.
2023-09-08 11:18:59,567 [main] INFO  balancer.ContainerBalancerTask (ContainerBalancerTask.java:processMoveSelection(569)) - ContainerBalancer is trying to move container #19 with size 4294967296B from source datanode 033f5b0f-81fa-4ba5-98fb-417d54462df6 to target datanode faa0991e-87f5-4348-9a71-84e36f7603a9
2023-09-08 11:18:59,568 [main] DEBUG balancer.ContainerBalancerTask (ContainerBalancerTask.java:lambda$moveContainer$3(837)) - Container move completed for container #19 from source 033f5b0f-81fa-4ba5-98fb-417d54462df6 to target faa0991e-87f5-4348-9a71-84e36f7603a9
2023-09-08 11:18:59,570 [main] DEBUG balancer.ContainerBalancerTask (ContainerBalancerTask.java:matchSourceWithTarget(708)) - ContainerBalancer is finding suitable target for source datanode 6f0e948d-d3f7-4dd9-806b-f49208325d33
2023-09-08 11:18:59,570 [main] INFO  balancer.ContainerBalancerTask (ContainerBalancerTask.java:matchSourceWithTarget(722)) - ContainerBalancer matched source datanode 6f0e948d-d3f7-4dd9-806b-f49208325d33 with target datanode 27ff5598-d008-435f-8a45-78122cf10002 for container move.
2023-09-08 11:18:59,570 [main] INFO  balancer.ContainerBalancerTask (ContainerBalancerTask.java:processMoveSelection(569)) - ContainerBalancer is trying to move container #64 with size 1073741824B from source datanode 6f0e948d-d3f7-4dd9-806b-f49208325d33 to target datanode 27ff5598-d008-435f-8a45-78122cf10002
2023-09-08 11:18:59,570 [main] DEBUG balancer.ContainerBalancerTask (ContainerBalancerTask.java:lambda$moveContainer$3(837)) - Container move completed for container #64 from source 6f0e948d-d3f7-4dd9-806b-f49208325d33 to target 27ff5598-d008-435f-8a45-78122cf10002
2023-09-08 11:18:59,571 [main] WARN  balancer.ContainerBalancerTask (ContainerBalancerTask.java:reachedMaxSizeToMovePerIteration(733)) - Reached max size to move limit. 53687091200 bytes have already been scheduled for balancing and the limit is 53687091200 bytes.
2023-09-08 11:18:59,571 [main] INFO  balancer.ContainerBalancerTask (ContainerBalancerTask.java:checkIterationMoveResults(642)) - Iteration Summary. Number of Datanodes involved: 7. Size moved: 50 GB (53687091200 Bytes). Number of Container moves completed: 12.
2023-09-08 11:18:59,571 [main] INFO  balancer.ContainerBalancerTask (ContainerBalancerTask.java:balance(259)) - Result of this iteration of Container Balancer: ITERATION_COMPLETED
2023-09-08 11:18:59,571 [main] INFO  balancer.ContainerBalancerTask (ContainerBalancerTask.java:tryStopWithSaveConfiguration(308)) - Save Configuration for stopping. Reason: Completed all iterations.
2023-09-08 11:18:59,572 [main] DEBUG balancer.ContainerBalancerTask (ContainerBalancerTask.java:initializeIteration(374)) - Average utilization of the cluster is 0.340830158141845
2023-09-08 11:18:59,572 [main] DEBUG balancer.ContainerBalancerTask (ContainerBalancerTask.java:initializeIteration(386)) - Lower limit for utilization is -0.14231196022420706 and Upper limit for utilization is 0.823972276507897
2023-09-08 11:18:59,572 [main] DEBUG balancer.ContainerBalancerTask (ContainerBalancerTask.java:initializeIteration(398)) - Utilization for node 033f5b0f-81fa-4ba5-98fb-417d54462df6 with capacity 57266230613B, used 51539607552B, and remaining 5726623061B is 0.9000000000052387
2023-09-08 11:18:59,572 [main] DEBUG balancer.ContainerBalancerTask (ContainerBalancerTask.java:initializeIteration(398)) - Utilization for node 464059bb-9124-49c2-99d6-bdd949bf83c5 with capacity 76504104960B, used 61203283968B, and remaining 15300820992B is 0.8
2023-09-08 11:18:59,572 [main] DEBUG balancer.ContainerBalancerTask (ContainerBalancerTask.java:initializeIteration(398)) - Utilization for node 6f0e948d-d3f7-4dd9-806b-f49208325d33 with capacity 44483589851B, used 31138512896B, and remaining 13345076955B is 0.700000000006744
2023-09-08 11:18:59,572 [main] DEBUG balancer.ContainerBalancerTask (ContainerBalancerTask.java:initializeIteration(398)) - Utilization for node 85ab15db-3ad2-4d6d-9eb0-2227c1e80c63 with capacity 62634939733B, used 37580963840B, and remaining 25053975893B is 0.6000000000031931
2023-09-08 11:18:59,572 [main] DEBUG balancer.ContainerBalancerTask (ContainerBalancerTask.java:initializeIteration(398)) - Utilization for node 77b8b07c-1dfe-407f-8e29-190d2b6b8da3 with capacity 83751862272B, used 41875931136B, and remaining 41875931136B is 0.5
2023-09-08 11:18:59,572 [main] DEBUG balancer.ContainerBalancerTask (ContainerBalancerTask.java:initializeIteration(398)) - Utilization for node 13dd51a3-50bb-4709-bd07-ed54eb99f549 with capacity 136902082560B, used 54760833024B, and remaining 82141249536B is 0.4
2023-09-08 11:18:59,574 [main] DEBUG balancer.ContainerBalancerTask (ContainerBalancerTask.java:initializeIteration(398)) - Utilization for node 2260ca00-150a-4407-aef4-4c26696a81c2 with capacity 132428158293B, used 39728447488B, and remaining 92699710805B is 0.3000000000007551
2023-09-08 11:18:59,574 [main] DEBUG balancer.ContainerBalancerTask (ContainerBalancerTask.java:initializeIteration(398)) - Utilization for node f52d6f4b-036c-4986-b65f-72517c5c7b6f with capacity 198642237440B, used 39728447488B, and remaining 158913789952B is 0.2
2023-09-08 11:18:59,574 [main] DEBUG balancer.ContainerBalancerTask (ContainerBalancerTask.java:initializeIteration(398)) - Utilization for node faa0991e-87f5-4348-9a71-84e36f7603a9 with capacity 300647710720B, used 30064771072B, and remaining 270582939648B is 0.1
2023-09-08 11:18:59,574 [main] DEBUG balancer.ContainerBalancerTask (ContainerBalancerTask.java:initializeIteration(398)) - Utilization for node 27ff5598-d008-435f-8a45-78122cf10002 with capacity 44023414784B, used 0B, and remaining 44023414784B is 0.0
2023-09-08 11:18:59,575 [main] INFO  balancer.ContainerBalancerTask (ContainerBalancerTask.java:initializeIteration(447)) - Container Balancer has identified 1 Over-Utilized and 0 Under-Utilized Datanodes that need to be balanced.
2023-09-08 11:18:59,575 [main] DEBUG balancer.ContainerBalancerTask (ContainerBalancerTask.java:lambda$initializeIteration$1(453)) - Datanode localhost-80.191.15.251 033f5b0f-81fa-4ba5-98fb-417d54462df6 is Over-Utilized.
2023-09-08 11:18:59,577 [main] DEBUG balancer.ContainerBalancerTask (ContainerBalancerTask.java:matchSourceWithTarget(708)) - ContainerBalancer is finding suitable target for source datanode 033f5b0f-81fa-4ba5-98fb-417d54462df6
2023-09-08 11:18:59,577 [main] INFO  balancer.FindTargetGreedyByUsageInfo (AbstractFindTargetGreedy.java:findTargetForContainerMove(133)) - Container Balancer could not find a target for source datanode 033f5b0f-81fa-4ba5-98fb-417d54462df6
2023-09-08 11:18:59,578 [main] DEBUG balancer.ContainerBalancerTask (ContainerBalancerTask.java:matchSourceWithTarget(717)) - ContainerBalancer could not find a suitable target for source node 033f5b0f-81fa-4ba5-98fb-417d54462df6.
2023-09-08 11:18:59,578 [main] INFO  balancer.FindSourceGreedy (FindSourceGreedy.java:getNextCandidateSourceDataNode(126)) - no more candidate source data node
2023-09-08 11:18:59,578 [main] INFO  balancer.ContainerBalancerTask (ContainerBalancerTask.java:balance(259)) - Result of this iteration of Container Balancer: CAN_NOT_BALANCE_ANY_MORE
2023-09-08 11:18:59,578 [main] INFO  balancer.ContainerBalancerTask (ContainerBalancerTask.java:tryStopWithSaveConfiguration(308)) - Save Configuration for stopping. Reason: CAN_NOT_BALANCE_ANY_MORE
2023-09-08 11:18:59,579 [main] DEBUG balancer.ContainerBalancerTask (ContainerBalancerTask.java:initializeIteration(374)) - Average utilization of the cluster is 0.340830158141845
2023-09-08 11:18:59,579 [main] DEBUG balancer.ContainerBalancerTask (ContainerBalancerTask.java:initializeIteration(386)) - Lower limit for utilization is -0.2713110628216194 and Upper limit for utilization is 0.9529713791053094
2023-09-08 11:18:59,579 [main] DEBUG balancer.ContainerBalancerTask (ContainerBalancerTask.java:initializeIteration(398)) - Utilization for node 033f5b0f-81fa-4ba5-98fb-417d54462df6 with capacity 57266230613B, used 51539607552B, and remaining 5726623061B is 0.9000000000052387
2023-09-08 11:18:59,579 [main] DEBUG balancer.ContainerBalancerTask (ContainerBalancerTask.java:initializeIteration(398)) - Utilization for node 464059bb-9124-49c2-99d6-bdd949bf83c5 with capacity 76504104960B, used 61203283968B, and remaining 15300820992B is 0.8
2023-09-08 11:18:59,579 [main] DEBUG balancer.ContainerBalancerTask (ContainerBalancerTask.java:initializeIteration(398)) - Utilization for node 6f0e948d-d3f7-4dd9-806b-f49208325d33 with capacity 44483589851B, used 31138512896B, and remaining 13345076955B is 0.700000000006744
2023-09-08 11:18:59,579 [main] DEBUG balancer.ContainerBalancerTask (ContainerBalancerTask.java:initializeIteration(398)) - Utilization for node 85ab15db-3ad2-4d6d-9eb0-2227c1e80c63 with capacity 62634939733B, used 37580963840B, and remaining 25053975893B is 0.6000000000031931
2023-09-08 11:18:59,579 [main] DEBUG balancer.ContainerBalancerTask (ContainerBalancerTask.java:initializeIteration(398)) - Utilization for node 77b8b07c-1dfe-407f-8e29-190d2b6b8da3 with capacity 83751862272B, used 41875931136B, and remaining 41875931136B is 0.5
2023-09-08 11:18:59,579 [main] DEBUG balancer.ContainerBalancerTask (ContainerBalancerTask.java:initializeIteration(398)) - Utilization for node 13dd51a3-50bb-4709-bd07-ed54eb99f549 with capacity 136902082560B, used 54760833024B, and remaining 82141249536B is 0.4
2023-09-08 11:18:59,579 [main] DEBUG balancer.ContainerBalancerTask (ContainerBalancerTask.java:initializeIteration(398)) - Utilization for node 2260ca00-150a-4407-aef4-4c26696a81c2 with capacity 132428158293B, used 39728447488B, and remaining 92699710805B is 0.3000000000007551
2023-09-08 11:18:59,579 [main] DEBUG balancer.ContainerBalancerTask (ContainerBalancerTask.java:initializeIteration(398)) - Utilization for node f52d6f4b-036c-4986-b65f-72517c5c7b6f with capacity 198642237440B, used 39728447488B, and remaining 158913789952B is 0.2
2023-09-08 11:18:59,579 [main] DEBUG balancer.ContainerBalancerTask (ContainerBalancerTask.java:initializeIteration(398)) - Utilization for node faa0991e-87f5-4348-9a71-84e36f7603a9 with capacity 300647710720B, used 30064771072B, and remaining 270582939648B is 0.1
2023-09-08 11:18:59,580 [main] DEBUG balancer.ContainerBalancerTask (ContainerBalancerTask.java:initializeIteration(398)) - Utilization for node 27ff5598-d008-435f-8a45-78122cf10002 with capacity 44023414784B, used 0B, and remaining 44023414784B is 0.0
2023-09-08 11:18:59,580 [main] INFO  balancer.ContainerBalancerTask (ContainerBalancerTask.java:initializeIteration(443)) - Did not find any unbalanced Datanodes.
2023-09-08 11:18:59,580 [main] INFO  balancer.ContainerBalancerTask (ContainerBalancerTask.java:tryStopWithSaveConfiguration(308)) - Save Configuration for stopping. Reason: Could not initialize ContainerBalancer's iteration number 0
2023-09-08 11:18:59,580 [main] DEBUG balancer.ContainerBalancerTask (ContainerBalancerTask.java:initializeIteration(374)) - Average utilization of the cluster is 0.340830158141845
2023-09-08 11:18:59,581 [main] DEBUG balancer.ContainerBalancerTask (ContainerBalancerTask.java:initializeIteration(386)) - Lower limit for utilization is -0.41607001573961594 and Upper limit for utilization is 1.0977303320233058
2023-09-08 11:18:59,581 [main] DEBUG balancer.ContainerBalancerTask (ContainerBalancerTask.java:initializeIteration(398)) - Utilization for node 033f5b0f-81fa-4ba5-98fb-417d54462df6 with capacity 57266230613B, used 51539607552B, and remaining 5726623061B is 0.9000000000052387
2023-09-08 11:18:59,581 [main] DEBUG balancer.ContainerBalancerTask (ContainerBalancerTask.java:initializeIteration(398)) - Utilization for node 464059bb-9124-49c2-99d6-bdd949bf83c5 with capacity 76504104960B, used 61203283968B, and remaining 15300820992B is 0.8
2023-09-08 11:18:59,581 [main] DEBUG balancer.ContainerBalancerTask (ContainerBalancerTask.java:initializeIteration(398)) - Utilization for node 6f0e948d-d3f7-4dd9-806b-f49208325d33 with capacity 44483589851B, used 31138512896B, and remaining 13345076955B is 0.700000000006744
2023-09-08 11:18:59,581 [main] DEBUG balancer.ContainerBalancerTask (ContainerBalancerTask.java:initializeIteration(398)) - Utilization for node 85ab15db-3ad2-4d6d-9eb0-2227c1e80c63 with capacity 62634939733B, used 37580963840B, and remaining 25053975893B is 0.6000000000031931
2023-09-08 11:18:59,581 [main] DEBUG balancer.ContainerBalancerTask (ContainerBalancerTask.java:initializeIteration(398)) - Utilization for node 77b8b07c-1dfe-407f-8e29-190d2b6b8da3 with capacity 83751862272B, used 41875931136B, and remaining 41875931136B is 0.5
2023-09-08 11:18:59,581 [main] DEBUG balancer.ContainerBalancerTask (ContainerBalancerTask.java:initializeIteration(398)) - Utilization for node 13dd51a3-50bb-4709-bd07-ed54eb99f549 with capacity 136902082560B, used 54760833024B, and remaining 82141249536B is 0.4
2023-09-08 11:18:59,581 [main] DEBUG balancer.ContainerBalancerTask (ContainerBalancerTask.java:initializeIteration(398)) - Utilization for node 2260ca00-150a-4407-aef4-4c26696a81c2 with capacity 132428158293B, used 39728447488B, and remaining 92699710805B is 0.3000000000007551
2023-09-08 11:18:59,581 [main] DEBUG balancer.ContainerBalancerTask (ContainerBalancerTask.java:initializeIteration(398)) - Utilization for node f52d6f4b-036c-4986-b65f-72517c5c7b6f with capacity 198642237440B, used 39728447488B, and remaining 158913789952B is 0.2
2023-09-08 11:18:59,581 [main] DEBUG balancer.ContainerBalancerTask (ContainerBalancerTask.java:initializeIteration(398)) - Utilization for node faa0991e-87f5-4348-9a71-84e36f7603a9 with capacity 300647710720B, used 30064771072B, and remaining 270582939648B is 0.1
2023-09-08 11:18:59,581 [main] DEBUG balancer.ContainerBalancerTask (ContainerBalancerTask.java:initializeIteration(398)) - Utilization for node 27ff5598-d008-435f-8a45-78122cf10002 with capacity 44023414784B, used 0B, and remaining 44023414784B is 0.0
2023-09-08 11:18:59,581 [main] INFO  balancer.ContainerBalancerTask (ContainerBalancerTask.java:initializeIteration(443)) - Did not find any unbalanced Datanodes.
2023-09-08 11:18:59,582 [main] INFO  balancer.ContainerBalancerTask (ContainerBalancerTask.java:tryStopWithSaveConfiguration(308)) - Save Configuration for stopping. Reason: Could not initialize ContainerBalancer's iteration number 0
2023-09-08 11:18:59,582 [main] DEBUG balancer.ContainerBalancerTask (ContainerBalancerTask.java:initializeIteration(374)) - Average utilization of the cluster is 0.340830158141845
2023-09-08 11:18:59,582 [main] DEBUG balancer.ContainerBalancerTask (ContainerBalancerTask.java:initializeIteration(386)) - Lower limit for utilization is -0.19352996839172593 and Upper limit for utilization is 0.8751902846754158
2023-09-08 11:18:59,582 [main] DEBUG balancer.ContainerBalancerTask (ContainerBalancerTask.java:initializeIteration(398)) - Utilization for node 033f5b0f-81fa-4ba5-98fb-417d54462df6 with capacity 57266230613B, used 51539607552B, and remaining 5726623061B is 0.9000000000052387
2023-09-08 11:18:59,583 [main] DEBUG balancer.ContainerBalancerTask (ContainerBalancerTask.java:initializeIteration(398)) - Utilization for node 464059bb-9124-49c2-99d6-bdd949bf83c5 with capacity 76504104960B, used 61203283968B, and remaining 15300820992B is 0.8
2023-09-08 11:18:59,583 [main] DEBUG balancer.ContainerBalancerTask (ContainerBalancerTask.java:initializeIteration(398)) - Utilization for node 6f0e948d-d3f7-4dd9-806b-f49208325d33 with capacity 44483589851B, used 31138512896B, and remaining 13345076955B is 0.700000000006744
2023-09-08 11:18:59,583 [main] DEBUG balancer.ContainerBalancerTask (ContainerBalancerTask.java:initializeIteration(398)) - Utilization for node 85ab15db-3ad2-4d6d-9eb0-2227c1e80c63 with capacity 62634939733B, used 37580963840B, and remaining 25053975893B is 0.6000000000031931
2023-09-08 11:18:59,583 [main] DEBUG balancer.ContainerBalancerTask (ContainerBalancerTask.java:initializeIteration(398)) - Utilization for node 77b8b07c-1dfe-407f-8e29-190d2b6b8da3 with capacity 83751862272B, used 41875931136B, and remaining 41875931136B is 0.5
2023-09-08 11:18:59,583 [main] DEBUG balancer.ContainerBalancerTask (ContainerBalancerTask.java:initializeIteration(398)) - Utilization for node 13dd51a3-50bb-4709-bd07-ed54eb99f549 with capacity 136902082560B, used 54760833024B, and remaining 82141249536B is 0.4
2023-09-08 11:18:59,583 [main] DEBUG balancer.ContainerBalancerTask (ContainerBalancerTask.java:initializeIteration(398)) - Utilization for node 2260ca00-150a-4407-aef4-4c26696a81c2 with capacity 132428158293B, used 39728447488B, and remaining 92699710805B is 0.3000000000007551
2023-09-08 11:18:59,583 [main] DEBUG balancer.ContainerBalancerTask (ContainerBalancerTask.java:initializeIteration(398)) - Utilization for node f52d6f4b-036c-4986-b65f-72517c5c7b6f with capacity 198642237440B, used 39728447488B, and remaining 158913789952B is 0.2
2023-09-08 11:18:59,583 [main] DEBUG balancer.ContainerBalancerTask (ContainerBalancerTask.java:initializeIteration(398)) - Utilization for node faa0991e-87f5-4348-9a71-84e36f7603a9 with capacity 300647710720B, used 30064771072B, and remaining 270582939648B is 0.1
2023-09-08 11:18:59,583 [main] DEBUG balancer.ContainerBalancerTask (ContainerBalancerTask.java:initializeIteration(398)) - Utilization for node 27ff5598-d008-435f-8a45-78122cf10002 with capacity 44023414784B, used 0B, and remaining 44023414784B is 0.0
2023-09-08 11:18:59,583 [main] INFO  balancer.ContainerBalancerTask (ContainerBalancerTask.java:initializeIteration(447)) - Container Balancer has identified 1 Over-Utilized and 0 Under-Utilized Datanodes that need to be balanced.
2023-09-08 11:18:59,583 [main] DEBUG balancer.ContainerBalancerTask (ContainerBalancerTask.java:lambda$initializeIteration$1(453)) - Datanode localhost-80.191.15.251 033f5b0f-81fa-4ba5-98fb-417d54462df6 is Over-Utilized.
2023-09-08 11:18:59,586 [main] DEBUG balancer.ContainerBalancerTask (ContainerBalancerTask.java:matchSourceWithTarget(708)) - ContainerBalancer is finding suitable target for source datanode 033f5b0f-81fa-4ba5-98fb-417d54462df6
2023-09-08 11:18:59,586 [main] INFO  balancer.FindTargetGreedyByUsageInfo (AbstractFindTargetGreedy.java:findTargetForContainerMove(133)) - Container Balancer could not find a target for source datanode 033f5b0f-81fa-4ba5-98fb-417d54462df6
2023-09-08 11:18:59,586 [main] DEBUG balancer.ContainerBalancerTask (ContainerBalancerTask.java:matchSourceWithTarget(717)) - ContainerBalancer could not find a suitable target for source node 033f5b0f-81fa-4ba5-98fb-417d54462df6.
2023-09-08 11:18:59,586 [main] INFO  balancer.FindSourceGreedy (FindSourceGreedy.java:getNextCandidateSourceDataNode(126)) - no more candidate source data node
2023-09-08 11:18:59,586 [main] INFO  balancer.ContainerBalancerTask (ContainerBalancerTask.java:balance(259)) - Result of this iteration of Container Balancer: CAN_NOT_BALANCE_ANY_MORE
2023-09-08 11:18:59,587 [main] INFO  balancer.ContainerBalancerTask (ContainerBalancerTask.java:tryStopWithSaveConfiguration(308)) - Save Configuration for stopping. Reason: CAN_NOT_BALANCE_ANY_MORE
2023-09-08 11:18:59,587 [main] DEBUG balancer.ContainerBalancerTask (ContainerBalancerTask.java:initializeIteration(374)) - Average utilization of the cluster is 0.340830158141845
2023-09-08 11:18:59,587 [main] DEBUG balancer.ContainerBalancerTask (ContainerBalancerTask.java:initializeIteration(386)) - Lower limit for utilization is -0.45561685342150376 and Upper limit for utilization is 1.1372771697051938
2023-09-08 11:18:59,587 [main] DEBUG balancer.ContainerBalancerTask (ContainerBalancerTask.java:initializeIteration(398)) - Utilization for node 033f5b0f-81fa-4ba5-98fb-417d54462df6 with capacity 57266230613B, used 51539607552B, and remaining 5726623061B is 0.9000000000052387
2023-09-08 11:18:59,588 [main] DEBUG balancer.ContainerBalancerTask (ContainerBalancerTask.java:initializeIteration(398)) - Utilization for node 464059bb-9124-49c2-99d6-bdd949bf83c5 with capacity 76504104960B, used 61203283968B, and remaining 15300820992B is 0.8
2023-09-08 11:18:59,588 [main] DEBUG balancer.ContainerBalancerTask (ContainerBalancerTask.java:initializeIteration(398)) - Utilization for node 6f0e948d-d3f7-4dd9-806b-f49208325d33 with capacity 44483589851B, used 31138512896B, and remaining 13345076955B is 0.700000000006744
2023-09-08 11:18:59,588 [main] DEBUG balancer.ContainerBalancerTask (ContainerBalancerTask.java:initializeIteration(398)) - Utilization for node 85ab15db-3ad2-4d6d-9eb0-2227c1e80c63 with capacity 62634939733B, used 37580963840B, and remaining 25053975893B is 0.6000000000031931
2023-09-08 11:18:59,588 [main] DEBUG balancer.ContainerBalancerTask (ContainerBalancerTask.java:initializeIteration(398)) - Utilization for node 77b8b07c-1dfe-407f-8e29-190d2b6b8da3 with capacity 83751862272B, used 41875931136B, and remaining 41875931136B is 0.5
2023-09-08 11:18:59,588 [main] DEBUG balancer.ContainerBalancerTask (ContainerBalancerTask.java:initializeIteration(398)) - Utilization for node 13dd51a3-50bb-4709-bd07-ed54eb99f549 with capacity 136902082560B, used 54760833024B, and remaining 82141249536B is 0.4
2023-09-08 11:18:59,588 [main] DEBUG balancer.ContainerBalancerTask (ContainerBalancerTask.java:initializeIteration(398)) - Utilization for node 2260ca00-150a-4407-aef4-4c26696a81c2 with capacity 132428158293B, used 39728447488B, and remaining 92699710805B is 0.3000000000007551
2023-09-08 11:18:59,588 [main] DEBUG balancer.ContainerBalancerTask (ContainerBalancerTask.java:initializeIteration(398)) - Utilization for node f52d6f4b-036c-4986-b65f-72517c5c7b6f with capacity 198642237440B, used 39728447488B, and remaining 158913789952B is 0.2
2023-09-08 11:18:59,588 [main] DEBUG balancer.ContainerBalancerTask (ContainerBalancerTask.java:initializeIteration(398)) - Utilization for node faa0991e-87f5-4348-9a71-84e36f7603a9 with capacity 300647710720B, used 30064771072B, and remaining 270582939648B is 0.1
2023-09-08 11:18:59,588 [main] DEBUG balancer.ContainerBalancerTask (ContainerBalancerTask.java:initializeIteration(398)) - Utilization for node 27ff5598-d008-435f-8a45-78122cf10002 with capacity 44023414784B, used 0B, and remaining 44023414784B is 0.0
2023-09-08 11:18:59,588 [main] INFO  balancer.ContainerBalancerTask (ContainerBalancerTask.java:initializeIteration(443)) - Did not find any unbalanced Datanodes.
2023-09-08 11:18:59,588 [main] INFO  balancer.ContainerBalancerTask (ContainerBalancerTask.java:tryStopWithSaveConfiguration(308)) - Save Configuration for stopping. Reason: Could not initialize ContainerBalancer's iteration number 0
2023-09-08 11:18:59,589 [main] DEBUG balancer.ContainerBalancerTask (ContainerBalancerTask.java:initializeIteration(374)) - Average utilization of the cluster is 0.340830158141845
2023-09-08 11:18:59,589 [main] DEBUG balancer.ContainerBalancerTask (ContainerBalancerTask.java:initializeIteration(386)) - Lower limit for utilization is 0.0950019006097021 and Upper limit for utilization is 0.5866584156739878
2023-09-08 11:18:59,589 [main] DEBUG balancer.ContainerBalancerTask (ContainerBalancerTask.java:initializeIteration(398)) - Utilization for node 033f5b0f-81fa-4ba5-98fb-417d54462df6 with capacity 57266230613B, used 51539607552B, and remaining 5726623061B is 0.9000000000052387
2023-09-08 11:18:59,589 [main] DEBUG balancer.ContainerBalancerTask (ContainerBalancerTask.java:initializeIteration(398)) - Utilization for node 464059bb-9124-49c2-99d6-bdd949bf83c5 with capacity 76504104960B, used 61203283968B, and remaining 15300820992B is 0.8
2023-09-08 11:18:59,589 [main] DEBUG balancer.ContainerBalancerTask (ContainerBalancerTask.java:initializeIteration(398)) - Utilization for node 6f0e948d-d3f7-4dd9-806b-f49208325d33 with capacity 44483589851B, used 31138512896B, and remaining 13345076955B is 0.700000000006744
2023-09-08 11:18:59,590 [main] DEBUG balancer.ContainerBalancerTask (ContainerBalancerTask.java:initializeIteration(398)) - Utilization for node 85ab15db-3ad2-4d6d-9eb0-2227c1e80c63 with capacity 62634939733B, used 37580963840B, and remaining 25053975893B is 0.6000000000031931
2023-09-08 11:18:59,590 [main] DEBUG balancer.ContainerBalancerTask (ContainerBalancerTask.java:initializeIteration(398)) - Utilization for node 77b8b07c-1dfe-407f-8e29-190d2b6b8da3 with capacity 83751862272B, used 41875931136B, and remaining 41875931136B is 0.5
2023-09-08 11:18:59,590 [main] DEBUG balancer.ContainerBalancerTask (ContainerBalancerTask.java:initializeIteration(398)) - Utilization for node 13dd51a3-50bb-4709-bd07-ed54eb99f549 with capacity 136902082560B, used 54760833024B, and remaining 82141249536B is 0.4
2023-09-08 11:18:59,590 [main] DEBUG balancer.ContainerBalancerTask (ContainerBalancerTask.java:initializeIteration(398)) - Utilization for node 2260ca00-150a-4407-aef4-4c26696a81c2 with capacity 132428158293B, used 39728447488B, and remaining 92699710805B is 0.3000000000007551
2023-09-08 11:18:59,590 [main] DEBUG balancer.ContainerBalancerTask (ContainerBalancerTask.java:initializeIteration(398)) - Utilization for node f52d6f4b-036c-4986-b65f-72517c5c7b6f with capacity 198642237440B, used 39728447488B, and remaining 158913789952B is 0.2
2023-09-08 11:18:59,590 [main] DEBUG balancer.ContainerBalancerTask (ContainerBalancerTask.java:initializeIteration(398)) - Utilization for node faa0991e-87f5-4348-9a71-84e36f7603a9 with capacity 300647710720B, used 30064771072B, and remaining 270582939648B is 0.1
2023-09-08 11:18:59,590 [main] DEBUG balancer.ContainerBalancerTask (ContainerBalancerTask.java:initializeIteration(398)) - Utilization for node 27ff5598-d008-435f-8a45-78122cf10002 with capacity 44023414784B, used 0B, and remaining 44023414784B is 0.0
2023-09-08 11:18:59,590 [main] INFO  balancer.ContainerBalancerTask (ContainerBalancerTask.java:initializeIteration(447)) - Container Balancer has identified 4 Over-Utilized and 1 Under-Utilized Datanodes that need to be balanced.
2023-09-08 11:18:59,590 [main] DEBUG balancer.ContainerBalancerTask (ContainerBalancerTask.java:lambda$initializeIteration$1(453)) - Datanode localhost-80.191.15.251 033f5b0f-81fa-4ba5-98fb-417d54462df6 is Over-Utilized.
2023-09-08 11:18:59,590 [main] DEBUG balancer.ContainerBalancerTask (ContainerBalancerTask.java:lambda$initializeIteration$1(453)) - Datanode localhost-119.185.211.138 464059bb-9124-49c2-99d6-bdd949bf83c5 is Over-Utilized.
2023-09-08 11:18:59,590 [main] DEBUG balancer.ContainerBalancerTask (ContainerBalancerTask.java:lambda$initializeIteration$1(453)) - Datanode localhost-175.189.162.212 6f0e948d-d3f7-4dd9-806b-f49208325d33 is Over-Utilized.
2023-09-08 11:18:59,590 [main] DEBUG balancer.ContainerBalancerTask (ContainerBalancerTask.java:lambda$initializeIteration$1(453)) - Datanode localhost-45.212.111.64 85ab15db-3ad2-4d6d-9eb0-2227c1e80c63 is Over-Utilized.
2023-09-08 11:18:59,591 [main] DEBUG balancer.ContainerBalancerTask (ContainerBalancerTask.java:lambda$initializeIteration$2(459)) - Datanode localhost-21.155.139.135 27ff5598-d008-435f-8a45-78122cf10002 is Under-Utilized.
2023-09-08 11:18:59,593 [main] DEBUG balancer.ContainerBalancerTask (ContainerBalancerTask.java:matchSourceWithTarget(708)) - ContainerBalancer is finding suitable target for source datanode 033f5b0f-81fa-4ba5-98fb-417d54462df6
2023-09-08 11:18:59,593 [main] INFO  balancer.ContainerBalancerTask (ContainerBalancerTask.java:matchSourceWithTarget(722)) - ContainerBalancer matched source datanode 033f5b0f-81fa-4ba5-98fb-417d54462df6 with target datanode 27ff5598-d008-435f-8a45-78122cf10002 for container move.
2023-09-08 11:18:59,594 [main] INFO  balancer.ContainerBalancerTask (ContainerBalancerTask.java:processMoveSelection(569)) - ContainerBalancer is trying to move container #85 with size 5368709120B from source datanode 033f5b0f-81fa-4ba5-98fb-417d54462df6 to target datanode 27ff5598-d008-435f-8a45-78122cf10002
2023-09-08 11:18:59,594 [main] DEBUG balancer.ContainerBalancerTask (ContainerBalancerTask.java:lambda$moveContainer$3(837)) - Container move completed for container #85 from source 033f5b0f-81fa-4ba5-98fb-417d54462df6 to target 27ff5598-d008-435f-8a45-78122cf10002
2023-09-08 11:18:59,596 [main] DEBUG balancer.ContainerBalancerTask (ContainerBalancerTask.java:matchSourceWithTarget(708)) - ContainerBalancer is finding suitable target for source datanode 033f5b0f-81fa-4ba5-98fb-417d54462df6
2023-09-08 11:18:59,597 [main] INFO  balancer.ContainerBalancerTask (ContainerBalancerTask.java:matchSourceWithTarget(722)) - ContainerBalancer matched source datanode 033f5b0f-81fa-4ba5-98fb-417d54462df6 with target datanode 27ff5598-d008-435f-8a45-78122cf10002 for container move.
2023-09-08 11:18:59,597 [main] INFO  balancer.ContainerBalancerTask (ContainerBalancerTask.java:processMoveSelection(569)) - ContainerBalancer is trying to move container #89 with size 4294967296B from source datanode 033f5b0f-81fa-4ba5-98fb-417d54462df6 to target datanode 27ff5598-d008-435f-8a45-78122cf10002
2023-09-08 11:18:59,597 [main] DEBUG balancer.ContainerBalancerTask (ContainerBalancerTask.java:lambda$moveContainer$3(837)) - Container move completed for container #89 from source 033f5b0f-81fa-4ba5-98fb-417d54462df6 to target 27ff5598-d008-435f-8a45-78122cf10002
2023-09-08 11:18:59,600 [main] DEBUG balancer.ContainerBalancerTask (ContainerBalancerTask.java:matchSourceWithTarget(708)) - ContainerBalancer is finding suitable target for source datanode 464059bb-9124-49c2-99d6-bdd949bf83c5
2023-09-08 11:18:59,600 [main] INFO  balancer.ContainerBalancerTask (ContainerBalancerTask.java:matchSourceWithTarget(722)) - ContainerBalancer matched source datanode 464059bb-9124-49c2-99d6-bdd949bf83c5 with target datanode 27ff5598-d008-435f-8a45-78122cf10002 for container move.
2023-09-08 11:18:59,600 [main] INFO  balancer.ContainerBalancerTask (ContainerBalancerTask.java:processMoveSelection(569)) - ContainerBalancer is trying to move container #68 with size 5368709120B from source datanode 464059bb-9124-49c2-99d6-bdd949bf83c5 to target datanode 27ff5598-d008-435f-8a45-78122cf10002
2023-09-08 11:18:59,600 [main] DEBUG balancer.ContainerBalancerTask (ContainerBalancerTask.java:lambda$moveContainer$3(837)) - Container move completed for container #68 from source 464059bb-9124-49c2-99d6-bdd949bf83c5 to target 27ff5598-d008-435f-8a45-78122cf10002
2023-09-08 11:18:59,603 [main] DEBUG balancer.ContainerBalancerTask (ContainerBalancerTask.java:matchSourceWithTarget(708)) - ContainerBalancer is finding suitable target for source datanode 033f5b0f-81fa-4ba5-98fb-417d54462df6
2023-09-08 11:18:59,603 [main] INFO  balancer.ContainerBalancerTask (ContainerBalancerTask.java:matchSourceWithTarget(722)) - ContainerBalancer matched source datanode 033f5b0f-81fa-4ba5-98fb-417d54462df6 with target datanode 27ff5598-d008-435f-8a45-78122cf10002 for container move.
2023-09-08 11:18:59,603 [main] INFO  balancer.ContainerBalancerTask (ContainerBalancerTask.java:processMoveSelection(569)) - ContainerBalancer is trying to move container #84 with size 4294967296B from source datanode 033f5b0f-81fa-4ba5-98fb-417d54462df6 to target datanode 27ff5598-d008-435f-8a45-78122cf10002
2023-09-08 11:18:59,604 [main] DEBUG balancer.ContainerBalancerTask (ContainerBalancerTask.java:lambda$moveContainer$3(837)) - Container move completed for container #84 from source 033f5b0f-81fa-4ba5-98fb-417d54462df6 to target 27ff5598-d008-435f-8a45-78122cf10002
2023-09-08 11:18:59,606 [main] DEBUG balancer.ContainerBalancerTask (ContainerBalancerTask.java:matchSourceWithTarget(708)) - ContainerBalancer is finding suitable target for source datanode 464059bb-9124-49c2-99d6-bdd949bf83c5
2023-09-08 11:18:59,607 [main] INFO  balancer.ContainerBalancerTask (ContainerBalancerTask.java:matchSourceWithTarget(722)) - ContainerBalancer matched source datanode 464059bb-9124-49c2-99d6-bdd949bf83c5 with target datanode 27ff5598-d008-435f-8a45-78122cf10002 for container move.
2023-09-08 11:18:59,607 [main] INFO  balancer.ContainerBalancerTask (ContainerBalancerTask.java:processMoveSelection(569)) - ContainerBalancer is trying to move container #29 with size 5368709120B from source datanode 464059bb-9124-49c2-99d6-bdd949bf83c5 to target datanode 27ff5598-d008-435f-8a45-78122cf10002
2023-09-08 11:18:59,607 [main] DEBUG balancer.ContainerBalancerTask (ContainerBalancerTask.java:lambda$moveContainer$3(837)) - Container move completed for container #29 from source 464059bb-9124-49c2-99d6-bdd949bf83c5 to target 27ff5598-d008-435f-8a45-78122cf10002
2023-09-08 11:18:59,609 [main] DEBUG balancer.ContainerBalancerTask (ContainerBalancerTask.java:matchSourceWithTarget(708)) - ContainerBalancer is finding suitable target for source datanode 6f0e948d-d3f7-4dd9-806b-f49208325d33
2023-09-08 11:18:59,610 [main] INFO  balancer.ContainerBalancerTask (ContainerBalancerTask.java:matchSourceWithTarget(722)) - ContainerBalancer matched source datanode 6f0e948d-d3f7-4dd9-806b-f49208325d33 with target datanode 27ff5598-d008-435f-8a45-78122cf10002 for container move.
2023-09-08 11:18:59,610 [main] INFO  balancer.ContainerBalancerTask (ContainerBalancerTask.java:processMoveSelection(569)) - ContainerBalancer is trying to move container #64 with size 1073741824B from source datanode 6f0e948d-d3f7-4dd9-806b-f49208325d33 to target datanode 27ff5598-d008-435f-8a45-78122cf10002
2023-09-08 11:18:59,610 [main] DEBUG balancer.ContainerBalancerTask (ContainerBalancerTask.java:lambda$moveContainer$3(837)) - Container move completed for container #64 from source 6f0e948d-d3f7-4dd9-806b-f49208325d33 to target 27ff5598-d008-435f-8a45-78122cf10002
2023-09-08 11:18:59,612 [main] DEBUG balancer.ContainerBalancerTask (ContainerBalancerTask.java:matchSourceWithTarget(708)) - ContainerBalancer is finding suitable target for source datanode 6f0e948d-d3f7-4dd9-806b-f49208325d33
2023-09-08 11:18:59,613 [main] INFO  balancer.FindTargetGreedyByUsageInfo (AbstractFindTargetGreedy.java:findTargetForContainerMove(133)) - Container Balancer could not find a target for source datanode 6f0e948d-d3f7-4dd9-806b-f49208325d33
2023-09-08 11:18:59,613 [main] DEBUG balancer.ContainerBalancerTask (ContainerBalancerTask.java:matchSourceWithTarget(717)) - ContainerBalancer could not find a suitable target for source node 6f0e948d-d3f7-4dd9-806b-f49208325d33.
2023-09-08 11:18:59,615 [main] DEBUG balancer.ContainerBalancerTask (ContainerBalancerTask.java:matchSourceWithTarget(708)) - ContainerBalancer is finding suitable target for source datanode 464059bb-9124-49c2-99d6-bdd949bf83c5
2023-09-08 11:18:59,616 [main] INFO  balancer.FindTargetGreedyByUsageInfo (AbstractFindTargetGreedy.java:findTargetForContainerMove(133)) - Container Balancer could not find a target for source datanode 464059bb-9124-49c2-99d6-bdd949bf83c5
2023-09-08 11:18:59,616 [main] DEBUG balancer.ContainerBalancerTask (ContainerBalancerTask.java:matchSourceWithTarget(717)) - ContainerBalancer could not find a suitable target for source node 464059bb-9124-49c2-99d6-bdd949bf83c5.
2023-09-08 11:18:59,619 [main] DEBUG balancer.ContainerBalancerTask (ContainerBalancerTask.java:matchSourceWithTarget(708)) - ContainerBalancer is finding suitable target for source datanode 033f5b0f-81fa-4ba5-98fb-417d54462df6
2023-09-08 11:18:59,620 [main] INFO  balancer.FindTargetGreedyByUsageInfo (AbstractFindTargetGreedy.java:findTargetForContainerMove(133)) - Container Balancer could not find a target for source datanode 033f5b0f-81fa-4ba5-98fb-417d54462df6
2023-09-08 11:18:59,620 [main] DEBUG balancer.ContainerBalancerTask (ContainerBalancerTask.java:matchSourceWithTarget(717)) - ContainerBalancer could not find a suitable target for source node 033f5b0f-81fa-4ba5-98fb-417d54462df6.
2023-09-08 11:18:59,623 [main] DEBUG balancer.ContainerBalancerTask (ContainerBalancerTask.java:matchSourceWithTarget(708)) - ContainerBalancer is finding suitable target for source datanode 85ab15db-3ad2-4d6d-9eb0-2227c1e80c63
2023-09-08 11:18:59,623 [main] INFO  balancer.FindTargetGreedyByUsageInfo (AbstractFindTargetGreedy.java:findTargetForContainerMove(133)) - Container Balancer could not find a target for source datanode 85ab15db-3ad2-4d6d-9eb0-2227c1e80c63
2023-09-08 11:18:59,623 [main] DEBUG balancer.ContainerBalancerTask (ContainerBalancerTask.java:matchSourceWithTarget(717)) - ContainerBalancer could not find a suitable target for source node 85ab15db-3ad2-4d6d-9eb0-2227c1e80c63.
2023-09-08 11:18:59,623 [main] INFO  balancer.FindSourceGreedy (FindSourceGreedy.java:getNextCandidateSourceDataNode(126)) - no more candidate source data node
2023-09-08 11:18:59,624 [main] INFO  balancer.ContainerBalancerTask (ContainerBalancerTask.java:checkIterationMoveResults(642)) - Iteration Summary. Number of Datanodes involved: 4. Size moved: 24 GB (25769803776 Bytes). Number of Container moves completed: 6.
2023-09-08 11:18:59,624 [main] INFO  balancer.ContainerBalancerTask (ContainerBalancerTask.java:balance(259)) - Result of this iteration of Container Balancer: ITERATION_COMPLETED
2023-09-08 11:18:59,624 [main] INFO  balancer.ContainerBalancerTask (ContainerBalancerTask.java:tryStopWithSaveConfiguration(308)) - Save Configuration for stopping. Reason: Completed all iterations.
2023-09-08 11:18:59,625 [main] DEBUG balancer.ContainerBalancerTask (ContainerBalancerTask.java:initializeIteration(374)) - Average utilization of the cluster is 0.340830158141845
2023-09-08 11:18:59,625 [main] DEBUG balancer.ContainerBalancerTask (ContainerBalancerTask.java:initializeIteration(386)) - Lower limit for utilization is -0.5192687418253903 and Upper limit for utilization is 1.2009290581090803
2023-09-08 11:18:59,625 [main] DEBUG balancer.ContainerBalancerTask (ContainerBalancerTask.java:initializeIteration(398)) - Utilization for node 033f5b0f-81fa-4ba5-98fb-417d54462df6 with capacity 57266230613B, used 51539607552B, and remaining 5726623061B is 0.9000000000052387
2023-09-08 11:18:59,625 [main] DEBUG balancer.ContainerBalancerTask (ContainerBalancerTask.java:initializeIteration(398)) - Utilization for node 464059bb-9124-49c2-99d6-bdd949bf83c5 with capacity 76504104960B, used 61203283968B, and remaining 15300820992B is 0.8
2023-09-08 11:18:59,625 [main] DEBUG balancer.ContainerBalancerTask (ContainerBalancerTask.java:initializeIteration(398)) - Utilization for node 6f0e948d-d3f7-4dd9-806b-f49208325d33 with capacity 44483589851B, used 31138512896B, and remaining 13345076955B is 0.700000000006744
2023-09-08 11:18:59,625 [main] DEBUG balancer.ContainerBalancerTask (ContainerBalancerTask.java:initializeIteration(398)) - Utilization for node 85ab15db-3ad2-4d6d-9eb0-2227c1e80c63 with capacity 62634939733B, used 37580963840B, and remaining 25053975893B is 0.6000000000031931
2023-09-08 11:18:59,625 [main] DEBUG balancer.ContainerBalancerTask (ContainerBalancerTask.java:initializeIteration(398)) - Utilization for node 77b8b07c-1dfe-407f-8e29-190d2b6b8da3 with capacity 83751862272B, used 41875931136B, and remaining 41875931136B is 0.5
2023-09-08 11:18:59,625 [main] DEBUG balancer.ContainerBalancerTask (ContainerBalancerTask.java:initializeIteration(398)) - Utilization for node 13dd51a3-50bb-4709-bd07-ed54eb99f549 with capacity 136902082560B, used 54760833024B, and remaining 82141249536B is 0.4
2023-09-08 11:18:59,625 [main] DEBUG balancer.ContainerBalancerTask (ContainerBalancerTask.java:initializeIteration(398)) - Utilization for node 2260ca00-150a-4407-aef4-4c26696a81c2 with capacity 132428158293B, used 39728447488B, and remaining 92699710805B is 0.3000000000007551
2023-09-08 11:18:59,625 [main] DEBUG balancer.ContainerBalancerTask (ContainerBalancerTask.java:initializeIteration(398)) - Utilization for node f52d6f4b-036c-4986-b65f-72517c5c7b6f with capacity 198642237440B, used 39728447488B, and remaining 158913789952B is 0.2
2023-09-08 11:18:59,625 [main] DEBUG balancer.ContainerBalancerTask (ContainerBalancerTask.java:initializeIteration(398)) - Utilization for node faa0991e-87f5-4348-9a71-84e36f7603a9 with capacity 300647710720B, used 30064771072B, and remaining 270582939648B is 0.1
2023-09-08 11:18:59,625 [main] DEBUG balancer.ContainerBalancerTask (ContainerBalancerTask.java:initializeIteration(398)) - Utilization for node 27ff5598-d008-435f-8a45-78122cf10002 with capacity 44023414784B, used 0B, and remaining 44023414784B is 0.0
2023-09-08 11:18:59,626 [main] INFO  balancer.ContainerBalancerTask (ContainerBalancerTask.java:initializeIteration(443)) - Did not find any unbalanced Datanodes.
2023-09-08 11:18:59,626 [main] INFO  balancer.ContainerBalancerTask (ContainerBalancerTask.java:tryStopWithSaveConfiguration(308)) - Save Configuration for stopping. Reason: Could not initialize ContainerBalancer's iteration number 0
2023-09-08 11:18:59,626 [main] DEBUG balancer.ContainerBalancerTask (ContainerBalancerTask.java:initializeIteration(374)) - Average utilization of the cluster is 0.340830158141845
2023-09-08 11:18:59,626 [main] DEBUG balancer.ContainerBalancerTask (ContainerBalancerTask.java:initializeIteration(386)) - Lower limit for utilization is 0.181271132284407 and Upper limit for utilization is 0.5003891839992829
2023-09-08 11:18:59,626 [main] DEBUG balancer.ContainerBalancerTask (ContainerBalancerTask.java:initializeIteration(398)) - Utilization for node 033f5b0f-81fa-4ba5-98fb-417d54462df6 with capacity 57266230613B, used 51539607552B, and remaining 5726623061B is 0.9000000000052387
2023-09-08 11:18:59,627 [main] DEBUG balancer.ContainerBalancerTask (ContainerBalancerTask.java:initializeIteration(398)) - Utilization for node 464059bb-9124-49c2-99d6-bdd949bf83c5 with capacity 76504104960B, used 61203283968B, and remaining 15300820992B is 0.8
2023-09-08 11:18:59,627 [main] DEBUG balancer.ContainerBalancerTask (ContainerBalancerTask.java:initializeIteration(398)) - Utilization for node 6f0e948d-d3f7-4dd9-806b-f49208325d33 with capacity 44483589851B, used 31138512896B, and remaining 13345076955B is 0.700000000006744
2023-09-08 11:18:59,627 [main] DEBUG balancer.ContainerBalancerTask (ContainerBalancerTask.java:initializeIteration(398)) - Utilization for node 85ab15db-3ad2-4d6d-9eb0-2227c1e80c63 with capacity 62634939733B, used 37580963840B, and remaining 25053975893B is 0.6000000000031931
2023-09-08 11:18:59,627 [main] DEBUG balancer.ContainerBalancerTask (ContainerBalancerTask.java:initializeIteration(398)) - Utilization for node 77b8b07c-1dfe-407f-8e29-190d2b6b8da3 with capacity 83751862272B, used 41875931136B, and remaining 41875931136B is 0.5
2023-09-08 11:18:59,627 [main] DEBUG balancer.ContainerBalancerTask (ContainerBalancerTask.java:initializeIteration(398)) - Utilization for node 13dd51a3-50bb-4709-bd07-ed54eb99f549 with capacity 136902082560B, used 54760833024B, and remaining 82141249536B is 0.4
2023-09-08 11:18:59,627 [main] DEBUG balancer.ContainerBalancerTask (ContainerBalancerTask.java:initializeIteration(398)) - Utilization for node 2260ca00-150a-4407-aef4-4c26696a81c2 with capacity 132428158293B, used 39728447488B, and remaining 92699710805B is 0.3000000000007551
2023-09-08 11:18:59,627 [main] DEBUG balancer.ContainerBalancerTask (ContainerBalancerTask.java:initializeIteration(398)) - Utilization for node f52d6f4b-036c-4986-b65f-72517c5c7b6f with capacity 198642237440B, used 39728447488B, and remaining 158913789952B is 0.2
2023-09-08 11:18:59,627 [main] DEBUG balancer.ContainerBalancerTask (ContainerBalancerTask.java:initializeIteration(398)) - Utilization for node faa0991e-87f5-4348-9a71-84e36f7603a9 with capacity 300647710720B, used 30064771072B, and remaining 270582939648B is 0.1
2023-09-08 11:18:59,627 [main] DEBUG balancer.ContainerBalancerTask (ContainerBalancerTask.java:initializeIteration(398)) - Utilization for node 27ff5598-d008-435f-8a45-78122cf10002 with capacity 44023414784B, used 0B, and remaining 44023414784B is 0.0
2023-09-08 11:18:59,627 [main] INFO  balancer.ContainerBalancerTask (ContainerBalancerTask.java:initializeIteration(447)) - Container Balancer has identified 4 Over-Utilized and 2 Under-Utilized Datanodes that need to be balanced.
2023-09-08 11:18:59,627 [main] DEBUG balancer.ContainerBalancerTask (ContainerBalancerTask.java:lambda$initializeIteration$1(453)) - Datanode localhost-80.191.15.251 033f5b0f-81fa-4ba5-98fb-417d54462df6 is Over-Utilized.
2023-09-08 11:18:59,628 [main] DEBUG balancer.ContainerBalancerTask (ContainerBalancerTask.java:lambda$initializeIteration$1(453)) - Datanode localhost-119.185.211.138 464059bb-9124-49c2-99d6-bdd949bf83c5 is Over-Utilized.
2023-09-08 11:18:59,628 [main] DEBUG balancer.ContainerBalancerTask (ContainerBalancerTask.java:lambda$initializeIteration$1(453)) - Datanode localhost-175.189.162.212 6f0e948d-d3f7-4dd9-806b-f49208325d33 is Over-Utilized.
2023-09-08 11:18:59,628 [main] DEBUG balancer.ContainerBalancerTask (ContainerBalancerTask.java:lambda$initializeIteration$1(453)) - Datanode localhost-45.212.111.64 85ab15db-3ad2-4d6d-9eb0-2227c1e80c63 is Over-Utilized.
2023-09-08 11:18:59,628 [main] DEBUG balancer.ContainerBalancerTask (ContainerBalancerTask.java:lambda$initializeIteration$2(459)) - Datanode localhost-21.155.139.135 27ff5598-d008-435f-8a45-78122cf10002 is Under-Utilized.
2023-09-08 11:18:59,628 [main] DEBUG balancer.ContainerBalancerTask (ContainerBalancerTask.java:lambda$initializeIteration$2(459)) - Datanode localhost-171.124.219.118 faa0991e-87f5-4348-9a71-84e36f7603a9 is Under-Utilized.
2023-09-08 11:18:59,631 [main] DEBUG balancer.ContainerBalancerTask (ContainerBalancerTask.java:matchSourceWithTarget(708)) - ContainerBalancer is finding suitable target for source datanode 033f5b0f-81fa-4ba5-98fb-417d54462df6
2023-09-08 11:18:59,631 [main] INFO  balancer.ContainerBalancerTask (ContainerBalancerTask.java:matchSourceWithTarget(722)) - ContainerBalancer matched source datanode 033f5b0f-81fa-4ba5-98fb-417d54462df6 with target datanode 27ff5598-d008-435f-8a45-78122cf10002 for container move.
2023-09-08 11:18:59,631 [main] INFO  balancer.ContainerBalancerTask (ContainerBalancerTask.java:processMoveSelection(569)) - ContainerBalancer is trying to move container #85 with size 5368709120B from source datanode 033f5b0f-81fa-4ba5-98fb-417d54462df6 to target datanode 27ff5598-d008-435f-8a45-78122cf10002
2023-09-08 11:18:59,631 [main] DEBUG balancer.ContainerBalancerTask (ContainerBalancerTask.java:lambda$moveContainer$3(837)) - Container move completed for container #85 from source 033f5b0f-81fa-4ba5-98fb-417d54462df6 to target 27ff5598-d008-435f-8a45-78122cf10002
2023-09-08 11:18:59,636 [main] DEBUG balancer.ContainerBalancerTask (ContainerBalancerTask.java:matchSourceWithTarget(708)) - ContainerBalancer is finding suitable target for source datanode 033f5b0f-81fa-4ba5-98fb-417d54462df6
2023-09-08 11:18:59,636 [main] INFO  balancer.ContainerBalancerTask (ContainerBalancerTask.java:matchSourceWithTarget(722)) - ContainerBalancer matched source datanode 033f5b0f-81fa-4ba5-98fb-417d54462df6 with target datanode faa0991e-87f5-4348-9a71-84e36f7603a9 for container move.
2023-09-08 11:18:59,636 [main] INFO  balancer.ContainerBalancerTask (ContainerBalancerTask.java:processMoveSelection(569)) - ContainerBalancer is trying to move container #89 with size 4294967296B from source datanode 033f5b0f-81fa-4ba5-98fb-417d54462df6 to target datanode faa0991e-87f5-4348-9a71-84e36f7603a9
2023-09-08 11:18:59,636 [main] DEBUG balancer.ContainerBalancerTask (ContainerBalancerTask.java:lambda$moveContainer$3(837)) - Container move completed for container #89 from source 033f5b0f-81fa-4ba5-98fb-417d54462df6 to target faa0991e-87f5-4348-9a71-84e36f7603a9
2023-09-08 11:18:59,639 [main] DEBUG balancer.ContainerBalancerTask (ContainerBalancerTask.java:matchSourceWithTarget(708)) - ContainerBalancer is finding suitable target for source datanode 464059bb-9124-49c2-99d6-bdd949bf83c5
2023-09-08 11:18:59,639 [main] INFO  balancer.ContainerBalancerTask (ContainerBalancerTask.java:matchSourceWithTarget(722)) - ContainerBalancer matched source datanode 464059bb-9124-49c2-99d6-bdd949bf83c5 with target datanode faa0991e-87f5-4348-9a71-84e36f7603a9 for container move.
2023-09-08 11:18:59,639 [main] INFO  balancer.ContainerBalancerTask (ContainerBalancerTask.java:processMoveSelection(569)) - ContainerBalancer is trying to move container #68 with size 5368709120B from source datanode 464059bb-9124-49c2-99d6-bdd949bf83c5 to target datanode faa0991e-87f5-4348-9a71-84e36f7603a9
2023-09-08 11:18:59,639 [main] DEBUG balancer.ContainerBalancerTask (ContainerBalancerTask.java:lambda$moveContainer$3(837)) - Container move completed for container #68 from source 464059bb-9124-49c2-99d6-bdd949bf83c5 to target faa0991e-87f5-4348-9a71-84e36f7603a9
2023-09-08 11:18:59,642 [main] DEBUG balancer.ContainerBalancerTask (ContainerBalancerTask.java:matchSourceWithTarget(708)) - ContainerBalancer is finding suitable target for source datanode 033f5b0f-81fa-4ba5-98fb-417d54462df6
2023-09-08 11:18:59,642 [main] INFO  balancer.ContainerBalancerTask (ContainerBalancerTask.java:matchSourceWithTarget(722)) - ContainerBalancer matched source datanode 033f5b0f-81fa-4ba5-98fb-417d54462df6 with target datanode 27ff5598-d008-435f-8a45-78122cf10002 for container move.
2023-09-08 11:18:59,643 [main] INFO  balancer.ContainerBalancerTask (ContainerBalancerTask.java:processMoveSelection(569)) - ContainerBalancer is trying to move container #84 with size 4294967296B from source datanode 033f5b0f-81fa-4ba5-98fb-417d54462df6 to target datanode 27ff5598-d008-435f-8a45-78122cf10002
2023-09-08 11:18:59,643 [main] DEBUG balancer.ContainerBalancerTask (ContainerBalancerTask.java:lambda$moveContainer$3(837)) - Container move completed for container #84 from source 033f5b0f-81fa-4ba5-98fb-417d54462df6 to target 27ff5598-d008-435f-8a45-78122cf10002
2023-09-08 11:18:59,646 [main] DEBUG balancer.ContainerBalancerTask (ContainerBalancerTask.java:matchSourceWithTarget(708)) - ContainerBalancer is finding suitable target for source datanode 464059bb-9124-49c2-99d6-bdd949bf83c5
2023-09-08 11:18:59,646 [main] INFO  balancer.ContainerBalancerTask (ContainerBalancerTask.java:matchSourceWithTarget(722)) - ContainerBalancer matched source datanode 464059bb-9124-49c2-99d6-bdd949bf83c5 with target datanode faa0991e-87f5-4348-9a71-84e36f7603a9 for container move.
2023-09-08 11:18:59,646 [main] INFO  balancer.ContainerBalancerTask (ContainerBalancerTask.java:processMoveSelection(569)) - ContainerBalancer is trying to move container #29 with size 5368709120B from source datanode 464059bb-9124-49c2-99d6-bdd949bf83c5 to target datanode faa0991e-87f5-4348-9a71-84e36f7603a9
2023-09-08 11:18:59,646 [main] DEBUG balancer.ContainerBalancerTask (ContainerBalancerTask.java:lambda$moveContainer$3(837)) - Container move completed for container #29 from source 464059bb-9124-49c2-99d6-bdd949bf83c5 to target faa0991e-87f5-4348-9a71-84e36f7603a9
2023-09-08 11:18:59,648 [main] DEBUG balancer.ContainerBalancerTask (ContainerBalancerTask.java:matchSourceWithTarget(708)) - ContainerBalancer is finding suitable target for source datanode 6f0e948d-d3f7-4dd9-806b-f49208325d33
2023-09-08 11:18:59,648 [main] INFO  balancer.ContainerBalancerTask (ContainerBalancerTask.java:matchSourceWithTarget(722)) - ContainerBalancer matched source datanode 6f0e948d-d3f7-4dd9-806b-f49208325d33 with target datanode faa0991e-87f5-4348-9a71-84e36f7603a9 for container move.
2023-09-08 11:18:59,648 [main] INFO  balancer.ContainerBalancerTask (ContainerBalancerTask.java:processMoveSelection(569)) - ContainerBalancer is trying to move container #53 with size 5368709120B from source datanode 6f0e948d-d3f7-4dd9-806b-f49208325d33 to target datanode faa0991e-87f5-4348-9a71-84e36f7603a9
2023-09-08 11:18:59,649 [main] DEBUG balancer.ContainerBalancerTask (ContainerBalancerTask.java:lambda$moveContainer$3(837)) - Container move completed for container #53 from source 6f0e948d-d3f7-4dd9-806b-f49208325d33 to target faa0991e-87f5-4348-9a71-84e36f7603a9
2023-09-08 11:18:59,652 [main] DEBUG balancer.ContainerBalancerTask (ContainerBalancerTask.java:matchSourceWithTarget(708)) - ContainerBalancer is finding suitable target for source datanode 464059bb-9124-49c2-99d6-bdd949bf83c5
2023-09-08 11:18:59,652 [main] INFO  balancer.ContainerBalancerTask (ContainerBalancerTask.java:matchSourceWithTarget(722)) - ContainerBalancer matched source datanode 464059bb-9124-49c2-99d6-bdd949bf83c5 with target datanode faa0991e-87f5-4348-9a71-84e36f7603a9 for container move.
2023-09-08 11:18:59,652 [main] INFO  balancer.ContainerBalancerTask (ContainerBalancerTask.java:processMoveSelection(569)) - ContainerBalancer is trying to move container #67 with size 4294967296B from source datanode 464059bb-9124-49c2-99d6-bdd949bf83c5 to target datanode faa0991e-87f5-4348-9a71-84e36f7603a9
2023-09-08 11:18:59,652 [main] DEBUG balancer.ContainerBalancerTask (ContainerBalancerTask.java:lambda$moveContainer$3(837)) - Container move completed for container #67 from source 464059bb-9124-49c2-99d6-bdd949bf83c5 to target faa0991e-87f5-4348-9a71-84e36f7603a9
2023-09-08 11:18:59,655 [main] DEBUG balancer.ContainerBalancerTask (ContainerBalancerTask.java:matchSourceWithTarget(708)) - ContainerBalancer is finding suitable target for source datanode 033f5b0f-81fa-4ba5-98fb-417d54462df6
2023-09-08 11:18:59,655 [main] INFO  balancer.ContainerBalancerTask (ContainerBalancerTask.java:matchSourceWithTarget(722)) - ContainerBalancer matched source datanode 033f5b0f-81fa-4ba5-98fb-417d54462df6 with target datanode faa0991e-87f5-4348-9a71-84e36f7603a9 for container move.
2023-09-08 11:18:59,656 [main] INFO  balancer.ContainerBalancerTask (ContainerBalancerTask.java:processMoveSelection(569)) - ContainerBalancer is trying to move container #52 with size 4294967296B from source datanode 033f5b0f-81fa-4ba5-98fb-417d54462df6 to target datanode faa0991e-87f5-4348-9a71-84e36f7603a9
2023-09-08 11:18:59,656 [main] DEBUG balancer.ContainerBalancerTask (ContainerBalancerTask.java:lambda$moveContainer$3(837)) - Container move completed for container #52 from source 033f5b0f-81fa-4ba5-98fb-417d54462df6 to target faa0991e-87f5-4348-9a71-84e36f7603a9
2023-09-08 11:18:59,659 [main] DEBUG balancer.ContainerBalancerTask (ContainerBalancerTask.java:matchSourceWithTarget(708)) - ContainerBalancer is finding suitable target for source datanode 464059bb-9124-49c2-99d6-bdd949bf83c5
2023-09-08 11:18:59,659 [main] INFO  balancer.ContainerBalancerTask (ContainerBalancerTask.java:matchSourceWithTarget(722)) - ContainerBalancer matched source datanode 464059bb-9124-49c2-99d6-bdd949bf83c5 with target datanode faa0991e-87f5-4348-9a71-84e36f7603a9 for container move.
2023-09-08 11:18:59,659 [main] INFO  balancer.ContainerBalancerTask (ContainerBalancerTask.java:processMoveSelection(569)) - ContainerBalancer is trying to move container #39 with size 4294967296B from source datanode 464059bb-9124-49c2-99d6-bdd949bf83c5 to target datanode faa0991e-87f5-4348-9a71-84e36f7603a9
2023-09-08 11:18:59,659 [main] DEBUG balancer.ContainerBalancerTask (ContainerBalancerTask.java:lambda$moveContainer$3(837)) - Container move completed for container #39 from source 464059bb-9124-49c2-99d6-bdd949bf83c5 to target faa0991e-87f5-4348-9a71-84e36f7603a9
2023-09-08 11:18:59,661 [main] DEBUG balancer.ContainerBalancerTask (ContainerBalancerTask.java:matchSourceWithTarget(708)) - ContainerBalancer is finding suitable target for source datanode 85ab15db-3ad2-4d6d-9eb0-2227c1e80c63
2023-09-08 11:18:59,661 [main] INFO  balancer.ContainerBalancerTask (ContainerBalancerTask.java:matchSourceWithTarget(722)) - ContainerBalancer matched source datanode 85ab15db-3ad2-4d6d-9eb0-2227c1e80c63 with target datanode faa0991e-87f5-4348-9a71-84e36f7603a9 for container move.
2023-09-08 11:18:59,662 [main] INFO  balancer.ContainerBalancerTask (ContainerBalancerTask.java:processMoveSelection(569)) - ContainerBalancer is trying to move container #40 with size 5368709120B from source datanode 85ab15db-3ad2-4d6d-9eb0-2227c1e80c63 to target datanode faa0991e-87f5-4348-9a71-84e36f7603a9
2023-09-08 11:18:59,662 [main] DEBUG balancer.ContainerBalancerTask (ContainerBalancerTask.java:lambda$moveContainer$3(837)) - Container move completed for container #40 from source 85ab15db-3ad2-4d6d-9eb0-2227c1e80c63 to target faa0991e-87f5-4348-9a71-84e36f7603a9
2023-09-08 11:18:59,665 [main] DEBUG balancer.ContainerBalancerTask (ContainerBalancerTask.java:matchSourceWithTarget(708)) - ContainerBalancer is finding suitable target for source datanode 033f5b0f-81fa-4ba5-98fb-417d54462df6
2023-09-08 11:18:59,665 [main] INFO  balancer.ContainerBalancerTask (ContainerBalancerTask.java:matchSourceWithTarget(722)) - ContainerBalancer matched source datanode 033f5b0f-81fa-4ba5-98fb-417d54462df6 with target datanode 27ff5598-d008-435f-8a45-78122cf10002 for container move.
2023-09-08 11:18:59,665 [main] INFO  balancer.ContainerBalancerTask (ContainerBalancerTask.java:processMoveSelection(569)) - ContainerBalancer is trying to move container #19 with size 4294967296B from source datanode 033f5b0f-81fa-4ba5-98fb-417d54462df6 to target datanode 27ff5598-d008-435f-8a45-78122cf10002
2023-09-08 11:18:59,665 [main] DEBUG balancer.ContainerBalancerTask (ContainerBalancerTask.java:lambda$moveContainer$3(837)) - Container move completed for container #19 from source 033f5b0f-81fa-4ba5-98fb-417d54462df6 to target 27ff5598-d008-435f-8a45-78122cf10002
2023-09-08 11:18:59,668 [main] DEBUG balancer.ContainerBalancerTask (ContainerBalancerTask.java:matchSourceWithTarget(708)) - ContainerBalancer is finding suitable target for source datanode 6f0e948d-d3f7-4dd9-806b-f49208325d33
2023-09-08 11:18:59,668 [main] INFO  balancer.ContainerBalancerTask (ContainerBalancerTask.java:matchSourceWithTarget(722)) - ContainerBalancer matched source datanode 6f0e948d-d3f7-4dd9-806b-f49208325d33 with target datanode faa0991e-87f5-4348-9a71-84e36f7603a9 for container move.
2023-09-08 11:18:59,668 [main] INFO  balancer.ContainerBalancerTask (ContainerBalancerTask.java:processMoveSelection(569)) - ContainerBalancer is trying to move container #64 with size 1073741824B from source datanode 6f0e948d-d3f7-4dd9-806b-f49208325d33 to target datanode faa0991e-87f5-4348-9a71-84e36f7603a9
2023-09-08 11:18:59,668 [main] DEBUG balancer.ContainerBalancerTask (ContainerBalancerTask.java:lambda$moveContainer$3(837)) - Container move completed for container #64 from source 6f0e948d-d3f7-4dd9-806b-f49208325d33 to target faa0991e-87f5-4348-9a71-84e36f7603a9
2023-09-08 11:18:59,668 [main] WARN  balancer.ContainerBalancerTask (ContainerBalancerTask.java:reachedMaxSizeToMovePerIteration(733)) - Reached max size to move limit. 53687091200 bytes have already been scheduled for balancing and the limit is 53687091200 bytes.
2023-09-08 11:18:59,668 [main] INFO  balancer.ContainerBalancerTask (ContainerBalancerTask.java:checkIterationMoveResults(642)) - Iteration Summary. Number of Datanodes involved: 6. Size moved: 50 GB (53687091200 Bytes). Number of Container moves completed: 12.
2023-09-08 11:18:59,669 [main] INFO  balancer.ContainerBalancerTask (ContainerBalancerTask.java:balance(259)) - Result of this iteration of Container Balancer: ITERATION_COMPLETED
2023-09-08 11:18:59,669 [main] INFO  balancer.ContainerBalancerTask (ContainerBalancerTask.java:tryStopWithSaveConfiguration(308)) - Save Configuration for stopping. Reason: Completed all iterations.
2023-09-08 11:18:59,669 [main] DEBUG balancer.ContainerBalancerTask (ContainerBalancerTask.java:initializeIteration(374)) - Average utilization of the cluster is 0.340830158141845
2023-09-08 11:18:59,670 [main] DEBUG balancer.ContainerBalancerTask (ContainerBalancerTask.java:initializeIteration(386)) - Lower limit for utilization is -0.078835081041838 and Upper limit for utilization is 0.760495397325528
2023-09-08 11:18:59,670 [main] DEBUG balancer.ContainerBalancerTask (ContainerBalancerTask.java:initializeIteration(398)) - Utilization for node 033f5b0f-81fa-4ba5-98fb-417d54462df6 with capacity 57266230613B, used 51539607552B, and remaining 5726623061B is 0.9000000000052387
2023-09-08 11:18:59,670 [main] DEBUG balancer.ContainerBalancerTask (ContainerBalancerTask.java:initializeIteration(398)) - Utilization for node 464059bb-9124-49c2-99d6-bdd949bf83c5 with capacity 76504104960B, used 61203283968B, and remaining 15300820992B is 0.8
2023-09-08 11:18:59,670 [main] DEBUG balancer.ContainerBalancerTask (ContainerBalancerTask.java:initializeIteration(398)) - Utilization for node 6f0e948d-d3f7-4dd9-806b-f49208325d33 with capacity 44483589851B, used 31138512896B, and remaining 13345076955B is 0.700000000006744
2023-09-08 11:18:59,670 [main] DEBUG balancer.ContainerBalancerTask (ContainerBalancerTask.java:initializeIteration(398)) - Utilization for node 85ab15db-3ad2-4d6d-9eb0-2227c1e80c63 with capacity 62634939733B, used 37580963840B, and remaining 25053975893B is 0.6000000000031931
2023-09-08 11:18:59,670 [main] DEBUG balancer.ContainerBalancerTask (ContainerBalancerTask.java:initializeIteration(398)) - Utilization for node 77b8b07c-1dfe-407f-8e29-190d2b6b8da3 with capacity 83751862272B, used 41875931136B, and remaining 41875931136B is 0.5
2023-09-08 11:18:59,670 [main] DEBUG balancer.ContainerBalancerTask (ContainerBalancerTask.java:initializeIteration(398)) - Utilization for node 13dd51a3-50bb-4709-bd07-ed54eb99f549 with capacity 136902082560B, used 54760833024B, and remaining 82141249536B is 0.4
2023-09-08 11:18:59,670 [main] DEBUG balancer.ContainerBalancerTask (ContainerBalancerTask.java:initializeIteration(398)) - Utilization for node 2260ca00-150a-4407-aef4-4c26696a81c2 with capacity 132428158293B, used 39728447488B, and remaining 92699710805B is 0.3000000000007551
2023-09-08 11:18:59,670 [main] DEBUG balancer.ContainerBalancerTask (ContainerBalancerTask.java:initializeIteration(398)) - Utilization for node f52d6f4b-036c-4986-b65f-72517c5c7b6f with capacity 198642237440B, used 39728447488B, and remaining 158913789952B is 0.2
2023-09-08 11:18:59,670 [main] DEBUG balancer.ContainerBalancerTask (ContainerBalancerTask.java:initializeIteration(398)) - Utilization for node faa0991e-87f5-4348-9a71-84e36f7603a9 with capacity 300647710720B, used 30064771072B, and remaining 270582939648B is 0.1
2023-09-08 11:18:59,670 [main] DEBUG balancer.ContainerBalancerTask (ContainerBalancerTask.java:initializeIteration(398)) - Utilization for node 27ff5598-d008-435f-8a45-78122cf10002 with capacity 44023414784B, used 0B, and remaining 44023414784B is 0.0
2023-09-08 11:18:59,670 [main] INFO  balancer.ContainerBalancerTask (ContainerBalancerTask.java:initializeIteration(447)) - Container Balancer has identified 2 Over-Utilized and 0 Under-Utilized Datanodes that need to be balanced.
2023-09-08 11:18:59,671 [main] DEBUG balancer.ContainerBalancerTask (ContainerBalancerTask.java:lambda$initializeIteration$1(453)) - Datanode localhost-80.191.15.251 033f5b0f-81fa-4ba5-98fb-417d54462df6 is Over-Utilized.
2023-09-08 11:18:59,671 [main] DEBUG balancer.ContainerBalancerTask (ContainerBalancerTask.java:lambda$initializeIteration$1(453)) - Datanode localhost-119.185.211.138 464059bb-9124-49c2-99d6-bdd949bf83c5 is Over-Utilized.
2023-09-08 11:18:59,673 [main] DEBUG balancer.ContainerBalancerTask (ContainerBalancerTask.java:matchSourceWithTarget(708)) - ContainerBalancer is finding suitable target for source datanode 033f5b0f-81fa-4ba5-98fb-417d54462df6
2023-09-08 11:18:59,673 [main] INFO  balancer.FindTargetGreedyByUsageInfo (AbstractFindTargetGreedy.java:findTargetForContainerMove(133)) - Container Balancer could not find a target for source datanode 033f5b0f-81fa-4ba5-98fb-417d54462df6
2023-09-08 11:18:59,674 [main] DEBUG balancer.ContainerBalancerTask (ContainerBalancerTask.java:matchSourceWithTarget(717)) - ContainerBalancer could not find a suitable target for source node 033f5b0f-81fa-4ba5-98fb-417d54462df6.
2023-09-08 11:18:59,676 [main] DEBUG balancer.ContainerBalancerTask (ContainerBalancerTask.java:matchSourceWithTarget(708)) - ContainerBalancer is finding suitable target for source datanode 464059bb-9124-49c2-99d6-bdd949bf83c5
2023-09-08 11:18:59,676 [main] INFO  balancer.FindTargetGreedyByUsageInfo (AbstractFindTargetGreedy.java:findTargetForContainerMove(133)) - Container Balancer could not find a target for source datanode 464059bb-9124-49c2-99d6-bdd949bf83c5
2023-09-08 11:18:59,676 [main] DEBUG balancer.ContainerBalancerTask (ContainerBalancerTask.java:matchSourceWithTarget(717)) - ContainerBalancer could not find a suitable target for source node 464059bb-9124-49c2-99d6-bdd949bf83c5.
2023-09-08 11:18:59,677 [main] INFO  balancer.FindSourceGreedy (FindSourceGreedy.java:getNextCandidateSourceDataNode(126)) - no more candidate source data node
2023-09-08 11:18:59,677 [main] INFO  balancer.ContainerBalancerTask (ContainerBalancerTask.java:balance(259)) - Result of this iteration of Container Balancer: CAN_NOT_BALANCE_ANY_MORE
2023-09-08 11:18:59,677 [main] INFO  balancer.ContainerBalancerTask (ContainerBalancerTask.java:tryStopWithSaveConfiguration(308)) - Save Configuration for stopping. Reason: CAN_NOT_BALANCE_ANY_MORE
2023-09-08 11:18:59,677 [main] DEBUG balancer.ContainerBalancerTask (ContainerBalancerTask.java:initializeIteration(374)) - Average utilization of the cluster is 0.340830158141845
2023-09-08 11:18:59,677 [main] DEBUG balancer.ContainerBalancerTask (ContainerBalancerTask.java:initializeIteration(386)) - Lower limit for utilization is -0.5664637974427518 and Upper limit for utilization is 1.2481241137264416
2023-09-08 11:18:59,678 [main] DEBUG balancer.ContainerBalancerTask (ContainerBalancerTask.java:initializeIteration(398)) - Utilization for node 033f5b0f-81fa-4ba5-98fb-417d54462df6 with capacity 57266230613B, used 51539607552B, and remaining 5726623061B is 0.9000000000052387
2023-09-08 11:18:59,678 [main] DEBUG balancer.ContainerBalancerTask (ContainerBalancerTask.java:initializeIteration(398)) - Utilization for node 464059bb-9124-49c2-99d6-bdd949bf83c5 with capacity 76504104960B, used 61203283968B, and remaining 15300820992B is 0.8
2023-09-08 11:18:59,678 [main] DEBUG balancer.ContainerBalancerTask (ContainerBalancerTask.java:initializeIteration(398)) - Utilization for node 6f0e948d-d3f7-4dd9-806b-f49208325d33 with capacity 44483589851B, used 31138512896B, and remaining 13345076955B is 0.700000000006744
2023-09-08 11:18:59,678 [main] DEBUG balancer.ContainerBalancerTask (ContainerBalancerTask.java:initializeIteration(398)) - Utilization for node 85ab15db-3ad2-4d6d-9eb0-2227c1e80c63 with capacity 62634939733B, used 37580963840B, and remaining 25053975893B is 0.6000000000031931
2023-09-08 11:18:59,678 [main] DEBUG balancer.ContainerBalancerTask (ContainerBalancerTask.java:initializeIteration(398)) - Utilization for node 77b8b07c-1dfe-407f-8e29-190d2b6b8da3 with capacity 83751862272B, used 41875931136B, and remaining 41875931136B is 0.5
2023-09-08 11:18:59,678 [main] DEBUG balancer.ContainerBalancerTask (ContainerBalancerTask.java:initializeIteration(398)) - Utilization for node 13dd51a3-50bb-4709-bd07-ed54eb99f549 with capacity 136902082560B, used 54760833024B, and remaining 82141249536B is 0.4
2023-09-08 11:18:59,678 [main] DEBUG balancer.ContainerBalancerTask (ContainerBalancerTask.java:initializeIteration(398)) - Utilization for node 2260ca00-150a-4407-aef4-4c26696a81c2 with capacity 132428158293B, used 39728447488B, and remaining 92699710805B is 0.3000000000007551
2023-09-08 11:18:59,678 [main] DEBUG balancer.ContainerBalancerTask (ContainerBalancerTask.java:initializeIteration(398)) - Utilization for node f52d6f4b-036c-4986-b65f-72517c5c7b6f with capacity 198642237440B, used 39728447488B, and remaining 158913789952B is 0.2
2023-09-08 11:18:59,678 [main] DEBUG balancer.ContainerBalancerTask (ContainerBalancerTask.java:initializeIteration(398)) - Utilization for node faa0991e-87f5-4348-9a71-84e36f7603a9 with capacity 300647710720B, used 30064771072B, and remaining 270582939648B is 0.1
2023-09-08 11:18:59,678 [main] DEBUG balancer.ContainerBalancerTask (ContainerBalancerTask.java:initializeIteration(398)) - Utilization for node 27ff5598-d008-435f-8a45-78122cf10002 with capacity 44023414784B, used 0B, and remaining 44023414784B is 0.0
2023-09-08 11:18:59,678 [main] INFO  balancer.ContainerBalancerTask (ContainerBalancerTask.java:initializeIteration(443)) - Did not find any unbalanced Datanodes.
2023-09-08 11:18:59,678 [main] INFO  balancer.ContainerBalancerTask (ContainerBalancerTask.java:tryStopWithSaveConfiguration(308)) - Save Configuration for stopping. Reason: Could not initialize ContainerBalancer's iteration number 0
2023-09-08 11:18:59,679 [main] DEBUG balancer.ContainerBalancerTask (ContainerBalancerTask.java:initializeIteration(374)) - Average utilization of the cluster is 0.340830158141845
2023-09-08 11:18:59,679 [main] DEBUG balancer.ContainerBalancerTask (ContainerBalancerTask.java:initializeIteration(386)) - Lower limit for utilization is -0.20927708919578264 and Upper limit for utilization is 0.8909374054794725
2023-09-08 11:18:59,679 [main] DEBUG balancer.ContainerBalancerTask (ContainerBalancerTask.java:initializeIteration(398)) - Utilization for node 033f5b0f-81fa-4ba5-98fb-417d54462df6 with capacity 57266230613B, used 51539607552B, and remaining 5726623061B is 0.9000000000052387
2023-09-08 11:18:59,679 [main] DEBUG balancer.ContainerBalancerTask (ContainerBalancerTask.java:initializeIteration(398)) - Utilization for node 464059bb-9124-49c2-99d6-bdd949bf83c5 with capacity 76504104960B, used 61203283968B, and remaining 15300820992B is 0.8
2023-09-08 11:18:59,679 [main] DEBUG balancer.ContainerBalancerTask (ContainerBalancerTask.java:initializeIteration(398)) - Utilization for node 6f0e948d-d3f7-4dd9-806b-f49208325d33 with capacity 44483589851B, used 31138512896B, and remaining 13345076955B is 0.700000000006744
2023-09-08 11:18:59,680 [main] DEBUG balancer.ContainerBalancerTask (ContainerBalancerTask.java:initializeIteration(398)) - Utilization for node 85ab15db-3ad2-4d6d-9eb0-2227c1e80c63 with capacity 62634939733B, used 37580963840B, and remaining 25053975893B is 0.6000000000031931
2023-09-08 11:18:59,680 [main] DEBUG balancer.ContainerBalancerTask (ContainerBalancerTask.java:initializeIteration(398)) - Utilization for node 77b8b07c-1dfe-407f-8e29-190d2b6b8da3 with capacity 83751862272B, used 41875931136B, and remaining 41875931136B is 0.5
2023-09-08 11:18:59,680 [main] DEBUG balancer.ContainerBalancerTask (ContainerBalancerTask.java:initializeIteration(398)) - Utilization for node 13dd51a3-50bb-4709-bd07-ed54eb99f549 with capacity 136902082560B, used 54760833024B, and remaining 82141249536B is 0.4
2023-09-08 11:18:59,680 [main] DEBUG balancer.ContainerBalancerTask (ContainerBalancerTask.java:initializeIteration(398)) - Utilization for node 2260ca00-150a-4407-aef4-4c26696a81c2 with capacity 132428158293B, used 39728447488B, and remaining 92699710805B is 0.3000000000007551
2023-09-08 11:18:59,680 [main] DEBUG balancer.ContainerBalancerTask (ContainerBalancerTask.java:initializeIteration(398)) - Utilization for node f52d6f4b-036c-4986-b65f-72517c5c7b6f with capacity 198642237440B, used 39728447488B, and remaining 158913789952B is 0.2
2023-09-08 11:18:59,680 [main] DEBUG balancer.ContainerBalancerTask (ContainerBalancerTask.java:initializeIteration(398)) - Utilization for node faa0991e-87f5-4348-9a71-84e36f7603a9 with capacity 300647710720B, used 30064771072B, and remaining 270582939648B is 0.1
2023-09-08 11:18:59,680 [main] DEBUG balancer.ContainerBalancerTask (ContainerBalancerTask.java:initializeIteration(398)) - Utilization for node 27ff5598-d008-435f-8a45-78122cf10002 with capacity 44023414784B, used 0B, and remaining 44023414784B is 0.0
2023-09-08 11:18:59,680 [main] INFO  balancer.ContainerBalancerTask (ContainerBalancerTask.java:initializeIteration(447)) - Container Balancer has identified 1 Over-Utilized and 0 Under-Utilized Datanodes that need to be balanced.
2023-09-08 11:18:59,680 [main] DEBUG balancer.ContainerBalancerTask (ContainerBalancerTask.java:lambda$initializeIteration$1(453)) - Datanode localhost-80.191.15.251 033f5b0f-81fa-4ba5-98fb-417d54462df6 is Over-Utilized.
2023-09-08 11:18:59,683 [main] DEBUG balancer.ContainerBalancerTask (ContainerBalancerTask.java:matchSourceWithTarget(708)) - ContainerBalancer is finding suitable target for source datanode 033f5b0f-81fa-4ba5-98fb-417d54462df6
2023-09-08 11:18:59,683 [main] INFO  balancer.FindTargetGreedyByUsageInfo (AbstractFindTargetGreedy.java:findTargetForContainerMove(133)) - Container Balancer could not find a target for source datanode 033f5b0f-81fa-4ba5-98fb-417d54462df6
2023-09-08 11:18:59,683 [main] DEBUG balancer.ContainerBalancerTask (ContainerBalancerTask.java:matchSourceWithTarget(717)) - ContainerBalancer could not find a suitable target for source node 033f5b0f-81fa-4ba5-98fb-417d54462df6.
2023-09-08 11:18:59,683 [main] INFO  balancer.FindSourceGreedy (FindSourceGreedy.java:getNextCandidateSourceDataNode(126)) - no more candidate source data node
2023-09-08 11:18:59,683 [main] INFO  balancer.ContainerBalancerTask (ContainerBalancerTask.java:balance(259)) - Result of this iteration of Container Balancer: CAN_NOT_BALANCE_ANY_MORE
2023-09-08 11:18:59,683 [main] INFO  balancer.ContainerBalancerTask (ContainerBalancerTask.java:tryStopWithSaveConfiguration(308)) - Save Configuration for stopping. Reason: CAN_NOT_BALANCE_ANY_MORE
2023-09-08 11:18:59,684 [main] DEBUG balancer.ContainerBalancerTask (ContainerBalancerTask.java:initializeIteration(374)) - Average utilization of the cluster is 0.340830158141845
2023-09-08 11:18:59,684 [main] DEBUG balancer.ContainerBalancerTask (ContainerBalancerTask.java:initializeIteration(386)) - Lower limit for utilization is -0.5701511387271962 and Upper limit for utilization is 1.2518114550108863
2023-09-08 11:18:59,684 [main] DEBUG balancer.ContainerBalancerTask (ContainerBalancerTask.java:initializeIteration(398)) - Utilization for node 033f5b0f-81fa-4ba5-98fb-417d54462df6 with capacity 57266230613B, used 51539607552B, and remaining 5726623061B is 0.9000000000052387
2023-09-08 11:18:59,684 [main] DEBUG balancer.ContainerBalancerTask (ContainerBalancerTask.java:initializeIteration(398)) - Utilization for node 464059bb-9124-49c2-99d6-bdd949bf83c5 with capacity 76504104960B, used 61203283968B, and remaining 15300820992B is 0.8
2023-09-08 11:18:59,684 [main] DEBUG balancer.ContainerBalancerTask (ContainerBalancerTask.java:initializeIteration(398)) - Utilization for node 6f0e948d-d3f7-4dd9-806b-f49208325d33 with capacity 44483589851B, used 31138512896B, and remaining 13345076955B is 0.700000000006744
2023-09-08 11:18:59,684 [main] DEBUG balancer.ContainerBalancerTask (ContainerBalancerTask.java:initializeIteration(398)) - Utilization for node 85ab15db-3ad2-4d6d-9eb0-2227c1e80c63 with capacity 62634939733B, used 37580963840B, and remaining 25053975893B is 0.6000000000031931
2023-09-08 11:18:59,685 [main] DEBUG balancer.ContainerBalancerTask (ContainerBalancerTask.java:initializeIteration(398)) - Utilization for node 77b8b07c-1dfe-407f-8e29-190d2b6b8da3 with capacity 83751862272B, used 41875931136B, and remaining 41875931136B is 0.5
2023-09-08 11:18:59,685 [main] DEBUG balancer.ContainerBalancerTask (ContainerBalancerTask.java:initializeIteration(398)) - Utilization for node 13dd51a3-50bb-4709-bd07-ed54eb99f549 with capacity 136902082560B, used 54760833024B, and remaining 82141249536B is 0.4
2023-09-08 11:18:59,685 [main] DEBUG balancer.ContainerBalancerTask (ContainerBalancerTask.java:initializeIteration(398)) - Utilization for node 2260ca00-150a-4407-aef4-4c26696a81c2 with capacity 132428158293B, used 39728447488B, and remaining 92699710805B is 0.3000000000007551
2023-09-08 11:18:59,685 [main] DEBUG balancer.ContainerBalancerTask (ContainerBalancerTask.java:initializeIteration(398)) - Utilization for node f52d6f4b-036c-4986-b65f-72517c5c7b6f with capacity 198642237440B, used 39728447488B, and remaining 158913789952B is 0.2
2023-09-08 11:18:59,685 [main] DEBUG balancer.ContainerBalancerTask (ContainerBalancerTask.java:initializeIteration(398)) - Utilization for node faa0991e-87f5-4348-9a71-84e36f7603a9 with capacity 300647710720B, used 30064771072B, and remaining 270582939648B is 0.1
2023-09-08 11:18:59,685 [main] DEBUG balancer.ContainerBalancerTask (ContainerBalancerTask.java:initializeIteration(398)) - Utilization for node 27ff5598-d008-435f-8a45-78122cf10002 with capacity 44023414784B, used 0B, and remaining 44023414784B is 0.0
2023-09-08 11:18:59,685 [main] INFO  balancer.ContainerBalancerTask (ContainerBalancerTask.java:initializeIteration(443)) - Did not find any unbalanced Datanodes.
2023-09-08 11:18:59,685 [main] INFO  balancer.ContainerBalancerTask (ContainerBalancerTask.java:tryStopWithSaveConfiguration(308)) - Save Configuration for stopping. Reason: Could not initialize ContainerBalancer's iteration number 0
2023-09-08 11:18:59,686 [main] DEBUG balancer.ContainerBalancerTask (ContainerBalancerTask.java:initializeIteration(374)) - Average utilization of the cluster is 0.340830158141845
2023-09-08 11:18:59,686 [main] DEBUG balancer.ContainerBalancerTask (ContainerBalancerTask.java:initializeIteration(386)) - Lower limit for utilization is -0.036620619613996375 and Upper limit for utilization is 0.7182809358976863
2023-09-08 11:18:59,686 [main] DEBUG balancer.ContainerBalancerTask (ContainerBalancerTask.java:initializeIteration(398)) - Utilization for node 033f5b0f-81fa-4ba5-98fb-417d54462df6 with capacity 57266230613B, used 51539607552B, and remaining 5726623061B is 0.9000000000052387
2023-09-08 11:18:59,686 [main] DEBUG balancer.ContainerBalancerTask (ContainerBalancerTask.java:initializeIteration(398)) - Utilization for node 464059bb-9124-49c2-99d6-bdd949bf83c5 with capacity 76504104960B, used 61203283968B, and remaining 15300820992B is 0.8
2023-09-08 11:18:59,686 [main] DEBUG balancer.ContainerBalancerTask (ContainerBalancerTask.java:initializeIteration(398)) - Utilization for node 6f0e948d-d3f7-4dd9-806b-f49208325d33 with capacity 44483589851B, used 31138512896B, and remaining 13345076955B is 0.700000000006744
2023-09-08 11:18:59,686 [main] DEBUG balancer.ContainerBalancerTask (ContainerBalancerTask.java:initializeIteration(398)) - Utilization for node 85ab15db-3ad2-4d6d-9eb0-2227c1e80c63 with capacity 62634939733B, used 37580963840B, and remaining 25053975893B is 0.6000000000031931
2023-09-08 11:18:59,686 [main] DEBUG balancer.ContainerBalancerTask (ContainerBalancerTask.java:initializeIteration(398)) - Utilization for node 77b8b07c-1dfe-407f-8e29-190d2b6b8da3 with capacity 83751862272B, used 41875931136B, and remaining 41875931136B is 0.5
2023-09-08 11:18:59,686 [main] DEBUG balancer.ContainerBalancerTask (ContainerBalancerTask.java:initializeIteration(398)) - Utilization for node 13dd51a3-50bb-4709-bd07-ed54eb99f549 with capacity 136902082560B, used 54760833024B, and remaining 82141249536B is 0.4
2023-09-08 11:18:59,686 [main] DEBUG balancer.ContainerBalancerTask (ContainerBalancerTask.java:initializeIteration(398)) - Utilization for node 2260ca00-150a-4407-aef4-4c26696a81c2 with capacity 132428158293B, used 39728447488B, and remaining 92699710805B is 0.3000000000007551
2023-09-08 11:18:59,687 [main] DEBUG balancer.ContainerBalancerTask (ContainerBalancerTask.java:initializeIteration(398)) - Utilization for node f52d6f4b-036c-4986-b65f-72517c5c7b6f with capacity 198642237440B, used 39728447488B, and remaining 158913789952B is 0.2
2023-09-08 11:18:59,687 [main] DEBUG balancer.ContainerBalancerTask (ContainerBalancerTask.java:initializeIteration(398)) - Utilization for node faa0991e-87f5-4348-9a71-84e36f7603a9 with capacity 300647710720B, used 30064771072B, and remaining 270582939648B is 0.1
2023-09-08 11:18:59,687 [main] DEBUG balancer.ContainerBalancerTask (ContainerBalancerTask.java:initializeIteration(398)) - Utilization for node 27ff5598-d008-435f-8a45-78122cf10002 with capacity 44023414784B, used 0B, and remaining 44023414784B is 0.0
2023-09-08 11:18:59,687 [main] INFO  balancer.ContainerBalancerTask (ContainerBalancerTask.java:initializeIteration(447)) - Container Balancer has identified 2 Over-Utilized and 0 Under-Utilized Datanodes that need to be balanced.
2023-09-08 11:18:59,687 [main] DEBUG balancer.ContainerBalancerTask (ContainerBalancerTask.java:lambda$initializeIteration$1(453)) - Datanode localhost-80.191.15.251 033f5b0f-81fa-4ba5-98fb-417d54462df6 is Over-Utilized.
2023-09-08 11:18:59,687 [main] DEBUG balancer.ContainerBalancerTask (ContainerBalancerTask.java:lambda$initializeIteration$1(453)) - Datanode localhost-119.185.211.138 464059bb-9124-49c2-99d6-bdd949bf83c5 is Over-Utilized.
2023-09-08 11:18:59,690 [main] DEBUG balancer.ContainerBalancerTask (ContainerBalancerTask.java:matchSourceWithTarget(708)) - ContainerBalancer is finding suitable target for source datanode 033f5b0f-81fa-4ba5-98fb-417d54462df6
2023-09-08 11:18:59,690 [main] INFO  balancer.FindTargetGreedyByUsageInfo (AbstractFindTargetGreedy.java:findTargetForContainerMove(133)) - Container Balancer could not find a target for source datanode 033f5b0f-81fa-4ba5-98fb-417d54462df6
2023-09-08 11:18:59,690 [main] DEBUG balancer.ContainerBalancerTask (ContainerBalancerTask.java:matchSourceWithTarget(717)) - ContainerBalancer could not find a suitable target for source node 033f5b0f-81fa-4ba5-98fb-417d54462df6.
2023-09-08 11:18:59,693 [main] DEBUG balancer.ContainerBalancerTask (ContainerBalancerTask.java:matchSourceWithTarget(708)) - ContainerBalancer is finding suitable target for source datanode 464059bb-9124-49c2-99d6-bdd949bf83c5
2023-09-08 11:18:59,693 [main] INFO  balancer.FindTargetGreedyByUsageInfo (AbstractFindTargetGreedy.java:findTargetForContainerMove(133)) - Container Balancer could not find a target for source datanode 464059bb-9124-49c2-99d6-bdd949bf83c5
2023-09-08 11:18:59,693 [main] DEBUG balancer.ContainerBalancerTask (ContainerBalancerTask.java:matchSourceWithTarget(717)) - ContainerBalancer could not find a suitable target for source node 464059bb-9124-49c2-99d6-bdd949bf83c5.
2023-09-08 11:18:59,693 [main] INFO  balancer.FindSourceGreedy (FindSourceGreedy.java:getNextCandidateSourceDataNode(126)) - no more candidate source data node
2023-09-08 11:18:59,693 [main] INFO  balancer.ContainerBalancerTask (ContainerBalancerTask.java:balance(259)) - Result of this iteration of Container Balancer: CAN_NOT_BALANCE_ANY_MORE
2023-09-08 11:18:59,693 [main] INFO  balancer.ContainerBalancerTask (ContainerBalancerTask.java:tryStopWithSaveConfiguration(308)) - Save Configuration for stopping. Reason: CAN_NOT_BALANCE_ANY_MORE
2023-09-08 11:18:59,694 [main] DEBUG balancer.ContainerBalancerTask (ContainerBalancerTask.java:initializeIteration(374)) - Average utilization of the cluster is 0.340830158141845
2023-09-08 11:18:59,694 [main] DEBUG balancer.ContainerBalancerTask (ContainerBalancerTask.java:initializeIteration(386)) - Lower limit for utilization is -0.17031832926492202 and Upper limit for utilization is 0.851978645548612
2023-09-08 11:18:59,694 [main] DEBUG balancer.ContainerBalancerTask (ContainerBalancerTask.java:initializeIteration(398)) - Utilization for node 033f5b0f-81fa-4ba5-98fb-417d54462df6 with capacity 57266230613B, used 51539607552B, and remaining 5726623061B is 0.9000000000052387
2023-09-08 11:18:59,694 [main] DEBUG balancer.ContainerBalancerTask (ContainerBalancerTask.java:initializeIteration(398)) - Utilization for node 464059bb-9124-49c2-99d6-bdd949bf83c5 with capacity 76504104960B, used 61203283968B, and remaining 15300820992B is 0.8
2023-09-08 11:18:59,694 [main] DEBUG balancer.ContainerBalancerTask (ContainerBalancerTask.java:initializeIteration(398)) - Utilization for node 6f0e948d-d3f7-4dd9-806b-f49208325d33 with capacity 44483589851B, used 31138512896B, and remaining 13345076955B is 0.700000000006744
2023-09-08 11:18:59,694 [main] DEBUG balancer.ContainerBalancerTask (ContainerBalancerTask.java:initializeIteration(398)) - Utilization for node 85ab15db-3ad2-4d6d-9eb0-2227c1e80c63 with capacity 62634939733B, used 37580963840B, and remaining 25053975893B is 0.6000000000031931
2023-09-08 11:18:59,694 [main] DEBUG balancer.ContainerBalancerTask (ContainerBalancerTask.java:initializeIteration(398)) - Utilization for node 77b8b07c-1dfe-407f-8e29-190d2b6b8da3 with capacity 83751862272B, used 41875931136B, and remaining 41875931136B is 0.5
2023-09-08 11:18:59,694 [main] DEBUG balancer.ContainerBalancerTask (ContainerBalancerTask.java:initializeIteration(398)) - Utilization for node 13dd51a3-50bb-4709-bd07-ed54eb99f549 with capacity 136902082560B, used 54760833024B, and remaining 82141249536B is 0.4
2023-09-08 11:18:59,694 [main] DEBUG balancer.ContainerBalancerTask (ContainerBalancerTask.java:initializeIteration(398)) - Utilization for node 2260ca00-150a-4407-aef4-4c26696a81c2 with capacity 132428158293B, used 39728447488B, and remaining 92699710805B is 0.3000000000007551
2023-09-08 11:18:59,694 [main] DEBUG balancer.ContainerBalancerTask (ContainerBalancerTask.java:initializeIteration(398)) - Utilization for node f52d6f4b-036c-4986-b65f-72517c5c7b6f with capacity 198642237440B, used 39728447488B, and remaining 158913789952B is 0.2
2023-09-08 11:18:59,694 [main] DEBUG balancer.ContainerBalancerTask (ContainerBalancerTask.java:initializeIteration(398)) - Utilization for node faa0991e-87f5-4348-9a71-84e36f7603a9 with capacity 300647710720B, used 30064771072B, and remaining 270582939648B is 0.1
2023-09-08 11:18:59,695 [main] DEBUG balancer.ContainerBalancerTask (ContainerBalancerTask.java:initializeIteration(398)) - Utilization for node 27ff5598-d008-435f-8a45-78122cf10002 with capacity 44023414784B, used 0B, and remaining 44023414784B is 0.0
2023-09-08 11:18:59,695 [main] INFO  balancer.ContainerBalancerTask (ContainerBalancerTask.java:initializeIteration(447)) - Container Balancer has identified 1 Over-Utilized and 0 Under-Utilized Datanodes that need to be balanced.
2023-09-08 11:18:59,695 [main] DEBUG balancer.ContainerBalancerTask (ContainerBalancerTask.java:lambda$initializeIteration$1(453)) - Datanode localhost-80.191.15.251 033f5b0f-81fa-4ba5-98fb-417d54462df6 is Over-Utilized.
2023-09-08 11:18:59,697 [main] DEBUG balancer.ContainerBalancerTask (ContainerBalancerTask.java:matchSourceWithTarget(708)) - ContainerBalancer is finding suitable target for source datanode 033f5b0f-81fa-4ba5-98fb-417d54462df6
2023-09-08 11:18:59,697 [main] INFO  balancer.FindTargetGreedyByUsageInfo (AbstractFindTargetGreedy.java:findTargetForContainerMove(133)) - Container Balancer could not find a target for source datanode 033f5b0f-81fa-4ba5-98fb-417d54462df6
2023-09-08 11:18:59,698 [main] DEBUG balancer.ContainerBalancerTask (ContainerBalancerTask.java:matchSourceWithTarget(717)) - ContainerBalancer could not find a suitable target for source node 033f5b0f-81fa-4ba5-98fb-417d54462df6.
2023-09-08 11:18:59,698 [main] INFO  balancer.FindSourceGreedy (FindSourceGreedy.java:getNextCandidateSourceDataNode(126)) - no more candidate source data node
2023-09-08 11:18:59,698 [main] INFO  balancer.ContainerBalancerTask (ContainerBalancerTask.java:balance(259)) - Result of this iteration of Container Balancer: CAN_NOT_BALANCE_ANY_MORE
2023-09-08 11:18:59,698 [main] INFO  balancer.ContainerBalancerTask (ContainerBalancerTask.java:tryStopWithSaveConfiguration(308)) - Save Configuration for stopping. Reason: CAN_NOT_BALANCE_ANY_MORE
2023-09-08 11:18:59,699 [main] DEBUG balancer.ContainerBalancerTask (ContainerBalancerTask.java:initializeIteration(374)) - Average utilization of the cluster is 0.340830158141845
2023-09-08 11:18:59,699 [main] DEBUG balancer.ContainerBalancerTask (ContainerBalancerTask.java:initializeIteration(386)) - Lower limit for utilization is -0.586548336161429 and Upper limit for utilization is 1.2682086524451188
2023-09-08 11:18:59,699 [main] DEBUG balancer.ContainerBalancerTask (ContainerBalancerTask.java:initializeIteration(398)) - Utilization for node 033f5b0f-81fa-4ba5-98fb-417d54462df6 with capacity 57266230613B, used 51539607552B, and remaining 5726623061B is 0.9000000000052387
2023-09-08 11:18:59,699 [main] DEBUG balancer.ContainerBalancerTask (ContainerBalancerTask.java:initializeIteration(398)) - Utilization for node 464059bb-9124-49c2-99d6-bdd949bf83c5 with capacity 76504104960B, used 61203283968B, and remaining 15300820992B is 0.8
2023-09-08 11:18:59,701 [main] DEBUG balancer.ContainerBalancerTask (ContainerBalancerTask.java:initializeIteration(398)) - Utilization for node 6f0e948d-d3f7-4dd9-806b-f49208325d33 with capacity 44483589851B, used 31138512896B, and remaining 13345076955B is 0.700000000006744
2023-09-08 11:18:59,701 [main] DEBUG balancer.ContainerBalancerTask (ContainerBalancerTask.java:initializeIteration(398)) - Utilization for node 85ab15db-3ad2-4d6d-9eb0-2227c1e80c63 with capacity 62634939733B, used 37580963840B, and remaining 25053975893B is 0.6000000000031931
2023-09-08 11:18:59,701 [main] DEBUG balancer.ContainerBalancerTask (ContainerBalancerTask.java:initializeIteration(398)) - Utilization for node 77b8b07c-1dfe-407f-8e29-190d2b6b8da3 with capacity 83751862272B, used 41875931136B, and remaining 41875931136B is 0.5
2023-09-08 11:18:59,701 [main] DEBUG balancer.ContainerBalancerTask (ContainerBalancerTask.java:initializeIteration(398)) - Utilization for node 13dd51a3-50bb-4709-bd07-ed54eb99f549 with capacity 136902082560B, used 54760833024B, and remaining 82141249536B is 0.4
2023-09-08 11:18:59,701 [main] DEBUG balancer.ContainerBalancerTask (ContainerBalancerTask.java:initializeIteration(398)) - Utilization for node 2260ca00-150a-4407-aef4-4c26696a81c2 with capacity 132428158293B, used 39728447488B, and remaining 92699710805B is 0.3000000000007551
2023-09-08 11:18:59,701 [main] DEBUG balancer.ContainerBalancerTask (ContainerBalancerTask.java:initializeIteration(398)) - Utilization for node f52d6f4b-036c-4986-b65f-72517c5c7b6f with capacity 198642237440B, used 39728447488B, and remaining 158913789952B is 0.2
2023-09-08 11:18:59,701 [main] DEBUG balancer.ContainerBalancerTask (ContainerBalancerTask.java:initializeIteration(398)) - Utilization for node faa0991e-87f5-4348-9a71-84e36f7603a9 with capacity 300647710720B, used 30064771072B, and remaining 270582939648B is 0.1
2023-09-08 11:18:59,701 [main] DEBUG balancer.ContainerBalancerTask (ContainerBalancerTask.java:initializeIteration(398)) - Utilization for node 27ff5598-d008-435f-8a45-78122cf10002 with capacity 44023414784B, used 0B, and remaining 44023414784B is 0.0
2023-09-08 11:18:59,702 [main] INFO  balancer.ContainerBalancerTask (ContainerBalancerTask.java:initializeIteration(443)) - Did not find any unbalanced Datanodes.
2023-09-08 11:18:59,702 [main] INFO  balancer.ContainerBalancerTask (ContainerBalancerTask.java:tryStopWithSaveConfiguration(308)) - Save Configuration for stopping. Reason: Could not initialize ContainerBalancer's iteration number 0
2023-09-08 11:18:59,702 [main] DEBUG balancer.ContainerBalancerTask (ContainerBalancerTask.java:initializeIteration(374)) - Average utilization of the cluster is 0.340830158141845
2023-09-08 11:18:59,702 [main] DEBUG balancer.ContainerBalancerTask (ContainerBalancerTask.java:initializeIteration(386)) - Lower limit for utilization is -0.6347320981662787 and Upper limit for utilization is 1.3163924144499688
2023-09-08 11:18:59,702 [main] DEBUG balancer.ContainerBalancerTask (ContainerBalancerTask.java:initializeIteration(398)) - Utilization for node 033f5b0f-81fa-4ba5-98fb-417d54462df6 with capacity 57266230613B, used 51539607552B, and remaining 5726623061B is 0.9000000000052387
2023-09-08 11:18:59,703 [main] DEBUG balancer.ContainerBalancerTask (ContainerBalancerTask.java:initializeIteration(398)) - Utilization for node 464059bb-9124-49c2-99d6-bdd949bf83c5 with capacity 76504104960B, used 61203283968B, and remaining 15300820992B is 0.8
2023-09-08 11:18:59,703 [main] DEBUG balancer.ContainerBalancerTask (ContainerBalancerTask.java:initializeIteration(398)) - Utilization for node 6f0e948d-d3f7-4dd9-806b-f49208325d33 with capacity 44483589851B, used 31138512896B, and remaining 13345076955B is 0.700000000006744
2023-09-08 11:18:59,703 [main] DEBUG balancer.ContainerBalancerTask (ContainerBalancerTask.java:initializeIteration(398)) - Utilization for node 85ab15db-3ad2-4d6d-9eb0-2227c1e80c63 with capacity 62634939733B, used 37580963840B, and remaining 25053975893B is 0.6000000000031931
2023-09-08 11:18:59,703 [main] DEBUG balancer.ContainerBalancerTask (ContainerBalancerTask.java:initializeIteration(398)) - Utilization for node 77b8b07c-1dfe-407f-8e29-190d2b6b8da3 with capacity 83751862272B, used 41875931136B, and remaining 41875931136B is 0.5
2023-09-08 11:18:59,703 [main] DEBUG balancer.ContainerBalancerTask (ContainerBalancerTask.java:initializeIteration(398)) - Utilization for node 13dd51a3-50bb-4709-bd07-ed54eb99f549 with capacity 136902082560B, used 54760833024B, and remaining 82141249536B is 0.4
2023-09-08 11:18:59,703 [main] DEBUG balancer.ContainerBalancerTask (ContainerBalancerTask.java:initializeIteration(398)) - Utilization for node 2260ca00-150a-4407-aef4-4c26696a81c2 with capacity 132428158293B, used 39728447488B, and remaining 92699710805B is 0.3000000000007551
2023-09-08 11:18:59,703 [main] DEBUG balancer.ContainerBalancerTask (ContainerBalancerTask.java:initializeIteration(398)) - Utilization for node f52d6f4b-036c-4986-b65f-72517c5c7b6f with capacity 198642237440B, used 39728447488B, and remaining 158913789952B is 0.2
2023-09-08 11:18:59,703 [main] DEBUG balancer.ContainerBalancerTask (ContainerBalancerTask.java:initializeIteration(398)) - Utilization for node faa0991e-87f5-4348-9a71-84e36f7603a9 with capacity 300647710720B, used 30064771072B, and remaining 270582939648B is 0.1
2023-09-08 11:18:59,703 [main] DEBUG balancer.ContainerBalancerTask (ContainerBalancerTask.java:initializeIteration(398)) - Utilization for node 27ff5598-d008-435f-8a45-78122cf10002 with capacity 44023414784B, used 0B, and remaining 44023414784B is 0.0
2023-09-08 11:18:59,703 [main] INFO  balancer.ContainerBalancerTask (ContainerBalancerTask.java:initializeIteration(443)) - Did not find any unbalanced Datanodes.
2023-09-08 11:18:59,703 [main] INFO  balancer.ContainerBalancerTask (ContainerBalancerTask.java:tryStopWithSaveConfiguration(308)) - Save Configuration for stopping. Reason: Could not initialize ContainerBalancer's iteration number 0
2023-09-08 11:18:59,704 [main] DEBUG balancer.ContainerBalancerTask (ContainerBalancerTask.java:initializeIteration(374)) - Average utilization of the cluster is 0.340830158141845
2023-09-08 11:18:59,704 [main] DEBUG balancer.ContainerBalancerTask (ContainerBalancerTask.java:initializeIteration(386)) - Lower limit for utilization is -0.1763205318835082 and Upper limit for utilization is 0.8579808481671982
2023-09-08 11:18:59,704 [main] DEBUG balancer.ContainerBalancerTask (ContainerBalancerTask.java:initializeIteration(398)) - Utilization for node 033f5b0f-81fa-4ba5-98fb-417d54462df6 with capacity 57266230613B, used 51539607552B, and remaining 5726623061B is 0.9000000000052387
2023-09-08 11:18:59,704 [main] DEBUG balancer.ContainerBalancerTask (ContainerBalancerTask.java:initializeIteration(398)) - Utilization for node 464059bb-9124-49c2-99d6-bdd949bf83c5 with capacity 76504104960B, used 61203283968B, and remaining 15300820992B is 0.8
2023-09-08 11:18:59,704 [main] DEBUG balancer.ContainerBalancerTask (ContainerBalancerTask.java:initializeIteration(398)) - Utilization for node 6f0e948d-d3f7-4dd9-806b-f49208325d33 with capacity 44483589851B, used 31138512896B, and remaining 13345076955B is 0.700000000006744
2023-09-08 11:18:59,705 [main] DEBUG balancer.ContainerBalancerTask (ContainerBalancerTask.java:initializeIteration(398)) - Utilization for node 85ab15db-3ad2-4d6d-9eb0-2227c1e80c63 with capacity 62634939733B, used 37580963840B, and remaining 25053975893B is 0.6000000000031931
2023-09-08 11:18:59,705 [main] DEBUG balancer.ContainerBalancerTask (ContainerBalancerTask.java:initializeIteration(398)) - Utilization for node 77b8b07c-1dfe-407f-8e29-190d2b6b8da3 with capacity 83751862272B, used 41875931136B, and remaining 41875931136B is 0.5
2023-09-08 11:18:59,705 [main] DEBUG balancer.ContainerBalancerTask (ContainerBalancerTask.java:initializeIteration(398)) - Utilization for node 13dd51a3-50bb-4709-bd07-ed54eb99f549 with capacity 136902082560B, used 54760833024B, and remaining 82141249536B is 0.4
2023-09-08 11:18:59,705 [main] DEBUG balancer.ContainerBalancerTask (ContainerBalancerTask.java:initializeIteration(398)) - Utilization for node 2260ca00-150a-4407-aef4-4c26696a81c2 with capacity 132428158293B, used 39728447488B, and remaining 92699710805B is 0.3000000000007551
2023-09-08 11:18:59,705 [main] DEBUG balancer.ContainerBalancerTask (ContainerBalancerTask.java:initializeIteration(398)) - Utilization for node f52d6f4b-036c-4986-b65f-72517c5c7b6f with capacity 198642237440B, used 39728447488B, and remaining 158913789952B is 0.2
2023-09-08 11:18:59,705 [main] DEBUG balancer.ContainerBalancerTask (ContainerBalancerTask.java:initializeIteration(398)) - Utilization for node faa0991e-87f5-4348-9a71-84e36f7603a9 with capacity 300647710720B, used 30064771072B, and remaining 270582939648B is 0.1
2023-09-08 11:18:59,705 [main] DEBUG balancer.ContainerBalancerTask (ContainerBalancerTask.java:initializeIteration(398)) - Utilization for node 27ff5598-d008-435f-8a45-78122cf10002 with capacity 44023414784B, used 0B, and remaining 44023414784B is 0.0
2023-09-08 11:18:59,705 [main] INFO  balancer.ContainerBalancerTask (ContainerBalancerTask.java:initializeIteration(447)) - Container Balancer has identified 1 Over-Utilized and 0 Under-Utilized Datanodes that need to be balanced.
2023-09-08 11:18:59,705 [main] DEBUG balancer.ContainerBalancerTask (ContainerBalancerTask.java:lambda$initializeIteration$1(453)) - Datanode localhost-80.191.15.251 033f5b0f-81fa-4ba5-98fb-417d54462df6 is Over-Utilized.
2023-09-08 11:18:59,708 [main] DEBUG balancer.ContainerBalancerTask (ContainerBalancerTask.java:matchSourceWithTarget(708)) - ContainerBalancer is finding suitable target for source datanode 033f5b0f-81fa-4ba5-98fb-417d54462df6
2023-09-08 11:18:59,708 [main] INFO  balancer.FindTargetGreedyByUsageInfo (AbstractFindTargetGreedy.java:findTargetForContainerMove(133)) - Container Balancer could not find a target for source datanode 033f5b0f-81fa-4ba5-98fb-417d54462df6
2023-09-08 11:18:59,708 [main] DEBUG balancer.ContainerBalancerTask (ContainerBalancerTask.java:matchSourceWithTarget(717)) - ContainerBalancer could not find a suitable target for source node 033f5b0f-81fa-4ba5-98fb-417d54462df6.
2023-09-08 11:18:59,708 [main] INFO  balancer.FindSourceGreedy (FindSourceGreedy.java:getNextCandidateSourceDataNode(126)) - no more candidate source data node
2023-09-08 11:18:59,708 [main] INFO  balancer.ContainerBalancerTask (ContainerBalancerTask.java:balance(259)) - Result of this iteration of Container Balancer: CAN_NOT_BALANCE_ANY_MORE
2023-09-08 11:18:59,708 [main] INFO  balancer.ContainerBalancerTask (ContainerBalancerTask.java:tryStopWithSaveConfiguration(308)) - Save Configuration for stopping. Reason: CAN_NOT_BALANCE_ANY_MORE
2023-09-08 11:18:59,709 [main] DEBUG balancer.ContainerBalancerTask (ContainerBalancerTask.java:initializeIteration(374)) - Average utilization of the cluster is 0.340830158141845
2023-09-08 11:18:59,709 [main] DEBUG balancer.ContainerBalancerTask (ContainerBalancerTask.java:initializeIteration(386)) - Lower limit for utilization is -0.6290454022183367 and Upper limit for utilization is 1.3107057185020266
2023-09-08 11:18:59,709 [main] DEBUG balancer.ContainerBalancerTask (ContainerBalancerTask.java:initializeIteration(398)) - Utilization for node 033f5b0f-81fa-4ba5-98fb-417d54462df6 with capacity 57266230613B, used 51539607552B, and remaining 5726623061B is 0.9000000000052387
2023-09-08 11:18:59,709 [main] DEBUG balancer.ContainerBalancerTask (ContainerBalancerTask.java:initializeIteration(398)) - Utilization for node 464059bb-9124-49c2-99d6-bdd949bf83c5 with capacity 76504104960B, used 61203283968B, and remaining 15300820992B is 0.8
2023-09-08 11:18:59,709 [main] DEBUG balancer.ContainerBalancerTask (ContainerBalancerTask.java:initializeIteration(398)) - Utilization for node 6f0e948d-d3f7-4dd9-806b-f49208325d33 with capacity 44483589851B, used 31138512896B, and remaining 13345076955B is 0.700000000006744
2023-09-08 11:18:59,709 [main] DEBUG balancer.ContainerBalancerTask (ContainerBalancerTask.java:initializeIteration(398)) - Utilization for node 85ab15db-3ad2-4d6d-9eb0-2227c1e80c63 with capacity 62634939733B, used 37580963840B, and remaining 25053975893B is 0.6000000000031931
2023-09-08 11:18:59,710 [main] DEBUG balancer.ContainerBalancerTask (ContainerBalancerTask.java:initializeIteration(398)) - Utilization for node 77b8b07c-1dfe-407f-8e29-190d2b6b8da3 with capacity 83751862272B, used 41875931136B, and remaining 41875931136B is 0.5
2023-09-08 11:18:59,710 [main] DEBUG balancer.ContainerBalancerTask (ContainerBalancerTask.java:initializeIteration(398)) - Utilization for node 13dd51a3-50bb-4709-bd07-ed54eb99f549 with capacity 136902082560B, used 54760833024B, and remaining 82141249536B is 0.4
2023-09-08 11:18:59,710 [main] DEBUG balancer.ContainerBalancerTask (ContainerBalancerTask.java:initializeIteration(398)) - Utilization for node 2260ca00-150a-4407-aef4-4c26696a81c2 with capacity 132428158293B, used 39728447488B, and remaining 92699710805B is 0.3000000000007551
2023-09-08 11:18:59,710 [main] DEBUG balancer.ContainerBalancerTask (ContainerBalancerTask.java:initializeIteration(398)) - Utilization for node f52d6f4b-036c-4986-b65f-72517c5c7b6f with capacity 198642237440B, used 39728447488B, and remaining 158913789952B is 0.2
2023-09-08 11:18:59,710 [main] DEBUG balancer.ContainerBalancerTask (ContainerBalancerTask.java:initializeIteration(398)) - Utilization for node faa0991e-87f5-4348-9a71-84e36f7603a9 with capacity 300647710720B, used 30064771072B, and remaining 270582939648B is 0.1
2023-09-08 11:18:59,710 [main] DEBUG balancer.ContainerBalancerTask (ContainerBalancerTask.java:initializeIteration(398)) - Utilization for node 27ff5598-d008-435f-8a45-78122cf10002 with capacity 44023414784B, used 0B, and remaining 44023414784B is 0.0
2023-09-08 11:18:59,710 [main] INFO  balancer.ContainerBalancerTask (ContainerBalancerTask.java:initializeIteration(443)) - Did not find any unbalanced Datanodes.
2023-09-08 11:18:59,710 [main] INFO  balancer.ContainerBalancerTask (ContainerBalancerTask.java:tryStopWithSaveConfiguration(308)) - Save Configuration for stopping. Reason: Could not initialize ContainerBalancer's iteration number 0
2023-09-08 11:18:59,711 [main] DEBUG balancer.ContainerBalancerTask (ContainerBalancerTask.java:initializeIteration(374)) - Average utilization of the cluster is 0.340830158141845
2023-09-08 11:18:59,711 [main] DEBUG balancer.ContainerBalancerTask (ContainerBalancerTask.java:initializeIteration(386)) - Lower limit for utilization is -0.6421282134708775 and Upper limit for utilization is 1.3237885297545673
2023-09-08 11:18:59,711 [main] DEBUG balancer.ContainerBalancerTask (ContainerBalancerTask.java:initializeIteration(398)) - Utilization for node 033f5b0f-81fa-4ba5-98fb-417d54462df6 with capacity 57266230613B, used 51539607552B, and remaining 5726623061B is 0.9000000000052387
2023-09-08 11:18:59,711 [main] DEBUG balancer.ContainerBalancerTask (ContainerBalancerTask.java:initializeIteration(398)) - Utilization for node 464059bb-9124-49c2-99d6-bdd949bf83c5 with capacity 76504104960B, used 61203283968B, and remaining 15300820992B is 0.8
2023-09-08 11:18:59,711 [main] DEBUG balancer.ContainerBalancerTask (ContainerBalancerTask.java:initializeIteration(398)) - Utilization for node 6f0e948d-d3f7-4dd9-806b-f49208325d33 with capacity 44483589851B, used 31138512896B, and remaining 13345076955B is 0.700000000006744
2023-09-08 11:18:59,711 [main] DEBUG balancer.ContainerBalancerTask (ContainerBalancerTask.java:initializeIteration(398)) - Utilization for node 85ab15db-3ad2-4d6d-9eb0-2227c1e80c63 with capacity 62634939733B, used 37580963840B, and remaining 25053975893B is 0.6000000000031931
2023-09-08 11:18:59,711 [main] DEBUG balancer.ContainerBalancerTask (ContainerBalancerTask.java:initializeIteration(398)) - Utilization for node 77b8b07c-1dfe-407f-8e29-190d2b6b8da3 with capacity 83751862272B, used 41875931136B, and remaining 41875931136B is 0.5
2023-09-08 11:18:59,711 [main] DEBUG balancer.ContainerBalancerTask (ContainerBalancerTask.java:initializeIteration(398)) - Utilization for node 13dd51a3-50bb-4709-bd07-ed54eb99f549 with capacity 136902082560B, used 54760833024B, and remaining 82141249536B is 0.4
2023-09-08 11:18:59,712 [main] DEBUG balancer.ContainerBalancerTask (ContainerBalancerTask.java:initializeIteration(398)) - Utilization for node 2260ca00-150a-4407-aef4-4c26696a81c2 with capacity 132428158293B, used 39728447488B, and remaining 92699710805B is 0.3000000000007551
2023-09-08 11:18:59,712 [main] DEBUG balancer.ContainerBalancerTask (ContainerBalancerTask.java:initializeIteration(398)) - Utilization for node f52d6f4b-036c-4986-b65f-72517c5c7b6f with capacity 198642237440B, used 39728447488B, and remaining 158913789952B is 0.2
2023-09-08 11:18:59,712 [main] DEBUG balancer.ContainerBalancerTask (ContainerBalancerTask.java:initializeIteration(398)) - Utilization for node faa0991e-87f5-4348-9a71-84e36f7603a9 with capacity 300647710720B, used 30064771072B, and remaining 270582939648B is 0.1
2023-09-08 11:18:59,712 [main] DEBUG balancer.ContainerBalancerTask (ContainerBalancerTask.java:initializeIteration(398)) - Utilization for node 27ff5598-d008-435f-8a45-78122cf10002 with capacity 44023414784B, used 0B, and remaining 44023414784B is 0.0
2023-09-08 11:18:59,712 [main] INFO  balancer.ContainerBalancerTask (ContainerBalancerTask.java:initializeIteration(443)) - Did not find any unbalanced Datanodes.
2023-09-08 11:18:59,712 [main] INFO  balancer.ContainerBalancerTask (ContainerBalancerTask.java:tryStopWithSaveConfiguration(308)) - Save Configuration for stopping. Reason: Could not initialize ContainerBalancer's iteration number 0
2023-09-08 11:18:59,713 [main] DEBUG balancer.ContainerBalancerTask (ContainerBalancerTask.java:initializeIteration(374)) - Average utilization of the cluster is 0.340830158141845
2023-09-08 11:18:59,713 [main] DEBUG balancer.ContainerBalancerTask (ContainerBalancerTask.java:initializeIteration(386)) - Lower limit for utilization is -0.6540176481860791 and Upper limit for utilization is 1.335677964469769
2023-09-08 11:18:59,713 [main] DEBUG balancer.ContainerBalancerTask (ContainerBalancerTask.java:initializeIteration(398)) - Utilization for node 033f5b0f-81fa-4ba5-98fb-417d54462df6 with capacity 57266230613B, used 51539607552B, and remaining 5726623061B is 0.9000000000052387
2023-09-08 11:18:59,713 [main] DEBUG balancer.ContainerBalancerTask (ContainerBalancerTask.java:initializeIteration(398)) - Utilization for node 464059bb-9124-49c2-99d6-bdd949bf83c5 with capacity 76504104960B, used 61203283968B, and remaining 15300820992B is 0.8
2023-09-08 11:18:59,713 [main] DEBUG balancer.ContainerBalancerTask (ContainerBalancerTask.java:initializeIteration(398)) - Utilization for node 6f0e948d-d3f7-4dd9-806b-f49208325d33 with capacity 44483589851B, used 31138512896B, and remaining 13345076955B is 0.700000000006744
2023-09-08 11:18:59,713 [main] DEBUG balancer.ContainerBalancerTask (ContainerBalancerTask.java:initializeIteration(398)) - Utilization for node 85ab15db-3ad2-4d6d-9eb0-2227c1e80c63 with capacity 62634939733B, used 37580963840B, and remaining 25053975893B is 0.6000000000031931
2023-09-08 11:18:59,713 [main] DEBUG balancer.ContainerBalancerTask (ContainerBalancerTask.java:initializeIteration(398)) - Utilization for node 77b8b07c-1dfe-407f-8e29-190d2b6b8da3 with capacity 83751862272B, used 41875931136B, and remaining 41875931136B is 0.5
2023-09-08 11:18:59,713 [main] DEBUG balancer.ContainerBalancerTask (ContainerBalancerTask.java:initializeIteration(398)) - Utilization for node 13dd51a3-50bb-4709-bd07-ed54eb99f549 with capacity 136902082560B, used 54760833024B, and remaining 82141249536B is 0.4
2023-09-08 11:18:59,713 [main] DEBUG balancer.ContainerBalancerTask (ContainerBalancerTask.java:initializeIteration(398)) - Utilization for node 2260ca00-150a-4407-aef4-4c26696a81c2 with capacity 132428158293B, used 39728447488B, and remaining 92699710805B is 0.3000000000007551
2023-09-08 11:18:59,713 [main] DEBUG balancer.ContainerBalancerTask (ContainerBalancerTask.java:initializeIteration(398)) - Utilization for node f52d6f4b-036c-4986-b65f-72517c5c7b6f with capacity 198642237440B, used 39728447488B, and remaining 158913789952B is 0.2
2023-09-08 11:18:59,713 [main] DEBUG balancer.ContainerBalancerTask (ContainerBalancerTask.java:initializeIteration(398)) - Utilization for node faa0991e-87f5-4348-9a71-84e36f7603a9 with capacity 300647710720B, used 30064771072B, and remaining 270582939648B is 0.1
2023-09-08 11:18:59,714 [main] DEBUG balancer.ContainerBalancerTask (ContainerBalancerTask.java:initializeIteration(398)) - Utilization for node 27ff5598-d008-435f-8a45-78122cf10002 with capacity 44023414784B, used 0B, and remaining 44023414784B is 0.0
2023-09-08 11:18:59,714 [main] INFO  balancer.ContainerBalancerTask (ContainerBalancerTask.java:initializeIteration(443)) - Did not find any unbalanced Datanodes.
2023-09-08 11:18:59,714 [main] INFO  balancer.ContainerBalancerTask (ContainerBalancerTask.java:tryStopWithSaveConfiguration(308)) - Save Configuration for stopping. Reason: Could not initialize ContainerBalancer's iteration number 0
2023-09-08 11:18:59,714 [main] DEBUG balancer.ContainerBalancerTask (ContainerBalancerTask.java:initializeIteration(374)) - Average utilization of the cluster is 0.340830158141845
2023-09-08 11:18:59,714 [main] DEBUG balancer.ContainerBalancerTask (ContainerBalancerTask.java:initializeIteration(386)) - Lower limit for utilization is 0.1883474941639775 and Upper limit for utilization is 0.49331282211971245
2023-09-08 11:18:59,715 [main] DEBUG balancer.ContainerBalancerTask (ContainerBalancerTask.java:initializeIteration(398)) - Utilization for node 033f5b0f-81fa-4ba5-98fb-417d54462df6 with capacity 57266230613B, used 51539607552B, and remaining 5726623061B is 0.9000000000052387
2023-09-08 11:18:59,715 [main] DEBUG balancer.ContainerBalancerTask (ContainerBalancerTask.java:initializeIteration(398)) - Utilization for node 464059bb-9124-49c2-99d6-bdd949bf83c5 with capacity 76504104960B, used 61203283968B, and remaining 15300820992B is 0.8
2023-09-08 11:18:59,715 [main] DEBUG balancer.ContainerBalancerTask (ContainerBalancerTask.java:initializeIteration(398)) - Utilization for node 6f0e948d-d3f7-4dd9-806b-f49208325d33 with capacity 44483589851B, used 31138512896B, and remaining 13345076955B is 0.700000000006744
2023-09-08 11:18:59,715 [main] DEBUG balancer.ContainerBalancerTask (ContainerBalancerTask.java:initializeIteration(398)) - Utilization for node 85ab15db-3ad2-4d6d-9eb0-2227c1e80c63 with capacity 62634939733B, used 37580963840B, and remaining 25053975893B is 0.6000000000031931
2023-09-08 11:18:59,715 [main] DEBUG balancer.ContainerBalancerTask (ContainerBalancerTask.java:initializeIteration(398)) - Utilization for node 77b8b07c-1dfe-407f-8e29-190d2b6b8da3 with capacity 83751862272B, used 41875931136B, and remaining 41875931136B is 0.5
2023-09-08 11:18:59,715 [main] DEBUG balancer.ContainerBalancerTask (ContainerBalancerTask.java:initializeIteration(398)) - Utilization for node 13dd51a3-50bb-4709-bd07-ed54eb99f549 with capacity 136902082560B, used 54760833024B, and remaining 82141249536B is 0.4
2023-09-08 11:18:59,715 [main] DEBUG balancer.ContainerBalancerTask (ContainerBalancerTask.java:initializeIteration(398)) - Utilization for node 2260ca00-150a-4407-aef4-4c26696a81c2 with capacity 132428158293B, used 39728447488B, and remaining 92699710805B is 0.3000000000007551
2023-09-08 11:18:59,715 [main] DEBUG balancer.ContainerBalancerTask (ContainerBalancerTask.java:initializeIteration(398)) - Utilization for node f52d6f4b-036c-4986-b65f-72517c5c7b6f with capacity 198642237440B, used 39728447488B, and remaining 158913789952B is 0.2
2023-09-08 11:18:59,715 [main] DEBUG balancer.ContainerBalancerTask (ContainerBalancerTask.java:initializeIteration(398)) - Utilization for node faa0991e-87f5-4348-9a71-84e36f7603a9 with capacity 300647710720B, used 30064771072B, and remaining 270582939648B is 0.1
2023-09-08 11:18:59,715 [main] DEBUG balancer.ContainerBalancerTask (ContainerBalancerTask.java:initializeIteration(398)) - Utilization for node 27ff5598-d008-435f-8a45-78122cf10002 with capacity 44023414784B, used 0B, and remaining 44023414784B is 0.0
2023-09-08 11:18:59,715 [main] INFO  balancer.ContainerBalancerTask (ContainerBalancerTask.java:initializeIteration(447)) - Container Balancer has identified 5 Over-Utilized and 2 Under-Utilized Datanodes that need to be balanced.
2023-09-08 11:18:59,715 [main] DEBUG balancer.ContainerBalancerTask (ContainerBalancerTask.java:lambda$initializeIteration$1(453)) - Datanode localhost-80.191.15.251 033f5b0f-81fa-4ba5-98fb-417d54462df6 is Over-Utilized.
2023-09-08 11:18:59,716 [main] DEBUG balancer.ContainerBalancerTask (ContainerBalancerTask.java:lambda$initializeIteration$1(453)) - Datanode localhost-119.185.211.138 464059bb-9124-49c2-99d6-bdd949bf83c5 is Over-Utilized.
2023-09-08 11:18:59,716 [main] DEBUG balancer.ContainerBalancerTask (ContainerBalancerTask.java:lambda$initializeIteration$1(453)) - Datanode localhost-175.189.162.212 6f0e948d-d3f7-4dd9-806b-f49208325d33 is Over-Utilized.
2023-09-08 11:18:59,716 [main] DEBUG balancer.ContainerBalancerTask (ContainerBalancerTask.java:lambda$initializeIteration$1(453)) - Datanode localhost-45.212.111.64 85ab15db-3ad2-4d6d-9eb0-2227c1e80c63 is Over-Utilized.
2023-09-08 11:18:59,716 [main] DEBUG balancer.ContainerBalancerTask (ContainerBalancerTask.java:lambda$initializeIteration$1(453)) - Datanode localhost-34.213.184.24 77b8b07c-1dfe-407f-8e29-190d2b6b8da3 is Over-Utilized.
2023-09-08 11:18:59,716 [main] DEBUG balancer.ContainerBalancerTask (ContainerBalancerTask.java:lambda$initializeIteration$2(459)) - Datanode localhost-21.155.139.135 27ff5598-d008-435f-8a45-78122cf10002 is Under-Utilized.
2023-09-08 11:18:59,716 [main] DEBUG balancer.ContainerBalancerTask (ContainerBalancerTask.java:lambda$initializeIteration$2(459)) - Datanode localhost-171.124.219.118 faa0991e-87f5-4348-9a71-84e36f7603a9 is Under-Utilized.
2023-09-08 11:18:59,719 [main] DEBUG balancer.ContainerBalancerTask (ContainerBalancerTask.java:matchSourceWithTarget(708)) - ContainerBalancer is finding suitable target for source datanode 033f5b0f-81fa-4ba5-98fb-417d54462df6
2023-09-08 11:18:59,719 [main] INFO  balancer.ContainerBalancerTask (ContainerBalancerTask.java:matchSourceWithTarget(722)) - ContainerBalancer matched source datanode 033f5b0f-81fa-4ba5-98fb-417d54462df6 with target datanode 27ff5598-d008-435f-8a45-78122cf10002 for container move.
2023-09-08 11:18:59,719 [main] INFO  balancer.ContainerBalancerTask (ContainerBalancerTask.java:processMoveSelection(569)) - ContainerBalancer is trying to move container #85 with size 5368709120B from source datanode 033f5b0f-81fa-4ba5-98fb-417d54462df6 to target datanode 27ff5598-d008-435f-8a45-78122cf10002
2023-09-08 11:18:59,719 [main] DEBUG balancer.ContainerBalancerTask (ContainerBalancerTask.java:lambda$moveContainer$3(837)) - Container move completed for container #85 from source 033f5b0f-81fa-4ba5-98fb-417d54462df6 to target 27ff5598-d008-435f-8a45-78122cf10002
2023-09-08 11:18:59,722 [main] DEBUG balancer.ContainerBalancerTask (ContainerBalancerTask.java:matchSourceWithTarget(708)) - ContainerBalancer is finding suitable target for source datanode 033f5b0f-81fa-4ba5-98fb-417d54462df6
2023-09-08 11:18:59,722 [main] INFO  balancer.ContainerBalancerTask (ContainerBalancerTask.java:matchSourceWithTarget(722)) - ContainerBalancer matched source datanode 033f5b0f-81fa-4ba5-98fb-417d54462df6 with target datanode faa0991e-87f5-4348-9a71-84e36f7603a9 for container move.
2023-09-08 11:18:59,722 [main] INFO  balancer.ContainerBalancerTask (ContainerBalancerTask.java:processMoveSelection(569)) - ContainerBalancer is trying to move container #89 with size 4294967296B from source datanode 033f5b0f-81fa-4ba5-98fb-417d54462df6 to target datanode faa0991e-87f5-4348-9a71-84e36f7603a9
2023-09-08 11:18:59,722 [main] DEBUG balancer.ContainerBalancerTask (ContainerBalancerTask.java:lambda$moveContainer$3(837)) - Container move completed for container #89 from source 033f5b0f-81fa-4ba5-98fb-417d54462df6 to target faa0991e-87f5-4348-9a71-84e36f7603a9
2023-09-08 11:18:59,725 [main] DEBUG balancer.ContainerBalancerTask (ContainerBalancerTask.java:matchSourceWithTarget(708)) - ContainerBalancer is finding suitable target for source datanode 464059bb-9124-49c2-99d6-bdd949bf83c5
2023-09-08 11:18:59,725 [main] INFO  balancer.ContainerBalancerTask (ContainerBalancerTask.java:matchSourceWithTarget(722)) - ContainerBalancer matched source datanode 464059bb-9124-49c2-99d6-bdd949bf83c5 with target datanode faa0991e-87f5-4348-9a71-84e36f7603a9 for container move.
2023-09-08 11:18:59,725 [main] INFO  balancer.ContainerBalancerTask (ContainerBalancerTask.java:processMoveSelection(569)) - ContainerBalancer is trying to move container #68 with size 5368709120B from source datanode 464059bb-9124-49c2-99d6-bdd949bf83c5 to target datanode faa0991e-87f5-4348-9a71-84e36f7603a9
2023-09-08 11:18:59,725 [main] DEBUG balancer.ContainerBalancerTask (ContainerBalancerTask.java:lambda$moveContainer$3(837)) - Container move completed for container #68 from source 464059bb-9124-49c2-99d6-bdd949bf83c5 to target faa0991e-87f5-4348-9a71-84e36f7603a9
2023-09-08 11:18:59,728 [main] DEBUG balancer.ContainerBalancerTask (ContainerBalancerTask.java:matchSourceWithTarget(708)) - ContainerBalancer is finding suitable target for source datanode 033f5b0f-81fa-4ba5-98fb-417d54462df6
2023-09-08 11:18:59,728 [main] INFO  balancer.ContainerBalancerTask (ContainerBalancerTask.java:matchSourceWithTarget(722)) - ContainerBalancer matched source datanode 033f5b0f-81fa-4ba5-98fb-417d54462df6 with target datanode 27ff5598-d008-435f-8a45-78122cf10002 for container move.
2023-09-08 11:18:59,729 [main] INFO  balancer.ContainerBalancerTask (ContainerBalancerTask.java:processMoveSelection(569)) - ContainerBalancer is trying to move container #84 with size 4294967296B from source datanode 033f5b0f-81fa-4ba5-98fb-417d54462df6 to target datanode 27ff5598-d008-435f-8a45-78122cf10002
2023-09-08 11:18:59,729 [main] DEBUG balancer.ContainerBalancerTask (ContainerBalancerTask.java:lambda$moveContainer$3(837)) - Container move completed for container #84 from source 033f5b0f-81fa-4ba5-98fb-417d54462df6 to target 27ff5598-d008-435f-8a45-78122cf10002
2023-09-08 11:18:59,732 [main] DEBUG balancer.ContainerBalancerTask (ContainerBalancerTask.java:matchSourceWithTarget(708)) - ContainerBalancer is finding suitable target for source datanode 464059bb-9124-49c2-99d6-bdd949bf83c5
2023-09-08 11:18:59,732 [main] INFO  balancer.ContainerBalancerTask (ContainerBalancerTask.java:matchSourceWithTarget(722)) - ContainerBalancer matched source datanode 464059bb-9124-49c2-99d6-bdd949bf83c5 with target datanode faa0991e-87f5-4348-9a71-84e36f7603a9 for container move.
2023-09-08 11:18:59,732 [main] INFO  balancer.ContainerBalancerTask (ContainerBalancerTask.java:processMoveSelection(569)) - ContainerBalancer is trying to move container #29 with size 5368709120B from source datanode 464059bb-9124-49c2-99d6-bdd949bf83c5 to target datanode faa0991e-87f5-4348-9a71-84e36f7603a9
2023-09-08 11:18:59,732 [main] DEBUG balancer.ContainerBalancerTask (ContainerBalancerTask.java:lambda$moveContainer$3(837)) - Container move completed for container #29 from source 464059bb-9124-49c2-99d6-bdd949bf83c5 to target faa0991e-87f5-4348-9a71-84e36f7603a9
2023-09-08 11:18:59,734 [main] DEBUG balancer.ContainerBalancerTask (ContainerBalancerTask.java:matchSourceWithTarget(708)) - ContainerBalancer is finding suitable target for source datanode 6f0e948d-d3f7-4dd9-806b-f49208325d33
2023-09-08 11:18:59,734 [main] INFO  balancer.ContainerBalancerTask (ContainerBalancerTask.java:matchSourceWithTarget(722)) - ContainerBalancer matched source datanode 6f0e948d-d3f7-4dd9-806b-f49208325d33 with target datanode faa0991e-87f5-4348-9a71-84e36f7603a9 for container move.
2023-09-08 11:18:59,734 [main] INFO  balancer.ContainerBalancerTask (ContainerBalancerTask.java:processMoveSelection(569)) - ContainerBalancer is trying to move container #53 with size 5368709120B from source datanode 6f0e948d-d3f7-4dd9-806b-f49208325d33 to target datanode faa0991e-87f5-4348-9a71-84e36f7603a9
2023-09-08 11:18:59,734 [main] DEBUG balancer.ContainerBalancerTask (ContainerBalancerTask.java:lambda$moveContainer$3(837)) - Container move completed for container #53 from source 6f0e948d-d3f7-4dd9-806b-f49208325d33 to target faa0991e-87f5-4348-9a71-84e36f7603a9
2023-09-08 11:18:59,737 [main] DEBUG balancer.ContainerBalancerTask (ContainerBalancerTask.java:matchSourceWithTarget(708)) - ContainerBalancer is finding suitable target for source datanode 464059bb-9124-49c2-99d6-bdd949bf83c5
2023-09-08 11:18:59,738 [main] INFO  balancer.ContainerBalancerTask (ContainerBalancerTask.java:matchSourceWithTarget(722)) - ContainerBalancer matched source datanode 464059bb-9124-49c2-99d6-bdd949bf83c5 with target datanode faa0991e-87f5-4348-9a71-84e36f7603a9 for container move.
2023-09-08 11:18:59,738 [main] INFO  balancer.ContainerBalancerTask (ContainerBalancerTask.java:processMoveSelection(569)) - ContainerBalancer is trying to move container #67 with size 4294967296B from source datanode 464059bb-9124-49c2-99d6-bdd949bf83c5 to target datanode faa0991e-87f5-4348-9a71-84e36f7603a9
2023-09-08 11:18:59,738 [main] DEBUG balancer.ContainerBalancerTask (ContainerBalancerTask.java:lambda$moveContainer$3(837)) - Container move completed for container #67 from source 464059bb-9124-49c2-99d6-bdd949bf83c5 to target faa0991e-87f5-4348-9a71-84e36f7603a9
2023-09-08 11:18:59,741 [main] DEBUG balancer.ContainerBalancerTask (ContainerBalancerTask.java:matchSourceWithTarget(708)) - ContainerBalancer is finding suitable target for source datanode 033f5b0f-81fa-4ba5-98fb-417d54462df6
2023-09-08 11:18:59,741 [main] INFO  balancer.ContainerBalancerTask (ContainerBalancerTask.java:matchSourceWithTarget(722)) - ContainerBalancer matched source datanode 033f5b0f-81fa-4ba5-98fb-417d54462df6 with target datanode faa0991e-87f5-4348-9a71-84e36f7603a9 for container move.
2023-09-08 11:18:59,741 [main] INFO  balancer.ContainerBalancerTask (ContainerBalancerTask.java:processMoveSelection(569)) - ContainerBalancer is trying to move container #52 with size 4294967296B from source datanode 033f5b0f-81fa-4ba5-98fb-417d54462df6 to target datanode faa0991e-87f5-4348-9a71-84e36f7603a9
2023-09-08 11:18:59,741 [main] DEBUG balancer.ContainerBalancerTask (ContainerBalancerTask.java:lambda$moveContainer$3(837)) - Container move completed for container #52 from source 033f5b0f-81fa-4ba5-98fb-417d54462df6 to target faa0991e-87f5-4348-9a71-84e36f7603a9
2023-09-08 11:18:59,744 [main] DEBUG balancer.ContainerBalancerTask (ContainerBalancerTask.java:matchSourceWithTarget(708)) - ContainerBalancer is finding suitable target for source datanode 464059bb-9124-49c2-99d6-bdd949bf83c5
2023-09-08 11:18:59,744 [main] INFO  balancer.ContainerBalancerTask (ContainerBalancerTask.java:matchSourceWithTarget(722)) - ContainerBalancer matched source datanode 464059bb-9124-49c2-99d6-bdd949bf83c5 with target datanode faa0991e-87f5-4348-9a71-84e36f7603a9 for container move.
2023-09-08 11:18:59,744 [main] INFO  balancer.ContainerBalancerTask (ContainerBalancerTask.java:processMoveSelection(569)) - ContainerBalancer is trying to move container #39 with size 4294967296B from source datanode 464059bb-9124-49c2-99d6-bdd949bf83c5 to target datanode faa0991e-87f5-4348-9a71-84e36f7603a9
2023-09-08 11:18:59,745 [main] DEBUG balancer.ContainerBalancerTask (ContainerBalancerTask.java:lambda$moveContainer$3(837)) - Container move completed for container #39 from source 464059bb-9124-49c2-99d6-bdd949bf83c5 to target faa0991e-87f5-4348-9a71-84e36f7603a9
2023-09-08 11:18:59,747 [main] DEBUG balancer.ContainerBalancerTask (ContainerBalancerTask.java:matchSourceWithTarget(708)) - ContainerBalancer is finding suitable target for source datanode 85ab15db-3ad2-4d6d-9eb0-2227c1e80c63
2023-09-08 11:18:59,747 [main] INFO  balancer.ContainerBalancerTask (ContainerBalancerTask.java:matchSourceWithTarget(722)) - ContainerBalancer matched source datanode 85ab15db-3ad2-4d6d-9eb0-2227c1e80c63 with target datanode faa0991e-87f5-4348-9a71-84e36f7603a9 for container move.
2023-09-08 11:18:59,747 [main] INFO  balancer.ContainerBalancerTask (ContainerBalancerTask.java:processMoveSelection(569)) - ContainerBalancer is trying to move container #40 with size 5368709120B from source datanode 85ab15db-3ad2-4d6d-9eb0-2227c1e80c63 to target datanode faa0991e-87f5-4348-9a71-84e36f7603a9
2023-09-08 11:18:59,747 [main] DEBUG balancer.ContainerBalancerTask (ContainerBalancerTask.java:lambda$moveContainer$3(837)) - Container move completed for container #40 from source 85ab15db-3ad2-4d6d-9eb0-2227c1e80c63 to target faa0991e-87f5-4348-9a71-84e36f7603a9
2023-09-08 11:18:59,750 [main] DEBUG balancer.ContainerBalancerTask (ContainerBalancerTask.java:matchSourceWithTarget(708)) - ContainerBalancer is finding suitable target for source datanode 033f5b0f-81fa-4ba5-98fb-417d54462df6
2023-09-08 11:18:59,751 [main] INFO  balancer.ContainerBalancerTask (ContainerBalancerTask.java:matchSourceWithTarget(722)) - ContainerBalancer matched source datanode 033f5b0f-81fa-4ba5-98fb-417d54462df6 with target datanode 27ff5598-d008-435f-8a45-78122cf10002 for container move.
2023-09-08 11:18:59,751 [main] INFO  balancer.ContainerBalancerTask (ContainerBalancerTask.java:processMoveSelection(569)) - ContainerBalancer is trying to move container #19 with size 4294967296B from source datanode 033f5b0f-81fa-4ba5-98fb-417d54462df6 to target datanode 27ff5598-d008-435f-8a45-78122cf10002
2023-09-08 11:18:59,751 [main] DEBUG balancer.ContainerBalancerTask (ContainerBalancerTask.java:lambda$moveContainer$3(837)) - Container move completed for container #19 from source 033f5b0f-81fa-4ba5-98fb-417d54462df6 to target 27ff5598-d008-435f-8a45-78122cf10002
2023-09-08 11:18:59,753 [main] DEBUG balancer.ContainerBalancerTask (ContainerBalancerTask.java:matchSourceWithTarget(708)) - ContainerBalancer is finding suitable target for source datanode 6f0e948d-d3f7-4dd9-806b-f49208325d33
2023-09-08 11:18:59,753 [main] INFO  balancer.ContainerBalancerTask (ContainerBalancerTask.java:matchSourceWithTarget(722)) - ContainerBalancer matched source datanode 6f0e948d-d3f7-4dd9-806b-f49208325d33 with target datanode faa0991e-87f5-4348-9a71-84e36f7603a9 for container move.
2023-09-08 11:18:59,754 [main] INFO  balancer.ContainerBalancerTask (ContainerBalancerTask.java:processMoveSelection(569)) - ContainerBalancer is trying to move container #64 with size 1073741824B from source datanode 6f0e948d-d3f7-4dd9-806b-f49208325d33 to target datanode faa0991e-87f5-4348-9a71-84e36f7603a9
2023-09-08 11:18:59,754 [main] DEBUG balancer.ContainerBalancerTask (ContainerBalancerTask.java:lambda$moveContainer$3(837)) - Container move completed for container #64 from source 6f0e948d-d3f7-4dd9-806b-f49208325d33 to target faa0991e-87f5-4348-9a71-84e36f7603a9
2023-09-08 11:18:59,754 [main] WARN  balancer.ContainerBalancerTask (ContainerBalancerTask.java:reachedMaxSizeToMovePerIteration(733)) - Reached max size to move limit. 53687091200 bytes have already been scheduled for balancing and the limit is 53687091200 bytes.
2023-09-08 11:18:59,754 [main] INFO  balancer.ContainerBalancerTask (ContainerBalancerTask.java:checkIterationMoveResults(642)) - Iteration Summary. Number of Datanodes involved: 6. Size moved: 50 GB (53687091200 Bytes). Number of Container moves completed: 12.
2023-09-08 11:18:59,754 [main] INFO  balancer.ContainerBalancerTask (ContainerBalancerTask.java:balance(259)) - Result of this iteration of Container Balancer: ITERATION_COMPLETED
2023-09-08 11:18:59,754 [main] INFO  balancer.ContainerBalancerTask (ContainerBalancerTask.java:tryStopWithSaveConfiguration(308)) - Save Configuration for stopping. Reason: Completed all iterations.
2023-09-08 11:18:59,755 [main] DEBUG balancer.ContainerBalancerTask (ContainerBalancerTask.java:initializeIteration(374)) - Average utilization of the cluster is 0.340830158141845
2023-09-08 11:18:59,755 [main] DEBUG balancer.ContainerBalancerTask (ContainerBalancerTask.java:initializeIteration(386)) - Lower limit for utilization is -0.05973123504977246 and Upper limit for utilization is 0.7413915513334624
2023-09-08 11:18:59,755 [main] DEBUG balancer.ContainerBalancerTask (ContainerBalancerTask.java:initializeIteration(398)) - Utilization for node 033f5b0f-81fa-4ba5-98fb-417d54462df6 with capacity 57266230613B, used 51539607552B, and remaining 5726623061B is 0.9000000000052387
2023-09-08 11:18:59,755 [main] DEBUG balancer.ContainerBalancerTask (ContainerBalancerTask.java:initializeIteration(398)) - Utilization for node 464059bb-9124-49c2-99d6-bdd949bf83c5 with capacity 76504104960B, used 61203283968B, and remaining 15300820992B is 0.8
2023-09-08 11:18:59,755 [main] DEBUG balancer.ContainerBalancerTask (ContainerBalancerTask.java:initializeIteration(398)) - Utilization for node 6f0e948d-d3f7-4dd9-806b-f49208325d33 with capacity 44483589851B, used 31138512896B, and remaining 13345076955B is 0.700000000006744
2023-09-08 11:18:59,755 [main] DEBUG balancer.ContainerBalancerTask (ContainerBalancerTask.java:initializeIteration(398)) - Utilization for node 85ab15db-3ad2-4d6d-9eb0-2227c1e80c63 with capacity 62634939733B, used 37580963840B, and remaining 25053975893B is 0.6000000000031931
2023-09-08 11:18:59,755 [main] DEBUG balancer.ContainerBalancerTask (ContainerBalancerTask.java:initializeIteration(398)) - Utilization for node 77b8b07c-1dfe-407f-8e29-190d2b6b8da3 with capacity 83751862272B, used 41875931136B, and remaining 41875931136B is 0.5
2023-09-08 11:18:59,757 [main] DEBUG balancer.ContainerBalancerTask (ContainerBalancerTask.java:initializeIteration(398)) - Utilization for node 13dd51a3-50bb-4709-bd07-ed54eb99f549 with capacity 136902082560B, used 54760833024B, and remaining 82141249536B is 0.4
2023-09-08 11:18:59,757 [main] DEBUG balancer.ContainerBalancerTask (ContainerBalancerTask.java:initializeIteration(398)) - Utilization for node 2260ca00-150a-4407-aef4-4c26696a81c2 with capacity 132428158293B, used 39728447488B, and remaining 92699710805B is 0.3000000000007551
2023-09-08 11:18:59,757 [main] DEBUG balancer.ContainerBalancerTask (ContainerBalancerTask.java:initializeIteration(398)) - Utilization for node f52d6f4b-036c-4986-b65f-72517c5c7b6f with capacity 198642237440B, used 39728447488B, and remaining 158913789952B is 0.2
2023-09-08 11:18:59,758 [main] DEBUG balancer.ContainerBalancerTask (ContainerBalancerTask.java:initializeIteration(398)) - Utilization for node faa0991e-87f5-4348-9a71-84e36f7603a9 with capacity 300647710720B, used 30064771072B, and remaining 270582939648B is 0.1
2023-09-08 11:18:59,758 [main] DEBUG balancer.ContainerBalancerTask (ContainerBalancerTask.java:initializeIteration(398)) - Utilization for node 27ff5598-d008-435f-8a45-78122cf10002 with capacity 44023414784B, used 0B, and remaining 44023414784B is 0.0
2023-09-08 11:18:59,758 [main] INFO  balancer.ContainerBalancerTask (ContainerBalancerTask.java:initializeIteration(447)) - Container Balancer has identified 2 Over-Utilized and 0 Under-Utilized Datanodes that need to be balanced.
2023-09-08 11:18:59,758 [main] DEBUG balancer.ContainerBalancerTask (ContainerBalancerTask.java:lambda$initializeIteration$1(453)) - Datanode localhost-80.191.15.251 033f5b0f-81fa-4ba5-98fb-417d54462df6 is Over-Utilized.
2023-09-08 11:18:59,758 [main] DEBUG balancer.ContainerBalancerTask (ContainerBalancerTask.java:lambda$initializeIteration$1(453)) - Datanode localhost-119.185.211.138 464059bb-9124-49c2-99d6-bdd949bf83c5 is Over-Utilized.
2023-09-08 11:18:59,761 [main] DEBUG balancer.ContainerBalancerTask (ContainerBalancerTask.java:matchSourceWithTarget(708)) - ContainerBalancer is finding suitable target for source datanode 033f5b0f-81fa-4ba5-98fb-417d54462df6
2023-09-08 11:18:59,761 [main] INFO  balancer.FindTargetGreedyByUsageInfo (AbstractFindTargetGreedy.java:findTargetForContainerMove(133)) - Container Balancer could not find a target for source datanode 033f5b0f-81fa-4ba5-98fb-417d54462df6
2023-09-08 11:18:59,761 [main] DEBUG balancer.ContainerBalancerTask (ContainerBalancerTask.java:matchSourceWithTarget(717)) - ContainerBalancer could not find a suitable target for source node 033f5b0f-81fa-4ba5-98fb-417d54462df6.
2023-09-08 11:18:59,763 [main] DEBUG balancer.ContainerBalancerTask (ContainerBalancerTask.java:matchSourceWithTarget(708)) - ContainerBalancer is finding suitable target for source datanode 464059bb-9124-49c2-99d6-bdd949bf83c5
2023-09-08 11:18:59,764 [main] INFO  balancer.FindTargetGreedyByUsageInfo (AbstractFindTargetGreedy.java:findTargetForContainerMove(133)) - Container Balancer could not find a target for source datanode 464059bb-9124-49c2-99d6-bdd949bf83c5
2023-09-08 11:18:59,764 [main] DEBUG balancer.ContainerBalancerTask (ContainerBalancerTask.java:matchSourceWithTarget(717)) - ContainerBalancer could not find a suitable target for source node 464059bb-9124-49c2-99d6-bdd949bf83c5.
2023-09-08 11:18:59,764 [main] INFO  balancer.FindSourceGreedy (FindSourceGreedy.java:getNextCandidateSourceDataNode(126)) - no more candidate source data node
2023-09-08 11:18:59,764 [main] INFO  balancer.ContainerBalancerTask (ContainerBalancerTask.java:balance(259)) - Result of this iteration of Container Balancer: CAN_NOT_BALANCE_ANY_MORE
2023-09-08 11:18:59,764 [main] INFO  balancer.ContainerBalancerTask (ContainerBalancerTask.java:tryStopWithSaveConfiguration(308)) - Save Configuration for stopping. Reason: CAN_NOT_BALANCE_ANY_MORE
2023-09-08 11:18:59,764 [main] DEBUG balancer.ContainerBalancerTask (ContainerBalancerTask.java:initializeIteration(374)) - Average utilization of the cluster is 0.340830158141845
2023-09-08 11:18:59,765 [main] DEBUG balancer.ContainerBalancerTask (ContainerBalancerTask.java:initializeIteration(386)) - Lower limit for utilization is 0.04199990105554968 and Upper limit for utilization is 0.6396604152281402
2023-09-08 11:18:59,765 [main] DEBUG balancer.ContainerBalancerTask (ContainerBalancerTask.java:initializeIteration(398)) - Utilization for node 033f5b0f-81fa-4ba5-98fb-417d54462df6 with capacity 57266230613B, used 51539607552B, and remaining 5726623061B is 0.9000000000052387
2023-09-08 11:18:59,765 [main] DEBUG balancer.ContainerBalancerTask (ContainerBalancerTask.java:initializeIteration(398)) - Utilization for node 464059bb-9124-49c2-99d6-bdd949bf83c5 with capacity 76504104960B, used 61203283968B, and remaining 15300820992B is 0.8
2023-09-08 11:18:59,765 [main] DEBUG balancer.ContainerBalancerTask (ContainerBalancerTask.java:initializeIteration(398)) - Utilization for node 6f0e948d-d3f7-4dd9-806b-f49208325d33 with capacity 44483589851B, used 31138512896B, and remaining 13345076955B is 0.700000000006744
2023-09-08 11:18:59,765 [main] DEBUG balancer.ContainerBalancerTask (ContainerBalancerTask.java:initializeIteration(398)) - Utilization for node 85ab15db-3ad2-4d6d-9eb0-2227c1e80c63 with capacity 62634939733B, used 37580963840B, and remaining 25053975893B is 0.6000000000031931
2023-09-08 11:18:59,765 [main] DEBUG balancer.ContainerBalancerTask (ContainerBalancerTask.java:initializeIteration(398)) - Utilization for node 77b8b07c-1dfe-407f-8e29-190d2b6b8da3 with capacity 83751862272B, used 41875931136B, and remaining 41875931136B is 0.5
2023-09-08 11:18:59,765 [main] DEBUG balancer.ContainerBalancerTask (ContainerBalancerTask.java:initializeIteration(398)) - Utilization for node 13dd51a3-50bb-4709-bd07-ed54eb99f549 with capacity 136902082560B, used 54760833024B, and remaining 82141249536B is 0.4
2023-09-08 11:18:59,765 [main] DEBUG balancer.ContainerBalancerTask (ContainerBalancerTask.java:initializeIteration(398)) - Utilization for node 2260ca00-150a-4407-aef4-4c26696a81c2 with capacity 132428158293B, used 39728447488B, and remaining 92699710805B is 0.3000000000007551
2023-09-08 11:18:59,765 [main] DEBUG balancer.ContainerBalancerTask (ContainerBalancerTask.java:initializeIteration(398)) - Utilization for node f52d6f4b-036c-4986-b65f-72517c5c7b6f with capacity 198642237440B, used 39728447488B, and remaining 158913789952B is 0.2
2023-09-08 11:18:59,765 [main] DEBUG balancer.ContainerBalancerTask (ContainerBalancerTask.java:initializeIteration(398)) - Utilization for node faa0991e-87f5-4348-9a71-84e36f7603a9 with capacity 300647710720B, used 30064771072B, and remaining 270582939648B is 0.1
2023-09-08 11:18:59,765 [main] DEBUG balancer.ContainerBalancerTask (ContainerBalancerTask.java:initializeIteration(398)) - Utilization for node 27ff5598-d008-435f-8a45-78122cf10002 with capacity 44023414784B, used 0B, and remaining 44023414784B is 0.0
2023-09-08 11:18:59,766 [main] INFO  balancer.ContainerBalancerTask (ContainerBalancerTask.java:initializeIteration(447)) - Container Balancer has identified 3 Over-Utilized and 1 Under-Utilized Datanodes that need to be balanced.
2023-09-08 11:18:59,766 [main] DEBUG balancer.ContainerBalancerTask (ContainerBalancerTask.java:lambda$initializeIteration$1(453)) - Datanode localhost-80.191.15.251 033f5b0f-81fa-4ba5-98fb-417d54462df6 is Over-Utilized.
2023-09-08 11:18:59,766 [main] DEBUG balancer.ContainerBalancerTask (ContainerBalancerTask.java:lambda$initializeIteration$1(453)) - Datanode localhost-119.185.211.138 464059bb-9124-49c2-99d6-bdd949bf83c5 is Over-Utilized.
2023-09-08 11:18:59,766 [main] DEBUG balancer.ContainerBalancerTask (ContainerBalancerTask.java:lambda$initializeIteration$1(453)) - Datanode localhost-175.189.162.212 6f0e948d-d3f7-4dd9-806b-f49208325d33 is Over-Utilized.
2023-09-08 11:18:59,766 [main] DEBUG balancer.ContainerBalancerTask (ContainerBalancerTask.java:lambda$initializeIteration$2(459)) - Datanode localhost-21.155.139.135 27ff5598-d008-435f-8a45-78122cf10002 is Under-Utilized.
2023-09-08 11:18:59,769 [main] DEBUG balancer.ContainerBalancerTask (ContainerBalancerTask.java:matchSourceWithTarget(708)) - ContainerBalancer is finding suitable target for source datanode 033f5b0f-81fa-4ba5-98fb-417d54462df6
2023-09-08 11:18:59,769 [main] INFO  balancer.ContainerBalancerTask (ContainerBalancerTask.java:matchSourceWithTarget(722)) - ContainerBalancer matched source datanode 033f5b0f-81fa-4ba5-98fb-417d54462df6 with target datanode 27ff5598-d008-435f-8a45-78122cf10002 for container move.
2023-09-08 11:18:59,769 [main] INFO  balancer.ContainerBalancerTask (ContainerBalancerTask.java:processMoveSelection(569)) - ContainerBalancer is trying to move container #85 with size 5368709120B from source datanode 033f5b0f-81fa-4ba5-98fb-417d54462df6 to target datanode 27ff5598-d008-435f-8a45-78122cf10002
2023-09-08 11:18:59,769 [main] DEBUG balancer.ContainerBalancerTask (ContainerBalancerTask.java:lambda$moveContainer$3(837)) - Container move completed for container #85 from source 033f5b0f-81fa-4ba5-98fb-417d54462df6 to target 27ff5598-d008-435f-8a45-78122cf10002
2023-09-08 11:18:59,772 [main] DEBUG balancer.ContainerBalancerTask (ContainerBalancerTask.java:matchSourceWithTarget(708)) - ContainerBalancer is finding suitable target for source datanode 033f5b0f-81fa-4ba5-98fb-417d54462df6
2023-09-08 11:18:59,772 [main] INFO  balancer.ContainerBalancerTask (ContainerBalancerTask.java:matchSourceWithTarget(722)) - ContainerBalancer matched source datanode 033f5b0f-81fa-4ba5-98fb-417d54462df6 with target datanode 27ff5598-d008-435f-8a45-78122cf10002 for container move.
2023-09-08 11:18:59,772 [main] INFO  balancer.ContainerBalancerTask (ContainerBalancerTask.java:processMoveSelection(569)) - ContainerBalancer is trying to move container #89 with size 4294967296B from source datanode 033f5b0f-81fa-4ba5-98fb-417d54462df6 to target datanode 27ff5598-d008-435f-8a45-78122cf10002
2023-09-08 11:18:59,772 [main] DEBUG balancer.ContainerBalancerTask (ContainerBalancerTask.java:lambda$moveContainer$3(837)) - Container move completed for container #89 from source 033f5b0f-81fa-4ba5-98fb-417d54462df6 to target 27ff5598-d008-435f-8a45-78122cf10002
2023-09-08 11:18:59,775 [main] DEBUG balancer.ContainerBalancerTask (ContainerBalancerTask.java:matchSourceWithTarget(708)) - ContainerBalancer is finding suitable target for source datanode 464059bb-9124-49c2-99d6-bdd949bf83c5
2023-09-08 11:18:59,775 [main] INFO  balancer.ContainerBalancerTask (ContainerBalancerTask.java:matchSourceWithTarget(722)) - ContainerBalancer matched source datanode 464059bb-9124-49c2-99d6-bdd949bf83c5 with target datanode 27ff5598-d008-435f-8a45-78122cf10002 for container move.
2023-09-08 11:18:59,775 [main] INFO  balancer.ContainerBalancerTask (ContainerBalancerTask.java:processMoveSelection(569)) - ContainerBalancer is trying to move container #68 with size 5368709120B from source datanode 464059bb-9124-49c2-99d6-bdd949bf83c5 to target datanode 27ff5598-d008-435f-8a45-78122cf10002
2023-09-08 11:18:59,775 [main] DEBUG balancer.ContainerBalancerTask (ContainerBalancerTask.java:lambda$moveContainer$3(837)) - Container move completed for container #68 from source 464059bb-9124-49c2-99d6-bdd949bf83c5 to target 27ff5598-d008-435f-8a45-78122cf10002
2023-09-08 11:18:59,778 [main] DEBUG balancer.ContainerBalancerTask (ContainerBalancerTask.java:matchSourceWithTarget(708)) - ContainerBalancer is finding suitable target for source datanode 033f5b0f-81fa-4ba5-98fb-417d54462df6
2023-09-08 11:18:59,778 [main] INFO  balancer.ContainerBalancerTask (ContainerBalancerTask.java:matchSourceWithTarget(722)) - ContainerBalancer matched source datanode 033f5b0f-81fa-4ba5-98fb-417d54462df6 with target datanode 27ff5598-d008-435f-8a45-78122cf10002 for container move.
2023-09-08 11:18:59,778 [main] INFO  balancer.ContainerBalancerTask (ContainerBalancerTask.java:processMoveSelection(569)) - ContainerBalancer is trying to move container #84 with size 4294967296B from source datanode 033f5b0f-81fa-4ba5-98fb-417d54462df6 to target datanode 27ff5598-d008-435f-8a45-78122cf10002
2023-09-08 11:18:59,779 [main] DEBUG balancer.ContainerBalancerTask (ContainerBalancerTask.java:lambda$moveContainer$3(837)) - Container move completed for container #84 from source 033f5b0f-81fa-4ba5-98fb-417d54462df6 to target 27ff5598-d008-435f-8a45-78122cf10002
2023-09-08 11:18:59,781 [main] DEBUG balancer.ContainerBalancerTask (ContainerBalancerTask.java:matchSourceWithTarget(708)) - ContainerBalancer is finding suitable target for source datanode 464059bb-9124-49c2-99d6-bdd949bf83c5
2023-09-08 11:18:59,782 [main] INFO  balancer.ContainerBalancerTask (ContainerBalancerTask.java:matchSourceWithTarget(722)) - ContainerBalancer matched source datanode 464059bb-9124-49c2-99d6-bdd949bf83c5 with target datanode 27ff5598-d008-435f-8a45-78122cf10002 for container move.
2023-09-08 11:18:59,782 [main] INFO  balancer.ContainerBalancerTask (ContainerBalancerTask.java:processMoveSelection(569)) - ContainerBalancer is trying to move container #29 with size 5368709120B from source datanode 464059bb-9124-49c2-99d6-bdd949bf83c5 to target datanode 27ff5598-d008-435f-8a45-78122cf10002
2023-09-08 11:18:59,782 [main] DEBUG balancer.ContainerBalancerTask (ContainerBalancerTask.java:lambda$moveContainer$3(837)) - Container move completed for container #29 from source 464059bb-9124-49c2-99d6-bdd949bf83c5 to target 27ff5598-d008-435f-8a45-78122cf10002
2023-09-08 11:18:59,784 [main] DEBUG balancer.ContainerBalancerTask (ContainerBalancerTask.java:matchSourceWithTarget(708)) - ContainerBalancer is finding suitable target for source datanode 6f0e948d-d3f7-4dd9-806b-f49208325d33
2023-09-08 11:18:59,784 [main] INFO  balancer.ContainerBalancerTask (ContainerBalancerTask.java:matchSourceWithTarget(722)) - ContainerBalancer matched source datanode 6f0e948d-d3f7-4dd9-806b-f49208325d33 with target datanode 27ff5598-d008-435f-8a45-78122cf10002 for container move.
2023-09-08 11:18:59,784 [main] INFO  balancer.ContainerBalancerTask (ContainerBalancerTask.java:processMoveSelection(569)) - ContainerBalancer is trying to move container #66 with size 3221225472B from source datanode 6f0e948d-d3f7-4dd9-806b-f49208325d33 to target datanode 27ff5598-d008-435f-8a45-78122cf10002
2023-09-08 11:18:59,784 [main] DEBUG balancer.ContainerBalancerTask (ContainerBalancerTask.java:lambda$moveContainer$3(837)) - Container move completed for container #66 from source 6f0e948d-d3f7-4dd9-806b-f49208325d33 to target 27ff5598-d008-435f-8a45-78122cf10002
2023-09-08 11:18:59,787 [main] DEBUG balancer.ContainerBalancerTask (ContainerBalancerTask.java:matchSourceWithTarget(708)) - ContainerBalancer is finding suitable target for source datanode 464059bb-9124-49c2-99d6-bdd949bf83c5
2023-09-08 11:18:59,788 [main] INFO  balancer.FindTargetGreedyByUsageInfo (AbstractFindTargetGreedy.java:findTargetForContainerMove(133)) - Container Balancer could not find a target for source datanode 464059bb-9124-49c2-99d6-bdd949bf83c5
2023-09-08 11:18:59,788 [main] DEBUG balancer.ContainerBalancerTask (ContainerBalancerTask.java:matchSourceWithTarget(717)) - ContainerBalancer could not find a suitable target for source node 464059bb-9124-49c2-99d6-bdd949bf83c5.
2023-09-08 11:18:59,791 [main] DEBUG balancer.ContainerBalancerTask (ContainerBalancerTask.java:matchSourceWithTarget(708)) - ContainerBalancer is finding suitable target for source datanode 033f5b0f-81fa-4ba5-98fb-417d54462df6
2023-09-08 11:18:59,792 [main] INFO  balancer.FindTargetGreedyByUsageInfo (AbstractFindTargetGreedy.java:findTargetForContainerMove(133)) - Container Balancer could not find a target for source datanode 033f5b0f-81fa-4ba5-98fb-417d54462df6
2023-09-08 11:18:59,792 [main] DEBUG balancer.ContainerBalancerTask (ContainerBalancerTask.java:matchSourceWithTarget(717)) - ContainerBalancer could not find a suitable target for source node 033f5b0f-81fa-4ba5-98fb-417d54462df6.
2023-09-08 11:18:59,794 [main] DEBUG balancer.ContainerBalancerTask (ContainerBalancerTask.java:matchSourceWithTarget(708)) - ContainerBalancer is finding suitable target for source datanode 6f0e948d-d3f7-4dd9-806b-f49208325d33
2023-09-08 11:18:59,794 [main] INFO  balancer.FindTargetGreedyByUsageInfo (AbstractFindTargetGreedy.java:findTargetForContainerMove(133)) - Container Balancer could not find a target for source datanode 6f0e948d-d3f7-4dd9-806b-f49208325d33
2023-09-08 11:18:59,795 [main] DEBUG balancer.ContainerBalancerTask (ContainerBalancerTask.java:matchSourceWithTarget(717)) - ContainerBalancer could not find a suitable target for source node 6f0e948d-d3f7-4dd9-806b-f49208325d33.
2023-09-08 11:18:59,795 [main] INFO  balancer.FindSourceGreedy (FindSourceGreedy.java:getNextCandidateSourceDataNode(126)) - no more candidate source data node
2023-09-08 11:18:59,795 [main] INFO  balancer.ContainerBalancerTask (ContainerBalancerTask.java:checkIterationMoveResults(642)) - Iteration Summary. Number of Datanodes involved: 4. Size moved: 26 GB (27917287424 Bytes). Number of Container moves completed: 6.
2023-09-08 11:18:59,795 [main] INFO  balancer.ContainerBalancerTask (ContainerBalancerTask.java:balance(259)) - Result of this iteration of Container Balancer: ITERATION_COMPLETED
2023-09-08 11:18:59,795 [main] INFO  balancer.ContainerBalancerTask (ContainerBalancerTask.java:tryStopWithSaveConfiguration(308)) - Save Configuration for stopping. Reason: Completed all iterations.
2023-09-08 11:18:59,796 [main] DEBUG balancer.ContainerBalancerTask (ContainerBalancerTask.java:initializeIteration(374)) - Average utilization of the cluster is 0.340830158141845
2023-09-08 11:18:59,796 [main] DEBUG balancer.ContainerBalancerTask (ContainerBalancerTask.java:initializeIteration(386)) - Lower limit for utilization is -0.10467515518083637 and Upper limit for utilization is 0.7863354714645263
2023-09-08 11:18:59,796 [main] DEBUG balancer.ContainerBalancerTask (ContainerBalancerTask.java:initializeIteration(398)) - Utilization for node 033f5b0f-81fa-4ba5-98fb-417d54462df6 with capacity 57266230613B, used 51539607552B, and remaining 5726623061B is 0.9000000000052387
2023-09-08 11:18:59,796 [main] DEBUG balancer.ContainerBalancerTask (ContainerBalancerTask.java:initializeIteration(398)) - Utilization for node 464059bb-9124-49c2-99d6-bdd949bf83c5 with capacity 76504104960B, used 61203283968B, and remaining 15300820992B is 0.8
2023-09-08 11:18:59,796 [main] DEBUG balancer.ContainerBalancerTask (ContainerBalancerTask.java:initializeIteration(398)) - Utilization for node 6f0e948d-d3f7-4dd9-806b-f49208325d33 with capacity 44483589851B, used 31138512896B, and remaining 13345076955B is 0.700000000006744
2023-09-08 11:18:59,796 [main] DEBUG balancer.ContainerBalancerTask (ContainerBalancerTask.java:initializeIteration(398)) - Utilization for node 85ab15db-3ad2-4d6d-9eb0-2227c1e80c63 with capacity 62634939733B, used 37580963840B, and remaining 25053975893B is 0.6000000000031931
2023-09-08 11:18:59,796 [main] DEBUG balancer.ContainerBalancerTask (ContainerBalancerTask.java:initializeIteration(398)) - Utilization for node 77b8b07c-1dfe-407f-8e29-190d2b6b8da3 with capacity 83751862272B, used 41875931136B, and remaining 41875931136B is 0.5
2023-09-08 11:18:59,796 [main] DEBUG balancer.ContainerBalancerTask (ContainerBalancerTask.java:initializeIteration(398)) - Utilization for node 13dd51a3-50bb-4709-bd07-ed54eb99f549 with capacity 136902082560B, used 54760833024B, and remaining 82141249536B is 0.4
2023-09-08 11:18:59,796 [main] DEBUG balancer.ContainerBalancerTask (ContainerBalancerTask.java:initializeIteration(398)) - Utilization for node 2260ca00-150a-4407-aef4-4c26696a81c2 with capacity 132428158293B, used 39728447488B, and remaining 92699710805B is 0.3000000000007551
2023-09-08 11:18:59,797 [main] DEBUG balancer.ContainerBalancerTask (ContainerBalancerTask.java:initializeIteration(398)) - Utilization for node f52d6f4b-036c-4986-b65f-72517c5c7b6f with capacity 198642237440B, used 39728447488B, and remaining 158913789952B is 0.2
2023-09-08 11:18:59,797 [main] DEBUG balancer.ContainerBalancerTask (ContainerBalancerTask.java:initializeIteration(398)) - Utilization for node faa0991e-87f5-4348-9a71-84e36f7603a9 with capacity 300647710720B, used 30064771072B, and remaining 270582939648B is 0.1
2023-09-08 11:18:59,797 [main] DEBUG balancer.ContainerBalancerTask (ContainerBalancerTask.java:initializeIteration(398)) - Utilization for node 27ff5598-d008-435f-8a45-78122cf10002 with capacity 44023414784B, used 0B, and remaining 44023414784B is 0.0
2023-09-08 11:18:59,797 [main] INFO  balancer.ContainerBalancerTask (ContainerBalancerTask.java:initializeIteration(447)) - Container Balancer has identified 2 Over-Utilized and 0 Under-Utilized Datanodes that need to be balanced.
2023-09-08 11:18:59,797 [main] DEBUG balancer.ContainerBalancerTask (ContainerBalancerTask.java:lambda$initializeIteration$1(453)) - Datanode localhost-80.191.15.251 033f5b0f-81fa-4ba5-98fb-417d54462df6 is Over-Utilized.
2023-09-08 11:18:59,797 [main] DEBUG balancer.ContainerBalancerTask (ContainerBalancerTask.java:lambda$initializeIteration$1(453)) - Datanode localhost-119.185.211.138 464059bb-9124-49c2-99d6-bdd949bf83c5 is Over-Utilized.
2023-09-08 11:18:59,800 [main] DEBUG balancer.ContainerBalancerTask (ContainerBalancerTask.java:matchSourceWithTarget(708)) - ContainerBalancer is finding suitable target for source datanode 033f5b0f-81fa-4ba5-98fb-417d54462df6
2023-09-08 11:18:59,800 [main] INFO  balancer.FindTargetGreedyByUsageInfo (AbstractFindTargetGreedy.java:findTargetForContainerMove(133)) - Container Balancer could not find a target for source datanode 033f5b0f-81fa-4ba5-98fb-417d54462df6
2023-09-08 11:18:59,800 [main] DEBUG balancer.ContainerBalancerTask (ContainerBalancerTask.java:matchSourceWithTarget(717)) - ContainerBalancer could not find a suitable target for source node 033f5b0f-81fa-4ba5-98fb-417d54462df6.
2023-09-08 11:18:59,802 [main] DEBUG balancer.ContainerBalancerTask (ContainerBalancerTask.java:matchSourceWithTarget(708)) - ContainerBalancer is finding suitable target for source datanode 464059bb-9124-49c2-99d6-bdd949bf83c5
2023-09-08 11:18:59,802 [main] INFO  balancer.FindTargetGreedyByUsageInfo (AbstractFindTargetGreedy.java:findTargetForContainerMove(133)) - Container Balancer could not find a target for source datanode 464059bb-9124-49c2-99d6-bdd949bf83c5
2023-09-08 11:18:59,803 [main] DEBUG balancer.ContainerBalancerTask (ContainerBalancerTask.java:matchSourceWithTarget(717)) - ContainerBalancer could not find a suitable target for source node 464059bb-9124-49c2-99d6-bdd949bf83c5.
2023-09-08 11:18:59,803 [main] INFO  balancer.FindSourceGreedy (FindSourceGreedy.java:getNextCandidateSourceDataNode(126)) - no more candidate source data node
2023-09-08 11:18:59,803 [main] INFO  balancer.ContainerBalancerTask (ContainerBalancerTask.java:balance(259)) - Result of this iteration of Container Balancer: CAN_NOT_BALANCE_ANY_MORE
2023-09-08 11:18:59,803 [main] INFO  balancer.ContainerBalancerTask (ContainerBalancerTask.java:tryStopWithSaveConfiguration(308)) - Save Configuration for stopping. Reason: CAN_NOT_BALANCE_ANY_MORE
2023-09-08 11:18:59,803 [main] DEBUG balancer.ContainerBalancerTask (ContainerBalancerTask.java:initializeIteration(374)) - Average utilization of the cluster is 0.340830158141845
2023-09-08 11:18:59,804 [main] DEBUG balancer.ContainerBalancerTask (ContainerBalancerTask.java:initializeIteration(386)) - Lower limit for utilization is -0.3104920305148077 and Upper limit for utilization is 0.9921523467984976
2023-09-08 11:18:59,804 [main] DEBUG balancer.ContainerBalancerTask (ContainerBalancerTask.java:initializeIteration(398)) - Utilization for node 033f5b0f-81fa-4ba5-98fb-417d54462df6 with capacity 57266230613B, used 51539607552B, and remaining 5726623061B is 0.9000000000052387
2023-09-08 11:18:59,804 [main] DEBUG balancer.ContainerBalancerTask (ContainerBalancerTask.java:initializeIteration(398)) - Utilization for node 464059bb-9124-49c2-99d6-bdd949bf83c5 with capacity 76504104960B, used 61203283968B, and remaining 15300820992B is 0.8
2023-09-08 11:18:59,804 [main] DEBUG balancer.ContainerBalancerTask (ContainerBalancerTask.java:initializeIteration(398)) - Utilization for node 6f0e948d-d3f7-4dd9-806b-f49208325d33 with capacity 44483589851B, used 31138512896B, and remaining 13345076955B is 0.700000000006744
2023-09-08 11:18:59,804 [main] DEBUG balancer.ContainerBalancerTask (ContainerBalancerTask.java:initializeIteration(398)) - Utilization for node 85ab15db-3ad2-4d6d-9eb0-2227c1e80c63 with capacity 62634939733B, used 37580963840B, and remaining 25053975893B is 0.6000000000031931
2023-09-08 11:18:59,804 [main] DEBUG balancer.ContainerBalancerTask (ContainerBalancerTask.java:initializeIteration(398)) - Utilization for node 77b8b07c-1dfe-407f-8e29-190d2b6b8da3 with capacity 83751862272B, used 41875931136B, and remaining 41875931136B is 0.5
2023-09-08 11:18:59,804 [main] DEBUG balancer.ContainerBalancerTask (ContainerBalancerTask.java:initializeIteration(398)) - Utilization for node 13dd51a3-50bb-4709-bd07-ed54eb99f549 with capacity 136902082560B, used 54760833024B, and remaining 82141249536B is 0.4
2023-09-08 11:18:59,804 [main] DEBUG balancer.ContainerBalancerTask (ContainerBalancerTask.java:initializeIteration(398)) - Utilization for node 2260ca00-150a-4407-aef4-4c26696a81c2 with capacity 132428158293B, used 39728447488B, and remaining 92699710805B is 0.3000000000007551
2023-09-08 11:18:59,804 [main] DEBUG balancer.ContainerBalancerTask (ContainerBalancerTask.java:initializeIteration(398)) - Utilization for node f52d6f4b-036c-4986-b65f-72517c5c7b6f with capacity 198642237440B, used 39728447488B, and remaining 158913789952B is 0.2
2023-09-08 11:18:59,804 [main] DEBUG balancer.ContainerBalancerTask (ContainerBalancerTask.java:initializeIteration(398)) - Utilization for node faa0991e-87f5-4348-9a71-84e36f7603a9 with capacity 300647710720B, used 30064771072B, and remaining 270582939648B is 0.1
2023-09-08 11:18:59,804 [main] DEBUG balancer.ContainerBalancerTask (ContainerBalancerTask.java:initializeIteration(398)) - Utilization for node 27ff5598-d008-435f-8a45-78122cf10002 with capacity 44023414784B, used 0B, and remaining 44023414784B is 0.0
2023-09-08 11:18:59,805 [main] INFO  balancer.ContainerBalancerTask (ContainerBalancerTask.java:initializeIteration(443)) - Did not find any unbalanced Datanodes.
2023-09-08 11:18:59,805 [main] INFO  balancer.ContainerBalancerTask (ContainerBalancerTask.java:tryStopWithSaveConfiguration(308)) - Save Configuration for stopping. Reason: Could not initialize ContainerBalancer's iteration number 0
2023-09-08 11:18:59,805 [main] DEBUG balancer.ContainerBalancerTask (ContainerBalancerTask.java:initializeIteration(374)) - Average utilization of the cluster is 0.340830158141845
2023-09-08 11:18:59,805 [main] DEBUG balancer.ContainerBalancerTask (ContainerBalancerTask.java:initializeIteration(386)) - Lower limit for utilization is -0.4410250391104565 and Upper limit for utilization is 1.1226853553941465
2023-09-08 11:18:59,805 [main] DEBUG balancer.ContainerBalancerTask (ContainerBalancerTask.java:initializeIteration(398)) - Utilization for node 033f5b0f-81fa-4ba5-98fb-417d54462df6 with capacity 57266230613B, used 51539607552B, and remaining 5726623061B is 0.9000000000052387
2023-09-08 11:18:59,805 [main] DEBUG balancer.ContainerBalancerTask (ContainerBalancerTask.java:initializeIteration(398)) - Utilization for node 464059bb-9124-49c2-99d6-bdd949bf83c5 with capacity 76504104960B, used 61203283968B, and remaining 15300820992B is 0.8
2023-09-08 11:18:59,806 [main] DEBUG balancer.ContainerBalancerTask (ContainerBalancerTask.java:initializeIteration(398)) - Utilization for node 6f0e948d-d3f7-4dd9-806b-f49208325d33 with capacity 44483589851B, used 31138512896B, and remaining 13345076955B is 0.700000000006744
2023-09-08 11:18:59,806 [main] DEBUG balancer.ContainerBalancerTask (ContainerBalancerTask.java:initializeIteration(398)) - Utilization for node 85ab15db-3ad2-4d6d-9eb0-2227c1e80c63 with capacity 62634939733B, used 37580963840B, and remaining 25053975893B is 0.6000000000031931
2023-09-08 11:18:59,806 [main] DEBUG balancer.ContainerBalancerTask (ContainerBalancerTask.java:initializeIteration(398)) - Utilization for node 77b8b07c-1dfe-407f-8e29-190d2b6b8da3 with capacity 83751862272B, used 41875931136B, and remaining 41875931136B is 0.5
2023-09-08 11:18:59,806 [main] DEBUG balancer.ContainerBalancerTask (ContainerBalancerTask.java:initializeIteration(398)) - Utilization for node 13dd51a3-50bb-4709-bd07-ed54eb99f549 with capacity 136902082560B, used 54760833024B, and remaining 82141249536B is 0.4
2023-09-08 11:18:59,806 [main] DEBUG balancer.ContainerBalancerTask (ContainerBalancerTask.java:initializeIteration(398)) - Utilization for node 2260ca00-150a-4407-aef4-4c26696a81c2 with capacity 132428158293B, used 39728447488B, and remaining 92699710805B is 0.3000000000007551
2023-09-08 11:18:59,806 [main] DEBUG balancer.ContainerBalancerTask (ContainerBalancerTask.java:initializeIteration(398)) - Utilization for node f52d6f4b-036c-4986-b65f-72517c5c7b6f with capacity 198642237440B, used 39728447488B, and remaining 158913789952B is 0.2
2023-09-08 11:18:59,806 [main] DEBUG balancer.ContainerBalancerTask (ContainerBalancerTask.java:initializeIteration(398)) - Utilization for node faa0991e-87f5-4348-9a71-84e36f7603a9 with capacity 300647710720B, used 30064771072B, and remaining 270582939648B is 0.1
2023-09-08 11:18:59,806 [main] DEBUG balancer.ContainerBalancerTask (ContainerBalancerTask.java:initializeIteration(398)) - Utilization for node 27ff5598-d008-435f-8a45-78122cf10002 with capacity 44023414784B, used 0B, and remaining 44023414784B is 0.0
2023-09-08 11:18:59,806 [main] INFO  balancer.ContainerBalancerTask (ContainerBalancerTask.java:initializeIteration(443)) - Did not find any unbalanced Datanodes.
2023-09-08 11:18:59,806 [main] INFO  balancer.ContainerBalancerTask (ContainerBalancerTask.java:tryStopWithSaveConfiguration(308)) - Save Configuration for stopping. Reason: Could not initialize ContainerBalancer's iteration number 0
2023-09-08 11:18:59,807 [main] DEBUG balancer.ContainerBalancerTask (ContainerBalancerTask.java:initializeIteration(374)) - Average utilization of the cluster is 0.340830158141845
2023-09-08 11:18:59,807 [main] DEBUG balancer.ContainerBalancerTask (ContainerBalancerTask.java:initializeIteration(386)) - Lower limit for utilization is 0.1681227720928416 and Upper limit for utilization is 0.5135375441908483
2023-09-08 11:18:59,808 [main] DEBUG balancer.ContainerBalancerTask (ContainerBalancerTask.java:initializeIteration(398)) - Utilization for node 033f5b0f-81fa-4ba5-98fb-417d54462df6 with capacity 57266230613B, used 51539607552B, and remaining 5726623061B is 0.9000000000052387
2023-09-08 11:18:59,808 [main] DEBUG balancer.ContainerBalancerTask (ContainerBalancerTask.java:initializeIteration(398)) - Utilization for node 464059bb-9124-49c2-99d6-bdd949bf83c5 with capacity 76504104960B, used 61203283968B, and remaining 15300820992B is 0.8
2023-09-08 11:18:59,808 [main] DEBUG balancer.ContainerBalancerTask (ContainerBalancerTask.java:initializeIteration(398)) - Utilization for node 6f0e948d-d3f7-4dd9-806b-f49208325d33 with capacity 44483589851B, used 31138512896B, and remaining 13345076955B is 0.700000000006744
2023-09-08 11:18:59,808 [main] DEBUG balancer.ContainerBalancerTask (ContainerBalancerTask.java:initializeIteration(398)) - Utilization for node 85ab15db-3ad2-4d6d-9eb0-2227c1e80c63 with capacity 62634939733B, used 37580963840B, and remaining 25053975893B is 0.6000000000031931
2023-09-08 11:18:59,808 [main] DEBUG balancer.ContainerBalancerTask (ContainerBalancerTask.java:initializeIteration(398)) - Utilization for node 77b8b07c-1dfe-407f-8e29-190d2b6b8da3 with capacity 83751862272B, used 41875931136B, and remaining 41875931136B is 0.5
2023-09-08 11:18:59,808 [main] DEBUG balancer.ContainerBalancerTask (ContainerBalancerTask.java:initializeIteration(398)) - Utilization for node 13dd51a3-50bb-4709-bd07-ed54eb99f549 with capacity 136902082560B, used 54760833024B, and remaining 82141249536B is 0.4
2023-09-08 11:18:59,808 [main] DEBUG balancer.ContainerBalancerTask (ContainerBalancerTask.java:initializeIteration(398)) - Utilization for node 2260ca00-150a-4407-aef4-4c26696a81c2 with capacity 132428158293B, used 39728447488B, and remaining 92699710805B is 0.3000000000007551
2023-09-08 11:18:59,808 [main] DEBUG balancer.ContainerBalancerTask (ContainerBalancerTask.java:initializeIteration(398)) - Utilization for node f52d6f4b-036c-4986-b65f-72517c5c7b6f with capacity 198642237440B, used 39728447488B, and remaining 158913789952B is 0.2
2023-09-08 11:18:59,808 [main] DEBUG balancer.ContainerBalancerTask (ContainerBalancerTask.java:initializeIteration(398)) - Utilization for node faa0991e-87f5-4348-9a71-84e36f7603a9 with capacity 300647710720B, used 30064771072B, and remaining 270582939648B is 0.1
2023-09-08 11:18:59,808 [main] DEBUG balancer.ContainerBalancerTask (ContainerBalancerTask.java:initializeIteration(398)) - Utilization for node 27ff5598-d008-435f-8a45-78122cf10002 with capacity 44023414784B, used 0B, and remaining 44023414784B is 0.0
2023-09-08 11:18:59,808 [main] INFO  balancer.ContainerBalancerTask (ContainerBalancerTask.java:initializeIteration(447)) - Container Balancer has identified 4 Over-Utilized and 2 Under-Utilized Datanodes that need to be balanced.
2023-09-08 11:18:59,809 [main] DEBUG balancer.ContainerBalancerTask (ContainerBalancerTask.java:lambda$initializeIteration$1(453)) - Datanode localhost-80.191.15.251 033f5b0f-81fa-4ba5-98fb-417d54462df6 is Over-Utilized.
2023-09-08 11:18:59,809 [main] DEBUG balancer.ContainerBalancerTask (ContainerBalancerTask.java:lambda$initializeIteration$1(453)) - Datanode localhost-119.185.211.138 464059bb-9124-49c2-99d6-bdd949bf83c5 is Over-Utilized.
2023-09-08 11:18:59,809 [main] DEBUG balancer.ContainerBalancerTask (ContainerBalancerTask.java:lambda$initializeIteration$1(453)) - Datanode localhost-175.189.162.212 6f0e948d-d3f7-4dd9-806b-f49208325d33 is Over-Utilized.
2023-09-08 11:18:59,809 [main] DEBUG balancer.ContainerBalancerTask (ContainerBalancerTask.java:lambda$initializeIteration$1(453)) - Datanode localhost-45.212.111.64 85ab15db-3ad2-4d6d-9eb0-2227c1e80c63 is Over-Utilized.
2023-09-08 11:18:59,809 [main] DEBUG balancer.ContainerBalancerTask (ContainerBalancerTask.java:lambda$initializeIteration$2(459)) - Datanode localhost-21.155.139.135 27ff5598-d008-435f-8a45-78122cf10002 is Under-Utilized.
2023-09-08 11:18:59,809 [main] DEBUG balancer.ContainerBalancerTask (ContainerBalancerTask.java:lambda$initializeIteration$2(459)) - Datanode localhost-171.124.219.118 faa0991e-87f5-4348-9a71-84e36f7603a9 is Under-Utilized.
2023-09-08 11:18:59,812 [main] DEBUG balancer.ContainerBalancerTask (ContainerBalancerTask.java:matchSourceWithTarget(708)) - ContainerBalancer is finding suitable target for source datanode 033f5b0f-81fa-4ba5-98fb-417d54462df6
2023-09-08 11:18:59,812 [main] INFO  balancer.ContainerBalancerTask (ContainerBalancerTask.java:matchSourceWithTarget(722)) - ContainerBalancer matched source datanode 033f5b0f-81fa-4ba5-98fb-417d54462df6 with target datanode 27ff5598-d008-435f-8a45-78122cf10002 for container move.
2023-09-08 11:18:59,812 [main] INFO  balancer.ContainerBalancerTask (ContainerBalancerTask.java:processMoveSelection(569)) - ContainerBalancer is trying to move container #85 with size 5368709120B from source datanode 033f5b0f-81fa-4ba5-98fb-417d54462df6 to target datanode 27ff5598-d008-435f-8a45-78122cf10002
2023-09-08 11:18:59,812 [main] DEBUG balancer.ContainerBalancerTask (ContainerBalancerTask.java:lambda$moveContainer$3(837)) - Container move completed for container #85 from source 033f5b0f-81fa-4ba5-98fb-417d54462df6 to target 27ff5598-d008-435f-8a45-78122cf10002
2023-09-08 11:18:59,815 [main] DEBUG balancer.ContainerBalancerTask (ContainerBalancerTask.java:matchSourceWithTarget(708)) - ContainerBalancer is finding suitable target for source datanode 033f5b0f-81fa-4ba5-98fb-417d54462df6
2023-09-08 11:18:59,815 [main] INFO  balancer.ContainerBalancerTask (ContainerBalancerTask.java:matchSourceWithTarget(722)) - ContainerBalancer matched source datanode 033f5b0f-81fa-4ba5-98fb-417d54462df6 with target datanode faa0991e-87f5-4348-9a71-84e36f7603a9 for container move.
2023-09-08 11:18:59,815 [main] INFO  balancer.ContainerBalancerTask (ContainerBalancerTask.java:processMoveSelection(569)) - ContainerBalancer is trying to move container #89 with size 4294967296B from source datanode 033f5b0f-81fa-4ba5-98fb-417d54462df6 to target datanode faa0991e-87f5-4348-9a71-84e36f7603a9
2023-09-08 11:18:59,815 [main] DEBUG balancer.ContainerBalancerTask (ContainerBalancerTask.java:lambda$moveContainer$3(837)) - Container move completed for container #89 from source 033f5b0f-81fa-4ba5-98fb-417d54462df6 to target faa0991e-87f5-4348-9a71-84e36f7603a9
2023-09-08 11:18:59,818 [main] DEBUG balancer.ContainerBalancerTask (ContainerBalancerTask.java:matchSourceWithTarget(708)) - ContainerBalancer is finding suitable target for source datanode 464059bb-9124-49c2-99d6-bdd949bf83c5
2023-09-08 11:18:59,818 [main] INFO  balancer.ContainerBalancerTask (ContainerBalancerTask.java:matchSourceWithTarget(722)) - ContainerBalancer matched source datanode 464059bb-9124-49c2-99d6-bdd949bf83c5 with target datanode faa0991e-87f5-4348-9a71-84e36f7603a9 for container move.
2023-09-08 11:18:59,818 [main] INFO  balancer.ContainerBalancerTask (ContainerBalancerTask.java:processMoveSelection(569)) - ContainerBalancer is trying to move container #68 with size 5368709120B from source datanode 464059bb-9124-49c2-99d6-bdd949bf83c5 to target datanode faa0991e-87f5-4348-9a71-84e36f7603a9
2023-09-08 11:18:59,818 [main] DEBUG balancer.ContainerBalancerTask (ContainerBalancerTask.java:lambda$moveContainer$3(837)) - Container move completed for container #68 from source 464059bb-9124-49c2-99d6-bdd949bf83c5 to target faa0991e-87f5-4348-9a71-84e36f7603a9
2023-09-08 11:18:59,821 [main] DEBUG balancer.ContainerBalancerTask (ContainerBalancerTask.java:matchSourceWithTarget(708)) - ContainerBalancer is finding suitable target for source datanode 033f5b0f-81fa-4ba5-98fb-417d54462df6
2023-09-08 11:18:59,821 [main] INFO  balancer.ContainerBalancerTask (ContainerBalancerTask.java:matchSourceWithTarget(722)) - ContainerBalancer matched source datanode 033f5b0f-81fa-4ba5-98fb-417d54462df6 with target datanode 27ff5598-d008-435f-8a45-78122cf10002 for container move.
2023-09-08 11:18:59,821 [main] INFO  balancer.ContainerBalancerTask (ContainerBalancerTask.java:processMoveSelection(569)) - ContainerBalancer is trying to move container #84 with size 4294967296B from source datanode 033f5b0f-81fa-4ba5-98fb-417d54462df6 to target datanode 27ff5598-d008-435f-8a45-78122cf10002
2023-09-08 11:18:59,821 [main] DEBUG balancer.ContainerBalancerTask (ContainerBalancerTask.java:lambda$moveContainer$3(837)) - Container move completed for container #84 from source 033f5b0f-81fa-4ba5-98fb-417d54462df6 to target 27ff5598-d008-435f-8a45-78122cf10002
2023-09-08 11:18:59,824 [main] DEBUG balancer.ContainerBalancerTask (ContainerBalancerTask.java:matchSourceWithTarget(708)) - ContainerBalancer is finding suitable target for source datanode 464059bb-9124-49c2-99d6-bdd949bf83c5
2023-09-08 11:18:59,824 [main] INFO  balancer.ContainerBalancerTask (ContainerBalancerTask.java:matchSourceWithTarget(722)) - ContainerBalancer matched source datanode 464059bb-9124-49c2-99d6-bdd949bf83c5 with target datanode faa0991e-87f5-4348-9a71-84e36f7603a9 for container move.
2023-09-08 11:18:59,824 [main] INFO  balancer.ContainerBalancerTask (ContainerBalancerTask.java:processMoveSelection(569)) - ContainerBalancer is trying to move container #29 with size 5368709120B from source datanode 464059bb-9124-49c2-99d6-bdd949bf83c5 to target datanode faa0991e-87f5-4348-9a71-84e36f7603a9
2023-09-08 11:18:59,824 [main] DEBUG balancer.ContainerBalancerTask (ContainerBalancerTask.java:lambda$moveContainer$3(837)) - Container move completed for container #29 from source 464059bb-9124-49c2-99d6-bdd949bf83c5 to target faa0991e-87f5-4348-9a71-84e36f7603a9
2023-09-08 11:18:59,826 [main] DEBUG balancer.ContainerBalancerTask (ContainerBalancerTask.java:matchSourceWithTarget(708)) - ContainerBalancer is finding suitable target for source datanode 6f0e948d-d3f7-4dd9-806b-f49208325d33
2023-09-08 11:18:59,827 [main] INFO  balancer.ContainerBalancerTask (ContainerBalancerTask.java:matchSourceWithTarget(722)) - ContainerBalancer matched source datanode 6f0e948d-d3f7-4dd9-806b-f49208325d33 with target datanode faa0991e-87f5-4348-9a71-84e36f7603a9 for container move.
2023-09-08 11:18:59,827 [main] INFO  balancer.ContainerBalancerTask (ContainerBalancerTask.java:processMoveSelection(569)) - ContainerBalancer is trying to move container #53 with size 5368709120B from source datanode 6f0e948d-d3f7-4dd9-806b-f49208325d33 to target datanode faa0991e-87f5-4348-9a71-84e36f7603a9
2023-09-08 11:18:59,827 [main] DEBUG balancer.ContainerBalancerTask (ContainerBalancerTask.java:lambda$moveContainer$3(837)) - Container move completed for container #53 from source 6f0e948d-d3f7-4dd9-806b-f49208325d33 to target faa0991e-87f5-4348-9a71-84e36f7603a9
2023-09-08 11:18:59,830 [main] DEBUG balancer.ContainerBalancerTask (ContainerBalancerTask.java:matchSourceWithTarget(708)) - ContainerBalancer is finding suitable target for source datanode 464059bb-9124-49c2-99d6-bdd949bf83c5
2023-09-08 11:18:59,831 [main] INFO  balancer.ContainerBalancerTask (ContainerBalancerTask.java:matchSourceWithTarget(722)) - ContainerBalancer matched source datanode 464059bb-9124-49c2-99d6-bdd949bf83c5 with target datanode faa0991e-87f5-4348-9a71-84e36f7603a9 for container move.
2023-09-08 11:18:59,832 [main] INFO  balancer.ContainerBalancerTask (ContainerBalancerTask.java:processMoveSelection(569)) - ContainerBalancer is trying to move container #67 with size 4294967296B from source datanode 464059bb-9124-49c2-99d6-bdd949bf83c5 to target datanode faa0991e-87f5-4348-9a71-84e36f7603a9
2023-09-08 11:18:59,832 [main] DEBUG balancer.ContainerBalancerTask (ContainerBalancerTask.java:lambda$moveContainer$3(837)) - Container move completed for container #67 from source 464059bb-9124-49c2-99d6-bdd949bf83c5 to target faa0991e-87f5-4348-9a71-84e36f7603a9
2023-09-08 11:18:59,836 [main] DEBUG balancer.ContainerBalancerTask (ContainerBalancerTask.java:matchSourceWithTarget(708)) - ContainerBalancer is finding suitable target for source datanode 033f5b0f-81fa-4ba5-98fb-417d54462df6
2023-09-08 11:18:59,836 [main] INFO  balancer.ContainerBalancerTask (ContainerBalancerTask.java:matchSourceWithTarget(722)) - ContainerBalancer matched source datanode 033f5b0f-81fa-4ba5-98fb-417d54462df6 with target datanode faa0991e-87f5-4348-9a71-84e36f7603a9 for container move.
2023-09-08 11:18:59,836 [main] INFO  balancer.ContainerBalancerTask (ContainerBalancerTask.java:processMoveSelection(569)) - ContainerBalancer is trying to move container #52 with size 4294967296B from source datanode 033f5b0f-81fa-4ba5-98fb-417d54462df6 to target datanode faa0991e-87f5-4348-9a71-84e36f7603a9
2023-09-08 11:18:59,836 [main] DEBUG balancer.ContainerBalancerTask (ContainerBalancerTask.java:lambda$moveContainer$3(837)) - Container move completed for container #52 from source 033f5b0f-81fa-4ba5-98fb-417d54462df6 to target faa0991e-87f5-4348-9a71-84e36f7603a9
2023-09-08 11:18:59,839 [main] DEBUG balancer.ContainerBalancerTask (ContainerBalancerTask.java:matchSourceWithTarget(708)) - ContainerBalancer is finding suitable target for source datanode 464059bb-9124-49c2-99d6-bdd949bf83c5
2023-09-08 11:18:59,839 [main] INFO  balancer.ContainerBalancerTask (ContainerBalancerTask.java:matchSourceWithTarget(722)) - ContainerBalancer matched source datanode 464059bb-9124-49c2-99d6-bdd949bf83c5 with target datanode faa0991e-87f5-4348-9a71-84e36f7603a9 for container move.
2023-09-08 11:18:59,839 [main] INFO  balancer.ContainerBalancerTask (ContainerBalancerTask.java:processMoveSelection(569)) - ContainerBalancer is trying to move container #39 with size 4294967296B from source datanode 464059bb-9124-49c2-99d6-bdd949bf83c5 to target datanode faa0991e-87f5-4348-9a71-84e36f7603a9
2023-09-08 11:18:59,839 [main] DEBUG balancer.ContainerBalancerTask (ContainerBalancerTask.java:lambda$moveContainer$3(837)) - Container move completed for container #39 from source 464059bb-9124-49c2-99d6-bdd949bf83c5 to target faa0991e-87f5-4348-9a71-84e36f7603a9
2023-09-08 11:18:59,842 [main] DEBUG balancer.ContainerBalancerTask (ContainerBalancerTask.java:matchSourceWithTarget(708)) - ContainerBalancer is finding suitable target for source datanode 85ab15db-3ad2-4d6d-9eb0-2227c1e80c63
2023-09-08 11:18:59,842 [main] INFO  balancer.ContainerBalancerTask (ContainerBalancerTask.java:matchSourceWithTarget(722)) - ContainerBalancer matched source datanode 85ab15db-3ad2-4d6d-9eb0-2227c1e80c63 with target datanode faa0991e-87f5-4348-9a71-84e36f7603a9 for container move.
2023-09-08 11:18:59,842 [main] INFO  balancer.ContainerBalancerTask (ContainerBalancerTask.java:processMoveSelection(569)) - ContainerBalancer is trying to move container #40 with size 5368709120B from source datanode 85ab15db-3ad2-4d6d-9eb0-2227c1e80c63 to target datanode faa0991e-87f5-4348-9a71-84e36f7603a9
2023-09-08 11:18:59,842 [main] DEBUG balancer.ContainerBalancerTask (ContainerBalancerTask.java:lambda$moveContainer$3(837)) - Container move completed for container #40 from source 85ab15db-3ad2-4d6d-9eb0-2227c1e80c63 to target faa0991e-87f5-4348-9a71-84e36f7603a9
2023-09-08 11:18:59,845 [main] DEBUG balancer.ContainerBalancerTask (ContainerBalancerTask.java:matchSourceWithTarget(708)) - ContainerBalancer is finding suitable target for source datanode 033f5b0f-81fa-4ba5-98fb-417d54462df6
2023-09-08 11:18:59,846 [main] INFO  balancer.ContainerBalancerTask (ContainerBalancerTask.java:matchSourceWithTarget(722)) - ContainerBalancer matched source datanode 033f5b0f-81fa-4ba5-98fb-417d54462df6 with target datanode 27ff5598-d008-435f-8a45-78122cf10002 for container move.
2023-09-08 11:18:59,846 [main] INFO  balancer.ContainerBalancerTask (ContainerBalancerTask.java:processMoveSelection(569)) - ContainerBalancer is trying to move container #19 with size 4294967296B from source datanode 033f5b0f-81fa-4ba5-98fb-417d54462df6 to target datanode 27ff5598-d008-435f-8a45-78122cf10002
2023-09-08 11:18:59,846 [main] DEBUG balancer.ContainerBalancerTask (ContainerBalancerTask.java:lambda$moveContainer$3(837)) - Container move completed for container #19 from source 033f5b0f-81fa-4ba5-98fb-417d54462df6 to target 27ff5598-d008-435f-8a45-78122cf10002
2023-09-08 11:18:59,848 [main] DEBUG balancer.ContainerBalancerTask (ContainerBalancerTask.java:matchSourceWithTarget(708)) - ContainerBalancer is finding suitable target for source datanode 6f0e948d-d3f7-4dd9-806b-f49208325d33
2023-09-08 11:18:59,848 [main] INFO  balancer.ContainerBalancerTask (ContainerBalancerTask.java:matchSourceWithTarget(722)) - ContainerBalancer matched source datanode 6f0e948d-d3f7-4dd9-806b-f49208325d33 with target datanode faa0991e-87f5-4348-9a71-84e36f7603a9 for container move.
2023-09-08 11:18:59,848 [main] INFO  balancer.ContainerBalancerTask (ContainerBalancerTask.java:processMoveSelection(569)) - ContainerBalancer is trying to move container #64 with size 1073741824B from source datanode 6f0e948d-d3f7-4dd9-806b-f49208325d33 to target datanode faa0991e-87f5-4348-9a71-84e36f7603a9
2023-09-08 11:18:59,849 [main] DEBUG balancer.ContainerBalancerTask (ContainerBalancerTask.java:lambda$moveContainer$3(837)) - Container move completed for container #64 from source 6f0e948d-d3f7-4dd9-806b-f49208325d33 to target faa0991e-87f5-4348-9a71-84e36f7603a9
2023-09-08 11:18:59,849 [main] WARN  balancer.ContainerBalancerTask (ContainerBalancerTask.java:reachedMaxSizeToMovePerIteration(733)) - Reached max size to move limit. 53687091200 bytes have already been scheduled for balancing and the limit is 53687091200 bytes.
2023-09-08 11:18:59,849 [main] INFO  balancer.ContainerBalancerTask (ContainerBalancerTask.java:checkIterationMoveResults(642)) - Iteration Summary. Number of Datanodes involved: 6. Size moved: 50 GB (53687091200 Bytes). Number of Container moves completed: 12.
2023-09-08 11:18:59,849 [main] INFO  balancer.ContainerBalancerTask (ContainerBalancerTask.java:balance(259)) - Result of this iteration of Container Balancer: ITERATION_COMPLETED
2023-09-08 11:18:59,849 [main] INFO  balancer.ContainerBalancerTask (ContainerBalancerTask.java:tryStopWithSaveConfiguration(308)) - Save Configuration for stopping. Reason: Completed all iterations.
2023-09-08 11:18:59,850 [main] DEBUG balancer.ContainerBalancerTask (ContainerBalancerTask.java:initializeIteration(374)) - Average utilization of the cluster is 0.340830158141845
2023-09-08 11:18:59,850 [main] DEBUG balancer.ContainerBalancerTask (ContainerBalancerTask.java:initializeIteration(386)) - Lower limit for utilization is -0.28227782501725024 and Upper limit for utilization is 0.9639381413009402
2023-09-08 11:18:59,850 [main] DEBUG balancer.ContainerBalancerTask (ContainerBalancerTask.java:initializeIteration(398)) - Utilization for node 033f5b0f-81fa-4ba5-98fb-417d54462df6 with capacity 57266230613B, used 51539607552B, and remaining 5726623061B is 0.9000000000052387
2023-09-08 11:18:59,850 [main] DEBUG balancer.ContainerBalancerTask (ContainerBalancerTask.java:initializeIteration(398)) - Utilization for node 464059bb-9124-49c2-99d6-bdd949bf83c5 with capacity 76504104960B, used 61203283968B, and remaining 15300820992B is 0.8
2023-09-08 11:18:59,850 [main] DEBUG balancer.ContainerBalancerTask (ContainerBalancerTask.java:initializeIteration(398)) - Utilization for node 6f0e948d-d3f7-4dd9-806b-f49208325d33 with capacity 44483589851B, used 31138512896B, and remaining 13345076955B is 0.700000000006744
2023-09-08 11:18:59,850 [main] DEBUG balancer.ContainerBalancerTask (ContainerBalancerTask.java:initializeIteration(398)) - Utilization for node 85ab15db-3ad2-4d6d-9eb0-2227c1e80c63 with capacity 62634939733B, used 37580963840B, and remaining 25053975893B is 0.6000000000031931
2023-09-08 11:18:59,850 [main] DEBUG balancer.ContainerBalancerTask (ContainerBalancerTask.java:initializeIteration(398)) - Utilization for node 77b8b07c-1dfe-407f-8e29-190d2b6b8da3 with capacity 83751862272B, used 41875931136B, and remaining 41875931136B is 0.5
2023-09-08 11:18:59,850 [main] DEBUG balancer.ContainerBalancerTask (ContainerBalancerTask.java:initializeIteration(398)) - Utilization for node 13dd51a3-50bb-4709-bd07-ed54eb99f549 with capacity 136902082560B, used 54760833024B, and remaining 82141249536B is 0.4
2023-09-08 11:18:59,850 [main] DEBUG balancer.ContainerBalancerTask (ContainerBalancerTask.java:initializeIteration(398)) - Utilization for node 2260ca00-150a-4407-aef4-4c26696a81c2 with capacity 132428158293B, used 39728447488B, and remaining 92699710805B is 0.3000000000007551
2023-09-08 11:18:59,851 [main] DEBUG balancer.ContainerBalancerTask (ContainerBalancerTask.java:initializeIteration(398)) - Utilization for node f52d6f4b-036c-4986-b65f-72517c5c7b6f with capacity 198642237440B, used 39728447488B, and remaining 158913789952B is 0.2
2023-09-08 11:18:59,851 [main] DEBUG balancer.ContainerBalancerTask (ContainerBalancerTask.java:initializeIteration(398)) - Utilization for node faa0991e-87f5-4348-9a71-84e36f7603a9 with capacity 300647710720B, used 30064771072B, and remaining 270582939648B is 0.1
2023-09-08 11:18:59,851 [main] DEBUG balancer.ContainerBalancerTask (ContainerBalancerTask.java:initializeIteration(398)) - Utilization for node 27ff5598-d008-435f-8a45-78122cf10002 with capacity 44023414784B, used 0B, and remaining 44023414784B is 0.0
2023-09-08 11:18:59,851 [main] INFO  balancer.ContainerBalancerTask (ContainerBalancerTask.java:initializeIteration(443)) - Did not find any unbalanced Datanodes.
2023-09-08 11:18:59,851 [main] INFO  balancer.ContainerBalancerTask (ContainerBalancerTask.java:tryStopWithSaveConfiguration(308)) - Save Configuration for stopping. Reason: Could not initialize ContainerBalancer's iteration number 0
2023-09-08 11:18:59,852 [main] DEBUG balancer.ContainerBalancerTask (ContainerBalancerTask.java:initializeIteration(374)) - Average utilization of the cluster is 0.340830158141845
2023-09-08 11:18:59,852 [main] DEBUG balancer.ContainerBalancerTask (ContainerBalancerTask.java:initializeIteration(386)) - Lower limit for utilization is -0.2786685014167654 and Upper limit for utilization is 0.9603288177004554
2023-09-08 11:18:59,852 [main] DEBUG balancer.ContainerBalancerTask (ContainerBalancerTask.java:initializeIteration(398)) - Utilization for node 033f5b0f-81fa-4ba5-98fb-417d54462df6 with capacity 57266230613B, used 51539607552B, and remaining 5726623061B is 0.9000000000052387
2023-09-08 11:18:59,852 [main] DEBUG balancer.ContainerBalancerTask (ContainerBalancerTask.java:initializeIteration(398)) - Utilization for node 464059bb-9124-49c2-99d6-bdd949bf83c5 with capacity 76504104960B, used 61203283968B, and remaining 15300820992B is 0.8
2023-09-08 11:18:59,852 [main] DEBUG balancer.ContainerBalancerTask (ContainerBalancerTask.java:initializeIteration(398)) - Utilization for node 6f0e948d-d3f7-4dd9-806b-f49208325d33 with capacity 44483589851B, used 31138512896B, and remaining 13345076955B is 0.700000000006744
2023-09-08 11:18:59,852 [main] DEBUG balancer.ContainerBalancerTask (ContainerBalancerTask.java:initializeIteration(398)) - Utilization for node 85ab15db-3ad2-4d6d-9eb0-2227c1e80c63 with capacity 62634939733B, used 37580963840B, and remaining 25053975893B is 0.6000000000031931
2023-09-08 11:18:59,852 [main] DEBUG balancer.ContainerBalancerTask (ContainerBalancerTask.java:initializeIteration(398)) - Utilization for node 77b8b07c-1dfe-407f-8e29-190d2b6b8da3 with capacity 83751862272B, used 41875931136B, and remaining 41875931136B is 0.5
2023-09-08 11:18:59,852 [main] DEBUG balancer.ContainerBalancerTask (ContainerBalancerTask.java:initializeIteration(398)) - Utilization for node 13dd51a3-50bb-4709-bd07-ed54eb99f549 with capacity 136902082560B, used 54760833024B, and remaining 82141249536B is 0.4
2023-09-08 11:18:59,852 [main] DEBUG balancer.ContainerBalancerTask (ContainerBalancerTask.java:initializeIteration(398)) - Utilization for node 2260ca00-150a-4407-aef4-4c26696a81c2 with capacity 132428158293B, used 39728447488B, and remaining 92699710805B is 0.3000000000007551
2023-09-08 11:18:59,852 [main] DEBUG balancer.ContainerBalancerTask (ContainerBalancerTask.java:initializeIteration(398)) - Utilization for node f52d6f4b-036c-4986-b65f-72517c5c7b6f with capacity 198642237440B, used 39728447488B, and remaining 158913789952B is 0.2
2023-09-08 11:18:59,852 [main] DEBUG balancer.ContainerBalancerTask (ContainerBalancerTask.java:initializeIteration(398)) - Utilization for node faa0991e-87f5-4348-9a71-84e36f7603a9 with capacity 300647710720B, used 30064771072B, and remaining 270582939648B is 0.1
2023-09-08 11:18:59,853 [main] DEBUG balancer.ContainerBalancerTask (ContainerBalancerTask.java:initializeIteration(398)) - Utilization for node 27ff5598-d008-435f-8a45-78122cf10002 with capacity 44023414784B, used 0B, and remaining 44023414784B is 0.0
2023-09-08 11:18:59,853 [main] INFO  balancer.ContainerBalancerTask (ContainerBalancerTask.java:initializeIteration(443)) - Did not find any unbalanced Datanodes.
2023-09-08 11:18:59,853 [main] INFO  balancer.ContainerBalancerTask (ContainerBalancerTask.java:tryStopWithSaveConfiguration(308)) - Save Configuration for stopping. Reason: Could not initialize ContainerBalancer's iteration number 0
2023-09-08 11:18:59,853 [main] DEBUG balancer.ContainerBalancerTask (ContainerBalancerTask.java:initializeIteration(374)) - Average utilization of the cluster is 0.340830158141845
2023-09-08 11:18:59,853 [main] DEBUG balancer.ContainerBalancerTask (ContainerBalancerTask.java:initializeIteration(386)) - Lower limit for utilization is 0.04737607384428327 and Upper limit for utilization is 0.6342842424394066
2023-09-08 11:18:59,854 [main] DEBUG balancer.ContainerBalancerTask (ContainerBalancerTask.java:initializeIteration(398)) - Utilization for node 033f5b0f-81fa-4ba5-98fb-417d54462df6 with capacity 57266230613B, used 51539607552B, and remaining 5726623061B is 0.9000000000052387
2023-09-08 11:18:59,854 [main] DEBUG balancer.ContainerBalancerTask (ContainerBalancerTask.java:initializeIteration(398)) - Utilization for node 464059bb-9124-49c2-99d6-bdd949bf83c5 with capacity 76504104960B, used 61203283968B, and remaining 15300820992B is 0.8
2023-09-08 11:18:59,854 [main] DEBUG balancer.ContainerBalancerTask (ContainerBalancerTask.java:initializeIteration(398)) - Utilization for node 6f0e948d-d3f7-4dd9-806b-f49208325d33 with capacity 44483589851B, used 31138512896B, and remaining 13345076955B is 0.700000000006744
2023-09-08 11:18:59,854 [main] DEBUG balancer.ContainerBalancerTask (ContainerBalancerTask.java:initializeIteration(398)) - Utilization for node 85ab15db-3ad2-4d6d-9eb0-2227c1e80c63 with capacity 62634939733B, used 37580963840B, and remaining 25053975893B is 0.6000000000031931
2023-09-08 11:18:59,854 [main] DEBUG balancer.ContainerBalancerTask (ContainerBalancerTask.java:initializeIteration(398)) - Utilization for node 77b8b07c-1dfe-407f-8e29-190d2b6b8da3 with capacity 83751862272B, used 41875931136B, and remaining 41875931136B is 0.5
2023-09-08 11:18:59,854 [main] DEBUG balancer.ContainerBalancerTask (ContainerBalancerTask.java:initializeIteration(398)) - Utilization for node 13dd51a3-50bb-4709-bd07-ed54eb99f549 with capacity 136902082560B, used 54760833024B, and remaining 82141249536B is 0.4
2023-09-08 11:18:59,854 [main] DEBUG balancer.ContainerBalancerTask (ContainerBalancerTask.java:initializeIteration(398)) - Utilization for node 2260ca00-150a-4407-aef4-4c26696a81c2 with capacity 132428158293B, used 39728447488B, and remaining 92699710805B is 0.3000000000007551
2023-09-08 11:18:59,854 [main] DEBUG balancer.ContainerBalancerTask (ContainerBalancerTask.java:initializeIteration(398)) - Utilization for node f52d6f4b-036c-4986-b65f-72517c5c7b6f with capacity 198642237440B, used 39728447488B, and remaining 158913789952B is 0.2
2023-09-08 11:18:59,854 [main] DEBUG balancer.ContainerBalancerTask (ContainerBalancerTask.java:initializeIteration(398)) - Utilization for node faa0991e-87f5-4348-9a71-84e36f7603a9 with capacity 300647710720B, used 30064771072B, and remaining 270582939648B is 0.1
2023-09-08 11:18:59,854 [main] DEBUG balancer.ContainerBalancerTask (ContainerBalancerTask.java:initializeIteration(398)) - Utilization for node 27ff5598-d008-435f-8a45-78122cf10002 with capacity 44023414784B, used 0B, and remaining 44023414784B is 0.0
2023-09-08 11:18:59,854 [main] INFO  balancer.ContainerBalancerTask (ContainerBalancerTask.java:initializeIteration(447)) - Container Balancer has identified 3 Over-Utilized and 1 Under-Utilized Datanodes that need to be balanced.
2023-09-08 11:18:59,855 [main] DEBUG balancer.ContainerBalancerTask (ContainerBalancerTask.java:lambda$initializeIteration$1(453)) - Datanode localhost-80.191.15.251 033f5b0f-81fa-4ba5-98fb-417d54462df6 is Over-Utilized.
2023-09-08 11:18:59,855 [main] DEBUG balancer.ContainerBalancerTask (ContainerBalancerTask.java:lambda$initializeIteration$1(453)) - Datanode localhost-119.185.211.138 464059bb-9124-49c2-99d6-bdd949bf83c5 is Over-Utilized.
2023-09-08 11:18:59,855 [main] DEBUG balancer.ContainerBalancerTask (ContainerBalancerTask.java:lambda$initializeIteration$1(453)) - Datanode localhost-175.189.162.212 6f0e948d-d3f7-4dd9-806b-f49208325d33 is Over-Utilized.
2023-09-08 11:18:59,855 [main] DEBUG balancer.ContainerBalancerTask (ContainerBalancerTask.java:lambda$initializeIteration$2(459)) - Datanode localhost-21.155.139.135 27ff5598-d008-435f-8a45-78122cf10002 is Under-Utilized.
2023-09-08 11:18:59,857 [main] DEBUG balancer.ContainerBalancerTask (ContainerBalancerTask.java:matchSourceWithTarget(708)) - ContainerBalancer is finding suitable target for source datanode 033f5b0f-81fa-4ba5-98fb-417d54462df6
2023-09-08 11:18:59,858 [main] INFO  balancer.ContainerBalancerTask (ContainerBalancerTask.java:matchSourceWithTarget(722)) - ContainerBalancer matched source datanode 033f5b0f-81fa-4ba5-98fb-417d54462df6 with target datanode 27ff5598-d008-435f-8a45-78122cf10002 for container move.
2023-09-08 11:18:59,858 [main] INFO  balancer.ContainerBalancerTask (ContainerBalancerTask.java:processMoveSelection(569)) - ContainerBalancer is trying to move container #85 with size 5368709120B from source datanode 033f5b0f-81fa-4ba5-98fb-417d54462df6 to target datanode 27ff5598-d008-435f-8a45-78122cf10002
2023-09-08 11:18:59,858 [main] DEBUG balancer.ContainerBalancerTask (ContainerBalancerTask.java:lambda$moveContainer$3(837)) - Container move completed for container #85 from source 033f5b0f-81fa-4ba5-98fb-417d54462df6 to target 27ff5598-d008-435f-8a45-78122cf10002
2023-09-08 11:18:59,861 [main] DEBUG balancer.ContainerBalancerTask (ContainerBalancerTask.java:matchSourceWithTarget(708)) - ContainerBalancer is finding suitable target for source datanode 033f5b0f-81fa-4ba5-98fb-417d54462df6
2023-09-08 11:18:59,861 [main] INFO  balancer.ContainerBalancerTask (ContainerBalancerTask.java:matchSourceWithTarget(722)) - ContainerBalancer matched source datanode 033f5b0f-81fa-4ba5-98fb-417d54462df6 with target datanode 27ff5598-d008-435f-8a45-78122cf10002 for container move.
2023-09-08 11:18:59,861 [main] INFO  balancer.ContainerBalancerTask (ContainerBalancerTask.java:processMoveSelection(569)) - ContainerBalancer is trying to move container #89 with size 4294967296B from source datanode 033f5b0f-81fa-4ba5-98fb-417d54462df6 to target datanode 27ff5598-d008-435f-8a45-78122cf10002
2023-09-08 11:18:59,861 [main] DEBUG balancer.ContainerBalancerTask (ContainerBalancerTask.java:lambda$moveContainer$3(837)) - Container move completed for container #89 from source 033f5b0f-81fa-4ba5-98fb-417d54462df6 to target 27ff5598-d008-435f-8a45-78122cf10002
2023-09-08 11:18:59,864 [main] DEBUG balancer.ContainerBalancerTask (ContainerBalancerTask.java:matchSourceWithTarget(708)) - ContainerBalancer is finding suitable target for source datanode 464059bb-9124-49c2-99d6-bdd949bf83c5
2023-09-08 11:18:59,864 [main] INFO  balancer.ContainerBalancerTask (ContainerBalancerTask.java:matchSourceWithTarget(722)) - ContainerBalancer matched source datanode 464059bb-9124-49c2-99d6-bdd949bf83c5 with target datanode 27ff5598-d008-435f-8a45-78122cf10002 for container move.
2023-09-08 11:18:59,864 [main] INFO  balancer.ContainerBalancerTask (ContainerBalancerTask.java:processMoveSelection(569)) - ContainerBalancer is trying to move container #68 with size 5368709120B from source datanode 464059bb-9124-49c2-99d6-bdd949bf83c5 to target datanode 27ff5598-d008-435f-8a45-78122cf10002
2023-09-08 11:18:59,864 [main] DEBUG balancer.ContainerBalancerTask (ContainerBalancerTask.java:lambda$moveContainer$3(837)) - Container move completed for container #68 from source 464059bb-9124-49c2-99d6-bdd949bf83c5 to target 27ff5598-d008-435f-8a45-78122cf10002
2023-09-08 11:18:59,867 [main] DEBUG balancer.ContainerBalancerTask (ContainerBalancerTask.java:matchSourceWithTarget(708)) - ContainerBalancer is finding suitable target for source datanode 033f5b0f-81fa-4ba5-98fb-417d54462df6
2023-09-08 11:18:59,867 [main] INFO  balancer.ContainerBalancerTask (ContainerBalancerTask.java:matchSourceWithTarget(722)) - ContainerBalancer matched source datanode 033f5b0f-81fa-4ba5-98fb-417d54462df6 with target datanode 27ff5598-d008-435f-8a45-78122cf10002 for container move.
2023-09-08 11:18:59,867 [main] INFO  balancer.ContainerBalancerTask (ContainerBalancerTask.java:processMoveSelection(569)) - ContainerBalancer is trying to move container #84 with size 4294967296B from source datanode 033f5b0f-81fa-4ba5-98fb-417d54462df6 to target datanode 27ff5598-d008-435f-8a45-78122cf10002
2023-09-08 11:18:59,867 [main] DEBUG balancer.ContainerBalancerTask (ContainerBalancerTask.java:lambda$moveContainer$3(837)) - Container move completed for container #84 from source 033f5b0f-81fa-4ba5-98fb-417d54462df6 to target 27ff5598-d008-435f-8a45-78122cf10002
2023-09-08 11:18:59,870 [main] DEBUG balancer.ContainerBalancerTask (ContainerBalancerTask.java:matchSourceWithTarget(708)) - ContainerBalancer is finding suitable target for source datanode 464059bb-9124-49c2-99d6-bdd949bf83c5
2023-09-08 11:18:59,870 [main] INFO  balancer.ContainerBalancerTask (ContainerBalancerTask.java:matchSourceWithTarget(722)) - ContainerBalancer matched source datanode 464059bb-9124-49c2-99d6-bdd949bf83c5 with target datanode 27ff5598-d008-435f-8a45-78122cf10002 for container move.
2023-09-08 11:18:59,871 [main] INFO  balancer.ContainerBalancerTask (ContainerBalancerTask.java:processMoveSelection(569)) - ContainerBalancer is trying to move container #29 with size 5368709120B from source datanode 464059bb-9124-49c2-99d6-bdd949bf83c5 to target datanode 27ff5598-d008-435f-8a45-78122cf10002
2023-09-08 11:18:59,871 [main] DEBUG balancer.ContainerBalancerTask (ContainerBalancerTask.java:lambda$moveContainer$3(837)) - Container move completed for container #29 from source 464059bb-9124-49c2-99d6-bdd949bf83c5 to target 27ff5598-d008-435f-8a45-78122cf10002
2023-09-08 11:18:59,873 [main] DEBUG balancer.ContainerBalancerTask (ContainerBalancerTask.java:matchSourceWithTarget(708)) - ContainerBalancer is finding suitable target for source datanode 6f0e948d-d3f7-4dd9-806b-f49208325d33
2023-09-08 11:18:59,873 [main] INFO  balancer.ContainerBalancerTask (ContainerBalancerTask.java:matchSourceWithTarget(722)) - ContainerBalancer matched source datanode 6f0e948d-d3f7-4dd9-806b-f49208325d33 with target datanode 27ff5598-d008-435f-8a45-78122cf10002 for container move.
2023-09-08 11:18:59,873 [main] INFO  balancer.ContainerBalancerTask (ContainerBalancerTask.java:processMoveSelection(569)) - ContainerBalancer is trying to move container #66 with size 3221225472B from source datanode 6f0e948d-d3f7-4dd9-806b-f49208325d33 to target datanode 27ff5598-d008-435f-8a45-78122cf10002
2023-09-08 11:18:59,873 [main] DEBUG balancer.ContainerBalancerTask (ContainerBalancerTask.java:lambda$moveContainer$3(837)) - Container move completed for container #66 from source 6f0e948d-d3f7-4dd9-806b-f49208325d33 to target 27ff5598-d008-435f-8a45-78122cf10002
2023-09-08 11:18:59,876 [main] DEBUG balancer.ContainerBalancerTask (ContainerBalancerTask.java:matchSourceWithTarget(708)) - ContainerBalancer is finding suitable target for source datanode 464059bb-9124-49c2-99d6-bdd949bf83c5
2023-09-08 11:18:59,877 [main] INFO  balancer.FindTargetGreedyByUsageInfo (AbstractFindTargetGreedy.java:findTargetForContainerMove(133)) - Container Balancer could not find a target for source datanode 464059bb-9124-49c2-99d6-bdd949bf83c5
2023-09-08 11:18:59,877 [main] DEBUG balancer.ContainerBalancerTask (ContainerBalancerTask.java:matchSourceWithTarget(717)) - ContainerBalancer could not find a suitable target for source node 464059bb-9124-49c2-99d6-bdd949bf83c5.
2023-09-08 11:18:59,880 [main] DEBUG balancer.ContainerBalancerTask (ContainerBalancerTask.java:matchSourceWithTarget(708)) - ContainerBalancer is finding suitable target for source datanode 033f5b0f-81fa-4ba5-98fb-417d54462df6
2023-09-08 11:18:59,881 [main] INFO  balancer.FindTargetGreedyByUsageInfo (AbstractFindTargetGreedy.java:findTargetForContainerMove(133)) - Container Balancer could not find a target for source datanode 033f5b0f-81fa-4ba5-98fb-417d54462df6
2023-09-08 11:18:59,881 [main] DEBUG balancer.ContainerBalancerTask (ContainerBalancerTask.java:matchSourceWithTarget(717)) - ContainerBalancer could not find a suitable target for source node 033f5b0f-81fa-4ba5-98fb-417d54462df6.
2023-09-08 11:18:59,883 [main] DEBUG balancer.ContainerBalancerTask (ContainerBalancerTask.java:matchSourceWithTarget(708)) - ContainerBalancer is finding suitable target for source datanode 6f0e948d-d3f7-4dd9-806b-f49208325d33
2023-09-08 11:18:59,883 [main] INFO  balancer.FindTargetGreedyByUsageInfo (AbstractFindTargetGreedy.java:findTargetForContainerMove(133)) - Container Balancer could not find a target for source datanode 6f0e948d-d3f7-4dd9-806b-f49208325d33
2023-09-08 11:18:59,884 [main] DEBUG balancer.ContainerBalancerTask (ContainerBalancerTask.java:matchSourceWithTarget(717)) - ContainerBalancer could not find a suitable target for source node 6f0e948d-d3f7-4dd9-806b-f49208325d33.
2023-09-08 11:18:59,884 [main] INFO  balancer.FindSourceGreedy (FindSourceGreedy.java:getNextCandidateSourceDataNode(126)) - no more candidate source data node
2023-09-08 11:18:59,884 [main] INFO  balancer.ContainerBalancerTask (ContainerBalancerTask.java:checkIterationMoveResults(642)) - Iteration Summary. Number of Datanodes involved: 4. Size moved: 26 GB (27917287424 Bytes). Number of Container moves completed: 6.
2023-09-08 11:18:59,884 [main] INFO  balancer.ContainerBalancerTask (ContainerBalancerTask.java:balance(259)) - Result of this iteration of Container Balancer: ITERATION_COMPLETED
2023-09-08 11:18:59,884 [main] INFO  balancer.ContainerBalancerTask (ContainerBalancerTask.java:tryStopWithSaveConfiguration(308)) - Save Configuration for stopping. Reason: Completed all iterations.
2023-09-08 11:18:59,885 [main] DEBUG balancer.ContainerBalancerTask (ContainerBalancerTask.java:initializeIteration(374)) - Average utilization of the cluster is 0.340830158141845
2023-09-08 11:18:59,885 [main] DEBUG balancer.ContainerBalancerTask (ContainerBalancerTask.java:initializeIteration(386)) - Lower limit for utilization is 0.10741876815218548 and Upper limit for utilization is 0.5742415481315044
2023-09-08 11:18:59,885 [main] DEBUG balancer.ContainerBalancerTask (ContainerBalancerTask.java:initializeIteration(398)) - Utilization for node 033f5b0f-81fa-4ba5-98fb-417d54462df6 with capacity 57266230613B, used 51539607552B, and remaining 5726623061B is 0.9000000000052387
2023-09-08 11:18:59,885 [main] DEBUG balancer.ContainerBalancerTask (ContainerBalancerTask.java:initializeIteration(398)) - Utilization for node 464059bb-9124-49c2-99d6-bdd949bf83c5 with capacity 76504104960B, used 61203283968B, and remaining 15300820992B is 0.8
2023-09-08 11:18:59,885 [main] DEBUG balancer.ContainerBalancerTask (ContainerBalancerTask.java:initializeIteration(398)) - Utilization for node 6f0e948d-d3f7-4dd9-806b-f49208325d33 with capacity 44483589851B, used 31138512896B, and remaining 13345076955B is 0.700000000006744
2023-09-08 11:18:59,885 [main] DEBUG balancer.ContainerBalancerTask (ContainerBalancerTask.java:initializeIteration(398)) - Utilization for node 85ab15db-3ad2-4d6d-9eb0-2227c1e80c63 with capacity 62634939733B, used 37580963840B, and remaining 25053975893B is 0.6000000000031931
2023-09-08 11:18:59,885 [main] DEBUG balancer.ContainerBalancerTask (ContainerBalancerTask.java:initializeIteration(398)) - Utilization for node 77b8b07c-1dfe-407f-8e29-190d2b6b8da3 with capacity 83751862272B, used 41875931136B, and remaining 41875931136B is 0.5
2023-09-08 11:18:59,885 [main] DEBUG balancer.ContainerBalancerTask (ContainerBalancerTask.java:initializeIteration(398)) - Utilization for node 13dd51a3-50bb-4709-bd07-ed54eb99f549 with capacity 136902082560B, used 54760833024B, and remaining 82141249536B is 0.4
2023-09-08 11:18:59,885 [main] DEBUG balancer.ContainerBalancerTask (ContainerBalancerTask.java:initializeIteration(398)) - Utilization for node 2260ca00-150a-4407-aef4-4c26696a81c2 with capacity 132428158293B, used 39728447488B, and remaining 92699710805B is 0.3000000000007551
2023-09-08 11:18:59,886 [main] DEBUG balancer.ContainerBalancerTask (ContainerBalancerTask.java:initializeIteration(398)) - Utilization for node f52d6f4b-036c-4986-b65f-72517c5c7b6f with capacity 198642237440B, used 39728447488B, and remaining 158913789952B is 0.2
2023-09-08 11:18:59,886 [main] DEBUG balancer.ContainerBalancerTask (ContainerBalancerTask.java:initializeIteration(398)) - Utilization for node faa0991e-87f5-4348-9a71-84e36f7603a9 with capacity 300647710720B, used 30064771072B, and remaining 270582939648B is 0.1
2023-09-08 11:18:59,886 [main] DEBUG balancer.ContainerBalancerTask (ContainerBalancerTask.java:initializeIteration(398)) - Utilization for node 27ff5598-d008-435f-8a45-78122cf10002 with capacity 44023414784B, used 0B, and remaining 44023414784B is 0.0
2023-09-08 11:18:59,886 [main] INFO  balancer.ContainerBalancerTask (ContainerBalancerTask.java:initializeIteration(447)) - Container Balancer has identified 4 Over-Utilized and 2 Under-Utilized Datanodes that need to be balanced.
2023-09-08 11:18:59,886 [main] DEBUG balancer.ContainerBalancerTask (ContainerBalancerTask.java:lambda$initializeIteration$1(453)) - Datanode localhost-80.191.15.251 033f5b0f-81fa-4ba5-98fb-417d54462df6 is Over-Utilized.
2023-09-08 11:18:59,886 [main] DEBUG balancer.ContainerBalancerTask (ContainerBalancerTask.java:lambda$initializeIteration$1(453)) - Datanode localhost-119.185.211.138 464059bb-9124-49c2-99d6-bdd949bf83c5 is Over-Utilized.
2023-09-08 11:18:59,886 [main] DEBUG balancer.ContainerBalancerTask (ContainerBalancerTask.java:lambda$initializeIteration$1(453)) - Datanode localhost-175.189.162.212 6f0e948d-d3f7-4dd9-806b-f49208325d33 is Over-Utilized.
2023-09-08 11:18:59,886 [main] DEBUG balancer.ContainerBalancerTask (ContainerBalancerTask.java:lambda$initializeIteration$1(453)) - Datanode localhost-45.212.111.64 85ab15db-3ad2-4d6d-9eb0-2227c1e80c63 is Over-Utilized.
2023-09-08 11:18:59,886 [main] DEBUG balancer.ContainerBalancerTask (ContainerBalancerTask.java:lambda$initializeIteration$2(459)) - Datanode localhost-21.155.139.135 27ff5598-d008-435f-8a45-78122cf10002 is Under-Utilized.
2023-09-08 11:18:59,886 [main] DEBUG balancer.ContainerBalancerTask (ContainerBalancerTask.java:lambda$initializeIteration$2(459)) - Datanode localhost-171.124.219.118 faa0991e-87f5-4348-9a71-84e36f7603a9 is Under-Utilized.
2023-09-08 11:18:59,889 [main] DEBUG balancer.ContainerBalancerTask (ContainerBalancerTask.java:matchSourceWithTarget(708)) - ContainerBalancer is finding suitable target for source datanode 033f5b0f-81fa-4ba5-98fb-417d54462df6
2023-09-08 11:18:59,889 [main] INFO  balancer.ContainerBalancerTask (ContainerBalancerTask.java:matchSourceWithTarget(722)) - ContainerBalancer matched source datanode 033f5b0f-81fa-4ba5-98fb-417d54462df6 with target datanode 27ff5598-d008-435f-8a45-78122cf10002 for container move.
2023-09-08 11:18:59,889 [main] INFO  balancer.ContainerBalancerTask (ContainerBalancerTask.java:processMoveSelection(569)) - ContainerBalancer is trying to move container #85 with size 5368709120B from source datanode 033f5b0f-81fa-4ba5-98fb-417d54462df6 to target datanode 27ff5598-d008-435f-8a45-78122cf10002
2023-09-08 11:18:59,889 [main] DEBUG balancer.ContainerBalancerTask (ContainerBalancerTask.java:lambda$moveContainer$3(837)) - Container move completed for container #85 from source 033f5b0f-81fa-4ba5-98fb-417d54462df6 to target 27ff5598-d008-435f-8a45-78122cf10002
2023-09-08 11:18:59,892 [main] DEBUG balancer.ContainerBalancerTask (ContainerBalancerTask.java:matchSourceWithTarget(708)) - ContainerBalancer is finding suitable target for source datanode 033f5b0f-81fa-4ba5-98fb-417d54462df6
2023-09-08 11:18:59,892 [main] INFO  balancer.ContainerBalancerTask (ContainerBalancerTask.java:matchSourceWithTarget(722)) - ContainerBalancer matched source datanode 033f5b0f-81fa-4ba5-98fb-417d54462df6 with target datanode faa0991e-87f5-4348-9a71-84e36f7603a9 for container move.
2023-09-08 11:18:59,892 [main] INFO  balancer.ContainerBalancerTask (ContainerBalancerTask.java:processMoveSelection(569)) - ContainerBalancer is trying to move container #89 with size 4294967296B from source datanode 033f5b0f-81fa-4ba5-98fb-417d54462df6 to target datanode faa0991e-87f5-4348-9a71-84e36f7603a9
2023-09-08 11:18:59,892 [main] DEBUG balancer.ContainerBalancerTask (ContainerBalancerTask.java:lambda$moveContainer$3(837)) - Container move completed for container #89 from source 033f5b0f-81fa-4ba5-98fb-417d54462df6 to target faa0991e-87f5-4348-9a71-84e36f7603a9
2023-09-08 11:18:59,895 [main] DEBUG balancer.ContainerBalancerTask (ContainerBalancerTask.java:matchSourceWithTarget(708)) - ContainerBalancer is finding suitable target for source datanode 464059bb-9124-49c2-99d6-bdd949bf83c5
2023-09-08 11:18:59,895 [main] INFO  balancer.ContainerBalancerTask (ContainerBalancerTask.java:matchSourceWithTarget(722)) - ContainerBalancer matched source datanode 464059bb-9124-49c2-99d6-bdd949bf83c5 with target datanode faa0991e-87f5-4348-9a71-84e36f7603a9 for container move.
2023-09-08 11:18:59,895 [main] INFO  balancer.ContainerBalancerTask (ContainerBalancerTask.java:processMoveSelection(569)) - ContainerBalancer is trying to move container #68 with size 5368709120B from source datanode 464059bb-9124-49c2-99d6-bdd949bf83c5 to target datanode faa0991e-87f5-4348-9a71-84e36f7603a9
2023-09-08 11:18:59,895 [main] DEBUG balancer.ContainerBalancerTask (ContainerBalancerTask.java:lambda$moveContainer$3(837)) - Container move completed for container #68 from source 464059bb-9124-49c2-99d6-bdd949bf83c5 to target faa0991e-87f5-4348-9a71-84e36f7603a9
2023-09-08 11:18:59,898 [main] DEBUG balancer.ContainerBalancerTask (ContainerBalancerTask.java:matchSourceWithTarget(708)) - ContainerBalancer is finding suitable target for source datanode 033f5b0f-81fa-4ba5-98fb-417d54462df6
2023-09-08 11:18:59,898 [main] INFO  balancer.ContainerBalancerTask (ContainerBalancerTask.java:matchSourceWithTarget(722)) - ContainerBalancer matched source datanode 033f5b0f-81fa-4ba5-98fb-417d54462df6 with target datanode 27ff5598-d008-435f-8a45-78122cf10002 for container move.
2023-09-08 11:18:59,898 [main] INFO  balancer.ContainerBalancerTask (ContainerBalancerTask.java:processMoveSelection(569)) - ContainerBalancer is trying to move container #84 with size 4294967296B from source datanode 033f5b0f-81fa-4ba5-98fb-417d54462df6 to target datanode 27ff5598-d008-435f-8a45-78122cf10002
2023-09-08 11:18:59,899 [main] DEBUG balancer.ContainerBalancerTask (ContainerBalancerTask.java:lambda$moveContainer$3(837)) - Container move completed for container #84 from source 033f5b0f-81fa-4ba5-98fb-417d54462df6 to target 27ff5598-d008-435f-8a45-78122cf10002
2023-09-08 11:18:59,901 [main] DEBUG balancer.ContainerBalancerTask (ContainerBalancerTask.java:matchSourceWithTarget(708)) - ContainerBalancer is finding suitable target for source datanode 464059bb-9124-49c2-99d6-bdd949bf83c5
2023-09-08 11:18:59,901 [main] INFO  balancer.ContainerBalancerTask (ContainerBalancerTask.java:matchSourceWithTarget(722)) - ContainerBalancer matched source datanode 464059bb-9124-49c2-99d6-bdd949bf83c5 with target datanode faa0991e-87f5-4348-9a71-84e36f7603a9 for container move.
2023-09-08 11:18:59,902 [main] INFO  balancer.ContainerBalancerTask (ContainerBalancerTask.java:processMoveSelection(569)) - ContainerBalancer is trying to move container #29 with size 5368709120B from source datanode 464059bb-9124-49c2-99d6-bdd949bf83c5 to target datanode faa0991e-87f5-4348-9a71-84e36f7603a9
2023-09-08 11:18:59,902 [main] DEBUG balancer.ContainerBalancerTask (ContainerBalancerTask.java:lambda$moveContainer$3(837)) - Container move completed for container #29 from source 464059bb-9124-49c2-99d6-bdd949bf83c5 to target faa0991e-87f5-4348-9a71-84e36f7603a9
2023-09-08 11:18:59,904 [main] DEBUG balancer.ContainerBalancerTask (ContainerBalancerTask.java:matchSourceWithTarget(708)) - ContainerBalancer is finding suitable target for source datanode 6f0e948d-d3f7-4dd9-806b-f49208325d33
2023-09-08 11:18:59,904 [main] INFO  balancer.ContainerBalancerTask (ContainerBalancerTask.java:matchSourceWithTarget(722)) - ContainerBalancer matched source datanode 6f0e948d-d3f7-4dd9-806b-f49208325d33 with target datanode faa0991e-87f5-4348-9a71-84e36f7603a9 for container move.
2023-09-08 11:18:59,904 [main] INFO  balancer.ContainerBalancerTask (ContainerBalancerTask.java:processMoveSelection(569)) - ContainerBalancer is trying to move container #53 with size 5368709120B from source datanode 6f0e948d-d3f7-4dd9-806b-f49208325d33 to target datanode faa0991e-87f5-4348-9a71-84e36f7603a9
2023-09-08 11:18:59,904 [main] DEBUG balancer.ContainerBalancerTask (ContainerBalancerTask.java:lambda$moveContainer$3(837)) - Container move completed for container #53 from source 6f0e948d-d3f7-4dd9-806b-f49208325d33 to target faa0991e-87f5-4348-9a71-84e36f7603a9
2023-09-08 11:18:59,907 [main] DEBUG balancer.ContainerBalancerTask (ContainerBalancerTask.java:matchSourceWithTarget(708)) - ContainerBalancer is finding suitable target for source datanode 464059bb-9124-49c2-99d6-bdd949bf83c5
2023-09-08 11:18:59,907 [main] INFO  balancer.ContainerBalancerTask (ContainerBalancerTask.java:matchSourceWithTarget(722)) - ContainerBalancer matched source datanode 464059bb-9124-49c2-99d6-bdd949bf83c5 with target datanode faa0991e-87f5-4348-9a71-84e36f7603a9 for container move.
2023-09-08 11:18:59,907 [main] INFO  balancer.ContainerBalancerTask (ContainerBalancerTask.java:processMoveSelection(569)) - ContainerBalancer is trying to move container #67 with size 4294967296B from source datanode 464059bb-9124-49c2-99d6-bdd949bf83c5 to target datanode faa0991e-87f5-4348-9a71-84e36f7603a9
2023-09-08 11:18:59,908 [main] DEBUG balancer.ContainerBalancerTask (ContainerBalancerTask.java:lambda$moveContainer$3(837)) - Container move completed for container #67 from source 464059bb-9124-49c2-99d6-bdd949bf83c5 to target faa0991e-87f5-4348-9a71-84e36f7603a9
2023-09-08 11:18:59,911 [main] DEBUG balancer.ContainerBalancerTask (ContainerBalancerTask.java:matchSourceWithTarget(708)) - ContainerBalancer is finding suitable target for source datanode 033f5b0f-81fa-4ba5-98fb-417d54462df6
2023-09-08 11:18:59,911 [main] INFO  balancer.ContainerBalancerTask (ContainerBalancerTask.java:matchSourceWithTarget(722)) - ContainerBalancer matched source datanode 033f5b0f-81fa-4ba5-98fb-417d54462df6 with target datanode faa0991e-87f5-4348-9a71-84e36f7603a9 for container move.
2023-09-08 11:18:59,911 [main] INFO  balancer.ContainerBalancerTask (ContainerBalancerTask.java:processMoveSelection(569)) - ContainerBalancer is trying to move container #52 with size 4294967296B from source datanode 033f5b0f-81fa-4ba5-98fb-417d54462df6 to target datanode faa0991e-87f5-4348-9a71-84e36f7603a9
2023-09-08 11:18:59,911 [main] DEBUG balancer.ContainerBalancerTask (ContainerBalancerTask.java:lambda$moveContainer$3(837)) - Container move completed for container #52 from source 033f5b0f-81fa-4ba5-98fb-417d54462df6 to target faa0991e-87f5-4348-9a71-84e36f7603a9
2023-09-08 11:18:59,914 [main] DEBUG balancer.ContainerBalancerTask (ContainerBalancerTask.java:matchSourceWithTarget(708)) - ContainerBalancer is finding suitable target for source datanode 464059bb-9124-49c2-99d6-bdd949bf83c5
2023-09-08 11:18:59,914 [main] INFO  balancer.ContainerBalancerTask (ContainerBalancerTask.java:matchSourceWithTarget(722)) - ContainerBalancer matched source datanode 464059bb-9124-49c2-99d6-bdd949bf83c5 with target datanode faa0991e-87f5-4348-9a71-84e36f7603a9 for container move.
2023-09-08 11:18:59,914 [main] INFO  balancer.ContainerBalancerTask (ContainerBalancerTask.java:processMoveSelection(569)) - ContainerBalancer is trying to move container #39 with size 4294967296B from source datanode 464059bb-9124-49c2-99d6-bdd949bf83c5 to target datanode faa0991e-87f5-4348-9a71-84e36f7603a9
2023-09-08 11:18:59,914 [main] DEBUG balancer.ContainerBalancerTask (ContainerBalancerTask.java:lambda$moveContainer$3(837)) - Container move completed for container #39 from source 464059bb-9124-49c2-99d6-bdd949bf83c5 to target faa0991e-87f5-4348-9a71-84e36f7603a9
2023-09-08 11:18:59,916 [main] DEBUG balancer.ContainerBalancerTask (ContainerBalancerTask.java:matchSourceWithTarget(708)) - ContainerBalancer is finding suitable target for source datanode 85ab15db-3ad2-4d6d-9eb0-2227c1e80c63
2023-09-08 11:18:59,917 [main] INFO  balancer.ContainerBalancerTask (ContainerBalancerTask.java:matchSourceWithTarget(722)) - ContainerBalancer matched source datanode 85ab15db-3ad2-4d6d-9eb0-2227c1e80c63 with target datanode faa0991e-87f5-4348-9a71-84e36f7603a9 for container move.
2023-09-08 11:18:59,917 [main] INFO  balancer.ContainerBalancerTask (ContainerBalancerTask.java:processMoveSelection(569)) - ContainerBalancer is trying to move container #40 with size 5368709120B from source datanode 85ab15db-3ad2-4d6d-9eb0-2227c1e80c63 to target datanode faa0991e-87f5-4348-9a71-84e36f7603a9
2023-09-08 11:18:59,917 [main] DEBUG balancer.ContainerBalancerTask (ContainerBalancerTask.java:lambda$moveContainer$3(837)) - Container move completed for container #40 from source 85ab15db-3ad2-4d6d-9eb0-2227c1e80c63 to target faa0991e-87f5-4348-9a71-84e36f7603a9
2023-09-08 11:18:59,920 [main] DEBUG balancer.ContainerBalancerTask (ContainerBalancerTask.java:matchSourceWithTarget(708)) - ContainerBalancer is finding suitable target for source datanode 033f5b0f-81fa-4ba5-98fb-417d54462df6
2023-09-08 11:18:59,920 [main] INFO  balancer.ContainerBalancerTask (ContainerBalancerTask.java:matchSourceWithTarget(722)) - ContainerBalancer matched source datanode 033f5b0f-81fa-4ba5-98fb-417d54462df6 with target datanode 27ff5598-d008-435f-8a45-78122cf10002 for container move.
2023-09-08 11:18:59,920 [main] INFO  balancer.ContainerBalancerTask (ContainerBalancerTask.java:processMoveSelection(569)) - ContainerBalancer is trying to move container #19 with size 4294967296B from source datanode 033f5b0f-81fa-4ba5-98fb-417d54462df6 to target datanode 27ff5598-d008-435f-8a45-78122cf10002
2023-09-08 11:18:59,921 [main] DEBUG balancer.ContainerBalancerTask (ContainerBalancerTask.java:lambda$moveContainer$3(837)) - Container move completed for container #19 from source 033f5b0f-81fa-4ba5-98fb-417d54462df6 to target 27ff5598-d008-435f-8a45-78122cf10002
2023-09-08 11:18:59,923 [main] DEBUG balancer.ContainerBalancerTask (ContainerBalancerTask.java:matchSourceWithTarget(708)) - ContainerBalancer is finding suitable target for source datanode 6f0e948d-d3f7-4dd9-806b-f49208325d33
2023-09-08 11:18:59,923 [main] INFO  balancer.ContainerBalancerTask (ContainerBalancerTask.java:matchSourceWithTarget(722)) - ContainerBalancer matched source datanode 6f0e948d-d3f7-4dd9-806b-f49208325d33 with target datanode faa0991e-87f5-4348-9a71-84e36f7603a9 for container move.
2023-09-08 11:18:59,923 [main] INFO  balancer.ContainerBalancerTask (ContainerBalancerTask.java:processMoveSelection(569)) - ContainerBalancer is trying to move container #64 with size 1073741824B from source datanode 6f0e948d-d3f7-4dd9-806b-f49208325d33 to target datanode faa0991e-87f5-4348-9a71-84e36f7603a9
2023-09-08 11:18:59,923 [main] DEBUG balancer.ContainerBalancerTask (ContainerBalancerTask.java:lambda$moveContainer$3(837)) - Container move completed for container #64 from source 6f0e948d-d3f7-4dd9-806b-f49208325d33 to target faa0991e-87f5-4348-9a71-84e36f7603a9
2023-09-08 11:18:59,923 [main] WARN  balancer.ContainerBalancerTask (ContainerBalancerTask.java:reachedMaxSizeToMovePerIteration(733)) - Reached max size to move limit. 53687091200 bytes have already been scheduled for balancing and the limit is 53687091200 bytes.
2023-09-08 11:18:59,924 [main] INFO  balancer.ContainerBalancerTask (ContainerBalancerTask.java:checkIterationMoveResults(642)) - Iteration Summary. Number of Datanodes involved: 6. Size moved: 50 GB (53687091200 Bytes). Number of Container moves completed: 12.
2023-09-08 11:18:59,924 [main] INFO  balancer.ContainerBalancerTask (ContainerBalancerTask.java:balance(259)) - Result of this iteration of Container Balancer: ITERATION_COMPLETED
2023-09-08 11:18:59,924 [main] INFO  balancer.ContainerBalancerTask (ContainerBalancerTask.java:tryStopWithSaveConfiguration(308)) - Save Configuration for stopping. Reason: Completed all iterations.
2023-09-08 11:18:59,924 [main] DEBUG balancer.ContainerBalancerTask (ContainerBalancerTask.java:initializeIteration(374)) - Average utilization of the cluster is 0.340830158141845
2023-09-08 11:18:59,925 [main] DEBUG balancer.ContainerBalancerTask (ContainerBalancerTask.java:initializeIteration(386)) - Lower limit for utilization is -0.15065305475961183 and Upper limit for utilization is 0.8323133710433017
2023-09-08 11:18:59,925 [main] DEBUG balancer.ContainerBalancerTask (ContainerBalancerTask.java:initializeIteration(398)) - Utilization for node 033f5b0f-81fa-4ba5-98fb-417d54462df6 with capacity 57266230613B, used 51539607552B, and remaining 5726623061B is 0.9000000000052387
2023-09-08 11:18:59,925 [main] DEBUG balancer.ContainerBalancerTask (ContainerBalancerTask.java:initializeIteration(398)) - Utilization for node 464059bb-9124-49c2-99d6-bdd949bf83c5 with capacity 76504104960B, used 61203283968B, and remaining 15300820992B is 0.8
2023-09-08 11:18:59,925 [main] DEBUG balancer.ContainerBalancerTask (ContainerBalancerTask.java:initializeIteration(398)) - Utilization for node 6f0e948d-d3f7-4dd9-806b-f49208325d33 with capacity 44483589851B, used 31138512896B, and remaining 13345076955B is 0.700000000006744
2023-09-08 11:18:59,925 [main] DEBUG balancer.ContainerBalancerTask (ContainerBalancerTask.java:initializeIteration(398)) - Utilization for node 85ab15db-3ad2-4d6d-9eb0-2227c1e80c63 with capacity 62634939733B, used 37580963840B, and remaining 25053975893B is 0.6000000000031931
2023-09-08 11:18:59,925 [main] DEBUG balancer.ContainerBalancerTask (ContainerBalancerTask.java:initializeIteration(398)) - Utilization for node 77b8b07c-1dfe-407f-8e29-190d2b6b8da3 with capacity 83751862272B, used 41875931136B, and remaining 41875931136B is 0.5
2023-09-08 11:18:59,925 [main] DEBUG balancer.ContainerBalancerTask (ContainerBalancerTask.java:initializeIteration(398)) - Utilization for node 13dd51a3-50bb-4709-bd07-ed54eb99f549 with capacity 136902082560B, used 54760833024B, and remaining 82141249536B is 0.4
2023-09-08 11:18:59,925 [main] DEBUG balancer.ContainerBalancerTask (ContainerBalancerTask.java:initializeIteration(398)) - Utilization for node 2260ca00-150a-4407-aef4-4c26696a81c2 with capacity 132428158293B, used 39728447488B, and remaining 92699710805B is 0.3000000000007551
2023-09-08 11:18:59,925 [main] DEBUG balancer.ContainerBalancerTask (ContainerBalancerTask.java:initializeIteration(398)) - Utilization for node f52d6f4b-036c-4986-b65f-72517c5c7b6f with capacity 198642237440B, used 39728447488B, and remaining 158913789952B is 0.2
2023-09-08 11:18:59,925 [main] DEBUG balancer.ContainerBalancerTask (ContainerBalancerTask.java:initializeIteration(398)) - Utilization for node faa0991e-87f5-4348-9a71-84e36f7603a9 with capacity 300647710720B, used 30064771072B, and remaining 270582939648B is 0.1
2023-09-08 11:18:59,925 [main] DEBUG balancer.ContainerBalancerTask (ContainerBalancerTask.java:initializeIteration(398)) - Utilization for node 27ff5598-d008-435f-8a45-78122cf10002 with capacity 44023414784B, used 0B, and remaining 44023414784B is 0.0
2023-09-08 11:18:59,925 [main] INFO  balancer.ContainerBalancerTask (ContainerBalancerTask.java:initializeIteration(447)) - Container Balancer has identified 1 Over-Utilized and 0 Under-Utilized Datanodes that need to be balanced.
2023-09-08 11:18:59,926 [main] DEBUG balancer.ContainerBalancerTask (ContainerBalancerTask.java:lambda$initializeIteration$1(453)) - Datanode localhost-80.191.15.251 033f5b0f-81fa-4ba5-98fb-417d54462df6 is Over-Utilized.
2023-09-08 11:18:59,928 [main] DEBUG balancer.ContainerBalancerTask (ContainerBalancerTask.java:matchSourceWithTarget(708)) - ContainerBalancer is finding suitable target for source datanode 033f5b0f-81fa-4ba5-98fb-417d54462df6
2023-09-08 11:18:59,928 [main] INFO  balancer.FindTargetGreedyByUsageInfo (AbstractFindTargetGreedy.java:findTargetForContainerMove(133)) - Container Balancer could not find a target for source datanode 033f5b0f-81fa-4ba5-98fb-417d54462df6
2023-09-08 11:18:59,928 [main] DEBUG balancer.ContainerBalancerTask (ContainerBalancerTask.java:matchSourceWithTarget(717)) - ContainerBalancer could not find a suitable target for source node 033f5b0f-81fa-4ba5-98fb-417d54462df6.
2023-09-08 11:18:59,928 [main] INFO  balancer.FindSourceGreedy (FindSourceGreedy.java:getNextCandidateSourceDataNode(126)) - no more candidate source data node
2023-09-08 11:18:59,929 [main] INFO  balancer.ContainerBalancerTask (ContainerBalancerTask.java:balance(259)) - Result of this iteration of Container Balancer: CAN_NOT_BALANCE_ANY_MORE
2023-09-08 11:18:59,929 [main] INFO  balancer.ContainerBalancerTask (ContainerBalancerTask.java:tryStopWithSaveConfiguration(308)) - Save Configuration for stopping. Reason: CAN_NOT_BALANCE_ANY_MORE
2023-09-08 11:18:59,929 [main] DEBUG balancer.ContainerBalancerTask (ContainerBalancerTask.java:initializeIteration(374)) - Average utilization of the cluster is 0.340830158141845
2023-09-08 11:18:59,929 [main] DEBUG balancer.ContainerBalancerTask (ContainerBalancerTask.java:initializeIteration(386)) - Lower limit for utilization is 0.2523364753424571 and Upper limit for utilization is 0.4293238409412328
2023-09-08 11:18:59,929 [main] DEBUG balancer.ContainerBalancerTask (ContainerBalancerTask.java:initializeIteration(398)) - Utilization for node 033f5b0f-81fa-4ba5-98fb-417d54462df6 with capacity 57266230613B, used 51539607552B, and remaining 5726623061B is 0.9000000000052387
2023-09-08 11:18:59,930 [main] DEBUG balancer.ContainerBalancerTask (ContainerBalancerTask.java:initializeIteration(398)) - Utilization for node 464059bb-9124-49c2-99d6-bdd949bf83c5 with capacity 76504104960B, used 61203283968B, and remaining 15300820992B is 0.8
2023-09-08 11:18:59,930 [main] DEBUG balancer.ContainerBalancerTask (ContainerBalancerTask.java:initializeIteration(398)) - Utilization for node 6f0e948d-d3f7-4dd9-806b-f49208325d33 with capacity 44483589851B, used 31138512896B, and remaining 13345076955B is 0.700000000006744
2023-09-08 11:18:59,930 [main] DEBUG balancer.ContainerBalancerTask (ContainerBalancerTask.java:initializeIteration(398)) - Utilization for node 85ab15db-3ad2-4d6d-9eb0-2227c1e80c63 with capacity 62634939733B, used 37580963840B, and remaining 25053975893B is 0.6000000000031931
2023-09-08 11:18:59,930 [main] DEBUG balancer.ContainerBalancerTask (ContainerBalancerTask.java:initializeIteration(398)) - Utilization for node 77b8b07c-1dfe-407f-8e29-190d2b6b8da3 with capacity 83751862272B, used 41875931136B, and remaining 41875931136B is 0.5
2023-09-08 11:18:59,930 [main] DEBUG balancer.ContainerBalancerTask (ContainerBalancerTask.java:initializeIteration(398)) - Utilization for node 13dd51a3-50bb-4709-bd07-ed54eb99f549 with capacity 136902082560B, used 54760833024B, and remaining 82141249536B is 0.4
2023-09-08 11:18:59,930 [main] DEBUG balancer.ContainerBalancerTask (ContainerBalancerTask.java:initializeIteration(398)) - Utilization for node 2260ca00-150a-4407-aef4-4c26696a81c2 with capacity 132428158293B, used 39728447488B, and remaining 92699710805B is 0.3000000000007551
2023-09-08 11:18:59,930 [main] DEBUG balancer.ContainerBalancerTask (ContainerBalancerTask.java:initializeIteration(398)) - Utilization for node f52d6f4b-036c-4986-b65f-72517c5c7b6f with capacity 198642237440B, used 39728447488B, and remaining 158913789952B is 0.2
2023-09-08 11:18:59,930 [main] DEBUG balancer.ContainerBalancerTask (ContainerBalancerTask.java:initializeIteration(398)) - Utilization for node faa0991e-87f5-4348-9a71-84e36f7603a9 with capacity 300647710720B, used 30064771072B, and remaining 270582939648B is 0.1
2023-09-08 11:18:59,930 [main] DEBUG balancer.ContainerBalancerTask (ContainerBalancerTask.java:initializeIteration(398)) - Utilization for node 27ff5598-d008-435f-8a45-78122cf10002 with capacity 44023414784B, used 0B, and remaining 44023414784B is 0.0
2023-09-08 11:18:59,930 [main] INFO  balancer.ContainerBalancerTask (ContainerBalancerTask.java:initializeIteration(447)) - Container Balancer has identified 5 Over-Utilized and 3 Under-Utilized Datanodes that need to be balanced.
2023-09-08 11:18:59,930 [main] DEBUG balancer.ContainerBalancerTask (ContainerBalancerTask.java:lambda$initializeIteration$1(453)) - Datanode localhost-80.191.15.251 033f5b0f-81fa-4ba5-98fb-417d54462df6 is Over-Utilized.
2023-09-08 11:18:59,931 [main] DEBUG balancer.ContainerBalancerTask (ContainerBalancerTask.java:lambda$initializeIteration$1(453)) - Datanode localhost-119.185.211.138 464059bb-9124-49c2-99d6-bdd949bf83c5 is Over-Utilized.
2023-09-08 11:18:59,931 [main] DEBUG balancer.ContainerBalancerTask (ContainerBalancerTask.java:lambda$initializeIteration$1(453)) - Datanode localhost-175.189.162.212 6f0e948d-d3f7-4dd9-806b-f49208325d33 is Over-Utilized.
2023-09-08 11:18:59,931 [main] DEBUG balancer.ContainerBalancerTask (ContainerBalancerTask.java:lambda$initializeIteration$1(453)) - Datanode localhost-45.212.111.64 85ab15db-3ad2-4d6d-9eb0-2227c1e80c63 is Over-Utilized.
2023-09-08 11:18:59,931 [main] DEBUG balancer.ContainerBalancerTask (ContainerBalancerTask.java:lambda$initializeIteration$1(453)) - Datanode localhost-34.213.184.24 77b8b07c-1dfe-407f-8e29-190d2b6b8da3 is Over-Utilized.
2023-09-08 11:18:59,931 [main] DEBUG balancer.ContainerBalancerTask (ContainerBalancerTask.java:lambda$initializeIteration$2(459)) - Datanode localhost-21.155.139.135 27ff5598-d008-435f-8a45-78122cf10002 is Under-Utilized.
2023-09-08 11:18:59,931 [main] DEBUG balancer.ContainerBalancerTask (ContainerBalancerTask.java:lambda$initializeIteration$2(459)) - Datanode localhost-171.124.219.118 faa0991e-87f5-4348-9a71-84e36f7603a9 is Under-Utilized.
2023-09-08 11:18:59,931 [main] DEBUG balancer.ContainerBalancerTask (ContainerBalancerTask.java:lambda$initializeIteration$2(459)) - Datanode localhost-81.233.26.227 f52d6f4b-036c-4986-b65f-72517c5c7b6f is Under-Utilized.
2023-09-08 11:18:59,934 [main] DEBUG balancer.ContainerBalancerTask (ContainerBalancerTask.java:matchSourceWithTarget(708)) - ContainerBalancer is finding suitable target for source datanode 033f5b0f-81fa-4ba5-98fb-417d54462df6
2023-09-08 11:18:59,934 [main] INFO  balancer.ContainerBalancerTask (ContainerBalancerTask.java:matchSourceWithTarget(722)) - ContainerBalancer matched source datanode 033f5b0f-81fa-4ba5-98fb-417d54462df6 with target datanode 27ff5598-d008-435f-8a45-78122cf10002 for container move.
2023-09-08 11:18:59,934 [main] INFO  balancer.ContainerBalancerTask (ContainerBalancerTask.java:processMoveSelection(569)) - ContainerBalancer is trying to move container #85 with size 5368709120B from source datanode 033f5b0f-81fa-4ba5-98fb-417d54462df6 to target datanode 27ff5598-d008-435f-8a45-78122cf10002
2023-09-08 11:18:59,934 [main] DEBUG balancer.ContainerBalancerTask (ContainerBalancerTask.java:lambda$moveContainer$3(837)) - Container move completed for container #85 from source 033f5b0f-81fa-4ba5-98fb-417d54462df6 to target 27ff5598-d008-435f-8a45-78122cf10002
2023-09-08 11:18:59,937 [main] DEBUG balancer.ContainerBalancerTask (ContainerBalancerTask.java:matchSourceWithTarget(708)) - ContainerBalancer is finding suitable target for source datanode 033f5b0f-81fa-4ba5-98fb-417d54462df6
2023-09-08 11:18:59,937 [main] INFO  balancer.ContainerBalancerTask (ContainerBalancerTask.java:matchSourceWithTarget(722)) - ContainerBalancer matched source datanode 033f5b0f-81fa-4ba5-98fb-417d54462df6 with target datanode faa0991e-87f5-4348-9a71-84e36f7603a9 for container move.
2023-09-08 11:18:59,937 [main] INFO  balancer.ContainerBalancerTask (ContainerBalancerTask.java:processMoveSelection(569)) - ContainerBalancer is trying to move container #89 with size 4294967296B from source datanode 033f5b0f-81fa-4ba5-98fb-417d54462df6 to target datanode faa0991e-87f5-4348-9a71-84e36f7603a9
2023-09-08 11:18:59,937 [main] DEBUG balancer.ContainerBalancerTask (ContainerBalancerTask.java:lambda$moveContainer$3(837)) - Container move completed for container #89 from source 033f5b0f-81fa-4ba5-98fb-417d54462df6 to target faa0991e-87f5-4348-9a71-84e36f7603a9
2023-09-08 11:18:59,940 [main] DEBUG balancer.ContainerBalancerTask (ContainerBalancerTask.java:matchSourceWithTarget(708)) - ContainerBalancer is finding suitable target for source datanode 464059bb-9124-49c2-99d6-bdd949bf83c5
2023-09-08 11:18:59,940 [main] INFO  balancer.ContainerBalancerTask (ContainerBalancerTask.java:matchSourceWithTarget(722)) - ContainerBalancer matched source datanode 464059bb-9124-49c2-99d6-bdd949bf83c5 with target datanode faa0991e-87f5-4348-9a71-84e36f7603a9 for container move.
2023-09-08 11:18:59,940 [main] INFO  balancer.ContainerBalancerTask (ContainerBalancerTask.java:processMoveSelection(569)) - ContainerBalancer is trying to move container #68 with size 5368709120B from source datanode 464059bb-9124-49c2-99d6-bdd949bf83c5 to target datanode faa0991e-87f5-4348-9a71-84e36f7603a9
2023-09-08 11:18:59,940 [main] DEBUG balancer.ContainerBalancerTask (ContainerBalancerTask.java:lambda$moveContainer$3(837)) - Container move completed for container #68 from source 464059bb-9124-49c2-99d6-bdd949bf83c5 to target faa0991e-87f5-4348-9a71-84e36f7603a9
2023-09-08 11:18:59,943 [main] DEBUG balancer.ContainerBalancerTask (ContainerBalancerTask.java:matchSourceWithTarget(708)) - ContainerBalancer is finding suitable target for source datanode 033f5b0f-81fa-4ba5-98fb-417d54462df6
2023-09-08 11:18:59,943 [main] INFO  balancer.ContainerBalancerTask (ContainerBalancerTask.java:matchSourceWithTarget(722)) - ContainerBalancer matched source datanode 033f5b0f-81fa-4ba5-98fb-417d54462df6 with target datanode 27ff5598-d008-435f-8a45-78122cf10002 for container move.
2023-09-08 11:18:59,943 [main] INFO  balancer.ContainerBalancerTask (ContainerBalancerTask.java:processMoveSelection(569)) - ContainerBalancer is trying to move container #84 with size 4294967296B from source datanode 033f5b0f-81fa-4ba5-98fb-417d54462df6 to target datanode 27ff5598-d008-435f-8a45-78122cf10002
2023-09-08 11:18:59,943 [main] DEBUG balancer.ContainerBalancerTask (ContainerBalancerTask.java:lambda$moveContainer$3(837)) - Container move completed for container #84 from source 033f5b0f-81fa-4ba5-98fb-417d54462df6 to target 27ff5598-d008-435f-8a45-78122cf10002
2023-09-08 11:18:59,946 [main] DEBUG balancer.ContainerBalancerTask (ContainerBalancerTask.java:matchSourceWithTarget(708)) - ContainerBalancer is finding suitable target for source datanode 464059bb-9124-49c2-99d6-bdd949bf83c5
2023-09-08 11:18:59,946 [main] INFO  balancer.ContainerBalancerTask (ContainerBalancerTask.java:matchSourceWithTarget(722)) - ContainerBalancer matched source datanode 464059bb-9124-49c2-99d6-bdd949bf83c5 with target datanode faa0991e-87f5-4348-9a71-84e36f7603a9 for container move.
2023-09-08 11:18:59,946 [main] INFO  balancer.ContainerBalancerTask (ContainerBalancerTask.java:processMoveSelection(569)) - ContainerBalancer is trying to move container #29 with size 5368709120B from source datanode 464059bb-9124-49c2-99d6-bdd949bf83c5 to target datanode faa0991e-87f5-4348-9a71-84e36f7603a9
2023-09-08 11:18:59,947 [main] DEBUG balancer.ContainerBalancerTask (ContainerBalancerTask.java:lambda$moveContainer$3(837)) - Container move completed for container #29 from source 464059bb-9124-49c2-99d6-bdd949bf83c5 to target faa0991e-87f5-4348-9a71-84e36f7603a9
2023-09-08 11:18:59,949 [main] DEBUG balancer.ContainerBalancerTask (ContainerBalancerTask.java:matchSourceWithTarget(708)) - ContainerBalancer is finding suitable target for source datanode 6f0e948d-d3f7-4dd9-806b-f49208325d33
2023-09-08 11:18:59,949 [main] INFO  balancer.ContainerBalancerTask (ContainerBalancerTask.java:matchSourceWithTarget(722)) - ContainerBalancer matched source datanode 6f0e948d-d3f7-4dd9-806b-f49208325d33 with target datanode faa0991e-87f5-4348-9a71-84e36f7603a9 for container move.
2023-09-08 11:18:59,949 [main] INFO  balancer.ContainerBalancerTask (ContainerBalancerTask.java:processMoveSelection(569)) - ContainerBalancer is trying to move container #53 with size 5368709120B from source datanode 6f0e948d-d3f7-4dd9-806b-f49208325d33 to target datanode faa0991e-87f5-4348-9a71-84e36f7603a9
2023-09-08 11:18:59,949 [main] DEBUG balancer.ContainerBalancerTask (ContainerBalancerTask.java:lambda$moveContainer$3(837)) - Container move completed for container #53 from source 6f0e948d-d3f7-4dd9-806b-f49208325d33 to target faa0991e-87f5-4348-9a71-84e36f7603a9
2023-09-08 11:18:59,952 [main] DEBUG balancer.ContainerBalancerTask (ContainerBalancerTask.java:matchSourceWithTarget(708)) - ContainerBalancer is finding suitable target for source datanode 464059bb-9124-49c2-99d6-bdd949bf83c5
2023-09-08 11:18:59,952 [main] INFO  balancer.ContainerBalancerTask (ContainerBalancerTask.java:matchSourceWithTarget(722)) - ContainerBalancer matched source datanode 464059bb-9124-49c2-99d6-bdd949bf83c5 with target datanode faa0991e-87f5-4348-9a71-84e36f7603a9 for container move.
2023-09-08 11:18:59,952 [main] INFO  balancer.ContainerBalancerTask (ContainerBalancerTask.java:processMoveSelection(569)) - ContainerBalancer is trying to move container #67 with size 4294967296B from source datanode 464059bb-9124-49c2-99d6-bdd949bf83c5 to target datanode faa0991e-87f5-4348-9a71-84e36f7603a9
2023-09-08 11:18:59,952 [main] DEBUG balancer.ContainerBalancerTask (ContainerBalancerTask.java:lambda$moveContainer$3(837)) - Container move completed for container #67 from source 464059bb-9124-49c2-99d6-bdd949bf83c5 to target faa0991e-87f5-4348-9a71-84e36f7603a9
2023-09-08 11:18:59,955 [main] DEBUG balancer.ContainerBalancerTask (ContainerBalancerTask.java:matchSourceWithTarget(708)) - ContainerBalancer is finding suitable target for source datanode 033f5b0f-81fa-4ba5-98fb-417d54462df6
2023-09-08 11:18:59,955 [main] INFO  balancer.ContainerBalancerTask (ContainerBalancerTask.java:matchSourceWithTarget(722)) - ContainerBalancer matched source datanode 033f5b0f-81fa-4ba5-98fb-417d54462df6 with target datanode faa0991e-87f5-4348-9a71-84e36f7603a9 for container move.
2023-09-08 11:18:59,956 [main] INFO  balancer.ContainerBalancerTask (ContainerBalancerTask.java:processMoveSelection(569)) - ContainerBalancer is trying to move container #52 with size 4294967296B from source datanode 033f5b0f-81fa-4ba5-98fb-417d54462df6 to target datanode faa0991e-87f5-4348-9a71-84e36f7603a9
2023-09-08 11:18:59,956 [main] DEBUG balancer.ContainerBalancerTask (ContainerBalancerTask.java:lambda$moveContainer$3(837)) - Container move completed for container #52 from source 033f5b0f-81fa-4ba5-98fb-417d54462df6 to target faa0991e-87f5-4348-9a71-84e36f7603a9
2023-09-08 11:18:59,958 [main] DEBUG balancer.ContainerBalancerTask (ContainerBalancerTask.java:matchSourceWithTarget(708)) - ContainerBalancer is finding suitable target for source datanode 464059bb-9124-49c2-99d6-bdd949bf83c5
2023-09-08 11:18:59,959 [main] INFO  balancer.ContainerBalancerTask (ContainerBalancerTask.java:matchSourceWithTarget(722)) - ContainerBalancer matched source datanode 464059bb-9124-49c2-99d6-bdd949bf83c5 with target datanode faa0991e-87f5-4348-9a71-84e36f7603a9 for container move.
2023-09-08 11:18:59,959 [main] INFO  balancer.ContainerBalancerTask (ContainerBalancerTask.java:processMoveSelection(569)) - ContainerBalancer is trying to move container #39 with size 4294967296B from source datanode 464059bb-9124-49c2-99d6-bdd949bf83c5 to target datanode faa0991e-87f5-4348-9a71-84e36f7603a9
2023-09-08 11:18:59,959 [main] DEBUG balancer.ContainerBalancerTask (ContainerBalancerTask.java:lambda$moveContainer$3(837)) - Container move completed for container #39 from source 464059bb-9124-49c2-99d6-bdd949bf83c5 to target faa0991e-87f5-4348-9a71-84e36f7603a9
2023-09-08 11:18:59,961 [main] DEBUG balancer.ContainerBalancerTask (ContainerBalancerTask.java:matchSourceWithTarget(708)) - ContainerBalancer is finding suitable target for source datanode 85ab15db-3ad2-4d6d-9eb0-2227c1e80c63
2023-09-08 11:18:59,962 [main] INFO  balancer.ContainerBalancerTask (ContainerBalancerTask.java:matchSourceWithTarget(722)) - ContainerBalancer matched source datanode 85ab15db-3ad2-4d6d-9eb0-2227c1e80c63 with target datanode f52d6f4b-036c-4986-b65f-72517c5c7b6f for container move.
2023-09-08 11:18:59,962 [main] INFO  balancer.ContainerBalancerTask (ContainerBalancerTask.java:processMoveSelection(569)) - ContainerBalancer is trying to move container #40 with size 5368709120B from source datanode 85ab15db-3ad2-4d6d-9eb0-2227c1e80c63 to target datanode f52d6f4b-036c-4986-b65f-72517c5c7b6f
2023-09-08 11:18:59,962 [main] DEBUG balancer.ContainerBalancerTask (ContainerBalancerTask.java:lambda$moveContainer$3(837)) - Container move completed for container #40 from source 85ab15db-3ad2-4d6d-9eb0-2227c1e80c63 to target f52d6f4b-036c-4986-b65f-72517c5c7b6f
2023-09-08 11:18:59,965 [main] DEBUG balancer.ContainerBalancerTask (ContainerBalancerTask.java:matchSourceWithTarget(708)) - ContainerBalancer is finding suitable target for source datanode 033f5b0f-81fa-4ba5-98fb-417d54462df6
2023-09-08 11:18:59,965 [main] INFO  balancer.ContainerBalancerTask (ContainerBalancerTask.java:matchSourceWithTarget(722)) - ContainerBalancer matched source datanode 033f5b0f-81fa-4ba5-98fb-417d54462df6 with target datanode faa0991e-87f5-4348-9a71-84e36f7603a9 for container move.
2023-09-08 11:18:59,965 [main] INFO  balancer.ContainerBalancerTask (ContainerBalancerTask.java:processMoveSelection(569)) - ContainerBalancer is trying to move container #19 with size 4294967296B from source datanode 033f5b0f-81fa-4ba5-98fb-417d54462df6 to target datanode faa0991e-87f5-4348-9a71-84e36f7603a9
2023-09-08 11:18:59,965 [main] DEBUG balancer.ContainerBalancerTask (ContainerBalancerTask.java:lambda$moveContainer$3(837)) - Container move completed for container #19 from source 033f5b0f-81fa-4ba5-98fb-417d54462df6 to target faa0991e-87f5-4348-9a71-84e36f7603a9
2023-09-08 11:18:59,968 [main] DEBUG balancer.ContainerBalancerTask (ContainerBalancerTask.java:matchSourceWithTarget(708)) - ContainerBalancer is finding suitable target for source datanode 6f0e948d-d3f7-4dd9-806b-f49208325d33
2023-09-08 11:18:59,968 [main] INFO  balancer.ContainerBalancerTask (ContainerBalancerTask.java:matchSourceWithTarget(722)) - ContainerBalancer matched source datanode 6f0e948d-d3f7-4dd9-806b-f49208325d33 with target datanode 27ff5598-d008-435f-8a45-78122cf10002 for container move.
2023-09-08 11:18:59,968 [main] INFO  balancer.ContainerBalancerTask (ContainerBalancerTask.java:processMoveSelection(569)) - ContainerBalancer is trying to move container #64 with size 1073741824B from source datanode 6f0e948d-d3f7-4dd9-806b-f49208325d33 to target datanode 27ff5598-d008-435f-8a45-78122cf10002
2023-09-08 11:18:59,968 [main] DEBUG balancer.ContainerBalancerTask (ContainerBalancerTask.java:lambda$moveContainer$3(837)) - Container move completed for container #64 from source 6f0e948d-d3f7-4dd9-806b-f49208325d33 to target 27ff5598-d008-435f-8a45-78122cf10002
2023-09-08 11:18:59,968 [main] WARN  balancer.ContainerBalancerTask (ContainerBalancerTask.java:reachedMaxSizeToMovePerIteration(733)) - Reached max size to move limit. 53687091200 bytes have already been scheduled for balancing and the limit is 53687091200 bytes.
2023-09-08 11:18:59,969 [main] INFO  balancer.ContainerBalancerTask (ContainerBalancerTask.java:checkIterationMoveResults(642)) - Iteration Summary. Number of Datanodes involved: 7. Size moved: 50 GB (53687091200 Bytes). Number of Container moves completed: 12.
2023-09-08 11:18:59,969 [main] INFO  balancer.ContainerBalancerTask (ContainerBalancerTask.java:balance(259)) - Result of this iteration of Container Balancer: ITERATION_COMPLETED
2023-09-08 11:18:59,969 [main] INFO  balancer.ContainerBalancerTask (ContainerBalancerTask.java:tryStopWithSaveConfiguration(308)) - Save Configuration for stopping. Reason: Completed all iterations.
2023-09-08 11:18:59,969 [main] DEBUG balancer.ContainerBalancerTask (ContainerBalancerTask.java:initializeIteration(374)) - Average utilization of the cluster is 0.340830158141845
2023-09-08 11:18:59,969 [main] DEBUG balancer.ContainerBalancerTask (ContainerBalancerTask.java:initializeIteration(386)) - Lower limit for utilization is -0.6394167808448532 and Upper limit for utilization is 1.3210770971285433
2023-09-08 11:18:59,970 [main] DEBUG balancer.ContainerBalancerTask (ContainerBalancerTask.java:initializeIteration(398)) - Utilization for node 033f5b0f-81fa-4ba5-98fb-417d54462df6 with capacity 57266230613B, used 51539607552B, and remaining 5726623061B is 0.9000000000052387
2023-09-08 11:18:59,970 [main] DEBUG balancer.ContainerBalancerTask (ContainerBalancerTask.java:initializeIteration(398)) - Utilization for node 464059bb-9124-49c2-99d6-bdd949bf83c5 with capacity 76504104960B, used 61203283968B, and remaining 15300820992B is 0.8
2023-09-08 11:18:59,970 [main] DEBUG balancer.ContainerBalancerTask (ContainerBalancerTask.java:initializeIteration(398)) - Utilization for node 6f0e948d-d3f7-4dd9-806b-f49208325d33 with capacity 44483589851B, used 31138512896B, and remaining 13345076955B is 0.700000000006744
2023-09-08 11:18:59,970 [main] DEBUG balancer.ContainerBalancerTask (ContainerBalancerTask.java:initializeIteration(398)) - Utilization for node 85ab15db-3ad2-4d6d-9eb0-2227c1e80c63 with capacity 62634939733B, used 37580963840B, and remaining 25053975893B is 0.6000000000031931
2023-09-08 11:18:59,970 [main] DEBUG balancer.ContainerBalancerTask (ContainerBalancerTask.java:initializeIteration(398)) - Utilization for node 77b8b07c-1dfe-407f-8e29-190d2b6b8da3 with capacity 83751862272B, used 41875931136B, and remaining 41875931136B is 0.5
2023-09-08 11:18:59,970 [main] DEBUG balancer.ContainerBalancerTask (ContainerBalancerTask.java:initializeIteration(398)) - Utilization for node 13dd51a3-50bb-4709-bd07-ed54eb99f549 with capacity 136902082560B, used 54760833024B, and remaining 82141249536B is 0.4
2023-09-08 11:18:59,970 [main] DEBUG balancer.ContainerBalancerTask (ContainerBalancerTask.java:initializeIteration(398)) - Utilization for node 2260ca00-150a-4407-aef4-4c26696a81c2 with capacity 132428158293B, used 39728447488B, and remaining 92699710805B is 0.3000000000007551
2023-09-08 11:18:59,970 [main] DEBUG balancer.ContainerBalancerTask (ContainerBalancerTask.java:initializeIteration(398)) - Utilization for node f52d6f4b-036c-4986-b65f-72517c5c7b6f with capacity 198642237440B, used 39728447488B, and remaining 158913789952B is 0.2
2023-09-08 11:18:59,970 [main] DEBUG balancer.ContainerBalancerTask (ContainerBalancerTask.java:initializeIteration(398)) - Utilization for node faa0991e-87f5-4348-9a71-84e36f7603a9 with capacity 300647710720B, used 30064771072B, and remaining 270582939648B is 0.1
2023-09-08 11:18:59,970 [main] DEBUG balancer.ContainerBalancerTask (ContainerBalancerTask.java:initializeIteration(398)) - Utilization for node 27ff5598-d008-435f-8a45-78122cf10002 with capacity 44023414784B, used 0B, and remaining 44023414784B is 0.0
2023-09-08 11:18:59,970 [main] INFO  balancer.ContainerBalancerTask (ContainerBalancerTask.java:initializeIteration(443)) - Did not find any unbalanced Datanodes.
2023-09-08 11:18:59,970 [main] INFO  balancer.ContainerBalancerTask (ContainerBalancerTask.java:tryStopWithSaveConfiguration(308)) - Save Configuration for stopping. Reason: Could not initialize ContainerBalancer's iteration number 0
2023-09-08 11:18:59,971 [main] DEBUG balancer.ContainerBalancerTask (ContainerBalancerTask.java:initializeIteration(374)) - Average utilization of the cluster is 0.340830158141845
2023-09-08 11:18:59,971 [main] DEBUG balancer.ContainerBalancerTask (ContainerBalancerTask.java:initializeIteration(386)) - Lower limit for utilization is -0.5599125024631448 and Upper limit for utilization is 1.2415728187468347
2023-09-08 11:18:59,971 [main] DEBUG balancer.ContainerBalancerTask (ContainerBalancerTask.java:initializeIteration(398)) - Utilization for node 033f5b0f-81fa-4ba5-98fb-417d54462df6 with capacity 57266230613B, used 51539607552B, and remaining 5726623061B is 0.9000000000052387
2023-09-08 11:18:59,971 [main] DEBUG balancer.ContainerBalancerTask (ContainerBalancerTask.java:initializeIteration(398)) - Utilization for node 464059bb-9124-49c2-99d6-bdd949bf83c5 with capacity 76504104960B, used 61203283968B, and remaining 15300820992B is 0.8
2023-09-08 11:18:59,971 [main] DEBUG balancer.ContainerBalancerTask (ContainerBalancerTask.java:initializeIteration(398)) - Utilization for node 6f0e948d-d3f7-4dd9-806b-f49208325d33 with capacity 44483589851B, used 31138512896B, and remaining 13345076955B is 0.700000000006744
2023-09-08 11:18:59,972 [main] DEBUG balancer.ContainerBalancerTask (ContainerBalancerTask.java:initializeIteration(398)) - Utilization for node 85ab15db-3ad2-4d6d-9eb0-2227c1e80c63 with capacity 62634939733B, used 37580963840B, and remaining 25053975893B is 0.6000000000031931
2023-09-08 11:18:59,972 [main] DEBUG balancer.ContainerBalancerTask (ContainerBalancerTask.java:initializeIteration(398)) - Utilization for node 77b8b07c-1dfe-407f-8e29-190d2b6b8da3 with capacity 83751862272B, used 41875931136B, and remaining 41875931136B is 0.5
2023-09-08 11:18:59,972 [main] DEBUG balancer.ContainerBalancerTask (ContainerBalancerTask.java:initializeIteration(398)) - Utilization for node 13dd51a3-50bb-4709-bd07-ed54eb99f549 with capacity 136902082560B, used 54760833024B, and remaining 82141249536B is 0.4
2023-09-08 11:18:59,972 [main] DEBUG balancer.ContainerBalancerTask (ContainerBalancerTask.java:initializeIteration(398)) - Utilization for node 2260ca00-150a-4407-aef4-4c26696a81c2 with capacity 132428158293B, used 39728447488B, and remaining 92699710805B is 0.3000000000007551
2023-09-08 11:18:59,972 [main] DEBUG balancer.ContainerBalancerTask (ContainerBalancerTask.java:initializeIteration(398)) - Utilization for node f52d6f4b-036c-4986-b65f-72517c5c7b6f with capacity 198642237440B, used 39728447488B, and remaining 158913789952B is 0.2
2023-09-08 11:18:59,972 [main] DEBUG balancer.ContainerBalancerTask (ContainerBalancerTask.java:initializeIteration(398)) - Utilization for node faa0991e-87f5-4348-9a71-84e36f7603a9 with capacity 300647710720B, used 30064771072B, and remaining 270582939648B is 0.1
2023-09-08 11:18:59,972 [main] DEBUG balancer.ContainerBalancerTask (ContainerBalancerTask.java:initializeIteration(398)) - Utilization for node 27ff5598-d008-435f-8a45-78122cf10002 with capacity 44023414784B, used 0B, and remaining 44023414784B is 0.0
2023-09-08 11:18:59,972 [main] INFO  balancer.ContainerBalancerTask (ContainerBalancerTask.java:initializeIteration(443)) - Did not find any unbalanced Datanodes.
2023-09-08 11:18:59,972 [main] INFO  balancer.ContainerBalancerTask (ContainerBalancerTask.java:tryStopWithSaveConfiguration(308)) - Save Configuration for stopping. Reason: Could not initialize ContainerBalancer's iteration number 0
2023-09-08 11:18:59,973 [main] DEBUG balancer.ContainerBalancerTask (ContainerBalancerTask.java:initializeIteration(374)) - Average utilization of the cluster is 0.340830158141845
2023-09-08 11:18:59,973 [main] DEBUG balancer.ContainerBalancerTask (ContainerBalancerTask.java:initializeIteration(386)) - Lower limit for utilization is -0.08691473173096181 and Upper limit for utilization is 0.7685750480146518
2023-09-08 11:18:59,973 [main] DEBUG balancer.ContainerBalancerTask (ContainerBalancerTask.java:initializeIteration(398)) - Utilization for node 033f5b0f-81fa-4ba5-98fb-417d54462df6 with capacity 57266230613B, used 51539607552B, and remaining 5726623061B is 0.9000000000052387
2023-09-08 11:18:59,973 [main] DEBUG balancer.ContainerBalancerTask (ContainerBalancerTask.java:initializeIteration(398)) - Utilization for node 464059bb-9124-49c2-99d6-bdd949bf83c5 with capacity 76504104960B, used 61203283968B, and remaining 15300820992B is 0.8
2023-09-08 11:18:59,973 [main] DEBUG balancer.ContainerBalancerTask (ContainerBalancerTask.java:initializeIteration(398)) - Utilization for node 6f0e948d-d3f7-4dd9-806b-f49208325d33 with capacity 44483589851B, used 31138512896B, and remaining 13345076955B is 0.700000000006744
2023-09-08 11:18:59,973 [main] DEBUG balancer.ContainerBalancerTask (ContainerBalancerTask.java:initializeIteration(398)) - Utilization for node 85ab15db-3ad2-4d6d-9eb0-2227c1e80c63 with capacity 62634939733B, used 37580963840B, and remaining 25053975893B is 0.6000000000031931
2023-09-08 11:18:59,973 [main] DEBUG balancer.ContainerBalancerTask (ContainerBalancerTask.java:initializeIteration(398)) - Utilization for node 77b8b07c-1dfe-407f-8e29-190d2b6b8da3 with capacity 83751862272B, used 41875931136B, and remaining 41875931136B is 0.5
2023-09-08 11:18:59,973 [main] DEBUG balancer.ContainerBalancerTask (ContainerBalancerTask.java:initializeIteration(398)) - Utilization for node 13dd51a3-50bb-4709-bd07-ed54eb99f549 with capacity 136902082560B, used 54760833024B, and remaining 82141249536B is 0.4
2023-09-08 11:18:59,974 [main] DEBUG balancer.ContainerBalancerTask (ContainerBalancerTask.java:initializeIteration(398)) - Utilization for node 2260ca00-150a-4407-aef4-4c26696a81c2 with capacity 132428158293B, used 39728447488B, and remaining 92699710805B is 0.3000000000007551
2023-09-08 11:18:59,974 [main] DEBUG balancer.ContainerBalancerTask (ContainerBalancerTask.java:initializeIteration(398)) - Utilization for node f52d6f4b-036c-4986-b65f-72517c5c7b6f with capacity 198642237440B, used 39728447488B, and remaining 158913789952B is 0.2
2023-09-08 11:18:59,974 [main] DEBUG balancer.ContainerBalancerTask (ContainerBalancerTask.java:initializeIteration(398)) - Utilization for node faa0991e-87f5-4348-9a71-84e36f7603a9 with capacity 300647710720B, used 30064771072B, and remaining 270582939648B is 0.1
2023-09-08 11:18:59,974 [main] DEBUG balancer.ContainerBalancerTask (ContainerBalancerTask.java:initializeIteration(398)) - Utilization for node 27ff5598-d008-435f-8a45-78122cf10002 with capacity 44023414784B, used 0B, and remaining 44023414784B is 0.0
2023-09-08 11:18:59,974 [main] INFO  balancer.ContainerBalancerTask (ContainerBalancerTask.java:initializeIteration(447)) - Container Balancer has identified 2 Over-Utilized and 0 Under-Utilized Datanodes that need to be balanced.
2023-09-08 11:18:59,974 [main] DEBUG balancer.ContainerBalancerTask (ContainerBalancerTask.java:lambda$initializeIteration$1(453)) - Datanode localhost-80.191.15.251 033f5b0f-81fa-4ba5-98fb-417d54462df6 is Over-Utilized.
2023-09-08 11:18:59,974 [main] DEBUG balancer.ContainerBalancerTask (ContainerBalancerTask.java:lambda$initializeIteration$1(453)) - Datanode localhost-119.185.211.138 464059bb-9124-49c2-99d6-bdd949bf83c5 is Over-Utilized.
2023-09-08 11:18:59,977 [main] DEBUG balancer.ContainerBalancerTask (ContainerBalancerTask.java:matchSourceWithTarget(708)) - ContainerBalancer is finding suitable target for source datanode 033f5b0f-81fa-4ba5-98fb-417d54462df6
2023-09-08 11:18:59,977 [main] INFO  balancer.FindTargetGreedyByUsageInfo (AbstractFindTargetGreedy.java:findTargetForContainerMove(133)) - Container Balancer could not find a target for source datanode 033f5b0f-81fa-4ba5-98fb-417d54462df6
2023-09-08 11:18:59,977 [main] DEBUG balancer.ContainerBalancerTask (ContainerBalancerTask.java:matchSourceWithTarget(717)) - ContainerBalancer could not find a suitable target for source node 033f5b0f-81fa-4ba5-98fb-417d54462df6.
2023-09-08 11:18:59,979 [main] DEBUG balancer.ContainerBalancerTask (ContainerBalancerTask.java:matchSourceWithTarget(708)) - ContainerBalancer is finding suitable target for source datanode 464059bb-9124-49c2-99d6-bdd949bf83c5
2023-09-08 11:18:59,980 [main] INFO  balancer.FindTargetGreedyByUsageInfo (AbstractFindTargetGreedy.java:findTargetForContainerMove(133)) - Container Balancer could not find a target for source datanode 464059bb-9124-49c2-99d6-bdd949bf83c5
2023-09-08 11:18:59,980 [main] DEBUG balancer.ContainerBalancerTask (ContainerBalancerTask.java:matchSourceWithTarget(717)) - ContainerBalancer could not find a suitable target for source node 464059bb-9124-49c2-99d6-bdd949bf83c5.
2023-09-08 11:18:59,980 [main] INFO  balancer.FindSourceGreedy (FindSourceGreedy.java:getNextCandidateSourceDataNode(126)) - no more candidate source data node
2023-09-08 11:18:59,980 [main] INFO  balancer.ContainerBalancerTask (ContainerBalancerTask.java:balance(259)) - Result of this iteration of Container Balancer: CAN_NOT_BALANCE_ANY_MORE
2023-09-08 11:18:59,980 [main] INFO  balancer.ContainerBalancerTask (ContainerBalancerTask.java:tryStopWithSaveConfiguration(308)) - Save Configuration for stopping. Reason: CAN_NOT_BALANCE_ANY_MORE
2023-09-08 11:18:59,980 [main] DEBUG balancer.ContainerBalancerTask (ContainerBalancerTask.java:initializeIteration(374)) - Average utilization of the cluster is 0.340830158141845
2023-09-08 11:18:59,981 [main] DEBUG balancer.ContainerBalancerTask (ContainerBalancerTask.java:initializeIteration(386)) - Lower limit for utilization is -0.21293348985166333 and Upper limit for utilization is 0.8945938061353533
2023-09-08 11:18:59,981 [main] DEBUG balancer.ContainerBalancerTask (ContainerBalancerTask.java:initializeIteration(398)) - Utilization for node 033f5b0f-81fa-4ba5-98fb-417d54462df6 with capacity 57266230613B, used 51539607552B, and remaining 5726623061B is 0.9000000000052387
2023-09-08 11:18:59,981 [main] DEBUG balancer.ContainerBalancerTask (ContainerBalancerTask.java:initializeIteration(398)) - Utilization for node 464059bb-9124-49c2-99d6-bdd949bf83c5 with capacity 76504104960B, used 61203283968B, and remaining 15300820992B is 0.8
2023-09-08 11:18:59,981 [main] DEBUG balancer.ContainerBalancerTask (ContainerBalancerTask.java:initializeIteration(398)) - Utilization for node 6f0e948d-d3f7-4dd9-806b-f49208325d33 with capacity 44483589851B, used 31138512896B, and remaining 13345076955B is 0.700000000006744
2023-09-08 11:18:59,981 [main] DEBUG balancer.ContainerBalancerTask (ContainerBalancerTask.java:initializeIteration(398)) - Utilization for node 85ab15db-3ad2-4d6d-9eb0-2227c1e80c63 with capacity 62634939733B, used 37580963840B, and remaining 25053975893B is 0.6000000000031931
2023-09-08 11:18:59,981 [main] DEBUG balancer.ContainerBalancerTask (ContainerBalancerTask.java:initializeIteration(398)) - Utilization for node 77b8b07c-1dfe-407f-8e29-190d2b6b8da3 with capacity 83751862272B, used 41875931136B, and remaining 41875931136B is 0.5
2023-09-08 11:18:59,981 [main] DEBUG balancer.ContainerBalancerTask (ContainerBalancerTask.java:initializeIteration(398)) - Utilization for node 13dd51a3-50bb-4709-bd07-ed54eb99f549 with capacity 136902082560B, used 54760833024B, and remaining 82141249536B is 0.4
2023-09-08 11:18:59,981 [main] DEBUG balancer.ContainerBalancerTask (ContainerBalancerTask.java:initializeIteration(398)) - Utilization for node 2260ca00-150a-4407-aef4-4c26696a81c2 with capacity 132428158293B, used 39728447488B, and remaining 92699710805B is 0.3000000000007551
2023-09-08 11:18:59,981 [main] DEBUG balancer.ContainerBalancerTask (ContainerBalancerTask.java:initializeIteration(398)) - Utilization for node f52d6f4b-036c-4986-b65f-72517c5c7b6f with capacity 198642237440B, used 39728447488B, and remaining 158913789952B is 0.2
2023-09-08 11:18:59,981 [main] DEBUG balancer.ContainerBalancerTask (ContainerBalancerTask.java:initializeIteration(398)) - Utilization for node faa0991e-87f5-4348-9a71-84e36f7603a9 with capacity 300647710720B, used 30064771072B, and remaining 270582939648B is 0.1
2023-09-08 11:18:59,981 [main] DEBUG balancer.ContainerBalancerTask (ContainerBalancerTask.java:initializeIteration(398)) - Utilization for node 27ff5598-d008-435f-8a45-78122cf10002 with capacity 44023414784B, used 0B, and remaining 44023414784B is 0.0
2023-09-08 11:18:59,982 [main] INFO  balancer.ContainerBalancerTask (ContainerBalancerTask.java:initializeIteration(447)) - Container Balancer has identified 1 Over-Utilized and 0 Under-Utilized Datanodes that need to be balanced.
2023-09-08 11:18:59,982 [main] DEBUG balancer.ContainerBalancerTask (ContainerBalancerTask.java:lambda$initializeIteration$1(453)) - Datanode localhost-80.191.15.251 033f5b0f-81fa-4ba5-98fb-417d54462df6 is Over-Utilized.
2023-09-08 11:18:59,984 [main] DEBUG balancer.ContainerBalancerTask (ContainerBalancerTask.java:matchSourceWithTarget(708)) - ContainerBalancer is finding suitable target for source datanode 033f5b0f-81fa-4ba5-98fb-417d54462df6
2023-09-08 11:18:59,984 [main] INFO  balancer.FindTargetGreedyByUsageInfo (AbstractFindTargetGreedy.java:findTargetForContainerMove(133)) - Container Balancer could not find a target for source datanode 033f5b0f-81fa-4ba5-98fb-417d54462df6
2023-09-08 11:18:59,985 [main] DEBUG balancer.ContainerBalancerTask (ContainerBalancerTask.java:matchSourceWithTarget(717)) - ContainerBalancer could not find a suitable target for source node 033f5b0f-81fa-4ba5-98fb-417d54462df6.
2023-09-08 11:18:59,985 [main] INFO  balancer.FindSourceGreedy (FindSourceGreedy.java:getNextCandidateSourceDataNode(126)) - no more candidate source data node
2023-09-08 11:18:59,985 [main] INFO  balancer.ContainerBalancerTask (ContainerBalancerTask.java:balance(259)) - Result of this iteration of Container Balancer: CAN_NOT_BALANCE_ANY_MORE
2023-09-08 11:18:59,985 [main] INFO  balancer.ContainerBalancerTask (ContainerBalancerTask.java:tryStopWithSaveConfiguration(308)) - Save Configuration for stopping. Reason: CAN_NOT_BALANCE_ANY_MORE
2023-09-08 11:18:59,985 [main] DEBUG balancer.ContainerBalancerTask (ContainerBalancerTask.java:initializeIteration(374)) - Average utilization of the cluster is 0.340830158141845
2023-09-08 11:18:59,985 [main] DEBUG balancer.ContainerBalancerTask (ContainerBalancerTask.java:initializeIteration(386)) - Lower limit for utilization is 0.31692069294685393 and Upper limit for utilization is 0.364739623336836
2023-09-08 11:18:59,986 [main] DEBUG balancer.ContainerBalancerTask (ContainerBalancerTask.java:initializeIteration(398)) - Utilization for node 033f5b0f-81fa-4ba5-98fb-417d54462df6 with capacity 57266230613B, used 51539607552B, and remaining 5726623061B is 0.9000000000052387
2023-09-08 11:18:59,986 [main] DEBUG balancer.ContainerBalancerTask (ContainerBalancerTask.java:initializeIteration(398)) - Utilization for node 464059bb-9124-49c2-99d6-bdd949bf83c5 with capacity 76504104960B, used 61203283968B, and remaining 15300820992B is 0.8
2023-09-08 11:18:59,986 [main] DEBUG balancer.ContainerBalancerTask (ContainerBalancerTask.java:initializeIteration(398)) - Utilization for node 6f0e948d-d3f7-4dd9-806b-f49208325d33 with capacity 44483589851B, used 31138512896B, and remaining 13345076955B is 0.700000000006744
2023-09-08 11:18:59,986 [main] DEBUG balancer.ContainerBalancerTask (ContainerBalancerTask.java:initializeIteration(398)) - Utilization for node 85ab15db-3ad2-4d6d-9eb0-2227c1e80c63 with capacity 62634939733B, used 37580963840B, and remaining 25053975893B is 0.6000000000031931
2023-09-08 11:18:59,986 [main] DEBUG balancer.ContainerBalancerTask (ContainerBalancerTask.java:initializeIteration(398)) - Utilization for node 77b8b07c-1dfe-407f-8e29-190d2b6b8da3 with capacity 83751862272B, used 41875931136B, and remaining 41875931136B is 0.5
2023-09-08 11:18:59,986 [main] DEBUG balancer.ContainerBalancerTask (ContainerBalancerTask.java:initializeIteration(398)) - Utilization for node 13dd51a3-50bb-4709-bd07-ed54eb99f549 with capacity 136902082560B, used 54760833024B, and remaining 82141249536B is 0.4
2023-09-08 11:18:59,986 [main] DEBUG balancer.ContainerBalancerTask (ContainerBalancerTask.java:initializeIteration(398)) - Utilization for node 2260ca00-150a-4407-aef4-4c26696a81c2 with capacity 132428158293B, used 39728447488B, and remaining 92699710805B is 0.3000000000007551
2023-09-08 11:18:59,986 [main] DEBUG balancer.ContainerBalancerTask (ContainerBalancerTask.java:initializeIteration(398)) - Utilization for node f52d6f4b-036c-4986-b65f-72517c5c7b6f with capacity 198642237440B, used 39728447488B, and remaining 158913789952B is 0.2
2023-09-08 11:18:59,986 [main] DEBUG balancer.ContainerBalancerTask (ContainerBalancerTask.java:initializeIteration(398)) - Utilization for node faa0991e-87f5-4348-9a71-84e36f7603a9 with capacity 300647710720B, used 30064771072B, and remaining 270582939648B is 0.1
2023-09-08 11:18:59,986 [main] DEBUG balancer.ContainerBalancerTask (ContainerBalancerTask.java:initializeIteration(398)) - Utilization for node 27ff5598-d008-435f-8a45-78122cf10002 with capacity 44023414784B, used 0B, and remaining 44023414784B is 0.0
2023-09-08 11:18:59,986 [main] INFO  balancer.ContainerBalancerTask (ContainerBalancerTask.java:initializeIteration(447)) - Container Balancer has identified 6 Over-Utilized and 4 Under-Utilized Datanodes that need to be balanced.
2023-09-08 11:18:59,987 [main] DEBUG balancer.ContainerBalancerTask (ContainerBalancerTask.java:lambda$initializeIteration$1(453)) - Datanode localhost-80.191.15.251 033f5b0f-81fa-4ba5-98fb-417d54462df6 is Over-Utilized.
2023-09-08 11:18:59,987 [main] DEBUG balancer.ContainerBalancerTask (ContainerBalancerTask.java:lambda$initializeIteration$1(453)) - Datanode localhost-119.185.211.138 464059bb-9124-49c2-99d6-bdd949bf83c5 is Over-Utilized.
2023-09-08 11:18:59,987 [main] DEBUG balancer.ContainerBalancerTask (ContainerBalancerTask.java:lambda$initializeIteration$1(453)) - Datanode localhost-175.189.162.212 6f0e948d-d3f7-4dd9-806b-f49208325d33 is Over-Utilized.
2023-09-08 11:18:59,987 [main] DEBUG balancer.ContainerBalancerTask (ContainerBalancerTask.java:lambda$initializeIteration$1(453)) - Datanode localhost-45.212.111.64 85ab15db-3ad2-4d6d-9eb0-2227c1e80c63 is Over-Utilized.
2023-09-08 11:18:59,987 [main] DEBUG balancer.ContainerBalancerTask (ContainerBalancerTask.java:lambda$initializeIteration$1(453)) - Datanode localhost-34.213.184.24 77b8b07c-1dfe-407f-8e29-190d2b6b8da3 is Over-Utilized.
2023-09-08 11:18:59,987 [main] DEBUG balancer.ContainerBalancerTask (ContainerBalancerTask.java:lambda$initializeIteration$1(453)) - Datanode localhost-1.125.44.239 13dd51a3-50bb-4709-bd07-ed54eb99f549 is Over-Utilized.
2023-09-08 11:18:59,987 [main] DEBUG balancer.ContainerBalancerTask (ContainerBalancerTask.java:lambda$initializeIteration$2(459)) - Datanode localhost-21.155.139.135 27ff5598-d008-435f-8a45-78122cf10002 is Under-Utilized.
2023-09-08 11:18:59,987 [main] DEBUG balancer.ContainerBalancerTask (ContainerBalancerTask.java:lambda$initializeIteration$2(459)) - Datanode localhost-171.124.219.118 faa0991e-87f5-4348-9a71-84e36f7603a9 is Under-Utilized.
2023-09-08 11:18:59,987 [main] DEBUG balancer.ContainerBalancerTask (ContainerBalancerTask.java:lambda$initializeIteration$2(459)) - Datanode localhost-81.233.26.227 f52d6f4b-036c-4986-b65f-72517c5c7b6f is Under-Utilized.
2023-09-08 11:18:59,987 [main] DEBUG balancer.ContainerBalancerTask (ContainerBalancerTask.java:lambda$initializeIteration$2(459)) - Datanode localhost-255.21.87.87 2260ca00-150a-4407-aef4-4c26696a81c2 is Under-Utilized.
2023-09-08 11:18:59,990 [main] DEBUG balancer.ContainerBalancerTask (ContainerBalancerTask.java:matchSourceWithTarget(708)) - ContainerBalancer is finding suitable target for source datanode 033f5b0f-81fa-4ba5-98fb-417d54462df6
2023-09-08 11:18:59,990 [main] INFO  balancer.ContainerBalancerTask (ContainerBalancerTask.java:matchSourceWithTarget(722)) - ContainerBalancer matched source datanode 033f5b0f-81fa-4ba5-98fb-417d54462df6 with target datanode 27ff5598-d008-435f-8a45-78122cf10002 for container move.
2023-09-08 11:18:59,990 [main] INFO  balancer.ContainerBalancerTask (ContainerBalancerTask.java:processMoveSelection(569)) - ContainerBalancer is trying to move container #85 with size 5368709120B from source datanode 033f5b0f-81fa-4ba5-98fb-417d54462df6 to target datanode 27ff5598-d008-435f-8a45-78122cf10002
2023-09-08 11:18:59,990 [main] DEBUG balancer.ContainerBalancerTask (ContainerBalancerTask.java:lambda$moveContainer$3(837)) - Container move completed for container #85 from source 033f5b0f-81fa-4ba5-98fb-417d54462df6 to target 27ff5598-d008-435f-8a45-78122cf10002
2023-09-08 11:18:59,993 [main] DEBUG balancer.ContainerBalancerTask (ContainerBalancerTask.java:matchSourceWithTarget(708)) - ContainerBalancer is finding suitable target for source datanode 033f5b0f-81fa-4ba5-98fb-417d54462df6
2023-09-08 11:18:59,993 [main] INFO  balancer.ContainerBalancerTask (ContainerBalancerTask.java:matchSourceWithTarget(722)) - ContainerBalancer matched source datanode 033f5b0f-81fa-4ba5-98fb-417d54462df6 with target datanode faa0991e-87f5-4348-9a71-84e36f7603a9 for container move.
2023-09-08 11:18:59,993 [main] INFO  balancer.ContainerBalancerTask (ContainerBalancerTask.java:processMoveSelection(569)) - ContainerBalancer is trying to move container #89 with size 4294967296B from source datanode 033f5b0f-81fa-4ba5-98fb-417d54462df6 to target datanode faa0991e-87f5-4348-9a71-84e36f7603a9
2023-09-08 11:18:59,993 [main] DEBUG balancer.ContainerBalancerTask (ContainerBalancerTask.java:lambda$moveContainer$3(837)) - Container move completed for container #89 from source 033f5b0f-81fa-4ba5-98fb-417d54462df6 to target faa0991e-87f5-4348-9a71-84e36f7603a9
2023-09-08 11:18:59,996 [main] DEBUG balancer.ContainerBalancerTask (ContainerBalancerTask.java:matchSourceWithTarget(708)) - ContainerBalancer is finding suitable target for source datanode 464059bb-9124-49c2-99d6-bdd949bf83c5
2023-09-08 11:18:59,997 [main] INFO  balancer.ContainerBalancerTask (ContainerBalancerTask.java:matchSourceWithTarget(722)) - ContainerBalancer matched source datanode 464059bb-9124-49c2-99d6-bdd949bf83c5 with target datanode faa0991e-87f5-4348-9a71-84e36f7603a9 for container move.
2023-09-08 11:18:59,997 [main] INFO  balancer.ContainerBalancerTask (ContainerBalancerTask.java:processMoveSelection(569)) - ContainerBalancer is trying to move container #68 with size 5368709120B from source datanode 464059bb-9124-49c2-99d6-bdd949bf83c5 to target datanode faa0991e-87f5-4348-9a71-84e36f7603a9
2023-09-08 11:18:59,997 [main] DEBUG balancer.ContainerBalancerTask (ContainerBalancerTask.java:lambda$moveContainer$3(837)) - Container move completed for container #68 from source 464059bb-9124-49c2-99d6-bdd949bf83c5 to target faa0991e-87f5-4348-9a71-84e36f7603a9
2023-09-08 11:19:00,000 [main] DEBUG balancer.ContainerBalancerTask (ContainerBalancerTask.java:matchSourceWithTarget(708)) - ContainerBalancer is finding suitable target for source datanode 033f5b0f-81fa-4ba5-98fb-417d54462df6
2023-09-08 11:19:00,000 [main] INFO  balancer.ContainerBalancerTask (ContainerBalancerTask.java:matchSourceWithTarget(722)) - ContainerBalancer matched source datanode 033f5b0f-81fa-4ba5-98fb-417d54462df6 with target datanode 27ff5598-d008-435f-8a45-78122cf10002 for container move.
2023-09-08 11:19:00,000 [main] INFO  balancer.ContainerBalancerTask (ContainerBalancerTask.java:processMoveSelection(569)) - ContainerBalancer is trying to move container #84 with size 4294967296B from source datanode 033f5b0f-81fa-4ba5-98fb-417d54462df6 to target datanode 27ff5598-d008-435f-8a45-78122cf10002
2023-09-08 11:19:00,000 [main] DEBUG balancer.ContainerBalancerTask (ContainerBalancerTask.java:lambda$moveContainer$3(837)) - Container move completed for container #84 from source 033f5b0f-81fa-4ba5-98fb-417d54462df6 to target 27ff5598-d008-435f-8a45-78122cf10002
2023-09-08 11:19:00,004 [main] DEBUG balancer.ContainerBalancerTask (ContainerBalancerTask.java:matchSourceWithTarget(708)) - ContainerBalancer is finding suitable target for source datanode 464059bb-9124-49c2-99d6-bdd949bf83c5
2023-09-08 11:19:00,004 [main] INFO  balancer.ContainerBalancerTask (ContainerBalancerTask.java:matchSourceWithTarget(722)) - ContainerBalancer matched source datanode 464059bb-9124-49c2-99d6-bdd949bf83c5 with target datanode faa0991e-87f5-4348-9a71-84e36f7603a9 for container move.
2023-09-08 11:19:00,004 [main] INFO  balancer.ContainerBalancerTask (ContainerBalancerTask.java:processMoveSelection(569)) - ContainerBalancer is trying to move container #29 with size 5368709120B from source datanode 464059bb-9124-49c2-99d6-bdd949bf83c5 to target datanode faa0991e-87f5-4348-9a71-84e36f7603a9
2023-09-08 11:19:00,004 [main] DEBUG balancer.ContainerBalancerTask (ContainerBalancerTask.java:lambda$moveContainer$3(837)) - Container move completed for container #29 from source 464059bb-9124-49c2-99d6-bdd949bf83c5 to target faa0991e-87f5-4348-9a71-84e36f7603a9
2023-09-08 11:19:00,006 [main] DEBUG balancer.ContainerBalancerTask (ContainerBalancerTask.java:matchSourceWithTarget(708)) - ContainerBalancer is finding suitable target for source datanode 6f0e948d-d3f7-4dd9-806b-f49208325d33
2023-09-08 11:19:00,006 [main] INFO  balancer.ContainerBalancerTask (ContainerBalancerTask.java:matchSourceWithTarget(722)) - ContainerBalancer matched source datanode 6f0e948d-d3f7-4dd9-806b-f49208325d33 with target datanode faa0991e-87f5-4348-9a71-84e36f7603a9 for container move.
2023-09-08 11:19:00,007 [main] INFO  balancer.ContainerBalancerTask (ContainerBalancerTask.java:processMoveSelection(569)) - ContainerBalancer is trying to move container #53 with size 5368709120B from source datanode 6f0e948d-d3f7-4dd9-806b-f49208325d33 to target datanode faa0991e-87f5-4348-9a71-84e36f7603a9
2023-09-08 11:19:00,007 [main] DEBUG balancer.ContainerBalancerTask (ContainerBalancerTask.java:lambda$moveContainer$3(837)) - Container move completed for container #53 from source 6f0e948d-d3f7-4dd9-806b-f49208325d33 to target faa0991e-87f5-4348-9a71-84e36f7603a9
2023-09-08 11:19:00,009 [main] DEBUG balancer.ContainerBalancerTask (ContainerBalancerTask.java:matchSourceWithTarget(708)) - ContainerBalancer is finding suitable target for source datanode 464059bb-9124-49c2-99d6-bdd949bf83c5
2023-09-08 11:19:00,010 [main] INFO  balancer.ContainerBalancerTask (ContainerBalancerTask.java:matchSourceWithTarget(722)) - ContainerBalancer matched source datanode 464059bb-9124-49c2-99d6-bdd949bf83c5 with target datanode faa0991e-87f5-4348-9a71-84e36f7603a9 for container move.
2023-09-08 11:19:00,010 [main] INFO  balancer.ContainerBalancerTask (ContainerBalancerTask.java:processMoveSelection(569)) - ContainerBalancer is trying to move container #67 with size 4294967296B from source datanode 464059bb-9124-49c2-99d6-bdd949bf83c5 to target datanode faa0991e-87f5-4348-9a71-84e36f7603a9
2023-09-08 11:19:00,010 [main] DEBUG balancer.ContainerBalancerTask (ContainerBalancerTask.java:lambda$moveContainer$3(837)) - Container move completed for container #67 from source 464059bb-9124-49c2-99d6-bdd949bf83c5 to target faa0991e-87f5-4348-9a71-84e36f7603a9
2023-09-08 11:19:00,013 [main] DEBUG balancer.ContainerBalancerTask (ContainerBalancerTask.java:matchSourceWithTarget(708)) - ContainerBalancer is finding suitable target for source datanode 033f5b0f-81fa-4ba5-98fb-417d54462df6
2023-09-08 11:19:00,013 [main] INFO  balancer.ContainerBalancerTask (ContainerBalancerTask.java:matchSourceWithTarget(722)) - ContainerBalancer matched source datanode 033f5b0f-81fa-4ba5-98fb-417d54462df6 with target datanode faa0991e-87f5-4348-9a71-84e36f7603a9 for container move.
2023-09-08 11:19:00,013 [main] INFO  balancer.ContainerBalancerTask (ContainerBalancerTask.java:processMoveSelection(569)) - ContainerBalancer is trying to move container #52 with size 4294967296B from source datanode 033f5b0f-81fa-4ba5-98fb-417d54462df6 to target datanode faa0991e-87f5-4348-9a71-84e36f7603a9
2023-09-08 11:19:00,013 [main] DEBUG balancer.ContainerBalancerTask (ContainerBalancerTask.java:lambda$moveContainer$3(837)) - Container move completed for container #52 from source 033f5b0f-81fa-4ba5-98fb-417d54462df6 to target faa0991e-87f5-4348-9a71-84e36f7603a9
2023-09-08 11:19:00,016 [main] DEBUG balancer.ContainerBalancerTask (ContainerBalancerTask.java:matchSourceWithTarget(708)) - ContainerBalancer is finding suitable target for source datanode 464059bb-9124-49c2-99d6-bdd949bf83c5
2023-09-08 11:19:00,016 [main] INFO  balancer.ContainerBalancerTask (ContainerBalancerTask.java:matchSourceWithTarget(722)) - ContainerBalancer matched source datanode 464059bb-9124-49c2-99d6-bdd949bf83c5 with target datanode faa0991e-87f5-4348-9a71-84e36f7603a9 for container move.
2023-09-08 11:19:00,016 [main] INFO  balancer.ContainerBalancerTask (ContainerBalancerTask.java:processMoveSelection(569)) - ContainerBalancer is trying to move container #39 with size 4294967296B from source datanode 464059bb-9124-49c2-99d6-bdd949bf83c5 to target datanode faa0991e-87f5-4348-9a71-84e36f7603a9
2023-09-08 11:19:00,017 [main] DEBUG balancer.ContainerBalancerTask (ContainerBalancerTask.java:lambda$moveContainer$3(837)) - Container move completed for container #39 from source 464059bb-9124-49c2-99d6-bdd949bf83c5 to target faa0991e-87f5-4348-9a71-84e36f7603a9
2023-09-08 11:19:00,019 [main] DEBUG balancer.ContainerBalancerTask (ContainerBalancerTask.java:matchSourceWithTarget(708)) - ContainerBalancer is finding suitable target for source datanode 85ab15db-3ad2-4d6d-9eb0-2227c1e80c63
2023-09-08 11:19:00,019 [main] INFO  balancer.ContainerBalancerTask (ContainerBalancerTask.java:matchSourceWithTarget(722)) - ContainerBalancer matched source datanode 85ab15db-3ad2-4d6d-9eb0-2227c1e80c63 with target datanode f52d6f4b-036c-4986-b65f-72517c5c7b6f for container move.
2023-09-08 11:19:00,019 [main] INFO  balancer.ContainerBalancerTask (ContainerBalancerTask.java:processMoveSelection(569)) - ContainerBalancer is trying to move container #40 with size 5368709120B from source datanode 85ab15db-3ad2-4d6d-9eb0-2227c1e80c63 to target datanode f52d6f4b-036c-4986-b65f-72517c5c7b6f
2023-09-08 11:19:00,019 [main] DEBUG balancer.ContainerBalancerTask (ContainerBalancerTask.java:lambda$moveContainer$3(837)) - Container move completed for container #40 from source 85ab15db-3ad2-4d6d-9eb0-2227c1e80c63 to target f52d6f4b-036c-4986-b65f-72517c5c7b6f
2023-09-08 11:19:00,414 [main] DEBUG balancer.ContainerBalancerTask (ContainerBalancerTask.java:matchSourceWithTarget(708)) - ContainerBalancer is finding suitable target for source datanode 033f5b0f-81fa-4ba5-98fb-417d54462df6
2023-09-08 11:19:00,415 [main] INFO  balancer.ContainerBalancerTask (ContainerBalancerTask.java:matchSourceWithTarget(722)) - ContainerBalancer matched source datanode 033f5b0f-81fa-4ba5-98fb-417d54462df6 with target datanode faa0991e-87f5-4348-9a71-84e36f7603a9 for container move.
2023-09-08 11:19:00,415 [main] INFO  balancer.ContainerBalancerTask (ContainerBalancerTask.java:processMoveSelection(569)) - ContainerBalancer is trying to move container #19 with size 4294967296B from source datanode 033f5b0f-81fa-4ba5-98fb-417d54462df6 to target datanode faa0991e-87f5-4348-9a71-84e36f7603a9
2023-09-08 11:19:00,416 [main] DEBUG balancer.ContainerBalancerTask (ContainerBalancerTask.java:lambda$moveContainer$3(837)) - Container move completed for container #19 from source 033f5b0f-81fa-4ba5-98fb-417d54462df6 to target faa0991e-87f5-4348-9a71-84e36f7603a9
2023-09-08 11:19:00,418 [main] DEBUG balancer.ContainerBalancerTask (ContainerBalancerTask.java:matchSourceWithTarget(708)) - ContainerBalancer is finding suitable target for source datanode 6f0e948d-d3f7-4dd9-806b-f49208325d33
2023-09-08 11:19:00,418 [main] INFO  balancer.ContainerBalancerTask (ContainerBalancerTask.java:matchSourceWithTarget(722)) - ContainerBalancer matched source datanode 6f0e948d-d3f7-4dd9-806b-f49208325d33 with target datanode 27ff5598-d008-435f-8a45-78122cf10002 for container move.
2023-09-08 11:19:00,418 [main] INFO  balancer.ContainerBalancerTask (ContainerBalancerTask.java:processMoveSelection(569)) - ContainerBalancer is trying to move container #64 with size 1073741824B from source datanode 6f0e948d-d3f7-4dd9-806b-f49208325d33 to target datanode 27ff5598-d008-435f-8a45-78122cf10002
2023-09-08 11:19:00,419 [main] DEBUG balancer.ContainerBalancerTask (ContainerBalancerTask.java:lambda$moveContainer$3(837)) - Container move completed for container #64 from source 6f0e948d-d3f7-4dd9-806b-f49208325d33 to target 27ff5598-d008-435f-8a45-78122cf10002
2023-09-08 11:19:00,419 [main] WARN  balancer.ContainerBalancerTask (ContainerBalancerTask.java:reachedMaxSizeToMovePerIteration(733)) - Reached max size to move limit. 53687091200 bytes have already been scheduled for balancing and the limit is 53687091200 bytes.
2023-09-08 11:19:00,419 [main] INFO  balancer.ContainerBalancerTask (ContainerBalancerTask.java:checkIterationMoveResults(642)) - Iteration Summary. Number of Datanodes involved: 7. Size moved: 50 GB (53687091200 Bytes). Number of Container moves completed: 12.
2023-09-08 11:19:00,419 [main] INFO  balancer.ContainerBalancerTask (ContainerBalancerTask.java:balance(259)) - Result of this iteration of Container Balancer: ITERATION_COMPLETED
2023-09-08 11:19:00,419 [main] INFO  balancer.ContainerBalancerTask (ContainerBalancerTask.java:tryStopWithSaveConfiguration(308)) - Save Configuration for stopping. Reason: Completed all iterations.
2023-09-08 11:19:00,420 [main] DEBUG balancer.ContainerBalancerTask (ContainerBalancerTask.java:initializeIteration(374)) - Average utilization of the cluster is 0.340830158141845
2023-09-08 11:19:00,420 [main] DEBUG balancer.ContainerBalancerTask (ContainerBalancerTask.java:initializeIteration(386)) - Lower limit for utilization is -0.31536091418737716 and Upper limit for utilization is 0.997021230471067
2023-09-08 11:19:00,420 [main] DEBUG balancer.ContainerBalancerTask (ContainerBalancerTask.java:initializeIteration(398)) - Utilization for node 033f5b0f-81fa-4ba5-98fb-417d54462df6 with capacity 57266230613B, used 51539607552B, and remaining 5726623061B is 0.9000000000052387
2023-09-08 11:19:00,420 [main] DEBUG balancer.ContainerBalancerTask (ContainerBalancerTask.java:initializeIteration(398)) - Utilization for node 464059bb-9124-49c2-99d6-bdd949bf83c5 with capacity 76504104960B, used 61203283968B, and remaining 15300820992B is 0.8
2023-09-08 11:19:00,420 [main] DEBUG balancer.ContainerBalancerTask (ContainerBalancerTask.java:initializeIteration(398)) - Utilization for node 6f0e948d-d3f7-4dd9-806b-f49208325d33 with capacity 44483589851B, used 31138512896B, and remaining 13345076955B is 0.700000000006744
2023-09-08 11:19:00,420 [main] DEBUG balancer.ContainerBalancerTask (ContainerBalancerTask.java:initializeIteration(398)) - Utilization for node 85ab15db-3ad2-4d6d-9eb0-2227c1e80c63 with capacity 62634939733B, used 37580963840B, and remaining 25053975893B is 0.6000000000031931
2023-09-08 11:19:00,420 [main] DEBUG balancer.ContainerBalancerTask (ContainerBalancerTask.java:initializeIteration(398)) - Utilization for node 77b8b07c-1dfe-407f-8e29-190d2b6b8da3 with capacity 83751862272B, used 41875931136B, and remaining 41875931136B is 0.5
2023-09-08 11:19:00,420 [main] DEBUG balancer.ContainerBalancerTask (ContainerBalancerTask.java:initializeIteration(398)) - Utilization for node 13dd51a3-50bb-4709-bd07-ed54eb99f549 with capacity 136902082560B, used 54760833024B, and remaining 82141249536B is 0.4
2023-09-08 11:19:00,421 [main] DEBUG balancer.ContainerBalancerTask (ContainerBalancerTask.java:initializeIteration(398)) - Utilization for node 2260ca00-150a-4407-aef4-4c26696a81c2 with capacity 132428158293B, used 39728447488B, and remaining 92699710805B is 0.3000000000007551
2023-09-08 11:19:00,421 [main] DEBUG balancer.ContainerBalancerTask (ContainerBalancerTask.java:initializeIteration(398)) - Utilization for node f52d6f4b-036c-4986-b65f-72517c5c7b6f with capacity 198642237440B, used 39728447488B, and remaining 158913789952B is 0.2
2023-09-08 11:19:00,421 [main] DEBUG balancer.ContainerBalancerTask (ContainerBalancerTask.java:initializeIteration(398)) - Utilization for node faa0991e-87f5-4348-9a71-84e36f7603a9 with capacity 300647710720B, used 30064771072B, and remaining 270582939648B is 0.1
2023-09-08 11:19:00,421 [main] DEBUG balancer.ContainerBalancerTask (ContainerBalancerTask.java:initializeIteration(398)) - Utilization for node 27ff5598-d008-435f-8a45-78122cf10002 with capacity 44023414784B, used 0B, and remaining 44023414784B is 0.0
2023-09-08 11:19:00,421 [main] INFO  balancer.ContainerBalancerTask (ContainerBalancerTask.java:initializeIteration(443)) - Did not find any unbalanced Datanodes.
2023-09-08 11:19:00,421 [main] INFO  balancer.ContainerBalancerTask (ContainerBalancerTask.java:tryStopWithSaveConfiguration(308)) - Save Configuration for stopping. Reason: Could not initialize ContainerBalancer's iteration number 0
2023-09-08 11:19:00,427 [main] DEBUG balancer.ContainerBalancerTask (ContainerBalancerTask.java:initializeIteration(374)) - Average utilization of the cluster is 0.340830158141845
2023-09-08 11:19:00,427 [main] DEBUG balancer.ContainerBalancerTask (ContainerBalancerTask.java:initializeIteration(386)) - Lower limit for utilization is 0.03853374919154989 and Upper limit for utilization is 0.64312656709214
2023-09-08 11:19:00,427 [main] DEBUG balancer.ContainerBalancerTask (ContainerBalancerTask.java:initializeIteration(398)) - Utilization for node 033f5b0f-81fa-4ba5-98fb-417d54462df6 with capacity 57266230613B, used 51539607552B, and remaining 5726623061B is 0.9000000000052387
2023-09-08 11:19:00,427 [main] DEBUG balancer.ContainerBalancerTask (ContainerBalancerTask.java:initializeIteration(398)) - Utilization for node 464059bb-9124-49c2-99d6-bdd949bf83c5 with capacity 76504104960B, used 61203283968B, and remaining 15300820992B is 0.8
2023-09-08 11:19:00,427 [main] DEBUG balancer.ContainerBalancerTask (ContainerBalancerTask.java:initializeIteration(398)) - Utilization for node 6f0e948d-d3f7-4dd9-806b-f49208325d33 with capacity 44483589851B, used 31138512896B, and remaining 13345076955B is 0.700000000006744
2023-09-08 11:19:00,427 [main] DEBUG balancer.ContainerBalancerTask (ContainerBalancerTask.java:initializeIteration(398)) - Utilization for node 85ab15db-3ad2-4d6d-9eb0-2227c1e80c63 with capacity 62634939733B, used 37580963840B, and remaining 25053975893B is 0.6000000000031931
2023-09-08 11:19:00,427 [main] DEBUG balancer.ContainerBalancerTask (ContainerBalancerTask.java:initializeIteration(398)) - Utilization for node 77b8b07c-1dfe-407f-8e29-190d2b6b8da3 with capacity 83751862272B, used 41875931136B, and remaining 41875931136B is 0.5
2023-09-08 11:19:00,428 [main] DEBUG balancer.ContainerBalancerTask (ContainerBalancerTask.java:initializeIteration(398)) - Utilization for node 13dd51a3-50bb-4709-bd07-ed54eb99f549 with capacity 136902082560B, used 54760833024B, and remaining 82141249536B is 0.4
2023-09-08 11:19:00,428 [main] DEBUG balancer.ContainerBalancerTask (ContainerBalancerTask.java:initializeIteration(398)) - Utilization for node 2260ca00-150a-4407-aef4-4c26696a81c2 with capacity 132428158293B, used 39728447488B, and remaining 92699710805B is 0.3000000000007551
2023-09-08 11:19:00,428 [main] DEBUG balancer.ContainerBalancerTask (ContainerBalancerTask.java:initializeIteration(398)) - Utilization for node f52d6f4b-036c-4986-b65f-72517c5c7b6f with capacity 198642237440B, used 39728447488B, and remaining 158913789952B is 0.2
2023-09-08 11:19:00,428 [main] DEBUG balancer.ContainerBalancerTask (ContainerBalancerTask.java:initializeIteration(398)) - Utilization for node faa0991e-87f5-4348-9a71-84e36f7603a9 with capacity 300647710720B, used 30064771072B, and remaining 270582939648B is 0.1
2023-09-08 11:19:00,428 [main] DEBUG balancer.ContainerBalancerTask (ContainerBalancerTask.java:initializeIteration(398)) - Utilization for node 27ff5598-d008-435f-8a45-78122cf10002 with capacity 44023414784B, used 0B, and remaining 44023414784B is 0.0
2023-09-08 11:19:00,428 [main] INFO  balancer.ContainerBalancerTask (ContainerBalancerTask.java:initializeIteration(447)) - Container Balancer has identified 3 Over-Utilized and 1 Under-Utilized Datanodes that need to be balanced.
2023-09-08 11:19:00,428 [main] DEBUG balancer.ContainerBalancerTask (ContainerBalancerTask.java:lambda$initializeIteration$1(453)) - Datanode localhost-80.191.15.251 033f5b0f-81fa-4ba5-98fb-417d54462df6 is Over-Utilized.
2023-09-08 11:19:00,428 [main] DEBUG balancer.ContainerBalancerTask (ContainerBalancerTask.java:lambda$initializeIteration$1(453)) - Datanode localhost-119.185.211.138 464059bb-9124-49c2-99d6-bdd949bf83c5 is Over-Utilized.
2023-09-08 11:19:00,428 [main] DEBUG balancer.ContainerBalancerTask (ContainerBalancerTask.java:lambda$initializeIteration$1(453)) - Datanode localhost-175.189.162.212 6f0e948d-d3f7-4dd9-806b-f49208325d33 is Over-Utilized.
2023-09-08 11:19:00,428 [main] DEBUG balancer.ContainerBalancerTask (ContainerBalancerTask.java:lambda$initializeIteration$2(459)) - Datanode localhost-21.155.139.135 27ff5598-d008-435f-8a45-78122cf10002 is Under-Utilized.
2023-09-08 11:19:00,431 [main] DEBUG balancer.ContainerBalancerTask (ContainerBalancerTask.java:matchSourceWithTarget(708)) - ContainerBalancer is finding suitable target for source datanode 033f5b0f-81fa-4ba5-98fb-417d54462df6
2023-09-08 11:19:00,431 [main] INFO  balancer.ContainerBalancerTask (ContainerBalancerTask.java:matchSourceWithTarget(722)) - ContainerBalancer matched source datanode 033f5b0f-81fa-4ba5-98fb-417d54462df6 with target datanode 27ff5598-d008-435f-8a45-78122cf10002 for container move.
2023-09-08 11:19:00,431 [main] INFO  balancer.ContainerBalancerTask (ContainerBalancerTask.java:processMoveSelection(569)) - ContainerBalancer is trying to move container #85 with size 5368709120B from source datanode 033f5b0f-81fa-4ba5-98fb-417d54462df6 to target datanode 27ff5598-d008-435f-8a45-78122cf10002
2023-09-08 11:19:00,431 [main] DEBUG balancer.ContainerBalancerTask (ContainerBalancerTask.java:lambda$moveContainer$3(837)) - Container move completed for container #85 from source 033f5b0f-81fa-4ba5-98fb-417d54462df6 to target 27ff5598-d008-435f-8a45-78122cf10002
2023-09-08 11:19:00,434 [main] DEBUG balancer.ContainerBalancerTask (ContainerBalancerTask.java:matchSourceWithTarget(708)) - ContainerBalancer is finding suitable target for source datanode 033f5b0f-81fa-4ba5-98fb-417d54462df6
2023-09-08 11:19:00,434 [main] INFO  balancer.ContainerBalancerTask (ContainerBalancerTask.java:matchSourceWithTarget(722)) - ContainerBalancer matched source datanode 033f5b0f-81fa-4ba5-98fb-417d54462df6 with target datanode 27ff5598-d008-435f-8a45-78122cf10002 for container move.
2023-09-08 11:19:00,434 [main] INFO  balancer.ContainerBalancerTask (ContainerBalancerTask.java:processMoveSelection(569)) - ContainerBalancer is trying to move container #89 with size 4294967296B from source datanode 033f5b0f-81fa-4ba5-98fb-417d54462df6 to target datanode 27ff5598-d008-435f-8a45-78122cf10002
2023-09-08 11:19:00,435 [main] DEBUG balancer.ContainerBalancerTask (ContainerBalancerTask.java:lambda$moveContainer$3(837)) - Container move completed for container #89 from source 033f5b0f-81fa-4ba5-98fb-417d54462df6 to target 27ff5598-d008-435f-8a45-78122cf10002
2023-09-08 11:19:00,437 [main] DEBUG balancer.ContainerBalancerTask (ContainerBalancerTask.java:matchSourceWithTarget(708)) - ContainerBalancer is finding suitable target for source datanode 464059bb-9124-49c2-99d6-bdd949bf83c5
2023-09-08 11:19:00,437 [main] INFO  balancer.ContainerBalancerTask (ContainerBalancerTask.java:matchSourceWithTarget(722)) - ContainerBalancer matched source datanode 464059bb-9124-49c2-99d6-bdd949bf83c5 with target datanode 27ff5598-d008-435f-8a45-78122cf10002 for container move.
2023-09-08 11:19:00,438 [main] INFO  balancer.ContainerBalancerTask (ContainerBalancerTask.java:processMoveSelection(569)) - ContainerBalancer is trying to move container #68 with size 5368709120B from source datanode 464059bb-9124-49c2-99d6-bdd949bf83c5 to target datanode 27ff5598-d008-435f-8a45-78122cf10002
2023-09-08 11:19:00,438 [main] DEBUG balancer.ContainerBalancerTask (ContainerBalancerTask.java:lambda$moveContainer$3(837)) - Container move completed for container #68 from source 464059bb-9124-49c2-99d6-bdd949bf83c5 to target 27ff5598-d008-435f-8a45-78122cf10002
2023-09-08 11:19:00,440 [main] DEBUG balancer.ContainerBalancerTask (ContainerBalancerTask.java:matchSourceWithTarget(708)) - ContainerBalancer is finding suitable target for source datanode 033f5b0f-81fa-4ba5-98fb-417d54462df6
2023-09-08 11:19:00,441 [main] INFO  balancer.ContainerBalancerTask (ContainerBalancerTask.java:matchSourceWithTarget(722)) - ContainerBalancer matched source datanode 033f5b0f-81fa-4ba5-98fb-417d54462df6 with target datanode 27ff5598-d008-435f-8a45-78122cf10002 for container move.
2023-09-08 11:19:00,441 [main] INFO  balancer.ContainerBalancerTask (ContainerBalancerTask.java:processMoveSelection(569)) - ContainerBalancer is trying to move container #84 with size 4294967296B from source datanode 033f5b0f-81fa-4ba5-98fb-417d54462df6 to target datanode 27ff5598-d008-435f-8a45-78122cf10002
2023-09-08 11:19:00,441 [main] DEBUG balancer.ContainerBalancerTask (ContainerBalancerTask.java:lambda$moveContainer$3(837)) - Container move completed for container #84 from source 033f5b0f-81fa-4ba5-98fb-417d54462df6 to target 27ff5598-d008-435f-8a45-78122cf10002
2023-09-08 11:19:00,444 [main] DEBUG balancer.ContainerBalancerTask (ContainerBalancerTask.java:matchSourceWithTarget(708)) - ContainerBalancer is finding suitable target for source datanode 464059bb-9124-49c2-99d6-bdd949bf83c5
2023-09-08 11:19:00,444 [main] INFO  balancer.ContainerBalancerTask (ContainerBalancerTask.java:matchSourceWithTarget(722)) - ContainerBalancer matched source datanode 464059bb-9124-49c2-99d6-bdd949bf83c5 with target datanode 27ff5598-d008-435f-8a45-78122cf10002 for container move.
2023-09-08 11:19:00,444 [main] INFO  balancer.ContainerBalancerTask (ContainerBalancerTask.java:processMoveSelection(569)) - ContainerBalancer is trying to move container #29 with size 5368709120B from source datanode 464059bb-9124-49c2-99d6-bdd949bf83c5 to target datanode 27ff5598-d008-435f-8a45-78122cf10002
2023-09-08 11:19:00,444 [main] DEBUG balancer.ContainerBalancerTask (ContainerBalancerTask.java:lambda$moveContainer$3(837)) - Container move completed for container #29 from source 464059bb-9124-49c2-99d6-bdd949bf83c5 to target 27ff5598-d008-435f-8a45-78122cf10002
2023-09-08 11:19:00,446 [main] DEBUG balancer.ContainerBalancerTask (ContainerBalancerTask.java:matchSourceWithTarget(708)) - ContainerBalancer is finding suitable target for source datanode 6f0e948d-d3f7-4dd9-806b-f49208325d33
2023-09-08 11:19:00,446 [main] INFO  balancer.ContainerBalancerTask (ContainerBalancerTask.java:matchSourceWithTarget(722)) - ContainerBalancer matched source datanode 6f0e948d-d3f7-4dd9-806b-f49208325d33 with target datanode 27ff5598-d008-435f-8a45-78122cf10002 for container move.
2023-09-08 11:19:00,446 [main] INFO  balancer.ContainerBalancerTask (ContainerBalancerTask.java:processMoveSelection(569)) - ContainerBalancer is trying to move container #66 with size 3221225472B from source datanode 6f0e948d-d3f7-4dd9-806b-f49208325d33 to target datanode 27ff5598-d008-435f-8a45-78122cf10002
2023-09-08 11:19:00,446 [main] DEBUG balancer.ContainerBalancerTask (ContainerBalancerTask.java:lambda$moveContainer$3(837)) - Container move completed for container #66 from source 6f0e948d-d3f7-4dd9-806b-f49208325d33 to target 27ff5598-d008-435f-8a45-78122cf10002
2023-09-08 11:19:00,449 [main] DEBUG balancer.ContainerBalancerTask (ContainerBalancerTask.java:matchSourceWithTarget(708)) - ContainerBalancer is finding suitable target for source datanode 464059bb-9124-49c2-99d6-bdd949bf83c5
2023-09-08 11:19:00,450 [main] INFO  balancer.FindTargetGreedyByUsageInfo (AbstractFindTargetGreedy.java:findTargetForContainerMove(133)) - Container Balancer could not find a target for source datanode 464059bb-9124-49c2-99d6-bdd949bf83c5
2023-09-08 11:19:00,450 [main] DEBUG balancer.ContainerBalancerTask (ContainerBalancerTask.java:matchSourceWithTarget(717)) - ContainerBalancer could not find a suitable target for source node 464059bb-9124-49c2-99d6-bdd949bf83c5.
2023-09-08 11:19:00,453 [main] DEBUG balancer.ContainerBalancerTask (ContainerBalancerTask.java:matchSourceWithTarget(708)) - ContainerBalancer is finding suitable target for source datanode 033f5b0f-81fa-4ba5-98fb-417d54462df6
2023-09-08 11:19:00,454 [main] INFO  balancer.FindTargetGreedyByUsageInfo (AbstractFindTargetGreedy.java:findTargetForContainerMove(133)) - Container Balancer could not find a target for source datanode 033f5b0f-81fa-4ba5-98fb-417d54462df6
2023-09-08 11:19:00,454 [main] DEBUG balancer.ContainerBalancerTask (ContainerBalancerTask.java:matchSourceWithTarget(717)) - ContainerBalancer could not find a suitable target for source node 033f5b0f-81fa-4ba5-98fb-417d54462df6.
2023-09-08 11:19:00,456 [main] DEBUG balancer.ContainerBalancerTask (ContainerBalancerTask.java:matchSourceWithTarget(708)) - ContainerBalancer is finding suitable target for source datanode 6f0e948d-d3f7-4dd9-806b-f49208325d33
2023-09-08 11:19:00,457 [main] INFO  balancer.FindTargetGreedyByUsageInfo (AbstractFindTargetGreedy.java:findTargetForContainerMove(133)) - Container Balancer could not find a target for source datanode 6f0e948d-d3f7-4dd9-806b-f49208325d33
2023-09-08 11:19:00,457 [main] DEBUG balancer.ContainerBalancerTask (ContainerBalancerTask.java:matchSourceWithTarget(717)) - ContainerBalancer could not find a suitable target for source node 6f0e948d-d3f7-4dd9-806b-f49208325d33.
2023-09-08 11:19:00,457 [main] INFO  balancer.FindSourceGreedy (FindSourceGreedy.java:getNextCandidateSourceDataNode(126)) - no more candidate source data node
2023-09-08 11:19:00,457 [main] INFO  balancer.ContainerBalancerTask (ContainerBalancerTask.java:checkIterationMoveResults(642)) - Iteration Summary. Number of Datanodes involved: 4. Size moved: 26 GB (27917287424 Bytes). Number of Container moves completed: 6.
2023-09-08 11:19:00,457 [main] INFO  balancer.ContainerBalancerTask (ContainerBalancerTask.java:balance(259)) - Result of this iteration of Container Balancer: ITERATION_COMPLETED
2023-09-08 11:19:00,457 [main] INFO  balancer.ContainerBalancerTask (ContainerBalancerTask.java:tryStopWithSaveConfiguration(308)) - Save Configuration for stopping. Reason: Completed all iterations.
2023-09-08 11:19:00,458 [main] DEBUG balancer.ContainerBalancerTask (ContainerBalancerTask.java:initializeIteration(374)) - Average utilization of the cluster is 0.340830158141845
2023-09-08 11:19:00,458 [main] DEBUG balancer.ContainerBalancerTask (ContainerBalancerTask.java:initializeIteration(386)) - Lower limit for utilization is 0.2344540166090115 and Upper limit for utilization is 0.44720629967467845
2023-09-08 11:19:00,458 [main] DEBUG balancer.ContainerBalancerTask (ContainerBalancerTask.java:initializeIteration(398)) - Utilization for node 033f5b0f-81fa-4ba5-98fb-417d54462df6 with capacity 57266230613B, used 51539607552B, and remaining 5726623061B is 0.9000000000052387
2023-09-08 11:19:00,458 [main] DEBUG balancer.ContainerBalancerTask (ContainerBalancerTask.java:initializeIteration(398)) - Utilization for node 464059bb-9124-49c2-99d6-bdd949bf83c5 with capacity 76504104960B, used 61203283968B, and remaining 15300820992B is 0.8
2023-09-08 11:19:00,458 [main] DEBUG balancer.ContainerBalancerTask (ContainerBalancerTask.java:initializeIteration(398)) - Utilization for node 6f0e948d-d3f7-4dd9-806b-f49208325d33 with capacity 44483589851B, used 31138512896B, and remaining 13345076955B is 0.700000000006744
2023-09-08 11:19:00,458 [main] DEBUG balancer.ContainerBalancerTask (ContainerBalancerTask.java:initializeIteration(398)) - Utilization for node 85ab15db-3ad2-4d6d-9eb0-2227c1e80c63 with capacity 62634939733B, used 37580963840B, and remaining 25053975893B is 0.6000000000031931
2023-09-08 11:19:00,458 [main] DEBUG balancer.ContainerBalancerTask (ContainerBalancerTask.java:initializeIteration(398)) - Utilization for node 77b8b07c-1dfe-407f-8e29-190d2b6b8da3 with capacity 83751862272B, used 41875931136B, and remaining 41875931136B is 0.5
2023-09-08 11:19:00,458 [main] DEBUG balancer.ContainerBalancerTask (ContainerBalancerTask.java:initializeIteration(398)) - Utilization for node 13dd51a3-50bb-4709-bd07-ed54eb99f549 with capacity 136902082560B, used 54760833024B, and remaining 82141249536B is 0.4
2023-09-08 11:19:00,458 [main] DEBUG balancer.ContainerBalancerTask (ContainerBalancerTask.java:initializeIteration(398)) - Utilization for node 2260ca00-150a-4407-aef4-4c26696a81c2 with capacity 132428158293B, used 39728447488B, and remaining 92699710805B is 0.3000000000007551
2023-09-08 11:19:00,459 [main] DEBUG balancer.ContainerBalancerTask (ContainerBalancerTask.java:initializeIteration(398)) - Utilization for node f52d6f4b-036c-4986-b65f-72517c5c7b6f with capacity 198642237440B, used 39728447488B, and remaining 158913789952B is 0.2
2023-09-08 11:19:00,459 [main] DEBUG balancer.ContainerBalancerTask (ContainerBalancerTask.java:initializeIteration(398)) - Utilization for node faa0991e-87f5-4348-9a71-84e36f7603a9 with capacity 300647710720B, used 30064771072B, and remaining 270582939648B is 0.1
2023-09-08 11:19:00,459 [main] DEBUG balancer.ContainerBalancerTask (ContainerBalancerTask.java:initializeIteration(398)) - Utilization for node 27ff5598-d008-435f-8a45-78122cf10002 with capacity 44023414784B, used 0B, and remaining 44023414784B is 0.0
2023-09-08 11:19:00,459 [main] INFO  balancer.ContainerBalancerTask (ContainerBalancerTask.java:initializeIteration(447)) - Container Balancer has identified 5 Over-Utilized and 3 Under-Utilized Datanodes that need to be balanced.
2023-09-08 11:19:00,459 [main] DEBUG balancer.ContainerBalancerTask (ContainerBalancerTask.java:lambda$initializeIteration$1(453)) - Datanode localhost-80.191.15.251 033f5b0f-81fa-4ba5-98fb-417d54462df6 is Over-Utilized.
2023-09-08 11:19:00,459 [main] DEBUG balancer.ContainerBalancerTask (ContainerBalancerTask.java:lambda$initializeIteration$1(453)) - Datanode localhost-119.185.211.138 464059bb-9124-49c2-99d6-bdd949bf83c5 is Over-Utilized.
2023-09-08 11:19:00,459 [main] DEBUG balancer.ContainerBalancerTask (ContainerBalancerTask.java:lambda$initializeIteration$1(453)) - Datanode localhost-175.189.162.212 6f0e948d-d3f7-4dd9-806b-f49208325d33 is Over-Utilized.
2023-09-08 11:19:00,459 [main] DEBUG balancer.ContainerBalancerTask (ContainerBalancerTask.java:lambda$initializeIteration$1(453)) - Datanode localhost-45.212.111.64 85ab15db-3ad2-4d6d-9eb0-2227c1e80c63 is Over-Utilized.
2023-09-08 11:19:00,459 [main] DEBUG balancer.ContainerBalancerTask (ContainerBalancerTask.java:lambda$initializeIteration$1(453)) - Datanode localhost-34.213.184.24 77b8b07c-1dfe-407f-8e29-190d2b6b8da3 is Over-Utilized.
2023-09-08 11:19:00,459 [main] DEBUG balancer.ContainerBalancerTask (ContainerBalancerTask.java:lambda$initializeIteration$2(459)) - Datanode localhost-21.155.139.135 27ff5598-d008-435f-8a45-78122cf10002 is Under-Utilized.
2023-09-08 11:19:00,459 [main] DEBUG balancer.ContainerBalancerTask (ContainerBalancerTask.java:lambda$initializeIteration$2(459)) - Datanode localhost-171.124.219.118 faa0991e-87f5-4348-9a71-84e36f7603a9 is Under-Utilized.
2023-09-08 11:19:00,460 [main] DEBUG balancer.ContainerBalancerTask (ContainerBalancerTask.java:lambda$initializeIteration$2(459)) - Datanode localhost-81.233.26.227 f52d6f4b-036c-4986-b65f-72517c5c7b6f is Under-Utilized.
2023-09-08 11:19:00,462 [main] DEBUG balancer.ContainerBalancerTask (ContainerBalancerTask.java:matchSourceWithTarget(708)) - ContainerBalancer is finding suitable target for source datanode 033f5b0f-81fa-4ba5-98fb-417d54462df6
2023-09-08 11:19:00,462 [main] INFO  balancer.ContainerBalancerTask (ContainerBalancerTask.java:matchSourceWithTarget(722)) - ContainerBalancer matched source datanode 033f5b0f-81fa-4ba5-98fb-417d54462df6 with target datanode 27ff5598-d008-435f-8a45-78122cf10002 for container move.
2023-09-08 11:19:00,462 [main] INFO  balancer.ContainerBalancerTask (ContainerBalancerTask.java:processMoveSelection(569)) - ContainerBalancer is trying to move container #85 with size 5368709120B from source datanode 033f5b0f-81fa-4ba5-98fb-417d54462df6 to target datanode 27ff5598-d008-435f-8a45-78122cf10002
2023-09-08 11:19:00,463 [main] DEBUG balancer.ContainerBalancerTask (ContainerBalancerTask.java:lambda$moveContainer$3(837)) - Container move completed for container #85 from source 033f5b0f-81fa-4ba5-98fb-417d54462df6 to target 27ff5598-d008-435f-8a45-78122cf10002
2023-09-08 11:19:00,465 [main] DEBUG balancer.ContainerBalancerTask (ContainerBalancerTask.java:matchSourceWithTarget(708)) - ContainerBalancer is finding suitable target for source datanode 033f5b0f-81fa-4ba5-98fb-417d54462df6
2023-09-08 11:19:00,465 [main] INFO  balancer.ContainerBalancerTask (ContainerBalancerTask.java:matchSourceWithTarget(722)) - ContainerBalancer matched source datanode 033f5b0f-81fa-4ba5-98fb-417d54462df6 with target datanode faa0991e-87f5-4348-9a71-84e36f7603a9 for container move.
2023-09-08 11:19:00,466 [main] INFO  balancer.ContainerBalancerTask (ContainerBalancerTask.java:processMoveSelection(569)) - ContainerBalancer is trying to move container #89 with size 4294967296B from source datanode 033f5b0f-81fa-4ba5-98fb-417d54462df6 to target datanode faa0991e-87f5-4348-9a71-84e36f7603a9
2023-09-08 11:19:00,466 [main] DEBUG balancer.ContainerBalancerTask (ContainerBalancerTask.java:lambda$moveContainer$3(837)) - Container move completed for container #89 from source 033f5b0f-81fa-4ba5-98fb-417d54462df6 to target faa0991e-87f5-4348-9a71-84e36f7603a9
2023-09-08 11:19:00,468 [main] DEBUG balancer.ContainerBalancerTask (ContainerBalancerTask.java:matchSourceWithTarget(708)) - ContainerBalancer is finding suitable target for source datanode 464059bb-9124-49c2-99d6-bdd949bf83c5
2023-09-08 11:19:00,468 [main] INFO  balancer.ContainerBalancerTask (ContainerBalancerTask.java:matchSourceWithTarget(722)) - ContainerBalancer matched source datanode 464059bb-9124-49c2-99d6-bdd949bf83c5 with target datanode faa0991e-87f5-4348-9a71-84e36f7603a9 for container move.
2023-09-08 11:19:00,469 [main] INFO  balancer.ContainerBalancerTask (ContainerBalancerTask.java:processMoveSelection(569)) - ContainerBalancer is trying to move container #68 with size 5368709120B from source datanode 464059bb-9124-49c2-99d6-bdd949bf83c5 to target datanode faa0991e-87f5-4348-9a71-84e36f7603a9
2023-09-08 11:19:00,469 [main] DEBUG balancer.ContainerBalancerTask (ContainerBalancerTask.java:lambda$moveContainer$3(837)) - Container move completed for container #68 from source 464059bb-9124-49c2-99d6-bdd949bf83c5 to target faa0991e-87f5-4348-9a71-84e36f7603a9
2023-09-08 11:19:00,471 [main] DEBUG balancer.ContainerBalancerTask (ContainerBalancerTask.java:matchSourceWithTarget(708)) - ContainerBalancer is finding suitable target for source datanode 033f5b0f-81fa-4ba5-98fb-417d54462df6
2023-09-08 11:19:00,472 [main] INFO  balancer.ContainerBalancerTask (ContainerBalancerTask.java:matchSourceWithTarget(722)) - ContainerBalancer matched source datanode 033f5b0f-81fa-4ba5-98fb-417d54462df6 with target datanode 27ff5598-d008-435f-8a45-78122cf10002 for container move.
2023-09-08 11:19:00,472 [main] INFO  balancer.ContainerBalancerTask (ContainerBalancerTask.java:processMoveSelection(569)) - ContainerBalancer is trying to move container #84 with size 4294967296B from source datanode 033f5b0f-81fa-4ba5-98fb-417d54462df6 to target datanode 27ff5598-d008-435f-8a45-78122cf10002
2023-09-08 11:19:00,472 [main] DEBUG balancer.ContainerBalancerTask (ContainerBalancerTask.java:lambda$moveContainer$3(837)) - Container move completed for container #84 from source 033f5b0f-81fa-4ba5-98fb-417d54462df6 to target 27ff5598-d008-435f-8a45-78122cf10002
2023-09-08 11:19:00,475 [main] DEBUG balancer.ContainerBalancerTask (ContainerBalancerTask.java:matchSourceWithTarget(708)) - ContainerBalancer is finding suitable target for source datanode 464059bb-9124-49c2-99d6-bdd949bf83c5
2023-09-08 11:19:00,475 [main] INFO  balancer.ContainerBalancerTask (ContainerBalancerTask.java:matchSourceWithTarget(722)) - ContainerBalancer matched source datanode 464059bb-9124-49c2-99d6-bdd949bf83c5 with target datanode faa0991e-87f5-4348-9a71-84e36f7603a9 for container move.
2023-09-08 11:19:00,475 [main] INFO  balancer.ContainerBalancerTask (ContainerBalancerTask.java:processMoveSelection(569)) - ContainerBalancer is trying to move container #29 with size 5368709120B from source datanode 464059bb-9124-49c2-99d6-bdd949bf83c5 to target datanode faa0991e-87f5-4348-9a71-84e36f7603a9
2023-09-08 11:19:00,475 [main] DEBUG balancer.ContainerBalancerTask (ContainerBalancerTask.java:lambda$moveContainer$3(837)) - Container move completed for container #29 from source 464059bb-9124-49c2-99d6-bdd949bf83c5 to target faa0991e-87f5-4348-9a71-84e36f7603a9
2023-09-08 11:19:00,477 [main] DEBUG balancer.ContainerBalancerTask (ContainerBalancerTask.java:matchSourceWithTarget(708)) - ContainerBalancer is finding suitable target for source datanode 6f0e948d-d3f7-4dd9-806b-f49208325d33
2023-09-08 11:19:00,477 [main] INFO  balancer.ContainerBalancerTask (ContainerBalancerTask.java:matchSourceWithTarget(722)) - ContainerBalancer matched source datanode 6f0e948d-d3f7-4dd9-806b-f49208325d33 with target datanode faa0991e-87f5-4348-9a71-84e36f7603a9 for container move.
2023-09-08 11:19:00,477 [main] INFO  balancer.ContainerBalancerTask (ContainerBalancerTask.java:processMoveSelection(569)) - ContainerBalancer is trying to move container #53 with size 5368709120B from source datanode 6f0e948d-d3f7-4dd9-806b-f49208325d33 to target datanode faa0991e-87f5-4348-9a71-84e36f7603a9
2023-09-08 11:19:00,477 [main] DEBUG balancer.ContainerBalancerTask (ContainerBalancerTask.java:lambda$moveContainer$3(837)) - Container move completed for container #53 from source 6f0e948d-d3f7-4dd9-806b-f49208325d33 to target faa0991e-87f5-4348-9a71-84e36f7603a9
2023-09-08 11:19:00,480 [main] DEBUG balancer.ContainerBalancerTask (ContainerBalancerTask.java:matchSourceWithTarget(708)) - ContainerBalancer is finding suitable target for source datanode 464059bb-9124-49c2-99d6-bdd949bf83c5
2023-09-08 11:19:00,480 [main] INFO  balancer.ContainerBalancerTask (ContainerBalancerTask.java:matchSourceWithTarget(722)) - ContainerBalancer matched source datanode 464059bb-9124-49c2-99d6-bdd949bf83c5 with target datanode faa0991e-87f5-4348-9a71-84e36f7603a9 for container move.
2023-09-08 11:19:00,480 [main] INFO  balancer.ContainerBalancerTask (ContainerBalancerTask.java:processMoveSelection(569)) - ContainerBalancer is trying to move container #67 with size 4294967296B from source datanode 464059bb-9124-49c2-99d6-bdd949bf83c5 to target datanode faa0991e-87f5-4348-9a71-84e36f7603a9
2023-09-08 11:19:00,481 [main] DEBUG balancer.ContainerBalancerTask (ContainerBalancerTask.java:lambda$moveContainer$3(837)) - Container move completed for container #67 from source 464059bb-9124-49c2-99d6-bdd949bf83c5 to target faa0991e-87f5-4348-9a71-84e36f7603a9
2023-09-08 11:19:00,484 [main] DEBUG balancer.ContainerBalancerTask (ContainerBalancerTask.java:matchSourceWithTarget(708)) - ContainerBalancer is finding suitable target for source datanode 033f5b0f-81fa-4ba5-98fb-417d54462df6
2023-09-08 11:19:00,484 [main] INFO  balancer.ContainerBalancerTask (ContainerBalancerTask.java:matchSourceWithTarget(722)) - ContainerBalancer matched source datanode 033f5b0f-81fa-4ba5-98fb-417d54462df6 with target datanode faa0991e-87f5-4348-9a71-84e36f7603a9 for container move.
2023-09-08 11:19:00,484 [main] INFO  balancer.ContainerBalancerTask (ContainerBalancerTask.java:processMoveSelection(569)) - ContainerBalancer is trying to move container #52 with size 4294967296B from source datanode 033f5b0f-81fa-4ba5-98fb-417d54462df6 to target datanode faa0991e-87f5-4348-9a71-84e36f7603a9
2023-09-08 11:19:00,484 [main] DEBUG balancer.ContainerBalancerTask (ContainerBalancerTask.java:lambda$moveContainer$3(837)) - Container move completed for container #52 from source 033f5b0f-81fa-4ba5-98fb-417d54462df6 to target faa0991e-87f5-4348-9a71-84e36f7603a9
2023-09-08 11:19:00,487 [main] DEBUG balancer.ContainerBalancerTask (ContainerBalancerTask.java:matchSourceWithTarget(708)) - ContainerBalancer is finding suitable target for source datanode 464059bb-9124-49c2-99d6-bdd949bf83c5
2023-09-08 11:19:00,487 [main] INFO  balancer.ContainerBalancerTask (ContainerBalancerTask.java:matchSourceWithTarget(722)) - ContainerBalancer matched source datanode 464059bb-9124-49c2-99d6-bdd949bf83c5 with target datanode faa0991e-87f5-4348-9a71-84e36f7603a9 for container move.
2023-09-08 11:19:00,487 [main] INFO  balancer.ContainerBalancerTask (ContainerBalancerTask.java:processMoveSelection(569)) - ContainerBalancer is trying to move container #39 with size 4294967296B from source datanode 464059bb-9124-49c2-99d6-bdd949bf83c5 to target datanode faa0991e-87f5-4348-9a71-84e36f7603a9
2023-09-08 11:19:00,487 [main] DEBUG balancer.ContainerBalancerTask (ContainerBalancerTask.java:lambda$moveContainer$3(837)) - Container move completed for container #39 from source 464059bb-9124-49c2-99d6-bdd949bf83c5 to target faa0991e-87f5-4348-9a71-84e36f7603a9
2023-09-08 11:19:00,489 [main] DEBUG balancer.ContainerBalancerTask (ContainerBalancerTask.java:matchSourceWithTarget(708)) - ContainerBalancer is finding suitable target for source datanode 85ab15db-3ad2-4d6d-9eb0-2227c1e80c63
2023-09-08 11:19:00,490 [main] INFO  balancer.ContainerBalancerTask (ContainerBalancerTask.java:matchSourceWithTarget(722)) - ContainerBalancer matched source datanode 85ab15db-3ad2-4d6d-9eb0-2227c1e80c63 with target datanode f52d6f4b-036c-4986-b65f-72517c5c7b6f for container move.
2023-09-08 11:19:00,490 [main] INFO  balancer.ContainerBalancerTask (ContainerBalancerTask.java:processMoveSelection(569)) - ContainerBalancer is trying to move container #40 with size 5368709120B from source datanode 85ab15db-3ad2-4d6d-9eb0-2227c1e80c63 to target datanode f52d6f4b-036c-4986-b65f-72517c5c7b6f
2023-09-08 11:19:00,490 [main] DEBUG balancer.ContainerBalancerTask (ContainerBalancerTask.java:lambda$moveContainer$3(837)) - Container move completed for container #40 from source 85ab15db-3ad2-4d6d-9eb0-2227c1e80c63 to target f52d6f4b-036c-4986-b65f-72517c5c7b6f
2023-09-08 11:19:00,493 [main] DEBUG balancer.ContainerBalancerTask (ContainerBalancerTask.java:matchSourceWithTarget(708)) - ContainerBalancer is finding suitable target for source datanode 033f5b0f-81fa-4ba5-98fb-417d54462df6
2023-09-08 11:19:00,493 [main] INFO  balancer.ContainerBalancerTask (ContainerBalancerTask.java:matchSourceWithTarget(722)) - ContainerBalancer matched source datanode 033f5b0f-81fa-4ba5-98fb-417d54462df6 with target datanode faa0991e-87f5-4348-9a71-84e36f7603a9 for container move.
2023-09-08 11:19:00,493 [main] INFO  balancer.ContainerBalancerTask (ContainerBalancerTask.java:processMoveSelection(569)) - ContainerBalancer is trying to move container #19 with size 4294967296B from source datanode 033f5b0f-81fa-4ba5-98fb-417d54462df6 to target datanode faa0991e-87f5-4348-9a71-84e36f7603a9
2023-09-08 11:19:00,493 [main] DEBUG balancer.ContainerBalancerTask (ContainerBalancerTask.java:lambda$moveContainer$3(837)) - Container move completed for container #19 from source 033f5b0f-81fa-4ba5-98fb-417d54462df6 to target faa0991e-87f5-4348-9a71-84e36f7603a9
2023-09-08 11:19:00,496 [main] DEBUG balancer.ContainerBalancerTask (ContainerBalancerTask.java:matchSourceWithTarget(708)) - ContainerBalancer is finding suitable target for source datanode 6f0e948d-d3f7-4dd9-806b-f49208325d33
2023-09-08 11:19:00,496 [main] INFO  balancer.ContainerBalancerTask (ContainerBalancerTask.java:matchSourceWithTarget(722)) - ContainerBalancer matched source datanode 6f0e948d-d3f7-4dd9-806b-f49208325d33 with target datanode 27ff5598-d008-435f-8a45-78122cf10002 for container move.
2023-09-08 11:19:00,496 [main] INFO  balancer.ContainerBalancerTask (ContainerBalancerTask.java:processMoveSelection(569)) - ContainerBalancer is trying to move container #64 with size 1073741824B from source datanode 6f0e948d-d3f7-4dd9-806b-f49208325d33 to target datanode 27ff5598-d008-435f-8a45-78122cf10002
2023-09-08 11:19:00,496 [main] DEBUG balancer.ContainerBalancerTask (ContainerBalancerTask.java:lambda$moveContainer$3(837)) - Container move completed for container #64 from source 6f0e948d-d3f7-4dd9-806b-f49208325d33 to target 27ff5598-d008-435f-8a45-78122cf10002
2023-09-08 11:19:00,496 [main] WARN  balancer.ContainerBalancerTask (ContainerBalancerTask.java:reachedMaxSizeToMovePerIteration(733)) - Reached max size to move limit. 53687091200 bytes have already been scheduled for balancing and the limit is 53687091200 bytes.
2023-09-08 11:19:00,496 [main] INFO  balancer.ContainerBalancerTask (ContainerBalancerTask.java:checkIterationMoveResults(642)) - Iteration Summary. Number of Datanodes involved: 7. Size moved: 50 GB (53687091200 Bytes). Number of Container moves completed: 12.
2023-09-08 11:19:00,497 [main] INFO  balancer.ContainerBalancerTask (ContainerBalancerTask.java:balance(259)) - Result of this iteration of Container Balancer: ITERATION_COMPLETED
2023-09-08 11:19:00,497 [main] INFO  balancer.ContainerBalancerTask (ContainerBalancerTask.java:tryStopWithSaveConfiguration(308)) - Save Configuration for stopping. Reason: Completed all iterations.
2023-09-08 11:19:00,497 [main] DEBUG balancer.ContainerBalancerTask (ContainerBalancerTask.java:initializeIteration(374)) - Average utilization of the cluster is 0.340830158141845
2023-09-08 11:19:00,497 [main] DEBUG balancer.ContainerBalancerTask (ContainerBalancerTask.java:initializeIteration(386)) - Lower limit for utilization is -0.19584189701233584 and Upper limit for utilization is 0.8775022132960257
2023-09-08 11:19:00,497 [main] DEBUG balancer.ContainerBalancerTask (ContainerBalancerTask.java:initializeIteration(398)) - Utilization for node 033f5b0f-81fa-4ba5-98fb-417d54462df6 with capacity 57266230613B, used 51539607552B, and remaining 5726623061B is 0.9000000000052387
2023-09-08 11:19:00,498 [main] DEBUG balancer.ContainerBalancerTask (ContainerBalancerTask.java:initializeIteration(398)) - Utilization for node 464059bb-9124-49c2-99d6-bdd949bf83c5 with capacity 76504104960B, used 61203283968B, and remaining 15300820992B is 0.8
2023-09-08 11:19:00,498 [main] DEBUG balancer.ContainerBalancerTask (ContainerBalancerTask.java:initializeIteration(398)) - Utilization for node 6f0e948d-d3f7-4dd9-806b-f49208325d33 with capacity 44483589851B, used 31138512896B, and remaining 13345076955B is 0.700000000006744
2023-09-08 11:19:00,498 [main] DEBUG balancer.ContainerBalancerTask (ContainerBalancerTask.java:initializeIteration(398)) - Utilization for node 85ab15db-3ad2-4d6d-9eb0-2227c1e80c63 with capacity 62634939733B, used 37580963840B, and remaining 25053975893B is 0.6000000000031931
2023-09-08 11:19:00,498 [main] DEBUG balancer.ContainerBalancerTask (ContainerBalancerTask.java:initializeIteration(398)) - Utilization for node 77b8b07c-1dfe-407f-8e29-190d2b6b8da3 with capacity 83751862272B, used 41875931136B, and remaining 41875931136B is 0.5
2023-09-08 11:19:00,498 [main] DEBUG balancer.ContainerBalancerTask (ContainerBalancerTask.java:initializeIteration(398)) - Utilization for node 13dd51a3-50bb-4709-bd07-ed54eb99f549 with capacity 136902082560B, used 54760833024B, and remaining 82141249536B is 0.4
2023-09-08 11:19:00,498 [main] DEBUG balancer.ContainerBalancerTask (ContainerBalancerTask.java:initializeIteration(398)) - Utilization for node 2260ca00-150a-4407-aef4-4c26696a81c2 with capacity 132428158293B, used 39728447488B, and remaining 92699710805B is 0.3000000000007551
2023-09-08 11:19:00,498 [main] DEBUG balancer.ContainerBalancerTask (ContainerBalancerTask.java:initializeIteration(398)) - Utilization for node f52d6f4b-036c-4986-b65f-72517c5c7b6f with capacity 198642237440B, used 39728447488B, and remaining 158913789952B is 0.2
2023-09-08 11:19:00,498 [main] DEBUG balancer.ContainerBalancerTask (ContainerBalancerTask.java:initializeIteration(398)) - Utilization for node faa0991e-87f5-4348-9a71-84e36f7603a9 with capacity 300647710720B, used 30064771072B, and remaining 270582939648B is 0.1
2023-09-08 11:19:00,498 [main] DEBUG balancer.ContainerBalancerTask (ContainerBalancerTask.java:initializeIteration(398)) - Utilization for node 27ff5598-d008-435f-8a45-78122cf10002 with capacity 44023414784B, used 0B, and remaining 44023414784B is 0.0
2023-09-08 11:19:00,498 [main] INFO  balancer.ContainerBalancerTask (ContainerBalancerTask.java:initializeIteration(447)) - Container Balancer has identified 1 Over-Utilized and 0 Under-Utilized Datanodes that need to be balanced.
2023-09-08 11:19:00,498 [main] DEBUG balancer.ContainerBalancerTask (ContainerBalancerTask.java:lambda$initializeIteration$1(453)) - Datanode localhost-80.191.15.251 033f5b0f-81fa-4ba5-98fb-417d54462df6 is Over-Utilized.
2023-09-08 11:19:00,501 [main] DEBUG balancer.ContainerBalancerTask (ContainerBalancerTask.java:matchSourceWithTarget(708)) - ContainerBalancer is finding suitable target for source datanode 033f5b0f-81fa-4ba5-98fb-417d54462df6
2023-09-08 11:19:00,501 [main] INFO  balancer.FindTargetGreedyByUsageInfo (AbstractFindTargetGreedy.java:findTargetForContainerMove(133)) - Container Balancer could not find a target for source datanode 033f5b0f-81fa-4ba5-98fb-417d54462df6
2023-09-08 11:19:00,501 [main] DEBUG balancer.ContainerBalancerTask (ContainerBalancerTask.java:matchSourceWithTarget(717)) - ContainerBalancer could not find a suitable target for source node 033f5b0f-81fa-4ba5-98fb-417d54462df6.
2023-09-08 11:19:00,502 [main] INFO  balancer.FindSourceGreedy (FindSourceGreedy.java:getNextCandidateSourceDataNode(126)) - no more candidate source data node
2023-09-08 11:19:00,502 [main] INFO  balancer.ContainerBalancerTask (ContainerBalancerTask.java:balance(259)) - Result of this iteration of Container Balancer: CAN_NOT_BALANCE_ANY_MORE
2023-09-08 11:19:00,502 [main] INFO  balancer.ContainerBalancerTask (ContainerBalancerTask.java:tryStopWithSaveConfiguration(308)) - Save Configuration for stopping. Reason: CAN_NOT_BALANCE_ANY_MORE
2023-09-08 11:19:00,502 [main] DEBUG balancer.ContainerBalancerTask (ContainerBalancerTask.java:initializeIteration(374)) - Average utilization of the cluster is 0.340830158141845
2023-09-08 11:19:00,502 [main] DEBUG balancer.ContainerBalancerTask (ContainerBalancerTask.java:initializeIteration(386)) - Lower limit for utilization is 0.06515302919311011 and Upper limit for utilization is 0.6165072870905799
2023-09-08 11:19:00,503 [main] DEBUG balancer.ContainerBalancerTask (ContainerBalancerTask.java:initializeIteration(398)) - Utilization for node 033f5b0f-81fa-4ba5-98fb-417d54462df6 with capacity 57266230613B, used 51539607552B, and remaining 5726623061B is 0.9000000000052387
2023-09-08 11:19:00,503 [main] DEBUG balancer.ContainerBalancerTask (ContainerBalancerTask.java:initializeIteration(398)) - Utilization for node 464059bb-9124-49c2-99d6-bdd949bf83c5 with capacity 76504104960B, used 61203283968B, and remaining 15300820992B is 0.8
2023-09-08 11:19:00,503 [main] DEBUG balancer.ContainerBalancerTask (ContainerBalancerTask.java:initializeIteration(398)) - Utilization for node 6f0e948d-d3f7-4dd9-806b-f49208325d33 with capacity 44483589851B, used 31138512896B, and remaining 13345076955B is 0.700000000006744
2023-09-08 11:19:00,503 [main] DEBUG balancer.ContainerBalancerTask (ContainerBalancerTask.java:initializeIteration(398)) - Utilization for node 85ab15db-3ad2-4d6d-9eb0-2227c1e80c63 with capacity 62634939733B, used 37580963840B, and remaining 25053975893B is 0.6000000000031931
2023-09-08 11:19:00,503 [main] DEBUG balancer.ContainerBalancerTask (ContainerBalancerTask.java:initializeIteration(398)) - Utilization for node 77b8b07c-1dfe-407f-8e29-190d2b6b8da3 with capacity 83751862272B, used 41875931136B, and remaining 41875931136B is 0.5
2023-09-08 11:19:00,503 [main] DEBUG balancer.ContainerBalancerTask (ContainerBalancerTask.java:initializeIteration(398)) - Utilization for node 13dd51a3-50bb-4709-bd07-ed54eb99f549 with capacity 136902082560B, used 54760833024B, and remaining 82141249536B is 0.4
2023-09-08 11:19:00,503 [main] DEBUG balancer.ContainerBalancerTask (ContainerBalancerTask.java:initializeIteration(398)) - Utilization for node 2260ca00-150a-4407-aef4-4c26696a81c2 with capacity 132428158293B, used 39728447488B, and remaining 92699710805B is 0.3000000000007551
2023-09-08 11:19:00,503 [main] DEBUG balancer.ContainerBalancerTask (ContainerBalancerTask.java:initializeIteration(398)) - Utilization for node f52d6f4b-036c-4986-b65f-72517c5c7b6f with capacity 198642237440B, used 39728447488B, and remaining 158913789952B is 0.2
2023-09-08 11:19:00,503 [main] DEBUG balancer.ContainerBalancerTask (ContainerBalancerTask.java:initializeIteration(398)) - Utilization for node faa0991e-87f5-4348-9a71-84e36f7603a9 with capacity 300647710720B, used 30064771072B, and remaining 270582939648B is 0.1
2023-09-08 11:19:00,503 [main] DEBUG balancer.ContainerBalancerTask (ContainerBalancerTask.java:initializeIteration(398)) - Utilization for node 27ff5598-d008-435f-8a45-78122cf10002 with capacity 44023414784B, used 0B, and remaining 44023414784B is 0.0
2023-09-08 11:19:00,503 [main] INFO  balancer.ContainerBalancerTask (ContainerBalancerTask.java:initializeIteration(447)) - Container Balancer has identified 3 Over-Utilized and 1 Under-Utilized Datanodes that need to be balanced.
2023-09-08 11:19:00,503 [main] DEBUG balancer.ContainerBalancerTask (ContainerBalancerTask.java:lambda$initializeIteration$1(453)) - Datanode localhost-80.191.15.251 033f5b0f-81fa-4ba5-98fb-417d54462df6 is Over-Utilized.
2023-09-08 11:19:00,504 [main] DEBUG balancer.ContainerBalancerTask (ContainerBalancerTask.java:lambda$initializeIteration$1(453)) - Datanode localhost-119.185.211.138 464059bb-9124-49c2-99d6-bdd949bf83c5 is Over-Utilized.
2023-09-08 11:19:00,504 [main] DEBUG balancer.ContainerBalancerTask (ContainerBalancerTask.java:lambda$initializeIteration$1(453)) - Datanode localhost-175.189.162.212 6f0e948d-d3f7-4dd9-806b-f49208325d33 is Over-Utilized.
2023-09-08 11:19:00,504 [main] DEBUG balancer.ContainerBalancerTask (ContainerBalancerTask.java:lambda$initializeIteration$2(459)) - Datanode localhost-21.155.139.135 27ff5598-d008-435f-8a45-78122cf10002 is Under-Utilized.
2023-09-08 11:19:00,506 [main] DEBUG balancer.ContainerBalancerTask (ContainerBalancerTask.java:matchSourceWithTarget(708)) - ContainerBalancer is finding suitable target for source datanode 033f5b0f-81fa-4ba5-98fb-417d54462df6
2023-09-08 11:19:00,506 [main] INFO  balancer.ContainerBalancerTask (ContainerBalancerTask.java:matchSourceWithTarget(722)) - ContainerBalancer matched source datanode 033f5b0f-81fa-4ba5-98fb-417d54462df6 with target datanode 27ff5598-d008-435f-8a45-78122cf10002 for container move.
2023-09-08 11:19:00,507 [main] INFO  balancer.ContainerBalancerTask (ContainerBalancerTask.java:processMoveSelection(569)) - ContainerBalancer is trying to move container #85 with size 5368709120B from source datanode 033f5b0f-81fa-4ba5-98fb-417d54462df6 to target datanode 27ff5598-d008-435f-8a45-78122cf10002
2023-09-08 11:19:00,507 [main] DEBUG balancer.ContainerBalancerTask (ContainerBalancerTask.java:lambda$moveContainer$3(837)) - Container move completed for container #85 from source 033f5b0f-81fa-4ba5-98fb-417d54462df6 to target 27ff5598-d008-435f-8a45-78122cf10002
2023-09-08 11:19:00,509 [main] DEBUG balancer.ContainerBalancerTask (ContainerBalancerTask.java:matchSourceWithTarget(708)) - ContainerBalancer is finding suitable target for source datanode 033f5b0f-81fa-4ba5-98fb-417d54462df6
2023-09-08 11:19:00,510 [main] INFO  balancer.ContainerBalancerTask (ContainerBalancerTask.java:matchSourceWithTarget(722)) - ContainerBalancer matched source datanode 033f5b0f-81fa-4ba5-98fb-417d54462df6 with target datanode 27ff5598-d008-435f-8a45-78122cf10002 for container move.
2023-09-08 11:19:00,510 [main] INFO  balancer.ContainerBalancerTask (ContainerBalancerTask.java:processMoveSelection(569)) - ContainerBalancer is trying to move container #89 with size 4294967296B from source datanode 033f5b0f-81fa-4ba5-98fb-417d54462df6 to target datanode 27ff5598-d008-435f-8a45-78122cf10002
2023-09-08 11:19:00,510 [main] DEBUG balancer.ContainerBalancerTask (ContainerBalancerTask.java:lambda$moveContainer$3(837)) - Container move completed for container #89 from source 033f5b0f-81fa-4ba5-98fb-417d54462df6 to target 27ff5598-d008-435f-8a45-78122cf10002
2023-09-08 11:19:00,512 [main] DEBUG balancer.ContainerBalancerTask (ContainerBalancerTask.java:matchSourceWithTarget(708)) - ContainerBalancer is finding suitable target for source datanode 464059bb-9124-49c2-99d6-bdd949bf83c5
2023-09-08 11:19:00,513 [main] INFO  balancer.ContainerBalancerTask (ContainerBalancerTask.java:matchSourceWithTarget(722)) - ContainerBalancer matched source datanode 464059bb-9124-49c2-99d6-bdd949bf83c5 with target datanode 27ff5598-d008-435f-8a45-78122cf10002 for container move.
2023-09-08 11:19:00,513 [main] INFO  balancer.ContainerBalancerTask (ContainerBalancerTask.java:processMoveSelection(569)) - ContainerBalancer is trying to move container #68 with size 5368709120B from source datanode 464059bb-9124-49c2-99d6-bdd949bf83c5 to target datanode 27ff5598-d008-435f-8a45-78122cf10002
2023-09-08 11:19:00,513 [main] DEBUG balancer.ContainerBalancerTask (ContainerBalancerTask.java:lambda$moveContainer$3(837)) - Container move completed for container #68 from source 464059bb-9124-49c2-99d6-bdd949bf83c5 to target 27ff5598-d008-435f-8a45-78122cf10002
2023-09-08 11:19:00,516 [main] DEBUG balancer.ContainerBalancerTask (ContainerBalancerTask.java:matchSourceWithTarget(708)) - ContainerBalancer is finding suitable target for source datanode 033f5b0f-81fa-4ba5-98fb-417d54462df6
2023-09-08 11:19:00,516 [main] INFO  balancer.ContainerBalancerTask (ContainerBalancerTask.java:matchSourceWithTarget(722)) - ContainerBalancer matched source datanode 033f5b0f-81fa-4ba5-98fb-417d54462df6 with target datanode 27ff5598-d008-435f-8a45-78122cf10002 for container move.
2023-09-08 11:19:00,516 [main] INFO  balancer.ContainerBalancerTask (ContainerBalancerTask.java:processMoveSelection(569)) - ContainerBalancer is trying to move container #84 with size 4294967296B from source datanode 033f5b0f-81fa-4ba5-98fb-417d54462df6 to target datanode 27ff5598-d008-435f-8a45-78122cf10002
2023-09-08 11:19:00,516 [main] DEBUG balancer.ContainerBalancerTask (ContainerBalancerTask.java:lambda$moveContainer$3(837)) - Container move completed for container #84 from source 033f5b0f-81fa-4ba5-98fb-417d54462df6 to target 27ff5598-d008-435f-8a45-78122cf10002
2023-09-08 11:19:00,519 [main] DEBUG balancer.ContainerBalancerTask (ContainerBalancerTask.java:matchSourceWithTarget(708)) - ContainerBalancer is finding suitable target for source datanode 464059bb-9124-49c2-99d6-bdd949bf83c5
2023-09-08 11:19:00,519 [main] INFO  balancer.ContainerBalancerTask (ContainerBalancerTask.java:matchSourceWithTarget(722)) - ContainerBalancer matched source datanode 464059bb-9124-49c2-99d6-bdd949bf83c5 with target datanode 27ff5598-d008-435f-8a45-78122cf10002 for container move.
2023-09-08 11:19:00,519 [main] INFO  balancer.ContainerBalancerTask (ContainerBalancerTask.java:processMoveSelection(569)) - ContainerBalancer is trying to move container #29 with size 5368709120B from source datanode 464059bb-9124-49c2-99d6-bdd949bf83c5 to target datanode 27ff5598-d008-435f-8a45-78122cf10002
2023-09-08 11:19:00,519 [main] DEBUG balancer.ContainerBalancerTask (ContainerBalancerTask.java:lambda$moveContainer$3(837)) - Container move completed for container #29 from source 464059bb-9124-49c2-99d6-bdd949bf83c5 to target 27ff5598-d008-435f-8a45-78122cf10002
2023-09-08 11:19:00,521 [main] DEBUG balancer.ContainerBalancerTask (ContainerBalancerTask.java:matchSourceWithTarget(708)) - ContainerBalancer is finding suitable target for source datanode 6f0e948d-d3f7-4dd9-806b-f49208325d33
2023-09-08 11:19:00,521 [main] INFO  balancer.ContainerBalancerTask (ContainerBalancerTask.java:matchSourceWithTarget(722)) - ContainerBalancer matched source datanode 6f0e948d-d3f7-4dd9-806b-f49208325d33 with target datanode 27ff5598-d008-435f-8a45-78122cf10002 for container move.
2023-09-08 11:19:00,522 [main] INFO  balancer.ContainerBalancerTask (ContainerBalancerTask.java:processMoveSelection(569)) - ContainerBalancer is trying to move container #55 with size 2147483648B from source datanode 6f0e948d-d3f7-4dd9-806b-f49208325d33 to target datanode 27ff5598-d008-435f-8a45-78122cf10002
2023-09-08 11:19:00,522 [main] DEBUG balancer.ContainerBalancerTask (ContainerBalancerTask.java:lambda$moveContainer$3(837)) - Container move completed for container #55 from source 6f0e948d-d3f7-4dd9-806b-f49208325d33 to target 27ff5598-d008-435f-8a45-78122cf10002
2023-09-08 11:19:00,524 [main] DEBUG balancer.ContainerBalancerTask (ContainerBalancerTask.java:matchSourceWithTarget(708)) - ContainerBalancer is finding suitable target for source datanode 464059bb-9124-49c2-99d6-bdd949bf83c5
2023-09-08 11:19:00,526 [main] INFO  balancer.FindTargetGreedyByUsageInfo (AbstractFindTargetGreedy.java:findTargetForContainerMove(133)) - Container Balancer could not find a target for source datanode 464059bb-9124-49c2-99d6-bdd949bf83c5
2023-09-08 11:19:00,526 [main] DEBUG balancer.ContainerBalancerTask (ContainerBalancerTask.java:matchSourceWithTarget(717)) - ContainerBalancer could not find a suitable target for source node 464059bb-9124-49c2-99d6-bdd949bf83c5.
2023-09-08 11:19:00,529 [main] DEBUG balancer.ContainerBalancerTask (ContainerBalancerTask.java:matchSourceWithTarget(708)) - ContainerBalancer is finding suitable target for source datanode 033f5b0f-81fa-4ba5-98fb-417d54462df6
2023-09-08 11:19:00,529 [main] INFO  balancer.FindTargetGreedyByUsageInfo (AbstractFindTargetGreedy.java:findTargetForContainerMove(133)) - Container Balancer could not find a target for source datanode 033f5b0f-81fa-4ba5-98fb-417d54462df6
2023-09-08 11:19:00,530 [main] DEBUG balancer.ContainerBalancerTask (ContainerBalancerTask.java:matchSourceWithTarget(717)) - ContainerBalancer could not find a suitable target for source node 033f5b0f-81fa-4ba5-98fb-417d54462df6.
2023-09-08 11:19:00,531 [main] DEBUG balancer.ContainerBalancerTask (ContainerBalancerTask.java:matchSourceWithTarget(708)) - ContainerBalancer is finding suitable target for source datanode 6f0e948d-d3f7-4dd9-806b-f49208325d33
2023-09-08 11:19:00,532 [main] INFO  balancer.FindTargetGreedyByUsageInfo (AbstractFindTargetGreedy.java:findTargetForContainerMove(133)) - Container Balancer could not find a target for source datanode 6f0e948d-d3f7-4dd9-806b-f49208325d33
2023-09-08 11:19:00,532 [main] DEBUG balancer.ContainerBalancerTask (ContainerBalancerTask.java:matchSourceWithTarget(717)) - ContainerBalancer could not find a suitable target for source node 6f0e948d-d3f7-4dd9-806b-f49208325d33.
2023-09-08 11:19:00,532 [main] INFO  balancer.FindSourceGreedy (FindSourceGreedy.java:getNextCandidateSourceDataNode(126)) - no more candidate source data node
2023-09-08 11:19:00,532 [main] INFO  balancer.ContainerBalancerTask (ContainerBalancerTask.java:checkIterationMoveResults(642)) - Iteration Summary. Number of Datanodes involved: 4. Size moved: 25 GB (26843545600 Bytes). Number of Container moves completed: 6.
2023-09-08 11:19:00,532 [main] INFO  balancer.ContainerBalancerTask (ContainerBalancerTask.java:balance(259)) - Result of this iteration of Container Balancer: ITERATION_COMPLETED
2023-09-08 11:19:00,533 [main] INFO  balancer.ContainerBalancerTask (ContainerBalancerTask.java:tryStopWithSaveConfiguration(308)) - Save Configuration for stopping. Reason: Completed all iterations.
2023-09-08 11:19:00,533 [main] DEBUG balancer.ContainerBalancerTask (ContainerBalancerTask.java:initializeIteration(374)) - Average utilization of the cluster is 0.340830158141845
2023-09-08 11:19:00,533 [main] DEBUG balancer.ContainerBalancerTask (ContainerBalancerTask.java:initializeIteration(386)) - Lower limit for utilization is 0.32589630091773664 and Upper limit for utilization is 0.3557640153659533
2023-09-08 11:19:00,533 [main] DEBUG balancer.ContainerBalancerTask (ContainerBalancerTask.java:initializeIteration(398)) - Utilization for node 033f5b0f-81fa-4ba5-98fb-417d54462df6 with capacity 57266230613B, used 51539607552B, and remaining 5726623061B is 0.9000000000052387
2023-09-08 11:19:00,534 [main] DEBUG balancer.ContainerBalancerTask (ContainerBalancerTask.java:initializeIteration(398)) - Utilization for node 464059bb-9124-49c2-99d6-bdd949bf83c5 with capacity 76504104960B, used 61203283968B, and remaining 15300820992B is 0.8
2023-09-08 11:19:00,534 [main] DEBUG balancer.ContainerBalancerTask (ContainerBalancerTask.java:initializeIteration(398)) - Utilization for node 6f0e948d-d3f7-4dd9-806b-f49208325d33 with capacity 44483589851B, used 31138512896B, and remaining 13345076955B is 0.700000000006744
2023-09-08 11:19:00,534 [main] DEBUG balancer.ContainerBalancerTask (ContainerBalancerTask.java:initializeIteration(398)) - Utilization for node 85ab15db-3ad2-4d6d-9eb0-2227c1e80c63 with capacity 62634939733B, used 37580963840B, and remaining 25053975893B is 0.6000000000031931
2023-09-08 11:19:00,534 [main] DEBUG balancer.ContainerBalancerTask (ContainerBalancerTask.java:initializeIteration(398)) - Utilization for node 77b8b07c-1dfe-407f-8e29-190d2b6b8da3 with capacity 83751862272B, used 41875931136B, and remaining 41875931136B is 0.5
2023-09-08 11:19:00,534 [main] DEBUG balancer.ContainerBalancerTask (ContainerBalancerTask.java:initializeIteration(398)) - Utilization for node 13dd51a3-50bb-4709-bd07-ed54eb99f549 with capacity 136902082560B, used 54760833024B, and remaining 82141249536B is 0.4
2023-09-08 11:19:00,534 [main] DEBUG balancer.ContainerBalancerTask (ContainerBalancerTask.java:initializeIteration(398)) - Utilization for node 2260ca00-150a-4407-aef4-4c26696a81c2 with capacity 132428158293B, used 39728447488B, and remaining 92699710805B is 0.3000000000007551
2023-09-08 11:19:00,534 [main] DEBUG balancer.ContainerBalancerTask (ContainerBalancerTask.java:initializeIteration(398)) - Utilization for node f52d6f4b-036c-4986-b65f-72517c5c7b6f with capacity 198642237440B, used 39728447488B, and remaining 158913789952B is 0.2
2023-09-08 11:19:00,534 [main] DEBUG balancer.ContainerBalancerTask (ContainerBalancerTask.java:initializeIteration(398)) - Utilization for node faa0991e-87f5-4348-9a71-84e36f7603a9 with capacity 300647710720B, used 30064771072B, and remaining 270582939648B is 0.1
2023-09-08 11:19:00,534 [main] DEBUG balancer.ContainerBalancerTask (ContainerBalancerTask.java:initializeIteration(398)) - Utilization for node 27ff5598-d008-435f-8a45-78122cf10002 with capacity 44023414784B, used 0B, and remaining 44023414784B is 0.0
2023-09-08 11:19:00,534 [main] INFO  balancer.ContainerBalancerTask (ContainerBalancerTask.java:initializeIteration(447)) - Container Balancer has identified 6 Over-Utilized and 4 Under-Utilized Datanodes that need to be balanced.
2023-09-08 11:19:00,534 [main] DEBUG balancer.ContainerBalancerTask (ContainerBalancerTask.java:lambda$initializeIteration$1(453)) - Datanode localhost-80.191.15.251 033f5b0f-81fa-4ba5-98fb-417d54462df6 is Over-Utilized.
2023-09-08 11:19:00,534 [main] DEBUG balancer.ContainerBalancerTask (ContainerBalancerTask.java:lambda$initializeIteration$1(453)) - Datanode localhost-119.185.211.138 464059bb-9124-49c2-99d6-bdd949bf83c5 is Over-Utilized.
2023-09-08 11:19:00,535 [main] DEBUG balancer.ContainerBalancerTask (ContainerBalancerTask.java:lambda$initializeIteration$1(453)) - Datanode localhost-175.189.162.212 6f0e948d-d3f7-4dd9-806b-f49208325d33 is Over-Utilized.
2023-09-08 11:19:00,535 [main] DEBUG balancer.ContainerBalancerTask (ContainerBalancerTask.java:lambda$initializeIteration$1(453)) - Datanode localhost-45.212.111.64 85ab15db-3ad2-4d6d-9eb0-2227c1e80c63 is Over-Utilized.
2023-09-08 11:19:00,535 [main] DEBUG balancer.ContainerBalancerTask (ContainerBalancerTask.java:lambda$initializeIteration$1(453)) - Datanode localhost-34.213.184.24 77b8b07c-1dfe-407f-8e29-190d2b6b8da3 is Over-Utilized.
2023-09-08 11:19:00,535 [main] DEBUG balancer.ContainerBalancerTask (ContainerBalancerTask.java:lambda$initializeIteration$1(453)) - Datanode localhost-1.125.44.239 13dd51a3-50bb-4709-bd07-ed54eb99f549 is Over-Utilized.
2023-09-08 11:19:00,535 [main] DEBUG balancer.ContainerBalancerTask (ContainerBalancerTask.java:lambda$initializeIteration$2(459)) - Datanode localhost-21.155.139.135 27ff5598-d008-435f-8a45-78122cf10002 is Under-Utilized.
2023-09-08 11:19:00,535 [main] DEBUG balancer.ContainerBalancerTask (ContainerBalancerTask.java:lambda$initializeIteration$2(459)) - Datanode localhost-171.124.219.118 faa0991e-87f5-4348-9a71-84e36f7603a9 is Under-Utilized.
2023-09-08 11:19:00,535 [main] DEBUG balancer.ContainerBalancerTask (ContainerBalancerTask.java:lambda$initializeIteration$2(459)) - Datanode localhost-81.233.26.227 f52d6f4b-036c-4986-b65f-72517c5c7b6f is Under-Utilized.
2023-09-08 11:19:00,535 [main] DEBUG balancer.ContainerBalancerTask (ContainerBalancerTask.java:lambda$initializeIteration$2(459)) - Datanode localhost-255.21.87.87 2260ca00-150a-4407-aef4-4c26696a81c2 is Under-Utilized.
2023-09-08 11:19:00,538 [main] DEBUG balancer.ContainerBalancerTask (ContainerBalancerTask.java:matchSourceWithTarget(708)) - ContainerBalancer is finding suitable target for source datanode 033f5b0f-81fa-4ba5-98fb-417d54462df6
2023-09-08 11:19:00,538 [main] INFO  balancer.ContainerBalancerTask (ContainerBalancerTask.java:matchSourceWithTarget(722)) - ContainerBalancer matched source datanode 033f5b0f-81fa-4ba5-98fb-417d54462df6 with target datanode 27ff5598-d008-435f-8a45-78122cf10002 for container move.
2023-09-08 11:19:00,538 [main] INFO  balancer.ContainerBalancerTask (ContainerBalancerTask.java:processMoveSelection(569)) - ContainerBalancer is trying to move container #85 with size 5368709120B from source datanode 033f5b0f-81fa-4ba5-98fb-417d54462df6 to target datanode 27ff5598-d008-435f-8a45-78122cf10002
2023-09-08 11:19:00,538 [main] DEBUG balancer.ContainerBalancerTask (ContainerBalancerTask.java:lambda$moveContainer$3(837)) - Container move completed for container #85 from source 033f5b0f-81fa-4ba5-98fb-417d54462df6 to target 27ff5598-d008-435f-8a45-78122cf10002
2023-09-08 11:19:00,541 [main] DEBUG balancer.ContainerBalancerTask (ContainerBalancerTask.java:matchSourceWithTarget(708)) - ContainerBalancer is finding suitable target for source datanode 033f5b0f-81fa-4ba5-98fb-417d54462df6
2023-09-08 11:19:00,541 [main] INFO  balancer.ContainerBalancerTask (ContainerBalancerTask.java:matchSourceWithTarget(722)) - ContainerBalancer matched source datanode 033f5b0f-81fa-4ba5-98fb-417d54462df6 with target datanode faa0991e-87f5-4348-9a71-84e36f7603a9 for container move.
2023-09-08 11:19:00,541 [main] INFO  balancer.ContainerBalancerTask (ContainerBalancerTask.java:processMoveSelection(569)) - ContainerBalancer is trying to move container #89 with size 4294967296B from source datanode 033f5b0f-81fa-4ba5-98fb-417d54462df6 to target datanode faa0991e-87f5-4348-9a71-84e36f7603a9
2023-09-08 11:19:00,541 [main] DEBUG balancer.ContainerBalancerTask (ContainerBalancerTask.java:lambda$moveContainer$3(837)) - Container move completed for container #89 from source 033f5b0f-81fa-4ba5-98fb-417d54462df6 to target faa0991e-87f5-4348-9a71-84e36f7603a9
2023-09-08 11:19:00,544 [main] DEBUG balancer.ContainerBalancerTask (ContainerBalancerTask.java:matchSourceWithTarget(708)) - ContainerBalancer is finding suitable target for source datanode 464059bb-9124-49c2-99d6-bdd949bf83c5
2023-09-08 11:19:00,544 [main] INFO  balancer.ContainerBalancerTask (ContainerBalancerTask.java:matchSourceWithTarget(722)) - ContainerBalancer matched source datanode 464059bb-9124-49c2-99d6-bdd949bf83c5 with target datanode faa0991e-87f5-4348-9a71-84e36f7603a9 for container move.
2023-09-08 11:19:00,545 [main] INFO  balancer.ContainerBalancerTask (ContainerBalancerTask.java:processMoveSelection(569)) - ContainerBalancer is trying to move container #68 with size 5368709120B from source datanode 464059bb-9124-49c2-99d6-bdd949bf83c5 to target datanode faa0991e-87f5-4348-9a71-84e36f7603a9
2023-09-08 11:19:00,545 [main] DEBUG balancer.ContainerBalancerTask (ContainerBalancerTask.java:lambda$moveContainer$3(837)) - Container move completed for container #68 from source 464059bb-9124-49c2-99d6-bdd949bf83c5 to target faa0991e-87f5-4348-9a71-84e36f7603a9
2023-09-08 11:19:00,547 [main] DEBUG balancer.ContainerBalancerTask (ContainerBalancerTask.java:matchSourceWithTarget(708)) - ContainerBalancer is finding suitable target for source datanode 033f5b0f-81fa-4ba5-98fb-417d54462df6
2023-09-08 11:19:00,548 [main] INFO  balancer.ContainerBalancerTask (ContainerBalancerTask.java:matchSourceWithTarget(722)) - ContainerBalancer matched source datanode 033f5b0f-81fa-4ba5-98fb-417d54462df6 with target datanode 27ff5598-d008-435f-8a45-78122cf10002 for container move.
2023-09-08 11:19:00,548 [main] INFO  balancer.ContainerBalancerTask (ContainerBalancerTask.java:processMoveSelection(569)) - ContainerBalancer is trying to move container #84 with size 4294967296B from source datanode 033f5b0f-81fa-4ba5-98fb-417d54462df6 to target datanode 27ff5598-d008-435f-8a45-78122cf10002
2023-09-08 11:19:00,548 [main] DEBUG balancer.ContainerBalancerTask (ContainerBalancerTask.java:lambda$moveContainer$3(837)) - Container move completed for container #84 from source 033f5b0f-81fa-4ba5-98fb-417d54462df6 to target 27ff5598-d008-435f-8a45-78122cf10002
2023-09-08 11:19:00,551 [main] DEBUG balancer.ContainerBalancerTask (ContainerBalancerTask.java:matchSourceWithTarget(708)) - ContainerBalancer is finding suitable target for source datanode 464059bb-9124-49c2-99d6-bdd949bf83c5
2023-09-08 11:19:00,551 [main] INFO  balancer.ContainerBalancerTask (ContainerBalancerTask.java:matchSourceWithTarget(722)) - ContainerBalancer matched source datanode 464059bb-9124-49c2-99d6-bdd949bf83c5 with target datanode faa0991e-87f5-4348-9a71-84e36f7603a9 for container move.
2023-09-08 11:19:00,551 [main] INFO  balancer.ContainerBalancerTask (ContainerBalancerTask.java:processMoveSelection(569)) - ContainerBalancer is trying to move container #29 with size 5368709120B from source datanode 464059bb-9124-49c2-99d6-bdd949bf83c5 to target datanode faa0991e-87f5-4348-9a71-84e36f7603a9
2023-09-08 11:19:00,551 [main] DEBUG balancer.ContainerBalancerTask (ContainerBalancerTask.java:lambda$moveContainer$3(837)) - Container move completed for container #29 from source 464059bb-9124-49c2-99d6-bdd949bf83c5 to target faa0991e-87f5-4348-9a71-84e36f7603a9
2023-09-08 11:19:00,553 [main] DEBUG balancer.ContainerBalancerTask (ContainerBalancerTask.java:matchSourceWithTarget(708)) - ContainerBalancer is finding suitable target for source datanode 6f0e948d-d3f7-4dd9-806b-f49208325d33
2023-09-08 11:19:00,553 [main] INFO  balancer.ContainerBalancerTask (ContainerBalancerTask.java:matchSourceWithTarget(722)) - ContainerBalancer matched source datanode 6f0e948d-d3f7-4dd9-806b-f49208325d33 with target datanode faa0991e-87f5-4348-9a71-84e36f7603a9 for container move.
2023-09-08 11:19:00,553 [main] INFO  balancer.ContainerBalancerTask (ContainerBalancerTask.java:processMoveSelection(569)) - ContainerBalancer is trying to move container #53 with size 5368709120B from source datanode 6f0e948d-d3f7-4dd9-806b-f49208325d33 to target datanode faa0991e-87f5-4348-9a71-84e36f7603a9
2023-09-08 11:19:00,553 [main] DEBUG balancer.ContainerBalancerTask (ContainerBalancerTask.java:lambda$moveContainer$3(837)) - Container move completed for container #53 from source 6f0e948d-d3f7-4dd9-806b-f49208325d33 to target faa0991e-87f5-4348-9a71-84e36f7603a9
2023-09-08 11:19:00,556 [main] DEBUG balancer.ContainerBalancerTask (ContainerBalancerTask.java:matchSourceWithTarget(708)) - ContainerBalancer is finding suitable target for source datanode 464059bb-9124-49c2-99d6-bdd949bf83c5
2023-09-08 11:19:00,556 [main] INFO  balancer.ContainerBalancerTask (ContainerBalancerTask.java:matchSourceWithTarget(722)) - ContainerBalancer matched source datanode 464059bb-9124-49c2-99d6-bdd949bf83c5 with target datanode faa0991e-87f5-4348-9a71-84e36f7603a9 for container move.
2023-09-08 11:19:00,557 [main] INFO  balancer.ContainerBalancerTask (ContainerBalancerTask.java:processMoveSelection(569)) - ContainerBalancer is trying to move container #67 with size 4294967296B from source datanode 464059bb-9124-49c2-99d6-bdd949bf83c5 to target datanode faa0991e-87f5-4348-9a71-84e36f7603a9
2023-09-08 11:19:00,557 [main] DEBUG balancer.ContainerBalancerTask (ContainerBalancerTask.java:lambda$moveContainer$3(837)) - Container move completed for container #67 from source 464059bb-9124-49c2-99d6-bdd949bf83c5 to target faa0991e-87f5-4348-9a71-84e36f7603a9
2023-09-08 11:19:00,560 [main] DEBUG balancer.ContainerBalancerTask (ContainerBalancerTask.java:matchSourceWithTarget(708)) - ContainerBalancer is finding suitable target for source datanode 033f5b0f-81fa-4ba5-98fb-417d54462df6
2023-09-08 11:19:00,560 [main] INFO  balancer.ContainerBalancerTask (ContainerBalancerTask.java:matchSourceWithTarget(722)) - ContainerBalancer matched source datanode 033f5b0f-81fa-4ba5-98fb-417d54462df6 with target datanode faa0991e-87f5-4348-9a71-84e36f7603a9 for container move.
2023-09-08 11:19:00,560 [main] INFO  balancer.ContainerBalancerTask (ContainerBalancerTask.java:processMoveSelection(569)) - ContainerBalancer is trying to move container #52 with size 4294967296B from source datanode 033f5b0f-81fa-4ba5-98fb-417d54462df6 to target datanode faa0991e-87f5-4348-9a71-84e36f7603a9
2023-09-08 11:19:00,560 [main] DEBUG balancer.ContainerBalancerTask (ContainerBalancerTask.java:lambda$moveContainer$3(837)) - Container move completed for container #52 from source 033f5b0f-81fa-4ba5-98fb-417d54462df6 to target faa0991e-87f5-4348-9a71-84e36f7603a9
2023-09-08 11:19:00,563 [main] DEBUG balancer.ContainerBalancerTask (ContainerBalancerTask.java:matchSourceWithTarget(708)) - ContainerBalancer is finding suitable target for source datanode 464059bb-9124-49c2-99d6-bdd949bf83c5
2023-09-08 11:19:00,563 [main] INFO  balancer.ContainerBalancerTask (ContainerBalancerTask.java:matchSourceWithTarget(722)) - ContainerBalancer matched source datanode 464059bb-9124-49c2-99d6-bdd949bf83c5 with target datanode faa0991e-87f5-4348-9a71-84e36f7603a9 for container move.
2023-09-08 11:19:00,563 [main] INFO  balancer.ContainerBalancerTask (ContainerBalancerTask.java:processMoveSelection(569)) - ContainerBalancer is trying to move container #39 with size 4294967296B from source datanode 464059bb-9124-49c2-99d6-bdd949bf83c5 to target datanode faa0991e-87f5-4348-9a71-84e36f7603a9
2023-09-08 11:19:00,563 [main] DEBUG balancer.ContainerBalancerTask (ContainerBalancerTask.java:lambda$moveContainer$3(837)) - Container move completed for container #39 from source 464059bb-9124-49c2-99d6-bdd949bf83c5 to target faa0991e-87f5-4348-9a71-84e36f7603a9
2023-09-08 11:19:00,566 [main] DEBUG balancer.ContainerBalancerTask (ContainerBalancerTask.java:matchSourceWithTarget(708)) - ContainerBalancer is finding suitable target for source datanode 85ab15db-3ad2-4d6d-9eb0-2227c1e80c63
2023-09-08 11:19:00,566 [main] INFO  balancer.ContainerBalancerTask (ContainerBalancerTask.java:matchSourceWithTarget(722)) - ContainerBalancer matched source datanode 85ab15db-3ad2-4d6d-9eb0-2227c1e80c63 with target datanode f52d6f4b-036c-4986-b65f-72517c5c7b6f for container move.
2023-09-08 11:19:00,566 [main] INFO  balancer.ContainerBalancerTask (ContainerBalancerTask.java:processMoveSelection(569)) - ContainerBalancer is trying to move container #40 with size 5368709120B from source datanode 85ab15db-3ad2-4d6d-9eb0-2227c1e80c63 to target datanode f52d6f4b-036c-4986-b65f-72517c5c7b6f
2023-09-08 11:19:00,566 [main] DEBUG balancer.ContainerBalancerTask (ContainerBalancerTask.java:lambda$moveContainer$3(837)) - Container move completed for container #40 from source 85ab15db-3ad2-4d6d-9eb0-2227c1e80c63 to target f52d6f4b-036c-4986-b65f-72517c5c7b6f
2023-09-08 11:19:00,569 [main] DEBUG balancer.ContainerBalancerTask (ContainerBalancerTask.java:matchSourceWithTarget(708)) - ContainerBalancer is finding suitable target for source datanode 033f5b0f-81fa-4ba5-98fb-417d54462df6
2023-09-08 11:19:00,569 [main] INFO  balancer.ContainerBalancerTask (ContainerBalancerTask.java:matchSourceWithTarget(722)) - ContainerBalancer matched source datanode 033f5b0f-81fa-4ba5-98fb-417d54462df6 with target datanode faa0991e-87f5-4348-9a71-84e36f7603a9 for container move.
2023-09-08 11:19:00,570 [main] INFO  balancer.ContainerBalancerTask (ContainerBalancerTask.java:processMoveSelection(569)) - ContainerBalancer is trying to move container #19 with size 4294967296B from source datanode 033f5b0f-81fa-4ba5-98fb-417d54462df6 to target datanode faa0991e-87f5-4348-9a71-84e36f7603a9
2023-09-08 11:19:00,570 [main] DEBUG balancer.ContainerBalancerTask (ContainerBalancerTask.java:lambda$moveContainer$3(837)) - Container move completed for container #19 from source 033f5b0f-81fa-4ba5-98fb-417d54462df6 to target faa0991e-87f5-4348-9a71-84e36f7603a9
2023-09-08 11:19:00,572 [main] DEBUG balancer.ContainerBalancerTask (ContainerBalancerTask.java:matchSourceWithTarget(708)) - ContainerBalancer is finding suitable target for source datanode 6f0e948d-d3f7-4dd9-806b-f49208325d33
2023-09-08 11:19:00,572 [main] INFO  balancer.ContainerBalancerTask (ContainerBalancerTask.java:matchSourceWithTarget(722)) - ContainerBalancer matched source datanode 6f0e948d-d3f7-4dd9-806b-f49208325d33 with target datanode 27ff5598-d008-435f-8a45-78122cf10002 for container move.
2023-09-08 11:19:00,572 [main] INFO  balancer.ContainerBalancerTask (ContainerBalancerTask.java:processMoveSelection(569)) - ContainerBalancer is trying to move container #64 with size 1073741824B from source datanode 6f0e948d-d3f7-4dd9-806b-f49208325d33 to target datanode 27ff5598-d008-435f-8a45-78122cf10002
2023-09-08 11:19:00,572 [main] DEBUG balancer.ContainerBalancerTask (ContainerBalancerTask.java:lambda$moveContainer$3(837)) - Container move completed for container #64 from source 6f0e948d-d3f7-4dd9-806b-f49208325d33 to target 27ff5598-d008-435f-8a45-78122cf10002
2023-09-08 11:19:00,573 [main] WARN  balancer.ContainerBalancerTask (ContainerBalancerTask.java:reachedMaxSizeToMovePerIteration(733)) - Reached max size to move limit. 53687091200 bytes have already been scheduled for balancing and the limit is 53687091200 bytes.
2023-09-08 11:19:00,573 [main] INFO  balancer.ContainerBalancerTask (ContainerBalancerTask.java:checkIterationMoveResults(642)) - Iteration Summary. Number of Datanodes involved: 7. Size moved: 50 GB (53687091200 Bytes). Number of Container moves completed: 12.
2023-09-08 11:19:00,573 [main] INFO  balancer.ContainerBalancerTask (ContainerBalancerTask.java:balance(259)) - Result of this iteration of Container Balancer: ITERATION_COMPLETED
2023-09-08 11:19:00,573 [main] INFO  balancer.ContainerBalancerTask (ContainerBalancerTask.java:tryStopWithSaveConfiguration(308)) - Save Configuration for stopping. Reason: Completed all iterations.
2023-09-08 11:19:00,573 [main] DEBUG balancer.ContainerBalancerTask (ContainerBalancerTask.java:initializeIteration(374)) - Average utilization of the cluster is 0.340830158141845
2023-09-08 11:19:00,574 [main] DEBUG balancer.ContainerBalancerTask (ContainerBalancerTask.java:initializeIteration(386)) - Lower limit for utilization is -0.02480670367884713 and Upper limit for utilization is 0.7064670199625371
2023-09-08 11:19:00,574 [main] DEBUG balancer.ContainerBalancerTask (ContainerBalancerTask.java:initializeIteration(398)) - Utilization for node 033f5b0f-81fa-4ba5-98fb-417d54462df6 with capacity 57266230613B, used 51539607552B, and remaining 5726623061B is 0.9000000000052387
2023-09-08 11:19:00,574 [main] DEBUG balancer.ContainerBalancerTask (ContainerBalancerTask.java:initializeIteration(398)) - Utilization for node 464059bb-9124-49c2-99d6-bdd949bf83c5 with capacity 76504104960B, used 61203283968B, and remaining 15300820992B is 0.8
2023-09-08 11:19:00,574 [main] DEBUG balancer.ContainerBalancerTask (ContainerBalancerTask.java:initializeIteration(398)) - Utilization for node 6f0e948d-d3f7-4dd9-806b-f49208325d33 with capacity 44483589851B, used 31138512896B, and remaining 13345076955B is 0.700000000006744
2023-09-08 11:19:00,574 [main] DEBUG balancer.ContainerBalancerTask (ContainerBalancerTask.java:initializeIteration(398)) - Utilization for node 85ab15db-3ad2-4d6d-9eb0-2227c1e80c63 with capacity 62634939733B, used 37580963840B, and remaining 25053975893B is 0.6000000000031931
2023-09-08 11:19:00,574 [main] DEBUG balancer.ContainerBalancerTask (ContainerBalancerTask.java:initializeIteration(398)) - Utilization for node 77b8b07c-1dfe-407f-8e29-190d2b6b8da3 with capacity 83751862272B, used 41875931136B, and remaining 41875931136B is 0.5
2023-09-08 11:19:00,574 [main] DEBUG balancer.ContainerBalancerTask (ContainerBalancerTask.java:initializeIteration(398)) - Utilization for node 13dd51a3-50bb-4709-bd07-ed54eb99f549 with capacity 136902082560B, used 54760833024B, and remaining 82141249536B is 0.4
2023-09-08 11:19:00,574 [main] DEBUG balancer.ContainerBalancerTask (ContainerBalancerTask.java:initializeIteration(398)) - Utilization for node 2260ca00-150a-4407-aef4-4c26696a81c2 with capacity 132428158293B, used 39728447488B, and remaining 92699710805B is 0.3000000000007551
2023-09-08 11:19:00,574 [main] DEBUG balancer.ContainerBalancerTask (ContainerBalancerTask.java:initializeIteration(398)) - Utilization for node f52d6f4b-036c-4986-b65f-72517c5c7b6f with capacity 198642237440B, used 39728447488B, and remaining 158913789952B is 0.2
2023-09-08 11:19:00,574 [main] DEBUG balancer.ContainerBalancerTask (ContainerBalancerTask.java:initializeIteration(398)) - Utilization for node faa0991e-87f5-4348-9a71-84e36f7603a9 with capacity 300647710720B, used 30064771072B, and remaining 270582939648B is 0.1
2023-09-08 11:19:00,574 [main] DEBUG balancer.ContainerBalancerTask (ContainerBalancerTask.java:initializeIteration(398)) - Utilization for node 27ff5598-d008-435f-8a45-78122cf10002 with capacity 44023414784B, used 0B, and remaining 44023414784B is 0.0
2023-09-08 11:19:00,574 [main] INFO  balancer.ContainerBalancerTask (ContainerBalancerTask.java:initializeIteration(447)) - Container Balancer has identified 2 Over-Utilized and 0 Under-Utilized Datanodes that need to be balanced.
2023-09-08 11:19:00,575 [main] DEBUG balancer.ContainerBalancerTask (ContainerBalancerTask.java:lambda$initializeIteration$1(453)) - Datanode localhost-80.191.15.251 033f5b0f-81fa-4ba5-98fb-417d54462df6 is Over-Utilized.
2023-09-08 11:19:00,575 [main] DEBUG balancer.ContainerBalancerTask (ContainerBalancerTask.java:lambda$initializeIteration$1(453)) - Datanode localhost-119.185.211.138 464059bb-9124-49c2-99d6-bdd949bf83c5 is Over-Utilized.
2023-09-08 11:19:00,577 [main] DEBUG balancer.ContainerBalancerTask (ContainerBalancerTask.java:matchSourceWithTarget(708)) - ContainerBalancer is finding suitable target for source datanode 033f5b0f-81fa-4ba5-98fb-417d54462df6
2023-09-08 11:19:00,577 [main] INFO  balancer.FindTargetGreedyByUsageInfo (AbstractFindTargetGreedy.java:findTargetForContainerMove(133)) - Container Balancer could not find a target for source datanode 033f5b0f-81fa-4ba5-98fb-417d54462df6
2023-09-08 11:19:00,578 [main] DEBUG balancer.ContainerBalancerTask (ContainerBalancerTask.java:matchSourceWithTarget(717)) - ContainerBalancer could not find a suitable target for source node 033f5b0f-81fa-4ba5-98fb-417d54462df6.
2023-09-08 11:19:00,580 [main] DEBUG balancer.ContainerBalancerTask (ContainerBalancerTask.java:matchSourceWithTarget(708)) - ContainerBalancer is finding suitable target for source datanode 464059bb-9124-49c2-99d6-bdd949bf83c5
2023-09-08 11:19:00,580 [main] INFO  balancer.FindTargetGreedyByUsageInfo (AbstractFindTargetGreedy.java:findTargetForContainerMove(133)) - Container Balancer could not find a target for source datanode 464059bb-9124-49c2-99d6-bdd949bf83c5
2023-09-08 11:19:00,580 [main] DEBUG balancer.ContainerBalancerTask (ContainerBalancerTask.java:matchSourceWithTarget(717)) - ContainerBalancer could not find a suitable target for source node 464059bb-9124-49c2-99d6-bdd949bf83c5.
2023-09-08 11:19:00,580 [main] INFO  balancer.FindSourceGreedy (FindSourceGreedy.java:getNextCandidateSourceDataNode(126)) - no more candidate source data node
2023-09-08 11:19:00,580 [main] INFO  balancer.ContainerBalancerTask (ContainerBalancerTask.java:balance(259)) - Result of this iteration of Container Balancer: CAN_NOT_BALANCE_ANY_MORE
2023-09-08 11:19:00,580 [main] INFO  balancer.ContainerBalancerTask (ContainerBalancerTask.java:tryStopWithSaveConfiguration(308)) - Save Configuration for stopping. Reason: CAN_NOT_BALANCE_ANY_MORE
]]></system-out>
  </testcase>
  <testcase name="balancerShouldObeyMaxSizeEnteringTargetLimit" classname="org.apache.hadoop.hdds.scm.container.balancer.TestContainerBalancerTask" time="0.304">
    <system-out><![CDATA[2023-09-08 11:19:00,603 [main] INFO  net.NodeSchemaLoader (NodeSchemaLoader.java:loadSchemaFromFile(129)) - Loading schema from [file:/home/runner/work/ozone/ozone/hadoop-hdds/common/target/classes/network-topology-default.xml]
2023-09-08 11:19:00,603 [main] INFO  net.NodeSchemaLoader (NodeSchemaLoader.java:loadSchema(176)) - Loading network topology layer schema file
2023-09-08 11:19:00,604 [main] INFO  net.NetworkTopologyImpl (NetworkTopologyImpl.java:add(112)) - Added a new node: /default-rack/602b60bf-9ae2-4aae-86ab-9db6060af07f
2023-09-08 11:19:00,604 [main] INFO  net.NetworkTopologyImpl (NetworkTopologyImpl.java:add(112)) - Added a new node: /default-rack/09d18511-5710-4a50-92e4-7cfd71fd0256
2023-09-08 11:19:00,604 [main] INFO  net.NetworkTopologyImpl (NetworkTopologyImpl.java:add(112)) - Added a new node: /default-rack/ddff11d0-6402-44dd-a1e7-4b562d0b08f8
2023-09-08 11:19:00,605 [main] INFO  net.NetworkTopologyImpl (NetworkTopologyImpl.java:add(112)) - Added a new node: /default-rack/3a5fc96b-2f6b-47d8-a2e4-3804883dfad8
2023-09-08 11:19:00,605 [main] INFO  net.NetworkTopologyImpl (NetworkTopologyImpl.java:add(112)) - Added a new node: /default-rack/6c75dd3f-a2ed-4217-b44f-6faafffe7cf9
2023-09-08 11:19:00,605 [main] INFO  net.NetworkTopologyImpl (NetworkTopologyImpl.java:add(112)) - Added a new node: /default-rack/04045426-5f7b-4521-a065-6bb8f4939824
2023-09-08 11:19:00,605 [main] INFO  net.NetworkTopologyImpl (NetworkTopologyImpl.java:add(112)) - Added a new node: /default-rack/647b9d0d-689b-4635-8d93-9090e2104e7f
2023-09-08 11:19:00,605 [main] INFO  net.NetworkTopologyImpl (NetworkTopologyImpl.java:add(112)) - Added a new node: /default-rack/e6d6cfcf-a77e-4379-8bdb-043d3d70b530
2023-09-08 11:19:00,605 [main] INFO  net.NetworkTopologyImpl (NetworkTopologyImpl.java:add(112)) - Added a new node: /default-rack/ac9053e9-3a73-4c64-b811-6c140be726a4
2023-09-08 11:19:00,605 [main] INFO  net.NetworkTopologyImpl (NetworkTopologyImpl.java:add(112)) - Added a new node: /default-rack/d40e1eb7-8110-4b97-9f98-cf6ccf13c420
2023-09-08 11:19:00,605 [main] INFO  algorithms.ContainerPlacementPolicyFactory (ContainerPlacementPolicyFactory.java:getPolicyInternal(86)) - Create container placement policy of type org.apache.hadoop.hdds.scm.container.placement.algorithms.SCMContainerPlacementRackAware
2023-09-08 11:19:00,605 [main] INFO  algorithms.ContainerPlacementPolicyFactory (ContainerPlacementPolicyFactory.java:getPolicyInternal(86)) - Create container placement policy of type org.apache.hadoop.hdds.scm.container.placement.algorithms.SCMContainerPlacementRackScatter
2023-09-08 11:19:00,608 [main] DEBUG balancer.ContainerBalancerTask (ContainerBalancerTask.java:initializeIteration(374)) - Average utilization of the cluster is 0.31818729163783405
2023-09-08 11:19:00,608 [main] DEBUG balancer.ContainerBalancerTask (ContainerBalancerTask.java:initializeIteration(386)) - Lower limit for utilization is 0.21818729163783404 and Upper limit for utilization is 0.4181872916378341
2023-09-08 11:19:00,608 [main] DEBUG balancer.ContainerBalancerTask (ContainerBalancerTask.java:initializeIteration(398)) - Utilization for node 04045426-5f7b-4521-a065-6bb8f4939824 with capacity 58459277084B, used 52613349376B, and remaining 5845927708B is 0.9000000000068423
2023-09-08 11:19:00,608 [main] DEBUG balancer.ContainerBalancerTask (ContainerBalancerTask.java:initializeIteration(398)) - Utilization for node d40e1eb7-8110-4b97-9f98-cf6ccf13c420 with capacity 71135395840B, used 56908316672B, and remaining 14227079168B is 0.8
2023-09-08 11:19:00,608 [main] DEBUG balancer.ContainerBalancerTask (ContainerBalancerTask.java:initializeIteration(398)) - Utilization for node 602b60bf-9ae2-4aae-86ab-9db6060af07f with capacity 59822758765B, used 41875931136B, and remaining 17946827629B is 0.700000000008358
2023-09-08 11:19:00,609 [main] DEBUG balancer.ContainerBalancerTask (ContainerBalancerTask.java:initializeIteration(398)) - Utilization for node 6c75dd3f-a2ed-4217-b44f-6faafffe7cf9 with capacity 62634939733B, used 37580963840B, and remaining 25053975893B is 0.6000000000031931
2023-09-08 11:19:00,609 [main] DEBUG balancer.ContainerBalancerTask (ContainerBalancerTask.java:initializeIteration(398)) - Utilization for node 3a5fc96b-2f6b-47d8-a2e4-3804883dfad8 with capacity 64424509440B, used 32212254720B, and remaining 32212254720B is 0.5
2023-09-08 11:19:00,609 [main] DEBUG balancer.ContainerBalancerTask (ContainerBalancerTask.java:initializeIteration(398)) - Utilization for node ac9053e9-3a73-4c64-b811-6c140be726a4 with capacity 118111600640B, used 47244640256B, and remaining 70866960384B is 0.4
2023-09-08 11:19:00,609 [main] DEBUG balancer.ContainerBalancerTask (ContainerBalancerTask.java:initializeIteration(398)) - Utilization for node 647b9d0d-689b-4635-8d93-9090e2104e7f with capacity 168219552426B, used 50465865728B, and remaining 117753686698B is 0.3000000000011889
2023-09-08 11:19:00,609 [main] DEBUG balancer.ContainerBalancerTask (ContainerBalancerTask.java:initializeIteration(398)) - Utilization for node ddff11d0-6402-44dd-a1e7-4b562d0b08f8 with capacity 177167400960B, used 35433480192B, and remaining 141733920768B is 0.2
2023-09-08 11:19:00,609 [main] DEBUG balancer.ContainerBalancerTask (ContainerBalancerTask.java:initializeIteration(398)) - Utilization for node 09d18511-5710-4a50-92e4-7cfd71fd0256 with capacity 397284474880B, used 39728447488B, and remaining 357556027392B is 0.1
2023-09-08 11:19:00,609 [main] DEBUG balancer.ContainerBalancerTask (ContainerBalancerTask.java:initializeIteration(398)) - Utilization for node e6d6cfcf-a77e-4379-8bdb-043d3d70b530 with capacity 61203283968B, used 0B, and remaining 61203283968B is 0.0
2023-09-08 11:19:00,609 [main] INFO  balancer.ContainerBalancerTask (ContainerBalancerTask.java:initializeIteration(447)) - Container Balancer has identified 5 Over-Utilized and 3 Under-Utilized Datanodes that need to be balanced.
2023-09-08 11:19:00,609 [main] DEBUG balancer.ContainerBalancerTask (ContainerBalancerTask.java:lambda$initializeIteration$1(453)) - Datanode localhost-237.80.43.227 04045426-5f7b-4521-a065-6bb8f4939824 is Over-Utilized.
2023-09-08 11:19:00,609 [main] DEBUG balancer.ContainerBalancerTask (ContainerBalancerTask.java:lambda$initializeIteration$1(453)) - Datanode localhost-29.162.95.26 d40e1eb7-8110-4b97-9f98-cf6ccf13c420 is Over-Utilized.
2023-09-08 11:19:00,609 [main] DEBUG balancer.ContainerBalancerTask (ContainerBalancerTask.java:lambda$initializeIteration$1(453)) - Datanode localhost-211.11.11.197 602b60bf-9ae2-4aae-86ab-9db6060af07f is Over-Utilized.
2023-09-08 11:19:00,610 [main] DEBUG balancer.ContainerBalancerTask (ContainerBalancerTask.java:lambda$initializeIteration$1(453)) - Datanode localhost-246.12.131.78 6c75dd3f-a2ed-4217-b44f-6faafffe7cf9 is Over-Utilized.
2023-09-08 11:19:00,610 [main] DEBUG balancer.ContainerBalancerTask (ContainerBalancerTask.java:lambda$initializeIteration$1(453)) - Datanode localhost-146.30.180.168 3a5fc96b-2f6b-47d8-a2e4-3804883dfad8 is Over-Utilized.
2023-09-08 11:19:00,610 [main] DEBUG balancer.ContainerBalancerTask (ContainerBalancerTask.java:lambda$initializeIteration$2(459)) - Datanode localhost-33.234.174.96 e6d6cfcf-a77e-4379-8bdb-043d3d70b530 is Under-Utilized.
2023-09-08 11:19:00,610 [main] DEBUG balancer.ContainerBalancerTask (ContainerBalancerTask.java:lambda$initializeIteration$2(459)) - Datanode localhost-15.163.14.242 09d18511-5710-4a50-92e4-7cfd71fd0256 is Under-Utilized.
2023-09-08 11:19:00,610 [main] DEBUG balancer.ContainerBalancerTask (ContainerBalancerTask.java:lambda$initializeIteration$2(459)) - Datanode localhost-193.78.9.32 ddff11d0-6402-44dd-a1e7-4b562d0b08f8 is Under-Utilized.
2023-09-08 11:19:00,612 [main] DEBUG balancer.ContainerBalancerTask (ContainerBalancerTask.java:matchSourceWithTarget(708)) - ContainerBalancer is finding suitable target for source datanode 04045426-5f7b-4521-a065-6bb8f4939824
2023-09-08 11:19:00,615 [main] INFO  balancer.FindTargetGreedyByUsageInfo (AbstractFindTargetGreedy.java:findTargetForContainerMove(133)) - Container Balancer could not find a target for source datanode 04045426-5f7b-4521-a065-6bb8f4939824
2023-09-08 11:19:00,615 [main] DEBUG balancer.ContainerBalancerTask (ContainerBalancerTask.java:matchSourceWithTarget(717)) - ContainerBalancer could not find a suitable target for source node 04045426-5f7b-4521-a065-6bb8f4939824.
2023-09-08 11:19:00,618 [main] DEBUG balancer.ContainerBalancerTask (ContainerBalancerTask.java:matchSourceWithTarget(708)) - ContainerBalancer is finding suitable target for source datanode d40e1eb7-8110-4b97-9f98-cf6ccf13c420
2023-09-08 11:19:00,620 [main] INFO  balancer.FindTargetGreedyByUsageInfo (AbstractFindTargetGreedy.java:findTargetForContainerMove(133)) - Container Balancer could not find a target for source datanode d40e1eb7-8110-4b97-9f98-cf6ccf13c420
2023-09-08 11:19:00,620 [main] DEBUG balancer.ContainerBalancerTask (ContainerBalancerTask.java:matchSourceWithTarget(717)) - ContainerBalancer could not find a suitable target for source node d40e1eb7-8110-4b97-9f98-cf6ccf13c420.
2023-09-08 11:19:00,622 [main] DEBUG balancer.ContainerBalancerTask (ContainerBalancerTask.java:matchSourceWithTarget(708)) - ContainerBalancer is finding suitable target for source datanode 602b60bf-9ae2-4aae-86ab-9db6060af07f
2023-09-08 11:19:00,624 [main] INFO  balancer.FindTargetGreedyByUsageInfo (AbstractFindTargetGreedy.java:findTargetForContainerMove(133)) - Container Balancer could not find a target for source datanode 602b60bf-9ae2-4aae-86ab-9db6060af07f
2023-09-08 11:19:00,624 [main] DEBUG balancer.ContainerBalancerTask (ContainerBalancerTask.java:matchSourceWithTarget(717)) - ContainerBalancer could not find a suitable target for source node 602b60bf-9ae2-4aae-86ab-9db6060af07f.
2023-09-08 11:19:00,625 [main] DEBUG balancer.ContainerBalancerTask (ContainerBalancerTask.java:matchSourceWithTarget(708)) - ContainerBalancer is finding suitable target for source datanode 6c75dd3f-a2ed-4217-b44f-6faafffe7cf9
2023-09-08 11:19:00,627 [main] INFO  balancer.FindTargetGreedyByUsageInfo (AbstractFindTargetGreedy.java:findTargetForContainerMove(133)) - Container Balancer could not find a target for source datanode 6c75dd3f-a2ed-4217-b44f-6faafffe7cf9
2023-09-08 11:19:00,627 [main] DEBUG balancer.ContainerBalancerTask (ContainerBalancerTask.java:matchSourceWithTarget(717)) - ContainerBalancer could not find a suitable target for source node 6c75dd3f-a2ed-4217-b44f-6faafffe7cf9.
2023-09-08 11:19:00,628 [main] DEBUG balancer.ContainerBalancerTask (ContainerBalancerTask.java:matchSourceWithTarget(708)) - ContainerBalancer is finding suitable target for source datanode 3a5fc96b-2f6b-47d8-a2e4-3804883dfad8
2023-09-08 11:19:00,630 [main] INFO  balancer.FindTargetGreedyByUsageInfo (AbstractFindTargetGreedy.java:findTargetForContainerMove(133)) - Container Balancer could not find a target for source datanode 3a5fc96b-2f6b-47d8-a2e4-3804883dfad8
2023-09-08 11:19:00,630 [main] DEBUG balancer.ContainerBalancerTask (ContainerBalancerTask.java:matchSourceWithTarget(717)) - ContainerBalancer could not find a suitable target for source node 3a5fc96b-2f6b-47d8-a2e4-3804883dfad8.
2023-09-08 11:19:00,630 [main] INFO  balancer.FindSourceGreedy (FindSourceGreedy.java:getNextCandidateSourceDataNode(126)) - no more candidate source data node
2023-09-08 11:19:00,630 [main] INFO  balancer.ContainerBalancerTask (ContainerBalancerTask.java:balance(259)) - Result of this iteration of Container Balancer: CAN_NOT_BALANCE_ANY_MORE
2023-09-08 11:19:00,630 [main] INFO  balancer.ContainerBalancerTask (ContainerBalancerTask.java:tryStopWithSaveConfiguration(308)) - Save Configuration for stopping. Reason: CAN_NOT_BALANCE_ANY_MORE
2023-09-08 11:19:00,640 [main] DEBUG balancer.ContainerBalancerTask (ContainerBalancerTask.java:initializeIteration(374)) - Average utilization of the cluster is 0.31818729163783405
2023-09-08 11:19:00,640 [main] DEBUG balancer.ContainerBalancerTask (ContainerBalancerTask.java:initializeIteration(386)) - Lower limit for utilization is 0.21818729163783404 and Upper limit for utilization is 0.4181872916378341
2023-09-08 11:19:00,640 [main] DEBUG balancer.ContainerBalancerTask (ContainerBalancerTask.java:initializeIteration(398)) - Utilization for node 04045426-5f7b-4521-a065-6bb8f4939824 with capacity 58459277084B, used 52613349376B, and remaining 5845927708B is 0.9000000000068423
2023-09-08 11:19:00,640 [main] DEBUG balancer.ContainerBalancerTask (ContainerBalancerTask.java:initializeIteration(398)) - Utilization for node d40e1eb7-8110-4b97-9f98-cf6ccf13c420 with capacity 71135395840B, used 56908316672B, and remaining 14227079168B is 0.8
2023-09-08 11:19:00,640 [main] DEBUG balancer.ContainerBalancerTask (ContainerBalancerTask.java:initializeIteration(398)) - Utilization for node 602b60bf-9ae2-4aae-86ab-9db6060af07f with capacity 59822758765B, used 41875931136B, and remaining 17946827629B is 0.700000000008358
2023-09-08 11:19:00,641 [main] DEBUG balancer.ContainerBalancerTask (ContainerBalancerTask.java:initializeIteration(398)) - Utilization for node 6c75dd3f-a2ed-4217-b44f-6faafffe7cf9 with capacity 62634939733B, used 37580963840B, and remaining 25053975893B is 0.6000000000031931
2023-09-08 11:19:00,641 [main] DEBUG balancer.ContainerBalancerTask (ContainerBalancerTask.java:initializeIteration(398)) - Utilization for node 3a5fc96b-2f6b-47d8-a2e4-3804883dfad8 with capacity 64424509440B, used 32212254720B, and remaining 32212254720B is 0.5
2023-09-08 11:19:00,641 [main] DEBUG balancer.ContainerBalancerTask (ContainerBalancerTask.java:initializeIteration(398)) - Utilization for node ac9053e9-3a73-4c64-b811-6c140be726a4 with capacity 118111600640B, used 47244640256B, and remaining 70866960384B is 0.4
2023-09-08 11:19:00,641 [main] DEBUG balancer.ContainerBalancerTask (ContainerBalancerTask.java:initializeIteration(398)) - Utilization for node 647b9d0d-689b-4635-8d93-9090e2104e7f with capacity 168219552426B, used 50465865728B, and remaining 117753686698B is 0.3000000000011889
2023-09-08 11:19:00,641 [main] DEBUG balancer.ContainerBalancerTask (ContainerBalancerTask.java:initializeIteration(398)) - Utilization for node ddff11d0-6402-44dd-a1e7-4b562d0b08f8 with capacity 177167400960B, used 35433480192B, and remaining 141733920768B is 0.2
2023-09-08 11:19:00,641 [main] DEBUG balancer.ContainerBalancerTask (ContainerBalancerTask.java:initializeIteration(398)) - Utilization for node 09d18511-5710-4a50-92e4-7cfd71fd0256 with capacity 397284474880B, used 39728447488B, and remaining 357556027392B is 0.1
2023-09-08 11:19:00,641 [main] DEBUG balancer.ContainerBalancerTask (ContainerBalancerTask.java:initializeIteration(398)) - Utilization for node e6d6cfcf-a77e-4379-8bdb-043d3d70b530 with capacity 61203283968B, used 0B, and remaining 61203283968B is 0.0
2023-09-08 11:19:00,641 [main] INFO  balancer.ContainerBalancerTask (ContainerBalancerTask.java:initializeIteration(447)) - Container Balancer has identified 5 Over-Utilized and 3 Under-Utilized Datanodes that need to be balanced.
2023-09-08 11:19:00,641 [main] DEBUG balancer.ContainerBalancerTask (ContainerBalancerTask.java:lambda$initializeIteration$1(453)) - Datanode localhost-237.80.43.227 04045426-5f7b-4521-a065-6bb8f4939824 is Over-Utilized.
2023-09-08 11:19:00,641 [main] DEBUG balancer.ContainerBalancerTask (ContainerBalancerTask.java:lambda$initializeIteration$1(453)) - Datanode localhost-29.162.95.26 d40e1eb7-8110-4b97-9f98-cf6ccf13c420 is Over-Utilized.
2023-09-08 11:19:00,641 [main] DEBUG balancer.ContainerBalancerTask (ContainerBalancerTask.java:lambda$initializeIteration$1(453)) - Datanode localhost-211.11.11.197 602b60bf-9ae2-4aae-86ab-9db6060af07f is Over-Utilized.
2023-09-08 11:19:00,641 [main] DEBUG balancer.ContainerBalancerTask (ContainerBalancerTask.java:lambda$initializeIteration$1(453)) - Datanode localhost-246.12.131.78 6c75dd3f-a2ed-4217-b44f-6faafffe7cf9 is Over-Utilized.
2023-09-08 11:19:00,642 [main] DEBUG balancer.ContainerBalancerTask (ContainerBalancerTask.java:lambda$initializeIteration$1(453)) - Datanode localhost-146.30.180.168 3a5fc96b-2f6b-47d8-a2e4-3804883dfad8 is Over-Utilized.
2023-09-08 11:19:00,642 [main] DEBUG balancer.ContainerBalancerTask (ContainerBalancerTask.java:lambda$initializeIteration$2(459)) - Datanode localhost-33.234.174.96 e6d6cfcf-a77e-4379-8bdb-043d3d70b530 is Under-Utilized.
2023-09-08 11:19:00,642 [main] DEBUG balancer.ContainerBalancerTask (ContainerBalancerTask.java:lambda$initializeIteration$2(459)) - Datanode localhost-15.163.14.242 09d18511-5710-4a50-92e4-7cfd71fd0256 is Under-Utilized.
2023-09-08 11:19:00,642 [main] DEBUG balancer.ContainerBalancerTask (ContainerBalancerTask.java:lambda$initializeIteration$2(459)) - Datanode localhost-193.78.9.32 ddff11d0-6402-44dd-a1e7-4b562d0b08f8 is Under-Utilized.
2023-09-08 11:19:00,644 [main] DEBUG balancer.ContainerBalancerTask (ContainerBalancerTask.java:matchSourceWithTarget(708)) - ContainerBalancer is finding suitable target for source datanode 04045426-5f7b-4521-a065-6bb8f4939824
2023-09-08 11:19:00,645 [main] INFO  balancer.ContainerBalancerTask (ContainerBalancerTask.java:matchSourceWithTarget(722)) - ContainerBalancer matched source datanode 04045426-5f7b-4521-a065-6bb8f4939824 with target datanode e6d6cfcf-a77e-4379-8bdb-043d3d70b530 for container move.
2023-09-08 11:19:00,645 [main] INFO  balancer.ContainerBalancerTask (ContainerBalancerTask.java:processMoveSelection(569)) - ContainerBalancer is trying to move container #85 with size 5368709120B from source datanode 04045426-5f7b-4521-a065-6bb8f4939824 to target datanode e6d6cfcf-a77e-4379-8bdb-043d3d70b530
2023-09-08 11:19:00,645 [main] DEBUG balancer.ContainerBalancerTask (ContainerBalancerTask.java:lambda$moveContainer$3(837)) - Container move completed for container #85 from source 04045426-5f7b-4521-a065-6bb8f4939824 to target e6d6cfcf-a77e-4379-8bdb-043d3d70b530
2023-09-08 11:19:00,645 [main] DEBUG balancer.ContainerBalancerTask (ContainerBalancerTask.java:adaptOnReachingIterationLimits(782)) - Reached max datanodes to involve limit. 2 datanodes have already been selected for balancing and the limit is 2. Only already selected sources and targets can be involved in balancing now.
2023-09-08 11:19:00,647 [main] DEBUG balancer.ContainerBalancerTask (ContainerBalancerTask.java:matchSourceWithTarget(708)) - ContainerBalancer is finding suitable target for source datanode 04045426-5f7b-4521-a065-6bb8f4939824
2023-09-08 11:19:00,648 [main] INFO  balancer.ContainerBalancerTask (ContainerBalancerTask.java:matchSourceWithTarget(722)) - ContainerBalancer matched source datanode 04045426-5f7b-4521-a065-6bb8f4939824 with target datanode e6d6cfcf-a77e-4379-8bdb-043d3d70b530 for container move.
2023-09-08 11:19:00,648 [main] INFO  balancer.ContainerBalancerTask (ContainerBalancerTask.java:processMoveSelection(569)) - ContainerBalancer is trying to move container #89 with size 4294967296B from source datanode 04045426-5f7b-4521-a065-6bb8f4939824 to target datanode e6d6cfcf-a77e-4379-8bdb-043d3d70b530
2023-09-08 11:19:00,648 [main] DEBUG balancer.ContainerBalancerTask (ContainerBalancerTask.java:lambda$moveContainer$3(837)) - Container move completed for container #89 from source 04045426-5f7b-4521-a065-6bb8f4939824 to target e6d6cfcf-a77e-4379-8bdb-043d3d70b530
2023-09-08 11:19:00,651 [main] DEBUG balancer.ContainerBalancerTask (ContainerBalancerTask.java:matchSourceWithTarget(708)) - ContainerBalancer is finding suitable target for source datanode 04045426-5f7b-4521-a065-6bb8f4939824
2023-09-08 11:19:00,651 [main] INFO  balancer.ContainerBalancerTask (ContainerBalancerTask.java:matchSourceWithTarget(722)) - ContainerBalancer matched source datanode 04045426-5f7b-4521-a065-6bb8f4939824 with target datanode e6d6cfcf-a77e-4379-8bdb-043d3d70b530 for container move.
2023-09-08 11:19:00,651 [main] INFO  balancer.ContainerBalancerTask (ContainerBalancerTask.java:processMoveSelection(569)) - ContainerBalancer is trying to move container #84 with size 4294967296B from source datanode 04045426-5f7b-4521-a065-6bb8f4939824 to target datanode e6d6cfcf-a77e-4379-8bdb-043d3d70b530
2023-09-08 11:19:00,651 [main] DEBUG balancer.ContainerBalancerTask (ContainerBalancerTask.java:lambda$moveContainer$3(837)) - Container move completed for container #84 from source 04045426-5f7b-4521-a065-6bb8f4939824 to target e6d6cfcf-a77e-4379-8bdb-043d3d70b530
2023-09-08 11:19:00,654 [main] DEBUG balancer.ContainerBalancerTask (ContainerBalancerTask.java:matchSourceWithTarget(708)) - ContainerBalancer is finding suitable target for source datanode 04045426-5f7b-4521-a065-6bb8f4939824
2023-09-08 11:19:00,654 [main] INFO  balancer.ContainerBalancerTask (ContainerBalancerTask.java:matchSourceWithTarget(722)) - ContainerBalancer matched source datanode 04045426-5f7b-4521-a065-6bb8f4939824 with target datanode e6d6cfcf-a77e-4379-8bdb-043d3d70b530 for container move.
2023-09-08 11:19:00,654 [main] INFO  balancer.ContainerBalancerTask (ContainerBalancerTask.java:processMoveSelection(569)) - ContainerBalancer is trying to move container #52 with size 4294967296B from source datanode 04045426-5f7b-4521-a065-6bb8f4939824 to target datanode e6d6cfcf-a77e-4379-8bdb-043d3d70b530
2023-09-08 11:19:00,654 [main] DEBUG balancer.ContainerBalancerTask (ContainerBalancerTask.java:lambda$moveContainer$3(837)) - Container move completed for container #52 from source 04045426-5f7b-4521-a065-6bb8f4939824 to target e6d6cfcf-a77e-4379-8bdb-043d3d70b530
2023-09-08 11:19:00,657 [main] DEBUG balancer.ContainerBalancerTask (ContainerBalancerTask.java:matchSourceWithTarget(708)) - ContainerBalancer is finding suitable target for source datanode 04045426-5f7b-4521-a065-6bb8f4939824
2023-09-08 11:19:00,657 [main] INFO  balancer.ContainerBalancerTask (ContainerBalancerTask.java:matchSourceWithTarget(722)) - ContainerBalancer matched source datanode 04045426-5f7b-4521-a065-6bb8f4939824 with target datanode e6d6cfcf-a77e-4379-8bdb-043d3d70b530 for container move.
2023-09-08 11:19:00,657 [main] INFO  balancer.ContainerBalancerTask (ContainerBalancerTask.java:processMoveSelection(569)) - ContainerBalancer is trying to move container #28 with size 4294967296B from source datanode 04045426-5f7b-4521-a065-6bb8f4939824 to target datanode e6d6cfcf-a77e-4379-8bdb-043d3d70b530
2023-09-08 11:19:00,657 [main] DEBUG balancer.ContainerBalancerTask (ContainerBalancerTask.java:lambda$moveContainer$3(837)) - Container move completed for container #28 from source 04045426-5f7b-4521-a065-6bb8f4939824 to target e6d6cfcf-a77e-4379-8bdb-043d3d70b530
2023-09-08 11:19:00,660 [main] DEBUG balancer.ContainerBalancerTask (ContainerBalancerTask.java:matchSourceWithTarget(708)) - ContainerBalancer is finding suitable target for source datanode 04045426-5f7b-4521-a065-6bb8f4939824
2023-09-08 11:19:00,660 [main] INFO  balancer.ContainerBalancerTask (ContainerBalancerTask.java:matchSourceWithTarget(722)) - ContainerBalancer matched source datanode 04045426-5f7b-4521-a065-6bb8f4939824 with target datanode e6d6cfcf-a77e-4379-8bdb-043d3d70b530 for container move.
2023-09-08 11:19:00,660 [main] INFO  balancer.ContainerBalancerTask (ContainerBalancerTask.java:processMoveSelection(569)) - ContainerBalancer is trying to move container #87 with size 2147483648B from source datanode 04045426-5f7b-4521-a065-6bb8f4939824 to target datanode e6d6cfcf-a77e-4379-8bdb-043d3d70b530
2023-09-08 11:19:00,660 [main] DEBUG balancer.ContainerBalancerTask (ContainerBalancerTask.java:lambda$moveContainer$3(837)) - Container move completed for container #87 from source 04045426-5f7b-4521-a065-6bb8f4939824 to target e6d6cfcf-a77e-4379-8bdb-043d3d70b530
2023-09-08 11:19:00,663 [main] DEBUG balancer.ContainerBalancerTask (ContainerBalancerTask.java:matchSourceWithTarget(708)) - ContainerBalancer is finding suitable target for source datanode 04045426-5f7b-4521-a065-6bb8f4939824
2023-09-08 11:19:00,664 [main] INFO  balancer.FindTargetGreedyByUsageInfo (AbstractFindTargetGreedy.java:findTargetForContainerMove(133)) - Container Balancer could not find a target for source datanode 04045426-5f7b-4521-a065-6bb8f4939824
2023-09-08 11:19:00,664 [main] DEBUG balancer.ContainerBalancerTask (ContainerBalancerTask.java:matchSourceWithTarget(717)) - ContainerBalancer could not find a suitable target for source node 04045426-5f7b-4521-a065-6bb8f4939824.
2023-09-08 11:19:00,664 [main] INFO  balancer.FindSourceGreedy (FindSourceGreedy.java:getNextCandidateSourceDataNode(126)) - no more candidate source data node
2023-09-08 11:19:00,664 [main] INFO  balancer.ContainerBalancerTask (ContainerBalancerTask.java:checkIterationMoveResults(642)) - Iteration Summary. Number of Datanodes involved: 2. Size moved: 23 GB (24696061952 Bytes). Number of Container moves completed: 6.
2023-09-08 11:19:00,664 [main] INFO  balancer.ContainerBalancerTask (ContainerBalancerTask.java:balance(259)) - Result of this iteration of Container Balancer: ITERATION_COMPLETED
2023-09-08 11:19:00,665 [main] DEBUG balancer.ContainerBalancerTask (ContainerBalancerTask.java:initializeIteration(374)) - Average utilization of the cluster is 0.31818729163783405
2023-09-08 11:19:00,665 [main] DEBUG balancer.ContainerBalancerTask (ContainerBalancerTask.java:initializeIteration(386)) - Lower limit for utilization is 0.21818729163783404 and Upper limit for utilization is 0.4181872916378341
2023-09-08 11:19:00,666 [main] DEBUG balancer.ContainerBalancerTask (ContainerBalancerTask.java:initializeIteration(398)) - Utilization for node 04045426-5f7b-4521-a065-6bb8f4939824 with capacity 58459277084B, used 52613349376B, and remaining 5845927708B is 0.9000000000068423
2023-09-08 11:19:00,666 [main] DEBUG balancer.ContainerBalancerTask (ContainerBalancerTask.java:initializeIteration(398)) - Utilization for node d40e1eb7-8110-4b97-9f98-cf6ccf13c420 with capacity 71135395840B, used 56908316672B, and remaining 14227079168B is 0.8
2023-09-08 11:19:00,666 [main] DEBUG balancer.ContainerBalancerTask (ContainerBalancerTask.java:initializeIteration(398)) - Utilization for node 602b60bf-9ae2-4aae-86ab-9db6060af07f with capacity 59822758765B, used 41875931136B, and remaining 17946827629B is 0.700000000008358
2023-09-08 11:19:00,666 [main] DEBUG balancer.ContainerBalancerTask (ContainerBalancerTask.java:initializeIteration(398)) - Utilization for node 6c75dd3f-a2ed-4217-b44f-6faafffe7cf9 with capacity 62634939733B, used 37580963840B, and remaining 25053975893B is 0.6000000000031931
2023-09-08 11:19:00,666 [main] DEBUG balancer.ContainerBalancerTask (ContainerBalancerTask.java:initializeIteration(398)) - Utilization for node 3a5fc96b-2f6b-47d8-a2e4-3804883dfad8 with capacity 64424509440B, used 32212254720B, and remaining 32212254720B is 0.5
2023-09-08 11:19:00,666 [main] DEBUG balancer.ContainerBalancerTask (ContainerBalancerTask.java:initializeIteration(398)) - Utilization for node ac9053e9-3a73-4c64-b811-6c140be726a4 with capacity 118111600640B, used 47244640256B, and remaining 70866960384B is 0.4
2023-09-08 11:19:00,666 [main] DEBUG balancer.ContainerBalancerTask (ContainerBalancerTask.java:initializeIteration(398)) - Utilization for node 647b9d0d-689b-4635-8d93-9090e2104e7f with capacity 168219552426B, used 50465865728B, and remaining 117753686698B is 0.3000000000011889
2023-09-08 11:19:00,666 [main] DEBUG balancer.ContainerBalancerTask (ContainerBalancerTask.java:initializeIteration(398)) - Utilization for node ddff11d0-6402-44dd-a1e7-4b562d0b08f8 with capacity 177167400960B, used 35433480192B, and remaining 141733920768B is 0.2
2023-09-08 11:19:00,666 [main] DEBUG balancer.ContainerBalancerTask (ContainerBalancerTask.java:initializeIteration(398)) - Utilization for node 09d18511-5710-4a50-92e4-7cfd71fd0256 with capacity 397284474880B, used 39728447488B, and remaining 357556027392B is 0.1
2023-09-08 11:19:00,666 [main] DEBUG balancer.ContainerBalancerTask (ContainerBalancerTask.java:initializeIteration(398)) - Utilization for node e6d6cfcf-a77e-4379-8bdb-043d3d70b530 with capacity 61203283968B, used 0B, and remaining 61203283968B is 0.0
2023-09-08 11:19:00,666 [main] INFO  balancer.ContainerBalancerTask (ContainerBalancerTask.java:initializeIteration(447)) - Container Balancer has identified 5 Over-Utilized and 3 Under-Utilized Datanodes that need to be balanced.
2023-09-08 11:19:00,667 [main] DEBUG balancer.ContainerBalancerTask (ContainerBalancerTask.java:lambda$initializeIteration$1(453)) - Datanode localhost-237.80.43.227 04045426-5f7b-4521-a065-6bb8f4939824 is Over-Utilized.
2023-09-08 11:19:00,667 [main] DEBUG balancer.ContainerBalancerTask (ContainerBalancerTask.java:lambda$initializeIteration$1(453)) - Datanode localhost-29.162.95.26 d40e1eb7-8110-4b97-9f98-cf6ccf13c420 is Over-Utilized.
2023-09-08 11:19:00,667 [main] DEBUG balancer.ContainerBalancerTask (ContainerBalancerTask.java:lambda$initializeIteration$1(453)) - Datanode localhost-211.11.11.197 602b60bf-9ae2-4aae-86ab-9db6060af07f is Over-Utilized.
2023-09-08 11:19:00,667 [main] DEBUG balancer.ContainerBalancerTask (ContainerBalancerTask.java:lambda$initializeIteration$1(453)) - Datanode localhost-246.12.131.78 6c75dd3f-a2ed-4217-b44f-6faafffe7cf9 is Over-Utilized.
2023-09-08 11:19:00,667 [main] DEBUG balancer.ContainerBalancerTask (ContainerBalancerTask.java:lambda$initializeIteration$1(453)) - Datanode localhost-146.30.180.168 3a5fc96b-2f6b-47d8-a2e4-3804883dfad8 is Over-Utilized.
2023-09-08 11:19:00,667 [main] DEBUG balancer.ContainerBalancerTask (ContainerBalancerTask.java:lambda$initializeIteration$2(459)) - Datanode localhost-33.234.174.96 e6d6cfcf-a77e-4379-8bdb-043d3d70b530 is Under-Utilized.
2023-09-08 11:19:00,667 [main] DEBUG balancer.ContainerBalancerTask (ContainerBalancerTask.java:lambda$initializeIteration$2(459)) - Datanode localhost-15.163.14.242 09d18511-5710-4a50-92e4-7cfd71fd0256 is Under-Utilized.
2023-09-08 11:19:00,667 [main] DEBUG balancer.ContainerBalancerTask (ContainerBalancerTask.java:lambda$initializeIteration$2(459)) - Datanode localhost-193.78.9.32 ddff11d0-6402-44dd-a1e7-4b562d0b08f8 is Under-Utilized.
2023-09-08 11:19:00,670 [main] DEBUG balancer.ContainerBalancerTask (ContainerBalancerTask.java:matchSourceWithTarget(708)) - ContainerBalancer is finding suitable target for source datanode 04045426-5f7b-4521-a065-6bb8f4939824
2023-09-08 11:19:00,670 [main] INFO  balancer.ContainerBalancerTask (ContainerBalancerTask.java:matchSourceWithTarget(722)) - ContainerBalancer matched source datanode 04045426-5f7b-4521-a065-6bb8f4939824 with target datanode e6d6cfcf-a77e-4379-8bdb-043d3d70b530 for container move.
2023-09-08 11:19:00,670 [main] INFO  balancer.ContainerBalancerTask (ContainerBalancerTask.java:processMoveSelection(569)) - ContainerBalancer is trying to move container #85 with size 5368709120B from source datanode 04045426-5f7b-4521-a065-6bb8f4939824 to target datanode e6d6cfcf-a77e-4379-8bdb-043d3d70b530
2023-09-08 11:19:00,670 [main] DEBUG balancer.ContainerBalancerTask (ContainerBalancerTask.java:lambda$moveContainer$3(837)) - Container move completed for container #85 from source 04045426-5f7b-4521-a065-6bb8f4939824 to target e6d6cfcf-a77e-4379-8bdb-043d3d70b530
2023-09-08 11:19:00,670 [main] DEBUG balancer.ContainerBalancerTask (ContainerBalancerTask.java:adaptOnReachingIterationLimits(782)) - Reached max datanodes to involve limit. 2 datanodes have already been selected for balancing and the limit is 2. Only already selected sources and targets can be involved in balancing now.
2023-09-08 11:19:00,673 [main] DEBUG balancer.ContainerBalancerTask (ContainerBalancerTask.java:matchSourceWithTarget(708)) - ContainerBalancer is finding suitable target for source datanode 04045426-5f7b-4521-a065-6bb8f4939824
2023-09-08 11:19:00,673 [main] INFO  balancer.ContainerBalancerTask (ContainerBalancerTask.java:matchSourceWithTarget(722)) - ContainerBalancer matched source datanode 04045426-5f7b-4521-a065-6bb8f4939824 with target datanode e6d6cfcf-a77e-4379-8bdb-043d3d70b530 for container move.
2023-09-08 11:19:00,673 [main] INFO  balancer.ContainerBalancerTask (ContainerBalancerTask.java:processMoveSelection(569)) - ContainerBalancer is trying to move container #89 with size 4294967296B from source datanode 04045426-5f7b-4521-a065-6bb8f4939824 to target datanode e6d6cfcf-a77e-4379-8bdb-043d3d70b530
2023-09-08 11:19:00,673 [main] DEBUG balancer.ContainerBalancerTask (ContainerBalancerTask.java:lambda$moveContainer$3(837)) - Container move completed for container #89 from source 04045426-5f7b-4521-a065-6bb8f4939824 to target e6d6cfcf-a77e-4379-8bdb-043d3d70b530
2023-09-08 11:19:00,676 [main] DEBUG balancer.ContainerBalancerTask (ContainerBalancerTask.java:matchSourceWithTarget(708)) - ContainerBalancer is finding suitable target for source datanode 04045426-5f7b-4521-a065-6bb8f4939824
2023-09-08 11:19:00,676 [main] INFO  balancer.ContainerBalancerTask (ContainerBalancerTask.java:matchSourceWithTarget(722)) - ContainerBalancer matched source datanode 04045426-5f7b-4521-a065-6bb8f4939824 with target datanode e6d6cfcf-a77e-4379-8bdb-043d3d70b530 for container move.
2023-09-08 11:19:00,676 [main] INFO  balancer.ContainerBalancerTask (ContainerBalancerTask.java:processMoveSelection(569)) - ContainerBalancer is trying to move container #84 with size 4294967296B from source datanode 04045426-5f7b-4521-a065-6bb8f4939824 to target datanode e6d6cfcf-a77e-4379-8bdb-043d3d70b530
2023-09-08 11:19:00,676 [main] DEBUG balancer.ContainerBalancerTask (ContainerBalancerTask.java:lambda$moveContainer$3(837)) - Container move completed for container #84 from source 04045426-5f7b-4521-a065-6bb8f4939824 to target e6d6cfcf-a77e-4379-8bdb-043d3d70b530
2023-09-08 11:19:00,679 [main] DEBUG balancer.ContainerBalancerTask (ContainerBalancerTask.java:matchSourceWithTarget(708)) - ContainerBalancer is finding suitable target for source datanode 04045426-5f7b-4521-a065-6bb8f4939824
2023-09-08 11:19:00,679 [main] INFO  balancer.ContainerBalancerTask (ContainerBalancerTask.java:matchSourceWithTarget(722)) - ContainerBalancer matched source datanode 04045426-5f7b-4521-a065-6bb8f4939824 with target datanode e6d6cfcf-a77e-4379-8bdb-043d3d70b530 for container move.
2023-09-08 11:19:00,679 [main] INFO  balancer.ContainerBalancerTask (ContainerBalancerTask.java:processMoveSelection(569)) - ContainerBalancer is trying to move container #52 with size 4294967296B from source datanode 04045426-5f7b-4521-a065-6bb8f4939824 to target datanode e6d6cfcf-a77e-4379-8bdb-043d3d70b530
2023-09-08 11:19:00,679 [main] DEBUG balancer.ContainerBalancerTask (ContainerBalancerTask.java:lambda$moveContainer$3(837)) - Container move completed for container #52 from source 04045426-5f7b-4521-a065-6bb8f4939824 to target e6d6cfcf-a77e-4379-8bdb-043d3d70b530
2023-09-08 11:19:00,682 [main] DEBUG balancer.ContainerBalancerTask (ContainerBalancerTask.java:matchSourceWithTarget(708)) - ContainerBalancer is finding suitable target for source datanode 04045426-5f7b-4521-a065-6bb8f4939824
2023-09-08 11:19:00,682 [main] INFO  balancer.ContainerBalancerTask (ContainerBalancerTask.java:matchSourceWithTarget(722)) - ContainerBalancer matched source datanode 04045426-5f7b-4521-a065-6bb8f4939824 with target datanode e6d6cfcf-a77e-4379-8bdb-043d3d70b530 for container move.
2023-09-08 11:19:00,682 [main] INFO  balancer.ContainerBalancerTask (ContainerBalancerTask.java:processMoveSelection(569)) - ContainerBalancer is trying to move container #28 with size 4294967296B from source datanode 04045426-5f7b-4521-a065-6bb8f4939824 to target datanode e6d6cfcf-a77e-4379-8bdb-043d3d70b530
2023-09-08 11:19:00,682 [main] DEBUG balancer.ContainerBalancerTask (ContainerBalancerTask.java:lambda$moveContainer$3(837)) - Container move completed for container #28 from source 04045426-5f7b-4521-a065-6bb8f4939824 to target e6d6cfcf-a77e-4379-8bdb-043d3d70b530
2023-09-08 11:19:00,685 [main] DEBUG balancer.ContainerBalancerTask (ContainerBalancerTask.java:matchSourceWithTarget(708)) - ContainerBalancer is finding suitable target for source datanode 04045426-5f7b-4521-a065-6bb8f4939824
2023-09-08 11:19:00,685 [main] INFO  balancer.ContainerBalancerTask (ContainerBalancerTask.java:matchSourceWithTarget(722)) - ContainerBalancer matched source datanode 04045426-5f7b-4521-a065-6bb8f4939824 with target datanode e6d6cfcf-a77e-4379-8bdb-043d3d70b530 for container move.
2023-09-08 11:19:00,685 [main] INFO  balancer.ContainerBalancerTask (ContainerBalancerTask.java:processMoveSelection(569)) - ContainerBalancer is trying to move container #87 with size 2147483648B from source datanode 04045426-5f7b-4521-a065-6bb8f4939824 to target datanode e6d6cfcf-a77e-4379-8bdb-043d3d70b530
2023-09-08 11:19:00,685 [main] DEBUG balancer.ContainerBalancerTask (ContainerBalancerTask.java:lambda$moveContainer$3(837)) - Container move completed for container #87 from source 04045426-5f7b-4521-a065-6bb8f4939824 to target e6d6cfcf-a77e-4379-8bdb-043d3d70b530
2023-09-08 11:19:00,688 [main] DEBUG balancer.ContainerBalancerTask (ContainerBalancerTask.java:matchSourceWithTarget(708)) - ContainerBalancer is finding suitable target for source datanode 04045426-5f7b-4521-a065-6bb8f4939824
2023-09-08 11:19:00,688 [main] INFO  balancer.FindTargetGreedyByUsageInfo (AbstractFindTargetGreedy.java:findTargetForContainerMove(133)) - Container Balancer could not find a target for source datanode 04045426-5f7b-4521-a065-6bb8f4939824
2023-09-08 11:19:00,688 [main] DEBUG balancer.ContainerBalancerTask (ContainerBalancerTask.java:matchSourceWithTarget(717)) - ContainerBalancer could not find a suitable target for source node 04045426-5f7b-4521-a065-6bb8f4939824.
2023-09-08 11:19:00,688 [main] INFO  balancer.FindSourceGreedy (FindSourceGreedy.java:getNextCandidateSourceDataNode(126)) - no more candidate source data node
2023-09-08 11:19:00,689 [main] INFO  balancer.ContainerBalancerTask (ContainerBalancerTask.java:checkIterationMoveResults(642)) - Iteration Summary. Number of Datanodes involved: 2. Size moved: 23 GB (24696061952 Bytes). Number of Container moves completed: 6.
2023-09-08 11:19:00,689 [main] INFO  balancer.ContainerBalancerTask (ContainerBalancerTask.java:balance(259)) - Result of this iteration of Container Balancer: ITERATION_COMPLETED
2023-09-08 11:19:00,690 [main] DEBUG balancer.ContainerBalancerTask (ContainerBalancerTask.java:initializeIteration(374)) - Average utilization of the cluster is 0.31818729163783405
2023-09-08 11:19:00,691 [main] DEBUG balancer.ContainerBalancerTask (ContainerBalancerTask.java:initializeIteration(386)) - Lower limit for utilization is 0.21818729163783404 and Upper limit for utilization is 0.4181872916378341
2023-09-08 11:19:00,691 [main] DEBUG balancer.ContainerBalancerTask (ContainerBalancerTask.java:initializeIteration(398)) - Utilization for node 04045426-5f7b-4521-a065-6bb8f4939824 with capacity 58459277084B, used 52613349376B, and remaining 5845927708B is 0.9000000000068423
2023-09-08 11:19:00,691 [main] DEBUG balancer.ContainerBalancerTask (ContainerBalancerTask.java:initializeIteration(398)) - Utilization for node d40e1eb7-8110-4b97-9f98-cf6ccf13c420 with capacity 71135395840B, used 56908316672B, and remaining 14227079168B is 0.8
2023-09-08 11:19:00,691 [main] DEBUG balancer.ContainerBalancerTask (ContainerBalancerTask.java:initializeIteration(398)) - Utilization for node 602b60bf-9ae2-4aae-86ab-9db6060af07f with capacity 59822758765B, used 41875931136B, and remaining 17946827629B is 0.700000000008358
2023-09-08 11:19:00,691 [main] DEBUG balancer.ContainerBalancerTask (ContainerBalancerTask.java:initializeIteration(398)) - Utilization for node 6c75dd3f-a2ed-4217-b44f-6faafffe7cf9 with capacity 62634939733B, used 37580963840B, and remaining 25053975893B is 0.6000000000031931
2023-09-08 11:19:00,691 [main] DEBUG balancer.ContainerBalancerTask (ContainerBalancerTask.java:initializeIteration(398)) - Utilization for node 3a5fc96b-2f6b-47d8-a2e4-3804883dfad8 with capacity 64424509440B, used 32212254720B, and remaining 32212254720B is 0.5
2023-09-08 11:19:00,691 [main] DEBUG balancer.ContainerBalancerTask (ContainerBalancerTask.java:initializeIteration(398)) - Utilization for node ac9053e9-3a73-4c64-b811-6c140be726a4 with capacity 118111600640B, used 47244640256B, and remaining 70866960384B is 0.4
2023-09-08 11:19:00,691 [main] DEBUG balancer.ContainerBalancerTask (ContainerBalancerTask.java:initializeIteration(398)) - Utilization for node 647b9d0d-689b-4635-8d93-9090e2104e7f with capacity 168219552426B, used 50465865728B, and remaining 117753686698B is 0.3000000000011889
2023-09-08 11:19:00,691 [main] DEBUG balancer.ContainerBalancerTask (ContainerBalancerTask.java:initializeIteration(398)) - Utilization for node ddff11d0-6402-44dd-a1e7-4b562d0b08f8 with capacity 177167400960B, used 35433480192B, and remaining 141733920768B is 0.2
2023-09-08 11:19:00,691 [main] DEBUG balancer.ContainerBalancerTask (ContainerBalancerTask.java:initializeIteration(398)) - Utilization for node 09d18511-5710-4a50-92e4-7cfd71fd0256 with capacity 397284474880B, used 39728447488B, and remaining 357556027392B is 0.1
2023-09-08 11:19:00,691 [main] DEBUG balancer.ContainerBalancerTask (ContainerBalancerTask.java:initializeIteration(398)) - Utilization for node e6d6cfcf-a77e-4379-8bdb-043d3d70b530 with capacity 61203283968B, used 0B, and remaining 61203283968B is 0.0
2023-09-08 11:19:00,692 [main] INFO  balancer.ContainerBalancerTask (ContainerBalancerTask.java:initializeIteration(447)) - Container Balancer has identified 5 Over-Utilized and 3 Under-Utilized Datanodes that need to be balanced.
2023-09-08 11:19:00,692 [main] DEBUG balancer.ContainerBalancerTask (ContainerBalancerTask.java:lambda$initializeIteration$1(453)) - Datanode localhost-237.80.43.227 04045426-5f7b-4521-a065-6bb8f4939824 is Over-Utilized.
2023-09-08 11:19:00,692 [main] DEBUG balancer.ContainerBalancerTask (ContainerBalancerTask.java:lambda$initializeIteration$1(453)) - Datanode localhost-29.162.95.26 d40e1eb7-8110-4b97-9f98-cf6ccf13c420 is Over-Utilized.
2023-09-08 11:19:00,692 [main] DEBUG balancer.ContainerBalancerTask (ContainerBalancerTask.java:lambda$initializeIteration$1(453)) - Datanode localhost-211.11.11.197 602b60bf-9ae2-4aae-86ab-9db6060af07f is Over-Utilized.
2023-09-08 11:19:00,692 [main] DEBUG balancer.ContainerBalancerTask (ContainerBalancerTask.java:lambda$initializeIteration$1(453)) - Datanode localhost-246.12.131.78 6c75dd3f-a2ed-4217-b44f-6faafffe7cf9 is Over-Utilized.
2023-09-08 11:19:00,692 [main] DEBUG balancer.ContainerBalancerTask (ContainerBalancerTask.java:lambda$initializeIteration$1(453)) - Datanode localhost-146.30.180.168 3a5fc96b-2f6b-47d8-a2e4-3804883dfad8 is Over-Utilized.
2023-09-08 11:19:00,692 [main] DEBUG balancer.ContainerBalancerTask (ContainerBalancerTask.java:lambda$initializeIteration$2(459)) - Datanode localhost-33.234.174.96 e6d6cfcf-a77e-4379-8bdb-043d3d70b530 is Under-Utilized.
2023-09-08 11:19:00,692 [main] DEBUG balancer.ContainerBalancerTask (ContainerBalancerTask.java:lambda$initializeIteration$2(459)) - Datanode localhost-15.163.14.242 09d18511-5710-4a50-92e4-7cfd71fd0256 is Under-Utilized.
2023-09-08 11:19:00,692 [main] DEBUG balancer.ContainerBalancerTask (ContainerBalancerTask.java:lambda$initializeIteration$2(459)) - Datanode localhost-193.78.9.32 ddff11d0-6402-44dd-a1e7-4b562d0b08f8 is Under-Utilized.
2023-09-08 11:19:00,695 [main] DEBUG balancer.ContainerBalancerTask (ContainerBalancerTask.java:matchSourceWithTarget(708)) - ContainerBalancer is finding suitable target for source datanode 04045426-5f7b-4521-a065-6bb8f4939824
2023-09-08 11:19:00,695 [main] INFO  balancer.ContainerBalancerTask (ContainerBalancerTask.java:matchSourceWithTarget(722)) - ContainerBalancer matched source datanode 04045426-5f7b-4521-a065-6bb8f4939824 with target datanode e6d6cfcf-a77e-4379-8bdb-043d3d70b530 for container move.
2023-09-08 11:19:00,695 [main] INFO  balancer.ContainerBalancerTask (ContainerBalancerTask.java:processMoveSelection(569)) - ContainerBalancer is trying to move container #85 with size 5368709120B from source datanode 04045426-5f7b-4521-a065-6bb8f4939824 to target datanode e6d6cfcf-a77e-4379-8bdb-043d3d70b530
2023-09-08 11:19:00,695 [main] DEBUG balancer.ContainerBalancerTask (ContainerBalancerTask.java:lambda$moveContainer$3(837)) - Container move completed for container #85 from source 04045426-5f7b-4521-a065-6bb8f4939824 to target e6d6cfcf-a77e-4379-8bdb-043d3d70b530
2023-09-08 11:19:00,695 [main] DEBUG balancer.ContainerBalancerTask (ContainerBalancerTask.java:adaptOnReachingIterationLimits(782)) - Reached max datanodes to involve limit. 2 datanodes have already been selected for balancing and the limit is 2. Only already selected sources and targets can be involved in balancing now.
2023-09-08 11:19:00,698 [main] DEBUG balancer.ContainerBalancerTask (ContainerBalancerTask.java:matchSourceWithTarget(708)) - ContainerBalancer is finding suitable target for source datanode 04045426-5f7b-4521-a065-6bb8f4939824
2023-09-08 11:19:00,698 [main] INFO  balancer.ContainerBalancerTask (ContainerBalancerTask.java:matchSourceWithTarget(722)) - ContainerBalancer matched source datanode 04045426-5f7b-4521-a065-6bb8f4939824 with target datanode e6d6cfcf-a77e-4379-8bdb-043d3d70b530 for container move.
2023-09-08 11:19:00,698 [main] INFO  balancer.ContainerBalancerTask (ContainerBalancerTask.java:processMoveSelection(569)) - ContainerBalancer is trying to move container #89 with size 4294967296B from source datanode 04045426-5f7b-4521-a065-6bb8f4939824 to target datanode e6d6cfcf-a77e-4379-8bdb-043d3d70b530
2023-09-08 11:19:00,698 [main] DEBUG balancer.ContainerBalancerTask (ContainerBalancerTask.java:lambda$moveContainer$3(837)) - Container move completed for container #89 from source 04045426-5f7b-4521-a065-6bb8f4939824 to target e6d6cfcf-a77e-4379-8bdb-043d3d70b530
2023-09-08 11:19:00,701 [main] DEBUG balancer.ContainerBalancerTask (ContainerBalancerTask.java:matchSourceWithTarget(708)) - ContainerBalancer is finding suitable target for source datanode 04045426-5f7b-4521-a065-6bb8f4939824
2023-09-08 11:19:00,701 [main] INFO  balancer.ContainerBalancerTask (ContainerBalancerTask.java:matchSourceWithTarget(722)) - ContainerBalancer matched source datanode 04045426-5f7b-4521-a065-6bb8f4939824 with target datanode e6d6cfcf-a77e-4379-8bdb-043d3d70b530 for container move.
2023-09-08 11:19:00,701 [main] INFO  balancer.ContainerBalancerTask (ContainerBalancerTask.java:processMoveSelection(569)) - ContainerBalancer is trying to move container #84 with size 4294967296B from source datanode 04045426-5f7b-4521-a065-6bb8f4939824 to target datanode e6d6cfcf-a77e-4379-8bdb-043d3d70b530
2023-09-08 11:19:00,701 [main] DEBUG balancer.ContainerBalancerTask (ContainerBalancerTask.java:lambda$moveContainer$3(837)) - Container move completed for container #84 from source 04045426-5f7b-4521-a065-6bb8f4939824 to target e6d6cfcf-a77e-4379-8bdb-043d3d70b530
2023-09-08 11:19:00,704 [main] DEBUG balancer.ContainerBalancerTask (ContainerBalancerTask.java:matchSourceWithTarget(708)) - ContainerBalancer is finding suitable target for source datanode 04045426-5f7b-4521-a065-6bb8f4939824
2023-09-08 11:19:00,704 [main] INFO  balancer.ContainerBalancerTask (ContainerBalancerTask.java:matchSourceWithTarget(722)) - ContainerBalancer matched source datanode 04045426-5f7b-4521-a065-6bb8f4939824 with target datanode e6d6cfcf-a77e-4379-8bdb-043d3d70b530 for container move.
2023-09-08 11:19:00,704 [main] INFO  balancer.ContainerBalancerTask (ContainerBalancerTask.java:processMoveSelection(569)) - ContainerBalancer is trying to move container #52 with size 4294967296B from source datanode 04045426-5f7b-4521-a065-6bb8f4939824 to target datanode e6d6cfcf-a77e-4379-8bdb-043d3d70b530
2023-09-08 11:19:00,704 [main] DEBUG balancer.ContainerBalancerTask (ContainerBalancerTask.java:lambda$moveContainer$3(837)) - Container move completed for container #52 from source 04045426-5f7b-4521-a065-6bb8f4939824 to target e6d6cfcf-a77e-4379-8bdb-043d3d70b530
2023-09-08 11:19:00,707 [main] DEBUG balancer.ContainerBalancerTask (ContainerBalancerTask.java:matchSourceWithTarget(708)) - ContainerBalancer is finding suitable target for source datanode 04045426-5f7b-4521-a065-6bb8f4939824
2023-09-08 11:19:00,707 [main] INFO  balancer.ContainerBalancerTask (ContainerBalancerTask.java:matchSourceWithTarget(722)) - ContainerBalancer matched source datanode 04045426-5f7b-4521-a065-6bb8f4939824 with target datanode e6d6cfcf-a77e-4379-8bdb-043d3d70b530 for container move.
2023-09-08 11:19:00,707 [main] INFO  balancer.ContainerBalancerTask (ContainerBalancerTask.java:processMoveSelection(569)) - ContainerBalancer is trying to move container #28 with size 4294967296B from source datanode 04045426-5f7b-4521-a065-6bb8f4939824 to target datanode e6d6cfcf-a77e-4379-8bdb-043d3d70b530
2023-09-08 11:19:00,707 [main] DEBUG balancer.ContainerBalancerTask (ContainerBalancerTask.java:lambda$moveContainer$3(837)) - Container move completed for container #28 from source 04045426-5f7b-4521-a065-6bb8f4939824 to target e6d6cfcf-a77e-4379-8bdb-043d3d70b530
2023-09-08 11:19:00,710 [main] DEBUG balancer.ContainerBalancerTask (ContainerBalancerTask.java:matchSourceWithTarget(708)) - ContainerBalancer is finding suitable target for source datanode 04045426-5f7b-4521-a065-6bb8f4939824
2023-09-08 11:19:00,710 [main] INFO  balancer.ContainerBalancerTask (ContainerBalancerTask.java:matchSourceWithTarget(722)) - ContainerBalancer matched source datanode 04045426-5f7b-4521-a065-6bb8f4939824 with target datanode e6d6cfcf-a77e-4379-8bdb-043d3d70b530 for container move.
2023-09-08 11:19:00,710 [main] INFO  balancer.ContainerBalancerTask (ContainerBalancerTask.java:processMoveSelection(569)) - ContainerBalancer is trying to move container #87 with size 2147483648B from source datanode 04045426-5f7b-4521-a065-6bb8f4939824 to target datanode e6d6cfcf-a77e-4379-8bdb-043d3d70b530
2023-09-08 11:19:00,710 [main] DEBUG balancer.ContainerBalancerTask (ContainerBalancerTask.java:lambda$moveContainer$3(837)) - Container move completed for container #87 from source 04045426-5f7b-4521-a065-6bb8f4939824 to target e6d6cfcf-a77e-4379-8bdb-043d3d70b530
2023-09-08 11:19:00,713 [main] DEBUG balancer.ContainerBalancerTask (ContainerBalancerTask.java:matchSourceWithTarget(708)) - ContainerBalancer is finding suitable target for source datanode 04045426-5f7b-4521-a065-6bb8f4939824
2023-09-08 11:19:00,713 [main] INFO  balancer.FindTargetGreedyByUsageInfo (AbstractFindTargetGreedy.java:findTargetForContainerMove(133)) - Container Balancer could not find a target for source datanode 04045426-5f7b-4521-a065-6bb8f4939824
2023-09-08 11:19:00,714 [main] DEBUG balancer.ContainerBalancerTask (ContainerBalancerTask.java:matchSourceWithTarget(717)) - ContainerBalancer could not find a suitable target for source node 04045426-5f7b-4521-a065-6bb8f4939824.
2023-09-08 11:19:00,714 [main] INFO  balancer.FindSourceGreedy (FindSourceGreedy.java:getNextCandidateSourceDataNode(126)) - no more candidate source data node
2023-09-08 11:19:00,714 [main] INFO  balancer.ContainerBalancerTask (ContainerBalancerTask.java:checkIterationMoveResults(642)) - Iteration Summary. Number of Datanodes involved: 2. Size moved: 23 GB (24696061952 Bytes). Number of Container moves completed: 6.
2023-09-08 11:19:00,714 [main] INFO  balancer.ContainerBalancerTask (ContainerBalancerTask.java:balance(259)) - Result of this iteration of Container Balancer: ITERATION_COMPLETED
2023-09-08 11:19:00,715 [main] DEBUG balancer.ContainerBalancerTask (ContainerBalancerTask.java:initializeIteration(374)) - Average utilization of the cluster is 0.31818729163783405
2023-09-08 11:19:00,715 [main] DEBUG balancer.ContainerBalancerTask (ContainerBalancerTask.java:initializeIteration(386)) - Lower limit for utilization is 0.21818729163783404 and Upper limit for utilization is 0.4181872916378341
2023-09-08 11:19:00,716 [main] DEBUG balancer.ContainerBalancerTask (ContainerBalancerTask.java:initializeIteration(398)) - Utilization for node 04045426-5f7b-4521-a065-6bb8f4939824 with capacity 58459277084B, used 52613349376B, and remaining 5845927708B is 0.9000000000068423
2023-09-08 11:19:00,716 [main] DEBUG balancer.ContainerBalancerTask (ContainerBalancerTask.java:initializeIteration(398)) - Utilization for node d40e1eb7-8110-4b97-9f98-cf6ccf13c420 with capacity 71135395840B, used 56908316672B, and remaining 14227079168B is 0.8
2023-09-08 11:19:00,716 [main] DEBUG balancer.ContainerBalancerTask (ContainerBalancerTask.java:initializeIteration(398)) - Utilization for node 602b60bf-9ae2-4aae-86ab-9db6060af07f with capacity 59822758765B, used 41875931136B, and remaining 17946827629B is 0.700000000008358
2023-09-08 11:19:00,716 [main] DEBUG balancer.ContainerBalancerTask (ContainerBalancerTask.java:initializeIteration(398)) - Utilization for node 6c75dd3f-a2ed-4217-b44f-6faafffe7cf9 with capacity 62634939733B, used 37580963840B, and remaining 25053975893B is 0.6000000000031931
2023-09-08 11:19:00,716 [main] DEBUG balancer.ContainerBalancerTask (ContainerBalancerTask.java:initializeIteration(398)) - Utilization for node 3a5fc96b-2f6b-47d8-a2e4-3804883dfad8 with capacity 64424509440B, used 32212254720B, and remaining 32212254720B is 0.5
2023-09-08 11:19:00,716 [main] DEBUG balancer.ContainerBalancerTask (ContainerBalancerTask.java:initializeIteration(398)) - Utilization for node ac9053e9-3a73-4c64-b811-6c140be726a4 with capacity 118111600640B, used 47244640256B, and remaining 70866960384B is 0.4
2023-09-08 11:19:00,716 [main] DEBUG balancer.ContainerBalancerTask (ContainerBalancerTask.java:initializeIteration(398)) - Utilization for node 647b9d0d-689b-4635-8d93-9090e2104e7f with capacity 168219552426B, used 50465865728B, and remaining 117753686698B is 0.3000000000011889
2023-09-08 11:19:00,716 [main] DEBUG balancer.ContainerBalancerTask (ContainerBalancerTask.java:initializeIteration(398)) - Utilization for node ddff11d0-6402-44dd-a1e7-4b562d0b08f8 with capacity 177167400960B, used 35433480192B, and remaining 141733920768B is 0.2
2023-09-08 11:19:00,716 [main] DEBUG balancer.ContainerBalancerTask (ContainerBalancerTask.java:initializeIteration(398)) - Utilization for node 09d18511-5710-4a50-92e4-7cfd71fd0256 with capacity 397284474880B, used 39728447488B, and remaining 357556027392B is 0.1
2023-09-08 11:19:00,716 [main] DEBUG balancer.ContainerBalancerTask (ContainerBalancerTask.java:initializeIteration(398)) - Utilization for node e6d6cfcf-a77e-4379-8bdb-043d3d70b530 with capacity 61203283968B, used 0B, and remaining 61203283968B is 0.0
2023-09-08 11:19:00,716 [main] INFO  balancer.ContainerBalancerTask (ContainerBalancerTask.java:initializeIteration(447)) - Container Balancer has identified 5 Over-Utilized and 3 Under-Utilized Datanodes that need to be balanced.
2023-09-08 11:19:00,716 [main] DEBUG balancer.ContainerBalancerTask (ContainerBalancerTask.java:lambda$initializeIteration$1(453)) - Datanode localhost-237.80.43.227 04045426-5f7b-4521-a065-6bb8f4939824 is Over-Utilized.
2023-09-08 11:19:00,717 [main] DEBUG balancer.ContainerBalancerTask (ContainerBalancerTask.java:lambda$initializeIteration$1(453)) - Datanode localhost-29.162.95.26 d40e1eb7-8110-4b97-9f98-cf6ccf13c420 is Over-Utilized.
2023-09-08 11:19:00,717 [main] DEBUG balancer.ContainerBalancerTask (ContainerBalancerTask.java:lambda$initializeIteration$1(453)) - Datanode localhost-211.11.11.197 602b60bf-9ae2-4aae-86ab-9db6060af07f is Over-Utilized.
2023-09-08 11:19:00,717 [main] DEBUG balancer.ContainerBalancerTask (ContainerBalancerTask.java:lambda$initializeIteration$1(453)) - Datanode localhost-246.12.131.78 6c75dd3f-a2ed-4217-b44f-6faafffe7cf9 is Over-Utilized.
2023-09-08 11:19:00,717 [main] DEBUG balancer.ContainerBalancerTask (ContainerBalancerTask.java:lambda$initializeIteration$1(453)) - Datanode localhost-146.30.180.168 3a5fc96b-2f6b-47d8-a2e4-3804883dfad8 is Over-Utilized.
2023-09-08 11:19:00,717 [main] DEBUG balancer.ContainerBalancerTask (ContainerBalancerTask.java:lambda$initializeIteration$2(459)) - Datanode localhost-33.234.174.96 e6d6cfcf-a77e-4379-8bdb-043d3d70b530 is Under-Utilized.
2023-09-08 11:19:00,717 [main] DEBUG balancer.ContainerBalancerTask (ContainerBalancerTask.java:lambda$initializeIteration$2(459)) - Datanode localhost-15.163.14.242 09d18511-5710-4a50-92e4-7cfd71fd0256 is Under-Utilized.
2023-09-08 11:19:00,717 [main] DEBUG balancer.ContainerBalancerTask (ContainerBalancerTask.java:lambda$initializeIteration$2(459)) - Datanode localhost-193.78.9.32 ddff11d0-6402-44dd-a1e7-4b562d0b08f8 is Under-Utilized.
2023-09-08 11:19:00,720 [main] DEBUG balancer.ContainerBalancerTask (ContainerBalancerTask.java:matchSourceWithTarget(708)) - ContainerBalancer is finding suitable target for source datanode 04045426-5f7b-4521-a065-6bb8f4939824
2023-09-08 11:19:00,720 [main] INFO  balancer.ContainerBalancerTask (ContainerBalancerTask.java:matchSourceWithTarget(722)) - ContainerBalancer matched source datanode 04045426-5f7b-4521-a065-6bb8f4939824 with target datanode e6d6cfcf-a77e-4379-8bdb-043d3d70b530 for container move.
2023-09-08 11:19:00,720 [main] INFO  balancer.ContainerBalancerTask (ContainerBalancerTask.java:processMoveSelection(569)) - ContainerBalancer is trying to move container #85 with size 5368709120B from source datanode 04045426-5f7b-4521-a065-6bb8f4939824 to target datanode e6d6cfcf-a77e-4379-8bdb-043d3d70b530
2023-09-08 11:19:00,720 [main] DEBUG balancer.ContainerBalancerTask (ContainerBalancerTask.java:lambda$moveContainer$3(837)) - Container move completed for container #85 from source 04045426-5f7b-4521-a065-6bb8f4939824 to target e6d6cfcf-a77e-4379-8bdb-043d3d70b530
2023-09-08 11:19:00,720 [main] DEBUG balancer.ContainerBalancerTask (ContainerBalancerTask.java:adaptOnReachingIterationLimits(782)) - Reached max datanodes to involve limit. 2 datanodes have already been selected for balancing and the limit is 2. Only already selected sources and targets can be involved in balancing now.
2023-09-08 11:19:00,723 [main] DEBUG balancer.ContainerBalancerTask (ContainerBalancerTask.java:matchSourceWithTarget(708)) - ContainerBalancer is finding suitable target for source datanode 04045426-5f7b-4521-a065-6bb8f4939824
2023-09-08 11:19:00,723 [main] INFO  balancer.ContainerBalancerTask (ContainerBalancerTask.java:matchSourceWithTarget(722)) - ContainerBalancer matched source datanode 04045426-5f7b-4521-a065-6bb8f4939824 with target datanode e6d6cfcf-a77e-4379-8bdb-043d3d70b530 for container move.
2023-09-08 11:19:00,723 [main] INFO  balancer.ContainerBalancerTask (ContainerBalancerTask.java:processMoveSelection(569)) - ContainerBalancer is trying to move container #89 with size 4294967296B from source datanode 04045426-5f7b-4521-a065-6bb8f4939824 to target datanode e6d6cfcf-a77e-4379-8bdb-043d3d70b530
2023-09-08 11:19:00,723 [main] DEBUG balancer.ContainerBalancerTask (ContainerBalancerTask.java:lambda$moveContainer$3(837)) - Container move completed for container #89 from source 04045426-5f7b-4521-a065-6bb8f4939824 to target e6d6cfcf-a77e-4379-8bdb-043d3d70b530
2023-09-08 11:19:00,726 [main] DEBUG balancer.ContainerBalancerTask (ContainerBalancerTask.java:matchSourceWithTarget(708)) - ContainerBalancer is finding suitable target for source datanode 04045426-5f7b-4521-a065-6bb8f4939824
2023-09-08 11:19:00,726 [main] INFO  balancer.ContainerBalancerTask (ContainerBalancerTask.java:matchSourceWithTarget(722)) - ContainerBalancer matched source datanode 04045426-5f7b-4521-a065-6bb8f4939824 with target datanode e6d6cfcf-a77e-4379-8bdb-043d3d70b530 for container move.
2023-09-08 11:19:00,726 [main] INFO  balancer.ContainerBalancerTask (ContainerBalancerTask.java:processMoveSelection(569)) - ContainerBalancer is trying to move container #84 with size 4294967296B from source datanode 04045426-5f7b-4521-a065-6bb8f4939824 to target datanode e6d6cfcf-a77e-4379-8bdb-043d3d70b530
2023-09-08 11:19:00,726 [main] DEBUG balancer.ContainerBalancerTask (ContainerBalancerTask.java:lambda$moveContainer$3(837)) - Container move completed for container #84 from source 04045426-5f7b-4521-a065-6bb8f4939824 to target e6d6cfcf-a77e-4379-8bdb-043d3d70b530
2023-09-08 11:19:00,729 [main] DEBUG balancer.ContainerBalancerTask (ContainerBalancerTask.java:matchSourceWithTarget(708)) - ContainerBalancer is finding suitable target for source datanode 04045426-5f7b-4521-a065-6bb8f4939824
2023-09-08 11:19:00,729 [main] INFO  balancer.ContainerBalancerTask (ContainerBalancerTask.java:matchSourceWithTarget(722)) - ContainerBalancer matched source datanode 04045426-5f7b-4521-a065-6bb8f4939824 with target datanode e6d6cfcf-a77e-4379-8bdb-043d3d70b530 for container move.
2023-09-08 11:19:00,729 [main] INFO  balancer.ContainerBalancerTask (ContainerBalancerTask.java:processMoveSelection(569)) - ContainerBalancer is trying to move container #52 with size 4294967296B from source datanode 04045426-5f7b-4521-a065-6bb8f4939824 to target datanode e6d6cfcf-a77e-4379-8bdb-043d3d70b530
2023-09-08 11:19:00,729 [main] DEBUG balancer.ContainerBalancerTask (ContainerBalancerTask.java:lambda$moveContainer$3(837)) - Container move completed for container #52 from source 04045426-5f7b-4521-a065-6bb8f4939824 to target e6d6cfcf-a77e-4379-8bdb-043d3d70b530
2023-09-08 11:19:00,731 [main] DEBUG balancer.ContainerBalancerTask (ContainerBalancerTask.java:matchSourceWithTarget(708)) - ContainerBalancer is finding suitable target for source datanode 04045426-5f7b-4521-a065-6bb8f4939824
2023-09-08 11:19:00,732 [main] INFO  balancer.ContainerBalancerTask (ContainerBalancerTask.java:matchSourceWithTarget(722)) - ContainerBalancer matched source datanode 04045426-5f7b-4521-a065-6bb8f4939824 with target datanode e6d6cfcf-a77e-4379-8bdb-043d3d70b530 for container move.
2023-09-08 11:19:00,732 [main] INFO  balancer.ContainerBalancerTask (ContainerBalancerTask.java:processMoveSelection(569)) - ContainerBalancer is trying to move container #28 with size 4294967296B from source datanode 04045426-5f7b-4521-a065-6bb8f4939824 to target datanode e6d6cfcf-a77e-4379-8bdb-043d3d70b530
2023-09-08 11:19:00,732 [main] DEBUG balancer.ContainerBalancerTask (ContainerBalancerTask.java:lambda$moveContainer$3(837)) - Container move completed for container #28 from source 04045426-5f7b-4521-a065-6bb8f4939824 to target e6d6cfcf-a77e-4379-8bdb-043d3d70b530
2023-09-08 11:19:00,734 [main] DEBUG balancer.ContainerBalancerTask (ContainerBalancerTask.java:matchSourceWithTarget(708)) - ContainerBalancer is finding suitable target for source datanode 04045426-5f7b-4521-a065-6bb8f4939824
2023-09-08 11:19:00,735 [main] INFO  balancer.ContainerBalancerTask (ContainerBalancerTask.java:matchSourceWithTarget(722)) - ContainerBalancer matched source datanode 04045426-5f7b-4521-a065-6bb8f4939824 with target datanode e6d6cfcf-a77e-4379-8bdb-043d3d70b530 for container move.
2023-09-08 11:19:00,735 [main] INFO  balancer.ContainerBalancerTask (ContainerBalancerTask.java:processMoveSelection(569)) - ContainerBalancer is trying to move container #87 with size 2147483648B from source datanode 04045426-5f7b-4521-a065-6bb8f4939824 to target datanode e6d6cfcf-a77e-4379-8bdb-043d3d70b530
2023-09-08 11:19:00,735 [main] DEBUG balancer.ContainerBalancerTask (ContainerBalancerTask.java:lambda$moveContainer$3(837)) - Container move completed for container #87 from source 04045426-5f7b-4521-a065-6bb8f4939824 to target e6d6cfcf-a77e-4379-8bdb-043d3d70b530
2023-09-08 11:19:00,737 [main] DEBUG balancer.ContainerBalancerTask (ContainerBalancerTask.java:matchSourceWithTarget(708)) - ContainerBalancer is finding suitable target for source datanode 04045426-5f7b-4521-a065-6bb8f4939824
2023-09-08 11:19:00,738 [main] INFO  balancer.FindTargetGreedyByUsageInfo (AbstractFindTargetGreedy.java:findTargetForContainerMove(133)) - Container Balancer could not find a target for source datanode 04045426-5f7b-4521-a065-6bb8f4939824
2023-09-08 11:19:00,738 [main] DEBUG balancer.ContainerBalancerTask (ContainerBalancerTask.java:matchSourceWithTarget(717)) - ContainerBalancer could not find a suitable target for source node 04045426-5f7b-4521-a065-6bb8f4939824.
2023-09-08 11:19:00,738 [main] INFO  balancer.FindSourceGreedy (FindSourceGreedy.java:getNextCandidateSourceDataNode(126)) - no more candidate source data node
2023-09-08 11:19:00,738 [main] INFO  balancer.ContainerBalancerTask (ContainerBalancerTask.java:checkIterationMoveResults(642)) - Iteration Summary. Number of Datanodes involved: 2. Size moved: 23 GB (24696061952 Bytes). Number of Container moves completed: 6.
2023-09-08 11:19:00,739 [main] INFO  balancer.ContainerBalancerTask (ContainerBalancerTask.java:balance(259)) - Result of this iteration of Container Balancer: ITERATION_COMPLETED
2023-09-08 11:19:00,740 [main] DEBUG balancer.ContainerBalancerTask (ContainerBalancerTask.java:initializeIteration(374)) - Average utilization of the cluster is 0.31818729163783405
2023-09-08 11:19:00,740 [main] DEBUG balancer.ContainerBalancerTask (ContainerBalancerTask.java:initializeIteration(386)) - Lower limit for utilization is 0.21818729163783404 and Upper limit for utilization is 0.4181872916378341
2023-09-08 11:19:00,740 [main] DEBUG balancer.ContainerBalancerTask (ContainerBalancerTask.java:initializeIteration(398)) - Utilization for node 04045426-5f7b-4521-a065-6bb8f4939824 with capacity 58459277084B, used 52613349376B, and remaining 5845927708B is 0.9000000000068423
2023-09-08 11:19:00,740 [main] DEBUG balancer.ContainerBalancerTask (ContainerBalancerTask.java:initializeIteration(398)) - Utilization for node d40e1eb7-8110-4b97-9f98-cf6ccf13c420 with capacity 71135395840B, used 56908316672B, and remaining 14227079168B is 0.8
2023-09-08 11:19:00,740 [main] DEBUG balancer.ContainerBalancerTask (ContainerBalancerTask.java:initializeIteration(398)) - Utilization for node 602b60bf-9ae2-4aae-86ab-9db6060af07f with capacity 59822758765B, used 41875931136B, and remaining 17946827629B is 0.700000000008358
2023-09-08 11:19:00,740 [main] DEBUG balancer.ContainerBalancerTask (ContainerBalancerTask.java:initializeIteration(398)) - Utilization for node 6c75dd3f-a2ed-4217-b44f-6faafffe7cf9 with capacity 62634939733B, used 37580963840B, and remaining 25053975893B is 0.6000000000031931
2023-09-08 11:19:00,741 [main] DEBUG balancer.ContainerBalancerTask (ContainerBalancerTask.java:initializeIteration(398)) - Utilization for node 3a5fc96b-2f6b-47d8-a2e4-3804883dfad8 with capacity 64424509440B, used 32212254720B, and remaining 32212254720B is 0.5
2023-09-08 11:19:00,741 [main] DEBUG balancer.ContainerBalancerTask (ContainerBalancerTask.java:initializeIteration(398)) - Utilization for node ac9053e9-3a73-4c64-b811-6c140be726a4 with capacity 118111600640B, used 47244640256B, and remaining 70866960384B is 0.4
2023-09-08 11:19:00,741 [main] DEBUG balancer.ContainerBalancerTask (ContainerBalancerTask.java:initializeIteration(398)) - Utilization for node 647b9d0d-689b-4635-8d93-9090e2104e7f with capacity 168219552426B, used 50465865728B, and remaining 117753686698B is 0.3000000000011889
2023-09-08 11:19:00,741 [main] DEBUG balancer.ContainerBalancerTask (ContainerBalancerTask.java:initializeIteration(398)) - Utilization for node ddff11d0-6402-44dd-a1e7-4b562d0b08f8 with capacity 177167400960B, used 35433480192B, and remaining 141733920768B is 0.2
2023-09-08 11:19:00,741 [main] DEBUG balancer.ContainerBalancerTask (ContainerBalancerTask.java:initializeIteration(398)) - Utilization for node 09d18511-5710-4a50-92e4-7cfd71fd0256 with capacity 397284474880B, used 39728447488B, and remaining 357556027392B is 0.1
2023-09-08 11:19:00,741 [main] DEBUG balancer.ContainerBalancerTask (ContainerBalancerTask.java:initializeIteration(398)) - Utilization for node e6d6cfcf-a77e-4379-8bdb-043d3d70b530 with capacity 61203283968B, used 0B, and remaining 61203283968B is 0.0
2023-09-08 11:19:00,741 [main] INFO  balancer.ContainerBalancerTask (ContainerBalancerTask.java:initializeIteration(447)) - Container Balancer has identified 5 Over-Utilized and 3 Under-Utilized Datanodes that need to be balanced.
2023-09-08 11:19:00,741 [main] DEBUG balancer.ContainerBalancerTask (ContainerBalancerTask.java:lambda$initializeIteration$1(453)) - Datanode localhost-237.80.43.227 04045426-5f7b-4521-a065-6bb8f4939824 is Over-Utilized.
2023-09-08 11:19:00,741 [main] DEBUG balancer.ContainerBalancerTask (ContainerBalancerTask.java:lambda$initializeIteration$1(453)) - Datanode localhost-29.162.95.26 d40e1eb7-8110-4b97-9f98-cf6ccf13c420 is Over-Utilized.
2023-09-08 11:19:00,741 [main] DEBUG balancer.ContainerBalancerTask (ContainerBalancerTask.java:lambda$initializeIteration$1(453)) - Datanode localhost-211.11.11.197 602b60bf-9ae2-4aae-86ab-9db6060af07f is Over-Utilized.
2023-09-08 11:19:00,741 [main] DEBUG balancer.ContainerBalancerTask (ContainerBalancerTask.java:lambda$initializeIteration$1(453)) - Datanode localhost-246.12.131.78 6c75dd3f-a2ed-4217-b44f-6faafffe7cf9 is Over-Utilized.
2023-09-08 11:19:00,741 [main] DEBUG balancer.ContainerBalancerTask (ContainerBalancerTask.java:lambda$initializeIteration$1(453)) - Datanode localhost-146.30.180.168 3a5fc96b-2f6b-47d8-a2e4-3804883dfad8 is Over-Utilized.
2023-09-08 11:19:00,742 [main] DEBUG balancer.ContainerBalancerTask (ContainerBalancerTask.java:lambda$initializeIteration$2(459)) - Datanode localhost-33.234.174.96 e6d6cfcf-a77e-4379-8bdb-043d3d70b530 is Under-Utilized.
2023-09-08 11:19:00,742 [main] DEBUG balancer.ContainerBalancerTask (ContainerBalancerTask.java:lambda$initializeIteration$2(459)) - Datanode localhost-15.163.14.242 09d18511-5710-4a50-92e4-7cfd71fd0256 is Under-Utilized.
2023-09-08 11:19:00,742 [main] DEBUG balancer.ContainerBalancerTask (ContainerBalancerTask.java:lambda$initializeIteration$2(459)) - Datanode localhost-193.78.9.32 ddff11d0-6402-44dd-a1e7-4b562d0b08f8 is Under-Utilized.
2023-09-08 11:19:00,744 [main] DEBUG balancer.ContainerBalancerTask (ContainerBalancerTask.java:matchSourceWithTarget(708)) - ContainerBalancer is finding suitable target for source datanode 04045426-5f7b-4521-a065-6bb8f4939824
2023-09-08 11:19:00,744 [main] INFO  balancer.ContainerBalancerTask (ContainerBalancerTask.java:matchSourceWithTarget(722)) - ContainerBalancer matched source datanode 04045426-5f7b-4521-a065-6bb8f4939824 with target datanode e6d6cfcf-a77e-4379-8bdb-043d3d70b530 for container move.
2023-09-08 11:19:00,744 [main] INFO  balancer.ContainerBalancerTask (ContainerBalancerTask.java:processMoveSelection(569)) - ContainerBalancer is trying to move container #85 with size 5368709120B from source datanode 04045426-5f7b-4521-a065-6bb8f4939824 to target datanode e6d6cfcf-a77e-4379-8bdb-043d3d70b530
2023-09-08 11:19:00,745 [main] DEBUG balancer.ContainerBalancerTask (ContainerBalancerTask.java:lambda$moveContainer$3(837)) - Container move completed for container #85 from source 04045426-5f7b-4521-a065-6bb8f4939824 to target e6d6cfcf-a77e-4379-8bdb-043d3d70b530
2023-09-08 11:19:00,745 [main] DEBUG balancer.ContainerBalancerTask (ContainerBalancerTask.java:adaptOnReachingIterationLimits(782)) - Reached max datanodes to involve limit. 2 datanodes have already been selected for balancing and the limit is 2. Only already selected sources and targets can be involved in balancing now.
2023-09-08 11:19:00,747 [main] DEBUG balancer.ContainerBalancerTask (ContainerBalancerTask.java:matchSourceWithTarget(708)) - ContainerBalancer is finding suitable target for source datanode 04045426-5f7b-4521-a065-6bb8f4939824
2023-09-08 11:19:00,747 [main] INFO  balancer.ContainerBalancerTask (ContainerBalancerTask.java:matchSourceWithTarget(722)) - ContainerBalancer matched source datanode 04045426-5f7b-4521-a065-6bb8f4939824 with target datanode e6d6cfcf-a77e-4379-8bdb-043d3d70b530 for container move.
2023-09-08 11:19:00,748 [main] INFO  balancer.ContainerBalancerTask (ContainerBalancerTask.java:processMoveSelection(569)) - ContainerBalancer is trying to move container #89 with size 4294967296B from source datanode 04045426-5f7b-4521-a065-6bb8f4939824 to target datanode e6d6cfcf-a77e-4379-8bdb-043d3d70b530
2023-09-08 11:19:00,748 [main] DEBUG balancer.ContainerBalancerTask (ContainerBalancerTask.java:lambda$moveContainer$3(837)) - Container move completed for container #89 from source 04045426-5f7b-4521-a065-6bb8f4939824 to target e6d6cfcf-a77e-4379-8bdb-043d3d70b530
2023-09-08 11:19:00,750 [main] DEBUG balancer.ContainerBalancerTask (ContainerBalancerTask.java:matchSourceWithTarget(708)) - ContainerBalancer is finding suitable target for source datanode 04045426-5f7b-4521-a065-6bb8f4939824
2023-09-08 11:19:00,750 [main] INFO  balancer.ContainerBalancerTask (ContainerBalancerTask.java:matchSourceWithTarget(722)) - ContainerBalancer matched source datanode 04045426-5f7b-4521-a065-6bb8f4939824 with target datanode e6d6cfcf-a77e-4379-8bdb-043d3d70b530 for container move.
2023-09-08 11:19:00,751 [main] INFO  balancer.ContainerBalancerTask (ContainerBalancerTask.java:processMoveSelection(569)) - ContainerBalancer is trying to move container #84 with size 4294967296B from source datanode 04045426-5f7b-4521-a065-6bb8f4939824 to target datanode e6d6cfcf-a77e-4379-8bdb-043d3d70b530
2023-09-08 11:19:00,751 [main] DEBUG balancer.ContainerBalancerTask (ContainerBalancerTask.java:lambda$moveContainer$3(837)) - Container move completed for container #84 from source 04045426-5f7b-4521-a065-6bb8f4939824 to target e6d6cfcf-a77e-4379-8bdb-043d3d70b530
2023-09-08 11:19:00,753 [main] DEBUG balancer.ContainerBalancerTask (ContainerBalancerTask.java:matchSourceWithTarget(708)) - ContainerBalancer is finding suitable target for source datanode 04045426-5f7b-4521-a065-6bb8f4939824
2023-09-08 11:19:00,753 [main] INFO  balancer.ContainerBalancerTask (ContainerBalancerTask.java:matchSourceWithTarget(722)) - ContainerBalancer matched source datanode 04045426-5f7b-4521-a065-6bb8f4939824 with target datanode e6d6cfcf-a77e-4379-8bdb-043d3d70b530 for container move.
2023-09-08 11:19:00,754 [main] INFO  balancer.ContainerBalancerTask (ContainerBalancerTask.java:processMoveSelection(569)) - ContainerBalancer is trying to move container #52 with size 4294967296B from source datanode 04045426-5f7b-4521-a065-6bb8f4939824 to target datanode e6d6cfcf-a77e-4379-8bdb-043d3d70b530
2023-09-08 11:19:00,754 [main] DEBUG balancer.ContainerBalancerTask (ContainerBalancerTask.java:lambda$moveContainer$3(837)) - Container move completed for container #52 from source 04045426-5f7b-4521-a065-6bb8f4939824 to target e6d6cfcf-a77e-4379-8bdb-043d3d70b530
2023-09-08 11:19:00,756 [main] DEBUG balancer.ContainerBalancerTask (ContainerBalancerTask.java:matchSourceWithTarget(708)) - ContainerBalancer is finding suitable target for source datanode 04045426-5f7b-4521-a065-6bb8f4939824
2023-09-08 11:19:00,756 [main] INFO  balancer.ContainerBalancerTask (ContainerBalancerTask.java:matchSourceWithTarget(722)) - ContainerBalancer matched source datanode 04045426-5f7b-4521-a065-6bb8f4939824 with target datanode e6d6cfcf-a77e-4379-8bdb-043d3d70b530 for container move.
2023-09-08 11:19:00,757 [main] INFO  balancer.ContainerBalancerTask (ContainerBalancerTask.java:processMoveSelection(569)) - ContainerBalancer is trying to move container #28 with size 4294967296B from source datanode 04045426-5f7b-4521-a065-6bb8f4939824 to target datanode e6d6cfcf-a77e-4379-8bdb-043d3d70b530
2023-09-08 11:19:00,757 [main] DEBUG balancer.ContainerBalancerTask (ContainerBalancerTask.java:lambda$moveContainer$3(837)) - Container move completed for container #28 from source 04045426-5f7b-4521-a065-6bb8f4939824 to target e6d6cfcf-a77e-4379-8bdb-043d3d70b530
2023-09-08 11:19:00,759 [main] DEBUG balancer.ContainerBalancerTask (ContainerBalancerTask.java:matchSourceWithTarget(708)) - ContainerBalancer is finding suitable target for source datanode 04045426-5f7b-4521-a065-6bb8f4939824
2023-09-08 11:19:00,760 [main] INFO  balancer.ContainerBalancerTask (ContainerBalancerTask.java:matchSourceWithTarget(722)) - ContainerBalancer matched source datanode 04045426-5f7b-4521-a065-6bb8f4939824 with target datanode e6d6cfcf-a77e-4379-8bdb-043d3d70b530 for container move.
2023-09-08 11:19:00,760 [main] INFO  balancer.ContainerBalancerTask (ContainerBalancerTask.java:processMoveSelection(569)) - ContainerBalancer is trying to move container #87 with size 2147483648B from source datanode 04045426-5f7b-4521-a065-6bb8f4939824 to target datanode e6d6cfcf-a77e-4379-8bdb-043d3d70b530
2023-09-08 11:19:00,760 [main] DEBUG balancer.ContainerBalancerTask (ContainerBalancerTask.java:lambda$moveContainer$3(837)) - Container move completed for container #87 from source 04045426-5f7b-4521-a065-6bb8f4939824 to target e6d6cfcf-a77e-4379-8bdb-043d3d70b530
2023-09-08 11:19:00,762 [main] DEBUG balancer.ContainerBalancerTask (ContainerBalancerTask.java:matchSourceWithTarget(708)) - ContainerBalancer is finding suitable target for source datanode 04045426-5f7b-4521-a065-6bb8f4939824
2023-09-08 11:19:00,763 [main] INFO  balancer.FindTargetGreedyByUsageInfo (AbstractFindTargetGreedy.java:findTargetForContainerMove(133)) - Container Balancer could not find a target for source datanode 04045426-5f7b-4521-a065-6bb8f4939824
2023-09-08 11:19:00,763 [main] DEBUG balancer.ContainerBalancerTask (ContainerBalancerTask.java:matchSourceWithTarget(717)) - ContainerBalancer could not find a suitable target for source node 04045426-5f7b-4521-a065-6bb8f4939824.
2023-09-08 11:19:00,763 [main] INFO  balancer.FindSourceGreedy (FindSourceGreedy.java:getNextCandidateSourceDataNode(126)) - no more candidate source data node
2023-09-08 11:19:00,763 [main] INFO  balancer.ContainerBalancerTask (ContainerBalancerTask.java:checkIterationMoveResults(642)) - Iteration Summary. Number of Datanodes involved: 2. Size moved: 23 GB (24696061952 Bytes). Number of Container moves completed: 6.
2023-09-08 11:19:00,763 [main] INFO  balancer.ContainerBalancerTask (ContainerBalancerTask.java:balance(259)) - Result of this iteration of Container Balancer: ITERATION_COMPLETED
2023-09-08 11:19:00,765 [main] DEBUG balancer.ContainerBalancerTask (ContainerBalancerTask.java:initializeIteration(374)) - Average utilization of the cluster is 0.31818729163783405
2023-09-08 11:19:00,765 [main] DEBUG balancer.ContainerBalancerTask (ContainerBalancerTask.java:initializeIteration(386)) - Lower limit for utilization is 0.21818729163783404 and Upper limit for utilization is 0.4181872916378341
2023-09-08 11:19:00,765 [main] DEBUG balancer.ContainerBalancerTask (ContainerBalancerTask.java:initializeIteration(398)) - Utilization for node 04045426-5f7b-4521-a065-6bb8f4939824 with capacity 58459277084B, used 52613349376B, and remaining 5845927708B is 0.9000000000068423
2023-09-08 11:19:00,765 [main] DEBUG balancer.ContainerBalancerTask (ContainerBalancerTask.java:initializeIteration(398)) - Utilization for node d40e1eb7-8110-4b97-9f98-cf6ccf13c420 with capacity 71135395840B, used 56908316672B, and remaining 14227079168B is 0.8
2023-09-08 11:19:00,765 [main] DEBUG balancer.ContainerBalancerTask (ContainerBalancerTask.java:initializeIteration(398)) - Utilization for node 602b60bf-9ae2-4aae-86ab-9db6060af07f with capacity 59822758765B, used 41875931136B, and remaining 17946827629B is 0.700000000008358
2023-09-08 11:19:00,765 [main] DEBUG balancer.ContainerBalancerTask (ContainerBalancerTask.java:initializeIteration(398)) - Utilization for node 6c75dd3f-a2ed-4217-b44f-6faafffe7cf9 with capacity 62634939733B, used 37580963840B, and remaining 25053975893B is 0.6000000000031931
2023-09-08 11:19:00,765 [main] DEBUG balancer.ContainerBalancerTask (ContainerBalancerTask.java:initializeIteration(398)) - Utilization for node 3a5fc96b-2f6b-47d8-a2e4-3804883dfad8 with capacity 64424509440B, used 32212254720B, and remaining 32212254720B is 0.5
2023-09-08 11:19:00,765 [main] DEBUG balancer.ContainerBalancerTask (ContainerBalancerTask.java:initializeIteration(398)) - Utilization for node ac9053e9-3a73-4c64-b811-6c140be726a4 with capacity 118111600640B, used 47244640256B, and remaining 70866960384B is 0.4
2023-09-08 11:19:00,765 [main] DEBUG balancer.ContainerBalancerTask (ContainerBalancerTask.java:initializeIteration(398)) - Utilization for node 647b9d0d-689b-4635-8d93-9090e2104e7f with capacity 168219552426B, used 50465865728B, and remaining 117753686698B is 0.3000000000011889
2023-09-08 11:19:00,766 [main] DEBUG balancer.ContainerBalancerTask (ContainerBalancerTask.java:initializeIteration(398)) - Utilization for node ddff11d0-6402-44dd-a1e7-4b562d0b08f8 with capacity 177167400960B, used 35433480192B, and remaining 141733920768B is 0.2
2023-09-08 11:19:00,766 [main] DEBUG balancer.ContainerBalancerTask (ContainerBalancerTask.java:initializeIteration(398)) - Utilization for node 09d18511-5710-4a50-92e4-7cfd71fd0256 with capacity 397284474880B, used 39728447488B, and remaining 357556027392B is 0.1
2023-09-08 11:19:00,766 [main] DEBUG balancer.ContainerBalancerTask (ContainerBalancerTask.java:initializeIteration(398)) - Utilization for node e6d6cfcf-a77e-4379-8bdb-043d3d70b530 with capacity 61203283968B, used 0B, and remaining 61203283968B is 0.0
2023-09-08 11:19:00,766 [main] INFO  balancer.ContainerBalancerTask (ContainerBalancerTask.java:initializeIteration(447)) - Container Balancer has identified 5 Over-Utilized and 3 Under-Utilized Datanodes that need to be balanced.
2023-09-08 11:19:00,766 [main] DEBUG balancer.ContainerBalancerTask (ContainerBalancerTask.java:lambda$initializeIteration$1(453)) - Datanode localhost-237.80.43.227 04045426-5f7b-4521-a065-6bb8f4939824 is Over-Utilized.
2023-09-08 11:19:00,766 [main] DEBUG balancer.ContainerBalancerTask (ContainerBalancerTask.java:lambda$initializeIteration$1(453)) - Datanode localhost-29.162.95.26 d40e1eb7-8110-4b97-9f98-cf6ccf13c420 is Over-Utilized.
2023-09-08 11:19:00,766 [main] DEBUG balancer.ContainerBalancerTask (ContainerBalancerTask.java:lambda$initializeIteration$1(453)) - Datanode localhost-211.11.11.197 602b60bf-9ae2-4aae-86ab-9db6060af07f is Over-Utilized.
2023-09-08 11:19:00,766 [main] DEBUG balancer.ContainerBalancerTask (ContainerBalancerTask.java:lambda$initializeIteration$1(453)) - Datanode localhost-246.12.131.78 6c75dd3f-a2ed-4217-b44f-6faafffe7cf9 is Over-Utilized.
2023-09-08 11:19:00,766 [main] DEBUG balancer.ContainerBalancerTask (ContainerBalancerTask.java:lambda$initializeIteration$1(453)) - Datanode localhost-146.30.180.168 3a5fc96b-2f6b-47d8-a2e4-3804883dfad8 is Over-Utilized.
2023-09-08 11:19:00,766 [main] DEBUG balancer.ContainerBalancerTask (ContainerBalancerTask.java:lambda$initializeIteration$2(459)) - Datanode localhost-33.234.174.96 e6d6cfcf-a77e-4379-8bdb-043d3d70b530 is Under-Utilized.
2023-09-08 11:19:00,766 [main] DEBUG balancer.ContainerBalancerTask (ContainerBalancerTask.java:lambda$initializeIteration$2(459)) - Datanode localhost-15.163.14.242 09d18511-5710-4a50-92e4-7cfd71fd0256 is Under-Utilized.
2023-09-08 11:19:00,766 [main] DEBUG balancer.ContainerBalancerTask (ContainerBalancerTask.java:lambda$initializeIteration$2(459)) - Datanode localhost-193.78.9.32 ddff11d0-6402-44dd-a1e7-4b562d0b08f8 is Under-Utilized.
2023-09-08 11:19:00,769 [main] DEBUG balancer.ContainerBalancerTask (ContainerBalancerTask.java:matchSourceWithTarget(708)) - ContainerBalancer is finding suitable target for source datanode 04045426-5f7b-4521-a065-6bb8f4939824
2023-09-08 11:19:00,769 [main] INFO  balancer.ContainerBalancerTask (ContainerBalancerTask.java:matchSourceWithTarget(722)) - ContainerBalancer matched source datanode 04045426-5f7b-4521-a065-6bb8f4939824 with target datanode e6d6cfcf-a77e-4379-8bdb-043d3d70b530 for container move.
2023-09-08 11:19:00,769 [main] INFO  balancer.ContainerBalancerTask (ContainerBalancerTask.java:processMoveSelection(569)) - ContainerBalancer is trying to move container #85 with size 5368709120B from source datanode 04045426-5f7b-4521-a065-6bb8f4939824 to target datanode e6d6cfcf-a77e-4379-8bdb-043d3d70b530
2023-09-08 11:19:00,769 [main] DEBUG balancer.ContainerBalancerTask (ContainerBalancerTask.java:lambda$moveContainer$3(837)) - Container move completed for container #85 from source 04045426-5f7b-4521-a065-6bb8f4939824 to target e6d6cfcf-a77e-4379-8bdb-043d3d70b530
2023-09-08 11:19:00,770 [main] DEBUG balancer.ContainerBalancerTask (ContainerBalancerTask.java:adaptOnReachingIterationLimits(782)) - Reached max datanodes to involve limit. 2 datanodes have already been selected for balancing and the limit is 2. Only already selected sources and targets can be involved in balancing now.
2023-09-08 11:19:00,772 [main] DEBUG balancer.ContainerBalancerTask (ContainerBalancerTask.java:matchSourceWithTarget(708)) - ContainerBalancer is finding suitable target for source datanode 04045426-5f7b-4521-a065-6bb8f4939824
2023-09-08 11:19:00,772 [main] INFO  balancer.ContainerBalancerTask (ContainerBalancerTask.java:matchSourceWithTarget(722)) - ContainerBalancer matched source datanode 04045426-5f7b-4521-a065-6bb8f4939824 with target datanode e6d6cfcf-a77e-4379-8bdb-043d3d70b530 for container move.
2023-09-08 11:19:00,772 [main] INFO  balancer.ContainerBalancerTask (ContainerBalancerTask.java:processMoveSelection(569)) - ContainerBalancer is trying to move container #89 with size 4294967296B from source datanode 04045426-5f7b-4521-a065-6bb8f4939824 to target datanode e6d6cfcf-a77e-4379-8bdb-043d3d70b530
2023-09-08 11:19:00,773 [main] DEBUG balancer.ContainerBalancerTask (ContainerBalancerTask.java:lambda$moveContainer$3(837)) - Container move completed for container #89 from source 04045426-5f7b-4521-a065-6bb8f4939824 to target e6d6cfcf-a77e-4379-8bdb-043d3d70b530
2023-09-08 11:19:00,775 [main] DEBUG balancer.ContainerBalancerTask (ContainerBalancerTask.java:matchSourceWithTarget(708)) - ContainerBalancer is finding suitable target for source datanode 04045426-5f7b-4521-a065-6bb8f4939824
2023-09-08 11:19:00,775 [main] INFO  balancer.ContainerBalancerTask (ContainerBalancerTask.java:matchSourceWithTarget(722)) - ContainerBalancer matched source datanode 04045426-5f7b-4521-a065-6bb8f4939824 with target datanode e6d6cfcf-a77e-4379-8bdb-043d3d70b530 for container move.
2023-09-08 11:19:00,775 [main] INFO  balancer.ContainerBalancerTask (ContainerBalancerTask.java:processMoveSelection(569)) - ContainerBalancer is trying to move container #84 with size 4294967296B from source datanode 04045426-5f7b-4521-a065-6bb8f4939824 to target datanode e6d6cfcf-a77e-4379-8bdb-043d3d70b530
2023-09-08 11:19:00,776 [main] DEBUG balancer.ContainerBalancerTask (ContainerBalancerTask.java:lambda$moveContainer$3(837)) - Container move completed for container #84 from source 04045426-5f7b-4521-a065-6bb8f4939824 to target e6d6cfcf-a77e-4379-8bdb-043d3d70b530
2023-09-08 11:19:00,778 [main] DEBUG balancer.ContainerBalancerTask (ContainerBalancerTask.java:matchSourceWithTarget(708)) - ContainerBalancer is finding suitable target for source datanode 04045426-5f7b-4521-a065-6bb8f4939824
2023-09-08 11:19:00,778 [main] INFO  balancer.ContainerBalancerTask (ContainerBalancerTask.java:matchSourceWithTarget(722)) - ContainerBalancer matched source datanode 04045426-5f7b-4521-a065-6bb8f4939824 with target datanode e6d6cfcf-a77e-4379-8bdb-043d3d70b530 for container move.
2023-09-08 11:19:00,778 [main] INFO  balancer.ContainerBalancerTask (ContainerBalancerTask.java:processMoveSelection(569)) - ContainerBalancer is trying to move container #52 with size 4294967296B from source datanode 04045426-5f7b-4521-a065-6bb8f4939824 to target datanode e6d6cfcf-a77e-4379-8bdb-043d3d70b530
2023-09-08 11:19:00,778 [main] DEBUG balancer.ContainerBalancerTask (ContainerBalancerTask.java:lambda$moveContainer$3(837)) - Container move completed for container #52 from source 04045426-5f7b-4521-a065-6bb8f4939824 to target e6d6cfcf-a77e-4379-8bdb-043d3d70b530
2023-09-08 11:19:00,781 [main] DEBUG balancer.ContainerBalancerTask (ContainerBalancerTask.java:matchSourceWithTarget(708)) - ContainerBalancer is finding suitable target for source datanode 04045426-5f7b-4521-a065-6bb8f4939824
2023-09-08 11:19:00,781 [main] INFO  balancer.ContainerBalancerTask (ContainerBalancerTask.java:matchSourceWithTarget(722)) - ContainerBalancer matched source datanode 04045426-5f7b-4521-a065-6bb8f4939824 with target datanode e6d6cfcf-a77e-4379-8bdb-043d3d70b530 for container move.
2023-09-08 11:19:00,781 [main] INFO  balancer.ContainerBalancerTask (ContainerBalancerTask.java:processMoveSelection(569)) - ContainerBalancer is trying to move container #28 with size 4294967296B from source datanode 04045426-5f7b-4521-a065-6bb8f4939824 to target datanode e6d6cfcf-a77e-4379-8bdb-043d3d70b530
2023-09-08 11:19:00,781 [main] DEBUG balancer.ContainerBalancerTask (ContainerBalancerTask.java:lambda$moveContainer$3(837)) - Container move completed for container #28 from source 04045426-5f7b-4521-a065-6bb8f4939824 to target e6d6cfcf-a77e-4379-8bdb-043d3d70b530
2023-09-08 11:19:00,784 [main] DEBUG balancer.ContainerBalancerTask (ContainerBalancerTask.java:matchSourceWithTarget(708)) - ContainerBalancer is finding suitable target for source datanode 04045426-5f7b-4521-a065-6bb8f4939824
2023-09-08 11:19:00,784 [main] INFO  balancer.ContainerBalancerTask (ContainerBalancerTask.java:matchSourceWithTarget(722)) - ContainerBalancer matched source datanode 04045426-5f7b-4521-a065-6bb8f4939824 with target datanode e6d6cfcf-a77e-4379-8bdb-043d3d70b530 for container move.
2023-09-08 11:19:00,784 [main] INFO  balancer.ContainerBalancerTask (ContainerBalancerTask.java:processMoveSelection(569)) - ContainerBalancer is trying to move container #87 with size 2147483648B from source datanode 04045426-5f7b-4521-a065-6bb8f4939824 to target datanode e6d6cfcf-a77e-4379-8bdb-043d3d70b530
2023-09-08 11:19:00,784 [main] DEBUG balancer.ContainerBalancerTask (ContainerBalancerTask.java:lambda$moveContainer$3(837)) - Container move completed for container #87 from source 04045426-5f7b-4521-a065-6bb8f4939824 to target e6d6cfcf-a77e-4379-8bdb-043d3d70b530
2023-09-08 11:19:00,787 [main] DEBUG balancer.ContainerBalancerTask (ContainerBalancerTask.java:matchSourceWithTarget(708)) - ContainerBalancer is finding suitable target for source datanode 04045426-5f7b-4521-a065-6bb8f4939824
2023-09-08 11:19:00,788 [main] INFO  balancer.FindTargetGreedyByUsageInfo (AbstractFindTargetGreedy.java:findTargetForContainerMove(133)) - Container Balancer could not find a target for source datanode 04045426-5f7b-4521-a065-6bb8f4939824
2023-09-08 11:19:00,788 [main] DEBUG balancer.ContainerBalancerTask (ContainerBalancerTask.java:matchSourceWithTarget(717)) - ContainerBalancer could not find a suitable target for source node 04045426-5f7b-4521-a065-6bb8f4939824.
2023-09-08 11:19:00,788 [main] INFO  balancer.FindSourceGreedy (FindSourceGreedy.java:getNextCandidateSourceDataNode(126)) - no more candidate source data node
2023-09-08 11:19:00,788 [main] INFO  balancer.ContainerBalancerTask (ContainerBalancerTask.java:checkIterationMoveResults(642)) - Iteration Summary. Number of Datanodes involved: 2. Size moved: 23 GB (24696061952 Bytes). Number of Container moves completed: 6.
2023-09-08 11:19:00,788 [main] INFO  balancer.ContainerBalancerTask (ContainerBalancerTask.java:balance(259)) - Result of this iteration of Container Balancer: ITERATION_COMPLETED
2023-09-08 11:19:00,789 [main] DEBUG balancer.ContainerBalancerTask (ContainerBalancerTask.java:initializeIteration(374)) - Average utilization of the cluster is 0.31818729163783405
2023-09-08 11:19:00,790 [main] DEBUG balancer.ContainerBalancerTask (ContainerBalancerTask.java:initializeIteration(386)) - Lower limit for utilization is 0.21818729163783404 and Upper limit for utilization is 0.4181872916378341
2023-09-08 11:19:00,790 [main] DEBUG balancer.ContainerBalancerTask (ContainerBalancerTask.java:initializeIteration(398)) - Utilization for node 04045426-5f7b-4521-a065-6bb8f4939824 with capacity 58459277084B, used 52613349376B, and remaining 5845927708B is 0.9000000000068423
2023-09-08 11:19:00,790 [main] DEBUG balancer.ContainerBalancerTask (ContainerBalancerTask.java:initializeIteration(398)) - Utilization for node d40e1eb7-8110-4b97-9f98-cf6ccf13c420 with capacity 71135395840B, used 56908316672B, and remaining 14227079168B is 0.8
2023-09-08 11:19:00,790 [main] DEBUG balancer.ContainerBalancerTask (ContainerBalancerTask.java:initializeIteration(398)) - Utilization for node 602b60bf-9ae2-4aae-86ab-9db6060af07f with capacity 59822758765B, used 41875931136B, and remaining 17946827629B is 0.700000000008358
2023-09-08 11:19:00,790 [main] DEBUG balancer.ContainerBalancerTask (ContainerBalancerTask.java:initializeIteration(398)) - Utilization for node 6c75dd3f-a2ed-4217-b44f-6faafffe7cf9 with capacity 62634939733B, used 37580963840B, and remaining 25053975893B is 0.6000000000031931
2023-09-08 11:19:00,790 [main] DEBUG balancer.ContainerBalancerTask (ContainerBalancerTask.java:initializeIteration(398)) - Utilization for node 3a5fc96b-2f6b-47d8-a2e4-3804883dfad8 with capacity 64424509440B, used 32212254720B, and remaining 32212254720B is 0.5
2023-09-08 11:19:00,790 [main] DEBUG balancer.ContainerBalancerTask (ContainerBalancerTask.java:initializeIteration(398)) - Utilization for node ac9053e9-3a73-4c64-b811-6c140be726a4 with capacity 118111600640B, used 47244640256B, and remaining 70866960384B is 0.4
2023-09-08 11:19:00,790 [main] DEBUG balancer.ContainerBalancerTask (ContainerBalancerTask.java:initializeIteration(398)) - Utilization for node 647b9d0d-689b-4635-8d93-9090e2104e7f with capacity 168219552426B, used 50465865728B, and remaining 117753686698B is 0.3000000000011889
2023-09-08 11:19:00,790 [main] DEBUG balancer.ContainerBalancerTask (ContainerBalancerTask.java:initializeIteration(398)) - Utilization for node ddff11d0-6402-44dd-a1e7-4b562d0b08f8 with capacity 177167400960B, used 35433480192B, and remaining 141733920768B is 0.2
2023-09-08 11:19:00,790 [main] DEBUG balancer.ContainerBalancerTask (ContainerBalancerTask.java:initializeIteration(398)) - Utilization for node 09d18511-5710-4a50-92e4-7cfd71fd0256 with capacity 397284474880B, used 39728447488B, and remaining 357556027392B is 0.1
2023-09-08 11:19:00,790 [main] DEBUG balancer.ContainerBalancerTask (ContainerBalancerTask.java:initializeIteration(398)) - Utilization for node e6d6cfcf-a77e-4379-8bdb-043d3d70b530 with capacity 61203283968B, used 0B, and remaining 61203283968B is 0.0
2023-09-08 11:19:00,790 [main] INFO  balancer.ContainerBalancerTask (ContainerBalancerTask.java:initializeIteration(447)) - Container Balancer has identified 5 Over-Utilized and 3 Under-Utilized Datanodes that need to be balanced.
2023-09-08 11:19:00,791 [main] DEBUG balancer.ContainerBalancerTask (ContainerBalancerTask.java:lambda$initializeIteration$1(453)) - Datanode localhost-237.80.43.227 04045426-5f7b-4521-a065-6bb8f4939824 is Over-Utilized.
2023-09-08 11:19:00,791 [main] DEBUG balancer.ContainerBalancerTask (ContainerBalancerTask.java:lambda$initializeIteration$1(453)) - Datanode localhost-29.162.95.26 d40e1eb7-8110-4b97-9f98-cf6ccf13c420 is Over-Utilized.
2023-09-08 11:19:00,791 [main] DEBUG balancer.ContainerBalancerTask (ContainerBalancerTask.java:lambda$initializeIteration$1(453)) - Datanode localhost-211.11.11.197 602b60bf-9ae2-4aae-86ab-9db6060af07f is Over-Utilized.
2023-09-08 11:19:00,791 [main] DEBUG balancer.ContainerBalancerTask (ContainerBalancerTask.java:lambda$initializeIteration$1(453)) - Datanode localhost-246.12.131.78 6c75dd3f-a2ed-4217-b44f-6faafffe7cf9 is Over-Utilized.
2023-09-08 11:19:00,791 [main] DEBUG balancer.ContainerBalancerTask (ContainerBalancerTask.java:lambda$initializeIteration$1(453)) - Datanode localhost-146.30.180.168 3a5fc96b-2f6b-47d8-a2e4-3804883dfad8 is Over-Utilized.
2023-09-08 11:19:00,791 [main] DEBUG balancer.ContainerBalancerTask (ContainerBalancerTask.java:lambda$initializeIteration$2(459)) - Datanode localhost-33.234.174.96 e6d6cfcf-a77e-4379-8bdb-043d3d70b530 is Under-Utilized.
2023-09-08 11:19:00,791 [main] DEBUG balancer.ContainerBalancerTask (ContainerBalancerTask.java:lambda$initializeIteration$2(459)) - Datanode localhost-15.163.14.242 09d18511-5710-4a50-92e4-7cfd71fd0256 is Under-Utilized.
2023-09-08 11:19:00,791 [main] DEBUG balancer.ContainerBalancerTask (ContainerBalancerTask.java:lambda$initializeIteration$2(459)) - Datanode localhost-193.78.9.32 ddff11d0-6402-44dd-a1e7-4b562d0b08f8 is Under-Utilized.
2023-09-08 11:19:00,794 [main] DEBUG balancer.ContainerBalancerTask (ContainerBalancerTask.java:matchSourceWithTarget(708)) - ContainerBalancer is finding suitable target for source datanode 04045426-5f7b-4521-a065-6bb8f4939824
2023-09-08 11:19:00,794 [main] INFO  balancer.ContainerBalancerTask (ContainerBalancerTask.java:matchSourceWithTarget(722)) - ContainerBalancer matched source datanode 04045426-5f7b-4521-a065-6bb8f4939824 with target datanode e6d6cfcf-a77e-4379-8bdb-043d3d70b530 for container move.
2023-09-08 11:19:00,794 [main] INFO  balancer.ContainerBalancerTask (ContainerBalancerTask.java:processMoveSelection(569)) - ContainerBalancer is trying to move container #85 with size 5368709120B from source datanode 04045426-5f7b-4521-a065-6bb8f4939824 to target datanode e6d6cfcf-a77e-4379-8bdb-043d3d70b530
2023-09-08 11:19:00,794 [main] DEBUG balancer.ContainerBalancerTask (ContainerBalancerTask.java:lambda$moveContainer$3(837)) - Container move completed for container #85 from source 04045426-5f7b-4521-a065-6bb8f4939824 to target e6d6cfcf-a77e-4379-8bdb-043d3d70b530
2023-09-08 11:19:00,794 [main] DEBUG balancer.ContainerBalancerTask (ContainerBalancerTask.java:adaptOnReachingIterationLimits(782)) - Reached max datanodes to involve limit. 2 datanodes have already been selected for balancing and the limit is 2. Only already selected sources and targets can be involved in balancing now.
2023-09-08 11:19:00,797 [main] DEBUG balancer.ContainerBalancerTask (ContainerBalancerTask.java:matchSourceWithTarget(708)) - ContainerBalancer is finding suitable target for source datanode 04045426-5f7b-4521-a065-6bb8f4939824
2023-09-08 11:19:00,797 [main] INFO  balancer.ContainerBalancerTask (ContainerBalancerTask.java:matchSourceWithTarget(722)) - ContainerBalancer matched source datanode 04045426-5f7b-4521-a065-6bb8f4939824 with target datanode e6d6cfcf-a77e-4379-8bdb-043d3d70b530 for container move.
2023-09-08 11:19:00,797 [main] INFO  balancer.ContainerBalancerTask (ContainerBalancerTask.java:processMoveSelection(569)) - ContainerBalancer is trying to move container #89 with size 4294967296B from source datanode 04045426-5f7b-4521-a065-6bb8f4939824 to target datanode e6d6cfcf-a77e-4379-8bdb-043d3d70b530
2023-09-08 11:19:00,797 [main] DEBUG balancer.ContainerBalancerTask (ContainerBalancerTask.java:lambda$moveContainer$3(837)) - Container move completed for container #89 from source 04045426-5f7b-4521-a065-6bb8f4939824 to target e6d6cfcf-a77e-4379-8bdb-043d3d70b530
2023-09-08 11:19:00,800 [main] DEBUG balancer.ContainerBalancerTask (ContainerBalancerTask.java:matchSourceWithTarget(708)) - ContainerBalancer is finding suitable target for source datanode 04045426-5f7b-4521-a065-6bb8f4939824
2023-09-08 11:19:00,800 [main] INFO  balancer.ContainerBalancerTask (ContainerBalancerTask.java:matchSourceWithTarget(722)) - ContainerBalancer matched source datanode 04045426-5f7b-4521-a065-6bb8f4939824 with target datanode e6d6cfcf-a77e-4379-8bdb-043d3d70b530 for container move.
2023-09-08 11:19:00,800 [main] INFO  balancer.ContainerBalancerTask (ContainerBalancerTask.java:processMoveSelection(569)) - ContainerBalancer is trying to move container #84 with size 4294967296B from source datanode 04045426-5f7b-4521-a065-6bb8f4939824 to target datanode e6d6cfcf-a77e-4379-8bdb-043d3d70b530
2023-09-08 11:19:00,800 [main] DEBUG balancer.ContainerBalancerTask (ContainerBalancerTask.java:lambda$moveContainer$3(837)) - Container move completed for container #84 from source 04045426-5f7b-4521-a065-6bb8f4939824 to target e6d6cfcf-a77e-4379-8bdb-043d3d70b530
2023-09-08 11:19:00,803 [main] DEBUG balancer.ContainerBalancerTask (ContainerBalancerTask.java:matchSourceWithTarget(708)) - ContainerBalancer is finding suitable target for source datanode 04045426-5f7b-4521-a065-6bb8f4939824
2023-09-08 11:19:00,803 [main] INFO  balancer.ContainerBalancerTask (ContainerBalancerTask.java:matchSourceWithTarget(722)) - ContainerBalancer matched source datanode 04045426-5f7b-4521-a065-6bb8f4939824 with target datanode e6d6cfcf-a77e-4379-8bdb-043d3d70b530 for container move.
2023-09-08 11:19:00,803 [main] INFO  balancer.ContainerBalancerTask (ContainerBalancerTask.java:processMoveSelection(569)) - ContainerBalancer is trying to move container #52 with size 4294967296B from source datanode 04045426-5f7b-4521-a065-6bb8f4939824 to target datanode e6d6cfcf-a77e-4379-8bdb-043d3d70b530
2023-09-08 11:19:00,803 [main] DEBUG balancer.ContainerBalancerTask (ContainerBalancerTask.java:lambda$moveContainer$3(837)) - Container move completed for container #52 from source 04045426-5f7b-4521-a065-6bb8f4939824 to target e6d6cfcf-a77e-4379-8bdb-043d3d70b530
2023-09-08 11:19:00,805 [main] DEBUG balancer.ContainerBalancerTask (ContainerBalancerTask.java:matchSourceWithTarget(708)) - ContainerBalancer is finding suitable target for source datanode 04045426-5f7b-4521-a065-6bb8f4939824
2023-09-08 11:19:00,806 [main] INFO  balancer.ContainerBalancerTask (ContainerBalancerTask.java:matchSourceWithTarget(722)) - ContainerBalancer matched source datanode 04045426-5f7b-4521-a065-6bb8f4939824 with target datanode e6d6cfcf-a77e-4379-8bdb-043d3d70b530 for container move.
2023-09-08 11:19:00,806 [main] INFO  balancer.ContainerBalancerTask (ContainerBalancerTask.java:processMoveSelection(569)) - ContainerBalancer is trying to move container #28 with size 4294967296B from source datanode 04045426-5f7b-4521-a065-6bb8f4939824 to target datanode e6d6cfcf-a77e-4379-8bdb-043d3d70b530
2023-09-08 11:19:00,806 [main] DEBUG balancer.ContainerBalancerTask (ContainerBalancerTask.java:lambda$moveContainer$3(837)) - Container move completed for container #28 from source 04045426-5f7b-4521-a065-6bb8f4939824 to target e6d6cfcf-a77e-4379-8bdb-043d3d70b530
2023-09-08 11:19:00,808 [main] DEBUG balancer.ContainerBalancerTask (ContainerBalancerTask.java:matchSourceWithTarget(708)) - ContainerBalancer is finding suitable target for source datanode 04045426-5f7b-4521-a065-6bb8f4939824
2023-09-08 11:19:00,809 [main] INFO  balancer.ContainerBalancerTask (ContainerBalancerTask.java:matchSourceWithTarget(722)) - ContainerBalancer matched source datanode 04045426-5f7b-4521-a065-6bb8f4939824 with target datanode e6d6cfcf-a77e-4379-8bdb-043d3d70b530 for container move.
2023-09-08 11:19:00,809 [main] INFO  balancer.ContainerBalancerTask (ContainerBalancerTask.java:processMoveSelection(569)) - ContainerBalancer is trying to move container #87 with size 2147483648B from source datanode 04045426-5f7b-4521-a065-6bb8f4939824 to target datanode e6d6cfcf-a77e-4379-8bdb-043d3d70b530
2023-09-08 11:19:00,809 [main] DEBUG balancer.ContainerBalancerTask (ContainerBalancerTask.java:lambda$moveContainer$3(837)) - Container move completed for container #87 from source 04045426-5f7b-4521-a065-6bb8f4939824 to target e6d6cfcf-a77e-4379-8bdb-043d3d70b530
2023-09-08 11:19:00,811 [main] DEBUG balancer.ContainerBalancerTask (ContainerBalancerTask.java:matchSourceWithTarget(708)) - ContainerBalancer is finding suitable target for source datanode 04045426-5f7b-4521-a065-6bb8f4939824
2023-09-08 11:19:00,812 [main] INFO  balancer.FindTargetGreedyByUsageInfo (AbstractFindTargetGreedy.java:findTargetForContainerMove(133)) - Container Balancer could not find a target for source datanode 04045426-5f7b-4521-a065-6bb8f4939824
2023-09-08 11:19:00,812 [main] DEBUG balancer.ContainerBalancerTask (ContainerBalancerTask.java:matchSourceWithTarget(717)) - ContainerBalancer could not find a suitable target for source node 04045426-5f7b-4521-a065-6bb8f4939824.
2023-09-08 11:19:00,812 [main] INFO  balancer.FindSourceGreedy (FindSourceGreedy.java:getNextCandidateSourceDataNode(126)) - no more candidate source data node
2023-09-08 11:19:00,812 [main] INFO  balancer.ContainerBalancerTask (ContainerBalancerTask.java:checkIterationMoveResults(642)) - Iteration Summary. Number of Datanodes involved: 2. Size moved: 23 GB (24696061952 Bytes). Number of Container moves completed: 6.
2023-09-08 11:19:00,812 [main] INFO  balancer.ContainerBalancerTask (ContainerBalancerTask.java:balance(259)) - Result of this iteration of Container Balancer: ITERATION_COMPLETED
2023-09-08 11:19:00,814 [main] DEBUG balancer.ContainerBalancerTask (ContainerBalancerTask.java:initializeIteration(374)) - Average utilization of the cluster is 0.31818729163783405
2023-09-08 11:19:00,814 [main] DEBUG balancer.ContainerBalancerTask (ContainerBalancerTask.java:initializeIteration(386)) - Lower limit for utilization is 0.21818729163783404 and Upper limit for utilization is 0.4181872916378341
2023-09-08 11:19:00,814 [main] DEBUG balancer.ContainerBalancerTask (ContainerBalancerTask.java:initializeIteration(398)) - Utilization for node 04045426-5f7b-4521-a065-6bb8f4939824 with capacity 58459277084B, used 52613349376B, and remaining 5845927708B is 0.9000000000068423
2023-09-08 11:19:00,814 [main] DEBUG balancer.ContainerBalancerTask (ContainerBalancerTask.java:initializeIteration(398)) - Utilization for node d40e1eb7-8110-4b97-9f98-cf6ccf13c420 with capacity 71135395840B, used 56908316672B, and remaining 14227079168B is 0.8
2023-09-08 11:19:00,814 [main] DEBUG balancer.ContainerBalancerTask (ContainerBalancerTask.java:initializeIteration(398)) - Utilization for node 602b60bf-9ae2-4aae-86ab-9db6060af07f with capacity 59822758765B, used 41875931136B, and remaining 17946827629B is 0.700000000008358
2023-09-08 11:19:00,814 [main] DEBUG balancer.ContainerBalancerTask (ContainerBalancerTask.java:initializeIteration(398)) - Utilization for node 6c75dd3f-a2ed-4217-b44f-6faafffe7cf9 with capacity 62634939733B, used 37580963840B, and remaining 25053975893B is 0.6000000000031931
2023-09-08 11:19:00,814 [main] DEBUG balancer.ContainerBalancerTask (ContainerBalancerTask.java:initializeIteration(398)) - Utilization for node 3a5fc96b-2f6b-47d8-a2e4-3804883dfad8 with capacity 64424509440B, used 32212254720B, and remaining 32212254720B is 0.5
2023-09-08 11:19:00,815 [main] DEBUG balancer.ContainerBalancerTask (ContainerBalancerTask.java:initializeIteration(398)) - Utilization for node ac9053e9-3a73-4c64-b811-6c140be726a4 with capacity 118111600640B, used 47244640256B, and remaining 70866960384B is 0.4
2023-09-08 11:19:00,815 [main] DEBUG balancer.ContainerBalancerTask (ContainerBalancerTask.java:initializeIteration(398)) - Utilization for node 647b9d0d-689b-4635-8d93-9090e2104e7f with capacity 168219552426B, used 50465865728B, and remaining 117753686698B is 0.3000000000011889
2023-09-08 11:19:00,815 [main] DEBUG balancer.ContainerBalancerTask (ContainerBalancerTask.java:initializeIteration(398)) - Utilization for node ddff11d0-6402-44dd-a1e7-4b562d0b08f8 with capacity 177167400960B, used 35433480192B, and remaining 141733920768B is 0.2
2023-09-08 11:19:00,815 [main] DEBUG balancer.ContainerBalancerTask (ContainerBalancerTask.java:initializeIteration(398)) - Utilization for node 09d18511-5710-4a50-92e4-7cfd71fd0256 with capacity 397284474880B, used 39728447488B, and remaining 357556027392B is 0.1
2023-09-08 11:19:00,815 [main] DEBUG balancer.ContainerBalancerTask (ContainerBalancerTask.java:initializeIteration(398)) - Utilization for node e6d6cfcf-a77e-4379-8bdb-043d3d70b530 with capacity 61203283968B, used 0B, and remaining 61203283968B is 0.0
2023-09-08 11:19:00,815 [main] INFO  balancer.ContainerBalancerTask (ContainerBalancerTask.java:initializeIteration(447)) - Container Balancer has identified 5 Over-Utilized and 3 Under-Utilized Datanodes that need to be balanced.
2023-09-08 11:19:00,815 [main] DEBUG balancer.ContainerBalancerTask (ContainerBalancerTask.java:lambda$initializeIteration$1(453)) - Datanode localhost-237.80.43.227 04045426-5f7b-4521-a065-6bb8f4939824 is Over-Utilized.
2023-09-08 11:19:00,815 [main] DEBUG balancer.ContainerBalancerTask (ContainerBalancerTask.java:lambda$initializeIteration$1(453)) - Datanode localhost-29.162.95.26 d40e1eb7-8110-4b97-9f98-cf6ccf13c420 is Over-Utilized.
2023-09-08 11:19:00,815 [main] DEBUG balancer.ContainerBalancerTask (ContainerBalancerTask.java:lambda$initializeIteration$1(453)) - Datanode localhost-211.11.11.197 602b60bf-9ae2-4aae-86ab-9db6060af07f is Over-Utilized.
2023-09-08 11:19:00,815 [main] DEBUG balancer.ContainerBalancerTask (ContainerBalancerTask.java:lambda$initializeIteration$1(453)) - Datanode localhost-246.12.131.78 6c75dd3f-a2ed-4217-b44f-6faafffe7cf9 is Over-Utilized.
2023-09-08 11:19:00,815 [main] DEBUG balancer.ContainerBalancerTask (ContainerBalancerTask.java:lambda$initializeIteration$1(453)) - Datanode localhost-146.30.180.168 3a5fc96b-2f6b-47d8-a2e4-3804883dfad8 is Over-Utilized.
2023-09-08 11:19:00,815 [main] DEBUG balancer.ContainerBalancerTask (ContainerBalancerTask.java:lambda$initializeIteration$2(459)) - Datanode localhost-33.234.174.96 e6d6cfcf-a77e-4379-8bdb-043d3d70b530 is Under-Utilized.
2023-09-08 11:19:00,816 [main] DEBUG balancer.ContainerBalancerTask (ContainerBalancerTask.java:lambda$initializeIteration$2(459)) - Datanode localhost-15.163.14.242 09d18511-5710-4a50-92e4-7cfd71fd0256 is Under-Utilized.
2023-09-08 11:19:00,816 [main] DEBUG balancer.ContainerBalancerTask (ContainerBalancerTask.java:lambda$initializeIteration$2(459)) - Datanode localhost-193.78.9.32 ddff11d0-6402-44dd-a1e7-4b562d0b08f8 is Under-Utilized.
2023-09-08 11:19:00,818 [main] DEBUG balancer.ContainerBalancerTask (ContainerBalancerTask.java:matchSourceWithTarget(708)) - ContainerBalancer is finding suitable target for source datanode 04045426-5f7b-4521-a065-6bb8f4939824
2023-09-08 11:19:00,818 [main] INFO  balancer.ContainerBalancerTask (ContainerBalancerTask.java:matchSourceWithTarget(722)) - ContainerBalancer matched source datanode 04045426-5f7b-4521-a065-6bb8f4939824 with target datanode e6d6cfcf-a77e-4379-8bdb-043d3d70b530 for container move.
2023-09-08 11:19:00,818 [main] INFO  balancer.ContainerBalancerTask (ContainerBalancerTask.java:processMoveSelection(569)) - ContainerBalancer is trying to move container #85 with size 5368709120B from source datanode 04045426-5f7b-4521-a065-6bb8f4939824 to target datanode e6d6cfcf-a77e-4379-8bdb-043d3d70b530
2023-09-08 11:19:00,819 [main] DEBUG balancer.ContainerBalancerTask (ContainerBalancerTask.java:lambda$moveContainer$3(837)) - Container move completed for container #85 from source 04045426-5f7b-4521-a065-6bb8f4939824 to target e6d6cfcf-a77e-4379-8bdb-043d3d70b530
2023-09-08 11:19:00,819 [main] DEBUG balancer.ContainerBalancerTask (ContainerBalancerTask.java:adaptOnReachingIterationLimits(782)) - Reached max datanodes to involve limit. 2 datanodes have already been selected for balancing and the limit is 2. Only already selected sources and targets can be involved in balancing now.
2023-09-08 11:19:00,821 [main] DEBUG balancer.ContainerBalancerTask (ContainerBalancerTask.java:matchSourceWithTarget(708)) - ContainerBalancer is finding suitable target for source datanode 04045426-5f7b-4521-a065-6bb8f4939824
2023-09-08 11:19:00,821 [main] INFO  balancer.ContainerBalancerTask (ContainerBalancerTask.java:matchSourceWithTarget(722)) - ContainerBalancer matched source datanode 04045426-5f7b-4521-a065-6bb8f4939824 with target datanode e6d6cfcf-a77e-4379-8bdb-043d3d70b530 for container move.
2023-09-08 11:19:00,821 [main] INFO  balancer.ContainerBalancerTask (ContainerBalancerTask.java:processMoveSelection(569)) - ContainerBalancer is trying to move container #89 with size 4294967296B from source datanode 04045426-5f7b-4521-a065-6bb8f4939824 to target datanode e6d6cfcf-a77e-4379-8bdb-043d3d70b530
2023-09-08 11:19:00,822 [main] DEBUG balancer.ContainerBalancerTask (ContainerBalancerTask.java:lambda$moveContainer$3(837)) - Container move completed for container #89 from source 04045426-5f7b-4521-a065-6bb8f4939824 to target e6d6cfcf-a77e-4379-8bdb-043d3d70b530
2023-09-08 11:19:00,824 [main] DEBUG balancer.ContainerBalancerTask (ContainerBalancerTask.java:matchSourceWithTarget(708)) - ContainerBalancer is finding suitable target for source datanode 04045426-5f7b-4521-a065-6bb8f4939824
2023-09-08 11:19:00,824 [main] INFO  balancer.ContainerBalancerTask (ContainerBalancerTask.java:matchSourceWithTarget(722)) - ContainerBalancer matched source datanode 04045426-5f7b-4521-a065-6bb8f4939824 with target datanode e6d6cfcf-a77e-4379-8bdb-043d3d70b530 for container move.
2023-09-08 11:19:00,824 [main] INFO  balancer.ContainerBalancerTask (ContainerBalancerTask.java:processMoveSelection(569)) - ContainerBalancer is trying to move container #84 with size 4294967296B from source datanode 04045426-5f7b-4521-a065-6bb8f4939824 to target datanode e6d6cfcf-a77e-4379-8bdb-043d3d70b530
2023-09-08 11:19:00,825 [main] DEBUG balancer.ContainerBalancerTask (ContainerBalancerTask.java:lambda$moveContainer$3(837)) - Container move completed for container #84 from source 04045426-5f7b-4521-a065-6bb8f4939824 to target e6d6cfcf-a77e-4379-8bdb-043d3d70b530
2023-09-08 11:19:00,827 [main] DEBUG balancer.ContainerBalancerTask (ContainerBalancerTask.java:matchSourceWithTarget(708)) - ContainerBalancer is finding suitable target for source datanode 04045426-5f7b-4521-a065-6bb8f4939824
2023-09-08 11:19:00,827 [main] INFO  balancer.ContainerBalancerTask (ContainerBalancerTask.java:matchSourceWithTarget(722)) - ContainerBalancer matched source datanode 04045426-5f7b-4521-a065-6bb8f4939824 with target datanode e6d6cfcf-a77e-4379-8bdb-043d3d70b530 for container move.
2023-09-08 11:19:00,827 [main] INFO  balancer.ContainerBalancerTask (ContainerBalancerTask.java:processMoveSelection(569)) - ContainerBalancer is trying to move container #52 with size 4294967296B from source datanode 04045426-5f7b-4521-a065-6bb8f4939824 to target datanode e6d6cfcf-a77e-4379-8bdb-043d3d70b530
2023-09-08 11:19:00,827 [main] DEBUG balancer.ContainerBalancerTask (ContainerBalancerTask.java:lambda$moveContainer$3(837)) - Container move completed for container #52 from source 04045426-5f7b-4521-a065-6bb8f4939824 to target e6d6cfcf-a77e-4379-8bdb-043d3d70b530
2023-09-08 11:19:00,830 [main] DEBUG balancer.ContainerBalancerTask (ContainerBalancerTask.java:matchSourceWithTarget(708)) - ContainerBalancer is finding suitable target for source datanode 04045426-5f7b-4521-a065-6bb8f4939824
2023-09-08 11:19:00,830 [main] INFO  balancer.ContainerBalancerTask (ContainerBalancerTask.java:matchSourceWithTarget(722)) - ContainerBalancer matched source datanode 04045426-5f7b-4521-a065-6bb8f4939824 with target datanode e6d6cfcf-a77e-4379-8bdb-043d3d70b530 for container move.
2023-09-08 11:19:00,830 [main] INFO  balancer.ContainerBalancerTask (ContainerBalancerTask.java:processMoveSelection(569)) - ContainerBalancer is trying to move container #28 with size 4294967296B from source datanode 04045426-5f7b-4521-a065-6bb8f4939824 to target datanode e6d6cfcf-a77e-4379-8bdb-043d3d70b530
2023-09-08 11:19:00,830 [main] DEBUG balancer.ContainerBalancerTask (ContainerBalancerTask.java:lambda$moveContainer$3(837)) - Container move completed for container #28 from source 04045426-5f7b-4521-a065-6bb8f4939824 to target e6d6cfcf-a77e-4379-8bdb-043d3d70b530
2023-09-08 11:19:00,833 [main] DEBUG balancer.ContainerBalancerTask (ContainerBalancerTask.java:matchSourceWithTarget(708)) - ContainerBalancer is finding suitable target for source datanode 04045426-5f7b-4521-a065-6bb8f4939824
2023-09-08 11:19:00,833 [main] INFO  balancer.ContainerBalancerTask (ContainerBalancerTask.java:matchSourceWithTarget(722)) - ContainerBalancer matched source datanode 04045426-5f7b-4521-a065-6bb8f4939824 with target datanode e6d6cfcf-a77e-4379-8bdb-043d3d70b530 for container move.
2023-09-08 11:19:00,833 [main] INFO  balancer.ContainerBalancerTask (ContainerBalancerTask.java:processMoveSelection(569)) - ContainerBalancer is trying to move container #87 with size 2147483648B from source datanode 04045426-5f7b-4521-a065-6bb8f4939824 to target datanode e6d6cfcf-a77e-4379-8bdb-043d3d70b530
2023-09-08 11:19:00,834 [main] DEBUG balancer.ContainerBalancerTask (ContainerBalancerTask.java:lambda$moveContainer$3(837)) - Container move completed for container #87 from source 04045426-5f7b-4521-a065-6bb8f4939824 to target e6d6cfcf-a77e-4379-8bdb-043d3d70b530
2023-09-08 11:19:00,836 [main] DEBUG balancer.ContainerBalancerTask (ContainerBalancerTask.java:matchSourceWithTarget(708)) - ContainerBalancer is finding suitable target for source datanode 04045426-5f7b-4521-a065-6bb8f4939824
2023-09-08 11:19:00,837 [main] INFO  balancer.FindTargetGreedyByUsageInfo (AbstractFindTargetGreedy.java:findTargetForContainerMove(133)) - Container Balancer could not find a target for source datanode 04045426-5f7b-4521-a065-6bb8f4939824
2023-09-08 11:19:00,837 [main] DEBUG balancer.ContainerBalancerTask (ContainerBalancerTask.java:matchSourceWithTarget(717)) - ContainerBalancer could not find a suitable target for source node 04045426-5f7b-4521-a065-6bb8f4939824.
2023-09-08 11:19:00,837 [main] INFO  balancer.FindSourceGreedy (FindSourceGreedy.java:getNextCandidateSourceDataNode(126)) - no more candidate source data node
2023-09-08 11:19:00,837 [main] INFO  balancer.ContainerBalancerTask (ContainerBalancerTask.java:checkIterationMoveResults(642)) - Iteration Summary. Number of Datanodes involved: 2. Size moved: 23 GB (24696061952 Bytes). Number of Container moves completed: 6.
2023-09-08 11:19:00,837 [main] INFO  balancer.ContainerBalancerTask (ContainerBalancerTask.java:balance(259)) - Result of this iteration of Container Balancer: ITERATION_COMPLETED
2023-09-08 11:19:00,838 [main] DEBUG balancer.ContainerBalancerTask (ContainerBalancerTask.java:initializeIteration(374)) - Average utilization of the cluster is 0.31818729163783405
2023-09-08 11:19:00,839 [main] DEBUG balancer.ContainerBalancerTask (ContainerBalancerTask.java:initializeIteration(386)) - Lower limit for utilization is 0.21818729163783404 and Upper limit for utilization is 0.4181872916378341
2023-09-08 11:19:00,839 [main] DEBUG balancer.ContainerBalancerTask (ContainerBalancerTask.java:initializeIteration(398)) - Utilization for node 04045426-5f7b-4521-a065-6bb8f4939824 with capacity 58459277084B, used 52613349376B, and remaining 5845927708B is 0.9000000000068423
2023-09-08 11:19:00,839 [main] DEBUG balancer.ContainerBalancerTask (ContainerBalancerTask.java:initializeIteration(398)) - Utilization for node d40e1eb7-8110-4b97-9f98-cf6ccf13c420 with capacity 71135395840B, used 56908316672B, and remaining 14227079168B is 0.8
2023-09-08 11:19:00,839 [main] DEBUG balancer.ContainerBalancerTask (ContainerBalancerTask.java:initializeIteration(398)) - Utilization for node 602b60bf-9ae2-4aae-86ab-9db6060af07f with capacity 59822758765B, used 41875931136B, and remaining 17946827629B is 0.700000000008358
2023-09-08 11:19:00,839 [main] DEBUG balancer.ContainerBalancerTask (ContainerBalancerTask.java:initializeIteration(398)) - Utilization for node 6c75dd3f-a2ed-4217-b44f-6faafffe7cf9 with capacity 62634939733B, used 37580963840B, and remaining 25053975893B is 0.6000000000031931
2023-09-08 11:19:00,839 [main] DEBUG balancer.ContainerBalancerTask (ContainerBalancerTask.java:initializeIteration(398)) - Utilization for node 3a5fc96b-2f6b-47d8-a2e4-3804883dfad8 with capacity 64424509440B, used 32212254720B, and remaining 32212254720B is 0.5
2023-09-08 11:19:00,839 [main] DEBUG balancer.ContainerBalancerTask (ContainerBalancerTask.java:initializeIteration(398)) - Utilization for node ac9053e9-3a73-4c64-b811-6c140be726a4 with capacity 118111600640B, used 47244640256B, and remaining 70866960384B is 0.4
2023-09-08 11:19:00,839 [main] DEBUG balancer.ContainerBalancerTask (ContainerBalancerTask.java:initializeIteration(398)) - Utilization for node 647b9d0d-689b-4635-8d93-9090e2104e7f with capacity 168219552426B, used 50465865728B, and remaining 117753686698B is 0.3000000000011889
2023-09-08 11:19:00,839 [main] DEBUG balancer.ContainerBalancerTask (ContainerBalancerTask.java:initializeIteration(398)) - Utilization for node ddff11d0-6402-44dd-a1e7-4b562d0b08f8 with capacity 177167400960B, used 35433480192B, and remaining 141733920768B is 0.2
2023-09-08 11:19:00,839 [main] DEBUG balancer.ContainerBalancerTask (ContainerBalancerTask.java:initializeIteration(398)) - Utilization for node 09d18511-5710-4a50-92e4-7cfd71fd0256 with capacity 397284474880B, used 39728447488B, and remaining 357556027392B is 0.1
2023-09-08 11:19:00,839 [main] DEBUG balancer.ContainerBalancerTask (ContainerBalancerTask.java:initializeIteration(398)) - Utilization for node e6d6cfcf-a77e-4379-8bdb-043d3d70b530 with capacity 61203283968B, used 0B, and remaining 61203283968B is 0.0
2023-09-08 11:19:00,840 [main] INFO  balancer.ContainerBalancerTask (ContainerBalancerTask.java:initializeIteration(447)) - Container Balancer has identified 5 Over-Utilized and 3 Under-Utilized Datanodes that need to be balanced.
2023-09-08 11:19:00,840 [main] DEBUG balancer.ContainerBalancerTask (ContainerBalancerTask.java:lambda$initializeIteration$1(453)) - Datanode localhost-237.80.43.227 04045426-5f7b-4521-a065-6bb8f4939824 is Over-Utilized.
2023-09-08 11:19:00,840 [main] DEBUG balancer.ContainerBalancerTask (ContainerBalancerTask.java:lambda$initializeIteration$1(453)) - Datanode localhost-29.162.95.26 d40e1eb7-8110-4b97-9f98-cf6ccf13c420 is Over-Utilized.
2023-09-08 11:19:00,840 [main] DEBUG balancer.ContainerBalancerTask (ContainerBalancerTask.java:lambda$initializeIteration$1(453)) - Datanode localhost-211.11.11.197 602b60bf-9ae2-4aae-86ab-9db6060af07f is Over-Utilized.
2023-09-08 11:19:00,840 [main] DEBUG balancer.ContainerBalancerTask (ContainerBalancerTask.java:lambda$initializeIteration$1(453)) - Datanode localhost-246.12.131.78 6c75dd3f-a2ed-4217-b44f-6faafffe7cf9 is Over-Utilized.
2023-09-08 11:19:00,840 [main] DEBUG balancer.ContainerBalancerTask (ContainerBalancerTask.java:lambda$initializeIteration$1(453)) - Datanode localhost-146.30.180.168 3a5fc96b-2f6b-47d8-a2e4-3804883dfad8 is Over-Utilized.
2023-09-08 11:19:00,840 [main] DEBUG balancer.ContainerBalancerTask (ContainerBalancerTask.java:lambda$initializeIteration$2(459)) - Datanode localhost-33.234.174.96 e6d6cfcf-a77e-4379-8bdb-043d3d70b530 is Under-Utilized.
2023-09-08 11:19:00,840 [main] DEBUG balancer.ContainerBalancerTask (ContainerBalancerTask.java:lambda$initializeIteration$2(459)) - Datanode localhost-15.163.14.242 09d18511-5710-4a50-92e4-7cfd71fd0256 is Under-Utilized.
2023-09-08 11:19:00,840 [main] DEBUG balancer.ContainerBalancerTask (ContainerBalancerTask.java:lambda$initializeIteration$2(459)) - Datanode localhost-193.78.9.32 ddff11d0-6402-44dd-a1e7-4b562d0b08f8 is Under-Utilized.
2023-09-08 11:19:00,843 [main] DEBUG balancer.ContainerBalancerTask (ContainerBalancerTask.java:matchSourceWithTarget(708)) - ContainerBalancer is finding suitable target for source datanode 04045426-5f7b-4521-a065-6bb8f4939824
2023-09-08 11:19:00,843 [main] INFO  balancer.ContainerBalancerTask (ContainerBalancerTask.java:matchSourceWithTarget(722)) - ContainerBalancer matched source datanode 04045426-5f7b-4521-a065-6bb8f4939824 with target datanode e6d6cfcf-a77e-4379-8bdb-043d3d70b530 for container move.
2023-09-08 11:19:00,843 [main] INFO  balancer.ContainerBalancerTask (ContainerBalancerTask.java:processMoveSelection(569)) - ContainerBalancer is trying to move container #85 with size 5368709120B from source datanode 04045426-5f7b-4521-a065-6bb8f4939824 to target datanode e6d6cfcf-a77e-4379-8bdb-043d3d70b530
2023-09-08 11:19:00,843 [main] DEBUG balancer.ContainerBalancerTask (ContainerBalancerTask.java:lambda$moveContainer$3(837)) - Container move completed for container #85 from source 04045426-5f7b-4521-a065-6bb8f4939824 to target e6d6cfcf-a77e-4379-8bdb-043d3d70b530
2023-09-08 11:19:00,843 [main] DEBUG balancer.ContainerBalancerTask (ContainerBalancerTask.java:adaptOnReachingIterationLimits(782)) - Reached max datanodes to involve limit. 2 datanodes have already been selected for balancing and the limit is 2. Only already selected sources and targets can be involved in balancing now.
2023-09-08 11:19:00,846 [main] DEBUG balancer.ContainerBalancerTask (ContainerBalancerTask.java:matchSourceWithTarget(708)) - ContainerBalancer is finding suitable target for source datanode 04045426-5f7b-4521-a065-6bb8f4939824
2023-09-08 11:19:00,846 [main] INFO  balancer.ContainerBalancerTask (ContainerBalancerTask.java:matchSourceWithTarget(722)) - ContainerBalancer matched source datanode 04045426-5f7b-4521-a065-6bb8f4939824 with target datanode e6d6cfcf-a77e-4379-8bdb-043d3d70b530 for container move.
2023-09-08 11:19:00,846 [main] INFO  balancer.ContainerBalancerTask (ContainerBalancerTask.java:processMoveSelection(569)) - ContainerBalancer is trying to move container #89 with size 4294967296B from source datanode 04045426-5f7b-4521-a065-6bb8f4939824 to target datanode e6d6cfcf-a77e-4379-8bdb-043d3d70b530
2023-09-08 11:19:00,846 [main] DEBUG balancer.ContainerBalancerTask (ContainerBalancerTask.java:lambda$moveContainer$3(837)) - Container move completed for container #89 from source 04045426-5f7b-4521-a065-6bb8f4939824 to target e6d6cfcf-a77e-4379-8bdb-043d3d70b530
2023-09-08 11:19:00,849 [main] DEBUG balancer.ContainerBalancerTask (ContainerBalancerTask.java:matchSourceWithTarget(708)) - ContainerBalancer is finding suitable target for source datanode 04045426-5f7b-4521-a065-6bb8f4939824
2023-09-08 11:19:00,849 [main] INFO  balancer.ContainerBalancerTask (ContainerBalancerTask.java:matchSourceWithTarget(722)) - ContainerBalancer matched source datanode 04045426-5f7b-4521-a065-6bb8f4939824 with target datanode e6d6cfcf-a77e-4379-8bdb-043d3d70b530 for container move.
2023-09-08 11:19:00,849 [main] INFO  balancer.ContainerBalancerTask (ContainerBalancerTask.java:processMoveSelection(569)) - ContainerBalancer is trying to move container #84 with size 4294967296B from source datanode 04045426-5f7b-4521-a065-6bb8f4939824 to target datanode e6d6cfcf-a77e-4379-8bdb-043d3d70b530
2023-09-08 11:19:00,849 [main] DEBUG balancer.ContainerBalancerTask (ContainerBalancerTask.java:lambda$moveContainer$3(837)) - Container move completed for container #84 from source 04045426-5f7b-4521-a065-6bb8f4939824 to target e6d6cfcf-a77e-4379-8bdb-043d3d70b530
2023-09-08 11:19:00,852 [main] DEBUG balancer.ContainerBalancerTask (ContainerBalancerTask.java:matchSourceWithTarget(708)) - ContainerBalancer is finding suitable target for source datanode 04045426-5f7b-4521-a065-6bb8f4939824
2023-09-08 11:19:00,852 [main] INFO  balancer.ContainerBalancerTask (ContainerBalancerTask.java:matchSourceWithTarget(722)) - ContainerBalancer matched source datanode 04045426-5f7b-4521-a065-6bb8f4939824 with target datanode e6d6cfcf-a77e-4379-8bdb-043d3d70b530 for container move.
2023-09-08 11:19:00,852 [main] INFO  balancer.ContainerBalancerTask (ContainerBalancerTask.java:processMoveSelection(569)) - ContainerBalancer is trying to move container #52 with size 4294967296B from source datanode 04045426-5f7b-4521-a065-6bb8f4939824 to target datanode e6d6cfcf-a77e-4379-8bdb-043d3d70b530
2023-09-08 11:19:00,852 [main] DEBUG balancer.ContainerBalancerTask (ContainerBalancerTask.java:lambda$moveContainer$3(837)) - Container move completed for container #52 from source 04045426-5f7b-4521-a065-6bb8f4939824 to target e6d6cfcf-a77e-4379-8bdb-043d3d70b530
2023-09-08 11:19:00,855 [main] DEBUG balancer.ContainerBalancerTask (ContainerBalancerTask.java:matchSourceWithTarget(708)) - ContainerBalancer is finding suitable target for source datanode 04045426-5f7b-4521-a065-6bb8f4939824
2023-09-08 11:19:00,855 [main] INFO  balancer.ContainerBalancerTask (ContainerBalancerTask.java:matchSourceWithTarget(722)) - ContainerBalancer matched source datanode 04045426-5f7b-4521-a065-6bb8f4939824 with target datanode e6d6cfcf-a77e-4379-8bdb-043d3d70b530 for container move.
2023-09-08 11:19:00,855 [main] INFO  balancer.ContainerBalancerTask (ContainerBalancerTask.java:processMoveSelection(569)) - ContainerBalancer is trying to move container #28 with size 4294967296B from source datanode 04045426-5f7b-4521-a065-6bb8f4939824 to target datanode e6d6cfcf-a77e-4379-8bdb-043d3d70b530
2023-09-08 11:19:00,855 [main] DEBUG balancer.ContainerBalancerTask (ContainerBalancerTask.java:lambda$moveContainer$3(837)) - Container move completed for container #28 from source 04045426-5f7b-4521-a065-6bb8f4939824 to target e6d6cfcf-a77e-4379-8bdb-043d3d70b530
2023-09-08 11:19:00,858 [main] DEBUG balancer.ContainerBalancerTask (ContainerBalancerTask.java:matchSourceWithTarget(708)) - ContainerBalancer is finding suitable target for source datanode 04045426-5f7b-4521-a065-6bb8f4939824
2023-09-08 11:19:00,858 [main] INFO  balancer.ContainerBalancerTask (ContainerBalancerTask.java:matchSourceWithTarget(722)) - ContainerBalancer matched source datanode 04045426-5f7b-4521-a065-6bb8f4939824 with target datanode e6d6cfcf-a77e-4379-8bdb-043d3d70b530 for container move.
2023-09-08 11:19:00,858 [main] INFO  balancer.ContainerBalancerTask (ContainerBalancerTask.java:processMoveSelection(569)) - ContainerBalancer is trying to move container #87 with size 2147483648B from source datanode 04045426-5f7b-4521-a065-6bb8f4939824 to target datanode e6d6cfcf-a77e-4379-8bdb-043d3d70b530
2023-09-08 11:19:00,858 [main] DEBUG balancer.ContainerBalancerTask (ContainerBalancerTask.java:lambda$moveContainer$3(837)) - Container move completed for container #87 from source 04045426-5f7b-4521-a065-6bb8f4939824 to target e6d6cfcf-a77e-4379-8bdb-043d3d70b530
2023-09-08 11:19:00,861 [main] DEBUG balancer.ContainerBalancerTask (ContainerBalancerTask.java:matchSourceWithTarget(708)) - ContainerBalancer is finding suitable target for source datanode 04045426-5f7b-4521-a065-6bb8f4939824
2023-09-08 11:19:00,861 [main] INFO  balancer.FindTargetGreedyByUsageInfo (AbstractFindTargetGreedy.java:findTargetForContainerMove(133)) - Container Balancer could not find a target for source datanode 04045426-5f7b-4521-a065-6bb8f4939824
2023-09-08 11:19:00,861 [main] DEBUG balancer.ContainerBalancerTask (ContainerBalancerTask.java:matchSourceWithTarget(717)) - ContainerBalancer could not find a suitable target for source node 04045426-5f7b-4521-a065-6bb8f4939824.
2023-09-08 11:19:00,861 [main] INFO  balancer.FindSourceGreedy (FindSourceGreedy.java:getNextCandidateSourceDataNode(126)) - no more candidate source data node
2023-09-08 11:19:00,861 [main] INFO  balancer.ContainerBalancerTask (ContainerBalancerTask.java:checkIterationMoveResults(642)) - Iteration Summary. Number of Datanodes involved: 2. Size moved: 23 GB (24696061952 Bytes). Number of Container moves completed: 6.
2023-09-08 11:19:00,862 [main] INFO  balancer.ContainerBalancerTask (ContainerBalancerTask.java:balance(259)) - Result of this iteration of Container Balancer: ITERATION_COMPLETED
2023-09-08 11:19:00,863 [main] DEBUG balancer.ContainerBalancerTask (ContainerBalancerTask.java:initializeIteration(374)) - Average utilization of the cluster is 0.31818729163783405
2023-09-08 11:19:00,863 [main] DEBUG balancer.ContainerBalancerTask (ContainerBalancerTask.java:initializeIteration(386)) - Lower limit for utilization is 0.21818729163783404 and Upper limit for utilization is 0.4181872916378341
2023-09-08 11:19:00,863 [main] DEBUG balancer.ContainerBalancerTask (ContainerBalancerTask.java:initializeIteration(398)) - Utilization for node 04045426-5f7b-4521-a065-6bb8f4939824 with capacity 58459277084B, used 52613349376B, and remaining 5845927708B is 0.9000000000068423
2023-09-08 11:19:00,863 [main] DEBUG balancer.ContainerBalancerTask (ContainerBalancerTask.java:initializeIteration(398)) - Utilization for node d40e1eb7-8110-4b97-9f98-cf6ccf13c420 with capacity 71135395840B, used 56908316672B, and remaining 14227079168B is 0.8
2023-09-08 11:19:00,863 [main] DEBUG balancer.ContainerBalancerTask (ContainerBalancerTask.java:initializeIteration(398)) - Utilization for node 602b60bf-9ae2-4aae-86ab-9db6060af07f with capacity 59822758765B, used 41875931136B, and remaining 17946827629B is 0.700000000008358
2023-09-08 11:19:00,864 [main] DEBUG balancer.ContainerBalancerTask (ContainerBalancerTask.java:initializeIteration(398)) - Utilization for node 6c75dd3f-a2ed-4217-b44f-6faafffe7cf9 with capacity 62634939733B, used 37580963840B, and remaining 25053975893B is 0.6000000000031931
2023-09-08 11:19:00,864 [main] DEBUG balancer.ContainerBalancerTask (ContainerBalancerTask.java:initializeIteration(398)) - Utilization for node 3a5fc96b-2f6b-47d8-a2e4-3804883dfad8 with capacity 64424509440B, used 32212254720B, and remaining 32212254720B is 0.5
2023-09-08 11:19:00,864 [main] DEBUG balancer.ContainerBalancerTask (ContainerBalancerTask.java:initializeIteration(398)) - Utilization for node ac9053e9-3a73-4c64-b811-6c140be726a4 with capacity 118111600640B, used 47244640256B, and remaining 70866960384B is 0.4
2023-09-08 11:19:00,864 [main] DEBUG balancer.ContainerBalancerTask (ContainerBalancerTask.java:initializeIteration(398)) - Utilization for node 647b9d0d-689b-4635-8d93-9090e2104e7f with capacity 168219552426B, used 50465865728B, and remaining 117753686698B is 0.3000000000011889
2023-09-08 11:19:00,864 [main] DEBUG balancer.ContainerBalancerTask (ContainerBalancerTask.java:initializeIteration(398)) - Utilization for node ddff11d0-6402-44dd-a1e7-4b562d0b08f8 with capacity 177167400960B, used 35433480192B, and remaining 141733920768B is 0.2
2023-09-08 11:19:00,864 [main] DEBUG balancer.ContainerBalancerTask (ContainerBalancerTask.java:initializeIteration(398)) - Utilization for node 09d18511-5710-4a50-92e4-7cfd71fd0256 with capacity 397284474880B, used 39728447488B, and remaining 357556027392B is 0.1
2023-09-08 11:19:00,864 [main] DEBUG balancer.ContainerBalancerTask (ContainerBalancerTask.java:initializeIteration(398)) - Utilization for node e6d6cfcf-a77e-4379-8bdb-043d3d70b530 with capacity 61203283968B, used 0B, and remaining 61203283968B is 0.0
2023-09-08 11:19:00,864 [main] INFO  balancer.ContainerBalancerTask (ContainerBalancerTask.java:initializeIteration(447)) - Container Balancer has identified 5 Over-Utilized and 3 Under-Utilized Datanodes that need to be balanced.
2023-09-08 11:19:00,864 [main] DEBUG balancer.ContainerBalancerTask (ContainerBalancerTask.java:lambda$initializeIteration$1(453)) - Datanode localhost-237.80.43.227 04045426-5f7b-4521-a065-6bb8f4939824 is Over-Utilized.
2023-09-08 11:19:00,864 [main] DEBUG balancer.ContainerBalancerTask (ContainerBalancerTask.java:lambda$initializeIteration$1(453)) - Datanode localhost-29.162.95.26 d40e1eb7-8110-4b97-9f98-cf6ccf13c420 is Over-Utilized.
2023-09-08 11:19:00,864 [main] DEBUG balancer.ContainerBalancerTask (ContainerBalancerTask.java:lambda$initializeIteration$1(453)) - Datanode localhost-211.11.11.197 602b60bf-9ae2-4aae-86ab-9db6060af07f is Over-Utilized.
2023-09-08 11:19:00,865 [main] DEBUG balancer.ContainerBalancerTask (ContainerBalancerTask.java:lambda$initializeIteration$1(453)) - Datanode localhost-246.12.131.78 6c75dd3f-a2ed-4217-b44f-6faafffe7cf9 is Over-Utilized.
2023-09-08 11:19:00,865 [main] DEBUG balancer.ContainerBalancerTask (ContainerBalancerTask.java:lambda$initializeIteration$1(453)) - Datanode localhost-146.30.180.168 3a5fc96b-2f6b-47d8-a2e4-3804883dfad8 is Over-Utilized.
2023-09-08 11:19:00,865 [main] DEBUG balancer.ContainerBalancerTask (ContainerBalancerTask.java:lambda$initializeIteration$2(459)) - Datanode localhost-33.234.174.96 e6d6cfcf-a77e-4379-8bdb-043d3d70b530 is Under-Utilized.
2023-09-08 11:19:00,865 [main] DEBUG balancer.ContainerBalancerTask (ContainerBalancerTask.java:lambda$initializeIteration$2(459)) - Datanode localhost-15.163.14.242 09d18511-5710-4a50-92e4-7cfd71fd0256 is Under-Utilized.
2023-09-08 11:19:00,865 [main] DEBUG balancer.ContainerBalancerTask (ContainerBalancerTask.java:lambda$initializeIteration$2(459)) - Datanode localhost-193.78.9.32 ddff11d0-6402-44dd-a1e7-4b562d0b08f8 is Under-Utilized.
2023-09-08 11:19:00,867 [main] DEBUG balancer.ContainerBalancerTask (ContainerBalancerTask.java:matchSourceWithTarget(708)) - ContainerBalancer is finding suitable target for source datanode 04045426-5f7b-4521-a065-6bb8f4939824
2023-09-08 11:19:00,868 [main] INFO  balancer.ContainerBalancerTask (ContainerBalancerTask.java:matchSourceWithTarget(722)) - ContainerBalancer matched source datanode 04045426-5f7b-4521-a065-6bb8f4939824 with target datanode e6d6cfcf-a77e-4379-8bdb-043d3d70b530 for container move.
2023-09-08 11:19:00,868 [main] INFO  balancer.ContainerBalancerTask (ContainerBalancerTask.java:processMoveSelection(569)) - ContainerBalancer is trying to move container #85 with size 5368709120B from source datanode 04045426-5f7b-4521-a065-6bb8f4939824 to target datanode e6d6cfcf-a77e-4379-8bdb-043d3d70b530
2023-09-08 11:19:00,868 [main] DEBUG balancer.ContainerBalancerTask (ContainerBalancerTask.java:lambda$moveContainer$3(837)) - Container move completed for container #85 from source 04045426-5f7b-4521-a065-6bb8f4939824 to target e6d6cfcf-a77e-4379-8bdb-043d3d70b530
2023-09-08 11:19:00,868 [main] DEBUG balancer.ContainerBalancerTask (ContainerBalancerTask.java:adaptOnReachingIterationLimits(782)) - Reached max datanodes to involve limit. 2 datanodes have already been selected for balancing and the limit is 2. Only already selected sources and targets can be involved in balancing now.
2023-09-08 11:19:00,870 [main] DEBUG balancer.ContainerBalancerTask (ContainerBalancerTask.java:matchSourceWithTarget(708)) - ContainerBalancer is finding suitable target for source datanode 04045426-5f7b-4521-a065-6bb8f4939824
2023-09-08 11:19:00,870 [main] INFO  balancer.ContainerBalancerTask (ContainerBalancerTask.java:matchSourceWithTarget(722)) - ContainerBalancer matched source datanode 04045426-5f7b-4521-a065-6bb8f4939824 with target datanode e6d6cfcf-a77e-4379-8bdb-043d3d70b530 for container move.
2023-09-08 11:19:00,871 [main] INFO  balancer.ContainerBalancerTask (ContainerBalancerTask.java:processMoveSelection(569)) - ContainerBalancer is trying to move container #89 with size 4294967296B from source datanode 04045426-5f7b-4521-a065-6bb8f4939824 to target datanode e6d6cfcf-a77e-4379-8bdb-043d3d70b530
2023-09-08 11:19:00,871 [main] DEBUG balancer.ContainerBalancerTask (ContainerBalancerTask.java:lambda$moveContainer$3(837)) - Container move completed for container #89 from source 04045426-5f7b-4521-a065-6bb8f4939824 to target e6d6cfcf-a77e-4379-8bdb-043d3d70b530
2023-09-08 11:19:00,873 [main] DEBUG balancer.ContainerBalancerTask (ContainerBalancerTask.java:matchSourceWithTarget(708)) - ContainerBalancer is finding suitable target for source datanode 04045426-5f7b-4521-a065-6bb8f4939824
2023-09-08 11:19:00,873 [main] INFO  balancer.ContainerBalancerTask (ContainerBalancerTask.java:matchSourceWithTarget(722)) - ContainerBalancer matched source datanode 04045426-5f7b-4521-a065-6bb8f4939824 with target datanode e6d6cfcf-a77e-4379-8bdb-043d3d70b530 for container move.
2023-09-08 11:19:00,874 [main] INFO  balancer.ContainerBalancerTask (ContainerBalancerTask.java:processMoveSelection(569)) - ContainerBalancer is trying to move container #84 with size 4294967296B from source datanode 04045426-5f7b-4521-a065-6bb8f4939824 to target datanode e6d6cfcf-a77e-4379-8bdb-043d3d70b530
2023-09-08 11:19:00,874 [main] DEBUG balancer.ContainerBalancerTask (ContainerBalancerTask.java:lambda$moveContainer$3(837)) - Container move completed for container #84 from source 04045426-5f7b-4521-a065-6bb8f4939824 to target e6d6cfcf-a77e-4379-8bdb-043d3d70b530
2023-09-08 11:19:00,876 [main] DEBUG balancer.ContainerBalancerTask (ContainerBalancerTask.java:matchSourceWithTarget(708)) - ContainerBalancer is finding suitable target for source datanode 04045426-5f7b-4521-a065-6bb8f4939824
2023-09-08 11:19:00,876 [main] INFO  balancer.ContainerBalancerTask (ContainerBalancerTask.java:matchSourceWithTarget(722)) - ContainerBalancer matched source datanode 04045426-5f7b-4521-a065-6bb8f4939824 with target datanode e6d6cfcf-a77e-4379-8bdb-043d3d70b530 for container move.
2023-09-08 11:19:00,876 [main] INFO  balancer.ContainerBalancerTask (ContainerBalancerTask.java:processMoveSelection(569)) - ContainerBalancer is trying to move container #52 with size 4294967296B from source datanode 04045426-5f7b-4521-a065-6bb8f4939824 to target datanode e6d6cfcf-a77e-4379-8bdb-043d3d70b530
2023-09-08 11:19:00,877 [main] DEBUG balancer.ContainerBalancerTask (ContainerBalancerTask.java:lambda$moveContainer$3(837)) - Container move completed for container #52 from source 04045426-5f7b-4521-a065-6bb8f4939824 to target e6d6cfcf-a77e-4379-8bdb-043d3d70b530
2023-09-08 11:19:00,879 [main] DEBUG balancer.ContainerBalancerTask (ContainerBalancerTask.java:matchSourceWithTarget(708)) - ContainerBalancer is finding suitable target for source datanode 04045426-5f7b-4521-a065-6bb8f4939824
2023-09-08 11:19:00,879 [main] INFO  balancer.ContainerBalancerTask (ContainerBalancerTask.java:matchSourceWithTarget(722)) - ContainerBalancer matched source datanode 04045426-5f7b-4521-a065-6bb8f4939824 with target datanode e6d6cfcf-a77e-4379-8bdb-043d3d70b530 for container move.
2023-09-08 11:19:00,879 [main] INFO  balancer.ContainerBalancerTask (ContainerBalancerTask.java:processMoveSelection(569)) - ContainerBalancer is trying to move container #28 with size 4294967296B from source datanode 04045426-5f7b-4521-a065-6bb8f4939824 to target datanode e6d6cfcf-a77e-4379-8bdb-043d3d70b530
2023-09-08 11:19:00,879 [main] DEBUG balancer.ContainerBalancerTask (ContainerBalancerTask.java:lambda$moveContainer$3(837)) - Container move completed for container #28 from source 04045426-5f7b-4521-a065-6bb8f4939824 to target e6d6cfcf-a77e-4379-8bdb-043d3d70b530
2023-09-08 11:19:00,882 [main] DEBUG balancer.ContainerBalancerTask (ContainerBalancerTask.java:matchSourceWithTarget(708)) - ContainerBalancer is finding suitable target for source datanode 04045426-5f7b-4521-a065-6bb8f4939824
2023-09-08 11:19:00,882 [main] INFO  balancer.ContainerBalancerTask (ContainerBalancerTask.java:matchSourceWithTarget(722)) - ContainerBalancer matched source datanode 04045426-5f7b-4521-a065-6bb8f4939824 with target datanode e6d6cfcf-a77e-4379-8bdb-043d3d70b530 for container move.
2023-09-08 11:19:00,882 [main] INFO  balancer.ContainerBalancerTask (ContainerBalancerTask.java:processMoveSelection(569)) - ContainerBalancer is trying to move container #87 with size 2147483648B from source datanode 04045426-5f7b-4521-a065-6bb8f4939824 to target datanode e6d6cfcf-a77e-4379-8bdb-043d3d70b530
2023-09-08 11:19:00,882 [main] DEBUG balancer.ContainerBalancerTask (ContainerBalancerTask.java:lambda$moveContainer$3(837)) - Container move completed for container #87 from source 04045426-5f7b-4521-a065-6bb8f4939824 to target e6d6cfcf-a77e-4379-8bdb-043d3d70b530
2023-09-08 11:19:00,885 [main] DEBUG balancer.ContainerBalancerTask (ContainerBalancerTask.java:matchSourceWithTarget(708)) - ContainerBalancer is finding suitable target for source datanode 04045426-5f7b-4521-a065-6bb8f4939824
2023-09-08 11:19:00,886 [main] INFO  balancer.FindTargetGreedyByUsageInfo (AbstractFindTargetGreedy.java:findTargetForContainerMove(133)) - Container Balancer could not find a target for source datanode 04045426-5f7b-4521-a065-6bb8f4939824
2023-09-08 11:19:00,886 [main] DEBUG balancer.ContainerBalancerTask (ContainerBalancerTask.java:matchSourceWithTarget(717)) - ContainerBalancer could not find a suitable target for source node 04045426-5f7b-4521-a065-6bb8f4939824.
2023-09-08 11:19:00,886 [main] INFO  balancer.FindSourceGreedy (FindSourceGreedy.java:getNextCandidateSourceDataNode(126)) - no more candidate source data node
2023-09-08 11:19:00,886 [main] INFO  balancer.ContainerBalancerTask (ContainerBalancerTask.java:checkIterationMoveResults(642)) - Iteration Summary. Number of Datanodes involved: 2. Size moved: 23 GB (24696061952 Bytes). Number of Container moves completed: 6.
2023-09-08 11:19:00,886 [main] INFO  balancer.ContainerBalancerTask (ContainerBalancerTask.java:balance(259)) - Result of this iteration of Container Balancer: ITERATION_COMPLETED
2023-09-08 11:19:00,886 [main] INFO  balancer.ContainerBalancerTask (ContainerBalancerTask.java:tryStopWithSaveConfiguration(308)) - Save Configuration for stopping. Reason: Completed all iterations.
]]></system-out>
  </testcase>
  <testcase name="selectedContainerShouldNotAlreadyHaveBeenSelected" classname="org.apache.hadoop.hdds.scm.container.balancer.TestContainerBalancerTask" time="0.139">
    <system-out><![CDATA[2023-09-08 11:19:00,907 [main] INFO  net.NodeSchemaLoader (NodeSchemaLoader.java:loadSchemaFromFile(129)) - Loading schema from [file:/home/runner/work/ozone/ozone/hadoop-hdds/common/target/classes/network-topology-default.xml]
2023-09-08 11:19:00,907 [main] INFO  net.NodeSchemaLoader (NodeSchemaLoader.java:loadSchema(176)) - Loading network topology layer schema file
2023-09-08 11:19:00,909 [main] INFO  net.NetworkTopologyImpl (NetworkTopologyImpl.java:add(112)) - Added a new node: /default-rack/914f5856-79bf-4dff-b8b7-fe39f809b85d
2023-09-08 11:19:00,909 [main] INFO  net.NetworkTopologyImpl (NetworkTopologyImpl.java:add(112)) - Added a new node: /default-rack/647b32fd-26f5-4196-8893-213af615c65d
2023-09-08 11:19:00,909 [main] INFO  net.NetworkTopologyImpl (NetworkTopologyImpl.java:add(112)) - Added a new node: /default-rack/b6364610-fc02-4fb9-9690-e224fab309af
2023-09-08 11:19:00,909 [main] INFO  net.NetworkTopologyImpl (NetworkTopologyImpl.java:add(112)) - Added a new node: /default-rack/37f61971-ebee-4f82-ace8-0bdf5d735487
2023-09-08 11:19:00,909 [main] INFO  net.NetworkTopologyImpl (NetworkTopologyImpl.java:add(112)) - Added a new node: /default-rack/19a023a3-6889-4426-8f09-799de8edfe9d
2023-09-08 11:19:00,909 [main] INFO  net.NetworkTopologyImpl (NetworkTopologyImpl.java:add(112)) - Added a new node: /default-rack/0596f35c-1bfe-482e-b60e-5db513df9e95
2023-09-08 11:19:00,909 [main] INFO  net.NetworkTopologyImpl (NetworkTopologyImpl.java:add(112)) - Added a new node: /default-rack/41b29b38-bf6c-41df-bf27-b09a837d4975
2023-09-08 11:19:00,910 [main] INFO  net.NetworkTopologyImpl (NetworkTopologyImpl.java:add(112)) - Added a new node: /default-rack/9573a1cc-4555-491d-8a21-c580a67598bf
2023-09-08 11:19:00,910 [main] INFO  net.NetworkTopologyImpl (NetworkTopologyImpl.java:add(112)) - Added a new node: /default-rack/e8fa165b-64c7-4360-8eb5-52be85de2b7e
2023-09-08 11:19:00,910 [main] INFO  net.NetworkTopologyImpl (NetworkTopologyImpl.java:add(112)) - Added a new node: /default-rack/76d2303b-15d8-4508-a7af-12ec47e6bbf3
2023-09-08 11:19:00,910 [main] INFO  algorithms.ContainerPlacementPolicyFactory (ContainerPlacementPolicyFactory.java:getPolicyInternal(86)) - Create container placement policy of type org.apache.hadoop.hdds.scm.container.placement.algorithms.SCMContainerPlacementRackAware
2023-09-08 11:19:00,910 [main] INFO  algorithms.ContainerPlacementPolicyFactory (ContainerPlacementPolicyFactory.java:getPolicyInternal(86)) - Create container placement policy of type org.apache.hadoop.hdds.scm.container.placement.algorithms.SCMContainerPlacementRackScatter
2023-09-08 11:19:00,912 [main] DEBUG balancer.ContainerBalancerTask (ContainerBalancerTask.java:initializeIteration(374)) - Average utilization of the cluster is 0.41774955499374333
2023-09-08 11:19:00,912 [main] DEBUG balancer.ContainerBalancerTask (ContainerBalancerTask.java:initializeIteration(386)) - Lower limit for utilization is 0.31774955499374335 and Upper limit for utilization is 0.5177495549937433
2023-09-08 11:19:00,912 [main] DEBUG balancer.ContainerBalancerTask (ContainerBalancerTask.java:initializeIteration(398)) - Utilization for node 9573a1cc-4555-491d-8a21-c580a67598bf with capacity 72775834737B, used 65498251264B, and remaining 7277583473B is 0.9000000000096186
2023-09-08 11:19:00,912 [main] DEBUG balancer.ContainerBalancerTask (ContainerBalancerTask.java:initializeIteration(398)) - Utilization for node 647b32fd-26f5-4196-8893-213af615c65d with capacity 60397977600B, used 48318382080B, and remaining 12079595520B is 0.8
2023-09-08 11:19:00,912 [main] DEBUG balancer.ContainerBalancerTask (ContainerBalancerTask.java:initializeIteration(398)) - Utilization for node 19a023a3-6889-4426-8f09-799de8edfe9d with capacity 65958426331B, used 46170898432B, and remaining 19787527899B is 0.7000000000045483
2023-09-08 11:19:00,913 [main] DEBUG balancer.ContainerBalancerTask (ContainerBalancerTask.java:initializeIteration(398)) - Utilization for node e8fa165b-64c7-4360-8eb5-52be85de2b7e with capacity 91268055040B, used 54760833024B, and remaining 36507222016B is 0.6
2023-09-08 11:19:00,913 [main] DEBUG balancer.ContainerBalancerTask (ContainerBalancerTask.java:initializeIteration(398)) - Utilization for node 914f5856-79bf-4dff-b8b7-fe39f809b85d with capacity 81604378624B, used 40802189312B, and remaining 40802189312B is 0.5
2023-09-08 11:19:00,913 [main] DEBUG balancer.ContainerBalancerTask (ContainerBalancerTask.java:initializeIteration(398)) - Utilization for node 37f61971-ebee-4f82-ace8-0bdf5d735487 with capacity 112742891520B, used 45097156608B, and remaining 67645734912B is 0.4
2023-09-08 11:19:00,913 [main] DEBUG balancer.ContainerBalancerTask (ContainerBalancerTask.java:initializeIteration(398)) - Utilization for node 0596f35c-1bfe-482e-b60e-5db513df9e95 with capacity 168219552426B, used 50465865728B, and remaining 117753686698B is 0.3000000000011889
2023-09-08 11:19:00,913 [main] DEBUG balancer.ContainerBalancerTask (ContainerBalancerTask.java:initializeIteration(398)) - Utilization for node 41b29b38-bf6c-41df-bf27-b09a837d4975 with capacity 150323855360B, used 30064771072B, and remaining 120259084288B is 0.2
2023-09-08 11:19:00,913 [main] DEBUG balancer.ContainerBalancerTask (ContainerBalancerTask.java:initializeIteration(398)) - Utilization for node 76d2303b-15d8-4508-a7af-12ec47e6bbf3 with capacity 118111600640B, used 11811160064B, and remaining 106300440576B is 0.1
2023-09-08 11:19:00,913 [main] DEBUG balancer.ContainerBalancerTask (ContainerBalancerTask.java:initializeIteration(398)) - Utilization for node b6364610-fc02-4fb9-9690-e224fab309af with capacity 19327352832B, used 0B, and remaining 19327352832B is 0.0
2023-09-08 11:19:00,913 [main] INFO  balancer.ContainerBalancerTask (ContainerBalancerTask.java:initializeIteration(447)) - Container Balancer has identified 4 Over-Utilized and 4 Under-Utilized Datanodes that need to be balanced.
2023-09-08 11:19:00,913 [main] DEBUG balancer.ContainerBalancerTask (ContainerBalancerTask.java:lambda$initializeIteration$1(453)) - Datanode localhost-205.234.104.8 9573a1cc-4555-491d-8a21-c580a67598bf is Over-Utilized.
2023-09-08 11:19:00,913 [main] DEBUG balancer.ContainerBalancerTask (ContainerBalancerTask.java:lambda$initializeIteration$1(453)) - Datanode localhost-31.169.57.150 647b32fd-26f5-4196-8893-213af615c65d is Over-Utilized.
2023-09-08 11:19:00,913 [main] DEBUG balancer.ContainerBalancerTask (ContainerBalancerTask.java:lambda$initializeIteration$1(453)) - Datanode localhost-30.73.139.191 19a023a3-6889-4426-8f09-799de8edfe9d is Over-Utilized.
2023-09-08 11:19:00,913 [main] DEBUG balancer.ContainerBalancerTask (ContainerBalancerTask.java:lambda$initializeIteration$1(453)) - Datanode localhost-185.219.168.68 e8fa165b-64c7-4360-8eb5-52be85de2b7e is Over-Utilized.
2023-09-08 11:19:00,914 [main] DEBUG balancer.ContainerBalancerTask (ContainerBalancerTask.java:lambda$initializeIteration$2(459)) - Datanode localhost-18.208.251.52 b6364610-fc02-4fb9-9690-e224fab309af is Under-Utilized.
2023-09-08 11:19:00,914 [main] DEBUG balancer.ContainerBalancerTask (ContainerBalancerTask.java:lambda$initializeIteration$2(459)) - Datanode localhost-154.64.31.164 76d2303b-15d8-4508-a7af-12ec47e6bbf3 is Under-Utilized.
2023-09-08 11:19:00,914 [main] DEBUG balancer.ContainerBalancerTask (ContainerBalancerTask.java:lambda$initializeIteration$2(459)) - Datanode localhost-19.128.140.95 41b29b38-bf6c-41df-bf27-b09a837d4975 is Under-Utilized.
2023-09-08 11:19:00,914 [main] DEBUG balancer.ContainerBalancerTask (ContainerBalancerTask.java:lambda$initializeIteration$2(459)) - Datanode localhost-177.165.254.93 0596f35c-1bfe-482e-b60e-5db513df9e95 is Under-Utilized.
2023-09-08 11:19:00,916 [main] DEBUG balancer.ContainerBalancerTask (ContainerBalancerTask.java:matchSourceWithTarget(708)) - ContainerBalancer is finding suitable target for source datanode 9573a1cc-4555-491d-8a21-c580a67598bf
2023-09-08 11:19:00,917 [main] INFO  balancer.ContainerBalancerTask (ContainerBalancerTask.java:matchSourceWithTarget(722)) - ContainerBalancer matched source datanode 9573a1cc-4555-491d-8a21-c580a67598bf with target datanode b6364610-fc02-4fb9-9690-e224fab309af for container move.
2023-09-08 11:19:00,917 [main] INFO  balancer.ContainerBalancerTask (ContainerBalancerTask.java:processMoveSelection(569)) - ContainerBalancer is trying to move container #40 with size 5368709120B from source datanode 9573a1cc-4555-491d-8a21-c580a67598bf to target datanode b6364610-fc02-4fb9-9690-e224fab309af
2023-09-08 11:19:00,917 [main] DEBUG balancer.ContainerBalancerTask (ContainerBalancerTask.java:lambda$moveContainer$3(837)) - Container move completed for container #40 from source 9573a1cc-4555-491d-8a21-c580a67598bf to target b6364610-fc02-4fb9-9690-e224fab309af
2023-09-08 11:19:00,920 [main] DEBUG balancer.ContainerBalancerTask (ContainerBalancerTask.java:matchSourceWithTarget(708)) - ContainerBalancer is finding suitable target for source datanode 9573a1cc-4555-491d-8a21-c580a67598bf
2023-09-08 11:19:00,920 [main] INFO  balancer.ContainerBalancerTask (ContainerBalancerTask.java:matchSourceWithTarget(722)) - ContainerBalancer matched source datanode 9573a1cc-4555-491d-8a21-c580a67598bf with target datanode 76d2303b-15d8-4508-a7af-12ec47e6bbf3 for container move.
2023-09-08 11:19:00,920 [main] INFO  balancer.ContainerBalancerTask (ContainerBalancerTask.java:processMoveSelection(569)) - ContainerBalancer is trying to move container #84 with size 4294967296B from source datanode 9573a1cc-4555-491d-8a21-c580a67598bf to target datanode 76d2303b-15d8-4508-a7af-12ec47e6bbf3
2023-09-08 11:19:00,920 [main] DEBUG balancer.ContainerBalancerTask (ContainerBalancerTask.java:lambda$moveContainer$3(837)) - Container move completed for container #84 from source 9573a1cc-4555-491d-8a21-c580a67598bf to target 76d2303b-15d8-4508-a7af-12ec47e6bbf3
2023-09-08 11:19:00,922 [main] DEBUG balancer.ContainerBalancerTask (ContainerBalancerTask.java:matchSourceWithTarget(708)) - ContainerBalancer is finding suitable target for source datanode 647b32fd-26f5-4196-8893-213af615c65d
2023-09-08 11:19:00,922 [main] INFO  balancer.ContainerBalancerTask (ContainerBalancerTask.java:matchSourceWithTarget(722)) - ContainerBalancer matched source datanode 647b32fd-26f5-4196-8893-213af615c65d with target datanode 76d2303b-15d8-4508-a7af-12ec47e6bbf3 for container move.
2023-09-08 11:19:00,922 [main] INFO  balancer.ContainerBalancerTask (ContainerBalancerTask.java:processMoveSelection(569)) - ContainerBalancer is trying to move container #68 with size 5368709120B from source datanode 647b32fd-26f5-4196-8893-213af615c65d to target datanode 76d2303b-15d8-4508-a7af-12ec47e6bbf3
2023-09-08 11:19:00,922 [main] DEBUG balancer.ContainerBalancerTask (ContainerBalancerTask.java:lambda$moveContainer$3(837)) - Container move completed for container #68 from source 647b32fd-26f5-4196-8893-213af615c65d to target 76d2303b-15d8-4508-a7af-12ec47e6bbf3
2023-09-08 11:19:00,925 [main] DEBUG balancer.ContainerBalancerTask (ContainerBalancerTask.java:matchSourceWithTarget(708)) - ContainerBalancer is finding suitable target for source datanode 9573a1cc-4555-491d-8a21-c580a67598bf
2023-09-08 11:19:00,925 [main] INFO  balancer.ContainerBalancerTask (ContainerBalancerTask.java:matchSourceWithTarget(722)) - ContainerBalancer matched source datanode 9573a1cc-4555-491d-8a21-c580a67598bf with target datanode 76d2303b-15d8-4508-a7af-12ec47e6bbf3 for container move.
2023-09-08 11:19:00,926 [main] INFO  balancer.ContainerBalancerTask (ContainerBalancerTask.java:processMoveSelection(569)) - ContainerBalancer is trying to move container #88 with size 3221225472B from source datanode 9573a1cc-4555-491d-8a21-c580a67598bf to target datanode 76d2303b-15d8-4508-a7af-12ec47e6bbf3
2023-09-08 11:19:00,926 [main] DEBUG balancer.ContainerBalancerTask (ContainerBalancerTask.java:lambda$moveContainer$3(837)) - Container move completed for container #88 from source 9573a1cc-4555-491d-8a21-c580a67598bf to target 76d2303b-15d8-4508-a7af-12ec47e6bbf3
2023-09-08 11:19:00,928 [main] DEBUG balancer.ContainerBalancerTask (ContainerBalancerTask.java:matchSourceWithTarget(708)) - ContainerBalancer is finding suitable target for source datanode 9573a1cc-4555-491d-8a21-c580a67598bf
2023-09-08 11:19:00,929 [main] INFO  balancer.ContainerBalancerTask (ContainerBalancerTask.java:matchSourceWithTarget(722)) - ContainerBalancer matched source datanode 9573a1cc-4555-491d-8a21-c580a67598bf with target datanode 41b29b38-bf6c-41df-bf27-b09a837d4975 for container move.
2023-09-08 11:19:00,929 [main] INFO  balancer.ContainerBalancerTask (ContainerBalancerTask.java:processMoveSelection(569)) - ContainerBalancer is trying to move container #38 with size 3221225472B from source datanode 9573a1cc-4555-491d-8a21-c580a67598bf to target datanode 41b29b38-bf6c-41df-bf27-b09a837d4975
2023-09-08 11:19:00,929 [main] DEBUG balancer.ContainerBalancerTask (ContainerBalancerTask.java:lambda$moveContainer$3(837)) - Container move completed for container #38 from source 9573a1cc-4555-491d-8a21-c580a67598bf to target 41b29b38-bf6c-41df-bf27-b09a837d4975
2023-09-08 11:19:00,931 [main] DEBUG balancer.ContainerBalancerTask (ContainerBalancerTask.java:matchSourceWithTarget(708)) - ContainerBalancer is finding suitable target for source datanode 647b32fd-26f5-4196-8893-213af615c65d
2023-09-08 11:19:00,931 [main] INFO  balancer.ContainerBalancerTask (ContainerBalancerTask.java:matchSourceWithTarget(722)) - ContainerBalancer matched source datanode 647b32fd-26f5-4196-8893-213af615c65d with target datanode 76d2303b-15d8-4508-a7af-12ec47e6bbf3 for container move.
2023-09-08 11:19:00,931 [main] INFO  balancer.ContainerBalancerTask (ContainerBalancerTask.java:processMoveSelection(569)) - ContainerBalancer is trying to move container #66 with size 3221225472B from source datanode 647b32fd-26f5-4196-8893-213af615c65d to target datanode 76d2303b-15d8-4508-a7af-12ec47e6bbf3
2023-09-08 11:19:00,932 [main] DEBUG balancer.ContainerBalancerTask (ContainerBalancerTask.java:lambda$moveContainer$3(837)) - Container move completed for container #66 from source 647b32fd-26f5-4196-8893-213af615c65d to target 76d2303b-15d8-4508-a7af-12ec47e6bbf3
2023-09-08 11:19:00,934 [main] DEBUG balancer.ContainerBalancerTask (ContainerBalancerTask.java:matchSourceWithTarget(708)) - ContainerBalancer is finding suitable target for source datanode 19a023a3-6889-4426-8f09-799de8edfe9d
2023-09-08 11:19:00,934 [main] INFO  balancer.ContainerBalancerTask (ContainerBalancerTask.java:matchSourceWithTarget(722)) - ContainerBalancer matched source datanode 19a023a3-6889-4426-8f09-799de8edfe9d with target datanode 41b29b38-bf6c-41df-bf27-b09a837d4975 for container move.
2023-09-08 11:19:00,934 [main] INFO  balancer.ContainerBalancerTask (ContainerBalancerTask.java:processMoveSelection(569)) - ContainerBalancer is trying to move container #50 with size 2147483648B from source datanode 19a023a3-6889-4426-8f09-799de8edfe9d to target datanode 41b29b38-bf6c-41df-bf27-b09a837d4975
2023-09-08 11:19:00,934 [main] DEBUG balancer.ContainerBalancerTask (ContainerBalancerTask.java:lambda$moveContainer$3(837)) - Container move completed for container #50 from source 19a023a3-6889-4426-8f09-799de8edfe9d to target 41b29b38-bf6c-41df-bf27-b09a837d4975
2023-09-08 11:19:00,937 [main] DEBUG balancer.ContainerBalancerTask (ContainerBalancerTask.java:matchSourceWithTarget(708)) - ContainerBalancer is finding suitable target for source datanode 9573a1cc-4555-491d-8a21-c580a67598bf
2023-09-08 11:19:00,938 [main] INFO  balancer.ContainerBalancerTask (ContainerBalancerTask.java:matchSourceWithTarget(722)) - ContainerBalancer matched source datanode 9573a1cc-4555-491d-8a21-c580a67598bf with target datanode 41b29b38-bf6c-41df-bf27-b09a837d4975 for container move.
2023-09-08 11:19:00,938 [main] INFO  balancer.ContainerBalancerTask (ContainerBalancerTask.java:processMoveSelection(569)) - ContainerBalancer is trying to move container #82 with size 2147483648B from source datanode 9573a1cc-4555-491d-8a21-c580a67598bf to target datanode 41b29b38-bf6c-41df-bf27-b09a837d4975
2023-09-08 11:19:00,938 [main] DEBUG balancer.ContainerBalancerTask (ContainerBalancerTask.java:lambda$moveContainer$3(837)) - Container move completed for container #82 from source 9573a1cc-4555-491d-8a21-c580a67598bf to target 41b29b38-bf6c-41df-bf27-b09a837d4975
2023-09-08 11:19:00,940 [main] DEBUG balancer.ContainerBalancerTask (ContainerBalancerTask.java:matchSourceWithTarget(708)) - ContainerBalancer is finding suitable target for source datanode 19a023a3-6889-4426-8f09-799de8edfe9d
2023-09-08 11:19:00,941 [main] INFO  balancer.ContainerBalancerTask (ContainerBalancerTask.java:matchSourceWithTarget(722)) - ContainerBalancer matched source datanode 19a023a3-6889-4426-8f09-799de8edfe9d with target datanode 76d2303b-15d8-4508-a7af-12ec47e6bbf3 for container move.
2023-09-08 11:19:00,941 [main] INFO  balancer.ContainerBalancerTask (ContainerBalancerTask.java:processMoveSelection(569)) - ContainerBalancer is trying to move container #52 with size 4294967296B from source datanode 19a023a3-6889-4426-8f09-799de8edfe9d to target datanode 76d2303b-15d8-4508-a7af-12ec47e6bbf3
2023-09-08 11:19:00,941 [main] DEBUG balancer.ContainerBalancerTask (ContainerBalancerTask.java:lambda$moveContainer$3(837)) - Container move completed for container #52 from source 19a023a3-6889-4426-8f09-799de8edfe9d to target 76d2303b-15d8-4508-a7af-12ec47e6bbf3
2023-09-08 11:19:00,943 [main] DEBUG balancer.ContainerBalancerTask (ContainerBalancerTask.java:matchSourceWithTarget(708)) - ContainerBalancer is finding suitable target for source datanode 647b32fd-26f5-4196-8893-213af615c65d
2023-09-08 11:19:00,944 [main] INFO  balancer.ContainerBalancerTask (ContainerBalancerTask.java:matchSourceWithTarget(722)) - ContainerBalancer matched source datanode 647b32fd-26f5-4196-8893-213af615c65d with target datanode 41b29b38-bf6c-41df-bf27-b09a837d4975 for container move.
2023-09-08 11:19:00,944 [main] INFO  balancer.ContainerBalancerTask (ContainerBalancerTask.java:processMoveSelection(569)) - ContainerBalancer is trying to move container #18 with size 3221225472B from source datanode 647b32fd-26f5-4196-8893-213af615c65d to target datanode 41b29b38-bf6c-41df-bf27-b09a837d4975
2023-09-08 11:19:00,944 [main] DEBUG balancer.ContainerBalancerTask (ContainerBalancerTask.java:lambda$moveContainer$3(837)) - Container move completed for container #18 from source 647b32fd-26f5-4196-8893-213af615c65d to target 41b29b38-bf6c-41df-bf27-b09a837d4975
2023-09-08 11:19:00,947 [main] DEBUG balancer.ContainerBalancerTask (ContainerBalancerTask.java:matchSourceWithTarget(708)) - ContainerBalancer is finding suitable target for source datanode 9573a1cc-4555-491d-8a21-c580a67598bf
2023-09-08 11:19:00,947 [main] INFO  balancer.ContainerBalancerTask (ContainerBalancerTask.java:matchSourceWithTarget(722)) - ContainerBalancer matched source datanode 9573a1cc-4555-491d-8a21-c580a67598bf with target datanode 41b29b38-bf6c-41df-bf27-b09a837d4975 for container move.
2023-09-08 11:19:00,947 [main] INFO  balancer.ContainerBalancerTask (ContainerBalancerTask.java:processMoveSelection(569)) - ContainerBalancer is trying to move container #86 with size 1073741824B from source datanode 9573a1cc-4555-491d-8a21-c580a67598bf to target datanode 41b29b38-bf6c-41df-bf27-b09a837d4975
2023-09-08 11:19:00,947 [main] DEBUG balancer.ContainerBalancerTask (ContainerBalancerTask.java:lambda$moveContainer$3(837)) - Container move completed for container #86 from source 9573a1cc-4555-491d-8a21-c580a67598bf to target 41b29b38-bf6c-41df-bf27-b09a837d4975
2023-09-08 11:19:00,951 [main] DEBUG balancer.ContainerBalancerTask (ContainerBalancerTask.java:matchSourceWithTarget(708)) - ContainerBalancer is finding suitable target for source datanode 9573a1cc-4555-491d-8a21-c580a67598bf
2023-09-08 11:19:00,951 [main] INFO  balancer.ContainerBalancerTask (ContainerBalancerTask.java:matchSourceWithTarget(722)) - ContainerBalancer matched source datanode 9573a1cc-4555-491d-8a21-c580a67598bf with target datanode 76d2303b-15d8-4508-a7af-12ec47e6bbf3 for container move.
2023-09-08 11:19:00,951 [main] INFO  balancer.ContainerBalancerTask (ContainerBalancerTask.java:processMoveSelection(569)) - ContainerBalancer is trying to move container #64 with size 1073741824B from source datanode 9573a1cc-4555-491d-8a21-c580a67598bf to target datanode 76d2303b-15d8-4508-a7af-12ec47e6bbf3
2023-09-08 11:19:00,951 [main] DEBUG balancer.ContainerBalancerTask (ContainerBalancerTask.java:lambda$moveContainer$3(837)) - Container move completed for container #64 from source 9573a1cc-4555-491d-8a21-c580a67598bf to target 76d2303b-15d8-4508-a7af-12ec47e6bbf3
2023-09-08 11:19:00,954 [main] DEBUG balancer.ContainerBalancerTask (ContainerBalancerTask.java:matchSourceWithTarget(708)) - ContainerBalancer is finding suitable target for source datanode 9573a1cc-4555-491d-8a21-c580a67598bf
2023-09-08 11:19:00,954 [main] INFO  balancer.ContainerBalancerTask (ContainerBalancerTask.java:matchSourceWithTarget(722)) - ContainerBalancer matched source datanode 9573a1cc-4555-491d-8a21-c580a67598bf with target datanode b6364610-fc02-4fb9-9690-e224fab309af for container move.
2023-09-08 11:19:00,955 [main] INFO  balancer.ContainerBalancerTask (ContainerBalancerTask.java:processMoveSelection(569)) - ContainerBalancer is trying to move container #36 with size 1073741824B from source datanode 9573a1cc-4555-491d-8a21-c580a67598bf to target datanode b6364610-fc02-4fb9-9690-e224fab309af
2023-09-08 11:19:00,955 [main] DEBUG balancer.ContainerBalancerTask (ContainerBalancerTask.java:lambda$moveContainer$3(837)) - Container move completed for container #36 from source 9573a1cc-4555-491d-8a21-c580a67598bf to target b6364610-fc02-4fb9-9690-e224fab309af
2023-09-08 11:19:00,958 [main] DEBUG balancer.ContainerBalancerTask (ContainerBalancerTask.java:matchSourceWithTarget(708)) - ContainerBalancer is finding suitable target for source datanode 9573a1cc-4555-491d-8a21-c580a67598bf
2023-09-08 11:19:00,958 [main] INFO  balancer.ContainerBalancerTask (ContainerBalancerTask.java:matchSourceWithTarget(722)) - ContainerBalancer matched source datanode 9573a1cc-4555-491d-8a21-c580a67598bf with target datanode 41b29b38-bf6c-41df-bf27-b09a837d4975 for container move.
2023-09-08 11:19:00,958 [main] INFO  balancer.ContainerBalancerTask (ContainerBalancerTask.java:processMoveSelection(569)) - ContainerBalancer is trying to move container #16 with size 1073741824B from source datanode 9573a1cc-4555-491d-8a21-c580a67598bf to target datanode 41b29b38-bf6c-41df-bf27-b09a837d4975
2023-09-08 11:19:00,958 [main] DEBUG balancer.ContainerBalancerTask (ContainerBalancerTask.java:lambda$moveContainer$3(837)) - Container move completed for container #16 from source 9573a1cc-4555-491d-8a21-c580a67598bf to target 41b29b38-bf6c-41df-bf27-b09a837d4975
2023-09-08 11:19:00,961 [main] DEBUG balancer.ContainerBalancerTask (ContainerBalancerTask.java:matchSourceWithTarget(708)) - ContainerBalancer is finding suitable target for source datanode 647b32fd-26f5-4196-8893-213af615c65d
2023-09-08 11:19:00,961 [main] INFO  balancer.ContainerBalancerTask (ContainerBalancerTask.java:matchSourceWithTarget(722)) - ContainerBalancer matched source datanode 647b32fd-26f5-4196-8893-213af615c65d with target datanode 76d2303b-15d8-4508-a7af-12ec47e6bbf3 for container move.
2023-09-08 11:19:00,961 [main] INFO  balancer.ContainerBalancerTask (ContainerBalancerTask.java:processMoveSelection(569)) - ContainerBalancer is trying to move container #70 with size 2147483648B from source datanode 647b32fd-26f5-4196-8893-213af615c65d to target datanode 76d2303b-15d8-4508-a7af-12ec47e6bbf3
2023-09-08 11:19:00,961 [main] DEBUG balancer.ContainerBalancerTask (ContainerBalancerTask.java:lambda$moveContainer$3(837)) - Container move completed for container #70 from source 647b32fd-26f5-4196-8893-213af615c65d to target 76d2303b-15d8-4508-a7af-12ec47e6bbf3
2023-09-08 11:19:00,965 [main] DEBUG balancer.ContainerBalancerTask (ContainerBalancerTask.java:matchSourceWithTarget(708)) - ContainerBalancer is finding suitable target for source datanode 19a023a3-6889-4426-8f09-799de8edfe9d
2023-09-08 11:19:00,965 [main] INFO  balancer.ContainerBalancerTask (ContainerBalancerTask.java:matchSourceWithTarget(722)) - ContainerBalancer matched source datanode 19a023a3-6889-4426-8f09-799de8edfe9d with target datanode 41b29b38-bf6c-41df-bf27-b09a837d4975 for container move.
2023-09-08 11:19:00,965 [main] INFO  balancer.ContainerBalancerTask (ContainerBalancerTask.java:processMoveSelection(569)) - ContainerBalancer is trying to move container #10 with size 2147483648B from source datanode 19a023a3-6889-4426-8f09-799de8edfe9d to target datanode 41b29b38-bf6c-41df-bf27-b09a837d4975
2023-09-08 11:19:00,965 [main] DEBUG balancer.ContainerBalancerTask (ContainerBalancerTask.java:lambda$moveContainer$3(837)) - Container move completed for container #10 from source 19a023a3-6889-4426-8f09-799de8edfe9d to target 41b29b38-bf6c-41df-bf27-b09a837d4975
2023-09-08 11:19:00,969 [main] DEBUG balancer.ContainerBalancerTask (ContainerBalancerTask.java:matchSourceWithTarget(708)) - ContainerBalancer is finding suitable target for source datanode e8fa165b-64c7-4360-8eb5-52be85de2b7e
2023-09-08 11:19:00,969 [main] INFO  balancer.ContainerBalancerTask (ContainerBalancerTask.java:matchSourceWithTarget(722)) - ContainerBalancer matched source datanode e8fa165b-64c7-4360-8eb5-52be85de2b7e with target datanode 76d2303b-15d8-4508-a7af-12ec47e6bbf3 for container move.
2023-09-08 11:19:00,969 [main] INFO  balancer.ContainerBalancerTask (ContainerBalancerTask.java:processMoveSelection(569)) - ContainerBalancer is trying to move container #4 with size 1073741824B from source datanode e8fa165b-64c7-4360-8eb5-52be85de2b7e to target datanode 76d2303b-15d8-4508-a7af-12ec47e6bbf3
2023-09-08 11:19:00,969 [main] DEBUG balancer.ContainerBalancerTask (ContainerBalancerTask.java:lambda$moveContainer$3(837)) - Container move completed for container #4 from source e8fa165b-64c7-4360-8eb5-52be85de2b7e to target 76d2303b-15d8-4508-a7af-12ec47e6bbf3
2023-09-08 11:19:00,973 [main] DEBUG balancer.ContainerBalancerTask (ContainerBalancerTask.java:matchSourceWithTarget(701)) - ContainerBalancer could not find any candidate containers for datanode 9573a1cc-4555-491d-8a21-c580a67598bf
2023-09-08 11:19:00,976 [main] DEBUG balancer.ContainerBalancerTask (ContainerBalancerTask.java:matchSourceWithTarget(701)) - ContainerBalancer could not find any candidate containers for datanode e8fa165b-64c7-4360-8eb5-52be85de2b7e
2023-09-08 11:19:00,978 [main] DEBUG balancer.ContainerBalancerTask (ContainerBalancerTask.java:matchSourceWithTarget(708)) - ContainerBalancer is finding suitable target for source datanode 19a023a3-6889-4426-8f09-799de8edfe9d
2023-09-08 11:19:00,978 [main] INFO  balancer.ContainerBalancerTask (ContainerBalancerTask.java:matchSourceWithTarget(722)) - ContainerBalancer matched source datanode 19a023a3-6889-4426-8f09-799de8edfe9d with target datanode 41b29b38-bf6c-41df-bf27-b09a837d4975 for container move.
2023-09-08 11:19:00,978 [main] INFO  balancer.ContainerBalancerTask (ContainerBalancerTask.java:processMoveSelection(569)) - ContainerBalancer is trying to move container #54 with size 1073741824B from source datanode 19a023a3-6889-4426-8f09-799de8edfe9d to target datanode 41b29b38-bf6c-41df-bf27-b09a837d4975
2023-09-08 11:19:00,979 [main] DEBUG balancer.ContainerBalancerTask (ContainerBalancerTask.java:lambda$moveContainer$3(837)) - Container move completed for container #54 from source 19a023a3-6889-4426-8f09-799de8edfe9d to target 41b29b38-bf6c-41df-bf27-b09a837d4975
2023-09-08 11:19:00,980 [main] DEBUG balancer.ContainerBalancerTask (ContainerBalancerTask.java:matchSourceWithTarget(708)) - ContainerBalancer is finding suitable target for source datanode 647b32fd-26f5-4196-8893-213af615c65d
2023-09-08 11:19:00,980 [main] INFO  balancer.ContainerBalancerTask (ContainerBalancerTask.java:matchSourceWithTarget(722)) - ContainerBalancer matched source datanode 647b32fd-26f5-4196-8893-213af615c65d with target datanode 0596f35c-1bfe-482e-b60e-5db513df9e95 for container move.
2023-09-08 11:19:00,981 [main] INFO  balancer.ContainerBalancerTask (ContainerBalancerTask.java:processMoveSelection(569)) - ContainerBalancer is trying to move container #26 with size 2147483648B from source datanode 647b32fd-26f5-4196-8893-213af615c65d to target datanode 0596f35c-1bfe-482e-b60e-5db513df9e95
2023-09-08 11:19:00,981 [main] DEBUG balancer.ContainerBalancerTask (ContainerBalancerTask.java:lambda$moveContainer$3(837)) - Container move completed for container #26 from source 647b32fd-26f5-4196-8893-213af615c65d to target 0596f35c-1bfe-482e-b60e-5db513df9e95
2023-09-08 11:19:00,982 [main] DEBUG balancer.ContainerBalancerTask (ContainerBalancerTask.java:matchSourceWithTarget(701)) - ContainerBalancer could not find any candidate containers for datanode 19a023a3-6889-4426-8f09-799de8edfe9d
2023-09-08 11:19:00,984 [main] DEBUG balancer.ContainerBalancerTask (ContainerBalancerTask.java:matchSourceWithTarget(701)) - ContainerBalancer could not find any candidate containers for datanode 647b32fd-26f5-4196-8893-213af615c65d
2023-09-08 11:19:00,984 [main] INFO  balancer.FindSourceGreedy (FindSourceGreedy.java:getNextCandidateSourceDataNode(126)) - no more candidate source data node
2023-09-08 11:19:00,984 [main] INFO  balancer.ContainerBalancerTask (ContainerBalancerTask.java:checkIterationMoveResults(642)) - Iteration Summary. Number of Datanodes involved: 8. Size moved: 46 GB (49392123904 Bytes). Number of Container moves completed: 19.
2023-09-08 11:19:00,984 [main] INFO  balancer.ContainerBalancerTask (ContainerBalancerTask.java:balance(259)) - Result of this iteration of Container Balancer: ITERATION_COMPLETED
2023-09-08 11:19:00,985 [main] INFO  balancer.ContainerBalancerTask (ContainerBalancerTask.java:tryStopWithSaveConfiguration(308)) - Save Configuration for stopping. Reason: Completed all iterations.
2023-09-08 11:19:00,986 [main] DEBUG balancer.ContainerBalancerTask (ContainerBalancerTask.java:initializeIteration(374)) - Average utilization of the cluster is 0.41774955499374333
2023-09-08 11:19:00,986 [main] DEBUG balancer.ContainerBalancerTask (ContainerBalancerTask.java:initializeIteration(386)) - Lower limit for utilization is 0.31774955499374335 and Upper limit for utilization is 0.5177495549937433
2023-09-08 11:19:00,986 [main] DEBUG balancer.ContainerBalancerTask (ContainerBalancerTask.java:initializeIteration(398)) - Utilization for node 9573a1cc-4555-491d-8a21-c580a67598bf with capacity 72775834737B, used 65498251264B, and remaining 7277583473B is 0.9000000000096186
2023-09-08 11:19:00,986 [main] DEBUG balancer.ContainerBalancerTask (ContainerBalancerTask.java:initializeIteration(398)) - Utilization for node 647b32fd-26f5-4196-8893-213af615c65d with capacity 60397977600B, used 48318382080B, and remaining 12079595520B is 0.8
2023-09-08 11:19:00,986 [main] DEBUG balancer.ContainerBalancerTask (ContainerBalancerTask.java:initializeIteration(398)) - Utilization for node 19a023a3-6889-4426-8f09-799de8edfe9d with capacity 65958426331B, used 46170898432B, and remaining 19787527899B is 0.7000000000045483
2023-09-08 11:19:00,986 [main] DEBUG balancer.ContainerBalancerTask (ContainerBalancerTask.java:initializeIteration(398)) - Utilization for node e8fa165b-64c7-4360-8eb5-52be85de2b7e with capacity 91268055040B, used 54760833024B, and remaining 36507222016B is 0.6
2023-09-08 11:19:00,986 [main] DEBUG balancer.ContainerBalancerTask (ContainerBalancerTask.java:initializeIteration(398)) - Utilization for node 914f5856-79bf-4dff-b8b7-fe39f809b85d with capacity 81604378624B, used 40802189312B, and remaining 40802189312B is 0.5
2023-09-08 11:19:00,986 [main] DEBUG balancer.ContainerBalancerTask (ContainerBalancerTask.java:initializeIteration(398)) - Utilization for node 37f61971-ebee-4f82-ace8-0bdf5d735487 with capacity 112742891520B, used 45097156608B, and remaining 67645734912B is 0.4
2023-09-08 11:19:00,986 [main] DEBUG balancer.ContainerBalancerTask (ContainerBalancerTask.java:initializeIteration(398)) - Utilization for node 0596f35c-1bfe-482e-b60e-5db513df9e95 with capacity 168219552426B, used 50465865728B, and remaining 117753686698B is 0.3000000000011889
2023-09-08 11:19:00,986 [main] DEBUG balancer.ContainerBalancerTask (ContainerBalancerTask.java:initializeIteration(398)) - Utilization for node 41b29b38-bf6c-41df-bf27-b09a837d4975 with capacity 150323855360B, used 30064771072B, and remaining 120259084288B is 0.2
2023-09-08 11:19:00,986 [main] DEBUG balancer.ContainerBalancerTask (ContainerBalancerTask.java:initializeIteration(398)) - Utilization for node 76d2303b-15d8-4508-a7af-12ec47e6bbf3 with capacity 118111600640B, used 11811160064B, and remaining 106300440576B is 0.1
2023-09-08 11:19:00,987 [main] DEBUG balancer.ContainerBalancerTask (ContainerBalancerTask.java:initializeIteration(398)) - Utilization for node b6364610-fc02-4fb9-9690-e224fab309af with capacity 19327352832B, used 0B, and remaining 19327352832B is 0.0
2023-09-08 11:19:00,987 [main] INFO  balancer.ContainerBalancerTask (ContainerBalancerTask.java:initializeIteration(447)) - Container Balancer has identified 4 Over-Utilized and 4 Under-Utilized Datanodes that need to be balanced.
2023-09-08 11:19:00,987 [main] DEBUG balancer.ContainerBalancerTask (ContainerBalancerTask.java:lambda$initializeIteration$1(453)) - Datanode localhost-205.234.104.8 9573a1cc-4555-491d-8a21-c580a67598bf is Over-Utilized.
2023-09-08 11:19:00,987 [main] DEBUG balancer.ContainerBalancerTask (ContainerBalancerTask.java:lambda$initializeIteration$1(453)) - Datanode localhost-31.169.57.150 647b32fd-26f5-4196-8893-213af615c65d is Over-Utilized.
2023-09-08 11:19:00,987 [main] DEBUG balancer.ContainerBalancerTask (ContainerBalancerTask.java:lambda$initializeIteration$1(453)) - Datanode localhost-30.73.139.191 19a023a3-6889-4426-8f09-799de8edfe9d is Over-Utilized.
2023-09-08 11:19:00,987 [main] DEBUG balancer.ContainerBalancerTask (ContainerBalancerTask.java:lambda$initializeIteration$1(453)) - Datanode localhost-185.219.168.68 e8fa165b-64c7-4360-8eb5-52be85de2b7e is Over-Utilized.
2023-09-08 11:19:00,987 [main] DEBUG balancer.ContainerBalancerTask (ContainerBalancerTask.java:lambda$initializeIteration$2(459)) - Datanode localhost-18.208.251.52 b6364610-fc02-4fb9-9690-e224fab309af is Under-Utilized.
2023-09-08 11:19:00,987 [main] DEBUG balancer.ContainerBalancerTask (ContainerBalancerTask.java:lambda$initializeIteration$2(459)) - Datanode localhost-154.64.31.164 76d2303b-15d8-4508-a7af-12ec47e6bbf3 is Under-Utilized.
2023-09-08 11:19:00,987 [main] DEBUG balancer.ContainerBalancerTask (ContainerBalancerTask.java:lambda$initializeIteration$2(459)) - Datanode localhost-19.128.140.95 41b29b38-bf6c-41df-bf27-b09a837d4975 is Under-Utilized.
2023-09-08 11:19:00,987 [main] DEBUG balancer.ContainerBalancerTask (ContainerBalancerTask.java:lambda$initializeIteration$2(459)) - Datanode localhost-177.165.254.93 0596f35c-1bfe-482e-b60e-5db513df9e95 is Under-Utilized.
2023-09-08 11:19:00,990 [main] DEBUG balancer.ContainerBalancerTask (ContainerBalancerTask.java:matchSourceWithTarget(708)) - ContainerBalancer is finding suitable target for source datanode 9573a1cc-4555-491d-8a21-c580a67598bf
2023-09-08 11:19:00,990 [main] INFO  balancer.ContainerBalancerTask (ContainerBalancerTask.java:matchSourceWithTarget(722)) - ContainerBalancer matched source datanode 9573a1cc-4555-491d-8a21-c580a67598bf with target datanode b6364610-fc02-4fb9-9690-e224fab309af for container move.
2023-09-08 11:19:00,990 [main] INFO  balancer.ContainerBalancerTask (ContainerBalancerTask.java:processMoveSelection(569)) - ContainerBalancer is trying to move container #85 with size 5368709120B from source datanode 9573a1cc-4555-491d-8a21-c580a67598bf to target datanode b6364610-fc02-4fb9-9690-e224fab309af
2023-09-08 11:19:00,991 [main] DEBUG balancer.ContainerBalancerTask (ContainerBalancerTask.java:lambda$moveContainer$3(837)) - Container move completed for container #85 from source 9573a1cc-4555-491d-8a21-c580a67598bf to target b6364610-fc02-4fb9-9690-e224fab309af
2023-09-08 11:19:00,993 [main] DEBUG balancer.ContainerBalancerTask (ContainerBalancerTask.java:matchSourceWithTarget(708)) - ContainerBalancer is finding suitable target for source datanode 9573a1cc-4555-491d-8a21-c580a67598bf
2023-09-08 11:19:00,994 [main] INFO  balancer.ContainerBalancerTask (ContainerBalancerTask.java:matchSourceWithTarget(722)) - ContainerBalancer matched source datanode 9573a1cc-4555-491d-8a21-c580a67598bf with target datanode 76d2303b-15d8-4508-a7af-12ec47e6bbf3 for container move.
2023-09-08 11:19:00,994 [main] INFO  balancer.ContainerBalancerTask (ContainerBalancerTask.java:processMoveSelection(569)) - ContainerBalancer is trying to move container #53 with size 5368709120B from source datanode 9573a1cc-4555-491d-8a21-c580a67598bf to target datanode 76d2303b-15d8-4508-a7af-12ec47e6bbf3
2023-09-08 11:19:00,994 [main] DEBUG balancer.ContainerBalancerTask (ContainerBalancerTask.java:lambda$moveContainer$3(837)) - Container move completed for container #53 from source 9573a1cc-4555-491d-8a21-c580a67598bf to target 76d2303b-15d8-4508-a7af-12ec47e6bbf3
2023-09-08 11:19:00,996 [main] DEBUG balancer.ContainerBalancerTask (ContainerBalancerTask.java:matchSourceWithTarget(708)) - ContainerBalancer is finding suitable target for source datanode 647b32fd-26f5-4196-8893-213af615c65d
2023-09-08 11:19:00,996 [main] INFO  balancer.ContainerBalancerTask (ContainerBalancerTask.java:matchSourceWithTarget(722)) - ContainerBalancer matched source datanode 647b32fd-26f5-4196-8893-213af615c65d with target datanode 76d2303b-15d8-4508-a7af-12ec47e6bbf3 for container move.
2023-09-08 11:19:00,996 [main] INFO  balancer.ContainerBalancerTask (ContainerBalancerTask.java:processMoveSelection(569)) - ContainerBalancer is trying to move container #68 with size 5368709120B from source datanode 647b32fd-26f5-4196-8893-213af615c65d to target datanode 76d2303b-15d8-4508-a7af-12ec47e6bbf3
2023-09-08 11:19:00,996 [main] DEBUG balancer.ContainerBalancerTask (ContainerBalancerTask.java:lambda$moveContainer$3(837)) - Container move completed for container #68 from source 647b32fd-26f5-4196-8893-213af615c65d to target 76d2303b-15d8-4508-a7af-12ec47e6bbf3
2023-09-08 11:19:01,000 [main] DEBUG balancer.ContainerBalancerTask (ContainerBalancerTask.java:matchSourceWithTarget(708)) - ContainerBalancer is finding suitable target for source datanode 9573a1cc-4555-491d-8a21-c580a67598bf
2023-09-08 11:19:01,000 [main] INFO  balancer.ContainerBalancerTask (ContainerBalancerTask.java:matchSourceWithTarget(722)) - ContainerBalancer matched source datanode 9573a1cc-4555-491d-8a21-c580a67598bf with target datanode 76d2303b-15d8-4508-a7af-12ec47e6bbf3 for container move.
2023-09-08 11:19:01,000 [main] INFO  balancer.ContainerBalancerTask (ContainerBalancerTask.java:processMoveSelection(569)) - ContainerBalancer is trying to move container #40 with size 5368709120B from source datanode 9573a1cc-4555-491d-8a21-c580a67598bf to target datanode 76d2303b-15d8-4508-a7af-12ec47e6bbf3
2023-09-08 11:19:01,000 [main] DEBUG balancer.ContainerBalancerTask (ContainerBalancerTask.java:lambda$moveContainer$3(837)) - Container move completed for container #40 from source 9573a1cc-4555-491d-8a21-c580a67598bf to target 76d2303b-15d8-4508-a7af-12ec47e6bbf3
2023-09-08 11:19:01,002 [main] DEBUG balancer.ContainerBalancerTask (ContainerBalancerTask.java:matchSourceWithTarget(708)) - ContainerBalancer is finding suitable target for source datanode 647b32fd-26f5-4196-8893-213af615c65d
2023-09-08 11:19:01,003 [main] INFO  balancer.ContainerBalancerTask (ContainerBalancerTask.java:matchSourceWithTarget(722)) - ContainerBalancer matched source datanode 647b32fd-26f5-4196-8893-213af615c65d with target datanode 41b29b38-bf6c-41df-bf27-b09a837d4975 for container move.
2023-09-08 11:19:01,003 [main] INFO  balancer.ContainerBalancerTask (ContainerBalancerTask.java:processMoveSelection(569)) - ContainerBalancer is trying to move container #67 with size 4294967296B from source datanode 647b32fd-26f5-4196-8893-213af615c65d to target datanode 41b29b38-bf6c-41df-bf27-b09a837d4975
2023-09-08 11:19:01,003 [main] DEBUG balancer.ContainerBalancerTask (ContainerBalancerTask.java:lambda$moveContainer$3(837)) - Container move completed for container #67 from source 647b32fd-26f5-4196-8893-213af615c65d to target 41b29b38-bf6c-41df-bf27-b09a837d4975
2023-09-08 11:19:01,005 [main] DEBUG balancer.ContainerBalancerTask (ContainerBalancerTask.java:matchSourceWithTarget(708)) - ContainerBalancer is finding suitable target for source datanode 19a023a3-6889-4426-8f09-799de8edfe9d
2023-09-08 11:19:01,005 [main] INFO  balancer.ContainerBalancerTask (ContainerBalancerTask.java:matchSourceWithTarget(722)) - ContainerBalancer matched source datanode 19a023a3-6889-4426-8f09-799de8edfe9d with target datanode 41b29b38-bf6c-41df-bf27-b09a837d4975 for container move.
2023-09-08 11:19:01,005 [main] INFO  balancer.ContainerBalancerTask (ContainerBalancerTask.java:processMoveSelection(569)) - ContainerBalancer is trying to move container #89 with size 4294967296B from source datanode 19a023a3-6889-4426-8f09-799de8edfe9d to target datanode 41b29b38-bf6c-41df-bf27-b09a837d4975
2023-09-08 11:19:01,006 [main] DEBUG balancer.ContainerBalancerTask (ContainerBalancerTask.java:lambda$moveContainer$3(837)) - Container move completed for container #89 from source 19a023a3-6889-4426-8f09-799de8edfe9d to target 41b29b38-bf6c-41df-bf27-b09a837d4975
2023-09-08 11:19:01,009 [main] DEBUG balancer.ContainerBalancerTask (ContainerBalancerTask.java:matchSourceWithTarget(708)) - ContainerBalancer is finding suitable target for source datanode 9573a1cc-4555-491d-8a21-c580a67598bf
2023-09-08 11:19:01,009 [main] INFO  balancer.ContainerBalancerTask (ContainerBalancerTask.java:matchSourceWithTarget(722)) - ContainerBalancer matched source datanode 9573a1cc-4555-491d-8a21-c580a67598bf with target datanode 76d2303b-15d8-4508-a7af-12ec47e6bbf3 for container move.
2023-09-08 11:19:01,009 [main] INFO  balancer.ContainerBalancerTask (ContainerBalancerTask.java:processMoveSelection(569)) - ContainerBalancer is trying to move container #29 with size 5368709120B from source datanode 9573a1cc-4555-491d-8a21-c580a67598bf to target datanode 76d2303b-15d8-4508-a7af-12ec47e6bbf3
2023-09-08 11:19:01,009 [main] DEBUG balancer.ContainerBalancerTask (ContainerBalancerTask.java:lambda$moveContainer$3(837)) - Container move completed for container #29 from source 9573a1cc-4555-491d-8a21-c580a67598bf to target 76d2303b-15d8-4508-a7af-12ec47e6bbf3
2023-09-08 11:19:01,011 [main] DEBUG balancer.ContainerBalancerTask (ContainerBalancerTask.java:matchSourceWithTarget(708)) - ContainerBalancer is finding suitable target for source datanode 647b32fd-26f5-4196-8893-213af615c65d
2023-09-08 11:19:01,012 [main] INFO  balancer.ContainerBalancerTask (ContainerBalancerTask.java:matchSourceWithTarget(722)) - ContainerBalancer matched source datanode 647b32fd-26f5-4196-8893-213af615c65d with target datanode 41b29b38-bf6c-41df-bf27-b09a837d4975 for container move.
2023-09-08 11:19:01,012 [main] INFO  balancer.ContainerBalancerTask (ContainerBalancerTask.java:processMoveSelection(569)) - ContainerBalancer is trying to move container #83 with size 3221225472B from source datanode 647b32fd-26f5-4196-8893-213af615c65d to target datanode 41b29b38-bf6c-41df-bf27-b09a837d4975
2023-09-08 11:19:01,012 [main] DEBUG balancer.ContainerBalancerTask (ContainerBalancerTask.java:lambda$moveContainer$3(837)) - Container move completed for container #83 from source 647b32fd-26f5-4196-8893-213af615c65d to target 41b29b38-bf6c-41df-bf27-b09a837d4975
2023-09-08 11:19:01,014 [main] DEBUG balancer.ContainerBalancerTask (ContainerBalancerTask.java:matchSourceWithTarget(708)) - ContainerBalancer is finding suitable target for source datanode 19a023a3-6889-4426-8f09-799de8edfe9d
2023-09-08 11:19:01,015 [main] INFO  balancer.ContainerBalancerTask (ContainerBalancerTask.java:matchSourceWithTarget(722)) - ContainerBalancer matched source datanode 19a023a3-6889-4426-8f09-799de8edfe9d with target datanode b6364610-fc02-4fb9-9690-e224fab309af for container move.
2023-09-08 11:19:01,015 [main] INFO  balancer.ContainerBalancerTask (ContainerBalancerTask.java:processMoveSelection(569)) - ContainerBalancer is trying to move container #52 with size 4294967296B from source datanode 19a023a3-6889-4426-8f09-799de8edfe9d to target datanode b6364610-fc02-4fb9-9690-e224fab309af
2023-09-08 11:19:01,015 [main] DEBUG balancer.ContainerBalancerTask (ContainerBalancerTask.java:lambda$moveContainer$3(837)) - Container move completed for container #52 from source 19a023a3-6889-4426-8f09-799de8edfe9d to target b6364610-fc02-4fb9-9690-e224fab309af
2023-09-08 11:19:01,018 [main] DEBUG balancer.ContainerBalancerTask (ContainerBalancerTask.java:matchSourceWithTarget(708)) - ContainerBalancer is finding suitable target for source datanode 9573a1cc-4555-491d-8a21-c580a67598bf
2023-09-08 11:19:01,018 [main] INFO  balancer.ContainerBalancerTask (ContainerBalancerTask.java:matchSourceWithTarget(722)) - ContainerBalancer matched source datanode 9573a1cc-4555-491d-8a21-c580a67598bf with target datanode 41b29b38-bf6c-41df-bf27-b09a837d4975 for container move.
2023-09-08 11:19:01,018 [main] INFO  balancer.ContainerBalancerTask (ContainerBalancerTask.java:processMoveSelection(569)) - ContainerBalancer is trying to move container #19 with size 4294967296B from source datanode 9573a1cc-4555-491d-8a21-c580a67598bf to target datanode 41b29b38-bf6c-41df-bf27-b09a837d4975
2023-09-08 11:19:01,018 [main] DEBUG balancer.ContainerBalancerTask (ContainerBalancerTask.java:lambda$moveContainer$3(837)) - Container move completed for container #19 from source 9573a1cc-4555-491d-8a21-c580a67598bf to target 41b29b38-bf6c-41df-bf27-b09a837d4975
2023-09-08 11:19:01,022 [main] DEBUG balancer.ContainerBalancerTask (ContainerBalancerTask.java:matchSourceWithTarget(708)) - ContainerBalancer is finding suitable target for source datanode e8fa165b-64c7-4360-8eb5-52be85de2b7e
2023-09-08 11:19:01,022 [main] INFO  balancer.ContainerBalancerTask (ContainerBalancerTask.java:matchSourceWithTarget(722)) - ContainerBalancer matched source datanode e8fa165b-64c7-4360-8eb5-52be85de2b7e with target datanode 76d2303b-15d8-4508-a7af-12ec47e6bbf3 for container move.
2023-09-08 11:19:01,022 [main] INFO  balancer.ContainerBalancerTask (ContainerBalancerTask.java:processMoveSelection(569)) - ContainerBalancer is trying to move container #39 with size 4294967296B from source datanode e8fa165b-64c7-4360-8eb5-52be85de2b7e to target datanode 76d2303b-15d8-4508-a7af-12ec47e6bbf3
2023-09-08 11:19:01,022 [main] DEBUG balancer.ContainerBalancerTask (ContainerBalancerTask.java:lambda$moveContainer$3(837)) - Container move completed for container #39 from source e8fa165b-64c7-4360-8eb5-52be85de2b7e to target 76d2303b-15d8-4508-a7af-12ec47e6bbf3
2023-09-08 11:19:01,025 [main] DEBUG balancer.ContainerBalancerTask (ContainerBalancerTask.java:matchSourceWithTarget(708)) - ContainerBalancer is finding suitable target for source datanode 647b32fd-26f5-4196-8893-213af615c65d
2023-09-08 11:19:01,025 [main] INFO  balancer.ContainerBalancerTask (ContainerBalancerTask.java:matchSourceWithTarget(722)) - ContainerBalancer matched source datanode 647b32fd-26f5-4196-8893-213af615c65d with target datanode 0596f35c-1bfe-482e-b60e-5db513df9e95 for container move.
2023-09-08 11:19:01,025 [main] INFO  balancer.ContainerBalancerTask (ContainerBalancerTask.java:processMoveSelection(569)) - ContainerBalancer is trying to move container #70 with size 2147483648B from source datanode 647b32fd-26f5-4196-8893-213af615c65d to target datanode 0596f35c-1bfe-482e-b60e-5db513df9e95
2023-09-08 11:19:01,025 [main] DEBUG balancer.ContainerBalancerTask (ContainerBalancerTask.java:lambda$moveContainer$3(837)) - Container move completed for container #70 from source 647b32fd-26f5-4196-8893-213af615c65d to target 0596f35c-1bfe-482e-b60e-5db513df9e95
2023-09-08 11:19:01,025 [main] WARN  balancer.ContainerBalancerTask (ContainerBalancerTask.java:reachedMaxSizeToMovePerIteration(733)) - Reached max size to move limit. 53687091200 bytes have already been scheduled for balancing and the limit is 53687091200 bytes.
2023-09-08 11:19:01,026 [main] INFO  balancer.ContainerBalancerTask (ContainerBalancerTask.java:checkIterationMoveResults(642)) - Iteration Summary. Number of Datanodes involved: 8. Size moved: 50 GB (53687091200 Bytes). Number of Container moves completed: 12.
2023-09-08 11:19:01,026 [main] INFO  balancer.ContainerBalancerTask (ContainerBalancerTask.java:balance(259)) - Result of this iteration of Container Balancer: ITERATION_COMPLETED
2023-09-08 11:19:01,026 [main] INFO  balancer.ContainerBalancerTask (ContainerBalancerTask.java:tryStopWithSaveConfiguration(308)) - Save Configuration for stopping. Reason: Completed all iterations.
]]></system-out>
  </testcase>
  <testcase name="containerBalancerShouldSelectOnlyClosedContainers" classname="org.apache.hadoop.hdds.scm.container.balancer.TestContainerBalancerTask" time="0.075">
    <system-out><![CDATA[2023-09-08 11:19:01,048 [main] INFO  net.NodeSchemaLoader (NodeSchemaLoader.java:loadSchemaFromFile(129)) - Loading schema from [file:/home/runner/work/ozone/ozone/hadoop-hdds/common/target/classes/network-topology-default.xml]
2023-09-08 11:19:01,048 [main] INFO  net.NodeSchemaLoader (NodeSchemaLoader.java:loadSchema(176)) - Loading network topology layer schema file
2023-09-08 11:19:01,049 [main] INFO  net.NetworkTopologyImpl (NetworkTopologyImpl.java:add(112)) - Added a new node: /default-rack/fc591dbb-02f2-4fb9-904a-63beef3d9bb5
2023-09-08 11:19:01,049 [main] INFO  net.NetworkTopologyImpl (NetworkTopologyImpl.java:add(112)) - Added a new node: /default-rack/39fe5884-366c-44b0-bad5-2c35513dd98e
2023-09-08 11:19:01,049 [main] INFO  net.NetworkTopologyImpl (NetworkTopologyImpl.java:add(112)) - Added a new node: /default-rack/fde8b814-c991-4c4f-9182-b9afcc0f70b6
2023-09-08 11:19:01,049 [main] INFO  net.NetworkTopologyImpl (NetworkTopologyImpl.java:add(112)) - Added a new node: /default-rack/b34c2144-86b2-45fe-9553-80c522b7e88d
2023-09-08 11:19:01,049 [main] INFO  net.NetworkTopologyImpl (NetworkTopologyImpl.java:add(112)) - Added a new node: /default-rack/2c74e29e-272d-4c47-9c29-bf41ddc85219
2023-09-08 11:19:01,049 [main] INFO  net.NetworkTopologyImpl (NetworkTopologyImpl.java:add(112)) - Added a new node: /default-rack/7481da79-10ec-499f-8190-135492e2fd26
2023-09-08 11:19:01,050 [main] INFO  net.NetworkTopologyImpl (NetworkTopologyImpl.java:add(112)) - Added a new node: /default-rack/a91d9b7d-827f-40e9-bbc7-a999782729a3
2023-09-08 11:19:01,050 [main] INFO  net.NetworkTopologyImpl (NetworkTopologyImpl.java:add(112)) - Added a new node: /default-rack/d82cdeb4-4802-4634-9e8a-a9e9fad2f842
2023-09-08 11:19:01,050 [main] INFO  net.NetworkTopologyImpl (NetworkTopologyImpl.java:add(112)) - Added a new node: /default-rack/e8ba38c1-3bff-47b2-bcb0-48c105976b0d
2023-09-08 11:19:01,050 [main] INFO  net.NetworkTopologyImpl (NetworkTopologyImpl.java:add(112)) - Added a new node: /default-rack/fc630141-fcfa-4c41-b9bd-aff69168fad5
2023-09-08 11:19:01,050 [main] INFO  algorithms.ContainerPlacementPolicyFactory (ContainerPlacementPolicyFactory.java:getPolicyInternal(86)) - Create container placement policy of type org.apache.hadoop.hdds.scm.container.placement.algorithms.SCMContainerPlacementRackAware
2023-09-08 11:19:01,050 [main] INFO  algorithms.ContainerPlacementPolicyFactory (ContainerPlacementPolicyFactory.java:getPolicyInternal(86)) - Create container placement policy of type org.apache.hadoop.hdds.scm.container.placement.algorithms.SCMContainerPlacementRackScatter
2023-09-08 11:19:01,052 [main] DEBUG balancer.ContainerBalancerTask (ContainerBalancerTask.java:initializeIteration(374)) - Average utilization of the cluster is 0.32600019110796824
2023-09-08 11:19:01,052 [main] DEBUG balancer.ContainerBalancerTask (ContainerBalancerTask.java:initializeIteration(386)) - Lower limit for utilization is 0.22600019110796823 and Upper limit for utilization is 0.4260001911079683
2023-09-08 11:19:01,052 [main] DEBUG balancer.ContainerBalancerTask (ContainerBalancerTask.java:initializeIteration(398)) - Utilization for node e8ba38c1-3bff-47b2-bcb0-48c105976b0d with capacity 44142719431B, used 39728447488B, and remaining 4414271943B is 0.9000000000022654
2023-09-08 11:19:01,052 [main] DEBUG balancer.ContainerBalancerTask (ContainerBalancerTask.java:initializeIteration(398)) - Utilization for node 2c74e29e-272d-4c47-9c29-bf41ddc85219 with capacity 72477573120B, used 57982058496B, and remaining 14495514624B is 0.8
2023-09-08 11:19:01,053 [main] DEBUG balancer.ContainerBalancerTask (ContainerBalancerTask.java:initializeIteration(398)) - Utilization for node 7481da79-10ec-499f-8190-135492e2fd26 with capacity 61356675657B, used 42949672960B, and remaining 18407002697B is 0.7000000000016298
2023-09-08 11:19:01,053 [main] DEBUG balancer.ContainerBalancerTask (ContainerBalancerTask.java:initializeIteration(398)) - Utilization for node b34c2144-86b2-45fe-9553-80c522b7e88d with capacity 71582788266B, used 42949672960B, and remaining 28633115306B is 0.600000000005588
2023-09-08 11:19:01,053 [main] DEBUG balancer.ContainerBalancerTask (ContainerBalancerTask.java:initializeIteration(398)) - Utilization for node fde8b814-c991-4c4f-9182-b9afcc0f70b6 with capacity 100931731456B, used 50465865728B, and remaining 50465865728B is 0.5
2023-09-08 11:19:01,053 [main] DEBUG balancer.ContainerBalancerTask (ContainerBalancerTask.java:initializeIteration(398)) - Utilization for node d82cdeb4-4802-4634-9e8a-a9e9fad2f842 with capacity 102005473280B, used 40802189312B, and remaining 61203283968B is 0.4
2023-09-08 11:19:01,053 [main] DEBUG balancer.ContainerBalancerTask (ContainerBalancerTask.java:initializeIteration(398)) - Utilization for node 39fe5884-366c-44b0-bad5-2c35513dd98e with capacity 78741067093B, used 23622320128B, and remaining 55118746965B is 0.30000000000127
2023-09-08 11:19:01,053 [main] DEBUG balancer.ContainerBalancerTask (ContainerBalancerTask.java:initializeIteration(398)) - Utilization for node fc591dbb-02f2-4fb9-904a-63beef3d9bb5 with capacity 209379655680B, used 41875931136B, and remaining 167503724544B is 0.2
2023-09-08 11:19:01,053 [main] DEBUG balancer.ContainerBalancerTask (ContainerBalancerTask.java:initializeIteration(398)) - Utilization for node fc630141-fcfa-4c41-b9bd-aff69168fad5 with capacity 375809638400B, used 37580963840B, and remaining 338228674560B is 0.1
2023-09-08 11:19:01,053 [main] DEBUG balancer.ContainerBalancerTask (ContainerBalancerTask.java:initializeIteration(398)) - Utilization for node a91d9b7d-827f-40e9-bbc7-a999782729a3 with capacity 42949672960B, used 0B, and remaining 42949672960B is 0.0
2023-09-08 11:19:01,053 [main] INFO  balancer.ContainerBalancerTask (ContainerBalancerTask.java:initializeIteration(447)) - Container Balancer has identified 5 Over-Utilized and 3 Under-Utilized Datanodes that need to be balanced.
2023-09-08 11:19:01,053 [main] DEBUG balancer.ContainerBalancerTask (ContainerBalancerTask.java:lambda$initializeIteration$1(453)) - Datanode localhost-147.137.143.50 e8ba38c1-3bff-47b2-bcb0-48c105976b0d is Over-Utilized.
2023-09-08 11:19:01,053 [main] DEBUG balancer.ContainerBalancerTask (ContainerBalancerTask.java:lambda$initializeIteration$1(453)) - Datanode localhost-128.185.81.238 2c74e29e-272d-4c47-9c29-bf41ddc85219 is Over-Utilized.
2023-09-08 11:19:01,053 [main] DEBUG balancer.ContainerBalancerTask (ContainerBalancerTask.java:lambda$initializeIteration$1(453)) - Datanode localhost-220.191.209.62 7481da79-10ec-499f-8190-135492e2fd26 is Over-Utilized.
2023-09-08 11:19:01,054 [main] DEBUG balancer.ContainerBalancerTask (ContainerBalancerTask.java:lambda$initializeIteration$1(453)) - Datanode localhost-73.79.169.225 b34c2144-86b2-45fe-9553-80c522b7e88d is Over-Utilized.
2023-09-08 11:19:01,054 [main] DEBUG balancer.ContainerBalancerTask (ContainerBalancerTask.java:lambda$initializeIteration$1(453)) - Datanode localhost-229.122.12.115 fde8b814-c991-4c4f-9182-b9afcc0f70b6 is Over-Utilized.
2023-09-08 11:19:01,054 [main] DEBUG balancer.ContainerBalancerTask (ContainerBalancerTask.java:lambda$initializeIteration$2(459)) - Datanode localhost-30.121.144.147 a91d9b7d-827f-40e9-bbc7-a999782729a3 is Under-Utilized.
2023-09-08 11:19:01,054 [main] DEBUG balancer.ContainerBalancerTask (ContainerBalancerTask.java:lambda$initializeIteration$2(459)) - Datanode localhost-83.8.181.248 fc630141-fcfa-4c41-b9bd-aff69168fad5 is Under-Utilized.
2023-09-08 11:19:01,054 [main] DEBUG balancer.ContainerBalancerTask (ContainerBalancerTask.java:lambda$initializeIteration$2(459)) - Datanode localhost-123.112.51.11 fc591dbb-02f2-4fb9-904a-63beef3d9bb5 is Under-Utilized.
2023-09-08 11:19:01,055 [main] DEBUG balancer.ContainerBalancerTask (ContainerBalancerTask.java:matchSourceWithTarget(701)) - ContainerBalancer could not find any candidate containers for datanode e8ba38c1-3bff-47b2-bcb0-48c105976b0d
2023-09-08 11:19:01,057 [main] DEBUG balancer.ContainerBalancerTask (ContainerBalancerTask.java:matchSourceWithTarget(701)) - ContainerBalancer could not find any candidate containers for datanode 2c74e29e-272d-4c47-9c29-bf41ddc85219
2023-09-08 11:19:01,058 [main] DEBUG balancer.ContainerBalancerTask (ContainerBalancerTask.java:matchSourceWithTarget(701)) - ContainerBalancer could not find any candidate containers for datanode 7481da79-10ec-499f-8190-135492e2fd26
2023-09-08 11:19:01,060 [main] DEBUG balancer.ContainerBalancerTask (ContainerBalancerTask.java:matchSourceWithTarget(701)) - ContainerBalancer could not find any candidate containers for datanode b34c2144-86b2-45fe-9553-80c522b7e88d
2023-09-08 11:19:01,061 [main] DEBUG balancer.ContainerBalancerTask (ContainerBalancerTask.java:matchSourceWithTarget(701)) - ContainerBalancer could not find any candidate containers for datanode fde8b814-c991-4c4f-9182-b9afcc0f70b6
2023-09-08 11:19:01,061 [main] INFO  balancer.FindSourceGreedy (FindSourceGreedy.java:getNextCandidateSourceDataNode(126)) - no more candidate source data node
2023-09-08 11:19:01,061 [main] INFO  balancer.ContainerBalancerTask (ContainerBalancerTask.java:balance(259)) - Result of this iteration of Container Balancer: CAN_NOT_BALANCE_ANY_MORE
2023-09-08 11:19:01,062 [main] INFO  balancer.ContainerBalancerTask (ContainerBalancerTask.java:tryStopWithSaveConfiguration(308)) - Save Configuration for stopping. Reason: CAN_NOT_BALANCE_ANY_MORE
2023-09-08 11:19:01,062 [main] DEBUG balancer.ContainerBalancerTask (ContainerBalancerTask.java:initializeIteration(374)) - Average utilization of the cluster is 0.32600019110796824
2023-09-08 11:19:01,062 [main] DEBUG balancer.ContainerBalancerTask (ContainerBalancerTask.java:initializeIteration(386)) - Lower limit for utilization is 0.22600019110796823 and Upper limit for utilization is 0.4260001911079683
2023-09-08 11:19:01,062 [main] DEBUG balancer.ContainerBalancerTask (ContainerBalancerTask.java:initializeIteration(398)) - Utilization for node e8ba38c1-3bff-47b2-bcb0-48c105976b0d with capacity 44142719431B, used 39728447488B, and remaining 4414271943B is 0.9000000000022654
2023-09-08 11:19:01,062 [main] DEBUG balancer.ContainerBalancerTask (ContainerBalancerTask.java:initializeIteration(398)) - Utilization for node 2c74e29e-272d-4c47-9c29-bf41ddc85219 with capacity 72477573120B, used 57982058496B, and remaining 14495514624B is 0.8
2023-09-08 11:19:01,062 [main] DEBUG balancer.ContainerBalancerTask (ContainerBalancerTask.java:initializeIteration(398)) - Utilization for node 7481da79-10ec-499f-8190-135492e2fd26 with capacity 61356675657B, used 42949672960B, and remaining 18407002697B is 0.7000000000016298
2023-09-08 11:19:01,062 [main] DEBUG balancer.ContainerBalancerTask (ContainerBalancerTask.java:initializeIteration(398)) - Utilization for node b34c2144-86b2-45fe-9553-80c522b7e88d with capacity 71582788266B, used 42949672960B, and remaining 28633115306B is 0.600000000005588
2023-09-08 11:19:01,062 [main] DEBUG balancer.ContainerBalancerTask (ContainerBalancerTask.java:initializeIteration(398)) - Utilization for node fde8b814-c991-4c4f-9182-b9afcc0f70b6 with capacity 100931731456B, used 50465865728B, and remaining 50465865728B is 0.5
2023-09-08 11:19:01,063 [main] DEBUG balancer.ContainerBalancerTask (ContainerBalancerTask.java:initializeIteration(398)) - Utilization for node d82cdeb4-4802-4634-9e8a-a9e9fad2f842 with capacity 102005473280B, used 40802189312B, and remaining 61203283968B is 0.4
2023-09-08 11:19:01,063 [main] DEBUG balancer.ContainerBalancerTask (ContainerBalancerTask.java:initializeIteration(398)) - Utilization for node 39fe5884-366c-44b0-bad5-2c35513dd98e with capacity 78741067093B, used 23622320128B, and remaining 55118746965B is 0.30000000000127
2023-09-08 11:19:01,063 [main] DEBUG balancer.ContainerBalancerTask (ContainerBalancerTask.java:initializeIteration(398)) - Utilization for node fc591dbb-02f2-4fb9-904a-63beef3d9bb5 with capacity 209379655680B, used 41875931136B, and remaining 167503724544B is 0.2
2023-09-08 11:19:01,063 [main] DEBUG balancer.ContainerBalancerTask (ContainerBalancerTask.java:initializeIteration(398)) - Utilization for node fc630141-fcfa-4c41-b9bd-aff69168fad5 with capacity 375809638400B, used 37580963840B, and remaining 338228674560B is 0.1
2023-09-08 11:19:01,063 [main] DEBUG balancer.ContainerBalancerTask (ContainerBalancerTask.java:initializeIteration(398)) - Utilization for node a91d9b7d-827f-40e9-bbc7-a999782729a3 with capacity 42949672960B, used 0B, and remaining 42949672960B is 0.0
2023-09-08 11:19:01,063 [main] INFO  balancer.ContainerBalancerTask (ContainerBalancerTask.java:initializeIteration(447)) - Container Balancer has identified 5 Over-Utilized and 3 Under-Utilized Datanodes that need to be balanced.
2023-09-08 11:19:01,063 [main] DEBUG balancer.ContainerBalancerTask (ContainerBalancerTask.java:lambda$initializeIteration$1(453)) - Datanode localhost-147.137.143.50 e8ba38c1-3bff-47b2-bcb0-48c105976b0d is Over-Utilized.
2023-09-08 11:19:01,063 [main] DEBUG balancer.ContainerBalancerTask (ContainerBalancerTask.java:lambda$initializeIteration$1(453)) - Datanode localhost-128.185.81.238 2c74e29e-272d-4c47-9c29-bf41ddc85219 is Over-Utilized.
2023-09-08 11:19:01,063 [main] DEBUG balancer.ContainerBalancerTask (ContainerBalancerTask.java:lambda$initializeIteration$1(453)) - Datanode localhost-220.191.209.62 7481da79-10ec-499f-8190-135492e2fd26 is Over-Utilized.
2023-09-08 11:19:01,063 [main] DEBUG balancer.ContainerBalancerTask (ContainerBalancerTask.java:lambda$initializeIteration$1(453)) - Datanode localhost-73.79.169.225 b34c2144-86b2-45fe-9553-80c522b7e88d is Over-Utilized.
2023-09-08 11:19:01,063 [main] DEBUG balancer.ContainerBalancerTask (ContainerBalancerTask.java:lambda$initializeIteration$1(453)) - Datanode localhost-229.122.12.115 fde8b814-c991-4c4f-9182-b9afcc0f70b6 is Over-Utilized.
2023-09-08 11:19:01,064 [main] DEBUG balancer.ContainerBalancerTask (ContainerBalancerTask.java:lambda$initializeIteration$2(459)) - Datanode localhost-30.121.144.147 a91d9b7d-827f-40e9-bbc7-a999782729a3 is Under-Utilized.
2023-09-08 11:19:01,064 [main] DEBUG balancer.ContainerBalancerTask (ContainerBalancerTask.java:lambda$initializeIteration$2(459)) - Datanode localhost-83.8.181.248 fc630141-fcfa-4c41-b9bd-aff69168fad5 is Under-Utilized.
2023-09-08 11:19:01,064 [main] DEBUG balancer.ContainerBalancerTask (ContainerBalancerTask.java:lambda$initializeIteration$2(459)) - Datanode localhost-123.112.51.11 fc591dbb-02f2-4fb9-904a-63beef3d9bb5 is Under-Utilized.
2023-09-08 11:19:01,066 [main] DEBUG balancer.ContainerBalancerTask (ContainerBalancerTask.java:matchSourceWithTarget(708)) - ContainerBalancer is finding suitable target for source datanode e8ba38c1-3bff-47b2-bcb0-48c105976b0d
2023-09-08 11:19:01,066 [main] INFO  balancer.ContainerBalancerTask (ContainerBalancerTask.java:matchSourceWithTarget(722)) - ContainerBalancer matched source datanode e8ba38c1-3bff-47b2-bcb0-48c105976b0d with target datanode a91d9b7d-827f-40e9-bbc7-a999782729a3 for container move.
2023-09-08 11:19:01,066 [main] INFO  balancer.ContainerBalancerTask (ContainerBalancerTask.java:processMoveSelection(569)) - ContainerBalancer is trying to move container #85 with size 5368709120B from source datanode e8ba38c1-3bff-47b2-bcb0-48c105976b0d to target datanode a91d9b7d-827f-40e9-bbc7-a999782729a3
2023-09-08 11:19:01,066 [main] DEBUG balancer.ContainerBalancerTask (ContainerBalancerTask.java:lambda$moveContainer$3(837)) - Container move completed for container #85 from source e8ba38c1-3bff-47b2-bcb0-48c105976b0d to target a91d9b7d-827f-40e9-bbc7-a999782729a3
2023-09-08 11:19:01,069 [main] DEBUG balancer.ContainerBalancerTask (ContainerBalancerTask.java:matchSourceWithTarget(708)) - ContainerBalancer is finding suitable target for source datanode 2c74e29e-272d-4c47-9c29-bf41ddc85219
2023-09-08 11:19:01,069 [main] INFO  balancer.ContainerBalancerTask (ContainerBalancerTask.java:matchSourceWithTarget(722)) - ContainerBalancer matched source datanode 2c74e29e-272d-4c47-9c29-bf41ddc85219 with target datanode fc630141-fcfa-4c41-b9bd-aff69168fad5 for container move.
2023-09-08 11:19:01,069 [main] INFO  balancer.ContainerBalancerTask (ContainerBalancerTask.java:processMoveSelection(569)) - ContainerBalancer is trying to move container #68 with size 5368709120B from source datanode 2c74e29e-272d-4c47-9c29-bf41ddc85219 to target datanode fc630141-fcfa-4c41-b9bd-aff69168fad5
2023-09-08 11:19:01,069 [main] DEBUG balancer.ContainerBalancerTask (ContainerBalancerTask.java:lambda$moveContainer$3(837)) - Container move completed for container #68 from source 2c74e29e-272d-4c47-9c29-bf41ddc85219 to target fc630141-fcfa-4c41-b9bd-aff69168fad5
2023-09-08 11:19:01,071 [main] DEBUG balancer.ContainerBalancerTask (ContainerBalancerTask.java:matchSourceWithTarget(708)) - ContainerBalancer is finding suitable target for source datanode e8ba38c1-3bff-47b2-bcb0-48c105976b0d
2023-09-08 11:19:01,071 [main] INFO  balancer.ContainerBalancerTask (ContainerBalancerTask.java:matchSourceWithTarget(722)) - ContainerBalancer matched source datanode e8ba38c1-3bff-47b2-bcb0-48c105976b0d with target datanode fc630141-fcfa-4c41-b9bd-aff69168fad5 for container move.
2023-09-08 11:19:01,071 [main] INFO  balancer.ContainerBalancerTask (ContainerBalancerTask.java:processMoveSelection(569)) - ContainerBalancer is trying to move container #84 with size 4294967296B from source datanode e8ba38c1-3bff-47b2-bcb0-48c105976b0d to target datanode fc630141-fcfa-4c41-b9bd-aff69168fad5
2023-09-08 11:19:01,072 [main] DEBUG balancer.ContainerBalancerTask (ContainerBalancerTask.java:lambda$moveContainer$3(837)) - Container move completed for container #84 from source e8ba38c1-3bff-47b2-bcb0-48c105976b0d to target fc630141-fcfa-4c41-b9bd-aff69168fad5
2023-09-08 11:19:01,074 [main] DEBUG balancer.ContainerBalancerTask (ContainerBalancerTask.java:matchSourceWithTarget(708)) - ContainerBalancer is finding suitable target for source datanode 2c74e29e-272d-4c47-9c29-bf41ddc85219
2023-09-08 11:19:01,074 [main] INFO  balancer.ContainerBalancerTask (ContainerBalancerTask.java:matchSourceWithTarget(722)) - ContainerBalancer matched source datanode 2c74e29e-272d-4c47-9c29-bf41ddc85219 with target datanode a91d9b7d-827f-40e9-bbc7-a999782729a3 for container move.
2023-09-08 11:19:01,075 [main] INFO  balancer.ContainerBalancerTask (ContainerBalancerTask.java:processMoveSelection(569)) - ContainerBalancer is trying to move container #40 with size 5368709120B from source datanode 2c74e29e-272d-4c47-9c29-bf41ddc85219 to target datanode a91d9b7d-827f-40e9-bbc7-a999782729a3
2023-09-08 11:19:01,075 [main] DEBUG balancer.ContainerBalancerTask (ContainerBalancerTask.java:lambda$moveContainer$3(837)) - Container move completed for container #40 from source 2c74e29e-272d-4c47-9c29-bf41ddc85219 to target a91d9b7d-827f-40e9-bbc7-a999782729a3
2023-09-08 11:19:01,077 [main] DEBUG balancer.ContainerBalancerTask (ContainerBalancerTask.java:matchSourceWithTarget(708)) - ContainerBalancer is finding suitable target for source datanode 7481da79-10ec-499f-8190-135492e2fd26
2023-09-08 11:19:01,077 [main] INFO  balancer.ContainerBalancerTask (ContainerBalancerTask.java:matchSourceWithTarget(722)) - ContainerBalancer matched source datanode 7481da79-10ec-499f-8190-135492e2fd26 with target datanode fc630141-fcfa-4c41-b9bd-aff69168fad5 for container move.
2023-09-08 11:19:01,077 [main] INFO  balancer.ContainerBalancerTask (ContainerBalancerTask.java:processMoveSelection(569)) - ContainerBalancer is trying to move container #53 with size 5368709120B from source datanode 7481da79-10ec-499f-8190-135492e2fd26 to target datanode fc630141-fcfa-4c41-b9bd-aff69168fad5
2023-09-08 11:19:01,077 [main] DEBUG balancer.ContainerBalancerTask (ContainerBalancerTask.java:lambda$moveContainer$3(837)) - Container move completed for container #53 from source 7481da79-10ec-499f-8190-135492e2fd26 to target fc630141-fcfa-4c41-b9bd-aff69168fad5
2023-09-08 11:19:01,079 [main] DEBUG balancer.ContainerBalancerTask (ContainerBalancerTask.java:matchSourceWithTarget(708)) - ContainerBalancer is finding suitable target for source datanode e8ba38c1-3bff-47b2-bcb0-48c105976b0d
2023-09-08 11:19:01,080 [main] INFO  balancer.ContainerBalancerTask (ContainerBalancerTask.java:matchSourceWithTarget(722)) - ContainerBalancer matched source datanode e8ba38c1-3bff-47b2-bcb0-48c105976b0d with target datanode fc630141-fcfa-4c41-b9bd-aff69168fad5 for container move.
2023-09-08 11:19:01,080 [main] INFO  balancer.ContainerBalancerTask (ContainerBalancerTask.java:processMoveSelection(569)) - ContainerBalancer is trying to move container #83 with size 3221225472B from source datanode e8ba38c1-3bff-47b2-bcb0-48c105976b0d to target datanode fc630141-fcfa-4c41-b9bd-aff69168fad5
2023-09-08 11:19:01,080 [main] DEBUG balancer.ContainerBalancerTask (ContainerBalancerTask.java:lambda$moveContainer$3(837)) - Container move completed for container #83 from source e8ba38c1-3bff-47b2-bcb0-48c105976b0d to target fc630141-fcfa-4c41-b9bd-aff69168fad5
2023-09-08 11:19:01,083 [main] DEBUG balancer.ContainerBalancerTask (ContainerBalancerTask.java:matchSourceWithTarget(708)) - ContainerBalancer is finding suitable target for source datanode 2c74e29e-272d-4c47-9c29-bf41ddc85219
2023-09-08 11:19:01,083 [main] INFO  balancer.ContainerBalancerTask (ContainerBalancerTask.java:matchSourceWithTarget(722)) - ContainerBalancer matched source datanode 2c74e29e-272d-4c47-9c29-bf41ddc85219 with target datanode fc630141-fcfa-4c41-b9bd-aff69168fad5 for container move.
2023-09-08 11:19:01,083 [main] INFO  balancer.ContainerBalancerTask (ContainerBalancerTask.java:processMoveSelection(569)) - ContainerBalancer is trying to move container #28 with size 4294967296B from source datanode 2c74e29e-272d-4c47-9c29-bf41ddc85219 to target datanode fc630141-fcfa-4c41-b9bd-aff69168fad5
2023-09-08 11:19:01,083 [main] DEBUG balancer.ContainerBalancerTask (ContainerBalancerTask.java:lambda$moveContainer$3(837)) - Container move completed for container #28 from source 2c74e29e-272d-4c47-9c29-bf41ddc85219 to target fc630141-fcfa-4c41-b9bd-aff69168fad5
2023-09-08 11:19:01,085 [main] DEBUG balancer.ContainerBalancerTask (ContainerBalancerTask.java:matchSourceWithTarget(708)) - ContainerBalancer is finding suitable target for source datanode 7481da79-10ec-499f-8190-135492e2fd26
2023-09-08 11:19:01,086 [main] INFO  balancer.ContainerBalancerTask (ContainerBalancerTask.java:matchSourceWithTarget(722)) - ContainerBalancer matched source datanode 7481da79-10ec-499f-8190-135492e2fd26 with target datanode fc630141-fcfa-4c41-b9bd-aff69168fad5 for container move.
2023-09-08 11:19:01,086 [main] INFO  balancer.ContainerBalancerTask (ContainerBalancerTask.java:processMoveSelection(569)) - ContainerBalancer is trying to move container #52 with size 4294967296B from source datanode 7481da79-10ec-499f-8190-135492e2fd26 to target datanode fc630141-fcfa-4c41-b9bd-aff69168fad5
2023-09-08 11:19:01,086 [main] DEBUG balancer.ContainerBalancerTask (ContainerBalancerTask.java:lambda$moveContainer$3(837)) - Container move completed for container #52 from source 7481da79-10ec-499f-8190-135492e2fd26 to target fc630141-fcfa-4c41-b9bd-aff69168fad5
2023-09-08 11:19:01,088 [main] DEBUG balancer.ContainerBalancerTask (ContainerBalancerTask.java:matchSourceWithTarget(708)) - ContainerBalancer is finding suitable target for source datanode e8ba38c1-3bff-47b2-bcb0-48c105976b0d
2023-09-08 11:19:01,088 [main] INFO  balancer.ContainerBalancerTask (ContainerBalancerTask.java:matchSourceWithTarget(722)) - ContainerBalancer matched source datanode e8ba38c1-3bff-47b2-bcb0-48c105976b0d with target datanode fc630141-fcfa-4c41-b9bd-aff69168fad5 for container move.
2023-09-08 11:19:01,088 [main] INFO  balancer.ContainerBalancerTask (ContainerBalancerTask.java:processMoveSelection(569)) - ContainerBalancer is trying to move container #71 with size 3221225472B from source datanode e8ba38c1-3bff-47b2-bcb0-48c105976b0d to target datanode fc630141-fcfa-4c41-b9bd-aff69168fad5
2023-09-08 11:19:01,089 [main] DEBUG balancer.ContainerBalancerTask (ContainerBalancerTask.java:lambda$moveContainer$3(837)) - Container move completed for container #71 from source e8ba38c1-3bff-47b2-bcb0-48c105976b0d to target fc630141-fcfa-4c41-b9bd-aff69168fad5
2023-09-08 11:19:01,091 [main] DEBUG balancer.ContainerBalancerTask (ContainerBalancerTask.java:matchSourceWithTarget(708)) - ContainerBalancer is finding suitable target for source datanode b34c2144-86b2-45fe-9553-80c522b7e88d
2023-09-08 11:19:01,091 [main] INFO  balancer.ContainerBalancerTask (ContainerBalancerTask.java:matchSourceWithTarget(722)) - ContainerBalancer matched source datanode b34c2144-86b2-45fe-9553-80c522b7e88d with target datanode fc630141-fcfa-4c41-b9bd-aff69168fad5 for container move.
2023-09-08 11:19:01,091 [main] INFO  balancer.ContainerBalancerTask (ContainerBalancerTask.java:processMoveSelection(569)) - ContainerBalancer is trying to move container #39 with size 4294967296B from source datanode b34c2144-86b2-45fe-9553-80c522b7e88d to target datanode fc630141-fcfa-4c41-b9bd-aff69168fad5
2023-09-08 11:19:01,091 [main] DEBUG balancer.ContainerBalancerTask (ContainerBalancerTask.java:lambda$moveContainer$3(837)) - Container move completed for container #39 from source b34c2144-86b2-45fe-9553-80c522b7e88d to target fc630141-fcfa-4c41-b9bd-aff69168fad5
2023-09-08 11:19:01,094 [main] DEBUG balancer.ContainerBalancerTask (ContainerBalancerTask.java:matchSourceWithTarget(708)) - ContainerBalancer is finding suitable target for source datanode 2c74e29e-272d-4c47-9c29-bf41ddc85219
2023-09-08 11:19:01,094 [main] INFO  balancer.ContainerBalancerTask (ContainerBalancerTask.java:matchSourceWithTarget(722)) - ContainerBalancer matched source datanode 2c74e29e-272d-4c47-9c29-bf41ddc85219 with target datanode fc630141-fcfa-4c41-b9bd-aff69168fad5 for container move.
2023-09-08 11:19:01,095 [main] INFO  balancer.ContainerBalancerTask (ContainerBalancerTask.java:processMoveSelection(569)) - ContainerBalancer is trying to move container #66 with size 3221225472B from source datanode 2c74e29e-272d-4c47-9c29-bf41ddc85219 to target datanode fc630141-fcfa-4c41-b9bd-aff69168fad5
2023-09-08 11:19:01,095 [main] DEBUG balancer.ContainerBalancerTask (ContainerBalancerTask.java:lambda$moveContainer$3(837)) - Container move completed for container #66 from source 2c74e29e-272d-4c47-9c29-bf41ddc85219 to target fc630141-fcfa-4c41-b9bd-aff69168fad5
2023-09-08 11:19:01,098 [main] DEBUG balancer.ContainerBalancerTask (ContainerBalancerTask.java:matchSourceWithTarget(708)) - ContainerBalancer is finding suitable target for source datanode 2c74e29e-272d-4c47-9c29-bf41ddc85219
2023-09-08 11:19:01,098 [main] INFO  balancer.ContainerBalancerTask (ContainerBalancerTask.java:matchSourceWithTarget(722)) - ContainerBalancer matched source datanode 2c74e29e-272d-4c47-9c29-bf41ddc85219 with target datanode fc591dbb-02f2-4fb9-904a-63beef3d9bb5 for container move.
2023-09-08 11:19:01,098 [main] INFO  balancer.ContainerBalancerTask (ContainerBalancerTask.java:processMoveSelection(569)) - ContainerBalancer is trying to move container #89 with size 4294967296B from source datanode 2c74e29e-272d-4c47-9c29-bf41ddc85219 to target datanode fc591dbb-02f2-4fb9-904a-63beef3d9bb5
2023-09-08 11:19:01,098 [main] DEBUG balancer.ContainerBalancerTask (ContainerBalancerTask.java:lambda$moveContainer$3(837)) - Container move completed for container #89 from source 2c74e29e-272d-4c47-9c29-bf41ddc85219 to target fc591dbb-02f2-4fb9-904a-63beef3d9bb5
2023-09-08 11:19:01,101 [main] DEBUG balancer.ContainerBalancerTask (ContainerBalancerTask.java:matchSourceWithTarget(708)) - ContainerBalancer is finding suitable target for source datanode 7481da79-10ec-499f-8190-135492e2fd26
2023-09-08 11:19:01,101 [main] INFO  balancer.ContainerBalancerTask (ContainerBalancerTask.java:matchSourceWithTarget(722)) - ContainerBalancer matched source datanode 7481da79-10ec-499f-8190-135492e2fd26 with target datanode fc630141-fcfa-4c41-b9bd-aff69168fad5 for container move.
2023-09-08 11:19:01,101 [main] INFO  balancer.ContainerBalancerTask (ContainerBalancerTask.java:processMoveSelection(569)) - ContainerBalancer is trying to move container #64 with size 1073741824B from source datanode 7481da79-10ec-499f-8190-135492e2fd26 to target datanode fc630141-fcfa-4c41-b9bd-aff69168fad5
2023-09-08 11:19:01,101 [main] DEBUG balancer.ContainerBalancerTask (ContainerBalancerTask.java:lambda$moveContainer$3(837)) - Container move completed for container #64 from source 7481da79-10ec-499f-8190-135492e2fd26 to target fc630141-fcfa-4c41-b9bd-aff69168fad5
2023-09-08 11:19:01,101 [main] WARN  balancer.ContainerBalancerTask (ContainerBalancerTask.java:reachedMaxSizeToMovePerIteration(733)) - Reached max size to move limit. 53687091200 bytes have already been scheduled for balancing and the limit is 53687091200 bytes.
2023-09-08 11:19:01,101 [main] INFO  balancer.ContainerBalancerTask (ContainerBalancerTask.java:checkIterationMoveResults(642)) - Iteration Summary. Number of Datanodes involved: 7. Size moved: 50 GB (53687091200 Bytes). Number of Container moves completed: 13.
2023-09-08 11:19:01,101 [main] INFO  balancer.ContainerBalancerTask (ContainerBalancerTask.java:balance(259)) - Result of this iteration of Container Balancer: ITERATION_COMPLETED
2023-09-08 11:19:01,102 [main] INFO  balancer.ContainerBalancerTask (ContainerBalancerTask.java:tryStopWithSaveConfiguration(308)) - Save Configuration for stopping. Reason: Completed all iterations.
]]></system-out>
  </testcase>
</testsuite>