<?xml version="1.0" encoding="UTF-8"?>
<testsuite xmlns:xsi="http://www.w3.org/2001/XMLSchema-instance" xsi:noNamespaceSchemaLocation="https://maven.apache.org/surefire/maven-surefire-plugin/xsd/surefire-test-report-3.0.xsd" version="3.0" name="org.apache.hadoop.fs.ozone.TestLeaseRecovery" time="311.218" tests="15" errors="0" skipped="0" failures="1">
  <properties>
    <property name="java.specification.version" value="17"/>
    <property name="sun.jnu.encoding" value="UTF-8"/>
    <property name="java.class.path" value="/home/runner/work/ozone/ozone/hadoop-ozone/integration-test/target/test-classes:/home/runner/work/ozone/ozone/hadoop-ozone/integration-test/target/classes:/home/runner/work/ozone/ozone/hadoop-ozone/common/target/ozone-common-1.5.0-SNAPSHOT.jar:/home/runner/.m2/repository/io/grpc/grpc-netty/1.58.0/grpc-netty-1.58.0.jar:/home/runner/.m2/repository/io/grpc/grpc-core/1.58.0/grpc-core-1.58.0.jar:/home/runner/.m2/repository/com/google/android/annotations/4.1.1.4/annotations-4.1.1.4.jar:/home/runner/.m2/repository/org/codehaus/mojo/animal-sniffer-annotations/1.23/animal-sniffer-annotations-1.23.jar:/home/runner/.m2/repository/io/grpc/grpc-context/1.58.0/grpc-context-1.58.0.jar:/home/runner/.m2/repository/io/grpc/grpc-util/1.58.0/grpc-util-1.58.0.jar:/home/runner/.m2/repository/com/google/errorprone/error_prone_annotations/2.29.2/error_prone_annotations-2.29.2.jar:/home/runner/.m2/repository/io/perfmark/perfmark-api/0.26.0/perfmark-api-0.26.0.jar:/home/runner/.m2/repository/io/netty/netty-codec-http2/4.1.109.Final/netty-codec-http2-4.1.109.Final.jar:/home/runner/.m2/repository/io/netty/netty-codec-http/4.1.109.Final/netty-codec-http-4.1.109.Final.jar:/home/runner/.m2/repository/io/netty/netty-handler-proxy/4.1.109.Final/netty-handler-proxy-4.1.109.Final.jar:/home/runner/.m2/repository/io/netty/netty-codec-socks/4.1.109.Final/netty-codec-socks-4.1.109.Final.jar:/home/runner/.m2/repository/io/netty/netty-tcnative-boringssl-static/2.0.65.Final/netty-tcnative-boringssl-static-2.0.65.Final.jar:/home/runner/.m2/repository/io/netty/netty-tcnative-classes/2.0.65.Final/netty-tcnative-classes-2.0.65.Final.jar:/home/runner/.m2/repository/io/netty/netty-tcnative-boringssl-static/2.0.65.Final/netty-tcnative-boringssl-static-2.0.65.Final-linux-x86_64.jar:/home/runner/.m2/repository/io/netty/netty-tcnative-boringssl-static/2.0.65.Final/netty-tcnative-boringssl-static-2.0.65.Final-linux-aarch_64.jar:/home/runner/.m2/repository/io/netty/netty-tcnative-boringssl-static/2.0.65.Final/netty-tcnative-boringssl-static-2.0.65.Final-osx-x86_64.jar:/home/runner/.m2/repository/io/netty/netty-tcnative-boringssl-static/2.0.65.Final/netty-tcnative-boringssl-static-2.0.65.Final-osx-aarch_64.jar:/home/runner/.m2/repository/io/netty/netty-tcnative-boringssl-static/2.0.65.Final/netty-tcnative-boringssl-static-2.0.65.Final-windows-x86_64.jar:/home/runner/.m2/repository/org/apache/commons/commons-compress/1.27.0/commons-compress-1.27.0.jar:/home/runner/work/ozone/ozone/hadoop-hdds/common/target/hdds-common-1.5.0-SNAPSHOT.jar:/home/runner/work/ozone/ozone/hadoop-hdds/client/target/hdds-client-1.5.0-SNAPSHOT.jar:/home/runner/work/ozone/ozone/hadoop-ozone/interface-client/target/ozone-interface-client-1.5.0-SNAPSHOT.jar:/home/runner/.m2/repository/org/apache/hadoop/hadoop-hdfs-client/3.3.6/hadoop-hdfs-client-3.3.6.jar:/home/runner/.m2/repository/com/squareup/okhttp3/okhttp/4.12.0/okhttp-4.12.0.jar:/home/runner/.m2/repository/com/squareup/okio/okio/3.6.0/okio-3.6.0.jar:/home/runner/.m2/repository/com/squareup/okio/okio-jvm/3.6.0/okio-jvm-3.6.0.jar:/home/runner/.m2/repository/org/jetbrains/kotlin/kotlin-stdlib-jdk8/1.9.25/kotlin-stdlib-jdk8-1.9.25.jar:/home/runner/.m2/repository/org/jetbrains/kotlin/kotlin-stdlib-jdk7/1.9.25/kotlin-stdlib-jdk7-1.9.25.jar:/home/runner/.m2/repository/org/jetbrains/kotlin/kotlin-stdlib-common/1.9.25/kotlin-stdlib-common-1.9.25.jar:/home/runner/.m2/repository/com/github/stephenc/jcip/jcip-annotations/1.0-1/jcip-annotations-1.0-1.jar:/home/runner/work/ozone/ozone/hadoop-hdds/test-utils/target/hdds-test-utils-1.5.0-SNAPSHOT.jar:/home/runner/.m2/repository/org/assertj/assertj-core/3.26.3/assertj-core-3.26.3.jar:/home/runner/.m2/repository/net/bytebuddy/byte-buddy/1.14.18/byte-buddy-1.14.18.jar:/home/runner/.m2/repository/com/google/guava/guava/32.1.3-jre/guava-32.1.3-jre.jar:/home/runner/.m2/repository/com/google/guava/failureaccess/1.0.1/failureaccess-1.0.1.jar:/home/runner/.m2/repository/com/google/guava/listenablefuture/9999.0-empty-to-avoid-conflict-with-guava/listenablefuture-9999.0-empty-to-avoid-conflict-with-guava.jar:/home/runner/.m2/repository/org/checkerframework/checker-qual/3.37.0/checker-qual-3.37.0.jar:/home/runner/.m2/repository/com/google/j2objc/j2objc-annotations/2.8/j2objc-annotations-2.8.jar:/home/runner/.m2/repository/commons-io/commons-io/2.16.1/commons-io-2.16.1.jar:/home/runner/.m2/repository/commons-logging/commons-logging/1.2/commons-logging-1.2.jar:/home/runner/.m2/repository/org/junit/jupiter/junit-jupiter-api/5.10.3/junit-jupiter-api-5.10.3.jar:/home/runner/.m2/repository/org/opentest4j/opentest4j/1.3.0/opentest4j-1.3.0.jar:/home/runner/.m2/repository/org/junit/platform/junit-platform-commons/1.10.3/junit-platform-commons-1.10.3.jar:/home/runner/.m2/repository/ch/qos/reload4j/reload4j/1.2.25/reload4j-1.2.25.jar:/home/runner/.m2/repository/jakarta/annotation/jakarta.annotation-api/2.1.1/jakarta.annotation-api-2.1.1.jar:/home/runner/.m2/repository/org/slf4j/slf4j-api/2.0.15/slf4j-api-2.0.15.jar:/home/runner/.m2/repository/org/apache/logging/log4j/log4j-api/2.23.1/log4j-api-2.23.1.jar:/home/runner/work/ozone/ozone/hadoop-hdds/server-scm/target/hdds-server-scm-1.5.0-SNAPSHOT.jar:/home/runner/.m2/repository/com/google/protobuf/protobuf-java/2.5.0/protobuf-java-2.5.0.jar:/home/runner/work/ozone/ozone/hadoop-hdds/config/target/hdds-config-1.5.0-SNAPSHOT.jar:/home/runner/work/ozone/ozone/hadoop-hdds/container-service/target/hdds-container-service-1.5.0-SNAPSHOT.jar:/home/runner/work/ozone/ozone/hadoop-hdds/hadoop-dependency-server/target/hdds-hadoop-dependency-server-1.5.0-SNAPSHOT.jar:/home/runner/.m2/repository/com/nimbusds/nimbus-jose-jwt/9.40/nimbus-jose-jwt-9.40.jar:/home/runner/.m2/repository/org/apache/hadoop/hadoop-hdfs/3.3.6/hadoop-hdfs-3.3.6.jar:/home/runner/.m2/repository/commons-daemon/commons-daemon/1.4.0/commons-daemon-1.4.0.jar:/home/runner/.m2/repository/org/apache/kerby/kerb-core/1.0.1/kerb-core-1.0.1.jar:/home/runner/.m2/repository/org/apache/kerby/kerby-pkix/1.0.1/kerby-pkix-1.0.1.jar:/home/runner/.m2/repository/org/apache/kerby/kerby-asn1/1.0.1/kerby-asn1-1.0.1.jar:/home/runner/.m2/repository/org/apache/kerby/kerby-util/1.0.1/kerby-util-1.0.1.jar:/home/runner/.m2/repository/org/apache/kerby/kerb-util/1.0.1/kerb-util-1.0.1.jar:/home/runner/.m2/repository/org/apache/kerby/kerby-config/1.0.1/kerby-config-1.0.1.jar:/home/runner/.m2/repository/org/apache/kerby/kerb-crypto/1.0.1/kerb-crypto-1.0.1.jar:/home/runner/.m2/repository/org/xerial/snappy/snappy-java/1.1.10.5/snappy-java-1.1.10.5.jar:/home/runner/work/ozone/ozone/hadoop-hdds/interface-admin/target/hdds-interface-admin-1.5.0-SNAPSHOT.jar:/home/runner/work/ozone/ozone/hadoop-hdds/interface-client/target/hdds-interface-client-1.5.0-SNAPSHOT.jar:/home/runner/.m2/repository/org/apache/hadoop/thirdparty/hadoop-shaded-protobuf_3_7/1.1.1/hadoop-shaded-protobuf_3_7-1.1.1.jar:/home/runner/work/ozone/ozone/hadoop-hdds/interface-server/target/hdds-interface-server-1.5.0-SNAPSHOT.jar:/home/runner/work/ozone/ozone/hadoop-hdds/framework/target/hdds-server-framework-1.5.0-SNAPSHOT.jar:/home/runner/.m2/repository/org/apache/ratis/ratis-client/3.1.0/ratis-client-3.1.0.jar:/home/runner/.m2/repository/org/apache/ratis/ratis-common/3.1.0/ratis-common-3.1.0.jar:/home/runner/.m2/repository/org/apache/ratis/ratis-grpc/3.1.0/ratis-grpc-3.1.0.jar:/home/runner/.m2/repository/org/apache/ratis/ratis-netty/3.1.0/ratis-netty-3.1.0.jar:/home/runner/.m2/repository/org/apache/ratis/ratis-proto/3.1.0/ratis-proto-3.1.0.jar:/home/runner/.m2/repository/org/apache/ratis/ratis-server-api/3.1.0/ratis-server-api-3.1.0.jar:/home/runner/.m2/repository/org/apache/ratis/ratis-server/3.1.0/ratis-server-3.1.0.jar:/home/runner/.m2/repository/org/apache/ratis/ratis-thirdparty-misc/1.0.6/ratis-thirdparty-misc-1.0.6.jar:/home/runner/.m2/repository/org/bouncycastle/bcpkix-jdk18on/1.78.1/bcpkix-jdk18on-1.78.1.jar:/home/runner/.m2/repository/org/bouncycastle/bcprov-jdk18on/1.78.1/bcprov-jdk18on-1.78.1.jar:/home/runner/.m2/repository/io/dropwizard/metrics/metrics-core/3.2.6/metrics-core-3.2.6.jar:/home/runner/.m2/repository/org/apache/commons/commons-text/1.12.0/commons-text-1.12.0.jar:/home/runner/.m2/repository/org/eclipse/jetty/jetty-webapp/9.4.55.v20240627/jetty-webapp-9.4.55.v20240627.jar:/home/runner/.m2/repository/org/eclipse/jetty/jetty-xml/9.4.55.v20240627/jetty-xml-9.4.55.v20240627.jar:/home/runner/.m2/repository/com/fasterxml/jackson/core/jackson-annotations/2.16.2/jackson-annotations-2.16.2.jar:/home/runner/.m2/repository/com/fasterxml/jackson/core/jackson-core/2.16.2/jackson-core-2.16.2.jar:/home/runner/.m2/repository/com/fasterxml/jackson/core/jackson-databind/2.16.2/jackson-databind-2.16.2.jar:/home/runner/.m2/repository/info/picocli/picocli/4.7.6/picocli-4.7.6.jar:/home/runner/.m2/repository/javax/servlet/javax.servlet-api/3.1.0/javax.servlet-api-3.1.0.jar:/home/runner/.m2/repository/commons-collections/commons-collections/3.2.2/commons-collections-3.2.2.jar:/home/runner/work/ozone/ozone/hadoop-hdds/framework/target/hdds-server-framework-1.5.0-SNAPSHOT-tests.jar:/home/runner/work/ozone/ozone/hadoop-hdds/managed-rocksdb/target/hdds-managed-rocksdb-1.5.0-SNAPSHOT.jar:/home/runner/.m2/repository/org/slf4j/slf4j-reload4j/2.0.15/slf4j-reload4j-2.0.15.jar:/home/runner/.m2/repository/org/apache/commons/commons-configuration2/2.10.1/commons-configuration2-2.10.1.jar:/home/runner/.m2/repository/commons-codec/commons-codec/1.17.0/commons-codec-1.17.0.jar:/home/runner/.m2/repository/commons-fileupload/commons-fileupload/1.5/commons-fileupload-1.5.jar:/home/runner/.m2/repository/commons-validator/commons-validator/1.6/commons-validator-1.6.jar:/home/runner/.m2/repository/commons-beanutils/commons-beanutils/1.9.4/commons-beanutils-1.9.4.jar:/home/runner/.m2/repository/commons-digester/commons-digester/1.8.1/commons-digester-1.8.1.jar:/home/runner/.m2/repository/org/apache/logging/log4j/log4j-core/2.23.1/log4j-core-2.23.1.jar:/home/runner/.m2/repository/com/lmax/disruptor/3.4.4/disruptor-3.4.4.jar:/home/runner/.m2/repository/org/eclipse/jetty/jetty-http/9.4.55.v20240627/jetty-http-9.4.55.v20240627.jar:/home/runner/.m2/repository/org/eclipse/jetty/jetty-io/9.4.55.v20240627/jetty-io-9.4.55.v20240627.jar:/home/runner/.m2/repository/org/eclipse/jetty/jetty-util/9.4.55.v20240627/jetty-util-9.4.55.v20240627.jar:/home/runner/.m2/repository/org/eclipse/jetty/jetty-server/9.4.55.v20240627/jetty-server-9.4.55.v20240627.jar:/home/runner/.m2/repository/org/eclipse/jetty/jetty-servlet/9.4.55.v20240627/jetty-servlet-9.4.55.v20240627.jar:/home/runner/.m2/repository/org/eclipse/jetty/jetty-security/9.4.55.v20240627/jetty-security-9.4.55.v20240627.jar:/home/runner/.m2/repository/org/eclipse/jetty/jetty-util-ajax/9.4.55.v20240627/jetty-util-ajax-9.4.55.v20240627.jar:/home/runner/.m2/repository/org/glassfish/jersey/core/jersey-server/2.43/jersey-server-2.43.jar:/home/runner/.m2/repository/org/glassfish/jersey/core/jersey-common/2.43/jersey-common-2.43.jar:/home/runner/.m2/repository/org/glassfish/jersey/core/jersey-client/2.43/jersey-client-2.43.jar:/home/runner/.m2/repository/org/glassfish/hk2/external/jakarta.inject/2.6.1/jakarta.inject-2.6.1.jar:/home/runner/.m2/repository/jakarta/validation/jakarta.validation-api/2.0.2/jakarta.validation-api-2.0.2.jar:/home/runner/.m2/repository/org/glassfish/jersey/containers/jersey-container-servlet-core/2.43/jersey-container-servlet-core-2.43.jar:/home/runner/.m2/repository/org/rocksdb/rocksdbjni/7.7.3/rocksdbjni-7.7.3.jar:/home/runner/.m2/repository/org/apache/ratis/ratis-metrics-api/3.1.0/ratis-metrics-api-3.1.0.jar:/home/runner/.m2/repository/org/apache/ratis/ratis-metrics-dropwizard3/3.1.0/ratis-metrics-dropwizard3-3.1.0.jar:/home/runner/.m2/repository/io/opentracing/opentracing-api/0.33.0/opentracing-api-0.33.0.jar:/home/runner/.m2/repository/io/prometheus/simpleclient/0.16.0/simpleclient-0.16.0.jar:/home/runner/.m2/repository/io/prometheus/simpleclient_dropwizard/0.16.0/simpleclient_dropwizard-0.16.0.jar:/home/runner/.m2/repository/io/prometheus/simpleclient_common/0.16.0/simpleclient_common-0.16.0.jar:/home/runner/.m2/repository/com/fasterxml/jackson/datatype/jackson-datatype-jsr310/2.16.2/jackson-datatype-jsr310-2.16.2.jar:/home/runner/.m2/repository/com/github/jnr/jnr-constants/0.10.4/jnr-constants-0.10.4.jar:/home/runner/.m2/repository/com/github/jnr/jnr-posix/3.1.19/jnr-posix-3.1.19.jar:/home/runner/.m2/repository/com/github/jnr/jnr-ffi/2.2.16/jnr-ffi-2.2.16.jar:/home/runner/.m2/repository/com/github/jnr/jffi/1.3.13/jffi-1.3.13.jar:/home/runner/.m2/repository/com/github/jnr/jffi/1.3.13/jffi-1.3.13-native.jar:/home/runner/.m2/repository/org/ow2/asm/asm/9.2/asm-9.2.jar:/home/runner/.m2/repository/org/ow2/asm/asm-commons/9.2/asm-commons-9.2.jar:/home/runner/.m2/repository/org/ow2/asm/asm-analysis/9.2/asm-analysis-9.2.jar:/home/runner/.m2/repository/org/ow2/asm/asm-tree/9.2/asm-tree-9.2.jar:/home/runner/.m2/repository/org/ow2/asm/asm-util/9.2/asm-util-9.2.jar:/home/runner/.m2/repository/com/github/jnr/jnr-a64asm/1.0.0/jnr-a64asm-1.0.0.jar:/home/runner/.m2/repository/com/github/jnr/jnr-x86asm/1.0.2/jnr-x86asm-1.0.2.jar:/home/runner/.m2/repository/com/google/code/gson/gson/2.10.1/gson-2.10.1.jar:/home/runner/work/ozone/ozone/hadoop-hdds/rocksdb-checkpoint-differ/target/rocksdb-checkpoint-differ-1.5.0-SNAPSHOT.jar:/home/runner/.m2/repository/org/jgrapht/jgrapht-core/1.4.0/jgrapht-core-1.4.0.jar:/home/runner/.m2/repository/org/jheaps/jheaps/0.11/jheaps-0.11.jar:/home/runner/.m2/repository/org/jgrapht/jgrapht-ext/1.4.0/jgrapht-ext-1.4.0.jar:/home/runner/.m2/repository/com/github/vlsi/mxgraph/jgraphx/3.9.8.1/jgraphx-3.9.8.1.jar:/home/runner/.m2/repository/jakarta/ws/rs/jakarta.ws.rs-api/2.1.6/jakarta.ws.rs-api-2.1.6.jar:/home/runner/work/ozone/ozone/hadoop-ozone/ozone-manager/target/ozone-manager-1.5.0-SNAPSHOT.jar:/home/runner/.m2/repository/org/aspectj/aspectjrt/1.9.7/aspectjrt-1.9.7.jar:/home/runner/.m2/repository/org/aspectj/aspectjweaver/1.9.7/aspectjweaver-1.9.7.jar:/home/runner/work/ozone/ozone/hadoop-ozone/interface-storage/target/ozone-interface-storage-1.5.0-SNAPSHOT.jar:/home/runner/.m2/repository/org/reflections/reflections/0.10.2/reflections-0.10.2.jar:/home/runner/.m2/repository/com/sun/jersey/jersey-client/1.19.4/jersey-client-1.19.4.jar:/home/runner/.m2/repository/org/codehaus/jackson/jackson-core-asl/1.9.13/jackson-core-asl-1.9.13.jar:/home/runner/.m2/repository/org/codehaus/jackson/jackson-mapper-asl/1.9.13/jackson-mapper-asl-1.9.13.jar:/home/runner/.m2/repository/org/codehaus/jackson/jackson-jaxrs/1.9.13/jackson-jaxrs-1.9.13.jar:/home/runner/.m2/repository/org/apache/ranger/ranger-intg/2.3.0/ranger-intg-2.3.0.jar:/home/runner/.m2/repository/org/apache/ranger/ranger-plugins-common/2.3.0/ranger-plugins-common-2.3.0.jar:/home/runner/.m2/repository/commons-lang/commons-lang/2.6/commons-lang-2.6.jar:/home/runner/.m2/repository/org/apache/ranger/ranger-plugins-cred/2.3.0/ranger-plugins-cred-2.3.0.jar:/home/runner/.m2/repository/org/apache/ranger/ranger-plugins-audit/2.3.0/ranger-plugins-audit-2.3.0.jar:/home/runner/.m2/repository/org/eclipse/jetty/jetty-client/9.4.55.v20240627/jetty-client-9.4.55.v20240627.jar:/home/runner/.m2/repository/org/apache/httpcomponents/httpmime/4.5.6/httpmime-4.5.6.jar:/home/runner/.m2/repository/org/apache/httpcomponents/httpcore-nio/4.4.16/httpcore-nio-4.4.16.jar:/home/runner/.m2/repository/org/apache/httpcomponents/httpasyncclient/4.1.3/httpasyncclient-4.1.3.jar:/home/runner/.m2/repository/com/carrotsearch/hppc/0.8.0/hppc-0.8.0.jar:/home/runner/.m2/repository/org/apache/orc/orc-core/1.5.8/orc-core-1.5.8.jar:/home/runner/.m2/repository/net/java/dev/jna/jna/5.2.0/jna-5.2.0.jar:/home/runner/.m2/repository/net/java/dev/jna/jna-platform/5.2.0/jna-platform-5.2.0.jar:/home/runner/.m2/repository/com/kstruct/gethostname4j/0.0.2/gethostname4j-0.0.2.jar:/home/runner/.m2/repository/org/apache/ranger/ranger-plugin-classloader/2.3.0/ranger-plugin-classloader-2.3.0.jar:/home/runner/work/ozone/ozone/hadoop-hdds/rocks-native/target/hdds-rocks-native-1.5.0-SNAPSHOT.jar:/home/runner/.m2/repository/org/apache/hadoop/hadoop-minikdc/3.3.6/hadoop-minikdc-3.3.6.jar:/home/runner/.m2/repository/org/apache/kerby/kerb-simplekdc/1.0.1/kerb-simplekdc-1.0.1.jar:/home/runner/.m2/repository/org/apache/kerby/kerb-client/1.0.1/kerb-client-1.0.1.jar:/home/runner/.m2/repository/org/apache/kerby/kerb-common/1.0.1/kerb-common-1.0.1.jar:/home/runner/.m2/repository/org/apache/kerby/token-provider/1.0.1/token-provider-1.0.1.jar:/home/runner/.m2/repository/org/apache/kerby/kerb-admin/1.0.1/kerb-admin-1.0.1.jar:/home/runner/.m2/repository/org/apache/kerby/kerb-server/1.0.1/kerb-server-1.0.1.jar:/home/runner/.m2/repository/org/apache/kerby/kerb-identity/1.0.1/kerb-identity-1.0.1.jar:/home/runner/.m2/repository/org/apache/kerby/kerby-xdr/1.0.1/kerby-xdr-1.0.1.jar:/home/runner/.m2/repository/junit/junit/4.13.2/junit-4.13.2.jar:/home/runner/.m2/repository/org/hamcrest/hamcrest-core/1.3/hamcrest-core-1.3.jar:/home/runner/work/ozone/ozone/hadoop-ozone/s3gateway/target/ozone-s3gateway-1.5.0-SNAPSHOT.jar:/home/runner/.m2/repository/org/javassist/javassist/3.30.2-GA/javassist-3.30.2-GA.jar:/home/runner/.m2/repository/org/jboss/weld/servlet/weld-servlet-shaded/3.1.9.Final/weld-servlet-shaded-3.1.9.Final.jar:/home/runner/.m2/repository/org/glassfish/jersey/ext/cdi/jersey-cdi1x/2.43/jersey-cdi1x-2.43.jar:/home/runner/.m2/repository/org/glassfish/jersey/inject/jersey-hk2/2.43/jersey-hk2-2.43.jar:/home/runner/.m2/repository/org/glassfish/hk2/hk2-locator/2.6.1/hk2-locator-2.6.1.jar:/home/runner/.m2/repository/org/glassfish/jersey/media/jersey-media-jaxb/2.43/jersey-media-jaxb-2.43.jar:/home/runner/.m2/repository/org/glassfish/hk2/osgi-resource-locator/1.0.3/osgi-resource-locator-1.0.3.jar:/home/runner/.m2/repository/org/glassfish/hk2/hk2-api/2.6.1/hk2-api-2.6.1.jar:/home/runner/.m2/repository/org/glassfish/hk2/hk2-utils/2.6.1/hk2-utils-2.6.1.jar:/home/runner/.m2/repository/org/glassfish/hk2/external/aopalliance-repackaged/2.6.1/aopalliance-repackaged-2.6.1.jar:/home/runner/.m2/repository/com/fasterxml/jackson/dataformat/jackson-dataformat-xml/2.16.2/jackson-dataformat-xml-2.16.2.jar:/home/runner/.m2/repository/org/codehaus/woodstox/stax2-api/4.2.2/stax2-api-4.2.2.jar:/home/runner/.m2/repository/com/fasterxml/woodstox/woodstox-core/5.4.0/woodstox-core-5.4.0.jar:/home/runner/.m2/repository/com/fasterxml/jackson/module/jackson-module-jaxb-annotations/2.16.2/jackson-module-jaxb-annotations-2.16.2.jar:/home/runner/.m2/repository/javax/enterprise/cdi-api/2.0/cdi-api-2.0.jar:/home/runner/.m2/repository/javax/el/javax.el-api/3.0.0/javax.el-api-3.0.0.jar:/home/runner/.m2/repository/javax/interceptor/javax.interceptor-api/1.2/javax.interceptor-api-1.2.jar:/home/runner/.m2/repository/javax/inject/javax.inject/1/javax.inject-1.jar:/home/runner/.m2/repository/jakarta/xml/bind/jakarta.xml.bind-api/2.3.3/jakarta.xml.bind-api-2.3.3.jar:/home/runner/.m2/repository/org/glassfish/jaxb/jaxb-runtime/2.3.9/jaxb-runtime-2.3.9.jar:/home/runner/.m2/repository/org/glassfish/jaxb/txw2/2.3.9/txw2-2.3.9.jar:/home/runner/.m2/repository/com/sun/istack/istack-commons-runtime/3.0.12/istack-commons-runtime-3.0.12.jar:/home/runner/.m2/repository/com/sun/activation/jakarta.activation/1.2.2/jakarta.activation-1.2.2.jar:/home/runner/.m2/repository/jakarta/activation/jakarta.activation-api/1.2.2/jakarta.activation-api-1.2.2.jar:/home/runner/.m2/repository/io/grpc/grpc-protobuf/1.58.0/grpc-protobuf-1.58.0.jar:/home/runner/.m2/repository/com/google/api/grpc/proto-google-common-protos/2.22.0/proto-google-common-protos-2.22.0.jar:/home/runner/.m2/repository/io/grpc/grpc-protobuf-lite/1.58.0/grpc-protobuf-lite-1.58.0.jar:/home/runner/.m2/repository/io/grpc/grpc-stub/1.58.0/grpc-stub-1.58.0.jar:/home/runner/.m2/repository/io/netty/netty-transport/4.1.109.Final/netty-transport-4.1.109.Final.jar:/home/runner/.m2/repository/io/netty/netty-resolver/4.1.109.Final/netty-resolver-4.1.109.Final.jar:/home/runner/work/ozone/ozone/hadoop-ozone/csi/target/ozone-csi-1.5.0-SNAPSHOT.jar:/home/runner/.m2/repository/com/google/protobuf/protobuf-java-util/3.19.6/protobuf-java-util-3.19.6.jar:/home/runner/.m2/repository/io/netty/netty-transport-native-epoll/4.1.109.Final/netty-transport-native-epoll-4.1.109.Final-linux-x86_64.jar:/home/runner/.m2/repository/io/netty/netty-transport-classes-epoll/4.1.109.Final/netty-transport-classes-epoll-4.1.109.Final.jar:/home/runner/.m2/repository/io/netty/netty-transport-native-unix-common/4.1.109.Final/netty-transport-native-unix-common-4.1.109.Final.jar:/home/runner/work/ozone/ozone/hadoop-ozone/recon/target/ozone-recon-1.5.0-SNAPSHOT.jar:/home/runner/work/ozone/ozone/hadoop-ozone/recon-codegen/target/ozone-reconcodegen-1.5.0-SNAPSHOT.jar:/home/runner/.m2/repository/com/google/inject/guice/6.0.0/guice-6.0.0.jar:/home/runner/.m2/repository/jakarta/inject/jakarta.inject-api/2.0.1/jakarta.inject-api-2.0.1.jar:/home/runner/.m2/repository/aopalliance/aopalliance/1.0/aopalliance-1.0.jar:/home/runner/.m2/repository/com/google/inject/extensions/guice-assistedinject/6.0.0/guice-assistedinject-6.0.0.jar:/home/runner/.m2/repository/com/google/inject/extensions/guice-servlet/6.0.0/guice-servlet-6.0.0.jar:/home/runner/.m2/repository/org/glassfish/jersey/containers/jersey-container-servlet/2.43/jersey-container-servlet-2.43.jar:/home/runner/.m2/repository/org/glassfish/hk2/guice-bridge/2.6.1/guice-bridge-2.6.1.jar:/home/runner/.m2/repository/org/glassfish/jersey/media/jersey-media-json-jackson/2.43/jersey-media-json-jackson-2.43.jar:/home/runner/.m2/repository/org/glassfish/jersey/ext/jersey-entity-filtering/2.43/jersey-entity-filtering-2.43.jar:/home/runner/.m2/repository/org/jooq/jooq/3.11.10/jooq-3.11.10.jar:/home/runner/.m2/repository/org/jooq/jooq-meta/3.11.10/jooq-meta-3.11.10.jar:/home/runner/.m2/repository/org/jooq/jooq-codegen/3.11.10/jooq-codegen-3.11.10.jar:/home/runner/.m2/repository/com/jolbox/bonecp/0.8.0.RELEASE/bonecp-0.8.0.RELEASE.jar:/home/runner/.m2/repository/org/apache/derby/derby/10.14.2.0/derby-10.14.2.0.jar:/home/runner/.m2/repository/org/xerial/sqlite-jdbc/3.46.0.0/sqlite-jdbc-3.46.0.0.jar:/home/runner/.m2/repository/org/springframework/spring-jdbc/5.3.37/spring-jdbc-5.3.37.jar:/home/runner/.m2/repository/org/springframework/spring-beans/5.3.37/spring-beans-5.3.37.jar:/home/runner/.m2/repository/org/springframework/spring-core/5.3.37/spring-core-5.3.37.jar:/home/runner/.m2/repository/org/springframework/spring-tx/5.3.37/spring-tx-5.3.37.jar:/home/runner/work/ozone/ozone/hadoop-ozone/client/target/ozone-client-1.5.0-SNAPSHOT.jar:/home/runner/work/ozone/ozone/hadoop-hdds/erasurecode/target/hdds-erasurecode-1.5.0-SNAPSHOT.jar:/home/runner/work/ozone/ozone/hadoop-ozone/ozonefs/target/ozone-filesystem-1.5.0-SNAPSHOT.jar:/home/runner/work/ozone/ozone/hadoop-ozone/ozonefs-common/target/ozone-filesystem-common-1.5.0-SNAPSHOT.jar:/home/runner/work/ozone/ozone/hadoop-ozone/tools/target/ozone-tools-1.5.0-SNAPSHOT.jar:/home/runner/.m2/repository/com/amazonaws/aws-java-sdk-core/1.12.661/aws-java-sdk-core-1.12.661.jar:/home/runner/.m2/repository/org/apache/httpcomponents/httpclient/4.5.14/httpclient-4.5.14.jar:/home/runner/.m2/repository/org/apache/httpcomponents/httpcore/4.4.16/httpcore-4.4.16.jar:/home/runner/.m2/repository/com/fasterxml/jackson/dataformat/jackson-dataformat-cbor/2.16.2/jackson-dataformat-cbor-2.16.2.jar:/home/runner/.m2/repository/joda-time/joda-time/2.12.7/joda-time-2.12.7.jar:/home/runner/.m2/repository/com/amazonaws/aws-java-sdk-s3/1.12.661/aws-java-sdk-s3-1.12.661.jar:/home/runner/.m2/repository/com/amazonaws/aws-java-sdk-kms/1.12.661/aws-java-sdk-kms-1.12.661.jar:/home/runner/.m2/repository/com/amazonaws/jmespath-java/1.12.661/jmespath-java-1.12.661.jar:/home/runner/.m2/repository/org/kohsuke/metainf-services/metainf-services/1.11/metainf-services-1.11.jar:/home/runner/work/ozone/ozone/hadoop-hdds/tools/target/hdds-tools-1.5.0-SNAPSHOT.jar:/home/runner/.m2/repository/org/apache/ratis/ratis-tools/3.1.0/ratis-tools-3.1.0.jar:/home/runner/.m2/repository/commons-cli/commons-cli/1.8.0/commons-cli-1.8.0.jar:/home/runner/.m2/repository/org/apache/commons/commons-lang3/3.14.0/commons-lang3-3.14.0.jar:/home/runner/work/ozone/ozone/hadoop-ozone/ozone-manager/target/ozone-manager-1.5.0-SNAPSHOT-tests.jar:/home/runner/work/ozone/ozone/hadoop-hdds/common/target/hdds-common-1.5.0-SNAPSHOT-tests.jar:/home/runner/work/ozone/ozone/hadoop-hdds/hadoop-dependency-client/target/hdds-hadoop-dependency-client-1.5.0-SNAPSHOT.jar:/home/runner/work/ozone/ozone/hadoop-hdds/annotations/target/hdds-annotation-processing-1.5.0-SNAPSHOT.jar:/home/runner/.m2/repository/javax/annotation/javax.annotation-api/1.3.2/javax.annotation-api-1.3.2.jar:/home/runner/.m2/repository/org/bouncycastle/bcutil-jdk18on/1.78.1/bcutil-jdk18on-1.78.1.jar:/home/runner/.m2/repository/io/jaegertracing/jaeger-client/1.8.1/jaeger-client-1.8.1.jar:/home/runner/.m2/repository/io/jaegertracing/jaeger-thrift/1.8.1/jaeger-thrift-1.8.1.jar:/home/runner/.m2/repository/org/apache/thrift/libthrift/0.15.0/libthrift-0.15.0.jar:/home/runner/.m2/repository/io/jaegertracing/jaeger-tracerresolver/1.8.1/jaeger-tracerresolver-1.8.1.jar:/home/runner/.m2/repository/io/opentracing/contrib/opentracing-tracerresolver/0.1.8/opentracing-tracerresolver-0.1.8.jar:/home/runner/.m2/repository/io/jaegertracing/jaeger-core/1.8.1/jaeger-core-1.8.1.jar:/home/runner/.m2/repository/org/jetbrains/kotlin/kotlin-stdlib/1.9.25/kotlin-stdlib-1.9.25.jar:/home/runner/.m2/repository/org/jetbrains/annotations/13.0/annotations-13.0.jar:/home/runner/.m2/repository/io/opentracing/opentracing-util/0.33.0/opentracing-util-0.33.0.jar:/home/runner/.m2/repository/io/opentracing/opentracing-noop/0.33.0/opentracing-noop-0.33.0.jar:/home/runner/.m2/repository/org/yaml/snakeyaml/2.0/snakeyaml-2.0.jar:/home/runner/.m2/repository/io/grpc/grpc-api/1.58.0/grpc-api-1.58.0.jar:/home/runner/.m2/repository/org/junit/platform/junit-platform-launcher/1.10.3/junit-platform-launcher-1.10.3.jar:/home/runner/.m2/repository/org/junit/platform/junit-platform-engine/1.10.3/junit-platform-engine-1.10.3.jar:/home/runner/.m2/repository/org/apiguardian/apiguardian-api/1.1.2/apiguardian-api-1.1.2.jar:/home/runner/.m2/repository/org/apache/hadoop/hadoop-kms/3.3.6/hadoop-kms-3.3.6.jar:/home/runner/.m2/repository/org/apache/hadoop/hadoop-auth/3.3.6/hadoop-auth-3.3.6.jar:/home/runner/.m2/repository/org/apache/zookeeper/zookeeper/3.8.4/zookeeper-3.8.4.jar:/home/runner/.m2/repository/org/apache/zookeeper/zookeeper-jute/3.8.4/zookeeper-jute-3.8.4.jar:/home/runner/.m2/repository/org/apache/yetus/audience-annotations/0.12.0/audience-annotations-0.12.0.jar:/home/runner/.m2/repository/org/apache/curator/curator-framework/4.2.0/curator-framework-4.2.0.jar:/home/runner/.m2/repository/org/apache/hadoop/thirdparty/hadoop-shaded-guava/1.2.0/hadoop-shaded-guava-1.2.0.jar:/home/runner/.m2/repository/com/sun/jersey/jersey-core/1.19.4/jersey-core-1.19.4.jar:/home/runner/.m2/repository/javax/ws/rs/jsr311-api/1.1.1/jsr311-api-1.1.1.jar:/home/runner/.m2/repository/com/sun/jersey/jersey-server/1.19.4/jersey-server-1.19.4.jar:/home/runner/.m2/repository/org/apache/hadoop/hadoop-common/3.3.6/hadoop-common-3.3.6.jar:/home/runner/.m2/repository/org/apache/commons/commons-math3/3.6.1/commons-math3-3.6.1.jar:/home/runner/.m2/repository/commons-net/commons-net/3.11.1/commons-net-3.11.1.jar:/home/runner/.m2/repository/com/sun/jersey/jersey-servlet/1.19.4/jersey-servlet-1.19.4.jar:/home/runner/.m2/repository/com/github/pjfanning/jersey-json/1.20/jersey-json-1.20.jar:/home/runner/.m2/repository/org/codehaus/jettison/jettison/1.1/jettison-1.1.jar:/home/runner/.m2/repository/com/sun/xml/bind/jaxb-impl/2.2.3-1/jaxb-impl-2.2.3-1.jar:/home/runner/.m2/repository/com/google/re2j/re2j/1.7/re2j-1.7.jar:/home/runner/.m2/repository/com/jcraft/jsch/0.1.55/jsch-0.1.55.jar:/home/runner/.m2/repository/org/apache/curator/curator-client/4.2.0/curator-client-4.2.0.jar:/home/runner/.m2/repository/org/apache/curator/curator-recipes/5.2.0/curator-recipes-5.2.0.jar:/home/runner/.m2/repository/com/google/code/findbugs/jsr305/3.0.2/jsr305-3.0.2.jar:/home/runner/.m2/repository/dnsjava/dnsjava/2.1.9/dnsjava-2.1.9.jar:/home/runner/.m2/repository/org/apache/hadoop/hadoop-kms/3.3.6/hadoop-kms-3.3.6-tests.jar:/home/runner/work/ozone/ozone/hadoop-hdds/server-scm/target/hdds-server-scm-1.5.0-SNAPSHOT-tests.jar:/home/runner/work/ozone/ozone/hadoop-hdds/container-service/target/hdds-container-service-1.5.0-SNAPSHOT-tests.jar:/home/runner/.m2/repository/com/github/luben/zstd-jni/1.5.6-3/zstd-jni-1.5.6-3.jar:/home/runner/.m2/repository/io/netty/netty-buffer/4.1.109.Final/netty-buffer-4.1.109.Final.jar:/home/runner/.m2/repository/io/netty/netty-common/4.1.109.Final/netty-common-4.1.109.Final.jar:/home/runner/.m2/repository/io/netty/netty-codec/4.1.109.Final/netty-codec-4.1.109.Final.jar:/home/runner/.m2/repository/io/netty/netty-handler/4.1.109.Final/netty-handler-4.1.109.Final.jar:/home/runner/work/ozone/ozone/hadoop-hdds/hadoop-dependency-test/target/hdds-hadoop-dependency-test-1.5.0-SNAPSHOT.jar:/home/runner/.m2/repository/org/apache/hadoop/hadoop-common/3.3.6/hadoop-common-3.3.6-tests.jar:/home/runner/.m2/repository/org/apache/hadoop/hadoop-hdfs/3.3.6/hadoop-hdfs-3.3.6-tests.jar:/home/runner/.m2/repository/org/junit/jupiter/junit-jupiter-engine/5.10.3/junit-jupiter-engine-5.10.3.jar:/home/runner/.m2/repository/org/junit/jupiter/junit-jupiter-params/5.10.3/junit-jupiter-params-5.10.3.jar:/home/runner/.m2/repository/org/mockito/mockito-core/4.11.0/mockito-core-4.11.0.jar:/home/runner/.m2/repository/net/bytebuddy/byte-buddy-agent/1.12.19/byte-buddy-agent-1.12.19.jar:/home/runner/.m2/repository/org/objenesis/objenesis/3.3/objenesis-3.3.jar:/home/runner/.m2/repository/org/mockito/mockito-inline/4.11.0/mockito-inline-4.11.0.jar:/home/runner/.m2/repository/org/mockito/mockito-junit-jupiter/4.11.0/mockito-junit-jupiter-4.11.0.jar:/home/runner/.m2/repository/org/apache/hadoop/hadoop-distcp/3.3.6/hadoop-distcp-3.3.6.jar:/home/runner/.m2/repository/org/apache/hadoop/hadoop-mapreduce-client-jobclient/3.3.6/hadoop-mapreduce-client-jobclient-3.3.6.jar:/home/runner/.m2/repository/org/apache/hadoop/hadoop-mapreduce-client-common/3.3.6/hadoop-mapreduce-client-common-3.3.6.jar:/home/runner/.m2/repository/org/apache/hadoop/hadoop-yarn-common/3.3.6/hadoop-yarn-common-3.3.6.jar:/home/runner/.m2/repository/org/apache/hadoop/hadoop-yarn-api/3.3.6/hadoop-yarn-api-3.3.6.jar:/home/runner/.m2/repository/javax/xml/bind/jaxb-api/2.2.11/jaxb-api-2.2.11.jar:/home/runner/.m2/repository/com/sun/jersey/contribs/jersey-guice/1.19.4/jersey-guice-1.19.4.jar:/home/runner/.m2/repository/com/fasterxml/jackson/jaxrs/jackson-jaxrs-json-provider/2.16.2/jackson-jaxrs-json-provider-2.16.2.jar:/home/runner/.m2/repository/com/fasterxml/jackson/jaxrs/jackson-jaxrs-base/2.16.2/jackson-jaxrs-base-2.16.2.jar:/home/runner/.m2/repository/org/apache/hadoop/hadoop-yarn-client/3.3.6/hadoop-yarn-client-3.3.6.jar:/home/runner/.m2/repository/org/eclipse/jetty/websocket/websocket-client/9.4.51.v20230217/websocket-client-9.4.51.v20230217.jar:/home/runner/.m2/repository/org/eclipse/jetty/websocket/websocket-common/9.4.51.v20230217/websocket-common-9.4.51.v20230217.jar:/home/runner/.m2/repository/org/eclipse/jetty/websocket/websocket-api/9.4.51.v20230217/websocket-api-9.4.51.v20230217.jar:/home/runner/.m2/repository/org/jline/jline/3.9.0/jline-3.9.0.jar:/home/runner/.m2/repository/org/apache/hadoop/hadoop-mapreduce-client-core/3.3.6/hadoop-mapreduce-client-core-3.3.6.jar:/home/runner/.m2/repository/org/apache/avro/avro/1.7.7/avro-1.7.7.jar:/home/runner/.m2/repository/com/thoughtworks/paranamer/paranamer/2.3/paranamer-2.3.jar:/home/runner/.m2/repository/org/apache/hadoop/hadoop-annotations/3.3.6/hadoop-annotations-3.3.6.jar:/home/runner/.m2/repository/io/netty/netty/3.10.6.Final/netty-3.10.6.Final.jar:/home/runner/.m2/repository/org/apache/hadoop/hadoop-distcp/3.3.6/hadoop-distcp-3.3.6-tests.jar:/home/runner/.m2/repository/org/hamcrest/hamcrest/2.2/hamcrest-2.2.jar:/home/runner/.m2/repository/org/slf4j/jul-to-slf4j/2.0.15/jul-to-slf4j-2.0.15.jar:/home/runner/work/ozone/ozone/hadoop-ozone/integration-test/target/gradle-enterprise/test-listeners.jar:"/>
    <property name="java.vm.vendor" value="Eclipse Adoptium"/>
    <property name="sun.arch.data.model" value="64"/>
    <property name="test.build.dir" value="/home/runner/work/ozone/ozone/hadoop-ozone/integration-test/target/test-dir"/>
    <property name="test.cache.data" value=""/>
    <property name="java.vendor.url" value="https://adoptium.net/"/>
    <property name="user.timezone" value="Etc/UTC"/>
    <property name="maven-surefire-plugin.argLineAccessArgs" value=" --add-opens java.management/com.sun.jmx.mbeanserver=ALL-UNNAMED --add-exports java.management/com.sun.jmx.mbeanserver=ALL-UNNAMED --add-opens java.base/java.nio=ALL-UNNAMED --add-opens java.base/java.lang=ALL-UNNAMED --add-opens java.base/java.lang.reflect=ALL-UNNAMED"/>
    <property name="os.name" value="Linux"/>
    <property name="java.vm.specification.version" value="17"/>
    <property name="test.build.data" value="/home/runner/work/ozone/ozone/hadoop-ozone/integration-test/target/test-dir"/>
    <property name="sun.java.launcher" value="SUN_STANDARD"/>
    <property name="sun.boot.library.path" value="/usr/lib/jvm/temurin-17-jdk-amd64/lib"/>
    <property name="sun.java.command" value="/home/runner/work/ozone/ozone/hadoop-ozone/integration-test/target/surefire/surefirebooter8055674930063712997.jar /home/runner/work/ozone/ozone/hadoop-ozone/integration-test/target/surefire 2024-08-15T03-34-14_875-jvmRun1 surefire18165496897175215607tmp surefire_57471204595823993259tmp"/>
    <property name="jdk.debug" value="release"/>
    <property name="native.lib.tmp.dir" value="/tmp"/>
    <property name="surefire.test.class.path" value="/home/runner/work/ozone/ozone/hadoop-ozone/integration-test/target/test-classes:/home/runner/work/ozone/ozone/hadoop-ozone/integration-test/target/classes:/home/runner/work/ozone/ozone/hadoop-ozone/common/target/ozone-common-1.5.0-SNAPSHOT.jar:/home/runner/.m2/repository/io/grpc/grpc-netty/1.58.0/grpc-netty-1.58.0.jar:/home/runner/.m2/repository/io/grpc/grpc-core/1.58.0/grpc-core-1.58.0.jar:/home/runner/.m2/repository/com/google/android/annotations/4.1.1.4/annotations-4.1.1.4.jar:/home/runner/.m2/repository/org/codehaus/mojo/animal-sniffer-annotations/1.23/animal-sniffer-annotations-1.23.jar:/home/runner/.m2/repository/io/grpc/grpc-context/1.58.0/grpc-context-1.58.0.jar:/home/runner/.m2/repository/io/grpc/grpc-util/1.58.0/grpc-util-1.58.0.jar:/home/runner/.m2/repository/com/google/errorprone/error_prone_annotations/2.29.2/error_prone_annotations-2.29.2.jar:/home/runner/.m2/repository/io/perfmark/perfmark-api/0.26.0/perfmark-api-0.26.0.jar:/home/runner/.m2/repository/io/netty/netty-codec-http2/4.1.109.Final/netty-codec-http2-4.1.109.Final.jar:/home/runner/.m2/repository/io/netty/netty-codec-http/4.1.109.Final/netty-codec-http-4.1.109.Final.jar:/home/runner/.m2/repository/io/netty/netty-handler-proxy/4.1.109.Final/netty-handler-proxy-4.1.109.Final.jar:/home/runner/.m2/repository/io/netty/netty-codec-socks/4.1.109.Final/netty-codec-socks-4.1.109.Final.jar:/home/runner/.m2/repository/io/netty/netty-tcnative-boringssl-static/2.0.65.Final/netty-tcnative-boringssl-static-2.0.65.Final.jar:/home/runner/.m2/repository/io/netty/netty-tcnative-classes/2.0.65.Final/netty-tcnative-classes-2.0.65.Final.jar:/home/runner/.m2/repository/io/netty/netty-tcnative-boringssl-static/2.0.65.Final/netty-tcnative-boringssl-static-2.0.65.Final-linux-x86_64.jar:/home/runner/.m2/repository/io/netty/netty-tcnative-boringssl-static/2.0.65.Final/netty-tcnative-boringssl-static-2.0.65.Final-linux-aarch_64.jar:/home/runner/.m2/repository/io/netty/netty-tcnative-boringssl-static/2.0.65.Final/netty-tcnative-boringssl-static-2.0.65.Final-osx-x86_64.jar:/home/runner/.m2/repository/io/netty/netty-tcnative-boringssl-static/2.0.65.Final/netty-tcnative-boringssl-static-2.0.65.Final-osx-aarch_64.jar:/home/runner/.m2/repository/io/netty/netty-tcnative-boringssl-static/2.0.65.Final/netty-tcnative-boringssl-static-2.0.65.Final-windows-x86_64.jar:/home/runner/.m2/repository/org/apache/commons/commons-compress/1.27.0/commons-compress-1.27.0.jar:/home/runner/work/ozone/ozone/hadoop-hdds/common/target/hdds-common-1.5.0-SNAPSHOT.jar:/home/runner/work/ozone/ozone/hadoop-hdds/client/target/hdds-client-1.5.0-SNAPSHOT.jar:/home/runner/work/ozone/ozone/hadoop-ozone/interface-client/target/ozone-interface-client-1.5.0-SNAPSHOT.jar:/home/runner/.m2/repository/org/apache/hadoop/hadoop-hdfs-client/3.3.6/hadoop-hdfs-client-3.3.6.jar:/home/runner/.m2/repository/com/squareup/okhttp3/okhttp/4.12.0/okhttp-4.12.0.jar:/home/runner/.m2/repository/com/squareup/okio/okio/3.6.0/okio-3.6.0.jar:/home/runner/.m2/repository/com/squareup/okio/okio-jvm/3.6.0/okio-jvm-3.6.0.jar:/home/runner/.m2/repository/org/jetbrains/kotlin/kotlin-stdlib-jdk8/1.9.25/kotlin-stdlib-jdk8-1.9.25.jar:/home/runner/.m2/repository/org/jetbrains/kotlin/kotlin-stdlib-jdk7/1.9.25/kotlin-stdlib-jdk7-1.9.25.jar:/home/runner/.m2/repository/org/jetbrains/kotlin/kotlin-stdlib-common/1.9.25/kotlin-stdlib-common-1.9.25.jar:/home/runner/.m2/repository/com/github/stephenc/jcip/jcip-annotations/1.0-1/jcip-annotations-1.0-1.jar:/home/runner/work/ozone/ozone/hadoop-hdds/test-utils/target/hdds-test-utils-1.5.0-SNAPSHOT.jar:/home/runner/.m2/repository/org/assertj/assertj-core/3.26.3/assertj-core-3.26.3.jar:/home/runner/.m2/repository/net/bytebuddy/byte-buddy/1.14.18/byte-buddy-1.14.18.jar:/home/runner/.m2/repository/com/google/guava/guava/32.1.3-jre/guava-32.1.3-jre.jar:/home/runner/.m2/repository/com/google/guava/failureaccess/1.0.1/failureaccess-1.0.1.jar:/home/runner/.m2/repository/com/google/guava/listenablefuture/9999.0-empty-to-avoid-conflict-with-guava/listenablefuture-9999.0-empty-to-avoid-conflict-with-guava.jar:/home/runner/.m2/repository/org/checkerframework/checker-qual/3.37.0/checker-qual-3.37.0.jar:/home/runner/.m2/repository/com/google/j2objc/j2objc-annotations/2.8/j2objc-annotations-2.8.jar:/home/runner/.m2/repository/commons-io/commons-io/2.16.1/commons-io-2.16.1.jar:/home/runner/.m2/repository/commons-logging/commons-logging/1.2/commons-logging-1.2.jar:/home/runner/.m2/repository/org/junit/jupiter/junit-jupiter-api/5.10.3/junit-jupiter-api-5.10.3.jar:/home/runner/.m2/repository/org/opentest4j/opentest4j/1.3.0/opentest4j-1.3.0.jar:/home/runner/.m2/repository/org/junit/platform/junit-platform-commons/1.10.3/junit-platform-commons-1.10.3.jar:/home/runner/.m2/repository/ch/qos/reload4j/reload4j/1.2.25/reload4j-1.2.25.jar:/home/runner/.m2/repository/jakarta/annotation/jakarta.annotation-api/2.1.1/jakarta.annotation-api-2.1.1.jar:/home/runner/.m2/repository/org/slf4j/slf4j-api/2.0.15/slf4j-api-2.0.15.jar:/home/runner/.m2/repository/org/apache/logging/log4j/log4j-api/2.23.1/log4j-api-2.23.1.jar:/home/runner/work/ozone/ozone/hadoop-hdds/server-scm/target/hdds-server-scm-1.5.0-SNAPSHOT.jar:/home/runner/.m2/repository/com/google/protobuf/protobuf-java/2.5.0/protobuf-java-2.5.0.jar:/home/runner/work/ozone/ozone/hadoop-hdds/config/target/hdds-config-1.5.0-SNAPSHOT.jar:/home/runner/work/ozone/ozone/hadoop-hdds/container-service/target/hdds-container-service-1.5.0-SNAPSHOT.jar:/home/runner/work/ozone/ozone/hadoop-hdds/hadoop-dependency-server/target/hdds-hadoop-dependency-server-1.5.0-SNAPSHOT.jar:/home/runner/.m2/repository/com/nimbusds/nimbus-jose-jwt/9.40/nimbus-jose-jwt-9.40.jar:/home/runner/.m2/repository/org/apache/hadoop/hadoop-hdfs/3.3.6/hadoop-hdfs-3.3.6.jar:/home/runner/.m2/repository/commons-daemon/commons-daemon/1.4.0/commons-daemon-1.4.0.jar:/home/runner/.m2/repository/org/apache/kerby/kerb-core/1.0.1/kerb-core-1.0.1.jar:/home/runner/.m2/repository/org/apache/kerby/kerby-pkix/1.0.1/kerby-pkix-1.0.1.jar:/home/runner/.m2/repository/org/apache/kerby/kerby-asn1/1.0.1/kerby-asn1-1.0.1.jar:/home/runner/.m2/repository/org/apache/kerby/kerby-util/1.0.1/kerby-util-1.0.1.jar:/home/runner/.m2/repository/org/apache/kerby/kerb-util/1.0.1/kerb-util-1.0.1.jar:/home/runner/.m2/repository/org/apache/kerby/kerby-config/1.0.1/kerby-config-1.0.1.jar:/home/runner/.m2/repository/org/apache/kerby/kerb-crypto/1.0.1/kerb-crypto-1.0.1.jar:/home/runner/.m2/repository/org/xerial/snappy/snappy-java/1.1.10.5/snappy-java-1.1.10.5.jar:/home/runner/work/ozone/ozone/hadoop-hdds/interface-admin/target/hdds-interface-admin-1.5.0-SNAPSHOT.jar:/home/runner/work/ozone/ozone/hadoop-hdds/interface-client/target/hdds-interface-client-1.5.0-SNAPSHOT.jar:/home/runner/.m2/repository/org/apache/hadoop/thirdparty/hadoop-shaded-protobuf_3_7/1.1.1/hadoop-shaded-protobuf_3_7-1.1.1.jar:/home/runner/work/ozone/ozone/hadoop-hdds/interface-server/target/hdds-interface-server-1.5.0-SNAPSHOT.jar:/home/runner/work/ozone/ozone/hadoop-hdds/framework/target/hdds-server-framework-1.5.0-SNAPSHOT.jar:/home/runner/.m2/repository/org/apache/ratis/ratis-client/3.1.0/ratis-client-3.1.0.jar:/home/runner/.m2/repository/org/apache/ratis/ratis-common/3.1.0/ratis-common-3.1.0.jar:/home/runner/.m2/repository/org/apache/ratis/ratis-grpc/3.1.0/ratis-grpc-3.1.0.jar:/home/runner/.m2/repository/org/apache/ratis/ratis-netty/3.1.0/ratis-netty-3.1.0.jar:/home/runner/.m2/repository/org/apache/ratis/ratis-proto/3.1.0/ratis-proto-3.1.0.jar:/home/runner/.m2/repository/org/apache/ratis/ratis-server-api/3.1.0/ratis-server-api-3.1.0.jar:/home/runner/.m2/repository/org/apache/ratis/ratis-server/3.1.0/ratis-server-3.1.0.jar:/home/runner/.m2/repository/org/apache/ratis/ratis-thirdparty-misc/1.0.6/ratis-thirdparty-misc-1.0.6.jar:/home/runner/.m2/repository/org/bouncycastle/bcpkix-jdk18on/1.78.1/bcpkix-jdk18on-1.78.1.jar:/home/runner/.m2/repository/org/bouncycastle/bcprov-jdk18on/1.78.1/bcprov-jdk18on-1.78.1.jar:/home/runner/.m2/repository/io/dropwizard/metrics/metrics-core/3.2.6/metrics-core-3.2.6.jar:/home/runner/.m2/repository/org/apache/commons/commons-text/1.12.0/commons-text-1.12.0.jar:/home/runner/.m2/repository/org/eclipse/jetty/jetty-webapp/9.4.55.v20240627/jetty-webapp-9.4.55.v20240627.jar:/home/runner/.m2/repository/org/eclipse/jetty/jetty-xml/9.4.55.v20240627/jetty-xml-9.4.55.v20240627.jar:/home/runner/.m2/repository/com/fasterxml/jackson/core/jackson-annotations/2.16.2/jackson-annotations-2.16.2.jar:/home/runner/.m2/repository/com/fasterxml/jackson/core/jackson-core/2.16.2/jackson-core-2.16.2.jar:/home/runner/.m2/repository/com/fasterxml/jackson/core/jackson-databind/2.16.2/jackson-databind-2.16.2.jar:/home/runner/.m2/repository/info/picocli/picocli/4.7.6/picocli-4.7.6.jar:/home/runner/.m2/repository/javax/servlet/javax.servlet-api/3.1.0/javax.servlet-api-3.1.0.jar:/home/runner/.m2/repository/commons-collections/commons-collections/3.2.2/commons-collections-3.2.2.jar:/home/runner/work/ozone/ozone/hadoop-hdds/framework/target/hdds-server-framework-1.5.0-SNAPSHOT-tests.jar:/home/runner/work/ozone/ozone/hadoop-hdds/managed-rocksdb/target/hdds-managed-rocksdb-1.5.0-SNAPSHOT.jar:/home/runner/.m2/repository/org/slf4j/slf4j-reload4j/2.0.15/slf4j-reload4j-2.0.15.jar:/home/runner/.m2/repository/org/apache/commons/commons-configuration2/2.10.1/commons-configuration2-2.10.1.jar:/home/runner/.m2/repository/commons-codec/commons-codec/1.17.0/commons-codec-1.17.0.jar:/home/runner/.m2/repository/commons-fileupload/commons-fileupload/1.5/commons-fileupload-1.5.jar:/home/runner/.m2/repository/commons-validator/commons-validator/1.6/commons-validator-1.6.jar:/home/runner/.m2/repository/commons-beanutils/commons-beanutils/1.9.4/commons-beanutils-1.9.4.jar:/home/runner/.m2/repository/commons-digester/commons-digester/1.8.1/commons-digester-1.8.1.jar:/home/runner/.m2/repository/org/apache/logging/log4j/log4j-core/2.23.1/log4j-core-2.23.1.jar:/home/runner/.m2/repository/com/lmax/disruptor/3.4.4/disruptor-3.4.4.jar:/home/runner/.m2/repository/org/eclipse/jetty/jetty-http/9.4.55.v20240627/jetty-http-9.4.55.v20240627.jar:/home/runner/.m2/repository/org/eclipse/jetty/jetty-io/9.4.55.v20240627/jetty-io-9.4.55.v20240627.jar:/home/runner/.m2/repository/org/eclipse/jetty/jetty-util/9.4.55.v20240627/jetty-util-9.4.55.v20240627.jar:/home/runner/.m2/repository/org/eclipse/jetty/jetty-server/9.4.55.v20240627/jetty-server-9.4.55.v20240627.jar:/home/runner/.m2/repository/org/eclipse/jetty/jetty-servlet/9.4.55.v20240627/jetty-servlet-9.4.55.v20240627.jar:/home/runner/.m2/repository/org/eclipse/jetty/jetty-security/9.4.55.v20240627/jetty-security-9.4.55.v20240627.jar:/home/runner/.m2/repository/org/eclipse/jetty/jetty-util-ajax/9.4.55.v20240627/jetty-util-ajax-9.4.55.v20240627.jar:/home/runner/.m2/repository/org/glassfish/jersey/core/jersey-server/2.43/jersey-server-2.43.jar:/home/runner/.m2/repository/org/glassfish/jersey/core/jersey-common/2.43/jersey-common-2.43.jar:/home/runner/.m2/repository/org/glassfish/jersey/core/jersey-client/2.43/jersey-client-2.43.jar:/home/runner/.m2/repository/org/glassfish/hk2/external/jakarta.inject/2.6.1/jakarta.inject-2.6.1.jar:/home/runner/.m2/repository/jakarta/validation/jakarta.validation-api/2.0.2/jakarta.validation-api-2.0.2.jar:/home/runner/.m2/repository/org/glassfish/jersey/containers/jersey-container-servlet-core/2.43/jersey-container-servlet-core-2.43.jar:/home/runner/.m2/repository/org/rocksdb/rocksdbjni/7.7.3/rocksdbjni-7.7.3.jar:/home/runner/.m2/repository/org/apache/ratis/ratis-metrics-api/3.1.0/ratis-metrics-api-3.1.0.jar:/home/runner/.m2/repository/org/apache/ratis/ratis-metrics-dropwizard3/3.1.0/ratis-metrics-dropwizard3-3.1.0.jar:/home/runner/.m2/repository/io/opentracing/opentracing-api/0.33.0/opentracing-api-0.33.0.jar:/home/runner/.m2/repository/io/prometheus/simpleclient/0.16.0/simpleclient-0.16.0.jar:/home/runner/.m2/repository/io/prometheus/simpleclient_dropwizard/0.16.0/simpleclient_dropwizard-0.16.0.jar:/home/runner/.m2/repository/io/prometheus/simpleclient_common/0.16.0/simpleclient_common-0.16.0.jar:/home/runner/.m2/repository/com/fasterxml/jackson/datatype/jackson-datatype-jsr310/2.16.2/jackson-datatype-jsr310-2.16.2.jar:/home/runner/.m2/repository/com/github/jnr/jnr-constants/0.10.4/jnr-constants-0.10.4.jar:/home/runner/.m2/repository/com/github/jnr/jnr-posix/3.1.19/jnr-posix-3.1.19.jar:/home/runner/.m2/repository/com/github/jnr/jnr-ffi/2.2.16/jnr-ffi-2.2.16.jar:/home/runner/.m2/repository/com/github/jnr/jffi/1.3.13/jffi-1.3.13.jar:/home/runner/.m2/repository/com/github/jnr/jffi/1.3.13/jffi-1.3.13-native.jar:/home/runner/.m2/repository/org/ow2/asm/asm/9.2/asm-9.2.jar:/home/runner/.m2/repository/org/ow2/asm/asm-commons/9.2/asm-commons-9.2.jar:/home/runner/.m2/repository/org/ow2/asm/asm-analysis/9.2/asm-analysis-9.2.jar:/home/runner/.m2/repository/org/ow2/asm/asm-tree/9.2/asm-tree-9.2.jar:/home/runner/.m2/repository/org/ow2/asm/asm-util/9.2/asm-util-9.2.jar:/home/runner/.m2/repository/com/github/jnr/jnr-a64asm/1.0.0/jnr-a64asm-1.0.0.jar:/home/runner/.m2/repository/com/github/jnr/jnr-x86asm/1.0.2/jnr-x86asm-1.0.2.jar:/home/runner/.m2/repository/com/google/code/gson/gson/2.10.1/gson-2.10.1.jar:/home/runner/work/ozone/ozone/hadoop-hdds/rocksdb-checkpoint-differ/target/rocksdb-checkpoint-differ-1.5.0-SNAPSHOT.jar:/home/runner/.m2/repository/org/jgrapht/jgrapht-core/1.4.0/jgrapht-core-1.4.0.jar:/home/runner/.m2/repository/org/jheaps/jheaps/0.11/jheaps-0.11.jar:/home/runner/.m2/repository/org/jgrapht/jgrapht-ext/1.4.0/jgrapht-ext-1.4.0.jar:/home/runner/.m2/repository/com/github/vlsi/mxgraph/jgraphx/3.9.8.1/jgraphx-3.9.8.1.jar:/home/runner/.m2/repository/jakarta/ws/rs/jakarta.ws.rs-api/2.1.6/jakarta.ws.rs-api-2.1.6.jar:/home/runner/work/ozone/ozone/hadoop-ozone/ozone-manager/target/ozone-manager-1.5.0-SNAPSHOT.jar:/home/runner/.m2/repository/org/aspectj/aspectjrt/1.9.7/aspectjrt-1.9.7.jar:/home/runner/.m2/repository/org/aspectj/aspectjweaver/1.9.7/aspectjweaver-1.9.7.jar:/home/runner/work/ozone/ozone/hadoop-ozone/interface-storage/target/ozone-interface-storage-1.5.0-SNAPSHOT.jar:/home/runner/.m2/repository/org/reflections/reflections/0.10.2/reflections-0.10.2.jar:/home/runner/.m2/repository/com/sun/jersey/jersey-client/1.19.4/jersey-client-1.19.4.jar:/home/runner/.m2/repository/org/codehaus/jackson/jackson-core-asl/1.9.13/jackson-core-asl-1.9.13.jar:/home/runner/.m2/repository/org/codehaus/jackson/jackson-mapper-asl/1.9.13/jackson-mapper-asl-1.9.13.jar:/home/runner/.m2/repository/org/codehaus/jackson/jackson-jaxrs/1.9.13/jackson-jaxrs-1.9.13.jar:/home/runner/.m2/repository/org/apache/ranger/ranger-intg/2.3.0/ranger-intg-2.3.0.jar:/home/runner/.m2/repository/org/apache/ranger/ranger-plugins-common/2.3.0/ranger-plugins-common-2.3.0.jar:/home/runner/.m2/repository/commons-lang/commons-lang/2.6/commons-lang-2.6.jar:/home/runner/.m2/repository/org/apache/ranger/ranger-plugins-cred/2.3.0/ranger-plugins-cred-2.3.0.jar:/home/runner/.m2/repository/org/apache/ranger/ranger-plugins-audit/2.3.0/ranger-plugins-audit-2.3.0.jar:/home/runner/.m2/repository/org/eclipse/jetty/jetty-client/9.4.55.v20240627/jetty-client-9.4.55.v20240627.jar:/home/runner/.m2/repository/org/apache/httpcomponents/httpmime/4.5.6/httpmime-4.5.6.jar:/home/runner/.m2/repository/org/apache/httpcomponents/httpcore-nio/4.4.16/httpcore-nio-4.4.16.jar:/home/runner/.m2/repository/org/apache/httpcomponents/httpasyncclient/4.1.3/httpasyncclient-4.1.3.jar:/home/runner/.m2/repository/com/carrotsearch/hppc/0.8.0/hppc-0.8.0.jar:/home/runner/.m2/repository/org/apache/orc/orc-core/1.5.8/orc-core-1.5.8.jar:/home/runner/.m2/repository/net/java/dev/jna/jna/5.2.0/jna-5.2.0.jar:/home/runner/.m2/repository/net/java/dev/jna/jna-platform/5.2.0/jna-platform-5.2.0.jar:/home/runner/.m2/repository/com/kstruct/gethostname4j/0.0.2/gethostname4j-0.0.2.jar:/home/runner/.m2/repository/org/apache/ranger/ranger-plugin-classloader/2.3.0/ranger-plugin-classloader-2.3.0.jar:/home/runner/work/ozone/ozone/hadoop-hdds/rocks-native/target/hdds-rocks-native-1.5.0-SNAPSHOT.jar:/home/runner/.m2/repository/org/apache/hadoop/hadoop-minikdc/3.3.6/hadoop-minikdc-3.3.6.jar:/home/runner/.m2/repository/org/apache/kerby/kerb-simplekdc/1.0.1/kerb-simplekdc-1.0.1.jar:/home/runner/.m2/repository/org/apache/kerby/kerb-client/1.0.1/kerb-client-1.0.1.jar:/home/runner/.m2/repository/org/apache/kerby/kerb-common/1.0.1/kerb-common-1.0.1.jar:/home/runner/.m2/repository/org/apache/kerby/token-provider/1.0.1/token-provider-1.0.1.jar:/home/runner/.m2/repository/org/apache/kerby/kerb-admin/1.0.1/kerb-admin-1.0.1.jar:/home/runner/.m2/repository/org/apache/kerby/kerb-server/1.0.1/kerb-server-1.0.1.jar:/home/runner/.m2/repository/org/apache/kerby/kerb-identity/1.0.1/kerb-identity-1.0.1.jar:/home/runner/.m2/repository/org/apache/kerby/kerby-xdr/1.0.1/kerby-xdr-1.0.1.jar:/home/runner/.m2/repository/junit/junit/4.13.2/junit-4.13.2.jar:/home/runner/.m2/repository/org/hamcrest/hamcrest-core/1.3/hamcrest-core-1.3.jar:/home/runner/work/ozone/ozone/hadoop-ozone/s3gateway/target/ozone-s3gateway-1.5.0-SNAPSHOT.jar:/home/runner/.m2/repository/org/javassist/javassist/3.30.2-GA/javassist-3.30.2-GA.jar:/home/runner/.m2/repository/org/jboss/weld/servlet/weld-servlet-shaded/3.1.9.Final/weld-servlet-shaded-3.1.9.Final.jar:/home/runner/.m2/repository/org/glassfish/jersey/ext/cdi/jersey-cdi1x/2.43/jersey-cdi1x-2.43.jar:/home/runner/.m2/repository/org/glassfish/jersey/inject/jersey-hk2/2.43/jersey-hk2-2.43.jar:/home/runner/.m2/repository/org/glassfish/hk2/hk2-locator/2.6.1/hk2-locator-2.6.1.jar:/home/runner/.m2/repository/org/glassfish/jersey/media/jersey-media-jaxb/2.43/jersey-media-jaxb-2.43.jar:/home/runner/.m2/repository/org/glassfish/hk2/osgi-resource-locator/1.0.3/osgi-resource-locator-1.0.3.jar:/home/runner/.m2/repository/org/glassfish/hk2/hk2-api/2.6.1/hk2-api-2.6.1.jar:/home/runner/.m2/repository/org/glassfish/hk2/hk2-utils/2.6.1/hk2-utils-2.6.1.jar:/home/runner/.m2/repository/org/glassfish/hk2/external/aopalliance-repackaged/2.6.1/aopalliance-repackaged-2.6.1.jar:/home/runner/.m2/repository/com/fasterxml/jackson/dataformat/jackson-dataformat-xml/2.16.2/jackson-dataformat-xml-2.16.2.jar:/home/runner/.m2/repository/org/codehaus/woodstox/stax2-api/4.2.2/stax2-api-4.2.2.jar:/home/runner/.m2/repository/com/fasterxml/woodstox/woodstox-core/5.4.0/woodstox-core-5.4.0.jar:/home/runner/.m2/repository/com/fasterxml/jackson/module/jackson-module-jaxb-annotations/2.16.2/jackson-module-jaxb-annotations-2.16.2.jar:/home/runner/.m2/repository/javax/enterprise/cdi-api/2.0/cdi-api-2.0.jar:/home/runner/.m2/repository/javax/el/javax.el-api/3.0.0/javax.el-api-3.0.0.jar:/home/runner/.m2/repository/javax/interceptor/javax.interceptor-api/1.2/javax.interceptor-api-1.2.jar:/home/runner/.m2/repository/javax/inject/javax.inject/1/javax.inject-1.jar:/home/runner/.m2/repository/jakarta/xml/bind/jakarta.xml.bind-api/2.3.3/jakarta.xml.bind-api-2.3.3.jar:/home/runner/.m2/repository/org/glassfish/jaxb/jaxb-runtime/2.3.9/jaxb-runtime-2.3.9.jar:/home/runner/.m2/repository/org/glassfish/jaxb/txw2/2.3.9/txw2-2.3.9.jar:/home/runner/.m2/repository/com/sun/istack/istack-commons-runtime/3.0.12/istack-commons-runtime-3.0.12.jar:/home/runner/.m2/repository/com/sun/activation/jakarta.activation/1.2.2/jakarta.activation-1.2.2.jar:/home/runner/.m2/repository/jakarta/activation/jakarta.activation-api/1.2.2/jakarta.activation-api-1.2.2.jar:/home/runner/.m2/repository/io/grpc/grpc-protobuf/1.58.0/grpc-protobuf-1.58.0.jar:/home/runner/.m2/repository/com/google/api/grpc/proto-google-common-protos/2.22.0/proto-google-common-protos-2.22.0.jar:/home/runner/.m2/repository/io/grpc/grpc-protobuf-lite/1.58.0/grpc-protobuf-lite-1.58.0.jar:/home/runner/.m2/repository/io/grpc/grpc-stub/1.58.0/grpc-stub-1.58.0.jar:/home/runner/.m2/repository/io/netty/netty-transport/4.1.109.Final/netty-transport-4.1.109.Final.jar:/home/runner/.m2/repository/io/netty/netty-resolver/4.1.109.Final/netty-resolver-4.1.109.Final.jar:/home/runner/work/ozone/ozone/hadoop-ozone/csi/target/ozone-csi-1.5.0-SNAPSHOT.jar:/home/runner/.m2/repository/com/google/protobuf/protobuf-java-util/3.19.6/protobuf-java-util-3.19.6.jar:/home/runner/.m2/repository/io/netty/netty-transport-native-epoll/4.1.109.Final/netty-transport-native-epoll-4.1.109.Final-linux-x86_64.jar:/home/runner/.m2/repository/io/netty/netty-transport-classes-epoll/4.1.109.Final/netty-transport-classes-epoll-4.1.109.Final.jar:/home/runner/.m2/repository/io/netty/netty-transport-native-unix-common/4.1.109.Final/netty-transport-native-unix-common-4.1.109.Final.jar:/home/runner/work/ozone/ozone/hadoop-ozone/recon/target/ozone-recon-1.5.0-SNAPSHOT.jar:/home/runner/work/ozone/ozone/hadoop-ozone/recon-codegen/target/ozone-reconcodegen-1.5.0-SNAPSHOT.jar:/home/runner/.m2/repository/com/google/inject/guice/6.0.0/guice-6.0.0.jar:/home/runner/.m2/repository/jakarta/inject/jakarta.inject-api/2.0.1/jakarta.inject-api-2.0.1.jar:/home/runner/.m2/repository/aopalliance/aopalliance/1.0/aopalliance-1.0.jar:/home/runner/.m2/repository/com/google/inject/extensions/guice-assistedinject/6.0.0/guice-assistedinject-6.0.0.jar:/home/runner/.m2/repository/com/google/inject/extensions/guice-servlet/6.0.0/guice-servlet-6.0.0.jar:/home/runner/.m2/repository/org/glassfish/jersey/containers/jersey-container-servlet/2.43/jersey-container-servlet-2.43.jar:/home/runner/.m2/repository/org/glassfish/hk2/guice-bridge/2.6.1/guice-bridge-2.6.1.jar:/home/runner/.m2/repository/org/glassfish/jersey/media/jersey-media-json-jackson/2.43/jersey-media-json-jackson-2.43.jar:/home/runner/.m2/repository/org/glassfish/jersey/ext/jersey-entity-filtering/2.43/jersey-entity-filtering-2.43.jar:/home/runner/.m2/repository/org/jooq/jooq/3.11.10/jooq-3.11.10.jar:/home/runner/.m2/repository/org/jooq/jooq-meta/3.11.10/jooq-meta-3.11.10.jar:/home/runner/.m2/repository/org/jooq/jooq-codegen/3.11.10/jooq-codegen-3.11.10.jar:/home/runner/.m2/repository/com/jolbox/bonecp/0.8.0.RELEASE/bonecp-0.8.0.RELEASE.jar:/home/runner/.m2/repository/org/apache/derby/derby/10.14.2.0/derby-10.14.2.0.jar:/home/runner/.m2/repository/org/xerial/sqlite-jdbc/3.46.0.0/sqlite-jdbc-3.46.0.0.jar:/home/runner/.m2/repository/org/springframework/spring-jdbc/5.3.37/spring-jdbc-5.3.37.jar:/home/runner/.m2/repository/org/springframework/spring-beans/5.3.37/spring-beans-5.3.37.jar:/home/runner/.m2/repository/org/springframework/spring-core/5.3.37/spring-core-5.3.37.jar:/home/runner/.m2/repository/org/springframework/spring-tx/5.3.37/spring-tx-5.3.37.jar:/home/runner/work/ozone/ozone/hadoop-ozone/client/target/ozone-client-1.5.0-SNAPSHOT.jar:/home/runner/work/ozone/ozone/hadoop-hdds/erasurecode/target/hdds-erasurecode-1.5.0-SNAPSHOT.jar:/home/runner/work/ozone/ozone/hadoop-ozone/ozonefs/target/ozone-filesystem-1.5.0-SNAPSHOT.jar:/home/runner/work/ozone/ozone/hadoop-ozone/ozonefs-common/target/ozone-filesystem-common-1.5.0-SNAPSHOT.jar:/home/runner/work/ozone/ozone/hadoop-ozone/tools/target/ozone-tools-1.5.0-SNAPSHOT.jar:/home/runner/.m2/repository/com/amazonaws/aws-java-sdk-core/1.12.661/aws-java-sdk-core-1.12.661.jar:/home/runner/.m2/repository/org/apache/httpcomponents/httpclient/4.5.14/httpclient-4.5.14.jar:/home/runner/.m2/repository/org/apache/httpcomponents/httpcore/4.4.16/httpcore-4.4.16.jar:/home/runner/.m2/repository/com/fasterxml/jackson/dataformat/jackson-dataformat-cbor/2.16.2/jackson-dataformat-cbor-2.16.2.jar:/home/runner/.m2/repository/joda-time/joda-time/2.12.7/joda-time-2.12.7.jar:/home/runner/.m2/repository/com/amazonaws/aws-java-sdk-s3/1.12.661/aws-java-sdk-s3-1.12.661.jar:/home/runner/.m2/repository/com/amazonaws/aws-java-sdk-kms/1.12.661/aws-java-sdk-kms-1.12.661.jar:/home/runner/.m2/repository/com/amazonaws/jmespath-java/1.12.661/jmespath-java-1.12.661.jar:/home/runner/.m2/repository/org/kohsuke/metainf-services/metainf-services/1.11/metainf-services-1.11.jar:/home/runner/work/ozone/ozone/hadoop-hdds/tools/target/hdds-tools-1.5.0-SNAPSHOT.jar:/home/runner/.m2/repository/org/apache/ratis/ratis-tools/3.1.0/ratis-tools-3.1.0.jar:/home/runner/.m2/repository/commons-cli/commons-cli/1.8.0/commons-cli-1.8.0.jar:/home/runner/.m2/repository/org/apache/commons/commons-lang3/3.14.0/commons-lang3-3.14.0.jar:/home/runner/work/ozone/ozone/hadoop-ozone/ozone-manager/target/ozone-manager-1.5.0-SNAPSHOT-tests.jar:/home/runner/work/ozone/ozone/hadoop-hdds/common/target/hdds-common-1.5.0-SNAPSHOT-tests.jar:/home/runner/work/ozone/ozone/hadoop-hdds/hadoop-dependency-client/target/hdds-hadoop-dependency-client-1.5.0-SNAPSHOT.jar:/home/runner/work/ozone/ozone/hadoop-hdds/annotations/target/hdds-annotation-processing-1.5.0-SNAPSHOT.jar:/home/runner/.m2/repository/javax/annotation/javax.annotation-api/1.3.2/javax.annotation-api-1.3.2.jar:/home/runner/.m2/repository/org/bouncycastle/bcutil-jdk18on/1.78.1/bcutil-jdk18on-1.78.1.jar:/home/runner/.m2/repository/io/jaegertracing/jaeger-client/1.8.1/jaeger-client-1.8.1.jar:/home/runner/.m2/repository/io/jaegertracing/jaeger-thrift/1.8.1/jaeger-thrift-1.8.1.jar:/home/runner/.m2/repository/org/apache/thrift/libthrift/0.15.0/libthrift-0.15.0.jar:/home/runner/.m2/repository/io/jaegertracing/jaeger-tracerresolver/1.8.1/jaeger-tracerresolver-1.8.1.jar:/home/runner/.m2/repository/io/opentracing/contrib/opentracing-tracerresolver/0.1.8/opentracing-tracerresolver-0.1.8.jar:/home/runner/.m2/repository/io/jaegertracing/jaeger-core/1.8.1/jaeger-core-1.8.1.jar:/home/runner/.m2/repository/org/jetbrains/kotlin/kotlin-stdlib/1.9.25/kotlin-stdlib-1.9.25.jar:/home/runner/.m2/repository/org/jetbrains/annotations/13.0/annotations-13.0.jar:/home/runner/.m2/repository/io/opentracing/opentracing-util/0.33.0/opentracing-util-0.33.0.jar:/home/runner/.m2/repository/io/opentracing/opentracing-noop/0.33.0/opentracing-noop-0.33.0.jar:/home/runner/.m2/repository/org/yaml/snakeyaml/2.0/snakeyaml-2.0.jar:/home/runner/.m2/repository/io/grpc/grpc-api/1.58.0/grpc-api-1.58.0.jar:/home/runner/.m2/repository/org/junit/platform/junit-platform-launcher/1.10.3/junit-platform-launcher-1.10.3.jar:/home/runner/.m2/repository/org/junit/platform/junit-platform-engine/1.10.3/junit-platform-engine-1.10.3.jar:/home/runner/.m2/repository/org/apiguardian/apiguardian-api/1.1.2/apiguardian-api-1.1.2.jar:/home/runner/.m2/repository/org/apache/hadoop/hadoop-kms/3.3.6/hadoop-kms-3.3.6.jar:/home/runner/.m2/repository/org/apache/hadoop/hadoop-auth/3.3.6/hadoop-auth-3.3.6.jar:/home/runner/.m2/repository/org/apache/zookeeper/zookeeper/3.8.4/zookeeper-3.8.4.jar:/home/runner/.m2/repository/org/apache/zookeeper/zookeeper-jute/3.8.4/zookeeper-jute-3.8.4.jar:/home/runner/.m2/repository/org/apache/yetus/audience-annotations/0.12.0/audience-annotations-0.12.0.jar:/home/runner/.m2/repository/org/apache/curator/curator-framework/4.2.0/curator-framework-4.2.0.jar:/home/runner/.m2/repository/org/apache/hadoop/thirdparty/hadoop-shaded-guava/1.2.0/hadoop-shaded-guava-1.2.0.jar:/home/runner/.m2/repository/com/sun/jersey/jersey-core/1.19.4/jersey-core-1.19.4.jar:/home/runner/.m2/repository/javax/ws/rs/jsr311-api/1.1.1/jsr311-api-1.1.1.jar:/home/runner/.m2/repository/com/sun/jersey/jersey-server/1.19.4/jersey-server-1.19.4.jar:/home/runner/.m2/repository/org/apache/hadoop/hadoop-common/3.3.6/hadoop-common-3.3.6.jar:/home/runner/.m2/repository/org/apache/commons/commons-math3/3.6.1/commons-math3-3.6.1.jar:/home/runner/.m2/repository/commons-net/commons-net/3.11.1/commons-net-3.11.1.jar:/home/runner/.m2/repository/com/sun/jersey/jersey-servlet/1.19.4/jersey-servlet-1.19.4.jar:/home/runner/.m2/repository/com/github/pjfanning/jersey-json/1.20/jersey-json-1.20.jar:/home/runner/.m2/repository/org/codehaus/jettison/jettison/1.1/jettison-1.1.jar:/home/runner/.m2/repository/com/sun/xml/bind/jaxb-impl/2.2.3-1/jaxb-impl-2.2.3-1.jar:/home/runner/.m2/repository/com/google/re2j/re2j/1.7/re2j-1.7.jar:/home/runner/.m2/repository/com/jcraft/jsch/0.1.55/jsch-0.1.55.jar:/home/runner/.m2/repository/org/apache/curator/curator-client/4.2.0/curator-client-4.2.0.jar:/home/runner/.m2/repository/org/apache/curator/curator-recipes/5.2.0/curator-recipes-5.2.0.jar:/home/runner/.m2/repository/com/google/code/findbugs/jsr305/3.0.2/jsr305-3.0.2.jar:/home/runner/.m2/repository/dnsjava/dnsjava/2.1.9/dnsjava-2.1.9.jar:/home/runner/.m2/repository/org/apache/hadoop/hadoop-kms/3.3.6/hadoop-kms-3.3.6-tests.jar:/home/runner/work/ozone/ozone/hadoop-hdds/server-scm/target/hdds-server-scm-1.5.0-SNAPSHOT-tests.jar:/home/runner/work/ozone/ozone/hadoop-hdds/container-service/target/hdds-container-service-1.5.0-SNAPSHOT-tests.jar:/home/runner/.m2/repository/com/github/luben/zstd-jni/1.5.6-3/zstd-jni-1.5.6-3.jar:/home/runner/.m2/repository/io/netty/netty-buffer/4.1.109.Final/netty-buffer-4.1.109.Final.jar:/home/runner/.m2/repository/io/netty/netty-common/4.1.109.Final/netty-common-4.1.109.Final.jar:/home/runner/.m2/repository/io/netty/netty-codec/4.1.109.Final/netty-codec-4.1.109.Final.jar:/home/runner/.m2/repository/io/netty/netty-handler/4.1.109.Final/netty-handler-4.1.109.Final.jar:/home/runner/work/ozone/ozone/hadoop-hdds/hadoop-dependency-test/target/hdds-hadoop-dependency-test-1.5.0-SNAPSHOT.jar:/home/runner/.m2/repository/org/apache/hadoop/hadoop-common/3.3.6/hadoop-common-3.3.6-tests.jar:/home/runner/.m2/repository/org/apache/hadoop/hadoop-hdfs/3.3.6/hadoop-hdfs-3.3.6-tests.jar:/home/runner/.m2/repository/org/junit/jupiter/junit-jupiter-engine/5.10.3/junit-jupiter-engine-5.10.3.jar:/home/runner/.m2/repository/org/junit/jupiter/junit-jupiter-params/5.10.3/junit-jupiter-params-5.10.3.jar:/home/runner/.m2/repository/org/mockito/mockito-core/4.11.0/mockito-core-4.11.0.jar:/home/runner/.m2/repository/net/bytebuddy/byte-buddy-agent/1.12.19/byte-buddy-agent-1.12.19.jar:/home/runner/.m2/repository/org/objenesis/objenesis/3.3/objenesis-3.3.jar:/home/runner/.m2/repository/org/mockito/mockito-inline/4.11.0/mockito-inline-4.11.0.jar:/home/runner/.m2/repository/org/mockito/mockito-junit-jupiter/4.11.0/mockito-junit-jupiter-4.11.0.jar:/home/runner/.m2/repository/org/apache/hadoop/hadoop-distcp/3.3.6/hadoop-distcp-3.3.6.jar:/home/runner/.m2/repository/org/apache/hadoop/hadoop-mapreduce-client-jobclient/3.3.6/hadoop-mapreduce-client-jobclient-3.3.6.jar:/home/runner/.m2/repository/org/apache/hadoop/hadoop-mapreduce-client-common/3.3.6/hadoop-mapreduce-client-common-3.3.6.jar:/home/runner/.m2/repository/org/apache/hadoop/hadoop-yarn-common/3.3.6/hadoop-yarn-common-3.3.6.jar:/home/runner/.m2/repository/org/apache/hadoop/hadoop-yarn-api/3.3.6/hadoop-yarn-api-3.3.6.jar:/home/runner/.m2/repository/javax/xml/bind/jaxb-api/2.2.11/jaxb-api-2.2.11.jar:/home/runner/.m2/repository/com/sun/jersey/contribs/jersey-guice/1.19.4/jersey-guice-1.19.4.jar:/home/runner/.m2/repository/com/fasterxml/jackson/jaxrs/jackson-jaxrs-json-provider/2.16.2/jackson-jaxrs-json-provider-2.16.2.jar:/home/runner/.m2/repository/com/fasterxml/jackson/jaxrs/jackson-jaxrs-base/2.16.2/jackson-jaxrs-base-2.16.2.jar:/home/runner/.m2/repository/org/apache/hadoop/hadoop-yarn-client/3.3.6/hadoop-yarn-client-3.3.6.jar:/home/runner/.m2/repository/org/eclipse/jetty/websocket/websocket-client/9.4.51.v20230217/websocket-client-9.4.51.v20230217.jar:/home/runner/.m2/repository/org/eclipse/jetty/websocket/websocket-common/9.4.51.v20230217/websocket-common-9.4.51.v20230217.jar:/home/runner/.m2/repository/org/eclipse/jetty/websocket/websocket-api/9.4.51.v20230217/websocket-api-9.4.51.v20230217.jar:/home/runner/.m2/repository/org/jline/jline/3.9.0/jline-3.9.0.jar:/home/runner/.m2/repository/org/apache/hadoop/hadoop-mapreduce-client-core/3.3.6/hadoop-mapreduce-client-core-3.3.6.jar:/home/runner/.m2/repository/org/apache/avro/avro/1.7.7/avro-1.7.7.jar:/home/runner/.m2/repository/com/thoughtworks/paranamer/paranamer/2.3/paranamer-2.3.jar:/home/runner/.m2/repository/org/apache/hadoop/hadoop-annotations/3.3.6/hadoop-annotations-3.3.6.jar:/home/runner/.m2/repository/io/netty/netty/3.10.6.Final/netty-3.10.6.Final.jar:/home/runner/.m2/repository/org/apache/hadoop/hadoop-distcp/3.3.6/hadoop-distcp-3.3.6-tests.jar:/home/runner/.m2/repository/org/hamcrest/hamcrest/2.2/hamcrest-2.2.jar:/home/runner/.m2/repository/org/slf4j/jul-to-slf4j/2.0.15/jul-to-slf4j-2.0.15.jar:/home/runner/work/ozone/ozone/hadoop-ozone/integration-test/target/gradle-enterprise/test-listeners.jar:"/>
    <property name="sun.cpu.endian" value="little"/>
    <property name="user.home" value="/home/runner"/>
    <property name="user.language" value="en"/>
    <property name="java.specification.vendor" value="Oracle Corporation"/>
    <property name="java.version.date" value="2024-07-16"/>
    <property name="java.home" value="/usr/lib/jvm/temurin-17-jdk-amd64"/>
    <property name="java.security.krb5.conf" value="/home/runner/work/ozone/ozone/hadoop-ozone/integration-test/target/test-classes/krb5.conf"/>
    <property name="file.separator" value="/"/>
    <property name="basedir" value="/home/runner/work/ozone/ozone/hadoop-ozone/integration-test"/>
    <property name="java.vm.compressedOopsMode" value="Zero based"/>
    <property name="line.separator" value="&#10;"/>
    <property name="java.vm.specification.vendor" value="Oracle Corporation"/>
    <property name="java.specification.name" value="Java Platform API Specification"/>
    <property name="OZONE.CLIENT.RECOVER.LEASE.FORCE" value="true"/>
    <property name="skip.installnpx" value="true"/>
    <property name="surefire.real.class.path" value="/home/runner/work/ozone/ozone/hadoop-ozone/integration-test/target/surefire/surefirebooter8055674930063712997.jar"/>
    <property name="hadoop.log.dir" value="/home/runner/work/ozone/ozone/hadoop-ozone/integration-test/target/log"/>
    <property name="sun.management.compiler" value="HotSpot 64-Bit Tiered Compilers"/>
    <property name="java.runtime.version" value="17.0.12+7"/>
    <property name="skip.npx" value="true"/>
    <property name="user.name" value="runner"/>
    <property name="java.net.preferIPv4Stack" value="true"/>
    <property name="path.separator" value=":"/>
    <property name="java.security.egd" value="file:///dev/urandom"/>
    <property name="os.version" value="5.15.0-1070-azure"/>
    <property name="java.runtime.name" value="OpenJDK Runtime Environment"/>
    <property name="com.gradle.maven.scan.extension.test.listener.junitplatform.NestedExecutionSafeDelegatingTestExecutionListener" value="5f9edf14"/>
    <property name="file.encoding" value="UTF-8"/>
    <property name="java.vm.name" value="OpenJDK 64-Bit Server VM"/>
    <property name="java.vendor.version" value="Temurin-17.0.12+7"/>
    <property name="test.build.webapps" value=""/>
    <property name="develocity.listener.surefire.forkId" value="1"/>
    <property name="localRepository" value="/home/runner/.m2/repository"/>
    <property name="java.vendor.url.bug" value="https://github.com/adoptium/adoptium-support/issues"/>
    <property name="jetty.git.hash" value="70015831e5195ba74da6383c4ab7c90c56bb08af"/>
    <property name="java.io.tmpdir" value="/tmp"/>
    <property name="require.test.libhadoop" value=""/>
    <property name="java.version" value="17.0.12"/>
    <property name="user.dir" value="/home/runner/work/ozone/ozone/hadoop-ozone/integration-test"/>
    <property name="os.arch" value="amd64"/>
    <property name="java.vm.specification.name" value="Java Virtual Machine Specification"/>
    <property name="test.build.classes" value="/home/runner/work/ozone/ozone/hadoop-ozone/integration-test/target/test-classes"/>
    <property name="org.apache.ratis.thirdparty.io.netty.allocator.useCacheForAllThreads" value="false"/>
    <property name="native.encoding" value="UTF-8"/>
    <property name="hadoop.tmp.dir" value="/home/runner/work/ozone/ozone/hadoop-ozone/integration-test/target/tmp"/>
    <property name="java.library.path" value="/usr/java/packages/lib:/usr/lib64:/lib64:/lib:/usr/lib"/>
    <property name="java.vm.info" value="mixed mode, sharing"/>
    <property name="java.vendor" value="Eclipse Adoptium"/>
    <property name="java.vm.version" value="17.0.12+7"/>
    <property name="sun.io.unicode.encoding" value="UnicodeLittle"/>
    <property name="develocity.listener.port" value="35485"/>
    <property name="java.class.version" value="61.0"/>
  </properties>
  <testcase name="testFinalizeBlockFailure" classname="org.apache.hadoop.fs.ozone.TestLeaseRecovery" time="25.187"/>
  <testcase name="testRecoveryWithSameBlockCountInOpenFileAndFileTable" classname="org.apache.hadoop.fs.ozone.TestLeaseRecovery" time="17.403"/>
  <testcase name="testRecoverWrongFile" classname="org.apache.hadoop.fs.ozone.TestLeaseRecovery" time="16.848"/>
  <testcase name="testRecoveryWithoutBlocks" classname="org.apache.hadoop.fs.ozone.TestLeaseRecovery" time="16.757"/>
  <testcase name="testRecovery(int)[1]" classname="org.apache.hadoop.fs.ozone.TestLeaseRecovery" time="16.842"/>
  <testcase name="testRecovery(int)[2]" classname="org.apache.hadoop.fs.ozone.TestLeaseRecovery" time="19.773"/>
  <testcase name="testRecovery(int)[3]" classname="org.apache.hadoop.fs.ozone.TestLeaseRecovery" time="21.801">
    <failure type="org.opentest4j.AssertionFailedError"><![CDATA[org.opentest4j.AssertionFailedError: expected: <65537> but was: <131071>
	at org.junit.jupiter.api.AssertionFailureBuilder.build(AssertionFailureBuilder.java:151)
	at org.junit.jupiter.api.AssertionFailureBuilder.buildAndThrow(AssertionFailureBuilder.java:132)
	at org.junit.jupiter.api.AssertEquals.failNotEqual(AssertEquals.java:197)
	at org.junit.jupiter.api.AssertEquals.assertEquals(AssertEquals.java:150)
	at org.junit.jupiter.api.AssertEquals.assertEquals(AssertEquals.java:145)
	at org.junit.jupiter.api.Assertions.assertEquals(Assertions.java:531)
	at org.apache.hadoop.fs.ozone.TestLeaseRecovery.verifyData(TestLeaseRecovery.java:605)
	at org.apache.hadoop.fs.ozone.TestLeaseRecovery.testRecovery(TestLeaseRecovery.java:195)
	at java.base/java.lang.reflect.Method.invoke(Method.java:569)
	at java.base/java.util.stream.ForEachOps$ForEachOp$OfRef.accept(ForEachOps.java:183)
	at java.base/java.util.stream.ReferencePipeline$3$1.accept(ReferencePipeline.java:197)
	at java.base/java.util.stream.ReferencePipeline$2$1.accept(ReferencePipeline.java:179)
	at java.base/java.util.stream.ReferencePipeline$3$1.accept(ReferencePipeline.java:197)
	at java.base/java.util.stream.ForEachOps$ForEachOp$OfRef.accept(ForEachOps.java:183)
	at java.base/java.util.stream.ReferencePipeline$3$1.accept(ReferencePipeline.java:197)
	at java.base/java.util.stream.ReferencePipeline$3$1.accept(ReferencePipeline.java:197)
	at java.base/java.util.stream.ReferencePipeline$3$1.accept(ReferencePipeline.java:197)
	at java.base/java.util.stream.ForEachOps$ForEachOp$OfRef.accept(ForEachOps.java:183)
	at java.base/java.util.stream.ReferencePipeline$3$1.accept(ReferencePipeline.java:197)
	at java.base/java.util.Spliterators$ArraySpliterator.forEachRemaining(Spliterators.java:992)
	at java.base/java.util.stream.AbstractPipeline.copyInto(AbstractPipeline.java:509)
	at java.base/java.util.stream.AbstractPipeline.wrapAndCopyInto(AbstractPipeline.java:499)
	at java.base/java.util.stream.ForEachOps$ForEachOp.evaluateSequential(ForEachOps.java:150)
	at java.base/java.util.stream.ForEachOps$ForEachOp$OfRef.evaluateSequential(ForEachOps.java:173)
	at java.base/java.util.stream.AbstractPipeline.evaluate(AbstractPipeline.java:234)
	at java.base/java.util.stream.ReferencePipeline.forEach(ReferencePipeline.java:596)
	at java.base/java.util.stream.ReferencePipeline$7$1.accept(ReferencePipeline.java:276)
	at java.base/java.util.stream.ReferencePipeline$3$1.accept(ReferencePipeline.java:197)
	at java.base/java.util.stream.ReferencePipeline$3$1.accept(ReferencePipeline.java:197)
	at java.base/java.util.stream.ReferencePipeline$3$1.accept(ReferencePipeline.java:197)
	at java.base/java.util.ArrayList$ArrayListSpliterator.forEachRemaining(ArrayList.java:1625)
	at java.base/java.util.stream.AbstractPipeline.copyInto(AbstractPipeline.java:509)
	at java.base/java.util.stream.AbstractPipeline.wrapAndCopyInto(AbstractPipeline.java:499)
	at java.base/java.util.stream.ForEachOps$ForEachOp.evaluateSequential(ForEachOps.java:150)
	at java.base/java.util.stream.ForEachOps$ForEachOp$OfRef.evaluateSequential(ForEachOps.java:173)
	at java.base/java.util.stream.AbstractPipeline.evaluate(AbstractPipeline.java:234)
	at java.base/java.util.stream.ReferencePipeline.forEach(ReferencePipeline.java:596)
	at java.base/java.util.stream.ReferencePipeline$7$1.accept(ReferencePipeline.java:276)
	at java.base/java.util.ArrayList$ArrayListSpliterator.forEachRemaining(ArrayList.java:1625)
	at java.base/java.util.stream.AbstractPipeline.copyInto(AbstractPipeline.java:509)
	at java.base/java.util.stream.AbstractPipeline.wrapAndCopyInto(AbstractPipeline.java:499)
	at java.base/java.util.stream.ForEachOps$ForEachOp.evaluateSequential(ForEachOps.java:150)
	at java.base/java.util.stream.ForEachOps$ForEachOp$OfRef.evaluateSequential(ForEachOps.java:173)
	at java.base/java.util.stream.AbstractPipeline.evaluate(AbstractPipeline.java:234)
	at java.base/java.util.stream.ReferencePipeline.forEach(ReferencePipeline.java:596)
	at java.base/java.util.ArrayList.forEach(ArrayList.java:1511)
	at java.base/java.util.ArrayList.forEach(ArrayList.java:1511)
]]></failure>
    <system-out><![CDATA[2024-08-15 03:37:06,727 [main] WARN  server.ServerUtils (ServerUtils.java:getScmDbDir(143)) - ozone.scm.db.dirs is not configured. We recommend adding this setting. Falling back to ozone.metadata.dirs instead.
2024-08-15 03:37:06,730 [main] WARN  server.ServerUtils (ServerUtils.java:getScmDbDir(143)) - ozone.scm.db.dirs is not configured. We recommend adding this setting. Falling back to ozone.metadata.dirs instead.
2024-08-15 03:37:06,731 [main] INFO  ha.SCMHANodeDetails (SCMHANodeDetails.java:loadSCMHAConfig(207)) - ServiceID for StorageContainerManager is null
2024-08-15 03:37:06,731 [main] INFO  ha.SCMHANodeDetails (SCMHANodeDetails.java:loadSCMHAConfig(212)) - ozone.scm.default.service.id is not defined, falling back to ozone.scm.service.ids to find serviceID for StorageContainerManager if it is HA enabled cluster
2024-08-15 03:37:06,732 [main] WARN  utils.HAUtils (HAUtils.java:getMetaDir(339)) - ozone.scm.db.dirs is not configured. We recommend adding this setting. Falling back to ozone.metadata.dirs instead.
2024-08-15 03:37:06,732 [main] WARN  db.DBStoreBuilder (DBStoreBuilder.java:applyDBDefinition(171)) - ozone.scm.db.dirs is not configured. We recommend adding this setting. Falling back to ozone.metadata.dirs instead.
2024-08-15 03:37:06,788 [main] INFO  net.NodeSchemaLoader (NodeSchemaLoader.java:loadSchemaFromFile(129)) - Loading schema from [jar:file:/home/runner/work/ozone/ozone/hadoop-hdds/common/target/hdds-common-1.5.0-SNAPSHOT.jar!/network-topology-default.xml]
2024-08-15 03:37:06,788 [main] INFO  net.NodeSchemaLoader (NodeSchemaLoader.java:loadSchema(176)) - Loading network topology layer schema file
2024-08-15 03:37:06,791 [main] INFO  upgrade.AbstractLayoutVersionManager (AbstractLayoutVersionManager.java:init(83)) - Initializing Layout version manager with metadata layout = HBASE_SUPPORT (version = 8), software layout = HBASE_SUPPORT (version = 8)
2024-08-15 03:37:06,792 [main] INFO  ha.SequenceIdGenerator (SequenceIdGenerator.java:upgradeToSequenceId(369)) - upgrade localId to 113750153625600000
2024-08-15 03:37:06,793 [main] INFO  ha.SequenceIdGenerator (SequenceIdGenerator.java:upgradeToSequenceId(379)) - upgrade delTxnId to 0
2024-08-15 03:37:06,794 [main] INFO  ha.SequenceIdGenerator (SequenceIdGenerator.java:upgradeToSequenceId(396)) - upgrade containerId to 0
2024-08-15 03:37:06,795 [main] INFO  ha.SequenceIdGenerator (SequenceIdGenerator.java:upgradeToCertificateSequenceId(433)) - upgrade CertificateId to 2
2024-08-15 03:37:06,795 [main] INFO  ha.SequenceIdGenerator (SequenceIdGenerator.java:<init>(240)) - Init the HA SequenceIdGenerator.
2024-08-15 03:37:06,796 [main] WARN  server.ServerUtils (ServerUtils.java:sanitizeUserArgs(79)) - ozone.scm.stale.node.interval value = 300000 is larger than max = 100000 based on the key value of ozone.scm.heartbeat.thread.interval, reset to the max value 100000.
2024-08-15 03:37:06,796 [main] WARN  server.ServerUtils (ServerUtils.java:sanitizeUserArgs(79)) - ozone.scm.stale.node.interval value = 300000 is larger than max = 100000 based on the key value of ozone.scm.heartbeat.thread.interval, reset to the max value 100000.
2024-08-15 03:37:06,796 [main] INFO  node.SCMNodeManager (SCMNodeManager.java:<init>(178)) - Entering startup safe mode.
2024-08-15 03:37:06,796 [main] INFO  algorithms.ContainerPlacementPolicyFactory (ContainerPlacementPolicyFactory.java:getPolicyInternal(86)) - Create container placement policy of type org.apache.hadoop.hdds.scm.container.placement.algorithms.SCMContainerPlacementRackAware
2024-08-15 03:37:06,797 [main] INFO  algorithms.ContainerPlacementPolicyFactory (ContainerPlacementPolicyFactory.java:getPolicyInternal(86)) - Create container placement policy of type org.apache.hadoop.hdds.scm.container.placement.algorithms.SCMContainerPlacementRackScatter
2024-08-15 03:37:06,797 [main] INFO  pipeline.PipelineStateManagerImpl (PipelineStateManagerImpl.java:initialize(78)) - No pipeline exists in current db
2024-08-15 03:37:06,797 [main] INFO  algorithms.LeaderChoosePolicyFactory (LeaderChoosePolicyFactory.java:getPolicy(57)) - Create leader choose policy of type org.apache.hadoop.hdds.scm.pipeline.leader.choose.algorithms.MinLeaderCountChoosePolicy
2024-08-15 03:37:06,797 [main] INFO  algorithms.ContainerPlacementPolicyFactory (ContainerPlacementPolicyFactory.java:getPolicyInternal(86)) - Create container placement policy of type org.apache.hadoop.hdds.scm.container.placement.algorithms.SCMContainerPlacementRackScatter
2024-08-15 03:37:06,797 [main] INFO  ha.SCMServiceManager (SCMServiceManager.java:register(42)) - Registering service BackgroundPipelineCreator.
2024-08-15 03:37:06,798 [main] INFO  pipeline.BackgroundPipelineCreator (BackgroundPipelineCreator.java:start(127)) - Starting RatisPipelineUtilsThread.
2024-08-15 03:37:06,798 [main] INFO  BackgroundPipelineScrubber (BackgroundSCMService.java:start(65)) - Starting BackgroundPipelineScrubber Service.
2024-08-15 03:37:06,798 [main] INFO  ha.SCMServiceManager (SCMServiceManager.java:register(42)) - Registering service BackgroundPipelineScrubber.
2024-08-15 03:37:06,798 [main] INFO  ExpiredContainerReplicaOpScrubber (BackgroundSCMService.java:start(65)) - Starting ExpiredContainerReplicaOpScrubber Service.
2024-08-15 03:37:06,798 [main] INFO  ha.SCMServiceManager (SCMServiceManager.java:register(42)) - Registering service ExpiredContainerReplicaOpScrubber.
2024-08-15 03:37:06,799 [main] INFO  algorithms.PipelineChoosePolicyFactory (PipelineChoosePolicyFactory.java:createPipelineChoosePolicyFromClass(80)) - Create pipeline choose policy of type org.apache.hadoop.hdds.scm.pipeline.choose.algorithms.RandomPipelineChoosePolicy
2024-08-15 03:37:06,799 [main] INFO  algorithms.PipelineChoosePolicyFactory (PipelineChoosePolicyFactory.java:createPipelineChoosePolicyFromClass(80)) - Create pipeline choose policy of type org.apache.hadoop.hdds.scm.pipeline.choose.algorithms.RandomPipelineChoosePolicy
2024-08-15 03:37:06,800 [main] INFO  ha.SCMServiceManager (SCMServiceManager.java:register(42)) - Registering service SCMBlockDeletingService.
2024-08-15 03:37:06,800 [main] INFO  replication.ReplicationManager (ReplicationManager.java:start(296)) - Starting Replication Monitor Thread.
2024-08-15 03:37:06,801 [ReplicationMonitor] INFO  replication.ReplicationManager (ReplicationManager.java:processAll(373)) - Replication Manager is not ready to run until 3000ms after safemode exit
2024-08-15 03:37:06,801 [main] INFO  ha.SCMServiceManager (SCMServiceManager.java:register(42)) - Registering service ReplicationManager.
2024-08-15 03:37:06,801 [main] INFO  safemode.ContainerSafeModeRule (ContainerSafeModeRule.java:<init>(91)) - containers with one replica threshold count 0
2024-08-15 03:37:06,802 [main] INFO  safemode.HealthyPipelineSafeModeRule (HealthyPipelineSafeModeRule.java:initializeRule(176)) - Total pipeline count is 0, healthy pipeline threshold count is 1
2024-08-15 03:37:06,802 [main] INFO  safemode.OneReplicaPipelineSafeModeRule (OneReplicaPipelineSafeModeRule.java:initializeRule(193)) - Total pipeline count is 0, pipeline's with at least one datanode reported threshold count is 0
2024-08-15 03:37:06,803 [main] INFO  server.StorageContainerManager (StorageContainerManager.java:<init>(442)) - SCM start with adminUsers: [runner]
2024-08-15 03:37:06,803 [main] INFO  ipc.CallQueueManager (CallQueueManager.java:<init>(90)) - Using callQueue: class java.util.concurrent.LinkedBlockingQueue, queueCapacity: 10000, scheduler: class org.apache.hadoop.ipc.DefaultRpcScheduler, ipcBackoff: false.
2024-08-15 03:37:06,803 [main] INFO  ipc.Server (Server.java:<init>(1287)) - Listener at 0.0.0.0:15212
2024-08-15 03:37:06,803 [Socket Reader #1 for port 15212] INFO  ipc.Server (Server.java:run(1323)) - Starting Socket Reader #1 for port 15212
2024-08-15 03:37:06,807 [Socket Reader #2 for port 15212] INFO  ipc.Server (Server.java:run(1323)) - Starting Socket Reader #2 for port 15212
2024-08-15 03:37:06,807 [Socket Reader #3 for port 15212] INFO  ipc.Server (Server.java:run(1323)) - Starting Socket Reader #3 for port 15212
2024-08-15 03:37:06,811 [Socket Reader #4 for port 15212] INFO  ipc.Server (Server.java:run(1323)) - Starting Socket Reader #4 for port 15212
2024-08-15 03:37:06,812 [Socket Reader #8 for port 15212] INFO  ipc.Server (Server.java:run(1323)) - Starting Socket Reader #8 for port 15212
2024-08-15 03:37:06,811 [Socket Reader #7 for port 15212] INFO  ipc.Server (Server.java:run(1323)) - Starting Socket Reader #7 for port 15212
2024-08-15 03:37:06,811 [Socket Reader #6 for port 15212] INFO  ipc.Server (Server.java:run(1323)) - Starting Socket Reader #6 for port 15212
2024-08-15 03:37:06,813 [main] INFO  ipc.CallQueueManager (CallQueueManager.java:<init>(90)) - Using callQueue: class java.util.concurrent.LinkedBlockingQueue, queueCapacity: 10000, scheduler: class org.apache.hadoop.ipc.DefaultRpcScheduler, ipcBackoff: false.
2024-08-15 03:37:06,813 [main] INFO  ipc.Server (Server.java:<init>(1287)) - Listener at 0.0.0.0:15211
2024-08-15 03:37:06,811 [Socket Reader #5 for port 15212] INFO  ipc.Server (Server.java:run(1323)) - Starting Socket Reader #5 for port 15212
2024-08-15 03:37:06,812 [Socket Reader #10 for port 15212] INFO  ipc.Server (Server.java:run(1323)) - Starting Socket Reader #10 for port 15212
2024-08-15 03:37:06,812 [Socket Reader #9 for port 15212] INFO  ipc.Server (Server.java:run(1323)) - Starting Socket Reader #9 for port 15212
2024-08-15 03:37:06,813 [Socket Reader #1 for port 15211] INFO  ipc.Server (Server.java:run(1323)) - Starting Socket Reader #1 for port 15211
2024-08-15 03:37:06,814 [Socket Reader #2 for port 15211] INFO  ipc.Server (Server.java:run(1323)) - Starting Socket Reader #2 for port 15211
2024-08-15 03:37:06,814 [Socket Reader #3 for port 15211] INFO  ipc.Server (Server.java:run(1323)) - Starting Socket Reader #3 for port 15211
2024-08-15 03:37:06,815 [Socket Reader #4 for port 15211] INFO  ipc.Server (Server.java:run(1323)) - Starting Socket Reader #4 for port 15211
2024-08-15 03:37:06,815 [Socket Reader #5 for port 15211] INFO  ipc.Server (Server.java:run(1323)) - Starting Socket Reader #5 for port 15211
2024-08-15 03:37:06,816 [Socket Reader #6 for port 15211] INFO  ipc.Server (Server.java:run(1323)) - Starting Socket Reader #6 for port 15211
2024-08-15 03:37:06,816 [Socket Reader #7 for port 15211] INFO  ipc.Server (Server.java:run(1323)) - Starting Socket Reader #7 for port 15211
2024-08-15 03:37:06,816 [Socket Reader #8 for port 15211] INFO  ipc.Server (Server.java:run(1323)) - Starting Socket Reader #8 for port 15211
2024-08-15 03:37:06,816 [Socket Reader #9 for port 15211] INFO  ipc.Server (Server.java:run(1323)) - Starting Socket Reader #9 for port 15211
2024-08-15 03:37:06,816 [Socket Reader #10 for port 15211] INFO  ipc.Server (Server.java:run(1323)) - Starting Socket Reader #10 for port 15211
2024-08-15 03:37:06,817 [main] INFO  ipc.CallQueueManager (CallQueueManager.java:<init>(90)) - Using callQueue: class java.util.concurrent.LinkedBlockingQueue, queueCapacity: 10000, scheduler: class org.apache.hadoop.ipc.DefaultRpcScheduler, ipcBackoff: false.
2024-08-15 03:37:06,817 [main] INFO  ipc.Server (Server.java:<init>(1287)) - Listener at 0.0.0.0:15210
2024-08-15 03:37:06,817 [Socket Reader #1 for port 15210] INFO  ipc.Server (Server.java:run(1323)) - Starting Socket Reader #1 for port 15210
2024-08-15 03:37:06,818 [Socket Reader #2 for port 15210] INFO  ipc.Server (Server.java:run(1323)) - Starting Socket Reader #2 for port 15210
2024-08-15 03:37:06,818 [Socket Reader #3 for port 15210] INFO  ipc.Server (Server.java:run(1323)) - Starting Socket Reader #3 for port 15210
2024-08-15 03:37:06,818 [Socket Reader #4 for port 15210] INFO  ipc.Server (Server.java:run(1323)) - Starting Socket Reader #4 for port 15210
2024-08-15 03:37:06,818 [Socket Reader #5 for port 15210] INFO  ipc.Server (Server.java:run(1323)) - Starting Socket Reader #5 for port 15210
2024-08-15 03:37:06,818 [Socket Reader #6 for port 15210] INFO  ipc.Server (Server.java:run(1323)) - Starting Socket Reader #6 for port 15210
2024-08-15 03:37:06,819 [Socket Reader #7 for port 15210] INFO  ipc.Server (Server.java:run(1323)) - Starting Socket Reader #7 for port 15210
2024-08-15 03:37:06,819 [Socket Reader #8 for port 15210] INFO  ipc.Server (Server.java:run(1323)) - Starting Socket Reader #8 for port 15210
2024-08-15 03:37:06,819 [Socket Reader #9 for port 15210] INFO  ipc.Server (Server.java:run(1323)) - Starting Socket Reader #9 for port 15210
2024-08-15 03:37:06,819 [Socket Reader #10 for port 15210] INFO  ipc.Server (Server.java:run(1323)) - Starting Socket Reader #10 for port 15210
2024-08-15 03:37:06,822 [main] INFO  ha.SCMServiceManager (SCMServiceManager.java:register(42)) - Registering service ContainerBalancer.
2024-08-15 03:37:06,822 [main] INFO  ha.SCMContext (SCMContext.java:updateSafeModeStatus(225)) - Update SafeModeStatus from SafeModeStatus{safeModeStatus=true, preCheckPassed=false} to SafeModeStatus{safeModeStatus=true, preCheckPassed=false}.
2024-08-15 03:37:06,822 [main] INFO  server.StorageContainerManager (StorageContainerManager.java:start(1543)) - StorageContainerLocationProtocol RPC server is listening at /0.0.0.0:15210
2024-08-15 03:37:06,823 [main] WARN  impl.MetricsConfig (MetricsConfig.java:loadFirst(136)) - Cannot locate configuration: tried hadoop-metrics2-storagecontainermanager.properties,hadoop-metrics2.properties
2024-08-15 03:37:06,823 [main] INFO  impl.MetricsSystemImpl (MetricsSystemImpl.java:startTimer(378)) - Scheduled Metric snapshot period at 10 second(s).
2024-08-15 03:37:06,823 [main] INFO  impl.MetricsSystemImpl (MetricsSystemImpl.java:start(191)) - StorageContainerManager metrics system started
2024-08-15 03:37:06,828 [main] INFO  impl.MetricsSinkAdapter (MetricsSinkAdapter.java:start(204)) - Sink prometheus started
2024-08-15 03:37:06,828 [main] INFO  impl.MetricsSystemImpl (MetricsSystemImpl.java:registerSink(305)) - Registered sink prometheus
2024-08-15 03:37:06,842 [main] INFO  server.SCMClientProtocolServer (SCMClientProtocolServer.java:start(213)) - RPC server for Client  is listening at /0.0.0.0:15210
2024-08-15 03:37:06,842 [IPC Server Responder] INFO  ipc.Server (Server.java:run(1562)) - IPC Server Responder: starting
2024-08-15 03:37:06,842 [IPC Server listener on 15210] INFO  ipc.Server (Server.java:run(1402)) - IPC Server listener on 15210: starting
2024-08-15 03:37:06,852 [main] INFO  server.StorageContainerManager (StorageContainerManager.java:start(1556)) - ScmBlockLocationProtocol RPC server is listening at /0.0.0.0:15211
2024-08-15 03:37:06,852 [main] INFO  server.SCMBlockProtocolServer (SCMBlockProtocolServer.java:start(172)) - RPC server for Block Protocol is listening at /0.0.0.0:15211
2024-08-15 03:37:06,853 [IPC Server Responder] INFO  ipc.Server (Server.java:run(1562)) - IPC Server Responder: starting
2024-08-15 03:37:06,853 [IPC Server listener on 15211] INFO  ipc.Server (Server.java:run(1402)) - IPC Server listener on 15211: starting
2024-08-15 03:37:06,865 [main] INFO  server.SCMDatanodeProtocolServer (SCMDatanodeProtocolServer.java:start(199)) - ScmDatanodeProtocol RPC server for DataNodes is listening at /0.0.0.0:15212
2024-08-15 03:37:06,866 [IPC Server Responder] INFO  ipc.Server (Server.java:run(1562)) - IPC Server Responder: starting
2024-08-15 03:37:06,867 [IPC Server listener on 15212] INFO  ipc.Server (Server.java:run(1402)) - IPC Server listener on 15212: starting
2024-08-15 03:37:06,883 [JvmPauseMonitor30] INFO  util.JvmPauseMonitor (JvmPauseMonitor.java:run(146)) - JvmPauseMonitor-15a505e6-cc31-4e52-84f4-cea8397d8e82: Started
2024-08-15 03:37:06,885 [main] INFO  http.BaseHttpServer (BaseHttpServer.java:newHttpServer2BuilderForOzone(223)) - Starting Web-server for scm at: http://0.0.0.0:15213
2024-08-15 03:37:06,885 [main] INFO  http.BaseHttpServer (BaseHttpServer.java:<init>(110)) - Hadoop Security Enabled: false Ozone Security Enabled: false Ozone HTTP Security Enabled: false 
2024-08-15 03:37:06,886 [main] WARN  server.AuthenticationFilter (AuthenticationFilter.java:constructSecretProvider(240)) - Unable to initialize FileSignerSecretProvider, falling back to use random secrets. Reason: Could not read signature secret file: /home/runner/hadoop-http-auth-signature-secret
2024-08-15 03:37:06,887 [main] INFO  http.HttpRequestLog (HttpRequestLog.java:getRequestLog(86)) - Http request log for http.requests.scm is not defined
2024-08-15 03:37:06,888 [main] INFO  http.HttpServer2 (HttpServer2.java:addGlobalFilter(1035)) - Added global filter 'safety' (class=org.apache.hadoop.hdds.server.http.HttpServer2$QuotingInputFilter)
2024-08-15 03:37:06,889 [main] INFO  http.HttpServer2 (HttpServer2.java:addFilter(1011)) - Added filter static_user_filter (class=org.apache.hadoop.http.lib.StaticUserWebFilter$StaticUserFilter) to context scm
2024-08-15 03:37:06,889 [main] INFO  http.HttpServer2 (HttpServer2.java:addFilter(1019)) - Added filter static_user_filter (class=org.apache.hadoop.http.lib.StaticUserWebFilter$StaticUserFilter) to context logs
2024-08-15 03:37:06,889 [main] INFO  http.HttpServer2 (HttpServer2.java:addFilter(1019)) - Added filter static_user_filter (class=org.apache.hadoop.http.lib.StaticUserWebFilter$StaticUserFilter) to context static
2024-08-15 03:37:06,890 [main] INFO  http.BaseHttpServer (BaseHttpServer.java:<init>(189)) - HTTP server of scm uses base directory /home/runner/work/ozone/ozone/hadoop-ozone/integration-test/target/test-dir/MiniOzoneClusterImpl-defbb36e-87e0-488b-866f-35c0fcf0d8c3/ozone-meta/webserver
2024-08-15 03:37:06,890 [main] INFO  http.HttpServer2 (HttpServer2.java:bindListener(1235)) - Jetty bound to port 15213
2024-08-15 03:37:06,890 [main] INFO  server.Server (Server.java:doStart(375)) - jetty-9.4.55.v20240627; built: 2024-06-27T15:05:37.765Z; git: 70015831e5195ba74da6383c4ab7c90c56bb08af; jvm 17.0.12+7
2024-08-15 03:37:06,892 [main] INFO  server.session (DefaultSessionIdManager.java:doStart(334)) - DefaultSessionIdManager workerName=node0
2024-08-15 03:37:06,892 [main] INFO  server.session (DefaultSessionIdManager.java:doStart(339)) - No SessionScavenger set, using defaults
2024-08-15 03:37:06,893 [main] INFO  server.session (HouseKeeper.java:startScavenging(132)) - node0 Scavenging every 660000ms
2024-08-15 03:37:06,893 [main] INFO  handler.ContextHandler (ContextHandler.java:doStart(921)) - Started o.e.j.s.ServletContextHandler@98474c2{logs,/logs,file:///home/runner/work/ozone/ozone/hadoop-ozone/integration-test/target/log,AVAILABLE}
2024-08-15 03:37:06,893 [main] INFO  handler.ContextHandler (ContextHandler.java:doStart(921)) - Started o.e.j.s.ServletContextHandler@63a6211{static,/static,file:///home/runner/work/ozone/ozone/hadoop-ozone/integration-test/target/test-classes/webapps/static,AVAILABLE}
2024-08-15 03:37:06,899 [main] INFO  handler.ContextHandler (ContextHandler.java:doStart(921)) - Started o.e.j.w.WebAppContext@36bf0f77{scm,/,file:///home/runner/work/ozone/ozone/hadoop-ozone/integration-test/target/test-classes/webapps/scm/,AVAILABLE}{file:/home/runner/work/ozone/ozone/hadoop-ozone/integration-test/target/test-classes/webapps/scm}
2024-08-15 03:37:06,900 [main] INFO  server.AbstractConnector (AbstractConnector.java:doStart(333)) - Started ServerConnector@208bcc9{HTTP/1.1, (http/1.1)}{0.0.0.0:15213}
2024-08-15 03:37:06,900 [main] INFO  server.Server (Server.java:doStart(415)) - Started @114082ms
2024-08-15 03:37:06,900 [main] WARN  impl.MetricsSystemImpl (MetricsSystemImpl.java:register(279)) - Sink prometheus already exists!
2024-08-15 03:37:06,901 [main] INFO  http.BaseHttpServer (BaseHttpServer.java:updateConnectorAddress(354)) - HTTP server of scm listening at http://0.0.0.0:15213
2024-08-15 03:37:06,901 [main] WARN  server.ServerUtils (ServerUtils.java:getDBPath(299)) - ozone.om.db.dirs is not configured. We recommend adding this setting. Falling back to ozone.metadata.dirs instead.
2024-08-15 03:37:06,903 [main] INFO  ha.OMHANodeDetails (OMHANodeDetails.java:loadOMHAConfig(115)) - ozone.om.internal.service.id is not defined, falling back to ozone.om.service.ids to find serviceID for OzoneManager if it is HA enabled cluster
2024-08-15 03:37:06,903 [main] INFO  ha.OMHANodeDetails (OMHANodeDetails.java:loadOMHAConfig(226)) - Configuration does not have ozone.om.address set. Falling back to the default OM address /127.0.0.1:15214
2024-08-15 03:37:06,903 [main] INFO  ha.OMHANodeDetails (OMHANodeDetails.java:getOMNodeDetailsForNonHA(254)) - OM Service ID is not set. Setting it to the default ID: omServiceIdDefault
2024-08-15 03:37:06,903 [main] INFO  ha.OMHANodeDetails (OMHANodeDetails.java:getOMNodeDetailsForNonHA(261)) - OM Node ID is not set. Setting it to the default ID: om1
2024-08-15 03:37:06,903 [main] WARN  server.ServerUtils (ServerUtils.java:getDBPath(299)) - ozone.om.db.dirs is not configured. We recommend adding this setting. Falling back to ozone.metadata.dirs instead.
2024-08-15 03:37:06,904 [main] INFO  upgrade.AbstractLayoutVersionManager (AbstractLayoutVersionManager.java:init(83)) - Initializing Layout version manager with metadata layout = HBASE_SUPPORT (version = 7), software layout = HBASE_SUPPORT (version = 7)
2024-08-15 03:37:06,937 [main] INFO  reflections.Reflections (Reflections.java:scan(219)) - Reflections took 33 ms to scan 2 urls, producing 188 keys and 549 values
2024-08-15 03:37:06,938 [main] INFO  upgrade.OMLayoutVersionManager (OMLayoutVersionManager.java:lambda$0(113)) - Skipping Upgrade Action QuotaRepairUpgradeAction since it has been finalized.
2024-08-15 03:37:06,938 [main] INFO  upgrade.OMLayoutVersionManager (OMLayoutVersionManager.java:lambda$0(113)) - Skipping Upgrade Action MockOmUpgradeAction since it has been finalized.
2024-08-15 03:37:06,938 [main] WARN  server.ServerUtils (ServerUtils.java:getDBPath(299)) - ozone.om.db.dirs is not configured. We recommend adding this setting. Falling back to ozone.metadata.dirs instead.
2024-08-15 03:37:06,939 [main] INFO  proxy.SCMBlockLocationFailoverProxyProvider (SCMBlockLocationFailoverProxyProvider.java:<init>(115)) - Created block location fail-over proxy with 1 nodes: [nodeId=scmNodeId,nodeAddress=/0.0.0.0:15211]
2024-08-15 03:37:06,939 [main] INFO  proxy.SCMBlockLocationFailoverProxyProvider (SCMBlockLocationFailoverProxyProvider.java:<init>(115)) - Created block location fail-over proxy with 1 nodes: [nodeId=scmNodeId,nodeAddress=/0.0.0.0:15211]
2024-08-15 03:37:06,944 [main] INFO  om.OzoneManager (OzoneManager.java:<init>(690)) - OM start with adminUsers: [runner]
2024-08-15 03:37:06,944 [main] WARN  server.ServerUtils (ServerUtils.java:getDBPath(299)) - ozone.om.db.dirs is not configured. We recommend adding this setting. Falling back to ozone.metadata.dirs instead.
2024-08-15 03:37:06,945 [main] INFO  helpers.OmKeyInfo (OmKeyInfo.java:getCodec(72)) - OmKeyInfo.getCodec ignorePipeline = true
2024-08-15 03:37:07,081 [main] INFO  om.OzoneManager (OzoneManager.java:instantiateServices(824)) - S3 Multi-Tenancy is disabled
2024-08-15 03:37:07,081 [main] INFO  om.OmSnapshotManager (OmSnapshotManager.java:<init>(180)) - Ozone filesystem snapshot feature is enabled.
2024-08-15 03:37:07,081 [main] WARN  server.ServerUtils (ServerUtils.java:getDBPath(299)) - ozone.om.snapshot.diff.db.dir is not configured. We recommend adding this setting. Falling back to ozone.metadata.dirs instead.
2024-08-15 03:37:07,097 [main] INFO  utils.NativeLibraryLoader (NativeLibraryLoader.java:loadLibrary(111)) - Loading Library: ozone_rocksdb_tools
2024-08-15 03:37:07,097 [main] ERROR snapshot.SnapshotDiffManager (SnapshotDiffManager.java:initNativeLibraryForEfficientDiff(287)) - Native Library for raw sst file reading loading failed.
org.apache.hadoop.hdds.utils.NativeLibraryNotLoadedException: Unable to load library ozone_rocksdb_tools from both java.library.path & resource file libozone_rocksdb_tools.so from jar.
	at org.apache.hadoop.hdds.utils.db.managed.ManagedRawSSTFileReader.loadLibrary(ManagedRawSSTFileReader.java:40)
	at org.apache.hadoop.ozone.om.snapshot.SnapshotDiffManager.initNativeLibraryForEfficientDiff(SnapshotDiffManager.java:285)
	at org.apache.hadoop.ozone.om.snapshot.SnapshotDiffManager.<init>(SnapshotDiffManager.java:259)
	at org.apache.hadoop.ozone.om.OmSnapshotManager.<init>(OmSnapshotManager.java:287)
	at org.apache.hadoop.ozone.om.OzoneManager.instantiateServices(OzoneManager.java:876)
	at org.apache.hadoop.ozone.om.OzoneManager.<init>(OzoneManager.java:700)
	at org.apache.hadoop.ozone.om.OzoneManager.createOm(OzoneManager.java:787)
	at org.apache.hadoop.ozone.MiniOzoneClusterImpl$Builder.createOM(MiniOzoneClusterImpl.java:703)
	at org.apache.hadoop.ozone.MiniOzoneClusterImpl$Builder.createAndStartSingleOM(MiniOzoneClusterImpl.java:687)
	at org.apache.hadoop.ozone.MiniOzoneClusterImpl$Builder.build(MiniOzoneClusterImpl.java:549)
	at org.apache.hadoop.fs.ozone.TestLeaseRecovery.init(TestLeaseRecovery.java:140)
	at java.base/jdk.internal.reflect.NativeMethodAccessorImpl.invoke0(Native Method)
	at java.base/jdk.internal.reflect.NativeMethodAccessorImpl.invoke(NativeMethodAccessorImpl.java:77)
	at java.base/jdk.internal.reflect.DelegatingMethodAccessorImpl.invoke(DelegatingMethodAccessorImpl.java:43)
	at java.base/java.lang.reflect.Method.invoke(Method.java:569)
	at org.junit.platform.commons.util.ReflectionUtils.invokeMethod(ReflectionUtils.java:728)
	at org.junit.jupiter.engine.execution.MethodInvocation.proceed(MethodInvocation.java:60)
	at org.junit.jupiter.engine.execution.InvocationInterceptorChain$ValidatingInvocation.proceed(InvocationInterceptorChain.java:131)
	at org.junit.jupiter.engine.extension.TimeoutExtension.intercept(TimeoutExtension.java:156)
	at org.junit.jupiter.engine.extension.TimeoutExtension.interceptLifecycleMethod(TimeoutExtension.java:128)
	at org.junit.jupiter.engine.extension.TimeoutExtension.interceptBeforeEachMethod(TimeoutExtension.java:78)
	at org.junit.jupiter.engine.execution.InterceptingExecutableInvoker$ReflectiveInterceptorCall.lambda$ofVoidMethod$0(InterceptingExecutableInvoker.java:103)
	at org.junit.jupiter.engine.execution.InterceptingExecutableInvoker.lambda$invoke$0(InterceptingExecutableInvoker.java:93)
	at org.junit.jupiter.engine.execution.InvocationInterceptorChain$InterceptedInvocation.proceed(InvocationInterceptorChain.java:106)
	at org.junit.jupiter.engine.execution.InvocationInterceptorChain.proceed(InvocationInterceptorChain.java:64)
	at org.junit.jupiter.engine.execution.InvocationInterceptorChain.chainAndInvoke(InvocationInterceptorChain.java:45)
	at org.junit.jupiter.engine.execution.InvocationInterceptorChain.invoke(InvocationInterceptorChain.java:37)
	at org.junit.jupiter.engine.execution.InterceptingExecutableInvoker.invoke(InterceptingExecutableInvoker.java:92)
	at org.junit.jupiter.engine.execution.InterceptingExecutableInvoker.invoke(InterceptingExecutableInvoker.java:86)
	at org.junit.jupiter.engine.descriptor.ClassBasedTestDescriptor.invokeMethodInExtensionContext(ClassBasedTestDescriptor.java:521)
	at org.junit.jupiter.engine.descriptor.ClassBasedTestDescriptor.lambda$synthesizeBeforeEachMethodAdapter$23(ClassBasedTestDescriptor.java:506)
	at org.junit.jupiter.engine.descriptor.TestMethodTestDescriptor.lambda$invokeBeforeEachMethods$3(TestMethodTestDescriptor.java:175)
	at org.junit.jupiter.engine.descriptor.TestMethodTestDescriptor.lambda$invokeBeforeMethodsOrCallbacksUntilExceptionOccurs$6(TestMethodTestDescriptor.java:203)
	at org.junit.platform.engine.support.hierarchical.ThrowableCollector.execute(ThrowableCollector.java:73)
	at org.junit.jupiter.engine.descriptor.TestMethodTestDescriptor.invokeBeforeMethodsOrCallbacksUntilExceptionOccurs(TestMethodTestDescriptor.java:203)
	at org.junit.jupiter.engine.descriptor.TestMethodTestDescriptor.invokeBeforeEachMethods(TestMethodTestDescriptor.java:172)
	at org.junit.jupiter.engine.descriptor.TestMethodTestDescriptor.execute(TestMethodTestDescriptor.java:135)
	at org.junit.jupiter.engine.descriptor.TestMethodTestDescriptor.execute(TestMethodTestDescriptor.java:69)
	at org.junit.platform.engine.support.hierarchical.NodeTestTask.lambda$executeRecursively$6(NodeTestTask.java:151)
	at org.junit.platform.engine.support.hierarchical.ThrowableCollector.execute(ThrowableCollector.java:73)
	at org.junit.platform.engine.support.hierarchical.NodeTestTask.lambda$executeRecursively$8(NodeTestTask.java:141)
	at org.junit.platform.engine.support.hierarchical.Node.around(Node.java:137)
	at org.junit.platform.engine.support.hierarchical.NodeTestTask.lambda$executeRecursively$9(NodeTestTask.java:139)
	at org.junit.platform.engine.support.hierarchical.ThrowableCollector.execute(ThrowableCollector.java:73)
	at org.junit.platform.engine.support.hierarchical.NodeTestTask.executeRecursively(NodeTestTask.java:138)
	at org.junit.platform.engine.support.hierarchical.NodeTestTask.execute(NodeTestTask.java:95)
	at org.junit.platform.engine.support.hierarchical.SameThreadHierarchicalTestExecutorService.submit(SameThreadHierarchicalTestExecutorService.java:35)
	at org.junit.platform.engine.support.hierarchical.NodeTestTask$DefaultDynamicTestExecutor.execute(NodeTestTask.java:226)
	at org.junit.platform.engine.support.hierarchical.NodeTestTask$DefaultDynamicTestExecutor.execute(NodeTestTask.java:204)
	at org.junit.jupiter.engine.descriptor.TestTemplateTestDescriptor.execute(TestTemplateTestDescriptor.java:142)
	at org.junit.jupiter.engine.descriptor.TestTemplateTestDescriptor.lambda$execute$2(TestTemplateTestDescriptor.java:110)
	at java.base/java.util.stream.ForEachOps$ForEachOp$OfRef.accept(ForEachOps.java:183)
	at java.base/java.util.stream.ReferencePipeline$3$1.accept(ReferencePipeline.java:197)
	at java.base/java.util.stream.ReferencePipeline$2$1.accept(ReferencePipeline.java:179)
	at java.base/java.util.stream.ReferencePipeline$3$1.accept(ReferencePipeline.java:197)
	at java.base/java.util.stream.ForEachOps$ForEachOp$OfRef.accept(ForEachOps.java:183)
	at java.base/java.util.stream.ReferencePipeline$3$1.accept(ReferencePipeline.java:197)
	at java.base/java.util.stream.ReferencePipeline$3$1.accept(ReferencePipeline.java:197)
	at java.base/java.util.stream.ReferencePipeline$3$1.accept(ReferencePipeline.java:197)
	at java.base/java.util.stream.ForEachOps$ForEachOp$OfRef.accept(ForEachOps.java:183)
	at java.base/java.util.stream.ReferencePipeline$3$1.accept(ReferencePipeline.java:197)
	at java.base/java.util.Spliterators$ArraySpliterator.forEachRemaining(Spliterators.java:992)
	at java.base/java.util.stream.AbstractPipeline.copyInto(AbstractPipeline.java:509)
	at java.base/java.util.stream.AbstractPipeline.wrapAndCopyInto(AbstractPipeline.java:499)
	at java.base/java.util.stream.ForEachOps$ForEachOp.evaluateSequential(ForEachOps.java:150)
	at java.base/java.util.stream.ForEachOps$ForEachOp$OfRef.evaluateSequential(ForEachOps.java:173)
	at java.base/java.util.stream.AbstractPipeline.evaluate(AbstractPipeline.java:234)
	at java.base/java.util.stream.ReferencePipeline.forEach(ReferencePipeline.java:596)
	at java.base/java.util.stream.ReferencePipeline$7$1.accept(ReferencePipeline.java:276)
	at java.base/java.util.stream.ReferencePipeline$3$1.accept(ReferencePipeline.java:197)
	at java.base/java.util.stream.ReferencePipeline$3$1.accept(ReferencePipeline.java:197)
	at java.base/java.util.stream.ReferencePipeline$3$1.accept(ReferencePipeline.java:197)
	at java.base/java.util.ArrayList$ArrayListSpliterator.forEachRemaining(ArrayList.java:1625)
	at java.base/java.util.stream.AbstractPipeline.copyInto(AbstractPipeline.java:509)
	at java.base/java.util.stream.AbstractPipeline.wrapAndCopyInto(AbstractPipeline.java:499)
	at java.base/java.util.stream.ForEachOps$ForEachOp.evaluateSequential(ForEachOps.java:150)
	at java.base/java.util.stream.ForEachOps$ForEachOp$OfRef.evaluateSequential(ForEachOps.java:173)
	at java.base/java.util.stream.AbstractPipeline.evaluate(AbstractPipeline.java:234)
	at java.base/java.util.stream.ReferencePipeline.forEach(ReferencePipeline.java:596)
	at java.base/java.util.stream.ReferencePipeline$7$1.accept(ReferencePipeline.java:276)
	at java.base/java.util.ArrayList$ArrayListSpliterator.forEachRemaining(ArrayList.java:1625)
	at java.base/java.util.stream.AbstractPipeline.copyInto(AbstractPipeline.java:509)
	at java.base/java.util.stream.AbstractPipeline.wrapAndCopyInto(AbstractPipeline.java:499)
	at java.base/java.util.stream.ForEachOps$ForEachOp.evaluateSequential(ForEachOps.java:150)
	at java.base/java.util.stream.ForEachOps$ForEachOp$OfRef.evaluateSequential(ForEachOps.java:173)
	at java.base/java.util.stream.AbstractPipeline.evaluate(AbstractPipeline.java:234)
	at java.base/java.util.stream.ReferencePipeline.forEach(ReferencePipeline.java:596)
	at org.junit.jupiter.engine.descriptor.TestTemplateTestDescriptor.execute(TestTemplateTestDescriptor.java:110)
	at org.junit.jupiter.engine.descriptor.TestTemplateTestDescriptor.execute(TestTemplateTestDescriptor.java:44)
	at org.junit.platform.engine.support.hierarchical.NodeTestTask.lambda$executeRecursively$6(NodeTestTask.java:151)
	at org.junit.platform.engine.support.hierarchical.ThrowableCollector.execute(ThrowableCollector.java:73)
	at org.junit.platform.engine.support.hierarchical.NodeTestTask.lambda$executeRecursively$8(NodeTestTask.java:141)
	at org.junit.platform.engine.support.hierarchical.Node.around(Node.java:137)
	at org.junit.platform.engine.support.hierarchical.NodeTestTask.lambda$executeRecursively$9(NodeTestTask.java:139)
	at org.junit.platform.engine.support.hierarchical.ThrowableCollector.execute(ThrowableCollector.java:73)
	at org.junit.platform.engine.support.hierarchical.NodeTestTask.executeRecursively(NodeTestTask.java:138)
	at org.junit.platform.engine.support.hierarchical.NodeTestTask.execute(NodeTestTask.java:95)
	at java.base/java.util.ArrayList.forEach(ArrayList.java:1511)
	at org.junit.platform.engine.support.hierarchical.SameThreadHierarchicalTestExecutorService.invokeAll(SameThreadHierarchicalTestExecutorService.java:41)
	at org.junit.platform.engine.support.hierarchical.NodeTestTask.lambda$executeRecursively$6(NodeTestTask.java:155)
	at org.junit.platform.engine.support.hierarchical.ThrowableCollector.execute(ThrowableCollector.java:73)
	at org.junit.platform.engine.support.hierarchical.NodeTestTask.lambda$executeRecursively$8(NodeTestTask.java:141)
	at org.junit.platform.engine.support.hierarchical.Node.around(Node.java:137)
	at org.junit.platform.engine.support.hierarchical.NodeTestTask.lambda$executeRecursively$9(NodeTestTask.java:139)
	at org.junit.platform.engine.support.hierarchical.ThrowableCollector.execute(ThrowableCollector.java:73)
	at org.junit.platform.engine.support.hierarchical.NodeTestTask.executeRecursively(NodeTestTask.java:138)
	at org.junit.platform.engine.support.hierarchical.NodeTestTask.execute(NodeTestTask.java:95)
	at java.base/java.util.ArrayList.forEach(ArrayList.java:1511)
	at org.junit.platform.engine.support.hierarchical.SameThreadHierarchicalTestExecutorService.invokeAll(SameThreadHierarchicalTestExecutorService.java:41)
	at org.junit.platform.engine.support.hierarchical.NodeTestTask.lambda$executeRecursively$6(NodeTestTask.java:155)
	at org.junit.platform.engine.support.hierarchical.ThrowableCollector.execute(ThrowableCollector.java:73)
	at org.junit.platform.engine.support.hierarchical.NodeTestTask.lambda$executeRecursively$8(NodeTestTask.java:141)
	at org.junit.platform.engine.support.hierarchical.Node.around(Node.java:137)
	at org.junit.platform.engine.support.hierarchical.NodeTestTask.lambda$executeRecursively$9(NodeTestTask.java:139)
	at org.junit.platform.engine.support.hierarchical.ThrowableCollector.execute(ThrowableCollector.java:73)
	at org.junit.platform.engine.support.hierarchical.NodeTestTask.executeRecursively(NodeTestTask.java:138)
	at org.junit.platform.engine.support.hierarchical.NodeTestTask.execute(NodeTestTask.java:95)
	at org.junit.platform.engine.support.hierarchical.SameThreadHierarchicalTestExecutorService.submit(SameThreadHierarchicalTestExecutorService.java:35)
	at org.junit.platform.engine.support.hierarchical.HierarchicalTestExecutor.execute(HierarchicalTestExecutor.java:57)
	at org.junit.platform.engine.support.hierarchical.HierarchicalTestEngine.execute(HierarchicalTestEngine.java:54)
	at org.junit.platform.launcher.core.EngineExecutionOrchestrator.execute(EngineExecutionOrchestrator.java:198)
	at org.junit.platform.launcher.core.EngineExecutionOrchestrator.execute(EngineExecutionOrchestrator.java:169)
	at org.junit.platform.launcher.core.EngineExecutionOrchestrator.execute(EngineExecutionOrchestrator.java:93)
	at org.junit.platform.launcher.core.EngineExecutionOrchestrator.lambda$execute$0(EngineExecutionOrchestrator.java:58)
	at org.junit.platform.launcher.core.EngineExecutionOrchestrator.withInterceptedStreams(EngineExecutionOrchestrator.java:141)
	at org.junit.platform.launcher.core.EngineExecutionOrchestrator.execute(EngineExecutionOrchestrator.java:57)
	at org.junit.platform.launcher.core.DefaultLauncher.execute(DefaultLauncher.java:103)
	at org.junit.platform.launcher.core.DefaultLauncher.execute(DefaultLauncher.java:85)
	at org.junit.platform.launcher.core.DelegatingLauncher.execute(DelegatingLauncher.java:47)
	at org.junit.platform.launcher.core.SessionPerRequestLauncher.execute(SessionPerRequestLauncher.java:63)
	at org.apache.maven.surefire.junitplatform.JUnitPlatformProvider.invokeAllTests(JUnitPlatformProvider.java:154)
	at org.apache.maven.surefire.junitplatform.JUnitPlatformProvider.invoke(JUnitPlatformProvider.java:123)
	at org.apache.maven.surefire.booter.ForkedBooter.runSuitesInProcess(ForkedBooter.java:377)
	at org.apache.maven.surefire.booter.ForkedBooter.execute(ForkedBooter.java:138)
	at org.apache.maven.surefire.booter.ForkedBooter.run(ForkedBooter.java:465)
	at org.apache.maven.surefire.booter.ForkedBooter.main(ForkedBooter.java:451)
2024-08-15 03:37:07,100 [main] INFO  om.OzoneManager (OzoneManager.java:addS3GVolumeToDB(4577)) - Created Volume s3v With Owner runner required for S3Gateway operations.
2024-08-15 03:37:07,100 [main] INFO  om.OzoneManager (OzoneManager.java:getRpcServer(1240)) - Creating RPC Server
2024-08-15 03:37:07,379 [main] INFO  reflections.Reflections (Reflections.java:scan(219)) - Reflections took 278 ms to scan 20 urls, producing 59 keys and 6776 values
2024-08-15 03:37:07,381 [main] INFO  ipc.CallQueueManager (CallQueueManager.java:<init>(90)) - Using callQueue: class java.util.concurrent.LinkedBlockingQueue, queueCapacity: 2000, scheduler: class org.apache.hadoop.ipc.DefaultRpcScheduler, ipcBackoff: false.
2024-08-15 03:37:07,381 [main] INFO  ipc.Server (Server.java:<init>(1287)) - Listener at 127.0.0.1:15214
2024-08-15 03:37:07,383 [Socket Reader #1 for port 15214] INFO  ipc.Server (Server.java:run(1323)) - Starting Socket Reader #1 for port 15214
2024-08-15 03:37:07,383 [Socket Reader #2 for port 15214] INFO  ipc.Server (Server.java:run(1323)) - Starting Socket Reader #2 for port 15214
2024-08-15 03:37:07,384 [Socket Reader #3 for port 15214] INFO  ipc.Server (Server.java:run(1323)) - Starting Socket Reader #3 for port 15214
2024-08-15 03:37:07,384 [Socket Reader #4 for port 15214] INFO  ipc.Server (Server.java:run(1323)) - Starting Socket Reader #4 for port 15214
2024-08-15 03:37:07,386 [Socket Reader #5 for port 15214] INFO  ipc.Server (Server.java:run(1323)) - Starting Socket Reader #5 for port 15214
2024-08-15 03:37:07,387 [Socket Reader #6 for port 15214] INFO  ipc.Server (Server.java:run(1323)) - Starting Socket Reader #6 for port 15214
2024-08-15 03:37:07,387 [Socket Reader #7 for port 15214] INFO  ipc.Server (Server.java:run(1323)) - Starting Socket Reader #7 for port 15214
2024-08-15 03:37:07,387 [Socket Reader #8 for port 15214] INFO  ipc.Server (Server.java:run(1323)) - Starting Socket Reader #8 for port 15214
2024-08-15 03:37:07,387 [Socket Reader #9 for port 15214] INFO  ipc.Server (Server.java:run(1323)) - Starting Socket Reader #9 for port 15214
2024-08-15 03:37:07,387 [Socket Reader #10 for port 15214] INFO  ipc.Server (Server.java:run(1323)) - Starting Socket Reader #10 for port 15214
2024-08-15 03:37:07,401 [main] INFO  impl.MetricsSystemImpl (MetricsSystemImpl.java:init(158)) - OzoneManager metrics system started (again)
2024-08-15 03:37:07,409 [main] INFO  om.OzoneManager (OzoneManager.java:start(1668)) - OzoneManager RPC server is listening at localhost/127.0.0.1:15214
2024-08-15 03:37:07,409 [main] INFO  om.OzoneManager (OzoneManager.java:start(1683)) - Version File has different layout version (7) than OM DB (null). That is expected if this OM has never been finalized to a newer layout version.
2024-08-15 03:37:07,412 [main] INFO  client.ScmTopologyClient (ScmTopologyClient.java:start(72)) - Initial network topology fetched from SCM: /.
2024-08-15 03:37:07,412 [main] INFO  net.NodeSchemaLoader (NodeSchemaLoader.java:loadSchemaFromFile(129)) - Loading schema from [jar:file:/home/runner/work/ozone/ozone/hadoop-hdds/common/target/hdds-common-1.5.0-SNAPSHOT.jar!/network-topology-default.xml]
2024-08-15 03:37:07,412 [main] INFO  net.NodeSchemaLoader (NodeSchemaLoader.java:loadSchema(176)) - Loading network topology layer schema file
2024-08-15 03:37:07,419 [main] INFO  http.BaseHttpServer (BaseHttpServer.java:newHttpServer2BuilderForOzone(223)) - Starting Web-server for ozoneManager at: http://0.0.0.0:15215
2024-08-15 03:37:07,419 [main] INFO  http.BaseHttpServer (BaseHttpServer.java:<init>(110)) - Hadoop Security Enabled: false Ozone Security Enabled: false Ozone HTTP Security Enabled: false 
2024-08-15 03:37:07,420 [main] WARN  server.AuthenticationFilter (AuthenticationFilter.java:constructSecretProvider(240)) - Unable to initialize FileSignerSecretProvider, falling back to use random secrets. Reason: Could not read signature secret file: /home/runner/hadoop-http-auth-signature-secret
2024-08-15 03:37:07,420 [main] INFO  http.HttpRequestLog (HttpRequestLog.java:getRequestLog(86)) - Http request log for http.requests.ozoneManager is not defined
2024-08-15 03:37:07,421 [main] INFO  http.HttpServer2 (HttpServer2.java:addGlobalFilter(1035)) - Added global filter 'safety' (class=org.apache.hadoop.hdds.server.http.HttpServer2$QuotingInputFilter)
2024-08-15 03:37:07,421 [main] INFO  http.HttpServer2 (HttpServer2.java:addFilter(1011)) - Added filter static_user_filter (class=org.apache.hadoop.http.lib.StaticUserWebFilter$StaticUserFilter) to context ozoneManager
2024-08-15 03:37:07,421 [main] INFO  http.HttpServer2 (HttpServer2.java:addFilter(1019)) - Added filter static_user_filter (class=org.apache.hadoop.http.lib.StaticUserWebFilter$StaticUserFilter) to context logs
2024-08-15 03:37:07,421 [main] INFO  http.HttpServer2 (HttpServer2.java:addFilter(1019)) - Added filter static_user_filter (class=org.apache.hadoop.http.lib.StaticUserWebFilter$StaticUserFilter) to context static
2024-08-15 03:37:07,422 [main] INFO  http.BaseHttpServer (BaseHttpServer.java:<init>(189)) - HTTP server of ozoneManager uses base directory /home/runner/work/ozone/ozone/hadoop-ozone/integration-test/target/test-dir/MiniOzoneClusterImpl-defbb36e-87e0-488b-866f-35c0fcf0d8c3/ozone-meta/webserver
2024-08-15 03:37:07,422 [main] INFO  http.HttpServer2 (HttpServer2.java:bindListener(1235)) - Jetty bound to port 15215
2024-08-15 03:37:07,422 [main] INFO  server.Server (Server.java:doStart(375)) - jetty-9.4.55.v20240627; built: 2024-06-27T15:05:37.765Z; git: 70015831e5195ba74da6383c4ab7c90c56bb08af; jvm 17.0.12+7
2024-08-15 03:37:07,424 [main] INFO  server.session (DefaultSessionIdManager.java:doStart(334)) - DefaultSessionIdManager workerName=node0
2024-08-15 03:37:07,424 [main] INFO  server.session (DefaultSessionIdManager.java:doStart(339)) - No SessionScavenger set, using defaults
2024-08-15 03:37:07,424 [main] INFO  server.session (HouseKeeper.java:startScavenging(132)) - node0 Scavenging every 660000ms
2024-08-15 03:37:07,424 [main] INFO  handler.ContextHandler (ContextHandler.java:doStart(921)) - Started o.e.j.s.ServletContextHandler@3e7431f5{logs,/logs,file:///home/runner/work/ozone/ozone/hadoop-ozone/integration-test/target/log,AVAILABLE}
2024-08-15 03:37:07,425 [main] INFO  handler.ContextHandler (ContextHandler.java:doStart(921)) - Started o.e.j.s.ServletContextHandler@2eb78c9c{static,/static,file:///home/runner/work/ozone/ozone/hadoop-ozone/integration-test/target/test-classes/webapps/static,AVAILABLE}
2024-08-15 03:37:07,428 [main] INFO  handler.ContextHandler (ContextHandler.java:doStart(921)) - Started o.e.j.w.WebAppContext@5b71d8bc{ozoneManager,/,file:///home/runner/work/ozone/ozone/hadoop-ozone/integration-test/target/test-classes/webapps/ozoneManager/,AVAILABLE}{file:/home/runner/work/ozone/ozone/hadoop-ozone/integration-test/target/test-classes/webapps/ozoneManager}
2024-08-15 03:37:07,428 [main] INFO  server.AbstractConnector (AbstractConnector.java:doStart(333)) - Started ServerConnector@7e6d6279{HTTP/1.1, (http/1.1)}{0.0.0.0:15215}
2024-08-15 03:37:07,428 [main] INFO  server.Server (Server.java:doStart(415)) - Started @114610ms
2024-08-15 03:37:07,429 [main] WARN  impl.MetricsSystemImpl (MetricsSystemImpl.java:register(279)) - Sink prometheus already exists!
2024-08-15 03:37:07,429 [main] INFO  http.BaseHttpServer (BaseHttpServer.java:updateConnectorAddress(354)) - HTTP server of ozoneManager listening at http://0.0.0.0:15215
2024-08-15 03:37:07,429 [IPC Server Responder] INFO  ipc.Server (Server.java:run(1562)) - IPC Server Responder: starting
2024-08-15 03:37:07,430 [IPC Server listener on 15214] INFO  ipc.Server (Server.java:run(1402)) - IPC Server listener on 15214: starting
2024-08-15 03:37:07,433 [main] INFO  om.OzoneManager (OzoneManager.java:startTrashEmptier(2145)) - Trash Interval set to 0. Files deleted won't move to trash
2024-08-15 03:37:07,433 [JvmPauseMonitor31] INFO  util.JvmPauseMonitor (JvmPauseMonitor.java:run(146)) - JvmPauseMonitor-977f532a-1be9-428b-ab91-373aa5459070: Started
2024-08-15 03:37:07,439 [main] INFO  impl.MetricsSystemImpl (MetricsSystemImpl.java:init(158)) - HddsDatanode metrics system started (again)
2024-08-15 03:37:07,447 [main] INFO  ozone.HddsDatanodeService (HddsDatanodeService.java:start(235)) - HddsDatanodeService host:fv-az1015-460.2w1m05wkppkefcnjc5xunpm0cg.ex.internal.cloudapp.net ip:10.1.0.10
2024-08-15 03:37:07,449 [main] INFO  upgrade.AbstractLayoutVersionManager (AbstractLayoutVersionManager.java:init(83)) - Initializing Layout version manager with metadata layout = HBASE_SUPPORT (version = 8), software layout = HBASE_SUPPORT (version = 8)
2024-08-15 03:37:07,449 [main] INFO  statemachine.DatanodeStateMachine (DatanodeStateMachine.java:getEndPointTaskThreadPoolSize(295)) - Datanode State Machine Task Thread Pool size 2
2024-08-15 03:37:07,450 [main] INFO  volume.HddsVolume (HddsVolume.java:<init>(127)) - Creating HddsVolume: /home/runner/work/ozone/ozone/hadoop-ozone/integration-test/target/test-dir/MiniOzoneClusterImpl-defbb36e-87e0-488b-866f-35c0fcf0d8c3/ozone-meta/datanode-1/data-0/hdds of storage type : DISK capacity : 9222449699674390527
2024-08-15 03:37:07,451 [main] INFO  volume.MutableVolumeSet (MutableVolumeSet.java:initializeVolumeSet(173)) - Added Volume : /home/runner/work/ozone/ozone/hadoop-ozone/integration-test/target/test-dir/MiniOzoneClusterImpl-defbb36e-87e0-488b-866f-35c0fcf0d8c3/ozone-meta/datanode-1/data-0/hdds to VolumeSet
2024-08-15 03:37:07,451 [main] INFO  volume.MutableVolumeSet (MutableVolumeSet.java:initializeVolumeSet(173)) - Added Volume : /home/runner/work/ozone/ozone/hadoop-ozone/integration-test/target/test-dir/MiniOzoneClusterImpl-defbb36e-87e0-488b-866f-35c0fcf0d8c3/ozone-meta/datanode-1/ratis to VolumeSet
2024-08-15 03:37:07,452 [main] INFO  ozoneimpl.OzoneContainer (HddsVolumeUtil.java:loadAllHddsVolumeDbStore(103)) - Load 1 volumes DbStore cost: 1ms
2024-08-15 03:37:07,453 [main] INFO  server.RaftServer (ConfUtils.java:logGet(46)) - raft.rpc.type = GRPC (default)
2024-08-15 03:37:07,453 [main] INFO  grpc.GrpcConfigKeys (ConfUtils.java:logFallback(53)) - raft.grpc.admin.host = null (fallback to raft.grpc.server.host)
2024-08-15 03:37:07,453 [main] INFO  grpc.GrpcConfigKeys (ConfUtils.java:logGet(46)) - raft.grpc.admin.port = 15222 (custom)
2024-08-15 03:37:07,453 [main] INFO  grpc.GrpcConfigKeys (ConfUtils.java:logFallback(53)) - raft.grpc.client.host = null (fallback to raft.grpc.server.host)
2024-08-15 03:37:07,454 [main] INFO  grpc.GrpcConfigKeys (ConfUtils.java:logGet(46)) - raft.grpc.client.port = 15222 (custom)
2024-08-15 03:37:07,454 [main] INFO  grpc.GrpcConfigKeys (ConfUtils.java:logGet(46)) - raft.grpc.server.host = null (default)
2024-08-15 03:37:07,454 [main] INFO  grpc.GrpcConfigKeys (ConfUtils.java:logGet(46)) - raft.grpc.server.port = 15222 (custom)
2024-08-15 03:37:07,454 [main] INFO  server.GrpcService (ConfUtils.java:logGet(46)) - raft.grpc.message.size.max = 32MB (=33554432) (custom)
2024-08-15 03:37:07,454 [main] INFO  server.RaftServerConfigKeys (ConfUtils.java:logGet(46)) - raft.server.log.appender.buffer.byte-limit = 8388608 (custom)
2024-08-15 03:37:07,454 [main] INFO  server.GrpcService (ConfUtils.java:logGet(46)) - raft.grpc.flow.control.window = 5MB (=5242880) (custom)
2024-08-15 03:37:07,454 [main] INFO  server.RaftServerConfigKeys (ConfUtils.java:logGet(46)) - raft.server.rpc.request.timeout = 60s (custom)
2024-08-15 03:37:07,454 [main] INFO  grpc.GrpcConfigKeys (ConfUtils.java:logGet(46)) - raft.grpc.server.heartbeat.channel = true (default)
2024-08-15 03:37:07,454 [main] INFO  grpc.GrpcConfigKeys (ConfUtils.java:logGet(46)) - raft.grpc.server.async.request.thread.pool.cached = true (default)
2024-08-15 03:37:07,455 [main] INFO  grpc.GrpcConfigKeys (ConfUtils.java:logGet(46)) - raft.grpc.server.async.request.thread.pool.size = 32 (default)
2024-08-15 03:37:07,455 [main] INFO  impl.DataStreamServerImpl (ConfUtils.java:logGet(46)) - raft.datastream.type = NETTY (custom)
2024-08-15 03:37:07,455 [main] INFO  server.RaftServerConfigKeys (ConfUtils.java:logGet(46)) - raft.server.data-stream.async.request.thread.pool.cached = false (default)
2024-08-15 03:37:07,456 [main] INFO  server.RaftServerConfigKeys (ConfUtils.java:logGet(46)) - raft.server.data-stream.async.request.thread.pool.size = 20 (custom)
2024-08-15 03:37:07,456 [main] INFO  server.RaftServerConfigKeys (ConfUtils.java:logGet(46)) - raft.server.data-stream.async.write.thread.pool.size = 16 (default)
2024-08-15 03:37:07,456 [main] INFO  netty.NettyConfigKeys$DataStream (ConfUtils.java:logGet(46)) - raft.netty.dataStream.server.channel.inactive.grace-period = 10min (default)
2024-08-15 03:37:07,456 [main] INFO  server.RaftServerConfigKeys (ConfUtils.java:logGet(46)) - raft.server.data-stream.client.pool.size = 10 (default)
2024-08-15 03:37:07,456 [main] INFO  netty.NettyConfigKeys$DataStream (ConfUtils.java:logGet(46)) - raft.netty.dataStream.server.use-epoll = true (default)
2024-08-15 03:37:07,456 [main] INFO  netty.NettyConfigKeys$DataStream (ConfUtils.java:logGet(46)) - raft.netty.dataStream.server.boss-group.size = 0 (default)
2024-08-15 03:37:07,456 [main] INFO  netty.NettyUtils (NettyUtils.java:newEventLoopGroup(74)) - Create EpollEventLoopGroup for ab869ec9-a1da-4eec-ae22-c3ca637d5862-NettyServerStreamRpc-bossGroup; Thread size is 0.
2024-08-15 03:37:07,457 [main] INFO  netty.NettyConfigKeys$DataStream (ConfUtils.java:logGet(46)) - raft.netty.dataStream.server.worker-group.size = 0 (default)
2024-08-15 03:37:07,457 [main] INFO  netty.NettyUtils (NettyUtils.java:newEventLoopGroup(74)) - Create EpollEventLoopGroup for ab869ec9-a1da-4eec-ae22-c3ca637d5862-NettyServerStreamRpc-workerGroup; Thread size is 0.
2024-08-15 03:37:07,457 [main] INFO  netty.NettyConfigKeys$DataStream (ConfUtils.java:logGet(46)) - raft.netty.dataStream.server.tls.conf = null (default)
2024-08-15 03:37:07,457 [main] INFO  netty.NettyConfigKeys$DataStream (ConfUtils.java:logGet(46)) - raft.netty.dataStream.host = null (default)
2024-08-15 03:37:07,457 [main] INFO  netty.NettyConfigKeys$DataStream (ConfUtils.java:logGet(46)) - raft.netty.dataStream.port = 15225 (custom)
2024-08-15 03:37:07,458 [main] INFO  server.RaftServerConfigKeys (ConfUtils.java:logGet(46)) - raft.server.sleep.deviation.threshold = 300ms (default)
2024-08-15 03:37:07,458 [main] INFO  server.RaftServerConfigKeys (ConfUtils.java:logGet(46)) - raft.server.close.threshold = 60s (default)
2024-08-15 03:37:07,458 [main] INFO  server.RaftServerConfigKeys (ConfUtils.java:logGet(46)) - raft.server.leaderelection.leader.step-down.wait-time = 10s (default)
2024-08-15 03:37:07,458 [main] INFO  server.RaftServerConfigKeys (ConfUtils.java:logGet(46)) - raft.server.storage.dir = [/home/runner/work/ozone/ozone/hadoop-ozone/integration-test/target/test-dir/MiniOzoneClusterImpl-defbb36e-87e0-488b-866f-35c0fcf0d8c3/ozone-meta/datanode-1/ratis] (custom)
2024-08-15 03:37:07,458 [main] INFO  server.RaftServerConfigKeys (ConfUtils.java:logGet(46)) - raft.server.threadpool.proxy.cached = true (default)
2024-08-15 03:37:07,458 [main] INFO  server.RaftServerConfigKeys (ConfUtils.java:logGet(46)) - raft.server.threadpool.proxy.size = 0 (default)
2024-08-15 03:37:07,458 [ab869ec9-a1da-4eec-ae22-c3ca637d5862-NettyServerStreamRpc-bossGroup--thread1] INFO  logging.LoggingHandler (AbstractInternalLogger.java:log(148)) - [id: 0x8cba9ff1] REGISTERED
2024-08-15 03:37:07,459 [ab869ec9-a1da-4eec-ae22-c3ca637d5862-NettyServerStreamRpc-bossGroup--thread1] INFO  logging.LoggingHandler (AbstractInternalLogger.java:log(148)) - [id: 0x8cba9ff1] BIND: 0.0.0.0/0.0.0.0:15225
2024-08-15 03:37:07,459 [ab869ec9-a1da-4eec-ae22-c3ca637d5862-NettyServerStreamRpc-bossGroup--thread1] INFO  logging.LoggingHandler (AbstractInternalLogger.java:log(148)) - [id: 0x8cba9ff1, L:/0.0.0.0:15225] ACTIVE
2024-08-15 03:37:07,462 [ab869ec9-a1da-4eec-ae22-c3ca637d5862-impl-thread1] INFO  server.RaftServer (RaftServerProxy.java:initGroupDir(266)) - ab869ec9-a1da-4eec-ae22-c3ca637d5862: found a subdirectory /home/runner/work/ozone/ozone/hadoop-ozone/integration-test/target/test-dir/MiniOzoneClusterImpl-defbb36e-87e0-488b-866f-35c0fcf0d8c3/ozone-meta/datanode-1/ratis/tmp
2024-08-15 03:37:07,462 [ab869ec9-a1da-4eec-ae22-c3ca637d5862-impl-thread1] INFO  server.RaftServer (RaftServerProxy.java:initGroupDir(271)) - ab869ec9-a1da-4eec-ae22-c3ca637d5862: The directory /home/runner/work/ozone/ozone/hadoop-ozone/integration-test/target/test-dir/MiniOzoneClusterImpl-defbb36e-87e0-488b-866f-35c0fcf0d8c3/ozone-meta/datanode-1/ratis/tmp is not a group directory; ignoring it. 
2024-08-15 03:37:07,463 [main] INFO  replication.ReplicationServer (ReplicationServer.java:<init>(86)) - Initializing replication server with thread count = 10 queue length = 4096
2024-08-15 03:37:07,464 [main] INFO  server.XceiverServerGrpc (XceiverServerGrpc.java:<init>(141)) - GrpcServer channel type EpollServerSocketChannel
2024-08-15 03:37:07,464 [main] INFO  replication.ReplicationSupervisor (ReplicationSupervisor.java:build(157)) - Initializing replication supervisor with thread count = 10
2024-08-15 03:37:07,464 [main] INFO  replication.ReplicationSupervisor (ReplicationSupervisor.java:nodeStateUpdated(312)) - Node state updated to IN_SERVICE, scaling executor pool size to 10
2024-08-15 03:37:07,466 [main] INFO  http.BaseHttpServer (BaseHttpServer.java:newHttpServer2BuilderForOzone(223)) - Starting Web-server for hddsDatanode at: http://0.0.0.0:15219
2024-08-15 03:37:07,466 [main] INFO  http.BaseHttpServer (BaseHttpServer.java:<init>(110)) - Hadoop Security Enabled: false Ozone Security Enabled: false Ozone HTTP Security Enabled: false 
2024-08-15 03:37:07,467 [main] WARN  server.AuthenticationFilter (AuthenticationFilter.java:constructSecretProvider(240)) - Unable to initialize FileSignerSecretProvider, falling back to use random secrets. Reason: Could not read signature secret file: /home/runner/hadoop-http-auth-signature-secret
2024-08-15 03:37:07,467 [main] INFO  http.HttpRequestLog (HttpRequestLog.java:getRequestLog(86)) - Http request log for http.requests.hddsDatanode is not defined
2024-08-15 03:37:07,468 [main] INFO  http.HttpServer2 (HttpServer2.java:addGlobalFilter(1035)) - Added global filter 'safety' (class=org.apache.hadoop.hdds.server.http.HttpServer2$QuotingInputFilter)
2024-08-15 03:37:07,468 [main] INFO  http.HttpServer2 (HttpServer2.java:addFilter(1011)) - Added filter static_user_filter (class=org.apache.hadoop.http.lib.StaticUserWebFilter$StaticUserFilter) to context hddsDatanode
2024-08-15 03:37:07,468 [main] INFO  http.HttpServer2 (HttpServer2.java:addFilter(1019)) - Added filter static_user_filter (class=org.apache.hadoop.http.lib.StaticUserWebFilter$StaticUserFilter) to context logs
2024-08-15 03:37:07,469 [main] INFO  http.HttpServer2 (HttpServer2.java:addFilter(1019)) - Added filter static_user_filter (class=org.apache.hadoop.http.lib.StaticUserWebFilter$StaticUserFilter) to context static
2024-08-15 03:37:07,469 [main] INFO  http.BaseHttpServer (BaseHttpServer.java:<init>(189)) - HTTP server of hddsDatanode uses base directory /home/runner/work/ozone/ozone/hadoop-ozone/integration-test/target/test-dir/MiniOzoneClusterImpl-defbb36e-87e0-488b-866f-35c0fcf0d8c3/ozone-meta/datanode-1/meta/webserver
2024-08-15 03:37:07,469 [main] INFO  http.HttpServer2 (HttpServer2.java:bindListener(1235)) - Jetty bound to port 15219
2024-08-15 03:37:07,469 [main] INFO  server.Server (Server.java:doStart(375)) - jetty-9.4.55.v20240627; built: 2024-06-27T15:05:37.765Z; git: 70015831e5195ba74da6383c4ab7c90c56bb08af; jvm 17.0.12+7
2024-08-15 03:37:07,474 [main] INFO  server.session (DefaultSessionIdManager.java:doStart(334)) - DefaultSessionIdManager workerName=node0
2024-08-15 03:37:07,474 [main] INFO  server.session (DefaultSessionIdManager.java:doStart(339)) - No SessionScavenger set, using defaults
2024-08-15 03:37:07,474 [main] INFO  server.session (HouseKeeper.java:startScavenging(132)) - node0 Scavenging every 660000ms
2024-08-15 03:37:07,474 [main] INFO  handler.ContextHandler (ContextHandler.java:doStart(921)) - Started o.e.j.s.ServletContextHandler@5a780f42{logs,/logs,file:///home/runner/work/ozone/ozone/hadoop-ozone/integration-test/target/log,AVAILABLE}
2024-08-15 03:37:07,475 [main] INFO  handler.ContextHandler (ContextHandler.java:doStart(921)) - Started o.e.j.s.ServletContextHandler@38e0403f{static,/static,jar:file:/home/runner/work/ozone/ozone/hadoop-hdds/container-service/target/hdds-container-service-1.5.0-SNAPSHOT.jar!/webapps/static,AVAILABLE}
2024-08-15 03:37:07,669 [main] INFO  handler.ContextHandler (ContextHandler.java:doStart(921)) - Started o.e.j.w.WebAppContext@776adf0e{hddsDatanode,/,file:///home/runner/work/ozone/ozone/hadoop-ozone/integration-test/target/test-dir/MiniOzoneClusterImpl-defbb36e-87e0-488b-866f-35c0fcf0d8c3/ozone-meta/datanode-1/meta/webserver/jetty-0_0_0_0-15219-hdds-container-service-1_5_0-SNAPSHOT_jar-_-any-12561943819368223423/webapp/,AVAILABLE}{jar:file:/home/runner/work/ozone/ozone/hadoop-hdds/container-service/target/hdds-container-service-1.5.0-SNAPSHOT.jar!/webapps/hddsDatanode}
2024-08-15 03:37:07,669 [main] INFO  server.AbstractConnector (AbstractConnector.java:doStart(333)) - Started ServerConnector@1fd35b41{HTTP/1.1, (http/1.1)}{0.0.0.0:15219}
2024-08-15 03:37:07,670 [main] INFO  server.Server (Server.java:doStart(415)) - Started @114851ms
2024-08-15 03:37:07,670 [main] WARN  impl.MetricsSystemImpl (MetricsSystemImpl.java:register(279)) - Sink prometheus already exists!
2024-08-15 03:37:07,670 [main] INFO  http.BaseHttpServer (BaseHttpServer.java:updateConnectorAddress(354)) - HTTP server of hddsDatanode listening at http://0.0.0.0:15219
2024-08-15 03:37:07,671 [main] INFO  ipc.CallQueueManager (CallQueueManager.java:<init>(90)) - Using callQueue: class java.util.concurrent.LinkedBlockingQueue, queueCapacity: 1000, scheduler: class org.apache.hadoop.ipc.DefaultRpcScheduler, ipcBackoff: false.
2024-08-15 03:37:07,671 [main] INFO  ipc.Server (Server.java:<init>(1287)) - Listener at 0.0.0.0:15220
2024-08-15 03:37:07,671 [Socket Reader #1 for port 15220] INFO  ipc.Server (Server.java:run(1323)) - Starting Socket Reader #1 for port 15220
2024-08-15 03:37:07,672 [Socket Reader #2 for port 15220] INFO  ipc.Server (Server.java:run(1323)) - Starting Socket Reader #2 for port 15220
2024-08-15 03:37:07,672 [Socket Reader #3 for port 15220] INFO  ipc.Server (Server.java:run(1323)) - Starting Socket Reader #3 for port 15220
2024-08-15 03:37:07,672 [Socket Reader #4 for port 15220] INFO  ipc.Server (Server.java:run(1323)) - Starting Socket Reader #4 for port 15220
2024-08-15 03:37:07,672 [Socket Reader #5 for port 15220] INFO  ipc.Server (Server.java:run(1323)) - Starting Socket Reader #5 for port 15220
2024-08-15 03:37:07,673 [Socket Reader #6 for port 15220] INFO  ipc.Server (Server.java:run(1323)) - Starting Socket Reader #6 for port 15220
2024-08-15 03:37:07,673 [Socket Reader #7 for port 15220] INFO  ipc.Server (Server.java:run(1323)) - Starting Socket Reader #7 for port 15220
2024-08-15 03:37:07,673 [Socket Reader #8 for port 15220] INFO  ipc.Server (Server.java:run(1323)) - Starting Socket Reader #8 for port 15220
2024-08-15 03:37:07,673 [Socket Reader #9 for port 15220] INFO  ipc.Server (Server.java:run(1323)) - Starting Socket Reader #9 for port 15220
2024-08-15 03:37:07,673 [Socket Reader #10 for port 15220] INFO  ipc.Server (Server.java:run(1323)) - Starting Socket Reader #10 for port 15220
2024-08-15 03:37:07,674 [main] INFO  ozone.HddsDatanodeService (HddsDatanodeService.java:start(319)) - Datanode start with admins: [runner]
2024-08-15 03:37:07,674 [main] INFO  ozone.HddsDatanodeClientProtocolServer (HddsDatanodeClientProtocolServer.java:start(79)) - RPC server for Client /0.0.0.0:15220
2024-08-15 03:37:07,675 [IPC Server Responder] INFO  ipc.Server (Server.java:run(1562)) - IPC Server Responder: starting
2024-08-15 03:37:07,675 [IPC Server listener on 15220] INFO  ipc.Server (Server.java:run(1402)) - IPC Server listener on 15220: starting
2024-08-15 03:37:07,676 [main] WARN  dropwizard3.Dm3MetricRegistriesImpl (Dm3MetricRegistriesImpl.java:addReporterRegistration(114)) - New reporters are added after registries were created. Some metrics will be missing from the reporter. Please add reporter before adding any new registry.
2024-08-15 03:37:07,676 [main] WARN  dropwizard3.Dm3MetricRegistriesImpl (Dm3MetricRegistriesImpl.java:addReporterRegistration(114)) - New reporters are added after registries were created. Some metrics will be missing from the reporter. Please add reporter before adding any new registry.
2024-08-15 03:37:07,677 [main] INFO  impl.MetricsSystemImpl (MetricsSystemImpl.java:init(158)) - HddsDatanode metrics system started (again)
2024-08-15 03:37:07,677 [ab869ec9-a1da-4eec-ae22-c3ca637d5862-DatanodeStateMachineDaemonThread] INFO  statemachine.DatanodeStateMachine (DatanodeStateMachine.java:startStateMachineThread(338)) - Ozone container server started.
2024-08-15 03:37:07,679 [ab869ec9-a1da-4eec-ae22-c3ca637d5862-DatanodeStateMachineTaskThread-0] INFO  datanode.InitDatanodeState (InitDatanodeState.java:persistContainerDatanodeDetails(139)) - DatanodeDetails is persisted to /home/runner/work/ozone/ozone/hadoop-ozone/integration-test/target/test-dir/MiniOzoneClusterImpl-defbb36e-87e0-488b-866f-35c0fcf0d8c3/ozone-meta/datanode-1/meta/datanode.id
2024-08-15 03:37:07,687 [main] INFO  ozone.HddsDatanodeService (HddsDatanodeService.java:start(235)) - HddsDatanodeService host:fv-az1015-460.2w1m05wkppkefcnjc5xunpm0cg.ex.internal.cloudapp.net ip:10.1.0.10
2024-08-15 03:37:07,689 [main] INFO  upgrade.AbstractLayoutVersionManager (AbstractLayoutVersionManager.java:init(83)) - Initializing Layout version manager with metadata layout = HBASE_SUPPORT (version = 8), software layout = HBASE_SUPPORT (version = 8)
2024-08-15 03:37:07,689 [main] INFO  statemachine.DatanodeStateMachine (DatanodeStateMachine.java:getEndPointTaskThreadPoolSize(295)) - Datanode State Machine Task Thread Pool size 2
2024-08-15 03:37:07,690 [main] INFO  volume.HddsVolume (HddsVolume.java:<init>(127)) - Creating HddsVolume: /home/runner/work/ozone/ozone/hadoop-ozone/integration-test/target/test-dir/MiniOzoneClusterImpl-defbb36e-87e0-488b-866f-35c0fcf0d8c3/ozone-meta/datanode-2/data-0/hdds of storage type : DISK capacity : 9222449699674390527
2024-08-15 03:37:07,691 [main] INFO  volume.MutableVolumeSet (MutableVolumeSet.java:initializeVolumeSet(173)) - Added Volume : /home/runner/work/ozone/ozone/hadoop-ozone/integration-test/target/test-dir/MiniOzoneClusterImpl-defbb36e-87e0-488b-866f-35c0fcf0d8c3/ozone-meta/datanode-2/data-0/hdds to VolumeSet
2024-08-15 03:37:07,691 [main] INFO  volume.MutableVolumeSet (MutableVolumeSet.java:initializeVolumeSet(173)) - Added Volume : /home/runner/work/ozone/ozone/hadoop-ozone/integration-test/target/test-dir/MiniOzoneClusterImpl-defbb36e-87e0-488b-866f-35c0fcf0d8c3/ozone-meta/datanode-2/ratis to VolumeSet
2024-08-15 03:37:07,692 [main] INFO  ozoneimpl.OzoneContainer (HddsVolumeUtil.java:loadAllHddsVolumeDbStore(103)) - Load 1 volumes DbStore cost: 0ms
2024-08-15 03:37:07,693 [main] INFO  server.RaftServer (ConfUtils.java:logGet(46)) - raft.rpc.type = GRPC (default)
2024-08-15 03:37:07,694 [main] INFO  grpc.GrpcConfigKeys (ConfUtils.java:logFallback(53)) - raft.grpc.admin.host = null (fallback to raft.grpc.server.host)
2024-08-15 03:37:07,694 [main] INFO  grpc.GrpcConfigKeys (ConfUtils.java:logGet(46)) - raft.grpc.admin.port = 15231 (custom)
2024-08-15 03:37:07,694 [main] INFO  grpc.GrpcConfigKeys (ConfUtils.java:logFallback(53)) - raft.grpc.client.host = null (fallback to raft.grpc.server.host)
2024-08-15 03:37:07,694 [main] INFO  grpc.GrpcConfigKeys (ConfUtils.java:logGet(46)) - raft.grpc.client.port = 15231 (custom)
2024-08-15 03:37:07,694 [main] INFO  grpc.GrpcConfigKeys (ConfUtils.java:logGet(46)) - raft.grpc.server.host = null (default)
2024-08-15 03:37:07,694 [main] INFO  grpc.GrpcConfigKeys (ConfUtils.java:logGet(46)) - raft.grpc.server.port = 15231 (custom)
2024-08-15 03:37:07,694 [main] INFO  server.GrpcService (ConfUtils.java:logGet(46)) - raft.grpc.message.size.max = 32MB (=33554432) (custom)
2024-08-15 03:37:07,694 [main] INFO  server.RaftServerConfigKeys (ConfUtils.java:logGet(46)) - raft.server.log.appender.buffer.byte-limit = 8388608 (custom)
2024-08-15 03:37:07,695 [main] INFO  server.GrpcService (ConfUtils.java:logGet(46)) - raft.grpc.flow.control.window = 5MB (=5242880) (custom)
2024-08-15 03:37:07,695 [main] INFO  server.RaftServerConfigKeys (ConfUtils.java:logGet(46)) - raft.server.rpc.request.timeout = 60s (custom)
2024-08-15 03:37:07,695 [main] INFO  grpc.GrpcConfigKeys (ConfUtils.java:logGet(46)) - raft.grpc.server.heartbeat.channel = true (default)
2024-08-15 03:37:07,695 [main] INFO  grpc.GrpcConfigKeys (ConfUtils.java:logGet(46)) - raft.grpc.server.async.request.thread.pool.cached = true (default)
2024-08-15 03:37:07,695 [main] INFO  grpc.GrpcConfigKeys (ConfUtils.java:logGet(46)) - raft.grpc.server.async.request.thread.pool.size = 32 (default)
2024-08-15 03:37:07,696 [main] INFO  impl.DataStreamServerImpl (ConfUtils.java:logGet(46)) - raft.datastream.type = NETTY (custom)
2024-08-15 03:37:07,696 [main] INFO  server.RaftServerConfigKeys (ConfUtils.java:logGet(46)) - raft.server.data-stream.async.request.thread.pool.cached = false (default)
2024-08-15 03:37:07,696 [main] INFO  server.RaftServerConfigKeys (ConfUtils.java:logGet(46)) - raft.server.data-stream.async.request.thread.pool.size = 20 (custom)
2024-08-15 03:37:07,697 [main] INFO  server.RaftServerConfigKeys (ConfUtils.java:logGet(46)) - raft.server.data-stream.async.write.thread.pool.size = 16 (default)
2024-08-15 03:37:07,697 [main] INFO  netty.NettyConfigKeys$DataStream (ConfUtils.java:logGet(46)) - raft.netty.dataStream.server.channel.inactive.grace-period = 10min (default)
2024-08-15 03:37:07,697 [main] INFO  server.RaftServerConfigKeys (ConfUtils.java:logGet(46)) - raft.server.data-stream.client.pool.size = 10 (default)
2024-08-15 03:37:07,697 [main] INFO  netty.NettyConfigKeys$DataStream (ConfUtils.java:logGet(46)) - raft.netty.dataStream.server.use-epoll = true (default)
2024-08-15 03:37:07,697 [main] INFO  netty.NettyConfigKeys$DataStream (ConfUtils.java:logGet(46)) - raft.netty.dataStream.server.boss-group.size = 0 (default)
2024-08-15 03:37:07,697 [main] INFO  netty.NettyUtils (NettyUtils.java:newEventLoopGroup(74)) - Create EpollEventLoopGroup for 398215a5-964b-4dc4-b31b-bbd09ffd15fb-NettyServerStreamRpc-bossGroup; Thread size is 0.
2024-08-15 03:37:07,698 [main] INFO  netty.NettyConfigKeys$DataStream (ConfUtils.java:logGet(46)) - raft.netty.dataStream.server.worker-group.size = 0 (default)
2024-08-15 03:37:07,698 [main] INFO  netty.NettyUtils (NettyUtils.java:newEventLoopGroup(74)) - Create EpollEventLoopGroup for 398215a5-964b-4dc4-b31b-bbd09ffd15fb-NettyServerStreamRpc-workerGroup; Thread size is 0.
2024-08-15 03:37:07,698 [main] INFO  netty.NettyConfigKeys$DataStream (ConfUtils.java:logGet(46)) - raft.netty.dataStream.server.tls.conf = null (default)
2024-08-15 03:37:07,698 [main] INFO  netty.NettyConfigKeys$DataStream (ConfUtils.java:logGet(46)) - raft.netty.dataStream.host = null (default)
2024-08-15 03:37:07,698 [main] INFO  netty.NettyConfigKeys$DataStream (ConfUtils.java:logGet(46)) - raft.netty.dataStream.port = 15234 (custom)
2024-08-15 03:37:07,699 [main] INFO  server.RaftServerConfigKeys (ConfUtils.java:logGet(46)) - raft.server.sleep.deviation.threshold = 300ms (default)
2024-08-15 03:37:07,699 [main] INFO  server.RaftServerConfigKeys (ConfUtils.java:logGet(46)) - raft.server.close.threshold = 60s (default)
2024-08-15 03:37:07,699 [main] INFO  server.RaftServerConfigKeys (ConfUtils.java:logGet(46)) - raft.server.leaderelection.leader.step-down.wait-time = 10s (default)
2024-08-15 03:37:07,699 [398215a5-964b-4dc4-b31b-bbd09ffd15fb-NettyServerStreamRpc-bossGroup--thread1] INFO  logging.LoggingHandler (AbstractInternalLogger.java:log(148)) - [id: 0x03ec579a] REGISTERED
2024-08-15 03:37:07,699 [main] INFO  server.RaftServerConfigKeys (ConfUtils.java:logGet(46)) - raft.server.storage.dir = [/home/runner/work/ozone/ozone/hadoop-ozone/integration-test/target/test-dir/MiniOzoneClusterImpl-defbb36e-87e0-488b-866f-35c0fcf0d8c3/ozone-meta/datanode-2/ratis] (custom)
2024-08-15 03:37:07,700 [main] INFO  server.RaftServerConfigKeys (ConfUtils.java:logGet(46)) - raft.server.threadpool.proxy.cached = true (default)
2024-08-15 03:37:07,700 [main] INFO  server.RaftServerConfigKeys (ConfUtils.java:logGet(46)) - raft.server.threadpool.proxy.size = 0 (default)
2024-08-15 03:37:07,700 [398215a5-964b-4dc4-b31b-bbd09ffd15fb-NettyServerStreamRpc-bossGroup--thread1] INFO  logging.LoggingHandler (AbstractInternalLogger.java:log(148)) - [id: 0x03ec579a] BIND: 0.0.0.0/0.0.0.0:15234
2024-08-15 03:37:07,700 [398215a5-964b-4dc4-b31b-bbd09ffd15fb-NettyServerStreamRpc-bossGroup--thread1] INFO  logging.LoggingHandler (AbstractInternalLogger.java:log(148)) - [id: 0x03ec579a, L:/0.0.0.0:15234] ACTIVE
2024-08-15 03:37:07,700 [398215a5-964b-4dc4-b31b-bbd09ffd15fb-impl-thread1] INFO  server.RaftServer (RaftServerProxy.java:initGroupDir(266)) - 398215a5-964b-4dc4-b31b-bbd09ffd15fb: found a subdirectory /home/runner/work/ozone/ozone/hadoop-ozone/integration-test/target/test-dir/MiniOzoneClusterImpl-defbb36e-87e0-488b-866f-35c0fcf0d8c3/ozone-meta/datanode-2/ratis/tmp
2024-08-15 03:37:07,701 [398215a5-964b-4dc4-b31b-bbd09ffd15fb-impl-thread1] INFO  server.RaftServer (RaftServerProxy.java:initGroupDir(271)) - 398215a5-964b-4dc4-b31b-bbd09ffd15fb: The directory /home/runner/work/ozone/ozone/hadoop-ozone/integration-test/target/test-dir/MiniOzoneClusterImpl-defbb36e-87e0-488b-866f-35c0fcf0d8c3/ozone-meta/datanode-2/ratis/tmp is not a group directory; ignoring it. 
2024-08-15 03:37:07,701 [main] INFO  replication.ReplicationServer (ReplicationServer.java:<init>(86)) - Initializing replication server with thread count = 10 queue length = 4096
2024-08-15 03:37:07,702 [main] INFO  server.XceiverServerGrpc (XceiverServerGrpc.java:<init>(141)) - GrpcServer channel type EpollServerSocketChannel
2024-08-15 03:37:07,703 [main] INFO  replication.ReplicationSupervisor (ReplicationSupervisor.java:build(157)) - Initializing replication supervisor with thread count = 10
2024-08-15 03:37:07,703 [main] INFO  replication.ReplicationSupervisor (ReplicationSupervisor.java:nodeStateUpdated(312)) - Node state updated to IN_SERVICE, scaling executor pool size to 10
2024-08-15 03:37:07,705 [main] INFO  http.BaseHttpServer (BaseHttpServer.java:newHttpServer2BuilderForOzone(223)) - Starting Web-server for hddsDatanode at: http://0.0.0.0:15228
2024-08-15 03:37:07,705 [main] INFO  http.BaseHttpServer (BaseHttpServer.java:<init>(110)) - Hadoop Security Enabled: false Ozone Security Enabled: false Ozone HTTP Security Enabled: false 
2024-08-15 03:37:07,706 [main] WARN  server.AuthenticationFilter (AuthenticationFilter.java:constructSecretProvider(240)) - Unable to initialize FileSignerSecretProvider, falling back to use random secrets. Reason: Could not read signature secret file: /home/runner/hadoop-http-auth-signature-secret
2024-08-15 03:37:07,706 [main] INFO  http.HttpRequestLog (HttpRequestLog.java:getRequestLog(86)) - Http request log for http.requests.hddsDatanode is not defined
2024-08-15 03:37:07,707 [main] INFO  http.HttpServer2 (HttpServer2.java:addGlobalFilter(1035)) - Added global filter 'safety' (class=org.apache.hadoop.hdds.server.http.HttpServer2$QuotingInputFilter)
2024-08-15 03:37:07,707 [main] INFO  http.HttpServer2 (HttpServer2.java:addFilter(1011)) - Added filter static_user_filter (class=org.apache.hadoop.http.lib.StaticUserWebFilter$StaticUserFilter) to context hddsDatanode
2024-08-15 03:37:07,708 [main] INFO  http.HttpServer2 (HttpServer2.java:addFilter(1019)) - Added filter static_user_filter (class=org.apache.hadoop.http.lib.StaticUserWebFilter$StaticUserFilter) to context static
2024-08-15 03:37:07,708 [main] INFO  http.HttpServer2 (HttpServer2.java:addFilter(1019)) - Added filter static_user_filter (class=org.apache.hadoop.http.lib.StaticUserWebFilter$StaticUserFilter) to context logs
2024-08-15 03:37:07,708 [main] INFO  http.BaseHttpServer (BaseHttpServer.java:<init>(189)) - HTTP server of hddsDatanode uses base directory /home/runner/work/ozone/ozone/hadoop-ozone/integration-test/target/test-dir/MiniOzoneClusterImpl-defbb36e-87e0-488b-866f-35c0fcf0d8c3/ozone-meta/datanode-2/meta/webserver
2024-08-15 03:37:07,708 [main] INFO  http.HttpServer2 (HttpServer2.java:bindListener(1235)) - Jetty bound to port 15228
2024-08-15 03:37:07,709 [main] INFO  server.Server (Server.java:doStart(375)) - jetty-9.4.55.v20240627; built: 2024-06-27T15:05:37.765Z; git: 70015831e5195ba74da6383c4ab7c90c56bb08af; jvm 17.0.12+7
2024-08-15 03:37:07,715 [main] INFO  server.session (DefaultSessionIdManager.java:doStart(334)) - DefaultSessionIdManager workerName=node0
2024-08-15 03:37:07,715 [main] INFO  server.session (DefaultSessionIdManager.java:doStart(339)) - No SessionScavenger set, using defaults
2024-08-15 03:37:07,715 [main] INFO  server.session (HouseKeeper.java:startScavenging(132)) - node0 Scavenging every 600000ms
2024-08-15 03:37:07,716 [main] INFO  handler.ContextHandler (ContextHandler.java:doStart(921)) - Started o.e.j.s.ServletContextHandler@729b9620{logs,/logs,file:///home/runner/work/ozone/ozone/hadoop-ozone/integration-test/target/log,AVAILABLE}
2024-08-15 03:37:07,716 [main] INFO  handler.ContextHandler (ContextHandler.java:doStart(921)) - Started o.e.j.s.ServletContextHandler@56549935{static,/static,jar:file:/home/runner/work/ozone/ozone/hadoop-hdds/container-service/target/hdds-container-service-1.5.0-SNAPSHOT.jar!/webapps/static,AVAILABLE}
2024-08-15 03:37:07,914 [main] INFO  handler.ContextHandler (ContextHandler.java:doStart(921)) - Started o.e.j.w.WebAppContext@647e6004{hddsDatanode,/,file:///home/runner/work/ozone/ozone/hadoop-ozone/integration-test/target/test-dir/MiniOzoneClusterImpl-defbb36e-87e0-488b-866f-35c0fcf0d8c3/ozone-meta/datanode-2/meta/webserver/jetty-0_0_0_0-15228-hdds-container-service-1_5_0-SNAPSHOT_jar-_-any-10334554337013255950/webapp/,AVAILABLE}{jar:file:/home/runner/work/ozone/ozone/hadoop-hdds/container-service/target/hdds-container-service-1.5.0-SNAPSHOT.jar!/webapps/hddsDatanode}
2024-08-15 03:37:07,915 [main] INFO  server.AbstractConnector (AbstractConnector.java:doStart(333)) - Started ServerConnector@6a7ff3e7{HTTP/1.1, (http/1.1)}{0.0.0.0:15228}
2024-08-15 03:37:07,915 [main] INFO  server.Server (Server.java:doStart(415)) - Started @115097ms
2024-08-15 03:37:07,915 [main] WARN  impl.MetricsSystemImpl (MetricsSystemImpl.java:register(279)) - Sink prometheus already exists!
2024-08-15 03:37:07,916 [main] INFO  http.BaseHttpServer (BaseHttpServer.java:updateConnectorAddress(354)) - HTTP server of hddsDatanode listening at http://0.0.0.0:15228
2024-08-15 03:37:07,916 [main] INFO  ipc.CallQueueManager (CallQueueManager.java:<init>(90)) - Using callQueue: class java.util.concurrent.LinkedBlockingQueue, queueCapacity: 1000, scheduler: class org.apache.hadoop.ipc.DefaultRpcScheduler, ipcBackoff: false.
2024-08-15 03:37:07,917 [main] INFO  ipc.Server (Server.java:<init>(1287)) - Listener at 0.0.0.0:15229
2024-08-15 03:37:07,917 [Socket Reader #1 for port 15229] INFO  ipc.Server (Server.java:run(1323)) - Starting Socket Reader #1 for port 15229
2024-08-15 03:37:07,917 [Socket Reader #2 for port 15229] INFO  ipc.Server (Server.java:run(1323)) - Starting Socket Reader #2 for port 15229
2024-08-15 03:37:07,917 [Socket Reader #3 for port 15229] INFO  ipc.Server (Server.java:run(1323)) - Starting Socket Reader #3 for port 15229
2024-08-15 03:37:07,917 [Socket Reader #4 for port 15229] INFO  ipc.Server (Server.java:run(1323)) - Starting Socket Reader #4 for port 15229
2024-08-15 03:37:07,918 [Socket Reader #5 for port 15229] INFO  ipc.Server (Server.java:run(1323)) - Starting Socket Reader #5 for port 15229
2024-08-15 03:37:07,918 [Socket Reader #6 for port 15229] INFO  ipc.Server (Server.java:run(1323)) - Starting Socket Reader #6 for port 15229
2024-08-15 03:37:07,919 [Socket Reader #7 for port 15229] INFO  ipc.Server (Server.java:run(1323)) - Starting Socket Reader #7 for port 15229
2024-08-15 03:37:07,919 [Socket Reader #8 for port 15229] INFO  ipc.Server (Server.java:run(1323)) - Starting Socket Reader #8 for port 15229
2024-08-15 03:37:07,919 [Socket Reader #9 for port 15229] INFO  ipc.Server (Server.java:run(1323)) - Starting Socket Reader #9 for port 15229
2024-08-15 03:37:07,920 [Socket Reader #10 for port 15229] INFO  ipc.Server (Server.java:run(1323)) - Starting Socket Reader #10 for port 15229
2024-08-15 03:37:07,921 [main] INFO  ozone.HddsDatanodeService (HddsDatanodeService.java:start(319)) - Datanode start with admins: [runner]
2024-08-15 03:37:07,921 [main] INFO  ozone.HddsDatanodeClientProtocolServer (HddsDatanodeClientProtocolServer.java:start(79)) - RPC server for Client /0.0.0.0:15229
2024-08-15 03:37:07,923 [IPC Server Responder] INFO  ipc.Server (Server.java:run(1562)) - IPC Server Responder: starting
2024-08-15 03:37:07,923 [IPC Server listener on 15229] INFO  ipc.Server (Server.java:run(1402)) - IPC Server listener on 15229: starting
2024-08-15 03:37:07,928 [main] WARN  dropwizard3.Dm3MetricRegistriesImpl (Dm3MetricRegistriesImpl.java:addReporterRegistration(114)) - New reporters are added after registries were created. Some metrics will be missing from the reporter. Please add reporter before adding any new registry.
2024-08-15 03:37:07,929 [main] WARN  dropwizard3.Dm3MetricRegistriesImpl (Dm3MetricRegistriesImpl.java:addReporterRegistration(114)) - New reporters are added after registries were created. Some metrics will be missing from the reporter. Please add reporter before adding any new registry.
2024-08-15 03:37:07,929 [main] INFO  impl.MetricsSystemImpl (MetricsSystemImpl.java:init(158)) - HddsDatanode metrics system started (again)
2024-08-15 03:37:07,936 [398215a5-964b-4dc4-b31b-bbd09ffd15fb-DatanodeStateMachineDaemonThread] INFO  statemachine.DatanodeStateMachine (DatanodeStateMachine.java:startStateMachineThread(338)) - Ozone container server started.
2024-08-15 03:37:07,938 [398215a5-964b-4dc4-b31b-bbd09ffd15fb-DatanodeStateMachineTaskThread-0] INFO  datanode.InitDatanodeState (InitDatanodeState.java:persistContainerDatanodeDetails(139)) - DatanodeDetails is persisted to /home/runner/work/ozone/ozone/hadoop-ozone/integration-test/target/test-dir/MiniOzoneClusterImpl-defbb36e-87e0-488b-866f-35c0fcf0d8c3/ozone-meta/datanode-2/meta/datanode.id
2024-08-15 03:37:07,938 [main] INFO  ozone.HddsDatanodeService (HddsDatanodeService.java:start(235)) - HddsDatanodeService host:fv-az1015-460.2w1m05wkppkefcnjc5xunpm0cg.ex.internal.cloudapp.net ip:10.1.0.10
2024-08-15 03:37:07,940 [main] INFO  upgrade.AbstractLayoutVersionManager (AbstractLayoutVersionManager.java:init(83)) - Initializing Layout version manager with metadata layout = HBASE_SUPPORT (version = 8), software layout = HBASE_SUPPORT (version = 8)
2024-08-15 03:37:07,940 [main] INFO  statemachine.DatanodeStateMachine (DatanodeStateMachine.java:getEndPointTaskThreadPoolSize(295)) - Datanode State Machine Task Thread Pool size 2
2024-08-15 03:37:07,941 [main] INFO  volume.HddsVolume (HddsVolume.java:<init>(127)) - Creating HddsVolume: /home/runner/work/ozone/ozone/hadoop-ozone/integration-test/target/test-dir/MiniOzoneClusterImpl-defbb36e-87e0-488b-866f-35c0fcf0d8c3/ozone-meta/datanode-3/data-0/hdds of storage type : DISK capacity : 9222449699674390527
2024-08-15 03:37:07,942 [main] INFO  volume.MutableVolumeSet (MutableVolumeSet.java:initializeVolumeSet(173)) - Added Volume : /home/runner/work/ozone/ozone/hadoop-ozone/integration-test/target/test-dir/MiniOzoneClusterImpl-defbb36e-87e0-488b-866f-35c0fcf0d8c3/ozone-meta/datanode-3/data-0/hdds to VolumeSet
2024-08-15 03:37:07,942 [main] INFO  volume.MutableVolumeSet (MutableVolumeSet.java:initializeVolumeSet(173)) - Added Volume : /home/runner/work/ozone/ozone/hadoop-ozone/integration-test/target/test-dir/MiniOzoneClusterImpl-defbb36e-87e0-488b-866f-35c0fcf0d8c3/ozone-meta/datanode-3/ratis to VolumeSet
2024-08-15 03:37:07,942 [main] INFO  ozoneimpl.OzoneContainer (HddsVolumeUtil.java:loadAllHddsVolumeDbStore(103)) - Load 1 volumes DbStore cost: 0ms
2024-08-15 03:37:07,944 [main] INFO  server.RaftServer (ConfUtils.java:logGet(46)) - raft.rpc.type = GRPC (default)
2024-08-15 03:37:07,944 [main] INFO  grpc.GrpcConfigKeys (ConfUtils.java:logFallback(53)) - raft.grpc.admin.host = null (fallback to raft.grpc.server.host)
2024-08-15 03:37:07,945 [main] INFO  grpc.GrpcConfigKeys (ConfUtils.java:logGet(46)) - raft.grpc.admin.port = 15240 (custom)
2024-08-15 03:37:07,945 [main] INFO  grpc.GrpcConfigKeys (ConfUtils.java:logFallback(53)) - raft.grpc.client.host = null (fallback to raft.grpc.server.host)
2024-08-15 03:37:07,945 [main] INFO  grpc.GrpcConfigKeys (ConfUtils.java:logGet(46)) - raft.grpc.client.port = 15240 (custom)
2024-08-15 03:37:07,945 [main] INFO  grpc.GrpcConfigKeys (ConfUtils.java:logGet(46)) - raft.grpc.server.host = null (default)
2024-08-15 03:37:07,945 [main] INFO  grpc.GrpcConfigKeys (ConfUtils.java:logGet(46)) - raft.grpc.server.port = 15240 (custom)
2024-08-15 03:37:07,945 [main] INFO  server.GrpcService (ConfUtils.java:logGet(46)) - raft.grpc.message.size.max = 32MB (=33554432) (custom)
2024-08-15 03:37:07,945 [main] INFO  server.RaftServerConfigKeys (ConfUtils.java:logGet(46)) - raft.server.log.appender.buffer.byte-limit = 8388608 (custom)
2024-08-15 03:37:07,945 [main] INFO  server.GrpcService (ConfUtils.java:logGet(46)) - raft.grpc.flow.control.window = 5MB (=5242880) (custom)
2024-08-15 03:37:07,945 [main] INFO  server.RaftServerConfigKeys (ConfUtils.java:logGet(46)) - raft.server.rpc.request.timeout = 60s (custom)
2024-08-15 03:37:07,945 [main] INFO  grpc.GrpcConfigKeys (ConfUtils.java:logGet(46)) - raft.grpc.server.heartbeat.channel = true (default)
2024-08-15 03:37:07,946 [main] INFO  grpc.GrpcConfigKeys (ConfUtils.java:logGet(46)) - raft.grpc.server.async.request.thread.pool.cached = true (default)
2024-08-15 03:37:07,946 [main] INFO  grpc.GrpcConfigKeys (ConfUtils.java:logGet(46)) - raft.grpc.server.async.request.thread.pool.size = 32 (default)
2024-08-15 03:37:07,947 [main] INFO  impl.DataStreamServerImpl (ConfUtils.java:logGet(46)) - raft.datastream.type = NETTY (custom)
2024-08-15 03:37:07,947 [main] INFO  server.RaftServerConfigKeys (ConfUtils.java:logGet(46)) - raft.server.data-stream.async.request.thread.pool.cached = false (default)
2024-08-15 03:37:07,947 [main] INFO  server.RaftServerConfigKeys (ConfUtils.java:logGet(46)) - raft.server.data-stream.async.request.thread.pool.size = 20 (custom)
2024-08-15 03:37:07,947 [main] INFO  server.RaftServerConfigKeys (ConfUtils.java:logGet(46)) - raft.server.data-stream.async.write.thread.pool.size = 16 (default)
2024-08-15 03:37:07,947 [main] INFO  netty.NettyConfigKeys$DataStream (ConfUtils.java:logGet(46)) - raft.netty.dataStream.server.channel.inactive.grace-period = 10min (default)
2024-08-15 03:37:07,947 [main] INFO  server.RaftServerConfigKeys (ConfUtils.java:logGet(46)) - raft.server.data-stream.client.pool.size = 10 (default)
2024-08-15 03:37:07,947 [main] INFO  netty.NettyConfigKeys$DataStream (ConfUtils.java:logGet(46)) - raft.netty.dataStream.server.use-epoll = true (default)
2024-08-15 03:37:07,948 [main] INFO  netty.NettyConfigKeys$DataStream (ConfUtils.java:logGet(46)) - raft.netty.dataStream.server.boss-group.size = 0 (default)
2024-08-15 03:37:07,948 [main] INFO  netty.NettyUtils (NettyUtils.java:newEventLoopGroup(74)) - Create EpollEventLoopGroup for cd98677a-ad7a-47a4-bd04-3d82e218dd7d-NettyServerStreamRpc-bossGroup; Thread size is 0.
2024-08-15 03:37:07,948 [main] INFO  netty.NettyConfigKeys$DataStream (ConfUtils.java:logGet(46)) - raft.netty.dataStream.server.worker-group.size = 0 (default)
2024-08-15 03:37:07,948 [main] INFO  netty.NettyUtils (NettyUtils.java:newEventLoopGroup(74)) - Create EpollEventLoopGroup for cd98677a-ad7a-47a4-bd04-3d82e218dd7d-NettyServerStreamRpc-workerGroup; Thread size is 0.
2024-08-15 03:37:07,949 [main] INFO  netty.NettyConfigKeys$DataStream (ConfUtils.java:logGet(46)) - raft.netty.dataStream.server.tls.conf = null (default)
2024-08-15 03:37:07,949 [main] INFO  netty.NettyConfigKeys$DataStream (ConfUtils.java:logGet(46)) - raft.netty.dataStream.host = null (default)
2024-08-15 03:37:07,949 [main] INFO  netty.NettyConfigKeys$DataStream (ConfUtils.java:logGet(46)) - raft.netty.dataStream.port = 15243 (custom)
2024-08-15 03:37:07,949 [main] INFO  server.RaftServerConfigKeys (ConfUtils.java:logGet(46)) - raft.server.sleep.deviation.threshold = 300ms (default)
2024-08-15 03:37:07,950 [main] INFO  server.RaftServerConfigKeys (ConfUtils.java:logGet(46)) - raft.server.close.threshold = 60s (default)
2024-08-15 03:37:07,950 [main] INFO  server.RaftServerConfigKeys (ConfUtils.java:logGet(46)) - raft.server.leaderelection.leader.step-down.wait-time = 10s (default)
2024-08-15 03:37:07,950 [main] INFO  server.RaftServerConfigKeys (ConfUtils.java:logGet(46)) - raft.server.storage.dir = [/home/runner/work/ozone/ozone/hadoop-ozone/integration-test/target/test-dir/MiniOzoneClusterImpl-defbb36e-87e0-488b-866f-35c0fcf0d8c3/ozone-meta/datanode-3/ratis] (custom)
2024-08-15 03:37:07,950 [main] INFO  server.RaftServerConfigKeys (ConfUtils.java:logGet(46)) - raft.server.threadpool.proxy.cached = true (default)
2024-08-15 03:37:07,950 [main] INFO  server.RaftServerConfigKeys (ConfUtils.java:logGet(46)) - raft.server.threadpool.proxy.size = 0 (default)
2024-08-15 03:37:07,951 [cd98677a-ad7a-47a4-bd04-3d82e218dd7d-NettyServerStreamRpc-bossGroup--thread1] INFO  logging.LoggingHandler (AbstractInternalLogger.java:log(148)) - [id: 0x7f9f0879] REGISTERED
2024-08-15 03:37:07,951 [cd98677a-ad7a-47a4-bd04-3d82e218dd7d-impl-thread1] INFO  server.RaftServer (RaftServerProxy.java:initGroupDir(266)) - cd98677a-ad7a-47a4-bd04-3d82e218dd7d: found a subdirectory /home/runner/work/ozone/ozone/hadoop-ozone/integration-test/target/test-dir/MiniOzoneClusterImpl-defbb36e-87e0-488b-866f-35c0fcf0d8c3/ozone-meta/datanode-3/ratis/tmp
2024-08-15 03:37:07,951 [cd98677a-ad7a-47a4-bd04-3d82e218dd7d-NettyServerStreamRpc-bossGroup--thread1] INFO  logging.LoggingHandler (AbstractInternalLogger.java:log(148)) - [id: 0x7f9f0879] BIND: 0.0.0.0/0.0.0.0:15243
2024-08-15 03:37:07,951 [cd98677a-ad7a-47a4-bd04-3d82e218dd7d-impl-thread1] INFO  server.RaftServer (RaftServerProxy.java:initGroupDir(271)) - cd98677a-ad7a-47a4-bd04-3d82e218dd7d: The directory /home/runner/work/ozone/ozone/hadoop-ozone/integration-test/target/test-dir/MiniOzoneClusterImpl-defbb36e-87e0-488b-866f-35c0fcf0d8c3/ozone-meta/datanode-3/ratis/tmp is not a group directory; ignoring it. 
2024-08-15 03:37:07,951 [cd98677a-ad7a-47a4-bd04-3d82e218dd7d-NettyServerStreamRpc-bossGroup--thread1] INFO  logging.LoggingHandler (AbstractInternalLogger.java:log(148)) - [id: 0x7f9f0879, L:/0.0.0.0:15243] ACTIVE
2024-08-15 03:37:07,951 [main] INFO  replication.ReplicationServer (ReplicationServer.java:<init>(86)) - Initializing replication server with thread count = 10 queue length = 4096
2024-08-15 03:37:07,952 [main] INFO  server.XceiverServerGrpc (XceiverServerGrpc.java:<init>(141)) - GrpcServer channel type EpollServerSocketChannel
2024-08-15 03:37:07,953 [main] INFO  replication.ReplicationSupervisor (ReplicationSupervisor.java:build(157)) - Initializing replication supervisor with thread count = 10
2024-08-15 03:37:07,953 [main] INFO  replication.ReplicationSupervisor (ReplicationSupervisor.java:nodeStateUpdated(312)) - Node state updated to IN_SERVICE, scaling executor pool size to 10
2024-08-15 03:37:07,955 [main] INFO  http.BaseHttpServer (BaseHttpServer.java:newHttpServer2BuilderForOzone(223)) - Starting Web-server for hddsDatanode at: http://0.0.0.0:15237
2024-08-15 03:37:07,955 [main] INFO  http.BaseHttpServer (BaseHttpServer.java:<init>(110)) - Hadoop Security Enabled: false Ozone Security Enabled: false Ozone HTTP Security Enabled: false 
2024-08-15 03:37:07,956 [main] WARN  server.AuthenticationFilter (AuthenticationFilter.java:constructSecretProvider(240)) - Unable to initialize FileSignerSecretProvider, falling back to use random secrets. Reason: Could not read signature secret file: /home/runner/hadoop-http-auth-signature-secret
2024-08-15 03:37:07,956 [main] INFO  http.HttpRequestLog (HttpRequestLog.java:getRequestLog(86)) - Http request log for http.requests.hddsDatanode is not defined
2024-08-15 03:37:07,957 [main] INFO  http.HttpServer2 (HttpServer2.java:addGlobalFilter(1035)) - Added global filter 'safety' (class=org.apache.hadoop.hdds.server.http.HttpServer2$QuotingInputFilter)
2024-08-15 03:37:07,957 [main] INFO  http.HttpServer2 (HttpServer2.java:addFilter(1011)) - Added filter static_user_filter (class=org.apache.hadoop.http.lib.StaticUserWebFilter$StaticUserFilter) to context hddsDatanode
2024-08-15 03:37:07,958 [main] INFO  http.HttpServer2 (HttpServer2.java:addFilter(1019)) - Added filter static_user_filter (class=org.apache.hadoop.http.lib.StaticUserWebFilter$StaticUserFilter) to context logs
2024-08-15 03:37:07,958 [main] INFO  http.HttpServer2 (HttpServer2.java:addFilter(1019)) - Added filter static_user_filter (class=org.apache.hadoop.http.lib.StaticUserWebFilter$StaticUserFilter) to context static
2024-08-15 03:37:07,958 [main] INFO  http.BaseHttpServer (BaseHttpServer.java:<init>(189)) - HTTP server of hddsDatanode uses base directory /home/runner/work/ozone/ozone/hadoop-ozone/integration-test/target/test-dir/MiniOzoneClusterImpl-defbb36e-87e0-488b-866f-35c0fcf0d8c3/ozone-meta/datanode-3/meta/webserver
2024-08-15 03:37:07,958 [main] INFO  http.HttpServer2 (HttpServer2.java:bindListener(1235)) - Jetty bound to port 15237
2024-08-15 03:37:07,959 [main] INFO  server.Server (Server.java:doStart(375)) - jetty-9.4.55.v20240627; built: 2024-06-27T15:05:37.765Z; git: 70015831e5195ba74da6383c4ab7c90c56bb08af; jvm 17.0.12+7
2024-08-15 03:37:07,961 [main] INFO  server.session (DefaultSessionIdManager.java:doStart(334)) - DefaultSessionIdManager workerName=node0
2024-08-15 03:37:07,961 [main] INFO  server.session (DefaultSessionIdManager.java:doStart(339)) - No SessionScavenger set, using defaults
2024-08-15 03:37:07,962 [main] INFO  server.session (HouseKeeper.java:startScavenging(132)) - node0 Scavenging every 660000ms
2024-08-15 03:37:07,962 [main] INFO  handler.ContextHandler (ContextHandler.java:doStart(921)) - Started o.e.j.s.ServletContextHandler@216b8aa8{logs,/logs,file:///home/runner/work/ozone/ozone/hadoop-ozone/integration-test/target/log,AVAILABLE}
2024-08-15 03:37:07,962 [main] INFO  handler.ContextHandler (ContextHandler.java:doStart(921)) - Started o.e.j.s.ServletContextHandler@10c0cf8d{static,/static,jar:file:/home/runner/work/ozone/ozone/hadoop-hdds/container-service/target/hdds-container-service-1.5.0-SNAPSHOT.jar!/webapps/static,AVAILABLE}
2024-08-15 03:37:08,151 [main] INFO  handler.ContextHandler (ContextHandler.java:doStart(921)) - Started o.e.j.w.WebAppContext@7d71285c{hddsDatanode,/,file:///home/runner/work/ozone/ozone/hadoop-ozone/integration-test/target/test-dir/MiniOzoneClusterImpl-defbb36e-87e0-488b-866f-35c0fcf0d8c3/ozone-meta/datanode-3/meta/webserver/jetty-0_0_0_0-15237-hdds-container-service-1_5_0-SNAPSHOT_jar-_-any-14646502947287597514/webapp/,AVAILABLE}{jar:file:/home/runner/work/ozone/ozone/hadoop-hdds/container-service/target/hdds-container-service-1.5.0-SNAPSHOT.jar!/webapps/hddsDatanode}
2024-08-15 03:37:08,152 [main] INFO  server.AbstractConnector (AbstractConnector.java:doStart(333)) - Started ServerConnector@678ee415{HTTP/1.1, (http/1.1)}{0.0.0.0:15237}
2024-08-15 03:37:08,152 [main] INFO  server.Server (Server.java:doStart(415)) - Started @115334ms
2024-08-15 03:37:08,152 [main] WARN  impl.MetricsSystemImpl (MetricsSystemImpl.java:register(279)) - Sink prometheus already exists!
2024-08-15 03:37:08,153 [main] INFO  http.BaseHttpServer (BaseHttpServer.java:updateConnectorAddress(354)) - HTTP server of hddsDatanode listening at http://0.0.0.0:15237
2024-08-15 03:37:08,153 [main] INFO  ipc.CallQueueManager (CallQueueManager.java:<init>(90)) - Using callQueue: class java.util.concurrent.LinkedBlockingQueue, queueCapacity: 1000, scheduler: class org.apache.hadoop.ipc.DefaultRpcScheduler, ipcBackoff: false.
2024-08-15 03:37:08,154 [main] INFO  ipc.Server (Server.java:<init>(1287)) - Listener at 0.0.0.0:15238
2024-08-15 03:37:08,154 [Socket Reader #1 for port 15238] INFO  ipc.Server (Server.java:run(1323)) - Starting Socket Reader #1 for port 15238
2024-08-15 03:37:08,154 [Socket Reader #2 for port 15238] INFO  ipc.Server (Server.java:run(1323)) - Starting Socket Reader #2 for port 15238
2024-08-15 03:37:08,154 [Socket Reader #3 for port 15238] INFO  ipc.Server (Server.java:run(1323)) - Starting Socket Reader #3 for port 15238
2024-08-15 03:37:08,154 [Socket Reader #4 for port 15238] INFO  ipc.Server (Server.java:run(1323)) - Starting Socket Reader #4 for port 15238
2024-08-15 03:37:08,155 [Socket Reader #5 for port 15238] INFO  ipc.Server (Server.java:run(1323)) - Starting Socket Reader #5 for port 15238
2024-08-15 03:37:08,155 [Socket Reader #7 for port 15238] INFO  ipc.Server (Server.java:run(1323)) - Starting Socket Reader #7 for port 15238
2024-08-15 03:37:08,155 [Socket Reader #6 for port 15238] INFO  ipc.Server (Server.java:run(1323)) - Starting Socket Reader #6 for port 15238
2024-08-15 03:37:08,155 [Socket Reader #8 for port 15238] INFO  ipc.Server (Server.java:run(1323)) - Starting Socket Reader #8 for port 15238
2024-08-15 03:37:08,155 [Socket Reader #9 for port 15238] INFO  ipc.Server (Server.java:run(1323)) - Starting Socket Reader #9 for port 15238
2024-08-15 03:37:08,155 [Socket Reader #10 for port 15238] INFO  ipc.Server (Server.java:run(1323)) - Starting Socket Reader #10 for port 15238
2024-08-15 03:37:08,157 [main] INFO  ozone.HddsDatanodeService (HddsDatanodeService.java:start(319)) - Datanode start with admins: [runner]
2024-08-15 03:37:08,157 [main] INFO  ozone.HddsDatanodeClientProtocolServer (HddsDatanodeClientProtocolServer.java:start(79)) - RPC server for Client /0.0.0.0:15238
2024-08-15 03:37:08,157 [IPC Server Responder] INFO  ipc.Server (Server.java:run(1562)) - IPC Server Responder: starting
2024-08-15 03:37:08,157 [IPC Server listener on 15238] INFO  ipc.Server (Server.java:run(1402)) - IPC Server listener on 15238: starting
2024-08-15 03:37:08,159 [main] INFO  ozone.MiniOzoneClusterImpl (MiniOzoneClusterImpl.java:lambda$waitForClusterToBeReady$0(198)) - Waiting for nodes to be ready. Got 0 of 3 DN Heartbeats.
2024-08-15 03:37:08,159 [main] INFO  ozone.MiniOzoneClusterImpl (MiniOzoneClusterImpl.java:lambda$waitForClusterToBeReady$0(201)) - Waiting for cluster to exit safe mode
2024-08-15 03:37:08,159 [main] INFO  ozone.MiniOzoneClusterImpl (MiniOzoneClusterImpl.java:lambda$waitForClusterToBeReady$0(203)) - SCM became leader
2024-08-15 03:37:08,159 [cd98677a-ad7a-47a4-bd04-3d82e218dd7d-DatanodeStateMachineDaemonThread] INFO  statemachine.DatanodeStateMachine (DatanodeStateMachine.java:startStateMachineThread(338)) - Ozone container server started.
2024-08-15 03:37:08,161 [cd98677a-ad7a-47a4-bd04-3d82e218dd7d-DatanodeStateMachineTaskThread-0] INFO  datanode.InitDatanodeState (InitDatanodeState.java:persistContainerDatanodeDetails(139)) - DatanodeDetails is persisted to /home/runner/work/ozone/ozone/hadoop-ozone/integration-test/target/test-dir/MiniOzoneClusterImpl-defbb36e-87e0-488b-866f-35c0fcf0d8c3/ozone-meta/datanode-3/meta/datanode.id
2024-08-15 03:37:08,591 [timer0] WARN  server.GrpcLogAppender (LogUtils.java:warn(121)) - 907a5cf8-c7bf-419c-bdc8-53ced37c9667@group-B148641E195B->39693bc1-2b3b-403f-9c28-f6e0ee832de7-AppendLogResponseHandler: Failed appendEntries (Repeated 2 times in the last 5.004s): org.apache.ratis.thirdparty.io.grpc.StatusRuntimeException: CANCELLED: RST_STREAM closed stream. HTTP/2 error code: CANCEL
2024-08-15 03:37:08,591 [timer7] WARN  server.GrpcLogAppender (GrpcLogAppender.java:lambda$resetClient$1(221)) - 907a5cf8-c7bf-419c-bdc8-53ced37c9667@group-B148641E195B->39693bc1-2b3b-403f-9c28-f6e0ee832de7-GrpcLogAppender: Follower failed (request=null, errorCount=2); keep nextIndex (25) unchanged and retry. (Repeated 2 times in the last 5.003s)
2024-08-15 03:37:08,600 [timer2] WARN  server.GrpcLogAppender (GrpcLogAppender.java:lambda$resetClient$1(221)) - 907a5cf8-c7bf-419c-bdc8-53ced37c9667@group-B148641E195B->4a3687c3-cdb1-4d28-8ca9-5132a044673c-GrpcLogAppender: Follower failed (request=null, errorCount=2); keep nextIndex (25) unchanged and retry. (Repeated 2 times in the last 4.999s)
2024-08-15 03:37:08,600 [timer1] WARN  server.GrpcLogAppender (LogUtils.java:warn(121)) - 907a5cf8-c7bf-419c-bdc8-53ced37c9667@group-B148641E195B->4a3687c3-cdb1-4d28-8ca9-5132a044673c-AppendLogResponseHandler: Failed appendEntries (Repeated 2 times in the last 4.999s): org.apache.ratis.thirdparty.io.grpc.StatusRuntimeException: CANCELLED: RST_STREAM closed stream. HTTP/2 error code: CANCEL
2024-08-15 03:37:09,159 [main] INFO  ozone.MiniOzoneClusterImpl (MiniOzoneClusterImpl.java:lambda$waitForClusterToBeReady$0(198)) - Waiting for nodes to be ready. Got 0 of 3 DN Heartbeats.
2024-08-15 03:37:09,160 [main] INFO  ozone.MiniOzoneClusterImpl (MiniOzoneClusterImpl.java:lambda$waitForClusterToBeReady$0(201)) - Waiting for cluster to exit safe mode
2024-08-15 03:37:09,160 [main] INFO  ozone.MiniOzoneClusterImpl (MiniOzoneClusterImpl.java:lambda$waitForClusterToBeReady$0(203)) - SCM became leader
2024-08-15 03:37:09,706 [ab869ec9-a1da-4eec-ae22-c3ca637d5862-EndpointStateMachineTaskThread-/0.0.0.0:15212-0 ] INFO  utils.DatanodeStoreCache (DatanodeStoreCache.java:addDB(72)) - Added db /home/runner/work/ozone/ozone/hadoop-ozone/integration-test/target/test-dir/MiniOzoneClusterImpl-defbb36e-87e0-488b-866f-35c0fcf0d8c3/ozone-meta/datanode-1/data-0/hdds/defbb36e-87e0-488b-866f-35c0fcf0d8c3/DS-3a7b2004-07eb-49e0-97d1-780caee36b8b/container.db to cache
2024-08-15 03:37:09,706 [ab869ec9-a1da-4eec-ae22-c3ca637d5862-EndpointStateMachineTaskThread-/0.0.0.0:15212-0 ] INFO  volume.HddsVolume (HddsVolume.java:createDbStore(429)) - SchemaV3 db is created and loaded at /home/runner/work/ozone/ozone/hadoop-ozone/integration-test/target/test-dir/MiniOzoneClusterImpl-defbb36e-87e0-488b-866f-35c0fcf0d8c3/ozone-meta/datanode-1/data-0/hdds/defbb36e-87e0-488b-866f-35c0fcf0d8c3/DS-3a7b2004-07eb-49e0-97d1-780caee36b8b/container.db for volume DS-3a7b2004-07eb-49e0-97d1-780caee36b8b
2024-08-15 03:37:09,708 [ab869ec9-a1da-4eec-ae22-c3ca637d5862-ContainerReader-0] INFO  ozoneimpl.ContainerReader (ContainerReader.java:readVolume(148)) - Start to verify containers on volume /home/runner/work/ozone/ozone/hadoop-ozone/integration-test/target/test-dir/MiniOzoneClusterImpl-defbb36e-87e0-488b-866f-35c0fcf0d8c3/ozone-meta/datanode-1/data-0/hdds
2024-08-15 03:37:09,708 [ab869ec9-a1da-4eec-ae22-c3ca637d5862-ContainerReader-0] INFO  ozoneimpl.ContainerReader (ContainerReader.java:readVolume(178)) - Finish verifying containers on volume /home/runner/work/ozone/ozone/hadoop-ozone/integration-test/target/test-dir/MiniOzoneClusterImpl-defbb36e-87e0-488b-866f-35c0fcf0d8c3/ozone-meta/datanode-1/data-0/hdds
2024-08-15 03:37:09,708 [ab869ec9-a1da-4eec-ae22-c3ca637d5862-EndpointStateMachineTaskThread-/0.0.0.0:15212-0 ] INFO  ozoneimpl.OzoneContainer (OzoneContainer.java:buildContainerSet(344)) - Build ContainerSet costs 0s
2024-08-15 03:37:09,708 [ab869ec9-a1da-4eec-ae22-c3ca637d5862-EndpointStateMachineTaskThread-/0.0.0.0:15212-0 ] INFO  volume.ThrottledAsyncChecker (ThrottledAsyncChecker.java:schedule(141)) - Scheduling a check for /home/runner/work/ozone/ozone/hadoop-ozone/integration-test/target/test-dir/MiniOzoneClusterImpl-defbb36e-87e0-488b-866f-35c0fcf0d8c3/ozone-meta/datanode-1/data-0/hdds
2024-08-15 03:37:09,709 [ab869ec9-a1da-4eec-ae22-c3ca637d5862-EndpointStateMachineTaskThread-/0.0.0.0:15212-0 ] INFO  volume.StorageVolumeChecker (StorageVolumeChecker.java:checkAllVolumes(218)) - Scheduled health check for volume /home/runner/work/ozone/ozone/hadoop-ozone/integration-test/target/test-dir/MiniOzoneClusterImpl-defbb36e-87e0-488b-866f-35c0fcf0d8c3/ozone-meta/datanode-1/data-0/hdds
2024-08-15 03:37:09,709 [ab869ec9-a1da-4eec-ae22-c3ca637d5862-EndpointStateMachineTaskThread-/0.0.0.0:15212-0 ] INFO  volume.ThrottledAsyncChecker (ThrottledAsyncChecker.java:schedule(141)) - Scheduling a check for /home/runner/work/ozone/ozone/hadoop-ozone/integration-test/target/test-dir/MiniOzoneClusterImpl-defbb36e-87e0-488b-866f-35c0fcf0d8c3/ozone-meta/datanode-1/ratis
2024-08-15 03:37:09,710 [ab869ec9-a1da-4eec-ae22-c3ca637d5862-EndpointStateMachineTaskThread-/0.0.0.0:15212-0 ] INFO  volume.StorageVolumeChecker (StorageVolumeChecker.java:checkAllVolumes(218)) - Scheduled health check for volume /home/runner/work/ozone/ozone/hadoop-ozone/integration-test/target/test-dir/MiniOzoneClusterImpl-defbb36e-87e0-488b-866f-35c0fcf0d8c3/ozone-meta/datanode-1/ratis
2024-08-15 03:37:09,710 [ab869ec9-a1da-4eec-ae22-c3ca637d5862-EndpointStateMachineTaskThread-/0.0.0.0:15212-0 ] INFO  ozoneimpl.OzoneContainer (OzoneContainer.java:start(475)) - Attempting to start container services.
2024-08-15 03:37:09,711 [ContainerMetadataScanner] INFO  ozoneimpl.AbstractBackgroundContainerScanner (AbstractBackgroundContainerScanner.java:runIteration(87)) - Completed an iteration in 0 minutes. Number of iterations (since the data-node restart) : 1, Number of containers scanned in this iteration : 0, Number of unhealthy containers found in this iteration : 0
2024-08-15 03:37:09,711 [ContainerDataScanner(/home/runner/work/ozone/ozone/hadoop-ozone/integration-test/target/test-dir/MiniOzoneClusterImpl-defbb36e-87e0-488b-866f-35c0fcf0d8c3/ozone-meta/datanode-1/data-0/hdds)] INFO  ozoneimpl.AbstractBackgroundContainerScanner (AbstractBackgroundContainerScanner.java:runIteration(87)) - Completed an iteration in 0 minutes. Number of iterations (since the data-node restart) : 1, Number of containers scanned in this iteration : 0, Number of unhealthy containers found in this iteration : 0
2024-08-15 03:37:09,711 [ab869ec9-a1da-4eec-ae22-c3ca637d5862-EndpointStateMachineTaskThread-/0.0.0.0:15212-0 ] INFO  replication.ReplicationServer (ReplicationServer.java:start(140)) - ReplicationServer is started using port 15226
2024-08-15 03:37:09,711 [ab869ec9-a1da-4eec-ae22-c3ca637d5862-EndpointStateMachineTaskThread-/0.0.0.0:15212-0 ] INFO  ratis.XceiverServerRatis (XceiverServerRatis.java:start(562)) - Starting XceiverServerRatis ab869ec9-a1da-4eec-ae22-c3ca637d5862
2024-08-15 03:37:09,712 [ab869ec9-a1da-4eec-ae22-c3ca637d5862-EndpointStateMachineTaskThread-/0.0.0.0:15212-0 ] INFO  server.RaftServer (RaftServerProxy.java:startImpl(408)) - ab869ec9-a1da-4eec-ae22-c3ca637d5862: start RPC server
2024-08-15 03:37:09,713 [ab869ec9-a1da-4eec-ae22-c3ca637d5862-EndpointStateMachineTaskThread-/0.0.0.0:15212-0 ] INFO  server.GrpcService (GrpcService.java:startImpl(302)) - ab869ec9-a1da-4eec-ae22-c3ca637d5862: GrpcService started, listening on 15222
2024-08-15 03:37:09,713 [ab869ec9-a1da-4eec-ae22-c3ca637d5862-EndpointStateMachineTaskThread-/0.0.0.0:15212-0 ] INFO  ratis.XceiverServerRatis (XceiverServerRatis.java:getRealPort(588)) - XceiverServerRatis ab869ec9-a1da-4eec-ae22-c3ca637d5862 is started using port 15222 for RATIS
2024-08-15 03:37:09,713 [ab869ec9-a1da-4eec-ae22-c3ca637d5862-EndpointStateMachineTaskThread-/0.0.0.0:15212-0 ] INFO  ratis.XceiverServerRatis (XceiverServerRatis.java:getRealPort(588)) - XceiverServerRatis ab869ec9-a1da-4eec-ae22-c3ca637d5862 is started using port 15222 for RATIS_ADMIN
2024-08-15 03:37:09,713 [ab869ec9-a1da-4eec-ae22-c3ca637d5862-EndpointStateMachineTaskThread-/0.0.0.0:15212-0 ] INFO  ratis.XceiverServerRatis (XceiverServerRatis.java:getRealPort(588)) - XceiverServerRatis ab869ec9-a1da-4eec-ae22-c3ca637d5862 is started using port 15222 for RATIS_SERVER
2024-08-15 03:37:09,713 [ab869ec9-a1da-4eec-ae22-c3ca637d5862-EndpointStateMachineTaskThread-/0.0.0.0:15212-0 ] INFO  ratis.XceiverServerRatis (XceiverServerRatis.java:getRealPort(588)) - XceiverServerRatis ab869ec9-a1da-4eec-ae22-c3ca637d5862 is started using port 15225 for RATIS_DATASTREAM
2024-08-15 03:37:09,713 [JvmPauseMonitor32] INFO  util.JvmPauseMonitor (JvmPauseMonitor.java:run(146)) - JvmPauseMonitor-ab869ec9-a1da-4eec-ae22-c3ca637d5862: Started
2024-08-15 03:37:09,714 [ab869ec9-a1da-4eec-ae22-c3ca637d5862-BlockDeletingService#0] INFO  interfaces.ContainerDeletionChoosingPolicyTemplate (ContainerDeletionChoosingPolicyTemplate.java:chooseContainerForBlockDeletion(85)) - Chosen 0/5000 blocks from 0 candidate containers.
2024-08-15 03:37:09,962 [398215a5-964b-4dc4-b31b-bbd09ffd15fb-EndpointStateMachineTaskThread-/0.0.0.0:15212-0 ] INFO  utils.DatanodeStoreCache (DatanodeStoreCache.java:addDB(72)) - Added db /home/runner/work/ozone/ozone/hadoop-ozone/integration-test/target/test-dir/MiniOzoneClusterImpl-defbb36e-87e0-488b-866f-35c0fcf0d8c3/ozone-meta/datanode-2/data-0/hdds/defbb36e-87e0-488b-866f-35c0fcf0d8c3/DS-224e1d76-715b-417a-a515-a5225693622d/container.db to cache
2024-08-15 03:37:09,962 [398215a5-964b-4dc4-b31b-bbd09ffd15fb-EndpointStateMachineTaskThread-/0.0.0.0:15212-0 ] INFO  volume.HddsVolume (HddsVolume.java:createDbStore(429)) - SchemaV3 db is created and loaded at /home/runner/work/ozone/ozone/hadoop-ozone/integration-test/target/test-dir/MiniOzoneClusterImpl-defbb36e-87e0-488b-866f-35c0fcf0d8c3/ozone-meta/datanode-2/data-0/hdds/defbb36e-87e0-488b-866f-35c0fcf0d8c3/DS-224e1d76-715b-417a-a515-a5225693622d/container.db for volume DS-224e1d76-715b-417a-a515-a5225693622d
2024-08-15 03:37:09,964 [398215a5-964b-4dc4-b31b-bbd09ffd15fb-ContainerReader-0] INFO  ozoneimpl.ContainerReader (ContainerReader.java:readVolume(148)) - Start to verify containers on volume /home/runner/work/ozone/ozone/hadoop-ozone/integration-test/target/test-dir/MiniOzoneClusterImpl-defbb36e-87e0-488b-866f-35c0fcf0d8c3/ozone-meta/datanode-2/data-0/hdds
2024-08-15 03:37:09,964 [398215a5-964b-4dc4-b31b-bbd09ffd15fb-ContainerReader-0] INFO  ozoneimpl.ContainerReader (ContainerReader.java:readVolume(178)) - Finish verifying containers on volume /home/runner/work/ozone/ozone/hadoop-ozone/integration-test/target/test-dir/MiniOzoneClusterImpl-defbb36e-87e0-488b-866f-35c0fcf0d8c3/ozone-meta/datanode-2/data-0/hdds
2024-08-15 03:37:09,964 [398215a5-964b-4dc4-b31b-bbd09ffd15fb-EndpointStateMachineTaskThread-/0.0.0.0:15212-0 ] INFO  ozoneimpl.OzoneContainer (OzoneContainer.java:buildContainerSet(344)) - Build ContainerSet costs 0s
2024-08-15 03:37:09,964 [398215a5-964b-4dc4-b31b-bbd09ffd15fb-EndpointStateMachineTaskThread-/0.0.0.0:15212-0 ] INFO  volume.ThrottledAsyncChecker (ThrottledAsyncChecker.java:schedule(141)) - Scheduling a check for /home/runner/work/ozone/ozone/hadoop-ozone/integration-test/target/test-dir/MiniOzoneClusterImpl-defbb36e-87e0-488b-866f-35c0fcf0d8c3/ozone-meta/datanode-2/data-0/hdds
2024-08-15 03:37:09,965 [398215a5-964b-4dc4-b31b-bbd09ffd15fb-EndpointStateMachineTaskThread-/0.0.0.0:15212-0 ] INFO  volume.StorageVolumeChecker (StorageVolumeChecker.java:checkAllVolumes(218)) - Scheduled health check for volume /home/runner/work/ozone/ozone/hadoop-ozone/integration-test/target/test-dir/MiniOzoneClusterImpl-defbb36e-87e0-488b-866f-35c0fcf0d8c3/ozone-meta/datanode-2/data-0/hdds
2024-08-15 03:37:09,966 [398215a5-964b-4dc4-b31b-bbd09ffd15fb-EndpointStateMachineTaskThread-/0.0.0.0:15212-0 ] INFO  volume.ThrottledAsyncChecker (ThrottledAsyncChecker.java:schedule(141)) - Scheduling a check for /home/runner/work/ozone/ozone/hadoop-ozone/integration-test/target/test-dir/MiniOzoneClusterImpl-defbb36e-87e0-488b-866f-35c0fcf0d8c3/ozone-meta/datanode-2/ratis
2024-08-15 03:37:09,966 [398215a5-964b-4dc4-b31b-bbd09ffd15fb-EndpointStateMachineTaskThread-/0.0.0.0:15212-0 ] INFO  volume.StorageVolumeChecker (StorageVolumeChecker.java:checkAllVolumes(218)) - Scheduled health check for volume /home/runner/work/ozone/ozone/hadoop-ozone/integration-test/target/test-dir/MiniOzoneClusterImpl-defbb36e-87e0-488b-866f-35c0fcf0d8c3/ozone-meta/datanode-2/ratis
2024-08-15 03:37:09,967 [398215a5-964b-4dc4-b31b-bbd09ffd15fb-EndpointStateMachineTaskThread-/0.0.0.0:15212-0 ] INFO  ozoneimpl.OzoneContainer (OzoneContainer.java:start(475)) - Attempting to start container services.
2024-08-15 03:37:09,967 [398215a5-964b-4dc4-b31b-bbd09ffd15fb-EndpointStateMachineTaskThread-/0.0.0.0:15212-0 ] WARN  ozoneimpl.OnDemandContainerDataScanner (OnDemandContainerDataScanner.java:init(75)) - Trying to initialize on demand scanner a second time on a datanode.
2024-08-15 03:37:09,967 [ContainerMetadataScanner] INFO  ozoneimpl.AbstractBackgroundContainerScanner (AbstractBackgroundContainerScanner.java:runIteration(87)) - Completed an iteration in 0 minutes. Number of iterations (since the data-node restart) : 1, Number of containers scanned in this iteration : 0, Number of unhealthy containers found in this iteration : 0
2024-08-15 03:37:09,968 [ContainerDataScanner(/home/runner/work/ozone/ozone/hadoop-ozone/integration-test/target/test-dir/MiniOzoneClusterImpl-defbb36e-87e0-488b-866f-35c0fcf0d8c3/ozone-meta/datanode-2/data-0/hdds)] INFO  ozoneimpl.AbstractBackgroundContainerScanner (AbstractBackgroundContainerScanner.java:runIteration(87)) - Completed an iteration in 0 minutes. Number of iterations (since the data-node restart) : 1, Number of containers scanned in this iteration : 0, Number of unhealthy containers found in this iteration : 0
2024-08-15 03:37:09,968 [398215a5-964b-4dc4-b31b-bbd09ffd15fb-EndpointStateMachineTaskThread-/0.0.0.0:15212-0 ] INFO  replication.ReplicationServer (ReplicationServer.java:start(140)) - ReplicationServer is started using port 15235
2024-08-15 03:37:09,968 [398215a5-964b-4dc4-b31b-bbd09ffd15fb-EndpointStateMachineTaskThread-/0.0.0.0:15212-0 ] INFO  ratis.XceiverServerRatis (XceiverServerRatis.java:start(562)) - Starting XceiverServerRatis 398215a5-964b-4dc4-b31b-bbd09ffd15fb
2024-08-15 03:37:09,969 [398215a5-964b-4dc4-b31b-bbd09ffd15fb-EndpointStateMachineTaskThread-/0.0.0.0:15212-0 ] INFO  server.RaftServer (RaftServerProxy.java:startImpl(408)) - 398215a5-964b-4dc4-b31b-bbd09ffd15fb: start RPC server
2024-08-15 03:37:09,969 [398215a5-964b-4dc4-b31b-bbd09ffd15fb-EndpointStateMachineTaskThread-/0.0.0.0:15212-0 ] INFO  server.GrpcService (GrpcService.java:startImpl(302)) - 398215a5-964b-4dc4-b31b-bbd09ffd15fb: GrpcService started, listening on 15231
2024-08-15 03:37:09,969 [398215a5-964b-4dc4-b31b-bbd09ffd15fb-EndpointStateMachineTaskThread-/0.0.0.0:15212-0 ] INFO  ratis.XceiverServerRatis (XceiverServerRatis.java:getRealPort(588)) - XceiverServerRatis 398215a5-964b-4dc4-b31b-bbd09ffd15fb is started using port 15231 for RATIS
2024-08-15 03:37:09,969 [398215a5-964b-4dc4-b31b-bbd09ffd15fb-EndpointStateMachineTaskThread-/0.0.0.0:15212-0 ] INFO  ratis.XceiverServerRatis (XceiverServerRatis.java:getRealPort(588)) - XceiverServerRatis 398215a5-964b-4dc4-b31b-bbd09ffd15fb is started using port 15231 for RATIS_ADMIN
2024-08-15 03:37:09,969 [398215a5-964b-4dc4-b31b-bbd09ffd15fb-EndpointStateMachineTaskThread-/0.0.0.0:15212-0 ] INFO  ratis.XceiverServerRatis (XceiverServerRatis.java:getRealPort(588)) - XceiverServerRatis 398215a5-964b-4dc4-b31b-bbd09ffd15fb is started using port 15231 for RATIS_SERVER
2024-08-15 03:37:09,969 [398215a5-964b-4dc4-b31b-bbd09ffd15fb-EndpointStateMachineTaskThread-/0.0.0.0:15212-0 ] INFO  ratis.XceiverServerRatis (XceiverServerRatis.java:getRealPort(588)) - XceiverServerRatis 398215a5-964b-4dc4-b31b-bbd09ffd15fb is started using port 15234 for RATIS_DATASTREAM
2024-08-15 03:37:09,969 [JvmPauseMonitor33] INFO  util.JvmPauseMonitor (JvmPauseMonitor.java:run(146)) - JvmPauseMonitor-398215a5-964b-4dc4-b31b-bbd09ffd15fb: Started
2024-08-15 03:37:09,971 [398215a5-964b-4dc4-b31b-bbd09ffd15fb-BlockDeletingService#0] INFO  interfaces.ContainerDeletionChoosingPolicyTemplate (ContainerDeletionChoosingPolicyTemplate.java:chooseContainerForBlockDeletion(85)) - Chosen 0/5000 blocks from 0 candidate containers.
2024-08-15 03:37:10,160 [main] INFO  ozone.MiniOzoneClusterImpl (MiniOzoneClusterImpl.java:lambda$waitForClusterToBeReady$0(198)) - Waiting for nodes to be ready. Got 0 of 3 DN Heartbeats.
2024-08-15 03:37:10,160 [main] INFO  ozone.MiniOzoneClusterImpl (MiniOzoneClusterImpl.java:lambda$waitForClusterToBeReady$0(201)) - Waiting for cluster to exit safe mode
2024-08-15 03:37:10,160 [main] INFO  ozone.MiniOzoneClusterImpl (MiniOzoneClusterImpl.java:lambda$waitForClusterToBeReady$0(203)) - SCM became leader
2024-08-15 03:37:10,186 [cd98677a-ad7a-47a4-bd04-3d82e218dd7d-EndpointStateMachineTaskThread-/0.0.0.0:15212-0 ] INFO  utils.DatanodeStoreCache (DatanodeStoreCache.java:addDB(72)) - Added db /home/runner/work/ozone/ozone/hadoop-ozone/integration-test/target/test-dir/MiniOzoneClusterImpl-defbb36e-87e0-488b-866f-35c0fcf0d8c3/ozone-meta/datanode-3/data-0/hdds/defbb36e-87e0-488b-866f-35c0fcf0d8c3/DS-aec31391-b144-4d29-a907-5acaf863188c/container.db to cache
2024-08-15 03:37:10,186 [cd98677a-ad7a-47a4-bd04-3d82e218dd7d-EndpointStateMachineTaskThread-/0.0.0.0:15212-0 ] INFO  volume.HddsVolume (HddsVolume.java:createDbStore(429)) - SchemaV3 db is created and loaded at /home/runner/work/ozone/ozone/hadoop-ozone/integration-test/target/test-dir/MiniOzoneClusterImpl-defbb36e-87e0-488b-866f-35c0fcf0d8c3/ozone-meta/datanode-3/data-0/hdds/defbb36e-87e0-488b-866f-35c0fcf0d8c3/DS-aec31391-b144-4d29-a907-5acaf863188c/container.db for volume DS-aec31391-b144-4d29-a907-5acaf863188c
2024-08-15 03:37:10,188 [cd98677a-ad7a-47a4-bd04-3d82e218dd7d-ContainerReader-0] INFO  ozoneimpl.ContainerReader (ContainerReader.java:readVolume(148)) - Start to verify containers on volume /home/runner/work/ozone/ozone/hadoop-ozone/integration-test/target/test-dir/MiniOzoneClusterImpl-defbb36e-87e0-488b-866f-35c0fcf0d8c3/ozone-meta/datanode-3/data-0/hdds
2024-08-15 03:37:10,188 [cd98677a-ad7a-47a4-bd04-3d82e218dd7d-ContainerReader-0] INFO  ozoneimpl.ContainerReader (ContainerReader.java:readVolume(178)) - Finish verifying containers on volume /home/runner/work/ozone/ozone/hadoop-ozone/integration-test/target/test-dir/MiniOzoneClusterImpl-defbb36e-87e0-488b-866f-35c0fcf0d8c3/ozone-meta/datanode-3/data-0/hdds
2024-08-15 03:37:10,188 [cd98677a-ad7a-47a4-bd04-3d82e218dd7d-EndpointStateMachineTaskThread-/0.0.0.0:15212-0 ] INFO  ozoneimpl.OzoneContainer (OzoneContainer.java:buildContainerSet(344)) - Build ContainerSet costs 0s
2024-08-15 03:37:10,188 [cd98677a-ad7a-47a4-bd04-3d82e218dd7d-EndpointStateMachineTaskThread-/0.0.0.0:15212-0 ] INFO  volume.ThrottledAsyncChecker (ThrottledAsyncChecker.java:schedule(141)) - Scheduling a check for /home/runner/work/ozone/ozone/hadoop-ozone/integration-test/target/test-dir/MiniOzoneClusterImpl-defbb36e-87e0-488b-866f-35c0fcf0d8c3/ozone-meta/datanode-3/data-0/hdds
2024-08-15 03:37:10,189 [cd98677a-ad7a-47a4-bd04-3d82e218dd7d-EndpointStateMachineTaskThread-/0.0.0.0:15212-0 ] INFO  volume.StorageVolumeChecker (StorageVolumeChecker.java:checkAllVolumes(218)) - Scheduled health check for volume /home/runner/work/ozone/ozone/hadoop-ozone/integration-test/target/test-dir/MiniOzoneClusterImpl-defbb36e-87e0-488b-866f-35c0fcf0d8c3/ozone-meta/datanode-3/data-0/hdds
2024-08-15 03:37:10,189 [cd98677a-ad7a-47a4-bd04-3d82e218dd7d-EndpointStateMachineTaskThread-/0.0.0.0:15212-0 ] INFO  volume.ThrottledAsyncChecker (ThrottledAsyncChecker.java:schedule(141)) - Scheduling a check for /home/runner/work/ozone/ozone/hadoop-ozone/integration-test/target/test-dir/MiniOzoneClusterImpl-defbb36e-87e0-488b-866f-35c0fcf0d8c3/ozone-meta/datanode-3/ratis
2024-08-15 03:37:10,190 [cd98677a-ad7a-47a4-bd04-3d82e218dd7d-EndpointStateMachineTaskThread-/0.0.0.0:15212-0 ] INFO  volume.StorageVolumeChecker (StorageVolumeChecker.java:checkAllVolumes(218)) - Scheduled health check for volume /home/runner/work/ozone/ozone/hadoop-ozone/integration-test/target/test-dir/MiniOzoneClusterImpl-defbb36e-87e0-488b-866f-35c0fcf0d8c3/ozone-meta/datanode-3/ratis
2024-08-15 03:37:10,190 [cd98677a-ad7a-47a4-bd04-3d82e218dd7d-EndpointStateMachineTaskThread-/0.0.0.0:15212-0 ] INFO  ozoneimpl.OzoneContainer (OzoneContainer.java:start(475)) - Attempting to start container services.
2024-08-15 03:37:10,191 [cd98677a-ad7a-47a4-bd04-3d82e218dd7d-EndpointStateMachineTaskThread-/0.0.0.0:15212-0 ] WARN  ozoneimpl.OnDemandContainerDataScanner (OnDemandContainerDataScanner.java:init(75)) - Trying to initialize on demand scanner a second time on a datanode.
2024-08-15 03:37:10,191 [ContainerMetadataScanner] INFO  ozoneimpl.AbstractBackgroundContainerScanner (AbstractBackgroundContainerScanner.java:runIteration(87)) - Completed an iteration in 0 minutes. Number of iterations (since the data-node restart) : 1, Number of containers scanned in this iteration : 0, Number of unhealthy containers found in this iteration : 0
2024-08-15 03:37:10,192 [ContainerDataScanner(/home/runner/work/ozone/ozone/hadoop-ozone/integration-test/target/test-dir/MiniOzoneClusterImpl-defbb36e-87e0-488b-866f-35c0fcf0d8c3/ozone-meta/datanode-3/data-0/hdds)] INFO  ozoneimpl.AbstractBackgroundContainerScanner (AbstractBackgroundContainerScanner.java:runIteration(87)) - Completed an iteration in 0 minutes. Number of iterations (since the data-node restart) : 1, Number of containers scanned in this iteration : 0, Number of unhealthy containers found in this iteration : 0
2024-08-15 03:37:10,192 [cd98677a-ad7a-47a4-bd04-3d82e218dd7d-EndpointStateMachineTaskThread-/0.0.0.0:15212-0 ] INFO  replication.ReplicationServer (ReplicationServer.java:start(140)) - ReplicationServer is started using port 15244
2024-08-15 03:37:10,192 [cd98677a-ad7a-47a4-bd04-3d82e218dd7d-EndpointStateMachineTaskThread-/0.0.0.0:15212-0 ] INFO  ratis.XceiverServerRatis (XceiverServerRatis.java:start(562)) - Starting XceiverServerRatis cd98677a-ad7a-47a4-bd04-3d82e218dd7d
2024-08-15 03:37:10,193 [cd98677a-ad7a-47a4-bd04-3d82e218dd7d-EndpointStateMachineTaskThread-/0.0.0.0:15212-0 ] INFO  server.RaftServer (RaftServerProxy.java:startImpl(408)) - cd98677a-ad7a-47a4-bd04-3d82e218dd7d: start RPC server
2024-08-15 03:37:10,193 [cd98677a-ad7a-47a4-bd04-3d82e218dd7d-EndpointStateMachineTaskThread-/0.0.0.0:15212-0 ] INFO  server.GrpcService (GrpcService.java:startImpl(302)) - cd98677a-ad7a-47a4-bd04-3d82e218dd7d: GrpcService started, listening on 15240
2024-08-15 03:37:10,194 [cd98677a-ad7a-47a4-bd04-3d82e218dd7d-EndpointStateMachineTaskThread-/0.0.0.0:15212-0 ] INFO  ratis.XceiverServerRatis (XceiverServerRatis.java:getRealPort(588)) - XceiverServerRatis cd98677a-ad7a-47a4-bd04-3d82e218dd7d is started using port 15240 for RATIS
2024-08-15 03:37:10,194 [cd98677a-ad7a-47a4-bd04-3d82e218dd7d-EndpointStateMachineTaskThread-/0.0.0.0:15212-0 ] INFO  ratis.XceiverServerRatis (XceiverServerRatis.java:getRealPort(588)) - XceiverServerRatis cd98677a-ad7a-47a4-bd04-3d82e218dd7d is started using port 15240 for RATIS_ADMIN
2024-08-15 03:37:10,194 [JvmPauseMonitor34] INFO  util.JvmPauseMonitor (JvmPauseMonitor.java:run(146)) - JvmPauseMonitor-cd98677a-ad7a-47a4-bd04-3d82e218dd7d: Started
2024-08-15 03:37:10,194 [cd98677a-ad7a-47a4-bd04-3d82e218dd7d-EndpointStateMachineTaskThread-/0.0.0.0:15212-0 ] INFO  ratis.XceiverServerRatis (XceiverServerRatis.java:getRealPort(588)) - XceiverServerRatis cd98677a-ad7a-47a4-bd04-3d82e218dd7d is started using port 15240 for RATIS_SERVER
2024-08-15 03:37:10,194 [cd98677a-ad7a-47a4-bd04-3d82e218dd7d-EndpointStateMachineTaskThread-/0.0.0.0:15212-0 ] INFO  ratis.XceiverServerRatis (XceiverServerRatis.java:getRealPort(588)) - XceiverServerRatis cd98677a-ad7a-47a4-bd04-3d82e218dd7d is started using port 15243 for RATIS_DATASTREAM
2024-08-15 03:37:10,199 [cd98677a-ad7a-47a4-bd04-3d82e218dd7d-BlockDeletingService#0] INFO  interfaces.ContainerDeletionChoosingPolicyTemplate (ContainerDeletionChoosingPolicyTemplate.java:chooseContainerForBlockDeletion(85)) - Chosen 0/5000 blocks from 0 candidate containers.
2024-08-15 03:37:11,160 [main] INFO  ozone.MiniOzoneClusterImpl (MiniOzoneClusterImpl.java:lambda$waitForClusterToBeReady$0(198)) - Waiting for nodes to be ready. Got 0 of 3 DN Heartbeats.
2024-08-15 03:37:11,161 [main] INFO  ozone.MiniOzoneClusterImpl (MiniOzoneClusterImpl.java:lambda$waitForClusterToBeReady$0(201)) - Waiting for cluster to exit safe mode
2024-08-15 03:37:11,161 [main] INFO  ozone.MiniOzoneClusterImpl (MiniOzoneClusterImpl.java:lambda$waitForClusterToBeReady$0(203)) - SCM became leader
2024-08-15 03:37:11,679 [IPC Server handler 2 on default port 15212] INFO  net.NetworkTopologyImpl (NetworkTopologyImpl.java:add(134)) - Added a new node: /default-rack/ab869ec9-a1da-4eec-ae22-c3ca637d5862
2024-08-15 03:37:11,680 [IPC Server handler 2 on default port 15212] INFO  node.SCMNodeManager (SCMNodeManager.java:register(422)) - Registered datanode: ab869ec9-a1da-4eec-ae22-c3ca637d5862{ip: 127.0.0.1, host: localhost, ports: [HTTP=15219, CLIENT_RPC=15220, REPLICATION=15226, RATIS=15222, RATIS_ADMIN=15222, RATIS_SERVER=15222, RATIS_DATASTREAM=15225, STANDALONE=15221], networkLocation: /default-rack, certSerialId: null, persistedOpState: null, persistedOpStateExpiryEpochSec: 0}
2024-08-15 03:37:11,680 [EventQueue-NewNodeForNewNodeHandler] INFO  pipeline.BackgroundPipelineCreator (BackgroundPipelineCreator.java:notifyEventTriggered(280)) - trigger a one-shot run on RatisPipelineUtilsThread.
2024-08-15 03:37:11,680 [EventQueue-NodeRegistrationContainerReportForContainerSafeModeRule] INFO  safemode.SCMSafeModeManager (SCMSafeModeManager.java:validateSafeModeExitRules(203)) - ContainerSafeModeRule rule is successfully validated
2024-08-15 03:37:11,680 [EventQueue-NodeRegistrationContainerReportForDataNodeSafeModeRule] INFO  safemode.SCMSafeModeManager (DataNodeSafeModeRule.java:process(71)) - SCM in safe mode. 1 DataNodes registered, 3 required.
2024-08-15 03:37:11,681 [RatisPipelineUtilsThread-0] INFO  pipeline.RatisPipelineProvider (RatisPipelineProvider.java:lambda$create$0(205)) - Sending CreatePipelineCommand for pipeline:PipelineID=81259ae6-8402-4a92-af7c-0be793329e8f to datanode:ab869ec9-a1da-4eec-ae22-c3ca637d5862
2024-08-15 03:37:11,681 [EventQueue-PipelineReportForOneReplicaPipelineSafeModeRule] INFO  safemode.SCMSafeModeManager (SCMSafeModeManager.java:validateSafeModeExitRules(203)) - AtleastOneDatanodeReportedRule rule is successfully validated
2024-08-15 03:37:11,682 [RatisPipelineUtilsThread-0] INFO  pipeline.BackgroundPipelineCreator (BackgroundPipelineCreator.java:createPipelines(236)) - Created new pipeline Pipeline[ Id: 81259ae6-8402-4a92-af7c-0be793329e8f, Nodes: ab869ec9-a1da-4eec-ae22-c3ca637d5862(localhost/127.0.0.1) ReplicaIndex: 0, ReplicationConfig: RATIS/ONE, State:ALLOCATED, leaderId:, CreationTimestamp2024-08-15T03:37:11.681078843Z[Etc/UTC]]
2024-08-15 03:37:11,937 [IPC Server handler 1 on default port 15212] INFO  net.NetworkTopologyImpl (NetworkTopologyImpl.java:add(134)) - Added a new node: /default-rack/398215a5-964b-4dc4-b31b-bbd09ffd15fb
2024-08-15 03:37:11,937 [IPC Server handler 1 on default port 15212] INFO  node.SCMNodeManager (SCMNodeManager.java:register(422)) - Registered datanode: 398215a5-964b-4dc4-b31b-bbd09ffd15fb{ip: 127.0.0.1, host: localhost, ports: [HTTP=15228, CLIENT_RPC=15229, REPLICATION=15235, RATIS=15231, RATIS_ADMIN=15231, RATIS_SERVER=15231, RATIS_DATASTREAM=15234, STANDALONE=15230], networkLocation: /default-rack, certSerialId: null, persistedOpState: null, persistedOpStateExpiryEpochSec: 0}
2024-08-15 03:37:11,938 [EventQueue-NewNodeForNewNodeHandler] INFO  pipeline.BackgroundPipelineCreator (BackgroundPipelineCreator.java:notifyEventTriggered(280)) - trigger a one-shot run on RatisPipelineUtilsThread.
2024-08-15 03:37:11,938 [EventQueue-NodeRegistrationContainerReportForDataNodeSafeModeRule] INFO  safemode.SCMSafeModeManager (DataNodeSafeModeRule.java:process(71)) - SCM in safe mode. 2 DataNodes registered, 3 required.
2024-08-15 03:37:11,938 [RatisPipelineUtilsThread-0] INFO  pipeline.RatisPipelineProvider (RatisPipelineProvider.java:lambda$create$0(205)) - Sending CreatePipelineCommand for pipeline:PipelineID=71919664-45a2-4a4a-8b84-0c51423862fc to datanode:398215a5-964b-4dc4-b31b-bbd09ffd15fb
2024-08-15 03:37:11,939 [RatisPipelineUtilsThread-0] INFO  pipeline.BackgroundPipelineCreator (BackgroundPipelineCreator.java:createPipelines(236)) - Created new pipeline Pipeline[ Id: 71919664-45a2-4a4a-8b84-0c51423862fc, Nodes: 398215a5-964b-4dc4-b31b-bbd09ffd15fb(localhost/127.0.0.1) ReplicaIndex: 0, ReplicationConfig: RATIS/ONE, State:ALLOCATED, leaderId:, CreationTimestamp2024-08-15T03:37:11.938551174Z[Etc/UTC]]
2024-08-15 03:37:12,160 [IPC Server handler 0 on default port 15212] INFO  net.NetworkTopologyImpl (NetworkTopologyImpl.java:add(134)) - Added a new node: /default-rack/cd98677a-ad7a-47a4-bd04-3d82e218dd7d
2024-08-15 03:37:12,161 [IPC Server handler 0 on default port 15212] INFO  node.SCMNodeManager (SCMNodeManager.java:register(422)) - Registered datanode: cd98677a-ad7a-47a4-bd04-3d82e218dd7d{ip: 127.0.0.1, host: localhost, ports: [HTTP=15237, CLIENT_RPC=15238, REPLICATION=15244, RATIS=15240, RATIS_ADMIN=15240, RATIS_SERVER=15240, RATIS_DATASTREAM=15243, STANDALONE=15239], networkLocation: /default-rack, certSerialId: null, persistedOpState: null, persistedOpStateExpiryEpochSec: 0}
2024-08-15 03:37:12,161 [EventQueue-NewNodeForNewNodeHandler] INFO  pipeline.BackgroundPipelineCreator (BackgroundPipelineCreator.java:notifyEventTriggered(280)) - trigger a one-shot run on RatisPipelineUtilsThread.
2024-08-15 03:37:12,161 [main] INFO  ozone.MiniOzoneClusterImpl (MiniOzoneClusterImpl.java:lambda$waitForClusterToBeReady$0(198)) - Nodes are ready. Got 3 of 3 DN Heartbeats.
2024-08-15 03:37:12,161 [main] INFO  ozone.MiniOzoneClusterImpl (MiniOzoneClusterImpl.java:lambda$waitForClusterToBeReady$0(201)) - Waiting for cluster to exit safe mode
2024-08-15 03:37:12,161 [main] INFO  ozone.MiniOzoneClusterImpl (MiniOzoneClusterImpl.java:lambda$waitForClusterToBeReady$0(203)) - SCM became leader
2024-08-15 03:37:12,161 [EventQueue-NodeRegistrationContainerReportForDataNodeSafeModeRule] INFO  safemode.SCMSafeModeManager (DataNodeSafeModeRule.java:process(71)) - SCM in safe mode. 3 DataNodes registered, 3 required.
2024-08-15 03:37:12,162 [EventQueue-NodeRegistrationContainerReportForDataNodeSafeModeRule] INFO  safemode.SCMSafeModeManager (SCMSafeModeManager.java:validateSafeModeExitRules(203)) - DataNodeSafeModeRule rule is successfully validated
2024-08-15 03:37:12,162 [EventQueue-NodeRegistrationContainerReportForDataNodeSafeModeRule] INFO  safemode.SCMSafeModeManager (SCMSafeModeManager.java:completePreCheck(232)) - All SCM safe mode pre check rules have passed
2024-08-15 03:37:12,162 [EventQueue-NodeRegistrationContainerReportForDataNodeSafeModeRule] INFO  ha.SCMContext (SCMContext.java:updateSafeModeStatus(225)) - Update SafeModeStatus from SafeModeStatus{safeModeStatus=true, preCheckPassed=false} to SafeModeStatus{safeModeStatus=true, preCheckPassed=true}.
2024-08-15 03:37:12,162 [EventQueue-NodeRegistrationContainerReportForDataNodeSafeModeRule] INFO  pipeline.BackgroundPipelineCreator (BackgroundPipelineCreator.java:notifyEventTriggered(280)) - trigger a one-shot run on RatisPipelineUtilsThread.
2024-08-15 03:37:12,161 [RatisPipelineUtilsThread-0] INFO  pipeline.RatisPipelineProvider (RatisPipelineProvider.java:lambda$create$0(205)) - Sending CreatePipelineCommand for pipeline:PipelineID=dcdc3d78-d5b1-4ebb-86e4-6e3b6d850c69 to datanode:cd98677a-ad7a-47a4-bd04-3d82e218dd7d
2024-08-15 03:37:12,163 [RatisPipelineUtilsThread-0] INFO  pipeline.BackgroundPipelineCreator (BackgroundPipelineCreator.java:createPipelines(236)) - Created new pipeline Pipeline[ Id: dcdc3d78-d5b1-4ebb-86e4-6e3b6d850c69, Nodes: cd98677a-ad7a-47a4-bd04-3d82e218dd7d(localhost/127.0.0.1) ReplicaIndex: 0, ReplicationConfig: RATIS/ONE, State:ALLOCATED, leaderId:, CreationTimestamp2024-08-15T03:37:12.161735633Z[Etc/UTC]]
2024-08-15 03:37:12,163 [RatisPipelineUtilsThread-0] INFO  pipeline.RatisPipelineProvider (RatisPipelineProvider.java:lambda$create$0(205)) - Sending CreatePipelineCommand for pipeline:PipelineID=06141354-55e8-4f53-bb23-7632133483e8 to datanode:ab869ec9-a1da-4eec-ae22-c3ca637d5862
2024-08-15 03:37:12,163 [RatisPipelineUtilsThread-0] INFO  pipeline.RatisPipelineProvider (RatisPipelineProvider.java:lambda$create$0(205)) - Sending CreatePipelineCommand for pipeline:PipelineID=06141354-55e8-4f53-bb23-7632133483e8 to datanode:cd98677a-ad7a-47a4-bd04-3d82e218dd7d
2024-08-15 03:37:12,163 [RatisPipelineUtilsThread-0] INFO  pipeline.RatisPipelineProvider (RatisPipelineProvider.java:lambda$create$0(205)) - Sending CreatePipelineCommand for pipeline:PipelineID=06141354-55e8-4f53-bb23-7632133483e8 to datanode:398215a5-964b-4dc4-b31b-bbd09ffd15fb
2024-08-15 03:37:12,164 [RatisPipelineUtilsThread-0] INFO  pipeline.BackgroundPipelineCreator (BackgroundPipelineCreator.java:createPipelines(236)) - Created new pipeline Pipeline[ Id: 06141354-55e8-4f53-bb23-7632133483e8, Nodes: ab869ec9-a1da-4eec-ae22-c3ca637d5862(localhost/127.0.0.1) ReplicaIndex: 0cd98677a-ad7a-47a4-bd04-3d82e218dd7d(localhost/127.0.0.1) ReplicaIndex: 0398215a5-964b-4dc4-b31b-bbd09ffd15fb(localhost/127.0.0.1) ReplicaIndex: 0, ReplicationConfig: RATIS/THREE, State:ALLOCATED, leaderId:, CreationTimestamp2024-08-15T03:37:12.163567128Z[Etc/UTC]]
2024-08-15 03:37:12,164 [RatisPipelineUtilsThread-0] INFO  pipeline.RatisPipelineProvider (RatisPipelineProvider.java:lambda$create$0(205)) - Sending CreatePipelineCommand for pipeline:PipelineID=542b0424-40cf-456c-9ad4-89cef1657fb2 to datanode:398215a5-964b-4dc4-b31b-bbd09ffd15fb
2024-08-15 03:37:12,164 [RatisPipelineUtilsThread-0] INFO  pipeline.RatisPipelineProvider (RatisPipelineProvider.java:lambda$create$0(205)) - Sending CreatePipelineCommand for pipeline:PipelineID=542b0424-40cf-456c-9ad4-89cef1657fb2 to datanode:cd98677a-ad7a-47a4-bd04-3d82e218dd7d
2024-08-15 03:37:12,164 [RatisPipelineUtilsThread-0] INFO  pipeline.RatisPipelineProvider (RatisPipelineProvider.java:lambda$create$0(205)) - Sending CreatePipelineCommand for pipeline:PipelineID=542b0424-40cf-456c-9ad4-89cef1657fb2 to datanode:ab869ec9-a1da-4eec-ae22-c3ca637d5862
2024-08-15 03:37:12,165 [RatisPipelineUtilsThread-0] INFO  pipeline.PipelineManagerImpl (PipelineManagerImpl.java:recordMetricsForPipeline(916)) - Pipeline: PipelineID=542b0424-40cf-456c-9ad4-89cef1657fb2 contains same datanodes as previous pipelines: PipelineID=06141354-55e8-4f53-bb23-7632133483e8 nodeIds: 398215a5-964b-4dc4-b31b-bbd09ffd15fb, cd98677a-ad7a-47a4-bd04-3d82e218dd7d, ab869ec9-a1da-4eec-ae22-c3ca637d5862
2024-08-15 03:37:12,165 [RatisPipelineUtilsThread-0] INFO  pipeline.BackgroundPipelineCreator (BackgroundPipelineCreator.java:createPipelines(236)) - Created new pipeline Pipeline[ Id: 542b0424-40cf-456c-9ad4-89cef1657fb2, Nodes: 398215a5-964b-4dc4-b31b-bbd09ffd15fb(localhost/127.0.0.1) ReplicaIndex: 0cd98677a-ad7a-47a4-bd04-3d82e218dd7d(localhost/127.0.0.1) ReplicaIndex: 0ab869ec9-a1da-4eec-ae22-c3ca637d5862(localhost/127.0.0.1) ReplicaIndex: 0, ReplicationConfig: RATIS/THREE, State:ALLOCATED, leaderId:, CreationTimestamp2024-08-15T03:37:12.164610535Z[Etc/UTC]]
2024-08-15 03:37:13,162 [main] INFO  ozone.MiniOzoneClusterImpl (MiniOzoneClusterImpl.java:lambda$waitForClusterToBeReady$0(198)) - Nodes are ready. Got 3 of 3 DN Heartbeats.
2024-08-15 03:37:13,162 [main] INFO  ozone.MiniOzoneClusterImpl (MiniOzoneClusterImpl.java:lambda$waitForClusterToBeReady$0(201)) - Waiting for cluster to exit safe mode
2024-08-15 03:37:13,162 [main] INFO  ozone.MiniOzoneClusterImpl (MiniOzoneClusterImpl.java:lambda$waitForClusterToBeReady$0(203)) - SCM became leader
2024-08-15 03:37:14,162 [main] INFO  ozone.MiniOzoneClusterImpl (MiniOzoneClusterImpl.java:lambda$waitForClusterToBeReady$0(198)) - Nodes are ready. Got 3 of 3 DN Heartbeats.
2024-08-15 03:37:14,162 [main] INFO  ozone.MiniOzoneClusterImpl (MiniOzoneClusterImpl.java:lambda$waitForClusterToBeReady$0(201)) - Waiting for cluster to exit safe mode
2024-08-15 03:37:14,162 [main] INFO  ozone.MiniOzoneClusterImpl (MiniOzoneClusterImpl.java:lambda$waitForClusterToBeReady$0(203)) - SCM became leader
2024-08-15 03:37:14,679 [ab869ec9-a1da-4eec-ae22-c3ca637d5862-PipelineCommandHandlerThread-0] INFO  server.RaftServer (RaftServerProxy.java:addNew(101)) - ab869ec9-a1da-4eec-ae22-c3ca637d5862: addNew group-0BE793329E8F:[ab869ec9-a1da-4eec-ae22-c3ca637d5862|127.0.0.1:15222] returns group-0BE793329E8F:java.util.concurrent.CompletableFuture@61547695[Not completed]
2024-08-15 03:37:14,681 [ab869ec9-a1da-4eec-ae22-c3ca637d5862-groupManagement] INFO  server.RaftServer$Division (RaftServerImpl.java:<init>(253)) - ab869ec9-a1da-4eec-ae22-c3ca637d5862: new RaftServerImpl for group-0BE793329E8F:[ab869ec9-a1da-4eec-ae22-c3ca637d5862|127.0.0.1:15222] with ContainerStateMachine:uninitialized
2024-08-15 03:37:14,681 [ab869ec9-a1da-4eec-ae22-c3ca637d5862-groupManagement] INFO  server.RaftServerConfigKeys (ConfUtils.java:logGet(46)) - raft.server.rpc.timeout.min = 5s (custom)
2024-08-15 03:37:14,681 [ab869ec9-a1da-4eec-ae22-c3ca637d5862-groupManagement] INFO  server.RaftServerConfigKeys (ConfUtils.java:logGet(46)) - raft.server.rpc.timeout.max = 5200ms (custom)
2024-08-15 03:37:14,681 [ab869ec9-a1da-4eec-ae22-c3ca637d5862-groupManagement] INFO  server.RaftServerConfigKeys (ConfUtils.java:logGet(46)) - raft.server.rpc.sleep.time = 25ms (default)
2024-08-15 03:37:14,681 [ab869ec9-a1da-4eec-ae22-c3ca637d5862-groupManagement] INFO  server.RaftServerConfigKeys (ConfUtils.java:logGet(46)) - raft.server.rpc.slowness.timeout = 300s (custom)
2024-08-15 03:37:14,681 [ab869ec9-a1da-4eec-ae22-c3ca637d5862-groupManagement] INFO  server.RaftServerConfigKeys (ConfUtils.java:logGet(46)) - raft.server.leaderelection.leader.step-down.wait-time = 10s (default)
2024-08-15 03:37:14,681 [ab869ec9-a1da-4eec-ae22-c3ca637d5862-groupManagement] INFO  server.RaftServerConfigKeys (ConfUtils.java:logGet(46)) - raft.server.leaderelection.member.majority-add = false (default)
2024-08-15 03:37:14,681 [ab869ec9-a1da-4eec-ae22-c3ca637d5862-groupManagement] INFO  server.RaftServerConfigKeys (ConfUtils.java:logGet(46)) - raft.server.sleep.deviation.threshold = 300ms (default)
2024-08-15 03:37:14,681 [ab869ec9-a1da-4eec-ae22-c3ca637d5862-groupManagement] INFO  server.RaftServer$Division (ServerState.java:<init>(114)) - ab869ec9-a1da-4eec-ae22-c3ca637d5862@group-0BE793329E8F: ConfigurationManager, init=conf: {index: -1, cur=peers:[ab869ec9-a1da-4eec-ae22-c3ca637d5862|127.0.0.1:15222]|listeners:[], old=null}, confs=<EMPTY_MAP>
2024-08-15 03:37:14,681 [ab869ec9-a1da-4eec-ae22-c3ca637d5862-groupManagement] INFO  server.RaftServerConfigKeys (ConfUtils.java:logGet(46)) - raft.server.notification.no-leader.timeout = 300s (custom)
2024-08-15 03:37:14,681 [ab869ec9-a1da-4eec-ae22-c3ca637d5862-groupManagement] INFO  server.RaftServerConfigKeys (ConfUtils.java:logGet(46)) - raft.server.read.timeout = 10s (default)
2024-08-15 03:37:14,681 [ab869ec9-a1da-4eec-ae22-c3ca637d5862-groupManagement] INFO  server.RaftServerConfigKeys (ConfUtils.java:logGet(46)) - raft.server.retrycache.expirytime = 600000ms (custom)
2024-08-15 03:37:14,681 [ab869ec9-a1da-4eec-ae22-c3ca637d5862-groupManagement] INFO  server.RaftServerConfigKeys (ConfUtils.java:logGet(46)) - raft.server.retrycache.statistics.expirytime = 100ms (default)
2024-08-15 03:37:14,681 [ab869ec9-a1da-4eec-ae22-c3ca637d5862-groupManagement] INFO  server.RaftServerConfigKeys (ConfUtils.java:logGet(46)) - raft.server.read.option = DEFAULT (default)
2024-08-15 03:37:14,682 [ab869ec9-a1da-4eec-ae22-c3ca637d5862-groupManagement] INFO  server.RaftServerConfigKeys (ConfUtils.java:logGet(46)) - raft.server.read.read-after-write-consistent.write-index-cache.expiry-time = 60s (default)
2024-08-15 03:37:14,682 [ab869ec9-a1da-4eec-ae22-c3ca637d5862-groupManagement] INFO  server.RaftServerConfigKeys (ConfUtils.java:logGet(46)) - raft.server.rpc.request.timeout = 60s (custom)
2024-08-15 03:37:14,683 [ab869ec9-a1da-4eec-ae22-c3ca637d5862-groupManagement] INFO  server.RaftServerConfigKeys (ConfUtils.java:logGet(46)) - raft.server.log.appender.install.snapshot.enabled = false (custom)
2024-08-15 03:37:14,683 [ab869ec9-a1da-4eec-ae22-c3ca637d5862-groupManagement] INFO  server.RaftServerConfigKeys (ConfUtils.java:logGet(46)) - raft.server.threadpool.server.cached = true (default)
2024-08-15 03:37:14,683 [ab869ec9-a1da-4eec-ae22-c3ca637d5862-groupManagement] INFO  server.RaftServerConfigKeys (ConfUtils.java:logGet(46)) - raft.server.threadpool.server.size = 0 (default)
2024-08-15 03:37:14,683 [ab869ec9-a1da-4eec-ae22-c3ca637d5862-groupManagement] INFO  server.RaftServerConfigKeys (ConfUtils.java:logGet(46)) - raft.server.threadpool.client.cached = true (default)
2024-08-15 03:37:14,683 [ab869ec9-a1da-4eec-ae22-c3ca637d5862-groupManagement] INFO  server.RaftServerConfigKeys (ConfUtils.java:logGet(46)) - raft.server.threadpool.client.size = 0 (default)
2024-08-15 03:37:14,683 [ab869ec9-a1da-4eec-ae22-c3ca637d5862-groupManagement] INFO  server.RaftServerConfigKeys (ConfUtils.java:logGet(46)) - raft.server.storage.free-space.min = 0MB (=0) (default)
2024-08-15 03:37:14,683 [ab869ec9-a1da-4eec-ae22-c3ca637d5862-groupManagement] INFO  server.RaftServerConfigKeys (ConfUtils.java:logGet(46)) - raft.server.log.corruption.policy = EXCEPTION (default)
2024-08-15 03:37:14,683 [ab869ec9-a1da-4eec-ae22-c3ca637d5862-groupManagement] INFO  server.RaftServerConfigKeys (ConfUtils.java:logGet(46)) - raft.server.storage.dir = [/home/runner/work/ozone/ozone/hadoop-ozone/integration-test/target/test-dir/MiniOzoneClusterImpl-defbb36e-87e0-488b-866f-35c0fcf0d8c3/ozone-meta/datanode-1/ratis] (custom)
2024-08-15 03:37:14,683 [ab869ec9-a1da-4eec-ae22-c3ca637d5862-groupManagement] INFO  storage.RaftStorageDirectory (RaftStorageDirectoryImpl.java:analyzeStorage(138)) - The storage directory /home/runner/work/ozone/ozone/hadoop-ozone/integration-test/target/test-dir/MiniOzoneClusterImpl-defbb36e-87e0-488b-866f-35c0fcf0d8c3/ozone-meta/datanode-1/ratis/81259ae6-8402-4a92-af7c-0be793329e8f does not exist. Creating ...
2024-08-15 03:37:14,684 [ab869ec9-a1da-4eec-ae22-c3ca637d5862-groupManagement] INFO  storage.RaftStorageDirectory (RaftStorageDirectoryImpl.java:tryLock(229)) - Lock on /home/runner/work/ozone/ozone/hadoop-ozone/integration-test/target/test-dir/MiniOzoneClusterImpl-defbb36e-87e0-488b-866f-35c0fcf0d8c3/ozone-meta/datanode-1/ratis/81259ae6-8402-4a92-af7c-0be793329e8f/in_use.lock acquired by nodename 2891@fv-az1015-460
2024-08-15 03:37:14,685 [ab869ec9-a1da-4eec-ae22-c3ca637d5862-groupManagement] INFO  storage.RaftStorage (RaftStorageImpl.java:format(98)) - Storage directory /home/runner/work/ozone/ozone/hadoop-ozone/integration-test/target/test-dir/MiniOzoneClusterImpl-defbb36e-87e0-488b-866f-35c0fcf0d8c3/ozone-meta/datanode-1/ratis/81259ae6-8402-4a92-af7c-0be793329e8f has been successfully formatted.
2024-08-15 03:37:14,685 [ab869ec9-a1da-4eec-ae22-c3ca637d5862-groupManagement] INFO  ratis.ContainerStateMachine (ContainerStateMachine.java:loadSnapshot(295)) - group-0BE793329E8F: The snapshot info is null. Setting the last applied index to:(t:0, i:~)
2024-08-15 03:37:14,686 [ab869ec9-a1da-4eec-ae22-c3ca637d5862-groupManagement] INFO  server.RaftServerConfigKeys (ConfUtils.java:logGet(46)) - raft.server.log.use.memory = false (default)
2024-08-15 03:37:14,686 [ab869ec9-a1da-4eec-ae22-c3ca637d5862-groupManagement] INFO  server.RaftServerConfigKeys (ConfUtils.java:logGet(46)) - raft.server.log.purge.gap = 1000000 (custom)
2024-08-15 03:37:14,686 [ab869ec9-a1da-4eec-ae22-c3ca637d5862-groupManagement] INFO  server.RaftServerConfigKeys (ConfUtils.java:logGet(46)) - raft.server.log.appender.buffer.byte-limit = 8388608 (custom)
2024-08-15 03:37:14,686 [ab869ec9-a1da-4eec-ae22-c3ca637d5862-groupManagement] INFO  server.RaftServerConfigKeys (ConfUtils.java:logGet(46)) - raft.server.log.statemachine.data.read.timeout = 1000ms (default)
2024-08-15 03:37:14,686 [ab869ec9-a1da-4eec-ae22-c3ca637d5862-groupManagement] INFO  server.RaftServerConfigKeys (ConfUtils.java:logGet(46)) - raft.server.log.purge.preservation.log.num = 0 (default)
2024-08-15 03:37:14,686 [ab869ec9-a1da-4eec-ae22-c3ca637d5862-groupManagement] INFO  server.RaftServerConfigKeys (ConfUtils.java:logGet(46)) - raft.server.log.segment.size.max = 67108864 (custom)
2024-08-15 03:37:14,687 [ab869ec9-a1da-4eec-ae22-c3ca637d5862-groupManagement] INFO  server.RaftServerConfigKeys (ConfUtils.java:logGet(46)) - raft.server.log.segment.cache.num.max = 2 (custom)
2024-08-15 03:37:14,687 [ab869ec9-a1da-4eec-ae22-c3ca637d5862-groupManagement] INFO  server.RaftServerConfigKeys (ConfUtils.java:logGet(46)) - raft.server.log.segment.cache.size.max = 200MB (=209715200) (default)
2024-08-15 03:37:14,687 [ab869ec9-a1da-4eec-ae22-c3ca637d5862-groupManagement] INFO  server.RaftServerConfigKeys (ConfUtils.java:logGet(46)) - raft.server.log.appender.buffer.byte-limit = 8388608 (custom)
2024-08-15 03:37:14,687 [ab869ec9-a1da-4eec-ae22-c3ca637d5862-groupManagement] INFO  util.AwaitToRun (AwaitToRun.java:start(81)) - Thread[ab869ec9-a1da-4eec-ae22-c3ca637d5862@group-0BE793329E8F-cacheEviction-AwaitToRun,5,main] started
2024-08-15 03:37:14,687 [ab869ec9-a1da-4eec-ae22-c3ca637d5862-groupManagement] INFO  segmented.SegmentedRaftLogWorker (SegmentedRaftLogWorker.java:<init>(184)) - new ab869ec9-a1da-4eec-ae22-c3ca637d5862@group-0BE793329E8F-SegmentedRaftLogWorker for RaftStorageImpl:Storage Directory /home/runner/work/ozone/ozone/hadoop-ozone/integration-test/target/test-dir/MiniOzoneClusterImpl-defbb36e-87e0-488b-866f-35c0fcf0d8c3/ozone-meta/datanode-1/ratis/81259ae6-8402-4a92-af7c-0be793329e8f
2024-08-15 03:37:14,687 [ab869ec9-a1da-4eec-ae22-c3ca637d5862-groupManagement] INFO  server.RaftServerConfigKeys (ConfUtils.java:logGet(46)) - raft.server.log.queue.byte-limit = 4294967296 (custom)
2024-08-15 03:37:14,687 [EventQueue-PipelineReportForPipelineReportHandler] INFO  pipeline.PipelineReportHandler (PipelineReportHandler.java:processPipelineReport(136)) - Opened pipeline PipelineID=81259ae6-8402-4a92-af7c-0be793329e8f
2024-08-15 03:37:14,688 [ab869ec9-a1da-4eec-ae22-c3ca637d5862-groupManagement] INFO  server.RaftServerConfigKeys (ConfUtils.java:logGet(46)) - raft.server.log.queue.element-limit = 1024 (custom)
2024-08-15 03:37:14,688 [ab869ec9-a1da-4eec-ae22-c3ca637d5862-groupManagement] INFO  server.RaftServerConfigKeys (ConfUtils.java:logGet(46)) - raft.server.log.segment.size.max = 67108864 (custom)
2024-08-15 03:37:14,688 [ab869ec9-a1da-4eec-ae22-c3ca637d5862-groupManagement] INFO  server.RaftServerConfigKeys (ConfUtils.java:logGet(46)) - raft.server.log.preallocated.size = 4194304 (custom)
2024-08-15 03:37:14,688 [ab869ec9-a1da-4eec-ae22-c3ca637d5862-groupManagement] INFO  server.RaftServerConfigKeys (ConfUtils.java:logGet(46)) - raft.server.log.force.sync.num = 128 (default)
2024-08-15 03:37:14,688 [ab869ec9-a1da-4eec-ae22-c3ca637d5862-groupManagement] INFO  server.RaftServerConfigKeys (ConfUtils.java:logGet(46)) - raft.server.log.statemachine.data.sync = true (default)
2024-08-15 03:37:14,688 [ab869ec9-a1da-4eec-ae22-c3ca637d5862-groupManagement] INFO  server.RaftServerConfigKeys (ConfUtils.java:logGet(46)) - raft.server.log.statemachine.data.sync.timeout = 10s (default)
2024-08-15 03:37:14,688 [ab869ec9-a1da-4eec-ae22-c3ca637d5862-groupManagement] INFO  server.RaftServerConfigKeys (ConfUtils.java:logGet(46)) - raft.server.log.statemachine.data.sync.timeout.retry = 30 (custom)
2024-08-15 03:37:14,688 [ab869ec9-a1da-4eec-ae22-c3ca637d5862-groupManagement] INFO  server.RaftServerConfigKeys (ConfUtils.java:logGet(46)) - raft.server.log.write.buffer.size = 8388616 (custom)
2024-08-15 03:37:14,690 [ab869ec9-a1da-4eec-ae22-c3ca637d5862-groupManagement] INFO  server.RaftServerConfigKeys (ConfUtils.java:logGet(46)) - raft.server.log.appender.buffer.byte-limit = 8388608 (custom)
2024-08-15 03:37:14,690 [ab869ec9-a1da-4eec-ae22-c3ca637d5862-groupManagement] INFO  server.RaftServerConfigKeys (ConfUtils.java:logGet(46)) - raft.server.log.unsafe-flush.enabled = false (default)
2024-08-15 03:37:14,690 [ab869ec9-a1da-4eec-ae22-c3ca637d5862-groupManagement] INFO  server.RaftServerConfigKeys (ConfUtils.java:logGet(46)) - raft.server.log.async-flush.enabled = false (default)
2024-08-15 03:37:14,690 [ab869ec9-a1da-4eec-ae22-c3ca637d5862-groupManagement] INFO  server.RaftServerConfigKeys (ConfUtils.java:logGet(46)) - raft.server.log.statemachine.data.caching.enabled = true (custom)
2024-08-15 03:37:14,690 [ab869ec9-a1da-4eec-ae22-c3ca637d5862-groupManagement] INFO  segmented.SegmentedRaftLogWorker (SegmentedRaftLogWorker.java:lambda$new$0(135)) - ab869ec9-a1da-4eec-ae22-c3ca637d5862@group-0BE793329E8F-SegmentedRaftLogWorker: flushIndex: setUnconditionally 0 -> -1
2024-08-15 03:37:14,690 [ab869ec9-a1da-4eec-ae22-c3ca637d5862-groupManagement] INFO  segmented.SegmentedRaftLogWorker (SegmentedRaftLogWorker.java:lambda$new$0(135)) - ab869ec9-a1da-4eec-ae22-c3ca637d5862@group-0BE793329E8F-SegmentedRaftLogWorker: safeCacheEvictIndex: setUnconditionally 0 -> -1
2024-08-15 03:37:14,690 [EventQueue-OpenPipelineForHealthyPipelineSafeModeRule] INFO  safemode.SCMSafeModeManager (HealthyPipelineSafeModeRule.java:process(140)) - SCM in safe mode. Healthy pipelines reported count is 0, required healthy pipeline reported count is 1
2024-08-15 03:37:14,690 [ab869ec9-a1da-4eec-ae22-c3ca637d5862-groupManagement] INFO  server.RaftServer$Division (RaftServerImpl.java:start(389)) - ab869ec9-a1da-4eec-ae22-c3ca637d5862@group-0BE793329E8F: start as a follower, conf=conf: {index: -1, cur=peers:[ab869ec9-a1da-4eec-ae22-c3ca637d5862|127.0.0.1:15222]|listeners:[], old=null}
2024-08-15 03:37:14,691 [ab869ec9-a1da-4eec-ae22-c3ca637d5862-groupManagement] INFO  server.RaftServer$Division (RaftServerImpl.java:setRole(376)) - ab869ec9-a1da-4eec-ae22-c3ca637d5862@group-0BE793329E8F: changes role from      null to FOLLOWER at term 0 for startAsFollower
2024-08-15 03:37:14,691 [ab869ec9-a1da-4eec-ae22-c3ca637d5862-groupManagement] INFO  impl.RoleInfo (RoleInfo.java:updateAndGet(148)) - ab869ec9-a1da-4eec-ae22-c3ca637d5862: start ab869ec9-a1da-4eec-ae22-c3ca637d5862@group-0BE793329E8F-FollowerState
2024-08-15 03:37:14,691 [ab869ec9-a1da-4eec-ae22-c3ca637d5862-groupManagement] INFO  util.JmxRegister (JmxRegister.java:tryRegister(44)) - Successfully registered JMX Bean with object name Ratis:service=RaftServer,group=group-0BE793329E8F,id=ab869ec9-a1da-4eec-ae22-c3ca637d5862
2024-08-15 03:37:14,691 [ab869ec9-a1da-4eec-ae22-c3ca637d5862-groupManagement] INFO  util.JmxRegister (JmxRegister.java:register(58)) - register mxBean class org.apache.ratis.server.impl.RaftServerJmxAdapter as Ratis:service=RaftServer,group=group-0BE793329E8F,id=ab869ec9-a1da-4eec-ae22-c3ca637d5862
2024-08-15 03:37:14,691 [ab869ec9-a1da-4eec-ae22-c3ca637d5862-groupManagement] INFO  server.RaftServerConfigKeys (ConfUtils.java:logGet(46)) - raft.server.snapshot.trigger-when-stop.enabled = true (default)
2024-08-15 03:37:14,691 [ab869ec9-a1da-4eec-ae22-c3ca637d5862-groupManagement] INFO  server.RaftServerConfigKeys (ConfUtils.java:logGet(46)) - raft.server.snapshot.trigger-when-remove.enabled = true (default)
2024-08-15 03:37:14,691 [ab869ec9-a1da-4eec-ae22-c3ca637d5862-groupManagement] INFO  server.RaftServerConfigKeys (ConfUtils.java:logGet(46)) - raft.server.snapshot.auto.trigger.enabled = true (custom)
2024-08-15 03:37:14,691 [ab869ec9-a1da-4eec-ae22-c3ca637d5862-groupManagement] INFO  server.RaftServerConfigKeys (ConfUtils.java:logGet(46)) - raft.server.snapshot.auto.trigger.threshold = 10000 (custom)
2024-08-15 03:37:14,691 [ab869ec9-a1da-4eec-ae22-c3ca637d5862@group-0BE793329E8F-FollowerState] INFO  server.RaftServerConfigKeys (ConfUtils.java:logFallback(53)) - raft.server.rpc.first-election.timeout.min = 5s (fallback to raft.server.rpc.timeout.min)
2024-08-15 03:37:14,691 [ab869ec9-a1da-4eec-ae22-c3ca637d5862-groupManagement] INFO  server.RaftServerConfigKeys (ConfUtils.java:logGet(46)) - raft.server.snapshot.retention.file.num = 5 (custom)
2024-08-15 03:37:14,691 [ab869ec9-a1da-4eec-ae22-c3ca637d5862-groupManagement] INFO  server.RaftServerConfigKeys (ConfUtils.java:logGet(46)) - raft.server.log.purge.upto.snapshot.index = false (default)
2024-08-15 03:37:14,691 [ab869ec9-a1da-4eec-ae22-c3ca637d5862@group-0BE793329E8F-FollowerState] INFO  server.RaftServerConfigKeys (ConfUtils.java:logFallback(53)) - raft.server.rpc.first-election.timeout.max = 5200ms (fallback to raft.server.rpc.timeout.max)
2024-08-15 03:37:14,692 [ab869ec9-a1da-4eec-ae22-c3ca637d5862-PipelineCommandHandlerThread-0] INFO  ratis.XceiverServerRatis (XceiverServerRatis.java:addGroup(850)) - Created group PipelineID=81259ae6-8402-4a92-af7c-0be793329e8f
2024-08-15 03:37:14,692 [ab869ec9-a1da-4eec-ae22-c3ca637d5862-PipelineCommandHandlerThread-0] INFO  commandhandler.CreatePipelineCommandHandler (CreatePipelineCommandHandler.java:lambda$handle$2(124)) - Created Pipeline RATIS ONE PipelineID=81259ae6-8402-4a92-af7c-0be793329e8f.
2024-08-15 03:37:14,692 [ab869ec9-a1da-4eec-ae22-c3ca637d5862-PipelineCommandHandlerThread-0] INFO  server.RaftServer (RaftServerProxy.java:addNew(101)) - ab869ec9-a1da-4eec-ae22-c3ca637d5862: addNew group-7632133483E8:[398215a5-964b-4dc4-b31b-bbd09ffd15fb|127.0.0.1:15231, ab869ec9-a1da-4eec-ae22-c3ca637d5862|127.0.0.1:15222, cd98677a-ad7a-47a4-bd04-3d82e218dd7d|127.0.0.1:15240] returns group-7632133483E8:java.util.concurrent.CompletableFuture@656bee67[Not completed]
2024-08-15 03:37:14,693 [ab869ec9-a1da-4eec-ae22-c3ca637d5862-groupManagement] INFO  server.RaftServer$Division (RaftServerImpl.java:<init>(253)) - ab869ec9-a1da-4eec-ae22-c3ca637d5862: new RaftServerImpl for group-7632133483E8:[398215a5-964b-4dc4-b31b-bbd09ffd15fb|127.0.0.1:15231, ab869ec9-a1da-4eec-ae22-c3ca637d5862|127.0.0.1:15222, cd98677a-ad7a-47a4-bd04-3d82e218dd7d|127.0.0.1:15240] with ContainerStateMachine:uninitialized
2024-08-15 03:37:14,693 [ab869ec9-a1da-4eec-ae22-c3ca637d5862-groupManagement] INFO  server.RaftServerConfigKeys (ConfUtils.java:logGet(46)) - raft.server.rpc.timeout.min = 5s (custom)
2024-08-15 03:37:14,693 [ab869ec9-a1da-4eec-ae22-c3ca637d5862-groupManagement] INFO  server.RaftServerConfigKeys (ConfUtils.java:logGet(46)) - raft.server.rpc.timeout.max = 5200ms (custom)
2024-08-15 03:37:14,693 [ab869ec9-a1da-4eec-ae22-c3ca637d5862-groupManagement] INFO  server.RaftServerConfigKeys (ConfUtils.java:logGet(46)) - raft.server.rpc.sleep.time = 25ms (default)
2024-08-15 03:37:14,693 [ab869ec9-a1da-4eec-ae22-c3ca637d5862-groupManagement] INFO  server.RaftServerConfigKeys (ConfUtils.java:logGet(46)) - raft.server.rpc.slowness.timeout = 300s (custom)
2024-08-15 03:37:14,693 [ab869ec9-a1da-4eec-ae22-c3ca637d5862-groupManagement] INFO  server.RaftServerConfigKeys (ConfUtils.java:logGet(46)) - raft.server.leaderelection.leader.step-down.wait-time = 10s (default)
2024-08-15 03:37:14,693 [ab869ec9-a1da-4eec-ae22-c3ca637d5862-groupManagement] INFO  server.RaftServerConfigKeys (ConfUtils.java:logGet(46)) - raft.server.leaderelection.member.majority-add = false (default)
2024-08-15 03:37:14,693 [ab869ec9-a1da-4eec-ae22-c3ca637d5862-groupManagement] INFO  server.RaftServerConfigKeys (ConfUtils.java:logGet(46)) - raft.server.sleep.deviation.threshold = 300ms (default)
2024-08-15 03:37:14,693 [ab869ec9-a1da-4eec-ae22-c3ca637d5862-groupManagement] INFO  server.RaftServer$Division (ServerState.java:<init>(114)) - ab869ec9-a1da-4eec-ae22-c3ca637d5862@group-7632133483E8: ConfigurationManager, init=conf: {index: -1, cur=peers:[398215a5-964b-4dc4-b31b-bbd09ffd15fb|127.0.0.1:15231, ab869ec9-a1da-4eec-ae22-c3ca637d5862|127.0.0.1:15222, cd98677a-ad7a-47a4-bd04-3d82e218dd7d|127.0.0.1:15240]|listeners:[], old=null}, confs=<EMPTY_MAP>
2024-08-15 03:37:14,693 [ab869ec9-a1da-4eec-ae22-c3ca637d5862-groupManagement] INFO  server.RaftServerConfigKeys (ConfUtils.java:logGet(46)) - raft.server.notification.no-leader.timeout = 300s (custom)
2024-08-15 03:37:14,693 [ab869ec9-a1da-4eec-ae22-c3ca637d5862-groupManagement] INFO  server.RaftServerConfigKeys (ConfUtils.java:logGet(46)) - raft.server.read.timeout = 10s (default)
2024-08-15 03:37:14,694 [ab869ec9-a1da-4eec-ae22-c3ca637d5862-groupManagement] INFO  server.RaftServerConfigKeys (ConfUtils.java:logGet(46)) - raft.server.retrycache.expirytime = 600000ms (custom)
2024-08-15 03:37:14,694 [ab869ec9-a1da-4eec-ae22-c3ca637d5862-groupManagement] INFO  server.RaftServerConfigKeys (ConfUtils.java:logGet(46)) - raft.server.retrycache.statistics.expirytime = 100ms (default)
2024-08-15 03:37:14,694 [ab869ec9-a1da-4eec-ae22-c3ca637d5862-groupManagement] INFO  server.RaftServerConfigKeys (ConfUtils.java:logGet(46)) - raft.server.read.option = DEFAULT (default)
2024-08-15 03:37:14,694 [ab869ec9-a1da-4eec-ae22-c3ca637d5862-groupManagement] INFO  server.RaftServerConfigKeys (ConfUtils.java:logGet(46)) - raft.server.read.read-after-write-consistent.write-index-cache.expiry-time = 60s (default)
2024-08-15 03:37:14,695 [ab869ec9-a1da-4eec-ae22-c3ca637d5862-groupManagement] INFO  server.RaftServerConfigKeys (ConfUtils.java:logGet(46)) - raft.server.rpc.request.timeout = 60s (custom)
2024-08-15 03:37:14,695 [ab869ec9-a1da-4eec-ae22-c3ca637d5862-groupManagement] INFO  server.RaftServerConfigKeys (ConfUtils.java:logGet(46)) - raft.server.log.appender.install.snapshot.enabled = false (custom)
2024-08-15 03:37:14,695 [ab869ec9-a1da-4eec-ae22-c3ca637d5862-groupManagement] INFO  server.RaftServerConfigKeys (ConfUtils.java:logGet(46)) - raft.server.threadpool.server.cached = true (default)
2024-08-15 03:37:14,695 [ab869ec9-a1da-4eec-ae22-c3ca637d5862-groupManagement] INFO  server.RaftServerConfigKeys (ConfUtils.java:logGet(46)) - raft.server.threadpool.server.size = 0 (default)
2024-08-15 03:37:14,695 [ab869ec9-a1da-4eec-ae22-c3ca637d5862-groupManagement] INFO  server.RaftServerConfigKeys (ConfUtils.java:logGet(46)) - raft.server.threadpool.client.cached = true (default)
2024-08-15 03:37:14,695 [ab869ec9-a1da-4eec-ae22-c3ca637d5862-groupManagement] INFO  server.RaftServerConfigKeys (ConfUtils.java:logGet(46)) - raft.server.threadpool.client.size = 0 (default)
2024-08-15 03:37:14,695 [ab869ec9-a1da-4eec-ae22-c3ca637d5862-groupManagement] INFO  server.RaftServerConfigKeys (ConfUtils.java:logGet(46)) - raft.server.storage.free-space.min = 0MB (=0) (default)
2024-08-15 03:37:14,695 [ab869ec9-a1da-4eec-ae22-c3ca637d5862-groupManagement] INFO  server.RaftServerConfigKeys (ConfUtils.java:logGet(46)) - raft.server.log.corruption.policy = EXCEPTION (default)
2024-08-15 03:37:14,695 [ab869ec9-a1da-4eec-ae22-c3ca637d5862-groupManagement] INFO  server.RaftServerConfigKeys (ConfUtils.java:logGet(46)) - raft.server.storage.dir = [/home/runner/work/ozone/ozone/hadoop-ozone/integration-test/target/test-dir/MiniOzoneClusterImpl-defbb36e-87e0-488b-866f-35c0fcf0d8c3/ozone-meta/datanode-1/ratis] (custom)
2024-08-15 03:37:14,695 [ab869ec9-a1da-4eec-ae22-c3ca637d5862-groupManagement] INFO  storage.RaftStorageDirectory (RaftStorageDirectoryImpl.java:analyzeStorage(138)) - The storage directory /home/runner/work/ozone/ozone/hadoop-ozone/integration-test/target/test-dir/MiniOzoneClusterImpl-defbb36e-87e0-488b-866f-35c0fcf0d8c3/ozone-meta/datanode-1/ratis/06141354-55e8-4f53-bb23-7632133483e8 does not exist. Creating ...
2024-08-15 03:37:14,696 [ab869ec9-a1da-4eec-ae22-c3ca637d5862-groupManagement] INFO  storage.RaftStorageDirectory (RaftStorageDirectoryImpl.java:tryLock(229)) - Lock on /home/runner/work/ozone/ozone/hadoop-ozone/integration-test/target/test-dir/MiniOzoneClusterImpl-defbb36e-87e0-488b-866f-35c0fcf0d8c3/ozone-meta/datanode-1/ratis/06141354-55e8-4f53-bb23-7632133483e8/in_use.lock acquired by nodename 2891@fv-az1015-460
2024-08-15 03:37:14,697 [ab869ec9-a1da-4eec-ae22-c3ca637d5862-groupManagement] INFO  storage.RaftStorage (RaftStorageImpl.java:format(98)) - Storage directory /home/runner/work/ozone/ozone/hadoop-ozone/integration-test/target/test-dir/MiniOzoneClusterImpl-defbb36e-87e0-488b-866f-35c0fcf0d8c3/ozone-meta/datanode-1/ratis/06141354-55e8-4f53-bb23-7632133483e8 has been successfully formatted.
2024-08-15 03:37:14,698 [ab869ec9-a1da-4eec-ae22-c3ca637d5862-groupManagement] INFO  ratis.ContainerStateMachine (ContainerStateMachine.java:loadSnapshot(295)) - group-7632133483E8: The snapshot info is null. Setting the last applied index to:(t:0, i:~)
2024-08-15 03:37:14,698 [ab869ec9-a1da-4eec-ae22-c3ca637d5862-groupManagement] INFO  server.RaftServerConfigKeys (ConfUtils.java:logGet(46)) - raft.server.log.use.memory = false (default)
2024-08-15 03:37:14,698 [ab869ec9-a1da-4eec-ae22-c3ca637d5862-groupManagement] INFO  server.RaftServerConfigKeys (ConfUtils.java:logGet(46)) - raft.server.log.purge.gap = 1000000 (custom)
2024-08-15 03:37:14,698 [ab869ec9-a1da-4eec-ae22-c3ca637d5862-groupManagement] INFO  server.RaftServerConfigKeys (ConfUtils.java:logGet(46)) - raft.server.log.appender.buffer.byte-limit = 8388608 (custom)
2024-08-15 03:37:14,698 [ab869ec9-a1da-4eec-ae22-c3ca637d5862-groupManagement] INFO  server.RaftServerConfigKeys (ConfUtils.java:logGet(46)) - raft.server.log.statemachine.data.read.timeout = 1000ms (default)
2024-08-15 03:37:14,698 [ab869ec9-a1da-4eec-ae22-c3ca637d5862-groupManagement] INFO  server.RaftServerConfigKeys (ConfUtils.java:logGet(46)) - raft.server.log.purge.preservation.log.num = 0 (default)
2024-08-15 03:37:14,699 [ab869ec9-a1da-4eec-ae22-c3ca637d5862-groupManagement] INFO  server.RaftServerConfigKeys (ConfUtils.java:logGet(46)) - raft.server.log.segment.size.max = 67108864 (custom)
2024-08-15 03:37:14,699 [EventQueue-OpenPipelineForHealthyPipelineSafeModeRule] INFO  safemode.SCMSafeModeManager (HealthyPipelineSafeModeRule.java:process(140)) - SCM in safe mode. Healthy pipelines reported count is 0, required healthy pipeline reported count is 1
2024-08-15 03:37:14,699 [ab869ec9-a1da-4eec-ae22-c3ca637d5862-groupManagement] INFO  server.RaftServerConfigKeys (ConfUtils.java:logGet(46)) - raft.server.log.segment.cache.num.max = 2 (custom)
2024-08-15 03:37:14,699 [ab869ec9-a1da-4eec-ae22-c3ca637d5862-groupManagement] INFO  server.RaftServerConfigKeys (ConfUtils.java:logGet(46)) - raft.server.log.segment.cache.size.max = 200MB (=209715200) (default)
2024-08-15 03:37:14,699 [ab869ec9-a1da-4eec-ae22-c3ca637d5862-groupManagement] INFO  server.RaftServerConfigKeys (ConfUtils.java:logGet(46)) - raft.server.log.appender.buffer.byte-limit = 8388608 (custom)
2024-08-15 03:37:14,699 [ab869ec9-a1da-4eec-ae22-c3ca637d5862-groupManagement] INFO  util.AwaitToRun (AwaitToRun.java:start(81)) - Thread[ab869ec9-a1da-4eec-ae22-c3ca637d5862@group-7632133483E8-cacheEviction-AwaitToRun,5,main] started
2024-08-15 03:37:14,699 [ab869ec9-a1da-4eec-ae22-c3ca637d5862-groupManagement] INFO  segmented.SegmentedRaftLogWorker (SegmentedRaftLogWorker.java:<init>(184)) - new ab869ec9-a1da-4eec-ae22-c3ca637d5862@group-7632133483E8-SegmentedRaftLogWorker for RaftStorageImpl:Storage Directory /home/runner/work/ozone/ozone/hadoop-ozone/integration-test/target/test-dir/MiniOzoneClusterImpl-defbb36e-87e0-488b-866f-35c0fcf0d8c3/ozone-meta/datanode-1/ratis/06141354-55e8-4f53-bb23-7632133483e8
2024-08-15 03:37:14,699 [ab869ec9-a1da-4eec-ae22-c3ca637d5862-groupManagement] INFO  server.RaftServerConfigKeys (ConfUtils.java:logGet(46)) - raft.server.log.queue.byte-limit = 4294967296 (custom)
2024-08-15 03:37:14,699 [ab869ec9-a1da-4eec-ae22-c3ca637d5862-groupManagement] INFO  server.RaftServerConfigKeys (ConfUtils.java:logGet(46)) - raft.server.log.queue.element-limit = 1024 (custom)
2024-08-15 03:37:14,699 [ab869ec9-a1da-4eec-ae22-c3ca637d5862-groupManagement] INFO  server.RaftServerConfigKeys (ConfUtils.java:logGet(46)) - raft.server.log.segment.size.max = 67108864 (custom)
2024-08-15 03:37:14,699 [ab869ec9-a1da-4eec-ae22-c3ca637d5862-groupManagement] INFO  server.RaftServerConfigKeys (ConfUtils.java:logGet(46)) - raft.server.log.preallocated.size = 4194304 (custom)
2024-08-15 03:37:14,699 [ab869ec9-a1da-4eec-ae22-c3ca637d5862-groupManagement] INFO  server.RaftServerConfigKeys (ConfUtils.java:logGet(46)) - raft.server.log.force.sync.num = 128 (default)
2024-08-15 03:37:14,699 [ab869ec9-a1da-4eec-ae22-c3ca637d5862-groupManagement] INFO  server.RaftServerConfigKeys (ConfUtils.java:logGet(46)) - raft.server.log.statemachine.data.sync = true (default)
2024-08-15 03:37:14,699 [ab869ec9-a1da-4eec-ae22-c3ca637d5862-groupManagement] INFO  server.RaftServerConfigKeys (ConfUtils.java:logGet(46)) - raft.server.log.statemachine.data.sync.timeout = 10s (default)
2024-08-15 03:37:14,699 [ab869ec9-a1da-4eec-ae22-c3ca637d5862-groupManagement] INFO  server.RaftServerConfigKeys (ConfUtils.java:logGet(46)) - raft.server.log.statemachine.data.sync.timeout.retry = 30 (custom)
2024-08-15 03:37:14,700 [ab869ec9-a1da-4eec-ae22-c3ca637d5862-groupManagement] INFO  server.RaftServerConfigKeys (ConfUtils.java:logGet(46)) - raft.server.log.write.buffer.size = 8388616 (custom)
2024-08-15 03:37:14,701 [ab869ec9-a1da-4eec-ae22-c3ca637d5862-groupManagement] INFO  server.RaftServerConfigKeys (ConfUtils.java:logGet(46)) - raft.server.log.appender.buffer.byte-limit = 8388608 (custom)
2024-08-15 03:37:14,701 [ab869ec9-a1da-4eec-ae22-c3ca637d5862-groupManagement] INFO  server.RaftServerConfigKeys (ConfUtils.java:logGet(46)) - raft.server.log.unsafe-flush.enabled = false (default)
2024-08-15 03:37:14,701 [ab869ec9-a1da-4eec-ae22-c3ca637d5862-groupManagement] INFO  server.RaftServerConfigKeys (ConfUtils.java:logGet(46)) - raft.server.log.async-flush.enabled = false (default)
2024-08-15 03:37:14,701 [ab869ec9-a1da-4eec-ae22-c3ca637d5862-groupManagement] INFO  server.RaftServerConfigKeys (ConfUtils.java:logGet(46)) - raft.server.log.statemachine.data.caching.enabled = true (custom)
2024-08-15 03:37:14,701 [ab869ec9-a1da-4eec-ae22-c3ca637d5862-groupManagement] INFO  segmented.SegmentedRaftLogWorker (SegmentedRaftLogWorker.java:lambda$new$0(135)) - ab869ec9-a1da-4eec-ae22-c3ca637d5862@group-7632133483E8-SegmentedRaftLogWorker: flushIndex: setUnconditionally 0 -> -1
2024-08-15 03:37:14,701 [ab869ec9-a1da-4eec-ae22-c3ca637d5862-groupManagement] INFO  segmented.SegmentedRaftLogWorker (SegmentedRaftLogWorker.java:lambda$new$0(135)) - ab869ec9-a1da-4eec-ae22-c3ca637d5862@group-7632133483E8-SegmentedRaftLogWorker: safeCacheEvictIndex: setUnconditionally 0 -> -1
2024-08-15 03:37:14,703 [ab869ec9-a1da-4eec-ae22-c3ca637d5862-groupManagement] INFO  server.RaftServer$Division (RaftServerImpl.java:start(389)) - ab869ec9-a1da-4eec-ae22-c3ca637d5862@group-7632133483E8: start as a follower, conf=conf: {index: -1, cur=peers:[398215a5-964b-4dc4-b31b-bbd09ffd15fb|127.0.0.1:15231, ab869ec9-a1da-4eec-ae22-c3ca637d5862|127.0.0.1:15222, cd98677a-ad7a-47a4-bd04-3d82e218dd7d|127.0.0.1:15240]|listeners:[], old=null}
2024-08-15 03:37:14,703 [ab869ec9-a1da-4eec-ae22-c3ca637d5862-groupManagement] INFO  server.RaftServer$Division (RaftServerImpl.java:setRole(376)) - ab869ec9-a1da-4eec-ae22-c3ca637d5862@group-7632133483E8: changes role from      null to FOLLOWER at term 0 for startAsFollower
2024-08-15 03:37:14,703 [ab869ec9-a1da-4eec-ae22-c3ca637d5862-groupManagement] INFO  impl.RoleInfo (RoleInfo.java:updateAndGet(148)) - ab869ec9-a1da-4eec-ae22-c3ca637d5862: start ab869ec9-a1da-4eec-ae22-c3ca637d5862@group-7632133483E8-FollowerState
2024-08-15 03:37:14,704 [ab869ec9-a1da-4eec-ae22-c3ca637d5862-groupManagement] INFO  util.JmxRegister (JmxRegister.java:tryRegister(44)) - Successfully registered JMX Bean with object name Ratis:service=RaftServer,group=group-7632133483E8,id=ab869ec9-a1da-4eec-ae22-c3ca637d5862
2024-08-15 03:37:14,704 [ab869ec9-a1da-4eec-ae22-c3ca637d5862-groupManagement] INFO  util.JmxRegister (JmxRegister.java:register(58)) - register mxBean class org.apache.ratis.server.impl.RaftServerJmxAdapter as Ratis:service=RaftServer,group=group-7632133483E8,id=ab869ec9-a1da-4eec-ae22-c3ca637d5862
2024-08-15 03:37:14,704 [ab869ec9-a1da-4eec-ae22-c3ca637d5862@group-7632133483E8-FollowerState] INFO  server.RaftServerConfigKeys (ConfUtils.java:logFallback(53)) - raft.server.rpc.first-election.timeout.min = 5s (fallback to raft.server.rpc.timeout.min)
2024-08-15 03:37:14,704 [ab869ec9-a1da-4eec-ae22-c3ca637d5862@group-7632133483E8-FollowerState] INFO  server.RaftServerConfigKeys (ConfUtils.java:logFallback(53)) - raft.server.rpc.first-election.timeout.max = 5200ms (fallback to raft.server.rpc.timeout.max)
2024-08-15 03:37:14,704 [ab869ec9-a1da-4eec-ae22-c3ca637d5862-groupManagement] INFO  server.RaftServerConfigKeys (ConfUtils.java:logGet(46)) - raft.server.snapshot.trigger-when-stop.enabled = true (default)
2024-08-15 03:37:14,704 [ab869ec9-a1da-4eec-ae22-c3ca637d5862-groupManagement] INFO  server.RaftServerConfigKeys (ConfUtils.java:logGet(46)) - raft.server.snapshot.trigger-when-remove.enabled = true (default)
2024-08-15 03:37:14,704 [ab869ec9-a1da-4eec-ae22-c3ca637d5862-groupManagement] INFO  server.RaftServerConfigKeys (ConfUtils.java:logGet(46)) - raft.server.snapshot.auto.trigger.enabled = true (custom)
2024-08-15 03:37:14,704 [ab869ec9-a1da-4eec-ae22-c3ca637d5862-groupManagement] INFO  server.RaftServerConfigKeys (ConfUtils.java:logGet(46)) - raft.server.snapshot.auto.trigger.threshold = 10000 (custom)
2024-08-15 03:37:14,704 [ab869ec9-a1da-4eec-ae22-c3ca637d5862-groupManagement] INFO  server.RaftServerConfigKeys (ConfUtils.java:logGet(46)) - raft.server.snapshot.retention.file.num = 5 (custom)
2024-08-15 03:37:14,705 [ab869ec9-a1da-4eec-ae22-c3ca637d5862-groupManagement] INFO  server.RaftServerConfigKeys (ConfUtils.java:logGet(46)) - raft.server.log.purge.upto.snapshot.index = false (default)
2024-08-15 03:37:14,705 [ab869ec9-a1da-4eec-ae22-c3ca637d5862-PipelineCommandHandlerThread-0] INFO  ratis.XceiverServerRatis (XceiverServerRatis.java:addGroup(850)) - Created group PipelineID=06141354-55e8-4f53-bb23-7632133483e8
2024-08-15 03:37:14,709 [grpc-default-executor-9] INFO  server.RaftServer (RaftServerProxy.java:addNew(101)) - cd98677a-ad7a-47a4-bd04-3d82e218dd7d: addNew group-7632133483E8:[398215a5-964b-4dc4-b31b-bbd09ffd15fb|127.0.0.1:15231, ab869ec9-a1da-4eec-ae22-c3ca637d5862|127.0.0.1:15222, cd98677a-ad7a-47a4-bd04-3d82e218dd7d|127.0.0.1:15240] returns group-7632133483E8:java.util.concurrent.CompletableFuture@201b8d33[Not completed]
2024-08-15 03:37:14,710 [cd98677a-ad7a-47a4-bd04-3d82e218dd7d-groupManagement] INFO  server.RaftServer$Division (RaftServerImpl.java:<init>(253)) - cd98677a-ad7a-47a4-bd04-3d82e218dd7d: new RaftServerImpl for group-7632133483E8:[398215a5-964b-4dc4-b31b-bbd09ffd15fb|127.0.0.1:15231, ab869ec9-a1da-4eec-ae22-c3ca637d5862|127.0.0.1:15222, cd98677a-ad7a-47a4-bd04-3d82e218dd7d|127.0.0.1:15240] with ContainerStateMachine:uninitialized
2024-08-15 03:37:14,710 [cd98677a-ad7a-47a4-bd04-3d82e218dd7d-groupManagement] INFO  server.RaftServerConfigKeys (ConfUtils.java:logGet(46)) - raft.server.rpc.timeout.min = 5s (custom)
2024-08-15 03:37:14,710 [cd98677a-ad7a-47a4-bd04-3d82e218dd7d-groupManagement] INFO  server.RaftServerConfigKeys (ConfUtils.java:logGet(46)) - raft.server.rpc.timeout.max = 5200ms (custom)
2024-08-15 03:37:14,710 [cd98677a-ad7a-47a4-bd04-3d82e218dd7d-groupManagement] INFO  server.RaftServerConfigKeys (ConfUtils.java:logGet(46)) - raft.server.rpc.sleep.time = 25ms (default)
2024-08-15 03:37:14,710 [cd98677a-ad7a-47a4-bd04-3d82e218dd7d-groupManagement] INFO  server.RaftServerConfigKeys (ConfUtils.java:logGet(46)) - raft.server.rpc.slowness.timeout = 300s (custom)
2024-08-15 03:37:14,710 [cd98677a-ad7a-47a4-bd04-3d82e218dd7d-groupManagement] INFO  server.RaftServerConfigKeys (ConfUtils.java:logGet(46)) - raft.server.leaderelection.leader.step-down.wait-time = 10s (default)
2024-08-15 03:37:14,710 [cd98677a-ad7a-47a4-bd04-3d82e218dd7d-groupManagement] INFO  server.RaftServerConfigKeys (ConfUtils.java:logGet(46)) - raft.server.leaderelection.member.majority-add = false (default)
2024-08-15 03:37:14,710 [cd98677a-ad7a-47a4-bd04-3d82e218dd7d-groupManagement] INFO  server.RaftServerConfigKeys (ConfUtils.java:logGet(46)) - raft.server.sleep.deviation.threshold = 300ms (default)
2024-08-15 03:37:14,711 [cd98677a-ad7a-47a4-bd04-3d82e218dd7d-groupManagement] INFO  server.RaftServer$Division (ServerState.java:<init>(114)) - cd98677a-ad7a-47a4-bd04-3d82e218dd7d@group-7632133483E8: ConfigurationManager, init=conf: {index: -1, cur=peers:[398215a5-964b-4dc4-b31b-bbd09ffd15fb|127.0.0.1:15231, ab869ec9-a1da-4eec-ae22-c3ca637d5862|127.0.0.1:15222, cd98677a-ad7a-47a4-bd04-3d82e218dd7d|127.0.0.1:15240]|listeners:[], old=null}, confs=<EMPTY_MAP>
2024-08-15 03:37:14,711 [cd98677a-ad7a-47a4-bd04-3d82e218dd7d-groupManagement] INFO  server.RaftServerConfigKeys (ConfUtils.java:logGet(46)) - raft.server.notification.no-leader.timeout = 300s (custom)
2024-08-15 03:37:14,711 [cd98677a-ad7a-47a4-bd04-3d82e218dd7d-groupManagement] INFO  server.RaftServerConfigKeys (ConfUtils.java:logGet(46)) - raft.server.read.timeout = 10s (default)
2024-08-15 03:37:14,711 [cd98677a-ad7a-47a4-bd04-3d82e218dd7d-groupManagement] INFO  server.RaftServerConfigKeys (ConfUtils.java:logGet(46)) - raft.server.retrycache.expirytime = 600000ms (custom)
2024-08-15 03:37:14,711 [cd98677a-ad7a-47a4-bd04-3d82e218dd7d-groupManagement] INFO  server.RaftServerConfigKeys (ConfUtils.java:logGet(46)) - raft.server.retrycache.statistics.expirytime = 100ms (default)
2024-08-15 03:37:14,711 [cd98677a-ad7a-47a4-bd04-3d82e218dd7d-groupManagement] INFO  server.RaftServerConfigKeys (ConfUtils.java:logGet(46)) - raft.server.read.option = DEFAULT (default)
2024-08-15 03:37:14,711 [cd98677a-ad7a-47a4-bd04-3d82e218dd7d-groupManagement] INFO  server.RaftServerConfigKeys (ConfUtils.java:logGet(46)) - raft.server.read.read-after-write-consistent.write-index-cache.expiry-time = 60s (default)
2024-08-15 03:37:14,712 [cd98677a-ad7a-47a4-bd04-3d82e218dd7d-groupManagement] INFO  server.RaftServerConfigKeys (ConfUtils.java:logGet(46)) - raft.server.rpc.request.timeout = 60s (custom)
2024-08-15 03:37:14,712 [cd98677a-ad7a-47a4-bd04-3d82e218dd7d-groupManagement] INFO  server.RaftServerConfigKeys (ConfUtils.java:logGet(46)) - raft.server.log.appender.install.snapshot.enabled = false (custom)
2024-08-15 03:37:14,712 [cd98677a-ad7a-47a4-bd04-3d82e218dd7d-groupManagement] INFO  server.RaftServerConfigKeys (ConfUtils.java:logGet(46)) - raft.server.threadpool.server.cached = true (default)
2024-08-15 03:37:14,712 [cd98677a-ad7a-47a4-bd04-3d82e218dd7d-groupManagement] INFO  server.RaftServerConfigKeys (ConfUtils.java:logGet(46)) - raft.server.threadpool.server.size = 0 (default)
2024-08-15 03:37:14,712 [cd98677a-ad7a-47a4-bd04-3d82e218dd7d-groupManagement] INFO  server.RaftServerConfigKeys (ConfUtils.java:logGet(46)) - raft.server.threadpool.client.cached = true (default)
2024-08-15 03:37:14,712 [cd98677a-ad7a-47a4-bd04-3d82e218dd7d-groupManagement] INFO  server.RaftServerConfigKeys (ConfUtils.java:logGet(46)) - raft.server.threadpool.client.size = 0 (default)
2024-08-15 03:37:14,712 [cd98677a-ad7a-47a4-bd04-3d82e218dd7d-groupManagement] INFO  server.RaftServerConfigKeys (ConfUtils.java:logGet(46)) - raft.server.storage.free-space.min = 0MB (=0) (default)
2024-08-15 03:37:14,712 [cd98677a-ad7a-47a4-bd04-3d82e218dd7d-groupManagement] INFO  server.RaftServerConfigKeys (ConfUtils.java:logGet(46)) - raft.server.log.corruption.policy = EXCEPTION (default)
2024-08-15 03:37:14,712 [cd98677a-ad7a-47a4-bd04-3d82e218dd7d-groupManagement] INFO  server.RaftServerConfigKeys (ConfUtils.java:logGet(46)) - raft.server.storage.dir = [/home/runner/work/ozone/ozone/hadoop-ozone/integration-test/target/test-dir/MiniOzoneClusterImpl-defbb36e-87e0-488b-866f-35c0fcf0d8c3/ozone-meta/datanode-3/ratis] (custom)
2024-08-15 03:37:14,712 [cd98677a-ad7a-47a4-bd04-3d82e218dd7d-groupManagement] INFO  storage.RaftStorageDirectory (RaftStorageDirectoryImpl.java:analyzeStorage(138)) - The storage directory /home/runner/work/ozone/ozone/hadoop-ozone/integration-test/target/test-dir/MiniOzoneClusterImpl-defbb36e-87e0-488b-866f-35c0fcf0d8c3/ozone-meta/datanode-3/ratis/06141354-55e8-4f53-bb23-7632133483e8 does not exist. Creating ...
2024-08-15 03:37:14,713 [cd98677a-ad7a-47a4-bd04-3d82e218dd7d-groupManagement] INFO  storage.RaftStorageDirectory (RaftStorageDirectoryImpl.java:tryLock(229)) - Lock on /home/runner/work/ozone/ozone/hadoop-ozone/integration-test/target/test-dir/MiniOzoneClusterImpl-defbb36e-87e0-488b-866f-35c0fcf0d8c3/ozone-meta/datanode-3/ratis/06141354-55e8-4f53-bb23-7632133483e8/in_use.lock acquired by nodename 2891@fv-az1015-460
2024-08-15 03:37:14,714 [cd98677a-ad7a-47a4-bd04-3d82e218dd7d-groupManagement] INFO  storage.RaftStorage (RaftStorageImpl.java:format(98)) - Storage directory /home/runner/work/ozone/ozone/hadoop-ozone/integration-test/target/test-dir/MiniOzoneClusterImpl-defbb36e-87e0-488b-866f-35c0fcf0d8c3/ozone-meta/datanode-3/ratis/06141354-55e8-4f53-bb23-7632133483e8 has been successfully formatted.
2024-08-15 03:37:14,715 [cd98677a-ad7a-47a4-bd04-3d82e218dd7d-groupManagement] INFO  ratis.ContainerStateMachine (ContainerStateMachine.java:loadSnapshot(295)) - group-7632133483E8: The snapshot info is null. Setting the last applied index to:(t:0, i:~)
2024-08-15 03:37:14,715 [cd98677a-ad7a-47a4-bd04-3d82e218dd7d-groupManagement] INFO  server.RaftServerConfigKeys (ConfUtils.java:logGet(46)) - raft.server.log.use.memory = false (default)
2024-08-15 03:37:14,715 [cd98677a-ad7a-47a4-bd04-3d82e218dd7d-groupManagement] INFO  server.RaftServerConfigKeys (ConfUtils.java:logGet(46)) - raft.server.log.purge.gap = 1000000 (custom)
2024-08-15 03:37:14,715 [cd98677a-ad7a-47a4-bd04-3d82e218dd7d-groupManagement] INFO  server.RaftServerConfigKeys (ConfUtils.java:logGet(46)) - raft.server.log.appender.buffer.byte-limit = 8388608 (custom)
2024-08-15 03:37:14,715 [cd98677a-ad7a-47a4-bd04-3d82e218dd7d-groupManagement] INFO  server.RaftServerConfigKeys (ConfUtils.java:logGet(46)) - raft.server.log.statemachine.data.read.timeout = 1000ms (default)
2024-08-15 03:37:14,715 [cd98677a-ad7a-47a4-bd04-3d82e218dd7d-groupManagement] INFO  server.RaftServerConfigKeys (ConfUtils.java:logGet(46)) - raft.server.log.purge.preservation.log.num = 0 (default)
2024-08-15 03:37:14,716 [cd98677a-ad7a-47a4-bd04-3d82e218dd7d-groupManagement] INFO  server.RaftServerConfigKeys (ConfUtils.java:logGet(46)) - raft.server.log.segment.size.max = 67108864 (custom)
2024-08-15 03:37:14,716 [cd98677a-ad7a-47a4-bd04-3d82e218dd7d-groupManagement] INFO  server.RaftServerConfigKeys (ConfUtils.java:logGet(46)) - raft.server.log.segment.cache.num.max = 2 (custom)
2024-08-15 03:37:14,716 [cd98677a-ad7a-47a4-bd04-3d82e218dd7d-groupManagement] INFO  server.RaftServerConfigKeys (ConfUtils.java:logGet(46)) - raft.server.log.segment.cache.size.max = 200MB (=209715200) (default)
2024-08-15 03:37:14,716 [cd98677a-ad7a-47a4-bd04-3d82e218dd7d-groupManagement] INFO  server.RaftServerConfigKeys (ConfUtils.java:logGet(46)) - raft.server.log.appender.buffer.byte-limit = 8388608 (custom)
2024-08-15 03:37:14,717 [cd98677a-ad7a-47a4-bd04-3d82e218dd7d-groupManagement] INFO  util.AwaitToRun (AwaitToRun.java:start(81)) - Thread[cd98677a-ad7a-47a4-bd04-3d82e218dd7d@group-7632133483E8-cacheEviction-AwaitToRun,5,main] started
2024-08-15 03:37:14,717 [cd98677a-ad7a-47a4-bd04-3d82e218dd7d-groupManagement] INFO  segmented.SegmentedRaftLogWorker (SegmentedRaftLogWorker.java:<init>(184)) - new cd98677a-ad7a-47a4-bd04-3d82e218dd7d@group-7632133483E8-SegmentedRaftLogWorker for RaftStorageImpl:Storage Directory /home/runner/work/ozone/ozone/hadoop-ozone/integration-test/target/test-dir/MiniOzoneClusterImpl-defbb36e-87e0-488b-866f-35c0fcf0d8c3/ozone-meta/datanode-3/ratis/06141354-55e8-4f53-bb23-7632133483e8
2024-08-15 03:37:14,717 [cd98677a-ad7a-47a4-bd04-3d82e218dd7d-groupManagement] INFO  server.RaftServerConfigKeys (ConfUtils.java:logGet(46)) - raft.server.log.queue.byte-limit = 4294967296 (custom)
2024-08-15 03:37:14,717 [cd98677a-ad7a-47a4-bd04-3d82e218dd7d-groupManagement] INFO  server.RaftServerConfigKeys (ConfUtils.java:logGet(46)) - raft.server.log.queue.element-limit = 1024 (custom)
2024-08-15 03:37:14,717 [cd98677a-ad7a-47a4-bd04-3d82e218dd7d-groupManagement] INFO  server.RaftServerConfigKeys (ConfUtils.java:logGet(46)) - raft.server.log.segment.size.max = 67108864 (custom)
2024-08-15 03:37:14,717 [cd98677a-ad7a-47a4-bd04-3d82e218dd7d-groupManagement] INFO  server.RaftServerConfigKeys (ConfUtils.java:logGet(46)) - raft.server.log.preallocated.size = 4194304 (custom)
2024-08-15 03:37:14,717 [cd98677a-ad7a-47a4-bd04-3d82e218dd7d-groupManagement] INFO  server.RaftServerConfigKeys (ConfUtils.java:logGet(46)) - raft.server.log.force.sync.num = 128 (default)
2024-08-15 03:37:14,717 [cd98677a-ad7a-47a4-bd04-3d82e218dd7d-groupManagement] INFO  server.RaftServerConfigKeys (ConfUtils.java:logGet(46)) - raft.server.log.statemachine.data.sync = true (default)
2024-08-15 03:37:14,717 [cd98677a-ad7a-47a4-bd04-3d82e218dd7d-groupManagement] INFO  server.RaftServerConfigKeys (ConfUtils.java:logGet(46)) - raft.server.log.statemachine.data.sync.timeout = 10s (default)
2024-08-15 03:37:14,718 [cd98677a-ad7a-47a4-bd04-3d82e218dd7d-groupManagement] INFO  server.RaftServerConfigKeys (ConfUtils.java:logGet(46)) - raft.server.log.statemachine.data.sync.timeout.retry = 30 (custom)
2024-08-15 03:37:14,718 [cd98677a-ad7a-47a4-bd04-3d82e218dd7d-groupManagement] INFO  server.RaftServerConfigKeys (ConfUtils.java:logGet(46)) - raft.server.log.write.buffer.size = 8388616 (custom)
2024-08-15 03:37:14,721 [cd98677a-ad7a-47a4-bd04-3d82e218dd7d-groupManagement] INFO  server.RaftServerConfigKeys (ConfUtils.java:logGet(46)) - raft.server.log.appender.buffer.byte-limit = 8388608 (custom)
2024-08-15 03:37:14,721 [cd98677a-ad7a-47a4-bd04-3d82e218dd7d-groupManagement] INFO  server.RaftServerConfigKeys (ConfUtils.java:logGet(46)) - raft.server.log.unsafe-flush.enabled = false (default)
2024-08-15 03:37:14,721 [cd98677a-ad7a-47a4-bd04-3d82e218dd7d-groupManagement] INFO  server.RaftServerConfigKeys (ConfUtils.java:logGet(46)) - raft.server.log.async-flush.enabled = false (default)
2024-08-15 03:37:14,721 [cd98677a-ad7a-47a4-bd04-3d82e218dd7d-groupManagement] INFO  server.RaftServerConfigKeys (ConfUtils.java:logGet(46)) - raft.server.log.statemachine.data.caching.enabled = true (custom)
2024-08-15 03:37:14,721 [cd98677a-ad7a-47a4-bd04-3d82e218dd7d-groupManagement] INFO  segmented.SegmentedRaftLogWorker (SegmentedRaftLogWorker.java:lambda$new$0(135)) - cd98677a-ad7a-47a4-bd04-3d82e218dd7d@group-7632133483E8-SegmentedRaftLogWorker: flushIndex: setUnconditionally 0 -> -1
2024-08-15 03:37:14,721 [cd98677a-ad7a-47a4-bd04-3d82e218dd7d-groupManagement] INFO  segmented.SegmentedRaftLogWorker (SegmentedRaftLogWorker.java:lambda$new$0(135)) - cd98677a-ad7a-47a4-bd04-3d82e218dd7d@group-7632133483E8-SegmentedRaftLogWorker: safeCacheEvictIndex: setUnconditionally 0 -> -1
2024-08-15 03:37:14,722 [cd98677a-ad7a-47a4-bd04-3d82e218dd7d-groupManagement] INFO  server.RaftServer$Division (RaftServerImpl.java:start(389)) - cd98677a-ad7a-47a4-bd04-3d82e218dd7d@group-7632133483E8: start as a follower, conf=conf: {index: -1, cur=peers:[398215a5-964b-4dc4-b31b-bbd09ffd15fb|127.0.0.1:15231, ab869ec9-a1da-4eec-ae22-c3ca637d5862|127.0.0.1:15222, cd98677a-ad7a-47a4-bd04-3d82e218dd7d|127.0.0.1:15240]|listeners:[], old=null}
2024-08-15 03:37:14,722 [cd98677a-ad7a-47a4-bd04-3d82e218dd7d-groupManagement] INFO  server.RaftServer$Division (RaftServerImpl.java:setRole(376)) - cd98677a-ad7a-47a4-bd04-3d82e218dd7d@group-7632133483E8: changes role from      null to FOLLOWER at term 0 for startAsFollower
2024-08-15 03:37:14,722 [cd98677a-ad7a-47a4-bd04-3d82e218dd7d-groupManagement] INFO  impl.RoleInfo (RoleInfo.java:updateAndGet(148)) - cd98677a-ad7a-47a4-bd04-3d82e218dd7d: start cd98677a-ad7a-47a4-bd04-3d82e218dd7d@group-7632133483E8-FollowerState
2024-08-15 03:37:14,722 [cd98677a-ad7a-47a4-bd04-3d82e218dd7d-groupManagement] INFO  util.JmxRegister (JmxRegister.java:tryRegister(44)) - Successfully registered JMX Bean with object name Ratis:service=RaftServer,group=group-7632133483E8,id=cd98677a-ad7a-47a4-bd04-3d82e218dd7d
2024-08-15 03:37:14,722 [cd98677a-ad7a-47a4-bd04-3d82e218dd7d@group-7632133483E8-FollowerState] INFO  server.RaftServerConfigKeys (ConfUtils.java:logFallback(53)) - raft.server.rpc.first-election.timeout.min = 5s (fallback to raft.server.rpc.timeout.min)
2024-08-15 03:37:14,722 [cd98677a-ad7a-47a4-bd04-3d82e218dd7d@group-7632133483E8-FollowerState] INFO  server.RaftServerConfigKeys (ConfUtils.java:logFallback(53)) - raft.server.rpc.first-election.timeout.max = 5200ms (fallback to raft.server.rpc.timeout.max)
2024-08-15 03:37:14,722 [cd98677a-ad7a-47a4-bd04-3d82e218dd7d-groupManagement] INFO  util.JmxRegister (JmxRegister.java:register(58)) - register mxBean class org.apache.ratis.server.impl.RaftServerJmxAdapter as Ratis:service=RaftServer,group=group-7632133483E8,id=cd98677a-ad7a-47a4-bd04-3d82e218dd7d
2024-08-15 03:37:14,722 [cd98677a-ad7a-47a4-bd04-3d82e218dd7d-groupManagement] INFO  server.RaftServerConfigKeys (ConfUtils.java:logGet(46)) - raft.server.snapshot.trigger-when-stop.enabled = true (default)
2024-08-15 03:37:14,722 [cd98677a-ad7a-47a4-bd04-3d82e218dd7d-groupManagement] INFO  server.RaftServerConfigKeys (ConfUtils.java:logGet(46)) - raft.server.snapshot.trigger-when-remove.enabled = true (default)
2024-08-15 03:37:14,722 [cd98677a-ad7a-47a4-bd04-3d82e218dd7d-groupManagement] INFO  server.RaftServerConfigKeys (ConfUtils.java:logGet(46)) - raft.server.snapshot.auto.trigger.enabled = true (custom)
2024-08-15 03:37:14,722 [cd98677a-ad7a-47a4-bd04-3d82e218dd7d-groupManagement] INFO  server.RaftServerConfigKeys (ConfUtils.java:logGet(46)) - raft.server.snapshot.auto.trigger.threshold = 10000 (custom)
2024-08-15 03:37:14,722 [cd98677a-ad7a-47a4-bd04-3d82e218dd7d-groupManagement] INFO  server.RaftServerConfigKeys (ConfUtils.java:logGet(46)) - raft.server.snapshot.retention.file.num = 5 (custom)
2024-08-15 03:37:14,722 [cd98677a-ad7a-47a4-bd04-3d82e218dd7d-groupManagement] INFO  server.RaftServerConfigKeys (ConfUtils.java:logGet(46)) - raft.server.log.purge.upto.snapshot.index = false (default)
2024-08-15 03:37:14,733 [grpc-default-executor-9] INFO  server.RaftServer (RaftServerProxy.java:addNew(101)) - 398215a5-964b-4dc4-b31b-bbd09ffd15fb: addNew group-7632133483E8:[398215a5-964b-4dc4-b31b-bbd09ffd15fb|127.0.0.1:15231, ab869ec9-a1da-4eec-ae22-c3ca637d5862|127.0.0.1:15222, cd98677a-ad7a-47a4-bd04-3d82e218dd7d|127.0.0.1:15240] returns group-7632133483E8:java.util.concurrent.CompletableFuture@22d27d73[Not completed]
2024-08-15 03:37:14,734 [398215a5-964b-4dc4-b31b-bbd09ffd15fb-groupManagement] INFO  server.RaftServer$Division (RaftServerImpl.java:<init>(253)) - 398215a5-964b-4dc4-b31b-bbd09ffd15fb: new RaftServerImpl for group-7632133483E8:[398215a5-964b-4dc4-b31b-bbd09ffd15fb|127.0.0.1:15231, ab869ec9-a1da-4eec-ae22-c3ca637d5862|127.0.0.1:15222, cd98677a-ad7a-47a4-bd04-3d82e218dd7d|127.0.0.1:15240] with ContainerStateMachine:uninitialized
2024-08-15 03:37:14,734 [398215a5-964b-4dc4-b31b-bbd09ffd15fb-groupManagement] INFO  server.RaftServerConfigKeys (ConfUtils.java:logGet(46)) - raft.server.rpc.timeout.min = 5s (custom)
2024-08-15 03:37:14,734 [398215a5-964b-4dc4-b31b-bbd09ffd15fb-groupManagement] INFO  server.RaftServerConfigKeys (ConfUtils.java:logGet(46)) - raft.server.rpc.timeout.max = 5200ms (custom)
2024-08-15 03:37:14,734 [398215a5-964b-4dc4-b31b-bbd09ffd15fb-groupManagement] INFO  server.RaftServerConfigKeys (ConfUtils.java:logGet(46)) - raft.server.rpc.sleep.time = 25ms (default)
2024-08-15 03:37:14,734 [398215a5-964b-4dc4-b31b-bbd09ffd15fb-groupManagement] INFO  server.RaftServerConfigKeys (ConfUtils.java:logGet(46)) - raft.server.rpc.slowness.timeout = 300s (custom)
2024-08-15 03:37:14,734 [398215a5-964b-4dc4-b31b-bbd09ffd15fb-groupManagement] INFO  server.RaftServerConfigKeys (ConfUtils.java:logGet(46)) - raft.server.leaderelection.leader.step-down.wait-time = 10s (default)
2024-08-15 03:37:14,734 [398215a5-964b-4dc4-b31b-bbd09ffd15fb-groupManagement] INFO  server.RaftServerConfigKeys (ConfUtils.java:logGet(46)) - raft.server.leaderelection.member.majority-add = false (default)
2024-08-15 03:37:14,734 [398215a5-964b-4dc4-b31b-bbd09ffd15fb-groupManagement] INFO  server.RaftServerConfigKeys (ConfUtils.java:logGet(46)) - raft.server.sleep.deviation.threshold = 300ms (default)
2024-08-15 03:37:14,735 [398215a5-964b-4dc4-b31b-bbd09ffd15fb-groupManagement] INFO  server.RaftServer$Division (ServerState.java:<init>(114)) - 398215a5-964b-4dc4-b31b-bbd09ffd15fb@group-7632133483E8: ConfigurationManager, init=conf: {index: -1, cur=peers:[398215a5-964b-4dc4-b31b-bbd09ffd15fb|127.0.0.1:15231, ab869ec9-a1da-4eec-ae22-c3ca637d5862|127.0.0.1:15222, cd98677a-ad7a-47a4-bd04-3d82e218dd7d|127.0.0.1:15240]|listeners:[], old=null}, confs=<EMPTY_MAP>
2024-08-15 03:37:14,735 [398215a5-964b-4dc4-b31b-bbd09ffd15fb-groupManagement] INFO  server.RaftServerConfigKeys (ConfUtils.java:logGet(46)) - raft.server.notification.no-leader.timeout = 300s (custom)
2024-08-15 03:37:14,735 [398215a5-964b-4dc4-b31b-bbd09ffd15fb-groupManagement] INFO  server.RaftServerConfigKeys (ConfUtils.java:logGet(46)) - raft.server.read.timeout = 10s (default)
2024-08-15 03:37:14,735 [398215a5-964b-4dc4-b31b-bbd09ffd15fb-groupManagement] INFO  server.RaftServerConfigKeys (ConfUtils.java:logGet(46)) - raft.server.retrycache.expirytime = 600000ms (custom)
2024-08-15 03:37:14,735 [398215a5-964b-4dc4-b31b-bbd09ffd15fb-groupManagement] INFO  server.RaftServerConfigKeys (ConfUtils.java:logGet(46)) - raft.server.retrycache.statistics.expirytime = 100ms (default)
2024-08-15 03:37:14,735 [398215a5-964b-4dc4-b31b-bbd09ffd15fb-groupManagement] INFO  server.RaftServerConfigKeys (ConfUtils.java:logGet(46)) - raft.server.read.option = DEFAULT (default)
2024-08-15 03:37:14,735 [398215a5-964b-4dc4-b31b-bbd09ffd15fb-groupManagement] INFO  server.RaftServerConfigKeys (ConfUtils.java:logGet(46)) - raft.server.read.read-after-write-consistent.write-index-cache.expiry-time = 60s (default)
2024-08-15 03:37:14,736 [398215a5-964b-4dc4-b31b-bbd09ffd15fb-groupManagement] INFO  server.RaftServerConfigKeys (ConfUtils.java:logGet(46)) - raft.server.rpc.request.timeout = 60s (custom)
2024-08-15 03:37:14,736 [398215a5-964b-4dc4-b31b-bbd09ffd15fb-groupManagement] INFO  server.RaftServerConfigKeys (ConfUtils.java:logGet(46)) - raft.server.log.appender.install.snapshot.enabled = false (custom)
2024-08-15 03:37:14,736 [398215a5-964b-4dc4-b31b-bbd09ffd15fb-groupManagement] INFO  server.RaftServerConfigKeys (ConfUtils.java:logGet(46)) - raft.server.threadpool.server.cached = true (default)
2024-08-15 03:37:14,736 [398215a5-964b-4dc4-b31b-bbd09ffd15fb-groupManagement] INFO  server.RaftServerConfigKeys (ConfUtils.java:logGet(46)) - raft.server.threadpool.server.size = 0 (default)
2024-08-15 03:37:14,737 [398215a5-964b-4dc4-b31b-bbd09ffd15fb-groupManagement] INFO  server.RaftServerConfigKeys (ConfUtils.java:logGet(46)) - raft.server.threadpool.client.cached = true (default)
2024-08-15 03:37:14,737 [398215a5-964b-4dc4-b31b-bbd09ffd15fb-groupManagement] INFO  server.RaftServerConfigKeys (ConfUtils.java:logGet(46)) - raft.server.threadpool.client.size = 0 (default)
2024-08-15 03:37:14,737 [398215a5-964b-4dc4-b31b-bbd09ffd15fb-groupManagement] INFO  server.RaftServerConfigKeys (ConfUtils.java:logGet(46)) - raft.server.storage.free-space.min = 0MB (=0) (default)
2024-08-15 03:37:14,737 [398215a5-964b-4dc4-b31b-bbd09ffd15fb-groupManagement] INFO  server.RaftServerConfigKeys (ConfUtils.java:logGet(46)) - raft.server.log.corruption.policy = EXCEPTION (default)
2024-08-15 03:37:14,737 [398215a5-964b-4dc4-b31b-bbd09ffd15fb-groupManagement] INFO  server.RaftServerConfigKeys (ConfUtils.java:logGet(46)) - raft.server.storage.dir = [/home/runner/work/ozone/ozone/hadoop-ozone/integration-test/target/test-dir/MiniOzoneClusterImpl-defbb36e-87e0-488b-866f-35c0fcf0d8c3/ozone-meta/datanode-2/ratis] (custom)
2024-08-15 03:37:14,737 [398215a5-964b-4dc4-b31b-bbd09ffd15fb-groupManagement] INFO  storage.RaftStorageDirectory (RaftStorageDirectoryImpl.java:analyzeStorage(138)) - The storage directory /home/runner/work/ozone/ozone/hadoop-ozone/integration-test/target/test-dir/MiniOzoneClusterImpl-defbb36e-87e0-488b-866f-35c0fcf0d8c3/ozone-meta/datanode-2/ratis/06141354-55e8-4f53-bb23-7632133483e8 does not exist. Creating ...
2024-08-15 03:37:14,738 [398215a5-964b-4dc4-b31b-bbd09ffd15fb-groupManagement] INFO  storage.RaftStorageDirectory (RaftStorageDirectoryImpl.java:tryLock(229)) - Lock on /home/runner/work/ozone/ozone/hadoop-ozone/integration-test/target/test-dir/MiniOzoneClusterImpl-defbb36e-87e0-488b-866f-35c0fcf0d8c3/ozone-meta/datanode-2/ratis/06141354-55e8-4f53-bb23-7632133483e8/in_use.lock acquired by nodename 2891@fv-az1015-460
2024-08-15 03:37:14,739 [398215a5-964b-4dc4-b31b-bbd09ffd15fb-groupManagement] INFO  storage.RaftStorage (RaftStorageImpl.java:format(98)) - Storage directory /home/runner/work/ozone/ozone/hadoop-ozone/integration-test/target/test-dir/MiniOzoneClusterImpl-defbb36e-87e0-488b-866f-35c0fcf0d8c3/ozone-meta/datanode-2/ratis/06141354-55e8-4f53-bb23-7632133483e8 has been successfully formatted.
2024-08-15 03:37:14,739 [398215a5-964b-4dc4-b31b-bbd09ffd15fb-groupManagement] INFO  ratis.ContainerStateMachine (ContainerStateMachine.java:loadSnapshot(295)) - group-7632133483E8: The snapshot info is null. Setting the last applied index to:(t:0, i:~)
2024-08-15 03:37:14,740 [398215a5-964b-4dc4-b31b-bbd09ffd15fb-groupManagement] INFO  server.RaftServerConfigKeys (ConfUtils.java:logGet(46)) - raft.server.log.use.memory = false (default)
2024-08-15 03:37:14,740 [398215a5-964b-4dc4-b31b-bbd09ffd15fb-groupManagement] INFO  server.RaftServerConfigKeys (ConfUtils.java:logGet(46)) - raft.server.log.purge.gap = 1000000 (custom)
2024-08-15 03:37:14,740 [398215a5-964b-4dc4-b31b-bbd09ffd15fb-groupManagement] INFO  server.RaftServerConfigKeys (ConfUtils.java:logGet(46)) - raft.server.log.appender.buffer.byte-limit = 8388608 (custom)
2024-08-15 03:37:14,740 [398215a5-964b-4dc4-b31b-bbd09ffd15fb-groupManagement] INFO  server.RaftServerConfigKeys (ConfUtils.java:logGet(46)) - raft.server.log.statemachine.data.read.timeout = 1000ms (default)
2024-08-15 03:37:14,740 [398215a5-964b-4dc4-b31b-bbd09ffd15fb-groupManagement] INFO  server.RaftServerConfigKeys (ConfUtils.java:logGet(46)) - raft.server.log.purge.preservation.log.num = 0 (default)
2024-08-15 03:37:14,741 [398215a5-964b-4dc4-b31b-bbd09ffd15fb-groupManagement] INFO  server.RaftServerConfigKeys (ConfUtils.java:logGet(46)) - raft.server.log.segment.size.max = 67108864 (custom)
2024-08-15 03:37:14,741 [398215a5-964b-4dc4-b31b-bbd09ffd15fb-groupManagement] INFO  server.RaftServerConfigKeys (ConfUtils.java:logGet(46)) - raft.server.log.segment.cache.num.max = 2 (custom)
2024-08-15 03:37:14,741 [398215a5-964b-4dc4-b31b-bbd09ffd15fb-groupManagement] INFO  server.RaftServerConfigKeys (ConfUtils.java:logGet(46)) - raft.server.log.segment.cache.size.max = 200MB (=209715200) (default)
2024-08-15 03:37:14,741 [398215a5-964b-4dc4-b31b-bbd09ffd15fb-groupManagement] INFO  server.RaftServerConfigKeys (ConfUtils.java:logGet(46)) - raft.server.log.appender.buffer.byte-limit = 8388608 (custom)
2024-08-15 03:37:14,741 [398215a5-964b-4dc4-b31b-bbd09ffd15fb-groupManagement] INFO  util.AwaitToRun (AwaitToRun.java:start(81)) - Thread[398215a5-964b-4dc4-b31b-bbd09ffd15fb@group-7632133483E8-cacheEviction-AwaitToRun,5,main] started
2024-08-15 03:37:14,741 [398215a5-964b-4dc4-b31b-bbd09ffd15fb-groupManagement] INFO  segmented.SegmentedRaftLogWorker (SegmentedRaftLogWorker.java:<init>(184)) - new 398215a5-964b-4dc4-b31b-bbd09ffd15fb@group-7632133483E8-SegmentedRaftLogWorker for RaftStorageImpl:Storage Directory /home/runner/work/ozone/ozone/hadoop-ozone/integration-test/target/test-dir/MiniOzoneClusterImpl-defbb36e-87e0-488b-866f-35c0fcf0d8c3/ozone-meta/datanode-2/ratis/06141354-55e8-4f53-bb23-7632133483e8
2024-08-15 03:37:14,741 [398215a5-964b-4dc4-b31b-bbd09ffd15fb-groupManagement] INFO  server.RaftServerConfigKeys (ConfUtils.java:logGet(46)) - raft.server.log.queue.byte-limit = 4294967296 (custom)
2024-08-15 03:37:14,741 [398215a5-964b-4dc4-b31b-bbd09ffd15fb-groupManagement] INFO  server.RaftServerConfigKeys (ConfUtils.java:logGet(46)) - raft.server.log.queue.element-limit = 1024 (custom)
2024-08-15 03:37:14,742 [398215a5-964b-4dc4-b31b-bbd09ffd15fb-groupManagement] INFO  server.RaftServerConfigKeys (ConfUtils.java:logGet(46)) - raft.server.log.segment.size.max = 67108864 (custom)
2024-08-15 03:37:14,742 [398215a5-964b-4dc4-b31b-bbd09ffd15fb-groupManagement] INFO  server.RaftServerConfigKeys (ConfUtils.java:logGet(46)) - raft.server.log.preallocated.size = 4194304 (custom)
2024-08-15 03:37:14,742 [398215a5-964b-4dc4-b31b-bbd09ffd15fb-groupManagement] INFO  server.RaftServerConfigKeys (ConfUtils.java:logGet(46)) - raft.server.log.force.sync.num = 128 (default)
2024-08-15 03:37:14,742 [398215a5-964b-4dc4-b31b-bbd09ffd15fb-groupManagement] INFO  server.RaftServerConfigKeys (ConfUtils.java:logGet(46)) - raft.server.log.statemachine.data.sync = true (default)
2024-08-15 03:37:14,742 [398215a5-964b-4dc4-b31b-bbd09ffd15fb-groupManagement] INFO  server.RaftServerConfigKeys (ConfUtils.java:logGet(46)) - raft.server.log.statemachine.data.sync.timeout = 10s (default)
2024-08-15 03:37:14,742 [398215a5-964b-4dc4-b31b-bbd09ffd15fb-groupManagement] INFO  server.RaftServerConfigKeys (ConfUtils.java:logGet(46)) - raft.server.log.statemachine.data.sync.timeout.retry = 30 (custom)
2024-08-15 03:37:14,742 [398215a5-964b-4dc4-b31b-bbd09ffd15fb-groupManagement] INFO  server.RaftServerConfigKeys (ConfUtils.java:logGet(46)) - raft.server.log.write.buffer.size = 8388616 (custom)
2024-08-15 03:37:14,744 [398215a5-964b-4dc4-b31b-bbd09ffd15fb-groupManagement] INFO  server.RaftServerConfigKeys (ConfUtils.java:logGet(46)) - raft.server.log.appender.buffer.byte-limit = 8388608 (custom)
2024-08-15 03:37:14,744 [398215a5-964b-4dc4-b31b-bbd09ffd15fb-groupManagement] INFO  server.RaftServerConfigKeys (ConfUtils.java:logGet(46)) - raft.server.log.unsafe-flush.enabled = false (default)
2024-08-15 03:37:14,744 [398215a5-964b-4dc4-b31b-bbd09ffd15fb-groupManagement] INFO  server.RaftServerConfigKeys (ConfUtils.java:logGet(46)) - raft.server.log.async-flush.enabled = false (default)
2024-08-15 03:37:14,744 [398215a5-964b-4dc4-b31b-bbd09ffd15fb-groupManagement] INFO  server.RaftServerConfigKeys (ConfUtils.java:logGet(46)) - raft.server.log.statemachine.data.caching.enabled = true (custom)
2024-08-15 03:37:14,744 [398215a5-964b-4dc4-b31b-bbd09ffd15fb-groupManagement] INFO  segmented.SegmentedRaftLogWorker (SegmentedRaftLogWorker.java:lambda$new$0(135)) - 398215a5-964b-4dc4-b31b-bbd09ffd15fb@group-7632133483E8-SegmentedRaftLogWorker: flushIndex: setUnconditionally 0 -> -1
2024-08-15 03:37:14,744 [398215a5-964b-4dc4-b31b-bbd09ffd15fb-groupManagement] INFO  segmented.SegmentedRaftLogWorker (SegmentedRaftLogWorker.java:lambda$new$0(135)) - 398215a5-964b-4dc4-b31b-bbd09ffd15fb@group-7632133483E8-SegmentedRaftLogWorker: safeCacheEvictIndex: setUnconditionally 0 -> -1
2024-08-15 03:37:14,745 [398215a5-964b-4dc4-b31b-bbd09ffd15fb-groupManagement] INFO  server.RaftServer$Division (RaftServerImpl.java:start(389)) - 398215a5-964b-4dc4-b31b-bbd09ffd15fb@group-7632133483E8: start as a follower, conf=conf: {index: -1, cur=peers:[398215a5-964b-4dc4-b31b-bbd09ffd15fb|127.0.0.1:15231, ab869ec9-a1da-4eec-ae22-c3ca637d5862|127.0.0.1:15222, cd98677a-ad7a-47a4-bd04-3d82e218dd7d|127.0.0.1:15240]|listeners:[], old=null}
2024-08-15 03:37:14,745 [398215a5-964b-4dc4-b31b-bbd09ffd15fb-groupManagement] INFO  server.RaftServer$Division (RaftServerImpl.java:setRole(376)) - 398215a5-964b-4dc4-b31b-bbd09ffd15fb@group-7632133483E8: changes role from      null to FOLLOWER at term 0 for startAsFollower
2024-08-15 03:37:14,745 [398215a5-964b-4dc4-b31b-bbd09ffd15fb-groupManagement] INFO  impl.RoleInfo (RoleInfo.java:updateAndGet(148)) - 398215a5-964b-4dc4-b31b-bbd09ffd15fb: start 398215a5-964b-4dc4-b31b-bbd09ffd15fb@group-7632133483E8-FollowerState
2024-08-15 03:37:14,745 [398215a5-964b-4dc4-b31b-bbd09ffd15fb-groupManagement] INFO  util.JmxRegister (JmxRegister.java:tryRegister(44)) - Successfully registered JMX Bean with object name Ratis:service=RaftServer,group=group-7632133483E8,id=398215a5-964b-4dc4-b31b-bbd09ffd15fb
2024-08-15 03:37:14,745 [398215a5-964b-4dc4-b31b-bbd09ffd15fb-groupManagement] INFO  util.JmxRegister (JmxRegister.java:register(58)) - register mxBean class org.apache.ratis.server.impl.RaftServerJmxAdapter as Ratis:service=RaftServer,group=group-7632133483E8,id=398215a5-964b-4dc4-b31b-bbd09ffd15fb
2024-08-15 03:37:14,745 [398215a5-964b-4dc4-b31b-bbd09ffd15fb@group-7632133483E8-FollowerState] INFO  server.RaftServerConfigKeys (ConfUtils.java:logFallback(53)) - raft.server.rpc.first-election.timeout.min = 5s (fallback to raft.server.rpc.timeout.min)
2024-08-15 03:37:14,745 [398215a5-964b-4dc4-b31b-bbd09ffd15fb@group-7632133483E8-FollowerState] INFO  server.RaftServerConfigKeys (ConfUtils.java:logFallback(53)) - raft.server.rpc.first-election.timeout.max = 5200ms (fallback to raft.server.rpc.timeout.max)
2024-08-15 03:37:14,745 [398215a5-964b-4dc4-b31b-bbd09ffd15fb-groupManagement] INFO  server.RaftServerConfigKeys (ConfUtils.java:logGet(46)) - raft.server.snapshot.trigger-when-stop.enabled = true (default)
2024-08-15 03:37:14,746 [398215a5-964b-4dc4-b31b-bbd09ffd15fb-groupManagement] INFO  server.RaftServerConfigKeys (ConfUtils.java:logGet(46)) - raft.server.snapshot.trigger-when-remove.enabled = true (default)
2024-08-15 03:37:14,746 [398215a5-964b-4dc4-b31b-bbd09ffd15fb-groupManagement] INFO  server.RaftServerConfigKeys (ConfUtils.java:logGet(46)) - raft.server.snapshot.auto.trigger.enabled = true (custom)
2024-08-15 03:37:14,746 [398215a5-964b-4dc4-b31b-bbd09ffd15fb-groupManagement] INFO  server.RaftServerConfigKeys (ConfUtils.java:logGet(46)) - raft.server.snapshot.auto.trigger.threshold = 10000 (custom)
2024-08-15 03:37:14,746 [398215a5-964b-4dc4-b31b-bbd09ffd15fb-groupManagement] INFO  server.RaftServerConfigKeys (ConfUtils.java:logGet(46)) - raft.server.snapshot.retention.file.num = 5 (custom)
2024-08-15 03:37:14,746 [398215a5-964b-4dc4-b31b-bbd09ffd15fb-groupManagement] INFO  server.RaftServerConfigKeys (ConfUtils.java:logGet(46)) - raft.server.log.purge.upto.snapshot.index = false (default)
2024-08-15 03:37:14,754 [ab869ec9-a1da-4eec-ae22-c3ca637d5862-PipelineCommandHandlerThread-0] INFO  commandhandler.CreatePipelineCommandHandler (CreatePipelineCommandHandler.java:lambda$handle$2(124)) - Created Pipeline RATIS THREE PipelineID=06141354-55e8-4f53-bb23-7632133483e8.
2024-08-15 03:37:14,754 [ab869ec9-a1da-4eec-ae22-c3ca637d5862-PipelineCommandHandlerThread-0] INFO  server.RaftServer (RaftServerProxy.java:addNew(101)) - ab869ec9-a1da-4eec-ae22-c3ca637d5862: addNew group-89CEF1657FB2:[398215a5-964b-4dc4-b31b-bbd09ffd15fb|127.0.0.1:15231, ab869ec9-a1da-4eec-ae22-c3ca637d5862|127.0.0.1:15222, cd98677a-ad7a-47a4-bd04-3d82e218dd7d|127.0.0.1:15240] returns group-89CEF1657FB2:java.util.concurrent.CompletableFuture@53cd9d95[Not completed]
2024-08-15 03:37:14,755 [ab869ec9-a1da-4eec-ae22-c3ca637d5862-groupManagement] INFO  server.RaftServer$Division (RaftServerImpl.java:<init>(253)) - ab869ec9-a1da-4eec-ae22-c3ca637d5862: new RaftServerImpl for group-89CEF1657FB2:[398215a5-964b-4dc4-b31b-bbd09ffd15fb|127.0.0.1:15231, ab869ec9-a1da-4eec-ae22-c3ca637d5862|127.0.0.1:15222, cd98677a-ad7a-47a4-bd04-3d82e218dd7d|127.0.0.1:15240] with ContainerStateMachine:uninitialized
2024-08-15 03:37:14,755 [ab869ec9-a1da-4eec-ae22-c3ca637d5862-groupManagement] INFO  server.RaftServerConfigKeys (ConfUtils.java:logGet(46)) - raft.server.rpc.timeout.min = 5s (custom)
2024-08-15 03:37:14,755 [ab869ec9-a1da-4eec-ae22-c3ca637d5862-groupManagement] INFO  server.RaftServerConfigKeys (ConfUtils.java:logGet(46)) - raft.server.rpc.timeout.max = 5200ms (custom)
2024-08-15 03:37:14,755 [ab869ec9-a1da-4eec-ae22-c3ca637d5862-groupManagement] INFO  server.RaftServerConfigKeys (ConfUtils.java:logGet(46)) - raft.server.rpc.sleep.time = 25ms (default)
2024-08-15 03:37:14,755 [ab869ec9-a1da-4eec-ae22-c3ca637d5862-groupManagement] INFO  server.RaftServerConfigKeys (ConfUtils.java:logGet(46)) - raft.server.rpc.slowness.timeout = 300s (custom)
2024-08-15 03:37:14,755 [ab869ec9-a1da-4eec-ae22-c3ca637d5862-groupManagement] INFO  server.RaftServerConfigKeys (ConfUtils.java:logGet(46)) - raft.server.leaderelection.leader.step-down.wait-time = 10s (default)
2024-08-15 03:37:14,755 [ab869ec9-a1da-4eec-ae22-c3ca637d5862-groupManagement] INFO  server.RaftServerConfigKeys (ConfUtils.java:logGet(46)) - raft.server.leaderelection.member.majority-add = false (default)
2024-08-15 03:37:14,755 [ab869ec9-a1da-4eec-ae22-c3ca637d5862-groupManagement] INFO  server.RaftServerConfigKeys (ConfUtils.java:logGet(46)) - raft.server.sleep.deviation.threshold = 300ms (default)
2024-08-15 03:37:14,755 [ab869ec9-a1da-4eec-ae22-c3ca637d5862-groupManagement] INFO  server.RaftServer$Division (ServerState.java:<init>(114)) - ab869ec9-a1da-4eec-ae22-c3ca637d5862@group-89CEF1657FB2: ConfigurationManager, init=conf: {index: -1, cur=peers:[398215a5-964b-4dc4-b31b-bbd09ffd15fb|127.0.0.1:15231, ab869ec9-a1da-4eec-ae22-c3ca637d5862|127.0.0.1:15222, cd98677a-ad7a-47a4-bd04-3d82e218dd7d|127.0.0.1:15240]|listeners:[], old=null}, confs=<EMPTY_MAP>
2024-08-15 03:37:14,755 [ab869ec9-a1da-4eec-ae22-c3ca637d5862-groupManagement] INFO  server.RaftServerConfigKeys (ConfUtils.java:logGet(46)) - raft.server.notification.no-leader.timeout = 300s (custom)
2024-08-15 03:37:14,755 [ab869ec9-a1da-4eec-ae22-c3ca637d5862-groupManagement] INFO  server.RaftServerConfigKeys (ConfUtils.java:logGet(46)) - raft.server.read.timeout = 10s (default)
2024-08-15 03:37:14,756 [ab869ec9-a1da-4eec-ae22-c3ca637d5862-groupManagement] INFO  server.RaftServerConfigKeys (ConfUtils.java:logGet(46)) - raft.server.retrycache.expirytime = 600000ms (custom)
2024-08-15 03:37:14,756 [ab869ec9-a1da-4eec-ae22-c3ca637d5862-groupManagement] INFO  server.RaftServerConfigKeys (ConfUtils.java:logGet(46)) - raft.server.retrycache.statistics.expirytime = 100ms (default)
2024-08-15 03:37:14,756 [ab869ec9-a1da-4eec-ae22-c3ca637d5862-groupManagement] INFO  server.RaftServerConfigKeys (ConfUtils.java:logGet(46)) - raft.server.read.option = DEFAULT (default)
2024-08-15 03:37:14,756 [ab869ec9-a1da-4eec-ae22-c3ca637d5862-groupManagement] INFO  server.RaftServerConfigKeys (ConfUtils.java:logGet(46)) - raft.server.read.read-after-write-consistent.write-index-cache.expiry-time = 60s (default)
2024-08-15 03:37:14,757 [ab869ec9-a1da-4eec-ae22-c3ca637d5862-groupManagement] INFO  server.RaftServerConfigKeys (ConfUtils.java:logGet(46)) - raft.server.rpc.request.timeout = 60s (custom)
2024-08-15 03:37:14,757 [ab869ec9-a1da-4eec-ae22-c3ca637d5862-groupManagement] INFO  server.RaftServerConfigKeys (ConfUtils.java:logGet(46)) - raft.server.log.appender.install.snapshot.enabled = false (custom)
2024-08-15 03:37:14,757 [ab869ec9-a1da-4eec-ae22-c3ca637d5862-groupManagement] INFO  server.RaftServerConfigKeys (ConfUtils.java:logGet(46)) - raft.server.threadpool.server.cached = true (default)
2024-08-15 03:37:14,757 [ab869ec9-a1da-4eec-ae22-c3ca637d5862-groupManagement] INFO  server.RaftServerConfigKeys (ConfUtils.java:logGet(46)) - raft.server.threadpool.server.size = 0 (default)
2024-08-15 03:37:14,757 [ab869ec9-a1da-4eec-ae22-c3ca637d5862-groupManagement] INFO  server.RaftServerConfigKeys (ConfUtils.java:logGet(46)) - raft.server.threadpool.client.cached = true (default)
2024-08-15 03:37:14,757 [ab869ec9-a1da-4eec-ae22-c3ca637d5862-groupManagement] INFO  server.RaftServerConfigKeys (ConfUtils.java:logGet(46)) - raft.server.threadpool.client.size = 0 (default)
2024-08-15 03:37:14,757 [ab869ec9-a1da-4eec-ae22-c3ca637d5862-groupManagement] INFO  server.RaftServerConfigKeys (ConfUtils.java:logGet(46)) - raft.server.storage.free-space.min = 0MB (=0) (default)
2024-08-15 03:37:14,757 [ab869ec9-a1da-4eec-ae22-c3ca637d5862-groupManagement] INFO  server.RaftServerConfigKeys (ConfUtils.java:logGet(46)) - raft.server.log.corruption.policy = EXCEPTION (default)
2024-08-15 03:37:14,757 [ab869ec9-a1da-4eec-ae22-c3ca637d5862-groupManagement] INFO  server.RaftServerConfigKeys (ConfUtils.java:logGet(46)) - raft.server.storage.dir = [/home/runner/work/ozone/ozone/hadoop-ozone/integration-test/target/test-dir/MiniOzoneClusterImpl-defbb36e-87e0-488b-866f-35c0fcf0d8c3/ozone-meta/datanode-1/ratis] (custom)
2024-08-15 03:37:14,757 [ab869ec9-a1da-4eec-ae22-c3ca637d5862-groupManagement] INFO  storage.RaftStorageDirectory (RaftStorageDirectoryImpl.java:analyzeStorage(138)) - The storage directory /home/runner/work/ozone/ozone/hadoop-ozone/integration-test/target/test-dir/MiniOzoneClusterImpl-defbb36e-87e0-488b-866f-35c0fcf0d8c3/ozone-meta/datanode-1/ratis/542b0424-40cf-456c-9ad4-89cef1657fb2 does not exist. Creating ...
2024-08-15 03:37:14,758 [ab869ec9-a1da-4eec-ae22-c3ca637d5862-groupManagement] INFO  storage.RaftStorageDirectory (RaftStorageDirectoryImpl.java:tryLock(229)) - Lock on /home/runner/work/ozone/ozone/hadoop-ozone/integration-test/target/test-dir/MiniOzoneClusterImpl-defbb36e-87e0-488b-866f-35c0fcf0d8c3/ozone-meta/datanode-1/ratis/542b0424-40cf-456c-9ad4-89cef1657fb2/in_use.lock acquired by nodename 2891@fv-az1015-460
2024-08-15 03:37:14,759 [ab869ec9-a1da-4eec-ae22-c3ca637d5862-groupManagement] INFO  storage.RaftStorage (RaftStorageImpl.java:format(98)) - Storage directory /home/runner/work/ozone/ozone/hadoop-ozone/integration-test/target/test-dir/MiniOzoneClusterImpl-defbb36e-87e0-488b-866f-35c0fcf0d8c3/ozone-meta/datanode-1/ratis/542b0424-40cf-456c-9ad4-89cef1657fb2 has been successfully formatted.
2024-08-15 03:37:14,760 [ab869ec9-a1da-4eec-ae22-c3ca637d5862-groupManagement] INFO  ratis.ContainerStateMachine (ContainerStateMachine.java:loadSnapshot(295)) - group-89CEF1657FB2: The snapshot info is null. Setting the last applied index to:(t:0, i:~)
2024-08-15 03:37:14,760 [ab869ec9-a1da-4eec-ae22-c3ca637d5862-groupManagement] INFO  server.RaftServerConfigKeys (ConfUtils.java:logGet(46)) - raft.server.log.use.memory = false (default)
2024-08-15 03:37:14,760 [ab869ec9-a1da-4eec-ae22-c3ca637d5862-groupManagement] INFO  server.RaftServerConfigKeys (ConfUtils.java:logGet(46)) - raft.server.log.purge.gap = 1000000 (custom)
2024-08-15 03:37:14,760 [ab869ec9-a1da-4eec-ae22-c3ca637d5862-groupManagement] INFO  server.RaftServerConfigKeys (ConfUtils.java:logGet(46)) - raft.server.log.appender.buffer.byte-limit = 8388608 (custom)
2024-08-15 03:37:14,760 [ab869ec9-a1da-4eec-ae22-c3ca637d5862-groupManagement] INFO  server.RaftServerConfigKeys (ConfUtils.java:logGet(46)) - raft.server.log.statemachine.data.read.timeout = 1000ms (default)
2024-08-15 03:37:14,760 [ab869ec9-a1da-4eec-ae22-c3ca637d5862-groupManagement] INFO  server.RaftServerConfigKeys (ConfUtils.java:logGet(46)) - raft.server.log.purge.preservation.log.num = 0 (default)
2024-08-15 03:37:14,761 [ab869ec9-a1da-4eec-ae22-c3ca637d5862-groupManagement] INFO  server.RaftServerConfigKeys (ConfUtils.java:logGet(46)) - raft.server.log.segment.size.max = 67108864 (custom)
2024-08-15 03:37:14,761 [ab869ec9-a1da-4eec-ae22-c3ca637d5862-groupManagement] INFO  server.RaftServerConfigKeys (ConfUtils.java:logGet(46)) - raft.server.log.segment.cache.num.max = 2 (custom)
2024-08-15 03:37:14,761 [ab869ec9-a1da-4eec-ae22-c3ca637d5862-groupManagement] INFO  server.RaftServerConfigKeys (ConfUtils.java:logGet(46)) - raft.server.log.segment.cache.size.max = 200MB (=209715200) (default)
2024-08-15 03:37:14,761 [ab869ec9-a1da-4eec-ae22-c3ca637d5862-groupManagement] INFO  server.RaftServerConfigKeys (ConfUtils.java:logGet(46)) - raft.server.log.appender.buffer.byte-limit = 8388608 (custom)
2024-08-15 03:37:14,761 [EventQueue-OpenPipelineForHealthyPipelineSafeModeRule] INFO  safemode.SCMSafeModeManager (HealthyPipelineSafeModeRule.java:process(140)) - SCM in safe mode. Healthy pipelines reported count is 0, required healthy pipeline reported count is 1
2024-08-15 03:37:14,761 [ab869ec9-a1da-4eec-ae22-c3ca637d5862-groupManagement] INFO  util.AwaitToRun (AwaitToRun.java:start(81)) - Thread[ab869ec9-a1da-4eec-ae22-c3ca637d5862@group-89CEF1657FB2-cacheEviction-AwaitToRun,5,main] started
2024-08-15 03:37:14,761 [ab869ec9-a1da-4eec-ae22-c3ca637d5862-groupManagement] INFO  segmented.SegmentedRaftLogWorker (SegmentedRaftLogWorker.java:<init>(184)) - new ab869ec9-a1da-4eec-ae22-c3ca637d5862@group-89CEF1657FB2-SegmentedRaftLogWorker for RaftStorageImpl:Storage Directory /home/runner/work/ozone/ozone/hadoop-ozone/integration-test/target/test-dir/MiniOzoneClusterImpl-defbb36e-87e0-488b-866f-35c0fcf0d8c3/ozone-meta/datanode-1/ratis/542b0424-40cf-456c-9ad4-89cef1657fb2
2024-08-15 03:37:14,761 [ab869ec9-a1da-4eec-ae22-c3ca637d5862-groupManagement] INFO  server.RaftServerConfigKeys (ConfUtils.java:logGet(46)) - raft.server.log.queue.byte-limit = 4294967296 (custom)
2024-08-15 03:37:14,762 [ab869ec9-a1da-4eec-ae22-c3ca637d5862-groupManagement] INFO  server.RaftServerConfigKeys (ConfUtils.java:logGet(46)) - raft.server.log.queue.element-limit = 1024 (custom)
2024-08-15 03:37:14,762 [ab869ec9-a1da-4eec-ae22-c3ca637d5862-groupManagement] INFO  server.RaftServerConfigKeys (ConfUtils.java:logGet(46)) - raft.server.log.segment.size.max = 67108864 (custom)
2024-08-15 03:37:14,762 [ab869ec9-a1da-4eec-ae22-c3ca637d5862-groupManagement] INFO  server.RaftServerConfigKeys (ConfUtils.java:logGet(46)) - raft.server.log.preallocated.size = 4194304 (custom)
2024-08-15 03:37:14,762 [ab869ec9-a1da-4eec-ae22-c3ca637d5862-groupManagement] INFO  server.RaftServerConfigKeys (ConfUtils.java:logGet(46)) - raft.server.log.force.sync.num = 128 (default)
2024-08-15 03:37:14,762 [ab869ec9-a1da-4eec-ae22-c3ca637d5862-groupManagement] INFO  server.RaftServerConfigKeys (ConfUtils.java:logGet(46)) - raft.server.log.statemachine.data.sync = true (default)
2024-08-15 03:37:14,762 [ab869ec9-a1da-4eec-ae22-c3ca637d5862-groupManagement] INFO  server.RaftServerConfigKeys (ConfUtils.java:logGet(46)) - raft.server.log.statemachine.data.sync.timeout = 10s (default)
2024-08-15 03:37:14,762 [ab869ec9-a1da-4eec-ae22-c3ca637d5862-groupManagement] INFO  server.RaftServerConfigKeys (ConfUtils.java:logGet(46)) - raft.server.log.statemachine.data.sync.timeout.retry = 30 (custom)
2024-08-15 03:37:14,762 [ab869ec9-a1da-4eec-ae22-c3ca637d5862-groupManagement] INFO  server.RaftServerConfigKeys (ConfUtils.java:logGet(46)) - raft.server.log.write.buffer.size = 8388616 (custom)
2024-08-15 03:37:14,764 [ab869ec9-a1da-4eec-ae22-c3ca637d5862-groupManagement] INFO  server.RaftServerConfigKeys (ConfUtils.java:logGet(46)) - raft.server.log.appender.buffer.byte-limit = 8388608 (custom)
2024-08-15 03:37:14,764 [ab869ec9-a1da-4eec-ae22-c3ca637d5862-groupManagement] INFO  server.RaftServerConfigKeys (ConfUtils.java:logGet(46)) - raft.server.log.unsafe-flush.enabled = false (default)
2024-08-15 03:37:14,764 [ab869ec9-a1da-4eec-ae22-c3ca637d5862-groupManagement] INFO  server.RaftServerConfigKeys (ConfUtils.java:logGet(46)) - raft.server.log.async-flush.enabled = false (default)
2024-08-15 03:37:14,764 [ab869ec9-a1da-4eec-ae22-c3ca637d5862-groupManagement] INFO  server.RaftServerConfigKeys (ConfUtils.java:logGet(46)) - raft.server.log.statemachine.data.caching.enabled = true (custom)
2024-08-15 03:37:14,764 [ab869ec9-a1da-4eec-ae22-c3ca637d5862-groupManagement] INFO  segmented.SegmentedRaftLogWorker (SegmentedRaftLogWorker.java:lambda$new$0(135)) - ab869ec9-a1da-4eec-ae22-c3ca637d5862@group-89CEF1657FB2-SegmentedRaftLogWorker: flushIndex: setUnconditionally 0 -> -1
2024-08-15 03:37:14,764 [ab869ec9-a1da-4eec-ae22-c3ca637d5862-groupManagement] INFO  segmented.SegmentedRaftLogWorker (SegmentedRaftLogWorker.java:lambda$new$0(135)) - ab869ec9-a1da-4eec-ae22-c3ca637d5862@group-89CEF1657FB2-SegmentedRaftLogWorker: safeCacheEvictIndex: setUnconditionally 0 -> -1
2024-08-15 03:37:14,764 [ab869ec9-a1da-4eec-ae22-c3ca637d5862-groupManagement] INFO  server.RaftServer$Division (RaftServerImpl.java:start(389)) - ab869ec9-a1da-4eec-ae22-c3ca637d5862@group-89CEF1657FB2: start as a follower, conf=conf: {index: -1, cur=peers:[398215a5-964b-4dc4-b31b-bbd09ffd15fb|127.0.0.1:15231, ab869ec9-a1da-4eec-ae22-c3ca637d5862|127.0.0.1:15222, cd98677a-ad7a-47a4-bd04-3d82e218dd7d|127.0.0.1:15240]|listeners:[], old=null}
2024-08-15 03:37:14,765 [ab869ec9-a1da-4eec-ae22-c3ca637d5862-groupManagement] INFO  server.RaftServer$Division (RaftServerImpl.java:setRole(376)) - ab869ec9-a1da-4eec-ae22-c3ca637d5862@group-89CEF1657FB2: changes role from      null to FOLLOWER at term 0 for startAsFollower
2024-08-15 03:37:14,765 [ab869ec9-a1da-4eec-ae22-c3ca637d5862-groupManagement] INFO  impl.RoleInfo (RoleInfo.java:updateAndGet(148)) - ab869ec9-a1da-4eec-ae22-c3ca637d5862: start ab869ec9-a1da-4eec-ae22-c3ca637d5862@group-89CEF1657FB2-FollowerState
2024-08-15 03:37:14,765 [ab869ec9-a1da-4eec-ae22-c3ca637d5862-groupManagement] INFO  util.JmxRegister (JmxRegister.java:tryRegister(44)) - Successfully registered JMX Bean with object name Ratis:service=RaftServer,group=group-89CEF1657FB2,id=ab869ec9-a1da-4eec-ae22-c3ca637d5862
2024-08-15 03:37:14,765 [ab869ec9-a1da-4eec-ae22-c3ca637d5862-groupManagement] INFO  util.JmxRegister (JmxRegister.java:register(58)) - register mxBean class org.apache.ratis.server.impl.RaftServerJmxAdapter as Ratis:service=RaftServer,group=group-89CEF1657FB2,id=ab869ec9-a1da-4eec-ae22-c3ca637d5862
2024-08-15 03:37:14,765 [ab869ec9-a1da-4eec-ae22-c3ca637d5862@group-89CEF1657FB2-FollowerState] INFO  server.RaftServerConfigKeys (ConfUtils.java:logFallback(53)) - raft.server.rpc.first-election.timeout.min = 5s (fallback to raft.server.rpc.timeout.min)
2024-08-15 03:37:14,765 [ab869ec9-a1da-4eec-ae22-c3ca637d5862-groupManagement] INFO  server.RaftServerConfigKeys (ConfUtils.java:logGet(46)) - raft.server.snapshot.trigger-when-stop.enabled = true (default)
2024-08-15 03:37:14,765 [ab869ec9-a1da-4eec-ae22-c3ca637d5862@group-89CEF1657FB2-FollowerState] INFO  server.RaftServerConfigKeys (ConfUtils.java:logFallback(53)) - raft.server.rpc.first-election.timeout.max = 5200ms (fallback to raft.server.rpc.timeout.max)
2024-08-15 03:37:14,765 [ab869ec9-a1da-4eec-ae22-c3ca637d5862-groupManagement] INFO  server.RaftServerConfigKeys (ConfUtils.java:logGet(46)) - raft.server.snapshot.trigger-when-remove.enabled = true (default)
2024-08-15 03:37:14,765 [ab869ec9-a1da-4eec-ae22-c3ca637d5862-groupManagement] INFO  server.RaftServerConfigKeys (ConfUtils.java:logGet(46)) - raft.server.snapshot.auto.trigger.enabled = true (custom)
2024-08-15 03:37:14,765 [ab869ec9-a1da-4eec-ae22-c3ca637d5862-groupManagement] INFO  server.RaftServerConfigKeys (ConfUtils.java:logGet(46)) - raft.server.snapshot.auto.trigger.threshold = 10000 (custom)
2024-08-15 03:37:14,765 [ab869ec9-a1da-4eec-ae22-c3ca637d5862-groupManagement] INFO  server.RaftServerConfigKeys (ConfUtils.java:logGet(46)) - raft.server.snapshot.retention.file.num = 5 (custom)
2024-08-15 03:37:14,765 [ab869ec9-a1da-4eec-ae22-c3ca637d5862-groupManagement] INFO  server.RaftServerConfigKeys (ConfUtils.java:logGet(46)) - raft.server.log.purge.upto.snapshot.index = false (default)
2024-08-15 03:37:14,766 [ab869ec9-a1da-4eec-ae22-c3ca637d5862-PipelineCommandHandlerThread-0] INFO  ratis.XceiverServerRatis (XceiverServerRatis.java:addGroup(850)) - Created group PipelineID=542b0424-40cf-456c-9ad4-89cef1657fb2
2024-08-15 03:37:14,770 [grpc-default-executor-9] INFO  server.RaftServer (RaftServerProxy.java:addNew(101)) - 398215a5-964b-4dc4-b31b-bbd09ffd15fb: addNew group-89CEF1657FB2:[398215a5-964b-4dc4-b31b-bbd09ffd15fb|127.0.0.1:15231, ab869ec9-a1da-4eec-ae22-c3ca637d5862|127.0.0.1:15222, cd98677a-ad7a-47a4-bd04-3d82e218dd7d|127.0.0.1:15240] returns group-89CEF1657FB2:java.util.concurrent.CompletableFuture@6060f047[Not completed]
2024-08-15 03:37:14,771 [398215a5-964b-4dc4-b31b-bbd09ffd15fb-groupManagement] INFO  server.RaftServer$Division (RaftServerImpl.java:<init>(253)) - 398215a5-964b-4dc4-b31b-bbd09ffd15fb: new RaftServerImpl for group-89CEF1657FB2:[398215a5-964b-4dc4-b31b-bbd09ffd15fb|127.0.0.1:15231, ab869ec9-a1da-4eec-ae22-c3ca637d5862|127.0.0.1:15222, cd98677a-ad7a-47a4-bd04-3d82e218dd7d|127.0.0.1:15240] with ContainerStateMachine:uninitialized
2024-08-15 03:37:14,771 [398215a5-964b-4dc4-b31b-bbd09ffd15fb-groupManagement] INFO  server.RaftServerConfigKeys (ConfUtils.java:logGet(46)) - raft.server.rpc.timeout.min = 5s (custom)
2024-08-15 03:37:14,771 [398215a5-964b-4dc4-b31b-bbd09ffd15fb-groupManagement] INFO  server.RaftServerConfigKeys (ConfUtils.java:logGet(46)) - raft.server.rpc.timeout.max = 5200ms (custom)
2024-08-15 03:37:14,771 [398215a5-964b-4dc4-b31b-bbd09ffd15fb-groupManagement] INFO  server.RaftServerConfigKeys (ConfUtils.java:logGet(46)) - raft.server.rpc.sleep.time = 25ms (default)
2024-08-15 03:37:14,771 [398215a5-964b-4dc4-b31b-bbd09ffd15fb-groupManagement] INFO  server.RaftServerConfigKeys (ConfUtils.java:logGet(46)) - raft.server.rpc.slowness.timeout = 300s (custom)
2024-08-15 03:37:14,771 [398215a5-964b-4dc4-b31b-bbd09ffd15fb-groupManagement] INFO  server.RaftServerConfigKeys (ConfUtils.java:logGet(46)) - raft.server.leaderelection.leader.step-down.wait-time = 10s (default)
2024-08-15 03:37:14,771 [398215a5-964b-4dc4-b31b-bbd09ffd15fb-groupManagement] INFO  server.RaftServerConfigKeys (ConfUtils.java:logGet(46)) - raft.server.leaderelection.member.majority-add = false (default)
2024-08-15 03:37:14,771 [398215a5-964b-4dc4-b31b-bbd09ffd15fb-groupManagement] INFO  server.RaftServerConfigKeys (ConfUtils.java:logGet(46)) - raft.server.sleep.deviation.threshold = 300ms (default)
2024-08-15 03:37:14,771 [398215a5-964b-4dc4-b31b-bbd09ffd15fb-groupManagement] INFO  server.RaftServer$Division (ServerState.java:<init>(114)) - 398215a5-964b-4dc4-b31b-bbd09ffd15fb@group-89CEF1657FB2: ConfigurationManager, init=conf: {index: -1, cur=peers:[398215a5-964b-4dc4-b31b-bbd09ffd15fb|127.0.0.1:15231, ab869ec9-a1da-4eec-ae22-c3ca637d5862|127.0.0.1:15222, cd98677a-ad7a-47a4-bd04-3d82e218dd7d|127.0.0.1:15240]|listeners:[], old=null}, confs=<EMPTY_MAP>
2024-08-15 03:37:14,771 [398215a5-964b-4dc4-b31b-bbd09ffd15fb-groupManagement] INFO  server.RaftServerConfigKeys (ConfUtils.java:logGet(46)) - raft.server.notification.no-leader.timeout = 300s (custom)
2024-08-15 03:37:14,771 [398215a5-964b-4dc4-b31b-bbd09ffd15fb-groupManagement] INFO  server.RaftServerConfigKeys (ConfUtils.java:logGet(46)) - raft.server.read.timeout = 10s (default)
2024-08-15 03:37:14,772 [398215a5-964b-4dc4-b31b-bbd09ffd15fb-groupManagement] INFO  server.RaftServerConfigKeys (ConfUtils.java:logGet(46)) - raft.server.retrycache.expirytime = 600000ms (custom)
2024-08-15 03:37:14,772 [398215a5-964b-4dc4-b31b-bbd09ffd15fb-groupManagement] INFO  server.RaftServerConfigKeys (ConfUtils.java:logGet(46)) - raft.server.retrycache.statistics.expirytime = 100ms (default)
2024-08-15 03:37:14,772 [398215a5-964b-4dc4-b31b-bbd09ffd15fb-groupManagement] INFO  server.RaftServerConfigKeys (ConfUtils.java:logGet(46)) - raft.server.read.option = DEFAULT (default)
2024-08-15 03:37:14,772 [398215a5-964b-4dc4-b31b-bbd09ffd15fb-groupManagement] INFO  server.RaftServerConfigKeys (ConfUtils.java:logGet(46)) - raft.server.read.read-after-write-consistent.write-index-cache.expiry-time = 60s (default)
2024-08-15 03:37:14,773 [398215a5-964b-4dc4-b31b-bbd09ffd15fb-groupManagement] INFO  server.RaftServerConfigKeys (ConfUtils.java:logGet(46)) - raft.server.rpc.request.timeout = 60s (custom)
2024-08-15 03:37:14,773 [398215a5-964b-4dc4-b31b-bbd09ffd15fb-groupManagement] INFO  server.RaftServerConfigKeys (ConfUtils.java:logGet(46)) - raft.server.log.appender.install.snapshot.enabled = false (custom)
2024-08-15 03:37:14,773 [398215a5-964b-4dc4-b31b-bbd09ffd15fb-groupManagement] INFO  server.RaftServerConfigKeys (ConfUtils.java:logGet(46)) - raft.server.threadpool.server.cached = true (default)
2024-08-15 03:37:14,773 [398215a5-964b-4dc4-b31b-bbd09ffd15fb-groupManagement] INFO  server.RaftServerConfigKeys (ConfUtils.java:logGet(46)) - raft.server.threadpool.server.size = 0 (default)
2024-08-15 03:37:14,773 [398215a5-964b-4dc4-b31b-bbd09ffd15fb-groupManagement] INFO  server.RaftServerConfigKeys (ConfUtils.java:logGet(46)) - raft.server.threadpool.client.cached = true (default)
2024-08-15 03:37:14,774 [398215a5-964b-4dc4-b31b-bbd09ffd15fb-groupManagement] INFO  server.RaftServerConfigKeys (ConfUtils.java:logGet(46)) - raft.server.threadpool.client.size = 0 (default)
2024-08-15 03:37:14,774 [398215a5-964b-4dc4-b31b-bbd09ffd15fb-groupManagement] INFO  server.RaftServerConfigKeys (ConfUtils.java:logGet(46)) - raft.server.storage.free-space.min = 0MB (=0) (default)
2024-08-15 03:37:14,774 [398215a5-964b-4dc4-b31b-bbd09ffd15fb-groupManagement] INFO  server.RaftServerConfigKeys (ConfUtils.java:logGet(46)) - raft.server.log.corruption.policy = EXCEPTION (default)
2024-08-15 03:37:14,774 [398215a5-964b-4dc4-b31b-bbd09ffd15fb-groupManagement] INFO  server.RaftServerConfigKeys (ConfUtils.java:logGet(46)) - raft.server.storage.dir = [/home/runner/work/ozone/ozone/hadoop-ozone/integration-test/target/test-dir/MiniOzoneClusterImpl-defbb36e-87e0-488b-866f-35c0fcf0d8c3/ozone-meta/datanode-2/ratis] (custom)
2024-08-15 03:37:14,774 [398215a5-964b-4dc4-b31b-bbd09ffd15fb-groupManagement] INFO  storage.RaftStorageDirectory (RaftStorageDirectoryImpl.java:analyzeStorage(138)) - The storage directory /home/runner/work/ozone/ozone/hadoop-ozone/integration-test/target/test-dir/MiniOzoneClusterImpl-defbb36e-87e0-488b-866f-35c0fcf0d8c3/ozone-meta/datanode-2/ratis/542b0424-40cf-456c-9ad4-89cef1657fb2 does not exist. Creating ...
2024-08-15 03:37:14,775 [398215a5-964b-4dc4-b31b-bbd09ffd15fb-groupManagement] INFO  storage.RaftStorageDirectory (RaftStorageDirectoryImpl.java:tryLock(229)) - Lock on /home/runner/work/ozone/ozone/hadoop-ozone/integration-test/target/test-dir/MiniOzoneClusterImpl-defbb36e-87e0-488b-866f-35c0fcf0d8c3/ozone-meta/datanode-2/ratis/542b0424-40cf-456c-9ad4-89cef1657fb2/in_use.lock acquired by nodename 2891@fv-az1015-460
2024-08-15 03:37:14,776 [398215a5-964b-4dc4-b31b-bbd09ffd15fb-groupManagement] INFO  storage.RaftStorage (RaftStorageImpl.java:format(98)) - Storage directory /home/runner/work/ozone/ozone/hadoop-ozone/integration-test/target/test-dir/MiniOzoneClusterImpl-defbb36e-87e0-488b-866f-35c0fcf0d8c3/ozone-meta/datanode-2/ratis/542b0424-40cf-456c-9ad4-89cef1657fb2 has been successfully formatted.
2024-08-15 03:37:14,777 [398215a5-964b-4dc4-b31b-bbd09ffd15fb-groupManagement] INFO  ratis.ContainerStateMachine (ContainerStateMachine.java:loadSnapshot(295)) - group-89CEF1657FB2: The snapshot info is null. Setting the last applied index to:(t:0, i:~)
2024-08-15 03:37:14,777 [398215a5-964b-4dc4-b31b-bbd09ffd15fb-groupManagement] INFO  server.RaftServerConfigKeys (ConfUtils.java:logGet(46)) - raft.server.log.use.memory = false (default)
2024-08-15 03:37:14,777 [398215a5-964b-4dc4-b31b-bbd09ffd15fb-groupManagement] INFO  server.RaftServerConfigKeys (ConfUtils.java:logGet(46)) - raft.server.log.purge.gap = 1000000 (custom)
2024-08-15 03:37:14,777 [398215a5-964b-4dc4-b31b-bbd09ffd15fb-groupManagement] INFO  server.RaftServerConfigKeys (ConfUtils.java:logGet(46)) - raft.server.log.appender.buffer.byte-limit = 8388608 (custom)
2024-08-15 03:37:14,777 [398215a5-964b-4dc4-b31b-bbd09ffd15fb-groupManagement] INFO  server.RaftServerConfigKeys (ConfUtils.java:logGet(46)) - raft.server.log.statemachine.data.read.timeout = 1000ms (default)
2024-08-15 03:37:14,777 [398215a5-964b-4dc4-b31b-bbd09ffd15fb-groupManagement] INFO  server.RaftServerConfigKeys (ConfUtils.java:logGet(46)) - raft.server.log.purge.preservation.log.num = 0 (default)
2024-08-15 03:37:14,778 [398215a5-964b-4dc4-b31b-bbd09ffd15fb-groupManagement] INFO  server.RaftServerConfigKeys (ConfUtils.java:logGet(46)) - raft.server.log.segment.size.max = 67108864 (custom)
2024-08-15 03:37:14,778 [398215a5-964b-4dc4-b31b-bbd09ffd15fb-groupManagement] INFO  server.RaftServerConfigKeys (ConfUtils.java:logGet(46)) - raft.server.log.segment.cache.num.max = 2 (custom)
2024-08-15 03:37:14,778 [398215a5-964b-4dc4-b31b-bbd09ffd15fb-groupManagement] INFO  server.RaftServerConfigKeys (ConfUtils.java:logGet(46)) - raft.server.log.segment.cache.size.max = 200MB (=209715200) (default)
2024-08-15 03:37:14,778 [398215a5-964b-4dc4-b31b-bbd09ffd15fb-groupManagement] INFO  server.RaftServerConfigKeys (ConfUtils.java:logGet(46)) - raft.server.log.appender.buffer.byte-limit = 8388608 (custom)
2024-08-15 03:37:14,778 [398215a5-964b-4dc4-b31b-bbd09ffd15fb-groupManagement] INFO  util.AwaitToRun (AwaitToRun.java:start(81)) - Thread[398215a5-964b-4dc4-b31b-bbd09ffd15fb@group-89CEF1657FB2-cacheEviction-AwaitToRun,5,main] started
2024-08-15 03:37:14,778 [398215a5-964b-4dc4-b31b-bbd09ffd15fb-groupManagement] INFO  segmented.SegmentedRaftLogWorker (SegmentedRaftLogWorker.java:<init>(184)) - new 398215a5-964b-4dc4-b31b-bbd09ffd15fb@group-89CEF1657FB2-SegmentedRaftLogWorker for RaftStorageImpl:Storage Directory /home/runner/work/ozone/ozone/hadoop-ozone/integration-test/target/test-dir/MiniOzoneClusterImpl-defbb36e-87e0-488b-866f-35c0fcf0d8c3/ozone-meta/datanode-2/ratis/542b0424-40cf-456c-9ad4-89cef1657fb2
2024-08-15 03:37:14,779 [398215a5-964b-4dc4-b31b-bbd09ffd15fb-groupManagement] INFO  server.RaftServerConfigKeys (ConfUtils.java:logGet(46)) - raft.server.log.queue.byte-limit = 4294967296 (custom)
2024-08-15 03:37:14,779 [398215a5-964b-4dc4-b31b-bbd09ffd15fb-groupManagement] INFO  server.RaftServerConfigKeys (ConfUtils.java:logGet(46)) - raft.server.log.queue.element-limit = 1024 (custom)
2024-08-15 03:37:14,779 [398215a5-964b-4dc4-b31b-bbd09ffd15fb-groupManagement] INFO  server.RaftServerConfigKeys (ConfUtils.java:logGet(46)) - raft.server.log.segment.size.max = 67108864 (custom)
2024-08-15 03:37:14,779 [398215a5-964b-4dc4-b31b-bbd09ffd15fb-groupManagement] INFO  server.RaftServerConfigKeys (ConfUtils.java:logGet(46)) - raft.server.log.preallocated.size = 4194304 (custom)
2024-08-15 03:37:14,779 [398215a5-964b-4dc4-b31b-bbd09ffd15fb-groupManagement] INFO  server.RaftServerConfigKeys (ConfUtils.java:logGet(46)) - raft.server.log.force.sync.num = 128 (default)
2024-08-15 03:37:14,779 [398215a5-964b-4dc4-b31b-bbd09ffd15fb-groupManagement] INFO  server.RaftServerConfigKeys (ConfUtils.java:logGet(46)) - raft.server.log.statemachine.data.sync = true (default)
2024-08-15 03:37:14,779 [398215a5-964b-4dc4-b31b-bbd09ffd15fb-groupManagement] INFO  server.RaftServerConfigKeys (ConfUtils.java:logGet(46)) - raft.server.log.statemachine.data.sync.timeout = 10s (default)
2024-08-15 03:37:14,779 [398215a5-964b-4dc4-b31b-bbd09ffd15fb-groupManagement] INFO  server.RaftServerConfigKeys (ConfUtils.java:logGet(46)) - raft.server.log.statemachine.data.sync.timeout.retry = 30 (custom)
2024-08-15 03:37:14,779 [398215a5-964b-4dc4-b31b-bbd09ffd15fb-groupManagement] INFO  server.RaftServerConfigKeys (ConfUtils.java:logGet(46)) - raft.server.log.write.buffer.size = 8388616 (custom)
2024-08-15 03:37:14,781 [398215a5-964b-4dc4-b31b-bbd09ffd15fb-groupManagement] INFO  server.RaftServerConfigKeys (ConfUtils.java:logGet(46)) - raft.server.log.appender.buffer.byte-limit = 8388608 (custom)
2024-08-15 03:37:14,781 [398215a5-964b-4dc4-b31b-bbd09ffd15fb-groupManagement] INFO  server.RaftServerConfigKeys (ConfUtils.java:logGet(46)) - raft.server.log.unsafe-flush.enabled = false (default)
2024-08-15 03:37:14,781 [398215a5-964b-4dc4-b31b-bbd09ffd15fb-groupManagement] INFO  server.RaftServerConfigKeys (ConfUtils.java:logGet(46)) - raft.server.log.async-flush.enabled = false (default)
2024-08-15 03:37:14,781 [398215a5-964b-4dc4-b31b-bbd09ffd15fb-groupManagement] INFO  server.RaftServerConfigKeys (ConfUtils.java:logGet(46)) - raft.server.log.statemachine.data.caching.enabled = true (custom)
2024-08-15 03:37:14,781 [398215a5-964b-4dc4-b31b-bbd09ffd15fb-groupManagement] INFO  segmented.SegmentedRaftLogWorker (SegmentedRaftLogWorker.java:lambda$new$0(135)) - 398215a5-964b-4dc4-b31b-bbd09ffd15fb@group-89CEF1657FB2-SegmentedRaftLogWorker: flushIndex: setUnconditionally 0 -> -1
2024-08-15 03:37:14,781 [398215a5-964b-4dc4-b31b-bbd09ffd15fb-groupManagement] INFO  segmented.SegmentedRaftLogWorker (SegmentedRaftLogWorker.java:lambda$new$0(135)) - 398215a5-964b-4dc4-b31b-bbd09ffd15fb@group-89CEF1657FB2-SegmentedRaftLogWorker: safeCacheEvictIndex: setUnconditionally 0 -> -1
2024-08-15 03:37:14,781 [398215a5-964b-4dc4-b31b-bbd09ffd15fb-groupManagement] INFO  server.RaftServer$Division (RaftServerImpl.java:start(389)) - 398215a5-964b-4dc4-b31b-bbd09ffd15fb@group-89CEF1657FB2: start as a follower, conf=conf: {index: -1, cur=peers:[398215a5-964b-4dc4-b31b-bbd09ffd15fb|127.0.0.1:15231, ab869ec9-a1da-4eec-ae22-c3ca637d5862|127.0.0.1:15222, cd98677a-ad7a-47a4-bd04-3d82e218dd7d|127.0.0.1:15240]|listeners:[], old=null}
2024-08-15 03:37:14,781 [398215a5-964b-4dc4-b31b-bbd09ffd15fb-groupManagement] INFO  server.RaftServer$Division (RaftServerImpl.java:setRole(376)) - 398215a5-964b-4dc4-b31b-bbd09ffd15fb@group-89CEF1657FB2: changes role from      null to FOLLOWER at term 0 for startAsFollower
2024-08-15 03:37:14,781 [398215a5-964b-4dc4-b31b-bbd09ffd15fb-groupManagement] INFO  impl.RoleInfo (RoleInfo.java:updateAndGet(148)) - 398215a5-964b-4dc4-b31b-bbd09ffd15fb: start 398215a5-964b-4dc4-b31b-bbd09ffd15fb@group-89CEF1657FB2-FollowerState
2024-08-15 03:37:14,782 [398215a5-964b-4dc4-b31b-bbd09ffd15fb-groupManagement] INFO  util.JmxRegister (JmxRegister.java:tryRegister(44)) - Successfully registered JMX Bean with object name Ratis:service=RaftServer,group=group-89CEF1657FB2,id=398215a5-964b-4dc4-b31b-bbd09ffd15fb
2024-08-15 03:37:14,782 [398215a5-964b-4dc4-b31b-bbd09ffd15fb-groupManagement] INFO  util.JmxRegister (JmxRegister.java:register(58)) - register mxBean class org.apache.ratis.server.impl.RaftServerJmxAdapter as Ratis:service=RaftServer,group=group-89CEF1657FB2,id=398215a5-964b-4dc4-b31b-bbd09ffd15fb
2024-08-15 03:37:14,782 [398215a5-964b-4dc4-b31b-bbd09ffd15fb@group-89CEF1657FB2-FollowerState] INFO  server.RaftServerConfigKeys (ConfUtils.java:logFallback(53)) - raft.server.rpc.first-election.timeout.min = 5s (fallback to raft.server.rpc.timeout.min)
2024-08-15 03:37:14,782 [398215a5-964b-4dc4-b31b-bbd09ffd15fb@group-89CEF1657FB2-FollowerState] INFO  server.RaftServerConfigKeys (ConfUtils.java:logFallback(53)) - raft.server.rpc.first-election.timeout.max = 5200ms (fallback to raft.server.rpc.timeout.max)
2024-08-15 03:37:14,782 [398215a5-964b-4dc4-b31b-bbd09ffd15fb-groupManagement] INFO  server.RaftServerConfigKeys (ConfUtils.java:logGet(46)) - raft.server.snapshot.trigger-when-stop.enabled = true (default)
2024-08-15 03:37:14,782 [398215a5-964b-4dc4-b31b-bbd09ffd15fb-groupManagement] INFO  server.RaftServerConfigKeys (ConfUtils.java:logGet(46)) - raft.server.snapshot.trigger-when-remove.enabled = true (default)
2024-08-15 03:37:14,782 [398215a5-964b-4dc4-b31b-bbd09ffd15fb-groupManagement] INFO  server.RaftServerConfigKeys (ConfUtils.java:logGet(46)) - raft.server.snapshot.auto.trigger.enabled = true (custom)
2024-08-15 03:37:14,782 [398215a5-964b-4dc4-b31b-bbd09ffd15fb-groupManagement] INFO  server.RaftServerConfigKeys (ConfUtils.java:logGet(46)) - raft.server.snapshot.auto.trigger.threshold = 10000 (custom)
2024-08-15 03:37:14,782 [398215a5-964b-4dc4-b31b-bbd09ffd15fb-groupManagement] INFO  server.RaftServerConfigKeys (ConfUtils.java:logGet(46)) - raft.server.snapshot.retention.file.num = 5 (custom)
2024-08-15 03:37:14,782 [398215a5-964b-4dc4-b31b-bbd09ffd15fb-groupManagement] INFO  server.RaftServerConfigKeys (ConfUtils.java:logGet(46)) - raft.server.log.purge.upto.snapshot.index = false (default)
2024-08-15 03:37:14,794 [grpc-default-executor-9] INFO  server.RaftServer (RaftServerProxy.java:addNew(101)) - cd98677a-ad7a-47a4-bd04-3d82e218dd7d: addNew group-89CEF1657FB2:[398215a5-964b-4dc4-b31b-bbd09ffd15fb|127.0.0.1:15231, ab869ec9-a1da-4eec-ae22-c3ca637d5862|127.0.0.1:15222, cd98677a-ad7a-47a4-bd04-3d82e218dd7d|127.0.0.1:15240] returns group-89CEF1657FB2:java.util.concurrent.CompletableFuture@3f4b9656[Not completed]
2024-08-15 03:37:14,795 [cd98677a-ad7a-47a4-bd04-3d82e218dd7d-groupManagement] INFO  server.RaftServer$Division (RaftServerImpl.java:<init>(253)) - cd98677a-ad7a-47a4-bd04-3d82e218dd7d: new RaftServerImpl for group-89CEF1657FB2:[398215a5-964b-4dc4-b31b-bbd09ffd15fb|127.0.0.1:15231, ab869ec9-a1da-4eec-ae22-c3ca637d5862|127.0.0.1:15222, cd98677a-ad7a-47a4-bd04-3d82e218dd7d|127.0.0.1:15240] with ContainerStateMachine:uninitialized
2024-08-15 03:37:14,795 [cd98677a-ad7a-47a4-bd04-3d82e218dd7d-groupManagement] INFO  server.RaftServerConfigKeys (ConfUtils.java:logGet(46)) - raft.server.rpc.timeout.min = 5s (custom)
2024-08-15 03:37:14,795 [cd98677a-ad7a-47a4-bd04-3d82e218dd7d-groupManagement] INFO  server.RaftServerConfigKeys (ConfUtils.java:logGet(46)) - raft.server.rpc.timeout.max = 5200ms (custom)
2024-08-15 03:37:14,795 [cd98677a-ad7a-47a4-bd04-3d82e218dd7d-groupManagement] INFO  server.RaftServerConfigKeys (ConfUtils.java:logGet(46)) - raft.server.rpc.sleep.time = 25ms (default)
2024-08-15 03:37:14,795 [cd98677a-ad7a-47a4-bd04-3d82e218dd7d-groupManagement] INFO  server.RaftServerConfigKeys (ConfUtils.java:logGet(46)) - raft.server.rpc.slowness.timeout = 300s (custom)
2024-08-15 03:37:14,795 [cd98677a-ad7a-47a4-bd04-3d82e218dd7d-groupManagement] INFO  server.RaftServerConfigKeys (ConfUtils.java:logGet(46)) - raft.server.leaderelection.leader.step-down.wait-time = 10s (default)
2024-08-15 03:37:14,795 [cd98677a-ad7a-47a4-bd04-3d82e218dd7d-groupManagement] INFO  server.RaftServerConfigKeys (ConfUtils.java:logGet(46)) - raft.server.leaderelection.member.majority-add = false (default)
2024-08-15 03:37:14,795 [cd98677a-ad7a-47a4-bd04-3d82e218dd7d-groupManagement] INFO  server.RaftServerConfigKeys (ConfUtils.java:logGet(46)) - raft.server.sleep.deviation.threshold = 300ms (default)
2024-08-15 03:37:14,795 [cd98677a-ad7a-47a4-bd04-3d82e218dd7d-groupManagement] INFO  server.RaftServer$Division (ServerState.java:<init>(114)) - cd98677a-ad7a-47a4-bd04-3d82e218dd7d@group-89CEF1657FB2: ConfigurationManager, init=conf: {index: -1, cur=peers:[398215a5-964b-4dc4-b31b-bbd09ffd15fb|127.0.0.1:15231, ab869ec9-a1da-4eec-ae22-c3ca637d5862|127.0.0.1:15222, cd98677a-ad7a-47a4-bd04-3d82e218dd7d|127.0.0.1:15240]|listeners:[], old=null}, confs=<EMPTY_MAP>
2024-08-15 03:37:14,795 [cd98677a-ad7a-47a4-bd04-3d82e218dd7d-groupManagement] INFO  server.RaftServerConfigKeys (ConfUtils.java:logGet(46)) - raft.server.notification.no-leader.timeout = 300s (custom)
2024-08-15 03:37:14,795 [cd98677a-ad7a-47a4-bd04-3d82e218dd7d-groupManagement] INFO  server.RaftServerConfigKeys (ConfUtils.java:logGet(46)) - raft.server.read.timeout = 10s (default)
2024-08-15 03:37:14,795 [cd98677a-ad7a-47a4-bd04-3d82e218dd7d-groupManagement] INFO  server.RaftServerConfigKeys (ConfUtils.java:logGet(46)) - raft.server.retrycache.expirytime = 600000ms (custom)
2024-08-15 03:37:14,795 [cd98677a-ad7a-47a4-bd04-3d82e218dd7d-groupManagement] INFO  server.RaftServerConfigKeys (ConfUtils.java:logGet(46)) - raft.server.retrycache.statistics.expirytime = 100ms (default)
2024-08-15 03:37:14,795 [cd98677a-ad7a-47a4-bd04-3d82e218dd7d-groupManagement] INFO  server.RaftServerConfigKeys (ConfUtils.java:logGet(46)) - raft.server.read.option = DEFAULT (default)
2024-08-15 03:37:14,795 [cd98677a-ad7a-47a4-bd04-3d82e218dd7d-groupManagement] INFO  server.RaftServerConfigKeys (ConfUtils.java:logGet(46)) - raft.server.read.read-after-write-consistent.write-index-cache.expiry-time = 60s (default)
2024-08-15 03:37:14,796 [cd98677a-ad7a-47a4-bd04-3d82e218dd7d-groupManagement] INFO  server.RaftServerConfigKeys (ConfUtils.java:logGet(46)) - raft.server.rpc.request.timeout = 60s (custom)
2024-08-15 03:37:14,796 [cd98677a-ad7a-47a4-bd04-3d82e218dd7d-groupManagement] INFO  server.RaftServerConfigKeys (ConfUtils.java:logGet(46)) - raft.server.log.appender.install.snapshot.enabled = false (custom)
2024-08-15 03:37:14,796 [cd98677a-ad7a-47a4-bd04-3d82e218dd7d-groupManagement] INFO  server.RaftServerConfigKeys (ConfUtils.java:logGet(46)) - raft.server.threadpool.server.cached = true (default)
2024-08-15 03:37:14,796 [cd98677a-ad7a-47a4-bd04-3d82e218dd7d-groupManagement] INFO  server.RaftServerConfigKeys (ConfUtils.java:logGet(46)) - raft.server.threadpool.server.size = 0 (default)
2024-08-15 03:37:14,796 [cd98677a-ad7a-47a4-bd04-3d82e218dd7d-groupManagement] INFO  server.RaftServerConfigKeys (ConfUtils.java:logGet(46)) - raft.server.threadpool.client.cached = true (default)
2024-08-15 03:37:14,796 [cd98677a-ad7a-47a4-bd04-3d82e218dd7d-groupManagement] INFO  server.RaftServerConfigKeys (ConfUtils.java:logGet(46)) - raft.server.threadpool.client.size = 0 (default)
2024-08-15 03:37:14,796 [cd98677a-ad7a-47a4-bd04-3d82e218dd7d-groupManagement] INFO  server.RaftServerConfigKeys (ConfUtils.java:logGet(46)) - raft.server.storage.free-space.min = 0MB (=0) (default)
2024-08-15 03:37:14,796 [cd98677a-ad7a-47a4-bd04-3d82e218dd7d-groupManagement] INFO  server.RaftServerConfigKeys (ConfUtils.java:logGet(46)) - raft.server.log.corruption.policy = EXCEPTION (default)
2024-08-15 03:37:14,796 [cd98677a-ad7a-47a4-bd04-3d82e218dd7d-groupManagement] INFO  server.RaftServerConfigKeys (ConfUtils.java:logGet(46)) - raft.server.storage.dir = [/home/runner/work/ozone/ozone/hadoop-ozone/integration-test/target/test-dir/MiniOzoneClusterImpl-defbb36e-87e0-488b-866f-35c0fcf0d8c3/ozone-meta/datanode-3/ratis] (custom)
2024-08-15 03:37:14,796 [cd98677a-ad7a-47a4-bd04-3d82e218dd7d-groupManagement] INFO  storage.RaftStorageDirectory (RaftStorageDirectoryImpl.java:analyzeStorage(138)) - The storage directory /home/runner/work/ozone/ozone/hadoop-ozone/integration-test/target/test-dir/MiniOzoneClusterImpl-defbb36e-87e0-488b-866f-35c0fcf0d8c3/ozone-meta/datanode-3/ratis/542b0424-40cf-456c-9ad4-89cef1657fb2 does not exist. Creating ...
2024-08-15 03:37:14,797 [cd98677a-ad7a-47a4-bd04-3d82e218dd7d-groupManagement] INFO  storage.RaftStorageDirectory (RaftStorageDirectoryImpl.java:tryLock(229)) - Lock on /home/runner/work/ozone/ozone/hadoop-ozone/integration-test/target/test-dir/MiniOzoneClusterImpl-defbb36e-87e0-488b-866f-35c0fcf0d8c3/ozone-meta/datanode-3/ratis/542b0424-40cf-456c-9ad4-89cef1657fb2/in_use.lock acquired by nodename 2891@fv-az1015-460
2024-08-15 03:37:14,798 [cd98677a-ad7a-47a4-bd04-3d82e218dd7d-groupManagement] INFO  storage.RaftStorage (RaftStorageImpl.java:format(98)) - Storage directory /home/runner/work/ozone/ozone/hadoop-ozone/integration-test/target/test-dir/MiniOzoneClusterImpl-defbb36e-87e0-488b-866f-35c0fcf0d8c3/ozone-meta/datanode-3/ratis/542b0424-40cf-456c-9ad4-89cef1657fb2 has been successfully formatted.
2024-08-15 03:37:14,799 [cd98677a-ad7a-47a4-bd04-3d82e218dd7d-groupManagement] INFO  ratis.ContainerStateMachine (ContainerStateMachine.java:loadSnapshot(295)) - group-89CEF1657FB2: The snapshot info is null. Setting the last applied index to:(t:0, i:~)
2024-08-15 03:37:14,799 [cd98677a-ad7a-47a4-bd04-3d82e218dd7d-groupManagement] INFO  server.RaftServerConfigKeys (ConfUtils.java:logGet(46)) - raft.server.log.use.memory = false (default)
2024-08-15 03:37:14,799 [cd98677a-ad7a-47a4-bd04-3d82e218dd7d-groupManagement] INFO  server.RaftServerConfigKeys (ConfUtils.java:logGet(46)) - raft.server.log.purge.gap = 1000000 (custom)
2024-08-15 03:37:14,799 [cd98677a-ad7a-47a4-bd04-3d82e218dd7d-groupManagement] INFO  server.RaftServerConfigKeys (ConfUtils.java:logGet(46)) - raft.server.log.appender.buffer.byte-limit = 8388608 (custom)
2024-08-15 03:37:14,799 [cd98677a-ad7a-47a4-bd04-3d82e218dd7d-groupManagement] INFO  server.RaftServerConfigKeys (ConfUtils.java:logGet(46)) - raft.server.log.statemachine.data.read.timeout = 1000ms (default)
2024-08-15 03:37:14,799 [cd98677a-ad7a-47a4-bd04-3d82e218dd7d-groupManagement] INFO  server.RaftServerConfigKeys (ConfUtils.java:logGet(46)) - raft.server.log.purge.preservation.log.num = 0 (default)
2024-08-15 03:37:14,800 [cd98677a-ad7a-47a4-bd04-3d82e218dd7d-groupManagement] INFO  server.RaftServerConfigKeys (ConfUtils.java:logGet(46)) - raft.server.log.segment.size.max = 67108864 (custom)
2024-08-15 03:37:14,800 [cd98677a-ad7a-47a4-bd04-3d82e218dd7d-groupManagement] INFO  server.RaftServerConfigKeys (ConfUtils.java:logGet(46)) - raft.server.log.segment.cache.num.max = 2 (custom)
2024-08-15 03:37:14,800 [cd98677a-ad7a-47a4-bd04-3d82e218dd7d-groupManagement] INFO  server.RaftServerConfigKeys (ConfUtils.java:logGet(46)) - raft.server.log.segment.cache.size.max = 200MB (=209715200) (default)
2024-08-15 03:37:14,800 [cd98677a-ad7a-47a4-bd04-3d82e218dd7d-groupManagement] INFO  server.RaftServerConfigKeys (ConfUtils.java:logGet(46)) - raft.server.log.appender.buffer.byte-limit = 8388608 (custom)
2024-08-15 03:37:14,800 [cd98677a-ad7a-47a4-bd04-3d82e218dd7d-groupManagement] INFO  util.AwaitToRun (AwaitToRun.java:start(81)) - Thread[cd98677a-ad7a-47a4-bd04-3d82e218dd7d@group-89CEF1657FB2-cacheEviction-AwaitToRun,5,main] started
2024-08-15 03:37:14,800 [cd98677a-ad7a-47a4-bd04-3d82e218dd7d-groupManagement] INFO  segmented.SegmentedRaftLogWorker (SegmentedRaftLogWorker.java:<init>(184)) - new cd98677a-ad7a-47a4-bd04-3d82e218dd7d@group-89CEF1657FB2-SegmentedRaftLogWorker for RaftStorageImpl:Storage Directory /home/runner/work/ozone/ozone/hadoop-ozone/integration-test/target/test-dir/MiniOzoneClusterImpl-defbb36e-87e0-488b-866f-35c0fcf0d8c3/ozone-meta/datanode-3/ratis/542b0424-40cf-456c-9ad4-89cef1657fb2
2024-08-15 03:37:14,800 [cd98677a-ad7a-47a4-bd04-3d82e218dd7d-groupManagement] INFO  server.RaftServerConfigKeys (ConfUtils.java:logGet(46)) - raft.server.log.queue.byte-limit = 4294967296 (custom)
2024-08-15 03:37:14,800 [cd98677a-ad7a-47a4-bd04-3d82e218dd7d-groupManagement] INFO  server.RaftServerConfigKeys (ConfUtils.java:logGet(46)) - raft.server.log.queue.element-limit = 1024 (custom)
2024-08-15 03:37:14,800 [cd98677a-ad7a-47a4-bd04-3d82e218dd7d-groupManagement] INFO  server.RaftServerConfigKeys (ConfUtils.java:logGet(46)) - raft.server.log.segment.size.max = 67108864 (custom)
2024-08-15 03:37:14,800 [cd98677a-ad7a-47a4-bd04-3d82e218dd7d-groupManagement] INFO  server.RaftServerConfigKeys (ConfUtils.java:logGet(46)) - raft.server.log.preallocated.size = 4194304 (custom)
2024-08-15 03:37:14,800 [cd98677a-ad7a-47a4-bd04-3d82e218dd7d-groupManagement] INFO  server.RaftServerConfigKeys (ConfUtils.java:logGet(46)) - raft.server.log.force.sync.num = 128 (default)
2024-08-15 03:37:14,800 [cd98677a-ad7a-47a4-bd04-3d82e218dd7d-groupManagement] INFO  server.RaftServerConfigKeys (ConfUtils.java:logGet(46)) - raft.server.log.statemachine.data.sync = true (default)
2024-08-15 03:37:14,800 [cd98677a-ad7a-47a4-bd04-3d82e218dd7d-groupManagement] INFO  server.RaftServerConfigKeys (ConfUtils.java:logGet(46)) - raft.server.log.statemachine.data.sync.timeout = 10s (default)
2024-08-15 03:37:14,800 [cd98677a-ad7a-47a4-bd04-3d82e218dd7d-groupManagement] INFO  server.RaftServerConfigKeys (ConfUtils.java:logGet(46)) - raft.server.log.statemachine.data.sync.timeout.retry = 30 (custom)
2024-08-15 03:37:14,801 [cd98677a-ad7a-47a4-bd04-3d82e218dd7d-groupManagement] INFO  server.RaftServerConfigKeys (ConfUtils.java:logGet(46)) - raft.server.log.write.buffer.size = 8388616 (custom)
2024-08-15 03:37:14,802 [cd98677a-ad7a-47a4-bd04-3d82e218dd7d-groupManagement] INFO  server.RaftServerConfigKeys (ConfUtils.java:logGet(46)) - raft.server.log.appender.buffer.byte-limit = 8388608 (custom)
2024-08-15 03:37:14,802 [cd98677a-ad7a-47a4-bd04-3d82e218dd7d-groupManagement] INFO  server.RaftServerConfigKeys (ConfUtils.java:logGet(46)) - raft.server.log.unsafe-flush.enabled = false (default)
2024-08-15 03:37:14,802 [cd98677a-ad7a-47a4-bd04-3d82e218dd7d-groupManagement] INFO  server.RaftServerConfigKeys (ConfUtils.java:logGet(46)) - raft.server.log.async-flush.enabled = false (default)
2024-08-15 03:37:14,802 [cd98677a-ad7a-47a4-bd04-3d82e218dd7d-groupManagement] INFO  server.RaftServerConfigKeys (ConfUtils.java:logGet(46)) - raft.server.log.statemachine.data.caching.enabled = true (custom)
2024-08-15 03:37:14,802 [cd98677a-ad7a-47a4-bd04-3d82e218dd7d-groupManagement] INFO  segmented.SegmentedRaftLogWorker (SegmentedRaftLogWorker.java:lambda$new$0(135)) - cd98677a-ad7a-47a4-bd04-3d82e218dd7d@group-89CEF1657FB2-SegmentedRaftLogWorker: flushIndex: setUnconditionally 0 -> -1
2024-08-15 03:37:14,802 [cd98677a-ad7a-47a4-bd04-3d82e218dd7d-groupManagement] INFO  segmented.SegmentedRaftLogWorker (SegmentedRaftLogWorker.java:lambda$new$0(135)) - cd98677a-ad7a-47a4-bd04-3d82e218dd7d@group-89CEF1657FB2-SegmentedRaftLogWorker: safeCacheEvictIndex: setUnconditionally 0 -> -1
2024-08-15 03:37:14,802 [cd98677a-ad7a-47a4-bd04-3d82e218dd7d-groupManagement] INFO  server.RaftServer$Division (RaftServerImpl.java:start(389)) - cd98677a-ad7a-47a4-bd04-3d82e218dd7d@group-89CEF1657FB2: start as a follower, conf=conf: {index: -1, cur=peers:[398215a5-964b-4dc4-b31b-bbd09ffd15fb|127.0.0.1:15231, ab869ec9-a1da-4eec-ae22-c3ca637d5862|127.0.0.1:15222, cd98677a-ad7a-47a4-bd04-3d82e218dd7d|127.0.0.1:15240]|listeners:[], old=null}
2024-08-15 03:37:14,802 [cd98677a-ad7a-47a4-bd04-3d82e218dd7d-groupManagement] INFO  server.RaftServer$Division (RaftServerImpl.java:setRole(376)) - cd98677a-ad7a-47a4-bd04-3d82e218dd7d@group-89CEF1657FB2: changes role from      null to FOLLOWER at term 0 for startAsFollower
2024-08-15 03:37:14,802 [cd98677a-ad7a-47a4-bd04-3d82e218dd7d-groupManagement] INFO  impl.RoleInfo (RoleInfo.java:updateAndGet(148)) - cd98677a-ad7a-47a4-bd04-3d82e218dd7d: start cd98677a-ad7a-47a4-bd04-3d82e218dd7d@group-89CEF1657FB2-FollowerState
2024-08-15 03:37:14,803 [cd98677a-ad7a-47a4-bd04-3d82e218dd7d-groupManagement] INFO  util.JmxRegister (JmxRegister.java:tryRegister(44)) - Successfully registered JMX Bean with object name Ratis:service=RaftServer,group=group-89CEF1657FB2,id=cd98677a-ad7a-47a4-bd04-3d82e218dd7d
2024-08-15 03:37:14,803 [cd98677a-ad7a-47a4-bd04-3d82e218dd7d-groupManagement] INFO  util.JmxRegister (JmxRegister.java:register(58)) - register mxBean class org.apache.ratis.server.impl.RaftServerJmxAdapter as Ratis:service=RaftServer,group=group-89CEF1657FB2,id=cd98677a-ad7a-47a4-bd04-3d82e218dd7d
2024-08-15 03:37:14,803 [cd98677a-ad7a-47a4-bd04-3d82e218dd7d@group-89CEF1657FB2-FollowerState] INFO  server.RaftServerConfigKeys (ConfUtils.java:logFallback(53)) - raft.server.rpc.first-election.timeout.min = 5s (fallback to raft.server.rpc.timeout.min)
2024-08-15 03:37:14,803 [cd98677a-ad7a-47a4-bd04-3d82e218dd7d-groupManagement] INFO  server.RaftServerConfigKeys (ConfUtils.java:logGet(46)) - raft.server.snapshot.trigger-when-stop.enabled = true (default)
2024-08-15 03:37:14,803 [cd98677a-ad7a-47a4-bd04-3d82e218dd7d@group-89CEF1657FB2-FollowerState] INFO  server.RaftServerConfigKeys (ConfUtils.java:logFallback(53)) - raft.server.rpc.first-election.timeout.max = 5200ms (fallback to raft.server.rpc.timeout.max)
2024-08-15 03:37:14,803 [cd98677a-ad7a-47a4-bd04-3d82e218dd7d-groupManagement] INFO  server.RaftServerConfigKeys (ConfUtils.java:logGet(46)) - raft.server.snapshot.trigger-when-remove.enabled = true (default)
2024-08-15 03:37:14,803 [cd98677a-ad7a-47a4-bd04-3d82e218dd7d-groupManagement] INFO  server.RaftServerConfigKeys (ConfUtils.java:logGet(46)) - raft.server.snapshot.auto.trigger.enabled = true (custom)
2024-08-15 03:37:14,803 [cd98677a-ad7a-47a4-bd04-3d82e218dd7d-groupManagement] INFO  server.RaftServerConfigKeys (ConfUtils.java:logGet(46)) - raft.server.snapshot.auto.trigger.threshold = 10000 (custom)
2024-08-15 03:37:14,803 [cd98677a-ad7a-47a4-bd04-3d82e218dd7d-groupManagement] INFO  server.RaftServerConfigKeys (ConfUtils.java:logGet(46)) - raft.server.snapshot.retention.file.num = 5 (custom)
2024-08-15 03:37:14,803 [cd98677a-ad7a-47a4-bd04-3d82e218dd7d-groupManagement] INFO  server.RaftServerConfigKeys (ConfUtils.java:logGet(46)) - raft.server.log.purge.upto.snapshot.index = false (default)
2024-08-15 03:37:14,807 [ab869ec9-a1da-4eec-ae22-c3ca637d5862-PipelineCommandHandlerThread-0] INFO  commandhandler.CreatePipelineCommandHandler (CreatePipelineCommandHandler.java:lambda$handle$2(124)) - Created Pipeline RATIS THREE PipelineID=542b0424-40cf-456c-9ad4-89cef1657fb2.
2024-08-15 03:37:14,937 [398215a5-964b-4dc4-b31b-bbd09ffd15fb-groupManagement] INFO  server.RaftServer$Division (RaftServerImpl.java:<init>(253)) - 398215a5-964b-4dc4-b31b-bbd09ffd15fb: new RaftServerImpl for group-0C51423862FC:[398215a5-964b-4dc4-b31b-bbd09ffd15fb|127.0.0.1:15231] with ContainerStateMachine:uninitialized
2024-08-15 03:37:14,937 [398215a5-964b-4dc4-b31b-bbd09ffd15fb-groupManagement] INFO  server.RaftServerConfigKeys (ConfUtils.java:logGet(46)) - raft.server.rpc.timeout.min = 5s (custom)
2024-08-15 03:37:14,938 [398215a5-964b-4dc4-b31b-bbd09ffd15fb-groupManagement] INFO  server.RaftServerConfigKeys (ConfUtils.java:logGet(46)) - raft.server.rpc.timeout.max = 5200ms (custom)
2024-08-15 03:37:14,938 [398215a5-964b-4dc4-b31b-bbd09ffd15fb-groupManagement] INFO  server.RaftServerConfigKeys (ConfUtils.java:logGet(46)) - raft.server.rpc.sleep.time = 25ms (default)
2024-08-15 03:37:14,938 [398215a5-964b-4dc4-b31b-bbd09ffd15fb-groupManagement] INFO  server.RaftServerConfigKeys (ConfUtils.java:logGet(46)) - raft.server.rpc.slowness.timeout = 300s (custom)
2024-08-15 03:37:14,938 [398215a5-964b-4dc4-b31b-bbd09ffd15fb-groupManagement] INFO  server.RaftServerConfigKeys (ConfUtils.java:logGet(46)) - raft.server.leaderelection.leader.step-down.wait-time = 10s (default)
2024-08-15 03:37:14,938 [398215a5-964b-4dc4-b31b-bbd09ffd15fb-groupManagement] INFO  server.RaftServerConfigKeys (ConfUtils.java:logGet(46)) - raft.server.leaderelection.member.majority-add = false (default)
2024-08-15 03:37:14,938 [398215a5-964b-4dc4-b31b-bbd09ffd15fb-groupManagement] INFO  server.RaftServerConfigKeys (ConfUtils.java:logGet(46)) - raft.server.sleep.deviation.threshold = 300ms (default)
2024-08-15 03:37:14,938 [398215a5-964b-4dc4-b31b-bbd09ffd15fb-groupManagement] INFO  server.RaftServer$Division (ServerState.java:<init>(114)) - 398215a5-964b-4dc4-b31b-bbd09ffd15fb@group-0C51423862FC: ConfigurationManager, init=conf: {index: -1, cur=peers:[398215a5-964b-4dc4-b31b-bbd09ffd15fb|127.0.0.1:15231]|listeners:[], old=null}, confs=<EMPTY_MAP>
2024-08-15 03:37:14,938 [398215a5-964b-4dc4-b31b-bbd09ffd15fb-groupManagement] INFO  server.RaftServerConfigKeys (ConfUtils.java:logGet(46)) - raft.server.notification.no-leader.timeout = 300s (custom)
2024-08-15 03:37:14,938 [398215a5-964b-4dc4-b31b-bbd09ffd15fb-groupManagement] INFO  server.RaftServerConfigKeys (ConfUtils.java:logGet(46)) - raft.server.read.timeout = 10s (default)
2024-08-15 03:37:14,938 [398215a5-964b-4dc4-b31b-bbd09ffd15fb-groupManagement] INFO  server.RaftServerConfigKeys (ConfUtils.java:logGet(46)) - raft.server.retrycache.expirytime = 600000ms (custom)
2024-08-15 03:37:14,938 [398215a5-964b-4dc4-b31b-bbd09ffd15fb-groupManagement] INFO  server.RaftServerConfigKeys (ConfUtils.java:logGet(46)) - raft.server.retrycache.statistics.expirytime = 100ms (default)
2024-08-15 03:37:14,938 [398215a5-964b-4dc4-b31b-bbd09ffd15fb-groupManagement] INFO  server.RaftServerConfigKeys (ConfUtils.java:logGet(46)) - raft.server.read.option = DEFAULT (default)
2024-08-15 03:37:14,938 [398215a5-964b-4dc4-b31b-bbd09ffd15fb-groupManagement] INFO  server.RaftServerConfigKeys (ConfUtils.java:logGet(46)) - raft.server.read.read-after-write-consistent.write-index-cache.expiry-time = 60s (default)
2024-08-15 03:37:14,939 [398215a5-964b-4dc4-b31b-bbd09ffd15fb-PipelineCommandHandlerThread-0] INFO  server.RaftServer (RaftServerProxy.java:addNew(101)) - 398215a5-964b-4dc4-b31b-bbd09ffd15fb: addNew group-0C51423862FC:[398215a5-964b-4dc4-b31b-bbd09ffd15fb|127.0.0.1:15231] returns group-0C51423862FC:java.util.concurrent.CompletableFuture@179e309c[Not completed]
2024-08-15 03:37:14,940 [398215a5-964b-4dc4-b31b-bbd09ffd15fb-groupManagement] INFO  server.RaftServerConfigKeys (ConfUtils.java:logGet(46)) - raft.server.rpc.request.timeout = 60s (custom)
2024-08-15 03:37:14,940 [398215a5-964b-4dc4-b31b-bbd09ffd15fb-groupManagement] INFO  server.RaftServerConfigKeys (ConfUtils.java:logGet(46)) - raft.server.log.appender.install.snapshot.enabled = false (custom)
2024-08-15 03:37:14,940 [398215a5-964b-4dc4-b31b-bbd09ffd15fb-groupManagement] INFO  server.RaftServerConfigKeys (ConfUtils.java:logGet(46)) - raft.server.threadpool.server.cached = true (default)
2024-08-15 03:37:14,940 [398215a5-964b-4dc4-b31b-bbd09ffd15fb-groupManagement] INFO  server.RaftServerConfigKeys (ConfUtils.java:logGet(46)) - raft.server.threadpool.server.size = 0 (default)
2024-08-15 03:37:14,940 [398215a5-964b-4dc4-b31b-bbd09ffd15fb-groupManagement] INFO  server.RaftServerConfigKeys (ConfUtils.java:logGet(46)) - raft.server.threadpool.client.cached = true (default)
2024-08-15 03:37:14,941 [398215a5-964b-4dc4-b31b-bbd09ffd15fb-groupManagement] INFO  server.RaftServerConfigKeys (ConfUtils.java:logGet(46)) - raft.server.threadpool.client.size = 0 (default)
2024-08-15 03:37:14,941 [398215a5-964b-4dc4-b31b-bbd09ffd15fb-groupManagement] INFO  server.RaftServerConfigKeys (ConfUtils.java:logGet(46)) - raft.server.storage.free-space.min = 0MB (=0) (default)
2024-08-15 03:37:14,941 [398215a5-964b-4dc4-b31b-bbd09ffd15fb-groupManagement] INFO  server.RaftServerConfigKeys (ConfUtils.java:logGet(46)) - raft.server.log.corruption.policy = EXCEPTION (default)
2024-08-15 03:37:14,941 [398215a5-964b-4dc4-b31b-bbd09ffd15fb-groupManagement] INFO  server.RaftServerConfigKeys (ConfUtils.java:logGet(46)) - raft.server.storage.dir = [/home/runner/work/ozone/ozone/hadoop-ozone/integration-test/target/test-dir/MiniOzoneClusterImpl-defbb36e-87e0-488b-866f-35c0fcf0d8c3/ozone-meta/datanode-2/ratis] (custom)
2024-08-15 03:37:14,941 [398215a5-964b-4dc4-b31b-bbd09ffd15fb-groupManagement] INFO  storage.RaftStorageDirectory (RaftStorageDirectoryImpl.java:analyzeStorage(138)) - The storage directory /home/runner/work/ozone/ozone/hadoop-ozone/integration-test/target/test-dir/MiniOzoneClusterImpl-defbb36e-87e0-488b-866f-35c0fcf0d8c3/ozone-meta/datanode-2/ratis/71919664-45a2-4a4a-8b84-0c51423862fc does not exist. Creating ...
2024-08-15 03:37:14,942 [398215a5-964b-4dc4-b31b-bbd09ffd15fb-groupManagement] INFO  storage.RaftStorageDirectory (RaftStorageDirectoryImpl.java:tryLock(229)) - Lock on /home/runner/work/ozone/ozone/hadoop-ozone/integration-test/target/test-dir/MiniOzoneClusterImpl-defbb36e-87e0-488b-866f-35c0fcf0d8c3/ozone-meta/datanode-2/ratis/71919664-45a2-4a4a-8b84-0c51423862fc/in_use.lock acquired by nodename 2891@fv-az1015-460
2024-08-15 03:37:14,943 [398215a5-964b-4dc4-b31b-bbd09ffd15fb-groupManagement] INFO  storage.RaftStorage (RaftStorageImpl.java:format(98)) - Storage directory /home/runner/work/ozone/ozone/hadoop-ozone/integration-test/target/test-dir/MiniOzoneClusterImpl-defbb36e-87e0-488b-866f-35c0fcf0d8c3/ozone-meta/datanode-2/ratis/71919664-45a2-4a4a-8b84-0c51423862fc has been successfully formatted.
2024-08-15 03:37:14,944 [398215a5-964b-4dc4-b31b-bbd09ffd15fb-groupManagement] INFO  ratis.ContainerStateMachine (ContainerStateMachine.java:loadSnapshot(295)) - group-0C51423862FC: The snapshot info is null. Setting the last applied index to:(t:0, i:~)
2024-08-15 03:37:14,944 [398215a5-964b-4dc4-b31b-bbd09ffd15fb-groupManagement] INFO  server.RaftServerConfigKeys (ConfUtils.java:logGet(46)) - raft.server.log.use.memory = false (default)
2024-08-15 03:37:14,944 [398215a5-964b-4dc4-b31b-bbd09ffd15fb-groupManagement] INFO  server.RaftServerConfigKeys (ConfUtils.java:logGet(46)) - raft.server.log.purge.gap = 1000000 (custom)
2024-08-15 03:37:14,944 [398215a5-964b-4dc4-b31b-bbd09ffd15fb-groupManagement] INFO  server.RaftServerConfigKeys (ConfUtils.java:logGet(46)) - raft.server.log.appender.buffer.byte-limit = 8388608 (custom)
2024-08-15 03:37:14,944 [398215a5-964b-4dc4-b31b-bbd09ffd15fb-groupManagement] INFO  server.RaftServerConfigKeys (ConfUtils.java:logGet(46)) - raft.server.log.statemachine.data.read.timeout = 1000ms (default)
2024-08-15 03:37:14,944 [398215a5-964b-4dc4-b31b-bbd09ffd15fb-groupManagement] INFO  server.RaftServerConfigKeys (ConfUtils.java:logGet(46)) - raft.server.log.purge.preservation.log.num = 0 (default)
2024-08-15 03:37:14,944 [398215a5-964b-4dc4-b31b-bbd09ffd15fb-groupManagement] INFO  server.RaftServerConfigKeys (ConfUtils.java:logGet(46)) - raft.server.log.segment.size.max = 67108864 (custom)
2024-08-15 03:37:14,945 [398215a5-964b-4dc4-b31b-bbd09ffd15fb-groupManagement] INFO  server.RaftServerConfigKeys (ConfUtils.java:logGet(46)) - raft.server.log.segment.cache.num.max = 2 (custom)
2024-08-15 03:37:14,945 [EventQueue-PipelineReportForPipelineReportHandler] INFO  pipeline.PipelineReportHandler (PipelineReportHandler.java:processPipelineReport(136)) - Opened pipeline PipelineID=71919664-45a2-4a4a-8b84-0c51423862fc
2024-08-15 03:37:14,945 [EventQueue-OpenPipelineForHealthyPipelineSafeModeRule] INFO  safemode.SCMSafeModeManager (HealthyPipelineSafeModeRule.java:process(140)) - SCM in safe mode. Healthy pipelines reported count is 0, required healthy pipeline reported count is 1
2024-08-15 03:37:14,945 [398215a5-964b-4dc4-b31b-bbd09ffd15fb-groupManagement] INFO  server.RaftServerConfigKeys (ConfUtils.java:logGet(46)) - raft.server.log.segment.cache.size.max = 200MB (=209715200) (default)
2024-08-15 03:37:14,945 [398215a5-964b-4dc4-b31b-bbd09ffd15fb-groupManagement] INFO  server.RaftServerConfigKeys (ConfUtils.java:logGet(46)) - raft.server.log.appender.buffer.byte-limit = 8388608 (custom)
2024-08-15 03:37:14,946 [398215a5-964b-4dc4-b31b-bbd09ffd15fb-groupManagement] INFO  util.AwaitToRun (AwaitToRun.java:start(81)) - Thread[398215a5-964b-4dc4-b31b-bbd09ffd15fb@group-0C51423862FC-cacheEviction-AwaitToRun,5,main] started
2024-08-15 03:37:14,946 [398215a5-964b-4dc4-b31b-bbd09ffd15fb-groupManagement] INFO  segmented.SegmentedRaftLogWorker (SegmentedRaftLogWorker.java:<init>(184)) - new 398215a5-964b-4dc4-b31b-bbd09ffd15fb@group-0C51423862FC-SegmentedRaftLogWorker for RaftStorageImpl:Storage Directory /home/runner/work/ozone/ozone/hadoop-ozone/integration-test/target/test-dir/MiniOzoneClusterImpl-defbb36e-87e0-488b-866f-35c0fcf0d8c3/ozone-meta/datanode-2/ratis/71919664-45a2-4a4a-8b84-0c51423862fc
2024-08-15 03:37:14,946 [398215a5-964b-4dc4-b31b-bbd09ffd15fb-groupManagement] INFO  server.RaftServerConfigKeys (ConfUtils.java:logGet(46)) - raft.server.log.queue.byte-limit = 4294967296 (custom)
2024-08-15 03:37:14,946 [398215a5-964b-4dc4-b31b-bbd09ffd15fb-groupManagement] INFO  server.RaftServerConfigKeys (ConfUtils.java:logGet(46)) - raft.server.log.queue.element-limit = 1024 (custom)
2024-08-15 03:37:14,946 [398215a5-964b-4dc4-b31b-bbd09ffd15fb-groupManagement] INFO  server.RaftServerConfigKeys (ConfUtils.java:logGet(46)) - raft.server.log.segment.size.max = 67108864 (custom)
2024-08-15 03:37:14,946 [398215a5-964b-4dc4-b31b-bbd09ffd15fb-groupManagement] INFO  server.RaftServerConfigKeys (ConfUtils.java:logGet(46)) - raft.server.log.preallocated.size = 4194304 (custom)
2024-08-15 03:37:14,946 [398215a5-964b-4dc4-b31b-bbd09ffd15fb-groupManagement] INFO  server.RaftServerConfigKeys (ConfUtils.java:logGet(46)) - raft.server.log.force.sync.num = 128 (default)
2024-08-15 03:37:14,946 [398215a5-964b-4dc4-b31b-bbd09ffd15fb-groupManagement] INFO  server.RaftServerConfigKeys (ConfUtils.java:logGet(46)) - raft.server.log.statemachine.data.sync = true (default)
2024-08-15 03:37:14,946 [398215a5-964b-4dc4-b31b-bbd09ffd15fb-groupManagement] INFO  server.RaftServerConfigKeys (ConfUtils.java:logGet(46)) - raft.server.log.statemachine.data.sync.timeout = 10s (default)
2024-08-15 03:37:14,946 [398215a5-964b-4dc4-b31b-bbd09ffd15fb-groupManagement] INFO  server.RaftServerConfigKeys (ConfUtils.java:logGet(46)) - raft.server.log.statemachine.data.sync.timeout.retry = 30 (custom)
2024-08-15 03:37:14,946 [398215a5-964b-4dc4-b31b-bbd09ffd15fb-groupManagement] INFO  server.RaftServerConfigKeys (ConfUtils.java:logGet(46)) - raft.server.log.write.buffer.size = 8388616 (custom)
2024-08-15 03:37:14,948 [398215a5-964b-4dc4-b31b-bbd09ffd15fb-groupManagement] INFO  server.RaftServerConfigKeys (ConfUtils.java:logGet(46)) - raft.server.log.appender.buffer.byte-limit = 8388608 (custom)
2024-08-15 03:37:14,948 [398215a5-964b-4dc4-b31b-bbd09ffd15fb-groupManagement] INFO  server.RaftServerConfigKeys (ConfUtils.java:logGet(46)) - raft.server.log.unsafe-flush.enabled = false (default)
2024-08-15 03:37:14,948 [398215a5-964b-4dc4-b31b-bbd09ffd15fb-groupManagement] INFO  server.RaftServerConfigKeys (ConfUtils.java:logGet(46)) - raft.server.log.async-flush.enabled = false (default)
2024-08-15 03:37:14,948 [398215a5-964b-4dc4-b31b-bbd09ffd15fb-groupManagement] INFO  server.RaftServerConfigKeys (ConfUtils.java:logGet(46)) - raft.server.log.statemachine.data.caching.enabled = true (custom)
2024-08-15 03:37:14,948 [398215a5-964b-4dc4-b31b-bbd09ffd15fb-groupManagement] INFO  segmented.SegmentedRaftLogWorker (SegmentedRaftLogWorker.java:lambda$new$0(135)) - 398215a5-964b-4dc4-b31b-bbd09ffd15fb@group-0C51423862FC-SegmentedRaftLogWorker: flushIndex: setUnconditionally 0 -> -1
2024-08-15 03:37:14,948 [398215a5-964b-4dc4-b31b-bbd09ffd15fb-groupManagement] INFO  segmented.SegmentedRaftLogWorker (SegmentedRaftLogWorker.java:lambda$new$0(135)) - 398215a5-964b-4dc4-b31b-bbd09ffd15fb@group-0C51423862FC-SegmentedRaftLogWorker: safeCacheEvictIndex: setUnconditionally 0 -> -1
2024-08-15 03:37:14,948 [398215a5-964b-4dc4-b31b-bbd09ffd15fb-groupManagement] INFO  server.RaftServer$Division (RaftServerImpl.java:start(389)) - 398215a5-964b-4dc4-b31b-bbd09ffd15fb@group-0C51423862FC: start as a follower, conf=conf: {index: -1, cur=peers:[398215a5-964b-4dc4-b31b-bbd09ffd15fb|127.0.0.1:15231]|listeners:[], old=null}
2024-08-15 03:37:14,948 [398215a5-964b-4dc4-b31b-bbd09ffd15fb-groupManagement] INFO  server.RaftServer$Division (RaftServerImpl.java:setRole(376)) - 398215a5-964b-4dc4-b31b-bbd09ffd15fb@group-0C51423862FC: changes role from      null to FOLLOWER at term 0 for startAsFollower
2024-08-15 03:37:14,948 [398215a5-964b-4dc4-b31b-bbd09ffd15fb-groupManagement] INFO  impl.RoleInfo (RoleInfo.java:updateAndGet(148)) - 398215a5-964b-4dc4-b31b-bbd09ffd15fb: start 398215a5-964b-4dc4-b31b-bbd09ffd15fb@group-0C51423862FC-FollowerState
2024-08-15 03:37:14,949 [398215a5-964b-4dc4-b31b-bbd09ffd15fb@group-0C51423862FC-FollowerState] INFO  server.RaftServerConfigKeys (ConfUtils.java:logFallback(53)) - raft.server.rpc.first-election.timeout.min = 5s (fallback to raft.server.rpc.timeout.min)
2024-08-15 03:37:14,949 [398215a5-964b-4dc4-b31b-bbd09ffd15fb-groupManagement] INFO  util.JmxRegister (JmxRegister.java:tryRegister(44)) - Successfully registered JMX Bean with object name Ratis:service=RaftServer,group=group-0C51423862FC,id=398215a5-964b-4dc4-b31b-bbd09ffd15fb
2024-08-15 03:37:14,949 [398215a5-964b-4dc4-b31b-bbd09ffd15fb-groupManagement] INFO  util.JmxRegister (JmxRegister.java:register(58)) - register mxBean class org.apache.ratis.server.impl.RaftServerJmxAdapter as Ratis:service=RaftServer,group=group-0C51423862FC,id=398215a5-964b-4dc4-b31b-bbd09ffd15fb
2024-08-15 03:37:14,949 [398215a5-964b-4dc4-b31b-bbd09ffd15fb-groupManagement] INFO  server.RaftServerConfigKeys (ConfUtils.java:logGet(46)) - raft.server.snapshot.trigger-when-stop.enabled = true (default)
2024-08-15 03:37:14,949 [398215a5-964b-4dc4-b31b-bbd09ffd15fb-groupManagement] INFO  server.RaftServerConfigKeys (ConfUtils.java:logGet(46)) - raft.server.snapshot.trigger-when-remove.enabled = true (default)
2024-08-15 03:37:14,949 [398215a5-964b-4dc4-b31b-bbd09ffd15fb-groupManagement] INFO  server.RaftServerConfigKeys (ConfUtils.java:logGet(46)) - raft.server.snapshot.auto.trigger.enabled = true (custom)
2024-08-15 03:37:14,949 [398215a5-964b-4dc4-b31b-bbd09ffd15fb-groupManagement] INFO  server.RaftServerConfigKeys (ConfUtils.java:logGet(46)) - raft.server.snapshot.auto.trigger.threshold = 10000 (custom)
2024-08-15 03:37:14,949 [398215a5-964b-4dc4-b31b-bbd09ffd15fb-groupManagement] INFO  server.RaftServerConfigKeys (ConfUtils.java:logGet(46)) - raft.server.snapshot.retention.file.num = 5 (custom)
2024-08-15 03:37:14,949 [398215a5-964b-4dc4-b31b-bbd09ffd15fb-groupManagement] INFO  server.RaftServerConfigKeys (ConfUtils.java:logGet(46)) - raft.server.log.purge.upto.snapshot.index = false (default)
2024-08-15 03:37:14,949 [398215a5-964b-4dc4-b31b-bbd09ffd15fb@group-0C51423862FC-FollowerState] INFO  server.RaftServerConfigKeys (ConfUtils.java:logFallback(53)) - raft.server.rpc.first-election.timeout.max = 5200ms (fallback to raft.server.rpc.timeout.max)
2024-08-15 03:37:14,949 [398215a5-964b-4dc4-b31b-bbd09ffd15fb-PipelineCommandHandlerThread-0] INFO  ratis.XceiverServerRatis (XceiverServerRatis.java:addGroup(850)) - Created group PipelineID=71919664-45a2-4a4a-8b84-0c51423862fc
2024-08-15 03:37:14,950 [398215a5-964b-4dc4-b31b-bbd09ffd15fb-PipelineCommandHandlerThread-0] INFO  commandhandler.CreatePipelineCommandHandler (CreatePipelineCommandHandler.java:lambda$handle$2(124)) - Created Pipeline RATIS ONE PipelineID=71919664-45a2-4a4a-8b84-0c51423862fc.
2024-08-15 03:37:15,160 [cd98677a-ad7a-47a4-bd04-3d82e218dd7d-PipelineCommandHandlerThread-0] INFO  server.RaftServer (RaftServerProxy.java:addNew(101)) - cd98677a-ad7a-47a4-bd04-3d82e218dd7d: addNew group-6E3B6D850C69:[cd98677a-ad7a-47a4-bd04-3d82e218dd7d|127.0.0.1:15240] returns group-6E3B6D850C69:java.util.concurrent.CompletableFuture@14ec5d06[Not completed]
2024-08-15 03:37:15,161 [cd98677a-ad7a-47a4-bd04-3d82e218dd7d-groupManagement] INFO  server.RaftServer$Division (RaftServerImpl.java:<init>(253)) - cd98677a-ad7a-47a4-bd04-3d82e218dd7d: new RaftServerImpl for group-6E3B6D850C69:[cd98677a-ad7a-47a4-bd04-3d82e218dd7d|127.0.0.1:15240] with ContainerStateMachine:uninitialized
2024-08-15 03:37:15,161 [cd98677a-ad7a-47a4-bd04-3d82e218dd7d-groupManagement] INFO  server.RaftServerConfigKeys (ConfUtils.java:logGet(46)) - raft.server.rpc.timeout.min = 5s (custom)
2024-08-15 03:37:15,161 [cd98677a-ad7a-47a4-bd04-3d82e218dd7d-groupManagement] INFO  server.RaftServerConfigKeys (ConfUtils.java:logGet(46)) - raft.server.rpc.timeout.max = 5200ms (custom)
2024-08-15 03:37:15,161 [cd98677a-ad7a-47a4-bd04-3d82e218dd7d-groupManagement] INFO  server.RaftServerConfigKeys (ConfUtils.java:logGet(46)) - raft.server.rpc.sleep.time = 25ms (default)
2024-08-15 03:37:15,161 [cd98677a-ad7a-47a4-bd04-3d82e218dd7d-groupManagement] INFO  server.RaftServerConfigKeys (ConfUtils.java:logGet(46)) - raft.server.rpc.slowness.timeout = 300s (custom)
2024-08-15 03:37:15,161 [cd98677a-ad7a-47a4-bd04-3d82e218dd7d-groupManagement] INFO  server.RaftServerConfigKeys (ConfUtils.java:logGet(46)) - raft.server.leaderelection.leader.step-down.wait-time = 10s (default)
2024-08-15 03:37:15,161 [cd98677a-ad7a-47a4-bd04-3d82e218dd7d-groupManagement] INFO  server.RaftServerConfigKeys (ConfUtils.java:logGet(46)) - raft.server.leaderelection.member.majority-add = false (default)
2024-08-15 03:37:15,161 [cd98677a-ad7a-47a4-bd04-3d82e218dd7d-groupManagement] INFO  server.RaftServerConfigKeys (ConfUtils.java:logGet(46)) - raft.server.sleep.deviation.threshold = 300ms (default)
2024-08-15 03:37:15,161 [cd98677a-ad7a-47a4-bd04-3d82e218dd7d-groupManagement] INFO  server.RaftServer$Division (ServerState.java:<init>(114)) - cd98677a-ad7a-47a4-bd04-3d82e218dd7d@group-6E3B6D850C69: ConfigurationManager, init=conf: {index: -1, cur=peers:[cd98677a-ad7a-47a4-bd04-3d82e218dd7d|127.0.0.1:15240]|listeners:[], old=null}, confs=<EMPTY_MAP>
2024-08-15 03:37:15,161 [cd98677a-ad7a-47a4-bd04-3d82e218dd7d-groupManagement] INFO  server.RaftServerConfigKeys (ConfUtils.java:logGet(46)) - raft.server.notification.no-leader.timeout = 300s (custom)
2024-08-15 03:37:15,161 [cd98677a-ad7a-47a4-bd04-3d82e218dd7d-groupManagement] INFO  server.RaftServerConfigKeys (ConfUtils.java:logGet(46)) - raft.server.read.timeout = 10s (default)
2024-08-15 03:37:15,161 [cd98677a-ad7a-47a4-bd04-3d82e218dd7d-groupManagement] INFO  server.RaftServerConfigKeys (ConfUtils.java:logGet(46)) - raft.server.retrycache.expirytime = 600000ms (custom)
2024-08-15 03:37:15,162 [cd98677a-ad7a-47a4-bd04-3d82e218dd7d-groupManagement] INFO  server.RaftServerConfigKeys (ConfUtils.java:logGet(46)) - raft.server.retrycache.statistics.expirytime = 100ms (default)
2024-08-15 03:37:15,162 [cd98677a-ad7a-47a4-bd04-3d82e218dd7d-groupManagement] INFO  server.RaftServerConfigKeys (ConfUtils.java:logGet(46)) - raft.server.read.option = DEFAULT (default)
2024-08-15 03:37:15,162 [cd98677a-ad7a-47a4-bd04-3d82e218dd7d-groupManagement] INFO  server.RaftServerConfigKeys (ConfUtils.java:logGet(46)) - raft.server.read.read-after-write-consistent.write-index-cache.expiry-time = 60s (default)
2024-08-15 03:37:15,163 [main] INFO  ozone.MiniOzoneClusterImpl (MiniOzoneClusterImpl.java:lambda$waitForClusterToBeReady$0(198)) - Nodes are ready. Got 3 of 3 DN Heartbeats.
2024-08-15 03:37:15,163 [main] INFO  ozone.MiniOzoneClusterImpl (MiniOzoneClusterImpl.java:lambda$waitForClusterToBeReady$0(201)) - Waiting for cluster to exit safe mode
2024-08-15 03:37:15,163 [main] INFO  ozone.MiniOzoneClusterImpl (MiniOzoneClusterImpl.java:lambda$waitForClusterToBeReady$0(203)) - SCM became leader
2024-08-15 03:37:15,163 [cd98677a-ad7a-47a4-bd04-3d82e218dd7d-groupManagement] INFO  server.RaftServerConfigKeys (ConfUtils.java:logGet(46)) - raft.server.rpc.request.timeout = 60s (custom)
2024-08-15 03:37:15,163 [cd98677a-ad7a-47a4-bd04-3d82e218dd7d-groupManagement] INFO  server.RaftServerConfigKeys (ConfUtils.java:logGet(46)) - raft.server.log.appender.install.snapshot.enabled = false (custom)
2024-08-15 03:37:15,163 [cd98677a-ad7a-47a4-bd04-3d82e218dd7d-groupManagement] INFO  server.RaftServerConfigKeys (ConfUtils.java:logGet(46)) - raft.server.threadpool.server.cached = true (default)
2024-08-15 03:37:15,163 [cd98677a-ad7a-47a4-bd04-3d82e218dd7d-groupManagement] INFO  server.RaftServerConfigKeys (ConfUtils.java:logGet(46)) - raft.server.threadpool.server.size = 0 (default)
2024-08-15 03:37:15,163 [cd98677a-ad7a-47a4-bd04-3d82e218dd7d-groupManagement] INFO  server.RaftServerConfigKeys (ConfUtils.java:logGet(46)) - raft.server.threadpool.client.cached = true (default)
2024-08-15 03:37:15,163 [cd98677a-ad7a-47a4-bd04-3d82e218dd7d-groupManagement] INFO  server.RaftServerConfigKeys (ConfUtils.java:logGet(46)) - raft.server.threadpool.client.size = 0 (default)
2024-08-15 03:37:15,163 [cd98677a-ad7a-47a4-bd04-3d82e218dd7d-groupManagement] INFO  server.RaftServerConfigKeys (ConfUtils.java:logGet(46)) - raft.server.storage.free-space.min = 0MB (=0) (default)
2024-08-15 03:37:15,163 [cd98677a-ad7a-47a4-bd04-3d82e218dd7d-groupManagement] INFO  server.RaftServerConfigKeys (ConfUtils.java:logGet(46)) - raft.server.log.corruption.policy = EXCEPTION (default)
2024-08-15 03:37:15,163 [cd98677a-ad7a-47a4-bd04-3d82e218dd7d-groupManagement] INFO  server.RaftServerConfigKeys (ConfUtils.java:logGet(46)) - raft.server.storage.dir = [/home/runner/work/ozone/ozone/hadoop-ozone/integration-test/target/test-dir/MiniOzoneClusterImpl-defbb36e-87e0-488b-866f-35c0fcf0d8c3/ozone-meta/datanode-3/ratis] (custom)
2024-08-15 03:37:15,164 [cd98677a-ad7a-47a4-bd04-3d82e218dd7d-groupManagement] INFO  storage.RaftStorageDirectory (RaftStorageDirectoryImpl.java:analyzeStorage(138)) - The storage directory /home/runner/work/ozone/ozone/hadoop-ozone/integration-test/target/test-dir/MiniOzoneClusterImpl-defbb36e-87e0-488b-866f-35c0fcf0d8c3/ozone-meta/datanode-3/ratis/dcdc3d78-d5b1-4ebb-86e4-6e3b6d850c69 does not exist. Creating ...
2024-08-15 03:37:15,165 [cd98677a-ad7a-47a4-bd04-3d82e218dd7d-groupManagement] INFO  storage.RaftStorageDirectory (RaftStorageDirectoryImpl.java:tryLock(229)) - Lock on /home/runner/work/ozone/ozone/hadoop-ozone/integration-test/target/test-dir/MiniOzoneClusterImpl-defbb36e-87e0-488b-866f-35c0fcf0d8c3/ozone-meta/datanode-3/ratis/dcdc3d78-d5b1-4ebb-86e4-6e3b6d850c69/in_use.lock acquired by nodename 2891@fv-az1015-460
2024-08-15 03:37:15,165 [cd98677a-ad7a-47a4-bd04-3d82e218dd7d-groupManagement] INFO  storage.RaftStorage (RaftStorageImpl.java:format(98)) - Storage directory /home/runner/work/ozone/ozone/hadoop-ozone/integration-test/target/test-dir/MiniOzoneClusterImpl-defbb36e-87e0-488b-866f-35c0fcf0d8c3/ozone-meta/datanode-3/ratis/dcdc3d78-d5b1-4ebb-86e4-6e3b6d850c69 has been successfully formatted.
2024-08-15 03:37:15,166 [cd98677a-ad7a-47a4-bd04-3d82e218dd7d-groupManagement] INFO  ratis.ContainerStateMachine (ContainerStateMachine.java:loadSnapshot(295)) - group-6E3B6D850C69: The snapshot info is null. Setting the last applied index to:(t:0, i:~)
2024-08-15 03:37:15,166 [cd98677a-ad7a-47a4-bd04-3d82e218dd7d-groupManagement] INFO  server.RaftServerConfigKeys (ConfUtils.java:logGet(46)) - raft.server.log.use.memory = false (default)
2024-08-15 03:37:15,166 [cd98677a-ad7a-47a4-bd04-3d82e218dd7d-groupManagement] INFO  server.RaftServerConfigKeys (ConfUtils.java:logGet(46)) - raft.server.log.purge.gap = 1000000 (custom)
2024-08-15 03:37:15,166 [cd98677a-ad7a-47a4-bd04-3d82e218dd7d-groupManagement] INFO  server.RaftServerConfigKeys (ConfUtils.java:logGet(46)) - raft.server.log.appender.buffer.byte-limit = 8388608 (custom)
2024-08-15 03:37:15,166 [cd98677a-ad7a-47a4-bd04-3d82e218dd7d-groupManagement] INFO  server.RaftServerConfigKeys (ConfUtils.java:logGet(46)) - raft.server.log.statemachine.data.read.timeout = 1000ms (default)
2024-08-15 03:37:15,166 [cd98677a-ad7a-47a4-bd04-3d82e218dd7d-groupManagement] INFO  server.RaftServerConfigKeys (ConfUtils.java:logGet(46)) - raft.server.log.purge.preservation.log.num = 0 (default)
2024-08-15 03:37:15,167 [cd98677a-ad7a-47a4-bd04-3d82e218dd7d-groupManagement] INFO  server.RaftServerConfigKeys (ConfUtils.java:logGet(46)) - raft.server.log.segment.size.max = 67108864 (custom)
2024-08-15 03:37:15,167 [cd98677a-ad7a-47a4-bd04-3d82e218dd7d-groupManagement] INFO  server.RaftServerConfigKeys (ConfUtils.java:logGet(46)) - raft.server.log.segment.cache.num.max = 2 (custom)
2024-08-15 03:37:15,167 [cd98677a-ad7a-47a4-bd04-3d82e218dd7d-groupManagement] INFO  server.RaftServerConfigKeys (ConfUtils.java:logGet(46)) - raft.server.log.segment.cache.size.max = 200MB (=209715200) (default)
2024-08-15 03:37:15,167 [cd98677a-ad7a-47a4-bd04-3d82e218dd7d-groupManagement] INFO  server.RaftServerConfigKeys (ConfUtils.java:logGet(46)) - raft.server.log.appender.buffer.byte-limit = 8388608 (custom)
2024-08-15 03:37:15,167 [EventQueue-PipelineReportForPipelineReportHandler] INFO  pipeline.PipelineReportHandler (PipelineReportHandler.java:processPipelineReport(136)) - Opened pipeline PipelineID=dcdc3d78-d5b1-4ebb-86e4-6e3b6d850c69
2024-08-15 03:37:15,167 [EventQueue-OpenPipelineForHealthyPipelineSafeModeRule] INFO  safemode.SCMSafeModeManager (HealthyPipelineSafeModeRule.java:process(140)) - SCM in safe mode. Healthy pipelines reported count is 0, required healthy pipeline reported count is 1
2024-08-15 03:37:15,169 [cd98677a-ad7a-47a4-bd04-3d82e218dd7d-groupManagement] INFO  util.AwaitToRun (AwaitToRun.java:start(81)) - Thread[cd98677a-ad7a-47a4-bd04-3d82e218dd7d@group-6E3B6D850C69-cacheEviction-AwaitToRun,5,main] started
2024-08-15 03:37:15,169 [cd98677a-ad7a-47a4-bd04-3d82e218dd7d-groupManagement] INFO  segmented.SegmentedRaftLogWorker (SegmentedRaftLogWorker.java:<init>(184)) - new cd98677a-ad7a-47a4-bd04-3d82e218dd7d@group-6E3B6D850C69-SegmentedRaftLogWorker for RaftStorageImpl:Storage Directory /home/runner/work/ozone/ozone/hadoop-ozone/integration-test/target/test-dir/MiniOzoneClusterImpl-defbb36e-87e0-488b-866f-35c0fcf0d8c3/ozone-meta/datanode-3/ratis/dcdc3d78-d5b1-4ebb-86e4-6e3b6d850c69
2024-08-15 03:37:15,169 [cd98677a-ad7a-47a4-bd04-3d82e218dd7d-groupManagement] INFO  server.RaftServerConfigKeys (ConfUtils.java:logGet(46)) - raft.server.log.queue.byte-limit = 4294967296 (custom)
2024-08-15 03:37:15,169 [cd98677a-ad7a-47a4-bd04-3d82e218dd7d-groupManagement] INFO  server.RaftServerConfigKeys (ConfUtils.java:logGet(46)) - raft.server.log.queue.element-limit = 1024 (custom)
2024-08-15 03:37:15,169 [cd98677a-ad7a-47a4-bd04-3d82e218dd7d-groupManagement] INFO  server.RaftServerConfigKeys (ConfUtils.java:logGet(46)) - raft.server.log.segment.size.max = 67108864 (custom)
2024-08-15 03:37:15,169 [cd98677a-ad7a-47a4-bd04-3d82e218dd7d-groupManagement] INFO  server.RaftServerConfigKeys (ConfUtils.java:logGet(46)) - raft.server.log.preallocated.size = 4194304 (custom)
2024-08-15 03:37:15,169 [cd98677a-ad7a-47a4-bd04-3d82e218dd7d-groupManagement] INFO  server.RaftServerConfigKeys (ConfUtils.java:logGet(46)) - raft.server.log.force.sync.num = 128 (default)
2024-08-15 03:37:15,169 [cd98677a-ad7a-47a4-bd04-3d82e218dd7d-groupManagement] INFO  server.RaftServerConfigKeys (ConfUtils.java:logGet(46)) - raft.server.log.statemachine.data.sync = true (default)
2024-08-15 03:37:15,169 [cd98677a-ad7a-47a4-bd04-3d82e218dd7d-groupManagement] INFO  server.RaftServerConfigKeys (ConfUtils.java:logGet(46)) - raft.server.log.statemachine.data.sync.timeout = 10s (default)
2024-08-15 03:37:15,170 [cd98677a-ad7a-47a4-bd04-3d82e218dd7d-groupManagement] INFO  server.RaftServerConfigKeys (ConfUtils.java:logGet(46)) - raft.server.log.statemachine.data.sync.timeout.retry = 30 (custom)
2024-08-15 03:37:15,170 [cd98677a-ad7a-47a4-bd04-3d82e218dd7d-groupManagement] INFO  server.RaftServerConfigKeys (ConfUtils.java:logGet(46)) - raft.server.log.write.buffer.size = 8388616 (custom)
2024-08-15 03:37:15,171 [cd98677a-ad7a-47a4-bd04-3d82e218dd7d-groupManagement] INFO  server.RaftServerConfigKeys (ConfUtils.java:logGet(46)) - raft.server.log.appender.buffer.byte-limit = 8388608 (custom)
2024-08-15 03:37:15,171 [cd98677a-ad7a-47a4-bd04-3d82e218dd7d-groupManagement] INFO  server.RaftServerConfigKeys (ConfUtils.java:logGet(46)) - raft.server.log.unsafe-flush.enabled = false (default)
2024-08-15 03:37:15,171 [cd98677a-ad7a-47a4-bd04-3d82e218dd7d-groupManagement] INFO  server.RaftServerConfigKeys (ConfUtils.java:logGet(46)) - raft.server.log.async-flush.enabled = false (default)
2024-08-15 03:37:15,171 [cd98677a-ad7a-47a4-bd04-3d82e218dd7d-groupManagement] INFO  server.RaftServerConfigKeys (ConfUtils.java:logGet(46)) - raft.server.log.statemachine.data.caching.enabled = true (custom)
2024-08-15 03:37:15,171 [cd98677a-ad7a-47a4-bd04-3d82e218dd7d-groupManagement] INFO  segmented.SegmentedRaftLogWorker (SegmentedRaftLogWorker.java:lambda$new$0(135)) - cd98677a-ad7a-47a4-bd04-3d82e218dd7d@group-6E3B6D850C69-SegmentedRaftLogWorker: flushIndex: setUnconditionally 0 -> -1
2024-08-15 03:37:15,171 [cd98677a-ad7a-47a4-bd04-3d82e218dd7d-groupManagement] INFO  segmented.SegmentedRaftLogWorker (SegmentedRaftLogWorker.java:lambda$new$0(135)) - cd98677a-ad7a-47a4-bd04-3d82e218dd7d@group-6E3B6D850C69-SegmentedRaftLogWorker: safeCacheEvictIndex: setUnconditionally 0 -> -1
2024-08-15 03:37:15,171 [cd98677a-ad7a-47a4-bd04-3d82e218dd7d-groupManagement] INFO  server.RaftServer$Division (RaftServerImpl.java:start(389)) - cd98677a-ad7a-47a4-bd04-3d82e218dd7d@group-6E3B6D850C69: start as a follower, conf=conf: {index: -1, cur=peers:[cd98677a-ad7a-47a4-bd04-3d82e218dd7d|127.0.0.1:15240]|listeners:[], old=null}
2024-08-15 03:37:15,171 [cd98677a-ad7a-47a4-bd04-3d82e218dd7d-groupManagement] INFO  server.RaftServer$Division (RaftServerImpl.java:setRole(376)) - cd98677a-ad7a-47a4-bd04-3d82e218dd7d@group-6E3B6D850C69: changes role from      null to FOLLOWER at term 0 for startAsFollower
2024-08-15 03:37:15,171 [cd98677a-ad7a-47a4-bd04-3d82e218dd7d-groupManagement] INFO  impl.RoleInfo (RoleInfo.java:updateAndGet(148)) - cd98677a-ad7a-47a4-bd04-3d82e218dd7d: start cd98677a-ad7a-47a4-bd04-3d82e218dd7d@group-6E3B6D850C69-FollowerState
2024-08-15 03:37:15,171 [cd98677a-ad7a-47a4-bd04-3d82e218dd7d-groupManagement] INFO  util.JmxRegister (JmxRegister.java:tryRegister(44)) - Successfully registered JMX Bean with object name Ratis:service=RaftServer,group=group-6E3B6D850C69,id=cd98677a-ad7a-47a4-bd04-3d82e218dd7d
2024-08-15 03:37:15,171 [cd98677a-ad7a-47a4-bd04-3d82e218dd7d@group-6E3B6D850C69-FollowerState] INFO  server.RaftServerConfigKeys (ConfUtils.java:logFallback(53)) - raft.server.rpc.first-election.timeout.min = 5s (fallback to raft.server.rpc.timeout.min)
2024-08-15 03:37:15,172 [cd98677a-ad7a-47a4-bd04-3d82e218dd7d@group-6E3B6D850C69-FollowerState] INFO  server.RaftServerConfigKeys (ConfUtils.java:logFallback(53)) - raft.server.rpc.first-election.timeout.max = 5200ms (fallback to raft.server.rpc.timeout.max)
2024-08-15 03:37:15,171 [cd98677a-ad7a-47a4-bd04-3d82e218dd7d-groupManagement] INFO  util.JmxRegister (JmxRegister.java:register(58)) - register mxBean class org.apache.ratis.server.impl.RaftServerJmxAdapter as Ratis:service=RaftServer,group=group-6E3B6D850C69,id=cd98677a-ad7a-47a4-bd04-3d82e218dd7d
2024-08-15 03:37:15,172 [cd98677a-ad7a-47a4-bd04-3d82e218dd7d-groupManagement] INFO  server.RaftServerConfigKeys (ConfUtils.java:logGet(46)) - raft.server.snapshot.trigger-when-stop.enabled = true (default)
2024-08-15 03:37:15,172 [cd98677a-ad7a-47a4-bd04-3d82e218dd7d-groupManagement] INFO  server.RaftServerConfigKeys (ConfUtils.java:logGet(46)) - raft.server.snapshot.trigger-when-remove.enabled = true (default)
2024-08-15 03:37:15,172 [cd98677a-ad7a-47a4-bd04-3d82e218dd7d-groupManagement] INFO  server.RaftServerConfigKeys (ConfUtils.java:logGet(46)) - raft.server.snapshot.auto.trigger.enabled = true (custom)
2024-08-15 03:37:15,172 [cd98677a-ad7a-47a4-bd04-3d82e218dd7d-groupManagement] INFO  server.RaftServerConfigKeys (ConfUtils.java:logGet(46)) - raft.server.snapshot.auto.trigger.threshold = 10000 (custom)
2024-08-15 03:37:15,172 [cd98677a-ad7a-47a4-bd04-3d82e218dd7d-groupManagement] INFO  server.RaftServerConfigKeys (ConfUtils.java:logGet(46)) - raft.server.snapshot.retention.file.num = 5 (custom)
2024-08-15 03:37:15,172 [cd98677a-ad7a-47a4-bd04-3d82e218dd7d-groupManagement] INFO  server.RaftServerConfigKeys (ConfUtils.java:logGet(46)) - raft.server.log.purge.upto.snapshot.index = false (default)
2024-08-15 03:37:15,172 [cd98677a-ad7a-47a4-bd04-3d82e218dd7d-PipelineCommandHandlerThread-0] INFO  ratis.XceiverServerRatis (XceiverServerRatis.java:addGroup(850)) - Created group PipelineID=dcdc3d78-d5b1-4ebb-86e4-6e3b6d850c69
2024-08-15 03:37:15,172 [cd98677a-ad7a-47a4-bd04-3d82e218dd7d-PipelineCommandHandlerThread-0] INFO  commandhandler.CreatePipelineCommandHandler (CreatePipelineCommandHandler.java:lambda$handle$2(124)) - Created Pipeline RATIS ONE PipelineID=dcdc3d78-d5b1-4ebb-86e4-6e3b6d850c69.
2024-08-15 03:37:16,163 [main] INFO  ozone.MiniOzoneClusterImpl (MiniOzoneClusterImpl.java:lambda$waitForClusterToBeReady$0(198)) - Nodes are ready. Got 3 of 3 DN Heartbeats.
2024-08-15 03:37:16,163 [main] INFO  ozone.MiniOzoneClusterImpl (MiniOzoneClusterImpl.java:lambda$waitForClusterToBeReady$0(201)) - Waiting for cluster to exit safe mode
2024-08-15 03:37:16,163 [main] INFO  ozone.MiniOzoneClusterImpl (MiniOzoneClusterImpl.java:lambda$waitForClusterToBeReady$0(203)) - SCM became leader
2024-08-15 03:37:17,164 [main] INFO  ozone.MiniOzoneClusterImpl (MiniOzoneClusterImpl.java:lambda$waitForClusterToBeReady$0(198)) - Nodes are ready. Got 3 of 3 DN Heartbeats.
2024-08-15 03:37:17,164 [main] INFO  ozone.MiniOzoneClusterImpl (MiniOzoneClusterImpl.java:lambda$waitForClusterToBeReady$0(201)) - Waiting for cluster to exit safe mode
2024-08-15 03:37:17,164 [main] INFO  ozone.MiniOzoneClusterImpl (MiniOzoneClusterImpl.java:lambda$waitForClusterToBeReady$0(203)) - SCM became leader
2024-08-15 03:37:18,164 [main] INFO  ozone.MiniOzoneClusterImpl (MiniOzoneClusterImpl.java:lambda$waitForClusterToBeReady$0(198)) - Nodes are ready. Got 3 of 3 DN Heartbeats.
2024-08-15 03:37:18,164 [main] INFO  ozone.MiniOzoneClusterImpl (MiniOzoneClusterImpl.java:lambda$waitForClusterToBeReady$0(201)) - Waiting for cluster to exit safe mode
2024-08-15 03:37:18,164 [main] INFO  ozone.MiniOzoneClusterImpl (MiniOzoneClusterImpl.java:lambda$waitForClusterToBeReady$0(203)) - SCM became leader
2024-08-15 03:37:19,165 [main] INFO  ozone.MiniOzoneClusterImpl (MiniOzoneClusterImpl.java:lambda$waitForClusterToBeReady$0(198)) - Nodes are ready. Got 3 of 3 DN Heartbeats.
2024-08-15 03:37:19,165 [main] INFO  ozone.MiniOzoneClusterImpl (MiniOzoneClusterImpl.java:lambda$waitForClusterToBeReady$0(201)) - Waiting for cluster to exit safe mode
2024-08-15 03:37:19,165 [main] INFO  ozone.MiniOzoneClusterImpl (MiniOzoneClusterImpl.java:lambda$waitForClusterToBeReady$0(203)) - SCM became leader
2024-08-15 03:37:19,735 [ab869ec9-a1da-4eec-ae22-c3ca637d5862@group-7632133483E8-FollowerState] INFO  impl.FollowerState (FollowerState.java:run(144)) - ab869ec9-a1da-4eec-ae22-c3ca637d5862@group-7632133483E8-FollowerState: change to CANDIDATE, lastRpcElapsedTime:5031699575ns, electionTimeout:5031ms
2024-08-15 03:37:19,735 [ab869ec9-a1da-4eec-ae22-c3ca637d5862@group-7632133483E8-FollowerState] INFO  impl.RoleInfo (RoleInfo.java:shutdownFollowerState(119)) - ab869ec9-a1da-4eec-ae22-c3ca637d5862: shutdown ab869ec9-a1da-4eec-ae22-c3ca637d5862@group-7632133483E8-FollowerState
2024-08-15 03:37:19,735 [ab869ec9-a1da-4eec-ae22-c3ca637d5862@group-7632133483E8-FollowerState] INFO  server.RaftServer$Division (RaftServerImpl.java:setRole(376)) - ab869ec9-a1da-4eec-ae22-c3ca637d5862@group-7632133483E8: changes role from  FOLLOWER to CANDIDATE at term 0 for changeToCandidate
2024-08-15 03:37:19,735 [ab869ec9-a1da-4eec-ae22-c3ca637d5862@group-7632133483E8-FollowerState] INFO  server.RaftServerConfigKeys (ConfUtils.java:logGet(46)) - raft.server.leaderelection.pre-vote = true (default)
2024-08-15 03:37:19,735 [ab869ec9-a1da-4eec-ae22-c3ca637d5862@group-7632133483E8-FollowerState] INFO  impl.RoleInfo (RoleInfo.java:updateAndGet(148)) - ab869ec9-a1da-4eec-ae22-c3ca637d5862: start ab869ec9-a1da-4eec-ae22-c3ca637d5862@group-7632133483E8-LeaderElection42
2024-08-15 03:37:19,736 [ab869ec9-a1da-4eec-ae22-c3ca637d5862@group-7632133483E8-LeaderElection42] INFO  impl.LeaderElection (LeaderElection.java:askForVotes(321)) - ab869ec9-a1da-4eec-ae22-c3ca637d5862@group-7632133483E8-LeaderElection42 PRE_VOTE round 0: submit vote requests at term 0 for conf: {index: -1, cur=peers:[398215a5-964b-4dc4-b31b-bbd09ffd15fb|127.0.0.1:15231, ab869ec9-a1da-4eec-ae22-c3ca637d5862|127.0.0.1:15222, cd98677a-ad7a-47a4-bd04-3d82e218dd7d|127.0.0.1:15240]|listeners:[], old=null}
2024-08-15 03:37:19,736 [ab869ec9-a1da-4eec-ae22-c3ca637d5862@group-7632133483E8-LeaderElection42-1] INFO  server.GrpcServerProtocolClient (GrpcServerProtocolClient.java:<init>(65)) - Build channel for 398215a5-964b-4dc4-b31b-bbd09ffd15fb|127.0.0.1:15231
2024-08-15 03:37:19,736 [ab869ec9-a1da-4eec-ae22-c3ca637d5862@group-7632133483E8-LeaderElection42] INFO  server.RaftServerConfigKeys (ConfUtils.java:logFallback(53)) - raft.server.rpc.first-election.timeout.min = 5s (fallback to raft.server.rpc.timeout.min)
2024-08-15 03:37:19,736 [ab869ec9-a1da-4eec-ae22-c3ca637d5862@group-7632133483E8-LeaderElection42] INFO  server.RaftServerConfigKeys (ConfUtils.java:logFallback(53)) - raft.server.rpc.first-election.timeout.max = 5200ms (fallback to raft.server.rpc.timeout.max)
2024-08-15 03:37:19,736 [ab869ec9-a1da-4eec-ae22-c3ca637d5862@group-7632133483E8-LeaderElection42-2] INFO  server.GrpcServerProtocolClient (GrpcServerProtocolClient.java:<init>(65)) - Build channel for cd98677a-ad7a-47a4-bd04-3d82e218dd7d|127.0.0.1:15240
2024-08-15 03:37:19,741 [grpc-default-executor-9] INFO  server.RaftServer$Division (RaftServerImpl.java:requestVote(1416)) - 398215a5-964b-4dc4-b31b-bbd09ffd15fb@group-7632133483E8: receive requestVote(PRE_VOTE, ab869ec9-a1da-4eec-ae22-c3ca637d5862, group-7632133483E8, 0, (t:0, i:0))
2024-08-15 03:37:19,742 [grpc-default-executor-9] INFO  impl.VoteContext (VoteContext.java:log(49)) - 398215a5-964b-4dc4-b31b-bbd09ffd15fb@group-7632133483E8-FOLLOWER: reject PRE_VOTE from ab869ec9-a1da-4eec-ae22-c3ca637d5862: our priority 1 > candidate's priority 0
2024-08-15 03:37:19,742 [grpc-default-executor-9] INFO  server.RaftServer$Division (RaftServerImpl.java:requestVote(1449)) - 398215a5-964b-4dc4-b31b-bbd09ffd15fb@group-7632133483E8 replies to PRE_VOTE vote request: ab869ec9-a1da-4eec-ae22-c3ca637d5862<-398215a5-964b-4dc4-b31b-bbd09ffd15fb#0:FAIL-t0. Peer's state: 398215a5-964b-4dc4-b31b-bbd09ffd15fb@group-7632133483E8:t0, leader=null, voted=, raftlog=Memoized:398215a5-964b-4dc4-b31b-bbd09ffd15fb@group-7632133483E8-SegmentedRaftLog:OPENED:c-1:lastnull, conf=conf: {index: -1, cur=peers:[398215a5-964b-4dc4-b31b-bbd09ffd15fb|127.0.0.1:15231, ab869ec9-a1da-4eec-ae22-c3ca637d5862|127.0.0.1:15222, cd98677a-ad7a-47a4-bd04-3d82e218dd7d|127.0.0.1:15240]|listeners:[], old=null}
2024-08-15 03:37:19,742 [grpc-default-executor-6] INFO  server.RaftServer$Division (RaftServerImpl.java:requestVote(1416)) - cd98677a-ad7a-47a4-bd04-3d82e218dd7d@group-7632133483E8: receive requestVote(PRE_VOTE, ab869ec9-a1da-4eec-ae22-c3ca637d5862, group-7632133483E8, 0, (t:0, i:0))
2024-08-15 03:37:19,742 [grpc-default-executor-6] INFO  impl.VoteContext (VoteContext.java:log(49)) - cd98677a-ad7a-47a4-bd04-3d82e218dd7d@group-7632133483E8-FOLLOWER: accept PRE_VOTE from ab869ec9-a1da-4eec-ae22-c3ca637d5862: our priority 0 <= candidate's priority 0
2024-08-15 03:37:19,742 [grpc-default-executor-6] INFO  server.RaftServer$Division (RaftServerImpl.java:requestVote(1449)) - cd98677a-ad7a-47a4-bd04-3d82e218dd7d@group-7632133483E8 replies to PRE_VOTE vote request: ab869ec9-a1da-4eec-ae22-c3ca637d5862<-cd98677a-ad7a-47a4-bd04-3d82e218dd7d#0:OK-t0. Peer's state: cd98677a-ad7a-47a4-bd04-3d82e218dd7d@group-7632133483E8:t0, leader=null, voted=, raftlog=Memoized:cd98677a-ad7a-47a4-bd04-3d82e218dd7d@group-7632133483E8-SegmentedRaftLog:OPENED:c-1:lastnull, conf=conf: {index: -1, cur=peers:[398215a5-964b-4dc4-b31b-bbd09ffd15fb|127.0.0.1:15231, ab869ec9-a1da-4eec-ae22-c3ca637d5862|127.0.0.1:15222, cd98677a-ad7a-47a4-bd04-3d82e218dd7d|127.0.0.1:15240]|listeners:[], old=null}
2024-08-15 03:37:19,743 [ab869ec9-a1da-4eec-ae22-c3ca637d5862@group-7632133483E8-LeaderElection42] INFO  impl.LeaderElection (LeaderElection.java:logAndReturn(89)) - ab869ec9-a1da-4eec-ae22-c3ca637d5862@group-7632133483E8-LeaderElection42: PRE_VOTE REJECTED received 1 response(s) and 0 exception(s):
2024-08-15 03:37:19,743 [ab869ec9-a1da-4eec-ae22-c3ca637d5862@group-7632133483E8-LeaderElection42] INFO  impl.LeaderElection (LeaderElection.java:logAndReturn(93)) -   Response 0: ab869ec9-a1da-4eec-ae22-c3ca637d5862<-398215a5-964b-4dc4-b31b-bbd09ffd15fb#0:FAIL-t0
2024-08-15 03:37:19,743 [ab869ec9-a1da-4eec-ae22-c3ca637d5862@group-7632133483E8-LeaderElection42] INFO  impl.LeaderElection (LeaderElection.java:askForVotes(323)) - ab869ec9-a1da-4eec-ae22-c3ca637d5862@group-7632133483E8-LeaderElection42 PRE_VOTE round 0: result REJECTED
2024-08-15 03:37:19,743 [ab869ec9-a1da-4eec-ae22-c3ca637d5862@group-7632133483E8-LeaderElection42] INFO  server.RaftServer$Division (RaftServerImpl.java:setRole(376)) - ab869ec9-a1da-4eec-ae22-c3ca637d5862@group-7632133483E8: changes role from CANDIDATE to FOLLOWER at term 0 for REJECTED
2024-08-15 03:37:19,743 [ab869ec9-a1da-4eec-ae22-c3ca637d5862@group-7632133483E8-LeaderElection42] INFO  impl.RoleInfo (RoleInfo.java:shutdownLeaderElection(139)) - ab869ec9-a1da-4eec-ae22-c3ca637d5862: shutdown ab869ec9-a1da-4eec-ae22-c3ca637d5862@group-7632133483E8-LeaderElection42
2024-08-15 03:37:19,743 [ab869ec9-a1da-4eec-ae22-c3ca637d5862@group-7632133483E8-LeaderElection42] INFO  impl.RoleInfo (RoleInfo.java:updateAndGet(148)) - ab869ec9-a1da-4eec-ae22-c3ca637d5862: start ab869ec9-a1da-4eec-ae22-c3ca637d5862@group-7632133483E8-FollowerState
2024-08-15 03:37:19,743 [ab869ec9-a1da-4eec-ae22-c3ca637d5862@group-7632133483E8-LeaderElection42] INFO  server.RaftServer$Division (RaftServerImpl.java:setFirstElection(549)) - ab869ec9-a1da-4eec-ae22-c3ca637d5862@group-7632133483E8: set firstElectionSinceStartup to false for REJECTED
2024-08-15 03:37:19,776 [ab869ec9-a1da-4eec-ae22-c3ca637d5862@group-89CEF1657FB2-FollowerState] INFO  impl.FollowerState (FollowerState.java:run(144)) - ab869ec9-a1da-4eec-ae22-c3ca637d5862@group-89CEF1657FB2-FollowerState: change to CANDIDATE, lastRpcElapsedTime:5011535922ns, electionTimeout:5011ms
2024-08-15 03:37:19,776 [ab869ec9-a1da-4eec-ae22-c3ca637d5862@group-89CEF1657FB2-FollowerState] INFO  impl.RoleInfo (RoleInfo.java:shutdownFollowerState(119)) - ab869ec9-a1da-4eec-ae22-c3ca637d5862: shutdown ab869ec9-a1da-4eec-ae22-c3ca637d5862@group-89CEF1657FB2-FollowerState
2024-08-15 03:37:19,776 [ab869ec9-a1da-4eec-ae22-c3ca637d5862@group-89CEF1657FB2-FollowerState] INFO  server.RaftServer$Division (RaftServerImpl.java:setRole(376)) - ab869ec9-a1da-4eec-ae22-c3ca637d5862@group-89CEF1657FB2: changes role from  FOLLOWER to CANDIDATE at term 0 for changeToCandidate
2024-08-15 03:37:19,776 [ab869ec9-a1da-4eec-ae22-c3ca637d5862@group-89CEF1657FB2-FollowerState] INFO  server.RaftServerConfigKeys (ConfUtils.java:logGet(46)) - raft.server.leaderelection.pre-vote = true (default)
2024-08-15 03:37:19,777 [ab869ec9-a1da-4eec-ae22-c3ca637d5862@group-89CEF1657FB2-FollowerState] INFO  impl.RoleInfo (RoleInfo.java:updateAndGet(148)) - ab869ec9-a1da-4eec-ae22-c3ca637d5862: start ab869ec9-a1da-4eec-ae22-c3ca637d5862@group-89CEF1657FB2-LeaderElection43
2024-08-15 03:37:19,777 [ab869ec9-a1da-4eec-ae22-c3ca637d5862@group-89CEF1657FB2-LeaderElection43] INFO  impl.LeaderElection (LeaderElection.java:askForVotes(321)) - ab869ec9-a1da-4eec-ae22-c3ca637d5862@group-89CEF1657FB2-LeaderElection43 PRE_VOTE round 0: submit vote requests at term 0 for conf: {index: -1, cur=peers:[398215a5-964b-4dc4-b31b-bbd09ffd15fb|127.0.0.1:15231, ab869ec9-a1da-4eec-ae22-c3ca637d5862|127.0.0.1:15222, cd98677a-ad7a-47a4-bd04-3d82e218dd7d|127.0.0.1:15240]|listeners:[], old=null}
2024-08-15 03:37:19,778 [ab869ec9-a1da-4eec-ae22-c3ca637d5862@group-89CEF1657FB2-LeaderElection43] INFO  server.RaftServerConfigKeys (ConfUtils.java:logFallback(53)) - raft.server.rpc.first-election.timeout.min = 5s (fallback to raft.server.rpc.timeout.min)
2024-08-15 03:37:19,778 [ab869ec9-a1da-4eec-ae22-c3ca637d5862@group-89CEF1657FB2-LeaderElection43] INFO  server.RaftServerConfigKeys (ConfUtils.java:logFallback(53)) - raft.server.rpc.first-election.timeout.max = 5200ms (fallback to raft.server.rpc.timeout.max)
2024-08-15 03:37:19,779 [grpc-default-executor-9] INFO  server.RaftServer$Division (RaftServerImpl.java:requestVote(1416)) - cd98677a-ad7a-47a4-bd04-3d82e218dd7d@group-89CEF1657FB2: receive requestVote(PRE_VOTE, ab869ec9-a1da-4eec-ae22-c3ca637d5862, group-89CEF1657FB2, 0, (t:0, i:0))
2024-08-15 03:37:19,779 [grpc-default-executor-9] INFO  impl.VoteContext (VoteContext.java:log(49)) - cd98677a-ad7a-47a4-bd04-3d82e218dd7d@group-89CEF1657FB2-FOLLOWER: accept PRE_VOTE from ab869ec9-a1da-4eec-ae22-c3ca637d5862: our priority 0 <= candidate's priority 1
2024-08-15 03:37:19,779 [grpc-default-executor-9] INFO  server.RaftServer$Division (RaftServerImpl.java:requestVote(1449)) - cd98677a-ad7a-47a4-bd04-3d82e218dd7d@group-89CEF1657FB2 replies to PRE_VOTE vote request: ab869ec9-a1da-4eec-ae22-c3ca637d5862<-cd98677a-ad7a-47a4-bd04-3d82e218dd7d#0:OK-t0. Peer's state: cd98677a-ad7a-47a4-bd04-3d82e218dd7d@group-89CEF1657FB2:t0, leader=null, voted=, raftlog=Memoized:cd98677a-ad7a-47a4-bd04-3d82e218dd7d@group-89CEF1657FB2-SegmentedRaftLog:OPENED:c-1:lastnull, conf=conf: {index: -1, cur=peers:[398215a5-964b-4dc4-b31b-bbd09ffd15fb|127.0.0.1:15231, ab869ec9-a1da-4eec-ae22-c3ca637d5862|127.0.0.1:15222, cd98677a-ad7a-47a4-bd04-3d82e218dd7d|127.0.0.1:15240]|listeners:[], old=null}
2024-08-15 03:37:19,779 [grpc-default-executor-0] INFO  server.RaftServer$Division (RaftServerImpl.java:requestVote(1416)) - 398215a5-964b-4dc4-b31b-bbd09ffd15fb@group-89CEF1657FB2: receive requestVote(PRE_VOTE, ab869ec9-a1da-4eec-ae22-c3ca637d5862, group-89CEF1657FB2, 0, (t:0, i:0))
2024-08-15 03:37:19,779 [grpc-default-executor-0] INFO  impl.VoteContext (VoteContext.java:log(49)) - 398215a5-964b-4dc4-b31b-bbd09ffd15fb@group-89CEF1657FB2-FOLLOWER: accept PRE_VOTE from ab869ec9-a1da-4eec-ae22-c3ca637d5862: our priority 0 <= candidate's priority 1
2024-08-15 03:37:19,779 [grpc-default-executor-0] INFO  server.RaftServer$Division (RaftServerImpl.java:requestVote(1449)) - 398215a5-964b-4dc4-b31b-bbd09ffd15fb@group-89CEF1657FB2 replies to PRE_VOTE vote request: ab869ec9-a1da-4eec-ae22-c3ca637d5862<-398215a5-964b-4dc4-b31b-bbd09ffd15fb#0:OK-t0. Peer's state: 398215a5-964b-4dc4-b31b-bbd09ffd15fb@group-89CEF1657FB2:t0, leader=null, voted=, raftlog=Memoized:398215a5-964b-4dc4-b31b-bbd09ffd15fb@group-89CEF1657FB2-SegmentedRaftLog:OPENED:c-1:lastnull, conf=conf: {index: -1, cur=peers:[398215a5-964b-4dc4-b31b-bbd09ffd15fb|127.0.0.1:15231, ab869ec9-a1da-4eec-ae22-c3ca637d5862|127.0.0.1:15222, cd98677a-ad7a-47a4-bd04-3d82e218dd7d|127.0.0.1:15240]|listeners:[], old=null}
2024-08-15 03:37:19,781 [ab869ec9-a1da-4eec-ae22-c3ca637d5862@group-89CEF1657FB2-LeaderElection43] INFO  impl.LeaderElection (LeaderElection.java:logAndReturn(89)) - ab869ec9-a1da-4eec-ae22-c3ca637d5862@group-89CEF1657FB2-LeaderElection43: PRE_VOTE PASSED received 1 response(s) and 0 exception(s):
2024-08-15 03:37:19,781 [ab869ec9-a1da-4eec-ae22-c3ca637d5862@group-89CEF1657FB2-LeaderElection43] INFO  impl.LeaderElection (LeaderElection.java:logAndReturn(93)) -   Response 0: ab869ec9-a1da-4eec-ae22-c3ca637d5862<-cd98677a-ad7a-47a4-bd04-3d82e218dd7d#0:OK-t0
2024-08-15 03:37:19,781 [ab869ec9-a1da-4eec-ae22-c3ca637d5862@group-89CEF1657FB2-LeaderElection43] INFO  impl.LeaderElection (LeaderElection.java:askForVotes(323)) - ab869ec9-a1da-4eec-ae22-c3ca637d5862@group-89CEF1657FB2-LeaderElection43 PRE_VOTE round 0: result PASSED
2024-08-15 03:37:19,782 [398215a5-964b-4dc4-b31b-bbd09ffd15fb@group-7632133483E8-FollowerState] INFO  impl.FollowerState (FollowerState.java:run(144)) - 398215a5-964b-4dc4-b31b-bbd09ffd15fb@group-7632133483E8-FollowerState: change to CANDIDATE, lastRpcElapsedTime:5036720299ns, electionTimeout:5036ms
2024-08-15 03:37:19,782 [398215a5-964b-4dc4-b31b-bbd09ffd15fb@group-7632133483E8-FollowerState] INFO  impl.RoleInfo (RoleInfo.java:shutdownFollowerState(119)) - 398215a5-964b-4dc4-b31b-bbd09ffd15fb: shutdown 398215a5-964b-4dc4-b31b-bbd09ffd15fb@group-7632133483E8-FollowerState
2024-08-15 03:37:19,782 [398215a5-964b-4dc4-b31b-bbd09ffd15fb@group-7632133483E8-FollowerState] INFO  server.RaftServer$Division (RaftServerImpl.java:setRole(376)) - 398215a5-964b-4dc4-b31b-bbd09ffd15fb@group-7632133483E8: changes role from  FOLLOWER to CANDIDATE at term 0 for changeToCandidate
2024-08-15 03:37:19,782 [398215a5-964b-4dc4-b31b-bbd09ffd15fb@group-7632133483E8-FollowerState] INFO  server.RaftServerConfigKeys (ConfUtils.java:logGet(46)) - raft.server.leaderelection.pre-vote = true (default)
2024-08-15 03:37:19,782 [398215a5-964b-4dc4-b31b-bbd09ffd15fb@group-7632133483E8-FollowerState] INFO  impl.RoleInfo (RoleInfo.java:updateAndGet(148)) - 398215a5-964b-4dc4-b31b-bbd09ffd15fb: start 398215a5-964b-4dc4-b31b-bbd09ffd15fb@group-7632133483E8-LeaderElection44
2024-08-15 03:37:19,782 [ab869ec9-a1da-4eec-ae22-c3ca637d5862@group-89CEF1657FB2-LeaderElection43] INFO  impl.LeaderElection (LeaderElection.java:askForVotes(321)) - ab869ec9-a1da-4eec-ae22-c3ca637d5862@group-89CEF1657FB2-LeaderElection43 ELECTION round 0: submit vote requests at term 1 for conf: {index: -1, cur=peers:[398215a5-964b-4dc4-b31b-bbd09ffd15fb|127.0.0.1:15231, ab869ec9-a1da-4eec-ae22-c3ca637d5862|127.0.0.1:15222, cd98677a-ad7a-47a4-bd04-3d82e218dd7d|127.0.0.1:15240]|listeners:[], old=null}
2024-08-15 03:37:19,782 [398215a5-964b-4dc4-b31b-bbd09ffd15fb@group-7632133483E8-LeaderElection44] INFO  impl.LeaderElection (LeaderElection.java:askForVotes(321)) - 398215a5-964b-4dc4-b31b-bbd09ffd15fb@group-7632133483E8-LeaderElection44 PRE_VOTE round 0: submit vote requests at term 0 for conf: {index: -1, cur=peers:[398215a5-964b-4dc4-b31b-bbd09ffd15fb|127.0.0.1:15231, ab869ec9-a1da-4eec-ae22-c3ca637d5862|127.0.0.1:15222, cd98677a-ad7a-47a4-bd04-3d82e218dd7d|127.0.0.1:15240]|listeners:[], old=null}
2024-08-15 03:37:19,782 [ab869ec9-a1da-4eec-ae22-c3ca637d5862@group-89CEF1657FB2-LeaderElection43] INFO  server.RaftServerConfigKeys (ConfUtils.java:logFallback(53)) - raft.server.rpc.first-election.timeout.min = 5s (fallback to raft.server.rpc.timeout.min)
2024-08-15 03:37:19,782 [ab869ec9-a1da-4eec-ae22-c3ca637d5862@group-89CEF1657FB2-LeaderElection43] INFO  server.RaftServerConfigKeys (ConfUtils.java:logFallback(53)) - raft.server.rpc.first-election.timeout.max = 5200ms (fallback to raft.server.rpc.timeout.max)
2024-08-15 03:37:19,782 [398215a5-964b-4dc4-b31b-bbd09ffd15fb@group-7632133483E8-LeaderElection44-1] INFO  server.GrpcServerProtocolClient (GrpcServerProtocolClient.java:<init>(65)) - Build channel for ab869ec9-a1da-4eec-ae22-c3ca637d5862|127.0.0.1:15222
2024-08-15 03:37:19,783 [grpc-default-executor-0] INFO  server.RaftServer$Division (RaftServerImpl.java:requestVote(1416)) - cd98677a-ad7a-47a4-bd04-3d82e218dd7d@group-89CEF1657FB2: receive requestVote(ELECTION, ab869ec9-a1da-4eec-ae22-c3ca637d5862, group-89CEF1657FB2, 1, (t:0, i:0))
2024-08-15 03:37:19,783 [grpc-default-executor-0] INFO  impl.VoteContext (VoteContext.java:log(49)) - cd98677a-ad7a-47a4-bd04-3d82e218dd7d@group-89CEF1657FB2-FOLLOWER: accept ELECTION from ab869ec9-a1da-4eec-ae22-c3ca637d5862: our priority 0 <= candidate's priority 1
2024-08-15 03:37:19,783 [grpc-default-executor-0] INFO  server.RaftServer$Division (RaftServerImpl.java:setRole(376)) - cd98677a-ad7a-47a4-bd04-3d82e218dd7d@group-89CEF1657FB2: changes role from  FOLLOWER to FOLLOWER at term 1 for candidate:ab869ec9-a1da-4eec-ae22-c3ca637d5862
2024-08-15 03:37:19,783 [grpc-default-executor-0] INFO  impl.RoleInfo (RoleInfo.java:shutdownFollowerState(119)) - cd98677a-ad7a-47a4-bd04-3d82e218dd7d: shutdown cd98677a-ad7a-47a4-bd04-3d82e218dd7d@group-89CEF1657FB2-FollowerState
2024-08-15 03:37:19,783 [grpc-default-executor-0] INFO  impl.RoleInfo (RoleInfo.java:updateAndGet(148)) - cd98677a-ad7a-47a4-bd04-3d82e218dd7d: start cd98677a-ad7a-47a4-bd04-3d82e218dd7d@group-89CEF1657FB2-FollowerState
2024-08-15 03:37:19,783 [cd98677a-ad7a-47a4-bd04-3d82e218dd7d@group-89CEF1657FB2-FollowerState] INFO  impl.FollowerState (FollowerState.java:run(153)) - cd98677a-ad7a-47a4-bd04-3d82e218dd7d@group-89CEF1657FB2-FollowerState was interrupted
2024-08-15 03:37:19,784 [grpc-default-executor-6] INFO  server.RaftServer$Division (RaftServerImpl.java:requestVote(1416)) - 398215a5-964b-4dc4-b31b-bbd09ffd15fb@group-89CEF1657FB2: receive requestVote(ELECTION, ab869ec9-a1da-4eec-ae22-c3ca637d5862, group-89CEF1657FB2, 1, (t:0, i:0))
2024-08-15 03:37:19,784 [398215a5-964b-4dc4-b31b-bbd09ffd15fb@group-7632133483E8-LeaderElection44] INFO  server.RaftServerConfigKeys (ConfUtils.java:logFallback(53)) - raft.server.rpc.first-election.timeout.min = 5s (fallback to raft.server.rpc.timeout.min)
2024-08-15 03:37:19,784 [398215a5-964b-4dc4-b31b-bbd09ffd15fb@group-7632133483E8-LeaderElection44] INFO  server.RaftServerConfigKeys (ConfUtils.java:logFallback(53)) - raft.server.rpc.first-election.timeout.max = 5200ms (fallback to raft.server.rpc.timeout.max)
2024-08-15 03:37:19,784 [grpc-default-executor-6] INFO  impl.VoteContext (VoteContext.java:log(49)) - 398215a5-964b-4dc4-b31b-bbd09ffd15fb@group-89CEF1657FB2-FOLLOWER: accept ELECTION from ab869ec9-a1da-4eec-ae22-c3ca637d5862: our priority 0 <= candidate's priority 1
2024-08-15 03:37:19,784 [grpc-default-executor-6] INFO  server.RaftServer$Division (RaftServerImpl.java:setRole(376)) - 398215a5-964b-4dc4-b31b-bbd09ffd15fb@group-89CEF1657FB2: changes role from  FOLLOWER to FOLLOWER at term 1 for candidate:ab869ec9-a1da-4eec-ae22-c3ca637d5862
2024-08-15 03:37:19,784 [grpc-default-executor-6] INFO  impl.RoleInfo (RoleInfo.java:shutdownFollowerState(119)) - 398215a5-964b-4dc4-b31b-bbd09ffd15fb: shutdown 398215a5-964b-4dc4-b31b-bbd09ffd15fb@group-89CEF1657FB2-FollowerState
2024-08-15 03:37:19,784 [398215a5-964b-4dc4-b31b-bbd09ffd15fb@group-7632133483E8-LeaderElection44-2] INFO  server.GrpcServerProtocolClient (GrpcServerProtocolClient.java:<init>(65)) - Build channel for cd98677a-ad7a-47a4-bd04-3d82e218dd7d|127.0.0.1:15240
2024-08-15 03:37:19,784 [398215a5-964b-4dc4-b31b-bbd09ffd15fb@group-89CEF1657FB2-FollowerState] INFO  impl.FollowerState (FollowerState.java:run(153)) - 398215a5-964b-4dc4-b31b-bbd09ffd15fb@group-89CEF1657FB2-FollowerState was interrupted
2024-08-15 03:37:19,784 [grpc-default-executor-6] INFO  impl.RoleInfo (RoleInfo.java:updateAndGet(148)) - 398215a5-964b-4dc4-b31b-bbd09ffd15fb: start 398215a5-964b-4dc4-b31b-bbd09ffd15fb@group-89CEF1657FB2-FollowerState
2024-08-15 03:37:19,787 [grpc-default-executor-3] INFO  server.RaftServer$Division (RaftServerImpl.java:requestVote(1416)) - cd98677a-ad7a-47a4-bd04-3d82e218dd7d@group-7632133483E8: receive requestVote(PRE_VOTE, 398215a5-964b-4dc4-b31b-bbd09ffd15fb, group-7632133483E8, 0, (t:0, i:0))
2024-08-15 03:37:19,787 [grpc-default-executor-3] INFO  impl.VoteContext (VoteContext.java:log(49)) - cd98677a-ad7a-47a4-bd04-3d82e218dd7d@group-7632133483E8-FOLLOWER: accept PRE_VOTE from 398215a5-964b-4dc4-b31b-bbd09ffd15fb: our priority 0 <= candidate's priority 1
2024-08-15 03:37:19,787 [grpc-default-executor-3] INFO  server.RaftServer$Division (RaftServerImpl.java:requestVote(1449)) - cd98677a-ad7a-47a4-bd04-3d82e218dd7d@group-7632133483E8 replies to PRE_VOTE vote request: 398215a5-964b-4dc4-b31b-bbd09ffd15fb<-cd98677a-ad7a-47a4-bd04-3d82e218dd7d#0:OK-t0. Peer's state: cd98677a-ad7a-47a4-bd04-3d82e218dd7d@group-7632133483E8:t0, leader=null, voted=, raftlog=Memoized:cd98677a-ad7a-47a4-bd04-3d82e218dd7d@group-7632133483E8-SegmentedRaftLog:OPENED:c-1:lastnull, conf=conf: {index: -1, cur=peers:[398215a5-964b-4dc4-b31b-bbd09ffd15fb|127.0.0.1:15231, ab869ec9-a1da-4eec-ae22-c3ca637d5862|127.0.0.1:15222, cd98677a-ad7a-47a4-bd04-3d82e218dd7d|127.0.0.1:15240]|listeners:[], old=null}
2024-08-15 03:37:19,787 [grpc-default-executor-9] INFO  server.RaftServer$Division (RaftServerImpl.java:requestVote(1416)) - ab869ec9-a1da-4eec-ae22-c3ca637d5862@group-7632133483E8: receive requestVote(PRE_VOTE, 398215a5-964b-4dc4-b31b-bbd09ffd15fb, group-7632133483E8, 0, (t:0, i:0))
2024-08-15 03:37:19,787 [grpc-default-executor-6] INFO  server.RaftServer$Division (RaftServerImpl.java:setFirstElection(549)) - 398215a5-964b-4dc4-b31b-bbd09ffd15fb@group-89CEF1657FB2: set firstElectionSinceStartup to false for candidate:ab869ec9-a1da-4eec-ae22-c3ca637d5862
2024-08-15 03:37:19,788 [398215a5-964b-4dc4-b31b-bbd09ffd15fb@group-7632133483E8-LeaderElection44] INFO  impl.LeaderElection (LeaderElection.java:logAndReturn(89)) - 398215a5-964b-4dc4-b31b-bbd09ffd15fb@group-7632133483E8-LeaderElection44: PRE_VOTE PASSED received 1 response(s) and 0 exception(s):
2024-08-15 03:37:19,788 [398215a5-964b-4dc4-b31b-bbd09ffd15fb@group-7632133483E8-LeaderElection44] INFO  impl.LeaderElection (LeaderElection.java:logAndReturn(93)) -   Response 0: 398215a5-964b-4dc4-b31b-bbd09ffd15fb<-cd98677a-ad7a-47a4-bd04-3d82e218dd7d#0:OK-t0
2024-08-15 03:37:19,788 [398215a5-964b-4dc4-b31b-bbd09ffd15fb@group-7632133483E8-LeaderElection44] INFO  impl.LeaderElection (LeaderElection.java:askForVotes(323)) - 398215a5-964b-4dc4-b31b-bbd09ffd15fb@group-7632133483E8-LeaderElection44 PRE_VOTE round 0: result PASSED
2024-08-15 03:37:19,787 [grpc-default-executor-9] INFO  impl.VoteContext (VoteContext.java:log(49)) - ab869ec9-a1da-4eec-ae22-c3ca637d5862@group-7632133483E8-FOLLOWER: accept PRE_VOTE from 398215a5-964b-4dc4-b31b-bbd09ffd15fb: our priority 0 <= candidate's priority 1
2024-08-15 03:37:19,788 [grpc-default-executor-9] INFO  server.RaftServer$Division (RaftServerImpl.java:requestVote(1449)) - ab869ec9-a1da-4eec-ae22-c3ca637d5862@group-7632133483E8 replies to PRE_VOTE vote request: 398215a5-964b-4dc4-b31b-bbd09ffd15fb<-ab869ec9-a1da-4eec-ae22-c3ca637d5862#0:OK-t0. Peer's state: ab869ec9-a1da-4eec-ae22-c3ca637d5862@group-7632133483E8:t0, leader=null, voted=, raftlog=Memoized:ab869ec9-a1da-4eec-ae22-c3ca637d5862@group-7632133483E8-SegmentedRaftLog:OPENED:c-1:lastnull, conf=conf: {index: -1, cur=peers:[398215a5-964b-4dc4-b31b-bbd09ffd15fb|127.0.0.1:15231, ab869ec9-a1da-4eec-ae22-c3ca637d5862|127.0.0.1:15222, cd98677a-ad7a-47a4-bd04-3d82e218dd7d|127.0.0.1:15240]|listeners:[], old=null}
2024-08-15 03:37:19,789 [grpc-default-executor-0] INFO  server.RaftServer$Division (RaftServerImpl.java:setFirstElection(549)) - cd98677a-ad7a-47a4-bd04-3d82e218dd7d@group-89CEF1657FB2: set firstElectionSinceStartup to false for candidate:ab869ec9-a1da-4eec-ae22-c3ca637d5862
2024-08-15 03:37:19,790 [grpc-default-executor-6] INFO  server.RaftServer$Division (RaftServerImpl.java:requestVote(1449)) - 398215a5-964b-4dc4-b31b-bbd09ffd15fb@group-89CEF1657FB2 replies to ELECTION vote request: ab869ec9-a1da-4eec-ae22-c3ca637d5862<-398215a5-964b-4dc4-b31b-bbd09ffd15fb#0:OK-t1. Peer's state: 398215a5-964b-4dc4-b31b-bbd09ffd15fb@group-89CEF1657FB2:t1, leader=null, voted=ab869ec9-a1da-4eec-ae22-c3ca637d5862, raftlog=Memoized:398215a5-964b-4dc4-b31b-bbd09ffd15fb@group-89CEF1657FB2-SegmentedRaftLog:OPENED:c-1:lastnull, conf=conf: {index: -1, cur=peers:[398215a5-964b-4dc4-b31b-bbd09ffd15fb|127.0.0.1:15231, ab869ec9-a1da-4eec-ae22-c3ca637d5862|127.0.0.1:15222, cd98677a-ad7a-47a4-bd04-3d82e218dd7d|127.0.0.1:15240]|listeners:[], old=null}
2024-08-15 03:37:19,791 [grpc-default-executor-0] INFO  server.RaftServer$Division (RaftServerImpl.java:requestVote(1449)) - cd98677a-ad7a-47a4-bd04-3d82e218dd7d@group-89CEF1657FB2 replies to ELECTION vote request: ab869ec9-a1da-4eec-ae22-c3ca637d5862<-cd98677a-ad7a-47a4-bd04-3d82e218dd7d#0:OK-t1. Peer's state: cd98677a-ad7a-47a4-bd04-3d82e218dd7d@group-89CEF1657FB2:t1, leader=null, voted=ab869ec9-a1da-4eec-ae22-c3ca637d5862, raftlog=Memoized:cd98677a-ad7a-47a4-bd04-3d82e218dd7d@group-89CEF1657FB2-SegmentedRaftLog:OPENED:c-1:lastnull, conf=conf: {index: -1, cur=peers:[398215a5-964b-4dc4-b31b-bbd09ffd15fb|127.0.0.1:15231, ab869ec9-a1da-4eec-ae22-c3ca637d5862|127.0.0.1:15222, cd98677a-ad7a-47a4-bd04-3d82e218dd7d|127.0.0.1:15240]|listeners:[], old=null}
2024-08-15 03:37:19,791 [398215a5-964b-4dc4-b31b-bbd09ffd15fb@group-7632133483E8-LeaderElection44] INFO  impl.LeaderElection (LeaderElection.java:askForVotes(321)) - 398215a5-964b-4dc4-b31b-bbd09ffd15fb@group-7632133483E8-LeaderElection44 ELECTION round 0: submit vote requests at term 1 for conf: {index: -1, cur=peers:[398215a5-964b-4dc4-b31b-bbd09ffd15fb|127.0.0.1:15231, ab869ec9-a1da-4eec-ae22-c3ca637d5862|127.0.0.1:15222, cd98677a-ad7a-47a4-bd04-3d82e218dd7d|127.0.0.1:15240]|listeners:[], old=null}
2024-08-15 03:37:19,794 [ab869ec9-a1da-4eec-ae22-c3ca637d5862@group-89CEF1657FB2-LeaderElection43] INFO  impl.LeaderElection (LeaderElection.java:logAndReturn(89)) - ab869ec9-a1da-4eec-ae22-c3ca637d5862@group-89CEF1657FB2-LeaderElection43: ELECTION PASSED received 1 response(s) and 0 exception(s):
2024-08-15 03:37:19,794 [ab869ec9-a1da-4eec-ae22-c3ca637d5862@group-89CEF1657FB2-LeaderElection43] INFO  impl.LeaderElection (LeaderElection.java:logAndReturn(93)) -   Response 0: ab869ec9-a1da-4eec-ae22-c3ca637d5862<-cd98677a-ad7a-47a4-bd04-3d82e218dd7d#0:OK-t1
2024-08-15 03:37:19,794 [ab869ec9-a1da-4eec-ae22-c3ca637d5862@group-89CEF1657FB2-LeaderElection43] INFO  impl.LeaderElection (LeaderElection.java:askForVotes(323)) - ab869ec9-a1da-4eec-ae22-c3ca637d5862@group-89CEF1657FB2-LeaderElection43 ELECTION round 0: result PASSED
2024-08-15 03:37:19,794 [ab869ec9-a1da-4eec-ae22-c3ca637d5862@group-89CEF1657FB2-LeaderElection43] INFO  impl.RoleInfo (RoleInfo.java:shutdownLeaderElection(139)) - ab869ec9-a1da-4eec-ae22-c3ca637d5862: shutdown ab869ec9-a1da-4eec-ae22-c3ca637d5862@group-89CEF1657FB2-LeaderElection43
2024-08-15 03:37:19,794 [ab869ec9-a1da-4eec-ae22-c3ca637d5862@group-89CEF1657FB2-LeaderElection43] INFO  server.RaftServer$Division (RaftServerImpl.java:setRole(376)) - ab869ec9-a1da-4eec-ae22-c3ca637d5862@group-89CEF1657FB2: changes role from CANDIDATE to LEADER at term 1 for changeToLeader
2024-08-15 03:37:19,794 [ab869ec9-a1da-4eec-ae22-c3ca637d5862@group-89CEF1657FB2-LeaderElection43] INFO  server.RaftServerConfigKeys (ConfUtils.java:logGet(46)) - raft.server.staging.catchup.gap = 1000 (default)
2024-08-15 03:37:19,794 [ab869ec9-a1da-4eec-ae22-c3ca637d5862@group-89CEF1657FB2-LeaderElection43] INFO  server.RaftServerConfigKeys (ConfUtils.java:logGet(46)) - raft.server.write.element-limit = 1024 (custom)
2024-08-15 03:37:19,794 [ab869ec9-a1da-4eec-ae22-c3ca637d5862@group-89CEF1657FB2-LeaderElection43] INFO  server.RaftServerConfigKeys (ConfUtils.java:logGet(46)) - raft.server.write.byte-limit = 1024 M (=1073741824) (custom)
2024-08-15 03:37:19,794 [ab869ec9-a1da-4eec-ae22-c3ca637d5862@group-89CEF1657FB2-LeaderElection43] INFO  server.RaftServerConfigKeys (ConfUtils.java:logGet(46)) - raft.server.watch.timeout = 30s (custom)
2024-08-15 03:37:19,794 [ab869ec9-a1da-4eec-ae22-c3ca637d5862@group-89CEF1657FB2-LeaderElection43] INFO  server.RaftServerConfigKeys (ConfUtils.java:logGet(46)) - raft.server.watch.timeout.denomination = 1s (default)
2024-08-15 03:37:19,794 [ab869ec9-a1da-4eec-ae22-c3ca637d5862@group-89CEF1657FB2-LeaderElection43] INFO  server.RaftServerConfigKeys (ConfUtils.java:logGet(46)) - raft.server.watch.element-limit = 65536 (default)
2024-08-15 03:37:19,795 [ab869ec9-a1da-4eec-ae22-c3ca637d5862@group-89CEF1657FB2-LeaderElection43] INFO  server.RaftServerConfigKeys (ConfUtils.java:logGet(46)) - raft.server.read.leader.lease.enabled = false (default)
2024-08-15 03:37:19,795 [ab869ec9-a1da-4eec-ae22-c3ca637d5862@group-89CEF1657FB2-LeaderElection43] INFO  server.RaftServerConfigKeys (ConfUtils.java:logGet(46)) - raft.server.read.leader.lease.timeout.ratio = 0.9 (default)
2024-08-15 03:37:19,795 [ab869ec9-a1da-4eec-ae22-c3ca637d5862@group-89CEF1657FB2-LeaderElection43] INFO  server.RaftServerConfigKeys (ConfUtils.java:logGet(46)) - raft.server.rpc.timeout.min = 5s (custom)
2024-08-15 03:37:19,795 [ab869ec9-a1da-4eec-ae22-c3ca637d5862@group-89CEF1657FB2-LeaderElection43] INFO  server.RaftServerConfigKeys (ConfUtils.java:logGet(46)) - raft.server.log.log-metadata.enabled = true (default)
2024-08-15 03:37:19,795 [ab869ec9-a1da-4eec-ae22-c3ca637d5862@group-89CEF1657FB2-LeaderElection43] INFO  server.RaftServerConfigKeys (ConfUtils.java:logGet(46)) - raft.server.write.element-limit = 1024 (custom)
2024-08-15 03:37:19,795 [ab869ec9-a1da-4eec-ae22-c3ca637d5862@group-89CEF1657FB2-LeaderElection43] INFO  server.RaftServerConfigKeys (ConfUtils.java:logGet(46)) - raft.server.write.follower.gap.ratio.max = -1.0 (default)
2024-08-15 03:37:19,795 [ab869ec9-a1da-4eec-ae22-c3ca637d5862@group-89CEF1657FB2-LeaderElection43] INFO  server.RaftServerConfigKeys (ConfUtils.java:logGet(46)) - raft.server.log.appender.snapshot.chunk.size.max = 16MB (=16777216) (default)
2024-08-15 03:37:19,795 [ab869ec9-a1da-4eec-ae22-c3ca637d5862@group-89CEF1657FB2-LeaderElection43] INFO  server.RaftServerConfigKeys (ConfUtils.java:logGet(46)) - raft.server.log.appender.buffer.byte-limit = 8388608 (custom)
2024-08-15 03:37:19,795 [ab869ec9-a1da-4eec-ae22-c3ca637d5862@group-89CEF1657FB2-LeaderElection43] INFO  server.RaftServerConfigKeys (ConfUtils.java:logGet(46)) - raft.server.log.appender.buffer.element-limit = 1024 (custom)
2024-08-15 03:37:19,796 [ab869ec9-a1da-4eec-ae22-c3ca637d5862@group-89CEF1657FB2-LeaderElection43] INFO  server.RaftServerConfigKeys (ConfUtils.java:logGet(46)) - raft.server.log.appender.wait-time.min = 0μs (custom)
2024-08-15 03:37:19,796 [ab869ec9-a1da-4eec-ae22-c3ca637d5862@group-89CEF1657FB2-LeaderElection43] INFO  grpc.GrpcConfigKeys (ConfUtils.java:logGet(46)) - raft.grpc.server.leader.outstanding.appends.max = 8 (default)
2024-08-15 03:37:19,796 [ab869ec9-a1da-4eec-ae22-c3ca637d5862@group-89CEF1657FB2-LeaderElection43] INFO  server.RaftServerConfigKeys (ConfUtils.java:logGet(46)) - raft.server.rpc.request.timeout = 60s (custom)
2024-08-15 03:37:19,796 [ab869ec9-a1da-4eec-ae22-c3ca637d5862@group-89CEF1657FB2-LeaderElection43] INFO  grpc.GrpcConfigKeys (ConfUtils.java:logGet(46)) - raft.grpc.server.install_snapshot.request.element-limit = 8 (default)
2024-08-15 03:37:19,796 [ab869ec9-a1da-4eec-ae22-c3ca637d5862@group-89CEF1657FB2-LeaderElection43] INFO  grpc.GrpcConfigKeys (ConfUtils.java:logGet(46)) - raft.grpc.server.install_snapshot.request.timeout = 3000ms (default)
2024-08-15 03:37:19,796 [ab869ec9-a1da-4eec-ae22-c3ca637d5862@group-89CEF1657FB2-LeaderElection43] INFO  grpc.GrpcConfigKeys (ConfUtils.java:logGet(46)) - raft.grpc.server.log-message.batch.duration = 5s (default)
2024-08-15 03:37:19,796 [ab869ec9-a1da-4eec-ae22-c3ca637d5862@group-89CEF1657FB2-LeaderElection43] INFO  server.RaftServerConfigKeys (ConfUtils.java:logGet(46)) - raft.server.log.appender.install.snapshot.enabled = false (custom)
2024-08-15 03:37:19,796 [ab869ec9-a1da-4eec-ae22-c3ca637d5862@group-89CEF1657FB2-LeaderElection43] INFO  grpc.GrpcConfigKeys (ConfUtils.java:logGet(46)) - raft.grpc.server.heartbeat.channel = true (default)
2024-08-15 03:37:19,796 [ab869ec9-a1da-4eec-ae22-c3ca637d5862@group-89CEF1657FB2-LeaderElection43] INFO  server.RaftServerConfigKeys (ConfUtils.java:logGet(46)) - raft.server.log.appender.snapshot.chunk.size.max = 16MB (=16777216) (default)
2024-08-15 03:37:19,796 [ab869ec9-a1da-4eec-ae22-c3ca637d5862@group-89CEF1657FB2-LeaderElection43] INFO  server.RaftServerConfigKeys (ConfUtils.java:logGet(46)) - raft.server.log.appender.buffer.byte-limit = 8388608 (custom)
2024-08-15 03:37:19,797 [ab869ec9-a1da-4eec-ae22-c3ca637d5862@group-89CEF1657FB2-LeaderElection43] INFO  server.RaftServerConfigKeys (ConfUtils.java:logGet(46)) - raft.server.log.appender.buffer.element-limit = 1024 (custom)
2024-08-15 03:37:19,797 [ab869ec9-a1da-4eec-ae22-c3ca637d5862@group-89CEF1657FB2-LeaderElection43] INFO  server.RaftServerConfigKeys (ConfUtils.java:logGet(46)) - raft.server.log.appender.wait-time.min = 0μs (custom)
2024-08-15 03:37:19,797 [ab869ec9-a1da-4eec-ae22-c3ca637d5862@group-89CEF1657FB2-LeaderElection43] INFO  grpc.GrpcConfigKeys (ConfUtils.java:logGet(46)) - raft.grpc.server.leader.outstanding.appends.max = 8 (default)
2024-08-15 03:37:19,797 [ab869ec9-a1da-4eec-ae22-c3ca637d5862@group-89CEF1657FB2-LeaderElection43] INFO  server.RaftServerConfigKeys (ConfUtils.java:logGet(46)) - raft.server.rpc.request.timeout = 60s (custom)
2024-08-15 03:37:19,797 [ab869ec9-a1da-4eec-ae22-c3ca637d5862@group-89CEF1657FB2-LeaderElection43] INFO  grpc.GrpcConfigKeys (ConfUtils.java:logGet(46)) - raft.grpc.server.install_snapshot.request.element-limit = 8 (default)
2024-08-15 03:37:19,797 [ab869ec9-a1da-4eec-ae22-c3ca637d5862@group-89CEF1657FB2-LeaderElection43] INFO  grpc.GrpcConfigKeys (ConfUtils.java:logGet(46)) - raft.grpc.server.install_snapshot.request.timeout = 3000ms (default)
2024-08-15 03:37:19,797 [ab869ec9-a1da-4eec-ae22-c3ca637d5862@group-89CEF1657FB2-LeaderElection43] INFO  grpc.GrpcConfigKeys (ConfUtils.java:logGet(46)) - raft.grpc.server.log-message.batch.duration = 5s (default)
2024-08-15 03:37:19,797 [ab869ec9-a1da-4eec-ae22-c3ca637d5862@group-89CEF1657FB2-LeaderElection43] INFO  server.RaftServerConfigKeys (ConfUtils.java:logGet(46)) - raft.server.log.appender.install.snapshot.enabled = false (custom)
2024-08-15 03:37:19,797 [ab869ec9-a1da-4eec-ae22-c3ca637d5862@group-89CEF1657FB2-LeaderElection43] INFO  grpc.GrpcConfigKeys (ConfUtils.java:logGet(46)) - raft.grpc.server.heartbeat.channel = true (default)
2024-08-15 03:37:19,797 [ab869ec9-a1da-4eec-ae22-c3ca637d5862@group-89CEF1657FB2-LeaderElection43] INFO  impl.RoleInfo (RoleInfo.java:updateAndGet(148)) - ab869ec9-a1da-4eec-ae22-c3ca637d5862: start ab869ec9-a1da-4eec-ae22-c3ca637d5862@group-89CEF1657FB2-LeaderStateImpl
2024-08-15 03:37:19,797 [ab869ec9-a1da-4eec-ae22-c3ca637d5862@group-89CEF1657FB2-LeaderElection43] INFO  server.RaftServer$Division (RaftServerImpl.java:setFirstElection(549)) - ab869ec9-a1da-4eec-ae22-c3ca637d5862@group-89CEF1657FB2: set firstElectionSinceStartup to false for becomeLeader
2024-08-15 03:37:19,797 [ab869ec9-a1da-4eec-ae22-c3ca637d5862@group-89CEF1657FB2-LeaderElection43] INFO  ratis.XceiverServerRatis (XceiverServerRatis.java:handleLeaderChangedNotification(951)) - Leader change notification received for group: group-89CEF1657FB2 with new leaderId: ab869ec9-a1da-4eec-ae22-c3ca637d5862
2024-08-15 03:37:19,797 [ab869ec9-a1da-4eec-ae22-c3ca637d5862@group-89CEF1657FB2-LeaderElection43] INFO  server.RaftServer$Division (ServerState.java:setLeader(272)) - ab869ec9-a1da-4eec-ae22-c3ca637d5862@group-89CEF1657FB2: change Leader from null to ab869ec9-a1da-4eec-ae22-c3ca637d5862 at term 1 for becomeLeader, leader elected after 5041ms
2024-08-15 03:37:19,797 [ab869ec9-a1da-4eec-ae22-c3ca637d5862@group-89CEF1657FB2-LeaderElection43] INFO  segmented.SegmentedRaftLogWorker (SegmentedRaftLogWorker.java:startLogSegment(433)) - ab869ec9-a1da-4eec-ae22-c3ca637d5862@group-89CEF1657FB2-SegmentedRaftLogWorker: Starting segment from index:0
2024-08-15 03:37:19,798 [ab869ec9-a1da-4eec-ae22-c3ca637d5862@group-89CEF1657FB2-LeaderElection43] INFO  server.RaftServer$Division (ServerState.java:setRaftConf(386)) - ab869ec9-a1da-4eec-ae22-c3ca637d5862@group-89CEF1657FB2: set configuration conf: {index: 0, cur=peers:[398215a5-964b-4dc4-b31b-bbd09ffd15fb|127.0.0.1:15231, ab869ec9-a1da-4eec-ae22-c3ca637d5862|127.0.0.1:15222, cd98677a-ad7a-47a4-bd04-3d82e218dd7d|127.0.0.1:15240]|listeners:[], old=null}
2024-08-15 03:37:19,798 [ab869ec9-a1da-4eec-ae22-c3ca637d5862@group-89CEF1657FB2-SegmentedRaftLogWorker] INFO  segmented.BufferedWriteChannel (BufferedWriteChannel.java:open(61)) - open log_inprogress_0 at position 0
2024-08-15 03:37:19,800 [grpc-default-executor-0] INFO  server.RaftServer$Division (RaftServerImpl.java:requestVote(1416)) - ab869ec9-a1da-4eec-ae22-c3ca637d5862@group-7632133483E8: receive requestVote(ELECTION, 398215a5-964b-4dc4-b31b-bbd09ffd15fb, group-7632133483E8, 1, (t:0, i:0))
2024-08-15 03:37:19,800 [grpc-default-executor-0] INFO  impl.VoteContext (VoteContext.java:log(49)) - ab869ec9-a1da-4eec-ae22-c3ca637d5862@group-7632133483E8-FOLLOWER: accept ELECTION from 398215a5-964b-4dc4-b31b-bbd09ffd15fb: our priority 0 <= candidate's priority 1
2024-08-15 03:37:19,800 [grpc-default-executor-0] INFO  server.RaftServer$Division (RaftServerImpl.java:setRole(376)) - ab869ec9-a1da-4eec-ae22-c3ca637d5862@group-7632133483E8: changes role from  FOLLOWER to FOLLOWER at term 1 for candidate:398215a5-964b-4dc4-b31b-bbd09ffd15fb
2024-08-15 03:37:19,800 [grpc-default-executor-0] INFO  impl.RoleInfo (RoleInfo.java:shutdownFollowerState(119)) - ab869ec9-a1da-4eec-ae22-c3ca637d5862: shutdown ab869ec9-a1da-4eec-ae22-c3ca637d5862@group-7632133483E8-FollowerState
2024-08-15 03:37:19,800 [grpc-default-executor-0] INFO  impl.RoleInfo (RoleInfo.java:updateAndGet(148)) - ab869ec9-a1da-4eec-ae22-c3ca637d5862: start ab869ec9-a1da-4eec-ae22-c3ca637d5862@group-7632133483E8-FollowerState
2024-08-15 03:37:19,800 [ab869ec9-a1da-4eec-ae22-c3ca637d5862@group-7632133483E8-FollowerState] INFO  impl.FollowerState (FollowerState.java:run(153)) - ab869ec9-a1da-4eec-ae22-c3ca637d5862@group-7632133483E8-FollowerState was interrupted
2024-08-15 03:37:19,805 [EventQueue-PipelineReportForPipelineReportHandler] INFO  pipeline.PipelineReportHandler (PipelineReportHandler.java:processPipelineReport(136)) - Opened pipeline PipelineID=542b0424-40cf-456c-9ad4-89cef1657fb2
2024-08-15 03:37:19,805 [EventQueue-OpenPipelineForHealthyPipelineSafeModeRule] INFO  safemode.SCMSafeModeManager (HealthyPipelineSafeModeRule.java:process(140)) - SCM in safe mode. Healthy pipelines reported count is 1, required healthy pipeline reported count is 1
2024-08-15 03:37:19,805 [EventQueue-OpenPipelineForHealthyPipelineSafeModeRule] INFO  safemode.SCMSafeModeManager (SCMSafeModeManager.java:validateSafeModeExitRules(203)) - HealthyPipelineSafeModeRule rule is successfully validated
2024-08-15 03:37:19,805 [EventQueue-OpenPipelineForHealthyPipelineSafeModeRule] INFO  safemode.SCMSafeModeManager (SCMSafeModeManager.java:validateSafeModeExitRules(218)) - ScmSafeModeManager, all rules are successfully validated
2024-08-15 03:37:19,805 [EventQueue-OpenPipelineForHealthyPipelineSafeModeRule] INFO  safemode.SCMSafeModeManager (SCMSafeModeManager.java:exitSafeMode(248)) - SCM exiting safe mode.
2024-08-15 03:37:19,805 [EventQueue-OpenPipelineForHealthyPipelineSafeModeRule] INFO  ha.SCMContext (SCMContext.java:updateSafeModeStatus(225)) - Update SafeModeStatus from SafeModeStatus{safeModeStatus=true, preCheckPassed=true} to SafeModeStatus{safeModeStatus=false, preCheckPassed=true}.
2024-08-15 03:37:19,805 [EventQueue-OpenPipelineForHealthyPipelineSafeModeRule] INFO  pipeline.BackgroundPipelineCreator (BackgroundPipelineCreator.java:notifyStatusChanged(258)) - Service BackgroundPipelineCreator transitions to RUNNING.
2024-08-15 03:37:19,806 [EventQueue-OpenPipelineForHealthyPipelineSafeModeRule] INFO  BackgroundPipelineScrubber (BackgroundSCMService.java:notifyStatusChanged(79)) - Service BackgroundPipelineScrubber transitions to RUNNING.
2024-08-15 03:37:19,806 [EventQueue-OpenPipelineForHealthyPipelineSafeModeRule] INFO  ExpiredContainerReplicaOpScrubber (BackgroundSCMService.java:notifyStatusChanged(79)) - Service ExpiredContainerReplicaOpScrubber transitions to RUNNING.
2024-08-15 03:37:19,806 [EventQueue-OpenPipelineForHealthyPipelineSafeModeRule] INFO  block.SCMBlockDeletingService (SCMBlockDeletingService.java:notifyStatusChanged(247)) - notifyStatusChanged:RUNNING
2024-08-15 03:37:19,806 [EventQueue-OpenPipelineForHealthyPipelineSafeModeRule] INFO  replication.ReplicationManager (ReplicationManager.java:notifyStatusChanged(1406)) - Service ReplicationManager transitions to RUNNING.
2024-08-15 03:37:19,806 [EventQueue-OpenPipelineForHealthyPipelineSafeModeRule] WARN  balancer.ContainerBalancer (ContainerBalancer.java:shouldRun(136)) - Could not find persisted configuration for ContainerBalancer when checking if ContainerBalancer should run. ContainerBalancer should not run now.
2024-08-15 03:37:19,807 [398215a5-964b-4dc4-b31b-bbd09ffd15fb@group-7632133483E8-LeaderElection44] INFO  server.RaftServerConfigKeys (ConfUtils.java:logFallback(53)) - raft.server.rpc.first-election.timeout.min = 5s (fallback to raft.server.rpc.timeout.min)
2024-08-15 03:37:19,807 [398215a5-964b-4dc4-b31b-bbd09ffd15fb@group-7632133483E8-LeaderElection44] INFO  server.RaftServerConfigKeys (ConfUtils.java:logFallback(53)) - raft.server.rpc.first-election.timeout.max = 5200ms (fallback to raft.server.rpc.timeout.max)
2024-08-15 03:37:19,809 [grpc-default-executor-6] INFO  server.RaftServer$Division (RaftServerImpl.java:requestVote(1416)) - cd98677a-ad7a-47a4-bd04-3d82e218dd7d@group-7632133483E8: receive requestVote(ELECTION, 398215a5-964b-4dc4-b31b-bbd09ffd15fb, group-7632133483E8, 1, (t:0, i:0))
2024-08-15 03:37:19,809 [grpc-default-executor-6] INFO  impl.VoteContext (VoteContext.java:log(49)) - cd98677a-ad7a-47a4-bd04-3d82e218dd7d@group-7632133483E8-FOLLOWER: accept ELECTION from 398215a5-964b-4dc4-b31b-bbd09ffd15fb: our priority 0 <= candidate's priority 1
2024-08-15 03:37:19,809 [grpc-default-executor-6] INFO  server.RaftServer$Division (RaftServerImpl.java:setRole(376)) - cd98677a-ad7a-47a4-bd04-3d82e218dd7d@group-7632133483E8: changes role from  FOLLOWER to FOLLOWER at term 1 for candidate:398215a5-964b-4dc4-b31b-bbd09ffd15fb
2024-08-15 03:37:19,809 [grpc-default-executor-6] INFO  impl.RoleInfo (RoleInfo.java:shutdownFollowerState(119)) - cd98677a-ad7a-47a4-bd04-3d82e218dd7d: shutdown cd98677a-ad7a-47a4-bd04-3d82e218dd7d@group-7632133483E8-FollowerState
2024-08-15 03:37:19,809 [grpc-default-executor-6] INFO  impl.RoleInfo (RoleInfo.java:updateAndGet(148)) - cd98677a-ad7a-47a4-bd04-3d82e218dd7d: start cd98677a-ad7a-47a4-bd04-3d82e218dd7d@group-7632133483E8-FollowerState
2024-08-15 03:37:19,809 [ab869ec9-a1da-4eec-ae22-c3ca637d5862@group-89CEF1657FB2-SegmentedRaftLogWorker] INFO  segmented.SegmentedRaftLogWorker (SegmentedRaftLogWorker.java:execute(637)) - ab869ec9-a1da-4eec-ae22-c3ca637d5862@group-89CEF1657FB2-SegmentedRaftLogWorker: created new log segment /home/runner/work/ozone/ozone/hadoop-ozone/integration-test/target/test-dir/MiniOzoneClusterImpl-defbb36e-87e0-488b-866f-35c0fcf0d8c3/ozone-meta/datanode-1/ratis/542b0424-40cf-456c-9ad4-89cef1657fb2/current/log_inprogress_0
2024-08-15 03:37:19,809 [grpc-default-executor-0] INFO  server.RaftServer$Division (RaftServerImpl.java:requestVote(1449)) - ab869ec9-a1da-4eec-ae22-c3ca637d5862@group-7632133483E8 replies to ELECTION vote request: 398215a5-964b-4dc4-b31b-bbd09ffd15fb<-ab869ec9-a1da-4eec-ae22-c3ca637d5862#0:OK-t1. Peer's state: ab869ec9-a1da-4eec-ae22-c3ca637d5862@group-7632133483E8:t1, leader=null, voted=398215a5-964b-4dc4-b31b-bbd09ffd15fb, raftlog=Memoized:ab869ec9-a1da-4eec-ae22-c3ca637d5862@group-7632133483E8-SegmentedRaftLog:OPENED:c-1:lastnull, conf=conf: {index: -1, cur=peers:[398215a5-964b-4dc4-b31b-bbd09ffd15fb|127.0.0.1:15231, ab869ec9-a1da-4eec-ae22-c3ca637d5862|127.0.0.1:15222, cd98677a-ad7a-47a4-bd04-3d82e218dd7d|127.0.0.1:15240]|listeners:[], old=null}
2024-08-15 03:37:19,809 [cd98677a-ad7a-47a4-bd04-3d82e218dd7d@group-7632133483E8-FollowerState] INFO  impl.FollowerState (FollowerState.java:run(153)) - cd98677a-ad7a-47a4-bd04-3d82e218dd7d@group-7632133483E8-FollowerState was interrupted
2024-08-15 03:37:19,810 [398215a5-964b-4dc4-b31b-bbd09ffd15fb@group-7632133483E8-LeaderElection44] INFO  impl.LeaderElection (LeaderElection.java:logAndReturn(89)) - 398215a5-964b-4dc4-b31b-bbd09ffd15fb@group-7632133483E8-LeaderElection44: ELECTION PASSED received 1 response(s) and 0 exception(s):
2024-08-15 03:37:19,810 [398215a5-964b-4dc4-b31b-bbd09ffd15fb@group-7632133483E8-LeaderElection44] INFO  impl.LeaderElection (LeaderElection.java:logAndReturn(93)) -   Response 0: 398215a5-964b-4dc4-b31b-bbd09ffd15fb<-ab869ec9-a1da-4eec-ae22-c3ca637d5862#0:OK-t1
2024-08-15 03:37:19,810 [398215a5-964b-4dc4-b31b-bbd09ffd15fb@group-7632133483E8-LeaderElection44] INFO  impl.LeaderElection (LeaderElection.java:askForVotes(323)) - 398215a5-964b-4dc4-b31b-bbd09ffd15fb@group-7632133483E8-LeaderElection44 ELECTION round 0: result PASSED
2024-08-15 03:37:19,810 [398215a5-964b-4dc4-b31b-bbd09ffd15fb@group-7632133483E8-LeaderElection44] INFO  impl.RoleInfo (RoleInfo.java:shutdownLeaderElection(139)) - 398215a5-964b-4dc4-b31b-bbd09ffd15fb: shutdown 398215a5-964b-4dc4-b31b-bbd09ffd15fb@group-7632133483E8-LeaderElection44
2024-08-15 03:37:19,810 [398215a5-964b-4dc4-b31b-bbd09ffd15fb@group-7632133483E8-LeaderElection44] INFO  server.RaftServer$Division (RaftServerImpl.java:setRole(376)) - 398215a5-964b-4dc4-b31b-bbd09ffd15fb@group-7632133483E8: changes role from CANDIDATE to LEADER at term 1 for changeToLeader
2024-08-15 03:37:19,810 [398215a5-964b-4dc4-b31b-bbd09ffd15fb@group-7632133483E8-LeaderElection44] INFO  server.RaftServerConfigKeys (ConfUtils.java:logGet(46)) - raft.server.staging.catchup.gap = 1000 (default)
2024-08-15 03:37:19,810 [398215a5-964b-4dc4-b31b-bbd09ffd15fb@group-7632133483E8-LeaderElection44] INFO  server.RaftServerConfigKeys (ConfUtils.java:logGet(46)) - raft.server.write.element-limit = 1024 (custom)
2024-08-15 03:37:19,810 [398215a5-964b-4dc4-b31b-bbd09ffd15fb@group-7632133483E8-LeaderElection44] INFO  server.RaftServerConfigKeys (ConfUtils.java:logGet(46)) - raft.server.write.byte-limit = 1024 M (=1073741824) (custom)
2024-08-15 03:37:19,810 [398215a5-964b-4dc4-b31b-bbd09ffd15fb@group-7632133483E8-LeaderElection44] INFO  server.RaftServerConfigKeys (ConfUtils.java:logGet(46)) - raft.server.watch.timeout = 30s (custom)
2024-08-15 03:37:19,810 [398215a5-964b-4dc4-b31b-bbd09ffd15fb@group-7632133483E8-LeaderElection44] INFO  server.RaftServerConfigKeys (ConfUtils.java:logGet(46)) - raft.server.watch.timeout.denomination = 1s (default)
2024-08-15 03:37:19,810 [398215a5-964b-4dc4-b31b-bbd09ffd15fb@group-7632133483E8-LeaderElection44] INFO  server.RaftServerConfigKeys (ConfUtils.java:logGet(46)) - raft.server.watch.element-limit = 65536 (default)
2024-08-15 03:37:19,811 [398215a5-964b-4dc4-b31b-bbd09ffd15fb@group-7632133483E8-LeaderElection44] INFO  server.RaftServerConfigKeys (ConfUtils.java:logGet(46)) - raft.server.read.leader.lease.enabled = false (default)
2024-08-15 03:37:19,811 [398215a5-964b-4dc4-b31b-bbd09ffd15fb@group-7632133483E8-LeaderElection44] INFO  server.RaftServerConfigKeys (ConfUtils.java:logGet(46)) - raft.server.read.leader.lease.timeout.ratio = 0.9 (default)
2024-08-15 03:37:19,811 [398215a5-964b-4dc4-b31b-bbd09ffd15fb@group-7632133483E8-LeaderElection44] INFO  server.RaftServerConfigKeys (ConfUtils.java:logGet(46)) - raft.server.rpc.timeout.min = 5s (custom)
2024-08-15 03:37:19,811 [398215a5-964b-4dc4-b31b-bbd09ffd15fb@group-7632133483E8-LeaderElection44] INFO  server.RaftServerConfigKeys (ConfUtils.java:logGet(46)) - raft.server.log.log-metadata.enabled = true (default)
2024-08-15 03:37:19,811 [398215a5-964b-4dc4-b31b-bbd09ffd15fb@group-7632133483E8-LeaderElection44] INFO  server.RaftServerConfigKeys (ConfUtils.java:logGet(46)) - raft.server.write.element-limit = 1024 (custom)
2024-08-15 03:37:19,811 [398215a5-964b-4dc4-b31b-bbd09ffd15fb@group-7632133483E8-LeaderElection44] INFO  server.RaftServerConfigKeys (ConfUtils.java:logGet(46)) - raft.server.write.follower.gap.ratio.max = -1.0 (default)
2024-08-15 03:37:19,812 [398215a5-964b-4dc4-b31b-bbd09ffd15fb@group-7632133483E8-LeaderElection44] INFO  server.RaftServerConfigKeys (ConfUtils.java:logGet(46)) - raft.server.log.appender.snapshot.chunk.size.max = 16MB (=16777216) (default)
2024-08-15 03:37:19,812 [398215a5-964b-4dc4-b31b-bbd09ffd15fb@group-7632133483E8-LeaderElection44] INFO  server.RaftServerConfigKeys (ConfUtils.java:logGet(46)) - raft.server.log.appender.buffer.byte-limit = 8388608 (custom)
2024-08-15 03:37:19,812 [398215a5-964b-4dc4-b31b-bbd09ffd15fb@group-7632133483E8-LeaderElection44] INFO  server.RaftServerConfigKeys (ConfUtils.java:logGet(46)) - raft.server.log.appender.buffer.element-limit = 1024 (custom)
2024-08-15 03:37:19,812 [398215a5-964b-4dc4-b31b-bbd09ffd15fb@group-7632133483E8-LeaderElection44] INFO  server.RaftServerConfigKeys (ConfUtils.java:logGet(46)) - raft.server.log.appender.wait-time.min = 0μs (custom)
2024-08-15 03:37:19,812 [398215a5-964b-4dc4-b31b-bbd09ffd15fb@group-7632133483E8-LeaderElection44] INFO  grpc.GrpcConfigKeys (ConfUtils.java:logGet(46)) - raft.grpc.server.leader.outstanding.appends.max = 8 (default)
2024-08-15 03:37:19,812 [398215a5-964b-4dc4-b31b-bbd09ffd15fb@group-7632133483E8-LeaderElection44] INFO  server.RaftServerConfigKeys (ConfUtils.java:logGet(46)) - raft.server.rpc.request.timeout = 60s (custom)
2024-08-15 03:37:19,812 [398215a5-964b-4dc4-b31b-bbd09ffd15fb@group-7632133483E8-LeaderElection44] INFO  grpc.GrpcConfigKeys (ConfUtils.java:logGet(46)) - raft.grpc.server.install_snapshot.request.element-limit = 8 (default)
2024-08-15 03:37:19,812 [398215a5-964b-4dc4-b31b-bbd09ffd15fb@group-7632133483E8-LeaderElection44] INFO  grpc.GrpcConfigKeys (ConfUtils.java:logGet(46)) - raft.grpc.server.install_snapshot.request.timeout = 3000ms (default)
2024-08-15 03:37:19,812 [398215a5-964b-4dc4-b31b-bbd09ffd15fb@group-7632133483E8-LeaderElection44] INFO  grpc.GrpcConfigKeys (ConfUtils.java:logGet(46)) - raft.grpc.server.log-message.batch.duration = 5s (default)
2024-08-15 03:37:19,812 [398215a5-964b-4dc4-b31b-bbd09ffd15fb@group-7632133483E8-LeaderElection44] INFO  server.RaftServerConfigKeys (ConfUtils.java:logGet(46)) - raft.server.log.appender.install.snapshot.enabled = false (custom)
2024-08-15 03:37:19,812 [398215a5-964b-4dc4-b31b-bbd09ffd15fb@group-7632133483E8-LeaderElection44] INFO  grpc.GrpcConfigKeys (ConfUtils.java:logGet(46)) - raft.grpc.server.heartbeat.channel = true (default)
2024-08-15 03:37:19,813 [398215a5-964b-4dc4-b31b-bbd09ffd15fb@group-7632133483E8-LeaderElection44] INFO  server.RaftServerConfigKeys (ConfUtils.java:logGet(46)) - raft.server.log.appender.snapshot.chunk.size.max = 16MB (=16777216) (default)
2024-08-15 03:37:19,813 [398215a5-964b-4dc4-b31b-bbd09ffd15fb@group-7632133483E8-LeaderElection44] INFO  server.RaftServerConfigKeys (ConfUtils.java:logGet(46)) - raft.server.log.appender.buffer.byte-limit = 8388608 (custom)
2024-08-15 03:37:19,813 [398215a5-964b-4dc4-b31b-bbd09ffd15fb@group-7632133483E8-LeaderElection44] INFO  server.RaftServerConfigKeys (ConfUtils.java:logGet(46)) - raft.server.log.appender.buffer.element-limit = 1024 (custom)
2024-08-15 03:37:19,813 [398215a5-964b-4dc4-b31b-bbd09ffd15fb@group-7632133483E8-LeaderElection44] INFO  server.RaftServerConfigKeys (ConfUtils.java:logGet(46)) - raft.server.log.appender.wait-time.min = 0μs (custom)
2024-08-15 03:37:19,813 [398215a5-964b-4dc4-b31b-bbd09ffd15fb@group-7632133483E8-LeaderElection44] INFO  grpc.GrpcConfigKeys (ConfUtils.java:logGet(46)) - raft.grpc.server.leader.outstanding.appends.max = 8 (default)
2024-08-15 03:37:19,813 [398215a5-964b-4dc4-b31b-bbd09ffd15fb@group-7632133483E8-LeaderElection44] INFO  server.RaftServerConfigKeys (ConfUtils.java:logGet(46)) - raft.server.rpc.request.timeout = 60s (custom)
2024-08-15 03:37:19,813 [398215a5-964b-4dc4-b31b-bbd09ffd15fb@group-7632133483E8-LeaderElection44] INFO  grpc.GrpcConfigKeys (ConfUtils.java:logGet(46)) - raft.grpc.server.install_snapshot.request.element-limit = 8 (default)
2024-08-15 03:37:19,813 [398215a5-964b-4dc4-b31b-bbd09ffd15fb@group-7632133483E8-LeaderElection44] INFO  grpc.GrpcConfigKeys (ConfUtils.java:logGet(46)) - raft.grpc.server.install_snapshot.request.timeout = 3000ms (default)
2024-08-15 03:37:19,813 [398215a5-964b-4dc4-b31b-bbd09ffd15fb@group-7632133483E8-LeaderElection44] INFO  grpc.GrpcConfigKeys (ConfUtils.java:logGet(46)) - raft.grpc.server.log-message.batch.duration = 5s (default)
2024-08-15 03:37:19,813 [398215a5-964b-4dc4-b31b-bbd09ffd15fb@group-7632133483E8-LeaderElection44] INFO  server.RaftServerConfigKeys (ConfUtils.java:logGet(46)) - raft.server.log.appender.install.snapshot.enabled = false (custom)
2024-08-15 03:37:19,813 [398215a5-964b-4dc4-b31b-bbd09ffd15fb@group-7632133483E8-LeaderElection44] INFO  grpc.GrpcConfigKeys (ConfUtils.java:logGet(46)) - raft.grpc.server.heartbeat.channel = true (default)
2024-08-15 03:37:19,813 [398215a5-964b-4dc4-b31b-bbd09ffd15fb@group-7632133483E8-LeaderElection44] INFO  impl.RoleInfo (RoleInfo.java:updateAndGet(148)) - 398215a5-964b-4dc4-b31b-bbd09ffd15fb: start 398215a5-964b-4dc4-b31b-bbd09ffd15fb@group-7632133483E8-LeaderStateImpl
2024-08-15 03:37:19,813 [398215a5-964b-4dc4-b31b-bbd09ffd15fb@group-7632133483E8-LeaderElection44] INFO  server.RaftServer$Division (RaftServerImpl.java:setFirstElection(549)) - 398215a5-964b-4dc4-b31b-bbd09ffd15fb@group-7632133483E8: set firstElectionSinceStartup to false for becomeLeader
2024-08-15 03:37:19,813 [398215a5-964b-4dc4-b31b-bbd09ffd15fb@group-7632133483E8-LeaderElection44] INFO  ratis.XceiverServerRatis (XceiverServerRatis.java:handleLeaderChangedNotification(951)) - Leader change notification received for group: group-7632133483E8 with new leaderId: 398215a5-964b-4dc4-b31b-bbd09ffd15fb
2024-08-15 03:37:19,814 [grpc-default-executor-6] INFO  server.RaftServer$Division (RaftServerImpl.java:setFirstElection(549)) - cd98677a-ad7a-47a4-bd04-3d82e218dd7d@group-7632133483E8: set firstElectionSinceStartup to false for candidate:398215a5-964b-4dc4-b31b-bbd09ffd15fb
2024-08-15 03:37:19,816 [EventQueue-PipelineReportForPipelineReportHandler] INFO  pipeline.PipelineReportHandler (PipelineReportHandler.java:processPipelineReport(136)) - Opened pipeline PipelineID=06141354-55e8-4f53-bb23-7632133483e8
2024-08-15 03:37:19,816 [grpc-default-executor-6] INFO  server.RaftServer$Division (RaftServerImpl.java:requestVote(1449)) - cd98677a-ad7a-47a4-bd04-3d82e218dd7d@group-7632133483E8 replies to ELECTION vote request: 398215a5-964b-4dc4-b31b-bbd09ffd15fb<-cd98677a-ad7a-47a4-bd04-3d82e218dd7d#0:OK-t1. Peer's state: cd98677a-ad7a-47a4-bd04-3d82e218dd7d@group-7632133483E8:t1, leader=null, voted=398215a5-964b-4dc4-b31b-bbd09ffd15fb, raftlog=Memoized:cd98677a-ad7a-47a4-bd04-3d82e218dd7d@group-7632133483E8-SegmentedRaftLog:OPENED:c-1:lastnull, conf=conf: {index: -1, cur=peers:[398215a5-964b-4dc4-b31b-bbd09ffd15fb|127.0.0.1:15231, ab869ec9-a1da-4eec-ae22-c3ca637d5862|127.0.0.1:15222, cd98677a-ad7a-47a4-bd04-3d82e218dd7d|127.0.0.1:15240]|listeners:[], old=null}
2024-08-15 03:37:19,817 [398215a5-964b-4dc4-b31b-bbd09ffd15fb@group-7632133483E8-LeaderElection44] INFO  server.RaftServer$Division (ServerState.java:setLeader(272)) - 398215a5-964b-4dc4-b31b-bbd09ffd15fb@group-7632133483E8: change Leader from null to 398215a5-964b-4dc4-b31b-bbd09ffd15fb at term 1 for becomeLeader, leader elected after 5078ms
2024-08-15 03:37:19,817 [398215a5-964b-4dc4-b31b-bbd09ffd15fb-server-thread1] INFO  ratis.XceiverServerRatis (XceiverServerRatis.java:handleLeaderChangedNotification(951)) - Leader change notification received for group: group-89CEF1657FB2 with new leaderId: ab869ec9-a1da-4eec-ae22-c3ca637d5862
2024-08-15 03:37:19,817 [398215a5-964b-4dc4-b31b-bbd09ffd15fb@group-7632133483E8-LeaderElection44] INFO  segmented.SegmentedRaftLogWorker (SegmentedRaftLogWorker.java:startLogSegment(433)) - 398215a5-964b-4dc4-b31b-bbd09ffd15fb@group-7632133483E8-SegmentedRaftLogWorker: Starting segment from index:0
2024-08-15 03:37:19,818 [398215a5-964b-4dc4-b31b-bbd09ffd15fb@group-7632133483E8-LeaderElection44] INFO  server.RaftServer$Division (ServerState.java:setRaftConf(386)) - 398215a5-964b-4dc4-b31b-bbd09ffd15fb@group-7632133483E8: set configuration conf: {index: 0, cur=peers:[398215a5-964b-4dc4-b31b-bbd09ffd15fb|127.0.0.1:15231, ab869ec9-a1da-4eec-ae22-c3ca637d5862|127.0.0.1:15222, cd98677a-ad7a-47a4-bd04-3d82e218dd7d|127.0.0.1:15240]|listeners:[], old=null}
2024-08-15 03:37:19,818 [398215a5-964b-4dc4-b31b-bbd09ffd15fb@group-7632133483E8-SegmentedRaftLogWorker] INFO  segmented.BufferedWriteChannel (BufferedWriteChannel.java:open(61)) - open log_inprogress_0 at position 0
2024-08-15 03:37:19,818 [398215a5-964b-4dc4-b31b-bbd09ffd15fb-server-thread1] INFO  server.RaftServer$Division (ServerState.java:setLeader(272)) - 398215a5-964b-4dc4-b31b-bbd09ffd15fb@group-89CEF1657FB2: change Leader from null to ab869ec9-a1da-4eec-ae22-c3ca637d5862 at term 1 for appendEntries, leader elected after 5045ms
2024-08-15 03:37:19,820 [cd98677a-ad7a-47a4-bd04-3d82e218dd7d-server-thread1] INFO  ratis.XceiverServerRatis (XceiverServerRatis.java:handleLeaderChangedNotification(951)) - Leader change notification received for group: group-89CEF1657FB2 with new leaderId: ab869ec9-a1da-4eec-ae22-c3ca637d5862
2024-08-15 03:37:19,820 [cd98677a-ad7a-47a4-bd04-3d82e218dd7d-server-thread1] INFO  server.RaftServer$Division (ServerState.java:setLeader(272)) - cd98677a-ad7a-47a4-bd04-3d82e218dd7d@group-89CEF1657FB2: change Leader from null to ab869ec9-a1da-4eec-ae22-c3ca637d5862 at term 1 for appendEntries, leader elected after 5024ms
2024-08-15 03:37:19,827 [398215a5-964b-4dc4-b31b-bbd09ffd15fb-server-thread2] INFO  server.RaftServer$Division (ServerState.java:setRaftConf(386)) - 398215a5-964b-4dc4-b31b-bbd09ffd15fb@group-89CEF1657FB2: set configuration conf: {index: 0, cur=peers:[398215a5-964b-4dc4-b31b-bbd09ffd15fb|127.0.0.1:15231, ab869ec9-a1da-4eec-ae22-c3ca637d5862|127.0.0.1:15222, cd98677a-ad7a-47a4-bd04-3d82e218dd7d|127.0.0.1:15240]|listeners:[], old=null}
2024-08-15 03:37:19,827 [cd98677a-ad7a-47a4-bd04-3d82e218dd7d-server-thread3] INFO  server.RaftServer$Division (ServerState.java:setRaftConf(386)) - cd98677a-ad7a-47a4-bd04-3d82e218dd7d@group-89CEF1657FB2: set configuration conf: {index: 0, cur=peers:[398215a5-964b-4dc4-b31b-bbd09ffd15fb|127.0.0.1:15231, ab869ec9-a1da-4eec-ae22-c3ca637d5862|127.0.0.1:15222, cd98677a-ad7a-47a4-bd04-3d82e218dd7d|127.0.0.1:15240]|listeners:[], old=null}
2024-08-15 03:37:19,827 [398215a5-964b-4dc4-b31b-bbd09ffd15fb-server-thread2] INFO  segmented.SegmentedRaftLogWorker (SegmentedRaftLogWorker.java:startLogSegment(433)) - 398215a5-964b-4dc4-b31b-bbd09ffd15fb@group-89CEF1657FB2-SegmentedRaftLogWorker: Starting segment from index:0
2024-08-15 03:37:19,829 [cd98677a-ad7a-47a4-bd04-3d82e218dd7d-server-thread3] INFO  segmented.SegmentedRaftLogWorker (SegmentedRaftLogWorker.java:startLogSegment(433)) - cd98677a-ad7a-47a4-bd04-3d82e218dd7d@group-89CEF1657FB2-SegmentedRaftLogWorker: Starting segment from index:0
2024-08-15 03:37:19,829 [398215a5-964b-4dc4-b31b-bbd09ffd15fb@group-89CEF1657FB2-SegmentedRaftLogWorker] INFO  segmented.BufferedWriteChannel (BufferedWriteChannel.java:open(61)) - open log_inprogress_0 at position 0
2024-08-15 03:37:19,829 [398215a5-964b-4dc4-b31b-bbd09ffd15fb@group-7632133483E8-SegmentedRaftLogWorker] INFO  segmented.SegmentedRaftLogWorker (SegmentedRaftLogWorker.java:execute(637)) - 398215a5-964b-4dc4-b31b-bbd09ffd15fb@group-7632133483E8-SegmentedRaftLogWorker: created new log segment /home/runner/work/ozone/ozone/hadoop-ozone/integration-test/target/test-dir/MiniOzoneClusterImpl-defbb36e-87e0-488b-866f-35c0fcf0d8c3/ozone-meta/datanode-2/ratis/06141354-55e8-4f53-bb23-7632133483e8/current/log_inprogress_0
2024-08-15 03:37:19,829 [cd98677a-ad7a-47a4-bd04-3d82e218dd7d@group-89CEF1657FB2-SegmentedRaftLogWorker] INFO  segmented.BufferedWriteChannel (BufferedWriteChannel.java:open(61)) - open log_inprogress_0 at position 0
2024-08-15 03:37:19,840 [ab869ec9-a1da-4eec-ae22-c3ca637d5862-server-thread1] INFO  ratis.XceiverServerRatis (XceiverServerRatis.java:handleLeaderChangedNotification(951)) - Leader change notification received for group: group-7632133483E8 with new leaderId: 398215a5-964b-4dc4-b31b-bbd09ffd15fb
2024-08-15 03:37:19,840 [ab869ec9-a1da-4eec-ae22-c3ca637d5862-server-thread1] INFO  server.RaftServer$Division (ServerState.java:setLeader(272)) - ab869ec9-a1da-4eec-ae22-c3ca637d5862@group-7632133483E8: change Leader from null to 398215a5-964b-4dc4-b31b-bbd09ffd15fb at term 1 for appendEntries, leader elected after 5146ms
2024-08-15 03:37:19,840 [ab869ec9-a1da-4eec-ae22-c3ca637d5862-server-thread2] INFO  server.RaftServer$Division (ServerState.java:setRaftConf(386)) - ab869ec9-a1da-4eec-ae22-c3ca637d5862@group-7632133483E8: set configuration conf: {index: 0, cur=peers:[398215a5-964b-4dc4-b31b-bbd09ffd15fb|127.0.0.1:15231, ab869ec9-a1da-4eec-ae22-c3ca637d5862|127.0.0.1:15222, cd98677a-ad7a-47a4-bd04-3d82e218dd7d|127.0.0.1:15240]|listeners:[], old=null}
2024-08-15 03:37:19,840 [ab869ec9-a1da-4eec-ae22-c3ca637d5862-server-thread2] INFO  segmented.SegmentedRaftLogWorker (SegmentedRaftLogWorker.java:startLogSegment(433)) - ab869ec9-a1da-4eec-ae22-c3ca637d5862@group-7632133483E8-SegmentedRaftLogWorker: Starting segment from index:0
2024-08-15 03:37:19,842 [ab869ec9-a1da-4eec-ae22-c3ca637d5862@group-7632133483E8-SegmentedRaftLogWorker] INFO  segmented.BufferedWriteChannel (BufferedWriteChannel.java:open(61)) - open log_inprogress_0 at position 0
2024-08-15 03:37:19,845 [398215a5-964b-4dc4-b31b-bbd09ffd15fb@group-89CEF1657FB2-SegmentedRaftLogWorker] INFO  segmented.SegmentedRaftLogWorker (SegmentedRaftLogWorker.java:execute(637)) - 398215a5-964b-4dc4-b31b-bbd09ffd15fb@group-89CEF1657FB2-SegmentedRaftLogWorker: created new log segment /home/runner/work/ozone/ozone/hadoop-ozone/integration-test/target/test-dir/MiniOzoneClusterImpl-defbb36e-87e0-488b-866f-35c0fcf0d8c3/ozone-meta/datanode-2/ratis/542b0424-40cf-456c-9ad4-89cef1657fb2/current/log_inprogress_0
2024-08-15 03:37:19,845 [cd98677a-ad7a-47a4-bd04-3d82e218dd7d@group-89CEF1657FB2-SegmentedRaftLogWorker] INFO  segmented.SegmentedRaftLogWorker (SegmentedRaftLogWorker.java:execute(637)) - cd98677a-ad7a-47a4-bd04-3d82e218dd7d@group-89CEF1657FB2-SegmentedRaftLogWorker: created new log segment /home/runner/work/ozone/ozone/hadoop-ozone/integration-test/target/test-dir/MiniOzoneClusterImpl-defbb36e-87e0-488b-866f-35c0fcf0d8c3/ozone-meta/datanode-3/ratis/542b0424-40cf-456c-9ad4-89cef1657fb2/current/log_inprogress_0
2024-08-15 03:37:19,848 [cd98677a-ad7a-47a4-bd04-3d82e218dd7d-server-thread1] INFO  ratis.XceiverServerRatis (XceiverServerRatis.java:handleLeaderChangedNotification(951)) - Leader change notification received for group: group-7632133483E8 with new leaderId: 398215a5-964b-4dc4-b31b-bbd09ffd15fb
2024-08-15 03:37:19,848 [ab869ec9-a1da-4eec-ae22-c3ca637d5862@group-89CEF1657FB2-StateMachineUpdater] INFO  server.RaftServer$Division (LeaderStateImpl.java:checkStartIndex(316)) - Leader ab869ec9-a1da-4eec-ae22-c3ca637d5862@group-89CEF1657FB2-LeaderStateImpl is ready since appliedIndex == startIndex == 0
2024-08-15 03:37:19,848 [cd98677a-ad7a-47a4-bd04-3d82e218dd7d-server-thread1] INFO  server.RaftServer$Division (ServerState.java:setLeader(272)) - cd98677a-ad7a-47a4-bd04-3d82e218dd7d@group-7632133483E8: change Leader from null to 398215a5-964b-4dc4-b31b-bbd09ffd15fb at term 1 for appendEntries, leader elected after 5137ms
2024-08-15 03:37:19,848 [cd98677a-ad7a-47a4-bd04-3d82e218dd7d-server-thread2] INFO  server.RaftServer$Division (ServerState.java:setRaftConf(386)) - cd98677a-ad7a-47a4-bd04-3d82e218dd7d@group-7632133483E8: set configuration conf: {index: 0, cur=peers:[398215a5-964b-4dc4-b31b-bbd09ffd15fb|127.0.0.1:15231, ab869ec9-a1da-4eec-ae22-c3ca637d5862|127.0.0.1:15222, cd98677a-ad7a-47a4-bd04-3d82e218dd7d|127.0.0.1:15240]|listeners:[], old=null}
2024-08-15 03:37:19,849 [cd98677a-ad7a-47a4-bd04-3d82e218dd7d-server-thread2] INFO  segmented.SegmentedRaftLogWorker (SegmentedRaftLogWorker.java:startLogSegment(433)) - cd98677a-ad7a-47a4-bd04-3d82e218dd7d@group-7632133483E8-SegmentedRaftLogWorker: Starting segment from index:0
2024-08-15 03:37:19,849 [cd98677a-ad7a-47a4-bd04-3d82e218dd7d@group-7632133483E8-SegmentedRaftLogWorker] INFO  segmented.BufferedWriteChannel (BufferedWriteChannel.java:open(61)) - open log_inprogress_0 at position 0
2024-08-15 03:37:19,855 [ab869ec9-a1da-4eec-ae22-c3ca637d5862@group-7632133483E8-SegmentedRaftLogWorker] INFO  segmented.SegmentedRaftLogWorker (SegmentedRaftLogWorker.java:execute(637)) - ab869ec9-a1da-4eec-ae22-c3ca637d5862@group-7632133483E8-SegmentedRaftLogWorker: created new log segment /home/runner/work/ozone/ozone/hadoop-ozone/integration-test/target/test-dir/MiniOzoneClusterImpl-defbb36e-87e0-488b-866f-35c0fcf0d8c3/ozone-meta/datanode-1/ratis/06141354-55e8-4f53-bb23-7632133483e8/current/log_inprogress_0
2024-08-15 03:37:19,859 [cd98677a-ad7a-47a4-bd04-3d82e218dd7d@group-7632133483E8-SegmentedRaftLogWorker] INFO  segmented.SegmentedRaftLogWorker (SegmentedRaftLogWorker.java:execute(637)) - cd98677a-ad7a-47a4-bd04-3d82e218dd7d@group-7632133483E8-SegmentedRaftLogWorker: created new log segment /home/runner/work/ozone/ozone/hadoop-ozone/integration-test/target/test-dir/MiniOzoneClusterImpl-defbb36e-87e0-488b-866f-35c0fcf0d8c3/ozone-meta/datanode-3/ratis/06141354-55e8-4f53-bb23-7632133483e8/current/log_inprogress_0
2024-08-15 03:37:19,860 [398215a5-964b-4dc4-b31b-bbd09ffd15fb@group-7632133483E8-StateMachineUpdater] INFO  server.RaftServer$Division (LeaderStateImpl.java:checkStartIndex(316)) - Leader 398215a5-964b-4dc4-b31b-bbd09ffd15fb@group-7632133483E8-LeaderStateImpl is ready since appliedIndex == startIndex == 0
2024-08-15 03:37:19,886 [ab869ec9-a1da-4eec-ae22-c3ca637d5862@group-0BE793329E8F-FollowerState] INFO  impl.FollowerState (FollowerState.java:run(144)) - ab869ec9-a1da-4eec-ae22-c3ca637d5862@group-0BE793329E8F-FollowerState: change to CANDIDATE, lastRpcElapsedTime:5194976233ns, electionTimeout:5194ms
2024-08-15 03:37:19,886 [ab869ec9-a1da-4eec-ae22-c3ca637d5862@group-0BE793329E8F-FollowerState] INFO  impl.RoleInfo (RoleInfo.java:shutdownFollowerState(119)) - ab869ec9-a1da-4eec-ae22-c3ca637d5862: shutdown ab869ec9-a1da-4eec-ae22-c3ca637d5862@group-0BE793329E8F-FollowerState
2024-08-15 03:37:19,886 [ab869ec9-a1da-4eec-ae22-c3ca637d5862@group-0BE793329E8F-FollowerState] INFO  server.RaftServer$Division (RaftServerImpl.java:setRole(376)) - ab869ec9-a1da-4eec-ae22-c3ca637d5862@group-0BE793329E8F: changes role from  FOLLOWER to CANDIDATE at term 0 for changeToCandidate
2024-08-15 03:37:19,886 [ab869ec9-a1da-4eec-ae22-c3ca637d5862@group-0BE793329E8F-FollowerState] INFO  server.RaftServerConfigKeys (ConfUtils.java:logGet(46)) - raft.server.leaderelection.pre-vote = true (default)
2024-08-15 03:37:19,886 [ab869ec9-a1da-4eec-ae22-c3ca637d5862@group-0BE793329E8F-FollowerState] INFO  impl.RoleInfo (RoleInfo.java:updateAndGet(148)) - ab869ec9-a1da-4eec-ae22-c3ca637d5862: start ab869ec9-a1da-4eec-ae22-c3ca637d5862@group-0BE793329E8F-LeaderElection45
2024-08-15 03:37:19,886 [ab869ec9-a1da-4eec-ae22-c3ca637d5862@group-0BE793329E8F-LeaderElection45] INFO  impl.LeaderElection (LeaderElection.java:askForVotes(321)) - ab869ec9-a1da-4eec-ae22-c3ca637d5862@group-0BE793329E8F-LeaderElection45 PRE_VOTE round 0: submit vote requests at term 0 for conf: {index: -1, cur=peers:[ab869ec9-a1da-4eec-ae22-c3ca637d5862|127.0.0.1:15222]|listeners:[], old=null}
2024-08-15 03:37:19,887 [ab869ec9-a1da-4eec-ae22-c3ca637d5862@group-0BE793329E8F-LeaderElection45] INFO  impl.LeaderElection (LeaderElection.java:askForVotes(323)) - ab869ec9-a1da-4eec-ae22-c3ca637d5862@group-0BE793329E8F-LeaderElection45 PRE_VOTE round 0: result PASSED (term=0)
2024-08-15 03:37:19,888 [ab869ec9-a1da-4eec-ae22-c3ca637d5862@group-0BE793329E8F-LeaderElection45] INFO  impl.LeaderElection (LeaderElection.java:askForVotes(321)) - ab869ec9-a1da-4eec-ae22-c3ca637d5862@group-0BE793329E8F-LeaderElection45 ELECTION round 0: submit vote requests at term 1 for conf: {index: -1, cur=peers:[ab869ec9-a1da-4eec-ae22-c3ca637d5862|127.0.0.1:15222]|listeners:[], old=null}
2024-08-15 03:37:19,888 [ab869ec9-a1da-4eec-ae22-c3ca637d5862@group-0BE793329E8F-LeaderElection45] INFO  impl.LeaderElection (LeaderElection.java:askForVotes(323)) - ab869ec9-a1da-4eec-ae22-c3ca637d5862@group-0BE793329E8F-LeaderElection45 ELECTION round 0: result PASSED (term=1)
2024-08-15 03:37:19,888 [ab869ec9-a1da-4eec-ae22-c3ca637d5862@group-0BE793329E8F-LeaderElection45] INFO  impl.RoleInfo (RoleInfo.java:shutdownLeaderElection(139)) - ab869ec9-a1da-4eec-ae22-c3ca637d5862: shutdown ab869ec9-a1da-4eec-ae22-c3ca637d5862@group-0BE793329E8F-LeaderElection45
2024-08-15 03:37:19,889 [ab869ec9-a1da-4eec-ae22-c3ca637d5862@group-0BE793329E8F-LeaderElection45] INFO  server.RaftServer$Division (RaftServerImpl.java:setRole(376)) - ab869ec9-a1da-4eec-ae22-c3ca637d5862@group-0BE793329E8F: changes role from CANDIDATE to LEADER at term 1 for changeToLeader
2024-08-15 03:37:19,889 [ab869ec9-a1da-4eec-ae22-c3ca637d5862@group-0BE793329E8F-LeaderElection45] INFO  server.RaftServerConfigKeys (ConfUtils.java:logGet(46)) - raft.server.staging.catchup.gap = 1000 (default)
2024-08-15 03:37:19,889 [ab869ec9-a1da-4eec-ae22-c3ca637d5862@group-0BE793329E8F-LeaderElection45] INFO  server.RaftServerConfigKeys (ConfUtils.java:logGet(46)) - raft.server.write.element-limit = 1024 (custom)
2024-08-15 03:37:19,889 [ab869ec9-a1da-4eec-ae22-c3ca637d5862@group-0BE793329E8F-LeaderElection45] INFO  server.RaftServerConfigKeys (ConfUtils.java:logGet(46)) - raft.server.write.byte-limit = 1024 M (=1073741824) (custom)
2024-08-15 03:37:19,890 [ab869ec9-a1da-4eec-ae22-c3ca637d5862@group-0BE793329E8F-LeaderElection45] INFO  server.RaftServerConfigKeys (ConfUtils.java:logGet(46)) - raft.server.watch.timeout = 30s (custom)
2024-08-15 03:37:19,890 [ab869ec9-a1da-4eec-ae22-c3ca637d5862@group-0BE793329E8F-LeaderElection45] INFO  server.RaftServerConfigKeys (ConfUtils.java:logGet(46)) - raft.server.watch.timeout.denomination = 1s (default)
2024-08-15 03:37:19,890 [ab869ec9-a1da-4eec-ae22-c3ca637d5862@group-0BE793329E8F-LeaderElection45] INFO  server.RaftServerConfigKeys (ConfUtils.java:logGet(46)) - raft.server.watch.element-limit = 65536 (default)
2024-08-15 03:37:19,890 [ab869ec9-a1da-4eec-ae22-c3ca637d5862@group-0BE793329E8F-LeaderElection45] INFO  server.RaftServerConfigKeys (ConfUtils.java:logGet(46)) - raft.server.read.leader.lease.enabled = false (default)
2024-08-15 03:37:19,890 [ab869ec9-a1da-4eec-ae22-c3ca637d5862@group-0BE793329E8F-LeaderElection45] INFO  server.RaftServerConfigKeys (ConfUtils.java:logGet(46)) - raft.server.read.leader.lease.timeout.ratio = 0.9 (default)
2024-08-15 03:37:19,890 [ab869ec9-a1da-4eec-ae22-c3ca637d5862@group-0BE793329E8F-LeaderElection45] INFO  server.RaftServerConfigKeys (ConfUtils.java:logGet(46)) - raft.server.rpc.timeout.min = 5s (custom)
2024-08-15 03:37:19,890 [ab869ec9-a1da-4eec-ae22-c3ca637d5862@group-0BE793329E8F-LeaderElection45] INFO  server.RaftServerConfigKeys (ConfUtils.java:logGet(46)) - raft.server.log.log-metadata.enabled = true (default)
2024-08-15 03:37:19,890 [ab869ec9-a1da-4eec-ae22-c3ca637d5862@group-0BE793329E8F-LeaderElection45] INFO  server.RaftServerConfigKeys (ConfUtils.java:logGet(46)) - raft.server.write.element-limit = 1024 (custom)
2024-08-15 03:37:19,890 [ab869ec9-a1da-4eec-ae22-c3ca637d5862@group-0BE793329E8F-LeaderElection45] INFO  server.RaftServerConfigKeys (ConfUtils.java:logGet(46)) - raft.server.write.follower.gap.ratio.max = -1.0 (default)
2024-08-15 03:37:19,890 [ab869ec9-a1da-4eec-ae22-c3ca637d5862@group-0BE793329E8F-LeaderElection45] INFO  impl.RoleInfo (RoleInfo.java:updateAndGet(148)) - ab869ec9-a1da-4eec-ae22-c3ca637d5862: start ab869ec9-a1da-4eec-ae22-c3ca637d5862@group-0BE793329E8F-LeaderStateImpl
2024-08-15 03:37:19,890 [ab869ec9-a1da-4eec-ae22-c3ca637d5862@group-0BE793329E8F-LeaderElection45] INFO  server.RaftServer$Division (RaftServerImpl.java:setFirstElection(549)) - ab869ec9-a1da-4eec-ae22-c3ca637d5862@group-0BE793329E8F: set firstElectionSinceStartup to false for becomeLeader
2024-08-15 03:37:19,890 [ab869ec9-a1da-4eec-ae22-c3ca637d5862@group-0BE793329E8F-LeaderElection45] INFO  ratis.XceiverServerRatis (XceiverServerRatis.java:handleLeaderChangedNotification(951)) - Leader change notification received for group: group-0BE793329E8F with new leaderId: ab869ec9-a1da-4eec-ae22-c3ca637d5862
2024-08-15 03:37:19,891 [ab869ec9-a1da-4eec-ae22-c3ca637d5862@group-0BE793329E8F-LeaderElection45] INFO  server.RaftServer$Division (ServerState.java:setLeader(272)) - ab869ec9-a1da-4eec-ae22-c3ca637d5862@group-0BE793329E8F: change Leader from null to ab869ec9-a1da-4eec-ae22-c3ca637d5862 at term 1 for becomeLeader, leader elected after 5209ms
2024-08-15 03:37:19,891 [ab869ec9-a1da-4eec-ae22-c3ca637d5862@group-0BE793329E8F-LeaderElection45] INFO  segmented.SegmentedRaftLogWorker (SegmentedRaftLogWorker.java:startLogSegment(433)) - ab869ec9-a1da-4eec-ae22-c3ca637d5862@group-0BE793329E8F-SegmentedRaftLogWorker: Starting segment from index:0
2024-08-15 03:37:19,891 [ab869ec9-a1da-4eec-ae22-c3ca637d5862@group-0BE793329E8F-SegmentedRaftLogWorker] INFO  segmented.BufferedWriteChannel (BufferedWriteChannel.java:open(61)) - open log_inprogress_0 at position 0
2024-08-15 03:37:19,895 [ab869ec9-a1da-4eec-ae22-c3ca637d5862@group-0BE793329E8F-LeaderElection45] INFO  server.RaftServer$Division (ServerState.java:setRaftConf(386)) - ab869ec9-a1da-4eec-ae22-c3ca637d5862@group-0BE793329E8F: set configuration conf: {index: 0, cur=peers:[ab869ec9-a1da-4eec-ae22-c3ca637d5862|127.0.0.1:15222]|listeners:[], old=null}
2024-08-15 03:37:19,903 [ab869ec9-a1da-4eec-ae22-c3ca637d5862@group-0BE793329E8F-SegmentedRaftLogWorker] INFO  segmented.SegmentedRaftLogWorker (SegmentedRaftLogWorker.java:execute(637)) - ab869ec9-a1da-4eec-ae22-c3ca637d5862@group-0BE793329E8F-SegmentedRaftLogWorker: created new log segment /home/runner/work/ozone/ozone/hadoop-ozone/integration-test/target/test-dir/MiniOzoneClusterImpl-defbb36e-87e0-488b-866f-35c0fcf0d8c3/ozone-meta/datanode-1/ratis/81259ae6-8402-4a92-af7c-0be793329e8f/current/log_inprogress_0
2024-08-15 03:37:19,904 [ab869ec9-a1da-4eec-ae22-c3ca637d5862@group-0BE793329E8F-StateMachineUpdater] INFO  server.RaftServer$Division (LeaderStateImpl.java:checkStartIndex(316)) - Leader ab869ec9-a1da-4eec-ae22-c3ca637d5862@group-0BE793329E8F-LeaderStateImpl is ready since appliedIndex == startIndex == 0
2024-08-15 03:37:19,996 [398215a5-964b-4dc4-b31b-bbd09ffd15fb@group-0C51423862FC-FollowerState] INFO  impl.FollowerState (FollowerState.java:run(144)) - 398215a5-964b-4dc4-b31b-bbd09ffd15fb@group-0C51423862FC-FollowerState: change to CANDIDATE, lastRpcElapsedTime:5048120656ns, electionTimeout:5047ms
2024-08-15 03:37:19,997 [398215a5-964b-4dc4-b31b-bbd09ffd15fb@group-0C51423862FC-FollowerState] INFO  impl.RoleInfo (RoleInfo.java:shutdownFollowerState(119)) - 398215a5-964b-4dc4-b31b-bbd09ffd15fb: shutdown 398215a5-964b-4dc4-b31b-bbd09ffd15fb@group-0C51423862FC-FollowerState
2024-08-15 03:37:19,997 [398215a5-964b-4dc4-b31b-bbd09ffd15fb@group-0C51423862FC-FollowerState] INFO  server.RaftServer$Division (RaftServerImpl.java:setRole(376)) - 398215a5-964b-4dc4-b31b-bbd09ffd15fb@group-0C51423862FC: changes role from  FOLLOWER to CANDIDATE at term 0 for changeToCandidate
2024-08-15 03:37:19,997 [398215a5-964b-4dc4-b31b-bbd09ffd15fb@group-0C51423862FC-FollowerState] INFO  server.RaftServerConfigKeys (ConfUtils.java:logGet(46)) - raft.server.leaderelection.pre-vote = true (default)
2024-08-15 03:37:19,997 [398215a5-964b-4dc4-b31b-bbd09ffd15fb@group-0C51423862FC-FollowerState] INFO  impl.RoleInfo (RoleInfo.java:updateAndGet(148)) - 398215a5-964b-4dc4-b31b-bbd09ffd15fb: start 398215a5-964b-4dc4-b31b-bbd09ffd15fb@group-0C51423862FC-LeaderElection46
2024-08-15 03:37:19,998 [398215a5-964b-4dc4-b31b-bbd09ffd15fb@group-0C51423862FC-LeaderElection46] INFO  impl.LeaderElection (LeaderElection.java:askForVotes(321)) - 398215a5-964b-4dc4-b31b-bbd09ffd15fb@group-0C51423862FC-LeaderElection46 PRE_VOTE round 0: submit vote requests at term 0 for conf: {index: -1, cur=peers:[398215a5-964b-4dc4-b31b-bbd09ffd15fb|127.0.0.1:15231]|listeners:[], old=null}
2024-08-15 03:37:19,998 [398215a5-964b-4dc4-b31b-bbd09ffd15fb@group-0C51423862FC-LeaderElection46] INFO  impl.LeaderElection (LeaderElection.java:askForVotes(323)) - 398215a5-964b-4dc4-b31b-bbd09ffd15fb@group-0C51423862FC-LeaderElection46 PRE_VOTE round 0: result PASSED (term=0)
2024-08-15 03:37:19,999 [398215a5-964b-4dc4-b31b-bbd09ffd15fb@group-0C51423862FC-LeaderElection46] INFO  impl.LeaderElection (LeaderElection.java:askForVotes(321)) - 398215a5-964b-4dc4-b31b-bbd09ffd15fb@group-0C51423862FC-LeaderElection46 ELECTION round 0: submit vote requests at term 1 for conf: {index: -1, cur=peers:[398215a5-964b-4dc4-b31b-bbd09ffd15fb|127.0.0.1:15231]|listeners:[], old=null}
2024-08-15 03:37:19,999 [398215a5-964b-4dc4-b31b-bbd09ffd15fb@group-0C51423862FC-LeaderElection46] INFO  impl.LeaderElection (LeaderElection.java:askForVotes(323)) - 398215a5-964b-4dc4-b31b-bbd09ffd15fb@group-0C51423862FC-LeaderElection46 ELECTION round 0: result PASSED (term=1)
2024-08-15 03:37:19,999 [398215a5-964b-4dc4-b31b-bbd09ffd15fb@group-0C51423862FC-LeaderElection46] INFO  impl.RoleInfo (RoleInfo.java:shutdownLeaderElection(139)) - 398215a5-964b-4dc4-b31b-bbd09ffd15fb: shutdown 398215a5-964b-4dc4-b31b-bbd09ffd15fb@group-0C51423862FC-LeaderElection46
2024-08-15 03:37:19,999 [398215a5-964b-4dc4-b31b-bbd09ffd15fb@group-0C51423862FC-LeaderElection46] INFO  server.RaftServer$Division (RaftServerImpl.java:setRole(376)) - 398215a5-964b-4dc4-b31b-bbd09ffd15fb@group-0C51423862FC: changes role from CANDIDATE to LEADER at term 1 for changeToLeader
2024-08-15 03:37:19,999 [398215a5-964b-4dc4-b31b-bbd09ffd15fb@group-0C51423862FC-LeaderElection46] INFO  server.RaftServerConfigKeys (ConfUtils.java:logGet(46)) - raft.server.staging.catchup.gap = 1000 (default)
2024-08-15 03:37:19,999 [398215a5-964b-4dc4-b31b-bbd09ffd15fb@group-0C51423862FC-LeaderElection46] INFO  server.RaftServerConfigKeys (ConfUtils.java:logGet(46)) - raft.server.write.element-limit = 1024 (custom)
2024-08-15 03:37:19,999 [398215a5-964b-4dc4-b31b-bbd09ffd15fb@group-0C51423862FC-LeaderElection46] INFO  server.RaftServerConfigKeys (ConfUtils.java:logGet(46)) - raft.server.write.byte-limit = 1024 M (=1073741824) (custom)
2024-08-15 03:37:20,000 [398215a5-964b-4dc4-b31b-bbd09ffd15fb@group-0C51423862FC-LeaderElection46] INFO  server.RaftServerConfigKeys (ConfUtils.java:logGet(46)) - raft.server.watch.timeout = 30s (custom)
2024-08-15 03:37:20,000 [398215a5-964b-4dc4-b31b-bbd09ffd15fb@group-0C51423862FC-LeaderElection46] INFO  server.RaftServerConfigKeys (ConfUtils.java:logGet(46)) - raft.server.watch.timeout.denomination = 1s (default)
2024-08-15 03:37:20,000 [398215a5-964b-4dc4-b31b-bbd09ffd15fb@group-0C51423862FC-LeaderElection46] INFO  server.RaftServerConfigKeys (ConfUtils.java:logGet(46)) - raft.server.watch.element-limit = 65536 (default)
2024-08-15 03:37:20,000 [398215a5-964b-4dc4-b31b-bbd09ffd15fb@group-0C51423862FC-LeaderElection46] INFO  server.RaftServerConfigKeys (ConfUtils.java:logGet(46)) - raft.server.read.leader.lease.enabled = false (default)
2024-08-15 03:37:20,000 [398215a5-964b-4dc4-b31b-bbd09ffd15fb@group-0C51423862FC-LeaderElection46] INFO  server.RaftServerConfigKeys (ConfUtils.java:logGet(46)) - raft.server.read.leader.lease.timeout.ratio = 0.9 (default)
2024-08-15 03:37:20,000 [398215a5-964b-4dc4-b31b-bbd09ffd15fb@group-0C51423862FC-LeaderElection46] INFO  server.RaftServerConfigKeys (ConfUtils.java:logGet(46)) - raft.server.rpc.timeout.min = 5s (custom)
2024-08-15 03:37:20,000 [398215a5-964b-4dc4-b31b-bbd09ffd15fb@group-0C51423862FC-LeaderElection46] INFO  server.RaftServerConfigKeys (ConfUtils.java:logGet(46)) - raft.server.log.log-metadata.enabled = true (default)
2024-08-15 03:37:20,000 [398215a5-964b-4dc4-b31b-bbd09ffd15fb@group-0C51423862FC-LeaderElection46] INFO  server.RaftServerConfigKeys (ConfUtils.java:logGet(46)) - raft.server.write.element-limit = 1024 (custom)
2024-08-15 03:37:20,000 [398215a5-964b-4dc4-b31b-bbd09ffd15fb@group-0C51423862FC-LeaderElection46] INFO  server.RaftServerConfigKeys (ConfUtils.java:logGet(46)) - raft.server.write.follower.gap.ratio.max = -1.0 (default)
2024-08-15 03:37:20,000 [398215a5-964b-4dc4-b31b-bbd09ffd15fb@group-0C51423862FC-LeaderElection46] INFO  impl.RoleInfo (RoleInfo.java:updateAndGet(148)) - 398215a5-964b-4dc4-b31b-bbd09ffd15fb: start 398215a5-964b-4dc4-b31b-bbd09ffd15fb@group-0C51423862FC-LeaderStateImpl
2024-08-15 03:37:20,000 [398215a5-964b-4dc4-b31b-bbd09ffd15fb@group-0C51423862FC-LeaderElection46] INFO  server.RaftServer$Division (RaftServerImpl.java:setFirstElection(549)) - 398215a5-964b-4dc4-b31b-bbd09ffd15fb@group-0C51423862FC: set firstElectionSinceStartup to false for becomeLeader
2024-08-15 03:37:20,000 [398215a5-964b-4dc4-b31b-bbd09ffd15fb@group-0C51423862FC-LeaderElection46] INFO  ratis.XceiverServerRatis (XceiverServerRatis.java:handleLeaderChangedNotification(951)) - Leader change notification received for group: group-0C51423862FC with new leaderId: 398215a5-964b-4dc4-b31b-bbd09ffd15fb
2024-08-15 03:37:20,000 [398215a5-964b-4dc4-b31b-bbd09ffd15fb@group-0C51423862FC-LeaderElection46] INFO  server.RaftServer$Division (ServerState.java:setLeader(272)) - 398215a5-964b-4dc4-b31b-bbd09ffd15fb@group-0C51423862FC: change Leader from null to 398215a5-964b-4dc4-b31b-bbd09ffd15fb at term 1 for becomeLeader, leader elected after 5062ms
2024-08-15 03:37:20,001 [398215a5-964b-4dc4-b31b-bbd09ffd15fb@group-0C51423862FC-LeaderElection46] INFO  segmented.SegmentedRaftLogWorker (SegmentedRaftLogWorker.java:startLogSegment(433)) - 398215a5-964b-4dc4-b31b-bbd09ffd15fb@group-0C51423862FC-SegmentedRaftLogWorker: Starting segment from index:0
2024-08-15 03:37:20,001 [398215a5-964b-4dc4-b31b-bbd09ffd15fb@group-0C51423862FC-LeaderElection46] INFO  server.RaftServer$Division (ServerState.java:setRaftConf(386)) - 398215a5-964b-4dc4-b31b-bbd09ffd15fb@group-0C51423862FC: set configuration conf: {index: 0, cur=peers:[398215a5-964b-4dc4-b31b-bbd09ffd15fb|127.0.0.1:15231]|listeners:[], old=null}
2024-08-15 03:37:20,001 [398215a5-964b-4dc4-b31b-bbd09ffd15fb@group-0C51423862FC-SegmentedRaftLogWorker] INFO  segmented.BufferedWriteChannel (BufferedWriteChannel.java:open(61)) - open log_inprogress_0 at position 0
2024-08-15 03:37:20,011 [398215a5-964b-4dc4-b31b-bbd09ffd15fb@group-0C51423862FC-SegmentedRaftLogWorker] INFO  segmented.SegmentedRaftLogWorker (SegmentedRaftLogWorker.java:execute(637)) - 398215a5-964b-4dc4-b31b-bbd09ffd15fb@group-0C51423862FC-SegmentedRaftLogWorker: created new log segment /home/runner/work/ozone/ozone/hadoop-ozone/integration-test/target/test-dir/MiniOzoneClusterImpl-defbb36e-87e0-488b-866f-35c0fcf0d8c3/ozone-meta/datanode-2/ratis/71919664-45a2-4a4a-8b84-0c51423862fc/current/log_inprogress_0
2024-08-15 03:37:20,013 [398215a5-964b-4dc4-b31b-bbd09ffd15fb@group-0C51423862FC-StateMachineUpdater] INFO  server.RaftServer$Division (LeaderStateImpl.java:checkStartIndex(316)) - Leader 398215a5-964b-4dc4-b31b-bbd09ffd15fb@group-0C51423862FC-LeaderStateImpl is ready since appliedIndex == startIndex == 0
2024-08-15 03:37:20,165 [main] INFO  ozone.MiniOzoneClusterImpl (MiniOzoneClusterImpl.java:lambda$waitForClusterToBeReady$0(198)) - Nodes are ready. Got 3 of 3 DN Heartbeats.
2024-08-15 03:37:20,165 [main] INFO  ozone.MiniOzoneClusterImpl (MiniOzoneClusterImpl.java:lambda$waitForClusterToBeReady$0(201)) - Cluster exits safe mode
2024-08-15 03:37:20,166 [main] INFO  ozone.MiniOzoneClusterImpl (MiniOzoneClusterImpl.java:lambda$waitForClusterToBeReady$0(203)) - SCM became leader
2024-08-15 03:37:20,177 [main] INFO  rpc.RpcClient (RpcClient.java:createVolume(474)) - Creating Volume: volume95855, with user89684 as owner and space quota set to -1 bytes, counts quota set to -1
2024-08-15 03:37:20,179 [IPC Server handler 1 on default port 15214] INFO  volume.OMVolumeCreateRequest (OMVolumeCreateRequest.java:validateAndUpdateCache(198)) - created volume:volume95855 for user:user89684
2024-08-15 03:37:20,181 [main] INFO  rpc.RpcClient (RpcClient.java:createBucket(700)) - Creating Bucket: volume95855/bucket71892, with bucket layout FILE_SYSTEM_OPTIMIZED, runner as owner, Versioning false, Storage Type set to DISK and Encryption set to false, Replication Type set to server-side default replication type, Namespace Quota set to -1, Space Quota set to -1 
2024-08-15 03:37:20,182 [IPC Server handler 2 on default port 15214] INFO  bucket.OMBucketCreateRequest (OMBucketCreateRequest.java:validateAndUpdateCache(293)) - created bucket: bucket71892 of layout FILE_SYSTEM_OPTIMIZED in volume: volume95855
2024-08-15 03:37:20,191 [IPC Server handler 1 on default port 15211] INFO  ha.SequenceIdGenerator (SequenceIdGenerator.java:getNextId(144)) - Allocate a batch for containerId, change lastId from 0 to 1000.
2024-08-15 03:37:20,191 [IPC Server handler 1 on default port 15211] WARN  ha.SequenceIdGenerator (SequenceIdGenerator.java:allocateBatch(257)) - Failed to allocate a batch for localId, expected lastId is 0, actual lastId is 113750153625600000.
2024-08-15 03:37:20,192 [IPC Server handler 1 on default port 15211] INFO  ha.SequenceIdGenerator (SequenceIdGenerator.java:getNextId(144)) - Allocate a batch for localId, change lastId from 113750153625600000 to 113750153625601000.
2024-08-15 03:37:20,195 [main] INFO  scm.XceiverClientRatis (XceiverClientRatis.java:<init>(140)) - WatchType ALL_COMMITTED. Majority 2, 
2024-08-15 03:37:20,367 [cd98677a-ad7a-47a4-bd04-3d82e218dd7d@group-6E3B6D850C69-FollowerState] INFO  impl.FollowerState (FollowerState.java:run(144)) - cd98677a-ad7a-47a4-bd04-3d82e218dd7d@group-6E3B6D850C69-FollowerState: change to CANDIDATE, lastRpcElapsedTime:5195440121ns, electionTimeout:5195ms
2024-08-15 03:37:20,367 [cd98677a-ad7a-47a4-bd04-3d82e218dd7d@group-6E3B6D850C69-FollowerState] INFO  impl.RoleInfo (RoleInfo.java:shutdownFollowerState(119)) - cd98677a-ad7a-47a4-bd04-3d82e218dd7d: shutdown cd98677a-ad7a-47a4-bd04-3d82e218dd7d@group-6E3B6D850C69-FollowerState
2024-08-15 03:37:20,367 [cd98677a-ad7a-47a4-bd04-3d82e218dd7d@group-6E3B6D850C69-FollowerState] INFO  server.RaftServer$Division (RaftServerImpl.java:setRole(376)) - cd98677a-ad7a-47a4-bd04-3d82e218dd7d@group-6E3B6D850C69: changes role from  FOLLOWER to CANDIDATE at term 0 for changeToCandidate
2024-08-15 03:37:20,367 [cd98677a-ad7a-47a4-bd04-3d82e218dd7d@group-6E3B6D850C69-FollowerState] INFO  server.RaftServerConfigKeys (ConfUtils.java:logGet(46)) - raft.server.leaderelection.pre-vote = true (default)
2024-08-15 03:37:20,367 [cd98677a-ad7a-47a4-bd04-3d82e218dd7d@group-6E3B6D850C69-FollowerState] INFO  impl.RoleInfo (RoleInfo.java:updateAndGet(148)) - cd98677a-ad7a-47a4-bd04-3d82e218dd7d: start cd98677a-ad7a-47a4-bd04-3d82e218dd7d@group-6E3B6D850C69-LeaderElection47
2024-08-15 03:37:20,367 [cd98677a-ad7a-47a4-bd04-3d82e218dd7d@group-6E3B6D850C69-LeaderElection47] INFO  impl.LeaderElection (LeaderElection.java:askForVotes(321)) - cd98677a-ad7a-47a4-bd04-3d82e218dd7d@group-6E3B6D850C69-LeaderElection47 PRE_VOTE round 0: submit vote requests at term 0 for conf: {index: -1, cur=peers:[cd98677a-ad7a-47a4-bd04-3d82e218dd7d|127.0.0.1:15240]|listeners:[], old=null}
2024-08-15 03:37:20,367 [cd98677a-ad7a-47a4-bd04-3d82e218dd7d@group-6E3B6D850C69-LeaderElection47] INFO  impl.LeaderElection (LeaderElection.java:askForVotes(323)) - cd98677a-ad7a-47a4-bd04-3d82e218dd7d@group-6E3B6D850C69-LeaderElection47 PRE_VOTE round 0: result PASSED (term=0)
2024-08-15 03:37:20,369 [cd98677a-ad7a-47a4-bd04-3d82e218dd7d@group-6E3B6D850C69-LeaderElection47] INFO  impl.LeaderElection (LeaderElection.java:askForVotes(321)) - cd98677a-ad7a-47a4-bd04-3d82e218dd7d@group-6E3B6D850C69-LeaderElection47 ELECTION round 0: submit vote requests at term 1 for conf: {index: -1, cur=peers:[cd98677a-ad7a-47a4-bd04-3d82e218dd7d|127.0.0.1:15240]|listeners:[], old=null}
2024-08-15 03:37:20,369 [cd98677a-ad7a-47a4-bd04-3d82e218dd7d@group-6E3B6D850C69-LeaderElection47] INFO  impl.LeaderElection (LeaderElection.java:askForVotes(323)) - cd98677a-ad7a-47a4-bd04-3d82e218dd7d@group-6E3B6D850C69-LeaderElection47 ELECTION round 0: result PASSED (term=1)
2024-08-15 03:37:20,369 [cd98677a-ad7a-47a4-bd04-3d82e218dd7d@group-6E3B6D850C69-LeaderElection47] INFO  impl.RoleInfo (RoleInfo.java:shutdownLeaderElection(139)) - cd98677a-ad7a-47a4-bd04-3d82e218dd7d: shutdown cd98677a-ad7a-47a4-bd04-3d82e218dd7d@group-6E3B6D850C69-LeaderElection47
2024-08-15 03:37:20,369 [cd98677a-ad7a-47a4-bd04-3d82e218dd7d@group-6E3B6D850C69-LeaderElection47] INFO  server.RaftServer$Division (RaftServerImpl.java:setRole(376)) - cd98677a-ad7a-47a4-bd04-3d82e218dd7d@group-6E3B6D850C69: changes role from CANDIDATE to LEADER at term 1 for changeToLeader
2024-08-15 03:37:20,369 [cd98677a-ad7a-47a4-bd04-3d82e218dd7d@group-6E3B6D850C69-LeaderElection47] INFO  server.RaftServerConfigKeys (ConfUtils.java:logGet(46)) - raft.server.staging.catchup.gap = 1000 (default)
2024-08-15 03:37:20,369 [cd98677a-ad7a-47a4-bd04-3d82e218dd7d@group-6E3B6D850C69-LeaderElection47] INFO  server.RaftServerConfigKeys (ConfUtils.java:logGet(46)) - raft.server.write.element-limit = 1024 (custom)
2024-08-15 03:37:20,369 [cd98677a-ad7a-47a4-bd04-3d82e218dd7d@group-6E3B6D850C69-LeaderElection47] INFO  server.RaftServerConfigKeys (ConfUtils.java:logGet(46)) - raft.server.write.byte-limit = 1024 M (=1073741824) (custom)
2024-08-15 03:37:20,369 [cd98677a-ad7a-47a4-bd04-3d82e218dd7d@group-6E3B6D850C69-LeaderElection47] INFO  server.RaftServerConfigKeys (ConfUtils.java:logGet(46)) - raft.server.watch.timeout = 30s (custom)
2024-08-15 03:37:20,369 [cd98677a-ad7a-47a4-bd04-3d82e218dd7d@group-6E3B6D850C69-LeaderElection47] INFO  server.RaftServerConfigKeys (ConfUtils.java:logGet(46)) - raft.server.watch.timeout.denomination = 1s (default)
2024-08-15 03:37:20,369 [cd98677a-ad7a-47a4-bd04-3d82e218dd7d@group-6E3B6D850C69-LeaderElection47] INFO  server.RaftServerConfigKeys (ConfUtils.java:logGet(46)) - raft.server.watch.element-limit = 65536 (default)
2024-08-15 03:37:20,370 [cd98677a-ad7a-47a4-bd04-3d82e218dd7d@group-6E3B6D850C69-LeaderElection47] INFO  server.RaftServerConfigKeys (ConfUtils.java:logGet(46)) - raft.server.read.leader.lease.enabled = false (default)
2024-08-15 03:37:20,370 [cd98677a-ad7a-47a4-bd04-3d82e218dd7d@group-6E3B6D850C69-LeaderElection47] INFO  server.RaftServerConfigKeys (ConfUtils.java:logGet(46)) - raft.server.read.leader.lease.timeout.ratio = 0.9 (default)
2024-08-15 03:37:20,370 [cd98677a-ad7a-47a4-bd04-3d82e218dd7d@group-6E3B6D850C69-LeaderElection47] INFO  server.RaftServerConfigKeys (ConfUtils.java:logGet(46)) - raft.server.rpc.timeout.min = 5s (custom)
2024-08-15 03:37:20,370 [cd98677a-ad7a-47a4-bd04-3d82e218dd7d@group-6E3B6D850C69-LeaderElection47] INFO  server.RaftServerConfigKeys (ConfUtils.java:logGet(46)) - raft.server.log.log-metadata.enabled = true (default)
2024-08-15 03:37:20,370 [cd98677a-ad7a-47a4-bd04-3d82e218dd7d@group-6E3B6D850C69-LeaderElection47] INFO  server.RaftServerConfigKeys (ConfUtils.java:logGet(46)) - raft.server.write.element-limit = 1024 (custom)
2024-08-15 03:37:20,370 [cd98677a-ad7a-47a4-bd04-3d82e218dd7d@group-6E3B6D850C69-LeaderElection47] INFO  server.RaftServerConfigKeys (ConfUtils.java:logGet(46)) - raft.server.write.follower.gap.ratio.max = -1.0 (default)
2024-08-15 03:37:20,370 [cd98677a-ad7a-47a4-bd04-3d82e218dd7d@group-6E3B6D850C69-LeaderElection47] INFO  impl.RoleInfo (RoleInfo.java:updateAndGet(148)) - cd98677a-ad7a-47a4-bd04-3d82e218dd7d: start cd98677a-ad7a-47a4-bd04-3d82e218dd7d@group-6E3B6D850C69-LeaderStateImpl
2024-08-15 03:37:20,370 [cd98677a-ad7a-47a4-bd04-3d82e218dd7d@group-6E3B6D850C69-LeaderElection47] INFO  server.RaftServer$Division (RaftServerImpl.java:setFirstElection(549)) - cd98677a-ad7a-47a4-bd04-3d82e218dd7d@group-6E3B6D850C69: set firstElectionSinceStartup to false for becomeLeader
2024-08-15 03:37:20,370 [cd98677a-ad7a-47a4-bd04-3d82e218dd7d@group-6E3B6D850C69-LeaderElection47] INFO  ratis.XceiverServerRatis (XceiverServerRatis.java:handleLeaderChangedNotification(951)) - Leader change notification received for group: group-6E3B6D850C69 with new leaderId: cd98677a-ad7a-47a4-bd04-3d82e218dd7d
2024-08-15 03:37:20,370 [cd98677a-ad7a-47a4-bd04-3d82e218dd7d@group-6E3B6D850C69-LeaderElection47] INFO  server.RaftServer$Division (ServerState.java:setLeader(272)) - cd98677a-ad7a-47a4-bd04-3d82e218dd7d@group-6E3B6D850C69: change Leader from null to cd98677a-ad7a-47a4-bd04-3d82e218dd7d at term 1 for becomeLeader, leader elected after 5208ms
2024-08-15 03:37:20,370 [cd98677a-ad7a-47a4-bd04-3d82e218dd7d@group-6E3B6D850C69-LeaderElection47] INFO  segmented.SegmentedRaftLogWorker (SegmentedRaftLogWorker.java:startLogSegment(433)) - cd98677a-ad7a-47a4-bd04-3d82e218dd7d@group-6E3B6D850C69-SegmentedRaftLogWorker: Starting segment from index:0
2024-08-15 03:37:20,371 [cd98677a-ad7a-47a4-bd04-3d82e218dd7d@group-6E3B6D850C69-SegmentedRaftLogWorker] INFO  segmented.BufferedWriteChannel (BufferedWriteChannel.java:open(61)) - open log_inprogress_0 at position 0
2024-08-15 03:37:20,371 [cd98677a-ad7a-47a4-bd04-3d82e218dd7d@group-6E3B6D850C69-LeaderElection47] INFO  server.RaftServer$Division (ServerState.java:setRaftConf(386)) - cd98677a-ad7a-47a4-bd04-3d82e218dd7d@group-6E3B6D850C69: set configuration conf: {index: 0, cur=peers:[cd98677a-ad7a-47a4-bd04-3d82e218dd7d|127.0.0.1:15240]|listeners:[], old=null}
2024-08-15 03:37:20,380 [cd98677a-ad7a-47a4-bd04-3d82e218dd7d@group-6E3B6D850C69-SegmentedRaftLogWorker] INFO  segmented.SegmentedRaftLogWorker (SegmentedRaftLogWorker.java:execute(637)) - cd98677a-ad7a-47a4-bd04-3d82e218dd7d@group-6E3B6D850C69-SegmentedRaftLogWorker: created new log segment /home/runner/work/ozone/ozone/hadoop-ozone/integration-test/target/test-dir/MiniOzoneClusterImpl-defbb36e-87e0-488b-866f-35c0fcf0d8c3/ozone-meta/datanode-3/ratis/dcdc3d78-d5b1-4ebb-86e4-6e3b6d850c69/current/log_inprogress_0
2024-08-15 03:37:20,381 [cd98677a-ad7a-47a4-bd04-3d82e218dd7d@group-6E3B6D850C69-StateMachineUpdater] INFO  server.RaftServer$Division (LeaderStateImpl.java:checkStartIndex(316)) - Leader cd98677a-ad7a-47a4-bd04-3d82e218dd7d@group-6E3B6D850C69-LeaderStateImpl is ready since appliedIndex == startIndex == 0
2024-08-15 03:37:22,793 [main] INFO  scm.XceiverClientRatis (XceiverClientRatis.java:<init>(140)) - WatchType ALL_COMMITTED. Majority 2, 
03:37:25.364 [ab869ec9-a1da-4eec-ae22-c3ca637d5862-ContainerOp-542b0424-40cf-456c-9ad4-89cef1657fb2-2] ERROR DNAudit - user=null | ip=null | op=FINALIZE_BLOCK {blockData=conID: 2 locID: 113750153625600002 bcsId: 0 replicaIndex: null} | ret=FAILURE
java.lang.Exception: Requested operation not allowed as ContainerState is CLOSED
	at org.apache.hadoop.ozone.container.common.impl.HddsDispatcher.dispatchRequest(HddsDispatcher.java:429) ~[hdds-container-service-1.5.0-SNAPSHOT.jar:?]
	at org.apache.hadoop.ozone.container.common.impl.HddsDispatcher.lambda$dispatch$0(HddsDispatcher.java:195) ~[hdds-container-service-1.5.0-SNAPSHOT.jar:?]
	at org.apache.hadoop.hdds.server.OzoneProtocolMessageDispatcher.processRequest(OzoneProtocolMessageDispatcher.java:89) ~[hdds-server-framework-1.5.0-SNAPSHOT.jar:?]
	at org.apache.hadoop.ozone.container.common.impl.HddsDispatcher.dispatch(HddsDispatcher.java:194) ~[hdds-container-service-1.5.0-SNAPSHOT.jar:?]
	at org.apache.hadoop.ozone.container.common.transport.server.ratis.ContainerStateMachine.dispatchCommand(ContainerStateMachine.java:505) ~[hdds-container-service-1.5.0-SNAPSHOT.jar:?]
	at org.apache.hadoop.ozone.container.common.transport.server.ratis.ContainerStateMachine.lambda$applyTransaction$10(ContainerStateMachine.java:970) ~[hdds-container-service-1.5.0-SNAPSHOT.jar:?]
	at org.apache.ratis.util.TaskQueue.lambda$submit$0(TaskQueue.java:121) ~[ratis-common-3.1.0.jar:3.1.0]
	at org.apache.ratis.util.LogUtils.runAndLog(LogUtils.java:38) [ratis-common-3.1.0.jar:3.1.0]
	at org.apache.ratis.util.LogUtils$1.run(LogUtils.java:78) [ratis-common-3.1.0.jar:3.1.0]
	at java.base/java.util.concurrent.Executors$RunnableAdapter.call(Executors.java:539) [?:?]
	at java.base/java.util.concurrent.FutureTask.run(FutureTask.java:264) [?:?]
	at java.base/java.util.concurrent.ThreadPoolExecutor.runWorker(ThreadPoolExecutor.java:1136) [?:?]
	at java.base/java.util.concurrent.ThreadPoolExecutor$Worker.run(ThreadPoolExecutor.java:635) [?:?]
	at java.base/java.lang.Thread.run(Thread.java:840) [?:?]
2024-08-15 03:37:25,365 [main] WARN  ozone.BasicRootedOzoneClientAdapterImpl (BasicRootedOzoneClientAdapterImpl.java:finalizeBlock(1443)) - Failed to execute finalizeBlock command
org.apache.hadoop.hdds.scm.container.common.helpers.ContainerNotOpenException: Requested operation not allowed as ContainerState is CLOSED
	at org.apache.hadoop.hdds.scm.storage.ContainerProtocolCalls.validateContainerResponse(ContainerProtocolCalls.java:787)
	at org.apache.hadoop.hdds.scm.storage.ContainerProtocolCalls.lambda$createValidators$4(ContainerProtocolCalls.java:801)
	at org.apache.hadoop.hdds.scm.XceiverClientSpi.sendCommand(XceiverClientSpi.java:139)
	at org.apache.hadoop.hdds.scm.storage.ContainerProtocolCalls.finalizeBlock(ContainerProtocolCalls.java:326)
	at org.apache.hadoop.fs.ozone.BasicRootedOzoneClientAdapterImpl.finalizeBlock(BasicRootedOzoneClientAdapterImpl.java:1438)
	at org.apache.hadoop.fs.ozone.LeaseRecoveryClientDNHandler.getOmKeyLocationInfos(LeaseRecoveryClientDNHandler.java:83)
	at org.apache.hadoop.fs.ozone.RootedOzoneFileSystem.recoverLeaseTraced(RootedOzoneFileSystem.java:162)
	at org.apache.hadoop.fs.ozone.RootedOzoneFileSystem.lambda$recoverLease$0(RootedOzoneFileSystem.java:141)
	at org.apache.hadoop.hdds.tracing.TracingUtil.executeInSpan(TracingUtil.java:169)
	at org.apache.hadoop.hdds.tracing.TracingUtil.executeInNewSpan(TracingUtil.java:159)
	at org.apache.hadoop.fs.ozone.RootedOzoneFileSystem.recoverLease(RootedOzoneFileSystem.java:140)
	at org.apache.hadoop.fs.ozone.TestLeaseRecovery.testRecovery(TestLeaseRecovery.java:182)
	at java.base/jdk.internal.reflect.NativeMethodAccessorImpl.invoke0(Native Method)
	at java.base/jdk.internal.reflect.NativeMethodAccessorImpl.invoke(NativeMethodAccessorImpl.java:77)
	at java.base/jdk.internal.reflect.DelegatingMethodAccessorImpl.invoke(DelegatingMethodAccessorImpl.java:43)
	at java.base/java.lang.reflect.Method.invoke(Method.java:569)
	at org.junit.platform.commons.util.ReflectionUtils.invokeMethod(ReflectionUtils.java:728)
	at org.junit.jupiter.engine.execution.MethodInvocation.proceed(MethodInvocation.java:60)
	at org.junit.jupiter.engine.execution.InvocationInterceptorChain$ValidatingInvocation.proceed(InvocationInterceptorChain.java:131)
	at org.junit.jupiter.engine.extension.SameThreadTimeoutInvocation.proceed(SameThreadTimeoutInvocation.java:45)
	at org.junit.jupiter.engine.extension.TimeoutExtension.intercept(TimeoutExtension.java:156)
	at org.junit.jupiter.engine.extension.TimeoutExtension.interceptTestableMethod(TimeoutExtension.java:147)
	at org.junit.jupiter.engine.extension.TimeoutExtension.interceptTestTemplateMethod(TimeoutExtension.java:94)
	at org.junit.jupiter.engine.execution.InterceptingExecutableInvoker$ReflectiveInterceptorCall.lambda$ofVoidMethod$0(InterceptingExecutableInvoker.java:103)
	at org.junit.jupiter.engine.execution.InterceptingExecutableInvoker.lambda$invoke$0(InterceptingExecutableInvoker.java:93)
	at org.junit.jupiter.engine.execution.InvocationInterceptorChain$InterceptedInvocation.proceed(InvocationInterceptorChain.java:106)
	at org.junit.jupiter.engine.execution.InvocationInterceptorChain.proceed(InvocationInterceptorChain.java:64)
	at org.junit.jupiter.engine.execution.InvocationInterceptorChain.chainAndInvoke(InvocationInterceptorChain.java:45)
	at org.junit.jupiter.engine.execution.InvocationInterceptorChain.invoke(InvocationInterceptorChain.java:37)
	at org.junit.jupiter.engine.execution.InterceptingExecutableInvoker.invoke(InterceptingExecutableInvoker.java:92)
	at org.junit.jupiter.engine.execution.InterceptingExecutableInvoker.invoke(InterceptingExecutableInvoker.java:86)
	at org.junit.jupiter.engine.descriptor.TestMethodTestDescriptor.lambda$invokeTestMethod$7(TestMethodTestDescriptor.java:218)
	at org.junit.platform.engine.support.hierarchical.ThrowableCollector.execute(ThrowableCollector.java:73)
	at org.junit.jupiter.engine.descriptor.TestMethodTestDescriptor.invokeTestMethod(TestMethodTestDescriptor.java:214)
	at org.junit.jupiter.engine.descriptor.TestMethodTestDescriptor.execute(TestMethodTestDescriptor.java:139)
	at org.junit.jupiter.engine.descriptor.TestMethodTestDescriptor.execute(TestMethodTestDescriptor.java:69)
	at org.junit.platform.engine.support.hierarchical.NodeTestTask.lambda$executeRecursively$6(NodeTestTask.java:151)
	at org.junit.platform.engine.support.hierarchical.ThrowableCollector.execute(ThrowableCollector.java:73)
	at org.junit.platform.engine.support.hierarchical.NodeTestTask.lambda$executeRecursively$8(NodeTestTask.java:141)
	at org.junit.platform.engine.support.hierarchical.Node.around(Node.java:137)
	at org.junit.platform.engine.support.hierarchical.NodeTestTask.lambda$executeRecursively$9(NodeTestTask.java:139)
	at org.junit.platform.engine.support.hierarchical.ThrowableCollector.execute(ThrowableCollector.java:73)
	at org.junit.platform.engine.support.hierarchical.NodeTestTask.executeRecursively(NodeTestTask.java:138)
	at org.junit.platform.engine.support.hierarchical.NodeTestTask.execute(NodeTestTask.java:95)
	at org.junit.platform.engine.support.hierarchical.SameThreadHierarchicalTestExecutorService.submit(SameThreadHierarchicalTestExecutorService.java:35)
	at org.junit.platform.engine.support.hierarchical.NodeTestTask$DefaultDynamicTestExecutor.execute(NodeTestTask.java:226)
	at org.junit.platform.engine.support.hierarchical.NodeTestTask$DefaultDynamicTestExecutor.execute(NodeTestTask.java:204)
	at org.junit.jupiter.engine.descriptor.TestTemplateTestDescriptor.execute(TestTemplateTestDescriptor.java:142)
	at org.junit.jupiter.engine.descriptor.TestTemplateTestDescriptor.lambda$execute$2(TestTemplateTestDescriptor.java:110)
	at java.base/java.util.stream.ForEachOps$ForEachOp$OfRef.accept(ForEachOps.java:183)
	at java.base/java.util.stream.ReferencePipeline$3$1.accept(ReferencePipeline.java:197)
	at java.base/java.util.stream.ReferencePipeline$2$1.accept(ReferencePipeline.java:179)
	at java.base/java.util.stream.ReferencePipeline$3$1.accept(ReferencePipeline.java:197)
	at java.base/java.util.stream.ForEachOps$ForEachOp$OfRef.accept(ForEachOps.java:183)
	at java.base/java.util.stream.ReferencePipeline$3$1.accept(ReferencePipeline.java:197)
	at java.base/java.util.stream.ReferencePipeline$3$1.accept(ReferencePipeline.java:197)
	at java.base/java.util.stream.ReferencePipeline$3$1.accept(ReferencePipeline.java:197)
	at java.base/java.util.stream.ForEachOps$ForEachOp$OfRef.accept(ForEachOps.java:183)
	at java.base/java.util.stream.ReferencePipeline$3$1.accept(ReferencePipeline.java:197)
	at java.base/java.util.Spliterators$ArraySpliterator.forEachRemaining(Spliterators.java:992)
	at java.base/java.util.stream.AbstractPipeline.copyInto(AbstractPipeline.java:509)
	at java.base/java.util.stream.AbstractPipeline.wrapAndCopyInto(AbstractPipeline.java:499)
	at java.base/java.util.stream.ForEachOps$ForEachOp.evaluateSequential(ForEachOps.java:150)
	at java.base/java.util.stream.ForEachOps$ForEachOp$OfRef.evaluateSequential(ForEachOps.java:173)
	at java.base/java.util.stream.AbstractPipeline.evaluate(AbstractPipeline.java:234)
	at java.base/java.util.stream.ReferencePipeline.forEach(ReferencePipeline.java:596)
	at java.base/java.util.stream.ReferencePipeline$7$1.accept(ReferencePipeline.java:276)
	at java.base/java.util.stream.ReferencePipeline$3$1.accept(ReferencePipeline.java:197)
	at java.base/java.util.stream.ReferencePipeline$3$1.accept(ReferencePipeline.java:197)
	at java.base/java.util.stream.ReferencePipeline$3$1.accept(ReferencePipeline.java:197)
	at java.base/java.util.ArrayList$ArrayListSpliterator.forEachRemaining(ArrayList.java:1625)
	at java.base/java.util.stream.AbstractPipeline.copyInto(AbstractPipeline.java:509)
	at java.base/java.util.stream.AbstractPipeline.wrapAndCopyInto(AbstractPipeline.java:499)
	at java.base/java.util.stream.ForEachOps$ForEachOp.evaluateSequential(ForEachOps.java:150)
	at java.base/java.util.stream.ForEachOps$ForEachOp$OfRef.evaluateSequential(ForEachOps.java:173)
	at java.base/java.util.stream.AbstractPipeline.evaluate(AbstractPipeline.java:234)
	at java.base/java.util.stream.ReferencePipeline.forEach(ReferencePipeline.java:596)
	at java.base/java.util.stream.ReferencePipeline$7$1.accept(ReferencePipeline.java:276)
	at java.base/java.util.ArrayList$ArrayListSpliterator.forEachRemaining(ArrayList.java:1625)
	at java.base/java.util.stream.AbstractPipeline.copyInto(AbstractPipeline.java:509)
	at java.base/java.util.stream.AbstractPipeline.wrapAndCopyInto(AbstractPipeline.java:499)
	at java.base/java.util.stream.ForEachOps$ForEachOp.evaluateSequential(ForEachOps.java:150)
	at java.base/java.util.stream.ForEachOps$ForEachOp$OfRef.evaluateSequential(ForEachOps.java:173)
	at java.base/java.util.stream.AbstractPipeline.evaluate(AbstractPipeline.java:234)
	at java.base/java.util.stream.ReferencePipeline.forEach(ReferencePipeline.java:596)
	at org.junit.jupiter.engine.descriptor.TestTemplateTestDescriptor.execute(TestTemplateTestDescriptor.java:110)
	at org.junit.jupiter.engine.descriptor.TestTemplateTestDescriptor.execute(TestTemplateTestDescriptor.java:44)
	at org.junit.platform.engine.support.hierarchical.NodeTestTask.lambda$executeRecursively$6(NodeTestTask.java:151)
	at org.junit.platform.engine.support.hierarchical.ThrowableCollector.execute(ThrowableCollector.java:73)
	at org.junit.platform.engine.support.hierarchical.NodeTestTask.lambda$executeRecursively$8(NodeTestTask.java:141)
	at org.junit.platform.engine.support.hierarchical.Node.around(Node.java:137)
	at org.junit.platform.engine.support.hierarchical.NodeTestTask.lambda$executeRecursively$9(NodeTestTask.java:139)
	at org.junit.platform.engine.support.hierarchical.ThrowableCollector.execute(ThrowableCollector.java:73)
	at org.junit.platform.engine.support.hierarchical.NodeTestTask.executeRecursively(NodeTestTask.java:138)
	at org.junit.platform.engine.support.hierarchical.NodeTestTask.execute(NodeTestTask.java:95)
	at java.base/java.util.ArrayList.forEach(ArrayList.java:1511)
	at org.junit.platform.engine.support.hierarchical.SameThreadHierarchicalTestExecutorService.invokeAll(SameThreadHierarchicalTestExecutorService.java:41)
	at org.junit.platform.engine.support.hierarchical.NodeTestTask.lambda$executeRecursively$6(NodeTestTask.java:155)
	at org.junit.platform.engine.support.hierarchical.ThrowableCollector.execute(ThrowableCollector.java:73)
	at org.junit.platform.engine.support.hierarchical.NodeTestTask.lambda$executeRecursively$8(NodeTestTask.java:141)
	at org.junit.platform.engine.support.hierarchical.Node.around(Node.java:137)
	at org.junit.platform.engine.support.hierarchical.NodeTestTask.lambda$executeRecursively$9(NodeTestTask.java:139)
	at org.junit.platform.engine.support.hierarchical.ThrowableCollector.execute(ThrowableCollector.java:73)
	at org.junit.platform.engine.support.hierarchical.NodeTestTask.executeRecursively(NodeTestTask.java:138)
	at org.junit.platform.engine.support.hierarchical.NodeTestTask.execute(NodeTestTask.java:95)
	at java.base/java.util.ArrayList.forEach(ArrayList.java:1511)
	at org.junit.platform.engine.support.hierarchical.SameThreadHierarchicalTestExecutorService.invokeAll(SameThreadHierarchicalTestExecutorService.java:41)
	at org.junit.platform.engine.support.hierarchical.NodeTestTask.lambda$executeRecursively$6(NodeTestTask.java:155)
	at org.junit.platform.engine.support.hierarchical.ThrowableCollector.execute(ThrowableCollector.java:73)
	at org.junit.platform.engine.support.hierarchical.NodeTestTask.lambda$executeRecursively$8(NodeTestTask.java:141)
	at org.junit.platform.engine.support.hierarchical.Node.around(Node.java:137)
	at org.junit.platform.engine.support.hierarchical.NodeTestTask.lambda$executeRecursively$9(NodeTestTask.java:139)
	at org.junit.platform.engine.support.hierarchical.ThrowableCollector.execute(ThrowableCollector.java:73)
	at org.junit.platform.engine.support.hierarchical.NodeTestTask.executeRecursively(NodeTestTask.java:138)
	at org.junit.platform.engine.support.hierarchical.NodeTestTask.execute(NodeTestTask.java:95)
	at org.junit.platform.engine.support.hierarchical.SameThreadHierarchicalTestExecutorService.submit(SameThreadHierarchicalTestExecutorService.java:35)
	at org.junit.platform.engine.support.hierarchical.HierarchicalTestExecutor.execute(HierarchicalTestExecutor.java:57)
	at org.junit.platform.engine.support.hierarchical.HierarchicalTestEngine.execute(HierarchicalTestEngine.java:54)
	at org.junit.platform.launcher.core.EngineExecutionOrchestrator.execute(EngineExecutionOrchestrator.java:198)
	at org.junit.platform.launcher.core.EngineExecutionOrchestrator.execute(EngineExecutionOrchestrator.java:169)
	at org.junit.platform.launcher.core.EngineExecutionOrchestrator.execute(EngineExecutionOrchestrator.java:93)
	at org.junit.platform.launcher.core.EngineExecutionOrchestrator.lambda$execute$0(EngineExecutionOrchestrator.java:58)
	at org.junit.platform.launcher.core.EngineExecutionOrchestrator.withInterceptedStreams(EngineExecutionOrchestrator.java:141)
	at org.junit.platform.launcher.core.EngineExecutionOrchestrator.execute(EngineExecutionOrchestrator.java:57)
	at org.junit.platform.launcher.core.DefaultLauncher.execute(DefaultLauncher.java:103)
	at org.junit.platform.launcher.core.DefaultLauncher.execute(DefaultLauncher.java:85)
	at org.junit.platform.launcher.core.DelegatingLauncher.execute(DelegatingLauncher.java:47)
	at org.junit.platform.launcher.core.SessionPerRequestLauncher.execute(SessionPerRequestLauncher.java:63)
	at org.apache.maven.surefire.junitplatform.JUnitPlatformProvider.invokeAllTests(JUnitPlatformProvider.java:154)
	at org.apache.maven.surefire.junitplatform.JUnitPlatformProvider.invoke(JUnitPlatformProvider.java:123)
	at org.apache.maven.surefire.booter.ForkedBooter.runSuitesInProcess(ForkedBooter.java:377)
	at org.apache.maven.surefire.booter.ForkedBooter.execute(ForkedBooter.java:138)
	at org.apache.maven.surefire.booter.ForkedBooter.run(ForkedBooter.java:465)
	at org.apache.maven.surefire.booter.ForkedBooter.main(ForkedBooter.java:451)
2024-08-15 03:37:25,366 [main] DEBUG scm.XceiverClientGrpc (XceiverClientGrpc.java:connectToDatanode(177)) - Connecting to server : 398215a5-964b-4dc4-b31b-bbd09ffd15fb(localhost/127.0.0.1); nodes in pipeline : [398215a5-964b-4dc4-b31b-bbd09ffd15fb(localhost/127.0.0.1), cd98677a-ad7a-47a4-bd04-3d82e218dd7d(localhost/127.0.0.1), ab869ec9-a1da-4eec-ae22-c3ca637d5862(localhost/127.0.0.1)], 
2024-08-15 03:37:25,368 [main] DEBUG scm.XceiverClientGrpc (XceiverClientGrpc.java:sendCommandWithRetry(437)) - Executing command cmdType: GetCommittedBlockLength
traceID: ""
containerID: 2
datanodeUuid: "398215a5-964b-4dc4-b31b-bbd09ffd15fb"
getCommittedBlockLength {
  blockID {
    containerID: 2
    localID: 113750153625600002
    blockCommitSequenceId: 0
  }
}
version: 4
 on datanode 398215a5-964b-4dc4-b31b-bbd09ffd15fb(localhost/127.0.0.1)
2024-08-15 03:37:25,368 [main] DEBUG scm.XceiverClientGrpc (XceiverClientGrpc.java:sendCommandAsync(571)) - Send command GetCommittedBlockLength to datanode 127.0.0.1
03:37:25.373 [cd98677a-ad7a-47a4-bd04-3d82e218dd7d-ContainerOp-542b0424-40cf-456c-9ad4-89cef1657fb2-2] ERROR DNAudit - user=null | ip=null | op=FINALIZE_BLOCK {blockData=conID: 2 locID: 113750153625600002 bcsId: 0 replicaIndex: null} | ret=FAILURE
java.lang.Exception: Requested operation not allowed as ContainerState is CLOSED
	at org.apache.hadoop.ozone.container.common.impl.HddsDispatcher.dispatchRequest(HddsDispatcher.java:429) ~[hdds-container-service-1.5.0-SNAPSHOT.jar:?]
	at org.apache.hadoop.ozone.container.common.impl.HddsDispatcher.lambda$dispatch$0(HddsDispatcher.java:195) ~[hdds-container-service-1.5.0-SNAPSHOT.jar:?]
	at org.apache.hadoop.hdds.server.OzoneProtocolMessageDispatcher.processRequest(OzoneProtocolMessageDispatcher.java:89) ~[hdds-server-framework-1.5.0-SNAPSHOT.jar:?]
	at org.apache.hadoop.ozone.container.common.impl.HddsDispatcher.dispatch(HddsDispatcher.java:194) ~[hdds-container-service-1.5.0-SNAPSHOT.jar:?]
	at org.apache.hadoop.ozone.container.common.transport.server.ratis.ContainerStateMachine.dispatchCommand(ContainerStateMachine.java:505) ~[hdds-container-service-1.5.0-SNAPSHOT.jar:?]
	at org.apache.hadoop.ozone.container.common.transport.server.ratis.ContainerStateMachine.lambda$applyTransaction$10(ContainerStateMachine.java:970) ~[hdds-container-service-1.5.0-SNAPSHOT.jar:?]
	at org.apache.ratis.util.TaskQueue.lambda$submit$0(TaskQueue.java:121) ~[ratis-common-3.1.0.jar:3.1.0]
	at org.apache.ratis.util.LogUtils.runAndLog(LogUtils.java:38) [ratis-common-3.1.0.jar:3.1.0]
	at org.apache.ratis.util.LogUtils$1.run(LogUtils.java:78) [ratis-common-3.1.0.jar:3.1.0]
	at java.base/java.util.concurrent.Executors$RunnableAdapter.call(Executors.java:539) [?:?]
	at java.base/java.util.concurrent.FutureTask.run(FutureTask.java:264) [?:?]
	at java.base/java.util.concurrent.ThreadPoolExecutor.runWorker(ThreadPoolExecutor.java:1136) [?:?]
	at java.base/java.util.concurrent.ThreadPoolExecutor$Worker.run(ThreadPoolExecutor.java:635) [?:?]
	at java.base/java.lang.Thread.run(Thread.java:840) [?:?]
2024-08-15 03:37:25,379 [grpc-default-executor-7] DEBUG scm.XceiverClientGrpc (XceiverClientGrpc.java:decreasePendingMetricsAndReleaseSemaphore(610)) - Executed command cmdType: GetCommittedBlockLength
traceID: ""
containerID: 2
datanodeUuid: "398215a5-964b-4dc4-b31b-bbd09ffd15fb"
getCommittedBlockLength {
  blockID {
    containerID: 2
    localID: 113750153625600002
    blockCommitSequenceId: 0
  }
}
version: 4
 on datanode 398215a5-964b-4dc4-b31b-bbd09ffd15fb(localhost/127.0.0.1), cost = 10, cmdType = GetCommittedBlockLength
03:37:25.382 [398215a5-964b-4dc4-b31b-bbd09ffd15fb-ContainerOp-06141354-55e8-4f53-bb23-7632133483e8-4] ERROR DNAudit - user=null | ip=null | op=FINALIZE_BLOCK {blockData=conID: 1 locID: 113750153625600001 bcsId: 0 replicaIndex: null} | ret=FAILURE
java.lang.Exception: Requested operation not allowed as ContainerState is CLOSED
	at org.apache.hadoop.ozone.container.common.impl.HddsDispatcher.dispatchRequest(HddsDispatcher.java:429) ~[hdds-container-service-1.5.0-SNAPSHOT.jar:?]
	at org.apache.hadoop.ozone.container.common.impl.HddsDispatcher.lambda$dispatch$0(HddsDispatcher.java:195) ~[hdds-container-service-1.5.0-SNAPSHOT.jar:?]
	at org.apache.hadoop.hdds.server.OzoneProtocolMessageDispatcher.processRequest(OzoneProtocolMessageDispatcher.java:89) ~[hdds-server-framework-1.5.0-SNAPSHOT.jar:?]
	at org.apache.hadoop.ozone.container.common.impl.HddsDispatcher.dispatch(HddsDispatcher.java:194) ~[hdds-container-service-1.5.0-SNAPSHOT.jar:?]
	at org.apache.hadoop.ozone.container.common.transport.server.ratis.ContainerStateMachine.dispatchCommand(ContainerStateMachine.java:505) ~[hdds-container-service-1.5.0-SNAPSHOT.jar:?]
	at org.apache.hadoop.ozone.container.common.transport.server.ratis.ContainerStateMachine.lambda$applyTransaction$10(ContainerStateMachine.java:970) ~[hdds-container-service-1.5.0-SNAPSHOT.jar:?]
	at org.apache.ratis.util.TaskQueue.lambda$submit$0(TaskQueue.java:121) ~[ratis-common-3.1.0.jar:3.1.0]
	at org.apache.ratis.util.LogUtils.runAndLog(LogUtils.java:38) [ratis-common-3.1.0.jar:3.1.0]
	at org.apache.ratis.util.LogUtils$1.run(LogUtils.java:78) [ratis-common-3.1.0.jar:3.1.0]
	at java.base/java.util.concurrent.Executors$RunnableAdapter.call(Executors.java:539) [?:?]
	at java.base/java.util.concurrent.FutureTask.run(FutureTask.java:264) [?:?]
	at java.base/java.util.concurrent.ThreadPoolExecutor.runWorker(ThreadPoolExecutor.java:1136) [?:?]
	at java.base/java.util.concurrent.ThreadPoolExecutor$Worker.run(ThreadPoolExecutor.java:635) [?:?]
	at java.base/java.lang.Thread.run(Thread.java:840) [?:?]
03:37:25.382 [398215a5-964b-4dc4-b31b-bbd09ffd15fb-ContainerOp-542b0424-40cf-456c-9ad4-89cef1657fb2-0] ERROR DNAudit - user=null | ip=null | op=FINALIZE_BLOCK {blockData=conID: 2 locID: 113750153625600002 bcsId: 0 replicaIndex: null} | ret=FAILURE
java.lang.Exception: Requested operation not allowed as ContainerState is CLOSED
	at org.apache.hadoop.ozone.container.common.impl.HddsDispatcher.dispatchRequest(HddsDispatcher.java:429) ~[hdds-container-service-1.5.0-SNAPSHOT.jar:?]
	at org.apache.hadoop.ozone.container.common.impl.HddsDispatcher.lambda$dispatch$0(HddsDispatcher.java:195) ~[hdds-container-service-1.5.0-SNAPSHOT.jar:?]
	at org.apache.hadoop.hdds.server.OzoneProtocolMessageDispatcher.processRequest(OzoneProtocolMessageDispatcher.java:89) ~[hdds-server-framework-1.5.0-SNAPSHOT.jar:?]
	at org.apache.hadoop.ozone.container.common.impl.HddsDispatcher.dispatch(HddsDispatcher.java:194) ~[hdds-container-service-1.5.0-SNAPSHOT.jar:?]
	at org.apache.hadoop.ozone.container.common.transport.server.ratis.ContainerStateMachine.dispatchCommand(ContainerStateMachine.java:505) ~[hdds-container-service-1.5.0-SNAPSHOT.jar:?]
	at org.apache.hadoop.ozone.container.common.transport.server.ratis.ContainerStateMachine.lambda$applyTransaction$10(ContainerStateMachine.java:970) ~[hdds-container-service-1.5.0-SNAPSHOT.jar:?]
	at org.apache.ratis.util.TaskQueue.lambda$submit$0(TaskQueue.java:121) ~[ratis-common-3.1.0.jar:3.1.0]
	at org.apache.ratis.util.LogUtils.runAndLog(LogUtils.java:38) [ratis-common-3.1.0.jar:3.1.0]
	at org.apache.ratis.util.LogUtils$1.run(LogUtils.java:78) [ratis-common-3.1.0.jar:3.1.0]
	at java.base/java.util.concurrent.Executors$RunnableAdapter.call(Executors.java:539) [?:?]
	at java.base/java.util.concurrent.FutureTask.run(FutureTask.java:264) [?:?]
	at java.base/java.util.concurrent.ThreadPoolExecutor.runWorker(ThreadPoolExecutor.java:1136) [?:?]
	at java.base/java.util.concurrent.ThreadPoolExecutor$Worker.run(ThreadPoolExecutor.java:635) [?:?]
	at java.base/java.lang.Thread.run(Thread.java:840) [?:?]
03:37:25.383 [ab869ec9-a1da-4eec-ae22-c3ca637d5862-ContainerOp-06141354-55e8-4f53-bb23-7632133483e8-4] ERROR DNAudit - user=null | ip=null | op=FINALIZE_BLOCK {blockData=conID: 1 locID: 113750153625600001 bcsId: 0 replicaIndex: null} | ret=FAILURE
java.lang.Exception: Requested operation not allowed as ContainerState is CLOSED
	at org.apache.hadoop.ozone.container.common.impl.HddsDispatcher.dispatchRequest(HddsDispatcher.java:429) ~[hdds-container-service-1.5.0-SNAPSHOT.jar:?]
	at org.apache.hadoop.ozone.container.common.impl.HddsDispatcher.lambda$dispatch$0(HddsDispatcher.java:195) ~[hdds-container-service-1.5.0-SNAPSHOT.jar:?]
	at org.apache.hadoop.hdds.server.OzoneProtocolMessageDispatcher.processRequest(OzoneProtocolMessageDispatcher.java:89) ~[hdds-server-framework-1.5.0-SNAPSHOT.jar:?]
	at org.apache.hadoop.ozone.container.common.impl.HddsDispatcher.dispatch(HddsDispatcher.java:194) ~[hdds-container-service-1.5.0-SNAPSHOT.jar:?]
	at org.apache.hadoop.ozone.container.common.transport.server.ratis.ContainerStateMachine.dispatchCommand(ContainerStateMachine.java:505) ~[hdds-container-service-1.5.0-SNAPSHOT.jar:?]
	at org.apache.hadoop.ozone.container.common.transport.server.ratis.ContainerStateMachine.lambda$applyTransaction$10(ContainerStateMachine.java:970) ~[hdds-container-service-1.5.0-SNAPSHOT.jar:?]
	at org.apache.ratis.util.TaskQueue.lambda$submit$0(TaskQueue.java:121) ~[ratis-common-3.1.0.jar:3.1.0]
	at org.apache.ratis.util.LogUtils.runAndLog(LogUtils.java:38) [ratis-common-3.1.0.jar:3.1.0]
	at org.apache.ratis.util.LogUtils$1.run(LogUtils.java:78) [ratis-common-3.1.0.jar:3.1.0]
	at java.base/java.util.concurrent.Executors$RunnableAdapter.call(Executors.java:539) [?:?]
	at java.base/java.util.concurrent.FutureTask.run(FutureTask.java:264) [?:?]
	at java.base/java.util.concurrent.ThreadPoolExecutor.runWorker(ThreadPoolExecutor.java:1136) [?:?]
	at java.base/java.util.concurrent.ThreadPoolExecutor$Worker.run(ThreadPoolExecutor.java:635) [?:?]
	at java.base/java.lang.Thread.run(Thread.java:840) [?:?]
2024-08-15 03:37:25,384 [main] WARN  ozone.BasicRootedOzoneClientAdapterImpl (BasicRootedOzoneClientAdapterImpl.java:finalizeBlock(1443)) - Failed to execute finalizeBlock command
org.apache.hadoop.hdds.scm.container.common.helpers.ContainerNotOpenException: Requested operation not allowed as ContainerState is CLOSED
	at org.apache.hadoop.hdds.scm.storage.ContainerProtocolCalls.validateContainerResponse(ContainerProtocolCalls.java:787)
	at org.apache.hadoop.hdds.scm.storage.ContainerProtocolCalls.lambda$createValidators$4(ContainerProtocolCalls.java:801)
	at org.apache.hadoop.hdds.scm.XceiverClientSpi.sendCommand(XceiverClientSpi.java:139)
	at org.apache.hadoop.hdds.scm.storage.ContainerProtocolCalls.finalizeBlock(ContainerProtocolCalls.java:326)
	at org.apache.hadoop.fs.ozone.BasicRootedOzoneClientAdapterImpl.finalizeBlock(BasicRootedOzoneClientAdapterImpl.java:1438)
	at org.apache.hadoop.fs.ozone.LeaseRecoveryClientDNHandler.getOmKeyLocationInfos(LeaseRecoveryClientDNHandler.java:91)
	at org.apache.hadoop.fs.ozone.RootedOzoneFileSystem.recoverLeaseTraced(RootedOzoneFileSystem.java:162)
	at org.apache.hadoop.fs.ozone.RootedOzoneFileSystem.lambda$recoverLease$0(RootedOzoneFileSystem.java:141)
	at org.apache.hadoop.hdds.tracing.TracingUtil.executeInSpan(TracingUtil.java:169)
	at org.apache.hadoop.hdds.tracing.TracingUtil.executeInNewSpan(TracingUtil.java:159)
	at org.apache.hadoop.fs.ozone.RootedOzoneFileSystem.recoverLease(RootedOzoneFileSystem.java:140)
	at org.apache.hadoop.fs.ozone.TestLeaseRecovery.testRecovery(TestLeaseRecovery.java:182)
	at java.base/jdk.internal.reflect.NativeMethodAccessorImpl.invoke0(Native Method)
	at java.base/jdk.internal.reflect.NativeMethodAccessorImpl.invoke(NativeMethodAccessorImpl.java:77)
	at java.base/jdk.internal.reflect.DelegatingMethodAccessorImpl.invoke(DelegatingMethodAccessorImpl.java:43)
	at java.base/java.lang.reflect.Method.invoke(Method.java:569)
	at org.junit.platform.commons.util.ReflectionUtils.invokeMethod(ReflectionUtils.java:728)
	at org.junit.jupiter.engine.execution.MethodInvocation.proceed(MethodInvocation.java:60)
	at org.junit.jupiter.engine.execution.InvocationInterceptorChain$ValidatingInvocation.proceed(InvocationInterceptorChain.java:131)
	at org.junit.jupiter.engine.extension.SameThreadTimeoutInvocation.proceed(SameThreadTimeoutInvocation.java:45)
	at org.junit.jupiter.engine.extension.TimeoutExtension.intercept(TimeoutExtension.java:156)
	at org.junit.jupiter.engine.extension.TimeoutExtension.interceptTestableMethod(TimeoutExtension.java:147)
	at org.junit.jupiter.engine.extension.TimeoutExtension.interceptTestTemplateMethod(TimeoutExtension.java:94)
	at org.junit.jupiter.engine.execution.InterceptingExecutableInvoker$ReflectiveInterceptorCall.lambda$ofVoidMethod$0(InterceptingExecutableInvoker.java:103)
	at org.junit.jupiter.engine.execution.InterceptingExecutableInvoker.lambda$invoke$0(InterceptingExecutableInvoker.java:93)
	at org.junit.jupiter.engine.execution.InvocationInterceptorChain$InterceptedInvocation.proceed(InvocationInterceptorChain.java:106)
	at org.junit.jupiter.engine.execution.InvocationInterceptorChain.proceed(InvocationInterceptorChain.java:64)
	at org.junit.jupiter.engine.execution.InvocationInterceptorChain.chainAndInvoke(InvocationInterceptorChain.java:45)
	at org.junit.jupiter.engine.execution.InvocationInterceptorChain.invoke(InvocationInterceptorChain.java:37)
	at org.junit.jupiter.engine.execution.InterceptingExecutableInvoker.invoke(InterceptingExecutableInvoker.java:92)
	at org.junit.jupiter.engine.execution.InterceptingExecutableInvoker.invoke(InterceptingExecutableInvoker.java:86)
	at org.junit.jupiter.engine.descriptor.TestMethodTestDescriptor.lambda$invokeTestMethod$7(TestMethodTestDescriptor.java:218)
	at org.junit.platform.engine.support.hierarchical.ThrowableCollector.execute(ThrowableCollector.java:73)
	at org.junit.jupiter.engine.descriptor.TestMethodTestDescriptor.invokeTestMethod(TestMethodTestDescriptor.java:214)
	at org.junit.jupiter.engine.descriptor.TestMethodTestDescriptor.execute(TestMethodTestDescriptor.java:139)
	at org.junit.jupiter.engine.descriptor.TestMethodTestDescriptor.execute(TestMethodTestDescriptor.java:69)
	at org.junit.platform.engine.support.hierarchical.NodeTestTask.lambda$executeRecursively$6(NodeTestTask.java:151)
	at org.junit.platform.engine.support.hierarchical.ThrowableCollector.execute(ThrowableCollector.java:73)
	at org.junit.platform.engine.support.hierarchical.NodeTestTask.lambda$executeRecursively$8(NodeTestTask.java:141)
	at org.junit.platform.engine.support.hierarchical.Node.around(Node.java:137)
	at org.junit.platform.engine.support.hierarchical.NodeTestTask.lambda$executeRecursively$9(NodeTestTask.java:139)
	at org.junit.platform.engine.support.hierarchical.ThrowableCollector.execute(ThrowableCollector.java:73)
	at org.junit.platform.engine.support.hierarchical.NodeTestTask.executeRecursively(NodeTestTask.java:138)
	at org.junit.platform.engine.support.hierarchical.NodeTestTask.execute(NodeTestTask.java:95)
	at org.junit.platform.engine.support.hierarchical.SameThreadHierarchicalTestExecutorService.submit(SameThreadHierarchicalTestExecutorService.java:35)
	at org.junit.platform.engine.support.hierarchical.NodeTestTask$DefaultDynamicTestExecutor.execute(NodeTestTask.java:226)
	at org.junit.platform.engine.support.hierarchical.NodeTestTask$DefaultDynamicTestExecutor.execute(NodeTestTask.java:204)
	at org.junit.jupiter.engine.descriptor.TestTemplateTestDescriptor.execute(TestTemplateTestDescriptor.java:142)
	at org.junit.jupiter.engine.descriptor.TestTemplateTestDescriptor.lambda$execute$2(TestTemplateTestDescriptor.java:110)
	at java.base/java.util.stream.ForEachOps$ForEachOp$OfRef.accept(ForEachOps.java:183)
	at java.base/java.util.stream.ReferencePipeline$3$1.accept(ReferencePipeline.java:197)
	at java.base/java.util.stream.ReferencePipeline$2$1.accept(ReferencePipeline.java:179)
	at java.base/java.util.stream.ReferencePipeline$3$1.accept(ReferencePipeline.java:197)
	at java.base/java.util.stream.ForEachOps$ForEachOp$OfRef.accept(ForEachOps.java:183)
	at java.base/java.util.stream.ReferencePipeline$3$1.accept(ReferencePipeline.java:197)
	at java.base/java.util.stream.ReferencePipeline$3$1.accept(ReferencePipeline.java:197)
	at java.base/java.util.stream.ReferencePipeline$3$1.accept(ReferencePipeline.java:197)
	at java.base/java.util.stream.ForEachOps$ForEachOp$OfRef.accept(ForEachOps.java:183)
	at java.base/java.util.stream.ReferencePipeline$3$1.accept(ReferencePipeline.java:197)
	at java.base/java.util.Spliterators$ArraySpliterator.forEachRemaining(Spliterators.java:992)
	at java.base/java.util.stream.AbstractPipeline.copyInto(AbstractPipeline.java:509)
	at java.base/java.util.stream.AbstractPipeline.wrapAndCopyInto(AbstractPipeline.java:499)
	at java.base/java.util.stream.ForEachOps$ForEachOp.evaluateSequential(ForEachOps.java:150)
	at java.base/java.util.stream.ForEachOps$ForEachOp$OfRef.evaluateSequential(ForEachOps.java:173)
	at java.base/java.util.stream.AbstractPipeline.evaluate(AbstractPipeline.java:234)
	at java.base/java.util.stream.ReferencePipeline.forEach(ReferencePipeline.java:596)
	at java.base/java.util.stream.ReferencePipeline$7$1.accept(ReferencePipeline.java:276)
	at java.base/java.util.stream.ReferencePipeline$3$1.accept(ReferencePipeline.java:197)
	at java.base/java.util.stream.ReferencePipeline$3$1.accept(ReferencePipeline.java:197)
	at java.base/java.util.stream.ReferencePipeline$3$1.accept(ReferencePipeline.java:197)
	at java.base/java.util.ArrayList$ArrayListSpliterator.forEachRemaining(ArrayList.java:1625)
	at java.base/java.util.stream.AbstractPipeline.copyInto(AbstractPipeline.java:509)
	at java.base/java.util.stream.AbstractPipeline.wrapAndCopyInto(AbstractPipeline.java:499)
	at java.base/java.util.stream.ForEachOps$ForEachOp.evaluateSequential(ForEachOps.java:150)
	at java.base/java.util.stream.ForEachOps$ForEachOp$OfRef.evaluateSequential(ForEachOps.java:173)
	at java.base/java.util.stream.AbstractPipeline.evaluate(AbstractPipeline.java:234)
	at java.base/java.util.stream.ReferencePipeline.forEach(ReferencePipeline.java:596)
	at java.base/java.util.stream.ReferencePipeline$7$1.accept(ReferencePipeline.java:276)
	at java.base/java.util.ArrayList$ArrayListSpliterator.forEachRemaining(ArrayList.java:1625)
	at java.base/java.util.stream.AbstractPipeline.copyInto(AbstractPipeline.java:509)
	at java.base/java.util.stream.AbstractPipeline.wrapAndCopyInto(AbstractPipeline.java:499)
	at java.base/java.util.stream.ForEachOps$ForEachOp.evaluateSequential(ForEachOps.java:150)
	at java.base/java.util.stream.ForEachOps$ForEachOp$OfRef.evaluateSequential(ForEachOps.java:173)
	at java.base/java.util.stream.AbstractPipeline.evaluate(AbstractPipeline.java:234)
	at java.base/java.util.stream.ReferencePipeline.forEach(ReferencePipeline.java:596)
	at org.junit.jupiter.engine.descriptor.TestTemplateTestDescriptor.execute(TestTemplateTestDescriptor.java:110)
	at org.junit.jupiter.engine.descriptor.TestTemplateTestDescriptor.execute(TestTemplateTestDescriptor.java:44)
	at org.junit.platform.engine.support.hierarchical.NodeTestTask.lambda$executeRecursively$6(NodeTestTask.java:151)
	at org.junit.platform.engine.support.hierarchical.ThrowableCollector.execute(ThrowableCollector.java:73)
	at org.junit.platform.engine.support.hierarchical.NodeTestTask.lambda$executeRecursively$8(NodeTestTask.java:141)
	at org.junit.platform.engine.support.hierarchical.Node.around(Node.java:137)
	at org.junit.platform.engine.support.hierarchical.NodeTestTask.lambda$executeRecursively$9(NodeTestTask.java:139)
	at org.junit.platform.engine.support.hierarchical.ThrowableCollector.execute(ThrowableCollector.java:73)
	at org.junit.platform.engine.support.hierarchical.NodeTestTask.executeRecursively(NodeTestTask.java:138)
	at org.junit.platform.engine.support.hierarchical.NodeTestTask.execute(NodeTestTask.java:95)
	at java.base/java.util.ArrayList.forEach(ArrayList.java:1511)
	at org.junit.platform.engine.support.hierarchical.SameThreadHierarchicalTestExecutorService.invokeAll(SameThreadHierarchicalTestExecutorService.java:41)
	at org.junit.platform.engine.support.hierarchical.NodeTestTask.lambda$executeRecursively$6(NodeTestTask.java:155)
	at org.junit.platform.engine.support.hierarchical.ThrowableCollector.execute(ThrowableCollector.java:73)
	at org.junit.platform.engine.support.hierarchical.NodeTestTask.lambda$executeRecursively$8(NodeTestTask.java:141)
	at org.junit.platform.engine.support.hierarchical.Node.around(Node.java:137)
	at org.junit.platform.engine.support.hierarchical.NodeTestTask.lambda$executeRecursively$9(NodeTestTask.java:139)
	at org.junit.platform.engine.support.hierarchical.ThrowableCollector.execute(ThrowableCollector.java:73)
	at org.junit.platform.engine.support.hierarchical.NodeTestTask.executeRecursively(NodeTestTask.java:138)
	at org.junit.platform.engine.support.hierarchical.NodeTestTask.execute(NodeTestTask.java:95)
	at java.base/java.util.ArrayList.forEach(ArrayList.java:1511)
	at org.junit.platform.engine.support.hierarchical.SameThreadHierarchicalTestExecutorService.invokeAll(SameThreadHierarchicalTestExecutorService.java:41)
	at org.junit.platform.engine.support.hierarchical.NodeTestTask.lambda$executeRecursively$6(NodeTestTask.java:155)
	at org.junit.platform.engine.support.hierarchical.ThrowableCollector.execute(ThrowableCollector.java:73)
	at org.junit.platform.engine.support.hierarchical.NodeTestTask.lambda$executeRecursively$8(NodeTestTask.java:141)
	at org.junit.platform.engine.support.hierarchical.Node.around(Node.java:137)
	at org.junit.platform.engine.support.hierarchical.NodeTestTask.lambda$executeRecursively$9(NodeTestTask.java:139)
	at org.junit.platform.engine.support.hierarchical.ThrowableCollector.execute(ThrowableCollector.java:73)
	at org.junit.platform.engine.support.hierarchical.NodeTestTask.executeRecursively(NodeTestTask.java:138)
	at org.junit.platform.engine.support.hierarchical.NodeTestTask.execute(NodeTestTask.java:95)
	at org.junit.platform.engine.support.hierarchical.SameThreadHierarchicalTestExecutorService.submit(SameThreadHierarchicalTestExecutorService.java:35)
	at org.junit.platform.engine.support.hierarchical.HierarchicalTestExecutor.execute(HierarchicalTestExecutor.java:57)
	at org.junit.platform.engine.support.hierarchical.HierarchicalTestEngine.execute(HierarchicalTestEngine.java:54)
	at org.junit.platform.launcher.core.EngineExecutionOrchestrator.execute(EngineExecutionOrchestrator.java:198)
	at org.junit.platform.launcher.core.EngineExecutionOrchestrator.execute(EngineExecutionOrchestrator.java:169)
	at org.junit.platform.launcher.core.EngineExecutionOrchestrator.execute(EngineExecutionOrchestrator.java:93)
	at org.junit.platform.launcher.core.EngineExecutionOrchestrator.lambda$execute$0(EngineExecutionOrchestrator.java:58)
	at org.junit.platform.launcher.core.EngineExecutionOrchestrator.withInterceptedStreams(EngineExecutionOrchestrator.java:141)
	at org.junit.platform.launcher.core.EngineExecutionOrchestrator.execute(EngineExecutionOrchestrator.java:57)
	at org.junit.platform.launcher.core.DefaultLauncher.execute(DefaultLauncher.java:103)
	at org.junit.platform.launcher.core.DefaultLauncher.execute(DefaultLauncher.java:85)
	at org.junit.platform.launcher.core.DelegatingLauncher.execute(DelegatingLauncher.java:47)
	at org.junit.platform.launcher.core.SessionPerRequestLauncher.execute(SessionPerRequestLauncher.java:63)
	at org.apache.maven.surefire.junitplatform.JUnitPlatformProvider.invokeAllTests(JUnitPlatformProvider.java:154)
	at org.apache.maven.surefire.junitplatform.JUnitPlatformProvider.invoke(JUnitPlatformProvider.java:123)
	at org.apache.maven.surefire.booter.ForkedBooter.runSuitesInProcess(ForkedBooter.java:377)
	at org.apache.maven.surefire.booter.ForkedBooter.execute(ForkedBooter.java:138)
	at org.apache.maven.surefire.booter.ForkedBooter.run(ForkedBooter.java:465)
	at org.apache.maven.surefire.booter.ForkedBooter.main(ForkedBooter.java:451)
2024-08-15 03:37:25,384 [main] DEBUG scm.XceiverClientGrpc (XceiverClientGrpc.java:connectToDatanode(177)) - Connecting to server : ab869ec9-a1da-4eec-ae22-c3ca637d5862(localhost/127.0.0.1); nodes in pipeline : [ab869ec9-a1da-4eec-ae22-c3ca637d5862(localhost/127.0.0.1), cd98677a-ad7a-47a4-bd04-3d82e218dd7d(localhost/127.0.0.1), 398215a5-964b-4dc4-b31b-bbd09ffd15fb(localhost/127.0.0.1)], 
03:37:25.386 [cd98677a-ad7a-47a4-bd04-3d82e218dd7d-ContainerOp-06141354-55e8-4f53-bb23-7632133483e8-4] ERROR DNAudit - user=null | ip=null | op=FINALIZE_BLOCK {blockData=conID: 1 locID: 113750153625600001 bcsId: 0 replicaIndex: null} | ret=FAILURE
java.lang.Exception: Requested operation not allowed as ContainerState is CLOSED
	at org.apache.hadoop.ozone.container.common.impl.HddsDispatcher.dispatchRequest(HddsDispatcher.java:429) ~[hdds-container-service-1.5.0-SNAPSHOT.jar:?]
	at org.apache.hadoop.ozone.container.common.impl.HddsDispatcher.lambda$dispatch$0(HddsDispatcher.java:195) ~[hdds-container-service-1.5.0-SNAPSHOT.jar:?]
	at org.apache.hadoop.hdds.server.OzoneProtocolMessageDispatcher.processRequest(OzoneProtocolMessageDispatcher.java:89) ~[hdds-server-framework-1.5.0-SNAPSHOT.jar:?]
	at org.apache.hadoop.ozone.container.common.impl.HddsDispatcher.dispatch(HddsDispatcher.java:194) ~[hdds-container-service-1.5.0-SNAPSHOT.jar:?]
	at org.apache.hadoop.ozone.container.common.transport.server.ratis.ContainerStateMachine.dispatchCommand(ContainerStateMachine.java:505) ~[hdds-container-service-1.5.0-SNAPSHOT.jar:?]
	at org.apache.hadoop.ozone.container.common.transport.server.ratis.ContainerStateMachine.lambda$applyTransaction$10(ContainerStateMachine.java:970) ~[hdds-container-service-1.5.0-SNAPSHOT.jar:?]
	at org.apache.ratis.util.TaskQueue.lambda$submit$0(TaskQueue.java:121) ~[ratis-common-3.1.0.jar:3.1.0]
	at org.apache.ratis.util.LogUtils.runAndLog(LogUtils.java:38) [ratis-common-3.1.0.jar:3.1.0]
	at org.apache.ratis.util.LogUtils$1.run(LogUtils.java:78) [ratis-common-3.1.0.jar:3.1.0]
	at java.base/java.util.concurrent.Executors$RunnableAdapter.call(Executors.java:539) [?:?]
	at java.base/java.util.concurrent.FutureTask.run(FutureTask.java:264) [?:?]
	at java.base/java.util.concurrent.ThreadPoolExecutor.runWorker(ThreadPoolExecutor.java:1136) [?:?]
	at java.base/java.util.concurrent.ThreadPoolExecutor$Worker.run(ThreadPoolExecutor.java:635) [?:?]
	at java.base/java.lang.Thread.run(Thread.java:840) [?:?]
2024-08-15 03:37:25,386 [main] DEBUG scm.XceiverClientGrpc (XceiverClientGrpc.java:sendCommandWithRetry(437)) - Executing command cmdType: GetCommittedBlockLength
traceID: ""
containerID: 1
datanodeUuid: "ab869ec9-a1da-4eec-ae22-c3ca637d5862"
getCommittedBlockLength {
  blockID {
    containerID: 1
    localID: 113750153625600001
    blockCommitSequenceId: 0
  }
}
version: 4
 on datanode ab869ec9-a1da-4eec-ae22-c3ca637d5862(localhost/127.0.0.1)
2024-08-15 03:37:25,386 [main] DEBUG scm.XceiverClientGrpc (XceiverClientGrpc.java:sendCommandAsync(571)) - Send command GetCommittedBlockLength to datanode 127.0.0.1
2024-08-15 03:37:25,390 [grpc-default-executor-9] DEBUG scm.XceiverClientGrpc (XceiverClientGrpc.java:decreasePendingMetricsAndReleaseSemaphore(610)) - Executed command cmdType: GetCommittedBlockLength
traceID: ""
containerID: 1
datanodeUuid: "ab869ec9-a1da-4eec-ae22-c3ca637d5862"
getCommittedBlockLength {
  blockID {
    containerID: 1
    localID: 113750153625600001
    blockCommitSequenceId: 0
  }
}
version: 4
 on datanode ab869ec9-a1da-4eec-ae22-c3ca637d5862(localhost/127.0.0.1), cost = 4, cmdType = GetCommittedBlockLength
03:37:25.394 [398215a5-964b-4dc4-b31b-bbd09ffd15fb-ContainerOp-06141354-55e8-4f53-bb23-7632133483e8-5] ERROR DNAudit - user=null | ip=null | op=FINALIZE_BLOCK {blockData=conID: 1 locID: 113750153625600001 bcsId: 0 replicaIndex: null} | ret=FAILURE
java.lang.Exception: Requested operation not allowed as ContainerState is CLOSED
	at org.apache.hadoop.ozone.container.common.impl.HddsDispatcher.dispatchRequest(HddsDispatcher.java:429) ~[hdds-container-service-1.5.0-SNAPSHOT.jar:?]
	at org.apache.hadoop.ozone.container.common.impl.HddsDispatcher.lambda$dispatch$0(HddsDispatcher.java:195) ~[hdds-container-service-1.5.0-SNAPSHOT.jar:?]
	at org.apache.hadoop.hdds.server.OzoneProtocolMessageDispatcher.processRequest(OzoneProtocolMessageDispatcher.java:89) ~[hdds-server-framework-1.5.0-SNAPSHOT.jar:?]
	at org.apache.hadoop.ozone.container.common.impl.HddsDispatcher.dispatch(HddsDispatcher.java:194) ~[hdds-container-service-1.5.0-SNAPSHOT.jar:?]
	at org.apache.hadoop.ozone.container.common.transport.server.ratis.ContainerStateMachine.dispatchCommand(ContainerStateMachine.java:505) ~[hdds-container-service-1.5.0-SNAPSHOT.jar:?]
	at org.apache.hadoop.ozone.container.common.transport.server.ratis.ContainerStateMachine.lambda$applyTransaction$10(ContainerStateMachine.java:970) ~[hdds-container-service-1.5.0-SNAPSHOT.jar:?]
	at org.apache.ratis.util.TaskQueue.lambda$submit$0(TaskQueue.java:121) ~[ratis-common-3.1.0.jar:3.1.0]
	at org.apache.ratis.util.LogUtils.runAndLog(LogUtils.java:38) [ratis-common-3.1.0.jar:3.1.0]
	at org.apache.ratis.util.LogUtils$1.run(LogUtils.java:78) [ratis-common-3.1.0.jar:3.1.0]
	at java.base/java.util.concurrent.Executors$RunnableAdapter.call(Executors.java:539) [?:?]
	at java.base/java.util.concurrent.FutureTask.run(FutureTask.java:264) [?:?]
	at java.base/java.util.concurrent.ThreadPoolExecutor.runWorker(ThreadPoolExecutor.java:1136) [?:?]
	at java.base/java.util.concurrent.ThreadPoolExecutor$Worker.run(ThreadPoolExecutor.java:635) [?:?]
	at java.base/java.lang.Thread.run(Thread.java:840) [?:?]
2024-08-15 03:37:25,395 [main] WARN  ozone.BasicRootedOzoneClientAdapterImpl (BasicRootedOzoneClientAdapterImpl.java:finalizeBlock(1443)) - Failed to execute finalizeBlock command
org.apache.hadoop.hdds.scm.container.common.helpers.ContainerNotOpenException: Requested operation not allowed as ContainerState is CLOSED
	at org.apache.hadoop.hdds.scm.storage.ContainerProtocolCalls.validateContainerResponse(ContainerProtocolCalls.java:787)
	at org.apache.hadoop.hdds.scm.storage.ContainerProtocolCalls.lambda$createValidators$4(ContainerProtocolCalls.java:801)
	at org.apache.hadoop.hdds.scm.XceiverClientSpi.sendCommand(XceiverClientSpi.java:139)
	at org.apache.hadoop.hdds.scm.storage.ContainerProtocolCalls.finalizeBlock(ContainerProtocolCalls.java:326)
	at org.apache.hadoop.fs.ozone.BasicRootedOzoneClientAdapterImpl.finalizeBlock(BasicRootedOzoneClientAdapterImpl.java:1438)
	at org.apache.hadoop.fs.ozone.LeaseRecoveryClientDNHandler.getOmKeyLocationInfos(LeaseRecoveryClientDNHandler.java:96)
	at org.apache.hadoop.fs.ozone.RootedOzoneFileSystem.recoverLeaseTraced(RootedOzoneFileSystem.java:162)
	at org.apache.hadoop.fs.ozone.RootedOzoneFileSystem.lambda$recoverLease$0(RootedOzoneFileSystem.java:141)
	at org.apache.hadoop.hdds.tracing.TracingUtil.executeInSpan(TracingUtil.java:169)
	at org.apache.hadoop.hdds.tracing.TracingUtil.executeInNewSpan(TracingUtil.java:159)
	at org.apache.hadoop.fs.ozone.RootedOzoneFileSystem.recoverLease(RootedOzoneFileSystem.java:140)
	at org.apache.hadoop.fs.ozone.TestLeaseRecovery.testRecovery(TestLeaseRecovery.java:182)
	at java.base/jdk.internal.reflect.NativeMethodAccessorImpl.invoke0(Native Method)
	at java.base/jdk.internal.reflect.NativeMethodAccessorImpl.invoke(NativeMethodAccessorImpl.java:77)
	at java.base/jdk.internal.reflect.DelegatingMethodAccessorImpl.invoke(DelegatingMethodAccessorImpl.java:43)
	at java.base/java.lang.reflect.Method.invoke(Method.java:569)
	at org.junit.platform.commons.util.ReflectionUtils.invokeMethod(ReflectionUtils.java:728)
	at org.junit.jupiter.engine.execution.MethodInvocation.proceed(MethodInvocation.java:60)
	at org.junit.jupiter.engine.execution.InvocationInterceptorChain$ValidatingInvocation.proceed(InvocationInterceptorChain.java:131)
	at org.junit.jupiter.engine.extension.SameThreadTimeoutInvocation.proceed(SameThreadTimeoutInvocation.java:45)
	at org.junit.jupiter.engine.extension.TimeoutExtension.intercept(TimeoutExtension.java:156)
	at org.junit.jupiter.engine.extension.TimeoutExtension.interceptTestableMethod(TimeoutExtension.java:147)
	at org.junit.jupiter.engine.extension.TimeoutExtension.interceptTestTemplateMethod(TimeoutExtension.java:94)
	at org.junit.jupiter.engine.execution.InterceptingExecutableInvoker$ReflectiveInterceptorCall.lambda$ofVoidMethod$0(InterceptingExecutableInvoker.java:103)
	at org.junit.jupiter.engine.execution.InterceptingExecutableInvoker.lambda$invoke$0(InterceptingExecutableInvoker.java:93)
	at org.junit.jupiter.engine.execution.InvocationInterceptorChain$InterceptedInvocation.proceed(InvocationInterceptorChain.java:106)
	at org.junit.jupiter.engine.execution.InvocationInterceptorChain.proceed(InvocationInterceptorChain.java:64)
	at org.junit.jupiter.engine.execution.InvocationInterceptorChain.chainAndInvoke(InvocationInterceptorChain.java:45)
	at org.junit.jupiter.engine.execution.InvocationInterceptorChain.invoke(InvocationInterceptorChain.java:37)
	at org.junit.jupiter.engine.execution.InterceptingExecutableInvoker.invoke(InterceptingExecutableInvoker.java:92)
	at org.junit.jupiter.engine.execution.InterceptingExecutableInvoker.invoke(InterceptingExecutableInvoker.java:86)
	at org.junit.jupiter.engine.descriptor.TestMethodTestDescriptor.lambda$invokeTestMethod$7(TestMethodTestDescriptor.java:218)
	at org.junit.platform.engine.support.hierarchical.ThrowableCollector.execute(ThrowableCollector.java:73)
	at org.junit.jupiter.engine.descriptor.TestMethodTestDescriptor.invokeTestMethod(TestMethodTestDescriptor.java:214)
	at org.junit.jupiter.engine.descriptor.TestMethodTestDescriptor.execute(TestMethodTestDescriptor.java:139)
	at org.junit.jupiter.engine.descriptor.TestMethodTestDescriptor.execute(TestMethodTestDescriptor.java:69)
	at org.junit.platform.engine.support.hierarchical.NodeTestTask.lambda$executeRecursively$6(NodeTestTask.java:151)
	at org.junit.platform.engine.support.hierarchical.ThrowableCollector.execute(ThrowableCollector.java:73)
	at org.junit.platform.engine.support.hierarchical.NodeTestTask.lambda$executeRecursively$8(NodeTestTask.java:141)
	at org.junit.platform.engine.support.hierarchical.Node.around(Node.java:137)
	at org.junit.platform.engine.support.hierarchical.NodeTestTask.lambda$executeRecursively$9(NodeTestTask.java:139)
	at org.junit.platform.engine.support.hierarchical.ThrowableCollector.execute(ThrowableCollector.java:73)
	at org.junit.platform.engine.support.hierarchical.NodeTestTask.executeRecursively(NodeTestTask.java:138)
	at org.junit.platform.engine.support.hierarchical.NodeTestTask.execute(NodeTestTask.java:95)
	at org.junit.platform.engine.support.hierarchical.SameThreadHierarchicalTestExecutorService.submit(SameThreadHierarchicalTestExecutorService.java:35)
	at org.junit.platform.engine.support.hierarchical.NodeTestTask$DefaultDynamicTestExecutor.execute(NodeTestTask.java:226)
	at org.junit.platform.engine.support.hierarchical.NodeTestTask$DefaultDynamicTestExecutor.execute(NodeTestTask.java:204)
	at org.junit.jupiter.engine.descriptor.TestTemplateTestDescriptor.execute(TestTemplateTestDescriptor.java:142)
	at org.junit.jupiter.engine.descriptor.TestTemplateTestDescriptor.lambda$execute$2(TestTemplateTestDescriptor.java:110)
	at java.base/java.util.stream.ForEachOps$ForEachOp$OfRef.accept(ForEachOps.java:183)
	at java.base/java.util.stream.ReferencePipeline$3$1.accept(ReferencePipeline.java:197)
	at java.base/java.util.stream.ReferencePipeline$2$1.accept(ReferencePipeline.java:179)
	at java.base/java.util.stream.ReferencePipeline$3$1.accept(ReferencePipeline.java:197)
	at java.base/java.util.stream.ForEachOps$ForEachOp$OfRef.accept(ForEachOps.java:183)
	at java.base/java.util.stream.ReferencePipeline$3$1.accept(ReferencePipeline.java:197)
	at java.base/java.util.stream.ReferencePipeline$3$1.accept(ReferencePipeline.java:197)
	at java.base/java.util.stream.ReferencePipeline$3$1.accept(ReferencePipeline.java:197)
	at java.base/java.util.stream.ForEachOps$ForEachOp$OfRef.accept(ForEachOps.java:183)
	at java.base/java.util.stream.ReferencePipeline$3$1.accept(ReferencePipeline.java:197)
	at java.base/java.util.Spliterators$ArraySpliterator.forEachRemaining(Spliterators.java:992)
	at java.base/java.util.stream.AbstractPipeline.copyInto(AbstractPipeline.java:509)
	at java.base/java.util.stream.AbstractPipeline.wrapAndCopyInto(AbstractPipeline.java:499)
	at java.base/java.util.stream.ForEachOps$ForEachOp.evaluateSequential(ForEachOps.java:150)
	at java.base/java.util.stream.ForEachOps$ForEachOp$OfRef.evaluateSequential(ForEachOps.java:173)
	at java.base/java.util.stream.AbstractPipeline.evaluate(AbstractPipeline.java:234)
	at java.base/java.util.stream.ReferencePipeline.forEach(ReferencePipeline.java:596)
	at java.base/java.util.stream.ReferencePipeline$7$1.accept(ReferencePipeline.java:276)
	at java.base/java.util.stream.ReferencePipeline$3$1.accept(ReferencePipeline.java:197)
	at java.base/java.util.stream.ReferencePipeline$3$1.accept(ReferencePipeline.java:197)
	at java.base/java.util.stream.ReferencePipeline$3$1.accept(ReferencePipeline.java:197)
	at java.base/java.util.ArrayList$ArrayListSpliterator.forEachRemaining(ArrayList.java:1625)
	at java.base/java.util.stream.AbstractPipeline.copyInto(AbstractPipeline.java:509)
	at java.base/java.util.stream.AbstractPipeline.wrapAndCopyInto(AbstractPipeline.java:499)
	at java.base/java.util.stream.ForEachOps$ForEachOp.evaluateSequential(ForEachOps.java:150)
	at java.base/java.util.stream.ForEachOps$ForEachOp$OfRef.evaluateSequential(ForEachOps.java:173)
	at java.base/java.util.stream.AbstractPipeline.evaluate(AbstractPipeline.java:234)
	at java.base/java.util.stream.ReferencePipeline.forEach(ReferencePipeline.java:596)
	at java.base/java.util.stream.ReferencePipeline$7$1.accept(ReferencePipeline.java:276)
	at java.base/java.util.ArrayList$ArrayListSpliterator.forEachRemaining(ArrayList.java:1625)
	at java.base/java.util.stream.AbstractPipeline.copyInto(AbstractPipeline.java:509)
	at java.base/java.util.stream.AbstractPipeline.wrapAndCopyInto(AbstractPipeline.java:499)
	at java.base/java.util.stream.ForEachOps$ForEachOp.evaluateSequential(ForEachOps.java:150)
	at java.base/java.util.stream.ForEachOps$ForEachOp$OfRef.evaluateSequential(ForEachOps.java:173)
	at java.base/java.util.stream.AbstractPipeline.evaluate(AbstractPipeline.java:234)
	at java.base/java.util.stream.ReferencePipeline.forEach(ReferencePipeline.java:596)
	at org.junit.jupiter.engine.descriptor.TestTemplateTestDescriptor.execute(TestTemplateTestDescriptor.java:110)
	at org.junit.jupiter.engine.descriptor.TestTemplateTestDescriptor.execute(TestTemplateTestDescriptor.java:44)
	at org.junit.platform.engine.support.hierarchical.NodeTestTask.lambda$executeRecursively$6(NodeTestTask.java:151)
	at org.junit.platform.engine.support.hierarchical.ThrowableCollector.execute(ThrowableCollector.java:73)
	at org.junit.platform.engine.support.hierarchical.NodeTestTask.lambda$executeRecursively$8(NodeTestTask.java:141)
	at org.junit.platform.engine.support.hierarchical.Node.around(Node.java:137)
	at org.junit.platform.engine.support.hierarchical.NodeTestTask.lambda$executeRecursively$9(NodeTestTask.java:139)
	at org.junit.platform.engine.support.hierarchical.ThrowableCollector.execute(ThrowableCollector.java:73)
	at org.junit.platform.engine.support.hierarchical.NodeTestTask.executeRecursively(NodeTestTask.java:138)
	at org.junit.platform.engine.support.hierarchical.NodeTestTask.execute(NodeTestTask.java:95)
	at java.base/java.util.ArrayList.forEach(ArrayList.java:1511)
	at org.junit.platform.engine.support.hierarchical.SameThreadHierarchicalTestExecutorService.invokeAll(SameThreadHierarchicalTestExecutorService.java:41)
	at org.junit.platform.engine.support.hierarchical.NodeTestTask.lambda$executeRecursively$6(NodeTestTask.java:155)
	at org.junit.platform.engine.support.hierarchical.ThrowableCollector.execute(ThrowableCollector.java:73)
	at org.junit.platform.engine.support.hierarchical.NodeTestTask.lambda$executeRecursively$8(NodeTestTask.java:141)
	at org.junit.platform.engine.support.hierarchical.Node.around(Node.java:137)
	at org.junit.platform.engine.support.hierarchical.NodeTestTask.lambda$executeRecursively$9(NodeTestTask.java:139)
	at org.junit.platform.engine.support.hierarchical.ThrowableCollector.execute(ThrowableCollector.java:73)
	at org.junit.platform.engine.support.hierarchical.NodeTestTask.executeRecursively(NodeTestTask.java:138)
	at org.junit.platform.engine.support.hierarchical.NodeTestTask.execute(NodeTestTask.java:95)
	at java.base/java.util.ArrayList.forEach(ArrayList.java:1511)
	at org.junit.platform.engine.support.hierarchical.SameThreadHierarchicalTestExecutorService.invokeAll(SameThreadHierarchicalTestExecutorService.java:41)
	at org.junit.platform.engine.support.hierarchical.NodeTestTask.lambda$executeRecursively$6(NodeTestTask.java:155)
	at org.junit.platform.engine.support.hierarchical.ThrowableCollector.execute(ThrowableCollector.java:73)
	at org.junit.platform.engine.support.hierarchical.NodeTestTask.lambda$executeRecursively$8(NodeTestTask.java:141)
	at org.junit.platform.engine.support.hierarchical.Node.around(Node.java:137)
	at org.junit.platform.engine.support.hierarchical.NodeTestTask.lambda$executeRecursively$9(NodeTestTask.java:139)
	at org.junit.platform.engine.support.hierarchical.ThrowableCollector.execute(ThrowableCollector.java:73)
	at org.junit.platform.engine.support.hierarchical.NodeTestTask.executeRecursively(NodeTestTask.java:138)
	at org.junit.platform.engine.support.hierarchical.NodeTestTask.execute(NodeTestTask.java:95)
	at org.junit.platform.engine.support.hierarchical.SameThreadHierarchicalTestExecutorService.submit(SameThreadHierarchicalTestExecutorService.java:35)
	at org.junit.platform.engine.support.hierarchical.HierarchicalTestExecutor.execute(HierarchicalTestExecutor.java:57)
	at org.junit.platform.engine.support.hierarchical.HierarchicalTestEngine.execute(HierarchicalTestEngine.java:54)
	at org.junit.platform.launcher.core.EngineExecutionOrchestrator.execute(EngineExecutionOrchestrator.java:198)
	at org.junit.platform.launcher.core.EngineExecutionOrchestrator.execute(EngineExecutionOrchestrator.java:169)
	at org.junit.platform.launcher.core.EngineExecutionOrchestrator.execute(EngineExecutionOrchestrator.java:93)
	at org.junit.platform.launcher.core.EngineExecutionOrchestrator.lambda$execute$0(EngineExecutionOrchestrator.java:58)
	at org.junit.platform.launcher.core.EngineExecutionOrchestrator.withInterceptedStreams(EngineExecutionOrchestrator.java:141)
	at org.junit.platform.launcher.core.EngineExecutionOrchestrator.execute(EngineExecutionOrchestrator.java:57)
	at org.junit.platform.launcher.core.DefaultLauncher.execute(DefaultLauncher.java:103)
	at org.junit.platform.launcher.core.DefaultLauncher.execute(DefaultLauncher.java:85)
	at org.junit.platform.launcher.core.DelegatingLauncher.execute(DelegatingLauncher.java:47)
	at org.junit.platform.launcher.core.SessionPerRequestLauncher.execute(SessionPerRequestLauncher.java:63)
	at org.apache.maven.surefire.junitplatform.JUnitPlatformProvider.invokeAllTests(JUnitPlatformProvider.java:154)
	at org.apache.maven.surefire.junitplatform.JUnitPlatformProvider.invoke(JUnitPlatformProvider.java:123)
	at org.apache.maven.surefire.booter.ForkedBooter.runSuitesInProcess(ForkedBooter.java:377)
	at org.apache.maven.surefire.booter.ForkedBooter.execute(ForkedBooter.java:138)
	at org.apache.maven.surefire.booter.ForkedBooter.run(ForkedBooter.java:465)
	at org.apache.maven.surefire.booter.ForkedBooter.main(ForkedBooter.java:451)
2024-08-15 03:37:25,396 [main] DEBUG scm.XceiverClientGrpc (XceiverClientGrpc.java:connectToDatanode(177)) - Connecting to server : ab869ec9-a1da-4eec-ae22-c3ca637d5862(localhost/127.0.0.1); nodes in pipeline : [ab869ec9-a1da-4eec-ae22-c3ca637d5862(localhost/127.0.0.1), cd98677a-ad7a-47a4-bd04-3d82e218dd7d(localhost/127.0.0.1), 398215a5-964b-4dc4-b31b-bbd09ffd15fb(localhost/127.0.0.1)], 
2024-08-15 03:37:25,398 [main] DEBUG scm.XceiverClientGrpc (XceiverClientGrpc.java:sendCommandWithRetry(437)) - Executing command cmdType: GetCommittedBlockLength
traceID: ""
containerID: 1
datanodeUuid: "ab869ec9-a1da-4eec-ae22-c3ca637d5862"
getCommittedBlockLength {
  blockID {
    containerID: 1
    localID: 113750153625600001
    blockCommitSequenceId: 0
  }
}
version: 4
 on datanode ab869ec9-a1da-4eec-ae22-c3ca637d5862(localhost/127.0.0.1)
2024-08-15 03:37:25,398 [main] DEBUG scm.XceiverClientGrpc (XceiverClientGrpc.java:sendCommandAsync(571)) - Send command GetCommittedBlockLength to datanode 127.0.0.1
03:37:25.401 [ab869ec9-a1da-4eec-ae22-c3ca637d5862-ContainerOp-06141354-55e8-4f53-bb23-7632133483e8-5] ERROR DNAudit - user=null | ip=null | op=FINALIZE_BLOCK {blockData=conID: 1 locID: 113750153625600001 bcsId: 0 replicaIndex: null} | ret=FAILURE
java.lang.Exception: Requested operation not allowed as ContainerState is CLOSED
	at org.apache.hadoop.ozone.container.common.impl.HddsDispatcher.dispatchRequest(HddsDispatcher.java:429) ~[hdds-container-service-1.5.0-SNAPSHOT.jar:?]
	at org.apache.hadoop.ozone.container.common.impl.HddsDispatcher.lambda$dispatch$0(HddsDispatcher.java:195) ~[hdds-container-service-1.5.0-SNAPSHOT.jar:?]
	at org.apache.hadoop.hdds.server.OzoneProtocolMessageDispatcher.processRequest(OzoneProtocolMessageDispatcher.java:89) ~[hdds-server-framework-1.5.0-SNAPSHOT.jar:?]
	at org.apache.hadoop.ozone.container.common.impl.HddsDispatcher.dispatch(HddsDispatcher.java:194) ~[hdds-container-service-1.5.0-SNAPSHOT.jar:?]
	at org.apache.hadoop.ozone.container.common.transport.server.ratis.ContainerStateMachine.dispatchCommand(ContainerStateMachine.java:505) ~[hdds-container-service-1.5.0-SNAPSHOT.jar:?]
	at org.apache.hadoop.ozone.container.common.transport.server.ratis.ContainerStateMachine.lambda$applyTransaction$10(ContainerStateMachine.java:970) ~[hdds-container-service-1.5.0-SNAPSHOT.jar:?]
	at org.apache.ratis.util.TaskQueue.lambda$submit$0(TaskQueue.java:121) ~[ratis-common-3.1.0.jar:3.1.0]
	at org.apache.ratis.util.LogUtils.runAndLog(LogUtils.java:38) [ratis-common-3.1.0.jar:3.1.0]
	at org.apache.ratis.util.LogUtils$1.run(LogUtils.java:78) [ratis-common-3.1.0.jar:3.1.0]
	at java.base/java.util.concurrent.Executors$RunnableAdapter.call(Executors.java:539) [?:?]
	at java.base/java.util.concurrent.FutureTask.run(FutureTask.java:264) [?:?]
	at java.base/java.util.concurrent.ThreadPoolExecutor.runWorker(ThreadPoolExecutor.java:1136) [?:?]
	at java.base/java.util.concurrent.ThreadPoolExecutor$Worker.run(ThreadPoolExecutor.java:635) [?:?]
	at java.base/java.lang.Thread.run(Thread.java:840) [?:?]
03:37:25.401 [cd98677a-ad7a-47a4-bd04-3d82e218dd7d-ContainerOp-06141354-55e8-4f53-bb23-7632133483e8-5] ERROR DNAudit - user=null | ip=null | op=FINALIZE_BLOCK {blockData=conID: 1 locID: 113750153625600001 bcsId: 0 replicaIndex: null} | ret=FAILURE
java.lang.Exception: Requested operation not allowed as ContainerState is CLOSED
	at org.apache.hadoop.ozone.container.common.impl.HddsDispatcher.dispatchRequest(HddsDispatcher.java:429) ~[hdds-container-service-1.5.0-SNAPSHOT.jar:?]
	at org.apache.hadoop.ozone.container.common.impl.HddsDispatcher.lambda$dispatch$0(HddsDispatcher.java:195) ~[hdds-container-service-1.5.0-SNAPSHOT.jar:?]
	at org.apache.hadoop.hdds.server.OzoneProtocolMessageDispatcher.processRequest(OzoneProtocolMessageDispatcher.java:89) ~[hdds-server-framework-1.5.0-SNAPSHOT.jar:?]
	at org.apache.hadoop.ozone.container.common.impl.HddsDispatcher.dispatch(HddsDispatcher.java:194) ~[hdds-container-service-1.5.0-SNAPSHOT.jar:?]
	at org.apache.hadoop.ozone.container.common.transport.server.ratis.ContainerStateMachine.dispatchCommand(ContainerStateMachine.java:505) ~[hdds-container-service-1.5.0-SNAPSHOT.jar:?]
	at org.apache.hadoop.ozone.container.common.transport.server.ratis.ContainerStateMachine.lambda$applyTransaction$10(ContainerStateMachine.java:970) ~[hdds-container-service-1.5.0-SNAPSHOT.jar:?]
	at org.apache.ratis.util.TaskQueue.lambda$submit$0(TaskQueue.java:121) ~[ratis-common-3.1.0.jar:3.1.0]
	at org.apache.ratis.util.LogUtils.runAndLog(LogUtils.java:38) [ratis-common-3.1.0.jar:3.1.0]
	at org.apache.ratis.util.LogUtils$1.run(LogUtils.java:78) [ratis-common-3.1.0.jar:3.1.0]
	at java.base/java.util.concurrent.Executors$RunnableAdapter.call(Executors.java:539) [?:?]
	at java.base/java.util.concurrent.FutureTask.run(FutureTask.java:264) [?:?]
	at java.base/java.util.concurrent.ThreadPoolExecutor.runWorker(ThreadPoolExecutor.java:1136) [?:?]
	at java.base/java.util.concurrent.ThreadPoolExecutor$Worker.run(ThreadPoolExecutor.java:635) [?:?]
	at java.base/java.lang.Thread.run(Thread.java:840) [?:?]
2024-08-15 03:37:25,404 [grpc-default-executor-3] DEBUG scm.XceiverClientGrpc (XceiverClientGrpc.java:decreasePendingMetricsAndReleaseSemaphore(610)) - Executed command cmdType: GetCommittedBlockLength
traceID: ""
containerID: 1
datanodeUuid: "ab869ec9-a1da-4eec-ae22-c3ca637d5862"
getCommittedBlockLength {
  blockID {
    containerID: 1
    localID: 113750153625600001
    blockCommitSequenceId: 0
  }
}
version: 4
 on datanode ab869ec9-a1da-4eec-ae22-c3ca637d5862(localhost/127.0.0.1), cost = 6, cmdType = GetCommittedBlockLength
2024-08-15 03:37:25,415 [IPC Server handler 17 on default port 15214] ERROR file.OMRecoverLeaseRequest (OMRecoverLeaseRequest.java:validateAndUpdateCache(169)) - Fail for recovering lease. Volume:volume95855, Bucket:bucket71892, Key:file
KEY_ALREADY_CLOSED org.apache.hadoop.ozone.om.exceptions.OMException: Key: file is already closed
	at org.apache.hadoop.ozone.om.request.file.OMRecoverLeaseRequest.doWork(OMRecoverLeaseRequest.java:218)
	at org.apache.hadoop.ozone.om.request.file.OMRecoverLeaseRequest.validateAndUpdateCache(OMRecoverLeaseRequest.java:159)
	at org.apache.hadoop.ozone.protocolPB.OzoneManagerRequestHandler.lambda$0(OzoneManagerRequestHandler.java:410)
	at org.apache.hadoop.ozone.util.MetricUtil.captureLatencyNs(MetricUtil.java:46)
	at org.apache.hadoop.ozone.protocolPB.OzoneManagerRequestHandler.handleWriteRequestImpl(OzoneManagerRequestHandler.java:408)
	at org.apache.hadoop.ozone.protocolPB.RequestHandler.handleWriteRequest(RequestHandler.java:63)
	at org.apache.hadoop.ozone.protocolPB.OzoneManagerProtocolServerSideTranslatorPB.submitRequestDirectlyToOM(OzoneManagerProtocolServerSideTranslatorPB.java:309)
	at org.apache.hadoop.ozone.protocolPB.OzoneManagerProtocolServerSideTranslatorPB.internalProcessRequest(OzoneManagerProtocolServerSideTranslatorPB.java:198)
	at org.apache.hadoop.ozone.protocolPB.OzoneManagerProtocolServerSideTranslatorPB.processRequest(OzoneManagerProtocolServerSideTranslatorPB.java:162)
	at org.apache.hadoop.hdds.server.OzoneProtocolMessageDispatcher.processRequest(OzoneProtocolMessageDispatcher.java:89)
	at org.apache.hadoop.ozone.protocolPB.OzoneManagerProtocolServerSideTranslatorPB.submitRequest(OzoneManagerProtocolServerSideTranslatorPB.java:153)
	at org.apache.hadoop.ozone.protocol.proto.OzoneManagerProtocolProtos$OzoneManagerService$2.callBlockingMethod(OzoneManagerProtocolProtos.java)
	at org.apache.hadoop.ipc.ProtobufRpcEngine$Server.processCall(ProtobufRpcEngine.java:484)
	at org.apache.hadoop.ipc.ProtobufRpcEngine2$Server$ProtoBufRpcInvoker.call(ProtobufRpcEngine2.java:595)
	at org.apache.hadoop.ipc.ProtobufRpcEngine2$Server$ProtoBufRpcInvoker.call(ProtobufRpcEngine2.java:573)
	at org.apache.hadoop.ipc.RPC$Server.call(RPC.java:1227)
	at org.apache.hadoop.ipc.Server$RpcCall.run(Server.java:1094)
	at org.apache.hadoop.ipc.Server$RpcCall.run(Server.java:1017)
	at java.base/java.security.AccessController.doPrivileged(AccessController.java:712)
	at java.base/javax.security.auth.Subject.doAs(Subject.java:439)
	at org.apache.hadoop.security.UserGroupInformation.doAs(UserGroupInformation.java:1899)
	at org.apache.hadoop.ipc.Server$Handler.run(Server.java:3048)
03:37:25.416 [IPC Server handler 17 on default port 15214] ERROR OMAudit - user=runner | ip=127.0.0.1 | op=RECOVER_LEASE {volume=volume95855, bucket=bucket71892, key=file, Transaction=8} | ret=FAILURE
org.apache.hadoop.ozone.om.exceptions.OMException: Key: file is already closed
	at org.apache.hadoop.ozone.om.request.file.OMRecoverLeaseRequest.doWork(OMRecoverLeaseRequest.java:218) ~[ozone-manager-1.5.0-SNAPSHOT.jar:?]
	at org.apache.hadoop.ozone.om.request.file.OMRecoverLeaseRequest.validateAndUpdateCache(OMRecoverLeaseRequest.java:159) ~[ozone-manager-1.5.0-SNAPSHOT.jar:?]
	at org.apache.hadoop.ozone.protocolPB.OzoneManagerRequestHandler.lambda$0(OzoneManagerRequestHandler.java:410) ~[ozone-manager-1.5.0-SNAPSHOT.jar:?]
	at org.apache.hadoop.ozone.util.MetricUtil.captureLatencyNs(MetricUtil.java:46) ~[hdds-common-1.5.0-SNAPSHOT.jar:?]
	at org.apache.hadoop.ozone.protocolPB.OzoneManagerRequestHandler.handleWriteRequestImpl(OzoneManagerRequestHandler.java:408) ~[ozone-manager-1.5.0-SNAPSHOT.jar:?]
	at org.apache.hadoop.ozone.protocolPB.RequestHandler.handleWriteRequest(RequestHandler.java:63) ~[ozone-manager-1.5.0-SNAPSHOT.jar:?]
	at org.apache.hadoop.ozone.protocolPB.OzoneManagerProtocolServerSideTranslatorPB.submitRequestDirectlyToOM(OzoneManagerProtocolServerSideTranslatorPB.java:309) ~[ozone-manager-1.5.0-SNAPSHOT.jar:?]
	at org.apache.hadoop.ozone.protocolPB.OzoneManagerProtocolServerSideTranslatorPB.internalProcessRequest(OzoneManagerProtocolServerSideTranslatorPB.java:198) ~[ozone-manager-1.5.0-SNAPSHOT.jar:?]
	at org.apache.hadoop.ozone.protocolPB.OzoneManagerProtocolServerSideTranslatorPB.processRequest(OzoneManagerProtocolServerSideTranslatorPB.java:162) ~[ozone-manager-1.5.0-SNAPSHOT.jar:?]
	at org.apache.hadoop.hdds.server.OzoneProtocolMessageDispatcher.processRequest(OzoneProtocolMessageDispatcher.java:89) ~[hdds-server-framework-1.5.0-SNAPSHOT.jar:?]
	at org.apache.hadoop.ozone.protocolPB.OzoneManagerProtocolServerSideTranslatorPB.submitRequest(OzoneManagerProtocolServerSideTranslatorPB.java:153) ~[ozone-manager-1.5.0-SNAPSHOT.jar:?]
	at org.apache.hadoop.ozone.protocol.proto.OzoneManagerProtocolProtos$OzoneManagerService$2.callBlockingMethod(OzoneManagerProtocolProtos.java) ~[ozone-interface-client-1.5.0-SNAPSHOT.jar:?]
	at org.apache.hadoop.ipc.ProtobufRpcEngine$Server.processCall(ProtobufRpcEngine.java:484) ~[hadoop-common-3.3.6.jar:?]
	at org.apache.hadoop.ipc.ProtobufRpcEngine2$Server$ProtoBufRpcInvoker.call(ProtobufRpcEngine2.java:595) ~[hadoop-common-3.3.6.jar:?]
	at org.apache.hadoop.ipc.ProtobufRpcEngine2$Server$ProtoBufRpcInvoker.call(ProtobufRpcEngine2.java:573) ~[hadoop-common-3.3.6.jar:?]
	at org.apache.hadoop.ipc.RPC$Server.call(RPC.java:1227) ~[hadoop-common-3.3.6.jar:?]
	at org.apache.hadoop.ipc.Server$RpcCall.run(Server.java:1094) ~[hadoop-common-3.3.6.jar:?]
	at org.apache.hadoop.ipc.Server$RpcCall.run(Server.java:1017) ~[hadoop-common-3.3.6.jar:?]
	at java.base/java.security.AccessController.doPrivileged(AccessController.java:712) [?:?]
	at java.base/javax.security.auth.Subject.doAs(Subject.java:439) [?:?]
	at org.apache.hadoop.security.UserGroupInformation.doAs(UserGroupInformation.java:1899) [hadoop-common-3.3.6.jar:?]
	at org.apache.hadoop.ipc.Server$Handler.run(Server.java:3048) [hadoop-common-3.3.6.jar:?]
2024-08-15 03:37:25,420 [grpc-default-executor-3] ERROR impl.OrderedAsync (OrderedAsync.java:lambda$send$4(181)) - Failed to send request, message=cmdType: PutBlock
traceID: ""
containerID: 2
datanodeUuid: "398215a5-964b-4dc4-b31b-bbd09ffd15fb"
putBlock {
  blockData {
    blockID {
      containerID: 2
      localID: 113750153625600002
      blockCommitSequenceId: 0
    }
    metadata {
      key: "TYPE"
      value: "KEY"
    }
    chunks {
      chunkName: "113750153625600002_chunk_1"
      offset: 0
      len: 16384
      checksumData {
        type: CRC32
        bytesPerChecksum: 16384
        checksums: "\207$\362("
      }
    }
    chunks {
      chunkName: "113750153625600002_chunk_2"
      offset: 16384
      len: 16384
      checksumData {
        type: CRC32
        bytesPerChecksum: 16384
        checksums: "\300\305q\271"
      }
    }
    chunks {
      chunkName: "113750153625600002_chunk_3"
      offset: 32768
      len: 16384
      checksumData {
        type: CRC32
        bytesPerChecksum: 16384
        checksums: "\\\327\f "
      }
    }
    chunks {
      chunkName: "113750153625600002_chunk_4"
      offset: 49152
      len: 16384
      checksumData {
        type: CRC32
        bytesPerChecksum: 16384
        checksums: "2\221g\203"
      }
    }
    chunks {
      chunkName: "113750153625600002_chunk_5"
      offset: 65536
      len: 16384
      checksumData {
        type: CRC32
        bytesPerChecksum: 16384
        checksums: "\003\vS\372"
      }
    }
    chunks {
      chunkName: "113750153625600002_chunk_6"
      offset: 81920
      len: 16384
      checksumData {
        type: CRC32
        bytesPerChecksum: 16384
        checksums: "\b\0224\301"
      }
    }
    chunks {
      chunkName: "113750153625600002_chunk_7"
      offset: 98304
      len: 16384
      checksumData {
        type: CRC32
        bytesPerChecksum: 16384
        checksums: "\311)\t\234"
      }
    }
    chunks {
      chunkName: "113750153625600002_chunk_8"
      offset: 114688
      len: 16382
      checksumData {
        type: CRC32
        bytesPerChecksum: 16384
        checksums: "\3532\341."
      }
    }
  }
  eof: true
}
version: 4
, data.size=0
java.util.concurrent.CompletionException: org.apache.ratis.protocol.exceptions.StateMachineException: org.apache.hadoop.hdds.scm.container.common.helpers.StorageContainerException: Block already finalized
	at org.apache.ratis.client.impl.RaftClientImpl.handleRaftException(RaftClientImpl.java:373)
	at org.apache.ratis.client.impl.OrderedAsync.lambda$send$3(OrderedAsync.java:175)
	at java.base/java.util.concurrent.CompletableFuture$UniApply.tryFire(CompletableFuture.java:646)
	at java.base/java.util.concurrent.CompletableFuture.postComplete(CompletableFuture.java:510)
	at java.base/java.util.concurrent.CompletableFuture.complete(CompletableFuture.java:2147)
	at org.apache.ratis.client.impl.OrderedAsync$PendingOrderedRequest.setReply(OrderedAsync.java:105)
	at org.apache.ratis.client.impl.OrderedAsync$PendingOrderedRequest.setReply(OrderedAsync.java:66)
	at org.apache.ratis.util.SlidingWindow$RequestMap.setReply(SlidingWindow.java:147)
	at org.apache.ratis.util.SlidingWindow$Client.receiveReply(SlidingWindow.java:351)
	at org.apache.ratis.client.impl.OrderedAsync.lambda$sendRequestWithRetry$5(OrderedAsync.java:210)
	at java.base/java.util.concurrent.CompletableFuture$UniAccept.tryFire(CompletableFuture.java:718)
	at java.base/java.util.concurrent.CompletableFuture.postComplete(CompletableFuture.java:510)
	at java.base/java.util.concurrent.CompletableFuture.complete(CompletableFuture.java:2147)
	at org.apache.ratis.grpc.client.GrpcClientProtocolClient$AsyncStreamObservers$1.lambda$onNext$0(GrpcClientProtocolClient.java:322)
	at java.base/java.util.Optional.ifPresent(Optional.java:178)
	at org.apache.ratis.grpc.client.GrpcClientProtocolClient$AsyncStreamObservers.handleReplyFuture(GrpcClientProtocolClient.java:378)
	at org.apache.ratis.grpc.client.GrpcClientProtocolClient$AsyncStreamObservers.access$100(GrpcClientProtocolClient.java:300)
	at org.apache.ratis.grpc.client.GrpcClientProtocolClient$AsyncStreamObservers$1.onNext(GrpcClientProtocolClient.java:322)
	at org.apache.ratis.grpc.client.GrpcClientProtocolClient$AsyncStreamObservers$1.onNext(GrpcClientProtocolClient.java:305)
	at org.apache.ratis.thirdparty.io.grpc.stub.ClientCalls$StreamObserverToCallListenerAdapter.onMessage(ClientCalls.java:468)
	at org.apache.ratis.thirdparty.io.grpc.ForwardingClientCallListener.onMessage(ForwardingClientCallListener.java:33)
	at org.apache.ratis.thirdparty.io.grpc.internal.ClientCallImpl$ClientStreamListenerImpl$1MessagesAvailable.runInternal(ClientCallImpl.java:660)
	at org.apache.ratis.thirdparty.io.grpc.internal.ClientCallImpl$ClientStreamListenerImpl$1MessagesAvailable.runInContext(ClientCallImpl.java:647)
	at org.apache.ratis.thirdparty.io.grpc.internal.ContextRunnable.run(ContextRunnable.java:37)
	at org.apache.ratis.thirdparty.io.grpc.internal.SerializingExecutor.run(SerializingExecutor.java:133)
	at java.base/java.util.concurrent.ThreadPoolExecutor.runWorker(ThreadPoolExecutor.java:1136)
	at java.base/java.util.concurrent.ThreadPoolExecutor$Worker.run(ThreadPoolExecutor.java:635)
	at java.base/java.lang.Thread.run(Thread.java:840)
Caused by: org.apache.ratis.protocol.exceptions.StateMachineException: org.apache.hadoop.hdds.scm.container.common.helpers.StorageContainerException: Block already finalized
	at org.apache.hadoop.ozone.container.common.transport.server.ratis.ContainerStateMachine.startTransaction(ContainerStateMachine.java:464)
	at org.apache.ratis.server.impl.RaftServerImpl.writeAsyncImpl(RaftServerImpl.java:975)
	at org.apache.ratis.server.impl.RaftServerImpl.writeAsync(RaftServerImpl.java:945)
	at org.apache.ratis.server.impl.RaftServerImpl.replyFuture(RaftServerImpl.java:937)
	at org.apache.ratis.server.impl.RaftServerImpl.submitClientRequestAsync(RaftServerImpl.java:912)
	at org.apache.ratis.server.impl.RaftServerImpl.lambda$executeSubmitClientRequestAsync$11(RaftServerImpl.java:893)
	at java.base/java.util.concurrent.CompletableFuture$AsyncSupply.run(CompletableFuture.java:1768)
	... 3 more
2024-08-15 03:37:25,421 [main] WARN  io.KeyOutputStream (KeyOutputStream.java:handleException(313)) - Encountered exception java.io.IOException: Unexpected Storage Container Exception: java.util.concurrent.CompletionException: java.util.concurrent.CompletionException: org.apache.ratis.protocol.exceptions.StateMachineException: org.apache.hadoop.hdds.scm.container.common.helpers.StorageContainerException: Block already finalized on the pipeline Pipeline[ Id: 542b0424-40cf-456c-9ad4-89cef1657fb2, Nodes: 398215a5-964b-4dc4-b31b-bbd09ffd15fb(localhost/127.0.0.1) ReplicaIndex: 0cd98677a-ad7a-47a4-bd04-3d82e218dd7d(localhost/127.0.0.1) ReplicaIndex: 0ab869ec9-a1da-4eec-ae22-c3ca637d5862(localhost/127.0.0.1) ReplicaIndex: 0, ReplicationConfig: RATIS/THREE, State:OPEN, leaderId:ab869ec9-a1da-4eec-ae22-c3ca637d5862, CreationTimestamp2024-08-15T03:37:12.164Z[Etc/UTC]]. The last committed block length is 131070, uncommitted data length is 0 retry count 0
2024-08-15 03:37:25,424 [IPC Server handler 19 on default port 15214] ERROR key.OMKeyCommitRequest (OMKeyCommitRequest.java:processResult(486)) - Key committed failed. Volume:volume95855, Bucket:bucket71892, Key:file. Exception:{}
KEY_NOT_FOUND org.apache.hadoop.ozone.om.exceptions.OMException: Failed to commit key, as /4611686018427388160/4611686018427388416/4611686018427388416/file/112963947082022925 entry is not found in the OpenKey table
	at org.apache.hadoop.ozone.om.request.key.OMKeyCommitRequestWithFSO.validateAndUpdateCache(OMKeyCommitRequestWithFSO.java:182)
	at org.apache.hadoop.ozone.protocolPB.OzoneManagerRequestHandler.lambda$0(OzoneManagerRequestHandler.java:410)
	at org.apache.hadoop.ozone.util.MetricUtil.captureLatencyNs(MetricUtil.java:46)
	at org.apache.hadoop.ozone.protocolPB.OzoneManagerRequestHandler.handleWriteRequestImpl(OzoneManagerRequestHandler.java:408)
	at org.apache.hadoop.ozone.protocolPB.RequestHandler.handleWriteRequest(RequestHandler.java:63)
	at org.apache.hadoop.ozone.protocolPB.OzoneManagerProtocolServerSideTranslatorPB.submitRequestDirectlyToOM(OzoneManagerProtocolServerSideTranslatorPB.java:309)
	at org.apache.hadoop.ozone.protocolPB.OzoneManagerProtocolServerSideTranslatorPB.internalProcessRequest(OzoneManagerProtocolServerSideTranslatorPB.java:198)
	at org.apache.hadoop.ozone.protocolPB.OzoneManagerProtocolServerSideTranslatorPB.processRequest(OzoneManagerProtocolServerSideTranslatorPB.java:162)
	at org.apache.hadoop.hdds.server.OzoneProtocolMessageDispatcher.processRequest(OzoneProtocolMessageDispatcher.java:89)
	at org.apache.hadoop.ozone.protocolPB.OzoneManagerProtocolServerSideTranslatorPB.submitRequest(OzoneManagerProtocolServerSideTranslatorPB.java:153)
	at org.apache.hadoop.ozone.protocol.proto.OzoneManagerProtocolProtos$OzoneManagerService$2.callBlockingMethod(OzoneManagerProtocolProtos.java)
	at org.apache.hadoop.ipc.ProtobufRpcEngine$Server.processCall(ProtobufRpcEngine.java:484)
	at org.apache.hadoop.ipc.ProtobufRpcEngine2$Server$ProtoBufRpcInvoker.call(ProtobufRpcEngine2.java:595)
	at org.apache.hadoop.ipc.ProtobufRpcEngine2$Server$ProtoBufRpcInvoker.call(ProtobufRpcEngine2.java:573)
	at org.apache.hadoop.ipc.RPC$Server.call(RPC.java:1227)
	at org.apache.hadoop.ipc.Server$RpcCall.run(Server.java:1094)
	at org.apache.hadoop.ipc.Server$RpcCall.run(Server.java:1017)
	at java.base/java.security.AccessController.doPrivileged(AccessController.java:712)
	at java.base/javax.security.auth.Subject.doAs(Subject.java:439)
	at org.apache.hadoop.security.UserGroupInformation.doAs(UserGroupInformation.java:1899)
	at org.apache.hadoop.ipc.Server$Handler.run(Server.java:3048)
03:37:25.424 [IPC Server handler 19 on default port 15214] ERROR OMAudit - user=runner | ip=127.0.0.1 | op=COMMIT_KEY {volume=volume95855, bucket=bucket71892, key=file, dataSize=262142, replicationType=RATIS, replicationFactor=THREE, Transaction=9} | ret=FAILURE
org.apache.hadoop.ozone.om.exceptions.OMException: Failed to commit key, as /4611686018427388160/4611686018427388416/4611686018427388416/file/112963947082022925 entry is not found in the OpenKey table
	at org.apache.hadoop.ozone.om.request.key.OMKeyCommitRequestWithFSO.validateAndUpdateCache(OMKeyCommitRequestWithFSO.java:182) ~[ozone-manager-1.5.0-SNAPSHOT.jar:?]
	at org.apache.hadoop.ozone.protocolPB.OzoneManagerRequestHandler.lambda$0(OzoneManagerRequestHandler.java:410) ~[ozone-manager-1.5.0-SNAPSHOT.jar:?]
	at org.apache.hadoop.ozone.util.MetricUtil.captureLatencyNs(MetricUtil.java:46) ~[hdds-common-1.5.0-SNAPSHOT.jar:?]
	at org.apache.hadoop.ozone.protocolPB.OzoneManagerRequestHandler.handleWriteRequestImpl(OzoneManagerRequestHandler.java:408) ~[ozone-manager-1.5.0-SNAPSHOT.jar:?]
	at org.apache.hadoop.ozone.protocolPB.RequestHandler.handleWriteRequest(RequestHandler.java:63) ~[ozone-manager-1.5.0-SNAPSHOT.jar:?]
	at org.apache.hadoop.ozone.protocolPB.OzoneManagerProtocolServerSideTranslatorPB.submitRequestDirectlyToOM(OzoneManagerProtocolServerSideTranslatorPB.java:309) ~[ozone-manager-1.5.0-SNAPSHOT.jar:?]
	at org.apache.hadoop.ozone.protocolPB.OzoneManagerProtocolServerSideTranslatorPB.internalProcessRequest(OzoneManagerProtocolServerSideTranslatorPB.java:198) ~[ozone-manager-1.5.0-SNAPSHOT.jar:?]
	at org.apache.hadoop.ozone.protocolPB.OzoneManagerProtocolServerSideTranslatorPB.processRequest(OzoneManagerProtocolServerSideTranslatorPB.java:162) ~[ozone-manager-1.5.0-SNAPSHOT.jar:?]
	at org.apache.hadoop.hdds.server.OzoneProtocolMessageDispatcher.processRequest(OzoneProtocolMessageDispatcher.java:89) ~[hdds-server-framework-1.5.0-SNAPSHOT.jar:?]
	at org.apache.hadoop.ozone.protocolPB.OzoneManagerProtocolServerSideTranslatorPB.submitRequest(OzoneManagerProtocolServerSideTranslatorPB.java:153) ~[ozone-manager-1.5.0-SNAPSHOT.jar:?]
	at org.apache.hadoop.ozone.protocol.proto.OzoneManagerProtocolProtos$OzoneManagerService$2.callBlockingMethod(OzoneManagerProtocolProtos.java) ~[ozone-interface-client-1.5.0-SNAPSHOT.jar:?]
	at org.apache.hadoop.ipc.ProtobufRpcEngine$Server.processCall(ProtobufRpcEngine.java:484) ~[hadoop-common-3.3.6.jar:?]
	at org.apache.hadoop.ipc.ProtobufRpcEngine2$Server$ProtoBufRpcInvoker.call(ProtobufRpcEngine2.java:595) ~[hadoop-common-3.3.6.jar:?]
	at org.apache.hadoop.ipc.ProtobufRpcEngine2$Server$ProtoBufRpcInvoker.call(ProtobufRpcEngine2.java:573) ~[hadoop-common-3.3.6.jar:?]
	at org.apache.hadoop.ipc.RPC$Server.call(RPC.java:1227) ~[hadoop-common-3.3.6.jar:?]
	at org.apache.hadoop.ipc.Server$RpcCall.run(Server.java:1094) ~[hadoop-common-3.3.6.jar:?]
	at org.apache.hadoop.ipc.Server$RpcCall.run(Server.java:1017) ~[hadoop-common-3.3.6.jar:?]
	at java.base/java.security.AccessController.doPrivileged(AccessController.java:712) [?:?]
	at java.base/javax.security.auth.Subject.doAs(Subject.java:439) [?:?]
	at org.apache.hadoop.security.UserGroupInformation.doAs(UserGroupInformation.java:1899) [hadoop-common-3.3.6.jar:?]
	at org.apache.hadoop.ipc.Server$Handler.run(Server.java:3048) [hadoop-common-3.3.6.jar:?]
2024-08-15 03:37:25,430 [main] DEBUG scm.XceiverClientGrpc (XceiverClientGrpc.java:connectToDatanode(177)) - Connecting to server : ab869ec9-a1da-4eec-ae22-c3ca637d5862(localhost/127.0.0.1); nodes in pipeline : [ab869ec9-a1da-4eec-ae22-c3ca637d5862(localhost/127.0.0.1), cd98677a-ad7a-47a4-bd04-3d82e218dd7d(localhost/127.0.0.1), 398215a5-964b-4dc4-b31b-bbd09ffd15fb(localhost/127.0.0.1)], 
2024-08-15 03:37:25,432 [main] DEBUG scm.XceiverClientGrpc (XceiverClientGrpc.java:sendCommandWithRetry(437)) - Executing command cmdType: GetBlock
traceID: ""
containerID: 1
datanodeUuid: "ab869ec9-a1da-4eec-ae22-c3ca637d5862"
getBlock {
  blockID {
    containerID: 1
    localID: 113750153625600001
    blockCommitSequenceId: 0
  }
}
version: 4
 on datanode 398215a5-964b-4dc4-b31b-bbd09ffd15fb(localhost/127.0.0.1)
2024-08-15 03:37:25,432 [main] DEBUG scm.XceiverClientGrpc (XceiverClientGrpc.java:connectToDatanode(177)) - Connecting to server : 398215a5-964b-4dc4-b31b-bbd09ffd15fb(localhost/127.0.0.1); nodes in pipeline : [ab869ec9-a1da-4eec-ae22-c3ca637d5862(localhost/127.0.0.1), cd98677a-ad7a-47a4-bd04-3d82e218dd7d(localhost/127.0.0.1), 398215a5-964b-4dc4-b31b-bbd09ffd15fb(localhost/127.0.0.1)], 
2024-08-15 03:37:25,432 [main] DEBUG scm.XceiverClientGrpc (XceiverClientGrpc.java:sendCommandAsync(571)) - Send command GetBlock to datanode 127.0.0.1
2024-08-15 03:37:25,437 [main] DEBUG scm.XceiverClientGrpc (XceiverClientGrpc.java:sendCommandWithRetry(437)) - Executing command cmdType: ReadChunk
traceID: ""
containerID: 1
datanodeUuid: "ab869ec9-a1da-4eec-ae22-c3ca637d5862"
readChunk {
  blockID {
    containerID: 1
    localID: 113750153625600001
    blockCommitSequenceId: 0
  }
  chunkData {
    chunkName: "113750153625600001_chunk_1"
    offset: 0
    len: 16384
    checksumData {
      type: CRC32
      bytesPerChecksum: 16384
      checksums: "<8\351\243"
    }
  }
  readChunkVersion: V1
}
version: 4
 on datanode ab869ec9-a1da-4eec-ae22-c3ca637d5862(localhost/127.0.0.1)
2024-08-15 03:37:25,437 [main] DEBUG scm.XceiverClientGrpc (XceiverClientGrpc.java:sendCommandAsync(571)) - Send command ReadChunk to datanode 127.0.0.1
2024-08-15 03:37:25,437 [grpc-default-executor-3] DEBUG scm.XceiverClientGrpc (XceiverClientGrpc.java:decreasePendingMetricsAndReleaseSemaphore(610)) - Executed command cmdType: GetBlock
traceID: ""
containerID: 1
datanodeUuid: "ab869ec9-a1da-4eec-ae22-c3ca637d5862"
getBlock {
  blockID {
    containerID: 1
    localID: 113750153625600001
    blockCommitSequenceId: 0
  }
}
version: 4
 on datanode 398215a5-964b-4dc4-b31b-bbd09ffd15fb(localhost/127.0.0.1), cost = 4, cmdType = GetBlock
2024-08-15 03:37:25,441 [grpc-default-executor-9] DEBUG scm.XceiverClientGrpc (XceiverClientGrpc.java:decreasePendingMetricsAndReleaseSemaphore(610)) - Executed command cmdType: ReadChunk
traceID: ""
containerID: 1
datanodeUuid: "ab869ec9-a1da-4eec-ae22-c3ca637d5862"
readChunk {
  blockID {
    containerID: 1
    localID: 113750153625600001
    blockCommitSequenceId: 0
  }
  chunkData {
    chunkName: "113750153625600001_chunk_1"
    offset: 0
    len: 16384
    checksumData {
      type: CRC32
      bytesPerChecksum: 16384
      checksums: "<8\351\243"
    }
  }
  readChunkVersion: V1
}
version: 4
 on datanode ab869ec9-a1da-4eec-ae22-c3ca637d5862(localhost/127.0.0.1), cost = 3, cmdType = ReadChunk
2024-08-15 03:37:25,441 [main] DEBUG scm.XceiverClientGrpc (XceiverClientGrpc.java:sendCommandWithRetry(437)) - Executing command cmdType: ReadChunk
traceID: ""
containerID: 1
datanodeUuid: "ab869ec9-a1da-4eec-ae22-c3ca637d5862"
readChunk {
  blockID {
    containerID: 1
    localID: 113750153625600001
    blockCommitSequenceId: 0
  }
  chunkData {
    chunkName: "113750153625600001_chunk_2"
    offset: 16384
    len: 16384
    checksumData {
      type: CRC32
      bytesPerChecksum: 16384
      checksums: "7\255\334V"
    }
  }
  readChunkVersion: V1
}
version: 4
 on datanode ab869ec9-a1da-4eec-ae22-c3ca637d5862(localhost/127.0.0.1)
2024-08-15 03:37:25,441 [main] DEBUG scm.XceiverClientGrpc (XceiverClientGrpc.java:sendCommandAsync(571)) - Send command ReadChunk to datanode 127.0.0.1
2024-08-15 03:37:25,443 [grpc-default-executor-3] DEBUG scm.XceiverClientGrpc (XceiverClientGrpc.java:decreasePendingMetricsAndReleaseSemaphore(610)) - Executed command cmdType: ReadChunk
traceID: ""
containerID: 1
datanodeUuid: "ab869ec9-a1da-4eec-ae22-c3ca637d5862"
readChunk {
  blockID {
    containerID: 1
    localID: 113750153625600001
    blockCommitSequenceId: 0
  }
  chunkData {
    chunkName: "113750153625600001_chunk_2"
    offset: 16384
    len: 16384
    checksumData {
      type: CRC32
      bytesPerChecksum: 16384
      checksums: "7\255\334V"
    }
  }
  readChunkVersion: V1
}
version: 4
 on datanode ab869ec9-a1da-4eec-ae22-c3ca637d5862(localhost/127.0.0.1), cost = 2, cmdType = ReadChunk
2024-08-15 03:37:25,445 [main] DEBUG scm.XceiverClientGrpc (XceiverClientGrpc.java:sendCommandWithRetry(437)) - Executing command cmdType: ReadChunk
traceID: ""
containerID: 1
datanodeUuid: "ab869ec9-a1da-4eec-ae22-c3ca637d5862"
readChunk {
  blockID {
    containerID: 1
    localID: 113750153625600001
    blockCommitSequenceId: 0
  }
  chunkData {
    chunkName: "113750153625600001_chunk_3"
    offset: 32768
    len: 16384
    checksumData {
      type: CRC32
      bytesPerChecksum: 16384
      checksums: "f\257\321\311"
    }
  }
  readChunkVersion: V1
}
version: 4
 on datanode ab869ec9-a1da-4eec-ae22-c3ca637d5862(localhost/127.0.0.1)
2024-08-15 03:37:25,445 [main] DEBUG scm.XceiverClientGrpc (XceiverClientGrpc.java:sendCommandAsync(571)) - Send command ReadChunk to datanode 127.0.0.1
2024-08-15 03:37:25,447 [grpc-default-executor-9] DEBUG scm.XceiverClientGrpc (XceiverClientGrpc.java:decreasePendingMetricsAndReleaseSemaphore(610)) - Executed command cmdType: ReadChunk
traceID: ""
containerID: 1
datanodeUuid: "ab869ec9-a1da-4eec-ae22-c3ca637d5862"
readChunk {
  blockID {
    containerID: 1
    localID: 113750153625600001
    blockCommitSequenceId: 0
  }
  chunkData {
    chunkName: "113750153625600001_chunk_3"
    offset: 32768
    len: 16384
    checksumData {
      type: CRC32
      bytesPerChecksum: 16384
      checksums: "f\257\321\311"
    }
  }
  readChunkVersion: V1
}
version: 4
 on datanode ab869ec9-a1da-4eec-ae22-c3ca637d5862(localhost/127.0.0.1), cost = 1, cmdType = ReadChunk
2024-08-15 03:37:25,447 [main] DEBUG scm.XceiverClientGrpc (XceiverClientGrpc.java:sendCommandWithRetry(437)) - Executing command cmdType: ReadChunk
traceID: ""
containerID: 1
datanodeUuid: "ab869ec9-a1da-4eec-ae22-c3ca637d5862"
readChunk {
  blockID {
    containerID: 1
    localID: 113750153625600001
    blockCommitSequenceId: 0
  }
  chunkData {
    chunkName: "113750153625600001_chunk_4"
    offset: 49152
    len: 16384
    checksumData {
      type: CRC32
      bytesPerChecksum: 16384
      checksums: "\337\006\311U"
    }
  }
  readChunkVersion: V1
}
version: 4
 on datanode ab869ec9-a1da-4eec-ae22-c3ca637d5862(localhost/127.0.0.1)
2024-08-15 03:37:25,447 [main] DEBUG scm.XceiverClientGrpc (XceiverClientGrpc.java:sendCommandAsync(571)) - Send command ReadChunk to datanode 127.0.0.1
2024-08-15 03:37:25,449 [grpc-default-executor-3] DEBUG scm.XceiverClientGrpc (XceiverClientGrpc.java:decreasePendingMetricsAndReleaseSemaphore(610)) - Executed command cmdType: ReadChunk
traceID: ""
containerID: 1
datanodeUuid: "ab869ec9-a1da-4eec-ae22-c3ca637d5862"
readChunk {
  blockID {
    containerID: 1
    localID: 113750153625600001
    blockCommitSequenceId: 0
  }
  chunkData {
    chunkName: "113750153625600001_chunk_4"
    offset: 49152
    len: 16384
    checksumData {
      type: CRC32
      bytesPerChecksum: 16384
      checksums: "\337\006\311U"
    }
  }
  readChunkVersion: V1
}
version: 4
 on datanode ab869ec9-a1da-4eec-ae22-c3ca637d5862(localhost/127.0.0.1), cost = 2, cmdType = ReadChunk
2024-08-15 03:37:25,449 [main] DEBUG scm.XceiverClientGrpc (XceiverClientGrpc.java:sendCommandWithRetry(437)) - Executing command cmdType: ReadChunk
traceID: ""
containerID: 1
datanodeUuid: "ab869ec9-a1da-4eec-ae22-c3ca637d5862"
readChunk {
  blockID {
    containerID: 1
    localID: 113750153625600001
    blockCommitSequenceId: 0
  }
  chunkData {
    chunkName: "113750153625600001_chunk_5"
    offset: 65536
    len: 16384
    checksumData {
      type: CRC32
      bytesPerChecksum: 16384
      checksums: "\232}\261O"
    }
  }
  readChunkVersion: V1
}
version: 4
 on datanode ab869ec9-a1da-4eec-ae22-c3ca637d5862(localhost/127.0.0.1)
2024-08-15 03:37:25,449 [main] DEBUG scm.XceiverClientGrpc (XceiverClientGrpc.java:sendCommandAsync(571)) - Send command ReadChunk to datanode 127.0.0.1
2024-08-15 03:37:25,451 [grpc-default-executor-9] DEBUG scm.XceiverClientGrpc (XceiverClientGrpc.java:decreasePendingMetricsAndReleaseSemaphore(610)) - Executed command cmdType: ReadChunk
traceID: ""
containerID: 1
datanodeUuid: "ab869ec9-a1da-4eec-ae22-c3ca637d5862"
readChunk {
  blockID {
    containerID: 1
    localID: 113750153625600001
    blockCommitSequenceId: 0
  }
  chunkData {
    chunkName: "113750153625600001_chunk_5"
    offset: 65536
    len: 16384
    checksumData {
      type: CRC32
      bytesPerChecksum: 16384
      checksums: "\232}\261O"
    }
  }
  readChunkVersion: V1
}
version: 4
 on datanode ab869ec9-a1da-4eec-ae22-c3ca637d5862(localhost/127.0.0.1), cost = 2, cmdType = ReadChunk
2024-08-15 03:37:25,451 [main] DEBUG scm.XceiverClientGrpc (XceiverClientGrpc.java:sendCommandWithRetry(437)) - Executing command cmdType: ReadChunk
traceID: ""
containerID: 1
datanodeUuid: "ab869ec9-a1da-4eec-ae22-c3ca637d5862"
readChunk {
  blockID {
    containerID: 1
    localID: 113750153625600001
    blockCommitSequenceId: 0
  }
  chunkData {
    chunkName: "113750153625600001_chunk_6"
    offset: 81920
    len: 16384
    checksumData {
      type: CRC32
      bytesPerChecksum: 16384
      checksums: "\252<\024\351"
    }
  }
  readChunkVersion: V1
}
version: 4
 on datanode ab869ec9-a1da-4eec-ae22-c3ca637d5862(localhost/127.0.0.1)
2024-08-15 03:37:25,451 [main] DEBUG scm.XceiverClientGrpc (XceiverClientGrpc.java:sendCommandAsync(571)) - Send command ReadChunk to datanode 127.0.0.1
2024-08-15 03:37:25,453 [grpc-default-executor-9] DEBUG scm.XceiverClientGrpc (XceiverClientGrpc.java:decreasePendingMetricsAndReleaseSemaphore(610)) - Executed command cmdType: ReadChunk
traceID: ""
containerID: 1
datanodeUuid: "ab869ec9-a1da-4eec-ae22-c3ca637d5862"
readChunk {
  blockID {
    containerID: 1
    localID: 113750153625600001
    blockCommitSequenceId: 0
  }
  chunkData {
    chunkName: "113750153625600001_chunk_6"
    offset: 81920
    len: 16384
    checksumData {
      type: CRC32
      bytesPerChecksum: 16384
      checksums: "\252<\024\351"
    }
  }
  readChunkVersion: V1
}
version: 4
 on datanode ab869ec9-a1da-4eec-ae22-c3ca637d5862(localhost/127.0.0.1), cost = 1, cmdType = ReadChunk
2024-08-15 03:37:25,453 [main] DEBUG scm.XceiverClientGrpc (XceiverClientGrpc.java:sendCommandWithRetry(437)) - Executing command cmdType: ReadChunk
traceID: ""
containerID: 1
datanodeUuid: "ab869ec9-a1da-4eec-ae22-c3ca637d5862"
readChunk {
  blockID {
    containerID: 1
    localID: 113750153625600001
    blockCommitSequenceId: 0
  }
  chunkData {
    chunkName: "113750153625600001_chunk_7"
    offset: 98304
    len: 16384
    checksumData {
      type: CRC32
      bytesPerChecksum: 16384
      checksums: "vxX\320"
    }
  }
  readChunkVersion: V1
}
version: 4
 on datanode ab869ec9-a1da-4eec-ae22-c3ca637d5862(localhost/127.0.0.1)
2024-08-15 03:37:25,453 [main] DEBUG scm.XceiverClientGrpc (XceiverClientGrpc.java:sendCommandAsync(571)) - Send command ReadChunk to datanode 127.0.0.1
2024-08-15 03:37:25,455 [grpc-default-executor-3] DEBUG scm.XceiverClientGrpc (XceiverClientGrpc.java:decreasePendingMetricsAndReleaseSemaphore(610)) - Executed command cmdType: ReadChunk
traceID: ""
containerID: 1
datanodeUuid: "ab869ec9-a1da-4eec-ae22-c3ca637d5862"
readChunk {
  blockID {
    containerID: 1
    localID: 113750153625600001
    blockCommitSequenceId: 0
  }
  chunkData {
    chunkName: "113750153625600001_chunk_7"
    offset: 98304
    len: 16384
    checksumData {
      type: CRC32
      bytesPerChecksum: 16384
      checksums: "vxX\320"
    }
  }
  readChunkVersion: V1
}
version: 4
 on datanode ab869ec9-a1da-4eec-ae22-c3ca637d5862(localhost/127.0.0.1), cost = 2, cmdType = ReadChunk
2024-08-15 03:37:25,455 [main] DEBUG scm.XceiverClientGrpc (XceiverClientGrpc.java:sendCommandWithRetry(437)) - Executing command cmdType: ReadChunk
traceID: ""
containerID: 1
datanodeUuid: "ab869ec9-a1da-4eec-ae22-c3ca637d5862"
readChunk {
  blockID {
    containerID: 1
    localID: 113750153625600001
    blockCommitSequenceId: 0
  }
  chunkData {
    chunkName: "113750153625600001_chunk_8"
    offset: 114688
    len: 16383
    checksumData {
      type: CRC32
      bytesPerChecksum: 16384
      checksums: "\003\006\274\'"
    }
  }
  readChunkVersion: V1
}
version: 4
 on datanode ab869ec9-a1da-4eec-ae22-c3ca637d5862(localhost/127.0.0.1)
2024-08-15 03:37:25,455 [main] DEBUG scm.XceiverClientGrpc (XceiverClientGrpc.java:sendCommandAsync(571)) - Send command ReadChunk to datanode 127.0.0.1
2024-08-15 03:37:25,457 [grpc-default-executor-9] DEBUG scm.XceiverClientGrpc (XceiverClientGrpc.java:decreasePendingMetricsAndReleaseSemaphore(610)) - Executed command cmdType: ReadChunk
traceID: ""
containerID: 1
datanodeUuid: "ab869ec9-a1da-4eec-ae22-c3ca637d5862"
readChunk {
  blockID {
    containerID: 1
    localID: 113750153625600001
    blockCommitSequenceId: 0
  }
  chunkData {
    chunkName: "113750153625600001_chunk_8"
    offset: 114688
    len: 16383
    checksumData {
      type: CRC32
      bytesPerChecksum: 16384
      checksums: "\003\006\274\'"
    }
  }
  readChunkVersion: V1
}
version: 4
 on datanode ab869ec9-a1da-4eec-ae22-c3ca637d5862(localhost/127.0.0.1), cost = 2, cmdType = ReadChunk
2024-08-15 03:37:25,457 [main] DEBUG scm.XceiverClientGrpc (XceiverClientGrpc.java:sendCommandWithRetry(437)) - Executing command cmdType: ReadChunk
traceID: ""
containerID: 1
datanodeUuid: "ab869ec9-a1da-4eec-ae22-c3ca637d5862"
readChunk {
  blockID {
    containerID: 1
    localID: 113750153625600001
    blockCommitSequenceId: 0
  }
  chunkData {
    chunkName: "113750153625600001_chunk_9"
    offset: 131071
    len: 1
    checksumData {
      type: CRC32
      bytesPerChecksum: 16384
      checksums: "\rb\000N"
    }
  }
  readChunkVersion: V1
}
version: 4
 on datanode ab869ec9-a1da-4eec-ae22-c3ca637d5862(localhost/127.0.0.1)
2024-08-15 03:37:25,457 [main] DEBUG scm.XceiverClientGrpc (XceiverClientGrpc.java:sendCommandAsync(571)) - Send command ReadChunk to datanode 127.0.0.1
2024-08-15 03:37:25,458 [grpc-default-executor-3] DEBUG scm.XceiverClientGrpc (XceiverClientGrpc.java:decreasePendingMetricsAndReleaseSemaphore(610)) - Executed command cmdType: ReadChunk
traceID: ""
containerID: 1
datanodeUuid: "ab869ec9-a1da-4eec-ae22-c3ca637d5862"
readChunk {
  blockID {
    containerID: 1
    localID: 113750153625600001
    blockCommitSequenceId: 0
  }
  chunkData {
    chunkName: "113750153625600001_chunk_9"
    offset: 131071
    len: 1
    checksumData {
      type: CRC32
      bytesPerChecksum: 16384
      checksums: "\rb\000N"
    }
  }
  readChunkVersion: V1
}
version: 4
 on datanode ab869ec9-a1da-4eec-ae22-c3ca637d5862(localhost/127.0.0.1), cost = 1, cmdType = ReadChunk
2024-08-15 03:37:25,459 [main] DEBUG scm.XceiverClientGrpc (XceiverClientGrpc.java:connectToDatanode(177)) - Connecting to server : ab869ec9-a1da-4eec-ae22-c3ca637d5862(localhost/127.0.0.1); nodes in pipeline : [398215a5-964b-4dc4-b31b-bbd09ffd15fb(localhost/127.0.0.1), cd98677a-ad7a-47a4-bd04-3d82e218dd7d(localhost/127.0.0.1), ab869ec9-a1da-4eec-ae22-c3ca637d5862(localhost/127.0.0.1)], 
2024-08-15 03:37:25,460 [main] DEBUG scm.XceiverClientGrpc (XceiverClientGrpc.java:sendCommandWithRetry(437)) - Executing command cmdType: GetBlock
traceID: ""
containerID: 2
datanodeUuid: "ab869ec9-a1da-4eec-ae22-c3ca637d5862"
getBlock {
  blockID {
    containerID: 2
    localID: 113750153625600002
    blockCommitSequenceId: 0
  }
}
version: 4
 on datanode ab869ec9-a1da-4eec-ae22-c3ca637d5862(localhost/127.0.0.1)
2024-08-15 03:37:25,460 [main] DEBUG scm.XceiverClientGrpc (XceiverClientGrpc.java:sendCommandAsync(571)) - Send command GetBlock to datanode 127.0.0.1
2024-08-15 03:37:25,463 [grpc-default-executor-3] DEBUG scm.XceiverClientGrpc (XceiverClientGrpc.java:decreasePendingMetricsAndReleaseSemaphore(610)) - Executed command cmdType: GetBlock
traceID: ""
containerID: 2
datanodeUuid: "ab869ec9-a1da-4eec-ae22-c3ca637d5862"
getBlock {
  blockID {
    containerID: 2
    localID: 113750153625600002
    blockCommitSequenceId: 0
  }
}
version: 4
 on datanode ab869ec9-a1da-4eec-ae22-c3ca637d5862(localhost/127.0.0.1), cost = 3, cmdType = GetBlock
2024-08-15 03:37:25,463 [main] DEBUG scm.XceiverClientGrpc (XceiverClientGrpc.java:sendCommandWithRetry(437)) - Executing command cmdType: ReadChunk
traceID: ""
containerID: 2
datanodeUuid: "ab869ec9-a1da-4eec-ae22-c3ca637d5862"
readChunk {
  blockID {
    containerID: 2
    localID: 113750153625600002
    blockCommitSequenceId: 0
  }
  chunkData {
    chunkName: "113750153625600002_chunk_1"
    offset: 0
    len: 16384
    checksumData {
      type: CRC32
      bytesPerChecksum: 16384
      checksums: "\207$\362("
    }
  }
  readChunkVersion: V1
}
version: 4
 on datanode ab869ec9-a1da-4eec-ae22-c3ca637d5862(localhost/127.0.0.1)
2024-08-15 03:37:25,463 [main] DEBUG scm.XceiverClientGrpc (XceiverClientGrpc.java:sendCommandAsync(571)) - Send command ReadChunk to datanode 127.0.0.1
2024-08-15 03:37:25,465 [grpc-default-executor-3] DEBUG scm.XceiverClientGrpc (XceiverClientGrpc.java:decreasePendingMetricsAndReleaseSemaphore(610)) - Executed command cmdType: ReadChunk
traceID: ""
containerID: 2
datanodeUuid: "ab869ec9-a1da-4eec-ae22-c3ca637d5862"
readChunk {
  blockID {
    containerID: 2
    localID: 113750153625600002
    blockCommitSequenceId: 0
  }
  chunkData {
    chunkName: "113750153625600002_chunk_1"
    offset: 0
    len: 16384
    checksumData {
      type: CRC32
      bytesPerChecksum: 16384
      checksums: "\207$\362("
    }
  }
  readChunkVersion: V1
}
version: 4
 on datanode ab869ec9-a1da-4eec-ae22-c3ca637d5862(localhost/127.0.0.1), cost = 2, cmdType = ReadChunk
2024-08-15 03:37:25,465 [main] DEBUG scm.XceiverClientGrpc (XceiverClientGrpc.java:sendCommandWithRetry(437)) - Executing command cmdType: ReadChunk
traceID: ""
containerID: 2
datanodeUuid: "ab869ec9-a1da-4eec-ae22-c3ca637d5862"
readChunk {
  blockID {
    containerID: 2
    localID: 113750153625600002
    blockCommitSequenceId: 0
  }
  chunkData {
    chunkName: "113750153625600002_chunk_2"
    offset: 16384
    len: 16384
    checksumData {
      type: CRC32
      bytesPerChecksum: 16384
      checksums: "\300\305q\271"
    }
  }
  readChunkVersion: V1
}
version: 4
 on datanode ab869ec9-a1da-4eec-ae22-c3ca637d5862(localhost/127.0.0.1)
2024-08-15 03:37:25,465 [main] DEBUG scm.XceiverClientGrpc (XceiverClientGrpc.java:sendCommandAsync(571)) - Send command ReadChunk to datanode 127.0.0.1
2024-08-15 03:37:25,467 [grpc-default-executor-7] DEBUG scm.XceiverClientGrpc (XceiverClientGrpc.java:decreasePendingMetricsAndReleaseSemaphore(610)) - Executed command cmdType: ReadChunk
traceID: ""
containerID: 2
datanodeUuid: "ab869ec9-a1da-4eec-ae22-c3ca637d5862"
readChunk {
  blockID {
    containerID: 2
    localID: 113750153625600002
    blockCommitSequenceId: 0
  }
  chunkData {
    chunkName: "113750153625600002_chunk_2"
    offset: 16384
    len: 16384
    checksumData {
      type: CRC32
      bytesPerChecksum: 16384
      checksums: "\300\305q\271"
    }
  }
  readChunkVersion: V1
}
version: 4
 on datanode ab869ec9-a1da-4eec-ae22-c3ca637d5862(localhost/127.0.0.1), cost = 1, cmdType = ReadChunk
2024-08-15 03:37:25,471 [main] DEBUG scm.XceiverClientGrpc (XceiverClientGrpc.java:sendCommandWithRetry(437)) - Executing command cmdType: ReadChunk
traceID: ""
containerID: 2
datanodeUuid: "ab869ec9-a1da-4eec-ae22-c3ca637d5862"
readChunk {
  blockID {
    containerID: 2
    localID: 113750153625600002
    blockCommitSequenceId: 0
  }
  chunkData {
    chunkName: "113750153625600002_chunk_3"
    offset: 32768
    len: 16384
    checksumData {
      type: CRC32
      bytesPerChecksum: 16384
      checksums: "\\\327\f "
    }
  }
  readChunkVersion: V1
}
version: 4
 on datanode ab869ec9-a1da-4eec-ae22-c3ca637d5862(localhost/127.0.0.1)
2024-08-15 03:37:25,471 [main] DEBUG scm.XceiverClientGrpc (XceiverClientGrpc.java:sendCommandAsync(571)) - Send command ReadChunk to datanode 127.0.0.1
2024-08-15 03:37:25,474 [grpc-default-executor-3] DEBUG scm.XceiverClientGrpc (XceiverClientGrpc.java:decreasePendingMetricsAndReleaseSemaphore(610)) - Executed command cmdType: ReadChunk
traceID: ""
containerID: 2
datanodeUuid: "ab869ec9-a1da-4eec-ae22-c3ca637d5862"
readChunk {
  blockID {
    containerID: 2
    localID: 113750153625600002
    blockCommitSequenceId: 0
  }
  chunkData {
    chunkName: "113750153625600002_chunk_3"
    offset: 32768
    len: 16384
    checksumData {
      type: CRC32
      bytesPerChecksum: 16384
      checksums: "\\\327\f "
    }
  }
  readChunkVersion: V1
}
version: 4
 on datanode ab869ec9-a1da-4eec-ae22-c3ca637d5862(localhost/127.0.0.1), cost = 2, cmdType = ReadChunk
2024-08-15 03:37:25,475 [main] DEBUG scm.XceiverClientGrpc (XceiverClientGrpc.java:sendCommandWithRetry(437)) - Executing command cmdType: ReadChunk
traceID: ""
containerID: 2
datanodeUuid: "ab869ec9-a1da-4eec-ae22-c3ca637d5862"
readChunk {
  blockID {
    containerID: 2
    localID: 113750153625600002
    blockCommitSequenceId: 0
  }
  chunkData {
    chunkName: "113750153625600002_chunk_4"
    offset: 49152
    len: 16384
    checksumData {
      type: CRC32
      bytesPerChecksum: 16384
      checksums: "2\221g\203"
    }
  }
  readChunkVersion: V1
}
version: 4
 on datanode ab869ec9-a1da-4eec-ae22-c3ca637d5862(localhost/127.0.0.1)
2024-08-15 03:37:25,475 [main] DEBUG scm.XceiverClientGrpc (XceiverClientGrpc.java:sendCommandAsync(571)) - Send command ReadChunk to datanode 127.0.0.1
2024-08-15 03:37:25,477 [grpc-default-executor-7] DEBUG scm.XceiverClientGrpc (XceiverClientGrpc.java:decreasePendingMetricsAndReleaseSemaphore(610)) - Executed command cmdType: ReadChunk
traceID: ""
containerID: 2
datanodeUuid: "ab869ec9-a1da-4eec-ae22-c3ca637d5862"
readChunk {
  blockID {
    containerID: 2
    localID: 113750153625600002
    blockCommitSequenceId: 0
  }
  chunkData {
    chunkName: "113750153625600002_chunk_4"
    offset: 49152
    len: 16384
    checksumData {
      type: CRC32
      bytesPerChecksum: 16384
      checksums: "2\221g\203"
    }
  }
  readChunkVersion: V1
}
version: 4
 on datanode ab869ec9-a1da-4eec-ae22-c3ca637d5862(localhost/127.0.0.1), cost = 2, cmdType = ReadChunk
2024-08-15 03:37:25,484 [main] INFO  ozone.MiniOzoneClusterImpl (MiniOzoneClusterImpl.java:shutdown(410)) - Shutting down the Mini Ozone Cluster
2024-08-15 03:37:25,484 [main] INFO  db.CodecTestUtil (CodecTestUtil.java:gc(50)) - gc 0
2024-08-15 03:37:25,670 [main] INFO  ozone.MiniOzoneClusterImpl (MiniOzoneClusterImpl.java:stop(426)) - Stopping the Mini Ozone Cluster
2024-08-15 03:37:25,670 [main] INFO  om.OzoneManager (OzoneManager.java:stop(2256)) - om1[localhost:15214]: Stopping Ozone Manager
2024-08-15 03:37:25,670 [main] INFO  ipc.Server (Server.java:stop(3523)) - Stopping server on 15214
2024-08-15 03:37:25,672 [IPC Server listener on 15214] INFO  ipc.Server (Server.java:run(1434)) - Stopping IPC Server listener on 15214
2024-08-15 03:37:25,672 [main] INFO  ratis.OzoneManagerDoubleBuffer (OzoneManagerDoubleBuffer.java:stopDaemon(517)) - Stopping OMDoubleBuffer flush thread
2024-08-15 03:37:25,673 [OMDoubleBufferFlushThread] INFO  ratis.OzoneManagerDoubleBuffer (OzoneManagerDoubleBuffer.java:canFlush(581)) - OMDoubleBuffer flush thread OMDoubleBufferFlushThread is interrupted and will exit.
2024-08-15 03:37:25,672 [IPC Server Responder] INFO  ipc.Server (Server.java:run(1567)) - Stopping IPC Server Responder
2024-08-15 03:37:25,673 [main] INFO  utils.BackgroundService (BackgroundService.java:shutdown(163)) - Shutting down service KeyDeletingService
2024-08-15 03:37:25,673 [main] INFO  utils.BackgroundService (BackgroundService.java:shutdown(163)) - Shutting down service DirectoryDeletingService
2024-08-15 03:37:25,673 [main] INFO  utils.BackgroundService (BackgroundService.java:shutdown(163)) - Shutting down service OpenKeyCleanupService
2024-08-15 03:37:25,673 [main] INFO  utils.BackgroundService (BackgroundService.java:shutdown(163)) - Shutting down service SstFilteringService
2024-08-15 03:37:25,673 [main] INFO  utils.BackgroundService (BackgroundService.java:shutdown(163)) - Shutting down service SnapshotDeletingService
2024-08-15 03:37:25,674 [main] INFO  utils.BackgroundService (BackgroundService.java:shutdown(163)) - Shutting down service MultipartUploadCleanupService
2024-08-15 03:37:25,674 [main] INFO  utils.BackgroundService (BackgroundService.java:shutdown(163)) - Shutting down service SnapshotDirectoryCleaningService
2024-08-15 03:37:25,674 [main] INFO  handler.ContextHandler (ContextHandler.java:doStop(1159)) - Stopped o.e.j.w.WebAppContext@5b71d8bc{ozoneManager,/,null,STOPPED}{file:/home/runner/work/ozone/ozone/hadoop-ozone/integration-test/target/test-classes/webapps/ozoneManager}
2024-08-15 03:37:25,675 [main] INFO  server.AbstractConnector (AbstractConnector.java:doStop(383)) - Stopped ServerConnector@7e6d6279{HTTP/1.1, (http/1.1)}{0.0.0.0:15215}
2024-08-15 03:37:25,675 [main] INFO  server.session (HouseKeeper.java:stopScavenging(149)) - node0 Stopped scavenging
2024-08-15 03:37:25,675 [main] INFO  handler.ContextHandler (ContextHandler.java:doStop(1159)) - Stopped o.e.j.s.ServletContextHandler@2eb78c9c{static,/static,file:///home/runner/work/ozone/ozone/hadoop-ozone/integration-test/target/test-classes/webapps/static,STOPPED}
2024-08-15 03:37:25,676 [main] INFO  handler.ContextHandler (ContextHandler.java:doStop(1159)) - Stopped o.e.j.s.ServletContextHandler@3e7431f5{logs,/logs,file:///home/runner/work/ozone/ozone/hadoop-ozone/integration-test/target/log,STOPPED}
2024-08-15 03:37:25,676 [main] INFO  rocksdiff.RocksDBCheckpointDiffer (RocksDBCheckpointDiffer.java:close(306)) - Shutting down CompactionDagPruningService.
2024-08-15 03:37:25,678 [main] INFO  snapshot.SnapshotDiffManager (SnapshotDiffManager.java:closeExecutorService(1657)) - Shutting down executorService: 'SnapDiffExecutor'
2024-08-15 03:37:25,678 [main] INFO  utils.BackgroundService (BackgroundService.java:shutdown(163)) - Shutting down service SnapshotDiffCleanupService
2024-08-15 03:37:25,679 [JvmPauseMonitor31] INFO  util.JvmPauseMonitor (JvmPauseMonitor.java:run(152)) - JvmPauseMonitor-977f532a-1be9-428b-ab91-373aa5459070: Stopped
2024-08-15 03:37:25,679 [main] INFO  ozone.MiniOzoneClusterImpl (MiniOzoneClusterImpl.java:stopDatanodes(485)) - Stopping the HddsDatanodes
2024-08-15 03:37:25,681 [ForkJoinPool.commonPool-worker-1] INFO  ozoneimpl.OzoneContainer (OzoneContainer.java:stop(497)) - Attempting to stop container services.
2024-08-15 03:37:25,682 [ContainerMetadataScanner] WARN  ozoneimpl.AbstractBackgroundContainerScanner (AbstractBackgroundContainerScanner.java:handleRemainingSleep(134)) - Background container scan was interrupted.
2024-08-15 03:37:25,682 [ContainerMetadataScanner] INFO  ozoneimpl.AbstractBackgroundContainerScanner (AbstractBackgroundContainerScanner.java:run(61)) - Thread[ContainerMetadataScanner,5,main] exiting.
2024-08-15 03:37:25,682 [ForkJoinPool.commonPool-worker-3] INFO  ozoneimpl.OzoneContainer (OzoneContainer.java:stop(497)) - Attempting to stop container services.
2024-08-15 03:37:25,682 [ContainerMetadataScanner] WARN  ozoneimpl.AbstractBackgroundContainerScanner (AbstractBackgroundContainerScanner.java:handleRemainingSleep(134)) - Background container scan was interrupted.
2024-08-15 03:37:25,682 [ForkJoinPool.commonPool-worker-1] INFO  ozoneimpl.BackgroundContainerDataScanner (BackgroundContainerDataScanner.java:shutdown(141)) - ContainerDataScanner(/home/runner/work/ozone/ozone/hadoop-ozone/integration-test/target/test-dir/MiniOzoneClusterImpl-defbb36e-87e0-488b-866f-35c0fcf0d8c3/ozone-meta/datanode-1/data-0/hdds) is shutting down. 
2024-08-15 03:37:25,682 [ContainerDataScanner(/home/runner/work/ozone/ozone/hadoop-ozone/integration-test/target/test-dir/MiniOzoneClusterImpl-defbb36e-87e0-488b-866f-35c0fcf0d8c3/ozone-meta/datanode-1/data-0/hdds)] WARN  ozoneimpl.AbstractBackgroundContainerScanner (AbstractBackgroundContainerScanner.java:handleRemainingSleep(134)) - Background container scan was interrupted.
2024-08-15 03:37:25,683 [ContainerDataScanner(/home/runner/work/ozone/ozone/hadoop-ozone/integration-test/target/test-dir/MiniOzoneClusterImpl-defbb36e-87e0-488b-866f-35c0fcf0d8c3/ozone-meta/datanode-1/data-0/hdds)] INFO  ozoneimpl.AbstractBackgroundContainerScanner (AbstractBackgroundContainerScanner.java:run(61)) - ContainerDataScanner(/home/runner/work/ozone/ozone/hadoop-ozone/integration-test/target/test-dir/MiniOzoneClusterImpl-defbb36e-87e0-488b-866f-35c0fcf0d8c3/ozone-meta/datanode-1/data-0/hdds, DS-3a7b2004-07eb-49e0-97d1-780caee36b8b) exiting.
2024-08-15 03:37:25,683 [ForkJoinPool.commonPool-worker-1] INFO  ozoneimpl.OnDemandContainerDataScanner (OnDemandContainerDataScanner.java:shutdownScanner(206)) - On-demand container scanner is shutting down.
2024-08-15 03:37:25,682 [ContainerMetadataScanner] INFO  ozoneimpl.AbstractBackgroundContainerScanner (AbstractBackgroundContainerScanner.java:run(61)) - Thread[ContainerMetadataScanner,5,main] exiting.
2024-08-15 03:37:25,683 [main] INFO  ozoneimpl.OzoneContainer (OzoneContainer.java:stop(497)) - Attempting to stop container services.
2024-08-15 03:37:25,683 [ContainerMetadataScanner] WARN  ozoneimpl.AbstractBackgroundContainerScanner (AbstractBackgroundContainerScanner.java:handleRemainingSleep(134)) - Background container scan was interrupted.
2024-08-15 03:37:25,683 [ContainerMetadataScanner] INFO  ozoneimpl.AbstractBackgroundContainerScanner (AbstractBackgroundContainerScanner.java:run(61)) - Thread[ContainerMetadataScanner,5,main] exiting.
2024-08-15 03:37:25,683 [main] INFO  ozoneimpl.BackgroundContainerDataScanner (BackgroundContainerDataScanner.java:shutdown(141)) - ContainerDataScanner(/home/runner/work/ozone/ozone/hadoop-ozone/integration-test/target/test-dir/MiniOzoneClusterImpl-defbb36e-87e0-488b-866f-35c0fcf0d8c3/ozone-meta/datanode-2/data-0/hdds) is shutting down. 
2024-08-15 03:37:25,683 [ContainerDataScanner(/home/runner/work/ozone/ozone/hadoop-ozone/integration-test/target/test-dir/MiniOzoneClusterImpl-defbb36e-87e0-488b-866f-35c0fcf0d8c3/ozone-meta/datanode-2/data-0/hdds)] WARN  ozoneimpl.AbstractBackgroundContainerScanner (AbstractBackgroundContainerScanner.java:handleRemainingSleep(134)) - Background container scan was interrupted.
2024-08-15 03:37:25,684 [ContainerDataScanner(/home/runner/work/ozone/ozone/hadoop-ozone/integration-test/target/test-dir/MiniOzoneClusterImpl-defbb36e-87e0-488b-866f-35c0fcf0d8c3/ozone-meta/datanode-2/data-0/hdds)] INFO  ozoneimpl.AbstractBackgroundContainerScanner (AbstractBackgroundContainerScanner.java:run(61)) - ContainerDataScanner(/home/runner/work/ozone/ozone/hadoop-ozone/integration-test/target/test-dir/MiniOzoneClusterImpl-defbb36e-87e0-488b-866f-35c0fcf0d8c3/ozone-meta/datanode-2/data-0/hdds, DS-224e1d76-715b-417a-a515-a5225693622d) exiting.
2024-08-15 03:37:25,683 [ForkJoinPool.commonPool-worker-3] INFO  ozoneimpl.BackgroundContainerDataScanner (BackgroundContainerDataScanner.java:shutdown(141)) - ContainerDataScanner(/home/runner/work/ozone/ozone/hadoop-ozone/integration-test/target/test-dir/MiniOzoneClusterImpl-defbb36e-87e0-488b-866f-35c0fcf0d8c3/ozone-meta/datanode-3/data-0/hdds) is shutting down. 
2024-08-15 03:37:25,684 [ContainerDataScanner(/home/runner/work/ozone/ozone/hadoop-ozone/integration-test/target/test-dir/MiniOzoneClusterImpl-defbb36e-87e0-488b-866f-35c0fcf0d8c3/ozone-meta/datanode-3/data-0/hdds)] WARN  ozoneimpl.AbstractBackgroundContainerScanner (AbstractBackgroundContainerScanner.java:handleRemainingSleep(134)) - Background container scan was interrupted.
2024-08-15 03:37:25,684 [ContainerDataScanner(/home/runner/work/ozone/ozone/hadoop-ozone/integration-test/target/test-dir/MiniOzoneClusterImpl-defbb36e-87e0-488b-866f-35c0fcf0d8c3/ozone-meta/datanode-3/data-0/hdds)] INFO  ozoneimpl.AbstractBackgroundContainerScanner (AbstractBackgroundContainerScanner.java:run(61)) - ContainerDataScanner(/home/runner/work/ozone/ozone/hadoop-ozone/integration-test/target/test-dir/MiniOzoneClusterImpl-defbb36e-87e0-488b-866f-35c0fcf0d8c3/ozone-meta/datanode-3/data-0/hdds, DS-aec31391-b144-4d29-a907-5acaf863188c) exiting.
2024-08-15 03:37:25,684 [main] INFO  ratis.XceiverServerRatis (XceiverServerRatis.java:stop(597)) - Stopping XceiverServerRatis 398215a5-964b-4dc4-b31b-bbd09ffd15fb
2024-08-15 03:37:25,684 [ForkJoinPool.commonPool-worker-3] INFO  ratis.XceiverServerRatis (XceiverServerRatis.java:stop(597)) - Stopping XceiverServerRatis cd98677a-ad7a-47a4-bd04-3d82e218dd7d
2024-08-15 03:37:25,684 [ForkJoinPool.commonPool-worker-1] INFO  ratis.XceiverServerRatis (XceiverServerRatis.java:stop(597)) - Stopping XceiverServerRatis ab869ec9-a1da-4eec-ae22-c3ca637d5862
2024-08-15 03:37:25,684 [ForkJoinPool.commonPool-worker-1] INFO  server.RaftServer (RaftServerProxy.java:lambda$close$9(418)) - ab869ec9-a1da-4eec-ae22-c3ca637d5862: close
2024-08-15 03:37:25,684 [ForkJoinPool.commonPool-worker-3] INFO  server.RaftServer (RaftServerProxy.java:lambda$close$9(418)) - cd98677a-ad7a-47a4-bd04-3d82e218dd7d: close
2024-08-15 03:37:25,684 [ab869ec9-a1da-4eec-ae22-c3ca637d5862-impl-thread1] INFO  server.RaftServer$Division (RaftServerImpl.java:lambda$close$1(501)) - ab869ec9-a1da-4eec-ae22-c3ca637d5862@group-89CEF1657FB2: shutdown
2024-08-15 03:37:25,685 [ab869ec9-a1da-4eec-ae22-c3ca637d5862-impl-thread1] INFO  util.JmxRegister (JmxRegister.java:unregister(74)) - Successfully un-registered JMX Bean with object name Ratis:service=RaftServer,group=group-89CEF1657FB2,id=ab869ec9-a1da-4eec-ae22-c3ca637d5862
2024-08-15 03:37:25,685 [ab869ec9-a1da-4eec-ae22-c3ca637d5862-impl-thread1] INFO  impl.RoleInfo (RoleInfo.java:shutdownLeaderState(103)) - ab869ec9-a1da-4eec-ae22-c3ca637d5862: shutdown ab869ec9-a1da-4eec-ae22-c3ca637d5862@group-89CEF1657FB2-LeaderStateImpl
2024-08-15 03:37:25,685 [ab869ec9-a1da-4eec-ae22-c3ca637d5862-impl-thread2] INFO  server.RaftServer$Division (RaftServerImpl.java:lambda$close$1(501)) - ab869ec9-a1da-4eec-ae22-c3ca637d5862@group-0BE793329E8F: shutdown
2024-08-15 03:37:25,685 [ab869ec9-a1da-4eec-ae22-c3ca637d5862-impl-thread1] INFO  impl.PendingRequests (PendingRequests.java:sendNotLeaderResponses(287)) - ab869ec9-a1da-4eec-ae22-c3ca637d5862@group-89CEF1657FB2-PendingRequests: sendNotLeaderResponses
2024-08-15 03:37:25,685 [ab869ec9-a1da-4eec-ae22-c3ca637d5862@group-89CEF1657FB2->cd98677a-ad7a-47a4-bd04-3d82e218dd7d-GrpcLogAppender-LogAppenderDaemon] WARN  server.GrpcLogAppender (GrpcLogAppender.java:mayWait(293)) - ab869ec9-a1da-4eec-ae22-c3ca637d5862@group-89CEF1657FB2->cd98677a-ad7a-47a4-bd04-3d82e218dd7d-GrpcLogAppender: Wait interrupted by java.lang.InterruptedException
2024-08-15 03:37:25,685 [cd98677a-ad7a-47a4-bd04-3d82e218dd7d-impl-thread2] INFO  server.RaftServer$Division (RaftServerImpl.java:lambda$close$1(501)) - cd98677a-ad7a-47a4-bd04-3d82e218dd7d@group-7632133483E8: shutdown
2024-08-15 03:37:25,685 [cd98677a-ad7a-47a4-bd04-3d82e218dd7d-impl-thread2] INFO  util.JmxRegister (JmxRegister.java:unregister(74)) - Successfully un-registered JMX Bean with object name Ratis:service=RaftServer,group=group-7632133483E8,id=cd98677a-ad7a-47a4-bd04-3d82e218dd7d
2024-08-15 03:37:25,685 [cd98677a-ad7a-47a4-bd04-3d82e218dd7d-impl-thread2] INFO  impl.RoleInfo (RoleInfo.java:shutdownFollowerState(119)) - cd98677a-ad7a-47a4-bd04-3d82e218dd7d: shutdown cd98677a-ad7a-47a4-bd04-3d82e218dd7d@group-7632133483E8-FollowerState
2024-08-15 03:37:25,685 [cd98677a-ad7a-47a4-bd04-3d82e218dd7d@group-7632133483E8-StateMachineUpdater] INFO  ratis.ContainerStateMachine (ContainerStateMachine.java:takeSnapshot(363)) - group-7632133483E8: Taking a snapshot at:(t:1, i:28) file /home/runner/work/ozone/ozone/hadoop-ozone/integration-test/target/test-dir/MiniOzoneClusterImpl-defbb36e-87e0-488b-866f-35c0fcf0d8c3/ozone-meta/datanode-3/ratis/06141354-55e8-4f53-bb23-7632133483e8/sm/snapshot.1_28
2024-08-15 03:37:25,685 [cd98677a-ad7a-47a4-bd04-3d82e218dd7d@group-7632133483E8-FollowerState] INFO  impl.FollowerState (FollowerState.java:run(153)) - cd98677a-ad7a-47a4-bd04-3d82e218dd7d@group-7632133483E8-FollowerState was interrupted
2024-08-15 03:37:25,686 [cd98677a-ad7a-47a4-bd04-3d82e218dd7d-impl-thread2] INFO  impl.StateMachineUpdater (StateMachineUpdater.java:stopAndJoin(164)) - cd98677a-ad7a-47a4-bd04-3d82e218dd7d@group-7632133483E8-StateMachineUpdater: set stopIndex = 28
2024-08-15 03:37:25,686 [ForkJoinPool.commonPool-worker-3] INFO  server.GrpcService (GrpcService.java:closeImpl(311)) - cd98677a-ad7a-47a4-bd04-3d82e218dd7d: shutdown server GrpcServerProtocolService now
2024-08-15 03:37:25,686 [ab869ec9-a1da-4eec-ae22-c3ca637d5862-impl-thread3] INFO  server.RaftServer$Division (RaftServerImpl.java:lambda$close$1(501)) - ab869ec9-a1da-4eec-ae22-c3ca637d5862@group-7632133483E8: shutdown
2024-08-15 03:37:25,686 [ab869ec9-a1da-4eec-ae22-c3ca637d5862-impl-thread3] INFO  util.JmxRegister (JmxRegister.java:unregister(74)) - Successfully un-registered JMX Bean with object name Ratis:service=RaftServer,group=group-7632133483E8,id=ab869ec9-a1da-4eec-ae22-c3ca637d5862
2024-08-15 03:37:25,686 [ab869ec9-a1da-4eec-ae22-c3ca637d5862-impl-thread3] INFO  impl.RoleInfo (RoleInfo.java:shutdownFollowerState(119)) - ab869ec9-a1da-4eec-ae22-c3ca637d5862: shutdown ab869ec9-a1da-4eec-ae22-c3ca637d5862@group-7632133483E8-FollowerState
2024-08-15 03:37:25,684 [main] INFO  server.RaftServer (RaftServerProxy.java:lambda$close$9(418)) - 398215a5-964b-4dc4-b31b-bbd09ffd15fb: close
2024-08-15 03:37:25,688 [398215a5-964b-4dc4-b31b-bbd09ffd15fb-impl-thread1] INFO  server.RaftServer$Division (RaftServerImpl.java:lambda$close$1(501)) - 398215a5-964b-4dc4-b31b-bbd09ffd15fb@group-89CEF1657FB2: shutdown
2024-08-15 03:37:25,688 [398215a5-964b-4dc4-b31b-bbd09ffd15fb-impl-thread1] INFO  util.JmxRegister (JmxRegister.java:unregister(74)) - Successfully un-registered JMX Bean with object name Ratis:service=RaftServer,group=group-89CEF1657FB2,id=398215a5-964b-4dc4-b31b-bbd09ffd15fb
2024-08-15 03:37:25,688 [398215a5-964b-4dc4-b31b-bbd09ffd15fb-impl-thread1] INFO  impl.RoleInfo (RoleInfo.java:shutdownFollowerState(119)) - 398215a5-964b-4dc4-b31b-bbd09ffd15fb: shutdown 398215a5-964b-4dc4-b31b-bbd09ffd15fb@group-89CEF1657FB2-FollowerState
2024-08-15 03:37:25,688 [grpc-default-executor-4] WARN  server.GrpcLogAppender (GrpcLogAppender.java:lambda$resetClient$1(221)) - 398215a5-964b-4dc4-b31b-bbd09ffd15fb@group-7632133483E8->cd98677a-ad7a-47a4-bd04-3d82e218dd7d-GrpcLogAppender: Follower failed (request=null, errorCount=1); keep nextIndex (30) unchanged and retry.
2024-08-15 03:37:25,688 [ForkJoinPool.commonPool-worker-3] INFO  server.GrpcService (GrpcService.java:closeImpl(320)) - cd98677a-ad7a-47a4-bd04-3d82e218dd7d: shutdown server GrpcServerProtocolService successfully
2024-08-15 03:37:25,688 [grpc-default-executor-5] INFO  server.GrpcLogAppender (GrpcLogAppender.java:onError(537)) - ab869ec9-a1da-4eec-ae22-c3ca637d5862@group-89CEF1657FB2->cd98677a-ad7a-47a4-bd04-3d82e218dd7d-GrpcLogAppender is already stopped
2024-08-15 03:37:25,689 [main] INFO  server.GrpcService (GrpcService.java:closeImpl(311)) - 398215a5-964b-4dc4-b31b-bbd09ffd15fb: shutdown server GrpcServerProtocolService now
2024-08-15 03:37:25,690 [ab869ec9-a1da-4eec-ae22-c3ca637d5862@group-7632133483E8-FollowerState] INFO  impl.FollowerState (FollowerState.java:run(153)) - ab869ec9-a1da-4eec-ae22-c3ca637d5862@group-7632133483E8-FollowerState was interrupted
2024-08-15 03:37:25,690 [398215a5-964b-4dc4-b31b-bbd09ffd15fb@group-89CEF1657FB2-StateMachineUpdater] INFO  ratis.ContainerStateMachine (ContainerStateMachine.java:takeSnapshot(363)) - group-89CEF1657FB2: Taking a snapshot at:(t:1, i:20) file /home/runner/work/ozone/ozone/hadoop-ozone/integration-test/target/test-dir/MiniOzoneClusterImpl-defbb36e-87e0-488b-866f-35c0fcf0d8c3/ozone-meta/datanode-2/ratis/542b0424-40cf-456c-9ad4-89cef1657fb2/sm/snapshot.1_20
2024-08-15 03:37:25,688 [grpc-default-executor-8] WARN  server.GrpcServerProtocolService (LogUtils.java:warn(121)) - cd98677a-ad7a-47a4-bd04-3d82e218dd7d: APPEND_ENTRIES onError, lastRequest: null: org.apache.ratis.thirdparty.io.grpc.StatusRuntimeException: CANCELLED: client cancelled
2024-08-15 03:37:25,687 [grpc-default-executor-0] WARN  server.GrpcLogAppender (LogUtils.java:warn(121)) - 398215a5-964b-4dc4-b31b-bbd09ffd15fb@group-7632133483E8->cd98677a-ad7a-47a4-bd04-3d82e218dd7d-AppendLogResponseHandler: Failed appendEntries: org.apache.ratis.thirdparty.io.grpc.StatusRuntimeException: CANCELLED: RST_STREAM closed stream. HTTP/2 error code: CANCEL
2024-08-15 03:37:25,687 [grpc-default-executor-7] INFO  server.GrpcServerProtocolService (GrpcServerProtocolService.java:onCompleted(157)) - cd98677a-ad7a-47a4-bd04-3d82e218dd7d: Completed APPEND_ENTRIES, lastRequest: ab869ec9-a1da-4eec-ae22-c3ca637d5862->cd98677a-ad7a-47a4-bd04-3d82e218dd7d#37-t1,previous=(t:1, i:20),leaderCommit=20,initializing? false,entries: size=1, first=(t:1, i:21), METADATAENTRY(c:20)
2024-08-15 03:37:25,690 [grpc-default-executor-7] INFO  server.GrpcServerProtocolService (GrpcServerProtocolService.java:lambda$onCompleted$5(159)) - cd98677a-ad7a-47a4-bd04-3d82e218dd7d: Completed APPEND_ENTRIES, lastReply: null
2024-08-15 03:37:25,691 [grpc-default-executor-0] WARN  server.GrpcClientProtocolService (LogUtils.java:warn(121)) - 0-OrderedRequestStreamObserver0: onError: org.apache.ratis.thirdparty.io.grpc.StatusRuntimeException: CANCELLED: client cancelled
2024-08-15 03:37:25,691 [grpc-default-executor-7] WARN  server.GrpcClientProtocolService (LogUtils.java:warn(121)) - 1-UnorderedRequestStreamObserver1: onError: org.apache.ratis.thirdparty.io.grpc.StatusRuntimeException: CANCELLED: client cancelled
2024-08-15 03:37:25,691 [grpc-default-executor-0] WARN  server.GrpcServerProtocolService (LogUtils.java:warn(121)) - 398215a5-964b-4dc4-b31b-bbd09ffd15fb: APPEND_ENTRIES onError, lastRequest: null: org.apache.ratis.thirdparty.io.grpc.StatusRuntimeException: CANCELLED: client cancelled
2024-08-15 03:37:25,691 [grpc-default-executor-7] WARN  server.GrpcServerProtocolService (LogUtils.java:warn(121)) - 398215a5-964b-4dc4-b31b-bbd09ffd15fb: APPEND_ENTRIES onError, lastRequest: ab869ec9-a1da-4eec-ae22-c3ca637d5862->398215a5-964b-4dc4-b31b-bbd09ffd15fb#47-t1,previous=(t:1, i:20),leaderCommit=20,initializing? false,entries: size=1, first=(t:1, i:21), METADATAENTRY(c:20): org.apache.ratis.thirdparty.io.grpc.StatusRuntimeException: CANCELLED: client cancelled
2024-08-15 03:37:25,691 [grpc-default-executor-0] INFO  server.GrpcLogAppender (GrpcLogAppender.java:onError(537)) - ab869ec9-a1da-4eec-ae22-c3ca637d5862@group-89CEF1657FB2->398215a5-964b-4dc4-b31b-bbd09ffd15fb-GrpcLogAppender is already stopped
2024-08-15 03:37:25,687 [grpc-default-executor-9] INFO  server.GrpcLogAppender (GrpcLogAppender.java:onError(537)) - ab869ec9-a1da-4eec-ae22-c3ca637d5862@group-89CEF1657FB2->cd98677a-ad7a-47a4-bd04-3d82e218dd7d-GrpcLogAppender is already stopped
2024-08-15 03:37:25,687 [cd98677a-ad7a-47a4-bd04-3d82e218dd7d@group-7632133483E8-StateMachineUpdater] INFO  ratis.ContainerStateMachine (ContainerStateMachine.java:takeSnapshot(374)) - group-7632133483E8: Finished taking a snapshot at:(t:1, i:28) file:/home/runner/work/ozone/ozone/hadoop-ozone/integration-test/target/test-dir/MiniOzoneClusterImpl-defbb36e-87e0-488b-866f-35c0fcf0d8c3/ozone-meta/datanode-3/ratis/06141354-55e8-4f53-bb23-7632133483e8/sm/snapshot.1_28 took: 1 ms
2024-08-15 03:37:25,687 [grpc-default-executor-6] WARN  server.GrpcServerProtocolService (LogUtils.java:warn(121)) - cd98677a-ad7a-47a4-bd04-3d82e218dd7d: APPEND_ENTRIES onError, lastRequest: 398215a5-964b-4dc4-b31b-bbd09ffd15fb->cd98677a-ad7a-47a4-bd04-3d82e218dd7d#58-t1,previous=(t:1, i:28),leaderCommit=28,initializing? false,entries: size=1, first=(t:1, i:29), METADATAENTRY(c:28): org.apache.ratis.thirdparty.io.grpc.StatusRuntimeException: CANCELLED: client cancelled
2024-08-15 03:37:25,692 [cd98677a-ad7a-47a4-bd04-3d82e218dd7d@group-7632133483E8-StateMachineUpdater] INFO  impl.StateMachineUpdater (StateMachineUpdater.java:takeSnapshot(303)) - cd98677a-ad7a-47a4-bd04-3d82e218dd7d@group-7632133483E8-StateMachineUpdater: Took a snapshot at index 28
2024-08-15 03:37:25,692 [cd98677a-ad7a-47a4-bd04-3d82e218dd7d@group-7632133483E8-StateMachineUpdater] INFO  impl.StateMachineUpdater (StateMachineUpdater.java:lambda$new$0(102)) - cd98677a-ad7a-47a4-bd04-3d82e218dd7d@group-7632133483E8-StateMachineUpdater: snapshotIndex: updateIncreasingly -1 -> 28
2024-08-15 03:37:25,692 [cd98677a-ad7a-47a4-bd04-3d82e218dd7d@group-7632133483E8-StateMachineUpdater] INFO  impl.StateMachineUpdater (StateMachineUpdater.java:stop(141)) - cd98677a-ad7a-47a4-bd04-3d82e218dd7d@group-7632133483E8-StateMachineUpdater: closing ContainerStateMachine, lastApplied=(t:1, i:28)
2024-08-15 03:37:25,686 [cd98677a-ad7a-47a4-bd04-3d82e218dd7d-impl-thread3] INFO  server.RaftServer$Division (RaftServerImpl.java:lambda$close$1(501)) - cd98677a-ad7a-47a4-bd04-3d82e218dd7d@group-6E3B6D850C69: shutdown
2024-08-15 03:37:25,693 [cd98677a-ad7a-47a4-bd04-3d82e218dd7d-impl-thread3] INFO  util.JmxRegister (JmxRegister.java:unregister(74)) - Successfully un-registered JMX Bean with object name Ratis:service=RaftServer,group=group-6E3B6D850C69,id=cd98677a-ad7a-47a4-bd04-3d82e218dd7d
2024-08-15 03:37:25,693 [cd98677a-ad7a-47a4-bd04-3d82e218dd7d-impl-thread3] INFO  impl.RoleInfo (RoleInfo.java:shutdownLeaderState(103)) - cd98677a-ad7a-47a4-bd04-3d82e218dd7d: shutdown cd98677a-ad7a-47a4-bd04-3d82e218dd7d@group-6E3B6D850C69-LeaderStateImpl
2024-08-15 03:37:25,693 [cd98677a-ad7a-47a4-bd04-3d82e218dd7d-impl-thread3] INFO  impl.PendingRequests (PendingRequests.java:sendNotLeaderResponses(287)) - cd98677a-ad7a-47a4-bd04-3d82e218dd7d@group-6E3B6D850C69-PendingRequests: sendNotLeaderResponses
2024-08-15 03:37:25,693 [cd98677a-ad7a-47a4-bd04-3d82e218dd7d-impl-thread3] INFO  impl.StateMachineUpdater (StateMachineUpdater.java:stopAndJoin(164)) - cd98677a-ad7a-47a4-bd04-3d82e218dd7d@group-6E3B6D850C69-StateMachineUpdater: set stopIndex = 0
2024-08-15 03:37:25,693 [cd98677a-ad7a-47a4-bd04-3d82e218dd7d@group-7632133483E8-cacheEviction-AwaitToRun] INFO  util.AwaitToRun (AwaitToRun.java:run(49)) - cd98677a-ad7a-47a4-bd04-3d82e218dd7d@group-7632133483E8-cacheEviction-AwaitToRun-AwaitForSignal is interrupted
2024-08-15 03:37:25,686 [grpc-default-executor-3] INFO  server.GrpcServerProtocolService (GrpcServerProtocolService.java:onCompleted(157)) - cd98677a-ad7a-47a4-bd04-3d82e218dd7d: Completed APPEND_ENTRIES, lastRequest: null
2024-08-15 03:37:25,685 [ab869ec9-a1da-4eec-ae22-c3ca637d5862@group-89CEF1657FB2->398215a5-964b-4dc4-b31b-bbd09ffd15fb-GrpcLogAppender-LogAppenderDaemon] WARN  server.GrpcLogAppender (GrpcLogAppender.java:mayWait(293)) - ab869ec9-a1da-4eec-ae22-c3ca637d5862@group-89CEF1657FB2->398215a5-964b-4dc4-b31b-bbd09ffd15fb-GrpcLogAppender: Wait interrupted by java.lang.InterruptedException
2024-08-15 03:37:25,685 [ab869ec9-a1da-4eec-ae22-c3ca637d5862-impl-thread2] INFO  util.JmxRegister (JmxRegister.java:unregister(74)) - Successfully un-registered JMX Bean with object name Ratis:service=RaftServer,group=group-0BE793329E8F,id=ab869ec9-a1da-4eec-ae22-c3ca637d5862
2024-08-15 03:37:25,694 [ab869ec9-a1da-4eec-ae22-c3ca637d5862-impl-thread2] INFO  impl.RoleInfo (RoleInfo.java:shutdownLeaderState(103)) - ab869ec9-a1da-4eec-ae22-c3ca637d5862: shutdown ab869ec9-a1da-4eec-ae22-c3ca637d5862@group-0BE793329E8F-LeaderStateImpl
2024-08-15 03:37:25,694 [ab869ec9-a1da-4eec-ae22-c3ca637d5862-impl-thread2] INFO  impl.PendingRequests (PendingRequests.java:sendNotLeaderResponses(287)) - ab869ec9-a1da-4eec-ae22-c3ca637d5862@group-0BE793329E8F-PendingRequests: sendNotLeaderResponses
2024-08-15 03:37:25,694 [grpc-default-executor-3] INFO  server.GrpcServerProtocolService (GrpcServerProtocolService.java:lambda$onCompleted$5(159)) - cd98677a-ad7a-47a4-bd04-3d82e218dd7d: Completed APPEND_ENTRIES, lastReply: serverReply {
  requestorId: "ab869ec9-a1da-4eec-ae22-c3ca637d5862"
  replyId: "cd98677a-ad7a-47a4-bd04-3d82e218dd7d"
  raftGroupId {
    id: "T+\004$@\317El\232\324\211\316\361e\177\262"
  }
  callId: 20
  success: true
}
term: 1
nextIndex: 10
followerCommit: 9
matchIndex: 18446744073709551615
isHearbeat: true

2024-08-15 03:37:25,685 [ForkJoinPool.commonPool-worker-1] INFO  server.GrpcService (GrpcService.java:closeImpl(311)) - ab869ec9-a1da-4eec-ae22-c3ca637d5862: shutdown server GrpcServerProtocolService now
2024-08-15 03:37:25,694 [grpc-default-executor-8] INFO  server.GrpcLogAppender (GrpcLogAppender.java:onError(537)) - ab869ec9-a1da-4eec-ae22-c3ca637d5862@group-89CEF1657FB2->398215a5-964b-4dc4-b31b-bbd09ffd15fb-GrpcLogAppender is already stopped
2024-08-15 03:37:25,685 [cd98677a-ad7a-47a4-bd04-3d82e218dd7d-impl-thread1] INFO  server.RaftServer$Division (RaftServerImpl.java:lambda$close$1(501)) - cd98677a-ad7a-47a4-bd04-3d82e218dd7d@group-89CEF1657FB2: shutdown
2024-08-15 03:37:25,693 [cd98677a-ad7a-47a4-bd04-3d82e218dd7d@group-6E3B6D850C69-StateMachineUpdater] INFO  ratis.ContainerStateMachine (ContainerStateMachine.java:takeSnapshot(363)) - group-6E3B6D850C69: Taking a snapshot at:(t:1, i:0) file /home/runner/work/ozone/ozone/hadoop-ozone/integration-test/target/test-dir/MiniOzoneClusterImpl-defbb36e-87e0-488b-866f-35c0fcf0d8c3/ozone-meta/datanode-3/ratis/dcdc3d78-d5b1-4ebb-86e4-6e3b6d850c69/sm/snapshot.1_0
2024-08-15 03:37:25,692 [398215a5-964b-4dc4-b31b-bbd09ffd15fb@group-89CEF1657FB2-StateMachineUpdater] INFO  ratis.ContainerStateMachine (ContainerStateMachine.java:takeSnapshot(374)) - group-89CEF1657FB2: Finished taking a snapshot at:(t:1, i:20) file:/home/runner/work/ozone/ozone/hadoop-ozone/integration-test/target/test-dir/MiniOzoneClusterImpl-defbb36e-87e0-488b-866f-35c0fcf0d8c3/ozone-meta/datanode-2/ratis/542b0424-40cf-456c-9ad4-89cef1657fb2/sm/snapshot.1_20 took: 2 ms
2024-08-15 03:37:25,689 [398215a5-964b-4dc4-b31b-bbd09ffd15fb-impl-thread3] INFO  server.RaftServer$Division (RaftServerImpl.java:lambda$close$1(501)) - 398215a5-964b-4dc4-b31b-bbd09ffd15fb@group-0C51423862FC: shutdown
2024-08-15 03:37:25,689 [398215a5-964b-4dc4-b31b-bbd09ffd15fb-impl-thread2] INFO  server.RaftServer$Division (RaftServerImpl.java:lambda$close$1(501)) - 398215a5-964b-4dc4-b31b-bbd09ffd15fb@group-7632133483E8: shutdown
2024-08-15 03:37:25,695 [cd98677a-ad7a-47a4-bd04-3d82e218dd7d-impl-thread1] INFO  util.JmxRegister (JmxRegister.java:unregister(74)) - Successfully un-registered JMX Bean with object name Ratis:service=RaftServer,group=group-89CEF1657FB2,id=cd98677a-ad7a-47a4-bd04-3d82e218dd7d
2024-08-15 03:37:25,695 [ab869ec9-a1da-4eec-ae22-c3ca637d5862@group-89CEF1657FB2-StateMachineUpdater] INFO  ratis.ContainerStateMachine (ContainerStateMachine.java:takeSnapshot(363)) - group-89CEF1657FB2: Taking a snapshot at:(t:1, i:21) file /home/runner/work/ozone/ozone/hadoop-ozone/integration-test/target/test-dir/MiniOzoneClusterImpl-defbb36e-87e0-488b-866f-35c0fcf0d8c3/ozone-meta/datanode-1/ratis/542b0424-40cf-456c-9ad4-89cef1657fb2/sm/snapshot.1_21
2024-08-15 03:37:25,689 [398215a5-964b-4dc4-b31b-bbd09ffd15fb-impl-thread1] INFO  impl.StateMachineUpdater (StateMachineUpdater.java:stopAndJoin(164)) - 398215a5-964b-4dc4-b31b-bbd09ffd15fb@group-89CEF1657FB2-StateMachineUpdater: set stopIndex = 20
2024-08-15 03:37:25,689 [398215a5-964b-4dc4-b31b-bbd09ffd15fb@group-89CEF1657FB2-FollowerState] INFO  impl.FollowerState (FollowerState.java:run(153)) - 398215a5-964b-4dc4-b31b-bbd09ffd15fb@group-89CEF1657FB2-FollowerState was interrupted
2024-08-15 03:37:25,688 [ab869ec9-a1da-4eec-ae22-c3ca637d5862-impl-thread3] INFO  impl.StateMachineUpdater (StateMachineUpdater.java:stopAndJoin(164)) - ab869ec9-a1da-4eec-ae22-c3ca637d5862@group-7632133483E8-StateMachineUpdater: set stopIndex = 28
2024-08-15 03:37:25,688 [ab869ec9-a1da-4eec-ae22-c3ca637d5862@group-7632133483E8-StateMachineUpdater] INFO  ratis.ContainerStateMachine (ContainerStateMachine.java:takeSnapshot(363)) - group-7632133483E8: Taking a snapshot at:(t:1, i:28) file /home/runner/work/ozone/ozone/hadoop-ozone/integration-test/target/test-dir/MiniOzoneClusterImpl-defbb36e-87e0-488b-866f-35c0fcf0d8c3/ozone-meta/datanode-1/ratis/06141354-55e8-4f53-bb23-7632133483e8/sm/snapshot.1_28
2024-08-15 03:37:25,695 [cd98677a-ad7a-47a4-bd04-3d82e218dd7d-impl-thread1] INFO  impl.RoleInfo (RoleInfo.java:shutdownFollowerState(119)) - cd98677a-ad7a-47a4-bd04-3d82e218dd7d: shutdown cd98677a-ad7a-47a4-bd04-3d82e218dd7d@group-89CEF1657FB2-FollowerState
2024-08-15 03:37:25,695 [cd98677a-ad7a-47a4-bd04-3d82e218dd7d-impl-thread1] INFO  impl.StateMachineUpdater (StateMachineUpdater.java:stopAndJoin(164)) - cd98677a-ad7a-47a4-bd04-3d82e218dd7d@group-89CEF1657FB2-StateMachineUpdater: set stopIndex = 20
2024-08-15 03:37:25,695 [398215a5-964b-4dc4-b31b-bbd09ffd15fb-impl-thread3] INFO  util.JmxRegister (JmxRegister.java:unregister(74)) - Successfully un-registered JMX Bean with object name Ratis:service=RaftServer,group=group-0C51423862FC,id=398215a5-964b-4dc4-b31b-bbd09ffd15fb
2024-08-15 03:37:25,695 [398215a5-964b-4dc4-b31b-bbd09ffd15fb-impl-thread3] INFO  impl.RoleInfo (RoleInfo.java:shutdownLeaderState(103)) - 398215a5-964b-4dc4-b31b-bbd09ffd15fb: shutdown 398215a5-964b-4dc4-b31b-bbd09ffd15fb@group-0C51423862FC-LeaderStateImpl
2024-08-15 03:37:25,695 [398215a5-964b-4dc4-b31b-bbd09ffd15fb-impl-thread3] INFO  impl.PendingRequests (PendingRequests.java:sendNotLeaderResponses(287)) - 398215a5-964b-4dc4-b31b-bbd09ffd15fb@group-0C51423862FC-PendingRequests: sendNotLeaderResponses
2024-08-15 03:37:25,696 [398215a5-964b-4dc4-b31b-bbd09ffd15fb-impl-thread2] INFO  util.JmxRegister (JmxRegister.java:unregister(74)) - Successfully un-registered JMX Bean with object name Ratis:service=RaftServer,group=group-7632133483E8,id=398215a5-964b-4dc4-b31b-bbd09ffd15fb
2024-08-15 03:37:25,696 [398215a5-964b-4dc4-b31b-bbd09ffd15fb-impl-thread2] INFO  impl.RoleInfo (RoleInfo.java:shutdownLeaderState(103)) - 398215a5-964b-4dc4-b31b-bbd09ffd15fb: shutdown 398215a5-964b-4dc4-b31b-bbd09ffd15fb@group-7632133483E8-LeaderStateImpl
2024-08-15 03:37:25,696 [398215a5-964b-4dc4-b31b-bbd09ffd15fb-impl-thread2] INFO  impl.PendingRequests (PendingRequests.java:sendNotLeaderResponses(287)) - 398215a5-964b-4dc4-b31b-bbd09ffd15fb@group-7632133483E8-PendingRequests: sendNotLeaderResponses
2024-08-15 03:37:25,696 [ab869ec9-a1da-4eec-ae22-c3ca637d5862@group-89CEF1657FB2-StateMachineUpdater] INFO  ratis.ContainerStateMachine (ContainerStateMachine.java:takeSnapshot(374)) - group-89CEF1657FB2: Finished taking a snapshot at:(t:1, i:21) file:/home/runner/work/ozone/ozone/hadoop-ozone/integration-test/target/test-dir/MiniOzoneClusterImpl-defbb36e-87e0-488b-866f-35c0fcf0d8c3/ozone-meta/datanode-1/ratis/542b0424-40cf-456c-9ad4-89cef1657fb2/sm/snapshot.1_21 took: 1 ms
2024-08-15 03:37:25,696 [ab869ec9-a1da-4eec-ae22-c3ca637d5862@group-89CEF1657FB2-StateMachineUpdater] INFO  impl.StateMachineUpdater (StateMachineUpdater.java:takeSnapshot(303)) - ab869ec9-a1da-4eec-ae22-c3ca637d5862@group-89CEF1657FB2-StateMachineUpdater: Took a snapshot at index 21
2024-08-15 03:37:25,696 [ab869ec9-a1da-4eec-ae22-c3ca637d5862@group-89CEF1657FB2-StateMachineUpdater] INFO  impl.StateMachineUpdater (StateMachineUpdater.java:lambda$new$0(102)) - ab869ec9-a1da-4eec-ae22-c3ca637d5862@group-89CEF1657FB2-StateMachineUpdater: snapshotIndex: updateIncreasingly -1 -> 21
2024-08-15 03:37:25,696 [grpc-default-executor-9] INFO  server.GrpcLogAppender (GrpcLogAppender.java:onError(537)) - 398215a5-964b-4dc4-b31b-bbd09ffd15fb@group-7632133483E8->ab869ec9-a1da-4eec-ae22-c3ca637d5862-GrpcLogAppender is already stopped
2024-08-15 03:37:25,696 [ab869ec9-a1da-4eec-ae22-c3ca637d5862@group-89CEF1657FB2-StateMachineUpdater] INFO  impl.StateMachineUpdater (StateMachineUpdater.java:stop(141)) - ab869ec9-a1da-4eec-ae22-c3ca637d5862@group-89CEF1657FB2-StateMachineUpdater: closing ContainerStateMachine, lastApplied=(t:1, i:21)
2024-08-15 03:37:25,696 [cd98677a-ad7a-47a4-bd04-3d82e218dd7d@group-89CEF1657FB2-StateMachineUpdater] INFO  ratis.ContainerStateMachine (ContainerStateMachine.java:takeSnapshot(363)) - group-89CEF1657FB2: Taking a snapshot at:(t:1, i:20) file /home/runner/work/ozone/ozone/hadoop-ozone/integration-test/target/test-dir/MiniOzoneClusterImpl-defbb36e-87e0-488b-866f-35c0fcf0d8c3/ozone-meta/datanode-3/ratis/542b0424-40cf-456c-9ad4-89cef1657fb2/sm/snapshot.1_20
2024-08-15 03:37:25,696 [grpc-default-executor-8] WARN  server.GrpcServerProtocolService (LogUtils.java:warn(121)) - ab869ec9-a1da-4eec-ae22-c3ca637d5862: APPEND_ENTRIES onError, lastRequest: null: org.apache.ratis.thirdparty.io.grpc.StatusRuntimeException: CANCELLED: client cancelled
2024-08-15 03:37:25,697 [ab869ec9-a1da-4eec-ae22-c3ca637d5862@group-0BE793329E8F-StateMachineUpdater] INFO  ratis.ContainerStateMachine (ContainerStateMachine.java:takeSnapshot(363)) - group-0BE793329E8F: Taking a snapshot at:(t:1, i:0) file /home/runner/work/ozone/ozone/hadoop-ozone/integration-test/target/test-dir/MiniOzoneClusterImpl-defbb36e-87e0-488b-866f-35c0fcf0d8c3/ozone-meta/datanode-1/ratis/81259ae6-8402-4a92-af7c-0be793329e8f/sm/snapshot.1_0
2024-08-15 03:37:25,697 [398215a5-964b-4dc4-b31b-bbd09ffd15fb-impl-thread3] INFO  impl.StateMachineUpdater (StateMachineUpdater.java:stopAndJoin(164)) - 398215a5-964b-4dc4-b31b-bbd09ffd15fb@group-0C51423862FC-StateMachineUpdater: set stopIndex = 0
2024-08-15 03:37:25,697 [398215a5-964b-4dc4-b31b-bbd09ffd15fb@group-0C51423862FC-StateMachineUpdater] INFO  ratis.ContainerStateMachine (ContainerStateMachine.java:takeSnapshot(363)) - group-0C51423862FC: Taking a snapshot at:(t:1, i:0) file /home/runner/work/ozone/ozone/hadoop-ozone/integration-test/target/test-dir/MiniOzoneClusterImpl-defbb36e-87e0-488b-866f-35c0fcf0d8c3/ozone-meta/datanode-2/ratis/71919664-45a2-4a4a-8b84-0c51423862fc/sm/snapshot.1_0
2024-08-15 03:37:25,697 [grpc-default-executor-9] WARN  server.GrpcClientProtocolService (LogUtils.java:warn(121)) - 1-UnorderedRequestStreamObserver1: onError: org.apache.ratis.thirdparty.io.grpc.StatusRuntimeException: CANCELLED: client cancelled
2024-08-15 03:37:25,697 [cd98677a-ad7a-47a4-bd04-3d82e218dd7d@group-89CEF1657FB2-StateMachineUpdater] INFO  ratis.ContainerStateMachine (ContainerStateMachine.java:takeSnapshot(374)) - group-89CEF1657FB2: Finished taking a snapshot at:(t:1, i:20) file:/home/runner/work/ozone/ozone/hadoop-ozone/integration-test/target/test-dir/MiniOzoneClusterImpl-defbb36e-87e0-488b-866f-35c0fcf0d8c3/ozone-meta/datanode-3/ratis/542b0424-40cf-456c-9ad4-89cef1657fb2/sm/snapshot.1_20 took: 1 ms
2024-08-15 03:37:25,697 [ab869ec9-a1da-4eec-ae22-c3ca637d5862@group-0BE793329E8F-StateMachineUpdater] INFO  ratis.ContainerStateMachine (ContainerStateMachine.java:takeSnapshot(374)) - group-0BE793329E8F: Finished taking a snapshot at:(t:1, i:0) file:/home/runner/work/ozone/ozone/hadoop-ozone/integration-test/target/test-dir/MiniOzoneClusterImpl-defbb36e-87e0-488b-866f-35c0fcf0d8c3/ozone-meta/datanode-1/ratis/81259ae6-8402-4a92-af7c-0be793329e8f/sm/snapshot.1_0 took: 1 ms
2024-08-15 03:37:25,697 [cd98677a-ad7a-47a4-bd04-3d82e218dd7d@group-89CEF1657FB2-StateMachineUpdater] INFO  impl.StateMachineUpdater (StateMachineUpdater.java:takeSnapshot(303)) - cd98677a-ad7a-47a4-bd04-3d82e218dd7d@group-89CEF1657FB2-StateMachineUpdater: Took a snapshot at index 20
2024-08-15 03:37:25,697 [cd98677a-ad7a-47a4-bd04-3d82e218dd7d@group-89CEF1657FB2-StateMachineUpdater] INFO  impl.StateMachineUpdater (StateMachineUpdater.java:lambda$new$0(102)) - cd98677a-ad7a-47a4-bd04-3d82e218dd7d@group-89CEF1657FB2-StateMachineUpdater: snapshotIndex: updateIncreasingly -1 -> 20
2024-08-15 03:37:25,695 [ab869ec9-a1da-4eec-ae22-c3ca637d5862-impl-thread1] INFO  impl.StateMachineUpdater (StateMachineUpdater.java:stopAndJoin(164)) - ab869ec9-a1da-4eec-ae22-c3ca637d5862@group-89CEF1657FB2-StateMachineUpdater: set stopIndex = 21
2024-08-15 03:37:25,697 [cd98677a-ad7a-47a4-bd04-3d82e218dd7d@group-89CEF1657FB2-StateMachineUpdater] INFO  impl.StateMachineUpdater (StateMachineUpdater.java:stop(141)) - cd98677a-ad7a-47a4-bd04-3d82e218dd7d@group-89CEF1657FB2-StateMachineUpdater: closing ContainerStateMachine, lastApplied=(t:1, i:20)
2024-08-15 03:37:25,698 [ab869ec9-a1da-4eec-ae22-c3ca637d5862@group-89CEF1657FB2-cacheEviction-AwaitToRun] INFO  util.AwaitToRun (AwaitToRun.java:run(49)) - ab869ec9-a1da-4eec-ae22-c3ca637d5862@group-89CEF1657FB2-cacheEviction-AwaitToRun-AwaitForSignal is interrupted
2024-08-15 03:37:25,698 [cd98677a-ad7a-47a4-bd04-3d82e218dd7d@group-89CEF1657FB2-cacheEviction-AwaitToRun] INFO  util.AwaitToRun (AwaitToRun.java:run(49)) - cd98677a-ad7a-47a4-bd04-3d82e218dd7d@group-89CEF1657FB2-cacheEviction-AwaitToRun-AwaitForSignal is interrupted
2024-08-15 03:37:25,695 [398215a5-964b-4dc4-b31b-bbd09ffd15fb@group-89CEF1657FB2-StateMachineUpdater] INFO  impl.StateMachineUpdater (StateMachineUpdater.java:takeSnapshot(303)) - 398215a5-964b-4dc4-b31b-bbd09ffd15fb@group-89CEF1657FB2-StateMachineUpdater: Took a snapshot at index 20
2024-08-15 03:37:25,698 [398215a5-964b-4dc4-b31b-bbd09ffd15fb@group-89CEF1657FB2-StateMachineUpdater] INFO  impl.StateMachineUpdater (StateMachineUpdater.java:lambda$new$0(102)) - 398215a5-964b-4dc4-b31b-bbd09ffd15fb@group-89CEF1657FB2-StateMachineUpdater: snapshotIndex: updateIncreasingly -1 -> 20
2024-08-15 03:37:25,695 [cd98677a-ad7a-47a4-bd04-3d82e218dd7d@group-6E3B6D850C69-StateMachineUpdater] INFO  ratis.ContainerStateMachine (ContainerStateMachine.java:takeSnapshot(374)) - group-6E3B6D850C69: Finished taking a snapshot at:(t:1, i:0) file:/home/runner/work/ozone/ozone/hadoop-ozone/integration-test/target/test-dir/MiniOzoneClusterImpl-defbb36e-87e0-488b-866f-35c0fcf0d8c3/ozone-meta/datanode-3/ratis/dcdc3d78-d5b1-4ebb-86e4-6e3b6d850c69/sm/snapshot.1_0 took: 1 ms
2024-08-15 03:37:25,698 [cd98677a-ad7a-47a4-bd04-3d82e218dd7d@group-6E3B6D850C69-StateMachineUpdater] INFO  impl.StateMachineUpdater (StateMachineUpdater.java:takeSnapshot(303)) - cd98677a-ad7a-47a4-bd04-3d82e218dd7d@group-6E3B6D850C69-StateMachineUpdater: Took a snapshot at index 0
2024-08-15 03:37:25,698 [cd98677a-ad7a-47a4-bd04-3d82e218dd7d@group-6E3B6D850C69-StateMachineUpdater] INFO  impl.StateMachineUpdater (StateMachineUpdater.java:lambda$new$0(102)) - cd98677a-ad7a-47a4-bd04-3d82e218dd7d@group-6E3B6D850C69-StateMachineUpdater: snapshotIndex: updateIncreasingly -1 -> 0
2024-08-15 03:37:25,698 [cd98677a-ad7a-47a4-bd04-3d82e218dd7d@group-6E3B6D850C69-StateMachineUpdater] INFO  impl.StateMachineUpdater (StateMachineUpdater.java:stop(141)) - cd98677a-ad7a-47a4-bd04-3d82e218dd7d@group-6E3B6D850C69-StateMachineUpdater: closing ContainerStateMachine, lastApplied=(t:1, i:0)
2024-08-15 03:37:25,698 [398215a5-964b-4dc4-b31b-bbd09ffd15fb@group-89CEF1657FB2-StateMachineUpdater] INFO  impl.StateMachineUpdater (StateMachineUpdater.java:stop(141)) - 398215a5-964b-4dc4-b31b-bbd09ffd15fb@group-89CEF1657FB2-StateMachineUpdater: closing ContainerStateMachine, lastApplied=(t:1, i:20)
2024-08-15 03:37:25,698 [398215a5-964b-4dc4-b31b-bbd09ffd15fb@group-0C51423862FC-StateMachineUpdater] INFO  ratis.ContainerStateMachine (ContainerStateMachine.java:takeSnapshot(374)) - group-0C51423862FC: Finished taking a snapshot at:(t:1, i:0) file:/home/runner/work/ozone/ozone/hadoop-ozone/integration-test/target/test-dir/MiniOzoneClusterImpl-defbb36e-87e0-488b-866f-35c0fcf0d8c3/ozone-meta/datanode-2/ratis/71919664-45a2-4a4a-8b84-0c51423862fc/sm/snapshot.1_0 took: 1 ms
2024-08-15 03:37:25,698 [398215a5-964b-4dc4-b31b-bbd09ffd15fb@group-0C51423862FC-StateMachineUpdater] INFO  impl.StateMachineUpdater (StateMachineUpdater.java:takeSnapshot(303)) - 398215a5-964b-4dc4-b31b-bbd09ffd15fb@group-0C51423862FC-StateMachineUpdater: Took a snapshot at index 0
2024-08-15 03:37:25,699 [398215a5-964b-4dc4-b31b-bbd09ffd15fb@group-0C51423862FC-StateMachineUpdater] INFO  impl.StateMachineUpdater (StateMachineUpdater.java:lambda$new$0(102)) - 398215a5-964b-4dc4-b31b-bbd09ffd15fb@group-0C51423862FC-StateMachineUpdater: snapshotIndex: updateIncreasingly -1 -> 0
2024-08-15 03:37:25,699 [398215a5-964b-4dc4-b31b-bbd09ffd15fb@group-89CEF1657FB2-cacheEviction-AwaitToRun] INFO  util.AwaitToRun (AwaitToRun.java:run(49)) - 398215a5-964b-4dc4-b31b-bbd09ffd15fb@group-89CEF1657FB2-cacheEviction-AwaitToRun-AwaitForSignal is interrupted
2024-08-15 03:37:25,697 [ab869ec9-a1da-4eec-ae22-c3ca637d5862@group-0BE793329E8F-StateMachineUpdater] INFO  impl.StateMachineUpdater (StateMachineUpdater.java:takeSnapshot(303)) - ab869ec9-a1da-4eec-ae22-c3ca637d5862@group-0BE793329E8F-StateMachineUpdater: Took a snapshot at index 0
2024-08-15 03:37:25,696 [ab869ec9-a1da-4eec-ae22-c3ca637d5862-impl-thread2] INFO  impl.StateMachineUpdater (StateMachineUpdater.java:stopAndJoin(164)) - ab869ec9-a1da-4eec-ae22-c3ca637d5862@group-0BE793329E8F-StateMachineUpdater: set stopIndex = 0
2024-08-15 03:37:25,700 [Thread-4845] INFO  server.GrpcServerProtocolClient (GrpcServerProtocolClient.java:close(103)) - ab869ec9-a1da-4eec-ae22-c3ca637d5862 Close channels
2024-08-15 03:37:25,696 [ab869ec9-a1da-4eec-ae22-c3ca637d5862@group-7632133483E8-StateMachineUpdater] INFO  ratis.ContainerStateMachine (ContainerStateMachine.java:takeSnapshot(374)) - group-7632133483E8: Finished taking a snapshot at:(t:1, i:28) file:/home/runner/work/ozone/ozone/hadoop-ozone/integration-test/target/test-dir/MiniOzoneClusterImpl-defbb36e-87e0-488b-866f-35c0fcf0d8c3/ozone-meta/datanode-1/ratis/06141354-55e8-4f53-bb23-7632133483e8/sm/snapshot.1_28 took: 8 ms
2024-08-15 03:37:25,703 [ab869ec9-a1da-4eec-ae22-c3ca637d5862@group-7632133483E8-StateMachineUpdater] INFO  impl.StateMachineUpdater (StateMachineUpdater.java:takeSnapshot(303)) - ab869ec9-a1da-4eec-ae22-c3ca637d5862@group-7632133483E8-StateMachineUpdater: Took a snapshot at index 28
2024-08-15 03:37:25,703 [ab869ec9-a1da-4eec-ae22-c3ca637d5862@group-7632133483E8-StateMachineUpdater] INFO  impl.StateMachineUpdater (StateMachineUpdater.java:lambda$new$0(102)) - ab869ec9-a1da-4eec-ae22-c3ca637d5862@group-7632133483E8-StateMachineUpdater: snapshotIndex: updateIncreasingly -1 -> 28
2024-08-15 03:37:25,703 [ab869ec9-a1da-4eec-ae22-c3ca637d5862@group-7632133483E8-StateMachineUpdater] INFO  impl.StateMachineUpdater (StateMachineUpdater.java:stop(141)) - ab869ec9-a1da-4eec-ae22-c3ca637d5862@group-7632133483E8-StateMachineUpdater: closing ContainerStateMachine, lastApplied=(t:1, i:28)
2024-08-15 03:37:25,696 [398215a5-964b-4dc4-b31b-bbd09ffd15fb@group-7632133483E8->cd98677a-ad7a-47a4-bd04-3d82e218dd7d-GrpcLogAppender-LogAppenderDaemon] WARN  server.GrpcLogAppender (GrpcLogAppender.java:mayWait(293)) - 398215a5-964b-4dc4-b31b-bbd09ffd15fb@group-7632133483E8->cd98677a-ad7a-47a4-bd04-3d82e218dd7d-GrpcLogAppender: Wait interrupted by java.lang.InterruptedException
2024-08-15 03:37:25,703 [ab869ec9-a1da-4eec-ae22-c3ca637d5862@group-7632133483E8-cacheEviction-AwaitToRun] INFO  util.AwaitToRun (AwaitToRun.java:run(49)) - ab869ec9-a1da-4eec-ae22-c3ca637d5862@group-7632133483E8-cacheEviction-AwaitToRun-AwaitForSignal is interrupted
2024-08-15 03:37:25,696 [398215a5-964b-4dc4-b31b-bbd09ffd15fb@group-7632133483E8->ab869ec9-a1da-4eec-ae22-c3ca637d5862-GrpcLogAppender-LogAppenderDaemon] WARN  server.GrpcLogAppender (GrpcLogAppender.java:mayWait(293)) - 398215a5-964b-4dc4-b31b-bbd09ffd15fb@group-7632133483E8->ab869ec9-a1da-4eec-ae22-c3ca637d5862-GrpcLogAppender: Wait interrupted by java.lang.InterruptedException
2024-08-15 03:37:25,696 [grpc-default-executor-3] INFO  server.GrpcLogAppender (GrpcLogAppender.java:onError(537)) - 398215a5-964b-4dc4-b31b-bbd09ffd15fb@group-7632133483E8->ab869ec9-a1da-4eec-ae22-c3ca637d5862-GrpcLogAppender is already stopped
2024-08-15 03:37:25,695 [grpc-default-executor-6] WARN  server.GrpcServerProtocolService (LogUtils.java:warn(121)) - ab869ec9-a1da-4eec-ae22-c3ca637d5862: APPEND_ENTRIES onError, lastRequest: 398215a5-964b-4dc4-b31b-bbd09ffd15fb->ab869ec9-a1da-4eec-ae22-c3ca637d5862#48-t1,previous=(t:1, i:28),leaderCommit=28,initializing? false,entries: size=1, first=(t:1, i:29), METADATAENTRY(c:28): org.apache.ratis.thirdparty.io.grpc.StatusRuntimeException: CANCELLED: client cancelled
2024-08-15 03:37:25,695 [cd98677a-ad7a-47a4-bd04-3d82e218dd7d@group-89CEF1657FB2-FollowerState] INFO  impl.FollowerState (FollowerState.java:run(153)) - cd98677a-ad7a-47a4-bd04-3d82e218dd7d@group-89CEF1657FB2-FollowerState was interrupted
2024-08-15 03:37:25,703 [398215a5-964b-4dc4-b31b-bbd09ffd15fb-impl-thread2] INFO  impl.StateMachineUpdater (StateMachineUpdater.java:stopAndJoin(164)) - 398215a5-964b-4dc4-b31b-bbd09ffd15fb@group-7632133483E8-StateMachineUpdater: set stopIndex = 29
2024-08-15 03:37:25,704 [398215a5-964b-4dc4-b31b-bbd09ffd15fb@group-7632133483E8-StateMachineUpdater] INFO  ratis.ContainerStateMachine (ContainerStateMachine.java:takeSnapshot(363)) - group-7632133483E8: Taking a snapshot at:(t:1, i:29) file /home/runner/work/ozone/ozone/hadoop-ozone/integration-test/target/test-dir/MiniOzoneClusterImpl-defbb36e-87e0-488b-866f-35c0fcf0d8c3/ozone-meta/datanode-2/ratis/06141354-55e8-4f53-bb23-7632133483e8/sm/snapshot.1_29
2024-08-15 03:37:25,703 [Thread-4848] INFO  server.GrpcServerProtocolClient (GrpcServerProtocolClient.java:close(103)) - cd98677a-ad7a-47a4-bd04-3d82e218dd7d Close channels
2024-08-15 03:37:25,702 [cd98677a-ad7a-47a4-bd04-3d82e218dd7d@group-6E3B6D850C69-cacheEviction-AwaitToRun] INFO  util.AwaitToRun (AwaitToRun.java:run(49)) - cd98677a-ad7a-47a4-bd04-3d82e218dd7d@group-6E3B6D850C69-cacheEviction-AwaitToRun-AwaitForSignal is interrupted
2024-08-15 03:37:25,699 [ab869ec9-a1da-4eec-ae22-c3ca637d5862@group-0BE793329E8F-StateMachineUpdater] INFO  impl.StateMachineUpdater (StateMachineUpdater.java:lambda$new$0(102)) - ab869ec9-a1da-4eec-ae22-c3ca637d5862@group-0BE793329E8F-StateMachineUpdater: snapshotIndex: updateIncreasingly -1 -> 0
2024-08-15 03:37:25,705 [main] INFO  server.GrpcService (GrpcService.java:closeImpl(320)) - 398215a5-964b-4dc4-b31b-bbd09ffd15fb: shutdown server GrpcServerProtocolService successfully
2024-08-15 03:37:25,699 [398215a5-964b-4dc4-b31b-bbd09ffd15fb@group-0C51423862FC-StateMachineUpdater] INFO  impl.StateMachineUpdater (StateMachineUpdater.java:stop(141)) - 398215a5-964b-4dc4-b31b-bbd09ffd15fb@group-0C51423862FC-StateMachineUpdater: closing ContainerStateMachine, lastApplied=(t:1, i:0)
2024-08-15 03:37:25,705 [ab869ec9-a1da-4eec-ae22-c3ca637d5862@group-0BE793329E8F-StateMachineUpdater] INFO  impl.StateMachineUpdater (StateMachineUpdater.java:stop(141)) - ab869ec9-a1da-4eec-ae22-c3ca637d5862@group-0BE793329E8F-StateMachineUpdater: closing ContainerStateMachine, lastApplied=(t:1, i:0)
2024-08-15 03:37:25,705 [398215a5-964b-4dc4-b31b-bbd09ffd15fb@group-0C51423862FC-cacheEviction-AwaitToRun] INFO  util.AwaitToRun (AwaitToRun.java:run(49)) - 398215a5-964b-4dc4-b31b-bbd09ffd15fb@group-0C51423862FC-cacheEviction-AwaitToRun-AwaitForSignal is interrupted
2024-08-15 03:37:25,704 [398215a5-964b-4dc4-b31b-bbd09ffd15fb@group-7632133483E8-StateMachineUpdater] INFO  ratis.ContainerStateMachine (ContainerStateMachine.java:takeSnapshot(374)) - group-7632133483E8: Finished taking a snapshot at:(t:1, i:29) file:/home/runner/work/ozone/ozone/hadoop-ozone/integration-test/target/test-dir/MiniOzoneClusterImpl-defbb36e-87e0-488b-866f-35c0fcf0d8c3/ozone-meta/datanode-2/ratis/06141354-55e8-4f53-bb23-7632133483e8/sm/snapshot.1_29 took: 1 ms
2024-08-15 03:37:25,705 [ab869ec9-a1da-4eec-ae22-c3ca637d5862@group-0BE793329E8F-cacheEviction-AwaitToRun] INFO  util.AwaitToRun (AwaitToRun.java:run(49)) - ab869ec9-a1da-4eec-ae22-c3ca637d5862@group-0BE793329E8F-cacheEviction-AwaitToRun-AwaitForSignal is interrupted
2024-08-15 03:37:25,705 [398215a5-964b-4dc4-b31b-bbd09ffd15fb@group-7632133483E8-StateMachineUpdater] INFO  impl.StateMachineUpdater (StateMachineUpdater.java:takeSnapshot(303)) - 398215a5-964b-4dc4-b31b-bbd09ffd15fb@group-7632133483E8-StateMachineUpdater: Took a snapshot at index 29
2024-08-15 03:37:25,705 [398215a5-964b-4dc4-b31b-bbd09ffd15fb@group-7632133483E8-StateMachineUpdater] INFO  impl.StateMachineUpdater (StateMachineUpdater.java:lambda$new$0(102)) - 398215a5-964b-4dc4-b31b-bbd09ffd15fb@group-7632133483E8-StateMachineUpdater: snapshotIndex: updateIncreasingly -1 -> 29
2024-08-15 03:37:25,705 [398215a5-964b-4dc4-b31b-bbd09ffd15fb@group-7632133483E8-StateMachineUpdater] INFO  impl.StateMachineUpdater (StateMachineUpdater.java:stop(141)) - 398215a5-964b-4dc4-b31b-bbd09ffd15fb@group-7632133483E8-StateMachineUpdater: closing ContainerStateMachine, lastApplied=(t:1, i:29)
2024-08-15 03:37:25,706 [398215a5-964b-4dc4-b31b-bbd09ffd15fb@group-7632133483E8-cacheEviction-AwaitToRun] INFO  util.AwaitToRun (AwaitToRun.java:run(49)) - 398215a5-964b-4dc4-b31b-bbd09ffd15fb@group-7632133483E8-cacheEviction-AwaitToRun-AwaitForSignal is interrupted
2024-08-15 03:37:25,708 [Thread-4847] INFO  server.GrpcServerProtocolClient (GrpcServerProtocolClient.java:close(103)) - 398215a5-964b-4dc4-b31b-bbd09ffd15fb Close channels
2024-08-15 03:37:25,714 [Thread-4854] INFO  server.GrpcServerProtocolClient (GrpcServerProtocolClient.java:close(103)) - cd98677a-ad7a-47a4-bd04-3d82e218dd7d Close channels
2024-08-15 03:37:25,714 [ForkJoinPool.commonPool-worker-1] INFO  server.GrpcService (GrpcService.java:closeImpl(320)) - ab869ec9-a1da-4eec-ae22-c3ca637d5862: shutdown server GrpcServerProtocolService successfully
2024-08-15 03:37:25,717 [cd98677a-ad7a-47a4-bd04-3d82e218dd7d-NettyServerStreamRpc-bossGroup--thread1] INFO  logging.LoggingHandler (AbstractInternalLogger.java:log(148)) - [id: 0x7f9f0879, L:/0.0.0.0:15243] CLOSE
2024-08-15 03:37:25,717 [cd98677a-ad7a-47a4-bd04-3d82e218dd7d-NettyServerStreamRpc-bossGroup--thread1] INFO  logging.LoggingHandler (AbstractInternalLogger.java:log(148)) - [id: 0x7f9f0879, L:/0.0.0.0:15243] INACTIVE
2024-08-15 03:37:25,717 [cd98677a-ad7a-47a4-bd04-3d82e218dd7d-NettyServerStreamRpc-bossGroup--thread1] INFO  logging.LoggingHandler (AbstractInternalLogger.java:log(148)) - [id: 0x7f9f0879, L:/0.0.0.0:15243] UNREGISTERED
2024-08-15 03:37:25,733 [398215a5-964b-4dc4-b31b-bbd09ffd15fb-NettyServerStreamRpc-bossGroup--thread1] INFO  logging.LoggingHandler (AbstractInternalLogger.java:log(148)) - [id: 0x03ec579a, L:/0.0.0.0:15234] CLOSE
2024-08-15 03:37:25,733 [398215a5-964b-4dc4-b31b-bbd09ffd15fb-NettyServerStreamRpc-bossGroup--thread1] INFO  logging.LoggingHandler (AbstractInternalLogger.java:log(148)) - [id: 0x03ec579a, L:/0.0.0.0:15234] INACTIVE
2024-08-15 03:37:25,734 [398215a5-964b-4dc4-b31b-bbd09ffd15fb-NettyServerStreamRpc-bossGroup--thread1] INFO  logging.LoggingHandler (AbstractInternalLogger.java:log(148)) - [id: 0x03ec579a, L:/0.0.0.0:15234] UNREGISTERED
2024-08-15 03:37:25,735 [ab869ec9-a1da-4eec-ae22-c3ca637d5862-NettyServerStreamRpc-bossGroup--thread1] INFO  logging.LoggingHandler (AbstractInternalLogger.java:log(148)) - [id: 0x8cba9ff1, L:/0.0.0.0:15225] CLOSE
2024-08-15 03:37:25,735 [ab869ec9-a1da-4eec-ae22-c3ca637d5862-NettyServerStreamRpc-bossGroup--thread1] INFO  logging.LoggingHandler (AbstractInternalLogger.java:log(148)) - [id: 0x8cba9ff1, L:/0.0.0.0:15225] INACTIVE
2024-08-15 03:37:25,735 [ab869ec9-a1da-4eec-ae22-c3ca637d5862-NettyServerStreamRpc-bossGroup--thread1] INFO  logging.LoggingHandler (AbstractInternalLogger.java:log(148)) - [id: 0x8cba9ff1, L:/0.0.0.0:15225] UNREGISTERED
2024-08-15 03:37:25,904 [ab869ec9-a1da-4eec-ae22-c3ca637d5862-impl-thread2] INFO  segmented.SegmentedRaftLogWorker (SegmentedRaftLogWorker.java:close(248)) - ab869ec9-a1da-4eec-ae22-c3ca637d5862@group-0BE793329E8F-SegmentedRaftLogWorker close()
2024-08-15 03:37:25,905 [ab869ec9-a1da-4eec-ae22-c3ca637d5862-impl-thread2] INFO  ratis.ContainerStateMachine (ContainerStateMachine.java:notifyServerShutdown(953)) - group-0BE793329E8F is closed by HddsDatanodeService
2024-08-15 03:37:26,013 [398215a5-964b-4dc4-b31b-bbd09ffd15fb-impl-thread3] INFO  segmented.SegmentedRaftLogWorker (SegmentedRaftLogWorker.java:close(248)) - 398215a5-964b-4dc4-b31b-bbd09ffd15fb@group-0C51423862FC-SegmentedRaftLogWorker close()
2024-08-15 03:37:26,013 [398215a5-964b-4dc4-b31b-bbd09ffd15fb-impl-thread3] INFO  ratis.ContainerStateMachine (ContainerStateMachine.java:notifyServerShutdown(953)) - group-0C51423862FC is closed by HddsDatanodeService
2024-08-15 03:37:26,365 [cd98677a-ad7a-47a4-bd04-3d82e218dd7d-impl-thread1] INFO  segmented.SegmentedRaftLogWorker (SegmentedRaftLogWorker.java:close(248)) - cd98677a-ad7a-47a4-bd04-3d82e218dd7d@group-89CEF1657FB2-SegmentedRaftLogWorker close()
2024-08-15 03:37:26,366 [cd98677a-ad7a-47a4-bd04-3d82e218dd7d-impl-thread1] INFO  ratis.ContainerStateMachine (ContainerStateMachine.java:notifyServerShutdown(953)) - group-89CEF1657FB2 is closed by HddsDatanodeService
2024-08-15 03:37:26,366 [ab869ec9-a1da-4eec-ae22-c3ca637d5862-impl-thread1] INFO  segmented.SegmentedRaftLogWorker (SegmentedRaftLogWorker.java:close(248)) - ab869ec9-a1da-4eec-ae22-c3ca637d5862@group-89CEF1657FB2-SegmentedRaftLogWorker close()
2024-08-15 03:37:26,366 [398215a5-964b-4dc4-b31b-bbd09ffd15fb-impl-thread1] INFO  segmented.SegmentedRaftLogWorker (SegmentedRaftLogWorker.java:close(248)) - 398215a5-964b-4dc4-b31b-bbd09ffd15fb@group-89CEF1657FB2-SegmentedRaftLogWorker close()
2024-08-15 03:37:26,366 [ab869ec9-a1da-4eec-ae22-c3ca637d5862-impl-thread1] INFO  ratis.ContainerStateMachine (ContainerStateMachine.java:notifyServerShutdown(953)) - group-89CEF1657FB2 is closed by HddsDatanodeService
2024-08-15 03:37:26,367 [398215a5-964b-4dc4-b31b-bbd09ffd15fb-impl-thread1] INFO  ratis.ContainerStateMachine (ContainerStateMachine.java:notifyServerShutdown(953)) - group-89CEF1657FB2 is closed by HddsDatanodeService
2024-08-15 03:37:26,381 [cd98677a-ad7a-47a4-bd04-3d82e218dd7d-impl-thread3] INFO  segmented.SegmentedRaftLogWorker (SegmentedRaftLogWorker.java:close(248)) - cd98677a-ad7a-47a4-bd04-3d82e218dd7d@group-6E3B6D850C69-SegmentedRaftLogWorker close()
2024-08-15 03:37:26,382 [cd98677a-ad7a-47a4-bd04-3d82e218dd7d-impl-thread3] INFO  ratis.ContainerStateMachine (ContainerStateMachine.java:notifyServerShutdown(953)) - group-6E3B6D850C69 is closed by HddsDatanodeService
2024-08-15 03:37:26,396 [398215a5-964b-4dc4-b31b-bbd09ffd15fb-impl-thread2] INFO  segmented.SegmentedRaftLogWorker (SegmentedRaftLogWorker.java:close(248)) - 398215a5-964b-4dc4-b31b-bbd09ffd15fb@group-7632133483E8-SegmentedRaftLogWorker close()
2024-08-15 03:37:26,397 [398215a5-964b-4dc4-b31b-bbd09ffd15fb-impl-thread2] INFO  ratis.ContainerStateMachine (ContainerStateMachine.java:notifyServerShutdown(953)) - group-7632133483E8 is closed by HddsDatanodeService
2024-08-15 03:37:26,397 [ab869ec9-a1da-4eec-ae22-c3ca637d5862-impl-thread3] INFO  segmented.SegmentedRaftLogWorker (SegmentedRaftLogWorker.java:close(248)) - ab869ec9-a1da-4eec-ae22-c3ca637d5862@group-7632133483E8-SegmentedRaftLogWorker close()
2024-08-15 03:37:26,397 [ab869ec9-a1da-4eec-ae22-c3ca637d5862-impl-thread3] INFO  ratis.ContainerStateMachine (ContainerStateMachine.java:notifyServerShutdown(953)) - group-7632133483E8 is closed by HddsDatanodeService
2024-08-15 03:37:26,397 [JvmPauseMonitor33] INFO  util.JvmPauseMonitor (JvmPauseMonitor.java:run(152)) - JvmPauseMonitor-398215a5-964b-4dc4-b31b-bbd09ffd15fb: Stopped
2024-08-15 03:37:26,397 [JvmPauseMonitor32] INFO  util.JvmPauseMonitor (JvmPauseMonitor.java:run(152)) - JvmPauseMonitor-ab869ec9-a1da-4eec-ae22-c3ca637d5862: Stopped
2024-08-15 03:37:26,402 [cd98677a-ad7a-47a4-bd04-3d82e218dd7d-impl-thread2] INFO  segmented.SegmentedRaftLogWorker (SegmentedRaftLogWorker.java:close(248)) - cd98677a-ad7a-47a4-bd04-3d82e218dd7d@group-7632133483E8-SegmentedRaftLogWorker close()
2024-08-15 03:37:26,402 [cd98677a-ad7a-47a4-bd04-3d82e218dd7d-impl-thread2] INFO  ratis.ContainerStateMachine (ContainerStateMachine.java:notifyServerShutdown(953)) - group-7632133483E8 is closed by HddsDatanodeService
2024-08-15 03:37:26,402 [JvmPauseMonitor34] INFO  util.JvmPauseMonitor (JvmPauseMonitor.java:run(152)) - JvmPauseMonitor-cd98677a-ad7a-47a4-bd04-3d82e218dd7d: Stopped
2024-08-15 03:37:28,402 [main] INFO  utils.DatanodeStoreCache (DatanodeStoreCache.java:shutdownCache(116)) - Skip clearing cache in mini cluster mode. Entries left: [/home/runner/work/ozone/ozone/hadoop-ozone/integration-test/target/test-dir/MiniOzoneClusterImpl-defbb36e-87e0-488b-866f-35c0fcf0d8c3/ozone-meta/datanode-1/data-0/hdds/defbb36e-87e0-488b-866f-35c0fcf0d8c3/DS-3a7b2004-07eb-49e0-97d1-780caee36b8b/container.db, /home/runner/work/ozone/ozone/hadoop-ozone/integration-test/target/test-dir/MiniOzoneClusterImpl-defbb36e-87e0-488b-866f-35c0fcf0d8c3/ozone-meta/datanode-2/data-0/hdds/defbb36e-87e0-488b-866f-35c0fcf0d8c3/DS-224e1d76-715b-417a-a515-a5225693622d/container.db, /home/runner/work/ozone/ozone/hadoop-ozone/integration-test/target/test-dir/MiniOzoneClusterImpl-defbb36e-87e0-488b-866f-35c0fcf0d8c3/ozone-meta/datanode-3/data-0/hdds/defbb36e-87e0-488b-866f-35c0fcf0d8c3/DS-aec31391-b144-4d29-a907-5acaf863188c/container.db]
2024-08-15 03:37:28,403 [ForkJoinPool.commonPool-worker-1] INFO  utils.DatanodeStoreCache (DatanodeStoreCache.java:shutdownCache(116)) - Skip clearing cache in mini cluster mode. Entries left: [/home/runner/work/ozone/ozone/hadoop-ozone/integration-test/target/test-dir/MiniOzoneClusterImpl-defbb36e-87e0-488b-866f-35c0fcf0d8c3/ozone-meta/datanode-1/data-0/hdds/defbb36e-87e0-488b-866f-35c0fcf0d8c3/DS-3a7b2004-07eb-49e0-97d1-780caee36b8b/container.db, /home/runner/work/ozone/ozone/hadoop-ozone/integration-test/target/test-dir/MiniOzoneClusterImpl-defbb36e-87e0-488b-866f-35c0fcf0d8c3/ozone-meta/datanode-3/data-0/hdds/defbb36e-87e0-488b-866f-35c0fcf0d8c3/DS-aec31391-b144-4d29-a907-5acaf863188c/container.db]
2024-08-15 03:37:28,404 [main] INFO  utils.DatanodeStoreCache (DatanodeStoreCache.java:removeDB(110)) - Removed db /home/runner/work/ozone/ozone/hadoop-ozone/integration-test/target/test-dir/MiniOzoneClusterImpl-defbb36e-87e0-488b-866f-35c0fcf0d8c3/ozone-meta/datanode-2/data-0/hdds/defbb36e-87e0-488b-866f-35c0fcf0d8c3/DS-224e1d76-715b-417a-a515-a5225693622d/container.db from cache
2024-08-15 03:37:28,404 [main] INFO  volume.HddsVolume (HddsVolume.java:closeDbStore(462)) - SchemaV3 db is stopped at /home/runner/work/ozone/ozone/hadoop-ozone/integration-test/target/test-dir/MiniOzoneClusterImpl-defbb36e-87e0-488b-866f-35c0fcf0d8c3/ozone-meta/datanode-2/data-0/hdds/defbb36e-87e0-488b-866f-35c0fcf0d8c3/DS-224e1d76-715b-417a-a515-a5225693622d/container.db for volume DS-224e1d76-715b-417a-a515-a5225693622d
2024-08-15 03:37:28,405 [ForkJoinPool.commonPool-worker-1] INFO  utils.DatanodeStoreCache (DatanodeStoreCache.java:removeDB(110)) - Removed db /home/runner/work/ozone/ozone/hadoop-ozone/integration-test/target/test-dir/MiniOzoneClusterImpl-defbb36e-87e0-488b-866f-35c0fcf0d8c3/ozone-meta/datanode-1/data-0/hdds/defbb36e-87e0-488b-866f-35c0fcf0d8c3/DS-3a7b2004-07eb-49e0-97d1-780caee36b8b/container.db from cache
2024-08-15 03:37:28,405 [ForkJoinPool.commonPool-worker-1] INFO  volume.HddsVolume (HddsVolume.java:closeDbStore(462)) - SchemaV3 db is stopped at /home/runner/work/ozone/ozone/hadoop-ozone/integration-test/target/test-dir/MiniOzoneClusterImpl-defbb36e-87e0-488b-866f-35c0fcf0d8c3/ozone-meta/datanode-1/data-0/hdds/defbb36e-87e0-488b-866f-35c0fcf0d8c3/DS-3a7b2004-07eb-49e0-97d1-780caee36b8b/container.db for volume DS-3a7b2004-07eb-49e0-97d1-780caee36b8b
2024-08-15 03:37:28,405 [main] INFO  utils.BackgroundService (BackgroundService.java:shutdown(163)) - Shutting down service BlockDeletingService
2024-08-15 03:37:28,405 [ForkJoinPool.commonPool-worker-1] INFO  utils.BackgroundService (BackgroundService.java:shutdown(163)) - Shutting down service BlockDeletingService
2024-08-15 03:37:28,405 [ForkJoinPool.commonPool-worker-1] INFO  utils.BackgroundService (BackgroundService.java:shutdown(163)) - Shutting down service StaleRecoveringContainerScrubbingService
2024-08-15 03:37:28,405 [main] INFO  utils.BackgroundService (BackgroundService.java:shutdown(163)) - Shutting down service StaleRecoveringContainerScrubbingService
2024-08-15 03:37:28,406 [ForkJoinPool.commonPool-worker-3] INFO  utils.DatanodeStoreCache (DatanodeStoreCache.java:shutdownCache(116)) - Skip clearing cache in mini cluster mode. Entries left: [/home/runner/work/ozone/ozone/hadoop-ozone/integration-test/target/test-dir/MiniOzoneClusterImpl-defbb36e-87e0-488b-866f-35c0fcf0d8c3/ozone-meta/datanode-3/data-0/hdds/defbb36e-87e0-488b-866f-35c0fcf0d8c3/DS-aec31391-b144-4d29-a907-5acaf863188c/container.db]
2024-08-15 03:37:28,406 [ForkJoinPool.commonPool-worker-1] INFO  statemachine.DatanodeStateMachine (DatanodeStateMachine.java:stopDaemon(627)) - Ozone container server stopped.
2024-08-15 03:37:28,407 [main] INFO  statemachine.DatanodeStateMachine (DatanodeStateMachine.java:stopDaemon(627)) - Ozone container server stopped.
2024-08-15 03:37:28,416 [ForkJoinPool.commonPool-worker-3] INFO  utils.DatanodeStoreCache (DatanodeStoreCache.java:removeDB(110)) - Removed db /home/runner/work/ozone/ozone/hadoop-ozone/integration-test/target/test-dir/MiniOzoneClusterImpl-defbb36e-87e0-488b-866f-35c0fcf0d8c3/ozone-meta/datanode-3/data-0/hdds/defbb36e-87e0-488b-866f-35c0fcf0d8c3/DS-aec31391-b144-4d29-a907-5acaf863188c/container.db from cache
2024-08-15 03:37:28,416 [ForkJoinPool.commonPool-worker-3] INFO  volume.HddsVolume (HddsVolume.java:closeDbStore(462)) - SchemaV3 db is stopped at /home/runner/work/ozone/ozone/hadoop-ozone/integration-test/target/test-dir/MiniOzoneClusterImpl-defbb36e-87e0-488b-866f-35c0fcf0d8c3/ozone-meta/datanode-3/data-0/hdds/defbb36e-87e0-488b-866f-35c0fcf0d8c3/DS-aec31391-b144-4d29-a907-5acaf863188c/container.db for volume DS-aec31391-b144-4d29-a907-5acaf863188c
2024-08-15 03:37:28,416 [ForkJoinPool.commonPool-worker-3] INFO  utils.BackgroundService (BackgroundService.java:shutdown(163)) - Shutting down service BlockDeletingService
2024-08-15 03:37:28,416 [ForkJoinPool.commonPool-worker-3] INFO  utils.BackgroundService (BackgroundService.java:shutdown(163)) - Shutting down service StaleRecoveringContainerScrubbingService
2024-08-15 03:37:28,417 [ForkJoinPool.commonPool-worker-3] INFO  statemachine.DatanodeStateMachine (DatanodeStateMachine.java:stopDaemon(627)) - Ozone container server stopped.
2024-08-15 03:37:28,423 [main] INFO  handler.ContextHandler (ContextHandler.java:doStop(1159)) - Stopped o.e.j.w.WebAppContext@647e6004{hddsDatanode,/,null,STOPPED}{jar:file:/home/runner/work/ozone/ozone/hadoop-hdds/container-service/target/hdds-container-service-1.5.0-SNAPSHOT.jar!/webapps/hddsDatanode}
2024-08-15 03:37:28,425 [main] INFO  server.AbstractConnector (AbstractConnector.java:doStop(383)) - Stopped ServerConnector@6a7ff3e7{HTTP/1.1, (http/1.1)}{0.0.0.0:15228}
2024-08-15 03:37:28,426 [main] INFO  server.session (HouseKeeper.java:stopScavenging(149)) - node0 Stopped scavenging
2024-08-15 03:37:28,426 [main] INFO  handler.ContextHandler (ContextHandler.java:doStop(1159)) - Stopped o.e.j.s.ServletContextHandler@56549935{static,/static,jar:file:/home/runner/work/ozone/ozone/hadoop-hdds/container-service/target/hdds-container-service-1.5.0-SNAPSHOT.jar!/webapps/static,STOPPED}
2024-08-15 03:37:28,426 [main] INFO  handler.ContextHandler (ContextHandler.java:doStop(1159)) - Stopped o.e.j.s.ServletContextHandler@729b9620{logs,/logs,file:///home/runner/work/ozone/ozone/hadoop-ozone/integration-test/target/log,STOPPED}
2024-08-15 03:37:28,431 [main] INFO  ozone.HddsDatanodeClientProtocolServer (HddsDatanodeClientProtocolServer.java:stop(85)) - Stopping the RPC server for Client Protocol
2024-08-15 03:37:28,431 [main] INFO  ipc.Server (Server.java:stop(3523)) - Stopping server on 15229
2024-08-15 03:37:28,432 [IPC Server listener on 15229] INFO  ipc.Server (Server.java:run(1434)) - Stopping IPC Server listener on 15229
2024-08-15 03:37:28,436 [ForkJoinPool.commonPool-worker-1] INFO  handler.ContextHandler (ContextHandler.java:doStop(1159)) - Stopped o.e.j.w.WebAppContext@776adf0e{hddsDatanode,/,null,STOPPED}{jar:file:/home/runner/work/ozone/ozone/hadoop-hdds/container-service/target/hdds-container-service-1.5.0-SNAPSHOT.jar!/webapps/hddsDatanode}
2024-08-15 03:37:28,436 [ForkJoinPool.commonPool-worker-1] INFO  server.AbstractConnector (AbstractConnector.java:doStop(383)) - Stopped ServerConnector@1fd35b41{HTTP/1.1, (http/1.1)}{0.0.0.0:15219}
2024-08-15 03:37:28,437 [ForkJoinPool.commonPool-worker-3] INFO  handler.ContextHandler (ContextHandler.java:doStop(1159)) - Stopped o.e.j.w.WebAppContext@7d71285c{hddsDatanode,/,null,STOPPED}{jar:file:/home/runner/work/ozone/ozone/hadoop-hdds/container-service/target/hdds-container-service-1.5.0-SNAPSHOT.jar!/webapps/hddsDatanode}
2024-08-15 03:37:28,437 [ForkJoinPool.commonPool-worker-1] INFO  server.session (HouseKeeper.java:stopScavenging(149)) - node0 Stopped scavenging
2024-08-15 03:37:28,437 [ForkJoinPool.commonPool-worker-1] INFO  handler.ContextHandler (ContextHandler.java:doStop(1159)) - Stopped o.e.j.s.ServletContextHandler@38e0403f{static,/static,jar:file:/home/runner/work/ozone/ozone/hadoop-hdds/container-service/target/hdds-container-service-1.5.0-SNAPSHOT.jar!/webapps/static,STOPPED}
2024-08-15 03:37:28,437 [ForkJoinPool.commonPool-worker-1] INFO  handler.ContextHandler (ContextHandler.java:doStop(1159)) - Stopped o.e.j.s.ServletContextHandler@5a780f42{logs,/logs,file:///home/runner/work/ozone/ozone/hadoop-ozone/integration-test/target/log,STOPPED}
2024-08-15 03:37:28,437 [ForkJoinPool.commonPool-worker-3] INFO  server.AbstractConnector (AbstractConnector.java:doStop(383)) - Stopped ServerConnector@678ee415{HTTP/1.1, (http/1.1)}{0.0.0.0:15237}
2024-08-15 03:37:28,437 [ForkJoinPool.commonPool-worker-3] INFO  server.session (HouseKeeper.java:stopScavenging(149)) - node0 Stopped scavenging
2024-08-15 03:37:28,438 [ForkJoinPool.commonPool-worker-3] INFO  handler.ContextHandler (ContextHandler.java:doStop(1159)) - Stopped o.e.j.s.ServletContextHandler@10c0cf8d{static,/static,jar:file:/home/runner/work/ozone/ozone/hadoop-hdds/container-service/target/hdds-container-service-1.5.0-SNAPSHOT.jar!/webapps/static,STOPPED}
2024-08-15 03:37:28,438 [ForkJoinPool.commonPool-worker-3] INFO  handler.ContextHandler (ContextHandler.java:doStop(1159)) - Stopped o.e.j.s.ServletContextHandler@216b8aa8{logs,/logs,file:///home/runner/work/ozone/ozone/hadoop-ozone/integration-test/target/log,STOPPED}
2024-08-15 03:37:28,439 [IPC Server Responder] INFO  ipc.Server (Server.java:run(1567)) - Stopping IPC Server Responder
2024-08-15 03:37:28,439 [ForkJoinPool.commonPool-worker-3] INFO  ozone.HddsDatanodeClientProtocolServer (HddsDatanodeClientProtocolServer.java:stop(85)) - Stopping the RPC server for Client Protocol
2024-08-15 03:37:28,440 [ForkJoinPool.commonPool-worker-3] INFO  ipc.Server (Server.java:stop(3523)) - Stopping server on 15238
2024-08-15 03:37:28,439 [ForkJoinPool.commonPool-worker-1] INFO  ozone.HddsDatanodeClientProtocolServer (HddsDatanodeClientProtocolServer.java:stop(85)) - Stopping the RPC server for Client Protocol
2024-08-15 03:37:28,440 [ForkJoinPool.commonPool-worker-1] INFO  ipc.Server (Server.java:stop(3523)) - Stopping server on 15220
2024-08-15 03:37:28,441 [IPC Server listener on 15238] INFO  ipc.Server (Server.java:run(1434)) - Stopping IPC Server listener on 15238
2024-08-15 03:37:28,441 [IPC Server Responder] INFO  ipc.Server (Server.java:run(1567)) - Stopping IPC Server Responder
2024-08-15 03:37:28,441 [IPC Server Responder] INFO  ipc.Server (Server.java:run(1567)) - Stopping IPC Server Responder
2024-08-15 03:37:28,441 [IPC Server listener on 15220] INFO  ipc.Server (Server.java:run(1434)) - Stopping IPC Server listener on 15220
2024-08-15 03:37:28,442 [main] INFO  ozone.MiniOzoneClusterImpl (MiniOzoneClusterImpl.java:stopSCM(500)) - Stopping the StorageContainerManager
2024-08-15 03:37:28,442 [main] INFO  server.StorageContainerManager (StorageContainerManager.java:stop(1650)) - Container Balancer is not running.
2024-08-15 03:37:28,442 [main] INFO  server.StorageContainerManager (StorageContainerManager.java:stopReplicationManager(1788)) - Stopping Replication Manager Service.
2024-08-15 03:37:28,442 [main] INFO  replication.ReplicationManager (ReplicationManager.java:stop(329)) - Stopping Replication Monitor Thread.
2024-08-15 03:37:28,442 [UnderReplicatedProcessor] WARN  replication.UnhealthyReplicationProcessor (UnhealthyReplicationProcessor.java:run(180)) - UnderReplicatedProcessor interrupted. Exiting...
2024-08-15 03:37:28,442 [OverReplicatedProcessor] WARN  replication.UnhealthyReplicationProcessor (UnhealthyReplicationProcessor.java:run(180)) - OverReplicatedProcessor interrupted. Exiting...
2024-08-15 03:37:28,442 [main] INFO  server.StorageContainerManager (StorageContainerManager.java:stop(1659)) - Stopping the Datanode Admin Monitor.
2024-08-15 03:37:28,443 [ReplicationMonitor] INFO  replication.ReplicationManager (ReplicationManager.java:run(938)) - Replication Monitor Thread is stopped
2024-08-15 03:37:28,443 [main] INFO  server.StorageContainerManager (StorageContainerManager.java:stop(1666)) - Stopping datanode service RPC server
2024-08-15 03:37:28,443 [main] INFO  server.SCMDatanodeProtocolServer (SCMDatanodeProtocolServer.java:stop(430)) - Stopping the RPC server for DataNodes
2024-08-15 03:37:28,443 [main] INFO  ipc.Server (Server.java:stop(3523)) - Stopping server on 15212
2024-08-15 03:37:28,448 [IPC Server listener on 15212] INFO  ipc.Server (Server.java:run(1434)) - Stopping IPC Server listener on 15212
2024-08-15 03:37:28,448 [IPC Server Responder] INFO  ipc.Server (Server.java:run(1567)) - Stopping IPC Server Responder
2024-08-15 03:37:28,472 [SCMHeartbeatProcessor-0] WARN  node.NodeStateManager (NodeStateManager.java:scheduleNextHealthCheck(935)) - Current Thread is interrupted, shutting down HB processing thread for Node Manager.
2024-08-15 03:37:28,473 [main] INFO  server.StorageContainerManager (StorageContainerManager.java:stop(1674)) - Stopping block service RPC server
2024-08-15 03:37:28,473 [main] INFO  server.SCMBlockProtocolServer (SCMBlockProtocolServer.java:stop(181)) - Stopping the RPC server for Block Protocol
2024-08-15 03:37:28,473 [main] INFO  ipc.Server (Server.java:stop(3523)) - Stopping server on 15211
2024-08-15 03:37:28,478 [IPC Server listener on 15211] INFO  ipc.Server (Server.java:run(1434)) - Stopping IPC Server listener on 15211
2024-08-15 03:37:28,478 [IPC Server Responder] INFO  ipc.Server (Server.java:run(1567)) - Stopping IPC Server Responder
2024-08-15 03:37:28,478 [main] INFO  server.StorageContainerManager (StorageContainerManager.java:stop(1681)) - Stopping the StorageContainerLocationProtocol RPC server
2024-08-15 03:37:28,478 [main] INFO  server.SCMClientProtocolServer (SCMClientProtocolServer.java:stop(222)) - Stopping the RPC server for Client Protocol
2024-08-15 03:37:28,478 [main] INFO  ipc.Server (Server.java:stop(3523)) - Stopping server on 15210
2024-08-15 03:37:28,481 [IPC Server listener on 15210] INFO  ipc.Server (Server.java:run(1434)) - Stopping IPC Server listener on 15210
2024-08-15 03:37:28,482 [IPC Server Responder] INFO  ipc.Server (Server.java:run(1567)) - Stopping IPC Server Responder
2024-08-15 03:37:28,482 [main] INFO  server.StorageContainerManager (StorageContainerManager.java:stop(1688)) - Stopping Storage Container Manager HTTP server.
2024-08-15 03:37:28,483 [main] INFO  handler.ContextHandler (ContextHandler.java:doStop(1159)) - Stopped o.e.j.w.WebAppContext@36bf0f77{scm,/,null,STOPPED}{file:/home/runner/work/ozone/ozone/hadoop-ozone/integration-test/target/test-classes/webapps/scm}
2024-08-15 03:37:28,484 [main] INFO  server.AbstractConnector (AbstractConnector.java:doStop(383)) - Stopped ServerConnector@208bcc9{HTTP/1.1, (http/1.1)}{0.0.0.0:15213}
2024-08-15 03:37:28,484 [main] INFO  server.session (HouseKeeper.java:stopScavenging(149)) - node0 Stopped scavenging
2024-08-15 03:37:28,484 [main] INFO  handler.ContextHandler (ContextHandler.java:doStop(1159)) - Stopped o.e.j.s.ServletContextHandler@63a6211{static,/static,file:///home/runner/work/ozone/ozone/hadoop-ozone/integration-test/target/test-classes/webapps/static,STOPPED}
2024-08-15 03:37:28,484 [main] INFO  handler.ContextHandler (ContextHandler.java:doStop(1159)) - Stopped o.e.j.s.ServletContextHandler@98474c2{logs,/logs,file:///home/runner/work/ozone/ozone/hadoop-ozone/integration-test/target/log,STOPPED}
2024-08-15 03:37:28,485 [main] INFO  server.StorageContainerManager (StorageContainerManager.java:stop(1696)) - Stopping SCM LayoutVersionManager Service.
2024-08-15 03:37:28,485 [main] INFO  server.StorageContainerManager (StorageContainerManager.java:stop(1708)) - Stopping Block Manager Service.
2024-08-15 03:37:28,485 [main] INFO  utils.BackgroundService (BackgroundService.java:shutdown(163)) - Shutting down service SCMBlockDeletingService
2024-08-15 03:37:28,486 [main] INFO  utils.BackgroundService (BackgroundService.java:shutdown(163)) - Shutting down service SCMBlockDeletingService
2024-08-15 03:37:28,486 [main] INFO  server.StorageContainerManager (StorageContainerManager.java:stop(1733)) - Stopping SCM Event Queue.
2024-08-15 03:37:28,487 [JvmPauseMonitor30] INFO  util.JvmPauseMonitor (JvmPauseMonitor.java:run(152)) - JvmPauseMonitor-15a505e6-cc31-4e52-84f4-cea8397d8e82: Stopped
2024-08-15 03:37:28,487 [main] INFO  server.StorageContainerManager (StorageContainerManager.java:stop(1744)) - Stopping SCM HA services.
2024-08-15 03:37:28,487 [main] INFO  pipeline.BackgroundPipelineCreator (BackgroundPipelineCreator.java:stop(152)) - Stopping RatisPipelineUtilsThread.
2024-08-15 03:37:28,487 [RatisPipelineUtilsThread-0] WARN  pipeline.BackgroundPipelineCreator (BackgroundPipelineCreator.java:run(183)) - RatisPipelineUtilsThread is interrupted.
2024-08-15 03:37:28,488 [BackgroundPipelineScrubber] WARN  BackgroundPipelineScrubber (BackgroundSCMService.java:run(112)) - BackgroundPipelineScrubber is interrupted, exit
2024-08-15 03:37:28,488 [main] INFO  BackgroundPipelineScrubber (BackgroundSCMService.java:stop(128)) - Stopping BackgroundPipelineScrubber Service.
2024-08-15 03:37:28,488 [main] INFO  impl.MetricsSystemImpl (MetricsSystemImpl.java:stop(210)) - Stopping HddsDatanode metrics system...
2024-08-15 03:37:28,490 [prometheus] INFO  impl.MetricsSinkAdapter (MetricsSinkAdapter.java:publishMetricsFromQueue(141)) - prometheus thread interrupted.
2024-08-15 03:37:28,490 [main] INFO  impl.MetricsSystemImpl (MetricsSystemImpl.java:stop(216)) - HddsDatanode metrics system stopped.
2024-08-15 03:37:28,490 [main] WARN  pipeline.BackgroundPipelineCreator (BackgroundPipelineCreator.java:stop(148)) - RatisPipelineUtilsThread is not running, just ignore.
2024-08-15 03:37:28,491 [main] INFO  BackgroundPipelineScrubber (BackgroundSCMService.java:stop(123)) - BackgroundPipelineScrubber Service is not running, skip stop.
2024-08-15 03:37:28,491 [ExpiredContainerReplicaOpScrubber] WARN  ExpiredContainerReplicaOpScrubber (BackgroundSCMService.java:run(112)) - ExpiredContainerReplicaOpScrubber is interrupted, exit
2024-08-15 03:37:28,491 [main] INFO  ExpiredContainerReplicaOpScrubber (BackgroundSCMService.java:stop(128)) - Stopping ExpiredContainerReplicaOpScrubber Service.
2024-08-15 03:37:28,491 [main] INFO  utils.BackgroundService (BackgroundService.java:shutdown(163)) - Shutting down service SCMBlockDeletingService
2024-08-15 03:37:28,492 [main] INFO  replication.ReplicationManager (ReplicationManager.java:stop(339)) - Replication Monitor Thread is not running.
2024-08-15 03:37:28,492 [main] WARN  balancer.ContainerBalancer (ContainerBalancer.java:stop(349)) - Cannot stop Container Balancer because it's not running or stopping
2024-08-15 03:37:28,492 [main] INFO  server.StorageContainerManager (StorageContainerManager.java:stop(1779)) - Stopping SCM MetadataStore.
2024-08-15 03:37:28,492 [LeaseManager#LeaseMonitor] WARN  lease.LeaseManager (LeaseManager.java:run(286)) - Lease manager is interrupted. Shutting down...
java.lang.InterruptedException
	at java.base/java.util.concurrent.locks.AbstractQueuedSynchronizer.tryAcquireSharedNanos(AbstractQueuedSynchronizer.java:1081)
	at java.base/java.util.concurrent.Semaphore.tryAcquire(Semaphore.java:415)
	at org.apache.hadoop.ozone.lease.LeaseManager$LeaseMonitor.run(LeaseManager.java:284)
	at java.base/java.lang.Thread.run(Thread.java:840)
]]></system-out>
  </testcase>
  <testcase name="testGetCommittedBlockLengthWithException" classname="org.apache.hadoop.fs.ozone.TestLeaseRecovery" time="19.732"/>
  <testcase name="testGetCommittedBlockLengthTimeout(boolean)[1]" classname="org.apache.hadoop.fs.ozone.TestLeaseRecovery" time="30.611"/>
  <testcase name="testGetCommittedBlockLengthTimeout(boolean)[2]" classname="org.apache.hadoop.fs.ozone.TestLeaseRecovery" time="29.687"/>
  <testcase name="testRecoveryWithoutHsyncHflushOnLastBlock" classname="org.apache.hadoop.fs.ozone.TestLeaseRecovery" time="16.765"/>
  <testcase name="testOMConnectionFailure" classname="org.apache.hadoop.fs.ozone.TestLeaseRecovery" time="22.644"/>
  <testcase name="testOBSRecoveryShouldFail" classname="org.apache.hadoop.fs.ozone.TestLeaseRecovery" time="16.655"/>
  <testcase name="testBlockPipelineClosed" classname="org.apache.hadoop.fs.ozone.TestLeaseRecovery" time="18.49"/>
  <testcase name="testRecoveryWithPartialFilledHsyncBlock" classname="org.apache.hadoop.fs.ozone.TestLeaseRecovery" time="21.846"/>
</testsuite>