<?xml version="1.0" encoding="UTF-8"?>
<testsuite xmlns:xsi="http://www.w3.org/2001/XMLSchema-instance" xsi:noNamespaceSchemaLocation="https://maven.apache.org/surefire/maven-surefire-plugin/xsd/surefire-test-report.xsd" name="org.apache.hadoop.hdds.scm.pipeline.TestPipelineClose" time="149.096" tests="4" errors="0" skipped="0" failures="1">
  <properties>
    <property name="awt.toolkit" value="sun.awt.X11.XToolkit"/>
    <property name="file.encoding.pkg" value="sun.io"/>
    <property name="java.specification.version" value="1.8"/>
    <property name="sun.cpu.isalist" value=""/>
    <property name="sun.jnu.encoding" value="UTF-8"/>
    <property name="java.class.path" value="/home/runner/work/ozone/ozone/hadoop-ozone/integration-test/target/test-classes:/home/runner/work/ozone/ozone/hadoop-ozone/integration-test/target/classes:/home/runner/.m2/repository/org/apache/ozone/ozone-common/1.2.0-SNAPSHOT/ozone-common-1.2.0-SNAPSHOT.jar:/home/runner/.m2/repository/org/apache/commons/commons-compress/1.20/commons-compress-1.20.jar:/home/runner/.m2/repository/org/apache/ozone/hdds-common/1.2.0-SNAPSHOT/hdds-common-1.2.0-SNAPSHOT.jar:/home/runner/.m2/repository/org/apache/ozone/hdds-client/1.2.0-SNAPSHOT/hdds-client-1.2.0-SNAPSHOT.jar:/home/runner/.m2/repository/org/apache/ozone/ozone-interface-client/1.2.0-SNAPSHOT/ozone-interface-client-1.2.0-SNAPSHOT.jar:/home/runner/.m2/repository/org/apache/ozone/hdds-server-framework/1.2.0-SNAPSHOT/hdds-server-framework-1.2.0-SNAPSHOT.jar:/home/runner/.m2/repository/org/apache/ozone/hdds-interface-server/1.2.0-SNAPSHOT/hdds-interface-server-1.2.0-SNAPSHOT.jar:/home/runner/.m2/repository/org/eclipse/jetty/jetty-servlet/9.4.43.v20210629/jetty-servlet-9.4.43.v20210629.jar:/home/runner/.m2/repository/org/eclipse/jetty/jetty-security/9.4.43.v20210629/jetty-security-9.4.43.v20210629.jar:/home/runner/.m2/repository/org/rocksdb/rocksdbjni/6.20.3/rocksdbjni-6.20.3.jar:/home/runner/.m2/repository/io/prometheus/simpleclient_dropwizard/0.7.0/simpleclient_dropwizard-0.7.0.jar:/home/runner/.m2/repository/io/prometheus/simpleclient/0.7.0/simpleclient-0.7.0.jar:/home/runner/.m2/repository/io/prometheus/simpleclient_common/0.7.0/simpleclient_common-0.7.0.jar:/home/runner/.m2/repository/com/fasterxml/jackson/datatype/jackson-datatype-jsr310/2.12.1/jackson-datatype-jsr310-2.12.1.jar:/home/runner/.m2/repository/org/apache/ozone/hdds-test-utils/1.2.0-SNAPSHOT/hdds-test-utils-1.2.0-SNAPSHOT.jar:/home/runner/.m2/repository/com/google/guava/guava/30.1.1-jre/guava-30.1.1-jre.jar:/home/runner/.m2/repository/com/google/guava/failureaccess/1.0.1/failureaccess-1.0.1.jar:/home/runner/.m2/repository/com/google/guava/listenablefuture/9999.0-empty-to-avoid-conflict-with-guava/listenablefuture-9999.0-empty-to-avoid-conflict-with-guava.jar:/home/runner/.m2/repository/com/google/code/findbugs/jsr305/3.0.0/jsr305-3.0.0.jar:/home/runner/.m2/repository/org/checkerframework/checker-qual/3.8.0/checker-qual-3.8.0.jar:/home/runner/.m2/repository/com/google/errorprone/error_prone_annotations/2.2.0/error_prone_annotations-2.2.0.jar:/home/runner/.m2/repository/com/google/j2objc/j2objc-annotations/1.3/j2objc-annotations-1.3.jar:/home/runner/.m2/repository/commons-io/commons-io/2.8.0/commons-io-2.8.0.jar:/home/runner/.m2/repository/commons-logging/commons-logging/1.2/commons-logging-1.2.jar:/home/runner/.m2/repository/log4j/log4j/1.2.17/log4j-1.2.17.jar:/home/runner/.m2/repository/org/slf4j/slf4j-api/1.7.30/slf4j-api-1.7.30.jar:/home/runner/.m2/repository/org/apache/ozone/hdds-server-scm/1.2.0-SNAPSHOT/hdds-server-scm-1.2.0-SNAPSHOT.jar:/home/runner/.m2/repository/org/apache/ozone/hdds-container-service/1.2.0-SNAPSHOT/hdds-container-service-1.2.0-SNAPSHOT.jar:/home/runner/.m2/repository/org/apache/ozone/hdds-hadoop-dependency-server/1.2.0-SNAPSHOT/hdds-hadoop-dependency-server-1.2.0-SNAPSHOT.jar:/home/runner/.m2/repository/org/apache/hadoop/hadoop-hdfs/3.3.1/hadoop-hdfs-3.3.1.jar:/home/runner/.m2/repository/io/dropwizard/metrics/metrics-core/3.2.4/metrics-core-3.2.4.jar:/home/runner/.m2/repository/org/apache/hadoop/hadoop-hdfs-client/3.3.1/hadoop-hdfs-client-3.3.1.jar:/home/runner/.m2/repository/org/bouncycastle/bcprov-jdk15on/1.67/bcprov-jdk15on-1.67.jar:/home/runner/.m2/repository/com/google/protobuf/protobuf-java/2.5.0/protobuf-java-2.5.0.jar:/home/runner/.m2/repository/org/apache/ozone/ozone-manager/1.2.0-SNAPSHOT/ozone-manager-1.2.0-SNAPSHOT.jar:/home/runner/.m2/repository/org/aspectj/aspectjrt/1.8.9/aspectjrt-1.8.9.jar:/home/runner/.m2/repository/org/aspectj/aspectjweaver/1.8.9/aspectjweaver-1.8.9.jar:/home/runner/.m2/repository/org/apache/ozone/hdds-interface-client/1.2.0-SNAPSHOT/hdds-interface-client-1.2.0-SNAPSHOT.jar:/home/runner/.m2/repository/org/apache/hadoop/thirdparty/hadoop-shaded-protobuf_3_7/1.1.1/hadoop-shaded-protobuf_3_7-1.1.1.jar:/home/runner/.m2/repository/org/apache/ratis/ratis-thirdparty-misc/0.7.0/ratis-thirdparty-misc-0.7.0.jar:/home/runner/.m2/repository/org/apache/ozone/ozone-interface-storage/1.2.0-SNAPSHOT/ozone-interface-storage-1.2.0-SNAPSHOT.jar:/home/runner/.m2/repository/org/reflections/reflections/0.9.11/reflections-0.9.11.jar:/home/runner/.m2/repository/org/apache/hadoop/hadoop-minikdc/3.3.1/hadoop-minikdc-3.3.1.jar:/home/runner/.m2/repository/org/apache/kerby/kerb-simplekdc/1.0.1/kerb-simplekdc-1.0.1.jar:/home/runner/.m2/repository/org/apache/kerby/kerb-client/1.0.1/kerb-client-1.0.1.jar:/home/runner/.m2/repository/org/apache/kerby/kerby-config/1.0.1/kerby-config-1.0.1.jar:/home/runner/.m2/repository/org/apache/kerby/kerb-common/1.0.1/kerb-common-1.0.1.jar:/home/runner/.m2/repository/org/apache/kerby/kerb-crypto/1.0.1/kerb-crypto-1.0.1.jar:/home/runner/.m2/repository/org/apache/kerby/kerb-util/1.0.1/kerb-util-1.0.1.jar:/home/runner/.m2/repository/org/apache/kerby/token-provider/1.0.1/token-provider-1.0.1.jar:/home/runner/.m2/repository/org/apache/kerby/kerb-admin/1.0.1/kerb-admin-1.0.1.jar:/home/runner/.m2/repository/org/apache/kerby/kerb-server/1.0.1/kerb-server-1.0.1.jar:/home/runner/.m2/repository/org/apache/kerby/kerb-identity/1.0.1/kerb-identity-1.0.1.jar:/home/runner/.m2/repository/org/apache/kerby/kerby-xdr/1.0.1/kerby-xdr-1.0.1.jar:/home/runner/.m2/repository/org/slf4j/slf4j-log4j12/1.7.30/slf4j-log4j12-1.7.30.jar:/home/runner/.m2/repository/org/apache/ozone/ozone-s3gateway/1.2.0-SNAPSHOT/ozone-s3gateway-1.2.0-SNAPSHOT.jar:/home/runner/.m2/repository/org/javassist/javassist/3.21.0-GA/javassist-3.21.0-GA.jar:/home/runner/.m2/repository/org/jboss/weld/servlet/weld-servlet/2.4.7.Final/weld-servlet-2.4.7.Final.jar:/home/runner/.m2/repository/org/glassfish/jersey/containers/jersey-container-servlet-core/2.33/jersey-container-servlet-core-2.33.jar:/home/runner/.m2/repository/org/glassfish/hk2/external/jakarta.inject/2.6.1/jakarta.inject-2.6.1.jar:/home/runner/.m2/repository/org/glassfish/jersey/core/jersey-common/2.33/jersey-common-2.33.jar:/home/runner/.m2/repository/jakarta/ws/rs/jakarta.ws.rs-api/2.1.6/jakarta.ws.rs-api-2.1.6.jar:/home/runner/.m2/repository/org/glassfish/jersey/ext/cdi/jersey-cdi1x/2.33/jersey-cdi1x-2.33.jar:/home/runner/.m2/repository/org/glassfish/jersey/inject/jersey-hk2/2.33/jersey-hk2-2.33.jar:/home/runner/.m2/repository/org/glassfish/hk2/hk2-locator/2.6.1/hk2-locator-2.6.1.jar:/home/runner/.m2/repository/org/glassfish/jersey/media/jersey-media-jaxb/2.33/jersey-media-jaxb-2.33.jar:/home/runner/.m2/repository/org/glassfish/hk2/osgi-resource-locator/1.0.3/osgi-resource-locator-1.0.3.jar:/home/runner/.m2/repository/org/glassfish/hk2/hk2-api/2.5.0/hk2-api-2.5.0.jar:/home/runner/.m2/repository/org/glassfish/hk2/hk2-utils/2.5.0/hk2-utils-2.5.0.jar:/home/runner/.m2/repository/org/glassfish/hk2/external/aopalliance-repackaged/2.5.0/aopalliance-repackaged-2.5.0.jar:/home/runner/.m2/repository/com/fasterxml/jackson/dataformat/jackson-dataformat-xml/2.12.1/jackson-dataformat-xml-2.12.1.jar:/home/runner/.m2/repository/com/fasterxml/jackson/core/jackson-core/2.12.1/jackson-core-2.12.1.jar:/home/runner/.m2/repository/com/fasterxml/jackson/module/jackson-module-jaxb-annotations/2.12.1/jackson-module-jaxb-annotations-2.12.1.jar:/home/runner/.m2/repository/jakarta/xml/bind/jakarta.xml.bind-api/2.3.2/jakarta.xml.bind-api-2.3.2.jar:/home/runner/.m2/repository/org/codehaus/woodstox/stax2-api/3.1.4/stax2-api-3.1.4.jar:/home/runner/.m2/repository/com/fasterxml/woodstox/woodstox-core/5.0.3/woodstox-core-5.0.3.jar:/home/runner/.m2/repository/javax/enterprise/cdi-api/1.2/cdi-api-1.2.jar:/home/runner/.m2/repository/javax/el/javax.el-api/3.0.0/javax.el-api-3.0.0.jar:/home/runner/.m2/repository/javax/interceptor/javax.interceptor-api/1.2/javax.interceptor-api-1.2.jar:/home/runner/.m2/repository/javax/inject/javax.inject/1/javax.inject-1.jar:/home/runner/.m2/repository/javax/xml/bind/jaxb-api/2.3.0/jaxb-api-2.3.0.jar:/home/runner/.m2/repository/org/glassfish/jaxb/jaxb-runtime/2.3.0.1/jaxb-runtime-2.3.0.1.jar:/home/runner/.m2/repository/org/glassfish/jaxb/jaxb-core/2.3.0.1/jaxb-core-2.3.0.1.jar:/home/runner/.m2/repository/org/glassfish/jaxb/txw2/2.3.0.1/txw2-2.3.0.1.jar:/home/runner/.m2/repository/com/sun/istack/istack-commons-runtime/3.0.5/istack-commons-runtime-3.0.5.jar:/home/runner/.m2/repository/org/jvnet/staxex/stax-ex/1.7.8/stax-ex-1.7.8.jar:/home/runner/.m2/repository/com/sun/xml/fastinfoset/FastInfoset/1.2.13/FastInfoset-1.2.13.jar:/home/runner/.m2/repository/javax/activation/activation/1.1.1/activation-1.1.1.jar:/home/runner/.m2/repository/org/apache/ozone/ozone-csi/1.2.0-SNAPSHOT/ozone-csi-1.2.0-SNAPSHOT.jar:/home/runner/.m2/repository/com/google/protobuf/protobuf-java-util/3.12.0/protobuf-java-util-3.12.0.jar:/home/runner/.m2/repository/com/google/code/gson/gson/2.2.4/gson-2.2.4.jar:/home/runner/.m2/repository/org/apache/ozone/hdds-config/1.2.0-SNAPSHOT/hdds-config-1.2.0-SNAPSHOT.jar:/home/runner/.m2/repository/io/grpc/grpc-netty/1.33.0/grpc-netty-1.33.0.jar:/home/runner/.m2/repository/io/grpc/grpc-core/1.33.0/grpc-core-1.33.0.jar:/home/runner/.m2/repository/com/google/android/annotations/4.1.1.4/annotations-4.1.1.4.jar:/home/runner/.m2/repository/io/netty/netty-codec-http2/4.1.63.Final/netty-codec-http2-4.1.63.Final.jar:/home/runner/.m2/repository/io/netty/netty-codec-http/4.1.63.Final/netty-codec-http-4.1.63.Final.jar:/home/runner/.m2/repository/io/netty/netty-handler-proxy/4.1.63.Final/netty-handler-proxy-4.1.63.Final.jar:/home/runner/.m2/repository/io/netty/netty-codec-socks/4.1.63.Final/netty-codec-socks-4.1.63.Final.jar:/home/runner/.m2/repository/io/perfmark/perfmark-api/0.19.0/perfmark-api-0.19.0.jar:/home/runner/.m2/repository/org/codehaus/mojo/animal-sniffer-annotations/1.18/animal-sniffer-annotations-1.18.jar:/home/runner/.m2/repository/io/netty/netty-transport-native-epoll/4.1.63.Final/netty-transport-native-epoll-4.1.63.Final.jar:/home/runner/.m2/repository/io/netty/netty-common/4.1.63.Final/netty-common-4.1.63.Final.jar:/home/runner/.m2/repository/io/netty/netty-buffer/4.1.63.Final/netty-buffer-4.1.63.Final.jar:/home/runner/.m2/repository/io/netty/netty-transport-native-unix-common/4.1.63.Final/netty-transport-native-unix-common-4.1.63.Final.jar:/home/runner/.m2/repository/io/grpc/grpc-protobuf/1.33.0/grpc-protobuf-1.33.0.jar:/home/runner/.m2/repository/io/grpc/grpc-api/1.33.0/grpc-api-1.33.0.jar:/home/runner/.m2/repository/io/grpc/grpc-context/1.33.0/grpc-context-1.33.0.jar:/home/runner/.m2/repository/com/google/api/grpc/proto-google-common-protos/1.17.0/proto-google-common-protos-1.17.0.jar:/home/runner/.m2/repository/io/grpc/grpc-protobuf-lite/1.33.0/grpc-protobuf-lite-1.33.0.jar:/home/runner/.m2/repository/io/grpc/grpc-stub/1.33.0/grpc-stub-1.33.0.jar:/home/runner/.m2/repository/org/apache/ozone/ozone-recon/1.2.0-SNAPSHOT/ozone-recon-1.2.0-SNAPSHOT.jar:/home/runner/.m2/repository/org/apache/ozone/ozone-reconcodegen/1.2.0-SNAPSHOT/ozone-reconcodegen-1.2.0-SNAPSHOT.jar:/home/runner/.m2/repository/com/google/inject/extensions/guice-multibindings/4.0/guice-multibindings-4.0.jar:/home/runner/.m2/repository/com/google/inject/guice/4.0/guice-4.0.jar:/home/runner/.m2/repository/aopalliance/aopalliance/1.0/aopalliance-1.0.jar:/home/runner/.m2/repository/com/google/inject/extensions/guice-assistedinject/4.0/guice-assistedinject-4.0.jar:/home/runner/.m2/repository/com/google/inject/extensions/guice-servlet/4.0/guice-servlet-4.0.jar:/home/runner/.m2/repository/org/glassfish/jersey/containers/jersey-container-servlet/2.33/jersey-container-servlet-2.33.jar:/home/runner/.m2/repository/org/glassfish/hk2/guice-bridge/2.5.0/guice-bridge-2.5.0.jar:/home/runner/.m2/repository/org/glassfish/jersey/core/jersey-server/2.33/jersey-server-2.33.jar:/home/runner/.m2/repository/org/glassfish/jersey/core/jersey-client/2.33/jersey-client-2.33.jar:/home/runner/.m2/repository/jakarta/annotation/jakarta.annotation-api/1.3.5/jakarta.annotation-api-1.3.5.jar:/home/runner/.m2/repository/jakarta/validation/jakarta.validation-api/2.0.2/jakarta.validation-api-2.0.2.jar:/home/runner/.m2/repository/org/glassfish/jersey/media/jersey-media-json-jackson/2.33/jersey-media-json-jackson-2.33.jar:/home/runner/.m2/repository/org/glassfish/jersey/ext/jersey-entity-filtering/2.33/jersey-entity-filtering-2.33.jar:/home/runner/.m2/repository/org/jooq/jooq/3.11.10/jooq-3.11.10.jar:/home/runner/.m2/repository/org/jooq/jooq-meta/3.11.10/jooq-meta-3.11.10.jar:/home/runner/.m2/repository/org/jooq/jooq-codegen/3.11.10/jooq-codegen-3.11.10.jar:/home/runner/.m2/repository/com/jolbox/bonecp/0.8.0.RELEASE/bonecp-0.8.0.RELEASE.jar:/home/runner/.m2/repository/org/apache/derby/derby/10.14.2.0/derby-10.14.2.0.jar:/home/runner/.m2/repository/org/xerial/sqlite-jdbc/3.25.2/sqlite-jdbc-3.25.2.jar:/home/runner/.m2/repository/org/springframework/spring-jdbc/5.2.11.RELEASE/spring-jdbc-5.2.11.RELEASE.jar:/home/runner/.m2/repository/org/springframework/spring-beans/5.2.11.RELEASE/spring-beans-5.2.11.RELEASE.jar:/home/runner/.m2/repository/org/springframework/spring-core/5.2.11.RELEASE/spring-core-5.2.11.RELEASE.jar:/home/runner/.m2/repository/org/springframework/spring-jcl/5.2.11.RELEASE/spring-jcl-5.2.11.RELEASE.jar:/home/runner/.m2/repository/org/springframework/spring-tx/5.2.11.RELEASE/spring-tx-5.2.11.RELEASE.jar:/home/runner/.m2/repository/org/apache/ozone/ozone-client/1.2.0-SNAPSHOT/ozone-client-1.2.0-SNAPSHOT.jar:/home/runner/.m2/repository/org/apache/ozone/ozone-filesystem/1.2.0-SNAPSHOT/ozone-filesystem-1.2.0-SNAPSHOT.jar:/home/runner/.m2/repository/org/apache/ozone/ozone-filesystem-common/1.2.0-SNAPSHOT/ozone-filesystem-common-1.2.0-SNAPSHOT.jar:/home/runner/.m2/repository/org/apache/ozone/ozone-tools/1.2.0-SNAPSHOT/ozone-tools-1.2.0-SNAPSHOT.jar:/home/runner/.m2/repository/org/apache/ratis/ratis-tools/2.1.0-03f3b68-SNAPSHOT/ratis-tools-2.1.0-03f3b68-SNAPSHOT.jar:/home/runner/.m2/repository/org/apache/ratis/ratis-proto/2.1.0-03f3b68-SNAPSHOT/ratis-proto-2.1.0-03f3b68-SNAPSHOT.jar:/home/runner/.m2/repository/org/apache/ratis/ratis-common/2.1.0-03f3b68-SNAPSHOT/ratis-common-2.1.0-03f3b68-SNAPSHOT.jar:/home/runner/.m2/repository/com/amazonaws/aws-java-sdk-core/1.11.901/aws-java-sdk-core-1.11.901.jar:/home/runner/.m2/repository/org/apache/httpcomponents/httpclient/4.5.13/httpclient-4.5.13.jar:/home/runner/.m2/repository/org/apache/httpcomponents/httpcore/4.4.13/httpcore-4.4.13.jar:/home/runner/.m2/repository/software/amazon/ion/ion-java/1.0.2/ion-java-1.0.2.jar:/home/runner/.m2/repository/com/fasterxml/jackson/dataformat/jackson-dataformat-cbor/2.12.1/jackson-dataformat-cbor-2.12.1.jar:/home/runner/.m2/repository/joda-time/joda-time/2.8.1/joda-time-2.8.1.jar:/home/runner/.m2/repository/com/amazonaws/aws-java-sdk-s3/1.11.901/aws-java-sdk-s3-1.11.901.jar:/home/runner/.m2/repository/com/amazonaws/aws-java-sdk-kms/1.11.901/aws-java-sdk-kms-1.11.901.jar:/home/runner/.m2/repository/com/amazonaws/jmespath-java/1.11.901/jmespath-java-1.11.901.jar:/home/runner/.m2/repository/org/kohsuke/metainf-services/metainf-services/1.8/metainf-services-1.8.jar:/home/runner/.m2/repository/org/apache/ozone/hdds-tools/1.2.0-SNAPSHOT/hdds-tools-1.2.0-SNAPSHOT.jar:/home/runner/.m2/repository/commons-cli/commons-cli/1.2/commons-cli-1.2.jar:/home/runner/.m2/repository/org/apache/commons/commons-lang3/3.7/commons-lang3-3.7.jar:/home/runner/.m2/repository/org/apache/ozone/ozone-manager/1.2.0-SNAPSHOT/ozone-manager-1.2.0-SNAPSHOT-tests.jar:/home/runner/.m2/repository/org/apache/ozone/hdds-common/1.2.0-SNAPSHOT/hdds-common-1.2.0-SNAPSHOT-tests.jar:/home/runner/.m2/repository/org/apache/ozone/hdds-hadoop-dependency-client/1.2.0-SNAPSHOT/hdds-hadoop-dependency-client-1.2.0-SNAPSHOT.jar:/home/runner/.m2/repository/info/picocli/picocli/4.4.0/picocli-4.4.0.jar:/home/runner/.m2/repository/com/fasterxml/jackson/core/jackson-annotations/2.12.1/jackson-annotations-2.12.1.jar:/home/runner/.m2/repository/javax/annotation/javax.annotation-api/1.2/javax.annotation-api-1.2.jar:/home/runner/.m2/repository/org/apache/ratis/ratis-server/2.1.0-03f3b68-SNAPSHOT/ratis-server-2.1.0-03f3b68-SNAPSHOT.jar:/home/runner/.m2/repository/org/apache/ratis/ratis-client/2.1.0-03f3b68-SNAPSHOT/ratis-client-2.1.0-03f3b68-SNAPSHOT.jar:/home/runner/.m2/repository/org/apache/ratis/ratis-server-api/2.1.0-03f3b68-SNAPSHOT/ratis-server-api-2.1.0-03f3b68-SNAPSHOT.jar:/home/runner/.m2/repository/org/apache/ratis/ratis-metrics/2.1.0-03f3b68-SNAPSHOT/ratis-metrics-2.1.0-03f3b68-SNAPSHOT.jar:/home/runner/.m2/repository/org/apache/ratis/ratis-netty/2.1.0-03f3b68-SNAPSHOT/ratis-netty-2.1.0-03f3b68-SNAPSHOT.jar:/home/runner/.m2/repository/org/apache/ratis/ratis-grpc/2.1.0-03f3b68-SNAPSHOT/ratis-grpc-2.1.0-03f3b68-SNAPSHOT.jar:/home/runner/.m2/repository/org/apache/logging/log4j/log4j-api/2.13.3/log4j-api-2.13.3.jar:/home/runner/.m2/repository/org/apache/logging/log4j/log4j-core/2.13.3/log4j-core-2.13.3.jar:/home/runner/.m2/repository/com/lmax/disruptor/3.4.2/disruptor-3.4.2.jar:/home/runner/.m2/repository/org/apache/commons/commons-pool2/2.6.0/commons-pool2-2.6.0.jar:/home/runner/.m2/repository/org/bouncycastle/bcpkix-jdk15on/1.67/bcpkix-jdk15on-1.67.jar:/home/runner/.m2/repository/commons-validator/commons-validator/1.6/commons-validator-1.6.jar:/home/runner/.m2/repository/commons-beanutils/commons-beanutils/1.9.4/commons-beanutils-1.9.4.jar:/home/runner/.m2/repository/commons-digester/commons-digester/1.8.1/commons-digester-1.8.1.jar:/home/runner/.m2/repository/commons-collections/commons-collections/3.2.2/commons-collections-3.2.2.jar:/home/runner/.m2/repository/io/jaegertracing/jaeger-client/1.6.0/jaeger-client-1.6.0.jar:/home/runner/.m2/repository/io/jaegertracing/jaeger-thrift/1.6.0/jaeger-thrift-1.6.0.jar:/home/runner/.m2/repository/org/apache/thrift/libthrift/0.14.1/libthrift-0.14.1.jar:/home/runner/.m2/repository/com/squareup/okhttp3/okhttp/4.9.0/okhttp-4.9.0.jar:/home/runner/.m2/repository/com/squareup/okio/okio/2.8.0/okio-2.8.0.jar:/home/runner/.m2/repository/io/jaegertracing/jaeger-core/1.6.0/jaeger-core-1.6.0.jar:/home/runner/.m2/repository/io/jaegertracing/jaeger-tracerresolver/1.6.0/jaeger-tracerresolver-1.6.0.jar:/home/runner/.m2/repository/io/opentracing/contrib/opentracing-tracerresolver/0.1.8/opentracing-tracerresolver-0.1.8.jar:/home/runner/.m2/repository/org/jetbrains/kotlin/kotlin-stdlib/1.4.31/kotlin-stdlib-1.4.31.jar:/home/runner/.m2/repository/org/jetbrains/kotlin/kotlin-stdlib-common/1.4.31/kotlin-stdlib-common-1.4.31.jar:/home/runner/.m2/repository/org/jetbrains/annotations/13.0/annotations-13.0.jar:/home/runner/.m2/repository/io/opentracing/opentracing-util/0.33.0/opentracing-util-0.33.0.jar:/home/runner/.m2/repository/io/opentracing/opentracing-api/0.33.0/opentracing-api-0.33.0.jar:/home/runner/.m2/repository/io/opentracing/opentracing-noop/0.33.0/opentracing-noop-0.33.0.jar:/home/runner/.m2/repository/org/yaml/snakeyaml/1.26/snakeyaml-1.26.jar:/home/runner/.m2/repository/org/apache/ozone/hdds-interface-admin/1.2.0-SNAPSHOT/hdds-interface-admin-1.2.0-SNAPSHOT.jar:/home/runner/.m2/repository/junit/junit/4.13.1/junit-4.13.1.jar:/home/runner/.m2/repository/org/hamcrest/hamcrest-core/1.3/hamcrest-core-1.3.jar:/home/runner/.m2/repository/org/junit/jupiter/junit-jupiter-api/5.7.0/junit-jupiter-api-5.7.0.jar:/home/runner/.m2/repository/org/apiguardian/apiguardian-api/1.1.0/apiguardian-api-1.1.0.jar:/home/runner/.m2/repository/org/opentest4j/opentest4j/1.2.0/opentest4j-1.2.0.jar:/home/runner/.m2/repository/org/junit/platform/junit-platform-commons/1.7.0/junit-platform-commons-1.7.0.jar:/home/runner/.m2/repository/org/junit/jupiter/junit-jupiter-engine/5.7.0/junit-jupiter-engine-5.7.0.jar:/home/runner/.m2/repository/org/junit/platform/junit-platform-engine/1.7.0/junit-platform-engine-1.7.0.jar:/home/runner/.m2/repository/org/junit/vintage/junit-vintage-engine/5.7.0/junit-vintage-engine-5.7.0.jar:/home/runner/.m2/repository/org/junit/platform/junit-platform-launcher/1.7.0/junit-platform-launcher-1.7.0.jar:/home/runner/.m2/repository/org/openjdk/jmh/jmh-core/1.19/jmh-core-1.19.jar:/home/runner/.m2/repository/net/sf/jopt-simple/jopt-simple/4.6/jopt-simple-4.6.jar:/home/runner/.m2/repository/org/apache/commons/commons-math3/3.1.1/commons-math3-3.1.1.jar:/home/runner/.m2/repository/org/openjdk/jmh/jmh-generator-annprocess/1.19/jmh-generator-annprocess-1.19.jar:/home/runner/.m2/repository/org/mockito/mockito-core/2.28.2/mockito-core-2.28.2.jar:/home/runner/.m2/repository/net/bytebuddy/byte-buddy/1.9.10/byte-buddy-1.9.10.jar:/home/runner/.m2/repository/net/bytebuddy/byte-buddy-agent/1.9.10/byte-buddy-agent-1.9.10.jar:/home/runner/.m2/repository/org/objenesis/objenesis/1.0/objenesis-1.0.jar:/home/runner/.m2/repository/org/apache/hadoop/hadoop-kms/3.3.1/hadoop-kms-3.3.1.jar:/home/runner/.m2/repository/org/apache/hadoop/hadoop-auth/3.3.1/hadoop-auth-3.3.1.jar:/home/runner/.m2/repository/com/nimbusds/nimbus-jose-jwt/7.9/nimbus-jose-jwt-7.9.jar:/home/runner/.m2/repository/com/github/stephenc/jcip/jcip-annotations/1.0-1/jcip-annotations-1.0-1.jar:/home/runner/.m2/repository/net/minidev/json-smart/2.3/json-smart-2.3.jar:/home/runner/.m2/repository/net/minidev/accessors-smart/1.2/accessors-smart-1.2.jar:/home/runner/.m2/repository/org/ow2/asm/asm/5.0.4/asm-5.0.4.jar:/home/runner/.m2/repository/org/apache/zookeeper/zookeeper/3.5.6/zookeeper-3.5.6.jar:/home/runner/.m2/repository/org/apache/zookeeper/zookeeper-jute/3.5.6/zookeeper-jute-3.5.6.jar:/home/runner/.m2/repository/org/apache/yetus/audience-annotations/0.5.0/audience-annotations-0.5.0.jar:/home/runner/.m2/repository/org/apache/curator/curator-framework/4.2.0/curator-framework-4.2.0.jar:/home/runner/.m2/repository/org/apache/hadoop/thirdparty/hadoop-shaded-guava/1.1.1/hadoop-shaded-guava-1.1.1.jar:/home/runner/.m2/repository/com/sun/jersey/jersey-core/1.19/jersey-core-1.19.jar:/home/runner/.m2/repository/javax/ws/rs/jsr311-api/1.1.1/jsr311-api-1.1.1.jar:/home/runner/.m2/repository/com/sun/jersey/jersey-server/1.19/jersey-server-1.19.jar:/home/runner/.m2/repository/javax/servlet/javax.servlet-api/3.1.0/javax.servlet-api-3.1.0.jar:/home/runner/.m2/repository/org/eclipse/jetty/jetty-server/9.4.43.v20210629/jetty-server-9.4.43.v20210629.jar:/home/runner/.m2/repository/org/eclipse/jetty/jetty-http/9.4.43.v20210629/jetty-http-9.4.43.v20210629.jar:/home/runner/.m2/repository/org/eclipse/jetty/jetty-io/9.4.43.v20210629/jetty-io-9.4.43.v20210629.jar:/home/runner/.m2/repository/org/eclipse/jetty/jetty-webapp/9.4.43.v20210629/jetty-webapp-9.4.43.v20210629.jar:/home/runner/.m2/repository/org/eclipse/jetty/jetty-xml/9.4.43.v20210629/jetty-xml-9.4.43.v20210629.jar:/home/runner/.m2/repository/org/apache/hadoop/hadoop-common/3.3.1/hadoop-common-3.3.1.jar:/home/runner/.m2/repository/commons-net/commons-net/3.6/commons-net-3.6.jar:/home/runner/.m2/repository/jakarta/activation/jakarta.activation-api/1.2.1/jakarta.activation-api-1.2.1.jar:/home/runner/.m2/repository/com/sun/jersey/jersey-servlet/1.19/jersey-servlet-1.19.jar:/home/runner/.m2/repository/com/sun/jersey/jersey-json/1.19/jersey-json-1.19.jar:/home/runner/.m2/repository/org/codehaus/jettison/jettison/1.1/jettison-1.1.jar:/home/runner/.m2/repository/com/sun/xml/bind/jaxb-impl/2.2.3-1/jaxb-impl-2.2.3-1.jar:/home/runner/.m2/repository/org/codehaus/jackson/jackson-jaxrs/1.9.2/jackson-jaxrs-1.9.2.jar:/home/runner/.m2/repository/org/codehaus/jackson/jackson-xc/1.9.2/jackson-xc-1.9.2.jar:/home/runner/.m2/repository/org/apache/commons/commons-configuration2/2.1.1/commons-configuration2-2.1.1.jar:/home/runner/.m2/repository/org/apache/commons/commons-text/1.4/commons-text-1.4.jar:/home/runner/.m2/repository/com/google/re2j/re2j/1.1/re2j-1.1.jar:/home/runner/.m2/repository/com/jcraft/jsch/0.1.54/jsch-0.1.54.jar:/home/runner/.m2/repository/org/apache/curator/curator-client/4.2.0/curator-client-4.2.0.jar:/home/runner/.m2/repository/org/apache/curator/curator-recipes/4.2.0/curator-recipes-4.2.0.jar:/home/runner/.m2/repository/org/apache/kerby/kerb-core/1.0.1/kerb-core-1.0.1.jar:/home/runner/.m2/repository/org/apache/kerby/kerby-pkix/1.0.1/kerby-pkix-1.0.1.jar:/home/runner/.m2/repository/org/apache/kerby/kerby-asn1/1.0.1/kerby-asn1-1.0.1.jar:/home/runner/.m2/repository/org/apache/kerby/kerby-util/1.0.1/kerby-util-1.0.1.jar:/home/runner/.m2/repository/dnsjava/dnsjava/2.1.7/dnsjava-2.1.7.jar:/home/runner/.m2/repository/org/xerial/snappy/snappy-java/1.1.8.2/snappy-java-1.1.8.2.jar:/home/runner/.m2/repository/org/slf4j/jul-to-slf4j/1.7.30/jul-to-slf4j-1.7.30.jar:/home/runner/.m2/repository/org/eclipse/jetty/jetty-util/9.4.43.v20210629/jetty-util-9.4.43.v20210629.jar:/home/runner/.m2/repository/com/fasterxml/jackson/core/jackson-databind/2.12.1/jackson-databind-2.12.1.jar:/home/runner/.m2/repository/org/apache/hadoop/hadoop-kms/3.3.1/hadoop-kms-3.3.1-tests.jar:/home/runner/.m2/repository/org/apache/ozone/hdds-server-scm/1.2.0-SNAPSHOT/hdds-server-scm-1.2.0-SNAPSHOT-tests.jar:/home/runner/.m2/repository/org/apache/ozone/hdds-container-service/1.2.0-SNAPSHOT/hdds-container-service-1.2.0-SNAPSHOT-tests.jar:/home/runner/.m2/repository/commons-codec/commons-codec/1.11/commons-codec-1.11.jar:/home/runner/.m2/repository/io/netty/netty-transport/4.1.63.Final/netty-transport-4.1.63.Final.jar:/home/runner/.m2/repository/io/netty/netty-resolver/4.1.63.Final/netty-resolver-4.1.63.Final.jar:/home/runner/.m2/repository/io/netty/netty-codec/4.1.63.Final/netty-codec-4.1.63.Final.jar:/home/runner/.m2/repository/io/netty/netty-handler/4.1.63.Final/netty-handler-4.1.63.Final.jar:/home/runner/.m2/repository/org/apache/ozone/hdds-hadoop-dependency-test/1.2.0-SNAPSHOT/hdds-hadoop-dependency-test-1.2.0-SNAPSHOT.jar:/home/runner/.m2/repository/org/apache/hadoop/hadoop-common/3.3.1/hadoop-common-3.3.1-tests.jar:/home/runner/.m2/repository/org/assertj/assertj-core/3.12.2/assertj-core-3.12.2.jar:/home/runner/.m2/repository/org/apache/hadoop/hadoop-hdfs/3.3.1/hadoop-hdfs-3.3.1-tests.jar:/home/runner/.m2/repository/org/eclipse/jetty/jetty-util-ajax/9.4.43.v20210629/jetty-util-ajax-9.4.43.v20210629.jar:/home/runner/.m2/repository/commons-daemon/commons-daemon/1.0.13/commons-daemon-1.0.13.jar:/home/runner/.m2/repository/io/netty/netty/3.10.6.Final/netty-3.10.6.Final.jar:/home/runner/.m2/repository/io/netty/netty-all/4.1.63.Final/netty-all-4.1.63.Final.jar:/home/runner/.m2/repository/org/apache/htrace/htrace-core4/4.1.0-incubating/htrace-core4-4.1.0-incubating.jar:/home/runner/.m2/repository/org/fusesource/leveldbjni/leveldbjni-all/1.8/leveldbjni-all-1.8.jar:/home/runner/.m2/repository/org/apache/hadoop/hadoop-distcp/3.3.1/hadoop-distcp-3.3.1.jar:/home/runner/.m2/repository/org/apache/hadoop/hadoop-mapreduce-client-jobclient/3.3.1/hadoop-mapreduce-client-jobclient-3.3.1.jar:/home/runner/.m2/repository/org/apache/hadoop/hadoop-mapreduce-client-common/3.3.1/hadoop-mapreduce-client-common-3.3.1.jar:/home/runner/.m2/repository/org/apache/hadoop/hadoop-yarn-common/3.3.1/hadoop-yarn-common-3.3.1.jar:/home/runner/.m2/repository/org/apache/hadoop/hadoop-yarn-api/3.3.1/hadoop-yarn-api-3.3.1.jar:/home/runner/.m2/repository/com/sun/jersey/jersey-client/1.19/jersey-client-1.19.jar:/home/runner/.m2/repository/com/sun/jersey/contribs/jersey-guice/1.19/jersey-guice-1.19.jar:/home/runner/.m2/repository/com/fasterxml/jackson/jaxrs/jackson-jaxrs-json-provider/2.12.1/jackson-jaxrs-json-provider-2.12.1.jar:/home/runner/.m2/repository/com/fasterxml/jackson/jaxrs/jackson-jaxrs-base/2.12.1/jackson-jaxrs-base-2.12.1.jar:/home/runner/.m2/repository/org/apache/hadoop/hadoop-yarn-client/3.3.1/hadoop-yarn-client-3.3.1.jar:/home/runner/.m2/repository/org/eclipse/jetty/websocket/websocket-client/9.4.40.v20210413/websocket-client-9.4.40.v20210413.jar:/home/runner/.m2/repository/org/eclipse/jetty/jetty-client/9.4.40.v20210413/jetty-client-9.4.40.v20210413.jar:/home/runner/.m2/repository/org/eclipse/jetty/websocket/websocket-common/9.4.40.v20210413/websocket-common-9.4.40.v20210413.jar:/home/runner/.m2/repository/org/eclipse/jetty/websocket/websocket-api/9.4.40.v20210413/websocket-api-9.4.40.v20210413.jar:/home/runner/.m2/repository/org/jline/jline/3.9.0/jline-3.9.0.jar:/home/runner/.m2/repository/org/apache/hadoop/hadoop-mapreduce-client-core/3.3.1/hadoop-mapreduce-client-core-3.3.1.jar:/home/runner/.m2/repository/org/apache/avro/avro/1.7.7/avro-1.7.7.jar:/home/runner/.m2/repository/org/codehaus/jackson/jackson-core-asl/1.9.13/jackson-core-asl-1.9.13.jar:/home/runner/.m2/repository/org/codehaus/jackson/jackson-mapper-asl/1.9.13/jackson-mapper-asl-1.9.13.jar:/home/runner/.m2/repository/com/thoughtworks/paranamer/paranamer/2.3/paranamer-2.3.jar:/home/runner/.m2/repository/org/apache/hadoop/hadoop-annotations/3.3.1/hadoop-annotations-3.3.1.jar:/usr/lib/jvm/adoptopenjdk-8-hotspot-amd64/jre/../lib/tools.jar:/home/runner/.m2/repository/org/apache/hadoop/hadoop-distcp/3.3.1/hadoop-distcp-3.3.1-tests.jar:"/>
    <property name="java.vm.vendor" value="AdoptOpenJDK"/>
    <property name="sun.arch.data.model" value="64"/>
    <property name="test.build.dir" value="/home/runner/work/ozone/ozone/hadoop-ozone/integration-test/target/test-dir"/>
    <property name="test.cache.data" value=""/>
    <property name="java.vendor.url" value="https://adoptopenjdk.net/"/>
    <property name="user.timezone" value=""/>
    <property name="java.vm.specification.version" value="1.8"/>
    <property name="os.name" value="Linux"/>
    <property name="test.build.data" value="/home/runner/work/ozone/ozone/hadoop-ozone/integration-test/target/test-dir"/>
    <property name="sun.java.launcher" value="SUN_STANDARD"/>
    <property name="sun.boot.library.path" value="/usr/lib/jvm/adoptopenjdk-8-hotspot-amd64/jre/lib/amd64"/>
    <property name="sun.java.command" value="/home/runner/work/ozone/ozone/hadoop-ozone/integration-test/target/surefire/surefirebooter4689907086653025159.jar /home/runner/work/ozone/ozone/hadoop-ozone/integration-test/target/surefire 2021-08-17T11-20-21_647-jvmRun1 surefire8862778997100404253tmp surefire_146239952673635277438tmp"/>
    <property name="surefire.test.class.path" value="/home/runner/work/ozone/ozone/hadoop-ozone/integration-test/target/test-classes:/home/runner/work/ozone/ozone/hadoop-ozone/integration-test/target/classes:/home/runner/.m2/repository/org/apache/ozone/ozone-common/1.2.0-SNAPSHOT/ozone-common-1.2.0-SNAPSHOT.jar:/home/runner/.m2/repository/org/apache/commons/commons-compress/1.20/commons-compress-1.20.jar:/home/runner/.m2/repository/org/apache/ozone/hdds-common/1.2.0-SNAPSHOT/hdds-common-1.2.0-SNAPSHOT.jar:/home/runner/.m2/repository/org/apache/ozone/hdds-client/1.2.0-SNAPSHOT/hdds-client-1.2.0-SNAPSHOT.jar:/home/runner/.m2/repository/org/apache/ozone/ozone-interface-client/1.2.0-SNAPSHOT/ozone-interface-client-1.2.0-SNAPSHOT.jar:/home/runner/.m2/repository/org/apache/ozone/hdds-server-framework/1.2.0-SNAPSHOT/hdds-server-framework-1.2.0-SNAPSHOT.jar:/home/runner/.m2/repository/org/apache/ozone/hdds-interface-server/1.2.0-SNAPSHOT/hdds-interface-server-1.2.0-SNAPSHOT.jar:/home/runner/.m2/repository/org/eclipse/jetty/jetty-servlet/9.4.43.v20210629/jetty-servlet-9.4.43.v20210629.jar:/home/runner/.m2/repository/org/eclipse/jetty/jetty-security/9.4.43.v20210629/jetty-security-9.4.43.v20210629.jar:/home/runner/.m2/repository/org/rocksdb/rocksdbjni/6.20.3/rocksdbjni-6.20.3.jar:/home/runner/.m2/repository/io/prometheus/simpleclient_dropwizard/0.7.0/simpleclient_dropwizard-0.7.0.jar:/home/runner/.m2/repository/io/prometheus/simpleclient/0.7.0/simpleclient-0.7.0.jar:/home/runner/.m2/repository/io/prometheus/simpleclient_common/0.7.0/simpleclient_common-0.7.0.jar:/home/runner/.m2/repository/com/fasterxml/jackson/datatype/jackson-datatype-jsr310/2.12.1/jackson-datatype-jsr310-2.12.1.jar:/home/runner/.m2/repository/org/apache/ozone/hdds-test-utils/1.2.0-SNAPSHOT/hdds-test-utils-1.2.0-SNAPSHOT.jar:/home/runner/.m2/repository/com/google/guava/guava/30.1.1-jre/guava-30.1.1-jre.jar:/home/runner/.m2/repository/com/google/guava/failureaccess/1.0.1/failureaccess-1.0.1.jar:/home/runner/.m2/repository/com/google/guava/listenablefuture/9999.0-empty-to-avoid-conflict-with-guava/listenablefuture-9999.0-empty-to-avoid-conflict-with-guava.jar:/home/runner/.m2/repository/com/google/code/findbugs/jsr305/3.0.0/jsr305-3.0.0.jar:/home/runner/.m2/repository/org/checkerframework/checker-qual/3.8.0/checker-qual-3.8.0.jar:/home/runner/.m2/repository/com/google/errorprone/error_prone_annotations/2.2.0/error_prone_annotations-2.2.0.jar:/home/runner/.m2/repository/com/google/j2objc/j2objc-annotations/1.3/j2objc-annotations-1.3.jar:/home/runner/.m2/repository/commons-io/commons-io/2.8.0/commons-io-2.8.0.jar:/home/runner/.m2/repository/commons-logging/commons-logging/1.2/commons-logging-1.2.jar:/home/runner/.m2/repository/log4j/log4j/1.2.17/log4j-1.2.17.jar:/home/runner/.m2/repository/org/slf4j/slf4j-api/1.7.30/slf4j-api-1.7.30.jar:/home/runner/.m2/repository/org/apache/ozone/hdds-server-scm/1.2.0-SNAPSHOT/hdds-server-scm-1.2.0-SNAPSHOT.jar:/home/runner/.m2/repository/org/apache/ozone/hdds-container-service/1.2.0-SNAPSHOT/hdds-container-service-1.2.0-SNAPSHOT.jar:/home/runner/.m2/repository/org/apache/ozone/hdds-hadoop-dependency-server/1.2.0-SNAPSHOT/hdds-hadoop-dependency-server-1.2.0-SNAPSHOT.jar:/home/runner/.m2/repository/org/apache/hadoop/hadoop-hdfs/3.3.1/hadoop-hdfs-3.3.1.jar:/home/runner/.m2/repository/io/dropwizard/metrics/metrics-core/3.2.4/metrics-core-3.2.4.jar:/home/runner/.m2/repository/org/apache/hadoop/hadoop-hdfs-client/3.3.1/hadoop-hdfs-client-3.3.1.jar:/home/runner/.m2/repository/org/bouncycastle/bcprov-jdk15on/1.67/bcprov-jdk15on-1.67.jar:/home/runner/.m2/repository/com/google/protobuf/protobuf-java/2.5.0/protobuf-java-2.5.0.jar:/home/runner/.m2/repository/org/apache/ozone/ozone-manager/1.2.0-SNAPSHOT/ozone-manager-1.2.0-SNAPSHOT.jar:/home/runner/.m2/repository/org/aspectj/aspectjrt/1.8.9/aspectjrt-1.8.9.jar:/home/runner/.m2/repository/org/aspectj/aspectjweaver/1.8.9/aspectjweaver-1.8.9.jar:/home/runner/.m2/repository/org/apache/ozone/hdds-interface-client/1.2.0-SNAPSHOT/hdds-interface-client-1.2.0-SNAPSHOT.jar:/home/runner/.m2/repository/org/apache/hadoop/thirdparty/hadoop-shaded-protobuf_3_7/1.1.1/hadoop-shaded-protobuf_3_7-1.1.1.jar:/home/runner/.m2/repository/org/apache/ratis/ratis-thirdparty-misc/0.7.0/ratis-thirdparty-misc-0.7.0.jar:/home/runner/.m2/repository/org/apache/ozone/ozone-interface-storage/1.2.0-SNAPSHOT/ozone-interface-storage-1.2.0-SNAPSHOT.jar:/home/runner/.m2/repository/org/reflections/reflections/0.9.11/reflections-0.9.11.jar:/home/runner/.m2/repository/org/apache/hadoop/hadoop-minikdc/3.3.1/hadoop-minikdc-3.3.1.jar:/home/runner/.m2/repository/org/apache/kerby/kerb-simplekdc/1.0.1/kerb-simplekdc-1.0.1.jar:/home/runner/.m2/repository/org/apache/kerby/kerb-client/1.0.1/kerb-client-1.0.1.jar:/home/runner/.m2/repository/org/apache/kerby/kerby-config/1.0.1/kerby-config-1.0.1.jar:/home/runner/.m2/repository/org/apache/kerby/kerb-common/1.0.1/kerb-common-1.0.1.jar:/home/runner/.m2/repository/org/apache/kerby/kerb-crypto/1.0.1/kerb-crypto-1.0.1.jar:/home/runner/.m2/repository/org/apache/kerby/kerb-util/1.0.1/kerb-util-1.0.1.jar:/home/runner/.m2/repository/org/apache/kerby/token-provider/1.0.1/token-provider-1.0.1.jar:/home/runner/.m2/repository/org/apache/kerby/kerb-admin/1.0.1/kerb-admin-1.0.1.jar:/home/runner/.m2/repository/org/apache/kerby/kerb-server/1.0.1/kerb-server-1.0.1.jar:/home/runner/.m2/repository/org/apache/kerby/kerb-identity/1.0.1/kerb-identity-1.0.1.jar:/home/runner/.m2/repository/org/apache/kerby/kerby-xdr/1.0.1/kerby-xdr-1.0.1.jar:/home/runner/.m2/repository/org/slf4j/slf4j-log4j12/1.7.30/slf4j-log4j12-1.7.30.jar:/home/runner/.m2/repository/org/apache/ozone/ozone-s3gateway/1.2.0-SNAPSHOT/ozone-s3gateway-1.2.0-SNAPSHOT.jar:/home/runner/.m2/repository/org/javassist/javassist/3.21.0-GA/javassist-3.21.0-GA.jar:/home/runner/.m2/repository/org/jboss/weld/servlet/weld-servlet/2.4.7.Final/weld-servlet-2.4.7.Final.jar:/home/runner/.m2/repository/org/glassfish/jersey/containers/jersey-container-servlet-core/2.33/jersey-container-servlet-core-2.33.jar:/home/runner/.m2/repository/org/glassfish/hk2/external/jakarta.inject/2.6.1/jakarta.inject-2.6.1.jar:/home/runner/.m2/repository/org/glassfish/jersey/core/jersey-common/2.33/jersey-common-2.33.jar:/home/runner/.m2/repository/jakarta/ws/rs/jakarta.ws.rs-api/2.1.6/jakarta.ws.rs-api-2.1.6.jar:/home/runner/.m2/repository/org/glassfish/jersey/ext/cdi/jersey-cdi1x/2.33/jersey-cdi1x-2.33.jar:/home/runner/.m2/repository/org/glassfish/jersey/inject/jersey-hk2/2.33/jersey-hk2-2.33.jar:/home/runner/.m2/repository/org/glassfish/hk2/hk2-locator/2.6.1/hk2-locator-2.6.1.jar:/home/runner/.m2/repository/org/glassfish/jersey/media/jersey-media-jaxb/2.33/jersey-media-jaxb-2.33.jar:/home/runner/.m2/repository/org/glassfish/hk2/osgi-resource-locator/1.0.3/osgi-resource-locator-1.0.3.jar:/home/runner/.m2/repository/org/glassfish/hk2/hk2-api/2.5.0/hk2-api-2.5.0.jar:/home/runner/.m2/repository/org/glassfish/hk2/hk2-utils/2.5.0/hk2-utils-2.5.0.jar:/home/runner/.m2/repository/org/glassfish/hk2/external/aopalliance-repackaged/2.5.0/aopalliance-repackaged-2.5.0.jar:/home/runner/.m2/repository/com/fasterxml/jackson/dataformat/jackson-dataformat-xml/2.12.1/jackson-dataformat-xml-2.12.1.jar:/home/runner/.m2/repository/com/fasterxml/jackson/core/jackson-core/2.12.1/jackson-core-2.12.1.jar:/home/runner/.m2/repository/com/fasterxml/jackson/module/jackson-module-jaxb-annotations/2.12.1/jackson-module-jaxb-annotations-2.12.1.jar:/home/runner/.m2/repository/jakarta/xml/bind/jakarta.xml.bind-api/2.3.2/jakarta.xml.bind-api-2.3.2.jar:/home/runner/.m2/repository/org/codehaus/woodstox/stax2-api/3.1.4/stax2-api-3.1.4.jar:/home/runner/.m2/repository/com/fasterxml/woodstox/woodstox-core/5.0.3/woodstox-core-5.0.3.jar:/home/runner/.m2/repository/javax/enterprise/cdi-api/1.2/cdi-api-1.2.jar:/home/runner/.m2/repository/javax/el/javax.el-api/3.0.0/javax.el-api-3.0.0.jar:/home/runner/.m2/repository/javax/interceptor/javax.interceptor-api/1.2/javax.interceptor-api-1.2.jar:/home/runner/.m2/repository/javax/inject/javax.inject/1/javax.inject-1.jar:/home/runner/.m2/repository/javax/xml/bind/jaxb-api/2.3.0/jaxb-api-2.3.0.jar:/home/runner/.m2/repository/org/glassfish/jaxb/jaxb-runtime/2.3.0.1/jaxb-runtime-2.3.0.1.jar:/home/runner/.m2/repository/org/glassfish/jaxb/jaxb-core/2.3.0.1/jaxb-core-2.3.0.1.jar:/home/runner/.m2/repository/org/glassfish/jaxb/txw2/2.3.0.1/txw2-2.3.0.1.jar:/home/runner/.m2/repository/com/sun/istack/istack-commons-runtime/3.0.5/istack-commons-runtime-3.0.5.jar:/home/runner/.m2/repository/org/jvnet/staxex/stax-ex/1.7.8/stax-ex-1.7.8.jar:/home/runner/.m2/repository/com/sun/xml/fastinfoset/FastInfoset/1.2.13/FastInfoset-1.2.13.jar:/home/runner/.m2/repository/javax/activation/activation/1.1.1/activation-1.1.1.jar:/home/runner/.m2/repository/org/apache/ozone/ozone-csi/1.2.0-SNAPSHOT/ozone-csi-1.2.0-SNAPSHOT.jar:/home/runner/.m2/repository/com/google/protobuf/protobuf-java-util/3.12.0/protobuf-java-util-3.12.0.jar:/home/runner/.m2/repository/com/google/code/gson/gson/2.2.4/gson-2.2.4.jar:/home/runner/.m2/repository/org/apache/ozone/hdds-config/1.2.0-SNAPSHOT/hdds-config-1.2.0-SNAPSHOT.jar:/home/runner/.m2/repository/io/grpc/grpc-netty/1.33.0/grpc-netty-1.33.0.jar:/home/runner/.m2/repository/io/grpc/grpc-core/1.33.0/grpc-core-1.33.0.jar:/home/runner/.m2/repository/com/google/android/annotations/4.1.1.4/annotations-4.1.1.4.jar:/home/runner/.m2/repository/io/netty/netty-codec-http2/4.1.63.Final/netty-codec-http2-4.1.63.Final.jar:/home/runner/.m2/repository/io/netty/netty-codec-http/4.1.63.Final/netty-codec-http-4.1.63.Final.jar:/home/runner/.m2/repository/io/netty/netty-handler-proxy/4.1.63.Final/netty-handler-proxy-4.1.63.Final.jar:/home/runner/.m2/repository/io/netty/netty-codec-socks/4.1.63.Final/netty-codec-socks-4.1.63.Final.jar:/home/runner/.m2/repository/io/perfmark/perfmark-api/0.19.0/perfmark-api-0.19.0.jar:/home/runner/.m2/repository/org/codehaus/mojo/animal-sniffer-annotations/1.18/animal-sniffer-annotations-1.18.jar:/home/runner/.m2/repository/io/netty/netty-transport-native-epoll/4.1.63.Final/netty-transport-native-epoll-4.1.63.Final.jar:/home/runner/.m2/repository/io/netty/netty-common/4.1.63.Final/netty-common-4.1.63.Final.jar:/home/runner/.m2/repository/io/netty/netty-buffer/4.1.63.Final/netty-buffer-4.1.63.Final.jar:/home/runner/.m2/repository/io/netty/netty-transport-native-unix-common/4.1.63.Final/netty-transport-native-unix-common-4.1.63.Final.jar:/home/runner/.m2/repository/io/grpc/grpc-protobuf/1.33.0/grpc-protobuf-1.33.0.jar:/home/runner/.m2/repository/io/grpc/grpc-api/1.33.0/grpc-api-1.33.0.jar:/home/runner/.m2/repository/io/grpc/grpc-context/1.33.0/grpc-context-1.33.0.jar:/home/runner/.m2/repository/com/google/api/grpc/proto-google-common-protos/1.17.0/proto-google-common-protos-1.17.0.jar:/home/runner/.m2/repository/io/grpc/grpc-protobuf-lite/1.33.0/grpc-protobuf-lite-1.33.0.jar:/home/runner/.m2/repository/io/grpc/grpc-stub/1.33.0/grpc-stub-1.33.0.jar:/home/runner/.m2/repository/org/apache/ozone/ozone-recon/1.2.0-SNAPSHOT/ozone-recon-1.2.0-SNAPSHOT.jar:/home/runner/.m2/repository/org/apache/ozone/ozone-reconcodegen/1.2.0-SNAPSHOT/ozone-reconcodegen-1.2.0-SNAPSHOT.jar:/home/runner/.m2/repository/com/google/inject/extensions/guice-multibindings/4.0/guice-multibindings-4.0.jar:/home/runner/.m2/repository/com/google/inject/guice/4.0/guice-4.0.jar:/home/runner/.m2/repository/aopalliance/aopalliance/1.0/aopalliance-1.0.jar:/home/runner/.m2/repository/com/google/inject/extensions/guice-assistedinject/4.0/guice-assistedinject-4.0.jar:/home/runner/.m2/repository/com/google/inject/extensions/guice-servlet/4.0/guice-servlet-4.0.jar:/home/runner/.m2/repository/org/glassfish/jersey/containers/jersey-container-servlet/2.33/jersey-container-servlet-2.33.jar:/home/runner/.m2/repository/org/glassfish/hk2/guice-bridge/2.5.0/guice-bridge-2.5.0.jar:/home/runner/.m2/repository/org/glassfish/jersey/core/jersey-server/2.33/jersey-server-2.33.jar:/home/runner/.m2/repository/org/glassfish/jersey/core/jersey-client/2.33/jersey-client-2.33.jar:/home/runner/.m2/repository/jakarta/annotation/jakarta.annotation-api/1.3.5/jakarta.annotation-api-1.3.5.jar:/home/runner/.m2/repository/jakarta/validation/jakarta.validation-api/2.0.2/jakarta.validation-api-2.0.2.jar:/home/runner/.m2/repository/org/glassfish/jersey/media/jersey-media-json-jackson/2.33/jersey-media-json-jackson-2.33.jar:/home/runner/.m2/repository/org/glassfish/jersey/ext/jersey-entity-filtering/2.33/jersey-entity-filtering-2.33.jar:/home/runner/.m2/repository/org/jooq/jooq/3.11.10/jooq-3.11.10.jar:/home/runner/.m2/repository/org/jooq/jooq-meta/3.11.10/jooq-meta-3.11.10.jar:/home/runner/.m2/repository/org/jooq/jooq-codegen/3.11.10/jooq-codegen-3.11.10.jar:/home/runner/.m2/repository/com/jolbox/bonecp/0.8.0.RELEASE/bonecp-0.8.0.RELEASE.jar:/home/runner/.m2/repository/org/apache/derby/derby/10.14.2.0/derby-10.14.2.0.jar:/home/runner/.m2/repository/org/xerial/sqlite-jdbc/3.25.2/sqlite-jdbc-3.25.2.jar:/home/runner/.m2/repository/org/springframework/spring-jdbc/5.2.11.RELEASE/spring-jdbc-5.2.11.RELEASE.jar:/home/runner/.m2/repository/org/springframework/spring-beans/5.2.11.RELEASE/spring-beans-5.2.11.RELEASE.jar:/home/runner/.m2/repository/org/springframework/spring-core/5.2.11.RELEASE/spring-core-5.2.11.RELEASE.jar:/home/runner/.m2/repository/org/springframework/spring-jcl/5.2.11.RELEASE/spring-jcl-5.2.11.RELEASE.jar:/home/runner/.m2/repository/org/springframework/spring-tx/5.2.11.RELEASE/spring-tx-5.2.11.RELEASE.jar:/home/runner/.m2/repository/org/apache/ozone/ozone-client/1.2.0-SNAPSHOT/ozone-client-1.2.0-SNAPSHOT.jar:/home/runner/.m2/repository/org/apache/ozone/ozone-filesystem/1.2.0-SNAPSHOT/ozone-filesystem-1.2.0-SNAPSHOT.jar:/home/runner/.m2/repository/org/apache/ozone/ozone-filesystem-common/1.2.0-SNAPSHOT/ozone-filesystem-common-1.2.0-SNAPSHOT.jar:/home/runner/.m2/repository/org/apache/ozone/ozone-tools/1.2.0-SNAPSHOT/ozone-tools-1.2.0-SNAPSHOT.jar:/home/runner/.m2/repository/org/apache/ratis/ratis-tools/2.1.0-03f3b68-SNAPSHOT/ratis-tools-2.1.0-03f3b68-SNAPSHOT.jar:/home/runner/.m2/repository/org/apache/ratis/ratis-proto/2.1.0-03f3b68-SNAPSHOT/ratis-proto-2.1.0-03f3b68-SNAPSHOT.jar:/home/runner/.m2/repository/org/apache/ratis/ratis-common/2.1.0-03f3b68-SNAPSHOT/ratis-common-2.1.0-03f3b68-SNAPSHOT.jar:/home/runner/.m2/repository/com/amazonaws/aws-java-sdk-core/1.11.901/aws-java-sdk-core-1.11.901.jar:/home/runner/.m2/repository/org/apache/httpcomponents/httpclient/4.5.13/httpclient-4.5.13.jar:/home/runner/.m2/repository/org/apache/httpcomponents/httpcore/4.4.13/httpcore-4.4.13.jar:/home/runner/.m2/repository/software/amazon/ion/ion-java/1.0.2/ion-java-1.0.2.jar:/home/runner/.m2/repository/com/fasterxml/jackson/dataformat/jackson-dataformat-cbor/2.12.1/jackson-dataformat-cbor-2.12.1.jar:/home/runner/.m2/repository/joda-time/joda-time/2.8.1/joda-time-2.8.1.jar:/home/runner/.m2/repository/com/amazonaws/aws-java-sdk-s3/1.11.901/aws-java-sdk-s3-1.11.901.jar:/home/runner/.m2/repository/com/amazonaws/aws-java-sdk-kms/1.11.901/aws-java-sdk-kms-1.11.901.jar:/home/runner/.m2/repository/com/amazonaws/jmespath-java/1.11.901/jmespath-java-1.11.901.jar:/home/runner/.m2/repository/org/kohsuke/metainf-services/metainf-services/1.8/metainf-services-1.8.jar:/home/runner/.m2/repository/org/apache/ozone/hdds-tools/1.2.0-SNAPSHOT/hdds-tools-1.2.0-SNAPSHOT.jar:/home/runner/.m2/repository/commons-cli/commons-cli/1.2/commons-cli-1.2.jar:/home/runner/.m2/repository/org/apache/commons/commons-lang3/3.7/commons-lang3-3.7.jar:/home/runner/.m2/repository/org/apache/ozone/ozone-manager/1.2.0-SNAPSHOT/ozone-manager-1.2.0-SNAPSHOT-tests.jar:/home/runner/.m2/repository/org/apache/ozone/hdds-common/1.2.0-SNAPSHOT/hdds-common-1.2.0-SNAPSHOT-tests.jar:/home/runner/.m2/repository/org/apache/ozone/hdds-hadoop-dependency-client/1.2.0-SNAPSHOT/hdds-hadoop-dependency-client-1.2.0-SNAPSHOT.jar:/home/runner/.m2/repository/info/picocli/picocli/4.4.0/picocli-4.4.0.jar:/home/runner/.m2/repository/com/fasterxml/jackson/core/jackson-annotations/2.12.1/jackson-annotations-2.12.1.jar:/home/runner/.m2/repository/javax/annotation/javax.annotation-api/1.2/javax.annotation-api-1.2.jar:/home/runner/.m2/repository/org/apache/ratis/ratis-server/2.1.0-03f3b68-SNAPSHOT/ratis-server-2.1.0-03f3b68-SNAPSHOT.jar:/home/runner/.m2/repository/org/apache/ratis/ratis-client/2.1.0-03f3b68-SNAPSHOT/ratis-client-2.1.0-03f3b68-SNAPSHOT.jar:/home/runner/.m2/repository/org/apache/ratis/ratis-server-api/2.1.0-03f3b68-SNAPSHOT/ratis-server-api-2.1.0-03f3b68-SNAPSHOT.jar:/home/runner/.m2/repository/org/apache/ratis/ratis-metrics/2.1.0-03f3b68-SNAPSHOT/ratis-metrics-2.1.0-03f3b68-SNAPSHOT.jar:/home/runner/.m2/repository/org/apache/ratis/ratis-netty/2.1.0-03f3b68-SNAPSHOT/ratis-netty-2.1.0-03f3b68-SNAPSHOT.jar:/home/runner/.m2/repository/org/apache/ratis/ratis-grpc/2.1.0-03f3b68-SNAPSHOT/ratis-grpc-2.1.0-03f3b68-SNAPSHOT.jar:/home/runner/.m2/repository/org/apache/logging/log4j/log4j-api/2.13.3/log4j-api-2.13.3.jar:/home/runner/.m2/repository/org/apache/logging/log4j/log4j-core/2.13.3/log4j-core-2.13.3.jar:/home/runner/.m2/repository/com/lmax/disruptor/3.4.2/disruptor-3.4.2.jar:/home/runner/.m2/repository/org/apache/commons/commons-pool2/2.6.0/commons-pool2-2.6.0.jar:/home/runner/.m2/repository/org/bouncycastle/bcpkix-jdk15on/1.67/bcpkix-jdk15on-1.67.jar:/home/runner/.m2/repository/commons-validator/commons-validator/1.6/commons-validator-1.6.jar:/home/runner/.m2/repository/commons-beanutils/commons-beanutils/1.9.4/commons-beanutils-1.9.4.jar:/home/runner/.m2/repository/commons-digester/commons-digester/1.8.1/commons-digester-1.8.1.jar:/home/runner/.m2/repository/commons-collections/commons-collections/3.2.2/commons-collections-3.2.2.jar:/home/runner/.m2/repository/io/jaegertracing/jaeger-client/1.6.0/jaeger-client-1.6.0.jar:/home/runner/.m2/repository/io/jaegertracing/jaeger-thrift/1.6.0/jaeger-thrift-1.6.0.jar:/home/runner/.m2/repository/org/apache/thrift/libthrift/0.14.1/libthrift-0.14.1.jar:/home/runner/.m2/repository/com/squareup/okhttp3/okhttp/4.9.0/okhttp-4.9.0.jar:/home/runner/.m2/repository/com/squareup/okio/okio/2.8.0/okio-2.8.0.jar:/home/runner/.m2/repository/io/jaegertracing/jaeger-core/1.6.0/jaeger-core-1.6.0.jar:/home/runner/.m2/repository/io/jaegertracing/jaeger-tracerresolver/1.6.0/jaeger-tracerresolver-1.6.0.jar:/home/runner/.m2/repository/io/opentracing/contrib/opentracing-tracerresolver/0.1.8/opentracing-tracerresolver-0.1.8.jar:/home/runner/.m2/repository/org/jetbrains/kotlin/kotlin-stdlib/1.4.31/kotlin-stdlib-1.4.31.jar:/home/runner/.m2/repository/org/jetbrains/kotlin/kotlin-stdlib-common/1.4.31/kotlin-stdlib-common-1.4.31.jar:/home/runner/.m2/repository/org/jetbrains/annotations/13.0/annotations-13.0.jar:/home/runner/.m2/repository/io/opentracing/opentracing-util/0.33.0/opentracing-util-0.33.0.jar:/home/runner/.m2/repository/io/opentracing/opentracing-api/0.33.0/opentracing-api-0.33.0.jar:/home/runner/.m2/repository/io/opentracing/opentracing-noop/0.33.0/opentracing-noop-0.33.0.jar:/home/runner/.m2/repository/org/yaml/snakeyaml/1.26/snakeyaml-1.26.jar:/home/runner/.m2/repository/org/apache/ozone/hdds-interface-admin/1.2.0-SNAPSHOT/hdds-interface-admin-1.2.0-SNAPSHOT.jar:/home/runner/.m2/repository/junit/junit/4.13.1/junit-4.13.1.jar:/home/runner/.m2/repository/org/hamcrest/hamcrest-core/1.3/hamcrest-core-1.3.jar:/home/runner/.m2/repository/org/junit/jupiter/junit-jupiter-api/5.7.0/junit-jupiter-api-5.7.0.jar:/home/runner/.m2/repository/org/apiguardian/apiguardian-api/1.1.0/apiguardian-api-1.1.0.jar:/home/runner/.m2/repository/org/opentest4j/opentest4j/1.2.0/opentest4j-1.2.0.jar:/home/runner/.m2/repository/org/junit/platform/junit-platform-commons/1.7.0/junit-platform-commons-1.7.0.jar:/home/runner/.m2/repository/org/junit/jupiter/junit-jupiter-engine/5.7.0/junit-jupiter-engine-5.7.0.jar:/home/runner/.m2/repository/org/junit/platform/junit-platform-engine/1.7.0/junit-platform-engine-1.7.0.jar:/home/runner/.m2/repository/org/junit/vintage/junit-vintage-engine/5.7.0/junit-vintage-engine-5.7.0.jar:/home/runner/.m2/repository/org/junit/platform/junit-platform-launcher/1.7.0/junit-platform-launcher-1.7.0.jar:/home/runner/.m2/repository/org/openjdk/jmh/jmh-core/1.19/jmh-core-1.19.jar:/home/runner/.m2/repository/net/sf/jopt-simple/jopt-simple/4.6/jopt-simple-4.6.jar:/home/runner/.m2/repository/org/apache/commons/commons-math3/3.1.1/commons-math3-3.1.1.jar:/home/runner/.m2/repository/org/openjdk/jmh/jmh-generator-annprocess/1.19/jmh-generator-annprocess-1.19.jar:/home/runner/.m2/repository/org/mockito/mockito-core/2.28.2/mockito-core-2.28.2.jar:/home/runner/.m2/repository/net/bytebuddy/byte-buddy/1.9.10/byte-buddy-1.9.10.jar:/home/runner/.m2/repository/net/bytebuddy/byte-buddy-agent/1.9.10/byte-buddy-agent-1.9.10.jar:/home/runner/.m2/repository/org/objenesis/objenesis/1.0/objenesis-1.0.jar:/home/runner/.m2/repository/org/apache/hadoop/hadoop-kms/3.3.1/hadoop-kms-3.3.1.jar:/home/runner/.m2/repository/org/apache/hadoop/hadoop-auth/3.3.1/hadoop-auth-3.3.1.jar:/home/runner/.m2/repository/com/nimbusds/nimbus-jose-jwt/7.9/nimbus-jose-jwt-7.9.jar:/home/runner/.m2/repository/com/github/stephenc/jcip/jcip-annotations/1.0-1/jcip-annotations-1.0-1.jar:/home/runner/.m2/repository/net/minidev/json-smart/2.3/json-smart-2.3.jar:/home/runner/.m2/repository/net/minidev/accessors-smart/1.2/accessors-smart-1.2.jar:/home/runner/.m2/repository/org/ow2/asm/asm/5.0.4/asm-5.0.4.jar:/home/runner/.m2/repository/org/apache/zookeeper/zookeeper/3.5.6/zookeeper-3.5.6.jar:/home/runner/.m2/repository/org/apache/zookeeper/zookeeper-jute/3.5.6/zookeeper-jute-3.5.6.jar:/home/runner/.m2/repository/org/apache/yetus/audience-annotations/0.5.0/audience-annotations-0.5.0.jar:/home/runner/.m2/repository/org/apache/curator/curator-framework/4.2.0/curator-framework-4.2.0.jar:/home/runner/.m2/repository/org/apache/hadoop/thirdparty/hadoop-shaded-guava/1.1.1/hadoop-shaded-guava-1.1.1.jar:/home/runner/.m2/repository/com/sun/jersey/jersey-core/1.19/jersey-core-1.19.jar:/home/runner/.m2/repository/javax/ws/rs/jsr311-api/1.1.1/jsr311-api-1.1.1.jar:/home/runner/.m2/repository/com/sun/jersey/jersey-server/1.19/jersey-server-1.19.jar:/home/runner/.m2/repository/javax/servlet/javax.servlet-api/3.1.0/javax.servlet-api-3.1.0.jar:/home/runner/.m2/repository/org/eclipse/jetty/jetty-server/9.4.43.v20210629/jetty-server-9.4.43.v20210629.jar:/home/runner/.m2/repository/org/eclipse/jetty/jetty-http/9.4.43.v20210629/jetty-http-9.4.43.v20210629.jar:/home/runner/.m2/repository/org/eclipse/jetty/jetty-io/9.4.43.v20210629/jetty-io-9.4.43.v20210629.jar:/home/runner/.m2/repository/org/eclipse/jetty/jetty-webapp/9.4.43.v20210629/jetty-webapp-9.4.43.v20210629.jar:/home/runner/.m2/repository/org/eclipse/jetty/jetty-xml/9.4.43.v20210629/jetty-xml-9.4.43.v20210629.jar:/home/runner/.m2/repository/org/apache/hadoop/hadoop-common/3.3.1/hadoop-common-3.3.1.jar:/home/runner/.m2/repository/commons-net/commons-net/3.6/commons-net-3.6.jar:/home/runner/.m2/repository/jakarta/activation/jakarta.activation-api/1.2.1/jakarta.activation-api-1.2.1.jar:/home/runner/.m2/repository/com/sun/jersey/jersey-servlet/1.19/jersey-servlet-1.19.jar:/home/runner/.m2/repository/com/sun/jersey/jersey-json/1.19/jersey-json-1.19.jar:/home/runner/.m2/repository/org/codehaus/jettison/jettison/1.1/jettison-1.1.jar:/home/runner/.m2/repository/com/sun/xml/bind/jaxb-impl/2.2.3-1/jaxb-impl-2.2.3-1.jar:/home/runner/.m2/repository/org/codehaus/jackson/jackson-jaxrs/1.9.2/jackson-jaxrs-1.9.2.jar:/home/runner/.m2/repository/org/codehaus/jackson/jackson-xc/1.9.2/jackson-xc-1.9.2.jar:/home/runner/.m2/repository/org/apache/commons/commons-configuration2/2.1.1/commons-configuration2-2.1.1.jar:/home/runner/.m2/repository/org/apache/commons/commons-text/1.4/commons-text-1.4.jar:/home/runner/.m2/repository/com/google/re2j/re2j/1.1/re2j-1.1.jar:/home/runner/.m2/repository/com/jcraft/jsch/0.1.54/jsch-0.1.54.jar:/home/runner/.m2/repository/org/apache/curator/curator-client/4.2.0/curator-client-4.2.0.jar:/home/runner/.m2/repository/org/apache/curator/curator-recipes/4.2.0/curator-recipes-4.2.0.jar:/home/runner/.m2/repository/org/apache/kerby/kerb-core/1.0.1/kerb-core-1.0.1.jar:/home/runner/.m2/repository/org/apache/kerby/kerby-pkix/1.0.1/kerby-pkix-1.0.1.jar:/home/runner/.m2/repository/org/apache/kerby/kerby-asn1/1.0.1/kerby-asn1-1.0.1.jar:/home/runner/.m2/repository/org/apache/kerby/kerby-util/1.0.1/kerby-util-1.0.1.jar:/home/runner/.m2/repository/dnsjava/dnsjava/2.1.7/dnsjava-2.1.7.jar:/home/runner/.m2/repository/org/xerial/snappy/snappy-java/1.1.8.2/snappy-java-1.1.8.2.jar:/home/runner/.m2/repository/org/slf4j/jul-to-slf4j/1.7.30/jul-to-slf4j-1.7.30.jar:/home/runner/.m2/repository/org/eclipse/jetty/jetty-util/9.4.43.v20210629/jetty-util-9.4.43.v20210629.jar:/home/runner/.m2/repository/com/fasterxml/jackson/core/jackson-databind/2.12.1/jackson-databind-2.12.1.jar:/home/runner/.m2/repository/org/apache/hadoop/hadoop-kms/3.3.1/hadoop-kms-3.3.1-tests.jar:/home/runner/.m2/repository/org/apache/ozone/hdds-server-scm/1.2.0-SNAPSHOT/hdds-server-scm-1.2.0-SNAPSHOT-tests.jar:/home/runner/.m2/repository/org/apache/ozone/hdds-container-service/1.2.0-SNAPSHOT/hdds-container-service-1.2.0-SNAPSHOT-tests.jar:/home/runner/.m2/repository/commons-codec/commons-codec/1.11/commons-codec-1.11.jar:/home/runner/.m2/repository/io/netty/netty-transport/4.1.63.Final/netty-transport-4.1.63.Final.jar:/home/runner/.m2/repository/io/netty/netty-resolver/4.1.63.Final/netty-resolver-4.1.63.Final.jar:/home/runner/.m2/repository/io/netty/netty-codec/4.1.63.Final/netty-codec-4.1.63.Final.jar:/home/runner/.m2/repository/io/netty/netty-handler/4.1.63.Final/netty-handler-4.1.63.Final.jar:/home/runner/.m2/repository/org/apache/ozone/hdds-hadoop-dependency-test/1.2.0-SNAPSHOT/hdds-hadoop-dependency-test-1.2.0-SNAPSHOT.jar:/home/runner/.m2/repository/org/apache/hadoop/hadoop-common/3.3.1/hadoop-common-3.3.1-tests.jar:/home/runner/.m2/repository/org/assertj/assertj-core/3.12.2/assertj-core-3.12.2.jar:/home/runner/.m2/repository/org/apache/hadoop/hadoop-hdfs/3.3.1/hadoop-hdfs-3.3.1-tests.jar:/home/runner/.m2/repository/org/eclipse/jetty/jetty-util-ajax/9.4.43.v20210629/jetty-util-ajax-9.4.43.v20210629.jar:/home/runner/.m2/repository/commons-daemon/commons-daemon/1.0.13/commons-daemon-1.0.13.jar:/home/runner/.m2/repository/io/netty/netty/3.10.6.Final/netty-3.10.6.Final.jar:/home/runner/.m2/repository/io/netty/netty-all/4.1.63.Final/netty-all-4.1.63.Final.jar:/home/runner/.m2/repository/org/apache/htrace/htrace-core4/4.1.0-incubating/htrace-core4-4.1.0-incubating.jar:/home/runner/.m2/repository/org/fusesource/leveldbjni/leveldbjni-all/1.8/leveldbjni-all-1.8.jar:/home/runner/.m2/repository/org/apache/hadoop/hadoop-distcp/3.3.1/hadoop-distcp-3.3.1.jar:/home/runner/.m2/repository/org/apache/hadoop/hadoop-mapreduce-client-jobclient/3.3.1/hadoop-mapreduce-client-jobclient-3.3.1.jar:/home/runner/.m2/repository/org/apache/hadoop/hadoop-mapreduce-client-common/3.3.1/hadoop-mapreduce-client-common-3.3.1.jar:/home/runner/.m2/repository/org/apache/hadoop/hadoop-yarn-common/3.3.1/hadoop-yarn-common-3.3.1.jar:/home/runner/.m2/repository/org/apache/hadoop/hadoop-yarn-api/3.3.1/hadoop-yarn-api-3.3.1.jar:/home/runner/.m2/repository/com/sun/jersey/jersey-client/1.19/jersey-client-1.19.jar:/home/runner/.m2/repository/com/sun/jersey/contribs/jersey-guice/1.19/jersey-guice-1.19.jar:/home/runner/.m2/repository/com/fasterxml/jackson/jaxrs/jackson-jaxrs-json-provider/2.12.1/jackson-jaxrs-json-provider-2.12.1.jar:/home/runner/.m2/repository/com/fasterxml/jackson/jaxrs/jackson-jaxrs-base/2.12.1/jackson-jaxrs-base-2.12.1.jar:/home/runner/.m2/repository/org/apache/hadoop/hadoop-yarn-client/3.3.1/hadoop-yarn-client-3.3.1.jar:/home/runner/.m2/repository/org/eclipse/jetty/websocket/websocket-client/9.4.40.v20210413/websocket-client-9.4.40.v20210413.jar:/home/runner/.m2/repository/org/eclipse/jetty/jetty-client/9.4.40.v20210413/jetty-client-9.4.40.v20210413.jar:/home/runner/.m2/repository/org/eclipse/jetty/websocket/websocket-common/9.4.40.v20210413/websocket-common-9.4.40.v20210413.jar:/home/runner/.m2/repository/org/eclipse/jetty/websocket/websocket-api/9.4.40.v20210413/websocket-api-9.4.40.v20210413.jar:/home/runner/.m2/repository/org/jline/jline/3.9.0/jline-3.9.0.jar:/home/runner/.m2/repository/org/apache/hadoop/hadoop-mapreduce-client-core/3.3.1/hadoop-mapreduce-client-core-3.3.1.jar:/home/runner/.m2/repository/org/apache/avro/avro/1.7.7/avro-1.7.7.jar:/home/runner/.m2/repository/org/codehaus/jackson/jackson-core-asl/1.9.13/jackson-core-asl-1.9.13.jar:/home/runner/.m2/repository/org/codehaus/jackson/jackson-mapper-asl/1.9.13/jackson-mapper-asl-1.9.13.jar:/home/runner/.m2/repository/com/thoughtworks/paranamer/paranamer/2.3/paranamer-2.3.jar:/home/runner/.m2/repository/org/apache/hadoop/hadoop-annotations/3.3.1/hadoop-annotations-3.3.1.jar:/usr/lib/jvm/adoptopenjdk-8-hotspot-amd64/jre/../lib/tools.jar:/home/runner/.m2/repository/org/apache/hadoop/hadoop-distcp/3.3.1/hadoop-distcp-3.3.1-tests.jar:"/>
    <property name="sun.cpu.endian" value="little"/>
    <property name="user.home" value="/home/runner"/>
    <property name="user.language" value="en"/>
    <property name="java.specification.vendor" value="Oracle Corporation"/>
    <property name="java.home" value="/usr/lib/jvm/adoptopenjdk-8-hotspot-amd64/jre"/>
    <property name="java.security.krb5.conf" value="/home/runner/work/ozone/ozone/hadoop-ozone/integration-test/target/test-classes/krb5.conf"/>
    <property name="basedir" value="/home/runner/work/ozone/ozone/hadoop-ozone/integration-test"/>
    <property name="file.separator" value="/"/>
    <property name="line.separator" value="&#10;"/>
    <property name="java.vm.specification.vendor" value="Oracle Corporation"/>
    <property name="java.specification.name" value="Java Platform API Specification"/>
    <property name="java.awt.graphicsenv" value="sun.awt.X11GraphicsEnvironment"/>
    <property name="skip.installnpx" value="true"/>
    <property name="surefire.real.class.path" value="/home/runner/work/ozone/ozone/hadoop-ozone/integration-test/target/surefire/surefirebooter4689907086653025159.jar:/home/runner/.m2/repository/org/jacoco/org.jacoco.agent/0.8.5/org.jacoco.agent-0.8.5-runtime.jar"/>
    <property name="hadoop.log.dir" value="/home/runner/work/ozone/ozone/hadoop-ozone/integration-test/target/log"/>
    <property name="sun.boot.class.path" value="/usr/lib/jvm/adoptopenjdk-8-hotspot-amd64/jre/lib/resources.jar:/usr/lib/jvm/adoptopenjdk-8-hotspot-amd64/jre/lib/rt.jar:/usr/lib/jvm/adoptopenjdk-8-hotspot-amd64/jre/lib/sunrsasign.jar:/usr/lib/jvm/adoptopenjdk-8-hotspot-amd64/jre/lib/jsse.jar:/usr/lib/jvm/adoptopenjdk-8-hotspot-amd64/jre/lib/jce.jar:/usr/lib/jvm/adoptopenjdk-8-hotspot-amd64/jre/lib/charsets.jar:/usr/lib/jvm/adoptopenjdk-8-hotspot-amd64/jre/lib/jfr.jar:/usr/lib/jvm/adoptopenjdk-8-hotspot-amd64/jre/classes"/>
    <property name="sun.management.compiler" value="HotSpot 64-Bit Tiered Compilers"/>
    <property name="skip.npx" value="true"/>
    <property name="java.runtime.version" value="1.8.0_292-b10"/>
    <property name="java.net.preferIPv4Stack" value="true"/>
    <property name="user.name" value="runner"/>
    <property name="path.separator" value=":"/>
    <property name="java.security.egd" value="file:///dev/urandom"/>
    <property name="os.version" value="5.4.0-1055-azure"/>
    <property name="java.endorsed.dirs" value="/usr/lib/jvm/adoptopenjdk-8-hotspot-amd64/jre/lib/endorsed"/>
    <property name="java.runtime.name" value="OpenJDK Runtime Environment"/>
    <property name="file.encoding" value="UTF-8"/>
    <property name="java.vm.name" value="OpenJDK 64-Bit Server VM"/>
    <property name="test.build.webapps" value=""/>
    <property name="localRepository" value="/home/runner/.m2/repository"/>
    <property name="java.vendor.url.bug" value="https://github.com/AdoptOpenJDK/openjdk-support/issues"/>
    <property name="java.io.tmpdir" value="/tmp"/>
    <property name="require.test.libhadoop" value=""/>
    <property name="java.version" value="1.8.0_292"/>
    <property name="user.dir" value="/home/runner/work/ozone/ozone/hadoop-ozone/integration-test"/>
    <property name="os.arch" value="amd64"/>
    <property name="java.vm.specification.name" value="Java Virtual Machine Specification"/>
    <property name="test.build.classes" value="/home/runner/work/ozone/ozone/hadoop-ozone/integration-test/target/test-classes"/>
    <property name="java.awt.printerjob" value="sun.print.PSPrinterJob"/>
    <property name="sun.os.patch.level" value="unknown"/>
    <property name="hadoop.tmp.dir" value="/home/runner/work/ozone/ozone/hadoop-ozone/integration-test/target/tmp"/>
    <property name="java.library.path" value="/usr/java/packages/lib/amd64:/usr/lib64:/lib64:/lib:/usr/lib"/>
    <property name="java.vm.info" value="mixed mode"/>
    <property name="java.vendor" value="AdoptOpenJDK"/>
    <property name="java.vm.version" value="25.292-b10"/>
    <property name="java.ext.dirs" value="/usr/lib/jvm/adoptopenjdk-8-hotspot-amd64/jre/lib/ext:/usr/java/packages/lib/ext"/>
    <property name="sun.io.unicode.encoding" value="UnicodeLittle"/>
    <property name="java.class.version" value="52.0"/>
  </properties>
  <testcase name="testPipelineCloseWithPipelineAction" classname="org.apache.hadoop.hdds.scm.pipeline.TestPipelineClose" time="39.846"/>
  <testcase name="testPipelineCloseWithOpenContainer" classname="org.apache.hadoop.hdds.scm.pipeline.TestPipelineClose" time="31.368"/>
  <testcase name="testPipelineCloseWithClosedContainer" classname="org.apache.hadoop.hdds.scm.pipeline.TestPipelineClose" time="37.022"/>
  <testcase name="testPipelineCloseWithLogFailure" classname="org.apache.hadoop.hdds.scm.pipeline.TestPipelineClose" time="40.848">
    <failure message="&#10;pipelineActionHandler.onMessage(&#10;    &lt;Capturing argument&gt;,&#10;    &lt;any org.apache.hadoop.hdds.server.events.EventPublisher&gt;&#10;);&#10;Wanted 1 time:&#10;-&gt; at org.apache.hadoop.hdds.scm.pipeline.PipelineActionHandler.onMessage(PipelineActionHandler.java:64)&#10;But was 0 times.&#10;" type="org.mockito.exceptions.verification.TooFewActualInvocations"><![CDATA[org.mockito.exceptions.verification.TooFewActualInvocations: 

pipelineActionHandler.onMessage(
    <Capturing argument>,
    <any org.apache.hadoop.hdds.server.events.EventPublisher>
);
Wanted 1 time:
-> at org.apache.hadoop.hdds.scm.pipeline.PipelineActionHandler.onMessage(PipelineActionHandler.java:64)
But was 0 times.

	at org.apache.hadoop.hdds.scm.pipeline.PipelineActionHandler.onMessage(PipelineActionHandler.java:64)
	at org.apache.hadoop.hdds.scm.pipeline.TestPipelineClose.testPipelineCloseWithLogFailure(TestPipelineClose.java:246)
	at sun.reflect.NativeMethodAccessorImpl.invoke0(Native Method)
	at sun.reflect.NativeMethodAccessorImpl.invoke(NativeMethodAccessorImpl.java:62)
	at sun.reflect.DelegatingMethodAccessorImpl.invoke(DelegatingMethodAccessorImpl.java:43)
	at java.lang.reflect.Method.invoke(Method.java:498)
	at org.junit.runners.model.FrameworkMethod$1.runReflectiveCall(FrameworkMethod.java:59)
	at org.junit.internal.runners.model.ReflectiveCallable.run(ReflectiveCallable.java:12)
	at org.junit.runners.model.FrameworkMethod.invokeExplosively(FrameworkMethod.java:56)
	at org.junit.internal.runners.statements.InvokeMethod.evaluate(InvokeMethod.java:17)
	at org.junit.internal.runners.statements.RunBefores.evaluate(RunBefores.java:26)
	at org.junit.internal.runners.statements.RunAfters.evaluate(RunAfters.java:27)
	at org.junit.internal.runners.statements.FailOnTimeout$CallableStatement.call(FailOnTimeout.java:288)
	at org.junit.internal.runners.statements.FailOnTimeout$CallableStatement.call(FailOnTimeout.java:282)
	at java.util.concurrent.FutureTask.run(FutureTask.java:266)
	at java.lang.Thread.run(Thread.java:748)
]]></failure>
    <system-out><![CDATA[2021-08-17 11:44:12,932 [Time-limited test] WARN  server.ServerUtils (ServerUtils.java:getScmDbDir(148)) - ozone.scm.db.dirs is not configured. We recommend adding this setting. Falling back to ozone.metadata.dirs instead.
2021-08-17 11:44:12,935 [Time-limited test] INFO  ha.SCMHANodeDetails (SCMHANodeDetails.java:loadSCMHAConfig(157)) - ServiceID for StorageContainerManager is null
2021-08-17 11:44:12,935 [Time-limited test] INFO  ha.SCMHANodeDetails (SCMHANodeDetails.java:loadSCMHAConfig(162)) - ozone.scm.default.service.id is not defined, falling back to ozone.scm.service.ids to find serviceID for StorageContainerManager if it is HA enabled cluster
2021-08-17 11:44:12,936 [Time-limited test] WARN  server.ServerUtils (ServerUtils.java:getScmDbDir(148)) - ozone.scm.db.dirs is not configured. We recommend adding this setting. Falling back to ozone.metadata.dirs instead.
2021-08-17 11:44:12,936 [Time-limited test] INFO  upgrade.AbstractLayoutVersionManager (AbstractLayoutVersionManager.java:init(70)) - Initializing Layout version manager with metadata layout = SCM_HA (version = 2), software layout = SCM_HA (version = 2)
2021-08-17 11:44:13,046 [Time-limited test] INFO  reflections.Reflections (Reflections.java:scan(232)) - Reflections took 109 ms to scan 7 urls, producing 120 keys and 275 values 
2021-08-17 11:44:13,073 [Time-limited test] WARN  utils.HAUtils (HAUtils.java:getMetaDir(342)) - ozone.scm.db.dirs is not configured. We recommend adding this setting. Falling back to ozone.metadata.dirs instead.
2021-08-17 11:44:13,075 [Time-limited test] WARN  db.DBStoreBuilder (DBStoreBuilder.java:applyDBDefinition(145)) - ozone.scm.db.dirs is not configured. We recommend adding this setting. Falling back to ozone.metadata.dirs instead.
2021-08-17 11:44:13,311 [Time-limited test] INFO  net.NodeSchemaLoader (NodeSchemaLoader.java:loadSchemaFromFile(129)) - Loading schema from [jar:file:/home/runner/.m2/repository/org/apache/ozone/hdds-common/1.2.0-SNAPSHOT/hdds-common-1.2.0-SNAPSHOT.jar!/network-topology-default.xml]
2021-08-17 11:44:13,312 [Time-limited test] INFO  net.NodeSchemaLoader (NodeSchemaLoader.java:loadSchema(176)) - Loading network topology layer schema file
2021-08-17 11:44:13,314 [Time-limited test] INFO  ha.SequenceIdGenerator (SequenceIdGenerator.java:upgradeToSequenceId(327)) - upgrade localId to 107544261427200000
2021-08-17 11:44:13,314 [Time-limited test] INFO  ha.SequenceIdGenerator (SequenceIdGenerator.java:upgradeToSequenceId(337)) - upgrade delTxnId to 0
2021-08-17 11:44:13,314 [Time-limited test] INFO  ha.SequenceIdGenerator (SequenceIdGenerator.java:upgradeToSequenceId(351)) - upgrade containerId to 0
2021-08-17 11:44:13,315 [Time-limited test] INFO  ha.SequenceIdGenerator (SequenceIdGenerator.java:<init>(217)) - Init the HA SequenceIdGenerator.
2021-08-17 11:44:13,315 [Time-limited test] WARN  server.ServerUtils (ServerUtils.java:sanitizeUserArgs(73)) - ozone.scm.stale.node.interval value = 300000 is larger than max = 100000 based on the key value of ozone.scm.heartbeat.thread.interval, reset to the max value 100000.
2021-08-17 11:44:13,315 [Time-limited test] WARN  server.ServerUtils (ServerUtils.java:sanitizeUserArgs(73)) - ozone.scm.stale.node.interval value = 300000 is larger than max = 100000 based on the key value of ozone.scm.heartbeat.thread.interval, reset to the max value 100000.
2021-08-17 11:44:13,344 [Time-limited test] INFO  node.SCMNodeManager (SCMNodeManager.java:<init>(145)) - Entering startup safe mode.
2021-08-17 11:44:13,344 [Time-limited test] INFO  algorithms.ContainerPlacementPolicyFactory (ContainerPlacementPolicyFactory.java:getPolicy(60)) - Create container placement policy of type org.apache.hadoop.hdds.scm.container.placement.algorithms.SCMContainerPlacementRandom
2021-08-17 11:44:13,344 [Time-limited test] INFO  pipeline.PipelineStateManager (PipelineStateManagerV2Impl.java:initialize(78)) - No pipeline exists in current db
2021-08-17 11:44:13,345 [Time-limited test] INFO  algorithms.LeaderChoosePolicyFactory (LeaderChoosePolicyFactory.java:getPolicy(57)) - Create leader choose policy of type org.apache.hadoop.hdds.scm.pipeline.leader.choose.algorithms.MinLeaderCountChoosePolicy
2021-08-17 11:44:13,345 [Time-limited test] INFO  ha.SCMServiceManager (SCMServiceManager.java:register(43)) - Registering service BackgroundPipelineCreator.
2021-08-17 11:44:13,345 [Time-limited test] INFO  pipeline.BackgroundPipelineCreator (BackgroundPipelineCreatorV2.java:start(130)) - Starting RatisPipelineUtilsThread.
2021-08-17 11:44:13,346 [Time-limited test] INFO  algorithms.PipelineChoosePolicyFactory (PipelineChoosePolicyFactory.java:createPipelineChoosePolicyFromClass(73)) - Create pipeline choose policy of type org.apache.hadoop.hdds.scm.pipeline.choose.algorithms.RandomPipelineChoosePolicy
2021-08-17 11:44:13,346 [Time-limited test] INFO  ha.SCMServiceManager (SCMServiceManager.java:register(43)) - Registering service SCMBlockDeletingService.
2021-08-17 11:44:13,346 [Time-limited test] INFO  ha.SCMServiceManager (SCMServiceManager.java:register(43)) - Registering service ReplicationManager.
2021-08-17 11:44:13,346 [Time-limited test] INFO  container.ReplicationManager (ReplicationManager.java:start(307)) - Starting Replication Monitor Thread.
2021-08-17 11:44:13,347 [Time-limited test] INFO  safemode.ContainerSafeModeRule (ContainerSafeModeRule.java:<init>(89)) - containers with one replica threshold count 0
2021-08-17 11:44:13,347 [Time-limited test] INFO  safemode.HealthyPipelineSafeModeRule (HealthyPipelineSafeModeRule.java:initializeRule(156)) - Total pipeline count is 0, healthy pipeline threshold count is 1
2021-08-17 11:44:13,347 [Time-limited test] INFO  safemode.OneReplicaPipelineSafeModeRule (OneReplicaPipelineSafeModeRule.java:initializeRule(180)) - Total pipeline count is 0, pipeline's with at least one datanode reported threshold count is 0
2021-08-17 11:44:13,347 [Time-limited test] INFO  ipc.CallQueueManager (CallQueueManager.java:<init>(90)) - Using callQueue: class java.util.concurrent.LinkedBlockingQueue, queueCapacity: 2000, scheduler: class org.apache.hadoop.ipc.DefaultRpcScheduler, ipcBackoff: false.
2021-08-17 11:44:13,348 [Socket Reader #1 for port 0] INFO  ipc.Server (Server.java:run(1265)) - Starting Socket Reader #1 for port 0
2021-08-17 11:44:13,349 [Listener at 0.0.0.0/37863] INFO  ipc.CallQueueManager (CallQueueManager.java:<init>(90)) - Using callQueue: class java.util.concurrent.LinkedBlockingQueue, queueCapacity: 2000, scheduler: class org.apache.hadoop.ipc.DefaultRpcScheduler, ipcBackoff: false.
2021-08-17 11:44:13,349 [Socket Reader #1 for port 0] INFO  ipc.Server (Server.java:run(1265)) - Starting Socket Reader #1 for port 0
2021-08-17 11:44:13,350 [Listener at 0.0.0.0/40341] INFO  ipc.CallQueueManager (CallQueueManager.java:<init>(90)) - Using callQueue: class java.util.concurrent.LinkedBlockingQueue, queueCapacity: 2000, scheduler: class org.apache.hadoop.ipc.DefaultRpcScheduler, ipcBackoff: false.
2021-08-17 11:44:13,364 [Socket Reader #1 for port 0] INFO  ipc.Server (Server.java:run(1265)) - Starting Socket Reader #1 for port 0
2021-08-17 11:44:13,384 [ReplicationMonitor] INFO  container.ReplicationManager (ReplicationManager.java:processAll(359)) - Replication Monitor Thread took 0 milliseconds for processing 0 containers.
2021-08-17 11:44:13,439 [Listener at 0.0.0.0/32931] INFO  algorithms.ContainerPlacementPolicyFactory (ContainerPlacementPolicyFactory.java:getPolicy(60)) - Create container placement policy of type org.apache.hadoop.hdds.scm.container.placement.algorithms.SCMContainerPlacementRandom
2021-08-17 11:44:13,439 [Listener at 0.0.0.0/32931] INFO  server.StorageContainerManager (StorageContainerManager.java:<init>(383)) - 
Container Balancer status:
Key                            Value
Running                        false
Container Balancer Configuration values:
Key                                                Value
Threshold                                          0.1
Max Datanodes to Involve per Iteration(ratio)      0.5
Max Size to Move per Iteration                     10737418240B

2021-08-17 11:44:13,439 [Listener at 0.0.0.0/32931] WARN  events.EventQueue (EventQueue.java:fireEvent(194)) - No event handler registered for event TypedEvent{payloadType=SafeModeStatus, name='Safe mode status'}
2021-08-17 11:44:13,439 [Listener at 0.0.0.0/32931] INFO  ha.SCMContext (SCMContext.java:updateSafeModeStatus(205)) - Update SafeModeStatus from SafeModeStatus{safeModeStatus=true, preCheckPassed=false} to SafeModeStatus{safeModeStatus=true, preCheckPassed=false}.
2021-08-17 11:44:13,440 [Listener at 0.0.0.0/32931] INFO  server.StorageContainerManager (StorageContainerManager.java:start(1251)) - StorageContainerLocationProtocol RPC server is listening at /0.0.0.0:32931
2021-08-17 11:44:13,441 [Listener at 0.0.0.0/32931] WARN  impl.MetricsConfig (MetricsConfig.java:loadFirst(136)) - Cannot locate configuration: tried hadoop-metrics2-storagecontainermanager.properties,hadoop-metrics2.properties
2021-08-17 11:44:13,442 [Listener at 0.0.0.0/32931] INFO  impl.MetricsSystemImpl (MetricsSystemImpl.java:startTimer(378)) - Scheduled Metric snapshot period at 10 second(s).
2021-08-17 11:44:13,442 [Listener at 0.0.0.0/32931] INFO  impl.MetricsSystemImpl (MetricsSystemImpl.java:start(191)) - StorageContainerManager metrics system started
2021-08-17 11:44:13,538 [Listener at 0.0.0.0/32931] INFO  impl.MetricsSinkAdapter (MetricsSinkAdapter.java:start(204)) - Sink prometheus started
2021-08-17 11:44:13,538 [Listener at 0.0.0.0/32931] INFO  impl.MetricsSystemImpl (MetricsSystemImpl.java:registerSink(305)) - Registered sink prometheus
2021-08-17 11:44:13,604 [Listener at 0.0.0.0/32931] INFO  server.SCMClientProtocolServer (SCMClientProtocolServer.java:start(164)) - RPC server for Client  is listening at /0.0.0.0:32931
2021-08-17 11:44:13,624 [IPC Server Responder] INFO  ipc.Server (Server.java:run(1507)) - IPC Server Responder: starting
2021-08-17 11:44:13,628 [IPC Server listener on 0] INFO  ipc.Server (Server.java:run(1344)) - IPC Server listener on 0: starting
2021-08-17 11:44:13,699 [Listener at 0.0.0.0/32931] INFO  server.StorageContainerManager (StorageContainerManager.java:start(1266)) - ScmBlockLocationProtocol RPC server is listening at /0.0.0.0:40341
2021-08-17 11:44:13,699 [Listener at 0.0.0.0/32931] INFO  server.SCMBlockProtocolServer (SCMBlockProtocolServer.java:start(151)) - RPC server for Block Protocol is listening at /0.0.0.0:40341
2021-08-17 11:44:13,699 [IPC Server Responder] INFO  ipc.Server (Server.java:run(1507)) - IPC Server Responder: starting
2021-08-17 11:44:13,700 [IPC Server listener on 0] INFO  ipc.Server (Server.java:run(1344)) - IPC Server listener on 0: starting
2021-08-17 11:44:13,735 [Listener at 0.0.0.0/32931] INFO  server.StorageContainerManager (StorageContainerManager.java:start(1272)) - ScmDatanodeProtocl RPC server is listening at /0.0.0.0:37863
2021-08-17 11:44:13,735 [Listener at 0.0.0.0/32931] INFO  server.SCMDatanodeProtocolServer (SCMDatanodeProtocolServer.java:start(181)) - RPC server for DataNodes is listening at /0.0.0.0:37863
2021-08-17 11:44:13,735 [IPC Server Responder] INFO  ipc.Server (Server.java:run(1507)) - IPC Server Responder: starting
2021-08-17 11:44:13,736 [IPC Server listener on 0] INFO  ipc.Server (Server.java:run(1344)) - IPC Server listener on 0: starting
2021-08-17 11:44:13,904 [org.apache.hadoop.util.JvmPauseMonitor$Monitor@1e805842] INFO  util.JvmPauseMonitor (JvmPauseMonitor.java:run(188)) - Starting JVM pause monitor
2021-08-17 11:44:13,904 [Listener at 0.0.0.0/32931] INFO  http.BaseHttpServer (BaseHttpServer.java:newHttpServer2BuilderForOzone(209)) - Starting Web-server for scm at: http://0.0.0.0:0
2021-08-17 11:44:13,904 [Listener at 0.0.0.0/32931] INFO  http.BaseHttpServer (BaseHttpServer.java:<init>(107)) - Hadoop Security Enabled: false Ozone Security Enabled: false Ozone HTTP Security Enabled: false 
2021-08-17 11:44:13,906 [Listener at 0.0.0.0/32931] INFO  server.AuthenticationFilter (AuthenticationFilter.java:constructSecretProvider(240)) - Unable to initialize FileSignerSecretProvider, falling back to use random secrets.
2021-08-17 11:44:13,916 [Listener at 0.0.0.0/32931] WARN  http.HttpRequestLog (HttpRequestLog.java:getRequestLog(103)) - Jetty request log can only be enabled using Log4j
2021-08-17 11:44:13,917 [Listener at 0.0.0.0/32931] INFO  http.HttpServer2 (HttpServer2.java:addGlobalFilter(1020)) - Added global filter 'safety' (class=org.apache.hadoop.hdds.server.http.HttpServer2$QuotingInputFilter)
2021-08-17 11:44:13,918 [Listener at 0.0.0.0/32931] INFO  http.HttpServer2 (HttpServer2.java:addFilter(996)) - Added filter static_user_filter (class=org.apache.hadoop.http.lib.StaticUserWebFilter$StaticUserFilter) to context scm
2021-08-17 11:44:13,919 [Listener at 0.0.0.0/32931] INFO  http.HttpServer2 (HttpServer2.java:addFilter(1004)) - Added filter static_user_filter (class=org.apache.hadoop.http.lib.StaticUserWebFilter$StaticUserFilter) to context logs
2021-08-17 11:44:13,919 [Listener at 0.0.0.0/32931] INFO  http.HttpServer2 (HttpServer2.java:addFilter(1004)) - Added filter static_user_filter (class=org.apache.hadoop.http.lib.StaticUserWebFilter$StaticUserFilter) to context static
2021-08-17 11:44:13,920 [Listener at 0.0.0.0/32931] INFO  http.HttpServer2 (HttpServer2.java:bindListener(1239)) - Jetty bound to port 39515
2021-08-17 11:44:13,920 [Listener at 0.0.0.0/32931] INFO  server.Server (Server.java:doStart(375)) - jetty-9.4.43.v20210629; built: 2021-06-30T11:07:22.254Z; git: 526006ecfa3af7f1a27ef3a288e2bef7ea9dd7e8; jvm 1.8.0_292-b10
2021-08-17 11:44:13,929 [Listener at 0.0.0.0/32931] INFO  server.session (DefaultSessionIdManager.java:doStart(334)) - DefaultSessionIdManager workerName=node0
2021-08-17 11:44:13,929 [Listener at 0.0.0.0/32931] INFO  server.session (DefaultSessionIdManager.java:doStart(339)) - No SessionScavenger set, using defaults
2021-08-17 11:44:13,929 [Listener at 0.0.0.0/32931] INFO  server.session (HouseKeeper.java:startScavenging(132)) - node0 Scavenging every 600000ms
2021-08-17 11:44:13,930 [Listener at 0.0.0.0/32931] INFO  handler.ContextHandler (ContextHandler.java:doStart(915)) - Started o.e.j.s.ServletContextHandler@268fa9ab{logs,/logs,file:///home/runner/work/ozone/ozone/hadoop-ozone/integration-test/target/log,AVAILABLE}
2021-08-17 11:44:13,930 [Listener at 0.0.0.0/32931] INFO  handler.ContextHandler (ContextHandler.java:doStart(915)) - Started o.e.j.s.ServletContextHandler@4a0b3b0e{static,/static,file:///home/runner/work/ozone/ozone/hadoop-ozone/integration-test/target/test-classes/webapps/static,AVAILABLE}
2021-08-17 11:44:13,934 [Listener at 0.0.0.0/32931] INFO  handler.ContextHandler (ContextHandler.java:doStart(915)) - Started o.e.j.w.WebAppContext@52610a20{scm,/,file:///home/runner/work/ozone/ozone/hadoop-ozone/integration-test/target/test-classes/webapps/scm/,AVAILABLE}{file:/home/runner/work/ozone/ozone/hadoop-ozone/integration-test/target/test-classes/webapps/scm}
2021-08-17 11:44:13,940 [Listener at 0.0.0.0/32931] INFO  server.AbstractConnector (AbstractConnector.java:doStart(331)) - Started ServerConnector@2bb2058a{HTTP/1.1, (http/1.1)}{0.0.0.0:39515}
2021-08-17 11:44:13,940 [Listener at 0.0.0.0/32931] INFO  server.Server (Server.java:doStart(415)) - Started @110364ms
2021-08-17 11:44:13,940 [Listener at 0.0.0.0/32931] WARN  impl.MetricsSystemImpl (MetricsSystemImpl.java:register(279)) - Sink prometheus already exists!
2021-08-17 11:44:13,941 [Listener at 0.0.0.0/32931] INFO  http.BaseHttpServer (BaseHttpServer.java:updateConnectorAddress(329)) - HTTP server of scm listening at http://0.0.0.0:39515
2021-08-17 11:44:13,944 [Listener at 0.0.0.0/32931] WARN  server.ServerUtils (ServerUtils.java:getDBPath(225)) - ozone.om.db.dirs is not configured. We recommend adding this setting. Falling back to ozone.metadata.dirs instead.
2021-08-17 11:44:13,949 [Listener at 0.0.0.0/32931] INFO  ha.OMHANodeDetails (OMHANodeDetails.java:loadOMHAConfig(112)) - ozone.om.internal.service.id is not defined, falling back to ozone.om.service.ids to find serviceID for OzoneManager if it is HA enabled cluster
2021-08-17 11:44:13,951 [Listener at 0.0.0.0/32931] INFO  ha.OMHANodeDetails (OMHANodeDetails.java:loadOMHAConfig(219)) - Configuration does not have ozone.om.address set. Falling back to the default OM address /127.0.0.1:0
2021-08-17 11:44:13,951 [Listener at 0.0.0.0/32931] INFO  ha.OMHANodeDetails (OMHANodeDetails.java:getOMNodeDetails(247)) - OM Service ID is not set. Setting it to the default ID: omServiceIdDefault
2021-08-17 11:44:13,951 [Listener at 0.0.0.0/32931] INFO  ha.OMHANodeDetails (OMHANodeDetails.java:getOMNodeDetails(254)) - OM Node ID is not set. Setting it to the default ID: om1
2021-08-17 11:44:13,951 [Listener at 0.0.0.0/32931] WARN  server.ServerUtils (ServerUtils.java:getDBPath(225)) - ozone.om.db.dirs is not configured. We recommend adding this setting. Falling back to ozone.metadata.dirs instead.
2021-08-17 11:44:13,952 [Listener at 0.0.0.0/32931] INFO  upgrade.AbstractLayoutVersionManager (AbstractLayoutVersionManager.java:init(70)) - Initializing Layout version manager with metadata layout = INITIAL_VERSION (version = 0), software layout = INITIAL_VERSION (version = 0)
2021-08-17 11:44:14,124 [Listener at 0.0.0.0/32931] INFO  reflections.Reflections (Reflections.java:scan(232)) - Reflections took 171 ms to scan 2 urls, producing 131 keys and 342 values [using 2 cores]
2021-08-17 11:44:14,124 [Listener at 0.0.0.0/32931] INFO  upgrade.OMLayoutVersionManager (OMLayoutVersionManager.java:lambda$0(116)) - Skipping Upgrade Action MockOmUpgradeAction since it has been finalized.
2021-08-17 11:44:14,124 [Listener at 0.0.0.0/32931] WARN  server.ServerUtils (ServerUtils.java:getDBPath(225)) - ozone.om.db.dirs is not configured. We recommend adding this setting. Falling back to ozone.metadata.dirs instead.
2021-08-17 11:44:14,181 [Listener at 0.0.0.0/32931] WARN  server.ServerUtils (ServerUtils.java:getDBPath(225)) - ozone.om.db.dirs is not configured. We recommend adding this setting. Falling back to ozone.metadata.dirs instead.
2021-08-17 11:44:14,181 [Listener at 0.0.0.0/32931] INFO  codec.OmKeyInfoCodec (OmKeyInfoCodec.java:<init>(51)) - OmKeyInfoCodec ignorePipeline = true
2021-08-17 11:44:14,181 [Listener at 0.0.0.0/32931] INFO  codec.RepeatedOmKeyInfoCodec (RepeatedOmKeyInfoCodec.java:<init>(42)) - RepeatedOmKeyInfoCodec ignorePipeline = true
2021-08-17 11:44:14,492 [Listener at 0.0.0.0/32931] INFO  om.OzoneManager (OzoneManager.java:addS3GVolumeToDB(4115)) - Created Volume s3v With Owner runner required for S3Gateway operations.
2021-08-17 11:44:14,492 [Listener at 0.0.0.0/32931] WARN  server.ServerUtils (ServerUtils.java:getDefaultRatisDirectory(237)) - Storage directory for Ratis is not configured. It is a good idea to map this to an SSD disk. Falling back to ozone.metadata.dirs
2021-08-17 11:44:14,492 [Listener at 0.0.0.0/32931] WARN  utils.OzoneManagerRatisUtils (OzoneManagerRatisUtils.java:getOMRatisSnapshotDirectory(391)) - ozone.om.ratis.snapshot.dir is not configured. Falling back to ozone.metadata.dirs config
2021-08-17 11:44:14,492 [Listener at 0.0.0.0/32931] WARN  server.ServerUtils (ServerUtils.java:getDefaultRatisDirectory(237)) - Storage directory for Ratis is not configured. It is a good idea to map this to an SSD disk. Falling back to ozone.metadata.dirs
2021-08-17 11:44:14,493 [Listener at 0.0.0.0/32931] INFO  ratis.OzoneManagerRatisServer (OzoneManagerRatisServer.java:<init>(158)) - Instantiating OM Ratis server with groupID: omServiceIdDefault and peers: localhost:9872
2021-08-17 11:44:14,494 [Listener at 0.0.0.0/32931] INFO  ratis.OzoneManagerStateMachine (OzoneManagerStateMachine.java:loadSnapshotInfoFromDB(605)) - LastAppliedIndex is set from TransactionInfo from OM DB as (t:0, i:~)
2021-08-17 11:44:14,494 [Listener at 0.0.0.0/32931] INFO  server.RaftServer (ConfUtils.java:logGet(44)) - raft.rpc.type = GRPC (default)
2021-08-17 11:44:14,494 [Listener at 0.0.0.0/32931] INFO  grpc.GrpcFactory (GrpcFactory.java:checkPooledByteBufAllocatorUseCacheForAllThreads(48)) - PERFORMANCE WARNING: useCacheForAllThreads is true that may cause Netty to create a lot garbage objects and, as a result, trigger GC.
	It is recommended to disable useCacheForAllThreads by setting -Dorg.apache.ratis.thirdparty.io.netty.allocator.useCacheForAllThreads=false in command line.
2021-08-17 11:44:14,494 [Listener at 0.0.0.0/32931] INFO  grpc.GrpcConfigKeys (ConfUtils.java:logGet(44)) - raft.grpc.admin.port = -1 (default)
2021-08-17 11:44:14,494 [Listener at 0.0.0.0/32931] INFO  grpc.GrpcConfigKeys (ConfUtils.java:logGet(44)) - raft.grpc.server.port = 9872 (custom)
2021-08-17 11:44:14,494 [Listener at 0.0.0.0/32931] INFO  grpc.GrpcConfigKeys (ConfUtils.java:logGet(44)) - raft.grpc.client.port = -1 (default)
2021-08-17 11:44:14,494 [Listener at 0.0.0.0/32931] INFO  grpc.GrpcConfigKeys (ConfUtils.java:logGet(44)) - raft.grpc.server.port = 9872 (custom)
2021-08-17 11:44:14,494 [Listener at 0.0.0.0/32931] INFO  grpc.GrpcConfigKeys (ConfUtils.java:logGet(44)) - raft.grpc.server.port = 9872 (custom)
2021-08-17 11:44:14,494 [Listener at 0.0.0.0/32931] INFO  server.GrpcService (ConfUtils.java:logGet(44)) - raft.grpc.message.size.max = 33554432 (custom)
2021-08-17 11:44:14,495 [Listener at 0.0.0.0/32931] INFO  server.RaftServerConfigKeys (ConfUtils.java:logGet(44)) - raft.server.log.appender.buffer.byte-limit = 33554432 (custom)
2021-08-17 11:44:14,495 [Listener at 0.0.0.0/32931] INFO  server.GrpcService (ConfUtils.java:logGet(44)) - raft.grpc.flow.control.window = 1MB (=1048576) (default)
2021-08-17 11:44:14,495 [Listener at 0.0.0.0/32931] INFO  server.RaftServerConfigKeys (ConfUtils.java:logGet(44)) - raft.server.rpc.request.timeout = 3000ms (default)
2021-08-17 11:44:14,496 [Listener at 0.0.0.0/32931] INFO  impl.DataStreamServerImpl (ConfUtils.java:logGet(44)) - raft.datastream.type = DISABLED (default)
2021-08-17 11:44:14,496 [Listener at 0.0.0.0/32931] INFO  server.RaftServerConfigKeys (ConfUtils.java:logGet(44)) - raft.server.rpc.slowness.timeout = 120s (custom)
2021-08-17 11:44:14,496 [Listener at 0.0.0.0/32931] INFO  server.RaftServerConfigKeys (ConfUtils.java:logGet(44)) - raft.server.leaderelection.leader.step-down.wait-time = 10s (default)
2021-08-17 11:44:14,496 [Listener at 0.0.0.0/32931] INFO  server.RaftServerConfigKeys (ConfUtils.java:logGet(44)) - raft.server.storage.dir = [/home/runner/work/ozone/ozone/hadoop-ozone/integration-test/target/test-dir/MiniOzoneClusterImpl-3aa90084-af08-4299-bf83-992dfa8833c1/ozone-meta/ratis] (custom)
2021-08-17 11:44:14,497 [Listener at 0.0.0.0/32931] INFO  server.RaftServer (RaftServerProxy.java:addNew(95)) - om1: addNew group-C5BA1605619E:[om1|rpc:localhost:9872|priority:0] returns group-C5BA1605619E:java.util.concurrent.CompletableFuture@daa45fd[Not completed]
2021-08-17 11:44:14,497 [Listener at 0.0.0.0/32931] INFO  om.OzoneManager (OzoneManager.java:initializeRatisServer(1573)) - OzoneManager Ratis server initialized at port 9872
2021-08-17 11:44:14,498 [Listener at 0.0.0.0/32931] INFO  ipc.CallQueueManager (CallQueueManager.java:<init>(90)) - Using callQueue: class java.util.concurrent.LinkedBlockingQueue, queueCapacity: 2000, scheduler: class org.apache.hadoop.ipc.DefaultRpcScheduler, ipcBackoff: false.
2021-08-17 11:44:14,499 [pool-359-thread-1] INFO  server.RaftServer$Division (RaftServerImpl.java:<init>(181)) - om1: new RaftServerImpl for group-C5BA1605619E:[om1|rpc:localhost:9872|priority:0] with OzoneManagerStateMachine:uninitialized
2021-08-17 11:44:14,499 [Socket Reader #1 for port 0] INFO  ipc.Server (Server.java:run(1265)) - Starting Socket Reader #1 for port 0
2021-08-17 11:44:14,506 [pool-359-thread-1] INFO  server.RaftServerConfigKeys (ConfUtils.java:logGet(44)) - raft.server.rpc.timeout.min = 1s (custom)
2021-08-17 11:44:14,506 [pool-359-thread-1] INFO  server.RaftServerConfigKeys (ConfUtils.java:logGet(44)) - raft.server.rpc.timeout.max = 1200ms (custom)
2021-08-17 11:44:14,506 [pool-359-thread-1] INFO  server.RaftServerConfigKeys (ConfUtils.java:logGet(44)) - raft.server.rpc.sleep.time = 25ms (default)
2021-08-17 11:44:14,506 [pool-359-thread-1] INFO  server.RaftServerConfigKeys (ConfUtils.java:logGet(44)) - raft.server.rpc.slowness.timeout = 120s (custom)
2021-08-17 11:44:14,506 [pool-359-thread-1] INFO  server.RaftServerConfigKeys (ConfUtils.java:logGet(44)) - raft.server.leaderelection.leader.step-down.wait-time = 10s (default)
2021-08-17 11:44:14,506 [pool-359-thread-1] INFO  server.RaftServerConfigKeys (ConfUtils.java:logGet(44)) - raft.server.sleep.deviation.threshold = 300ms (default)
2021-08-17 11:44:14,506 [pool-359-thread-1] INFO  server.RaftServerConfigKeys (ConfUtils.java:logGet(44)) - raft.server.log.appender.install.snapshot.enabled = false (custom)
2021-08-17 11:44:14,506 [pool-359-thread-1] INFO  server.RaftServer$Division (ServerState.java:<init>(105)) - om1@group-C5BA1605619E: ConfigurationManager, init=-1: [om1|rpc:localhost:9872|priority:0], old=null, confs=<EMPTY_MAP>
2021-08-17 11:44:14,507 [pool-359-thread-1] INFO  server.RaftServerConfigKeys (ConfUtils.java:logGet(44)) - raft.server.storage.dir = [/home/runner/work/ozone/ozone/hadoop-ozone/integration-test/target/test-dir/MiniOzoneClusterImpl-3aa90084-af08-4299-bf83-992dfa8833c1/ozone-meta/ratis] (custom)
2021-08-17 11:44:14,507 [pool-359-thread-1] INFO  server.RaftServerConfigKeys (ConfUtils.java:logGet(44)) - raft.server.log.corruption.policy = EXCEPTION (default)
2021-08-17 11:44:14,507 [pool-359-thread-1] INFO  server.RaftServerConfigKeys (ConfUtils.java:logGet(44)) - raft.server.storage.free-space.min = 0MB (=0) (default)
2021-08-17 11:44:14,507 [pool-359-thread-1] INFO  storage.RaftStorageDirectory (RaftStorageDirectoryImpl.java:analyzeStorage(135)) - The storage directory /home/runner/work/ozone/ozone/hadoop-ozone/integration-test/target/test-dir/MiniOzoneClusterImpl-3aa90084-af08-4299-bf83-992dfa8833c1/ozone-meta/ratis/bf265839-605b-3f16-9796-c5ba1605619e does not exist. Creating ...
2021-08-17 11:44:14,508 [pool-359-thread-1] INFO  storage.RaftStorageDirectory (RaftStorageDirectoryImpl.java:tryLock(230)) - Lock on /home/runner/work/ozone/ozone/hadoop-ozone/integration-test/target/test-dir/MiniOzoneClusterImpl-3aa90084-af08-4299-bf83-992dfa8833c1/ozone-meta/ratis/bf265839-605b-3f16-9796-c5ba1605619e/in_use.lock acquired by nodename 22106@fv-az291-680
2021-08-17 11:44:14,509 [pool-359-thread-1] INFO  storage.RaftStorage (RaftStorageImpl.java:format(89)) - Storage directory /home/runner/work/ozone/ozone/hadoop-ozone/integration-test/target/test-dir/MiniOzoneClusterImpl-3aa90084-af08-4299-bf83-992dfa8833c1/ozone-meta/ratis/bf265839-605b-3f16-9796-c5ba1605619e has been successfully formatted.
2021-08-17 11:44:14,510 [pool-359-thread-1] INFO  server.RaftServerConfigKeys (ConfUtils.java:logGet(44)) - raft.server.notification.no-leader.timeout = 120s (custom)
2021-08-17 11:44:14,510 [pool-359-thread-1] INFO  server.RaftServerConfigKeys (ConfUtils.java:logGet(44)) - raft.server.log.use.memory = false (default)
2021-08-17 11:44:14,510 [pool-359-thread-1] INFO  server.RaftServerConfigKeys (ConfUtils.java:logGet(44)) - raft.server.log.purge.gap = 1000000 (custom)
2021-08-17 11:44:14,510 [pool-359-thread-1] INFO  server.RaftServerConfigKeys (ConfUtils.java:logGet(44)) - raft.server.log.appender.buffer.byte-limit = 33554432 (custom)
2021-08-17 11:44:14,510 [pool-359-thread-1] INFO  server.RaftServerConfigKeys (ConfUtils.java:logGet(44)) - raft.server.log.segment.size.max = 4194304 (custom)
2021-08-17 11:44:14,510 [pool-359-thread-1] INFO  server.RaftServerConfigKeys (ConfUtils.java:logGet(44)) - raft.server.log.segment.cache.num.max = 2 (custom)
2021-08-17 11:44:14,510 [pool-359-thread-1] INFO  server.RaftServerConfigKeys (ConfUtils.java:logGet(44)) - raft.server.log.segment.cache.size.max = 200MB (=209715200) (default)
2021-08-17 11:44:14,510 [pool-359-thread-1] INFO  segmented.SegmentedRaftLogWorker (SegmentedRaftLogWorker.java:<init>(182)) - new om1@group-C5BA1605619E-SegmentedRaftLogWorker for RaftStorageImpl:Storage Directory /home/runner/work/ozone/ozone/hadoop-ozone/integration-test/target/test-dir/MiniOzoneClusterImpl-3aa90084-af08-4299-bf83-992dfa8833c1/ozone-meta/ratis/bf265839-605b-3f16-9796-c5ba1605619e
2021-08-17 11:44:14,510 [pool-359-thread-1] INFO  server.RaftServerConfigKeys (ConfUtils.java:logGet(44)) - raft.server.log.queue.byte-limit = 64MB (=67108864) (default)
2021-08-17 11:44:14,510 [pool-359-thread-1] INFO  server.RaftServerConfigKeys (ConfUtils.java:logGet(44)) - raft.server.log.queue.element-limit = 4096 (default)
2021-08-17 11:44:14,510 [pool-359-thread-1] INFO  server.RaftServerConfigKeys (ConfUtils.java:logGet(44)) - raft.server.log.segment.size.max = 4194304 (custom)
2021-08-17 11:44:14,510 [pool-359-thread-1] INFO  server.RaftServerConfigKeys (ConfUtils.java:logGet(44)) - raft.server.log.preallocated.size = 4194304 (custom)
2021-08-17 11:44:14,510 [pool-359-thread-1] INFO  server.RaftServerConfigKeys (ConfUtils.java:logGet(44)) - raft.server.log.force.sync.num = 128 (default)
2021-08-17 11:44:14,511 [pool-359-thread-1] INFO  server.RaftServerConfigKeys (ConfUtils.java:logGet(44)) - raft.server.log.statemachine.data.sync = true (default)
2021-08-17 11:44:14,511 [pool-359-thread-1] INFO  server.RaftServerConfigKeys (ConfUtils.java:logGet(44)) - raft.server.log.statemachine.data.sync.timeout = 10s (default)
2021-08-17 11:44:14,511 [pool-359-thread-1] INFO  server.RaftServerConfigKeys (ConfUtils.java:logGet(44)) - raft.server.log.statemachine.data.sync.timeout.retry = -1 (default)
2021-08-17 11:44:14,511 [pool-359-thread-1] INFO  server.RaftServerConfigKeys (ConfUtils.java:logGet(44)) - raft.server.log.write.buffer.size = 64KB (=65536) (default)
2021-08-17 11:44:14,511 [pool-359-thread-1] INFO  server.RaftServerConfigKeys (ConfUtils.java:logGet(44)) - raft.server.log.statemachine.data.caching.enabled = false (default)
2021-08-17 11:44:14,511 [pool-359-thread-1] INFO  segmented.SegmentedRaftLogWorker (SegmentedRaftLogWorker.java:lambda$new$0(133)) - om1@group-C5BA1605619E-SegmentedRaftLogWorker: flushIndex: setUnconditionally 0 -> -1
2021-08-17 11:44:14,511 [pool-359-thread-1] INFO  segmented.SegmentedRaftLogWorker (SegmentedRaftLogWorker.java:lambda$new$0(133)) - om1@group-C5BA1605619E-SegmentedRaftLogWorker: safeCacheEvictIndex: setUnconditionally 0 -> -1
2021-08-17 11:44:14,532 [pool-359-thread-1] INFO  server.RaftServerConfigKeys (ConfUtils.java:logGet(44)) - raft.server.snapshot.auto.trigger.enabled = true (custom)
2021-08-17 11:44:14,532 [pool-359-thread-1] INFO  server.RaftServerConfigKeys (ConfUtils.java:logGet(44)) - raft.server.snapshot.auto.trigger.threshold = 400000 (default)
2021-08-17 11:44:14,532 [pool-359-thread-1] INFO  server.RaftServerConfigKeys (ConfUtils.java:logGet(44)) - raft.server.snapshot.retention.file.num = -1 (default)
2021-08-17 11:44:14,532 [pool-359-thread-1] INFO  server.RaftServerConfigKeys (ConfUtils.java:logGet(44)) - raft.server.log.purge.upto.snapshot.index = true (custom)
2021-08-17 11:44:14,532 [pool-359-thread-1] INFO  server.RaftServerConfigKeys (ConfUtils.java:logGet(44)) - raft.server.retrycache.expirytime = 300s (custom)
2021-08-17 11:44:14,532 [pool-359-thread-1] INFO  server.RaftServerConfigKeys (ConfUtils.java:logGet(44)) - raft.server.retrycache.statistics.expirytime = 100μs (default)
2021-08-17 11:44:14,576 [Listener at 127.0.0.1/33323] INFO  om.OzoneManager (OzoneManager.java:initFSOLayout(4321)) - Configured ozone.om.metadata.layout=SIMPLE and disabled optimized OM FS operations
2021-08-17 11:44:14,580 [Listener at 127.0.0.1/33323] INFO  impl.MetricsSystemImpl (MetricsSystemImpl.java:init(158)) - OzoneManager metrics system started (again)
2021-08-17 11:44:14,636 [Listener at 127.0.0.1/33323] INFO  om.OzoneManager (OzoneManager.java:start(1270)) - OzoneManager RPC server is listening at localhost/127.0.0.1:33323
2021-08-17 11:44:14,636 [Listener at 127.0.0.1/33323] INFO  ratis.OzoneManagerRatisServer (OzoneManagerRatisServer.java:start(516)) - Starting OzoneManagerRatisServer om1 at port 9872
2021-08-17 11:44:14,637 [Listener at 127.0.0.1/33323] INFO  server.RaftServer$Division (RaftServerImpl.java:start(296)) - om1@group-C5BA1605619E: start as a follower, conf=-1: [om1|rpc:localhost:9872|priority:0], old=null
2021-08-17 11:44:14,637 [Listener at 127.0.0.1/33323] INFO  server.RaftServer$Division (RaftServerImpl.java:setRole(285)) - om1@group-C5BA1605619E: changes role from      null to FOLLOWER at term 0 for startAsFollower
2021-08-17 11:44:14,637 [Listener at 127.0.0.1/33323] INFO  impl.RoleInfo (RoleInfo.java:updateAndGet(130)) - om1: start om1@group-C5BA1605619E-FollowerState
2021-08-17 11:44:14,637 [Listener at 127.0.0.1/33323] INFO  util.JmxRegister (JmxRegister.java:tryRegister(44)) - Successfully registered JMX Bean with object name Ratis:service=RaftServer,group=group-C5BA1605619E,id=om1
2021-08-17 11:44:14,638 [Listener at 127.0.0.1/33323] INFO  server.RaftServer (RaftServerProxy.java:lambda$start$5(374)) - om1: start RPC server
2021-08-17 11:44:14,656 [Listener at 127.0.0.1/33323] INFO  server.GrpcService (GrpcService.java:startImpl(253)) - om1: GrpcService started, listening on 9872
2021-08-17 11:44:14,668 [Listener at 127.0.0.1/33323] INFO  om.OzoneManager (OzoneManager.java:start(1288)) - Version File has different layout version (0) than OM DB (null). That is expected if this OM has never been finalized to a newer layout version.
2021-08-17 11:44:14,668 [org.apache.ratis.util.JvmPauseMonitor$$Lambda$531/1079851550@1f512508] INFO  util.JvmPauseMonitor (JvmPauseMonitor.java:run(103)) - JvmPauseMonitor-om1: Started
2021-08-17 11:44:14,709 [Listener at 127.0.0.1/33323] INFO  http.BaseHttpServer (BaseHttpServer.java:newHttpServer2BuilderForOzone(209)) - Starting Web-server for ozoneManager at: http://0.0.0.0:0
2021-08-17 11:44:14,709 [Listener at 127.0.0.1/33323] INFO  http.BaseHttpServer (BaseHttpServer.java:<init>(107)) - Hadoop Security Enabled: false Ozone Security Enabled: false Ozone HTTP Security Enabled: false 
2021-08-17 11:44:14,711 [Listener at 127.0.0.1/33323] INFO  server.AuthenticationFilter (AuthenticationFilter.java:constructSecretProvider(240)) - Unable to initialize FileSignerSecretProvider, falling back to use random secrets.
2021-08-17 11:44:14,711 [Listener at 127.0.0.1/33323] WARN  http.HttpRequestLog (HttpRequestLog.java:getRequestLog(103)) - Jetty request log can only be enabled using Log4j
2021-08-17 11:44:14,712 [Listener at 127.0.0.1/33323] INFO  http.HttpServer2 (HttpServer2.java:addGlobalFilter(1020)) - Added global filter 'safety' (class=org.apache.hadoop.hdds.server.http.HttpServer2$QuotingInputFilter)
2021-08-17 11:44:14,713 [Listener at 127.0.0.1/33323] INFO  http.HttpServer2 (HttpServer2.java:addFilter(996)) - Added filter static_user_filter (class=org.apache.hadoop.http.lib.StaticUserWebFilter$StaticUserFilter) to context ozoneManager
2021-08-17 11:44:14,713 [Listener at 127.0.0.1/33323] INFO  http.HttpServer2 (HttpServer2.java:addFilter(1004)) - Added filter static_user_filter (class=org.apache.hadoop.http.lib.StaticUserWebFilter$StaticUserFilter) to context logs
2021-08-17 11:44:14,713 [Listener at 127.0.0.1/33323] INFO  http.HttpServer2 (HttpServer2.java:addFilter(1004)) - Added filter static_user_filter (class=org.apache.hadoop.http.lib.StaticUserWebFilter$StaticUserFilter) to context static
2021-08-17 11:44:14,713 [Listener at 127.0.0.1/33323] INFO  http.HttpServer2 (HttpServer2.java:bindListener(1239)) - Jetty bound to port 39263
2021-08-17 11:44:14,713 [Listener at 127.0.0.1/33323] INFO  server.Server (Server.java:doStart(375)) - jetty-9.4.43.v20210629; built: 2021-06-30T11:07:22.254Z; git: 526006ecfa3af7f1a27ef3a288e2bef7ea9dd7e8; jvm 1.8.0_292-b10
2021-08-17 11:44:14,770 [Listener at 127.0.0.1/33323] INFO  server.session (DefaultSessionIdManager.java:doStart(334)) - DefaultSessionIdManager workerName=node0
2021-08-17 11:44:14,770 [Listener at 127.0.0.1/33323] INFO  server.session (DefaultSessionIdManager.java:doStart(339)) - No SessionScavenger set, using defaults
2021-08-17 11:44:14,770 [Listener at 127.0.0.1/33323] INFO  server.session (HouseKeeper.java:startScavenging(132)) - node0 Scavenging every 660000ms
2021-08-17 11:44:14,771 [Listener at 127.0.0.1/33323] INFO  handler.ContextHandler (ContextHandler.java:doStart(915)) - Started o.e.j.s.ServletContextHandler@ab3e4a2{logs,/logs,file:///home/runner/work/ozone/ozone/hadoop-ozone/integration-test/target/log,AVAILABLE}
2021-08-17 11:44:14,771 [Listener at 127.0.0.1/33323] INFO  handler.ContextHandler (ContextHandler.java:doStart(915)) - Started o.e.j.s.ServletContextHandler@642a21a2{static,/static,file:///home/runner/work/ozone/ozone/hadoop-ozone/integration-test/target/test-classes/webapps/static,AVAILABLE}
2021-08-17 11:44:14,774 [Listener at 127.0.0.1/33323] INFO  handler.ContextHandler (ContextHandler.java:doStart(915)) - Started o.e.j.w.WebAppContext@475fa264{ozoneManager,/,file:///home/runner/work/ozone/ozone/hadoop-ozone/integration-test/target/test-classes/webapps/ozoneManager/,AVAILABLE}{file:/home/runner/work/ozone/ozone/hadoop-ozone/integration-test/target/test-classes/webapps/ozoneManager}
2021-08-17 11:44:14,807 [Listener at 127.0.0.1/33323] INFO  server.AbstractConnector (AbstractConnector.java:doStart(331)) - Started ServerConnector@11c3f10f{HTTP/1.1, (http/1.1)}{0.0.0.0:39263}
2021-08-17 11:44:14,807 [Listener at 127.0.0.1/33323] INFO  server.Server (Server.java:doStart(415)) - Started @111231ms
2021-08-17 11:44:14,807 [Listener at 127.0.0.1/33323] WARN  impl.MetricsSystemImpl (MetricsSystemImpl.java:register(279)) - Sink prometheus already exists!
2021-08-17 11:44:14,808 [Listener at 127.0.0.1/33323] INFO  http.BaseHttpServer (BaseHttpServer.java:updateConnectorAddress(329)) - HTTP server of ozoneManager listening at http://0.0.0.0:39263
2021-08-17 11:44:14,828 [IPC Server Responder] INFO  ipc.Server (Server.java:run(1507)) - IPC Server Responder: starting
2021-08-17 11:44:14,839 [IPC Server listener on 0] INFO  ipc.Server (Server.java:run(1344)) - IPC Server listener on 0: starting
2021-08-17 11:44:14,861 [Listener at 127.0.0.1/33323] INFO  om.OzoneManager (OzoneManager.java:startTrashEmptier(1531)) - Trash Interval set to 0. Files deleted will not move to trash
2021-08-17 11:44:14,911 [org.apache.hadoop.util.JvmPauseMonitor$Monitor@160c0d0e] INFO  util.JvmPauseMonitor (JvmPauseMonitor.java:run(188)) - Starting JVM pause monitor
2021-08-17 11:44:14,953 [Listener at 127.0.0.1/33323] WARN  impl.MetricRegistriesImpl (MetricRegistriesImpl.java:addReporterRegistration(111)) - New reporters are added after registries were created. Some metrics will be missing from the reporter. Please add reporter before adding any new registry.
2021-08-17 11:44:14,953 [Listener at 127.0.0.1/33323] WARN  impl.MetricRegistriesImpl (MetricRegistriesImpl.java:addReporterRegistration(111)) - New reporters are added after registries were created. Some metrics will be missing from the reporter. Please add reporter before adding any new registry.
2021-08-17 11:44:14,953 [Listener at 127.0.0.1/33323] INFO  impl.MetricsSystemImpl (MetricsSystemImpl.java:init(158)) - HddsDatanode metrics system started (again)
2021-08-17 11:44:14,971 [Listener at 127.0.0.1/33323] INFO  ozone.HddsDatanodeService (HddsDatanodeService.java:start(234)) - HddsDatanodeService host:fv-az291-680.wgnan5asplgejimfprtllbpdch.jx.internal.cloudapp.net ip:10.1.0.21
2021-08-17 11:44:15,034 [Listener at 127.0.0.1/33323] INFO  upgrade.AbstractLayoutVersionManager (AbstractLayoutVersionManager.java:init(70)) - Initializing Layout version manager with metadata layout = SCM_HA (version = 2), software layout = SCM_HA (version = 2)
2021-08-17 11:44:15,144 [Listener at 127.0.0.1/33323] INFO  reflections.Reflections (Reflections.java:scan(232)) - Reflections took 106 ms to scan 7 urls, producing 120 keys and 275 values 
2021-08-17 11:44:15,172 [Listener at 127.0.0.1/33323] INFO  volume.HddsVolume (HddsVolume.java:<init>(120)) - Creating HddsVolume: /home/runner/work/ozone/ozone/hadoop-ozone/integration-test/target/test-dir/MiniOzoneClusterImpl-3aa90084-af08-4299-bf83-992dfa8833c1/datanode-0/data-0/containers/hdds of storage type : DISK capacity : 9223372036854775807
2021-08-17 11:44:15,173 [Listener at 127.0.0.1/33323] INFO  volume.MutableVolumeSet (MutableVolumeSet.java:initializeVolumeSet(181)) - Added Volume : /home/runner/work/ozone/ozone/hadoop-ozone/integration-test/target/test-dir/MiniOzoneClusterImpl-3aa90084-af08-4299-bf83-992dfa8833c1/datanode-0/data-0/containers/hdds to VolumeSet
2021-08-17 11:44:15,173 [Listener at 127.0.0.1/33323] INFO  volume.ThrottledAsyncChecker (ThrottledAsyncChecker.java:schedule(141)) - Scheduling a check for /home/runner/work/ozone/ozone/hadoop-ozone/integration-test/target/test-dir/MiniOzoneClusterImpl-3aa90084-af08-4299-bf83-992dfa8833c1/datanode-0/data-0/containers/hdds
2021-08-17 11:44:15,204 [Listener at 127.0.0.1/33323] INFO  volume.StorageVolumeChecker (StorageVolumeChecker.java:checkAllVolumes(202)) - Scheduled health check for volume /home/runner/work/ozone/ozone/hadoop-ozone/integration-test/target/test-dir/MiniOzoneClusterImpl-3aa90084-af08-4299-bf83-992dfa8833c1/datanode-0/data-0/containers/hdds
2021-08-17 11:44:15,220 [Listener at 127.0.0.1/33323] INFO  volume.MutableVolumeSet (MutableVolumeSet.java:initializeVolumeSet(181)) - Added Volume : /home/runner/work/ozone/ozone/hadoop-ozone/integration-test/target/test-dir/MiniOzoneClusterImpl-3aa90084-af08-4299-bf83-992dfa8833c1/datanode-0/data/ratis to VolumeSet
2021-08-17 11:44:15,220 [Listener at 127.0.0.1/33323] INFO  volume.ThrottledAsyncChecker (ThrottledAsyncChecker.java:schedule(141)) - Scheduling a check for /home/runner/work/ozone/ozone/hadoop-ozone/integration-test/target/test-dir/MiniOzoneClusterImpl-3aa90084-af08-4299-bf83-992dfa8833c1/datanode-0/data/ratis
2021-08-17 11:44:15,220 [Listener at 127.0.0.1/33323] INFO  volume.StorageVolumeChecker (StorageVolumeChecker.java:checkAllVolumes(202)) - Scheduled health check for volume /home/runner/work/ozone/ozone/hadoop-ozone/integration-test/target/test-dir/MiniOzoneClusterImpl-3aa90084-af08-4299-bf83-992dfa8833c1/datanode-0/data/ratis
2021-08-17 11:44:15,263 [Listener at 127.0.0.1/33323] INFO  ozoneimpl.ContainerReader (ContainerReader.java:<init>(98)) - Running in upgrade mode:true
2021-08-17 11:44:15,266 [Thread-884] INFO  ozoneimpl.ContainerReader (ContainerReader.java:readVolume(142)) - Start to verify containers on volume /home/runner/work/ozone/ozone/hadoop-ozone/integration-test/target/test-dir/MiniOzoneClusterImpl-3aa90084-af08-4299-bf83-992dfa8833c1/datanode-0/data-0/containers/hdds
2021-08-17 11:44:15,266 [Thread-884] INFO  ozoneimpl.ContainerReader (ContainerReader.java:readVolume(174)) - Finish verifying containers on volume /home/runner/work/ozone/ozone/hadoop-ozone/integration-test/target/test-dir/MiniOzoneClusterImpl-3aa90084-af08-4299-bf83-992dfa8833c1/datanode-0/data-0/containers/hdds
2021-08-17 11:44:15,266 [Listener at 127.0.0.1/33323] INFO  ozoneimpl.OzoneContainer (OzoneContainer.java:buildContainerSet(237)) - Build ContainerSet costs 0s
2021-08-17 11:44:15,267 [Listener at 127.0.0.1/33323] INFO  server.RaftServer (ConfUtils.java:logGet(44)) - raft.rpc.type = GRPC (default)
2021-08-17 11:44:15,268 [Listener at 127.0.0.1/33323] INFO  grpc.GrpcFactory (GrpcFactory.java:checkPooledByteBufAllocatorUseCacheForAllThreads(48)) - PERFORMANCE WARNING: useCacheForAllThreads is true that may cause Netty to create a lot garbage objects and, as a result, trigger GC.
	It is recommended to disable useCacheForAllThreads by setting -Dorg.apache.ratis.thirdparty.io.netty.allocator.useCacheForAllThreads=false in command line.
2021-08-17 11:44:15,268 [Listener at 127.0.0.1/33323] INFO  grpc.GrpcConfigKeys (ConfUtils.java:logGet(44)) - raft.grpc.admin.port = 0 (custom)
2021-08-17 11:44:15,268 [Listener at 127.0.0.1/33323] INFO  grpc.GrpcConfigKeys (ConfUtils.java:logGet(44)) - raft.grpc.client.port = 0 (custom)
2021-08-17 11:44:15,268 [Listener at 127.0.0.1/33323] INFO  grpc.GrpcConfigKeys (ConfUtils.java:logGet(44)) - raft.grpc.server.port = 0 (default)
2021-08-17 11:44:15,268 [Listener at 127.0.0.1/33323] INFO  server.GrpcService (ConfUtils.java:logGet(44)) - raft.grpc.message.size.max = 32MB (=33554432) (custom)
2021-08-17 11:44:15,268 [Listener at 127.0.0.1/33323] INFO  server.RaftServerConfigKeys (ConfUtils.java:logGet(44)) - raft.server.log.appender.buffer.byte-limit = 33554432 (custom)
2021-08-17 11:44:15,268 [Listener at 127.0.0.1/33323] INFO  server.GrpcService (ConfUtils.java:logGet(44)) - raft.grpc.flow.control.window = 5MB (=5242880) (custom)
2021-08-17 11:44:15,268 [Listener at 127.0.0.1/33323] INFO  server.RaftServerConfigKeys (ConfUtils.java:logGet(44)) - raft.server.rpc.request.timeout = 60s (custom)
2021-08-17 11:44:15,269 [Listener at 127.0.0.1/33323] INFO  impl.DataStreamServerImpl (ConfUtils.java:logGet(44)) - raft.datastream.type = DISABLED (default)
2021-08-17 11:44:15,269 [Listener at 127.0.0.1/33323] INFO  server.RaftServerConfigKeys (ConfUtils.java:logGet(44)) - raft.server.rpc.slowness.timeout = 300s (custom)
2021-08-17 11:44:15,269 [Listener at 127.0.0.1/33323] INFO  server.RaftServerConfigKeys (ConfUtils.java:logGet(44)) - raft.server.leaderelection.leader.step-down.wait-time = 10s (default)
2021-08-17 11:44:15,270 [Listener at 127.0.0.1/33323] INFO  server.RaftServerConfigKeys (ConfUtils.java:logGet(44)) - raft.server.storage.dir = [/home/runner/work/ozone/ozone/hadoop-ozone/integration-test/target/test-dir/MiniOzoneClusterImpl-3aa90084-af08-4299-bf83-992dfa8833c1/datanode-0/data/ratis] (custom)
2021-08-17 11:44:15,284 [Listener at 127.0.0.1/33323] INFO  http.BaseHttpServer (BaseHttpServer.java:newHttpServer2BuilderForOzone(209)) - Starting Web-server for hddsDatanode at: http://0.0.0.0:0
2021-08-17 11:44:15,285 [Listener at 127.0.0.1/33323] INFO  http.BaseHttpServer (BaseHttpServer.java:<init>(107)) - Hadoop Security Enabled: false Ozone Security Enabled: false Ozone HTTP Security Enabled: false 
2021-08-17 11:44:15,285 [Listener at 127.0.0.1/33323] INFO  server.AuthenticationFilter (AuthenticationFilter.java:constructSecretProvider(240)) - Unable to initialize FileSignerSecretProvider, falling back to use random secrets.
2021-08-17 11:44:15,323 [Listener at 127.0.0.1/33323] WARN  http.HttpRequestLog (HttpRequestLog.java:getRequestLog(103)) - Jetty request log can only be enabled using Log4j
2021-08-17 11:44:15,324 [Listener at 127.0.0.1/33323] INFO  http.HttpServer2 (HttpServer2.java:addGlobalFilter(1020)) - Added global filter 'safety' (class=org.apache.hadoop.hdds.server.http.HttpServer2$QuotingInputFilter)
2021-08-17 11:44:15,325 [Listener at 127.0.0.1/33323] INFO  http.HttpServer2 (HttpServer2.java:addFilter(996)) - Added filter static_user_filter (class=org.apache.hadoop.http.lib.StaticUserWebFilter$StaticUserFilter) to context hddsDatanode
2021-08-17 11:44:15,325 [Listener at 127.0.0.1/33323] INFO  http.HttpServer2 (HttpServer2.java:addFilter(1004)) - Added filter static_user_filter (class=org.apache.hadoop.http.lib.StaticUserWebFilter$StaticUserFilter) to context logs
2021-08-17 11:44:15,325 [Listener at 127.0.0.1/33323] INFO  http.HttpServer2 (HttpServer2.java:addFilter(1004)) - Added filter static_user_filter (class=org.apache.hadoop.http.lib.StaticUserWebFilter$StaticUserFilter) to context static
2021-08-17 11:44:15,326 [Listener at 127.0.0.1/33323] INFO  http.HttpServer2 (HttpServer2.java:bindListener(1239)) - Jetty bound to port 45549
2021-08-17 11:44:15,326 [Listener at 127.0.0.1/33323] INFO  server.Server (Server.java:doStart(375)) - jetty-9.4.43.v20210629; built: 2021-06-30T11:07:22.254Z; git: 526006ecfa3af7f1a27ef3a288e2bef7ea9dd7e8; jvm 1.8.0_292-b10
2021-08-17 11:44:15,373 [Listener at 127.0.0.1/33323] INFO  server.session (DefaultSessionIdManager.java:doStart(334)) - DefaultSessionIdManager workerName=node0
2021-08-17 11:44:15,373 [Listener at 127.0.0.1/33323] INFO  server.session (DefaultSessionIdManager.java:doStart(339)) - No SessionScavenger set, using defaults
2021-08-17 11:44:15,373 [Listener at 127.0.0.1/33323] INFO  server.session (HouseKeeper.java:startScavenging(132)) - node0 Scavenging every 600000ms
2021-08-17 11:44:15,375 [Listener at 127.0.0.1/33323] INFO  handler.ContextHandler (ContextHandler.java:doStart(915)) - Started o.e.j.s.ServletContextHandler@1f857165{logs,/logs,file:///home/runner/work/ozone/ozone/hadoop-ozone/integration-test/target/log,AVAILABLE}
2021-08-17 11:44:15,376 [Listener at 127.0.0.1/33323] INFO  handler.ContextHandler (ContextHandler.java:doStart(915)) - Started o.e.j.s.ServletContextHandler@1bcc4597{static,/static,jar:file:/home/runner/.m2/repository/org/apache/ozone/hdds-container-service/1.2.0-SNAPSHOT/hdds-container-service-1.2.0-SNAPSHOT.jar!/webapps/static,AVAILABLE}
2021-08-17 11:44:15,480 [Listener at 127.0.0.1/33323] INFO  handler.ContextHandler (ContextHandler.java:doStart(915)) - Started o.e.j.w.WebAppContext@38a50f88{hddsDatanode,/,file:///tmp/jetty-0_0_0_0-45549-hdds-container-service-1_2_0-SNAPSHOT_jar-_-any-4079281041777673609/webapp/,AVAILABLE}{jar:file:/home/runner/.m2/repository/org/apache/ozone/hdds-container-service/1.2.0-SNAPSHOT/hdds-container-service-1.2.0-SNAPSHOT.jar!/webapps/hddsDatanode}
2021-08-17 11:44:15,512 [Listener at 127.0.0.1/33323] INFO  server.AbstractConnector (AbstractConnector.java:doStart(331)) - Started ServerConnector@4d556bd4{HTTP/1.1, (http/1.1)}{0.0.0.0:45549}
2021-08-17 11:44:15,513 [Listener at 127.0.0.1/33323] INFO  server.Server (Server.java:doStart(415)) - Started @111937ms
2021-08-17 11:44:15,513 [Listener at 127.0.0.1/33323] WARN  impl.MetricsSystemImpl (MetricsSystemImpl.java:register(279)) - Sink prometheus already exists!
2021-08-17 11:44:15,516 [Listener at 127.0.0.1/33323] INFO  http.BaseHttpServer (BaseHttpServer.java:updateConnectorAddress(329)) - HTTP server of hddsDatanode listening at http://0.0.0.0:45549
2021-08-17 11:44:15,534 [Listener at 127.0.0.1/33323] WARN  impl.MetricRegistriesImpl (MetricRegistriesImpl.java:addReporterRegistration(111)) - New reporters are added after registries were created. Some metrics will be missing from the reporter. Please add reporter before adding any new registry.
2021-08-17 11:44:15,534 [Listener at 127.0.0.1/33323] WARN  impl.MetricRegistriesImpl (MetricRegistriesImpl.java:addReporterRegistration(111)) - New reporters are added after registries were created. Some metrics will be missing from the reporter. Please add reporter before adding any new registry.
2021-08-17 11:44:15,534 [Listener at 127.0.0.1/33323] INFO  impl.MetricsSystemImpl (MetricsSystemImpl.java:init(158)) - HddsDatanode metrics system started (again)
2021-08-17 11:44:15,595 [Listener at 127.0.0.1/33323] INFO  ozone.HddsDatanodeService (HddsDatanodeService.java:start(234)) - HddsDatanodeService host:fv-az291-680.wgnan5asplgejimfprtllbpdch.jx.internal.cloudapp.net ip:10.1.0.21
2021-08-17 11:44:15,600 [org.apache.hadoop.util.JvmPauseMonitor$Monitor@2c41923a] INFO  util.JvmPauseMonitor (JvmPauseMonitor.java:run(188)) - Starting JVM pause monitor
2021-08-17 11:44:15,623 [Datanode State Machine Task Thread - 0] INFO  datanode.InitDatanodeState (InitDatanodeState.java:persistContainerDatanodeDetails(145)) - DatanodeDetails is persisted to /home/runner/work/ozone/ozone/hadoop-ozone/integration-test/target/test-dir/MiniOzoneClusterImpl-3aa90084-af08-4299-bf83-992dfa8833c1/datanode-0/meta/datanode.id
2021-08-17 11:44:15,670 [Listener at 127.0.0.1/33323] INFO  upgrade.AbstractLayoutVersionManager (AbstractLayoutVersionManager.java:init(70)) - Initializing Layout version manager with metadata layout = SCM_HA (version = 2), software layout = SCM_HA (version = 2)
2021-08-17 11:44:15,753 [Listener at 127.0.0.1/33323] INFO  reflections.Reflections (Reflections.java:scan(232)) - Reflections took 77 ms to scan 7 urls, producing 120 keys and 275 values 
2021-08-17 11:44:15,753 [om1@group-C5BA1605619E-FollowerState] INFO  impl.FollowerState (FollowerState.java:run(134)) - om1@group-C5BA1605619E-FollowerState: change to CANDIDATE, lastRpcElapsedTime:1116697156ns, electionTimeout:1116ms
2021-08-17 11:44:15,754 [om1@group-C5BA1605619E-FollowerState] INFO  impl.RoleInfo (RoleInfo.java:shutdownFollowerState(108)) - om1: shutdown om1@group-C5BA1605619E-FollowerState
2021-08-17 11:44:15,754 [om1@group-C5BA1605619E-FollowerState] INFO  server.RaftServer$Division (RaftServerImpl.java:setRole(285)) - om1@group-C5BA1605619E: changes role from  FOLLOWER to CANDIDATE at term 0 for changeToCandidate
2021-08-17 11:44:15,754 [om1@group-C5BA1605619E-FollowerState] INFO  server.RaftServerConfigKeys (ConfUtils.java:logGet(44)) - raft.server.leaderelection.pre-vote = false (custom)
2021-08-17 11:44:15,754 [om1@group-C5BA1605619E-FollowerState] INFO  impl.RoleInfo (RoleInfo.java:updateAndGet(130)) - om1: start om1@group-C5BA1605619E-LeaderElection32
2021-08-17 11:44:15,785 [om1@group-C5BA1605619E-LeaderElection32] INFO  impl.LeaderElection (LeaderElection.java:askForVotes(306)) - om1@group-C5BA1605619E-LeaderElection32 ELECTION round 0: submit vote requests at term 1 for -1: [om1|rpc:localhost:9872|priority:0], old=null
2021-08-17 11:44:15,785 [om1@group-C5BA1605619E-LeaderElection32] INFO  impl.LeaderElection (LeaderElection.java:askForVotes(308)) - om1@group-C5BA1605619E-LeaderElection32 ELECTION round 0: result PASSED (term=1)
2021-08-17 11:44:15,785 [om1@group-C5BA1605619E-LeaderElection32] INFO  impl.RoleInfo (RoleInfo.java:shutdownLeaderElection(121)) - om1: shutdown om1@group-C5BA1605619E-LeaderElection32
2021-08-17 11:44:15,785 [om1@group-C5BA1605619E-LeaderElection32] INFO  server.RaftServer$Division (RaftServerImpl.java:setRole(285)) - om1@group-C5BA1605619E: changes role from CANDIDATE to LEADER at term 1 for changeToLeader
2021-08-17 11:44:15,785 [om1@group-C5BA1605619E-LeaderElection32] INFO  server.RaftServer$Division (ServerState.java:setLeader(285)) - om1@group-C5BA1605619E: change Leader from null to om1 at term 1 for becomeLeader, leader elected after 1275ms
2021-08-17 11:44:15,785 [om1@group-C5BA1605619E-LeaderElection32] INFO  server.RaftServerConfigKeys (ConfUtils.java:logGet(44)) - raft.server.staging.catchup.gap = 1000 (default)
2021-08-17 11:44:15,785 [om1@group-C5BA1605619E-LeaderElection32] INFO  server.RaftServerConfigKeys (ConfUtils.java:logGet(44)) - raft.server.write.element-limit = 4096 (default)
2021-08-17 11:44:15,785 [om1@group-C5BA1605619E-LeaderElection32] INFO  server.RaftServerConfigKeys (ConfUtils.java:logGet(44)) - raft.server.write.byte-limit = 64MB (=67108864) (default)
2021-08-17 11:44:15,785 [om1@group-C5BA1605619E-LeaderElection32] INFO  server.RaftServerConfigKeys (ConfUtils.java:logGet(44)) - raft.server.watch.timeout = 10s (default)
2021-08-17 11:44:15,785 [om1@group-C5BA1605619E-LeaderElection32] INFO  server.RaftServerConfigKeys (ConfUtils.java:logGet(44)) - raft.server.watch.timeout.denomination = 1s (default)
2021-08-17 11:44:15,785 [om1@group-C5BA1605619E-LeaderElection32] INFO  server.RaftServerConfigKeys (ConfUtils.java:logGet(44)) - raft.server.watch.element-limit = 65536 (default)
2021-08-17 11:44:15,785 [om1@group-C5BA1605619E-LeaderElection32] INFO  impl.RoleInfo (RoleInfo.java:updateAndGet(130)) - om1: start om1@group-C5BA1605619E-LeaderStateImpl
2021-08-17 11:44:15,786 [om1@group-C5BA1605619E-LeaderElection32] INFO  segmented.SegmentedRaftLogWorker (SegmentedRaftLogWorker.java:startLogSegment(394)) - om1@group-C5BA1605619E-SegmentedRaftLogWorker: Starting segment from index:0
2021-08-17 11:44:15,794 [Listener at 127.0.0.1/33323] INFO  volume.HddsVolume (HddsVolume.java:<init>(120)) - Creating HddsVolume: /home/runner/work/ozone/ozone/hadoop-ozone/integration-test/target/test-dir/MiniOzoneClusterImpl-3aa90084-af08-4299-bf83-992dfa8833c1/datanode-1/data-0/containers/hdds of storage type : DISK capacity : 9223372036854775807
2021-08-17 11:44:15,794 [Listener at 127.0.0.1/33323] INFO  volume.MutableVolumeSet (MutableVolumeSet.java:initializeVolumeSet(181)) - Added Volume : /home/runner/work/ozone/ozone/hadoop-ozone/integration-test/target/test-dir/MiniOzoneClusterImpl-3aa90084-af08-4299-bf83-992dfa8833c1/datanode-1/data-0/containers/hdds to VolumeSet
2021-08-17 11:44:15,794 [Listener at 127.0.0.1/33323] INFO  volume.ThrottledAsyncChecker (ThrottledAsyncChecker.java:schedule(141)) - Scheduling a check for /home/runner/work/ozone/ozone/hadoop-ozone/integration-test/target/test-dir/MiniOzoneClusterImpl-3aa90084-af08-4299-bf83-992dfa8833c1/datanode-1/data-0/containers/hdds
2021-08-17 11:44:15,803 [om1@group-C5BA1605619E-SegmentedRaftLogWorker] INFO  segmented.SegmentedRaftLogWorker (SegmentedRaftLogWorker.java:execute(601)) - om1@group-C5BA1605619E-SegmentedRaftLogWorker: created new log segment /home/runner/work/ozone/ozone/hadoop-ozone/integration-test/target/test-dir/MiniOzoneClusterImpl-3aa90084-af08-4299-bf83-992dfa8833c1/ozone-meta/ratis/bf265839-605b-3f16-9796-c5ba1605619e/current/log_inprogress_0
2021-08-17 11:44:15,804 [Listener at 127.0.0.1/33323] INFO  volume.StorageVolumeChecker (StorageVolumeChecker.java:checkAllVolumes(202)) - Scheduled health check for volume /home/runner/work/ozone/ozone/hadoop-ozone/integration-test/target/test-dir/MiniOzoneClusterImpl-3aa90084-af08-4299-bf83-992dfa8833c1/datanode-1/data-0/containers/hdds
2021-08-17 11:44:15,812 [om1@group-C5BA1605619E-LeaderElection32] INFO  server.RaftServer$Division (ServerState.java:setRaftConf(387)) - om1@group-C5BA1605619E: set configuration 0: [om1|rpc:localhost:9872|admin:|client:|dataStream:|priority:0], old=null
2021-08-17 11:44:15,818 [om1@group-C5BA1605619E-StateMachineUpdater] INFO  ratis.OzoneManagerStateMachine (OzoneManagerStateMachine.java:notifyConfigurationChanged(188)) - Received Configuration change notification from Ratis. New Peer list:
[id: "om1"
address: "localhost:9872"
]
2021-08-17 11:44:15,874 [Listener at 127.0.0.1/33323] INFO  volume.MutableVolumeSet (MutableVolumeSet.java:initializeVolumeSet(181)) - Added Volume : /home/runner/work/ozone/ozone/hadoop-ozone/integration-test/target/test-dir/MiniOzoneClusterImpl-3aa90084-af08-4299-bf83-992dfa8833c1/datanode-1/data/ratis to VolumeSet
2021-08-17 11:44:15,875 [Listener at 127.0.0.1/33323] INFO  volume.ThrottledAsyncChecker (ThrottledAsyncChecker.java:schedule(141)) - Scheduling a check for /home/runner/work/ozone/ozone/hadoop-ozone/integration-test/target/test-dir/MiniOzoneClusterImpl-3aa90084-af08-4299-bf83-992dfa8833c1/datanode-1/data/ratis
2021-08-17 11:44:15,875 [Listener at 127.0.0.1/33323] INFO  volume.StorageVolumeChecker (StorageVolumeChecker.java:checkAllVolumes(202)) - Scheduled health check for volume /home/runner/work/ozone/ozone/hadoop-ozone/integration-test/target/test-dir/MiniOzoneClusterImpl-3aa90084-af08-4299-bf83-992dfa8833c1/datanode-1/data/ratis
2021-08-17 11:44:15,943 [Listener at 127.0.0.1/33323] INFO  ozoneimpl.ContainerReader (ContainerReader.java:<init>(98)) - Running in upgrade mode:true
2021-08-17 11:44:15,947 [Thread-898] INFO  ozoneimpl.ContainerReader (ContainerReader.java:readVolume(142)) - Start to verify containers on volume /home/runner/work/ozone/ozone/hadoop-ozone/integration-test/target/test-dir/MiniOzoneClusterImpl-3aa90084-af08-4299-bf83-992dfa8833c1/datanode-1/data-0/containers/hdds
2021-08-17 11:44:15,955 [Thread-898] INFO  ozoneimpl.ContainerReader (ContainerReader.java:readVolume(174)) - Finish verifying containers on volume /home/runner/work/ozone/ozone/hadoop-ozone/integration-test/target/test-dir/MiniOzoneClusterImpl-3aa90084-af08-4299-bf83-992dfa8833c1/datanode-1/data-0/containers/hdds
2021-08-17 11:44:15,960 [Listener at 127.0.0.1/33323] INFO  ozoneimpl.OzoneContainer (OzoneContainer.java:buildContainerSet(237)) - Build ContainerSet costs 0s
2021-08-17 11:44:15,970 [Listener at 127.0.0.1/33323] INFO  server.RaftServer (ConfUtils.java:logGet(44)) - raft.rpc.type = GRPC (default)
2021-08-17 11:44:15,970 [Listener at 127.0.0.1/33323] INFO  grpc.GrpcFactory (GrpcFactory.java:checkPooledByteBufAllocatorUseCacheForAllThreads(48)) - PERFORMANCE WARNING: useCacheForAllThreads is true that may cause Netty to create a lot garbage objects and, as a result, trigger GC.
	It is recommended to disable useCacheForAllThreads by setting -Dorg.apache.ratis.thirdparty.io.netty.allocator.useCacheForAllThreads=false in command line.
2021-08-17 11:44:15,970 [Listener at 127.0.0.1/33323] INFO  grpc.GrpcConfigKeys (ConfUtils.java:logGet(44)) - raft.grpc.admin.port = 0 (custom)
2021-08-17 11:44:15,970 [Listener at 127.0.0.1/33323] INFO  grpc.GrpcConfigKeys (ConfUtils.java:logGet(44)) - raft.grpc.client.port = 0 (custom)
2021-08-17 11:44:15,970 [Listener at 127.0.0.1/33323] INFO  grpc.GrpcConfigKeys (ConfUtils.java:logGet(44)) - raft.grpc.server.port = 0 (default)
2021-08-17 11:44:15,971 [Listener at 127.0.0.1/33323] INFO  server.GrpcService (ConfUtils.java:logGet(44)) - raft.grpc.message.size.max = 32MB (=33554432) (custom)
2021-08-17 11:44:15,971 [Listener at 127.0.0.1/33323] INFO  server.RaftServerConfigKeys (ConfUtils.java:logGet(44)) - raft.server.log.appender.buffer.byte-limit = 33554432 (custom)
2021-08-17 11:44:15,971 [Listener at 127.0.0.1/33323] INFO  server.GrpcService (ConfUtils.java:logGet(44)) - raft.grpc.flow.control.window = 5MB (=5242880) (custom)
2021-08-17 11:44:15,971 [Listener at 127.0.0.1/33323] INFO  server.RaftServerConfigKeys (ConfUtils.java:logGet(44)) - raft.server.rpc.request.timeout = 60s (custom)
2021-08-17 11:44:15,972 [Listener at 127.0.0.1/33323] INFO  impl.DataStreamServerImpl (ConfUtils.java:logGet(44)) - raft.datastream.type = DISABLED (default)
2021-08-17 11:44:15,980 [Listener at 127.0.0.1/33323] INFO  server.RaftServerConfigKeys (ConfUtils.java:logGet(44)) - raft.server.rpc.slowness.timeout = 300s (custom)
2021-08-17 11:44:15,985 [Listener at 127.0.0.1/33323] INFO  server.RaftServerConfigKeys (ConfUtils.java:logGet(44)) - raft.server.leaderelection.leader.step-down.wait-time = 10s (default)
2021-08-17 11:44:15,985 [Listener at 127.0.0.1/33323] INFO  server.RaftServerConfigKeys (ConfUtils.java:logGet(44)) - raft.server.storage.dir = [/home/runner/work/ozone/ozone/hadoop-ozone/integration-test/target/test-dir/MiniOzoneClusterImpl-3aa90084-af08-4299-bf83-992dfa8833c1/datanode-1/data/ratis] (custom)
2021-08-17 11:44:16,021 [Listener at 127.0.0.1/33323] INFO  http.BaseHttpServer (BaseHttpServer.java:newHttpServer2BuilderForOzone(209)) - Starting Web-server for hddsDatanode at: http://0.0.0.0:0
2021-08-17 11:44:16,021 [Listener at 127.0.0.1/33323] INFO  http.BaseHttpServer (BaseHttpServer.java:<init>(107)) - Hadoop Security Enabled: false Ozone Security Enabled: false Ozone HTTP Security Enabled: false 
2021-08-17 11:44:16,022 [Listener at 127.0.0.1/33323] INFO  server.AuthenticationFilter (AuthenticationFilter.java:constructSecretProvider(240)) - Unable to initialize FileSignerSecretProvider, falling back to use random secrets.
2021-08-17 11:44:16,032 [Listener at 127.0.0.1/33323] WARN  http.HttpRequestLog (HttpRequestLog.java:getRequestLog(103)) - Jetty request log can only be enabled using Log4j
2021-08-17 11:44:16,040 [Listener at 127.0.0.1/33323] INFO  http.HttpServer2 (HttpServer2.java:addGlobalFilter(1020)) - Added global filter 'safety' (class=org.apache.hadoop.hdds.server.http.HttpServer2$QuotingInputFilter)
2021-08-17 11:44:16,041 [Listener at 127.0.0.1/33323] INFO  http.HttpServer2 (HttpServer2.java:addFilter(996)) - Added filter static_user_filter (class=org.apache.hadoop.http.lib.StaticUserWebFilter$StaticUserFilter) to context hddsDatanode
2021-08-17 11:44:16,052 [Listener at 127.0.0.1/33323] INFO  http.HttpServer2 (HttpServer2.java:addFilter(1004)) - Added filter static_user_filter (class=org.apache.hadoop.http.lib.StaticUserWebFilter$StaticUserFilter) to context static
2021-08-17 11:44:16,052 [Listener at 127.0.0.1/33323] INFO  http.HttpServer2 (HttpServer2.java:addFilter(1004)) - Added filter static_user_filter (class=org.apache.hadoop.http.lib.StaticUserWebFilter$StaticUserFilter) to context logs
2021-08-17 11:44:16,052 [Listener at 127.0.0.1/33323] INFO  http.HttpServer2 (HttpServer2.java:bindListener(1239)) - Jetty bound to port 45609
2021-08-17 11:44:16,053 [Listener at 127.0.0.1/33323] INFO  server.Server (Server.java:doStart(375)) - jetty-9.4.43.v20210629; built: 2021-06-30T11:07:22.254Z; git: 526006ecfa3af7f1a27ef3a288e2bef7ea9dd7e8; jvm 1.8.0_292-b10
2021-08-17 11:44:16,156 [Listener at 127.0.0.1/33323] INFO  server.session (DefaultSessionIdManager.java:doStart(334)) - DefaultSessionIdManager workerName=node0
2021-08-17 11:44:16,156 [Listener at 127.0.0.1/33323] INFO  server.session (DefaultSessionIdManager.java:doStart(339)) - No SessionScavenger set, using defaults
2021-08-17 11:44:16,156 [Listener at 127.0.0.1/33323] INFO  server.session (HouseKeeper.java:startScavenging(132)) - node0 Scavenging every 660000ms
2021-08-17 11:44:16,172 [Listener at 127.0.0.1/33323] INFO  handler.ContextHandler (ContextHandler.java:doStart(915)) - Started o.e.j.s.ServletContextHandler@1878604e{logs,/logs,file:///home/runner/work/ozone/ozone/hadoop-ozone/integration-test/target/log,AVAILABLE}
2021-08-17 11:44:16,173 [Listener at 127.0.0.1/33323] INFO  handler.ContextHandler (ContextHandler.java:doStart(915)) - Started o.e.j.s.ServletContextHandler@b8a362a{static,/static,jar:file:/home/runner/.m2/repository/org/apache/ozone/hdds-container-service/1.2.0-SNAPSHOT/hdds-container-service-1.2.0-SNAPSHOT.jar!/webapps/static,AVAILABLE}
2021-08-17 11:44:16,390 [Listener at 127.0.0.1/33323] INFO  handler.ContextHandler (ContextHandler.java:doStart(915)) - Started o.e.j.w.WebAppContext@5fb87e6{hddsDatanode,/,file:///tmp/jetty-0_0_0_0-45609-hdds-container-service-1_2_0-SNAPSHOT_jar-_-any-984831486070483859/webapp/,AVAILABLE}{jar:file:/home/runner/.m2/repository/org/apache/ozone/hdds-container-service/1.2.0-SNAPSHOT/hdds-container-service-1.2.0-SNAPSHOT.jar!/webapps/hddsDatanode}
2021-08-17 11:44:16,408 [Listener at 127.0.0.1/33323] INFO  server.AbstractConnector (AbstractConnector.java:doStart(331)) - Started ServerConnector@6b99cf13{HTTP/1.1, (http/1.1)}{0.0.0.0:45609}
2021-08-17 11:44:16,408 [Listener at 127.0.0.1/33323] INFO  server.Server (Server.java:doStart(415)) - Started @112832ms
2021-08-17 11:44:16,408 [Listener at 127.0.0.1/33323] WARN  impl.MetricsSystemImpl (MetricsSystemImpl.java:register(279)) - Sink prometheus already exists!
2021-08-17 11:44:16,420 [Listener at 127.0.0.1/33323] INFO  http.BaseHttpServer (BaseHttpServer.java:updateConnectorAddress(329)) - HTTP server of hddsDatanode listening at http://0.0.0.0:45609
2021-08-17 11:44:16,422 [Listener at 127.0.0.1/33323] WARN  impl.MetricRegistriesImpl (MetricRegistriesImpl.java:addReporterRegistration(111)) - New reporters are added after registries were created. Some metrics will be missing from the reporter. Please add reporter before adding any new registry.
2021-08-17 11:44:16,422 [Listener at 127.0.0.1/33323] WARN  impl.MetricRegistriesImpl (MetricRegistriesImpl.java:addReporterRegistration(111)) - New reporters are added after registries were created. Some metrics will be missing from the reporter. Please add reporter before adding any new registry.
2021-08-17 11:44:16,423 [Listener at 127.0.0.1/33323] INFO  impl.MetricsSystemImpl (MetricsSystemImpl.java:init(158)) - HddsDatanode metrics system started (again)
2021-08-17 11:44:16,520 [org.apache.hadoop.util.JvmPauseMonitor$Monitor@5f3e0eaf] INFO  util.JvmPauseMonitor (JvmPauseMonitor.java:run(188)) - Starting JVM pause monitor
2021-08-17 11:44:16,572 [Listener at 127.0.0.1/33323] INFO  ozone.HddsDatanodeService (HddsDatanodeService.java:start(234)) - HddsDatanodeService host:fv-az291-680.wgnan5asplgejimfprtllbpdch.jx.internal.cloudapp.net ip:10.1.0.21
2021-08-17 11:44:16,603 [Datanode State Machine Task Thread - 0] INFO  datanode.InitDatanodeState (InitDatanodeState.java:persistContainerDatanodeDetails(145)) - DatanodeDetails is persisted to /home/runner/work/ozone/ozone/hadoop-ozone/integration-test/target/test-dir/MiniOzoneClusterImpl-3aa90084-af08-4299-bf83-992dfa8833c1/datanode-1/meta/datanode.id
2021-08-17 11:44:16,629 [Listener at 127.0.0.1/33323] INFO  upgrade.AbstractLayoutVersionManager (AbstractLayoutVersionManager.java:init(70)) - Initializing Layout version manager with metadata layout = SCM_HA (version = 2), software layout = SCM_HA (version = 2)
2021-08-17 11:44:16,759 [Listener at 127.0.0.1/33323] INFO  reflections.Reflections (Reflections.java:scan(232)) - Reflections took 129 ms to scan 7 urls, producing 120 keys and 275 values 
2021-08-17 11:44:16,784 [Listener at 127.0.0.1/33323] INFO  volume.HddsVolume (HddsVolume.java:<init>(120)) - Creating HddsVolume: /home/runner/work/ozone/ozone/hadoop-ozone/integration-test/target/test-dir/MiniOzoneClusterImpl-3aa90084-af08-4299-bf83-992dfa8833c1/datanode-2/data-0/containers/hdds of storage type : DISK capacity : 9223372036854775807
2021-08-17 11:44:16,785 [Listener at 127.0.0.1/33323] INFO  volume.MutableVolumeSet (MutableVolumeSet.java:initializeVolumeSet(181)) - Added Volume : /home/runner/work/ozone/ozone/hadoop-ozone/integration-test/target/test-dir/MiniOzoneClusterImpl-3aa90084-af08-4299-bf83-992dfa8833c1/datanode-2/data-0/containers/hdds to VolumeSet
2021-08-17 11:44:16,785 [Listener at 127.0.0.1/33323] INFO  volume.ThrottledAsyncChecker (ThrottledAsyncChecker.java:schedule(141)) - Scheduling a check for /home/runner/work/ozone/ozone/hadoop-ozone/integration-test/target/test-dir/MiniOzoneClusterImpl-3aa90084-af08-4299-bf83-992dfa8833c1/datanode-2/data-0/containers/hdds
2021-08-17 11:44:16,785 [Listener at 127.0.0.1/33323] INFO  volume.StorageVolumeChecker (StorageVolumeChecker.java:checkAllVolumes(202)) - Scheduled health check for volume /home/runner/work/ozone/ozone/hadoop-ozone/integration-test/target/test-dir/MiniOzoneClusterImpl-3aa90084-af08-4299-bf83-992dfa8833c1/datanode-2/data-0/containers/hdds
2021-08-17 11:44:16,831 [Listener at 127.0.0.1/33323] INFO  volume.MutableVolumeSet (MutableVolumeSet.java:initializeVolumeSet(181)) - Added Volume : /home/runner/work/ozone/ozone/hadoop-ozone/integration-test/target/test-dir/MiniOzoneClusterImpl-3aa90084-af08-4299-bf83-992dfa8833c1/datanode-2/data/ratis to VolumeSet
2021-08-17 11:44:16,831 [Listener at 127.0.0.1/33323] INFO  volume.ThrottledAsyncChecker (ThrottledAsyncChecker.java:schedule(141)) - Scheduling a check for /home/runner/work/ozone/ozone/hadoop-ozone/integration-test/target/test-dir/MiniOzoneClusterImpl-3aa90084-af08-4299-bf83-992dfa8833c1/datanode-2/data/ratis
2021-08-17 11:44:16,831 [Listener at 127.0.0.1/33323] INFO  volume.StorageVolumeChecker (StorageVolumeChecker.java:checkAllVolumes(202)) - Scheduled health check for volume /home/runner/work/ozone/ozone/hadoop-ozone/integration-test/target/test-dir/MiniOzoneClusterImpl-3aa90084-af08-4299-bf83-992dfa8833c1/datanode-2/data/ratis
2021-08-17 11:44:16,862 [Listener at 127.0.0.1/33323] INFO  ozoneimpl.ContainerReader (ContainerReader.java:<init>(98)) - Running in upgrade mode:true
2021-08-17 11:44:16,863 [Thread-910] INFO  ozoneimpl.ContainerReader (ContainerReader.java:readVolume(142)) - Start to verify containers on volume /home/runner/work/ozone/ozone/hadoop-ozone/integration-test/target/test-dir/MiniOzoneClusterImpl-3aa90084-af08-4299-bf83-992dfa8833c1/datanode-2/data-0/containers/hdds
2021-08-17 11:44:16,863 [Thread-910] INFO  ozoneimpl.ContainerReader (ContainerReader.java:readVolume(174)) - Finish verifying containers on volume /home/runner/work/ozone/ozone/hadoop-ozone/integration-test/target/test-dir/MiniOzoneClusterImpl-3aa90084-af08-4299-bf83-992dfa8833c1/datanode-2/data-0/containers/hdds
2021-08-17 11:44:16,863 [Listener at 127.0.0.1/33323] INFO  ozoneimpl.OzoneContainer (OzoneContainer.java:buildContainerSet(237)) - Build ContainerSet costs 0s
2021-08-17 11:44:16,864 [Listener at 127.0.0.1/33323] INFO  server.RaftServer (ConfUtils.java:logGet(44)) - raft.rpc.type = GRPC (default)
2021-08-17 11:44:16,865 [Listener at 127.0.0.1/33323] INFO  grpc.GrpcFactory (GrpcFactory.java:checkPooledByteBufAllocatorUseCacheForAllThreads(48)) - PERFORMANCE WARNING: useCacheForAllThreads is true that may cause Netty to create a lot garbage objects and, as a result, trigger GC.
	It is recommended to disable useCacheForAllThreads by setting -Dorg.apache.ratis.thirdparty.io.netty.allocator.useCacheForAllThreads=false in command line.
2021-08-17 11:44:16,865 [Listener at 127.0.0.1/33323] INFO  grpc.GrpcConfigKeys (ConfUtils.java:logGet(44)) - raft.grpc.admin.port = 0 (custom)
2021-08-17 11:44:16,865 [Listener at 127.0.0.1/33323] INFO  grpc.GrpcConfigKeys (ConfUtils.java:logGet(44)) - raft.grpc.client.port = 0 (custom)
2021-08-17 11:44:16,865 [Listener at 127.0.0.1/33323] INFO  grpc.GrpcConfigKeys (ConfUtils.java:logGet(44)) - raft.grpc.server.port = 0 (default)
2021-08-17 11:44:16,865 [Listener at 127.0.0.1/33323] INFO  server.GrpcService (ConfUtils.java:logGet(44)) - raft.grpc.message.size.max = 32MB (=33554432) (custom)
2021-08-17 11:44:16,865 [Listener at 127.0.0.1/33323] INFO  server.RaftServerConfigKeys (ConfUtils.java:logGet(44)) - raft.server.log.appender.buffer.byte-limit = 33554432 (custom)
2021-08-17 11:44:16,865 [Listener at 127.0.0.1/33323] INFO  server.GrpcService (ConfUtils.java:logGet(44)) - raft.grpc.flow.control.window = 5MB (=5242880) (custom)
2021-08-17 11:44:16,865 [Listener at 127.0.0.1/33323] INFO  server.RaftServerConfigKeys (ConfUtils.java:logGet(44)) - raft.server.rpc.request.timeout = 60s (custom)
2021-08-17 11:44:16,866 [Listener at 127.0.0.1/33323] INFO  impl.DataStreamServerImpl (ConfUtils.java:logGet(44)) - raft.datastream.type = DISABLED (default)
2021-08-17 11:44:16,866 [Listener at 127.0.0.1/33323] INFO  server.RaftServerConfigKeys (ConfUtils.java:logGet(44)) - raft.server.rpc.slowness.timeout = 300s (custom)
2021-08-17 11:44:16,866 [Listener at 127.0.0.1/33323] INFO  server.RaftServerConfigKeys (ConfUtils.java:logGet(44)) - raft.server.leaderelection.leader.step-down.wait-time = 10s (default)
2021-08-17 11:44:16,867 [Listener at 127.0.0.1/33323] INFO  server.RaftServerConfigKeys (ConfUtils.java:logGet(44)) - raft.server.storage.dir = [/home/runner/work/ozone/ozone/hadoop-ozone/integration-test/target/test-dir/MiniOzoneClusterImpl-3aa90084-af08-4299-bf83-992dfa8833c1/datanode-2/data/ratis] (custom)
2021-08-17 11:44:16,869 [Listener at 127.0.0.1/33323] INFO  http.BaseHttpServer (BaseHttpServer.java:newHttpServer2BuilderForOzone(209)) - Starting Web-server for hddsDatanode at: http://0.0.0.0:0
2021-08-17 11:44:16,869 [Listener at 127.0.0.1/33323] INFO  http.BaseHttpServer (BaseHttpServer.java:<init>(107)) - Hadoop Security Enabled: false Ozone Security Enabled: false Ozone HTTP Security Enabled: false 
2021-08-17 11:44:16,870 [Listener at 127.0.0.1/33323] INFO  server.AuthenticationFilter (AuthenticationFilter.java:constructSecretProvider(240)) - Unable to initialize FileSignerSecretProvider, falling back to use random secrets.
2021-08-17 11:44:16,873 [Listener at 127.0.0.1/33323] WARN  http.HttpRequestLog (HttpRequestLog.java:getRequestLog(103)) - Jetty request log can only be enabled using Log4j
2021-08-17 11:44:16,873 [Listener at 127.0.0.1/33323] INFO  http.HttpServer2 (HttpServer2.java:addGlobalFilter(1020)) - Added global filter 'safety' (class=org.apache.hadoop.hdds.server.http.HttpServer2$QuotingInputFilter)
2021-08-17 11:44:16,873 [Listener at 127.0.0.1/33323] INFO  http.HttpServer2 (HttpServer2.java:addFilter(996)) - Added filter static_user_filter (class=org.apache.hadoop.http.lib.StaticUserWebFilter$StaticUserFilter) to context hddsDatanode
2021-08-17 11:44:16,874 [Listener at 127.0.0.1/33323] INFO  http.HttpServer2 (HttpServer2.java:addFilter(1004)) - Added filter static_user_filter (class=org.apache.hadoop.http.lib.StaticUserWebFilter$StaticUserFilter) to context logs
2021-08-17 11:44:16,874 [Listener at 127.0.0.1/33323] INFO  http.HttpServer2 (HttpServer2.java:addFilter(1004)) - Added filter static_user_filter (class=org.apache.hadoop.http.lib.StaticUserWebFilter$StaticUserFilter) to context static
2021-08-17 11:44:16,874 [Listener at 127.0.0.1/33323] INFO  http.HttpServer2 (HttpServer2.java:bindListener(1239)) - Jetty bound to port 45243
2021-08-17 11:44:16,874 [Listener at 127.0.0.1/33323] INFO  server.Server (Server.java:doStart(375)) - jetty-9.4.43.v20210629; built: 2021-06-30T11:07:22.254Z; git: 526006ecfa3af7f1a27ef3a288e2bef7ea9dd7e8; jvm 1.8.0_292-b10
2021-08-17 11:44:16,875 [Listener at 127.0.0.1/33323] INFO  server.session (DefaultSessionIdManager.java:doStart(334)) - DefaultSessionIdManager workerName=node0
2021-08-17 11:44:16,875 [Listener at 127.0.0.1/33323] INFO  server.session (DefaultSessionIdManager.java:doStart(339)) - No SessionScavenger set, using defaults
2021-08-17 11:44:16,875 [Listener at 127.0.0.1/33323] INFO  server.session (HouseKeeper.java:startScavenging(132)) - node0 Scavenging every 600000ms
2021-08-17 11:44:16,876 [Listener at 127.0.0.1/33323] INFO  handler.ContextHandler (ContextHandler.java:doStart(915)) - Started o.e.j.s.ServletContextHandler@2a41d430{logs,/logs,file:///home/runner/work/ozone/ozone/hadoop-ozone/integration-test/target/log,AVAILABLE}
2021-08-17 11:44:16,876 [Listener at 127.0.0.1/33323] INFO  handler.ContextHandler (ContextHandler.java:doStart(915)) - Started o.e.j.s.ServletContextHandler@333016ca{static,/static,jar:file:/home/runner/.m2/repository/org/apache/ozone/hdds-container-service/1.2.0-SNAPSHOT/hdds-container-service-1.2.0-SNAPSHOT.jar!/webapps/static,AVAILABLE}
2021-08-17 11:44:16,940 [Listener at 127.0.0.1/33323] INFO  handler.ContextHandler (ContextHandler.java:doStart(915)) - Started o.e.j.w.WebAppContext@1e20fbcf{hddsDatanode,/,file:///tmp/jetty-0_0_0_0-45243-hdds-container-service-1_2_0-SNAPSHOT_jar-_-any-2538121720666391273/webapp/,AVAILABLE}{jar:file:/home/runner/.m2/repository/org/apache/ozone/hdds-container-service/1.2.0-SNAPSHOT/hdds-container-service-1.2.0-SNAPSHOT.jar!/webapps/hddsDatanode}
2021-08-17 11:44:16,968 [Listener at 127.0.0.1/33323] INFO  server.AbstractConnector (AbstractConnector.java:doStart(331)) - Started ServerConnector@3c16ee1d{HTTP/1.1, (http/1.1)}{0.0.0.0:45243}
2021-08-17 11:44:16,968 [Listener at 127.0.0.1/33323] INFO  server.Server (Server.java:doStart(415)) - Started @113392ms
2021-08-17 11:44:16,968 [Listener at 127.0.0.1/33323] WARN  impl.MetricsSystemImpl (MetricsSystemImpl.java:register(279)) - Sink prometheus already exists!
2021-08-17 11:44:16,969 [Listener at 127.0.0.1/33323] INFO  http.BaseHttpServer (BaseHttpServer.java:updateConnectorAddress(329)) - HTTP server of hddsDatanode listening at http://0.0.0.0:45243
2021-08-17 11:44:16,975 [Listener at 127.0.0.1/33323] INFO  ozone.MiniOzoneClusterImpl (MiniOzoneClusterImpl.java:lambda$waitForClusterToBeReady$0(235)) - Waiting for nodes to be ready. Got 0 of 3 DN Heartbeats.
2021-08-17 11:44:16,975 [Listener at 127.0.0.1/33323] INFO  ozone.MiniOzoneClusterImpl (MiniOzoneClusterImpl.java:lambda$waitForClusterToBeReady$0(238)) - Waiting for cluster to exit safe mode
2021-08-17 11:44:16,975 [Listener at 127.0.0.1/33323] INFO  ozone.MiniOzoneClusterImpl (MiniOzoneClusterImpl.java:lambda$waitForClusterToBeReady$0(240)) - SCM became leader
2021-08-17 11:44:17,008 [org.apache.hadoop.util.JvmPauseMonitor$Monitor@746b7af5] INFO  util.JvmPauseMonitor (JvmPauseMonitor.java:run(188)) - Starting JVM pause monitor
2021-08-17 11:44:17,025 [Datanode State Machine Task Thread - 0] INFO  datanode.InitDatanodeState (InitDatanodeState.java:persistContainerDatanodeDetails(145)) - DatanodeDetails is persisted to /home/runner/work/ozone/ozone/hadoop-ozone/integration-test/target/test-dir/MiniOzoneClusterImpl-3aa90084-af08-4299-bf83-992dfa8833c1/datanode-2/meta/datanode.id
2021-08-17 11:44:17,688 [EndpointStateMachine task thread for /0.0.0.0:37863 - 0 ] INFO  ozoneimpl.OzoneContainer (OzoneContainer.java:start(305)) - Attempting to start container services.
2021-08-17 11:44:17,688 [EndpointStateMachine task thread for /0.0.0.0:37863 - 0 ] INFO  ozoneimpl.OzoneContainer (OzoneContainer.java:startContainerScrub(250)) - Background container scanner has been disabled.
2021-08-17 11:44:17,689 [EndpointStateMachine task thread for /0.0.0.0:37863 - 0 ] INFO  replication.ReplicationServer (ReplicationServer.java:start(106)) - ReplicationServer is started using port 41635
2021-08-17 11:44:17,693 [EndpointStateMachine task thread for /0.0.0.0:37863 - 0 ] INFO  ratis.XceiverServerRatis (XceiverServerRatis.java:start(482)) - Starting XceiverServerRatis 06b1e515-8a0e-4448-8d82-5bc90e0fbeba
2021-08-17 11:44:17,696 [EndpointStateMachine task thread for /0.0.0.0:37863 - 0 ] INFO  server.RaftServer (RaftServerProxy.java:lambda$start$5(374)) - 06b1e515-8a0e-4448-8d82-5bc90e0fbeba: start RPC server
2021-08-17 11:44:17,701 [EndpointStateMachine task thread for /0.0.0.0:37863 - 0 ] INFO  server.GrpcService (GrpcService.java:startImpl(253)) - 06b1e515-8a0e-4448-8d82-5bc90e0fbeba: GrpcService started, listening on 43961
2021-08-17 11:44:17,704 [EndpointStateMachine task thread for /0.0.0.0:37863 - 0 ] INFO  ratis.XceiverServerRatis (XceiverServerRatis.java:getRealPort(503)) - XceiverServerRatis 06b1e515-8a0e-4448-8d82-5bc90e0fbeba is started using port 43961 for RATIS
2021-08-17 11:44:17,704 [EndpointStateMachine task thread for /0.0.0.0:37863 - 0 ] INFO  ratis.XceiverServerRatis (XceiverServerRatis.java:getRealPort(503)) - XceiverServerRatis 06b1e515-8a0e-4448-8d82-5bc90e0fbeba is started using port 43961 for RATIS_ADMIN
2021-08-17 11:44:17,704 [EndpointStateMachine task thread for /0.0.0.0:37863 - 0 ] INFO  ratis.XceiverServerRatis (XceiverServerRatis.java:getRealPort(503)) - XceiverServerRatis 06b1e515-8a0e-4448-8d82-5bc90e0fbeba is started using port 43961 for RATIS_SERVER
2021-08-17 11:44:17,704 [EndpointStateMachine task thread for /0.0.0.0:37863 - 0 ] INFO  server.XceiverServerGrpc (XceiverServerGrpc.java:start(135)) - XceiverServerGrpc 06b1e515-8a0e-4448-8d82-5bc90e0fbeba is started using port 35313
2021-08-17 11:44:17,739 [org.apache.ratis.util.JvmPauseMonitor$$Lambda$531/1079851550@53f2dfe3] INFO  util.JvmPauseMonitor (JvmPauseMonitor.java:run(103)) - JvmPauseMonitor-06b1e515-8a0e-4448-8d82-5bc90e0fbeba: Started
2021-08-17 11:44:17,975 [Listener at 127.0.0.1/33323] INFO  ozone.MiniOzoneClusterImpl (MiniOzoneClusterImpl.java:lambda$waitForClusterToBeReady$0(235)) - Waiting for nodes to be ready. Got 0 of 3 DN Heartbeats.
2021-08-17 11:44:17,975 [Listener at 127.0.0.1/33323] INFO  ozone.MiniOzoneClusterImpl (MiniOzoneClusterImpl.java:lambda$waitForClusterToBeReady$0(238)) - Waiting for cluster to exit safe mode
2021-08-17 11:44:17,975 [Listener at 127.0.0.1/33323] INFO  ozone.MiniOzoneClusterImpl (MiniOzoneClusterImpl.java:lambda$waitForClusterToBeReady$0(240)) - SCM became leader
2021-08-17 11:44:18,549 [EndpointStateMachine task thread for /0.0.0.0:37863 - 0 ] INFO  ozoneimpl.OzoneContainer (OzoneContainer.java:start(305)) - Attempting to start container services.
2021-08-17 11:44:18,549 [EndpointStateMachine task thread for /0.0.0.0:37863 - 0 ] INFO  ozoneimpl.OzoneContainer (OzoneContainer.java:startContainerScrub(250)) - Background container scanner has been disabled.
2021-08-17 11:44:18,557 [EndpointStateMachine task thread for /0.0.0.0:37863 - 0 ] INFO  replication.ReplicationServer (ReplicationServer.java:start(106)) - ReplicationServer is started using port 46125
2021-08-17 11:44:18,568 [EndpointStateMachine task thread for /0.0.0.0:37863 - 0 ] INFO  ratis.XceiverServerRatis (XceiverServerRatis.java:start(482)) - Starting XceiverServerRatis cdd1bc6e-a52c-4b83-9205-8b665f0a3658
2021-08-17 11:44:18,628 [EndpointStateMachine task thread for /0.0.0.0:37863 - 0 ] INFO  server.RaftServer (RaftServerProxy.java:lambda$start$5(374)) - cdd1bc6e-a52c-4b83-9205-8b665f0a3658: start RPC server
2021-08-17 11:44:18,629 [EndpointStateMachine task thread for /0.0.0.0:37863 - 0 ] INFO  server.GrpcService (GrpcService.java:startImpl(253)) - cdd1bc6e-a52c-4b83-9205-8b665f0a3658: GrpcService started, listening on 38573
2021-08-17 11:44:18,642 [EndpointStateMachine task thread for /0.0.0.0:37863 - 0 ] INFO  ratis.XceiverServerRatis (XceiverServerRatis.java:getRealPort(503)) - XceiverServerRatis cdd1bc6e-a52c-4b83-9205-8b665f0a3658 is started using port 38573 for RATIS
2021-08-17 11:44:18,642 [EndpointStateMachine task thread for /0.0.0.0:37863 - 0 ] INFO  ratis.XceiverServerRatis (XceiverServerRatis.java:getRealPort(503)) - XceiverServerRatis cdd1bc6e-a52c-4b83-9205-8b665f0a3658 is started using port 38573 for RATIS_ADMIN
2021-08-17 11:44:18,642 [EndpointStateMachine task thread for /0.0.0.0:37863 - 0 ] INFO  ratis.XceiverServerRatis (XceiverServerRatis.java:getRealPort(503)) - XceiverServerRatis cdd1bc6e-a52c-4b83-9205-8b665f0a3658 is started using port 38573 for RATIS_SERVER
2021-08-17 11:44:18,643 [EndpointStateMachine task thread for /0.0.0.0:37863 - 0 ] INFO  server.XceiverServerGrpc (XceiverServerGrpc.java:start(135)) - XceiverServerGrpc cdd1bc6e-a52c-4b83-9205-8b665f0a3658 is started using port 36045
2021-08-17 11:44:18,644 [org.apache.ratis.util.JvmPauseMonitor$$Lambda$531/1079851550@25432cc2] INFO  util.JvmPauseMonitor (JvmPauseMonitor.java:run(103)) - JvmPauseMonitor-cdd1bc6e-a52c-4b83-9205-8b665f0a3658: Started
2021-08-17 11:44:18,975 [Listener at 127.0.0.1/33323] INFO  ozone.MiniOzoneClusterImpl (MiniOzoneClusterImpl.java:lambda$waitForClusterToBeReady$0(235)) - Waiting for nodes to be ready. Got 0 of 3 DN Heartbeats.
2021-08-17 11:44:18,975 [Listener at 127.0.0.1/33323] INFO  ozone.MiniOzoneClusterImpl (MiniOzoneClusterImpl.java:lambda$waitForClusterToBeReady$0(238)) - Waiting for cluster to exit safe mode
2021-08-17 11:44:18,976 [Listener at 127.0.0.1/33323] INFO  ozone.MiniOzoneClusterImpl (MiniOzoneClusterImpl.java:lambda$waitForClusterToBeReady$0(240)) - SCM became leader
2021-08-17 11:44:19,036 [EndpointStateMachine task thread for /0.0.0.0:37863 - 0 ] INFO  ozoneimpl.OzoneContainer (OzoneContainer.java:start(305)) - Attempting to start container services.
2021-08-17 11:44:19,036 [EndpointStateMachine task thread for /0.0.0.0:37863 - 0 ] INFO  ozoneimpl.OzoneContainer (OzoneContainer.java:startContainerScrub(250)) - Background container scanner has been disabled.
2021-08-17 11:44:19,042 [EndpointStateMachine task thread for /0.0.0.0:37863 - 0 ] INFO  replication.ReplicationServer (ReplicationServer.java:start(106)) - ReplicationServer is started using port 33233
2021-08-17 11:44:19,043 [EndpointStateMachine task thread for /0.0.0.0:37863 - 0 ] INFO  ratis.XceiverServerRatis (XceiverServerRatis.java:start(482)) - Starting XceiverServerRatis 4240b545-6c07-448f-ac96-de7b778a6442
2021-08-17 11:44:19,044 [EndpointStateMachine task thread for /0.0.0.0:37863 - 0 ] INFO  server.RaftServer (RaftServerProxy.java:lambda$start$5(374)) - 4240b545-6c07-448f-ac96-de7b778a6442: start RPC server
2021-08-17 11:44:19,054 [EndpointStateMachine task thread for /0.0.0.0:37863 - 0 ] INFO  server.GrpcService (GrpcService.java:startImpl(253)) - 4240b545-6c07-448f-ac96-de7b778a6442: GrpcService started, listening on 45639
2021-08-17 11:44:19,057 [EndpointStateMachine task thread for /0.0.0.0:37863 - 0 ] INFO  ratis.XceiverServerRatis (XceiverServerRatis.java:getRealPort(503)) - XceiverServerRatis 4240b545-6c07-448f-ac96-de7b778a6442 is started using port 45639 for RATIS
2021-08-17 11:44:19,057 [EndpointStateMachine task thread for /0.0.0.0:37863 - 0 ] INFO  ratis.XceiverServerRatis (XceiverServerRatis.java:getRealPort(503)) - XceiverServerRatis 4240b545-6c07-448f-ac96-de7b778a6442 is started using port 45639 for RATIS_ADMIN
2021-08-17 11:44:19,057 [EndpointStateMachine task thread for /0.0.0.0:37863 - 0 ] INFO  ratis.XceiverServerRatis (XceiverServerRatis.java:getRealPort(503)) - XceiverServerRatis 4240b545-6c07-448f-ac96-de7b778a6442 is started using port 45639 for RATIS_SERVER
2021-08-17 11:44:19,057 [EndpointStateMachine task thread for /0.0.0.0:37863 - 0 ] INFO  server.XceiverServerGrpc (XceiverServerGrpc.java:start(135)) - XceiverServerGrpc 4240b545-6c07-448f-ac96-de7b778a6442 is started using port 37053
2021-08-17 11:44:19,058 [org.apache.ratis.util.JvmPauseMonitor$$Lambda$531/1079851550@30034d84] INFO  util.JvmPauseMonitor (JvmPauseMonitor.java:run(103)) - JvmPauseMonitor-4240b545-6c07-448f-ac96-de7b778a6442: Started
2021-08-17 11:44:19,600 [IPC Server handler 1 on default port 37863] INFO  net.NetworkTopologyImpl (NetworkTopologyImpl.java:add(112)) - Added a new node: /default-rack/06b1e515-8a0e-4448-8d82-5bc90e0fbeba
2021-08-17 11:44:19,600 [IPC Server handler 1 on default port 37863] INFO  node.SCMNodeManager (SCMNodeManager.java:register(390)) - Registered Data node : 06b1e515-8a0e-4448-8d82-5bc90e0fbeba{ip: 10.1.0.21, host: fv-az291-680.wgnan5asplgejimfprtllbpdch.jx.internal.cloudapp.net, ports: [REPLICATION=41635, RATIS=43961, RATIS_ADMIN=43961, RATIS_SERVER=43961, STANDALONE=35313], networkLocation: /default-rack, certSerialId: null, persistedOpState: null, persistedOpStateExpiryEpochSec: 0}
2021-08-17 11:44:19,602 [EventQueue-NodeRegistrationContainerReportForDataNodeSafeModeRule] INFO  safemode.SCMSafeModeManager (DataNodeSafeModeRule.java:process(71)) - SCM in safe mode. 1 DataNodes registered, 3 required.
2021-08-17 11:44:19,602 [EventQueue-NodeRegistrationContainerReportForContainerSafeModeRule] INFO  safemode.SCMSafeModeManager (SCMSafeModeManager.java:validateSafeModeExitRules(204)) - ContainerSafeModeRule rule is successfully validated
2021-08-17 11:44:19,628 [EventQueue-NewNodeForNewNodeHandler] INFO  pipeline.BackgroundPipelineCreator (BackgroundPipelineCreatorV2.java:notifyEventTriggered(285)) - trigger a one-shot run on RatisPipelineUtilsThread.
2021-08-17 11:44:19,629 [RatisPipelineUtilsThread - 0] INFO  pipeline.RatisPipelineProvider (RatisPipelineProvider.java:lambda$create$0(183)) - Sending CreatePipelineCommand for pipeline:PipelineID=3f256d08-64eb-4f2a-b662-6c7a3995e763 to datanode:06b1e515-8a0e-4448-8d82-5bc90e0fbeba
2021-08-17 11:44:19,629 [EventQueue-PipelineReportForOneReplicaPipelineSafeModeRule] INFO  safemode.SCMSafeModeManager (SCMSafeModeManager.java:validateSafeModeExitRules(204)) - AtleastOneDatanodeReportedRule rule is successfully validated
2021-08-17 11:44:19,633 [RatisPipelineUtilsThread - 0] INFO  pipeline.PipelineStateManager (PipelineStateManagerV2Impl.java:addPipeline(101)) - Created pipeline Pipeline[ Id: 3f256d08-64eb-4f2a-b662-6c7a3995e763, Nodes: 06b1e515-8a0e-4448-8d82-5bc90e0fbeba{ip: 10.1.0.21, host: fv-az291-680.wgnan5asplgejimfprtllbpdch.jx.internal.cloudapp.net, ports: [REPLICATION=41635, RATIS=43961, RATIS_ADMIN=43961, RATIS_SERVER=43961, STANDALONE=35313], networkLocation: /default-rack, certSerialId: null, persistedOpState: IN_SERVICE, persistedOpStateExpiryEpochSec: 0}, ReplicationConfig: RATIS/ONE, State:ALLOCATED, leaderId:, CreationTimestamp2021-08-17T11:44:19.629Z[Etc/UTC]].
2021-08-17 11:44:19,976 [Listener at 127.0.0.1/33323] INFO  ozone.MiniOzoneClusterImpl (MiniOzoneClusterImpl.java:lambda$waitForClusterToBeReady$0(235)) - Waiting for nodes to be ready. Got 1 of 3 DN Heartbeats.
2021-08-17 11:44:19,976 [Listener at 127.0.0.1/33323] INFO  ozone.MiniOzoneClusterImpl (MiniOzoneClusterImpl.java:lambda$waitForClusterToBeReady$0(238)) - Waiting for cluster to exit safe mode
2021-08-17 11:44:19,976 [Listener at 127.0.0.1/33323] INFO  ozone.MiniOzoneClusterImpl (MiniOzoneClusterImpl.java:lambda$waitForClusterToBeReady$0(240)) - SCM became leader
2021-08-17 11:44:20,524 [IPC Server handler 1 on default port 37863] INFO  net.NetworkTopologyImpl (NetworkTopologyImpl.java:add(112)) - Added a new node: /default-rack/cdd1bc6e-a52c-4b83-9205-8b665f0a3658
2021-08-17 11:44:20,524 [IPC Server handler 1 on default port 37863] INFO  node.SCMNodeManager (SCMNodeManager.java:register(390)) - Registered Data node : cdd1bc6e-a52c-4b83-9205-8b665f0a3658{ip: 10.1.0.21, host: fv-az291-680.wgnan5asplgejimfprtllbpdch.jx.internal.cloudapp.net, ports: [REPLICATION=46125, RATIS=38573, RATIS_ADMIN=38573, RATIS_SERVER=38573, STANDALONE=36045], networkLocation: /default-rack, certSerialId: null, persistedOpState: null, persistedOpStateExpiryEpochSec: 0}
2021-08-17 11:44:20,524 [EventQueue-NewNodeForNewNodeHandler] INFO  pipeline.BackgroundPipelineCreator (BackgroundPipelineCreatorV2.java:notifyEventTriggered(285)) - trigger a one-shot run on RatisPipelineUtilsThread.
2021-08-17 11:44:20,532 [EventQueue-NodeRegistrationContainerReportForDataNodeSafeModeRule] INFO  safemode.SCMSafeModeManager (DataNodeSafeModeRule.java:process(71)) - SCM in safe mode. 2 DataNodes registered, 3 required.
2021-08-17 11:44:20,536 [RatisPipelineUtilsThread - 0] INFO  pipeline.RatisPipelineProvider (RatisPipelineProvider.java:lambda$create$0(183)) - Sending CreatePipelineCommand for pipeline:PipelineID=b293f434-5fce-4d3d-bf11-5bb2e7dfc0e0 to datanode:cdd1bc6e-a52c-4b83-9205-8b665f0a3658
2021-08-17 11:44:20,536 [RatisPipelineUtilsThread - 0] INFO  pipeline.PipelineStateManager (PipelineStateManagerV2Impl.java:addPipeline(101)) - Created pipeline Pipeline[ Id: b293f434-5fce-4d3d-bf11-5bb2e7dfc0e0, Nodes: cdd1bc6e-a52c-4b83-9205-8b665f0a3658{ip: 10.1.0.21, host: fv-az291-680.wgnan5asplgejimfprtllbpdch.jx.internal.cloudapp.net, ports: [REPLICATION=46125, RATIS=38573, RATIS_ADMIN=38573, RATIS_SERVER=38573, STANDALONE=36045], networkLocation: /default-rack, certSerialId: null, persistedOpState: IN_SERVICE, persistedOpStateExpiryEpochSec: 0}, ReplicationConfig: RATIS/ONE, State:ALLOCATED, leaderId:, CreationTimestamp2021-08-17T11:44:20.536Z[Etc/UTC]].
2021-08-17 11:44:20,976 [Listener at 127.0.0.1/33323] INFO  ozone.MiniOzoneClusterImpl (MiniOzoneClusterImpl.java:lambda$waitForClusterToBeReady$0(235)) - Waiting for nodes to be ready. Got 2 of 3 DN Heartbeats.
2021-08-17 11:44:20,976 [Listener at 127.0.0.1/33323] INFO  ozone.MiniOzoneClusterImpl (MiniOzoneClusterImpl.java:lambda$waitForClusterToBeReady$0(238)) - Waiting for cluster to exit safe mode
2021-08-17 11:44:20,976 [Listener at 127.0.0.1/33323] INFO  ozone.MiniOzoneClusterImpl (MiniOzoneClusterImpl.java:lambda$waitForClusterToBeReady$0(240)) - SCM became leader
2021-08-17 11:44:21,010 [IPC Server handler 0 on default port 37863] INFO  net.NetworkTopologyImpl (NetworkTopologyImpl.java:add(112)) - Added a new node: /default-rack/4240b545-6c07-448f-ac96-de7b778a6442
2021-08-17 11:44:21,010 [IPC Server handler 0 on default port 37863] INFO  node.SCMNodeManager (SCMNodeManager.java:register(390)) - Registered Data node : 4240b545-6c07-448f-ac96-de7b778a6442{ip: 10.1.0.21, host: fv-az291-680.wgnan5asplgejimfprtllbpdch.jx.internal.cloudapp.net, ports: [REPLICATION=33233, RATIS=45639, RATIS_ADMIN=45639, RATIS_SERVER=45639, STANDALONE=37053], networkLocation: /default-rack, certSerialId: null, persistedOpState: null, persistedOpStateExpiryEpochSec: 0}
2021-08-17 11:44:21,010 [EventQueue-NewNodeForNewNodeHandler] INFO  pipeline.BackgroundPipelineCreator (BackgroundPipelineCreatorV2.java:notifyEventTriggered(285)) - trigger a one-shot run on RatisPipelineUtilsThread.
2021-08-17 11:44:21,016 [RatisPipelineUtilsThread - 0] INFO  pipeline.RatisPipelineProvider (RatisPipelineProvider.java:lambda$create$0(183)) - Sending CreatePipelineCommand for pipeline:PipelineID=ce60ac08-aaab-4afe-b309-f9b8cc9bf630 to datanode:4240b545-6c07-448f-ac96-de7b778a6442
2021-08-17 11:44:21,016 [EventQueue-NodeRegistrationContainerReportForDataNodeSafeModeRule] INFO  safemode.SCMSafeModeManager (DataNodeSafeModeRule.java:process(71)) - SCM in safe mode. 3 DataNodes registered, 3 required.
2021-08-17 11:44:21,016 [EventQueue-NodeRegistrationContainerReportForDataNodeSafeModeRule] INFO  safemode.SCMSafeModeManager (SCMSafeModeManager.java:validateSafeModeExitRules(204)) - DataNodeSafeModeRule rule is successfully validated
2021-08-17 11:44:21,016 [EventQueue-NodeRegistrationContainerReportForDataNodeSafeModeRule] INFO  safemode.SCMSafeModeManager (SCMSafeModeManager.java:completePreCheck(233)) - All SCM safe mode pre check rules have passed
2021-08-17 11:44:21,016 [EventQueue-NodeRegistrationContainerReportForDataNodeSafeModeRule] WARN  events.EventQueue (EventQueue.java:fireEvent(194)) - No event handler registered for event TypedEvent{payloadType=SafeModeStatus, name='Safe mode status'}
2021-08-17 11:44:21,016 [EventQueue-NodeRegistrationContainerReportForDataNodeSafeModeRule] INFO  ha.SCMContext (SCMContext.java:updateSafeModeStatus(205)) - Update SafeModeStatus from SafeModeStatus{safeModeStatus=true, preCheckPassed=false} to SafeModeStatus{safeModeStatus=true, preCheckPassed=true}.
2021-08-17 11:44:21,016 [EventQueue-NodeRegistrationContainerReportForDataNodeSafeModeRule] INFO  pipeline.BackgroundPipelineCreator (BackgroundPipelineCreatorV2.java:notifyEventTriggered(285)) - trigger a one-shot run on RatisPipelineUtilsThread.
2021-08-17 11:44:21,016 [RatisPipelineUtilsThread - 0] INFO  pipeline.PipelineStateManager (PipelineStateManagerV2Impl.java:addPipeline(101)) - Created pipeline Pipeline[ Id: ce60ac08-aaab-4afe-b309-f9b8cc9bf630, Nodes: 4240b545-6c07-448f-ac96-de7b778a6442{ip: 10.1.0.21, host: fv-az291-680.wgnan5asplgejimfprtllbpdch.jx.internal.cloudapp.net, ports: [REPLICATION=33233, RATIS=45639, RATIS_ADMIN=45639, RATIS_SERVER=45639, STANDALONE=37053], networkLocation: /default-rack, certSerialId: null, persistedOpState: IN_SERVICE, persistedOpStateExpiryEpochSec: 0}, ReplicationConfig: RATIS/ONE, State:ALLOCATED, leaderId:, CreationTimestamp2021-08-17T11:44:21.016Z[Etc/UTC]].
2021-08-17 11:44:21,016 [RatisPipelineUtilsThread - 0] INFO  pipeline.RatisPipelineProvider (RatisPipelineProvider.java:lambda$create$0(183)) - Sending CreatePipelineCommand for pipeline:PipelineID=348c54e6-8517-4ca6-a3f5-d2e2b342a4c3 to datanode:cdd1bc6e-a52c-4b83-9205-8b665f0a3658
2021-08-17 11:44:21,016 [RatisPipelineUtilsThread - 0] INFO  pipeline.RatisPipelineProvider (RatisPipelineProvider.java:lambda$create$0(183)) - Sending CreatePipelineCommand for pipeline:PipelineID=348c54e6-8517-4ca6-a3f5-d2e2b342a4c3 to datanode:06b1e515-8a0e-4448-8d82-5bc90e0fbeba
2021-08-17 11:44:21,017 [RatisPipelineUtilsThread - 0] INFO  pipeline.RatisPipelineProvider (RatisPipelineProvider.java:lambda$create$0(183)) - Sending CreatePipelineCommand for pipeline:PipelineID=348c54e6-8517-4ca6-a3f5-d2e2b342a4c3 to datanode:4240b545-6c07-448f-ac96-de7b778a6442
2021-08-17 11:44:21,017 [RatisPipelineUtilsThread - 0] INFO  pipeline.PipelineStateManager (PipelineStateManagerV2Impl.java:addPipeline(101)) - Created pipeline Pipeline[ Id: 348c54e6-8517-4ca6-a3f5-d2e2b342a4c3, Nodes: cdd1bc6e-a52c-4b83-9205-8b665f0a3658{ip: 10.1.0.21, host: fv-az291-680.wgnan5asplgejimfprtllbpdch.jx.internal.cloudapp.net, ports: [REPLICATION=46125, RATIS=38573, RATIS_ADMIN=38573, RATIS_SERVER=38573, STANDALONE=36045], networkLocation: /default-rack, certSerialId: null, persistedOpState: IN_SERVICE, persistedOpStateExpiryEpochSec: 0}06b1e515-8a0e-4448-8d82-5bc90e0fbeba{ip: 10.1.0.21, host: fv-az291-680.wgnan5asplgejimfprtllbpdch.jx.internal.cloudapp.net, ports: [REPLICATION=41635, RATIS=43961, RATIS_ADMIN=43961, RATIS_SERVER=43961, STANDALONE=35313], networkLocation: /default-rack, certSerialId: null, persistedOpState: IN_SERVICE, persistedOpStateExpiryEpochSec: 0}4240b545-6c07-448f-ac96-de7b778a6442{ip: 10.1.0.21, host: fv-az291-680.wgnan5asplgejimfprtllbpdch.jx.internal.cloudapp.net, ports: [REPLICATION=33233, RATIS=45639, RATIS_ADMIN=45639, RATIS_SERVER=45639, STANDALONE=37053], networkLocation: /default-rack, certSerialId: null, persistedOpState: IN_SERVICE, persistedOpStateExpiryEpochSec: 0}, ReplicationConfig: RATIS/THREE, State:ALLOCATED, leaderId:, CreationTimestamp2021-08-17T11:44:21.016Z[Etc/UTC]].
2021-08-17 11:44:21,017 [RatisPipelineUtilsThread - 0] INFO  pipeline.RatisPipelineProvider (RatisPipelineProvider.java:lambda$create$0(183)) - Sending CreatePipelineCommand for pipeline:PipelineID=626c0933-ea74-4d1d-9f5e-3fa22e84ead5 to datanode:cdd1bc6e-a52c-4b83-9205-8b665f0a3658
2021-08-17 11:44:21,017 [RatisPipelineUtilsThread - 0] INFO  pipeline.RatisPipelineProvider (RatisPipelineProvider.java:lambda$create$0(183)) - Sending CreatePipelineCommand for pipeline:PipelineID=626c0933-ea74-4d1d-9f5e-3fa22e84ead5 to datanode:06b1e515-8a0e-4448-8d82-5bc90e0fbeba
2021-08-17 11:44:21,017 [RatisPipelineUtilsThread - 0] INFO  pipeline.RatisPipelineProvider (RatisPipelineProvider.java:lambda$create$0(183)) - Sending CreatePipelineCommand for pipeline:PipelineID=626c0933-ea74-4d1d-9f5e-3fa22e84ead5 to datanode:4240b545-6c07-448f-ac96-de7b778a6442
2021-08-17 11:44:21,019 [RatisPipelineUtilsThread - 0] INFO  pipeline.PipelineStateManager (PipelineStateManagerV2Impl.java:addPipeline(101)) - Created pipeline Pipeline[ Id: 626c0933-ea74-4d1d-9f5e-3fa22e84ead5, Nodes: cdd1bc6e-a52c-4b83-9205-8b665f0a3658{ip: 10.1.0.21, host: fv-az291-680.wgnan5asplgejimfprtllbpdch.jx.internal.cloudapp.net, ports: [REPLICATION=46125, RATIS=38573, RATIS_ADMIN=38573, RATIS_SERVER=38573, STANDALONE=36045], networkLocation: /default-rack, certSerialId: null, persistedOpState: IN_SERVICE, persistedOpStateExpiryEpochSec: 0}06b1e515-8a0e-4448-8d82-5bc90e0fbeba{ip: 10.1.0.21, host: fv-az291-680.wgnan5asplgejimfprtllbpdch.jx.internal.cloudapp.net, ports: [REPLICATION=41635, RATIS=43961, RATIS_ADMIN=43961, RATIS_SERVER=43961, STANDALONE=35313], networkLocation: /default-rack, certSerialId: null, persistedOpState: IN_SERVICE, persistedOpStateExpiryEpochSec: 0}4240b545-6c07-448f-ac96-de7b778a6442{ip: 10.1.0.21, host: fv-az291-680.wgnan5asplgejimfprtllbpdch.jx.internal.cloudapp.net, ports: [REPLICATION=33233, RATIS=45639, RATIS_ADMIN=45639, RATIS_SERVER=45639, STANDALONE=37053], networkLocation: /default-rack, certSerialId: null, persistedOpState: IN_SERVICE, persistedOpStateExpiryEpochSec: 0}, ReplicationConfig: RATIS/THREE, State:ALLOCATED, leaderId:, CreationTimestamp2021-08-17T11:44:21.017Z[Etc/UTC]].
2021-08-17 11:44:21,019 [RatisPipelineUtilsThread - 0] INFO  pipeline.PipelineManagerImpl (PipelineManagerImpl.java:recordMetricsForPipeline(614)) - Pipeline: PipelineID=626c0933-ea74-4d1d-9f5e-3fa22e84ead5 contains same datanodes as previous pipelines: PipelineID=348c54e6-8517-4ca6-a3f5-d2e2b342a4c3 nodeIds: cdd1bc6e-a52c-4b83-9205-8b665f0a3658, 06b1e515-8a0e-4448-8d82-5bc90e0fbeba, 4240b545-6c07-448f-ac96-de7b778a6442
2021-08-17 11:44:21,980 [Listener at 127.0.0.1/33323] INFO  ozone.MiniOzoneClusterImpl (MiniOzoneClusterImpl.java:lambda$waitForClusterToBeReady$0(235)) - Nodes are ready. Got 3 of 3 DN Heartbeats.
2021-08-17 11:44:21,980 [Listener at 127.0.0.1/33323] INFO  ozone.MiniOzoneClusterImpl (MiniOzoneClusterImpl.java:lambda$waitForClusterToBeReady$0(238)) - Waiting for cluster to exit safe mode
2021-08-17 11:44:21,980 [Listener at 127.0.0.1/33323] INFO  ozone.MiniOzoneClusterImpl (MiniOzoneClusterImpl.java:lambda$waitForClusterToBeReady$0(240)) - SCM became leader
2021-08-17 11:44:22,598 [Command processor thread] INFO  server.RaftServer (RaftServerProxy.java:addNew(95)) - 06b1e515-8a0e-4448-8d82-5bc90e0fbeba: addNew group-6C7A3995E763:[06b1e515-8a0e-4448-8d82-5bc90e0fbeba|rpc:10.1.0.21:43961|priority:1] returns group-6C7A3995E763:java.util.concurrent.CompletableFuture@5772cadd[Not completed]
2021-08-17 11:44:22,609 [pool-373-thread-1] INFO  server.RaftServer$Division (RaftServerImpl.java:<init>(181)) - 06b1e515-8a0e-4448-8d82-5bc90e0fbeba: new RaftServerImpl for group-6C7A3995E763:[06b1e515-8a0e-4448-8d82-5bc90e0fbeba|rpc:10.1.0.21:43961|priority:1] with ContainerStateMachine:uninitialized
2021-08-17 11:44:22,620 [pool-373-thread-1] INFO  server.RaftServerConfigKeys (ConfUtils.java:logGet(44)) - raft.server.rpc.timeout.min = 5s (custom)
2021-08-17 11:44:22,630 [pool-373-thread-1] INFO  server.RaftServerConfigKeys (ConfUtils.java:logGet(44)) - raft.server.rpc.timeout.max = 5200ms (custom)
2021-08-17 11:44:22,630 [pool-373-thread-1] INFO  server.RaftServerConfigKeys (ConfUtils.java:logGet(44)) - raft.server.rpc.sleep.time = 25ms (default)
2021-08-17 11:44:22,630 [pool-373-thread-1] INFO  server.RaftServerConfigKeys (ConfUtils.java:logGet(44)) - raft.server.rpc.slowness.timeout = 300s (custom)
2021-08-17 11:44:22,630 [pool-373-thread-1] INFO  server.RaftServerConfigKeys (ConfUtils.java:logGet(44)) - raft.server.leaderelection.leader.step-down.wait-time = 10s (default)
2021-08-17 11:44:22,630 [pool-373-thread-1] INFO  server.RaftServerConfigKeys (ConfUtils.java:logGet(44)) - raft.server.sleep.deviation.threshold = 300ms (default)
2021-08-17 11:44:22,630 [pool-373-thread-1] INFO  server.RaftServerConfigKeys (ConfUtils.java:logGet(44)) - raft.server.log.appender.install.snapshot.enabled = false (custom)
2021-08-17 11:44:22,630 [pool-373-thread-1] INFO  server.RaftServer$Division (ServerState.java:<init>(105)) - 06b1e515-8a0e-4448-8d82-5bc90e0fbeba@group-6C7A3995E763: ConfigurationManager, init=-1: [06b1e515-8a0e-4448-8d82-5bc90e0fbeba|rpc:10.1.0.21:43961|priority:1], old=null, confs=<EMPTY_MAP>
2021-08-17 11:44:22,630 [pool-373-thread-1] INFO  server.RaftServerConfigKeys (ConfUtils.java:logGet(44)) - raft.server.storage.dir = [/home/runner/work/ozone/ozone/hadoop-ozone/integration-test/target/test-dir/MiniOzoneClusterImpl-3aa90084-af08-4299-bf83-992dfa8833c1/datanode-0/data/ratis] (custom)
2021-08-17 11:44:22,631 [pool-373-thread-1] INFO  server.RaftServerConfigKeys (ConfUtils.java:logGet(44)) - raft.server.log.corruption.policy = EXCEPTION (default)
2021-08-17 11:44:22,631 [pool-373-thread-1] INFO  server.RaftServerConfigKeys (ConfUtils.java:logGet(44)) - raft.server.storage.free-space.min = 0MB (=0) (default)
2021-08-17 11:44:22,631 [pool-373-thread-1] INFO  storage.RaftStorageDirectory (RaftStorageDirectoryImpl.java:analyzeStorage(135)) - The storage directory /home/runner/work/ozone/ozone/hadoop-ozone/integration-test/target/test-dir/MiniOzoneClusterImpl-3aa90084-af08-4299-bf83-992dfa8833c1/datanode-0/data/ratis/3f256d08-64eb-4f2a-b662-6c7a3995e763 does not exist. Creating ...
2021-08-17 11:44:22,639 [pool-373-thread-1] INFO  storage.RaftStorageDirectory (RaftStorageDirectoryImpl.java:tryLock(230)) - Lock on /home/runner/work/ozone/ozone/hadoop-ozone/integration-test/target/test-dir/MiniOzoneClusterImpl-3aa90084-af08-4299-bf83-992dfa8833c1/datanode-0/data/ratis/3f256d08-64eb-4f2a-b662-6c7a3995e763/in_use.lock acquired by nodename 22106@fv-az291-680
2021-08-17 11:44:22,652 [pool-373-thread-1] INFO  storage.RaftStorage (RaftStorageImpl.java:format(89)) - Storage directory /home/runner/work/ozone/ozone/hadoop-ozone/integration-test/target/test-dir/MiniOzoneClusterImpl-3aa90084-af08-4299-bf83-992dfa8833c1/datanode-0/data/ratis/3f256d08-64eb-4f2a-b662-6c7a3995e763 has been successfully formatted.
2021-08-17 11:44:22,653 [pool-373-thread-1] INFO  ratis.ContainerStateMachine (ContainerStateMachine.java:loadSnapshot(225)) - group-6C7A3995E763: The snapshot info is null. Setting the last applied indexto:(t:0, i:~)
2021-08-17 11:44:22,653 [Datanode State Machine Thread - 0] WARN  statemachine.StateContext (StateContext.java:execute(621)) - No available thread in pool for past 1 seconds.
2021-08-17 11:44:22,653 [pool-373-thread-1] INFO  server.RaftServerConfigKeys (ConfUtils.java:logGet(44)) - raft.server.notification.no-leader.timeout = 300s (custom)
2021-08-17 11:44:22,653 [pool-373-thread-1] INFO  server.RaftServerConfigKeys (ConfUtils.java:logGet(44)) - raft.server.log.use.memory = false (default)
2021-08-17 11:44:22,653 [pool-373-thread-1] INFO  server.RaftServerConfigKeys (ConfUtils.java:logGet(44)) - raft.server.log.purge.gap = 1000000 (custom)
2021-08-17 11:44:22,653 [pool-373-thread-1] INFO  server.RaftServerConfigKeys (ConfUtils.java:logGet(44)) - raft.server.log.appender.buffer.byte-limit = 33554432 (custom)
2021-08-17 11:44:22,653 [pool-373-thread-1] INFO  server.RaftServerConfigKeys (ConfUtils.java:logGet(44)) - raft.server.log.segment.size.max = 1048576 (custom)
2021-08-17 11:44:22,654 [pool-373-thread-1] INFO  server.RaftServerConfigKeys (ConfUtils.java:logGet(44)) - raft.server.log.segment.cache.num.max = 2 (custom)
2021-08-17 11:44:22,654 [pool-373-thread-1] INFO  server.RaftServerConfigKeys (ConfUtils.java:logGet(44)) - raft.server.log.segment.cache.size.max = 200MB (=209715200) (default)
2021-08-17 11:44:22,654 [pool-373-thread-1] INFO  segmented.SegmentedRaftLogWorker (SegmentedRaftLogWorker.java:<init>(182)) - new 06b1e515-8a0e-4448-8d82-5bc90e0fbeba@group-6C7A3995E763-SegmentedRaftLogWorker for RaftStorageImpl:Storage Directory /home/runner/work/ozone/ozone/hadoop-ozone/integration-test/target/test-dir/MiniOzoneClusterImpl-3aa90084-af08-4299-bf83-992dfa8833c1/datanode-0/data/ratis/3f256d08-64eb-4f2a-b662-6c7a3995e763
2021-08-17 11:44:22,654 [pool-373-thread-1] INFO  server.RaftServerConfigKeys (ConfUtils.java:logGet(44)) - raft.server.log.queue.byte-limit = 2147483647 (custom)
2021-08-17 11:44:22,654 [pool-373-thread-1] INFO  server.RaftServerConfigKeys (ConfUtils.java:logGet(44)) - raft.server.log.queue.element-limit = 1024 (custom)
2021-08-17 11:44:22,654 [pool-373-thread-1] INFO  server.RaftServerConfigKeys (ConfUtils.java:logGet(44)) - raft.server.log.segment.size.max = 1048576 (custom)
2021-08-17 11:44:22,654 [pool-373-thread-1] INFO  server.RaftServerConfigKeys (ConfUtils.java:logGet(44)) - raft.server.log.preallocated.size = 16384 (custom)
2021-08-17 11:44:22,654 [pool-373-thread-1] INFO  server.RaftServerConfigKeys (ConfUtils.java:logGet(44)) - raft.server.log.force.sync.num = 128 (default)
2021-08-17 11:44:22,654 [pool-373-thread-1] INFO  server.RaftServerConfigKeys (ConfUtils.java:logGet(44)) - raft.server.log.statemachine.data.sync = true (default)
2021-08-17 11:44:22,654 [pool-373-thread-1] INFO  server.RaftServerConfigKeys (ConfUtils.java:logGet(44)) - raft.server.log.statemachine.data.sync.timeout = 10s (default)
2021-08-17 11:44:22,654 [pool-373-thread-1] INFO  server.RaftServerConfigKeys (ConfUtils.java:logGet(44)) - raft.server.log.statemachine.data.sync.timeout.retry = -1 (default)
2021-08-17 11:44:22,655 [pool-373-thread-1] INFO  server.RaftServerConfigKeys (ConfUtils.java:logGet(44)) - raft.server.log.write.buffer.size = 1048576 (custom)
2021-08-17 11:44:22,655 [pool-373-thread-1] INFO  server.RaftServerConfigKeys (ConfUtils.java:logGet(44)) - raft.server.log.statemachine.data.caching.enabled = true (custom)
2021-08-17 11:44:22,656 [pool-373-thread-1] INFO  segmented.SegmentedRaftLogWorker (SegmentedRaftLogWorker.java:lambda$new$0(133)) - 06b1e515-8a0e-4448-8d82-5bc90e0fbeba@group-6C7A3995E763-SegmentedRaftLogWorker: flushIndex: setUnconditionally 0 -> -1
2021-08-17 11:44:22,656 [pool-373-thread-1] INFO  segmented.SegmentedRaftLogWorker (SegmentedRaftLogWorker.java:lambda$new$0(133)) - 06b1e515-8a0e-4448-8d82-5bc90e0fbeba@group-6C7A3995E763-SegmentedRaftLogWorker: safeCacheEvictIndex: setUnconditionally 0 -> -1
2021-08-17 11:44:22,656 [pool-373-thread-1] INFO  server.RaftServerConfigKeys (ConfUtils.java:logGet(44)) - raft.server.snapshot.auto.trigger.enabled = true (custom)
2021-08-17 11:44:22,658 [pool-373-thread-1] INFO  server.RaftServerConfigKeys (ConfUtils.java:logGet(44)) - raft.server.snapshot.auto.trigger.threshold = 10000 (custom)
2021-08-17 11:44:22,658 [pool-373-thread-1] INFO  server.RaftServerConfigKeys (ConfUtils.java:logGet(44)) - raft.server.snapshot.retention.file.num = 5 (custom)
2021-08-17 11:44:22,658 [pool-373-thread-1] INFO  server.RaftServerConfigKeys (ConfUtils.java:logGet(44)) - raft.server.log.purge.upto.snapshot.index = false (default)
2021-08-17 11:44:22,658 [pool-373-thread-1] INFO  server.RaftServerConfigKeys (ConfUtils.java:logGet(44)) - raft.server.retrycache.expirytime = 600000ms (custom)
2021-08-17 11:44:22,658 [pool-373-thread-1] INFO  server.RaftServerConfigKeys (ConfUtils.java:logGet(44)) - raft.server.retrycache.statistics.expirytime = 100μs (default)
2021-08-17 11:44:22,659 [pool-373-thread-1] INFO  server.RaftServer$Division (RaftServerImpl.java:start(296)) - 06b1e515-8a0e-4448-8d82-5bc90e0fbeba@group-6C7A3995E763: start as a follower, conf=-1: [06b1e515-8a0e-4448-8d82-5bc90e0fbeba|rpc:10.1.0.21:43961|priority:1], old=null
2021-08-17 11:44:22,659 [pool-373-thread-1] INFO  server.RaftServer$Division (RaftServerImpl.java:setRole(285)) - 06b1e515-8a0e-4448-8d82-5bc90e0fbeba@group-6C7A3995E763: changes role from      null to FOLLOWER at term 0 for startAsFollower
2021-08-17 11:44:22,659 [pool-373-thread-1] INFO  impl.RoleInfo (RoleInfo.java:updateAndGet(130)) - 06b1e515-8a0e-4448-8d82-5bc90e0fbeba: start 06b1e515-8a0e-4448-8d82-5bc90e0fbeba@group-6C7A3995E763-FollowerState
2021-08-17 11:44:22,657 [EventQueue-PipelineReportForPipelineReportHandler] INFO  pipeline.PipelineManagerImpl (PipelineManagerImpl.java:openPipeline(283)) - Pipeline Pipeline[ Id: 3f256d08-64eb-4f2a-b662-6c7a3995e763, Nodes: 06b1e515-8a0e-4448-8d82-5bc90e0fbeba{ip: 10.1.0.21, host: fv-az291-680.wgnan5asplgejimfprtllbpdch.jx.internal.cloudapp.net, ports: [REPLICATION=41635, RATIS=43961, RATIS_ADMIN=43961, RATIS_SERVER=43961, STANDALONE=35313], networkLocation: /default-rack, certSerialId: null, persistedOpState: IN_SERVICE, persistedOpStateExpiryEpochSec: 0}, ReplicationConfig: RATIS/ONE, State:ALLOCATED, leaderId:06b1e515-8a0e-4448-8d82-5bc90e0fbeba, CreationTimestamp2021-08-17T11:44:19.629Z[Etc/UTC]] moved to OPEN state
2021-08-17 11:44:22,661 [pool-373-thread-1] INFO  util.JmxRegister (JmxRegister.java:tryRegister(44)) - Successfully registered JMX Bean with object name Ratis:service=RaftServer,group=group-6C7A3995E763,id=06b1e515-8a0e-4448-8d82-5bc90e0fbeba
2021-08-17 11:44:22,668 [Command processor thread] INFO  ratis.XceiverServerRatis (XceiverServerRatis.java:addGroup(763)) - Created group PipelineID=3f256d08-64eb-4f2a-b662-6c7a3995e763
2021-08-17 11:44:22,668 [Command processor thread] INFO  commandhandler.CreatePipelineCommandHandler (CreatePipelineCommandHandler.java:handle(106)) - Created Pipeline RATIS ONE PipelineID=3f256d08-64eb-4f2a-b662-6c7a3995e763.
2021-08-17 11:44:22,668 [Command processor thread] INFO  server.RaftServer (RaftServerProxy.java:addNew(95)) - 06b1e515-8a0e-4448-8d82-5bc90e0fbeba: addNew group-D2E2B342A4C3:[06b1e515-8a0e-4448-8d82-5bc90e0fbeba|rpc:10.1.0.21:43961|priority:0, cdd1bc6e-a52c-4b83-9205-8b665f0a3658|rpc:10.1.0.21:38573|priority:1, 4240b545-6c07-448f-ac96-de7b778a6442|rpc:10.1.0.21:45639|priority:0] returns group-D2E2B342A4C3:java.util.concurrent.CompletableFuture@534d54eb[Not completed]
2021-08-17 11:44:22,674 [pool-373-thread-1] INFO  server.RaftServer$Division (RaftServerImpl.java:<init>(181)) - 06b1e515-8a0e-4448-8d82-5bc90e0fbeba: new RaftServerImpl for group-D2E2B342A4C3:[06b1e515-8a0e-4448-8d82-5bc90e0fbeba|rpc:10.1.0.21:43961|priority:0, cdd1bc6e-a52c-4b83-9205-8b665f0a3658|rpc:10.1.0.21:38573|priority:1, 4240b545-6c07-448f-ac96-de7b778a6442|rpc:10.1.0.21:45639|priority:0] with ContainerStateMachine:uninitialized
2021-08-17 11:44:22,674 [pool-373-thread-1] INFO  server.RaftServerConfigKeys (ConfUtils.java:logGet(44)) - raft.server.rpc.timeout.min = 5s (custom)
2021-08-17 11:44:22,674 [pool-373-thread-1] INFO  server.RaftServerConfigKeys (ConfUtils.java:logGet(44)) - raft.server.rpc.timeout.max = 5200ms (custom)
2021-08-17 11:44:22,674 [pool-373-thread-1] INFO  server.RaftServerConfigKeys (ConfUtils.java:logGet(44)) - raft.server.rpc.sleep.time = 25ms (default)
2021-08-17 11:44:22,674 [pool-373-thread-1] INFO  server.RaftServerConfigKeys (ConfUtils.java:logGet(44)) - raft.server.rpc.slowness.timeout = 300s (custom)
2021-08-17 11:44:22,674 [pool-373-thread-1] INFO  server.RaftServerConfigKeys (ConfUtils.java:logGet(44)) - raft.server.leaderelection.leader.step-down.wait-time = 10s (default)
2021-08-17 11:44:22,674 [pool-373-thread-1] INFO  server.RaftServerConfigKeys (ConfUtils.java:logGet(44)) - raft.server.sleep.deviation.threshold = 300ms (default)
2021-08-17 11:44:22,674 [pool-373-thread-1] INFO  server.RaftServerConfigKeys (ConfUtils.java:logGet(44)) - raft.server.log.appender.install.snapshot.enabled = false (custom)
2021-08-17 11:44:22,674 [pool-373-thread-1] INFO  server.RaftServer$Division (ServerState.java:<init>(105)) - 06b1e515-8a0e-4448-8d82-5bc90e0fbeba@group-D2E2B342A4C3: ConfigurationManager, init=-1: [06b1e515-8a0e-4448-8d82-5bc90e0fbeba|rpc:10.1.0.21:43961|priority:0, cdd1bc6e-a52c-4b83-9205-8b665f0a3658|rpc:10.1.0.21:38573|priority:1, 4240b545-6c07-448f-ac96-de7b778a6442|rpc:10.1.0.21:45639|priority:0], old=null, confs=<EMPTY_MAP>
2021-08-17 11:44:22,674 [pool-373-thread-1] INFO  server.RaftServerConfigKeys (ConfUtils.java:logGet(44)) - raft.server.storage.dir = [/home/runner/work/ozone/ozone/hadoop-ozone/integration-test/target/test-dir/MiniOzoneClusterImpl-3aa90084-af08-4299-bf83-992dfa8833c1/datanode-0/data/ratis] (custom)
2021-08-17 11:44:22,674 [pool-373-thread-1] INFO  server.RaftServerConfigKeys (ConfUtils.java:logGet(44)) - raft.server.log.corruption.policy = EXCEPTION (default)
2021-08-17 11:44:22,674 [pool-373-thread-1] INFO  server.RaftServerConfigKeys (ConfUtils.java:logGet(44)) - raft.server.storage.free-space.min = 0MB (=0) (default)
2021-08-17 11:44:22,674 [pool-373-thread-1] INFO  storage.RaftStorageDirectory (RaftStorageDirectoryImpl.java:analyzeStorage(135)) - The storage directory /home/runner/work/ozone/ozone/hadoop-ozone/integration-test/target/test-dir/MiniOzoneClusterImpl-3aa90084-af08-4299-bf83-992dfa8833c1/datanode-0/data/ratis/348c54e6-8517-4ca6-a3f5-d2e2b342a4c3 does not exist. Creating ...
2021-08-17 11:44:22,701 [pool-373-thread-1] INFO  storage.RaftStorageDirectory (RaftStorageDirectoryImpl.java:tryLock(230)) - Lock on /home/runner/work/ozone/ozone/hadoop-ozone/integration-test/target/test-dir/MiniOzoneClusterImpl-3aa90084-af08-4299-bf83-992dfa8833c1/datanode-0/data/ratis/348c54e6-8517-4ca6-a3f5-d2e2b342a4c3/in_use.lock acquired by nodename 22106@fv-az291-680
2021-08-17 11:44:22,711 [pool-373-thread-1] INFO  storage.RaftStorage (RaftStorageImpl.java:format(89)) - Storage directory /home/runner/work/ozone/ozone/hadoop-ozone/integration-test/target/test-dir/MiniOzoneClusterImpl-3aa90084-af08-4299-bf83-992dfa8833c1/datanode-0/data/ratis/348c54e6-8517-4ca6-a3f5-d2e2b342a4c3 has been successfully formatted.
2021-08-17 11:44:22,711 [pool-373-thread-1] INFO  ratis.ContainerStateMachine (ContainerStateMachine.java:loadSnapshot(225)) - group-D2E2B342A4C3: The snapshot info is null. Setting the last applied indexto:(t:0, i:~)
2021-08-17 11:44:22,712 [Datanode State Machine Thread - 0] WARN  statemachine.StateContext (StateContext.java:execute(621)) - No available thread in pool for past 1 seconds.
2021-08-17 11:44:22,712 [pool-373-thread-1] INFO  server.RaftServerConfigKeys (ConfUtils.java:logGet(44)) - raft.server.notification.no-leader.timeout = 300s (custom)
2021-08-17 11:44:22,713 [pool-373-thread-1] INFO  server.RaftServerConfigKeys (ConfUtils.java:logGet(44)) - raft.server.log.use.memory = false (default)
2021-08-17 11:44:22,713 [pool-373-thread-1] INFO  server.RaftServerConfigKeys (ConfUtils.java:logGet(44)) - raft.server.log.purge.gap = 1000000 (custom)
2021-08-17 11:44:22,713 [pool-373-thread-1] INFO  server.RaftServerConfigKeys (ConfUtils.java:logGet(44)) - raft.server.log.appender.buffer.byte-limit = 33554432 (custom)
2021-08-17 11:44:22,714 [pool-373-thread-1] INFO  server.RaftServerConfigKeys (ConfUtils.java:logGet(44)) - raft.server.log.segment.size.max = 1048576 (custom)
2021-08-17 11:44:22,714 [pool-373-thread-1] INFO  server.RaftServerConfigKeys (ConfUtils.java:logGet(44)) - raft.server.log.segment.cache.num.max = 2 (custom)
2021-08-17 11:44:22,714 [pool-373-thread-1] INFO  server.RaftServerConfigKeys (ConfUtils.java:logGet(44)) - raft.server.log.segment.cache.size.max = 200MB (=209715200) (default)
2021-08-17 11:44:22,714 [pool-373-thread-1] INFO  segmented.SegmentedRaftLogWorker (SegmentedRaftLogWorker.java:<init>(182)) - new 06b1e515-8a0e-4448-8d82-5bc90e0fbeba@group-D2E2B342A4C3-SegmentedRaftLogWorker for RaftStorageImpl:Storage Directory /home/runner/work/ozone/ozone/hadoop-ozone/integration-test/target/test-dir/MiniOzoneClusterImpl-3aa90084-af08-4299-bf83-992dfa8833c1/datanode-0/data/ratis/348c54e6-8517-4ca6-a3f5-d2e2b342a4c3
2021-08-17 11:44:22,714 [pool-373-thread-1] INFO  server.RaftServerConfigKeys (ConfUtils.java:logGet(44)) - raft.server.log.queue.byte-limit = 2147483647 (custom)
2021-08-17 11:44:22,714 [pool-373-thread-1] INFO  server.RaftServerConfigKeys (ConfUtils.java:logGet(44)) - raft.server.log.queue.element-limit = 1024 (custom)
2021-08-17 11:44:22,714 [pool-373-thread-1] INFO  server.RaftServerConfigKeys (ConfUtils.java:logGet(44)) - raft.server.log.segment.size.max = 1048576 (custom)
2021-08-17 11:44:22,714 [pool-373-thread-1] INFO  server.RaftServerConfigKeys (ConfUtils.java:logGet(44)) - raft.server.log.preallocated.size = 16384 (custom)
2021-08-17 11:44:22,714 [pool-373-thread-1] INFO  server.RaftServerConfigKeys (ConfUtils.java:logGet(44)) - raft.server.log.force.sync.num = 128 (default)
2021-08-17 11:44:22,714 [pool-373-thread-1] INFO  server.RaftServerConfigKeys (ConfUtils.java:logGet(44)) - raft.server.log.statemachine.data.sync = true (default)
2021-08-17 11:44:22,714 [pool-373-thread-1] INFO  server.RaftServerConfigKeys (ConfUtils.java:logGet(44)) - raft.server.log.statemachine.data.sync.timeout = 10s (default)
2021-08-17 11:44:22,714 [pool-373-thread-1] INFO  server.RaftServerConfigKeys (ConfUtils.java:logGet(44)) - raft.server.log.statemachine.data.sync.timeout.retry = -1 (default)
2021-08-17 11:44:22,715 [pool-373-thread-1] INFO  server.RaftServerConfigKeys (ConfUtils.java:logGet(44)) - raft.server.log.write.buffer.size = 1048576 (custom)
2021-08-17 11:44:22,716 [pool-373-thread-1] INFO  server.RaftServerConfigKeys (ConfUtils.java:logGet(44)) - raft.server.log.statemachine.data.caching.enabled = true (custom)
2021-08-17 11:44:22,716 [pool-373-thread-1] INFO  segmented.SegmentedRaftLogWorker (SegmentedRaftLogWorker.java:lambda$new$0(133)) - 06b1e515-8a0e-4448-8d82-5bc90e0fbeba@group-D2E2B342A4C3-SegmentedRaftLogWorker: flushIndex: setUnconditionally 0 -> -1
2021-08-17 11:44:22,716 [pool-373-thread-1] INFO  segmented.SegmentedRaftLogWorker (SegmentedRaftLogWorker.java:lambda$new$0(133)) - 06b1e515-8a0e-4448-8d82-5bc90e0fbeba@group-D2E2B342A4C3-SegmentedRaftLogWorker: safeCacheEvictIndex: setUnconditionally 0 -> -1
2021-08-17 11:44:22,728 [pool-373-thread-1] INFO  server.RaftServerConfigKeys (ConfUtils.java:logGet(44)) - raft.server.snapshot.auto.trigger.enabled = true (custom)
2021-08-17 11:44:22,728 [pool-373-thread-1] INFO  server.RaftServerConfigKeys (ConfUtils.java:logGet(44)) - raft.server.snapshot.auto.trigger.threshold = 10000 (custom)
2021-08-17 11:44:22,728 [pool-373-thread-1] INFO  server.RaftServerConfigKeys (ConfUtils.java:logGet(44)) - raft.server.snapshot.retention.file.num = 5 (custom)
2021-08-17 11:44:22,728 [pool-373-thread-1] INFO  server.RaftServerConfigKeys (ConfUtils.java:logGet(44)) - raft.server.log.purge.upto.snapshot.index = false (default)
2021-08-17 11:44:22,728 [pool-373-thread-1] INFO  server.RaftServerConfigKeys (ConfUtils.java:logGet(44)) - raft.server.retrycache.expirytime = 600000ms (custom)
2021-08-17 11:44:22,728 [pool-373-thread-1] INFO  server.RaftServerConfigKeys (ConfUtils.java:logGet(44)) - raft.server.retrycache.statistics.expirytime = 100μs (default)
2021-08-17 11:44:22,729 [pool-373-thread-1] INFO  server.RaftServer$Division (RaftServerImpl.java:start(296)) - 06b1e515-8a0e-4448-8d82-5bc90e0fbeba@group-D2E2B342A4C3: start as a follower, conf=-1: [06b1e515-8a0e-4448-8d82-5bc90e0fbeba|rpc:10.1.0.21:43961|priority:0, cdd1bc6e-a52c-4b83-9205-8b665f0a3658|rpc:10.1.0.21:38573|priority:1, 4240b545-6c07-448f-ac96-de7b778a6442|rpc:10.1.0.21:45639|priority:0], old=null
2021-08-17 11:44:22,729 [pool-373-thread-1] INFO  server.RaftServer$Division (RaftServerImpl.java:setRole(285)) - 06b1e515-8a0e-4448-8d82-5bc90e0fbeba@group-D2E2B342A4C3: changes role from      null to FOLLOWER at term 0 for startAsFollower
2021-08-17 11:44:22,729 [pool-373-thread-1] INFO  impl.RoleInfo (RoleInfo.java:updateAndGet(130)) - 06b1e515-8a0e-4448-8d82-5bc90e0fbeba: start 06b1e515-8a0e-4448-8d82-5bc90e0fbeba@group-D2E2B342A4C3-FollowerState
2021-08-17 11:44:22,741 [pool-373-thread-1] INFO  util.JmxRegister (JmxRegister.java:tryRegister(44)) - Successfully registered JMX Bean with object name Ratis:service=RaftServer,group=group-D2E2B342A4C3,id=06b1e515-8a0e-4448-8d82-5bc90e0fbeba
2021-08-17 11:44:22,776 [EventQueue-OpenPipelineForHealthyPipelineSafeModeRule] INFO  safemode.SCMSafeModeManager (HealthyPipelineSafeModeRule.java:process(124)) - SCM in safe mode. Healthy pipelines reported count is 0, required healthy pipeline reported count is 1
2021-08-17 11:44:22,776 [EventQueue-OpenPipelineForHealthyPipelineSafeModeRule] INFO  safemode.SCMSafeModeManager (HealthyPipelineSafeModeRule.java:process(124)) - SCM in safe mode. Healthy pipelines reported count is 0, required healthy pipeline reported count is 1
2021-08-17 11:44:22,785 [Command processor thread] INFO  ratis.XceiverServerRatis (XceiverServerRatis.java:addGroup(763)) - Created group PipelineID=348c54e6-8517-4ca6-a3f5-d2e2b342a4c3
2021-08-17 11:44:22,876 [grpc-default-executor-0] INFO  server.RaftServer (RaftServerProxy.java:addNew(95)) - cdd1bc6e-a52c-4b83-9205-8b665f0a3658: addNew group-D2E2B342A4C3:[06b1e515-8a0e-4448-8d82-5bc90e0fbeba|rpc:10.1.0.21:43961|dataStream:|priority:0, cdd1bc6e-a52c-4b83-9205-8b665f0a3658|rpc:10.1.0.21:38573|dataStream:|priority:1, 4240b545-6c07-448f-ac96-de7b778a6442|rpc:10.1.0.21:45639|dataStream:|priority:0] returns group-D2E2B342A4C3:java.util.concurrent.CompletableFuture@5423a447[Not completed]
2021-08-17 11:44:22,885 [pool-392-thread-1] INFO  server.RaftServer$Division (RaftServerImpl.java:<init>(181)) - cdd1bc6e-a52c-4b83-9205-8b665f0a3658: new RaftServerImpl for group-D2E2B342A4C3:[06b1e515-8a0e-4448-8d82-5bc90e0fbeba|rpc:10.1.0.21:43961|dataStream:|priority:0, cdd1bc6e-a52c-4b83-9205-8b665f0a3658|rpc:10.1.0.21:38573|dataStream:|priority:1, 4240b545-6c07-448f-ac96-de7b778a6442|rpc:10.1.0.21:45639|dataStream:|priority:0] with ContainerStateMachine:uninitialized
2021-08-17 11:44:22,885 [pool-392-thread-1] INFO  server.RaftServerConfigKeys (ConfUtils.java:logGet(44)) - raft.server.rpc.timeout.min = 5s (custom)
2021-08-17 11:44:22,885 [pool-392-thread-1] INFO  server.RaftServerConfigKeys (ConfUtils.java:logGet(44)) - raft.server.rpc.timeout.max = 5200ms (custom)
2021-08-17 11:44:22,885 [pool-392-thread-1] INFO  server.RaftServerConfigKeys (ConfUtils.java:logGet(44)) - raft.server.rpc.sleep.time = 25ms (default)
2021-08-17 11:44:22,885 [pool-392-thread-1] INFO  server.RaftServerConfigKeys (ConfUtils.java:logGet(44)) - raft.server.rpc.slowness.timeout = 300s (custom)
2021-08-17 11:44:22,885 [pool-392-thread-1] INFO  server.RaftServerConfigKeys (ConfUtils.java:logGet(44)) - raft.server.leaderelection.leader.step-down.wait-time = 10s (default)
2021-08-17 11:44:22,885 [pool-392-thread-1] INFO  server.RaftServerConfigKeys (ConfUtils.java:logGet(44)) - raft.server.sleep.deviation.threshold = 300ms (default)
2021-08-17 11:44:22,885 [pool-392-thread-1] INFO  server.RaftServerConfigKeys (ConfUtils.java:logGet(44)) - raft.server.log.appender.install.snapshot.enabled = false (custom)
2021-08-17 11:44:22,885 [pool-392-thread-1] INFO  server.RaftServer$Division (ServerState.java:<init>(105)) - cdd1bc6e-a52c-4b83-9205-8b665f0a3658@group-D2E2B342A4C3: ConfigurationManager, init=-1: [06b1e515-8a0e-4448-8d82-5bc90e0fbeba|rpc:10.1.0.21:43961|dataStream:|priority:0, cdd1bc6e-a52c-4b83-9205-8b665f0a3658|rpc:10.1.0.21:38573|dataStream:|priority:1, 4240b545-6c07-448f-ac96-de7b778a6442|rpc:10.1.0.21:45639|dataStream:|priority:0], old=null, confs=<EMPTY_MAP>
2021-08-17 11:44:22,885 [pool-392-thread-1] INFO  server.RaftServerConfigKeys (ConfUtils.java:logGet(44)) - raft.server.storage.dir = [/home/runner/work/ozone/ozone/hadoop-ozone/integration-test/target/test-dir/MiniOzoneClusterImpl-3aa90084-af08-4299-bf83-992dfa8833c1/datanode-1/data/ratis] (custom)
2021-08-17 11:44:22,885 [pool-392-thread-1] INFO  server.RaftServerConfigKeys (ConfUtils.java:logGet(44)) - raft.server.log.corruption.policy = EXCEPTION (default)
2021-08-17 11:44:22,885 [pool-392-thread-1] INFO  server.RaftServerConfigKeys (ConfUtils.java:logGet(44)) - raft.server.storage.free-space.min = 0MB (=0) (default)
2021-08-17 11:44:22,885 [pool-392-thread-1] INFO  storage.RaftStorageDirectory (RaftStorageDirectoryImpl.java:analyzeStorage(135)) - The storage directory /home/runner/work/ozone/ozone/hadoop-ozone/integration-test/target/test-dir/MiniOzoneClusterImpl-3aa90084-af08-4299-bf83-992dfa8833c1/datanode-1/data/ratis/348c54e6-8517-4ca6-a3f5-d2e2b342a4c3 does not exist. Creating ...
2021-08-17 11:44:22,887 [pool-392-thread-1] INFO  storage.RaftStorageDirectory (RaftStorageDirectoryImpl.java:tryLock(230)) - Lock on /home/runner/work/ozone/ozone/hadoop-ozone/integration-test/target/test-dir/MiniOzoneClusterImpl-3aa90084-af08-4299-bf83-992dfa8833c1/datanode-1/data/ratis/348c54e6-8517-4ca6-a3f5-d2e2b342a4c3/in_use.lock acquired by nodename 22106@fv-az291-680
2021-08-17 11:44:22,888 [pool-392-thread-1] INFO  storage.RaftStorage (RaftStorageImpl.java:format(89)) - Storage directory /home/runner/work/ozone/ozone/hadoop-ozone/integration-test/target/test-dir/MiniOzoneClusterImpl-3aa90084-af08-4299-bf83-992dfa8833c1/datanode-1/data/ratis/348c54e6-8517-4ca6-a3f5-d2e2b342a4c3 has been successfully formatted.
2021-08-17 11:44:22,903 [pool-392-thread-1] INFO  ratis.ContainerStateMachine (ContainerStateMachine.java:loadSnapshot(225)) - group-D2E2B342A4C3: The snapshot info is null. Setting the last applied indexto:(t:0, i:~)
2021-08-17 11:44:22,903 [pool-392-thread-1] INFO  server.RaftServerConfigKeys (ConfUtils.java:logGet(44)) - raft.server.notification.no-leader.timeout = 300s (custom)
2021-08-17 11:44:22,903 [pool-392-thread-1] INFO  server.RaftServerConfigKeys (ConfUtils.java:logGet(44)) - raft.server.log.use.memory = false (default)
2021-08-17 11:44:22,903 [pool-392-thread-1] INFO  server.RaftServerConfigKeys (ConfUtils.java:logGet(44)) - raft.server.log.purge.gap = 1000000 (custom)
2021-08-17 11:44:22,903 [pool-392-thread-1] INFO  server.RaftServerConfigKeys (ConfUtils.java:logGet(44)) - raft.server.log.appender.buffer.byte-limit = 33554432 (custom)
2021-08-17 11:44:22,904 [pool-392-thread-1] INFO  server.RaftServerConfigKeys (ConfUtils.java:logGet(44)) - raft.server.log.segment.size.max = 1048576 (custom)
2021-08-17 11:44:22,904 [pool-392-thread-1] INFO  server.RaftServerConfigKeys (ConfUtils.java:logGet(44)) - raft.server.log.segment.cache.num.max = 2 (custom)
2021-08-17 11:44:22,904 [pool-392-thread-1] INFO  server.RaftServerConfigKeys (ConfUtils.java:logGet(44)) - raft.server.log.segment.cache.size.max = 200MB (=209715200) (default)
2021-08-17 11:44:22,904 [pool-392-thread-1] INFO  segmented.SegmentedRaftLogWorker (SegmentedRaftLogWorker.java:<init>(182)) - new cdd1bc6e-a52c-4b83-9205-8b665f0a3658@group-D2E2B342A4C3-SegmentedRaftLogWorker for RaftStorageImpl:Storage Directory /home/runner/work/ozone/ozone/hadoop-ozone/integration-test/target/test-dir/MiniOzoneClusterImpl-3aa90084-af08-4299-bf83-992dfa8833c1/datanode-1/data/ratis/348c54e6-8517-4ca6-a3f5-d2e2b342a4c3
2021-08-17 11:44:22,904 [pool-392-thread-1] INFO  server.RaftServerConfigKeys (ConfUtils.java:logGet(44)) - raft.server.log.queue.byte-limit = 2147483647 (custom)
2021-08-17 11:44:22,904 [pool-392-thread-1] INFO  server.RaftServerConfigKeys (ConfUtils.java:logGet(44)) - raft.server.log.queue.element-limit = 1024 (custom)
2021-08-17 11:44:22,904 [pool-392-thread-1] INFO  server.RaftServerConfigKeys (ConfUtils.java:logGet(44)) - raft.server.log.segment.size.max = 1048576 (custom)
2021-08-17 11:44:22,904 [pool-392-thread-1] INFO  server.RaftServerConfigKeys (ConfUtils.java:logGet(44)) - raft.server.log.preallocated.size = 16384 (custom)
2021-08-17 11:44:22,904 [pool-392-thread-1] INFO  server.RaftServerConfigKeys (ConfUtils.java:logGet(44)) - raft.server.log.force.sync.num = 128 (default)
2021-08-17 11:44:22,904 [pool-392-thread-1] INFO  server.RaftServerConfigKeys (ConfUtils.java:logGet(44)) - raft.server.log.statemachine.data.sync = true (default)
2021-08-17 11:44:22,904 [pool-392-thread-1] INFO  server.RaftServerConfigKeys (ConfUtils.java:logGet(44)) - raft.server.log.statemachine.data.sync.timeout = 10s (default)
2021-08-17 11:44:22,904 [pool-392-thread-1] INFO  server.RaftServerConfigKeys (ConfUtils.java:logGet(44)) - raft.server.log.statemachine.data.sync.timeout.retry = -1 (default)
2021-08-17 11:44:22,905 [pool-392-thread-1] INFO  server.RaftServerConfigKeys (ConfUtils.java:logGet(44)) - raft.server.log.write.buffer.size = 1048576 (custom)
2021-08-17 11:44:22,908 [pool-392-thread-1] INFO  server.RaftServerConfigKeys (ConfUtils.java:logGet(44)) - raft.server.log.statemachine.data.caching.enabled = true (custom)
2021-08-17 11:44:22,908 [pool-392-thread-1] INFO  segmented.SegmentedRaftLogWorker (SegmentedRaftLogWorker.java:lambda$new$0(133)) - cdd1bc6e-a52c-4b83-9205-8b665f0a3658@group-D2E2B342A4C3-SegmentedRaftLogWorker: flushIndex: setUnconditionally 0 -> -1
2021-08-17 11:44:22,908 [pool-392-thread-1] INFO  segmented.SegmentedRaftLogWorker (SegmentedRaftLogWorker.java:lambda$new$0(133)) - cdd1bc6e-a52c-4b83-9205-8b665f0a3658@group-D2E2B342A4C3-SegmentedRaftLogWorker: safeCacheEvictIndex: setUnconditionally 0 -> -1
2021-08-17 11:44:22,912 [Datanode State Machine Thread - 0] WARN  statemachine.StateContext (StateContext.java:execute(621)) - No available thread in pool for past 1 seconds.
2021-08-17 11:44:22,912 [pool-392-thread-1] INFO  server.RaftServerConfigKeys (ConfUtils.java:logGet(44)) - raft.server.snapshot.auto.trigger.enabled = true (custom)
2021-08-17 11:44:22,912 [pool-392-thread-1] INFO  server.RaftServerConfigKeys (ConfUtils.java:logGet(44)) - raft.server.snapshot.auto.trigger.threshold = 10000 (custom)
2021-08-17 11:44:22,912 [pool-392-thread-1] INFO  server.RaftServerConfigKeys (ConfUtils.java:logGet(44)) - raft.server.snapshot.retention.file.num = 5 (custom)
2021-08-17 11:44:22,912 [pool-392-thread-1] INFO  server.RaftServerConfigKeys (ConfUtils.java:logGet(44)) - raft.server.log.purge.upto.snapshot.index = false (default)
2021-08-17 11:44:22,912 [pool-392-thread-1] INFO  server.RaftServerConfigKeys (ConfUtils.java:logGet(44)) - raft.server.retrycache.expirytime = 600000ms (custom)
2021-08-17 11:44:22,912 [pool-392-thread-1] INFO  server.RaftServerConfigKeys (ConfUtils.java:logGet(44)) - raft.server.retrycache.statistics.expirytime = 100μs (default)
2021-08-17 11:44:22,915 [pool-392-thread-1] INFO  server.RaftServer$Division (RaftServerImpl.java:start(296)) - cdd1bc6e-a52c-4b83-9205-8b665f0a3658@group-D2E2B342A4C3: start as a follower, conf=-1: [06b1e515-8a0e-4448-8d82-5bc90e0fbeba|rpc:10.1.0.21:43961|dataStream:|priority:0, cdd1bc6e-a52c-4b83-9205-8b665f0a3658|rpc:10.1.0.21:38573|dataStream:|priority:1, 4240b545-6c07-448f-ac96-de7b778a6442|rpc:10.1.0.21:45639|dataStream:|priority:0], old=null
2021-08-17 11:44:22,915 [pool-392-thread-1] INFO  server.RaftServer$Division (RaftServerImpl.java:setRole(285)) - cdd1bc6e-a52c-4b83-9205-8b665f0a3658@group-D2E2B342A4C3: changes role from      null to FOLLOWER at term 0 for startAsFollower
2021-08-17 11:44:22,915 [pool-392-thread-1] INFO  impl.RoleInfo (RoleInfo.java:updateAndGet(130)) - cdd1bc6e-a52c-4b83-9205-8b665f0a3658: start cdd1bc6e-a52c-4b83-9205-8b665f0a3658@group-D2E2B342A4C3-FollowerState
2021-08-17 11:44:22,923 [pool-392-thread-1] INFO  util.JmxRegister (JmxRegister.java:tryRegister(44)) - Successfully registered JMX Bean with object name Ratis:service=RaftServer,group=group-D2E2B342A4C3,id=cdd1bc6e-a52c-4b83-9205-8b665f0a3658
2021-08-17 11:44:22,980 [Listener at 127.0.0.1/33323] INFO  ozone.MiniOzoneClusterImpl (MiniOzoneClusterImpl.java:lambda$waitForClusterToBeReady$0(235)) - Nodes are ready. Got 3 of 3 DN Heartbeats.
2021-08-17 11:44:22,980 [Listener at 127.0.0.1/33323] INFO  ozone.MiniOzoneClusterImpl (MiniOzoneClusterImpl.java:lambda$waitForClusterToBeReady$0(238)) - Waiting for cluster to exit safe mode
2021-08-17 11:44:22,980 [Listener at 127.0.0.1/33323] INFO  ozone.MiniOzoneClusterImpl (MiniOzoneClusterImpl.java:lambda$waitForClusterToBeReady$0(240)) - SCM became leader
2021-08-17 11:44:23,040 [grpc-default-executor-0] INFO  server.RaftServer (RaftServerProxy.java:addNew(95)) - 4240b545-6c07-448f-ac96-de7b778a6442: addNew group-D2E2B342A4C3:[06b1e515-8a0e-4448-8d82-5bc90e0fbeba|rpc:10.1.0.21:43961|dataStream:|priority:0, cdd1bc6e-a52c-4b83-9205-8b665f0a3658|rpc:10.1.0.21:38573|dataStream:|priority:1, 4240b545-6c07-448f-ac96-de7b778a6442|rpc:10.1.0.21:45639|dataStream:|priority:0] returns group-D2E2B342A4C3:java.util.concurrent.CompletableFuture@2231f97b[Not completed]
2021-08-17 11:44:23,053 [pool-411-thread-1] INFO  server.RaftServer$Division (RaftServerImpl.java:<init>(181)) - 4240b545-6c07-448f-ac96-de7b778a6442: new RaftServerImpl for group-D2E2B342A4C3:[06b1e515-8a0e-4448-8d82-5bc90e0fbeba|rpc:10.1.0.21:43961|dataStream:|priority:0, cdd1bc6e-a52c-4b83-9205-8b665f0a3658|rpc:10.1.0.21:38573|dataStream:|priority:1, 4240b545-6c07-448f-ac96-de7b778a6442|rpc:10.1.0.21:45639|dataStream:|priority:0] with ContainerStateMachine:uninitialized
2021-08-17 11:44:23,055 [pool-411-thread-1] INFO  server.RaftServerConfigKeys (ConfUtils.java:logGet(44)) - raft.server.rpc.timeout.min = 5s (custom)
2021-08-17 11:44:23,055 [pool-411-thread-1] INFO  server.RaftServerConfigKeys (ConfUtils.java:logGet(44)) - raft.server.rpc.timeout.max = 5200ms (custom)
2021-08-17 11:44:23,055 [pool-411-thread-1] INFO  server.RaftServerConfigKeys (ConfUtils.java:logGet(44)) - raft.server.rpc.sleep.time = 25ms (default)
2021-08-17 11:44:23,055 [pool-411-thread-1] INFO  server.RaftServerConfigKeys (ConfUtils.java:logGet(44)) - raft.server.rpc.slowness.timeout = 300s (custom)
2021-08-17 11:44:23,055 [pool-411-thread-1] INFO  server.RaftServerConfigKeys (ConfUtils.java:logGet(44)) - raft.server.leaderelection.leader.step-down.wait-time = 10s (default)
2021-08-17 11:44:23,055 [pool-411-thread-1] INFO  server.RaftServerConfigKeys (ConfUtils.java:logGet(44)) - raft.server.sleep.deviation.threshold = 300ms (default)
2021-08-17 11:44:23,055 [pool-411-thread-1] INFO  server.RaftServerConfigKeys (ConfUtils.java:logGet(44)) - raft.server.log.appender.install.snapshot.enabled = false (custom)
2021-08-17 11:44:23,055 [pool-411-thread-1] INFO  server.RaftServer$Division (ServerState.java:<init>(105)) - 4240b545-6c07-448f-ac96-de7b778a6442@group-D2E2B342A4C3: ConfigurationManager, init=-1: [06b1e515-8a0e-4448-8d82-5bc90e0fbeba|rpc:10.1.0.21:43961|dataStream:|priority:0, cdd1bc6e-a52c-4b83-9205-8b665f0a3658|rpc:10.1.0.21:38573|dataStream:|priority:1, 4240b545-6c07-448f-ac96-de7b778a6442|rpc:10.1.0.21:45639|dataStream:|priority:0], old=null, confs=<EMPTY_MAP>
2021-08-17 11:44:23,055 [pool-411-thread-1] INFO  server.RaftServerConfigKeys (ConfUtils.java:logGet(44)) - raft.server.storage.dir = [/home/runner/work/ozone/ozone/hadoop-ozone/integration-test/target/test-dir/MiniOzoneClusterImpl-3aa90084-af08-4299-bf83-992dfa8833c1/datanode-2/data/ratis] (custom)
2021-08-17 11:44:23,055 [pool-411-thread-1] INFO  server.RaftServerConfigKeys (ConfUtils.java:logGet(44)) - raft.server.log.corruption.policy = EXCEPTION (default)
2021-08-17 11:44:23,055 [pool-411-thread-1] INFO  server.RaftServerConfigKeys (ConfUtils.java:logGet(44)) - raft.server.storage.free-space.min = 0MB (=0) (default)
2021-08-17 11:44:23,056 [pool-411-thread-1] INFO  storage.RaftStorageDirectory (RaftStorageDirectoryImpl.java:analyzeStorage(135)) - The storage directory /home/runner/work/ozone/ozone/hadoop-ozone/integration-test/target/test-dir/MiniOzoneClusterImpl-3aa90084-af08-4299-bf83-992dfa8833c1/datanode-2/data/ratis/348c54e6-8517-4ca6-a3f5-d2e2b342a4c3 does not exist. Creating ...
2021-08-17 11:44:23,057 [pool-411-thread-1] INFO  storage.RaftStorageDirectory (RaftStorageDirectoryImpl.java:tryLock(230)) - Lock on /home/runner/work/ozone/ozone/hadoop-ozone/integration-test/target/test-dir/MiniOzoneClusterImpl-3aa90084-af08-4299-bf83-992dfa8833c1/datanode-2/data/ratis/348c54e6-8517-4ca6-a3f5-d2e2b342a4c3/in_use.lock acquired by nodename 22106@fv-az291-680
2021-08-17 11:44:23,058 [pool-411-thread-1] INFO  storage.RaftStorage (RaftStorageImpl.java:format(89)) - Storage directory /home/runner/work/ozone/ozone/hadoop-ozone/integration-test/target/test-dir/MiniOzoneClusterImpl-3aa90084-af08-4299-bf83-992dfa8833c1/datanode-2/data/ratis/348c54e6-8517-4ca6-a3f5-d2e2b342a4c3 has been successfully formatted.
2021-08-17 11:44:23,058 [pool-411-thread-1] INFO  ratis.ContainerStateMachine (ContainerStateMachine.java:loadSnapshot(225)) - group-D2E2B342A4C3: The snapshot info is null. Setting the last applied indexto:(t:0, i:~)
2021-08-17 11:44:23,059 [pool-411-thread-1] INFO  server.RaftServerConfigKeys (ConfUtils.java:logGet(44)) - raft.server.notification.no-leader.timeout = 300s (custom)
2021-08-17 11:44:23,059 [pool-411-thread-1] INFO  server.RaftServerConfigKeys (ConfUtils.java:logGet(44)) - raft.server.log.use.memory = false (default)
2021-08-17 11:44:23,059 [pool-411-thread-1] INFO  server.RaftServerConfigKeys (ConfUtils.java:logGet(44)) - raft.server.log.purge.gap = 1000000 (custom)
2021-08-17 11:44:23,059 [pool-411-thread-1] INFO  server.RaftServerConfigKeys (ConfUtils.java:logGet(44)) - raft.server.log.appender.buffer.byte-limit = 33554432 (custom)
2021-08-17 11:44:23,059 [pool-411-thread-1] INFO  server.RaftServerConfigKeys (ConfUtils.java:logGet(44)) - raft.server.log.segment.size.max = 1048576 (custom)
2021-08-17 11:44:23,059 [pool-411-thread-1] INFO  server.RaftServerConfigKeys (ConfUtils.java:logGet(44)) - raft.server.log.segment.cache.num.max = 2 (custom)
2021-08-17 11:44:23,059 [pool-411-thread-1] INFO  server.RaftServerConfigKeys (ConfUtils.java:logGet(44)) - raft.server.log.segment.cache.size.max = 200MB (=209715200) (default)
2021-08-17 11:44:23,060 [pool-411-thread-1] INFO  segmented.SegmentedRaftLogWorker (SegmentedRaftLogWorker.java:<init>(182)) - new 4240b545-6c07-448f-ac96-de7b778a6442@group-D2E2B342A4C3-SegmentedRaftLogWorker for RaftStorageImpl:Storage Directory /home/runner/work/ozone/ozone/hadoop-ozone/integration-test/target/test-dir/MiniOzoneClusterImpl-3aa90084-af08-4299-bf83-992dfa8833c1/datanode-2/data/ratis/348c54e6-8517-4ca6-a3f5-d2e2b342a4c3
2021-08-17 11:44:23,060 [pool-411-thread-1] INFO  server.RaftServerConfigKeys (ConfUtils.java:logGet(44)) - raft.server.log.queue.byte-limit = 2147483647 (custom)
2021-08-17 11:44:23,060 [pool-411-thread-1] INFO  server.RaftServerConfigKeys (ConfUtils.java:logGet(44)) - raft.server.log.queue.element-limit = 1024 (custom)
2021-08-17 11:44:23,060 [pool-411-thread-1] INFO  server.RaftServerConfigKeys (ConfUtils.java:logGet(44)) - raft.server.log.segment.size.max = 1048576 (custom)
2021-08-17 11:44:23,060 [pool-411-thread-1] INFO  server.RaftServerConfigKeys (ConfUtils.java:logGet(44)) - raft.server.log.preallocated.size = 16384 (custom)
2021-08-17 11:44:23,060 [pool-411-thread-1] INFO  server.RaftServerConfigKeys (ConfUtils.java:logGet(44)) - raft.server.log.force.sync.num = 128 (default)
2021-08-17 11:44:23,060 [pool-411-thread-1] INFO  server.RaftServerConfigKeys (ConfUtils.java:logGet(44)) - raft.server.log.statemachine.data.sync = true (default)
2021-08-17 11:44:23,060 [pool-411-thread-1] INFO  server.RaftServerConfigKeys (ConfUtils.java:logGet(44)) - raft.server.log.statemachine.data.sync.timeout = 10s (default)
2021-08-17 11:44:23,060 [pool-411-thread-1] INFO  server.RaftServerConfigKeys (ConfUtils.java:logGet(44)) - raft.server.log.statemachine.data.sync.timeout.retry = -1 (default)
2021-08-17 11:44:23,061 [pool-411-thread-1] INFO  server.RaftServerConfigKeys (ConfUtils.java:logGet(44)) - raft.server.log.write.buffer.size = 1048576 (custom)
2021-08-17 11:44:23,061 [pool-411-thread-1] INFO  server.RaftServerConfigKeys (ConfUtils.java:logGet(44)) - raft.server.log.statemachine.data.caching.enabled = true (custom)
2021-08-17 11:44:23,062 [pool-411-thread-1] INFO  segmented.SegmentedRaftLogWorker (SegmentedRaftLogWorker.java:lambda$new$0(133)) - 4240b545-6c07-448f-ac96-de7b778a6442@group-D2E2B342A4C3-SegmentedRaftLogWorker: flushIndex: setUnconditionally 0 -> -1
2021-08-17 11:44:23,062 [pool-411-thread-1] INFO  segmented.SegmentedRaftLogWorker (SegmentedRaftLogWorker.java:lambda$new$0(133)) - 4240b545-6c07-448f-ac96-de7b778a6442@group-D2E2B342A4C3-SegmentedRaftLogWorker: safeCacheEvictIndex: setUnconditionally 0 -> -1
2021-08-17 11:44:23,068 [pool-411-thread-1] INFO  server.RaftServerConfigKeys (ConfUtils.java:logGet(44)) - raft.server.snapshot.auto.trigger.enabled = true (custom)
2021-08-17 11:44:23,068 [pool-411-thread-1] INFO  server.RaftServerConfigKeys (ConfUtils.java:logGet(44)) - raft.server.snapshot.auto.trigger.threshold = 10000 (custom)
2021-08-17 11:44:23,068 [pool-411-thread-1] INFO  server.RaftServerConfigKeys (ConfUtils.java:logGet(44)) - raft.server.snapshot.retention.file.num = 5 (custom)
2021-08-17 11:44:23,068 [pool-411-thread-1] INFO  server.RaftServerConfigKeys (ConfUtils.java:logGet(44)) - raft.server.log.purge.upto.snapshot.index = false (default)
2021-08-17 11:44:23,068 [pool-411-thread-1] INFO  server.RaftServerConfigKeys (ConfUtils.java:logGet(44)) - raft.server.retrycache.expirytime = 600000ms (custom)
2021-08-17 11:44:23,068 [pool-411-thread-1] INFO  server.RaftServerConfigKeys (ConfUtils.java:logGet(44)) - raft.server.retrycache.statistics.expirytime = 100μs (default)
2021-08-17 11:44:23,069 [pool-411-thread-1] INFO  server.RaftServer$Division (RaftServerImpl.java:start(296)) - 4240b545-6c07-448f-ac96-de7b778a6442@group-D2E2B342A4C3: start as a follower, conf=-1: [06b1e515-8a0e-4448-8d82-5bc90e0fbeba|rpc:10.1.0.21:43961|dataStream:|priority:0, cdd1bc6e-a52c-4b83-9205-8b665f0a3658|rpc:10.1.0.21:38573|dataStream:|priority:1, 4240b545-6c07-448f-ac96-de7b778a6442|rpc:10.1.0.21:45639|dataStream:|priority:0], old=null
2021-08-17 11:44:23,069 [pool-411-thread-1] INFO  server.RaftServer$Division (RaftServerImpl.java:setRole(285)) - 4240b545-6c07-448f-ac96-de7b778a6442@group-D2E2B342A4C3: changes role from      null to FOLLOWER at term 0 for startAsFollower
2021-08-17 11:44:23,069 [pool-411-thread-1] INFO  impl.RoleInfo (RoleInfo.java:updateAndGet(130)) - 4240b545-6c07-448f-ac96-de7b778a6442: start 4240b545-6c07-448f-ac96-de7b778a6442@group-D2E2B342A4C3-FollowerState
2021-08-17 11:44:23,082 [pool-411-thread-1] INFO  util.JmxRegister (JmxRegister.java:tryRegister(44)) - Successfully registered JMX Bean with object name Ratis:service=RaftServer,group=group-D2E2B342A4C3,id=4240b545-6c07-448f-ac96-de7b778a6442
2021-08-17 11:44:23,117 [Command processor thread] INFO  commandhandler.CreatePipelineCommandHandler (CreatePipelineCommandHandler.java:handle(106)) - Created Pipeline RATIS THREE PipelineID=348c54e6-8517-4ca6-a3f5-d2e2b342a4c3.
2021-08-17 11:44:23,117 [Command processor thread] INFO  server.RaftServer (RaftServerProxy.java:addNew(95)) - 06b1e515-8a0e-4448-8d82-5bc90e0fbeba: addNew group-3FA22E84EAD5:[06b1e515-8a0e-4448-8d82-5bc90e0fbeba|rpc:10.1.0.21:43961|priority:0, cdd1bc6e-a52c-4b83-9205-8b665f0a3658|rpc:10.1.0.21:38573|priority:0, 4240b545-6c07-448f-ac96-de7b778a6442|rpc:10.1.0.21:45639|priority:1] returns group-3FA22E84EAD5:java.util.concurrent.CompletableFuture@720c4951[Not completed]
2021-08-17 11:44:23,119 [pool-373-thread-1] INFO  server.RaftServer$Division (RaftServerImpl.java:<init>(181)) - 06b1e515-8a0e-4448-8d82-5bc90e0fbeba: new RaftServerImpl for group-3FA22E84EAD5:[06b1e515-8a0e-4448-8d82-5bc90e0fbeba|rpc:10.1.0.21:43961|priority:0, cdd1bc6e-a52c-4b83-9205-8b665f0a3658|rpc:10.1.0.21:38573|priority:0, 4240b545-6c07-448f-ac96-de7b778a6442|rpc:10.1.0.21:45639|priority:1] with ContainerStateMachine:uninitialized
2021-08-17 11:44:23,119 [pool-373-thread-1] INFO  server.RaftServerConfigKeys (ConfUtils.java:logGet(44)) - raft.server.rpc.timeout.min = 5s (custom)
2021-08-17 11:44:23,119 [pool-373-thread-1] INFO  server.RaftServerConfigKeys (ConfUtils.java:logGet(44)) - raft.server.rpc.timeout.max = 5200ms (custom)
2021-08-17 11:44:23,119 [pool-373-thread-1] INFO  server.RaftServerConfigKeys (ConfUtils.java:logGet(44)) - raft.server.rpc.sleep.time = 25ms (default)
2021-08-17 11:44:23,119 [pool-373-thread-1] INFO  server.RaftServerConfigKeys (ConfUtils.java:logGet(44)) - raft.server.rpc.slowness.timeout = 300s (custom)
2021-08-17 11:44:23,119 [pool-373-thread-1] INFO  server.RaftServerConfigKeys (ConfUtils.java:logGet(44)) - raft.server.leaderelection.leader.step-down.wait-time = 10s (default)
2021-08-17 11:44:23,119 [pool-373-thread-1] INFO  server.RaftServerConfigKeys (ConfUtils.java:logGet(44)) - raft.server.sleep.deviation.threshold = 300ms (default)
2021-08-17 11:44:23,119 [pool-373-thread-1] INFO  server.RaftServerConfigKeys (ConfUtils.java:logGet(44)) - raft.server.log.appender.install.snapshot.enabled = false (custom)
2021-08-17 11:44:23,119 [pool-373-thread-1] INFO  server.RaftServer$Division (ServerState.java:<init>(105)) - 06b1e515-8a0e-4448-8d82-5bc90e0fbeba@group-3FA22E84EAD5: ConfigurationManager, init=-1: [06b1e515-8a0e-4448-8d82-5bc90e0fbeba|rpc:10.1.0.21:43961|priority:0, cdd1bc6e-a52c-4b83-9205-8b665f0a3658|rpc:10.1.0.21:38573|priority:0, 4240b545-6c07-448f-ac96-de7b778a6442|rpc:10.1.0.21:45639|priority:1], old=null, confs=<EMPTY_MAP>
2021-08-17 11:44:23,119 [pool-373-thread-1] INFO  server.RaftServerConfigKeys (ConfUtils.java:logGet(44)) - raft.server.storage.dir = [/home/runner/work/ozone/ozone/hadoop-ozone/integration-test/target/test-dir/MiniOzoneClusterImpl-3aa90084-af08-4299-bf83-992dfa8833c1/datanode-0/data/ratis] (custom)
2021-08-17 11:44:23,120 [pool-373-thread-1] INFO  server.RaftServerConfigKeys (ConfUtils.java:logGet(44)) - raft.server.log.corruption.policy = EXCEPTION (default)
2021-08-17 11:44:23,120 [pool-373-thread-1] INFO  server.RaftServerConfigKeys (ConfUtils.java:logGet(44)) - raft.server.storage.free-space.min = 0MB (=0) (default)
2021-08-17 11:44:23,120 [pool-373-thread-1] INFO  storage.RaftStorageDirectory (RaftStorageDirectoryImpl.java:analyzeStorage(135)) - The storage directory /home/runner/work/ozone/ozone/hadoop-ozone/integration-test/target/test-dir/MiniOzoneClusterImpl-3aa90084-af08-4299-bf83-992dfa8833c1/datanode-0/data/ratis/626c0933-ea74-4d1d-9f5e-3fa22e84ead5 does not exist. Creating ...
2021-08-17 11:44:23,121 [pool-373-thread-1] INFO  storage.RaftStorageDirectory (RaftStorageDirectoryImpl.java:tryLock(230)) - Lock on /home/runner/work/ozone/ozone/hadoop-ozone/integration-test/target/test-dir/MiniOzoneClusterImpl-3aa90084-af08-4299-bf83-992dfa8833c1/datanode-0/data/ratis/626c0933-ea74-4d1d-9f5e-3fa22e84ead5/in_use.lock acquired by nodename 22106@fv-az291-680
2021-08-17 11:44:23,123 [pool-373-thread-1] INFO  storage.RaftStorage (RaftStorageImpl.java:format(89)) - Storage directory /home/runner/work/ozone/ozone/hadoop-ozone/integration-test/target/test-dir/MiniOzoneClusterImpl-3aa90084-af08-4299-bf83-992dfa8833c1/datanode-0/data/ratis/626c0933-ea74-4d1d-9f5e-3fa22e84ead5 has been successfully formatted.
2021-08-17 11:44:23,123 [pool-373-thread-1] INFO  ratis.ContainerStateMachine (ContainerStateMachine.java:loadSnapshot(225)) - group-3FA22E84EAD5: The snapshot info is null. Setting the last applied indexto:(t:0, i:~)
2021-08-17 11:44:23,123 [Datanode State Machine Thread - 0] WARN  statemachine.StateContext (StateContext.java:execute(621)) - No available thread in pool for past 1 seconds.
2021-08-17 11:44:23,124 [EventQueue-OpenPipelineForHealthyPipelineSafeModeRule] INFO  safemode.SCMSafeModeManager (HealthyPipelineSafeModeRule.java:process(124)) - SCM in safe mode. Healthy pipelines reported count is 0, required healthy pipeline reported count is 1
2021-08-17 11:44:23,123 [pool-373-thread-1] INFO  server.RaftServerConfigKeys (ConfUtils.java:logGet(44)) - raft.server.notification.no-leader.timeout = 300s (custom)
2021-08-17 11:44:23,126 [pool-373-thread-1] INFO  server.RaftServerConfigKeys (ConfUtils.java:logGet(44)) - raft.server.log.use.memory = false (default)
2021-08-17 11:44:23,126 [pool-373-thread-1] INFO  server.RaftServerConfigKeys (ConfUtils.java:logGet(44)) - raft.server.log.purge.gap = 1000000 (custom)
2021-08-17 11:44:23,126 [pool-373-thread-1] INFO  server.RaftServerConfigKeys (ConfUtils.java:logGet(44)) - raft.server.log.appender.buffer.byte-limit = 33554432 (custom)
2021-08-17 11:44:23,126 [pool-373-thread-1] INFO  server.RaftServerConfigKeys (ConfUtils.java:logGet(44)) - raft.server.log.segment.size.max = 1048576 (custom)
2021-08-17 11:44:23,127 [pool-373-thread-1] INFO  server.RaftServerConfigKeys (ConfUtils.java:logGet(44)) - raft.server.log.segment.cache.num.max = 2 (custom)
2021-08-17 11:44:23,127 [pool-373-thread-1] INFO  server.RaftServerConfigKeys (ConfUtils.java:logGet(44)) - raft.server.log.segment.cache.size.max = 200MB (=209715200) (default)
2021-08-17 11:44:23,127 [pool-373-thread-1] INFO  segmented.SegmentedRaftLogWorker (SegmentedRaftLogWorker.java:<init>(182)) - new 06b1e515-8a0e-4448-8d82-5bc90e0fbeba@group-3FA22E84EAD5-SegmentedRaftLogWorker for RaftStorageImpl:Storage Directory /home/runner/work/ozone/ozone/hadoop-ozone/integration-test/target/test-dir/MiniOzoneClusterImpl-3aa90084-af08-4299-bf83-992dfa8833c1/datanode-0/data/ratis/626c0933-ea74-4d1d-9f5e-3fa22e84ead5
2021-08-17 11:44:23,127 [pool-373-thread-1] INFO  server.RaftServerConfigKeys (ConfUtils.java:logGet(44)) - raft.server.log.queue.byte-limit = 2147483647 (custom)
2021-08-17 11:44:23,127 [pool-373-thread-1] INFO  server.RaftServerConfigKeys (ConfUtils.java:logGet(44)) - raft.server.log.queue.element-limit = 1024 (custom)
2021-08-17 11:44:23,127 [pool-373-thread-1] INFO  server.RaftServerConfigKeys (ConfUtils.java:logGet(44)) - raft.server.log.segment.size.max = 1048576 (custom)
2021-08-17 11:44:23,127 [pool-373-thread-1] INFO  server.RaftServerConfigKeys (ConfUtils.java:logGet(44)) - raft.server.log.preallocated.size = 16384 (custom)
2021-08-17 11:44:23,127 [pool-373-thread-1] INFO  server.RaftServerConfigKeys (ConfUtils.java:logGet(44)) - raft.server.log.force.sync.num = 128 (default)
2021-08-17 11:44:23,127 [pool-373-thread-1] INFO  server.RaftServerConfigKeys (ConfUtils.java:logGet(44)) - raft.server.log.statemachine.data.sync = true (default)
2021-08-17 11:44:23,127 [pool-373-thread-1] INFO  server.RaftServerConfigKeys (ConfUtils.java:logGet(44)) - raft.server.log.statemachine.data.sync.timeout = 10s (default)
2021-08-17 11:44:23,127 [pool-373-thread-1] INFO  server.RaftServerConfigKeys (ConfUtils.java:logGet(44)) - raft.server.log.statemachine.data.sync.timeout.retry = -1 (default)
2021-08-17 11:44:23,130 [pool-373-thread-1] INFO  server.RaftServerConfigKeys (ConfUtils.java:logGet(44)) - raft.server.log.write.buffer.size = 1048576 (custom)
2021-08-17 11:44:23,131 [pool-373-thread-1] INFO  server.RaftServerConfigKeys (ConfUtils.java:logGet(44)) - raft.server.log.statemachine.data.caching.enabled = true (custom)
2021-08-17 11:44:23,131 [pool-373-thread-1] INFO  segmented.SegmentedRaftLogWorker (SegmentedRaftLogWorker.java:lambda$new$0(133)) - 06b1e515-8a0e-4448-8d82-5bc90e0fbeba@group-3FA22E84EAD5-SegmentedRaftLogWorker: flushIndex: setUnconditionally 0 -> -1
2021-08-17 11:44:23,131 [pool-373-thread-1] INFO  segmented.SegmentedRaftLogWorker (SegmentedRaftLogWorker.java:lambda$new$0(133)) - 06b1e515-8a0e-4448-8d82-5bc90e0fbeba@group-3FA22E84EAD5-SegmentedRaftLogWorker: safeCacheEvictIndex: setUnconditionally 0 -> -1
2021-08-17 11:44:23,136 [pool-373-thread-1] INFO  server.RaftServerConfigKeys (ConfUtils.java:logGet(44)) - raft.server.snapshot.auto.trigger.enabled = true (custom)
2021-08-17 11:44:23,136 [pool-373-thread-1] INFO  server.RaftServerConfigKeys (ConfUtils.java:logGet(44)) - raft.server.snapshot.auto.trigger.threshold = 10000 (custom)
2021-08-17 11:44:23,136 [pool-373-thread-1] INFO  server.RaftServerConfigKeys (ConfUtils.java:logGet(44)) - raft.server.snapshot.retention.file.num = 5 (custom)
2021-08-17 11:44:23,136 [pool-373-thread-1] INFO  server.RaftServerConfigKeys (ConfUtils.java:logGet(44)) - raft.server.log.purge.upto.snapshot.index = false (default)
2021-08-17 11:44:23,136 [pool-373-thread-1] INFO  server.RaftServerConfigKeys (ConfUtils.java:logGet(44)) - raft.server.retrycache.expirytime = 600000ms (custom)
2021-08-17 11:44:23,136 [pool-373-thread-1] INFO  server.RaftServerConfigKeys (ConfUtils.java:logGet(44)) - raft.server.retrycache.statistics.expirytime = 100μs (default)
2021-08-17 11:44:23,137 [pool-373-thread-1] INFO  server.RaftServer$Division (RaftServerImpl.java:start(296)) - 06b1e515-8a0e-4448-8d82-5bc90e0fbeba@group-3FA22E84EAD5: start as a follower, conf=-1: [06b1e515-8a0e-4448-8d82-5bc90e0fbeba|rpc:10.1.0.21:43961|priority:0, cdd1bc6e-a52c-4b83-9205-8b665f0a3658|rpc:10.1.0.21:38573|priority:0, 4240b545-6c07-448f-ac96-de7b778a6442|rpc:10.1.0.21:45639|priority:1], old=null
2021-08-17 11:44:23,137 [pool-373-thread-1] INFO  server.RaftServer$Division (RaftServerImpl.java:setRole(285)) - 06b1e515-8a0e-4448-8d82-5bc90e0fbeba@group-3FA22E84EAD5: changes role from      null to FOLLOWER at term 0 for startAsFollower
2021-08-17 11:44:23,137 [pool-373-thread-1] INFO  impl.RoleInfo (RoleInfo.java:updateAndGet(130)) - 06b1e515-8a0e-4448-8d82-5bc90e0fbeba: start 06b1e515-8a0e-4448-8d82-5bc90e0fbeba@group-3FA22E84EAD5-FollowerState
2021-08-17 11:44:23,144 [pool-373-thread-1] INFO  util.JmxRegister (JmxRegister.java:tryRegister(44)) - Successfully registered JMX Bean with object name Ratis:service=RaftServer,group=group-3FA22E84EAD5,id=06b1e515-8a0e-4448-8d82-5bc90e0fbeba
2021-08-17 11:44:23,152 [Command processor thread] INFO  ratis.XceiverServerRatis (XceiverServerRatis.java:addGroup(763)) - Created group PipelineID=626c0933-ea74-4d1d-9f5e-3fa22e84ead5
2021-08-17 11:44:23,188 [grpc-default-executor-0] INFO  server.RaftServer (RaftServerProxy.java:addNew(95)) - cdd1bc6e-a52c-4b83-9205-8b665f0a3658: addNew group-3FA22E84EAD5:[06b1e515-8a0e-4448-8d82-5bc90e0fbeba|rpc:10.1.0.21:43961|dataStream:|priority:0, cdd1bc6e-a52c-4b83-9205-8b665f0a3658|rpc:10.1.0.21:38573|dataStream:|priority:0, 4240b545-6c07-448f-ac96-de7b778a6442|rpc:10.1.0.21:45639|dataStream:|priority:1] returns group-3FA22E84EAD5:java.util.concurrent.CompletableFuture@3ccdc06a[Not completed]
2021-08-17 11:44:23,190 [pool-392-thread-1] INFO  server.RaftServer$Division (RaftServerImpl.java:<init>(181)) - cdd1bc6e-a52c-4b83-9205-8b665f0a3658: new RaftServerImpl for group-3FA22E84EAD5:[06b1e515-8a0e-4448-8d82-5bc90e0fbeba|rpc:10.1.0.21:43961|dataStream:|priority:0, cdd1bc6e-a52c-4b83-9205-8b665f0a3658|rpc:10.1.0.21:38573|dataStream:|priority:0, 4240b545-6c07-448f-ac96-de7b778a6442|rpc:10.1.0.21:45639|dataStream:|priority:1] with ContainerStateMachine:uninitialized
2021-08-17 11:44:23,190 [pool-392-thread-1] INFO  server.RaftServerConfigKeys (ConfUtils.java:logGet(44)) - raft.server.rpc.timeout.min = 5s (custom)
2021-08-17 11:44:23,190 [pool-392-thread-1] INFO  server.RaftServerConfigKeys (ConfUtils.java:logGet(44)) - raft.server.rpc.timeout.max = 5200ms (custom)
2021-08-17 11:44:23,190 [pool-392-thread-1] INFO  server.RaftServerConfigKeys (ConfUtils.java:logGet(44)) - raft.server.rpc.sleep.time = 25ms (default)
2021-08-17 11:44:23,190 [pool-392-thread-1] INFO  server.RaftServerConfigKeys (ConfUtils.java:logGet(44)) - raft.server.rpc.slowness.timeout = 300s (custom)
2021-08-17 11:44:23,190 [pool-392-thread-1] INFO  server.RaftServerConfigKeys (ConfUtils.java:logGet(44)) - raft.server.leaderelection.leader.step-down.wait-time = 10s (default)
2021-08-17 11:44:23,190 [pool-392-thread-1] INFO  server.RaftServerConfigKeys (ConfUtils.java:logGet(44)) - raft.server.sleep.deviation.threshold = 300ms (default)
2021-08-17 11:44:23,190 [pool-392-thread-1] INFO  server.RaftServerConfigKeys (ConfUtils.java:logGet(44)) - raft.server.log.appender.install.snapshot.enabled = false (custom)
2021-08-17 11:44:23,190 [pool-392-thread-1] INFO  server.RaftServer$Division (ServerState.java:<init>(105)) - cdd1bc6e-a52c-4b83-9205-8b665f0a3658@group-3FA22E84EAD5: ConfigurationManager, init=-1: [06b1e515-8a0e-4448-8d82-5bc90e0fbeba|rpc:10.1.0.21:43961|dataStream:|priority:0, cdd1bc6e-a52c-4b83-9205-8b665f0a3658|rpc:10.1.0.21:38573|dataStream:|priority:0, 4240b545-6c07-448f-ac96-de7b778a6442|rpc:10.1.0.21:45639|dataStream:|priority:1], old=null, confs=<EMPTY_MAP>
2021-08-17 11:44:23,190 [pool-392-thread-1] INFO  server.RaftServerConfigKeys (ConfUtils.java:logGet(44)) - raft.server.storage.dir = [/home/runner/work/ozone/ozone/hadoop-ozone/integration-test/target/test-dir/MiniOzoneClusterImpl-3aa90084-af08-4299-bf83-992dfa8833c1/datanode-1/data/ratis] (custom)
2021-08-17 11:44:23,191 [pool-392-thread-1] INFO  server.RaftServerConfigKeys (ConfUtils.java:logGet(44)) - raft.server.log.corruption.policy = EXCEPTION (default)
2021-08-17 11:44:23,191 [pool-392-thread-1] INFO  server.RaftServerConfigKeys (ConfUtils.java:logGet(44)) - raft.server.storage.free-space.min = 0MB (=0) (default)
2021-08-17 11:44:23,191 [pool-392-thread-1] INFO  storage.RaftStorageDirectory (RaftStorageDirectoryImpl.java:analyzeStorage(135)) - The storage directory /home/runner/work/ozone/ozone/hadoop-ozone/integration-test/target/test-dir/MiniOzoneClusterImpl-3aa90084-af08-4299-bf83-992dfa8833c1/datanode-1/data/ratis/626c0933-ea74-4d1d-9f5e-3fa22e84ead5 does not exist. Creating ...
2021-08-17 11:44:23,192 [pool-392-thread-1] INFO  storage.RaftStorageDirectory (RaftStorageDirectoryImpl.java:tryLock(230)) - Lock on /home/runner/work/ozone/ozone/hadoop-ozone/integration-test/target/test-dir/MiniOzoneClusterImpl-3aa90084-af08-4299-bf83-992dfa8833c1/datanode-1/data/ratis/626c0933-ea74-4d1d-9f5e-3fa22e84ead5/in_use.lock acquired by nodename 22106@fv-az291-680
2021-08-17 11:44:23,196 [pool-392-thread-1] INFO  storage.RaftStorage (RaftStorageImpl.java:format(89)) - Storage directory /home/runner/work/ozone/ozone/hadoop-ozone/integration-test/target/test-dir/MiniOzoneClusterImpl-3aa90084-af08-4299-bf83-992dfa8833c1/datanode-1/data/ratis/626c0933-ea74-4d1d-9f5e-3fa22e84ead5 has been successfully formatted.
2021-08-17 11:44:23,197 [Datanode State Machine Thread - 0] WARN  statemachine.StateContext (StateContext.java:execute(621)) - No available thread in pool for past 1 seconds.
2021-08-17 11:44:23,197 [pool-392-thread-1] INFO  ratis.ContainerStateMachine (ContainerStateMachine.java:loadSnapshot(225)) - group-3FA22E84EAD5: The snapshot info is null. Setting the last applied indexto:(t:0, i:~)
2021-08-17 11:44:23,198 [pool-392-thread-1] INFO  server.RaftServerConfigKeys (ConfUtils.java:logGet(44)) - raft.server.notification.no-leader.timeout = 300s (custom)
2021-08-17 11:44:23,198 [pool-392-thread-1] INFO  server.RaftServerConfigKeys (ConfUtils.java:logGet(44)) - raft.server.log.use.memory = false (default)
2021-08-17 11:44:23,198 [pool-392-thread-1] INFO  server.RaftServerConfigKeys (ConfUtils.java:logGet(44)) - raft.server.log.purge.gap = 1000000 (custom)
2021-08-17 11:44:23,198 [pool-392-thread-1] INFO  server.RaftServerConfigKeys (ConfUtils.java:logGet(44)) - raft.server.log.appender.buffer.byte-limit = 33554432 (custom)
2021-08-17 11:44:23,198 [pool-392-thread-1] INFO  server.RaftServerConfigKeys (ConfUtils.java:logGet(44)) - raft.server.log.segment.size.max = 1048576 (custom)
2021-08-17 11:44:23,199 [pool-392-thread-1] INFO  server.RaftServerConfigKeys (ConfUtils.java:logGet(44)) - raft.server.log.segment.cache.num.max = 2 (custom)
2021-08-17 11:44:23,199 [pool-392-thread-1] INFO  server.RaftServerConfigKeys (ConfUtils.java:logGet(44)) - raft.server.log.segment.cache.size.max = 200MB (=209715200) (default)
2021-08-17 11:44:23,199 [pool-392-thread-1] INFO  segmented.SegmentedRaftLogWorker (SegmentedRaftLogWorker.java:<init>(182)) - new cdd1bc6e-a52c-4b83-9205-8b665f0a3658@group-3FA22E84EAD5-SegmentedRaftLogWorker for RaftStorageImpl:Storage Directory /home/runner/work/ozone/ozone/hadoop-ozone/integration-test/target/test-dir/MiniOzoneClusterImpl-3aa90084-af08-4299-bf83-992dfa8833c1/datanode-1/data/ratis/626c0933-ea74-4d1d-9f5e-3fa22e84ead5
2021-08-17 11:44:23,199 [pool-392-thread-1] INFO  server.RaftServerConfigKeys (ConfUtils.java:logGet(44)) - raft.server.log.queue.byte-limit = 2147483647 (custom)
2021-08-17 11:44:23,199 [pool-392-thread-1] INFO  server.RaftServerConfigKeys (ConfUtils.java:logGet(44)) - raft.server.log.queue.element-limit = 1024 (custom)
2021-08-17 11:44:23,199 [pool-392-thread-1] INFO  server.RaftServerConfigKeys (ConfUtils.java:logGet(44)) - raft.server.log.segment.size.max = 1048576 (custom)
2021-08-17 11:44:23,199 [pool-392-thread-1] INFO  server.RaftServerConfigKeys (ConfUtils.java:logGet(44)) - raft.server.log.preallocated.size = 16384 (custom)
2021-08-17 11:44:23,199 [pool-392-thread-1] INFO  server.RaftServerConfigKeys (ConfUtils.java:logGet(44)) - raft.server.log.force.sync.num = 128 (default)
2021-08-17 11:44:23,199 [pool-392-thread-1] INFO  server.RaftServerConfigKeys (ConfUtils.java:logGet(44)) - raft.server.log.statemachine.data.sync = true (default)
2021-08-17 11:44:23,199 [pool-392-thread-1] INFO  server.RaftServerConfigKeys (ConfUtils.java:logGet(44)) - raft.server.log.statemachine.data.sync.timeout = 10s (default)
2021-08-17 11:44:23,199 [pool-392-thread-1] INFO  server.RaftServerConfigKeys (ConfUtils.java:logGet(44)) - raft.server.log.statemachine.data.sync.timeout.retry = -1 (default)
2021-08-17 11:44:23,200 [pool-392-thread-1] INFO  server.RaftServerConfigKeys (ConfUtils.java:logGet(44)) - raft.server.log.write.buffer.size = 1048576 (custom)
2021-08-17 11:44:23,200 [pool-392-thread-1] INFO  server.RaftServerConfigKeys (ConfUtils.java:logGet(44)) - raft.server.log.statemachine.data.caching.enabled = true (custom)
2021-08-17 11:44:23,203 [pool-392-thread-1] INFO  segmented.SegmentedRaftLogWorker (SegmentedRaftLogWorker.java:lambda$new$0(133)) - cdd1bc6e-a52c-4b83-9205-8b665f0a3658@group-3FA22E84EAD5-SegmentedRaftLogWorker: flushIndex: setUnconditionally 0 -> -1
2021-08-17 11:44:23,203 [pool-392-thread-1] INFO  segmented.SegmentedRaftLogWorker (SegmentedRaftLogWorker.java:lambda$new$0(133)) - cdd1bc6e-a52c-4b83-9205-8b665f0a3658@group-3FA22E84EAD5-SegmentedRaftLogWorker: safeCacheEvictIndex: setUnconditionally 0 -> -1
2021-08-17 11:44:23,203 [pool-392-thread-1] INFO  server.RaftServerConfigKeys (ConfUtils.java:logGet(44)) - raft.server.snapshot.auto.trigger.enabled = true (custom)
2021-08-17 11:44:23,203 [pool-392-thread-1] INFO  server.RaftServerConfigKeys (ConfUtils.java:logGet(44)) - raft.server.snapshot.auto.trigger.threshold = 10000 (custom)
2021-08-17 11:44:23,203 [pool-392-thread-1] INFO  server.RaftServerConfigKeys (ConfUtils.java:logGet(44)) - raft.server.snapshot.retention.file.num = 5 (custom)
2021-08-17 11:44:23,204 [pool-392-thread-1] INFO  server.RaftServerConfigKeys (ConfUtils.java:logGet(44)) - raft.server.log.purge.upto.snapshot.index = false (default)
2021-08-17 11:44:23,204 [pool-392-thread-1] INFO  server.RaftServerConfigKeys (ConfUtils.java:logGet(44)) - raft.server.retrycache.expirytime = 600000ms (custom)
2021-08-17 11:44:23,204 [pool-392-thread-1] INFO  server.RaftServerConfigKeys (ConfUtils.java:logGet(44)) - raft.server.retrycache.statistics.expirytime = 100μs (default)
2021-08-17 11:44:23,205 [pool-392-thread-1] INFO  server.RaftServer$Division (RaftServerImpl.java:start(296)) - cdd1bc6e-a52c-4b83-9205-8b665f0a3658@group-3FA22E84EAD5: start as a follower, conf=-1: [06b1e515-8a0e-4448-8d82-5bc90e0fbeba|rpc:10.1.0.21:43961|dataStream:|priority:0, cdd1bc6e-a52c-4b83-9205-8b665f0a3658|rpc:10.1.0.21:38573|dataStream:|priority:0, 4240b545-6c07-448f-ac96-de7b778a6442|rpc:10.1.0.21:45639|dataStream:|priority:1], old=null
2021-08-17 11:44:23,205 [pool-392-thread-1] INFO  server.RaftServer$Division (RaftServerImpl.java:setRole(285)) - cdd1bc6e-a52c-4b83-9205-8b665f0a3658@group-3FA22E84EAD5: changes role from      null to FOLLOWER at term 0 for startAsFollower
2021-08-17 11:44:23,205 [pool-392-thread-1] INFO  impl.RoleInfo (RoleInfo.java:updateAndGet(130)) - cdd1bc6e-a52c-4b83-9205-8b665f0a3658: start cdd1bc6e-a52c-4b83-9205-8b665f0a3658@group-3FA22E84EAD5-FollowerState
2021-08-17 11:44:23,205 [pool-392-thread-1] INFO  util.JmxRegister (JmxRegister.java:tryRegister(44)) - Successfully registered JMX Bean with object name Ratis:service=RaftServer,group=group-3FA22E84EAD5,id=cdd1bc6e-a52c-4b83-9205-8b665f0a3658
2021-08-17 11:44:23,264 [grpc-default-executor-0] INFO  server.RaftServer (RaftServerProxy.java:addNew(95)) - 4240b545-6c07-448f-ac96-de7b778a6442: addNew group-3FA22E84EAD5:[06b1e515-8a0e-4448-8d82-5bc90e0fbeba|rpc:10.1.0.21:43961|dataStream:|priority:0, cdd1bc6e-a52c-4b83-9205-8b665f0a3658|rpc:10.1.0.21:38573|dataStream:|priority:0, 4240b545-6c07-448f-ac96-de7b778a6442|rpc:10.1.0.21:45639|dataStream:|priority:1] returns group-3FA22E84EAD5:java.util.concurrent.CompletableFuture@2eb51010[Not completed]
2021-08-17 11:44:23,268 [pool-411-thread-1] INFO  server.RaftServer$Division (RaftServerImpl.java:<init>(181)) - 4240b545-6c07-448f-ac96-de7b778a6442: new RaftServerImpl for group-3FA22E84EAD5:[06b1e515-8a0e-4448-8d82-5bc90e0fbeba|rpc:10.1.0.21:43961|dataStream:|priority:0, cdd1bc6e-a52c-4b83-9205-8b665f0a3658|rpc:10.1.0.21:38573|dataStream:|priority:0, 4240b545-6c07-448f-ac96-de7b778a6442|rpc:10.1.0.21:45639|dataStream:|priority:1] with ContainerStateMachine:uninitialized
2021-08-17 11:44:23,269 [pool-411-thread-1] INFO  server.RaftServerConfigKeys (ConfUtils.java:logGet(44)) - raft.server.rpc.timeout.min = 5s (custom)
2021-08-17 11:44:23,269 [pool-411-thread-1] INFO  server.RaftServerConfigKeys (ConfUtils.java:logGet(44)) - raft.server.rpc.timeout.max = 5200ms (custom)
2021-08-17 11:44:23,269 [pool-411-thread-1] INFO  server.RaftServerConfigKeys (ConfUtils.java:logGet(44)) - raft.server.rpc.sleep.time = 25ms (default)
2021-08-17 11:44:23,269 [pool-411-thread-1] INFO  server.RaftServerConfigKeys (ConfUtils.java:logGet(44)) - raft.server.rpc.slowness.timeout = 300s (custom)
2021-08-17 11:44:23,269 [pool-411-thread-1] INFO  server.RaftServerConfigKeys (ConfUtils.java:logGet(44)) - raft.server.leaderelection.leader.step-down.wait-time = 10s (default)
2021-08-17 11:44:23,269 [pool-411-thread-1] INFO  server.RaftServerConfigKeys (ConfUtils.java:logGet(44)) - raft.server.sleep.deviation.threshold = 300ms (default)
2021-08-17 11:44:23,269 [pool-411-thread-1] INFO  server.RaftServerConfigKeys (ConfUtils.java:logGet(44)) - raft.server.log.appender.install.snapshot.enabled = false (custom)
2021-08-17 11:44:23,269 [pool-411-thread-1] INFO  server.RaftServer$Division (ServerState.java:<init>(105)) - 4240b545-6c07-448f-ac96-de7b778a6442@group-3FA22E84EAD5: ConfigurationManager, init=-1: [06b1e515-8a0e-4448-8d82-5bc90e0fbeba|rpc:10.1.0.21:43961|dataStream:|priority:0, cdd1bc6e-a52c-4b83-9205-8b665f0a3658|rpc:10.1.0.21:38573|dataStream:|priority:0, 4240b545-6c07-448f-ac96-de7b778a6442|rpc:10.1.0.21:45639|dataStream:|priority:1], old=null, confs=<EMPTY_MAP>
2021-08-17 11:44:23,269 [pool-411-thread-1] INFO  server.RaftServerConfigKeys (ConfUtils.java:logGet(44)) - raft.server.storage.dir = [/home/runner/work/ozone/ozone/hadoop-ozone/integration-test/target/test-dir/MiniOzoneClusterImpl-3aa90084-af08-4299-bf83-992dfa8833c1/datanode-2/data/ratis] (custom)
2021-08-17 11:44:23,269 [pool-411-thread-1] INFO  server.RaftServerConfigKeys (ConfUtils.java:logGet(44)) - raft.server.log.corruption.policy = EXCEPTION (default)
2021-08-17 11:44:23,269 [pool-411-thread-1] INFO  server.RaftServerConfigKeys (ConfUtils.java:logGet(44)) - raft.server.storage.free-space.min = 0MB (=0) (default)
2021-08-17 11:44:23,269 [pool-411-thread-1] INFO  storage.RaftStorageDirectory (RaftStorageDirectoryImpl.java:analyzeStorage(135)) - The storage directory /home/runner/work/ozone/ozone/hadoop-ozone/integration-test/target/test-dir/MiniOzoneClusterImpl-3aa90084-af08-4299-bf83-992dfa8833c1/datanode-2/data/ratis/626c0933-ea74-4d1d-9f5e-3fa22e84ead5 does not exist. Creating ...
2021-08-17 11:44:23,272 [pool-411-thread-1] INFO  storage.RaftStorageDirectory (RaftStorageDirectoryImpl.java:tryLock(230)) - Lock on /home/runner/work/ozone/ozone/hadoop-ozone/integration-test/target/test-dir/MiniOzoneClusterImpl-3aa90084-af08-4299-bf83-992dfa8833c1/datanode-2/data/ratis/626c0933-ea74-4d1d-9f5e-3fa22e84ead5/in_use.lock acquired by nodename 22106@fv-az291-680
2021-08-17 11:44:23,276 [pool-411-thread-1] INFO  storage.RaftStorage (RaftStorageImpl.java:format(89)) - Storage directory /home/runner/work/ozone/ozone/hadoop-ozone/integration-test/target/test-dir/MiniOzoneClusterImpl-3aa90084-af08-4299-bf83-992dfa8833c1/datanode-2/data/ratis/626c0933-ea74-4d1d-9f5e-3fa22e84ead5 has been successfully formatted.
2021-08-17 11:44:23,277 [Datanode State Machine Thread - 0] WARN  statemachine.StateContext (StateContext.java:execute(621)) - No available thread in pool for past 1 seconds.
2021-08-17 11:44:23,278 [pool-411-thread-1] INFO  ratis.ContainerStateMachine (ContainerStateMachine.java:loadSnapshot(225)) - group-3FA22E84EAD5: The snapshot info is null. Setting the last applied indexto:(t:0, i:~)
2021-08-17 11:44:23,279 [pool-411-thread-1] INFO  server.RaftServerConfigKeys (ConfUtils.java:logGet(44)) - raft.server.notification.no-leader.timeout = 300s (custom)
2021-08-17 11:44:23,279 [pool-411-thread-1] INFO  server.RaftServerConfigKeys (ConfUtils.java:logGet(44)) - raft.server.log.use.memory = false (default)
2021-08-17 11:44:23,279 [pool-411-thread-1] INFO  server.RaftServerConfigKeys (ConfUtils.java:logGet(44)) - raft.server.log.purge.gap = 1000000 (custom)
2021-08-17 11:44:23,279 [pool-411-thread-1] INFO  server.RaftServerConfigKeys (ConfUtils.java:logGet(44)) - raft.server.log.appender.buffer.byte-limit = 33554432 (custom)
2021-08-17 11:44:23,279 [pool-411-thread-1] INFO  server.RaftServerConfigKeys (ConfUtils.java:logGet(44)) - raft.server.log.segment.size.max = 1048576 (custom)
2021-08-17 11:44:23,279 [pool-411-thread-1] INFO  server.RaftServerConfigKeys (ConfUtils.java:logGet(44)) - raft.server.log.segment.cache.num.max = 2 (custom)
2021-08-17 11:44:23,279 [pool-411-thread-1] INFO  server.RaftServerConfigKeys (ConfUtils.java:logGet(44)) - raft.server.log.segment.cache.size.max = 200MB (=209715200) (default)
2021-08-17 11:44:23,279 [pool-411-thread-1] INFO  segmented.SegmentedRaftLogWorker (SegmentedRaftLogWorker.java:<init>(182)) - new 4240b545-6c07-448f-ac96-de7b778a6442@group-3FA22E84EAD5-SegmentedRaftLogWorker for RaftStorageImpl:Storage Directory /home/runner/work/ozone/ozone/hadoop-ozone/integration-test/target/test-dir/MiniOzoneClusterImpl-3aa90084-af08-4299-bf83-992dfa8833c1/datanode-2/data/ratis/626c0933-ea74-4d1d-9f5e-3fa22e84ead5
2021-08-17 11:44:23,280 [pool-411-thread-1] INFO  server.RaftServerConfigKeys (ConfUtils.java:logGet(44)) - raft.server.log.queue.byte-limit = 2147483647 (custom)
2021-08-17 11:44:23,280 [pool-411-thread-1] INFO  server.RaftServerConfigKeys (ConfUtils.java:logGet(44)) - raft.server.log.queue.element-limit = 1024 (custom)
2021-08-17 11:44:23,280 [pool-411-thread-1] INFO  server.RaftServerConfigKeys (ConfUtils.java:logGet(44)) - raft.server.log.segment.size.max = 1048576 (custom)
2021-08-17 11:44:23,280 [pool-411-thread-1] INFO  server.RaftServerConfigKeys (ConfUtils.java:logGet(44)) - raft.server.log.preallocated.size = 16384 (custom)
2021-08-17 11:44:23,280 [pool-411-thread-1] INFO  server.RaftServerConfigKeys (ConfUtils.java:logGet(44)) - raft.server.log.force.sync.num = 128 (default)
2021-08-17 11:44:23,280 [pool-411-thread-1] INFO  server.RaftServerConfigKeys (ConfUtils.java:logGet(44)) - raft.server.log.statemachine.data.sync = true (default)
2021-08-17 11:44:23,280 [pool-411-thread-1] INFO  server.RaftServerConfigKeys (ConfUtils.java:logGet(44)) - raft.server.log.statemachine.data.sync.timeout = 10s (default)
2021-08-17 11:44:23,280 [pool-411-thread-1] INFO  server.RaftServerConfigKeys (ConfUtils.java:logGet(44)) - raft.server.log.statemachine.data.sync.timeout.retry = -1 (default)
2021-08-17 11:44:23,281 [pool-411-thread-1] INFO  server.RaftServerConfigKeys (ConfUtils.java:logGet(44)) - raft.server.log.write.buffer.size = 1048576 (custom)
2021-08-17 11:44:23,281 [pool-411-thread-1] INFO  server.RaftServerConfigKeys (ConfUtils.java:logGet(44)) - raft.server.log.statemachine.data.caching.enabled = true (custom)
2021-08-17 11:44:23,281 [pool-411-thread-1] INFO  segmented.SegmentedRaftLogWorker (SegmentedRaftLogWorker.java:lambda$new$0(133)) - 4240b545-6c07-448f-ac96-de7b778a6442@group-3FA22E84EAD5-SegmentedRaftLogWorker: flushIndex: setUnconditionally 0 -> -1
2021-08-17 11:44:23,282 [pool-411-thread-1] INFO  segmented.SegmentedRaftLogWorker (SegmentedRaftLogWorker.java:lambda$new$0(133)) - 4240b545-6c07-448f-ac96-de7b778a6442@group-3FA22E84EAD5-SegmentedRaftLogWorker: safeCacheEvictIndex: setUnconditionally 0 -> -1
2021-08-17 11:44:23,293 [pool-411-thread-1] INFO  server.RaftServerConfigKeys (ConfUtils.java:logGet(44)) - raft.server.snapshot.auto.trigger.enabled = true (custom)
2021-08-17 11:44:23,293 [pool-411-thread-1] INFO  server.RaftServerConfigKeys (ConfUtils.java:logGet(44)) - raft.server.snapshot.auto.trigger.threshold = 10000 (custom)
2021-08-17 11:44:23,293 [pool-411-thread-1] INFO  server.RaftServerConfigKeys (ConfUtils.java:logGet(44)) - raft.server.snapshot.retention.file.num = 5 (custom)
2021-08-17 11:44:23,293 [pool-411-thread-1] INFO  server.RaftServerConfigKeys (ConfUtils.java:logGet(44)) - raft.server.log.purge.upto.snapshot.index = false (default)
2021-08-17 11:44:23,293 [pool-411-thread-1] INFO  server.RaftServerConfigKeys (ConfUtils.java:logGet(44)) - raft.server.retrycache.expirytime = 600000ms (custom)
2021-08-17 11:44:23,293 [pool-411-thread-1] INFO  server.RaftServerConfigKeys (ConfUtils.java:logGet(44)) - raft.server.retrycache.statistics.expirytime = 100μs (default)
2021-08-17 11:44:23,294 [pool-411-thread-1] INFO  server.RaftServer$Division (RaftServerImpl.java:start(296)) - 4240b545-6c07-448f-ac96-de7b778a6442@group-3FA22E84EAD5: start as a follower, conf=-1: [06b1e515-8a0e-4448-8d82-5bc90e0fbeba|rpc:10.1.0.21:43961|dataStream:|priority:0, cdd1bc6e-a52c-4b83-9205-8b665f0a3658|rpc:10.1.0.21:38573|dataStream:|priority:0, 4240b545-6c07-448f-ac96-de7b778a6442|rpc:10.1.0.21:45639|dataStream:|priority:1], old=null
2021-08-17 11:44:23,294 [pool-411-thread-1] INFO  server.RaftServer$Division (RaftServerImpl.java:setRole(285)) - 4240b545-6c07-448f-ac96-de7b778a6442@group-3FA22E84EAD5: changes role from      null to FOLLOWER at term 0 for startAsFollower
2021-08-17 11:44:23,294 [pool-411-thread-1] INFO  impl.RoleInfo (RoleInfo.java:updateAndGet(130)) - 4240b545-6c07-448f-ac96-de7b778a6442: start 4240b545-6c07-448f-ac96-de7b778a6442@group-3FA22E84EAD5-FollowerState
2021-08-17 11:44:23,297 [pool-411-thread-1] INFO  util.JmxRegister (JmxRegister.java:tryRegister(44)) - Successfully registered JMX Bean with object name Ratis:service=RaftServer,group=group-3FA22E84EAD5,id=4240b545-6c07-448f-ac96-de7b778a6442
2021-08-17 11:44:23,321 [Command processor thread] INFO  commandhandler.CreatePipelineCommandHandler (CreatePipelineCommandHandler.java:handle(106)) - Created Pipeline RATIS THREE PipelineID=626c0933-ea74-4d1d-9f5e-3fa22e84ead5.
2021-08-17 11:44:23,545 [Command processor thread] INFO  server.RaftServer (RaftServerProxy.java:addNew(95)) - cdd1bc6e-a52c-4b83-9205-8b665f0a3658: addNew group-5BB2E7DFC0E0:[cdd1bc6e-a52c-4b83-9205-8b665f0a3658|rpc:10.1.0.21:38573|priority:1] returns group-5BB2E7DFC0E0:java.util.concurrent.CompletableFuture@436a4bea[Not completed]
2021-08-17 11:44:23,545 [pool-392-thread-1] INFO  server.RaftServer$Division (RaftServerImpl.java:<init>(181)) - cdd1bc6e-a52c-4b83-9205-8b665f0a3658: new RaftServerImpl for group-5BB2E7DFC0E0:[cdd1bc6e-a52c-4b83-9205-8b665f0a3658|rpc:10.1.0.21:38573|priority:1] with ContainerStateMachine:uninitialized
2021-08-17 11:44:23,545 [pool-392-thread-1] INFO  server.RaftServerConfigKeys (ConfUtils.java:logGet(44)) - raft.server.rpc.timeout.min = 5s (custom)
2021-08-17 11:44:23,545 [pool-392-thread-1] INFO  server.RaftServerConfigKeys (ConfUtils.java:logGet(44)) - raft.server.rpc.timeout.max = 5200ms (custom)
2021-08-17 11:44:23,545 [pool-392-thread-1] INFO  server.RaftServerConfigKeys (ConfUtils.java:logGet(44)) - raft.server.rpc.sleep.time = 25ms (default)
2021-08-17 11:44:23,545 [pool-392-thread-1] INFO  server.RaftServerConfigKeys (ConfUtils.java:logGet(44)) - raft.server.rpc.slowness.timeout = 300s (custom)
2021-08-17 11:44:23,546 [pool-392-thread-1] INFO  server.RaftServerConfigKeys (ConfUtils.java:logGet(44)) - raft.server.leaderelection.leader.step-down.wait-time = 10s (default)
2021-08-17 11:44:23,546 [pool-392-thread-1] INFO  server.RaftServerConfigKeys (ConfUtils.java:logGet(44)) - raft.server.sleep.deviation.threshold = 300ms (default)
2021-08-17 11:44:23,546 [pool-392-thread-1] INFO  server.RaftServerConfigKeys (ConfUtils.java:logGet(44)) - raft.server.log.appender.install.snapshot.enabled = false (custom)
2021-08-17 11:44:23,546 [pool-392-thread-1] INFO  server.RaftServer$Division (ServerState.java:<init>(105)) - cdd1bc6e-a52c-4b83-9205-8b665f0a3658@group-5BB2E7DFC0E0: ConfigurationManager, init=-1: [cdd1bc6e-a52c-4b83-9205-8b665f0a3658|rpc:10.1.0.21:38573|priority:1], old=null, confs=<EMPTY_MAP>
2021-08-17 11:44:23,546 [pool-392-thread-1] INFO  server.RaftServerConfigKeys (ConfUtils.java:logGet(44)) - raft.server.storage.dir = [/home/runner/work/ozone/ozone/hadoop-ozone/integration-test/target/test-dir/MiniOzoneClusterImpl-3aa90084-af08-4299-bf83-992dfa8833c1/datanode-1/data/ratis] (custom)
2021-08-17 11:44:23,546 [pool-392-thread-1] INFO  server.RaftServerConfigKeys (ConfUtils.java:logGet(44)) - raft.server.log.corruption.policy = EXCEPTION (default)
2021-08-17 11:44:23,546 [pool-392-thread-1] INFO  server.RaftServerConfigKeys (ConfUtils.java:logGet(44)) - raft.server.storage.free-space.min = 0MB (=0) (default)
2021-08-17 11:44:23,546 [pool-392-thread-1] INFO  storage.RaftStorageDirectory (RaftStorageDirectoryImpl.java:analyzeStorage(135)) - The storage directory /home/runner/work/ozone/ozone/hadoop-ozone/integration-test/target/test-dir/MiniOzoneClusterImpl-3aa90084-af08-4299-bf83-992dfa8833c1/datanode-1/data/ratis/b293f434-5fce-4d3d-bf11-5bb2e7dfc0e0 does not exist. Creating ...
2021-08-17 11:44:23,547 [pool-392-thread-1] INFO  storage.RaftStorageDirectory (RaftStorageDirectoryImpl.java:tryLock(230)) - Lock on /home/runner/work/ozone/ozone/hadoop-ozone/integration-test/target/test-dir/MiniOzoneClusterImpl-3aa90084-af08-4299-bf83-992dfa8833c1/datanode-1/data/ratis/b293f434-5fce-4d3d-bf11-5bb2e7dfc0e0/in_use.lock acquired by nodename 22106@fv-az291-680
2021-08-17 11:44:23,548 [pool-392-thread-1] INFO  storage.RaftStorage (RaftStorageImpl.java:format(89)) - Storage directory /home/runner/work/ozone/ozone/hadoop-ozone/integration-test/target/test-dir/MiniOzoneClusterImpl-3aa90084-af08-4299-bf83-992dfa8833c1/datanode-1/data/ratis/b293f434-5fce-4d3d-bf11-5bb2e7dfc0e0 has been successfully formatted.
2021-08-17 11:44:23,548 [Datanode State Machine Thread - 0] WARN  statemachine.StateContext (StateContext.java:execute(621)) - No available thread in pool for past 1 seconds.
2021-08-17 11:44:23,549 [pool-392-thread-1] INFO  ratis.ContainerStateMachine (ContainerStateMachine.java:loadSnapshot(225)) - group-5BB2E7DFC0E0: The snapshot info is null. Setting the last applied indexto:(t:0, i:~)
2021-08-17 11:44:23,549 [pool-392-thread-1] INFO  server.RaftServerConfigKeys (ConfUtils.java:logGet(44)) - raft.server.notification.no-leader.timeout = 300s (custom)
2021-08-17 11:44:23,549 [pool-392-thread-1] INFO  server.RaftServerConfigKeys (ConfUtils.java:logGet(44)) - raft.server.log.use.memory = false (default)
2021-08-17 11:44:23,549 [pool-392-thread-1] INFO  server.RaftServerConfigKeys (ConfUtils.java:logGet(44)) - raft.server.log.purge.gap = 1000000 (custom)
2021-08-17 11:44:23,549 [pool-392-thread-1] INFO  server.RaftServerConfigKeys (ConfUtils.java:logGet(44)) - raft.server.log.appender.buffer.byte-limit = 33554432 (custom)
2021-08-17 11:44:23,550 [pool-392-thread-1] INFO  server.RaftServerConfigKeys (ConfUtils.java:logGet(44)) - raft.server.log.segment.size.max = 1048576 (custom)
2021-08-17 11:44:23,550 [pool-392-thread-1] INFO  server.RaftServerConfigKeys (ConfUtils.java:logGet(44)) - raft.server.log.segment.cache.num.max = 2 (custom)
2021-08-17 11:44:23,550 [pool-392-thread-1] INFO  server.RaftServerConfigKeys (ConfUtils.java:logGet(44)) - raft.server.log.segment.cache.size.max = 200MB (=209715200) (default)
2021-08-17 11:44:23,550 [pool-392-thread-1] INFO  segmented.SegmentedRaftLogWorker (SegmentedRaftLogWorker.java:<init>(182)) - new cdd1bc6e-a52c-4b83-9205-8b665f0a3658@group-5BB2E7DFC0E0-SegmentedRaftLogWorker for RaftStorageImpl:Storage Directory /home/runner/work/ozone/ozone/hadoop-ozone/integration-test/target/test-dir/MiniOzoneClusterImpl-3aa90084-af08-4299-bf83-992dfa8833c1/datanode-1/data/ratis/b293f434-5fce-4d3d-bf11-5bb2e7dfc0e0
2021-08-17 11:44:23,550 [pool-392-thread-1] INFO  server.RaftServerConfigKeys (ConfUtils.java:logGet(44)) - raft.server.log.queue.byte-limit = 2147483647 (custom)
2021-08-17 11:44:23,550 [pool-392-thread-1] INFO  server.RaftServerConfigKeys (ConfUtils.java:logGet(44)) - raft.server.log.queue.element-limit = 1024 (custom)
2021-08-17 11:44:23,550 [pool-392-thread-1] INFO  server.RaftServerConfigKeys (ConfUtils.java:logGet(44)) - raft.server.log.segment.size.max = 1048576 (custom)
2021-08-17 11:44:23,550 [pool-392-thread-1] INFO  server.RaftServerConfigKeys (ConfUtils.java:logGet(44)) - raft.server.log.preallocated.size = 16384 (custom)
2021-08-17 11:44:23,550 [pool-392-thread-1] INFO  server.RaftServerConfigKeys (ConfUtils.java:logGet(44)) - raft.server.log.force.sync.num = 128 (default)
2021-08-17 11:44:23,550 [pool-392-thread-1] INFO  server.RaftServerConfigKeys (ConfUtils.java:logGet(44)) - raft.server.log.statemachine.data.sync = true (default)
2021-08-17 11:44:23,550 [pool-392-thread-1] INFO  server.RaftServerConfigKeys (ConfUtils.java:logGet(44)) - raft.server.log.statemachine.data.sync.timeout = 10s (default)
2021-08-17 11:44:23,551 [pool-392-thread-1] INFO  server.RaftServerConfigKeys (ConfUtils.java:logGet(44)) - raft.server.log.statemachine.data.sync.timeout.retry = -1 (default)
2021-08-17 11:44:23,551 [pool-392-thread-1] INFO  server.RaftServerConfigKeys (ConfUtils.java:logGet(44)) - raft.server.log.write.buffer.size = 1048576 (custom)
2021-08-17 11:44:23,552 [pool-392-thread-1] INFO  server.RaftServerConfigKeys (ConfUtils.java:logGet(44)) - raft.server.log.statemachine.data.caching.enabled = true (custom)
2021-08-17 11:44:23,552 [pool-392-thread-1] INFO  segmented.SegmentedRaftLogWorker (SegmentedRaftLogWorker.java:lambda$new$0(133)) - cdd1bc6e-a52c-4b83-9205-8b665f0a3658@group-5BB2E7DFC0E0-SegmentedRaftLogWorker: flushIndex: setUnconditionally 0 -> -1
2021-08-17 11:44:23,552 [pool-392-thread-1] INFO  segmented.SegmentedRaftLogWorker (SegmentedRaftLogWorker.java:lambda$new$0(133)) - cdd1bc6e-a52c-4b83-9205-8b665f0a3658@group-5BB2E7DFC0E0-SegmentedRaftLogWorker: safeCacheEvictIndex: setUnconditionally 0 -> -1
2021-08-17 11:44:23,571 [pool-392-thread-1] INFO  server.RaftServerConfigKeys (ConfUtils.java:logGet(44)) - raft.server.snapshot.auto.trigger.enabled = true (custom)
2021-08-17 11:44:23,571 [pool-392-thread-1] INFO  server.RaftServerConfigKeys (ConfUtils.java:logGet(44)) - raft.server.snapshot.auto.trigger.threshold = 10000 (custom)
2021-08-17 11:44:23,572 [pool-392-thread-1] INFO  server.RaftServerConfigKeys (ConfUtils.java:logGet(44)) - raft.server.snapshot.retention.file.num = 5 (custom)
2021-08-17 11:44:23,572 [pool-392-thread-1] INFO  server.RaftServerConfigKeys (ConfUtils.java:logGet(44)) - raft.server.log.purge.upto.snapshot.index = false (default)
2021-08-17 11:44:23,572 [pool-392-thread-1] INFO  server.RaftServerConfigKeys (ConfUtils.java:logGet(44)) - raft.server.retrycache.expirytime = 600000ms (custom)
2021-08-17 11:44:23,572 [pool-392-thread-1] INFO  server.RaftServerConfigKeys (ConfUtils.java:logGet(44)) - raft.server.retrycache.statistics.expirytime = 100μs (default)
2021-08-17 11:44:23,573 [pool-392-thread-1] INFO  server.RaftServer$Division (RaftServerImpl.java:start(296)) - cdd1bc6e-a52c-4b83-9205-8b665f0a3658@group-5BB2E7DFC0E0: start as a follower, conf=-1: [cdd1bc6e-a52c-4b83-9205-8b665f0a3658|rpc:10.1.0.21:38573|priority:1], old=null
2021-08-17 11:44:23,573 [pool-392-thread-1] INFO  server.RaftServer$Division (RaftServerImpl.java:setRole(285)) - cdd1bc6e-a52c-4b83-9205-8b665f0a3658@group-5BB2E7DFC0E0: changes role from      null to FOLLOWER at term 0 for startAsFollower
2021-08-17 11:44:23,573 [pool-392-thread-1] INFO  impl.RoleInfo (RoleInfo.java:updateAndGet(130)) - cdd1bc6e-a52c-4b83-9205-8b665f0a3658: start cdd1bc6e-a52c-4b83-9205-8b665f0a3658@group-5BB2E7DFC0E0-FollowerState
2021-08-17 11:44:23,576 [pool-392-thread-1] INFO  util.JmxRegister (JmxRegister.java:tryRegister(44)) - Successfully registered JMX Bean with object name Ratis:service=RaftServer,group=group-5BB2E7DFC0E0,id=cdd1bc6e-a52c-4b83-9205-8b665f0a3658
2021-08-17 11:44:23,576 [EventQueue-PipelineReportForPipelineReportHandler] INFO  pipeline.PipelineManagerImpl (PipelineManagerImpl.java:openPipeline(283)) - Pipeline Pipeline[ Id: b293f434-5fce-4d3d-bf11-5bb2e7dfc0e0, Nodes: cdd1bc6e-a52c-4b83-9205-8b665f0a3658{ip: 10.1.0.21, host: fv-az291-680.wgnan5asplgejimfprtllbpdch.jx.internal.cloudapp.net, ports: [REPLICATION=46125, RATIS=38573, RATIS_ADMIN=38573, RATIS_SERVER=38573, STANDALONE=36045], networkLocation: /default-rack, certSerialId: null, persistedOpState: IN_SERVICE, persistedOpStateExpiryEpochSec: 0}, ReplicationConfig: RATIS/ONE, State:ALLOCATED, leaderId:cdd1bc6e-a52c-4b83-9205-8b665f0a3658, CreationTimestamp2021-08-17T11:44:20.536Z[Etc/UTC]] moved to OPEN state
2021-08-17 11:44:23,577 [EventQueue-OpenPipelineForHealthyPipelineSafeModeRule] INFO  safemode.SCMSafeModeManager (HealthyPipelineSafeModeRule.java:process(124)) - SCM in safe mode. Healthy pipelines reported count is 0, required healthy pipeline reported count is 1
2021-08-17 11:44:23,612 [Command processor thread] INFO  ratis.XceiverServerRatis (XceiverServerRatis.java:addGroup(763)) - Created group PipelineID=b293f434-5fce-4d3d-bf11-5bb2e7dfc0e0
2021-08-17 11:44:23,612 [Command processor thread] INFO  commandhandler.CreatePipelineCommandHandler (CreatePipelineCommandHandler.java:handle(106)) - Created Pipeline RATIS ONE PipelineID=b293f434-5fce-4d3d-bf11-5bb2e7dfc0e0.
2021-08-17 11:44:23,981 [Listener at 127.0.0.1/33323] INFO  ozone.MiniOzoneClusterImpl (MiniOzoneClusterImpl.java:lambda$waitForClusterToBeReady$0(235)) - Nodes are ready. Got 3 of 3 DN Heartbeats.
2021-08-17 11:44:23,981 [Listener at 127.0.0.1/33323] INFO  ozone.MiniOzoneClusterImpl (MiniOzoneClusterImpl.java:lambda$waitForClusterToBeReady$0(238)) - Waiting for cluster to exit safe mode
2021-08-17 11:44:23,981 [Listener at 127.0.0.1/33323] INFO  ozone.MiniOzoneClusterImpl (MiniOzoneClusterImpl.java:lambda$waitForClusterToBeReady$0(240)) - SCM became leader
2021-08-17 11:44:24,009 [Command processor thread] INFO  server.RaftServer (RaftServerProxy.java:addNew(95)) - 4240b545-6c07-448f-ac96-de7b778a6442: addNew group-F9B8CC9BF630:[4240b545-6c07-448f-ac96-de7b778a6442|rpc:10.1.0.21:45639|priority:1] returns group-F9B8CC9BF630:java.util.concurrent.CompletableFuture@5ad08f03[Not completed]
2021-08-17 11:44:24,009 [pool-411-thread-1] INFO  server.RaftServer$Division (RaftServerImpl.java:<init>(181)) - 4240b545-6c07-448f-ac96-de7b778a6442: new RaftServerImpl for group-F9B8CC9BF630:[4240b545-6c07-448f-ac96-de7b778a6442|rpc:10.1.0.21:45639|priority:1] with ContainerStateMachine:uninitialized
2021-08-17 11:44:24,009 [pool-411-thread-1] INFO  server.RaftServerConfigKeys (ConfUtils.java:logGet(44)) - raft.server.rpc.timeout.min = 5s (custom)
2021-08-17 11:44:24,009 [pool-411-thread-1] INFO  server.RaftServerConfigKeys (ConfUtils.java:logGet(44)) - raft.server.rpc.timeout.max = 5200ms (custom)
2021-08-17 11:44:24,010 [pool-411-thread-1] INFO  server.RaftServerConfigKeys (ConfUtils.java:logGet(44)) - raft.server.rpc.sleep.time = 25ms (default)
2021-08-17 11:44:24,010 [pool-411-thread-1] INFO  server.RaftServerConfigKeys (ConfUtils.java:logGet(44)) - raft.server.rpc.slowness.timeout = 300s (custom)
2021-08-17 11:44:24,010 [pool-411-thread-1] INFO  server.RaftServerConfigKeys (ConfUtils.java:logGet(44)) - raft.server.leaderelection.leader.step-down.wait-time = 10s (default)
2021-08-17 11:44:24,010 [pool-411-thread-1] INFO  server.RaftServerConfigKeys (ConfUtils.java:logGet(44)) - raft.server.sleep.deviation.threshold = 300ms (default)
2021-08-17 11:44:24,010 [pool-411-thread-1] INFO  server.RaftServerConfigKeys (ConfUtils.java:logGet(44)) - raft.server.log.appender.install.snapshot.enabled = false (custom)
2021-08-17 11:44:24,010 [pool-411-thread-1] INFO  server.RaftServer$Division (ServerState.java:<init>(105)) - 4240b545-6c07-448f-ac96-de7b778a6442@group-F9B8CC9BF630: ConfigurationManager, init=-1: [4240b545-6c07-448f-ac96-de7b778a6442|rpc:10.1.0.21:45639|priority:1], old=null, confs=<EMPTY_MAP>
2021-08-17 11:44:24,010 [pool-411-thread-1] INFO  server.RaftServerConfigKeys (ConfUtils.java:logGet(44)) - raft.server.storage.dir = [/home/runner/work/ozone/ozone/hadoop-ozone/integration-test/target/test-dir/MiniOzoneClusterImpl-3aa90084-af08-4299-bf83-992dfa8833c1/datanode-2/data/ratis] (custom)
2021-08-17 11:44:24,010 [pool-411-thread-1] INFO  server.RaftServerConfigKeys (ConfUtils.java:logGet(44)) - raft.server.log.corruption.policy = EXCEPTION (default)
2021-08-17 11:44:24,010 [pool-411-thread-1] INFO  server.RaftServerConfigKeys (ConfUtils.java:logGet(44)) - raft.server.storage.free-space.min = 0MB (=0) (default)
2021-08-17 11:44:24,010 [pool-411-thread-1] INFO  storage.RaftStorageDirectory (RaftStorageDirectoryImpl.java:analyzeStorage(135)) - The storage directory /home/runner/work/ozone/ozone/hadoop-ozone/integration-test/target/test-dir/MiniOzoneClusterImpl-3aa90084-af08-4299-bf83-992dfa8833c1/datanode-2/data/ratis/ce60ac08-aaab-4afe-b309-f9b8cc9bf630 does not exist. Creating ...
2021-08-17 11:44:24,011 [pool-411-thread-1] INFO  storage.RaftStorageDirectory (RaftStorageDirectoryImpl.java:tryLock(230)) - Lock on /home/runner/work/ozone/ozone/hadoop-ozone/integration-test/target/test-dir/MiniOzoneClusterImpl-3aa90084-af08-4299-bf83-992dfa8833c1/datanode-2/data/ratis/ce60ac08-aaab-4afe-b309-f9b8cc9bf630/in_use.lock acquired by nodename 22106@fv-az291-680
2021-08-17 11:44:24,012 [pool-411-thread-1] INFO  storage.RaftStorage (RaftStorageImpl.java:format(89)) - Storage directory /home/runner/work/ozone/ozone/hadoop-ozone/integration-test/target/test-dir/MiniOzoneClusterImpl-3aa90084-af08-4299-bf83-992dfa8833c1/datanode-2/data/ratis/ce60ac08-aaab-4afe-b309-f9b8cc9bf630 has been successfully formatted.
2021-08-17 11:44:24,013 [pool-411-thread-1] INFO  ratis.ContainerStateMachine (ContainerStateMachine.java:loadSnapshot(225)) - group-F9B8CC9BF630: The snapshot info is null. Setting the last applied indexto:(t:0, i:~)
2021-08-17 11:44:24,032 [pool-411-thread-1] INFO  server.RaftServerConfigKeys (ConfUtils.java:logGet(44)) - raft.server.notification.no-leader.timeout = 300s (custom)
2021-08-17 11:44:24,032 [pool-411-thread-1] INFO  server.RaftServerConfigKeys (ConfUtils.java:logGet(44)) - raft.server.log.use.memory = false (default)
2021-08-17 11:44:24,032 [pool-411-thread-1] INFO  server.RaftServerConfigKeys (ConfUtils.java:logGet(44)) - raft.server.log.purge.gap = 1000000 (custom)
2021-08-17 11:44:24,032 [pool-411-thread-1] INFO  server.RaftServerConfigKeys (ConfUtils.java:logGet(44)) - raft.server.log.appender.buffer.byte-limit = 33554432 (custom)
2021-08-17 11:44:24,032 [pool-411-thread-1] INFO  server.RaftServerConfigKeys (ConfUtils.java:logGet(44)) - raft.server.log.segment.size.max = 1048576 (custom)
2021-08-17 11:44:24,033 [pool-411-thread-1] INFO  server.RaftServerConfigKeys (ConfUtils.java:logGet(44)) - raft.server.log.segment.cache.num.max = 2 (custom)
2021-08-17 11:44:24,033 [pool-411-thread-1] INFO  server.RaftServerConfigKeys (ConfUtils.java:logGet(44)) - raft.server.log.segment.cache.size.max = 200MB (=209715200) (default)
2021-08-17 11:44:24,033 [pool-411-thread-1] INFO  segmented.SegmentedRaftLogWorker (SegmentedRaftLogWorker.java:<init>(182)) - new 4240b545-6c07-448f-ac96-de7b778a6442@group-F9B8CC9BF630-SegmentedRaftLogWorker for RaftStorageImpl:Storage Directory /home/runner/work/ozone/ozone/hadoop-ozone/integration-test/target/test-dir/MiniOzoneClusterImpl-3aa90084-af08-4299-bf83-992dfa8833c1/datanode-2/data/ratis/ce60ac08-aaab-4afe-b309-f9b8cc9bf630
2021-08-17 11:44:24,033 [pool-411-thread-1] INFO  server.RaftServerConfigKeys (ConfUtils.java:logGet(44)) - raft.server.log.queue.byte-limit = 2147483647 (custom)
2021-08-17 11:44:24,033 [pool-411-thread-1] INFO  server.RaftServerConfigKeys (ConfUtils.java:logGet(44)) - raft.server.log.queue.element-limit = 1024 (custom)
2021-08-17 11:44:24,033 [pool-411-thread-1] INFO  server.RaftServerConfigKeys (ConfUtils.java:logGet(44)) - raft.server.log.segment.size.max = 1048576 (custom)
2021-08-17 11:44:24,033 [pool-411-thread-1] INFO  server.RaftServerConfigKeys (ConfUtils.java:logGet(44)) - raft.server.log.preallocated.size = 16384 (custom)
2021-08-17 11:44:24,033 [pool-411-thread-1] INFO  server.RaftServerConfigKeys (ConfUtils.java:logGet(44)) - raft.server.log.force.sync.num = 128 (default)
2021-08-17 11:44:24,033 [pool-411-thread-1] INFO  server.RaftServerConfigKeys (ConfUtils.java:logGet(44)) - raft.server.log.statemachine.data.sync = true (default)
2021-08-17 11:44:24,033 [pool-411-thread-1] INFO  server.RaftServerConfigKeys (ConfUtils.java:logGet(44)) - raft.server.log.statemachine.data.sync.timeout = 10s (default)
2021-08-17 11:44:24,033 [pool-411-thread-1] INFO  server.RaftServerConfigKeys (ConfUtils.java:logGet(44)) - raft.server.log.statemachine.data.sync.timeout.retry = -1 (default)
2021-08-17 11:44:24,034 [pool-411-thread-1] INFO  server.RaftServerConfigKeys (ConfUtils.java:logGet(44)) - raft.server.log.write.buffer.size = 1048576 (custom)
2021-08-17 11:44:24,035 [pool-411-thread-1] INFO  server.RaftServerConfigKeys (ConfUtils.java:logGet(44)) - raft.server.log.statemachine.data.caching.enabled = true (custom)
2021-08-17 11:44:24,035 [pool-411-thread-1] INFO  segmented.SegmentedRaftLogWorker (SegmentedRaftLogWorker.java:lambda$new$0(133)) - 4240b545-6c07-448f-ac96-de7b778a6442@group-F9B8CC9BF630-SegmentedRaftLogWorker: flushIndex: setUnconditionally 0 -> -1
2021-08-17 11:44:24,035 [pool-411-thread-1] INFO  segmented.SegmentedRaftLogWorker (SegmentedRaftLogWorker.java:lambda$new$0(133)) - 4240b545-6c07-448f-ac96-de7b778a6442@group-F9B8CC9BF630-SegmentedRaftLogWorker: safeCacheEvictIndex: setUnconditionally 0 -> -1
2021-08-17 11:44:24,035 [Datanode State Machine Thread - 0] WARN  statemachine.StateContext (StateContext.java:execute(621)) - No available thread in pool for past 1 seconds.
2021-08-17 11:44:24,038 [EventQueue-PipelineReportForPipelineReportHandler] INFO  pipeline.PipelineManagerImpl (PipelineManagerImpl.java:openPipeline(283)) - Pipeline Pipeline[ Id: ce60ac08-aaab-4afe-b309-f9b8cc9bf630, Nodes: 4240b545-6c07-448f-ac96-de7b778a6442{ip: 10.1.0.21, host: fv-az291-680.wgnan5asplgejimfprtllbpdch.jx.internal.cloudapp.net, ports: [REPLICATION=33233, RATIS=45639, RATIS_ADMIN=45639, RATIS_SERVER=45639, STANDALONE=37053], networkLocation: /default-rack, certSerialId: null, persistedOpState: IN_SERVICE, persistedOpStateExpiryEpochSec: 0}, ReplicationConfig: RATIS/ONE, State:ALLOCATED, leaderId:4240b545-6c07-448f-ac96-de7b778a6442, CreationTimestamp2021-08-17T11:44:21.016Z[Etc/UTC]] moved to OPEN state
2021-08-17 11:44:24,038 [EventQueue-OpenPipelineForHealthyPipelineSafeModeRule] INFO  safemode.SCMSafeModeManager (HealthyPipelineSafeModeRule.java:process(124)) - SCM in safe mode. Healthy pipelines reported count is 0, required healthy pipeline reported count is 1
2021-08-17 11:44:24,069 [pool-411-thread-1] INFO  server.RaftServerConfigKeys (ConfUtils.java:logGet(44)) - raft.server.snapshot.auto.trigger.enabled = true (custom)
2021-08-17 11:44:24,069 [pool-411-thread-1] INFO  server.RaftServerConfigKeys (ConfUtils.java:logGet(44)) - raft.server.snapshot.auto.trigger.threshold = 10000 (custom)
2021-08-17 11:44:24,069 [pool-411-thread-1] INFO  server.RaftServerConfigKeys (ConfUtils.java:logGet(44)) - raft.server.snapshot.retention.file.num = 5 (custom)
2021-08-17 11:44:24,069 [pool-411-thread-1] INFO  server.RaftServerConfigKeys (ConfUtils.java:logGet(44)) - raft.server.log.purge.upto.snapshot.index = false (default)
2021-08-17 11:44:24,069 [pool-411-thread-1] INFO  server.RaftServerConfigKeys (ConfUtils.java:logGet(44)) - raft.server.retrycache.expirytime = 600000ms (custom)
2021-08-17 11:44:24,069 [pool-411-thread-1] INFO  server.RaftServerConfigKeys (ConfUtils.java:logGet(44)) - raft.server.retrycache.statistics.expirytime = 100μs (default)
2021-08-17 11:44:24,070 [pool-411-thread-1] INFO  server.RaftServer$Division (RaftServerImpl.java:start(296)) - 4240b545-6c07-448f-ac96-de7b778a6442@group-F9B8CC9BF630: start as a follower, conf=-1: [4240b545-6c07-448f-ac96-de7b778a6442|rpc:10.1.0.21:45639|priority:1], old=null
2021-08-17 11:44:24,070 [pool-411-thread-1] INFO  server.RaftServer$Division (RaftServerImpl.java:setRole(285)) - 4240b545-6c07-448f-ac96-de7b778a6442@group-F9B8CC9BF630: changes role from      null to FOLLOWER at term 0 for startAsFollower
2021-08-17 11:44:24,070 [pool-411-thread-1] INFO  impl.RoleInfo (RoleInfo.java:updateAndGet(130)) - 4240b545-6c07-448f-ac96-de7b778a6442: start 4240b545-6c07-448f-ac96-de7b778a6442@group-F9B8CC9BF630-FollowerState
2021-08-17 11:44:24,077 [pool-411-thread-1] INFO  util.JmxRegister (JmxRegister.java:tryRegister(44)) - Successfully registered JMX Bean with object name Ratis:service=RaftServer,group=group-F9B8CC9BF630,id=4240b545-6c07-448f-ac96-de7b778a6442
2021-08-17 11:44:24,088 [Command processor thread] INFO  ratis.XceiverServerRatis (XceiverServerRatis.java:addGroup(763)) - Created group PipelineID=ce60ac08-aaab-4afe-b309-f9b8cc9bf630
2021-08-17 11:44:24,088 [Command processor thread] INFO  commandhandler.CreatePipelineCommandHandler (CreatePipelineCommandHandler.java:handle(106)) - Created Pipeline RATIS ONE PipelineID=ce60ac08-aaab-4afe-b309-f9b8cc9bf630.
2021-08-17 11:44:24,981 [Listener at 127.0.0.1/33323] INFO  ozone.MiniOzoneClusterImpl (MiniOzoneClusterImpl.java:lambda$waitForClusterToBeReady$0(235)) - Nodes are ready. Got 3 of 3 DN Heartbeats.
2021-08-17 11:44:24,981 [Listener at 127.0.0.1/33323] INFO  ozone.MiniOzoneClusterImpl (MiniOzoneClusterImpl.java:lambda$waitForClusterToBeReady$0(238)) - Waiting for cluster to exit safe mode
2021-08-17 11:44:24,981 [Listener at 127.0.0.1/33323] INFO  ozone.MiniOzoneClusterImpl (MiniOzoneClusterImpl.java:lambda$waitForClusterToBeReady$0(240)) - SCM became leader
2021-08-17 11:44:25,981 [Listener at 127.0.0.1/33323] INFO  ozone.MiniOzoneClusterImpl (MiniOzoneClusterImpl.java:lambda$waitForClusterToBeReady$0(235)) - Nodes are ready. Got 3 of 3 DN Heartbeats.
2021-08-17 11:44:25,982 [Listener at 127.0.0.1/33323] INFO  ozone.MiniOzoneClusterImpl (MiniOzoneClusterImpl.java:lambda$waitForClusterToBeReady$0(238)) - Waiting for cluster to exit safe mode
2021-08-17 11:44:25,982 [Listener at 127.0.0.1/33323] INFO  ozone.MiniOzoneClusterImpl (MiniOzoneClusterImpl.java:lambda$waitForClusterToBeReady$0(240)) - SCM became leader
2021-08-17 11:44:26,982 [Listener at 127.0.0.1/33323] INFO  ozone.MiniOzoneClusterImpl (MiniOzoneClusterImpl.java:lambda$waitForClusterToBeReady$0(235)) - Nodes are ready. Got 3 of 3 DN Heartbeats.
2021-08-17 11:44:26,982 [Listener at 127.0.0.1/33323] INFO  ozone.MiniOzoneClusterImpl (MiniOzoneClusterImpl.java:lambda$waitForClusterToBeReady$0(238)) - Waiting for cluster to exit safe mode
2021-08-17 11:44:26,982 [Listener at 127.0.0.1/33323] INFO  ozone.MiniOzoneClusterImpl (MiniOzoneClusterImpl.java:lambda$waitForClusterToBeReady$0(240)) - SCM became leader
2021-08-17 11:44:27,777 [06b1e515-8a0e-4448-8d82-5bc90e0fbeba@group-D2E2B342A4C3-FollowerState] INFO  impl.FollowerState (FollowerState.java:run(134)) - 06b1e515-8a0e-4448-8d82-5bc90e0fbeba@group-D2E2B342A4C3-FollowerState: change to CANDIDATE, lastRpcElapsedTime:5047265506ns, electionTimeout:5000ms
2021-08-17 11:44:27,777 [06b1e515-8a0e-4448-8d82-5bc90e0fbeba@group-D2E2B342A4C3-FollowerState] INFO  impl.RoleInfo (RoleInfo.java:shutdownFollowerState(108)) - 06b1e515-8a0e-4448-8d82-5bc90e0fbeba: shutdown 06b1e515-8a0e-4448-8d82-5bc90e0fbeba@group-D2E2B342A4C3-FollowerState
2021-08-17 11:44:27,777 [06b1e515-8a0e-4448-8d82-5bc90e0fbeba@group-D2E2B342A4C3-FollowerState] INFO  server.RaftServer$Division (RaftServerImpl.java:setRole(285)) - 06b1e515-8a0e-4448-8d82-5bc90e0fbeba@group-D2E2B342A4C3: changes role from  FOLLOWER to CANDIDATE at term 0 for changeToCandidate
2021-08-17 11:44:27,778 [06b1e515-8a0e-4448-8d82-5bc90e0fbeba@group-D2E2B342A4C3-FollowerState] INFO  server.RaftServerConfigKeys (ConfUtils.java:logGet(44)) - raft.server.leaderelection.pre-vote = false (custom)
2021-08-17 11:44:27,778 [06b1e515-8a0e-4448-8d82-5bc90e0fbeba@group-D2E2B342A4C3-FollowerState] INFO  impl.RoleInfo (RoleInfo.java:updateAndGet(130)) - 06b1e515-8a0e-4448-8d82-5bc90e0fbeba: start 06b1e515-8a0e-4448-8d82-5bc90e0fbeba@group-D2E2B342A4C3-LeaderElection33
2021-08-17 11:44:27,801 [06b1e515-8a0e-4448-8d82-5bc90e0fbeba@group-6C7A3995E763-FollowerState] INFO  impl.FollowerState (FollowerState.java:run(134)) - 06b1e515-8a0e-4448-8d82-5bc90e0fbeba@group-6C7A3995E763-FollowerState: change to CANDIDATE, lastRpcElapsedTime:5142049836ns, electionTimeout:5139ms
2021-08-17 11:44:27,801 [06b1e515-8a0e-4448-8d82-5bc90e0fbeba@group-6C7A3995E763-FollowerState] INFO  impl.RoleInfo (RoleInfo.java:shutdownFollowerState(108)) - 06b1e515-8a0e-4448-8d82-5bc90e0fbeba: shutdown 06b1e515-8a0e-4448-8d82-5bc90e0fbeba@group-6C7A3995E763-FollowerState
2021-08-17 11:44:27,801 [06b1e515-8a0e-4448-8d82-5bc90e0fbeba@group-6C7A3995E763-FollowerState] INFO  server.RaftServer$Division (RaftServerImpl.java:setRole(285)) - 06b1e515-8a0e-4448-8d82-5bc90e0fbeba@group-6C7A3995E763: changes role from  FOLLOWER to CANDIDATE at term 0 for changeToCandidate
2021-08-17 11:44:27,801 [06b1e515-8a0e-4448-8d82-5bc90e0fbeba@group-6C7A3995E763-FollowerState] INFO  server.RaftServerConfigKeys (ConfUtils.java:logGet(44)) - raft.server.leaderelection.pre-vote = false (custom)
2021-08-17 11:44:27,801 [06b1e515-8a0e-4448-8d82-5bc90e0fbeba@group-6C7A3995E763-FollowerState] INFO  impl.RoleInfo (RoleInfo.java:updateAndGet(130)) - 06b1e515-8a0e-4448-8d82-5bc90e0fbeba: start 06b1e515-8a0e-4448-8d82-5bc90e0fbeba@group-6C7A3995E763-LeaderElection34
2021-08-17 11:44:27,838 [06b1e515-8a0e-4448-8d82-5bc90e0fbeba@group-D2E2B342A4C3-LeaderElection33] INFO  impl.LeaderElection (LeaderElection.java:askForVotes(306)) - 06b1e515-8a0e-4448-8d82-5bc90e0fbeba@group-D2E2B342A4C3-LeaderElection33 ELECTION round 0: submit vote requests at term 1 for -1: [06b1e515-8a0e-4448-8d82-5bc90e0fbeba|rpc:10.1.0.21:43961|priority:0, cdd1bc6e-a52c-4b83-9205-8b665f0a3658|rpc:10.1.0.21:38573|priority:1, 4240b545-6c07-448f-ac96-de7b778a6442|rpc:10.1.0.21:45639|priority:0], old=null
2021-08-17 11:44:27,889 [06b1e515-8a0e-4448-8d82-5bc90e0fbeba@group-6C7A3995E763-LeaderElection34] INFO  impl.LeaderElection (LeaderElection.java:askForVotes(306)) - 06b1e515-8a0e-4448-8d82-5bc90e0fbeba@group-6C7A3995E763-LeaderElection34 ELECTION round 0: submit vote requests at term 1 for -1: [06b1e515-8a0e-4448-8d82-5bc90e0fbeba|rpc:10.1.0.21:43961|priority:1], old=null
2021-08-17 11:44:27,889 [06b1e515-8a0e-4448-8d82-5bc90e0fbeba@group-6C7A3995E763-LeaderElection34] INFO  impl.LeaderElection (LeaderElection.java:askForVotes(308)) - 06b1e515-8a0e-4448-8d82-5bc90e0fbeba@group-6C7A3995E763-LeaderElection34 ELECTION round 0: result PASSED (term=1)
2021-08-17 11:44:27,889 [06b1e515-8a0e-4448-8d82-5bc90e0fbeba@group-6C7A3995E763-LeaderElection34] INFO  impl.RoleInfo (RoleInfo.java:shutdownLeaderElection(121)) - 06b1e515-8a0e-4448-8d82-5bc90e0fbeba: shutdown 06b1e515-8a0e-4448-8d82-5bc90e0fbeba@group-6C7A3995E763-LeaderElection34
2021-08-17 11:44:27,889 [06b1e515-8a0e-4448-8d82-5bc90e0fbeba@group-6C7A3995E763-LeaderElection34] INFO  server.RaftServer$Division (RaftServerImpl.java:setRole(285)) - 06b1e515-8a0e-4448-8d82-5bc90e0fbeba@group-6C7A3995E763: changes role from CANDIDATE to LEADER at term 1 for changeToLeader
2021-08-17 11:44:27,889 [06b1e515-8a0e-4448-8d82-5bc90e0fbeba@group-6C7A3995E763-LeaderElection34] INFO  ratis.XceiverServerRatis (XceiverServerRatis.java:handleLeaderChangedNotification(861)) - Leader change notification received for group: group-6C7A3995E763 with new leaderId: 06b1e515-8a0e-4448-8d82-5bc90e0fbeba
2021-08-17 11:44:27,889 [06b1e515-8a0e-4448-8d82-5bc90e0fbeba@group-6C7A3995E763-LeaderElection34] INFO  server.RaftServer$Division (ServerState.java:setLeader(285)) - 06b1e515-8a0e-4448-8d82-5bc90e0fbeba@group-6C7A3995E763: change Leader from null to 06b1e515-8a0e-4448-8d82-5bc90e0fbeba at term 1 for becomeLeader, leader elected after 5235ms
2021-08-17 11:44:27,889 [06b1e515-8a0e-4448-8d82-5bc90e0fbeba@group-6C7A3995E763-LeaderElection34] INFO  server.RaftServerConfigKeys (ConfUtils.java:logGet(44)) - raft.server.staging.catchup.gap = 1000 (default)
2021-08-17 11:44:27,889 [06b1e515-8a0e-4448-8d82-5bc90e0fbeba@group-6C7A3995E763-LeaderElection34] INFO  server.RaftServerConfigKeys (ConfUtils.java:logGet(44)) - raft.server.write.element-limit = 1024 (custom)
2021-08-17 11:44:27,889 [06b1e515-8a0e-4448-8d82-5bc90e0fbeba@group-6C7A3995E763-LeaderElection34] INFO  server.RaftServerConfigKeys (ConfUtils.java:logGet(44)) - raft.server.write.byte-limit = 1024 M (=1073741824) (custom)
2021-08-17 11:44:27,890 [06b1e515-8a0e-4448-8d82-5bc90e0fbeba@group-6C7A3995E763-LeaderElection34] INFO  server.RaftServerConfigKeys (ConfUtils.java:logGet(44)) - raft.server.watch.timeout = 180s (custom)
2021-08-17 11:44:27,890 [06b1e515-8a0e-4448-8d82-5bc90e0fbeba@group-6C7A3995E763-LeaderElection34] INFO  server.RaftServerConfigKeys (ConfUtils.java:logGet(44)) - raft.server.watch.timeout.denomination = 1s (default)
2021-08-17 11:44:27,890 [06b1e515-8a0e-4448-8d82-5bc90e0fbeba@group-6C7A3995E763-LeaderElection34] INFO  server.RaftServerConfigKeys (ConfUtils.java:logGet(44)) - raft.server.watch.element-limit = 65536 (default)
2021-08-17 11:44:27,890 [06b1e515-8a0e-4448-8d82-5bc90e0fbeba@group-6C7A3995E763-LeaderElection34] INFO  impl.RoleInfo (RoleInfo.java:updateAndGet(130)) - 06b1e515-8a0e-4448-8d82-5bc90e0fbeba: start 06b1e515-8a0e-4448-8d82-5bc90e0fbeba@group-6C7A3995E763-LeaderStateImpl
2021-08-17 11:44:27,890 [06b1e515-8a0e-4448-8d82-5bc90e0fbeba@group-6C7A3995E763-LeaderElection34] INFO  segmented.SegmentedRaftLogWorker (SegmentedRaftLogWorker.java:startLogSegment(394)) - 06b1e515-8a0e-4448-8d82-5bc90e0fbeba@group-6C7A3995E763-SegmentedRaftLogWorker: Starting segment from index:0
2021-08-17 11:44:27,891 [Datanode State Machine Thread - 0] WARN  statemachine.StateContext (StateContext.java:execute(621)) - No available thread in pool for past 1 seconds.
2021-08-17 11:44:27,892 [06b1e515-8a0e-4448-8d82-5bc90e0fbeba@group-6C7A3995E763-SegmentedRaftLogWorker] INFO  segmented.SegmentedRaftLogWorker (SegmentedRaftLogWorker.java:execute(601)) - 06b1e515-8a0e-4448-8d82-5bc90e0fbeba@group-6C7A3995E763-SegmentedRaftLogWorker: created new log segment /home/runner/work/ozone/ozone/hadoop-ozone/integration-test/target/test-dir/MiniOzoneClusterImpl-3aa90084-af08-4299-bf83-992dfa8833c1/datanode-0/data/ratis/3f256d08-64eb-4f2a-b662-6c7a3995e763/current/log_inprogress_0
2021-08-17 11:44:27,893 [EventQueue-OpenPipelineForHealthyPipelineSafeModeRule] INFO  safemode.SCMSafeModeManager (HealthyPipelineSafeModeRule.java:process(124)) - SCM in safe mode. Healthy pipelines reported count is 0, required healthy pipeline reported count is 1
2021-08-17 11:44:27,909 [06b1e515-8a0e-4448-8d82-5bc90e0fbeba@group-6C7A3995E763-LeaderElection34] INFO  server.RaftServer$Division (ServerState.java:setRaftConf(387)) - 06b1e515-8a0e-4448-8d82-5bc90e0fbeba@group-6C7A3995E763: set configuration 0: [06b1e515-8a0e-4448-8d82-5bc90e0fbeba|rpc:10.1.0.21:43961|dataStream:|priority:1], old=null
2021-08-17 11:44:27,929 [grpc-default-executor-0] INFO  server.RaftServer$Division (RaftServerImpl.java:requestVote(1043)) - cdd1bc6e-a52c-4b83-9205-8b665f0a3658@group-D2E2B342A4C3: receive requestVote(ELECTION, 06b1e515-8a0e-4448-8d82-5bc90e0fbeba, group-D2E2B342A4C3, 1, (t:0, i:0))
2021-08-17 11:44:27,929 [grpc-default-executor-0] INFO  impl.VoteContext (VoteContext.java:log(48)) - cdd1bc6e-a52c-4b83-9205-8b665f0a3658@group-D2E2B342A4C3-FOLLOWER: reject ELECTION from 06b1e515-8a0e-4448-8d82-5bc90e0fbeba: our priority 1 > candidate's priority 0
2021-08-17 11:44:27,929 [grpc-default-executor-0] INFO  server.RaftServer$Division (RaftServerImpl.java:setRole(285)) - cdd1bc6e-a52c-4b83-9205-8b665f0a3658@group-D2E2B342A4C3: changes role from  FOLLOWER to FOLLOWER at term 1 for candidate:06b1e515-8a0e-4448-8d82-5bc90e0fbeba
2021-08-17 11:44:27,930 [grpc-default-executor-0] INFO  impl.RoleInfo (RoleInfo.java:shutdownFollowerState(108)) - cdd1bc6e-a52c-4b83-9205-8b665f0a3658: shutdown cdd1bc6e-a52c-4b83-9205-8b665f0a3658@group-D2E2B342A4C3-FollowerState
2021-08-17 11:44:27,930 [grpc-default-executor-0] INFO  impl.RoleInfo (RoleInfo.java:updateAndGet(130)) - cdd1bc6e-a52c-4b83-9205-8b665f0a3658: start cdd1bc6e-a52c-4b83-9205-8b665f0a3658@group-D2E2B342A4C3-FollowerState
2021-08-17 11:44:27,931 [grpc-default-executor-0] INFO  server.RaftServer$Division (RaftServerImpl.java:requestVote(1075)) - cdd1bc6e-a52c-4b83-9205-8b665f0a3658@group-D2E2B342A4C3 replies to ELECTION vote request: 06b1e515-8a0e-4448-8d82-5bc90e0fbeba<-cdd1bc6e-a52c-4b83-9205-8b665f0a3658#0:FAIL-t1. Peer's state: cdd1bc6e-a52c-4b83-9205-8b665f0a3658@group-D2E2B342A4C3:t1, leader=null, voted=null, raftlog=cdd1bc6e-a52c-4b83-9205-8b665f0a3658@group-D2E2B342A4C3-SegmentedRaftLog:OPENED:c-1,f-1,i0, conf=-1: [06b1e515-8a0e-4448-8d82-5bc90e0fbeba|rpc:10.1.0.21:43961|dataStream:|priority:0, cdd1bc6e-a52c-4b83-9205-8b665f0a3658|rpc:10.1.0.21:38573|dataStream:|priority:1, 4240b545-6c07-448f-ac96-de7b778a6442|rpc:10.1.0.21:45639|dataStream:|priority:0], old=null
2021-08-17 11:44:27,932 [cdd1bc6e-a52c-4b83-9205-8b665f0a3658@group-D2E2B342A4C3-FollowerState] INFO  impl.FollowerState (FollowerState.java:run(143)) - cdd1bc6e-a52c-4b83-9205-8b665f0a3658@group-D2E2B342A4C3-FollowerState was interrupted: {}
java.lang.InterruptedException: sleep interrupted
	at java.lang.Thread.sleep(Native Method)
	at java.lang.Thread.sleep(Thread.java:340)
	at java.util.concurrent.TimeUnit.sleep(TimeUnit.java:386)
	at org.apache.ratis.util.TimeDuration.sleep(TimeDuration.java:324)
	at org.apache.ratis.util.TimeDuration.sleep(TimeDuration.java:309)
	at org.apache.ratis.server.impl.FollowerState.run(FollowerState.java:118)
2021-08-17 11:44:27,946 [06b1e515-8a0e-4448-8d82-5bc90e0fbeba@group-D2E2B342A4C3-LeaderElection33] INFO  impl.LeaderElection (LeaderElection.java:logAndReturn(89)) - 06b1e515-8a0e-4448-8d82-5bc90e0fbeba@group-D2E2B342A4C3-LeaderElection33: ELECTION REJECTED received 1 response(s) and 0 exception(s):
2021-08-17 11:44:27,946 [06b1e515-8a0e-4448-8d82-5bc90e0fbeba@group-D2E2B342A4C3-LeaderElection33] INFO  impl.LeaderElection (LeaderElection.java:logAndReturn(93)) -   Response 0: 06b1e515-8a0e-4448-8d82-5bc90e0fbeba<-cdd1bc6e-a52c-4b83-9205-8b665f0a3658#0:FAIL-t1
2021-08-17 11:44:27,946 [06b1e515-8a0e-4448-8d82-5bc90e0fbeba@group-D2E2B342A4C3-LeaderElection33] INFO  impl.LeaderElection (LeaderElection.java:askForVotes(308)) - 06b1e515-8a0e-4448-8d82-5bc90e0fbeba@group-D2E2B342A4C3-LeaderElection33 ELECTION round 0: result REJECTED
2021-08-17 11:44:27,946 [06b1e515-8a0e-4448-8d82-5bc90e0fbeba@group-D2E2B342A4C3-LeaderElection33] INFO  server.RaftServer$Division (RaftServerImpl.java:setRole(285)) - 06b1e515-8a0e-4448-8d82-5bc90e0fbeba@group-D2E2B342A4C3: changes role from CANDIDATE to FOLLOWER at term 1 for REJECTED
2021-08-17 11:44:27,946 [06b1e515-8a0e-4448-8d82-5bc90e0fbeba@group-D2E2B342A4C3-LeaderElection33] INFO  impl.RoleInfo (RoleInfo.java:shutdownLeaderElection(121)) - 06b1e515-8a0e-4448-8d82-5bc90e0fbeba: shutdown 06b1e515-8a0e-4448-8d82-5bc90e0fbeba@group-D2E2B342A4C3-LeaderElection33
2021-08-17 11:44:27,946 [06b1e515-8a0e-4448-8d82-5bc90e0fbeba@group-D2E2B342A4C3-LeaderElection33] INFO  impl.RoleInfo (RoleInfo.java:updateAndGet(130)) - 06b1e515-8a0e-4448-8d82-5bc90e0fbeba: start 06b1e515-8a0e-4448-8d82-5bc90e0fbeba@group-D2E2B342A4C3-FollowerState
2021-08-17 11:44:27,977 [grpc-default-executor-1] INFO  server.RaftServer$Division (RaftServerImpl.java:requestVote(1043)) - 4240b545-6c07-448f-ac96-de7b778a6442@group-D2E2B342A4C3: receive requestVote(ELECTION, 06b1e515-8a0e-4448-8d82-5bc90e0fbeba, group-D2E2B342A4C3, 1, (t:0, i:0))
2021-08-17 11:44:27,977 [grpc-default-executor-1] INFO  impl.VoteContext (VoteContext.java:log(48)) - 4240b545-6c07-448f-ac96-de7b778a6442@group-D2E2B342A4C3-FOLLOWER: accept ELECTION from 06b1e515-8a0e-4448-8d82-5bc90e0fbeba: our priority 0 <= candidate's priority 0
2021-08-17 11:44:27,977 [grpc-default-executor-1] INFO  server.RaftServer$Division (RaftServerImpl.java:setRole(285)) - 4240b545-6c07-448f-ac96-de7b778a6442@group-D2E2B342A4C3: changes role from  FOLLOWER to FOLLOWER at term 1 for candidate:06b1e515-8a0e-4448-8d82-5bc90e0fbeba
2021-08-17 11:44:27,977 [grpc-default-executor-1] INFO  impl.RoleInfo (RoleInfo.java:shutdownFollowerState(108)) - 4240b545-6c07-448f-ac96-de7b778a6442: shutdown 4240b545-6c07-448f-ac96-de7b778a6442@group-D2E2B342A4C3-FollowerState
2021-08-17 11:44:27,977 [grpc-default-executor-1] INFO  impl.RoleInfo (RoleInfo.java:updateAndGet(130)) - 4240b545-6c07-448f-ac96-de7b778a6442: start 4240b545-6c07-448f-ac96-de7b778a6442@group-D2E2B342A4C3-FollowerState
2021-08-17 11:44:27,977 [4240b545-6c07-448f-ac96-de7b778a6442@group-D2E2B342A4C3-FollowerState] INFO  impl.FollowerState (FollowerState.java:run(143)) - 4240b545-6c07-448f-ac96-de7b778a6442@group-D2E2B342A4C3-FollowerState was interrupted: {}
java.lang.InterruptedException: sleep interrupted
	at java.lang.Thread.sleep(Native Method)
	at java.lang.Thread.sleep(Thread.java:340)
	at java.util.concurrent.TimeUnit.sleep(TimeUnit.java:386)
	at org.apache.ratis.util.TimeDuration.sleep(TimeDuration.java:324)
	at org.apache.ratis.util.TimeDuration.sleep(TimeDuration.java:309)
	at org.apache.ratis.server.impl.FollowerState.run(FollowerState.java:118)
2021-08-17 11:44:27,982 [Listener at 127.0.0.1/33323] INFO  ozone.MiniOzoneClusterImpl (MiniOzoneClusterImpl.java:lambda$waitForClusterToBeReady$0(235)) - Nodes are ready. Got 3 of 3 DN Heartbeats.
2021-08-17 11:44:27,982 [Listener at 127.0.0.1/33323] INFO  ozone.MiniOzoneClusterImpl (MiniOzoneClusterImpl.java:lambda$waitForClusterToBeReady$0(238)) - Waiting for cluster to exit safe mode
2021-08-17 11:44:27,982 [Listener at 127.0.0.1/33323] INFO  ozone.MiniOzoneClusterImpl (MiniOzoneClusterImpl.java:lambda$waitForClusterToBeReady$0(240)) - SCM became leader
2021-08-17 11:44:27,989 [grpc-default-executor-1] INFO  server.RaftServer$Division (RaftServerImpl.java:requestVote(1075)) - 4240b545-6c07-448f-ac96-de7b778a6442@group-D2E2B342A4C3 replies to ELECTION vote request: 06b1e515-8a0e-4448-8d82-5bc90e0fbeba<-4240b545-6c07-448f-ac96-de7b778a6442#0:OK-t1. Peer's state: 4240b545-6c07-448f-ac96-de7b778a6442@group-D2E2B342A4C3:t1, leader=null, voted=06b1e515-8a0e-4448-8d82-5bc90e0fbeba, raftlog=4240b545-6c07-448f-ac96-de7b778a6442@group-D2E2B342A4C3-SegmentedRaftLog:OPENED:c-1,f-1,i0, conf=-1: [06b1e515-8a0e-4448-8d82-5bc90e0fbeba|rpc:10.1.0.21:43961|dataStream:|priority:0, cdd1bc6e-a52c-4b83-9205-8b665f0a3658|rpc:10.1.0.21:38573|dataStream:|priority:1, 4240b545-6c07-448f-ac96-de7b778a6442|rpc:10.1.0.21:45639|dataStream:|priority:0], old=null
2021-08-17 11:44:28,230 [cdd1bc6e-a52c-4b83-9205-8b665f0a3658@group-3FA22E84EAD5-FollowerState] INFO  impl.FollowerState (FollowerState.java:run(134)) - cdd1bc6e-a52c-4b83-9205-8b665f0a3658@group-3FA22E84EAD5-FollowerState: change to CANDIDATE, lastRpcElapsedTime:5025852326ns, electionTimeout:5025ms
2021-08-17 11:44:28,231 [cdd1bc6e-a52c-4b83-9205-8b665f0a3658@group-3FA22E84EAD5-FollowerState] INFO  impl.RoleInfo (RoleInfo.java:shutdownFollowerState(108)) - cdd1bc6e-a52c-4b83-9205-8b665f0a3658: shutdown cdd1bc6e-a52c-4b83-9205-8b665f0a3658@group-3FA22E84EAD5-FollowerState
2021-08-17 11:44:28,231 [cdd1bc6e-a52c-4b83-9205-8b665f0a3658@group-3FA22E84EAD5-FollowerState] INFO  server.RaftServer$Division (RaftServerImpl.java:setRole(285)) - cdd1bc6e-a52c-4b83-9205-8b665f0a3658@group-3FA22E84EAD5: changes role from  FOLLOWER to CANDIDATE at term 0 for changeToCandidate
2021-08-17 11:44:28,232 [cdd1bc6e-a52c-4b83-9205-8b665f0a3658@group-3FA22E84EAD5-FollowerState] INFO  server.RaftServerConfigKeys (ConfUtils.java:logGet(44)) - raft.server.leaderelection.pre-vote = false (custom)
2021-08-17 11:44:28,232 [cdd1bc6e-a52c-4b83-9205-8b665f0a3658@group-3FA22E84EAD5-FollowerState] INFO  impl.RoleInfo (RoleInfo.java:updateAndGet(130)) - cdd1bc6e-a52c-4b83-9205-8b665f0a3658: start cdd1bc6e-a52c-4b83-9205-8b665f0a3658@group-3FA22E84EAD5-LeaderElection35
2021-08-17 11:44:28,270 [06b1e515-8a0e-4448-8d82-5bc90e0fbeba@group-3FA22E84EAD5-FollowerState] INFO  impl.FollowerState (FollowerState.java:run(134)) - 06b1e515-8a0e-4448-8d82-5bc90e0fbeba@group-3FA22E84EAD5-FollowerState: change to CANDIDATE, lastRpcElapsedTime:5133029422ns, electionTimeout:5125ms
2021-08-17 11:44:28,270 [06b1e515-8a0e-4448-8d82-5bc90e0fbeba@group-3FA22E84EAD5-FollowerState] INFO  impl.RoleInfo (RoleInfo.java:shutdownFollowerState(108)) - 06b1e515-8a0e-4448-8d82-5bc90e0fbeba: shutdown 06b1e515-8a0e-4448-8d82-5bc90e0fbeba@group-3FA22E84EAD5-FollowerState
2021-08-17 11:44:28,271 [06b1e515-8a0e-4448-8d82-5bc90e0fbeba@group-3FA22E84EAD5-FollowerState] INFO  server.RaftServer$Division (RaftServerImpl.java:setRole(285)) - 06b1e515-8a0e-4448-8d82-5bc90e0fbeba@group-3FA22E84EAD5: changes role from  FOLLOWER to CANDIDATE at term 0 for changeToCandidate
2021-08-17 11:44:28,271 [06b1e515-8a0e-4448-8d82-5bc90e0fbeba@group-3FA22E84EAD5-FollowerState] INFO  server.RaftServerConfigKeys (ConfUtils.java:logGet(44)) - raft.server.leaderelection.pre-vote = false (custom)
2021-08-17 11:44:28,271 [06b1e515-8a0e-4448-8d82-5bc90e0fbeba@group-3FA22E84EAD5-FollowerState] INFO  impl.RoleInfo (RoleInfo.java:updateAndGet(130)) - 06b1e515-8a0e-4448-8d82-5bc90e0fbeba: start 06b1e515-8a0e-4448-8d82-5bc90e0fbeba@group-3FA22E84EAD5-LeaderElection36
2021-08-17 11:44:28,338 [06b1e515-8a0e-4448-8d82-5bc90e0fbeba@group-3FA22E84EAD5-LeaderElection36] INFO  impl.LeaderElection (LeaderElection.java:askForVotes(306)) - 06b1e515-8a0e-4448-8d82-5bc90e0fbeba@group-3FA22E84EAD5-LeaderElection36 ELECTION round 0: submit vote requests at term 1 for -1: [06b1e515-8a0e-4448-8d82-5bc90e0fbeba|rpc:10.1.0.21:43961|priority:0, cdd1bc6e-a52c-4b83-9205-8b665f0a3658|rpc:10.1.0.21:38573|priority:0, 4240b545-6c07-448f-ac96-de7b778a6442|rpc:10.1.0.21:45639|priority:1], old=null
2021-08-17 11:44:28,354 [cdd1bc6e-a52c-4b83-9205-8b665f0a3658@group-3FA22E84EAD5-LeaderElection35] INFO  impl.LeaderElection (LeaderElection.java:askForVotes(306)) - cdd1bc6e-a52c-4b83-9205-8b665f0a3658@group-3FA22E84EAD5-LeaderElection35 ELECTION round 0: submit vote requests at term 1 for -1: [06b1e515-8a0e-4448-8d82-5bc90e0fbeba|rpc:10.1.0.21:43961|dataStream:|priority:0, cdd1bc6e-a52c-4b83-9205-8b665f0a3658|rpc:10.1.0.21:38573|dataStream:|priority:0, 4240b545-6c07-448f-ac96-de7b778a6442|rpc:10.1.0.21:45639|dataStream:|priority:1], old=null
2021-08-17 11:44:28,393 [grpc-default-executor-0] INFO  server.RaftServer$Division (RaftServerImpl.java:requestVote(1043)) - 06b1e515-8a0e-4448-8d82-5bc90e0fbeba@group-3FA22E84EAD5: receive requestVote(ELECTION, cdd1bc6e-a52c-4b83-9205-8b665f0a3658, group-3FA22E84EAD5, 1, (t:0, i:0))
2021-08-17 11:44:28,393 [grpc-default-executor-0] INFO  impl.VoteContext (VoteContext.java:log(48)) - 06b1e515-8a0e-4448-8d82-5bc90e0fbeba@group-3FA22E84EAD5-CANDIDATE: reject ELECTION from cdd1bc6e-a52c-4b83-9205-8b665f0a3658: already has voted for 06b1e515-8a0e-4448-8d82-5bc90e0fbeba at current term 1
2021-08-17 11:44:28,393 [grpc-default-executor-0] INFO  server.RaftServer$Division (RaftServerImpl.java:requestVote(1075)) - 06b1e515-8a0e-4448-8d82-5bc90e0fbeba@group-3FA22E84EAD5 replies to ELECTION vote request: cdd1bc6e-a52c-4b83-9205-8b665f0a3658<-06b1e515-8a0e-4448-8d82-5bc90e0fbeba#0:FAIL-t1. Peer's state: 06b1e515-8a0e-4448-8d82-5bc90e0fbeba@group-3FA22E84EAD5:t1, leader=null, voted=06b1e515-8a0e-4448-8d82-5bc90e0fbeba, raftlog=06b1e515-8a0e-4448-8d82-5bc90e0fbeba@group-3FA22E84EAD5-SegmentedRaftLog:OPENED:c-1,f-1,i0, conf=-1: [06b1e515-8a0e-4448-8d82-5bc90e0fbeba|rpc:10.1.0.21:43961|priority:0, cdd1bc6e-a52c-4b83-9205-8b665f0a3658|rpc:10.1.0.21:38573|priority:0, 4240b545-6c07-448f-ac96-de7b778a6442|rpc:10.1.0.21:45639|priority:1], old=null
2021-08-17 11:44:28,423 [grpc-default-executor-0] INFO  server.RaftServer$Division (RaftServerImpl.java:requestVote(1043)) - cdd1bc6e-a52c-4b83-9205-8b665f0a3658@group-3FA22E84EAD5: receive requestVote(ELECTION, 06b1e515-8a0e-4448-8d82-5bc90e0fbeba, group-3FA22E84EAD5, 1, (t:0, i:0))
2021-08-17 11:44:28,424 [grpc-default-executor-0] INFO  impl.VoteContext (VoteContext.java:log(48)) - cdd1bc6e-a52c-4b83-9205-8b665f0a3658@group-3FA22E84EAD5-CANDIDATE: reject ELECTION from 06b1e515-8a0e-4448-8d82-5bc90e0fbeba: already has voted for cdd1bc6e-a52c-4b83-9205-8b665f0a3658 at current term 1
2021-08-17 11:44:28,424 [grpc-default-executor-0] INFO  server.RaftServer$Division (RaftServerImpl.java:requestVote(1075)) - cdd1bc6e-a52c-4b83-9205-8b665f0a3658@group-3FA22E84EAD5 replies to ELECTION vote request: 06b1e515-8a0e-4448-8d82-5bc90e0fbeba<-cdd1bc6e-a52c-4b83-9205-8b665f0a3658#0:FAIL-t1. Peer's state: cdd1bc6e-a52c-4b83-9205-8b665f0a3658@group-3FA22E84EAD5:t1, leader=null, voted=cdd1bc6e-a52c-4b83-9205-8b665f0a3658, raftlog=cdd1bc6e-a52c-4b83-9205-8b665f0a3658@group-3FA22E84EAD5-SegmentedRaftLog:OPENED:c-1,f-1,i0, conf=-1: [06b1e515-8a0e-4448-8d82-5bc90e0fbeba|rpc:10.1.0.21:43961|dataStream:|priority:0, cdd1bc6e-a52c-4b83-9205-8b665f0a3658|rpc:10.1.0.21:38573|dataStream:|priority:0, 4240b545-6c07-448f-ac96-de7b778a6442|rpc:10.1.0.21:45639|dataStream:|priority:1], old=null
2021-08-17 11:44:28,436 [grpc-default-executor-1] INFO  server.RaftServer$Division (RaftServerImpl.java:requestVote(1043)) - 4240b545-6c07-448f-ac96-de7b778a6442@group-3FA22E84EAD5: receive requestVote(ELECTION, 06b1e515-8a0e-4448-8d82-5bc90e0fbeba, group-3FA22E84EAD5, 1, (t:0, i:0))
2021-08-17 11:44:28,436 [grpc-default-executor-1] INFO  impl.VoteContext (VoteContext.java:log(48)) - 4240b545-6c07-448f-ac96-de7b778a6442@group-3FA22E84EAD5-FOLLOWER: reject ELECTION from 06b1e515-8a0e-4448-8d82-5bc90e0fbeba: our priority 1 > candidate's priority 0
2021-08-17 11:44:28,436 [grpc-default-executor-1] INFO  server.RaftServer$Division (RaftServerImpl.java:setRole(285)) - 4240b545-6c07-448f-ac96-de7b778a6442@group-3FA22E84EAD5: changes role from  FOLLOWER to FOLLOWER at term 1 for candidate:06b1e515-8a0e-4448-8d82-5bc90e0fbeba
2021-08-17 11:44:28,436 [grpc-default-executor-1] INFO  impl.RoleInfo (RoleInfo.java:shutdownFollowerState(108)) - 4240b545-6c07-448f-ac96-de7b778a6442: shutdown 4240b545-6c07-448f-ac96-de7b778a6442@group-3FA22E84EAD5-FollowerState
2021-08-17 11:44:28,436 [grpc-default-executor-1] INFO  impl.RoleInfo (RoleInfo.java:updateAndGet(130)) - 4240b545-6c07-448f-ac96-de7b778a6442: start 4240b545-6c07-448f-ac96-de7b778a6442@group-3FA22E84EAD5-FollowerState
2021-08-17 11:44:28,438 [grpc-default-executor-1] INFO  server.RaftServer$Division (RaftServerImpl.java:requestVote(1075)) - 4240b545-6c07-448f-ac96-de7b778a6442@group-3FA22E84EAD5 replies to ELECTION vote request: 06b1e515-8a0e-4448-8d82-5bc90e0fbeba<-4240b545-6c07-448f-ac96-de7b778a6442#0:FAIL-t1. Peer's state: 4240b545-6c07-448f-ac96-de7b778a6442@group-3FA22E84EAD5:t1, leader=null, voted=null, raftlog=4240b545-6c07-448f-ac96-de7b778a6442@group-3FA22E84EAD5-SegmentedRaftLog:OPENED:c-1,f-1,i0, conf=-1: [06b1e515-8a0e-4448-8d82-5bc90e0fbeba|rpc:10.1.0.21:43961|dataStream:|priority:0, cdd1bc6e-a52c-4b83-9205-8b665f0a3658|rpc:10.1.0.21:38573|dataStream:|priority:0, 4240b545-6c07-448f-ac96-de7b778a6442|rpc:10.1.0.21:45639|dataStream:|priority:1], old=null
2021-08-17 11:44:28,444 [4240b545-6c07-448f-ac96-de7b778a6442@group-3FA22E84EAD5-FollowerState] INFO  impl.FollowerState (FollowerState.java:run(143)) - 4240b545-6c07-448f-ac96-de7b778a6442@group-3FA22E84EAD5-FollowerState was interrupted: {}
java.lang.InterruptedException: sleep interrupted
	at java.lang.Thread.sleep(Native Method)
	at java.lang.Thread.sleep(Thread.java:340)
	at java.util.concurrent.TimeUnit.sleep(TimeUnit.java:386)
	at org.apache.ratis.util.TimeDuration.sleep(TimeDuration.java:324)
	at org.apache.ratis.util.TimeDuration.sleep(TimeDuration.java:309)
	at org.apache.ratis.server.impl.FollowerState.run(FollowerState.java:118)
2021-08-17 11:44:28,445 [grpc-default-executor-0] INFO  server.RaftServer$Division (RaftServerImpl.java:requestVote(1043)) - 4240b545-6c07-448f-ac96-de7b778a6442@group-3FA22E84EAD5: receive requestVote(ELECTION, cdd1bc6e-a52c-4b83-9205-8b665f0a3658, group-3FA22E84EAD5, 1, (t:0, i:0))
2021-08-17 11:44:28,448 [grpc-default-executor-0] INFO  impl.VoteContext (VoteContext.java:log(48)) - 4240b545-6c07-448f-ac96-de7b778a6442@group-3FA22E84EAD5-FOLLOWER: reject ELECTION from cdd1bc6e-a52c-4b83-9205-8b665f0a3658: our priority 1 > candidate's priority 0
2021-08-17 11:44:28,448 [grpc-default-executor-0] INFO  server.RaftServer$Division (RaftServerImpl.java:setRole(285)) - 4240b545-6c07-448f-ac96-de7b778a6442@group-3FA22E84EAD5: changes role from  FOLLOWER to FOLLOWER at term 1 for candidate:cdd1bc6e-a52c-4b83-9205-8b665f0a3658
2021-08-17 11:44:28,448 [grpc-default-executor-0] INFO  impl.RoleInfo (RoleInfo.java:shutdownFollowerState(108)) - 4240b545-6c07-448f-ac96-de7b778a6442: shutdown 4240b545-6c07-448f-ac96-de7b778a6442@group-3FA22E84EAD5-FollowerState
2021-08-17 11:44:28,448 [grpc-default-executor-0] INFO  impl.RoleInfo (RoleInfo.java:updateAndGet(130)) - 4240b545-6c07-448f-ac96-de7b778a6442: start 4240b545-6c07-448f-ac96-de7b778a6442@group-3FA22E84EAD5-FollowerState
2021-08-17 11:44:28,452 [4240b545-6c07-448f-ac96-de7b778a6442@group-3FA22E84EAD5-FollowerState] INFO  impl.FollowerState (FollowerState.java:run(143)) - 4240b545-6c07-448f-ac96-de7b778a6442@group-3FA22E84EAD5-FollowerState was interrupted: {}
java.lang.InterruptedException: sleep interrupted
	at java.lang.Thread.sleep(Native Method)
	at java.lang.Thread.sleep(Thread.java:340)
	at java.util.concurrent.TimeUnit.sleep(TimeUnit.java:386)
	at org.apache.ratis.util.TimeDuration.sleep(TimeDuration.java:324)
	at org.apache.ratis.util.TimeDuration.sleep(TimeDuration.java:309)
	at org.apache.ratis.server.impl.FollowerState.run(FollowerState.java:118)
2021-08-17 11:44:28,464 [grpc-default-executor-0] INFO  server.RaftServer$Division (RaftServerImpl.java:requestVote(1075)) - 4240b545-6c07-448f-ac96-de7b778a6442@group-3FA22E84EAD5 replies to ELECTION vote request: cdd1bc6e-a52c-4b83-9205-8b665f0a3658<-4240b545-6c07-448f-ac96-de7b778a6442#0:FAIL-t1. Peer's state: 4240b545-6c07-448f-ac96-de7b778a6442@group-3FA22E84EAD5:t1, leader=null, voted=null, raftlog=4240b545-6c07-448f-ac96-de7b778a6442@group-3FA22E84EAD5-SegmentedRaftLog:OPENED:c-1,f-1,i0, conf=-1: [06b1e515-8a0e-4448-8d82-5bc90e0fbeba|rpc:10.1.0.21:43961|dataStream:|priority:0, cdd1bc6e-a52c-4b83-9205-8b665f0a3658|rpc:10.1.0.21:38573|dataStream:|priority:0, 4240b545-6c07-448f-ac96-de7b778a6442|rpc:10.1.0.21:45639|dataStream:|priority:1], old=null
2021-08-17 11:44:28,481 [cdd1bc6e-a52c-4b83-9205-8b665f0a3658@group-3FA22E84EAD5-LeaderElection35] INFO  impl.LeaderElection (LeaderElection.java:logAndReturn(89)) - cdd1bc6e-a52c-4b83-9205-8b665f0a3658@group-3FA22E84EAD5-LeaderElection35: ELECTION REJECTED received 2 response(s) and 0 exception(s):
2021-08-17 11:44:28,481 [cdd1bc6e-a52c-4b83-9205-8b665f0a3658@group-3FA22E84EAD5-LeaderElection35] INFO  impl.LeaderElection (LeaderElection.java:logAndReturn(93)) -   Response 0: cdd1bc6e-a52c-4b83-9205-8b665f0a3658<-06b1e515-8a0e-4448-8d82-5bc90e0fbeba#0:FAIL-t1
2021-08-17 11:44:28,481 [cdd1bc6e-a52c-4b83-9205-8b665f0a3658@group-3FA22E84EAD5-LeaderElection35] INFO  impl.LeaderElection (LeaderElection.java:logAndReturn(93)) -   Response 1: cdd1bc6e-a52c-4b83-9205-8b665f0a3658<-4240b545-6c07-448f-ac96-de7b778a6442#0:FAIL-t1
2021-08-17 11:44:28,481 [cdd1bc6e-a52c-4b83-9205-8b665f0a3658@group-3FA22E84EAD5-LeaderElection35] INFO  impl.LeaderElection (LeaderElection.java:askForVotes(308)) - cdd1bc6e-a52c-4b83-9205-8b665f0a3658@group-3FA22E84EAD5-LeaderElection35 ELECTION round 0: result REJECTED
2021-08-17 11:44:28,481 [cdd1bc6e-a52c-4b83-9205-8b665f0a3658@group-3FA22E84EAD5-LeaderElection35] INFO  server.RaftServer$Division (RaftServerImpl.java:setRole(285)) - cdd1bc6e-a52c-4b83-9205-8b665f0a3658@group-3FA22E84EAD5: changes role from CANDIDATE to FOLLOWER at term 1 for REJECTED
2021-08-17 11:44:28,481 [cdd1bc6e-a52c-4b83-9205-8b665f0a3658@group-3FA22E84EAD5-LeaderElection35] INFO  impl.RoleInfo (RoleInfo.java:shutdownLeaderElection(121)) - cdd1bc6e-a52c-4b83-9205-8b665f0a3658: shutdown cdd1bc6e-a52c-4b83-9205-8b665f0a3658@group-3FA22E84EAD5-LeaderElection35
2021-08-17 11:44:28,481 [cdd1bc6e-a52c-4b83-9205-8b665f0a3658@group-3FA22E84EAD5-LeaderElection35] INFO  impl.RoleInfo (RoleInfo.java:updateAndGet(130)) - cdd1bc6e-a52c-4b83-9205-8b665f0a3658: start cdd1bc6e-a52c-4b83-9205-8b665f0a3658@group-3FA22E84EAD5-FollowerState
2021-08-17 11:44:28,481 [06b1e515-8a0e-4448-8d82-5bc90e0fbeba@group-3FA22E84EAD5-LeaderElection36] INFO  impl.LeaderElection (LeaderElection.java:logAndReturn(89)) - 06b1e515-8a0e-4448-8d82-5bc90e0fbeba@group-3FA22E84EAD5-LeaderElection36: ELECTION REJECTED received 2 response(s) and 0 exception(s):
2021-08-17 11:44:28,481 [06b1e515-8a0e-4448-8d82-5bc90e0fbeba@group-3FA22E84EAD5-LeaderElection36] INFO  impl.LeaderElection (LeaderElection.java:logAndReturn(93)) -   Response 0: 06b1e515-8a0e-4448-8d82-5bc90e0fbeba<-cdd1bc6e-a52c-4b83-9205-8b665f0a3658#0:FAIL-t1
2021-08-17 11:44:28,481 [06b1e515-8a0e-4448-8d82-5bc90e0fbeba@group-3FA22E84EAD5-LeaderElection36] INFO  impl.LeaderElection (LeaderElection.java:logAndReturn(93)) -   Response 1: 06b1e515-8a0e-4448-8d82-5bc90e0fbeba<-4240b545-6c07-448f-ac96-de7b778a6442#0:FAIL-t1
2021-08-17 11:44:28,482 [06b1e515-8a0e-4448-8d82-5bc90e0fbeba@group-3FA22E84EAD5-LeaderElection36] INFO  impl.LeaderElection (LeaderElection.java:askForVotes(308)) - 06b1e515-8a0e-4448-8d82-5bc90e0fbeba@group-3FA22E84EAD5-LeaderElection36 ELECTION round 0: result REJECTED
2021-08-17 11:44:28,482 [06b1e515-8a0e-4448-8d82-5bc90e0fbeba@group-3FA22E84EAD5-LeaderElection36] INFO  server.RaftServer$Division (RaftServerImpl.java:setRole(285)) - 06b1e515-8a0e-4448-8d82-5bc90e0fbeba@group-3FA22E84EAD5: changes role from CANDIDATE to FOLLOWER at term 1 for REJECTED
2021-08-17 11:44:28,482 [06b1e515-8a0e-4448-8d82-5bc90e0fbeba@group-3FA22E84EAD5-LeaderElection36] INFO  impl.RoleInfo (RoleInfo.java:shutdownLeaderElection(121)) - 06b1e515-8a0e-4448-8d82-5bc90e0fbeba: shutdown 06b1e515-8a0e-4448-8d82-5bc90e0fbeba@group-3FA22E84EAD5-LeaderElection36
2021-08-17 11:44:28,482 [06b1e515-8a0e-4448-8d82-5bc90e0fbeba@group-3FA22E84EAD5-LeaderElection36] INFO  impl.RoleInfo (RoleInfo.java:updateAndGet(130)) - 06b1e515-8a0e-4448-8d82-5bc90e0fbeba: start 06b1e515-8a0e-4448-8d82-5bc90e0fbeba@group-3FA22E84EAD5-FollowerState
2021-08-17 11:44:28,623 [cdd1bc6e-a52c-4b83-9205-8b665f0a3658@group-5BB2E7DFC0E0-FollowerState] INFO  impl.FollowerState (FollowerState.java:run(134)) - cdd1bc6e-a52c-4b83-9205-8b665f0a3658@group-5BB2E7DFC0E0-FollowerState: change to CANDIDATE, lastRpcElapsedTime:5050036124ns, electionTimeout:5046ms
2021-08-17 11:44:28,623 [cdd1bc6e-a52c-4b83-9205-8b665f0a3658@group-5BB2E7DFC0E0-FollowerState] INFO  impl.RoleInfo (RoleInfo.java:shutdownFollowerState(108)) - cdd1bc6e-a52c-4b83-9205-8b665f0a3658: shutdown cdd1bc6e-a52c-4b83-9205-8b665f0a3658@group-5BB2E7DFC0E0-FollowerState
2021-08-17 11:44:28,623 [cdd1bc6e-a52c-4b83-9205-8b665f0a3658@group-5BB2E7DFC0E0-FollowerState] INFO  server.RaftServer$Division (RaftServerImpl.java:setRole(285)) - cdd1bc6e-a52c-4b83-9205-8b665f0a3658@group-5BB2E7DFC0E0: changes role from  FOLLOWER to CANDIDATE at term 0 for changeToCandidate
2021-08-17 11:44:28,624 [cdd1bc6e-a52c-4b83-9205-8b665f0a3658@group-5BB2E7DFC0E0-FollowerState] INFO  server.RaftServerConfigKeys (ConfUtils.java:logGet(44)) - raft.server.leaderelection.pre-vote = false (custom)
2021-08-17 11:44:28,624 [cdd1bc6e-a52c-4b83-9205-8b665f0a3658@group-5BB2E7DFC0E0-FollowerState] INFO  impl.RoleInfo (RoleInfo.java:updateAndGet(130)) - cdd1bc6e-a52c-4b83-9205-8b665f0a3658: start cdd1bc6e-a52c-4b83-9205-8b665f0a3658@group-5BB2E7DFC0E0-LeaderElection37
2021-08-17 11:44:28,660 [cdd1bc6e-a52c-4b83-9205-8b665f0a3658@group-5BB2E7DFC0E0-LeaderElection37] INFO  impl.LeaderElection (LeaderElection.java:askForVotes(306)) - cdd1bc6e-a52c-4b83-9205-8b665f0a3658@group-5BB2E7DFC0E0-LeaderElection37 ELECTION round 0: submit vote requests at term 1 for -1: [cdd1bc6e-a52c-4b83-9205-8b665f0a3658|rpc:10.1.0.21:38573|priority:1], old=null
2021-08-17 11:44:28,660 [cdd1bc6e-a52c-4b83-9205-8b665f0a3658@group-5BB2E7DFC0E0-LeaderElection37] INFO  impl.LeaderElection (LeaderElection.java:askForVotes(308)) - cdd1bc6e-a52c-4b83-9205-8b665f0a3658@group-5BB2E7DFC0E0-LeaderElection37 ELECTION round 0: result PASSED (term=1)
2021-08-17 11:44:28,660 [cdd1bc6e-a52c-4b83-9205-8b665f0a3658@group-5BB2E7DFC0E0-LeaderElection37] INFO  impl.RoleInfo (RoleInfo.java:shutdownLeaderElection(121)) - cdd1bc6e-a52c-4b83-9205-8b665f0a3658: shutdown cdd1bc6e-a52c-4b83-9205-8b665f0a3658@group-5BB2E7DFC0E0-LeaderElection37
2021-08-17 11:44:28,660 [cdd1bc6e-a52c-4b83-9205-8b665f0a3658@group-5BB2E7DFC0E0-LeaderElection37] INFO  server.RaftServer$Division (RaftServerImpl.java:setRole(285)) - cdd1bc6e-a52c-4b83-9205-8b665f0a3658@group-5BB2E7DFC0E0: changes role from CANDIDATE to LEADER at term 1 for changeToLeader
2021-08-17 11:44:28,660 [cdd1bc6e-a52c-4b83-9205-8b665f0a3658@group-5BB2E7DFC0E0-LeaderElection37] INFO  ratis.XceiverServerRatis (XceiverServerRatis.java:handleLeaderChangedNotification(861)) - Leader change notification received for group: group-5BB2E7DFC0E0 with new leaderId: cdd1bc6e-a52c-4b83-9205-8b665f0a3658
2021-08-17 11:44:28,660 [cdd1bc6e-a52c-4b83-9205-8b665f0a3658@group-5BB2E7DFC0E0-LeaderElection37] INFO  server.RaftServer$Division (ServerState.java:setLeader(285)) - cdd1bc6e-a52c-4b83-9205-8b665f0a3658@group-5BB2E7DFC0E0: change Leader from null to cdd1bc6e-a52c-4b83-9205-8b665f0a3658 at term 1 for becomeLeader, leader elected after 5110ms
2021-08-17 11:44:28,661 [cdd1bc6e-a52c-4b83-9205-8b665f0a3658@group-5BB2E7DFC0E0-LeaderElection37] INFO  server.RaftServerConfigKeys (ConfUtils.java:logGet(44)) - raft.server.staging.catchup.gap = 1000 (default)
2021-08-17 11:44:28,662 [EventQueue-OpenPipelineForHealthyPipelineSafeModeRule] INFO  safemode.SCMSafeModeManager (HealthyPipelineSafeModeRule.java:process(124)) - SCM in safe mode. Healthy pipelines reported count is 0, required healthy pipeline reported count is 1
2021-08-17 11:44:28,662 [cdd1bc6e-a52c-4b83-9205-8b665f0a3658@group-5BB2E7DFC0E0-LeaderElection37] INFO  server.RaftServerConfigKeys (ConfUtils.java:logGet(44)) - raft.server.write.element-limit = 1024 (custom)
2021-08-17 11:44:28,662 [cdd1bc6e-a52c-4b83-9205-8b665f0a3658@group-5BB2E7DFC0E0-LeaderElection37] INFO  server.RaftServerConfigKeys (ConfUtils.java:logGet(44)) - raft.server.write.byte-limit = 1024 M (=1073741824) (custom)
2021-08-17 11:44:28,662 [cdd1bc6e-a52c-4b83-9205-8b665f0a3658@group-5BB2E7DFC0E0-LeaderElection37] INFO  server.RaftServerConfigKeys (ConfUtils.java:logGet(44)) - raft.server.watch.timeout = 180s (custom)
2021-08-17 11:44:28,662 [cdd1bc6e-a52c-4b83-9205-8b665f0a3658@group-5BB2E7DFC0E0-LeaderElection37] INFO  server.RaftServerConfigKeys (ConfUtils.java:logGet(44)) - raft.server.watch.timeout.denomination = 1s (default)
2021-08-17 11:44:28,662 [cdd1bc6e-a52c-4b83-9205-8b665f0a3658@group-5BB2E7DFC0E0-LeaderElection37] INFO  server.RaftServerConfigKeys (ConfUtils.java:logGet(44)) - raft.server.watch.element-limit = 65536 (default)
2021-08-17 11:44:28,663 [cdd1bc6e-a52c-4b83-9205-8b665f0a3658@group-5BB2E7DFC0E0-LeaderElection37] INFO  impl.RoleInfo (RoleInfo.java:updateAndGet(130)) - cdd1bc6e-a52c-4b83-9205-8b665f0a3658: start cdd1bc6e-a52c-4b83-9205-8b665f0a3658@group-5BB2E7DFC0E0-LeaderStateImpl
2021-08-17 11:44:28,663 [cdd1bc6e-a52c-4b83-9205-8b665f0a3658@group-5BB2E7DFC0E0-LeaderElection37] INFO  segmented.SegmentedRaftLogWorker (SegmentedRaftLogWorker.java:startLogSegment(394)) - cdd1bc6e-a52c-4b83-9205-8b665f0a3658@group-5BB2E7DFC0E0-SegmentedRaftLogWorker: Starting segment from index:0
2021-08-17 11:44:28,665 [cdd1bc6e-a52c-4b83-9205-8b665f0a3658@group-5BB2E7DFC0E0-SegmentedRaftLogWorker] INFO  segmented.SegmentedRaftLogWorker (SegmentedRaftLogWorker.java:execute(601)) - cdd1bc6e-a52c-4b83-9205-8b665f0a3658@group-5BB2E7DFC0E0-SegmentedRaftLogWorker: created new log segment /home/runner/work/ozone/ozone/hadoop-ozone/integration-test/target/test-dir/MiniOzoneClusterImpl-3aa90084-af08-4299-bf83-992dfa8833c1/datanode-1/data/ratis/b293f434-5fce-4d3d-bf11-5bb2e7dfc0e0/current/log_inprogress_0
2021-08-17 11:44:28,684 [cdd1bc6e-a52c-4b83-9205-8b665f0a3658@group-5BB2E7DFC0E0-LeaderElection37] INFO  server.RaftServer$Division (ServerState.java:setRaftConf(387)) - cdd1bc6e-a52c-4b83-9205-8b665f0a3658@group-5BB2E7DFC0E0: set configuration 0: [cdd1bc6e-a52c-4b83-9205-8b665f0a3658|rpc:10.1.0.21:38573|dataStream:|priority:1], old=null
2021-08-17 11:44:28,983 [Listener at 127.0.0.1/33323] INFO  ozone.MiniOzoneClusterImpl (MiniOzoneClusterImpl.java:lambda$waitForClusterToBeReady$0(235)) - Nodes are ready. Got 3 of 3 DN Heartbeats.
2021-08-17 11:44:28,983 [Listener at 127.0.0.1/33323] INFO  ozone.MiniOzoneClusterImpl (MiniOzoneClusterImpl.java:lambda$waitForClusterToBeReady$0(238)) - Waiting for cluster to exit safe mode
2021-08-17 11:44:28,983 [Listener at 127.0.0.1/33323] INFO  ozone.MiniOzoneClusterImpl (MiniOzoneClusterImpl.java:lambda$waitForClusterToBeReady$0(240)) - SCM became leader
2021-08-17 11:44:29,226 [4240b545-6c07-448f-ac96-de7b778a6442@group-F9B8CC9BF630-FollowerState] INFO  impl.FollowerState (FollowerState.java:run(134)) - 4240b545-6c07-448f-ac96-de7b778a6442@group-F9B8CC9BF630-FollowerState: change to CANDIDATE, lastRpcElapsedTime:5155704834ns, electionTimeout:5148ms
2021-08-17 11:44:29,226 [4240b545-6c07-448f-ac96-de7b778a6442@group-F9B8CC9BF630-FollowerState] INFO  impl.RoleInfo (RoleInfo.java:shutdownFollowerState(108)) - 4240b545-6c07-448f-ac96-de7b778a6442: shutdown 4240b545-6c07-448f-ac96-de7b778a6442@group-F9B8CC9BF630-FollowerState
2021-08-17 11:44:29,226 [4240b545-6c07-448f-ac96-de7b778a6442@group-F9B8CC9BF630-FollowerState] INFO  server.RaftServer$Division (RaftServerImpl.java:setRole(285)) - 4240b545-6c07-448f-ac96-de7b778a6442@group-F9B8CC9BF630: changes role from  FOLLOWER to CANDIDATE at term 0 for changeToCandidate
2021-08-17 11:44:29,227 [4240b545-6c07-448f-ac96-de7b778a6442@group-F9B8CC9BF630-FollowerState] INFO  server.RaftServerConfigKeys (ConfUtils.java:logGet(44)) - raft.server.leaderelection.pre-vote = false (custom)
2021-08-17 11:44:29,227 [4240b545-6c07-448f-ac96-de7b778a6442@group-F9B8CC9BF630-FollowerState] INFO  impl.RoleInfo (RoleInfo.java:updateAndGet(130)) - 4240b545-6c07-448f-ac96-de7b778a6442: start 4240b545-6c07-448f-ac96-de7b778a6442@group-F9B8CC9BF630-LeaderElection38
2021-08-17 11:44:29,263 [4240b545-6c07-448f-ac96-de7b778a6442@group-F9B8CC9BF630-LeaderElection38] INFO  impl.LeaderElection (LeaderElection.java:askForVotes(306)) - 4240b545-6c07-448f-ac96-de7b778a6442@group-F9B8CC9BF630-LeaderElection38 ELECTION round 0: submit vote requests at term 1 for -1: [4240b545-6c07-448f-ac96-de7b778a6442|rpc:10.1.0.21:45639|priority:1], old=null
2021-08-17 11:44:29,263 [4240b545-6c07-448f-ac96-de7b778a6442@group-F9B8CC9BF630-LeaderElection38] INFO  impl.LeaderElection (LeaderElection.java:askForVotes(308)) - 4240b545-6c07-448f-ac96-de7b778a6442@group-F9B8CC9BF630-LeaderElection38 ELECTION round 0: result PASSED (term=1)
2021-08-17 11:44:29,263 [4240b545-6c07-448f-ac96-de7b778a6442@group-F9B8CC9BF630-LeaderElection38] INFO  impl.RoleInfo (RoleInfo.java:shutdownLeaderElection(121)) - 4240b545-6c07-448f-ac96-de7b778a6442: shutdown 4240b545-6c07-448f-ac96-de7b778a6442@group-F9B8CC9BF630-LeaderElection38
2021-08-17 11:44:29,263 [4240b545-6c07-448f-ac96-de7b778a6442@group-F9B8CC9BF630-LeaderElection38] INFO  server.RaftServer$Division (RaftServerImpl.java:setRole(285)) - 4240b545-6c07-448f-ac96-de7b778a6442@group-F9B8CC9BF630: changes role from CANDIDATE to LEADER at term 1 for changeToLeader
2021-08-17 11:44:29,263 [4240b545-6c07-448f-ac96-de7b778a6442@group-F9B8CC9BF630-LeaderElection38] INFO  ratis.XceiverServerRatis (XceiverServerRatis.java:handleLeaderChangedNotification(861)) - Leader change notification received for group: group-F9B8CC9BF630 with new leaderId: 4240b545-6c07-448f-ac96-de7b778a6442
2021-08-17 11:44:29,263 [4240b545-6c07-448f-ac96-de7b778a6442@group-F9B8CC9BF630-LeaderElection38] INFO  server.RaftServer$Division (ServerState.java:setLeader(285)) - 4240b545-6c07-448f-ac96-de7b778a6442@group-F9B8CC9BF630: change Leader from null to 4240b545-6c07-448f-ac96-de7b778a6442 at term 1 for becomeLeader, leader elected after 5231ms
2021-08-17 11:44:29,263 [4240b545-6c07-448f-ac96-de7b778a6442@group-F9B8CC9BF630-LeaderElection38] INFO  server.RaftServerConfigKeys (ConfUtils.java:logGet(44)) - raft.server.staging.catchup.gap = 1000 (default)
2021-08-17 11:44:29,263 [4240b545-6c07-448f-ac96-de7b778a6442@group-F9B8CC9BF630-LeaderElection38] INFO  server.RaftServerConfigKeys (ConfUtils.java:logGet(44)) - raft.server.write.element-limit = 1024 (custom)
2021-08-17 11:44:29,263 [4240b545-6c07-448f-ac96-de7b778a6442@group-F9B8CC9BF630-LeaderElection38] INFO  server.RaftServerConfigKeys (ConfUtils.java:logGet(44)) - raft.server.write.byte-limit = 1024 M (=1073741824) (custom)
2021-08-17 11:44:29,264 [4240b545-6c07-448f-ac96-de7b778a6442@group-F9B8CC9BF630-LeaderElection38] INFO  server.RaftServerConfigKeys (ConfUtils.java:logGet(44)) - raft.server.watch.timeout = 180s (custom)
2021-08-17 11:44:29,264 [4240b545-6c07-448f-ac96-de7b778a6442@group-F9B8CC9BF630-LeaderElection38] INFO  server.RaftServerConfigKeys (ConfUtils.java:logGet(44)) - raft.server.watch.timeout.denomination = 1s (default)
2021-08-17 11:44:29,264 [4240b545-6c07-448f-ac96-de7b778a6442@group-F9B8CC9BF630-LeaderElection38] INFO  server.RaftServerConfigKeys (ConfUtils.java:logGet(44)) - raft.server.watch.element-limit = 65536 (default)
2021-08-17 11:44:29,264 [4240b545-6c07-448f-ac96-de7b778a6442@group-F9B8CC9BF630-LeaderElection38] INFO  impl.RoleInfo (RoleInfo.java:updateAndGet(130)) - 4240b545-6c07-448f-ac96-de7b778a6442: start 4240b545-6c07-448f-ac96-de7b778a6442@group-F9B8CC9BF630-LeaderStateImpl
2021-08-17 11:44:29,264 [4240b545-6c07-448f-ac96-de7b778a6442@group-F9B8CC9BF630-LeaderElection38] INFO  segmented.SegmentedRaftLogWorker (SegmentedRaftLogWorker.java:startLogSegment(394)) - 4240b545-6c07-448f-ac96-de7b778a6442@group-F9B8CC9BF630-SegmentedRaftLogWorker: Starting segment from index:0
2021-08-17 11:44:29,265 [Datanode State Machine Thread - 0] WARN  statemachine.StateContext (StateContext.java:execute(621)) - No available thread in pool for past 1 seconds.
2021-08-17 11:44:29,267 [4240b545-6c07-448f-ac96-de7b778a6442@group-F9B8CC9BF630-SegmentedRaftLogWorker] INFO  segmented.SegmentedRaftLogWorker (SegmentedRaftLogWorker.java:execute(601)) - 4240b545-6c07-448f-ac96-de7b778a6442@group-F9B8CC9BF630-SegmentedRaftLogWorker: created new log segment /home/runner/work/ozone/ozone/hadoop-ozone/integration-test/target/test-dir/MiniOzoneClusterImpl-3aa90084-af08-4299-bf83-992dfa8833c1/datanode-2/data/ratis/ce60ac08-aaab-4afe-b309-f9b8cc9bf630/current/log_inprogress_0
2021-08-17 11:44:29,267 [EventQueue-OpenPipelineForHealthyPipelineSafeModeRule] INFO  safemode.SCMSafeModeManager (HealthyPipelineSafeModeRule.java:process(124)) - SCM in safe mode. Healthy pipelines reported count is 0, required healthy pipeline reported count is 1
2021-08-17 11:44:29,270 [4240b545-6c07-448f-ac96-de7b778a6442@group-F9B8CC9BF630-LeaderElection38] INFO  server.RaftServer$Division (ServerState.java:setRaftConf(387)) - 4240b545-6c07-448f-ac96-de7b778a6442@group-F9B8CC9BF630: set configuration 0: [4240b545-6c07-448f-ac96-de7b778a6442|rpc:10.1.0.21:45639|dataStream:|priority:1], old=null
2021-08-17 11:44:29,986 [Listener at 127.0.0.1/33323] INFO  ozone.MiniOzoneClusterImpl (MiniOzoneClusterImpl.java:lambda$waitForClusterToBeReady$0(235)) - Nodes are ready. Got 3 of 3 DN Heartbeats.
2021-08-17 11:44:29,986 [Listener at 127.0.0.1/33323] INFO  ozone.MiniOzoneClusterImpl (MiniOzoneClusterImpl.java:lambda$waitForClusterToBeReady$0(238)) - Waiting for cluster to exit safe mode
2021-08-17 11:44:29,986 [Listener at 127.0.0.1/33323] INFO  ozone.MiniOzoneClusterImpl (MiniOzoneClusterImpl.java:lambda$waitForClusterToBeReady$0(240)) - SCM became leader
2021-08-17 11:44:30,986 [Listener at 127.0.0.1/33323] INFO  ozone.MiniOzoneClusterImpl (MiniOzoneClusterImpl.java:lambda$waitForClusterToBeReady$0(235)) - Nodes are ready. Got 3 of 3 DN Heartbeats.
2021-08-17 11:44:30,986 [Listener at 127.0.0.1/33323] INFO  ozone.MiniOzoneClusterImpl (MiniOzoneClusterImpl.java:lambda$waitForClusterToBeReady$0(238)) - Waiting for cluster to exit safe mode
2021-08-17 11:44:30,986 [Listener at 127.0.0.1/33323] INFO  ozone.MiniOzoneClusterImpl (MiniOzoneClusterImpl.java:lambda$waitForClusterToBeReady$0(240)) - SCM became leader
2021-08-17 11:44:31,987 [Listener at 127.0.0.1/33323] INFO  ozone.MiniOzoneClusterImpl (MiniOzoneClusterImpl.java:lambda$waitForClusterToBeReady$0(235)) - Nodes are ready. Got 3 of 3 DN Heartbeats.
2021-08-17 11:44:31,987 [Listener at 127.0.0.1/33323] INFO  ozone.MiniOzoneClusterImpl (MiniOzoneClusterImpl.java:lambda$waitForClusterToBeReady$0(238)) - Waiting for cluster to exit safe mode
2021-08-17 11:44:31,987 [Listener at 127.0.0.1/33323] INFO  ozone.MiniOzoneClusterImpl (MiniOzoneClusterImpl.java:lambda$waitForClusterToBeReady$0(240)) - SCM became leader
2021-08-17 11:44:32,987 [Listener at 127.0.0.1/33323] INFO  ozone.MiniOzoneClusterImpl (MiniOzoneClusterImpl.java:lambda$waitForClusterToBeReady$0(235)) - Nodes are ready. Got 3 of 3 DN Heartbeats.
2021-08-17 11:44:32,987 [Listener at 127.0.0.1/33323] INFO  ozone.MiniOzoneClusterImpl (MiniOzoneClusterImpl.java:lambda$waitForClusterToBeReady$0(238)) - Waiting for cluster to exit safe mode
2021-08-17 11:44:32,987 [Listener at 127.0.0.1/33323] INFO  ozone.MiniOzoneClusterImpl (MiniOzoneClusterImpl.java:lambda$waitForClusterToBeReady$0(240)) - SCM became leader
2021-08-17 11:44:33,068 [cdd1bc6e-a52c-4b83-9205-8b665f0a3658@group-D2E2B342A4C3-FollowerState] INFO  impl.FollowerState (FollowerState.java:run(134)) - cdd1bc6e-a52c-4b83-9205-8b665f0a3658@group-D2E2B342A4C3-FollowerState: change to CANDIDATE, lastRpcElapsedTime:5138564326ns, electionTimeout:5130ms
2021-08-17 11:44:33,068 [cdd1bc6e-a52c-4b83-9205-8b665f0a3658@group-D2E2B342A4C3-FollowerState] INFO  impl.RoleInfo (RoleInfo.java:shutdownFollowerState(108)) - cdd1bc6e-a52c-4b83-9205-8b665f0a3658: shutdown cdd1bc6e-a52c-4b83-9205-8b665f0a3658@group-D2E2B342A4C3-FollowerState
2021-08-17 11:44:33,068 [cdd1bc6e-a52c-4b83-9205-8b665f0a3658@group-D2E2B342A4C3-FollowerState] INFO  server.RaftServer$Division (RaftServerImpl.java:setRole(285)) - cdd1bc6e-a52c-4b83-9205-8b665f0a3658@group-D2E2B342A4C3: changes role from  FOLLOWER to CANDIDATE at term 1 for changeToCandidate
2021-08-17 11:44:33,069 [cdd1bc6e-a52c-4b83-9205-8b665f0a3658@group-D2E2B342A4C3-FollowerState] INFO  server.RaftServerConfigKeys (ConfUtils.java:logGet(44)) - raft.server.leaderelection.pre-vote = false (custom)
2021-08-17 11:44:33,069 [cdd1bc6e-a52c-4b83-9205-8b665f0a3658@group-D2E2B342A4C3-FollowerState] INFO  impl.RoleInfo (RoleInfo.java:updateAndGet(130)) - cdd1bc6e-a52c-4b83-9205-8b665f0a3658: start cdd1bc6e-a52c-4b83-9205-8b665f0a3658@group-D2E2B342A4C3-LeaderElection39
2021-08-17 11:44:33,075 [06b1e515-8a0e-4448-8d82-5bc90e0fbeba@group-D2E2B342A4C3-FollowerState] INFO  impl.FollowerState (FollowerState.java:run(134)) - 06b1e515-8a0e-4448-8d82-5bc90e0fbeba@group-D2E2B342A4C3-FollowerState: change to CANDIDATE, lastRpcElapsedTime:5129103205ns, electionTimeout:5079ms
2021-08-17 11:44:33,075 [06b1e515-8a0e-4448-8d82-5bc90e0fbeba@group-D2E2B342A4C3-FollowerState] INFO  impl.RoleInfo (RoleInfo.java:shutdownFollowerState(108)) - 06b1e515-8a0e-4448-8d82-5bc90e0fbeba: shutdown 06b1e515-8a0e-4448-8d82-5bc90e0fbeba@group-D2E2B342A4C3-FollowerState
2021-08-17 11:44:33,075 [06b1e515-8a0e-4448-8d82-5bc90e0fbeba@group-D2E2B342A4C3-FollowerState] INFO  server.RaftServer$Division (RaftServerImpl.java:setRole(285)) - 06b1e515-8a0e-4448-8d82-5bc90e0fbeba@group-D2E2B342A4C3: changes role from  FOLLOWER to CANDIDATE at term 1 for changeToCandidate
2021-08-17 11:44:33,076 [06b1e515-8a0e-4448-8d82-5bc90e0fbeba@group-D2E2B342A4C3-FollowerState] INFO  server.RaftServerConfigKeys (ConfUtils.java:logGet(44)) - raft.server.leaderelection.pre-vote = false (custom)
2021-08-17 11:44:33,076 [06b1e515-8a0e-4448-8d82-5bc90e0fbeba@group-D2E2B342A4C3-FollowerState] INFO  impl.RoleInfo (RoleInfo.java:updateAndGet(130)) - 06b1e515-8a0e-4448-8d82-5bc90e0fbeba: start 06b1e515-8a0e-4448-8d82-5bc90e0fbeba@group-D2E2B342A4C3-LeaderElection40
2021-08-17 11:44:33,101 [cdd1bc6e-a52c-4b83-9205-8b665f0a3658@group-D2E2B342A4C3-LeaderElection39] INFO  impl.LeaderElection (LeaderElection.java:askForVotes(306)) - cdd1bc6e-a52c-4b83-9205-8b665f0a3658@group-D2E2B342A4C3-LeaderElection39 ELECTION round 0: submit vote requests at term 2 for -1: [06b1e515-8a0e-4448-8d82-5bc90e0fbeba|rpc:10.1.0.21:43961|dataStream:|priority:0, cdd1bc6e-a52c-4b83-9205-8b665f0a3658|rpc:10.1.0.21:38573|dataStream:|priority:1, 4240b545-6c07-448f-ac96-de7b778a6442|rpc:10.1.0.21:45639|dataStream:|priority:0], old=null
2021-08-17 11:44:33,107 [06b1e515-8a0e-4448-8d82-5bc90e0fbeba@group-D2E2B342A4C3-LeaderElection40] INFO  impl.LeaderElection (LeaderElection.java:askForVotes(306)) - 06b1e515-8a0e-4448-8d82-5bc90e0fbeba@group-D2E2B342A4C3-LeaderElection40 ELECTION round 0: submit vote requests at term 2 for -1: [06b1e515-8a0e-4448-8d82-5bc90e0fbeba|rpc:10.1.0.21:43961|priority:0, cdd1bc6e-a52c-4b83-9205-8b665f0a3658|rpc:10.1.0.21:38573|priority:1, 4240b545-6c07-448f-ac96-de7b778a6442|rpc:10.1.0.21:45639|priority:0], old=null
2021-08-17 11:44:33,136 [grpc-default-executor-0] INFO  server.RaftServer$Division (RaftServerImpl.java:requestVote(1043)) - 06b1e515-8a0e-4448-8d82-5bc90e0fbeba@group-D2E2B342A4C3: receive requestVote(ELECTION, cdd1bc6e-a52c-4b83-9205-8b665f0a3658, group-D2E2B342A4C3, 2, (t:0, i:0))
2021-08-17 11:44:33,136 [grpc-default-executor-0] INFO  impl.VoteContext (VoteContext.java:log(48)) - 06b1e515-8a0e-4448-8d82-5bc90e0fbeba@group-D2E2B342A4C3-CANDIDATE: reject ELECTION from cdd1bc6e-a52c-4b83-9205-8b665f0a3658: already has voted for 06b1e515-8a0e-4448-8d82-5bc90e0fbeba at current term 2
2021-08-17 11:44:33,136 [grpc-default-executor-0] INFO  server.RaftServer$Division (RaftServerImpl.java:requestVote(1075)) - 06b1e515-8a0e-4448-8d82-5bc90e0fbeba@group-D2E2B342A4C3 replies to ELECTION vote request: cdd1bc6e-a52c-4b83-9205-8b665f0a3658<-06b1e515-8a0e-4448-8d82-5bc90e0fbeba#0:FAIL-t2. Peer's state: 06b1e515-8a0e-4448-8d82-5bc90e0fbeba@group-D2E2B342A4C3:t2, leader=null, voted=06b1e515-8a0e-4448-8d82-5bc90e0fbeba, raftlog=06b1e515-8a0e-4448-8d82-5bc90e0fbeba@group-D2E2B342A4C3-SegmentedRaftLog:OPENED:c-1,f-1,i0, conf=-1: [06b1e515-8a0e-4448-8d82-5bc90e0fbeba|rpc:10.1.0.21:43961|priority:0, cdd1bc6e-a52c-4b83-9205-8b665f0a3658|rpc:10.1.0.21:38573|priority:1, 4240b545-6c07-448f-ac96-de7b778a6442|rpc:10.1.0.21:45639|priority:0], old=null
2021-08-17 11:44:33,136 [grpc-default-executor-1] INFO  server.RaftServer$Division (RaftServerImpl.java:requestVote(1043)) - 4240b545-6c07-448f-ac96-de7b778a6442@group-D2E2B342A4C3: receive requestVote(ELECTION, cdd1bc6e-a52c-4b83-9205-8b665f0a3658, group-D2E2B342A4C3, 2, (t:0, i:0))
2021-08-17 11:44:33,136 [grpc-default-executor-1] INFO  impl.VoteContext (VoteContext.java:log(48)) - 4240b545-6c07-448f-ac96-de7b778a6442@group-D2E2B342A4C3-FOLLOWER: accept ELECTION from cdd1bc6e-a52c-4b83-9205-8b665f0a3658: our priority 0 <= candidate's priority 1
2021-08-17 11:44:33,136 [grpc-default-executor-1] INFO  server.RaftServer$Division (RaftServerImpl.java:setRole(285)) - 4240b545-6c07-448f-ac96-de7b778a6442@group-D2E2B342A4C3: changes role from  FOLLOWER to FOLLOWER at term 2 for candidate:cdd1bc6e-a52c-4b83-9205-8b665f0a3658
2021-08-17 11:44:33,136 [grpc-default-executor-1] INFO  impl.RoleInfo (RoleInfo.java:shutdownFollowerState(108)) - 4240b545-6c07-448f-ac96-de7b778a6442: shutdown 4240b545-6c07-448f-ac96-de7b778a6442@group-D2E2B342A4C3-FollowerState
2021-08-17 11:44:33,137 [grpc-default-executor-1] INFO  impl.RoleInfo (RoleInfo.java:updateAndGet(130)) - 4240b545-6c07-448f-ac96-de7b778a6442: start 4240b545-6c07-448f-ac96-de7b778a6442@group-D2E2B342A4C3-FollowerState
2021-08-17 11:44:33,138 [grpc-default-executor-1] INFO  server.RaftServer$Division (RaftServerImpl.java:requestVote(1075)) - 4240b545-6c07-448f-ac96-de7b778a6442@group-D2E2B342A4C3 replies to ELECTION vote request: cdd1bc6e-a52c-4b83-9205-8b665f0a3658<-4240b545-6c07-448f-ac96-de7b778a6442#0:OK-t2. Peer's state: 4240b545-6c07-448f-ac96-de7b778a6442@group-D2E2B342A4C3:t2, leader=null, voted=cdd1bc6e-a52c-4b83-9205-8b665f0a3658, raftlog=4240b545-6c07-448f-ac96-de7b778a6442@group-D2E2B342A4C3-SegmentedRaftLog:OPENED:c-1,f-1,i0, conf=-1: [06b1e515-8a0e-4448-8d82-5bc90e0fbeba|rpc:10.1.0.21:43961|dataStream:|priority:0, cdd1bc6e-a52c-4b83-9205-8b665f0a3658|rpc:10.1.0.21:38573|dataStream:|priority:1, 4240b545-6c07-448f-ac96-de7b778a6442|rpc:10.1.0.21:45639|dataStream:|priority:0], old=null
2021-08-17 11:44:33,138 [4240b545-6c07-448f-ac96-de7b778a6442@group-D2E2B342A4C3-FollowerState] INFO  impl.FollowerState (FollowerState.java:run(134)) - 4240b545-6c07-448f-ac96-de7b778a6442@group-D2E2B342A4C3-FollowerState: change to CANDIDATE, lastRpcElapsedTime:5149353439ns, electionTimeout:5144ms
2021-08-17 11:44:33,138 [4240b545-6c07-448f-ac96-de7b778a6442@group-D2E2B342A4C3-FollowerState] INFO  impl.RoleInfo (RoleInfo.java:shutdownFollowerState(108)) - 4240b545-6c07-448f-ac96-de7b778a6442: shutdown 4240b545-6c07-448f-ac96-de7b778a6442@group-D2E2B342A4C3-FollowerState
2021-08-17 11:44:33,138 [4240b545-6c07-448f-ac96-de7b778a6442@group-D2E2B342A4C3-FollowerState] INFO  server.RaftServer$Division (RaftServerImpl.java:setRole(285)) - 4240b545-6c07-448f-ac96-de7b778a6442@group-D2E2B342A4C3: changes role from  FOLLOWER to CANDIDATE at term 2 for changeToCandidate
2021-08-17 11:44:33,138 [4240b545-6c07-448f-ac96-de7b778a6442@group-D2E2B342A4C3-FollowerState] INFO  server.RaftServerConfigKeys (ConfUtils.java:logGet(44)) - raft.server.leaderelection.pre-vote = false (custom)
2021-08-17 11:44:33,138 [4240b545-6c07-448f-ac96-de7b778a6442@group-D2E2B342A4C3-FollowerState] INFO  impl.RoleInfo (RoleInfo.java:updateAndGet(130)) - 4240b545-6c07-448f-ac96-de7b778a6442: start 4240b545-6c07-448f-ac96-de7b778a6442@group-D2E2B342A4C3-LeaderElection41
2021-08-17 11:44:33,139 [4240b545-6c07-448f-ac96-de7b778a6442@group-D2E2B342A4C3-FollowerState] INFO  impl.FollowerState (FollowerState.java:run(143)) - 4240b545-6c07-448f-ac96-de7b778a6442@group-D2E2B342A4C3-FollowerState was interrupted: {}
java.lang.InterruptedException: sleep interrupted
	at java.lang.Thread.sleep(Native Method)
	at java.lang.Thread.sleep(Thread.java:340)
	at java.util.concurrent.TimeUnit.sleep(TimeUnit.java:386)
	at org.apache.ratis.util.TimeDuration.sleep(TimeDuration.java:324)
	at org.apache.ratis.util.TimeDuration.sleep(TimeDuration.java:309)
	at org.apache.ratis.server.impl.FollowerState.run(FollowerState.java:118)
2021-08-17 11:44:33,149 [grpc-default-executor-0] INFO  server.RaftServer$Division (RaftServerImpl.java:requestVote(1043)) - 4240b545-6c07-448f-ac96-de7b778a6442@group-D2E2B342A4C3: receive requestVote(ELECTION, 06b1e515-8a0e-4448-8d82-5bc90e0fbeba, group-D2E2B342A4C3, 2, (t:0, i:0))
2021-08-17 11:44:33,149 [grpc-default-executor-0] INFO  impl.VoteContext (VoteContext.java:log(48)) - 4240b545-6c07-448f-ac96-de7b778a6442@group-D2E2B342A4C3-CANDIDATE: reject ELECTION from 06b1e515-8a0e-4448-8d82-5bc90e0fbeba: already has voted for cdd1bc6e-a52c-4b83-9205-8b665f0a3658 at current term 2
2021-08-17 11:44:33,149 [grpc-default-executor-0] INFO  server.RaftServer$Division (RaftServerImpl.java:requestVote(1075)) - 4240b545-6c07-448f-ac96-de7b778a6442@group-D2E2B342A4C3 replies to ELECTION vote request: 06b1e515-8a0e-4448-8d82-5bc90e0fbeba<-4240b545-6c07-448f-ac96-de7b778a6442#0:FAIL-t2. Peer's state: 4240b545-6c07-448f-ac96-de7b778a6442@group-D2E2B342A4C3:t2, leader=null, voted=cdd1bc6e-a52c-4b83-9205-8b665f0a3658, raftlog=4240b545-6c07-448f-ac96-de7b778a6442@group-D2E2B342A4C3-SegmentedRaftLog:OPENED:c-1,f-1,i0, conf=-1: [06b1e515-8a0e-4448-8d82-5bc90e0fbeba|rpc:10.1.0.21:43961|dataStream:|priority:0, cdd1bc6e-a52c-4b83-9205-8b665f0a3658|rpc:10.1.0.21:38573|dataStream:|priority:1, 4240b545-6c07-448f-ac96-de7b778a6442|rpc:10.1.0.21:45639|dataStream:|priority:0], old=null
2021-08-17 11:44:33,166 [cdd1bc6e-a52c-4b83-9205-8b665f0a3658@group-D2E2B342A4C3-LeaderElection39] INFO  impl.LeaderElection (LeaderElection.java:logAndReturn(89)) - cdd1bc6e-a52c-4b83-9205-8b665f0a3658@group-D2E2B342A4C3-LeaderElection39: ELECTION PASSED received 2 response(s) and 0 exception(s):
2021-08-17 11:44:33,166 [cdd1bc6e-a52c-4b83-9205-8b665f0a3658@group-D2E2B342A4C3-LeaderElection39] INFO  impl.LeaderElection (LeaderElection.java:logAndReturn(93)) -   Response 0: cdd1bc6e-a52c-4b83-9205-8b665f0a3658<-06b1e515-8a0e-4448-8d82-5bc90e0fbeba#0:FAIL-t2
2021-08-17 11:44:33,166 [cdd1bc6e-a52c-4b83-9205-8b665f0a3658@group-D2E2B342A4C3-LeaderElection39] INFO  impl.LeaderElection (LeaderElection.java:logAndReturn(93)) -   Response 1: cdd1bc6e-a52c-4b83-9205-8b665f0a3658<-4240b545-6c07-448f-ac96-de7b778a6442#0:OK-t2
2021-08-17 11:44:33,166 [cdd1bc6e-a52c-4b83-9205-8b665f0a3658@group-D2E2B342A4C3-LeaderElection39] INFO  impl.LeaderElection (LeaderElection.java:askForVotes(308)) - cdd1bc6e-a52c-4b83-9205-8b665f0a3658@group-D2E2B342A4C3-LeaderElection39 ELECTION round 0: result PASSED
2021-08-17 11:44:33,166 [cdd1bc6e-a52c-4b83-9205-8b665f0a3658@group-D2E2B342A4C3-LeaderElection39] INFO  impl.RoleInfo (RoleInfo.java:shutdownLeaderElection(121)) - cdd1bc6e-a52c-4b83-9205-8b665f0a3658: shutdown cdd1bc6e-a52c-4b83-9205-8b665f0a3658@group-D2E2B342A4C3-LeaderElection39
2021-08-17 11:44:33,166 [cdd1bc6e-a52c-4b83-9205-8b665f0a3658@group-D2E2B342A4C3-LeaderElection39] INFO  server.RaftServer$Division (RaftServerImpl.java:setRole(285)) - cdd1bc6e-a52c-4b83-9205-8b665f0a3658@group-D2E2B342A4C3: changes role from CANDIDATE to LEADER at term 2 for changeToLeader
2021-08-17 11:44:33,166 [cdd1bc6e-a52c-4b83-9205-8b665f0a3658@group-D2E2B342A4C3-LeaderElection39] INFO  ratis.XceiverServerRatis (XceiverServerRatis.java:handleLeaderChangedNotification(861)) - Leader change notification received for group: group-D2E2B342A4C3 with new leaderId: cdd1bc6e-a52c-4b83-9205-8b665f0a3658
2021-08-17 11:44:33,167 [cdd1bc6e-a52c-4b83-9205-8b665f0a3658@group-D2E2B342A4C3-LeaderElection39] INFO  server.RaftServer$Division (ServerState.java:setLeader(285)) - cdd1bc6e-a52c-4b83-9205-8b665f0a3658@group-D2E2B342A4C3: change Leader from null to cdd1bc6e-a52c-4b83-9205-8b665f0a3658 at term 2 for becomeLeader, leader elected after 10263ms
2021-08-17 11:44:33,167 [cdd1bc6e-a52c-4b83-9205-8b665f0a3658@group-D2E2B342A4C3-LeaderElection39] INFO  server.RaftServerConfigKeys (ConfUtils.java:logGet(44)) - raft.server.staging.catchup.gap = 1000 (default)
2021-08-17 11:44:33,167 [cdd1bc6e-a52c-4b83-9205-8b665f0a3658@group-D2E2B342A4C3-LeaderElection39] INFO  server.RaftServerConfigKeys (ConfUtils.java:logGet(44)) - raft.server.write.element-limit = 1024 (custom)
2021-08-17 11:44:33,167 [cdd1bc6e-a52c-4b83-9205-8b665f0a3658@group-D2E2B342A4C3-LeaderElection39] INFO  server.RaftServerConfigKeys (ConfUtils.java:logGet(44)) - raft.server.write.byte-limit = 1024 M (=1073741824) (custom)
2021-08-17 11:44:33,167 [cdd1bc6e-a52c-4b83-9205-8b665f0a3658@group-D2E2B342A4C3-LeaderElection39] INFO  server.RaftServerConfigKeys (ConfUtils.java:logGet(44)) - raft.server.watch.timeout = 180s (custom)
2021-08-17 11:44:33,167 [cdd1bc6e-a52c-4b83-9205-8b665f0a3658@group-D2E2B342A4C3-LeaderElection39] INFO  server.RaftServerConfigKeys (ConfUtils.java:logGet(44)) - raft.server.watch.timeout.denomination = 1s (default)
2021-08-17 11:44:33,167 [cdd1bc6e-a52c-4b83-9205-8b665f0a3658@group-D2E2B342A4C3-LeaderElection39] INFO  server.RaftServerConfigKeys (ConfUtils.java:logGet(44)) - raft.server.watch.element-limit = 65536 (default)
2021-08-17 11:44:33,167 [cdd1bc6e-a52c-4b83-9205-8b665f0a3658@group-D2E2B342A4C3-LeaderElection39] INFO  server.RaftServerConfigKeys (ConfUtils.java:logGet(44)) - raft.server.log.appender.snapshot.chunk.size.max = 16MB (=16777216) (default)
2021-08-17 11:44:33,167 [cdd1bc6e-a52c-4b83-9205-8b665f0a3658@group-D2E2B342A4C3-LeaderElection39] INFO  server.RaftServerConfigKeys (ConfUtils.java:logGet(44)) - raft.server.log.appender.buffer.byte-limit = 33554432 (custom)
2021-08-17 11:44:33,167 [cdd1bc6e-a52c-4b83-9205-8b665f0a3658@group-D2E2B342A4C3-LeaderElection39] INFO  server.RaftServerConfigKeys (ConfUtils.java:logGet(44)) - raft.server.log.appender.buffer.element-limit = 1 (custom)
2021-08-17 11:44:33,167 [cdd1bc6e-a52c-4b83-9205-8b665f0a3658@group-D2E2B342A4C3-LeaderElection39] INFO  grpc.GrpcConfigKeys (ConfUtils.java:logGet(44)) - raft.grpc.server.leader.outstanding.appends.max = 128 (default)
2021-08-17 11:44:33,167 [cdd1bc6e-a52c-4b83-9205-8b665f0a3658@group-D2E2B342A4C3-LeaderElection39] INFO  server.RaftServerConfigKeys (ConfUtils.java:logGet(44)) - raft.server.rpc.request.timeout = 60s (custom)
2021-08-17 11:44:33,167 [cdd1bc6e-a52c-4b83-9205-8b665f0a3658@group-D2E2B342A4C3-LeaderElection39] INFO  server.RaftServerConfigKeys (ConfUtils.java:logGet(44)) - raft.server.log.appender.install.snapshot.enabled = false (custom)
2021-08-17 11:44:33,168 [cdd1bc6e-a52c-4b83-9205-8b665f0a3658@group-D2E2B342A4C3-LeaderElection39] INFO  server.RaftServerConfigKeys (ConfUtils.java:logGet(44)) - raft.server.log.appender.snapshot.chunk.size.max = 16MB (=16777216) (default)
2021-08-17 11:44:33,168 [cdd1bc6e-a52c-4b83-9205-8b665f0a3658@group-D2E2B342A4C3-LeaderElection39] INFO  server.RaftServerConfigKeys (ConfUtils.java:logGet(44)) - raft.server.log.appender.buffer.byte-limit = 33554432 (custom)
2021-08-17 11:44:33,168 [cdd1bc6e-a52c-4b83-9205-8b665f0a3658@group-D2E2B342A4C3-LeaderElection39] INFO  server.RaftServerConfigKeys (ConfUtils.java:logGet(44)) - raft.server.log.appender.buffer.element-limit = 1 (custom)
2021-08-17 11:44:33,168 [cdd1bc6e-a52c-4b83-9205-8b665f0a3658@group-D2E2B342A4C3-LeaderElection39] INFO  grpc.GrpcConfigKeys (ConfUtils.java:logGet(44)) - raft.grpc.server.leader.outstanding.appends.max = 128 (default)
2021-08-17 11:44:33,168 [cdd1bc6e-a52c-4b83-9205-8b665f0a3658@group-D2E2B342A4C3-LeaderElection39] INFO  server.RaftServerConfigKeys (ConfUtils.java:logGet(44)) - raft.server.rpc.request.timeout = 60s (custom)
2021-08-17 11:44:33,169 [cdd1bc6e-a52c-4b83-9205-8b665f0a3658@group-D2E2B342A4C3-LeaderElection39] INFO  server.RaftServerConfigKeys (ConfUtils.java:logGet(44)) - raft.server.log.appender.install.snapshot.enabled = false (custom)
2021-08-17 11:44:33,169 [cdd1bc6e-a52c-4b83-9205-8b665f0a3658@group-D2E2B342A4C3-LeaderElection39] INFO  impl.RoleInfo (RoleInfo.java:updateAndGet(130)) - cdd1bc6e-a52c-4b83-9205-8b665f0a3658: start cdd1bc6e-a52c-4b83-9205-8b665f0a3658@group-D2E2B342A4C3-LeaderStateImpl
2021-08-17 11:44:33,169 [cdd1bc6e-a52c-4b83-9205-8b665f0a3658@group-D2E2B342A4C3-LeaderElection39] INFO  segmented.SegmentedRaftLogWorker (SegmentedRaftLogWorker.java:startLogSegment(394)) - cdd1bc6e-a52c-4b83-9205-8b665f0a3658@group-D2E2B342A4C3-SegmentedRaftLogWorker: Starting segment from index:0
2021-08-17 11:44:33,170 [Datanode State Machine Thread - 0] WARN  statemachine.StateContext (StateContext.java:execute(621)) - No available thread in pool for past 1 seconds.
2021-08-17 11:44:33,173 [EventQueue-OpenPipelineForHealthyPipelineSafeModeRule] INFO  safemode.SCMSafeModeManager (HealthyPipelineSafeModeRule.java:process(124)) - SCM in safe mode. Healthy pipelines reported count is 0, required healthy pipeline reported count is 1
2021-08-17 11:44:33,173 [EventQueue-PipelineReportForPipelineReportHandler] INFO  pipeline.PipelineManagerImpl (PipelineManagerImpl.java:openPipeline(283)) - Pipeline Pipeline[ Id: 348c54e6-8517-4ca6-a3f5-d2e2b342a4c3, Nodes: cdd1bc6e-a52c-4b83-9205-8b665f0a3658{ip: 10.1.0.21, host: fv-az291-680.wgnan5asplgejimfprtllbpdch.jx.internal.cloudapp.net, ports: [REPLICATION=46125, RATIS=38573, RATIS_ADMIN=38573, RATIS_SERVER=38573, STANDALONE=36045], networkLocation: /default-rack, certSerialId: null, persistedOpState: IN_SERVICE, persistedOpStateExpiryEpochSec: 0}06b1e515-8a0e-4448-8d82-5bc90e0fbeba{ip: 10.1.0.21, host: fv-az291-680.wgnan5asplgejimfprtllbpdch.jx.internal.cloudapp.net, ports: [REPLICATION=41635, RATIS=43961, RATIS_ADMIN=43961, RATIS_SERVER=43961, STANDALONE=35313], networkLocation: /default-rack, certSerialId: null, persistedOpState: IN_SERVICE, persistedOpStateExpiryEpochSec: 0}4240b545-6c07-448f-ac96-de7b778a6442{ip: 10.1.0.21, host: fv-az291-680.wgnan5asplgejimfprtllbpdch.jx.internal.cloudapp.net, ports: [REPLICATION=33233, RATIS=45639, RATIS_ADMIN=45639, RATIS_SERVER=45639, STANDALONE=37053], networkLocation: /default-rack, certSerialId: null, persistedOpState: IN_SERVICE, persistedOpStateExpiryEpochSec: 0}, ReplicationConfig: RATIS/THREE, State:ALLOCATED, leaderId:cdd1bc6e-a52c-4b83-9205-8b665f0a3658, CreationTimestamp2021-08-17T11:44:21.016Z[Etc/UTC]] moved to OPEN state
2021-08-17 11:44:33,173 [EventQueue-OpenPipelineForHealthyPipelineSafeModeRule] INFO  safemode.SCMSafeModeManager (HealthyPipelineSafeModeRule.java:process(124)) - SCM in safe mode. Healthy pipelines reported count is 1, required healthy pipeline reported count is 1
2021-08-17 11:44:33,174 [EventQueue-OpenPipelineForHealthyPipelineSafeModeRule] INFO  safemode.SCMSafeModeManager (SCMSafeModeManager.java:validateSafeModeExitRules(204)) - HealthyPipelineSafeModeRule rule is successfully validated
2021-08-17 11:44:33,174 [EventQueue-OpenPipelineForHealthyPipelineSafeModeRule] INFO  safemode.SCMSafeModeManager (SCMSafeModeManager.java:validateSafeModeExitRules(219)) - ScmSafeModeManager, all rules are successfully validated
2021-08-17 11:44:33,174 [EventQueue-OpenPipelineForHealthyPipelineSafeModeRule] INFO  safemode.SCMSafeModeManager (SCMSafeModeManager.java:exitSafeMode(248)) - SCM exiting safe mode.
2021-08-17 11:44:33,174 [EventQueue-OpenPipelineForHealthyPipelineSafeModeRule] WARN  events.EventQueue (EventQueue.java:fireEvent(194)) - No event handler registered for event TypedEvent{payloadType=SafeModeStatus, name='Safe mode status'}
2021-08-17 11:44:33,174 [EventQueue-OpenPipelineForHealthyPipelineSafeModeRule] INFO  ha.SCMContext (SCMContext.java:updateSafeModeStatus(205)) - Update SafeModeStatus from SafeModeStatus{safeModeStatus=true, preCheckPassed=true} to SafeModeStatus{safeModeStatus=false, preCheckPassed=true}.
2021-08-17 11:44:33,174 [EventQueue-OpenPipelineForHealthyPipelineSafeModeRule] INFO  pipeline.BackgroundPipelineCreator (BackgroundPipelineCreatorV2.java:notifyStatusChanged(264)) - Service BackgroundPipelineCreator transitions to RUNNING.
2021-08-17 11:44:33,174 [EventQueue-OpenPipelineForHealthyPipelineSafeModeRule] INFO  container.ReplicationManager (ReplicationManager.java:notifyStatusChanged(1722)) - Service ReplicationManager transitions to RUNNING.
2021-08-17 11:44:33,174 [cdd1bc6e-a52c-4b83-9205-8b665f0a3658@group-D2E2B342A4C3-SegmentedRaftLogWorker] INFO  segmented.SegmentedRaftLogWorker (SegmentedRaftLogWorker.java:execute(601)) - cdd1bc6e-a52c-4b83-9205-8b665f0a3658@group-D2E2B342A4C3-SegmentedRaftLogWorker: created new log segment /home/runner/work/ozone/ozone/hadoop-ozone/integration-test/target/test-dir/MiniOzoneClusterImpl-3aa90084-af08-4299-bf83-992dfa8833c1/datanode-1/data/ratis/348c54e6-8517-4ca6-a3f5-d2e2b342a4c3/current/log_inprogress_0
2021-08-17 11:44:33,190 [4240b545-6c07-448f-ac96-de7b778a6442@group-D2E2B342A4C3-LeaderElection41] INFO  impl.LeaderElection (LeaderElection.java:askForVotes(306)) - 4240b545-6c07-448f-ac96-de7b778a6442@group-D2E2B342A4C3-LeaderElection41 ELECTION round 0: submit vote requests at term 3 for -1: [06b1e515-8a0e-4448-8d82-5bc90e0fbeba|rpc:10.1.0.21:43961|dataStream:|priority:0, cdd1bc6e-a52c-4b83-9205-8b665f0a3658|rpc:10.1.0.21:38573|dataStream:|priority:1, 4240b545-6c07-448f-ac96-de7b778a6442|rpc:10.1.0.21:45639|dataStream:|priority:0], old=null
2021-08-17 11:44:33,216 [cdd1bc6e-a52c-4b83-9205-8b665f0a3658@group-D2E2B342A4C3-LeaderElection39] INFO  server.RaftServer$Division (ServerState.java:setRaftConf(387)) - cdd1bc6e-a52c-4b83-9205-8b665f0a3658@group-D2E2B342A4C3: set configuration 0: [06b1e515-8a0e-4448-8d82-5bc90e0fbeba|rpc:10.1.0.21:43961|dataStream:|priority:0, cdd1bc6e-a52c-4b83-9205-8b665f0a3658|rpc:10.1.0.21:38573|dataStream:|priority:1, 4240b545-6c07-448f-ac96-de7b778a6442|rpc:10.1.0.21:45639|dataStream:|priority:0], old=null
2021-08-17 11:44:33,217 [grpc-default-executor-0] INFO  server.RaftServer$Division (RaftServerImpl.java:requestVote(1043)) - cdd1bc6e-a52c-4b83-9205-8b665f0a3658@group-D2E2B342A4C3: receive requestVote(ELECTION, 06b1e515-8a0e-4448-8d82-5bc90e0fbeba, group-D2E2B342A4C3, 2, (t:0, i:0))
2021-08-17 11:44:33,217 [grpc-default-executor-0] INFO  impl.VoteContext (VoteContext.java:log(48)) - cdd1bc6e-a52c-4b83-9205-8b665f0a3658@group-D2E2B342A4C3-LEADER: reject ELECTION from 06b1e515-8a0e-4448-8d82-5bc90e0fbeba: already has voted for cdd1bc6e-a52c-4b83-9205-8b665f0a3658 at current term 2
2021-08-17 11:44:33,217 [grpc-default-executor-0] INFO  server.RaftServer$Division (RaftServerImpl.java:requestVote(1075)) - cdd1bc6e-a52c-4b83-9205-8b665f0a3658@group-D2E2B342A4C3 replies to ELECTION vote request: 06b1e515-8a0e-4448-8d82-5bc90e0fbeba<-cdd1bc6e-a52c-4b83-9205-8b665f0a3658#0:FAIL-t2. Peer's state: cdd1bc6e-a52c-4b83-9205-8b665f0a3658@group-D2E2B342A4C3:t2, leader=cdd1bc6e-a52c-4b83-9205-8b665f0a3658, voted=cdd1bc6e-a52c-4b83-9205-8b665f0a3658, raftlog=cdd1bc6e-a52c-4b83-9205-8b665f0a3658@group-D2E2B342A4C3-SegmentedRaftLog:OPENED:c-1,f0,i0, conf=0: [06b1e515-8a0e-4448-8d82-5bc90e0fbeba|rpc:10.1.0.21:43961|dataStream:|priority:0, cdd1bc6e-a52c-4b83-9205-8b665f0a3658|rpc:10.1.0.21:38573|dataStream:|priority:1, 4240b545-6c07-448f-ac96-de7b778a6442|rpc:10.1.0.21:45639|dataStream:|priority:0], old=null
2021-08-17 11:44:33,270 [grpc-default-executor-0] INFO  server.RaftServer$Division (RaftServerImpl.java:requestVote(1043)) - cdd1bc6e-a52c-4b83-9205-8b665f0a3658@group-D2E2B342A4C3: receive requestVote(ELECTION, 4240b545-6c07-448f-ac96-de7b778a6442, group-D2E2B342A4C3, 3, (t:0, i:0))
2021-08-17 11:44:33,270 [grpc-default-executor-0] INFO  impl.VoteContext (VoteContext.java:log(48)) - cdd1bc6e-a52c-4b83-9205-8b665f0a3658@group-D2E2B342A4C3-LEADER: reject ELECTION from 4240b545-6c07-448f-ac96-de7b778a6442: our last entry (t:2, i:0) > candidate's last entry (t:0, i:0)
2021-08-17 11:44:33,270 [grpc-default-executor-0] INFO  server.RaftServer$Division (ServerState.java:setLeader(285)) - cdd1bc6e-a52c-4b83-9205-8b665f0a3658@group-D2E2B342A4C3: change Leader from cdd1bc6e-a52c-4b83-9205-8b665f0a3658 to null at term 3 for updateCurrentTerm
2021-08-17 11:44:33,271 [grpc-default-executor-0] INFO  server.RaftServer$Division (RaftServerImpl.java:setRole(285)) - cdd1bc6e-a52c-4b83-9205-8b665f0a3658@group-D2E2B342A4C3: changes role from    LEADER to FOLLOWER at term 3 for candidate:4240b545-6c07-448f-ac96-de7b778a6442
2021-08-17 11:44:33,271 [grpc-default-executor-0] INFO  impl.RoleInfo (RoleInfo.java:shutdownLeaderState(91)) - cdd1bc6e-a52c-4b83-9205-8b665f0a3658: shutdown cdd1bc6e-a52c-4b83-9205-8b665f0a3658@group-D2E2B342A4C3-LeaderStateImpl
2021-08-17 11:44:33,271 [cdd1bc6e-a52c-4b83-9205-8b665f0a3658@group-D2E2B342A4C3->06b1e515-8a0e-4448-8d82-5bc90e0fbeba-GrpcLogAppender-LogAppenderDaemon] WARN  server.GrpcLogAppender (GrpcLogAppender.java:mayWait(175)) - cdd1bc6e-a52c-4b83-9205-8b665f0a3658@group-D2E2B342A4C3->06b1e515-8a0e-4448-8d82-5bc90e0fbeba-GrpcLogAppender: Wait interrupted by java.lang.InterruptedException
2021-08-17 11:44:33,271 [grpc-default-executor-0] INFO  impl.PendingRequests (PendingRequests.java:sendNotLeaderResponses(282)) - cdd1bc6e-a52c-4b83-9205-8b665f0a3658@group-D2E2B342A4C3-PendingRequests: sendNotLeaderResponses
2021-08-17 11:44:33,271 [cdd1bc6e-a52c-4b83-9205-8b665f0a3658@group-D2E2B342A4C3->4240b545-6c07-448f-ac96-de7b778a6442-GrpcLogAppender-LogAppenderDaemon] WARN  server.GrpcLogAppender (GrpcLogAppender.java:mayWait(175)) - cdd1bc6e-a52c-4b83-9205-8b665f0a3658@group-D2E2B342A4C3->4240b545-6c07-448f-ac96-de7b778a6442-GrpcLogAppender: Wait interrupted by java.lang.InterruptedException
2021-08-17 11:44:33,271 [grpc-default-executor-0] INFO  impl.RoleInfo (RoleInfo.java:updateAndGet(130)) - cdd1bc6e-a52c-4b83-9205-8b665f0a3658: start cdd1bc6e-a52c-4b83-9205-8b665f0a3658@group-D2E2B342A4C3-FollowerState
2021-08-17 11:44:33,293 [06b1e515-8a0e-4448-8d82-5bc90e0fbeba@group-D2E2B342A4C3-LeaderElection40] INFO  impl.LeaderElection (LeaderElection.java:logAndReturn(89)) - 06b1e515-8a0e-4448-8d82-5bc90e0fbeba@group-D2E2B342A4C3-LeaderElection40: ELECTION REJECTED received 2 response(s) and 0 exception(s):
2021-08-17 11:44:33,293 [06b1e515-8a0e-4448-8d82-5bc90e0fbeba@group-D2E2B342A4C3-LeaderElection40] INFO  impl.LeaderElection (LeaderElection.java:logAndReturn(93)) -   Response 0: 06b1e515-8a0e-4448-8d82-5bc90e0fbeba<-cdd1bc6e-a52c-4b83-9205-8b665f0a3658#0:FAIL-t2
2021-08-17 11:44:33,293 [06b1e515-8a0e-4448-8d82-5bc90e0fbeba@group-D2E2B342A4C3-LeaderElection40] INFO  impl.LeaderElection (LeaderElection.java:logAndReturn(93)) -   Response 1: 06b1e515-8a0e-4448-8d82-5bc90e0fbeba<-4240b545-6c07-448f-ac96-de7b778a6442#0:FAIL-t2
2021-08-17 11:44:33,293 [grpc-default-executor-0] INFO  server.RaftServer$Division (RaftServerImpl.java:requestVote(1075)) - cdd1bc6e-a52c-4b83-9205-8b665f0a3658@group-D2E2B342A4C3 replies to ELECTION vote request: 4240b545-6c07-448f-ac96-de7b778a6442<-cdd1bc6e-a52c-4b83-9205-8b665f0a3658#0:FAIL-t3. Peer's state: cdd1bc6e-a52c-4b83-9205-8b665f0a3658@group-D2E2B342A4C3:t3, leader=null, voted=null, raftlog=cdd1bc6e-a52c-4b83-9205-8b665f0a3658@group-D2E2B342A4C3-SegmentedRaftLog:OPENED:c0,f0,i0, conf=0: [06b1e515-8a0e-4448-8d82-5bc90e0fbeba|rpc:10.1.0.21:43961|dataStream:|priority:0, cdd1bc6e-a52c-4b83-9205-8b665f0a3658|rpc:10.1.0.21:38573|dataStream:|priority:1, 4240b545-6c07-448f-ac96-de7b778a6442|rpc:10.1.0.21:45639|dataStream:|priority:0], old=null
2021-08-17 11:44:33,294 [grpc-default-executor-2] INFO  server.GrpcServerProtocolService (GrpcServerProtocolService.java:onCompleted(140)) - 4240b545-6c07-448f-ac96-de7b778a6442: Completed APPEND_ENTRIES, lastRequest: cdd1bc6e-a52c-4b83-9205-8b665f0a3658->4240b545-6c07-448f-ac96-de7b778a6442#1-t2,previous=(t:0, i:0),leaderCommit=0,initializing? true,entries: size=1, first=(t:2, i:0), CONFIGURATIONENTRY
2021-08-17 11:44:33,304 [06b1e515-8a0e-4448-8d82-5bc90e0fbeba@group-D2E2B342A4C3-LeaderElection40] INFO  impl.LeaderElection (LeaderElection.java:askForVotes(308)) - 06b1e515-8a0e-4448-8d82-5bc90e0fbeba@group-D2E2B342A4C3-LeaderElection40 ELECTION round 0: result REJECTED
2021-08-17 11:44:33,356 [06b1e515-8a0e-4448-8d82-5bc90e0fbeba@group-D2E2B342A4C3-LeaderElection40] INFO  server.RaftServer$Division (RaftServerImpl.java:setRole(285)) - 06b1e515-8a0e-4448-8d82-5bc90e0fbeba@group-D2E2B342A4C3: changes role from CANDIDATE to FOLLOWER at term 2 for REJECTED
2021-08-17 11:44:33,356 [06b1e515-8a0e-4448-8d82-5bc90e0fbeba@group-D2E2B342A4C3-LeaderElection40] INFO  impl.RoleInfo (RoleInfo.java:shutdownLeaderElection(121)) - 06b1e515-8a0e-4448-8d82-5bc90e0fbeba: shutdown 06b1e515-8a0e-4448-8d82-5bc90e0fbeba@group-D2E2B342A4C3-LeaderElection40
2021-08-17 11:44:33,356 [06b1e515-8a0e-4448-8d82-5bc90e0fbeba@group-D2E2B342A4C3-LeaderElection40] INFO  impl.RoleInfo (RoleInfo.java:updateAndGet(130)) - 06b1e515-8a0e-4448-8d82-5bc90e0fbeba: start 06b1e515-8a0e-4448-8d82-5bc90e0fbeba@group-D2E2B342A4C3-FollowerState
2021-08-17 11:44:33,333 [grpc-default-executor-2] INFO  server.RaftServer$Division (RaftServerImpl.java:requestVote(1043)) - 06b1e515-8a0e-4448-8d82-5bc90e0fbeba@group-D2E2B342A4C3: receive requestVote(ELECTION, 4240b545-6c07-448f-ac96-de7b778a6442, group-D2E2B342A4C3, 3, (t:0, i:0))
2021-08-17 11:44:33,305 [4240b545-6c07-448f-ac96-de7b778a6442@group-D2E2B342A4C3-LeaderElection41] INFO  impl.LeaderElection (LeaderElection.java:logAndReturn(89)) - 4240b545-6c07-448f-ac96-de7b778a6442@group-D2E2B342A4C3-LeaderElection41: ELECTION REJECTED received 1 response(s) and 0 exception(s):
2021-08-17 11:44:33,356 [4240b545-6c07-448f-ac96-de7b778a6442@group-D2E2B342A4C3-LeaderElection41] INFO  impl.LeaderElection (LeaderElection.java:logAndReturn(93)) -   Response 0: 4240b545-6c07-448f-ac96-de7b778a6442<-cdd1bc6e-a52c-4b83-9205-8b665f0a3658#0:FAIL-t3
2021-08-17 11:44:33,305 [grpc-default-executor-0] INFO  server.GrpcLogAppender (GrpcLogAppender.java:onCompleted(344)) - cdd1bc6e-a52c-4b83-9205-8b665f0a3658@group-D2E2B342A4C3->4240b545-6c07-448f-ac96-de7b778a6442-AppendLogResponseHandler: follower responses appendEntries COMPLETED
2021-08-17 11:44:33,356 [grpc-default-executor-0] INFO  leader.FollowerInfo (FollowerInfoImpl.java:lambda$new$0(46)) - cdd1bc6e-a52c-4b83-9205-8b665f0a3658@group-D2E2B342A4C3->4240b545-6c07-448f-ac96-de7b778a6442: nextIndex: updateUnconditionally 1 -> 0
2021-08-17 11:44:33,360 [4240b545-6c07-448f-ac96-de7b778a6442@group-D2E2B342A4C3-LeaderElection41] INFO  impl.LeaderElection (LeaderElection.java:askForVotes(308)) - 4240b545-6c07-448f-ac96-de7b778a6442@group-D2E2B342A4C3-LeaderElection41 ELECTION round 0: result REJECTED
2021-08-17 11:44:33,360 [4240b545-6c07-448f-ac96-de7b778a6442@group-D2E2B342A4C3-LeaderElection41] INFO  server.RaftServer$Division (RaftServerImpl.java:setRole(285)) - 4240b545-6c07-448f-ac96-de7b778a6442@group-D2E2B342A4C3: changes role from CANDIDATE to FOLLOWER at term 3 for REJECTED
2021-08-17 11:44:33,360 [4240b545-6c07-448f-ac96-de7b778a6442@group-D2E2B342A4C3-LeaderElection41] INFO  impl.RoleInfo (RoleInfo.java:shutdownLeaderElection(121)) - 4240b545-6c07-448f-ac96-de7b778a6442: shutdown 4240b545-6c07-448f-ac96-de7b778a6442@group-D2E2B342A4C3-LeaderElection41
2021-08-17 11:44:33,360 [4240b545-6c07-448f-ac96-de7b778a6442@group-D2E2B342A4C3-LeaderElection41] INFO  impl.RoleInfo (RoleInfo.java:updateAndGet(130)) - 4240b545-6c07-448f-ac96-de7b778a6442: start 4240b545-6c07-448f-ac96-de7b778a6442@group-D2E2B342A4C3-FollowerState
2021-08-17 11:44:33,360 [grpc-default-executor-2] INFO  impl.VoteContext (VoteContext.java:log(48)) - 06b1e515-8a0e-4448-8d82-5bc90e0fbeba@group-D2E2B342A4C3-FOLLOWER: accept ELECTION from 4240b545-6c07-448f-ac96-de7b778a6442: our priority 0 <= candidate's priority 0
2021-08-17 11:44:33,360 [grpc-default-executor-2] INFO  server.RaftServer$Division (RaftServerImpl.java:setRole(285)) - 06b1e515-8a0e-4448-8d82-5bc90e0fbeba@group-D2E2B342A4C3: changes role from  FOLLOWER to FOLLOWER at term 3 for candidate:4240b545-6c07-448f-ac96-de7b778a6442
2021-08-17 11:44:33,360 [grpc-default-executor-2] INFO  impl.RoleInfo (RoleInfo.java:shutdownFollowerState(108)) - 06b1e515-8a0e-4448-8d82-5bc90e0fbeba: shutdown 06b1e515-8a0e-4448-8d82-5bc90e0fbeba@group-D2E2B342A4C3-FollowerState
2021-08-17 11:44:33,372 [grpc-default-executor-2] INFO  impl.RoleInfo (RoleInfo.java:updateAndGet(130)) - 06b1e515-8a0e-4448-8d82-5bc90e0fbeba: start 06b1e515-8a0e-4448-8d82-5bc90e0fbeba@group-D2E2B342A4C3-FollowerState
2021-08-17 11:44:33,376 [grpc-default-executor-2] INFO  server.RaftServer$Division (RaftServerImpl.java:requestVote(1075)) - 06b1e515-8a0e-4448-8d82-5bc90e0fbeba@group-D2E2B342A4C3 replies to ELECTION vote request: 4240b545-6c07-448f-ac96-de7b778a6442<-06b1e515-8a0e-4448-8d82-5bc90e0fbeba#0:OK-t3. Peer's state: 06b1e515-8a0e-4448-8d82-5bc90e0fbeba@group-D2E2B342A4C3:t3, leader=null, voted=4240b545-6c07-448f-ac96-de7b778a6442, raftlog=06b1e515-8a0e-4448-8d82-5bc90e0fbeba@group-D2E2B342A4C3-SegmentedRaftLog:OPENED:c-1,f-1,i0, conf=-1: [06b1e515-8a0e-4448-8d82-5bc90e0fbeba|rpc:10.1.0.21:43961|priority:0, cdd1bc6e-a52c-4b83-9205-8b665f0a3658|rpc:10.1.0.21:38573|priority:1, 4240b545-6c07-448f-ac96-de7b778a6442|rpc:10.1.0.21:45639|priority:0], old=null
2021-08-17 11:44:33,387 [grpc-default-executor-2] INFO  server.GrpcServerProtocolService (GrpcServerProtocolService.java:onCompleted(140)) - 06b1e515-8a0e-4448-8d82-5bc90e0fbeba: Completed APPEND_ENTRIES, lastRequest: cdd1bc6e-a52c-4b83-9205-8b665f0a3658->06b1e515-8a0e-4448-8d82-5bc90e0fbeba#1-t2,previous=(t:0, i:0),leaderCommit=0,initializing? true,entries: size=1, first=(t:2, i:0), CONFIGURATIONENTRY
2021-08-17 11:44:33,388 [grpc-default-executor-3] INFO  server.GrpcLogAppender (GrpcLogAppender.java:onCompleted(344)) - cdd1bc6e-a52c-4b83-9205-8b665f0a3658@group-D2E2B342A4C3->06b1e515-8a0e-4448-8d82-5bc90e0fbeba-AppendLogResponseHandler: follower responses appendEntries COMPLETED
2021-08-17 11:44:33,388 [grpc-default-executor-3] INFO  leader.FollowerInfo (FollowerInfoImpl.java:lambda$new$0(46)) - cdd1bc6e-a52c-4b83-9205-8b665f0a3658@group-D2E2B342A4C3->06b1e515-8a0e-4448-8d82-5bc90e0fbeba: nextIndex: updateUnconditionally 1 -> 0
2021-08-17 11:44:33,534 [cdd1bc6e-a52c-4b83-9205-8b665f0a3658@group-3FA22E84EAD5-FollowerState] INFO  impl.FollowerState (FollowerState.java:run(134)) - cdd1bc6e-a52c-4b83-9205-8b665f0a3658@group-3FA22E84EAD5-FollowerState: change to CANDIDATE, lastRpcElapsedTime:5053094302ns, electionTimeout:5052ms
2021-08-17 11:44:33,534 [cdd1bc6e-a52c-4b83-9205-8b665f0a3658@group-3FA22E84EAD5-FollowerState] INFO  impl.RoleInfo (RoleInfo.java:shutdownFollowerState(108)) - cdd1bc6e-a52c-4b83-9205-8b665f0a3658: shutdown cdd1bc6e-a52c-4b83-9205-8b665f0a3658@group-3FA22E84EAD5-FollowerState
2021-08-17 11:44:33,534 [cdd1bc6e-a52c-4b83-9205-8b665f0a3658@group-3FA22E84EAD5-FollowerState] INFO  server.RaftServer$Division (RaftServerImpl.java:setRole(285)) - cdd1bc6e-a52c-4b83-9205-8b665f0a3658@group-3FA22E84EAD5: changes role from  FOLLOWER to CANDIDATE at term 1 for changeToCandidate
2021-08-17 11:44:33,534 [cdd1bc6e-a52c-4b83-9205-8b665f0a3658@group-3FA22E84EAD5-FollowerState] INFO  server.RaftServerConfigKeys (ConfUtils.java:logGet(44)) - raft.server.leaderelection.pre-vote = false (custom)
2021-08-17 11:44:33,535 [cdd1bc6e-a52c-4b83-9205-8b665f0a3658@group-3FA22E84EAD5-FollowerState] INFO  impl.RoleInfo (RoleInfo.java:updateAndGet(130)) - cdd1bc6e-a52c-4b83-9205-8b665f0a3658: start cdd1bc6e-a52c-4b83-9205-8b665f0a3658@group-3FA22E84EAD5-LeaderElection42
2021-08-17 11:44:33,574 [cdd1bc6e-a52c-4b83-9205-8b665f0a3658@group-3FA22E84EAD5-LeaderElection42] INFO  impl.LeaderElection (LeaderElection.java:askForVotes(306)) - cdd1bc6e-a52c-4b83-9205-8b665f0a3658@group-3FA22E84EAD5-LeaderElection42 ELECTION round 0: submit vote requests at term 2 for -1: [06b1e515-8a0e-4448-8d82-5bc90e0fbeba|rpc:10.1.0.21:43961|dataStream:|priority:0, cdd1bc6e-a52c-4b83-9205-8b665f0a3658|rpc:10.1.0.21:38573|dataStream:|priority:0, 4240b545-6c07-448f-ac96-de7b778a6442|rpc:10.1.0.21:45639|dataStream:|priority:1], old=null
2021-08-17 11:44:33,587 [06b1e515-8a0e-4448-8d82-5bc90e0fbeba@group-3FA22E84EAD5-FollowerState] INFO  impl.FollowerState (FollowerState.java:run(134)) - 06b1e515-8a0e-4448-8d82-5bc90e0fbeba@group-3FA22E84EAD5-FollowerState: change to CANDIDATE, lastRpcElapsedTime:5105312710ns, electionTimeout:5099ms
2021-08-17 11:44:33,587 [06b1e515-8a0e-4448-8d82-5bc90e0fbeba@group-3FA22E84EAD5-FollowerState] INFO  impl.RoleInfo (RoleInfo.java:shutdownFollowerState(108)) - 06b1e515-8a0e-4448-8d82-5bc90e0fbeba: shutdown 06b1e515-8a0e-4448-8d82-5bc90e0fbeba@group-3FA22E84EAD5-FollowerState
2021-08-17 11:44:33,587 [06b1e515-8a0e-4448-8d82-5bc90e0fbeba@group-3FA22E84EAD5-FollowerState] INFO  server.RaftServer$Division (RaftServerImpl.java:setRole(285)) - 06b1e515-8a0e-4448-8d82-5bc90e0fbeba@group-3FA22E84EAD5: changes role from  FOLLOWER to CANDIDATE at term 1 for changeToCandidate
2021-08-17 11:44:33,592 [06b1e515-8a0e-4448-8d82-5bc90e0fbeba@group-3FA22E84EAD5-FollowerState] INFO  server.RaftServerConfigKeys (ConfUtils.java:logGet(44)) - raft.server.leaderelection.pre-vote = false (custom)
2021-08-17 11:44:33,592 [06b1e515-8a0e-4448-8d82-5bc90e0fbeba@group-3FA22E84EAD5-FollowerState] INFO  impl.RoleInfo (RoleInfo.java:updateAndGet(130)) - 06b1e515-8a0e-4448-8d82-5bc90e0fbeba: start 06b1e515-8a0e-4448-8d82-5bc90e0fbeba@group-3FA22E84EAD5-LeaderElection43
2021-08-17 11:44:33,605 [grpc-default-executor-2] INFO  server.RaftServer$Division (RaftServerImpl.java:requestVote(1043)) - 06b1e515-8a0e-4448-8d82-5bc90e0fbeba@group-3FA22E84EAD5: receive requestVote(ELECTION, cdd1bc6e-a52c-4b83-9205-8b665f0a3658, group-3FA22E84EAD5, 2, (t:0, i:0))
2021-08-17 11:44:33,605 [grpc-default-executor-2] INFO  impl.VoteContext (VoteContext.java:log(48)) - 06b1e515-8a0e-4448-8d82-5bc90e0fbeba@group-3FA22E84EAD5-CANDIDATE: accept ELECTION from cdd1bc6e-a52c-4b83-9205-8b665f0a3658: our priority 0 <= candidate's priority 0
2021-08-17 11:44:33,605 [grpc-default-executor-2] INFO  server.RaftServer$Division (RaftServerImpl.java:setRole(285)) - 06b1e515-8a0e-4448-8d82-5bc90e0fbeba@group-3FA22E84EAD5: changes role from CANDIDATE to FOLLOWER at term 2 for candidate:cdd1bc6e-a52c-4b83-9205-8b665f0a3658
2021-08-17 11:44:33,605 [grpc-default-executor-2] INFO  impl.RoleInfo (RoleInfo.java:shutdownLeaderElection(121)) - 06b1e515-8a0e-4448-8d82-5bc90e0fbeba: shutdown 06b1e515-8a0e-4448-8d82-5bc90e0fbeba@group-3FA22E84EAD5-LeaderElection43
2021-08-17 11:44:33,605 [grpc-default-executor-2] INFO  impl.RoleInfo (RoleInfo.java:updateAndGet(130)) - 06b1e515-8a0e-4448-8d82-5bc90e0fbeba: start 06b1e515-8a0e-4448-8d82-5bc90e0fbeba@group-3FA22E84EAD5-FollowerState
2021-08-17 11:44:33,607 [grpc-default-executor-2] INFO  server.RaftServer$Division (RaftServerImpl.java:requestVote(1075)) - 06b1e515-8a0e-4448-8d82-5bc90e0fbeba@group-3FA22E84EAD5 replies to ELECTION vote request: cdd1bc6e-a52c-4b83-9205-8b665f0a3658<-06b1e515-8a0e-4448-8d82-5bc90e0fbeba#0:OK-t2. Peer's state: 06b1e515-8a0e-4448-8d82-5bc90e0fbeba@group-3FA22E84EAD5:t2, leader=null, voted=cdd1bc6e-a52c-4b83-9205-8b665f0a3658, raftlog=06b1e515-8a0e-4448-8d82-5bc90e0fbeba@group-3FA22E84EAD5-SegmentedRaftLog:OPENED:c-1,f-1,i0, conf=-1: [06b1e515-8a0e-4448-8d82-5bc90e0fbeba|rpc:10.1.0.21:43961|priority:0, cdd1bc6e-a52c-4b83-9205-8b665f0a3658|rpc:10.1.0.21:38573|priority:0, 4240b545-6c07-448f-ac96-de7b778a6442|rpc:10.1.0.21:45639|priority:1], old=null
2021-08-17 11:44:33,622 [grpc-default-executor-2] INFO  server.RaftServer$Division (RaftServerImpl.java:requestVote(1043)) - 4240b545-6c07-448f-ac96-de7b778a6442@group-3FA22E84EAD5: receive requestVote(ELECTION, cdd1bc6e-a52c-4b83-9205-8b665f0a3658, group-3FA22E84EAD5, 2, (t:0, i:0))
2021-08-17 11:44:33,622 [grpc-default-executor-2] INFO  impl.VoteContext (VoteContext.java:log(48)) - 4240b545-6c07-448f-ac96-de7b778a6442@group-3FA22E84EAD5-FOLLOWER: reject ELECTION from cdd1bc6e-a52c-4b83-9205-8b665f0a3658: our priority 1 > candidate's priority 0
2021-08-17 11:44:33,622 [grpc-default-executor-2] INFO  server.RaftServer$Division (RaftServerImpl.java:setRole(285)) - 4240b545-6c07-448f-ac96-de7b778a6442@group-3FA22E84EAD5: changes role from  FOLLOWER to FOLLOWER at term 2 for candidate:cdd1bc6e-a52c-4b83-9205-8b665f0a3658
2021-08-17 11:44:33,622 [grpc-default-executor-2] INFO  impl.RoleInfo (RoleInfo.java:shutdownFollowerState(108)) - 4240b545-6c07-448f-ac96-de7b778a6442: shutdown 4240b545-6c07-448f-ac96-de7b778a6442@group-3FA22E84EAD5-FollowerState
2021-08-17 11:44:33,622 [grpc-default-executor-2] INFO  impl.RoleInfo (RoleInfo.java:updateAndGet(130)) - 4240b545-6c07-448f-ac96-de7b778a6442: start 4240b545-6c07-448f-ac96-de7b778a6442@group-3FA22E84EAD5-FollowerState
2021-08-17 11:44:33,623 [4240b545-6c07-448f-ac96-de7b778a6442@group-3FA22E84EAD5-FollowerState] INFO  impl.FollowerState (FollowerState.java:run(143)) - 4240b545-6c07-448f-ac96-de7b778a6442@group-3FA22E84EAD5-FollowerState was interrupted: {}
java.lang.InterruptedException: sleep interrupted
	at java.lang.Thread.sleep(Native Method)
	at java.lang.Thread.sleep(Thread.java:340)
	at java.util.concurrent.TimeUnit.sleep(TimeUnit.java:386)
	at org.apache.ratis.util.TimeDuration.sleep(TimeDuration.java:324)
	at org.apache.ratis.util.TimeDuration.sleep(TimeDuration.java:309)
	at org.apache.ratis.server.impl.FollowerState.run(FollowerState.java:118)
2021-08-17 11:44:33,653 [06b1e515-8a0e-4448-8d82-5bc90e0fbeba@group-3FA22E84EAD5-LeaderElection43] INFO  impl.LeaderElection (LeaderElection.java:run(230)) - 06b1e515-8a0e-4448-8d82-5bc90e0fbeba@group-3FA22E84EAD5-LeaderElection43: skip running since this is already CLOSING
2021-08-17 11:44:33,653 [grpc-default-executor-2] INFO  server.RaftServer$Division (RaftServerImpl.java:requestVote(1075)) - 4240b545-6c07-448f-ac96-de7b778a6442@group-3FA22E84EAD5 replies to ELECTION vote request: cdd1bc6e-a52c-4b83-9205-8b665f0a3658<-4240b545-6c07-448f-ac96-de7b778a6442#0:FAIL-t2. Peer's state: 4240b545-6c07-448f-ac96-de7b778a6442@group-3FA22E84EAD5:t2, leader=null, voted=null, raftlog=4240b545-6c07-448f-ac96-de7b778a6442@group-3FA22E84EAD5-SegmentedRaftLog:OPENED:c-1,f-1,i0, conf=-1: [06b1e515-8a0e-4448-8d82-5bc90e0fbeba|rpc:10.1.0.21:43961|dataStream:|priority:0, cdd1bc6e-a52c-4b83-9205-8b665f0a3658|rpc:10.1.0.21:38573|dataStream:|priority:0, 4240b545-6c07-448f-ac96-de7b778a6442|rpc:10.1.0.21:45639|dataStream:|priority:1], old=null
2021-08-17 11:44:33,654 [cdd1bc6e-a52c-4b83-9205-8b665f0a3658@group-3FA22E84EAD5-LeaderElection42] INFO  impl.LeaderElection (LeaderElection.java:logAndReturn(89)) - cdd1bc6e-a52c-4b83-9205-8b665f0a3658@group-3FA22E84EAD5-LeaderElection42: ELECTION REJECTED received 2 response(s) and 0 exception(s):
2021-08-17 11:44:33,655 [cdd1bc6e-a52c-4b83-9205-8b665f0a3658@group-3FA22E84EAD5-LeaderElection42] INFO  impl.LeaderElection (LeaderElection.java:logAndReturn(93)) -   Response 0: cdd1bc6e-a52c-4b83-9205-8b665f0a3658<-06b1e515-8a0e-4448-8d82-5bc90e0fbeba#0:OK-t2
2021-08-17 11:44:33,655 [cdd1bc6e-a52c-4b83-9205-8b665f0a3658@group-3FA22E84EAD5-LeaderElection42] INFO  impl.LeaderElection (LeaderElection.java:logAndReturn(93)) -   Response 1: cdd1bc6e-a52c-4b83-9205-8b665f0a3658<-4240b545-6c07-448f-ac96-de7b778a6442#0:FAIL-t2
2021-08-17 11:44:33,655 [cdd1bc6e-a52c-4b83-9205-8b665f0a3658@group-3FA22E84EAD5-LeaderElection42] INFO  impl.LeaderElection (LeaderElection.java:askForVotes(308)) - cdd1bc6e-a52c-4b83-9205-8b665f0a3658@group-3FA22E84EAD5-LeaderElection42 ELECTION round 0: result REJECTED
2021-08-17 11:44:33,655 [cdd1bc6e-a52c-4b83-9205-8b665f0a3658@group-3FA22E84EAD5-LeaderElection42] INFO  server.RaftServer$Division (RaftServerImpl.java:setRole(285)) - cdd1bc6e-a52c-4b83-9205-8b665f0a3658@group-3FA22E84EAD5: changes role from CANDIDATE to FOLLOWER at term 2 for REJECTED
2021-08-17 11:44:33,655 [cdd1bc6e-a52c-4b83-9205-8b665f0a3658@group-3FA22E84EAD5-LeaderElection42] INFO  impl.RoleInfo (RoleInfo.java:shutdownLeaderElection(121)) - cdd1bc6e-a52c-4b83-9205-8b665f0a3658: shutdown cdd1bc6e-a52c-4b83-9205-8b665f0a3658@group-3FA22E84EAD5-LeaderElection42
2021-08-17 11:44:33,655 [cdd1bc6e-a52c-4b83-9205-8b665f0a3658@group-3FA22E84EAD5-LeaderElection42] INFO  impl.RoleInfo (RoleInfo.java:updateAndGet(130)) - cdd1bc6e-a52c-4b83-9205-8b665f0a3658: start cdd1bc6e-a52c-4b83-9205-8b665f0a3658@group-3FA22E84EAD5-FollowerState
2021-08-17 11:44:33,987 [Listener at 127.0.0.1/33323] INFO  ozone.MiniOzoneClusterImpl (MiniOzoneClusterImpl.java:lambda$waitForClusterToBeReady$0(235)) - Nodes are ready. Got 3 of 3 DN Heartbeats.
2021-08-17 11:44:33,987 [Listener at 127.0.0.1/33323] INFO  ozone.MiniOzoneClusterImpl (MiniOzoneClusterImpl.java:lambda$waitForClusterToBeReady$0(238)) - Cluster exits safe mode
2021-08-17 11:44:33,988 [Listener at 127.0.0.1/33323] INFO  ozone.MiniOzoneClusterImpl (MiniOzoneClusterImpl.java:lambda$waitForClusterToBeReady$0(240)) - SCM became leader
2021-08-17 11:44:33,988 [Listener at 127.0.0.1/33323] INFO  ha.SequenceIdGenerator (SequenceIdGenerator.java:getNextId(127)) - Allocate a batch for containerId, change lastId from 0 to 1000.
2021-08-17 11:44:35,957 [Listener at 127.0.0.1/33323] ERROR ratis.XceiverServerRatis (XceiverServerRatis.java:triggerPipelineClose(676)) - pipeline Action CLOSE on pipeline PipelineID=348c54e6-8517-4ca6-a3f5-d2e2b342a4c3.Reason : Unspecified failure reported in Ratis log
2021-08-17 11:44:35,961 [Datanode State Machine Thread - 0] WARN  statemachine.StateContext (StateContext.java:execute(621)) - No available thread in pool for past 1 seconds.
2021-08-17 11:44:35,998 [EventQueue-PipelineActionsForPipelineActionHandler] INFO  pipeline.PipelineActionHandler (PipelineActionHandler.java:processPipelineAction(82)) - Received pipeline action CLOSE for PipelineID=348c54e6-8517-4ca6-a3f5-d2e2b342a4c3 from datanode cdd1bc6e-a52c-4b83-9205-8b665f0a3658. Reason : Unspecified failure reported in Ratis log
2021-08-17 11:44:35,999 [EventQueue-PipelineActionsForPipelineActionHandler] INFO  pipeline.PipelineManagerImpl (PipelineManagerImpl.java:closePipeline(343)) - Pipeline Pipeline[ Id: 348c54e6-8517-4ca6-a3f5-d2e2b342a4c3, Nodes: cdd1bc6e-a52c-4b83-9205-8b665f0a3658{ip: 10.1.0.21, host: fv-az291-680.wgnan5asplgejimfprtllbpdch.jx.internal.cloudapp.net, ports: [REPLICATION=46125, RATIS=38573, RATIS_ADMIN=38573, RATIS_SERVER=38573, STANDALONE=36045], networkLocation: /default-rack, certSerialId: null, persistedOpState: IN_SERVICE, persistedOpStateExpiryEpochSec: 0}06b1e515-8a0e-4448-8d82-5bc90e0fbeba{ip: 10.1.0.21, host: fv-az291-680.wgnan5asplgejimfprtllbpdch.jx.internal.cloudapp.net, ports: [REPLICATION=41635, RATIS=43961, RATIS_ADMIN=43961, RATIS_SERVER=43961, STANDALONE=35313], networkLocation: /default-rack, certSerialId: null, persistedOpState: IN_SERVICE, persistedOpStateExpiryEpochSec: 0}4240b545-6c07-448f-ac96-de7b778a6442{ip: 10.1.0.21, host: fv-az291-680.wgnan5asplgejimfprtllbpdch.jx.internal.cloudapp.net, ports: [REPLICATION=33233, RATIS=45639, RATIS_ADMIN=45639, RATIS_SERVER=45639, STANDALONE=37053], networkLocation: /default-rack, certSerialId: null, persistedOpState: IN_SERVICE, persistedOpStateExpiryEpochSec: 0}, ReplicationConfig: RATIS/THREE, State:OPEN, leaderId:cdd1bc6e-a52c-4b83-9205-8b665f0a3658, CreationTimestamp2021-08-17T11:44:21.016Z[Etc/UTC]] moved to CLOSED state
2021-08-17 11:44:36,064 [EventQueue-PipelineActionsForPipelineActionHandler] INFO  pipeline.RatisPipelineProvider (RatisPipelineProvider.java:lambda$close$1(222)) - Send pipeline:PipelineID=348c54e6-8517-4ca6-a3f5-d2e2b342a4c3 close command to datanode cdd1bc6e-a52c-4b83-9205-8b665f0a3658
2021-08-17 11:44:36,064 [EventQueue-PipelineActionsForPipelineActionHandler] INFO  pipeline.RatisPipelineProvider (RatisPipelineProvider.java:lambda$close$1(222)) - Send pipeline:PipelineID=348c54e6-8517-4ca6-a3f5-d2e2b342a4c3 close command to datanode 06b1e515-8a0e-4448-8d82-5bc90e0fbeba
2021-08-17 11:44:36,065 [EventQueue-PipelineActionsForPipelineActionHandler] INFO  pipeline.RatisPipelineProvider (RatisPipelineProvider.java:lambda$close$1(222)) - Send pipeline:PipelineID=348c54e6-8517-4ca6-a3f5-d2e2b342a4c3 close command to datanode 4240b545-6c07-448f-ac96-de7b778a6442
2021-08-17 11:44:36,066 [EventQueue-PipelineActionsForPipelineActionHandler] INFO  pipeline.PipelineStateManager (PipelineStateManagerV2Impl.java:removePipeline(211)) - Pipeline Pipeline[ Id: 348c54e6-8517-4ca6-a3f5-d2e2b342a4c3, Nodes: cdd1bc6e-a52c-4b83-9205-8b665f0a3658{ip: 10.1.0.21, host: fv-az291-680.wgnan5asplgejimfprtllbpdch.jx.internal.cloudapp.net, ports: [REPLICATION=46125, RATIS=38573, RATIS_ADMIN=38573, RATIS_SERVER=38573, STANDALONE=36045], networkLocation: /default-rack, certSerialId: null, persistedOpState: IN_SERVICE, persistedOpStateExpiryEpochSec: 0}06b1e515-8a0e-4448-8d82-5bc90e0fbeba{ip: 10.1.0.21, host: fv-az291-680.wgnan5asplgejimfprtllbpdch.jx.internal.cloudapp.net, ports: [REPLICATION=41635, RATIS=43961, RATIS_ADMIN=43961, RATIS_SERVER=43961, STANDALONE=35313], networkLocation: /default-rack, certSerialId: null, persistedOpState: IN_SERVICE, persistedOpStateExpiryEpochSec: 0}4240b545-6c07-448f-ac96-de7b778a6442{ip: 10.1.0.21, host: fv-az291-680.wgnan5asplgejimfprtllbpdch.jx.internal.cloudapp.net, ports: [REPLICATION=33233, RATIS=45639, RATIS_ADMIN=45639, RATIS_SERVER=45639, STANDALONE=37053], networkLocation: /default-rack, certSerialId: null, persistedOpState: IN_SERVICE, persistedOpStateExpiryEpochSec: 0}, ReplicationConfig: RATIS/THREE, State:CLOSED, leaderId:cdd1bc6e-a52c-4b83-9205-8b665f0a3658, CreationTimestamp2021-08-17T11:44:21.016Z[Etc/UTC]] removed.
2021-08-17 11:44:36,096 [EventQueue-CloseContainerForCloseContainerEventHandler] INFO  container.CloseContainerEventHandler (CloseContainerEventHandler.java:onMessage(69)) - Close container Event triggered for container : #1
2021-08-17 11:44:36,096 [EventQueue-CloseContainerForCloseContainerEventHandler] INFO  pipeline.PipelineStateManager (PipelineStateManagerV2Impl.java:removeContainerFromPipeline(237)) - Pipeline PipelineID=348c54e6-8517-4ca6-a3f5-d2e2b342a4c3 is not found in the pipeline2ContainerMap. Pipeline may have been closed already.
2021-08-17 11:44:36,097 [EventQueue-CloseContainerForCloseContainerEventHandler] INFO  container.CloseContainerEventHandler (CloseContainerEventHandler.java:onMessage(69)) - Close container Event triggered for container : #2
2021-08-17 11:44:36,097 [EventQueue-CloseContainerForCloseContainerEventHandler] INFO  pipeline.PipelineStateManager (PipelineStateManagerV2Impl.java:removeContainerFromPipeline(237)) - Pipeline PipelineID=348c54e6-8517-4ca6-a3f5-d2e2b342a4c3 is not found in the pipeline2ContainerMap. Pipeline may have been closed already.
2021-08-17 11:44:36,621 [Listener at 127.0.0.1/33323] INFO  ozone.MiniOzoneClusterImpl (MiniOzoneClusterImpl.java:shutdown(453)) - Shutting down the Mini Ozone Cluster
2021-08-17 11:44:36,625 [Listener at 127.0.0.1/33323] INFO  ozone.MiniOzoneClusterImpl (MiniOzoneClusterImpl.java:stop(468)) - Stopping the Mini Ozone Cluster
2021-08-17 11:44:36,625 [Listener at 127.0.0.1/33323] INFO  ozone.MiniOzoneClusterImpl (MiniOzoneClusterImpl.java:stopOM(550)) - Stopping the OzoneManager
2021-08-17 11:44:36,628 [Listener at 127.0.0.1/33323] INFO  om.OzoneManager (OzoneManager.java:stop(1632)) - Stopping Ozone Manager
2021-08-17 11:44:36,630 [Listener at 127.0.0.1/33323] INFO  ipc.Server (Server.java:stop(3414)) - Stopping server on 33323
2021-08-17 11:44:36,669 [IPC Server Responder] INFO  ipc.Server (Server.java:run(1512)) - Stopping IPC Server Responder
2021-08-17 11:44:36,669 [IPC Server listener on 0] INFO  ipc.Server (Server.java:run(1376)) - Stopping IPC Server listener on 0
2021-08-17 11:44:36,669 [Listener at 127.0.0.1/33323] INFO  server.RaftServer (RaftServerProxy.java:lambda$close$6(391)) - om1: close
2021-08-17 11:44:36,669 [Listener at 127.0.0.1/33323] INFO  server.RaftServer$Division (RaftServerImpl.java:lambda$close$4(407)) - om1@group-C5BA1605619E: shutdown
2021-08-17 11:44:36,670 [Listener at 127.0.0.1/33323] INFO  util.JmxRegister (JmxRegister.java:unregister(73)) - Successfully un-registered JMX Bean with object name Ratis:service=RaftServer,group=group-C5BA1605619E,id=om1
2021-08-17 11:44:36,672 [Listener at 127.0.0.1/33323] INFO  impl.RoleInfo (RoleInfo.java:shutdownLeaderState(91)) - om1: shutdown om1@group-C5BA1605619E-LeaderStateImpl
2021-08-17 11:44:36,672 [Listener at 127.0.0.1/33323] INFO  impl.PendingRequests (PendingRequests.java:sendNotLeaderResponses(282)) - om1@group-C5BA1605619E-PendingRequests: sendNotLeaderResponses
2021-08-17 11:44:36,674 [Listener at 127.0.0.1/33323] INFO  impl.StateMachineUpdater (StateMachineUpdater.java:stopAndJoin(149)) - om1@group-C5BA1605619E-StateMachineUpdater: set stopIndex = 0
2021-08-17 11:44:36,676 [om1@group-C5BA1605619E-StateMachineUpdater] INFO  ratis.OzoneManagerStateMachine (OzoneManagerStateMachine.java:takeSnapshot(417)) - Current Snapshot Index (t:1, i:0)
2021-08-17 11:44:36,690 [om1@group-C5BA1605619E-StateMachineUpdater] INFO  impl.StateMachineUpdater (StateMachineUpdater.java:takeSnapshot(281)) - om1@group-C5BA1605619E-StateMachineUpdater: Took a snapshot at index 0
2021-08-17 11:44:36,690 [om1@group-C5BA1605619E-StateMachineUpdater] INFO  impl.StateMachineUpdater (StateMachineUpdater.java:lambda$new$0(89)) - om1@group-C5BA1605619E-StateMachineUpdater: snapshotIndex: updateIncreasingly -1 -> 0
2021-08-17 11:44:36,690 [om1@group-C5BA1605619E-StateMachineUpdater] INFO  ratis.OzoneManagerStateMachine (OzoneManagerStateMachine.java:close(471)) - StateMachine has shutdown. Shutdown OzoneManager if not already shutdown.
2021-08-17 11:44:36,690 [Listener at 127.0.0.1/33323] INFO  server.RaftServer$Division (ServerState.java:close(419)) - om1@group-C5BA1605619E: closes. applyIndex: 0
2021-08-17 11:44:36,691 [om1@group-C5BA1605619E-SegmentedRaftLogWorker] INFO  segmented.SegmentedRaftLogWorker (SegmentedRaftLogWorker.java:run(327)) - om1@group-C5BA1605619E-SegmentedRaftLogWorker was interrupted, exiting. There are 0 tasks remaining in the queue.
2021-08-17 11:44:36,701 [Listener at 127.0.0.1/33323] INFO  segmented.SegmentedRaftLogWorker (SegmentedRaftLogWorker.java:close(237)) - om1@group-C5BA1605619E-SegmentedRaftLogWorker close()
2021-08-17 11:44:36,702 [Listener at 127.0.0.1/33323] INFO  server.GrpcService (GrpcService.java:closeImpl(262)) - om1: shutdown server with port 9872 now
2021-08-17 11:44:36,703 [Listener at 127.0.0.1/33323] INFO  server.GrpcService (GrpcService.java:closeImpl(271)) - om1: shutdown server with port 9872 successfully
2021-08-17 11:44:36,703 [org.apache.ratis.util.JvmPauseMonitor$$Lambda$531/1079851550@1f512508] INFO  util.JvmPauseMonitor (JvmPauseMonitor.java:run(109)) - JvmPauseMonitor-om1: Stopped
2021-08-17 11:44:36,703 [Listener at 127.0.0.1/33323] INFO  ratis.OzoneManagerDoubleBuffer (OzoneManagerDoubleBuffer.java:stop(437)) - Stopping OMDoubleBuffer flush thread
2021-08-17 11:44:36,704 [OMDoubleBufferFlushThread] INFO  ratis.OzoneManagerDoubleBuffer (OzoneManagerDoubleBuffer.java:flushTransactions(356)) - OMDoubleBuffer flush thread OMDoubleBufferFlushThread is interrupted and will exit. OMDoubleBufferFlushThread
2021-08-17 11:44:36,704 [Listener at 127.0.0.1/33323] INFO  utils.BackgroundService (BackgroundService.java:shutdown(132)) - Shutting down service KeyDeletingService
2021-08-17 11:44:36,709 [Listener at 127.0.0.1/33323] INFO  handler.ContextHandler (ContextHandler.java:doStop(1153)) - Stopped o.e.j.w.WebAppContext@475fa264{ozoneManager,/,null,STOPPED}{file:/home/runner/work/ozone/ozone/hadoop-ozone/integration-test/target/test-classes/webapps/ozoneManager}
2021-08-17 11:44:36,709 [Listener at 127.0.0.1/33323] INFO  server.AbstractConnector (AbstractConnector.java:doStop(381)) - Stopped ServerConnector@11c3f10f{HTTP/1.1, (http/1.1)}{0.0.0.0:0}
2021-08-17 11:44:36,710 [Listener at 127.0.0.1/33323] INFO  server.session (HouseKeeper.java:stopScavenging(149)) - node0 Stopped scavenging
2021-08-17 11:44:36,710 [Listener at 127.0.0.1/33323] INFO  handler.ContextHandler (ContextHandler.java:doStop(1153)) - Stopped o.e.j.s.ServletContextHandler@642a21a2{static,/static,file:///home/runner/work/ozone/ozone/hadoop-ozone/integration-test/target/test-classes/webapps/static,STOPPED}
2021-08-17 11:44:36,710 [Listener at 127.0.0.1/33323] INFO  handler.ContextHandler (ContextHandler.java:doStop(1153)) - Stopped o.e.j.s.ServletContextHandler@ab3e4a2{logs,/logs,file:///home/runner/work/ozone/ozone/hadoop-ozone/integration-test/target/log,STOPPED}
2021-08-17 11:44:36,739 [Listener at 127.0.0.1/33323] INFO  ozone.MiniOzoneClusterImpl (MiniOzoneClusterImpl.java:stopDatanodes(527)) - Stopping the HddsDatanodes
2021-08-17 11:44:36,890 [Datanode State Machine Thread - 0] INFO  statemachine.DatanodeStateMachine (DatanodeStateMachine.java:lambda$startDaemon$0(457)) - Ozone container server started.
2021-08-17 11:44:36,961 [Datanode State Machine Thread - 0] INFO  statemachine.DatanodeStateMachine (DatanodeStateMachine.java:lambda$startDaemon$0(457)) - Ozone container server started.
2021-08-17 11:44:37,274 [Command processor thread] INFO  server.RaftServer (RaftServerProxy.java:remove(106)) - 4240b545-6c07-448f-ac96-de7b778a6442: remove  FOLLOWER 4240b545-6c07-448f-ac96-de7b778a6442@group-D2E2B342A4C3:t3, leader=null, voted=4240b545-6c07-448f-ac96-de7b778a6442, raftlog=4240b545-6c07-448f-ac96-de7b778a6442@group-D2E2B342A4C3-SegmentedRaftLog:OPENED:c-1,f-1,i0, conf=-1: [06b1e515-8a0e-4448-8d82-5bc90e0fbeba|rpc:10.1.0.21:43961|dataStream:|priority:0, cdd1bc6e-a52c-4b83-9205-8b665f0a3658|rpc:10.1.0.21:38573|dataStream:|priority:1, 4240b545-6c07-448f-ac96-de7b778a6442|rpc:10.1.0.21:45639|dataStream:|priority:0], old=null RUNNING
2021-08-17 11:44:37,274 [Command processor thread] INFO  server.RaftServer$Division (RaftServerImpl.java:lambda$close$4(407)) - 4240b545-6c07-448f-ac96-de7b778a6442@group-D2E2B342A4C3: shutdown
2021-08-17 11:44:37,274 [Command processor thread] INFO  util.JmxRegister (JmxRegister.java:unregister(73)) - Successfully un-registered JMX Bean with object name Ratis:service=RaftServer,group=group-D2E2B342A4C3,id=4240b545-6c07-448f-ac96-de7b778a6442
2021-08-17 11:44:37,274 [Command processor thread] INFO  impl.RoleInfo (RoleInfo.java:shutdownFollowerState(108)) - 4240b545-6c07-448f-ac96-de7b778a6442: shutdown 4240b545-6c07-448f-ac96-de7b778a6442@group-D2E2B342A4C3-FollowerState
2021-08-17 11:44:37,274 [Command processor thread] INFO  impl.StateMachineUpdater (StateMachineUpdater.java:stopAndJoin(149)) - 4240b545-6c07-448f-ac96-de7b778a6442@group-D2E2B342A4C3-StateMachineUpdater: set stopIndex = -1
2021-08-17 11:44:37,275 [4240b545-6c07-448f-ac96-de7b778a6442@group-D2E2B342A4C3-FollowerState] INFO  impl.FollowerState (FollowerState.java:run(143)) - 4240b545-6c07-448f-ac96-de7b778a6442@group-D2E2B342A4C3-FollowerState was interrupted: {}
java.lang.InterruptedException: sleep interrupted
	at java.lang.Thread.sleep(Native Method)
	at java.lang.Thread.sleep(Thread.java:340)
	at java.util.concurrent.TimeUnit.sleep(TimeUnit.java:386)
	at org.apache.ratis.util.TimeDuration.sleep(TimeDuration.java:324)
	at org.apache.ratis.util.TimeDuration.sleep(TimeDuration.java:309)
	at org.apache.ratis.server.impl.FollowerState.run(FollowerState.java:118)
2021-08-17 11:44:37,298 [Command processor thread] INFO  server.RaftServer$Division (ServerState.java:close(419)) - 4240b545-6c07-448f-ac96-de7b778a6442@group-D2E2B342A4C3: closes. applyIndex: -1
2021-08-17 11:44:37,298 [4240b545-6c07-448f-ac96-de7b778a6442@group-D2E2B342A4C3-SegmentedRaftLogWorker] INFO  segmented.SegmentedRaftLogWorker (SegmentedRaftLogWorker.java:run(327)) - 4240b545-6c07-448f-ac96-de7b778a6442@group-D2E2B342A4C3-SegmentedRaftLogWorker was interrupted, exiting. There are 0 tasks remaining in the queue.
2021-08-17 11:44:37,299 [Command processor thread] INFO  segmented.SegmentedRaftLogWorker (SegmentedRaftLogWorker.java:close(237)) - 4240b545-6c07-448f-ac96-de7b778a6442@group-D2E2B342A4C3-SegmentedRaftLogWorker close()
2021-08-17 11:44:37,325 [Command processor thread] INFO  server.RaftServer$Division (RaftServerImpl.java:groupRemove(377)) - 4240b545-6c07-448f-ac96-de7b778a6442@group-D2E2B342A4C3: Succeed to remove RaftStorageDirectory Storage Directory /home/runner/work/ozone/ozone/hadoop-ozone/integration-test/target/test-dir/MiniOzoneClusterImpl-3aa90084-af08-4299-bf83-992dfa8833c1/datanode-2/data/ratis/348c54e6-8517-4ca6-a3f5-d2e2b342a4c3
2021-08-17 11:44:37,325 [Command processor thread] INFO  commandhandler.ClosePipelineCommandHandler (ClosePipelineCommandHandler.java:handle(75)) - Close Pipeline PipelineID=348c54e6-8517-4ca6-a3f5-d2e2b342a4c3 command on datanode 4240b545-6c07-448f-ac96-de7b778a6442.
2021-08-17 11:44:38,347 [cdd1bc6e-a52c-4b83-9205-8b665f0a3658@group-D2E2B342A4C3-FollowerState] INFO  impl.FollowerState (FollowerState.java:run(134)) - cdd1bc6e-a52c-4b83-9205-8b665f0a3658@group-D2E2B342A4C3-FollowerState: change to CANDIDATE, lastRpcElapsedTime:5075610196ns, electionTimeout:5047ms
2021-08-17 11:44:38,347 [cdd1bc6e-a52c-4b83-9205-8b665f0a3658@group-D2E2B342A4C3-FollowerState] INFO  impl.RoleInfo (RoleInfo.java:shutdownFollowerState(108)) - cdd1bc6e-a52c-4b83-9205-8b665f0a3658: shutdown cdd1bc6e-a52c-4b83-9205-8b665f0a3658@group-D2E2B342A4C3-FollowerState
2021-08-17 11:44:38,347 [cdd1bc6e-a52c-4b83-9205-8b665f0a3658@group-D2E2B342A4C3-FollowerState] INFO  server.RaftServer$Division (RaftServerImpl.java:setRole(285)) - cdd1bc6e-a52c-4b83-9205-8b665f0a3658@group-D2E2B342A4C3: changes role from  FOLLOWER to CANDIDATE at term 3 for changeToCandidate
2021-08-17 11:44:38,348 [cdd1bc6e-a52c-4b83-9205-8b665f0a3658@group-D2E2B342A4C3-FollowerState] INFO  server.RaftServerConfigKeys (ConfUtils.java:logGet(44)) - raft.server.leaderelection.pre-vote = false (custom)
2021-08-17 11:44:38,348 [cdd1bc6e-a52c-4b83-9205-8b665f0a3658@group-D2E2B342A4C3-FollowerState] INFO  impl.RoleInfo (RoleInfo.java:updateAndGet(130)) - cdd1bc6e-a52c-4b83-9205-8b665f0a3658: start cdd1bc6e-a52c-4b83-9205-8b665f0a3658@group-D2E2B342A4C3-LeaderElection44
2021-08-17 11:44:38,373 [cdd1bc6e-a52c-4b83-9205-8b665f0a3658@group-D2E2B342A4C3-LeaderElection44] INFO  impl.LeaderElection (LeaderElection.java:askForVotes(306)) - cdd1bc6e-a52c-4b83-9205-8b665f0a3658@group-D2E2B342A4C3-LeaderElection44 ELECTION round 0: submit vote requests at term 4 for 0: [06b1e515-8a0e-4448-8d82-5bc90e0fbeba|rpc:10.1.0.21:43961|dataStream:|priority:0, cdd1bc6e-a52c-4b83-9205-8b665f0a3658|rpc:10.1.0.21:38573|dataStream:|priority:1, 4240b545-6c07-448f-ac96-de7b778a6442|rpc:10.1.0.21:45639|dataStream:|priority:0], old=null
2021-08-17 11:44:38,428 [grpc-default-executor-2] INFO  server.RaftServer$Division (RaftServerImpl.java:requestVote(1043)) - 06b1e515-8a0e-4448-8d82-5bc90e0fbeba@group-D2E2B342A4C3: receive requestVote(ELECTION, cdd1bc6e-a52c-4b83-9205-8b665f0a3658, group-D2E2B342A4C3, 4, (t:2, i:0))
2021-08-17 11:44:38,429 [grpc-default-executor-2] INFO  impl.VoteContext (VoteContext.java:log(48)) - 06b1e515-8a0e-4448-8d82-5bc90e0fbeba@group-D2E2B342A4C3-FOLLOWER: accept ELECTION from cdd1bc6e-a52c-4b83-9205-8b665f0a3658: our last entry null < candidate's last entry (t:2, i:0)
2021-08-17 11:44:38,429 [grpc-default-executor-2] INFO  server.RaftServer$Division (RaftServerImpl.java:setRole(285)) - 06b1e515-8a0e-4448-8d82-5bc90e0fbeba@group-D2E2B342A4C3: changes role from  FOLLOWER to FOLLOWER at term 4 for candidate:cdd1bc6e-a52c-4b83-9205-8b665f0a3658
2021-08-17 11:44:38,429 [grpc-default-executor-2] INFO  impl.RoleInfo (RoleInfo.java:shutdownFollowerState(108)) - 06b1e515-8a0e-4448-8d82-5bc90e0fbeba: shutdown 06b1e515-8a0e-4448-8d82-5bc90e0fbeba@group-D2E2B342A4C3-FollowerState
2021-08-17 11:44:38,429 [grpc-default-executor-2] INFO  impl.RoleInfo (RoleInfo.java:updateAndGet(130)) - 06b1e515-8a0e-4448-8d82-5bc90e0fbeba: start 06b1e515-8a0e-4448-8d82-5bc90e0fbeba@group-D2E2B342A4C3-FollowerState
2021-08-17 11:44:38,429 [06b1e515-8a0e-4448-8d82-5bc90e0fbeba@group-D2E2B342A4C3-FollowerState] INFO  impl.FollowerState (FollowerState.java:run(143)) - 06b1e515-8a0e-4448-8d82-5bc90e0fbeba@group-D2E2B342A4C3-FollowerState was interrupted: {}
java.lang.InterruptedException: sleep interrupted
	at java.lang.Thread.sleep(Native Method)
	at java.lang.Thread.sleep(Thread.java:340)
	at java.util.concurrent.TimeUnit.sleep(TimeUnit.java:386)
	at org.apache.ratis.util.TimeDuration.sleep(TimeDuration.java:324)
	at org.apache.ratis.util.TimeDuration.sleep(TimeDuration.java:309)
	at org.apache.ratis.server.impl.FollowerState.run(FollowerState.java:118)
2021-08-17 11:44:38,463 [grpc-default-executor-2] INFO  server.RaftServer$Division (RaftServerImpl.java:requestVote(1075)) - 06b1e515-8a0e-4448-8d82-5bc90e0fbeba@group-D2E2B342A4C3 replies to ELECTION vote request: cdd1bc6e-a52c-4b83-9205-8b665f0a3658<-06b1e515-8a0e-4448-8d82-5bc90e0fbeba#0:OK-t4. Peer's state: 06b1e515-8a0e-4448-8d82-5bc90e0fbeba@group-D2E2B342A4C3:t4, leader=null, voted=cdd1bc6e-a52c-4b83-9205-8b665f0a3658, raftlog=06b1e515-8a0e-4448-8d82-5bc90e0fbeba@group-D2E2B342A4C3-SegmentedRaftLog:OPENED:c-1,f-1,i0, conf=-1: [06b1e515-8a0e-4448-8d82-5bc90e0fbeba|rpc:10.1.0.21:43961|priority:0, cdd1bc6e-a52c-4b83-9205-8b665f0a3658|rpc:10.1.0.21:38573|priority:1, 4240b545-6c07-448f-ac96-de7b778a6442|rpc:10.1.0.21:45639|priority:0], old=null
2021-08-17 11:44:38,464 [grpc-default-executor-3] WARN  server.GrpcServerProtocolService (LogUtils.java:warn(124)) - 4240b545-6c07-448f-ac96-de7b778a6442: Failed requestVote cdd1bc6e-a52c-4b83-9205-8b665f0a3658->4240b545-6c07-448f-ac96-de7b778a6442#0
org.apache.ratis.protocol.exceptions.GroupMismatchException: 4240b545-6c07-448f-ac96-de7b778a6442: group-D2E2B342A4C3 not found.
	at org.apache.ratis.server.impl.RaftServerProxy$ImplMap.get(RaftServerProxy.java:147)
	at org.apache.ratis.server.impl.RaftServerProxy.getImplFuture(RaftServerProxy.java:339)
	at org.apache.ratis.server.impl.RaftServerProxy.getImpl(RaftServerProxy.java:348)
	at org.apache.ratis.server.impl.RaftServerProxy.getImpl(RaftServerProxy.java:343)
	at org.apache.ratis.server.impl.RaftServerProxy.requestVote(RaftServerProxy.java:548)
	at org.apache.ratis.grpc.server.GrpcServerProtocolService.requestVote(GrpcServerProtocolService.java:172)
	at org.apache.ratis.proto.grpc.RaftServerProtocolServiceGrpc$MethodHandlers.invoke(RaftServerProtocolServiceGrpc.java:394)
	at org.apache.ratis.thirdparty.io.grpc.stub.ServerCalls$UnaryServerCallHandler$UnaryServerCallListener.onHalfClose(ServerCalls.java:182)
	at org.apache.ratis.thirdparty.io.grpc.PartialForwardingServerCallListener.onHalfClose(PartialForwardingServerCallListener.java:35)
	at org.apache.ratis.thirdparty.io.grpc.ForwardingServerCallListener.onHalfClose(ForwardingServerCallListener.java:23)
	at org.apache.ratis.thirdparty.io.grpc.internal.ServerCallImpl$ServerStreamListenerImpl.halfClosed(ServerCallImpl.java:331)
	at org.apache.ratis.thirdparty.io.grpc.internal.ServerImpl$JumpToApplicationThreadServerStreamListener$1HalfClosed.runInContext(ServerImpl.java:814)
	at org.apache.ratis.thirdparty.io.grpc.internal.ContextRunnable.run(ContextRunnable.java:37)
	at org.apache.ratis.thirdparty.io.grpc.internal.SerializingExecutor.run(SerializingExecutor.java:123)
	at java.util.concurrent.ThreadPoolExecutor.runWorker(ThreadPoolExecutor.java:1149)
	at java.util.concurrent.ThreadPoolExecutor$Worker.run(ThreadPoolExecutor.java:624)
	at java.lang.Thread.run(Thread.java:748)
2021-08-17 11:44:38,468 [cdd1bc6e-a52c-4b83-9205-8b665f0a3658@group-D2E2B342A4C3-LeaderElection44] INFO  impl.LeaderElection (LeaderElection.java:logAndReturn(89)) - cdd1bc6e-a52c-4b83-9205-8b665f0a3658@group-D2E2B342A4C3-LeaderElection44: ELECTION PASSED received 1 response(s) and 0 exception(s):
2021-08-17 11:44:38,468 [cdd1bc6e-a52c-4b83-9205-8b665f0a3658@group-D2E2B342A4C3-LeaderElection44] INFO  impl.LeaderElection (LeaderElection.java:logAndReturn(93)) -   Response 0: cdd1bc6e-a52c-4b83-9205-8b665f0a3658<-06b1e515-8a0e-4448-8d82-5bc90e0fbeba#0:OK-t4
2021-08-17 11:44:38,468 [cdd1bc6e-a52c-4b83-9205-8b665f0a3658@group-D2E2B342A4C3-LeaderElection44] INFO  impl.LeaderElection (LeaderElection.java:askForVotes(308)) - cdd1bc6e-a52c-4b83-9205-8b665f0a3658@group-D2E2B342A4C3-LeaderElection44 ELECTION round 0: result PASSED
2021-08-17 11:44:38,468 [cdd1bc6e-a52c-4b83-9205-8b665f0a3658@group-D2E2B342A4C3-LeaderElection44] INFO  impl.RoleInfo (RoleInfo.java:shutdownLeaderElection(121)) - cdd1bc6e-a52c-4b83-9205-8b665f0a3658: shutdown cdd1bc6e-a52c-4b83-9205-8b665f0a3658@group-D2E2B342A4C3-LeaderElection44
2021-08-17 11:44:38,468 [cdd1bc6e-a52c-4b83-9205-8b665f0a3658@group-D2E2B342A4C3-LeaderElection44] INFO  server.RaftServer$Division (RaftServerImpl.java:setRole(285)) - cdd1bc6e-a52c-4b83-9205-8b665f0a3658@group-D2E2B342A4C3: changes role from CANDIDATE to LEADER at term 4 for changeToLeader
2021-08-17 11:44:38,469 [cdd1bc6e-a52c-4b83-9205-8b665f0a3658@group-D2E2B342A4C3-LeaderElection44] INFO  ratis.XceiverServerRatis (XceiverServerRatis.java:handleLeaderChangedNotification(861)) - Leader change notification received for group: group-D2E2B342A4C3 with new leaderId: cdd1bc6e-a52c-4b83-9205-8b665f0a3658
2021-08-17 11:44:38,469 [cdd1bc6e-a52c-4b83-9205-8b665f0a3658@group-D2E2B342A4C3-LeaderElection44] INFO  server.RaftServer$Division (ServerState.java:setLeader(285)) - cdd1bc6e-a52c-4b83-9205-8b665f0a3658@group-D2E2B342A4C3: change Leader from null to cdd1bc6e-a52c-4b83-9205-8b665f0a3658 at term 4 for becomeLeader, leader elected after 5198ms
2021-08-17 11:44:38,469 [cdd1bc6e-a52c-4b83-9205-8b665f0a3658@group-D2E2B342A4C3-LeaderElection44] INFO  server.RaftServerConfigKeys (ConfUtils.java:logGet(44)) - raft.server.staging.catchup.gap = 1000 (default)
2021-08-17 11:44:38,471 [cdd1bc6e-a52c-4b83-9205-8b665f0a3658@group-D2E2B342A4C3-LeaderElection44] INFO  server.RaftServerConfigKeys (ConfUtils.java:logGet(44)) - raft.server.write.element-limit = 1024 (custom)
2021-08-17 11:44:38,472 [cdd1bc6e-a52c-4b83-9205-8b665f0a3658@group-D2E2B342A4C3-LeaderElection44] INFO  server.RaftServerConfigKeys (ConfUtils.java:logGet(44)) - raft.server.write.byte-limit = 1024 M (=1073741824) (custom)
2021-08-17 11:44:38,473 [cdd1bc6e-a52c-4b83-9205-8b665f0a3658@group-D2E2B342A4C3-LeaderElection44] INFO  server.RaftServerConfigKeys (ConfUtils.java:logGet(44)) - raft.server.watch.timeout = 180s (custom)
2021-08-17 11:44:38,480 [cdd1bc6e-a52c-4b83-9205-8b665f0a3658@group-D2E2B342A4C3-LeaderElection44] INFO  server.RaftServerConfigKeys (ConfUtils.java:logGet(44)) - raft.server.watch.timeout.denomination = 1s (default)
2021-08-17 11:44:38,480 [cdd1bc6e-a52c-4b83-9205-8b665f0a3658@group-D2E2B342A4C3-LeaderElection44] INFO  server.RaftServerConfigKeys (ConfUtils.java:logGet(44)) - raft.server.watch.element-limit = 65536 (default)
2021-08-17 11:44:38,480 [cdd1bc6e-a52c-4b83-9205-8b665f0a3658@group-D2E2B342A4C3-LeaderElection44] INFO  server.RaftServerConfigKeys (ConfUtils.java:logGet(44)) - raft.server.log.appender.snapshot.chunk.size.max = 16MB (=16777216) (default)
2021-08-17 11:44:38,481 [cdd1bc6e-a52c-4b83-9205-8b665f0a3658@group-D2E2B342A4C3-LeaderElection44] INFO  server.RaftServerConfigKeys (ConfUtils.java:logGet(44)) - raft.server.log.appender.buffer.byte-limit = 33554432 (custom)
2021-08-17 11:44:38,481 [cdd1bc6e-a52c-4b83-9205-8b665f0a3658@group-D2E2B342A4C3-LeaderElection44] INFO  server.RaftServerConfigKeys (ConfUtils.java:logGet(44)) - raft.server.log.appender.buffer.element-limit = 1 (custom)
2021-08-17 11:44:38,481 [cdd1bc6e-a52c-4b83-9205-8b665f0a3658@group-D2E2B342A4C3-LeaderElection44] INFO  grpc.GrpcConfigKeys (ConfUtils.java:logGet(44)) - raft.grpc.server.leader.outstanding.appends.max = 128 (default)
2021-08-17 11:44:38,481 [cdd1bc6e-a52c-4b83-9205-8b665f0a3658@group-D2E2B342A4C3-LeaderElection44] INFO  server.RaftServerConfigKeys (ConfUtils.java:logGet(44)) - raft.server.rpc.request.timeout = 60s (custom)
2021-08-17 11:44:38,481 [cdd1bc6e-a52c-4b83-9205-8b665f0a3658@group-D2E2B342A4C3-LeaderElection44] INFO  server.RaftServerConfigKeys (ConfUtils.java:logGet(44)) - raft.server.log.appender.install.snapshot.enabled = false (custom)
2021-08-17 11:44:38,496 [cdd1bc6e-a52c-4b83-9205-8b665f0a3658@group-D2E2B342A4C3-LeaderElection44] INFO  server.RaftServerConfigKeys (ConfUtils.java:logGet(44)) - raft.server.log.appender.snapshot.chunk.size.max = 16MB (=16777216) (default)
2021-08-17 11:44:38,508 [cdd1bc6e-a52c-4b83-9205-8b665f0a3658@group-D2E2B342A4C3-LeaderElection44] INFO  server.RaftServerConfigKeys (ConfUtils.java:logGet(44)) - raft.server.log.appender.buffer.byte-limit = 33554432 (custom)
2021-08-17 11:44:38,532 [cdd1bc6e-a52c-4b83-9205-8b665f0a3658@group-D2E2B342A4C3-LeaderElection44] INFO  server.RaftServerConfigKeys (ConfUtils.java:logGet(44)) - raft.server.log.appender.buffer.element-limit = 1 (custom)
2021-08-17 11:44:38,532 [cdd1bc6e-a52c-4b83-9205-8b665f0a3658@group-D2E2B342A4C3-LeaderElection44] INFO  grpc.GrpcConfigKeys (ConfUtils.java:logGet(44)) - raft.grpc.server.leader.outstanding.appends.max = 128 (default)
2021-08-17 11:44:38,532 [cdd1bc6e-a52c-4b83-9205-8b665f0a3658@group-D2E2B342A4C3-LeaderElection44] INFO  server.RaftServerConfigKeys (ConfUtils.java:logGet(44)) - raft.server.rpc.request.timeout = 60s (custom)
2021-08-17 11:44:38,532 [cdd1bc6e-a52c-4b83-9205-8b665f0a3658@group-D2E2B342A4C3-LeaderElection44] INFO  server.RaftServerConfigKeys (ConfUtils.java:logGet(44)) - raft.server.log.appender.install.snapshot.enabled = false (custom)
2021-08-17 11:44:38,535 [cdd1bc6e-a52c-4b83-9205-8b665f0a3658@group-D2E2B342A4C3-LeaderElection44] INFO  impl.RoleInfo (RoleInfo.java:updateAndGet(130)) - cdd1bc6e-a52c-4b83-9205-8b665f0a3658: start cdd1bc6e-a52c-4b83-9205-8b665f0a3658@group-D2E2B342A4C3-LeaderStateImpl
2021-08-17 11:44:38,541 [cdd1bc6e-a52c-4b83-9205-8b665f0a3658@group-D2E2B342A4C3-LeaderElection44] INFO  segmented.SegmentedRaftLogWorker (SegmentedRaftLogWorker.java:rollLogSegment(399)) - cdd1bc6e-a52c-4b83-9205-8b665f0a3658@group-D2E2B342A4C3-SegmentedRaftLogWorker: Rolling segment log-0_0 to index:0
2021-08-17 11:44:38,544 [cdd1bc6e-a52c-4b83-9205-8b665f0a3658@group-D2E2B342A4C3-SegmentedRaftLogWorker] INFO  segmented.SegmentedRaftLogWorker (SegmentedRaftLogWorker.java:execute(558)) - cdd1bc6e-a52c-4b83-9205-8b665f0a3658@group-D2E2B342A4C3-SegmentedRaftLogWorker: Rolled log segment from /home/runner/work/ozone/ozone/hadoop-ozone/integration-test/target/test-dir/MiniOzoneClusterImpl-3aa90084-af08-4299-bf83-992dfa8833c1/datanode-1/data/ratis/348c54e6-8517-4ca6-a3f5-d2e2b342a4c3/current/log_inprogress_0 to /home/runner/work/ozone/ozone/hadoop-ozone/integration-test/target/test-dir/MiniOzoneClusterImpl-3aa90084-af08-4299-bf83-992dfa8833c1/datanode-1/data/ratis/348c54e6-8517-4ca6-a3f5-d2e2b342a4c3/current/log_0-0
2021-08-17 11:44:38,546 [cdd1bc6e-a52c-4b83-9205-8b665f0a3658@group-D2E2B342A4C3-SegmentedRaftLogWorker] INFO  segmented.SegmentedRaftLogWorker (SegmentedRaftLogWorker.java:execute(601)) - cdd1bc6e-a52c-4b83-9205-8b665f0a3658@group-D2E2B342A4C3-SegmentedRaftLogWorker: created new log segment /home/runner/work/ozone/ozone/hadoop-ozone/integration-test/target/test-dir/MiniOzoneClusterImpl-3aa90084-af08-4299-bf83-992dfa8833c1/datanode-1/data/ratis/348c54e6-8517-4ca6-a3f5-d2e2b342a4c3/current/log_inprogress_1
2021-08-17 11:44:38,604 [grpc-default-executor-3] INFO  ratis.XceiverServerRatis (XceiverServerRatis.java:handleLeaderChangedNotification(861)) - Leader change notification received for group: group-D2E2B342A4C3 with new leaderId: cdd1bc6e-a52c-4b83-9205-8b665f0a3658
2021-08-17 11:44:38,604 [grpc-default-executor-3] INFO  server.RaftServer$Division (ServerState.java:setLeader(285)) - 06b1e515-8a0e-4448-8d82-5bc90e0fbeba@group-D2E2B342A4C3: change Leader from null to cdd1bc6e-a52c-4b83-9205-8b665f0a3658 at term 4 for appendEntries, leader elected after 15892ms
2021-08-17 11:44:38,604 [grpc-default-executor-3] INFO  server.RaftServer$Division (RaftServerImpl.java:checkInconsistentAppendEntries(1319)) - 06b1e515-8a0e-4448-8d82-5bc90e0fbeba@group-D2E2B342A4C3: Failed appendEntries as previous log entry ((t:2, i:0)) is not found
2021-08-17 11:44:38,605 [grpc-default-executor-3] INFO  server.RaftServer$Division (RaftServerImpl.java:checkInconsistentAppendEntries(1285)) - 06b1e515-8a0e-4448-8d82-5bc90e0fbeba@group-D2E2B342A4C3: inconsistency entries. Reply:cdd1bc6e-a52c-4b83-9205-8b665f0a3658<-06b1e515-8a0e-4448-8d82-5bc90e0fbeba#0:FAIL-t4,INCONSISTENCY,nextIndex=0,followerCommit=-1
2021-08-17 11:44:38,609 [grpc-default-executor-3] INFO  server.RaftServer$Division (RaftServerImpl.java:checkInconsistentAppendEntries(1319)) - 06b1e515-8a0e-4448-8d82-5bc90e0fbeba@group-D2E2B342A4C3: Failed appendEntries as previous log entry ((t:2, i:0)) is not found
2021-08-17 11:44:38,609 [grpc-default-executor-3] INFO  server.RaftServer$Division (RaftServerImpl.java:checkInconsistentAppendEntries(1285)) - 06b1e515-8a0e-4448-8d82-5bc90e0fbeba@group-D2E2B342A4C3: inconsistency entries. Reply:cdd1bc6e-a52c-4b83-9205-8b665f0a3658<-06b1e515-8a0e-4448-8d82-5bc90e0fbeba#1:FAIL-t4,INCONSISTENCY,nextIndex=0,followerCommit=-1
2021-08-17 11:44:38,625 [grpc-default-executor-2] INFO  leader.FollowerInfo (FollowerInfoImpl.java:lambda$new$0(46)) - cdd1bc6e-a52c-4b83-9205-8b665f0a3658@group-D2E2B342A4C3->06b1e515-8a0e-4448-8d82-5bc90e0fbeba: nextIndex: updateUnconditionally 2 -> 0
2021-08-17 11:44:38,625 [cdd1bc6e-a52c-4b83-9205-8b665f0a3658@group-D2E2B342A4C3-LeaderElection44] INFO  server.RaftServer$Division (ServerState.java:setRaftConf(387)) - cdd1bc6e-a52c-4b83-9205-8b665f0a3658@group-D2E2B342A4C3: set configuration 1: [06b1e515-8a0e-4448-8d82-5bc90e0fbeba|rpc:10.1.0.21:43961|dataStream:|priority:0, cdd1bc6e-a52c-4b83-9205-8b665f0a3658|rpc:10.1.0.21:38573|dataStream:|priority:1, 4240b545-6c07-448f-ac96-de7b778a6442|rpc:10.1.0.21:45639|dataStream:|priority:0], old=null
2021-08-17 11:44:38,628 [grpc-default-executor-2] INFO  leader.FollowerInfo (FollowerInfoImpl.java:lambda$new$0(46)) - cdd1bc6e-a52c-4b83-9205-8b665f0a3658@group-D2E2B342A4C3->06b1e515-8a0e-4448-8d82-5bc90e0fbeba: nextIndex: updateUnconditionally 0 -> 0
2021-08-17 11:44:38,679 [grpc-default-executor-3] INFO  server.RaftServer$Division (ServerState.java:setRaftConf(387)) - 06b1e515-8a0e-4448-8d82-5bc90e0fbeba@group-D2E2B342A4C3: set configuration 0: [06b1e515-8a0e-4448-8d82-5bc90e0fbeba|rpc:10.1.0.21:43961|dataStream:|priority:0, cdd1bc6e-a52c-4b83-9205-8b665f0a3658|rpc:10.1.0.21:38573|dataStream:|priority:1, 4240b545-6c07-448f-ac96-de7b778a6442|rpc:10.1.0.21:45639|dataStream:|priority:0], old=null
2021-08-17 11:44:38,680 [grpc-default-executor-3] INFO  segmented.SegmentedRaftLogWorker (SegmentedRaftLogWorker.java:startLogSegment(394)) - 06b1e515-8a0e-4448-8d82-5bc90e0fbeba@group-D2E2B342A4C3-SegmentedRaftLogWorker: Starting segment from index:0
2021-08-17 11:44:38,683 [grpc-default-executor-3] INFO  server.RaftServer$Division (ServerState.java:setRaftConf(387)) - 06b1e515-8a0e-4448-8d82-5bc90e0fbeba@group-D2E2B342A4C3: set configuration 1: [06b1e515-8a0e-4448-8d82-5bc90e0fbeba|rpc:10.1.0.21:43961|dataStream:|priority:0, cdd1bc6e-a52c-4b83-9205-8b665f0a3658|rpc:10.1.0.21:38573|dataStream:|priority:1, 4240b545-6c07-448f-ac96-de7b778a6442|rpc:10.1.0.21:45639|dataStream:|priority:0], old=null
2021-08-17 11:44:38,683 [grpc-default-executor-3] INFO  segmented.SegmentedRaftLogWorker (SegmentedRaftLogWorker.java:rollLogSegment(399)) - 06b1e515-8a0e-4448-8d82-5bc90e0fbeba@group-D2E2B342A4C3-SegmentedRaftLogWorker: Rolling segment log-0_0 to index:0
2021-08-17 11:44:38,683 [06b1e515-8a0e-4448-8d82-5bc90e0fbeba@group-D2E2B342A4C3-SegmentedRaftLogWorker] INFO  segmented.SegmentedRaftLogWorker (SegmentedRaftLogWorker.java:execute(601)) - 06b1e515-8a0e-4448-8d82-5bc90e0fbeba@group-D2E2B342A4C3-SegmentedRaftLogWorker: created new log segment /home/runner/work/ozone/ozone/hadoop-ozone/integration-test/target/test-dir/MiniOzoneClusterImpl-3aa90084-af08-4299-bf83-992dfa8833c1/datanode-0/data/ratis/348c54e6-8517-4ca6-a3f5-d2e2b342a4c3/current/log_inprogress_0
2021-08-17 11:44:38,700 [4240b545-6c07-448f-ac96-de7b778a6442@group-3FA22E84EAD5-FollowerState] INFO  impl.FollowerState (FollowerState.java:run(134)) - 4240b545-6c07-448f-ac96-de7b778a6442@group-3FA22E84EAD5-FollowerState: change to CANDIDATE, lastRpcElapsedTime:5077472467ns, electionTimeout:5014ms
2021-08-17 11:44:38,700 [4240b545-6c07-448f-ac96-de7b778a6442@group-3FA22E84EAD5-FollowerState] INFO  impl.RoleInfo (RoleInfo.java:shutdownFollowerState(108)) - 4240b545-6c07-448f-ac96-de7b778a6442: shutdown 4240b545-6c07-448f-ac96-de7b778a6442@group-3FA22E84EAD5-FollowerState
2021-08-17 11:44:38,701 [4240b545-6c07-448f-ac96-de7b778a6442@group-3FA22E84EAD5-FollowerState] INFO  server.RaftServer$Division (RaftServerImpl.java:setRole(285)) - 4240b545-6c07-448f-ac96-de7b778a6442@group-3FA22E84EAD5: changes role from  FOLLOWER to CANDIDATE at term 2 for changeToCandidate
2021-08-17 11:44:38,701 [4240b545-6c07-448f-ac96-de7b778a6442@group-3FA22E84EAD5-FollowerState] INFO  server.RaftServerConfigKeys (ConfUtils.java:logGet(44)) - raft.server.leaderelection.pre-vote = false (custom)
2021-08-17 11:44:38,701 [4240b545-6c07-448f-ac96-de7b778a6442@group-3FA22E84EAD5-FollowerState] INFO  impl.RoleInfo (RoleInfo.java:updateAndGet(130)) - 4240b545-6c07-448f-ac96-de7b778a6442: start 4240b545-6c07-448f-ac96-de7b778a6442@group-3FA22E84EAD5-LeaderElection45
2021-08-17 11:44:38,726 [06b1e515-8a0e-4448-8d82-5bc90e0fbeba@group-D2E2B342A4C3-SegmentedRaftLogWorker] INFO  segmented.SegmentedRaftLogWorker (SegmentedRaftLogWorker.java:execute(558)) - 06b1e515-8a0e-4448-8d82-5bc90e0fbeba@group-D2E2B342A4C3-SegmentedRaftLogWorker: Rolled log segment from /home/runner/work/ozone/ozone/hadoop-ozone/integration-test/target/test-dir/MiniOzoneClusterImpl-3aa90084-af08-4299-bf83-992dfa8833c1/datanode-0/data/ratis/348c54e6-8517-4ca6-a3f5-d2e2b342a4c3/current/log_inprogress_0 to /home/runner/work/ozone/ozone/hadoop-ozone/integration-test/target/test-dir/MiniOzoneClusterImpl-3aa90084-af08-4299-bf83-992dfa8833c1/datanode-0/data/ratis/348c54e6-8517-4ca6-a3f5-d2e2b342a4c3/current/log_0-0
2021-08-17 11:44:38,727 [4240b545-6c07-448f-ac96-de7b778a6442@group-3FA22E84EAD5-LeaderElection45] INFO  impl.LeaderElection (LeaderElection.java:askForVotes(306)) - 4240b545-6c07-448f-ac96-de7b778a6442@group-3FA22E84EAD5-LeaderElection45 ELECTION round 0: submit vote requests at term 3 for -1: [06b1e515-8a0e-4448-8d82-5bc90e0fbeba|rpc:10.1.0.21:43961|dataStream:|priority:0, cdd1bc6e-a52c-4b83-9205-8b665f0a3658|rpc:10.1.0.21:38573|dataStream:|priority:0, 4240b545-6c07-448f-ac96-de7b778a6442|rpc:10.1.0.21:45639|dataStream:|priority:1], old=null
2021-08-17 11:44:38,728 [06b1e515-8a0e-4448-8d82-5bc90e0fbeba@group-D2E2B342A4C3-SegmentedRaftLogWorker] INFO  segmented.SegmentedRaftLogWorker (SegmentedRaftLogWorker.java:execute(601)) - 06b1e515-8a0e-4448-8d82-5bc90e0fbeba@group-D2E2B342A4C3-SegmentedRaftLogWorker: created new log segment /home/runner/work/ozone/ozone/hadoop-ozone/integration-test/target/test-dir/MiniOzoneClusterImpl-3aa90084-af08-4299-bf83-992dfa8833c1/datanode-0/data/ratis/348c54e6-8517-4ca6-a3f5-d2e2b342a4c3/current/log_inprogress_1
2021-08-17 11:44:38,747 [grpc-default-executor-3] INFO  server.RaftServer$Division (RaftServerImpl.java:requestVote(1043)) - 06b1e515-8a0e-4448-8d82-5bc90e0fbeba@group-3FA22E84EAD5: receive requestVote(ELECTION, 4240b545-6c07-448f-ac96-de7b778a6442, group-3FA22E84EAD5, 3, (t:0, i:0))
2021-08-17 11:44:38,748 [grpc-default-executor-3] INFO  impl.VoteContext (VoteContext.java:log(48)) - 06b1e515-8a0e-4448-8d82-5bc90e0fbeba@group-3FA22E84EAD5-FOLLOWER: accept ELECTION from 4240b545-6c07-448f-ac96-de7b778a6442: our priority 0 <= candidate's priority 1
2021-08-17 11:44:38,748 [grpc-default-executor-3] INFO  server.RaftServer$Division (RaftServerImpl.java:setRole(285)) - 06b1e515-8a0e-4448-8d82-5bc90e0fbeba@group-3FA22E84EAD5: changes role from  FOLLOWER to FOLLOWER at term 3 for candidate:4240b545-6c07-448f-ac96-de7b778a6442
2021-08-17 11:44:38,748 [grpc-default-executor-3] INFO  impl.RoleInfo (RoleInfo.java:shutdownFollowerState(108)) - 06b1e515-8a0e-4448-8d82-5bc90e0fbeba: shutdown 06b1e515-8a0e-4448-8d82-5bc90e0fbeba@group-3FA22E84EAD5-FollowerState
2021-08-17 11:44:38,748 [grpc-default-executor-3] INFO  impl.RoleInfo (RoleInfo.java:updateAndGet(130)) - 06b1e515-8a0e-4448-8d82-5bc90e0fbeba: start 06b1e515-8a0e-4448-8d82-5bc90e0fbeba@group-3FA22E84EAD5-FollowerState
2021-08-17 11:44:38,748 [06b1e515-8a0e-4448-8d82-5bc90e0fbeba@group-3FA22E84EAD5-FollowerState] INFO  impl.FollowerState (FollowerState.java:run(143)) - 06b1e515-8a0e-4448-8d82-5bc90e0fbeba@group-3FA22E84EAD5-FollowerState was interrupted: {}
java.lang.InterruptedException: sleep interrupted
	at java.lang.Thread.sleep(Native Method)
	at java.lang.Thread.sleep(Thread.java:340)
	at java.util.concurrent.TimeUnit.sleep(TimeUnit.java:386)
	at org.apache.ratis.util.TimeDuration.sleep(TimeDuration.java:324)
	at org.apache.ratis.util.TimeDuration.sleep(TimeDuration.java:309)
	at org.apache.ratis.server.impl.FollowerState.run(FollowerState.java:118)
2021-08-17 11:44:38,750 [grpc-default-executor-3] INFO  server.RaftServer$Division (RaftServerImpl.java:requestVote(1075)) - 06b1e515-8a0e-4448-8d82-5bc90e0fbeba@group-3FA22E84EAD5 replies to ELECTION vote request: 4240b545-6c07-448f-ac96-de7b778a6442<-06b1e515-8a0e-4448-8d82-5bc90e0fbeba#0:OK-t3. Peer's state: 06b1e515-8a0e-4448-8d82-5bc90e0fbeba@group-3FA22E84EAD5:t3, leader=null, voted=4240b545-6c07-448f-ac96-de7b778a6442, raftlog=06b1e515-8a0e-4448-8d82-5bc90e0fbeba@group-3FA22E84EAD5-SegmentedRaftLog:OPENED:c-1,f-1,i0, conf=-1: [06b1e515-8a0e-4448-8d82-5bc90e0fbeba|rpc:10.1.0.21:43961|priority:0, cdd1bc6e-a52c-4b83-9205-8b665f0a3658|rpc:10.1.0.21:38573|priority:0, 4240b545-6c07-448f-ac96-de7b778a6442|rpc:10.1.0.21:45639|priority:1], old=null
2021-08-17 11:44:38,752 [4240b545-6c07-448f-ac96-de7b778a6442@group-3FA22E84EAD5-LeaderElection45] INFO  impl.LeaderElection (LeaderElection.java:logAndReturn(89)) - 4240b545-6c07-448f-ac96-de7b778a6442@group-3FA22E84EAD5-LeaderElection45: ELECTION PASSED received 1 response(s) and 0 exception(s):
2021-08-17 11:44:38,752 [4240b545-6c07-448f-ac96-de7b778a6442@group-3FA22E84EAD5-LeaderElection45] INFO  impl.LeaderElection (LeaderElection.java:logAndReturn(93)) -   Response 0: 4240b545-6c07-448f-ac96-de7b778a6442<-06b1e515-8a0e-4448-8d82-5bc90e0fbeba#0:OK-t3
2021-08-17 11:44:38,752 [4240b545-6c07-448f-ac96-de7b778a6442@group-3FA22E84EAD5-LeaderElection45] INFO  impl.LeaderElection (LeaderElection.java:askForVotes(308)) - 4240b545-6c07-448f-ac96-de7b778a6442@group-3FA22E84EAD5-LeaderElection45 ELECTION round 0: result PASSED
2021-08-17 11:44:38,752 [4240b545-6c07-448f-ac96-de7b778a6442@group-3FA22E84EAD5-LeaderElection45] INFO  impl.RoleInfo (RoleInfo.java:shutdownLeaderElection(121)) - 4240b545-6c07-448f-ac96-de7b778a6442: shutdown 4240b545-6c07-448f-ac96-de7b778a6442@group-3FA22E84EAD5-LeaderElection45
2021-08-17 11:44:38,752 [4240b545-6c07-448f-ac96-de7b778a6442@group-3FA22E84EAD5-LeaderElection45] INFO  server.RaftServer$Division (RaftServerImpl.java:setRole(285)) - 4240b545-6c07-448f-ac96-de7b778a6442@group-3FA22E84EAD5: changes role from CANDIDATE to LEADER at term 3 for changeToLeader
2021-08-17 11:44:38,752 [4240b545-6c07-448f-ac96-de7b778a6442@group-3FA22E84EAD5-LeaderElection45] INFO  ratis.XceiverServerRatis (XceiverServerRatis.java:handleLeaderChangedNotification(861)) - Leader change notification received for group: group-3FA22E84EAD5 with new leaderId: 4240b545-6c07-448f-ac96-de7b778a6442
2021-08-17 11:44:38,753 [4240b545-6c07-448f-ac96-de7b778a6442@group-3FA22E84EAD5-LeaderElection45] INFO  server.RaftServer$Division (ServerState.java:setLeader(285)) - 4240b545-6c07-448f-ac96-de7b778a6442@group-3FA22E84EAD5: change Leader from null to 4240b545-6c07-448f-ac96-de7b778a6442 at term 3 for becomeLeader, leader elected after 15473ms
2021-08-17 11:44:38,753 [4240b545-6c07-448f-ac96-de7b778a6442@group-3FA22E84EAD5-LeaderElection45] INFO  server.RaftServerConfigKeys (ConfUtils.java:logGet(44)) - raft.server.staging.catchup.gap = 1000 (default)
2021-08-17 11:44:38,755 [Datanode State Machine Thread - 0] WARN  statemachine.StateContext (StateContext.java:execute(621)) - No available thread in pool for past 1 seconds.
2021-08-17 11:44:38,757 [4240b545-6c07-448f-ac96-de7b778a6442@group-3FA22E84EAD5-LeaderElection45] INFO  server.RaftServerConfigKeys (ConfUtils.java:logGet(44)) - raft.server.write.element-limit = 1024 (custom)
2021-08-17 11:44:38,757 [4240b545-6c07-448f-ac96-de7b778a6442@group-3FA22E84EAD5-LeaderElection45] INFO  server.RaftServerConfigKeys (ConfUtils.java:logGet(44)) - raft.server.write.byte-limit = 1024 M (=1073741824) (custom)
2021-08-17 11:44:38,765 [EventQueue-PipelineReportForPipelineReportHandler] INFO  pipeline.PipelineManagerImpl (PipelineManagerImpl.java:openPipeline(283)) - Pipeline Pipeline[ Id: 626c0933-ea74-4d1d-9f5e-3fa22e84ead5, Nodes: cdd1bc6e-a52c-4b83-9205-8b665f0a3658{ip: 10.1.0.21, host: fv-az291-680.wgnan5asplgejimfprtllbpdch.jx.internal.cloudapp.net, ports: [REPLICATION=46125, RATIS=38573, RATIS_ADMIN=38573, RATIS_SERVER=38573, STANDALONE=36045], networkLocation: /default-rack, certSerialId: null, persistedOpState: IN_SERVICE, persistedOpStateExpiryEpochSec: 0}06b1e515-8a0e-4448-8d82-5bc90e0fbeba{ip: 10.1.0.21, host: fv-az291-680.wgnan5asplgejimfprtllbpdch.jx.internal.cloudapp.net, ports: [REPLICATION=41635, RATIS=43961, RATIS_ADMIN=43961, RATIS_SERVER=43961, STANDALONE=35313], networkLocation: /default-rack, certSerialId: null, persistedOpState: IN_SERVICE, persistedOpStateExpiryEpochSec: 0}4240b545-6c07-448f-ac96-de7b778a6442{ip: 10.1.0.21, host: fv-az291-680.wgnan5asplgejimfprtllbpdch.jx.internal.cloudapp.net, ports: [REPLICATION=33233, RATIS=45639, RATIS_ADMIN=45639, RATIS_SERVER=45639, STANDALONE=37053], networkLocation: /default-rack, certSerialId: null, persistedOpState: IN_SERVICE, persistedOpStateExpiryEpochSec: 0}, ReplicationConfig: RATIS/THREE, State:ALLOCATED, leaderId:4240b545-6c07-448f-ac96-de7b778a6442, CreationTimestamp2021-08-17T11:44:21.017Z[Etc/UTC]] moved to OPEN state
2021-08-17 11:44:38,769 [4240b545-6c07-448f-ac96-de7b778a6442@group-3FA22E84EAD5-LeaderElection45] INFO  server.RaftServerConfigKeys (ConfUtils.java:logGet(44)) - raft.server.watch.timeout = 180s (custom)
2021-08-17 11:44:38,769 [4240b545-6c07-448f-ac96-de7b778a6442@group-3FA22E84EAD5-LeaderElection45] INFO  server.RaftServerConfigKeys (ConfUtils.java:logGet(44)) - raft.server.watch.timeout.denomination = 1s (default)
2021-08-17 11:44:38,769 [4240b545-6c07-448f-ac96-de7b778a6442@group-3FA22E84EAD5-LeaderElection45] INFO  server.RaftServerConfigKeys (ConfUtils.java:logGet(44)) - raft.server.watch.element-limit = 65536 (default)
2021-08-17 11:44:38,769 [4240b545-6c07-448f-ac96-de7b778a6442@group-3FA22E84EAD5-LeaderElection45] INFO  server.RaftServerConfigKeys (ConfUtils.java:logGet(44)) - raft.server.log.appender.snapshot.chunk.size.max = 16MB (=16777216) (default)
2021-08-17 11:44:38,769 [4240b545-6c07-448f-ac96-de7b778a6442@group-3FA22E84EAD5-LeaderElection45] INFO  server.RaftServerConfigKeys (ConfUtils.java:logGet(44)) - raft.server.log.appender.buffer.byte-limit = 33554432 (custom)
2021-08-17 11:44:38,770 [4240b545-6c07-448f-ac96-de7b778a6442@group-3FA22E84EAD5-LeaderElection45] INFO  server.RaftServerConfigKeys (ConfUtils.java:logGet(44)) - raft.server.log.appender.buffer.element-limit = 1 (custom)
2021-08-17 11:44:38,770 [4240b545-6c07-448f-ac96-de7b778a6442@group-3FA22E84EAD5-LeaderElection45] INFO  grpc.GrpcConfigKeys (ConfUtils.java:logGet(44)) - raft.grpc.server.leader.outstanding.appends.max = 128 (default)
2021-08-17 11:44:38,770 [4240b545-6c07-448f-ac96-de7b778a6442@group-3FA22E84EAD5-LeaderElection45] INFO  server.RaftServerConfigKeys (ConfUtils.java:logGet(44)) - raft.server.rpc.request.timeout = 60s (custom)
2021-08-17 11:44:38,770 [4240b545-6c07-448f-ac96-de7b778a6442@group-3FA22E84EAD5-LeaderElection45] INFO  server.RaftServerConfigKeys (ConfUtils.java:logGet(44)) - raft.server.log.appender.install.snapshot.enabled = false (custom)
2021-08-17 11:44:38,774 [4240b545-6c07-448f-ac96-de7b778a6442@group-3FA22E84EAD5-LeaderElection45] INFO  server.RaftServerConfigKeys (ConfUtils.java:logGet(44)) - raft.server.log.appender.snapshot.chunk.size.max = 16MB (=16777216) (default)
2021-08-17 11:44:38,791 [4240b545-6c07-448f-ac96-de7b778a6442@group-3FA22E84EAD5-LeaderElection45] INFO  server.RaftServerConfigKeys (ConfUtils.java:logGet(44)) - raft.server.log.appender.buffer.byte-limit = 33554432 (custom)
2021-08-17 11:44:38,791 [4240b545-6c07-448f-ac96-de7b778a6442@group-3FA22E84EAD5-LeaderElection45] INFO  server.RaftServerConfigKeys (ConfUtils.java:logGet(44)) - raft.server.log.appender.buffer.element-limit = 1 (custom)
2021-08-17 11:44:38,791 [4240b545-6c07-448f-ac96-de7b778a6442@group-3FA22E84EAD5-LeaderElection45] INFO  grpc.GrpcConfigKeys (ConfUtils.java:logGet(44)) - raft.grpc.server.leader.outstanding.appends.max = 128 (default)
2021-08-17 11:44:38,792 [4240b545-6c07-448f-ac96-de7b778a6442@group-3FA22E84EAD5-LeaderElection45] INFO  server.RaftServerConfigKeys (ConfUtils.java:logGet(44)) - raft.server.rpc.request.timeout = 60s (custom)
2021-08-17 11:44:38,792 [4240b545-6c07-448f-ac96-de7b778a6442@group-3FA22E84EAD5-LeaderElection45] INFO  server.RaftServerConfigKeys (ConfUtils.java:logGet(44)) - raft.server.log.appender.install.snapshot.enabled = false (custom)
2021-08-17 11:44:38,806 [grpc-default-executor-3] INFO  server.RaftServer$Division (RaftServerImpl.java:requestVote(1043)) - cdd1bc6e-a52c-4b83-9205-8b665f0a3658@group-3FA22E84EAD5: receive requestVote(ELECTION, 4240b545-6c07-448f-ac96-de7b778a6442, group-3FA22E84EAD5, 3, (t:0, i:0))
2021-08-17 11:44:38,806 [grpc-default-executor-3] INFO  impl.VoteContext (VoteContext.java:log(48)) - cdd1bc6e-a52c-4b83-9205-8b665f0a3658@group-3FA22E84EAD5-FOLLOWER: accept ELECTION from 4240b545-6c07-448f-ac96-de7b778a6442: our priority 0 <= candidate's priority 1
2021-08-17 11:44:38,806 [grpc-default-executor-3] INFO  server.RaftServer$Division (RaftServerImpl.java:setRole(285)) - cdd1bc6e-a52c-4b83-9205-8b665f0a3658@group-3FA22E84EAD5: changes role from  FOLLOWER to FOLLOWER at term 3 for candidate:4240b545-6c07-448f-ac96-de7b778a6442
2021-08-17 11:44:38,806 [grpc-default-executor-3] INFO  impl.RoleInfo (RoleInfo.java:shutdownFollowerState(108)) - cdd1bc6e-a52c-4b83-9205-8b665f0a3658: shutdown cdd1bc6e-a52c-4b83-9205-8b665f0a3658@group-3FA22E84EAD5-FollowerState
2021-08-17 11:44:38,806 [grpc-default-executor-3] INFO  impl.RoleInfo (RoleInfo.java:updateAndGet(130)) - cdd1bc6e-a52c-4b83-9205-8b665f0a3658: start cdd1bc6e-a52c-4b83-9205-8b665f0a3658@group-3FA22E84EAD5-FollowerState
2021-08-17 11:44:38,806 [cdd1bc6e-a52c-4b83-9205-8b665f0a3658@group-3FA22E84EAD5-FollowerState] INFO  impl.FollowerState (FollowerState.java:run(143)) - cdd1bc6e-a52c-4b83-9205-8b665f0a3658@group-3FA22E84EAD5-FollowerState was interrupted: {}
java.lang.InterruptedException: sleep interrupted
	at java.lang.Thread.sleep(Native Method)
	at java.lang.Thread.sleep(Thread.java:340)
	at java.util.concurrent.TimeUnit.sleep(TimeUnit.java:386)
	at org.apache.ratis.util.TimeDuration.sleep(TimeDuration.java:324)
	at org.apache.ratis.util.TimeDuration.sleep(TimeDuration.java:309)
	at org.apache.ratis.server.impl.FollowerState.run(FollowerState.java:118)
2021-08-17 11:44:38,824 [4240b545-6c07-448f-ac96-de7b778a6442@group-3FA22E84EAD5-LeaderElection45] INFO  impl.RoleInfo (RoleInfo.java:updateAndGet(130)) - 4240b545-6c07-448f-ac96-de7b778a6442: start 4240b545-6c07-448f-ac96-de7b778a6442@group-3FA22E84EAD5-LeaderStateImpl
2021-08-17 11:44:38,825 [4240b545-6c07-448f-ac96-de7b778a6442@group-3FA22E84EAD5-LeaderElection45] INFO  segmented.SegmentedRaftLogWorker (SegmentedRaftLogWorker.java:startLogSegment(394)) - 4240b545-6c07-448f-ac96-de7b778a6442@group-3FA22E84EAD5-SegmentedRaftLogWorker: Starting segment from index:0
2021-08-17 11:44:38,838 [grpc-default-executor-3] INFO  server.RaftServer$Division (RaftServerImpl.java:requestVote(1075)) - cdd1bc6e-a52c-4b83-9205-8b665f0a3658@group-3FA22E84EAD5 replies to ELECTION vote request: 4240b545-6c07-448f-ac96-de7b778a6442<-cdd1bc6e-a52c-4b83-9205-8b665f0a3658#0:OK-t3. Peer's state: cdd1bc6e-a52c-4b83-9205-8b665f0a3658@group-3FA22E84EAD5:t3, leader=null, voted=4240b545-6c07-448f-ac96-de7b778a6442, raftlog=cdd1bc6e-a52c-4b83-9205-8b665f0a3658@group-3FA22E84EAD5-SegmentedRaftLog:OPENED:c-1,f-1,i0, conf=-1: [06b1e515-8a0e-4448-8d82-5bc90e0fbeba|rpc:10.1.0.21:43961|dataStream:|priority:0, cdd1bc6e-a52c-4b83-9205-8b665f0a3658|rpc:10.1.0.21:38573|dataStream:|priority:0, 4240b545-6c07-448f-ac96-de7b778a6442|rpc:10.1.0.21:45639|dataStream:|priority:1], old=null
2021-08-17 11:44:38,839 [4240b545-6c07-448f-ac96-de7b778a6442@group-3FA22E84EAD5-SegmentedRaftLogWorker] INFO  segmented.SegmentedRaftLogWorker (SegmentedRaftLogWorker.java:execute(601)) - 4240b545-6c07-448f-ac96-de7b778a6442@group-3FA22E84EAD5-SegmentedRaftLogWorker: created new log segment /home/runner/work/ozone/ozone/hadoop-ozone/integration-test/target/test-dir/MiniOzoneClusterImpl-3aa90084-af08-4299-bf83-992dfa8833c1/datanode-2/data/ratis/626c0933-ea74-4d1d-9f5e-3fa22e84ead5/current/log_inprogress_0
2021-08-17 11:44:38,872 [4240b545-6c07-448f-ac96-de7b778a6442@group-3FA22E84EAD5-LeaderElection45] INFO  server.RaftServer$Division (ServerState.java:setRaftConf(387)) - 4240b545-6c07-448f-ac96-de7b778a6442@group-3FA22E84EAD5: set configuration 0: [06b1e515-8a0e-4448-8d82-5bc90e0fbeba|rpc:10.1.0.21:43961|dataStream:|priority:0, cdd1bc6e-a52c-4b83-9205-8b665f0a3658|rpc:10.1.0.21:38573|dataStream:|priority:0, 4240b545-6c07-448f-ac96-de7b778a6442|rpc:10.1.0.21:45639|dataStream:|priority:1], old=null
2021-08-17 11:44:38,876 [grpc-default-executor-3] INFO  ratis.XceiverServerRatis (XceiverServerRatis.java:handleLeaderChangedNotification(861)) - Leader change notification received for group: group-3FA22E84EAD5 with new leaderId: 4240b545-6c07-448f-ac96-de7b778a6442
2021-08-17 11:44:38,876 [grpc-default-executor-3] INFO  server.RaftServer$Division (ServerState.java:setLeader(285)) - 06b1e515-8a0e-4448-8d82-5bc90e0fbeba@group-3FA22E84EAD5: change Leader from null to 4240b545-6c07-448f-ac96-de7b778a6442 at term 3 for appendEntries, leader elected after 15753ms
2021-08-17 11:44:38,881 [grpc-default-executor-3] INFO  server.RaftServer$Division (ServerState.java:setRaftConf(387)) - 06b1e515-8a0e-4448-8d82-5bc90e0fbeba@group-3FA22E84EAD5: set configuration 0: [06b1e515-8a0e-4448-8d82-5bc90e0fbeba|rpc:10.1.0.21:43961|dataStream:|priority:0, cdd1bc6e-a52c-4b83-9205-8b665f0a3658|rpc:10.1.0.21:38573|dataStream:|priority:0, 4240b545-6c07-448f-ac96-de7b778a6442|rpc:10.1.0.21:45639|dataStream:|priority:1], old=null
2021-08-17 11:44:38,882 [grpc-default-executor-3] INFO  segmented.SegmentedRaftLogWorker (SegmentedRaftLogWorker.java:startLogSegment(394)) - 06b1e515-8a0e-4448-8d82-5bc90e0fbeba@group-3FA22E84EAD5-SegmentedRaftLogWorker: Starting segment from index:0
2021-08-17 11:44:38,884 [06b1e515-8a0e-4448-8d82-5bc90e0fbeba@group-3FA22E84EAD5-SegmentedRaftLogWorker] INFO  segmented.SegmentedRaftLogWorker (SegmentedRaftLogWorker.java:execute(601)) - 06b1e515-8a0e-4448-8d82-5bc90e0fbeba@group-3FA22E84EAD5-SegmentedRaftLogWorker: created new log segment /home/runner/work/ozone/ozone/hadoop-ozone/integration-test/target/test-dir/MiniOzoneClusterImpl-3aa90084-af08-4299-bf83-992dfa8833c1/datanode-0/data/ratis/626c0933-ea74-4d1d-9f5e-3fa22e84ead5/current/log_inprogress_0
2021-08-17 11:44:38,918 [grpc-default-executor-0] INFO  ratis.XceiverServerRatis (XceiverServerRatis.java:handleLeaderChangedNotification(861)) - Leader change notification received for group: group-3FA22E84EAD5 with new leaderId: 4240b545-6c07-448f-ac96-de7b778a6442
2021-08-17 11:44:38,918 [grpc-default-executor-0] INFO  server.RaftServer$Division (ServerState.java:setLeader(285)) - cdd1bc6e-a52c-4b83-9205-8b665f0a3658@group-3FA22E84EAD5: change Leader from null to 4240b545-6c07-448f-ac96-de7b778a6442 at term 3 for appendEntries, leader elected after 15720ms
2021-08-17 11:44:38,957 [grpc-default-executor-0] INFO  server.RaftServer$Division (ServerState.java:setRaftConf(387)) - cdd1bc6e-a52c-4b83-9205-8b665f0a3658@group-3FA22E84EAD5: set configuration 0: [06b1e515-8a0e-4448-8d82-5bc90e0fbeba|rpc:10.1.0.21:43961|dataStream:|priority:0, cdd1bc6e-a52c-4b83-9205-8b665f0a3658|rpc:10.1.0.21:38573|dataStream:|priority:0, 4240b545-6c07-448f-ac96-de7b778a6442|rpc:10.1.0.21:45639|dataStream:|priority:1], old=null
2021-08-17 11:44:38,958 [grpc-default-executor-0] INFO  segmented.SegmentedRaftLogWorker (SegmentedRaftLogWorker.java:startLogSegment(394)) - cdd1bc6e-a52c-4b83-9205-8b665f0a3658@group-3FA22E84EAD5-SegmentedRaftLogWorker: Starting segment from index:0
2021-08-17 11:44:38,982 [cdd1bc6e-a52c-4b83-9205-8b665f0a3658@group-3FA22E84EAD5-SegmentedRaftLogWorker] INFO  segmented.SegmentedRaftLogWorker (SegmentedRaftLogWorker.java:execute(601)) - cdd1bc6e-a52c-4b83-9205-8b665f0a3658@group-3FA22E84EAD5-SegmentedRaftLogWorker: created new log segment /home/runner/work/ozone/ozone/hadoop-ozone/integration-test/target/test-dir/MiniOzoneClusterImpl-3aa90084-af08-4299-bf83-992dfa8833c1/datanode-1/data/ratis/626c0933-ea74-4d1d-9f5e-3fa22e84ead5/current/log_inprogress_0
2021-08-17 11:44:41,749 [Listener at 127.0.0.1/33323] INFO  ozoneimpl.OzoneContainer (OzoneContainer.java:stop(326)) - Attempting to stop container services.
2021-08-17 11:44:41,750 [ForkJoinPool.commonPool-worker-1] INFO  ozoneimpl.OzoneContainer (OzoneContainer.java:stop(326)) - Attempting to stop container services.
2021-08-17 11:44:41,750 [Listener at 127.0.0.1/33323] INFO  server.RaftServer (RaftServerProxy.java:lambda$close$6(391)) - cdd1bc6e-a52c-4b83-9205-8b665f0a3658: close
2021-08-17 11:44:41,750 [Listener at 127.0.0.1/33323] INFO  server.RaftServer$Division (RaftServerImpl.java:lambda$close$4(407)) - cdd1bc6e-a52c-4b83-9205-8b665f0a3658@group-5BB2E7DFC0E0: shutdown
2021-08-17 11:44:41,751 [Listener at 127.0.0.1/33323] INFO  util.JmxRegister (JmxRegister.java:unregister(73)) - Successfully un-registered JMX Bean with object name Ratis:service=RaftServer,group=group-5BB2E7DFC0E0,id=cdd1bc6e-a52c-4b83-9205-8b665f0a3658
2021-08-17 11:44:41,751 [Listener at 127.0.0.1/33323] INFO  impl.RoleInfo (RoleInfo.java:shutdownLeaderState(91)) - cdd1bc6e-a52c-4b83-9205-8b665f0a3658: shutdown cdd1bc6e-a52c-4b83-9205-8b665f0a3658@group-5BB2E7DFC0E0-LeaderStateImpl
2021-08-17 11:44:41,751 [Listener at 127.0.0.1/33323] INFO  impl.PendingRequests (PendingRequests.java:sendNotLeaderResponses(282)) - cdd1bc6e-a52c-4b83-9205-8b665f0a3658@group-5BB2E7DFC0E0-PendingRequests: sendNotLeaderResponses
2021-08-17 11:44:41,752 [Listener at 127.0.0.1/33323] INFO  impl.StateMachineUpdater (StateMachineUpdater.java:stopAndJoin(149)) - cdd1bc6e-a52c-4b83-9205-8b665f0a3658@group-5BB2E7DFC0E0-StateMachineUpdater: set stopIndex = 0
2021-08-17 11:44:41,752 [cdd1bc6e-a52c-4b83-9205-8b665f0a3658@group-5BB2E7DFC0E0-StateMachineUpdater] INFO  ratis.ContainerStateMachine (ContainerStateMachine.java:takeSnapshot(293)) - group-5BB2E7DFC0E0: Taking a snapshot at:(t:1, i:0) file /home/runner/work/ozone/ozone/hadoop-ozone/integration-test/target/test-dir/MiniOzoneClusterImpl-3aa90084-af08-4299-bf83-992dfa8833c1/datanode-1/data/ratis/b293f434-5fce-4d3d-bf11-5bb2e7dfc0e0/sm/snapshot.1_0
2021-08-17 11:44:41,753 [ForkJoinPool.commonPool-worker-1] INFO  server.RaftServer (RaftServerProxy.java:lambda$close$6(391)) - 06b1e515-8a0e-4448-8d82-5bc90e0fbeba: close
2021-08-17 11:44:41,753 [ForkJoinPool.commonPool-worker-1] INFO  server.RaftServer$Division (RaftServerImpl.java:lambda$close$4(407)) - 06b1e515-8a0e-4448-8d82-5bc90e0fbeba@group-6C7A3995E763: shutdown
2021-08-17 11:44:41,753 [ForkJoinPool.commonPool-worker-1] INFO  util.JmxRegister (JmxRegister.java:unregister(73)) - Successfully un-registered JMX Bean with object name Ratis:service=RaftServer,group=group-6C7A3995E763,id=06b1e515-8a0e-4448-8d82-5bc90e0fbeba
2021-08-17 11:44:41,753 [ForkJoinPool.commonPool-worker-1] INFO  impl.RoleInfo (RoleInfo.java:shutdownLeaderState(91)) - 06b1e515-8a0e-4448-8d82-5bc90e0fbeba: shutdown 06b1e515-8a0e-4448-8d82-5bc90e0fbeba@group-6C7A3995E763-LeaderStateImpl
2021-08-17 11:44:41,754 [ForkJoinPool.commonPool-worker-1] INFO  impl.PendingRequests (PendingRequests.java:sendNotLeaderResponses(282)) - 06b1e515-8a0e-4448-8d82-5bc90e0fbeba@group-6C7A3995E763-PendingRequests: sendNotLeaderResponses
2021-08-17 11:44:41,754 [ForkJoinPool.commonPool-worker-1] INFO  impl.StateMachineUpdater (StateMachineUpdater.java:stopAndJoin(149)) - 06b1e515-8a0e-4448-8d82-5bc90e0fbeba@group-6C7A3995E763-StateMachineUpdater: set stopIndex = 0
2021-08-17 11:44:41,755 [06b1e515-8a0e-4448-8d82-5bc90e0fbeba@group-6C7A3995E763-StateMachineUpdater] INFO  ratis.ContainerStateMachine (ContainerStateMachine.java:takeSnapshot(293)) - group-6C7A3995E763: Taking a snapshot at:(t:1, i:0) file /home/runner/work/ozone/ozone/hadoop-ozone/integration-test/target/test-dir/MiniOzoneClusterImpl-3aa90084-af08-4299-bf83-992dfa8833c1/datanode-0/data/ratis/3f256d08-64eb-4f2a-b662-6c7a3995e763/sm/snapshot.1_0
2021-08-17 11:44:41,755 [cdd1bc6e-a52c-4b83-9205-8b665f0a3658@group-5BB2E7DFC0E0-StateMachineUpdater] INFO  ratis.ContainerStateMachine (ContainerStateMachine.java:takeSnapshot(304)) - group-5BB2E7DFC0E0: Finished taking a snapshot at:(t:1, i:0) file:/home/runner/work/ozone/ozone/hadoop-ozone/integration-test/target/test-dir/MiniOzoneClusterImpl-3aa90084-af08-4299-bf83-992dfa8833c1/datanode-1/data/ratis/b293f434-5fce-4d3d-bf11-5bb2e7dfc0e0/sm/snapshot.1_0 took: 2 ms
2021-08-17 11:44:41,755 [06b1e515-8a0e-4448-8d82-5bc90e0fbeba@group-6C7A3995E763-StateMachineUpdater] INFO  ratis.ContainerStateMachine (ContainerStateMachine.java:takeSnapshot(304)) - group-6C7A3995E763: Finished taking a snapshot at:(t:1, i:0) file:/home/runner/work/ozone/ozone/hadoop-ozone/integration-test/target/test-dir/MiniOzoneClusterImpl-3aa90084-af08-4299-bf83-992dfa8833c1/datanode-0/data/ratis/3f256d08-64eb-4f2a-b662-6c7a3995e763/sm/snapshot.1_0 took: 1 ms
2021-08-17 11:44:41,756 [06b1e515-8a0e-4448-8d82-5bc90e0fbeba@group-6C7A3995E763-StateMachineUpdater] INFO  impl.StateMachineUpdater (StateMachineUpdater.java:takeSnapshot(281)) - 06b1e515-8a0e-4448-8d82-5bc90e0fbeba@group-6C7A3995E763-StateMachineUpdater: Took a snapshot at index 0
2021-08-17 11:44:41,756 [06b1e515-8a0e-4448-8d82-5bc90e0fbeba@group-6C7A3995E763-StateMachineUpdater] INFO  impl.StateMachineUpdater (StateMachineUpdater.java:lambda$new$0(89)) - 06b1e515-8a0e-4448-8d82-5bc90e0fbeba@group-6C7A3995E763-StateMachineUpdater: snapshotIndex: updateIncreasingly -1 -> 0
2021-08-17 11:44:41,759 [cdd1bc6e-a52c-4b83-9205-8b665f0a3658@group-5BB2E7DFC0E0-StateMachineUpdater] INFO  impl.StateMachineUpdater (StateMachineUpdater.java:takeSnapshot(281)) - cdd1bc6e-a52c-4b83-9205-8b665f0a3658@group-5BB2E7DFC0E0-StateMachineUpdater: Took a snapshot at index 0
2021-08-17 11:44:41,759 [cdd1bc6e-a52c-4b83-9205-8b665f0a3658@group-5BB2E7DFC0E0-StateMachineUpdater] INFO  impl.StateMachineUpdater (StateMachineUpdater.java:lambda$new$0(89)) - cdd1bc6e-a52c-4b83-9205-8b665f0a3658@group-5BB2E7DFC0E0-StateMachineUpdater: snapshotIndex: updateIncreasingly -1 -> 0
2021-08-17 11:44:41,760 [Listener at 127.0.0.1/33323] INFO  server.RaftServer$Division (ServerState.java:close(419)) - cdd1bc6e-a52c-4b83-9205-8b665f0a3658@group-5BB2E7DFC0E0: closes. applyIndex: 0
2021-08-17 11:44:41,760 [cdd1bc6e-a52c-4b83-9205-8b665f0a3658@group-5BB2E7DFC0E0-SegmentedRaftLogWorker] INFO  segmented.SegmentedRaftLogWorker (SegmentedRaftLogWorker.java:run(327)) - cdd1bc6e-a52c-4b83-9205-8b665f0a3658@group-5BB2E7DFC0E0-SegmentedRaftLogWorker was interrupted, exiting. There are 0 tasks remaining in the queue.
2021-08-17 11:44:41,760 [ForkJoinPool.commonPool-worker-1] INFO  server.RaftServer$Division (ServerState.java:close(419)) - 06b1e515-8a0e-4448-8d82-5bc90e0fbeba@group-6C7A3995E763: closes. applyIndex: 0
2021-08-17 11:44:41,760 [06b1e515-8a0e-4448-8d82-5bc90e0fbeba@group-6C7A3995E763-SegmentedRaftLogWorker] INFO  segmented.SegmentedRaftLogWorker (SegmentedRaftLogWorker.java:run(327)) - 06b1e515-8a0e-4448-8d82-5bc90e0fbeba@group-6C7A3995E763-SegmentedRaftLogWorker was interrupted, exiting. There are 0 tasks remaining in the queue.
2021-08-17 11:44:41,776 [Listener at 127.0.0.1/33323] INFO  segmented.SegmentedRaftLogWorker (SegmentedRaftLogWorker.java:close(237)) - cdd1bc6e-a52c-4b83-9205-8b665f0a3658@group-5BB2E7DFC0E0-SegmentedRaftLogWorker close()
2021-08-17 11:44:41,806 [ForkJoinPool.commonPool-worker-1] INFO  segmented.SegmentedRaftLogWorker (SegmentedRaftLogWorker.java:close(237)) - 06b1e515-8a0e-4448-8d82-5bc90e0fbeba@group-6C7A3995E763-SegmentedRaftLogWorker close()
2021-08-17 11:44:41,856 [Listener at 127.0.0.1/33323] INFO  server.RaftServer$Division (RaftServerImpl.java:lambda$close$4(407)) - cdd1bc6e-a52c-4b83-9205-8b665f0a3658@group-3FA22E84EAD5: shutdown
2021-08-17 11:44:41,856 [Listener at 127.0.0.1/33323] INFO  util.JmxRegister (JmxRegister.java:unregister(73)) - Successfully un-registered JMX Bean with object name Ratis:service=RaftServer,group=group-3FA22E84EAD5,id=cdd1bc6e-a52c-4b83-9205-8b665f0a3658
2021-08-17 11:44:41,857 [Listener at 127.0.0.1/33323] INFO  impl.RoleInfo (RoleInfo.java:shutdownFollowerState(108)) - cdd1bc6e-a52c-4b83-9205-8b665f0a3658: shutdown cdd1bc6e-a52c-4b83-9205-8b665f0a3658@group-3FA22E84EAD5-FollowerState
2021-08-17 11:44:41,857 [Listener at 127.0.0.1/33323] INFO  impl.StateMachineUpdater (StateMachineUpdater.java:stopAndJoin(149)) - cdd1bc6e-a52c-4b83-9205-8b665f0a3658@group-3FA22E84EAD5-StateMachineUpdater: set stopIndex = 0
2021-08-17 11:44:41,857 [ForkJoinPool.commonPool-worker-1] INFO  server.RaftServer$Division (RaftServerImpl.java:lambda$close$4(407)) - 06b1e515-8a0e-4448-8d82-5bc90e0fbeba@group-3FA22E84EAD5: shutdown
2021-08-17 11:44:41,857 [ForkJoinPool.commonPool-worker-1] INFO  util.JmxRegister (JmxRegister.java:unregister(73)) - Successfully un-registered JMX Bean with object name Ratis:service=RaftServer,group=group-3FA22E84EAD5,id=06b1e515-8a0e-4448-8d82-5bc90e0fbeba
2021-08-17 11:44:41,857 [ForkJoinPool.commonPool-worker-1] INFO  impl.RoleInfo (RoleInfo.java:shutdownFollowerState(108)) - 06b1e515-8a0e-4448-8d82-5bc90e0fbeba: shutdown 06b1e515-8a0e-4448-8d82-5bc90e0fbeba@group-3FA22E84EAD5-FollowerState
2021-08-17 11:44:41,857 [cdd1bc6e-a52c-4b83-9205-8b665f0a3658@group-3FA22E84EAD5-FollowerState] INFO  impl.FollowerState (FollowerState.java:run(143)) - cdd1bc6e-a52c-4b83-9205-8b665f0a3658@group-3FA22E84EAD5-FollowerState was interrupted: {}
java.lang.InterruptedException: sleep interrupted
	at java.lang.Thread.sleep(Native Method)
	at java.lang.Thread.sleep(Thread.java:340)
	at java.util.concurrent.TimeUnit.sleep(TimeUnit.java:386)
	at org.apache.ratis.util.TimeDuration.sleep(TimeDuration.java:324)
	at org.apache.ratis.util.TimeDuration.sleep(TimeDuration.java:309)
	at org.apache.ratis.server.impl.FollowerState.run(FollowerState.java:118)
2021-08-17 11:44:41,857 [06b1e515-8a0e-4448-8d82-5bc90e0fbeba@group-3FA22E84EAD5-FollowerState] INFO  impl.FollowerState (FollowerState.java:run(143)) - 06b1e515-8a0e-4448-8d82-5bc90e0fbeba@group-3FA22E84EAD5-FollowerState was interrupted: {}
java.lang.InterruptedException: sleep interrupted
	at java.lang.Thread.sleep(Native Method)
	at java.lang.Thread.sleep(Thread.java:340)
	at java.util.concurrent.TimeUnit.sleep(TimeUnit.java:386)
	at org.apache.ratis.util.TimeDuration.sleep(TimeDuration.java:324)
	at org.apache.ratis.util.TimeDuration.sleep(TimeDuration.java:309)
	at org.apache.ratis.server.impl.FollowerState.run(FollowerState.java:118)
2021-08-17 11:44:41,857 [ForkJoinPool.commonPool-worker-1] INFO  impl.StateMachineUpdater (StateMachineUpdater.java:stopAndJoin(149)) - 06b1e515-8a0e-4448-8d82-5bc90e0fbeba@group-3FA22E84EAD5-StateMachineUpdater: set stopIndex = 0
2021-08-17 11:44:41,857 [cdd1bc6e-a52c-4b83-9205-8b665f0a3658@group-3FA22E84EAD5-StateMachineUpdater] INFO  ratis.ContainerStateMachine (ContainerStateMachine.java:takeSnapshot(293)) - group-3FA22E84EAD5: Taking a snapshot at:(t:3, i:0) file /home/runner/work/ozone/ozone/hadoop-ozone/integration-test/target/test-dir/MiniOzoneClusterImpl-3aa90084-af08-4299-bf83-992dfa8833c1/datanode-1/data/ratis/626c0933-ea74-4d1d-9f5e-3fa22e84ead5/sm/snapshot.3_0
2021-08-17 11:44:41,858 [06b1e515-8a0e-4448-8d82-5bc90e0fbeba@group-3FA22E84EAD5-StateMachineUpdater] INFO  ratis.ContainerStateMachine (ContainerStateMachine.java:takeSnapshot(293)) - group-3FA22E84EAD5: Taking a snapshot at:(t:3, i:0) file /home/runner/work/ozone/ozone/hadoop-ozone/integration-test/target/test-dir/MiniOzoneClusterImpl-3aa90084-af08-4299-bf83-992dfa8833c1/datanode-0/data/ratis/626c0933-ea74-4d1d-9f5e-3fa22e84ead5/sm/snapshot.3_0
2021-08-17 11:44:41,877 [cdd1bc6e-a52c-4b83-9205-8b665f0a3658@group-3FA22E84EAD5-StateMachineUpdater] INFO  ratis.ContainerStateMachine (ContainerStateMachine.java:takeSnapshot(304)) - group-3FA22E84EAD5: Finished taking a snapshot at:(t:3, i:0) file:/home/runner/work/ozone/ozone/hadoop-ozone/integration-test/target/test-dir/MiniOzoneClusterImpl-3aa90084-af08-4299-bf83-992dfa8833c1/datanode-1/data/ratis/626c0933-ea74-4d1d-9f5e-3fa22e84ead5/sm/snapshot.3_0 took: 16 ms
2021-08-17 11:44:41,877 [cdd1bc6e-a52c-4b83-9205-8b665f0a3658@group-3FA22E84EAD5-StateMachineUpdater] INFO  impl.StateMachineUpdater (StateMachineUpdater.java:takeSnapshot(281)) - cdd1bc6e-a52c-4b83-9205-8b665f0a3658@group-3FA22E84EAD5-StateMachineUpdater: Took a snapshot at index 0
2021-08-17 11:44:41,877 [cdd1bc6e-a52c-4b83-9205-8b665f0a3658@group-3FA22E84EAD5-StateMachineUpdater] INFO  impl.StateMachineUpdater (StateMachineUpdater.java:lambda$new$0(89)) - cdd1bc6e-a52c-4b83-9205-8b665f0a3658@group-3FA22E84EAD5-StateMachineUpdater: snapshotIndex: updateIncreasingly -1 -> 0
2021-08-17 11:44:41,878 [Listener at 127.0.0.1/33323] INFO  server.RaftServer$Division (ServerState.java:close(419)) - cdd1bc6e-a52c-4b83-9205-8b665f0a3658@group-3FA22E84EAD5: closes. applyIndex: 0
2021-08-17 11:44:41,878 [cdd1bc6e-a52c-4b83-9205-8b665f0a3658@group-3FA22E84EAD5-SegmentedRaftLogWorker] INFO  segmented.SegmentedRaftLogWorker (SegmentedRaftLogWorker.java:run(327)) - cdd1bc6e-a52c-4b83-9205-8b665f0a3658@group-3FA22E84EAD5-SegmentedRaftLogWorker was interrupted, exiting. There are 0 tasks remaining in the queue.
2021-08-17 11:44:41,878 [06b1e515-8a0e-4448-8d82-5bc90e0fbeba@group-3FA22E84EAD5-StateMachineUpdater] INFO  ratis.ContainerStateMachine (ContainerStateMachine.java:takeSnapshot(304)) - group-3FA22E84EAD5: Finished taking a snapshot at:(t:3, i:0) file:/home/runner/work/ozone/ozone/hadoop-ozone/integration-test/target/test-dir/MiniOzoneClusterImpl-3aa90084-af08-4299-bf83-992dfa8833c1/datanode-0/data/ratis/626c0933-ea74-4d1d-9f5e-3fa22e84ead5/sm/snapshot.3_0 took: 20 ms
2021-08-17 11:44:41,878 [06b1e515-8a0e-4448-8d82-5bc90e0fbeba@group-3FA22E84EAD5-StateMachineUpdater] INFO  impl.StateMachineUpdater (StateMachineUpdater.java:takeSnapshot(281)) - 06b1e515-8a0e-4448-8d82-5bc90e0fbeba@group-3FA22E84EAD5-StateMachineUpdater: Took a snapshot at index 0
2021-08-17 11:44:41,878 [06b1e515-8a0e-4448-8d82-5bc90e0fbeba@group-3FA22E84EAD5-StateMachineUpdater] INFO  impl.StateMachineUpdater (StateMachineUpdater.java:lambda$new$0(89)) - 06b1e515-8a0e-4448-8d82-5bc90e0fbeba@group-3FA22E84EAD5-StateMachineUpdater: snapshotIndex: updateIncreasingly -1 -> 0
2021-08-17 11:44:41,879 [Listener at 127.0.0.1/33323] INFO  segmented.SegmentedRaftLogWorker (SegmentedRaftLogWorker.java:close(237)) - cdd1bc6e-a52c-4b83-9205-8b665f0a3658@group-3FA22E84EAD5-SegmentedRaftLogWorker close()
2021-08-17 11:44:41,894 [Listener at 127.0.0.1/33323] INFO  server.RaftServer$Division (RaftServerImpl.java:lambda$close$4(407)) - cdd1bc6e-a52c-4b83-9205-8b665f0a3658@group-D2E2B342A4C3: shutdown
2021-08-17 11:44:41,895 [Listener at 127.0.0.1/33323] INFO  util.JmxRegister (JmxRegister.java:unregister(73)) - Successfully un-registered JMX Bean with object name Ratis:service=RaftServer,group=group-D2E2B342A4C3,id=cdd1bc6e-a52c-4b83-9205-8b665f0a3658
2021-08-17 11:44:41,895 [Listener at 127.0.0.1/33323] INFO  impl.RoleInfo (RoleInfo.java:shutdownLeaderState(91)) - cdd1bc6e-a52c-4b83-9205-8b665f0a3658: shutdown cdd1bc6e-a52c-4b83-9205-8b665f0a3658@group-D2E2B342A4C3-LeaderStateImpl
2021-08-17 11:44:41,895 [cdd1bc6e-a52c-4b83-9205-8b665f0a3658@group-D2E2B342A4C3->06b1e515-8a0e-4448-8d82-5bc90e0fbeba-GrpcLogAppender-LogAppenderDaemon] WARN  server.GrpcLogAppender (GrpcLogAppender.java:mayWait(175)) - cdd1bc6e-a52c-4b83-9205-8b665f0a3658@group-D2E2B342A4C3->06b1e515-8a0e-4448-8d82-5bc90e0fbeba-GrpcLogAppender: Wait interrupted by java.lang.InterruptedException
2021-08-17 11:44:41,895 [ForkJoinPool.commonPool-worker-1] INFO  server.RaftServer$Division (ServerState.java:close(419)) - 06b1e515-8a0e-4448-8d82-5bc90e0fbeba@group-3FA22E84EAD5: closes. applyIndex: 0
2021-08-17 11:44:41,895 [cdd1bc6e-a52c-4b83-9205-8b665f0a3658@group-D2E2B342A4C3->4240b545-6c07-448f-ac96-de7b778a6442-GrpcLogAppender-LogAppenderDaemon] WARN  server.GrpcLogAppender (GrpcLogAppender.java:mayWait(175)) - cdd1bc6e-a52c-4b83-9205-8b665f0a3658@group-D2E2B342A4C3->4240b545-6c07-448f-ac96-de7b778a6442-GrpcLogAppender: Wait interrupted by java.lang.InterruptedException
2021-08-17 11:44:41,896 [06b1e515-8a0e-4448-8d82-5bc90e0fbeba@group-3FA22E84EAD5-SegmentedRaftLogWorker] INFO  segmented.SegmentedRaftLogWorker (SegmentedRaftLogWorker.java:run(327)) - 06b1e515-8a0e-4448-8d82-5bc90e0fbeba@group-3FA22E84EAD5-SegmentedRaftLogWorker was interrupted, exiting. There are 0 tasks remaining in the queue.
2021-08-17 11:44:41,897 [grpc-default-executor-0] INFO  server.GrpcServerProtocolService (GrpcServerProtocolService.java:onCompleted(140)) - 4240b545-6c07-448f-ac96-de7b778a6442: Completed APPEND_ENTRIES, lastRequest: cdd1bc6e-a52c-4b83-9205-8b665f0a3658->4240b545-6c07-448f-ac96-de7b778a6442#1-t4,previous=(t:2, i:0),leaderCommit=0,initializing? true,entries: size=1, first=(t:4, i:1), CONFIGURATIONENTRY
2021-08-17 11:44:41,897 [grpc-default-executor-2] INFO  server.GrpcServerProtocolService (GrpcServerProtocolService.java:onCompleted(140)) - 06b1e515-8a0e-4448-8d82-5bc90e0fbeba: Completed APPEND_ENTRIES, lastRequest: cdd1bc6e-a52c-4b83-9205-8b665f0a3658->06b1e515-8a0e-4448-8d82-5bc90e0fbeba#11-t4,previous=(t:4, i:1),leaderCommit=1,initializing? true,entries: size=1, first=(t:4, i:2), METADATAENTRY(c:1)
2021-08-17 11:44:41,895 [Listener at 127.0.0.1/33323] INFO  impl.PendingRequests (PendingRequests.java:sendNotLeaderResponses(282)) - cdd1bc6e-a52c-4b83-9205-8b665f0a3658@group-D2E2B342A4C3-PendingRequests: sendNotLeaderResponses
2021-08-17 11:44:41,897 [ForkJoinPool.commonPool-worker-1] INFO  segmented.SegmentedRaftLogWorker (SegmentedRaftLogWorker.java:close(237)) - 06b1e515-8a0e-4448-8d82-5bc90e0fbeba@group-3FA22E84EAD5-SegmentedRaftLogWorker close()
2021-08-17 11:44:41,928 [ForkJoinPool.commonPool-worker-1] INFO  server.RaftServer$Division (RaftServerImpl.java:lambda$close$4(407)) - 06b1e515-8a0e-4448-8d82-5bc90e0fbeba@group-D2E2B342A4C3: shutdown
2021-08-17 11:44:41,928 [ForkJoinPool.commonPool-worker-1] INFO  util.JmxRegister (JmxRegister.java:unregister(73)) - Successfully un-registered JMX Bean with object name Ratis:service=RaftServer,group=group-D2E2B342A4C3,id=06b1e515-8a0e-4448-8d82-5bc90e0fbeba
2021-08-17 11:44:41,928 [ForkJoinPool.commonPool-worker-1] INFO  impl.RoleInfo (RoleInfo.java:shutdownFollowerState(108)) - 06b1e515-8a0e-4448-8d82-5bc90e0fbeba: shutdown 06b1e515-8a0e-4448-8d82-5bc90e0fbeba@group-D2E2B342A4C3-FollowerState
2021-08-17 11:44:41,928 [ForkJoinPool.commonPool-worker-1] INFO  impl.StateMachineUpdater (StateMachineUpdater.java:stopAndJoin(149)) - 06b1e515-8a0e-4448-8d82-5bc90e0fbeba@group-D2E2B342A4C3-StateMachineUpdater: set stopIndex = 2
2021-08-17 11:44:41,929 [06b1e515-8a0e-4448-8d82-5bc90e0fbeba@group-D2E2B342A4C3-StateMachineUpdater] INFO  ratis.ContainerStateMachine (ContainerStateMachine.java:takeSnapshot(293)) - group-D2E2B342A4C3: Taking a snapshot at:(t:4, i:2) file /home/runner/work/ozone/ozone/hadoop-ozone/integration-test/target/test-dir/MiniOzoneClusterImpl-3aa90084-af08-4299-bf83-992dfa8833c1/datanode-0/data/ratis/348c54e6-8517-4ca6-a3f5-d2e2b342a4c3/sm/snapshot.4_2
2021-08-17 11:44:41,929 [06b1e515-8a0e-4448-8d82-5bc90e0fbeba@group-D2E2B342A4C3-FollowerState] INFO  impl.FollowerState (FollowerState.java:run(143)) - 06b1e515-8a0e-4448-8d82-5bc90e0fbeba@group-D2E2B342A4C3-FollowerState was interrupted: {}
java.lang.InterruptedException: sleep interrupted
	at java.lang.Thread.sleep(Native Method)
	at java.lang.Thread.sleep(Thread.java:340)
	at java.util.concurrent.TimeUnit.sleep(TimeUnit.java:386)
	at org.apache.ratis.util.TimeDuration.sleep(TimeDuration.java:324)
	at org.apache.ratis.util.TimeDuration.sleep(TimeDuration.java:309)
	at org.apache.ratis.server.impl.FollowerState.run(FollowerState.java:118)
2021-08-17 11:44:41,930 [06b1e515-8a0e-4448-8d82-5bc90e0fbeba@group-D2E2B342A4C3-StateMachineUpdater] INFO  ratis.ContainerStateMachine (ContainerStateMachine.java:takeSnapshot(304)) - group-D2E2B342A4C3: Finished taking a snapshot at:(t:4, i:2) file:/home/runner/work/ozone/ozone/hadoop-ozone/integration-test/target/test-dir/MiniOzoneClusterImpl-3aa90084-af08-4299-bf83-992dfa8833c1/datanode-0/data/ratis/348c54e6-8517-4ca6-a3f5-d2e2b342a4c3/sm/snapshot.4_2 took: 1 ms
2021-08-17 11:44:41,930 [06b1e515-8a0e-4448-8d82-5bc90e0fbeba@group-D2E2B342A4C3-StateMachineUpdater] INFO  impl.StateMachineUpdater (StateMachineUpdater.java:takeSnapshot(281)) - 06b1e515-8a0e-4448-8d82-5bc90e0fbeba@group-D2E2B342A4C3-StateMachineUpdater: Took a snapshot at index 2
2021-08-17 11:44:41,930 [06b1e515-8a0e-4448-8d82-5bc90e0fbeba@group-D2E2B342A4C3-StateMachineUpdater] INFO  impl.StateMachineUpdater (StateMachineUpdater.java:lambda$new$0(89)) - 06b1e515-8a0e-4448-8d82-5bc90e0fbeba@group-D2E2B342A4C3-StateMachineUpdater: snapshotIndex: updateIncreasingly -1 -> 2
2021-08-17 11:44:41,931 [ForkJoinPool.commonPool-worker-1] INFO  server.RaftServer$Division (ServerState.java:close(419)) - 06b1e515-8a0e-4448-8d82-5bc90e0fbeba@group-D2E2B342A4C3: closes. applyIndex: 2
2021-08-17 11:44:41,931 [06b1e515-8a0e-4448-8d82-5bc90e0fbeba@group-D2E2B342A4C3-SegmentedRaftLogWorker] INFO  segmented.SegmentedRaftLogWorker (SegmentedRaftLogWorker.java:run(327)) - 06b1e515-8a0e-4448-8d82-5bc90e0fbeba@group-D2E2B342A4C3-SegmentedRaftLogWorker was interrupted, exiting. There are 0 tasks remaining in the queue.
2021-08-17 11:44:41,937 [ForkJoinPool.commonPool-worker-1] INFO  segmented.SegmentedRaftLogWorker (SegmentedRaftLogWorker.java:close(237)) - 06b1e515-8a0e-4448-8d82-5bc90e0fbeba@group-D2E2B342A4C3-SegmentedRaftLogWorker close()
2021-08-17 11:44:41,952 [grpc-default-executor-2] INFO  server.GrpcLogAppender (GrpcLogAppender.java:onCompleted(344)) - cdd1bc6e-a52c-4b83-9205-8b665f0a3658@group-D2E2B342A4C3->4240b545-6c07-448f-ac96-de7b778a6442-AppendLogResponseHandler: follower responses appendEntries COMPLETED
2021-08-17 11:44:41,952 [grpc-default-executor-2] INFO  leader.FollowerInfo (FollowerInfoImpl.java:lambda$new$0(46)) - cdd1bc6e-a52c-4b83-9205-8b665f0a3658@group-D2E2B342A4C3->4240b545-6c07-448f-ac96-de7b778a6442: nextIndex: updateUnconditionally 2 -> 1
2021-08-17 11:44:41,952 [grpc-default-executor-2] INFO  server.GrpcLogAppender (GrpcLogAppender.java:onCompleted(344)) - cdd1bc6e-a52c-4b83-9205-8b665f0a3658@group-D2E2B342A4C3->06b1e515-8a0e-4448-8d82-5bc90e0fbeba-AppendLogResponseHandler: follower responses appendEntries COMPLETED
2021-08-17 11:44:41,952 [grpc-default-executor-2] INFO  leader.FollowerInfo (FollowerInfoImpl.java:lambda$new$0(46)) - cdd1bc6e-a52c-4b83-9205-8b665f0a3658@group-D2E2B342A4C3->06b1e515-8a0e-4448-8d82-5bc90e0fbeba: nextIndex: updateUnconditionally 3 -> 2
2021-08-17 11:44:41,973 [Listener at 127.0.0.1/33323] INFO  impl.StateMachineUpdater (StateMachineUpdater.java:stopAndJoin(149)) - cdd1bc6e-a52c-4b83-9205-8b665f0a3658@group-D2E2B342A4C3-StateMachineUpdater: set stopIndex = 2
2021-08-17 11:44:41,973 [ForkJoinPool.commonPool-worker-1] INFO  server.GrpcService (GrpcService.java:closeImpl(262)) - 06b1e515-8a0e-4448-8d82-5bc90e0fbeba: shutdown server with port 43961 now
2021-08-17 11:44:41,974 [cdd1bc6e-a52c-4b83-9205-8b665f0a3658@group-D2E2B342A4C3-StateMachineUpdater] INFO  ratis.ContainerStateMachine (ContainerStateMachine.java:takeSnapshot(293)) - group-D2E2B342A4C3: Taking a snapshot at:(t:4, i:2) file /home/runner/work/ozone/ozone/hadoop-ozone/integration-test/target/test-dir/MiniOzoneClusterImpl-3aa90084-af08-4299-bf83-992dfa8833c1/datanode-1/data/ratis/348c54e6-8517-4ca6-a3f5-d2e2b342a4c3/sm/snapshot.4_2
2021-08-17 11:44:42,003 [cdd1bc6e-a52c-4b83-9205-8b665f0a3658@group-D2E2B342A4C3-StateMachineUpdater] INFO  ratis.ContainerStateMachine (ContainerStateMachine.java:takeSnapshot(304)) - group-D2E2B342A4C3: Finished taking a snapshot at:(t:4, i:2) file:/home/runner/work/ozone/ozone/hadoop-ozone/integration-test/target/test-dir/MiniOzoneClusterImpl-3aa90084-af08-4299-bf83-992dfa8833c1/datanode-1/data/ratis/348c54e6-8517-4ca6-a3f5-d2e2b342a4c3/sm/snapshot.4_2 took: 4 ms
2021-08-17 11:44:42,003 [cdd1bc6e-a52c-4b83-9205-8b665f0a3658@group-D2E2B342A4C3-StateMachineUpdater] INFO  impl.StateMachineUpdater (StateMachineUpdater.java:takeSnapshot(281)) - cdd1bc6e-a52c-4b83-9205-8b665f0a3658@group-D2E2B342A4C3-StateMachineUpdater: Took a snapshot at index 2
2021-08-17 11:44:42,003 [cdd1bc6e-a52c-4b83-9205-8b665f0a3658@group-D2E2B342A4C3-StateMachineUpdater] INFO  impl.StateMachineUpdater (StateMachineUpdater.java:lambda$new$0(89)) - cdd1bc6e-a52c-4b83-9205-8b665f0a3658@group-D2E2B342A4C3-StateMachineUpdater: snapshotIndex: updateIncreasingly -1 -> 2
2021-08-17 11:44:42,004 [Listener at 127.0.0.1/33323] INFO  server.RaftServer$Division (ServerState.java:close(419)) - cdd1bc6e-a52c-4b83-9205-8b665f0a3658@group-D2E2B342A4C3: closes. applyIndex: 2
2021-08-17 11:44:42,030 [grpc-default-executor-0] WARN  server.GrpcServerProtocolService (LogUtils.java:warn(122)) - 06b1e515-8a0e-4448-8d82-5bc90e0fbeba: installSnapshot onError, lastRequest: 4240b545-6c07-448f-ac96-de7b778a6442->06b1e515-8a0e-4448-8d82-5bc90e0fbeba#1-t3,previous=(t:0, i:0),leaderCommit=-1,initializing? true,entries: size=1, first=(t:3, i:0), CONFIGURATIONENTRY: org.apache.ratis.thirdparty.io.grpc.StatusRuntimeException: CANCELLED: client cancelled
2021-08-17 11:44:42,030 [cdd1bc6e-a52c-4b83-9205-8b665f0a3658@group-D2E2B342A4C3-SegmentedRaftLogWorker] INFO  segmented.SegmentedRaftLogWorker (SegmentedRaftLogWorker.java:run(327)) - cdd1bc6e-a52c-4b83-9205-8b665f0a3658@group-D2E2B342A4C3-SegmentedRaftLogWorker was interrupted, exiting. There are 0 tasks remaining in the queue.
2021-08-17 11:44:42,041 [Listener at 127.0.0.1/33323] INFO  segmented.SegmentedRaftLogWorker (SegmentedRaftLogWorker.java:close(237)) - cdd1bc6e-a52c-4b83-9205-8b665f0a3658@group-D2E2B342A4C3-SegmentedRaftLogWorker close()
2021-08-17 11:44:42,041 [ForkJoinPool.commonPool-worker-1] INFO  server.GrpcService (GrpcService.java:closeImpl(271)) - 06b1e515-8a0e-4448-8d82-5bc90e0fbeba: shutdown server with port 43961 successfully
2021-08-17 11:44:42,042 [grpc-default-executor-0] WARN  server.GrpcLogAppender (LogUtils.java:warn(122)) - 4240b545-6c07-448f-ac96-de7b778a6442@group-3FA22E84EAD5->06b1e515-8a0e-4448-8d82-5bc90e0fbeba-AppendLogResponseHandler: Failed appendEntries: org.apache.ratis.thirdparty.io.grpc.StatusRuntimeException: CANCELLED: HTTP/2 error code: CANCEL
Received Rst Stream
2021-08-17 11:44:42,042 [grpc-default-executor-0] WARN  server.GrpcLogAppender (GrpcLogAppender.java:resetClient(111)) - 4240b545-6c07-448f-ac96-de7b778a6442@group-3FA22E84EAD5->06b1e515-8a0e-4448-8d82-5bc90e0fbeba-GrpcLogAppender: Leader has not got in touch with Follower 4240b545-6c07-448f-ac96-de7b778a6442@group-3FA22E84EAD5->06b1e515-8a0e-4448-8d82-5bc90e0fbeba(c0,m0,n1, attendVote=true, lastRpcSendTime=563, lastRpcResponseTime=541) yet, just keep nextIndex unchanged and retry.
2021-08-17 11:44:42,042 [org.apache.ratis.util.JvmPauseMonitor$$Lambda$531/1079851550@53f2dfe3] INFO  util.JvmPauseMonitor (JvmPauseMonitor.java:run(109)) - JvmPauseMonitor-06b1e515-8a0e-4448-8d82-5bc90e0fbeba: Stopped
2021-08-17 11:44:42,048 [ForkJoinPool.commonPool-worker-1] INFO  utils.BackgroundService (BackgroundService.java:shutdown(132)) - Shutting down service BlockDeletingService
2021-08-17 11:44:42,084 [Listener at 127.0.0.1/33323] INFO  server.GrpcService (GrpcService.java:closeImpl(262)) - cdd1bc6e-a52c-4b83-9205-8b665f0a3658: shutdown server with port 38573 now
2021-08-17 11:44:42,106 [grpc-default-executor-2] WARN  server.GrpcServerProtocolService (LogUtils.java:warn(122)) - cdd1bc6e-a52c-4b83-9205-8b665f0a3658: installSnapshot onError, lastRequest: 4240b545-6c07-448f-ac96-de7b778a6442->cdd1bc6e-a52c-4b83-9205-8b665f0a3658#1-t3,previous=(t:0, i:0),leaderCommit=0,initializing? true,entries: size=1, first=(t:3, i:0), CONFIGURATIONENTRY: org.apache.ratis.thirdparty.io.grpc.StatusRuntimeException: CANCELLED: client cancelled
2021-08-17 11:44:42,130 [Listener at 127.0.0.1/33323] INFO  server.GrpcService (GrpcService.java:closeImpl(271)) - cdd1bc6e-a52c-4b83-9205-8b665f0a3658: shutdown server with port 38573 successfully
2021-08-17 11:44:42,131 [grpc-default-executor-2] WARN  server.GrpcLogAppender (LogUtils.java:warn(122)) - 4240b545-6c07-448f-ac96-de7b778a6442@group-3FA22E84EAD5->cdd1bc6e-a52c-4b83-9205-8b665f0a3658-AppendLogResponseHandler: Failed appendEntries: org.apache.ratis.thirdparty.io.grpc.StatusRuntimeException: CANCELLED: HTTP/2 error code: CANCEL
Received Rst Stream
2021-08-17 11:44:42,131 [grpc-default-executor-2] WARN  server.GrpcLogAppender (GrpcLogAppender.java:resetClient(111)) - 4240b545-6c07-448f-ac96-de7b778a6442@group-3FA22E84EAD5->cdd1bc6e-a52c-4b83-9205-8b665f0a3658-GrpcLogAppender: Leader has not got in touch with Follower 4240b545-6c07-448f-ac96-de7b778a6442@group-3FA22E84EAD5->cdd1bc6e-a52c-4b83-9205-8b665f0a3658(c0,m0,n1, attendVote=true, lastRpcSendTime=617, lastRpcResponseTime=600) yet, just keep nextIndex unchanged and retry.
2021-08-17 11:44:42,131 [org.apache.ratis.util.JvmPauseMonitor$$Lambda$531/1079851550@25432cc2] INFO  util.JvmPauseMonitor (JvmPauseMonitor.java:run(109)) - JvmPauseMonitor-cdd1bc6e-a52c-4b83-9205-8b665f0a3658: Stopped
2021-08-17 11:44:42,132 [Listener at 127.0.0.1/33323] INFO  utils.BackgroundService (BackgroundService.java:shutdown(132)) - Shutting down service BlockDeletingService
2021-08-17 11:44:44,028 [grpc-default-executor-2] WARN  server.GrpcLogAppender (LogUtils.java:warn(122)) - 4240b545-6c07-448f-ac96-de7b778a6442@group-3FA22E84EAD5->06b1e515-8a0e-4448-8d82-5bc90e0fbeba-AppendLogResponseHandler: Failed appendEntries: org.apache.ratis.thirdparty.io.grpc.StatusRuntimeException: UNAVAILABLE: io exception
2021-08-17 11:44:44,029 [grpc-default-executor-2] WARN  server.GrpcLogAppender (GrpcLogAppender.java:resetClient(111)) - 4240b545-6c07-448f-ac96-de7b778a6442@group-3FA22E84EAD5->06b1e515-8a0e-4448-8d82-5bc90e0fbeba-GrpcLogAppender: Leader has not got in touch with Follower 4240b545-6c07-448f-ac96-de7b778a6442@group-3FA22E84EAD5->06b1e515-8a0e-4448-8d82-5bc90e0fbeba(c0,m0,n1, attendVote=true, lastRpcSendTime=1, lastRpcResponseTime=2528) yet, just keep nextIndex unchanged and retry.
2021-08-17 11:44:44,152 [grpc-default-executor-2] WARN  server.GrpcLogAppender (LogUtils.java:warn(122)) - 4240b545-6c07-448f-ac96-de7b778a6442@group-3FA22E84EAD5->cdd1bc6e-a52c-4b83-9205-8b665f0a3658-AppendLogResponseHandler: Failed appendEntries: org.apache.ratis.thirdparty.io.grpc.StatusRuntimeException: UNAVAILABLE: io exception
2021-08-17 11:44:44,153 [grpc-default-executor-2] WARN  server.GrpcLogAppender (GrpcLogAppender.java:resetClient(111)) - 4240b545-6c07-448f-ac96-de7b778a6442@group-3FA22E84EAD5->cdd1bc6e-a52c-4b83-9205-8b665f0a3658-GrpcLogAppender: Leader has not got in touch with Follower 4240b545-6c07-448f-ac96-de7b778a6442@group-3FA22E84EAD5->cdd1bc6e-a52c-4b83-9205-8b665f0a3658(c0,m0,n1, attendVote=true, lastRpcSendTime=1, lastRpcResponseTime=2623) yet, just keep nextIndex unchanged and retry.
2021-08-17 11:44:45,084 [ForkJoinPool.commonPool-worker-1] INFO  statemachine.DatanodeStateMachine (DatanodeStateMachine.java:stopDaemon(515)) - Ozone container server stopped.
2021-08-17 11:44:45,105 [ForkJoinPool.commonPool-worker-1] INFO  handler.ContextHandler (ContextHandler.java:doStop(1153)) - Stopped o.e.j.w.WebAppContext@38a50f88{hddsDatanode,/,null,STOPPED}{jar:file:/home/runner/.m2/repository/org/apache/ozone/hdds-container-service/1.2.0-SNAPSHOT/hdds-container-service-1.2.0-SNAPSHOT.jar!/webapps/hddsDatanode}
2021-08-17 11:44:45,105 [ForkJoinPool.commonPool-worker-1] INFO  server.AbstractConnector (AbstractConnector.java:doStop(381)) - Stopped ServerConnector@4d556bd4{HTTP/1.1, (http/1.1)}{0.0.0.0:0}
2021-08-17 11:44:45,105 [ForkJoinPool.commonPool-worker-1] INFO  server.session (HouseKeeper.java:stopScavenging(149)) - node0 Stopped scavenging
2021-08-17 11:44:45,107 [ForkJoinPool.commonPool-worker-1] INFO  handler.ContextHandler (ContextHandler.java:doStop(1153)) - Stopped o.e.j.s.ServletContextHandler@1bcc4597{static,/static,jar:file:/home/runner/.m2/repository/org/apache/ozone/hdds-container-service/1.2.0-SNAPSHOT/hdds-container-service-1.2.0-SNAPSHOT.jar!/webapps/static,STOPPED}
2021-08-17 11:44:45,112 [ForkJoinPool.commonPool-worker-1] INFO  handler.ContextHandler (ContextHandler.java:doStop(1153)) - Stopped o.e.j.s.ServletContextHandler@1f857165{logs,/logs,file:///home/runner/work/ozone/ozone/hadoop-ozone/integration-test/target/log,STOPPED}
2021-08-17 11:44:45,133 [Listener at 127.0.0.1/33323] INFO  statemachine.DatanodeStateMachine (DatanodeStateMachine.java:stopDaemon(515)) - Ozone container server stopped.
2021-08-17 11:44:45,145 [Listener at 127.0.0.1/33323] INFO  handler.ContextHandler (ContextHandler.java:doStop(1153)) - Stopped o.e.j.w.WebAppContext@5fb87e6{hddsDatanode,/,null,STOPPED}{jar:file:/home/runner/.m2/repository/org/apache/ozone/hdds-container-service/1.2.0-SNAPSHOT/hdds-container-service-1.2.0-SNAPSHOT.jar!/webapps/hddsDatanode}
2021-08-17 11:44:45,145 [Listener at 127.0.0.1/33323] INFO  server.AbstractConnector (AbstractConnector.java:doStop(381)) - Stopped ServerConnector@6b99cf13{HTTP/1.1, (http/1.1)}{0.0.0.0:0}
2021-08-17 11:44:45,145 [Listener at 127.0.0.1/33323] INFO  server.session (HouseKeeper.java:stopScavenging(149)) - node0 Stopped scavenging
2021-08-17 11:44:45,146 [Listener at 127.0.0.1/33323] INFO  handler.ContextHandler (ContextHandler.java:doStop(1153)) - Stopped o.e.j.s.ServletContextHandler@b8a362a{static,/static,jar:file:/home/runner/.m2/repository/org/apache/ozone/hdds-container-service/1.2.0-SNAPSHOT/hdds-container-service-1.2.0-SNAPSHOT.jar!/webapps/static,STOPPED}
2021-08-17 11:44:45,146 [Listener at 127.0.0.1/33323] INFO  handler.ContextHandler (ContextHandler.java:doStop(1153)) - Stopped o.e.j.s.ServletContextHandler@1878604e{logs,/logs,file:///home/runner/work/ozone/ozone/hadoop-ozone/integration-test/target/log,STOPPED}
2021-08-17 11:44:45,757 [Datanode State Machine Thread - 0] INFO  statemachine.DatanodeStateMachine (DatanodeStateMachine.java:lambda$startDaemon$0(457)) - Ozone container server started.
2021-08-17 11:44:46,547 [grpc-default-executor-2] WARN  server.GrpcLogAppender (LogUtils.java:warn(122)) - 4240b545-6c07-448f-ac96-de7b778a6442@group-3FA22E84EAD5->06b1e515-8a0e-4448-8d82-5bc90e0fbeba-AppendLogResponseHandler: Failed appendEntries: org.apache.ratis.thirdparty.io.grpc.StatusRuntimeException: UNAVAILABLE: io exception
2021-08-17 11:44:46,548 [grpc-default-executor-2] WARN  server.GrpcLogAppender (GrpcLogAppender.java:resetClient(111)) - 4240b545-6c07-448f-ac96-de7b778a6442@group-3FA22E84EAD5->06b1e515-8a0e-4448-8d82-5bc90e0fbeba-GrpcLogAppender: Leader has not got in touch with Follower 4240b545-6c07-448f-ac96-de7b778a6442@group-3FA22E84EAD5->06b1e515-8a0e-4448-8d82-5bc90e0fbeba(c0,m0,n1, attendVote=true, lastRpcSendTime=2520, lastRpcResponseTime=5047) yet, just keep nextIndex unchanged and retry.
2021-08-17 11:44:46,653 [grpc-default-executor-2] WARN  server.GrpcLogAppender (LogUtils.java:warn(122)) - 4240b545-6c07-448f-ac96-de7b778a6442@group-3FA22E84EAD5->cdd1bc6e-a52c-4b83-9205-8b665f0a3658-AppendLogResponseHandler: Failed appendEntries: org.apache.ratis.thirdparty.io.grpc.StatusRuntimeException: UNAVAILABLE: io exception
2021-08-17 11:44:46,653 [grpc-default-executor-2] WARN  server.GrpcLogAppender (GrpcLogAppender.java:resetClient(111)) - 4240b545-6c07-448f-ac96-de7b778a6442@group-3FA22E84EAD5->cdd1bc6e-a52c-4b83-9205-8b665f0a3658-GrpcLogAppender: Leader has not got in touch with Follower 4240b545-6c07-448f-ac96-de7b778a6442@group-3FA22E84EAD5->cdd1bc6e-a52c-4b83-9205-8b665f0a3658(c0,m0,n1, attendVote=true, lastRpcSendTime=0, lastRpcResponseTime=5123) yet, just keep nextIndex unchanged and retry.
2021-08-17 11:44:49,055 [grpc-default-executor-2] WARN  server.GrpcLogAppender (LogUtils.java:warn(122)) - 4240b545-6c07-448f-ac96-de7b778a6442@group-3FA22E84EAD5->06b1e515-8a0e-4448-8d82-5bc90e0fbeba-AppendLogResponseHandler: Failed appendEntries: org.apache.ratis.thirdparty.io.grpc.StatusRuntimeException: UNAVAILABLE: io exception
2021-08-17 11:44:49,057 [grpc-default-executor-2] WARN  server.GrpcLogAppender (GrpcLogAppender.java:resetClient(111)) - 4240b545-6c07-448f-ac96-de7b778a6442@group-3FA22E84EAD5->06b1e515-8a0e-4448-8d82-5bc90e0fbeba-GrpcLogAppender: Leader has not got in touch with Follower 4240b545-6c07-448f-ac96-de7b778a6442@group-3FA22E84EAD5->06b1e515-8a0e-4448-8d82-5bc90e0fbeba(c0,m0,n1, attendVote=true, lastRpcSendTime=2504, lastRpcResponseTime=7555) yet, just keep nextIndex unchanged and retry.
2021-08-17 11:44:49,154 [grpc-default-executor-2] WARN  server.GrpcLogAppender (LogUtils.java:warn(122)) - 4240b545-6c07-448f-ac96-de7b778a6442@group-3FA22E84EAD5->cdd1bc6e-a52c-4b83-9205-8b665f0a3658-AppendLogResponseHandler: Failed appendEntries: org.apache.ratis.thirdparty.io.grpc.StatusRuntimeException: UNAVAILABLE: io exception
2021-08-17 11:44:49,154 [grpc-default-executor-2] WARN  server.GrpcLogAppender (GrpcLogAppender.java:resetClient(111)) - 4240b545-6c07-448f-ac96-de7b778a6442@group-3FA22E84EAD5->cdd1bc6e-a52c-4b83-9205-8b665f0a3658-GrpcLogAppender: Leader has not got in touch with Follower 4240b545-6c07-448f-ac96-de7b778a6442@group-3FA22E84EAD5->cdd1bc6e-a52c-4b83-9205-8b665f0a3658(c0,m0,n1, attendVote=true, lastRpcSendTime=1, lastRpcResponseTime=7624) yet, just keep nextIndex unchanged and retry.
2021-08-17 11:44:49,320 [4240b545-6c07-448f-ac96-de7b778a6442@group-3FA22E84EAD5-LeaderStateImpl] WARN  server.RaftServer$Division (LeaderStateImpl.java:checkLeadership(944)) - 4240b545-6c07-448f-ac96-de7b778a6442@group-3FA22E84EAD5-LeaderStateImpl: Lost leadership on term: 3. Election timeout: 5200ms. In charge for: 10567ms. Conf: 0: [06b1e515-8a0e-4448-8d82-5bc90e0fbeba|rpc:10.1.0.21:43961|dataStream:|priority:0, cdd1bc6e-a52c-4b83-9205-8b665f0a3658|rpc:10.1.0.21:38573|dataStream:|priority:0, 4240b545-6c07-448f-ac96-de7b778a6442|rpc:10.1.0.21:45639|dataStream:|priority:1], old=null
2021-08-17 11:44:49,321 [4240b545-6c07-448f-ac96-de7b778a6442@group-3FA22E84EAD5-LeaderStateImpl] WARN  server.RaftServer$Division (LeaderStateImpl.java:lambda$checkLeadership$15(948)) - Follower 4240b545-6c07-448f-ac96-de7b778a6442@group-3FA22E84EAD5->06b1e515-8a0e-4448-8d82-5bc90e0fbeba(c0,m0,n1, attendVote=true, lastRpcSendTime=260, lastRpcResponseTime=7820)
2021-08-17 11:44:49,322 [4240b545-6c07-448f-ac96-de7b778a6442@group-3FA22E84EAD5-LeaderStateImpl] WARN  server.RaftServer$Division (LeaderStateImpl.java:lambda$checkLeadership$15(948)) - Follower 4240b545-6c07-448f-ac96-de7b778a6442@group-3FA22E84EAD5->cdd1bc6e-a52c-4b83-9205-8b665f0a3658(c0,m0,n1, attendVote=true, lastRpcSendTime=168, lastRpcResponseTime=7791)
2021-08-17 11:44:49,322 [4240b545-6c07-448f-ac96-de7b778a6442@group-3FA22E84EAD5-LeaderStateImpl] INFO  server.RaftServer$Division (RaftServerImpl.java:setRole(285)) - 4240b545-6c07-448f-ac96-de7b778a6442@group-3FA22E84EAD5: changes role from    LEADER to FOLLOWER at term 3 for StepDownReason:LOST_MAJORITY_HEARTBEATS
2021-08-17 11:44:49,322 [4240b545-6c07-448f-ac96-de7b778a6442@group-3FA22E84EAD5-LeaderStateImpl] INFO  impl.RoleInfo (RoleInfo.java:shutdownLeaderState(91)) - 4240b545-6c07-448f-ac96-de7b778a6442: shutdown 4240b545-6c07-448f-ac96-de7b778a6442@group-3FA22E84EAD5-LeaderStateImpl
2021-08-17 11:44:49,322 [4240b545-6c07-448f-ac96-de7b778a6442@group-3FA22E84EAD5-LeaderStateImpl] INFO  impl.PendingRequests (PendingRequests.java:sendNotLeaderResponses(282)) - 4240b545-6c07-448f-ac96-de7b778a6442@group-3FA22E84EAD5-PendingRequests: sendNotLeaderResponses
2021-08-17 11:44:49,347 [4240b545-6c07-448f-ac96-de7b778a6442@group-3FA22E84EAD5-LeaderStateImpl] INFO  impl.RoleInfo (RoleInfo.java:updateAndGet(130)) - 4240b545-6c07-448f-ac96-de7b778a6442: start 4240b545-6c07-448f-ac96-de7b778a6442@group-3FA22E84EAD5-FollowerState
2021-08-17 11:44:50,130 [ForkJoinPool.commonPool-worker-1] INFO  ozoneimpl.OzoneContainer (OzoneContainer.java:stop(326)) - Attempting to stop container services.
2021-08-17 11:44:50,130 [ForkJoinPool.commonPool-worker-1] INFO  server.RaftServer (RaftServerProxy.java:lambda$close$6(391)) - 4240b545-6c07-448f-ac96-de7b778a6442: close
2021-08-17 11:44:50,131 [ForkJoinPool.commonPool-worker-1] INFO  server.RaftServer$Division (RaftServerImpl.java:lambda$close$4(407)) - 4240b545-6c07-448f-ac96-de7b778a6442@group-F9B8CC9BF630: shutdown
2021-08-17 11:44:50,131 [ForkJoinPool.commonPool-worker-1] INFO  util.JmxRegister (JmxRegister.java:unregister(73)) - Successfully un-registered JMX Bean with object name Ratis:service=RaftServer,group=group-F9B8CC9BF630,id=4240b545-6c07-448f-ac96-de7b778a6442
2021-08-17 11:44:50,131 [ForkJoinPool.commonPool-worker-1] INFO  impl.RoleInfo (RoleInfo.java:shutdownLeaderState(91)) - 4240b545-6c07-448f-ac96-de7b778a6442: shutdown 4240b545-6c07-448f-ac96-de7b778a6442@group-F9B8CC9BF630-LeaderStateImpl
2021-08-17 11:44:50,131 [ForkJoinPool.commonPool-worker-1] INFO  impl.PendingRequests (PendingRequests.java:sendNotLeaderResponses(282)) - 4240b545-6c07-448f-ac96-de7b778a6442@group-F9B8CC9BF630-PendingRequests: sendNotLeaderResponses
2021-08-17 11:44:50,131 [ForkJoinPool.commonPool-worker-1] INFO  impl.StateMachineUpdater (StateMachineUpdater.java:stopAndJoin(149)) - 4240b545-6c07-448f-ac96-de7b778a6442@group-F9B8CC9BF630-StateMachineUpdater: set stopIndex = 0
2021-08-17 11:44:50,132 [4240b545-6c07-448f-ac96-de7b778a6442@group-F9B8CC9BF630-StateMachineUpdater] INFO  ratis.ContainerStateMachine (ContainerStateMachine.java:takeSnapshot(293)) - group-F9B8CC9BF630: Taking a snapshot at:(t:1, i:0) file /home/runner/work/ozone/ozone/hadoop-ozone/integration-test/target/test-dir/MiniOzoneClusterImpl-3aa90084-af08-4299-bf83-992dfa8833c1/datanode-2/data/ratis/ce60ac08-aaab-4afe-b309-f9b8cc9bf630/sm/snapshot.1_0
2021-08-17 11:44:50,136 [4240b545-6c07-448f-ac96-de7b778a6442@group-F9B8CC9BF630-StateMachineUpdater] INFO  ratis.ContainerStateMachine (ContainerStateMachine.java:takeSnapshot(304)) - group-F9B8CC9BF630: Finished taking a snapshot at:(t:1, i:0) file:/home/runner/work/ozone/ozone/hadoop-ozone/integration-test/target/test-dir/MiniOzoneClusterImpl-3aa90084-af08-4299-bf83-992dfa8833c1/datanode-2/data/ratis/ce60ac08-aaab-4afe-b309-f9b8cc9bf630/sm/snapshot.1_0 took: 4 ms
2021-08-17 11:44:50,136 [4240b545-6c07-448f-ac96-de7b778a6442@group-F9B8CC9BF630-StateMachineUpdater] INFO  impl.StateMachineUpdater (StateMachineUpdater.java:takeSnapshot(281)) - 4240b545-6c07-448f-ac96-de7b778a6442@group-F9B8CC9BF630-StateMachineUpdater: Took a snapshot at index 0
2021-08-17 11:44:50,136 [4240b545-6c07-448f-ac96-de7b778a6442@group-F9B8CC9BF630-StateMachineUpdater] INFO  impl.StateMachineUpdater (StateMachineUpdater.java:lambda$new$0(89)) - 4240b545-6c07-448f-ac96-de7b778a6442@group-F9B8CC9BF630-StateMachineUpdater: snapshotIndex: updateIncreasingly -1 -> 0
2021-08-17 11:44:50,138 [ForkJoinPool.commonPool-worker-1] INFO  server.RaftServer$Division (ServerState.java:close(419)) - 4240b545-6c07-448f-ac96-de7b778a6442@group-F9B8CC9BF630: closes. applyIndex: 0
2021-08-17 11:44:50,138 [4240b545-6c07-448f-ac96-de7b778a6442@group-F9B8CC9BF630-SegmentedRaftLogWorker] INFO  segmented.SegmentedRaftLogWorker (SegmentedRaftLogWorker.java:run(327)) - 4240b545-6c07-448f-ac96-de7b778a6442@group-F9B8CC9BF630-SegmentedRaftLogWorker was interrupted, exiting. There are 0 tasks remaining in the queue.
2021-08-17 11:44:50,139 [ForkJoinPool.commonPool-worker-1] INFO  segmented.SegmentedRaftLogWorker (SegmentedRaftLogWorker.java:close(237)) - 4240b545-6c07-448f-ac96-de7b778a6442@group-F9B8CC9BF630-SegmentedRaftLogWorker close()
2021-08-17 11:44:50,143 [ForkJoinPool.commonPool-worker-1] INFO  server.RaftServer$Division (RaftServerImpl.java:lambda$close$4(407)) - 4240b545-6c07-448f-ac96-de7b778a6442@group-3FA22E84EAD5: shutdown
2021-08-17 11:44:50,143 [ForkJoinPool.commonPool-worker-1] INFO  util.JmxRegister (JmxRegister.java:unregister(73)) - Successfully un-registered JMX Bean with object name Ratis:service=RaftServer,group=group-3FA22E84EAD5,id=4240b545-6c07-448f-ac96-de7b778a6442
2021-08-17 11:44:50,144 [ForkJoinPool.commonPool-worker-1] INFO  impl.RoleInfo (RoleInfo.java:shutdownFollowerState(108)) - 4240b545-6c07-448f-ac96-de7b778a6442: shutdown 4240b545-6c07-448f-ac96-de7b778a6442@group-3FA22E84EAD5-FollowerState
2021-08-17 11:44:50,144 [4240b545-6c07-448f-ac96-de7b778a6442@group-3FA22E84EAD5-FollowerState] INFO  impl.FollowerState (FollowerState.java:run(143)) - 4240b545-6c07-448f-ac96-de7b778a6442@group-3FA22E84EAD5-FollowerState was interrupted: {}
java.lang.InterruptedException: sleep interrupted
	at java.lang.Thread.sleep(Native Method)
	at java.lang.Thread.sleep(Thread.java:340)
	at java.util.concurrent.TimeUnit.sleep(TimeUnit.java:386)
	at org.apache.ratis.util.TimeDuration.sleep(TimeDuration.java:324)
	at org.apache.ratis.util.TimeDuration.sleep(TimeDuration.java:309)
	at org.apache.ratis.server.impl.FollowerState.run(FollowerState.java:118)
2021-08-17 11:44:50,144 [ForkJoinPool.commonPool-worker-1] INFO  impl.StateMachineUpdater (StateMachineUpdater.java:stopAndJoin(149)) - 4240b545-6c07-448f-ac96-de7b778a6442@group-3FA22E84EAD5-StateMachineUpdater: set stopIndex = 0
2021-08-17 11:44:50,144 [4240b545-6c07-448f-ac96-de7b778a6442@group-3FA22E84EAD5-StateMachineUpdater] INFO  ratis.ContainerStateMachine (ContainerStateMachine.java:takeSnapshot(293)) - group-3FA22E84EAD5: Taking a snapshot at:(t:3, i:0) file /home/runner/work/ozone/ozone/hadoop-ozone/integration-test/target/test-dir/MiniOzoneClusterImpl-3aa90084-af08-4299-bf83-992dfa8833c1/datanode-2/data/ratis/626c0933-ea74-4d1d-9f5e-3fa22e84ead5/sm/snapshot.3_0
2021-08-17 11:44:50,178 [4240b545-6c07-448f-ac96-de7b778a6442@group-3FA22E84EAD5-StateMachineUpdater] INFO  ratis.ContainerStateMachine (ContainerStateMachine.java:takeSnapshot(304)) - group-3FA22E84EAD5: Finished taking a snapshot at:(t:3, i:0) file:/home/runner/work/ozone/ozone/hadoop-ozone/integration-test/target/test-dir/MiniOzoneClusterImpl-3aa90084-af08-4299-bf83-992dfa8833c1/datanode-2/data/ratis/626c0933-ea74-4d1d-9f5e-3fa22e84ead5/sm/snapshot.3_0 took: 34 ms
2021-08-17 11:44:50,178 [4240b545-6c07-448f-ac96-de7b778a6442@group-3FA22E84EAD5-StateMachineUpdater] INFO  impl.StateMachineUpdater (StateMachineUpdater.java:takeSnapshot(281)) - 4240b545-6c07-448f-ac96-de7b778a6442@group-3FA22E84EAD5-StateMachineUpdater: Took a snapshot at index 0
2021-08-17 11:44:50,178 [4240b545-6c07-448f-ac96-de7b778a6442@group-3FA22E84EAD5-StateMachineUpdater] INFO  impl.StateMachineUpdater (StateMachineUpdater.java:lambda$new$0(89)) - 4240b545-6c07-448f-ac96-de7b778a6442@group-3FA22E84EAD5-StateMachineUpdater: snapshotIndex: updateIncreasingly -1 -> 0
2021-08-17 11:44:50,178 [ForkJoinPool.commonPool-worker-1] INFO  server.RaftServer$Division (ServerState.java:close(419)) - 4240b545-6c07-448f-ac96-de7b778a6442@group-3FA22E84EAD5: closes. applyIndex: 0
2021-08-17 11:44:50,178 [4240b545-6c07-448f-ac96-de7b778a6442@group-3FA22E84EAD5-SegmentedRaftLogWorker] INFO  segmented.SegmentedRaftLogWorker (SegmentedRaftLogWorker.java:run(327)) - 4240b545-6c07-448f-ac96-de7b778a6442@group-3FA22E84EAD5-SegmentedRaftLogWorker was interrupted, exiting. There are 0 tasks remaining in the queue.
2021-08-17 11:44:50,184 [ForkJoinPool.commonPool-worker-1] INFO  segmented.SegmentedRaftLogWorker (SegmentedRaftLogWorker.java:close(237)) - 4240b545-6c07-448f-ac96-de7b778a6442@group-3FA22E84EAD5-SegmentedRaftLogWorker close()
2021-08-17 11:44:50,185 [ForkJoinPool.commonPool-worker-1] INFO  server.GrpcService (GrpcService.java:closeImpl(262)) - 4240b545-6c07-448f-ac96-de7b778a6442: shutdown server with port 45639 now
2021-08-17 11:44:50,191 [ForkJoinPool.commonPool-worker-1] INFO  server.GrpcService (GrpcService.java:closeImpl(271)) - 4240b545-6c07-448f-ac96-de7b778a6442: shutdown server with port 45639 successfully
2021-08-17 11:44:50,191 [org.apache.ratis.util.JvmPauseMonitor$$Lambda$531/1079851550@30034d84] INFO  util.JvmPauseMonitor (JvmPauseMonitor.java:run(109)) - JvmPauseMonitor-4240b545-6c07-448f-ac96-de7b778a6442: Stopped
2021-08-17 11:44:50,214 [ForkJoinPool.commonPool-worker-1] INFO  utils.BackgroundService (BackgroundService.java:shutdown(132)) - Shutting down service BlockDeletingService
2021-08-17 11:44:53,224 [ForkJoinPool.commonPool-worker-1] INFO  statemachine.DatanodeStateMachine (DatanodeStateMachine.java:stopDaemon(515)) - Ozone container server stopped.
2021-08-17 11:44:53,240 [ForkJoinPool.commonPool-worker-1] INFO  handler.ContextHandler (ContextHandler.java:doStop(1153)) - Stopped o.e.j.w.WebAppContext@1e20fbcf{hddsDatanode,/,null,STOPPED}{jar:file:/home/runner/.m2/repository/org/apache/ozone/hdds-container-service/1.2.0-SNAPSHOT/hdds-container-service-1.2.0-SNAPSHOT.jar!/webapps/hddsDatanode}
2021-08-17 11:44:53,256 [ForkJoinPool.commonPool-worker-1] INFO  server.AbstractConnector (AbstractConnector.java:doStop(381)) - Stopped ServerConnector@3c16ee1d{HTTP/1.1, (http/1.1)}{0.0.0.0:0}
2021-08-17 11:44:53,256 [ForkJoinPool.commonPool-worker-1] INFO  server.session (HouseKeeper.java:stopScavenging(149)) - node0 Stopped scavenging
2021-08-17 11:44:53,260 [ForkJoinPool.commonPool-worker-1] INFO  handler.ContextHandler (ContextHandler.java:doStop(1153)) - Stopped o.e.j.s.ServletContextHandler@333016ca{static,/static,jar:file:/home/runner/.m2/repository/org/apache/ozone/hdds-container-service/1.2.0-SNAPSHOT/hdds-container-service-1.2.0-SNAPSHOT.jar!/webapps/static,STOPPED}
2021-08-17 11:44:53,261 [ForkJoinPool.commonPool-worker-1] INFO  handler.ContextHandler (ContextHandler.java:doStop(1153)) - Stopped o.e.j.s.ServletContextHandler@2a41d430{logs,/logs,file:///home/runner/work/ozone/ozone/hadoop-ozone/integration-test/target/log,STOPPED}
2021-08-17 11:44:53,275 [Listener at 127.0.0.1/33323] INFO  ozone.MiniOzoneClusterImpl (MiniOzoneClusterImpl.java:stopSCM(542)) - Stopping the StorageContainerManager
2021-08-17 11:44:53,275 [Listener at 127.0.0.1/33323] INFO  server.StorageContainerManager (StorageContainerManager.java:stop(1343)) - Stopping Container Balancer service.
2021-08-17 11:44:53,275 [Listener at 127.0.0.1/33323] INFO  balancer.ContainerBalancer (ContainerBalancer.java:stop(720)) - Container Balancer is not running.
2021-08-17 11:44:53,275 [Listener at 127.0.0.1/33323] INFO  server.StorageContainerManager (StorageContainerManager.java:stop(1350)) - Stopping Replication Manager Service.
2021-08-17 11:44:53,275 [Listener at 127.0.0.1/33323] INFO  container.ReplicationManager (ReplicationManager.java:stop(338)) - Stopping Replication Monitor Thread.
2021-08-17 11:44:53,276 [Listener at 127.0.0.1/33323] INFO  server.StorageContainerManager (StorageContainerManager.java:stop(1357)) - Stopping the Datanode Admin Monitor.
2021-08-17 11:44:53,276 [Listener at 127.0.0.1/33323] INFO  server.StorageContainerManager (StorageContainerManager.java:stop(1364)) - Stopping Lease Manager of the command watchers
2021-08-17 11:44:53,276 [Listener at 127.0.0.1/33323] INFO  server.StorageContainerManager (StorageContainerManager.java:stop(1371)) - Stopping datanode service RPC server
2021-08-17 11:44:53,276 [Listener at 127.0.0.1/33323] INFO  server.SCMDatanodeProtocolServer (SCMDatanodeProtocolServer.java:stop(389)) - Stopping the RPC server for DataNodes
2021-08-17 11:44:53,276 [Listener at 127.0.0.1/33323] INFO  ipc.Server (Server.java:stop(3414)) - Stopping server on 37863
2021-08-17 11:44:53,296 [IPC Server listener on 0] INFO  ipc.Server (Server.java:run(1376)) - Stopping IPC Server listener on 0
2021-08-17 11:44:53,296 [IPC Server Responder] INFO  ipc.Server (Server.java:run(1512)) - Stopping IPC Server Responder
2021-08-17 11:44:53,381 [SCM Heartbeat Processing Thread - 0] WARN  node.NodeStateManager (NodeStateManager.java:scheduleNextHealthCheck(799)) - Current Thread is interrupted, shutting down HB processing thread for Node Manager.
2021-08-17 11:44:53,381 [Listener at 127.0.0.1/33323] INFO  server.StorageContainerManager (StorageContainerManager.java:stop(1379)) - Stopping block service RPC server
2021-08-17 11:44:53,381 [Listener at 127.0.0.1/33323] INFO  server.SCMBlockProtocolServer (SCMBlockProtocolServer.java:stop(160)) - Stopping the RPC server for Block Protocol
2021-08-17 11:44:53,381 [Listener at 127.0.0.1/33323] INFO  ipc.Server (Server.java:stop(3414)) - Stopping server on 40341
2021-08-17 11:44:53,383 [Listener at 127.0.0.1/33323] INFO  server.StorageContainerManager (StorageContainerManager.java:stop(1386)) - Stopping the StorageContainerLocationProtocol RPC server
2021-08-17 11:44:53,384 [IPC Server listener on 0] INFO  ipc.Server (Server.java:run(1376)) - Stopping IPC Server listener on 0
2021-08-17 11:44:53,384 [IPC Server Responder] INFO  ipc.Server (Server.java:run(1512)) - Stopping IPC Server Responder
2021-08-17 11:44:53,404 [Listener at 127.0.0.1/33323] INFO  server.SCMClientProtocolServer (SCMClientProtocolServer.java:stop(173)) - Stopping the RPC server for Client Protocol
2021-08-17 11:44:53,404 [Listener at 127.0.0.1/33323] INFO  ipc.Server (Server.java:stop(3414)) - Stopping server on 32931
2021-08-17 11:44:53,407 [Listener at 127.0.0.1/33323] INFO  server.StorageContainerManager (StorageContainerManager.java:stop(1393)) - Stopping Storage Container Manager HTTP server.
2021-08-17 11:44:53,407 [IPC Server Responder] INFO  ipc.Server (Server.java:run(1512)) - Stopping IPC Server Responder
2021-08-17 11:44:53,416 [IPC Server listener on 0] INFO  ipc.Server (Server.java:run(1376)) - Stopping IPC Server listener on 0
2021-08-17 11:44:53,435 [Listener at 127.0.0.1/33323] INFO  handler.ContextHandler (ContextHandler.java:doStop(1153)) - Stopped o.e.j.w.WebAppContext@52610a20{scm,/,null,STOPPED}{file:/home/runner/work/ozone/ozone/hadoop-ozone/integration-test/target/test-classes/webapps/scm}
2021-08-17 11:44:53,440 [Listener at 127.0.0.1/33323] INFO  server.AbstractConnector (AbstractConnector.java:doStop(381)) - Stopped ServerConnector@2bb2058a{HTTP/1.1, (http/1.1)}{0.0.0.0:0}
2021-08-17 11:44:53,440 [Listener at 127.0.0.1/33323] INFO  server.session (HouseKeeper.java:stopScavenging(149)) - node0 Stopped scavenging
2021-08-17 11:44:53,440 [Listener at 127.0.0.1/33323] INFO  handler.ContextHandler (ContextHandler.java:doStop(1153)) - Stopped o.e.j.s.ServletContextHandler@4a0b3b0e{static,/static,file:///home/runner/work/ozone/ozone/hadoop-ozone/integration-test/target/test-classes/webapps/static,STOPPED}
2021-08-17 11:44:53,441 [Listener at 127.0.0.1/33323] INFO  handler.ContextHandler (ContextHandler.java:doStop(1153)) - Stopped o.e.j.s.ServletContextHandler@268fa9ab{logs,/logs,file:///home/runner/work/ozone/ozone/hadoop-ozone/integration-test/target/log,STOPPED}
2021-08-17 11:44:53,452 [Listener at 127.0.0.1/33323] INFO  server.StorageContainerManager (StorageContainerManager.java:stop(1404)) - Stopping Block Manager Service.
2021-08-17 11:44:53,452 [Listener at 127.0.0.1/33323] INFO  utils.BackgroundService (BackgroundService.java:shutdown(132)) - Shutting down service SCMBlockDeletingService
2021-08-17 11:44:53,454 [Listener at 127.0.0.1/33323] INFO  utils.BackgroundService (BackgroundService.java:shutdown(132)) - Shutting down service SCMBlockDeletingService
2021-08-17 11:44:53,455 [Listener at 127.0.0.1/33323] INFO  server.StorageContainerManager (StorageContainerManager.java:stop(1431)) - Stopping SCM Event Queue.
2021-08-17 11:44:53,477 [Listener at 127.0.0.1/33323] INFO  server.StorageContainerManager (StorageContainerManager.java:stop(1442)) - Stopping SCM HA services.
2021-08-17 11:44:53,477 [Listener at 127.0.0.1/33323] INFO  pipeline.BackgroundPipelineCreator (BackgroundPipelineCreatorV2.java:stop(158)) - Stopping RatisPipelineUtilsThread.
2021-08-17 11:44:53,478 [Listener at 127.0.0.1/33323] INFO  server.StorageContainerManager (StorageContainerManager.java:stop(1452)) - Stopping SCM MetadataStore.
2021-08-17 11:44:53,481 [Listener at 127.0.0.1/33323] INFO  impl.MetricsSystemImpl (MetricsSystemImpl.java:stop(210)) - Stopping HddsDatanode metrics system...
2021-08-17 11:44:53,622 [Listener at 127.0.0.1/33323] INFO  impl.MetricsSystemImpl (MetricsSystemImpl.java:stop(216)) - HddsDatanode metrics system stopped.
]]></system-out>
  </testcase>
</testsuite>