<?xml version="1.0" encoding="UTF-8"?>
<testsuite xmlns:xsi="http://www.w3.org/2001/XMLSchema-instance" xsi:noNamespaceSchemaLocation="https://maven.apache.org/surefire/maven-surefire-plugin/xsd/surefire-test-report.xsd" name="org.apache.hadoop.ozone.TestMiniOzoneCluster" time="208.343" tests="5" errors="1" skipped="0" failures="0">
  <properties>
    <property name="awt.toolkit" value="sun.awt.X11.XToolkit"/>
    <property name="file.encoding.pkg" value="sun.io"/>
    <property name="java.specification.version" value="1.8"/>
    <property name="sun.cpu.isalist" value=""/>
    <property name="sun.jnu.encoding" value="UTF-8"/>
    <property name="java.class.path" value="/home/runner/work/ozone/ozone/hadoop-ozone/integration-test/target/test-classes:/home/runner/work/ozone/ozone/hadoop-ozone/integration-test/target/classes:/home/runner/.m2/repository/org/apache/ozone/ozone-common/1.3.0-SNAPSHOT/ozone-common-1.3.0-SNAPSHOT.jar:/home/runner/.m2/repository/org/apache/commons/commons-compress/1.21/commons-compress-1.21.jar:/home/runner/.m2/repository/org/apache/ozone/hdds-common/1.3.0-SNAPSHOT/hdds-common-1.3.0-SNAPSHOT.jar:/home/runner/.m2/repository/org/apache/ozone/hdds-client/1.3.0-SNAPSHOT/hdds-client-1.3.0-SNAPSHOT.jar:/home/runner/.m2/repository/org/apache/ozone/ozone-interface-client/1.3.0-SNAPSHOT/ozone-interface-client-1.3.0-SNAPSHOT.jar:/home/runner/.m2/repository/org/apache/ozone/hdds-test-utils/1.3.0-SNAPSHOT/hdds-test-utils-1.3.0-SNAPSHOT.jar:/home/runner/.m2/repository/com/google/guava/guava/30.1.1-jre/guava-30.1.1-jre.jar:/home/runner/.m2/repository/com/google/guava/failureaccess/1.0.1/failureaccess-1.0.1.jar:/home/runner/.m2/repository/com/google/guava/listenablefuture/9999.0-empty-to-avoid-conflict-with-guava/listenablefuture-9999.0-empty-to-avoid-conflict-with-guava.jar:/home/runner/.m2/repository/com/google/code/findbugs/jsr305/3.0.0/jsr305-3.0.0.jar:/home/runner/.m2/repository/org/checkerframework/checker-qual/3.8.0/checker-qual-3.8.0.jar:/home/runner/.m2/repository/com/google/errorprone/error_prone_annotations/2.2.0/error_prone_annotations-2.2.0.jar:/home/runner/.m2/repository/com/google/j2objc/j2objc-annotations/1.3/j2objc-annotations-1.3.jar:/home/runner/.m2/repository/commons-io/commons-io/2.11.0/commons-io-2.11.0.jar:/home/runner/.m2/repository/commons-logging/commons-logging/1.2/commons-logging-1.2.jar:/home/runner/.m2/repository/log4j/log4j/1.2.17/log4j-1.2.17.jar:/home/runner/.m2/repository/org/slf4j/slf4j-api/1.7.30/slf4j-api-1.7.30.jar:/home/runner/.m2/repository/org/apache/ozone/hdds-server-scm/1.3.0-SNAPSHOT/hdds-server-scm-1.3.0-SNAPSHOT.jar:/home/runner/.m2/repository/org/apache/ozone/hdds-container-service/1.3.0-SNAPSHOT/hdds-container-service-1.3.0-SNAPSHOT.jar:/home/runner/.m2/repository/org/apache/ozone/hdds-hadoop-dependency-server/1.3.0-SNAPSHOT/hdds-hadoop-dependency-server-1.3.0-SNAPSHOT.jar:/home/runner/.m2/repository/org/apache/hadoop/hadoop-hdfs/3.3.1/hadoop-hdfs-3.3.1.jar:/home/runner/.m2/repository/org/apache/ozone/hdds-server-framework/1.3.0-SNAPSHOT/hdds-server-framework-1.3.0-SNAPSHOT.jar:/home/runner/.m2/repository/org/apache/ozone/hdds-interface-server/1.3.0-SNAPSHOT/hdds-interface-server-1.3.0-SNAPSHOT.jar:/home/runner/.m2/repository/org/eclipse/jetty/jetty-servlet/9.4.43.v20210629/jetty-servlet-9.4.43.v20210629.jar:/home/runner/.m2/repository/org/eclipse/jetty/jetty-security/9.4.43.v20210629/jetty-security-9.4.43.v20210629.jar:/home/runner/.m2/repository/org/rocksdb/rocksdbjni/6.25.3/rocksdbjni-6.25.3.jar:/home/runner/.m2/repository/io/prometheus/simpleclient_dropwizard/0.7.0/simpleclient_dropwizard-0.7.0.jar:/home/runner/.m2/repository/io/prometheus/simpleclient/0.7.0/simpleclient-0.7.0.jar:/home/runner/.m2/repository/io/prometheus/simpleclient_common/0.7.0/simpleclient_common-0.7.0.jar:/home/runner/.m2/repository/com/fasterxml/jackson/datatype/jackson-datatype-jsr310/2.12.1/jackson-datatype-jsr310-2.12.1.jar:/home/runner/.m2/repository/io/dropwizard/metrics/metrics-core/3.2.4/metrics-core-3.2.4.jar:/home/runner/.m2/repository/org/apache/hadoop/hadoop-hdfs-client/3.3.1/hadoop-hdfs-client-3.3.1.jar:/home/runner/.m2/repository/org/bouncycastle/bcprov-jdk15on/1.67/bcprov-jdk15on-1.67.jar:/home/runner/.m2/repository/com/google/protobuf/protobuf-java/2.5.0/protobuf-java-2.5.0.jar:/home/runner/.m2/repository/org/apache/ozone/ozone-manager/1.3.0-SNAPSHOT/ozone-manager-1.3.0-SNAPSHOT.jar:/home/runner/.m2/repository/org/aspectj/aspectjrt/1.9.7/aspectjrt-1.9.7.jar:/home/runner/.m2/repository/org/aspectj/aspectjweaver/1.9.7/aspectjweaver-1.9.7.jar:/home/runner/.m2/repository/org/apache/ozone/hdds-interface-client/1.3.0-SNAPSHOT/hdds-interface-client-1.3.0-SNAPSHOT.jar:/home/runner/.m2/repository/org/apache/hadoop/thirdparty/hadoop-shaded-protobuf_3_7/1.1.1/hadoop-shaded-protobuf_3_7-1.1.1.jar:/home/runner/.m2/repository/org/apache/ozone/ozone-interface-storage/1.3.0-SNAPSHOT/ozone-interface-storage-1.3.0-SNAPSHOT.jar:/home/runner/.m2/repository/org/reflections/reflections/0.9.11/reflections-0.9.11.jar:/home/runner/.m2/repository/org/apache/hadoop/hadoop-minikdc/3.3.1/hadoop-minikdc-3.3.1.jar:/home/runner/.m2/repository/org/apache/kerby/kerb-simplekdc/1.0.1/kerb-simplekdc-1.0.1.jar:/home/runner/.m2/repository/org/apache/kerby/kerb-client/1.0.1/kerb-client-1.0.1.jar:/home/runner/.m2/repository/org/apache/kerby/kerby-config/1.0.1/kerby-config-1.0.1.jar:/home/runner/.m2/repository/org/apache/kerby/kerb-common/1.0.1/kerb-common-1.0.1.jar:/home/runner/.m2/repository/org/apache/kerby/kerb-crypto/1.0.1/kerb-crypto-1.0.1.jar:/home/runner/.m2/repository/org/apache/kerby/kerb-util/1.0.1/kerb-util-1.0.1.jar:/home/runner/.m2/repository/org/apache/kerby/token-provider/1.0.1/token-provider-1.0.1.jar:/home/runner/.m2/repository/org/apache/kerby/kerb-admin/1.0.1/kerb-admin-1.0.1.jar:/home/runner/.m2/repository/org/apache/kerby/kerb-server/1.0.1/kerb-server-1.0.1.jar:/home/runner/.m2/repository/org/apache/kerby/kerb-identity/1.0.1/kerb-identity-1.0.1.jar:/home/runner/.m2/repository/org/apache/kerby/kerby-xdr/1.0.1/kerby-xdr-1.0.1.jar:/home/runner/.m2/repository/org/slf4j/slf4j-log4j12/1.7.30/slf4j-log4j12-1.7.30.jar:/home/runner/.m2/repository/org/apache/ozone/ozone-s3gateway/1.3.0-SNAPSHOT/ozone-s3gateway-1.3.0-SNAPSHOT.jar:/home/runner/.m2/repository/org/javassist/javassist/3.21.0-GA/javassist-3.21.0-GA.jar:/home/runner/.m2/repository/org/jboss/weld/servlet/weld-servlet/2.4.7.Final/weld-servlet-2.4.7.Final.jar:/home/runner/.m2/repository/org/glassfish/jersey/containers/jersey-container-servlet-core/2.33/jersey-container-servlet-core-2.33.jar:/home/runner/.m2/repository/org/glassfish/hk2/external/jakarta.inject/2.6.1/jakarta.inject-2.6.1.jar:/home/runner/.m2/repository/org/glassfish/jersey/core/jersey-common/2.33/jersey-common-2.33.jar:/home/runner/.m2/repository/jakarta/ws/rs/jakarta.ws.rs-api/2.1.6/jakarta.ws.rs-api-2.1.6.jar:/home/runner/.m2/repository/org/glassfish/jersey/ext/cdi/jersey-cdi1x/2.33/jersey-cdi1x-2.33.jar:/home/runner/.m2/repository/org/glassfish/jersey/inject/jersey-hk2/2.33/jersey-hk2-2.33.jar:/home/runner/.m2/repository/org/glassfish/hk2/hk2-locator/2.6.1/hk2-locator-2.6.1.jar:/home/runner/.m2/repository/org/glassfish/jersey/media/jersey-media-jaxb/2.33/jersey-media-jaxb-2.33.jar:/home/runner/.m2/repository/org/glassfish/hk2/osgi-resource-locator/1.0.3/osgi-resource-locator-1.0.3.jar:/home/runner/.m2/repository/org/glassfish/hk2/hk2-api/2.5.0/hk2-api-2.5.0.jar:/home/runner/.m2/repository/org/glassfish/hk2/hk2-utils/2.5.0/hk2-utils-2.5.0.jar:/home/runner/.m2/repository/org/glassfish/hk2/external/aopalliance-repackaged/2.5.0/aopalliance-repackaged-2.5.0.jar:/home/runner/.m2/repository/com/fasterxml/jackson/dataformat/jackson-dataformat-xml/2.12.1/jackson-dataformat-xml-2.12.1.jar:/home/runner/.m2/repository/com/fasterxml/jackson/core/jackson-core/2.12.1/jackson-core-2.12.1.jar:/home/runner/.m2/repository/com/fasterxml/jackson/module/jackson-module-jaxb-annotations/2.12.1/jackson-module-jaxb-annotations-2.12.1.jar:/home/runner/.m2/repository/jakarta/xml/bind/jakarta.xml.bind-api/2.3.2/jakarta.xml.bind-api-2.3.2.jar:/home/runner/.m2/repository/org/codehaus/woodstox/stax2-api/3.1.4/stax2-api-3.1.4.jar:/home/runner/.m2/repository/com/fasterxml/woodstox/woodstox-core/5.0.3/woodstox-core-5.0.3.jar:/home/runner/.m2/repository/javax/enterprise/cdi-api/1.2/cdi-api-1.2.jar:/home/runner/.m2/repository/javax/el/javax.el-api/3.0.0/javax.el-api-3.0.0.jar:/home/runner/.m2/repository/javax/interceptor/javax.interceptor-api/1.2/javax.interceptor-api-1.2.jar:/home/runner/.m2/repository/javax/inject/javax.inject/1/javax.inject-1.jar:/home/runner/.m2/repository/javax/xml/bind/jaxb-api/2.3.0/jaxb-api-2.3.0.jar:/home/runner/.m2/repository/org/glassfish/jaxb/jaxb-runtime/2.3.0.1/jaxb-runtime-2.3.0.1.jar:/home/runner/.m2/repository/org/glassfish/jaxb/jaxb-core/2.3.0.1/jaxb-core-2.3.0.1.jar:/home/runner/.m2/repository/org/glassfish/jaxb/txw2/2.3.0.1/txw2-2.3.0.1.jar:/home/runner/.m2/repository/com/sun/istack/istack-commons-runtime/3.0.5/istack-commons-runtime-3.0.5.jar:/home/runner/.m2/repository/org/jvnet/staxex/stax-ex/1.7.8/stax-ex-1.7.8.jar:/home/runner/.m2/repository/com/sun/xml/fastinfoset/FastInfoset/1.2.13/FastInfoset-1.2.13.jar:/home/runner/.m2/repository/javax/activation/activation/1.1.1/activation-1.1.1.jar:/home/runner/.m2/repository/org/apache/ozone/ozone-csi/1.3.0-SNAPSHOT/ozone-csi-1.3.0-SNAPSHOT.jar:/home/runner/.m2/repository/com/google/protobuf/protobuf-java-util/3.12.0/protobuf-java-util-3.12.0.jar:/home/runner/.m2/repository/com/google/code/gson/gson/2.2.4/gson-2.2.4.jar:/home/runner/.m2/repository/org/apache/ozone/hdds-config/1.3.0-SNAPSHOT/hdds-config-1.3.0-SNAPSHOT.jar:/home/runner/.m2/repository/io/grpc/grpc-netty/1.33.0/grpc-netty-1.33.0.jar:/home/runner/.m2/repository/io/grpc/grpc-core/1.33.0/grpc-core-1.33.0.jar:/home/runner/.m2/repository/com/google/android/annotations/4.1.1.4/annotations-4.1.1.4.jar:/home/runner/.m2/repository/io/netty/netty-codec-http2/4.1.63.Final/netty-codec-http2-4.1.63.Final.jar:/home/runner/.m2/repository/io/netty/netty-codec-http/4.1.63.Final/netty-codec-http-4.1.63.Final.jar:/home/runner/.m2/repository/io/netty/netty-handler-proxy/4.1.63.Final/netty-handler-proxy-4.1.63.Final.jar:/home/runner/.m2/repository/io/netty/netty-codec-socks/4.1.63.Final/netty-codec-socks-4.1.63.Final.jar:/home/runner/.m2/repository/io/perfmark/perfmark-api/0.19.0/perfmark-api-0.19.0.jar:/home/runner/.m2/repository/org/codehaus/mojo/animal-sniffer-annotations/1.18/animal-sniffer-annotations-1.18.jar:/home/runner/.m2/repository/io/netty/netty-transport-native-epoll/4.1.63.Final/netty-transport-native-epoll-4.1.63.Final.jar:/home/runner/.m2/repository/io/netty/netty-common/4.1.63.Final/netty-common-4.1.63.Final.jar:/home/runner/.m2/repository/io/netty/netty-buffer/4.1.63.Final/netty-buffer-4.1.63.Final.jar:/home/runner/.m2/repository/io/netty/netty-transport-native-unix-common/4.1.63.Final/netty-transport-native-unix-common-4.1.63.Final.jar:/home/runner/.m2/repository/io/grpc/grpc-protobuf/1.33.0/grpc-protobuf-1.33.0.jar:/home/runner/.m2/repository/io/grpc/grpc-api/1.33.0/grpc-api-1.33.0.jar:/home/runner/.m2/repository/io/grpc/grpc-context/1.33.0/grpc-context-1.33.0.jar:/home/runner/.m2/repository/com/google/api/grpc/proto-google-common-protos/1.17.0/proto-google-common-protos-1.17.0.jar:/home/runner/.m2/repository/io/grpc/grpc-protobuf-lite/1.33.0/grpc-protobuf-lite-1.33.0.jar:/home/runner/.m2/repository/io/grpc/grpc-stub/1.33.0/grpc-stub-1.33.0.jar:/home/runner/.m2/repository/org/apache/ozone/ozone-recon/1.3.0-SNAPSHOT/ozone-recon-1.3.0-SNAPSHOT.jar:/home/runner/.m2/repository/org/apache/ozone/ozone-reconcodegen/1.3.0-SNAPSHOT/ozone-reconcodegen-1.3.0-SNAPSHOT.jar:/home/runner/.m2/repository/com/google/inject/extensions/guice-multibindings/4.0/guice-multibindings-4.0.jar:/home/runner/.m2/repository/com/google/inject/guice/4.0/guice-4.0.jar:/home/runner/.m2/repository/aopalliance/aopalliance/1.0/aopalliance-1.0.jar:/home/runner/.m2/repository/com/google/inject/extensions/guice-assistedinject/4.0/guice-assistedinject-4.0.jar:/home/runner/.m2/repository/com/google/inject/extensions/guice-servlet/4.0/guice-servlet-4.0.jar:/home/runner/.m2/repository/org/glassfish/jersey/containers/jersey-container-servlet/2.33/jersey-container-servlet-2.33.jar:/home/runner/.m2/repository/org/glassfish/hk2/guice-bridge/2.5.0/guice-bridge-2.5.0.jar:/home/runner/.m2/repository/org/glassfish/jersey/core/jersey-server/2.33/jersey-server-2.33.jar:/home/runner/.m2/repository/org/glassfish/jersey/core/jersey-client/2.33/jersey-client-2.33.jar:/home/runner/.m2/repository/jakarta/annotation/jakarta.annotation-api/1.3.5/jakarta.annotation-api-1.3.5.jar:/home/runner/.m2/repository/jakarta/validation/jakarta.validation-api/2.0.2/jakarta.validation-api-2.0.2.jar:/home/runner/.m2/repository/org/glassfish/jersey/media/jersey-media-json-jackson/2.33/jersey-media-json-jackson-2.33.jar:/home/runner/.m2/repository/org/glassfish/jersey/ext/jersey-entity-filtering/2.33/jersey-entity-filtering-2.33.jar:/home/runner/.m2/repository/org/jooq/jooq/3.11.10/jooq-3.11.10.jar:/home/runner/.m2/repository/org/jooq/jooq-meta/3.11.10/jooq-meta-3.11.10.jar:/home/runner/.m2/repository/org/jooq/jooq-codegen/3.11.10/jooq-codegen-3.11.10.jar:/home/runner/.m2/repository/com/jolbox/bonecp/0.8.0.RELEASE/bonecp-0.8.0.RELEASE.jar:/home/runner/.m2/repository/org/apache/derby/derby/10.14.2.0/derby-10.14.2.0.jar:/home/runner/.m2/repository/org/xerial/sqlite-jdbc/3.25.2/sqlite-jdbc-3.25.2.jar:/home/runner/.m2/repository/org/springframework/spring-jdbc/5.2.18.RELEASE/spring-jdbc-5.2.18.RELEASE.jar:/home/runner/.m2/repository/org/springframework/spring-beans/5.2.18.RELEASE/spring-beans-5.2.18.RELEASE.jar:/home/runner/.m2/repository/org/springframework/spring-core/5.2.18.RELEASE/spring-core-5.2.18.RELEASE.jar:/home/runner/.m2/repository/org/springframework/spring-jcl/5.2.18.RELEASE/spring-jcl-5.2.18.RELEASE.jar:/home/runner/.m2/repository/org/springframework/spring-tx/5.2.18.RELEASE/spring-tx-5.2.18.RELEASE.jar:/home/runner/.m2/repository/org/apache/ozone/ozone-client/1.3.0-SNAPSHOT/ozone-client-1.3.0-SNAPSHOT.jar:/home/runner/.m2/repository/org/apache/ozone/ozone-filesystem/1.3.0-SNAPSHOT/ozone-filesystem-1.3.0-SNAPSHOT.jar:/home/runner/.m2/repository/org/apache/ozone/ozone-filesystem-common/1.3.0-SNAPSHOT/ozone-filesystem-common-1.3.0-SNAPSHOT.jar:/home/runner/.m2/repository/org/apache/ozone/ozone-tools/1.3.0-SNAPSHOT/ozone-tools-1.3.0-SNAPSHOT.jar:/home/runner/.m2/repository/org/apache/ratis/ratis-tools/2.2.0/ratis-tools-2.2.0.jar:/home/runner/.m2/repository/com/amazonaws/aws-java-sdk-core/1.12.124/aws-java-sdk-core-1.12.124.jar:/home/runner/.m2/repository/org/apache/httpcomponents/httpclient/4.5.13/httpclient-4.5.13.jar:/home/runner/.m2/repository/org/apache/httpcomponents/httpcore/4.4.13/httpcore-4.4.13.jar:/home/runner/.m2/repository/software/amazon/ion/ion-java/1.0.2/ion-java-1.0.2.jar:/home/runner/.m2/repository/com/fasterxml/jackson/dataformat/jackson-dataformat-cbor/2.12.1/jackson-dataformat-cbor-2.12.1.jar:/home/runner/.m2/repository/joda-time/joda-time/2.8.1/joda-time-2.8.1.jar:/home/runner/.m2/repository/com/amazonaws/aws-java-sdk-s3/1.12.124/aws-java-sdk-s3-1.12.124.jar:/home/runner/.m2/repository/com/amazonaws/aws-java-sdk-kms/1.12.124/aws-java-sdk-kms-1.12.124.jar:/home/runner/.m2/repository/com/amazonaws/jmespath-java/1.12.124/jmespath-java-1.12.124.jar:/home/runner/.m2/repository/org/kohsuke/metainf-services/metainf-services/1.8/metainf-services-1.8.jar:/home/runner/.m2/repository/org/apache/ozone/hdds-tools/1.3.0-SNAPSHOT/hdds-tools-1.3.0-SNAPSHOT.jar:/home/runner/.m2/repository/commons-cli/commons-cli/1.2/commons-cli-1.2.jar:/home/runner/.m2/repository/org/apache/commons/commons-lang3/3.7/commons-lang3-3.7.jar:/home/runner/.m2/repository/org/apache/ozone/ozone-manager/1.3.0-SNAPSHOT/ozone-manager-1.3.0-SNAPSHOT-tests.jar:/home/runner/.m2/repository/org/apache/ozone/hdds-common/1.3.0-SNAPSHOT/hdds-common-1.3.0-SNAPSHOT-tests.jar:/home/runner/.m2/repository/org/apache/ozone/hdds-hadoop-dependency-client/1.3.0-SNAPSHOT/hdds-hadoop-dependency-client-1.3.0-SNAPSHOT.jar:/home/runner/.m2/repository/info/picocli/picocli/4.6.1/picocli-4.6.1.jar:/home/runner/.m2/repository/com/fasterxml/jackson/core/jackson-annotations/2.12.1/jackson-annotations-2.12.1.jar:/home/runner/.m2/repository/javax/annotation/javax.annotation-api/1.2/javax.annotation-api-1.2.jar:/home/runner/.m2/repository/org/apache/ratis/ratis-server/2.2.0/ratis-server-2.2.0.jar:/home/runner/.m2/repository/org/apache/ratis/ratis-client/2.2.0/ratis-client-2.2.0.jar:/home/runner/.m2/repository/org/apache/ratis/ratis-server-api/2.2.0/ratis-server-api-2.2.0.jar:/home/runner/.m2/repository/org/apache/ratis/ratis-metrics/2.2.0/ratis-metrics-2.2.0.jar:/home/runner/.m2/repository/org/apache/ratis/ratis-netty/2.2.0/ratis-netty-2.2.0.jar:/home/runner/.m2/repository/org/apache/ratis/ratis-grpc/2.2.0/ratis-grpc-2.2.0.jar:/home/runner/.m2/repository/org/apache/logging/log4j/log4j-api/2.17.1/log4j-api-2.17.1.jar:/home/runner/.m2/repository/org/apache/logging/log4j/log4j-core/2.17.1/log4j-core-2.17.1.jar:/home/runner/.m2/repository/com/lmax/disruptor/3.4.2/disruptor-3.4.2.jar:/home/runner/.m2/repository/org/apache/commons/commons-pool2/2.6.0/commons-pool2-2.6.0.jar:/home/runner/.m2/repository/org/bouncycastle/bcpkix-jdk15on/1.67/bcpkix-jdk15on-1.67.jar:/home/runner/.m2/repository/commons-validator/commons-validator/1.6/commons-validator-1.6.jar:/home/runner/.m2/repository/commons-beanutils/commons-beanutils/1.9.4/commons-beanutils-1.9.4.jar:/home/runner/.m2/repository/commons-digester/commons-digester/1.8.1/commons-digester-1.8.1.jar:/home/runner/.m2/repository/commons-collections/commons-collections/3.2.2/commons-collections-3.2.2.jar:/home/runner/.m2/repository/io/jaegertracing/jaeger-client/1.6.0/jaeger-client-1.6.0.jar:/home/runner/.m2/repository/io/jaegertracing/jaeger-thrift/1.6.0/jaeger-thrift-1.6.0.jar:/home/runner/.m2/repository/org/apache/thrift/libthrift/0.14.1/libthrift-0.14.1.jar:/home/runner/.m2/repository/com/squareup/okhttp3/okhttp/4.9.0/okhttp-4.9.0.jar:/home/runner/.m2/repository/com/squareup/okio/okio/2.8.0/okio-2.8.0.jar:/home/runner/.m2/repository/io/jaegertracing/jaeger-core/1.6.0/jaeger-core-1.6.0.jar:/home/runner/.m2/repository/io/jaegertracing/jaeger-tracerresolver/1.6.0/jaeger-tracerresolver-1.6.0.jar:/home/runner/.m2/repository/io/opentracing/contrib/opentracing-tracerresolver/0.1.8/opentracing-tracerresolver-0.1.8.jar:/home/runner/.m2/repository/org/jetbrains/kotlin/kotlin-stdlib/1.4.31/kotlin-stdlib-1.4.31.jar:/home/runner/.m2/repository/org/jetbrains/kotlin/kotlin-stdlib-common/1.4.31/kotlin-stdlib-common-1.4.31.jar:/home/runner/.m2/repository/org/jetbrains/annotations/13.0/annotations-13.0.jar:/home/runner/.m2/repository/io/opentracing/opentracing-util/0.33.0/opentracing-util-0.33.0.jar:/home/runner/.m2/repository/io/opentracing/opentracing-api/0.33.0/opentracing-api-0.33.0.jar:/home/runner/.m2/repository/io/opentracing/opentracing-noop/0.33.0/opentracing-noop-0.33.0.jar:/home/runner/.m2/repository/org/yaml/snakeyaml/1.26/snakeyaml-1.26.jar:/home/runner/.m2/repository/org/apache/ozone/hdds-interface-admin/1.3.0-SNAPSHOT/hdds-interface-admin-1.3.0-SNAPSHOT.jar:/home/runner/.m2/repository/junit/junit/4.13.1/junit-4.13.1.jar:/home/runner/.m2/repository/org/hamcrest/hamcrest-core/1.3/hamcrest-core-1.3.jar:/home/runner/.m2/repository/org/junit/jupiter/junit-jupiter-api/5.7.0/junit-jupiter-api-5.7.0.jar:/home/runner/.m2/repository/org/apiguardian/apiguardian-api/1.1.0/apiguardian-api-1.1.0.jar:/home/runner/.m2/repository/org/opentest4j/opentest4j/1.2.0/opentest4j-1.2.0.jar:/home/runner/.m2/repository/org/junit/platform/junit-platform-commons/1.7.0/junit-platform-commons-1.7.0.jar:/home/runner/.m2/repository/org/junit/jupiter/junit-jupiter-engine/5.7.0/junit-jupiter-engine-5.7.0.jar:/home/runner/.m2/repository/org/junit/platform/junit-platform-engine/1.7.0/junit-platform-engine-1.7.0.jar:/home/runner/.m2/repository/org/junit/vintage/junit-vintage-engine/5.7.0/junit-vintage-engine-5.7.0.jar:/home/runner/.m2/repository/org/junit/platform/junit-platform-launcher/1.7.0/junit-platform-launcher-1.7.0.jar:/home/runner/.m2/repository/org/openjdk/jmh/jmh-core/1.19/jmh-core-1.19.jar:/home/runner/.m2/repository/net/sf/jopt-simple/jopt-simple/4.6/jopt-simple-4.6.jar:/home/runner/.m2/repository/org/apache/commons/commons-math3/3.1.1/commons-math3-3.1.1.jar:/home/runner/.m2/repository/org/openjdk/jmh/jmh-generator-annprocess/1.19/jmh-generator-annprocess-1.19.jar:/home/runner/.m2/repository/org/mockito/mockito-core/2.28.2/mockito-core-2.28.2.jar:/home/runner/.m2/repository/net/bytebuddy/byte-buddy/1.9.10/byte-buddy-1.9.10.jar:/home/runner/.m2/repository/net/bytebuddy/byte-buddy-agent/1.9.10/byte-buddy-agent-1.9.10.jar:/home/runner/.m2/repository/org/objenesis/objenesis/1.0/objenesis-1.0.jar:/home/runner/.m2/repository/org/apache/hadoop/hadoop-kms/3.3.1/hadoop-kms-3.3.1.jar:/home/runner/.m2/repository/org/apache/hadoop/hadoop-auth/3.3.1/hadoop-auth-3.3.1.jar:/home/runner/.m2/repository/com/nimbusds/nimbus-jose-jwt/7.9/nimbus-jose-jwt-7.9.jar:/home/runner/.m2/repository/com/github/stephenc/jcip/jcip-annotations/1.0-1/jcip-annotations-1.0-1.jar:/home/runner/.m2/repository/net/minidev/json-smart/2.3.1/json-smart-2.3.1.jar:/home/runner/.m2/repository/net/minidev/accessors-smart/2.3.1/accessors-smart-2.3.1.jar:/home/runner/.m2/repository/org/ow2/asm/asm/5.0.4/asm-5.0.4.jar:/home/runner/.m2/repository/org/apache/zookeeper/zookeeper/3.5.6/zookeeper-3.5.6.jar:/home/runner/.m2/repository/org/apache/zookeeper/zookeeper-jute/3.5.6/zookeeper-jute-3.5.6.jar:/home/runner/.m2/repository/org/apache/yetus/audience-annotations/0.5.0/audience-annotations-0.5.0.jar:/home/runner/.m2/repository/org/apache/curator/curator-framework/4.2.0/curator-framework-4.2.0.jar:/home/runner/.m2/repository/org/apache/hadoop/thirdparty/hadoop-shaded-guava/1.1.1/hadoop-shaded-guava-1.1.1.jar:/home/runner/.m2/repository/com/sun/jersey/jersey-core/1.19/jersey-core-1.19.jar:/home/runner/.m2/repository/javax/ws/rs/jsr311-api/1.1.1/jsr311-api-1.1.1.jar:/home/runner/.m2/repository/com/sun/jersey/jersey-server/1.19/jersey-server-1.19.jar:/home/runner/.m2/repository/javax/servlet/javax.servlet-api/3.1.0/javax.servlet-api-3.1.0.jar:/home/runner/.m2/repository/org/eclipse/jetty/jetty-server/9.4.43.v20210629/jetty-server-9.4.43.v20210629.jar:/home/runner/.m2/repository/org/eclipse/jetty/jetty-http/9.4.43.v20210629/jetty-http-9.4.43.v20210629.jar:/home/runner/.m2/repository/org/eclipse/jetty/jetty-io/9.4.43.v20210629/jetty-io-9.4.43.v20210629.jar:/home/runner/.m2/repository/org/eclipse/jetty/jetty-webapp/9.4.43.v20210629/jetty-webapp-9.4.43.v20210629.jar:/home/runner/.m2/repository/org/eclipse/jetty/jetty-xml/9.4.43.v20210629/jetty-xml-9.4.43.v20210629.jar:/home/runner/.m2/repository/org/apache/hadoop/hadoop-common/3.3.1/hadoop-common-3.3.1.jar:/home/runner/.m2/repository/commons-net/commons-net/3.6/commons-net-3.6.jar:/home/runner/.m2/repository/jakarta/activation/jakarta.activation-api/1.2.1/jakarta.activation-api-1.2.1.jar:/home/runner/.m2/repository/com/sun/jersey/jersey-servlet/1.19/jersey-servlet-1.19.jar:/home/runner/.m2/repository/com/sun/jersey/jersey-json/1.19/jersey-json-1.19.jar:/home/runner/.m2/repository/org/codehaus/jettison/jettison/1.1/jettison-1.1.jar:/home/runner/.m2/repository/com/sun/xml/bind/jaxb-impl/2.2.3-1/jaxb-impl-2.2.3-1.jar:/home/runner/.m2/repository/org/codehaus/jackson/jackson-jaxrs/1.9.2/jackson-jaxrs-1.9.2.jar:/home/runner/.m2/repository/org/codehaus/jackson/jackson-xc/1.9.2/jackson-xc-1.9.2.jar:/home/runner/.m2/repository/org/apache/commons/commons-configuration2/2.1.1/commons-configuration2-2.1.1.jar:/home/runner/.m2/repository/org/apache/commons/commons-text/1.4/commons-text-1.4.jar:/home/runner/.m2/repository/com/google/re2j/re2j/1.1/re2j-1.1.jar:/home/runner/.m2/repository/com/jcraft/jsch/0.1.54/jsch-0.1.54.jar:/home/runner/.m2/repository/org/apache/curator/curator-client/4.2.0/curator-client-4.2.0.jar:/home/runner/.m2/repository/org/apache/curator/curator-recipes/4.2.0/curator-recipes-4.2.0.jar:/home/runner/.m2/repository/org/apache/kerby/kerb-core/1.0.1/kerb-core-1.0.1.jar:/home/runner/.m2/repository/org/apache/kerby/kerby-pkix/1.0.1/kerby-pkix-1.0.1.jar:/home/runner/.m2/repository/org/apache/kerby/kerby-asn1/1.0.1/kerby-asn1-1.0.1.jar:/home/runner/.m2/repository/org/apache/kerby/kerby-util/1.0.1/kerby-util-1.0.1.jar:/home/runner/.m2/repository/dnsjava/dnsjava/2.1.7/dnsjava-2.1.7.jar:/home/runner/.m2/repository/org/xerial/snappy/snappy-java/1.1.8.2/snappy-java-1.1.8.2.jar:/home/runner/.m2/repository/org/slf4j/jul-to-slf4j/1.7.30/jul-to-slf4j-1.7.30.jar:/home/runner/.m2/repository/org/eclipse/jetty/jetty-util/9.4.43.v20210629/jetty-util-9.4.43.v20210629.jar:/home/runner/.m2/repository/com/fasterxml/jackson/core/jackson-databind/2.12.1/jackson-databind-2.12.1.jar:/home/runner/.m2/repository/org/apache/hadoop/hadoop-kms/3.3.1/hadoop-kms-3.3.1-tests.jar:/home/runner/.m2/repository/org/apache/ozone/hdds-server-scm/1.3.0-SNAPSHOT/hdds-server-scm-1.3.0-SNAPSHOT-tests.jar:/home/runner/.m2/repository/org/apache/ozone/hdds-container-service/1.3.0-SNAPSHOT/hdds-container-service-1.3.0-SNAPSHOT-tests.jar:/home/runner/.m2/repository/commons-codec/commons-codec/1.11/commons-codec-1.11.jar:/home/runner/.m2/repository/io/netty/netty-transport/4.1.63.Final/netty-transport-4.1.63.Final.jar:/home/runner/.m2/repository/io/netty/netty-resolver/4.1.63.Final/netty-resolver-4.1.63.Final.jar:/home/runner/.m2/repository/io/netty/netty-codec/4.1.63.Final/netty-codec-4.1.63.Final.jar:/home/runner/.m2/repository/io/netty/netty-handler/4.1.63.Final/netty-handler-4.1.63.Final.jar:/home/runner/.m2/repository/org/apache/ozone/hdds-hadoop-dependency-test/1.3.0-SNAPSHOT/hdds-hadoop-dependency-test-1.3.0-SNAPSHOT.jar:/home/runner/.m2/repository/org/apache/hadoop/hadoop-common/3.3.1/hadoop-common-3.3.1-tests.jar:/home/runner/.m2/repository/org/assertj/assertj-core/3.12.2/assertj-core-3.12.2.jar:/home/runner/.m2/repository/org/apache/hadoop/hadoop-hdfs/3.3.1/hadoop-hdfs-3.3.1-tests.jar:/home/runner/.m2/repository/org/eclipse/jetty/jetty-util-ajax/9.4.43.v20210629/jetty-util-ajax-9.4.43.v20210629.jar:/home/runner/.m2/repository/commons-daemon/commons-daemon/1.0.13/commons-daemon-1.0.13.jar:/home/runner/.m2/repository/io/netty/netty/3.10.6.Final/netty-3.10.6.Final.jar:/home/runner/.m2/repository/io/netty/netty-all/4.1.63.Final/netty-all-4.1.63.Final.jar:/home/runner/.m2/repository/org/apache/htrace/htrace-core4/4.1.0-incubating/htrace-core4-4.1.0-incubating.jar:/home/runner/.m2/repository/org/fusesource/leveldbjni/leveldbjni-all/1.8/leveldbjni-all-1.8.jar:/home/runner/.m2/repository/org/apache/hadoop/hadoop-distcp/3.3.1/hadoop-distcp-3.3.1.jar:/home/runner/.m2/repository/org/apache/hadoop/hadoop-mapreduce-client-jobclient/3.3.1/hadoop-mapreduce-client-jobclient-3.3.1.jar:/home/runner/.m2/repository/org/apache/hadoop/hadoop-mapreduce-client-common/3.3.1/hadoop-mapreduce-client-common-3.3.1.jar:/home/runner/.m2/repository/org/apache/hadoop/hadoop-yarn-common/3.3.1/hadoop-yarn-common-3.3.1.jar:/home/runner/.m2/repository/org/apache/hadoop/hadoop-yarn-api/3.3.1/hadoop-yarn-api-3.3.1.jar:/home/runner/.m2/repository/com/sun/jersey/jersey-client/1.19/jersey-client-1.19.jar:/home/runner/.m2/repository/com/sun/jersey/contribs/jersey-guice/1.19/jersey-guice-1.19.jar:/home/runner/.m2/repository/com/fasterxml/jackson/jaxrs/jackson-jaxrs-json-provider/2.12.1/jackson-jaxrs-json-provider-2.12.1.jar:/home/runner/.m2/repository/com/fasterxml/jackson/jaxrs/jackson-jaxrs-base/2.12.1/jackson-jaxrs-base-2.12.1.jar:/home/runner/.m2/repository/org/apache/hadoop/hadoop-yarn-client/3.3.1/hadoop-yarn-client-3.3.1.jar:/home/runner/.m2/repository/org/eclipse/jetty/websocket/websocket-client/9.4.40.v20210413/websocket-client-9.4.40.v20210413.jar:/home/runner/.m2/repository/org/eclipse/jetty/jetty-client/9.4.40.v20210413/jetty-client-9.4.40.v20210413.jar:/home/runner/.m2/repository/org/eclipse/jetty/websocket/websocket-common/9.4.40.v20210413/websocket-common-9.4.40.v20210413.jar:/home/runner/.m2/repository/org/eclipse/jetty/websocket/websocket-api/9.4.40.v20210413/websocket-api-9.4.40.v20210413.jar:/home/runner/.m2/repository/org/jline/jline/3.9.0/jline-3.9.0.jar:/home/runner/.m2/repository/org/apache/hadoop/hadoop-mapreduce-client-core/3.3.1/hadoop-mapreduce-client-core-3.3.1.jar:/home/runner/.m2/repository/org/apache/avro/avro/1.7.7/avro-1.7.7.jar:/home/runner/.m2/repository/org/codehaus/jackson/jackson-core-asl/1.9.13/jackson-core-asl-1.9.13.jar:/home/runner/.m2/repository/org/codehaus/jackson/jackson-mapper-asl/1.9.13/jackson-mapper-asl-1.9.13.jar:/home/runner/.m2/repository/com/thoughtworks/paranamer/paranamer/2.3/paranamer-2.3.jar:/home/runner/.m2/repository/org/apache/hadoop/hadoop-annotations/3.3.1/hadoop-annotations-3.3.1.jar:/usr/lib/jvm/adoptopenjdk-8-hotspot-amd64/jre/../lib/tools.jar:/home/runner/.m2/repository/org/apache/hadoop/hadoop-distcp/3.3.1/hadoop-distcp-3.3.1-tests.jar:/home/runner/.m2/repository/org/apache/ratis/ratis-common/2.2.0/ratis-common-2.2.0.jar:/home/runner/.m2/repository/org/apache/ratis/ratis-thirdparty-misc/0.7.0/ratis-thirdparty-misc-0.7.0.jar:/home/runner/.m2/repository/org/apache/ratis/ratis-proto/2.2.0/ratis-proto-2.2.0.jar:"/>
    <property name="java.vm.vendor" value="AdoptOpenJDK"/>
    <property name="sun.arch.data.model" value="64"/>
    <property name="test.build.dir" value="/home/runner/work/ozone/ozone/hadoop-ozone/integration-test/target/test-dir"/>
    <property name="test.cache.data" value=""/>
    <property name="java.vendor.url" value="https://adoptopenjdk.net/"/>
    <property name="user.timezone" value=""/>
    <property name="java.vm.specification.version" value="1.8"/>
    <property name="os.name" value="Linux"/>
    <property name="test.build.data" value="/home/runner/work/ozone/ozone/hadoop-ozone/integration-test/target/test-dir"/>
    <property name="sun.java.launcher" value="SUN_STANDARD"/>
    <property name="sun.boot.library.path" value="/usr/lib/jvm/adoptopenjdk-8-hotspot-amd64/jre/lib/amd64"/>
    <property name="sun.java.command" value="/home/runner/work/ozone/ozone/hadoop-ozone/integration-test/target/surefire/surefirebooter6811204616698389687.jar /home/runner/work/ozone/ozone/hadoop-ozone/integration-test/target/surefire 2022-01-12T06-48-24_051-jvmRun1 surefire49974845838953560tmp surefire_424876857509483503259tmp"/>
    <property name="surefire.test.class.path" value="/home/runner/work/ozone/ozone/hadoop-ozone/integration-test/target/test-classes:/home/runner/work/ozone/ozone/hadoop-ozone/integration-test/target/classes:/home/runner/.m2/repository/org/apache/ozone/ozone-common/1.3.0-SNAPSHOT/ozone-common-1.3.0-SNAPSHOT.jar:/home/runner/.m2/repository/org/apache/commons/commons-compress/1.21/commons-compress-1.21.jar:/home/runner/.m2/repository/org/apache/ozone/hdds-common/1.3.0-SNAPSHOT/hdds-common-1.3.0-SNAPSHOT.jar:/home/runner/.m2/repository/org/apache/ozone/hdds-client/1.3.0-SNAPSHOT/hdds-client-1.3.0-SNAPSHOT.jar:/home/runner/.m2/repository/org/apache/ozone/ozone-interface-client/1.3.0-SNAPSHOT/ozone-interface-client-1.3.0-SNAPSHOT.jar:/home/runner/.m2/repository/org/apache/ozone/hdds-test-utils/1.3.0-SNAPSHOT/hdds-test-utils-1.3.0-SNAPSHOT.jar:/home/runner/.m2/repository/com/google/guava/guava/30.1.1-jre/guava-30.1.1-jre.jar:/home/runner/.m2/repository/com/google/guava/failureaccess/1.0.1/failureaccess-1.0.1.jar:/home/runner/.m2/repository/com/google/guava/listenablefuture/9999.0-empty-to-avoid-conflict-with-guava/listenablefuture-9999.0-empty-to-avoid-conflict-with-guava.jar:/home/runner/.m2/repository/com/google/code/findbugs/jsr305/3.0.0/jsr305-3.0.0.jar:/home/runner/.m2/repository/org/checkerframework/checker-qual/3.8.0/checker-qual-3.8.0.jar:/home/runner/.m2/repository/com/google/errorprone/error_prone_annotations/2.2.0/error_prone_annotations-2.2.0.jar:/home/runner/.m2/repository/com/google/j2objc/j2objc-annotations/1.3/j2objc-annotations-1.3.jar:/home/runner/.m2/repository/commons-io/commons-io/2.11.0/commons-io-2.11.0.jar:/home/runner/.m2/repository/commons-logging/commons-logging/1.2/commons-logging-1.2.jar:/home/runner/.m2/repository/log4j/log4j/1.2.17/log4j-1.2.17.jar:/home/runner/.m2/repository/org/slf4j/slf4j-api/1.7.30/slf4j-api-1.7.30.jar:/home/runner/.m2/repository/org/apache/ozone/hdds-server-scm/1.3.0-SNAPSHOT/hdds-server-scm-1.3.0-SNAPSHOT.jar:/home/runner/.m2/repository/org/apache/ozone/hdds-container-service/1.3.0-SNAPSHOT/hdds-container-service-1.3.0-SNAPSHOT.jar:/home/runner/.m2/repository/org/apache/ozone/hdds-hadoop-dependency-server/1.3.0-SNAPSHOT/hdds-hadoop-dependency-server-1.3.0-SNAPSHOT.jar:/home/runner/.m2/repository/org/apache/hadoop/hadoop-hdfs/3.3.1/hadoop-hdfs-3.3.1.jar:/home/runner/.m2/repository/org/apache/ozone/hdds-server-framework/1.3.0-SNAPSHOT/hdds-server-framework-1.3.0-SNAPSHOT.jar:/home/runner/.m2/repository/org/apache/ozone/hdds-interface-server/1.3.0-SNAPSHOT/hdds-interface-server-1.3.0-SNAPSHOT.jar:/home/runner/.m2/repository/org/eclipse/jetty/jetty-servlet/9.4.43.v20210629/jetty-servlet-9.4.43.v20210629.jar:/home/runner/.m2/repository/org/eclipse/jetty/jetty-security/9.4.43.v20210629/jetty-security-9.4.43.v20210629.jar:/home/runner/.m2/repository/org/rocksdb/rocksdbjni/6.25.3/rocksdbjni-6.25.3.jar:/home/runner/.m2/repository/io/prometheus/simpleclient_dropwizard/0.7.0/simpleclient_dropwizard-0.7.0.jar:/home/runner/.m2/repository/io/prometheus/simpleclient/0.7.0/simpleclient-0.7.0.jar:/home/runner/.m2/repository/io/prometheus/simpleclient_common/0.7.0/simpleclient_common-0.7.0.jar:/home/runner/.m2/repository/com/fasterxml/jackson/datatype/jackson-datatype-jsr310/2.12.1/jackson-datatype-jsr310-2.12.1.jar:/home/runner/.m2/repository/io/dropwizard/metrics/metrics-core/3.2.4/metrics-core-3.2.4.jar:/home/runner/.m2/repository/org/apache/hadoop/hadoop-hdfs-client/3.3.1/hadoop-hdfs-client-3.3.1.jar:/home/runner/.m2/repository/org/bouncycastle/bcprov-jdk15on/1.67/bcprov-jdk15on-1.67.jar:/home/runner/.m2/repository/com/google/protobuf/protobuf-java/2.5.0/protobuf-java-2.5.0.jar:/home/runner/.m2/repository/org/apache/ozone/ozone-manager/1.3.0-SNAPSHOT/ozone-manager-1.3.0-SNAPSHOT.jar:/home/runner/.m2/repository/org/aspectj/aspectjrt/1.9.7/aspectjrt-1.9.7.jar:/home/runner/.m2/repository/org/aspectj/aspectjweaver/1.9.7/aspectjweaver-1.9.7.jar:/home/runner/.m2/repository/org/apache/ozone/hdds-interface-client/1.3.0-SNAPSHOT/hdds-interface-client-1.3.0-SNAPSHOT.jar:/home/runner/.m2/repository/org/apache/hadoop/thirdparty/hadoop-shaded-protobuf_3_7/1.1.1/hadoop-shaded-protobuf_3_7-1.1.1.jar:/home/runner/.m2/repository/org/apache/ozone/ozone-interface-storage/1.3.0-SNAPSHOT/ozone-interface-storage-1.3.0-SNAPSHOT.jar:/home/runner/.m2/repository/org/reflections/reflections/0.9.11/reflections-0.9.11.jar:/home/runner/.m2/repository/org/apache/hadoop/hadoop-minikdc/3.3.1/hadoop-minikdc-3.3.1.jar:/home/runner/.m2/repository/org/apache/kerby/kerb-simplekdc/1.0.1/kerb-simplekdc-1.0.1.jar:/home/runner/.m2/repository/org/apache/kerby/kerb-client/1.0.1/kerb-client-1.0.1.jar:/home/runner/.m2/repository/org/apache/kerby/kerby-config/1.0.1/kerby-config-1.0.1.jar:/home/runner/.m2/repository/org/apache/kerby/kerb-common/1.0.1/kerb-common-1.0.1.jar:/home/runner/.m2/repository/org/apache/kerby/kerb-crypto/1.0.1/kerb-crypto-1.0.1.jar:/home/runner/.m2/repository/org/apache/kerby/kerb-util/1.0.1/kerb-util-1.0.1.jar:/home/runner/.m2/repository/org/apache/kerby/token-provider/1.0.1/token-provider-1.0.1.jar:/home/runner/.m2/repository/org/apache/kerby/kerb-admin/1.0.1/kerb-admin-1.0.1.jar:/home/runner/.m2/repository/org/apache/kerby/kerb-server/1.0.1/kerb-server-1.0.1.jar:/home/runner/.m2/repository/org/apache/kerby/kerb-identity/1.0.1/kerb-identity-1.0.1.jar:/home/runner/.m2/repository/org/apache/kerby/kerby-xdr/1.0.1/kerby-xdr-1.0.1.jar:/home/runner/.m2/repository/org/slf4j/slf4j-log4j12/1.7.30/slf4j-log4j12-1.7.30.jar:/home/runner/.m2/repository/org/apache/ozone/ozone-s3gateway/1.3.0-SNAPSHOT/ozone-s3gateway-1.3.0-SNAPSHOT.jar:/home/runner/.m2/repository/org/javassist/javassist/3.21.0-GA/javassist-3.21.0-GA.jar:/home/runner/.m2/repository/org/jboss/weld/servlet/weld-servlet/2.4.7.Final/weld-servlet-2.4.7.Final.jar:/home/runner/.m2/repository/org/glassfish/jersey/containers/jersey-container-servlet-core/2.33/jersey-container-servlet-core-2.33.jar:/home/runner/.m2/repository/org/glassfish/hk2/external/jakarta.inject/2.6.1/jakarta.inject-2.6.1.jar:/home/runner/.m2/repository/org/glassfish/jersey/core/jersey-common/2.33/jersey-common-2.33.jar:/home/runner/.m2/repository/jakarta/ws/rs/jakarta.ws.rs-api/2.1.6/jakarta.ws.rs-api-2.1.6.jar:/home/runner/.m2/repository/org/glassfish/jersey/ext/cdi/jersey-cdi1x/2.33/jersey-cdi1x-2.33.jar:/home/runner/.m2/repository/org/glassfish/jersey/inject/jersey-hk2/2.33/jersey-hk2-2.33.jar:/home/runner/.m2/repository/org/glassfish/hk2/hk2-locator/2.6.1/hk2-locator-2.6.1.jar:/home/runner/.m2/repository/org/glassfish/jersey/media/jersey-media-jaxb/2.33/jersey-media-jaxb-2.33.jar:/home/runner/.m2/repository/org/glassfish/hk2/osgi-resource-locator/1.0.3/osgi-resource-locator-1.0.3.jar:/home/runner/.m2/repository/org/glassfish/hk2/hk2-api/2.5.0/hk2-api-2.5.0.jar:/home/runner/.m2/repository/org/glassfish/hk2/hk2-utils/2.5.0/hk2-utils-2.5.0.jar:/home/runner/.m2/repository/org/glassfish/hk2/external/aopalliance-repackaged/2.5.0/aopalliance-repackaged-2.5.0.jar:/home/runner/.m2/repository/com/fasterxml/jackson/dataformat/jackson-dataformat-xml/2.12.1/jackson-dataformat-xml-2.12.1.jar:/home/runner/.m2/repository/com/fasterxml/jackson/core/jackson-core/2.12.1/jackson-core-2.12.1.jar:/home/runner/.m2/repository/com/fasterxml/jackson/module/jackson-module-jaxb-annotations/2.12.1/jackson-module-jaxb-annotations-2.12.1.jar:/home/runner/.m2/repository/jakarta/xml/bind/jakarta.xml.bind-api/2.3.2/jakarta.xml.bind-api-2.3.2.jar:/home/runner/.m2/repository/org/codehaus/woodstox/stax2-api/3.1.4/stax2-api-3.1.4.jar:/home/runner/.m2/repository/com/fasterxml/woodstox/woodstox-core/5.0.3/woodstox-core-5.0.3.jar:/home/runner/.m2/repository/javax/enterprise/cdi-api/1.2/cdi-api-1.2.jar:/home/runner/.m2/repository/javax/el/javax.el-api/3.0.0/javax.el-api-3.0.0.jar:/home/runner/.m2/repository/javax/interceptor/javax.interceptor-api/1.2/javax.interceptor-api-1.2.jar:/home/runner/.m2/repository/javax/inject/javax.inject/1/javax.inject-1.jar:/home/runner/.m2/repository/javax/xml/bind/jaxb-api/2.3.0/jaxb-api-2.3.0.jar:/home/runner/.m2/repository/org/glassfish/jaxb/jaxb-runtime/2.3.0.1/jaxb-runtime-2.3.0.1.jar:/home/runner/.m2/repository/org/glassfish/jaxb/jaxb-core/2.3.0.1/jaxb-core-2.3.0.1.jar:/home/runner/.m2/repository/org/glassfish/jaxb/txw2/2.3.0.1/txw2-2.3.0.1.jar:/home/runner/.m2/repository/com/sun/istack/istack-commons-runtime/3.0.5/istack-commons-runtime-3.0.5.jar:/home/runner/.m2/repository/org/jvnet/staxex/stax-ex/1.7.8/stax-ex-1.7.8.jar:/home/runner/.m2/repository/com/sun/xml/fastinfoset/FastInfoset/1.2.13/FastInfoset-1.2.13.jar:/home/runner/.m2/repository/javax/activation/activation/1.1.1/activation-1.1.1.jar:/home/runner/.m2/repository/org/apache/ozone/ozone-csi/1.3.0-SNAPSHOT/ozone-csi-1.3.0-SNAPSHOT.jar:/home/runner/.m2/repository/com/google/protobuf/protobuf-java-util/3.12.0/protobuf-java-util-3.12.0.jar:/home/runner/.m2/repository/com/google/code/gson/gson/2.2.4/gson-2.2.4.jar:/home/runner/.m2/repository/org/apache/ozone/hdds-config/1.3.0-SNAPSHOT/hdds-config-1.3.0-SNAPSHOT.jar:/home/runner/.m2/repository/io/grpc/grpc-netty/1.33.0/grpc-netty-1.33.0.jar:/home/runner/.m2/repository/io/grpc/grpc-core/1.33.0/grpc-core-1.33.0.jar:/home/runner/.m2/repository/com/google/android/annotations/4.1.1.4/annotations-4.1.1.4.jar:/home/runner/.m2/repository/io/netty/netty-codec-http2/4.1.63.Final/netty-codec-http2-4.1.63.Final.jar:/home/runner/.m2/repository/io/netty/netty-codec-http/4.1.63.Final/netty-codec-http-4.1.63.Final.jar:/home/runner/.m2/repository/io/netty/netty-handler-proxy/4.1.63.Final/netty-handler-proxy-4.1.63.Final.jar:/home/runner/.m2/repository/io/netty/netty-codec-socks/4.1.63.Final/netty-codec-socks-4.1.63.Final.jar:/home/runner/.m2/repository/io/perfmark/perfmark-api/0.19.0/perfmark-api-0.19.0.jar:/home/runner/.m2/repository/org/codehaus/mojo/animal-sniffer-annotations/1.18/animal-sniffer-annotations-1.18.jar:/home/runner/.m2/repository/io/netty/netty-transport-native-epoll/4.1.63.Final/netty-transport-native-epoll-4.1.63.Final.jar:/home/runner/.m2/repository/io/netty/netty-common/4.1.63.Final/netty-common-4.1.63.Final.jar:/home/runner/.m2/repository/io/netty/netty-buffer/4.1.63.Final/netty-buffer-4.1.63.Final.jar:/home/runner/.m2/repository/io/netty/netty-transport-native-unix-common/4.1.63.Final/netty-transport-native-unix-common-4.1.63.Final.jar:/home/runner/.m2/repository/io/grpc/grpc-protobuf/1.33.0/grpc-protobuf-1.33.0.jar:/home/runner/.m2/repository/io/grpc/grpc-api/1.33.0/grpc-api-1.33.0.jar:/home/runner/.m2/repository/io/grpc/grpc-context/1.33.0/grpc-context-1.33.0.jar:/home/runner/.m2/repository/com/google/api/grpc/proto-google-common-protos/1.17.0/proto-google-common-protos-1.17.0.jar:/home/runner/.m2/repository/io/grpc/grpc-protobuf-lite/1.33.0/grpc-protobuf-lite-1.33.0.jar:/home/runner/.m2/repository/io/grpc/grpc-stub/1.33.0/grpc-stub-1.33.0.jar:/home/runner/.m2/repository/org/apache/ozone/ozone-recon/1.3.0-SNAPSHOT/ozone-recon-1.3.0-SNAPSHOT.jar:/home/runner/.m2/repository/org/apache/ozone/ozone-reconcodegen/1.3.0-SNAPSHOT/ozone-reconcodegen-1.3.0-SNAPSHOT.jar:/home/runner/.m2/repository/com/google/inject/extensions/guice-multibindings/4.0/guice-multibindings-4.0.jar:/home/runner/.m2/repository/com/google/inject/guice/4.0/guice-4.0.jar:/home/runner/.m2/repository/aopalliance/aopalliance/1.0/aopalliance-1.0.jar:/home/runner/.m2/repository/com/google/inject/extensions/guice-assistedinject/4.0/guice-assistedinject-4.0.jar:/home/runner/.m2/repository/com/google/inject/extensions/guice-servlet/4.0/guice-servlet-4.0.jar:/home/runner/.m2/repository/org/glassfish/jersey/containers/jersey-container-servlet/2.33/jersey-container-servlet-2.33.jar:/home/runner/.m2/repository/org/glassfish/hk2/guice-bridge/2.5.0/guice-bridge-2.5.0.jar:/home/runner/.m2/repository/org/glassfish/jersey/core/jersey-server/2.33/jersey-server-2.33.jar:/home/runner/.m2/repository/org/glassfish/jersey/core/jersey-client/2.33/jersey-client-2.33.jar:/home/runner/.m2/repository/jakarta/annotation/jakarta.annotation-api/1.3.5/jakarta.annotation-api-1.3.5.jar:/home/runner/.m2/repository/jakarta/validation/jakarta.validation-api/2.0.2/jakarta.validation-api-2.0.2.jar:/home/runner/.m2/repository/org/glassfish/jersey/media/jersey-media-json-jackson/2.33/jersey-media-json-jackson-2.33.jar:/home/runner/.m2/repository/org/glassfish/jersey/ext/jersey-entity-filtering/2.33/jersey-entity-filtering-2.33.jar:/home/runner/.m2/repository/org/jooq/jooq/3.11.10/jooq-3.11.10.jar:/home/runner/.m2/repository/org/jooq/jooq-meta/3.11.10/jooq-meta-3.11.10.jar:/home/runner/.m2/repository/org/jooq/jooq-codegen/3.11.10/jooq-codegen-3.11.10.jar:/home/runner/.m2/repository/com/jolbox/bonecp/0.8.0.RELEASE/bonecp-0.8.0.RELEASE.jar:/home/runner/.m2/repository/org/apache/derby/derby/10.14.2.0/derby-10.14.2.0.jar:/home/runner/.m2/repository/org/xerial/sqlite-jdbc/3.25.2/sqlite-jdbc-3.25.2.jar:/home/runner/.m2/repository/org/springframework/spring-jdbc/5.2.18.RELEASE/spring-jdbc-5.2.18.RELEASE.jar:/home/runner/.m2/repository/org/springframework/spring-beans/5.2.18.RELEASE/spring-beans-5.2.18.RELEASE.jar:/home/runner/.m2/repository/org/springframework/spring-core/5.2.18.RELEASE/spring-core-5.2.18.RELEASE.jar:/home/runner/.m2/repository/org/springframework/spring-jcl/5.2.18.RELEASE/spring-jcl-5.2.18.RELEASE.jar:/home/runner/.m2/repository/org/springframework/spring-tx/5.2.18.RELEASE/spring-tx-5.2.18.RELEASE.jar:/home/runner/.m2/repository/org/apache/ozone/ozone-client/1.3.0-SNAPSHOT/ozone-client-1.3.0-SNAPSHOT.jar:/home/runner/.m2/repository/org/apache/ozone/ozone-filesystem/1.3.0-SNAPSHOT/ozone-filesystem-1.3.0-SNAPSHOT.jar:/home/runner/.m2/repository/org/apache/ozone/ozone-filesystem-common/1.3.0-SNAPSHOT/ozone-filesystem-common-1.3.0-SNAPSHOT.jar:/home/runner/.m2/repository/org/apache/ozone/ozone-tools/1.3.0-SNAPSHOT/ozone-tools-1.3.0-SNAPSHOT.jar:/home/runner/.m2/repository/org/apache/ratis/ratis-tools/2.2.0/ratis-tools-2.2.0.jar:/home/runner/.m2/repository/com/amazonaws/aws-java-sdk-core/1.12.124/aws-java-sdk-core-1.12.124.jar:/home/runner/.m2/repository/org/apache/httpcomponents/httpclient/4.5.13/httpclient-4.5.13.jar:/home/runner/.m2/repository/org/apache/httpcomponents/httpcore/4.4.13/httpcore-4.4.13.jar:/home/runner/.m2/repository/software/amazon/ion/ion-java/1.0.2/ion-java-1.0.2.jar:/home/runner/.m2/repository/com/fasterxml/jackson/dataformat/jackson-dataformat-cbor/2.12.1/jackson-dataformat-cbor-2.12.1.jar:/home/runner/.m2/repository/joda-time/joda-time/2.8.1/joda-time-2.8.1.jar:/home/runner/.m2/repository/com/amazonaws/aws-java-sdk-s3/1.12.124/aws-java-sdk-s3-1.12.124.jar:/home/runner/.m2/repository/com/amazonaws/aws-java-sdk-kms/1.12.124/aws-java-sdk-kms-1.12.124.jar:/home/runner/.m2/repository/com/amazonaws/jmespath-java/1.12.124/jmespath-java-1.12.124.jar:/home/runner/.m2/repository/org/kohsuke/metainf-services/metainf-services/1.8/metainf-services-1.8.jar:/home/runner/.m2/repository/org/apache/ozone/hdds-tools/1.3.0-SNAPSHOT/hdds-tools-1.3.0-SNAPSHOT.jar:/home/runner/.m2/repository/commons-cli/commons-cli/1.2/commons-cli-1.2.jar:/home/runner/.m2/repository/org/apache/commons/commons-lang3/3.7/commons-lang3-3.7.jar:/home/runner/.m2/repository/org/apache/ozone/ozone-manager/1.3.0-SNAPSHOT/ozone-manager-1.3.0-SNAPSHOT-tests.jar:/home/runner/.m2/repository/org/apache/ozone/hdds-common/1.3.0-SNAPSHOT/hdds-common-1.3.0-SNAPSHOT-tests.jar:/home/runner/.m2/repository/org/apache/ozone/hdds-hadoop-dependency-client/1.3.0-SNAPSHOT/hdds-hadoop-dependency-client-1.3.0-SNAPSHOT.jar:/home/runner/.m2/repository/info/picocli/picocli/4.6.1/picocli-4.6.1.jar:/home/runner/.m2/repository/com/fasterxml/jackson/core/jackson-annotations/2.12.1/jackson-annotations-2.12.1.jar:/home/runner/.m2/repository/javax/annotation/javax.annotation-api/1.2/javax.annotation-api-1.2.jar:/home/runner/.m2/repository/org/apache/ratis/ratis-server/2.2.0/ratis-server-2.2.0.jar:/home/runner/.m2/repository/org/apache/ratis/ratis-client/2.2.0/ratis-client-2.2.0.jar:/home/runner/.m2/repository/org/apache/ratis/ratis-server-api/2.2.0/ratis-server-api-2.2.0.jar:/home/runner/.m2/repository/org/apache/ratis/ratis-metrics/2.2.0/ratis-metrics-2.2.0.jar:/home/runner/.m2/repository/org/apache/ratis/ratis-netty/2.2.0/ratis-netty-2.2.0.jar:/home/runner/.m2/repository/org/apache/ratis/ratis-grpc/2.2.0/ratis-grpc-2.2.0.jar:/home/runner/.m2/repository/org/apache/logging/log4j/log4j-api/2.17.1/log4j-api-2.17.1.jar:/home/runner/.m2/repository/org/apache/logging/log4j/log4j-core/2.17.1/log4j-core-2.17.1.jar:/home/runner/.m2/repository/com/lmax/disruptor/3.4.2/disruptor-3.4.2.jar:/home/runner/.m2/repository/org/apache/commons/commons-pool2/2.6.0/commons-pool2-2.6.0.jar:/home/runner/.m2/repository/org/bouncycastle/bcpkix-jdk15on/1.67/bcpkix-jdk15on-1.67.jar:/home/runner/.m2/repository/commons-validator/commons-validator/1.6/commons-validator-1.6.jar:/home/runner/.m2/repository/commons-beanutils/commons-beanutils/1.9.4/commons-beanutils-1.9.4.jar:/home/runner/.m2/repository/commons-digester/commons-digester/1.8.1/commons-digester-1.8.1.jar:/home/runner/.m2/repository/commons-collections/commons-collections/3.2.2/commons-collections-3.2.2.jar:/home/runner/.m2/repository/io/jaegertracing/jaeger-client/1.6.0/jaeger-client-1.6.0.jar:/home/runner/.m2/repository/io/jaegertracing/jaeger-thrift/1.6.0/jaeger-thrift-1.6.0.jar:/home/runner/.m2/repository/org/apache/thrift/libthrift/0.14.1/libthrift-0.14.1.jar:/home/runner/.m2/repository/com/squareup/okhttp3/okhttp/4.9.0/okhttp-4.9.0.jar:/home/runner/.m2/repository/com/squareup/okio/okio/2.8.0/okio-2.8.0.jar:/home/runner/.m2/repository/io/jaegertracing/jaeger-core/1.6.0/jaeger-core-1.6.0.jar:/home/runner/.m2/repository/io/jaegertracing/jaeger-tracerresolver/1.6.0/jaeger-tracerresolver-1.6.0.jar:/home/runner/.m2/repository/io/opentracing/contrib/opentracing-tracerresolver/0.1.8/opentracing-tracerresolver-0.1.8.jar:/home/runner/.m2/repository/org/jetbrains/kotlin/kotlin-stdlib/1.4.31/kotlin-stdlib-1.4.31.jar:/home/runner/.m2/repository/org/jetbrains/kotlin/kotlin-stdlib-common/1.4.31/kotlin-stdlib-common-1.4.31.jar:/home/runner/.m2/repository/org/jetbrains/annotations/13.0/annotations-13.0.jar:/home/runner/.m2/repository/io/opentracing/opentracing-util/0.33.0/opentracing-util-0.33.0.jar:/home/runner/.m2/repository/io/opentracing/opentracing-api/0.33.0/opentracing-api-0.33.0.jar:/home/runner/.m2/repository/io/opentracing/opentracing-noop/0.33.0/opentracing-noop-0.33.0.jar:/home/runner/.m2/repository/org/yaml/snakeyaml/1.26/snakeyaml-1.26.jar:/home/runner/.m2/repository/org/apache/ozone/hdds-interface-admin/1.3.0-SNAPSHOT/hdds-interface-admin-1.3.0-SNAPSHOT.jar:/home/runner/.m2/repository/junit/junit/4.13.1/junit-4.13.1.jar:/home/runner/.m2/repository/org/hamcrest/hamcrest-core/1.3/hamcrest-core-1.3.jar:/home/runner/.m2/repository/org/junit/jupiter/junit-jupiter-api/5.7.0/junit-jupiter-api-5.7.0.jar:/home/runner/.m2/repository/org/apiguardian/apiguardian-api/1.1.0/apiguardian-api-1.1.0.jar:/home/runner/.m2/repository/org/opentest4j/opentest4j/1.2.0/opentest4j-1.2.0.jar:/home/runner/.m2/repository/org/junit/platform/junit-platform-commons/1.7.0/junit-platform-commons-1.7.0.jar:/home/runner/.m2/repository/org/junit/jupiter/junit-jupiter-engine/5.7.0/junit-jupiter-engine-5.7.0.jar:/home/runner/.m2/repository/org/junit/platform/junit-platform-engine/1.7.0/junit-platform-engine-1.7.0.jar:/home/runner/.m2/repository/org/junit/vintage/junit-vintage-engine/5.7.0/junit-vintage-engine-5.7.0.jar:/home/runner/.m2/repository/org/junit/platform/junit-platform-launcher/1.7.0/junit-platform-launcher-1.7.0.jar:/home/runner/.m2/repository/org/openjdk/jmh/jmh-core/1.19/jmh-core-1.19.jar:/home/runner/.m2/repository/net/sf/jopt-simple/jopt-simple/4.6/jopt-simple-4.6.jar:/home/runner/.m2/repository/org/apache/commons/commons-math3/3.1.1/commons-math3-3.1.1.jar:/home/runner/.m2/repository/org/openjdk/jmh/jmh-generator-annprocess/1.19/jmh-generator-annprocess-1.19.jar:/home/runner/.m2/repository/org/mockito/mockito-core/2.28.2/mockito-core-2.28.2.jar:/home/runner/.m2/repository/net/bytebuddy/byte-buddy/1.9.10/byte-buddy-1.9.10.jar:/home/runner/.m2/repository/net/bytebuddy/byte-buddy-agent/1.9.10/byte-buddy-agent-1.9.10.jar:/home/runner/.m2/repository/org/objenesis/objenesis/1.0/objenesis-1.0.jar:/home/runner/.m2/repository/org/apache/hadoop/hadoop-kms/3.3.1/hadoop-kms-3.3.1.jar:/home/runner/.m2/repository/org/apache/hadoop/hadoop-auth/3.3.1/hadoop-auth-3.3.1.jar:/home/runner/.m2/repository/com/nimbusds/nimbus-jose-jwt/7.9/nimbus-jose-jwt-7.9.jar:/home/runner/.m2/repository/com/github/stephenc/jcip/jcip-annotations/1.0-1/jcip-annotations-1.0-1.jar:/home/runner/.m2/repository/net/minidev/json-smart/2.3.1/json-smart-2.3.1.jar:/home/runner/.m2/repository/net/minidev/accessors-smart/2.3.1/accessors-smart-2.3.1.jar:/home/runner/.m2/repository/org/ow2/asm/asm/5.0.4/asm-5.0.4.jar:/home/runner/.m2/repository/org/apache/zookeeper/zookeeper/3.5.6/zookeeper-3.5.6.jar:/home/runner/.m2/repository/org/apache/zookeeper/zookeeper-jute/3.5.6/zookeeper-jute-3.5.6.jar:/home/runner/.m2/repository/org/apache/yetus/audience-annotations/0.5.0/audience-annotations-0.5.0.jar:/home/runner/.m2/repository/org/apache/curator/curator-framework/4.2.0/curator-framework-4.2.0.jar:/home/runner/.m2/repository/org/apache/hadoop/thirdparty/hadoop-shaded-guava/1.1.1/hadoop-shaded-guava-1.1.1.jar:/home/runner/.m2/repository/com/sun/jersey/jersey-core/1.19/jersey-core-1.19.jar:/home/runner/.m2/repository/javax/ws/rs/jsr311-api/1.1.1/jsr311-api-1.1.1.jar:/home/runner/.m2/repository/com/sun/jersey/jersey-server/1.19/jersey-server-1.19.jar:/home/runner/.m2/repository/javax/servlet/javax.servlet-api/3.1.0/javax.servlet-api-3.1.0.jar:/home/runner/.m2/repository/org/eclipse/jetty/jetty-server/9.4.43.v20210629/jetty-server-9.4.43.v20210629.jar:/home/runner/.m2/repository/org/eclipse/jetty/jetty-http/9.4.43.v20210629/jetty-http-9.4.43.v20210629.jar:/home/runner/.m2/repository/org/eclipse/jetty/jetty-io/9.4.43.v20210629/jetty-io-9.4.43.v20210629.jar:/home/runner/.m2/repository/org/eclipse/jetty/jetty-webapp/9.4.43.v20210629/jetty-webapp-9.4.43.v20210629.jar:/home/runner/.m2/repository/org/eclipse/jetty/jetty-xml/9.4.43.v20210629/jetty-xml-9.4.43.v20210629.jar:/home/runner/.m2/repository/org/apache/hadoop/hadoop-common/3.3.1/hadoop-common-3.3.1.jar:/home/runner/.m2/repository/commons-net/commons-net/3.6/commons-net-3.6.jar:/home/runner/.m2/repository/jakarta/activation/jakarta.activation-api/1.2.1/jakarta.activation-api-1.2.1.jar:/home/runner/.m2/repository/com/sun/jersey/jersey-servlet/1.19/jersey-servlet-1.19.jar:/home/runner/.m2/repository/com/sun/jersey/jersey-json/1.19/jersey-json-1.19.jar:/home/runner/.m2/repository/org/codehaus/jettison/jettison/1.1/jettison-1.1.jar:/home/runner/.m2/repository/com/sun/xml/bind/jaxb-impl/2.2.3-1/jaxb-impl-2.2.3-1.jar:/home/runner/.m2/repository/org/codehaus/jackson/jackson-jaxrs/1.9.2/jackson-jaxrs-1.9.2.jar:/home/runner/.m2/repository/org/codehaus/jackson/jackson-xc/1.9.2/jackson-xc-1.9.2.jar:/home/runner/.m2/repository/org/apache/commons/commons-configuration2/2.1.1/commons-configuration2-2.1.1.jar:/home/runner/.m2/repository/org/apache/commons/commons-text/1.4/commons-text-1.4.jar:/home/runner/.m2/repository/com/google/re2j/re2j/1.1/re2j-1.1.jar:/home/runner/.m2/repository/com/jcraft/jsch/0.1.54/jsch-0.1.54.jar:/home/runner/.m2/repository/org/apache/curator/curator-client/4.2.0/curator-client-4.2.0.jar:/home/runner/.m2/repository/org/apache/curator/curator-recipes/4.2.0/curator-recipes-4.2.0.jar:/home/runner/.m2/repository/org/apache/kerby/kerb-core/1.0.1/kerb-core-1.0.1.jar:/home/runner/.m2/repository/org/apache/kerby/kerby-pkix/1.0.1/kerby-pkix-1.0.1.jar:/home/runner/.m2/repository/org/apache/kerby/kerby-asn1/1.0.1/kerby-asn1-1.0.1.jar:/home/runner/.m2/repository/org/apache/kerby/kerby-util/1.0.1/kerby-util-1.0.1.jar:/home/runner/.m2/repository/dnsjava/dnsjava/2.1.7/dnsjava-2.1.7.jar:/home/runner/.m2/repository/org/xerial/snappy/snappy-java/1.1.8.2/snappy-java-1.1.8.2.jar:/home/runner/.m2/repository/org/slf4j/jul-to-slf4j/1.7.30/jul-to-slf4j-1.7.30.jar:/home/runner/.m2/repository/org/eclipse/jetty/jetty-util/9.4.43.v20210629/jetty-util-9.4.43.v20210629.jar:/home/runner/.m2/repository/com/fasterxml/jackson/core/jackson-databind/2.12.1/jackson-databind-2.12.1.jar:/home/runner/.m2/repository/org/apache/hadoop/hadoop-kms/3.3.1/hadoop-kms-3.3.1-tests.jar:/home/runner/.m2/repository/org/apache/ozone/hdds-server-scm/1.3.0-SNAPSHOT/hdds-server-scm-1.3.0-SNAPSHOT-tests.jar:/home/runner/.m2/repository/org/apache/ozone/hdds-container-service/1.3.0-SNAPSHOT/hdds-container-service-1.3.0-SNAPSHOT-tests.jar:/home/runner/.m2/repository/commons-codec/commons-codec/1.11/commons-codec-1.11.jar:/home/runner/.m2/repository/io/netty/netty-transport/4.1.63.Final/netty-transport-4.1.63.Final.jar:/home/runner/.m2/repository/io/netty/netty-resolver/4.1.63.Final/netty-resolver-4.1.63.Final.jar:/home/runner/.m2/repository/io/netty/netty-codec/4.1.63.Final/netty-codec-4.1.63.Final.jar:/home/runner/.m2/repository/io/netty/netty-handler/4.1.63.Final/netty-handler-4.1.63.Final.jar:/home/runner/.m2/repository/org/apache/ozone/hdds-hadoop-dependency-test/1.3.0-SNAPSHOT/hdds-hadoop-dependency-test-1.3.0-SNAPSHOT.jar:/home/runner/.m2/repository/org/apache/hadoop/hadoop-common/3.3.1/hadoop-common-3.3.1-tests.jar:/home/runner/.m2/repository/org/assertj/assertj-core/3.12.2/assertj-core-3.12.2.jar:/home/runner/.m2/repository/org/apache/hadoop/hadoop-hdfs/3.3.1/hadoop-hdfs-3.3.1-tests.jar:/home/runner/.m2/repository/org/eclipse/jetty/jetty-util-ajax/9.4.43.v20210629/jetty-util-ajax-9.4.43.v20210629.jar:/home/runner/.m2/repository/commons-daemon/commons-daemon/1.0.13/commons-daemon-1.0.13.jar:/home/runner/.m2/repository/io/netty/netty/3.10.6.Final/netty-3.10.6.Final.jar:/home/runner/.m2/repository/io/netty/netty-all/4.1.63.Final/netty-all-4.1.63.Final.jar:/home/runner/.m2/repository/org/apache/htrace/htrace-core4/4.1.0-incubating/htrace-core4-4.1.0-incubating.jar:/home/runner/.m2/repository/org/fusesource/leveldbjni/leveldbjni-all/1.8/leveldbjni-all-1.8.jar:/home/runner/.m2/repository/org/apache/hadoop/hadoop-distcp/3.3.1/hadoop-distcp-3.3.1.jar:/home/runner/.m2/repository/org/apache/hadoop/hadoop-mapreduce-client-jobclient/3.3.1/hadoop-mapreduce-client-jobclient-3.3.1.jar:/home/runner/.m2/repository/org/apache/hadoop/hadoop-mapreduce-client-common/3.3.1/hadoop-mapreduce-client-common-3.3.1.jar:/home/runner/.m2/repository/org/apache/hadoop/hadoop-yarn-common/3.3.1/hadoop-yarn-common-3.3.1.jar:/home/runner/.m2/repository/org/apache/hadoop/hadoop-yarn-api/3.3.1/hadoop-yarn-api-3.3.1.jar:/home/runner/.m2/repository/com/sun/jersey/jersey-client/1.19/jersey-client-1.19.jar:/home/runner/.m2/repository/com/sun/jersey/contribs/jersey-guice/1.19/jersey-guice-1.19.jar:/home/runner/.m2/repository/com/fasterxml/jackson/jaxrs/jackson-jaxrs-json-provider/2.12.1/jackson-jaxrs-json-provider-2.12.1.jar:/home/runner/.m2/repository/com/fasterxml/jackson/jaxrs/jackson-jaxrs-base/2.12.1/jackson-jaxrs-base-2.12.1.jar:/home/runner/.m2/repository/org/apache/hadoop/hadoop-yarn-client/3.3.1/hadoop-yarn-client-3.3.1.jar:/home/runner/.m2/repository/org/eclipse/jetty/websocket/websocket-client/9.4.40.v20210413/websocket-client-9.4.40.v20210413.jar:/home/runner/.m2/repository/org/eclipse/jetty/jetty-client/9.4.40.v20210413/jetty-client-9.4.40.v20210413.jar:/home/runner/.m2/repository/org/eclipse/jetty/websocket/websocket-common/9.4.40.v20210413/websocket-common-9.4.40.v20210413.jar:/home/runner/.m2/repository/org/eclipse/jetty/websocket/websocket-api/9.4.40.v20210413/websocket-api-9.4.40.v20210413.jar:/home/runner/.m2/repository/org/jline/jline/3.9.0/jline-3.9.0.jar:/home/runner/.m2/repository/org/apache/hadoop/hadoop-mapreduce-client-core/3.3.1/hadoop-mapreduce-client-core-3.3.1.jar:/home/runner/.m2/repository/org/apache/avro/avro/1.7.7/avro-1.7.7.jar:/home/runner/.m2/repository/org/codehaus/jackson/jackson-core-asl/1.9.13/jackson-core-asl-1.9.13.jar:/home/runner/.m2/repository/org/codehaus/jackson/jackson-mapper-asl/1.9.13/jackson-mapper-asl-1.9.13.jar:/home/runner/.m2/repository/com/thoughtworks/paranamer/paranamer/2.3/paranamer-2.3.jar:/home/runner/.m2/repository/org/apache/hadoop/hadoop-annotations/3.3.1/hadoop-annotations-3.3.1.jar:/usr/lib/jvm/adoptopenjdk-8-hotspot-amd64/jre/../lib/tools.jar:/home/runner/.m2/repository/org/apache/hadoop/hadoop-distcp/3.3.1/hadoop-distcp-3.3.1-tests.jar:/home/runner/.m2/repository/org/apache/ratis/ratis-common/2.2.0/ratis-common-2.2.0.jar:/home/runner/.m2/repository/org/apache/ratis/ratis-thirdparty-misc/0.7.0/ratis-thirdparty-misc-0.7.0.jar:/home/runner/.m2/repository/org/apache/ratis/ratis-proto/2.2.0/ratis-proto-2.2.0.jar:"/>
    <property name="sun.cpu.endian" value="little"/>
    <property name="user.home" value="/home/runner"/>
    <property name="user.language" value="en"/>
    <property name="java.specification.vendor" value="Oracle Corporation"/>
    <property name="java.home" value="/usr/lib/jvm/adoptopenjdk-8-hotspot-amd64/jre"/>
    <property name="java.security.krb5.conf" value="/home/runner/work/ozone/ozone/hadoop-ozone/integration-test/target/test-classes/krb5.conf"/>
    <property name="basedir" value="/home/runner/work/ozone/ozone/hadoop-ozone/integration-test"/>
    <property name="file.separator" value="/"/>
    <property name="line.separator" value="&#10;"/>
    <property name="java.vm.specification.vendor" value="Oracle Corporation"/>
    <property name="java.specification.name" value="Java Platform API Specification"/>
    <property name="java.awt.graphicsenv" value="sun.awt.X11GraphicsEnvironment"/>
    <property name="skip.installnpx" value="true"/>
    <property name="surefire.real.class.path" value="/home/runner/work/ozone/ozone/hadoop-ozone/integration-test/target/surefire/surefirebooter6811204616698389687.jar:/home/runner/.m2/repository/org/jacoco/org.jacoco.agent/0.8.5/org.jacoco.agent-0.8.5-runtime.jar"/>
    <property name="hadoop.log.dir" value="/home/runner/work/ozone/ozone/hadoop-ozone/integration-test/target/log"/>
    <property name="sun.boot.class.path" value="/usr/lib/jvm/adoptopenjdk-8-hotspot-amd64/jre/lib/resources.jar:/usr/lib/jvm/adoptopenjdk-8-hotspot-amd64/jre/lib/rt.jar:/usr/lib/jvm/adoptopenjdk-8-hotspot-amd64/jre/lib/sunrsasign.jar:/usr/lib/jvm/adoptopenjdk-8-hotspot-amd64/jre/lib/jsse.jar:/usr/lib/jvm/adoptopenjdk-8-hotspot-amd64/jre/lib/jce.jar:/usr/lib/jvm/adoptopenjdk-8-hotspot-amd64/jre/lib/charsets.jar:/usr/lib/jvm/adoptopenjdk-8-hotspot-amd64/jre/lib/jfr.jar:/usr/lib/jvm/adoptopenjdk-8-hotspot-amd64/jre/classes"/>
    <property name="sun.management.compiler" value="HotSpot 64-Bit Tiered Compilers"/>
    <property name="skip.npx" value="true"/>
    <property name="java.runtime.version" value="1.8.0_292-b10"/>
    <property name="java.net.preferIPv4Stack" value="true"/>
    <property name="user.name" value="runner"/>
    <property name="path.separator" value=":"/>
    <property name="java.security.egd" value="file:///dev/urandom"/>
    <property name="os.version" value="5.4.0-1064-azure"/>
    <property name="java.endorsed.dirs" value="/usr/lib/jvm/adoptopenjdk-8-hotspot-amd64/jre/lib/endorsed"/>
    <property name="java.runtime.name" value="OpenJDK Runtime Environment"/>
    <property name="file.encoding" value="UTF-8"/>
    <property name="java.vm.name" value="OpenJDK 64-Bit Server VM"/>
    <property name="test.build.webapps" value=""/>
    <property name="localRepository" value="/home/runner/.m2/repository"/>
    <property name="java.vendor.url.bug" value="https://github.com/AdoptOpenJDK/openjdk-support/issues"/>
    <property name="java.io.tmpdir" value="/tmp"/>
    <property name="require.test.libhadoop" value=""/>
    <property name="java.version" value="1.8.0_292"/>
    <property name="user.dir" value="/home/runner/work/ozone/ozone/hadoop-ozone/integration-test"/>
    <property name="os.arch" value="amd64"/>
    <property name="java.vm.specification.name" value="Java Virtual Machine Specification"/>
    <property name="test.build.classes" value="/home/runner/work/ozone/ozone/hadoop-ozone/integration-test/target/test-classes"/>
    <property name="java.awt.printerjob" value="sun.print.PSPrinterJob"/>
    <property name="sun.os.patch.level" value="unknown"/>
    <property name="hadoop.tmp.dir" value="/home/runner/work/ozone/ozone/hadoop-ozone/integration-test/target/tmp"/>
    <property name="java.library.path" value="/usr/java/packages/lib/amd64:/usr/lib64:/lib64:/lib:/usr/lib"/>
    <property name="java.vm.info" value="mixed mode"/>
    <property name="java.vendor" value="AdoptOpenJDK"/>
    <property name="java.vm.version" value="25.292-b10"/>
    <property name="java.ext.dirs" value="/usr/lib/jvm/adoptopenjdk-8-hotspot-amd64/jre/lib/ext:/usr/java/packages/lib/ext"/>
    <property name="sun.io.unicode.encoding" value="UnicodeLittle"/>
    <property name="java.class.version" value="52.0"/>
  </properties>
  <testcase name="testMultipleDataDirs" classname="org.apache.hadoop.ozone.TestMiniOzoneCluster" time="24.902"/>
  <testcase name="testStartMultipleDatanodes" classname="org.apache.hadoop.ozone.TestMiniOzoneCluster" time="39.481"/>
  <testcase name="testDNstartAfterSCM" classname="org.apache.hadoop.ozone.TestMiniOzoneCluster" time="118.268">
    <error message="test timed out after 100000 milliseconds" type="org.junit.runners.model.TestTimedOutException">org.junit.runners.model.TestTimedOutException: test timed out after 100000 milliseconds
	at java.lang.Thread.sleep(Native Method)
	at org.apache.hadoop.ozone.TestMiniOzoneCluster.testDNstartAfterSCM(TestMiniOzoneCluster.java:334)
	at sun.reflect.NativeMethodAccessorImpl.invoke0(Native Method)
	at sun.reflect.NativeMethodAccessorImpl.invoke(NativeMethodAccessorImpl.java:62)
	at sun.reflect.DelegatingMethodAccessorImpl.invoke(DelegatingMethodAccessorImpl.java:43)
	at java.lang.reflect.Method.invoke(Method.java:498)
	at org.junit.runners.model.FrameworkMethod$1.runReflectiveCall(FrameworkMethod.java:59)
	at org.junit.internal.runners.model.ReflectiveCallable.run(ReflectiveCallable.java:12)
	at org.junit.runners.model.FrameworkMethod.invokeExplosively(FrameworkMethod.java:56)
	at org.junit.internal.runners.statements.InvokeMethod.evaluate(InvokeMethod.java:17)
	at org.junit.internal.runners.statements.FailOnTimeout$CallableStatement.call(FailOnTimeout.java:288)
	at org.junit.internal.runners.statements.FailOnTimeout$CallableStatement.call(FailOnTimeout.java:282)
	at java.util.concurrent.FutureTask.run(FutureTask.java:266)
	at java.lang.Thread.run(Thread.java:748)
</error>
    <system-out><![CDATA[2022-01-12 07:41:12,813 [Time-limited test] WARN  server.ServerUtils (ServerUtils.java:getScmDbDir(148)) - ozone.scm.db.dirs is not configured. We recommend adding this setting. Falling back to ozone.metadata.dirs instead.
2022-01-12 07:41:12,822 [Time-limited test] INFO  ha.SCMHANodeDetails (SCMHANodeDetails.java:loadSCMHAConfig(157)) - ServiceID for StorageContainerManager is null
2022-01-12 07:41:12,822 [Time-limited test] INFO  ha.SCMHANodeDetails (SCMHANodeDetails.java:loadSCMHAConfig(162)) - ozone.scm.default.service.id is not defined, falling back to ozone.scm.service.ids to find serviceID for StorageContainerManager if it is HA enabled cluster
2022-01-12 07:41:12,823 [Time-limited test] WARN  server.ServerUtils (ServerUtils.java:getScmDbDir(148)) - ozone.scm.db.dirs is not configured. We recommend adding this setting. Falling back to ozone.metadata.dirs instead.
2022-01-12 07:41:12,824 [Time-limited test] INFO  upgrade.AbstractLayoutVersionManager (AbstractLayoutVersionManager.java:init(79)) - Initializing Layout version manager with metadata layout = SCM_HA (version = 2), software layout = SCM_HA (version = 2)
2022-01-12 07:41:12,903 [Time-limited test] INFO  reflections.Reflections (Reflections.java:scan(232)) - Reflections took 73 ms to scan 7 urls, producing 119 keys and 279 values 
2022-01-12 07:41:12,906 [Time-limited test] WARN  utils.HAUtils (HAUtils.java:getMetaDir(342)) - ozone.scm.db.dirs is not configured. We recommend adding this setting. Falling back to ozone.metadata.dirs instead.
2022-01-12 07:41:12,919 [Time-limited test] WARN  db.DBStoreBuilder (DBStoreBuilder.java:applyDBDefinition(145)) - ozone.scm.db.dirs is not configured. We recommend adding this setting. Falling back to ozone.metadata.dirs instead.
2022-01-12 07:41:13,068 [Time-limited test] INFO  net.NodeSchemaLoader (NodeSchemaLoader.java:loadSchemaFromFile(129)) - Loading schema from [jar:file:/home/runner/.m2/repository/org/apache/ozone/hdds-common/1.3.0-SNAPSHOT/hdds-common-1.3.0-SNAPSHOT.jar!/network-topology-default.xml]
2022-01-12 07:41:13,073 [Time-limited test] INFO  net.NodeSchemaLoader (NodeSchemaLoader.java:loadSchema(176)) - Loading network topology layer schema file
2022-01-12 07:41:13,077 [Time-limited test] INFO  ha.SequenceIdGenerator (SequenceIdGenerator.java:upgradeToSequenceId(347)) - upgrade localId to 109611004723200000
2022-01-12 07:41:13,077 [Time-limited test] INFO  ha.SequenceIdGenerator (SequenceIdGenerator.java:upgradeToSequenceId(357)) - upgrade delTxnId to 0
2022-01-12 07:41:13,077 [Time-limited test] INFO  ha.SequenceIdGenerator (SequenceIdGenerator.java:upgradeToSequenceId(371)) - upgrade containerId to 0
2022-01-12 07:41:13,077 [Time-limited test] INFO  ha.SequenceIdGenerator (SequenceIdGenerator.java:<init>(218)) - Init the HA SequenceIdGenerator.
2022-01-12 07:41:13,077 [Time-limited test] WARN  server.ServerUtils (ServerUtils.java:sanitizeUserArgs(73)) - ozone.scm.stale.node.interval value = 300000 is larger than max = 100000 based on the key value of ozone.scm.heartbeat.thread.interval, reset to the max value 100000.
2022-01-12 07:41:13,078 [Time-limited test] WARN  server.ServerUtils (ServerUtils.java:sanitizeUserArgs(73)) - ozone.scm.stale.node.interval value = 300000 is larger than max = 100000 based on the key value of ozone.scm.heartbeat.thread.interval, reset to the max value 100000.
2022-01-12 07:41:13,093 [Time-limited test] INFO  node.SCMNodeManager (SCMNodeManager.java:<init>(144)) - Entering startup safe mode.
2022-01-12 07:41:13,094 [Time-limited test] INFO  algorithms.ContainerPlacementPolicyFactory (ContainerPlacementPolicyFactory.java:getPolicy(60)) - Create container placement policy of type org.apache.hadoop.hdds.scm.container.placement.algorithms.SCMContainerPlacementRandom
2022-01-12 07:41:13,095 [Time-limited test] INFO  pipeline.PipelineStateManagerImpl (PipelineStateManagerImpl.java:initialize(78)) - No pipeline exists in current db
2022-01-12 07:41:13,095 [Time-limited test] INFO  algorithms.LeaderChoosePolicyFactory (LeaderChoosePolicyFactory.java:getPolicy(57)) - Create leader choose policy of type org.apache.hadoop.hdds.scm.pipeline.leader.choose.algorithms.MinLeaderCountChoosePolicy
2022-01-12 07:41:13,095 [Time-limited test] INFO  ha.SCMServiceManager (SCMServiceManager.java:register(43)) - Registering service BackgroundPipelineCreator.
2022-01-12 07:41:13,095 [Time-limited test] INFO  pipeline.BackgroundPipelineCreator (BackgroundPipelineCreator.java:start(130)) - Starting RatisPipelineUtilsThread.
2022-01-12 07:41:13,103 [Time-limited test] INFO  algorithms.PipelineChoosePolicyFactory (PipelineChoosePolicyFactory.java:createPipelineChoosePolicyFromClass(73)) - Create pipeline choose policy of type org.apache.hadoop.hdds.scm.pipeline.choose.algorithms.RandomPipelineChoosePolicy
2022-01-12 07:41:13,104 [Time-limited test] INFO  ha.SCMServiceManager (SCMServiceManager.java:register(43)) - Registering service SCMBlockDeletingService.
2022-01-12 07:41:13,104 [Time-limited test] INFO  ha.SCMServiceManager (SCMServiceManager.java:register(43)) - Registering service ReplicationManager.
2022-01-12 07:41:13,104 [Time-limited test] INFO  container.ReplicationManager (ReplicationManager.java:start(326)) - Starting Replication Monitor Thread.
2022-01-12 07:41:13,106 [Time-limited test] INFO  safemode.ContainerSafeModeRule (ContainerSafeModeRule.java:<init>(89)) - containers with one replica threshold count 0
2022-01-12 07:41:13,107 [Time-limited test] INFO  safemode.HealthyPipelineSafeModeRule (HealthyPipelineSafeModeRule.java:initializeRule(156)) - Total pipeline count is 0, healthy pipeline threshold count is 1
2022-01-12 07:41:13,107 [Time-limited test] INFO  safemode.OneReplicaPipelineSafeModeRule (OneReplicaPipelineSafeModeRule.java:initializeRule(180)) - Total pipeline count is 0, pipeline's with at least one datanode reported threshold count is 0
2022-01-12 07:41:13,110 [Time-limited test] INFO  ipc.CallQueueManager (CallQueueManager.java:<init>(90)) - Using callQueue: class java.util.concurrent.LinkedBlockingQueue, queueCapacity: 2000, scheduler: class org.apache.hadoop.ipc.DefaultRpcScheduler, ipcBackoff: false.
2022-01-12 07:41:13,114 [Socket Reader #1 for port 0] INFO  ipc.Server (Server.java:run(1265)) - Starting Socket Reader #1 for port 0
2022-01-12 07:41:13,117 [ReplicationMonitor] INFO  container.ReplicationManager (ReplicationManager.java:processAll(382)) - Replication Monitor Thread took 0 milliseconds for processing 0 containers.
2022-01-12 07:41:13,116 [Listener at 0.0.0.0/35925] INFO  ipc.CallQueueManager (CallQueueManager.java:<init>(90)) - Using callQueue: class java.util.concurrent.LinkedBlockingQueue, queueCapacity: 2000, scheduler: class org.apache.hadoop.ipc.DefaultRpcScheduler, ipcBackoff: false.
2022-01-12 07:41:13,129 [Socket Reader #1 for port 0] INFO  ipc.Server (Server.java:run(1265)) - Starting Socket Reader #1 for port 0
2022-01-12 07:41:13,143 [Listener at 0.0.0.0/45179] INFO  ipc.CallQueueManager (CallQueueManager.java:<init>(90)) - Using callQueue: class java.util.concurrent.LinkedBlockingQueue, queueCapacity: 2000, scheduler: class org.apache.hadoop.ipc.DefaultRpcScheduler, ipcBackoff: false.
2022-01-12 07:41:13,145 [Socket Reader #1 for port 0] INFO  ipc.Server (Server.java:run(1265)) - Starting Socket Reader #1 for port 0
2022-01-12 07:41:13,204 [Listener at 0.0.0.0/44009] INFO  algorithms.ContainerPlacementPolicyFactory (ContainerPlacementPolicyFactory.java:getPolicy(60)) - Create container placement policy of type org.apache.hadoop.hdds.scm.container.placement.algorithms.SCMContainerPlacementRandom
2022-01-12 07:41:13,205 [Listener at 0.0.0.0/44009] INFO  server.StorageContainerManager (StorageContainerManager.java:<init>(388)) - 
Container Balancer status:
Key                            Value
Running                        false
Container Balancer Configuration values:
Key                                                Value
Threshold                                          10
Max Datanodes to Involve per Iteration(percent)    20
Max Size to Move per Iteration                     500GB
Max Size Entering Target per Iteration             26GB
Max Size Leaving Source per Iteration              26GB

2022-01-12 07:41:13,205 [Listener at 0.0.0.0/44009] WARN  events.EventQueue (EventQueue.java:fireEvent(194)) - No event handler registered for event TypedEvent{payloadType=SafeModeStatus, name='Safe mode status'}
2022-01-12 07:41:13,206 [Listener at 0.0.0.0/44009] INFO  ha.SCMContext (SCMContext.java:updateSafeModeStatus(211)) - Update SafeModeStatus from SafeModeStatus{safeModeStatus=true, preCheckPassed=false} to SafeModeStatus{safeModeStatus=true, preCheckPassed=false}.
2022-01-12 07:41:13,206 [Listener at 0.0.0.0/44009] INFO  server.StorageContainerManager (StorageContainerManager.java:start(1303)) - StorageContainerLocationProtocol RPC server is listening at /0.0.0.0:44009
2022-01-12 07:41:13,208 [Listener at 0.0.0.0/44009] WARN  impl.MetricsConfig (MetricsConfig.java:loadFirst(136)) - Cannot locate configuration: tried hadoop-metrics2-storagecontainermanager.properties,hadoop-metrics2.properties
2022-01-12 07:41:13,223 [Listener at 0.0.0.0/44009] INFO  impl.MetricsSystemImpl (MetricsSystemImpl.java:startTimer(378)) - Scheduled Metric snapshot period at 10 second(s).
2022-01-12 07:41:13,223 [Listener at 0.0.0.0/44009] INFO  impl.MetricsSystemImpl (MetricsSystemImpl.java:start(191)) - StorageContainerManager metrics system started
2022-01-12 07:41:13,242 [Listener at 0.0.0.0/44009] INFO  impl.MetricsSinkAdapter (MetricsSinkAdapter.java:start(204)) - Sink prometheus started
2022-01-12 07:41:13,243 [Listener at 0.0.0.0/44009] INFO  impl.MetricsSystemImpl (MetricsSystemImpl.java:registerSink(305)) - Registered sink prometheus
2022-01-12 07:41:13,292 [Listener at 0.0.0.0/44009] INFO  server.SCMClientProtocolServer (SCMClientProtocolServer.java:start(164)) - RPC server for Client  is listening at /0.0.0.0:44009
2022-01-12 07:41:13,307 [IPC Server Responder] INFO  ipc.Server (Server.java:run(1507)) - IPC Server Responder: starting
2022-01-12 07:41:13,323 [Listener at 0.0.0.0/44009] INFO  server.StorageContainerManager (StorageContainerManager.java:start(1318)) - ScmBlockLocationProtocol RPC server is listening at /0.0.0.0:45179
2022-01-12 07:41:13,314 [IPC Server listener on 0] INFO  ipc.Server (Server.java:run(1344)) - IPC Server listener on 0: starting
2022-01-12 07:41:13,338 [Listener at 0.0.0.0/44009] INFO  server.SCMBlockProtocolServer (SCMBlockProtocolServer.java:start(151)) - RPC server for Block Protocol is listening at /0.0.0.0:45179
2022-01-12 07:41:13,340 [IPC Server Responder] INFO  ipc.Server (Server.java:run(1507)) - IPC Server Responder: starting
2022-01-12 07:41:13,340 [IPC Server listener on 0] INFO  ipc.Server (Server.java:run(1344)) - IPC Server listener on 0: starting
2022-01-12 07:41:13,344 [Listener at 0.0.0.0/44009] INFO  server.SCMDatanodeProtocolServer (SCMDatanodeProtocolServer.java:start(181)) - ScmDatanodeProtocol RPC server for DataNodes is listening at /0.0.0.0:35925
2022-01-12 07:41:13,345 [IPC Server Responder] INFO  ipc.Server (Server.java:run(1507)) - IPC Server Responder: starting
2022-01-12 07:41:13,345 [IPC Server listener on 0] INFO  ipc.Server (Server.java:run(1344)) - IPC Server listener on 0: starting
2022-01-12 07:41:13,370 [org.apache.hadoop.util.JvmPauseMonitor$Monitor@5884a73a] INFO  util.JvmPauseMonitor (JvmPauseMonitor.java:run(188)) - Starting JVM pause monitor
2022-01-12 07:41:13,372 [Listener at 0.0.0.0/44009] INFO  http.BaseHttpServer (BaseHttpServer.java:newHttpServer2BuilderForOzone(209)) - Starting Web-server for scm at: http://0.0.0.0:0
2022-01-12 07:41:13,372 [Listener at 0.0.0.0/44009] INFO  http.BaseHttpServer (BaseHttpServer.java:<init>(107)) - Hadoop Security Enabled: false Ozone Security Enabled: false Ozone HTTP Security Enabled: false 
2022-01-12 07:41:13,374 [Listener at 0.0.0.0/44009] INFO  server.AuthenticationFilter (AuthenticationFilter.java:constructSecretProvider(240)) - Unable to initialize FileSignerSecretProvider, falling back to use random secrets.
2022-01-12 07:41:13,379 [Listener at 0.0.0.0/44009] WARN  http.HttpRequestLog (HttpRequestLog.java:getRequestLog(103)) - Jetty request log can only be enabled using Log4j
2022-01-12 07:41:13,380 [Listener at 0.0.0.0/44009] INFO  http.HttpServer2 (HttpServer2.java:addGlobalFilter(1030)) - Added global filter 'safety' (class=org.apache.hadoop.hdds.server.http.HttpServer2$QuotingInputFilter)
2022-01-12 07:41:13,381 [Listener at 0.0.0.0/44009] INFO  http.HttpServer2 (HttpServer2.java:addFilter(1006)) - Added filter static_user_filter (class=org.apache.hadoop.http.lib.StaticUserWebFilter$StaticUserFilter) to context scm
2022-01-12 07:41:13,381 [Listener at 0.0.0.0/44009] INFO  http.HttpServer2 (HttpServer2.java:addFilter(1014)) - Added filter static_user_filter (class=org.apache.hadoop.http.lib.StaticUserWebFilter$StaticUserFilter) to context static
2022-01-12 07:41:13,382 [Listener at 0.0.0.0/44009] INFO  http.HttpServer2 (HttpServer2.java:addFilter(1014)) - Added filter static_user_filter (class=org.apache.hadoop.http.lib.StaticUserWebFilter$StaticUserFilter) to context logs
2022-01-12 07:41:13,382 [Listener at 0.0.0.0/44009] INFO  http.HttpServer2 (HttpServer2.java:bindListener(1249)) - Jetty bound to port 36357
2022-01-12 07:41:13,382 [Listener at 0.0.0.0/44009] INFO  server.Server (Server.java:doStart(375)) - jetty-9.4.43.v20210629; built: 2021-06-30T11:07:22.254Z; git: 526006ecfa3af7f1a27ef3a288e2bef7ea9dd7e8; jvm 1.8.0_292-b10
2022-01-12 07:41:13,428 [Listener at 0.0.0.0/44009] INFO  server.session (DefaultSessionIdManager.java:doStart(334)) - DefaultSessionIdManager workerName=node0
2022-01-12 07:41:13,428 [Listener at 0.0.0.0/44009] INFO  server.session (DefaultSessionIdManager.java:doStart(339)) - No SessionScavenger set, using defaults
2022-01-12 07:41:13,428 [Listener at 0.0.0.0/44009] INFO  server.session (HouseKeeper.java:startScavenging(132)) - node0 Scavenging every 660000ms
2022-01-12 07:41:13,436 [Listener at 0.0.0.0/44009] INFO  handler.ContextHandler (ContextHandler.java:doStart(915)) - Started o.e.j.s.ServletContextHandler@5022b7d6{logs,/logs,file:///home/runner/work/ozone/ozone/hadoop-ozone/integration-test/target/log,AVAILABLE}
2022-01-12 07:41:13,436 [Listener at 0.0.0.0/44009] INFO  handler.ContextHandler (ContextHandler.java:doStart(915)) - Started o.e.j.s.ServletContextHandler@4597a827{static,/static,file:///home/runner/work/ozone/ozone/hadoop-ozone/integration-test/target/test-classes/webapps/static,AVAILABLE}
2022-01-12 07:41:13,449 [Listener at 0.0.0.0/44009] INFO  handler.ContextHandler (ContextHandler.java:doStart(915)) - Started o.e.j.w.WebAppContext@4c27d6bb{scm,/,file:///home/runner/work/ozone/ozone/hadoop-ozone/integration-test/target/test-classes/webapps/scm/,AVAILABLE}{file:/home/runner/work/ozone/ozone/hadoop-ozone/integration-test/target/test-classes/webapps/scm}
2022-01-12 07:41:13,453 [Listener at 0.0.0.0/44009] INFO  server.AbstractConnector (AbstractConnector.java:doStart(331)) - Started ServerConnector@5a8ce74b{HTTP/1.1, (http/1.1)}{0.0.0.0:36357}
2022-01-12 07:41:13,454 [Listener at 0.0.0.0/44009] INFO  server.Server (Server.java:doStart(415)) - Started @66404ms
2022-01-12 07:41:13,454 [Listener at 0.0.0.0/44009] WARN  impl.MetricsSystemImpl (MetricsSystemImpl.java:register(279)) - Sink prometheus already exists!
2022-01-12 07:41:13,455 [Listener at 0.0.0.0/44009] INFO  http.BaseHttpServer (BaseHttpServer.java:updateConnectorAddress(329)) - HTTP server of scm listening at http://0.0.0.0:36357
2022-01-12 07:41:13,456 [Listener at 0.0.0.0/44009] WARN  server.ServerUtils (ServerUtils.java:getDBPath(225)) - ozone.om.db.dirs is not configured. We recommend adding this setting. Falling back to ozone.metadata.dirs instead.
2022-01-12 07:41:13,465 [Listener at 0.0.0.0/44009] INFO  ha.OMHANodeDetails (OMHANodeDetails.java:loadOMHAConfig(112)) - ozone.om.internal.service.id is not defined, falling back to ozone.om.service.ids to find serviceID for OzoneManager if it is HA enabled cluster
2022-01-12 07:41:13,466 [Listener at 0.0.0.0/44009] INFO  ha.OMHANodeDetails (OMHANodeDetails.java:loadOMHAConfig(218)) - Configuration does not have ozone.om.address set. Falling back to the default OM address /127.0.0.1:0
2022-01-12 07:41:13,466 [Listener at 0.0.0.0/44009] INFO  ha.OMHANodeDetails (OMHANodeDetails.java:getOMNodeDetailsForNonHA(246)) - OM Service ID is not set. Setting it to the default ID: omServiceIdDefault
2022-01-12 07:41:13,466 [Listener at 0.0.0.0/44009] INFO  ha.OMHANodeDetails (OMHANodeDetails.java:getOMNodeDetailsForNonHA(253)) - OM Node ID is not set. Setting it to the default ID: om1
2022-01-12 07:41:13,466 [Listener at 0.0.0.0/44009] WARN  server.ServerUtils (ServerUtils.java:getDBPath(225)) - ozone.om.db.dirs is not configured. We recommend adding this setting. Falling back to ozone.metadata.dirs instead.
2022-01-12 07:41:13,467 [Listener at 0.0.0.0/44009] INFO  upgrade.AbstractLayoutVersionManager (AbstractLayoutVersionManager.java:init(79)) - Initializing Layout version manager with metadata layout = INITIAL_VERSION (version = 0), software layout = INITIAL_VERSION (version = 0)
2022-01-12 07:41:13,582 [Listener at 0.0.0.0/44009] INFO  reflections.Reflections (Reflections.java:scan(232)) - Reflections took 108 ms to scan 2 urls, producing 133 keys and 345 values [using 2 cores]
2022-01-12 07:41:13,582 [Listener at 0.0.0.0/44009] INFO  upgrade.OMLayoutVersionManager (OMLayoutVersionManager.java:lambda$0(115)) - Skipping Upgrade Action MockOmUpgradeAction since it has been finalized.
2022-01-12 07:41:13,583 [Listener at 0.0.0.0/44009] WARN  server.ServerUtils (ServerUtils.java:getDBPath(225)) - ozone.om.db.dirs is not configured. We recommend adding this setting. Falling back to ozone.metadata.dirs instead.
2022-01-12 07:41:13,624 [Listener at 0.0.0.0/44009] WARN  server.ServerUtils (ServerUtils.java:getDBPath(225)) - ozone.om.db.dirs is not configured. We recommend adding this setting. Falling back to ozone.metadata.dirs instead.
2022-01-12 07:41:13,625 [Listener at 0.0.0.0/44009] INFO  codec.OmKeyInfoCodec (OmKeyInfoCodec.java:<init>(50)) - OmKeyInfoCodec ignorePipeline = true
2022-01-12 07:41:13,626 [Listener at 0.0.0.0/44009] INFO  codec.RepeatedOmKeyInfoCodec (RepeatedOmKeyInfoCodec.java:<init>(42)) - RepeatedOmKeyInfoCodec ignorePipeline = true
2022-01-12 07:41:13,870 [Listener at 0.0.0.0/44009] INFO  om.OzoneManager (OzoneManager.java:addS3GVolumeToDB(3728)) - Created Volume s3v With Owner runner required for S3Gateway operations.
2022-01-12 07:41:13,871 [Listener at 0.0.0.0/44009] WARN  server.ServerUtils (ServerUtils.java:getDefaultRatisDirectory(237)) - Storage directory for Ratis is not configured. It is a good idea to map this to an SSD disk. Falling back to ozone.metadata.dirs
2022-01-12 07:41:13,871 [Listener at 0.0.0.0/44009] WARN  utils.OzoneManagerRatisUtils (OzoneManagerRatisUtils.java:getOMRatisSnapshotDirectory(323)) - ozone.om.ratis.snapshot.dir is not configured. Falling back to ozone.metadata.dirs config
2022-01-12 07:41:13,873 [Listener at 0.0.0.0/44009] WARN  server.ServerUtils (ServerUtils.java:getDefaultRatisDirectory(237)) - Storage directory for Ratis is not configured. It is a good idea to map this to an SSD disk. Falling back to ozone.metadata.dirs
2022-01-12 07:41:13,880 [Listener at 0.0.0.0/44009] INFO  ratis.OzoneManagerRatisServer (OzoneManagerRatisServer.java:<init>(159)) - Instantiating OM Ratis server with groupID: omServiceIdDefault and peers: localhost:9872
2022-01-12 07:41:13,889 [Listener at 0.0.0.0/44009] INFO  ratis.OzoneManagerStateMachine (OzoneManagerStateMachine.java:loadSnapshotInfoFromDB(605)) - LastAppliedIndex is set from TransactionInfo from OM DB as (t:0, i:~)
2022-01-12 07:41:13,895 [Listener at 0.0.0.0/44009] INFO  server.RaftServer (ConfUtils.java:logGet(44)) - raft.rpc.type = GRPC (default)
2022-01-12 07:41:13,896 [Listener at 0.0.0.0/44009] INFO  grpc.GrpcFactory (GrpcFactory.java:checkPooledByteBufAllocatorUseCacheForAllThreads(48)) - PERFORMANCE WARNING: useCacheForAllThreads is true that may cause Netty to create a lot garbage objects and, as a result, trigger GC.
	It is recommended to disable useCacheForAllThreads by setting -Dorg.apache.ratis.thirdparty.io.netty.allocator.useCacheForAllThreads=false in command line.
2022-01-12 07:41:13,896 [Listener at 0.0.0.0/44009] INFO  grpc.GrpcConfigKeys (ConfUtils.java:logGet(44)) - raft.grpc.admin.port = -1 (default)
2022-01-12 07:41:13,897 [Listener at 0.0.0.0/44009] INFO  grpc.GrpcConfigKeys (ConfUtils.java:logGet(44)) - raft.grpc.server.port = 9872 (custom)
2022-01-12 07:41:13,897 [Listener at 0.0.0.0/44009] INFO  grpc.GrpcConfigKeys (ConfUtils.java:logGet(44)) - raft.grpc.client.port = -1 (default)
2022-01-12 07:41:13,897 [Listener at 0.0.0.0/44009] INFO  grpc.GrpcConfigKeys (ConfUtils.java:logGet(44)) - raft.grpc.server.port = 9872 (custom)
2022-01-12 07:41:13,897 [Listener at 0.0.0.0/44009] INFO  grpc.GrpcConfigKeys (ConfUtils.java:logGet(44)) - raft.grpc.server.port = 9872 (custom)
2022-01-12 07:41:13,897 [Listener at 0.0.0.0/44009] INFO  server.GrpcService (ConfUtils.java:logGet(44)) - raft.grpc.message.size.max = 33554432 (custom)
2022-01-12 07:41:13,897 [Listener at 0.0.0.0/44009] INFO  server.RaftServerConfigKeys (ConfUtils.java:logGet(44)) - raft.server.log.appender.buffer.byte-limit = 33554432 (custom)
2022-01-12 07:41:13,897 [Listener at 0.0.0.0/44009] INFO  server.GrpcService (ConfUtils.java:logGet(44)) - raft.grpc.flow.control.window = 1MB (=1048576) (default)
2022-01-12 07:41:13,897 [Listener at 0.0.0.0/44009] INFO  server.RaftServerConfigKeys (ConfUtils.java:logGet(44)) - raft.server.rpc.request.timeout = 3000ms (default)
2022-01-12 07:41:13,899 [Listener at 0.0.0.0/44009] INFO  impl.DataStreamServerImpl (ConfUtils.java:logGet(44)) - raft.datastream.type = DISABLED (default)
2022-01-12 07:41:13,899 [Listener at 0.0.0.0/44009] INFO  server.RaftServerConfigKeys (ConfUtils.java:logGet(44)) - raft.server.rpc.slowness.timeout = 120s (custom)
2022-01-12 07:41:13,899 [Listener at 0.0.0.0/44009] INFO  server.RaftServerConfigKeys (ConfUtils.java:logGet(44)) - raft.server.leaderelection.leader.step-down.wait-time = 10s (default)
2022-01-12 07:41:13,899 [Listener at 0.0.0.0/44009] INFO  server.RaftServerConfigKeys (ConfUtils.java:logGet(44)) - raft.server.storage.dir = [/home/runner/work/ozone/ozone/hadoop-ozone/integration-test/target/test-dir/MiniOzoneClusterImpl-98c4baf1-f560-4074-9287-a7c3af5f62c4/ozone-meta/ratis] (custom)
2022-01-12 07:41:13,900 [Listener at 0.0.0.0/44009] INFO  server.RaftServer (RaftServerProxy.java:addNew(95)) - om1: addNew group-C5BA1605619E:[om1|rpc:localhost:9872|priority:0] returns group-C5BA1605619E:java.util.concurrent.CompletableFuture@10fcc646[Not completed]
2022-01-12 07:41:13,900 [Listener at 0.0.0.0/44009] INFO  om.OzoneManager (OzoneManager.java:initializeRatisServer(1834)) - OzoneManager Ratis server initialized at port 9872
2022-01-12 07:41:13,904 [Listener at 0.0.0.0/44009] INFO  ipc.CallQueueManager (CallQueueManager.java:<init>(90)) - Using callQueue: class java.util.concurrent.LinkedBlockingQueue, queueCapacity: 2000, scheduler: class org.apache.hadoop.ipc.DefaultRpcScheduler, ipcBackoff: false.
2022-01-12 07:41:13,905 [pool-220-thread-1] INFO  server.RaftServer$Division (RaftServerImpl.java:<init>(184)) - om1: new RaftServerImpl for group-C5BA1605619E:[om1|rpc:localhost:9872|priority:0] with OzoneManagerStateMachine:uninitialized
2022-01-12 07:41:13,906 [Socket Reader #1 for port 0] INFO  ipc.Server (Server.java:run(1265)) - Starting Socket Reader #1 for port 0
2022-01-12 07:41:13,918 [pool-220-thread-1] INFO  server.RaftServerConfigKeys (ConfUtils.java:logGet(44)) - raft.server.rpc.timeout.min = 1s (custom)
2022-01-12 07:41:13,918 [pool-220-thread-1] INFO  server.RaftServerConfigKeys (ConfUtils.java:logGet(44)) - raft.server.rpc.timeout.max = 1200ms (custom)
2022-01-12 07:41:13,918 [pool-220-thread-1] INFO  server.RaftServerConfigKeys (ConfUtils.java:logGet(44)) - raft.server.rpc.sleep.time = 25ms (default)
2022-01-12 07:41:13,918 [pool-220-thread-1] INFO  server.RaftServerConfigKeys (ConfUtils.java:logGet(44)) - raft.server.rpc.slowness.timeout = 120s (custom)
2022-01-12 07:41:13,918 [pool-220-thread-1] INFO  server.RaftServerConfigKeys (ConfUtils.java:logGet(44)) - raft.server.leaderelection.leader.step-down.wait-time = 10s (default)
2022-01-12 07:41:13,918 [pool-220-thread-1] INFO  server.RaftServerConfigKeys (ConfUtils.java:logGet(44)) - raft.server.sleep.deviation.threshold = 300ms (default)
2022-01-12 07:41:13,918 [pool-220-thread-1] INFO  server.RaftServerConfigKeys (ConfUtils.java:logGet(44)) - raft.server.log.appender.install.snapshot.enabled = false (custom)
2022-01-12 07:41:13,918 [pool-220-thread-1] INFO  server.RaftServer$Division (ServerState.java:<init>(105)) - om1@group-C5BA1605619E: ConfigurationManager, init=-1: [om1|rpc:localhost:9872|priority:0], old=null, confs=<EMPTY_MAP>
2022-01-12 07:41:13,918 [pool-220-thread-1] INFO  server.RaftServerConfigKeys (ConfUtils.java:logGet(44)) - raft.server.storage.dir = [/home/runner/work/ozone/ozone/hadoop-ozone/integration-test/target/test-dir/MiniOzoneClusterImpl-98c4baf1-f560-4074-9287-a7c3af5f62c4/ozone-meta/ratis] (custom)
2022-01-12 07:41:13,918 [pool-220-thread-1] INFO  server.RaftServerConfigKeys (ConfUtils.java:logGet(44)) - raft.server.log.corruption.policy = EXCEPTION (default)
2022-01-12 07:41:13,919 [pool-220-thread-1] INFO  server.RaftServerConfigKeys (ConfUtils.java:logGet(44)) - raft.server.storage.free-space.min = 0MB (=0) (default)
2022-01-12 07:41:13,919 [pool-220-thread-1] INFO  storage.RaftStorageDirectory (RaftStorageDirectoryImpl.java:analyzeStorage(135)) - The storage directory /home/runner/work/ozone/ozone/hadoop-ozone/integration-test/target/test-dir/MiniOzoneClusterImpl-98c4baf1-f560-4074-9287-a7c3af5f62c4/ozone-meta/ratis/bf265839-605b-3f16-9796-c5ba1605619e does not exist. Creating ...
2022-01-12 07:41:13,920 [pool-220-thread-1] INFO  storage.RaftStorageDirectory (RaftStorageDirectoryImpl.java:tryLock(230)) - Lock on /home/runner/work/ozone/ozone/hadoop-ozone/integration-test/target/test-dir/MiniOzoneClusterImpl-98c4baf1-f560-4074-9287-a7c3af5f62c4/ozone-meta/ratis/bf265839-605b-3f16-9796-c5ba1605619e/in_use.lock acquired by nodename 24786@fv-az270-882
2022-01-12 07:41:13,922 [pool-220-thread-1] INFO  storage.RaftStorage (RaftStorageImpl.java:format(89)) - Storage directory /home/runner/work/ozone/ozone/hadoop-ozone/integration-test/target/test-dir/MiniOzoneClusterImpl-98c4baf1-f560-4074-9287-a7c3af5f62c4/ozone-meta/ratis/bf265839-605b-3f16-9796-c5ba1605619e has been successfully formatted.
2022-01-12 07:41:13,924 [pool-220-thread-1] INFO  server.RaftServerConfigKeys (ConfUtils.java:logGet(44)) - raft.server.notification.no-leader.timeout = 120s (custom)
2022-01-12 07:41:13,924 [pool-220-thread-1] INFO  server.RaftServerConfigKeys (ConfUtils.java:logGet(44)) - raft.server.log.use.memory = false (default)
2022-01-12 07:41:13,924 [pool-220-thread-1] INFO  server.RaftServerConfigKeys (ConfUtils.java:logGet(44)) - raft.server.log.purge.gap = 1000000 (custom)
2022-01-12 07:41:13,924 [pool-220-thread-1] INFO  server.RaftServerConfigKeys (ConfUtils.java:logGet(44)) - raft.server.log.appender.buffer.byte-limit = 33554432 (custom)
2022-01-12 07:41:13,925 [pool-220-thread-1] INFO  server.RaftServerConfigKeys (ConfUtils.java:logGet(44)) - raft.server.log.segment.size.max = 4194304 (custom)
2022-01-12 07:41:13,925 [pool-220-thread-1] INFO  server.RaftServerConfigKeys (ConfUtils.java:logGet(44)) - raft.server.log.segment.cache.num.max = 2 (custom)
2022-01-12 07:41:13,925 [pool-220-thread-1] INFO  server.RaftServerConfigKeys (ConfUtils.java:logGet(44)) - raft.server.log.segment.cache.size.max = 200MB (=209715200) (default)
2022-01-12 07:41:13,925 [pool-220-thread-1] INFO  segmented.SegmentedRaftLogWorker (SegmentedRaftLogWorker.java:<init>(182)) - new om1@group-C5BA1605619E-SegmentedRaftLogWorker for RaftStorageImpl:Storage Directory /home/runner/work/ozone/ozone/hadoop-ozone/integration-test/target/test-dir/MiniOzoneClusterImpl-98c4baf1-f560-4074-9287-a7c3af5f62c4/ozone-meta/ratis/bf265839-605b-3f16-9796-c5ba1605619e
2022-01-12 07:41:13,925 [pool-220-thread-1] INFO  server.RaftServerConfigKeys (ConfUtils.java:logGet(44)) - raft.server.log.queue.byte-limit = 64MB (=67108864) (default)
2022-01-12 07:41:13,925 [pool-220-thread-1] INFO  server.RaftServerConfigKeys (ConfUtils.java:logGet(44)) - raft.server.log.queue.element-limit = 4096 (default)
2022-01-12 07:41:13,928 [pool-220-thread-1] INFO  server.RaftServerConfigKeys (ConfUtils.java:logGet(44)) - raft.server.log.segment.size.max = 4194304 (custom)
2022-01-12 07:41:13,928 [pool-220-thread-1] INFO  server.RaftServerConfigKeys (ConfUtils.java:logGet(44)) - raft.server.log.preallocated.size = 4194304 (custom)
2022-01-12 07:41:13,930 [pool-220-thread-1] INFO  server.RaftServerConfigKeys (ConfUtils.java:logGet(44)) - raft.server.log.force.sync.num = 128 (default)
2022-01-12 07:41:13,932 [pool-220-thread-1] INFO  server.RaftServerConfigKeys (ConfUtils.java:logGet(44)) - raft.server.log.statemachine.data.sync = true (default)
2022-01-12 07:41:13,932 [pool-220-thread-1] INFO  server.RaftServerConfigKeys (ConfUtils.java:logGet(44)) - raft.server.log.statemachine.data.sync.timeout = 10s (default)
2022-01-12 07:41:13,932 [pool-220-thread-1] INFO  server.RaftServerConfigKeys (ConfUtils.java:logGet(44)) - raft.server.log.statemachine.data.sync.timeout.retry = -1 (default)
2022-01-12 07:41:13,933 [pool-220-thread-1] INFO  server.RaftServerConfigKeys (ConfUtils.java:logGet(44)) - raft.server.log.write.buffer.size = 64KB (=65536) (default)
2022-01-12 07:41:13,933 [pool-220-thread-1] INFO  server.RaftServerConfigKeys (ConfUtils.java:logGet(44)) - raft.server.log.statemachine.data.caching.enabled = false (default)
2022-01-12 07:41:13,933 [pool-220-thread-1] INFO  segmented.SegmentedRaftLogWorker (SegmentedRaftLogWorker.java:lambda$new$0(133)) - om1@group-C5BA1605619E-SegmentedRaftLogWorker: flushIndex: setUnconditionally 0 -> -1
2022-01-12 07:41:13,933 [pool-220-thread-1] INFO  segmented.SegmentedRaftLogWorker (SegmentedRaftLogWorker.java:lambda$new$0(133)) - om1@group-C5BA1605619E-SegmentedRaftLogWorker: safeCacheEvictIndex: setUnconditionally 0 -> -1
2022-01-12 07:41:13,933 [pool-220-thread-1] INFO  server.RaftServerConfigKeys (ConfUtils.java:logGet(44)) - raft.server.snapshot.auto.trigger.enabled = true (custom)
2022-01-12 07:41:13,933 [pool-220-thread-1] INFO  server.RaftServerConfigKeys (ConfUtils.java:logGet(44)) - raft.server.snapshot.auto.trigger.threshold = 400000 (default)
2022-01-12 07:41:13,933 [pool-220-thread-1] INFO  server.RaftServerConfigKeys (ConfUtils.java:logGet(44)) - raft.server.snapshot.retention.file.num = -1 (default)
2022-01-12 07:41:13,934 [pool-220-thread-1] INFO  server.RaftServerConfigKeys (ConfUtils.java:logGet(44)) - raft.server.log.purge.upto.snapshot.index = true (custom)
2022-01-12 07:41:13,934 [pool-220-thread-1] INFO  server.RaftServerConfigKeys (ConfUtils.java:logGet(44)) - raft.server.retrycache.expirytime = 300s (custom)
2022-01-12 07:41:13,934 [pool-220-thread-1] INFO  server.RaftServerConfigKeys (ConfUtils.java:logGet(44)) - raft.server.retrycache.statistics.expirytime = 100μs (default)
2022-01-12 07:41:13,980 [Listener at 127.0.0.1/46417] INFO  impl.MetricsSystemImpl (MetricsSystemImpl.java:init(158)) - OzoneManager metrics system started (again)
2022-01-12 07:41:14,009 [Listener at 127.0.0.1/46417] INFO  om.OzoneManager (OzoneManager.java:start(1365)) - OzoneManager RPC server is listening at localhost/127.0.0.1:46417
2022-01-12 07:41:14,009 [Listener at 127.0.0.1/46417] INFO  ratis.OzoneManagerRatisServer (OzoneManagerRatisServer.java:start(554)) - Starting OzoneManagerRatisServer om1 at port 9872
2022-01-12 07:41:14,010 [Listener at 127.0.0.1/46417] INFO  server.RaftServer$Division (RaftServerImpl.java:start(301)) - om1@group-C5BA1605619E: start as a follower, conf=-1: [om1|rpc:localhost:9872|priority:0], old=null
2022-01-12 07:41:14,010 [Listener at 127.0.0.1/46417] INFO  server.RaftServer$Division (RaftServerImpl.java:setRole(290)) - om1@group-C5BA1605619E: changes role from      null to FOLLOWER at term 0 for startAsFollower
2022-01-12 07:41:14,010 [Listener at 127.0.0.1/46417] INFO  impl.RoleInfo (RoleInfo.java:updateAndGet(130)) - om1: start om1@group-C5BA1605619E-FollowerState
2022-01-12 07:41:14,011 [Listener at 127.0.0.1/46417] INFO  util.JmxRegister (JmxRegister.java:tryRegister(44)) - Successfully registered JMX Bean with object name Ratis:service=RaftServer,group=group-C5BA1605619E,id=om1
2022-01-12 07:41:14,016 [Listener at 127.0.0.1/46417] INFO  server.RaftServer (RaftServerProxy.java:lambda$start$5(374)) - om1: start RPC server
2022-01-12 07:41:14,036 [Listener at 127.0.0.1/46417] INFO  server.GrpcService (GrpcService.java:startImpl(253)) - om1: GrpcService started, listening on 9872
2022-01-12 07:41:14,041 [Listener at 127.0.0.1/46417] INFO  om.OzoneManager (OzoneManager.java:start(1381)) - Version File has different layout version (0) than OM DB (null). That is expected if this OM has never been finalized to a newer layout version.
2022-01-12 07:41:14,041 [org.apache.ratis.util.JvmPauseMonitor$$Lambda$538/42333360@2cfd839e] INFO  util.JvmPauseMonitor (JvmPauseMonitor.java:run(103)) - JvmPauseMonitor-om1: Started
2022-01-12 07:41:14,044 [Listener at 127.0.0.1/46417] INFO  http.BaseHttpServer (BaseHttpServer.java:newHttpServer2BuilderForOzone(209)) - Starting Web-server for ozoneManager at: http://0.0.0.0:0
2022-01-12 07:41:14,044 [Listener at 127.0.0.1/46417] INFO  http.BaseHttpServer (BaseHttpServer.java:<init>(107)) - Hadoop Security Enabled: false Ozone Security Enabled: false Ozone HTTP Security Enabled: false 
2022-01-12 07:41:14,046 [Listener at 127.0.0.1/46417] INFO  server.AuthenticationFilter (AuthenticationFilter.java:constructSecretProvider(240)) - Unable to initialize FileSignerSecretProvider, falling back to use random secrets.
2022-01-12 07:41:14,046 [Listener at 127.0.0.1/46417] WARN  http.HttpRequestLog (HttpRequestLog.java:getRequestLog(103)) - Jetty request log can only be enabled using Log4j
2022-01-12 07:41:14,047 [Listener at 127.0.0.1/46417] INFO  http.HttpServer2 (HttpServer2.java:addGlobalFilter(1030)) - Added global filter 'safety' (class=org.apache.hadoop.hdds.server.http.HttpServer2$QuotingInputFilter)
2022-01-12 07:41:14,048 [Listener at 127.0.0.1/46417] INFO  http.HttpServer2 (HttpServer2.java:addFilter(1006)) - Added filter static_user_filter (class=org.apache.hadoop.http.lib.StaticUserWebFilter$StaticUserFilter) to context ozoneManager
2022-01-12 07:41:14,048 [Listener at 127.0.0.1/46417] INFO  http.HttpServer2 (HttpServer2.java:addFilter(1014)) - Added filter static_user_filter (class=org.apache.hadoop.http.lib.StaticUserWebFilter$StaticUserFilter) to context logs
2022-01-12 07:41:14,048 [Listener at 127.0.0.1/46417] INFO  http.HttpServer2 (HttpServer2.java:addFilter(1014)) - Added filter static_user_filter (class=org.apache.hadoop.http.lib.StaticUserWebFilter$StaticUserFilter) to context static
2022-01-12 07:41:14,049 [Listener at 127.0.0.1/46417] INFO  http.HttpServer2 (HttpServer2.java:bindListener(1249)) - Jetty bound to port 45923
2022-01-12 07:41:14,049 [Listener at 127.0.0.1/46417] INFO  server.Server (Server.java:doStart(375)) - jetty-9.4.43.v20210629; built: 2021-06-30T11:07:22.254Z; git: 526006ecfa3af7f1a27ef3a288e2bef7ea9dd7e8; jvm 1.8.0_292-b10
2022-01-12 07:41:14,052 [Listener at 127.0.0.1/46417] INFO  server.session (DefaultSessionIdManager.java:doStart(334)) - DefaultSessionIdManager workerName=node0
2022-01-12 07:41:14,052 [Listener at 127.0.0.1/46417] INFO  server.session (DefaultSessionIdManager.java:doStart(339)) - No SessionScavenger set, using defaults
2022-01-12 07:41:14,053 [Listener at 127.0.0.1/46417] INFO  server.session (HouseKeeper.java:startScavenging(132)) - node0 Scavenging every 660000ms
2022-01-12 07:41:14,057 [Listener at 127.0.0.1/46417] INFO  handler.ContextHandler (ContextHandler.java:doStart(915)) - Started o.e.j.s.ServletContextHandler@24a9b070{logs,/logs,file:///home/runner/work/ozone/ozone/hadoop-ozone/integration-test/target/log,AVAILABLE}
2022-01-12 07:41:14,058 [Listener at 127.0.0.1/46417] INFO  handler.ContextHandler (ContextHandler.java:doStart(915)) - Started o.e.j.s.ServletContextHandler@478304df{static,/static,file:///home/runner/work/ozone/ozone/hadoop-ozone/integration-test/target/test-classes/webapps/static,AVAILABLE}
2022-01-12 07:41:14,061 [Listener at 127.0.0.1/46417] INFO  handler.ContextHandler (ContextHandler.java:doStart(915)) - Started o.e.j.w.WebAppContext@76ba2f19{ozoneManager,/,file:///home/runner/work/ozone/ozone/hadoop-ozone/integration-test/target/test-classes/webapps/ozoneManager/,AVAILABLE}{file:/home/runner/work/ozone/ozone/hadoop-ozone/integration-test/target/test-classes/webapps/ozoneManager}
2022-01-12 07:41:14,067 [Listener at 127.0.0.1/46417] INFO  server.AbstractConnector (AbstractConnector.java:doStart(331)) - Started ServerConnector@34338caf{HTTP/1.1, (http/1.1)}{0.0.0.0:45923}
2022-01-12 07:41:14,067 [Listener at 127.0.0.1/46417] INFO  server.Server (Server.java:doStart(415)) - Started @67018ms
2022-01-12 07:41:14,067 [Listener at 127.0.0.1/46417] WARN  impl.MetricsSystemImpl (MetricsSystemImpl.java:register(279)) - Sink prometheus already exists!
2022-01-12 07:41:14,069 [Listener at 127.0.0.1/46417] INFO  http.BaseHttpServer (BaseHttpServer.java:updateConnectorAddress(329)) - HTTP server of ozoneManager listening at http://0.0.0.0:45923
2022-01-12 07:41:14,070 [IPC Server Responder] INFO  ipc.Server (Server.java:run(1507)) - IPC Server Responder: starting
2022-01-12 07:41:14,070 [IPC Server listener on 0] INFO  ipc.Server (Server.java:run(1344)) - IPC Server listener on 0: starting
2022-01-12 07:41:14,077 [Listener at 127.0.0.1/46417] INFO  om.OzoneManager (OzoneManager.java:startTrashEmptier(1792)) - Trash Interval set to 0. Files deleted will not move to trash
2022-01-12 07:41:14,090 [org.apache.hadoop.util.JvmPauseMonitor$Monitor@1d253c8a] INFO  util.JvmPauseMonitor (JvmPauseMonitor.java:run(188)) - Starting JVM pause monitor
2022-01-12 07:41:14,102 [Listener at 127.0.0.1/46417] WARN  impl.MetricRegistriesImpl (MetricRegistriesImpl.java:addReporterRegistration(111)) - New reporters are added after registries were created. Some metrics will be missing from the reporter. Please add reporter before adding any new registry.
2022-01-12 07:41:14,103 [Listener at 127.0.0.1/46417] WARN  impl.MetricRegistriesImpl (MetricRegistriesImpl.java:addReporterRegistration(111)) - New reporters are added after registries were created. Some metrics will be missing from the reporter. Please add reporter before adding any new registry.
2022-01-12 07:41:14,104 [Listener at 127.0.0.1/46417] INFO  impl.MetricsSystemImpl (MetricsSystemImpl.java:init(158)) - HddsDatanode metrics system started (again)
2022-01-12 07:41:14,138 [Listener at 127.0.0.1/46417] INFO  ozone.HddsDatanodeService (HddsDatanodeService.java:start(234)) - HddsDatanodeService host:fv-az270-882.tacnzluakwdehk1hpragurqkma.bx.internal.cloudapp.net ip:10.1.0.33
2022-01-12 07:41:14,161 [Listener at 127.0.0.1/46417] INFO  upgrade.AbstractLayoutVersionManager (AbstractLayoutVersionManager.java:init(79)) - Initializing Layout version manager with metadata layout = SCM_HA (version = 2), software layout = SCM_HA (version = 2)
2022-01-12 07:41:14,276 [Listener at 127.0.0.1/46417] INFO  reflections.Reflections (Reflections.java:scan(232)) - Reflections took 113 ms to scan 7 urls, producing 119 keys and 279 values 
2022-01-12 07:41:14,277 [Listener at 127.0.0.1/46417] INFO  statemachine.DatanodeStateMachine (DatanodeStateMachine.java:getEndPointTaskThreadPoolSize(222)) - Datanode State Machine Task Thread Pool size 2
2022-01-12 07:41:14,284 [Listener at 127.0.0.1/46417] INFO  volume.HddsVolume (HddsVolume.java:<init>(120)) - Creating HddsVolume: /home/runner/work/ozone/ozone/hadoop-ozone/integration-test/target/test-dir/MiniOzoneClusterImpl-98c4baf1-f560-4074-9287-a7c3af5f62c4/datanode-0/data-0/containers/hdds of storage type : DISK capacity : 9223372036854775807
2022-01-12 07:41:14,285 [Listener at 127.0.0.1/46417] INFO  volume.MutableVolumeSet (MutableVolumeSet.java:initializeVolumeSet(168)) - Added Volume : /home/runner/work/ozone/ozone/hadoop-ozone/integration-test/target/test-dir/MiniOzoneClusterImpl-98c4baf1-f560-4074-9287-a7c3af5f62c4/datanode-0/data-0/containers/hdds to VolumeSet
2022-01-12 07:41:14,285 [Listener at 127.0.0.1/46417] INFO  volume.ThrottledAsyncChecker (ThrottledAsyncChecker.java:schedule(141)) - Scheduling a check for /home/runner/work/ozone/ozone/hadoop-ozone/integration-test/target/test-dir/MiniOzoneClusterImpl-98c4baf1-f560-4074-9287-a7c3af5f62c4/datanode-0/data-0/containers/hdds
2022-01-12 07:41:14,290 [Listener at 127.0.0.1/46417] INFO  volume.StorageVolumeChecker (StorageVolumeChecker.java:checkAllVolumes(202)) - Scheduled health check for volume /home/runner/work/ozone/ozone/hadoop-ozone/integration-test/target/test-dir/MiniOzoneClusterImpl-98c4baf1-f560-4074-9287-a7c3af5f62c4/datanode-0/data-0/containers/hdds
2022-01-12 07:41:14,319 [Listener at 127.0.0.1/46417] INFO  volume.MutableVolumeSet (MutableVolumeSet.java:initializeVolumeSet(168)) - Added Volume : /home/runner/work/ozone/ozone/hadoop-ozone/integration-test/target/test-dir/MiniOzoneClusterImpl-98c4baf1-f560-4074-9287-a7c3af5f62c4/datanode-0/data/ratis to VolumeSet
2022-01-12 07:41:14,319 [Listener at 127.0.0.1/46417] INFO  volume.ThrottledAsyncChecker (ThrottledAsyncChecker.java:schedule(141)) - Scheduling a check for /home/runner/work/ozone/ozone/hadoop-ozone/integration-test/target/test-dir/MiniOzoneClusterImpl-98c4baf1-f560-4074-9287-a7c3af5f62c4/datanode-0/data/ratis
2022-01-12 07:41:14,322 [Listener at 127.0.0.1/46417] INFO  volume.StorageVolumeChecker (StorageVolumeChecker.java:checkAllVolumes(202)) - Scheduled health check for volume /home/runner/work/ozone/ozone/hadoop-ozone/integration-test/target/test-dir/MiniOzoneClusterImpl-98c4baf1-f560-4074-9287-a7c3af5f62c4/datanode-0/data/ratis
2022-01-12 07:41:14,351 [Thread-520] INFO  ozoneimpl.ContainerReader (ContainerReader.java:readVolume(172)) - Finish verifying containers on volume /home/runner/work/ozone/ozone/hadoop-ozone/integration-test/target/test-dir/MiniOzoneClusterImpl-98c4baf1-f560-4074-9287-a7c3af5f62c4/datanode-0/data-0/containers/hdds
2022-01-12 07:41:14,351 [Listener at 127.0.0.1/46417] INFO  ozoneimpl.OzoneContainer (OzoneContainer.java:buildContainerSet(237)) - Build ContainerSet costs 0s
2022-01-12 07:41:14,356 [Listener at 127.0.0.1/46417] INFO  server.RaftServer (ConfUtils.java:logGet(44)) - raft.rpc.type = GRPC (default)
2022-01-12 07:41:14,357 [Listener at 127.0.0.1/46417] INFO  grpc.GrpcFactory (GrpcFactory.java:checkPooledByteBufAllocatorUseCacheForAllThreads(48)) - PERFORMANCE WARNING: useCacheForAllThreads is true that may cause Netty to create a lot garbage objects and, as a result, trigger GC.
	It is recommended to disable useCacheForAllThreads by setting -Dorg.apache.ratis.thirdparty.io.netty.allocator.useCacheForAllThreads=false in command line.
2022-01-12 07:41:14,357 [Listener at 127.0.0.1/46417] INFO  grpc.GrpcConfigKeys (ConfUtils.java:logGet(44)) - raft.grpc.admin.port = 0 (custom)
2022-01-12 07:41:14,357 [Listener at 127.0.0.1/46417] INFO  grpc.GrpcConfigKeys (ConfUtils.java:logGet(44)) - raft.grpc.client.port = 0 (custom)
2022-01-12 07:41:14,357 [Listener at 127.0.0.1/46417] INFO  grpc.GrpcConfigKeys (ConfUtils.java:logGet(44)) - raft.grpc.server.port = 0 (default)
2022-01-12 07:41:14,357 [Listener at 127.0.0.1/46417] INFO  server.GrpcService (ConfUtils.java:logGet(44)) - raft.grpc.message.size.max = 32MB (=33554432) (custom)
2022-01-12 07:41:14,358 [Listener at 127.0.0.1/46417] INFO  server.RaftServerConfigKeys (ConfUtils.java:logGet(44)) - raft.server.log.appender.buffer.byte-limit = 33554432 (custom)
2022-01-12 07:41:14,358 [Listener at 127.0.0.1/46417] INFO  server.GrpcService (ConfUtils.java:logGet(44)) - raft.grpc.flow.control.window = 5MB (=5242880) (custom)
2022-01-12 07:41:14,358 [Listener at 127.0.0.1/46417] INFO  server.RaftServerConfigKeys (ConfUtils.java:logGet(44)) - raft.server.rpc.request.timeout = 60s (custom)
2022-01-12 07:41:14,360 [Listener at 127.0.0.1/46417] INFO  impl.DataStreamServerImpl (ConfUtils.java:logGet(44)) - raft.datastream.type = DISABLED (default)
2022-01-12 07:41:14,362 [Listener at 127.0.0.1/46417] INFO  server.RaftServerConfigKeys (ConfUtils.java:logGet(44)) - raft.server.rpc.slowness.timeout = 300s (custom)
2022-01-12 07:41:14,362 [Listener at 127.0.0.1/46417] INFO  server.RaftServerConfigKeys (ConfUtils.java:logGet(44)) - raft.server.leaderelection.leader.step-down.wait-time = 10s (default)
2022-01-12 07:41:14,363 [Listener at 127.0.0.1/46417] INFO  server.RaftServerConfigKeys (ConfUtils.java:logGet(44)) - raft.server.storage.dir = [/home/runner/work/ozone/ozone/hadoop-ozone/integration-test/target/test-dir/MiniOzoneClusterImpl-98c4baf1-f560-4074-9287-a7c3af5f62c4/datanode-0/data/ratis] (custom)
2022-01-12 07:41:14,365 [Listener at 127.0.0.1/46417] INFO  server.XceiverServerGrpc (XceiverServerGrpc.java:<init>(132)) - GrpcServer channel type EpollServerSocketChannel
2022-01-12 07:41:14,372 [Listener at 127.0.0.1/46417] INFO  http.BaseHttpServer (BaseHttpServer.java:newHttpServer2BuilderForOzone(209)) - Starting Web-server for hddsDatanode at: http://0.0.0.0:0
2022-01-12 07:41:14,372 [Listener at 127.0.0.1/46417] INFO  http.BaseHttpServer (BaseHttpServer.java:<init>(107)) - Hadoop Security Enabled: false Ozone Security Enabled: false Ozone HTTP Security Enabled: false 
2022-01-12 07:41:14,373 [Listener at 127.0.0.1/46417] INFO  server.AuthenticationFilter (AuthenticationFilter.java:constructSecretProvider(240)) - Unable to initialize FileSignerSecretProvider, falling back to use random secrets.
2022-01-12 07:41:14,374 [Listener at 127.0.0.1/46417] WARN  http.HttpRequestLog (HttpRequestLog.java:getRequestLog(103)) - Jetty request log can only be enabled using Log4j
2022-01-12 07:41:14,375 [Listener at 127.0.0.1/46417] INFO  http.HttpServer2 (HttpServer2.java:addGlobalFilter(1030)) - Added global filter 'safety' (class=org.apache.hadoop.hdds.server.http.HttpServer2$QuotingInputFilter)
2022-01-12 07:41:14,376 [Listener at 127.0.0.1/46417] INFO  http.HttpServer2 (HttpServer2.java:addFilter(1006)) - Added filter static_user_filter (class=org.apache.hadoop.http.lib.StaticUserWebFilter$StaticUserFilter) to context hddsDatanode
2022-01-12 07:41:14,376 [Listener at 127.0.0.1/46417] INFO  http.HttpServer2 (HttpServer2.java:addFilter(1014)) - Added filter static_user_filter (class=org.apache.hadoop.http.lib.StaticUserWebFilter$StaticUserFilter) to context logs
2022-01-12 07:41:14,377 [Listener at 127.0.0.1/46417] INFO  http.HttpServer2 (HttpServer2.java:addFilter(1014)) - Added filter static_user_filter (class=org.apache.hadoop.http.lib.StaticUserWebFilter$StaticUserFilter) to context static
2022-01-12 07:41:14,381 [Listener at 127.0.0.1/46417] INFO  http.HttpServer2 (HttpServer2.java:bindListener(1249)) - Jetty bound to port 38503
2022-01-12 07:41:14,382 [Listener at 127.0.0.1/46417] INFO  server.Server (Server.java:doStart(375)) - jetty-9.4.43.v20210629; built: 2021-06-30T11:07:22.254Z; git: 526006ecfa3af7f1a27ef3a288e2bef7ea9dd7e8; jvm 1.8.0_292-b10
2022-01-12 07:41:14,390 [Listener at 127.0.0.1/46417] INFO  server.session (DefaultSessionIdManager.java:doStart(334)) - DefaultSessionIdManager workerName=node0
2022-01-12 07:41:14,390 [Listener at 127.0.0.1/46417] INFO  server.session (DefaultSessionIdManager.java:doStart(339)) - No SessionScavenger set, using defaults
2022-01-12 07:41:14,390 [Listener at 127.0.0.1/46417] INFO  server.session (HouseKeeper.java:startScavenging(132)) - node0 Scavenging every 660000ms
2022-01-12 07:41:14,391 [Listener at 127.0.0.1/46417] INFO  handler.ContextHandler (ContextHandler.java:doStart(915)) - Started o.e.j.s.ServletContextHandler@48d50c54{logs,/logs,file:///home/runner/work/ozone/ozone/hadoop-ozone/integration-test/target/log,AVAILABLE}
2022-01-12 07:41:14,391 [Listener at 127.0.0.1/46417] INFO  handler.ContextHandler (ContextHandler.java:doStart(915)) - Started o.e.j.s.ServletContextHandler@a99541a{static,/static,jar:file:/home/runner/.m2/repository/org/apache/ozone/hdds-container-service/1.3.0-SNAPSHOT/hdds-container-service-1.3.0-SNAPSHOT.jar!/webapps/static,AVAILABLE}
2022-01-12 07:41:14,498 [Listener at 127.0.0.1/46417] INFO  handler.ContextHandler (ContextHandler.java:doStart(915)) - Started o.e.j.w.WebAppContext@60bbb64f{hddsDatanode,/,file:///tmp/jetty-0_0_0_0-38503-hdds-container-service-1_3_0-SNAPSHOT_jar-_-any-1322523250480740146/webapp/,AVAILABLE}{jar:file:/home/runner/.m2/repository/org/apache/ozone/hdds-container-service/1.3.0-SNAPSHOT/hdds-container-service-1.3.0-SNAPSHOT.jar!/webapps/hddsDatanode}
2022-01-12 07:41:14,504 [Listener at 127.0.0.1/46417] INFO  server.AbstractConnector (AbstractConnector.java:doStart(331)) - Started ServerConnector@5af01266{HTTP/1.1, (http/1.1)}{0.0.0.0:38503}
2022-01-12 07:41:14,504 [Listener at 127.0.0.1/46417] INFO  server.Server (Server.java:doStart(415)) - Started @67455ms
2022-01-12 07:41:14,504 [Listener at 127.0.0.1/46417] WARN  impl.MetricsSystemImpl (MetricsSystemImpl.java:register(279)) - Sink prometheus already exists!
2022-01-12 07:41:14,505 [Listener at 127.0.0.1/46417] INFO  http.BaseHttpServer (BaseHttpServer.java:updateConnectorAddress(329)) - HTTP server of hddsDatanode listening at http://0.0.0.0:38503
2022-01-12 07:41:14,509 [Datanode State Machine Daemon Thread] INFO  statemachine.DatanodeStateMachine (DatanodeStateMachine.java:lambda$startDaemon$0(470)) - Ozone container server started.
2022-01-12 07:41:14,509 [Listener at 127.0.0.1/46417] WARN  impl.MetricRegistriesImpl (MetricRegistriesImpl.java:addReporterRegistration(111)) - New reporters are added after registries were created. Some metrics will be missing from the reporter. Please add reporter before adding any new registry.
2022-01-12 07:41:14,510 [Listener at 127.0.0.1/46417] WARN  impl.MetricRegistriesImpl (MetricRegistriesImpl.java:addReporterRegistration(111)) - New reporters are added after registries were created. Some metrics will be missing from the reporter. Please add reporter before adding any new registry.
2022-01-12 07:41:14,510 [Listener at 127.0.0.1/46417] INFO  impl.MetricsSystemImpl (MetricsSystemImpl.java:init(158)) - HddsDatanode metrics system started (again)
2022-01-12 07:41:14,540 [Listener at 127.0.0.1/46417] INFO  ozone.HddsDatanodeService (HddsDatanodeService.java:start(234)) - HddsDatanodeService host:fv-az270-882.tacnzluakwdehk1hpragurqkma.bx.internal.cloudapp.net ip:10.1.0.33
2022-01-12 07:41:14,541 [org.apache.hadoop.util.JvmPauseMonitor$Monitor@7be72cd9] INFO  util.JvmPauseMonitor (JvmPauseMonitor.java:run(188)) - Starting JVM pause monitor
2022-01-12 07:41:14,561 [Datanode State Machine Task Thread - 0] INFO  datanode.InitDatanodeState (InitDatanodeState.java:persistContainerDatanodeDetails(145)) - DatanodeDetails is persisted to /home/runner/work/ozone/ozone/hadoop-ozone/integration-test/target/test-dir/MiniOzoneClusterImpl-98c4baf1-f560-4074-9287-a7c3af5f62c4/datanode-0/meta/datanode.id
2022-01-12 07:41:14,578 [Listener at 127.0.0.1/46417] INFO  upgrade.AbstractLayoutVersionManager (AbstractLayoutVersionManager.java:init(79)) - Initializing Layout version manager with metadata layout = SCM_HA (version = 2), software layout = SCM_HA (version = 2)
2022-01-12 07:41:14,650 [Listener at 127.0.0.1/46417] INFO  reflections.Reflections (Reflections.java:scan(232)) - Reflections took 68 ms to scan 7 urls, producing 119 keys and 279 values 
2022-01-12 07:41:14,652 [Listener at 127.0.0.1/46417] INFO  statemachine.DatanodeStateMachine (DatanodeStateMachine.java:getEndPointTaskThreadPoolSize(222)) - Datanode State Machine Task Thread Pool size 2
2022-01-12 07:41:14,668 [Listener at 127.0.0.1/46417] INFO  volume.HddsVolume (HddsVolume.java:<init>(120)) - Creating HddsVolume: /home/runner/work/ozone/ozone/hadoop-ozone/integration-test/target/test-dir/MiniOzoneClusterImpl-98c4baf1-f560-4074-9287-a7c3af5f62c4/datanode-1/data-0/containers/hdds of storage type : DISK capacity : 9223372036854775807
2022-01-12 07:41:14,668 [Listener at 127.0.0.1/46417] INFO  volume.MutableVolumeSet (MutableVolumeSet.java:initializeVolumeSet(168)) - Added Volume : /home/runner/work/ozone/ozone/hadoop-ozone/integration-test/target/test-dir/MiniOzoneClusterImpl-98c4baf1-f560-4074-9287-a7c3af5f62c4/datanode-1/data-0/containers/hdds to VolumeSet
2022-01-12 07:41:14,668 [Listener at 127.0.0.1/46417] INFO  volume.ThrottledAsyncChecker (ThrottledAsyncChecker.java:schedule(141)) - Scheduling a check for /home/runner/work/ozone/ozone/hadoop-ozone/integration-test/target/test-dir/MiniOzoneClusterImpl-98c4baf1-f560-4074-9287-a7c3af5f62c4/datanode-1/data-0/containers/hdds
2022-01-12 07:41:14,677 [Listener at 127.0.0.1/46417] INFO  volume.StorageVolumeChecker (StorageVolumeChecker.java:checkAllVolumes(202)) - Scheduled health check for volume /home/runner/work/ozone/ozone/hadoop-ozone/integration-test/target/test-dir/MiniOzoneClusterImpl-98c4baf1-f560-4074-9287-a7c3af5f62c4/datanode-1/data-0/containers/hdds
2022-01-12 07:41:14,693 [Listener at 127.0.0.1/46417] INFO  volume.MutableVolumeSet (MutableVolumeSet.java:initializeVolumeSet(168)) - Added Volume : /home/runner/work/ozone/ozone/hadoop-ozone/integration-test/target/test-dir/MiniOzoneClusterImpl-98c4baf1-f560-4074-9287-a7c3af5f62c4/datanode-1/data/ratis to VolumeSet
2022-01-12 07:41:14,693 [Listener at 127.0.0.1/46417] INFO  volume.ThrottledAsyncChecker (ThrottledAsyncChecker.java:schedule(141)) - Scheduling a check for /home/runner/work/ozone/ozone/hadoop-ozone/integration-test/target/test-dir/MiniOzoneClusterImpl-98c4baf1-f560-4074-9287-a7c3af5f62c4/datanode-1/data/ratis
2022-01-12 07:41:14,693 [Listener at 127.0.0.1/46417] INFO  volume.StorageVolumeChecker (StorageVolumeChecker.java:checkAllVolumes(202)) - Scheduled health check for volume /home/runner/work/ozone/ozone/hadoop-ozone/integration-test/target/test-dir/MiniOzoneClusterImpl-98c4baf1-f560-4074-9287-a7c3af5f62c4/datanode-1/data/ratis
2022-01-12 07:41:14,712 [Thread-532] INFO  ozoneimpl.ContainerReader (ContainerReader.java:readVolume(172)) - Finish verifying containers on volume /home/runner/work/ozone/ozone/hadoop-ozone/integration-test/target/test-dir/MiniOzoneClusterImpl-98c4baf1-f560-4074-9287-a7c3af5f62c4/datanode-1/data-0/containers/hdds
2022-01-12 07:41:14,712 [Listener at 127.0.0.1/46417] INFO  ozoneimpl.OzoneContainer (OzoneContainer.java:buildContainerSet(237)) - Build ContainerSet costs 0s
2022-01-12 07:41:14,716 [Listener at 127.0.0.1/46417] INFO  server.RaftServer (ConfUtils.java:logGet(44)) - raft.rpc.type = GRPC (default)
2022-01-12 07:41:14,720 [Listener at 127.0.0.1/46417] INFO  grpc.GrpcFactory (GrpcFactory.java:checkPooledByteBufAllocatorUseCacheForAllThreads(48)) - PERFORMANCE WARNING: useCacheForAllThreads is true that may cause Netty to create a lot garbage objects and, as a result, trigger GC.
	It is recommended to disable useCacheForAllThreads by setting -Dorg.apache.ratis.thirdparty.io.netty.allocator.useCacheForAllThreads=false in command line.
2022-01-12 07:41:14,721 [Listener at 127.0.0.1/46417] INFO  grpc.GrpcConfigKeys (ConfUtils.java:logGet(44)) - raft.grpc.admin.port = 0 (custom)
2022-01-12 07:41:14,721 [Listener at 127.0.0.1/46417] INFO  grpc.GrpcConfigKeys (ConfUtils.java:logGet(44)) - raft.grpc.client.port = 0 (custom)
2022-01-12 07:41:14,721 [Listener at 127.0.0.1/46417] INFO  grpc.GrpcConfigKeys (ConfUtils.java:logGet(44)) - raft.grpc.server.port = 0 (default)
2022-01-12 07:41:14,721 [Listener at 127.0.0.1/46417] INFO  server.GrpcService (ConfUtils.java:logGet(44)) - raft.grpc.message.size.max = 32MB (=33554432) (custom)
2022-01-12 07:41:14,721 [Listener at 127.0.0.1/46417] INFO  server.RaftServerConfigKeys (ConfUtils.java:logGet(44)) - raft.server.log.appender.buffer.byte-limit = 33554432 (custom)
2022-01-12 07:41:14,721 [Listener at 127.0.0.1/46417] INFO  server.GrpcService (ConfUtils.java:logGet(44)) - raft.grpc.flow.control.window = 5MB (=5242880) (custom)
2022-01-12 07:41:14,721 [Listener at 127.0.0.1/46417] INFO  server.RaftServerConfigKeys (ConfUtils.java:logGet(44)) - raft.server.rpc.request.timeout = 60s (custom)
2022-01-12 07:41:14,723 [Listener at 127.0.0.1/46417] INFO  impl.DataStreamServerImpl (ConfUtils.java:logGet(44)) - raft.datastream.type = DISABLED (default)
2022-01-12 07:41:14,723 [Listener at 127.0.0.1/46417] INFO  server.RaftServerConfigKeys (ConfUtils.java:logGet(44)) - raft.server.rpc.slowness.timeout = 300s (custom)
2022-01-12 07:41:14,723 [Listener at 127.0.0.1/46417] INFO  server.RaftServerConfigKeys (ConfUtils.java:logGet(44)) - raft.server.leaderelection.leader.step-down.wait-time = 10s (default)
2022-01-12 07:41:14,724 [Listener at 127.0.0.1/46417] INFO  server.RaftServerConfigKeys (ConfUtils.java:logGet(44)) - raft.server.storage.dir = [/home/runner/work/ozone/ozone/hadoop-ozone/integration-test/target/test-dir/MiniOzoneClusterImpl-98c4baf1-f560-4074-9287-a7c3af5f62c4/datanode-1/data/ratis] (custom)
2022-01-12 07:41:14,727 [Listener at 127.0.0.1/46417] INFO  server.XceiverServerGrpc (XceiverServerGrpc.java:<init>(132)) - GrpcServer channel type EpollServerSocketChannel
2022-01-12 07:41:14,730 [Listener at 127.0.0.1/46417] INFO  http.BaseHttpServer (BaseHttpServer.java:newHttpServer2BuilderForOzone(209)) - Starting Web-server for hddsDatanode at: http://0.0.0.0:0
2022-01-12 07:41:14,730 [Listener at 127.0.0.1/46417] INFO  http.BaseHttpServer (BaseHttpServer.java:<init>(107)) - Hadoop Security Enabled: false Ozone Security Enabled: false Ozone HTTP Security Enabled: false 
2022-01-12 07:41:14,731 [Listener at 127.0.0.1/46417] INFO  server.AuthenticationFilter (AuthenticationFilter.java:constructSecretProvider(240)) - Unable to initialize FileSignerSecretProvider, falling back to use random secrets.
2022-01-12 07:41:14,732 [Listener at 127.0.0.1/46417] WARN  http.HttpRequestLog (HttpRequestLog.java:getRequestLog(103)) - Jetty request log can only be enabled using Log4j
2022-01-12 07:41:14,732 [Listener at 127.0.0.1/46417] INFO  http.HttpServer2 (HttpServer2.java:addGlobalFilter(1030)) - Added global filter 'safety' (class=org.apache.hadoop.hdds.server.http.HttpServer2$QuotingInputFilter)
2022-01-12 07:41:14,737 [Listener at 127.0.0.1/46417] INFO  http.HttpServer2 (HttpServer2.java:addFilter(1006)) - Added filter static_user_filter (class=org.apache.hadoop.http.lib.StaticUserWebFilter$StaticUserFilter) to context hddsDatanode
2022-01-12 07:41:14,737 [Listener at 127.0.0.1/46417] INFO  http.HttpServer2 (HttpServer2.java:addFilter(1014)) - Added filter static_user_filter (class=org.apache.hadoop.http.lib.StaticUserWebFilter$StaticUserFilter) to context static
2022-01-12 07:41:14,738 [Listener at 127.0.0.1/46417] INFO  http.HttpServer2 (HttpServer2.java:addFilter(1014)) - Added filter static_user_filter (class=org.apache.hadoop.http.lib.StaticUserWebFilter$StaticUserFilter) to context logs
2022-01-12 07:41:14,740 [Listener at 127.0.0.1/46417] INFO  http.HttpServer2 (HttpServer2.java:bindListener(1249)) - Jetty bound to port 33719
2022-01-12 07:41:14,741 [Listener at 127.0.0.1/46417] INFO  server.Server (Server.java:doStart(375)) - jetty-9.4.43.v20210629; built: 2021-06-30T11:07:22.254Z; git: 526006ecfa3af7f1a27ef3a288e2bef7ea9dd7e8; jvm 1.8.0_292-b10
2022-01-12 07:41:14,775 [Listener at 127.0.0.1/46417] INFO  server.session (DefaultSessionIdManager.java:doStart(334)) - DefaultSessionIdManager workerName=node0
2022-01-12 07:41:14,776 [Listener at 127.0.0.1/46417] INFO  server.session (DefaultSessionIdManager.java:doStart(339)) - No SessionScavenger set, using defaults
2022-01-12 07:41:14,776 [Listener at 127.0.0.1/46417] INFO  server.session (HouseKeeper.java:startScavenging(132)) - node0 Scavenging every 660000ms
2022-01-12 07:41:14,777 [Listener at 127.0.0.1/46417] INFO  handler.ContextHandler (ContextHandler.java:doStart(915)) - Started o.e.j.s.ServletContextHandler@68d2a97a{logs,/logs,file:///home/runner/work/ozone/ozone/hadoop-ozone/integration-test/target/log,AVAILABLE}
2022-01-12 07:41:14,777 [Listener at 127.0.0.1/46417] INFO  handler.ContextHandler (ContextHandler.java:doStart(915)) - Started o.e.j.s.ServletContextHandler@49670922{static,/static,jar:file:/home/runner/.m2/repository/org/apache/ozone/hdds-container-service/1.3.0-SNAPSHOT/hdds-container-service-1.3.0-SNAPSHOT.jar!/webapps/static,AVAILABLE}
2022-01-12 07:41:14,874 [Listener at 127.0.0.1/46417] INFO  handler.ContextHandler (ContextHandler.java:doStart(915)) - Started o.e.j.w.WebAppContext@555690c3{hddsDatanode,/,file:///tmp/jetty-0_0_0_0-33719-hdds-container-service-1_3_0-SNAPSHOT_jar-_-any-4677673353397899106/webapp/,AVAILABLE}{jar:file:/home/runner/.m2/repository/org/apache/ozone/hdds-container-service/1.3.0-SNAPSHOT/hdds-container-service-1.3.0-SNAPSHOT.jar!/webapps/hddsDatanode}
2022-01-12 07:41:14,886 [Listener at 127.0.0.1/46417] INFO  server.AbstractConnector (AbstractConnector.java:doStart(331)) - Started ServerConnector@6d085182{HTTP/1.1, (http/1.1)}{0.0.0.0:33719}
2022-01-12 07:41:14,886 [Listener at 127.0.0.1/46417] INFO  server.Server (Server.java:doStart(415)) - Started @67837ms
2022-01-12 07:41:14,887 [Listener at 127.0.0.1/46417] WARN  impl.MetricsSystemImpl (MetricsSystemImpl.java:register(279)) - Sink prometheus already exists!
2022-01-12 07:41:14,887 [Listener at 127.0.0.1/46417] INFO  http.BaseHttpServer (BaseHttpServer.java:updateConnectorAddress(329)) - HTTP server of hddsDatanode listening at http://0.0.0.0:33719
2022-01-12 07:41:14,893 [Listener at 127.0.0.1/46417] WARN  impl.MetricRegistriesImpl (MetricRegistriesImpl.java:addReporterRegistration(111)) - New reporters are added after registries were created. Some metrics will be missing from the reporter. Please add reporter before adding any new registry.
2022-01-12 07:41:14,893 [Listener at 127.0.0.1/46417] WARN  impl.MetricRegistriesImpl (MetricRegistriesImpl.java:addReporterRegistration(111)) - New reporters are added after registries were created. Some metrics will be missing from the reporter. Please add reporter before adding any new registry.
2022-01-12 07:41:14,893 [Listener at 127.0.0.1/46417] INFO  impl.MetricsSystemImpl (MetricsSystemImpl.java:init(158)) - HddsDatanode metrics system started (again)
2022-01-12 07:41:14,905 [Datanode State Machine Daemon Thread] INFO  statemachine.DatanodeStateMachine (DatanodeStateMachine.java:lambda$startDaemon$0(470)) - Ozone container server started.
2022-01-12 07:41:14,925 [org.apache.hadoop.util.JvmPauseMonitor$Monitor@1f810bee] INFO  util.JvmPauseMonitor (JvmPauseMonitor.java:run(188)) - Starting JVM pause monitor
2022-01-12 07:41:14,939 [Listener at 127.0.0.1/46417] INFO  ozone.HddsDatanodeService (HddsDatanodeService.java:start(234)) - HddsDatanodeService host:fv-az270-882.tacnzluakwdehk1hpragurqkma.bx.internal.cloudapp.net ip:10.1.0.33
2022-01-12 07:41:14,942 [Datanode State Machine Task Thread - 0] INFO  datanode.InitDatanodeState (InitDatanodeState.java:persistContainerDatanodeDetails(145)) - DatanodeDetails is persisted to /home/runner/work/ozone/ozone/hadoop-ozone/integration-test/target/test-dir/MiniOzoneClusterImpl-98c4baf1-f560-4074-9287-a7c3af5f62c4/datanode-1/meta/datanode.id
2022-01-12 07:41:15,001 [Listener at 127.0.0.1/46417] INFO  upgrade.AbstractLayoutVersionManager (AbstractLayoutVersionManager.java:init(79)) - Initializing Layout version manager with metadata layout = SCM_HA (version = 2), software layout = SCM_HA (version = 2)
2022-01-12 07:41:15,100 [om1@group-C5BA1605619E-FollowerState] INFO  impl.FollowerState (FollowerState.java:run(134)) - om1@group-C5BA1605619E-FollowerState: change to CANDIDATE, lastRpcElapsedTime:1090433134ns, electionTimeout:1080ms
2022-01-12 07:41:15,101 [om1@group-C5BA1605619E-FollowerState] INFO  impl.RoleInfo (RoleInfo.java:shutdownFollowerState(108)) - om1: shutdown om1@group-C5BA1605619E-FollowerState
2022-01-12 07:41:15,101 [om1@group-C5BA1605619E-FollowerState] INFO  server.RaftServer$Division (RaftServerImpl.java:setRole(290)) - om1@group-C5BA1605619E: changes role from  FOLLOWER to CANDIDATE at term 0 for changeToCandidate
2022-01-12 07:41:15,101 [om1@group-C5BA1605619E-FollowerState] INFO  server.RaftServerConfigKeys (ConfUtils.java:logGet(44)) - raft.server.leaderelection.pre-vote = false (custom)
2022-01-12 07:41:15,101 [om1@group-C5BA1605619E-FollowerState] INFO  impl.RoleInfo (RoleInfo.java:updateAndGet(130)) - om1: start om1@group-C5BA1605619E-LeaderElection11
2022-01-12 07:41:15,108 [Listener at 127.0.0.1/46417] INFO  reflections.Reflections (Reflections.java:scan(232)) - Reflections took 105 ms to scan 7 urls, producing 119 keys and 279 values 
2022-01-12 07:41:15,131 [Listener at 127.0.0.1/46417] INFO  statemachine.DatanodeStateMachine (DatanodeStateMachine.java:getEndPointTaskThreadPoolSize(222)) - Datanode State Machine Task Thread Pool size 2
2022-01-12 07:41:15,146 [om1@group-C5BA1605619E-LeaderElection11] INFO  impl.LeaderElection (LeaderElection.java:askForVotes(306)) - om1@group-C5BA1605619E-LeaderElection11 ELECTION round 0: submit vote requests at term 1 for -1: [om1|rpc:localhost:9872|priority:0], old=null
2022-01-12 07:41:15,146 [om1@group-C5BA1605619E-LeaderElection11] INFO  impl.LeaderElection (LeaderElection.java:askForVotes(308)) - om1@group-C5BA1605619E-LeaderElection11 ELECTION round 0: result PASSED (term=1)
2022-01-12 07:41:15,146 [om1@group-C5BA1605619E-LeaderElection11] INFO  impl.RoleInfo (RoleInfo.java:shutdownLeaderElection(121)) - om1: shutdown om1@group-C5BA1605619E-LeaderElection11
2022-01-12 07:41:15,146 [om1@group-C5BA1605619E-LeaderElection11] INFO  server.RaftServer$Division (RaftServerImpl.java:setRole(290)) - om1@group-C5BA1605619E: changes role from CANDIDATE to LEADER at term 1 for changeToLeader
2022-01-12 07:41:15,148 [om1@group-C5BA1605619E-LeaderElection11] INFO  server.RaftServer$Division (ServerState.java:setLeader(285)) - om1@group-C5BA1605619E: change Leader from null to om1 at term 1 for becomeLeader, leader elected after 1224ms
2022-01-12 07:41:15,146 [Listener at 127.0.0.1/46417] INFO  volume.HddsVolume (HddsVolume.java:<init>(120)) - Creating HddsVolume: /home/runner/work/ozone/ozone/hadoop-ozone/integration-test/target/test-dir/MiniOzoneClusterImpl-98c4baf1-f560-4074-9287-a7c3af5f62c4/datanode-2/data-0/containers/hdds of storage type : DISK capacity : 9223372036854775807
2022-01-12 07:41:15,148 [om1@group-C5BA1605619E-LeaderElection11] INFO  server.RaftServerConfigKeys (ConfUtils.java:logGet(44)) - raft.server.staging.catchup.gap = 1000 (default)
2022-01-12 07:41:15,148 [Listener at 127.0.0.1/46417] INFO  volume.MutableVolumeSet (MutableVolumeSet.java:initializeVolumeSet(168)) - Added Volume : /home/runner/work/ozone/ozone/hadoop-ozone/integration-test/target/test-dir/MiniOzoneClusterImpl-98c4baf1-f560-4074-9287-a7c3af5f62c4/datanode-2/data-0/containers/hdds to VolumeSet
2022-01-12 07:41:15,148 [Listener at 127.0.0.1/46417] INFO  volume.ThrottledAsyncChecker (ThrottledAsyncChecker.java:schedule(141)) - Scheduling a check for /home/runner/work/ozone/ozone/hadoop-ozone/integration-test/target/test-dir/MiniOzoneClusterImpl-98c4baf1-f560-4074-9287-a7c3af5f62c4/datanode-2/data-0/containers/hdds
2022-01-12 07:41:15,149 [om1@group-C5BA1605619E-LeaderElection11] INFO  server.RaftServerConfigKeys (ConfUtils.java:logGet(44)) - raft.server.write.element-limit = 4096 (default)
2022-01-12 07:41:15,149 [om1@group-C5BA1605619E-LeaderElection11] INFO  server.RaftServerConfigKeys (ConfUtils.java:logGet(44)) - raft.server.write.byte-limit = 64MB (=67108864) (default)
2022-01-12 07:41:15,149 [om1@group-C5BA1605619E-LeaderElection11] INFO  server.RaftServerConfigKeys (ConfUtils.java:logGet(44)) - raft.server.watch.timeout = 10s (default)
2022-01-12 07:41:15,150 [om1@group-C5BA1605619E-LeaderElection11] INFO  server.RaftServerConfigKeys (ConfUtils.java:logGet(44)) - raft.server.watch.timeout.denomination = 1s (default)
2022-01-12 07:41:15,150 [om1@group-C5BA1605619E-LeaderElection11] INFO  server.RaftServerConfigKeys (ConfUtils.java:logGet(44)) - raft.server.watch.element-limit = 65536 (default)
2022-01-12 07:41:15,150 [om1@group-C5BA1605619E-LeaderElection11] INFO  server.RaftServerConfigKeys (ConfUtils.java:logGet(44)) - raft.server.write.element-limit = 4096 (default)
2022-01-12 07:41:15,150 [om1@group-C5BA1605619E-LeaderElection11] INFO  server.RaftServerConfigKeys (ConfUtils.java:logGet(44)) - raft.server.write.follower.gap.ratio.max = -1.0 (default)
2022-01-12 07:41:15,150 [om1@group-C5BA1605619E-LeaderElection11] INFO  impl.RoleInfo (RoleInfo.java:updateAndGet(130)) - om1: start om1@group-C5BA1605619E-LeaderStateImpl
2022-01-12 07:41:15,150 [om1@group-C5BA1605619E-LeaderElection11] INFO  segmented.SegmentedRaftLogWorker (SegmentedRaftLogWorker.java:startLogSegment(394)) - om1@group-C5BA1605619E-SegmentedRaftLogWorker: Starting segment from index:0
2022-01-12 07:41:15,159 [Listener at 127.0.0.1/46417] INFO  volume.StorageVolumeChecker (StorageVolumeChecker.java:checkAllVolumes(202)) - Scheduled health check for volume /home/runner/work/ozone/ozone/hadoop-ozone/integration-test/target/test-dir/MiniOzoneClusterImpl-98c4baf1-f560-4074-9287-a7c3af5f62c4/datanode-2/data-0/containers/hdds
2022-01-12 07:41:15,174 [om1@group-C5BA1605619E-SegmentedRaftLogWorker] INFO  segmented.SegmentedRaftLogWorker (SegmentedRaftLogWorker.java:execute(601)) - om1@group-C5BA1605619E-SegmentedRaftLogWorker: created new log segment /home/runner/work/ozone/ozone/hadoop-ozone/integration-test/target/test-dir/MiniOzoneClusterImpl-98c4baf1-f560-4074-9287-a7c3af5f62c4/ozone-meta/ratis/bf265839-605b-3f16-9796-c5ba1605619e/current/log_inprogress_0
2022-01-12 07:41:15,180 [Listener at 127.0.0.1/46417] INFO  volume.MutableVolumeSet (MutableVolumeSet.java:initializeVolumeSet(168)) - Added Volume : /home/runner/work/ozone/ozone/hadoop-ozone/integration-test/target/test-dir/MiniOzoneClusterImpl-98c4baf1-f560-4074-9287-a7c3af5f62c4/datanode-2/data/ratis to VolumeSet
2022-01-12 07:41:15,181 [Listener at 127.0.0.1/46417] INFO  volume.ThrottledAsyncChecker (ThrottledAsyncChecker.java:schedule(141)) - Scheduling a check for /home/runner/work/ozone/ozone/hadoop-ozone/integration-test/target/test-dir/MiniOzoneClusterImpl-98c4baf1-f560-4074-9287-a7c3af5f62c4/datanode-2/data/ratis
2022-01-12 07:41:15,182 [om1@group-C5BA1605619E-LeaderElection11] INFO  server.RaftServer$Division (ServerState.java:setRaftConf(387)) - om1@group-C5BA1605619E: set configuration 0: [om1|rpc:localhost:9872|admin:|client:|dataStream:|priority:0], old=null
2022-01-12 07:41:15,182 [Listener at 127.0.0.1/46417] INFO  volume.StorageVolumeChecker (StorageVolumeChecker.java:checkAllVolumes(202)) - Scheduled health check for volume /home/runner/work/ozone/ozone/hadoop-ozone/integration-test/target/test-dir/MiniOzoneClusterImpl-98c4baf1-f560-4074-9287-a7c3af5f62c4/datanode-2/data/ratis
2022-01-12 07:41:15,210 [om1@group-C5BA1605619E-StateMachineUpdater] INFO  ratis.OzoneManagerStateMachine (OzoneManagerStateMachine.java:notifyConfigurationChanged(188)) - Received Configuration change notification from Ratis. New Peer list:
[id: "om1"
address: "localhost:9872"
]
2022-01-12 07:41:15,217 [Thread-546] INFO  ozoneimpl.ContainerReader (ContainerReader.java:readVolume(172)) - Finish verifying containers on volume /home/runner/work/ozone/ozone/hadoop-ozone/integration-test/target/test-dir/MiniOzoneClusterImpl-98c4baf1-f560-4074-9287-a7c3af5f62c4/datanode-2/data-0/containers/hdds
2022-01-12 07:41:15,218 [Listener at 127.0.0.1/46417] INFO  ozoneimpl.OzoneContainer (OzoneContainer.java:buildContainerSet(237)) - Build ContainerSet costs 0s
2022-01-12 07:41:15,229 [Listener at 127.0.0.1/46417] INFO  server.RaftServer (ConfUtils.java:logGet(44)) - raft.rpc.type = GRPC (default)
2022-01-12 07:41:15,237 [Listener at 127.0.0.1/46417] INFO  grpc.GrpcFactory (GrpcFactory.java:checkPooledByteBufAllocatorUseCacheForAllThreads(48)) - PERFORMANCE WARNING: useCacheForAllThreads is true that may cause Netty to create a lot garbage objects and, as a result, trigger GC.
	It is recommended to disable useCacheForAllThreads by setting -Dorg.apache.ratis.thirdparty.io.netty.allocator.useCacheForAllThreads=false in command line.
2022-01-12 07:41:15,238 [Listener at 127.0.0.1/46417] INFO  grpc.GrpcConfigKeys (ConfUtils.java:logGet(44)) - raft.grpc.admin.port = 0 (custom)
2022-01-12 07:41:15,238 [Listener at 127.0.0.1/46417] INFO  grpc.GrpcConfigKeys (ConfUtils.java:logGet(44)) - raft.grpc.client.port = 0 (custom)
2022-01-12 07:41:15,238 [Listener at 127.0.0.1/46417] INFO  grpc.GrpcConfigKeys (ConfUtils.java:logGet(44)) - raft.grpc.server.port = 0 (default)
2022-01-12 07:41:15,238 [Listener at 127.0.0.1/46417] INFO  server.GrpcService (ConfUtils.java:logGet(44)) - raft.grpc.message.size.max = 32MB (=33554432) (custom)
2022-01-12 07:41:15,238 [Listener at 127.0.0.1/46417] INFO  server.RaftServerConfigKeys (ConfUtils.java:logGet(44)) - raft.server.log.appender.buffer.byte-limit = 33554432 (custom)
2022-01-12 07:41:15,238 [Listener at 127.0.0.1/46417] INFO  server.GrpcService (ConfUtils.java:logGet(44)) - raft.grpc.flow.control.window = 5MB (=5242880) (custom)
2022-01-12 07:41:15,238 [Listener at 127.0.0.1/46417] INFO  server.RaftServerConfigKeys (ConfUtils.java:logGet(44)) - raft.server.rpc.request.timeout = 60s (custom)
2022-01-12 07:41:15,240 [Listener at 127.0.0.1/46417] INFO  impl.DataStreamServerImpl (ConfUtils.java:logGet(44)) - raft.datastream.type = DISABLED (default)
2022-01-12 07:41:15,240 [Listener at 127.0.0.1/46417] INFO  server.RaftServerConfigKeys (ConfUtils.java:logGet(44)) - raft.server.rpc.slowness.timeout = 300s (custom)
2022-01-12 07:41:15,240 [Listener at 127.0.0.1/46417] INFO  server.RaftServerConfigKeys (ConfUtils.java:logGet(44)) - raft.server.leaderelection.leader.step-down.wait-time = 10s (default)
2022-01-12 07:41:15,240 [Listener at 127.0.0.1/46417] INFO  server.RaftServerConfigKeys (ConfUtils.java:logGet(44)) - raft.server.storage.dir = [/home/runner/work/ozone/ozone/hadoop-ozone/integration-test/target/test-dir/MiniOzoneClusterImpl-98c4baf1-f560-4074-9287-a7c3af5f62c4/datanode-2/data/ratis] (custom)
2022-01-12 07:41:15,241 [Listener at 127.0.0.1/46417] INFO  server.XceiverServerGrpc (XceiverServerGrpc.java:<init>(132)) - GrpcServer channel type EpollServerSocketChannel
2022-01-12 07:41:15,252 [Listener at 127.0.0.1/46417] INFO  http.BaseHttpServer (BaseHttpServer.java:newHttpServer2BuilderForOzone(209)) - Starting Web-server for hddsDatanode at: http://0.0.0.0:0
2022-01-12 07:41:15,252 [Listener at 127.0.0.1/46417] INFO  http.BaseHttpServer (BaseHttpServer.java:<init>(107)) - Hadoop Security Enabled: false Ozone Security Enabled: false Ozone HTTP Security Enabled: false 
2022-01-12 07:41:15,253 [Listener at 127.0.0.1/46417] INFO  server.AuthenticationFilter (AuthenticationFilter.java:constructSecretProvider(240)) - Unable to initialize FileSignerSecretProvider, falling back to use random secrets.
2022-01-12 07:41:15,254 [Listener at 127.0.0.1/46417] WARN  http.HttpRequestLog (HttpRequestLog.java:getRequestLog(103)) - Jetty request log can only be enabled using Log4j
2022-01-12 07:41:15,255 [Listener at 127.0.0.1/46417] INFO  http.HttpServer2 (HttpServer2.java:addGlobalFilter(1030)) - Added global filter 'safety' (class=org.apache.hadoop.hdds.server.http.HttpServer2$QuotingInputFilter)
2022-01-12 07:41:15,255 [Listener at 127.0.0.1/46417] INFO  http.HttpServer2 (HttpServer2.java:addFilter(1006)) - Added filter static_user_filter (class=org.apache.hadoop.http.lib.StaticUserWebFilter$StaticUserFilter) to context hddsDatanode
2022-01-12 07:41:15,255 [Listener at 127.0.0.1/46417] INFO  http.HttpServer2 (HttpServer2.java:addFilter(1014)) - Added filter static_user_filter (class=org.apache.hadoop.http.lib.StaticUserWebFilter$StaticUserFilter) to context static
2022-01-12 07:41:15,255 [Listener at 127.0.0.1/46417] INFO  http.HttpServer2 (HttpServer2.java:addFilter(1014)) - Added filter static_user_filter (class=org.apache.hadoop.http.lib.StaticUserWebFilter$StaticUserFilter) to context logs
2022-01-12 07:41:15,256 [Listener at 127.0.0.1/46417] INFO  http.HttpServer2 (HttpServer2.java:bindListener(1249)) - Jetty bound to port 35393
2022-01-12 07:41:15,256 [Listener at 127.0.0.1/46417] INFO  server.Server (Server.java:doStart(375)) - jetty-9.4.43.v20210629; built: 2021-06-30T11:07:22.254Z; git: 526006ecfa3af7f1a27ef3a288e2bef7ea9dd7e8; jvm 1.8.0_292-b10
2022-01-12 07:41:15,258 [Listener at 127.0.0.1/46417] INFO  server.session (DefaultSessionIdManager.java:doStart(334)) - DefaultSessionIdManager workerName=node0
2022-01-12 07:41:15,258 [Listener at 127.0.0.1/46417] INFO  server.session (DefaultSessionIdManager.java:doStart(339)) - No SessionScavenger set, using defaults
2022-01-12 07:41:15,258 [Listener at 127.0.0.1/46417] INFO  server.session (HouseKeeper.java:startScavenging(132)) - node0 Scavenging every 660000ms
2022-01-12 07:41:15,259 [Listener at 127.0.0.1/46417] INFO  handler.ContextHandler (ContextHandler.java:doStart(915)) - Started o.e.j.s.ServletContextHandler@1a5c5e32{logs,/logs,file:///home/runner/work/ozone/ozone/hadoop-ozone/integration-test/target/log,AVAILABLE}
2022-01-12 07:41:15,259 [Listener at 127.0.0.1/46417] INFO  handler.ContextHandler (ContextHandler.java:doStart(915)) - Started o.e.j.s.ServletContextHandler@67da8759{static,/static,jar:file:/home/runner/.m2/repository/org/apache/ozone/hdds-container-service/1.3.0-SNAPSHOT/hdds-container-service-1.3.0-SNAPSHOT.jar!/webapps/static,AVAILABLE}
2022-01-12 07:41:15,355 [Listener at 127.0.0.1/46417] INFO  handler.ContextHandler (ContextHandler.java:doStart(915)) - Started o.e.j.w.WebAppContext@2e6de055{hddsDatanode,/,file:///tmp/jetty-0_0_0_0-35393-hdds-container-service-1_3_0-SNAPSHOT_jar-_-any-8551920061554456503/webapp/,AVAILABLE}{jar:file:/home/runner/.m2/repository/org/apache/ozone/hdds-container-service/1.3.0-SNAPSHOT/hdds-container-service-1.3.0-SNAPSHOT.jar!/webapps/hddsDatanode}
2022-01-12 07:41:15,358 [Listener at 127.0.0.1/46417] INFO  server.AbstractConnector (AbstractConnector.java:doStart(331)) - Started ServerConnector@5b24ee92{HTTP/1.1, (http/1.1)}{0.0.0.0:35393}
2022-01-12 07:41:15,358 [Listener at 127.0.0.1/46417] INFO  server.Server (Server.java:doStart(415)) - Started @68309ms
2022-01-12 07:41:15,358 [Listener at 127.0.0.1/46417] WARN  impl.MetricsSystemImpl (MetricsSystemImpl.java:register(279)) - Sink prometheus already exists!
2022-01-12 07:41:15,360 [Listener at 127.0.0.1/46417] INFO  http.BaseHttpServer (BaseHttpServer.java:updateConnectorAddress(329)) - HTTP server of hddsDatanode listening at http://0.0.0.0:35393
2022-01-12 07:41:15,363 [Listener at 127.0.0.1/46417] INFO  ozone.MiniOzoneClusterImpl (MiniOzoneClusterImpl.java:lambda$waitForClusterToBeReady$0(235)) - Waiting for nodes to be ready. Got 0 of 3 DN Heartbeats.
2022-01-12 07:41:15,363 [Listener at 127.0.0.1/46417] INFO  ozone.MiniOzoneClusterImpl (MiniOzoneClusterImpl.java:lambda$waitForClusterToBeReady$0(238)) - Waiting for cluster to exit safe mode
2022-01-12 07:41:15,363 [Listener at 127.0.0.1/46417] INFO  ozone.MiniOzoneClusterImpl (MiniOzoneClusterImpl.java:lambda$waitForClusterToBeReady$0(240)) - SCM became leader
2022-01-12 07:41:15,363 [Datanode State Machine Daemon Thread] INFO  statemachine.DatanodeStateMachine (DatanodeStateMachine.java:lambda$startDaemon$0(470)) - Ozone container server started.
2022-01-12 07:41:15,402 [org.apache.hadoop.util.JvmPauseMonitor$Monitor@4aa4ef3f] INFO  util.JvmPauseMonitor (JvmPauseMonitor.java:run(188)) - Starting JVM pause monitor
2022-01-12 07:41:15,422 [Datanode State Machine Task Thread - 0] INFO  datanode.InitDatanodeState (InitDatanodeState.java:persistContainerDatanodeDetails(145)) - DatanodeDetails is persisted to /home/runner/work/ozone/ozone/hadoop-ozone/integration-test/target/test-dir/MiniOzoneClusterImpl-98c4baf1-f560-4074-9287-a7c3af5f62c4/datanode-2/meta/datanode.id
2022-01-12 07:41:16,363 [Listener at 127.0.0.1/46417] INFO  ozone.MiniOzoneClusterImpl (MiniOzoneClusterImpl.java:lambda$waitForClusterToBeReady$0(235)) - Waiting for nodes to be ready. Got 0 of 3 DN Heartbeats.
2022-01-12 07:41:16,364 [Listener at 127.0.0.1/46417] INFO  ozone.MiniOzoneClusterImpl (MiniOzoneClusterImpl.java:lambda$waitForClusterToBeReady$0(238)) - Waiting for cluster to exit safe mode
2022-01-12 07:41:16,364 [Listener at 127.0.0.1/46417] INFO  ozone.MiniOzoneClusterImpl (MiniOzoneClusterImpl.java:lambda$waitForClusterToBeReady$0(240)) - SCM became leader
2022-01-12 07:41:16,551 [EndpointStateMachine task thread for /0.0.0.0:35925 - 0 ] INFO  ozoneimpl.OzoneContainer (OzoneContainer.java:start(315)) - Attempting to start container services.
2022-01-12 07:41:16,551 [EndpointStateMachine task thread for /0.0.0.0:35925 - 0 ] INFO  ozoneimpl.OzoneContainer (OzoneContainer.java:startContainerScrub(250)) - Background container scanner has been disabled.
2022-01-12 07:41:16,553 [EndpointStateMachine task thread for /0.0.0.0:35925 - 0 ] INFO  replication.ReplicationServer (ReplicationServer.java:start(111)) - ReplicationServer is started using port 39543
2022-01-12 07:41:16,554 [EndpointStateMachine task thread for /0.0.0.0:35925 - 0 ] INFO  ratis.XceiverServerRatis (XceiverServerRatis.java:start(484)) - Starting XceiverServerRatis 09bdbdee-2d8e-4e61-9916-e6a477ae13dd
2022-01-12 07:41:16,554 [EndpointStateMachine task thread for /0.0.0.0:35925 - 0 ] INFO  server.RaftServer (RaftServerProxy.java:lambda$start$5(374)) - 09bdbdee-2d8e-4e61-9916-e6a477ae13dd: start RPC server
2022-01-12 07:41:16,558 [EndpointStateMachine task thread for /0.0.0.0:35925 - 0 ] INFO  server.GrpcService (GrpcService.java:startImpl(253)) - 09bdbdee-2d8e-4e61-9916-e6a477ae13dd: GrpcService started, listening on 45301
2022-01-12 07:41:16,558 [EndpointStateMachine task thread for /0.0.0.0:35925 - 0 ] INFO  ratis.XceiverServerRatis (XceiverServerRatis.java:getRealPort(505)) - XceiverServerRatis 09bdbdee-2d8e-4e61-9916-e6a477ae13dd is started using port 45301 for RATIS
2022-01-12 07:41:16,558 [EndpointStateMachine task thread for /0.0.0.0:35925 - 0 ] INFO  ratis.XceiverServerRatis (XceiverServerRatis.java:getRealPort(505)) - XceiverServerRatis 09bdbdee-2d8e-4e61-9916-e6a477ae13dd is started using port 45301 for RATIS_ADMIN
2022-01-12 07:41:16,558 [EndpointStateMachine task thread for /0.0.0.0:35925 - 0 ] INFO  ratis.XceiverServerRatis (XceiverServerRatis.java:getRealPort(505)) - XceiverServerRatis 09bdbdee-2d8e-4e61-9916-e6a477ae13dd is started using port 45301 for RATIS_SERVER
2022-01-12 07:41:16,558 [org.apache.ratis.util.JvmPauseMonitor$$Lambda$538/42333360@5f42c46e] INFO  util.JvmPauseMonitor (JvmPauseMonitor.java:run(103)) - JvmPauseMonitor-09bdbdee-2d8e-4e61-9916-e6a477ae13dd: Started
2022-01-12 07:41:16,569 [EndpointStateMachine task thread for /0.0.0.0:35925 - 0 ] INFO  server.XceiverServerGrpc (XceiverServerGrpc.java:start(180)) - XceiverServerGrpc 09bdbdee-2d8e-4e61-9916-e6a477ae13dd is started using port 39509
2022-01-12 07:41:16,939 [EndpointStateMachine task thread for /0.0.0.0:35925 - 0 ] INFO  ozoneimpl.OzoneContainer (OzoneContainer.java:start(315)) - Attempting to start container services.
2022-01-12 07:41:16,940 [EndpointStateMachine task thread for /0.0.0.0:35925 - 0 ] INFO  ozoneimpl.OzoneContainer (OzoneContainer.java:startContainerScrub(250)) - Background container scanner has been disabled.
2022-01-12 07:41:16,943 [EndpointStateMachine task thread for /0.0.0.0:35925 - 0 ] INFO  replication.ReplicationServer (ReplicationServer.java:start(111)) - ReplicationServer is started using port 33187
2022-01-12 07:41:16,949 [EndpointStateMachine task thread for /0.0.0.0:35925 - 0 ] INFO  ratis.XceiverServerRatis (XceiverServerRatis.java:start(484)) - Starting XceiverServerRatis 271317f1-f8b4-40e6-a29f-423c50314c9a
2022-01-12 07:41:16,965 [EndpointStateMachine task thread for /0.0.0.0:35925 - 0 ] INFO  server.RaftServer (RaftServerProxy.java:lambda$start$5(374)) - 271317f1-f8b4-40e6-a29f-423c50314c9a: start RPC server
2022-01-12 07:41:16,967 [EndpointStateMachine task thread for /0.0.0.0:35925 - 0 ] INFO  server.GrpcService (GrpcService.java:startImpl(253)) - 271317f1-f8b4-40e6-a29f-423c50314c9a: GrpcService started, listening on 43991
2022-01-12 07:41:16,968 [EndpointStateMachine task thread for /0.0.0.0:35925 - 0 ] INFO  ratis.XceiverServerRatis (XceiverServerRatis.java:getRealPort(505)) - XceiverServerRatis 271317f1-f8b4-40e6-a29f-423c50314c9a is started using port 43991 for RATIS
2022-01-12 07:41:16,968 [EndpointStateMachine task thread for /0.0.0.0:35925 - 0 ] INFO  ratis.XceiverServerRatis (XceiverServerRatis.java:getRealPort(505)) - XceiverServerRatis 271317f1-f8b4-40e6-a29f-423c50314c9a is started using port 43991 for RATIS_ADMIN
2022-01-12 07:41:16,968 [EndpointStateMachine task thread for /0.0.0.0:35925 - 0 ] INFO  ratis.XceiverServerRatis (XceiverServerRatis.java:getRealPort(505)) - XceiverServerRatis 271317f1-f8b4-40e6-a29f-423c50314c9a is started using port 43991 for RATIS_SERVER
2022-01-12 07:41:16,972 [org.apache.ratis.util.JvmPauseMonitor$$Lambda$538/42333360@5495a332] INFO  util.JvmPauseMonitor (JvmPauseMonitor.java:run(103)) - JvmPauseMonitor-271317f1-f8b4-40e6-a29f-423c50314c9a: Started
2022-01-12 07:41:16,985 [EndpointStateMachine task thread for /0.0.0.0:35925 - 0 ] INFO  server.XceiverServerGrpc (XceiverServerGrpc.java:start(180)) - XceiverServerGrpc 271317f1-f8b4-40e6-a29f-423c50314c9a is started using port 37805
2022-01-12 07:41:17,364 [Listener at 127.0.0.1/46417] INFO  ozone.MiniOzoneClusterImpl (MiniOzoneClusterImpl.java:lambda$waitForClusterToBeReady$0(235)) - Waiting for nodes to be ready. Got 0 of 3 DN Heartbeats.
2022-01-12 07:41:17,364 [Listener at 127.0.0.1/46417] INFO  ozone.MiniOzoneClusterImpl (MiniOzoneClusterImpl.java:lambda$waitForClusterToBeReady$0(238)) - Waiting for cluster to exit safe mode
2022-01-12 07:41:17,364 [Listener at 127.0.0.1/46417] INFO  ozone.MiniOzoneClusterImpl (MiniOzoneClusterImpl.java:lambda$waitForClusterToBeReady$0(240)) - SCM became leader
2022-01-12 07:41:17,407 [EndpointStateMachine task thread for /0.0.0.0:35925 - 0 ] INFO  ozoneimpl.OzoneContainer (OzoneContainer.java:start(315)) - Attempting to start container services.
2022-01-12 07:41:17,408 [EndpointStateMachine task thread for /0.0.0.0:35925 - 0 ] INFO  ozoneimpl.OzoneContainer (OzoneContainer.java:startContainerScrub(250)) - Background container scanner has been disabled.
2022-01-12 07:41:17,417 [EndpointStateMachine task thread for /0.0.0.0:35925 - 0 ] INFO  replication.ReplicationServer (ReplicationServer.java:start(111)) - ReplicationServer is started using port 46637
2022-01-12 07:41:17,419 [EndpointStateMachine task thread for /0.0.0.0:35925 - 0 ] INFO  ratis.XceiverServerRatis (XceiverServerRatis.java:start(484)) - Starting XceiverServerRatis 26f2b290-61b3-49ad-8002-bfb92d808e93
2022-01-12 07:41:17,426 [EndpointStateMachine task thread for /0.0.0.0:35925 - 0 ] INFO  server.RaftServer (RaftServerProxy.java:lambda$start$5(374)) - 26f2b290-61b3-49ad-8002-bfb92d808e93: start RPC server
2022-01-12 07:41:17,430 [EndpointStateMachine task thread for /0.0.0.0:35925 - 0 ] INFO  server.GrpcService (GrpcService.java:startImpl(253)) - 26f2b290-61b3-49ad-8002-bfb92d808e93: GrpcService started, listening on 46813
2022-01-12 07:41:17,433 [EndpointStateMachine task thread for /0.0.0.0:35925 - 0 ] INFO  ratis.XceiverServerRatis (XceiverServerRatis.java:getRealPort(505)) - XceiverServerRatis 26f2b290-61b3-49ad-8002-bfb92d808e93 is started using port 46813 for RATIS
2022-01-12 07:41:17,433 [EndpointStateMachine task thread for /0.0.0.0:35925 - 0 ] INFO  ratis.XceiverServerRatis (XceiverServerRatis.java:getRealPort(505)) - XceiverServerRatis 26f2b290-61b3-49ad-8002-bfb92d808e93 is started using port 46813 for RATIS_ADMIN
2022-01-12 07:41:17,433 [EndpointStateMachine task thread for /0.0.0.0:35925 - 0 ] INFO  ratis.XceiverServerRatis (XceiverServerRatis.java:getRealPort(505)) - XceiverServerRatis 26f2b290-61b3-49ad-8002-bfb92d808e93 is started using port 46813 for RATIS_SERVER
2022-01-12 07:41:17,435 [org.apache.ratis.util.JvmPauseMonitor$$Lambda$538/42333360@59820850] INFO  util.JvmPauseMonitor (JvmPauseMonitor.java:run(103)) - JvmPauseMonitor-26f2b290-61b3-49ad-8002-bfb92d808e93: Started
2022-01-12 07:41:17,448 [EndpointStateMachine task thread for /0.0.0.0:35925 - 0 ] INFO  server.XceiverServerGrpc (XceiverServerGrpc.java:start(180)) - XceiverServerGrpc 26f2b290-61b3-49ad-8002-bfb92d808e93 is started using port 37687
2022-01-12 07:41:18,364 [Listener at 127.0.0.1/46417] INFO  ozone.MiniOzoneClusterImpl (MiniOzoneClusterImpl.java:lambda$waitForClusterToBeReady$0(235)) - Waiting for nodes to be ready. Got 0 of 3 DN Heartbeats.
2022-01-12 07:41:18,364 [Listener at 127.0.0.1/46417] INFO  ozone.MiniOzoneClusterImpl (MiniOzoneClusterImpl.java:lambda$waitForClusterToBeReady$0(238)) - Waiting for cluster to exit safe mode
2022-01-12 07:41:18,364 [Listener at 127.0.0.1/46417] INFO  ozone.MiniOzoneClusterImpl (MiniOzoneClusterImpl.java:lambda$waitForClusterToBeReady$0(240)) - SCM became leader
2022-01-12 07:41:18,543 [IPC Server handler 1 on default port 35925] INFO  net.NetworkTopologyImpl (NetworkTopologyImpl.java:add(112)) - Added a new node: /default-rack/09bdbdee-2d8e-4e61-9916-e6a477ae13dd
2022-01-12 07:41:18,543 [IPC Server handler 1 on default port 35925] INFO  node.SCMNodeManager (SCMNodeManager.java:register(389)) - Registered Data node : 09bdbdee-2d8e-4e61-9916-e6a477ae13dd{ip: 10.1.0.33, host: fv-az270-882.tacnzluakwdehk1hpragurqkma.bx.internal.cloudapp.net, ports: [REPLICATION=39543, RATIS=45301, RATIS_ADMIN=45301, RATIS_SERVER=45301, STANDALONE=39509], networkLocation: /default-rack, certSerialId: null, persistedOpState: null, persistedOpStateExpiryEpochSec: 0}
2022-01-12 07:41:18,552 [EventQueue-NodeRegistrationContainerReportForDataNodeSafeModeRule] INFO  safemode.SCMSafeModeManager (DataNodeSafeModeRule.java:process(71)) - SCM in safe mode. 1 DataNodes registered, 3 required.
2022-01-12 07:41:18,553 [EventQueue-NewNodeForNewNodeHandler] INFO  pipeline.BackgroundPipelineCreator (BackgroundPipelineCreator.java:notifyEventTriggered(285)) - trigger a one-shot run on RatisPipelineUtilsThread.
2022-01-12 07:41:18,553 [EventQueue-PipelineReportForOneReplicaPipelineSafeModeRule] INFO  safemode.SCMSafeModeManager (SCMSafeModeManager.java:validateSafeModeExitRules(204)) - AtleastOneDatanodeReportedRule rule is successfully validated
2022-01-12 07:41:18,553 [RatisPipelineUtilsThread - 0] INFO  pipeline.RatisPipelineProvider (RatisPipelineProvider.java:lambda$create$0(183)) - Sending CreatePipelineCommand for pipeline:PipelineID=166c94fe-f80d-4be6-bab9-af9839d15867 to datanode:09bdbdee-2d8e-4e61-9916-e6a477ae13dd
2022-01-12 07:41:18,556 [RatisPipelineUtilsThread - 0] INFO  pipeline.PipelineStateManagerImpl (PipelineStateManagerImpl.java:addPipeline(101)) - Created pipeline Pipeline[ Id: 166c94fe-f80d-4be6-bab9-af9839d15867, Nodes: 09bdbdee-2d8e-4e61-9916-e6a477ae13dd{ip: 10.1.0.33, host: fv-az270-882.tacnzluakwdehk1hpragurqkma.bx.internal.cloudapp.net, ports: [REPLICATION=39543, RATIS=45301, RATIS_ADMIN=45301, RATIS_SERVER=45301, STANDALONE=39509], networkLocation: /default-rack, certSerialId: null, persistedOpState: IN_SERVICE, persistedOpStateExpiryEpochSec: 0}, ReplicationConfig: RATIS/ONE, State:ALLOCATED, leaderId:, CreationTimestamp2022-01-12T07:41:18.553Z[Etc/UTC]].
2022-01-12 07:41:18,561 [EventQueue-NodeRegistrationContainerReportForContainerSafeModeRule] INFO  safemode.SCMSafeModeManager (SCMSafeModeManager.java:validateSafeModeExitRules(204)) - ContainerSafeModeRule rule is successfully validated
2022-01-12 07:41:18,928 [IPC Server handler 2 on default port 35925] INFO  net.NetworkTopologyImpl (NetworkTopologyImpl.java:add(112)) - Added a new node: /default-rack/271317f1-f8b4-40e6-a29f-423c50314c9a
2022-01-12 07:41:18,931 [IPC Server handler 2 on default port 35925] INFO  node.SCMNodeManager (SCMNodeManager.java:register(389)) - Registered Data node : 271317f1-f8b4-40e6-a29f-423c50314c9a{ip: 10.1.0.33, host: fv-az270-882.tacnzluakwdehk1hpragurqkma.bx.internal.cloudapp.net, ports: [REPLICATION=33187, RATIS=43991, RATIS_ADMIN=43991, RATIS_SERVER=43991, STANDALONE=37805], networkLocation: /default-rack, certSerialId: null, persistedOpState: null, persistedOpStateExpiryEpochSec: 0}
2022-01-12 07:41:18,931 [EventQueue-NewNodeForNewNodeHandler] INFO  pipeline.BackgroundPipelineCreator (BackgroundPipelineCreator.java:notifyEventTriggered(285)) - trigger a one-shot run on RatisPipelineUtilsThread.
2022-01-12 07:41:18,931 [EventQueue-NodeRegistrationContainerReportForDataNodeSafeModeRule] INFO  safemode.SCMSafeModeManager (DataNodeSafeModeRule.java:process(71)) - SCM in safe mode. 2 DataNodes registered, 3 required.
2022-01-12 07:41:18,943 [RatisPipelineUtilsThread - 0] INFO  pipeline.RatisPipelineProvider (RatisPipelineProvider.java:lambda$create$0(183)) - Sending CreatePipelineCommand for pipeline:PipelineID=ca60684b-8e3a-4b7c-9b86-5a01071ccac5 to datanode:271317f1-f8b4-40e6-a29f-423c50314c9a
2022-01-12 07:41:18,943 [RatisPipelineUtilsThread - 0] INFO  pipeline.PipelineStateManagerImpl (PipelineStateManagerImpl.java:addPipeline(101)) - Created pipeline Pipeline[ Id: ca60684b-8e3a-4b7c-9b86-5a01071ccac5, Nodes: 271317f1-f8b4-40e6-a29f-423c50314c9a{ip: 10.1.0.33, host: fv-az270-882.tacnzluakwdehk1hpragurqkma.bx.internal.cloudapp.net, ports: [REPLICATION=33187, RATIS=43991, RATIS_ADMIN=43991, RATIS_SERVER=43991, STANDALONE=37805], networkLocation: /default-rack, certSerialId: null, persistedOpState: IN_SERVICE, persistedOpStateExpiryEpochSec: 0}, ReplicationConfig: RATIS/ONE, State:ALLOCATED, leaderId:, CreationTimestamp2022-01-12T07:41:18.943Z[Etc/UTC]].
2022-01-12 07:41:19,365 [Listener at 127.0.0.1/46417] INFO  ozone.MiniOzoneClusterImpl (MiniOzoneClusterImpl.java:lambda$waitForClusterToBeReady$0(235)) - Waiting for nodes to be ready. Got 2 of 3 DN Heartbeats.
2022-01-12 07:41:19,365 [Listener at 127.0.0.1/46417] INFO  ozone.MiniOzoneClusterImpl (MiniOzoneClusterImpl.java:lambda$waitForClusterToBeReady$0(238)) - Waiting for cluster to exit safe mode
2022-01-12 07:41:19,365 [Listener at 127.0.0.1/46417] INFO  ozone.MiniOzoneClusterImpl (MiniOzoneClusterImpl.java:lambda$waitForClusterToBeReady$0(240)) - SCM became leader
2022-01-12 07:41:19,402 [IPC Server handler 0 on default port 35925] INFO  net.NetworkTopologyImpl (NetworkTopologyImpl.java:add(112)) - Added a new node: /default-rack/26f2b290-61b3-49ad-8002-bfb92d808e93
2022-01-12 07:41:19,403 [IPC Server handler 0 on default port 35925] INFO  node.SCMNodeManager (SCMNodeManager.java:register(389)) - Registered Data node : 26f2b290-61b3-49ad-8002-bfb92d808e93{ip: 10.1.0.33, host: fv-az270-882.tacnzluakwdehk1hpragurqkma.bx.internal.cloudapp.net, ports: [REPLICATION=46637, RATIS=46813, RATIS_ADMIN=46813, RATIS_SERVER=46813, STANDALONE=37687], networkLocation: /default-rack, certSerialId: null, persistedOpState: null, persistedOpStateExpiryEpochSec: 0}
2022-01-12 07:41:19,403 [EventQueue-NewNodeForNewNodeHandler] INFO  pipeline.BackgroundPipelineCreator (BackgroundPipelineCreator.java:notifyEventTriggered(285)) - trigger a one-shot run on RatisPipelineUtilsThread.
2022-01-12 07:41:19,404 [EventQueue-NodeRegistrationContainerReportForDataNodeSafeModeRule] INFO  safemode.SCMSafeModeManager (DataNodeSafeModeRule.java:process(71)) - SCM in safe mode. 3 DataNodes registered, 3 required.
2022-01-12 07:41:19,404 [EventQueue-NodeRegistrationContainerReportForDataNodeSafeModeRule] INFO  safemode.SCMSafeModeManager (SCMSafeModeManager.java:validateSafeModeExitRules(204)) - DataNodeSafeModeRule rule is successfully validated
2022-01-12 07:41:19,404 [EventQueue-NodeRegistrationContainerReportForDataNodeSafeModeRule] INFO  safemode.SCMSafeModeManager (SCMSafeModeManager.java:completePreCheck(233)) - All SCM safe mode pre check rules have passed
2022-01-12 07:41:19,404 [EventQueue-NodeRegistrationContainerReportForDataNodeSafeModeRule] WARN  events.EventQueue (EventQueue.java:fireEvent(194)) - No event handler registered for event TypedEvent{payloadType=SafeModeStatus, name='Safe mode status'}
2022-01-12 07:41:19,404 [EventQueue-NodeRegistrationContainerReportForDataNodeSafeModeRule] INFO  ha.SCMContext (SCMContext.java:updateSafeModeStatus(211)) - Update SafeModeStatus from SafeModeStatus{safeModeStatus=true, preCheckPassed=false} to SafeModeStatus{safeModeStatus=true, preCheckPassed=true}.
2022-01-12 07:41:19,404 [EventQueue-NodeRegistrationContainerReportForDataNodeSafeModeRule] INFO  pipeline.BackgroundPipelineCreator (BackgroundPipelineCreator.java:notifyEventTriggered(285)) - trigger a one-shot run on RatisPipelineUtilsThread.
2022-01-12 07:41:19,407 [RatisPipelineUtilsThread - 0] INFO  pipeline.RatisPipelineProvider (RatisPipelineProvider.java:lambda$create$0(183)) - Sending CreatePipelineCommand for pipeline:PipelineID=c2882099-ebf2-471f-abfd-283c85823b61 to datanode:26f2b290-61b3-49ad-8002-bfb92d808e93
2022-01-12 07:41:19,407 [RatisPipelineUtilsThread - 0] INFO  pipeline.PipelineStateManagerImpl (PipelineStateManagerImpl.java:addPipeline(101)) - Created pipeline Pipeline[ Id: c2882099-ebf2-471f-abfd-283c85823b61, Nodes: 26f2b290-61b3-49ad-8002-bfb92d808e93{ip: 10.1.0.33, host: fv-az270-882.tacnzluakwdehk1hpragurqkma.bx.internal.cloudapp.net, ports: [REPLICATION=46637, RATIS=46813, RATIS_ADMIN=46813, RATIS_SERVER=46813, STANDALONE=37687], networkLocation: /default-rack, certSerialId: null, persistedOpState: IN_SERVICE, persistedOpStateExpiryEpochSec: 0}, ReplicationConfig: RATIS/ONE, State:ALLOCATED, leaderId:, CreationTimestamp2022-01-12T07:41:19.407Z[Etc/UTC]].
2022-01-12 07:41:19,408 [RatisPipelineUtilsThread - 0] INFO  pipeline.RatisPipelineProvider (RatisPipelineProvider.java:lambda$create$0(183)) - Sending CreatePipelineCommand for pipeline:PipelineID=83309c2b-4986-4e5d-b051-d68f9a05a383 to datanode:26f2b290-61b3-49ad-8002-bfb92d808e93
2022-01-12 07:41:19,408 [RatisPipelineUtilsThread - 0] INFO  pipeline.RatisPipelineProvider (RatisPipelineProvider.java:lambda$create$0(183)) - Sending CreatePipelineCommand for pipeline:PipelineID=83309c2b-4986-4e5d-b051-d68f9a05a383 to datanode:09bdbdee-2d8e-4e61-9916-e6a477ae13dd
2022-01-12 07:41:19,408 [RatisPipelineUtilsThread - 0] INFO  pipeline.RatisPipelineProvider (RatisPipelineProvider.java:lambda$create$0(183)) - Sending CreatePipelineCommand for pipeline:PipelineID=83309c2b-4986-4e5d-b051-d68f9a05a383 to datanode:271317f1-f8b4-40e6-a29f-423c50314c9a
2022-01-12 07:41:19,408 [RatisPipelineUtilsThread - 0] INFO  pipeline.PipelineStateManagerImpl (PipelineStateManagerImpl.java:addPipeline(101)) - Created pipeline Pipeline[ Id: 83309c2b-4986-4e5d-b051-d68f9a05a383, Nodes: 26f2b290-61b3-49ad-8002-bfb92d808e93{ip: 10.1.0.33, host: fv-az270-882.tacnzluakwdehk1hpragurqkma.bx.internal.cloudapp.net, ports: [REPLICATION=46637, RATIS=46813, RATIS_ADMIN=46813, RATIS_SERVER=46813, STANDALONE=37687], networkLocation: /default-rack, certSerialId: null, persistedOpState: IN_SERVICE, persistedOpStateExpiryEpochSec: 0}09bdbdee-2d8e-4e61-9916-e6a477ae13dd{ip: 10.1.0.33, host: fv-az270-882.tacnzluakwdehk1hpragurqkma.bx.internal.cloudapp.net, ports: [REPLICATION=39543, RATIS=45301, RATIS_ADMIN=45301, RATIS_SERVER=45301, STANDALONE=39509], networkLocation: /default-rack, certSerialId: null, persistedOpState: IN_SERVICE, persistedOpStateExpiryEpochSec: 0}271317f1-f8b4-40e6-a29f-423c50314c9a{ip: 10.1.0.33, host: fv-az270-882.tacnzluakwdehk1hpragurqkma.bx.internal.cloudapp.net, ports: [REPLICATION=33187, RATIS=43991, RATIS_ADMIN=43991, RATIS_SERVER=43991, STANDALONE=37805], networkLocation: /default-rack, certSerialId: null, persistedOpState: IN_SERVICE, persistedOpStateExpiryEpochSec: 0}, ReplicationConfig: RATIS/THREE, State:ALLOCATED, leaderId:, CreationTimestamp2022-01-12T07:41:19.408Z[Etc/UTC]].
2022-01-12 07:41:20,365 [Listener at 127.0.0.1/46417] INFO  ozone.MiniOzoneClusterImpl (MiniOzoneClusterImpl.java:lambda$waitForClusterToBeReady$0(235)) - Nodes are ready. Got 3 of 3 DN Heartbeats.
2022-01-12 07:41:20,369 [Listener at 127.0.0.1/46417] INFO  ozone.MiniOzoneClusterImpl (MiniOzoneClusterImpl.java:lambda$waitForClusterToBeReady$0(238)) - Waiting for cluster to exit safe mode
2022-01-12 07:41:20,369 [Listener at 127.0.0.1/46417] INFO  ozone.MiniOzoneClusterImpl (MiniOzoneClusterImpl.java:lambda$waitForClusterToBeReady$0(240)) - SCM became leader
2022-01-12 07:41:21,374 [Listener at 127.0.0.1/46417] INFO  ozone.MiniOzoneClusterImpl (MiniOzoneClusterImpl.java:lambda$waitForClusterToBeReady$0(235)) - Nodes are ready. Got 3 of 3 DN Heartbeats.
2022-01-12 07:41:21,374 [Listener at 127.0.0.1/46417] INFO  ozone.MiniOzoneClusterImpl (MiniOzoneClusterImpl.java:lambda$waitForClusterToBeReady$0(238)) - Waiting for cluster to exit safe mode
2022-01-12 07:41:21,374 [Listener at 127.0.0.1/46417] INFO  ozone.MiniOzoneClusterImpl (MiniOzoneClusterImpl.java:lambda$waitForClusterToBeReady$0(240)) - SCM became leader
2022-01-12 07:41:21,542 [Command processor thread] INFO  server.RaftServer (RaftServerProxy.java:addNew(95)) - 09bdbdee-2d8e-4e61-9916-e6a477ae13dd: addNew group-AF9839D15867:[09bdbdee-2d8e-4e61-9916-e6a477ae13dd|rpc:10.1.0.33:45301|priority:1] returns group-AF9839D15867:java.util.concurrent.CompletableFuture@32a7326f[Not completed]
2022-01-12 07:41:21,551 [pool-234-thread-1] INFO  server.RaftServer$Division (RaftServerImpl.java:<init>(184)) - 09bdbdee-2d8e-4e61-9916-e6a477ae13dd: new RaftServerImpl for group-AF9839D15867:[09bdbdee-2d8e-4e61-9916-e6a477ae13dd|rpc:10.1.0.33:45301|priority:1] with ContainerStateMachine:uninitialized
2022-01-12 07:41:21,557 [pool-234-thread-1] INFO  server.RaftServerConfigKeys (ConfUtils.java:logGet(44)) - raft.server.rpc.timeout.min = 5s (custom)
2022-01-12 07:41:21,557 [pool-234-thread-1] INFO  server.RaftServerConfigKeys (ConfUtils.java:logGet(44)) - raft.server.rpc.timeout.max = 5200ms (custom)
2022-01-12 07:41:21,557 [pool-234-thread-1] INFO  server.RaftServerConfigKeys (ConfUtils.java:logGet(44)) - raft.server.rpc.sleep.time = 25ms (default)
2022-01-12 07:41:21,557 [pool-234-thread-1] INFO  server.RaftServerConfigKeys (ConfUtils.java:logGet(44)) - raft.server.rpc.slowness.timeout = 300s (custom)
2022-01-12 07:41:21,557 [pool-234-thread-1] INFO  server.RaftServerConfigKeys (ConfUtils.java:logGet(44)) - raft.server.leaderelection.leader.step-down.wait-time = 10s (default)
2022-01-12 07:41:21,557 [pool-234-thread-1] INFO  server.RaftServerConfigKeys (ConfUtils.java:logGet(44)) - raft.server.sleep.deviation.threshold = 300ms (default)
2022-01-12 07:41:21,557 [pool-234-thread-1] INFO  server.RaftServerConfigKeys (ConfUtils.java:logGet(44)) - raft.server.log.appender.install.snapshot.enabled = false (custom)
2022-01-12 07:41:21,558 [pool-234-thread-1] INFO  server.RaftServer$Division (ServerState.java:<init>(105)) - 09bdbdee-2d8e-4e61-9916-e6a477ae13dd@group-AF9839D15867: ConfigurationManager, init=-1: [09bdbdee-2d8e-4e61-9916-e6a477ae13dd|rpc:10.1.0.33:45301|priority:1], old=null, confs=<EMPTY_MAP>
2022-01-12 07:41:21,558 [pool-234-thread-1] INFO  server.RaftServerConfigKeys (ConfUtils.java:logGet(44)) - raft.server.storage.dir = [/home/runner/work/ozone/ozone/hadoop-ozone/integration-test/target/test-dir/MiniOzoneClusterImpl-98c4baf1-f560-4074-9287-a7c3af5f62c4/datanode-0/data/ratis] (custom)
2022-01-12 07:41:21,558 [pool-234-thread-1] INFO  server.RaftServerConfigKeys (ConfUtils.java:logGet(44)) - raft.server.log.corruption.policy = EXCEPTION (default)
2022-01-12 07:41:21,558 [pool-234-thread-1] INFO  server.RaftServerConfigKeys (ConfUtils.java:logGet(44)) - raft.server.storage.free-space.min = 0MB (=0) (default)
2022-01-12 07:41:21,558 [pool-234-thread-1] INFO  storage.RaftStorageDirectory (RaftStorageDirectoryImpl.java:analyzeStorage(135)) - The storage directory /home/runner/work/ozone/ozone/hadoop-ozone/integration-test/target/test-dir/MiniOzoneClusterImpl-98c4baf1-f560-4074-9287-a7c3af5f62c4/datanode-0/data/ratis/166c94fe-f80d-4be6-bab9-af9839d15867 does not exist. Creating ...
2022-01-12 07:41:21,559 [pool-234-thread-1] INFO  storage.RaftStorageDirectory (RaftStorageDirectoryImpl.java:tryLock(230)) - Lock on /home/runner/work/ozone/ozone/hadoop-ozone/integration-test/target/test-dir/MiniOzoneClusterImpl-98c4baf1-f560-4074-9287-a7c3af5f62c4/datanode-0/data/ratis/166c94fe-f80d-4be6-bab9-af9839d15867/in_use.lock acquired by nodename 24786@fv-az270-882
2022-01-12 07:41:21,560 [pool-234-thread-1] INFO  storage.RaftStorage (RaftStorageImpl.java:format(89)) - Storage directory /home/runner/work/ozone/ozone/hadoop-ozone/integration-test/target/test-dir/MiniOzoneClusterImpl-98c4baf1-f560-4074-9287-a7c3af5f62c4/datanode-0/data/ratis/166c94fe-f80d-4be6-bab9-af9839d15867 has been successfully formatted.
2022-01-12 07:41:21,565 [pool-234-thread-1] INFO  ratis.ContainerStateMachine (ContainerStateMachine.java:loadSnapshot(231)) - group-AF9839D15867: The snapshot info is null. Setting the last applied indexto:(t:0, i:~)
2022-01-12 07:41:21,565 [pool-234-thread-1] INFO  server.RaftServerConfigKeys (ConfUtils.java:logGet(44)) - raft.server.notification.no-leader.timeout = 300s (custom)
2022-01-12 07:41:21,566 [pool-234-thread-1] INFO  server.RaftServerConfigKeys (ConfUtils.java:logGet(44)) - raft.server.log.use.memory = false (default)
2022-01-12 07:41:21,566 [pool-234-thread-1] INFO  server.RaftServerConfigKeys (ConfUtils.java:logGet(44)) - raft.server.log.purge.gap = 1000000 (custom)
2022-01-12 07:41:21,566 [pool-234-thread-1] INFO  server.RaftServerConfigKeys (ConfUtils.java:logGet(44)) - raft.server.log.appender.buffer.byte-limit = 33554432 (custom)
2022-01-12 07:41:21,567 [pool-234-thread-1] INFO  server.RaftServerConfigKeys (ConfUtils.java:logGet(44)) - raft.server.log.segment.size.max = 1048576 (custom)
2022-01-12 07:41:21,567 [EventQueue-PipelineReportForPipelineReportHandler] INFO  pipeline.PipelineManagerImpl (PipelineManagerImpl.java:openPipeline(291)) - Pipeline Pipeline[ Id: 166c94fe-f80d-4be6-bab9-af9839d15867, Nodes: 09bdbdee-2d8e-4e61-9916-e6a477ae13dd{ip: 10.1.0.33, host: fv-az270-882.tacnzluakwdehk1hpragurqkma.bx.internal.cloudapp.net, ports: [REPLICATION=39543, RATIS=45301, RATIS_ADMIN=45301, RATIS_SERVER=45301, STANDALONE=39509], networkLocation: /default-rack, certSerialId: null, persistedOpState: IN_SERVICE, persistedOpStateExpiryEpochSec: 0}, ReplicationConfig: RATIS/ONE, State:ALLOCATED, leaderId:09bdbdee-2d8e-4e61-9916-e6a477ae13dd, CreationTimestamp2022-01-12T07:41:18.553Z[Etc/UTC]] moved to OPEN state
2022-01-12 07:41:21,567 [pool-234-thread-1] INFO  server.RaftServerConfigKeys (ConfUtils.java:logGet(44)) - raft.server.log.segment.cache.num.max = 2 (custom)
2022-01-12 07:41:21,567 [pool-234-thread-1] INFO  server.RaftServerConfigKeys (ConfUtils.java:logGet(44)) - raft.server.log.segment.cache.size.max = 200MB (=209715200) (default)
2022-01-12 07:41:21,567 [pool-234-thread-1] INFO  segmented.SegmentedRaftLogWorker (SegmentedRaftLogWorker.java:<init>(182)) - new 09bdbdee-2d8e-4e61-9916-e6a477ae13dd@group-AF9839D15867-SegmentedRaftLogWorker for RaftStorageImpl:Storage Directory /home/runner/work/ozone/ozone/hadoop-ozone/integration-test/target/test-dir/MiniOzoneClusterImpl-98c4baf1-f560-4074-9287-a7c3af5f62c4/datanode-0/data/ratis/166c94fe-f80d-4be6-bab9-af9839d15867
2022-01-12 07:41:21,567 [pool-234-thread-1] INFO  server.RaftServerConfigKeys (ConfUtils.java:logGet(44)) - raft.server.log.queue.byte-limit = 2147483647 (custom)
2022-01-12 07:41:21,569 [pool-234-thread-1] INFO  server.RaftServerConfigKeys (ConfUtils.java:logGet(44)) - raft.server.log.queue.element-limit = 1024 (custom)
2022-01-12 07:41:21,570 [pool-234-thread-1] INFO  server.RaftServerConfigKeys (ConfUtils.java:logGet(44)) - raft.server.log.segment.size.max = 1048576 (custom)
2022-01-12 07:41:21,570 [pool-234-thread-1] INFO  server.RaftServerConfigKeys (ConfUtils.java:logGet(44)) - raft.server.log.preallocated.size = 16384 (custom)
2022-01-12 07:41:21,570 [pool-234-thread-1] INFO  server.RaftServerConfigKeys (ConfUtils.java:logGet(44)) - raft.server.log.force.sync.num = 128 (default)
2022-01-12 07:41:21,570 [pool-234-thread-1] INFO  server.RaftServerConfigKeys (ConfUtils.java:logGet(44)) - raft.server.log.statemachine.data.sync = true (default)
2022-01-12 07:41:21,570 [pool-234-thread-1] INFO  server.RaftServerConfigKeys (ConfUtils.java:logGet(44)) - raft.server.log.statemachine.data.sync.timeout = 10s (default)
2022-01-12 07:41:21,570 [pool-234-thread-1] INFO  server.RaftServerConfigKeys (ConfUtils.java:logGet(44)) - raft.server.log.statemachine.data.sync.timeout.retry = -1 (default)
2022-01-12 07:41:21,571 [pool-234-thread-1] INFO  server.RaftServerConfigKeys (ConfUtils.java:logGet(44)) - raft.server.log.write.buffer.size = 1048576 (custom)
2022-01-12 07:41:21,572 [pool-234-thread-1] INFO  server.RaftServerConfigKeys (ConfUtils.java:logGet(44)) - raft.server.log.statemachine.data.caching.enabled = true (custom)
2022-01-12 07:41:21,572 [pool-234-thread-1] INFO  segmented.SegmentedRaftLogWorker (SegmentedRaftLogWorker.java:lambda$new$0(133)) - 09bdbdee-2d8e-4e61-9916-e6a477ae13dd@group-AF9839D15867-SegmentedRaftLogWorker: flushIndex: setUnconditionally 0 -> -1
2022-01-12 07:41:21,572 [pool-234-thread-1] INFO  segmented.SegmentedRaftLogWorker (SegmentedRaftLogWorker.java:lambda$new$0(133)) - 09bdbdee-2d8e-4e61-9916-e6a477ae13dd@group-AF9839D15867-SegmentedRaftLogWorker: safeCacheEvictIndex: setUnconditionally 0 -> -1
2022-01-12 07:41:21,572 [pool-234-thread-1] INFO  server.RaftServerConfigKeys (ConfUtils.java:logGet(44)) - raft.server.snapshot.auto.trigger.enabled = true (custom)
2022-01-12 07:41:21,572 [pool-234-thread-1] INFO  server.RaftServerConfigKeys (ConfUtils.java:logGet(44)) - raft.server.snapshot.auto.trigger.threshold = 10000 (custom)
2022-01-12 07:41:21,572 [pool-234-thread-1] INFO  server.RaftServerConfigKeys (ConfUtils.java:logGet(44)) - raft.server.snapshot.retention.file.num = 5 (custom)
2022-01-12 07:41:21,572 [pool-234-thread-1] INFO  server.RaftServerConfigKeys (ConfUtils.java:logGet(44)) - raft.server.log.purge.upto.snapshot.index = false (default)
2022-01-12 07:41:21,572 [pool-234-thread-1] INFO  server.RaftServerConfigKeys (ConfUtils.java:logGet(44)) - raft.server.retrycache.expirytime = 600000ms (custom)
2022-01-12 07:41:21,573 [pool-234-thread-1] INFO  server.RaftServerConfigKeys (ConfUtils.java:logGet(44)) - raft.server.retrycache.statistics.expirytime = 100μs (default)
2022-01-12 07:41:21,578 [pool-234-thread-1] INFO  server.RaftServer$Division (RaftServerImpl.java:start(301)) - 09bdbdee-2d8e-4e61-9916-e6a477ae13dd@group-AF9839D15867: start as a follower, conf=-1: [09bdbdee-2d8e-4e61-9916-e6a477ae13dd|rpc:10.1.0.33:45301|priority:1], old=null
2022-01-12 07:41:21,578 [pool-234-thread-1] INFO  server.RaftServer$Division (RaftServerImpl.java:setRole(290)) - 09bdbdee-2d8e-4e61-9916-e6a477ae13dd@group-AF9839D15867: changes role from      null to FOLLOWER at term 0 for startAsFollower
2022-01-12 07:41:21,578 [pool-234-thread-1] INFO  impl.RoleInfo (RoleInfo.java:updateAndGet(130)) - 09bdbdee-2d8e-4e61-9916-e6a477ae13dd: start 09bdbdee-2d8e-4e61-9916-e6a477ae13dd@group-AF9839D15867-FollowerState
2022-01-12 07:41:21,593 [pool-234-thread-1] INFO  util.JmxRegister (JmxRegister.java:tryRegister(44)) - Successfully registered JMX Bean with object name Ratis:service=RaftServer,group=group-AF9839D15867,id=09bdbdee-2d8e-4e61-9916-e6a477ae13dd
2022-01-12 07:41:21,612 [EventQueue-OpenPipelineForHealthyPipelineSafeModeRule] INFO  safemode.SCMSafeModeManager (HealthyPipelineSafeModeRule.java:process(124)) - SCM in safe mode. Healthy pipelines reported count is 0, required healthy pipeline reported count is 1
2022-01-12 07:41:21,617 [Command processor thread] INFO  ratis.XceiverServerRatis (XceiverServerRatis.java:addGroup(768)) - Created group PipelineID=166c94fe-f80d-4be6-bab9-af9839d15867
2022-01-12 07:41:21,617 [Command processor thread] INFO  commandhandler.CreatePipelineCommandHandler (CreatePipelineCommandHandler.java:handle(106)) - Created Pipeline RATIS ONE PipelineID=166c94fe-f80d-4be6-bab9-af9839d15867.
2022-01-12 07:41:21,618 [Command processor thread] INFO  server.RaftServer (RaftServerProxy.java:addNew(95)) - 09bdbdee-2d8e-4e61-9916-e6a477ae13dd: addNew group-D68F9A05A383:[271317f1-f8b4-40e6-a29f-423c50314c9a|rpc:10.1.0.33:43991|priority:0, 09bdbdee-2d8e-4e61-9916-e6a477ae13dd|rpc:10.1.0.33:45301|priority:0, 26f2b290-61b3-49ad-8002-bfb92d808e93|rpc:10.1.0.33:46813|priority:1] returns group-D68F9A05A383:java.util.concurrent.CompletableFuture@3698b0e3[Not completed]
2022-01-12 07:41:21,619 [pool-234-thread-1] INFO  server.RaftServer$Division (RaftServerImpl.java:<init>(184)) - 09bdbdee-2d8e-4e61-9916-e6a477ae13dd: new RaftServerImpl for group-D68F9A05A383:[271317f1-f8b4-40e6-a29f-423c50314c9a|rpc:10.1.0.33:43991|priority:0, 09bdbdee-2d8e-4e61-9916-e6a477ae13dd|rpc:10.1.0.33:45301|priority:0, 26f2b290-61b3-49ad-8002-bfb92d808e93|rpc:10.1.0.33:46813|priority:1] with ContainerStateMachine:uninitialized
2022-01-12 07:41:21,619 [pool-234-thread-1] INFO  server.RaftServerConfigKeys (ConfUtils.java:logGet(44)) - raft.server.rpc.timeout.min = 5s (custom)
2022-01-12 07:41:21,619 [pool-234-thread-1] INFO  server.RaftServerConfigKeys (ConfUtils.java:logGet(44)) - raft.server.rpc.timeout.max = 5200ms (custom)
2022-01-12 07:41:21,619 [pool-234-thread-1] INFO  server.RaftServerConfigKeys (ConfUtils.java:logGet(44)) - raft.server.rpc.sleep.time = 25ms (default)
2022-01-12 07:41:21,619 [pool-234-thread-1] INFO  server.RaftServerConfigKeys (ConfUtils.java:logGet(44)) - raft.server.rpc.slowness.timeout = 300s (custom)
2022-01-12 07:41:21,619 [pool-234-thread-1] INFO  server.RaftServerConfigKeys (ConfUtils.java:logGet(44)) - raft.server.leaderelection.leader.step-down.wait-time = 10s (default)
2022-01-12 07:41:21,619 [pool-234-thread-1] INFO  server.RaftServerConfigKeys (ConfUtils.java:logGet(44)) - raft.server.sleep.deviation.threshold = 300ms (default)
2022-01-12 07:41:21,619 [pool-234-thread-1] INFO  server.RaftServerConfigKeys (ConfUtils.java:logGet(44)) - raft.server.log.appender.install.snapshot.enabled = false (custom)
2022-01-12 07:41:21,619 [pool-234-thread-1] INFO  server.RaftServer$Division (ServerState.java:<init>(105)) - 09bdbdee-2d8e-4e61-9916-e6a477ae13dd@group-D68F9A05A383: ConfigurationManager, init=-1: [271317f1-f8b4-40e6-a29f-423c50314c9a|rpc:10.1.0.33:43991|priority:0, 09bdbdee-2d8e-4e61-9916-e6a477ae13dd|rpc:10.1.0.33:45301|priority:0, 26f2b290-61b3-49ad-8002-bfb92d808e93|rpc:10.1.0.33:46813|priority:1], old=null, confs=<EMPTY_MAP>
2022-01-12 07:41:21,619 [pool-234-thread-1] INFO  server.RaftServerConfigKeys (ConfUtils.java:logGet(44)) - raft.server.storage.dir = [/home/runner/work/ozone/ozone/hadoop-ozone/integration-test/target/test-dir/MiniOzoneClusterImpl-98c4baf1-f560-4074-9287-a7c3af5f62c4/datanode-0/data/ratis] (custom)
2022-01-12 07:41:21,619 [pool-234-thread-1] INFO  server.RaftServerConfigKeys (ConfUtils.java:logGet(44)) - raft.server.log.corruption.policy = EXCEPTION (default)
2022-01-12 07:41:21,619 [pool-234-thread-1] INFO  server.RaftServerConfigKeys (ConfUtils.java:logGet(44)) - raft.server.storage.free-space.min = 0MB (=0) (default)
2022-01-12 07:41:21,620 [pool-234-thread-1] INFO  storage.RaftStorageDirectory (RaftStorageDirectoryImpl.java:analyzeStorage(135)) - The storage directory /home/runner/work/ozone/ozone/hadoop-ozone/integration-test/target/test-dir/MiniOzoneClusterImpl-98c4baf1-f560-4074-9287-a7c3af5f62c4/datanode-0/data/ratis/83309c2b-4986-4e5d-b051-d68f9a05a383 does not exist. Creating ...
2022-01-12 07:41:21,621 [pool-234-thread-1] INFO  storage.RaftStorageDirectory (RaftStorageDirectoryImpl.java:tryLock(230)) - Lock on /home/runner/work/ozone/ozone/hadoop-ozone/integration-test/target/test-dir/MiniOzoneClusterImpl-98c4baf1-f560-4074-9287-a7c3af5f62c4/datanode-0/data/ratis/83309c2b-4986-4e5d-b051-d68f9a05a383/in_use.lock acquired by nodename 24786@fv-az270-882
2022-01-12 07:41:21,622 [pool-234-thread-1] INFO  storage.RaftStorage (RaftStorageImpl.java:format(89)) - Storage directory /home/runner/work/ozone/ozone/hadoop-ozone/integration-test/target/test-dir/MiniOzoneClusterImpl-98c4baf1-f560-4074-9287-a7c3af5f62c4/datanode-0/data/ratis/83309c2b-4986-4e5d-b051-d68f9a05a383 has been successfully formatted.
2022-01-12 07:41:21,623 [pool-234-thread-1] INFO  ratis.ContainerStateMachine (ContainerStateMachine.java:loadSnapshot(231)) - group-D68F9A05A383: The snapshot info is null. Setting the last applied indexto:(t:0, i:~)
2022-01-12 07:41:21,626 [EventQueue-OpenPipelineForHealthyPipelineSafeModeRule] INFO  safemode.SCMSafeModeManager (HealthyPipelineSafeModeRule.java:process(124)) - SCM in safe mode. Healthy pipelines reported count is 0, required healthy pipeline reported count is 1
2022-01-12 07:41:21,626 [pool-234-thread-1] INFO  server.RaftServerConfigKeys (ConfUtils.java:logGet(44)) - raft.server.notification.no-leader.timeout = 300s (custom)
2022-01-12 07:41:21,627 [pool-234-thread-1] INFO  server.RaftServerConfigKeys (ConfUtils.java:logGet(44)) - raft.server.log.use.memory = false (default)
2022-01-12 07:41:21,627 [pool-234-thread-1] INFO  server.RaftServerConfigKeys (ConfUtils.java:logGet(44)) - raft.server.log.purge.gap = 1000000 (custom)
2022-01-12 07:41:21,627 [pool-234-thread-1] INFO  server.RaftServerConfigKeys (ConfUtils.java:logGet(44)) - raft.server.log.appender.buffer.byte-limit = 33554432 (custom)
2022-01-12 07:41:21,627 [pool-234-thread-1] INFO  server.RaftServerConfigKeys (ConfUtils.java:logGet(44)) - raft.server.log.segment.size.max = 1048576 (custom)
2022-01-12 07:41:21,627 [pool-234-thread-1] INFO  server.RaftServerConfigKeys (ConfUtils.java:logGet(44)) - raft.server.log.segment.cache.num.max = 2 (custom)
2022-01-12 07:41:21,627 [pool-234-thread-1] INFO  server.RaftServerConfigKeys (ConfUtils.java:logGet(44)) - raft.server.log.segment.cache.size.max = 200MB (=209715200) (default)
2022-01-12 07:41:21,628 [pool-234-thread-1] INFO  segmented.SegmentedRaftLogWorker (SegmentedRaftLogWorker.java:<init>(182)) - new 09bdbdee-2d8e-4e61-9916-e6a477ae13dd@group-D68F9A05A383-SegmentedRaftLogWorker for RaftStorageImpl:Storage Directory /home/runner/work/ozone/ozone/hadoop-ozone/integration-test/target/test-dir/MiniOzoneClusterImpl-98c4baf1-f560-4074-9287-a7c3af5f62c4/datanode-0/data/ratis/83309c2b-4986-4e5d-b051-d68f9a05a383
2022-01-12 07:41:21,628 [pool-234-thread-1] INFO  server.RaftServerConfigKeys (ConfUtils.java:logGet(44)) - raft.server.log.queue.byte-limit = 2147483647 (custom)
2022-01-12 07:41:21,628 [pool-234-thread-1] INFO  server.RaftServerConfigKeys (ConfUtils.java:logGet(44)) - raft.server.log.queue.element-limit = 1024 (custom)
2022-01-12 07:41:21,628 [pool-234-thread-1] INFO  server.RaftServerConfigKeys (ConfUtils.java:logGet(44)) - raft.server.log.segment.size.max = 1048576 (custom)
2022-01-12 07:41:21,628 [pool-234-thread-1] INFO  server.RaftServerConfigKeys (ConfUtils.java:logGet(44)) - raft.server.log.preallocated.size = 16384 (custom)
2022-01-12 07:41:21,628 [pool-234-thread-1] INFO  server.RaftServerConfigKeys (ConfUtils.java:logGet(44)) - raft.server.log.force.sync.num = 128 (default)
2022-01-12 07:41:21,628 [pool-234-thread-1] INFO  server.RaftServerConfigKeys (ConfUtils.java:logGet(44)) - raft.server.log.statemachine.data.sync = true (default)
2022-01-12 07:41:21,628 [pool-234-thread-1] INFO  server.RaftServerConfigKeys (ConfUtils.java:logGet(44)) - raft.server.log.statemachine.data.sync.timeout = 10s (default)
2022-01-12 07:41:21,628 [pool-234-thread-1] INFO  server.RaftServerConfigKeys (ConfUtils.java:logGet(44)) - raft.server.log.statemachine.data.sync.timeout.retry = -1 (default)
2022-01-12 07:41:21,629 [pool-234-thread-1] INFO  server.RaftServerConfigKeys (ConfUtils.java:logGet(44)) - raft.server.log.write.buffer.size = 1048576 (custom)
2022-01-12 07:41:21,642 [pool-234-thread-1] INFO  server.RaftServerConfigKeys (ConfUtils.java:logGet(44)) - raft.server.log.statemachine.data.caching.enabled = true (custom)
2022-01-12 07:41:21,644 [pool-234-thread-1] INFO  segmented.SegmentedRaftLogWorker (SegmentedRaftLogWorker.java:lambda$new$0(133)) - 09bdbdee-2d8e-4e61-9916-e6a477ae13dd@group-D68F9A05A383-SegmentedRaftLogWorker: flushIndex: setUnconditionally 0 -> -1
2022-01-12 07:41:21,644 [pool-234-thread-1] INFO  segmented.SegmentedRaftLogWorker (SegmentedRaftLogWorker.java:lambda$new$0(133)) - 09bdbdee-2d8e-4e61-9916-e6a477ae13dd@group-D68F9A05A383-SegmentedRaftLogWorker: safeCacheEvictIndex: setUnconditionally 0 -> -1
2022-01-12 07:41:21,645 [pool-234-thread-1] INFO  server.RaftServerConfigKeys (ConfUtils.java:logGet(44)) - raft.server.snapshot.auto.trigger.enabled = true (custom)
2022-01-12 07:41:21,645 [pool-234-thread-1] INFO  server.RaftServerConfigKeys (ConfUtils.java:logGet(44)) - raft.server.snapshot.auto.trigger.threshold = 10000 (custom)
2022-01-12 07:41:21,645 [pool-234-thread-1] INFO  server.RaftServerConfigKeys (ConfUtils.java:logGet(44)) - raft.server.snapshot.retention.file.num = 5 (custom)
2022-01-12 07:41:21,645 [pool-234-thread-1] INFO  server.RaftServerConfigKeys (ConfUtils.java:logGet(44)) - raft.server.log.purge.upto.snapshot.index = false (default)
2022-01-12 07:41:21,646 [pool-234-thread-1] INFO  server.RaftServerConfigKeys (ConfUtils.java:logGet(44)) - raft.server.retrycache.expirytime = 600000ms (custom)
2022-01-12 07:41:21,646 [pool-234-thread-1] INFO  server.RaftServerConfigKeys (ConfUtils.java:logGet(44)) - raft.server.retrycache.statistics.expirytime = 100μs (default)
2022-01-12 07:41:21,647 [pool-234-thread-1] INFO  server.RaftServer$Division (RaftServerImpl.java:start(301)) - 09bdbdee-2d8e-4e61-9916-e6a477ae13dd@group-D68F9A05A383: start as a follower, conf=-1: [271317f1-f8b4-40e6-a29f-423c50314c9a|rpc:10.1.0.33:43991|priority:0, 09bdbdee-2d8e-4e61-9916-e6a477ae13dd|rpc:10.1.0.33:45301|priority:0, 26f2b290-61b3-49ad-8002-bfb92d808e93|rpc:10.1.0.33:46813|priority:1], old=null
2022-01-12 07:41:21,647 [pool-234-thread-1] INFO  server.RaftServer$Division (RaftServerImpl.java:setRole(290)) - 09bdbdee-2d8e-4e61-9916-e6a477ae13dd@group-D68F9A05A383: changes role from      null to FOLLOWER at term 0 for startAsFollower
2022-01-12 07:41:21,647 [pool-234-thread-1] INFO  impl.RoleInfo (RoleInfo.java:updateAndGet(130)) - 09bdbdee-2d8e-4e61-9916-e6a477ae13dd: start 09bdbdee-2d8e-4e61-9916-e6a477ae13dd@group-D68F9A05A383-FollowerState
2022-01-12 07:41:21,649 [pool-234-thread-1] INFO  util.JmxRegister (JmxRegister.java:tryRegister(44)) - Successfully registered JMX Bean with object name Ratis:service=RaftServer,group=group-D68F9A05A383,id=09bdbdee-2d8e-4e61-9916-e6a477ae13dd
2022-01-12 07:41:21,652 [Command processor thread] INFO  ratis.XceiverServerRatis (XceiverServerRatis.java:addGroup(768)) - Created group PipelineID=83309c2b-4986-4e5d-b051-d68f9a05a383
2022-01-12 07:41:21,717 [grpc-default-executor-0] INFO  server.RaftServer (RaftServerProxy.java:addNew(95)) - 26f2b290-61b3-49ad-8002-bfb92d808e93: addNew group-D68F9A05A383:[271317f1-f8b4-40e6-a29f-423c50314c9a|rpc:10.1.0.33:43991|dataStream:|priority:0, 09bdbdee-2d8e-4e61-9916-e6a477ae13dd|rpc:10.1.0.33:45301|dataStream:|priority:0, 26f2b290-61b3-49ad-8002-bfb92d808e93|rpc:10.1.0.33:46813|dataStream:|priority:1] returns group-D68F9A05A383:java.util.concurrent.CompletableFuture@10f3c173[Not completed]
2022-01-12 07:41:21,723 [pool-276-thread-1] INFO  server.RaftServer$Division (RaftServerImpl.java:<init>(184)) - 26f2b290-61b3-49ad-8002-bfb92d808e93: new RaftServerImpl for group-D68F9A05A383:[271317f1-f8b4-40e6-a29f-423c50314c9a|rpc:10.1.0.33:43991|dataStream:|priority:0, 09bdbdee-2d8e-4e61-9916-e6a477ae13dd|rpc:10.1.0.33:45301|dataStream:|priority:0, 26f2b290-61b3-49ad-8002-bfb92d808e93|rpc:10.1.0.33:46813|dataStream:|priority:1] with ContainerStateMachine:uninitialized
2022-01-12 07:41:21,724 [pool-276-thread-1] INFO  server.RaftServerConfigKeys (ConfUtils.java:logGet(44)) - raft.server.rpc.timeout.min = 5s (custom)
2022-01-12 07:41:21,724 [pool-276-thread-1] INFO  server.RaftServerConfigKeys (ConfUtils.java:logGet(44)) - raft.server.rpc.timeout.max = 5200ms (custom)
2022-01-12 07:41:21,724 [pool-276-thread-1] INFO  server.RaftServerConfigKeys (ConfUtils.java:logGet(44)) - raft.server.rpc.sleep.time = 25ms (default)
2022-01-12 07:41:21,724 [pool-276-thread-1] INFO  server.RaftServerConfigKeys (ConfUtils.java:logGet(44)) - raft.server.rpc.slowness.timeout = 300s (custom)
2022-01-12 07:41:21,724 [pool-276-thread-1] INFO  server.RaftServerConfigKeys (ConfUtils.java:logGet(44)) - raft.server.leaderelection.leader.step-down.wait-time = 10s (default)
2022-01-12 07:41:21,724 [pool-276-thread-1] INFO  server.RaftServerConfigKeys (ConfUtils.java:logGet(44)) - raft.server.sleep.deviation.threshold = 300ms (default)
2022-01-12 07:41:21,724 [pool-276-thread-1] INFO  server.RaftServerConfigKeys (ConfUtils.java:logGet(44)) - raft.server.log.appender.install.snapshot.enabled = false (custom)
2022-01-12 07:41:21,724 [pool-276-thread-1] INFO  server.RaftServer$Division (ServerState.java:<init>(105)) - 26f2b290-61b3-49ad-8002-bfb92d808e93@group-D68F9A05A383: ConfigurationManager, init=-1: [271317f1-f8b4-40e6-a29f-423c50314c9a|rpc:10.1.0.33:43991|dataStream:|priority:0, 09bdbdee-2d8e-4e61-9916-e6a477ae13dd|rpc:10.1.0.33:45301|dataStream:|priority:0, 26f2b290-61b3-49ad-8002-bfb92d808e93|rpc:10.1.0.33:46813|dataStream:|priority:1], old=null, confs=<EMPTY_MAP>
2022-01-12 07:41:21,725 [pool-276-thread-1] INFO  server.RaftServerConfigKeys (ConfUtils.java:logGet(44)) - raft.server.storage.dir = [/home/runner/work/ozone/ozone/hadoop-ozone/integration-test/target/test-dir/MiniOzoneClusterImpl-98c4baf1-f560-4074-9287-a7c3af5f62c4/datanode-2/data/ratis] (custom)
2022-01-12 07:41:21,725 [pool-276-thread-1] INFO  server.RaftServerConfigKeys (ConfUtils.java:logGet(44)) - raft.server.log.corruption.policy = EXCEPTION (default)
2022-01-12 07:41:21,725 [pool-276-thread-1] INFO  server.RaftServerConfigKeys (ConfUtils.java:logGet(44)) - raft.server.storage.free-space.min = 0MB (=0) (default)
2022-01-12 07:41:21,725 [pool-276-thread-1] INFO  storage.RaftStorageDirectory (RaftStorageDirectoryImpl.java:analyzeStorage(135)) - The storage directory /home/runner/work/ozone/ozone/hadoop-ozone/integration-test/target/test-dir/MiniOzoneClusterImpl-98c4baf1-f560-4074-9287-a7c3af5f62c4/datanode-2/data/ratis/83309c2b-4986-4e5d-b051-d68f9a05a383 does not exist. Creating ...
2022-01-12 07:41:21,726 [pool-276-thread-1] INFO  storage.RaftStorageDirectory (RaftStorageDirectoryImpl.java:tryLock(230)) - Lock on /home/runner/work/ozone/ozone/hadoop-ozone/integration-test/target/test-dir/MiniOzoneClusterImpl-98c4baf1-f560-4074-9287-a7c3af5f62c4/datanode-2/data/ratis/83309c2b-4986-4e5d-b051-d68f9a05a383/in_use.lock acquired by nodename 24786@fv-az270-882
2022-01-12 07:41:21,734 [pool-276-thread-1] INFO  storage.RaftStorage (RaftStorageImpl.java:format(89)) - Storage directory /home/runner/work/ozone/ozone/hadoop-ozone/integration-test/target/test-dir/MiniOzoneClusterImpl-98c4baf1-f560-4074-9287-a7c3af5f62c4/datanode-2/data/ratis/83309c2b-4986-4e5d-b051-d68f9a05a383 has been successfully formatted.
2022-01-12 07:41:21,736 [pool-276-thread-1] INFO  ratis.ContainerStateMachine (ContainerStateMachine.java:loadSnapshot(231)) - group-D68F9A05A383: The snapshot info is null. Setting the last applied indexto:(t:0, i:~)
2022-01-12 07:41:21,737 [pool-276-thread-1] INFO  server.RaftServerConfigKeys (ConfUtils.java:logGet(44)) - raft.server.notification.no-leader.timeout = 300s (custom)
2022-01-12 07:41:21,737 [pool-276-thread-1] INFO  server.RaftServerConfigKeys (ConfUtils.java:logGet(44)) - raft.server.log.use.memory = false (default)
2022-01-12 07:41:21,737 [pool-276-thread-1] INFO  server.RaftServerConfigKeys (ConfUtils.java:logGet(44)) - raft.server.log.purge.gap = 1000000 (custom)
2022-01-12 07:41:21,737 [pool-276-thread-1] INFO  server.RaftServerConfigKeys (ConfUtils.java:logGet(44)) - raft.server.log.appender.buffer.byte-limit = 33554432 (custom)
2022-01-12 07:41:21,737 [pool-276-thread-1] INFO  server.RaftServerConfigKeys (ConfUtils.java:logGet(44)) - raft.server.log.segment.size.max = 1048576 (custom)
2022-01-12 07:41:21,738 [pool-276-thread-1] INFO  server.RaftServerConfigKeys (ConfUtils.java:logGet(44)) - raft.server.log.segment.cache.num.max = 2 (custom)
2022-01-12 07:41:21,738 [pool-276-thread-1] INFO  server.RaftServerConfigKeys (ConfUtils.java:logGet(44)) - raft.server.log.segment.cache.size.max = 200MB (=209715200) (default)
2022-01-12 07:41:21,738 [pool-276-thread-1] INFO  segmented.SegmentedRaftLogWorker (SegmentedRaftLogWorker.java:<init>(182)) - new 26f2b290-61b3-49ad-8002-bfb92d808e93@group-D68F9A05A383-SegmentedRaftLogWorker for RaftStorageImpl:Storage Directory /home/runner/work/ozone/ozone/hadoop-ozone/integration-test/target/test-dir/MiniOzoneClusterImpl-98c4baf1-f560-4074-9287-a7c3af5f62c4/datanode-2/data/ratis/83309c2b-4986-4e5d-b051-d68f9a05a383
2022-01-12 07:41:21,738 [pool-276-thread-1] INFO  server.RaftServerConfigKeys (ConfUtils.java:logGet(44)) - raft.server.log.queue.byte-limit = 2147483647 (custom)
2022-01-12 07:41:21,738 [pool-276-thread-1] INFO  server.RaftServerConfigKeys (ConfUtils.java:logGet(44)) - raft.server.log.queue.element-limit = 1024 (custom)
2022-01-12 07:41:21,738 [pool-276-thread-1] INFO  server.RaftServerConfigKeys (ConfUtils.java:logGet(44)) - raft.server.log.segment.size.max = 1048576 (custom)
2022-01-12 07:41:21,738 [pool-276-thread-1] INFO  server.RaftServerConfigKeys (ConfUtils.java:logGet(44)) - raft.server.log.preallocated.size = 16384 (custom)
2022-01-12 07:41:21,738 [pool-276-thread-1] INFO  server.RaftServerConfigKeys (ConfUtils.java:logGet(44)) - raft.server.log.force.sync.num = 128 (default)
2022-01-12 07:41:21,738 [pool-276-thread-1] INFO  server.RaftServerConfigKeys (ConfUtils.java:logGet(44)) - raft.server.log.statemachine.data.sync = true (default)
2022-01-12 07:41:21,738 [pool-276-thread-1] INFO  server.RaftServerConfigKeys (ConfUtils.java:logGet(44)) - raft.server.log.statemachine.data.sync.timeout = 10s (default)
2022-01-12 07:41:21,739 [pool-276-thread-1] INFO  server.RaftServerConfigKeys (ConfUtils.java:logGet(44)) - raft.server.log.statemachine.data.sync.timeout.retry = -1 (default)
2022-01-12 07:41:21,741 [pool-276-thread-1] INFO  server.RaftServerConfigKeys (ConfUtils.java:logGet(44)) - raft.server.log.write.buffer.size = 1048576 (custom)
2022-01-12 07:41:21,747 [pool-276-thread-1] INFO  server.RaftServerConfigKeys (ConfUtils.java:logGet(44)) - raft.server.log.statemachine.data.caching.enabled = true (custom)
2022-01-12 07:41:21,747 [pool-276-thread-1] INFO  segmented.SegmentedRaftLogWorker (SegmentedRaftLogWorker.java:lambda$new$0(133)) - 26f2b290-61b3-49ad-8002-bfb92d808e93@group-D68F9A05A383-SegmentedRaftLogWorker: flushIndex: setUnconditionally 0 -> -1
2022-01-12 07:41:21,748 [pool-276-thread-1] INFO  segmented.SegmentedRaftLogWorker (SegmentedRaftLogWorker.java:lambda$new$0(133)) - 26f2b290-61b3-49ad-8002-bfb92d808e93@group-D68F9A05A383-SegmentedRaftLogWorker: safeCacheEvictIndex: setUnconditionally 0 -> -1
2022-01-12 07:41:21,749 [pool-276-thread-1] INFO  server.RaftServerConfigKeys (ConfUtils.java:logGet(44)) - raft.server.snapshot.auto.trigger.enabled = true (custom)
2022-01-12 07:41:21,749 [pool-276-thread-1] INFO  server.RaftServerConfigKeys (ConfUtils.java:logGet(44)) - raft.server.snapshot.auto.trigger.threshold = 10000 (custom)
2022-01-12 07:41:21,749 [pool-276-thread-1] INFO  server.RaftServerConfigKeys (ConfUtils.java:logGet(44)) - raft.server.snapshot.retention.file.num = 5 (custom)
2022-01-12 07:41:21,749 [pool-276-thread-1] INFO  server.RaftServerConfigKeys (ConfUtils.java:logGet(44)) - raft.server.log.purge.upto.snapshot.index = false (default)
2022-01-12 07:41:21,749 [pool-276-thread-1] INFO  server.RaftServerConfigKeys (ConfUtils.java:logGet(44)) - raft.server.retrycache.expirytime = 600000ms (custom)
2022-01-12 07:41:21,749 [pool-276-thread-1] INFO  server.RaftServerConfigKeys (ConfUtils.java:logGet(44)) - raft.server.retrycache.statistics.expirytime = 100μs (default)
2022-01-12 07:41:21,750 [pool-276-thread-1] INFO  server.RaftServer$Division (RaftServerImpl.java:start(301)) - 26f2b290-61b3-49ad-8002-bfb92d808e93@group-D68F9A05A383: start as a follower, conf=-1: [271317f1-f8b4-40e6-a29f-423c50314c9a|rpc:10.1.0.33:43991|dataStream:|priority:0, 09bdbdee-2d8e-4e61-9916-e6a477ae13dd|rpc:10.1.0.33:45301|dataStream:|priority:0, 26f2b290-61b3-49ad-8002-bfb92d808e93|rpc:10.1.0.33:46813|dataStream:|priority:1], old=null
2022-01-12 07:41:21,750 [pool-276-thread-1] INFO  server.RaftServer$Division (RaftServerImpl.java:setRole(290)) - 26f2b290-61b3-49ad-8002-bfb92d808e93@group-D68F9A05A383: changes role from      null to FOLLOWER at term 0 for startAsFollower
2022-01-12 07:41:21,750 [pool-276-thread-1] INFO  impl.RoleInfo (RoleInfo.java:updateAndGet(130)) - 26f2b290-61b3-49ad-8002-bfb92d808e93: start 26f2b290-61b3-49ad-8002-bfb92d808e93@group-D68F9A05A383-FollowerState
2022-01-12 07:41:21,753 [pool-276-thread-1] INFO  util.JmxRegister (JmxRegister.java:tryRegister(44)) - Successfully registered JMX Bean with object name Ratis:service=RaftServer,group=group-D68F9A05A383,id=26f2b290-61b3-49ad-8002-bfb92d808e93
2022-01-12 07:41:21,822 [grpc-default-executor-0] INFO  server.RaftServer (RaftServerProxy.java:addNew(95)) - 271317f1-f8b4-40e6-a29f-423c50314c9a: addNew group-D68F9A05A383:[271317f1-f8b4-40e6-a29f-423c50314c9a|rpc:10.1.0.33:43991|dataStream:|priority:0, 09bdbdee-2d8e-4e61-9916-e6a477ae13dd|rpc:10.1.0.33:45301|dataStream:|priority:0, 26f2b290-61b3-49ad-8002-bfb92d808e93|rpc:10.1.0.33:46813|dataStream:|priority:1] returns group-D68F9A05A383:java.util.concurrent.CompletableFuture@6c699d45[Not completed]
2022-01-12 07:41:21,830 [pool-255-thread-1] INFO  server.RaftServer$Division (RaftServerImpl.java:<init>(184)) - 271317f1-f8b4-40e6-a29f-423c50314c9a: new RaftServerImpl for group-D68F9A05A383:[271317f1-f8b4-40e6-a29f-423c50314c9a|rpc:10.1.0.33:43991|dataStream:|priority:0, 09bdbdee-2d8e-4e61-9916-e6a477ae13dd|rpc:10.1.0.33:45301|dataStream:|priority:0, 26f2b290-61b3-49ad-8002-bfb92d808e93|rpc:10.1.0.33:46813|dataStream:|priority:1] with ContainerStateMachine:uninitialized
2022-01-12 07:41:21,841 [pool-255-thread-1] INFO  server.RaftServerConfigKeys (ConfUtils.java:logGet(44)) - raft.server.rpc.timeout.min = 5s (custom)
2022-01-12 07:41:21,841 [pool-255-thread-1] INFO  server.RaftServerConfigKeys (ConfUtils.java:logGet(44)) - raft.server.rpc.timeout.max = 5200ms (custom)
2022-01-12 07:41:21,841 [pool-255-thread-1] INFO  server.RaftServerConfigKeys (ConfUtils.java:logGet(44)) - raft.server.rpc.sleep.time = 25ms (default)
2022-01-12 07:41:21,841 [pool-255-thread-1] INFO  server.RaftServerConfigKeys (ConfUtils.java:logGet(44)) - raft.server.rpc.slowness.timeout = 300s (custom)
2022-01-12 07:41:21,841 [pool-255-thread-1] INFO  server.RaftServerConfigKeys (ConfUtils.java:logGet(44)) - raft.server.leaderelection.leader.step-down.wait-time = 10s (default)
2022-01-12 07:41:21,841 [pool-255-thread-1] INFO  server.RaftServerConfigKeys (ConfUtils.java:logGet(44)) - raft.server.sleep.deviation.threshold = 300ms (default)
2022-01-12 07:41:21,841 [pool-255-thread-1] INFO  server.RaftServerConfigKeys (ConfUtils.java:logGet(44)) - raft.server.log.appender.install.snapshot.enabled = false (custom)
2022-01-12 07:41:21,842 [pool-255-thread-1] INFO  server.RaftServer$Division (ServerState.java:<init>(105)) - 271317f1-f8b4-40e6-a29f-423c50314c9a@group-D68F9A05A383: ConfigurationManager, init=-1: [271317f1-f8b4-40e6-a29f-423c50314c9a|rpc:10.1.0.33:43991|dataStream:|priority:0, 09bdbdee-2d8e-4e61-9916-e6a477ae13dd|rpc:10.1.0.33:45301|dataStream:|priority:0, 26f2b290-61b3-49ad-8002-bfb92d808e93|rpc:10.1.0.33:46813|dataStream:|priority:1], old=null, confs=<EMPTY_MAP>
2022-01-12 07:41:21,842 [pool-255-thread-1] INFO  server.RaftServerConfigKeys (ConfUtils.java:logGet(44)) - raft.server.storage.dir = [/home/runner/work/ozone/ozone/hadoop-ozone/integration-test/target/test-dir/MiniOzoneClusterImpl-98c4baf1-f560-4074-9287-a7c3af5f62c4/datanode-1/data/ratis] (custom)
2022-01-12 07:41:21,842 [pool-255-thread-1] INFO  server.RaftServerConfigKeys (ConfUtils.java:logGet(44)) - raft.server.log.corruption.policy = EXCEPTION (default)
2022-01-12 07:41:21,842 [pool-255-thread-1] INFO  server.RaftServerConfigKeys (ConfUtils.java:logGet(44)) - raft.server.storage.free-space.min = 0MB (=0) (default)
2022-01-12 07:41:21,842 [pool-255-thread-1] INFO  storage.RaftStorageDirectory (RaftStorageDirectoryImpl.java:analyzeStorage(135)) - The storage directory /home/runner/work/ozone/ozone/hadoop-ozone/integration-test/target/test-dir/MiniOzoneClusterImpl-98c4baf1-f560-4074-9287-a7c3af5f62c4/datanode-1/data/ratis/83309c2b-4986-4e5d-b051-d68f9a05a383 does not exist. Creating ...
2022-01-12 07:41:21,843 [pool-255-thread-1] INFO  storage.RaftStorageDirectory (RaftStorageDirectoryImpl.java:tryLock(230)) - Lock on /home/runner/work/ozone/ozone/hadoop-ozone/integration-test/target/test-dir/MiniOzoneClusterImpl-98c4baf1-f560-4074-9287-a7c3af5f62c4/datanode-1/data/ratis/83309c2b-4986-4e5d-b051-d68f9a05a383/in_use.lock acquired by nodename 24786@fv-az270-882
2022-01-12 07:41:21,844 [pool-255-thread-1] INFO  storage.RaftStorage (RaftStorageImpl.java:format(89)) - Storage directory /home/runner/work/ozone/ozone/hadoop-ozone/integration-test/target/test-dir/MiniOzoneClusterImpl-98c4baf1-f560-4074-9287-a7c3af5f62c4/datanode-1/data/ratis/83309c2b-4986-4e5d-b051-d68f9a05a383 has been successfully formatted.
2022-01-12 07:41:21,845 [pool-255-thread-1] INFO  ratis.ContainerStateMachine (ContainerStateMachine.java:loadSnapshot(231)) - group-D68F9A05A383: The snapshot info is null. Setting the last applied indexto:(t:0, i:~)
2022-01-12 07:41:21,845 [pool-255-thread-1] INFO  server.RaftServerConfigKeys (ConfUtils.java:logGet(44)) - raft.server.notification.no-leader.timeout = 300s (custom)
2022-01-12 07:41:21,846 [pool-255-thread-1] INFO  server.RaftServerConfigKeys (ConfUtils.java:logGet(44)) - raft.server.log.use.memory = false (default)
2022-01-12 07:41:21,846 [pool-255-thread-1] INFO  server.RaftServerConfigKeys (ConfUtils.java:logGet(44)) - raft.server.log.purge.gap = 1000000 (custom)
2022-01-12 07:41:21,846 [pool-255-thread-1] INFO  server.RaftServerConfigKeys (ConfUtils.java:logGet(44)) - raft.server.log.appender.buffer.byte-limit = 33554432 (custom)
2022-01-12 07:41:21,846 [pool-255-thread-1] INFO  server.RaftServerConfigKeys (ConfUtils.java:logGet(44)) - raft.server.log.segment.size.max = 1048576 (custom)
2022-01-12 07:41:21,846 [pool-255-thread-1] INFO  server.RaftServerConfigKeys (ConfUtils.java:logGet(44)) - raft.server.log.segment.cache.num.max = 2 (custom)
2022-01-12 07:41:21,846 [pool-255-thread-1] INFO  server.RaftServerConfigKeys (ConfUtils.java:logGet(44)) - raft.server.log.segment.cache.size.max = 200MB (=209715200) (default)
2022-01-12 07:41:21,846 [pool-255-thread-1] INFO  segmented.SegmentedRaftLogWorker (SegmentedRaftLogWorker.java:<init>(182)) - new 271317f1-f8b4-40e6-a29f-423c50314c9a@group-D68F9A05A383-SegmentedRaftLogWorker for RaftStorageImpl:Storage Directory /home/runner/work/ozone/ozone/hadoop-ozone/integration-test/target/test-dir/MiniOzoneClusterImpl-98c4baf1-f560-4074-9287-a7c3af5f62c4/datanode-1/data/ratis/83309c2b-4986-4e5d-b051-d68f9a05a383
2022-01-12 07:41:21,846 [pool-255-thread-1] INFO  server.RaftServerConfigKeys (ConfUtils.java:logGet(44)) - raft.server.log.queue.byte-limit = 2147483647 (custom)
2022-01-12 07:41:21,847 [pool-255-thread-1] INFO  server.RaftServerConfigKeys (ConfUtils.java:logGet(44)) - raft.server.log.queue.element-limit = 1024 (custom)
2022-01-12 07:41:21,847 [pool-255-thread-1] INFO  server.RaftServerConfigKeys (ConfUtils.java:logGet(44)) - raft.server.log.segment.size.max = 1048576 (custom)
2022-01-12 07:41:21,847 [pool-255-thread-1] INFO  server.RaftServerConfigKeys (ConfUtils.java:logGet(44)) - raft.server.log.preallocated.size = 16384 (custom)
2022-01-12 07:41:21,847 [pool-255-thread-1] INFO  server.RaftServerConfigKeys (ConfUtils.java:logGet(44)) - raft.server.log.force.sync.num = 128 (default)
2022-01-12 07:41:21,847 [pool-255-thread-1] INFO  server.RaftServerConfigKeys (ConfUtils.java:logGet(44)) - raft.server.log.statemachine.data.sync = true (default)
2022-01-12 07:41:21,847 [pool-255-thread-1] INFO  server.RaftServerConfigKeys (ConfUtils.java:logGet(44)) - raft.server.log.statemachine.data.sync.timeout = 10s (default)
2022-01-12 07:41:21,847 [pool-255-thread-1] INFO  server.RaftServerConfigKeys (ConfUtils.java:logGet(44)) - raft.server.log.statemachine.data.sync.timeout.retry = -1 (default)
2022-01-12 07:41:21,848 [pool-255-thread-1] INFO  server.RaftServerConfigKeys (ConfUtils.java:logGet(44)) - raft.server.log.write.buffer.size = 1048576 (custom)
2022-01-12 07:41:21,848 [pool-255-thread-1] INFO  server.RaftServerConfigKeys (ConfUtils.java:logGet(44)) - raft.server.log.statemachine.data.caching.enabled = true (custom)
2022-01-12 07:41:21,849 [pool-255-thread-1] INFO  segmented.SegmentedRaftLogWorker (SegmentedRaftLogWorker.java:lambda$new$0(133)) - 271317f1-f8b4-40e6-a29f-423c50314c9a@group-D68F9A05A383-SegmentedRaftLogWorker: flushIndex: setUnconditionally 0 -> -1
2022-01-12 07:41:21,849 [pool-255-thread-1] INFO  segmented.SegmentedRaftLogWorker (SegmentedRaftLogWorker.java:lambda$new$0(133)) - 271317f1-f8b4-40e6-a29f-423c50314c9a@group-D68F9A05A383-SegmentedRaftLogWorker: safeCacheEvictIndex: setUnconditionally 0 -> -1
2022-01-12 07:41:21,850 [pool-255-thread-1] INFO  server.RaftServerConfigKeys (ConfUtils.java:logGet(44)) - raft.server.snapshot.auto.trigger.enabled = true (custom)
2022-01-12 07:41:21,850 [pool-255-thread-1] INFO  server.RaftServerConfigKeys (ConfUtils.java:logGet(44)) - raft.server.snapshot.auto.trigger.threshold = 10000 (custom)
2022-01-12 07:41:21,850 [pool-255-thread-1] INFO  server.RaftServerConfigKeys (ConfUtils.java:logGet(44)) - raft.server.snapshot.retention.file.num = 5 (custom)
2022-01-12 07:41:21,850 [pool-255-thread-1] INFO  server.RaftServerConfigKeys (ConfUtils.java:logGet(44)) - raft.server.log.purge.upto.snapshot.index = false (default)
2022-01-12 07:41:21,850 [pool-255-thread-1] INFO  server.RaftServerConfigKeys (ConfUtils.java:logGet(44)) - raft.server.retrycache.expirytime = 600000ms (custom)
2022-01-12 07:41:21,850 [pool-255-thread-1] INFO  server.RaftServerConfigKeys (ConfUtils.java:logGet(44)) - raft.server.retrycache.statistics.expirytime = 100μs (default)
2022-01-12 07:41:21,852 [pool-255-thread-1] INFO  server.RaftServer$Division (RaftServerImpl.java:start(301)) - 271317f1-f8b4-40e6-a29f-423c50314c9a@group-D68F9A05A383: start as a follower, conf=-1: [271317f1-f8b4-40e6-a29f-423c50314c9a|rpc:10.1.0.33:43991|dataStream:|priority:0, 09bdbdee-2d8e-4e61-9916-e6a477ae13dd|rpc:10.1.0.33:45301|dataStream:|priority:0, 26f2b290-61b3-49ad-8002-bfb92d808e93|rpc:10.1.0.33:46813|dataStream:|priority:1], old=null
2022-01-12 07:41:21,857 [pool-255-thread-1] INFO  server.RaftServer$Division (RaftServerImpl.java:setRole(290)) - 271317f1-f8b4-40e6-a29f-423c50314c9a@group-D68F9A05A383: changes role from      null to FOLLOWER at term 0 for startAsFollower
2022-01-12 07:41:21,857 [pool-255-thread-1] INFO  impl.RoleInfo (RoleInfo.java:updateAndGet(130)) - 271317f1-f8b4-40e6-a29f-423c50314c9a: start 271317f1-f8b4-40e6-a29f-423c50314c9a@group-D68F9A05A383-FollowerState
2022-01-12 07:41:21,873 [pool-255-thread-1] INFO  util.JmxRegister (JmxRegister.java:tryRegister(44)) - Successfully registered JMX Bean with object name Ratis:service=RaftServer,group=group-D68F9A05A383,id=271317f1-f8b4-40e6-a29f-423c50314c9a
2022-01-12 07:41:21,911 [Command processor thread] INFO  commandhandler.CreatePipelineCommandHandler (CreatePipelineCommandHandler.java:handle(106)) - Created Pipeline RATIS THREE PipelineID=83309c2b-4986-4e5d-b051-d68f9a05a383.
2022-01-12 07:41:21,926 [Command processor thread] INFO  server.RaftServer (RaftServerProxy.java:addNew(95)) - 271317f1-f8b4-40e6-a29f-423c50314c9a: addNew group-5A01071CCAC5:[271317f1-f8b4-40e6-a29f-423c50314c9a|rpc:10.1.0.33:43991|priority:1] returns group-5A01071CCAC5:java.util.concurrent.CompletableFuture@3196bf2d[Not completed]
2022-01-12 07:41:21,927 [pool-255-thread-1] INFO  server.RaftServer$Division (RaftServerImpl.java:<init>(184)) - 271317f1-f8b4-40e6-a29f-423c50314c9a: new RaftServerImpl for group-5A01071CCAC5:[271317f1-f8b4-40e6-a29f-423c50314c9a|rpc:10.1.0.33:43991|priority:1] with ContainerStateMachine:uninitialized
2022-01-12 07:41:21,927 [pool-255-thread-1] INFO  server.RaftServerConfigKeys (ConfUtils.java:logGet(44)) - raft.server.rpc.timeout.min = 5s (custom)
2022-01-12 07:41:21,927 [pool-255-thread-1] INFO  server.RaftServerConfigKeys (ConfUtils.java:logGet(44)) - raft.server.rpc.timeout.max = 5200ms (custom)
2022-01-12 07:41:21,927 [pool-255-thread-1] INFO  server.RaftServerConfigKeys (ConfUtils.java:logGet(44)) - raft.server.rpc.sleep.time = 25ms (default)
2022-01-12 07:41:21,927 [pool-255-thread-1] INFO  server.RaftServerConfigKeys (ConfUtils.java:logGet(44)) - raft.server.rpc.slowness.timeout = 300s (custom)
2022-01-12 07:41:21,927 [pool-255-thread-1] INFO  server.RaftServerConfigKeys (ConfUtils.java:logGet(44)) - raft.server.leaderelection.leader.step-down.wait-time = 10s (default)
2022-01-12 07:41:21,927 [pool-255-thread-1] INFO  server.RaftServerConfigKeys (ConfUtils.java:logGet(44)) - raft.server.sleep.deviation.threshold = 300ms (default)
2022-01-12 07:41:21,927 [pool-255-thread-1] INFO  server.RaftServerConfigKeys (ConfUtils.java:logGet(44)) - raft.server.log.appender.install.snapshot.enabled = false (custom)
2022-01-12 07:41:21,927 [pool-255-thread-1] INFO  server.RaftServer$Division (ServerState.java:<init>(105)) - 271317f1-f8b4-40e6-a29f-423c50314c9a@group-5A01071CCAC5: ConfigurationManager, init=-1: [271317f1-f8b4-40e6-a29f-423c50314c9a|rpc:10.1.0.33:43991|priority:1], old=null, confs=<EMPTY_MAP>
2022-01-12 07:41:21,927 [pool-255-thread-1] INFO  server.RaftServerConfigKeys (ConfUtils.java:logGet(44)) - raft.server.storage.dir = [/home/runner/work/ozone/ozone/hadoop-ozone/integration-test/target/test-dir/MiniOzoneClusterImpl-98c4baf1-f560-4074-9287-a7c3af5f62c4/datanode-1/data/ratis] (custom)
2022-01-12 07:41:21,928 [pool-255-thread-1] INFO  server.RaftServerConfigKeys (ConfUtils.java:logGet(44)) - raft.server.log.corruption.policy = EXCEPTION (default)
2022-01-12 07:41:21,928 [pool-255-thread-1] INFO  server.RaftServerConfigKeys (ConfUtils.java:logGet(44)) - raft.server.storage.free-space.min = 0MB (=0) (default)
2022-01-12 07:41:21,928 [pool-255-thread-1] INFO  storage.RaftStorageDirectory (RaftStorageDirectoryImpl.java:analyzeStorage(135)) - The storage directory /home/runner/work/ozone/ozone/hadoop-ozone/integration-test/target/test-dir/MiniOzoneClusterImpl-98c4baf1-f560-4074-9287-a7c3af5f62c4/datanode-1/data/ratis/ca60684b-8e3a-4b7c-9b86-5a01071ccac5 does not exist. Creating ...
2022-01-12 07:41:21,930 [pool-255-thread-1] INFO  storage.RaftStorageDirectory (RaftStorageDirectoryImpl.java:tryLock(230)) - Lock on /home/runner/work/ozone/ozone/hadoop-ozone/integration-test/target/test-dir/MiniOzoneClusterImpl-98c4baf1-f560-4074-9287-a7c3af5f62c4/datanode-1/data/ratis/ca60684b-8e3a-4b7c-9b86-5a01071ccac5/in_use.lock acquired by nodename 24786@fv-az270-882
2022-01-12 07:41:21,932 [pool-255-thread-1] INFO  storage.RaftStorage (RaftStorageImpl.java:format(89)) - Storage directory /home/runner/work/ozone/ozone/hadoop-ozone/integration-test/target/test-dir/MiniOzoneClusterImpl-98c4baf1-f560-4074-9287-a7c3af5f62c4/datanode-1/data/ratis/ca60684b-8e3a-4b7c-9b86-5a01071ccac5 has been successfully formatted.
2022-01-12 07:41:21,935 [EventQueue-PipelineReportForPipelineReportHandler] INFO  pipeline.PipelineManagerImpl (PipelineManagerImpl.java:openPipeline(291)) - Pipeline Pipeline[ Id: ca60684b-8e3a-4b7c-9b86-5a01071ccac5, Nodes: 271317f1-f8b4-40e6-a29f-423c50314c9a{ip: 10.1.0.33, host: fv-az270-882.tacnzluakwdehk1hpragurqkma.bx.internal.cloudapp.net, ports: [REPLICATION=33187, RATIS=43991, RATIS_ADMIN=43991, RATIS_SERVER=43991, STANDALONE=37805], networkLocation: /default-rack, certSerialId: null, persistedOpState: IN_SERVICE, persistedOpStateExpiryEpochSec: 0}, ReplicationConfig: RATIS/ONE, State:ALLOCATED, leaderId:271317f1-f8b4-40e6-a29f-423c50314c9a, CreationTimestamp2022-01-12T07:41:18.943Z[Etc/UTC]] moved to OPEN state
2022-01-12 07:41:21,936 [EventQueue-OpenPipelineForHealthyPipelineSafeModeRule] INFO  safemode.SCMSafeModeManager (HealthyPipelineSafeModeRule.java:process(124)) - SCM in safe mode. Healthy pipelines reported count is 0, required healthy pipeline reported count is 1
2022-01-12 07:41:21,936 [pool-255-thread-1] INFO  ratis.ContainerStateMachine (ContainerStateMachine.java:loadSnapshot(231)) - group-5A01071CCAC5: The snapshot info is null. Setting the last applied indexto:(t:0, i:~)
2022-01-12 07:41:21,949 [pool-255-thread-1] INFO  server.RaftServerConfigKeys (ConfUtils.java:logGet(44)) - raft.server.notification.no-leader.timeout = 300s (custom)
2022-01-12 07:41:21,949 [pool-255-thread-1] INFO  server.RaftServerConfigKeys (ConfUtils.java:logGet(44)) - raft.server.log.use.memory = false (default)
2022-01-12 07:41:21,949 [pool-255-thread-1] INFO  server.RaftServerConfigKeys (ConfUtils.java:logGet(44)) - raft.server.log.purge.gap = 1000000 (custom)
2022-01-12 07:41:21,949 [pool-255-thread-1] INFO  server.RaftServerConfigKeys (ConfUtils.java:logGet(44)) - raft.server.log.appender.buffer.byte-limit = 33554432 (custom)
2022-01-12 07:41:21,950 [pool-255-thread-1] INFO  server.RaftServerConfigKeys (ConfUtils.java:logGet(44)) - raft.server.log.segment.size.max = 1048576 (custom)
2022-01-12 07:41:21,950 [pool-255-thread-1] INFO  server.RaftServerConfigKeys (ConfUtils.java:logGet(44)) - raft.server.log.segment.cache.num.max = 2 (custom)
2022-01-12 07:41:21,950 [pool-255-thread-1] INFO  server.RaftServerConfigKeys (ConfUtils.java:logGet(44)) - raft.server.log.segment.cache.size.max = 200MB (=209715200) (default)
2022-01-12 07:41:21,950 [pool-255-thread-1] INFO  segmented.SegmentedRaftLogWorker (SegmentedRaftLogWorker.java:<init>(182)) - new 271317f1-f8b4-40e6-a29f-423c50314c9a@group-5A01071CCAC5-SegmentedRaftLogWorker for RaftStorageImpl:Storage Directory /home/runner/work/ozone/ozone/hadoop-ozone/integration-test/target/test-dir/MiniOzoneClusterImpl-98c4baf1-f560-4074-9287-a7c3af5f62c4/datanode-1/data/ratis/ca60684b-8e3a-4b7c-9b86-5a01071ccac5
2022-01-12 07:41:21,950 [pool-255-thread-1] INFO  server.RaftServerConfigKeys (ConfUtils.java:logGet(44)) - raft.server.log.queue.byte-limit = 2147483647 (custom)
2022-01-12 07:41:21,950 [pool-255-thread-1] INFO  server.RaftServerConfigKeys (ConfUtils.java:logGet(44)) - raft.server.log.queue.element-limit = 1024 (custom)
2022-01-12 07:41:21,950 [pool-255-thread-1] INFO  server.RaftServerConfigKeys (ConfUtils.java:logGet(44)) - raft.server.log.segment.size.max = 1048576 (custom)
2022-01-12 07:41:21,950 [pool-255-thread-1] INFO  server.RaftServerConfigKeys (ConfUtils.java:logGet(44)) - raft.server.log.preallocated.size = 16384 (custom)
2022-01-12 07:41:21,950 [pool-255-thread-1] INFO  server.RaftServerConfigKeys (ConfUtils.java:logGet(44)) - raft.server.log.force.sync.num = 128 (default)
2022-01-12 07:41:21,950 [pool-255-thread-1] INFO  server.RaftServerConfigKeys (ConfUtils.java:logGet(44)) - raft.server.log.statemachine.data.sync = true (default)
2022-01-12 07:41:21,951 [pool-255-thread-1] INFO  server.RaftServerConfigKeys (ConfUtils.java:logGet(44)) - raft.server.log.statemachine.data.sync.timeout = 10s (default)
2022-01-12 07:41:21,951 [pool-255-thread-1] INFO  server.RaftServerConfigKeys (ConfUtils.java:logGet(44)) - raft.server.log.statemachine.data.sync.timeout.retry = -1 (default)
2022-01-12 07:41:21,951 [pool-255-thread-1] INFO  server.RaftServerConfigKeys (ConfUtils.java:logGet(44)) - raft.server.log.write.buffer.size = 1048576 (custom)
2022-01-12 07:41:21,952 [pool-255-thread-1] INFO  server.RaftServerConfigKeys (ConfUtils.java:logGet(44)) - raft.server.log.statemachine.data.caching.enabled = true (custom)
2022-01-12 07:41:21,953 [pool-255-thread-1] INFO  segmented.SegmentedRaftLogWorker (SegmentedRaftLogWorker.java:lambda$new$0(133)) - 271317f1-f8b4-40e6-a29f-423c50314c9a@group-5A01071CCAC5-SegmentedRaftLogWorker: flushIndex: setUnconditionally 0 -> -1
2022-01-12 07:41:21,953 [pool-255-thread-1] INFO  segmented.SegmentedRaftLogWorker (SegmentedRaftLogWorker.java:lambda$new$0(133)) - 271317f1-f8b4-40e6-a29f-423c50314c9a@group-5A01071CCAC5-SegmentedRaftLogWorker: safeCacheEvictIndex: setUnconditionally 0 -> -1
2022-01-12 07:41:21,957 [pool-255-thread-1] INFO  server.RaftServerConfigKeys (ConfUtils.java:logGet(44)) - raft.server.snapshot.auto.trigger.enabled = true (custom)
2022-01-12 07:41:21,957 [pool-255-thread-1] INFO  server.RaftServerConfigKeys (ConfUtils.java:logGet(44)) - raft.server.snapshot.auto.trigger.threshold = 10000 (custom)
2022-01-12 07:41:21,957 [pool-255-thread-1] INFO  server.RaftServerConfigKeys (ConfUtils.java:logGet(44)) - raft.server.snapshot.retention.file.num = 5 (custom)
2022-01-12 07:41:21,957 [pool-255-thread-1] INFO  server.RaftServerConfigKeys (ConfUtils.java:logGet(44)) - raft.server.log.purge.upto.snapshot.index = false (default)
2022-01-12 07:41:21,957 [pool-255-thread-1] INFO  server.RaftServerConfigKeys (ConfUtils.java:logGet(44)) - raft.server.retrycache.expirytime = 600000ms (custom)
2022-01-12 07:41:21,957 [pool-255-thread-1] INFO  server.RaftServerConfigKeys (ConfUtils.java:logGet(44)) - raft.server.retrycache.statistics.expirytime = 100μs (default)
2022-01-12 07:41:21,959 [pool-255-thread-1] INFO  server.RaftServer$Division (RaftServerImpl.java:start(301)) - 271317f1-f8b4-40e6-a29f-423c50314c9a@group-5A01071CCAC5: start as a follower, conf=-1: [271317f1-f8b4-40e6-a29f-423c50314c9a|rpc:10.1.0.33:43991|priority:1], old=null
2022-01-12 07:41:21,959 [pool-255-thread-1] INFO  server.RaftServer$Division (RaftServerImpl.java:setRole(290)) - 271317f1-f8b4-40e6-a29f-423c50314c9a@group-5A01071CCAC5: changes role from      null to FOLLOWER at term 0 for startAsFollower
2022-01-12 07:41:21,959 [pool-255-thread-1] INFO  impl.RoleInfo (RoleInfo.java:updateAndGet(130)) - 271317f1-f8b4-40e6-a29f-423c50314c9a: start 271317f1-f8b4-40e6-a29f-423c50314c9a@group-5A01071CCAC5-FollowerState
2022-01-12 07:41:21,965 [pool-255-thread-1] INFO  util.JmxRegister (JmxRegister.java:tryRegister(44)) - Successfully registered JMX Bean with object name Ratis:service=RaftServer,group=group-5A01071CCAC5,id=271317f1-f8b4-40e6-a29f-423c50314c9a
2022-01-12 07:41:21,969 [Command processor thread] INFO  ratis.XceiverServerRatis (XceiverServerRatis.java:addGroup(768)) - Created group PipelineID=ca60684b-8e3a-4b7c-9b86-5a01071ccac5
2022-01-12 07:41:21,970 [Command processor thread] INFO  commandhandler.CreatePipelineCommandHandler (CreatePipelineCommandHandler.java:handle(106)) - Created Pipeline RATIS ONE PipelineID=ca60684b-8e3a-4b7c-9b86-5a01071ccac5.
2022-01-12 07:41:22,374 [Listener at 127.0.0.1/46417] INFO  ozone.MiniOzoneClusterImpl (MiniOzoneClusterImpl.java:lambda$waitForClusterToBeReady$0(235)) - Nodes are ready. Got 3 of 3 DN Heartbeats.
2022-01-12 07:41:22,374 [Listener at 127.0.0.1/46417] INFO  ozone.MiniOzoneClusterImpl (MiniOzoneClusterImpl.java:lambda$waitForClusterToBeReady$0(238)) - Waiting for cluster to exit safe mode
2022-01-12 07:41:22,374 [Listener at 127.0.0.1/46417] INFO  ozone.MiniOzoneClusterImpl (MiniOzoneClusterImpl.java:lambda$waitForClusterToBeReady$0(240)) - SCM became leader
2022-01-12 07:41:22,399 [Command processor thread] INFO  server.RaftServer (RaftServerProxy.java:addNew(95)) - 26f2b290-61b3-49ad-8002-bfb92d808e93: addNew group-283C85823B61:[26f2b290-61b3-49ad-8002-bfb92d808e93|rpc:10.1.0.33:46813|priority:1] returns group-283C85823B61:java.util.concurrent.CompletableFuture@37b5f08c[Not completed]
2022-01-12 07:41:22,401 [pool-276-thread-1] INFO  server.RaftServer$Division (RaftServerImpl.java:<init>(184)) - 26f2b290-61b3-49ad-8002-bfb92d808e93: new RaftServerImpl for group-283C85823B61:[26f2b290-61b3-49ad-8002-bfb92d808e93|rpc:10.1.0.33:46813|priority:1] with ContainerStateMachine:uninitialized
2022-01-12 07:41:22,401 [pool-276-thread-1] INFO  server.RaftServerConfigKeys (ConfUtils.java:logGet(44)) - raft.server.rpc.timeout.min = 5s (custom)
2022-01-12 07:41:22,401 [pool-276-thread-1] INFO  server.RaftServerConfigKeys (ConfUtils.java:logGet(44)) - raft.server.rpc.timeout.max = 5200ms (custom)
2022-01-12 07:41:22,401 [pool-276-thread-1] INFO  server.RaftServerConfigKeys (ConfUtils.java:logGet(44)) - raft.server.rpc.sleep.time = 25ms (default)
2022-01-12 07:41:22,401 [pool-276-thread-1] INFO  server.RaftServerConfigKeys (ConfUtils.java:logGet(44)) - raft.server.rpc.slowness.timeout = 300s (custom)
2022-01-12 07:41:22,401 [pool-276-thread-1] INFO  server.RaftServerConfigKeys (ConfUtils.java:logGet(44)) - raft.server.leaderelection.leader.step-down.wait-time = 10s (default)
2022-01-12 07:41:22,401 [pool-276-thread-1] INFO  server.RaftServerConfigKeys (ConfUtils.java:logGet(44)) - raft.server.sleep.deviation.threshold = 300ms (default)
2022-01-12 07:41:22,401 [pool-276-thread-1] INFO  server.RaftServerConfigKeys (ConfUtils.java:logGet(44)) - raft.server.log.appender.install.snapshot.enabled = false (custom)
2022-01-12 07:41:22,401 [pool-276-thread-1] INFO  server.RaftServer$Division (ServerState.java:<init>(105)) - 26f2b290-61b3-49ad-8002-bfb92d808e93@group-283C85823B61: ConfigurationManager, init=-1: [26f2b290-61b3-49ad-8002-bfb92d808e93|rpc:10.1.0.33:46813|priority:1], old=null, confs=<EMPTY_MAP>
2022-01-12 07:41:22,401 [pool-276-thread-1] INFO  server.RaftServerConfigKeys (ConfUtils.java:logGet(44)) - raft.server.storage.dir = [/home/runner/work/ozone/ozone/hadoop-ozone/integration-test/target/test-dir/MiniOzoneClusterImpl-98c4baf1-f560-4074-9287-a7c3af5f62c4/datanode-2/data/ratis] (custom)
2022-01-12 07:41:22,402 [pool-276-thread-1] INFO  server.RaftServerConfigKeys (ConfUtils.java:logGet(44)) - raft.server.log.corruption.policy = EXCEPTION (default)
2022-01-12 07:41:22,402 [pool-276-thread-1] INFO  server.RaftServerConfigKeys (ConfUtils.java:logGet(44)) - raft.server.storage.free-space.min = 0MB (=0) (default)
2022-01-12 07:41:22,402 [pool-276-thread-1] INFO  storage.RaftStorageDirectory (RaftStorageDirectoryImpl.java:analyzeStorage(135)) - The storage directory /home/runner/work/ozone/ozone/hadoop-ozone/integration-test/target/test-dir/MiniOzoneClusterImpl-98c4baf1-f560-4074-9287-a7c3af5f62c4/datanode-2/data/ratis/c2882099-ebf2-471f-abfd-283c85823b61 does not exist. Creating ...
2022-01-12 07:41:22,403 [pool-276-thread-1] INFO  storage.RaftStorageDirectory (RaftStorageDirectoryImpl.java:tryLock(230)) - Lock on /home/runner/work/ozone/ozone/hadoop-ozone/integration-test/target/test-dir/MiniOzoneClusterImpl-98c4baf1-f560-4074-9287-a7c3af5f62c4/datanode-2/data/ratis/c2882099-ebf2-471f-abfd-283c85823b61/in_use.lock acquired by nodename 24786@fv-az270-882
2022-01-12 07:41:22,404 [pool-276-thread-1] INFO  storage.RaftStorage (RaftStorageImpl.java:format(89)) - Storage directory /home/runner/work/ozone/ozone/hadoop-ozone/integration-test/target/test-dir/MiniOzoneClusterImpl-98c4baf1-f560-4074-9287-a7c3af5f62c4/datanode-2/data/ratis/c2882099-ebf2-471f-abfd-283c85823b61 has been successfully formatted.
2022-01-12 07:41:22,405 [pool-276-thread-1] INFO  ratis.ContainerStateMachine (ContainerStateMachine.java:loadSnapshot(231)) - group-283C85823B61: The snapshot info is null. Setting the last applied indexto:(t:0, i:~)
2022-01-12 07:41:22,405 [pool-276-thread-1] INFO  server.RaftServerConfigKeys (ConfUtils.java:logGet(44)) - raft.server.notification.no-leader.timeout = 300s (custom)
2022-01-12 07:41:22,405 [pool-276-thread-1] INFO  server.RaftServerConfigKeys (ConfUtils.java:logGet(44)) - raft.server.log.use.memory = false (default)
2022-01-12 07:41:22,405 [pool-276-thread-1] INFO  server.RaftServerConfigKeys (ConfUtils.java:logGet(44)) - raft.server.log.purge.gap = 1000000 (custom)
2022-01-12 07:41:22,405 [pool-276-thread-1] INFO  server.RaftServerConfigKeys (ConfUtils.java:logGet(44)) - raft.server.log.appender.buffer.byte-limit = 33554432 (custom)
2022-01-12 07:41:22,405 [pool-276-thread-1] INFO  server.RaftServerConfigKeys (ConfUtils.java:logGet(44)) - raft.server.log.segment.size.max = 1048576 (custom)
2022-01-12 07:41:22,406 [pool-276-thread-1] INFO  server.RaftServerConfigKeys (ConfUtils.java:logGet(44)) - raft.server.log.segment.cache.num.max = 2 (custom)
2022-01-12 07:41:22,406 [pool-276-thread-1] INFO  server.RaftServerConfigKeys (ConfUtils.java:logGet(44)) - raft.server.log.segment.cache.size.max = 200MB (=209715200) (default)
2022-01-12 07:41:22,406 [pool-276-thread-1] INFO  segmented.SegmentedRaftLogWorker (SegmentedRaftLogWorker.java:<init>(182)) - new 26f2b290-61b3-49ad-8002-bfb92d808e93@group-283C85823B61-SegmentedRaftLogWorker for RaftStorageImpl:Storage Directory /home/runner/work/ozone/ozone/hadoop-ozone/integration-test/target/test-dir/MiniOzoneClusterImpl-98c4baf1-f560-4074-9287-a7c3af5f62c4/datanode-2/data/ratis/c2882099-ebf2-471f-abfd-283c85823b61
2022-01-12 07:41:22,406 [pool-276-thread-1] INFO  server.RaftServerConfigKeys (ConfUtils.java:logGet(44)) - raft.server.log.queue.byte-limit = 2147483647 (custom)
2022-01-12 07:41:22,406 [pool-276-thread-1] INFO  server.RaftServerConfigKeys (ConfUtils.java:logGet(44)) - raft.server.log.queue.element-limit = 1024 (custom)
2022-01-12 07:41:22,406 [EventQueue-PipelineReportForPipelineReportHandler] INFO  pipeline.PipelineManagerImpl (PipelineManagerImpl.java:openPipeline(291)) - Pipeline Pipeline[ Id: c2882099-ebf2-471f-abfd-283c85823b61, Nodes: 26f2b290-61b3-49ad-8002-bfb92d808e93{ip: 10.1.0.33, host: fv-az270-882.tacnzluakwdehk1hpragurqkma.bx.internal.cloudapp.net, ports: [REPLICATION=46637, RATIS=46813, RATIS_ADMIN=46813, RATIS_SERVER=46813, STANDALONE=37687], networkLocation: /default-rack, certSerialId: null, persistedOpState: IN_SERVICE, persistedOpStateExpiryEpochSec: 0}, ReplicationConfig: RATIS/ONE, State:ALLOCATED, leaderId:26f2b290-61b3-49ad-8002-bfb92d808e93, CreationTimestamp2022-01-12T07:41:19.407Z[Etc/UTC]] moved to OPEN state
2022-01-12 07:41:22,407 [EventQueue-OpenPipelineForHealthyPipelineSafeModeRule] INFO  safemode.SCMSafeModeManager (HealthyPipelineSafeModeRule.java:process(124)) - SCM in safe mode. Healthy pipelines reported count is 0, required healthy pipeline reported count is 1
2022-01-12 07:41:22,407 [pool-276-thread-1] INFO  server.RaftServerConfigKeys (ConfUtils.java:logGet(44)) - raft.server.log.segment.size.max = 1048576 (custom)
2022-01-12 07:41:22,410 [pool-276-thread-1] INFO  server.RaftServerConfigKeys (ConfUtils.java:logGet(44)) - raft.server.log.preallocated.size = 16384 (custom)
2022-01-12 07:41:22,410 [pool-276-thread-1] INFO  server.RaftServerConfigKeys (ConfUtils.java:logGet(44)) - raft.server.log.force.sync.num = 128 (default)
2022-01-12 07:41:22,410 [pool-276-thread-1] INFO  server.RaftServerConfigKeys (ConfUtils.java:logGet(44)) - raft.server.log.statemachine.data.sync = true (default)
2022-01-12 07:41:22,410 [pool-276-thread-1] INFO  server.RaftServerConfigKeys (ConfUtils.java:logGet(44)) - raft.server.log.statemachine.data.sync.timeout = 10s (default)
2022-01-12 07:41:22,410 [pool-276-thread-1] INFO  server.RaftServerConfigKeys (ConfUtils.java:logGet(44)) - raft.server.log.statemachine.data.sync.timeout.retry = -1 (default)
2022-01-12 07:41:22,411 [pool-276-thread-1] INFO  server.RaftServerConfigKeys (ConfUtils.java:logGet(44)) - raft.server.log.write.buffer.size = 1048576 (custom)
2022-01-12 07:41:22,411 [pool-276-thread-1] INFO  server.RaftServerConfigKeys (ConfUtils.java:logGet(44)) - raft.server.log.statemachine.data.caching.enabled = true (custom)
2022-01-12 07:41:22,412 [pool-276-thread-1] INFO  segmented.SegmentedRaftLogWorker (SegmentedRaftLogWorker.java:lambda$new$0(133)) - 26f2b290-61b3-49ad-8002-bfb92d808e93@group-283C85823B61-SegmentedRaftLogWorker: flushIndex: setUnconditionally 0 -> -1
2022-01-12 07:41:22,412 [pool-276-thread-1] INFO  segmented.SegmentedRaftLogWorker (SegmentedRaftLogWorker.java:lambda$new$0(133)) - 26f2b290-61b3-49ad-8002-bfb92d808e93@group-283C85823B61-SegmentedRaftLogWorker: safeCacheEvictIndex: setUnconditionally 0 -> -1
2022-01-12 07:41:22,414 [pool-276-thread-1] INFO  server.RaftServerConfigKeys (ConfUtils.java:logGet(44)) - raft.server.snapshot.auto.trigger.enabled = true (custom)
2022-01-12 07:41:22,414 [pool-276-thread-1] INFO  server.RaftServerConfigKeys (ConfUtils.java:logGet(44)) - raft.server.snapshot.auto.trigger.threshold = 10000 (custom)
2022-01-12 07:41:22,414 [pool-276-thread-1] INFO  server.RaftServerConfigKeys (ConfUtils.java:logGet(44)) - raft.server.snapshot.retention.file.num = 5 (custom)
2022-01-12 07:41:22,414 [pool-276-thread-1] INFO  server.RaftServerConfigKeys (ConfUtils.java:logGet(44)) - raft.server.log.purge.upto.snapshot.index = false (default)
2022-01-12 07:41:22,414 [pool-276-thread-1] INFO  server.RaftServerConfigKeys (ConfUtils.java:logGet(44)) - raft.server.retrycache.expirytime = 600000ms (custom)
2022-01-12 07:41:22,415 [pool-276-thread-1] INFO  server.RaftServerConfigKeys (ConfUtils.java:logGet(44)) - raft.server.retrycache.statistics.expirytime = 100μs (default)
2022-01-12 07:41:22,416 [pool-276-thread-1] INFO  server.RaftServer$Division (RaftServerImpl.java:start(301)) - 26f2b290-61b3-49ad-8002-bfb92d808e93@group-283C85823B61: start as a follower, conf=-1: [26f2b290-61b3-49ad-8002-bfb92d808e93|rpc:10.1.0.33:46813|priority:1], old=null
2022-01-12 07:41:22,416 [pool-276-thread-1] INFO  server.RaftServer$Division (RaftServerImpl.java:setRole(290)) - 26f2b290-61b3-49ad-8002-bfb92d808e93@group-283C85823B61: changes role from      null to FOLLOWER at term 0 for startAsFollower
2022-01-12 07:41:22,416 [pool-276-thread-1] INFO  impl.RoleInfo (RoleInfo.java:updateAndGet(130)) - 26f2b290-61b3-49ad-8002-bfb92d808e93: start 26f2b290-61b3-49ad-8002-bfb92d808e93@group-283C85823B61-FollowerState
2022-01-12 07:41:22,420 [pool-276-thread-1] INFO  util.JmxRegister (JmxRegister.java:tryRegister(44)) - Successfully registered JMX Bean with object name Ratis:service=RaftServer,group=group-283C85823B61,id=26f2b290-61b3-49ad-8002-bfb92d808e93
2022-01-12 07:41:22,425 [Command processor thread] INFO  ratis.XceiverServerRatis (XceiverServerRatis.java:addGroup(768)) - Created group PipelineID=c2882099-ebf2-471f-abfd-283c85823b61
2022-01-12 07:41:22,425 [Command processor thread] INFO  commandhandler.CreatePipelineCommandHandler (CreatePipelineCommandHandler.java:handle(106)) - Created Pipeline RATIS ONE PipelineID=c2882099-ebf2-471f-abfd-283c85823b61.
2022-01-12 07:41:23,375 [Listener at 127.0.0.1/46417] INFO  ozone.MiniOzoneClusterImpl (MiniOzoneClusterImpl.java:lambda$waitForClusterToBeReady$0(235)) - Nodes are ready. Got 3 of 3 DN Heartbeats.
2022-01-12 07:41:23,375 [Listener at 127.0.0.1/46417] INFO  ozone.MiniOzoneClusterImpl (MiniOzoneClusterImpl.java:lambda$waitForClusterToBeReady$0(238)) - Waiting for cluster to exit safe mode
2022-01-12 07:41:23,375 [Listener at 127.0.0.1/46417] INFO  ozone.MiniOzoneClusterImpl (MiniOzoneClusterImpl.java:lambda$waitForClusterToBeReady$0(240)) - SCM became leader
2022-01-12 07:41:24,375 [Listener at 127.0.0.1/46417] INFO  ozone.MiniOzoneClusterImpl (MiniOzoneClusterImpl.java:lambda$waitForClusterToBeReady$0(235)) - Nodes are ready. Got 3 of 3 DN Heartbeats.
2022-01-12 07:41:24,375 [Listener at 127.0.0.1/46417] INFO  ozone.MiniOzoneClusterImpl (MiniOzoneClusterImpl.java:lambda$waitForClusterToBeReady$0(238)) - Waiting for cluster to exit safe mode
2022-01-12 07:41:24,375 [Listener at 127.0.0.1/46417] INFO  ozone.MiniOzoneClusterImpl (MiniOzoneClusterImpl.java:lambda$waitForClusterToBeReady$0(240)) - SCM became leader
2022-01-12 07:41:25,376 [Listener at 127.0.0.1/46417] INFO  ozone.MiniOzoneClusterImpl (MiniOzoneClusterImpl.java:lambda$waitForClusterToBeReady$0(235)) - Nodes are ready. Got 3 of 3 DN Heartbeats.
2022-01-12 07:41:25,376 [Listener at 127.0.0.1/46417] INFO  ozone.MiniOzoneClusterImpl (MiniOzoneClusterImpl.java:lambda$waitForClusterToBeReady$0(238)) - Waiting for cluster to exit safe mode
2022-01-12 07:41:25,376 [Listener at 127.0.0.1/46417] INFO  ozone.MiniOzoneClusterImpl (MiniOzoneClusterImpl.java:lambda$waitForClusterToBeReady$0(240)) - SCM became leader
2022-01-12 07:41:26,376 [Listener at 127.0.0.1/46417] INFO  ozone.MiniOzoneClusterImpl (MiniOzoneClusterImpl.java:lambda$waitForClusterToBeReady$0(235)) - Nodes are ready. Got 3 of 3 DN Heartbeats.
2022-01-12 07:41:26,376 [Listener at 127.0.0.1/46417] INFO  ozone.MiniOzoneClusterImpl (MiniOzoneClusterImpl.java:lambda$waitForClusterToBeReady$0(238)) - Waiting for cluster to exit safe mode
2022-01-12 07:41:26,376 [Listener at 127.0.0.1/46417] INFO  ozone.MiniOzoneClusterImpl (MiniOzoneClusterImpl.java:lambda$waitForClusterToBeReady$0(240)) - SCM became leader
2022-01-12 07:41:26,657 [09bdbdee-2d8e-4e61-9916-e6a477ae13dd@group-D68F9A05A383-FollowerState] INFO  impl.FollowerState (FollowerState.java:run(134)) - 09bdbdee-2d8e-4e61-9916-e6a477ae13dd@group-D68F9A05A383-FollowerState: change to CANDIDATE, lastRpcElapsedTime:5009963518ns, electionTimeout:5008ms
2022-01-12 07:41:26,658 [09bdbdee-2d8e-4e61-9916-e6a477ae13dd@group-D68F9A05A383-FollowerState] INFO  impl.RoleInfo (RoleInfo.java:shutdownFollowerState(108)) - 09bdbdee-2d8e-4e61-9916-e6a477ae13dd: shutdown 09bdbdee-2d8e-4e61-9916-e6a477ae13dd@group-D68F9A05A383-FollowerState
2022-01-12 07:41:26,658 [09bdbdee-2d8e-4e61-9916-e6a477ae13dd@group-D68F9A05A383-FollowerState] INFO  server.RaftServer$Division (RaftServerImpl.java:setRole(290)) - 09bdbdee-2d8e-4e61-9916-e6a477ae13dd@group-D68F9A05A383: changes role from  FOLLOWER to CANDIDATE at term 0 for changeToCandidate
2022-01-12 07:41:26,659 [09bdbdee-2d8e-4e61-9916-e6a477ae13dd@group-D68F9A05A383-FollowerState] INFO  server.RaftServerConfigKeys (ConfUtils.java:logGet(44)) - raft.server.leaderelection.pre-vote = false (custom)
2022-01-12 07:41:26,659 [09bdbdee-2d8e-4e61-9916-e6a477ae13dd@group-D68F9A05A383-FollowerState] INFO  impl.RoleInfo (RoleInfo.java:updateAndGet(130)) - 09bdbdee-2d8e-4e61-9916-e6a477ae13dd: start 09bdbdee-2d8e-4e61-9916-e6a477ae13dd@group-D68F9A05A383-LeaderElection12
2022-01-12 07:41:26,675 [09bdbdee-2d8e-4e61-9916-e6a477ae13dd@group-D68F9A05A383-LeaderElection12] INFO  impl.LeaderElection (LeaderElection.java:askForVotes(306)) - 09bdbdee-2d8e-4e61-9916-e6a477ae13dd@group-D68F9A05A383-LeaderElection12 ELECTION round 0: submit vote requests at term 1 for -1: [271317f1-f8b4-40e6-a29f-423c50314c9a|rpc:10.1.0.33:43991|priority:0, 09bdbdee-2d8e-4e61-9916-e6a477ae13dd|rpc:10.1.0.33:45301|priority:0, 26f2b290-61b3-49ad-8002-bfb92d808e93|rpc:10.1.0.33:46813|priority:1], old=null
2022-01-12 07:41:26,712 [grpc-default-executor-0] INFO  server.RaftServer$Division (RaftServerImpl.java:requestVote(1046)) - 271317f1-f8b4-40e6-a29f-423c50314c9a@group-D68F9A05A383: receive requestVote(ELECTION, 09bdbdee-2d8e-4e61-9916-e6a477ae13dd, group-D68F9A05A383, 1, (t:0, i:0))
2022-01-12 07:41:26,712 [grpc-default-executor-0] INFO  impl.VoteContext (VoteContext.java:log(48)) - 271317f1-f8b4-40e6-a29f-423c50314c9a@group-D68F9A05A383-FOLLOWER: accept ELECTION from 09bdbdee-2d8e-4e61-9916-e6a477ae13dd: our priority 0 <= candidate's priority 0
2022-01-12 07:41:26,712 [grpc-default-executor-0] INFO  server.RaftServer$Division (RaftServerImpl.java:setRole(290)) - 271317f1-f8b4-40e6-a29f-423c50314c9a@group-D68F9A05A383: changes role from  FOLLOWER to FOLLOWER at term 1 for candidate:09bdbdee-2d8e-4e61-9916-e6a477ae13dd
2022-01-12 07:41:26,712 [grpc-default-executor-0] INFO  impl.RoleInfo (RoleInfo.java:shutdownFollowerState(108)) - 271317f1-f8b4-40e6-a29f-423c50314c9a: shutdown 271317f1-f8b4-40e6-a29f-423c50314c9a@group-D68F9A05A383-FollowerState
2022-01-12 07:41:26,712 [grpc-default-executor-0] INFO  impl.RoleInfo (RoleInfo.java:updateAndGet(130)) - 271317f1-f8b4-40e6-a29f-423c50314c9a: start 271317f1-f8b4-40e6-a29f-423c50314c9a@group-D68F9A05A383-FollowerState
2022-01-12 07:41:26,712 [271317f1-f8b4-40e6-a29f-423c50314c9a@group-D68F9A05A383-FollowerState] INFO  impl.FollowerState (FollowerState.java:run(143)) - 271317f1-f8b4-40e6-a29f-423c50314c9a@group-D68F9A05A383-FollowerState was interrupted: {}
java.lang.InterruptedException: sleep interrupted
	at java.lang.Thread.sleep(Native Method)
	at java.lang.Thread.sleep(Thread.java:340)
	at java.util.concurrent.TimeUnit.sleep(TimeUnit.java:386)
	at org.apache.ratis.util.TimeDuration.sleep(TimeDuration.java:324)
	at org.apache.ratis.util.TimeDuration.sleep(TimeDuration.java:309)
	at org.apache.ratis.server.impl.FollowerState.run(FollowerState.java:118)
2022-01-12 07:41:26,719 [grpc-default-executor-0] INFO  server.RaftServer$Division (RaftServerImpl.java:requestVote(1078)) - 271317f1-f8b4-40e6-a29f-423c50314c9a@group-D68F9A05A383 replies to ELECTION vote request: 09bdbdee-2d8e-4e61-9916-e6a477ae13dd<-271317f1-f8b4-40e6-a29f-423c50314c9a#0:OK-t1. Peer's state: 271317f1-f8b4-40e6-a29f-423c50314c9a@group-D68F9A05A383:t1, leader=null, voted=09bdbdee-2d8e-4e61-9916-e6a477ae13dd, raftlog=271317f1-f8b4-40e6-a29f-423c50314c9a@group-D68F9A05A383-SegmentedRaftLog:OPENED:c-1, conf=-1: [271317f1-f8b4-40e6-a29f-423c50314c9a|rpc:10.1.0.33:43991|dataStream:|priority:0, 09bdbdee-2d8e-4e61-9916-e6a477ae13dd|rpc:10.1.0.33:45301|dataStream:|priority:0, 26f2b290-61b3-49ad-8002-bfb92d808e93|rpc:10.1.0.33:46813|dataStream:|priority:1], old=null
2022-01-12 07:41:26,741 [grpc-default-executor-0] INFO  server.RaftServer$Division (RaftServerImpl.java:requestVote(1046)) - 26f2b290-61b3-49ad-8002-bfb92d808e93@group-D68F9A05A383: receive requestVote(ELECTION, 09bdbdee-2d8e-4e61-9916-e6a477ae13dd, group-D68F9A05A383, 1, (t:0, i:0))
2022-01-12 07:41:26,742 [grpc-default-executor-0] INFO  impl.VoteContext (VoteContext.java:log(48)) - 26f2b290-61b3-49ad-8002-bfb92d808e93@group-D68F9A05A383-FOLLOWER: reject ELECTION from 09bdbdee-2d8e-4e61-9916-e6a477ae13dd: our priority 1 > candidate's priority 0
2022-01-12 07:41:26,742 [grpc-default-executor-0] INFO  server.RaftServer$Division (RaftServerImpl.java:setRole(290)) - 26f2b290-61b3-49ad-8002-bfb92d808e93@group-D68F9A05A383: changes role from  FOLLOWER to FOLLOWER at term 1 for candidate:09bdbdee-2d8e-4e61-9916-e6a477ae13dd
2022-01-12 07:41:26,742 [grpc-default-executor-0] INFO  impl.RoleInfo (RoleInfo.java:shutdownFollowerState(108)) - 26f2b290-61b3-49ad-8002-bfb92d808e93: shutdown 26f2b290-61b3-49ad-8002-bfb92d808e93@group-D68F9A05A383-FollowerState
2022-01-12 07:41:26,742 [grpc-default-executor-0] INFO  impl.RoleInfo (RoleInfo.java:updateAndGet(130)) - 26f2b290-61b3-49ad-8002-bfb92d808e93: start 26f2b290-61b3-49ad-8002-bfb92d808e93@group-D68F9A05A383-FollowerState
2022-01-12 07:41:26,742 [26f2b290-61b3-49ad-8002-bfb92d808e93@group-D68F9A05A383-FollowerState] INFO  impl.FollowerState (FollowerState.java:run(143)) - 26f2b290-61b3-49ad-8002-bfb92d808e93@group-D68F9A05A383-FollowerState was interrupted: {}
java.lang.InterruptedException: sleep interrupted
	at java.lang.Thread.sleep(Native Method)
	at java.lang.Thread.sleep(Thread.java:340)
	at java.util.concurrent.TimeUnit.sleep(TimeUnit.java:386)
	at org.apache.ratis.util.TimeDuration.sleep(TimeDuration.java:324)
	at org.apache.ratis.util.TimeDuration.sleep(TimeDuration.java:309)
	at org.apache.ratis.server.impl.FollowerState.run(FollowerState.java:118)
2022-01-12 07:41:26,757 [grpc-default-executor-0] INFO  server.RaftServer$Division (RaftServerImpl.java:requestVote(1078)) - 26f2b290-61b3-49ad-8002-bfb92d808e93@group-D68F9A05A383 replies to ELECTION vote request: 09bdbdee-2d8e-4e61-9916-e6a477ae13dd<-26f2b290-61b3-49ad-8002-bfb92d808e93#0:FAIL-t1. Peer's state: 26f2b290-61b3-49ad-8002-bfb92d808e93@group-D68F9A05A383:t1, leader=null, voted=null, raftlog=26f2b290-61b3-49ad-8002-bfb92d808e93@group-D68F9A05A383-SegmentedRaftLog:OPENED:c-1, conf=-1: [271317f1-f8b4-40e6-a29f-423c50314c9a|rpc:10.1.0.33:43991|dataStream:|priority:0, 09bdbdee-2d8e-4e61-9916-e6a477ae13dd|rpc:10.1.0.33:45301|dataStream:|priority:0, 26f2b290-61b3-49ad-8002-bfb92d808e93|rpc:10.1.0.33:46813|dataStream:|priority:1], old=null
2022-01-12 07:41:26,766 [09bdbdee-2d8e-4e61-9916-e6a477ae13dd@group-D68F9A05A383-LeaderElection12] INFO  impl.LeaderElection (LeaderElection.java:logAndReturn(89)) - 09bdbdee-2d8e-4e61-9916-e6a477ae13dd@group-D68F9A05A383-LeaderElection12: ELECTION REJECTED received 2 response(s) and 0 exception(s):
2022-01-12 07:41:26,767 [09bdbdee-2d8e-4e61-9916-e6a477ae13dd@group-D68F9A05A383-LeaderElection12] INFO  impl.LeaderElection (LeaderElection.java:logAndReturn(93)) -   Response 0: 09bdbdee-2d8e-4e61-9916-e6a477ae13dd<-271317f1-f8b4-40e6-a29f-423c50314c9a#0:OK-t1
2022-01-12 07:41:26,767 [09bdbdee-2d8e-4e61-9916-e6a477ae13dd@group-D68F9A05A383-LeaderElection12] INFO  impl.LeaderElection (LeaderElection.java:logAndReturn(93)) -   Response 1: 09bdbdee-2d8e-4e61-9916-e6a477ae13dd<-26f2b290-61b3-49ad-8002-bfb92d808e93#0:FAIL-t1
2022-01-12 07:41:26,767 [09bdbdee-2d8e-4e61-9916-e6a477ae13dd@group-D68F9A05A383-LeaderElection12] INFO  impl.LeaderElection (LeaderElection.java:askForVotes(308)) - 09bdbdee-2d8e-4e61-9916-e6a477ae13dd@group-D68F9A05A383-LeaderElection12 ELECTION round 0: result REJECTED
2022-01-12 07:41:26,767 [09bdbdee-2d8e-4e61-9916-e6a477ae13dd@group-D68F9A05A383-LeaderElection12] INFO  server.RaftServer$Division (RaftServerImpl.java:setRole(290)) - 09bdbdee-2d8e-4e61-9916-e6a477ae13dd@group-D68F9A05A383: changes role from CANDIDATE to FOLLOWER at term 1 for REJECTED
2022-01-12 07:41:26,767 [09bdbdee-2d8e-4e61-9916-e6a477ae13dd@group-D68F9A05A383-LeaderElection12] INFO  impl.RoleInfo (RoleInfo.java:shutdownLeaderElection(121)) - 09bdbdee-2d8e-4e61-9916-e6a477ae13dd: shutdown 09bdbdee-2d8e-4e61-9916-e6a477ae13dd@group-D68F9A05A383-LeaderElection12
2022-01-12 07:41:26,767 [09bdbdee-2d8e-4e61-9916-e6a477ae13dd@group-D68F9A05A383-LeaderElection12] INFO  impl.RoleInfo (RoleInfo.java:updateAndGet(130)) - 09bdbdee-2d8e-4e61-9916-e6a477ae13dd: start 09bdbdee-2d8e-4e61-9916-e6a477ae13dd@group-D68F9A05A383-FollowerState
2022-01-12 07:41:26,791 [09bdbdee-2d8e-4e61-9916-e6a477ae13dd@group-AF9839D15867-FollowerState] INFO  impl.FollowerState (FollowerState.java:run(134)) - 09bdbdee-2d8e-4e61-9916-e6a477ae13dd@group-AF9839D15867-FollowerState: change to CANDIDATE, lastRpcElapsedTime:5212498886ns, electionTimeout:5196ms
2022-01-12 07:41:26,792 [09bdbdee-2d8e-4e61-9916-e6a477ae13dd@group-AF9839D15867-FollowerState] INFO  impl.RoleInfo (RoleInfo.java:shutdownFollowerState(108)) - 09bdbdee-2d8e-4e61-9916-e6a477ae13dd: shutdown 09bdbdee-2d8e-4e61-9916-e6a477ae13dd@group-AF9839D15867-FollowerState
2022-01-12 07:41:26,792 [09bdbdee-2d8e-4e61-9916-e6a477ae13dd@group-AF9839D15867-FollowerState] INFO  server.RaftServer$Division (RaftServerImpl.java:setRole(290)) - 09bdbdee-2d8e-4e61-9916-e6a477ae13dd@group-AF9839D15867: changes role from  FOLLOWER to CANDIDATE at term 0 for changeToCandidate
2022-01-12 07:41:26,792 [09bdbdee-2d8e-4e61-9916-e6a477ae13dd@group-AF9839D15867-FollowerState] INFO  server.RaftServerConfigKeys (ConfUtils.java:logGet(44)) - raft.server.leaderelection.pre-vote = false (custom)
2022-01-12 07:41:26,792 [09bdbdee-2d8e-4e61-9916-e6a477ae13dd@group-AF9839D15867-FollowerState] INFO  impl.RoleInfo (RoleInfo.java:updateAndGet(130)) - 09bdbdee-2d8e-4e61-9916-e6a477ae13dd: start 09bdbdee-2d8e-4e61-9916-e6a477ae13dd@group-AF9839D15867-LeaderElection13
2022-01-12 07:41:26,810 [09bdbdee-2d8e-4e61-9916-e6a477ae13dd@group-AF9839D15867-LeaderElection13] INFO  impl.LeaderElection (LeaderElection.java:askForVotes(306)) - 09bdbdee-2d8e-4e61-9916-e6a477ae13dd@group-AF9839D15867-LeaderElection13 ELECTION round 0: submit vote requests at term 1 for -1: [09bdbdee-2d8e-4e61-9916-e6a477ae13dd|rpc:10.1.0.33:45301|priority:1], old=null
2022-01-12 07:41:26,813 [09bdbdee-2d8e-4e61-9916-e6a477ae13dd@group-AF9839D15867-LeaderElection13] INFO  impl.LeaderElection (LeaderElection.java:askForVotes(308)) - 09bdbdee-2d8e-4e61-9916-e6a477ae13dd@group-AF9839D15867-LeaderElection13 ELECTION round 0: result PASSED (term=1)
2022-01-12 07:41:26,813 [09bdbdee-2d8e-4e61-9916-e6a477ae13dd@group-AF9839D15867-LeaderElection13] INFO  impl.RoleInfo (RoleInfo.java:shutdownLeaderElection(121)) - 09bdbdee-2d8e-4e61-9916-e6a477ae13dd: shutdown 09bdbdee-2d8e-4e61-9916-e6a477ae13dd@group-AF9839D15867-LeaderElection13
2022-01-12 07:41:26,813 [09bdbdee-2d8e-4e61-9916-e6a477ae13dd@group-AF9839D15867-LeaderElection13] INFO  server.RaftServer$Division (RaftServerImpl.java:setRole(290)) - 09bdbdee-2d8e-4e61-9916-e6a477ae13dd@group-AF9839D15867: changes role from CANDIDATE to LEADER at term 1 for changeToLeader
2022-01-12 07:41:26,813 [09bdbdee-2d8e-4e61-9916-e6a477ae13dd@group-AF9839D15867-LeaderElection13] INFO  ratis.XceiverServerRatis (XceiverServerRatis.java:handleLeaderChangedNotification(866)) - Leader change notification received for group: group-AF9839D15867 with new leaderId: 09bdbdee-2d8e-4e61-9916-e6a477ae13dd
2022-01-12 07:41:26,813 [09bdbdee-2d8e-4e61-9916-e6a477ae13dd@group-AF9839D15867-LeaderElection13] INFO  server.RaftServer$Division (ServerState.java:setLeader(285)) - 09bdbdee-2d8e-4e61-9916-e6a477ae13dd@group-AF9839D15867: change Leader from null to 09bdbdee-2d8e-4e61-9916-e6a477ae13dd at term 1 for becomeLeader, leader elected after 5247ms
2022-01-12 07:41:26,817 [EventQueue-OpenPipelineForHealthyPipelineSafeModeRule] INFO  safemode.SCMSafeModeManager (HealthyPipelineSafeModeRule.java:process(124)) - SCM in safe mode. Healthy pipelines reported count is 0, required healthy pipeline reported count is 1
2022-01-12 07:41:26,822 [09bdbdee-2d8e-4e61-9916-e6a477ae13dd@group-AF9839D15867-LeaderElection13] INFO  server.RaftServerConfigKeys (ConfUtils.java:logGet(44)) - raft.server.staging.catchup.gap = 1000 (default)
2022-01-12 07:41:26,823 [09bdbdee-2d8e-4e61-9916-e6a477ae13dd@group-AF9839D15867-LeaderElection13] INFO  server.RaftServerConfigKeys (ConfUtils.java:logGet(44)) - raft.server.write.element-limit = 1024 (custom)
2022-01-12 07:41:26,825 [09bdbdee-2d8e-4e61-9916-e6a477ae13dd@group-AF9839D15867-LeaderElection13] INFO  server.RaftServerConfigKeys (ConfUtils.java:logGet(44)) - raft.server.write.byte-limit = 1024 M (=1073741824) (custom)
2022-01-12 07:41:26,825 [09bdbdee-2d8e-4e61-9916-e6a477ae13dd@group-AF9839D15867-LeaderElection13] INFO  server.RaftServerConfigKeys (ConfUtils.java:logGet(44)) - raft.server.watch.timeout = 180s (custom)
2022-01-12 07:41:26,826 [09bdbdee-2d8e-4e61-9916-e6a477ae13dd@group-AF9839D15867-LeaderElection13] INFO  server.RaftServerConfigKeys (ConfUtils.java:logGet(44)) - raft.server.watch.timeout.denomination = 1s (default)
2022-01-12 07:41:26,826 [09bdbdee-2d8e-4e61-9916-e6a477ae13dd@group-AF9839D15867-LeaderElection13] INFO  server.RaftServerConfigKeys (ConfUtils.java:logGet(44)) - raft.server.watch.element-limit = 65536 (default)
2022-01-12 07:41:26,826 [09bdbdee-2d8e-4e61-9916-e6a477ae13dd@group-AF9839D15867-LeaderElection13] INFO  server.RaftServerConfigKeys (ConfUtils.java:logGet(44)) - raft.server.write.element-limit = 1024 (custom)
2022-01-12 07:41:26,826 [09bdbdee-2d8e-4e61-9916-e6a477ae13dd@group-AF9839D15867-LeaderElection13] INFO  server.RaftServerConfigKeys (ConfUtils.java:logGet(44)) - raft.server.write.follower.gap.ratio.max = -1.0 (default)
2022-01-12 07:41:26,826 [09bdbdee-2d8e-4e61-9916-e6a477ae13dd@group-AF9839D15867-LeaderElection13] INFO  impl.RoleInfo (RoleInfo.java:updateAndGet(130)) - 09bdbdee-2d8e-4e61-9916-e6a477ae13dd: start 09bdbdee-2d8e-4e61-9916-e6a477ae13dd@group-AF9839D15867-LeaderStateImpl
2022-01-12 07:41:26,826 [09bdbdee-2d8e-4e61-9916-e6a477ae13dd@group-AF9839D15867-LeaderElection13] INFO  segmented.SegmentedRaftLogWorker (SegmentedRaftLogWorker.java:startLogSegment(394)) - 09bdbdee-2d8e-4e61-9916-e6a477ae13dd@group-AF9839D15867-SegmentedRaftLogWorker: Starting segment from index:0
2022-01-12 07:41:26,828 [09bdbdee-2d8e-4e61-9916-e6a477ae13dd@group-AF9839D15867-SegmentedRaftLogWorker] INFO  segmented.SegmentedRaftLogWorker (SegmentedRaftLogWorker.java:execute(601)) - 09bdbdee-2d8e-4e61-9916-e6a477ae13dd@group-AF9839D15867-SegmentedRaftLogWorker: created new log segment /home/runner/work/ozone/ozone/hadoop-ozone/integration-test/target/test-dir/MiniOzoneClusterImpl-98c4baf1-f560-4074-9287-a7c3af5f62c4/datanode-0/data/ratis/166c94fe-f80d-4be6-bab9-af9839d15867/current/log_inprogress_0
2022-01-12 07:41:26,840 [09bdbdee-2d8e-4e61-9916-e6a477ae13dd@group-AF9839D15867-LeaderElection13] INFO  server.RaftServer$Division (ServerState.java:setRaftConf(387)) - 09bdbdee-2d8e-4e61-9916-e6a477ae13dd@group-AF9839D15867: set configuration 0: [09bdbdee-2d8e-4e61-9916-e6a477ae13dd|rpc:10.1.0.33:45301|dataStream:|priority:1], old=null
2022-01-12 07:41:27,131 [271317f1-f8b4-40e6-a29f-423c50314c9a@group-5A01071CCAC5-FollowerState] INFO  impl.FollowerState (FollowerState.java:run(134)) - 271317f1-f8b4-40e6-a29f-423c50314c9a@group-5A01071CCAC5-FollowerState: change to CANDIDATE, lastRpcElapsedTime:5171548142ns, electionTimeout:5164ms
2022-01-12 07:41:27,131 [271317f1-f8b4-40e6-a29f-423c50314c9a@group-5A01071CCAC5-FollowerState] INFO  impl.RoleInfo (RoleInfo.java:shutdownFollowerState(108)) - 271317f1-f8b4-40e6-a29f-423c50314c9a: shutdown 271317f1-f8b4-40e6-a29f-423c50314c9a@group-5A01071CCAC5-FollowerState
2022-01-12 07:41:27,131 [271317f1-f8b4-40e6-a29f-423c50314c9a@group-5A01071CCAC5-FollowerState] INFO  server.RaftServer$Division (RaftServerImpl.java:setRole(290)) - 271317f1-f8b4-40e6-a29f-423c50314c9a@group-5A01071CCAC5: changes role from  FOLLOWER to CANDIDATE at term 0 for changeToCandidate
2022-01-12 07:41:27,131 [271317f1-f8b4-40e6-a29f-423c50314c9a@group-5A01071CCAC5-FollowerState] INFO  server.RaftServerConfigKeys (ConfUtils.java:logGet(44)) - raft.server.leaderelection.pre-vote = false (custom)
2022-01-12 07:41:27,131 [271317f1-f8b4-40e6-a29f-423c50314c9a@group-5A01071CCAC5-FollowerState] INFO  impl.RoleInfo (RoleInfo.java:updateAndGet(130)) - 271317f1-f8b4-40e6-a29f-423c50314c9a: start 271317f1-f8b4-40e6-a29f-423c50314c9a@group-5A01071CCAC5-LeaderElection14
2022-01-12 07:41:27,145 [271317f1-f8b4-40e6-a29f-423c50314c9a@group-5A01071CCAC5-LeaderElection14] INFO  impl.LeaderElection (LeaderElection.java:askForVotes(306)) - 271317f1-f8b4-40e6-a29f-423c50314c9a@group-5A01071CCAC5-LeaderElection14 ELECTION round 0: submit vote requests at term 1 for -1: [271317f1-f8b4-40e6-a29f-423c50314c9a|rpc:10.1.0.33:43991|priority:1], old=null
2022-01-12 07:41:27,145 [271317f1-f8b4-40e6-a29f-423c50314c9a@group-5A01071CCAC5-LeaderElection14] INFO  impl.LeaderElection (LeaderElection.java:askForVotes(308)) - 271317f1-f8b4-40e6-a29f-423c50314c9a@group-5A01071CCAC5-LeaderElection14 ELECTION round 0: result PASSED (term=1)
2022-01-12 07:41:27,145 [271317f1-f8b4-40e6-a29f-423c50314c9a@group-5A01071CCAC5-LeaderElection14] INFO  impl.RoleInfo (RoleInfo.java:shutdownLeaderElection(121)) - 271317f1-f8b4-40e6-a29f-423c50314c9a: shutdown 271317f1-f8b4-40e6-a29f-423c50314c9a@group-5A01071CCAC5-LeaderElection14
2022-01-12 07:41:27,146 [271317f1-f8b4-40e6-a29f-423c50314c9a@group-5A01071CCAC5-LeaderElection14] INFO  server.RaftServer$Division (RaftServerImpl.java:setRole(290)) - 271317f1-f8b4-40e6-a29f-423c50314c9a@group-5A01071CCAC5: changes role from CANDIDATE to LEADER at term 1 for changeToLeader
2022-01-12 07:41:27,146 [271317f1-f8b4-40e6-a29f-423c50314c9a@group-5A01071CCAC5-LeaderElection14] INFO  ratis.XceiverServerRatis (XceiverServerRatis.java:handleLeaderChangedNotification(866)) - Leader change notification received for group: group-5A01071CCAC5 with new leaderId: 271317f1-f8b4-40e6-a29f-423c50314c9a
2022-01-12 07:41:27,146 [271317f1-f8b4-40e6-a29f-423c50314c9a@group-5A01071CCAC5-LeaderElection14] INFO  server.RaftServer$Division (ServerState.java:setLeader(285)) - 271317f1-f8b4-40e6-a29f-423c50314c9a@group-5A01071CCAC5: change Leader from null to 271317f1-f8b4-40e6-a29f-423c50314c9a at term 1 for becomeLeader, leader elected after 5196ms
2022-01-12 07:41:27,147 [271317f1-f8b4-40e6-a29f-423c50314c9a@group-5A01071CCAC5-LeaderElection14] INFO  server.RaftServerConfigKeys (ConfUtils.java:logGet(44)) - raft.server.staging.catchup.gap = 1000 (default)
2022-01-12 07:41:27,147 [271317f1-f8b4-40e6-a29f-423c50314c9a@group-5A01071CCAC5-LeaderElection14] INFO  server.RaftServerConfigKeys (ConfUtils.java:logGet(44)) - raft.server.write.element-limit = 1024 (custom)
2022-01-12 07:41:27,147 [271317f1-f8b4-40e6-a29f-423c50314c9a@group-5A01071CCAC5-LeaderElection14] INFO  server.RaftServerConfigKeys (ConfUtils.java:logGet(44)) - raft.server.write.byte-limit = 1024 M (=1073741824) (custom)
2022-01-12 07:41:27,147 [271317f1-f8b4-40e6-a29f-423c50314c9a@group-5A01071CCAC5-LeaderElection14] INFO  server.RaftServerConfigKeys (ConfUtils.java:logGet(44)) - raft.server.watch.timeout = 180s (custom)
2022-01-12 07:41:27,148 [271317f1-f8b4-40e6-a29f-423c50314c9a@group-5A01071CCAC5-LeaderElection14] INFO  server.RaftServerConfigKeys (ConfUtils.java:logGet(44)) - raft.server.watch.timeout.denomination = 1s (default)
2022-01-12 07:41:27,148 [271317f1-f8b4-40e6-a29f-423c50314c9a@group-5A01071CCAC5-LeaderElection14] INFO  server.RaftServerConfigKeys (ConfUtils.java:logGet(44)) - raft.server.watch.element-limit = 65536 (default)
2022-01-12 07:41:27,148 [271317f1-f8b4-40e6-a29f-423c50314c9a@group-5A01071CCAC5-LeaderElection14] INFO  server.RaftServerConfigKeys (ConfUtils.java:logGet(44)) - raft.server.write.element-limit = 1024 (custom)
2022-01-12 07:41:27,148 [271317f1-f8b4-40e6-a29f-423c50314c9a@group-5A01071CCAC5-LeaderElection14] INFO  server.RaftServerConfigKeys (ConfUtils.java:logGet(44)) - raft.server.write.follower.gap.ratio.max = -1.0 (default)
2022-01-12 07:41:27,148 [271317f1-f8b4-40e6-a29f-423c50314c9a@group-5A01071CCAC5-LeaderElection14] INFO  impl.RoleInfo (RoleInfo.java:updateAndGet(130)) - 271317f1-f8b4-40e6-a29f-423c50314c9a: start 271317f1-f8b4-40e6-a29f-423c50314c9a@group-5A01071CCAC5-LeaderStateImpl
2022-01-12 07:41:27,148 [271317f1-f8b4-40e6-a29f-423c50314c9a@group-5A01071CCAC5-LeaderElection14] INFO  segmented.SegmentedRaftLogWorker (SegmentedRaftLogWorker.java:startLogSegment(394)) - 271317f1-f8b4-40e6-a29f-423c50314c9a@group-5A01071CCAC5-SegmentedRaftLogWorker: Starting segment from index:0
2022-01-12 07:41:27,150 [271317f1-f8b4-40e6-a29f-423c50314c9a@group-5A01071CCAC5-SegmentedRaftLogWorker] INFO  segmented.SegmentedRaftLogWorker (SegmentedRaftLogWorker.java:execute(601)) - 271317f1-f8b4-40e6-a29f-423c50314c9a@group-5A01071CCAC5-SegmentedRaftLogWorker: created new log segment /home/runner/work/ozone/ozone/hadoop-ozone/integration-test/target/test-dir/MiniOzoneClusterImpl-98c4baf1-f560-4074-9287-a7c3af5f62c4/datanode-1/data/ratis/ca60684b-8e3a-4b7c-9b86-5a01071ccac5/current/log_inprogress_0
2022-01-12 07:41:27,151 [271317f1-f8b4-40e6-a29f-423c50314c9a@group-5A01071CCAC5-LeaderElection14] INFO  server.RaftServer$Division (ServerState.java:setRaftConf(387)) - 271317f1-f8b4-40e6-a29f-423c50314c9a@group-5A01071CCAC5: set configuration 0: [271317f1-f8b4-40e6-a29f-423c50314c9a|rpc:10.1.0.33:43991|dataStream:|priority:1], old=null
2022-01-12 07:41:27,172 [EventQueue-OpenPipelineForHealthyPipelineSafeModeRule] INFO  safemode.SCMSafeModeManager (HealthyPipelineSafeModeRule.java:process(124)) - SCM in safe mode. Healthy pipelines reported count is 0, required healthy pipeline reported count is 1
2022-01-12 07:41:27,377 [Listener at 127.0.0.1/46417] INFO  ozone.MiniOzoneClusterImpl (MiniOzoneClusterImpl.java:lambda$waitForClusterToBeReady$0(235)) - Nodes are ready. Got 3 of 3 DN Heartbeats.
2022-01-12 07:41:27,377 [Listener at 127.0.0.1/46417] INFO  ozone.MiniOzoneClusterImpl (MiniOzoneClusterImpl.java:lambda$waitForClusterToBeReady$0(238)) - Waiting for cluster to exit safe mode
2022-01-12 07:41:27,377 [Listener at 127.0.0.1/46417] INFO  ozone.MiniOzoneClusterImpl (MiniOzoneClusterImpl.java:lambda$waitForClusterToBeReady$0(240)) - SCM became leader
2022-01-12 07:41:27,601 [26f2b290-61b3-49ad-8002-bfb92d808e93@group-283C85823B61-FollowerState] INFO  impl.FollowerState (FollowerState.java:run(134)) - 26f2b290-61b3-49ad-8002-bfb92d808e93@group-283C85823B61-FollowerState: change to CANDIDATE, lastRpcElapsedTime:5185038171ns, electionTimeout:5180ms
2022-01-12 07:41:27,601 [26f2b290-61b3-49ad-8002-bfb92d808e93@group-283C85823B61-FollowerState] INFO  impl.RoleInfo (RoleInfo.java:shutdownFollowerState(108)) - 26f2b290-61b3-49ad-8002-bfb92d808e93: shutdown 26f2b290-61b3-49ad-8002-bfb92d808e93@group-283C85823B61-FollowerState
2022-01-12 07:41:27,601 [26f2b290-61b3-49ad-8002-bfb92d808e93@group-283C85823B61-FollowerState] INFO  server.RaftServer$Division (RaftServerImpl.java:setRole(290)) - 26f2b290-61b3-49ad-8002-bfb92d808e93@group-283C85823B61: changes role from  FOLLOWER to CANDIDATE at term 0 for changeToCandidate
2022-01-12 07:41:27,602 [26f2b290-61b3-49ad-8002-bfb92d808e93@group-283C85823B61-FollowerState] INFO  server.RaftServerConfigKeys (ConfUtils.java:logGet(44)) - raft.server.leaderelection.pre-vote = false (custom)
2022-01-12 07:41:27,602 [26f2b290-61b3-49ad-8002-bfb92d808e93@group-283C85823B61-FollowerState] INFO  impl.RoleInfo (RoleInfo.java:updateAndGet(130)) - 26f2b290-61b3-49ad-8002-bfb92d808e93: start 26f2b290-61b3-49ad-8002-bfb92d808e93@group-283C85823B61-LeaderElection15
2022-01-12 07:41:27,614 [26f2b290-61b3-49ad-8002-bfb92d808e93@group-283C85823B61-LeaderElection15] INFO  impl.LeaderElection (LeaderElection.java:askForVotes(306)) - 26f2b290-61b3-49ad-8002-bfb92d808e93@group-283C85823B61-LeaderElection15 ELECTION round 0: submit vote requests at term 1 for -1: [26f2b290-61b3-49ad-8002-bfb92d808e93|rpc:10.1.0.33:46813|priority:1], old=null
2022-01-12 07:41:27,614 [26f2b290-61b3-49ad-8002-bfb92d808e93@group-283C85823B61-LeaderElection15] INFO  impl.LeaderElection (LeaderElection.java:askForVotes(308)) - 26f2b290-61b3-49ad-8002-bfb92d808e93@group-283C85823B61-LeaderElection15 ELECTION round 0: result PASSED (term=1)
2022-01-12 07:41:27,615 [26f2b290-61b3-49ad-8002-bfb92d808e93@group-283C85823B61-LeaderElection15] INFO  impl.RoleInfo (RoleInfo.java:shutdownLeaderElection(121)) - 26f2b290-61b3-49ad-8002-bfb92d808e93: shutdown 26f2b290-61b3-49ad-8002-bfb92d808e93@group-283C85823B61-LeaderElection15
2022-01-12 07:41:27,615 [26f2b290-61b3-49ad-8002-bfb92d808e93@group-283C85823B61-LeaderElection15] INFO  server.RaftServer$Division (RaftServerImpl.java:setRole(290)) - 26f2b290-61b3-49ad-8002-bfb92d808e93@group-283C85823B61: changes role from CANDIDATE to LEADER at term 1 for changeToLeader
2022-01-12 07:41:27,615 [26f2b290-61b3-49ad-8002-bfb92d808e93@group-283C85823B61-LeaderElection15] INFO  ratis.XceiverServerRatis (XceiverServerRatis.java:handleLeaderChangedNotification(866)) - Leader change notification received for group: group-283C85823B61 with new leaderId: 26f2b290-61b3-49ad-8002-bfb92d808e93
2022-01-12 07:41:27,615 [26f2b290-61b3-49ad-8002-bfb92d808e93@group-283C85823B61-LeaderElection15] INFO  server.RaftServer$Division (ServerState.java:setLeader(285)) - 26f2b290-61b3-49ad-8002-bfb92d808e93@group-283C85823B61: change Leader from null to 26f2b290-61b3-49ad-8002-bfb92d808e93 at term 1 for becomeLeader, leader elected after 5210ms
2022-01-12 07:41:27,616 [26f2b290-61b3-49ad-8002-bfb92d808e93@group-283C85823B61-LeaderElection15] INFO  server.RaftServerConfigKeys (ConfUtils.java:logGet(44)) - raft.server.staging.catchup.gap = 1000 (default)
2022-01-12 07:41:27,616 [26f2b290-61b3-49ad-8002-bfb92d808e93@group-283C85823B61-LeaderElection15] INFO  server.RaftServerConfigKeys (ConfUtils.java:logGet(44)) - raft.server.write.element-limit = 1024 (custom)
2022-01-12 07:41:27,616 [26f2b290-61b3-49ad-8002-bfb92d808e93@group-283C85823B61-LeaderElection15] INFO  server.RaftServerConfigKeys (ConfUtils.java:logGet(44)) - raft.server.write.byte-limit = 1024 M (=1073741824) (custom)
2022-01-12 07:41:27,617 [26f2b290-61b3-49ad-8002-bfb92d808e93@group-283C85823B61-LeaderElection15] INFO  server.RaftServerConfigKeys (ConfUtils.java:logGet(44)) - raft.server.watch.timeout = 180s (custom)
2022-01-12 07:41:27,617 [26f2b290-61b3-49ad-8002-bfb92d808e93@group-283C85823B61-LeaderElection15] INFO  server.RaftServerConfigKeys (ConfUtils.java:logGet(44)) - raft.server.watch.timeout.denomination = 1s (default)
2022-01-12 07:41:27,617 [26f2b290-61b3-49ad-8002-bfb92d808e93@group-283C85823B61-LeaderElection15] INFO  server.RaftServerConfigKeys (ConfUtils.java:logGet(44)) - raft.server.watch.element-limit = 65536 (default)
2022-01-12 07:41:27,617 [26f2b290-61b3-49ad-8002-bfb92d808e93@group-283C85823B61-LeaderElection15] INFO  server.RaftServerConfigKeys (ConfUtils.java:logGet(44)) - raft.server.write.element-limit = 1024 (custom)
2022-01-12 07:41:27,617 [26f2b290-61b3-49ad-8002-bfb92d808e93@group-283C85823B61-LeaderElection15] INFO  server.RaftServerConfigKeys (ConfUtils.java:logGet(44)) - raft.server.write.follower.gap.ratio.max = -1.0 (default)
2022-01-12 07:41:27,617 [26f2b290-61b3-49ad-8002-bfb92d808e93@group-283C85823B61-LeaderElection15] INFO  impl.RoleInfo (RoleInfo.java:updateAndGet(130)) - 26f2b290-61b3-49ad-8002-bfb92d808e93: start 26f2b290-61b3-49ad-8002-bfb92d808e93@group-283C85823B61-LeaderStateImpl
2022-01-12 07:41:27,618 [26f2b290-61b3-49ad-8002-bfb92d808e93@group-283C85823B61-LeaderElection15] INFO  segmented.SegmentedRaftLogWorker (SegmentedRaftLogWorker.java:startLogSegment(394)) - 26f2b290-61b3-49ad-8002-bfb92d808e93@group-283C85823B61-SegmentedRaftLogWorker: Starting segment from index:0
2022-01-12 07:41:27,618 [EventQueue-OpenPipelineForHealthyPipelineSafeModeRule] INFO  safemode.SCMSafeModeManager (HealthyPipelineSafeModeRule.java:process(124)) - SCM in safe mode. Healthy pipelines reported count is 0, required healthy pipeline reported count is 1
2022-01-12 07:41:27,619 [26f2b290-61b3-49ad-8002-bfb92d808e93@group-283C85823B61-SegmentedRaftLogWorker] INFO  segmented.SegmentedRaftLogWorker (SegmentedRaftLogWorker.java:execute(601)) - 26f2b290-61b3-49ad-8002-bfb92d808e93@group-283C85823B61-SegmentedRaftLogWorker: created new log segment /home/runner/work/ozone/ozone/hadoop-ozone/integration-test/target/test-dir/MiniOzoneClusterImpl-98c4baf1-f560-4074-9287-a7c3af5f62c4/datanode-2/data/ratis/c2882099-ebf2-471f-abfd-283c85823b61/current/log_inprogress_0
2022-01-12 07:41:27,650 [26f2b290-61b3-49ad-8002-bfb92d808e93@group-283C85823B61-LeaderElection15] INFO  server.RaftServer$Division (ServerState.java:setRaftConf(387)) - 26f2b290-61b3-49ad-8002-bfb92d808e93@group-283C85823B61: set configuration 0: [26f2b290-61b3-49ad-8002-bfb92d808e93|rpc:10.1.0.33:46813|dataStream:|priority:1], old=null
2022-01-12 07:41:28,377 [Listener at 127.0.0.1/46417] INFO  ozone.MiniOzoneClusterImpl (MiniOzoneClusterImpl.java:lambda$waitForClusterToBeReady$0(235)) - Nodes are ready. Got 3 of 3 DN Heartbeats.
2022-01-12 07:41:28,377 [Listener at 127.0.0.1/46417] INFO  ozone.MiniOzoneClusterImpl (MiniOzoneClusterImpl.java:lambda$waitForClusterToBeReady$0(238)) - Waiting for cluster to exit safe mode
2022-01-12 07:41:28,377 [Listener at 127.0.0.1/46417] INFO  ozone.MiniOzoneClusterImpl (MiniOzoneClusterImpl.java:lambda$waitForClusterToBeReady$0(240)) - SCM became leader
2022-01-12 07:41:29,377 [Listener at 127.0.0.1/46417] INFO  ozone.MiniOzoneClusterImpl (MiniOzoneClusterImpl.java:lambda$waitForClusterToBeReady$0(235)) - Nodes are ready. Got 3 of 3 DN Heartbeats.
2022-01-12 07:41:29,378 [Listener at 127.0.0.1/46417] INFO  ozone.MiniOzoneClusterImpl (MiniOzoneClusterImpl.java:lambda$waitForClusterToBeReady$0(238)) - Waiting for cluster to exit safe mode
2022-01-12 07:41:29,378 [Listener at 127.0.0.1/46417] INFO  ozone.MiniOzoneClusterImpl (MiniOzoneClusterImpl.java:lambda$waitForClusterToBeReady$0(240)) - SCM became leader
2022-01-12 07:41:30,378 [Listener at 127.0.0.1/46417] INFO  ozone.MiniOzoneClusterImpl (MiniOzoneClusterImpl.java:lambda$waitForClusterToBeReady$0(235)) - Nodes are ready. Got 3 of 3 DN Heartbeats.
2022-01-12 07:41:30,378 [Listener at 127.0.0.1/46417] INFO  ozone.MiniOzoneClusterImpl (MiniOzoneClusterImpl.java:lambda$waitForClusterToBeReady$0(238)) - Waiting for cluster to exit safe mode
2022-01-12 07:41:30,378 [Listener at 127.0.0.1/46417] INFO  ozone.MiniOzoneClusterImpl (MiniOzoneClusterImpl.java:lambda$waitForClusterToBeReady$0(240)) - SCM became leader
2022-01-12 07:41:31,378 [Listener at 127.0.0.1/46417] INFO  ozone.MiniOzoneClusterImpl (MiniOzoneClusterImpl.java:lambda$waitForClusterToBeReady$0(235)) - Nodes are ready. Got 3 of 3 DN Heartbeats.
2022-01-12 07:41:31,379 [Listener at 127.0.0.1/46417] INFO  ozone.MiniOzoneClusterImpl (MiniOzoneClusterImpl.java:lambda$waitForClusterToBeReady$0(238)) - Waiting for cluster to exit safe mode
2022-01-12 07:41:31,379 [Listener at 127.0.0.1/46417] INFO  ozone.MiniOzoneClusterImpl (MiniOzoneClusterImpl.java:lambda$waitForClusterToBeReady$0(240)) - SCM became leader
2022-01-12 07:41:31,779 [271317f1-f8b4-40e6-a29f-423c50314c9a@group-D68F9A05A383-FollowerState] INFO  impl.FollowerState (FollowerState.java:run(134)) - 271317f1-f8b4-40e6-a29f-423c50314c9a@group-D68F9A05A383-FollowerState: change to CANDIDATE, lastRpcElapsedTime:5060106670ns, electionTimeout:5060ms
2022-01-12 07:41:31,780 [271317f1-f8b4-40e6-a29f-423c50314c9a@group-D68F9A05A383-FollowerState] INFO  impl.RoleInfo (RoleInfo.java:shutdownFollowerState(108)) - 271317f1-f8b4-40e6-a29f-423c50314c9a: shutdown 271317f1-f8b4-40e6-a29f-423c50314c9a@group-D68F9A05A383-FollowerState
2022-01-12 07:41:31,780 [271317f1-f8b4-40e6-a29f-423c50314c9a@group-D68F9A05A383-FollowerState] INFO  server.RaftServer$Division (RaftServerImpl.java:setRole(290)) - 271317f1-f8b4-40e6-a29f-423c50314c9a@group-D68F9A05A383: changes role from  FOLLOWER to CANDIDATE at term 1 for changeToCandidate
2022-01-12 07:41:31,780 [271317f1-f8b4-40e6-a29f-423c50314c9a@group-D68F9A05A383-FollowerState] INFO  server.RaftServerConfigKeys (ConfUtils.java:logGet(44)) - raft.server.leaderelection.pre-vote = false (custom)
2022-01-12 07:41:31,780 [271317f1-f8b4-40e6-a29f-423c50314c9a@group-D68F9A05A383-FollowerState] INFO  impl.RoleInfo (RoleInfo.java:updateAndGet(130)) - 271317f1-f8b4-40e6-a29f-423c50314c9a: start 271317f1-f8b4-40e6-a29f-423c50314c9a@group-D68F9A05A383-LeaderElection16
2022-01-12 07:41:31,800 [271317f1-f8b4-40e6-a29f-423c50314c9a@group-D68F9A05A383-LeaderElection16] INFO  impl.LeaderElection (LeaderElection.java:askForVotes(306)) - 271317f1-f8b4-40e6-a29f-423c50314c9a@group-D68F9A05A383-LeaderElection16 ELECTION round 0: submit vote requests at term 2 for -1: [271317f1-f8b4-40e6-a29f-423c50314c9a|rpc:10.1.0.33:43991|dataStream:|priority:0, 09bdbdee-2d8e-4e61-9916-e6a477ae13dd|rpc:10.1.0.33:45301|dataStream:|priority:0, 26f2b290-61b3-49ad-8002-bfb92d808e93|rpc:10.1.0.33:46813|dataStream:|priority:1], old=null
2022-01-12 07:41:31,826 [09bdbdee-2d8e-4e61-9916-e6a477ae13dd@group-D68F9A05A383-FollowerState] INFO  impl.FollowerState (FollowerState.java:run(134)) - 09bdbdee-2d8e-4e61-9916-e6a477ae13dd@group-D68F9A05A383-FollowerState: change to CANDIDATE, lastRpcElapsedTime:5059347728ns, electionTimeout:5049ms
2022-01-12 07:41:31,826 [09bdbdee-2d8e-4e61-9916-e6a477ae13dd@group-D68F9A05A383-FollowerState] INFO  impl.RoleInfo (RoleInfo.java:shutdownFollowerState(108)) - 09bdbdee-2d8e-4e61-9916-e6a477ae13dd: shutdown 09bdbdee-2d8e-4e61-9916-e6a477ae13dd@group-D68F9A05A383-FollowerState
2022-01-12 07:41:31,826 [09bdbdee-2d8e-4e61-9916-e6a477ae13dd@group-D68F9A05A383-FollowerState] INFO  server.RaftServer$Division (RaftServerImpl.java:setRole(290)) - 09bdbdee-2d8e-4e61-9916-e6a477ae13dd@group-D68F9A05A383: changes role from  FOLLOWER to CANDIDATE at term 1 for changeToCandidate
2022-01-12 07:41:31,827 [09bdbdee-2d8e-4e61-9916-e6a477ae13dd@group-D68F9A05A383-FollowerState] INFO  server.RaftServerConfigKeys (ConfUtils.java:logGet(44)) - raft.server.leaderelection.pre-vote = false (custom)
2022-01-12 07:41:31,827 [09bdbdee-2d8e-4e61-9916-e6a477ae13dd@group-D68F9A05A383-FollowerState] INFO  impl.RoleInfo (RoleInfo.java:updateAndGet(130)) - 09bdbdee-2d8e-4e61-9916-e6a477ae13dd: start 09bdbdee-2d8e-4e61-9916-e6a477ae13dd@group-D68F9A05A383-LeaderElection17
2022-01-12 07:41:31,831 [grpc-default-executor-0] INFO  server.RaftServer$Division (RaftServerImpl.java:requestVote(1046)) - 09bdbdee-2d8e-4e61-9916-e6a477ae13dd@group-D68F9A05A383: receive requestVote(ELECTION, 271317f1-f8b4-40e6-a29f-423c50314c9a, group-D68F9A05A383, 2, (t:0, i:0))
2022-01-12 07:41:31,834 [grpc-default-executor-0] INFO  impl.VoteContext (VoteContext.java:log(48)) - 09bdbdee-2d8e-4e61-9916-e6a477ae13dd@group-D68F9A05A383-CANDIDATE: accept ELECTION from 271317f1-f8b4-40e6-a29f-423c50314c9a: our priority 0 <= candidate's priority 0
2022-01-12 07:41:31,834 [grpc-default-executor-0] INFO  server.RaftServer$Division (RaftServerImpl.java:setRole(290)) - 09bdbdee-2d8e-4e61-9916-e6a477ae13dd@group-D68F9A05A383: changes role from CANDIDATE to FOLLOWER at term 2 for candidate:271317f1-f8b4-40e6-a29f-423c50314c9a
2022-01-12 07:41:31,834 [grpc-default-executor-0] INFO  impl.RoleInfo (RoleInfo.java:shutdownLeaderElection(121)) - 09bdbdee-2d8e-4e61-9916-e6a477ae13dd: shutdown 09bdbdee-2d8e-4e61-9916-e6a477ae13dd@group-D68F9A05A383-LeaderElection17
2022-01-12 07:41:31,834 [grpc-default-executor-0] INFO  impl.RoleInfo (RoleInfo.java:updateAndGet(130)) - 09bdbdee-2d8e-4e61-9916-e6a477ae13dd: start 09bdbdee-2d8e-4e61-9916-e6a477ae13dd@group-D68F9A05A383-FollowerState
2022-01-12 07:41:31,836 [grpc-default-executor-0] INFO  server.RaftServer$Division (RaftServerImpl.java:requestVote(1078)) - 09bdbdee-2d8e-4e61-9916-e6a477ae13dd@group-D68F9A05A383 replies to ELECTION vote request: 271317f1-f8b4-40e6-a29f-423c50314c9a<-09bdbdee-2d8e-4e61-9916-e6a477ae13dd#0:OK-t2. Peer's state: 09bdbdee-2d8e-4e61-9916-e6a477ae13dd@group-D68F9A05A383:t2, leader=null, voted=271317f1-f8b4-40e6-a29f-423c50314c9a, raftlog=09bdbdee-2d8e-4e61-9916-e6a477ae13dd@group-D68F9A05A383-SegmentedRaftLog:OPENED:c-1, conf=-1: [271317f1-f8b4-40e6-a29f-423c50314c9a|rpc:10.1.0.33:43991|priority:0, 09bdbdee-2d8e-4e61-9916-e6a477ae13dd|rpc:10.1.0.33:45301|priority:0, 26f2b290-61b3-49ad-8002-bfb92d808e93|rpc:10.1.0.33:46813|priority:1], old=null
2022-01-12 07:41:31,842 [26f2b290-61b3-49ad-8002-bfb92d808e93@group-D68F9A05A383-FollowerState] INFO  impl.FollowerState (FollowerState.java:run(134)) - 26f2b290-61b3-49ad-8002-bfb92d808e93@group-D68F9A05A383-FollowerState: change to CANDIDATE, lastRpcElapsedTime:5099897344ns, electionTimeout:5078ms
2022-01-12 07:41:31,842 [26f2b290-61b3-49ad-8002-bfb92d808e93@group-D68F9A05A383-FollowerState] INFO  impl.RoleInfo (RoleInfo.java:shutdownFollowerState(108)) - 26f2b290-61b3-49ad-8002-bfb92d808e93: shutdown 26f2b290-61b3-49ad-8002-bfb92d808e93@group-D68F9A05A383-FollowerState
2022-01-12 07:41:31,842 [26f2b290-61b3-49ad-8002-bfb92d808e93@group-D68F9A05A383-FollowerState] INFO  server.RaftServer$Division (RaftServerImpl.java:setRole(290)) - 26f2b290-61b3-49ad-8002-bfb92d808e93@group-D68F9A05A383: changes role from  FOLLOWER to CANDIDATE at term 1 for changeToCandidate
2022-01-12 07:41:31,842 [26f2b290-61b3-49ad-8002-bfb92d808e93@group-D68F9A05A383-FollowerState] INFO  server.RaftServerConfigKeys (ConfUtils.java:logGet(44)) - raft.server.leaderelection.pre-vote = false (custom)
2022-01-12 07:41:31,842 [26f2b290-61b3-49ad-8002-bfb92d808e93@group-D68F9A05A383-FollowerState] INFO  impl.RoleInfo (RoleInfo.java:updateAndGet(130)) - 26f2b290-61b3-49ad-8002-bfb92d808e93: start 26f2b290-61b3-49ad-8002-bfb92d808e93@group-D68F9A05A383-LeaderElection18
2022-01-12 07:41:31,849 [09bdbdee-2d8e-4e61-9916-e6a477ae13dd@group-D68F9A05A383-LeaderElection17] INFO  impl.LeaderElection (LeaderElection.java:run(230)) - 09bdbdee-2d8e-4e61-9916-e6a477ae13dd@group-D68F9A05A383-LeaderElection17: skip running since this is already CLOSING
2022-01-12 07:41:31,853 [grpc-default-executor-0] INFO  server.RaftServer$Division (RaftServerImpl.java:requestVote(1046)) - 26f2b290-61b3-49ad-8002-bfb92d808e93@group-D68F9A05A383: receive requestVote(ELECTION, 271317f1-f8b4-40e6-a29f-423c50314c9a, group-D68F9A05A383, 2, (t:0, i:0))
2022-01-12 07:41:31,855 [grpc-default-executor-0] INFO  impl.VoteContext (VoteContext.java:log(48)) - 26f2b290-61b3-49ad-8002-bfb92d808e93@group-D68F9A05A383-CANDIDATE: reject ELECTION from 271317f1-f8b4-40e6-a29f-423c50314c9a: already has voted for 26f2b290-61b3-49ad-8002-bfb92d808e93 at current term 2
2022-01-12 07:41:31,855 [grpc-default-executor-0] INFO  server.RaftServer$Division (RaftServerImpl.java:requestVote(1078)) - 26f2b290-61b3-49ad-8002-bfb92d808e93@group-D68F9A05A383 replies to ELECTION vote request: 271317f1-f8b4-40e6-a29f-423c50314c9a<-26f2b290-61b3-49ad-8002-bfb92d808e93#0:FAIL-t2. Peer's state: 26f2b290-61b3-49ad-8002-bfb92d808e93@group-D68F9A05A383:t2, leader=null, voted=26f2b290-61b3-49ad-8002-bfb92d808e93, raftlog=26f2b290-61b3-49ad-8002-bfb92d808e93@group-D68F9A05A383-SegmentedRaftLog:OPENED:c-1, conf=-1: [271317f1-f8b4-40e6-a29f-423c50314c9a|rpc:10.1.0.33:43991|dataStream:|priority:0, 09bdbdee-2d8e-4e61-9916-e6a477ae13dd|rpc:10.1.0.33:45301|dataStream:|priority:0, 26f2b290-61b3-49ad-8002-bfb92d808e93|rpc:10.1.0.33:46813|dataStream:|priority:1], old=null
2022-01-12 07:41:31,856 [26f2b290-61b3-49ad-8002-bfb92d808e93@group-D68F9A05A383-LeaderElection18] INFO  impl.LeaderElection (LeaderElection.java:askForVotes(306)) - 26f2b290-61b3-49ad-8002-bfb92d808e93@group-D68F9A05A383-LeaderElection18 ELECTION round 0: submit vote requests at term 2 for -1: [271317f1-f8b4-40e6-a29f-423c50314c9a|rpc:10.1.0.33:43991|dataStream:|priority:0, 09bdbdee-2d8e-4e61-9916-e6a477ae13dd|rpc:10.1.0.33:45301|dataStream:|priority:0, 26f2b290-61b3-49ad-8002-bfb92d808e93|rpc:10.1.0.33:46813|dataStream:|priority:1], old=null
2022-01-12 07:41:31,875 [271317f1-f8b4-40e6-a29f-423c50314c9a@group-D68F9A05A383-LeaderElection16] INFO  impl.LeaderElection (LeaderElection.java:logAndReturn(89)) - 271317f1-f8b4-40e6-a29f-423c50314c9a@group-D68F9A05A383-LeaderElection16: ELECTION REJECTED received 2 response(s) and 0 exception(s):
2022-01-12 07:41:31,881 [271317f1-f8b4-40e6-a29f-423c50314c9a@group-D68F9A05A383-LeaderElection16] INFO  impl.LeaderElection (LeaderElection.java:logAndReturn(93)) -   Response 0: 271317f1-f8b4-40e6-a29f-423c50314c9a<-09bdbdee-2d8e-4e61-9916-e6a477ae13dd#0:OK-t2
2022-01-12 07:41:31,881 [271317f1-f8b4-40e6-a29f-423c50314c9a@group-D68F9A05A383-LeaderElection16] INFO  impl.LeaderElection (LeaderElection.java:logAndReturn(93)) -   Response 1: 271317f1-f8b4-40e6-a29f-423c50314c9a<-26f2b290-61b3-49ad-8002-bfb92d808e93#0:FAIL-t2
2022-01-12 07:41:31,881 [271317f1-f8b4-40e6-a29f-423c50314c9a@group-D68F9A05A383-LeaderElection16] INFO  impl.LeaderElection (LeaderElection.java:askForVotes(308)) - 271317f1-f8b4-40e6-a29f-423c50314c9a@group-D68F9A05A383-LeaderElection16 ELECTION round 0: result REJECTED
2022-01-12 07:41:31,881 [271317f1-f8b4-40e6-a29f-423c50314c9a@group-D68F9A05A383-LeaderElection16] INFO  server.RaftServer$Division (RaftServerImpl.java:setRole(290)) - 271317f1-f8b4-40e6-a29f-423c50314c9a@group-D68F9A05A383: changes role from CANDIDATE to FOLLOWER at term 2 for REJECTED
2022-01-12 07:41:31,881 [271317f1-f8b4-40e6-a29f-423c50314c9a@group-D68F9A05A383-LeaderElection16] INFO  impl.RoleInfo (RoleInfo.java:shutdownLeaderElection(121)) - 271317f1-f8b4-40e6-a29f-423c50314c9a: shutdown 271317f1-f8b4-40e6-a29f-423c50314c9a@group-D68F9A05A383-LeaderElection16
2022-01-12 07:41:31,881 [271317f1-f8b4-40e6-a29f-423c50314c9a@group-D68F9A05A383-LeaderElection16] INFO  impl.RoleInfo (RoleInfo.java:updateAndGet(130)) - 271317f1-f8b4-40e6-a29f-423c50314c9a: start 271317f1-f8b4-40e6-a29f-423c50314c9a@group-D68F9A05A383-FollowerState
2022-01-12 07:41:31,900 [grpc-default-executor-1] INFO  server.RaftServer$Division (RaftServerImpl.java:requestVote(1046)) - 271317f1-f8b4-40e6-a29f-423c50314c9a@group-D68F9A05A383: receive requestVote(ELECTION, 26f2b290-61b3-49ad-8002-bfb92d808e93, group-D68F9A05A383, 2, (t:0, i:0))
2022-01-12 07:41:31,901 [grpc-default-executor-1] INFO  impl.VoteContext (VoteContext.java:log(48)) - 271317f1-f8b4-40e6-a29f-423c50314c9a@group-D68F9A05A383-FOLLOWER: reject ELECTION from 26f2b290-61b3-49ad-8002-bfb92d808e93: already has voted for 271317f1-f8b4-40e6-a29f-423c50314c9a at current term 2
2022-01-12 07:41:31,901 [grpc-default-executor-1] INFO  server.RaftServer$Division (RaftServerImpl.java:requestVote(1078)) - 271317f1-f8b4-40e6-a29f-423c50314c9a@group-D68F9A05A383 replies to ELECTION vote request: 26f2b290-61b3-49ad-8002-bfb92d808e93<-271317f1-f8b4-40e6-a29f-423c50314c9a#0:FAIL-t2. Peer's state: 271317f1-f8b4-40e6-a29f-423c50314c9a@group-D68F9A05A383:t2, leader=null, voted=271317f1-f8b4-40e6-a29f-423c50314c9a, raftlog=271317f1-f8b4-40e6-a29f-423c50314c9a@group-D68F9A05A383-SegmentedRaftLog:OPENED:c-1, conf=-1: [271317f1-f8b4-40e6-a29f-423c50314c9a|rpc:10.1.0.33:43991|dataStream:|priority:0, 09bdbdee-2d8e-4e61-9916-e6a477ae13dd|rpc:10.1.0.33:45301|dataStream:|priority:0, 26f2b290-61b3-49ad-8002-bfb92d808e93|rpc:10.1.0.33:46813|dataStream:|priority:1], old=null
2022-01-12 07:41:31,920 [grpc-default-executor-1] INFO  server.RaftServer$Division (RaftServerImpl.java:requestVote(1046)) - 09bdbdee-2d8e-4e61-9916-e6a477ae13dd@group-D68F9A05A383: receive requestVote(ELECTION, 26f2b290-61b3-49ad-8002-bfb92d808e93, group-D68F9A05A383, 2, (t:0, i:0))
2022-01-12 07:41:31,920 [grpc-default-executor-1] INFO  impl.VoteContext (VoteContext.java:log(48)) - 09bdbdee-2d8e-4e61-9916-e6a477ae13dd@group-D68F9A05A383-FOLLOWER: reject ELECTION from 26f2b290-61b3-49ad-8002-bfb92d808e93: already has voted for 271317f1-f8b4-40e6-a29f-423c50314c9a at current term 2
2022-01-12 07:41:31,920 [grpc-default-executor-1] INFO  server.RaftServer$Division (RaftServerImpl.java:requestVote(1078)) - 09bdbdee-2d8e-4e61-9916-e6a477ae13dd@group-D68F9A05A383 replies to ELECTION vote request: 26f2b290-61b3-49ad-8002-bfb92d808e93<-09bdbdee-2d8e-4e61-9916-e6a477ae13dd#0:FAIL-t2. Peer's state: 09bdbdee-2d8e-4e61-9916-e6a477ae13dd@group-D68F9A05A383:t2, leader=null, voted=271317f1-f8b4-40e6-a29f-423c50314c9a, raftlog=09bdbdee-2d8e-4e61-9916-e6a477ae13dd@group-D68F9A05A383-SegmentedRaftLog:OPENED:c-1, conf=-1: [271317f1-f8b4-40e6-a29f-423c50314c9a|rpc:10.1.0.33:43991|priority:0, 09bdbdee-2d8e-4e61-9916-e6a477ae13dd|rpc:10.1.0.33:45301|priority:0, 26f2b290-61b3-49ad-8002-bfb92d808e93|rpc:10.1.0.33:46813|priority:1], old=null
2022-01-12 07:41:31,922 [26f2b290-61b3-49ad-8002-bfb92d808e93@group-D68F9A05A383-LeaderElection18] INFO  impl.LeaderElection (LeaderElection.java:logAndReturn(89)) - 26f2b290-61b3-49ad-8002-bfb92d808e93@group-D68F9A05A383-LeaderElection18: ELECTION REJECTED received 2 response(s) and 0 exception(s):
2022-01-12 07:41:31,923 [26f2b290-61b3-49ad-8002-bfb92d808e93@group-D68F9A05A383-LeaderElection18] INFO  impl.LeaderElection (LeaderElection.java:logAndReturn(93)) -   Response 0: 26f2b290-61b3-49ad-8002-bfb92d808e93<-271317f1-f8b4-40e6-a29f-423c50314c9a#0:FAIL-t2
2022-01-12 07:41:31,923 [26f2b290-61b3-49ad-8002-bfb92d808e93@group-D68F9A05A383-LeaderElection18] INFO  impl.LeaderElection (LeaderElection.java:logAndReturn(93)) -   Response 1: 26f2b290-61b3-49ad-8002-bfb92d808e93<-09bdbdee-2d8e-4e61-9916-e6a477ae13dd#0:FAIL-t2
2022-01-12 07:41:31,923 [26f2b290-61b3-49ad-8002-bfb92d808e93@group-D68F9A05A383-LeaderElection18] INFO  impl.LeaderElection (LeaderElection.java:askForVotes(308)) - 26f2b290-61b3-49ad-8002-bfb92d808e93@group-D68F9A05A383-LeaderElection18 ELECTION round 0: result REJECTED
2022-01-12 07:41:31,923 [26f2b290-61b3-49ad-8002-bfb92d808e93@group-D68F9A05A383-LeaderElection18] INFO  server.RaftServer$Division (RaftServerImpl.java:setRole(290)) - 26f2b290-61b3-49ad-8002-bfb92d808e93@group-D68F9A05A383: changes role from CANDIDATE to FOLLOWER at term 2 for REJECTED
2022-01-12 07:41:31,923 [26f2b290-61b3-49ad-8002-bfb92d808e93@group-D68F9A05A383-LeaderElection18] INFO  impl.RoleInfo (RoleInfo.java:shutdownLeaderElection(121)) - 26f2b290-61b3-49ad-8002-bfb92d808e93: shutdown 26f2b290-61b3-49ad-8002-bfb92d808e93@group-D68F9A05A383-LeaderElection18
2022-01-12 07:41:31,923 [26f2b290-61b3-49ad-8002-bfb92d808e93@group-D68F9A05A383-LeaderElection18] INFO  impl.RoleInfo (RoleInfo.java:updateAndGet(130)) - 26f2b290-61b3-49ad-8002-bfb92d808e93: start 26f2b290-61b3-49ad-8002-bfb92d808e93@group-D68F9A05A383-FollowerState
2022-01-12 07:41:32,379 [Listener at 127.0.0.1/46417] INFO  ozone.MiniOzoneClusterImpl (MiniOzoneClusterImpl.java:lambda$waitForClusterToBeReady$0(235)) - Nodes are ready. Got 3 of 3 DN Heartbeats.
2022-01-12 07:41:32,380 [Listener at 127.0.0.1/46417] INFO  ozone.MiniOzoneClusterImpl (MiniOzoneClusterImpl.java:lambda$waitForClusterToBeReady$0(238)) - Waiting for cluster to exit safe mode
2022-01-12 07:41:32,380 [Listener at 127.0.0.1/46417] INFO  ozone.MiniOzoneClusterImpl (MiniOzoneClusterImpl.java:lambda$waitForClusterToBeReady$0(240)) - SCM became leader
2022-01-12 07:41:33,380 [Listener at 127.0.0.1/46417] INFO  ozone.MiniOzoneClusterImpl (MiniOzoneClusterImpl.java:lambda$waitForClusterToBeReady$0(235)) - Nodes are ready. Got 3 of 3 DN Heartbeats.
2022-01-12 07:41:33,381 [Listener at 127.0.0.1/46417] INFO  ozone.MiniOzoneClusterImpl (MiniOzoneClusterImpl.java:lambda$waitForClusterToBeReady$0(238)) - Waiting for cluster to exit safe mode
2022-01-12 07:41:33,381 [Listener at 127.0.0.1/46417] INFO  ozone.MiniOzoneClusterImpl (MiniOzoneClusterImpl.java:lambda$waitForClusterToBeReady$0(240)) - SCM became leader
2022-01-12 07:41:34,381 [Listener at 127.0.0.1/46417] INFO  ozone.MiniOzoneClusterImpl (MiniOzoneClusterImpl.java:lambda$waitForClusterToBeReady$0(235)) - Nodes are ready. Got 3 of 3 DN Heartbeats.
2022-01-12 07:41:34,381 [Listener at 127.0.0.1/46417] INFO  ozone.MiniOzoneClusterImpl (MiniOzoneClusterImpl.java:lambda$waitForClusterToBeReady$0(238)) - Waiting for cluster to exit safe mode
2022-01-12 07:41:34,381 [Listener at 127.0.0.1/46417] INFO  ozone.MiniOzoneClusterImpl (MiniOzoneClusterImpl.java:lambda$waitForClusterToBeReady$0(240)) - SCM became leader
2022-01-12 07:41:35,381 [Listener at 127.0.0.1/46417] INFO  ozone.MiniOzoneClusterImpl (MiniOzoneClusterImpl.java:lambda$waitForClusterToBeReady$0(235)) - Nodes are ready. Got 3 of 3 DN Heartbeats.
2022-01-12 07:41:35,382 [Listener at 127.0.0.1/46417] INFO  ozone.MiniOzoneClusterImpl (MiniOzoneClusterImpl.java:lambda$waitForClusterToBeReady$0(238)) - Waiting for cluster to exit safe mode
2022-01-12 07:41:35,382 [Listener at 127.0.0.1/46417] INFO  ozone.MiniOzoneClusterImpl (MiniOzoneClusterImpl.java:lambda$waitForClusterToBeReady$0(240)) - SCM became leader
2022-01-12 07:41:36,382 [Listener at 127.0.0.1/46417] INFO  ozone.MiniOzoneClusterImpl (MiniOzoneClusterImpl.java:lambda$waitForClusterToBeReady$0(235)) - Nodes are ready. Got 3 of 3 DN Heartbeats.
2022-01-12 07:41:36,382 [Listener at 127.0.0.1/46417] INFO  ozone.MiniOzoneClusterImpl (MiniOzoneClusterImpl.java:lambda$waitForClusterToBeReady$0(238)) - Waiting for cluster to exit safe mode
2022-01-12 07:41:36,382 [Listener at 127.0.0.1/46417] INFO  ozone.MiniOzoneClusterImpl (MiniOzoneClusterImpl.java:lambda$waitForClusterToBeReady$0(240)) - SCM became leader
2022-01-12 07:41:36,948 [09bdbdee-2d8e-4e61-9916-e6a477ae13dd@group-D68F9A05A383-FollowerState] INFO  impl.FollowerState (FollowerState.java:run(134)) - 09bdbdee-2d8e-4e61-9916-e6a477ae13dd@group-D68F9A05A383-FollowerState: change to CANDIDATE, lastRpcElapsedTime:5112111322ns, electionTimeout:5100ms
2022-01-12 07:41:36,948 [09bdbdee-2d8e-4e61-9916-e6a477ae13dd@group-D68F9A05A383-FollowerState] INFO  impl.RoleInfo (RoleInfo.java:shutdownFollowerState(108)) - 09bdbdee-2d8e-4e61-9916-e6a477ae13dd: shutdown 09bdbdee-2d8e-4e61-9916-e6a477ae13dd@group-D68F9A05A383-FollowerState
2022-01-12 07:41:36,948 [09bdbdee-2d8e-4e61-9916-e6a477ae13dd@group-D68F9A05A383-FollowerState] INFO  server.RaftServer$Division (RaftServerImpl.java:setRole(290)) - 09bdbdee-2d8e-4e61-9916-e6a477ae13dd@group-D68F9A05A383: changes role from  FOLLOWER to CANDIDATE at term 2 for changeToCandidate
2022-01-12 07:41:36,949 [09bdbdee-2d8e-4e61-9916-e6a477ae13dd@group-D68F9A05A383-FollowerState] INFO  server.RaftServerConfigKeys (ConfUtils.java:logGet(44)) - raft.server.leaderelection.pre-vote = false (custom)
2022-01-12 07:41:36,949 [09bdbdee-2d8e-4e61-9916-e6a477ae13dd@group-D68F9A05A383-FollowerState] INFO  impl.RoleInfo (RoleInfo.java:updateAndGet(130)) - 09bdbdee-2d8e-4e61-9916-e6a477ae13dd: start 09bdbdee-2d8e-4e61-9916-e6a477ae13dd@group-D68F9A05A383-LeaderElection19
2022-01-12 07:41:36,958 [09bdbdee-2d8e-4e61-9916-e6a477ae13dd@group-D68F9A05A383-LeaderElection19] INFO  impl.LeaderElection (LeaderElection.java:askForVotes(306)) - 09bdbdee-2d8e-4e61-9916-e6a477ae13dd@group-D68F9A05A383-LeaderElection19 ELECTION round 0: submit vote requests at term 3 for -1: [271317f1-f8b4-40e6-a29f-423c50314c9a|rpc:10.1.0.33:43991|priority:0, 09bdbdee-2d8e-4e61-9916-e6a477ae13dd|rpc:10.1.0.33:45301|priority:0, 26f2b290-61b3-49ad-8002-bfb92d808e93|rpc:10.1.0.33:46813|priority:1], old=null
2022-01-12 07:41:36,965 [grpc-default-executor-1] INFO  server.RaftServer$Division (RaftServerImpl.java:requestVote(1046)) - 271317f1-f8b4-40e6-a29f-423c50314c9a@group-D68F9A05A383: receive requestVote(ELECTION, 09bdbdee-2d8e-4e61-9916-e6a477ae13dd, group-D68F9A05A383, 3, (t:0, i:0))
2022-01-12 07:41:36,965 [grpc-default-executor-1] INFO  impl.VoteContext (VoteContext.java:log(48)) - 271317f1-f8b4-40e6-a29f-423c50314c9a@group-D68F9A05A383-FOLLOWER: accept ELECTION from 09bdbdee-2d8e-4e61-9916-e6a477ae13dd: our priority 0 <= candidate's priority 0
2022-01-12 07:41:36,965 [grpc-default-executor-1] INFO  server.RaftServer$Division (RaftServerImpl.java:setRole(290)) - 271317f1-f8b4-40e6-a29f-423c50314c9a@group-D68F9A05A383: changes role from  FOLLOWER to FOLLOWER at term 3 for candidate:09bdbdee-2d8e-4e61-9916-e6a477ae13dd
2022-01-12 07:41:36,965 [grpc-default-executor-1] INFO  impl.RoleInfo (RoleInfo.java:shutdownFollowerState(108)) - 271317f1-f8b4-40e6-a29f-423c50314c9a: shutdown 271317f1-f8b4-40e6-a29f-423c50314c9a@group-D68F9A05A383-FollowerState
2022-01-12 07:41:36,965 [grpc-default-executor-1] INFO  impl.RoleInfo (RoleInfo.java:updateAndGet(130)) - 271317f1-f8b4-40e6-a29f-423c50314c9a: start 271317f1-f8b4-40e6-a29f-423c50314c9a@group-D68F9A05A383-FollowerState
2022-01-12 07:41:36,966 [271317f1-f8b4-40e6-a29f-423c50314c9a@group-D68F9A05A383-FollowerState] INFO  impl.FollowerState (FollowerState.java:run(143)) - 271317f1-f8b4-40e6-a29f-423c50314c9a@group-D68F9A05A383-FollowerState was interrupted: {}
java.lang.InterruptedException: sleep interrupted
	at java.lang.Thread.sleep(Native Method)
	at java.lang.Thread.sleep(Thread.java:340)
	at java.util.concurrent.TimeUnit.sleep(TimeUnit.java:386)
	at org.apache.ratis.util.TimeDuration.sleep(TimeDuration.java:324)
	at org.apache.ratis.util.TimeDuration.sleep(TimeDuration.java:309)
	at org.apache.ratis.server.impl.FollowerState.run(FollowerState.java:118)
2022-01-12 07:41:36,978 [grpc-default-executor-1] INFO  server.RaftServer$Division (RaftServerImpl.java:requestVote(1078)) - 271317f1-f8b4-40e6-a29f-423c50314c9a@group-D68F9A05A383 replies to ELECTION vote request: 09bdbdee-2d8e-4e61-9916-e6a477ae13dd<-271317f1-f8b4-40e6-a29f-423c50314c9a#0:OK-t3. Peer's state: 271317f1-f8b4-40e6-a29f-423c50314c9a@group-D68F9A05A383:t3, leader=null, voted=09bdbdee-2d8e-4e61-9916-e6a477ae13dd, raftlog=271317f1-f8b4-40e6-a29f-423c50314c9a@group-D68F9A05A383-SegmentedRaftLog:OPENED:c-1, conf=-1: [271317f1-f8b4-40e6-a29f-423c50314c9a|rpc:10.1.0.33:43991|dataStream:|priority:0, 09bdbdee-2d8e-4e61-9916-e6a477ae13dd|rpc:10.1.0.33:45301|dataStream:|priority:0, 26f2b290-61b3-49ad-8002-bfb92d808e93|rpc:10.1.0.33:46813|dataStream:|priority:1], old=null
2022-01-12 07:41:36,984 [grpc-default-executor-1] INFO  server.RaftServer$Division (RaftServerImpl.java:requestVote(1046)) - 26f2b290-61b3-49ad-8002-bfb92d808e93@group-D68F9A05A383: receive requestVote(ELECTION, 09bdbdee-2d8e-4e61-9916-e6a477ae13dd, group-D68F9A05A383, 3, (t:0, i:0))
2022-01-12 07:41:36,984 [grpc-default-executor-1] INFO  impl.VoteContext (VoteContext.java:log(48)) - 26f2b290-61b3-49ad-8002-bfb92d808e93@group-D68F9A05A383-FOLLOWER: reject ELECTION from 09bdbdee-2d8e-4e61-9916-e6a477ae13dd: our priority 1 > candidate's priority 0
2022-01-12 07:41:36,984 [grpc-default-executor-1] INFO  server.RaftServer$Division (RaftServerImpl.java:setRole(290)) - 26f2b290-61b3-49ad-8002-bfb92d808e93@group-D68F9A05A383: changes role from  FOLLOWER to FOLLOWER at term 3 for candidate:09bdbdee-2d8e-4e61-9916-e6a477ae13dd
2022-01-12 07:41:36,984 [grpc-default-executor-1] INFO  impl.RoleInfo (RoleInfo.java:shutdownFollowerState(108)) - 26f2b290-61b3-49ad-8002-bfb92d808e93: shutdown 26f2b290-61b3-49ad-8002-bfb92d808e93@group-D68F9A05A383-FollowerState
2022-01-12 07:41:36,984 [grpc-default-executor-1] INFO  impl.RoleInfo (RoleInfo.java:updateAndGet(130)) - 26f2b290-61b3-49ad-8002-bfb92d808e93: start 26f2b290-61b3-49ad-8002-bfb92d808e93@group-D68F9A05A383-FollowerState
2022-01-12 07:41:36,985 [26f2b290-61b3-49ad-8002-bfb92d808e93@group-D68F9A05A383-FollowerState] INFO  impl.FollowerState (FollowerState.java:run(143)) - 26f2b290-61b3-49ad-8002-bfb92d808e93@group-D68F9A05A383-FollowerState was interrupted: {}
java.lang.InterruptedException: sleep interrupted
	at java.lang.Thread.sleep(Native Method)
	at java.lang.Thread.sleep(Thread.java:340)
	at java.util.concurrent.TimeUnit.sleep(TimeUnit.java:386)
	at org.apache.ratis.util.TimeDuration.sleep(TimeDuration.java:324)
	at org.apache.ratis.util.TimeDuration.sleep(TimeDuration.java:309)
	at org.apache.ratis.server.impl.FollowerState.run(FollowerState.java:118)
2022-01-12 07:41:36,988 [grpc-default-executor-1] INFO  server.RaftServer$Division (RaftServerImpl.java:requestVote(1078)) - 26f2b290-61b3-49ad-8002-bfb92d808e93@group-D68F9A05A383 replies to ELECTION vote request: 09bdbdee-2d8e-4e61-9916-e6a477ae13dd<-26f2b290-61b3-49ad-8002-bfb92d808e93#0:FAIL-t3. Peer's state: 26f2b290-61b3-49ad-8002-bfb92d808e93@group-D68F9A05A383:t3, leader=null, voted=null, raftlog=26f2b290-61b3-49ad-8002-bfb92d808e93@group-D68F9A05A383-SegmentedRaftLog:OPENED:c-1, conf=-1: [271317f1-f8b4-40e6-a29f-423c50314c9a|rpc:10.1.0.33:43991|dataStream:|priority:0, 09bdbdee-2d8e-4e61-9916-e6a477ae13dd|rpc:10.1.0.33:45301|dataStream:|priority:0, 26f2b290-61b3-49ad-8002-bfb92d808e93|rpc:10.1.0.33:46813|dataStream:|priority:1], old=null
2022-01-12 07:41:36,990 [09bdbdee-2d8e-4e61-9916-e6a477ae13dd@group-D68F9A05A383-LeaderElection19] INFO  impl.LeaderElection (LeaderElection.java:logAndReturn(89)) - 09bdbdee-2d8e-4e61-9916-e6a477ae13dd@group-D68F9A05A383-LeaderElection19: ELECTION REJECTED received 2 response(s) and 0 exception(s):
2022-01-12 07:41:36,990 [09bdbdee-2d8e-4e61-9916-e6a477ae13dd@group-D68F9A05A383-LeaderElection19] INFO  impl.LeaderElection (LeaderElection.java:logAndReturn(93)) -   Response 0: 09bdbdee-2d8e-4e61-9916-e6a477ae13dd<-271317f1-f8b4-40e6-a29f-423c50314c9a#0:OK-t3
2022-01-12 07:41:36,990 [09bdbdee-2d8e-4e61-9916-e6a477ae13dd@group-D68F9A05A383-LeaderElection19] INFO  impl.LeaderElection (LeaderElection.java:logAndReturn(93)) -   Response 1: 09bdbdee-2d8e-4e61-9916-e6a477ae13dd<-26f2b290-61b3-49ad-8002-bfb92d808e93#0:FAIL-t3
2022-01-12 07:41:36,990 [09bdbdee-2d8e-4e61-9916-e6a477ae13dd@group-D68F9A05A383-LeaderElection19] INFO  impl.LeaderElection (LeaderElection.java:askForVotes(308)) - 09bdbdee-2d8e-4e61-9916-e6a477ae13dd@group-D68F9A05A383-LeaderElection19 ELECTION round 0: result REJECTED
2022-01-12 07:41:36,991 [09bdbdee-2d8e-4e61-9916-e6a477ae13dd@group-D68F9A05A383-LeaderElection19] INFO  server.RaftServer$Division (RaftServerImpl.java:setRole(290)) - 09bdbdee-2d8e-4e61-9916-e6a477ae13dd@group-D68F9A05A383: changes role from CANDIDATE to FOLLOWER at term 3 for REJECTED
2022-01-12 07:41:36,991 [09bdbdee-2d8e-4e61-9916-e6a477ae13dd@group-D68F9A05A383-LeaderElection19] INFO  impl.RoleInfo (RoleInfo.java:shutdownLeaderElection(121)) - 09bdbdee-2d8e-4e61-9916-e6a477ae13dd: shutdown 09bdbdee-2d8e-4e61-9916-e6a477ae13dd@group-D68F9A05A383-LeaderElection19
2022-01-12 07:41:36,991 [09bdbdee-2d8e-4e61-9916-e6a477ae13dd@group-D68F9A05A383-LeaderElection19] INFO  impl.RoleInfo (RoleInfo.java:updateAndGet(130)) - 09bdbdee-2d8e-4e61-9916-e6a477ae13dd: start 09bdbdee-2d8e-4e61-9916-e6a477ae13dd@group-D68F9A05A383-FollowerState
2022-01-12 07:41:37,382 [Listener at 127.0.0.1/46417] INFO  ozone.MiniOzoneClusterImpl (MiniOzoneClusterImpl.java:lambda$waitForClusterToBeReady$0(235)) - Nodes are ready. Got 3 of 3 DN Heartbeats.
2022-01-12 07:41:37,383 [Listener at 127.0.0.1/46417] INFO  ozone.MiniOzoneClusterImpl (MiniOzoneClusterImpl.java:lambda$waitForClusterToBeReady$0(238)) - Waiting for cluster to exit safe mode
2022-01-12 07:41:37,383 [Listener at 127.0.0.1/46417] INFO  ozone.MiniOzoneClusterImpl (MiniOzoneClusterImpl.java:lambda$waitForClusterToBeReady$0(240)) - SCM became leader
2022-01-12 07:41:38,384 [Listener at 127.0.0.1/46417] INFO  ozone.MiniOzoneClusterImpl (MiniOzoneClusterImpl.java:lambda$waitForClusterToBeReady$0(235)) - Nodes are ready. Got 3 of 3 DN Heartbeats.
2022-01-12 07:41:38,384 [Listener at 127.0.0.1/46417] INFO  ozone.MiniOzoneClusterImpl (MiniOzoneClusterImpl.java:lambda$waitForClusterToBeReady$0(238)) - Waiting for cluster to exit safe mode
2022-01-12 07:41:38,384 [Listener at 127.0.0.1/46417] INFO  ozone.MiniOzoneClusterImpl (MiniOzoneClusterImpl.java:lambda$waitForClusterToBeReady$0(240)) - SCM became leader
2022-01-12 07:41:39,385 [Listener at 127.0.0.1/46417] INFO  ozone.MiniOzoneClusterImpl (MiniOzoneClusterImpl.java:lambda$waitForClusterToBeReady$0(235)) - Nodes are ready. Got 3 of 3 DN Heartbeats.
2022-01-12 07:41:39,385 [Listener at 127.0.0.1/46417] INFO  ozone.MiniOzoneClusterImpl (MiniOzoneClusterImpl.java:lambda$waitForClusterToBeReady$0(238)) - Waiting for cluster to exit safe mode
2022-01-12 07:41:39,385 [Listener at 127.0.0.1/46417] INFO  ozone.MiniOzoneClusterImpl (MiniOzoneClusterImpl.java:lambda$waitForClusterToBeReady$0(240)) - SCM became leader
2022-01-12 07:41:40,386 [Listener at 127.0.0.1/46417] INFO  ozone.MiniOzoneClusterImpl (MiniOzoneClusterImpl.java:lambda$waitForClusterToBeReady$0(235)) - Nodes are ready. Got 3 of 3 DN Heartbeats.
2022-01-12 07:41:40,386 [Listener at 127.0.0.1/46417] INFO  ozone.MiniOzoneClusterImpl (MiniOzoneClusterImpl.java:lambda$waitForClusterToBeReady$0(238)) - Waiting for cluster to exit safe mode
2022-01-12 07:41:40,386 [Listener at 127.0.0.1/46417] INFO  ozone.MiniOzoneClusterImpl (MiniOzoneClusterImpl.java:lambda$waitForClusterToBeReady$0(240)) - SCM became leader
2022-01-12 07:41:41,386 [Listener at 127.0.0.1/46417] INFO  ozone.MiniOzoneClusterImpl (MiniOzoneClusterImpl.java:lambda$waitForClusterToBeReady$0(235)) - Nodes are ready. Got 3 of 3 DN Heartbeats.
2022-01-12 07:41:41,386 [Listener at 127.0.0.1/46417] INFO  ozone.MiniOzoneClusterImpl (MiniOzoneClusterImpl.java:lambda$waitForClusterToBeReady$0(238)) - Waiting for cluster to exit safe mode
2022-01-12 07:41:41,386 [Listener at 127.0.0.1/46417] INFO  ozone.MiniOzoneClusterImpl (MiniOzoneClusterImpl.java:lambda$waitForClusterToBeReady$0(240)) - SCM became leader
2022-01-12 07:41:42,074 [09bdbdee-2d8e-4e61-9916-e6a477ae13dd@group-D68F9A05A383-FollowerState] INFO  impl.FollowerState (FollowerState.java:run(134)) - 09bdbdee-2d8e-4e61-9916-e6a477ae13dd@group-D68F9A05A383-FollowerState: change to CANDIDATE, lastRpcElapsedTime:5082841436ns, electionTimeout:5070ms
2022-01-12 07:41:42,074 [09bdbdee-2d8e-4e61-9916-e6a477ae13dd@group-D68F9A05A383-FollowerState] INFO  impl.RoleInfo (RoleInfo.java:shutdownFollowerState(108)) - 09bdbdee-2d8e-4e61-9916-e6a477ae13dd: shutdown 09bdbdee-2d8e-4e61-9916-e6a477ae13dd@group-D68F9A05A383-FollowerState
2022-01-12 07:41:42,074 [09bdbdee-2d8e-4e61-9916-e6a477ae13dd@group-D68F9A05A383-FollowerState] INFO  server.RaftServer$Division (RaftServerImpl.java:setRole(290)) - 09bdbdee-2d8e-4e61-9916-e6a477ae13dd@group-D68F9A05A383: changes role from  FOLLOWER to CANDIDATE at term 3 for changeToCandidate
2022-01-12 07:41:42,075 [09bdbdee-2d8e-4e61-9916-e6a477ae13dd@group-D68F9A05A383-FollowerState] INFO  server.RaftServerConfigKeys (ConfUtils.java:logGet(44)) - raft.server.leaderelection.pre-vote = false (custom)
2022-01-12 07:41:42,075 [09bdbdee-2d8e-4e61-9916-e6a477ae13dd@group-D68F9A05A383-FollowerState] INFO  impl.RoleInfo (RoleInfo.java:updateAndGet(130)) - 09bdbdee-2d8e-4e61-9916-e6a477ae13dd: start 09bdbdee-2d8e-4e61-9916-e6a477ae13dd@group-D68F9A05A383-LeaderElection20
2022-01-12 07:41:42,105 [09bdbdee-2d8e-4e61-9916-e6a477ae13dd@group-D68F9A05A383-LeaderElection20] INFO  impl.LeaderElection (LeaderElection.java:askForVotes(306)) - 09bdbdee-2d8e-4e61-9916-e6a477ae13dd@group-D68F9A05A383-LeaderElection20 ELECTION round 0: submit vote requests at term 4 for -1: [271317f1-f8b4-40e6-a29f-423c50314c9a|rpc:10.1.0.33:43991|priority:0, 09bdbdee-2d8e-4e61-9916-e6a477ae13dd|rpc:10.1.0.33:45301|priority:0, 26f2b290-61b3-49ad-8002-bfb92d808e93|rpc:10.1.0.33:46813|priority:1], old=null
2022-01-12 07:41:42,118 [grpc-default-executor-1] INFO  server.RaftServer$Division (RaftServerImpl.java:requestVote(1046)) - 271317f1-f8b4-40e6-a29f-423c50314c9a@group-D68F9A05A383: receive requestVote(ELECTION, 09bdbdee-2d8e-4e61-9916-e6a477ae13dd, group-D68F9A05A383, 4, (t:0, i:0))
2022-01-12 07:41:42,118 [grpc-default-executor-1] INFO  impl.VoteContext (VoteContext.java:log(48)) - 271317f1-f8b4-40e6-a29f-423c50314c9a@group-D68F9A05A383-FOLLOWER: accept ELECTION from 09bdbdee-2d8e-4e61-9916-e6a477ae13dd: our priority 0 <= candidate's priority 0
2022-01-12 07:41:42,118 [grpc-default-executor-1] INFO  server.RaftServer$Division (RaftServerImpl.java:setRole(290)) - 271317f1-f8b4-40e6-a29f-423c50314c9a@group-D68F9A05A383: changes role from  FOLLOWER to FOLLOWER at term 4 for candidate:09bdbdee-2d8e-4e61-9916-e6a477ae13dd
2022-01-12 07:41:42,118 [grpc-default-executor-1] INFO  impl.RoleInfo (RoleInfo.java:shutdownFollowerState(108)) - 271317f1-f8b4-40e6-a29f-423c50314c9a: shutdown 271317f1-f8b4-40e6-a29f-423c50314c9a@group-D68F9A05A383-FollowerState
2022-01-12 07:41:42,118 [grpc-default-executor-1] INFO  impl.RoleInfo (RoleInfo.java:updateAndGet(130)) - 271317f1-f8b4-40e6-a29f-423c50314c9a: start 271317f1-f8b4-40e6-a29f-423c50314c9a@group-D68F9A05A383-FollowerState
2022-01-12 07:41:42,119 [271317f1-f8b4-40e6-a29f-423c50314c9a@group-D68F9A05A383-FollowerState] INFO  impl.FollowerState (FollowerState.java:run(143)) - 271317f1-f8b4-40e6-a29f-423c50314c9a@group-D68F9A05A383-FollowerState was interrupted: {}
java.lang.InterruptedException: sleep interrupted
	at java.lang.Thread.sleep(Native Method)
	at java.lang.Thread.sleep(Thread.java:340)
	at java.util.concurrent.TimeUnit.sleep(TimeUnit.java:386)
	at org.apache.ratis.util.TimeDuration.sleep(TimeDuration.java:324)
	at org.apache.ratis.util.TimeDuration.sleep(TimeDuration.java:309)
	at org.apache.ratis.server.impl.FollowerState.run(FollowerState.java:118)
2022-01-12 07:41:42,122 [grpc-default-executor-1] INFO  server.RaftServer$Division (RaftServerImpl.java:requestVote(1078)) - 271317f1-f8b4-40e6-a29f-423c50314c9a@group-D68F9A05A383 replies to ELECTION vote request: 09bdbdee-2d8e-4e61-9916-e6a477ae13dd<-271317f1-f8b4-40e6-a29f-423c50314c9a#0:OK-t4. Peer's state: 271317f1-f8b4-40e6-a29f-423c50314c9a@group-D68F9A05A383:t4, leader=null, voted=09bdbdee-2d8e-4e61-9916-e6a477ae13dd, raftlog=271317f1-f8b4-40e6-a29f-423c50314c9a@group-D68F9A05A383-SegmentedRaftLog:OPENED:c-1, conf=-1: [271317f1-f8b4-40e6-a29f-423c50314c9a|rpc:10.1.0.33:43991|dataStream:|priority:0, 09bdbdee-2d8e-4e61-9916-e6a477ae13dd|rpc:10.1.0.33:45301|dataStream:|priority:0, 26f2b290-61b3-49ad-8002-bfb92d808e93|rpc:10.1.0.33:46813|dataStream:|priority:1], old=null
2022-01-12 07:41:42,127 [26f2b290-61b3-49ad-8002-bfb92d808e93@group-D68F9A05A383-FollowerState] INFO  impl.FollowerState (FollowerState.java:run(134)) - 26f2b290-61b3-49ad-8002-bfb92d808e93@group-D68F9A05A383-FollowerState: change to CANDIDATE, lastRpcElapsedTime:5142437890ns, electionTimeout:5141ms
2022-01-12 07:41:42,127 [26f2b290-61b3-49ad-8002-bfb92d808e93@group-D68F9A05A383-FollowerState] INFO  impl.RoleInfo (RoleInfo.java:shutdownFollowerState(108)) - 26f2b290-61b3-49ad-8002-bfb92d808e93: shutdown 26f2b290-61b3-49ad-8002-bfb92d808e93@group-D68F9A05A383-FollowerState
2022-01-12 07:41:42,127 [26f2b290-61b3-49ad-8002-bfb92d808e93@group-D68F9A05A383-FollowerState] INFO  server.RaftServer$Division (RaftServerImpl.java:setRole(290)) - 26f2b290-61b3-49ad-8002-bfb92d808e93@group-D68F9A05A383: changes role from  FOLLOWER to CANDIDATE at term 3 for changeToCandidate
2022-01-12 07:41:42,127 [26f2b290-61b3-49ad-8002-bfb92d808e93@group-D68F9A05A383-FollowerState] INFO  server.RaftServerConfigKeys (ConfUtils.java:logGet(44)) - raft.server.leaderelection.pre-vote = false (custom)
2022-01-12 07:41:42,127 [26f2b290-61b3-49ad-8002-bfb92d808e93@group-D68F9A05A383-FollowerState] INFO  impl.RoleInfo (RoleInfo.java:updateAndGet(130)) - 26f2b290-61b3-49ad-8002-bfb92d808e93: start 26f2b290-61b3-49ad-8002-bfb92d808e93@group-D68F9A05A383-LeaderElection21
2022-01-12 07:41:42,129 [26f2b290-61b3-49ad-8002-bfb92d808e93@group-D68F9A05A383-LeaderElection21] INFO  impl.LeaderElection (LeaderElection.java:askForVotes(306)) - 26f2b290-61b3-49ad-8002-bfb92d808e93@group-D68F9A05A383-LeaderElection21 ELECTION round 0: submit vote requests at term 4 for -1: [271317f1-f8b4-40e6-a29f-423c50314c9a|rpc:10.1.0.33:43991|dataStream:|priority:0, 09bdbdee-2d8e-4e61-9916-e6a477ae13dd|rpc:10.1.0.33:45301|dataStream:|priority:0, 26f2b290-61b3-49ad-8002-bfb92d808e93|rpc:10.1.0.33:46813|dataStream:|priority:1], old=null
2022-01-12 07:41:42,139 [grpc-default-executor-1] INFO  server.RaftServer$Division (RaftServerImpl.java:requestVote(1046)) - 26f2b290-61b3-49ad-8002-bfb92d808e93@group-D68F9A05A383: receive requestVote(ELECTION, 09bdbdee-2d8e-4e61-9916-e6a477ae13dd, group-D68F9A05A383, 4, (t:0, i:0))
2022-01-12 07:41:42,139 [grpc-default-executor-1] INFO  impl.VoteContext (VoteContext.java:log(48)) - 26f2b290-61b3-49ad-8002-bfb92d808e93@group-D68F9A05A383-CANDIDATE: reject ELECTION from 09bdbdee-2d8e-4e61-9916-e6a477ae13dd: already has voted for 26f2b290-61b3-49ad-8002-bfb92d808e93 at current term 4
2022-01-12 07:41:42,139 [grpc-default-executor-1] INFO  server.RaftServer$Division (RaftServerImpl.java:requestVote(1078)) - 26f2b290-61b3-49ad-8002-bfb92d808e93@group-D68F9A05A383 replies to ELECTION vote request: 09bdbdee-2d8e-4e61-9916-e6a477ae13dd<-26f2b290-61b3-49ad-8002-bfb92d808e93#0:FAIL-t4. Peer's state: 26f2b290-61b3-49ad-8002-bfb92d808e93@group-D68F9A05A383:t4, leader=null, voted=26f2b290-61b3-49ad-8002-bfb92d808e93, raftlog=26f2b290-61b3-49ad-8002-bfb92d808e93@group-D68F9A05A383-SegmentedRaftLog:OPENED:c-1, conf=-1: [271317f1-f8b4-40e6-a29f-423c50314c9a|rpc:10.1.0.33:43991|dataStream:|priority:0, 09bdbdee-2d8e-4e61-9916-e6a477ae13dd|rpc:10.1.0.33:45301|dataStream:|priority:0, 26f2b290-61b3-49ad-8002-bfb92d808e93|rpc:10.1.0.33:46813|dataStream:|priority:1], old=null
2022-01-12 07:41:42,149 [09bdbdee-2d8e-4e61-9916-e6a477ae13dd@group-D68F9A05A383-LeaderElection20] INFO  impl.LeaderElection (LeaderElection.java:logAndReturn(89)) - 09bdbdee-2d8e-4e61-9916-e6a477ae13dd@group-D68F9A05A383-LeaderElection20: ELECTION REJECTED received 2 response(s) and 0 exception(s):
2022-01-12 07:41:42,166 [09bdbdee-2d8e-4e61-9916-e6a477ae13dd@group-D68F9A05A383-LeaderElection20] INFO  impl.LeaderElection (LeaderElection.java:logAndReturn(93)) -   Response 0: 09bdbdee-2d8e-4e61-9916-e6a477ae13dd<-271317f1-f8b4-40e6-a29f-423c50314c9a#0:OK-t4
2022-01-12 07:41:42,166 [09bdbdee-2d8e-4e61-9916-e6a477ae13dd@group-D68F9A05A383-LeaderElection20] INFO  impl.LeaderElection (LeaderElection.java:logAndReturn(93)) -   Response 1: 09bdbdee-2d8e-4e61-9916-e6a477ae13dd<-26f2b290-61b3-49ad-8002-bfb92d808e93#0:FAIL-t4
2022-01-12 07:41:42,166 [09bdbdee-2d8e-4e61-9916-e6a477ae13dd@group-D68F9A05A383-LeaderElection20] INFO  impl.LeaderElection (LeaderElection.java:askForVotes(308)) - 09bdbdee-2d8e-4e61-9916-e6a477ae13dd@group-D68F9A05A383-LeaderElection20 ELECTION round 0: result REJECTED
2022-01-12 07:41:42,166 [grpc-default-executor-1] INFO  server.RaftServer$Division (RaftServerImpl.java:requestVote(1046)) - 271317f1-f8b4-40e6-a29f-423c50314c9a@group-D68F9A05A383: receive requestVote(ELECTION, 26f2b290-61b3-49ad-8002-bfb92d808e93, group-D68F9A05A383, 4, (t:0, i:0))
2022-01-12 07:41:42,170 [grpc-default-executor-1] INFO  impl.VoteContext (VoteContext.java:log(48)) - 271317f1-f8b4-40e6-a29f-423c50314c9a@group-D68F9A05A383-FOLLOWER: reject ELECTION from 26f2b290-61b3-49ad-8002-bfb92d808e93: already has voted for 09bdbdee-2d8e-4e61-9916-e6a477ae13dd at current term 4
2022-01-12 07:41:42,170 [grpc-default-executor-1] INFO  server.RaftServer$Division (RaftServerImpl.java:requestVote(1078)) - 271317f1-f8b4-40e6-a29f-423c50314c9a@group-D68F9A05A383 replies to ELECTION vote request: 26f2b290-61b3-49ad-8002-bfb92d808e93<-271317f1-f8b4-40e6-a29f-423c50314c9a#0:FAIL-t4. Peer's state: 271317f1-f8b4-40e6-a29f-423c50314c9a@group-D68F9A05A383:t4, leader=null, voted=09bdbdee-2d8e-4e61-9916-e6a477ae13dd, raftlog=271317f1-f8b4-40e6-a29f-423c50314c9a@group-D68F9A05A383-SegmentedRaftLog:OPENED:c-1, conf=-1: [271317f1-f8b4-40e6-a29f-423c50314c9a|rpc:10.1.0.33:43991|dataStream:|priority:0, 09bdbdee-2d8e-4e61-9916-e6a477ae13dd|rpc:10.1.0.33:45301|dataStream:|priority:0, 26f2b290-61b3-49ad-8002-bfb92d808e93|rpc:10.1.0.33:46813|dataStream:|priority:1], old=null
2022-01-12 07:41:42,166 [09bdbdee-2d8e-4e61-9916-e6a477ae13dd@group-D68F9A05A383-LeaderElection20] INFO  server.RaftServer$Division (RaftServerImpl.java:setRole(290)) - 09bdbdee-2d8e-4e61-9916-e6a477ae13dd@group-D68F9A05A383: changes role from CANDIDATE to FOLLOWER at term 4 for REJECTED
2022-01-12 07:41:42,170 [09bdbdee-2d8e-4e61-9916-e6a477ae13dd@group-D68F9A05A383-LeaderElection20] INFO  impl.RoleInfo (RoleInfo.java:shutdownLeaderElection(121)) - 09bdbdee-2d8e-4e61-9916-e6a477ae13dd: shutdown 09bdbdee-2d8e-4e61-9916-e6a477ae13dd@group-D68F9A05A383-LeaderElection20
2022-01-12 07:41:42,170 [09bdbdee-2d8e-4e61-9916-e6a477ae13dd@group-D68F9A05A383-LeaderElection20] INFO  impl.RoleInfo (RoleInfo.java:updateAndGet(130)) - 09bdbdee-2d8e-4e61-9916-e6a477ae13dd: start 09bdbdee-2d8e-4e61-9916-e6a477ae13dd@group-D68F9A05A383-FollowerState
2022-01-12 07:41:42,183 [grpc-default-executor-1] INFO  server.RaftServer$Division (RaftServerImpl.java:requestVote(1046)) - 09bdbdee-2d8e-4e61-9916-e6a477ae13dd@group-D68F9A05A383: receive requestVote(ELECTION, 26f2b290-61b3-49ad-8002-bfb92d808e93, group-D68F9A05A383, 4, (t:0, i:0))
2022-01-12 07:41:42,183 [grpc-default-executor-1] INFO  impl.VoteContext (VoteContext.java:log(48)) - 09bdbdee-2d8e-4e61-9916-e6a477ae13dd@group-D68F9A05A383-FOLLOWER: reject ELECTION from 26f2b290-61b3-49ad-8002-bfb92d808e93: already has voted for 09bdbdee-2d8e-4e61-9916-e6a477ae13dd at current term 4
2022-01-12 07:41:42,183 [grpc-default-executor-1] INFO  server.RaftServer$Division (RaftServerImpl.java:requestVote(1078)) - 09bdbdee-2d8e-4e61-9916-e6a477ae13dd@group-D68F9A05A383 replies to ELECTION vote request: 26f2b290-61b3-49ad-8002-bfb92d808e93<-09bdbdee-2d8e-4e61-9916-e6a477ae13dd#0:FAIL-t4. Peer's state: 09bdbdee-2d8e-4e61-9916-e6a477ae13dd@group-D68F9A05A383:t4, leader=null, voted=09bdbdee-2d8e-4e61-9916-e6a477ae13dd, raftlog=09bdbdee-2d8e-4e61-9916-e6a477ae13dd@group-D68F9A05A383-SegmentedRaftLog:OPENED:c-1, conf=-1: [271317f1-f8b4-40e6-a29f-423c50314c9a|rpc:10.1.0.33:43991|priority:0, 09bdbdee-2d8e-4e61-9916-e6a477ae13dd|rpc:10.1.0.33:45301|priority:0, 26f2b290-61b3-49ad-8002-bfb92d808e93|rpc:10.1.0.33:46813|priority:1], old=null
2022-01-12 07:41:42,184 [26f2b290-61b3-49ad-8002-bfb92d808e93@group-D68F9A05A383-LeaderElection21] INFO  impl.LeaderElection (LeaderElection.java:logAndReturn(89)) - 26f2b290-61b3-49ad-8002-bfb92d808e93@group-D68F9A05A383-LeaderElection21: ELECTION REJECTED received 2 response(s) and 0 exception(s):
2022-01-12 07:41:42,184 [26f2b290-61b3-49ad-8002-bfb92d808e93@group-D68F9A05A383-LeaderElection21] INFO  impl.LeaderElection (LeaderElection.java:logAndReturn(93)) -   Response 0: 26f2b290-61b3-49ad-8002-bfb92d808e93<-271317f1-f8b4-40e6-a29f-423c50314c9a#0:FAIL-t4
2022-01-12 07:41:42,184 [26f2b290-61b3-49ad-8002-bfb92d808e93@group-D68F9A05A383-LeaderElection21] INFO  impl.LeaderElection (LeaderElection.java:logAndReturn(93)) -   Response 1: 26f2b290-61b3-49ad-8002-bfb92d808e93<-09bdbdee-2d8e-4e61-9916-e6a477ae13dd#0:FAIL-t4
2022-01-12 07:41:42,184 [26f2b290-61b3-49ad-8002-bfb92d808e93@group-D68F9A05A383-LeaderElection21] INFO  impl.LeaderElection (LeaderElection.java:askForVotes(308)) - 26f2b290-61b3-49ad-8002-bfb92d808e93@group-D68F9A05A383-LeaderElection21 ELECTION round 0: result REJECTED
2022-01-12 07:41:42,185 [26f2b290-61b3-49ad-8002-bfb92d808e93@group-D68F9A05A383-LeaderElection21] INFO  server.RaftServer$Division (RaftServerImpl.java:setRole(290)) - 26f2b290-61b3-49ad-8002-bfb92d808e93@group-D68F9A05A383: changes role from CANDIDATE to FOLLOWER at term 4 for REJECTED
2022-01-12 07:41:42,185 [26f2b290-61b3-49ad-8002-bfb92d808e93@group-D68F9A05A383-LeaderElection21] INFO  impl.RoleInfo (RoleInfo.java:shutdownLeaderElection(121)) - 26f2b290-61b3-49ad-8002-bfb92d808e93: shutdown 26f2b290-61b3-49ad-8002-bfb92d808e93@group-D68F9A05A383-LeaderElection21
2022-01-12 07:41:42,185 [26f2b290-61b3-49ad-8002-bfb92d808e93@group-D68F9A05A383-LeaderElection21] INFO  impl.RoleInfo (RoleInfo.java:updateAndGet(130)) - 26f2b290-61b3-49ad-8002-bfb92d808e93: start 26f2b290-61b3-49ad-8002-bfb92d808e93@group-D68F9A05A383-FollowerState
2022-01-12 07:41:42,387 [Listener at 127.0.0.1/46417] INFO  ozone.MiniOzoneClusterImpl (MiniOzoneClusterImpl.java:lambda$waitForClusterToBeReady$0(235)) - Nodes are ready. Got 3 of 3 DN Heartbeats.
2022-01-12 07:41:42,387 [Listener at 127.0.0.1/46417] INFO  ozone.MiniOzoneClusterImpl (MiniOzoneClusterImpl.java:lambda$waitForClusterToBeReady$0(238)) - Waiting for cluster to exit safe mode
2022-01-12 07:41:42,387 [Listener at 127.0.0.1/46417] INFO  ozone.MiniOzoneClusterImpl (MiniOzoneClusterImpl.java:lambda$waitForClusterToBeReady$0(240)) - SCM became leader
2022-01-12 07:41:43,387 [Listener at 127.0.0.1/46417] INFO  ozone.MiniOzoneClusterImpl (MiniOzoneClusterImpl.java:lambda$waitForClusterToBeReady$0(235)) - Nodes are ready. Got 3 of 3 DN Heartbeats.
2022-01-12 07:41:43,387 [Listener at 127.0.0.1/46417] INFO  ozone.MiniOzoneClusterImpl (MiniOzoneClusterImpl.java:lambda$waitForClusterToBeReady$0(238)) - Waiting for cluster to exit safe mode
2022-01-12 07:41:43,387 [Listener at 127.0.0.1/46417] INFO  ozone.MiniOzoneClusterImpl (MiniOzoneClusterImpl.java:lambda$waitForClusterToBeReady$0(240)) - SCM became leader
2022-01-12 07:41:44,388 [Listener at 127.0.0.1/46417] INFO  ozone.MiniOzoneClusterImpl (MiniOzoneClusterImpl.java:lambda$waitForClusterToBeReady$0(235)) - Nodes are ready. Got 3 of 3 DN Heartbeats.
2022-01-12 07:41:44,388 [Listener at 127.0.0.1/46417] INFO  ozone.MiniOzoneClusterImpl (MiniOzoneClusterImpl.java:lambda$waitForClusterToBeReady$0(238)) - Waiting for cluster to exit safe mode
2022-01-12 07:41:44,388 [Listener at 127.0.0.1/46417] INFO  ozone.MiniOzoneClusterImpl (MiniOzoneClusterImpl.java:lambda$waitForClusterToBeReady$0(240)) - SCM became leader
2022-01-12 07:41:45,388 [Listener at 127.0.0.1/46417] INFO  ozone.MiniOzoneClusterImpl (MiniOzoneClusterImpl.java:lambda$waitForClusterToBeReady$0(235)) - Nodes are ready. Got 3 of 3 DN Heartbeats.
2022-01-12 07:41:45,389 [Listener at 127.0.0.1/46417] INFO  ozone.MiniOzoneClusterImpl (MiniOzoneClusterImpl.java:lambda$waitForClusterToBeReady$0(238)) - Waiting for cluster to exit safe mode
2022-01-12 07:41:45,390 [Listener at 127.0.0.1/46417] INFO  ozone.MiniOzoneClusterImpl (MiniOzoneClusterImpl.java:lambda$waitForClusterToBeReady$0(240)) - SCM became leader
2022-01-12 07:41:46,390 [Listener at 127.0.0.1/46417] INFO  ozone.MiniOzoneClusterImpl (MiniOzoneClusterImpl.java:lambda$waitForClusterToBeReady$0(235)) - Nodes are ready. Got 3 of 3 DN Heartbeats.
2022-01-12 07:41:46,390 [Listener at 127.0.0.1/46417] INFO  ozone.MiniOzoneClusterImpl (MiniOzoneClusterImpl.java:lambda$waitForClusterToBeReady$0(238)) - Waiting for cluster to exit safe mode
2022-01-12 07:41:46,390 [Listener at 127.0.0.1/46417] INFO  ozone.MiniOzoneClusterImpl (MiniOzoneClusterImpl.java:lambda$waitForClusterToBeReady$0(240)) - SCM became leader
2022-01-12 07:41:47,181 [271317f1-f8b4-40e6-a29f-423c50314c9a@group-D68F9A05A383-FollowerState] INFO  impl.FollowerState (FollowerState.java:run(134)) - 271317f1-f8b4-40e6-a29f-423c50314c9a@group-D68F9A05A383-FollowerState: change to CANDIDATE, lastRpcElapsedTime:5059271063ns, electionTimeout:5054ms
2022-01-12 07:41:47,181 [271317f1-f8b4-40e6-a29f-423c50314c9a@group-D68F9A05A383-FollowerState] INFO  impl.RoleInfo (RoleInfo.java:shutdownFollowerState(108)) - 271317f1-f8b4-40e6-a29f-423c50314c9a: shutdown 271317f1-f8b4-40e6-a29f-423c50314c9a@group-D68F9A05A383-FollowerState
2022-01-12 07:41:47,182 [271317f1-f8b4-40e6-a29f-423c50314c9a@group-D68F9A05A383-FollowerState] INFO  server.RaftServer$Division (RaftServerImpl.java:setRole(290)) - 271317f1-f8b4-40e6-a29f-423c50314c9a@group-D68F9A05A383: changes role from  FOLLOWER to CANDIDATE at term 4 for changeToCandidate
2022-01-12 07:41:47,182 [271317f1-f8b4-40e6-a29f-423c50314c9a@group-D68F9A05A383-FollowerState] INFO  server.RaftServerConfigKeys (ConfUtils.java:logGet(44)) - raft.server.leaderelection.pre-vote = false (custom)
2022-01-12 07:41:47,182 [271317f1-f8b4-40e6-a29f-423c50314c9a@group-D68F9A05A383-FollowerState] INFO  impl.RoleInfo (RoleInfo.java:updateAndGet(130)) - 271317f1-f8b4-40e6-a29f-423c50314c9a: start 271317f1-f8b4-40e6-a29f-423c50314c9a@group-D68F9A05A383-LeaderElection22
2022-01-12 07:41:47,195 [271317f1-f8b4-40e6-a29f-423c50314c9a@group-D68F9A05A383-LeaderElection22] INFO  impl.LeaderElection (LeaderElection.java:askForVotes(306)) - 271317f1-f8b4-40e6-a29f-423c50314c9a@group-D68F9A05A383-LeaderElection22 ELECTION round 0: submit vote requests at term 5 for -1: [271317f1-f8b4-40e6-a29f-423c50314c9a|rpc:10.1.0.33:43991|dataStream:|priority:0, 09bdbdee-2d8e-4e61-9916-e6a477ae13dd|rpc:10.1.0.33:45301|dataStream:|priority:0, 26f2b290-61b3-49ad-8002-bfb92d808e93|rpc:10.1.0.33:46813|dataStream:|priority:1], old=null
2022-01-12 07:41:47,214 [grpc-default-executor-1] INFO  server.RaftServer$Division (RaftServerImpl.java:requestVote(1046)) - 09bdbdee-2d8e-4e61-9916-e6a477ae13dd@group-D68F9A05A383: receive requestVote(ELECTION, 271317f1-f8b4-40e6-a29f-423c50314c9a, group-D68F9A05A383, 5, (t:0, i:0))
2022-01-12 07:41:47,214 [grpc-default-executor-1] INFO  impl.VoteContext (VoteContext.java:log(48)) - 09bdbdee-2d8e-4e61-9916-e6a477ae13dd@group-D68F9A05A383-FOLLOWER: accept ELECTION from 271317f1-f8b4-40e6-a29f-423c50314c9a: our priority 0 <= candidate's priority 0
2022-01-12 07:41:47,214 [grpc-default-executor-1] INFO  server.RaftServer$Division (RaftServerImpl.java:setRole(290)) - 09bdbdee-2d8e-4e61-9916-e6a477ae13dd@group-D68F9A05A383: changes role from  FOLLOWER to FOLLOWER at term 5 for candidate:271317f1-f8b4-40e6-a29f-423c50314c9a
2022-01-12 07:41:47,214 [grpc-default-executor-1] INFO  impl.RoleInfo (RoleInfo.java:shutdownFollowerState(108)) - 09bdbdee-2d8e-4e61-9916-e6a477ae13dd: shutdown 09bdbdee-2d8e-4e61-9916-e6a477ae13dd@group-D68F9A05A383-FollowerState
2022-01-12 07:41:47,214 [grpc-default-executor-1] INFO  impl.RoleInfo (RoleInfo.java:updateAndGet(130)) - 09bdbdee-2d8e-4e61-9916-e6a477ae13dd: start 09bdbdee-2d8e-4e61-9916-e6a477ae13dd@group-D68F9A05A383-FollowerState
2022-01-12 07:41:47,215 [09bdbdee-2d8e-4e61-9916-e6a477ae13dd@group-D68F9A05A383-FollowerState] INFO  impl.FollowerState (FollowerState.java:run(143)) - 09bdbdee-2d8e-4e61-9916-e6a477ae13dd@group-D68F9A05A383-FollowerState was interrupted: {}
java.lang.InterruptedException: sleep interrupted
	at java.lang.Thread.sleep(Native Method)
	at java.lang.Thread.sleep(Thread.java:340)
	at java.util.concurrent.TimeUnit.sleep(TimeUnit.java:386)
	at org.apache.ratis.util.TimeDuration.sleep(TimeDuration.java:324)
	at org.apache.ratis.util.TimeDuration.sleep(TimeDuration.java:309)
	at org.apache.ratis.server.impl.FollowerState.run(FollowerState.java:118)
2022-01-12 07:41:47,216 [grpc-default-executor-1] INFO  server.RaftServer$Division (RaftServerImpl.java:requestVote(1078)) - 09bdbdee-2d8e-4e61-9916-e6a477ae13dd@group-D68F9A05A383 replies to ELECTION vote request: 271317f1-f8b4-40e6-a29f-423c50314c9a<-09bdbdee-2d8e-4e61-9916-e6a477ae13dd#0:OK-t5. Peer's state: 09bdbdee-2d8e-4e61-9916-e6a477ae13dd@group-D68F9A05A383:t5, leader=null, voted=271317f1-f8b4-40e6-a29f-423c50314c9a, raftlog=09bdbdee-2d8e-4e61-9916-e6a477ae13dd@group-D68F9A05A383-SegmentedRaftLog:OPENED:c-1, conf=-1: [271317f1-f8b4-40e6-a29f-423c50314c9a|rpc:10.1.0.33:43991|priority:0, 09bdbdee-2d8e-4e61-9916-e6a477ae13dd|rpc:10.1.0.33:45301|priority:0, 26f2b290-61b3-49ad-8002-bfb92d808e93|rpc:10.1.0.33:46813|priority:1], old=null
2022-01-12 07:41:47,234 [grpc-default-executor-1] INFO  server.RaftServer$Division (RaftServerImpl.java:requestVote(1046)) - 26f2b290-61b3-49ad-8002-bfb92d808e93@group-D68F9A05A383: receive requestVote(ELECTION, 271317f1-f8b4-40e6-a29f-423c50314c9a, group-D68F9A05A383, 5, (t:0, i:0))
2022-01-12 07:41:47,234 [grpc-default-executor-1] INFO  impl.VoteContext (VoteContext.java:log(48)) - 26f2b290-61b3-49ad-8002-bfb92d808e93@group-D68F9A05A383-FOLLOWER: reject ELECTION from 271317f1-f8b4-40e6-a29f-423c50314c9a: our priority 1 > candidate's priority 0
2022-01-12 07:41:47,234 [grpc-default-executor-1] INFO  server.RaftServer$Division (RaftServerImpl.java:setRole(290)) - 26f2b290-61b3-49ad-8002-bfb92d808e93@group-D68F9A05A383: changes role from  FOLLOWER to FOLLOWER at term 5 for candidate:271317f1-f8b4-40e6-a29f-423c50314c9a
2022-01-12 07:41:47,234 [grpc-default-executor-1] INFO  impl.RoleInfo (RoleInfo.java:shutdownFollowerState(108)) - 26f2b290-61b3-49ad-8002-bfb92d808e93: shutdown 26f2b290-61b3-49ad-8002-bfb92d808e93@group-D68F9A05A383-FollowerState
2022-01-12 07:41:47,234 [grpc-default-executor-1] INFO  impl.RoleInfo (RoleInfo.java:updateAndGet(130)) - 26f2b290-61b3-49ad-8002-bfb92d808e93: start 26f2b290-61b3-49ad-8002-bfb92d808e93@group-D68F9A05A383-FollowerState
2022-01-12 07:41:47,234 [26f2b290-61b3-49ad-8002-bfb92d808e93@group-D68F9A05A383-FollowerState] INFO  impl.FollowerState (FollowerState.java:run(143)) - 26f2b290-61b3-49ad-8002-bfb92d808e93@group-D68F9A05A383-FollowerState was interrupted: {}
java.lang.InterruptedException: sleep interrupted
	at java.lang.Thread.sleep(Native Method)
	at java.lang.Thread.sleep(Thread.java:340)
	at java.util.concurrent.TimeUnit.sleep(TimeUnit.java:386)
	at org.apache.ratis.util.TimeDuration.sleep(TimeDuration.java:324)
	at org.apache.ratis.util.TimeDuration.sleep(TimeDuration.java:309)
	at org.apache.ratis.server.impl.FollowerState.run(FollowerState.java:118)
2022-01-12 07:41:47,243 [grpc-default-executor-1] INFO  server.RaftServer$Division (RaftServerImpl.java:requestVote(1078)) - 26f2b290-61b3-49ad-8002-bfb92d808e93@group-D68F9A05A383 replies to ELECTION vote request: 271317f1-f8b4-40e6-a29f-423c50314c9a<-26f2b290-61b3-49ad-8002-bfb92d808e93#0:FAIL-t5. Peer's state: 26f2b290-61b3-49ad-8002-bfb92d808e93@group-D68F9A05A383:t5, leader=null, voted=null, raftlog=26f2b290-61b3-49ad-8002-bfb92d808e93@group-D68F9A05A383-SegmentedRaftLog:OPENED:c-1, conf=-1: [271317f1-f8b4-40e6-a29f-423c50314c9a|rpc:10.1.0.33:43991|dataStream:|priority:0, 09bdbdee-2d8e-4e61-9916-e6a477ae13dd|rpc:10.1.0.33:45301|dataStream:|priority:0, 26f2b290-61b3-49ad-8002-bfb92d808e93|rpc:10.1.0.33:46813|dataStream:|priority:1], old=null
2022-01-12 07:41:47,247 [271317f1-f8b4-40e6-a29f-423c50314c9a@group-D68F9A05A383-LeaderElection22] INFO  impl.LeaderElection (LeaderElection.java:logAndReturn(89)) - 271317f1-f8b4-40e6-a29f-423c50314c9a@group-D68F9A05A383-LeaderElection22: ELECTION REJECTED received 2 response(s) and 0 exception(s):
2022-01-12 07:41:47,247 [271317f1-f8b4-40e6-a29f-423c50314c9a@group-D68F9A05A383-LeaderElection22] INFO  impl.LeaderElection (LeaderElection.java:logAndReturn(93)) -   Response 0: 271317f1-f8b4-40e6-a29f-423c50314c9a<-09bdbdee-2d8e-4e61-9916-e6a477ae13dd#0:OK-t5
2022-01-12 07:41:47,248 [271317f1-f8b4-40e6-a29f-423c50314c9a@group-D68F9A05A383-LeaderElection22] INFO  impl.LeaderElection (LeaderElection.java:logAndReturn(93)) -   Response 1: 271317f1-f8b4-40e6-a29f-423c50314c9a<-26f2b290-61b3-49ad-8002-bfb92d808e93#0:FAIL-t5
2022-01-12 07:41:47,248 [271317f1-f8b4-40e6-a29f-423c50314c9a@group-D68F9A05A383-LeaderElection22] INFO  impl.LeaderElection (LeaderElection.java:askForVotes(308)) - 271317f1-f8b4-40e6-a29f-423c50314c9a@group-D68F9A05A383-LeaderElection22 ELECTION round 0: result REJECTED
2022-01-12 07:41:47,250 [271317f1-f8b4-40e6-a29f-423c50314c9a@group-D68F9A05A383-LeaderElection22] INFO  server.RaftServer$Division (RaftServerImpl.java:setRole(290)) - 271317f1-f8b4-40e6-a29f-423c50314c9a@group-D68F9A05A383: changes role from CANDIDATE to FOLLOWER at term 5 for REJECTED
2022-01-12 07:41:47,250 [271317f1-f8b4-40e6-a29f-423c50314c9a@group-D68F9A05A383-LeaderElection22] INFO  impl.RoleInfo (RoleInfo.java:shutdownLeaderElection(121)) - 271317f1-f8b4-40e6-a29f-423c50314c9a: shutdown 271317f1-f8b4-40e6-a29f-423c50314c9a@group-D68F9A05A383-LeaderElection22
2022-01-12 07:41:47,250 [271317f1-f8b4-40e6-a29f-423c50314c9a@group-D68F9A05A383-LeaderElection22] INFO  impl.RoleInfo (RoleInfo.java:updateAndGet(130)) - 271317f1-f8b4-40e6-a29f-423c50314c9a: start 271317f1-f8b4-40e6-a29f-423c50314c9a@group-D68F9A05A383-FollowerState
2022-01-12 07:41:47,390 [Listener at 127.0.0.1/46417] INFO  ozone.MiniOzoneClusterImpl (MiniOzoneClusterImpl.java:lambda$waitForClusterToBeReady$0(235)) - Nodes are ready. Got 3 of 3 DN Heartbeats.
2022-01-12 07:41:47,390 [Listener at 127.0.0.1/46417] INFO  ozone.MiniOzoneClusterImpl (MiniOzoneClusterImpl.java:lambda$waitForClusterToBeReady$0(238)) - Waiting for cluster to exit safe mode
2022-01-12 07:41:47,390 [Listener at 127.0.0.1/46417] INFO  ozone.MiniOzoneClusterImpl (MiniOzoneClusterImpl.java:lambda$waitForClusterToBeReady$0(240)) - SCM became leader
2022-01-12 07:41:48,391 [Listener at 127.0.0.1/46417] INFO  ozone.MiniOzoneClusterImpl (MiniOzoneClusterImpl.java:lambda$waitForClusterToBeReady$0(235)) - Nodes are ready. Got 3 of 3 DN Heartbeats.
2022-01-12 07:41:48,391 [Listener at 127.0.0.1/46417] INFO  ozone.MiniOzoneClusterImpl (MiniOzoneClusterImpl.java:lambda$waitForClusterToBeReady$0(238)) - Waiting for cluster to exit safe mode
2022-01-12 07:41:48,391 [Listener at 127.0.0.1/46417] INFO  ozone.MiniOzoneClusterImpl (MiniOzoneClusterImpl.java:lambda$waitForClusterToBeReady$0(240)) - SCM became leader
2022-01-12 07:41:49,391 [Listener at 127.0.0.1/46417] INFO  ozone.MiniOzoneClusterImpl (MiniOzoneClusterImpl.java:lambda$waitForClusterToBeReady$0(235)) - Nodes are ready. Got 3 of 3 DN Heartbeats.
2022-01-12 07:41:49,391 [Listener at 127.0.0.1/46417] INFO  ozone.MiniOzoneClusterImpl (MiniOzoneClusterImpl.java:lambda$waitForClusterToBeReady$0(238)) - Waiting for cluster to exit safe mode
2022-01-12 07:41:49,391 [Listener at 127.0.0.1/46417] INFO  ozone.MiniOzoneClusterImpl (MiniOzoneClusterImpl.java:lambda$waitForClusterToBeReady$0(240)) - SCM became leader
2022-01-12 07:41:50,392 [Listener at 127.0.0.1/46417] INFO  ozone.MiniOzoneClusterImpl (MiniOzoneClusterImpl.java:lambda$waitForClusterToBeReady$0(235)) - Nodes are ready. Got 3 of 3 DN Heartbeats.
2022-01-12 07:41:50,392 [Listener at 127.0.0.1/46417] INFO  ozone.MiniOzoneClusterImpl (MiniOzoneClusterImpl.java:lambda$waitForClusterToBeReady$0(238)) - Waiting for cluster to exit safe mode
2022-01-12 07:41:50,392 [Listener at 127.0.0.1/46417] INFO  ozone.MiniOzoneClusterImpl (MiniOzoneClusterImpl.java:lambda$waitForClusterToBeReady$0(240)) - SCM became leader
2022-01-12 07:41:51,392 [Listener at 127.0.0.1/46417] INFO  ozone.MiniOzoneClusterImpl (MiniOzoneClusterImpl.java:lambda$waitForClusterToBeReady$0(235)) - Nodes are ready. Got 3 of 3 DN Heartbeats.
2022-01-12 07:41:51,392 [Listener at 127.0.0.1/46417] INFO  ozone.MiniOzoneClusterImpl (MiniOzoneClusterImpl.java:lambda$waitForClusterToBeReady$0(238)) - Waiting for cluster to exit safe mode
2022-01-12 07:41:51,392 [Listener at 127.0.0.1/46417] INFO  ozone.MiniOzoneClusterImpl (MiniOzoneClusterImpl.java:lambda$waitForClusterToBeReady$0(240)) - SCM became leader
2022-01-12 07:41:52,296 [09bdbdee-2d8e-4e61-9916-e6a477ae13dd@group-D68F9A05A383-FollowerState] INFO  impl.FollowerState (FollowerState.java:run(134)) - 09bdbdee-2d8e-4e61-9916-e6a477ae13dd@group-D68F9A05A383-FollowerState: change to CANDIDATE, lastRpcElapsedTime:5079902105ns, electionTimeout:5075ms
2022-01-12 07:41:52,297 [09bdbdee-2d8e-4e61-9916-e6a477ae13dd@group-D68F9A05A383-FollowerState] INFO  impl.RoleInfo (RoleInfo.java:shutdownFollowerState(108)) - 09bdbdee-2d8e-4e61-9916-e6a477ae13dd: shutdown 09bdbdee-2d8e-4e61-9916-e6a477ae13dd@group-D68F9A05A383-FollowerState
2022-01-12 07:41:52,297 [09bdbdee-2d8e-4e61-9916-e6a477ae13dd@group-D68F9A05A383-FollowerState] INFO  server.RaftServer$Division (RaftServerImpl.java:setRole(290)) - 09bdbdee-2d8e-4e61-9916-e6a477ae13dd@group-D68F9A05A383: changes role from  FOLLOWER to CANDIDATE at term 5 for changeToCandidate
2022-01-12 07:41:52,297 [09bdbdee-2d8e-4e61-9916-e6a477ae13dd@group-D68F9A05A383-FollowerState] INFO  server.RaftServerConfigKeys (ConfUtils.java:logGet(44)) - raft.server.leaderelection.pre-vote = false (custom)
2022-01-12 07:41:52,297 [09bdbdee-2d8e-4e61-9916-e6a477ae13dd@group-D68F9A05A383-FollowerState] INFO  impl.RoleInfo (RoleInfo.java:updateAndGet(130)) - 09bdbdee-2d8e-4e61-9916-e6a477ae13dd: start 09bdbdee-2d8e-4e61-9916-e6a477ae13dd@group-D68F9A05A383-LeaderElection23
2022-01-12 07:41:52,309 [09bdbdee-2d8e-4e61-9916-e6a477ae13dd@group-D68F9A05A383-LeaderElection23] INFO  impl.LeaderElection (LeaderElection.java:askForVotes(306)) - 09bdbdee-2d8e-4e61-9916-e6a477ae13dd@group-D68F9A05A383-LeaderElection23 ELECTION round 0: submit vote requests at term 6 for -1: [271317f1-f8b4-40e6-a29f-423c50314c9a|rpc:10.1.0.33:43991|priority:0, 09bdbdee-2d8e-4e61-9916-e6a477ae13dd|rpc:10.1.0.33:45301|priority:0, 26f2b290-61b3-49ad-8002-bfb92d808e93|rpc:10.1.0.33:46813|priority:1], old=null
2022-01-12 07:41:52,320 [grpc-default-executor-1] INFO  server.RaftServer$Division (RaftServerImpl.java:requestVote(1046)) - 271317f1-f8b4-40e6-a29f-423c50314c9a@group-D68F9A05A383: receive requestVote(ELECTION, 09bdbdee-2d8e-4e61-9916-e6a477ae13dd, group-D68F9A05A383, 6, (t:0, i:0))
2022-01-12 07:41:52,320 [grpc-default-executor-1] INFO  impl.VoteContext (VoteContext.java:log(48)) - 271317f1-f8b4-40e6-a29f-423c50314c9a@group-D68F9A05A383-FOLLOWER: accept ELECTION from 09bdbdee-2d8e-4e61-9916-e6a477ae13dd: our priority 0 <= candidate's priority 0
2022-01-12 07:41:52,320 [grpc-default-executor-1] INFO  server.RaftServer$Division (RaftServerImpl.java:setRole(290)) - 271317f1-f8b4-40e6-a29f-423c50314c9a@group-D68F9A05A383: changes role from  FOLLOWER to FOLLOWER at term 6 for candidate:09bdbdee-2d8e-4e61-9916-e6a477ae13dd
2022-01-12 07:41:52,320 [grpc-default-executor-1] INFO  impl.RoleInfo (RoleInfo.java:shutdownFollowerState(108)) - 271317f1-f8b4-40e6-a29f-423c50314c9a: shutdown 271317f1-f8b4-40e6-a29f-423c50314c9a@group-D68F9A05A383-FollowerState
2022-01-12 07:41:52,320 [grpc-default-executor-1] INFO  impl.RoleInfo (RoleInfo.java:updateAndGet(130)) - 271317f1-f8b4-40e6-a29f-423c50314c9a: start 271317f1-f8b4-40e6-a29f-423c50314c9a@group-D68F9A05A383-FollowerState
2022-01-12 07:41:52,320 [271317f1-f8b4-40e6-a29f-423c50314c9a@group-D68F9A05A383-FollowerState] INFO  impl.FollowerState (FollowerState.java:run(143)) - 271317f1-f8b4-40e6-a29f-423c50314c9a@group-D68F9A05A383-FollowerState was interrupted: {}
java.lang.InterruptedException: sleep interrupted
	at java.lang.Thread.sleep(Native Method)
	at java.lang.Thread.sleep(Thread.java:340)
	at java.util.concurrent.TimeUnit.sleep(TimeUnit.java:386)
	at org.apache.ratis.util.TimeDuration.sleep(TimeDuration.java:324)
	at org.apache.ratis.util.TimeDuration.sleep(TimeDuration.java:309)
	at org.apache.ratis.server.impl.FollowerState.run(FollowerState.java:118)
2022-01-12 07:41:52,328 [grpc-default-executor-0] INFO  server.RaftServer$Division (RaftServerImpl.java:requestVote(1046)) - 26f2b290-61b3-49ad-8002-bfb92d808e93@group-D68F9A05A383: receive requestVote(ELECTION, 09bdbdee-2d8e-4e61-9916-e6a477ae13dd, group-D68F9A05A383, 6, (t:0, i:0))
2022-01-12 07:41:52,328 [grpc-default-executor-0] INFO  impl.VoteContext (VoteContext.java:log(48)) - 26f2b290-61b3-49ad-8002-bfb92d808e93@group-D68F9A05A383-FOLLOWER: reject ELECTION from 09bdbdee-2d8e-4e61-9916-e6a477ae13dd: our priority 1 > candidate's priority 0
2022-01-12 07:41:52,328 [grpc-default-executor-0] INFO  server.RaftServer$Division (RaftServerImpl.java:setRole(290)) - 26f2b290-61b3-49ad-8002-bfb92d808e93@group-D68F9A05A383: changes role from  FOLLOWER to FOLLOWER at term 6 for candidate:09bdbdee-2d8e-4e61-9916-e6a477ae13dd
2022-01-12 07:41:52,328 [grpc-default-executor-0] INFO  impl.RoleInfo (RoleInfo.java:shutdownFollowerState(108)) - 26f2b290-61b3-49ad-8002-bfb92d808e93: shutdown 26f2b290-61b3-49ad-8002-bfb92d808e93@group-D68F9A05A383-FollowerState
2022-01-12 07:41:52,328 [grpc-default-executor-0] INFO  impl.RoleInfo (RoleInfo.java:updateAndGet(130)) - 26f2b290-61b3-49ad-8002-bfb92d808e93: start 26f2b290-61b3-49ad-8002-bfb92d808e93@group-D68F9A05A383-FollowerState
2022-01-12 07:41:52,328 [26f2b290-61b3-49ad-8002-bfb92d808e93@group-D68F9A05A383-FollowerState] INFO  impl.FollowerState (FollowerState.java:run(143)) - 26f2b290-61b3-49ad-8002-bfb92d808e93@group-D68F9A05A383-FollowerState was interrupted: {}
java.lang.InterruptedException: sleep interrupted
	at java.lang.Thread.sleep(Native Method)
	at java.lang.Thread.sleep(Thread.java:340)
	at java.util.concurrent.TimeUnit.sleep(TimeUnit.java:386)
	at org.apache.ratis.util.TimeDuration.sleep(TimeDuration.java:324)
	at org.apache.ratis.util.TimeDuration.sleep(TimeDuration.java:309)
	at org.apache.ratis.server.impl.FollowerState.run(FollowerState.java:118)
2022-01-12 07:41:52,330 [grpc-default-executor-0] INFO  server.RaftServer$Division (RaftServerImpl.java:requestVote(1078)) - 26f2b290-61b3-49ad-8002-bfb92d808e93@group-D68F9A05A383 replies to ELECTION vote request: 09bdbdee-2d8e-4e61-9916-e6a477ae13dd<-26f2b290-61b3-49ad-8002-bfb92d808e93#0:FAIL-t6. Peer's state: 26f2b290-61b3-49ad-8002-bfb92d808e93@group-D68F9A05A383:t6, leader=null, voted=null, raftlog=26f2b290-61b3-49ad-8002-bfb92d808e93@group-D68F9A05A383-SegmentedRaftLog:OPENED:c-1, conf=-1: [271317f1-f8b4-40e6-a29f-423c50314c9a|rpc:10.1.0.33:43991|dataStream:|priority:0, 09bdbdee-2d8e-4e61-9916-e6a477ae13dd|rpc:10.1.0.33:45301|dataStream:|priority:0, 26f2b290-61b3-49ad-8002-bfb92d808e93|rpc:10.1.0.33:46813|dataStream:|priority:1], old=null
2022-01-12 07:41:52,338 [grpc-default-executor-1] INFO  server.RaftServer$Division (RaftServerImpl.java:requestVote(1078)) - 271317f1-f8b4-40e6-a29f-423c50314c9a@group-D68F9A05A383 replies to ELECTION vote request: 09bdbdee-2d8e-4e61-9916-e6a477ae13dd<-271317f1-f8b4-40e6-a29f-423c50314c9a#0:OK-t6. Peer's state: 271317f1-f8b4-40e6-a29f-423c50314c9a@group-D68F9A05A383:t6, leader=null, voted=09bdbdee-2d8e-4e61-9916-e6a477ae13dd, raftlog=271317f1-f8b4-40e6-a29f-423c50314c9a@group-D68F9A05A383-SegmentedRaftLog:OPENED:c-1, conf=-1: [271317f1-f8b4-40e6-a29f-423c50314c9a|rpc:10.1.0.33:43991|dataStream:|priority:0, 09bdbdee-2d8e-4e61-9916-e6a477ae13dd|rpc:10.1.0.33:45301|dataStream:|priority:0, 26f2b290-61b3-49ad-8002-bfb92d808e93|rpc:10.1.0.33:46813|dataStream:|priority:1], old=null
2022-01-12 07:41:52,349 [09bdbdee-2d8e-4e61-9916-e6a477ae13dd@group-D68F9A05A383-LeaderElection23] INFO  impl.LeaderElection (LeaderElection.java:logAndReturn(89)) - 09bdbdee-2d8e-4e61-9916-e6a477ae13dd@group-D68F9A05A383-LeaderElection23: ELECTION REJECTED received 2 response(s) and 0 exception(s):
2022-01-12 07:41:52,349 [09bdbdee-2d8e-4e61-9916-e6a477ae13dd@group-D68F9A05A383-LeaderElection23] INFO  impl.LeaderElection (LeaderElection.java:logAndReturn(93)) -   Response 0: 09bdbdee-2d8e-4e61-9916-e6a477ae13dd<-271317f1-f8b4-40e6-a29f-423c50314c9a#0:OK-t6
2022-01-12 07:41:52,349 [09bdbdee-2d8e-4e61-9916-e6a477ae13dd@group-D68F9A05A383-LeaderElection23] INFO  impl.LeaderElection (LeaderElection.java:logAndReturn(93)) -   Response 1: 09bdbdee-2d8e-4e61-9916-e6a477ae13dd<-26f2b290-61b3-49ad-8002-bfb92d808e93#0:FAIL-t6
2022-01-12 07:41:52,349 [09bdbdee-2d8e-4e61-9916-e6a477ae13dd@group-D68F9A05A383-LeaderElection23] INFO  impl.LeaderElection (LeaderElection.java:askForVotes(308)) - 09bdbdee-2d8e-4e61-9916-e6a477ae13dd@group-D68F9A05A383-LeaderElection23 ELECTION round 0: result REJECTED
2022-01-12 07:41:52,349 [09bdbdee-2d8e-4e61-9916-e6a477ae13dd@group-D68F9A05A383-LeaderElection23] INFO  server.RaftServer$Division (RaftServerImpl.java:setRole(290)) - 09bdbdee-2d8e-4e61-9916-e6a477ae13dd@group-D68F9A05A383: changes role from CANDIDATE to FOLLOWER at term 6 for REJECTED
2022-01-12 07:41:52,349 [09bdbdee-2d8e-4e61-9916-e6a477ae13dd@group-D68F9A05A383-LeaderElection23] INFO  impl.RoleInfo (RoleInfo.java:shutdownLeaderElection(121)) - 09bdbdee-2d8e-4e61-9916-e6a477ae13dd: shutdown 09bdbdee-2d8e-4e61-9916-e6a477ae13dd@group-D68F9A05A383-LeaderElection23
2022-01-12 07:41:52,349 [09bdbdee-2d8e-4e61-9916-e6a477ae13dd@group-D68F9A05A383-LeaderElection23] INFO  impl.RoleInfo (RoleInfo.java:updateAndGet(130)) - 09bdbdee-2d8e-4e61-9916-e6a477ae13dd: start 09bdbdee-2d8e-4e61-9916-e6a477ae13dd@group-D68F9A05A383-FollowerState
2022-01-12 07:41:52,393 [Listener at 127.0.0.1/46417] INFO  ozone.MiniOzoneClusterImpl (MiniOzoneClusterImpl.java:lambda$waitForClusterToBeReady$0(235)) - Nodes are ready. Got 3 of 3 DN Heartbeats.
2022-01-12 07:41:52,393 [Listener at 127.0.0.1/46417] INFO  ozone.MiniOzoneClusterImpl (MiniOzoneClusterImpl.java:lambda$waitForClusterToBeReady$0(238)) - Waiting for cluster to exit safe mode
2022-01-12 07:41:52,393 [Listener at 127.0.0.1/46417] INFO  ozone.MiniOzoneClusterImpl (MiniOzoneClusterImpl.java:lambda$waitForClusterToBeReady$0(240)) - SCM became leader
2022-01-12 07:41:53,401 [Listener at 127.0.0.1/46417] INFO  ozone.MiniOzoneClusterImpl (MiniOzoneClusterImpl.java:lambda$waitForClusterToBeReady$0(235)) - Nodes are ready. Got 3 of 3 DN Heartbeats.
2022-01-12 07:41:53,401 [Listener at 127.0.0.1/46417] INFO  ozone.MiniOzoneClusterImpl (MiniOzoneClusterImpl.java:lambda$waitForClusterToBeReady$0(238)) - Waiting for cluster to exit safe mode
2022-01-12 07:41:53,401 [Listener at 127.0.0.1/46417] INFO  ozone.MiniOzoneClusterImpl (MiniOzoneClusterImpl.java:lambda$waitForClusterToBeReady$0(240)) - SCM became leader
2022-01-12 07:41:54,403 [Listener at 127.0.0.1/46417] INFO  ozone.MiniOzoneClusterImpl (MiniOzoneClusterImpl.java:lambda$waitForClusterToBeReady$0(235)) - Nodes are ready. Got 3 of 3 DN Heartbeats.
2022-01-12 07:41:54,403 [Listener at 127.0.0.1/46417] INFO  ozone.MiniOzoneClusterImpl (MiniOzoneClusterImpl.java:lambda$waitForClusterToBeReady$0(238)) - Waiting for cluster to exit safe mode
2022-01-12 07:41:54,403 [Listener at 127.0.0.1/46417] INFO  ozone.MiniOzoneClusterImpl (MiniOzoneClusterImpl.java:lambda$waitForClusterToBeReady$0(240)) - SCM became leader
2022-01-12 07:41:55,403 [Listener at 127.0.0.1/46417] INFO  ozone.MiniOzoneClusterImpl (MiniOzoneClusterImpl.java:lambda$waitForClusterToBeReady$0(235)) - Nodes are ready. Got 3 of 3 DN Heartbeats.
2022-01-12 07:41:55,403 [Listener at 127.0.0.1/46417] INFO  ozone.MiniOzoneClusterImpl (MiniOzoneClusterImpl.java:lambda$waitForClusterToBeReady$0(238)) - Waiting for cluster to exit safe mode
2022-01-12 07:41:55,403 [Listener at 127.0.0.1/46417] INFO  ozone.MiniOzoneClusterImpl (MiniOzoneClusterImpl.java:lambda$waitForClusterToBeReady$0(240)) - SCM became leader
2022-01-12 07:41:56,404 [Listener at 127.0.0.1/46417] INFO  ozone.MiniOzoneClusterImpl (MiniOzoneClusterImpl.java:lambda$waitForClusterToBeReady$0(235)) - Nodes are ready. Got 3 of 3 DN Heartbeats.
2022-01-12 07:41:56,404 [Listener at 127.0.0.1/46417] INFO  ozone.MiniOzoneClusterImpl (MiniOzoneClusterImpl.java:lambda$waitForClusterToBeReady$0(238)) - Waiting for cluster to exit safe mode
2022-01-12 07:41:56,404 [Listener at 127.0.0.1/46417] INFO  ozone.MiniOzoneClusterImpl (MiniOzoneClusterImpl.java:lambda$waitForClusterToBeReady$0(240)) - SCM became leader
2022-01-12 07:41:57,368 [09bdbdee-2d8e-4e61-9916-e6a477ae13dd@group-D68F9A05A383-FollowerState] INFO  impl.FollowerState (FollowerState.java:run(134)) - 09bdbdee-2d8e-4e61-9916-e6a477ae13dd@group-D68F9A05A383-FollowerState: change to CANDIDATE, lastRpcElapsedTime:5019055001ns, electionTimeout:5008ms
2022-01-12 07:41:57,369 [09bdbdee-2d8e-4e61-9916-e6a477ae13dd@group-D68F9A05A383-FollowerState] INFO  impl.RoleInfo (RoleInfo.java:shutdownFollowerState(108)) - 09bdbdee-2d8e-4e61-9916-e6a477ae13dd: shutdown 09bdbdee-2d8e-4e61-9916-e6a477ae13dd@group-D68F9A05A383-FollowerState
2022-01-12 07:41:57,369 [09bdbdee-2d8e-4e61-9916-e6a477ae13dd@group-D68F9A05A383-FollowerState] INFO  server.RaftServer$Division (RaftServerImpl.java:setRole(290)) - 09bdbdee-2d8e-4e61-9916-e6a477ae13dd@group-D68F9A05A383: changes role from  FOLLOWER to CANDIDATE at term 6 for changeToCandidate
2022-01-12 07:41:57,369 [09bdbdee-2d8e-4e61-9916-e6a477ae13dd@group-D68F9A05A383-FollowerState] INFO  server.RaftServerConfigKeys (ConfUtils.java:logGet(44)) - raft.server.leaderelection.pre-vote = false (custom)
2022-01-12 07:41:57,369 [09bdbdee-2d8e-4e61-9916-e6a477ae13dd@group-D68F9A05A383-FollowerState] INFO  impl.RoleInfo (RoleInfo.java:updateAndGet(130)) - 09bdbdee-2d8e-4e61-9916-e6a477ae13dd: start 09bdbdee-2d8e-4e61-9916-e6a477ae13dd@group-D68F9A05A383-LeaderElection24
2022-01-12 07:41:57,375 [26f2b290-61b3-49ad-8002-bfb92d808e93@group-D68F9A05A383-FollowerState] INFO  impl.FollowerState (FollowerState.java:run(134)) - 26f2b290-61b3-49ad-8002-bfb92d808e93@group-D68F9A05A383-FollowerState: change to CANDIDATE, lastRpcElapsedTime:5047119632ns, electionTimeout:5046ms
2022-01-12 07:41:57,375 [26f2b290-61b3-49ad-8002-bfb92d808e93@group-D68F9A05A383-FollowerState] INFO  impl.RoleInfo (RoleInfo.java:shutdownFollowerState(108)) - 26f2b290-61b3-49ad-8002-bfb92d808e93: shutdown 26f2b290-61b3-49ad-8002-bfb92d808e93@group-D68F9A05A383-FollowerState
2022-01-12 07:41:57,375 [26f2b290-61b3-49ad-8002-bfb92d808e93@group-D68F9A05A383-FollowerState] INFO  server.RaftServer$Division (RaftServerImpl.java:setRole(290)) - 26f2b290-61b3-49ad-8002-bfb92d808e93@group-D68F9A05A383: changes role from  FOLLOWER to CANDIDATE at term 6 for changeToCandidate
2022-01-12 07:41:57,378 [26f2b290-61b3-49ad-8002-bfb92d808e93@group-D68F9A05A383-FollowerState] INFO  server.RaftServerConfigKeys (ConfUtils.java:logGet(44)) - raft.server.leaderelection.pre-vote = false (custom)
2022-01-12 07:41:57,378 [26f2b290-61b3-49ad-8002-bfb92d808e93@group-D68F9A05A383-FollowerState] INFO  impl.RoleInfo (RoleInfo.java:updateAndGet(130)) - 26f2b290-61b3-49ad-8002-bfb92d808e93: start 26f2b290-61b3-49ad-8002-bfb92d808e93@group-D68F9A05A383-LeaderElection25
2022-01-12 07:41:57,393 [09bdbdee-2d8e-4e61-9916-e6a477ae13dd@group-D68F9A05A383-LeaderElection24] INFO  impl.LeaderElection (LeaderElection.java:askForVotes(306)) - 09bdbdee-2d8e-4e61-9916-e6a477ae13dd@group-D68F9A05A383-LeaderElection24 ELECTION round 0: submit vote requests at term 7 for -1: [271317f1-f8b4-40e6-a29f-423c50314c9a|rpc:10.1.0.33:43991|priority:0, 09bdbdee-2d8e-4e61-9916-e6a477ae13dd|rpc:10.1.0.33:45301|priority:0, 26f2b290-61b3-49ad-8002-bfb92d808e93|rpc:10.1.0.33:46813|priority:1], old=null
2022-01-12 07:41:57,400 [26f2b290-61b3-49ad-8002-bfb92d808e93@group-D68F9A05A383-LeaderElection25] INFO  impl.LeaderElection (LeaderElection.java:askForVotes(306)) - 26f2b290-61b3-49ad-8002-bfb92d808e93@group-D68F9A05A383-LeaderElection25 ELECTION round 0: submit vote requests at term 7 for -1: [271317f1-f8b4-40e6-a29f-423c50314c9a|rpc:10.1.0.33:43991|dataStream:|priority:0, 09bdbdee-2d8e-4e61-9916-e6a477ae13dd|rpc:10.1.0.33:45301|dataStream:|priority:0, 26f2b290-61b3-49ad-8002-bfb92d808e93|rpc:10.1.0.33:46813|dataStream:|priority:1], old=null
2022-01-12 07:41:57,404 [Listener at 127.0.0.1/46417] INFO  ozone.MiniOzoneClusterImpl (MiniOzoneClusterImpl.java:lambda$waitForClusterToBeReady$0(235)) - Nodes are ready. Got 3 of 3 DN Heartbeats.
2022-01-12 07:41:57,404 [Listener at 127.0.0.1/46417] INFO  ozone.MiniOzoneClusterImpl (MiniOzoneClusterImpl.java:lambda$waitForClusterToBeReady$0(238)) - Waiting for cluster to exit safe mode
2022-01-12 07:41:57,404 [Listener at 127.0.0.1/46417] INFO  ozone.MiniOzoneClusterImpl (MiniOzoneClusterImpl.java:lambda$waitForClusterToBeReady$0(240)) - SCM became leader
2022-01-12 07:41:57,418 [grpc-default-executor-1] INFO  server.RaftServer$Division (RaftServerImpl.java:requestVote(1046)) - 271317f1-f8b4-40e6-a29f-423c50314c9a@group-D68F9A05A383: receive requestVote(ELECTION, 09bdbdee-2d8e-4e61-9916-e6a477ae13dd, group-D68F9A05A383, 7, (t:0, i:0))
2022-01-12 07:41:57,418 [grpc-default-executor-1] INFO  impl.VoteContext (VoteContext.java:log(48)) - 271317f1-f8b4-40e6-a29f-423c50314c9a@group-D68F9A05A383-FOLLOWER: accept ELECTION from 09bdbdee-2d8e-4e61-9916-e6a477ae13dd: our priority 0 <= candidate's priority 0
2022-01-12 07:41:57,418 [grpc-default-executor-1] INFO  server.RaftServer$Division (RaftServerImpl.java:setRole(290)) - 271317f1-f8b4-40e6-a29f-423c50314c9a@group-D68F9A05A383: changes role from  FOLLOWER to FOLLOWER at term 7 for candidate:09bdbdee-2d8e-4e61-9916-e6a477ae13dd
2022-01-12 07:41:57,419 [grpc-default-executor-1] INFO  impl.RoleInfo (RoleInfo.java:shutdownFollowerState(108)) - 271317f1-f8b4-40e6-a29f-423c50314c9a: shutdown 271317f1-f8b4-40e6-a29f-423c50314c9a@group-D68F9A05A383-FollowerState
2022-01-12 07:41:57,419 [grpc-default-executor-1] INFO  impl.RoleInfo (RoleInfo.java:updateAndGet(130)) - 271317f1-f8b4-40e6-a29f-423c50314c9a: start 271317f1-f8b4-40e6-a29f-423c50314c9a@group-D68F9A05A383-FollowerState
2022-01-12 07:41:57,419 [grpc-default-executor-0] INFO  server.RaftServer$Division (RaftServerImpl.java:requestVote(1046)) - 26f2b290-61b3-49ad-8002-bfb92d808e93@group-D68F9A05A383: receive requestVote(ELECTION, 09bdbdee-2d8e-4e61-9916-e6a477ae13dd, group-D68F9A05A383, 7, (t:0, i:0))
2022-01-12 07:41:57,419 [grpc-default-executor-0] INFO  impl.VoteContext (VoteContext.java:log(48)) - 26f2b290-61b3-49ad-8002-bfb92d808e93@group-D68F9A05A383-CANDIDATE: reject ELECTION from 09bdbdee-2d8e-4e61-9916-e6a477ae13dd: already has voted for 26f2b290-61b3-49ad-8002-bfb92d808e93 at current term 7
2022-01-12 07:41:57,419 [grpc-default-executor-0] INFO  server.RaftServer$Division (RaftServerImpl.java:requestVote(1078)) - 26f2b290-61b3-49ad-8002-bfb92d808e93@group-D68F9A05A383 replies to ELECTION vote request: 09bdbdee-2d8e-4e61-9916-e6a477ae13dd<-26f2b290-61b3-49ad-8002-bfb92d808e93#0:FAIL-t7. Peer's state: 26f2b290-61b3-49ad-8002-bfb92d808e93@group-D68F9A05A383:t7, leader=null, voted=26f2b290-61b3-49ad-8002-bfb92d808e93, raftlog=26f2b290-61b3-49ad-8002-bfb92d808e93@group-D68F9A05A383-SegmentedRaftLog:OPENED:c-1, conf=-1: [271317f1-f8b4-40e6-a29f-423c50314c9a|rpc:10.1.0.33:43991|dataStream:|priority:0, 09bdbdee-2d8e-4e61-9916-e6a477ae13dd|rpc:10.1.0.33:45301|dataStream:|priority:0, 26f2b290-61b3-49ad-8002-bfb92d808e93|rpc:10.1.0.33:46813|dataStream:|priority:1], old=null
2022-01-12 07:41:57,419 [271317f1-f8b4-40e6-a29f-423c50314c9a@group-D68F9A05A383-FollowerState] INFO  impl.FollowerState (FollowerState.java:run(143)) - 271317f1-f8b4-40e6-a29f-423c50314c9a@group-D68F9A05A383-FollowerState was interrupted: {}
java.lang.InterruptedException: sleep interrupted
	at java.lang.Thread.sleep(Native Method)
	at java.lang.Thread.sleep(Thread.java:340)
	at java.util.concurrent.TimeUnit.sleep(TimeUnit.java:386)
	at org.apache.ratis.util.TimeDuration.sleep(TimeDuration.java:324)
	at org.apache.ratis.util.TimeDuration.sleep(TimeDuration.java:309)
	at org.apache.ratis.server.impl.FollowerState.run(FollowerState.java:118)
2022-01-12 07:41:57,421 [grpc-default-executor-1] INFO  server.RaftServer$Division (RaftServerImpl.java:requestVote(1078)) - 271317f1-f8b4-40e6-a29f-423c50314c9a@group-D68F9A05A383 replies to ELECTION vote request: 09bdbdee-2d8e-4e61-9916-e6a477ae13dd<-271317f1-f8b4-40e6-a29f-423c50314c9a#0:OK-t7. Peer's state: 271317f1-f8b4-40e6-a29f-423c50314c9a@group-D68F9A05A383:t7, leader=null, voted=09bdbdee-2d8e-4e61-9916-e6a477ae13dd, raftlog=271317f1-f8b4-40e6-a29f-423c50314c9a@group-D68F9A05A383-SegmentedRaftLog:OPENED:c-1, conf=-1: [271317f1-f8b4-40e6-a29f-423c50314c9a|rpc:10.1.0.33:43991|dataStream:|priority:0, 09bdbdee-2d8e-4e61-9916-e6a477ae13dd|rpc:10.1.0.33:45301|dataStream:|priority:0, 26f2b290-61b3-49ad-8002-bfb92d808e93|rpc:10.1.0.33:46813|dataStream:|priority:1], old=null
2022-01-12 07:41:57,427 [09bdbdee-2d8e-4e61-9916-e6a477ae13dd@group-D68F9A05A383-LeaderElection24] INFO  impl.LeaderElection (LeaderElection.java:logAndReturn(89)) - 09bdbdee-2d8e-4e61-9916-e6a477ae13dd@group-D68F9A05A383-LeaderElection24: ELECTION REJECTED received 2 response(s) and 0 exception(s):
2022-01-12 07:41:57,427 [09bdbdee-2d8e-4e61-9916-e6a477ae13dd@group-D68F9A05A383-LeaderElection24] INFO  impl.LeaderElection (LeaderElection.java:logAndReturn(93)) -   Response 0: 09bdbdee-2d8e-4e61-9916-e6a477ae13dd<-271317f1-f8b4-40e6-a29f-423c50314c9a#0:OK-t7
2022-01-12 07:41:57,427 [09bdbdee-2d8e-4e61-9916-e6a477ae13dd@group-D68F9A05A383-LeaderElection24] INFO  impl.LeaderElection (LeaderElection.java:logAndReturn(93)) -   Response 1: 09bdbdee-2d8e-4e61-9916-e6a477ae13dd<-26f2b290-61b3-49ad-8002-bfb92d808e93#0:FAIL-t7
2022-01-12 07:41:57,427 [09bdbdee-2d8e-4e61-9916-e6a477ae13dd@group-D68F9A05A383-LeaderElection24] INFO  impl.LeaderElection (LeaderElection.java:askForVotes(308)) - 09bdbdee-2d8e-4e61-9916-e6a477ae13dd@group-D68F9A05A383-LeaderElection24 ELECTION round 0: result REJECTED
2022-01-12 07:41:57,427 [09bdbdee-2d8e-4e61-9916-e6a477ae13dd@group-D68F9A05A383-LeaderElection24] INFO  server.RaftServer$Division (RaftServerImpl.java:setRole(290)) - 09bdbdee-2d8e-4e61-9916-e6a477ae13dd@group-D68F9A05A383: changes role from CANDIDATE to FOLLOWER at term 7 for REJECTED
2022-01-12 07:41:57,438 [09bdbdee-2d8e-4e61-9916-e6a477ae13dd@group-D68F9A05A383-LeaderElection24] INFO  impl.RoleInfo (RoleInfo.java:shutdownLeaderElection(121)) - 09bdbdee-2d8e-4e61-9916-e6a477ae13dd: shutdown 09bdbdee-2d8e-4e61-9916-e6a477ae13dd@group-D68F9A05A383-LeaderElection24
2022-01-12 07:41:57,438 [09bdbdee-2d8e-4e61-9916-e6a477ae13dd@group-D68F9A05A383-LeaderElection24] INFO  impl.RoleInfo (RoleInfo.java:updateAndGet(130)) - 09bdbdee-2d8e-4e61-9916-e6a477ae13dd: start 09bdbdee-2d8e-4e61-9916-e6a477ae13dd@group-D68F9A05A383-FollowerState
2022-01-12 07:41:57,454 [grpc-default-executor-1] INFO  server.RaftServer$Division (RaftServerImpl.java:requestVote(1046)) - 09bdbdee-2d8e-4e61-9916-e6a477ae13dd@group-D68F9A05A383: receive requestVote(ELECTION, 26f2b290-61b3-49ad-8002-bfb92d808e93, group-D68F9A05A383, 7, (t:0, i:0))
2022-01-12 07:41:57,454 [grpc-default-executor-1] INFO  impl.VoteContext (VoteContext.java:log(48)) - 09bdbdee-2d8e-4e61-9916-e6a477ae13dd@group-D68F9A05A383-FOLLOWER: reject ELECTION from 26f2b290-61b3-49ad-8002-bfb92d808e93: already has voted for 09bdbdee-2d8e-4e61-9916-e6a477ae13dd at current term 7
2022-01-12 07:41:57,454 [grpc-default-executor-1] INFO  server.RaftServer$Division (RaftServerImpl.java:requestVote(1078)) - 09bdbdee-2d8e-4e61-9916-e6a477ae13dd@group-D68F9A05A383 replies to ELECTION vote request: 26f2b290-61b3-49ad-8002-bfb92d808e93<-09bdbdee-2d8e-4e61-9916-e6a477ae13dd#0:FAIL-t7. Peer's state: 09bdbdee-2d8e-4e61-9916-e6a477ae13dd@group-D68F9A05A383:t7, leader=null, voted=09bdbdee-2d8e-4e61-9916-e6a477ae13dd, raftlog=09bdbdee-2d8e-4e61-9916-e6a477ae13dd@group-D68F9A05A383-SegmentedRaftLog:OPENED:c-1, conf=-1: [271317f1-f8b4-40e6-a29f-423c50314c9a|rpc:10.1.0.33:43991|priority:0, 09bdbdee-2d8e-4e61-9916-e6a477ae13dd|rpc:10.1.0.33:45301|priority:0, 26f2b290-61b3-49ad-8002-bfb92d808e93|rpc:10.1.0.33:46813|priority:1], old=null
2022-01-12 07:41:57,455 [grpc-default-executor-2] INFO  server.RaftServer$Division (RaftServerImpl.java:requestVote(1046)) - 271317f1-f8b4-40e6-a29f-423c50314c9a@group-D68F9A05A383: receive requestVote(ELECTION, 26f2b290-61b3-49ad-8002-bfb92d808e93, group-D68F9A05A383, 7, (t:0, i:0))
2022-01-12 07:41:57,455 [grpc-default-executor-2] INFO  impl.VoteContext (VoteContext.java:log(48)) - 271317f1-f8b4-40e6-a29f-423c50314c9a@group-D68F9A05A383-FOLLOWER: reject ELECTION from 26f2b290-61b3-49ad-8002-bfb92d808e93: already has voted for 09bdbdee-2d8e-4e61-9916-e6a477ae13dd at current term 7
2022-01-12 07:41:57,455 [grpc-default-executor-2] INFO  server.RaftServer$Division (RaftServerImpl.java:requestVote(1078)) - 271317f1-f8b4-40e6-a29f-423c50314c9a@group-D68F9A05A383 replies to ELECTION vote request: 26f2b290-61b3-49ad-8002-bfb92d808e93<-271317f1-f8b4-40e6-a29f-423c50314c9a#0:FAIL-t7. Peer's state: 271317f1-f8b4-40e6-a29f-423c50314c9a@group-D68F9A05A383:t7, leader=null, voted=09bdbdee-2d8e-4e61-9916-e6a477ae13dd, raftlog=271317f1-f8b4-40e6-a29f-423c50314c9a@group-D68F9A05A383-SegmentedRaftLog:OPENED:c-1, conf=-1: [271317f1-f8b4-40e6-a29f-423c50314c9a|rpc:10.1.0.33:43991|dataStream:|priority:0, 09bdbdee-2d8e-4e61-9916-e6a477ae13dd|rpc:10.1.0.33:45301|dataStream:|priority:0, 26f2b290-61b3-49ad-8002-bfb92d808e93|rpc:10.1.0.33:46813|dataStream:|priority:1], old=null
2022-01-12 07:41:57,458 [26f2b290-61b3-49ad-8002-bfb92d808e93@group-D68F9A05A383-LeaderElection25] INFO  impl.LeaderElection (LeaderElection.java:logAndReturn(89)) - 26f2b290-61b3-49ad-8002-bfb92d808e93@group-D68F9A05A383-LeaderElection25: ELECTION REJECTED received 2 response(s) and 0 exception(s):
2022-01-12 07:41:57,458 [26f2b290-61b3-49ad-8002-bfb92d808e93@group-D68F9A05A383-LeaderElection25] INFO  impl.LeaderElection (LeaderElection.java:logAndReturn(93)) -   Response 0: 26f2b290-61b3-49ad-8002-bfb92d808e93<-271317f1-f8b4-40e6-a29f-423c50314c9a#0:FAIL-t7
2022-01-12 07:41:57,458 [26f2b290-61b3-49ad-8002-bfb92d808e93@group-D68F9A05A383-LeaderElection25] INFO  impl.LeaderElection (LeaderElection.java:logAndReturn(93)) -   Response 1: 26f2b290-61b3-49ad-8002-bfb92d808e93<-09bdbdee-2d8e-4e61-9916-e6a477ae13dd#0:FAIL-t7
2022-01-12 07:41:57,458 [26f2b290-61b3-49ad-8002-bfb92d808e93@group-D68F9A05A383-LeaderElection25] INFO  impl.LeaderElection (LeaderElection.java:askForVotes(308)) - 26f2b290-61b3-49ad-8002-bfb92d808e93@group-D68F9A05A383-LeaderElection25 ELECTION round 0: result REJECTED
2022-01-12 07:41:57,458 [26f2b290-61b3-49ad-8002-bfb92d808e93@group-D68F9A05A383-LeaderElection25] INFO  server.RaftServer$Division (RaftServerImpl.java:setRole(290)) - 26f2b290-61b3-49ad-8002-bfb92d808e93@group-D68F9A05A383: changes role from CANDIDATE to FOLLOWER at term 7 for REJECTED
2022-01-12 07:41:57,458 [26f2b290-61b3-49ad-8002-bfb92d808e93@group-D68F9A05A383-LeaderElection25] INFO  impl.RoleInfo (RoleInfo.java:shutdownLeaderElection(121)) - 26f2b290-61b3-49ad-8002-bfb92d808e93: shutdown 26f2b290-61b3-49ad-8002-bfb92d808e93@group-D68F9A05A383-LeaderElection25
2022-01-12 07:41:57,458 [26f2b290-61b3-49ad-8002-bfb92d808e93@group-D68F9A05A383-LeaderElection25] INFO  impl.RoleInfo (RoleInfo.java:updateAndGet(130)) - 26f2b290-61b3-49ad-8002-bfb92d808e93: start 26f2b290-61b3-49ad-8002-bfb92d808e93@group-D68F9A05A383-FollowerState
2022-01-12 07:41:58,404 [Listener at 127.0.0.1/46417] INFO  ozone.MiniOzoneClusterImpl (MiniOzoneClusterImpl.java:lambda$waitForClusterToBeReady$0(235)) - Nodes are ready. Got 3 of 3 DN Heartbeats.
2022-01-12 07:41:58,405 [Listener at 127.0.0.1/46417] INFO  ozone.MiniOzoneClusterImpl (MiniOzoneClusterImpl.java:lambda$waitForClusterToBeReady$0(238)) - Waiting for cluster to exit safe mode
2022-01-12 07:41:58,405 [Listener at 127.0.0.1/46417] INFO  ozone.MiniOzoneClusterImpl (MiniOzoneClusterImpl.java:lambda$waitForClusterToBeReady$0(240)) - SCM became leader
2022-01-12 07:41:59,405 [Listener at 127.0.0.1/46417] INFO  ozone.MiniOzoneClusterImpl (MiniOzoneClusterImpl.java:lambda$waitForClusterToBeReady$0(235)) - Nodes are ready. Got 3 of 3 DN Heartbeats.
2022-01-12 07:41:59,405 [Listener at 127.0.0.1/46417] INFO  ozone.MiniOzoneClusterImpl (MiniOzoneClusterImpl.java:lambda$waitForClusterToBeReady$0(238)) - Waiting for cluster to exit safe mode
2022-01-12 07:41:59,405 [Listener at 127.0.0.1/46417] INFO  ozone.MiniOzoneClusterImpl (MiniOzoneClusterImpl.java:lambda$waitForClusterToBeReady$0(240)) - SCM became leader
2022-01-12 07:42:00,405 [Listener at 127.0.0.1/46417] INFO  ozone.MiniOzoneClusterImpl (MiniOzoneClusterImpl.java:lambda$waitForClusterToBeReady$0(235)) - Nodes are ready. Got 3 of 3 DN Heartbeats.
2022-01-12 07:42:00,406 [Listener at 127.0.0.1/46417] INFO  ozone.MiniOzoneClusterImpl (MiniOzoneClusterImpl.java:lambda$waitForClusterToBeReady$0(238)) - Waiting for cluster to exit safe mode
2022-01-12 07:42:00,406 [Listener at 127.0.0.1/46417] INFO  ozone.MiniOzoneClusterImpl (MiniOzoneClusterImpl.java:lambda$waitForClusterToBeReady$0(240)) - SCM became leader
2022-01-12 07:42:01,406 [Listener at 127.0.0.1/46417] INFO  ozone.MiniOzoneClusterImpl (MiniOzoneClusterImpl.java:lambda$waitForClusterToBeReady$0(235)) - Nodes are ready. Got 3 of 3 DN Heartbeats.
2022-01-12 07:42:01,406 [Listener at 127.0.0.1/46417] INFO  ozone.MiniOzoneClusterImpl (MiniOzoneClusterImpl.java:lambda$waitForClusterToBeReady$0(238)) - Waiting for cluster to exit safe mode
2022-01-12 07:42:01,406 [Listener at 127.0.0.1/46417] INFO  ozone.MiniOzoneClusterImpl (MiniOzoneClusterImpl.java:lambda$waitForClusterToBeReady$0(240)) - SCM became leader
2022-01-12 07:42:02,406 [Listener at 127.0.0.1/46417] INFO  ozone.MiniOzoneClusterImpl (MiniOzoneClusterImpl.java:lambda$waitForClusterToBeReady$0(235)) - Nodes are ready. Got 3 of 3 DN Heartbeats.
2022-01-12 07:42:02,407 [Listener at 127.0.0.1/46417] INFO  ozone.MiniOzoneClusterImpl (MiniOzoneClusterImpl.java:lambda$waitForClusterToBeReady$0(238)) - Waiting for cluster to exit safe mode
2022-01-12 07:42:02,407 [Listener at 127.0.0.1/46417] INFO  ozone.MiniOzoneClusterImpl (MiniOzoneClusterImpl.java:lambda$waitForClusterToBeReady$0(240)) - SCM became leader
2022-01-12 07:42:02,541 [271317f1-f8b4-40e6-a29f-423c50314c9a@group-D68F9A05A383-FollowerState] INFO  impl.FollowerState (FollowerState.java:run(134)) - 271317f1-f8b4-40e6-a29f-423c50314c9a@group-D68F9A05A383-FollowerState: change to CANDIDATE, lastRpcElapsedTime:5120063727ns, electionTimeout:5113ms
2022-01-12 07:42:02,541 [271317f1-f8b4-40e6-a29f-423c50314c9a@group-D68F9A05A383-FollowerState] INFO  impl.RoleInfo (RoleInfo.java:shutdownFollowerState(108)) - 271317f1-f8b4-40e6-a29f-423c50314c9a: shutdown 271317f1-f8b4-40e6-a29f-423c50314c9a@group-D68F9A05A383-FollowerState
2022-01-12 07:42:02,541 [271317f1-f8b4-40e6-a29f-423c50314c9a@group-D68F9A05A383-FollowerState] INFO  server.RaftServer$Division (RaftServerImpl.java:setRole(290)) - 271317f1-f8b4-40e6-a29f-423c50314c9a@group-D68F9A05A383: changes role from  FOLLOWER to CANDIDATE at term 7 for changeToCandidate
2022-01-12 07:42:02,541 [271317f1-f8b4-40e6-a29f-423c50314c9a@group-D68F9A05A383-FollowerState] INFO  server.RaftServerConfigKeys (ConfUtils.java:logGet(44)) - raft.server.leaderelection.pre-vote = false (custom)
2022-01-12 07:42:02,541 [271317f1-f8b4-40e6-a29f-423c50314c9a@group-D68F9A05A383-FollowerState] INFO  impl.RoleInfo (RoleInfo.java:updateAndGet(130)) - 271317f1-f8b4-40e6-a29f-423c50314c9a: start 271317f1-f8b4-40e6-a29f-423c50314c9a@group-D68F9A05A383-LeaderElection26
2022-01-12 07:42:02,560 [271317f1-f8b4-40e6-a29f-423c50314c9a@group-D68F9A05A383-LeaderElection26] INFO  impl.LeaderElection (LeaderElection.java:askForVotes(306)) - 271317f1-f8b4-40e6-a29f-423c50314c9a@group-D68F9A05A383-LeaderElection26 ELECTION round 0: submit vote requests at term 8 for -1: [271317f1-f8b4-40e6-a29f-423c50314c9a|rpc:10.1.0.33:43991|dataStream:|priority:0, 09bdbdee-2d8e-4e61-9916-e6a477ae13dd|rpc:10.1.0.33:45301|dataStream:|priority:0, 26f2b290-61b3-49ad-8002-bfb92d808e93|rpc:10.1.0.33:46813|dataStream:|priority:1], old=null
2022-01-12 07:42:02,579 [09bdbdee-2d8e-4e61-9916-e6a477ae13dd@group-D68F9A05A383-FollowerState] INFO  impl.FollowerState (FollowerState.java:run(134)) - 09bdbdee-2d8e-4e61-9916-e6a477ae13dd@group-D68F9A05A383-FollowerState: change to CANDIDATE, lastRpcElapsedTime:5140963466ns, electionTimeout:5113ms
2022-01-12 07:42:02,579 [09bdbdee-2d8e-4e61-9916-e6a477ae13dd@group-D68F9A05A383-FollowerState] INFO  impl.RoleInfo (RoleInfo.java:shutdownFollowerState(108)) - 09bdbdee-2d8e-4e61-9916-e6a477ae13dd: shutdown 09bdbdee-2d8e-4e61-9916-e6a477ae13dd@group-D68F9A05A383-FollowerState
2022-01-12 07:42:02,581 [09bdbdee-2d8e-4e61-9916-e6a477ae13dd@group-D68F9A05A383-FollowerState] INFO  server.RaftServer$Division (RaftServerImpl.java:setRole(290)) - 09bdbdee-2d8e-4e61-9916-e6a477ae13dd@group-D68F9A05A383: changes role from  FOLLOWER to CANDIDATE at term 7 for changeToCandidate
2022-01-12 07:42:02,581 [09bdbdee-2d8e-4e61-9916-e6a477ae13dd@group-D68F9A05A383-FollowerState] INFO  server.RaftServerConfigKeys (ConfUtils.java:logGet(44)) - raft.server.leaderelection.pre-vote = false (custom)
2022-01-12 07:42:02,581 [09bdbdee-2d8e-4e61-9916-e6a477ae13dd@group-D68F9A05A383-FollowerState] INFO  impl.RoleInfo (RoleInfo.java:updateAndGet(130)) - 09bdbdee-2d8e-4e61-9916-e6a477ae13dd: start 09bdbdee-2d8e-4e61-9916-e6a477ae13dd@group-D68F9A05A383-LeaderElection27
2022-01-12 07:42:02,602 [26f2b290-61b3-49ad-8002-bfb92d808e93@group-D68F9A05A383-FollowerState] INFO  impl.FollowerState (FollowerState.java:run(134)) - 26f2b290-61b3-49ad-8002-bfb92d808e93@group-D68F9A05A383-FollowerState: change to CANDIDATE, lastRpcElapsedTime:5143704015ns, electionTimeout:5131ms
2022-01-12 07:42:02,602 [26f2b290-61b3-49ad-8002-bfb92d808e93@group-D68F9A05A383-FollowerState] INFO  impl.RoleInfo (RoleInfo.java:shutdownFollowerState(108)) - 26f2b290-61b3-49ad-8002-bfb92d808e93: shutdown 26f2b290-61b3-49ad-8002-bfb92d808e93@group-D68F9A05A383-FollowerState
2022-01-12 07:42:02,602 [26f2b290-61b3-49ad-8002-bfb92d808e93@group-D68F9A05A383-FollowerState] INFO  server.RaftServer$Division (RaftServerImpl.java:setRole(290)) - 26f2b290-61b3-49ad-8002-bfb92d808e93@group-D68F9A05A383: changes role from  FOLLOWER to CANDIDATE at term 7 for changeToCandidate
2022-01-12 07:42:02,617 [26f2b290-61b3-49ad-8002-bfb92d808e93@group-D68F9A05A383-FollowerState] INFO  server.RaftServerConfigKeys (ConfUtils.java:logGet(44)) - raft.server.leaderelection.pre-vote = false (custom)
2022-01-12 07:42:02,617 [26f2b290-61b3-49ad-8002-bfb92d808e93@group-D68F9A05A383-FollowerState] INFO  impl.RoleInfo (RoleInfo.java:updateAndGet(130)) - 26f2b290-61b3-49ad-8002-bfb92d808e93: start 26f2b290-61b3-49ad-8002-bfb92d808e93@group-D68F9A05A383-LeaderElection28
2022-01-12 07:42:02,619 [09bdbdee-2d8e-4e61-9916-e6a477ae13dd@group-D68F9A05A383-LeaderElection27] INFO  impl.LeaderElection (LeaderElection.java:askForVotes(306)) - 09bdbdee-2d8e-4e61-9916-e6a477ae13dd@group-D68F9A05A383-LeaderElection27 ELECTION round 0: submit vote requests at term 8 for -1: [271317f1-f8b4-40e6-a29f-423c50314c9a|rpc:10.1.0.33:43991|priority:0, 09bdbdee-2d8e-4e61-9916-e6a477ae13dd|rpc:10.1.0.33:45301|priority:0, 26f2b290-61b3-49ad-8002-bfb92d808e93|rpc:10.1.0.33:46813|priority:1], old=null
2022-01-12 07:42:02,630 [grpc-default-executor-1] INFO  server.RaftServer$Division (RaftServerImpl.java:requestVote(1046)) - 09bdbdee-2d8e-4e61-9916-e6a477ae13dd@group-D68F9A05A383: receive requestVote(ELECTION, 271317f1-f8b4-40e6-a29f-423c50314c9a, group-D68F9A05A383, 8, (t:0, i:0))
2022-01-12 07:42:02,630 [grpc-default-executor-1] INFO  impl.VoteContext (VoteContext.java:log(48)) - 09bdbdee-2d8e-4e61-9916-e6a477ae13dd@group-D68F9A05A383-CANDIDATE: reject ELECTION from 271317f1-f8b4-40e6-a29f-423c50314c9a: already has voted for 09bdbdee-2d8e-4e61-9916-e6a477ae13dd at current term 8
2022-01-12 07:42:02,630 [grpc-default-executor-1] INFO  server.RaftServer$Division (RaftServerImpl.java:requestVote(1078)) - 09bdbdee-2d8e-4e61-9916-e6a477ae13dd@group-D68F9A05A383 replies to ELECTION vote request: 271317f1-f8b4-40e6-a29f-423c50314c9a<-09bdbdee-2d8e-4e61-9916-e6a477ae13dd#0:FAIL-t8. Peer's state: 09bdbdee-2d8e-4e61-9916-e6a477ae13dd@group-D68F9A05A383:t8, leader=null, voted=09bdbdee-2d8e-4e61-9916-e6a477ae13dd, raftlog=09bdbdee-2d8e-4e61-9916-e6a477ae13dd@group-D68F9A05A383-SegmentedRaftLog:OPENED:c-1, conf=-1: [271317f1-f8b4-40e6-a29f-423c50314c9a|rpc:10.1.0.33:43991|priority:0, 09bdbdee-2d8e-4e61-9916-e6a477ae13dd|rpc:10.1.0.33:45301|priority:0, 26f2b290-61b3-49ad-8002-bfb92d808e93|rpc:10.1.0.33:46813|priority:1], old=null
2022-01-12 07:42:02,631 [grpc-default-executor-2] INFO  server.RaftServer$Division (RaftServerImpl.java:requestVote(1046)) - 26f2b290-61b3-49ad-8002-bfb92d808e93@group-D68F9A05A383: receive requestVote(ELECTION, 271317f1-f8b4-40e6-a29f-423c50314c9a, group-D68F9A05A383, 8, (t:0, i:0))
2022-01-12 07:42:02,631 [grpc-default-executor-2] INFO  impl.VoteContext (VoteContext.java:log(48)) - 26f2b290-61b3-49ad-8002-bfb92d808e93@group-D68F9A05A383-CANDIDATE: reject ELECTION from 271317f1-f8b4-40e6-a29f-423c50314c9a: our priority 1 > candidate's priority 0
2022-01-12 07:42:02,631 [grpc-default-executor-2] INFO  server.RaftServer$Division (RaftServerImpl.java:setRole(290)) - 26f2b290-61b3-49ad-8002-bfb92d808e93@group-D68F9A05A383: changes role from CANDIDATE to FOLLOWER at term 8 for candidate:271317f1-f8b4-40e6-a29f-423c50314c9a
2022-01-12 07:42:02,631 [grpc-default-executor-2] INFO  impl.RoleInfo (RoleInfo.java:shutdownLeaderElection(121)) - 26f2b290-61b3-49ad-8002-bfb92d808e93: shutdown 26f2b290-61b3-49ad-8002-bfb92d808e93@group-D68F9A05A383-LeaderElection28
2022-01-12 07:42:02,631 [grpc-default-executor-2] INFO  impl.RoleInfo (RoleInfo.java:updateAndGet(130)) - 26f2b290-61b3-49ad-8002-bfb92d808e93: start 26f2b290-61b3-49ad-8002-bfb92d808e93@group-D68F9A05A383-FollowerState
2022-01-12 07:42:02,638 [grpc-default-executor-2] INFO  server.RaftServer$Division (RaftServerImpl.java:requestVote(1078)) - 26f2b290-61b3-49ad-8002-bfb92d808e93@group-D68F9A05A383 replies to ELECTION vote request: 271317f1-f8b4-40e6-a29f-423c50314c9a<-26f2b290-61b3-49ad-8002-bfb92d808e93#0:FAIL-t8. Peer's state: 26f2b290-61b3-49ad-8002-bfb92d808e93@group-D68F9A05A383:t8, leader=null, voted=null, raftlog=26f2b290-61b3-49ad-8002-bfb92d808e93@group-D68F9A05A383-SegmentedRaftLog:OPENED:c-1, conf=-1: [271317f1-f8b4-40e6-a29f-423c50314c9a|rpc:10.1.0.33:43991|dataStream:|priority:0, 09bdbdee-2d8e-4e61-9916-e6a477ae13dd|rpc:10.1.0.33:45301|dataStream:|priority:0, 26f2b290-61b3-49ad-8002-bfb92d808e93|rpc:10.1.0.33:46813|dataStream:|priority:1], old=null
2022-01-12 07:42:02,643 [26f2b290-61b3-49ad-8002-bfb92d808e93@group-D68F9A05A383-LeaderElection28] INFO  impl.LeaderElection (LeaderElection.java:run(230)) - 26f2b290-61b3-49ad-8002-bfb92d808e93@group-D68F9A05A383-LeaderElection28: skip running since this is already CLOSING
2022-01-12 07:42:02,669 [grpc-default-executor-2] INFO  server.RaftServer$Division (RaftServerImpl.java:requestVote(1046)) - 271317f1-f8b4-40e6-a29f-423c50314c9a@group-D68F9A05A383: receive requestVote(ELECTION, 09bdbdee-2d8e-4e61-9916-e6a477ae13dd, group-D68F9A05A383, 8, (t:0, i:0))
2022-01-12 07:42:02,669 [grpc-default-executor-2] INFO  impl.VoteContext (VoteContext.java:log(48)) - 271317f1-f8b4-40e6-a29f-423c50314c9a@group-D68F9A05A383-CANDIDATE: reject ELECTION from 09bdbdee-2d8e-4e61-9916-e6a477ae13dd: already has voted for 271317f1-f8b4-40e6-a29f-423c50314c9a at current term 8
2022-01-12 07:42:02,670 [grpc-default-executor-2] INFO  server.RaftServer$Division (RaftServerImpl.java:requestVote(1078)) - 271317f1-f8b4-40e6-a29f-423c50314c9a@group-D68F9A05A383 replies to ELECTION vote request: 09bdbdee-2d8e-4e61-9916-e6a477ae13dd<-271317f1-f8b4-40e6-a29f-423c50314c9a#0:FAIL-t8. Peer's state: 271317f1-f8b4-40e6-a29f-423c50314c9a@group-D68F9A05A383:t8, leader=null, voted=271317f1-f8b4-40e6-a29f-423c50314c9a, raftlog=271317f1-f8b4-40e6-a29f-423c50314c9a@group-D68F9A05A383-SegmentedRaftLog:OPENED:c-1, conf=-1: [271317f1-f8b4-40e6-a29f-423c50314c9a|rpc:10.1.0.33:43991|dataStream:|priority:0, 09bdbdee-2d8e-4e61-9916-e6a477ae13dd|rpc:10.1.0.33:45301|dataStream:|priority:0, 26f2b290-61b3-49ad-8002-bfb92d808e93|rpc:10.1.0.33:46813|dataStream:|priority:1], old=null
2022-01-12 07:42:02,672 [271317f1-f8b4-40e6-a29f-423c50314c9a@group-D68F9A05A383-LeaderElection26] INFO  impl.LeaderElection (LeaderElection.java:logAndReturn(89)) - 271317f1-f8b4-40e6-a29f-423c50314c9a@group-D68F9A05A383-LeaderElection26: ELECTION REJECTED received 1 response(s) and 0 exception(s):
2022-01-12 07:42:02,673 [271317f1-f8b4-40e6-a29f-423c50314c9a@group-D68F9A05A383-LeaderElection26] INFO  impl.LeaderElection (LeaderElection.java:logAndReturn(93)) -   Response 0: 271317f1-f8b4-40e6-a29f-423c50314c9a<-26f2b290-61b3-49ad-8002-bfb92d808e93#0:FAIL-t8
2022-01-12 07:42:02,673 [271317f1-f8b4-40e6-a29f-423c50314c9a@group-D68F9A05A383-LeaderElection26] INFO  impl.LeaderElection (LeaderElection.java:askForVotes(308)) - 271317f1-f8b4-40e6-a29f-423c50314c9a@group-D68F9A05A383-LeaderElection26 ELECTION round 0: result REJECTED
2022-01-12 07:42:02,673 [271317f1-f8b4-40e6-a29f-423c50314c9a@group-D68F9A05A383-LeaderElection26] INFO  server.RaftServer$Division (RaftServerImpl.java:setRole(290)) - 271317f1-f8b4-40e6-a29f-423c50314c9a@group-D68F9A05A383: changes role from CANDIDATE to FOLLOWER at term 8 for REJECTED
2022-01-12 07:42:02,673 [271317f1-f8b4-40e6-a29f-423c50314c9a@group-D68F9A05A383-LeaderElection26] INFO  impl.RoleInfo (RoleInfo.java:shutdownLeaderElection(121)) - 271317f1-f8b4-40e6-a29f-423c50314c9a: shutdown 271317f1-f8b4-40e6-a29f-423c50314c9a@group-D68F9A05A383-LeaderElection26
2022-01-12 07:42:02,673 [271317f1-f8b4-40e6-a29f-423c50314c9a@group-D68F9A05A383-LeaderElection26] INFO  impl.RoleInfo (RoleInfo.java:updateAndGet(130)) - 271317f1-f8b4-40e6-a29f-423c50314c9a: start 271317f1-f8b4-40e6-a29f-423c50314c9a@group-D68F9A05A383-FollowerState
2022-01-12 07:42:02,692 [grpc-default-executor-2] INFO  server.RaftServer$Division (RaftServerImpl.java:requestVote(1046)) - 26f2b290-61b3-49ad-8002-bfb92d808e93@group-D68F9A05A383: receive requestVote(ELECTION, 09bdbdee-2d8e-4e61-9916-e6a477ae13dd, group-D68F9A05A383, 8, (t:0, i:0))
2022-01-12 07:42:02,692 [grpc-default-executor-2] INFO  impl.VoteContext (VoteContext.java:log(48)) - 26f2b290-61b3-49ad-8002-bfb92d808e93@group-D68F9A05A383-FOLLOWER: reject ELECTION from 09bdbdee-2d8e-4e61-9916-e6a477ae13dd: our priority 1 > candidate's priority 0
2022-01-12 07:42:02,692 [grpc-default-executor-2] INFO  server.RaftServer$Division (RaftServerImpl.java:setRole(290)) - 26f2b290-61b3-49ad-8002-bfb92d808e93@group-D68F9A05A383: changes role from  FOLLOWER to FOLLOWER at term 8 for candidate:09bdbdee-2d8e-4e61-9916-e6a477ae13dd
2022-01-12 07:42:02,692 [grpc-default-executor-2] INFO  impl.RoleInfo (RoleInfo.java:shutdownFollowerState(108)) - 26f2b290-61b3-49ad-8002-bfb92d808e93: shutdown 26f2b290-61b3-49ad-8002-bfb92d808e93@group-D68F9A05A383-FollowerState
2022-01-12 07:42:02,692 [grpc-default-executor-2] INFO  impl.RoleInfo (RoleInfo.java:updateAndGet(130)) - 26f2b290-61b3-49ad-8002-bfb92d808e93: start 26f2b290-61b3-49ad-8002-bfb92d808e93@group-D68F9A05A383-FollowerState
2022-01-12 07:42:02,693 [26f2b290-61b3-49ad-8002-bfb92d808e93@group-D68F9A05A383-FollowerState] INFO  impl.FollowerState (FollowerState.java:run(143)) - 26f2b290-61b3-49ad-8002-bfb92d808e93@group-D68F9A05A383-FollowerState was interrupted: {}
java.lang.InterruptedException: sleep interrupted
	at java.lang.Thread.sleep(Native Method)
	at java.lang.Thread.sleep(Thread.java:340)
	at java.util.concurrent.TimeUnit.sleep(TimeUnit.java:386)
	at org.apache.ratis.util.TimeDuration.sleep(TimeDuration.java:324)
	at org.apache.ratis.util.TimeDuration.sleep(TimeDuration.java:309)
	at org.apache.ratis.server.impl.FollowerState.run(FollowerState.java:118)
2022-01-12 07:42:02,693 [grpc-default-executor-2] INFO  server.RaftServer$Division (RaftServerImpl.java:requestVote(1078)) - 26f2b290-61b3-49ad-8002-bfb92d808e93@group-D68F9A05A383 replies to ELECTION vote request: 09bdbdee-2d8e-4e61-9916-e6a477ae13dd<-26f2b290-61b3-49ad-8002-bfb92d808e93#0:FAIL-t8. Peer's state: 26f2b290-61b3-49ad-8002-bfb92d808e93@group-D68F9A05A383:t8, leader=null, voted=null, raftlog=26f2b290-61b3-49ad-8002-bfb92d808e93@group-D68F9A05A383-SegmentedRaftLog:OPENED:c-1, conf=-1: [271317f1-f8b4-40e6-a29f-423c50314c9a|rpc:10.1.0.33:43991|dataStream:|priority:0, 09bdbdee-2d8e-4e61-9916-e6a477ae13dd|rpc:10.1.0.33:45301|dataStream:|priority:0, 26f2b290-61b3-49ad-8002-bfb92d808e93|rpc:10.1.0.33:46813|dataStream:|priority:1], old=null
2022-01-12 07:42:02,694 [09bdbdee-2d8e-4e61-9916-e6a477ae13dd@group-D68F9A05A383-LeaderElection27] INFO  impl.LeaderElection (LeaderElection.java:logAndReturn(89)) - 09bdbdee-2d8e-4e61-9916-e6a477ae13dd@group-D68F9A05A383-LeaderElection27: ELECTION REJECTED received 2 response(s) and 0 exception(s):
2022-01-12 07:42:02,694 [09bdbdee-2d8e-4e61-9916-e6a477ae13dd@group-D68F9A05A383-LeaderElection27] INFO  impl.LeaderElection (LeaderElection.java:logAndReturn(93)) -   Response 0: 09bdbdee-2d8e-4e61-9916-e6a477ae13dd<-271317f1-f8b4-40e6-a29f-423c50314c9a#0:FAIL-t8
2022-01-12 07:42:02,694 [09bdbdee-2d8e-4e61-9916-e6a477ae13dd@group-D68F9A05A383-LeaderElection27] INFO  impl.LeaderElection (LeaderElection.java:logAndReturn(93)) -   Response 1: 09bdbdee-2d8e-4e61-9916-e6a477ae13dd<-26f2b290-61b3-49ad-8002-bfb92d808e93#0:FAIL-t8
2022-01-12 07:42:02,694 [09bdbdee-2d8e-4e61-9916-e6a477ae13dd@group-D68F9A05A383-LeaderElection27] INFO  impl.LeaderElection (LeaderElection.java:askForVotes(308)) - 09bdbdee-2d8e-4e61-9916-e6a477ae13dd@group-D68F9A05A383-LeaderElection27 ELECTION round 0: result REJECTED
2022-01-12 07:42:02,694 [09bdbdee-2d8e-4e61-9916-e6a477ae13dd@group-D68F9A05A383-LeaderElection27] INFO  server.RaftServer$Division (RaftServerImpl.java:setRole(290)) - 09bdbdee-2d8e-4e61-9916-e6a477ae13dd@group-D68F9A05A383: changes role from CANDIDATE to FOLLOWER at term 8 for REJECTED
2022-01-12 07:42:02,695 [09bdbdee-2d8e-4e61-9916-e6a477ae13dd@group-D68F9A05A383-LeaderElection27] INFO  impl.RoleInfo (RoleInfo.java:shutdownLeaderElection(121)) - 09bdbdee-2d8e-4e61-9916-e6a477ae13dd: shutdown 09bdbdee-2d8e-4e61-9916-e6a477ae13dd@group-D68F9A05A383-LeaderElection27
2022-01-12 07:42:02,695 [09bdbdee-2d8e-4e61-9916-e6a477ae13dd@group-D68F9A05A383-LeaderElection27] INFO  impl.RoleInfo (RoleInfo.java:updateAndGet(130)) - 09bdbdee-2d8e-4e61-9916-e6a477ae13dd: start 09bdbdee-2d8e-4e61-9916-e6a477ae13dd@group-D68F9A05A383-FollowerState
2022-01-12 07:42:03,407 [Listener at 127.0.0.1/46417] INFO  ozone.MiniOzoneClusterImpl (MiniOzoneClusterImpl.java:lambda$waitForClusterToBeReady$0(235)) - Nodes are ready. Got 3 of 3 DN Heartbeats.
2022-01-12 07:42:03,407 [Listener at 127.0.0.1/46417] INFO  ozone.MiniOzoneClusterImpl (MiniOzoneClusterImpl.java:lambda$waitForClusterToBeReady$0(238)) - Waiting for cluster to exit safe mode
2022-01-12 07:42:03,407 [Listener at 127.0.0.1/46417] INFO  ozone.MiniOzoneClusterImpl (MiniOzoneClusterImpl.java:lambda$waitForClusterToBeReady$0(240)) - SCM became leader
2022-01-12 07:42:04,407 [Listener at 127.0.0.1/46417] INFO  ozone.MiniOzoneClusterImpl (MiniOzoneClusterImpl.java:lambda$waitForClusterToBeReady$0(235)) - Nodes are ready. Got 3 of 3 DN Heartbeats.
2022-01-12 07:42:04,408 [Listener at 127.0.0.1/46417] INFO  ozone.MiniOzoneClusterImpl (MiniOzoneClusterImpl.java:lambda$waitForClusterToBeReady$0(238)) - Waiting for cluster to exit safe mode
2022-01-12 07:42:04,408 [Listener at 127.0.0.1/46417] INFO  ozone.MiniOzoneClusterImpl (MiniOzoneClusterImpl.java:lambda$waitForClusterToBeReady$0(240)) - SCM became leader
2022-01-12 07:42:05,408 [Listener at 127.0.0.1/46417] INFO  ozone.MiniOzoneClusterImpl (MiniOzoneClusterImpl.java:lambda$waitForClusterToBeReady$0(235)) - Nodes are ready. Got 3 of 3 DN Heartbeats.
2022-01-12 07:42:05,408 [Listener at 127.0.0.1/46417] INFO  ozone.MiniOzoneClusterImpl (MiniOzoneClusterImpl.java:lambda$waitForClusterToBeReady$0(238)) - Waiting for cluster to exit safe mode
2022-01-12 07:42:05,408 [Listener at 127.0.0.1/46417] INFO  ozone.MiniOzoneClusterImpl (MiniOzoneClusterImpl.java:lambda$waitForClusterToBeReady$0(240)) - SCM became leader
2022-01-12 07:42:06,408 [Listener at 127.0.0.1/46417] INFO  ozone.MiniOzoneClusterImpl (MiniOzoneClusterImpl.java:lambda$waitForClusterToBeReady$0(235)) - Nodes are ready. Got 3 of 3 DN Heartbeats.
2022-01-12 07:42:06,409 [Listener at 127.0.0.1/46417] INFO  ozone.MiniOzoneClusterImpl (MiniOzoneClusterImpl.java:lambda$waitForClusterToBeReady$0(238)) - Waiting for cluster to exit safe mode
2022-01-12 07:42:06,409 [Listener at 127.0.0.1/46417] INFO  ozone.MiniOzoneClusterImpl (MiniOzoneClusterImpl.java:lambda$waitForClusterToBeReady$0(240)) - SCM became leader
2022-01-12 07:42:07,409 [Listener at 127.0.0.1/46417] INFO  ozone.MiniOzoneClusterImpl (MiniOzoneClusterImpl.java:lambda$waitForClusterToBeReady$0(235)) - Nodes are ready. Got 3 of 3 DN Heartbeats.
2022-01-12 07:42:07,409 [Listener at 127.0.0.1/46417] INFO  ozone.MiniOzoneClusterImpl (MiniOzoneClusterImpl.java:lambda$waitForClusterToBeReady$0(238)) - Waiting for cluster to exit safe mode
2022-01-12 07:42:07,409 [Listener at 127.0.0.1/46417] INFO  ozone.MiniOzoneClusterImpl (MiniOzoneClusterImpl.java:lambda$waitForClusterToBeReady$0(240)) - SCM became leader
2022-01-12 07:42:07,870 [271317f1-f8b4-40e6-a29f-423c50314c9a@group-D68F9A05A383-FollowerState] INFO  impl.FollowerState (FollowerState.java:run(134)) - 271317f1-f8b4-40e6-a29f-423c50314c9a@group-D68F9A05A383-FollowerState: change to CANDIDATE, lastRpcElapsedTime:5196894530ns, electionTimeout:5179ms
2022-01-12 07:42:07,870 [271317f1-f8b4-40e6-a29f-423c50314c9a@group-D68F9A05A383-FollowerState] INFO  impl.RoleInfo (RoleInfo.java:shutdownFollowerState(108)) - 271317f1-f8b4-40e6-a29f-423c50314c9a: shutdown 271317f1-f8b4-40e6-a29f-423c50314c9a@group-D68F9A05A383-FollowerState
2022-01-12 07:42:07,870 [271317f1-f8b4-40e6-a29f-423c50314c9a@group-D68F9A05A383-FollowerState] INFO  server.RaftServer$Division (RaftServerImpl.java:setRole(290)) - 271317f1-f8b4-40e6-a29f-423c50314c9a@group-D68F9A05A383: changes role from  FOLLOWER to CANDIDATE at term 8 for changeToCandidate
2022-01-12 07:42:07,870 [271317f1-f8b4-40e6-a29f-423c50314c9a@group-D68F9A05A383-FollowerState] INFO  server.RaftServerConfigKeys (ConfUtils.java:logGet(44)) - raft.server.leaderelection.pre-vote = false (custom)
2022-01-12 07:42:07,870 [271317f1-f8b4-40e6-a29f-423c50314c9a@group-D68F9A05A383-FollowerState] INFO  impl.RoleInfo (RoleInfo.java:updateAndGet(130)) - 271317f1-f8b4-40e6-a29f-423c50314c9a: start 271317f1-f8b4-40e6-a29f-423c50314c9a@group-D68F9A05A383-LeaderElection29
2022-01-12 07:42:07,881 [26f2b290-61b3-49ad-8002-bfb92d808e93@group-D68F9A05A383-FollowerState] INFO  impl.FollowerState (FollowerState.java:run(134)) - 26f2b290-61b3-49ad-8002-bfb92d808e93@group-D68F9A05A383-FollowerState: change to CANDIDATE, lastRpcElapsedTime:5188838690ns, electionTimeout:5186ms
2022-01-12 07:42:07,881 [26f2b290-61b3-49ad-8002-bfb92d808e93@group-D68F9A05A383-FollowerState] INFO  impl.RoleInfo (RoleInfo.java:shutdownFollowerState(108)) - 26f2b290-61b3-49ad-8002-bfb92d808e93: shutdown 26f2b290-61b3-49ad-8002-bfb92d808e93@group-D68F9A05A383-FollowerState
2022-01-12 07:42:07,881 [26f2b290-61b3-49ad-8002-bfb92d808e93@group-D68F9A05A383-FollowerState] INFO  server.RaftServer$Division (RaftServerImpl.java:setRole(290)) - 26f2b290-61b3-49ad-8002-bfb92d808e93@group-D68F9A05A383: changes role from  FOLLOWER to CANDIDATE at term 8 for changeToCandidate
2022-01-12 07:42:07,882 [26f2b290-61b3-49ad-8002-bfb92d808e93@group-D68F9A05A383-FollowerState] INFO  server.RaftServerConfigKeys (ConfUtils.java:logGet(44)) - raft.server.leaderelection.pre-vote = false (custom)
2022-01-12 07:42:07,882 [26f2b290-61b3-49ad-8002-bfb92d808e93@group-D68F9A05A383-FollowerState] INFO  impl.RoleInfo (RoleInfo.java:updateAndGet(130)) - 26f2b290-61b3-49ad-8002-bfb92d808e93: start 26f2b290-61b3-49ad-8002-bfb92d808e93@group-D68F9A05A383-LeaderElection30
2022-01-12 07:42:07,887 [271317f1-f8b4-40e6-a29f-423c50314c9a@group-D68F9A05A383-LeaderElection29] INFO  impl.LeaderElection (LeaderElection.java:askForVotes(306)) - 271317f1-f8b4-40e6-a29f-423c50314c9a@group-D68F9A05A383-LeaderElection29 ELECTION round 0: submit vote requests at term 9 for -1: [271317f1-f8b4-40e6-a29f-423c50314c9a|rpc:10.1.0.33:43991|dataStream:|priority:0, 09bdbdee-2d8e-4e61-9916-e6a477ae13dd|rpc:10.1.0.33:45301|dataStream:|priority:0, 26f2b290-61b3-49ad-8002-bfb92d808e93|rpc:10.1.0.33:46813|dataStream:|priority:1], old=null
2022-01-12 07:42:07,895 [09bdbdee-2d8e-4e61-9916-e6a477ae13dd@group-D68F9A05A383-FollowerState] INFO  impl.FollowerState (FollowerState.java:run(134)) - 09bdbdee-2d8e-4e61-9916-e6a477ae13dd@group-D68F9A05A383-FollowerState: change to CANDIDATE, lastRpcElapsedTime:5200170208ns, electionTimeout:5180ms
2022-01-12 07:42:07,895 [09bdbdee-2d8e-4e61-9916-e6a477ae13dd@group-D68F9A05A383-FollowerState] INFO  impl.RoleInfo (RoleInfo.java:shutdownFollowerState(108)) - 09bdbdee-2d8e-4e61-9916-e6a477ae13dd: shutdown 09bdbdee-2d8e-4e61-9916-e6a477ae13dd@group-D68F9A05A383-FollowerState
2022-01-12 07:42:07,895 [09bdbdee-2d8e-4e61-9916-e6a477ae13dd@group-D68F9A05A383-FollowerState] INFO  server.RaftServer$Division (RaftServerImpl.java:setRole(290)) - 09bdbdee-2d8e-4e61-9916-e6a477ae13dd@group-D68F9A05A383: changes role from  FOLLOWER to CANDIDATE at term 8 for changeToCandidate
2022-01-12 07:42:07,895 [grpc-default-executor-2] INFO  server.RaftServer$Division (RaftServerImpl.java:requestVote(1046)) - 09bdbdee-2d8e-4e61-9916-e6a477ae13dd@group-D68F9A05A383: receive requestVote(ELECTION, 271317f1-f8b4-40e6-a29f-423c50314c9a, group-D68F9A05A383, 9, (t:0, i:0))
2022-01-12 07:42:07,895 [09bdbdee-2d8e-4e61-9916-e6a477ae13dd@group-D68F9A05A383-FollowerState] INFO  server.RaftServerConfigKeys (ConfUtils.java:logGet(44)) - raft.server.leaderelection.pre-vote = false (custom)
2022-01-12 07:42:07,895 [09bdbdee-2d8e-4e61-9916-e6a477ae13dd@group-D68F9A05A383-FollowerState] INFO  impl.RoleInfo (RoleInfo.java:updateAndGet(130)) - 09bdbdee-2d8e-4e61-9916-e6a477ae13dd: start 09bdbdee-2d8e-4e61-9916-e6a477ae13dd@group-D68F9A05A383-LeaderElection31
2022-01-12 07:42:07,895 [grpc-default-executor-2] INFO  impl.VoteContext (VoteContext.java:log(48)) - 09bdbdee-2d8e-4e61-9916-e6a477ae13dd@group-D68F9A05A383-CANDIDATE: accept ELECTION from 271317f1-f8b4-40e6-a29f-423c50314c9a: our priority 0 <= candidate's priority 0
2022-01-12 07:42:07,896 [grpc-default-executor-2] INFO  server.RaftServer$Division (RaftServerImpl.java:setRole(290)) - 09bdbdee-2d8e-4e61-9916-e6a477ae13dd@group-D68F9A05A383: changes role from CANDIDATE to FOLLOWER at term 9 for candidate:271317f1-f8b4-40e6-a29f-423c50314c9a
2022-01-12 07:42:07,896 [grpc-default-executor-2] INFO  impl.RoleInfo (RoleInfo.java:shutdownLeaderElection(121)) - 09bdbdee-2d8e-4e61-9916-e6a477ae13dd: shutdown 09bdbdee-2d8e-4e61-9916-e6a477ae13dd@group-D68F9A05A383-LeaderElection31
2022-01-12 07:42:07,896 [grpc-default-executor-2] INFO  impl.RoleInfo (RoleInfo.java:updateAndGet(130)) - 09bdbdee-2d8e-4e61-9916-e6a477ae13dd: start 09bdbdee-2d8e-4e61-9916-e6a477ae13dd@group-D68F9A05A383-FollowerState
2022-01-12 07:42:07,896 [09bdbdee-2d8e-4e61-9916-e6a477ae13dd@group-D68F9A05A383-LeaderElection31] INFO  impl.LeaderElection (LeaderElection.java:run(230)) - 09bdbdee-2d8e-4e61-9916-e6a477ae13dd@group-D68F9A05A383-LeaderElection31: skip running since this is already CLOSING
2022-01-12 07:42:07,898 [grpc-default-executor-2] INFO  server.RaftServer$Division (RaftServerImpl.java:requestVote(1078)) - 09bdbdee-2d8e-4e61-9916-e6a477ae13dd@group-D68F9A05A383 replies to ELECTION vote request: 271317f1-f8b4-40e6-a29f-423c50314c9a<-09bdbdee-2d8e-4e61-9916-e6a477ae13dd#0:OK-t9. Peer's state: 09bdbdee-2d8e-4e61-9916-e6a477ae13dd@group-D68F9A05A383:t9, leader=null, voted=271317f1-f8b4-40e6-a29f-423c50314c9a, raftlog=09bdbdee-2d8e-4e61-9916-e6a477ae13dd@group-D68F9A05A383-SegmentedRaftLog:OPENED:c-1, conf=-1: [271317f1-f8b4-40e6-a29f-423c50314c9a|rpc:10.1.0.33:43991|priority:0, 09bdbdee-2d8e-4e61-9916-e6a477ae13dd|rpc:10.1.0.33:45301|priority:0, 26f2b290-61b3-49ad-8002-bfb92d808e93|rpc:10.1.0.33:46813|priority:1], old=null
2022-01-12 07:42:07,903 [26f2b290-61b3-49ad-8002-bfb92d808e93@group-D68F9A05A383-LeaderElection30] INFO  impl.LeaderElection (LeaderElection.java:askForVotes(306)) - 26f2b290-61b3-49ad-8002-bfb92d808e93@group-D68F9A05A383-LeaderElection30 ELECTION round 0: submit vote requests at term 9 for -1: [271317f1-f8b4-40e6-a29f-423c50314c9a|rpc:10.1.0.33:43991|dataStream:|priority:0, 09bdbdee-2d8e-4e61-9916-e6a477ae13dd|rpc:10.1.0.33:45301|dataStream:|priority:0, 26f2b290-61b3-49ad-8002-bfb92d808e93|rpc:10.1.0.33:46813|dataStream:|priority:1], old=null
2022-01-12 07:42:07,915 [grpc-default-executor-2] INFO  server.RaftServer$Division (RaftServerImpl.java:requestVote(1046)) - 271317f1-f8b4-40e6-a29f-423c50314c9a@group-D68F9A05A383: receive requestVote(ELECTION, 26f2b290-61b3-49ad-8002-bfb92d808e93, group-D68F9A05A383, 9, (t:0, i:0))
2022-01-12 07:42:07,916 [grpc-default-executor-2] INFO  impl.VoteContext (VoteContext.java:log(48)) - 271317f1-f8b4-40e6-a29f-423c50314c9a@group-D68F9A05A383-CANDIDATE: reject ELECTION from 26f2b290-61b3-49ad-8002-bfb92d808e93: already has voted for 271317f1-f8b4-40e6-a29f-423c50314c9a at current term 9
2022-01-12 07:42:07,916 [grpc-default-executor-2] INFO  server.RaftServer$Division (RaftServerImpl.java:requestVote(1078)) - 271317f1-f8b4-40e6-a29f-423c50314c9a@group-D68F9A05A383 replies to ELECTION vote request: 26f2b290-61b3-49ad-8002-bfb92d808e93<-271317f1-f8b4-40e6-a29f-423c50314c9a#0:FAIL-t9. Peer's state: 271317f1-f8b4-40e6-a29f-423c50314c9a@group-D68F9A05A383:t9, leader=null, voted=271317f1-f8b4-40e6-a29f-423c50314c9a, raftlog=271317f1-f8b4-40e6-a29f-423c50314c9a@group-D68F9A05A383-SegmentedRaftLog:OPENED:c-1, conf=-1: [271317f1-f8b4-40e6-a29f-423c50314c9a|rpc:10.1.0.33:43991|dataStream:|priority:0, 09bdbdee-2d8e-4e61-9916-e6a477ae13dd|rpc:10.1.0.33:45301|dataStream:|priority:0, 26f2b290-61b3-49ad-8002-bfb92d808e93|rpc:10.1.0.33:46813|dataStream:|priority:1], old=null
2022-01-12 07:42:07,928 [grpc-default-executor-1] INFO  server.RaftServer$Division (RaftServerImpl.java:requestVote(1046)) - 26f2b290-61b3-49ad-8002-bfb92d808e93@group-D68F9A05A383: receive requestVote(ELECTION, 271317f1-f8b4-40e6-a29f-423c50314c9a, group-D68F9A05A383, 9, (t:0, i:0))
2022-01-12 07:42:07,929 [grpc-default-executor-1] INFO  impl.VoteContext (VoteContext.java:log(48)) - 26f2b290-61b3-49ad-8002-bfb92d808e93@group-D68F9A05A383-CANDIDATE: reject ELECTION from 271317f1-f8b4-40e6-a29f-423c50314c9a: already has voted for 26f2b290-61b3-49ad-8002-bfb92d808e93 at current term 9
2022-01-12 07:42:07,929 [grpc-default-executor-1] INFO  server.RaftServer$Division (RaftServerImpl.java:requestVote(1078)) - 26f2b290-61b3-49ad-8002-bfb92d808e93@group-D68F9A05A383 replies to ELECTION vote request: 271317f1-f8b4-40e6-a29f-423c50314c9a<-26f2b290-61b3-49ad-8002-bfb92d808e93#0:FAIL-t9. Peer's state: 26f2b290-61b3-49ad-8002-bfb92d808e93@group-D68F9A05A383:t9, leader=null, voted=26f2b290-61b3-49ad-8002-bfb92d808e93, raftlog=26f2b290-61b3-49ad-8002-bfb92d808e93@group-D68F9A05A383-SegmentedRaftLog:OPENED:c-1, conf=-1: [271317f1-f8b4-40e6-a29f-423c50314c9a|rpc:10.1.0.33:43991|dataStream:|priority:0, 09bdbdee-2d8e-4e61-9916-e6a477ae13dd|rpc:10.1.0.33:45301|dataStream:|priority:0, 26f2b290-61b3-49ad-8002-bfb92d808e93|rpc:10.1.0.33:46813|dataStream:|priority:1], old=null
2022-01-12 07:42:07,930 [271317f1-f8b4-40e6-a29f-423c50314c9a@group-D68F9A05A383-LeaderElection29] INFO  impl.LeaderElection (LeaderElection.java:logAndReturn(89)) - 271317f1-f8b4-40e6-a29f-423c50314c9a@group-D68F9A05A383-LeaderElection29: ELECTION REJECTED received 2 response(s) and 0 exception(s):
2022-01-12 07:42:07,930 [271317f1-f8b4-40e6-a29f-423c50314c9a@group-D68F9A05A383-LeaderElection29] INFO  impl.LeaderElection (LeaderElection.java:logAndReturn(93)) -   Response 0: 271317f1-f8b4-40e6-a29f-423c50314c9a<-09bdbdee-2d8e-4e61-9916-e6a477ae13dd#0:OK-t9
2022-01-12 07:42:07,930 [271317f1-f8b4-40e6-a29f-423c50314c9a@group-D68F9A05A383-LeaderElection29] INFO  impl.LeaderElection (LeaderElection.java:logAndReturn(93)) -   Response 1: 271317f1-f8b4-40e6-a29f-423c50314c9a<-26f2b290-61b3-49ad-8002-bfb92d808e93#0:FAIL-t9
2022-01-12 07:42:07,930 [271317f1-f8b4-40e6-a29f-423c50314c9a@group-D68F9A05A383-LeaderElection29] INFO  impl.LeaderElection (LeaderElection.java:askForVotes(308)) - 271317f1-f8b4-40e6-a29f-423c50314c9a@group-D68F9A05A383-LeaderElection29 ELECTION round 0: result REJECTED
2022-01-12 07:42:07,930 [271317f1-f8b4-40e6-a29f-423c50314c9a@group-D68F9A05A383-LeaderElection29] INFO  server.RaftServer$Division (RaftServerImpl.java:setRole(290)) - 271317f1-f8b4-40e6-a29f-423c50314c9a@group-D68F9A05A383: changes role from CANDIDATE to FOLLOWER at term 9 for REJECTED
2022-01-12 07:42:07,930 [271317f1-f8b4-40e6-a29f-423c50314c9a@group-D68F9A05A383-LeaderElection29] INFO  impl.RoleInfo (RoleInfo.java:shutdownLeaderElection(121)) - 271317f1-f8b4-40e6-a29f-423c50314c9a: shutdown 271317f1-f8b4-40e6-a29f-423c50314c9a@group-D68F9A05A383-LeaderElection29
2022-01-12 07:42:07,930 [271317f1-f8b4-40e6-a29f-423c50314c9a@group-D68F9A05A383-LeaderElection29] INFO  impl.RoleInfo (RoleInfo.java:updateAndGet(130)) - 271317f1-f8b4-40e6-a29f-423c50314c9a: start 271317f1-f8b4-40e6-a29f-423c50314c9a@group-D68F9A05A383-FollowerState
2022-01-12 07:42:07,961 [grpc-default-executor-1] INFO  server.RaftServer$Division (RaftServerImpl.java:requestVote(1046)) - 09bdbdee-2d8e-4e61-9916-e6a477ae13dd@group-D68F9A05A383: receive requestVote(ELECTION, 26f2b290-61b3-49ad-8002-bfb92d808e93, group-D68F9A05A383, 9, (t:0, i:0))
2022-01-12 07:42:07,961 [grpc-default-executor-1] INFO  impl.VoteContext (VoteContext.java:log(48)) - 09bdbdee-2d8e-4e61-9916-e6a477ae13dd@group-D68F9A05A383-FOLLOWER: reject ELECTION from 26f2b290-61b3-49ad-8002-bfb92d808e93: already has voted for 271317f1-f8b4-40e6-a29f-423c50314c9a at current term 9
2022-01-12 07:42:07,961 [grpc-default-executor-1] INFO  server.RaftServer$Division (RaftServerImpl.java:requestVote(1078)) - 09bdbdee-2d8e-4e61-9916-e6a477ae13dd@group-D68F9A05A383 replies to ELECTION vote request: 26f2b290-61b3-49ad-8002-bfb92d808e93<-09bdbdee-2d8e-4e61-9916-e6a477ae13dd#0:FAIL-t9. Peer's state: 09bdbdee-2d8e-4e61-9916-e6a477ae13dd@group-D68F9A05A383:t9, leader=null, voted=271317f1-f8b4-40e6-a29f-423c50314c9a, raftlog=09bdbdee-2d8e-4e61-9916-e6a477ae13dd@group-D68F9A05A383-SegmentedRaftLog:OPENED:c-1, conf=-1: [271317f1-f8b4-40e6-a29f-423c50314c9a|rpc:10.1.0.33:43991|priority:0, 09bdbdee-2d8e-4e61-9916-e6a477ae13dd|rpc:10.1.0.33:45301|priority:0, 26f2b290-61b3-49ad-8002-bfb92d808e93|rpc:10.1.0.33:46813|priority:1], old=null
2022-01-12 07:42:07,963 [26f2b290-61b3-49ad-8002-bfb92d808e93@group-D68F9A05A383-LeaderElection30] INFO  impl.LeaderElection (LeaderElection.java:logAndReturn(89)) - 26f2b290-61b3-49ad-8002-bfb92d808e93@group-D68F9A05A383-LeaderElection30: ELECTION REJECTED received 2 response(s) and 0 exception(s):
2022-01-12 07:42:07,963 [26f2b290-61b3-49ad-8002-bfb92d808e93@group-D68F9A05A383-LeaderElection30] INFO  impl.LeaderElection (LeaderElection.java:logAndReturn(93)) -   Response 0: 26f2b290-61b3-49ad-8002-bfb92d808e93<-271317f1-f8b4-40e6-a29f-423c50314c9a#0:FAIL-t9
2022-01-12 07:42:07,963 [26f2b290-61b3-49ad-8002-bfb92d808e93@group-D68F9A05A383-LeaderElection30] INFO  impl.LeaderElection (LeaderElection.java:logAndReturn(93)) -   Response 1: 26f2b290-61b3-49ad-8002-bfb92d808e93<-09bdbdee-2d8e-4e61-9916-e6a477ae13dd#0:FAIL-t9
2022-01-12 07:42:07,963 [26f2b290-61b3-49ad-8002-bfb92d808e93@group-D68F9A05A383-LeaderElection30] INFO  impl.LeaderElection (LeaderElection.java:askForVotes(308)) - 26f2b290-61b3-49ad-8002-bfb92d808e93@group-D68F9A05A383-LeaderElection30 ELECTION round 0: result REJECTED
2022-01-12 07:42:07,973 [26f2b290-61b3-49ad-8002-bfb92d808e93@group-D68F9A05A383-LeaderElection30] INFO  server.RaftServer$Division (RaftServerImpl.java:setRole(290)) - 26f2b290-61b3-49ad-8002-bfb92d808e93@group-D68F9A05A383: changes role from CANDIDATE to FOLLOWER at term 9 for REJECTED
2022-01-12 07:42:07,973 [26f2b290-61b3-49ad-8002-bfb92d808e93@group-D68F9A05A383-LeaderElection30] INFO  impl.RoleInfo (RoleInfo.java:shutdownLeaderElection(121)) - 26f2b290-61b3-49ad-8002-bfb92d808e93: shutdown 26f2b290-61b3-49ad-8002-bfb92d808e93@group-D68F9A05A383-LeaderElection30
2022-01-12 07:42:07,973 [26f2b290-61b3-49ad-8002-bfb92d808e93@group-D68F9A05A383-LeaderElection30] INFO  impl.RoleInfo (RoleInfo.java:updateAndGet(130)) - 26f2b290-61b3-49ad-8002-bfb92d808e93: start 26f2b290-61b3-49ad-8002-bfb92d808e93@group-D68F9A05A383-FollowerState
2022-01-12 07:42:08,409 [Listener at 127.0.0.1/46417] INFO  ozone.MiniOzoneClusterImpl (MiniOzoneClusterImpl.java:lambda$waitForClusterToBeReady$0(235)) - Nodes are ready. Got 3 of 3 DN Heartbeats.
2022-01-12 07:42:08,410 [Listener at 127.0.0.1/46417] INFO  ozone.MiniOzoneClusterImpl (MiniOzoneClusterImpl.java:lambda$waitForClusterToBeReady$0(238)) - Waiting for cluster to exit safe mode
2022-01-12 07:42:08,410 [Listener at 127.0.0.1/46417] INFO  ozone.MiniOzoneClusterImpl (MiniOzoneClusterImpl.java:lambda$waitForClusterToBeReady$0(240)) - SCM became leader
2022-01-12 07:42:09,410 [Listener at 127.0.0.1/46417] INFO  ozone.MiniOzoneClusterImpl (MiniOzoneClusterImpl.java:lambda$waitForClusterToBeReady$0(235)) - Nodes are ready. Got 3 of 3 DN Heartbeats.
2022-01-12 07:42:09,410 [Listener at 127.0.0.1/46417] INFO  ozone.MiniOzoneClusterImpl (MiniOzoneClusterImpl.java:lambda$waitForClusterToBeReady$0(238)) - Waiting for cluster to exit safe mode
2022-01-12 07:42:09,410 [Listener at 127.0.0.1/46417] INFO  ozone.MiniOzoneClusterImpl (MiniOzoneClusterImpl.java:lambda$waitForClusterToBeReady$0(240)) - SCM became leader
2022-01-12 07:42:10,410 [Listener at 127.0.0.1/46417] INFO  ozone.MiniOzoneClusterImpl (MiniOzoneClusterImpl.java:lambda$waitForClusterToBeReady$0(235)) - Nodes are ready. Got 3 of 3 DN Heartbeats.
2022-01-12 07:42:10,411 [Listener at 127.0.0.1/46417] INFO  ozone.MiniOzoneClusterImpl (MiniOzoneClusterImpl.java:lambda$waitForClusterToBeReady$0(238)) - Waiting for cluster to exit safe mode
2022-01-12 07:42:10,411 [Listener at 127.0.0.1/46417] INFO  ozone.MiniOzoneClusterImpl (MiniOzoneClusterImpl.java:lambda$waitForClusterToBeReady$0(240)) - SCM became leader
2022-01-12 07:42:11,411 [Listener at 127.0.0.1/46417] INFO  ozone.MiniOzoneClusterImpl (MiniOzoneClusterImpl.java:lambda$waitForClusterToBeReady$0(235)) - Nodes are ready. Got 3 of 3 DN Heartbeats.
2022-01-12 07:42:11,411 [Listener at 127.0.0.1/46417] INFO  ozone.MiniOzoneClusterImpl (MiniOzoneClusterImpl.java:lambda$waitForClusterToBeReady$0(238)) - Waiting for cluster to exit safe mode
2022-01-12 07:42:11,411 [Listener at 127.0.0.1/46417] INFO  ozone.MiniOzoneClusterImpl (MiniOzoneClusterImpl.java:lambda$waitForClusterToBeReady$0(240)) - SCM became leader
2022-01-12 07:42:12,411 [Listener at 127.0.0.1/46417] INFO  ozone.MiniOzoneClusterImpl (MiniOzoneClusterImpl.java:lambda$waitForClusterToBeReady$0(235)) - Nodes are ready. Got 3 of 3 DN Heartbeats.
2022-01-12 07:42:12,412 [Listener at 127.0.0.1/46417] INFO  ozone.MiniOzoneClusterImpl (MiniOzoneClusterImpl.java:lambda$waitForClusterToBeReady$0(238)) - Waiting for cluster to exit safe mode
2022-01-12 07:42:12,412 [Listener at 127.0.0.1/46417] INFO  ozone.MiniOzoneClusterImpl (MiniOzoneClusterImpl.java:lambda$waitForClusterToBeReady$0(240)) - SCM became leader
2022-01-12 07:42:12,997 [09bdbdee-2d8e-4e61-9916-e6a477ae13dd@group-D68F9A05A383-FollowerState] INFO  impl.FollowerState (FollowerState.java:run(134)) - 09bdbdee-2d8e-4e61-9916-e6a477ae13dd@group-D68F9A05A383-FollowerState: change to CANDIDATE, lastRpcElapsedTime:5098363375ns, electionTimeout:5090ms
2022-01-12 07:42:12,997 [09bdbdee-2d8e-4e61-9916-e6a477ae13dd@group-D68F9A05A383-FollowerState] INFO  impl.RoleInfo (RoleInfo.java:shutdownFollowerState(108)) - 09bdbdee-2d8e-4e61-9916-e6a477ae13dd: shutdown 09bdbdee-2d8e-4e61-9916-e6a477ae13dd@group-D68F9A05A383-FollowerState
2022-01-12 07:42:12,997 [09bdbdee-2d8e-4e61-9916-e6a477ae13dd@group-D68F9A05A383-FollowerState] INFO  server.RaftServer$Division (RaftServerImpl.java:setRole(290)) - 09bdbdee-2d8e-4e61-9916-e6a477ae13dd@group-D68F9A05A383: changes role from  FOLLOWER to CANDIDATE at term 9 for changeToCandidate
2022-01-12 07:42:12,997 [09bdbdee-2d8e-4e61-9916-e6a477ae13dd@group-D68F9A05A383-FollowerState] INFO  server.RaftServerConfigKeys (ConfUtils.java:logGet(44)) - raft.server.leaderelection.pre-vote = false (custom)
2022-01-12 07:42:12,997 [09bdbdee-2d8e-4e61-9916-e6a477ae13dd@group-D68F9A05A383-FollowerState] INFO  impl.RoleInfo (RoleInfo.java:updateAndGet(130)) - 09bdbdee-2d8e-4e61-9916-e6a477ae13dd: start 09bdbdee-2d8e-4e61-9916-e6a477ae13dd@group-D68F9A05A383-LeaderElection32
2022-01-12 07:42:13,010 [09bdbdee-2d8e-4e61-9916-e6a477ae13dd@group-D68F9A05A383-LeaderElection32] INFO  impl.LeaderElection (LeaderElection.java:askForVotes(306)) - 09bdbdee-2d8e-4e61-9916-e6a477ae13dd@group-D68F9A05A383-LeaderElection32 ELECTION round 0: submit vote requests at term 10 for -1: [271317f1-f8b4-40e6-a29f-423c50314c9a|rpc:10.1.0.33:43991|priority:0, 09bdbdee-2d8e-4e61-9916-e6a477ae13dd|rpc:10.1.0.33:45301|priority:0, 26f2b290-61b3-49ad-8002-bfb92d808e93|rpc:10.1.0.33:46813|priority:1], old=null
2022-01-12 07:42:13,017 [grpc-default-executor-1] INFO  server.RaftServer$Division (RaftServerImpl.java:requestVote(1046)) - 271317f1-f8b4-40e6-a29f-423c50314c9a@group-D68F9A05A383: receive requestVote(ELECTION, 09bdbdee-2d8e-4e61-9916-e6a477ae13dd, group-D68F9A05A383, 10, (t:0, i:0))
2022-01-12 07:42:13,017 [grpc-default-executor-1] INFO  impl.VoteContext (VoteContext.java:log(48)) - 271317f1-f8b4-40e6-a29f-423c50314c9a@group-D68F9A05A383-FOLLOWER: accept ELECTION from 09bdbdee-2d8e-4e61-9916-e6a477ae13dd: our priority 0 <= candidate's priority 0
2022-01-12 07:42:13,017 [grpc-default-executor-1] INFO  server.RaftServer$Division (RaftServerImpl.java:setRole(290)) - 271317f1-f8b4-40e6-a29f-423c50314c9a@group-D68F9A05A383: changes role from  FOLLOWER to FOLLOWER at term 10 for candidate:09bdbdee-2d8e-4e61-9916-e6a477ae13dd
2022-01-12 07:42:13,017 [grpc-default-executor-1] INFO  impl.RoleInfo (RoleInfo.java:shutdownFollowerState(108)) - 271317f1-f8b4-40e6-a29f-423c50314c9a: shutdown 271317f1-f8b4-40e6-a29f-423c50314c9a@group-D68F9A05A383-FollowerState
2022-01-12 07:42:13,017 [grpc-default-executor-1] INFO  impl.RoleInfo (RoleInfo.java:updateAndGet(130)) - 271317f1-f8b4-40e6-a29f-423c50314c9a: start 271317f1-f8b4-40e6-a29f-423c50314c9a@group-D68F9A05A383-FollowerState
2022-01-12 07:42:13,017 [271317f1-f8b4-40e6-a29f-423c50314c9a@group-D68F9A05A383-FollowerState] INFO  impl.FollowerState (FollowerState.java:run(143)) - 271317f1-f8b4-40e6-a29f-423c50314c9a@group-D68F9A05A383-FollowerState was interrupted: {}
java.lang.InterruptedException: sleep interrupted
	at java.lang.Thread.sleep(Native Method)
	at java.lang.Thread.sleep(Thread.java:340)
	at java.util.concurrent.TimeUnit.sleep(TimeUnit.java:386)
	at org.apache.ratis.util.TimeDuration.sleep(TimeDuration.java:324)
	at org.apache.ratis.util.TimeDuration.sleep(TimeDuration.java:309)
	at org.apache.ratis.server.impl.FollowerState.run(FollowerState.java:118)
2022-01-12 07:42:13,019 [26f2b290-61b3-49ad-8002-bfb92d808e93@group-D68F9A05A383-FollowerState] INFO  impl.FollowerState (FollowerState.java:run(134)) - 26f2b290-61b3-49ad-8002-bfb92d808e93@group-D68F9A05A383-FollowerState: change to CANDIDATE, lastRpcElapsedTime:5046428243ns, electionTimeout:5036ms
2022-01-12 07:42:13,019 [26f2b290-61b3-49ad-8002-bfb92d808e93@group-D68F9A05A383-FollowerState] INFO  impl.RoleInfo (RoleInfo.java:shutdownFollowerState(108)) - 26f2b290-61b3-49ad-8002-bfb92d808e93: shutdown 26f2b290-61b3-49ad-8002-bfb92d808e93@group-D68F9A05A383-FollowerState
2022-01-12 07:42:13,019 [26f2b290-61b3-49ad-8002-bfb92d808e93@group-D68F9A05A383-FollowerState] INFO  server.RaftServer$Division (RaftServerImpl.java:setRole(290)) - 26f2b290-61b3-49ad-8002-bfb92d808e93@group-D68F9A05A383: changes role from  FOLLOWER to CANDIDATE at term 9 for changeToCandidate
2022-01-12 07:42:13,024 [grpc-default-executor-1] INFO  server.RaftServer$Division (RaftServerImpl.java:requestVote(1078)) - 271317f1-f8b4-40e6-a29f-423c50314c9a@group-D68F9A05A383 replies to ELECTION vote request: 09bdbdee-2d8e-4e61-9916-e6a477ae13dd<-271317f1-f8b4-40e6-a29f-423c50314c9a#0:OK-t10. Peer's state: 271317f1-f8b4-40e6-a29f-423c50314c9a@group-D68F9A05A383:t10, leader=null, voted=09bdbdee-2d8e-4e61-9916-e6a477ae13dd, raftlog=271317f1-f8b4-40e6-a29f-423c50314c9a@group-D68F9A05A383-SegmentedRaftLog:OPENED:c-1, conf=-1: [271317f1-f8b4-40e6-a29f-423c50314c9a|rpc:10.1.0.33:43991|dataStream:|priority:0, 09bdbdee-2d8e-4e61-9916-e6a477ae13dd|rpc:10.1.0.33:45301|dataStream:|priority:0, 26f2b290-61b3-49ad-8002-bfb92d808e93|rpc:10.1.0.33:46813|dataStream:|priority:1], old=null
2022-01-12 07:42:13,026 [26f2b290-61b3-49ad-8002-bfb92d808e93@group-D68F9A05A383-FollowerState] INFO  server.RaftServerConfigKeys (ConfUtils.java:logGet(44)) - raft.server.leaderelection.pre-vote = false (custom)
2022-01-12 07:42:13,026 [26f2b290-61b3-49ad-8002-bfb92d808e93@group-D68F9A05A383-FollowerState] INFO  impl.RoleInfo (RoleInfo.java:updateAndGet(130)) - 26f2b290-61b3-49ad-8002-bfb92d808e93: start 26f2b290-61b3-49ad-8002-bfb92d808e93@group-D68F9A05A383-LeaderElection33
2022-01-12 07:42:13,034 [grpc-default-executor-1] INFO  server.RaftServer$Division (RaftServerImpl.java:requestVote(1046)) - 26f2b290-61b3-49ad-8002-bfb92d808e93@group-D68F9A05A383: receive requestVote(ELECTION, 09bdbdee-2d8e-4e61-9916-e6a477ae13dd, group-D68F9A05A383, 10, (t:0, i:0))
2022-01-12 07:42:13,034 [grpc-default-executor-1] INFO  impl.VoteContext (VoteContext.java:log(48)) - 26f2b290-61b3-49ad-8002-bfb92d808e93@group-D68F9A05A383-CANDIDATE: reject ELECTION from 09bdbdee-2d8e-4e61-9916-e6a477ae13dd: our priority 1 > candidate's priority 0
2022-01-12 07:42:13,034 [grpc-default-executor-1] INFO  server.RaftServer$Division (RaftServerImpl.java:setRole(290)) - 26f2b290-61b3-49ad-8002-bfb92d808e93@group-D68F9A05A383: changes role from CANDIDATE to FOLLOWER at term 10 for candidate:09bdbdee-2d8e-4e61-9916-e6a477ae13dd
2022-01-12 07:42:13,034 [grpc-default-executor-1] INFO  impl.RoleInfo (RoleInfo.java:shutdownLeaderElection(121)) - 26f2b290-61b3-49ad-8002-bfb92d808e93: shutdown 26f2b290-61b3-49ad-8002-bfb92d808e93@group-D68F9A05A383-LeaderElection33
2022-01-12 07:42:13,034 [grpc-default-executor-1] INFO  impl.RoleInfo (RoleInfo.java:updateAndGet(130)) - 26f2b290-61b3-49ad-8002-bfb92d808e93: start 26f2b290-61b3-49ad-8002-bfb92d808e93@group-D68F9A05A383-FollowerState
2022-01-12 07:42:13,037 [26f2b290-61b3-49ad-8002-bfb92d808e93@group-D68F9A05A383-LeaderElection33] INFO  impl.LeaderElection (LeaderElection.java:run(230)) - 26f2b290-61b3-49ad-8002-bfb92d808e93@group-D68F9A05A383-LeaderElection33: skip running since this is already CLOSING
2022-01-12 07:42:13,039 [grpc-default-executor-1] INFO  server.RaftServer$Division (RaftServerImpl.java:requestVote(1078)) - 26f2b290-61b3-49ad-8002-bfb92d808e93@group-D68F9A05A383 replies to ELECTION vote request: 09bdbdee-2d8e-4e61-9916-e6a477ae13dd<-26f2b290-61b3-49ad-8002-bfb92d808e93#0:FAIL-t10. Peer's state: 26f2b290-61b3-49ad-8002-bfb92d808e93@group-D68F9A05A383:t10, leader=null, voted=null, raftlog=26f2b290-61b3-49ad-8002-bfb92d808e93@group-D68F9A05A383-SegmentedRaftLog:OPENED:c-1, conf=-1: [271317f1-f8b4-40e6-a29f-423c50314c9a|rpc:10.1.0.33:43991|dataStream:|priority:0, 09bdbdee-2d8e-4e61-9916-e6a477ae13dd|rpc:10.1.0.33:45301|dataStream:|priority:0, 26f2b290-61b3-49ad-8002-bfb92d808e93|rpc:10.1.0.33:46813|dataStream:|priority:1], old=null
2022-01-12 07:42:13,041 [09bdbdee-2d8e-4e61-9916-e6a477ae13dd@group-D68F9A05A383-LeaderElection32] INFO  impl.LeaderElection (LeaderElection.java:logAndReturn(89)) - 09bdbdee-2d8e-4e61-9916-e6a477ae13dd@group-D68F9A05A383-LeaderElection32: ELECTION REJECTED received 2 response(s) and 0 exception(s):
2022-01-12 07:42:13,041 [09bdbdee-2d8e-4e61-9916-e6a477ae13dd@group-D68F9A05A383-LeaderElection32] INFO  impl.LeaderElection (LeaderElection.java:logAndReturn(93)) -   Response 0: 09bdbdee-2d8e-4e61-9916-e6a477ae13dd<-271317f1-f8b4-40e6-a29f-423c50314c9a#0:OK-t10
2022-01-12 07:42:13,041 [09bdbdee-2d8e-4e61-9916-e6a477ae13dd@group-D68F9A05A383-LeaderElection32] INFO  impl.LeaderElection (LeaderElection.java:logAndReturn(93)) -   Response 1: 09bdbdee-2d8e-4e61-9916-e6a477ae13dd<-26f2b290-61b3-49ad-8002-bfb92d808e93#0:FAIL-t10
2022-01-12 07:42:13,042 [09bdbdee-2d8e-4e61-9916-e6a477ae13dd@group-D68F9A05A383-LeaderElection32] INFO  impl.LeaderElection (LeaderElection.java:askForVotes(308)) - 09bdbdee-2d8e-4e61-9916-e6a477ae13dd@group-D68F9A05A383-LeaderElection32 ELECTION round 0: result REJECTED
2022-01-12 07:42:13,042 [09bdbdee-2d8e-4e61-9916-e6a477ae13dd@group-D68F9A05A383-LeaderElection32] INFO  server.RaftServer$Division (RaftServerImpl.java:setRole(290)) - 09bdbdee-2d8e-4e61-9916-e6a477ae13dd@group-D68F9A05A383: changes role from CANDIDATE to FOLLOWER at term 10 for REJECTED
2022-01-12 07:42:13,042 [09bdbdee-2d8e-4e61-9916-e6a477ae13dd@group-D68F9A05A383-LeaderElection32] INFO  impl.RoleInfo (RoleInfo.java:shutdownLeaderElection(121)) - 09bdbdee-2d8e-4e61-9916-e6a477ae13dd: shutdown 09bdbdee-2d8e-4e61-9916-e6a477ae13dd@group-D68F9A05A383-LeaderElection32
2022-01-12 07:42:13,042 [09bdbdee-2d8e-4e61-9916-e6a477ae13dd@group-D68F9A05A383-LeaderElection32] INFO  impl.RoleInfo (RoleInfo.java:updateAndGet(130)) - 09bdbdee-2d8e-4e61-9916-e6a477ae13dd: start 09bdbdee-2d8e-4e61-9916-e6a477ae13dd@group-D68F9A05A383-FollowerState
2022-01-12 07:42:13,412 [Listener at 127.0.0.1/46417] INFO  ozone.MiniOzoneClusterImpl (MiniOzoneClusterImpl.java:lambda$waitForClusterToBeReady$0(235)) - Nodes are ready. Got 3 of 3 DN Heartbeats.
2022-01-12 07:42:13,412 [Listener at 127.0.0.1/46417] INFO  ozone.MiniOzoneClusterImpl (MiniOzoneClusterImpl.java:lambda$waitForClusterToBeReady$0(238)) - Waiting for cluster to exit safe mode
2022-01-12 07:42:13,412 [Listener at 127.0.0.1/46417] INFO  ozone.MiniOzoneClusterImpl (MiniOzoneClusterImpl.java:lambda$waitForClusterToBeReady$0(240)) - SCM became leader
2022-01-12 07:42:14,412 [Listener at 127.0.0.1/46417] INFO  ozone.MiniOzoneClusterImpl (MiniOzoneClusterImpl.java:lambda$waitForClusterToBeReady$0(235)) - Nodes are ready. Got 3 of 3 DN Heartbeats.
2022-01-12 07:42:14,413 [Listener at 127.0.0.1/46417] INFO  ozone.MiniOzoneClusterImpl (MiniOzoneClusterImpl.java:lambda$waitForClusterToBeReady$0(238)) - Waiting for cluster to exit safe mode
2022-01-12 07:42:14,413 [Listener at 127.0.0.1/46417] INFO  ozone.MiniOzoneClusterImpl (MiniOzoneClusterImpl.java:lambda$waitForClusterToBeReady$0(240)) - SCM became leader
2022-01-12 07:42:15,413 [Listener at 127.0.0.1/46417] INFO  ozone.MiniOzoneClusterImpl (MiniOzoneClusterImpl.java:lambda$waitForClusterToBeReady$0(235)) - Nodes are ready. Got 3 of 3 DN Heartbeats.
2022-01-12 07:42:15,413 [Listener at 127.0.0.1/46417] INFO  ozone.MiniOzoneClusterImpl (MiniOzoneClusterImpl.java:lambda$waitForClusterToBeReady$0(238)) - Waiting for cluster to exit safe mode
2022-01-12 07:42:15,413 [Listener at 127.0.0.1/46417] INFO  ozone.MiniOzoneClusterImpl (MiniOzoneClusterImpl.java:lambda$waitForClusterToBeReady$0(240)) - SCM became leader
2022-01-12 07:42:16,414 [Listener at 127.0.0.1/46417] INFO  ozone.MiniOzoneClusterImpl (MiniOzoneClusterImpl.java:lambda$waitForClusterToBeReady$0(235)) - Nodes are ready. Got 3 of 3 DN Heartbeats.
2022-01-12 07:42:16,414 [Listener at 127.0.0.1/46417] INFO  ozone.MiniOzoneClusterImpl (MiniOzoneClusterImpl.java:lambda$waitForClusterToBeReady$0(238)) - Waiting for cluster to exit safe mode
2022-01-12 07:42:16,414 [Listener at 127.0.0.1/46417] INFO  ozone.MiniOzoneClusterImpl (MiniOzoneClusterImpl.java:lambda$waitForClusterToBeReady$0(240)) - SCM became leader
2022-01-12 07:42:17,414 [Listener at 127.0.0.1/46417] INFO  ozone.MiniOzoneClusterImpl (MiniOzoneClusterImpl.java:lambda$waitForClusterToBeReady$0(235)) - Nodes are ready. Got 3 of 3 DN Heartbeats.
2022-01-12 07:42:17,414 [Listener at 127.0.0.1/46417] INFO  ozone.MiniOzoneClusterImpl (MiniOzoneClusterImpl.java:lambda$waitForClusterToBeReady$0(238)) - Waiting for cluster to exit safe mode
2022-01-12 07:42:17,414 [Listener at 127.0.0.1/46417] INFO  ozone.MiniOzoneClusterImpl (MiniOzoneClusterImpl.java:lambda$waitForClusterToBeReady$0(240)) - SCM became leader
2022-01-12 07:42:18,109 [271317f1-f8b4-40e6-a29f-423c50314c9a@group-D68F9A05A383-FollowerState] INFO  impl.FollowerState (FollowerState.java:run(134)) - 271317f1-f8b4-40e6-a29f-423c50314c9a@group-D68F9A05A383-FollowerState: change to CANDIDATE, lastRpcElapsedTime:5084660846ns, electionTimeout:5077ms
2022-01-12 07:42:18,109 [271317f1-f8b4-40e6-a29f-423c50314c9a@group-D68F9A05A383-FollowerState] INFO  impl.RoleInfo (RoleInfo.java:shutdownFollowerState(108)) - 271317f1-f8b4-40e6-a29f-423c50314c9a: shutdown 271317f1-f8b4-40e6-a29f-423c50314c9a@group-D68F9A05A383-FollowerState
2022-01-12 07:42:18,109 [271317f1-f8b4-40e6-a29f-423c50314c9a@group-D68F9A05A383-FollowerState] INFO  server.RaftServer$Division (RaftServerImpl.java:setRole(290)) - 271317f1-f8b4-40e6-a29f-423c50314c9a@group-D68F9A05A383: changes role from  FOLLOWER to CANDIDATE at term 10 for changeToCandidate
2022-01-12 07:42:18,109 [271317f1-f8b4-40e6-a29f-423c50314c9a@group-D68F9A05A383-FollowerState] INFO  server.RaftServerConfigKeys (ConfUtils.java:logGet(44)) - raft.server.leaderelection.pre-vote = false (custom)
2022-01-12 07:42:18,109 [271317f1-f8b4-40e6-a29f-423c50314c9a@group-D68F9A05A383-FollowerState] INFO  impl.RoleInfo (RoleInfo.java:updateAndGet(130)) - 271317f1-f8b4-40e6-a29f-423c50314c9a: start 271317f1-f8b4-40e6-a29f-423c50314c9a@group-D68F9A05A383-LeaderElection34
2022-01-12 07:42:18,135 [271317f1-f8b4-40e6-a29f-423c50314c9a@group-D68F9A05A383-LeaderElection34] INFO  impl.LeaderElection (LeaderElection.java:askForVotes(306)) - 271317f1-f8b4-40e6-a29f-423c50314c9a@group-D68F9A05A383-LeaderElection34 ELECTION round 0: submit vote requests at term 11 for -1: [271317f1-f8b4-40e6-a29f-423c50314c9a|rpc:10.1.0.33:43991|dataStream:|priority:0, 09bdbdee-2d8e-4e61-9916-e6a477ae13dd|rpc:10.1.0.33:45301|dataStream:|priority:0, 26f2b290-61b3-49ad-8002-bfb92d808e93|rpc:10.1.0.33:46813|dataStream:|priority:1], old=null
2022-01-12 07:42:18,146 [grpc-default-executor-1] INFO  server.RaftServer$Division (RaftServerImpl.java:requestVote(1046)) - 09bdbdee-2d8e-4e61-9916-e6a477ae13dd@group-D68F9A05A383: receive requestVote(ELECTION, 271317f1-f8b4-40e6-a29f-423c50314c9a, group-D68F9A05A383, 11, (t:0, i:0))
2022-01-12 07:42:18,147 [grpc-default-executor-1] INFO  impl.VoteContext (VoteContext.java:log(48)) - 09bdbdee-2d8e-4e61-9916-e6a477ae13dd@group-D68F9A05A383-FOLLOWER: accept ELECTION from 271317f1-f8b4-40e6-a29f-423c50314c9a: our priority 0 <= candidate's priority 0
2022-01-12 07:42:18,147 [grpc-default-executor-1] INFO  server.RaftServer$Division (RaftServerImpl.java:setRole(290)) - 09bdbdee-2d8e-4e61-9916-e6a477ae13dd@group-D68F9A05A383: changes role from  FOLLOWER to FOLLOWER at term 11 for candidate:271317f1-f8b4-40e6-a29f-423c50314c9a
2022-01-12 07:42:18,147 [grpc-default-executor-1] INFO  impl.RoleInfo (RoleInfo.java:shutdownFollowerState(108)) - 09bdbdee-2d8e-4e61-9916-e6a477ae13dd: shutdown 09bdbdee-2d8e-4e61-9916-e6a477ae13dd@group-D68F9A05A383-FollowerState
2022-01-12 07:42:18,147 [grpc-default-executor-1] INFO  impl.RoleInfo (RoleInfo.java:updateAndGet(130)) - 09bdbdee-2d8e-4e61-9916-e6a477ae13dd: start 09bdbdee-2d8e-4e61-9916-e6a477ae13dd@group-D68F9A05A383-FollowerState
2022-01-12 07:42:18,147 [09bdbdee-2d8e-4e61-9916-e6a477ae13dd@group-D68F9A05A383-FollowerState] INFO  impl.FollowerState (FollowerState.java:run(143)) - 09bdbdee-2d8e-4e61-9916-e6a477ae13dd@group-D68F9A05A383-FollowerState was interrupted: {}
java.lang.InterruptedException: sleep interrupted
	at java.lang.Thread.sleep(Native Method)
	at java.lang.Thread.sleep(Thread.java:340)
	at java.util.concurrent.TimeUnit.sleep(TimeUnit.java:386)
	at org.apache.ratis.util.TimeDuration.sleep(TimeDuration.java:324)
	at org.apache.ratis.util.TimeDuration.sleep(TimeDuration.java:309)
	at org.apache.ratis.server.impl.FollowerState.run(FollowerState.java:118)
2022-01-12 07:42:18,151 [grpc-default-executor-1] INFO  server.RaftServer$Division (RaftServerImpl.java:requestVote(1078)) - 09bdbdee-2d8e-4e61-9916-e6a477ae13dd@group-D68F9A05A383 replies to ELECTION vote request: 271317f1-f8b4-40e6-a29f-423c50314c9a<-09bdbdee-2d8e-4e61-9916-e6a477ae13dd#0:OK-t11. Peer's state: 09bdbdee-2d8e-4e61-9916-e6a477ae13dd@group-D68F9A05A383:t11, leader=null, voted=271317f1-f8b4-40e6-a29f-423c50314c9a, raftlog=09bdbdee-2d8e-4e61-9916-e6a477ae13dd@group-D68F9A05A383-SegmentedRaftLog:OPENED:c-1, conf=-1: [271317f1-f8b4-40e6-a29f-423c50314c9a|rpc:10.1.0.33:43991|priority:0, 09bdbdee-2d8e-4e61-9916-e6a477ae13dd|rpc:10.1.0.33:45301|priority:0, 26f2b290-61b3-49ad-8002-bfb92d808e93|rpc:10.1.0.33:46813|priority:1], old=null
2022-01-12 07:42:18,173 [grpc-default-executor-1] INFO  server.RaftServer$Division (RaftServerImpl.java:requestVote(1046)) - 26f2b290-61b3-49ad-8002-bfb92d808e93@group-D68F9A05A383: receive requestVote(ELECTION, 271317f1-f8b4-40e6-a29f-423c50314c9a, group-D68F9A05A383, 11, (t:0, i:0))
2022-01-12 07:42:18,173 [grpc-default-executor-1] INFO  impl.VoteContext (VoteContext.java:log(48)) - 26f2b290-61b3-49ad-8002-bfb92d808e93@group-D68F9A05A383-FOLLOWER: reject ELECTION from 271317f1-f8b4-40e6-a29f-423c50314c9a: our priority 1 > candidate's priority 0
2022-01-12 07:42:18,174 [grpc-default-executor-1] INFO  server.RaftServer$Division (RaftServerImpl.java:setRole(290)) - 26f2b290-61b3-49ad-8002-bfb92d808e93@group-D68F9A05A383: changes role from  FOLLOWER to FOLLOWER at term 11 for candidate:271317f1-f8b4-40e6-a29f-423c50314c9a
2022-01-12 07:42:18,174 [grpc-default-executor-1] INFO  impl.RoleInfo (RoleInfo.java:shutdownFollowerState(108)) - 26f2b290-61b3-49ad-8002-bfb92d808e93: shutdown 26f2b290-61b3-49ad-8002-bfb92d808e93@group-D68F9A05A383-FollowerState
2022-01-12 07:42:18,174 [grpc-default-executor-1] INFO  impl.RoleInfo (RoleInfo.java:updateAndGet(130)) - 26f2b290-61b3-49ad-8002-bfb92d808e93: start 26f2b290-61b3-49ad-8002-bfb92d808e93@group-D68F9A05A383-FollowerState
2022-01-12 07:42:18,174 [26f2b290-61b3-49ad-8002-bfb92d808e93@group-D68F9A05A383-FollowerState] INFO  impl.FollowerState (FollowerState.java:run(143)) - 26f2b290-61b3-49ad-8002-bfb92d808e93@group-D68F9A05A383-FollowerState was interrupted: {}
java.lang.InterruptedException: sleep interrupted
	at java.lang.Thread.sleep(Native Method)
	at java.lang.Thread.sleep(Thread.java:340)
	at java.util.concurrent.TimeUnit.sleep(TimeUnit.java:386)
	at org.apache.ratis.util.TimeDuration.sleep(TimeDuration.java:324)
	at org.apache.ratis.util.TimeDuration.sleep(TimeDuration.java:309)
	at org.apache.ratis.server.impl.FollowerState.run(FollowerState.java:118)
2022-01-12 07:42:18,195 [grpc-default-executor-1] INFO  server.RaftServer$Division (RaftServerImpl.java:requestVote(1078)) - 26f2b290-61b3-49ad-8002-bfb92d808e93@group-D68F9A05A383 replies to ELECTION vote request: 271317f1-f8b4-40e6-a29f-423c50314c9a<-26f2b290-61b3-49ad-8002-bfb92d808e93#0:FAIL-t11. Peer's state: 26f2b290-61b3-49ad-8002-bfb92d808e93@group-D68F9A05A383:t11, leader=null, voted=null, raftlog=26f2b290-61b3-49ad-8002-bfb92d808e93@group-D68F9A05A383-SegmentedRaftLog:OPENED:c-1, conf=-1: [271317f1-f8b4-40e6-a29f-423c50314c9a|rpc:10.1.0.33:43991|dataStream:|priority:0, 09bdbdee-2d8e-4e61-9916-e6a477ae13dd|rpc:10.1.0.33:45301|dataStream:|priority:0, 26f2b290-61b3-49ad-8002-bfb92d808e93|rpc:10.1.0.33:46813|dataStream:|priority:1], old=null
2022-01-12 07:42:18,199 [271317f1-f8b4-40e6-a29f-423c50314c9a@group-D68F9A05A383-LeaderElection34] INFO  impl.LeaderElection (LeaderElection.java:logAndReturn(89)) - 271317f1-f8b4-40e6-a29f-423c50314c9a@group-D68F9A05A383-LeaderElection34: ELECTION REJECTED received 2 response(s) and 0 exception(s):
2022-01-12 07:42:18,199 [271317f1-f8b4-40e6-a29f-423c50314c9a@group-D68F9A05A383-LeaderElection34] INFO  impl.LeaderElection (LeaderElection.java:logAndReturn(93)) -   Response 0: 271317f1-f8b4-40e6-a29f-423c50314c9a<-09bdbdee-2d8e-4e61-9916-e6a477ae13dd#0:OK-t11
2022-01-12 07:42:18,199 [271317f1-f8b4-40e6-a29f-423c50314c9a@group-D68F9A05A383-LeaderElection34] INFO  impl.LeaderElection (LeaderElection.java:logAndReturn(93)) -   Response 1: 271317f1-f8b4-40e6-a29f-423c50314c9a<-26f2b290-61b3-49ad-8002-bfb92d808e93#0:FAIL-t11
2022-01-12 07:42:18,199 [271317f1-f8b4-40e6-a29f-423c50314c9a@group-D68F9A05A383-LeaderElection34] INFO  impl.LeaderElection (LeaderElection.java:askForVotes(308)) - 271317f1-f8b4-40e6-a29f-423c50314c9a@group-D68F9A05A383-LeaderElection34 ELECTION round 0: result REJECTED
2022-01-12 07:42:18,199 [271317f1-f8b4-40e6-a29f-423c50314c9a@group-D68F9A05A383-LeaderElection34] INFO  server.RaftServer$Division (RaftServerImpl.java:setRole(290)) - 271317f1-f8b4-40e6-a29f-423c50314c9a@group-D68F9A05A383: changes role from CANDIDATE to FOLLOWER at term 11 for REJECTED
2022-01-12 07:42:18,199 [271317f1-f8b4-40e6-a29f-423c50314c9a@group-D68F9A05A383-LeaderElection34] INFO  impl.RoleInfo (RoleInfo.java:shutdownLeaderElection(121)) - 271317f1-f8b4-40e6-a29f-423c50314c9a: shutdown 271317f1-f8b4-40e6-a29f-423c50314c9a@group-D68F9A05A383-LeaderElection34
2022-01-12 07:42:18,199 [271317f1-f8b4-40e6-a29f-423c50314c9a@group-D68F9A05A383-LeaderElection34] INFO  impl.RoleInfo (RoleInfo.java:updateAndGet(130)) - 271317f1-f8b4-40e6-a29f-423c50314c9a: start 271317f1-f8b4-40e6-a29f-423c50314c9a@group-D68F9A05A383-FollowerState
2022-01-12 07:42:18,415 [Listener at 127.0.0.1/46417] INFO  ozone.MiniOzoneClusterImpl (MiniOzoneClusterImpl.java:lambda$waitForClusterToBeReady$0(235)) - Nodes are ready. Got 3 of 3 DN Heartbeats.
2022-01-12 07:42:18,415 [Listener at 127.0.0.1/46417] INFO  ozone.MiniOzoneClusterImpl (MiniOzoneClusterImpl.java:lambda$waitForClusterToBeReady$0(238)) - Waiting for cluster to exit safe mode
2022-01-12 07:42:18,415 [Listener at 127.0.0.1/46417] INFO  ozone.MiniOzoneClusterImpl (MiniOzoneClusterImpl.java:lambda$waitForClusterToBeReady$0(240)) - SCM became leader
2022-01-12 07:42:19,415 [Listener at 127.0.0.1/46417] INFO  ozone.MiniOzoneClusterImpl (MiniOzoneClusterImpl.java:lambda$waitForClusterToBeReady$0(235)) - Nodes are ready. Got 3 of 3 DN Heartbeats.
2022-01-12 07:42:19,415 [Listener at 127.0.0.1/46417] INFO  ozone.MiniOzoneClusterImpl (MiniOzoneClusterImpl.java:lambda$waitForClusterToBeReady$0(238)) - Waiting for cluster to exit safe mode
2022-01-12 07:42:19,415 [Listener at 127.0.0.1/46417] INFO  ozone.MiniOzoneClusterImpl (MiniOzoneClusterImpl.java:lambda$waitForClusterToBeReady$0(240)) - SCM became leader
2022-01-12 07:42:20,416 [Listener at 127.0.0.1/46417] INFO  ozone.MiniOzoneClusterImpl (MiniOzoneClusterImpl.java:lambda$waitForClusterToBeReady$0(235)) - Nodes are ready. Got 3 of 3 DN Heartbeats.
2022-01-12 07:42:20,416 [Listener at 127.0.0.1/46417] INFO  ozone.MiniOzoneClusterImpl (MiniOzoneClusterImpl.java:lambda$waitForClusterToBeReady$0(238)) - Waiting for cluster to exit safe mode
2022-01-12 07:42:20,416 [Listener at 127.0.0.1/46417] INFO  ozone.MiniOzoneClusterImpl (MiniOzoneClusterImpl.java:lambda$waitForClusterToBeReady$0(240)) - SCM became leader
2022-01-12 07:42:21,416 [Listener at 127.0.0.1/46417] INFO  ozone.MiniOzoneClusterImpl (MiniOzoneClusterImpl.java:lambda$waitForClusterToBeReady$0(235)) - Nodes are ready. Got 3 of 3 DN Heartbeats.
2022-01-12 07:42:21,416 [Listener at 127.0.0.1/46417] INFO  ozone.MiniOzoneClusterImpl (MiniOzoneClusterImpl.java:lambda$waitForClusterToBeReady$0(238)) - Waiting for cluster to exit safe mode
2022-01-12 07:42:21,416 [Listener at 127.0.0.1/46417] INFO  ozone.MiniOzoneClusterImpl (MiniOzoneClusterImpl.java:lambda$waitForClusterToBeReady$0(240)) - SCM became leader
2022-01-12 07:42:22,416 [Listener at 127.0.0.1/46417] INFO  ozone.MiniOzoneClusterImpl (MiniOzoneClusterImpl.java:lambda$waitForClusterToBeReady$0(235)) - Nodes are ready. Got 3 of 3 DN Heartbeats.
2022-01-12 07:42:22,417 [Listener at 127.0.0.1/46417] INFO  ozone.MiniOzoneClusterImpl (MiniOzoneClusterImpl.java:lambda$waitForClusterToBeReady$0(238)) - Waiting for cluster to exit safe mode
2022-01-12 07:42:22,417 [Listener at 127.0.0.1/46417] INFO  ozone.MiniOzoneClusterImpl (MiniOzoneClusterImpl.java:lambda$waitForClusterToBeReady$0(240)) - SCM became leader
2022-01-12 07:42:23,336 [26f2b290-61b3-49ad-8002-bfb92d808e93@group-D68F9A05A383-FollowerState] INFO  impl.FollowerState (FollowerState.java:run(134)) - 26f2b290-61b3-49ad-8002-bfb92d808e93@group-D68F9A05A383-FollowerState: change to CANDIDATE, lastRpcElapsedTime:5162316295ns, electionTimeout:5139ms
2022-01-12 07:42:23,336 [26f2b290-61b3-49ad-8002-bfb92d808e93@group-D68F9A05A383-FollowerState] INFO  impl.RoleInfo (RoleInfo.java:shutdownFollowerState(108)) - 26f2b290-61b3-49ad-8002-bfb92d808e93: shutdown 26f2b290-61b3-49ad-8002-bfb92d808e93@group-D68F9A05A383-FollowerState
2022-01-12 07:42:23,336 [26f2b290-61b3-49ad-8002-bfb92d808e93@group-D68F9A05A383-FollowerState] INFO  server.RaftServer$Division (RaftServerImpl.java:setRole(290)) - 26f2b290-61b3-49ad-8002-bfb92d808e93@group-D68F9A05A383: changes role from  FOLLOWER to CANDIDATE at term 11 for changeToCandidate
2022-01-12 07:42:23,336 [26f2b290-61b3-49ad-8002-bfb92d808e93@group-D68F9A05A383-FollowerState] INFO  server.RaftServerConfigKeys (ConfUtils.java:logGet(44)) - raft.server.leaderelection.pre-vote = false (custom)
2022-01-12 07:42:23,337 [26f2b290-61b3-49ad-8002-bfb92d808e93@group-D68F9A05A383-FollowerState] INFO  impl.RoleInfo (RoleInfo.java:updateAndGet(130)) - 26f2b290-61b3-49ad-8002-bfb92d808e93: start 26f2b290-61b3-49ad-8002-bfb92d808e93@group-D68F9A05A383-LeaderElection35
2022-01-12 07:42:23,354 [26f2b290-61b3-49ad-8002-bfb92d808e93@group-D68F9A05A383-LeaderElection35] INFO  impl.LeaderElection (LeaderElection.java:askForVotes(306)) - 26f2b290-61b3-49ad-8002-bfb92d808e93@group-D68F9A05A383-LeaderElection35 ELECTION round 0: submit vote requests at term 12 for -1: [271317f1-f8b4-40e6-a29f-423c50314c9a|rpc:10.1.0.33:43991|dataStream:|priority:0, 09bdbdee-2d8e-4e61-9916-e6a477ae13dd|rpc:10.1.0.33:45301|dataStream:|priority:0, 26f2b290-61b3-49ad-8002-bfb92d808e93|rpc:10.1.0.33:46813|dataStream:|priority:1], old=null
2022-01-12 07:42:23,361 [09bdbdee-2d8e-4e61-9916-e6a477ae13dd@group-D68F9A05A383-FollowerState] INFO  impl.FollowerState (FollowerState.java:run(134)) - 09bdbdee-2d8e-4e61-9916-e6a477ae13dd@group-D68F9A05A383-FollowerState: change to CANDIDATE, lastRpcElapsedTime:5210371413ns, electionTimeout:5192ms
2022-01-12 07:42:23,361 [09bdbdee-2d8e-4e61-9916-e6a477ae13dd@group-D68F9A05A383-FollowerState] INFO  impl.RoleInfo (RoleInfo.java:shutdownFollowerState(108)) - 09bdbdee-2d8e-4e61-9916-e6a477ae13dd: shutdown 09bdbdee-2d8e-4e61-9916-e6a477ae13dd@group-D68F9A05A383-FollowerState
2022-01-12 07:42:23,361 [09bdbdee-2d8e-4e61-9916-e6a477ae13dd@group-D68F9A05A383-FollowerState] INFO  server.RaftServer$Division (RaftServerImpl.java:setRole(290)) - 09bdbdee-2d8e-4e61-9916-e6a477ae13dd@group-D68F9A05A383: changes role from  FOLLOWER to CANDIDATE at term 11 for changeToCandidate
2022-01-12 07:42:23,367 [271317f1-f8b4-40e6-a29f-423c50314c9a@group-D68F9A05A383-FollowerState] INFO  impl.FollowerState (FollowerState.java:run(134)) - 271317f1-f8b4-40e6-a29f-423c50314c9a@group-D68F9A05A383-FollowerState: change to CANDIDATE, lastRpcElapsedTime:5168029905ns, electionTimeout:5151ms
2022-01-12 07:42:23,367 [271317f1-f8b4-40e6-a29f-423c50314c9a@group-D68F9A05A383-FollowerState] INFO  impl.RoleInfo (RoleInfo.java:shutdownFollowerState(108)) - 271317f1-f8b4-40e6-a29f-423c50314c9a: shutdown 271317f1-f8b4-40e6-a29f-423c50314c9a@group-D68F9A05A383-FollowerState
2022-01-12 07:42:23,367 [271317f1-f8b4-40e6-a29f-423c50314c9a@group-D68F9A05A383-FollowerState] INFO  server.RaftServer$Division (RaftServerImpl.java:setRole(290)) - 271317f1-f8b4-40e6-a29f-423c50314c9a@group-D68F9A05A383: changes role from  FOLLOWER to CANDIDATE at term 11 for changeToCandidate
2022-01-12 07:42:23,374 [271317f1-f8b4-40e6-a29f-423c50314c9a@group-D68F9A05A383-FollowerState] INFO  server.RaftServerConfigKeys (ConfUtils.java:logGet(44)) - raft.server.leaderelection.pre-vote = false (custom)
2022-01-12 07:42:23,375 [271317f1-f8b4-40e6-a29f-423c50314c9a@group-D68F9A05A383-FollowerState] INFO  impl.RoleInfo (RoleInfo.java:updateAndGet(130)) - 271317f1-f8b4-40e6-a29f-423c50314c9a: start 271317f1-f8b4-40e6-a29f-423c50314c9a@group-D68F9A05A383-LeaderElection37
2022-01-12 07:42:23,378 [09bdbdee-2d8e-4e61-9916-e6a477ae13dd@group-D68F9A05A383-FollowerState] INFO  server.RaftServerConfigKeys (ConfUtils.java:logGet(44)) - raft.server.leaderelection.pre-vote = false (custom)
2022-01-12 07:42:23,378 [09bdbdee-2d8e-4e61-9916-e6a477ae13dd@group-D68F9A05A383-FollowerState] INFO  impl.RoleInfo (RoleInfo.java:updateAndGet(130)) - 09bdbdee-2d8e-4e61-9916-e6a477ae13dd: start 09bdbdee-2d8e-4e61-9916-e6a477ae13dd@group-D68F9A05A383-LeaderElection36
2022-01-12 07:42:23,378 [grpc-default-executor-1] INFO  server.RaftServer$Division (RaftServerImpl.java:requestVote(1046)) - 271317f1-f8b4-40e6-a29f-423c50314c9a@group-D68F9A05A383: receive requestVote(ELECTION, 26f2b290-61b3-49ad-8002-bfb92d808e93, group-D68F9A05A383, 12, (t:0, i:0))
2022-01-12 07:42:23,378 [grpc-default-executor-1] INFO  impl.VoteContext (VoteContext.java:log(48)) - 271317f1-f8b4-40e6-a29f-423c50314c9a@group-D68F9A05A383-CANDIDATE: accept ELECTION from 26f2b290-61b3-49ad-8002-bfb92d808e93: our priority 0 <= candidate's priority 1
2022-01-12 07:42:23,378 [grpc-default-executor-1] INFO  server.RaftServer$Division (RaftServerImpl.java:setRole(290)) - 271317f1-f8b4-40e6-a29f-423c50314c9a@group-D68F9A05A383: changes role from CANDIDATE to FOLLOWER at term 12 for candidate:26f2b290-61b3-49ad-8002-bfb92d808e93
2022-01-12 07:42:23,378 [grpc-default-executor-1] INFO  impl.RoleInfo (RoleInfo.java:shutdownLeaderElection(121)) - 271317f1-f8b4-40e6-a29f-423c50314c9a: shutdown 271317f1-f8b4-40e6-a29f-423c50314c9a@group-D68F9A05A383-LeaderElection37
2022-01-12 07:42:23,378 [grpc-default-executor-1] INFO  impl.RoleInfo (RoleInfo.java:updateAndGet(130)) - 271317f1-f8b4-40e6-a29f-423c50314c9a: start 271317f1-f8b4-40e6-a29f-423c50314c9a@group-D68F9A05A383-FollowerState
2022-01-12 07:42:23,381 [grpc-default-executor-1] INFO  server.RaftServer$Division (RaftServerImpl.java:requestVote(1078)) - 271317f1-f8b4-40e6-a29f-423c50314c9a@group-D68F9A05A383 replies to ELECTION vote request: 26f2b290-61b3-49ad-8002-bfb92d808e93<-271317f1-f8b4-40e6-a29f-423c50314c9a#0:OK-t12. Peer's state: 271317f1-f8b4-40e6-a29f-423c50314c9a@group-D68F9A05A383:t12, leader=null, voted=26f2b290-61b3-49ad-8002-bfb92d808e93, raftlog=271317f1-f8b4-40e6-a29f-423c50314c9a@group-D68F9A05A383-SegmentedRaftLog:OPENED:c-1, conf=-1: [271317f1-f8b4-40e6-a29f-423c50314c9a|rpc:10.1.0.33:43991|dataStream:|priority:0, 09bdbdee-2d8e-4e61-9916-e6a477ae13dd|rpc:10.1.0.33:45301|dataStream:|priority:0, 26f2b290-61b3-49ad-8002-bfb92d808e93|rpc:10.1.0.33:46813|dataStream:|priority:1], old=null
2022-01-12 07:42:23,383 [271317f1-f8b4-40e6-a29f-423c50314c9a@group-D68F9A05A383-LeaderElection37] INFO  impl.LeaderElection (LeaderElection.java:run(230)) - 271317f1-f8b4-40e6-a29f-423c50314c9a@group-D68F9A05A383-LeaderElection37: skip running since this is already CLOSING
2022-01-12 07:42:23,387 [26f2b290-61b3-49ad-8002-bfb92d808e93@group-D68F9A05A383-LeaderElection35] INFO  impl.LeaderElection (LeaderElection.java:logAndReturn(89)) - 26f2b290-61b3-49ad-8002-bfb92d808e93@group-D68F9A05A383-LeaderElection35: ELECTION PASSED received 1 response(s) and 0 exception(s):
2022-01-12 07:42:23,390 [26f2b290-61b3-49ad-8002-bfb92d808e93@group-D68F9A05A383-LeaderElection35] INFO  impl.LeaderElection (LeaderElection.java:logAndReturn(93)) -   Response 0: 26f2b290-61b3-49ad-8002-bfb92d808e93<-271317f1-f8b4-40e6-a29f-423c50314c9a#0:OK-t12
2022-01-12 07:42:23,390 [26f2b290-61b3-49ad-8002-bfb92d808e93@group-D68F9A05A383-LeaderElection35] INFO  impl.LeaderElection (LeaderElection.java:askForVotes(308)) - 26f2b290-61b3-49ad-8002-bfb92d808e93@group-D68F9A05A383-LeaderElection35 ELECTION round 0: result PASSED
2022-01-12 07:42:23,390 [26f2b290-61b3-49ad-8002-bfb92d808e93@group-D68F9A05A383-LeaderElection35] INFO  impl.RoleInfo (RoleInfo.java:shutdownLeaderElection(121)) - 26f2b290-61b3-49ad-8002-bfb92d808e93: shutdown 26f2b290-61b3-49ad-8002-bfb92d808e93@group-D68F9A05A383-LeaderElection35
2022-01-12 07:42:23,390 [26f2b290-61b3-49ad-8002-bfb92d808e93@group-D68F9A05A383-LeaderElection35] INFO  server.RaftServer$Division (RaftServerImpl.java:setRole(290)) - 26f2b290-61b3-49ad-8002-bfb92d808e93@group-D68F9A05A383: changes role from CANDIDATE to LEADER at term 12 for changeToLeader
2022-01-12 07:42:23,390 [26f2b290-61b3-49ad-8002-bfb92d808e93@group-D68F9A05A383-LeaderElection35] INFO  ratis.XceiverServerRatis (XceiverServerRatis.java:handleLeaderChangedNotification(866)) - Leader change notification received for group: group-D68F9A05A383 with new leaderId: 26f2b290-61b3-49ad-8002-bfb92d808e93
2022-01-12 07:42:23,390 [26f2b290-61b3-49ad-8002-bfb92d808e93@group-D68F9A05A383-LeaderElection35] INFO  server.RaftServer$Division (ServerState.java:setLeader(285)) - 26f2b290-61b3-49ad-8002-bfb92d808e93@group-D68F9A05A383: change Leader from null to 26f2b290-61b3-49ad-8002-bfb92d808e93 at term 12 for becomeLeader, leader elected after 61653ms
2022-01-12 07:42:23,390 [26f2b290-61b3-49ad-8002-bfb92d808e93@group-D68F9A05A383-LeaderElection35] INFO  server.RaftServerConfigKeys (ConfUtils.java:logGet(44)) - raft.server.staging.catchup.gap = 1000 (default)
2022-01-12 07:42:23,390 [26f2b290-61b3-49ad-8002-bfb92d808e93@group-D68F9A05A383-LeaderElection35] INFO  server.RaftServerConfigKeys (ConfUtils.java:logGet(44)) - raft.server.write.element-limit = 1024 (custom)
2022-01-12 07:42:23,390 [26f2b290-61b3-49ad-8002-bfb92d808e93@group-D68F9A05A383-LeaderElection35] INFO  server.RaftServerConfigKeys (ConfUtils.java:logGet(44)) - raft.server.write.byte-limit = 1024 M (=1073741824) (custom)
2022-01-12 07:42:23,391 [26f2b290-61b3-49ad-8002-bfb92d808e93@group-D68F9A05A383-LeaderElection35] INFO  server.RaftServerConfigKeys (ConfUtils.java:logGet(44)) - raft.server.watch.timeout = 180s (custom)
2022-01-12 07:42:23,391 [26f2b290-61b3-49ad-8002-bfb92d808e93@group-D68F9A05A383-LeaderElection35] INFO  server.RaftServerConfigKeys (ConfUtils.java:logGet(44)) - raft.server.watch.timeout.denomination = 1s (default)
2022-01-12 07:42:23,391 [26f2b290-61b3-49ad-8002-bfb92d808e93@group-D68F9A05A383-LeaderElection35] INFO  server.RaftServerConfigKeys (ConfUtils.java:logGet(44)) - raft.server.watch.element-limit = 65536 (default)
2022-01-12 07:42:23,391 [26f2b290-61b3-49ad-8002-bfb92d808e93@group-D68F9A05A383-LeaderElection35] INFO  server.RaftServerConfigKeys (ConfUtils.java:logGet(44)) - raft.server.write.element-limit = 1024 (custom)
2022-01-12 07:42:23,391 [26f2b290-61b3-49ad-8002-bfb92d808e93@group-D68F9A05A383-LeaderElection35] INFO  server.RaftServerConfigKeys (ConfUtils.java:logGet(44)) - raft.server.write.follower.gap.ratio.max = -1.0 (default)
2022-01-12 07:42:23,391 [26f2b290-61b3-49ad-8002-bfb92d808e93@group-D68F9A05A383-LeaderElection35] INFO  server.RaftServerConfigKeys (ConfUtils.java:logGet(44)) - raft.server.log.appender.snapshot.chunk.size.max = 16MB (=16777216) (default)
2022-01-12 07:42:23,391 [26f2b290-61b3-49ad-8002-bfb92d808e93@group-D68F9A05A383-LeaderElection35] INFO  server.RaftServerConfigKeys (ConfUtils.java:logGet(44)) - raft.server.log.appender.buffer.byte-limit = 33554432 (custom)
2022-01-12 07:42:23,391 [26f2b290-61b3-49ad-8002-bfb92d808e93@group-D68F9A05A383-LeaderElection35] INFO  server.RaftServerConfigKeys (ConfUtils.java:logGet(44)) - raft.server.log.appender.buffer.element-limit = 1 (custom)
2022-01-12 07:42:23,391 [26f2b290-61b3-49ad-8002-bfb92d808e93@group-D68F9A05A383-LeaderElection35] INFO  grpc.GrpcConfigKeys (ConfUtils.java:logGet(44)) - raft.grpc.server.leader.outstanding.appends.max = 128 (default)
2022-01-12 07:42:23,392 [26f2b290-61b3-49ad-8002-bfb92d808e93@group-D68F9A05A383-LeaderElection35] INFO  server.RaftServerConfigKeys (ConfUtils.java:logGet(44)) - raft.server.rpc.request.timeout = 60s (custom)
2022-01-12 07:42:23,392 [26f2b290-61b3-49ad-8002-bfb92d808e93@group-D68F9A05A383-LeaderElection35] INFO  server.RaftServerConfigKeys (ConfUtils.java:logGet(44)) - raft.server.log.appender.install.snapshot.enabled = false (custom)
2022-01-12 07:42:23,392 [EventQueue-PipelineReportForPipelineReportHandler] INFO  pipeline.PipelineManagerImpl (PipelineManagerImpl.java:openPipeline(291)) - Pipeline Pipeline[ Id: 83309c2b-4986-4e5d-b051-d68f9a05a383, Nodes: 26f2b290-61b3-49ad-8002-bfb92d808e93{ip: 10.1.0.33, host: fv-az270-882.tacnzluakwdehk1hpragurqkma.bx.internal.cloudapp.net, ports: [REPLICATION=46637, RATIS=46813, RATIS_ADMIN=46813, RATIS_SERVER=46813, STANDALONE=37687], networkLocation: /default-rack, certSerialId: null, persistedOpState: IN_SERVICE, persistedOpStateExpiryEpochSec: 0}09bdbdee-2d8e-4e61-9916-e6a477ae13dd{ip: 10.1.0.33, host: fv-az270-882.tacnzluakwdehk1hpragurqkma.bx.internal.cloudapp.net, ports: [REPLICATION=39543, RATIS=45301, RATIS_ADMIN=45301, RATIS_SERVER=45301, STANDALONE=39509], networkLocation: /default-rack, certSerialId: null, persistedOpState: IN_SERVICE, persistedOpStateExpiryEpochSec: 0}271317f1-f8b4-40e6-a29f-423c50314c9a{ip: 10.1.0.33, host: fv-az270-882.tacnzluakwdehk1hpragurqkma.bx.internal.cloudapp.net, ports: [REPLICATION=33187, RATIS=43991, RATIS_ADMIN=43991, RATIS_SERVER=43991, STANDALONE=37805], networkLocation: /default-rack, certSerialId: null, persistedOpState: IN_SERVICE, persistedOpStateExpiryEpochSec: 0}, ReplicationConfig: RATIS/THREE, State:ALLOCATED, leaderId:26f2b290-61b3-49ad-8002-bfb92d808e93, CreationTimestamp2022-01-12T07:41:19.408Z[Etc/UTC]] moved to OPEN state
2022-01-12 07:42:23,392 [EventQueue-OpenPipelineForHealthyPipelineSafeModeRule] INFO  safemode.SCMSafeModeManager (HealthyPipelineSafeModeRule.java:process(124)) - SCM in safe mode. Healthy pipelines reported count is 1, required healthy pipeline reported count is 1
2022-01-12 07:42:23,392 [EventQueue-OpenPipelineForHealthyPipelineSafeModeRule] INFO  safemode.SCMSafeModeManager (SCMSafeModeManager.java:validateSafeModeExitRules(204)) - HealthyPipelineSafeModeRule rule is successfully validated
2022-01-12 07:42:23,392 [EventQueue-OpenPipelineForHealthyPipelineSafeModeRule] INFO  safemode.SCMSafeModeManager (SCMSafeModeManager.java:validateSafeModeExitRules(219)) - ScmSafeModeManager, all rules are successfully validated
2022-01-12 07:42:23,392 [EventQueue-OpenPipelineForHealthyPipelineSafeModeRule] INFO  safemode.SCMSafeModeManager (SCMSafeModeManager.java:exitSafeMode(248)) - SCM exiting safe mode.
2022-01-12 07:42:23,392 [EventQueue-OpenPipelineForHealthyPipelineSafeModeRule] WARN  events.EventQueue (EventQueue.java:fireEvent(194)) - No event handler registered for event TypedEvent{payloadType=SafeModeStatus, name='Safe mode status'}
2022-01-12 07:42:23,393 [EventQueue-OpenPipelineForHealthyPipelineSafeModeRule] INFO  ha.SCMContext (SCMContext.java:updateSafeModeStatus(211)) - Update SafeModeStatus from SafeModeStatus{safeModeStatus=true, preCheckPassed=true} to SafeModeStatus{safeModeStatus=false, preCheckPassed=true}.
2022-01-12 07:42:23,393 [EventQueue-OpenPipelineForHealthyPipelineSafeModeRule] INFO  pipeline.BackgroundPipelineCreator (BackgroundPipelineCreator.java:notifyStatusChanged(264)) - Service BackgroundPipelineCreator transitions to RUNNING.
2022-01-12 07:42:23,393 [EventQueue-OpenPipelineForHealthyPipelineSafeModeRule] INFO  container.ReplicationManager (ReplicationManager.java:notifyStatusChanged(1802)) - Service ReplicationManager transitions to RUNNING.
2022-01-12 07:42:23,386 [09bdbdee-2d8e-4e61-9916-e6a477ae13dd@group-D68F9A05A383-LeaderElection36] INFO  impl.LeaderElection (LeaderElection.java:askForVotes(306)) - 09bdbdee-2d8e-4e61-9916-e6a477ae13dd@group-D68F9A05A383-LeaderElection36 ELECTION round 0: submit vote requests at term 12 for -1: [271317f1-f8b4-40e6-a29f-423c50314c9a|rpc:10.1.0.33:43991|priority:0, 09bdbdee-2d8e-4e61-9916-e6a477ae13dd|rpc:10.1.0.33:45301|priority:0, 26f2b290-61b3-49ad-8002-bfb92d808e93|rpc:10.1.0.33:46813|priority:1], old=null
2022-01-12 07:42:23,403 [26f2b290-61b3-49ad-8002-bfb92d808e93@group-D68F9A05A383-LeaderElection35] INFO  server.RaftServerConfigKeys (ConfUtils.java:logGet(44)) - raft.server.log.appender.snapshot.chunk.size.max = 16MB (=16777216) (default)
2022-01-12 07:42:23,412 [26f2b290-61b3-49ad-8002-bfb92d808e93@group-D68F9A05A383-LeaderElection35] INFO  server.RaftServerConfigKeys (ConfUtils.java:logGet(44)) - raft.server.log.appender.buffer.byte-limit = 33554432 (custom)
2022-01-12 07:42:23,412 [26f2b290-61b3-49ad-8002-bfb92d808e93@group-D68F9A05A383-LeaderElection35] INFO  server.RaftServerConfigKeys (ConfUtils.java:logGet(44)) - raft.server.log.appender.buffer.element-limit = 1 (custom)
2022-01-12 07:42:23,403 [grpc-default-executor-1] INFO  server.RaftServer$Division (RaftServerImpl.java:requestVote(1046)) - 09bdbdee-2d8e-4e61-9916-e6a477ae13dd@group-D68F9A05A383: receive requestVote(ELECTION, 26f2b290-61b3-49ad-8002-bfb92d808e93, group-D68F9A05A383, 12, (t:0, i:0))
2022-01-12 07:42:23,412 [grpc-default-executor-1] INFO  impl.VoteContext (VoteContext.java:log(48)) - 09bdbdee-2d8e-4e61-9916-e6a477ae13dd@group-D68F9A05A383-CANDIDATE: reject ELECTION from 26f2b290-61b3-49ad-8002-bfb92d808e93: already has voted for 09bdbdee-2d8e-4e61-9916-e6a477ae13dd at current term 12
2022-01-12 07:42:23,412 [grpc-default-executor-1] INFO  server.RaftServer$Division (RaftServerImpl.java:requestVote(1078)) - 09bdbdee-2d8e-4e61-9916-e6a477ae13dd@group-D68F9A05A383 replies to ELECTION vote request: 26f2b290-61b3-49ad-8002-bfb92d808e93<-09bdbdee-2d8e-4e61-9916-e6a477ae13dd#0:FAIL-t12. Peer's state: 09bdbdee-2d8e-4e61-9916-e6a477ae13dd@group-D68F9A05A383:t12, leader=null, voted=09bdbdee-2d8e-4e61-9916-e6a477ae13dd, raftlog=09bdbdee-2d8e-4e61-9916-e6a477ae13dd@group-D68F9A05A383-SegmentedRaftLog:OPENED:c-1, conf=-1: [271317f1-f8b4-40e6-a29f-423c50314c9a|rpc:10.1.0.33:43991|priority:0, 09bdbdee-2d8e-4e61-9916-e6a477ae13dd|rpc:10.1.0.33:45301|priority:0, 26f2b290-61b3-49ad-8002-bfb92d808e93|rpc:10.1.0.33:46813|priority:1], old=null
2022-01-12 07:42:23,417 [Listener at 127.0.0.1/46417] INFO  ozone.MiniOzoneClusterImpl (MiniOzoneClusterImpl.java:lambda$waitForClusterToBeReady$0(235)) - Nodes are ready. Got 3 of 3 DN Heartbeats.
2022-01-12 07:42:23,417 [Listener at 127.0.0.1/46417] INFO  ozone.MiniOzoneClusterImpl (MiniOzoneClusterImpl.java:lambda$waitForClusterToBeReady$0(238)) - Cluster exits safe mode
2022-01-12 07:42:23,417 [Listener at 127.0.0.1/46417] INFO  ozone.MiniOzoneClusterImpl (MiniOzoneClusterImpl.java:lambda$waitForClusterToBeReady$0(240)) - SCM became leader
2022-01-12 07:42:23,417 [Listener at 127.0.0.1/46417] INFO  server.StorageContainerManager (StorageContainerManager.java:stop(1390)) - Stopping Container Balancer service.
2022-01-12 07:42:23,417 [Listener at 127.0.0.1/46417] INFO  balancer.ContainerBalancer (ContainerBalancer.java:stop(751)) - Container Balancer is not running.
2022-01-12 07:42:23,417 [Listener at 127.0.0.1/46417] INFO  server.StorageContainerManager (StorageContainerManager.java:stop(1397)) - Stopping Replication Manager Service.
2022-01-12 07:42:23,417 [Listener at 127.0.0.1/46417] INFO  container.ReplicationManager (ReplicationManager.java:stop(357)) - Stopping Replication Monitor Thread.
2022-01-12 07:42:23,417 [Listener at 127.0.0.1/46417] INFO  server.StorageContainerManager (StorageContainerManager.java:stop(1404)) - Stopping the Datanode Admin Monitor.
2022-01-12 07:42:23,425 [Listener at 127.0.0.1/46417] INFO  server.StorageContainerManager (StorageContainerManager.java:stop(1411)) - Stopping Lease Manager of the command watchers
2022-01-12 07:42:23,426 [Listener at 127.0.0.1/46417] INFO  server.StorageContainerManager (StorageContainerManager.java:stop(1418)) - Stopping datanode service RPC server
2022-01-12 07:42:23,426 [Listener at 127.0.0.1/46417] INFO  server.SCMDatanodeProtocolServer (SCMDatanodeProtocolServer.java:stop(390)) - Stopping the RPC server for DataNodes
2022-01-12 07:42:23,426 [Listener at 127.0.0.1/46417] INFO  ipc.Server (Server.java:stop(3414)) - Stopping server on 35925
2022-01-12 07:42:23,430 [26f2b290-61b3-49ad-8002-bfb92d808e93@group-D68F9A05A383-LeaderElection35] INFO  grpc.GrpcConfigKeys (ConfUtils.java:logGet(44)) - raft.grpc.server.leader.outstanding.appends.max = 128 (default)
2022-01-12 07:42:23,430 [26f2b290-61b3-49ad-8002-bfb92d808e93@group-D68F9A05A383-LeaderElection35] INFO  server.RaftServerConfigKeys (ConfUtils.java:logGet(44)) - raft.server.rpc.request.timeout = 60s (custom)
2022-01-12 07:42:23,430 [26f2b290-61b3-49ad-8002-bfb92d808e93@group-D68F9A05A383-LeaderElection35] INFO  server.RaftServerConfigKeys (ConfUtils.java:logGet(44)) - raft.server.log.appender.install.snapshot.enabled = false (custom)
2022-01-12 07:42:23,431 [26f2b290-61b3-49ad-8002-bfb92d808e93@group-D68F9A05A383-LeaderElection35] INFO  impl.RoleInfo (RoleInfo.java:updateAndGet(130)) - 26f2b290-61b3-49ad-8002-bfb92d808e93: start 26f2b290-61b3-49ad-8002-bfb92d808e93@group-D68F9A05A383-LeaderStateImpl
2022-01-12 07:42:23,431 [26f2b290-61b3-49ad-8002-bfb92d808e93@group-D68F9A05A383-LeaderElection35] INFO  segmented.SegmentedRaftLogWorker (SegmentedRaftLogWorker.java:startLogSegment(394)) - 26f2b290-61b3-49ad-8002-bfb92d808e93@group-D68F9A05A383-SegmentedRaftLogWorker: Starting segment from index:0
2022-01-12 07:42:23,433 [26f2b290-61b3-49ad-8002-bfb92d808e93@group-D68F9A05A383-SegmentedRaftLogWorker] INFO  segmented.SegmentedRaftLogWorker (SegmentedRaftLogWorker.java:execute(601)) - 26f2b290-61b3-49ad-8002-bfb92d808e93@group-D68F9A05A383-SegmentedRaftLogWorker: created new log segment /home/runner/work/ozone/ozone/hadoop-ozone/integration-test/target/test-dir/MiniOzoneClusterImpl-98c4baf1-f560-4074-9287-a7c3af5f62c4/datanode-2/data/ratis/83309c2b-4986-4e5d-b051-d68f9a05a383/current/log_inprogress_0
2022-01-12 07:42:23,450 [grpc-default-executor-2] INFO  server.RaftServer$Division (RaftServerImpl.java:requestVote(1046)) - 26f2b290-61b3-49ad-8002-bfb92d808e93@group-D68F9A05A383: receive requestVote(ELECTION, 09bdbdee-2d8e-4e61-9916-e6a477ae13dd, group-D68F9A05A383, 12, (t:0, i:0))
2022-01-12 07:42:23,451 [IPC Server listener on 0] INFO  ipc.Server (Server.java:run(1376)) - Stopping IPC Server listener on 0
2022-01-12 07:42:23,452 [IPC Server Responder] INFO  ipc.Server (Server.java:run(1512)) - Stopping IPC Server Responder
2022-01-12 07:42:23,452 [26f2b290-61b3-49ad-8002-bfb92d808e93@group-D68F9A05A383-LeaderElection35] INFO  server.RaftServer$Division (ServerState.java:setRaftConf(387)) - 26f2b290-61b3-49ad-8002-bfb92d808e93@group-D68F9A05A383: set configuration 0: [271317f1-f8b4-40e6-a29f-423c50314c9a|rpc:10.1.0.33:43991|dataStream:|priority:0, 09bdbdee-2d8e-4e61-9916-e6a477ae13dd|rpc:10.1.0.33:45301|dataStream:|priority:0, 26f2b290-61b3-49ad-8002-bfb92d808e93|rpc:10.1.0.33:46813|dataStream:|priority:1], old=null
2022-01-12 07:42:23,457 [grpc-default-executor-1] INFO  server.RaftServer$Division (RaftServerImpl.java:requestVote(1046)) - 271317f1-f8b4-40e6-a29f-423c50314c9a@group-D68F9A05A383: receive requestVote(ELECTION, 09bdbdee-2d8e-4e61-9916-e6a477ae13dd, group-D68F9A05A383, 12, (t:0, i:0))
2022-01-12 07:42:23,457 [grpc-default-executor-1] INFO  impl.VoteContext (VoteContext.java:log(48)) - 271317f1-f8b4-40e6-a29f-423c50314c9a@group-D68F9A05A383-FOLLOWER: reject ELECTION from 09bdbdee-2d8e-4e61-9916-e6a477ae13dd: already has voted for 26f2b290-61b3-49ad-8002-bfb92d808e93 at current term 12
2022-01-12 07:42:23,457 [grpc-default-executor-1] INFO  server.RaftServer$Division (RaftServerImpl.java:requestVote(1078)) - 271317f1-f8b4-40e6-a29f-423c50314c9a@group-D68F9A05A383 replies to ELECTION vote request: 09bdbdee-2d8e-4e61-9916-e6a477ae13dd<-271317f1-f8b4-40e6-a29f-423c50314c9a#0:FAIL-t12. Peer's state: 271317f1-f8b4-40e6-a29f-423c50314c9a@group-D68F9A05A383:t12, leader=null, voted=26f2b290-61b3-49ad-8002-bfb92d808e93, raftlog=271317f1-f8b4-40e6-a29f-423c50314c9a@group-D68F9A05A383-SegmentedRaftLog:OPENED:c-1, conf=-1: [271317f1-f8b4-40e6-a29f-423c50314c9a|rpc:10.1.0.33:43991|dataStream:|priority:0, 09bdbdee-2d8e-4e61-9916-e6a477ae13dd|rpc:10.1.0.33:45301|dataStream:|priority:0, 26f2b290-61b3-49ad-8002-bfb92d808e93|rpc:10.1.0.33:46813|dataStream:|priority:1], old=null
2022-01-12 07:42:23,458 [grpc-default-executor-2] INFO  impl.VoteContext (VoteContext.java:log(48)) - 26f2b290-61b3-49ad-8002-bfb92d808e93@group-D68F9A05A383-LEADER: reject ELECTION from 09bdbdee-2d8e-4e61-9916-e6a477ae13dd: already has voted for 26f2b290-61b3-49ad-8002-bfb92d808e93 at current term 12
2022-01-12 07:42:23,458 [grpc-default-executor-2] INFO  server.RaftServer$Division (RaftServerImpl.java:requestVote(1078)) - 26f2b290-61b3-49ad-8002-bfb92d808e93@group-D68F9A05A383 replies to ELECTION vote request: 09bdbdee-2d8e-4e61-9916-e6a477ae13dd<-26f2b290-61b3-49ad-8002-bfb92d808e93#0:FAIL-t12. Peer's state: 26f2b290-61b3-49ad-8002-bfb92d808e93@group-D68F9A05A383:t12, leader=26f2b290-61b3-49ad-8002-bfb92d808e93, voted=26f2b290-61b3-49ad-8002-bfb92d808e93, raftlog=26f2b290-61b3-49ad-8002-bfb92d808e93@group-D68F9A05A383-SegmentedRaftLog:OPENED:c-1, conf=0: [271317f1-f8b4-40e6-a29f-423c50314c9a|rpc:10.1.0.33:43991|dataStream:|priority:0, 09bdbdee-2d8e-4e61-9916-e6a477ae13dd|rpc:10.1.0.33:45301|dataStream:|priority:0, 26f2b290-61b3-49ad-8002-bfb92d808e93|rpc:10.1.0.33:46813|dataStream:|priority:1], old=null
2022-01-12 07:42:23,477 [09bdbdee-2d8e-4e61-9916-e6a477ae13dd@group-D68F9A05A383-LeaderElection36] INFO  impl.LeaderElection (LeaderElection.java:logAndReturn(89)) - 09bdbdee-2d8e-4e61-9916-e6a477ae13dd@group-D68F9A05A383-LeaderElection36: ELECTION REJECTED received 1 response(s) and 0 exception(s):
2022-01-12 07:42:23,477 [09bdbdee-2d8e-4e61-9916-e6a477ae13dd@group-D68F9A05A383-LeaderElection36] INFO  impl.LeaderElection (LeaderElection.java:logAndReturn(93)) -   Response 0: 09bdbdee-2d8e-4e61-9916-e6a477ae13dd<-26f2b290-61b3-49ad-8002-bfb92d808e93#0:FAIL-t12
2022-01-12 07:42:23,477 [09bdbdee-2d8e-4e61-9916-e6a477ae13dd@group-D68F9A05A383-LeaderElection36] INFO  impl.LeaderElection (LeaderElection.java:askForVotes(308)) - 09bdbdee-2d8e-4e61-9916-e6a477ae13dd@group-D68F9A05A383-LeaderElection36 ELECTION round 0: result REJECTED
2022-01-12 07:42:23,477 [09bdbdee-2d8e-4e61-9916-e6a477ae13dd@group-D68F9A05A383-LeaderElection36] INFO  server.RaftServer$Division (RaftServerImpl.java:setRole(290)) - 09bdbdee-2d8e-4e61-9916-e6a477ae13dd@group-D68F9A05A383: changes role from CANDIDATE to FOLLOWER at term 12 for REJECTED
2022-01-12 07:42:23,477 [09bdbdee-2d8e-4e61-9916-e6a477ae13dd@group-D68F9A05A383-LeaderElection36] INFO  impl.RoleInfo (RoleInfo.java:shutdownLeaderElection(121)) - 09bdbdee-2d8e-4e61-9916-e6a477ae13dd: shutdown 09bdbdee-2d8e-4e61-9916-e6a477ae13dd@group-D68F9A05A383-LeaderElection36
2022-01-12 07:42:23,477 [09bdbdee-2d8e-4e61-9916-e6a477ae13dd@group-D68F9A05A383-LeaderElection36] INFO  impl.RoleInfo (RoleInfo.java:updateAndGet(130)) - 09bdbdee-2d8e-4e61-9916-e6a477ae13dd: start 09bdbdee-2d8e-4e61-9916-e6a477ae13dd@group-D68F9A05A383-FollowerState
2022-01-12 07:42:23,495 [grpc-default-executor-0] INFO  ratis.XceiverServerRatis (XceiverServerRatis.java:handleLeaderChangedNotification(866)) - Leader change notification received for group: group-D68F9A05A383 with new leaderId: 26f2b290-61b3-49ad-8002-bfb92d808e93
2022-01-12 07:42:23,495 [grpc-default-executor-0] INFO  server.RaftServer$Division (ServerState.java:setLeader(285)) - 09bdbdee-2d8e-4e61-9916-e6a477ae13dd@group-D68F9A05A383: change Leader from null to 26f2b290-61b3-49ad-8002-bfb92d808e93 at term 12 for appendEntries, leader elected after 61868ms
2022-01-12 07:42:23,512 [grpc-default-executor-3] INFO  ratis.XceiverServerRatis (XceiverServerRatis.java:handleLeaderChangedNotification(866)) - Leader change notification received for group: group-D68F9A05A383 with new leaderId: 26f2b290-61b3-49ad-8002-bfb92d808e93
2022-01-12 07:42:23,512 [grpc-default-executor-3] INFO  server.RaftServer$Division (ServerState.java:setLeader(285)) - 271317f1-f8b4-40e6-a29f-423c50314c9a@group-D68F9A05A383: change Leader from null to 26f2b290-61b3-49ad-8002-bfb92d808e93 at term 12 for appendEntries, leader elected after 61666ms
2022-01-12 07:42:23,530 [grpc-default-executor-0] INFO  server.RaftServer$Division (ServerState.java:setRaftConf(387)) - 09bdbdee-2d8e-4e61-9916-e6a477ae13dd@group-D68F9A05A383: set configuration 0: [271317f1-f8b4-40e6-a29f-423c50314c9a|rpc:10.1.0.33:43991|dataStream:|priority:0, 09bdbdee-2d8e-4e61-9916-e6a477ae13dd|rpc:10.1.0.33:45301|dataStream:|priority:0, 26f2b290-61b3-49ad-8002-bfb92d808e93|rpc:10.1.0.33:46813|dataStream:|priority:1], old=null
2022-01-12 07:42:23,530 [grpc-default-executor-0] INFO  segmented.SegmentedRaftLogWorker (SegmentedRaftLogWorker.java:startLogSegment(394)) - 09bdbdee-2d8e-4e61-9916-e6a477ae13dd@group-D68F9A05A383-SegmentedRaftLogWorker: Starting segment from index:0
2022-01-12 07:42:23,531 [grpc-default-executor-3] INFO  server.RaftServer$Division (ServerState.java:setRaftConf(387)) - 271317f1-f8b4-40e6-a29f-423c50314c9a@group-D68F9A05A383: set configuration 0: [271317f1-f8b4-40e6-a29f-423c50314c9a|rpc:10.1.0.33:43991|dataStream:|priority:0, 09bdbdee-2d8e-4e61-9916-e6a477ae13dd|rpc:10.1.0.33:45301|dataStream:|priority:0, 26f2b290-61b3-49ad-8002-bfb92d808e93|rpc:10.1.0.33:46813|dataStream:|priority:1], old=null
2022-01-12 07:42:23,531 [grpc-default-executor-3] INFO  segmented.SegmentedRaftLogWorker (SegmentedRaftLogWorker.java:startLogSegment(394)) - 271317f1-f8b4-40e6-a29f-423c50314c9a@group-D68F9A05A383-SegmentedRaftLogWorker: Starting segment from index:0
2022-01-12 07:42:23,534 [271317f1-f8b4-40e6-a29f-423c50314c9a@group-D68F9A05A383-SegmentedRaftLogWorker] INFO  segmented.SegmentedRaftLogWorker (SegmentedRaftLogWorker.java:execute(601)) - 271317f1-f8b4-40e6-a29f-423c50314c9a@group-D68F9A05A383-SegmentedRaftLogWorker: created new log segment /home/runner/work/ozone/ozone/hadoop-ozone/integration-test/target/test-dir/MiniOzoneClusterImpl-98c4baf1-f560-4074-9287-a7c3af5f62c4/datanode-1/data/ratis/83309c2b-4986-4e5d-b051-d68f9a05a383/current/log_inprogress_0
2022-01-12 07:42:23,535 [09bdbdee-2d8e-4e61-9916-e6a477ae13dd@group-D68F9A05A383-SegmentedRaftLogWorker] INFO  segmented.SegmentedRaftLogWorker (SegmentedRaftLogWorker.java:execute(601)) - 09bdbdee-2d8e-4e61-9916-e6a477ae13dd@group-D68F9A05A383-SegmentedRaftLogWorker: created new log segment /home/runner/work/ozone/ozone/hadoop-ozone/integration-test/target/test-dir/MiniOzoneClusterImpl-98c4baf1-f560-4074-9287-a7c3af5f62c4/datanode-0/data/ratis/83309c2b-4986-4e5d-b051-d68f9a05a383/current/log_inprogress_0
2022-01-12 07:42:23,558 [SCM Heartbeat Processing Thread - 0] WARN  node.NodeStateManager (NodeStateManager.java:scheduleNextHealthCheck(799)) - Current Thread is interrupted, shutting down HB processing thread for Node Manager.
2022-01-12 07:42:23,558 [Listener at 127.0.0.1/46417] INFO  server.StorageContainerManager (StorageContainerManager.java:stop(1426)) - Stopping block service RPC server
2022-01-12 07:42:23,558 [Listener at 127.0.0.1/46417] INFO  server.SCMBlockProtocolServer (SCMBlockProtocolServer.java:stop(160)) - Stopping the RPC server for Block Protocol
2022-01-12 07:42:23,558 [Listener at 127.0.0.1/46417] INFO  ipc.Server (Server.java:stop(3414)) - Stopping server on 45179
2022-01-12 07:42:23,560 [Listener at 127.0.0.1/46417] INFO  server.StorageContainerManager (StorageContainerManager.java:stop(1433)) - Stopping the StorageContainerLocationProtocol RPC server
2022-01-12 07:42:23,561 [Listener at 127.0.0.1/46417] INFO  server.SCMClientProtocolServer (SCMClientProtocolServer.java:stop(173)) - Stopping the RPC server for Client Protocol
2022-01-12 07:42:23,561 [Listener at 127.0.0.1/46417] INFO  ipc.Server (Server.java:stop(3414)) - Stopping server on 44009
2022-01-12 07:42:23,561 [IPC Server Responder] INFO  ipc.Server (Server.java:run(1512)) - Stopping IPC Server Responder
2022-01-12 07:42:23,562 [IPC Server listener on 0] INFO  ipc.Server (Server.java:run(1376)) - Stopping IPC Server listener on 0
2022-01-12 07:42:23,564 [Listener at 127.0.0.1/46417] INFO  server.StorageContainerManager (StorageContainerManager.java:stop(1440)) - Stopping Storage Container Manager HTTP server.
2022-01-12 07:42:23,565 [Listener at 127.0.0.1/46417] INFO  handler.ContextHandler (ContextHandler.java:doStop(1153)) - Stopped o.e.j.w.WebAppContext@4c27d6bb{scm,/,null,STOPPED}{file:/home/runner/work/ozone/ozone/hadoop-ozone/integration-test/target/test-classes/webapps/scm}
2022-01-12 07:42:23,565 [IPC Server Responder] INFO  ipc.Server (Server.java:run(1512)) - Stopping IPC Server Responder
2022-01-12 07:42:23,565 [IPC Server listener on 0] INFO  ipc.Server (Server.java:run(1376)) - Stopping IPC Server listener on 0
2022-01-12 07:42:23,571 [Listener at 127.0.0.1/46417] INFO  server.AbstractConnector (AbstractConnector.java:doStop(381)) - Stopped ServerConnector@5a8ce74b{HTTP/1.1, (http/1.1)}{0.0.0.0:0}
2022-01-12 07:42:23,572 [Listener at 127.0.0.1/46417] INFO  server.session (HouseKeeper.java:stopScavenging(149)) - node0 Stopped scavenging
2022-01-12 07:42:23,572 [Listener at 127.0.0.1/46417] INFO  handler.ContextHandler (ContextHandler.java:doStop(1153)) - Stopped o.e.j.s.ServletContextHandler@4597a827{static,/static,file:///home/runner/work/ozone/ozone/hadoop-ozone/integration-test/target/test-classes/webapps/static,STOPPED}
2022-01-12 07:42:23,573 [Listener at 127.0.0.1/46417] INFO  handler.ContextHandler (ContextHandler.java:doStop(1153)) - Stopped o.e.j.s.ServletContextHandler@5022b7d6{logs,/logs,file:///home/runner/work/ozone/ozone/hadoop-ozone/integration-test/target/log,STOPPED}
2022-01-12 07:42:23,577 [Listener at 127.0.0.1/46417] INFO  server.StorageContainerManager (StorageContainerManager.java:stop(1451)) - Stopping Block Manager Service.
2022-01-12 07:42:23,577 [Listener at 127.0.0.1/46417] INFO  utils.BackgroundService (BackgroundService.java:shutdown(132)) - Shutting down service SCMBlockDeletingService
2022-01-12 07:42:23,578 [Listener at 127.0.0.1/46417] INFO  utils.BackgroundService (BackgroundService.java:shutdown(132)) - Shutting down service SCMBlockDeletingService
2022-01-12 07:42:23,578 [Listener at 127.0.0.1/46417] INFO  server.StorageContainerManager (StorageContainerManager.java:stop(1478)) - Stopping SCM Event Queue.
2022-01-12 07:42:23,587 [Listener at 127.0.0.1/46417] INFO  server.StorageContainerManager (StorageContainerManager.java:stop(1489)) - Stopping SCM HA services.
2022-01-12 07:42:23,588 [Listener at 127.0.0.1/46417] INFO  pipeline.BackgroundPipelineCreator (BackgroundPipelineCreator.java:stop(158)) - Stopping RatisPipelineUtilsThread.
2022-01-12 07:42:23,588 [Listener at 127.0.0.1/46417] INFO  server.StorageContainerManager (StorageContainerManager.java:stop(1499)) - Stopping SCM MetadataStore.
2022-01-12 07:42:23,589 [Listener at 127.0.0.1/46417] INFO  impl.MetricsSystemImpl (MetricsSystemImpl.java:stop(210)) - Stopping HddsDatanode metrics system...
2022-01-12 07:42:23,604 [prometheus] INFO  impl.MetricsSinkAdapter (MetricsSinkAdapter.java:publishMetricsFromQueue(141)) - prometheus thread interrupted.
2022-01-12 07:42:23,605 [Listener at 127.0.0.1/46417] INFO  impl.MetricsSystemImpl (MetricsSystemImpl.java:stop(216)) - HddsDatanode metrics system stopped.
2022-01-12 07:42:24,203 [EndpointStateMachine task thread for /0.0.0.0:35925 - 0 ] WARN  statemachine.EndpointStateMachine (EndpointStateMachine.java:logIfNeeded(236)) - Unable to communicate to SCM server at 0.0.0.0:35925 for past 0 seconds.
java.io.EOFException: End of File Exception between local host is: "fv-az270-882/10.1.0.33"; destination host is: "0.0.0.0":35925; : java.io.EOFException; For more details see:  http://wiki.apache.org/hadoop/EOFException
	at sun.reflect.NativeConstructorAccessorImpl.newInstance0(Native Method)
	at sun.reflect.NativeConstructorAccessorImpl.newInstance(NativeConstructorAccessorImpl.java:62)
	at sun.reflect.DelegatingConstructorAccessorImpl.newInstance(DelegatingConstructorAccessorImpl.java:45)
	at java.lang.reflect.Constructor.newInstance(Constructor.java:423)
	at org.apache.hadoop.net.NetUtils.wrapWithMessage(NetUtils.java:913)
	at org.apache.hadoop.net.NetUtils.wrapException(NetUtils.java:862)
	at org.apache.hadoop.ipc.Client.getRpcResponse(Client.java:1577)
	at org.apache.hadoop.ipc.Client.call(Client.java:1519)
	at org.apache.hadoop.ipc.Client.call(Client.java:1416)
	at org.apache.hadoop.ipc.ProtobufRpcEngine$Invoker.invoke(ProtobufRpcEngine.java:236)
	at org.apache.hadoop.ipc.ProtobufRpcEngine$Invoker.invoke(ProtobufRpcEngine.java:123)
	at com.sun.proxy.$Proxy49.submitRequest(Unknown Source)
	at org.apache.hadoop.ozone.protocolPB.StorageContainerDatanodeProtocolClientSideTranslatorPB.submitRequest(StorageContainerDatanodeProtocolClientSideTranslatorPB.java:117)
	at org.apache.hadoop.ozone.protocolPB.StorageContainerDatanodeProtocolClientSideTranslatorPB.sendHeartbeat(StorageContainerDatanodeProtocolClientSideTranslatorPB.java:149)
	at org.apache.hadoop.ozone.container.common.states.endpoint.HeartbeatEndpointTask.call(HeartbeatEndpointTask.java:179)
	at org.apache.hadoop.ozone.container.common.states.endpoint.HeartbeatEndpointTask.call(HeartbeatEndpointTask.java:82)
	at java.util.concurrent.FutureTask.run(FutureTask.java:266)
	at java.util.concurrent.ThreadPoolExecutor.runWorker(ThreadPoolExecutor.java:1149)
	at java.util.concurrent.ThreadPoolExecutor$Worker.run(ThreadPoolExecutor.java:624)
	at java.lang.Thread.run(Thread.java:748)
Caused by: java.io.EOFException
	at java.io.DataInputStream.readInt(DataInputStream.java:392)
	at org.apache.hadoop.ipc.Client$IpcStreams.readResponse(Client.java:1892)
	at org.apache.hadoop.ipc.Client$Connection.receiveRpcResponse(Client.java:1202)
	at org.apache.hadoop.ipc.Client$Connection.run(Client.java:1098)
2022-01-12 07:42:25,394 [EndpointStateMachine task thread for /0.0.0.0:35925 - 0 ] INFO  ipc.Client (Client.java:handleConnectionFailure(977)) - Retrying connect to server: 0.0.0.0/0.0.0.0:35925. Already tried 0 time(s); retry policy is RetryUpToMaximumCountWithFixedSleep(maxRetries=15, sleepTime=1000 MILLISECONDS)
2022-01-12 07:42:26,394 [EndpointStateMachine task thread for /0.0.0.0:35925 - 0 ] INFO  ipc.Client (Client.java:handleConnectionFailure(977)) - Retrying connect to server: 0.0.0.0/0.0.0.0:35925. Already tried 1 time(s); retry policy is RetryUpToMaximumCountWithFixedSleep(maxRetries=15, sleepTime=1000 MILLISECONDS)
2022-01-12 07:42:27,395 [EndpointStateMachine task thread for /0.0.0.0:35925 - 0 ] INFO  ipc.Client (Client.java:handleConnectionFailure(977)) - Retrying connect to server: 0.0.0.0/0.0.0.0:35925. Already tried 2 time(s); retry policy is RetryUpToMaximumCountWithFixedSleep(maxRetries=15, sleepTime=1000 MILLISECONDS)
2022-01-12 07:42:28,396 [EndpointStateMachine task thread for /0.0.0.0:35925 - 0 ] INFO  ipc.Client (Client.java:handleConnectionFailure(977)) - Retrying connect to server: 0.0.0.0/0.0.0.0:35925. Already tried 3 time(s); retry policy is RetryUpToMaximumCountWithFixedSleep(maxRetries=15, sleepTime=1000 MILLISECONDS)
2022-01-12 07:42:28,397 [Datanode State Machine Daemon Thread] ERROR datanode.RunningDatanodeState (RunningDatanodeState.java:computeNextContainerState(199)) - Error in executing end point task.
java.util.concurrent.ExecutionException: java.util.concurrent.TimeoutException
	at java.util.concurrent.FutureTask.report(FutureTask.java:122)
	at java.util.concurrent.FutureTask.get(FutureTask.java:192)
	at org.apache.hadoop.ozone.container.common.states.datanode.RunningDatanodeState.computeNextContainerState(RunningDatanodeState.java:191)
	at org.apache.hadoop.ozone.container.common.states.datanode.RunningDatanodeState.await(RunningDatanodeState.java:231)
	at org.apache.hadoop.ozone.container.common.states.datanode.RunningDatanodeState.await(RunningDatanodeState.java:50)
	at org.apache.hadoop.ozone.container.common.statemachine.StateContext.execute(StateContext.java:633)
	at org.apache.hadoop.ozone.container.common.statemachine.DatanodeStateMachine.start(DatanodeStateMachine.java:283)
	at org.apache.hadoop.ozone.container.common.statemachine.DatanodeStateMachine.lambda$startDaemon$0(DatanodeStateMachine.java:471)
	at java.lang.Thread.run(Thread.java:748)
Caused by: java.util.concurrent.TimeoutException
	at java.util.concurrent.FutureTask.get(FutureTask.java:205)
	at org.apache.hadoop.ozone.container.common.states.datanode.RunningDatanodeState.lambda$execute$0(RunningDatanodeState.java:149)
	at java.util.concurrent.FutureTask.run(FutureTask.java:266)
	at java.util.concurrent.Executors$RunnableAdapter.call(Executors.java:511)
	at java.util.concurrent.FutureTask.run(FutureTask.java:266)
	at java.util.concurrent.ThreadPoolExecutor.runWorker(ThreadPoolExecutor.java:1149)
	at java.util.concurrent.ThreadPoolExecutor$Worker.run(ThreadPoolExecutor.java:624)
	... 1 more
2022-01-12 07:42:28,606 [Listener at 127.0.0.1/46417] INFO  ozoneimpl.OzoneContainer (OzoneContainer.java:stop(336)) - Attempting to stop container services.
2022-01-12 07:42:28,607 [Listener at 127.0.0.1/46417] INFO  server.RaftServer (RaftServerProxy.java:lambda$close$6(391)) - 09bdbdee-2d8e-4e61-9916-e6a477ae13dd: close
2022-01-12 07:42:28,608 [Listener at 127.0.0.1/46417] INFO  server.RaftServer$Division (RaftServerImpl.java:lambda$close$4(412)) - 09bdbdee-2d8e-4e61-9916-e6a477ae13dd@group-D68F9A05A383: shutdown
2022-01-12 07:42:28,608 [Listener at 127.0.0.1/46417] INFO  util.JmxRegister (JmxRegister.java:unregister(73)) - Successfully un-registered JMX Bean with object name Ratis:service=RaftServer,group=group-D68F9A05A383,id=09bdbdee-2d8e-4e61-9916-e6a477ae13dd
2022-01-12 07:42:28,608 [Listener at 127.0.0.1/46417] INFO  impl.RoleInfo (RoleInfo.java:shutdownFollowerState(108)) - 09bdbdee-2d8e-4e61-9916-e6a477ae13dd: shutdown 09bdbdee-2d8e-4e61-9916-e6a477ae13dd@group-D68F9A05A383-FollowerState
2022-01-12 07:42:28,608 [Listener at 127.0.0.1/46417] INFO  impl.StateMachineUpdater (StateMachineUpdater.java:stopAndJoin(149)) - 09bdbdee-2d8e-4e61-9916-e6a477ae13dd@group-D68F9A05A383-StateMachineUpdater: set stopIndex = 0
2022-01-12 07:42:28,609 [09bdbdee-2d8e-4e61-9916-e6a477ae13dd@group-D68F9A05A383-FollowerState] INFO  impl.FollowerState (FollowerState.java:run(143)) - 09bdbdee-2d8e-4e61-9916-e6a477ae13dd@group-D68F9A05A383-FollowerState was interrupted: {}
java.lang.InterruptedException: sleep interrupted
	at java.lang.Thread.sleep(Native Method)
	at java.lang.Thread.sleep(Thread.java:340)
	at java.util.concurrent.TimeUnit.sleep(TimeUnit.java:386)
	at org.apache.ratis.util.TimeDuration.sleep(TimeDuration.java:324)
	at org.apache.ratis.util.TimeDuration.sleep(TimeDuration.java:309)
	at org.apache.ratis.server.impl.FollowerState.run(FollowerState.java:118)
2022-01-12 07:42:28,613 [09bdbdee-2d8e-4e61-9916-e6a477ae13dd@group-D68F9A05A383-StateMachineUpdater] INFO  ratis.ContainerStateMachine (ContainerStateMachine.java:takeSnapshot(299)) - group-D68F9A05A383: Taking a snapshot at:(t:12, i:0) file /home/runner/work/ozone/ozone/hadoop-ozone/integration-test/target/test-dir/MiniOzoneClusterImpl-98c4baf1-f560-4074-9287-a7c3af5f62c4/datanode-0/data/ratis/83309c2b-4986-4e5d-b051-d68f9a05a383/sm/snapshot.12_0
2022-01-12 07:42:28,615 [09bdbdee-2d8e-4e61-9916-e6a477ae13dd@group-D68F9A05A383-StateMachineUpdater] INFO  ratis.ContainerStateMachine (ContainerStateMachine.java:takeSnapshot(310)) - group-D68F9A05A383: Finished taking a snapshot at:(t:12, i:0) file:/home/runner/work/ozone/ozone/hadoop-ozone/integration-test/target/test-dir/MiniOzoneClusterImpl-98c4baf1-f560-4074-9287-a7c3af5f62c4/datanode-0/data/ratis/83309c2b-4986-4e5d-b051-d68f9a05a383/sm/snapshot.12_0 took: 1 ms
2022-01-12 07:42:28,615 [09bdbdee-2d8e-4e61-9916-e6a477ae13dd@group-D68F9A05A383-StateMachineUpdater] INFO  impl.StateMachineUpdater (StateMachineUpdater.java:takeSnapshot(281)) - 09bdbdee-2d8e-4e61-9916-e6a477ae13dd@group-D68F9A05A383-StateMachineUpdater: Took a snapshot at index 0
2022-01-12 07:42:28,615 [09bdbdee-2d8e-4e61-9916-e6a477ae13dd@group-D68F9A05A383-StateMachineUpdater] INFO  impl.StateMachineUpdater (StateMachineUpdater.java:lambda$new$0(89)) - 09bdbdee-2d8e-4e61-9916-e6a477ae13dd@group-D68F9A05A383-StateMachineUpdater: snapshotIndex: updateIncreasingly -1 -> 0
2022-01-12 07:42:28,616 [Listener at 127.0.0.1/46417] INFO  server.RaftServer$Division (ServerState.java:close(419)) - 09bdbdee-2d8e-4e61-9916-e6a477ae13dd@group-D68F9A05A383: closes. applyIndex: 0
2022-01-12 07:42:28,616 [09bdbdee-2d8e-4e61-9916-e6a477ae13dd@group-D68F9A05A383-SegmentedRaftLogWorker] INFO  segmented.SegmentedRaftLogWorker (SegmentedRaftLogWorker.java:run(327)) - 09bdbdee-2d8e-4e61-9916-e6a477ae13dd@group-D68F9A05A383-SegmentedRaftLogWorker was interrupted, exiting. There are 0 tasks remaining in the queue.
2022-01-12 07:42:28,617 [Listener at 127.0.0.1/46417] INFO  segmented.SegmentedRaftLogWorker (SegmentedRaftLogWorker.java:close(237)) - 09bdbdee-2d8e-4e61-9916-e6a477ae13dd@group-D68F9A05A383-SegmentedRaftLogWorker close()
2022-01-12 07:42:28,618 [Listener at 127.0.0.1/46417] INFO  server.RaftServer$Division (RaftServerImpl.java:lambda$close$4(412)) - 09bdbdee-2d8e-4e61-9916-e6a477ae13dd@group-AF9839D15867: shutdown
2022-01-12 07:42:28,619 [Listener at 127.0.0.1/46417] INFO  util.JmxRegister (JmxRegister.java:unregister(73)) - Successfully un-registered JMX Bean with object name Ratis:service=RaftServer,group=group-AF9839D15867,id=09bdbdee-2d8e-4e61-9916-e6a477ae13dd
2022-01-12 07:42:28,619 [Listener at 127.0.0.1/46417] INFO  impl.RoleInfo (RoleInfo.java:shutdownLeaderState(91)) - 09bdbdee-2d8e-4e61-9916-e6a477ae13dd: shutdown 09bdbdee-2d8e-4e61-9916-e6a477ae13dd@group-AF9839D15867-LeaderStateImpl
2022-01-12 07:42:28,619 [Listener at 127.0.0.1/46417] INFO  impl.PendingRequests (PendingRequests.java:sendNotLeaderResponses(282)) - 09bdbdee-2d8e-4e61-9916-e6a477ae13dd@group-AF9839D15867-PendingRequests: sendNotLeaderResponses
2022-01-12 07:42:28,619 [Listener at 127.0.0.1/46417] INFO  impl.StateMachineUpdater (StateMachineUpdater.java:stopAndJoin(149)) - 09bdbdee-2d8e-4e61-9916-e6a477ae13dd@group-AF9839D15867-StateMachineUpdater: set stopIndex = 0
2022-01-12 07:42:28,620 [09bdbdee-2d8e-4e61-9916-e6a477ae13dd@group-AF9839D15867-StateMachineUpdater] INFO  ratis.ContainerStateMachine (ContainerStateMachine.java:takeSnapshot(299)) - group-AF9839D15867: Taking a snapshot at:(t:1, i:0) file /home/runner/work/ozone/ozone/hadoop-ozone/integration-test/target/test-dir/MiniOzoneClusterImpl-98c4baf1-f560-4074-9287-a7c3af5f62c4/datanode-0/data/ratis/166c94fe-f80d-4be6-bab9-af9839d15867/sm/snapshot.1_0
2022-01-12 07:42:28,621 [09bdbdee-2d8e-4e61-9916-e6a477ae13dd@group-AF9839D15867-StateMachineUpdater] INFO  ratis.ContainerStateMachine (ContainerStateMachine.java:takeSnapshot(310)) - group-AF9839D15867: Finished taking a snapshot at:(t:1, i:0) file:/home/runner/work/ozone/ozone/hadoop-ozone/integration-test/target/test-dir/MiniOzoneClusterImpl-98c4baf1-f560-4074-9287-a7c3af5f62c4/datanode-0/data/ratis/166c94fe-f80d-4be6-bab9-af9839d15867/sm/snapshot.1_0 took: 1 ms
2022-01-12 07:42:28,621 [09bdbdee-2d8e-4e61-9916-e6a477ae13dd@group-AF9839D15867-StateMachineUpdater] INFO  impl.StateMachineUpdater (StateMachineUpdater.java:takeSnapshot(281)) - 09bdbdee-2d8e-4e61-9916-e6a477ae13dd@group-AF9839D15867-StateMachineUpdater: Took a snapshot at index 0
2022-01-12 07:42:28,621 [09bdbdee-2d8e-4e61-9916-e6a477ae13dd@group-AF9839D15867-StateMachineUpdater] INFO  impl.StateMachineUpdater (StateMachineUpdater.java:lambda$new$0(89)) - 09bdbdee-2d8e-4e61-9916-e6a477ae13dd@group-AF9839D15867-StateMachineUpdater: snapshotIndex: updateIncreasingly -1 -> 0
2022-01-12 07:42:28,621 [Listener at 127.0.0.1/46417] INFO  server.RaftServer$Division (ServerState.java:close(419)) - 09bdbdee-2d8e-4e61-9916-e6a477ae13dd@group-AF9839D15867: closes. applyIndex: 0
2022-01-12 07:42:28,621 [09bdbdee-2d8e-4e61-9916-e6a477ae13dd@group-AF9839D15867-SegmentedRaftLogWorker] INFO  segmented.SegmentedRaftLogWorker (SegmentedRaftLogWorker.java:run(327)) - 09bdbdee-2d8e-4e61-9916-e6a477ae13dd@group-AF9839D15867-SegmentedRaftLogWorker was interrupted, exiting. There are 0 tasks remaining in the queue.
2022-01-12 07:42:28,622 [Listener at 127.0.0.1/46417] INFO  segmented.SegmentedRaftLogWorker (SegmentedRaftLogWorker.java:close(237)) - 09bdbdee-2d8e-4e61-9916-e6a477ae13dd@group-AF9839D15867-SegmentedRaftLogWorker close()
2022-01-12 07:42:28,625 [Listener at 127.0.0.1/46417] INFO  server.GrpcService (GrpcService.java:closeImpl(262)) - 09bdbdee-2d8e-4e61-9916-e6a477ae13dd: shutdown server with port 45301 now
2022-01-12 07:42:28,637 [grpc-default-executor-3] WARN  server.GrpcServerProtocolService (LogUtils.java:warn(122)) - 09bdbdee-2d8e-4e61-9916-e6a477ae13dd: installSnapshot onError, lastRequest: 26f2b290-61b3-49ad-8002-bfb92d808e93->09bdbdee-2d8e-4e61-9916-e6a477ae13dd#1-t12,previous=(t:0, i:0),leaderCommit=0,initializing? true,entries: size=1, first=(t:12, i:0), CONFIGURATIONENTRY: org.apache.ratis.thirdparty.io.grpc.StatusRuntimeException: CANCELLED: client cancelled
2022-01-12 07:42:28,661 [Listener at 127.0.0.1/46417] INFO  server.GrpcService (GrpcService.java:closeImpl(271)) - 09bdbdee-2d8e-4e61-9916-e6a477ae13dd: shutdown server with port 45301 successfully
2022-01-12 07:42:28,663 [grpc-default-executor-3] WARN  server.GrpcLogAppender (LogUtils.java:warn(122)) - 26f2b290-61b3-49ad-8002-bfb92d808e93@group-D68F9A05A383->09bdbdee-2d8e-4e61-9916-e6a477ae13dd-AppendLogResponseHandler: Failed appendEntries: org.apache.ratis.thirdparty.io.grpc.StatusRuntimeException: CANCELLED: HTTP/2 error code: CANCEL
Received Rst Stream
2022-01-12 07:42:28,663 [grpc-default-executor-3] WARN  server.GrpcLogAppender (GrpcLogAppender.java:resetClient(110)) - 26f2b290-61b3-49ad-8002-bfb92d808e93@group-D68F9A05A383->09bdbdee-2d8e-4e61-9916-e6a477ae13dd-GrpcLogAppender: Leader has not got in touch with Follower 26f2b290-61b3-49ad-8002-bfb92d808e93@group-D68F9A05A383->09bdbdee-2d8e-4e61-9916-e6a477ae13dd(c0,m0,n1, attendVote=true, lastRpcSendTime=103, lastRpcResponseTime=92) yet, just keep nextIndex unchanged and retry.
2022-01-12 07:42:28,670 [org.apache.ratis.util.JvmPauseMonitor$$Lambda$538/42333360@5f42c46e] INFO  util.JvmPauseMonitor (JvmPauseMonitor.java:run(109)) - JvmPauseMonitor-09bdbdee-2d8e-4e61-9916-e6a477ae13dd: Stopped
2022-01-12 07:42:29,397 [EndpointStateMachine task thread for /0.0.0.0:35925 - 0 ] INFO  ipc.Client (Client.java:handleConnectionFailure(977)) - Retrying connect to server: 0.0.0.0/0.0.0.0:35925. Already tried 4 time(s); retry policy is RetryUpToMaximumCountWithFixedSleep(maxRetries=15, sleepTime=1000 MILLISECONDS)
2022-01-12 07:42:30,398 [EndpointStateMachine task thread for /0.0.0.0:35925 - 0 ] INFO  ipc.Client (Client.java:handleConnectionFailure(977)) - Retrying connect to server: 0.0.0.0/0.0.0.0:35925. Already tried 5 time(s); retry policy is RetryUpToMaximumCountWithFixedSleep(maxRetries=15, sleepTime=1000 MILLISECONDS)
2022-01-12 07:42:30,401 [Datanode State Machine Daemon Thread] ERROR datanode.RunningDatanodeState (RunningDatanodeState.java:computeNextContainerState(199)) - Error in executing end point task.
java.util.concurrent.ExecutionException: java.util.concurrent.TimeoutException
	at java.util.concurrent.FutureTask.report(FutureTask.java:122)
	at java.util.concurrent.FutureTask.get(FutureTask.java:192)
	at org.apache.hadoop.ozone.container.common.states.datanode.RunningDatanodeState.computeNextContainerState(RunningDatanodeState.java:191)
	at org.apache.hadoop.ozone.container.common.states.datanode.RunningDatanodeState.await(RunningDatanodeState.java:231)
	at org.apache.hadoop.ozone.container.common.states.datanode.RunningDatanodeState.await(RunningDatanodeState.java:50)
	at org.apache.hadoop.ozone.container.common.statemachine.StateContext.execute(StateContext.java:633)
	at org.apache.hadoop.ozone.container.common.statemachine.DatanodeStateMachine.start(DatanodeStateMachine.java:283)
	at org.apache.hadoop.ozone.container.common.statemachine.DatanodeStateMachine.lambda$startDaemon$0(DatanodeStateMachine.java:471)
	at java.lang.Thread.run(Thread.java:748)
Caused by: java.util.concurrent.TimeoutException
	at java.util.concurrent.FutureTask.get(FutureTask.java:205)
	at org.apache.hadoop.ozone.container.common.states.datanode.RunningDatanodeState.lambda$execute$0(RunningDatanodeState.java:149)
	at java.util.concurrent.FutureTask.run(FutureTask.java:266)
	at java.util.concurrent.Executors$RunnableAdapter.call(Executors.java:511)
	at java.util.concurrent.FutureTask.run(FutureTask.java:266)
	at java.util.concurrent.ThreadPoolExecutor.runWorker(ThreadPoolExecutor.java:1149)
	at java.util.concurrent.ThreadPoolExecutor$Worker.run(ThreadPoolExecutor.java:624)
	... 1 more
2022-01-12 07:42:30,708 [Listener at 127.0.0.1/46417] INFO  utils.BackgroundService (BackgroundService.java:shutdown(132)) - Shutting down service BlockDeletingService
2022-01-12 07:42:31,086 [grpc-default-executor-3] WARN  server.GrpcLogAppender (LogUtils.java:warn(122)) - 26f2b290-61b3-49ad-8002-bfb92d808e93@group-D68F9A05A383->09bdbdee-2d8e-4e61-9916-e6a477ae13dd-AppendLogResponseHandler: Failed appendEntries: org.apache.ratis.thirdparty.io.grpc.StatusRuntimeException: UNAVAILABLE: io exception
2022-01-12 07:42:31,087 [grpc-default-executor-3] WARN  server.GrpcLogAppender (GrpcLogAppender.java:resetClient(110)) - 26f2b290-61b3-49ad-8002-bfb92d808e93@group-D68F9A05A383->09bdbdee-2d8e-4e61-9916-e6a477ae13dd-GrpcLogAppender: Leader has not got in touch with Follower 26f2b290-61b3-49ad-8002-bfb92d808e93@group-D68F9A05A383->09bdbdee-2d8e-4e61-9916-e6a477ae13dd(c0,m0,n1, attendVote=true, lastRpcSendTime=2526, lastRpcResponseTime=2516) yet, just keep nextIndex unchanged and retry.
2022-01-12 07:42:31,398 [EndpointStateMachine task thread for /0.0.0.0:35925 - 0 ] INFO  ipc.Client (Client.java:handleConnectionFailure(977)) - Retrying connect to server: 0.0.0.0/0.0.0.0:35925. Already tried 6 time(s); retry policy is RetryUpToMaximumCountWithFixedSleep(maxRetries=15, sleepTime=1000 MILLISECONDS)
2022-01-12 07:42:32,399 [EndpointStateMachine task thread for /0.0.0.0:35925 - 0 ] INFO  ipc.Client (Client.java:handleConnectionFailure(977)) - Retrying connect to server: 0.0.0.0/0.0.0.0:35925. Already tried 7 time(s); retry policy is RetryUpToMaximumCountWithFixedSleep(maxRetries=15, sleepTime=1000 MILLISECONDS)
2022-01-12 07:42:33,400 [EndpointStateMachine task thread for /0.0.0.0:35925 - 0 ] INFO  ipc.Client (Client.java:handleConnectionFailure(977)) - Retrying connect to server: 0.0.0.0/0.0.0.0:35925. Already tried 8 time(s); retry policy is RetryUpToMaximumCountWithFixedSleep(maxRetries=15, sleepTime=1000 MILLISECONDS)
2022-01-12 07:42:33,596 [grpc-default-executor-3] WARN  server.GrpcLogAppender (LogUtils.java:warn(122)) - 26f2b290-61b3-49ad-8002-bfb92d808e93@group-D68F9A05A383->09bdbdee-2d8e-4e61-9916-e6a477ae13dd-AppendLogResponseHandler: Failed appendEntries: org.apache.ratis.thirdparty.io.grpc.StatusRuntimeException: UNAVAILABLE: io exception
2022-01-12 07:42:33,598 [grpc-default-executor-3] WARN  server.GrpcLogAppender (GrpcLogAppender.java:resetClient(110)) - 26f2b290-61b3-49ad-8002-bfb92d808e93@group-D68F9A05A383->09bdbdee-2d8e-4e61-9916-e6a477ae13dd-GrpcLogAppender: Leader has not got in touch with Follower 26f2b290-61b3-49ad-8002-bfb92d808e93@group-D68F9A05A383->09bdbdee-2d8e-4e61-9916-e6a477ae13dd(c0,m0,n1, attendVote=true, lastRpcSendTime=1, lastRpcResponseTime=5027) yet, just keep nextIndex unchanged and retry.
2022-01-12 07:42:33,717 [Listener at 127.0.0.1/46417] INFO  statemachine.DatanodeStateMachine (DatanodeStateMachine.java:stopDaemon(529)) - Ozone container server stopped.
2022-01-12 07:42:33,718 [Listener at 127.0.0.1/46417] INFO  handler.ContextHandler (ContextHandler.java:doStop(1153)) - Stopped o.e.j.w.WebAppContext@60bbb64f{hddsDatanode,/,null,STOPPED}{jar:file:/home/runner/.m2/repository/org/apache/ozone/hdds-container-service/1.3.0-SNAPSHOT/hdds-container-service-1.3.0-SNAPSHOT.jar!/webapps/hddsDatanode}
2022-01-12 07:42:33,722 [Listener at 127.0.0.1/46417] INFO  server.AbstractConnector (AbstractConnector.java:doStop(381)) - Stopped ServerConnector@5af01266{HTTP/1.1, (http/1.1)}{0.0.0.0:0}
2022-01-12 07:42:33,722 [Listener at 127.0.0.1/46417] INFO  server.session (HouseKeeper.java:stopScavenging(149)) - node0 Stopped scavenging
2022-01-12 07:42:33,722 [Listener at 127.0.0.1/46417] INFO  handler.ContextHandler (ContextHandler.java:doStop(1153)) - Stopped o.e.j.s.ServletContextHandler@a99541a{static,/static,jar:file:/home/runner/.m2/repository/org/apache/ozone/hdds-container-service/1.3.0-SNAPSHOT/hdds-container-service-1.3.0-SNAPSHOT.jar!/webapps/static,STOPPED}
2022-01-12 07:42:33,722 [Listener at 127.0.0.1/46417] INFO  handler.ContextHandler (ContextHandler.java:doStop(1153)) - Stopped o.e.j.s.ServletContextHandler@48d50c54{logs,/logs,file:///home/runner/work/ozone/ozone/hadoop-ozone/integration-test/target/log,STOPPED}
2022-01-12 07:42:33,728 [Listener at 127.0.0.1/46417] WARN  impl.MetricRegistriesImpl (MetricRegistriesImpl.java:addReporterRegistration(111)) - New reporters are added after registries were created. Some metrics will be missing from the reporter. Please add reporter before adding any new registry.
2022-01-12 07:42:33,728 [Listener at 127.0.0.1/46417] WARN  impl.MetricRegistriesImpl (MetricRegistriesImpl.java:addReporterRegistration(111)) - New reporters are added after registries were created. Some metrics will be missing from the reporter. Please add reporter before adding any new registry.
2022-01-12 07:42:33,730 [Listener at 127.0.0.1/46417] WARN  impl.MetricsConfig (MetricsConfig.java:loadFirst(136)) - Cannot locate configuration: tried hadoop-metrics2-hddsdatanode.properties,hadoop-metrics2.properties
2022-01-12 07:42:33,741 [Listener at 127.0.0.1/46417] INFO  impl.MetricsSystemImpl (MetricsSystemImpl.java:startTimer(378)) - Scheduled Metric snapshot period at 10 second(s).
2022-01-12 07:42:33,741 [Listener at 127.0.0.1/46417] INFO  impl.MetricsSystemImpl (MetricsSystemImpl.java:start(191)) - HddsDatanode metrics system started
2022-01-12 07:42:33,829 [Listener at 127.0.0.1/46417] INFO  impl.MetricsSinkAdapter (MetricsSinkAdapter.java:start(204)) - Sink prometheus started
2022-01-12 07:42:33,829 [Listener at 127.0.0.1/46417] INFO  impl.MetricsSystemImpl (MetricsSystemImpl.java:registerSink(305)) - Registered sink prometheus
2022-01-12 07:42:33,981 [Listener at 127.0.0.1/46417] INFO  ozone.HddsDatanodeService (HddsDatanodeService.java:start(234)) - HddsDatanodeService host:fv-az270-882.tacnzluakwdehk1hpragurqkma.bx.internal.cloudapp.net ip:10.1.0.33
2022-01-12 07:42:34,068 [Listener at 127.0.0.1/46417] INFO  upgrade.AbstractLayoutVersionManager (AbstractLayoutVersionManager.java:init(79)) - Initializing Layout version manager with metadata layout = SCM_HA (version = 2), software layout = SCM_HA (version = 2)
2022-01-12 07:42:34,248 [Listener at 127.0.0.1/46417] INFO  reflections.Reflections (Reflections.java:scan(232)) - Reflections took 177 ms to scan 7 urls, producing 119 keys and 279 values 
2022-01-12 07:42:34,250 [Listener at 127.0.0.1/46417] INFO  statemachine.DatanodeStateMachine (DatanodeStateMachine.java:getEndPointTaskThreadPoolSize(222)) - Datanode State Machine Task Thread Pool size 2
2022-01-12 07:42:34,251 [Listener at 127.0.0.1/46417] INFO  volume.HddsVolume (HddsVolume.java:<init>(120)) - Creating HddsVolume: /home/runner/work/ozone/ozone/hadoop-ozone/integration-test/target/test-dir/MiniOzoneClusterImpl-98c4baf1-f560-4074-9287-a7c3af5f62c4/datanode-0/data-0/containers/hdds of storage type : DISK capacity : 9223372036854775807
2022-01-12 07:42:34,252 [Listener at 127.0.0.1/46417] INFO  volume.MutableVolumeSet (MutableVolumeSet.java:initializeVolumeSet(168)) - Added Volume : /home/runner/work/ozone/ozone/hadoop-ozone/integration-test/target/test-dir/MiniOzoneClusterImpl-98c4baf1-f560-4074-9287-a7c3af5f62c4/datanode-0/data-0/containers/hdds to VolumeSet
2022-01-12 07:42:34,252 [Listener at 127.0.0.1/46417] INFO  volume.ThrottledAsyncChecker (ThrottledAsyncChecker.java:schedule(141)) - Scheduling a check for /home/runner/work/ozone/ozone/hadoop-ozone/integration-test/target/test-dir/MiniOzoneClusterImpl-98c4baf1-f560-4074-9287-a7c3af5f62c4/datanode-0/data-0/containers/hdds
2022-01-12 07:42:34,252 [Listener at 127.0.0.1/46417] INFO  volume.StorageVolumeChecker (StorageVolumeChecker.java:checkAllVolumes(202)) - Scheduled health check for volume /home/runner/work/ozone/ozone/hadoop-ozone/integration-test/target/test-dir/MiniOzoneClusterImpl-98c4baf1-f560-4074-9287-a7c3af5f62c4/datanode-0/data-0/containers/hdds
2022-01-12 07:42:34,266 [Listener at 127.0.0.1/46417] INFO  volume.MutableVolumeSet (MutableVolumeSet.java:initializeVolumeSet(168)) - Added Volume : /home/runner/work/ozone/ozone/hadoop-ozone/integration-test/target/test-dir/MiniOzoneClusterImpl-98c4baf1-f560-4074-9287-a7c3af5f62c4/datanode-0/data/ratis to VolumeSet
2022-01-12 07:42:34,266 [Listener at 127.0.0.1/46417] INFO  volume.ThrottledAsyncChecker (ThrottledAsyncChecker.java:schedule(141)) - Scheduling a check for /home/runner/work/ozone/ozone/hadoop-ozone/integration-test/target/test-dir/MiniOzoneClusterImpl-98c4baf1-f560-4074-9287-a7c3af5f62c4/datanode-0/data/ratis
2022-01-12 07:42:34,266 [Listener at 127.0.0.1/46417] INFO  volume.StorageVolumeChecker (StorageVolumeChecker.java:checkAllVolumes(202)) - Scheduled health check for volume /home/runner/work/ozone/ozone/hadoop-ozone/integration-test/target/test-dir/MiniOzoneClusterImpl-98c4baf1-f560-4074-9287-a7c3af5f62c4/datanode-0/data/ratis
2022-01-12 07:42:34,321 [Thread-714] INFO  ozoneimpl.ContainerReader (ContainerReader.java:readVolume(142)) - Start to verify containers on volume /home/runner/work/ozone/ozone/hadoop-ozone/integration-test/target/test-dir/MiniOzoneClusterImpl-98c4baf1-f560-4074-9287-a7c3af5f62c4/datanode-0/data-0/containers/hdds
2022-01-12 07:42:34,322 [Thread-714] INFO  ozoneimpl.ContainerReader (ContainerReader.java:readVolume(172)) - Finish verifying containers on volume /home/runner/work/ozone/ozone/hadoop-ozone/integration-test/target/test-dir/MiniOzoneClusterImpl-98c4baf1-f560-4074-9287-a7c3af5f62c4/datanode-0/data-0/containers/hdds
2022-01-12 07:42:34,322 [Listener at 127.0.0.1/46417] INFO  ozoneimpl.OzoneContainer (OzoneContainer.java:buildContainerSet(237)) - Build ContainerSet costs 0s
2022-01-12 07:42:34,328 [Listener at 127.0.0.1/46417] INFO  server.RaftServer (ConfUtils.java:logGet(44)) - raft.rpc.type = GRPC (default)
2022-01-12 07:42:34,329 [Listener at 127.0.0.1/46417] INFO  grpc.GrpcFactory (GrpcFactory.java:checkPooledByteBufAllocatorUseCacheForAllThreads(48)) - PERFORMANCE WARNING: useCacheForAllThreads is true that may cause Netty to create a lot garbage objects and, as a result, trigger GC.
	It is recommended to disable useCacheForAllThreads by setting -Dorg.apache.ratis.thirdparty.io.netty.allocator.useCacheForAllThreads=false in command line.
2022-01-12 07:42:34,329 [Listener at 127.0.0.1/46417] INFO  grpc.GrpcConfigKeys (ConfUtils.java:logGet(44)) - raft.grpc.admin.port = 45301 (custom)
2022-01-12 07:42:34,329 [Listener at 127.0.0.1/46417] INFO  grpc.GrpcConfigKeys (ConfUtils.java:logGet(44)) - raft.grpc.client.port = 45301 (custom)
2022-01-12 07:42:34,330 [Listener at 127.0.0.1/46417] INFO  grpc.GrpcConfigKeys (ConfUtils.java:logGet(44)) - raft.grpc.server.port = 45301 (custom)
2022-01-12 07:42:34,330 [Listener at 127.0.0.1/46417] INFO  server.GrpcService (ConfUtils.java:logGet(44)) - raft.grpc.message.size.max = 32MB (=33554432) (custom)
2022-01-12 07:42:34,330 [Listener at 127.0.0.1/46417] INFO  server.RaftServerConfigKeys (ConfUtils.java:logGet(44)) - raft.server.log.appender.buffer.byte-limit = 33554432 (custom)
2022-01-12 07:42:34,330 [Listener at 127.0.0.1/46417] INFO  server.GrpcService (ConfUtils.java:logGet(44)) - raft.grpc.flow.control.window = 5MB (=5242880) (custom)
2022-01-12 07:42:34,330 [Listener at 127.0.0.1/46417] INFO  server.RaftServerConfigKeys (ConfUtils.java:logGet(44)) - raft.server.rpc.request.timeout = 60s (custom)
2022-01-12 07:42:34,331 [Listener at 127.0.0.1/46417] INFO  impl.DataStreamServerImpl (ConfUtils.java:logGet(44)) - raft.datastream.type = DISABLED (default)
2022-01-12 07:42:34,334 [Listener at 127.0.0.1/46417] INFO  server.RaftServerConfigKeys (ConfUtils.java:logGet(44)) - raft.server.rpc.slowness.timeout = 300s (custom)
2022-01-12 07:42:34,334 [Listener at 127.0.0.1/46417] INFO  server.RaftServerConfigKeys (ConfUtils.java:logGet(44)) - raft.server.leaderelection.leader.step-down.wait-time = 10s (default)
2022-01-12 07:42:34,334 [Listener at 127.0.0.1/46417] INFO  server.RaftServerConfigKeys (ConfUtils.java:logGet(44)) - raft.server.storage.dir = [/home/runner/work/ozone/ozone/hadoop-ozone/integration-test/target/test-dir/MiniOzoneClusterImpl-98c4baf1-f560-4074-9287-a7c3af5f62c4/datanode-0/data/ratis] (custom)
2022-01-12 07:42:34,334 [Listener at 127.0.0.1/46417] INFO  server.RaftServer (RaftServerProxy.java:lambda$null$1(235)) - 09bdbdee-2d8e-4e61-9916-e6a477ae13dd: found a subdirectory /home/runner/work/ozone/ozone/hadoop-ozone/integration-test/target/test-dir/MiniOzoneClusterImpl-98c4baf1-f560-4074-9287-a7c3af5f62c4/datanode-0/data/ratis/83309c2b-4986-4e5d-b051-d68f9a05a383
2022-01-12 07:42:34,345 [Listener at 127.0.0.1/46417] INFO  server.RaftServer (RaftServerProxy.java:addNew(95)) - 09bdbdee-2d8e-4e61-9916-e6a477ae13dd: addNew group-D68F9A05A383:[] returns group-D68F9A05A383:java.util.concurrent.CompletableFuture@4337d8fa[Not completed]
2022-01-12 07:42:34,345 [Listener at 127.0.0.1/46417] INFO  server.RaftServer (RaftServerProxy.java:lambda$null$1(235)) - 09bdbdee-2d8e-4e61-9916-e6a477ae13dd: found a subdirectory /home/runner/work/ozone/ozone/hadoop-ozone/integration-test/target/test-dir/MiniOzoneClusterImpl-98c4baf1-f560-4074-9287-a7c3af5f62c4/datanode-0/data/ratis/166c94fe-f80d-4be6-bab9-af9839d15867
2022-01-12 07:42:34,345 [Listener at 127.0.0.1/46417] INFO  server.RaftServer (RaftServerProxy.java:addNew(95)) - 09bdbdee-2d8e-4e61-9916-e6a477ae13dd: addNew group-AF9839D15867:[] returns group-AF9839D15867:java.util.concurrent.CompletableFuture@123fb613[Not completed]
2022-01-12 07:42:34,347 [Listener at 127.0.0.1/46417] INFO  server.XceiverServerGrpc (XceiverServerGrpc.java:<init>(132)) - GrpcServer channel type EpollServerSocketChannel
2022-01-12 07:42:34,359 [pool-303-thread-1] INFO  server.RaftServer$Division (RaftServerImpl.java:<init>(184)) - 09bdbdee-2d8e-4e61-9916-e6a477ae13dd: new RaftServerImpl for group-D68F9A05A383:[] with ContainerStateMachine:uninitialized
2022-01-12 07:42:34,379 [pool-303-thread-1] INFO  server.RaftServerConfigKeys (ConfUtils.java:logGet(44)) - raft.server.rpc.timeout.min = 5s (custom)
2022-01-12 07:42:34,380 [Listener at 127.0.0.1/46417] INFO  http.BaseHttpServer (BaseHttpServer.java:newHttpServer2BuilderForOzone(209)) - Starting Web-server for hddsDatanode at: http://0.0.0.0:38503
2022-01-12 07:42:34,380 [Listener at 127.0.0.1/46417] INFO  http.BaseHttpServer (BaseHttpServer.java:<init>(107)) - Hadoop Security Enabled: false Ozone Security Enabled: false Ozone HTTP Security Enabled: false 
2022-01-12 07:42:34,381 [Listener at 127.0.0.1/46417] INFO  server.AuthenticationFilter (AuthenticationFilter.java:constructSecretProvider(240)) - Unable to initialize FileSignerSecretProvider, falling back to use random secrets.
2022-01-12 07:42:34,380 [pool-303-thread-1] INFO  server.RaftServerConfigKeys (ConfUtils.java:logGet(44)) - raft.server.rpc.timeout.max = 5200ms (custom)
2022-01-12 07:42:34,382 [pool-303-thread-1] INFO  server.RaftServerConfigKeys (ConfUtils.java:logGet(44)) - raft.server.rpc.sleep.time = 25ms (default)
2022-01-12 07:42:34,382 [pool-303-thread-1] INFO  server.RaftServerConfigKeys (ConfUtils.java:logGet(44)) - raft.server.rpc.slowness.timeout = 300s (custom)
2022-01-12 07:42:34,383 [pool-303-thread-1] INFO  server.RaftServerConfigKeys (ConfUtils.java:logGet(44)) - raft.server.leaderelection.leader.step-down.wait-time = 10s (default)
2022-01-12 07:42:34,383 [pool-303-thread-1] INFO  server.RaftServerConfigKeys (ConfUtils.java:logGet(44)) - raft.server.sleep.deviation.threshold = 300ms (default)
2022-01-12 07:42:34,383 [pool-303-thread-1] INFO  server.RaftServerConfigKeys (ConfUtils.java:logGet(44)) - raft.server.log.appender.install.snapshot.enabled = false (custom)
2022-01-12 07:42:34,383 [pool-303-thread-1] INFO  server.RaftServer$Division (ServerState.java:<init>(105)) - 09bdbdee-2d8e-4e61-9916-e6a477ae13dd@group-D68F9A05A383: ConfigurationManager, init=-1: [], old=null, confs=<EMPTY_MAP>
2022-01-12 07:42:34,383 [pool-303-thread-1] INFO  server.RaftServerConfigKeys (ConfUtils.java:logGet(44)) - raft.server.storage.dir = [/home/runner/work/ozone/ozone/hadoop-ozone/integration-test/target/test-dir/MiniOzoneClusterImpl-98c4baf1-f560-4074-9287-a7c3af5f62c4/datanode-0/data/ratis] (custom)
2022-01-12 07:42:34,383 [pool-303-thread-1] INFO  server.RaftServerConfigKeys (ConfUtils.java:logGet(44)) - raft.server.log.corruption.policy = EXCEPTION (default)
2022-01-12 07:42:34,383 [pool-303-thread-1] INFO  server.RaftServerConfigKeys (ConfUtils.java:logGet(44)) - raft.server.storage.free-space.min = 0MB (=0) (default)
2022-01-12 07:42:34,383 [Listener at 127.0.0.1/46417] WARN  http.HttpRequestLog (HttpRequestLog.java:getRequestLog(103)) - Jetty request log can only be enabled using Log4j
2022-01-12 07:42:34,384 [Listener at 127.0.0.1/46417] INFO  http.HttpServer2 (HttpServer2.java:addGlobalFilter(1030)) - Added global filter 'safety' (class=org.apache.hadoop.hdds.server.http.HttpServer2$QuotingInputFilter)
2022-01-12 07:42:34,389 [pool-303-thread-1] INFO  storage.RaftStorageDirectory (RaftStorageDirectoryImpl.java:tryLock(230)) - Lock on /home/runner/work/ozone/ozone/hadoop-ozone/integration-test/target/test-dir/MiniOzoneClusterImpl-98c4baf1-f560-4074-9287-a7c3af5f62c4/datanode-0/data/ratis/83309c2b-4986-4e5d-b051-d68f9a05a383/in_use.lock acquired by nodename 24786@fv-az270-882
2022-01-12 07:42:34,390 [Listener at 127.0.0.1/46417] INFO  http.HttpServer2 (HttpServer2.java:addFilter(1006)) - Added filter static_user_filter (class=org.apache.hadoop.http.lib.StaticUserWebFilter$StaticUserFilter) to context hddsDatanode
2022-01-12 07:42:34,390 [Listener at 127.0.0.1/46417] INFO  http.HttpServer2 (HttpServer2.java:addFilter(1014)) - Added filter static_user_filter (class=org.apache.hadoop.http.lib.StaticUserWebFilter$StaticUserFilter) to context logs
2022-01-12 07:42:34,390 [Listener at 127.0.0.1/46417] INFO  http.HttpServer2 (HttpServer2.java:addFilter(1014)) - Added filter static_user_filter (class=org.apache.hadoop.http.lib.StaticUserWebFilter$StaticUserFilter) to context static
2022-01-12 07:42:34,390 [Listener at 127.0.0.1/46417] INFO  http.HttpServer2 (HttpServer2.java:bindListener(1249)) - Jetty bound to port 38503
2022-01-12 07:42:34,390 [Listener at 127.0.0.1/46417] INFO  server.Server (Server.java:doStart(375)) - jetty-9.4.43.v20210629; built: 2021-06-30T11:07:22.254Z; git: 526006ecfa3af7f1a27ef3a288e2bef7ea9dd7e8; jvm 1.8.0_292-b10
2022-01-12 07:42:34,395 [pool-303-thread-1] INFO  storage.RaftStorage (RaftStorageImpl.java:analyzeAndRecoverStorage(110)) - Read RaftStorageMetadata{term=12, votedFor=09bdbdee-2d8e-4e61-9916-e6a477ae13dd} from /home/runner/work/ozone/ozone/hadoop-ozone/integration-test/target/test-dir/MiniOzoneClusterImpl-98c4baf1-f560-4074-9287-a7c3af5f62c4/datanode-0/data/ratis/83309c2b-4986-4e5d-b051-d68f9a05a383/current/raft-meta
2022-01-12 07:42:34,400 [EndpointStateMachine task thread for /0.0.0.0:35925 - 0 ] INFO  ipc.Client (Client.java:handleConnectionFailure(977)) - Retrying connect to server: 0.0.0.0/0.0.0.0:35925. Already tried 9 time(s); retry policy is RetryUpToMaximumCountWithFixedSleep(maxRetries=15, sleepTime=1000 MILLISECONDS)
2022-01-12 07:42:34,463 [Listener at 127.0.0.1/46417] INFO  server.session (DefaultSessionIdManager.java:doStart(334)) - DefaultSessionIdManager workerName=node0
2022-01-12 07:42:34,463 [Listener at 127.0.0.1/46417] INFO  server.session (DefaultSessionIdManager.java:doStart(339)) - No SessionScavenger set, using defaults
2022-01-12 07:42:34,464 [Listener at 127.0.0.1/46417] INFO  server.session (HouseKeeper.java:startScavenging(132)) - node0 Scavenging every 600000ms
2022-01-12 07:42:34,473 [Listener at 127.0.0.1/46417] INFO  handler.ContextHandler (ContextHandler.java:doStart(915)) - Started o.e.j.s.ServletContextHandler@34b07772{logs,/logs,file:///home/runner/work/ozone/ozone/hadoop-ozone/integration-test/target/log,AVAILABLE}
2022-01-12 07:42:34,474 [Listener at 127.0.0.1/46417] INFO  handler.ContextHandler (ContextHandler.java:doStart(915)) - Started o.e.j.s.ServletContextHandler@3d1181b3{static,/static,jar:file:/home/runner/.m2/repository/org/apache/ozone/hdds-container-service/1.3.0-SNAPSHOT/hdds-container-service-1.3.0-SNAPSHOT.jar!/webapps/static,AVAILABLE}
2022-01-12 07:42:34,486 [pool-303-thread-1] INFO  ratis.ContainerStateMachine (ContainerStateMachine.java:loadSnapshot(240)) - group-D68F9A05A383: Setting the last applied index to (t:12, i:0)
2022-01-12 07:42:34,492 [pool-303-thread-1] INFO  server.RaftServer$Division (ServerState.java:setRaftConf(387)) - 09bdbdee-2d8e-4e61-9916-e6a477ae13dd@group-D68F9A05A383: set configuration 0: [271317f1-f8b4-40e6-a29f-423c50314c9a|rpc:10.1.0.33:43991|dataStream:|priority:0, 09bdbdee-2d8e-4e61-9916-e6a477ae13dd|rpc:10.1.0.33:45301|dataStream:|priority:0, 26f2b290-61b3-49ad-8002-bfb92d808e93|rpc:10.1.0.33:46813|dataStream:|priority:1], old=null
2022-01-12 07:42:34,492 [pool-303-thread-1] INFO  server.RaftServerConfigKeys (ConfUtils.java:logGet(44)) - raft.server.notification.no-leader.timeout = 300s (custom)
2022-01-12 07:42:34,492 [pool-303-thread-1] INFO  server.RaftServerConfigKeys (ConfUtils.java:logGet(44)) - raft.server.log.use.memory = false (default)
2022-01-12 07:42:34,493 [pool-303-thread-1] INFO  server.RaftServerConfigKeys (ConfUtils.java:logGet(44)) - raft.server.log.purge.gap = 1000000 (custom)
2022-01-12 07:42:34,493 [pool-303-thread-1] INFO  server.RaftServerConfigKeys (ConfUtils.java:logGet(44)) - raft.server.log.appender.buffer.byte-limit = 33554432 (custom)
2022-01-12 07:42:34,493 [pool-303-thread-1] INFO  server.RaftServerConfigKeys (ConfUtils.java:logGet(44)) - raft.server.log.segment.size.max = 1048576 (custom)
2022-01-12 07:42:34,513 [pool-303-thread-1] INFO  server.RaftServerConfigKeys (ConfUtils.java:logGet(44)) - raft.server.log.segment.cache.num.max = 2 (custom)
2022-01-12 07:42:34,514 [pool-303-thread-1] INFO  server.RaftServerConfigKeys (ConfUtils.java:logGet(44)) - raft.server.log.segment.cache.size.max = 200MB (=209715200) (default)
2022-01-12 07:42:34,514 [pool-303-thread-1] INFO  segmented.SegmentedRaftLogWorker (SegmentedRaftLogWorker.java:<init>(182)) - new 09bdbdee-2d8e-4e61-9916-e6a477ae13dd@group-D68F9A05A383-SegmentedRaftLogWorker for RaftStorageImpl:Storage Directory /home/runner/work/ozone/ozone/hadoop-ozone/integration-test/target/test-dir/MiniOzoneClusterImpl-98c4baf1-f560-4074-9287-a7c3af5f62c4/datanode-0/data/ratis/83309c2b-4986-4e5d-b051-d68f9a05a383
2022-01-12 07:42:34,514 [pool-303-thread-1] INFO  server.RaftServerConfigKeys (ConfUtils.java:logGet(44)) - raft.server.log.queue.byte-limit = 2147483647 (custom)
2022-01-12 07:42:34,514 [pool-303-thread-1] INFO  server.RaftServerConfigKeys (ConfUtils.java:logGet(44)) - raft.server.log.queue.element-limit = 1024 (custom)
2022-01-12 07:42:34,514 [pool-303-thread-1] INFO  server.RaftServerConfigKeys (ConfUtils.java:logGet(44)) - raft.server.log.segment.size.max = 1048576 (custom)
2022-01-12 07:42:34,514 [pool-303-thread-1] INFO  server.RaftServerConfigKeys (ConfUtils.java:logGet(44)) - raft.server.log.preallocated.size = 16384 (custom)
2022-01-12 07:42:34,514 [pool-303-thread-1] INFO  server.RaftServerConfigKeys (ConfUtils.java:logGet(44)) - raft.server.log.force.sync.num = 128 (default)
2022-01-12 07:42:34,514 [pool-303-thread-1] INFO  server.RaftServerConfigKeys (ConfUtils.java:logGet(44)) - raft.server.log.statemachine.data.sync = true (default)
2022-01-12 07:42:34,514 [pool-303-thread-1] INFO  server.RaftServerConfigKeys (ConfUtils.java:logGet(44)) - raft.server.log.statemachine.data.sync.timeout = 10s (default)
2022-01-12 07:42:34,515 [pool-303-thread-1] INFO  server.RaftServerConfigKeys (ConfUtils.java:logGet(44)) - raft.server.log.statemachine.data.sync.timeout.retry = -1 (default)
2022-01-12 07:42:34,523 [pool-303-thread-1] INFO  server.RaftServerConfigKeys (ConfUtils.java:logGet(44)) - raft.server.log.write.buffer.size = 1048576 (custom)
2022-01-12 07:42:34,523 [pool-303-thread-1] INFO  server.RaftServerConfigKeys (ConfUtils.java:logGet(44)) - raft.server.log.statemachine.data.caching.enabled = true (custom)
2022-01-12 07:42:34,562 [pool-303-thread-1] INFO  server.RaftServer$Division (ServerState.java:setRaftConf(387)) - 09bdbdee-2d8e-4e61-9916-e6a477ae13dd@group-D68F9A05A383: set configuration 0: [271317f1-f8b4-40e6-a29f-423c50314c9a|rpc:10.1.0.33:43991|dataStream:|priority:0, 09bdbdee-2d8e-4e61-9916-e6a477ae13dd|rpc:10.1.0.33:45301|dataStream:|priority:0, 26f2b290-61b3-49ad-8002-bfb92d808e93|rpc:10.1.0.33:46813|dataStream:|priority:1], old=null
2022-01-12 07:42:34,562 [pool-303-thread-1] INFO  segmented.LogSegment (LogSegment.java:loadSegment(173)) - Successfully read 1 entries from segment file /home/runner/work/ozone/ozone/hadoop-ozone/integration-test/target/test-dir/MiniOzoneClusterImpl-98c4baf1-f560-4074-9287-a7c3af5f62c4/datanode-0/data/ratis/83309c2b-4986-4e5d-b051-d68f9a05a383/current/log_inprogress_0
2022-01-12 07:42:34,563 [pool-303-thread-1] INFO  segmented.SegmentedRaftLogWorker (SegmentedRaftLogWorker.java:lambda$new$0(133)) - 09bdbdee-2d8e-4e61-9916-e6a477ae13dd@group-D68F9A05A383-SegmentedRaftLogWorker: flushIndex: setUnconditionally 0 -> 0
2022-01-12 07:42:34,563 [pool-303-thread-1] INFO  segmented.SegmentedRaftLogWorker (SegmentedRaftLogWorker.java:lambda$new$0(133)) - 09bdbdee-2d8e-4e61-9916-e6a477ae13dd@group-D68F9A05A383-SegmentedRaftLogWorker: safeCacheEvictIndex: setUnconditionally 0 -> -1
2022-01-12 07:42:34,568 [pool-303-thread-1] INFO  server.RaftServerConfigKeys (ConfUtils.java:logGet(44)) - raft.server.snapshot.auto.trigger.enabled = true (custom)
2022-01-12 07:42:34,568 [pool-303-thread-1] INFO  server.RaftServerConfigKeys (ConfUtils.java:logGet(44)) - raft.server.snapshot.auto.trigger.threshold = 10000 (custom)
2022-01-12 07:42:34,568 [pool-303-thread-1] INFO  server.RaftServerConfigKeys (ConfUtils.java:logGet(44)) - raft.server.snapshot.retention.file.num = 5 (custom)
2022-01-12 07:42:34,568 [pool-303-thread-1] INFO  server.RaftServerConfigKeys (ConfUtils.java:logGet(44)) - raft.server.log.purge.upto.snapshot.index = false (default)
2022-01-12 07:42:34,568 [pool-303-thread-1] INFO  server.RaftServerConfigKeys (ConfUtils.java:logGet(44)) - raft.server.retrycache.expirytime = 600000ms (custom)
2022-01-12 07:42:34,569 [pool-303-thread-1] INFO  server.RaftServerConfigKeys (ConfUtils.java:logGet(44)) - raft.server.retrycache.statistics.expirytime = 100μs (default)
2022-01-12 07:42:34,571 [pool-303-thread-1] INFO  server.RaftServer$Division (RaftServerImpl.java:<init>(184)) - 09bdbdee-2d8e-4e61-9916-e6a477ae13dd: new RaftServerImpl for group-AF9839D15867:[] with ContainerStateMachine:uninitialized
2022-01-12 07:42:34,571 [pool-303-thread-1] INFO  server.RaftServerConfigKeys (ConfUtils.java:logGet(44)) - raft.server.rpc.timeout.min = 5s (custom)
2022-01-12 07:42:34,581 [pool-303-thread-1] INFO  server.RaftServerConfigKeys (ConfUtils.java:logGet(44)) - raft.server.rpc.timeout.max = 5200ms (custom)
2022-01-12 07:42:34,581 [pool-303-thread-1] INFO  server.RaftServerConfigKeys (ConfUtils.java:logGet(44)) - raft.server.rpc.sleep.time = 25ms (default)
2022-01-12 07:42:34,581 [pool-303-thread-1] INFO  server.RaftServerConfigKeys (ConfUtils.java:logGet(44)) - raft.server.rpc.slowness.timeout = 300s (custom)
2022-01-12 07:42:34,581 [pool-303-thread-1] INFO  server.RaftServerConfigKeys (ConfUtils.java:logGet(44)) - raft.server.leaderelection.leader.step-down.wait-time = 10s (default)
2022-01-12 07:42:34,581 [pool-303-thread-1] INFO  server.RaftServerConfigKeys (ConfUtils.java:logGet(44)) - raft.server.sleep.deviation.threshold = 300ms (default)
2022-01-12 07:42:34,581 [pool-303-thread-1] INFO  server.RaftServerConfigKeys (ConfUtils.java:logGet(44)) - raft.server.log.appender.install.snapshot.enabled = false (custom)
2022-01-12 07:42:34,581 [pool-303-thread-1] INFO  server.RaftServer$Division (ServerState.java:<init>(105)) - 09bdbdee-2d8e-4e61-9916-e6a477ae13dd@group-AF9839D15867: ConfigurationManager, init=-1: [], old=null, confs=<EMPTY_MAP>
2022-01-12 07:42:34,581 [pool-303-thread-1] INFO  server.RaftServerConfigKeys (ConfUtils.java:logGet(44)) - raft.server.storage.dir = [/home/runner/work/ozone/ozone/hadoop-ozone/integration-test/target/test-dir/MiniOzoneClusterImpl-98c4baf1-f560-4074-9287-a7c3af5f62c4/datanode-0/data/ratis] (custom)
2022-01-12 07:42:34,582 [pool-303-thread-1] INFO  server.RaftServerConfigKeys (ConfUtils.java:logGet(44)) - raft.server.log.corruption.policy = EXCEPTION (default)
2022-01-12 07:42:34,582 [pool-303-thread-1] INFO  server.RaftServerConfigKeys (ConfUtils.java:logGet(44)) - raft.server.storage.free-space.min = 0MB (=0) (default)
2022-01-12 07:42:34,583 [pool-303-thread-1] INFO  storage.RaftStorageDirectory (RaftStorageDirectoryImpl.java:tryLock(230)) - Lock on /home/runner/work/ozone/ozone/hadoop-ozone/integration-test/target/test-dir/MiniOzoneClusterImpl-98c4baf1-f560-4074-9287-a7c3af5f62c4/datanode-0/data/ratis/166c94fe-f80d-4be6-bab9-af9839d15867/in_use.lock acquired by nodename 24786@fv-az270-882
2022-01-12 07:42:34,584 [pool-303-thread-1] INFO  storage.RaftStorage (RaftStorageImpl.java:analyzeAndRecoverStorage(110)) - Read RaftStorageMetadata{term=1, votedFor=09bdbdee-2d8e-4e61-9916-e6a477ae13dd} from /home/runner/work/ozone/ozone/hadoop-ozone/integration-test/target/test-dir/MiniOzoneClusterImpl-98c4baf1-f560-4074-9287-a7c3af5f62c4/datanode-0/data/ratis/166c94fe-f80d-4be6-bab9-af9839d15867/current/raft-meta
2022-01-12 07:42:34,584 [pool-303-thread-1] INFO  ratis.ContainerStateMachine (ContainerStateMachine.java:loadSnapshot(240)) - group-AF9839D15867: Setting the last applied index to (t:1, i:0)
2022-01-12 07:42:34,585 [pool-303-thread-1] INFO  server.RaftServer$Division (ServerState.java:setRaftConf(387)) - 09bdbdee-2d8e-4e61-9916-e6a477ae13dd@group-AF9839D15867: set configuration 0: [09bdbdee-2d8e-4e61-9916-e6a477ae13dd|rpc:10.1.0.33:45301|dataStream:|priority:1], old=null
2022-01-12 07:42:34,585 [pool-303-thread-1] INFO  server.RaftServerConfigKeys (ConfUtils.java:logGet(44)) - raft.server.notification.no-leader.timeout = 300s (custom)
2022-01-12 07:42:34,585 [pool-303-thread-1] INFO  server.RaftServerConfigKeys (ConfUtils.java:logGet(44)) - raft.server.log.use.memory = false (default)
2022-01-12 07:42:34,585 [pool-303-thread-1] INFO  server.RaftServerConfigKeys (ConfUtils.java:logGet(44)) - raft.server.log.purge.gap = 1000000 (custom)
2022-01-12 07:42:34,585 [pool-303-thread-1] INFO  server.RaftServerConfigKeys (ConfUtils.java:logGet(44)) - raft.server.log.appender.buffer.byte-limit = 33554432 (custom)
2022-01-12 07:42:34,585 [pool-303-thread-1] INFO  server.RaftServerConfigKeys (ConfUtils.java:logGet(44)) - raft.server.log.segment.size.max = 1048576 (custom)
2022-01-12 07:42:34,586 [pool-303-thread-1] INFO  server.RaftServerConfigKeys (ConfUtils.java:logGet(44)) - raft.server.log.segment.cache.num.max = 2 (custom)
2022-01-12 07:42:34,586 [pool-303-thread-1] INFO  server.RaftServerConfigKeys (ConfUtils.java:logGet(44)) - raft.server.log.segment.cache.size.max = 200MB (=209715200) (default)
2022-01-12 07:42:34,586 [pool-303-thread-1] INFO  segmented.SegmentedRaftLogWorker (SegmentedRaftLogWorker.java:<init>(182)) - new 09bdbdee-2d8e-4e61-9916-e6a477ae13dd@group-AF9839D15867-SegmentedRaftLogWorker for RaftStorageImpl:Storage Directory /home/runner/work/ozone/ozone/hadoop-ozone/integration-test/target/test-dir/MiniOzoneClusterImpl-98c4baf1-f560-4074-9287-a7c3af5f62c4/datanode-0/data/ratis/166c94fe-f80d-4be6-bab9-af9839d15867
2022-01-12 07:42:34,586 [pool-303-thread-1] INFO  server.RaftServerConfigKeys (ConfUtils.java:logGet(44)) - raft.server.log.queue.byte-limit = 2147483647 (custom)
2022-01-12 07:42:34,586 [pool-303-thread-1] INFO  server.RaftServerConfigKeys (ConfUtils.java:logGet(44)) - raft.server.log.queue.element-limit = 1024 (custom)
2022-01-12 07:42:34,586 [pool-303-thread-1] INFO  server.RaftServerConfigKeys (ConfUtils.java:logGet(44)) - raft.server.log.segment.size.max = 1048576 (custom)
2022-01-12 07:42:34,586 [pool-303-thread-1] INFO  server.RaftServerConfigKeys (ConfUtils.java:logGet(44)) - raft.server.log.preallocated.size = 16384 (custom)
2022-01-12 07:42:34,587 [pool-303-thread-1] INFO  server.RaftServerConfigKeys (ConfUtils.java:logGet(44)) - raft.server.log.force.sync.num = 128 (default)
2022-01-12 07:42:34,587 [pool-303-thread-1] INFO  server.RaftServerConfigKeys (ConfUtils.java:logGet(44)) - raft.server.log.statemachine.data.sync = true (default)
2022-01-12 07:42:34,587 [pool-303-thread-1] INFO  server.RaftServerConfigKeys (ConfUtils.java:logGet(44)) - raft.server.log.statemachine.data.sync.timeout = 10s (default)
2022-01-12 07:42:34,587 [pool-303-thread-1] INFO  server.RaftServerConfigKeys (ConfUtils.java:logGet(44)) - raft.server.log.statemachine.data.sync.timeout.retry = -1 (default)
2022-01-12 07:42:34,588 [pool-303-thread-1] INFO  server.RaftServerConfigKeys (ConfUtils.java:logGet(44)) - raft.server.log.write.buffer.size = 1048576 (custom)
2022-01-12 07:42:34,601 [pool-303-thread-1] INFO  server.RaftServerConfigKeys (ConfUtils.java:logGet(44)) - raft.server.log.statemachine.data.caching.enabled = true (custom)
2022-01-12 07:42:34,606 [pool-303-thread-1] INFO  server.RaftServer$Division (ServerState.java:setRaftConf(387)) - 09bdbdee-2d8e-4e61-9916-e6a477ae13dd@group-AF9839D15867: set configuration 0: [09bdbdee-2d8e-4e61-9916-e6a477ae13dd|rpc:10.1.0.33:45301|dataStream:|priority:1], old=null
2022-01-12 07:42:34,606 [pool-303-thread-1] INFO  segmented.LogSegment (LogSegment.java:loadSegment(173)) - Successfully read 1 entries from segment file /home/runner/work/ozone/ozone/hadoop-ozone/integration-test/target/test-dir/MiniOzoneClusterImpl-98c4baf1-f560-4074-9287-a7c3af5f62c4/datanode-0/data/ratis/166c94fe-f80d-4be6-bab9-af9839d15867/current/log_inprogress_0
2022-01-12 07:42:34,606 [pool-303-thread-1] INFO  segmented.SegmentedRaftLogWorker (SegmentedRaftLogWorker.java:lambda$new$0(133)) - 09bdbdee-2d8e-4e61-9916-e6a477ae13dd@group-AF9839D15867-SegmentedRaftLogWorker: flushIndex: setUnconditionally 0 -> 0
2022-01-12 07:42:34,606 [pool-303-thread-1] INFO  segmented.SegmentedRaftLogWorker (SegmentedRaftLogWorker.java:lambda$new$0(133)) - 09bdbdee-2d8e-4e61-9916-e6a477ae13dd@group-AF9839D15867-SegmentedRaftLogWorker: safeCacheEvictIndex: setUnconditionally 0 -> -1
2022-01-12 07:42:34,618 [pool-303-thread-1] INFO  server.RaftServerConfigKeys (ConfUtils.java:logGet(44)) - raft.server.snapshot.auto.trigger.enabled = true (custom)
2022-01-12 07:42:34,618 [pool-303-thread-1] INFO  server.RaftServerConfigKeys (ConfUtils.java:logGet(44)) - raft.server.snapshot.auto.trigger.threshold = 10000 (custom)
2022-01-12 07:42:34,618 [pool-303-thread-1] INFO  server.RaftServerConfigKeys (ConfUtils.java:logGet(44)) - raft.server.snapshot.retention.file.num = 5 (custom)
2022-01-12 07:42:34,618 [pool-303-thread-1] INFO  server.RaftServerConfigKeys (ConfUtils.java:logGet(44)) - raft.server.log.purge.upto.snapshot.index = false (default)
2022-01-12 07:42:34,619 [pool-303-thread-1] INFO  server.RaftServerConfigKeys (ConfUtils.java:logGet(44)) - raft.server.retrycache.expirytime = 600000ms (custom)
2022-01-12 07:42:34,620 [pool-303-thread-1] INFO  server.RaftServerConfigKeys (ConfUtils.java:logGet(44)) - raft.server.retrycache.statistics.expirytime = 100μs (default)
2022-01-12 07:42:34,670 [Listener at 127.0.0.1/46417] INFO  handler.ContextHandler (ContextHandler.java:doStart(915)) - Started o.e.j.w.WebAppContext@2ed57b82{hddsDatanode,/,file:///tmp/jetty-0_0_0_0-38503-hdds-container-service-1_3_0-SNAPSHOT_jar-_-any-4593197678333834917/webapp/,AVAILABLE}{jar:file:/home/runner/.m2/repository/org/apache/ozone/hdds-container-service/1.3.0-SNAPSHOT/hdds-container-service-1.3.0-SNAPSHOT.jar!/webapps/hddsDatanode}
2022-01-12 07:42:34,677 [Listener at 127.0.0.1/46417] INFO  server.AbstractConnector (AbstractConnector.java:doStart(331)) - Started ServerConnector@19020e35{HTTP/1.1, (http/1.1)}{0.0.0.0:38503}
2022-01-12 07:42:34,677 [Listener at 127.0.0.1/46417] INFO  server.Server (Server.java:doStart(415)) - Started @147628ms
2022-01-12 07:42:34,678 [Listener at 127.0.0.1/46417] WARN  impl.MetricsSystemImpl (MetricsSystemImpl.java:register(279)) - Sink prometheus already exists!
2022-01-12 07:42:34,681 [Listener at 127.0.0.1/46417] INFO  http.BaseHttpServer (BaseHttpServer.java:updateConnectorAddress(329)) - HTTP server of hddsDatanode listening at http://0.0.0.0:38503
2022-01-12 07:42:34,709 [Datanode State Machine Daemon Thread] INFO  statemachine.DatanodeStateMachine (DatanodeStateMachine.java:lambda$startDaemon$0(470)) - Ozone container server started.
2022-01-12 07:42:34,789 [org.apache.hadoop.util.JvmPauseMonitor$Monitor@2656bd73] INFO  util.JvmPauseMonitor (JvmPauseMonitor.java:run(188)) - Starting JVM pause monitor
2022-01-12 07:42:35,401 [EndpointStateMachine task thread for /0.0.0.0:35925 - 0 ] INFO  ipc.Client (Client.java:handleConnectionFailure(977)) - Retrying connect to server: 0.0.0.0/0.0.0.0:35925. Already tried 10 time(s); retry policy is RetryUpToMaximumCountWithFixedSleep(maxRetries=15, sleepTime=1000 MILLISECONDS)
2022-01-12 07:42:36,097 [grpc-default-executor-3] WARN  server.GrpcLogAppender (LogUtils.java:warn(122)) - 26f2b290-61b3-49ad-8002-bfb92d808e93@group-D68F9A05A383->09bdbdee-2d8e-4e61-9916-e6a477ae13dd-AppendLogResponseHandler: Failed appendEntries: org.apache.ratis.thirdparty.io.grpc.StatusRuntimeException: UNAVAILABLE: io exception
2022-01-12 07:42:36,097 [grpc-default-executor-3] WARN  server.GrpcLogAppender (GrpcLogAppender.java:resetClient(110)) - 26f2b290-61b3-49ad-8002-bfb92d808e93@group-D68F9A05A383->09bdbdee-2d8e-4e61-9916-e6a477ae13dd-GrpcLogAppender: Leader has not got in touch with Follower 26f2b290-61b3-49ad-8002-bfb92d808e93@group-D68F9A05A383->09bdbdee-2d8e-4e61-9916-e6a477ae13dd(c0,m0,n1, attendVote=true, lastRpcSendTime=0, lastRpcResponseTime=7526) yet, just keep nextIndex unchanged and retry.
2022-01-12 07:42:36,402 [EndpointStateMachine task thread for /0.0.0.0:35925 - 0 ] INFO  ipc.Client (Client.java:handleConnectionFailure(977)) - Retrying connect to server: 0.0.0.0/0.0.0.0:35925. Already tried 11 time(s); retry policy is RetryUpToMaximumCountWithFixedSleep(maxRetries=15, sleepTime=1000 MILLISECONDS)
2022-01-12 07:42:37,402 [EndpointStateMachine task thread for /0.0.0.0:35925 - 0 ] INFO  ipc.Client (Client.java:handleConnectionFailure(977)) - Retrying connect to server: 0.0.0.0/0.0.0.0:35925. Already tried 12 time(s); retry policy is RetryUpToMaximumCountWithFixedSleep(maxRetries=15, sleepTime=1000 MILLISECONDS)
2022-01-12 07:42:37,413 [Datanode State Machine Daemon Thread] ERROR datanode.RunningDatanodeState (RunningDatanodeState.java:computeNextContainerState(199)) - Error in executing end point task.
java.util.concurrent.ExecutionException: java.util.concurrent.TimeoutException
	at java.util.concurrent.FutureTask.report(FutureTask.java:122)
	at java.util.concurrent.FutureTask.get(FutureTask.java:192)
	at org.apache.hadoop.ozone.container.common.states.datanode.RunningDatanodeState.computeNextContainerState(RunningDatanodeState.java:191)
	at org.apache.hadoop.ozone.container.common.states.datanode.RunningDatanodeState.await(RunningDatanodeState.java:231)
	at org.apache.hadoop.ozone.container.common.states.datanode.RunningDatanodeState.await(RunningDatanodeState.java:50)
	at org.apache.hadoop.ozone.container.common.statemachine.StateContext.execute(StateContext.java:633)
	at org.apache.hadoop.ozone.container.common.statemachine.DatanodeStateMachine.start(DatanodeStateMachine.java:283)
	at org.apache.hadoop.ozone.container.common.statemachine.DatanodeStateMachine.lambda$startDaemon$0(DatanodeStateMachine.java:471)
	at java.lang.Thread.run(Thread.java:748)
Caused by: java.util.concurrent.TimeoutException
	at java.util.concurrent.FutureTask.get(FutureTask.java:205)
	at org.apache.hadoop.ozone.container.common.states.datanode.RunningDatanodeState.lambda$execute$0(RunningDatanodeState.java:149)
	at java.util.concurrent.FutureTask.run(FutureTask.java:266)
	at java.util.concurrent.Executors$RunnableAdapter.call(Executors.java:511)
	at java.util.concurrent.FutureTask.run(FutureTask.java:266)
	at java.util.concurrent.ThreadPoolExecutor.runWorker(ThreadPoolExecutor.java:1149)
	at java.util.concurrent.ThreadPoolExecutor$Worker.run(ThreadPoolExecutor.java:624)
	... 1 more
2022-01-12 07:42:38,403 [EndpointStateMachine task thread for /0.0.0.0:35925 - 0 ] INFO  ipc.Client (Client.java:handleConnectionFailure(977)) - Retrying connect to server: 0.0.0.0/0.0.0.0:35925. Already tried 13 time(s); retry policy is RetryUpToMaximumCountWithFixedSleep(maxRetries=15, sleepTime=1000 MILLISECONDS)
2022-01-12 07:42:38,597 [grpc-default-executor-2] WARN  server.GrpcLogAppender (LogUtils.java:warn(122)) - 26f2b290-61b3-49ad-8002-bfb92d808e93@group-D68F9A05A383->09bdbdee-2d8e-4e61-9916-e6a477ae13dd-AppendLogResponseHandler: Failed appendEntries: org.apache.ratis.thirdparty.io.grpc.StatusRuntimeException: UNAVAILABLE: io exception
2022-01-12 07:42:38,598 [grpc-default-executor-2] WARN  server.GrpcLogAppender (GrpcLogAppender.java:resetClient(110)) - 26f2b290-61b3-49ad-8002-bfb92d808e93@group-D68F9A05A383->09bdbdee-2d8e-4e61-9916-e6a477ae13dd-GrpcLogAppender: Leader has not got in touch with Follower 26f2b290-61b3-49ad-8002-bfb92d808e93@group-D68F9A05A383->09bdbdee-2d8e-4e61-9916-e6a477ae13dd(c0,m0,n1, attendVote=true, lastRpcSendTime=0, lastRpcResponseTime=10027) yet, just keep nextIndex unchanged and retry.
2022-01-12 07:42:39,404 [EndpointStateMachine task thread for /0.0.0.0:35925 - 0 ] INFO  ipc.Client (Client.java:handleConnectionFailure(977)) - Retrying connect to server: 0.0.0.0/0.0.0.0:35925. Already tried 14 time(s); retry policy is RetryUpToMaximumCountWithFixedSleep(maxRetries=15, sleepTime=1000 MILLISECONDS)
2022-01-12 07:42:39,405 [EndpointStateMachine task thread for /0.0.0.0:35925 - 0 ] WARN  statemachine.EndpointStateMachine (EndpointStateMachine.java:logIfNeeded(236)) - Unable to communicate to SCM server at 0.0.0.0:35925 for past 0 seconds.
java.net.ConnectException: Your endpoint configuration is wrong; For more details see:  http://wiki.apache.org/hadoop/UnsetHostnameOrPort
	at sun.reflect.NativeConstructorAccessorImpl.newInstance0(Native Method)
	at sun.reflect.NativeConstructorAccessorImpl.newInstance(NativeConstructorAccessorImpl.java:62)
	at sun.reflect.DelegatingConstructorAccessorImpl.newInstance(DelegatingConstructorAccessorImpl.java:45)
	at java.lang.reflect.Constructor.newInstance(Constructor.java:423)
	at org.apache.hadoop.net.NetUtils.wrapWithMessage(NetUtils.java:913)
	at org.apache.hadoop.net.NetUtils.wrapException(NetUtils.java:824)
	at org.apache.hadoop.ipc.Client.getRpcResponse(Client.java:1577)
	at org.apache.hadoop.ipc.Client.call(Client.java:1519)
	at org.apache.hadoop.ipc.Client.call(Client.java:1416)
	at org.apache.hadoop.ipc.ProtobufRpcEngine$Invoker.invoke(ProtobufRpcEngine.java:236)
	at org.apache.hadoop.ipc.ProtobufRpcEngine$Invoker.invoke(ProtobufRpcEngine.java:123)
	at com.sun.proxy.$Proxy49.submitRequest(Unknown Source)
	at org.apache.hadoop.ozone.protocolPB.StorageContainerDatanodeProtocolClientSideTranslatorPB.submitRequest(StorageContainerDatanodeProtocolClientSideTranslatorPB.java:117)
	at org.apache.hadoop.ozone.protocolPB.StorageContainerDatanodeProtocolClientSideTranslatorPB.sendHeartbeat(StorageContainerDatanodeProtocolClientSideTranslatorPB.java:149)
	at org.apache.hadoop.ozone.container.common.states.endpoint.HeartbeatEndpointTask.call(HeartbeatEndpointTask.java:179)
	at org.apache.hadoop.ozone.container.common.states.endpoint.HeartbeatEndpointTask.call(HeartbeatEndpointTask.java:82)
	at java.util.concurrent.FutureTask.run(FutureTask.java:266)
	at java.util.concurrent.ThreadPoolExecutor.runWorker(ThreadPoolExecutor.java:1149)
	at java.util.concurrent.ThreadPoolExecutor$Worker.run(ThreadPoolExecutor.java:624)
	at java.lang.Thread.run(Thread.java:748)
Caused by: java.net.ConnectException: Connection refused
	at sun.nio.ch.SocketChannelImpl.checkConnect(Native Method)
	at sun.nio.ch.SocketChannelImpl.finishConnect(SocketChannelImpl.java:716)
	at org.apache.hadoop.net.SocketIOWithTimeout.connect(SocketIOWithTimeout.java:206)
	at org.apache.hadoop.net.NetUtils.connect(NetUtils.java:586)
	at org.apache.hadoop.ipc.Client$Connection.setupConnection(Client.java:701)
	at org.apache.hadoop.ipc.Client$Connection.setupIOstreams(Client.java:822)
	at org.apache.hadoop.ipc.Client$Connection.access$3800(Client.java:414)
	at org.apache.hadoop.ipc.Client.getConnection(Client.java:1647)
	at org.apache.hadoop.ipc.Client.call(Client.java:1463)
	... 12 more
2022-01-12 07:42:40,407 [EndpointStateMachine task thread for /0.0.0.0:35925 - 0 ] INFO  ipc.Client (Client.java:handleConnectionFailure(977)) - Retrying connect to server: 0.0.0.0/0.0.0.0:35925. Already tried 0 time(s); retry policy is RetryUpToMaximumCountWithFixedSleep(maxRetries=15, sleepTime=1000 MILLISECONDS)
2022-01-12 07:42:41,098 [grpc-default-executor-2] WARN  server.GrpcLogAppender (LogUtils.java:warn(122)) - 26f2b290-61b3-49ad-8002-bfb92d808e93@group-D68F9A05A383->09bdbdee-2d8e-4e61-9916-e6a477ae13dd-AppendLogResponseHandler: Failed appendEntries: org.apache.ratis.thirdparty.io.grpc.StatusRuntimeException: UNAVAILABLE: io exception
2022-01-12 07:42:41,099 [grpc-default-executor-2] WARN  server.GrpcLogAppender (GrpcLogAppender.java:resetClient(110)) - 26f2b290-61b3-49ad-8002-bfb92d808e93@group-D68F9A05A383->09bdbdee-2d8e-4e61-9916-e6a477ae13dd-GrpcLogAppender: Leader has not got in touch with Follower 26f2b290-61b3-49ad-8002-bfb92d808e93@group-D68F9A05A383->09bdbdee-2d8e-4e61-9916-e6a477ae13dd(c0,m0,n1, attendVote=true, lastRpcSendTime=0, lastRpcResponseTime=12527) yet, just keep nextIndex unchanged and retry.
2022-01-12 07:42:41,408 [EndpointStateMachine task thread for /0.0.0.0:35925 - 0 ] INFO  ipc.Client (Client.java:handleConnectionFailure(977)) - Retrying connect to server: 0.0.0.0/0.0.0.0:35925. Already tried 1 time(s); retry policy is RetryUpToMaximumCountWithFixedSleep(maxRetries=15, sleepTime=1000 MILLISECONDS)
2022-01-12 07:42:42,410 [EndpointStateMachine task thread for /0.0.0.0:35925 - 0 ] INFO  ipc.Client (Client.java:handleConnectionFailure(977)) - Retrying connect to server: 0.0.0.0/0.0.0.0:35925. Already tried 2 time(s); retry policy is RetryUpToMaximumCountWithFixedSleep(maxRetries=15, sleepTime=1000 MILLISECONDS)
2022-01-12 07:42:43,411 [EndpointStateMachine task thread for /0.0.0.0:35925 - 0 ] INFO  ipc.Client (Client.java:handleConnectionFailure(977)) - Retrying connect to server: 0.0.0.0/0.0.0.0:35925. Already tried 3 time(s); retry policy is RetryUpToMaximumCountWithFixedSleep(maxRetries=15, sleepTime=1000 MILLISECONDS)
2022-01-12 07:42:43,614 [grpc-default-executor-3] WARN  server.GrpcLogAppender (LogUtils.java:warn(122)) - 26f2b290-61b3-49ad-8002-bfb92d808e93@group-D68F9A05A383->09bdbdee-2d8e-4e61-9916-e6a477ae13dd-AppendLogResponseHandler: Failed appendEntries: org.apache.ratis.thirdparty.io.grpc.StatusRuntimeException: UNAVAILABLE: io exception
2022-01-12 07:42:43,615 [grpc-default-executor-3] WARN  server.GrpcLogAppender (GrpcLogAppender.java:resetClient(110)) - 26f2b290-61b3-49ad-8002-bfb92d808e93@group-D68F9A05A383->09bdbdee-2d8e-4e61-9916-e6a477ae13dd-GrpcLogAppender: Leader has not got in touch with Follower 26f2b290-61b3-49ad-8002-bfb92d808e93@group-D68F9A05A383->09bdbdee-2d8e-4e61-9916-e6a477ae13dd(c0,m0,n1, attendVote=true, lastRpcSendTime=2517, lastRpcResponseTime=15044) yet, just keep nextIndex unchanged and retry.
2022-01-12 07:42:44,411 [EndpointStateMachine task thread for /0.0.0.0:35925 - 0 ] INFO  ipc.Client (Client.java:handleConnectionFailure(977)) - Retrying connect to server: 0.0.0.0/0.0.0.0:35925. Already tried 4 time(s); retry policy is RetryUpToMaximumCountWithFixedSleep(maxRetries=15, sleepTime=1000 MILLISECONDS)
2022-01-12 07:42:45,412 [EndpointStateMachine task thread for /0.0.0.0:35925 - 0 ] INFO  ipc.Client (Client.java:handleConnectionFailure(977)) - Retrying connect to server: 0.0.0.0/0.0.0.0:35925. Already tried 5 time(s); retry policy is RetryUpToMaximumCountWithFixedSleep(maxRetries=15, sleepTime=1000 MILLISECONDS)
2022-01-12 07:42:46,116 [grpc-default-executor-2] WARN  server.GrpcLogAppender (LogUtils.java:warn(122)) - 26f2b290-61b3-49ad-8002-bfb92d808e93@group-D68F9A05A383->09bdbdee-2d8e-4e61-9916-e6a477ae13dd-AppendLogResponseHandler: Failed appendEntries: org.apache.ratis.thirdparty.io.grpc.StatusRuntimeException: UNAVAILABLE: io exception
2022-01-12 07:42:46,117 [grpc-default-executor-2] WARN  server.GrpcLogAppender (GrpcLogAppender.java:resetClient(110)) - 26f2b290-61b3-49ad-8002-bfb92d808e93@group-D68F9A05A383->09bdbdee-2d8e-4e61-9916-e6a477ae13dd-GrpcLogAppender: Leader has not got in touch with Follower 26f2b290-61b3-49ad-8002-bfb92d808e93@group-D68F9A05A383->09bdbdee-2d8e-4e61-9916-e6a477ae13dd(c0,m0,n1, attendVote=true, lastRpcSendTime=0, lastRpcResponseTime=17546) yet, just keep nextIndex unchanged and retry.
2022-01-12 07:42:46,413 [EndpointStateMachine task thread for /0.0.0.0:35925 - 0 ] INFO  ipc.Client (Client.java:handleConnectionFailure(977)) - Retrying connect to server: 0.0.0.0/0.0.0.0:35925. Already tried 6 time(s); retry policy is RetryUpToMaximumCountWithFixedSleep(maxRetries=15, sleepTime=1000 MILLISECONDS)
2022-01-12 07:42:47,414 [EndpointStateMachine task thread for /0.0.0.0:35925 - 0 ] INFO  ipc.Client (Client.java:handleConnectionFailure(977)) - Retrying connect to server: 0.0.0.0/0.0.0.0:35925. Already tried 7 time(s); retry policy is RetryUpToMaximumCountWithFixedSleep(maxRetries=15, sleepTime=1000 MILLISECONDS)
2022-01-12 07:42:48,414 [EndpointStateMachine task thread for /0.0.0.0:35925 - 0 ] INFO  ipc.Client (Client.java:handleConnectionFailure(977)) - Retrying connect to server: 0.0.0.0/0.0.0.0:35925. Already tried 8 time(s); retry policy is RetryUpToMaximumCountWithFixedSleep(maxRetries=15, sleepTime=1000 MILLISECONDS)
2022-01-12 07:42:48,624 [grpc-default-executor-2] WARN  server.GrpcLogAppender (LogUtils.java:warn(122)) - 26f2b290-61b3-49ad-8002-bfb92d808e93@group-D68F9A05A383->09bdbdee-2d8e-4e61-9916-e6a477ae13dd-AppendLogResponseHandler: Failed appendEntries: org.apache.ratis.thirdparty.io.grpc.StatusRuntimeException: UNAVAILABLE: io exception
2022-01-12 07:42:48,625 [grpc-default-executor-2] WARN  server.GrpcLogAppender (GrpcLogAppender.java:resetClient(110)) - 26f2b290-61b3-49ad-8002-bfb92d808e93@group-D68F9A05A383->09bdbdee-2d8e-4e61-9916-e6a477ae13dd-GrpcLogAppender: Leader has not got in touch with Follower 26f2b290-61b3-49ad-8002-bfb92d808e93@group-D68F9A05A383->09bdbdee-2d8e-4e61-9916-e6a477ae13dd(c0,m0,n1, attendVote=true, lastRpcSendTime=0, lastRpcResponseTime=20054) yet, just keep nextIndex unchanged and retry.
2022-01-12 07:42:49,417 [EndpointStateMachine task thread for /0.0.0.0:35925 - 0 ] INFO  ipc.Client (Client.java:handleConnectionFailure(977)) - Retrying connect to server: 0.0.0.0/0.0.0.0:35925. Already tried 9 time(s); retry policy is RetryUpToMaximumCountWithFixedSleep(maxRetries=15, sleepTime=1000 MILLISECONDS)
2022-01-12 07:42:50,418 [EndpointStateMachine task thread for /0.0.0.0:35925 - 0 ] INFO  ipc.Client (Client.java:handleConnectionFailure(977)) - Retrying connect to server: 0.0.0.0/0.0.0.0:35925. Already tried 10 time(s); retry policy is RetryUpToMaximumCountWithFixedSleep(maxRetries=15, sleepTime=1000 MILLISECONDS)
2022-01-12 07:42:51,125 [grpc-default-executor-2] WARN  server.GrpcLogAppender (LogUtils.java:warn(122)) - 26f2b290-61b3-49ad-8002-bfb92d808e93@group-D68F9A05A383->09bdbdee-2d8e-4e61-9916-e6a477ae13dd-AppendLogResponseHandler: Failed appendEntries: org.apache.ratis.thirdparty.io.grpc.StatusRuntimeException: UNAVAILABLE: io exception
2022-01-12 07:42:51,126 [grpc-default-executor-2] WARN  server.GrpcLogAppender (GrpcLogAppender.java:resetClient(110)) - 26f2b290-61b3-49ad-8002-bfb92d808e93@group-D68F9A05A383->09bdbdee-2d8e-4e61-9916-e6a477ae13dd-GrpcLogAppender: Leader has not got in touch with Follower 26f2b290-61b3-49ad-8002-bfb92d808e93@group-D68F9A05A383->09bdbdee-2d8e-4e61-9916-e6a477ae13dd(c0,m0,n1, attendVote=true, lastRpcSendTime=2502, lastRpcResponseTime=22555) yet, just keep nextIndex unchanged and retry.
2022-01-12 07:42:51,419 [EndpointStateMachine task thread for /0.0.0.0:35925 - 0 ] INFO  ipc.Client (Client.java:handleConnectionFailure(977)) - Retrying connect to server: 0.0.0.0/0.0.0.0:35925. Already tried 11 time(s); retry policy is RetryUpToMaximumCountWithFixedSleep(maxRetries=15, sleepTime=1000 MILLISECONDS)
2022-01-12 07:42:52,419 [EndpointStateMachine task thread for /0.0.0.0:35925 - 0 ] INFO  ipc.Client (Client.java:handleConnectionFailure(977)) - Retrying connect to server: 0.0.0.0/0.0.0.0:35925. Already tried 12 time(s); retry policy is RetryUpToMaximumCountWithFixedSleep(maxRetries=15, sleepTime=1000 MILLISECONDS)
2022-01-12 07:42:52,819 [Time-limited test] INFO  ozone.MiniOzoneClusterImpl (MiniOzoneClusterImpl.java:shutdown(453)) - Shutting down the Mini Ozone Cluster
2022-01-12 07:42:52,819 [Time-limited test] INFO  ozone.MiniOzoneClusterImpl (MiniOzoneClusterImpl.java:stop(468)) - Stopping the Mini Ozone Cluster
2022-01-12 07:42:52,819 [Time-limited test] INFO  ozone.MiniOzoneClusterImpl (MiniOzoneClusterImpl.java:stopOM(550)) - Stopping the OzoneManager
2022-01-12 07:42:52,819 [Time-limited test] INFO  om.OzoneManager (OzoneManager.java:stop(1893)) - om1[localhost:0]: Stopping Ozone Manager
2022-01-12 07:42:52,823 [Time-limited test] INFO  ipc.Server (Server.java:stop(3414)) - Stopping server on 46417
2022-01-12 07:42:52,829 [IPC Server Responder] INFO  ipc.Server (Server.java:run(1512)) - Stopping IPC Server Responder
2022-01-12 07:42:52,829 [IPC Server listener on 0] INFO  ipc.Server (Server.java:run(1376)) - Stopping IPC Server listener on 0
2022-01-12 07:42:52,835 [Time-limited test] INFO  server.RaftServer (RaftServerProxy.java:lambda$close$6(391)) - om1: close
2022-01-12 07:42:52,850 [Time-limited test] INFO  server.RaftServer$Division (RaftServerImpl.java:lambda$close$4(412)) - om1@group-C5BA1605619E: shutdown
2022-01-12 07:42:52,850 [Time-limited test] INFO  util.JmxRegister (JmxRegister.java:unregister(73)) - Successfully un-registered JMX Bean with object name Ratis:service=RaftServer,group=group-C5BA1605619E,id=om1
2022-01-12 07:42:52,850 [Time-limited test] INFO  impl.RoleInfo (RoleInfo.java:shutdownLeaderState(91)) - om1: shutdown om1@group-C5BA1605619E-LeaderStateImpl
2022-01-12 07:42:52,850 [Time-limited test] INFO  impl.PendingRequests (PendingRequests.java:sendNotLeaderResponses(282)) - om1@group-C5BA1605619E-PendingRequests: sendNotLeaderResponses
2022-01-12 07:42:52,851 [Time-limited test] INFO  impl.StateMachineUpdater (StateMachineUpdater.java:stopAndJoin(149)) - om1@group-C5BA1605619E-StateMachineUpdater: set stopIndex = 0
2022-01-12 07:42:52,853 [om1@group-C5BA1605619E-StateMachineUpdater] INFO  ratis.OzoneManagerStateMachine (OzoneManagerStateMachine.java:takeSnapshot(417)) - Current Snapshot Index (t:1, i:0)
2022-01-12 07:42:52,854 [om1@group-C5BA1605619E-StateMachineUpdater] INFO  impl.StateMachineUpdater (StateMachineUpdater.java:takeSnapshot(281)) - om1@group-C5BA1605619E-StateMachineUpdater: Took a snapshot at index 0
2022-01-12 07:42:52,854 [om1@group-C5BA1605619E-StateMachineUpdater] INFO  impl.StateMachineUpdater (StateMachineUpdater.java:lambda$new$0(89)) - om1@group-C5BA1605619E-StateMachineUpdater: snapshotIndex: updateIncreasingly -1 -> 0
2022-01-12 07:42:52,854 [om1@group-C5BA1605619E-StateMachineUpdater] INFO  ratis.OzoneManagerStateMachine (OzoneManagerStateMachine.java:close(471)) - StateMachine has shutdown. Shutdown OzoneManager if not already shutdown.
2022-01-12 07:42:52,854 [Time-limited test] INFO  server.RaftServer$Division (ServerState.java:close(419)) - om1@group-C5BA1605619E: closes. applyIndex: 0
2022-01-12 07:42:52,854 [om1@group-C5BA1605619E-SegmentedRaftLogWorker] INFO  segmented.SegmentedRaftLogWorker (SegmentedRaftLogWorker.java:run(327)) - om1@group-C5BA1605619E-SegmentedRaftLogWorker was interrupted, exiting. There are 0 tasks remaining in the queue.
2022-01-12 07:42:52,855 [Time-limited test] INFO  segmented.SegmentedRaftLogWorker (SegmentedRaftLogWorker.java:close(237)) - om1@group-C5BA1605619E-SegmentedRaftLogWorker close()
2022-01-12 07:42:52,858 [Time-limited test] INFO  server.GrpcService (GrpcService.java:closeImpl(262)) - om1: shutdown server with port 9872 now
2022-01-12 07:42:52,859 [Time-limited test] INFO  server.GrpcService (GrpcService.java:closeImpl(271)) - om1: shutdown server with port 9872 successfully
2022-01-12 07:42:52,859 [org.apache.ratis.util.JvmPauseMonitor$$Lambda$538/42333360@2cfd839e] INFO  util.JvmPauseMonitor (JvmPauseMonitor.java:run(109)) - JvmPauseMonitor-om1: Stopped
2022-01-12 07:42:52,859 [Time-limited test] INFO  ratis.OzoneManagerDoubleBuffer (OzoneManagerDoubleBuffer.java:stop(437)) - Stopping OMDoubleBuffer flush thread
2022-01-12 07:42:52,859 [OMDoubleBufferFlushThread] INFO  ratis.OzoneManagerDoubleBuffer (OzoneManagerDoubleBuffer.java:flushTransactions(356)) - OMDoubleBuffer flush thread OMDoubleBufferFlushThread is interrupted and will exit. OMDoubleBufferFlushThread
2022-01-12 07:42:52,860 [Time-limited test] INFO  utils.BackgroundService (BackgroundService.java:shutdown(132)) - Shutting down service KeyDeletingService
2022-01-12 07:42:52,860 [Time-limited test] INFO  utils.BackgroundService (BackgroundService.java:shutdown(132)) - Shutting down service DirectoryDeletingService
2022-01-12 07:42:52,870 [Time-limited test] INFO  handler.ContextHandler (ContextHandler.java:doStop(1153)) - Stopped o.e.j.w.WebAppContext@76ba2f19{ozoneManager,/,null,STOPPED}{file:/home/runner/work/ozone/ozone/hadoop-ozone/integration-test/target/test-classes/webapps/ozoneManager}
2022-01-12 07:42:52,870 [Time-limited test] INFO  server.AbstractConnector (AbstractConnector.java:doStop(381)) - Stopped ServerConnector@34338caf{HTTP/1.1, (http/1.1)}{0.0.0.0:0}
2022-01-12 07:42:52,871 [Time-limited test] INFO  server.session (HouseKeeper.java:stopScavenging(149)) - node0 Stopped scavenging
2022-01-12 07:42:52,877 [Time-limited test] INFO  handler.ContextHandler (ContextHandler.java:doStop(1153)) - Stopped o.e.j.s.ServletContextHandler@478304df{static,/static,file:///home/runner/work/ozone/ozone/hadoop-ozone/integration-test/target/test-classes/webapps/static,STOPPED}
2022-01-12 07:42:52,885 [Time-limited test] INFO  handler.ContextHandler (ContextHandler.java:doStop(1153)) - Stopped o.e.j.s.ServletContextHandler@24a9b070{logs,/logs,file:///home/runner/work/ozone/ozone/hadoop-ozone/integration-test/target/log,STOPPED}
2022-01-12 07:42:52,901 [Time-limited test] INFO  ozone.MiniOzoneClusterImpl (MiniOzoneClusterImpl.java:stopDatanodes(527)) - Stopping the HddsDatanodes
2022-01-12 07:42:53,205 [Datanode State Machine Daemon Thread] WARN  statemachine.StateContext (StateContext.java:setState(249)) - Ignore disallowed transition from SHUTDOWN to RUNNING
2022-01-12 07:42:53,420 [EndpointStateMachine task thread for /0.0.0.0:35925 - 0 ] INFO  ipc.Client (Client.java:handleConnectionFailure(977)) - Retrying connect to server: 0.0.0.0/0.0.0.0:35925. Already tried 13 time(s); retry policy is RetryUpToMaximumCountWithFixedSleep(maxRetries=15, sleepTime=1000 MILLISECONDS)
2022-01-12 07:42:53,633 [grpc-default-executor-2] WARN  server.GrpcLogAppender (LogUtils.java:warn(122)) - 26f2b290-61b3-49ad-8002-bfb92d808e93@group-D68F9A05A383->09bdbdee-2d8e-4e61-9916-e6a477ae13dd-AppendLogResponseHandler: Failed appendEntries: org.apache.ratis.thirdparty.io.grpc.StatusRuntimeException: UNAVAILABLE: io exception
2022-01-12 07:42:53,634 [grpc-default-executor-2] WARN  server.GrpcLogAppender (GrpcLogAppender.java:resetClient(110)) - 26f2b290-61b3-49ad-8002-bfb92d808e93@group-D68F9A05A383->09bdbdee-2d8e-4e61-9916-e6a477ae13dd-GrpcLogAppender: Leader has not got in touch with Follower 26f2b290-61b3-49ad-8002-bfb92d808e93@group-D68F9A05A383->09bdbdee-2d8e-4e61-9916-e6a477ae13dd(c0,m0,n1, attendVote=true, lastRpcSendTime=4, lastRpcResponseTime=25063) yet, just keep nextIndex unchanged and retry.
2022-01-12 07:42:54,421 [EndpointStateMachine task thread for /0.0.0.0:35925 - 0 ] INFO  ipc.Client (Client.java:handleConnectionFailure(977)) - Retrying connect to server: 0.0.0.0/0.0.0.0:35925. Already tried 14 time(s); retry policy is RetryUpToMaximumCountWithFixedSleep(maxRetries=15, sleepTime=1000 MILLISECONDS)
2022-01-12 07:42:54,422 [EndpointStateMachine task thread for /0.0.0.0:35925 - 0 ] WARN  statemachine.EndpointStateMachine (EndpointStateMachine.java:logIfNeeded(236)) - Unable to communicate to SCM server at 0.0.0.0:35925 for past 0 seconds.
java.net.ConnectException: Your endpoint configuration is wrong; For more details see:  http://wiki.apache.org/hadoop/UnsetHostnameOrPort
	at sun.reflect.NativeConstructorAccessorImpl.newInstance0(Native Method)
	at sun.reflect.NativeConstructorAccessorImpl.newInstance(NativeConstructorAccessorImpl.java:62)
	at sun.reflect.DelegatingConstructorAccessorImpl.newInstance(DelegatingConstructorAccessorImpl.java:45)
	at java.lang.reflect.Constructor.newInstance(Constructor.java:423)
	at org.apache.hadoop.net.NetUtils.wrapWithMessage(NetUtils.java:913)
	at org.apache.hadoop.net.NetUtils.wrapException(NetUtils.java:824)
	at org.apache.hadoop.ipc.Client.getRpcResponse(Client.java:1577)
	at org.apache.hadoop.ipc.Client.call(Client.java:1519)
	at org.apache.hadoop.ipc.Client.call(Client.java:1416)
	at org.apache.hadoop.ipc.ProtobufRpcEngine$Invoker.invoke(ProtobufRpcEngine.java:236)
	at org.apache.hadoop.ipc.ProtobufRpcEngine$Invoker.invoke(ProtobufRpcEngine.java:123)
	at com.sun.proxy.$Proxy49.submitRequest(Unknown Source)
	at org.apache.hadoop.ozone.protocolPB.StorageContainerDatanodeProtocolClientSideTranslatorPB.submitRequest(StorageContainerDatanodeProtocolClientSideTranslatorPB.java:117)
	at org.apache.hadoop.ozone.protocolPB.StorageContainerDatanodeProtocolClientSideTranslatorPB.getVersion(StorageContainerDatanodeProtocolClientSideTranslatorPB.java:133)
	at org.apache.hadoop.ozone.container.common.states.endpoint.VersionEndpointTask.call(VersionEndpointTask.java:71)
	at org.apache.hadoop.ozone.container.common.states.endpoint.VersionEndpointTask.call(VersionEndpointTask.java:42)
	at java.util.concurrent.FutureTask.run(FutureTask.java:266)
	at java.util.concurrent.ThreadPoolExecutor.runWorker(ThreadPoolExecutor.java:1149)
	at java.util.concurrent.ThreadPoolExecutor$Worker.run(ThreadPoolExecutor.java:624)
	at java.lang.Thread.run(Thread.java:748)
Caused by: java.net.ConnectException: Connection refused
	at sun.nio.ch.SocketChannelImpl.checkConnect(Native Method)
	at sun.nio.ch.SocketChannelImpl.finishConnect(SocketChannelImpl.java:716)
	at org.apache.hadoop.net.SocketIOWithTimeout.connect(SocketIOWithTimeout.java:206)
	at org.apache.hadoop.net.NetUtils.connect(NetUtils.java:586)
	at org.apache.hadoop.ipc.Client$Connection.setupConnection(Client.java:701)
	at org.apache.hadoop.ipc.Client$Connection.setupIOstreams(Client.java:822)
	at org.apache.hadoop.ipc.Client$Connection.access$3800(Client.java:414)
	at org.apache.hadoop.ipc.Client.getConnection(Client.java:1647)
	at org.apache.hadoop.ipc.Client.call(Client.java:1463)
	... 12 more
2022-01-12 07:42:54,801 [Datanode State Machine Daemon Thread] WARN  statemachine.StateContext (StateContext.java:setState(249)) - Ignore disallowed transition from SHUTDOWN to RUNNING
2022-01-12 07:42:55,423 [EndpointStateMachine task thread for /0.0.0.0:35925 - 0 ] INFO  ipc.Client (Client.java:handleConnectionFailure(977)) - Retrying connect to server: 0.0.0.0/0.0.0.0:35925. Already tried 0 time(s); retry policy is RetryUpToMaximumCountWithFixedSleep(maxRetries=15, sleepTime=1000 MILLISECONDS)
2022-01-12 07:42:56,130 [grpc-default-executor-2] WARN  server.GrpcLogAppender (LogUtils.java:warn(122)) - 26f2b290-61b3-49ad-8002-bfb92d808e93@group-D68F9A05A383->09bdbdee-2d8e-4e61-9916-e6a477ae13dd-AppendLogResponseHandler: Failed appendEntries: org.apache.ratis.thirdparty.io.grpc.StatusRuntimeException: UNAVAILABLE: io exception
2022-01-12 07:42:56,132 [grpc-default-executor-2] WARN  server.GrpcLogAppender (GrpcLogAppender.java:resetClient(110)) - 26f2b290-61b3-49ad-8002-bfb92d808e93@group-D68F9A05A383->09bdbdee-2d8e-4e61-9916-e6a477ae13dd-GrpcLogAppender: Leader has not got in touch with Follower 26f2b290-61b3-49ad-8002-bfb92d808e93@group-D68F9A05A383->09bdbdee-2d8e-4e61-9916-e6a477ae13dd(c0,m0,n1, attendVote=true, lastRpcSendTime=2502, lastRpcResponseTime=27560) yet, just keep nextIndex unchanged and retry.
2022-01-12 07:42:56,423 [EndpointStateMachine task thread for /0.0.0.0:35925 - 0 ] INFO  ipc.Client (Client.java:handleConnectionFailure(977)) - Retrying connect to server: 0.0.0.0/0.0.0.0:35925. Already tried 1 time(s); retry policy is RetryUpToMaximumCountWithFixedSleep(maxRetries=15, sleepTime=1000 MILLISECONDS)
2022-01-12 07:42:57,424 [EndpointStateMachine task thread for /0.0.0.0:35925 - 0 ] INFO  ipc.Client (Client.java:handleConnectionFailure(977)) - Retrying connect to server: 0.0.0.0/0.0.0.0:35925. Already tried 2 time(s); retry policy is RetryUpToMaximumCountWithFixedSleep(maxRetries=15, sleepTime=1000 MILLISECONDS)
2022-01-12 07:42:57,911 [Time-limited test] INFO  ozoneimpl.OzoneContainer (OzoneContainer.java:stop(336)) - Attempting to stop container services.
2022-01-12 07:42:57,912 [Time-limited test] INFO  server.RaftServer (RaftServerProxy.java:lambda$close$6(391)) - 271317f1-f8b4-40e6-a29f-423c50314c9a: close
2022-01-12 07:42:57,912 [Time-limited test] INFO  server.RaftServer$Division (RaftServerImpl.java:lambda$close$4(412)) - 271317f1-f8b4-40e6-a29f-423c50314c9a@group-5A01071CCAC5: shutdown
2022-01-12 07:42:57,912 [Time-limited test] INFO  util.JmxRegister (JmxRegister.java:unregister(73)) - Successfully un-registered JMX Bean with object name Ratis:service=RaftServer,group=group-5A01071CCAC5,id=271317f1-f8b4-40e6-a29f-423c50314c9a
2022-01-12 07:42:57,912 [Time-limited test] INFO  impl.RoleInfo (RoleInfo.java:shutdownLeaderState(91)) - 271317f1-f8b4-40e6-a29f-423c50314c9a: shutdown 271317f1-f8b4-40e6-a29f-423c50314c9a@group-5A01071CCAC5-LeaderStateImpl
2022-01-12 07:42:57,912 [Time-limited test] INFO  impl.PendingRequests (PendingRequests.java:sendNotLeaderResponses(282)) - 271317f1-f8b4-40e6-a29f-423c50314c9a@group-5A01071CCAC5-PendingRequests: sendNotLeaderResponses
2022-01-12 07:42:57,913 [Time-limited test] INFO  impl.StateMachineUpdater (StateMachineUpdater.java:stopAndJoin(149)) - 271317f1-f8b4-40e6-a29f-423c50314c9a@group-5A01071CCAC5-StateMachineUpdater: set stopIndex = 0
2022-01-12 07:42:57,913 [ForkJoinPool.commonPool-worker-0] INFO  ozoneimpl.OzoneContainer (OzoneContainer.java:stop(336)) - Attempting to stop container services.
2022-01-12 07:42:57,913 [271317f1-f8b4-40e6-a29f-423c50314c9a@group-5A01071CCAC5-StateMachineUpdater] INFO  ratis.ContainerStateMachine (ContainerStateMachine.java:takeSnapshot(299)) - group-5A01071CCAC5: Taking a snapshot at:(t:1, i:0) file /home/runner/work/ozone/ozone/hadoop-ozone/integration-test/target/test-dir/MiniOzoneClusterImpl-98c4baf1-f560-4074-9287-a7c3af5f62c4/datanode-1/data/ratis/ca60684b-8e3a-4b7c-9b86-5a01071ccac5/sm/snapshot.1_0
2022-01-12 07:42:57,914 [ForkJoinPool.commonPool-worker-0] INFO  utils.BackgroundService (BackgroundService.java:shutdown(132)) - Shutting down service BlockDeletingService
2022-01-12 07:42:57,916 [271317f1-f8b4-40e6-a29f-423c50314c9a@group-5A01071CCAC5-StateMachineUpdater] INFO  ratis.ContainerStateMachine (ContainerStateMachine.java:takeSnapshot(310)) - group-5A01071CCAC5: Finished taking a snapshot at:(t:1, i:0) file:/home/runner/work/ozone/ozone/hadoop-ozone/integration-test/target/test-dir/MiniOzoneClusterImpl-98c4baf1-f560-4074-9287-a7c3af5f62c4/datanode-1/data/ratis/ca60684b-8e3a-4b7c-9b86-5a01071ccac5/sm/snapshot.1_0 took: 3 ms
2022-01-12 07:42:57,917 [271317f1-f8b4-40e6-a29f-423c50314c9a@group-5A01071CCAC5-StateMachineUpdater] INFO  impl.StateMachineUpdater (StateMachineUpdater.java:takeSnapshot(281)) - 271317f1-f8b4-40e6-a29f-423c50314c9a@group-5A01071CCAC5-StateMachineUpdater: Took a snapshot at index 0
2022-01-12 07:42:57,917 [271317f1-f8b4-40e6-a29f-423c50314c9a@group-5A01071CCAC5-StateMachineUpdater] INFO  impl.StateMachineUpdater (StateMachineUpdater.java:lambda$new$0(89)) - 271317f1-f8b4-40e6-a29f-423c50314c9a@group-5A01071CCAC5-StateMachineUpdater: snapshotIndex: updateIncreasingly -1 -> 0
2022-01-12 07:42:57,917 [Time-limited test] INFO  server.RaftServer$Division (ServerState.java:close(419)) - 271317f1-f8b4-40e6-a29f-423c50314c9a@group-5A01071CCAC5: closes. applyIndex: 0
2022-01-12 07:42:57,917 [271317f1-f8b4-40e6-a29f-423c50314c9a@group-5A01071CCAC5-SegmentedRaftLogWorker] INFO  segmented.SegmentedRaftLogWorker (SegmentedRaftLogWorker.java:run(327)) - 271317f1-f8b4-40e6-a29f-423c50314c9a@group-5A01071CCAC5-SegmentedRaftLogWorker was interrupted, exiting. There are 0 tasks remaining in the queue.
2022-01-12 07:42:57,917 [Time-limited test] INFO  segmented.SegmentedRaftLogWorker (SegmentedRaftLogWorker.java:close(237)) - 271317f1-f8b4-40e6-a29f-423c50314c9a@group-5A01071CCAC5-SegmentedRaftLogWorker close()
2022-01-12 07:42:57,918 [Time-limited test] INFO  server.RaftServer$Division (RaftServerImpl.java:lambda$close$4(412)) - 271317f1-f8b4-40e6-a29f-423c50314c9a@group-D68F9A05A383: shutdown
2022-01-12 07:42:57,918 [Time-limited test] INFO  util.JmxRegister (JmxRegister.java:unregister(73)) - Successfully un-registered JMX Bean with object name Ratis:service=RaftServer,group=group-D68F9A05A383,id=271317f1-f8b4-40e6-a29f-423c50314c9a
2022-01-12 07:42:57,918 [Time-limited test] INFO  impl.RoleInfo (RoleInfo.java:shutdownFollowerState(108)) - 271317f1-f8b4-40e6-a29f-423c50314c9a: shutdown 271317f1-f8b4-40e6-a29f-423c50314c9a@group-D68F9A05A383-FollowerState
2022-01-12 07:42:57,919 [271317f1-f8b4-40e6-a29f-423c50314c9a@group-D68F9A05A383-StateMachineUpdater] INFO  ratis.ContainerStateMachine (ContainerStateMachine.java:takeSnapshot(299)) - group-D68F9A05A383: Taking a snapshot at:(t:12, i:0) file /home/runner/work/ozone/ozone/hadoop-ozone/integration-test/target/test-dir/MiniOzoneClusterImpl-98c4baf1-f560-4074-9287-a7c3af5f62c4/datanode-1/data/ratis/83309c2b-4986-4e5d-b051-d68f9a05a383/sm/snapshot.12_0
2022-01-12 07:42:57,919 [Time-limited test] INFO  impl.StateMachineUpdater (StateMachineUpdater.java:stopAndJoin(149)) - 271317f1-f8b4-40e6-a29f-423c50314c9a@group-D68F9A05A383-StateMachineUpdater: set stopIndex = 0
2022-01-12 07:42:57,928 [271317f1-f8b4-40e6-a29f-423c50314c9a@group-D68F9A05A383-StateMachineUpdater] INFO  ratis.ContainerStateMachine (ContainerStateMachine.java:takeSnapshot(310)) - group-D68F9A05A383: Finished taking a snapshot at:(t:12, i:0) file:/home/runner/work/ozone/ozone/hadoop-ozone/integration-test/target/test-dir/MiniOzoneClusterImpl-98c4baf1-f560-4074-9287-a7c3af5f62c4/datanode-1/data/ratis/83309c2b-4986-4e5d-b051-d68f9a05a383/sm/snapshot.12_0 took: 10 ms
2022-01-12 07:42:57,929 [271317f1-f8b4-40e6-a29f-423c50314c9a@group-D68F9A05A383-StateMachineUpdater] INFO  impl.StateMachineUpdater (StateMachineUpdater.java:takeSnapshot(281)) - 271317f1-f8b4-40e6-a29f-423c50314c9a@group-D68F9A05A383-StateMachineUpdater: Took a snapshot at index 0
2022-01-12 07:42:57,929 [271317f1-f8b4-40e6-a29f-423c50314c9a@group-D68F9A05A383-StateMachineUpdater] INFO  impl.StateMachineUpdater (StateMachineUpdater.java:lambda$new$0(89)) - 271317f1-f8b4-40e6-a29f-423c50314c9a@group-D68F9A05A383-StateMachineUpdater: snapshotIndex: updateIncreasingly -1 -> 0
2022-01-12 07:42:57,930 [Time-limited test] INFO  server.RaftServer$Division (ServerState.java:close(419)) - 271317f1-f8b4-40e6-a29f-423c50314c9a@group-D68F9A05A383: closes. applyIndex: 0
2022-01-12 07:42:57,930 [271317f1-f8b4-40e6-a29f-423c50314c9a@group-D68F9A05A383-SegmentedRaftLogWorker] INFO  segmented.SegmentedRaftLogWorker (SegmentedRaftLogWorker.java:run(327)) - 271317f1-f8b4-40e6-a29f-423c50314c9a@group-D68F9A05A383-SegmentedRaftLogWorker was interrupted, exiting. There are 0 tasks remaining in the queue.
2022-01-12 07:42:57,930 [Time-limited test] INFO  segmented.SegmentedRaftLogWorker (SegmentedRaftLogWorker.java:close(237)) - 271317f1-f8b4-40e6-a29f-423c50314c9a@group-D68F9A05A383-SegmentedRaftLogWorker close()
2022-01-12 07:42:57,919 [271317f1-f8b4-40e6-a29f-423c50314c9a@group-D68F9A05A383-FollowerState] INFO  impl.FollowerState (FollowerState.java:run(143)) - 271317f1-f8b4-40e6-a29f-423c50314c9a@group-D68F9A05A383-FollowerState was interrupted: {}
java.lang.InterruptedException: sleep interrupted
	at java.lang.Thread.sleep(Native Method)
	at java.lang.Thread.sleep(Thread.java:340)
	at java.util.concurrent.TimeUnit.sleep(TimeUnit.java:386)
	at org.apache.ratis.util.TimeDuration.sleep(TimeDuration.java:324)
	at org.apache.ratis.util.TimeDuration.sleep(TimeDuration.java:309)
	at org.apache.ratis.server.impl.FollowerState.run(FollowerState.java:118)
2022-01-12 07:42:57,931 [Time-limited test] INFO  server.GrpcService (GrpcService.java:closeImpl(262)) - 271317f1-f8b4-40e6-a29f-423c50314c9a: shutdown server with port 43991 now
2022-01-12 07:42:57,982 [Time-limited test] INFO  server.GrpcService (GrpcService.java:closeImpl(271)) - 271317f1-f8b4-40e6-a29f-423c50314c9a: shutdown server with port 43991 successfully
2022-01-12 07:42:57,982 [grpc-default-executor-0] WARN  server.GrpcLogAppender (LogUtils.java:warn(122)) - 26f2b290-61b3-49ad-8002-bfb92d808e93@group-D68F9A05A383->271317f1-f8b4-40e6-a29f-423c50314c9a-AppendLogResponseHandler: Failed appendEntries: org.apache.ratis.thirdparty.io.grpc.StatusRuntimeException: CANCELLED: HTTP/2 error code: CANCEL
Received Rst Stream
2022-01-12 07:42:57,982 [grpc-default-executor-0] WARN  server.GrpcLogAppender (GrpcLogAppender.java:resetClient(110)) - 26f2b290-61b3-49ad-8002-bfb92d808e93@group-D68F9A05A383->271317f1-f8b4-40e6-a29f-423c50314c9a-GrpcLogAppender: Leader has not got in touch with Follower 26f2b290-61b3-49ad-8002-bfb92d808e93@group-D68F9A05A383->271317f1-f8b4-40e6-a29f-423c50314c9a(c0,m0,n1, attendVote=true, lastRpcSendTime=1810, lastRpcResponseTime=1806) yet, just keep nextIndex unchanged and retry.
2022-01-12 07:42:57,982 [grpc-default-executor-3] WARN  server.GrpcServerProtocolService (LogUtils.java:warn(122)) - 271317f1-f8b4-40e6-a29f-423c50314c9a: installSnapshot onError, lastRequest: 26f2b290-61b3-49ad-8002-bfb92d808e93->271317f1-f8b4-40e6-a29f-423c50314c9a#1-t12,previous=(t:0, i:0),leaderCommit=0,initializing? true,entries: size=1, first=(t:12, i:0), CONFIGURATIONENTRY: org.apache.ratis.thirdparty.io.grpc.StatusRuntimeException: CANCELLED: client cancelled
2022-01-12 07:42:57,983 [org.apache.ratis.util.JvmPauseMonitor$$Lambda$538/42333360@5495a332] INFO  util.JvmPauseMonitor (JvmPauseMonitor.java:run(109)) - JvmPauseMonitor-271317f1-f8b4-40e6-a29f-423c50314c9a: Stopped
2022-01-12 07:42:58,425 [EndpointStateMachine task thread for /0.0.0.0:35925 - 0 ] INFO  ipc.Client (Client.java:handleConnectionFailure(977)) - Retrying connect to server: 0.0.0.0/0.0.0.0:35925. Already tried 3 time(s); retry policy is RetryUpToMaximumCountWithFixedSleep(maxRetries=15, sleepTime=1000 MILLISECONDS)
2022-01-12 07:42:58,635 [grpc-default-executor-2] WARN  server.GrpcLogAppender (LogUtils.java:warn(122)) - 26f2b290-61b3-49ad-8002-bfb92d808e93@group-D68F9A05A383->09bdbdee-2d8e-4e61-9916-e6a477ae13dd-AppendLogResponseHandler: Failed appendEntries: org.apache.ratis.thirdparty.io.grpc.StatusRuntimeException: UNAVAILABLE: io exception
2022-01-12 07:42:58,636 [grpc-default-executor-2] WARN  server.GrpcLogAppender (GrpcLogAppender.java:resetClient(110)) - 26f2b290-61b3-49ad-8002-bfb92d808e93@group-D68F9A05A383->09bdbdee-2d8e-4e61-9916-e6a477ae13dd-GrpcLogAppender: Leader has not got in touch with Follower 26f2b290-61b3-49ad-8002-bfb92d808e93@group-D68F9A05A383->09bdbdee-2d8e-4e61-9916-e6a477ae13dd(c0,m0,n1, attendVote=true, lastRpcSendTime=2502, lastRpcResponseTime=30065) yet, just keep nextIndex unchanged and retry.
2022-01-12 07:42:58,689 [grpc-default-executor-2] WARN  server.GrpcLogAppender (LogUtils.java:warn(122)) - 26f2b290-61b3-49ad-8002-bfb92d808e93@group-D68F9A05A383->271317f1-f8b4-40e6-a29f-423c50314c9a-AppendLogResponseHandler: Failed appendEntries: org.apache.ratis.thirdparty.io.grpc.StatusRuntimeException: UNAVAILABLE: io exception
2022-01-12 07:42:58,690 [grpc-default-executor-2] WARN  server.GrpcLogAppender (GrpcLogAppender.java:resetClient(110)) - 26f2b290-61b3-49ad-8002-bfb92d808e93@group-D68F9A05A383->271317f1-f8b4-40e6-a29f-423c50314c9a-GrpcLogAppender: Leader has not got in touch with Follower 26f2b290-61b3-49ad-8002-bfb92d808e93@group-D68F9A05A383->271317f1-f8b4-40e6-a29f-423c50314c9a(c0,m0,n1, attendVote=true, lastRpcSendTime=3, lastRpcResponseTime=2514) yet, just keep nextIndex unchanged and retry.
2022-01-12 07:42:59,425 [EndpointStateMachine task thread for /0.0.0.0:35925 - 0 ] INFO  ipc.Client (Client.java:handleConnectionFailure(977)) - Retrying connect to server: 0.0.0.0/0.0.0.0:35925. Already tried 4 time(s); retry policy is RetryUpToMaximumCountWithFixedSleep(maxRetries=15, sleepTime=1000 MILLISECONDS)
2022-01-12 07:43:00,029 [Time-limited test] INFO  utils.BackgroundService (BackgroundService.java:shutdown(132)) - Shutting down service BlockDeletingService
2022-01-12 07:43:00,429 [EndpointStateMachine task thread for /0.0.0.0:35925 - 0 ] INFO  ipc.Client (Client.java:handleConnectionFailure(977)) - Retrying connect to server: 0.0.0.0/0.0.0.0:35925. Already tried 5 time(s); retry policy is RetryUpToMaximumCountWithFixedSleep(maxRetries=15, sleepTime=1000 MILLISECONDS)
2022-01-12 07:43:00,920 [ForkJoinPool.commonPool-worker-0] INFO  statemachine.DatanodeStateMachine (DatanodeStateMachine.java:stopDaemon(529)) - Ozone container server stopped.
2022-01-12 07:43:00,921 [ForkJoinPool.commonPool-worker-0] INFO  handler.ContextHandler (ContextHandler.java:doStop(1153)) - Stopped o.e.j.w.WebAppContext@2ed57b82{hddsDatanode,/,null,STOPPED}{jar:file:/home/runner/.m2/repository/org/apache/ozone/hdds-container-service/1.3.0-SNAPSHOT/hdds-container-service-1.3.0-SNAPSHOT.jar!/webapps/hddsDatanode}
2022-01-12 07:43:00,933 [ForkJoinPool.commonPool-worker-0] INFO  server.AbstractConnector (AbstractConnector.java:doStop(381)) - Stopped ServerConnector@19020e35{HTTP/1.1, (http/1.1)}{0.0.0.0:38503}
2022-01-12 07:43:00,933 [ForkJoinPool.commonPool-worker-0] INFO  server.session (HouseKeeper.java:stopScavenging(149)) - node0 Stopped scavenging
2022-01-12 07:43:00,934 [ForkJoinPool.commonPool-worker-0] INFO  handler.ContextHandler (ContextHandler.java:doStop(1153)) - Stopped o.e.j.s.ServletContextHandler@3d1181b3{static,/static,jar:file:/home/runner/.m2/repository/org/apache/ozone/hdds-container-service/1.3.0-SNAPSHOT/hdds-container-service-1.3.0-SNAPSHOT.jar!/webapps/static,STOPPED}
2022-01-12 07:43:00,934 [ForkJoinPool.commonPool-worker-0] INFO  handler.ContextHandler (ContextHandler.java:doStop(1153)) - Stopped o.e.j.s.ServletContextHandler@34b07772{logs,/logs,file:///home/runner/work/ozone/ozone/hadoop-ozone/integration-test/target/log,STOPPED}
2022-01-12 07:43:01,137 [grpc-default-executor-2] WARN  server.GrpcLogAppender (LogUtils.java:warn(122)) - 26f2b290-61b3-49ad-8002-bfb92d808e93@group-D68F9A05A383->09bdbdee-2d8e-4e61-9916-e6a477ae13dd-AppendLogResponseHandler: Failed appendEntries: org.apache.ratis.thirdparty.io.grpc.StatusRuntimeException: UNAVAILABLE: io exception
2022-01-12 07:43:01,138 [grpc-default-executor-2] WARN  server.GrpcLogAppender (GrpcLogAppender.java:resetClient(110)) - 26f2b290-61b3-49ad-8002-bfb92d808e93@group-D68F9A05A383->09bdbdee-2d8e-4e61-9916-e6a477ae13dd-GrpcLogAppender: Leader has not got in touch with Follower 26f2b290-61b3-49ad-8002-bfb92d808e93@group-D68F9A05A383->09bdbdee-2d8e-4e61-9916-e6a477ae13dd(c0,m0,n1, attendVote=true, lastRpcSendTime=1, lastRpcResponseTime=32567) yet, just keep nextIndex unchanged and retry.
2022-01-12 07:43:01,187 [grpc-default-executor-2] WARN  server.GrpcLogAppender (LogUtils.java:warn(122)) - 26f2b290-61b3-49ad-8002-bfb92d808e93@group-D68F9A05A383->271317f1-f8b4-40e6-a29f-423c50314c9a-AppendLogResponseHandler: Failed appendEntries: org.apache.ratis.thirdparty.io.grpc.StatusRuntimeException: UNAVAILABLE: io exception
2022-01-12 07:43:01,189 [grpc-default-executor-2] WARN  server.GrpcLogAppender (GrpcLogAppender.java:resetClient(110)) - 26f2b290-61b3-49ad-8002-bfb92d808e93@group-D68F9A05A383->271317f1-f8b4-40e6-a29f-423c50314c9a-GrpcLogAppender: Leader has not got in touch with Follower 26f2b290-61b3-49ad-8002-bfb92d808e93@group-D68F9A05A383->271317f1-f8b4-40e6-a29f-423c50314c9a(c0,m0,n1, attendVote=true, lastRpcSendTime=1, lastRpcResponseTime=5013) yet, just keep nextIndex unchanged and retry.
2022-01-12 07:43:01,433 [EndpointStateMachine task thread for /0.0.0.0:35925 - 0 ] INFO  ipc.Client (Client.java:handleConnectionFailure(977)) - Retrying connect to server: 0.0.0.0/0.0.0.0:35925. Already tried 6 time(s); retry policy is RetryUpToMaximumCountWithFixedSleep(maxRetries=15, sleepTime=1000 MILLISECONDS)
2022-01-12 07:43:01,434 [Datanode State Machine Daemon Thread] WARN  statemachine.StateContext (StateContext.java:setState(249)) - Ignore disallowed transition from SHUTDOWN to RUNNING
2022-01-12 07:43:02,434 [EndpointStateMachine task thread for /0.0.0.0:35925 - 0 ] INFO  ipc.Client (Client.java:handleConnectionFailure(977)) - Retrying connect to server: 0.0.0.0/0.0.0.0:35925. Already tried 7 time(s); retry policy is RetryUpToMaximumCountWithFixedSleep(maxRetries=15, sleepTime=1000 MILLISECONDS)
2022-01-12 07:43:03,033 [Time-limited test] INFO  statemachine.DatanodeStateMachine (DatanodeStateMachine.java:stopDaemon(529)) - Ozone container server stopped.
2022-01-12 07:43:03,038 [Time-limited test] INFO  handler.ContextHandler (ContextHandler.java:doStop(1153)) - Stopped o.e.j.w.WebAppContext@555690c3{hddsDatanode,/,null,STOPPED}{jar:file:/home/runner/.m2/repository/org/apache/ozone/hdds-container-service/1.3.0-SNAPSHOT/hdds-container-service-1.3.0-SNAPSHOT.jar!/webapps/hddsDatanode}
2022-01-12 07:43:03,049 [Time-limited test] INFO  server.AbstractConnector (AbstractConnector.java:doStop(381)) - Stopped ServerConnector@6d085182{HTTP/1.1, (http/1.1)}{0.0.0.0:0}
2022-01-12 07:43:03,049 [Time-limited test] INFO  server.session (HouseKeeper.java:stopScavenging(149)) - node0 Stopped scavenging
2022-01-12 07:43:03,058 [Time-limited test] INFO  handler.ContextHandler (ContextHandler.java:doStop(1153)) - Stopped o.e.j.s.ServletContextHandler@49670922{static,/static,jar:file:/home/runner/.m2/repository/org/apache/ozone/hdds-container-service/1.3.0-SNAPSHOT/hdds-container-service-1.3.0-SNAPSHOT.jar!/webapps/static,STOPPED}
2022-01-12 07:43:03,058 [Time-limited test] INFO  handler.ContextHandler (ContextHandler.java:doStop(1153)) - Stopped o.e.j.s.ServletContextHandler@68d2a97a{logs,/logs,file:///home/runner/work/ozone/ozone/hadoop-ozone/integration-test/target/log,STOPPED}
2022-01-12 07:43:03,434 [EndpointStateMachine task thread for /0.0.0.0:35925 - 0 ] INFO  ipc.Client (Client.java:handleConnectionFailure(977)) - Retrying connect to server: 0.0.0.0/0.0.0.0:35925. Already tried 8 time(s); retry policy is RetryUpToMaximumCountWithFixedSleep(maxRetries=15, sleepTime=1000 MILLISECONDS)
2022-01-12 07:43:03,649 [grpc-default-executor-2] WARN  server.GrpcLogAppender (LogUtils.java:warn(122)) - 26f2b290-61b3-49ad-8002-bfb92d808e93@group-D68F9A05A383->09bdbdee-2d8e-4e61-9916-e6a477ae13dd-AppendLogResponseHandler: Failed appendEntries: org.apache.ratis.thirdparty.io.grpc.StatusRuntimeException: UNAVAILABLE: io exception
2022-01-12 07:43:03,650 [grpc-default-executor-2] WARN  server.GrpcLogAppender (GrpcLogAppender.java:resetClient(110)) - 26f2b290-61b3-49ad-8002-bfb92d808e93@group-D68F9A05A383->09bdbdee-2d8e-4e61-9916-e6a477ae13dd-GrpcLogAppender: Leader has not got in touch with Follower 26f2b290-61b3-49ad-8002-bfb92d808e93@group-D68F9A05A383->09bdbdee-2d8e-4e61-9916-e6a477ae13dd(c0,m0,n1, attendVote=true, lastRpcSendTime=0, lastRpcResponseTime=35079) yet, just keep nextIndex unchanged and retry.
2022-01-12 07:43:03,701 [grpc-default-executor-2] WARN  server.GrpcLogAppender (LogUtils.java:warn(122)) - 26f2b290-61b3-49ad-8002-bfb92d808e93@group-D68F9A05A383->271317f1-f8b4-40e6-a29f-423c50314c9a-AppendLogResponseHandler: Failed appendEntries: org.apache.ratis.thirdparty.io.grpc.StatusRuntimeException: UNAVAILABLE: io exception
2022-01-12 07:43:03,731 [grpc-default-executor-2] WARN  server.GrpcLogAppender (GrpcLogAppender.java:resetClient(110)) - 26f2b290-61b3-49ad-8002-bfb92d808e93@group-D68F9A05A383->271317f1-f8b4-40e6-a29f-423c50314c9a-GrpcLogAppender: Leader has not got in touch with Follower 26f2b290-61b3-49ad-8002-bfb92d808e93@group-D68F9A05A383->271317f1-f8b4-40e6-a29f-423c50314c9a(c0,m0,n1, attendVote=true, lastRpcSendTime=19, lastRpcResponseTime=7555) yet, just keep nextIndex unchanged and retry.
2022-01-12 07:43:04,435 [EndpointStateMachine task thread for /0.0.0.0:35925 - 0 ] INFO  ipc.Client (Client.java:handleConnectionFailure(977)) - Retrying connect to server: 0.0.0.0/0.0.0.0:35925. Already tried 9 time(s); retry policy is RetryUpToMaximumCountWithFixedSleep(maxRetries=15, sleepTime=1000 MILLISECONDS)
2022-01-12 07:43:05,106 [26f2b290-61b3-49ad-8002-bfb92d808e93@group-D68F9A05A383-LeaderStateImpl] WARN  server.RaftServer$Division (LeaderStateImpl.java:checkLeadership(974)) - 26f2b290-61b3-49ad-8002-bfb92d808e93@group-D68F9A05A383-LeaderStateImpl: Lost leadership on term: 12. Election timeout: 5200ms. In charge for: 41716ms. Conf: 0: [271317f1-f8b4-40e6-a29f-423c50314c9a|rpc:10.1.0.33:43991|dataStream:|priority:0, 09bdbdee-2d8e-4e61-9916-e6a477ae13dd|rpc:10.1.0.33:45301|dataStream:|priority:0, 26f2b290-61b3-49ad-8002-bfb92d808e93|rpc:10.1.0.33:46813|dataStream:|priority:1], old=null
2022-01-12 07:43:05,107 [26f2b290-61b3-49ad-8002-bfb92d808e93@group-D68F9A05A383-LeaderStateImpl] WARN  server.RaftServer$Division (LeaderStateImpl.java:lambda$checkLeadership$15(978)) - Follower 26f2b290-61b3-49ad-8002-bfb92d808e93@group-D68F9A05A383->271317f1-f8b4-40e6-a29f-423c50314c9a(c0,m0,n1, attendVote=true, lastRpcSendTime=1395, lastRpcResponseTime=8932)
2022-01-12 07:43:05,108 [26f2b290-61b3-49ad-8002-bfb92d808e93@group-D68F9A05A383-LeaderStateImpl] WARN  server.RaftServer$Division (LeaderStateImpl.java:lambda$checkLeadership$15(978)) - Follower 26f2b290-61b3-49ad-8002-bfb92d808e93@group-D68F9A05A383->09bdbdee-2d8e-4e61-9916-e6a477ae13dd(c0,m0,n1, attendVote=true, lastRpcSendTime=1458, lastRpcResponseTime=36536)
2022-01-12 07:43:05,108 [26f2b290-61b3-49ad-8002-bfb92d808e93@group-D68F9A05A383-LeaderStateImpl] INFO  server.RaftServer$Division (RaftServerImpl.java:setRole(290)) - 26f2b290-61b3-49ad-8002-bfb92d808e93@group-D68F9A05A383: changes role from    LEADER to FOLLOWER at term 12 for StepDownReason:LOST_MAJORITY_HEARTBEATS
2022-01-12 07:43:05,108 [26f2b290-61b3-49ad-8002-bfb92d808e93@group-D68F9A05A383-LeaderStateImpl] INFO  impl.RoleInfo (RoleInfo.java:shutdownLeaderState(91)) - 26f2b290-61b3-49ad-8002-bfb92d808e93: shutdown 26f2b290-61b3-49ad-8002-bfb92d808e93@group-D68F9A05A383-LeaderStateImpl
2022-01-12 07:43:05,108 [26f2b290-61b3-49ad-8002-bfb92d808e93@group-D68F9A05A383-LeaderStateImpl] INFO  impl.PendingRequests (PendingRequests.java:sendNotLeaderResponses(282)) - 26f2b290-61b3-49ad-8002-bfb92d808e93@group-D68F9A05A383-PendingRequests: sendNotLeaderResponses
2022-01-12 07:43:05,109 [26f2b290-61b3-49ad-8002-bfb92d808e93@group-D68F9A05A383-LeaderStateImpl] INFO  impl.RoleInfo (RoleInfo.java:updateAndGet(130)) - 26f2b290-61b3-49ad-8002-bfb92d808e93: start 26f2b290-61b3-49ad-8002-bfb92d808e93@group-D68F9A05A383-FollowerState
2022-01-12 07:43:05,436 [EndpointStateMachine task thread for /0.0.0.0:35925 - 0 ] INFO  ipc.Client (Client.java:handleConnectionFailure(977)) - Retrying connect to server: 0.0.0.0/0.0.0.0:35925. Already tried 10 time(s); retry policy is RetryUpToMaximumCountWithFixedSleep(maxRetries=15, sleepTime=1000 MILLISECONDS)
2022-01-12 07:43:05,937 [ForkJoinPool.commonPool-worker-0] INFO  ozoneimpl.OzoneContainer (OzoneContainer.java:stop(336)) - Attempting to stop container services.
2022-01-12 07:43:05,940 [ForkJoinPool.commonPool-worker-0] INFO  server.RaftServer (RaftServerProxy.java:lambda$close$6(391)) - 26f2b290-61b3-49ad-8002-bfb92d808e93: close
2022-01-12 07:43:05,940 [ForkJoinPool.commonPool-worker-0] INFO  server.RaftServer$Division (RaftServerImpl.java:lambda$close$4(412)) - 26f2b290-61b3-49ad-8002-bfb92d808e93@group-D68F9A05A383: shutdown
2022-01-12 07:43:05,940 [ForkJoinPool.commonPool-worker-0] INFO  util.JmxRegister (JmxRegister.java:unregister(73)) - Successfully un-registered JMX Bean with object name Ratis:service=RaftServer,group=group-D68F9A05A383,id=26f2b290-61b3-49ad-8002-bfb92d808e93
2022-01-12 07:43:05,940 [ForkJoinPool.commonPool-worker-0] INFO  impl.RoleInfo (RoleInfo.java:shutdownFollowerState(108)) - 26f2b290-61b3-49ad-8002-bfb92d808e93: shutdown 26f2b290-61b3-49ad-8002-bfb92d808e93@group-D68F9A05A383-FollowerState
2022-01-12 07:43:05,940 [ForkJoinPool.commonPool-worker-0] INFO  impl.StateMachineUpdater (StateMachineUpdater.java:stopAndJoin(149)) - 26f2b290-61b3-49ad-8002-bfb92d808e93@group-D68F9A05A383-StateMachineUpdater: set stopIndex = 0
2022-01-12 07:43:05,940 [26f2b290-61b3-49ad-8002-bfb92d808e93@group-D68F9A05A383-FollowerState] INFO  impl.FollowerState (FollowerState.java:run(143)) - 26f2b290-61b3-49ad-8002-bfb92d808e93@group-D68F9A05A383-FollowerState was interrupted: {}
java.lang.InterruptedException: sleep interrupted
	at java.lang.Thread.sleep(Native Method)
	at java.lang.Thread.sleep(Thread.java:340)
	at java.util.concurrent.TimeUnit.sleep(TimeUnit.java:386)
	at org.apache.ratis.util.TimeDuration.sleep(TimeDuration.java:324)
	at org.apache.ratis.util.TimeDuration.sleep(TimeDuration.java:309)
	at org.apache.ratis.server.impl.FollowerState.run(FollowerState.java:118)
2022-01-12 07:43:05,941 [26f2b290-61b3-49ad-8002-bfb92d808e93@group-D68F9A05A383-StateMachineUpdater] INFO  ratis.ContainerStateMachine (ContainerStateMachine.java:takeSnapshot(299)) - group-D68F9A05A383: Taking a snapshot at:(t:12, i:0) file /home/runner/work/ozone/ozone/hadoop-ozone/integration-test/target/test-dir/MiniOzoneClusterImpl-98c4baf1-f560-4074-9287-a7c3af5f62c4/datanode-2/data/ratis/83309c2b-4986-4e5d-b051-d68f9a05a383/sm/snapshot.12_0
2022-01-12 07:43:05,945 [26f2b290-61b3-49ad-8002-bfb92d808e93@group-D68F9A05A383-StateMachineUpdater] INFO  ratis.ContainerStateMachine (ContainerStateMachine.java:takeSnapshot(310)) - group-D68F9A05A383: Finished taking a snapshot at:(t:12, i:0) file:/home/runner/work/ozone/ozone/hadoop-ozone/integration-test/target/test-dir/MiniOzoneClusterImpl-98c4baf1-f560-4074-9287-a7c3af5f62c4/datanode-2/data/ratis/83309c2b-4986-4e5d-b051-d68f9a05a383/sm/snapshot.12_0 took: 4 ms
2022-01-12 07:43:05,945 [26f2b290-61b3-49ad-8002-bfb92d808e93@group-D68F9A05A383-StateMachineUpdater] INFO  impl.StateMachineUpdater (StateMachineUpdater.java:takeSnapshot(281)) - 26f2b290-61b3-49ad-8002-bfb92d808e93@group-D68F9A05A383-StateMachineUpdater: Took a snapshot at index 0
2022-01-12 07:43:05,945 [26f2b290-61b3-49ad-8002-bfb92d808e93@group-D68F9A05A383-StateMachineUpdater] INFO  impl.StateMachineUpdater (StateMachineUpdater.java:lambda$new$0(89)) - 26f2b290-61b3-49ad-8002-bfb92d808e93@group-D68F9A05A383-StateMachineUpdater: snapshotIndex: updateIncreasingly -1 -> 0
2022-01-12 07:43:05,946 [ForkJoinPool.commonPool-worker-0] INFO  server.RaftServer$Division (ServerState.java:close(419)) - 26f2b290-61b3-49ad-8002-bfb92d808e93@group-D68F9A05A383: closes. applyIndex: 0
2022-01-12 07:43:05,949 [26f2b290-61b3-49ad-8002-bfb92d808e93@group-D68F9A05A383-SegmentedRaftLogWorker] INFO  segmented.SegmentedRaftLogWorker (SegmentedRaftLogWorker.java:run(327)) - 26f2b290-61b3-49ad-8002-bfb92d808e93@group-D68F9A05A383-SegmentedRaftLogWorker was interrupted, exiting. There are 0 tasks remaining in the queue.
2022-01-12 07:43:05,949 [ForkJoinPool.commonPool-worker-0] INFO  segmented.SegmentedRaftLogWorker (SegmentedRaftLogWorker.java:close(237)) - 26f2b290-61b3-49ad-8002-bfb92d808e93@group-D68F9A05A383-SegmentedRaftLogWorker close()
2022-01-12 07:43:05,950 [ForkJoinPool.commonPool-worker-0] INFO  server.RaftServer$Division (RaftServerImpl.java:lambda$close$4(412)) - 26f2b290-61b3-49ad-8002-bfb92d808e93@group-283C85823B61: shutdown
2022-01-12 07:43:05,950 [ForkJoinPool.commonPool-worker-0] INFO  util.JmxRegister (JmxRegister.java:unregister(73)) - Successfully un-registered JMX Bean with object name Ratis:service=RaftServer,group=group-283C85823B61,id=26f2b290-61b3-49ad-8002-bfb92d808e93
2022-01-12 07:43:05,950 [ForkJoinPool.commonPool-worker-0] INFO  impl.RoleInfo (RoleInfo.java:shutdownLeaderState(91)) - 26f2b290-61b3-49ad-8002-bfb92d808e93: shutdown 26f2b290-61b3-49ad-8002-bfb92d808e93@group-283C85823B61-LeaderStateImpl
2022-01-12 07:43:05,950 [ForkJoinPool.commonPool-worker-0] INFO  impl.PendingRequests (PendingRequests.java:sendNotLeaderResponses(282)) - 26f2b290-61b3-49ad-8002-bfb92d808e93@group-283C85823B61-PendingRequests: sendNotLeaderResponses
2022-01-12 07:43:05,951 [ForkJoinPool.commonPool-worker-0] INFO  impl.StateMachineUpdater (StateMachineUpdater.java:stopAndJoin(149)) - 26f2b290-61b3-49ad-8002-bfb92d808e93@group-283C85823B61-StateMachineUpdater: set stopIndex = 0
2022-01-12 07:43:05,951 [26f2b290-61b3-49ad-8002-bfb92d808e93@group-283C85823B61-StateMachineUpdater] INFO  ratis.ContainerStateMachine (ContainerStateMachine.java:takeSnapshot(299)) - group-283C85823B61: Taking a snapshot at:(t:1, i:0) file /home/runner/work/ozone/ozone/hadoop-ozone/integration-test/target/test-dir/MiniOzoneClusterImpl-98c4baf1-f560-4074-9287-a7c3af5f62c4/datanode-2/data/ratis/c2882099-ebf2-471f-abfd-283c85823b61/sm/snapshot.1_0
2022-01-12 07:43:05,952 [26f2b290-61b3-49ad-8002-bfb92d808e93@group-283C85823B61-StateMachineUpdater] INFO  ratis.ContainerStateMachine (ContainerStateMachine.java:takeSnapshot(310)) - group-283C85823B61: Finished taking a snapshot at:(t:1, i:0) file:/home/runner/work/ozone/ozone/hadoop-ozone/integration-test/target/test-dir/MiniOzoneClusterImpl-98c4baf1-f560-4074-9287-a7c3af5f62c4/datanode-2/data/ratis/c2882099-ebf2-471f-abfd-283c85823b61/sm/snapshot.1_0 took: 1 ms
2022-01-12 07:43:05,952 [26f2b290-61b3-49ad-8002-bfb92d808e93@group-283C85823B61-StateMachineUpdater] INFO  impl.StateMachineUpdater (StateMachineUpdater.java:takeSnapshot(281)) - 26f2b290-61b3-49ad-8002-bfb92d808e93@group-283C85823B61-StateMachineUpdater: Took a snapshot at index 0
2022-01-12 07:43:05,953 [26f2b290-61b3-49ad-8002-bfb92d808e93@group-283C85823B61-StateMachineUpdater] INFO  impl.StateMachineUpdater (StateMachineUpdater.java:lambda$new$0(89)) - 26f2b290-61b3-49ad-8002-bfb92d808e93@group-283C85823B61-StateMachineUpdater: snapshotIndex: updateIncreasingly -1 -> 0
2022-01-12 07:43:05,953 [ForkJoinPool.commonPool-worker-0] INFO  server.RaftServer$Division (ServerState.java:close(419)) - 26f2b290-61b3-49ad-8002-bfb92d808e93@group-283C85823B61: closes. applyIndex: 0
2022-01-12 07:43:05,953 [26f2b290-61b3-49ad-8002-bfb92d808e93@group-283C85823B61-SegmentedRaftLogWorker] INFO  segmented.SegmentedRaftLogWorker (SegmentedRaftLogWorker.java:run(327)) - 26f2b290-61b3-49ad-8002-bfb92d808e93@group-283C85823B61-SegmentedRaftLogWorker was interrupted, exiting. There are 0 tasks remaining in the queue.
2022-01-12 07:43:05,953 [ForkJoinPool.commonPool-worker-0] INFO  segmented.SegmentedRaftLogWorker (SegmentedRaftLogWorker.java:close(237)) - 26f2b290-61b3-49ad-8002-bfb92d808e93@group-283C85823B61-SegmentedRaftLogWorker close()
2022-01-12 07:43:05,954 [ForkJoinPool.commonPool-worker-0] INFO  server.GrpcService (GrpcService.java:closeImpl(262)) - 26f2b290-61b3-49ad-8002-bfb92d808e93: shutdown server with port 46813 now
2022-01-12 07:43:05,956 [ForkJoinPool.commonPool-worker-0] INFO  server.GrpcService (GrpcService.java:closeImpl(271)) - 26f2b290-61b3-49ad-8002-bfb92d808e93: shutdown server with port 46813 successfully
2022-01-12 07:43:05,956 [org.apache.ratis.util.JvmPauseMonitor$$Lambda$538/42333360@59820850] INFO  util.JvmPauseMonitor (JvmPauseMonitor.java:run(109)) - JvmPauseMonitor-26f2b290-61b3-49ad-8002-bfb92d808e93: Stopped
2022-01-12 07:43:06,437 [EndpointStateMachine task thread for /0.0.0.0:35925 - 0 ] INFO  ipc.Client (Client.java:handleConnectionFailure(977)) - Retrying connect to server: 0.0.0.0/0.0.0.0:35925. Already tried 11 time(s); retry policy is RetryUpToMaximumCountWithFixedSleep(maxRetries=15, sleepTime=1000 MILLISECONDS)
2022-01-12 07:43:07,443 [EndpointStateMachine task thread for /0.0.0.0:35925 - 0 ] INFO  ipc.Client (Client.java:handleConnectionFailure(977)) - Retrying connect to server: 0.0.0.0/0.0.0.0:35925. Already tried 12 time(s); retry policy is RetryUpToMaximumCountWithFixedSleep(maxRetries=15, sleepTime=1000 MILLISECONDS)
2022-01-12 07:43:07,970 [ForkJoinPool.commonPool-worker-0] INFO  utils.BackgroundService (BackgroundService.java:shutdown(132)) - Shutting down service BlockDeletingService
2022-01-12 07:43:08,443 [EndpointStateMachine task thread for /0.0.0.0:35925 - 0 ] INFO  ipc.Client (Client.java:handleConnectionFailure(977)) - Retrying connect to server: 0.0.0.0/0.0.0.0:35925. Already tried 13 time(s); retry policy is RetryUpToMaximumCountWithFixedSleep(maxRetries=15, sleepTime=1000 MILLISECONDS)
2022-01-12 07:43:09,444 [EndpointStateMachine task thread for /0.0.0.0:35925 - 0 ] INFO  ipc.Client (Client.java:handleConnectionFailure(977)) - Retrying connect to server: 0.0.0.0/0.0.0.0:35925. Already tried 14 time(s); retry policy is RetryUpToMaximumCountWithFixedSleep(maxRetries=15, sleepTime=1000 MILLISECONDS)
2022-01-12 07:43:10,459 [EndpointStateMachine task thread for /0.0.0.0:35925 - 0 ] INFO  ipc.Client (Client.java:handleConnectionFailure(977)) - Retrying connect to server: 0.0.0.0/0.0.0.0:35925. Already tried 0 time(s); retry policy is RetryUpToMaximumCountWithFixedSleep(maxRetries=15, sleepTime=1000 MILLISECONDS)
2022-01-12 07:43:10,977 [ForkJoinPool.commonPool-worker-0] INFO  statemachine.DatanodeStateMachine (DatanodeStateMachine.java:stopDaemon(529)) - Ozone container server stopped.
2022-01-12 07:43:10,978 [ForkJoinPool.commonPool-worker-0] INFO  handler.ContextHandler (ContextHandler.java:doStop(1153)) - Stopped o.e.j.w.WebAppContext@2e6de055{hddsDatanode,/,null,STOPPED}{jar:file:/home/runner/.m2/repository/org/apache/ozone/hdds-container-service/1.3.0-SNAPSHOT/hdds-container-service-1.3.0-SNAPSHOT.jar!/webapps/hddsDatanode}
2022-01-12 07:43:10,980 [ForkJoinPool.commonPool-worker-0] INFO  server.AbstractConnector (AbstractConnector.java:doStop(381)) - Stopped ServerConnector@5b24ee92{HTTP/1.1, (http/1.1)}{0.0.0.0:0}
2022-01-12 07:43:10,980 [ForkJoinPool.commonPool-worker-0] INFO  server.session (HouseKeeper.java:stopScavenging(149)) - node0 Stopped scavenging
2022-01-12 07:43:10,980 [ForkJoinPool.commonPool-worker-0] INFO  handler.ContextHandler (ContextHandler.java:doStop(1153)) - Stopped o.e.j.s.ServletContextHandler@67da8759{static,/static,jar:file:/home/runner/.m2/repository/org/apache/ozone/hdds-container-service/1.3.0-SNAPSHOT/hdds-container-service-1.3.0-SNAPSHOT.jar!/webapps/static,STOPPED}
2022-01-12 07:43:10,980 [ForkJoinPool.commonPool-worker-0] INFO  handler.ContextHandler (ContextHandler.java:doStop(1153)) - Stopped o.e.j.s.ServletContextHandler@1a5c5e32{logs,/logs,file:///home/runner/work/ozone/ozone/hadoop-ozone/integration-test/target/log,STOPPED}
2022-01-12 07:43:10,984 [Time-limited test] INFO  ozone.MiniOzoneClusterImpl (MiniOzoneClusterImpl.java:stopSCM(542)) - Stopping the StorageContainerManager
2022-01-12 07:43:10,984 [Time-limited test] INFO  server.StorageContainerManager (StorageContainerManager.java:stop(1390)) - Stopping Container Balancer service.
2022-01-12 07:43:10,984 [Time-limited test] INFO  balancer.ContainerBalancer (ContainerBalancer.java:stop(751)) - Container Balancer is not running.
2022-01-12 07:43:10,984 [Time-limited test] INFO  server.StorageContainerManager (StorageContainerManager.java:stop(1397)) - Stopping Replication Manager Service.
2022-01-12 07:43:10,984 [Time-limited test] INFO  container.ReplicationManager (ReplicationManager.java:stop(364)) - Replication Monitor Thread is not running.
2022-01-12 07:43:10,984 [Time-limited test] INFO  server.StorageContainerManager (StorageContainerManager.java:stop(1404)) - Stopping the Datanode Admin Monitor.
2022-01-12 07:43:10,984 [Time-limited test] INFO  server.StorageContainerManager (StorageContainerManager.java:stop(1411)) - Stopping Lease Manager of the command watchers
2022-01-12 07:43:10,984 [Time-limited test] ERROR server.StorageContainerManager (StorageContainerManager.java:stop(1414)) - Lease Manager of the command watchers stop failed
2022-01-12 07:43:10,984 [Time-limited test] INFO  server.StorageContainerManager (StorageContainerManager.java:stop(1418)) - Stopping datanode service RPC server
2022-01-12 07:43:10,984 [Time-limited test] INFO  server.SCMDatanodeProtocolServer (SCMDatanodeProtocolServer.java:stop(390)) - Stopping the RPC server for DataNodes
2022-01-12 07:43:10,984 [Time-limited test] INFO  ipc.Server (Server.java:stop(3414)) - Stopping server on 35925
2022-01-12 07:43:10,984 [Time-limited test] INFO  server.StorageContainerManager (StorageContainerManager.java:stop(1426)) - Stopping block service RPC server
2022-01-12 07:43:10,984 [Time-limited test] INFO  server.SCMBlockProtocolServer (SCMBlockProtocolServer.java:stop(160)) - Stopping the RPC server for Block Protocol
2022-01-12 07:43:10,984 [Time-limited test] INFO  ipc.Server (Server.java:stop(3414)) - Stopping server on 45179
2022-01-12 07:43:10,984 [Time-limited test] INFO  server.StorageContainerManager (StorageContainerManager.java:stop(1433)) - Stopping the StorageContainerLocationProtocol RPC server
2022-01-12 07:43:10,984 [Time-limited test] INFO  server.SCMClientProtocolServer (SCMClientProtocolServer.java:stop(173)) - Stopping the RPC server for Client Protocol
2022-01-12 07:43:10,984 [Time-limited test] INFO  ipc.Server (Server.java:stop(3414)) - Stopping server on 44009
2022-01-12 07:43:10,985 [Time-limited test] INFO  server.StorageContainerManager (StorageContainerManager.java:stop(1440)) - Stopping Storage Container Manager HTTP server.
2022-01-12 07:43:10,985 [Time-limited test] INFO  server.StorageContainerManager (StorageContainerManager.java:stop(1451)) - Stopping Block Manager Service.
2022-01-12 07:43:10,985 [Time-limited test] INFO  utils.BackgroundService (BackgroundService.java:shutdown(132)) - Shutting down service SCMBlockDeletingService
2022-01-12 07:43:10,985 [Time-limited test] INFO  utils.BackgroundService (BackgroundService.java:shutdown(132)) - Shutting down service SCMBlockDeletingService
2022-01-12 07:43:10,985 [Time-limited test] INFO  server.StorageContainerManager (StorageContainerManager.java:stop(1478)) - Stopping SCM Event Queue.
2022-01-12 07:43:10,985 [Time-limited test] INFO  server.StorageContainerManager (StorageContainerManager.java:stop(1489)) - Stopping SCM HA services.
2022-01-12 07:43:10,985 [Time-limited test] WARN  pipeline.BackgroundPipelineCreator (BackgroundPipelineCreator.java:stop(154)) - RatisPipelineUtilsThread is not running, just ignore.
2022-01-12 07:43:10,986 [Time-limited test] INFO  server.StorageContainerManager (StorageContainerManager.java:stop(1499)) - Stopping SCM MetadataStore.
2022-01-12 07:43:10,986 [Time-limited test] INFO  impl.MetricsSystemImpl (MetricsSystemImpl.java:stop(210)) - Stopping HddsDatanode metrics system...
2022-01-12 07:43:11,005 [prometheus] INFO  impl.MetricsSinkAdapter (MetricsSinkAdapter.java:publishMetricsFromQueue(141)) - prometheus thread interrupted.
2022-01-12 07:43:11,006 [Time-limited test] INFO  impl.MetricsSystemImpl (MetricsSystemImpl.java:stop(216)) - HddsDatanode metrics system stopped.
]]></system-out>
  </testcase>
  <testcase name="testDatanodeIDPersistent" classname="org.apache.hadoop.ozone.TestMiniOzoneCluster" time="0.123"/>
  <testcase name="testContainerRandomPort" classname="org.apache.hadoop.ozone.TestMiniOzoneCluster" time="25.301"/>
</testsuite>