<?xml version="1.0" encoding="UTF-8"?>
<testsuite xmlns:xsi="http://www.w3.org/2001/XMLSchema-instance" xsi:noNamespaceSchemaLocation="https://maven.apache.org/surefire/maven-surefire-plugin/xsd/surefire-test-report-3.0.xsd" version="3.0" name="org.apache.hadoop.ozone.freon.TestRandomKeyGenerator" time="81.071" tests="9" errors="0" skipped="0" failures="1">
  <properties>
    <property name="awt.toolkit" value="sun.awt.X11.XToolkit"/>
    <property name="file.encoding.pkg" value="sun.io"/>
    <property name="java.specification.version" value="1.8"/>
    <property name="sun.cpu.isalist" value=""/>
    <property name="sun.jnu.encoding" value="UTF-8"/>
    <property name="gradle.enterprise.listener.surefire.forkId" value="1"/>
    <property name="java.class.path" value="/home/runner/work/ozone/ozone/hadoop-ozone/integration-test/target/test-classes:/home/runner/work/ozone/ozone/hadoop-ozone/integration-test/target/classes:/home/runner/.m2/repository/org/apache/ozone/ozone-common/1.5.0-SNAPSHOT/ozone-common-1.5.0-SNAPSHOT.jar:/home/runner/.m2/repository/io/grpc/grpc-netty/1.58.0/grpc-netty-1.58.0.jar:/home/runner/.m2/repository/io/grpc/grpc-core/1.58.0/grpc-core-1.58.0.jar:/home/runner/.m2/repository/com/google/android/annotations/4.1.1.4/annotations-4.1.1.4.jar:/home/runner/.m2/repository/org/codehaus/mojo/animal-sniffer-annotations/1.23/animal-sniffer-annotations-1.23.jar:/home/runner/.m2/repository/io/grpc/grpc-context/1.58.0/grpc-context-1.58.0.jar:/home/runner/.m2/repository/io/grpc/grpc-util/1.58.0/grpc-util-1.58.0.jar:/home/runner/.m2/repository/com/google/errorprone/error_prone_annotations/2.2.0/error_prone_annotations-2.2.0.jar:/home/runner/.m2/repository/io/perfmark/perfmark-api/0.26.0/perfmark-api-0.26.0.jar:/home/runner/.m2/repository/io/netty/netty-codec-http2/4.1.100.Final/netty-codec-http2-4.1.100.Final.jar:/home/runner/.m2/repository/io/netty/netty-common/4.1.100.Final/netty-common-4.1.100.Final.jar:/home/runner/.m2/repository/io/netty/netty-buffer/4.1.100.Final/netty-buffer-4.1.100.Final.jar:/home/runner/.m2/repository/io/netty/netty-codec-http/4.1.100.Final/netty-codec-http-4.1.100.Final.jar:/home/runner/.m2/repository/io/netty/netty-handler-proxy/4.1.100.Final/netty-handler-proxy-4.1.100.Final.jar:/home/runner/.m2/repository/io/netty/netty-codec-socks/4.1.100.Final/netty-codec-socks-4.1.100.Final.jar:/home/runner/.m2/repository/io/netty/netty-tcnative-boringssl-static/2.0.61.Final/netty-tcnative-boringssl-static-2.0.61.Final.jar:/home/runner/.m2/repository/io/netty/netty-tcnative-classes/2.0.61.Final/netty-tcnative-classes-2.0.61.Final.jar:/home/runner/.m2/repository/io/netty/netty-tcnative-boringssl-static/2.0.61.Final/netty-tcnative-boringssl-static-2.0.61.Final-linux-x86_64.jar:/home/runner/.m2/repository/io/netty/netty-tcnative-boringssl-static/2.0.61.Final/netty-tcnative-boringssl-static-2.0.61.Final-linux-aarch_64.jar:/home/runner/.m2/repository/io/netty/netty-tcnative-boringssl-static/2.0.61.Final/netty-tcnative-boringssl-static-2.0.61.Final-osx-x86_64.jar:/home/runner/.m2/repository/io/netty/netty-tcnative-boringssl-static/2.0.61.Final/netty-tcnative-boringssl-static-2.0.61.Final-osx-aarch_64.jar:/home/runner/.m2/repository/io/netty/netty-tcnative-boringssl-static/2.0.61.Final/netty-tcnative-boringssl-static-2.0.61.Final-windows-x86_64.jar:/home/runner/.m2/repository/org/apache/commons/commons-compress/1.26.0/commons-compress-1.26.0.jar:/home/runner/.m2/repository/org/apache/ozone/hdds-common/1.5.0-SNAPSHOT/hdds-common-1.5.0-SNAPSHOT.jar:/home/runner/.m2/repository/org/apache/ozone/hdds-client/1.5.0-SNAPSHOT/hdds-client-1.5.0-SNAPSHOT.jar:/home/runner/.m2/repository/org/apache/ozone/ozone-interface-client/1.5.0-SNAPSHOT/ozone-interface-client-1.5.0-SNAPSHOT.jar:/home/runner/.m2/repository/org/apache/hadoop/hadoop-hdfs-client/3.3.6/hadoop-hdfs-client-3.3.6.jar:/home/runner/.m2/repository/com/squareup/okhttp3/okhttp/4.12.0/okhttp-4.12.0.jar:/home/runner/.m2/repository/com/squareup/okio/okio/3.6.0/okio-3.6.0.jar:/home/runner/.m2/repository/com/squareup/okio/okio-jvm/3.6.0/okio-jvm-3.6.0.jar:/home/runner/.m2/repository/org/jetbrains/kotlin/kotlin-stdlib-jdk8/1.9.22/kotlin-stdlib-jdk8-1.9.22.jar:/home/runner/.m2/repository/org/jetbrains/kotlin/kotlin-stdlib-jdk7/1.9.22/kotlin-stdlib-jdk7-1.9.22.jar:/home/runner/.m2/repository/org/jetbrains/kotlin/kotlin-stdlib-common/1.9.22/kotlin-stdlib-common-1.9.22.jar:/home/runner/.m2/repository/org/apache/ozone/hdds-test-utils/1.5.0-SNAPSHOT/hdds-test-utils-1.5.0-SNAPSHOT.jar:/home/runner/.m2/repository/org/assertj/assertj-core/3.12.2/assertj-core-3.12.2.jar:/home/runner/.m2/repository/com/google/guava/guava/32.0.0-jre/guava-32.0.0-jre.jar:/home/runner/.m2/repository/com/google/guava/failureaccess/1.0.1/failureaccess-1.0.1.jar:/home/runner/.m2/repository/com/google/guava/listenablefuture/9999.0-empty-to-avoid-conflict-with-guava/listenablefuture-9999.0-empty-to-avoid-conflict-with-guava.jar:/home/runner/.m2/repository/org/checkerframework/checker-qual/3.33.0/checker-qual-3.33.0.jar:/home/runner/.m2/repository/com/google/j2objc/j2objc-annotations/2.8/j2objc-annotations-2.8.jar:/home/runner/.m2/repository/commons-io/commons-io/2.15.1/commons-io-2.15.1.jar:/home/runner/.m2/repository/commons-logging/commons-logging/1.2/commons-logging-1.2.jar:/home/runner/.m2/repository/org/junit/jupiter/junit-jupiter-api/5.10.1/junit-jupiter-api-5.10.1.jar:/home/runner/.m2/repository/org/opentest4j/opentest4j/1.3.0/opentest4j-1.3.0.jar:/home/runner/.m2/repository/org/junit/platform/junit-platform-commons/1.10.1/junit-platform-commons-1.10.1.jar:/home/runner/.m2/repository/ch/qos/reload4j/reload4j/1.2.25/reload4j-1.2.25.jar:/home/runner/.m2/repository/jakarta/annotation/jakarta.annotation-api/2.1.1/jakarta.annotation-api-2.1.1.jar:/home/runner/.m2/repository/org/slf4j/slf4j-api/2.0.10/slf4j-api-2.0.10.jar:/home/runner/.m2/repository/org/apache/logging/log4j/log4j-api/2.17.1/log4j-api-2.17.1.jar:/home/runner/.m2/repository/org/apache/ozone/hdds-server-scm/1.5.0-SNAPSHOT/hdds-server-scm-1.5.0-SNAPSHOT.jar:/home/runner/.m2/repository/com/google/protobuf/protobuf-java/2.5.0/protobuf-java-2.5.0.jar:/home/runner/.m2/repository/org/apache/ozone/hdds-container-service/1.5.0-SNAPSHOT/hdds-container-service-1.5.0-SNAPSHOT.jar:/home/runner/.m2/repository/org/apache/ozone/hdds-hadoop-dependency-server/1.5.0-SNAPSHOT/hdds-hadoop-dependency-server-1.5.0-SNAPSHOT.jar:/home/runner/.m2/repository/org/apache/hadoop/hadoop-hdfs/3.3.6/hadoop-hdfs-3.3.6.jar:/home/runner/.m2/repository/commons-daemon/commons-daemon/1.0.13/commons-daemon-1.0.13.jar:/home/runner/.m2/repository/org/apache/ozone/hdds-server-framework/1.5.0-SNAPSHOT/hdds-server-framework-1.5.0-SNAPSHOT.jar:/home/runner/.m2/repository/org/bouncycastle/bcprov-jdk18on/1.77/bcprov-jdk18on-1.77.jar:/home/runner/.m2/repository/io/dropwizard/metrics/metrics-core/3.2.4/metrics-core-3.2.4.jar:/home/runner/.m2/repository/org/apache/commons/commons-text/1.11.0/commons-text-1.11.0.jar:/home/runner/.m2/repository/org/apache/ozone/hdds-server-framework/1.5.0-SNAPSHOT/hdds-server-framework-1.5.0-SNAPSHOT-tests.jar:/home/runner/.m2/repository/org/apache/ozone/hdds-interface-server/1.5.0-SNAPSHOT/hdds-interface-server-1.5.0-SNAPSHOT.jar:/home/runner/.m2/repository/org/apache/ozone/hdds-interface-admin/1.5.0-SNAPSHOT/hdds-interface-admin-1.5.0-SNAPSHOT.jar:/home/runner/.m2/repository/org/apache/ozone/hdds-managed-rocksdb/1.5.0-SNAPSHOT/hdds-managed-rocksdb-1.5.0-SNAPSHOT.jar:/home/runner/.m2/repository/org/rocksdb/rocksdbjni/7.7.3/rocksdbjni-7.7.3.jar:/home/runner/.m2/repository/org/slf4j/slf4j-reload4j/2.0.10/slf4j-reload4j-2.0.10.jar:/home/runner/.m2/repository/org/apache/commons/commons-configuration2/2.8.0/commons-configuration2-2.8.0.jar:/home/runner/.m2/repository/commons-fileupload/commons-fileupload/1.5/commons-fileupload-1.5.jar:/home/runner/.m2/repository/org/apache/logging/log4j/log4j-core/2.17.1/log4j-core-2.17.1.jar:/home/runner/.m2/repository/com/lmax/disruptor/3.4.2/disruptor-3.4.2.jar:/home/runner/.m2/repository/org/eclipse/jetty/jetty-util/9.4.53.v20231009/jetty-util-9.4.53.v20231009.jar:/home/runner/.m2/repository/org/eclipse/jetty/jetty-server/9.4.53.v20231009/jetty-server-9.4.53.v20231009.jar:/home/runner/.m2/repository/org/eclipse/jetty/jetty-http/9.4.53.v20231009/jetty-http-9.4.53.v20231009.jar:/home/runner/.m2/repository/org/eclipse/jetty/jetty-io/9.4.53.v20231009/jetty-io-9.4.53.v20231009.jar:/home/runner/.m2/repository/org/eclipse/jetty/jetty-servlet/9.4.53.v20231009/jetty-servlet-9.4.53.v20231009.jar:/home/runner/.m2/repository/org/eclipse/jetty/jetty-security/9.4.53.v20231009/jetty-security-9.4.53.v20231009.jar:/home/runner/.m2/repository/org/eclipse/jetty/jetty-util-ajax/9.4.53.v20231009/jetty-util-ajax-9.4.53.v20231009.jar:/home/runner/.m2/repository/org/eclipse/jetty/jetty-webapp/9.4.53.v20231009/jetty-webapp-9.4.53.v20231009.jar:/home/runner/.m2/repository/org/eclipse/jetty/jetty-xml/9.4.53.v20231009/jetty-xml-9.4.53.v20231009.jar:/home/runner/.m2/repository/org/apache/ratis/ratis-server/3.0.1/ratis-server-3.0.1.jar:/home/runner/.m2/repository/org/apache/ratis/ratis-thirdparty-misc/1.0.5/ratis-thirdparty-misc-1.0.5.jar:/home/runner/.m2/repository/org/apache/ratis/ratis-proto/3.0.1/ratis-proto-3.0.1.jar:/home/runner/.m2/repository/org/apache/ratis/ratis-common/3.0.1/ratis-common-3.0.1.jar:/home/runner/.m2/repository/org/apache/ratis/ratis-client/3.0.1/ratis-client-3.0.1.jar:/home/runner/.m2/repository/org/apache/ratis/ratis-server-api/3.0.1/ratis-server-api-3.0.1.jar:/home/runner/.m2/repository/org/apache/ratis/ratis-metrics-api/3.0.1/ratis-metrics-api-3.0.1.jar:/home/runner/.m2/repository/org/apache/ratis/ratis-metrics-dropwizard3/3.0.1/ratis-metrics-dropwizard3-3.0.1.jar:/home/runner/.m2/repository/io/prometheus/simpleclient_dropwizard/0.16.0/simpleclient_dropwizard-0.16.0.jar:/home/runner/.m2/repository/io/prometheus/simpleclient/0.16.0/simpleclient-0.16.0.jar:/home/runner/.m2/repository/io/prometheus/simpleclient_common/0.16.0/simpleclient_common-0.16.0.jar:/home/runner/.m2/repository/com/fasterxml/jackson/datatype/jackson-datatype-jsr310/2.13.4/jackson-datatype-jsr310-2.13.4.jar:/home/runner/.m2/repository/com/fasterxml/jackson/core/jackson-core/2.13.4/jackson-core-2.13.4.jar:/home/runner/.m2/repository/org/apache/ozone/rocksdb-checkpoint-differ/1.5.0-SNAPSHOT/rocksdb-checkpoint-differ-1.5.0-SNAPSHOT.jar:/home/runner/.m2/repository/org/jgrapht/jgrapht-core/1.0.1/jgrapht-core-1.0.1.jar:/home/runner/.m2/repository/org/jgrapht/jgrapht-ext/1.0.1/jgrapht-ext-1.0.1.jar:/home/runner/.m2/repository/org/tinyjee/jgraphx/jgraphx/2.0.0.1/jgraphx-2.0.0.1.jar:/home/runner/.m2/repository/jgraph/jgraph/5.13.0.0/jgraph-5.13.0.0.jar:/home/runner/.m2/repository/org/antlr/antlr4-runtime/4.5.3/antlr4-runtime-4.5.3.jar:/home/runner/.m2/repository/org/apache/ozone/ozone-manager/1.5.0-SNAPSHOT/ozone-manager-1.5.0-SNAPSHOT.jar:/home/runner/.m2/repository/org/aspectj/aspectjrt/1.9.7/aspectjrt-1.9.7.jar:/home/runner/.m2/repository/org/aspectj/aspectjweaver/1.9.7/aspectjweaver-1.9.7.jar:/home/runner/.m2/repository/org/apache/ozone/hdds-interface-client/1.5.0-SNAPSHOT/hdds-interface-client-1.5.0-SNAPSHOT.jar:/home/runner/.m2/repository/org/apache/hadoop/thirdparty/hadoop-shaded-protobuf_3_7/1.1.1/hadoop-shaded-protobuf_3_7-1.1.1.jar:/home/runner/.m2/repository/org/apache/ozone/ozone-interface-storage/1.5.0-SNAPSHOT/ozone-interface-storage-1.5.0-SNAPSHOT.jar:/home/runner/.m2/repository/org/reflections/reflections/0.9.11/reflections-0.9.11.jar:/home/runner/.m2/repository/com/sun/jersey/jersey-client/1.19.4/jersey-client-1.19.4.jar:/home/runner/.m2/repository/org/codehaus/jackson/jackson-core-asl/1.9.13/jackson-core-asl-1.9.13.jar:/home/runner/.m2/repository/org/codehaus/jackson/jackson-mapper-asl/1.9.13/jackson-mapper-asl-1.9.13.jar:/home/runner/.m2/repository/org/codehaus/jackson/jackson-jaxrs/1.9.13/jackson-jaxrs-1.9.13.jar:/home/runner/.m2/repository/org/apache/ranger/ranger-intg/2.3.0/ranger-intg-2.3.0.jar:/home/runner/.m2/repository/org/apache/ranger/ranger-plugins-common/2.3.0/ranger-plugins-common-2.3.0.jar:/home/runner/.m2/repository/commons-lang/commons-lang/2.6/commons-lang-2.6.jar:/home/runner/.m2/repository/org/apache/ranger/ranger-plugins-cred/2.3.0/ranger-plugins-cred-2.3.0.jar:/home/runner/.m2/repository/org/apache/ranger/ranger-plugins-audit/2.3.0/ranger-plugins-audit-2.3.0.jar:/home/runner/.m2/repository/org/eclipse/jetty/jetty-client/9.4.53.v20231009/jetty-client-9.4.53.v20231009.jar:/home/runner/.m2/repository/org/apache/httpcomponents/httpmime/4.5.6/httpmime-4.5.6.jar:/home/runner/.m2/repository/org/apache/httpcomponents/httpcore-nio/4.4.16/httpcore-nio-4.4.16.jar:/home/runner/.m2/repository/org/apache/httpcomponents/httpasyncclient/4.1.3/httpasyncclient-4.1.3.jar:/home/runner/.m2/repository/com/carrotsearch/hppc/0.8.0/hppc-0.8.0.jar:/home/runner/.m2/repository/org/apache/orc/orc-core/1.5.8/orc-core-1.5.8.jar:/home/runner/.m2/repository/net/java/dev/jna/jna/5.2.0/jna-5.2.0.jar:/home/runner/.m2/repository/net/java/dev/jna/jna-platform/5.2.0/jna-platform-5.2.0.jar:/home/runner/.m2/repository/com/kstruct/gethostname4j/0.0.2/gethostname4j-0.0.2.jar:/home/runner/.m2/repository/org/apache/ranger/ranger-plugin-classloader/2.3.0/ranger-plugin-classloader-2.3.0.jar:/home/runner/.m2/repository/org/apache/ozone/hdds-rocks-native/1.5.0-SNAPSHOT/hdds-rocks-native-1.5.0-SNAPSHOT.jar:/home/runner/.m2/repository/org/apache/hadoop/hadoop-minikdc/3.3.6/hadoop-minikdc-3.3.6.jar:/home/runner/.m2/repository/org/apache/kerby/kerb-simplekdc/1.0.1/kerb-simplekdc-1.0.1.jar:/home/runner/.m2/repository/org/apache/kerby/kerb-client/1.0.1/kerb-client-1.0.1.jar:/home/runner/.m2/repository/org/apache/kerby/kerby-config/1.0.1/kerby-config-1.0.1.jar:/home/runner/.m2/repository/org/apache/kerby/kerb-common/1.0.1/kerb-common-1.0.1.jar:/home/runner/.m2/repository/org/apache/kerby/kerb-crypto/1.0.1/kerb-crypto-1.0.1.jar:/home/runner/.m2/repository/org/apache/kerby/kerb-util/1.0.1/kerb-util-1.0.1.jar:/home/runner/.m2/repository/org/apache/kerby/token-provider/1.0.1/token-provider-1.0.1.jar:/home/runner/.m2/repository/org/apache/kerby/kerb-admin/1.0.1/kerb-admin-1.0.1.jar:/home/runner/.m2/repository/org/apache/kerby/kerb-server/1.0.1/kerb-server-1.0.1.jar:/home/runner/.m2/repository/org/apache/kerby/kerb-identity/1.0.1/kerb-identity-1.0.1.jar:/home/runner/.m2/repository/org/apache/kerby/kerby-xdr/1.0.1/kerby-xdr-1.0.1.jar:/home/runner/.m2/repository/junit/junit/4.13.2/junit-4.13.2.jar:/home/runner/.m2/repository/org/hamcrest/hamcrest-core/1.3/hamcrest-core-1.3.jar:/home/runner/.m2/repository/org/apache/ozone/ozone-s3gateway/1.5.0-SNAPSHOT/ozone-s3gateway-1.5.0-SNAPSHOT.jar:/home/runner/.m2/repository/org/javassist/javassist/3.21.0-GA/javassist-3.21.0-GA.jar:/home/runner/.m2/repository/org/jboss/weld/servlet/weld-servlet-shaded/3.1.9.Final/weld-servlet-shaded-3.1.9.Final.jar:/home/runner/.m2/repository/org/glassfish/jersey/containers/jersey-container-servlet-core/2.41/jersey-container-servlet-core-2.41.jar:/home/runner/.m2/repository/org/glassfish/hk2/external/jakarta.inject/2.6.1/jakarta.inject-2.6.1.jar:/home/runner/.m2/repository/org/glassfish/jersey/core/jersey-common/2.41/jersey-common-2.41.jar:/home/runner/.m2/repository/jakarta/ws/rs/jakarta.ws.rs-api/2.1.6/jakarta.ws.rs-api-2.1.6.jar:/home/runner/.m2/repository/org/glassfish/jersey/ext/cdi/jersey-cdi1x/2.41/jersey-cdi1x-2.41.jar:/home/runner/.m2/repository/org/glassfish/jersey/inject/jersey-hk2/2.41/jersey-hk2-2.41.jar:/home/runner/.m2/repository/org/glassfish/hk2/hk2-locator/2.6.1/hk2-locator-2.6.1.jar:/home/runner/.m2/repository/org/glassfish/jersey/media/jersey-media-jaxb/2.41/jersey-media-jaxb-2.41.jar:/home/runner/.m2/repository/org/glassfish/hk2/osgi-resource-locator/1.0.3/osgi-resource-locator-1.0.3.jar:/home/runner/.m2/repository/org/glassfish/hk2/hk2-api/2.6.1/hk2-api-2.6.1.jar:/home/runner/.m2/repository/org/glassfish/hk2/hk2-utils/2.6.1/hk2-utils-2.6.1.jar:/home/runner/.m2/repository/org/glassfish/hk2/external/aopalliance-repackaged/2.6.1/aopalliance-repackaged-2.6.1.jar:/home/runner/.m2/repository/com/fasterxml/jackson/dataformat/jackson-dataformat-xml/2.13.4/jackson-dataformat-xml-2.13.4.jar:/home/runner/.m2/repository/org/codehaus/woodstox/stax2-api/4.2.2/stax2-api-4.2.2.jar:/home/runner/.m2/repository/com/fasterxml/woodstox/woodstox-core/5.4.0/woodstox-core-5.4.0.jar:/home/runner/.m2/repository/com/fasterxml/jackson/module/jackson-module-jaxb-annotations/2.13.4/jackson-module-jaxb-annotations-2.13.4.jar:/home/runner/.m2/repository/javax/enterprise/cdi-api/2.0/cdi-api-2.0.jar:/home/runner/.m2/repository/javax/el/javax.el-api/3.0.0/javax.el-api-3.0.0.jar:/home/runner/.m2/repository/javax/interceptor/javax.interceptor-api/1.2/javax.interceptor-api-1.2.jar:/home/runner/.m2/repository/javax/inject/javax.inject/1/javax.inject-1.jar:/home/runner/.m2/repository/jakarta/xml/bind/jakarta.xml.bind-api/2.3.3/jakarta.xml.bind-api-2.3.3.jar:/home/runner/.m2/repository/org/glassfish/jaxb/jaxb-runtime/2.3.9/jaxb-runtime-2.3.9.jar:/home/runner/.m2/repository/org/glassfish/jaxb/txw2/2.3.9/txw2-2.3.9.jar:/home/runner/.m2/repository/com/sun/istack/istack-commons-runtime/3.0.12/istack-commons-runtime-3.0.12.jar:/home/runner/.m2/repository/com/sun/activation/jakarta.activation/1.2.2/jakarta.activation-1.2.2.jar:/home/runner/.m2/repository/jakarta/activation/jakarta.activation-api/1.2.2/jakarta.activation-api-1.2.2.jar:/home/runner/.m2/repository/io/grpc/grpc-protobuf/1.58.0/grpc-protobuf-1.58.0.jar:/home/runner/.m2/repository/com/google/api/grpc/proto-google-common-protos/2.22.0/proto-google-common-protos-2.22.0.jar:/home/runner/.m2/repository/io/grpc/grpc-protobuf-lite/1.58.0/grpc-protobuf-lite-1.58.0.jar:/home/runner/.m2/repository/io/grpc/grpc-stub/1.58.0/grpc-stub-1.58.0.jar:/home/runner/.m2/repository/io/netty/netty-transport/4.1.100.Final/netty-transport-4.1.100.Final.jar:/home/runner/.m2/repository/io/netty/netty-resolver/4.1.100.Final/netty-resolver-4.1.100.Final.jar:/home/runner/.m2/repository/org/apache/ozone/ozone-csi/1.5.0-SNAPSHOT/ozone-csi-1.5.0-SNAPSHOT.jar:/home/runner/.m2/repository/com/google/protobuf/protobuf-java-util/3.19.6/protobuf-java-util-3.19.6.jar:/home/runner/.m2/repository/com/google/code/gson/gson/2.9.0/gson-2.9.0.jar:/home/runner/.m2/repository/org/apache/ozone/hdds-config/1.5.0-SNAPSHOT/hdds-config-1.5.0-SNAPSHOT.jar:/home/runner/.m2/repository/io/netty/netty-transport-native-epoll/4.1.100.Final/netty-transport-native-epoll-4.1.100.Final-linux-x86_64.jar:/home/runner/.m2/repository/io/netty/netty-transport-classes-epoll/4.1.100.Final/netty-transport-classes-epoll-4.1.100.Final.jar:/home/runner/.m2/repository/io/netty/netty-transport-native-unix-common/4.1.100.Final/netty-transport-native-unix-common-4.1.100.Final.jar:/home/runner/.m2/repository/org/apache/ozone/ozone-recon/1.5.0-SNAPSHOT/ozone-recon-1.5.0-SNAPSHOT.jar:/home/runner/.m2/repository/org/apache/ozone/ozone-reconcodegen/1.5.0-SNAPSHOT/ozone-reconcodegen-1.5.0-SNAPSHOT.jar:/home/runner/.m2/repository/com/google/inject/guice/6.0.0/guice-6.0.0.jar:/home/runner/.m2/repository/jakarta/inject/jakarta.inject-api/2.0.1/jakarta.inject-api-2.0.1.jar:/home/runner/.m2/repository/aopalliance/aopalliance/1.0/aopalliance-1.0.jar:/home/runner/.m2/repository/com/google/inject/extensions/guice-assistedinject/6.0.0/guice-assistedinject-6.0.0.jar:/home/runner/.m2/repository/com/google/inject/extensions/guice-servlet/6.0.0/guice-servlet-6.0.0.jar:/home/runner/.m2/repository/org/glassfish/jersey/containers/jersey-container-servlet/2.41/jersey-container-servlet-2.41.jar:/home/runner/.m2/repository/org/glassfish/hk2/guice-bridge/2.6.1/guice-bridge-2.6.1.jar:/home/runner/.m2/repository/org/glassfish/jersey/core/jersey-server/2.41/jersey-server-2.41.jar:/home/runner/.m2/repository/org/glassfish/jersey/core/jersey-client/2.41/jersey-client-2.41.jar:/home/runner/.m2/repository/jakarta/validation/jakarta.validation-api/2.0.2/jakarta.validation-api-2.0.2.jar:/home/runner/.m2/repository/org/glassfish/jersey/media/jersey-media-json-jackson/2.41/jersey-media-json-jackson-2.41.jar:/home/runner/.m2/repository/org/glassfish/jersey/ext/jersey-entity-filtering/2.41/jersey-entity-filtering-2.41.jar:/home/runner/.m2/repository/org/jooq/jooq/3.11.10/jooq-3.11.10.jar:/home/runner/.m2/repository/org/jooq/jooq-meta/3.11.10/jooq-meta-3.11.10.jar:/home/runner/.m2/repository/org/jooq/jooq-codegen/3.11.10/jooq-codegen-3.11.10.jar:/home/runner/.m2/repository/com/jolbox/bonecp/0.8.0.RELEASE/bonecp-0.8.0.RELEASE.jar:/home/runner/.m2/repository/org/apache/derby/derby/10.14.2.0/derby-10.14.2.0.jar:/home/runner/.m2/repository/org/xerial/sqlite-jdbc/3.44.1.0/sqlite-jdbc-3.44.1.0.jar:/home/runner/.m2/repository/org/springframework/spring-jdbc/5.3.27/spring-jdbc-5.3.27.jar:/home/runner/.m2/repository/org/springframework/spring-beans/5.3.27/spring-beans-5.3.27.jar:/home/runner/.m2/repository/org/springframework/spring-core/5.3.27/spring-core-5.3.27.jar:/home/runner/.m2/repository/org/springframework/spring-tx/5.3.27/spring-tx-5.3.27.jar:/home/runner/.m2/repository/org/apache/ozone/ozone-client/1.5.0-SNAPSHOT/ozone-client-1.5.0-SNAPSHOT.jar:/home/runner/.m2/repository/org/apache/ozone/hdds-erasurecode/1.5.0-SNAPSHOT/hdds-erasurecode-1.5.0-SNAPSHOT.jar:/home/runner/.m2/repository/org/apache/ozone/ozone-filesystem/1.5.0-SNAPSHOT/ozone-filesystem-1.5.0-SNAPSHOT.jar:/home/runner/.m2/repository/org/apache/ozone/ozone-filesystem-common/1.5.0-SNAPSHOT/ozone-filesystem-common-1.5.0-SNAPSHOT.jar:/home/runner/.m2/repository/org/apache/ozone/ozone-tools/1.5.0-SNAPSHOT/ozone-tools-1.5.0-SNAPSHOT.jar:/home/runner/.m2/repository/com/amazonaws/aws-java-sdk-core/1.12.661/aws-java-sdk-core-1.12.661.jar:/home/runner/.m2/repository/org/apache/httpcomponents/httpclient/4.5.13/httpclient-4.5.13.jar:/home/runner/.m2/repository/org/apache/httpcomponents/httpcore/4.4.16/httpcore-4.4.16.jar:/home/runner/.m2/repository/com/fasterxml/jackson/dataformat/jackson-dataformat-cbor/2.13.4/jackson-dataformat-cbor-2.13.4.jar:/home/runner/.m2/repository/joda-time/joda-time/2.12.7/joda-time-2.12.7.jar:/home/runner/.m2/repository/com/amazonaws/aws-java-sdk-s3/1.12.661/aws-java-sdk-s3-1.12.661.jar:/home/runner/.m2/repository/com/amazonaws/aws-java-sdk-kms/1.12.661/aws-java-sdk-kms-1.12.661.jar:/home/runner/.m2/repository/com/amazonaws/jmespath-java/1.12.661/jmespath-java-1.12.661.jar:/home/runner/.m2/repository/org/kohsuke/metainf-services/metainf-services/1.8/metainf-services-1.8.jar:/home/runner/.m2/repository/org/apache/ozone/hdds-tools/1.5.0-SNAPSHOT/hdds-tools-1.5.0-SNAPSHOT.jar:/home/runner/.m2/repository/org/apache/ratis/ratis-tools/3.0.1/ratis-tools-3.0.1.jar:/home/runner/.m2/repository/commons-cli/commons-cli/1.6.0/commons-cli-1.6.0.jar:/home/runner/.m2/repository/org/apache/commons/commons-lang3/3.14.0/commons-lang3-3.14.0.jar:/home/runner/.m2/repository/org/apache/ozone/ozone-manager/1.5.0-SNAPSHOT/ozone-manager-1.5.0-SNAPSHOT-tests.jar:/home/runner/.m2/repository/org/apache/ozone/hdds-common/1.5.0-SNAPSHOT/hdds-common-1.5.0-SNAPSHOT-tests.jar:/home/runner/.m2/repository/org/apache/ozone/hdds-hadoop-dependency-client/1.5.0-SNAPSHOT/hdds-hadoop-dependency-client-1.5.0-SNAPSHOT.jar:/home/runner/.m2/repository/info/picocli/picocli/4.7.5/picocli-4.7.5.jar:/home/runner/.m2/repository/com/fasterxml/jackson/core/jackson-annotations/2.13.4/jackson-annotations-2.13.4.jar:/home/runner/.m2/repository/org/apache/ozone/hdds-annotation-processing/1.5.0-SNAPSHOT/hdds-annotation-processing-1.5.0-SNAPSHOT.jar:/home/runner/.m2/repository/javax/annotation/javax.annotation-api/1.3.2/javax.annotation-api-1.3.2.jar:/home/runner/.m2/repository/org/apache/ratis/ratis-netty/3.0.1/ratis-netty-3.0.1.jar:/home/runner/.m2/repository/org/apache/ratis/ratis-grpc/3.0.1/ratis-grpc-3.0.1.jar:/home/runner/.m2/repository/org/apache/commons/commons-pool2/2.6.0/commons-pool2-2.6.0.jar:/home/runner/.m2/repository/org/bouncycastle/bcpkix-jdk18on/1.77/bcpkix-jdk18on-1.77.jar:/home/runner/.m2/repository/org/bouncycastle/bcutil-jdk18on/1.77/bcutil-jdk18on-1.77.jar:/home/runner/.m2/repository/commons-validator/commons-validator/1.6/commons-validator-1.6.jar:/home/runner/.m2/repository/commons-beanutils/commons-beanutils/1.9.4/commons-beanutils-1.9.4.jar:/home/runner/.m2/repository/commons-digester/commons-digester/1.8.1/commons-digester-1.8.1.jar:/home/runner/.m2/repository/commons-collections/commons-collections/3.2.2/commons-collections-3.2.2.jar:/home/runner/.m2/repository/io/jaegertracing/jaeger-client/1.8.1/jaeger-client-1.8.1.jar:/home/runner/.m2/repository/io/jaegertracing/jaeger-thrift/1.8.1/jaeger-thrift-1.8.1.jar:/home/runner/.m2/repository/org/apache/thrift/libthrift/0.15.0/libthrift-0.15.0.jar:/home/runner/.m2/repository/io/jaegertracing/jaeger-core/1.8.1/jaeger-core-1.8.1.jar:/home/runner/.m2/repository/io/jaegertracing/jaeger-tracerresolver/1.8.1/jaeger-tracerresolver-1.8.1.jar:/home/runner/.m2/repository/io/opentracing/contrib/opentracing-tracerresolver/0.1.8/opentracing-tracerresolver-0.1.8.jar:/home/runner/.m2/repository/org/jetbrains/kotlin/kotlin-stdlib/1.9.22/kotlin-stdlib-1.9.22.jar:/home/runner/.m2/repository/org/jetbrains/annotations/13.0/annotations-13.0.jar:/home/runner/.m2/repository/io/opentracing/opentracing-util/0.33.0/opentracing-util-0.33.0.jar:/home/runner/.m2/repository/io/opentracing/opentracing-api/0.33.0/opentracing-api-0.33.0.jar:/home/runner/.m2/repository/io/opentracing/opentracing-noop/0.33.0/opentracing-noop-0.33.0.jar:/home/runner/.m2/repository/org/yaml/snakeyaml/2.0/snakeyaml-2.0.jar:/home/runner/.m2/repository/io/grpc/grpc-api/1.58.0/grpc-api-1.58.0.jar:/home/runner/.m2/repository/org/junit/jupiter/junit-jupiter-engine/5.10.1/junit-jupiter-engine-5.10.1.jar:/home/runner/.m2/repository/org/junit/platform/junit-platform-engine/1.10.1/junit-platform-engine-1.10.1.jar:/home/runner/.m2/repository/org/apiguardian/apiguardian-api/1.1.2/apiguardian-api-1.1.2.jar:/home/runner/.m2/repository/org/junit/platform/junit-platform-launcher/1.10.1/junit-platform-launcher-1.10.1.jar:/home/runner/.m2/repository/org/apache/hadoop/hadoop-kms/3.3.6/hadoop-kms-3.3.6.jar:/home/runner/.m2/repository/org/apache/hadoop/hadoop-auth/3.3.6/hadoop-auth-3.3.6.jar:/home/runner/.m2/repository/com/nimbusds/nimbus-jose-jwt/9.8.1/nimbus-jose-jwt-9.8.1.jar:/home/runner/.m2/repository/com/github/stephenc/jcip/jcip-annotations/1.0-1/jcip-annotations-1.0-1.jar:/home/runner/.m2/repository/org/apache/zookeeper/zookeeper/3.7.2/zookeeper-3.7.2.jar:/home/runner/.m2/repository/org/apache/zookeeper/zookeeper-jute/3.7.2/zookeeper-jute-3.7.2.jar:/home/runner/.m2/repository/org/apache/yetus/audience-annotations/0.12.0/audience-annotations-0.12.0.jar:/home/runner/.m2/repository/org/apache/curator/curator-framework/4.2.0/curator-framework-4.2.0.jar:/home/runner/.m2/repository/org/apache/hadoop/thirdparty/hadoop-shaded-guava/1.1.1/hadoop-shaded-guava-1.1.1.jar:/home/runner/.m2/repository/com/sun/jersey/jersey-core/1.19.4/jersey-core-1.19.4.jar:/home/runner/.m2/repository/javax/ws/rs/jsr311-api/1.1.1/jsr311-api-1.1.1.jar:/home/runner/.m2/repository/com/sun/jersey/jersey-server/1.19.4/jersey-server-1.19.4.jar:/home/runner/.m2/repository/javax/servlet/javax.servlet-api/3.1.0/javax.servlet-api-3.1.0.jar:/home/runner/.m2/repository/org/apache/hadoop/hadoop-common/3.3.6/hadoop-common-3.3.6.jar:/home/runner/.m2/repository/org/apache/commons/commons-math3/3.6.1/commons-math3-3.6.1.jar:/home/runner/.m2/repository/commons-net/commons-net/3.10.0/commons-net-3.10.0.jar:/home/runner/.m2/repository/com/sun/jersey/jersey-servlet/1.19.4/jersey-servlet-1.19.4.jar:/home/runner/.m2/repository/com/github/pjfanning/jersey-json/1.20/jersey-json-1.20.jar:/home/runner/.m2/repository/org/codehaus/jettison/jettison/1.1/jettison-1.1.jar:/home/runner/.m2/repository/com/sun/xml/bind/jaxb-impl/2.2.3-1/jaxb-impl-2.2.3-1.jar:/home/runner/.m2/repository/com/google/re2j/re2j/1.7/re2j-1.7.jar:/home/runner/.m2/repository/com/jcraft/jsch/0.1.54/jsch-0.1.54.jar:/home/runner/.m2/repository/org/apache/curator/curator-client/4.2.0/curator-client-4.2.0.jar:/home/runner/.m2/repository/org/apache/curator/curator-recipes/5.2.0/curator-recipes-5.2.0.jar:/home/runner/.m2/repository/com/google/code/findbugs/jsr305/3.0.2/jsr305-3.0.2.jar:/home/runner/.m2/repository/org/apache/kerby/kerb-core/1.0.1/kerb-core-1.0.1.jar:/home/runner/.m2/repository/org/apache/kerby/kerby-pkix/1.0.1/kerby-pkix-1.0.1.jar:/home/runner/.m2/repository/org/apache/kerby/kerby-asn1/1.0.1/kerby-asn1-1.0.1.jar:/home/runner/.m2/repository/org/apache/kerby/kerby-util/1.0.1/kerby-util-1.0.1.jar:/home/runner/.m2/repository/dnsjava/dnsjava/2.1.7/dnsjava-2.1.7.jar:/home/runner/.m2/repository/org/xerial/snappy/snappy-java/1.1.8.2/snappy-java-1.1.8.2.jar:/home/runner/.m2/repository/com/fasterxml/jackson/core/jackson-databind/2.13.4.2/jackson-databind-2.13.4.2.jar:/home/runner/.m2/repository/org/apache/hadoop/hadoop-kms/3.3.6/hadoop-kms-3.3.6-tests.jar:/home/runner/.m2/repository/org/apache/ozone/hdds-server-scm/1.5.0-SNAPSHOT/hdds-server-scm-1.5.0-SNAPSHOT-tests.jar:/home/runner/.m2/repository/org/apache/ozone/hdds-container-service/1.5.0-SNAPSHOT/hdds-container-service-1.5.0-SNAPSHOT-tests.jar:/home/runner/.m2/repository/com/github/luben/zstd-jni/1.5.2-5/zstd-jni-1.5.2-5.jar:/home/runner/.m2/repository/commons-codec/commons-codec/1.15/commons-codec-1.15.jar:/home/runner/.m2/repository/io/netty/netty-codec/4.1.100.Final/netty-codec-4.1.100.Final.jar:/home/runner/.m2/repository/io/netty/netty-handler/4.1.100.Final/netty-handler-4.1.100.Final.jar:/home/runner/.m2/repository/org/apache/ozone/hdds-hadoop-dependency-test/1.5.0-SNAPSHOT/hdds-hadoop-dependency-test-1.5.0-SNAPSHOT.jar:/home/runner/.m2/repository/org/apache/hadoop/hadoop-common/3.3.6/hadoop-common-3.3.6-tests.jar:/home/runner/.m2/repository/org/apache/hadoop/hadoop-hdfs/3.3.6/hadoop-hdfs-3.3.6-tests.jar:/home/runner/.m2/repository/org/junit/jupiter/junit-jupiter-params/5.10.1/junit-jupiter-params-5.10.1.jar:/home/runner/.m2/repository/org/mockito/mockito-core/4.11.0/mockito-core-4.11.0.jar:/home/runner/.m2/repository/net/bytebuddy/byte-buddy/1.12.19/byte-buddy-1.12.19.jar:/home/runner/.m2/repository/net/bytebuddy/byte-buddy-agent/1.12.19/byte-buddy-agent-1.12.19.jar:/home/runner/.m2/repository/org/objenesis/objenesis/1.0/objenesis-1.0.jar:/home/runner/.m2/repository/org/mockito/mockito-junit-jupiter/4.11.0/mockito-junit-jupiter-4.11.0.jar:/home/runner/.m2/repository/org/apache/hadoop/hadoop-distcp/3.3.6/hadoop-distcp-3.3.6.jar:/home/runner/.m2/repository/org/apache/hadoop/hadoop-mapreduce-client-jobclient/3.3.6/hadoop-mapreduce-client-jobclient-3.3.6.jar:/home/runner/.m2/repository/org/apache/hadoop/hadoop-mapreduce-client-common/3.3.6/hadoop-mapreduce-client-common-3.3.6.jar:/home/runner/.m2/repository/org/apache/hadoop/hadoop-yarn-common/3.3.6/hadoop-yarn-common-3.3.6.jar:/home/runner/.m2/repository/org/apache/hadoop/hadoop-yarn-api/3.3.6/hadoop-yarn-api-3.3.6.jar:/home/runner/.m2/repository/javax/xml/bind/jaxb-api/2.2.11/jaxb-api-2.2.11.jar:/home/runner/.m2/repository/com/sun/jersey/contribs/jersey-guice/1.19.4/jersey-guice-1.19.4.jar:/home/runner/.m2/repository/com/fasterxml/jackson/jaxrs/jackson-jaxrs-json-provider/2.13.4/jackson-jaxrs-json-provider-2.13.4.jar:/home/runner/.m2/repository/com/fasterxml/jackson/jaxrs/jackson-jaxrs-base/2.13.4/jackson-jaxrs-base-2.13.4.jar:/home/runner/.m2/repository/org/apache/hadoop/hadoop-yarn-client/3.3.6/hadoop-yarn-client-3.3.6.jar:/home/runner/.m2/repository/org/eclipse/jetty/websocket/websocket-client/9.4.51.v20230217/websocket-client-9.4.51.v20230217.jar:/home/runner/.m2/repository/org/eclipse/jetty/websocket/websocket-common/9.4.51.v20230217/websocket-common-9.4.51.v20230217.jar:/home/runner/.m2/repository/org/eclipse/jetty/websocket/websocket-api/9.4.51.v20230217/websocket-api-9.4.51.v20230217.jar:/home/runner/.m2/repository/org/jline/jline/3.9.0/jline-3.9.0.jar:/home/runner/.m2/repository/org/apache/hadoop/hadoop-mapreduce-client-core/3.3.6/hadoop-mapreduce-client-core-3.3.6.jar:/home/runner/.m2/repository/org/apache/avro/avro/1.7.7/avro-1.7.7.jar:/home/runner/.m2/repository/com/thoughtworks/paranamer/paranamer/2.3/paranamer-2.3.jar:/home/runner/.m2/repository/org/apache/hadoop/hadoop-annotations/3.3.6/hadoop-annotations-3.3.6.jar:/usr/lib/jvm/temurin-8-jdk-amd64/jre/../lib/tools.jar:/home/runner/.m2/repository/io/netty/netty/3.10.6.Final/netty-3.10.6.Final.jar:/home/runner/.m2/repository/org/apache/hadoop/hadoop-distcp/3.3.6/hadoop-distcp-3.3.6-tests.jar:/home/runner/.m2/repository/org/hamcrest/hamcrest/2.2/hamcrest-2.2.jar:/home/runner/.m2/repository/org/slf4j/jul-to-slf4j/2.0.10/jul-to-slf4j-2.0.10.jar:/home/runner/work/ozone/ozone/hadoop-ozone/integration-test/target/gradle-enterprise/test-listeners.jar:"/>
    <property name="java.vm.vendor" value="Temurin"/>
    <property name="sun.arch.data.model" value="64"/>
    <property name="test.build.dir" value="/home/runner/work/ozone/ozone/hadoop-ozone/integration-test/target/test-dir"/>
    <property name="test.cache.data" value=""/>
    <property name="java.vendor.url" value="https://adoptium.net/"/>
    <property name="user.timezone" value="Etc/UTC"/>
    <property name="maven-surefire-plugin.argLineAccessArgs" value=""/>
    <property name="os.name" value="Linux"/>
    <property name="java.vm.specification.version" value="1.8"/>
    <property name="test.build.data" value="/home/runner/work/ozone/ozone/hadoop-ozone/integration-test/target/test-dir"/>
    <property name="sun.java.launcher" value="SUN_STANDARD"/>
    <property name="sun.boot.library.path" value="/usr/lib/jvm/temurin-8-jdk-amd64/jre/lib/amd64"/>
    <property name="sun.java.command" value="/home/runner/work/ozone/ozone/hadoop-ozone/integration-test/target/surefire/surefirebooter6285237176050975414.jar /home/runner/work/ozone/ozone/hadoop-ozone/integration-test/target/surefire 2024-02-27T07-01-57_581-jvmRun1 surefire7756268388303002074tmp surefire_108486560450399535421tmp"/>
    <property name="native.lib.tmp.dir" value="/tmp"/>
    <property name="surefire.test.class.path" value="/home/runner/work/ozone/ozone/hadoop-ozone/integration-test/target/test-classes:/home/runner/work/ozone/ozone/hadoop-ozone/integration-test/target/classes:/home/runner/.m2/repository/org/apache/ozone/ozone-common/1.5.0-SNAPSHOT/ozone-common-1.5.0-SNAPSHOT.jar:/home/runner/.m2/repository/io/grpc/grpc-netty/1.58.0/grpc-netty-1.58.0.jar:/home/runner/.m2/repository/io/grpc/grpc-core/1.58.0/grpc-core-1.58.0.jar:/home/runner/.m2/repository/com/google/android/annotations/4.1.1.4/annotations-4.1.1.4.jar:/home/runner/.m2/repository/org/codehaus/mojo/animal-sniffer-annotations/1.23/animal-sniffer-annotations-1.23.jar:/home/runner/.m2/repository/io/grpc/grpc-context/1.58.0/grpc-context-1.58.0.jar:/home/runner/.m2/repository/io/grpc/grpc-util/1.58.0/grpc-util-1.58.0.jar:/home/runner/.m2/repository/com/google/errorprone/error_prone_annotations/2.2.0/error_prone_annotations-2.2.0.jar:/home/runner/.m2/repository/io/perfmark/perfmark-api/0.26.0/perfmark-api-0.26.0.jar:/home/runner/.m2/repository/io/netty/netty-codec-http2/4.1.100.Final/netty-codec-http2-4.1.100.Final.jar:/home/runner/.m2/repository/io/netty/netty-common/4.1.100.Final/netty-common-4.1.100.Final.jar:/home/runner/.m2/repository/io/netty/netty-buffer/4.1.100.Final/netty-buffer-4.1.100.Final.jar:/home/runner/.m2/repository/io/netty/netty-codec-http/4.1.100.Final/netty-codec-http-4.1.100.Final.jar:/home/runner/.m2/repository/io/netty/netty-handler-proxy/4.1.100.Final/netty-handler-proxy-4.1.100.Final.jar:/home/runner/.m2/repository/io/netty/netty-codec-socks/4.1.100.Final/netty-codec-socks-4.1.100.Final.jar:/home/runner/.m2/repository/io/netty/netty-tcnative-boringssl-static/2.0.61.Final/netty-tcnative-boringssl-static-2.0.61.Final.jar:/home/runner/.m2/repository/io/netty/netty-tcnative-classes/2.0.61.Final/netty-tcnative-classes-2.0.61.Final.jar:/home/runner/.m2/repository/io/netty/netty-tcnative-boringssl-static/2.0.61.Final/netty-tcnative-boringssl-static-2.0.61.Final-linux-x86_64.jar:/home/runner/.m2/repository/io/netty/netty-tcnative-boringssl-static/2.0.61.Final/netty-tcnative-boringssl-static-2.0.61.Final-linux-aarch_64.jar:/home/runner/.m2/repository/io/netty/netty-tcnative-boringssl-static/2.0.61.Final/netty-tcnative-boringssl-static-2.0.61.Final-osx-x86_64.jar:/home/runner/.m2/repository/io/netty/netty-tcnative-boringssl-static/2.0.61.Final/netty-tcnative-boringssl-static-2.0.61.Final-osx-aarch_64.jar:/home/runner/.m2/repository/io/netty/netty-tcnative-boringssl-static/2.0.61.Final/netty-tcnative-boringssl-static-2.0.61.Final-windows-x86_64.jar:/home/runner/.m2/repository/org/apache/commons/commons-compress/1.26.0/commons-compress-1.26.0.jar:/home/runner/.m2/repository/org/apache/ozone/hdds-common/1.5.0-SNAPSHOT/hdds-common-1.5.0-SNAPSHOT.jar:/home/runner/.m2/repository/org/apache/ozone/hdds-client/1.5.0-SNAPSHOT/hdds-client-1.5.0-SNAPSHOT.jar:/home/runner/.m2/repository/org/apache/ozone/ozone-interface-client/1.5.0-SNAPSHOT/ozone-interface-client-1.5.0-SNAPSHOT.jar:/home/runner/.m2/repository/org/apache/hadoop/hadoop-hdfs-client/3.3.6/hadoop-hdfs-client-3.3.6.jar:/home/runner/.m2/repository/com/squareup/okhttp3/okhttp/4.12.0/okhttp-4.12.0.jar:/home/runner/.m2/repository/com/squareup/okio/okio/3.6.0/okio-3.6.0.jar:/home/runner/.m2/repository/com/squareup/okio/okio-jvm/3.6.0/okio-jvm-3.6.0.jar:/home/runner/.m2/repository/org/jetbrains/kotlin/kotlin-stdlib-jdk8/1.9.22/kotlin-stdlib-jdk8-1.9.22.jar:/home/runner/.m2/repository/org/jetbrains/kotlin/kotlin-stdlib-jdk7/1.9.22/kotlin-stdlib-jdk7-1.9.22.jar:/home/runner/.m2/repository/org/jetbrains/kotlin/kotlin-stdlib-common/1.9.22/kotlin-stdlib-common-1.9.22.jar:/home/runner/.m2/repository/org/apache/ozone/hdds-test-utils/1.5.0-SNAPSHOT/hdds-test-utils-1.5.0-SNAPSHOT.jar:/home/runner/.m2/repository/org/assertj/assertj-core/3.12.2/assertj-core-3.12.2.jar:/home/runner/.m2/repository/com/google/guava/guava/32.0.0-jre/guava-32.0.0-jre.jar:/home/runner/.m2/repository/com/google/guava/failureaccess/1.0.1/failureaccess-1.0.1.jar:/home/runner/.m2/repository/com/google/guava/listenablefuture/9999.0-empty-to-avoid-conflict-with-guava/listenablefuture-9999.0-empty-to-avoid-conflict-with-guava.jar:/home/runner/.m2/repository/org/checkerframework/checker-qual/3.33.0/checker-qual-3.33.0.jar:/home/runner/.m2/repository/com/google/j2objc/j2objc-annotations/2.8/j2objc-annotations-2.8.jar:/home/runner/.m2/repository/commons-io/commons-io/2.15.1/commons-io-2.15.1.jar:/home/runner/.m2/repository/commons-logging/commons-logging/1.2/commons-logging-1.2.jar:/home/runner/.m2/repository/org/junit/jupiter/junit-jupiter-api/5.10.1/junit-jupiter-api-5.10.1.jar:/home/runner/.m2/repository/org/opentest4j/opentest4j/1.3.0/opentest4j-1.3.0.jar:/home/runner/.m2/repository/org/junit/platform/junit-platform-commons/1.10.1/junit-platform-commons-1.10.1.jar:/home/runner/.m2/repository/ch/qos/reload4j/reload4j/1.2.25/reload4j-1.2.25.jar:/home/runner/.m2/repository/jakarta/annotation/jakarta.annotation-api/2.1.1/jakarta.annotation-api-2.1.1.jar:/home/runner/.m2/repository/org/slf4j/slf4j-api/2.0.10/slf4j-api-2.0.10.jar:/home/runner/.m2/repository/org/apache/logging/log4j/log4j-api/2.17.1/log4j-api-2.17.1.jar:/home/runner/.m2/repository/org/apache/ozone/hdds-server-scm/1.5.0-SNAPSHOT/hdds-server-scm-1.5.0-SNAPSHOT.jar:/home/runner/.m2/repository/com/google/protobuf/protobuf-java/2.5.0/protobuf-java-2.5.0.jar:/home/runner/.m2/repository/org/apache/ozone/hdds-container-service/1.5.0-SNAPSHOT/hdds-container-service-1.5.0-SNAPSHOT.jar:/home/runner/.m2/repository/org/apache/ozone/hdds-hadoop-dependency-server/1.5.0-SNAPSHOT/hdds-hadoop-dependency-server-1.5.0-SNAPSHOT.jar:/home/runner/.m2/repository/org/apache/hadoop/hadoop-hdfs/3.3.6/hadoop-hdfs-3.3.6.jar:/home/runner/.m2/repository/commons-daemon/commons-daemon/1.0.13/commons-daemon-1.0.13.jar:/home/runner/.m2/repository/org/apache/ozone/hdds-server-framework/1.5.0-SNAPSHOT/hdds-server-framework-1.5.0-SNAPSHOT.jar:/home/runner/.m2/repository/org/bouncycastle/bcprov-jdk18on/1.77/bcprov-jdk18on-1.77.jar:/home/runner/.m2/repository/io/dropwizard/metrics/metrics-core/3.2.4/metrics-core-3.2.4.jar:/home/runner/.m2/repository/org/apache/commons/commons-text/1.11.0/commons-text-1.11.0.jar:/home/runner/.m2/repository/org/apache/ozone/hdds-server-framework/1.5.0-SNAPSHOT/hdds-server-framework-1.5.0-SNAPSHOT-tests.jar:/home/runner/.m2/repository/org/apache/ozone/hdds-interface-server/1.5.0-SNAPSHOT/hdds-interface-server-1.5.0-SNAPSHOT.jar:/home/runner/.m2/repository/org/apache/ozone/hdds-interface-admin/1.5.0-SNAPSHOT/hdds-interface-admin-1.5.0-SNAPSHOT.jar:/home/runner/.m2/repository/org/apache/ozone/hdds-managed-rocksdb/1.5.0-SNAPSHOT/hdds-managed-rocksdb-1.5.0-SNAPSHOT.jar:/home/runner/.m2/repository/org/rocksdb/rocksdbjni/7.7.3/rocksdbjni-7.7.3.jar:/home/runner/.m2/repository/org/slf4j/slf4j-reload4j/2.0.10/slf4j-reload4j-2.0.10.jar:/home/runner/.m2/repository/org/apache/commons/commons-configuration2/2.8.0/commons-configuration2-2.8.0.jar:/home/runner/.m2/repository/commons-fileupload/commons-fileupload/1.5/commons-fileupload-1.5.jar:/home/runner/.m2/repository/org/apache/logging/log4j/log4j-core/2.17.1/log4j-core-2.17.1.jar:/home/runner/.m2/repository/com/lmax/disruptor/3.4.2/disruptor-3.4.2.jar:/home/runner/.m2/repository/org/eclipse/jetty/jetty-util/9.4.53.v20231009/jetty-util-9.4.53.v20231009.jar:/home/runner/.m2/repository/org/eclipse/jetty/jetty-server/9.4.53.v20231009/jetty-server-9.4.53.v20231009.jar:/home/runner/.m2/repository/org/eclipse/jetty/jetty-http/9.4.53.v20231009/jetty-http-9.4.53.v20231009.jar:/home/runner/.m2/repository/org/eclipse/jetty/jetty-io/9.4.53.v20231009/jetty-io-9.4.53.v20231009.jar:/home/runner/.m2/repository/org/eclipse/jetty/jetty-servlet/9.4.53.v20231009/jetty-servlet-9.4.53.v20231009.jar:/home/runner/.m2/repository/org/eclipse/jetty/jetty-security/9.4.53.v20231009/jetty-security-9.4.53.v20231009.jar:/home/runner/.m2/repository/org/eclipse/jetty/jetty-util-ajax/9.4.53.v20231009/jetty-util-ajax-9.4.53.v20231009.jar:/home/runner/.m2/repository/org/eclipse/jetty/jetty-webapp/9.4.53.v20231009/jetty-webapp-9.4.53.v20231009.jar:/home/runner/.m2/repository/org/eclipse/jetty/jetty-xml/9.4.53.v20231009/jetty-xml-9.4.53.v20231009.jar:/home/runner/.m2/repository/org/apache/ratis/ratis-server/3.0.1/ratis-server-3.0.1.jar:/home/runner/.m2/repository/org/apache/ratis/ratis-thirdparty-misc/1.0.5/ratis-thirdparty-misc-1.0.5.jar:/home/runner/.m2/repository/org/apache/ratis/ratis-proto/3.0.1/ratis-proto-3.0.1.jar:/home/runner/.m2/repository/org/apache/ratis/ratis-common/3.0.1/ratis-common-3.0.1.jar:/home/runner/.m2/repository/org/apache/ratis/ratis-client/3.0.1/ratis-client-3.0.1.jar:/home/runner/.m2/repository/org/apache/ratis/ratis-server-api/3.0.1/ratis-server-api-3.0.1.jar:/home/runner/.m2/repository/org/apache/ratis/ratis-metrics-api/3.0.1/ratis-metrics-api-3.0.1.jar:/home/runner/.m2/repository/org/apache/ratis/ratis-metrics-dropwizard3/3.0.1/ratis-metrics-dropwizard3-3.0.1.jar:/home/runner/.m2/repository/io/prometheus/simpleclient_dropwizard/0.16.0/simpleclient_dropwizard-0.16.0.jar:/home/runner/.m2/repository/io/prometheus/simpleclient/0.16.0/simpleclient-0.16.0.jar:/home/runner/.m2/repository/io/prometheus/simpleclient_common/0.16.0/simpleclient_common-0.16.0.jar:/home/runner/.m2/repository/com/fasterxml/jackson/datatype/jackson-datatype-jsr310/2.13.4/jackson-datatype-jsr310-2.13.4.jar:/home/runner/.m2/repository/com/fasterxml/jackson/core/jackson-core/2.13.4/jackson-core-2.13.4.jar:/home/runner/.m2/repository/org/apache/ozone/rocksdb-checkpoint-differ/1.5.0-SNAPSHOT/rocksdb-checkpoint-differ-1.5.0-SNAPSHOT.jar:/home/runner/.m2/repository/org/jgrapht/jgrapht-core/1.0.1/jgrapht-core-1.0.1.jar:/home/runner/.m2/repository/org/jgrapht/jgrapht-ext/1.0.1/jgrapht-ext-1.0.1.jar:/home/runner/.m2/repository/org/tinyjee/jgraphx/jgraphx/2.0.0.1/jgraphx-2.0.0.1.jar:/home/runner/.m2/repository/jgraph/jgraph/5.13.0.0/jgraph-5.13.0.0.jar:/home/runner/.m2/repository/org/antlr/antlr4-runtime/4.5.3/antlr4-runtime-4.5.3.jar:/home/runner/.m2/repository/org/apache/ozone/ozone-manager/1.5.0-SNAPSHOT/ozone-manager-1.5.0-SNAPSHOT.jar:/home/runner/.m2/repository/org/aspectj/aspectjrt/1.9.7/aspectjrt-1.9.7.jar:/home/runner/.m2/repository/org/aspectj/aspectjweaver/1.9.7/aspectjweaver-1.9.7.jar:/home/runner/.m2/repository/org/apache/ozone/hdds-interface-client/1.5.0-SNAPSHOT/hdds-interface-client-1.5.0-SNAPSHOT.jar:/home/runner/.m2/repository/org/apache/hadoop/thirdparty/hadoop-shaded-protobuf_3_7/1.1.1/hadoop-shaded-protobuf_3_7-1.1.1.jar:/home/runner/.m2/repository/org/apache/ozone/ozone-interface-storage/1.5.0-SNAPSHOT/ozone-interface-storage-1.5.0-SNAPSHOT.jar:/home/runner/.m2/repository/org/reflections/reflections/0.9.11/reflections-0.9.11.jar:/home/runner/.m2/repository/com/sun/jersey/jersey-client/1.19.4/jersey-client-1.19.4.jar:/home/runner/.m2/repository/org/codehaus/jackson/jackson-core-asl/1.9.13/jackson-core-asl-1.9.13.jar:/home/runner/.m2/repository/org/codehaus/jackson/jackson-mapper-asl/1.9.13/jackson-mapper-asl-1.9.13.jar:/home/runner/.m2/repository/org/codehaus/jackson/jackson-jaxrs/1.9.13/jackson-jaxrs-1.9.13.jar:/home/runner/.m2/repository/org/apache/ranger/ranger-intg/2.3.0/ranger-intg-2.3.0.jar:/home/runner/.m2/repository/org/apache/ranger/ranger-plugins-common/2.3.0/ranger-plugins-common-2.3.0.jar:/home/runner/.m2/repository/commons-lang/commons-lang/2.6/commons-lang-2.6.jar:/home/runner/.m2/repository/org/apache/ranger/ranger-plugins-cred/2.3.0/ranger-plugins-cred-2.3.0.jar:/home/runner/.m2/repository/org/apache/ranger/ranger-plugins-audit/2.3.0/ranger-plugins-audit-2.3.0.jar:/home/runner/.m2/repository/org/eclipse/jetty/jetty-client/9.4.53.v20231009/jetty-client-9.4.53.v20231009.jar:/home/runner/.m2/repository/org/apache/httpcomponents/httpmime/4.5.6/httpmime-4.5.6.jar:/home/runner/.m2/repository/org/apache/httpcomponents/httpcore-nio/4.4.16/httpcore-nio-4.4.16.jar:/home/runner/.m2/repository/org/apache/httpcomponents/httpasyncclient/4.1.3/httpasyncclient-4.1.3.jar:/home/runner/.m2/repository/com/carrotsearch/hppc/0.8.0/hppc-0.8.0.jar:/home/runner/.m2/repository/org/apache/orc/orc-core/1.5.8/orc-core-1.5.8.jar:/home/runner/.m2/repository/net/java/dev/jna/jna/5.2.0/jna-5.2.0.jar:/home/runner/.m2/repository/net/java/dev/jna/jna-platform/5.2.0/jna-platform-5.2.0.jar:/home/runner/.m2/repository/com/kstruct/gethostname4j/0.0.2/gethostname4j-0.0.2.jar:/home/runner/.m2/repository/org/apache/ranger/ranger-plugin-classloader/2.3.0/ranger-plugin-classloader-2.3.0.jar:/home/runner/.m2/repository/org/apache/ozone/hdds-rocks-native/1.5.0-SNAPSHOT/hdds-rocks-native-1.5.0-SNAPSHOT.jar:/home/runner/.m2/repository/org/apache/hadoop/hadoop-minikdc/3.3.6/hadoop-minikdc-3.3.6.jar:/home/runner/.m2/repository/org/apache/kerby/kerb-simplekdc/1.0.1/kerb-simplekdc-1.0.1.jar:/home/runner/.m2/repository/org/apache/kerby/kerb-client/1.0.1/kerb-client-1.0.1.jar:/home/runner/.m2/repository/org/apache/kerby/kerby-config/1.0.1/kerby-config-1.0.1.jar:/home/runner/.m2/repository/org/apache/kerby/kerb-common/1.0.1/kerb-common-1.0.1.jar:/home/runner/.m2/repository/org/apache/kerby/kerb-crypto/1.0.1/kerb-crypto-1.0.1.jar:/home/runner/.m2/repository/org/apache/kerby/kerb-util/1.0.1/kerb-util-1.0.1.jar:/home/runner/.m2/repository/org/apache/kerby/token-provider/1.0.1/token-provider-1.0.1.jar:/home/runner/.m2/repository/org/apache/kerby/kerb-admin/1.0.1/kerb-admin-1.0.1.jar:/home/runner/.m2/repository/org/apache/kerby/kerb-server/1.0.1/kerb-server-1.0.1.jar:/home/runner/.m2/repository/org/apache/kerby/kerb-identity/1.0.1/kerb-identity-1.0.1.jar:/home/runner/.m2/repository/org/apache/kerby/kerby-xdr/1.0.1/kerby-xdr-1.0.1.jar:/home/runner/.m2/repository/junit/junit/4.13.2/junit-4.13.2.jar:/home/runner/.m2/repository/org/hamcrest/hamcrest-core/1.3/hamcrest-core-1.3.jar:/home/runner/.m2/repository/org/apache/ozone/ozone-s3gateway/1.5.0-SNAPSHOT/ozone-s3gateway-1.5.0-SNAPSHOT.jar:/home/runner/.m2/repository/org/javassist/javassist/3.21.0-GA/javassist-3.21.0-GA.jar:/home/runner/.m2/repository/org/jboss/weld/servlet/weld-servlet-shaded/3.1.9.Final/weld-servlet-shaded-3.1.9.Final.jar:/home/runner/.m2/repository/org/glassfish/jersey/containers/jersey-container-servlet-core/2.41/jersey-container-servlet-core-2.41.jar:/home/runner/.m2/repository/org/glassfish/hk2/external/jakarta.inject/2.6.1/jakarta.inject-2.6.1.jar:/home/runner/.m2/repository/org/glassfish/jersey/core/jersey-common/2.41/jersey-common-2.41.jar:/home/runner/.m2/repository/jakarta/ws/rs/jakarta.ws.rs-api/2.1.6/jakarta.ws.rs-api-2.1.6.jar:/home/runner/.m2/repository/org/glassfish/jersey/ext/cdi/jersey-cdi1x/2.41/jersey-cdi1x-2.41.jar:/home/runner/.m2/repository/org/glassfish/jersey/inject/jersey-hk2/2.41/jersey-hk2-2.41.jar:/home/runner/.m2/repository/org/glassfish/hk2/hk2-locator/2.6.1/hk2-locator-2.6.1.jar:/home/runner/.m2/repository/org/glassfish/jersey/media/jersey-media-jaxb/2.41/jersey-media-jaxb-2.41.jar:/home/runner/.m2/repository/org/glassfish/hk2/osgi-resource-locator/1.0.3/osgi-resource-locator-1.0.3.jar:/home/runner/.m2/repository/org/glassfish/hk2/hk2-api/2.6.1/hk2-api-2.6.1.jar:/home/runner/.m2/repository/org/glassfish/hk2/hk2-utils/2.6.1/hk2-utils-2.6.1.jar:/home/runner/.m2/repository/org/glassfish/hk2/external/aopalliance-repackaged/2.6.1/aopalliance-repackaged-2.6.1.jar:/home/runner/.m2/repository/com/fasterxml/jackson/dataformat/jackson-dataformat-xml/2.13.4/jackson-dataformat-xml-2.13.4.jar:/home/runner/.m2/repository/org/codehaus/woodstox/stax2-api/4.2.2/stax2-api-4.2.2.jar:/home/runner/.m2/repository/com/fasterxml/woodstox/woodstox-core/5.4.0/woodstox-core-5.4.0.jar:/home/runner/.m2/repository/com/fasterxml/jackson/module/jackson-module-jaxb-annotations/2.13.4/jackson-module-jaxb-annotations-2.13.4.jar:/home/runner/.m2/repository/javax/enterprise/cdi-api/2.0/cdi-api-2.0.jar:/home/runner/.m2/repository/javax/el/javax.el-api/3.0.0/javax.el-api-3.0.0.jar:/home/runner/.m2/repository/javax/interceptor/javax.interceptor-api/1.2/javax.interceptor-api-1.2.jar:/home/runner/.m2/repository/javax/inject/javax.inject/1/javax.inject-1.jar:/home/runner/.m2/repository/jakarta/xml/bind/jakarta.xml.bind-api/2.3.3/jakarta.xml.bind-api-2.3.3.jar:/home/runner/.m2/repository/org/glassfish/jaxb/jaxb-runtime/2.3.9/jaxb-runtime-2.3.9.jar:/home/runner/.m2/repository/org/glassfish/jaxb/txw2/2.3.9/txw2-2.3.9.jar:/home/runner/.m2/repository/com/sun/istack/istack-commons-runtime/3.0.12/istack-commons-runtime-3.0.12.jar:/home/runner/.m2/repository/com/sun/activation/jakarta.activation/1.2.2/jakarta.activation-1.2.2.jar:/home/runner/.m2/repository/jakarta/activation/jakarta.activation-api/1.2.2/jakarta.activation-api-1.2.2.jar:/home/runner/.m2/repository/io/grpc/grpc-protobuf/1.58.0/grpc-protobuf-1.58.0.jar:/home/runner/.m2/repository/com/google/api/grpc/proto-google-common-protos/2.22.0/proto-google-common-protos-2.22.0.jar:/home/runner/.m2/repository/io/grpc/grpc-protobuf-lite/1.58.0/grpc-protobuf-lite-1.58.0.jar:/home/runner/.m2/repository/io/grpc/grpc-stub/1.58.0/grpc-stub-1.58.0.jar:/home/runner/.m2/repository/io/netty/netty-transport/4.1.100.Final/netty-transport-4.1.100.Final.jar:/home/runner/.m2/repository/io/netty/netty-resolver/4.1.100.Final/netty-resolver-4.1.100.Final.jar:/home/runner/.m2/repository/org/apache/ozone/ozone-csi/1.5.0-SNAPSHOT/ozone-csi-1.5.0-SNAPSHOT.jar:/home/runner/.m2/repository/com/google/protobuf/protobuf-java-util/3.19.6/protobuf-java-util-3.19.6.jar:/home/runner/.m2/repository/com/google/code/gson/gson/2.9.0/gson-2.9.0.jar:/home/runner/.m2/repository/org/apache/ozone/hdds-config/1.5.0-SNAPSHOT/hdds-config-1.5.0-SNAPSHOT.jar:/home/runner/.m2/repository/io/netty/netty-transport-native-epoll/4.1.100.Final/netty-transport-native-epoll-4.1.100.Final-linux-x86_64.jar:/home/runner/.m2/repository/io/netty/netty-transport-classes-epoll/4.1.100.Final/netty-transport-classes-epoll-4.1.100.Final.jar:/home/runner/.m2/repository/io/netty/netty-transport-native-unix-common/4.1.100.Final/netty-transport-native-unix-common-4.1.100.Final.jar:/home/runner/.m2/repository/org/apache/ozone/ozone-recon/1.5.0-SNAPSHOT/ozone-recon-1.5.0-SNAPSHOT.jar:/home/runner/.m2/repository/org/apache/ozone/ozone-reconcodegen/1.5.0-SNAPSHOT/ozone-reconcodegen-1.5.0-SNAPSHOT.jar:/home/runner/.m2/repository/com/google/inject/guice/6.0.0/guice-6.0.0.jar:/home/runner/.m2/repository/jakarta/inject/jakarta.inject-api/2.0.1/jakarta.inject-api-2.0.1.jar:/home/runner/.m2/repository/aopalliance/aopalliance/1.0/aopalliance-1.0.jar:/home/runner/.m2/repository/com/google/inject/extensions/guice-assistedinject/6.0.0/guice-assistedinject-6.0.0.jar:/home/runner/.m2/repository/com/google/inject/extensions/guice-servlet/6.0.0/guice-servlet-6.0.0.jar:/home/runner/.m2/repository/org/glassfish/jersey/containers/jersey-container-servlet/2.41/jersey-container-servlet-2.41.jar:/home/runner/.m2/repository/org/glassfish/hk2/guice-bridge/2.6.1/guice-bridge-2.6.1.jar:/home/runner/.m2/repository/org/glassfish/jersey/core/jersey-server/2.41/jersey-server-2.41.jar:/home/runner/.m2/repository/org/glassfish/jersey/core/jersey-client/2.41/jersey-client-2.41.jar:/home/runner/.m2/repository/jakarta/validation/jakarta.validation-api/2.0.2/jakarta.validation-api-2.0.2.jar:/home/runner/.m2/repository/org/glassfish/jersey/media/jersey-media-json-jackson/2.41/jersey-media-json-jackson-2.41.jar:/home/runner/.m2/repository/org/glassfish/jersey/ext/jersey-entity-filtering/2.41/jersey-entity-filtering-2.41.jar:/home/runner/.m2/repository/org/jooq/jooq/3.11.10/jooq-3.11.10.jar:/home/runner/.m2/repository/org/jooq/jooq-meta/3.11.10/jooq-meta-3.11.10.jar:/home/runner/.m2/repository/org/jooq/jooq-codegen/3.11.10/jooq-codegen-3.11.10.jar:/home/runner/.m2/repository/com/jolbox/bonecp/0.8.0.RELEASE/bonecp-0.8.0.RELEASE.jar:/home/runner/.m2/repository/org/apache/derby/derby/10.14.2.0/derby-10.14.2.0.jar:/home/runner/.m2/repository/org/xerial/sqlite-jdbc/3.44.1.0/sqlite-jdbc-3.44.1.0.jar:/home/runner/.m2/repository/org/springframework/spring-jdbc/5.3.27/spring-jdbc-5.3.27.jar:/home/runner/.m2/repository/org/springframework/spring-beans/5.3.27/spring-beans-5.3.27.jar:/home/runner/.m2/repository/org/springframework/spring-core/5.3.27/spring-core-5.3.27.jar:/home/runner/.m2/repository/org/springframework/spring-tx/5.3.27/spring-tx-5.3.27.jar:/home/runner/.m2/repository/org/apache/ozone/ozone-client/1.5.0-SNAPSHOT/ozone-client-1.5.0-SNAPSHOT.jar:/home/runner/.m2/repository/org/apache/ozone/hdds-erasurecode/1.5.0-SNAPSHOT/hdds-erasurecode-1.5.0-SNAPSHOT.jar:/home/runner/.m2/repository/org/apache/ozone/ozone-filesystem/1.5.0-SNAPSHOT/ozone-filesystem-1.5.0-SNAPSHOT.jar:/home/runner/.m2/repository/org/apache/ozone/ozone-filesystem-common/1.5.0-SNAPSHOT/ozone-filesystem-common-1.5.0-SNAPSHOT.jar:/home/runner/.m2/repository/org/apache/ozone/ozone-tools/1.5.0-SNAPSHOT/ozone-tools-1.5.0-SNAPSHOT.jar:/home/runner/.m2/repository/com/amazonaws/aws-java-sdk-core/1.12.661/aws-java-sdk-core-1.12.661.jar:/home/runner/.m2/repository/org/apache/httpcomponents/httpclient/4.5.13/httpclient-4.5.13.jar:/home/runner/.m2/repository/org/apache/httpcomponents/httpcore/4.4.16/httpcore-4.4.16.jar:/home/runner/.m2/repository/com/fasterxml/jackson/dataformat/jackson-dataformat-cbor/2.13.4/jackson-dataformat-cbor-2.13.4.jar:/home/runner/.m2/repository/joda-time/joda-time/2.12.7/joda-time-2.12.7.jar:/home/runner/.m2/repository/com/amazonaws/aws-java-sdk-s3/1.12.661/aws-java-sdk-s3-1.12.661.jar:/home/runner/.m2/repository/com/amazonaws/aws-java-sdk-kms/1.12.661/aws-java-sdk-kms-1.12.661.jar:/home/runner/.m2/repository/com/amazonaws/jmespath-java/1.12.661/jmespath-java-1.12.661.jar:/home/runner/.m2/repository/org/kohsuke/metainf-services/metainf-services/1.8/metainf-services-1.8.jar:/home/runner/.m2/repository/org/apache/ozone/hdds-tools/1.5.0-SNAPSHOT/hdds-tools-1.5.0-SNAPSHOT.jar:/home/runner/.m2/repository/org/apache/ratis/ratis-tools/3.0.1/ratis-tools-3.0.1.jar:/home/runner/.m2/repository/commons-cli/commons-cli/1.6.0/commons-cli-1.6.0.jar:/home/runner/.m2/repository/org/apache/commons/commons-lang3/3.14.0/commons-lang3-3.14.0.jar:/home/runner/.m2/repository/org/apache/ozone/ozone-manager/1.5.0-SNAPSHOT/ozone-manager-1.5.0-SNAPSHOT-tests.jar:/home/runner/.m2/repository/org/apache/ozone/hdds-common/1.5.0-SNAPSHOT/hdds-common-1.5.0-SNAPSHOT-tests.jar:/home/runner/.m2/repository/org/apache/ozone/hdds-hadoop-dependency-client/1.5.0-SNAPSHOT/hdds-hadoop-dependency-client-1.5.0-SNAPSHOT.jar:/home/runner/.m2/repository/info/picocli/picocli/4.7.5/picocli-4.7.5.jar:/home/runner/.m2/repository/com/fasterxml/jackson/core/jackson-annotations/2.13.4/jackson-annotations-2.13.4.jar:/home/runner/.m2/repository/org/apache/ozone/hdds-annotation-processing/1.5.0-SNAPSHOT/hdds-annotation-processing-1.5.0-SNAPSHOT.jar:/home/runner/.m2/repository/javax/annotation/javax.annotation-api/1.3.2/javax.annotation-api-1.3.2.jar:/home/runner/.m2/repository/org/apache/ratis/ratis-netty/3.0.1/ratis-netty-3.0.1.jar:/home/runner/.m2/repository/org/apache/ratis/ratis-grpc/3.0.1/ratis-grpc-3.0.1.jar:/home/runner/.m2/repository/org/apache/commons/commons-pool2/2.6.0/commons-pool2-2.6.0.jar:/home/runner/.m2/repository/org/bouncycastle/bcpkix-jdk18on/1.77/bcpkix-jdk18on-1.77.jar:/home/runner/.m2/repository/org/bouncycastle/bcutil-jdk18on/1.77/bcutil-jdk18on-1.77.jar:/home/runner/.m2/repository/commons-validator/commons-validator/1.6/commons-validator-1.6.jar:/home/runner/.m2/repository/commons-beanutils/commons-beanutils/1.9.4/commons-beanutils-1.9.4.jar:/home/runner/.m2/repository/commons-digester/commons-digester/1.8.1/commons-digester-1.8.1.jar:/home/runner/.m2/repository/commons-collections/commons-collections/3.2.2/commons-collections-3.2.2.jar:/home/runner/.m2/repository/io/jaegertracing/jaeger-client/1.8.1/jaeger-client-1.8.1.jar:/home/runner/.m2/repository/io/jaegertracing/jaeger-thrift/1.8.1/jaeger-thrift-1.8.1.jar:/home/runner/.m2/repository/org/apache/thrift/libthrift/0.15.0/libthrift-0.15.0.jar:/home/runner/.m2/repository/io/jaegertracing/jaeger-core/1.8.1/jaeger-core-1.8.1.jar:/home/runner/.m2/repository/io/jaegertracing/jaeger-tracerresolver/1.8.1/jaeger-tracerresolver-1.8.1.jar:/home/runner/.m2/repository/io/opentracing/contrib/opentracing-tracerresolver/0.1.8/opentracing-tracerresolver-0.1.8.jar:/home/runner/.m2/repository/org/jetbrains/kotlin/kotlin-stdlib/1.9.22/kotlin-stdlib-1.9.22.jar:/home/runner/.m2/repository/org/jetbrains/annotations/13.0/annotations-13.0.jar:/home/runner/.m2/repository/io/opentracing/opentracing-util/0.33.0/opentracing-util-0.33.0.jar:/home/runner/.m2/repository/io/opentracing/opentracing-api/0.33.0/opentracing-api-0.33.0.jar:/home/runner/.m2/repository/io/opentracing/opentracing-noop/0.33.0/opentracing-noop-0.33.0.jar:/home/runner/.m2/repository/org/yaml/snakeyaml/2.0/snakeyaml-2.0.jar:/home/runner/.m2/repository/io/grpc/grpc-api/1.58.0/grpc-api-1.58.0.jar:/home/runner/.m2/repository/org/junit/jupiter/junit-jupiter-engine/5.10.1/junit-jupiter-engine-5.10.1.jar:/home/runner/.m2/repository/org/junit/platform/junit-platform-engine/1.10.1/junit-platform-engine-1.10.1.jar:/home/runner/.m2/repository/org/apiguardian/apiguardian-api/1.1.2/apiguardian-api-1.1.2.jar:/home/runner/.m2/repository/org/junit/platform/junit-platform-launcher/1.10.1/junit-platform-launcher-1.10.1.jar:/home/runner/.m2/repository/org/apache/hadoop/hadoop-kms/3.3.6/hadoop-kms-3.3.6.jar:/home/runner/.m2/repository/org/apache/hadoop/hadoop-auth/3.3.6/hadoop-auth-3.3.6.jar:/home/runner/.m2/repository/com/nimbusds/nimbus-jose-jwt/9.8.1/nimbus-jose-jwt-9.8.1.jar:/home/runner/.m2/repository/com/github/stephenc/jcip/jcip-annotations/1.0-1/jcip-annotations-1.0-1.jar:/home/runner/.m2/repository/org/apache/zookeeper/zookeeper/3.7.2/zookeeper-3.7.2.jar:/home/runner/.m2/repository/org/apache/zookeeper/zookeeper-jute/3.7.2/zookeeper-jute-3.7.2.jar:/home/runner/.m2/repository/org/apache/yetus/audience-annotations/0.12.0/audience-annotations-0.12.0.jar:/home/runner/.m2/repository/org/apache/curator/curator-framework/4.2.0/curator-framework-4.2.0.jar:/home/runner/.m2/repository/org/apache/hadoop/thirdparty/hadoop-shaded-guava/1.1.1/hadoop-shaded-guava-1.1.1.jar:/home/runner/.m2/repository/com/sun/jersey/jersey-core/1.19.4/jersey-core-1.19.4.jar:/home/runner/.m2/repository/javax/ws/rs/jsr311-api/1.1.1/jsr311-api-1.1.1.jar:/home/runner/.m2/repository/com/sun/jersey/jersey-server/1.19.4/jersey-server-1.19.4.jar:/home/runner/.m2/repository/javax/servlet/javax.servlet-api/3.1.0/javax.servlet-api-3.1.0.jar:/home/runner/.m2/repository/org/apache/hadoop/hadoop-common/3.3.6/hadoop-common-3.3.6.jar:/home/runner/.m2/repository/org/apache/commons/commons-math3/3.6.1/commons-math3-3.6.1.jar:/home/runner/.m2/repository/commons-net/commons-net/3.10.0/commons-net-3.10.0.jar:/home/runner/.m2/repository/com/sun/jersey/jersey-servlet/1.19.4/jersey-servlet-1.19.4.jar:/home/runner/.m2/repository/com/github/pjfanning/jersey-json/1.20/jersey-json-1.20.jar:/home/runner/.m2/repository/org/codehaus/jettison/jettison/1.1/jettison-1.1.jar:/home/runner/.m2/repository/com/sun/xml/bind/jaxb-impl/2.2.3-1/jaxb-impl-2.2.3-1.jar:/home/runner/.m2/repository/com/google/re2j/re2j/1.7/re2j-1.7.jar:/home/runner/.m2/repository/com/jcraft/jsch/0.1.54/jsch-0.1.54.jar:/home/runner/.m2/repository/org/apache/curator/curator-client/4.2.0/curator-client-4.2.0.jar:/home/runner/.m2/repository/org/apache/curator/curator-recipes/5.2.0/curator-recipes-5.2.0.jar:/home/runner/.m2/repository/com/google/code/findbugs/jsr305/3.0.2/jsr305-3.0.2.jar:/home/runner/.m2/repository/org/apache/kerby/kerb-core/1.0.1/kerb-core-1.0.1.jar:/home/runner/.m2/repository/org/apache/kerby/kerby-pkix/1.0.1/kerby-pkix-1.0.1.jar:/home/runner/.m2/repository/org/apache/kerby/kerby-asn1/1.0.1/kerby-asn1-1.0.1.jar:/home/runner/.m2/repository/org/apache/kerby/kerby-util/1.0.1/kerby-util-1.0.1.jar:/home/runner/.m2/repository/dnsjava/dnsjava/2.1.7/dnsjava-2.1.7.jar:/home/runner/.m2/repository/org/xerial/snappy/snappy-java/1.1.8.2/snappy-java-1.1.8.2.jar:/home/runner/.m2/repository/com/fasterxml/jackson/core/jackson-databind/2.13.4.2/jackson-databind-2.13.4.2.jar:/home/runner/.m2/repository/org/apache/hadoop/hadoop-kms/3.3.6/hadoop-kms-3.3.6-tests.jar:/home/runner/.m2/repository/org/apache/ozone/hdds-server-scm/1.5.0-SNAPSHOT/hdds-server-scm-1.5.0-SNAPSHOT-tests.jar:/home/runner/.m2/repository/org/apache/ozone/hdds-container-service/1.5.0-SNAPSHOT/hdds-container-service-1.5.0-SNAPSHOT-tests.jar:/home/runner/.m2/repository/com/github/luben/zstd-jni/1.5.2-5/zstd-jni-1.5.2-5.jar:/home/runner/.m2/repository/commons-codec/commons-codec/1.15/commons-codec-1.15.jar:/home/runner/.m2/repository/io/netty/netty-codec/4.1.100.Final/netty-codec-4.1.100.Final.jar:/home/runner/.m2/repository/io/netty/netty-handler/4.1.100.Final/netty-handler-4.1.100.Final.jar:/home/runner/.m2/repository/org/apache/ozone/hdds-hadoop-dependency-test/1.5.0-SNAPSHOT/hdds-hadoop-dependency-test-1.5.0-SNAPSHOT.jar:/home/runner/.m2/repository/org/apache/hadoop/hadoop-common/3.3.6/hadoop-common-3.3.6-tests.jar:/home/runner/.m2/repository/org/apache/hadoop/hadoop-hdfs/3.3.6/hadoop-hdfs-3.3.6-tests.jar:/home/runner/.m2/repository/org/junit/jupiter/junit-jupiter-params/5.10.1/junit-jupiter-params-5.10.1.jar:/home/runner/.m2/repository/org/mockito/mockito-core/4.11.0/mockito-core-4.11.0.jar:/home/runner/.m2/repository/net/bytebuddy/byte-buddy/1.12.19/byte-buddy-1.12.19.jar:/home/runner/.m2/repository/net/bytebuddy/byte-buddy-agent/1.12.19/byte-buddy-agent-1.12.19.jar:/home/runner/.m2/repository/org/objenesis/objenesis/1.0/objenesis-1.0.jar:/home/runner/.m2/repository/org/mockito/mockito-junit-jupiter/4.11.0/mockito-junit-jupiter-4.11.0.jar:/home/runner/.m2/repository/org/apache/hadoop/hadoop-distcp/3.3.6/hadoop-distcp-3.3.6.jar:/home/runner/.m2/repository/org/apache/hadoop/hadoop-mapreduce-client-jobclient/3.3.6/hadoop-mapreduce-client-jobclient-3.3.6.jar:/home/runner/.m2/repository/org/apache/hadoop/hadoop-mapreduce-client-common/3.3.6/hadoop-mapreduce-client-common-3.3.6.jar:/home/runner/.m2/repository/org/apache/hadoop/hadoop-yarn-common/3.3.6/hadoop-yarn-common-3.3.6.jar:/home/runner/.m2/repository/org/apache/hadoop/hadoop-yarn-api/3.3.6/hadoop-yarn-api-3.3.6.jar:/home/runner/.m2/repository/javax/xml/bind/jaxb-api/2.2.11/jaxb-api-2.2.11.jar:/home/runner/.m2/repository/com/sun/jersey/contribs/jersey-guice/1.19.4/jersey-guice-1.19.4.jar:/home/runner/.m2/repository/com/fasterxml/jackson/jaxrs/jackson-jaxrs-json-provider/2.13.4/jackson-jaxrs-json-provider-2.13.4.jar:/home/runner/.m2/repository/com/fasterxml/jackson/jaxrs/jackson-jaxrs-base/2.13.4/jackson-jaxrs-base-2.13.4.jar:/home/runner/.m2/repository/org/apache/hadoop/hadoop-yarn-client/3.3.6/hadoop-yarn-client-3.3.6.jar:/home/runner/.m2/repository/org/eclipse/jetty/websocket/websocket-client/9.4.51.v20230217/websocket-client-9.4.51.v20230217.jar:/home/runner/.m2/repository/org/eclipse/jetty/websocket/websocket-common/9.4.51.v20230217/websocket-common-9.4.51.v20230217.jar:/home/runner/.m2/repository/org/eclipse/jetty/websocket/websocket-api/9.4.51.v20230217/websocket-api-9.4.51.v20230217.jar:/home/runner/.m2/repository/org/jline/jline/3.9.0/jline-3.9.0.jar:/home/runner/.m2/repository/org/apache/hadoop/hadoop-mapreduce-client-core/3.3.6/hadoop-mapreduce-client-core-3.3.6.jar:/home/runner/.m2/repository/org/apache/avro/avro/1.7.7/avro-1.7.7.jar:/home/runner/.m2/repository/com/thoughtworks/paranamer/paranamer/2.3/paranamer-2.3.jar:/home/runner/.m2/repository/org/apache/hadoop/hadoop-annotations/3.3.6/hadoop-annotations-3.3.6.jar:/usr/lib/jvm/temurin-8-jdk-amd64/jre/../lib/tools.jar:/home/runner/.m2/repository/io/netty/netty/3.10.6.Final/netty-3.10.6.Final.jar:/home/runner/.m2/repository/org/apache/hadoop/hadoop-distcp/3.3.6/hadoop-distcp-3.3.6-tests.jar:/home/runner/.m2/repository/org/hamcrest/hamcrest/2.2/hamcrest-2.2.jar:/home/runner/.m2/repository/org/slf4j/jul-to-slf4j/2.0.10/jul-to-slf4j-2.0.10.jar:/home/runner/work/ozone/ozone/hadoop-ozone/integration-test/target/gradle-enterprise/test-listeners.jar:"/>
    <property name="sun.cpu.endian" value="little"/>
    <property name="user.home" value="/home/runner"/>
    <property name="user.language" value="en"/>
    <property name="java.specification.vendor" value="Oracle Corporation"/>
    <property name="java.home" value="/usr/lib/jvm/temurin-8-jdk-amd64/jre"/>
    <property name="java.security.krb5.conf" value="/home/runner/work/ozone/ozone/hadoop-ozone/integration-test/target/test-classes/krb5.conf"/>
    <property name="file.separator" value="/"/>
    <property name="basedir" value="/home/runner/work/ozone/ozone/hadoop-ozone/integration-test"/>
    <property name="line.separator" value="&#10;"/>
    <property name="java.vm.specification.vendor" value="Oracle Corporation"/>
    <property name="java.specification.name" value="Java Platform API Specification"/>
    <property name="skip.installnpx" value="true"/>
    <property name="java.awt.graphicsenv" value="sun.awt.X11GraphicsEnvironment"/>
    <property name="surefire.real.class.path" value="/home/runner/work/ozone/ozone/hadoop-ozone/integration-test/target/surefire/surefirebooter6285237176050975414.jar:/home/runner/.m2/repository/org/jacoco/org.jacoco.agent/0.8.11/org.jacoco.agent-0.8.11-runtime.jar"/>
    <property name="sun.boot.class.path" value="/usr/lib/jvm/temurin-8-jdk-amd64/jre/lib/resources.jar:/usr/lib/jvm/temurin-8-jdk-amd64/jre/lib/rt.jar:/usr/lib/jvm/temurin-8-jdk-amd64/jre/lib/sunrsasign.jar:/usr/lib/jvm/temurin-8-jdk-amd64/jre/lib/jsse.jar:/usr/lib/jvm/temurin-8-jdk-amd64/jre/lib/jce.jar:/usr/lib/jvm/temurin-8-jdk-amd64/jre/lib/charsets.jar:/usr/lib/jvm/temurin-8-jdk-amd64/jre/lib/jfr.jar:/usr/lib/jvm/temurin-8-jdk-amd64/jre/classes"/>
    <property name="hadoop.log.dir" value="/home/runner/work/ozone/ozone/hadoop-ozone/integration-test/target/log"/>
    <property name="sun.management.compiler" value="HotSpot 64-Bit Tiered Compilers"/>
    <property name="java.runtime.version" value="1.8.0_402-b06"/>
    <property name="skip.npx" value="true"/>
    <property name="user.name" value="runner"/>
    <property name="java.net.preferIPv4Stack" value="true"/>
    <property name="path.separator" value=":"/>
    <property name="java.security.egd" value="file:///dev/urandom"/>
    <property name="os.version" value="5.15.0-1056-azure"/>
    <property name="java.endorsed.dirs" value="/usr/lib/jvm/temurin-8-jdk-amd64/jre/lib/endorsed"/>
    <property name="java.runtime.name" value="OpenJDK Runtime Environment"/>
    <property name="com.gradle.maven.scan.extension.test.listener.junitplatform.NestedExecutionSafeDelegatingTestExecutionListener" value="72967906"/>
    <property name="file.encoding" value="UTF-8"/>
    <property name="java.vm.name" value="OpenJDK 64-Bit Server VM"/>
    <property name="test.build.webapps" value=""/>
    <property name="localRepository" value="/home/runner/.m2/repository"/>
    <property name="gradle.enterprise.listener.port" value="39347"/>
    <property name="jetty.git.hash" value="27bde00a0b95a1d5bbee0eae7984f891d2d0f8c9"/>
    <property name="java.vendor.url.bug" value="https://github.com/adoptium/adoptium-support/issues"/>
    <property name="require.test.libhadoop" value=""/>
    <property name="java.io.tmpdir" value="/tmp"/>
    <property name="java.version" value="1.8.0_402"/>
    <property name="user.dir" value="/home/runner/work/ozone/ozone/hadoop-ozone/integration-test"/>
    <property name="os.arch" value="amd64"/>
    <property name="test.build.classes" value="/home/runner/work/ozone/ozone/hadoop-ozone/integration-test/target/test-classes"/>
    <property name="java.vm.specification.name" value="Java Virtual Machine Specification"/>
    <property name="java.awt.printerjob" value="sun.print.PSPrinterJob"/>
    <property name="sun.os.patch.level" value="unknown"/>
    <property name="org.apache.ratis.thirdparty.io.netty.allocator.useCacheForAllThreads" value="false"/>
    <property name="hadoop.tmp.dir" value="/home/runner/work/ozone/ozone/hadoop-ozone/integration-test/target/tmp"/>
    <property name="java.library.path" value="/usr/java/packages/lib/amd64:/usr/lib64:/lib64:/lib:/usr/lib"/>
    <property name="java.vendor" value="Temurin"/>
    <property name="java.vm.info" value="mixed mode"/>
    <property name="java.vm.version" value="25.402-b06"/>
    <property name="java.specification.maintenance.version" value="5"/>
    <property name="sun.io.unicode.encoding" value="UnicodeLittle"/>
    <property name="java.ext.dirs" value="/usr/lib/jvm/temurin-8-jdk-amd64/jre/lib/ext:/usr/java/packages/lib/ext"/>
    <property name="java.class.version" value="52.0"/>
  </properties>
  <testcase name="testECKey" classname="org.apache.hadoop.ozone.freon.TestRandomKeyGenerator" time="5.637">
    <system-out><![CDATA[2024-02-27 07:08:39,247 [main] WARN  server.ServerUtils (ServerUtils.java:getScmDbDir(143)) - ozone.scm.db.dirs is not configured. We recommend adding this setting. Falling back to ozone.metadata.dirs instead.
2024-02-27 07:08:39,555 [main] WARN  server.ServerUtils (ServerUtils.java:getScmDbDir(143)) - ozone.scm.db.dirs is not configured. We recommend adding this setting. Falling back to ozone.metadata.dirs instead.
2024-02-27 07:08:39,559 [main] INFO  ha.SCMHANodeDetails (SCMHANodeDetails.java:loadSCMHAConfig(207)) - ServiceID for StorageContainerManager is null
2024-02-27 07:08:39,568 [main] WARN  ha.SCMHANodeDetails (SCMHANodeDetails.java:validateSCMHAConfig(180)) - Default/Configured value of config ozone.scm.ratis.enable conflicts with the expected value. Default/Configured: true. Expected: false. Falling back to the expected value. Current State of SCM: SCM is running without Ratis. Ratis SCM -> Non Ratis SCM is not supported.
2024-02-27 07:08:39,569 [main] INFO  ha.SCMHANodeDetails (SCMHANodeDetails.java:loadSCMHAConfig(212)) - ozone.scm.default.service.id is not defined, falling back to ozone.scm.service.ids to find serviceID for StorageContainerManager if it is HA enabled cluster
2024-02-27 07:08:40,175 [main] WARN  utils.HAUtils (HAUtils.java:getMetaDir(339)) - ozone.scm.db.dirs is not configured. We recommend adding this setting. Falling back to ozone.metadata.dirs instead.
2024-02-27 07:08:40,279 [main] WARN  db.DBStoreBuilder (DBStoreBuilder.java:applyDBDefinition(171)) - ozone.scm.db.dirs is not configured. We recommend adding this setting. Falling back to ozone.metadata.dirs instead.
2024-02-27 07:08:40,288 [main] INFO  utils.LeakDetector (LeakDetector.java:start(73)) - Starting leak detector thread ManagedRocksObject0.
2024-02-27 07:08:40,452 [main] INFO  net.NodeSchemaLoader (NodeSchemaLoader.java:loadSchemaFromFile(129)) - Loading schema from [jar:file:/home/runner/.m2/repository/org/apache/ozone/hdds-common/1.5.0-SNAPSHOT/hdds-common-1.5.0-SNAPSHOT.jar!/network-topology-default.xml]
2024-02-27 07:08:40,455 [main] INFO  net.NodeSchemaLoader (NodeSchemaLoader.java:loadSchema(176)) - Loading network topology layer schema file
2024-02-27 07:08:40,488 [main] INFO  metrics.MetricRegistries (MetricRegistriesLoader.java:load(64)) - Loaded MetricRegistries class org.apache.ratis.metrics.dropwizard3.Dm3MetricRegistriesImpl
2024-02-27 07:08:40,511 [main] INFO  upgrade.AbstractLayoutVersionManager (AbstractLayoutVersionManager.java:init(83)) - Initializing Layout version manager with metadata layout = HADOOP_PRC_PORTS_IN_DATANODEDETAILS (version = 7), software layout = HADOOP_PRC_PORTS_IN_DATANODEDETAILS (version = 7)
2024-02-27 07:08:40,664 [main] INFO  ha.SequenceIdGenerator (SequenceIdGenerator.java:upgradeToSequenceId(370)) - upgrade localId to 113750153625600000
2024-02-27 07:08:40,665 [main] INFO  ha.SequenceIdGenerator (SequenceIdGenerator.java:upgradeToSequenceId(380)) - upgrade delTxnId to 0
2024-02-27 07:08:40,672 [main] INFO  ha.SequenceIdGenerator (SequenceIdGenerator.java:upgradeToSequenceId(397)) - upgrade containerId to 0
2024-02-27 07:08:40,676 [main] INFO  ha.SequenceIdGenerator (SequenceIdGenerator.java:upgradeToCertificateSequenceId(444)) - upgrade CertificateId to 2
2024-02-27 07:08:40,678 [main] INFO  ha.SequenceIdGenerator (SequenceIdGenerator.java:<init>(241)) - Init the HA SequenceIdGenerator.
2024-02-27 07:08:40,730 [main] WARN  server.ServerUtils (ServerUtils.java:sanitizeUserArgs(79)) - ozone.scm.stale.node.interval value = 300000 is larger than max = 100000 based on the key value of ozone.scm.heartbeat.thread.interval, reset to the max value 100000.
2024-02-27 07:08:40,731 [main] WARN  server.ServerUtils (ServerUtils.java:sanitizeUserArgs(79)) - ozone.scm.stale.node.interval value = 300000 is larger than max = 100000 based on the key value of ozone.scm.heartbeat.thread.interval, reset to the max value 100000.
2024-02-27 07:08:40,739 [main] INFO  node.SCMNodeManager (SCMNodeManager.java:<init>(177)) - Entering startup safe mode.
2024-02-27 07:08:40,752 [main] INFO  algorithms.ContainerPlacementPolicyFactory (ContainerPlacementPolicyFactory.java:getPolicyInternal(86)) - Create container placement policy of type org.apache.hadoop.hdds.scm.container.placement.algorithms.SCMContainerPlacementRackAware
2024-02-27 07:08:40,755 [main] INFO  algorithms.ContainerPlacementPolicyFactory (ContainerPlacementPolicyFactory.java:getPolicyInternal(86)) - Create container placement policy of type org.apache.hadoop.hdds.scm.container.placement.algorithms.SCMContainerPlacementRackScatter
2024-02-27 07:08:40,765 [main] INFO  pipeline.PipelineStateManagerImpl (PipelineStateManagerImpl.java:initialize(78)) - No pipeline exists in current db
2024-02-27 07:08:40,780 [main] INFO  algorithms.LeaderChoosePolicyFactory (LeaderChoosePolicyFactory.java:getPolicy(57)) - Create leader choose policy of type org.apache.hadoop.hdds.scm.pipeline.leader.choose.algorithms.MinLeaderCountChoosePolicy
2024-02-27 07:08:40,780 [main] INFO  algorithms.ContainerPlacementPolicyFactory (ContainerPlacementPolicyFactory.java:getPolicyInternal(86)) - Create container placement policy of type org.apache.hadoop.hdds.scm.container.placement.algorithms.SCMContainerPlacementRackScatter
2024-02-27 07:08:40,789 [main] INFO  ha.SCMServiceManager (SCMServiceManager.java:register(42)) - Registering service BackgroundPipelineCreator.
2024-02-27 07:08:40,790 [main] INFO  pipeline.BackgroundPipelineCreator (BackgroundPipelineCreator.java:start(127)) - Starting RatisPipelineUtilsThread.
2024-02-27 07:08:40,794 [main] INFO  BackgroundPipelineScrubber (BackgroundSCMService.java:start(65)) - Starting BackgroundPipelineScrubber Service.
2024-02-27 07:08:40,801 [main] INFO  ha.SCMServiceManager (SCMServiceManager.java:register(42)) - Registering service BackgroundPipelineScrubber.
2024-02-27 07:08:40,808 [main] INFO  ExpiredContainerReplicaOpScrubber (BackgroundSCMService.java:start(65)) - Starting ExpiredContainerReplicaOpScrubber Service.
2024-02-27 07:08:40,809 [main] INFO  ha.SCMServiceManager (SCMServiceManager.java:register(42)) - Registering service ExpiredContainerReplicaOpScrubber.
2024-02-27 07:08:40,842 [main] INFO  algorithms.PipelineChoosePolicyFactory (PipelineChoosePolicyFactory.java:createPipelineChoosePolicyFromClass(80)) - Create pipeline choose policy of type org.apache.hadoop.hdds.scm.pipeline.choose.algorithms.RandomPipelineChoosePolicy
2024-02-27 07:08:40,844 [main] INFO  algorithms.PipelineChoosePolicyFactory (PipelineChoosePolicyFactory.java:createPipelineChoosePolicyFromClass(80)) - Create pipeline choose policy of type org.apache.hadoop.hdds.scm.pipeline.choose.algorithms.RandomPipelineChoosePolicy
2024-02-27 07:08:40,882 [main] INFO  ha.SCMServiceManager (SCMServiceManager.java:register(42)) - Registering service SCMBlockDeletingService.
2024-02-27 07:08:40,951 [main] INFO  replication.ReplicationManager (ReplicationManager.java:start(295)) - Starting Replication Monitor Thread.
2024-02-27 07:08:40,953 [main] INFO  ha.SCMServiceManager (SCMServiceManager.java:register(42)) - Registering service ReplicationManager.
2024-02-27 07:08:40,955 [ReplicationMonitor] INFO  replication.ReplicationManager (ReplicationManager.java:processAll(370)) - Replication Manager is not ready to run until 3000ms after safemode exit
2024-02-27 07:08:40,964 [main] INFO  safemode.ContainerSafeModeRule (ContainerSafeModeRule.java:<init>(91)) - containers with one replica threshold count 0
2024-02-27 07:08:40,968 [main] INFO  safemode.HealthyPipelineSafeModeRule (HealthyPipelineSafeModeRule.java:initializeRule(176)) - Total pipeline count is 0, healthy pipeline threshold count is 1
2024-02-27 07:08:40,970 [main] INFO  safemode.OneReplicaPipelineSafeModeRule (OneReplicaPipelineSafeModeRule.java:initializeRule(193)) - Total pipeline count is 0, pipeline's with at least one datanode reported threshold count is 0
2024-02-27 07:08:41,012 [main] INFO  server.StorageContainerManager (StorageContainerManager.java:<init>(440)) - SCM start with adminUsers: [runner]
2024-02-27 07:08:41,275 [main] INFO  audit.AuditLogger (AuditLogger.java:refreshDebugCmdSet(135)) - Refresh DebugCmdSet for SCMAudit to [].
2024-02-27 07:08:41,301 [main] INFO  ipc.CallQueueManager (CallQueueManager.java:<init>(90)) - Using callQueue: class java.util.concurrent.LinkedBlockingQueue, queueCapacity: 10000, scheduler: class org.apache.hadoop.ipc.DefaultRpcScheduler, ipcBackoff: false.
2024-02-27 07:08:41,326 [main] INFO  ipc.Server (Server.java:<init>(1287)) - Listener at 0.0.0.0:15002
2024-02-27 07:08:41,328 [Socket Reader #1 for port 15002] INFO  ipc.Server (Server.java:run(1323)) - Starting Socket Reader #1 for port 15002
2024-02-27 07:08:41,371 [main] INFO  audit.AuditLogger (AuditLogger.java:refreshDebugCmdSet(135)) - Refresh DebugCmdSet for SCMAudit to [].
2024-02-27 07:08:41,376 [main] INFO  ipc.CallQueueManager (CallQueueManager.java:<init>(90)) - Using callQueue: class java.util.concurrent.LinkedBlockingQueue, queueCapacity: 10000, scheduler: class org.apache.hadoop.ipc.DefaultRpcScheduler, ipcBackoff: false.
2024-02-27 07:08:41,377 [main] INFO  ipc.Server (Server.java:<init>(1287)) - Listener at 0.0.0.0:15001
2024-02-27 07:08:41,378 [Socket Reader #1 for port 15001] INFO  ipc.Server (Server.java:run(1323)) - Starting Socket Reader #1 for port 15001
2024-02-27 07:08:41,403 [main] INFO  audit.AuditLogger (AuditLogger.java:refreshDebugCmdSet(135)) - Refresh DebugCmdSet for SCMAudit to [].
2024-02-27 07:08:41,411 [main] INFO  ipc.CallQueueManager (CallQueueManager.java:<init>(90)) - Using callQueue: class java.util.concurrent.LinkedBlockingQueue, queueCapacity: 10000, scheduler: class org.apache.hadoop.ipc.DefaultRpcScheduler, ipcBackoff: false.
2024-02-27 07:08:41,412 [main] INFO  ipc.Server (Server.java:<init>(1287)) - Listener at 0.0.0.0:15000
2024-02-27 07:08:41,413 [Socket Reader #1 for port 15000] INFO  ipc.Server (Server.java:run(1323)) - Starting Socket Reader #1 for port 15000
2024-02-27 07:08:41,458 [main] INFO  ha.SCMServiceManager (SCMServiceManager.java:register(42)) - Registering service ContainerBalancer.
2024-02-27 07:08:41,458 [main] INFO  ha.SCMContext (SCMContext.java:updateSafeModeStatus(225)) - Update SafeModeStatus from SafeModeStatus{safeModeStatus=true, preCheckPassed=false} to SafeModeStatus{safeModeStatus=true, preCheckPassed=false}.
2024-02-27 07:08:41,462 [main] INFO  server.StorageContainerManager (StorageContainerManager.java:start(1545)) - StorageContainerLocationProtocol RPC server is listening at /0.0.0.0:15000
2024-02-27 07:08:41,519 [main] WARN  impl.MetricsConfig (MetricsConfig.java:loadFirst(136)) - Cannot locate configuration: tried hadoop-metrics2-storagecontainermanager.properties,hadoop-metrics2.properties
2024-02-27 07:08:41,531 [main] INFO  impl.MetricsSystemImpl (MetricsSystemImpl.java:startTimer(378)) - Scheduled Metric snapshot period at 10 second(s).
2024-02-27 07:08:41,531 [main] INFO  impl.MetricsSystemImpl (MetricsSystemImpl.java:start(191)) - StorageContainerManager metrics system started
2024-02-27 07:08:41,727 [main] INFO  server.SCMClientProtocolServer (SCMClientProtocolServer.java:start(204)) - RPC server for Client  is listening at /0.0.0.0:15000
2024-02-27 07:08:41,729 [IPC Server Responder] INFO  ipc.Server (Server.java:run(1562)) - IPC Server Responder: starting
2024-02-27 07:08:41,729 [IPC Server listener on 15000] INFO  ipc.Server (Server.java:run(1402)) - IPC Server listener on 15000: starting
2024-02-27 07:08:41,749 [main] INFO  server.StorageContainerManager (StorageContainerManager.java:start(1558)) - ScmBlockLocationProtocol RPC server is listening at /0.0.0.0:15001
2024-02-27 07:08:41,750 [main] INFO  server.SCMBlockProtocolServer (SCMBlockProtocolServer.java:start(160)) - RPC server for Block Protocol is listening at /0.0.0.0:15001
2024-02-27 07:08:41,751 [IPC Server Responder] INFO  ipc.Server (Server.java:run(1562)) - IPC Server Responder: starting
2024-02-27 07:08:41,751 [IPC Server listener on 15001] INFO  ipc.Server (Server.java:run(1402)) - IPC Server listener on 15001: starting
2024-02-27 07:08:41,760 [main] INFO  server.SCMDatanodeProtocolServer (SCMDatanodeProtocolServer.java:start(194)) - ScmDatanodeProtocol RPC server for DataNodes is listening at /0.0.0.0:15002
2024-02-27 07:08:41,761 [IPC Server Responder] INFO  ipc.Server (Server.java:run(1562)) - IPC Server Responder: starting
2024-02-27 07:08:41,761 [IPC Server listener on 15002] INFO  ipc.Server (Server.java:run(1402)) - IPC Server listener on 15002: starting
2024-02-27 07:08:41,779 [JvmPauseMonitor0] INFO  util.JvmPauseMonitor (JvmPauseMonitor.java:run(146)) - JvmPauseMonitor-f1363b73-8860-4447-8d95-23adf13f0cba: Started
2024-02-27 07:08:41,788 [main] INFO  http.BaseHttpServer (BaseHttpServer.java:newHttpServer2BuilderForOzone(223)) - Starting Web-server for scm at: http://0.0.0.0:15003
2024-02-27 07:08:41,788 [main] INFO  http.BaseHttpServer (BaseHttpServer.java:<init>(110)) - Hadoop Security Enabled: false Ozone Security Enabled: false Ozone HTTP Security Enabled: false 
2024-02-27 07:08:41,805 [main] INFO  util.log (Log.java:initialized(170)) - Logging initialized @3726ms to org.eclipse.jetty.util.log.Slf4jLog
2024-02-27 07:08:41,880 [main] WARN  server.AuthenticationFilter (AuthenticationFilter.java:constructSecretProvider(240)) - Unable to initialize FileSignerSecretProvider, falling back to use random secrets. Reason: Could not read signature secret file: /home/runner/hadoop-http-auth-signature-secret
2024-02-27 07:08:41,884 [main] INFO  http.HttpRequestLog (HttpRequestLog.java:getRequestLog(86)) - Http request log for http.requests.scm is not defined
2024-02-27 07:08:41,890 [main] INFO  http.HttpServer2 (HttpServer2.java:addGlobalFilter(1036)) - Added global filter 'safety' (class=org.apache.hadoop.hdds.server.http.HttpServer2$QuotingInputFilter)
2024-02-27 07:08:41,892 [main] INFO  http.HttpServer2 (HttpServer2.java:addFilter(1012)) - Added filter static_user_filter (class=org.apache.hadoop.http.lib.StaticUserWebFilter$StaticUserFilter) to context scm
2024-02-27 07:08:41,892 [main] INFO  http.HttpServer2 (HttpServer2.java:addFilter(1020)) - Added filter static_user_filter (class=org.apache.hadoop.http.lib.StaticUserWebFilter$StaticUserFilter) to context logs
2024-02-27 07:08:41,893 [main] INFO  http.HttpServer2 (HttpServer2.java:addFilter(1020)) - Added filter static_user_filter (class=org.apache.hadoop.http.lib.StaticUserWebFilter$StaticUserFilter) to context static
2024-02-27 07:08:41,919 [main] INFO  http.BaseHttpServer (BaseHttpServer.java:<init>(189)) - HTTP server of scm uses base directory /home/runner/work/ozone/ozone/hadoop-ozone/integration-test/target/test-dir/MiniOzoneClusterImpl-73680b39-f248-4dab-999a-9bb96057e508/ozone-meta/webserver
2024-02-27 07:08:41,920 [main] INFO  http.HttpServer2 (HttpServer2.java:bindListener(1236)) - Jetty bound to port 15003
2024-02-27 07:08:41,921 [main] INFO  server.Server (Server.java:doStart(375)) - jetty-9.4.53.v20231009; built: 2023-10-09T12:29:09.265Z; git: 27bde00a0b95a1d5bbee0eae7984f891d2d0f8c9; jvm 1.8.0_402-b06
2024-02-27 07:08:41,944 [main] INFO  server.session (DefaultSessionIdManager.java:doStart(334)) - DefaultSessionIdManager workerName=node0
2024-02-27 07:08:41,944 [main] INFO  server.session (DefaultSessionIdManager.java:doStart(339)) - No SessionScavenger set, using defaults
2024-02-27 07:08:41,946 [main] INFO  server.session (HouseKeeper.java:startScavenging(132)) - node0 Scavenging every 600000ms
2024-02-27 07:08:41,956 [main] INFO  handler.ContextHandler (ContextHandler.java:doStart(921)) - Started o.e.j.s.ServletContextHandler@7bb50747{logs,/logs,file:///home/runner/work/ozone/ozone/hadoop-ozone/integration-test/target/log,AVAILABLE}
2024-02-27 07:08:41,957 [main] INFO  handler.ContextHandler (ContextHandler.java:doStart(921)) - Started o.e.j.s.ServletContextHandler@682fc714{static,/static,file:///home/runner/work/ozone/ozone/hadoop-ozone/integration-test/target/test-classes/webapps/static,AVAILABLE}
2024-02-27 07:08:41,994 [main] INFO  handler.ContextHandler (ContextHandler.java:doStart(921)) - Started o.e.j.w.WebAppContext@6edd8d56{scm,/,file:///home/runner/work/ozone/ozone/hadoop-ozone/integration-test/target/test-classes/webapps/scm/,AVAILABLE}{file:/home/runner/work/ozone/ozone/hadoop-ozone/integration-test/target/test-classes/webapps/scm}
2024-02-27 07:08:42,001 [main] INFO  server.AbstractConnector (AbstractConnector.java:doStart(333)) - Started ServerConnector@3feeab43{HTTP/1.1, (http/1.1)}{0.0.0.0:15003}
2024-02-27 07:08:42,002 [main] INFO  server.Server (Server.java:doStart(415)) - Started @3923ms
2024-02-27 07:08:42,005 [main] INFO  impl.MetricsSinkAdapter (MetricsSinkAdapter.java:start(204)) - Sink prometheus started
2024-02-27 07:08:42,005 [main] INFO  impl.MetricsSystemImpl (MetricsSystemImpl.java:registerSink(305)) - Registered sink prometheus
2024-02-27 07:08:42,006 [main] INFO  http.BaseHttpServer (BaseHttpServer.java:updateConnectorAddress(354)) - HTTP server of scm listening at http://0.0.0.0:15003
2024-02-27 07:08:42,010 [main] WARN  server.ServerUtils (ServerUtils.java:getDBPath(299)) - ozone.om.db.dirs is not configured. We recommend adding this setting. Falling back to ozone.metadata.dirs instead.
2024-02-27 07:08:42,081 [main] INFO  audit.AuditLogger (AuditLogger.java:refreshDebugCmdSet(135)) - Refresh DebugCmdSet for OMAudit to [].
2024-02-27 07:08:42,150 [main] INFO  ha.OMHANodeDetails (OMHANodeDetails.java:loadOMHAConfig(115)) - ozone.om.internal.service.id is not defined, falling back to ozone.om.service.ids to find serviceID for OzoneManager if it is HA enabled cluster
2024-02-27 07:08:42,154 [main] INFO  ha.OMHANodeDetails (OMHANodeDetails.java:loadOMHAConfig(226)) - Configuration does not have ozone.om.address set. Falling back to the default OM address /127.0.0.1:15004
2024-02-27 07:08:42,154 [main] INFO  ha.OMHANodeDetails (OMHANodeDetails.java:getOMNodeDetailsForNonHA(254)) - OM Service ID is not set. Setting it to the default ID: omServiceIdDefault
2024-02-27 07:08:42,155 [main] INFO  ha.OMHANodeDetails (OMHANodeDetails.java:getOMNodeDetailsForNonHA(261)) - OM Node ID is not set. Setting it to the default ID: om1
2024-02-27 07:08:42,158 [main] WARN  server.ServerUtils (ServerUtils.java:getDBPath(299)) - ozone.om.db.dirs is not configured. We recommend adding this setting. Falling back to ozone.metadata.dirs instead.
2024-02-27 07:08:42,162 [main] INFO  upgrade.AbstractLayoutVersionManager (AbstractLayoutVersionManager.java:init(83)) - Initializing Layout version manager with metadata layout = QUOTA (version = 6), software layout = QUOTA (version = 6)
2024-02-27 07:08:42,229 [main] INFO  upgrade.OMLayoutVersionManager (OMLayoutVersionManager.java:lambda$0(113)) - Skipping Upgrade Action QuotaRepairUpgradeAction since it has been finalized.
2024-02-27 07:08:42,230 [main] INFO  upgrade.OMLayoutVersionManager (OMLayoutVersionManager.java:lambda$0(113)) - Skipping Upgrade Action MockOmUpgradeAction since it has been finalized.
2024-02-27 07:08:42,232 [main] WARN  server.ServerUtils (ServerUtils.java:getDBPath(299)) - ozone.om.db.dirs is not configured. We recommend adding this setting. Falling back to ozone.metadata.dirs instead.
2024-02-27 07:08:42,349 [main] INFO  proxy.SCMBlockLocationFailoverProxyProvider (SCMBlockLocationFailoverProxyProvider.java:<init>(115)) - Created block location fail-over proxy with 1 nodes: [nodeId=scmNodeId,nodeAddress=/0.0.0.0:15001]
2024-02-27 07:08:42,375 [main] INFO  proxy.SCMBlockLocationFailoverProxyProvider (SCMBlockLocationFailoverProxyProvider.java:<init>(115)) - Created block location fail-over proxy with 1 nodes: [nodeId=scmNodeId,nodeAddress=/0.0.0.0:15001]
2024-02-27 07:08:42,554 [main] INFO  om.OzoneManager (OzoneManager.java:<init>(672)) - OM start with adminUsers: [runner]
2024-02-27 07:08:42,573 [main] WARN  server.ServerUtils (ServerUtils.java:getDBPath(299)) - ozone.om.db.dirs is not configured. We recommend adding this setting. Falling back to ozone.metadata.dirs instead.
2024-02-27 07:08:42,597 [main] INFO  helpers.OmKeyInfo (OmKeyInfo.java:getCodec(71)) - OmKeyInfo.getCodec ignorePipeline = true
2024-02-27 07:08:42,837 [main] INFO  om.OzoneManager (OzoneManager.java:instantiateServices(804)) - S3 Multi-Tenancy is disabled
2024-02-27 07:08:42,860 [main] INFO  om.OmSnapshotManager (OmSnapshotManager.java:<init>(177)) - Ozone filesystem snapshot feature is enabled.
2024-02-27 07:08:42,866 [main] WARN  server.ServerUtils (ServerUtils.java:getDBPath(299)) - ozone.om.snapshot.diff.db.dir is not configured. We recommend adding this setting. Falling back to ozone.metadata.dirs instead.
2024-02-27 07:08:42,895 [main] INFO  utils.NativeLibraryLoader (NativeLibraryLoader.java:loadLibrary(108)) - Loading Library: ozone_rocksdb_tools
2024-02-27 07:08:42,896 [main] ERROR snapshot.SnapshotDiffManager (SnapshotDiffManager.java:initNativeLibraryForEfficientDiff(287)) - Native Library for raw sst file reading loading failed.
org.apache.hadoop.hdds.utils.NativeLibraryNotLoadedException: Unable to load library ozone_rocksdb_tools from both java.library.path & resource file libozone_rocksdb_tools.so from jar.
	at org.apache.hadoop.hdds.utils.db.managed.ManagedRawSSTFileReader.loadLibrary(ManagedRawSSTFileReader.java:38)
	at org.apache.hadoop.ozone.om.snapshot.SnapshotDiffManager.initNativeLibraryForEfficientDiff(SnapshotDiffManager.java:285)
	at org.apache.hadoop.ozone.om.snapshot.SnapshotDiffManager.<init>(SnapshotDiffManager.java:259)
	at org.apache.hadoop.ozone.om.OmSnapshotManager.<init>(OmSnapshotManager.java:279)
	at org.apache.hadoop.ozone.om.OzoneManager.instantiateServices(OzoneManager.java:856)
	at org.apache.hadoop.ozone.om.OzoneManager.<init>(OzoneManager.java:682)
	at org.apache.hadoop.ozone.om.OzoneManager.createOm(OzoneManager.java:767)
	at org.apache.hadoop.ozone.MiniOzoneClusterImpl$Builder.createOM(MiniOzoneClusterImpl.java:688)
	at org.apache.hadoop.ozone.MiniOzoneClusterImpl$Builder.createAndStartSingleOM(MiniOzoneClusterImpl.java:672)
	at org.apache.hadoop.ozone.MiniOzoneClusterImpl$Builder.build(MiniOzoneClusterImpl.java:536)
	at org.apache.hadoop.ozone.freon.TestRandomKeyGenerator.init(TestRandomKeyGenerator.java:61)
	at sun.reflect.NativeMethodAccessorImpl.invoke0(Native Method)
	at sun.reflect.NativeMethodAccessorImpl.invoke(NativeMethodAccessorImpl.java:62)
	at sun.reflect.DelegatingMethodAccessorImpl.invoke(DelegatingMethodAccessorImpl.java:43)
	at java.lang.reflect.Method.invoke(Method.java:498)
	at org.junit.platform.commons.util.ReflectionUtils.invokeMethod(ReflectionUtils.java:728)
	at org.junit.jupiter.engine.execution.MethodInvocation.proceed(MethodInvocation.java:60)
	at org.junit.jupiter.engine.execution.InvocationInterceptorChain$ValidatingInvocation.proceed(InvocationInterceptorChain.java:131)
	at org.junit.jupiter.engine.extension.TimeoutExtension.intercept(TimeoutExtension.java:156)
	at org.junit.jupiter.engine.extension.TimeoutExtension.interceptLifecycleMethod(TimeoutExtension.java:128)
	at org.junit.jupiter.engine.extension.TimeoutExtension.interceptBeforeAllMethod(TimeoutExtension.java:70)
	at org.junit.jupiter.engine.execution.InterceptingExecutableInvoker$ReflectiveInterceptorCall.lambda$ofVoidMethod$0(InterceptingExecutableInvoker.java:103)
	at org.junit.jupiter.engine.execution.InterceptingExecutableInvoker.lambda$invoke$0(InterceptingExecutableInvoker.java:93)
	at org.junit.jupiter.engine.execution.InvocationInterceptorChain$InterceptedInvocation.proceed(InvocationInterceptorChain.java:106)
	at org.junit.jupiter.engine.execution.InvocationInterceptorChain.proceed(InvocationInterceptorChain.java:64)
	at org.junit.jupiter.engine.execution.InvocationInterceptorChain.chainAndInvoke(InvocationInterceptorChain.java:45)
	at org.junit.jupiter.engine.execution.InvocationInterceptorChain.invoke(InvocationInterceptorChain.java:37)
	at org.junit.jupiter.engine.execution.InterceptingExecutableInvoker.invoke(InterceptingExecutableInvoker.java:92)
	at org.junit.jupiter.engine.execution.InterceptingExecutableInvoker.invoke(InterceptingExecutableInvoker.java:86)
	at org.junit.jupiter.engine.descriptor.ClassBasedTestDescriptor.lambda$invokeBeforeAllMethods$13(ClassBasedTestDescriptor.java:412)
	at org.junit.platform.engine.support.hierarchical.ThrowableCollector.execute(ThrowableCollector.java:73)
	at org.junit.jupiter.engine.descriptor.ClassBasedTestDescriptor.invokeBeforeAllMethods(ClassBasedTestDescriptor.java:410)
	at org.junit.jupiter.engine.descriptor.ClassBasedTestDescriptor.before(ClassBasedTestDescriptor.java:216)
	at org.junit.jupiter.engine.descriptor.ClassBasedTestDescriptor.before(ClassBasedTestDescriptor.java:85)
	at org.junit.platform.engine.support.hierarchical.NodeTestTask.lambda$executeRecursively$6(NodeTestTask.java:148)
	at org.junit.platform.engine.support.hierarchical.ThrowableCollector.execute(ThrowableCollector.java:73)
	at org.junit.platform.engine.support.hierarchical.NodeTestTask.lambda$executeRecursively$8(NodeTestTask.java:141)
	at org.junit.platform.engine.support.hierarchical.Node.around(Node.java:137)
	at org.junit.platform.engine.support.hierarchical.NodeTestTask.lambda$executeRecursively$9(NodeTestTask.java:139)
	at org.junit.platform.engine.support.hierarchical.ThrowableCollector.execute(ThrowableCollector.java:73)
	at org.junit.platform.engine.support.hierarchical.NodeTestTask.executeRecursively(NodeTestTask.java:138)
	at org.junit.platform.engine.support.hierarchical.NodeTestTask.execute(NodeTestTask.java:95)
	at java.util.ArrayList.forEach(ArrayList.java:1259)
	at org.junit.platform.engine.support.hierarchical.SameThreadHierarchicalTestExecutorService.invokeAll(SameThreadHierarchicalTestExecutorService.java:41)
	at org.junit.platform.engine.support.hierarchical.NodeTestTask.lambda$executeRecursively$6(NodeTestTask.java:155)
	at org.junit.platform.engine.support.hierarchical.ThrowableCollector.execute(ThrowableCollector.java:73)
	at org.junit.platform.engine.support.hierarchical.NodeTestTask.lambda$executeRecursively$8(NodeTestTask.java:141)
	at org.junit.platform.engine.support.hierarchical.Node.around(Node.java:137)
	at org.junit.platform.engine.support.hierarchical.NodeTestTask.lambda$executeRecursively$9(NodeTestTask.java:139)
	at org.junit.platform.engine.support.hierarchical.ThrowableCollector.execute(ThrowableCollector.java:73)
	at org.junit.platform.engine.support.hierarchical.NodeTestTask.executeRecursively(NodeTestTask.java:138)
	at org.junit.platform.engine.support.hierarchical.NodeTestTask.execute(NodeTestTask.java:95)
	at org.junit.platform.engine.support.hierarchical.SameThreadHierarchicalTestExecutorService.submit(SameThreadHierarchicalTestExecutorService.java:35)
	at org.junit.platform.engine.support.hierarchical.HierarchicalTestExecutor.execute(HierarchicalTestExecutor.java:57)
	at org.junit.platform.engine.support.hierarchical.HierarchicalTestEngine.execute(HierarchicalTestEngine.java:54)
	at org.junit.platform.launcher.core.EngineExecutionOrchestrator.execute(EngineExecutionOrchestrator.java:198)
	at org.junit.platform.launcher.core.EngineExecutionOrchestrator.execute(EngineExecutionOrchestrator.java:169)
	at org.junit.platform.launcher.core.EngineExecutionOrchestrator.execute(EngineExecutionOrchestrator.java:93)
	at org.junit.platform.launcher.core.EngineExecutionOrchestrator.lambda$execute$0(EngineExecutionOrchestrator.java:58)
	at org.junit.platform.launcher.core.EngineExecutionOrchestrator.withInterceptedStreams(EngineExecutionOrchestrator.java:141)
	at org.junit.platform.launcher.core.EngineExecutionOrchestrator.execute(EngineExecutionOrchestrator.java:57)
	at org.junit.platform.launcher.core.DefaultLauncher.execute(DefaultLauncher.java:103)
	at org.junit.platform.launcher.core.DefaultLauncher.execute(DefaultLauncher.java:85)
	at org.junit.platform.launcher.core.DelegatingLauncher.execute(DelegatingLauncher.java:47)
	at org.junit.platform.launcher.core.SessionPerRequestLauncher.execute(SessionPerRequestLauncher.java:63)
	at org.apache.maven.surefire.junitplatform.JUnitPlatformProvider.execute(JUnitPlatformProvider.java:188)
	at org.apache.maven.surefire.junitplatform.JUnitPlatformProvider.invokeAllTests(JUnitPlatformProvider.java:154)
	at org.apache.maven.surefire.junitplatform.JUnitPlatformProvider.invoke(JUnitPlatformProvider.java:124)
	at org.apache.maven.surefire.booter.ForkedBooter.runSuitesInProcess(ForkedBooter.java:428)
	at org.apache.maven.surefire.booter.ForkedBooter.execute(ForkedBooter.java:162)
	at org.apache.maven.surefire.booter.ForkedBooter.run(ForkedBooter.java:562)
	at org.apache.maven.surefire.booter.ForkedBooter.main(ForkedBooter.java:548)
2024-02-27 07:08:42,948 [main] INFO  om.OzoneManager (OzoneManager.java:addS3GVolumeToDB(4425)) - Created Volume s3v With Owner runner required for S3Gateway operations.
2024-02-27 07:08:43,003 [main] WARN  server.ServerUtils (ServerUtils.java:getDefaultRatisDirectory(311)) - Storage directory for Ratis is not configured. It is a good idea to map this to an SSD disk. Falling back to ozone.metadata.dirs
2024-02-27 07:08:43,003 [main] WARN  utils.OzoneManagerRatisUtils (OzoneManagerRatisUtils.java:getOMRatisSnapshotDirectory(476)) - ozone.om.ratis.snapshot.dir is not configured. Falling back to ozone.metadata.dirs config
2024-02-27 07:08:43,015 [main] WARN  server.ServerUtils (ServerUtils.java:getDefaultRatisDirectory(311)) - Storage directory for Ratis is not configured. It is a good idea to map this to an SSD disk. Falling back to ozone.metadata.dirs
2024-02-27 07:08:43,031 [main] INFO  ratis.OzoneManagerRatisServer (OzoneManagerRatisServer.java:<init>(167)) - Instantiating OM Ratis server with groupID: omServiceIdDefault and peers: localhost:15007
2024-02-27 07:08:43,037 [main] INFO  ratis.OzoneManagerStateMachine (OzoneManagerStateMachine.java:loadSnapshotInfoFromDB(576)) - TransactionInfo not found in OM DB.
2024-02-27 07:08:43,087 [main] INFO  server.RaftServer (ConfUtils.java:logGet(46)) - raft.rpc.type = GRPC (default)
2024-02-27 07:08:43,094 [main] INFO  grpc.GrpcConfigKeys (ConfUtils.java:logFallback(53)) - raft.grpc.admin.host = null (fallback to raft.grpc.server.host)
2024-02-27 07:08:43,095 [main] INFO  grpc.GrpcConfigKeys (ConfUtils.java:logFallback(53)) - raft.grpc.admin.port = 15007 (fallback to raft.grpc.server.port)
2024-02-27 07:08:43,096 [main] INFO  grpc.GrpcConfigKeys (ConfUtils.java:logFallback(53)) - raft.grpc.client.host = null (fallback to raft.grpc.server.host)
2024-02-27 07:08:43,096 [main] INFO  grpc.GrpcConfigKeys (ConfUtils.java:logFallback(53)) - raft.grpc.client.port = 15007 (fallback to raft.grpc.server.port)
2024-02-27 07:08:43,097 [main] INFO  grpc.GrpcConfigKeys (ConfUtils.java:logGet(46)) - raft.grpc.server.host = null (default)
2024-02-27 07:08:43,097 [main] INFO  grpc.GrpcConfigKeys (ConfUtils.java:logGet(46)) - raft.grpc.server.port = 15007 (custom)
2024-02-27 07:08:43,098 [main] INFO  server.GrpcService (ConfUtils.java:logGet(46)) - raft.grpc.message.size.max = 4194304 (custom)
2024-02-27 07:08:43,099 [main] INFO  server.RaftServerConfigKeys (ConfUtils.java:logGet(46)) - raft.server.log.appender.buffer.byte-limit = 4194304 (custom)
2024-02-27 07:08:43,100 [main] INFO  server.GrpcService (ConfUtils.java:logGet(46)) - raft.grpc.flow.control.window = 1MB (=1048576) (default)
2024-02-27 07:08:43,100 [main] INFO  server.RaftServerConfigKeys (ConfUtils.java:logGet(46)) - raft.server.rpc.request.timeout = 3000ms (default)
2024-02-27 07:08:43,109 [main] INFO  grpc.GrpcConfigKeys (ConfUtils.java:logGet(46)) - raft.grpc.server.heartbeat.channel = true (default)
2024-02-27 07:08:43,112 [main] INFO  grpc.GrpcConfigKeys (ConfUtils.java:logGet(46)) - raft.grpc.server.async.request.thread.pool.cached = true (default)
2024-02-27 07:08:43,113 [main] INFO  grpc.GrpcConfigKeys (ConfUtils.java:logGet(46)) - raft.grpc.server.async.request.thread.pool.size = 32 (default)
2024-02-27 07:08:43,351 [main] INFO  impl.DataStreamServerImpl (ConfUtils.java:logGet(46)) - raft.datastream.type = DISABLED (default)
2024-02-27 07:08:43,352 [main] INFO  server.RaftServerConfigKeys (ConfUtils.java:logGet(46)) - raft.server.sleep.deviation.threshold = 300ms (default)
2024-02-27 07:08:43,353 [main] INFO  server.RaftServerConfigKeys (ConfUtils.java:logGet(46)) - raft.server.close.threshold = 60s (default)
2024-02-27 07:08:43,353 [main] INFO  server.RaftServerConfigKeys (ConfUtils.java:logGet(46)) - raft.server.leaderelection.leader.step-down.wait-time = 10s (default)
2024-02-27 07:08:43,354 [main] INFO  server.RaftServerConfigKeys (ConfUtils.java:logGet(46)) - raft.server.storage.dir = [/home/runner/work/ozone/ozone/hadoop-ozone/integration-test/target/test-dir/MiniOzoneClusterImpl-73680b39-f248-4dab-999a-9bb96057e508/ozone-meta/ratis] (custom)
2024-02-27 07:08:43,355 [main] INFO  server.RaftServerConfigKeys (ConfUtils.java:logGet(46)) - raft.server.threadpool.proxy.cached = true (default)
2024-02-27 07:08:43,356 [main] INFO  server.RaftServerConfigKeys (ConfUtils.java:logGet(46)) - raft.server.threadpool.proxy.size = 0 (default)
2024-02-27 07:08:43,361 [main] INFO  server.RaftServer (RaftServerProxy.java:addNew(100)) - om1: addNew group-C5BA1605619E:[om1|localhost:15007] returns group-C5BA1605619E:java.util.concurrent.CompletableFuture@1717167e[Not completed]
2024-02-27 07:08:43,361 [main] INFO  om.OzoneManager (OzoneManager.java:initializeRatisServer(2140)) - OzoneManager Ratis server initialized at port 15007
2024-02-27 07:08:43,365 [main] INFO  om.OzoneManager (OzoneManager.java:getRpcServer(1206)) - Creating RPC Server
2024-02-27 07:08:43,386 [om1-groupManagement] INFO  server.RaftServer$Division (RaftServerImpl.java:<init>(256)) - om1: new RaftServerImpl for group-C5BA1605619E:[om1|localhost:15007] with OzoneManagerStateMachine:uninitialized
2024-02-27 07:08:43,387 [om1-groupManagement] INFO  server.RaftServerConfigKeys (ConfUtils.java:logGet(46)) - raft.server.rpc.timeout.min = 1s (custom)
2024-02-27 07:08:43,388 [om1-groupManagement] INFO  server.RaftServerConfigKeys (ConfUtils.java:logGet(46)) - raft.server.rpc.timeout.max = 1200ms (custom)
2024-02-27 07:08:43,388 [om1-groupManagement] INFO  server.RaftServerConfigKeys (ConfUtils.java:logGet(46)) - raft.server.rpc.sleep.time = 25ms (default)
2024-02-27 07:08:43,388 [om1-groupManagement] INFO  server.RaftServerConfigKeys (ConfUtils.java:logGet(46)) - raft.server.rpc.slowness.timeout = 120s (custom)
2024-02-27 07:08:43,388 [om1-groupManagement] INFO  server.RaftServerConfigKeys (ConfUtils.java:logGet(46)) - raft.server.leaderelection.leader.step-down.wait-time = 10s (default)
2024-02-27 07:08:43,389 [om1-groupManagement] INFO  server.RaftServerConfigKeys (ConfUtils.java:logGet(46)) - raft.server.leaderelection.member.majority-add = false (default)
2024-02-27 07:08:43,389 [om1-groupManagement] INFO  server.RaftServerConfigKeys (ConfUtils.java:logGet(46)) - raft.server.sleep.deviation.threshold = 300ms (default)
2024-02-27 07:08:43,394 [om1-groupManagement] INFO  server.RaftServer$Division (ServerState.java:<init>(113)) - om1@group-C5BA1605619E: ConfigurationManager, init=-1: peers:[om1|localhost:15007]|listeners:[], old=null, confs=<EMPTY_MAP>
2024-02-27 07:08:43,399 [om1-groupManagement] INFO  server.RaftServerConfigKeys (ConfUtils.java:logGet(46)) - raft.server.notification.no-leader.timeout = 120s (custom)
2024-02-27 07:08:43,402 [om1-groupManagement] INFO  server.RaftServerConfigKeys (ConfUtils.java:logGet(46)) - raft.server.read.timeout = 10s (default)
2024-02-27 07:08:43,423 [om1-groupManagement] INFO  server.RaftServerConfigKeys (ConfUtils.java:logGet(46)) - raft.server.retrycache.expirytime = 300s (custom)
2024-02-27 07:08:43,423 [om1-groupManagement] INFO  server.RaftServerConfigKeys (ConfUtils.java:logGet(46)) - raft.server.retrycache.statistics.expirytime = 100ms (default)
2024-02-27 07:08:43,427 [om1-groupManagement] INFO  server.RaftServerConfigKeys (ConfUtils.java:logGet(46)) - raft.server.read.option = DEFAULT (default)
2024-02-27 07:08:43,428 [om1-groupManagement] INFO  server.RaftServerConfigKeys (ConfUtils.java:logGet(46)) - raft.server.read.read-after-write-consistent.write-index-cache.expiry-time = 60s (default)
2024-02-27 07:08:43,516 [om1-groupManagement] INFO  server.RaftServerConfigKeys (ConfUtils.java:logGet(46)) - raft.server.rpc.request.timeout = 3000ms (default)
2024-02-27 07:08:43,519 [om1-groupManagement] INFO  server.RaftServerConfigKeys (ConfUtils.java:logGet(46)) - raft.server.log.appender.install.snapshot.enabled = false (custom)
2024-02-27 07:08:43,529 [om1-groupManagement] INFO  server.RaftServerConfigKeys (ConfUtils.java:logGet(46)) - raft.server.threadpool.server.cached = true (default)
2024-02-27 07:08:43,529 [om1-groupManagement] INFO  server.RaftServerConfigKeys (ConfUtils.java:logGet(46)) - raft.server.threadpool.server.size = 0 (default)
2024-02-27 07:08:43,530 [om1-groupManagement] INFO  server.RaftServerConfigKeys (ConfUtils.java:logGet(46)) - raft.server.threadpool.client.cached = true (default)
2024-02-27 07:08:43,530 [om1-groupManagement] INFO  server.RaftServerConfigKeys (ConfUtils.java:logGet(46)) - raft.server.threadpool.client.size = 0 (default)
2024-02-27 07:08:43,885 [main] INFO  ipc.CallQueueManager (CallQueueManager.java:<init>(90)) - Using callQueue: class java.util.concurrent.LinkedBlockingQueue, queueCapacity: 2000, scheduler: class org.apache.hadoop.ipc.DefaultRpcScheduler, ipcBackoff: false.
2024-02-27 07:08:43,885 [main] INFO  ipc.Server (Server.java:<init>(1287)) - Listener at 127.0.0.1:15004
2024-02-27 07:08:43,886 [Socket Reader #1 for port 15004] INFO  ipc.Server (Server.java:run(1323)) - Starting Socket Reader #1 for port 15004
2024-02-27 07:08:43,910 [main] INFO  impl.MetricsSystemImpl (MetricsSystemImpl.java:init(158)) - OzoneManager metrics system started (again)
2024-02-27 07:08:43,920 [main] INFO  om.OzoneManager (OzoneManager.java:start(1628)) - OzoneManager RPC server is listening at localhost/127.0.0.1:15004
2024-02-27 07:08:43,921 [main] INFO  ratis.OzoneManagerRatisServer (OzoneManagerRatisServer.java:start(588)) - Starting OzoneManagerRatisServer om1 at port 15007
2024-02-27 07:08:43,924 [om1-impl-thread1] INFO  server.RaftServerConfigKeys (ConfUtils.java:logGet(46)) - raft.server.storage.free-space.min = 0MB (=0) (default)
2024-02-27 07:08:43,924 [om1-impl-thread1] INFO  server.RaftServerConfigKeys (ConfUtils.java:logGet(46)) - raft.server.log.corruption.policy = EXCEPTION (default)
2024-02-27 07:08:43,924 [om1-impl-thread1] INFO  server.RaftServerConfigKeys (ConfUtils.java:logGet(46)) - raft.server.storage.dir = [/home/runner/work/ozone/ozone/hadoop-ozone/integration-test/target/test-dir/MiniOzoneClusterImpl-73680b39-f248-4dab-999a-9bb96057e508/ozone-meta/ratis] (custom)
2024-02-27 07:08:43,928 [om1-impl-thread1] INFO  storage.RaftStorageDirectory (RaftStorageDirectoryImpl.java:analyzeStorage(138)) - The storage directory /home/runner/work/ozone/ozone/hadoop-ozone/integration-test/target/test-dir/MiniOzoneClusterImpl-73680b39-f248-4dab-999a-9bb96057e508/ozone-meta/ratis/bf265839-605b-3f16-9796-c5ba1605619e does not exist. Creating ...
2024-02-27 07:08:43,932 [om1-impl-thread1] INFO  storage.RaftStorageDirectory (RaftStorageDirectoryImpl.java:tryLock(228)) - Lock on /home/runner/work/ozone/ozone/hadoop-ozone/integration-test/target/test-dir/MiniOzoneClusterImpl-73680b39-f248-4dab-999a-9bb96057e508/ozone-meta/ratis/bf265839-605b-3f16-9796-c5ba1605619e/in_use.lock acquired by nodename 20488@fv-az1496-250
2024-02-27 07:08:43,940 [om1-impl-thread1] INFO  storage.RaftStorage (RaftStorageImpl.java:format(99)) - Storage directory /home/runner/work/ozone/ozone/hadoop-ozone/integration-test/target/test-dir/MiniOzoneClusterImpl-73680b39-f248-4dab-999a-9bb96057e508/ozone-meta/ratis/bf265839-605b-3f16-9796-c5ba1605619e has been successfully formatted.
2024-02-27 07:08:43,941 [om1-impl-thread1] WARN  util.FileUtils (LogUtils.java:supplyAndLog(63)) - Failed to Files.newInputStream /home/runner/work/ozone/ozone/hadoop-ozone/integration-test/target/test-dir/MiniOzoneClusterImpl-73680b39-f248-4dab-999a-9bb96057e508/ozone-meta/ratis/bf265839-605b-3f16-9796-c5ba1605619e/current/raft-meta.conf with options []: java.nio.file.NoSuchFileException: /home/runner/work/ozone/ozone/hadoop-ozone/integration-test/target/test-dir/MiniOzoneClusterImpl-73680b39-f248-4dab-999a-9bb96057e508/ozone-meta/ratis/bf265839-605b-3f16-9796-c5ba1605619e/current/raft-meta.conf
2024-02-27 07:08:43,944 [om1-impl-thread1] INFO  server.RaftServerConfigKeys (ConfUtils.java:logGet(46)) - raft.server.log.use.memory = false (default)
2024-02-27 07:08:43,950 [om1-impl-thread1] INFO  server.RaftServerConfigKeys (ConfUtils.java:logGet(46)) - raft.server.log.purge.gap = 1000000 (custom)
2024-02-27 07:08:43,950 [om1-impl-thread1] INFO  server.RaftServerConfigKeys (ConfUtils.java:logGet(46)) - raft.server.log.appender.buffer.byte-limit = 4194304 (custom)
2024-02-27 07:08:43,952 [om1-impl-thread1] INFO  server.RaftServerConfigKeys (ConfUtils.java:logGet(46)) - raft.server.log.statemachine.data.read.timeout = 1000ms (default)
2024-02-27 07:08:43,952 [om1-impl-thread1] INFO  server.RaftServerConfigKeys (ConfUtils.java:logGet(46)) - raft.server.log.purge.preservation.log.num = 0 (default)
2024-02-27 07:08:43,957 [om1-impl-thread1] INFO  server.RaftServerConfigKeys (ConfUtils.java:logGet(46)) - raft.server.log.segment.size.max = 4194304 (custom)
2024-02-27 07:08:43,962 [om1-impl-thread1] INFO  server.RaftServerConfigKeys (ConfUtils.java:logGet(46)) - raft.server.log.segment.cache.num.max = 2 (custom)
2024-02-27 07:08:43,963 [om1-impl-thread1] INFO  server.RaftServerConfigKeys (ConfUtils.java:logGet(46)) - raft.server.log.segment.cache.size.max = 200MB (=209715200) (default)
2024-02-27 07:08:43,963 [om1-impl-thread1] INFO  server.RaftServerConfigKeys (ConfUtils.java:logGet(46)) - raft.server.log.appender.buffer.byte-limit = 4194304 (custom)
2024-02-27 07:08:43,965 [om1-impl-thread1] INFO  util.AwaitToRun (AwaitToRun.java:start(81)) - Thread[om1@group-C5BA1605619E-cacheEviction-AwaitToRun,5,main] started
2024-02-27 07:08:43,969 [om1-impl-thread1] INFO  segmented.SegmentedRaftLogWorker (SegmentedRaftLogWorker.java:<init>(182)) - new om1@group-C5BA1605619E-SegmentedRaftLogWorker for RaftStorageImpl:Storage Directory /home/runner/work/ozone/ozone/hadoop-ozone/integration-test/target/test-dir/MiniOzoneClusterImpl-73680b39-f248-4dab-999a-9bb96057e508/ozone-meta/ratis/bf265839-605b-3f16-9796-c5ba1605619e
2024-02-27 07:08:43,970 [om1-impl-thread1] INFO  server.RaftServerConfigKeys (ConfUtils.java:logGet(46)) - raft.server.log.queue.byte-limit = 64MB (=67108864) (default)
2024-02-27 07:08:43,970 [om1-impl-thread1] INFO  server.RaftServerConfigKeys (ConfUtils.java:logGet(46)) - raft.server.log.queue.element-limit = 4096 (default)
2024-02-27 07:08:43,972 [om1-impl-thread1] INFO  server.RaftServerConfigKeys (ConfUtils.java:logGet(46)) - raft.server.log.segment.size.max = 4194304 (custom)
2024-02-27 07:08:43,973 [om1-impl-thread1] INFO  server.RaftServerConfigKeys (ConfUtils.java:logGet(46)) - raft.server.log.preallocated.size = 4194304 (custom)
2024-02-27 07:08:43,973 [om1-impl-thread1] INFO  server.RaftServerConfigKeys (ConfUtils.java:logGet(46)) - raft.server.log.force.sync.num = 128 (default)
2024-02-27 07:08:43,974 [om1-impl-thread1] INFO  server.RaftServerConfigKeys (ConfUtils.java:logGet(46)) - raft.server.log.statemachine.data.sync = true (default)
2024-02-27 07:08:43,975 [om1-impl-thread1] INFO  server.RaftServerConfigKeys (ConfUtils.java:logGet(46)) - raft.server.log.statemachine.data.sync.timeout = 10s (default)
2024-02-27 07:08:43,975 [om1-impl-thread1] INFO  server.RaftServerConfigKeys (ConfUtils.java:logGet(46)) - raft.server.log.statemachine.data.sync.timeout.retry = -1 (default)
2024-02-27 07:08:43,977 [om1-impl-thread1] INFO  server.RaftServerConfigKeys (ConfUtils.java:logGet(46)) - raft.server.log.write.buffer.size = 4194312 (custom)
2024-02-27 07:08:43,978 [om1-impl-thread1] INFO  server.RaftServerConfigKeys (ConfUtils.java:logGet(46)) - raft.server.log.appender.buffer.byte-limit = 4194304 (custom)
2024-02-27 07:08:43,979 [om1-impl-thread1] INFO  server.RaftServerConfigKeys (ConfUtils.java:logGet(46)) - raft.server.log.unsafe-flush.enabled = false (default)
2024-02-27 07:08:43,979 [om1-impl-thread1] INFO  server.RaftServerConfigKeys (ConfUtils.java:logGet(46)) - raft.server.log.async-flush.enabled = false (default)
2024-02-27 07:08:43,980 [om1-impl-thread1] INFO  server.RaftServerConfigKeys (ConfUtils.java:logGet(46)) - raft.server.log.statemachine.data.caching.enabled = false (default)
2024-02-27 07:08:43,983 [om1-impl-thread1] INFO  segmented.SegmentedRaftLogWorker (SegmentedRaftLogWorker.java:lambda$new$0(134)) - om1@group-C5BA1605619E-SegmentedRaftLogWorker: flushIndex: setUnconditionally 0 -> -1
2024-02-27 07:08:43,984 [om1-impl-thread1] INFO  segmented.SegmentedRaftLogWorker (SegmentedRaftLogWorker.java:lambda$new$0(134)) - om1@group-C5BA1605619E-SegmentedRaftLogWorker: safeCacheEvictIndex: setUnconditionally 0 -> -1
2024-02-27 07:08:43,985 [om1-impl-thread1] INFO  server.RaftServer$Division (RaftServerImpl.java:start(396)) - om1@group-C5BA1605619E: start as a follower, conf=-1: peers:[om1|localhost:15007]|listeners:[], old=null
2024-02-27 07:08:43,986 [om1-impl-thread1] INFO  server.RaftServer$Division (RaftServerImpl.java:setRole(383)) - om1@group-C5BA1605619E: changes role from      null to FOLLOWER at term 0 for startAsFollower
2024-02-27 07:08:43,987 [om1-impl-thread1] INFO  impl.RoleInfo (RoleInfo.java:updateAndGet(139)) - om1: start om1@group-C5BA1605619E-FollowerState
2024-02-27 07:08:43,990 [om1-impl-thread1] INFO  util.JmxRegister (JmxRegister.java:tryRegister(44)) - Successfully registered JMX Bean with object name Ratis:service=RaftServer,group=group-C5BA1605619E,id=om1
2024-02-27 07:08:43,991 [om1-impl-thread1] INFO  server.RaftServerConfigKeys (ConfUtils.java:logGet(46)) - raft.server.snapshot.trigger-when-stop.enabled = true (default)
2024-02-27 07:08:43,992 [om1-impl-thread1] INFO  server.RaftServerConfigKeys (ConfUtils.java:logGet(46)) - raft.server.snapshot.auto.trigger.enabled = true (custom)
2024-02-27 07:08:43,992 [om1-impl-thread1] INFO  server.RaftServerConfigKeys (ConfUtils.java:logGet(46)) - raft.server.snapshot.auto.trigger.threshold = 400000 (default)
2024-02-27 07:08:43,992 [om1-impl-thread1] INFO  server.RaftServerConfigKeys (ConfUtils.java:logGet(46)) - raft.server.snapshot.retention.file.num = -1 (default)
2024-02-27 07:08:43,993 [om1-impl-thread1] INFO  server.RaftServerConfigKeys (ConfUtils.java:logGet(46)) - raft.server.log.purge.upto.snapshot.index = true (custom)
2024-02-27 07:08:43,994 [om1@group-C5BA1605619E-FollowerState] INFO  server.RaftServerConfigKeys (ConfUtils.java:logFallback(53)) - raft.server.rpc.first-election.timeout.min = 1s (fallback to raft.server.rpc.timeout.min)
2024-02-27 07:08:43,996 [om1@group-C5BA1605619E-FollowerState] INFO  server.RaftServerConfigKeys (ConfUtils.java:logFallback(53)) - raft.server.rpc.first-election.timeout.max = 1200ms (fallback to raft.server.rpc.timeout.max)
2024-02-27 07:08:43,998 [main] INFO  server.RaftServer (RaftServerProxy.java:startImpl(406)) - om1: start RPC server
2024-02-27 07:08:44,031 [main] INFO  server.GrpcService (GrpcService.java:startImpl(302)) - om1: GrpcService started, listening on 15007
2024-02-27 07:08:44,032 [JvmPauseMonitor1] INFO  util.JvmPauseMonitor (JvmPauseMonitor.java:run(146)) - JvmPauseMonitor-om1: Started
2024-02-27 07:08:44,033 [main] INFO  om.OzoneManager (OzoneManager.java:start(1644)) - Version File has different layout version (6) than OM DB (null). That is expected if this OM has never been finalized to a newer layout version.
2024-02-27 07:08:44,067 [main] INFO  http.BaseHttpServer (BaseHttpServer.java:newHttpServer2BuilderForOzone(223)) - Starting Web-server for ozoneManager at: http://0.0.0.0:15005
2024-02-27 07:08:44,069 [main] INFO  http.BaseHttpServer (BaseHttpServer.java:<init>(110)) - Hadoop Security Enabled: false Ozone Security Enabled: false Ozone HTTP Security Enabled: false 
2024-02-27 07:08:44,071 [main] WARN  server.AuthenticationFilter (AuthenticationFilter.java:constructSecretProvider(240)) - Unable to initialize FileSignerSecretProvider, falling back to use random secrets. Reason: Could not read signature secret file: /home/runner/hadoop-http-auth-signature-secret
2024-02-27 07:08:44,073 [main] INFO  http.HttpRequestLog (HttpRequestLog.java:getRequestLog(86)) - Http request log for http.requests.ozoneManager is not defined
2024-02-27 07:08:44,076 [main] INFO  http.HttpServer2 (HttpServer2.java:addGlobalFilter(1036)) - Added global filter 'safety' (class=org.apache.hadoop.hdds.server.http.HttpServer2$QuotingInputFilter)
2024-02-27 07:08:44,077 [main] INFO  http.HttpServer2 (HttpServer2.java:addFilter(1012)) - Added filter static_user_filter (class=org.apache.hadoop.http.lib.StaticUserWebFilter$StaticUserFilter) to context ozoneManager
2024-02-27 07:08:44,077 [main] INFO  http.HttpServer2 (HttpServer2.java:addFilter(1020)) - Added filter static_user_filter (class=org.apache.hadoop.http.lib.StaticUserWebFilter$StaticUserFilter) to context static
2024-02-27 07:08:44,077 [main] INFO  http.HttpServer2 (HttpServer2.java:addFilter(1020)) - Added filter static_user_filter (class=org.apache.hadoop.http.lib.StaticUserWebFilter$StaticUserFilter) to context logs
2024-02-27 07:08:44,079 [main] INFO  http.BaseHttpServer (BaseHttpServer.java:<init>(189)) - HTTP server of ozoneManager uses base directory /home/runner/work/ozone/ozone/hadoop-ozone/integration-test/target/test-dir/MiniOzoneClusterImpl-73680b39-f248-4dab-999a-9bb96057e508/ozone-meta/webserver
2024-02-27 07:08:44,083 [main] INFO  http.HttpServer2 (HttpServer2.java:bindListener(1236)) - Jetty bound to port 15005
2024-02-27 07:08:44,084 [main] INFO  server.Server (Server.java:doStart(375)) - jetty-9.4.53.v20231009; built: 2023-10-09T12:29:09.265Z; git: 27bde00a0b95a1d5bbee0eae7984f891d2d0f8c9; jvm 1.8.0_402-b06
2024-02-27 07:08:44,092 [main] INFO  server.session (DefaultSessionIdManager.java:doStart(334)) - DefaultSessionIdManager workerName=node0
2024-02-27 07:08:44,092 [main] INFO  server.session (DefaultSessionIdManager.java:doStart(339)) - No SessionScavenger set, using defaults
2024-02-27 07:08:44,092 [main] INFO  server.session (HouseKeeper.java:startScavenging(132)) - node0 Scavenging every 660000ms
2024-02-27 07:08:44,094 [main] INFO  handler.ContextHandler (ContextHandler.java:doStart(921)) - Started o.e.j.s.ServletContextHandler@6b647dde{logs,/logs,file:///home/runner/work/ozone/ozone/hadoop-ozone/integration-test/target/log,AVAILABLE}
2024-02-27 07:08:44,094 [main] INFO  handler.ContextHandler (ContextHandler.java:doStart(921)) - Started o.e.j.s.ServletContextHandler@3c07d704{static,/static,file:///home/runner/work/ozone/ozone/hadoop-ozone/integration-test/target/test-classes/webapps/static,AVAILABLE}
2024-02-27 07:08:44,100 [main] INFO  handler.ContextHandler (ContextHandler.java:doStart(921)) - Started o.e.j.w.WebAppContext@7a3a7f99{ozoneManager,/,file:///home/runner/work/ozone/ozone/hadoop-ozone/integration-test/target/test-classes/webapps/ozoneManager/,AVAILABLE}{file:/home/runner/work/ozone/ozone/hadoop-ozone/integration-test/target/test-classes/webapps/ozoneManager}
2024-02-27 07:08:44,102 [main] INFO  server.AbstractConnector (AbstractConnector.java:doStart(333)) - Started ServerConnector@500c0bda{HTTP/1.1, (http/1.1)}{0.0.0.0:15005}
2024-02-27 07:08:44,103 [main] INFO  server.Server (Server.java:doStart(415)) - Started @6024ms
2024-02-27 07:08:44,103 [main] WARN  impl.MetricsSystemImpl (MetricsSystemImpl.java:register(279)) - Sink prometheus already exists!
2024-02-27 07:08:44,104 [main] INFO  http.BaseHttpServer (BaseHttpServer.java:updateConnectorAddress(354)) - HTTP server of ozoneManager listening at http://0.0.0.0:15005
2024-02-27 07:08:44,105 [IPC Server Responder] INFO  ipc.Server (Server.java:run(1562)) - IPC Server Responder: starting
2024-02-27 07:08:44,111 [IPC Server listener on 15004] INFO  ipc.Server (Server.java:run(1402)) - IPC Server listener on 15004: starting
2024-02-27 07:08:44,112 [main] INFO  om.OzoneManager (OzoneManager.java:startTrashEmptier(2093)) - Trash Interval set to 0. Files deleted won't move to trash
2024-02-27 07:08:44,122 [main] INFO  db.CodecBuffer (CodecBuffer.java:set(63)) - Successfully set constructor to org.apache.hadoop.hdds.utils.db.CodecBuffer$$Lambda$943/2116117496@477ad3b6
2024-02-27 07:08:44,210 [main] WARN  dropwizard3.Dm3MetricRegistriesImpl (Dm3MetricRegistriesImpl.java:addReporterRegistration(113)) - New reporters are added after registries were created. Some metrics will be missing from the reporter. Please add reporter before adding any new registry.
2024-02-27 07:08:44,211 [main] WARN  dropwizard3.Dm3MetricRegistriesImpl (Dm3MetricRegistriesImpl.java:addReporterRegistration(113)) - New reporters are added after registries were created. Some metrics will be missing from the reporter. Please add reporter before adding any new registry.
2024-02-27 07:08:44,211 [main] INFO  impl.MetricsSystemImpl (MetricsSystemImpl.java:init(158)) - HddsDatanode metrics system started (again)
2024-02-27 07:08:44,231 [main] INFO  ozone.HddsDatanodeService (HddsDatanodeService.java:start(240)) - HddsDatanodeService host:fv-az1496-250.f1h4rheolecetjhvv40pmv1bec.bx.internal.cloudapp.net ip:10.1.0.21
2024-02-27 07:08:44,253 [main] INFO  upgrade.AbstractLayoutVersionManager (AbstractLayoutVersionManager.java:init(83)) - Initializing Layout version manager with metadata layout = HADOOP_PRC_PORTS_IN_DATANODEDETAILS (version = 7), software layout = HADOOP_PRC_PORTS_IN_DATANODEDETAILS (version = 7)
2024-02-27 07:08:44,255 [main] INFO  statemachine.DatanodeStateMachine (DatanodeStateMachine.java:getEndPointTaskThreadPoolSize(299)) - Datanode State Machine Task Thread Pool size 2
2024-02-27 07:08:44,300 [main] INFO  volume.HddsVolume (HddsVolume.java:<init>(125)) - Creating HddsVolume: /home/runner/work/ozone/ozone/hadoop-ozone/integration-test/target/test-dir/MiniOzoneClusterImpl-73680b39-f248-4dab-999a-9bb96057e508/ozone-meta/datanode-1/data-0/hdds of storage type : DISK capacity : 9223372036854775807
2024-02-27 07:08:44,302 [main] INFO  volume.MutableVolumeSet (MutableVolumeSet.java:initializeVolumeSet(173)) - Added Volume : /home/runner/work/ozone/ozone/hadoop-ozone/integration-test/target/test-dir/MiniOzoneClusterImpl-73680b39-f248-4dab-999a-9bb96057e508/ozone-meta/datanode-1/data-0/hdds to VolumeSet
2024-02-27 07:08:44,306 [main] INFO  volume.MutableVolumeSet (MutableVolumeSet.java:initializeVolumeSet(173)) - Added Volume : /home/runner/work/ozone/ozone/hadoop-ozone/integration-test/target/test-dir/MiniOzoneClusterImpl-73680b39-f248-4dab-999a-9bb96057e508/ozone-meta/datanode-1/ratis to VolumeSet
2024-02-27 07:08:44,309 [main] INFO  ozoneimpl.OzoneContainer (HddsVolumeUtil.java:loadAllHddsVolumeDbStore(103)) - Load 1 volumes DbStore cost: 0ms
2024-02-27 07:08:44,356 [main] INFO  audit.AuditLogger (AuditLogger.java:refreshDebugCmdSet(135)) - Refresh DebugCmdSet for DNAudit to [].
2024-02-27 07:08:44,379 [main] INFO  server.RaftServer (ConfUtils.java:logGet(46)) - raft.rpc.type = GRPC (default)
2024-02-27 07:08:44,380 [main] INFO  grpc.GrpcConfigKeys (ConfUtils.java:logFallback(53)) - raft.grpc.admin.host = null (fallback to raft.grpc.server.host)
2024-02-27 07:08:44,380 [main] INFO  grpc.GrpcConfigKeys (ConfUtils.java:logGet(46)) - raft.grpc.admin.port = 15013 (custom)
2024-02-27 07:08:44,380 [main] INFO  grpc.GrpcConfigKeys (ConfUtils.java:logFallback(53)) - raft.grpc.client.host = null (fallback to raft.grpc.server.host)
2024-02-27 07:08:44,380 [main] INFO  grpc.GrpcConfigKeys (ConfUtils.java:logGet(46)) - raft.grpc.client.port = 15012 (custom)
2024-02-27 07:08:44,381 [main] INFO  grpc.GrpcConfigKeys (ConfUtils.java:logGet(46)) - raft.grpc.server.host = null (default)
2024-02-27 07:08:44,381 [main] INFO  grpc.GrpcConfigKeys (ConfUtils.java:logGet(46)) - raft.grpc.server.port = 15014 (custom)
2024-02-27 07:08:44,381 [main] INFO  server.GrpcService (ConfUtils.java:logGet(46)) - raft.grpc.message.size.max = 32MB (=33554432) (custom)
2024-02-27 07:08:44,382 [main] INFO  server.RaftServerConfigKeys (ConfUtils.java:logGet(46)) - raft.server.log.appender.buffer.byte-limit = 8388608 (custom)
2024-02-27 07:08:44,382 [main] INFO  server.GrpcService (ConfUtils.java:logGet(46)) - raft.grpc.flow.control.window = 5MB (=5242880) (custom)
2024-02-27 07:08:44,382 [main] INFO  server.RaftServerConfigKeys (ConfUtils.java:logGet(46)) - raft.server.rpc.request.timeout = 3000ms (default)
2024-02-27 07:08:44,382 [main] INFO  grpc.GrpcConfigKeys (ConfUtils.java:logGet(46)) - raft.grpc.server.heartbeat.channel = true (default)
2024-02-27 07:08:44,383 [main] INFO  grpc.GrpcConfigKeys (ConfUtils.java:logGet(46)) - raft.grpc.server.async.request.thread.pool.cached = true (default)
2024-02-27 07:08:44,383 [main] INFO  grpc.GrpcConfigKeys (ConfUtils.java:logGet(46)) - raft.grpc.server.async.request.thread.pool.size = 32 (default)
2024-02-27 07:08:44,385 [main] INFO  impl.DataStreamServerImpl (ConfUtils.java:logGet(46)) - raft.datastream.type = NETTY (custom)
2024-02-27 07:08:44,397 [main] INFO  server.RaftServerConfigKeys (ConfUtils.java:logGet(46)) - raft.server.data-stream.async.request.thread.pool.cached = false (default)
2024-02-27 07:08:44,397 [main] INFO  server.RaftServerConfigKeys (ConfUtils.java:logGet(46)) - raft.server.data-stream.async.request.thread.pool.size = 20 (custom)
2024-02-27 07:08:44,398 [main] INFO  server.RaftServerConfigKeys (ConfUtils.java:logGet(46)) - raft.server.data-stream.async.write.thread.pool.size = 16 (default)
2024-02-27 07:08:44,398 [main] INFO  netty.NettyConfigKeys$DataStream (ConfUtils.java:logGet(46)) - raft.netty.dataStream.server.channel.inactive.grace-period = 10min (default)
2024-02-27 07:08:44,399 [main] INFO  server.RaftServerConfigKeys (ConfUtils.java:logGet(46)) - raft.server.data-stream.client.pool.size = 10 (default)
2024-02-27 07:08:44,401 [main] INFO  netty.NettyConfigKeys$DataStream (ConfUtils.java:logGet(46)) - raft.netty.dataStream.server.use-epoll = true (default)
2024-02-27 07:08:44,401 [main] INFO  netty.NettyConfigKeys$DataStream (ConfUtils.java:logGet(46)) - raft.netty.dataStream.server.boss-group.size = 0 (default)
2024-02-27 07:08:44,402 [main] INFO  netty.NettyUtils (NettyUtils.java:newEventLoopGroup(69)) - Create EpollEventLoopGroup for 49a99776-1504-4c11-88b9-d65d97124402-NettyServerStreamRpc-bossGroup; Thread size is 0.
2024-02-27 07:08:44,433 [main] INFO  netty.NettyConfigKeys$DataStream (ConfUtils.java:logGet(46)) - raft.netty.dataStream.server.worker-group.size = 0 (default)
2024-02-27 07:08:44,433 [main] INFO  netty.NettyUtils (NettyUtils.java:newEventLoopGroup(69)) - Create EpollEventLoopGroup for 49a99776-1504-4c11-88b9-d65d97124402-NettyServerStreamRpc-workerGroup; Thread size is 0.
2024-02-27 07:08:44,435 [main] INFO  netty.NettyConfigKeys$DataStream (ConfUtils.java:logGet(46)) - raft.netty.dataStream.server.tls.conf = null (default)
2024-02-27 07:08:44,436 [main] INFO  netty.NettyConfigKeys$DataStream (ConfUtils.java:logGet(46)) - raft.netty.dataStream.host = null (default)
2024-02-27 07:08:44,437 [main] INFO  netty.NettyConfigKeys$DataStream (ConfUtils.java:logGet(46)) - raft.netty.dataStream.port = 15015 (custom)
2024-02-27 07:08:44,442 [main] INFO  server.RaftServerConfigKeys (ConfUtils.java:logGet(46)) - raft.server.sleep.deviation.threshold = 300ms (default)
2024-02-27 07:08:44,442 [main] INFO  server.RaftServerConfigKeys (ConfUtils.java:logGet(46)) - raft.server.close.threshold = 60s (default)
2024-02-27 07:08:44,442 [main] INFO  server.RaftServerConfigKeys (ConfUtils.java:logGet(46)) - raft.server.leaderelection.leader.step-down.wait-time = 10s (default)
2024-02-27 07:08:44,443 [main] INFO  server.RaftServerConfigKeys (ConfUtils.java:logGet(46)) - raft.server.storage.dir = [/home/runner/work/ozone/ozone/hadoop-ozone/integration-test/target/test-dir/MiniOzoneClusterImpl-73680b39-f248-4dab-999a-9bb96057e508/ozone-meta/datanode-1/ratis] (custom)
2024-02-27 07:08:44,443 [main] INFO  server.RaftServerConfigKeys (ConfUtils.java:logGet(46)) - raft.server.threadpool.proxy.cached = true (default)
2024-02-27 07:08:44,443 [main] INFO  server.RaftServerConfigKeys (ConfUtils.java:logGet(46)) - raft.server.threadpool.proxy.size = 0 (default)
2024-02-27 07:08:44,445 [49a99776-1504-4c11-88b9-d65d97124402-impl-thread1] INFO  server.RaftServer (RaftServerProxy.java:initGroupDir(264)) - 49a99776-1504-4c11-88b9-d65d97124402: found a subdirectory /home/runner/work/ozone/ozone/hadoop-ozone/integration-test/target/test-dir/MiniOzoneClusterImpl-73680b39-f248-4dab-999a-9bb96057e508/ozone-meta/datanode-1/ratis/tmp
2024-02-27 07:08:44,446 [49a99776-1504-4c11-88b9-d65d97124402-impl-thread1] INFO  server.RaftServer (RaftServerProxy.java:initGroupDir(269)) - 49a99776-1504-4c11-88b9-d65d97124402: The directory /home/runner/work/ozone/ozone/hadoop-ozone/integration-test/target/test-dir/MiniOzoneClusterImpl-73680b39-f248-4dab-999a-9bb96057e508/ozone-meta/datanode-1/ratis/tmp is not a group directory; ignoring it. 
2024-02-27 07:08:44,449 [main] INFO  replication.ReplicationServer (ReplicationServer.java:<init>(86)) - Initializing replication server with thread count = 10 queue length = 4096
2024-02-27 07:08:44,452 [49a99776-1504-4c11-88b9-d65d97124402-NettyServerStreamRpc-bossGroup--thread1] INFO  logging.LoggingHandler (AbstractInternalLogger.java:log(148)) - [id: 0xf4bde03d] REGISTERED
2024-02-27 07:08:44,452 [49a99776-1504-4c11-88b9-d65d97124402-NettyServerStreamRpc-bossGroup--thread1] INFO  logging.LoggingHandler (AbstractInternalLogger.java:log(148)) - [id: 0xf4bde03d] BIND: 0.0.0.0/0.0.0.0:15015
2024-02-27 07:08:44,452 [49a99776-1504-4c11-88b9-d65d97124402-NettyServerStreamRpc-bossGroup--thread1] INFO  logging.LoggingHandler (AbstractInternalLogger.java:log(148)) - [id: 0xf4bde03d, L:/0.0.0.0:15015] ACTIVE
2024-02-27 07:08:44,465 [main] INFO  server.XceiverServerGrpc (XceiverServerGrpc.java:<init>(141)) - GrpcServer channel type EpollServerSocketChannel
2024-02-27 07:08:44,531 [main] INFO  replication.ReplicationSupervisor (ReplicationSupervisor.java:build(163)) - Initializing replication supervisor with thread count = 10
2024-02-27 07:08:44,532 [main] INFO  replication.ReplicationSupervisor (ReplicationSupervisor.java:nodeStateUpdated(317)) - Node state updated to IN_SERVICE, scaling executor pool size to 10
2024-02-27 07:08:44,592 [main] INFO  http.BaseHttpServer (BaseHttpServer.java:newHttpServer2BuilderForOzone(223)) - Starting Web-server for hddsDatanode at: http://0.0.0.0:15009
2024-02-27 07:08:44,592 [main] INFO  http.BaseHttpServer (BaseHttpServer.java:<init>(110)) - Hadoop Security Enabled: false Ozone Security Enabled: false Ozone HTTP Security Enabled: false 
2024-02-27 07:08:44,594 [main] WARN  server.AuthenticationFilter (AuthenticationFilter.java:constructSecretProvider(240)) - Unable to initialize FileSignerSecretProvider, falling back to use random secrets. Reason: Could not read signature secret file: /home/runner/hadoop-http-auth-signature-secret
2024-02-27 07:08:44,594 [main] INFO  http.HttpRequestLog (HttpRequestLog.java:getRequestLog(86)) - Http request log for http.requests.hddsDatanode is not defined
2024-02-27 07:08:44,596 [main] INFO  http.HttpServer2 (HttpServer2.java:addGlobalFilter(1036)) - Added global filter 'safety' (class=org.apache.hadoop.hdds.server.http.HttpServer2$QuotingInputFilter)
2024-02-27 07:08:44,597 [main] INFO  http.HttpServer2 (HttpServer2.java:addFilter(1012)) - Added filter static_user_filter (class=org.apache.hadoop.http.lib.StaticUserWebFilter$StaticUserFilter) to context hddsDatanode
2024-02-27 07:08:44,598 [main] INFO  http.HttpServer2 (HttpServer2.java:addFilter(1020)) - Added filter static_user_filter (class=org.apache.hadoop.http.lib.StaticUserWebFilter$StaticUserFilter) to context logs
2024-02-27 07:08:44,598 [main] INFO  http.HttpServer2 (HttpServer2.java:addFilter(1020)) - Added filter static_user_filter (class=org.apache.hadoop.http.lib.StaticUserWebFilter$StaticUserFilter) to context static
2024-02-27 07:08:44,599 [main] INFO  http.BaseHttpServer (BaseHttpServer.java:<init>(189)) - HTTP server of hddsDatanode uses base directory /home/runner/work/ozone/ozone/hadoop-ozone/integration-test/target/test-dir/MiniOzoneClusterImpl-73680b39-f248-4dab-999a-9bb96057e508/ozone-meta/datanode-1/meta/webserver
2024-02-27 07:08:44,599 [main] INFO  http.HttpServer2 (HttpServer2.java:bindListener(1236)) - Jetty bound to port 15009
2024-02-27 07:08:44,599 [main] INFO  server.Server (Server.java:doStart(375)) - jetty-9.4.53.v20231009; built: 2023-10-09T12:29:09.265Z; git: 27bde00a0b95a1d5bbee0eae7984f891d2d0f8c9; jvm 1.8.0_402-b06
2024-02-27 07:08:44,602 [main] INFO  server.session (DefaultSessionIdManager.java:doStart(334)) - DefaultSessionIdManager workerName=node0
2024-02-27 07:08:44,602 [main] INFO  server.session (DefaultSessionIdManager.java:doStart(339)) - No SessionScavenger set, using defaults
2024-02-27 07:08:44,602 [main] INFO  server.session (HouseKeeper.java:startScavenging(132)) - node0 Scavenging every 660000ms
2024-02-27 07:08:44,603 [main] INFO  handler.ContextHandler (ContextHandler.java:doStart(921)) - Started o.e.j.s.ServletContextHandler@41d08b91{logs,/logs,file:///home/runner/work/ozone/ozone/hadoop-ozone/integration-test/target/log,AVAILABLE}
2024-02-27 07:08:44,603 [main] INFO  handler.ContextHandler (ContextHandler.java:doStart(921)) - Started o.e.j.s.ServletContextHandler@6cac7310{static,/static,jar:file:/home/runner/.m2/repository/org/apache/ozone/hdds-container-service/1.5.0-SNAPSHOT/hdds-container-service-1.5.0-SNAPSHOT.jar!/webapps/static,AVAILABLE}
2024-02-27 07:08:44,649 [main] INFO  handler.ContextHandler (ContextHandler.java:doStart(921)) - Started o.e.j.w.WebAppContext@34e422c6{hddsDatanode,/,file:///home/runner/work/ozone/ozone/hadoop-ozone/integration-test/target/test-dir/MiniOzoneClusterImpl-73680b39-f248-4dab-999a-9bb96057e508/ozone-meta/datanode-1/meta/webserver/jetty-0_0_0_0-15009-hdds-container-service-1_5_0-SNAPSHOT_jar-_-any-1688938605560349115/webapp/,AVAILABLE}{jar:file:/home/runner/.m2/repository/org/apache/ozone/hdds-container-service/1.5.0-SNAPSHOT/hdds-container-service-1.5.0-SNAPSHOT.jar!/webapps/hddsDatanode}
2024-02-27 07:08:44,651 [main] INFO  server.AbstractConnector (AbstractConnector.java:doStart(333)) - Started ServerConnector@107072dd{HTTP/1.1, (http/1.1)}{0.0.0.0:15009}
2024-02-27 07:08:44,651 [main] INFO  server.Server (Server.java:doStart(415)) - Started @6572ms
2024-02-27 07:08:44,651 [main] WARN  impl.MetricsSystemImpl (MetricsSystemImpl.java:register(279)) - Sink prometheus already exists!
2024-02-27 07:08:44,652 [main] INFO  http.BaseHttpServer (BaseHttpServer.java:updateConnectorAddress(354)) - HTTP server of hddsDatanode listening at http://0.0.0.0:15009
2024-02-27 07:08:44,654 [main] INFO  ipc.CallQueueManager (CallQueueManager.java:<init>(90)) - Using callQueue: class java.util.concurrent.LinkedBlockingQueue, queueCapacity: 100, scheduler: class org.apache.hadoop.ipc.DefaultRpcScheduler, ipcBackoff: false.
2024-02-27 07:08:44,655 [main] INFO  ipc.Server (Server.java:<init>(1287)) - Listener at 0.0.0.0:15010
2024-02-27 07:08:44,655 [Socket Reader #1 for port 15010] INFO  ipc.Server (Server.java:run(1323)) - Starting Socket Reader #1 for port 15010
2024-02-27 07:08:44,657 [main] INFO  ozone.HddsDatanodeService (HddsDatanodeService.java:start(327)) - Datanode start with admins: [runner]
2024-02-27 07:08:44,657 [main] INFO  ozone.HddsDatanodeClientProtocolServer (HddsDatanodeClientProtocolServer.java:start(77)) - RPC server for Client /0.0.0.0:15010
2024-02-27 07:08:44,658 [IPC Server Responder] INFO  ipc.Server (Server.java:run(1562)) - IPC Server Responder: starting
2024-02-27 07:08:44,658 [IPC Server listener on 15010] INFO  ipc.Server (Server.java:run(1402)) - IPC Server listener on 15010: starting
2024-02-27 07:08:44,660 [49a99776-1504-4c11-88b9-d65d97124402-DatanodeStateMachineDaemonThread] INFO  statemachine.DatanodeStateMachine (DatanodeStateMachine.java:lambda$startDaemon$1(555)) - Ozone container server started.
2024-02-27 07:08:44,663 [main] WARN  dropwizard3.Dm3MetricRegistriesImpl (Dm3MetricRegistriesImpl.java:addReporterRegistration(113)) - New reporters are added after registries were created. Some metrics will be missing from the reporter. Please add reporter before adding any new registry.
2024-02-27 07:08:44,663 [main] WARN  dropwizard3.Dm3MetricRegistriesImpl (Dm3MetricRegistriesImpl.java:addReporterRegistration(113)) - New reporters are added after registries were created. Some metrics will be missing from the reporter. Please add reporter before adding any new registry.
2024-02-27 07:08:44,663 [main] INFO  impl.MetricsSystemImpl (MetricsSystemImpl.java:init(158)) - HddsDatanode metrics system started (again)
2024-02-27 07:08:44,676 [main] INFO  ozone.HddsDatanodeService (HddsDatanodeService.java:start(240)) - HddsDatanodeService host:fv-az1496-250.f1h4rheolecetjhvv40pmv1bec.bx.internal.cloudapp.net ip:10.1.0.21
2024-02-27 07:08:44,705 [main] INFO  upgrade.AbstractLayoutVersionManager (AbstractLayoutVersionManager.java:init(83)) - Initializing Layout version manager with metadata layout = HADOOP_PRC_PORTS_IN_DATANODEDETAILS (version = 7), software layout = HADOOP_PRC_PORTS_IN_DATANODEDETAILS (version = 7)
2024-02-27 07:08:44,706 [main] INFO  statemachine.DatanodeStateMachine (DatanodeStateMachine.java:getEndPointTaskThreadPoolSize(299)) - Datanode State Machine Task Thread Pool size 2
2024-02-27 07:08:44,711 [main] INFO  volume.HddsVolume (HddsVolume.java:<init>(125)) - Creating HddsVolume: /home/runner/work/ozone/ozone/hadoop-ozone/integration-test/target/test-dir/MiniOzoneClusterImpl-73680b39-f248-4dab-999a-9bb96057e508/ozone-meta/datanode-2/data-0/hdds of storage type : DISK capacity : 9223372036854775807
2024-02-27 07:08:44,711 [main] INFO  volume.MutableVolumeSet (MutableVolumeSet.java:initializeVolumeSet(173)) - Added Volume : /home/runner/work/ozone/ozone/hadoop-ozone/integration-test/target/test-dir/MiniOzoneClusterImpl-73680b39-f248-4dab-999a-9bb96057e508/ozone-meta/datanode-2/data-0/hdds to VolumeSet
2024-02-27 07:08:44,712 [main] INFO  volume.MutableVolumeSet (MutableVolumeSet.java:initializeVolumeSet(173)) - Added Volume : /home/runner/work/ozone/ozone/hadoop-ozone/integration-test/target/test-dir/MiniOzoneClusterImpl-73680b39-f248-4dab-999a-9bb96057e508/ozone-meta/datanode-2/ratis to VolumeSet
2024-02-27 07:08:44,713 [main] INFO  ozoneimpl.OzoneContainer (HddsVolumeUtil.java:loadAllHddsVolumeDbStore(103)) - Load 1 volumes DbStore cost: 0ms
2024-02-27 07:08:44,717 [main] INFO  server.RaftServer (ConfUtils.java:logGet(46)) - raft.rpc.type = GRPC (default)
2024-02-27 07:08:44,717 [main] INFO  grpc.GrpcConfigKeys (ConfUtils.java:logFallback(53)) - raft.grpc.admin.host = null (fallback to raft.grpc.server.host)
2024-02-27 07:08:44,717 [main] INFO  grpc.GrpcConfigKeys (ConfUtils.java:logGet(46)) - raft.grpc.admin.port = 15022 (custom)
2024-02-27 07:08:44,718 [main] INFO  grpc.GrpcConfigKeys (ConfUtils.java:logFallback(53)) - raft.grpc.client.host = null (fallback to raft.grpc.server.host)
2024-02-27 07:08:44,718 [main] INFO  grpc.GrpcConfigKeys (ConfUtils.java:logGet(46)) - raft.grpc.client.port = 15021 (custom)
2024-02-27 07:08:44,718 [main] INFO  grpc.GrpcConfigKeys (ConfUtils.java:logGet(46)) - raft.grpc.server.host = null (default)
2024-02-27 07:08:44,718 [main] INFO  grpc.GrpcConfigKeys (ConfUtils.java:logGet(46)) - raft.grpc.server.port = 15023 (custom)
2024-02-27 07:08:44,719 [main] INFO  server.GrpcService (ConfUtils.java:logGet(46)) - raft.grpc.message.size.max = 32MB (=33554432) (custom)
2024-02-27 07:08:44,719 [main] INFO  server.RaftServerConfigKeys (ConfUtils.java:logGet(46)) - raft.server.log.appender.buffer.byte-limit = 8388608 (custom)
2024-02-27 07:08:44,719 [main] INFO  server.GrpcService (ConfUtils.java:logGet(46)) - raft.grpc.flow.control.window = 5MB (=5242880) (custom)
2024-02-27 07:08:44,719 [main] INFO  server.RaftServerConfigKeys (ConfUtils.java:logGet(46)) - raft.server.rpc.request.timeout = 3000ms (default)
2024-02-27 07:08:44,720 [main] INFO  grpc.GrpcConfigKeys (ConfUtils.java:logGet(46)) - raft.grpc.server.heartbeat.channel = true (default)
2024-02-27 07:08:44,720 [main] INFO  grpc.GrpcConfigKeys (ConfUtils.java:logGet(46)) - raft.grpc.server.async.request.thread.pool.cached = true (default)
2024-02-27 07:08:44,720 [main] INFO  grpc.GrpcConfigKeys (ConfUtils.java:logGet(46)) - raft.grpc.server.async.request.thread.pool.size = 32 (default)
2024-02-27 07:08:44,722 [main] INFO  impl.DataStreamServerImpl (ConfUtils.java:logGet(46)) - raft.datastream.type = NETTY (custom)
2024-02-27 07:08:44,723 [main] INFO  server.RaftServerConfigKeys (ConfUtils.java:logGet(46)) - raft.server.data-stream.async.request.thread.pool.cached = false (default)
2024-02-27 07:08:44,723 [main] INFO  server.RaftServerConfigKeys (ConfUtils.java:logGet(46)) - raft.server.data-stream.async.request.thread.pool.size = 20 (custom)
2024-02-27 07:08:44,723 [main] INFO  server.RaftServerConfigKeys (ConfUtils.java:logGet(46)) - raft.server.data-stream.async.write.thread.pool.size = 16 (default)
2024-02-27 07:08:44,724 [main] INFO  netty.NettyConfigKeys$DataStream (ConfUtils.java:logGet(46)) - raft.netty.dataStream.server.channel.inactive.grace-period = 10min (default)
2024-02-27 07:08:44,724 [main] INFO  server.RaftServerConfigKeys (ConfUtils.java:logGet(46)) - raft.server.data-stream.client.pool.size = 10 (default)
2024-02-27 07:08:44,724 [main] INFO  netty.NettyConfigKeys$DataStream (ConfUtils.java:logGet(46)) - raft.netty.dataStream.server.use-epoll = true (default)
2024-02-27 07:08:44,724 [main] INFO  netty.NettyConfigKeys$DataStream (ConfUtils.java:logGet(46)) - raft.netty.dataStream.server.boss-group.size = 0 (default)
2024-02-27 07:08:44,724 [main] INFO  netty.NettyUtils (NettyUtils.java:newEventLoopGroup(69)) - Create EpollEventLoopGroup for 0ea19766-ee81-4032-bca9-1401e49b4249-NettyServerStreamRpc-bossGroup; Thread size is 0.
2024-02-27 07:08:44,725 [main] INFO  netty.NettyConfigKeys$DataStream (ConfUtils.java:logGet(46)) - raft.netty.dataStream.server.worker-group.size = 0 (default)
2024-02-27 07:08:44,725 [main] INFO  netty.NettyUtils (NettyUtils.java:newEventLoopGroup(69)) - Create EpollEventLoopGroup for 0ea19766-ee81-4032-bca9-1401e49b4249-NettyServerStreamRpc-workerGroup; Thread size is 0.
2024-02-27 07:08:44,726 [main] INFO  netty.NettyConfigKeys$DataStream (ConfUtils.java:logGet(46)) - raft.netty.dataStream.server.tls.conf = null (default)
2024-02-27 07:08:44,726 [main] INFO  netty.NettyConfigKeys$DataStream (ConfUtils.java:logGet(46)) - raft.netty.dataStream.host = null (default)
2024-02-27 07:08:44,726 [main] INFO  netty.NettyConfigKeys$DataStream (ConfUtils.java:logGet(46)) - raft.netty.dataStream.port = 15024 (custom)
2024-02-27 07:08:44,727 [main] INFO  server.RaftServerConfigKeys (ConfUtils.java:logGet(46)) - raft.server.sleep.deviation.threshold = 300ms (default)
2024-02-27 07:08:44,727 [main] INFO  server.RaftServerConfigKeys (ConfUtils.java:logGet(46)) - raft.server.close.threshold = 60s (default)
2024-02-27 07:08:44,727 [main] INFO  server.RaftServerConfigKeys (ConfUtils.java:logGet(46)) - raft.server.leaderelection.leader.step-down.wait-time = 10s (default)
2024-02-27 07:08:44,728 [main] INFO  server.RaftServerConfigKeys (ConfUtils.java:logGet(46)) - raft.server.storage.dir = [/home/runner/work/ozone/ozone/hadoop-ozone/integration-test/target/test-dir/MiniOzoneClusterImpl-73680b39-f248-4dab-999a-9bb96057e508/ozone-meta/datanode-2/ratis] (custom)
2024-02-27 07:08:44,730 [main] INFO  server.RaftServerConfigKeys (ConfUtils.java:logGet(46)) - raft.server.threadpool.proxy.cached = true (default)
2024-02-27 07:08:44,731 [main] INFO  server.RaftServerConfigKeys (ConfUtils.java:logGet(46)) - raft.server.threadpool.proxy.size = 0 (default)
2024-02-27 07:08:44,734 [0ea19766-ee81-4032-bca9-1401e49b4249-impl-thread1] INFO  server.RaftServer (RaftServerProxy.java:initGroupDir(264)) - 0ea19766-ee81-4032-bca9-1401e49b4249: found a subdirectory /home/runner/work/ozone/ozone/hadoop-ozone/integration-test/target/test-dir/MiniOzoneClusterImpl-73680b39-f248-4dab-999a-9bb96057e508/ozone-meta/datanode-2/ratis/tmp
2024-02-27 07:08:44,734 [0ea19766-ee81-4032-bca9-1401e49b4249-impl-thread1] INFO  server.RaftServer (RaftServerProxy.java:initGroupDir(269)) - 0ea19766-ee81-4032-bca9-1401e49b4249: The directory /home/runner/work/ozone/ozone/hadoop-ozone/integration-test/target/test-dir/MiniOzoneClusterImpl-73680b39-f248-4dab-999a-9bb96057e508/ozone-meta/datanode-2/ratis/tmp is not a group directory; ignoring it. 
2024-02-27 07:08:44,734 [main] INFO  replication.ReplicationServer (ReplicationServer.java:<init>(86)) - Initializing replication server with thread count = 10 queue length = 4096
2024-02-27 07:08:44,731 [0ea19766-ee81-4032-bca9-1401e49b4249-NettyServerStreamRpc-bossGroup--thread1] INFO  logging.LoggingHandler (AbstractInternalLogger.java:log(148)) - [id: 0xf42c6cd5] REGISTERED
2024-02-27 07:08:44,736 [main] INFO  server.XceiverServerGrpc (XceiverServerGrpc.java:<init>(141)) - GrpcServer channel type EpollServerSocketChannel
2024-02-27 07:08:44,736 [0ea19766-ee81-4032-bca9-1401e49b4249-NettyServerStreamRpc-bossGroup--thread1] INFO  logging.LoggingHandler (AbstractInternalLogger.java:log(148)) - [id: 0xf42c6cd5] BIND: 0.0.0.0/0.0.0.0:15024
2024-02-27 07:08:44,737 [0ea19766-ee81-4032-bca9-1401e49b4249-NettyServerStreamRpc-bossGroup--thread1] INFO  logging.LoggingHandler (AbstractInternalLogger.java:log(148)) - [id: 0xf42c6cd5, L:/0.0.0.0:15024] ACTIVE
2024-02-27 07:08:44,739 [main] INFO  replication.ReplicationSupervisor (ReplicationSupervisor.java:build(163)) - Initializing replication supervisor with thread count = 10
2024-02-27 07:08:44,740 [main] INFO  replication.ReplicationSupervisor (ReplicationSupervisor.java:nodeStateUpdated(317)) - Node state updated to IN_SERVICE, scaling executor pool size to 10
2024-02-27 07:08:44,745 [main] INFO  http.BaseHttpServer (BaseHttpServer.java:newHttpServer2BuilderForOzone(223)) - Starting Web-server for hddsDatanode at: http://0.0.0.0:15018
2024-02-27 07:08:44,745 [main] INFO  http.BaseHttpServer (BaseHttpServer.java:<init>(110)) - Hadoop Security Enabled: false Ozone Security Enabled: false Ozone HTTP Security Enabled: false 
2024-02-27 07:08:44,748 [main] WARN  server.AuthenticationFilter (AuthenticationFilter.java:constructSecretProvider(240)) - Unable to initialize FileSignerSecretProvider, falling back to use random secrets. Reason: Could not read signature secret file: /home/runner/hadoop-http-auth-signature-secret
2024-02-27 07:08:44,749 [main] INFO  http.HttpRequestLog (HttpRequestLog.java:getRequestLog(86)) - Http request log for http.requests.hddsDatanode is not defined
2024-02-27 07:08:44,751 [main] INFO  http.HttpServer2 (HttpServer2.java:addGlobalFilter(1036)) - Added global filter 'safety' (class=org.apache.hadoop.hdds.server.http.HttpServer2$QuotingInputFilter)
2024-02-27 07:08:44,752 [main] INFO  http.HttpServer2 (HttpServer2.java:addFilter(1012)) - Added filter static_user_filter (class=org.apache.hadoop.http.lib.StaticUserWebFilter$StaticUserFilter) to context hddsDatanode
2024-02-27 07:08:44,752 [main] INFO  http.HttpServer2 (HttpServer2.java:addFilter(1020)) - Added filter static_user_filter (class=org.apache.hadoop.http.lib.StaticUserWebFilter$StaticUserFilter) to context static
2024-02-27 07:08:44,753 [main] INFO  http.HttpServer2 (HttpServer2.java:addFilter(1020)) - Added filter static_user_filter (class=org.apache.hadoop.http.lib.StaticUserWebFilter$StaticUserFilter) to context logs
2024-02-27 07:08:44,754 [main] INFO  http.BaseHttpServer (BaseHttpServer.java:<init>(189)) - HTTP server of hddsDatanode uses base directory /home/runner/work/ozone/ozone/hadoop-ozone/integration-test/target/test-dir/MiniOzoneClusterImpl-73680b39-f248-4dab-999a-9bb96057e508/ozone-meta/datanode-2/meta/webserver
2024-02-27 07:08:44,754 [main] INFO  http.HttpServer2 (HttpServer2.java:bindListener(1236)) - Jetty bound to port 15018
2024-02-27 07:08:44,754 [main] INFO  server.Server (Server.java:doStart(375)) - jetty-9.4.53.v20231009; built: 2023-10-09T12:29:09.265Z; git: 27bde00a0b95a1d5bbee0eae7984f891d2d0f8c9; jvm 1.8.0_402-b06
2024-02-27 07:08:44,761 [main] INFO  server.session (DefaultSessionIdManager.java:doStart(334)) - DefaultSessionIdManager workerName=node0
2024-02-27 07:08:44,761 [main] INFO  server.session (DefaultSessionIdManager.java:doStart(339)) - No SessionScavenger set, using defaults
2024-02-27 07:08:44,762 [main] INFO  server.session (HouseKeeper.java:startScavenging(132)) - node0 Scavenging every 660000ms
2024-02-27 07:08:44,762 [49a99776-1504-4c11-88b9-d65d97124402-DatanodeStateMachineTaskThread-0] INFO  datanode.InitDatanodeState (InitDatanodeState.java:persistContainerDatanodeDetails(139)) - DatanodeDetails is persisted to /home/runner/work/ozone/ozone/hadoop-ozone/integration-test/target/test-dir/MiniOzoneClusterImpl-73680b39-f248-4dab-999a-9bb96057e508/ozone-meta/datanode-1/meta/datanode.id
2024-02-27 07:08:44,763 [main] INFO  handler.ContextHandler (ContextHandler.java:doStart(921)) - Started o.e.j.s.ServletContextHandler@6d8665cd{logs,/logs,file:///home/runner/work/ozone/ozone/hadoop-ozone/integration-test/target/log,AVAILABLE}
2024-02-27 07:08:44,763 [main] INFO  handler.ContextHandler (ContextHandler.java:doStart(921)) - Started o.e.j.s.ServletContextHandler@577a1f29{static,/static,jar:file:/home/runner/.m2/repository/org/apache/ozone/hdds-container-service/1.5.0-SNAPSHOT/hdds-container-service-1.5.0-SNAPSHOT.jar!/webapps/static,AVAILABLE}
2024-02-27 07:08:44,807 [main] INFO  handler.ContextHandler (ContextHandler.java:doStart(921)) - Started o.e.j.w.WebAppContext@64faf504{hddsDatanode,/,file:///home/runner/work/ozone/ozone/hadoop-ozone/integration-test/target/test-dir/MiniOzoneClusterImpl-73680b39-f248-4dab-999a-9bb96057e508/ozone-meta/datanode-2/meta/webserver/jetty-0_0_0_0-15018-hdds-container-service-1_5_0-SNAPSHOT_jar-_-any-3866170200134723887/webapp/,AVAILABLE}{jar:file:/home/runner/.m2/repository/org/apache/ozone/hdds-container-service/1.5.0-SNAPSHOT/hdds-container-service-1.5.0-SNAPSHOT.jar!/webapps/hddsDatanode}
2024-02-27 07:08:44,809 [main] INFO  server.AbstractConnector (AbstractConnector.java:doStart(333)) - Started ServerConnector@7b31035d{HTTP/1.1, (http/1.1)}{0.0.0.0:15018}
2024-02-27 07:08:44,809 [main] INFO  server.Server (Server.java:doStart(415)) - Started @6730ms
2024-02-27 07:08:44,809 [main] WARN  impl.MetricsSystemImpl (MetricsSystemImpl.java:register(279)) - Sink prometheus already exists!
2024-02-27 07:08:44,810 [main] INFO  http.BaseHttpServer (BaseHttpServer.java:updateConnectorAddress(354)) - HTTP server of hddsDatanode listening at http://0.0.0.0:15018
2024-02-27 07:08:44,810 [main] INFO  ipc.CallQueueManager (CallQueueManager.java:<init>(90)) - Using callQueue: class java.util.concurrent.LinkedBlockingQueue, queueCapacity: 100, scheduler: class org.apache.hadoop.ipc.DefaultRpcScheduler, ipcBackoff: false.
2024-02-27 07:08:44,811 [main] INFO  ipc.Server (Server.java:<init>(1287)) - Listener at 0.0.0.0:15019
2024-02-27 07:08:44,811 [Socket Reader #1 for port 15019] INFO  ipc.Server (Server.java:run(1323)) - Starting Socket Reader #1 for port 15019
2024-02-27 07:08:44,814 [main] INFO  ozone.HddsDatanodeService (HddsDatanodeService.java:start(327)) - Datanode start with admins: [runner]
2024-02-27 07:08:44,814 [main] INFO  ozone.HddsDatanodeClientProtocolServer (HddsDatanodeClientProtocolServer.java:start(77)) - RPC server for Client /0.0.0.0:15019
2024-02-27 07:08:44,815 [IPC Server Responder] INFO  ipc.Server (Server.java:run(1562)) - IPC Server Responder: starting
2024-02-27 07:08:44,815 [IPC Server listener on 15019] INFO  ipc.Server (Server.java:run(1402)) - IPC Server listener on 15019: starting
2024-02-27 07:08:44,816 [0ea19766-ee81-4032-bca9-1401e49b4249-DatanodeStateMachineDaemonThread] INFO  statemachine.DatanodeStateMachine (DatanodeStateMachine.java:lambda$startDaemon$1(555)) - Ozone container server started.
2024-02-27 07:08:44,816 [main] WARN  dropwizard3.Dm3MetricRegistriesImpl (Dm3MetricRegistriesImpl.java:addReporterRegistration(113)) - New reporters are added after registries were created. Some metrics will be missing from the reporter. Please add reporter before adding any new registry.
2024-02-27 07:08:44,817 [main] WARN  dropwizard3.Dm3MetricRegistriesImpl (Dm3MetricRegistriesImpl.java:addReporterRegistration(113)) - New reporters are added after registries were created. Some metrics will be missing from the reporter. Please add reporter before adding any new registry.
2024-02-27 07:08:44,817 [main] INFO  impl.MetricsSystemImpl (MetricsSystemImpl.java:init(158)) - HddsDatanode metrics system started (again)
2024-02-27 07:08:44,825 [0ea19766-ee81-4032-bca9-1401e49b4249-DatanodeStateMachineTaskThread-0] INFO  datanode.InitDatanodeState (InitDatanodeState.java:persistContainerDatanodeDetails(139)) - DatanodeDetails is persisted to /home/runner/work/ozone/ozone/hadoop-ozone/integration-test/target/test-dir/MiniOzoneClusterImpl-73680b39-f248-4dab-999a-9bb96057e508/ozone-meta/datanode-2/meta/datanode.id
2024-02-27 07:08:44,830 [main] INFO  ozone.HddsDatanodeService (HddsDatanodeService.java:start(240)) - HddsDatanodeService host:fv-az1496-250.f1h4rheolecetjhvv40pmv1bec.bx.internal.cloudapp.net ip:10.1.0.21
2024-02-27 07:08:44,848 [main] INFO  upgrade.AbstractLayoutVersionManager (AbstractLayoutVersionManager.java:init(83)) - Initializing Layout version manager with metadata layout = HADOOP_PRC_PORTS_IN_DATANODEDETAILS (version = 7), software layout = HADOOP_PRC_PORTS_IN_DATANODEDETAILS (version = 7)
2024-02-27 07:08:44,849 [main] INFO  statemachine.DatanodeStateMachine (DatanodeStateMachine.java:getEndPointTaskThreadPoolSize(299)) - Datanode State Machine Task Thread Pool size 2
2024-02-27 07:08:44,852 [main] INFO  volume.HddsVolume (HddsVolume.java:<init>(125)) - Creating HddsVolume: /home/runner/work/ozone/ozone/hadoop-ozone/integration-test/target/test-dir/MiniOzoneClusterImpl-73680b39-f248-4dab-999a-9bb96057e508/ozone-meta/datanode-3/data-0/hdds of storage type : DISK capacity : 9223372036854775807
2024-02-27 07:08:44,853 [main] INFO  volume.MutableVolumeSet (MutableVolumeSet.java:initializeVolumeSet(173)) - Added Volume : /home/runner/work/ozone/ozone/hadoop-ozone/integration-test/target/test-dir/MiniOzoneClusterImpl-73680b39-f248-4dab-999a-9bb96057e508/ozone-meta/datanode-3/data-0/hdds to VolumeSet
2024-02-27 07:08:44,854 [main] INFO  volume.MutableVolumeSet (MutableVolumeSet.java:initializeVolumeSet(173)) - Added Volume : /home/runner/work/ozone/ozone/hadoop-ozone/integration-test/target/test-dir/MiniOzoneClusterImpl-73680b39-f248-4dab-999a-9bb96057e508/ozone-meta/datanode-3/ratis to VolumeSet
2024-02-27 07:08:44,854 [main] INFO  ozoneimpl.OzoneContainer (HddsVolumeUtil.java:loadAllHddsVolumeDbStore(103)) - Load 1 volumes DbStore cost: 0ms
2024-02-27 07:08:44,857 [main] INFO  server.RaftServer (ConfUtils.java:logGet(46)) - raft.rpc.type = GRPC (default)
2024-02-27 07:08:44,858 [main] INFO  grpc.GrpcConfigKeys (ConfUtils.java:logFallback(53)) - raft.grpc.admin.host = null (fallback to raft.grpc.server.host)
2024-02-27 07:08:44,858 [main] INFO  grpc.GrpcConfigKeys (ConfUtils.java:logGet(46)) - raft.grpc.admin.port = 15031 (custom)
2024-02-27 07:08:44,858 [main] INFO  grpc.GrpcConfigKeys (ConfUtils.java:logFallback(53)) - raft.grpc.client.host = null (fallback to raft.grpc.server.host)
2024-02-27 07:08:44,859 [main] INFO  grpc.GrpcConfigKeys (ConfUtils.java:logGet(46)) - raft.grpc.client.port = 15030 (custom)
2024-02-27 07:08:44,859 [main] INFO  grpc.GrpcConfigKeys (ConfUtils.java:logGet(46)) - raft.grpc.server.host = null (default)
2024-02-27 07:08:44,859 [main] INFO  grpc.GrpcConfigKeys (ConfUtils.java:logGet(46)) - raft.grpc.server.port = 15032 (custom)
2024-02-27 07:08:44,859 [main] INFO  server.GrpcService (ConfUtils.java:logGet(46)) - raft.grpc.message.size.max = 32MB (=33554432) (custom)
2024-02-27 07:08:44,859 [main] INFO  server.RaftServerConfigKeys (ConfUtils.java:logGet(46)) - raft.server.log.appender.buffer.byte-limit = 8388608 (custom)
2024-02-27 07:08:44,860 [main] INFO  server.GrpcService (ConfUtils.java:logGet(46)) - raft.grpc.flow.control.window = 5MB (=5242880) (custom)
2024-02-27 07:08:44,860 [main] INFO  server.RaftServerConfigKeys (ConfUtils.java:logGet(46)) - raft.server.rpc.request.timeout = 3000ms (default)
2024-02-27 07:08:44,860 [main] INFO  grpc.GrpcConfigKeys (ConfUtils.java:logGet(46)) - raft.grpc.server.heartbeat.channel = true (default)
2024-02-27 07:08:44,860 [main] INFO  grpc.GrpcConfigKeys (ConfUtils.java:logGet(46)) - raft.grpc.server.async.request.thread.pool.cached = true (default)
2024-02-27 07:08:44,861 [main] INFO  grpc.GrpcConfigKeys (ConfUtils.java:logGet(46)) - raft.grpc.server.async.request.thread.pool.size = 32 (default)
2024-02-27 07:08:44,863 [main] INFO  impl.DataStreamServerImpl (ConfUtils.java:logGet(46)) - raft.datastream.type = NETTY (custom)
2024-02-27 07:08:44,863 [main] INFO  server.RaftServerConfigKeys (ConfUtils.java:logGet(46)) - raft.server.data-stream.async.request.thread.pool.cached = false (default)
2024-02-27 07:08:44,864 [main] INFO  server.RaftServerConfigKeys (ConfUtils.java:logGet(46)) - raft.server.data-stream.async.request.thread.pool.size = 20 (custom)
2024-02-27 07:08:44,864 [main] INFO  server.RaftServerConfigKeys (ConfUtils.java:logGet(46)) - raft.server.data-stream.async.write.thread.pool.size = 16 (default)
2024-02-27 07:08:44,864 [main] INFO  netty.NettyConfigKeys$DataStream (ConfUtils.java:logGet(46)) - raft.netty.dataStream.server.channel.inactive.grace-period = 10min (default)
2024-02-27 07:08:44,864 [main] INFO  server.RaftServerConfigKeys (ConfUtils.java:logGet(46)) - raft.server.data-stream.client.pool.size = 10 (default)
2024-02-27 07:08:44,864 [main] INFO  netty.NettyConfigKeys$DataStream (ConfUtils.java:logGet(46)) - raft.netty.dataStream.server.use-epoll = true (default)
2024-02-27 07:08:44,864 [main] INFO  netty.NettyConfigKeys$DataStream (ConfUtils.java:logGet(46)) - raft.netty.dataStream.server.boss-group.size = 0 (default)
2024-02-27 07:08:44,865 [main] INFO  netty.NettyUtils (NettyUtils.java:newEventLoopGroup(69)) - Create EpollEventLoopGroup for d20e48e4-5d22-4482-8ef9-383a12f89d83-NettyServerStreamRpc-bossGroup; Thread size is 0.
2024-02-27 07:08:44,865 [main] INFO  netty.NettyConfigKeys$DataStream (ConfUtils.java:logGet(46)) - raft.netty.dataStream.server.worker-group.size = 0 (default)
2024-02-27 07:08:44,865 [main] INFO  netty.NettyUtils (NettyUtils.java:newEventLoopGroup(69)) - Create EpollEventLoopGroup for d20e48e4-5d22-4482-8ef9-383a12f89d83-NettyServerStreamRpc-workerGroup; Thread size is 0.
2024-02-27 07:08:44,866 [main] INFO  netty.NettyConfigKeys$DataStream (ConfUtils.java:logGet(46)) - raft.netty.dataStream.server.tls.conf = null (default)
2024-02-27 07:08:44,866 [main] INFO  netty.NettyConfigKeys$DataStream (ConfUtils.java:logGet(46)) - raft.netty.dataStream.host = null (default)
2024-02-27 07:08:44,866 [main] INFO  netty.NettyConfigKeys$DataStream (ConfUtils.java:logGet(46)) - raft.netty.dataStream.port = 15033 (custom)
2024-02-27 07:08:44,867 [main] INFO  server.RaftServerConfigKeys (ConfUtils.java:logGet(46)) - raft.server.sleep.deviation.threshold = 300ms (default)
2024-02-27 07:08:44,867 [main] INFO  server.RaftServerConfigKeys (ConfUtils.java:logGet(46)) - raft.server.close.threshold = 60s (default)
2024-02-27 07:08:44,868 [d20e48e4-5d22-4482-8ef9-383a12f89d83-NettyServerStreamRpc-bossGroup--thread1] INFO  logging.LoggingHandler (AbstractInternalLogger.java:log(148)) - [id: 0x98700153] REGISTERED
2024-02-27 07:08:44,868 [main] INFO  server.RaftServerConfigKeys (ConfUtils.java:logGet(46)) - raft.server.leaderelection.leader.step-down.wait-time = 10s (default)
2024-02-27 07:08:44,868 [d20e48e4-5d22-4482-8ef9-383a12f89d83-NettyServerStreamRpc-bossGroup--thread1] INFO  logging.LoggingHandler (AbstractInternalLogger.java:log(148)) - [id: 0x98700153] BIND: 0.0.0.0/0.0.0.0:15033
2024-02-27 07:08:44,868 [main] INFO  server.RaftServerConfigKeys (ConfUtils.java:logGet(46)) - raft.server.storage.dir = [/home/runner/work/ozone/ozone/hadoop-ozone/integration-test/target/test-dir/MiniOzoneClusterImpl-73680b39-f248-4dab-999a-9bb96057e508/ozone-meta/datanode-3/ratis] (custom)
2024-02-27 07:08:44,869 [d20e48e4-5d22-4482-8ef9-383a12f89d83-NettyServerStreamRpc-bossGroup--thread1] INFO  logging.LoggingHandler (AbstractInternalLogger.java:log(148)) - [id: 0x98700153, L:/0.0.0.0:15033] ACTIVE
2024-02-27 07:08:44,869 [main] INFO  server.RaftServerConfigKeys (ConfUtils.java:logGet(46)) - raft.server.threadpool.proxy.cached = true (default)
2024-02-27 07:08:44,869 [main] INFO  server.RaftServerConfigKeys (ConfUtils.java:logGet(46)) - raft.server.threadpool.proxy.size = 0 (default)
2024-02-27 07:08:44,870 [d20e48e4-5d22-4482-8ef9-383a12f89d83-impl-thread1] INFO  server.RaftServer (RaftServerProxy.java:initGroupDir(264)) - d20e48e4-5d22-4482-8ef9-383a12f89d83: found a subdirectory /home/runner/work/ozone/ozone/hadoop-ozone/integration-test/target/test-dir/MiniOzoneClusterImpl-73680b39-f248-4dab-999a-9bb96057e508/ozone-meta/datanode-3/ratis/tmp
2024-02-27 07:08:44,870 [d20e48e4-5d22-4482-8ef9-383a12f89d83-impl-thread1] INFO  server.RaftServer (RaftServerProxy.java:initGroupDir(269)) - d20e48e4-5d22-4482-8ef9-383a12f89d83: The directory /home/runner/work/ozone/ozone/hadoop-ozone/integration-test/target/test-dir/MiniOzoneClusterImpl-73680b39-f248-4dab-999a-9bb96057e508/ozone-meta/datanode-3/ratis/tmp is not a group directory; ignoring it. 
2024-02-27 07:08:44,870 [main] INFO  replication.ReplicationServer (ReplicationServer.java:<init>(86)) - Initializing replication server with thread count = 10 queue length = 4096
2024-02-27 07:08:44,871 [main] INFO  server.XceiverServerGrpc (XceiverServerGrpc.java:<init>(141)) - GrpcServer channel type EpollServerSocketChannel
2024-02-27 07:08:44,874 [main] INFO  replication.ReplicationSupervisor (ReplicationSupervisor.java:build(163)) - Initializing replication supervisor with thread count = 10
2024-02-27 07:08:44,874 [main] INFO  replication.ReplicationSupervisor (ReplicationSupervisor.java:nodeStateUpdated(317)) - Node state updated to IN_SERVICE, scaling executor pool size to 10
2024-02-27 07:08:44,877 [main] INFO  http.BaseHttpServer (BaseHttpServer.java:newHttpServer2BuilderForOzone(223)) - Starting Web-server for hddsDatanode at: http://0.0.0.0:15027
2024-02-27 07:08:44,877 [main] INFO  http.BaseHttpServer (BaseHttpServer.java:<init>(110)) - Hadoop Security Enabled: false Ozone Security Enabled: false Ozone HTTP Security Enabled: false 
2024-02-27 07:08:44,878 [main] WARN  server.AuthenticationFilter (AuthenticationFilter.java:constructSecretProvider(240)) - Unable to initialize FileSignerSecretProvider, falling back to use random secrets. Reason: Could not read signature secret file: /home/runner/hadoop-http-auth-signature-secret
2024-02-27 07:08:44,879 [main] INFO  http.HttpRequestLog (HttpRequestLog.java:getRequestLog(86)) - Http request log for http.requests.hddsDatanode is not defined
2024-02-27 07:08:44,880 [main] INFO  http.HttpServer2 (HttpServer2.java:addGlobalFilter(1036)) - Added global filter 'safety' (class=org.apache.hadoop.hdds.server.http.HttpServer2$QuotingInputFilter)
2024-02-27 07:08:44,881 [main] INFO  http.HttpServer2 (HttpServer2.java:addFilter(1012)) - Added filter static_user_filter (class=org.apache.hadoop.http.lib.StaticUserWebFilter$StaticUserFilter) to context hddsDatanode
2024-02-27 07:08:44,881 [main] INFO  http.HttpServer2 (HttpServer2.java:addFilter(1020)) - Added filter static_user_filter (class=org.apache.hadoop.http.lib.StaticUserWebFilter$StaticUserFilter) to context logs
2024-02-27 07:08:44,881 [main] INFO  http.HttpServer2 (HttpServer2.java:addFilter(1020)) - Added filter static_user_filter (class=org.apache.hadoop.http.lib.StaticUserWebFilter$StaticUserFilter) to context static
2024-02-27 07:08:44,882 [main] INFO  http.BaseHttpServer (BaseHttpServer.java:<init>(189)) - HTTP server of hddsDatanode uses base directory /home/runner/work/ozone/ozone/hadoop-ozone/integration-test/target/test-dir/MiniOzoneClusterImpl-73680b39-f248-4dab-999a-9bb96057e508/ozone-meta/datanode-3/meta/webserver
2024-02-27 07:08:44,882 [main] INFO  http.HttpServer2 (HttpServer2.java:bindListener(1236)) - Jetty bound to port 15027
2024-02-27 07:08:44,882 [main] INFO  server.Server (Server.java:doStart(375)) - jetty-9.4.53.v20231009; built: 2023-10-09T12:29:09.265Z; git: 27bde00a0b95a1d5bbee0eae7984f891d2d0f8c9; jvm 1.8.0_402-b06
2024-02-27 07:08:44,884 [main] INFO  server.session (DefaultSessionIdManager.java:doStart(334)) - DefaultSessionIdManager workerName=node0
2024-02-27 07:08:44,884 [main] INFO  server.session (DefaultSessionIdManager.java:doStart(339)) - No SessionScavenger set, using defaults
2024-02-27 07:08:44,884 [main] INFO  server.session (HouseKeeper.java:startScavenging(132)) - node0 Scavenging every 660000ms
2024-02-27 07:08:44,885 [main] INFO  handler.ContextHandler (ContextHandler.java:doStart(921)) - Started o.e.j.s.ServletContextHandler@382d47a5{logs,/logs,file:///home/runner/work/ozone/ozone/hadoop-ozone/integration-test/target/log,AVAILABLE}
2024-02-27 07:08:44,885 [main] INFO  handler.ContextHandler (ContextHandler.java:doStart(921)) - Started o.e.j.s.ServletContextHandler@13a7d728{static,/static,jar:file:/home/runner/.m2/repository/org/apache/ozone/hdds-container-service/1.5.0-SNAPSHOT/hdds-container-service-1.5.0-SNAPSHOT.jar!/webapps/static,AVAILABLE}
2024-02-27 07:08:44,919 [main] INFO  handler.ContextHandler (ContextHandler.java:doStart(921)) - Started o.e.j.w.WebAppContext@4ed2dced{hddsDatanode,/,file:///home/runner/work/ozone/ozone/hadoop-ozone/integration-test/target/test-dir/MiniOzoneClusterImpl-73680b39-f248-4dab-999a-9bb96057e508/ozone-meta/datanode-3/meta/webserver/jetty-0_0_0_0-15027-hdds-container-service-1_5_0-SNAPSHOT_jar-_-any-4371999574312186125/webapp/,AVAILABLE}{jar:file:/home/runner/.m2/repository/org/apache/ozone/hdds-container-service/1.5.0-SNAPSHOT/hdds-container-service-1.5.0-SNAPSHOT.jar!/webapps/hddsDatanode}
2024-02-27 07:08:44,921 [main] INFO  server.AbstractConnector (AbstractConnector.java:doStart(333)) - Started ServerConnector@283a7d7b{HTTP/1.1, (http/1.1)}{0.0.0.0:15027}
2024-02-27 07:08:44,921 [main] INFO  server.Server (Server.java:doStart(415)) - Started @6842ms
2024-02-27 07:08:44,922 [main] WARN  impl.MetricsSystemImpl (MetricsSystemImpl.java:register(279)) - Sink prometheus already exists!
2024-02-27 07:08:44,922 [main] INFO  http.BaseHttpServer (BaseHttpServer.java:updateConnectorAddress(354)) - HTTP server of hddsDatanode listening at http://0.0.0.0:15027
2024-02-27 07:08:44,923 [main] INFO  ipc.CallQueueManager (CallQueueManager.java:<init>(90)) - Using callQueue: class java.util.concurrent.LinkedBlockingQueue, queueCapacity: 100, scheduler: class org.apache.hadoop.ipc.DefaultRpcScheduler, ipcBackoff: false.
2024-02-27 07:08:44,923 [main] INFO  ipc.Server (Server.java:<init>(1287)) - Listener at 0.0.0.0:15028
2024-02-27 07:08:44,923 [Socket Reader #1 for port 15028] INFO  ipc.Server (Server.java:run(1323)) - Starting Socket Reader #1 for port 15028
2024-02-27 07:08:44,926 [main] INFO  ozone.HddsDatanodeService (HddsDatanodeService.java:start(327)) - Datanode start with admins: [runner]
2024-02-27 07:08:44,926 [main] INFO  ozone.HddsDatanodeClientProtocolServer (HddsDatanodeClientProtocolServer.java:start(77)) - RPC server for Client /0.0.0.0:15028
2024-02-27 07:08:44,927 [IPC Server Responder] INFO  ipc.Server (Server.java:run(1562)) - IPC Server Responder: starting
2024-02-27 07:08:44,927 [IPC Server listener on 15028] INFO  ipc.Server (Server.java:run(1402)) - IPC Server listener on 15028: starting
2024-02-27 07:08:44,928 [d20e48e4-5d22-4482-8ef9-383a12f89d83-DatanodeStateMachineDaemonThread] INFO  statemachine.DatanodeStateMachine (DatanodeStateMachine.java:lambda$startDaemon$1(555)) - Ozone container server started.
2024-02-27 07:08:44,929 [main] WARN  dropwizard3.Dm3MetricRegistriesImpl (Dm3MetricRegistriesImpl.java:addReporterRegistration(113)) - New reporters are added after registries were created. Some metrics will be missing from the reporter. Please add reporter before adding any new registry.
2024-02-27 07:08:44,930 [main] WARN  dropwizard3.Dm3MetricRegistriesImpl (Dm3MetricRegistriesImpl.java:addReporterRegistration(113)) - New reporters are added after registries were created. Some metrics will be missing from the reporter. Please add reporter before adding any new registry.
2024-02-27 07:08:44,930 [main] INFO  impl.MetricsSystemImpl (MetricsSystemImpl.java:init(158)) - HddsDatanode metrics system started (again)
2024-02-27 07:08:44,933 [d20e48e4-5d22-4482-8ef9-383a12f89d83-DatanodeStateMachineTaskThread-0] INFO  datanode.InitDatanodeState (InitDatanodeState.java:persistContainerDatanodeDetails(139)) - DatanodeDetails is persisted to /home/runner/work/ozone/ozone/hadoop-ozone/integration-test/target/test-dir/MiniOzoneClusterImpl-73680b39-f248-4dab-999a-9bb96057e508/ozone-meta/datanode-3/meta/datanode.id
2024-02-27 07:08:44,941 [main] INFO  ozone.HddsDatanodeService (HddsDatanodeService.java:start(240)) - HddsDatanodeService host:fv-az1496-250.f1h4rheolecetjhvv40pmv1bec.bx.internal.cloudapp.net ip:10.1.0.21
2024-02-27 07:08:44,959 [main] INFO  upgrade.AbstractLayoutVersionManager (AbstractLayoutVersionManager.java:init(83)) - Initializing Layout version manager with metadata layout = HADOOP_PRC_PORTS_IN_DATANODEDETAILS (version = 7), software layout = HADOOP_PRC_PORTS_IN_DATANODEDETAILS (version = 7)
2024-02-27 07:08:44,960 [main] INFO  statemachine.DatanodeStateMachine (DatanodeStateMachine.java:getEndPointTaskThreadPoolSize(299)) - Datanode State Machine Task Thread Pool size 2
2024-02-27 07:08:44,964 [main] INFO  volume.HddsVolume (HddsVolume.java:<init>(125)) - Creating HddsVolume: /home/runner/work/ozone/ozone/hadoop-ozone/integration-test/target/test-dir/MiniOzoneClusterImpl-73680b39-f248-4dab-999a-9bb96057e508/ozone-meta/datanode-4/data-0/hdds of storage type : DISK capacity : 9223372036854775807
2024-02-27 07:08:44,964 [main] INFO  volume.MutableVolumeSet (MutableVolumeSet.java:initializeVolumeSet(173)) - Added Volume : /home/runner/work/ozone/ozone/hadoop-ozone/integration-test/target/test-dir/MiniOzoneClusterImpl-73680b39-f248-4dab-999a-9bb96057e508/ozone-meta/datanode-4/data-0/hdds to VolumeSet
2024-02-27 07:08:44,966 [main] INFO  volume.MutableVolumeSet (MutableVolumeSet.java:initializeVolumeSet(173)) - Added Volume : /home/runner/work/ozone/ozone/hadoop-ozone/integration-test/target/test-dir/MiniOzoneClusterImpl-73680b39-f248-4dab-999a-9bb96057e508/ozone-meta/datanode-4/ratis to VolumeSet
2024-02-27 07:08:44,967 [main] INFO  ozoneimpl.OzoneContainer (HddsVolumeUtil.java:loadAllHddsVolumeDbStore(103)) - Load 1 volumes DbStore cost: 0ms
2024-02-27 07:08:44,971 [main] INFO  server.RaftServer (ConfUtils.java:logGet(46)) - raft.rpc.type = GRPC (default)
2024-02-27 07:08:44,971 [main] INFO  grpc.GrpcConfigKeys (ConfUtils.java:logFallback(53)) - raft.grpc.admin.host = null (fallback to raft.grpc.server.host)
2024-02-27 07:08:44,972 [main] INFO  grpc.GrpcConfigKeys (ConfUtils.java:logGet(46)) - raft.grpc.admin.port = 15040 (custom)
2024-02-27 07:08:44,972 [main] INFO  grpc.GrpcConfigKeys (ConfUtils.java:logFallback(53)) - raft.grpc.client.host = null (fallback to raft.grpc.server.host)
2024-02-27 07:08:44,972 [main] INFO  grpc.GrpcConfigKeys (ConfUtils.java:logGet(46)) - raft.grpc.client.port = 15039 (custom)
2024-02-27 07:08:44,972 [main] INFO  grpc.GrpcConfigKeys (ConfUtils.java:logGet(46)) - raft.grpc.server.host = null (default)
2024-02-27 07:08:44,972 [main] INFO  grpc.GrpcConfigKeys (ConfUtils.java:logGet(46)) - raft.grpc.server.port = 15041 (custom)
2024-02-27 07:08:44,973 [main] INFO  server.GrpcService (ConfUtils.java:logGet(46)) - raft.grpc.message.size.max = 32MB (=33554432) (custom)
2024-02-27 07:08:44,973 [main] INFO  server.RaftServerConfigKeys (ConfUtils.java:logGet(46)) - raft.server.log.appender.buffer.byte-limit = 8388608 (custom)
2024-02-27 07:08:44,973 [main] INFO  server.GrpcService (ConfUtils.java:logGet(46)) - raft.grpc.flow.control.window = 5MB (=5242880) (custom)
2024-02-27 07:08:44,974 [main] INFO  server.RaftServerConfigKeys (ConfUtils.java:logGet(46)) - raft.server.rpc.request.timeout = 3000ms (default)
2024-02-27 07:08:44,974 [main] INFO  grpc.GrpcConfigKeys (ConfUtils.java:logGet(46)) - raft.grpc.server.heartbeat.channel = true (default)
2024-02-27 07:08:44,974 [main] INFO  grpc.GrpcConfigKeys (ConfUtils.java:logGet(46)) - raft.grpc.server.async.request.thread.pool.cached = true (default)
2024-02-27 07:08:44,974 [main] INFO  grpc.GrpcConfigKeys (ConfUtils.java:logGet(46)) - raft.grpc.server.async.request.thread.pool.size = 32 (default)
2024-02-27 07:08:44,977 [main] INFO  impl.DataStreamServerImpl (ConfUtils.java:logGet(46)) - raft.datastream.type = NETTY (custom)
2024-02-27 07:08:44,978 [main] INFO  server.RaftServerConfigKeys (ConfUtils.java:logGet(46)) - raft.server.data-stream.async.request.thread.pool.cached = false (default)
2024-02-27 07:08:44,978 [main] INFO  server.RaftServerConfigKeys (ConfUtils.java:logGet(46)) - raft.server.data-stream.async.request.thread.pool.size = 20 (custom)
2024-02-27 07:08:44,978 [main] INFO  server.RaftServerConfigKeys (ConfUtils.java:logGet(46)) - raft.server.data-stream.async.write.thread.pool.size = 16 (default)
2024-02-27 07:08:44,978 [main] INFO  netty.NettyConfigKeys$DataStream (ConfUtils.java:logGet(46)) - raft.netty.dataStream.server.channel.inactive.grace-period = 10min (default)
2024-02-27 07:08:44,978 [main] INFO  server.RaftServerConfigKeys (ConfUtils.java:logGet(46)) - raft.server.data-stream.client.pool.size = 10 (default)
2024-02-27 07:08:44,979 [main] INFO  netty.NettyConfigKeys$DataStream (ConfUtils.java:logGet(46)) - raft.netty.dataStream.server.use-epoll = true (default)
2024-02-27 07:08:44,979 [main] INFO  netty.NettyConfigKeys$DataStream (ConfUtils.java:logGet(46)) - raft.netty.dataStream.server.boss-group.size = 0 (default)
2024-02-27 07:08:44,979 [main] INFO  netty.NettyUtils (NettyUtils.java:newEventLoopGroup(69)) - Create EpollEventLoopGroup for 3dfbfca7-47ad-43e6-bcff-63ae4fd7105e-NettyServerStreamRpc-bossGroup; Thread size is 0.
2024-02-27 07:08:44,980 [main] INFO  netty.NettyConfigKeys$DataStream (ConfUtils.java:logGet(46)) - raft.netty.dataStream.server.worker-group.size = 0 (default)
2024-02-27 07:08:44,980 [main] INFO  netty.NettyUtils (NettyUtils.java:newEventLoopGroup(69)) - Create EpollEventLoopGroup for 3dfbfca7-47ad-43e6-bcff-63ae4fd7105e-NettyServerStreamRpc-workerGroup; Thread size is 0.
2024-02-27 07:08:44,981 [main] INFO  netty.NettyConfigKeys$DataStream (ConfUtils.java:logGet(46)) - raft.netty.dataStream.server.tls.conf = null (default)
2024-02-27 07:08:44,981 [main] INFO  netty.NettyConfigKeys$DataStream (ConfUtils.java:logGet(46)) - raft.netty.dataStream.host = null (default)
2024-02-27 07:08:44,981 [main] INFO  netty.NettyConfigKeys$DataStream (ConfUtils.java:logGet(46)) - raft.netty.dataStream.port = 15042 (custom)
2024-02-27 07:08:44,983 [main] INFO  server.RaftServerConfigKeys (ConfUtils.java:logGet(46)) - raft.server.sleep.deviation.threshold = 300ms (default)
2024-02-27 07:08:44,985 [3dfbfca7-47ad-43e6-bcff-63ae4fd7105e-NettyServerStreamRpc-bossGroup--thread1] INFO  logging.LoggingHandler (AbstractInternalLogger.java:log(148)) - [id: 0x46418d43] REGISTERED
2024-02-27 07:08:44,985 [main] INFO  server.RaftServerConfigKeys (ConfUtils.java:logGet(46)) - raft.server.close.threshold = 60s (default)
2024-02-27 07:08:44,986 [3dfbfca7-47ad-43e6-bcff-63ae4fd7105e-NettyServerStreamRpc-bossGroup--thread1] INFO  logging.LoggingHandler (AbstractInternalLogger.java:log(148)) - [id: 0x46418d43] BIND: 0.0.0.0/0.0.0.0:15042
2024-02-27 07:08:44,986 [main] INFO  server.RaftServerConfigKeys (ConfUtils.java:logGet(46)) - raft.server.leaderelection.leader.step-down.wait-time = 10s (default)
2024-02-27 07:08:44,986 [3dfbfca7-47ad-43e6-bcff-63ae4fd7105e-NettyServerStreamRpc-bossGroup--thread1] INFO  logging.LoggingHandler (AbstractInternalLogger.java:log(148)) - [id: 0x46418d43, L:/0.0.0.0:15042] ACTIVE
2024-02-27 07:08:44,986 [main] INFO  server.RaftServerConfigKeys (ConfUtils.java:logGet(46)) - raft.server.storage.dir = [/home/runner/work/ozone/ozone/hadoop-ozone/integration-test/target/test-dir/MiniOzoneClusterImpl-73680b39-f248-4dab-999a-9bb96057e508/ozone-meta/datanode-4/ratis] (custom)
2024-02-27 07:08:44,986 [main] INFO  server.RaftServerConfigKeys (ConfUtils.java:logGet(46)) - raft.server.threadpool.proxy.cached = true (default)
2024-02-27 07:08:44,986 [main] INFO  server.RaftServerConfigKeys (ConfUtils.java:logGet(46)) - raft.server.threadpool.proxy.size = 0 (default)
2024-02-27 07:08:44,987 [3dfbfca7-47ad-43e6-bcff-63ae4fd7105e-impl-thread1] INFO  server.RaftServer (RaftServerProxy.java:initGroupDir(264)) - 3dfbfca7-47ad-43e6-bcff-63ae4fd7105e: found a subdirectory /home/runner/work/ozone/ozone/hadoop-ozone/integration-test/target/test-dir/MiniOzoneClusterImpl-73680b39-f248-4dab-999a-9bb96057e508/ozone-meta/datanode-4/ratis/tmp
2024-02-27 07:08:44,987 [3dfbfca7-47ad-43e6-bcff-63ae4fd7105e-impl-thread1] INFO  server.RaftServer (RaftServerProxy.java:initGroupDir(269)) - 3dfbfca7-47ad-43e6-bcff-63ae4fd7105e: The directory /home/runner/work/ozone/ozone/hadoop-ozone/integration-test/target/test-dir/MiniOzoneClusterImpl-73680b39-f248-4dab-999a-9bb96057e508/ozone-meta/datanode-4/ratis/tmp is not a group directory; ignoring it. 
2024-02-27 07:08:44,987 [main] INFO  replication.ReplicationServer (ReplicationServer.java:<init>(86)) - Initializing replication server with thread count = 10 queue length = 4096
2024-02-27 07:08:44,988 [main] INFO  server.XceiverServerGrpc (XceiverServerGrpc.java:<init>(141)) - GrpcServer channel type EpollServerSocketChannel
2024-02-27 07:08:44,990 [main] INFO  replication.ReplicationSupervisor (ReplicationSupervisor.java:build(163)) - Initializing replication supervisor with thread count = 10
2024-02-27 07:08:44,990 [main] INFO  replication.ReplicationSupervisor (ReplicationSupervisor.java:nodeStateUpdated(317)) - Node state updated to IN_SERVICE, scaling executor pool size to 10
2024-02-27 07:08:44,994 [main] INFO  http.BaseHttpServer (BaseHttpServer.java:newHttpServer2BuilderForOzone(223)) - Starting Web-server for hddsDatanode at: http://0.0.0.0:15036
2024-02-27 07:08:44,994 [main] INFO  http.BaseHttpServer (BaseHttpServer.java:<init>(110)) - Hadoop Security Enabled: false Ozone Security Enabled: false Ozone HTTP Security Enabled: false 
2024-02-27 07:08:44,996 [main] WARN  server.AuthenticationFilter (AuthenticationFilter.java:constructSecretProvider(240)) - Unable to initialize FileSignerSecretProvider, falling back to use random secrets. Reason: Could not read signature secret file: /home/runner/hadoop-http-auth-signature-secret
2024-02-27 07:08:44,996 [main] INFO  http.HttpRequestLog (HttpRequestLog.java:getRequestLog(86)) - Http request log for http.requests.hddsDatanode is not defined
2024-02-27 07:08:45,001 [main] INFO  http.HttpServer2 (HttpServer2.java:addGlobalFilter(1036)) - Added global filter 'safety' (class=org.apache.hadoop.hdds.server.http.HttpServer2$QuotingInputFilter)
2024-02-27 07:08:45,003 [main] INFO  http.HttpServer2 (HttpServer2.java:addFilter(1012)) - Added filter static_user_filter (class=org.apache.hadoop.http.lib.StaticUserWebFilter$StaticUserFilter) to context hddsDatanode
2024-02-27 07:08:45,003 [main] INFO  http.HttpServer2 (HttpServer2.java:addFilter(1020)) - Added filter static_user_filter (class=org.apache.hadoop.http.lib.StaticUserWebFilter$StaticUserFilter) to context logs
2024-02-27 07:08:45,003 [main] INFO  http.HttpServer2 (HttpServer2.java:addFilter(1020)) - Added filter static_user_filter (class=org.apache.hadoop.http.lib.StaticUserWebFilter$StaticUserFilter) to context static
2024-02-27 07:08:45,005 [main] INFO  http.BaseHttpServer (BaseHttpServer.java:<init>(189)) - HTTP server of hddsDatanode uses base directory /home/runner/work/ozone/ozone/hadoop-ozone/integration-test/target/test-dir/MiniOzoneClusterImpl-73680b39-f248-4dab-999a-9bb96057e508/ozone-meta/datanode-4/meta/webserver
2024-02-27 07:08:45,005 [main] INFO  http.HttpServer2 (HttpServer2.java:bindListener(1236)) - Jetty bound to port 15036
2024-02-27 07:08:45,005 [main] INFO  server.Server (Server.java:doStart(375)) - jetty-9.4.53.v20231009; built: 2023-10-09T12:29:09.265Z; git: 27bde00a0b95a1d5bbee0eae7984f891d2d0f8c9; jvm 1.8.0_402-b06
2024-02-27 07:08:45,010 [main] INFO  server.session (DefaultSessionIdManager.java:doStart(334)) - DefaultSessionIdManager workerName=node0
2024-02-27 07:08:45,010 [main] INFO  server.session (DefaultSessionIdManager.java:doStart(339)) - No SessionScavenger set, using defaults
2024-02-27 07:08:45,010 [main] INFO  server.session (HouseKeeper.java:startScavenging(132)) - node0 Scavenging every 660000ms
2024-02-27 07:08:45,011 [main] INFO  handler.ContextHandler (ContextHandler.java:doStart(921)) - Started o.e.j.s.ServletContextHandler@1f9fd958{logs,/logs,file:///home/runner/work/ozone/ozone/hadoop-ozone/integration-test/target/log,AVAILABLE}
2024-02-27 07:08:45,012 [main] INFO  handler.ContextHandler (ContextHandler.java:doStart(921)) - Started o.e.j.s.ServletContextHandler@34c4156d{static,/static,jar:file:/home/runner/.m2/repository/org/apache/ozone/hdds-container-service/1.5.0-SNAPSHOT/hdds-container-service-1.5.0-SNAPSHOT.jar!/webapps/static,AVAILABLE}
2024-02-27 07:08:45,040 [om1@group-C5BA1605619E-FollowerState] INFO  impl.FollowerState (FollowerState.java:run(143)) - om1@group-C5BA1605619E-FollowerState: change to CANDIDATE, lastRpcElapsedTime:1052988510ns, electionTimeout:1042ms
2024-02-27 07:08:45,040 [om1@group-C5BA1605619E-FollowerState] INFO  impl.RoleInfo (RoleInfo.java:shutdownFollowerState(110)) - om1: shutdown om1@group-C5BA1605619E-FollowerState
2024-02-27 07:08:45,041 [om1@group-C5BA1605619E-FollowerState] INFO  server.RaftServer$Division (RaftServerImpl.java:setRole(383)) - om1@group-C5BA1605619E: changes role from  FOLLOWER to CANDIDATE at term 0 for changeToCandidate
2024-02-27 07:08:45,044 [om1@group-C5BA1605619E-FollowerState] INFO  server.RaftServerConfigKeys (ConfUtils.java:logGet(46)) - raft.server.leaderelection.pre-vote = true (default)
2024-02-27 07:08:45,044 [om1@group-C5BA1605619E-FollowerState] INFO  impl.RoleInfo (RoleInfo.java:updateAndGet(139)) - om1: start om1@group-C5BA1605619E-LeaderElection1
2024-02-27 07:08:45,047 [om1@group-C5BA1605619E-LeaderElection1] INFO  impl.LeaderElection (LeaderElection.java:askForVotes(321)) - om1@group-C5BA1605619E-LeaderElection1 PRE_VOTE round 0: submit vote requests at term 0 for -1: peers:[om1|localhost:15007]|listeners:[], old=null
2024-02-27 07:08:45,048 [om1@group-C5BA1605619E-LeaderElection1] INFO  impl.LeaderElection (LeaderElection.java:askForVotes(323)) - om1@group-C5BA1605619E-LeaderElection1 PRE_VOTE round 0: result PASSED (term=0)
2024-02-27 07:08:45,050 [om1@group-C5BA1605619E-LeaderElection1] INFO  impl.LeaderElection (LeaderElection.java:askForVotes(321)) - om1@group-C5BA1605619E-LeaderElection1 ELECTION round 0: submit vote requests at term 1 for -1: peers:[om1|localhost:15007]|listeners:[], old=null
2024-02-27 07:08:45,050 [om1@group-C5BA1605619E-LeaderElection1] INFO  impl.LeaderElection (LeaderElection.java:askForVotes(323)) - om1@group-C5BA1605619E-LeaderElection1 ELECTION round 0: result PASSED (term=1)
2024-02-27 07:08:45,050 [om1@group-C5BA1605619E-LeaderElection1] INFO  impl.RoleInfo (RoleInfo.java:shutdownLeaderElection(130)) - om1: shutdown om1@group-C5BA1605619E-LeaderElection1
2024-02-27 07:08:45,051 [om1@group-C5BA1605619E-LeaderElection1] INFO  server.RaftServer$Division (RaftServerImpl.java:setRole(383)) - om1@group-C5BA1605619E: changes role from CANDIDATE to LEADER at term 1 for changeToLeader
2024-02-27 07:08:45,054 [main] INFO  handler.ContextHandler (ContextHandler.java:doStart(921)) - Started o.e.j.w.WebAppContext@5b372a39{hddsDatanode,/,file:///home/runner/work/ozone/ozone/hadoop-ozone/integration-test/target/test-dir/MiniOzoneClusterImpl-73680b39-f248-4dab-999a-9bb96057e508/ozone-meta/datanode-4/meta/webserver/jetty-0_0_0_0-15036-hdds-container-service-1_5_0-SNAPSHOT_jar-_-any-1600358830065556879/webapp/,AVAILABLE}{jar:file:/home/runner/.m2/repository/org/apache/ozone/hdds-container-service/1.5.0-SNAPSHOT/hdds-container-service-1.5.0-SNAPSHOT.jar!/webapps/hddsDatanode}
2024-02-27 07:08:45,057 [om1@group-C5BA1605619E-LeaderElection1] INFO  server.RaftServerConfigKeys (ConfUtils.java:logGet(46)) - raft.server.staging.catchup.gap = 1000 (default)
2024-02-27 07:08:45,058 [main] INFO  server.AbstractConnector (AbstractConnector.java:doStart(333)) - Started ServerConnector@10189c65{HTTP/1.1, (http/1.1)}{0.0.0.0:15036}
2024-02-27 07:08:45,059 [main] INFO  server.Server (Server.java:doStart(415)) - Started @6979ms
2024-02-27 07:08:45,059 [main] WARN  impl.MetricsSystemImpl (MetricsSystemImpl.java:register(279)) - Sink prometheus already exists!
2024-02-27 07:08:45,060 [main] INFO  http.BaseHttpServer (BaseHttpServer.java:updateConnectorAddress(354)) - HTTP server of hddsDatanode listening at http://0.0.0.0:15036
2024-02-27 07:08:45,060 [main] INFO  ipc.CallQueueManager (CallQueueManager.java:<init>(90)) - Using callQueue: class java.util.concurrent.LinkedBlockingQueue, queueCapacity: 100, scheduler: class org.apache.hadoop.ipc.DefaultRpcScheduler, ipcBackoff: false.
2024-02-27 07:08:45,061 [main] INFO  ipc.Server (Server.java:<init>(1287)) - Listener at 0.0.0.0:15037
2024-02-27 07:08:45,061 [Socket Reader #1 for port 15037] INFO  ipc.Server (Server.java:run(1323)) - Starting Socket Reader #1 for port 15037
2024-02-27 07:08:45,071 [om1@group-C5BA1605619E-LeaderElection1] INFO  server.RaftServerConfigKeys (ConfUtils.java:logGet(46)) - raft.server.write.element-limit = 4096 (default)
2024-02-27 07:08:45,072 [om1@group-C5BA1605619E-LeaderElection1] INFO  server.RaftServerConfigKeys (ConfUtils.java:logGet(46)) - raft.server.write.byte-limit = 64MB (=67108864) (default)
2024-02-27 07:08:45,075 [om1@group-C5BA1605619E-LeaderElection1] INFO  server.RaftServerConfigKeys (ConfUtils.java:logGet(46)) - raft.server.watch.timeout = 10s (default)
2024-02-27 07:08:45,076 [om1@group-C5BA1605619E-LeaderElection1] INFO  server.RaftServerConfigKeys (ConfUtils.java:logGet(46)) - raft.server.watch.timeout.denomination = 1s (default)
2024-02-27 07:08:45,076 [om1@group-C5BA1605619E-LeaderElection1] INFO  server.RaftServerConfigKeys (ConfUtils.java:logGet(46)) - raft.server.watch.element-limit = 65536 (default)
2024-02-27 07:08:45,077 [main] INFO  ozone.HddsDatanodeService (HddsDatanodeService.java:start(327)) - Datanode start with admins: [runner]
2024-02-27 07:08:45,077 [main] INFO  ozone.HddsDatanodeClientProtocolServer (HddsDatanodeClientProtocolServer.java:start(77)) - RPC server for Client /0.0.0.0:15037
2024-02-27 07:08:45,081 [IPC Server Responder] INFO  ipc.Server (Server.java:run(1562)) - IPC Server Responder: starting
2024-02-27 07:08:45,082 [om1@group-C5BA1605619E-LeaderElection1] INFO  server.RaftServerConfigKeys (ConfUtils.java:logGet(46)) - raft.server.read.leader.lease.enabled = false (default)
2024-02-27 07:08:45,085 [om1@group-C5BA1605619E-LeaderElection1] INFO  server.RaftServerConfigKeys (ConfUtils.java:logGet(46)) - raft.server.read.leader.lease.timeout.ratio = 0.9 (default)
2024-02-27 07:08:45,085 [om1@group-C5BA1605619E-LeaderElection1] INFO  server.RaftServerConfigKeys (ConfUtils.java:logGet(46)) - raft.server.rpc.timeout.min = 1s (custom)
2024-02-27 07:08:45,085 [om1@group-C5BA1605619E-LeaderElection1] INFO  server.RaftServerConfigKeys (ConfUtils.java:logGet(46)) - raft.server.write.element-limit = 4096 (default)
2024-02-27 07:08:45,086 [om1@group-C5BA1605619E-LeaderElection1] INFO  server.RaftServerConfigKeys (ConfUtils.java:logGet(46)) - raft.server.write.follower.gap.ratio.max = -1.0 (default)
2024-02-27 07:08:45,086 [IPC Server listener on 15037] INFO  ipc.Server (Server.java:run(1402)) - IPC Server listener on 15037: starting
2024-02-27 07:08:45,088 [main] WARN  dropwizard3.Dm3MetricRegistriesImpl (Dm3MetricRegistriesImpl.java:addReporterRegistration(113)) - New reporters are added after registries were created. Some metrics will be missing from the reporter. Please add reporter before adding any new registry.
2024-02-27 07:08:45,088 [main] WARN  dropwizard3.Dm3MetricRegistriesImpl (Dm3MetricRegistriesImpl.java:addReporterRegistration(113)) - New reporters are added after registries were created. Some metrics will be missing from the reporter. Please add reporter before adding any new registry.
2024-02-27 07:08:45,088 [main] INFO  impl.MetricsSystemImpl (MetricsSystemImpl.java:init(158)) - HddsDatanode metrics system started (again)
2024-02-27 07:08:45,093 [3dfbfca7-47ad-43e6-bcff-63ae4fd7105e-DatanodeStateMachineDaemonThread] INFO  statemachine.DatanodeStateMachine (DatanodeStateMachine.java:lambda$startDaemon$1(555)) - Ozone container server started.
2024-02-27 07:08:45,095 [om1@group-C5BA1605619E-LeaderElection1] INFO  impl.RoleInfo (RoleInfo.java:updateAndGet(139)) - om1: start om1@group-C5BA1605619E-LeaderStateImpl
2024-02-27 07:08:45,095 [om1@group-C5BA1605619E-LeaderElection1] INFO  server.RaftServer$Division (RaftServerImpl.java:setFirstElection(574)) - om1@group-C5BA1605619E: set firstElectionSinceStartup to false for becomeLeader
2024-02-27 07:08:45,098 [om1@group-C5BA1605619E-LeaderElection1] INFO  server.RaftServer$Division (ServerState.java:setLeader(269)) - om1@group-C5BA1605619E: change Leader from null to om1 at term 1 for becomeLeader, leader elected after 1696ms
2024-02-27 07:08:45,102 [main] INFO  ozone.HddsDatanodeService (HddsDatanodeService.java:start(240)) - HddsDatanodeService host:fv-az1496-250.f1h4rheolecetjhvv40pmv1bec.bx.internal.cloudapp.net ip:10.1.0.21
2024-02-27 07:08:45,114 [3dfbfca7-47ad-43e6-bcff-63ae4fd7105e-DatanodeStateMachineTaskThread-0] INFO  datanode.InitDatanodeState (InitDatanodeState.java:persistContainerDatanodeDetails(139)) - DatanodeDetails is persisted to /home/runner/work/ozone/ozone/hadoop-ozone/integration-test/target/test-dir/MiniOzoneClusterImpl-73680b39-f248-4dab-999a-9bb96057e508/ozone-meta/datanode-4/meta/datanode.id
2024-02-27 07:08:45,126 [om1@group-C5BA1605619E-LeaderElection1] INFO  segmented.SegmentedRaftLogWorker (SegmentedRaftLogWorker.java:startLogSegment(430)) - om1@group-C5BA1605619E-SegmentedRaftLogWorker: Starting segment from index:0
2024-02-27 07:08:45,134 [main] INFO  upgrade.AbstractLayoutVersionManager (AbstractLayoutVersionManager.java:init(83)) - Initializing Layout version manager with metadata layout = HADOOP_PRC_PORTS_IN_DATANODEDETAILS (version = 7), software layout = HADOOP_PRC_PORTS_IN_DATANODEDETAILS (version = 7)
2024-02-27 07:08:45,135 [main] INFO  statemachine.DatanodeStateMachine (DatanodeStateMachine.java:getEndPointTaskThreadPoolSize(299)) - Datanode State Machine Task Thread Pool size 2
2024-02-27 07:08:45,139 [main] INFO  volume.HddsVolume (HddsVolume.java:<init>(125)) - Creating HddsVolume: /home/runner/work/ozone/ozone/hadoop-ozone/integration-test/target/test-dir/MiniOzoneClusterImpl-73680b39-f248-4dab-999a-9bb96057e508/ozone-meta/datanode-5/data-0/hdds of storage type : DISK capacity : 9223372036854775807
2024-02-27 07:08:45,139 [main] INFO  volume.MutableVolumeSet (MutableVolumeSet.java:initializeVolumeSet(173)) - Added Volume : /home/runner/work/ozone/ozone/hadoop-ozone/integration-test/target/test-dir/MiniOzoneClusterImpl-73680b39-f248-4dab-999a-9bb96057e508/ozone-meta/datanode-5/data-0/hdds to VolumeSet
2024-02-27 07:08:45,140 [main] INFO  volume.MutableVolumeSet (MutableVolumeSet.java:initializeVolumeSet(173)) - Added Volume : /home/runner/work/ozone/ozone/hadoop-ozone/integration-test/target/test-dir/MiniOzoneClusterImpl-73680b39-f248-4dab-999a-9bb96057e508/ozone-meta/datanode-5/ratis to VolumeSet
2024-02-27 07:08:45,141 [main] INFO  ozoneimpl.OzoneContainer (HddsVolumeUtil.java:loadAllHddsVolumeDbStore(103)) - Load 1 volumes DbStore cost: 0ms
2024-02-27 07:08:45,144 [main] INFO  server.RaftServer (ConfUtils.java:logGet(46)) - raft.rpc.type = GRPC (default)
2024-02-27 07:08:45,145 [main] INFO  grpc.GrpcConfigKeys (ConfUtils.java:logFallback(53)) - raft.grpc.admin.host = null (fallback to raft.grpc.server.host)
2024-02-27 07:08:45,145 [main] INFO  grpc.GrpcConfigKeys (ConfUtils.java:logGet(46)) - raft.grpc.admin.port = 15049 (custom)
2024-02-27 07:08:45,145 [main] INFO  grpc.GrpcConfigKeys (ConfUtils.java:logFallback(53)) - raft.grpc.client.host = null (fallback to raft.grpc.server.host)
2024-02-27 07:08:45,145 [main] INFO  grpc.GrpcConfigKeys (ConfUtils.java:logGet(46)) - raft.grpc.client.port = 15048 (custom)
2024-02-27 07:08:45,146 [main] INFO  grpc.GrpcConfigKeys (ConfUtils.java:logGet(46)) - raft.grpc.server.host = null (default)
2024-02-27 07:08:45,146 [main] INFO  grpc.GrpcConfigKeys (ConfUtils.java:logGet(46)) - raft.grpc.server.port = 15050 (custom)
2024-02-27 07:08:45,146 [main] INFO  server.GrpcService (ConfUtils.java:logGet(46)) - raft.grpc.message.size.max = 32MB (=33554432) (custom)
2024-02-27 07:08:45,146 [main] INFO  server.RaftServerConfigKeys (ConfUtils.java:logGet(46)) - raft.server.log.appender.buffer.byte-limit = 8388608 (custom)
2024-02-27 07:08:45,146 [main] INFO  server.GrpcService (ConfUtils.java:logGet(46)) - raft.grpc.flow.control.window = 5MB (=5242880) (custom)
2024-02-27 07:08:45,147 [main] INFO  server.RaftServerConfigKeys (ConfUtils.java:logGet(46)) - raft.server.rpc.request.timeout = 3000ms (default)
2024-02-27 07:08:45,147 [main] INFO  grpc.GrpcConfigKeys (ConfUtils.java:logGet(46)) - raft.grpc.server.heartbeat.channel = true (default)
2024-02-27 07:08:45,147 [main] INFO  grpc.GrpcConfigKeys (ConfUtils.java:logGet(46)) - raft.grpc.server.async.request.thread.pool.cached = true (default)
2024-02-27 07:08:45,147 [main] INFO  grpc.GrpcConfigKeys (ConfUtils.java:logGet(46)) - raft.grpc.server.async.request.thread.pool.size = 32 (default)
2024-02-27 07:08:45,150 [main] INFO  impl.DataStreamServerImpl (ConfUtils.java:logGet(46)) - raft.datastream.type = NETTY (custom)
2024-02-27 07:08:45,150 [main] INFO  server.RaftServerConfigKeys (ConfUtils.java:logGet(46)) - raft.server.data-stream.async.request.thread.pool.cached = false (default)
2024-02-27 07:08:45,151 [main] INFO  server.RaftServerConfigKeys (ConfUtils.java:logGet(46)) - raft.server.data-stream.async.request.thread.pool.size = 20 (custom)
2024-02-27 07:08:45,151 [main] INFO  server.RaftServerConfigKeys (ConfUtils.java:logGet(46)) - raft.server.data-stream.async.write.thread.pool.size = 16 (default)
2024-02-27 07:08:45,151 [main] INFO  netty.NettyConfigKeys$DataStream (ConfUtils.java:logGet(46)) - raft.netty.dataStream.server.channel.inactive.grace-period = 10min (default)
2024-02-27 07:08:45,151 [main] INFO  server.RaftServerConfigKeys (ConfUtils.java:logGet(46)) - raft.server.data-stream.client.pool.size = 10 (default)
2024-02-27 07:08:45,152 [main] INFO  netty.NettyConfigKeys$DataStream (ConfUtils.java:logGet(46)) - raft.netty.dataStream.server.use-epoll = true (default)
2024-02-27 07:08:45,152 [main] INFO  netty.NettyConfigKeys$DataStream (ConfUtils.java:logGet(46)) - raft.netty.dataStream.server.boss-group.size = 0 (default)
2024-02-27 07:08:45,152 [main] INFO  netty.NettyUtils (NettyUtils.java:newEventLoopGroup(69)) - Create EpollEventLoopGroup for 27436771-b26a-47df-862e-42af51f21969-NettyServerStreamRpc-bossGroup; Thread size is 0.
2024-02-27 07:08:45,153 [main] INFO  netty.NettyConfigKeys$DataStream (ConfUtils.java:logGet(46)) - raft.netty.dataStream.server.worker-group.size = 0 (default)
2024-02-27 07:08:45,153 [main] INFO  netty.NettyUtils (NettyUtils.java:newEventLoopGroup(69)) - Create EpollEventLoopGroup for 27436771-b26a-47df-862e-42af51f21969-NettyServerStreamRpc-workerGroup; Thread size is 0.
2024-02-27 07:08:45,153 [main] INFO  netty.NettyConfigKeys$DataStream (ConfUtils.java:logGet(46)) - raft.netty.dataStream.server.tls.conf = null (default)
2024-02-27 07:08:45,154 [main] INFO  netty.NettyConfigKeys$DataStream (ConfUtils.java:logGet(46)) - raft.netty.dataStream.host = null (default)
2024-02-27 07:08:45,154 [main] INFO  netty.NettyConfigKeys$DataStream (ConfUtils.java:logGet(46)) - raft.netty.dataStream.port = 15051 (custom)
2024-02-27 07:08:45,161 [main] INFO  server.RaftServerConfigKeys (ConfUtils.java:logGet(46)) - raft.server.sleep.deviation.threshold = 300ms (default)
2024-02-27 07:08:45,161 [main] INFO  server.RaftServerConfigKeys (ConfUtils.java:logGet(46)) - raft.server.close.threshold = 60s (default)
2024-02-27 07:08:45,167 [main] INFO  server.RaftServerConfigKeys (ConfUtils.java:logGet(46)) - raft.server.leaderelection.leader.step-down.wait-time = 10s (default)
2024-02-27 07:08:45,167 [main] INFO  server.RaftServerConfigKeys (ConfUtils.java:logGet(46)) - raft.server.storage.dir = [/home/runner/work/ozone/ozone/hadoop-ozone/integration-test/target/test-dir/MiniOzoneClusterImpl-73680b39-f248-4dab-999a-9bb96057e508/ozone-meta/datanode-5/ratis] (custom)
2024-02-27 07:08:45,168 [om1@group-C5BA1605619E-SegmentedRaftLogWorker] INFO  segmented.BufferedWriteChannel (BufferedWriteChannel.java:open(62)) - open log_inprogress_0 at position 0
2024-02-27 07:08:45,168 [main] INFO  server.RaftServerConfigKeys (ConfUtils.java:logGet(46)) - raft.server.threadpool.proxy.cached = true (default)
2024-02-27 07:08:45,169 [main] INFO  server.RaftServerConfigKeys (ConfUtils.java:logGet(46)) - raft.server.threadpool.proxy.size = 0 (default)
2024-02-27 07:08:45,175 [27436771-b26a-47df-862e-42af51f21969-NettyServerStreamRpc-bossGroup--thread1] INFO  logging.LoggingHandler (AbstractInternalLogger.java:log(148)) - [id: 0x55578052] REGISTERED
2024-02-27 07:08:45,175 [27436771-b26a-47df-862e-42af51f21969-NettyServerStreamRpc-bossGroup--thread1] INFO  logging.LoggingHandler (AbstractInternalLogger.java:log(148)) - [id: 0x55578052] BIND: 0.0.0.0/0.0.0.0:15051
2024-02-27 07:08:45,176 [27436771-b26a-47df-862e-42af51f21969-NettyServerStreamRpc-bossGroup--thread1] INFO  logging.LoggingHandler (AbstractInternalLogger.java:log(148)) - [id: 0x55578052, L:/0.0.0.0:15051] ACTIVE
2024-02-27 07:08:45,176 [27436771-b26a-47df-862e-42af51f21969-impl-thread1] INFO  server.RaftServer (RaftServerProxy.java:initGroupDir(264)) - 27436771-b26a-47df-862e-42af51f21969: found a subdirectory /home/runner/work/ozone/ozone/hadoop-ozone/integration-test/target/test-dir/MiniOzoneClusterImpl-73680b39-f248-4dab-999a-9bb96057e508/ozone-meta/datanode-5/ratis/tmp
2024-02-27 07:08:45,177 [27436771-b26a-47df-862e-42af51f21969-impl-thread1] INFO  server.RaftServer (RaftServerProxy.java:initGroupDir(269)) - 27436771-b26a-47df-862e-42af51f21969: The directory /home/runner/work/ozone/ozone/hadoop-ozone/integration-test/target/test-dir/MiniOzoneClusterImpl-73680b39-f248-4dab-999a-9bb96057e508/ozone-meta/datanode-5/ratis/tmp is not a group directory; ignoring it. 
2024-02-27 07:08:45,178 [main] INFO  replication.ReplicationServer (ReplicationServer.java:<init>(86)) - Initializing replication server with thread count = 10 queue length = 4096
2024-02-27 07:08:45,180 [om1@group-C5BA1605619E-SegmentedRaftLogWorker] INFO  segmented.SegmentedRaftLogWorker (SegmentedRaftLogWorker.java:execute(634)) - om1@group-C5BA1605619E-SegmentedRaftLogWorker: created new log segment /home/runner/work/ozone/ozone/hadoop-ozone/integration-test/target/test-dir/MiniOzoneClusterImpl-73680b39-f248-4dab-999a-9bb96057e508/ozone-meta/ratis/bf265839-605b-3f16-9796-c5ba1605619e/current/log_inprogress_0
2024-02-27 07:08:45,180 [main] INFO  server.XceiverServerGrpc (XceiverServerGrpc.java:<init>(141)) - GrpcServer channel type EpollServerSocketChannel
2024-02-27 07:08:45,185 [main] INFO  replication.ReplicationSupervisor (ReplicationSupervisor.java:build(163)) - Initializing replication supervisor with thread count = 10
2024-02-27 07:08:45,185 [main] INFO  replication.ReplicationSupervisor (ReplicationSupervisor.java:nodeStateUpdated(317)) - Node state updated to IN_SERVICE, scaling executor pool size to 10
2024-02-27 07:08:45,186 [om1@group-C5BA1605619E-LeaderElection1] INFO  server.RaftServer$Division (ServerState.java:setRaftConf(386)) - om1@group-C5BA1605619E: set configuration 0: peers:[om1|localhost:15007]|listeners:[], old=null
2024-02-27 07:08:45,190 [main] INFO  http.BaseHttpServer (BaseHttpServer.java:newHttpServer2BuilderForOzone(223)) - Starting Web-server for hddsDatanode at: http://0.0.0.0:15045
2024-02-27 07:08:45,191 [main] INFO  http.BaseHttpServer (BaseHttpServer.java:<init>(110)) - Hadoop Security Enabled: false Ozone Security Enabled: false Ozone HTTP Security Enabled: false 
2024-02-27 07:08:45,193 [main] WARN  server.AuthenticationFilter (AuthenticationFilter.java:constructSecretProvider(240)) - Unable to initialize FileSignerSecretProvider, falling back to use random secrets. Reason: Could not read signature secret file: /home/runner/hadoop-http-auth-signature-secret
2024-02-27 07:08:45,200 [main] INFO  http.HttpRequestLog (HttpRequestLog.java:getRequestLog(86)) - Http request log for http.requests.hddsDatanode is not defined
2024-02-27 07:08:45,201 [main] INFO  http.HttpServer2 (HttpServer2.java:addGlobalFilter(1036)) - Added global filter 'safety' (class=org.apache.hadoop.hdds.server.http.HttpServer2$QuotingInputFilter)
2024-02-27 07:08:45,202 [main] INFO  http.HttpServer2 (HttpServer2.java:addFilter(1012)) - Added filter static_user_filter (class=org.apache.hadoop.http.lib.StaticUserWebFilter$StaticUserFilter) to context hddsDatanode
2024-02-27 07:08:45,203 [main] INFO  http.HttpServer2 (HttpServer2.java:addFilter(1020)) - Added filter static_user_filter (class=org.apache.hadoop.http.lib.StaticUserWebFilter$StaticUserFilter) to context logs
2024-02-27 07:08:45,203 [main] INFO  http.HttpServer2 (HttpServer2.java:addFilter(1020)) - Added filter static_user_filter (class=org.apache.hadoop.http.lib.StaticUserWebFilter$StaticUserFilter) to context static
2024-02-27 07:08:45,204 [main] INFO  http.BaseHttpServer (BaseHttpServer.java:<init>(189)) - HTTP server of hddsDatanode uses base directory /home/runner/work/ozone/ozone/hadoop-ozone/integration-test/target/test-dir/MiniOzoneClusterImpl-73680b39-f248-4dab-999a-9bb96057e508/ozone-meta/datanode-5/meta/webserver
2024-02-27 07:08:45,204 [main] INFO  http.HttpServer2 (HttpServer2.java:bindListener(1236)) - Jetty bound to port 15045
2024-02-27 07:08:45,204 [main] INFO  server.Server (Server.java:doStart(375)) - jetty-9.4.53.v20231009; built: 2023-10-09T12:29:09.265Z; git: 27bde00a0b95a1d5bbee0eae7984f891d2d0f8c9; jvm 1.8.0_402-b06
2024-02-27 07:08:45,205 [main] INFO  server.session (DefaultSessionIdManager.java:doStart(334)) - DefaultSessionIdManager workerName=node0
2024-02-27 07:08:45,206 [main] INFO  server.session (DefaultSessionIdManager.java:doStart(339)) - No SessionScavenger set, using defaults
2024-02-27 07:08:45,206 [main] INFO  server.session (HouseKeeper.java:startScavenging(132)) - node0 Scavenging every 660000ms
2024-02-27 07:08:45,209 [main] INFO  handler.ContextHandler (ContextHandler.java:doStart(921)) - Started o.e.j.s.ServletContextHandler@79db3f2d{logs,/logs,file:///home/runner/work/ozone/ozone/hadoop-ozone/integration-test/target/log,AVAILABLE}
2024-02-27 07:08:45,210 [main] INFO  handler.ContextHandler (ContextHandler.java:doStart(921)) - Started o.e.j.s.ServletContextHandler@26971d7c{static,/static,jar:file:/home/runner/.m2/repository/org/apache/ozone/hdds-container-service/1.5.0-SNAPSHOT/hdds-container-service-1.5.0-SNAPSHOT.jar!/webapps/static,AVAILABLE}
2024-02-27 07:08:45,251 [main] INFO  handler.ContextHandler (ContextHandler.java:doStart(921)) - Started o.e.j.w.WebAppContext@7c60486d{hddsDatanode,/,file:///home/runner/work/ozone/ozone/hadoop-ozone/integration-test/target/test-dir/MiniOzoneClusterImpl-73680b39-f248-4dab-999a-9bb96057e508/ozone-meta/datanode-5/meta/webserver/jetty-0_0_0_0-15045-hdds-container-service-1_5_0-SNAPSHOT_jar-_-any-1861122402937899652/webapp/,AVAILABLE}{jar:file:/home/runner/.m2/repository/org/apache/ozone/hdds-container-service/1.5.0-SNAPSHOT/hdds-container-service-1.5.0-SNAPSHOT.jar!/webapps/hddsDatanode}
2024-02-27 07:08:45,254 [main] INFO  server.AbstractConnector (AbstractConnector.java:doStart(333)) - Started ServerConnector@3d1d12d7{HTTP/1.1, (http/1.1)}{0.0.0.0:15045}
2024-02-27 07:08:45,254 [main] INFO  server.Server (Server.java:doStart(415)) - Started @7175ms
2024-02-27 07:08:45,254 [main] WARN  impl.MetricsSystemImpl (MetricsSystemImpl.java:register(279)) - Sink prometheus already exists!
2024-02-27 07:08:45,255 [main] INFO  http.BaseHttpServer (BaseHttpServer.java:updateConnectorAddress(354)) - HTTP server of hddsDatanode listening at http://0.0.0.0:15045
2024-02-27 07:08:45,256 [main] INFO  ipc.CallQueueManager (CallQueueManager.java:<init>(90)) - Using callQueue: class java.util.concurrent.LinkedBlockingQueue, queueCapacity: 100, scheduler: class org.apache.hadoop.ipc.DefaultRpcScheduler, ipcBackoff: false.
2024-02-27 07:08:45,256 [main] INFO  ipc.Server (Server.java:<init>(1287)) - Listener at 0.0.0.0:15046
2024-02-27 07:08:45,257 [Socket Reader #1 for port 15046] INFO  ipc.Server (Server.java:run(1323)) - Starting Socket Reader #1 for port 15046
2024-02-27 07:08:45,259 [main] INFO  ozone.HddsDatanodeService (HddsDatanodeService.java:start(327)) - Datanode start with admins: [runner]
2024-02-27 07:08:45,259 [main] INFO  ozone.HddsDatanodeClientProtocolServer (HddsDatanodeClientProtocolServer.java:start(77)) - RPC server for Client /0.0.0.0:15046
2024-02-27 07:08:45,260 [IPC Server Responder] INFO  ipc.Server (Server.java:run(1562)) - IPC Server Responder: starting
2024-02-27 07:08:45,260 [IPC Server listener on 15046] INFO  ipc.Server (Server.java:run(1402)) - IPC Server listener on 15046: starting
2024-02-27 07:08:45,262 [main] INFO  ozone.MiniOzoneClusterImpl (MiniOzoneClusterImpl.java:lambda$waitForClusterToBeReady$0(195)) - Waiting for nodes to be ready. Got 0 of 5 DN Heartbeats.
2024-02-27 07:08:45,262 [main] INFO  ozone.MiniOzoneClusterImpl (MiniOzoneClusterImpl.java:lambda$waitForClusterToBeReady$0(198)) - Waiting for cluster to exit safe mode
2024-02-27 07:08:45,262 [main] INFO  ozone.MiniOzoneClusterImpl (MiniOzoneClusterImpl.java:lambda$waitForClusterToBeReady$0(200)) - SCM became leader
2024-02-27 07:08:45,262 [27436771-b26a-47df-862e-42af51f21969-DatanodeStateMachineDaemonThread] INFO  statemachine.DatanodeStateMachine (DatanodeStateMachine.java:lambda$startDaemon$1(555)) - Ozone container server started.
2024-02-27 07:08:45,268 [27436771-b26a-47df-862e-42af51f21969-DatanodeStateMachineTaskThread-0] INFO  datanode.InitDatanodeState (InitDatanodeState.java:persistContainerDatanodeDetails(139)) - DatanodeDetails is persisted to /home/runner/work/ozone/ozone/hadoop-ozone/integration-test/target/test-dir/MiniOzoneClusterImpl-73680b39-f248-4dab-999a-9bb96057e508/ozone-meta/datanode-5/meta/datanode.id
2024-02-27 07:08:45,290 [om1@group-C5BA1605619E-StateMachineUpdater] INFO  ratis.OzoneManagerStateMachine (OzoneManagerStateMachine.java:notifyConfigurationChanged(200)) - Received Configuration change notification from Ratis. New Peer list:
[id: "om1"
address: "localhost:15007"
startupRole: FOLLOWER
]
2024-02-27 07:08:45,291 [om1@group-C5BA1605619E-StateMachineUpdater] INFO  server.RaftServer$Division (LeaderStateImpl.java:isApplied(320)) - leader is ready since appliedIndex == 0 >= startIndex == 0
2024-02-27 07:08:46,262 [main] INFO  ozone.MiniOzoneClusterImpl (MiniOzoneClusterImpl.java:lambda$waitForClusterToBeReady$0(195)) - Waiting for nodes to be ready. Got 0 of 5 DN Heartbeats.
2024-02-27 07:08:46,263 [main] INFO  ozone.MiniOzoneClusterImpl (MiniOzoneClusterImpl.java:lambda$waitForClusterToBeReady$0(198)) - Waiting for cluster to exit safe mode
2024-02-27 07:08:46,263 [main] INFO  ozone.MiniOzoneClusterImpl (MiniOzoneClusterImpl.java:lambda$waitForClusterToBeReady$0(200)) - SCM became leader
2024-02-27 07:08:46,756 [49a99776-1504-4c11-88b9-d65d97124402-EndpointStateMachineTaskThread-/0.0.0.0:15002-0 ] INFO  utils.DatanodeStoreCache (DatanodeStoreCache.java:addDB(72)) - Added db /home/runner/work/ozone/ozone/hadoop-ozone/integration-test/target/test-dir/MiniOzoneClusterImpl-73680b39-f248-4dab-999a-9bb96057e508/ozone-meta/datanode-1/data-0/hdds/73680b39-f248-4dab-999a-9bb96057e508/DS-c207a872-e639-4d0f-be6e-aa2491a912d2/container.db to cache
2024-02-27 07:08:46,757 [49a99776-1504-4c11-88b9-d65d97124402-EndpointStateMachineTaskThread-/0.0.0.0:15002-0 ] INFO  volume.HddsVolume (HddsVolume.java:createDbStore(420)) - SchemaV3 db is created and loaded at /home/runner/work/ozone/ozone/hadoop-ozone/integration-test/target/test-dir/MiniOzoneClusterImpl-73680b39-f248-4dab-999a-9bb96057e508/ozone-meta/datanode-1/data-0/hdds/73680b39-f248-4dab-999a-9bb96057e508/DS-c207a872-e639-4d0f-be6e-aa2491a912d2/container.db for volume DS-c207a872-e639-4d0f-be6e-aa2491a912d2
2024-02-27 07:08:46,765 [49a99776-1504-4c11-88b9-d65d97124402-ContainerReader-0] INFO  ozoneimpl.ContainerReader (ContainerReader.java:readVolume(148)) - Start to verify containers on volume /home/runner/work/ozone/ozone/hadoop-ozone/integration-test/target/test-dir/MiniOzoneClusterImpl-73680b39-f248-4dab-999a-9bb96057e508/ozone-meta/datanode-1/data-0/hdds
2024-02-27 07:08:46,765 [49a99776-1504-4c11-88b9-d65d97124402-ContainerReader-0] INFO  ozoneimpl.ContainerReader (ContainerReader.java:readVolume(178)) - Finish verifying containers on volume /home/runner/work/ozone/ozone/hadoop-ozone/integration-test/target/test-dir/MiniOzoneClusterImpl-73680b39-f248-4dab-999a-9bb96057e508/ozone-meta/datanode-1/data-0/hdds
2024-02-27 07:08:46,765 [49a99776-1504-4c11-88b9-d65d97124402-EndpointStateMachineTaskThread-/0.0.0.0:15002-0 ] INFO  ozoneimpl.OzoneContainer (OzoneContainer.java:buildContainerSet(328)) - Build ContainerSet costs 0s
2024-02-27 07:08:46,766 [49a99776-1504-4c11-88b9-d65d97124402-EndpointStateMachineTaskThread-/0.0.0.0:15002-0 ] INFO  volume.ThrottledAsyncChecker (ThrottledAsyncChecker.java:schedule(141)) - Scheduling a check for /home/runner/work/ozone/ozone/hadoop-ozone/integration-test/target/test-dir/MiniOzoneClusterImpl-73680b39-f248-4dab-999a-9bb96057e508/ozone-meta/datanode-1/data-0/hdds
2024-02-27 07:08:46,778 [49a99776-1504-4c11-88b9-d65d97124402-EndpointStateMachineTaskThread-/0.0.0.0:15002-0 ] INFO  volume.StorageVolumeChecker (StorageVolumeChecker.java:checkAllVolumes(218)) - Scheduled health check for volume /home/runner/work/ozone/ozone/hadoop-ozone/integration-test/target/test-dir/MiniOzoneClusterImpl-73680b39-f248-4dab-999a-9bb96057e508/ozone-meta/datanode-1/data-0/hdds
2024-02-27 07:08:46,780 [49a99776-1504-4c11-88b9-d65d97124402-EndpointStateMachineTaskThread-/0.0.0.0:15002-0 ] INFO  volume.ThrottledAsyncChecker (ThrottledAsyncChecker.java:schedule(141)) - Scheduling a check for /home/runner/work/ozone/ozone/hadoop-ozone/integration-test/target/test-dir/MiniOzoneClusterImpl-73680b39-f248-4dab-999a-9bb96057e508/ozone-meta/datanode-1/ratis
2024-02-27 07:08:46,780 [49a99776-1504-4c11-88b9-d65d97124402-EndpointStateMachineTaskThread-/0.0.0.0:15002-0 ] INFO  volume.StorageVolumeChecker (StorageVolumeChecker.java:checkAllVolumes(218)) - Scheduled health check for volume /home/runner/work/ozone/ozone/hadoop-ozone/integration-test/target/test-dir/MiniOzoneClusterImpl-73680b39-f248-4dab-999a-9bb96057e508/ozone-meta/datanode-1/ratis
2024-02-27 07:08:46,781 [49a99776-1504-4c11-88b9-d65d97124402-EndpointStateMachineTaskThread-/0.0.0.0:15002-0 ] INFO  ozoneimpl.OzoneContainer (OzoneContainer.java:start(459)) - Attempting to start container services.
2024-02-27 07:08:46,783 [49a99776-1504-4c11-88b9-d65d97124402-EndpointStateMachineTaskThread-/0.0.0.0:15002-0 ] INFO  ozoneimpl.OzoneContainer (OzoneContainer.java:startContainerScrub(339)) - Scheduled background container scanners and the on-demand container scanner have been disabled.
2024-02-27 07:08:46,784 [49a99776-1504-4c11-88b9-d65d97124402-EndpointStateMachineTaskThread-/0.0.0.0:15002-0 ] INFO  replication.ReplicationServer (ReplicationServer.java:start(140)) - ReplicationServer is started using port 15016
2024-02-27 07:08:46,785 [49a99776-1504-4c11-88b9-d65d97124402-EndpointStateMachineTaskThread-/0.0.0.0:15002-0 ] INFO  ratis.XceiverServerRatis (XceiverServerRatis.java:start(566)) - Starting XceiverServerRatis 49a99776-1504-4c11-88b9-d65d97124402
2024-02-27 07:08:46,785 [49a99776-1504-4c11-88b9-d65d97124402-EndpointStateMachineTaskThread-/0.0.0.0:15002-0 ] INFO  server.RaftServer (RaftServerProxy.java:startImpl(406)) - 49a99776-1504-4c11-88b9-d65d97124402: start RPC server
2024-02-27 07:08:46,787 [49a99776-1504-4c11-88b9-d65d97124402-EndpointStateMachineTaskThread-/0.0.0.0:15002-0 ] INFO  server.GrpcService (GrpcService.java:startImpl(302)) - 49a99776-1504-4c11-88b9-d65d97124402: GrpcService started, listening on 15012
2024-02-27 07:08:46,789 [49a99776-1504-4c11-88b9-d65d97124402-EndpointStateMachineTaskThread-/0.0.0.0:15002-0 ] INFO  server.GrpcService (GrpcService.java:startImpl(302)) - 49a99776-1504-4c11-88b9-d65d97124402: GrpcService started, listening on 15014
2024-02-27 07:08:46,790 [49a99776-1504-4c11-88b9-d65d97124402-EndpointStateMachineTaskThread-/0.0.0.0:15002-0 ] INFO  server.GrpcService (GrpcService.java:startImpl(302)) - 49a99776-1504-4c11-88b9-d65d97124402: GrpcService started, listening on 15013
2024-02-27 07:08:46,790 [JvmPauseMonitor2] INFO  util.JvmPauseMonitor (JvmPauseMonitor.java:run(146)) - JvmPauseMonitor-49a99776-1504-4c11-88b9-d65d97124402: Started
2024-02-27 07:08:46,790 [49a99776-1504-4c11-88b9-d65d97124402-EndpointStateMachineTaskThread-/0.0.0.0:15002-0 ] INFO  ratis.XceiverServerRatis (XceiverServerRatis.java:getRealPort(592)) - XceiverServerRatis 49a99776-1504-4c11-88b9-d65d97124402 is started using port 15012 for RATIS
2024-02-27 07:08:46,791 [49a99776-1504-4c11-88b9-d65d97124402-EndpointStateMachineTaskThread-/0.0.0.0:15002-0 ] INFO  ratis.XceiverServerRatis (XceiverServerRatis.java:getRealPort(592)) - XceiverServerRatis 49a99776-1504-4c11-88b9-d65d97124402 is started using port 15013 for RATIS_ADMIN
2024-02-27 07:08:46,791 [49a99776-1504-4c11-88b9-d65d97124402-EndpointStateMachineTaskThread-/0.0.0.0:15002-0 ] INFO  ratis.XceiverServerRatis (XceiverServerRatis.java:getRealPort(592)) - XceiverServerRatis 49a99776-1504-4c11-88b9-d65d97124402 is started using port 15014 for RATIS_SERVER
2024-02-27 07:08:46,791 [49a99776-1504-4c11-88b9-d65d97124402-EndpointStateMachineTaskThread-/0.0.0.0:15002-0 ] INFO  ratis.XceiverServerRatis (XceiverServerRatis.java:getRealPort(592)) - XceiverServerRatis 49a99776-1504-4c11-88b9-d65d97124402 is started using port 15015 for RATIS_DATASTREAM
2024-02-27 07:08:46,796 [49a99776-1504-4c11-88b9-d65d97124402-BlockDeletingService#0] INFO  interfaces.ContainerDeletionChoosingPolicyTemplate (ContainerDeletionChoosingPolicyTemplate.java:chooseContainerForBlockDeletion(85)) - Chosen 0/5000 blocks from 0 candidate containers.
2024-02-27 07:08:46,840 [0ea19766-ee81-4032-bca9-1401e49b4249-EndpointStateMachineTaskThread-/0.0.0.0:15002-0 ] INFO  utils.DatanodeStoreCache (DatanodeStoreCache.java:addDB(72)) - Added db /home/runner/work/ozone/ozone/hadoop-ozone/integration-test/target/test-dir/MiniOzoneClusterImpl-73680b39-f248-4dab-999a-9bb96057e508/ozone-meta/datanode-2/data-0/hdds/73680b39-f248-4dab-999a-9bb96057e508/DS-641e4e75-8090-41ab-857a-4fc29cd77273/container.db to cache
2024-02-27 07:08:46,840 [0ea19766-ee81-4032-bca9-1401e49b4249-EndpointStateMachineTaskThread-/0.0.0.0:15002-0 ] INFO  volume.HddsVolume (HddsVolume.java:createDbStore(420)) - SchemaV3 db is created and loaded at /home/runner/work/ozone/ozone/hadoop-ozone/integration-test/target/test-dir/MiniOzoneClusterImpl-73680b39-f248-4dab-999a-9bb96057e508/ozone-meta/datanode-2/data-0/hdds/73680b39-f248-4dab-999a-9bb96057e508/DS-641e4e75-8090-41ab-857a-4fc29cd77273/container.db for volume DS-641e4e75-8090-41ab-857a-4fc29cd77273
2024-02-27 07:08:46,842 [0ea19766-ee81-4032-bca9-1401e49b4249-ContainerReader-0] INFO  ozoneimpl.ContainerReader (ContainerReader.java:readVolume(148)) - Start to verify containers on volume /home/runner/work/ozone/ozone/hadoop-ozone/integration-test/target/test-dir/MiniOzoneClusterImpl-73680b39-f248-4dab-999a-9bb96057e508/ozone-meta/datanode-2/data-0/hdds
2024-02-27 07:08:46,843 [0ea19766-ee81-4032-bca9-1401e49b4249-ContainerReader-0] INFO  ozoneimpl.ContainerReader (ContainerReader.java:readVolume(178)) - Finish verifying containers on volume /home/runner/work/ozone/ozone/hadoop-ozone/integration-test/target/test-dir/MiniOzoneClusterImpl-73680b39-f248-4dab-999a-9bb96057e508/ozone-meta/datanode-2/data-0/hdds
2024-02-27 07:08:46,843 [0ea19766-ee81-4032-bca9-1401e49b4249-EndpointStateMachineTaskThread-/0.0.0.0:15002-0 ] INFO  ozoneimpl.OzoneContainer (OzoneContainer.java:buildContainerSet(328)) - Build ContainerSet costs 0s
2024-02-27 07:08:46,843 [0ea19766-ee81-4032-bca9-1401e49b4249-EndpointStateMachineTaskThread-/0.0.0.0:15002-0 ] INFO  volume.ThrottledAsyncChecker (ThrottledAsyncChecker.java:schedule(141)) - Scheduling a check for /home/runner/work/ozone/ozone/hadoop-ozone/integration-test/target/test-dir/MiniOzoneClusterImpl-73680b39-f248-4dab-999a-9bb96057e508/ozone-meta/datanode-2/data-0/hdds
2024-02-27 07:08:46,844 [0ea19766-ee81-4032-bca9-1401e49b4249-EndpointStateMachineTaskThread-/0.0.0.0:15002-0 ] INFO  volume.StorageVolumeChecker (StorageVolumeChecker.java:checkAllVolumes(218)) - Scheduled health check for volume /home/runner/work/ozone/ozone/hadoop-ozone/integration-test/target/test-dir/MiniOzoneClusterImpl-73680b39-f248-4dab-999a-9bb96057e508/ozone-meta/datanode-2/data-0/hdds
2024-02-27 07:08:46,846 [0ea19766-ee81-4032-bca9-1401e49b4249-EndpointStateMachineTaskThread-/0.0.0.0:15002-0 ] INFO  volume.ThrottledAsyncChecker (ThrottledAsyncChecker.java:schedule(141)) - Scheduling a check for /home/runner/work/ozone/ozone/hadoop-ozone/integration-test/target/test-dir/MiniOzoneClusterImpl-73680b39-f248-4dab-999a-9bb96057e508/ozone-meta/datanode-2/ratis
2024-02-27 07:08:46,846 [0ea19766-ee81-4032-bca9-1401e49b4249-EndpointStateMachineTaskThread-/0.0.0.0:15002-0 ] INFO  volume.StorageVolumeChecker (StorageVolumeChecker.java:checkAllVolumes(218)) - Scheduled health check for volume /home/runner/work/ozone/ozone/hadoop-ozone/integration-test/target/test-dir/MiniOzoneClusterImpl-73680b39-f248-4dab-999a-9bb96057e508/ozone-meta/datanode-2/ratis
2024-02-27 07:08:46,847 [0ea19766-ee81-4032-bca9-1401e49b4249-EndpointStateMachineTaskThread-/0.0.0.0:15002-0 ] INFO  ozoneimpl.OzoneContainer (OzoneContainer.java:start(459)) - Attempting to start container services.
2024-02-27 07:08:46,847 [0ea19766-ee81-4032-bca9-1401e49b4249-EndpointStateMachineTaskThread-/0.0.0.0:15002-0 ] INFO  ozoneimpl.OzoneContainer (OzoneContainer.java:startContainerScrub(339)) - Scheduled background container scanners and the on-demand container scanner have been disabled.
2024-02-27 07:08:46,848 [0ea19766-ee81-4032-bca9-1401e49b4249-EndpointStateMachineTaskThread-/0.0.0.0:15002-0 ] INFO  replication.ReplicationServer (ReplicationServer.java:start(140)) - ReplicationServer is started using port 15025
2024-02-27 07:08:46,848 [0ea19766-ee81-4032-bca9-1401e49b4249-EndpointStateMachineTaskThread-/0.0.0.0:15002-0 ] INFO  ratis.XceiverServerRatis (XceiverServerRatis.java:start(566)) - Starting XceiverServerRatis 0ea19766-ee81-4032-bca9-1401e49b4249
2024-02-27 07:08:46,849 [0ea19766-ee81-4032-bca9-1401e49b4249-EndpointStateMachineTaskThread-/0.0.0.0:15002-0 ] INFO  server.RaftServer (RaftServerProxy.java:startImpl(406)) - 0ea19766-ee81-4032-bca9-1401e49b4249: start RPC server
2024-02-27 07:08:46,850 [0ea19766-ee81-4032-bca9-1401e49b4249-EndpointStateMachineTaskThread-/0.0.0.0:15002-0 ] INFO  server.GrpcService (GrpcService.java:startImpl(302)) - 0ea19766-ee81-4032-bca9-1401e49b4249: GrpcService started, listening on 15021
2024-02-27 07:08:46,852 [0ea19766-ee81-4032-bca9-1401e49b4249-EndpointStateMachineTaskThread-/0.0.0.0:15002-0 ] INFO  server.GrpcService (GrpcService.java:startImpl(302)) - 0ea19766-ee81-4032-bca9-1401e49b4249: GrpcService started, listening on 15023
2024-02-27 07:08:46,854 [0ea19766-ee81-4032-bca9-1401e49b4249-EndpointStateMachineTaskThread-/0.0.0.0:15002-0 ] INFO  server.GrpcService (GrpcService.java:startImpl(302)) - 0ea19766-ee81-4032-bca9-1401e49b4249: GrpcService started, listening on 15022
2024-02-27 07:08:46,854 [0ea19766-ee81-4032-bca9-1401e49b4249-EndpointStateMachineTaskThread-/0.0.0.0:15002-0 ] INFO  ratis.XceiverServerRatis (XceiverServerRatis.java:getRealPort(592)) - XceiverServerRatis 0ea19766-ee81-4032-bca9-1401e49b4249 is started using port 15021 for RATIS
2024-02-27 07:08:46,854 [JvmPauseMonitor3] INFO  util.JvmPauseMonitor (JvmPauseMonitor.java:run(146)) - JvmPauseMonitor-0ea19766-ee81-4032-bca9-1401e49b4249: Started
2024-02-27 07:08:46,854 [0ea19766-ee81-4032-bca9-1401e49b4249-EndpointStateMachineTaskThread-/0.0.0.0:15002-0 ] INFO  ratis.XceiverServerRatis (XceiverServerRatis.java:getRealPort(592)) - XceiverServerRatis 0ea19766-ee81-4032-bca9-1401e49b4249 is started using port 15022 for RATIS_ADMIN
2024-02-27 07:08:46,855 [0ea19766-ee81-4032-bca9-1401e49b4249-EndpointStateMachineTaskThread-/0.0.0.0:15002-0 ] INFO  ratis.XceiverServerRatis (XceiverServerRatis.java:getRealPort(592)) - XceiverServerRatis 0ea19766-ee81-4032-bca9-1401e49b4249 is started using port 15023 for RATIS_SERVER
2024-02-27 07:08:46,855 [0ea19766-ee81-4032-bca9-1401e49b4249-EndpointStateMachineTaskThread-/0.0.0.0:15002-0 ] INFO  ratis.XceiverServerRatis (XceiverServerRatis.java:getRealPort(592)) - XceiverServerRatis 0ea19766-ee81-4032-bca9-1401e49b4249 is started using port 15024 for RATIS_DATASTREAM
2024-02-27 07:08:46,861 [0ea19766-ee81-4032-bca9-1401e49b4249-BlockDeletingService#0] INFO  interfaces.ContainerDeletionChoosingPolicyTemplate (ContainerDeletionChoosingPolicyTemplate.java:chooseContainerForBlockDeletion(85)) - Chosen 0/5000 blocks from 0 candidate containers.
2024-02-27 07:08:46,954 [d20e48e4-5d22-4482-8ef9-383a12f89d83-EndpointStateMachineTaskThread-/0.0.0.0:15002-0 ] INFO  utils.DatanodeStoreCache (DatanodeStoreCache.java:addDB(72)) - Added db /home/runner/work/ozone/ozone/hadoop-ozone/integration-test/target/test-dir/MiniOzoneClusterImpl-73680b39-f248-4dab-999a-9bb96057e508/ozone-meta/datanode-3/data-0/hdds/73680b39-f248-4dab-999a-9bb96057e508/DS-15f4d28f-b63a-4e5d-b08b-561353ef985a/container.db to cache
2024-02-27 07:08:46,954 [d20e48e4-5d22-4482-8ef9-383a12f89d83-EndpointStateMachineTaskThread-/0.0.0.0:15002-0 ] INFO  volume.HddsVolume (HddsVolume.java:createDbStore(420)) - SchemaV3 db is created and loaded at /home/runner/work/ozone/ozone/hadoop-ozone/integration-test/target/test-dir/MiniOzoneClusterImpl-73680b39-f248-4dab-999a-9bb96057e508/ozone-meta/datanode-3/data-0/hdds/73680b39-f248-4dab-999a-9bb96057e508/DS-15f4d28f-b63a-4e5d-b08b-561353ef985a/container.db for volume DS-15f4d28f-b63a-4e5d-b08b-561353ef985a
2024-02-27 07:08:46,956 [d20e48e4-5d22-4482-8ef9-383a12f89d83-ContainerReader-0] INFO  ozoneimpl.ContainerReader (ContainerReader.java:readVolume(148)) - Start to verify containers on volume /home/runner/work/ozone/ozone/hadoop-ozone/integration-test/target/test-dir/MiniOzoneClusterImpl-73680b39-f248-4dab-999a-9bb96057e508/ozone-meta/datanode-3/data-0/hdds
2024-02-27 07:08:46,956 [d20e48e4-5d22-4482-8ef9-383a12f89d83-ContainerReader-0] INFO  ozoneimpl.ContainerReader (ContainerReader.java:readVolume(178)) - Finish verifying containers on volume /home/runner/work/ozone/ozone/hadoop-ozone/integration-test/target/test-dir/MiniOzoneClusterImpl-73680b39-f248-4dab-999a-9bb96057e508/ozone-meta/datanode-3/data-0/hdds
2024-02-27 07:08:46,956 [d20e48e4-5d22-4482-8ef9-383a12f89d83-EndpointStateMachineTaskThread-/0.0.0.0:15002-0 ] INFO  ozoneimpl.OzoneContainer (OzoneContainer.java:buildContainerSet(328)) - Build ContainerSet costs 0s
2024-02-27 07:08:46,957 [d20e48e4-5d22-4482-8ef9-383a12f89d83-EndpointStateMachineTaskThread-/0.0.0.0:15002-0 ] INFO  volume.ThrottledAsyncChecker (ThrottledAsyncChecker.java:schedule(141)) - Scheduling a check for /home/runner/work/ozone/ozone/hadoop-ozone/integration-test/target/test-dir/MiniOzoneClusterImpl-73680b39-f248-4dab-999a-9bb96057e508/ozone-meta/datanode-3/data-0/hdds
2024-02-27 07:08:46,957 [d20e48e4-5d22-4482-8ef9-383a12f89d83-EndpointStateMachineTaskThread-/0.0.0.0:15002-0 ] INFO  volume.StorageVolumeChecker (StorageVolumeChecker.java:checkAllVolumes(218)) - Scheduled health check for volume /home/runner/work/ozone/ozone/hadoop-ozone/integration-test/target/test-dir/MiniOzoneClusterImpl-73680b39-f248-4dab-999a-9bb96057e508/ozone-meta/datanode-3/data-0/hdds
2024-02-27 07:08:46,959 [d20e48e4-5d22-4482-8ef9-383a12f89d83-EndpointStateMachineTaskThread-/0.0.0.0:15002-0 ] INFO  volume.ThrottledAsyncChecker (ThrottledAsyncChecker.java:schedule(141)) - Scheduling a check for /home/runner/work/ozone/ozone/hadoop-ozone/integration-test/target/test-dir/MiniOzoneClusterImpl-73680b39-f248-4dab-999a-9bb96057e508/ozone-meta/datanode-3/ratis
2024-02-27 07:08:46,959 [d20e48e4-5d22-4482-8ef9-383a12f89d83-EndpointStateMachineTaskThread-/0.0.0.0:15002-0 ] INFO  volume.StorageVolumeChecker (StorageVolumeChecker.java:checkAllVolumes(218)) - Scheduled health check for volume /home/runner/work/ozone/ozone/hadoop-ozone/integration-test/target/test-dir/MiniOzoneClusterImpl-73680b39-f248-4dab-999a-9bb96057e508/ozone-meta/datanode-3/ratis
2024-02-27 07:08:46,960 [d20e48e4-5d22-4482-8ef9-383a12f89d83-EndpointStateMachineTaskThread-/0.0.0.0:15002-0 ] INFO  ozoneimpl.OzoneContainer (OzoneContainer.java:start(459)) - Attempting to start container services.
2024-02-27 07:08:46,960 [d20e48e4-5d22-4482-8ef9-383a12f89d83-EndpointStateMachineTaskThread-/0.0.0.0:15002-0 ] INFO  ozoneimpl.OzoneContainer (OzoneContainer.java:startContainerScrub(339)) - Scheduled background container scanners and the on-demand container scanner have been disabled.
2024-02-27 07:08:46,961 [d20e48e4-5d22-4482-8ef9-383a12f89d83-EndpointStateMachineTaskThread-/0.0.0.0:15002-0 ] INFO  replication.ReplicationServer (ReplicationServer.java:start(140)) - ReplicationServer is started using port 15034
2024-02-27 07:08:46,961 [d20e48e4-5d22-4482-8ef9-383a12f89d83-EndpointStateMachineTaskThread-/0.0.0.0:15002-0 ] INFO  ratis.XceiverServerRatis (XceiverServerRatis.java:start(566)) - Starting XceiverServerRatis d20e48e4-5d22-4482-8ef9-383a12f89d83
2024-02-27 07:08:46,962 [d20e48e4-5d22-4482-8ef9-383a12f89d83-EndpointStateMachineTaskThread-/0.0.0.0:15002-0 ] INFO  server.RaftServer (RaftServerProxy.java:startImpl(406)) - d20e48e4-5d22-4482-8ef9-383a12f89d83: start RPC server
2024-02-27 07:08:46,963 [d20e48e4-5d22-4482-8ef9-383a12f89d83-EndpointStateMachineTaskThread-/0.0.0.0:15002-0 ] INFO  server.GrpcService (GrpcService.java:startImpl(302)) - d20e48e4-5d22-4482-8ef9-383a12f89d83: GrpcService started, listening on 15030
2024-02-27 07:08:46,965 [d20e48e4-5d22-4482-8ef9-383a12f89d83-EndpointStateMachineTaskThread-/0.0.0.0:15002-0 ] INFO  server.GrpcService (GrpcService.java:startImpl(302)) - d20e48e4-5d22-4482-8ef9-383a12f89d83: GrpcService started, listening on 15032
2024-02-27 07:08:46,966 [d20e48e4-5d22-4482-8ef9-383a12f89d83-EndpointStateMachineTaskThread-/0.0.0.0:15002-0 ] INFO  server.GrpcService (GrpcService.java:startImpl(302)) - d20e48e4-5d22-4482-8ef9-383a12f89d83: GrpcService started, listening on 15031
2024-02-27 07:08:46,966 [d20e48e4-5d22-4482-8ef9-383a12f89d83-EndpointStateMachineTaskThread-/0.0.0.0:15002-0 ] INFO  ratis.XceiverServerRatis (XceiverServerRatis.java:getRealPort(592)) - XceiverServerRatis d20e48e4-5d22-4482-8ef9-383a12f89d83 is started using port 15030 for RATIS
2024-02-27 07:08:46,966 [JvmPauseMonitor4] INFO  util.JvmPauseMonitor (JvmPauseMonitor.java:run(146)) - JvmPauseMonitor-d20e48e4-5d22-4482-8ef9-383a12f89d83: Started
2024-02-27 07:08:46,966 [d20e48e4-5d22-4482-8ef9-383a12f89d83-EndpointStateMachineTaskThread-/0.0.0.0:15002-0 ] INFO  ratis.XceiverServerRatis (XceiverServerRatis.java:getRealPort(592)) - XceiverServerRatis d20e48e4-5d22-4482-8ef9-383a12f89d83 is started using port 15031 for RATIS_ADMIN
2024-02-27 07:08:46,966 [d20e48e4-5d22-4482-8ef9-383a12f89d83-EndpointStateMachineTaskThread-/0.0.0.0:15002-0 ] INFO  ratis.XceiverServerRatis (XceiverServerRatis.java:getRealPort(592)) - XceiverServerRatis d20e48e4-5d22-4482-8ef9-383a12f89d83 is started using port 15032 for RATIS_SERVER
2024-02-27 07:08:46,966 [d20e48e4-5d22-4482-8ef9-383a12f89d83-EndpointStateMachineTaskThread-/0.0.0.0:15002-0 ] INFO  ratis.XceiverServerRatis (XceiverServerRatis.java:getRealPort(592)) - XceiverServerRatis d20e48e4-5d22-4482-8ef9-383a12f89d83 is started using port 15033 for RATIS_DATASTREAM
2024-02-27 07:08:46,970 [d20e48e4-5d22-4482-8ef9-383a12f89d83-BlockDeletingService#0] INFO  interfaces.ContainerDeletionChoosingPolicyTemplate (ContainerDeletionChoosingPolicyTemplate.java:chooseContainerForBlockDeletion(85)) - Chosen 0/5000 blocks from 0 candidate containers.
2024-02-27 07:08:47,129 [3dfbfca7-47ad-43e6-bcff-63ae4fd7105e-EndpointStateMachineTaskThread-/0.0.0.0:15002-0 ] INFO  utils.DatanodeStoreCache (DatanodeStoreCache.java:addDB(72)) - Added db /home/runner/work/ozone/ozone/hadoop-ozone/integration-test/target/test-dir/MiniOzoneClusterImpl-73680b39-f248-4dab-999a-9bb96057e508/ozone-meta/datanode-4/data-0/hdds/73680b39-f248-4dab-999a-9bb96057e508/DS-8811852e-d04c-4710-a912-5d2157a1916f/container.db to cache
2024-02-27 07:08:47,129 [3dfbfca7-47ad-43e6-bcff-63ae4fd7105e-EndpointStateMachineTaskThread-/0.0.0.0:15002-0 ] INFO  volume.HddsVolume (HddsVolume.java:createDbStore(420)) - SchemaV3 db is created and loaded at /home/runner/work/ozone/ozone/hadoop-ozone/integration-test/target/test-dir/MiniOzoneClusterImpl-73680b39-f248-4dab-999a-9bb96057e508/ozone-meta/datanode-4/data-0/hdds/73680b39-f248-4dab-999a-9bb96057e508/DS-8811852e-d04c-4710-a912-5d2157a1916f/container.db for volume DS-8811852e-d04c-4710-a912-5d2157a1916f
2024-02-27 07:08:47,132 [3dfbfca7-47ad-43e6-bcff-63ae4fd7105e-ContainerReader-0] INFO  ozoneimpl.ContainerReader (ContainerReader.java:readVolume(148)) - Start to verify containers on volume /home/runner/work/ozone/ozone/hadoop-ozone/integration-test/target/test-dir/MiniOzoneClusterImpl-73680b39-f248-4dab-999a-9bb96057e508/ozone-meta/datanode-4/data-0/hdds
2024-02-27 07:08:47,132 [3dfbfca7-47ad-43e6-bcff-63ae4fd7105e-ContainerReader-0] INFO  ozoneimpl.ContainerReader (ContainerReader.java:readVolume(178)) - Finish verifying containers on volume /home/runner/work/ozone/ozone/hadoop-ozone/integration-test/target/test-dir/MiniOzoneClusterImpl-73680b39-f248-4dab-999a-9bb96057e508/ozone-meta/datanode-4/data-0/hdds
2024-02-27 07:08:47,132 [3dfbfca7-47ad-43e6-bcff-63ae4fd7105e-EndpointStateMachineTaskThread-/0.0.0.0:15002-0 ] INFO  ozoneimpl.OzoneContainer (OzoneContainer.java:buildContainerSet(328)) - Build ContainerSet costs 0s
2024-02-27 07:08:47,137 [3dfbfca7-47ad-43e6-bcff-63ae4fd7105e-EndpointStateMachineTaskThread-/0.0.0.0:15002-0 ] INFO  volume.ThrottledAsyncChecker (ThrottledAsyncChecker.java:schedule(141)) - Scheduling a check for /home/runner/work/ozone/ozone/hadoop-ozone/integration-test/target/test-dir/MiniOzoneClusterImpl-73680b39-f248-4dab-999a-9bb96057e508/ozone-meta/datanode-4/data-0/hdds
2024-02-27 07:08:47,137 [3dfbfca7-47ad-43e6-bcff-63ae4fd7105e-EndpointStateMachineTaskThread-/0.0.0.0:15002-0 ] INFO  volume.StorageVolumeChecker (StorageVolumeChecker.java:checkAllVolumes(218)) - Scheduled health check for volume /home/runner/work/ozone/ozone/hadoop-ozone/integration-test/target/test-dir/MiniOzoneClusterImpl-73680b39-f248-4dab-999a-9bb96057e508/ozone-meta/datanode-4/data-0/hdds
2024-02-27 07:08:47,139 [3dfbfca7-47ad-43e6-bcff-63ae4fd7105e-EndpointStateMachineTaskThread-/0.0.0.0:15002-0 ] INFO  volume.ThrottledAsyncChecker (ThrottledAsyncChecker.java:schedule(141)) - Scheduling a check for /home/runner/work/ozone/ozone/hadoop-ozone/integration-test/target/test-dir/MiniOzoneClusterImpl-73680b39-f248-4dab-999a-9bb96057e508/ozone-meta/datanode-4/ratis
2024-02-27 07:08:47,139 [3dfbfca7-47ad-43e6-bcff-63ae4fd7105e-EndpointStateMachineTaskThread-/0.0.0.0:15002-0 ] INFO  volume.StorageVolumeChecker (StorageVolumeChecker.java:checkAllVolumes(218)) - Scheduled health check for volume /home/runner/work/ozone/ozone/hadoop-ozone/integration-test/target/test-dir/MiniOzoneClusterImpl-73680b39-f248-4dab-999a-9bb96057e508/ozone-meta/datanode-4/ratis
2024-02-27 07:08:47,140 [3dfbfca7-47ad-43e6-bcff-63ae4fd7105e-EndpointStateMachineTaskThread-/0.0.0.0:15002-0 ] INFO  ozoneimpl.OzoneContainer (OzoneContainer.java:start(459)) - Attempting to start container services.
2024-02-27 07:08:47,140 [3dfbfca7-47ad-43e6-bcff-63ae4fd7105e-EndpointStateMachineTaskThread-/0.0.0.0:15002-0 ] INFO  ozoneimpl.OzoneContainer (OzoneContainer.java:startContainerScrub(339)) - Scheduled background container scanners and the on-demand container scanner have been disabled.
2024-02-27 07:08:47,142 [3dfbfca7-47ad-43e6-bcff-63ae4fd7105e-EndpointStateMachineTaskThread-/0.0.0.0:15002-0 ] INFO  replication.ReplicationServer (ReplicationServer.java:start(140)) - ReplicationServer is started using port 15043
2024-02-27 07:08:47,142 [3dfbfca7-47ad-43e6-bcff-63ae4fd7105e-EndpointStateMachineTaskThread-/0.0.0.0:15002-0 ] INFO  ratis.XceiverServerRatis (XceiverServerRatis.java:start(566)) - Starting XceiverServerRatis 3dfbfca7-47ad-43e6-bcff-63ae4fd7105e
2024-02-27 07:08:47,142 [3dfbfca7-47ad-43e6-bcff-63ae4fd7105e-EndpointStateMachineTaskThread-/0.0.0.0:15002-0 ] INFO  server.RaftServer (RaftServerProxy.java:startImpl(406)) - 3dfbfca7-47ad-43e6-bcff-63ae4fd7105e: start RPC server
2024-02-27 07:08:47,144 [3dfbfca7-47ad-43e6-bcff-63ae4fd7105e-EndpointStateMachineTaskThread-/0.0.0.0:15002-0 ] INFO  server.GrpcService (GrpcService.java:startImpl(302)) - 3dfbfca7-47ad-43e6-bcff-63ae4fd7105e: GrpcService started, listening on 15039
2024-02-27 07:08:47,146 [3dfbfca7-47ad-43e6-bcff-63ae4fd7105e-EndpointStateMachineTaskThread-/0.0.0.0:15002-0 ] INFO  server.GrpcService (GrpcService.java:startImpl(302)) - 3dfbfca7-47ad-43e6-bcff-63ae4fd7105e: GrpcService started, listening on 15041
2024-02-27 07:08:47,154 [3dfbfca7-47ad-43e6-bcff-63ae4fd7105e-EndpointStateMachineTaskThread-/0.0.0.0:15002-0 ] INFO  server.GrpcService (GrpcService.java:startImpl(302)) - 3dfbfca7-47ad-43e6-bcff-63ae4fd7105e: GrpcService started, listening on 15040
2024-02-27 07:08:47,155 [3dfbfca7-47ad-43e6-bcff-63ae4fd7105e-EndpointStateMachineTaskThread-/0.0.0.0:15002-0 ] INFO  ratis.XceiverServerRatis (XceiverServerRatis.java:getRealPort(592)) - XceiverServerRatis 3dfbfca7-47ad-43e6-bcff-63ae4fd7105e is started using port 15039 for RATIS
2024-02-27 07:08:47,155 [JvmPauseMonitor5] INFO  util.JvmPauseMonitor (JvmPauseMonitor.java:run(146)) - JvmPauseMonitor-3dfbfca7-47ad-43e6-bcff-63ae4fd7105e: Started
2024-02-27 07:08:47,155 [3dfbfca7-47ad-43e6-bcff-63ae4fd7105e-EndpointStateMachineTaskThread-/0.0.0.0:15002-0 ] INFO  ratis.XceiverServerRatis (XceiverServerRatis.java:getRealPort(592)) - XceiverServerRatis 3dfbfca7-47ad-43e6-bcff-63ae4fd7105e is started using port 15040 for RATIS_ADMIN
2024-02-27 07:08:47,156 [3dfbfca7-47ad-43e6-bcff-63ae4fd7105e-EndpointStateMachineTaskThread-/0.0.0.0:15002-0 ] INFO  ratis.XceiverServerRatis (XceiverServerRatis.java:getRealPort(592)) - XceiverServerRatis 3dfbfca7-47ad-43e6-bcff-63ae4fd7105e is started using port 15041 for RATIS_SERVER
2024-02-27 07:08:47,156 [3dfbfca7-47ad-43e6-bcff-63ae4fd7105e-EndpointStateMachineTaskThread-/0.0.0.0:15002-0 ] INFO  ratis.XceiverServerRatis (XceiverServerRatis.java:getRealPort(592)) - XceiverServerRatis 3dfbfca7-47ad-43e6-bcff-63ae4fd7105e is started using port 15042 for RATIS_DATASTREAM
2024-02-27 07:08:47,158 [3dfbfca7-47ad-43e6-bcff-63ae4fd7105e-BlockDeletingService#0] INFO  interfaces.ContainerDeletionChoosingPolicyTemplate (ContainerDeletionChoosingPolicyTemplate.java:chooseContainerForBlockDeletion(85)) - Chosen 0/5000 blocks from 0 candidate containers.
2024-02-27 07:08:47,263 [main] INFO  ozone.MiniOzoneClusterImpl (MiniOzoneClusterImpl.java:lambda$waitForClusterToBeReady$0(195)) - Waiting for nodes to be ready. Got 0 of 5 DN Heartbeats.
2024-02-27 07:08:47,263 [main] INFO  ozone.MiniOzoneClusterImpl (MiniOzoneClusterImpl.java:lambda$waitForClusterToBeReady$0(198)) - Waiting for cluster to exit safe mode
2024-02-27 07:08:47,263 [main] INFO  ozone.MiniOzoneClusterImpl (MiniOzoneClusterImpl.java:lambda$waitForClusterToBeReady$0(200)) - SCM became leader
2024-02-27 07:08:47,287 [27436771-b26a-47df-862e-42af51f21969-EndpointStateMachineTaskThread-/0.0.0.0:15002-0 ] INFO  utils.DatanodeStoreCache (DatanodeStoreCache.java:addDB(72)) - Added db /home/runner/work/ozone/ozone/hadoop-ozone/integration-test/target/test-dir/MiniOzoneClusterImpl-73680b39-f248-4dab-999a-9bb96057e508/ozone-meta/datanode-5/data-0/hdds/73680b39-f248-4dab-999a-9bb96057e508/DS-8382387f-7b79-4490-b5cf-d4485c5ea5e1/container.db to cache
2024-02-27 07:08:47,288 [27436771-b26a-47df-862e-42af51f21969-EndpointStateMachineTaskThread-/0.0.0.0:15002-0 ] INFO  volume.HddsVolume (HddsVolume.java:createDbStore(420)) - SchemaV3 db is created and loaded at /home/runner/work/ozone/ozone/hadoop-ozone/integration-test/target/test-dir/MiniOzoneClusterImpl-73680b39-f248-4dab-999a-9bb96057e508/ozone-meta/datanode-5/data-0/hdds/73680b39-f248-4dab-999a-9bb96057e508/DS-8382387f-7b79-4490-b5cf-d4485c5ea5e1/container.db for volume DS-8382387f-7b79-4490-b5cf-d4485c5ea5e1
2024-02-27 07:08:47,289 [27436771-b26a-47df-862e-42af51f21969-ContainerReader-0] INFO  ozoneimpl.ContainerReader (ContainerReader.java:readVolume(148)) - Start to verify containers on volume /home/runner/work/ozone/ozone/hadoop-ozone/integration-test/target/test-dir/MiniOzoneClusterImpl-73680b39-f248-4dab-999a-9bb96057e508/ozone-meta/datanode-5/data-0/hdds
2024-02-27 07:08:47,289 [27436771-b26a-47df-862e-42af51f21969-ContainerReader-0] INFO  ozoneimpl.ContainerReader (ContainerReader.java:readVolume(178)) - Finish verifying containers on volume /home/runner/work/ozone/ozone/hadoop-ozone/integration-test/target/test-dir/MiniOzoneClusterImpl-73680b39-f248-4dab-999a-9bb96057e508/ozone-meta/datanode-5/data-0/hdds
2024-02-27 07:08:47,289 [27436771-b26a-47df-862e-42af51f21969-EndpointStateMachineTaskThread-/0.0.0.0:15002-0 ] INFO  ozoneimpl.OzoneContainer (OzoneContainer.java:buildContainerSet(328)) - Build ContainerSet costs 0s
2024-02-27 07:08:47,290 [27436771-b26a-47df-862e-42af51f21969-EndpointStateMachineTaskThread-/0.0.0.0:15002-0 ] INFO  volume.ThrottledAsyncChecker (ThrottledAsyncChecker.java:schedule(141)) - Scheduling a check for /home/runner/work/ozone/ozone/hadoop-ozone/integration-test/target/test-dir/MiniOzoneClusterImpl-73680b39-f248-4dab-999a-9bb96057e508/ozone-meta/datanode-5/data-0/hdds
2024-02-27 07:08:47,290 [27436771-b26a-47df-862e-42af51f21969-EndpointStateMachineTaskThread-/0.0.0.0:15002-0 ] INFO  volume.StorageVolumeChecker (StorageVolumeChecker.java:checkAllVolumes(218)) - Scheduled health check for volume /home/runner/work/ozone/ozone/hadoop-ozone/integration-test/target/test-dir/MiniOzoneClusterImpl-73680b39-f248-4dab-999a-9bb96057e508/ozone-meta/datanode-5/data-0/hdds
2024-02-27 07:08:47,292 [27436771-b26a-47df-862e-42af51f21969-EndpointStateMachineTaskThread-/0.0.0.0:15002-0 ] INFO  volume.ThrottledAsyncChecker (ThrottledAsyncChecker.java:schedule(141)) - Scheduling a check for /home/runner/work/ozone/ozone/hadoop-ozone/integration-test/target/test-dir/MiniOzoneClusterImpl-73680b39-f248-4dab-999a-9bb96057e508/ozone-meta/datanode-5/ratis
2024-02-27 07:08:47,292 [27436771-b26a-47df-862e-42af51f21969-EndpointStateMachineTaskThread-/0.0.0.0:15002-0 ] INFO  volume.StorageVolumeChecker (StorageVolumeChecker.java:checkAllVolumes(218)) - Scheduled health check for volume /home/runner/work/ozone/ozone/hadoop-ozone/integration-test/target/test-dir/MiniOzoneClusterImpl-73680b39-f248-4dab-999a-9bb96057e508/ozone-meta/datanode-5/ratis
2024-02-27 07:08:47,293 [27436771-b26a-47df-862e-42af51f21969-EndpointStateMachineTaskThread-/0.0.0.0:15002-0 ] INFO  ozoneimpl.OzoneContainer (OzoneContainer.java:start(459)) - Attempting to start container services.
2024-02-27 07:08:47,293 [27436771-b26a-47df-862e-42af51f21969-EndpointStateMachineTaskThread-/0.0.0.0:15002-0 ] INFO  ozoneimpl.OzoneContainer (OzoneContainer.java:startContainerScrub(339)) - Scheduled background container scanners and the on-demand container scanner have been disabled.
2024-02-27 07:08:47,294 [27436771-b26a-47df-862e-42af51f21969-EndpointStateMachineTaskThread-/0.0.0.0:15002-0 ] INFO  replication.ReplicationServer (ReplicationServer.java:start(140)) - ReplicationServer is started using port 15052
2024-02-27 07:08:47,294 [27436771-b26a-47df-862e-42af51f21969-EndpointStateMachineTaskThread-/0.0.0.0:15002-0 ] INFO  ratis.XceiverServerRatis (XceiverServerRatis.java:start(566)) - Starting XceiverServerRatis 27436771-b26a-47df-862e-42af51f21969
2024-02-27 07:08:47,295 [27436771-b26a-47df-862e-42af51f21969-EndpointStateMachineTaskThread-/0.0.0.0:15002-0 ] INFO  server.RaftServer (RaftServerProxy.java:startImpl(406)) - 27436771-b26a-47df-862e-42af51f21969: start RPC server
2024-02-27 07:08:47,296 [27436771-b26a-47df-862e-42af51f21969-EndpointStateMachineTaskThread-/0.0.0.0:15002-0 ] INFO  server.GrpcService (GrpcService.java:startImpl(302)) - 27436771-b26a-47df-862e-42af51f21969: GrpcService started, listening on 15048
2024-02-27 07:08:47,296 [27436771-b26a-47df-862e-42af51f21969-EndpointStateMachineTaskThread-/0.0.0.0:15002-0 ] INFO  server.GrpcService (GrpcService.java:startImpl(302)) - 27436771-b26a-47df-862e-42af51f21969: GrpcService started, listening on 15050
2024-02-27 07:08:47,297 [27436771-b26a-47df-862e-42af51f21969-EndpointStateMachineTaskThread-/0.0.0.0:15002-0 ] INFO  server.GrpcService (GrpcService.java:startImpl(302)) - 27436771-b26a-47df-862e-42af51f21969: GrpcService started, listening on 15049
2024-02-27 07:08:47,297 [27436771-b26a-47df-862e-42af51f21969-EndpointStateMachineTaskThread-/0.0.0.0:15002-0 ] INFO  ratis.XceiverServerRatis (XceiverServerRatis.java:getRealPort(592)) - XceiverServerRatis 27436771-b26a-47df-862e-42af51f21969 is started using port 15048 for RATIS
2024-02-27 07:08:47,297 [JvmPauseMonitor6] INFO  util.JvmPauseMonitor (JvmPauseMonitor.java:run(146)) - JvmPauseMonitor-27436771-b26a-47df-862e-42af51f21969: Started
2024-02-27 07:08:47,297 [27436771-b26a-47df-862e-42af51f21969-EndpointStateMachineTaskThread-/0.0.0.0:15002-0 ] INFO  ratis.XceiverServerRatis (XceiverServerRatis.java:getRealPort(592)) - XceiverServerRatis 27436771-b26a-47df-862e-42af51f21969 is started using port 15049 for RATIS_ADMIN
2024-02-27 07:08:47,297 [27436771-b26a-47df-862e-42af51f21969-EndpointStateMachineTaskThread-/0.0.0.0:15002-0 ] INFO  ratis.XceiverServerRatis (XceiverServerRatis.java:getRealPort(592)) - XceiverServerRatis 27436771-b26a-47df-862e-42af51f21969 is started using port 15050 for RATIS_SERVER
2024-02-27 07:08:47,298 [27436771-b26a-47df-862e-42af51f21969-EndpointStateMachineTaskThread-/0.0.0.0:15002-0 ] INFO  ratis.XceiverServerRatis (XceiverServerRatis.java:getRealPort(592)) - XceiverServerRatis 27436771-b26a-47df-862e-42af51f21969 is started using port 15051 for RATIS_DATASTREAM
2024-02-27 07:08:47,299 [27436771-b26a-47df-862e-42af51f21969-BlockDeletingService#0] INFO  interfaces.ContainerDeletionChoosingPolicyTemplate (ContainerDeletionChoosingPolicyTemplate.java:chooseContainerForBlockDeletion(85)) - Chosen 0/5000 blocks from 0 candidate containers.
2024-02-27 07:08:48,264 [main] INFO  ozone.MiniOzoneClusterImpl (MiniOzoneClusterImpl.java:lambda$waitForClusterToBeReady$0(195)) - Waiting for nodes to be ready. Got 0 of 5 DN Heartbeats.
2024-02-27 07:08:48,264 [main] INFO  ozone.MiniOzoneClusterImpl (MiniOzoneClusterImpl.java:lambda$waitForClusterToBeReady$0(198)) - Waiting for cluster to exit safe mode
2024-02-27 07:08:48,264 [main] INFO  ozone.MiniOzoneClusterImpl (MiniOzoneClusterImpl.java:lambda$waitForClusterToBeReady$0(200)) - SCM became leader
2024-02-27 07:08:48,697 [IPC Server handler 5 on default port 15002] INFO  net.NetworkTopologyImpl (NetworkTopologyImpl.java:add(124)) - Added a new node: /default-rack/49a99776-1504-4c11-88b9-d65d97124402
2024-02-27 07:08:48,700 [IPC Server handler 5 on default port 15002] INFO  node.SCMNodeManager (SCMNodeManager.java:register(421)) - Registered datanode: 49a99776-1504-4c11-88b9-d65d97124402{ip: 10.1.0.21, host: fv-az1496-250.f1h4rheolecetjhvv40pmv1bec.bx.internal.cloudapp.net, ports: [HTTP=15009, CLIENT_RPC=15010, REPLICATION=15016, RATIS=15012, RATIS_ADMIN=15013, RATIS_SERVER=15014, RATIS_DATASTREAM=15015, STANDALONE=15011], networkLocation: /default-rack, certSerialId: null, persistedOpState: null, persistedOpStateExpiryEpochSec: 0}
2024-02-27 07:08:48,702 [EventQueue-NewNodeForNewNodeHandler] INFO  pipeline.BackgroundPipelineCreator (BackgroundPipelineCreator.java:notifyEventTriggered(280)) - trigger a one-shot run on RatisPipelineUtilsThread.
2024-02-27 07:08:48,703 [EventQueue-NodeRegistrationContainerReportForContainerSafeModeRule] INFO  safemode.SCMSafeModeManager (SCMSafeModeManager.java:validateSafeModeExitRules(200)) - ContainerSafeModeRule rule is successfully validated
2024-02-27 07:08:48,703 [EventQueue-NodeRegistrationContainerReportForDataNodeSafeModeRule] INFO  safemode.SCMSafeModeManager (DataNodeSafeModeRule.java:process(71)) - SCM in safe mode. 1 DataNodes registered, 3 required.
2024-02-27 07:08:48,706 [EventQueue-PipelineReportForOneReplicaPipelineSafeModeRule] INFO  safemode.SCMSafeModeManager (SCMSafeModeManager.java:validateSafeModeExitRules(200)) - AtleastOneDatanodeReportedRule rule is successfully validated
2024-02-27 07:08:48,709 [RatisPipelineUtilsThread-0] INFO  pipeline.RatisPipelineProvider (RatisPipelineProvider.java:lambda$create$0(205)) - Sending CreatePipelineCommand for pipeline:PipelineID=96c98109-1778-4dd9-a31c-8c779d1c7860 to datanode:49a99776-1504-4c11-88b9-d65d97124402
2024-02-27 07:08:48,717 [RatisPipelineUtilsThread-0] INFO  pipeline.BackgroundPipelineCreator (BackgroundPipelineCreator.java:createPipelines(236)) - Created new pipeline Pipeline[ Id: 96c98109-1778-4dd9-a31c-8c779d1c7860, Nodes: 49a99776-1504-4c11-88b9-d65d97124402(fv-az1496-250.f1h4rheolecetjhvv40pmv1bec.bx.internal.cloudapp.net/10.1.0.21), ReplicationConfig: RATIS/ONE, State:ALLOCATED, leaderId:, CreationTimestamp2024-02-27T07:08:48.709Z[Etc/UTC]]
2024-02-27 07:08:48,821 [IPC Server handler 0 on default port 15002] INFO  net.NetworkTopologyImpl (NetworkTopologyImpl.java:add(124)) - Added a new node: /default-rack/0ea19766-ee81-4032-bca9-1401e49b4249
2024-02-27 07:08:48,821 [IPC Server handler 0 on default port 15002] INFO  node.SCMNodeManager (SCMNodeManager.java:register(421)) - Registered datanode: 0ea19766-ee81-4032-bca9-1401e49b4249{ip: 10.1.0.21, host: fv-az1496-250.f1h4rheolecetjhvv40pmv1bec.bx.internal.cloudapp.net, ports: [HTTP=15018, CLIENT_RPC=15019, REPLICATION=15025, RATIS=15021, RATIS_ADMIN=15022, RATIS_SERVER=15023, RATIS_DATASTREAM=15024, STANDALONE=15020], networkLocation: /default-rack, certSerialId: null, persistedOpState: null, persistedOpStateExpiryEpochSec: 0}
2024-02-27 07:08:48,821 [EventQueue-NodeRegistrationContainerReportForDataNodeSafeModeRule] INFO  safemode.SCMSafeModeManager (DataNodeSafeModeRule.java:process(71)) - SCM in safe mode. 2 DataNodes registered, 3 required.
2024-02-27 07:08:48,822 [EventQueue-NewNodeForNewNodeHandler] INFO  pipeline.BackgroundPipelineCreator (BackgroundPipelineCreator.java:notifyEventTriggered(280)) - trigger a one-shot run on RatisPipelineUtilsThread.
2024-02-27 07:08:48,823 [RatisPipelineUtilsThread-0] INFO  pipeline.RatisPipelineProvider (RatisPipelineProvider.java:lambda$create$0(205)) - Sending CreatePipelineCommand for pipeline:PipelineID=2bd76adf-f9c0-46d1-af72-3d5d3ae82c65 to datanode:0ea19766-ee81-4032-bca9-1401e49b4249
2024-02-27 07:08:48,824 [RatisPipelineUtilsThread-0] INFO  pipeline.BackgroundPipelineCreator (BackgroundPipelineCreator.java:createPipelines(236)) - Created new pipeline Pipeline[ Id: 2bd76adf-f9c0-46d1-af72-3d5d3ae82c65, Nodes: 0ea19766-ee81-4032-bca9-1401e49b4249(fv-az1496-250.f1h4rheolecetjhvv40pmv1bec.bx.internal.cloudapp.net/10.1.0.21), ReplicationConfig: RATIS/ONE, State:ALLOCATED, leaderId:, CreationTimestamp2024-02-27T07:08:48.822Z[Etc/UTC]]
2024-02-27 07:08:48,933 [IPC Server handler 7 on default port 15002] INFO  net.NetworkTopologyImpl (NetworkTopologyImpl.java:add(124)) - Added a new node: /default-rack/d20e48e4-5d22-4482-8ef9-383a12f89d83
2024-02-27 07:08:48,934 [IPC Server handler 7 on default port 15002] INFO  node.SCMNodeManager (SCMNodeManager.java:register(421)) - Registered datanode: d20e48e4-5d22-4482-8ef9-383a12f89d83{ip: 10.1.0.21, host: fv-az1496-250.f1h4rheolecetjhvv40pmv1bec.bx.internal.cloudapp.net, ports: [HTTP=15027, CLIENT_RPC=15028, REPLICATION=15034, RATIS=15030, RATIS_ADMIN=15031, RATIS_SERVER=15032, RATIS_DATASTREAM=15033, STANDALONE=15029], networkLocation: /default-rack, certSerialId: null, persistedOpState: null, persistedOpStateExpiryEpochSec: 0}
2024-02-27 07:08:48,934 [EventQueue-NewNodeForNewNodeHandler] INFO  pipeline.BackgroundPipelineCreator (BackgroundPipelineCreator.java:notifyEventTriggered(280)) - trigger a one-shot run on RatisPipelineUtilsThread.
2024-02-27 07:08:48,934 [EventQueue-NodeRegistrationContainerReportForDataNodeSafeModeRule] INFO  safemode.SCMSafeModeManager (DataNodeSafeModeRule.java:process(71)) - SCM in safe mode. 3 DataNodes registered, 3 required.
2024-02-27 07:08:48,935 [EventQueue-NodeRegistrationContainerReportForDataNodeSafeModeRule] INFO  safemode.SCMSafeModeManager (SCMSafeModeManager.java:validateSafeModeExitRules(200)) - DataNodeSafeModeRule rule is successfully validated
2024-02-27 07:08:48,935 [EventQueue-NodeRegistrationContainerReportForDataNodeSafeModeRule] INFO  safemode.SCMSafeModeManager (SCMSafeModeManager.java:completePreCheck(229)) - All SCM safe mode pre check rules have passed
2024-02-27 07:08:48,935 [EventQueue-NodeRegistrationContainerReportForDataNodeSafeModeRule] INFO  ha.SCMContext (SCMContext.java:updateSafeModeStatus(225)) - Update SafeModeStatus from SafeModeStatus{safeModeStatus=true, preCheckPassed=false} to SafeModeStatus{safeModeStatus=true, preCheckPassed=true}.
2024-02-27 07:08:48,935 [EventQueue-NodeRegistrationContainerReportForDataNodeSafeModeRule] INFO  pipeline.BackgroundPipelineCreator (BackgroundPipelineCreator.java:notifyEventTriggered(280)) - trigger a one-shot run on RatisPipelineUtilsThread.
2024-02-27 07:08:48,935 [RatisPipelineUtilsThread-0] INFO  pipeline.RatisPipelineProvider (RatisPipelineProvider.java:lambda$create$0(205)) - Sending CreatePipelineCommand for pipeline:PipelineID=2c8eb68b-2344-4d73-87e5-fff51e25709d to datanode:d20e48e4-5d22-4482-8ef9-383a12f89d83
2024-02-27 07:08:48,936 [RatisPipelineUtilsThread-0] INFO  pipeline.BackgroundPipelineCreator (BackgroundPipelineCreator.java:createPipelines(236)) - Created new pipeline Pipeline[ Id: 2c8eb68b-2344-4d73-87e5-fff51e25709d, Nodes: d20e48e4-5d22-4482-8ef9-383a12f89d83(fv-az1496-250.f1h4rheolecetjhvv40pmv1bec.bx.internal.cloudapp.net/10.1.0.21), ReplicationConfig: RATIS/ONE, State:ALLOCATED, leaderId:, CreationTimestamp2024-02-27T07:08:48.935Z[Etc/UTC]]
2024-02-27 07:08:48,939 [RatisPipelineUtilsThread-0] INFO  pipeline.RatisPipelineProvider (RatisPipelineProvider.java:lambda$create$0(205)) - Sending CreatePipelineCommand for pipeline:PipelineID=aaf4bc7a-0b34-48fc-840c-bc30ab0341db to datanode:d20e48e4-5d22-4482-8ef9-383a12f89d83
2024-02-27 07:08:48,939 [RatisPipelineUtilsThread-0] INFO  pipeline.RatisPipelineProvider (RatisPipelineProvider.java:lambda$create$0(205)) - Sending CreatePipelineCommand for pipeline:PipelineID=aaf4bc7a-0b34-48fc-840c-bc30ab0341db to datanode:49a99776-1504-4c11-88b9-d65d97124402
2024-02-27 07:08:48,939 [RatisPipelineUtilsThread-0] INFO  pipeline.RatisPipelineProvider (RatisPipelineProvider.java:lambda$create$0(205)) - Sending CreatePipelineCommand for pipeline:PipelineID=aaf4bc7a-0b34-48fc-840c-bc30ab0341db to datanode:0ea19766-ee81-4032-bca9-1401e49b4249
2024-02-27 07:08:48,941 [RatisPipelineUtilsThread-0] INFO  pipeline.BackgroundPipelineCreator (BackgroundPipelineCreator.java:createPipelines(236)) - Created new pipeline Pipeline[ Id: aaf4bc7a-0b34-48fc-840c-bc30ab0341db, Nodes: d20e48e4-5d22-4482-8ef9-383a12f89d83(fv-az1496-250.f1h4rheolecetjhvv40pmv1bec.bx.internal.cloudapp.net/10.1.0.21)49a99776-1504-4c11-88b9-d65d97124402(fv-az1496-250.f1h4rheolecetjhvv40pmv1bec.bx.internal.cloudapp.net/10.1.0.21)0ea19766-ee81-4032-bca9-1401e49b4249(fv-az1496-250.f1h4rheolecetjhvv40pmv1bec.bx.internal.cloudapp.net/10.1.0.21), ReplicationConfig: RATIS/THREE, State:ALLOCATED, leaderId:, CreationTimestamp2024-02-27T07:08:48.939Z[Etc/UTC]]
2024-02-27 07:08:48,942 [RatisPipelineUtilsThread-0] INFO  pipeline.RatisPipelineProvider (RatisPipelineProvider.java:lambda$create$0(205)) - Sending CreatePipelineCommand for pipeline:PipelineID=eb8da95c-6a97-40e9-81cb-2f02199c2bfb to datanode:49a99776-1504-4c11-88b9-d65d97124402
2024-02-27 07:08:48,942 [RatisPipelineUtilsThread-0] INFO  pipeline.RatisPipelineProvider (RatisPipelineProvider.java:lambda$create$0(205)) - Sending CreatePipelineCommand for pipeline:PipelineID=eb8da95c-6a97-40e9-81cb-2f02199c2bfb to datanode:0ea19766-ee81-4032-bca9-1401e49b4249
2024-02-27 07:08:48,942 [RatisPipelineUtilsThread-0] INFO  pipeline.RatisPipelineProvider (RatisPipelineProvider.java:lambda$create$0(205)) - Sending CreatePipelineCommand for pipeline:PipelineID=eb8da95c-6a97-40e9-81cb-2f02199c2bfb to datanode:d20e48e4-5d22-4482-8ef9-383a12f89d83
2024-02-27 07:08:48,943 [RatisPipelineUtilsThread-0] INFO  pipeline.PipelineManagerImpl (PipelineManagerImpl.java:recordMetricsForPipeline(916)) - Pipeline: PipelineID=eb8da95c-6a97-40e9-81cb-2f02199c2bfb contains same datanodes as previous pipelines: PipelineID=aaf4bc7a-0b34-48fc-840c-bc30ab0341db nodeIds: 49a99776-1504-4c11-88b9-d65d97124402, 0ea19766-ee81-4032-bca9-1401e49b4249, d20e48e4-5d22-4482-8ef9-383a12f89d83
2024-02-27 07:08:48,944 [RatisPipelineUtilsThread-0] INFO  pipeline.BackgroundPipelineCreator (BackgroundPipelineCreator.java:createPipelines(236)) - Created new pipeline Pipeline[ Id: eb8da95c-6a97-40e9-81cb-2f02199c2bfb, Nodes: 49a99776-1504-4c11-88b9-d65d97124402(fv-az1496-250.f1h4rheolecetjhvv40pmv1bec.bx.internal.cloudapp.net/10.1.0.21)0ea19766-ee81-4032-bca9-1401e49b4249(fv-az1496-250.f1h4rheolecetjhvv40pmv1bec.bx.internal.cloudapp.net/10.1.0.21)d20e48e4-5d22-4482-8ef9-383a12f89d83(fv-az1496-250.f1h4rheolecetjhvv40pmv1bec.bx.internal.cloudapp.net/10.1.0.21), ReplicationConfig: RATIS/THREE, State:ALLOCATED, leaderId:, CreationTimestamp2024-02-27T07:08:48.942Z[Etc/UTC]]
2024-02-27 07:08:49,107 [IPC Server handler 1 on default port 15002] INFO  net.NetworkTopologyImpl (NetworkTopologyImpl.java:add(124)) - Added a new node: /default-rack/3dfbfca7-47ad-43e6-bcff-63ae4fd7105e
2024-02-27 07:08:49,108 [IPC Server handler 1 on default port 15002] INFO  node.SCMNodeManager (SCMNodeManager.java:register(421)) - Registered datanode: 3dfbfca7-47ad-43e6-bcff-63ae4fd7105e{ip: 10.1.0.21, host: fv-az1496-250.f1h4rheolecetjhvv40pmv1bec.bx.internal.cloudapp.net, ports: [HTTP=15036, CLIENT_RPC=15037, REPLICATION=15043, RATIS=15039, RATIS_ADMIN=15040, RATIS_SERVER=15041, RATIS_DATASTREAM=15042, STANDALONE=15038], networkLocation: /default-rack, certSerialId: null, persistedOpState: null, persistedOpStateExpiryEpochSec: 0}
2024-02-27 07:08:49,108 [EventQueue-NewNodeForNewNodeHandler] INFO  pipeline.BackgroundPipelineCreator (BackgroundPipelineCreator.java:notifyEventTriggered(280)) - trigger a one-shot run on RatisPipelineUtilsThread.
2024-02-27 07:08:49,109 [RatisPipelineUtilsThread-0] INFO  pipeline.RatisPipelineProvider (RatisPipelineProvider.java:lambda$create$0(205)) - Sending CreatePipelineCommand for pipeline:PipelineID=c26aed1a-2949-4f02-8c3e-bf925445c5d9 to datanode:3dfbfca7-47ad-43e6-bcff-63ae4fd7105e
2024-02-27 07:08:49,111 [RatisPipelineUtilsThread-0] INFO  pipeline.BackgroundPipelineCreator (BackgroundPipelineCreator.java:createPipelines(236)) - Created new pipeline Pipeline[ Id: c26aed1a-2949-4f02-8c3e-bf925445c5d9, Nodes: 3dfbfca7-47ad-43e6-bcff-63ae4fd7105e(fv-az1496-250.f1h4rheolecetjhvv40pmv1bec.bx.internal.cloudapp.net/10.1.0.21), ReplicationConfig: RATIS/ONE, State:ALLOCATED, leaderId:, CreationTimestamp2024-02-27T07:08:49.109Z[Etc/UTC]]
2024-02-27 07:08:49,264 [main] INFO  ozone.MiniOzoneClusterImpl (MiniOzoneClusterImpl.java:lambda$waitForClusterToBeReady$0(195)) - Waiting for nodes to be ready. Got 4 of 5 DN Heartbeats.
2024-02-27 07:08:49,265 [main] INFO  ozone.MiniOzoneClusterImpl (MiniOzoneClusterImpl.java:lambda$waitForClusterToBeReady$0(198)) - Waiting for cluster to exit safe mode
2024-02-27 07:08:49,265 [main] INFO  ozone.MiniOzoneClusterImpl (MiniOzoneClusterImpl.java:lambda$waitForClusterToBeReady$0(200)) - SCM became leader
2024-02-27 07:08:49,267 [IPC Server handler 9 on default port 15002] INFO  net.NetworkTopologyImpl (NetworkTopologyImpl.java:add(124)) - Added a new node: /default-rack/27436771-b26a-47df-862e-42af51f21969
2024-02-27 07:08:49,267 [IPC Server handler 9 on default port 15002] INFO  node.SCMNodeManager (SCMNodeManager.java:register(421)) - Registered datanode: 27436771-b26a-47df-862e-42af51f21969{ip: 10.1.0.21, host: fv-az1496-250.f1h4rheolecetjhvv40pmv1bec.bx.internal.cloudapp.net, ports: [HTTP=15045, CLIENT_RPC=15046, REPLICATION=15052, RATIS=15048, RATIS_ADMIN=15049, RATIS_SERVER=15050, RATIS_DATASTREAM=15051, STANDALONE=15047], networkLocation: /default-rack, certSerialId: null, persistedOpState: null, persistedOpStateExpiryEpochSec: 0}
2024-02-27 07:08:49,268 [EventQueue-NewNodeForNewNodeHandler] INFO  pipeline.BackgroundPipelineCreator (BackgroundPipelineCreator.java:notifyEventTriggered(280)) - trigger a one-shot run on RatisPipelineUtilsThread.
2024-02-27 07:08:49,269 [RatisPipelineUtilsThread-0] INFO  pipeline.RatisPipelineProvider (RatisPipelineProvider.java:lambda$create$0(205)) - Sending CreatePipelineCommand for pipeline:PipelineID=f98a6c90-d14b-4e93-8b98-a9ab421414b8 to datanode:27436771-b26a-47df-862e-42af51f21969
2024-02-27 07:08:49,270 [RatisPipelineUtilsThread-0] INFO  pipeline.BackgroundPipelineCreator (BackgroundPipelineCreator.java:createPipelines(236)) - Created new pipeline Pipeline[ Id: f98a6c90-d14b-4e93-8b98-a9ab421414b8, Nodes: 27436771-b26a-47df-862e-42af51f21969(fv-az1496-250.f1h4rheolecetjhvv40pmv1bec.bx.internal.cloudapp.net/10.1.0.21), ReplicationConfig: RATIS/ONE, State:ALLOCATED, leaderId:, CreationTimestamp2024-02-27T07:08:49.269Z[Etc/UTC]]
2024-02-27 07:08:50,265 [main] INFO  ozone.MiniOzoneClusterImpl (MiniOzoneClusterImpl.java:lambda$waitForClusterToBeReady$0(195)) - Nodes are ready. Got 5 of 5 DN Heartbeats.
2024-02-27 07:08:50,265 [main] INFO  ozone.MiniOzoneClusterImpl (MiniOzoneClusterImpl.java:lambda$waitForClusterToBeReady$0(198)) - Waiting for cluster to exit safe mode
2024-02-27 07:08:50,265 [main] INFO  ozone.MiniOzoneClusterImpl (MiniOzoneClusterImpl.java:lambda$waitForClusterToBeReady$0(200)) - SCM became leader
2024-02-27 07:08:51,266 [main] INFO  ozone.MiniOzoneClusterImpl (MiniOzoneClusterImpl.java:lambda$waitForClusterToBeReady$0(195)) - Nodes are ready. Got 5 of 5 DN Heartbeats.
2024-02-27 07:08:51,266 [main] INFO  ozone.MiniOzoneClusterImpl (MiniOzoneClusterImpl.java:lambda$waitForClusterToBeReady$0(198)) - Waiting for cluster to exit safe mode
2024-02-27 07:08:51,266 [main] INFO  ozone.MiniOzoneClusterImpl (MiniOzoneClusterImpl.java:lambda$waitForClusterToBeReady$0(200)) - SCM became leader
2024-02-27 07:08:51,694 [49a99776-1504-4c11-88b9-d65d97124402-PipelineCommandHandlerThread-0] INFO  server.RaftServer (RaftServerProxy.java:addNew(100)) - 49a99776-1504-4c11-88b9-d65d97124402: addNew group-8C779D1C7860:[49a99776-1504-4c11-88b9-d65d97124402|10.1.0.21:15014] returns group-8C779D1C7860:java.util.concurrent.CompletableFuture@121e1b4f[Not completed]
2024-02-27 07:08:51,701 [49a99776-1504-4c11-88b9-d65d97124402-groupManagement] INFO  server.RaftServer$Division (RaftServerImpl.java:<init>(256)) - 49a99776-1504-4c11-88b9-d65d97124402: new RaftServerImpl for group-8C779D1C7860:[49a99776-1504-4c11-88b9-d65d97124402|10.1.0.21:15014] with ContainerStateMachine:uninitialized
2024-02-27 07:08:51,701 [49a99776-1504-4c11-88b9-d65d97124402-groupManagement] INFO  server.RaftServerConfigKeys (ConfUtils.java:logGet(46)) - raft.server.rpc.timeout.min = 5s (custom)
2024-02-27 07:08:51,701 [49a99776-1504-4c11-88b9-d65d97124402-groupManagement] INFO  server.RaftServerConfigKeys (ConfUtils.java:logGet(46)) - raft.server.rpc.timeout.max = 5200ms (custom)
2024-02-27 07:08:51,701 [49a99776-1504-4c11-88b9-d65d97124402-groupManagement] INFO  server.RaftServerConfigKeys (ConfUtils.java:logGet(46)) - raft.server.rpc.sleep.time = 25ms (default)
2024-02-27 07:08:51,701 [49a99776-1504-4c11-88b9-d65d97124402-groupManagement] INFO  server.RaftServerConfigKeys (ConfUtils.java:logGet(46)) - raft.server.rpc.slowness.timeout = 300000ms (custom)
2024-02-27 07:08:51,701 [49a99776-1504-4c11-88b9-d65d97124402-groupManagement] INFO  server.RaftServerConfigKeys (ConfUtils.java:logGet(46)) - raft.server.leaderelection.leader.step-down.wait-time = 10s (default)
2024-02-27 07:08:51,701 [49a99776-1504-4c11-88b9-d65d97124402-groupManagement] INFO  server.RaftServerConfigKeys (ConfUtils.java:logGet(46)) - raft.server.leaderelection.member.majority-add = false (default)
2024-02-27 07:08:51,701 [49a99776-1504-4c11-88b9-d65d97124402-groupManagement] INFO  server.RaftServerConfigKeys (ConfUtils.java:logGet(46)) - raft.server.sleep.deviation.threshold = 300ms (default)
2024-02-27 07:08:51,702 [49a99776-1504-4c11-88b9-d65d97124402-groupManagement] INFO  server.RaftServer$Division (ServerState.java:<init>(113)) - 49a99776-1504-4c11-88b9-d65d97124402@group-8C779D1C7860: ConfigurationManager, init=-1: peers:[49a99776-1504-4c11-88b9-d65d97124402|10.1.0.21:15014]|listeners:[], old=null, confs=<EMPTY_MAP>
2024-02-27 07:08:51,702 [49a99776-1504-4c11-88b9-d65d97124402-groupManagement] INFO  server.RaftServerConfigKeys (ConfUtils.java:logGet(46)) - raft.server.notification.no-leader.timeout = 300000ms (custom)
2024-02-27 07:08:51,702 [49a99776-1504-4c11-88b9-d65d97124402-groupManagement] INFO  server.RaftServerConfigKeys (ConfUtils.java:logGet(46)) - raft.server.read.timeout = 10s (default)
2024-02-27 07:08:51,702 [49a99776-1504-4c11-88b9-d65d97124402-groupManagement] INFO  server.RaftServerConfigKeys (ConfUtils.java:logGet(46)) - raft.server.retrycache.expirytime = 600000ms (custom)
2024-02-27 07:08:51,702 [49a99776-1504-4c11-88b9-d65d97124402-groupManagement] INFO  server.RaftServerConfigKeys (ConfUtils.java:logGet(46)) - raft.server.retrycache.statistics.expirytime = 100ms (default)
2024-02-27 07:08:51,702 [49a99776-1504-4c11-88b9-d65d97124402-groupManagement] INFO  server.RaftServerConfigKeys (ConfUtils.java:logGet(46)) - raft.server.read.option = DEFAULT (default)
2024-02-27 07:08:51,702 [49a99776-1504-4c11-88b9-d65d97124402-groupManagement] INFO  server.RaftServerConfigKeys (ConfUtils.java:logGet(46)) - raft.server.read.read-after-write-consistent.write-index-cache.expiry-time = 60s (default)
2024-02-27 07:08:51,711 [49a99776-1504-4c11-88b9-d65d97124402-groupManagement] INFO  server.RaftServerConfigKeys (ConfUtils.java:logGet(46)) - raft.server.rpc.request.timeout = 3000ms (default)
2024-02-27 07:08:51,711 [49a99776-1504-4c11-88b9-d65d97124402-groupManagement] INFO  server.RaftServerConfigKeys (ConfUtils.java:logGet(46)) - raft.server.log.appender.install.snapshot.enabled = false (custom)
2024-02-27 07:08:51,711 [49a99776-1504-4c11-88b9-d65d97124402-groupManagement] INFO  server.RaftServerConfigKeys (ConfUtils.java:logGet(46)) - raft.server.threadpool.server.cached = true (default)
2024-02-27 07:08:51,711 [49a99776-1504-4c11-88b9-d65d97124402-groupManagement] INFO  server.RaftServerConfigKeys (ConfUtils.java:logGet(46)) - raft.server.threadpool.server.size = 0 (default)
2024-02-27 07:08:51,711 [49a99776-1504-4c11-88b9-d65d97124402-groupManagement] INFO  server.RaftServerConfigKeys (ConfUtils.java:logGet(46)) - raft.server.threadpool.client.cached = true (default)
2024-02-27 07:08:51,711 [49a99776-1504-4c11-88b9-d65d97124402-groupManagement] INFO  server.RaftServerConfigKeys (ConfUtils.java:logGet(46)) - raft.server.threadpool.client.size = 0 (default)
2024-02-27 07:08:51,712 [49a99776-1504-4c11-88b9-d65d97124402-groupManagement] INFO  server.RaftServerConfigKeys (ConfUtils.java:logGet(46)) - raft.server.storage.free-space.min = 0MB (=0) (default)
2024-02-27 07:08:51,712 [49a99776-1504-4c11-88b9-d65d97124402-groupManagement] INFO  server.RaftServerConfigKeys (ConfUtils.java:logGet(46)) - raft.server.log.corruption.policy = EXCEPTION (default)
2024-02-27 07:08:51,712 [49a99776-1504-4c11-88b9-d65d97124402-groupManagement] INFO  server.RaftServerConfigKeys (ConfUtils.java:logGet(46)) - raft.server.storage.dir = [/home/runner/work/ozone/ozone/hadoop-ozone/integration-test/target/test-dir/MiniOzoneClusterImpl-73680b39-f248-4dab-999a-9bb96057e508/ozone-meta/datanode-1/ratis] (custom)
2024-02-27 07:08:51,712 [49a99776-1504-4c11-88b9-d65d97124402-groupManagement] INFO  storage.RaftStorageDirectory (RaftStorageDirectoryImpl.java:analyzeStorage(138)) - The storage directory /home/runner/work/ozone/ozone/hadoop-ozone/integration-test/target/test-dir/MiniOzoneClusterImpl-73680b39-f248-4dab-999a-9bb96057e508/ozone-meta/datanode-1/ratis/96c98109-1778-4dd9-a31c-8c779d1c7860 does not exist. Creating ...
2024-02-27 07:08:51,714 [49a99776-1504-4c11-88b9-d65d97124402-groupManagement] INFO  storage.RaftStorageDirectory (RaftStorageDirectoryImpl.java:tryLock(228)) - Lock on /home/runner/work/ozone/ozone/hadoop-ozone/integration-test/target/test-dir/MiniOzoneClusterImpl-73680b39-f248-4dab-999a-9bb96057e508/ozone-meta/datanode-1/ratis/96c98109-1778-4dd9-a31c-8c779d1c7860/in_use.lock acquired by nodename 20488@fv-az1496-250
2024-02-27 07:08:51,717 [49a99776-1504-4c11-88b9-d65d97124402-groupManagement] INFO  storage.RaftStorage (RaftStorageImpl.java:format(99)) - Storage directory /home/runner/work/ozone/ozone/hadoop-ozone/integration-test/target/test-dir/MiniOzoneClusterImpl-73680b39-f248-4dab-999a-9bb96057e508/ozone-meta/datanode-1/ratis/96c98109-1778-4dd9-a31c-8c779d1c7860 has been successfully formatted.
2024-02-27 07:08:51,719 [49a99776-1504-4c11-88b9-d65d97124402-groupManagement] WARN  util.FileUtils (LogUtils.java:supplyAndLog(63)) - Failed to Files.newInputStream /home/runner/work/ozone/ozone/hadoop-ozone/integration-test/target/test-dir/MiniOzoneClusterImpl-73680b39-f248-4dab-999a-9bb96057e508/ozone-meta/datanode-1/ratis/96c98109-1778-4dd9-a31c-8c779d1c7860/current/raft-meta.conf with options []: java.nio.file.NoSuchFileException: /home/runner/work/ozone/ozone/hadoop-ozone/integration-test/target/test-dir/MiniOzoneClusterImpl-73680b39-f248-4dab-999a-9bb96057e508/ozone-meta/datanode-1/ratis/96c98109-1778-4dd9-a31c-8c779d1c7860/current/raft-meta.conf
2024-02-27 07:08:51,723 [49a99776-1504-4c11-88b9-d65d97124402-groupManagement] INFO  ratis.ContainerStateMachine (ContainerStateMachine.java:loadSnapshot(287)) - group-8C779D1C7860: The snapshot info is null. Setting the last applied index to:(t:0, i:~)
2024-02-27 07:08:51,723 [49a99776-1504-4c11-88b9-d65d97124402-groupManagement] INFO  server.RaftServerConfigKeys (ConfUtils.java:logGet(46)) - raft.server.log.use.memory = false (default)
2024-02-27 07:08:51,723 [49a99776-1504-4c11-88b9-d65d97124402-groupManagement] INFO  server.RaftServerConfigKeys (ConfUtils.java:logGet(46)) - raft.server.log.purge.gap = 1000000 (custom)
2024-02-27 07:08:51,724 [49a99776-1504-4c11-88b9-d65d97124402-groupManagement] INFO  server.RaftServerConfigKeys (ConfUtils.java:logGet(46)) - raft.server.log.appender.buffer.byte-limit = 8388608 (custom)
2024-02-27 07:08:51,724 [49a99776-1504-4c11-88b9-d65d97124402-groupManagement] INFO  server.RaftServerConfigKeys (ConfUtils.java:logGet(46)) - raft.server.log.statemachine.data.read.timeout = 1000ms (default)
2024-02-27 07:08:51,724 [49a99776-1504-4c11-88b9-d65d97124402-groupManagement] INFO  server.RaftServerConfigKeys (ConfUtils.java:logGet(46)) - raft.server.log.purge.preservation.log.num = 0 (default)
2024-02-27 07:08:51,728 [49a99776-1504-4c11-88b9-d65d97124402-groupManagement] INFO  server.RaftServerConfigKeys (ConfUtils.java:logGet(46)) - raft.server.log.segment.size.max = 67108864 (custom)
2024-02-27 07:08:51,728 [49a99776-1504-4c11-88b9-d65d97124402-groupManagement] INFO  server.RaftServerConfigKeys (ConfUtils.java:logGet(46)) - raft.server.log.segment.cache.num.max = 2 (custom)
2024-02-27 07:08:51,728 [49a99776-1504-4c11-88b9-d65d97124402-groupManagement] INFO  server.RaftServerConfigKeys (ConfUtils.java:logGet(46)) - raft.server.log.segment.cache.size.max = 200MB (=209715200) (default)
2024-02-27 07:08:51,728 [49a99776-1504-4c11-88b9-d65d97124402-groupManagement] INFO  server.RaftServerConfigKeys (ConfUtils.java:logGet(46)) - raft.server.log.appender.buffer.byte-limit = 8388608 (custom)
2024-02-27 07:08:51,729 [49a99776-1504-4c11-88b9-d65d97124402-groupManagement] INFO  util.AwaitToRun (AwaitToRun.java:start(81)) - Thread[49a99776-1504-4c11-88b9-d65d97124402@group-8C779D1C7860-cacheEviction-AwaitToRun,5,main] started
2024-02-27 07:08:51,729 [49a99776-1504-4c11-88b9-d65d97124402-groupManagement] INFO  segmented.SegmentedRaftLogWorker (SegmentedRaftLogWorker.java:<init>(182)) - new 49a99776-1504-4c11-88b9-d65d97124402@group-8C779D1C7860-SegmentedRaftLogWorker for RaftStorageImpl:Storage Directory /home/runner/work/ozone/ozone/hadoop-ozone/integration-test/target/test-dir/MiniOzoneClusterImpl-73680b39-f248-4dab-999a-9bb96057e508/ozone-meta/datanode-1/ratis/96c98109-1778-4dd9-a31c-8c779d1c7860
2024-02-27 07:08:51,729 [49a99776-1504-4c11-88b9-d65d97124402-groupManagement] INFO  server.RaftServerConfigKeys (ConfUtils.java:logGet(46)) - raft.server.log.queue.byte-limit = 4294967296 (custom)
2024-02-27 07:08:51,729 [49a99776-1504-4c11-88b9-d65d97124402-groupManagement] INFO  server.RaftServerConfigKeys (ConfUtils.java:logGet(46)) - raft.server.log.queue.element-limit = 1024 (custom)
2024-02-27 07:08:51,729 [49a99776-1504-4c11-88b9-d65d97124402-groupManagement] INFO  server.RaftServerConfigKeys (ConfUtils.java:logGet(46)) - raft.server.log.segment.size.max = 67108864 (custom)
2024-02-27 07:08:51,729 [49a99776-1504-4c11-88b9-d65d97124402-groupManagement] INFO  server.RaftServerConfigKeys (ConfUtils.java:logGet(46)) - raft.server.log.preallocated.size = 4194304 (custom)
2024-02-27 07:08:51,729 [49a99776-1504-4c11-88b9-d65d97124402-groupManagement] INFO  server.RaftServerConfigKeys (ConfUtils.java:logGet(46)) - raft.server.log.force.sync.num = 128 (default)
2024-02-27 07:08:51,729 [49a99776-1504-4c11-88b9-d65d97124402-groupManagement] INFO  server.RaftServerConfigKeys (ConfUtils.java:logGet(46)) - raft.server.log.statemachine.data.sync = true (default)
2024-02-27 07:08:51,729 [49a99776-1504-4c11-88b9-d65d97124402-groupManagement] INFO  server.RaftServerConfigKeys (ConfUtils.java:logGet(46)) - raft.server.log.statemachine.data.sync.timeout = 10s (default)
2024-02-27 07:08:51,729 [49a99776-1504-4c11-88b9-d65d97124402-groupManagement] INFO  server.RaftServerConfigKeys (ConfUtils.java:logGet(46)) - raft.server.log.statemachine.data.sync.timeout.retry = 0 (custom)
2024-02-27 07:08:51,730 [49a99776-1504-4c11-88b9-d65d97124402-groupManagement] INFO  server.RaftServerConfigKeys (ConfUtils.java:logGet(46)) - raft.server.log.write.buffer.size = 8388616 (custom)
2024-02-27 07:08:51,732 [49a99776-1504-4c11-88b9-d65d97124402-groupManagement] INFO  server.RaftServerConfigKeys (ConfUtils.java:logGet(46)) - raft.server.log.appender.buffer.byte-limit = 8388608 (custom)
2024-02-27 07:08:51,732 [49a99776-1504-4c11-88b9-d65d97124402-groupManagement] INFO  server.RaftServerConfigKeys (ConfUtils.java:logGet(46)) - raft.server.log.unsafe-flush.enabled = false (default)
2024-02-27 07:08:51,732 [49a99776-1504-4c11-88b9-d65d97124402-groupManagement] INFO  server.RaftServerConfigKeys (ConfUtils.java:logGet(46)) - raft.server.log.async-flush.enabled = false (default)
2024-02-27 07:08:51,732 [49a99776-1504-4c11-88b9-d65d97124402-groupManagement] INFO  server.RaftServerConfigKeys (ConfUtils.java:logGet(46)) - raft.server.log.statemachine.data.caching.enabled = true (custom)
2024-02-27 07:08:51,732 [49a99776-1504-4c11-88b9-d65d97124402-groupManagement] INFO  segmented.SegmentedRaftLogWorker (SegmentedRaftLogWorker.java:lambda$new$0(134)) - 49a99776-1504-4c11-88b9-d65d97124402@group-8C779D1C7860-SegmentedRaftLogWorker: flushIndex: setUnconditionally 0 -> -1
2024-02-27 07:08:51,732 [49a99776-1504-4c11-88b9-d65d97124402-groupManagement] INFO  segmented.SegmentedRaftLogWorker (SegmentedRaftLogWorker.java:lambda$new$0(134)) - 49a99776-1504-4c11-88b9-d65d97124402@group-8C779D1C7860-SegmentedRaftLogWorker: safeCacheEvictIndex: setUnconditionally 0 -> -1
2024-02-27 07:08:51,736 [49a99776-1504-4c11-88b9-d65d97124402-groupManagement] INFO  server.RaftServer$Division (RaftServerImpl.java:start(396)) - 49a99776-1504-4c11-88b9-d65d97124402@group-8C779D1C7860: start as a follower, conf=-1: peers:[49a99776-1504-4c11-88b9-d65d97124402|10.1.0.21:15014]|listeners:[], old=null
2024-02-27 07:08:51,737 [49a99776-1504-4c11-88b9-d65d97124402-groupManagement] INFO  server.RaftServer$Division (RaftServerImpl.java:setRole(383)) - 49a99776-1504-4c11-88b9-d65d97124402@group-8C779D1C7860: changes role from      null to FOLLOWER at term 0 for startAsFollower
2024-02-27 07:08:51,737 [49a99776-1504-4c11-88b9-d65d97124402-groupManagement] INFO  impl.RoleInfo (RoleInfo.java:updateAndGet(139)) - 49a99776-1504-4c11-88b9-d65d97124402: start 49a99776-1504-4c11-88b9-d65d97124402@group-8C779D1C7860-FollowerState
2024-02-27 07:08:51,738 [49a99776-1504-4c11-88b9-d65d97124402-groupManagement] INFO  util.JmxRegister (JmxRegister.java:tryRegister(44)) - Successfully registered JMX Bean with object name Ratis:service=RaftServer,group=group-8C779D1C7860,id=49a99776-1504-4c11-88b9-d65d97124402
2024-02-27 07:08:51,738 [49a99776-1504-4c11-88b9-d65d97124402-groupManagement] INFO  server.RaftServerConfigKeys (ConfUtils.java:logGet(46)) - raft.server.snapshot.trigger-when-stop.enabled = true (default)
2024-02-27 07:08:51,738 [49a99776-1504-4c11-88b9-d65d97124402-groupManagement] INFO  server.RaftServerConfigKeys (ConfUtils.java:logGet(46)) - raft.server.snapshot.auto.trigger.enabled = true (custom)
2024-02-27 07:08:51,739 [49a99776-1504-4c11-88b9-d65d97124402-groupManagement] INFO  server.RaftServerConfigKeys (ConfUtils.java:logGet(46)) - raft.server.snapshot.auto.trigger.threshold = 10000 (custom)
2024-02-27 07:08:51,739 [49a99776-1504-4c11-88b9-d65d97124402-groupManagement] INFO  server.RaftServerConfigKeys (ConfUtils.java:logGet(46)) - raft.server.snapshot.retention.file.num = 5 (custom)
2024-02-27 07:08:51,739 [49a99776-1504-4c11-88b9-d65d97124402-groupManagement] INFO  server.RaftServerConfigKeys (ConfUtils.java:logGet(46)) - raft.server.log.purge.upto.snapshot.index = false (default)
2024-02-27 07:08:51,743 [49a99776-1504-4c11-88b9-d65d97124402@group-8C779D1C7860-FollowerState] INFO  server.RaftServerConfigKeys (ConfUtils.java:logFallback(53)) - raft.server.rpc.first-election.timeout.min = 5s (fallback to raft.server.rpc.timeout.min)
2024-02-27 07:08:51,744 [49a99776-1504-4c11-88b9-d65d97124402@group-8C779D1C7860-FollowerState] INFO  server.RaftServerConfigKeys (ConfUtils.java:logFallback(53)) - raft.server.rpc.first-election.timeout.max = 5200ms (fallback to raft.server.rpc.timeout.max)
2024-02-27 07:08:51,746 [EventQueue-PipelineReportForPipelineReportHandler] INFO  pipeline.PipelineReportHandler (PipelineReportHandler.java:processPipelineReport(136)) - Opened pipeline PipelineID=96c98109-1778-4dd9-a31c-8c779d1c7860
2024-02-27 07:08:51,746 [EventQueue-OpenPipelineForHealthyPipelineSafeModeRule] INFO  safemode.SCMSafeModeManager (HealthyPipelineSafeModeRule.java:process(140)) - SCM in safe mode. Healthy pipelines reported count is 0, required healthy pipeline reported count is 1
2024-02-27 07:08:51,750 [49a99776-1504-4c11-88b9-d65d97124402-PipelineCommandHandlerThread-0] INFO  ratis.XceiverServerRatis (XceiverServerRatis.java:addGroup(864)) - Created group PipelineID=96c98109-1778-4dd9-a31c-8c779d1c7860
2024-02-27 07:08:51,751 [49a99776-1504-4c11-88b9-d65d97124402-PipelineCommandHandlerThread-0] INFO  commandhandler.CreatePipelineCommandHandler (CreatePipelineCommandHandler.java:lambda$handle$2(124)) - Created Pipeline RATIS ONE PipelineID=96c98109-1778-4dd9-a31c-8c779d1c7860.
2024-02-27 07:08:51,751 [49a99776-1504-4c11-88b9-d65d97124402-PipelineCommandHandlerThread-0] INFO  server.RaftServer (RaftServerProxy.java:addNew(100)) - 49a99776-1504-4c11-88b9-d65d97124402: addNew group-BC30AB0341DB:[d20e48e4-5d22-4482-8ef9-383a12f89d83|10.1.0.21:15032, 49a99776-1504-4c11-88b9-d65d97124402|10.1.0.21:15014, 0ea19766-ee81-4032-bca9-1401e49b4249|10.1.0.21:15023] returns group-BC30AB0341DB:java.util.concurrent.CompletableFuture@39b94e39[Not completed]
2024-02-27 07:08:51,753 [49a99776-1504-4c11-88b9-d65d97124402-groupManagement] INFO  server.RaftServer$Division (RaftServerImpl.java:<init>(256)) - 49a99776-1504-4c11-88b9-d65d97124402: new RaftServerImpl for group-BC30AB0341DB:[d20e48e4-5d22-4482-8ef9-383a12f89d83|10.1.0.21:15032, 49a99776-1504-4c11-88b9-d65d97124402|10.1.0.21:15014, 0ea19766-ee81-4032-bca9-1401e49b4249|10.1.0.21:15023] with ContainerStateMachine:uninitialized
2024-02-27 07:08:51,753 [49a99776-1504-4c11-88b9-d65d97124402-groupManagement] INFO  server.RaftServerConfigKeys (ConfUtils.java:logGet(46)) - raft.server.rpc.timeout.min = 5s (custom)
2024-02-27 07:08:51,753 [49a99776-1504-4c11-88b9-d65d97124402-groupManagement] INFO  server.RaftServerConfigKeys (ConfUtils.java:logGet(46)) - raft.server.rpc.timeout.max = 5200ms (custom)
2024-02-27 07:08:51,753 [49a99776-1504-4c11-88b9-d65d97124402-groupManagement] INFO  server.RaftServerConfigKeys (ConfUtils.java:logGet(46)) - raft.server.rpc.sleep.time = 25ms (default)
2024-02-27 07:08:51,761 [49a99776-1504-4c11-88b9-d65d97124402-groupManagement] INFO  server.RaftServerConfigKeys (ConfUtils.java:logGet(46)) - raft.server.rpc.slowness.timeout = 300000ms (custom)
2024-02-27 07:08:51,761 [49a99776-1504-4c11-88b9-d65d97124402-groupManagement] INFO  server.RaftServerConfigKeys (ConfUtils.java:logGet(46)) - raft.server.leaderelection.leader.step-down.wait-time = 10s (default)
2024-02-27 07:08:51,761 [49a99776-1504-4c11-88b9-d65d97124402-groupManagement] INFO  server.RaftServerConfigKeys (ConfUtils.java:logGet(46)) - raft.server.leaderelection.member.majority-add = false (default)
2024-02-27 07:08:51,762 [49a99776-1504-4c11-88b9-d65d97124402-groupManagement] INFO  server.RaftServerConfigKeys (ConfUtils.java:logGet(46)) - raft.server.sleep.deviation.threshold = 300ms (default)
2024-02-27 07:08:51,762 [49a99776-1504-4c11-88b9-d65d97124402-groupManagement] INFO  server.RaftServer$Division (ServerState.java:<init>(113)) - 49a99776-1504-4c11-88b9-d65d97124402@group-BC30AB0341DB: ConfigurationManager, init=-1: peers:[d20e48e4-5d22-4482-8ef9-383a12f89d83|10.1.0.21:15032, 49a99776-1504-4c11-88b9-d65d97124402|10.1.0.21:15014, 0ea19766-ee81-4032-bca9-1401e49b4249|10.1.0.21:15023]|listeners:[], old=null, confs=<EMPTY_MAP>
2024-02-27 07:08:51,762 [49a99776-1504-4c11-88b9-d65d97124402-groupManagement] INFO  server.RaftServerConfigKeys (ConfUtils.java:logGet(46)) - raft.server.notification.no-leader.timeout = 300000ms (custom)
2024-02-27 07:08:51,762 [49a99776-1504-4c11-88b9-d65d97124402-groupManagement] INFO  server.RaftServerConfigKeys (ConfUtils.java:logGet(46)) - raft.server.read.timeout = 10s (default)
2024-02-27 07:08:51,762 [49a99776-1504-4c11-88b9-d65d97124402-groupManagement] INFO  server.RaftServerConfigKeys (ConfUtils.java:logGet(46)) - raft.server.retrycache.expirytime = 600000ms (custom)
2024-02-27 07:08:51,762 [49a99776-1504-4c11-88b9-d65d97124402-groupManagement] INFO  server.RaftServerConfigKeys (ConfUtils.java:logGet(46)) - raft.server.retrycache.statistics.expirytime = 100ms (default)
2024-02-27 07:08:51,762 [49a99776-1504-4c11-88b9-d65d97124402-groupManagement] INFO  server.RaftServerConfigKeys (ConfUtils.java:logGet(46)) - raft.server.read.option = DEFAULT (default)
2024-02-27 07:08:51,762 [49a99776-1504-4c11-88b9-d65d97124402-groupManagement] INFO  server.RaftServerConfigKeys (ConfUtils.java:logGet(46)) - raft.server.read.read-after-write-consistent.write-index-cache.expiry-time = 60s (default)
2024-02-27 07:08:51,769 [49a99776-1504-4c11-88b9-d65d97124402-groupManagement] INFO  server.RaftServerConfigKeys (ConfUtils.java:logGet(46)) - raft.server.rpc.request.timeout = 3000ms (default)
2024-02-27 07:08:51,769 [49a99776-1504-4c11-88b9-d65d97124402-groupManagement] INFO  server.RaftServerConfigKeys (ConfUtils.java:logGet(46)) - raft.server.log.appender.install.snapshot.enabled = false (custom)
2024-02-27 07:08:51,769 [49a99776-1504-4c11-88b9-d65d97124402-groupManagement] INFO  server.RaftServerConfigKeys (ConfUtils.java:logGet(46)) - raft.server.threadpool.server.cached = true (default)
2024-02-27 07:08:51,769 [49a99776-1504-4c11-88b9-d65d97124402-groupManagement] INFO  server.RaftServerConfigKeys (ConfUtils.java:logGet(46)) - raft.server.threadpool.server.size = 0 (default)
2024-02-27 07:08:51,770 [49a99776-1504-4c11-88b9-d65d97124402-groupManagement] INFO  server.RaftServerConfigKeys (ConfUtils.java:logGet(46)) - raft.server.threadpool.client.cached = true (default)
2024-02-27 07:08:51,770 [49a99776-1504-4c11-88b9-d65d97124402-groupManagement] INFO  server.RaftServerConfigKeys (ConfUtils.java:logGet(46)) - raft.server.threadpool.client.size = 0 (default)
2024-02-27 07:08:51,770 [49a99776-1504-4c11-88b9-d65d97124402-groupManagement] INFO  server.RaftServerConfigKeys (ConfUtils.java:logGet(46)) - raft.server.storage.free-space.min = 0MB (=0) (default)
2024-02-27 07:08:51,770 [49a99776-1504-4c11-88b9-d65d97124402-groupManagement] INFO  server.RaftServerConfigKeys (ConfUtils.java:logGet(46)) - raft.server.log.corruption.policy = EXCEPTION (default)
2024-02-27 07:08:51,770 [49a99776-1504-4c11-88b9-d65d97124402-groupManagement] INFO  server.RaftServerConfigKeys (ConfUtils.java:logGet(46)) - raft.server.storage.dir = [/home/runner/work/ozone/ozone/hadoop-ozone/integration-test/target/test-dir/MiniOzoneClusterImpl-73680b39-f248-4dab-999a-9bb96057e508/ozone-meta/datanode-1/ratis] (custom)
2024-02-27 07:08:51,770 [49a99776-1504-4c11-88b9-d65d97124402-groupManagement] INFO  storage.RaftStorageDirectory (RaftStorageDirectoryImpl.java:analyzeStorage(138)) - The storage directory /home/runner/work/ozone/ozone/hadoop-ozone/integration-test/target/test-dir/MiniOzoneClusterImpl-73680b39-f248-4dab-999a-9bb96057e508/ozone-meta/datanode-1/ratis/aaf4bc7a-0b34-48fc-840c-bc30ab0341db does not exist. Creating ...
2024-02-27 07:08:51,771 [49a99776-1504-4c11-88b9-d65d97124402-groupManagement] INFO  storage.RaftStorageDirectory (RaftStorageDirectoryImpl.java:tryLock(228)) - Lock on /home/runner/work/ozone/ozone/hadoop-ozone/integration-test/target/test-dir/MiniOzoneClusterImpl-73680b39-f248-4dab-999a-9bb96057e508/ozone-meta/datanode-1/ratis/aaf4bc7a-0b34-48fc-840c-bc30ab0341db/in_use.lock acquired by nodename 20488@fv-az1496-250
2024-02-27 07:08:51,773 [49a99776-1504-4c11-88b9-d65d97124402-groupManagement] INFO  storage.RaftStorage (RaftStorageImpl.java:format(99)) - Storage directory /home/runner/work/ozone/ozone/hadoop-ozone/integration-test/target/test-dir/MiniOzoneClusterImpl-73680b39-f248-4dab-999a-9bb96057e508/ozone-meta/datanode-1/ratis/aaf4bc7a-0b34-48fc-840c-bc30ab0341db has been successfully formatted.
2024-02-27 07:08:51,773 [49a99776-1504-4c11-88b9-d65d97124402-groupManagement] WARN  util.FileUtils (LogUtils.java:supplyAndLog(63)) - Failed to Files.newInputStream /home/runner/work/ozone/ozone/hadoop-ozone/integration-test/target/test-dir/MiniOzoneClusterImpl-73680b39-f248-4dab-999a-9bb96057e508/ozone-meta/datanode-1/ratis/aaf4bc7a-0b34-48fc-840c-bc30ab0341db/current/raft-meta.conf with options []: java.nio.file.NoSuchFileException: /home/runner/work/ozone/ozone/hadoop-ozone/integration-test/target/test-dir/MiniOzoneClusterImpl-73680b39-f248-4dab-999a-9bb96057e508/ozone-meta/datanode-1/ratis/aaf4bc7a-0b34-48fc-840c-bc30ab0341db/current/raft-meta.conf
2024-02-27 07:08:51,773 [49a99776-1504-4c11-88b9-d65d97124402-groupManagement] INFO  ratis.ContainerStateMachine (ContainerStateMachine.java:loadSnapshot(287)) - group-BC30AB0341DB: The snapshot info is null. Setting the last applied index to:(t:0, i:~)
2024-02-27 07:08:51,773 [49a99776-1504-4c11-88b9-d65d97124402-groupManagement] INFO  server.RaftServerConfigKeys (ConfUtils.java:logGet(46)) - raft.server.log.use.memory = false (default)
2024-02-27 07:08:51,773 [49a99776-1504-4c11-88b9-d65d97124402-groupManagement] INFO  server.RaftServerConfigKeys (ConfUtils.java:logGet(46)) - raft.server.log.purge.gap = 1000000 (custom)
2024-02-27 07:08:51,774 [49a99776-1504-4c11-88b9-d65d97124402-groupManagement] INFO  server.RaftServerConfigKeys (ConfUtils.java:logGet(46)) - raft.server.log.appender.buffer.byte-limit = 8388608 (custom)
2024-02-27 07:08:51,774 [49a99776-1504-4c11-88b9-d65d97124402-groupManagement] INFO  server.RaftServerConfigKeys (ConfUtils.java:logGet(46)) - raft.server.log.statemachine.data.read.timeout = 1000ms (default)
2024-02-27 07:08:51,774 [49a99776-1504-4c11-88b9-d65d97124402-groupManagement] INFO  server.RaftServerConfigKeys (ConfUtils.java:logGet(46)) - raft.server.log.purge.preservation.log.num = 0 (default)
2024-02-27 07:08:51,775 [EventQueue-OpenPipelineForHealthyPipelineSafeModeRule] INFO  safemode.SCMSafeModeManager (HealthyPipelineSafeModeRule.java:process(140)) - SCM in safe mode. Healthy pipelines reported count is 0, required healthy pipeline reported count is 1
2024-02-27 07:08:51,779 [49a99776-1504-4c11-88b9-d65d97124402-groupManagement] INFO  server.RaftServerConfigKeys (ConfUtils.java:logGet(46)) - raft.server.log.segment.size.max = 67108864 (custom)
2024-02-27 07:08:51,780 [49a99776-1504-4c11-88b9-d65d97124402-groupManagement] INFO  server.RaftServerConfigKeys (ConfUtils.java:logGet(46)) - raft.server.log.segment.cache.num.max = 2 (custom)
2024-02-27 07:08:51,780 [49a99776-1504-4c11-88b9-d65d97124402-groupManagement] INFO  server.RaftServerConfigKeys (ConfUtils.java:logGet(46)) - raft.server.log.segment.cache.size.max = 200MB (=209715200) (default)
2024-02-27 07:08:51,781 [49a99776-1504-4c11-88b9-d65d97124402-groupManagement] INFO  server.RaftServerConfigKeys (ConfUtils.java:logGet(46)) - raft.server.log.appender.buffer.byte-limit = 8388608 (custom)
2024-02-27 07:08:51,781 [49a99776-1504-4c11-88b9-d65d97124402-groupManagement] INFO  util.AwaitToRun (AwaitToRun.java:start(81)) - Thread[49a99776-1504-4c11-88b9-d65d97124402@group-BC30AB0341DB-cacheEviction-AwaitToRun,5,main] started
2024-02-27 07:08:51,781 [49a99776-1504-4c11-88b9-d65d97124402-groupManagement] INFO  segmented.SegmentedRaftLogWorker (SegmentedRaftLogWorker.java:<init>(182)) - new 49a99776-1504-4c11-88b9-d65d97124402@group-BC30AB0341DB-SegmentedRaftLogWorker for RaftStorageImpl:Storage Directory /home/runner/work/ozone/ozone/hadoop-ozone/integration-test/target/test-dir/MiniOzoneClusterImpl-73680b39-f248-4dab-999a-9bb96057e508/ozone-meta/datanode-1/ratis/aaf4bc7a-0b34-48fc-840c-bc30ab0341db
2024-02-27 07:08:51,781 [49a99776-1504-4c11-88b9-d65d97124402-groupManagement] INFO  server.RaftServerConfigKeys (ConfUtils.java:logGet(46)) - raft.server.log.queue.byte-limit = 4294967296 (custom)
2024-02-27 07:08:51,781 [49a99776-1504-4c11-88b9-d65d97124402-groupManagement] INFO  server.RaftServerConfigKeys (ConfUtils.java:logGet(46)) - raft.server.log.queue.element-limit = 1024 (custom)
2024-02-27 07:08:51,781 [49a99776-1504-4c11-88b9-d65d97124402-groupManagement] INFO  server.RaftServerConfigKeys (ConfUtils.java:logGet(46)) - raft.server.log.segment.size.max = 67108864 (custom)
2024-02-27 07:08:51,781 [49a99776-1504-4c11-88b9-d65d97124402-groupManagement] INFO  server.RaftServerConfigKeys (ConfUtils.java:logGet(46)) - raft.server.log.preallocated.size = 4194304 (custom)
2024-02-27 07:08:51,781 [49a99776-1504-4c11-88b9-d65d97124402-groupManagement] INFO  server.RaftServerConfigKeys (ConfUtils.java:logGet(46)) - raft.server.log.force.sync.num = 128 (default)
2024-02-27 07:08:51,781 [49a99776-1504-4c11-88b9-d65d97124402-groupManagement] INFO  server.RaftServerConfigKeys (ConfUtils.java:logGet(46)) - raft.server.log.statemachine.data.sync = true (default)
2024-02-27 07:08:51,782 [49a99776-1504-4c11-88b9-d65d97124402-groupManagement] INFO  server.RaftServerConfigKeys (ConfUtils.java:logGet(46)) - raft.server.log.statemachine.data.sync.timeout = 10s (default)
2024-02-27 07:08:51,782 [49a99776-1504-4c11-88b9-d65d97124402-groupManagement] INFO  server.RaftServerConfigKeys (ConfUtils.java:logGet(46)) - raft.server.log.statemachine.data.sync.timeout.retry = 0 (custom)
2024-02-27 07:08:51,782 [49a99776-1504-4c11-88b9-d65d97124402-groupManagement] INFO  server.RaftServerConfigKeys (ConfUtils.java:logGet(46)) - raft.server.log.write.buffer.size = 8388616 (custom)
2024-02-27 07:08:51,784 [49a99776-1504-4c11-88b9-d65d97124402-groupManagement] INFO  server.RaftServerConfigKeys (ConfUtils.java:logGet(46)) - raft.server.log.appender.buffer.byte-limit = 8388608 (custom)
2024-02-27 07:08:51,784 [49a99776-1504-4c11-88b9-d65d97124402-groupManagement] INFO  server.RaftServerConfigKeys (ConfUtils.java:logGet(46)) - raft.server.log.unsafe-flush.enabled = false (default)
2024-02-27 07:08:51,784 [49a99776-1504-4c11-88b9-d65d97124402-groupManagement] INFO  server.RaftServerConfigKeys (ConfUtils.java:logGet(46)) - raft.server.log.async-flush.enabled = false (default)
2024-02-27 07:08:51,784 [49a99776-1504-4c11-88b9-d65d97124402-groupManagement] INFO  server.RaftServerConfigKeys (ConfUtils.java:logGet(46)) - raft.server.log.statemachine.data.caching.enabled = true (custom)
2024-02-27 07:08:51,784 [49a99776-1504-4c11-88b9-d65d97124402-groupManagement] INFO  segmented.SegmentedRaftLogWorker (SegmentedRaftLogWorker.java:lambda$new$0(134)) - 49a99776-1504-4c11-88b9-d65d97124402@group-BC30AB0341DB-SegmentedRaftLogWorker: flushIndex: setUnconditionally 0 -> -1
2024-02-27 07:08:51,784 [49a99776-1504-4c11-88b9-d65d97124402-groupManagement] INFO  segmented.SegmentedRaftLogWorker (SegmentedRaftLogWorker.java:lambda$new$0(134)) - 49a99776-1504-4c11-88b9-d65d97124402@group-BC30AB0341DB-SegmentedRaftLogWorker: safeCacheEvictIndex: setUnconditionally 0 -> -1
2024-02-27 07:08:51,785 [49a99776-1504-4c11-88b9-d65d97124402-groupManagement] INFO  server.RaftServer$Division (RaftServerImpl.java:start(396)) - 49a99776-1504-4c11-88b9-d65d97124402@group-BC30AB0341DB: start as a follower, conf=-1: peers:[d20e48e4-5d22-4482-8ef9-383a12f89d83|10.1.0.21:15032, 49a99776-1504-4c11-88b9-d65d97124402|10.1.0.21:15014, 0ea19766-ee81-4032-bca9-1401e49b4249|10.1.0.21:15023]|listeners:[], old=null
2024-02-27 07:08:51,785 [49a99776-1504-4c11-88b9-d65d97124402-groupManagement] INFO  server.RaftServer$Division (RaftServerImpl.java:setRole(383)) - 49a99776-1504-4c11-88b9-d65d97124402@group-BC30AB0341DB: changes role from      null to FOLLOWER at term 0 for startAsFollower
2024-02-27 07:08:51,785 [49a99776-1504-4c11-88b9-d65d97124402-groupManagement] INFO  impl.RoleInfo (RoleInfo.java:updateAndGet(139)) - 49a99776-1504-4c11-88b9-d65d97124402: start 49a99776-1504-4c11-88b9-d65d97124402@group-BC30AB0341DB-FollowerState
2024-02-27 07:08:51,785 [49a99776-1504-4c11-88b9-d65d97124402@group-BC30AB0341DB-FollowerState] INFO  server.RaftServerConfigKeys (ConfUtils.java:logFallback(53)) - raft.server.rpc.first-election.timeout.min = 5s (fallback to raft.server.rpc.timeout.min)
2024-02-27 07:08:51,785 [49a99776-1504-4c11-88b9-d65d97124402-groupManagement] INFO  util.JmxRegister (JmxRegister.java:tryRegister(44)) - Successfully registered JMX Bean with object name Ratis:service=RaftServer,group=group-BC30AB0341DB,id=49a99776-1504-4c11-88b9-d65d97124402
2024-02-27 07:08:51,786 [49a99776-1504-4c11-88b9-d65d97124402-groupManagement] INFO  server.RaftServerConfigKeys (ConfUtils.java:logGet(46)) - raft.server.snapshot.trigger-when-stop.enabled = true (default)
2024-02-27 07:08:51,786 [49a99776-1504-4c11-88b9-d65d97124402-groupManagement] INFO  server.RaftServerConfigKeys (ConfUtils.java:logGet(46)) - raft.server.snapshot.auto.trigger.enabled = true (custom)
2024-02-27 07:08:51,786 [49a99776-1504-4c11-88b9-d65d97124402-groupManagement] INFO  server.RaftServerConfigKeys (ConfUtils.java:logGet(46)) - raft.server.snapshot.auto.trigger.threshold = 10000 (custom)
2024-02-27 07:08:51,786 [49a99776-1504-4c11-88b9-d65d97124402-groupManagement] INFO  server.RaftServerConfigKeys (ConfUtils.java:logGet(46)) - raft.server.snapshot.retention.file.num = 5 (custom)
2024-02-27 07:08:51,786 [49a99776-1504-4c11-88b9-d65d97124402-groupManagement] INFO  server.RaftServerConfigKeys (ConfUtils.java:logGet(46)) - raft.server.log.purge.upto.snapshot.index = false (default)
2024-02-27 07:08:51,786 [49a99776-1504-4c11-88b9-d65d97124402@group-BC30AB0341DB-FollowerState] INFO  server.RaftServerConfigKeys (ConfUtils.java:logFallback(53)) - raft.server.rpc.first-election.timeout.max = 5200ms (fallback to raft.server.rpc.timeout.max)
2024-02-27 07:08:51,787 [49a99776-1504-4c11-88b9-d65d97124402-PipelineCommandHandlerThread-0] INFO  ratis.XceiverServerRatis (XceiverServerRatis.java:addGroup(864)) - Created group PipelineID=aaf4bc7a-0b34-48fc-840c-bc30ab0341db
2024-02-27 07:08:51,820 [0ea19766-ee81-4032-bca9-1401e49b4249-PipelineCommandHandlerThread-0] INFO  server.RaftServer (RaftServerProxy.java:addNew(100)) - 0ea19766-ee81-4032-bca9-1401e49b4249: addNew group-3D5D3AE82C65:[0ea19766-ee81-4032-bca9-1401e49b4249|10.1.0.21:15023] returns group-3D5D3AE82C65:java.util.concurrent.CompletableFuture@8aef471[Not completed]
2024-02-27 07:08:51,823 [0ea19766-ee81-4032-bca9-1401e49b4249-groupManagement] INFO  server.RaftServer$Division (RaftServerImpl.java:<init>(256)) - 0ea19766-ee81-4032-bca9-1401e49b4249: new RaftServerImpl for group-3D5D3AE82C65:[0ea19766-ee81-4032-bca9-1401e49b4249|10.1.0.21:15023] with ContainerStateMachine:uninitialized
2024-02-27 07:08:51,823 [0ea19766-ee81-4032-bca9-1401e49b4249-groupManagement] INFO  server.RaftServerConfigKeys (ConfUtils.java:logGet(46)) - raft.server.rpc.timeout.min = 5s (custom)
2024-02-27 07:08:51,823 [0ea19766-ee81-4032-bca9-1401e49b4249-groupManagement] INFO  server.RaftServerConfigKeys (ConfUtils.java:logGet(46)) - raft.server.rpc.timeout.max = 5200ms (custom)
2024-02-27 07:08:51,823 [0ea19766-ee81-4032-bca9-1401e49b4249-groupManagement] INFO  server.RaftServerConfigKeys (ConfUtils.java:logGet(46)) - raft.server.rpc.sleep.time = 25ms (default)
2024-02-27 07:08:51,823 [0ea19766-ee81-4032-bca9-1401e49b4249-groupManagement] INFO  server.RaftServerConfigKeys (ConfUtils.java:logGet(46)) - raft.server.rpc.slowness.timeout = 300000ms (custom)
2024-02-27 07:08:51,823 [0ea19766-ee81-4032-bca9-1401e49b4249-groupManagement] INFO  server.RaftServerConfigKeys (ConfUtils.java:logGet(46)) - raft.server.leaderelection.leader.step-down.wait-time = 10s (default)
2024-02-27 07:08:51,823 [0ea19766-ee81-4032-bca9-1401e49b4249-groupManagement] INFO  server.RaftServerConfigKeys (ConfUtils.java:logGet(46)) - raft.server.leaderelection.member.majority-add = false (default)
2024-02-27 07:08:51,823 [0ea19766-ee81-4032-bca9-1401e49b4249-groupManagement] INFO  server.RaftServerConfigKeys (ConfUtils.java:logGet(46)) - raft.server.sleep.deviation.threshold = 300ms (default)
2024-02-27 07:08:51,824 [0ea19766-ee81-4032-bca9-1401e49b4249-groupManagement] INFO  server.RaftServer$Division (ServerState.java:<init>(113)) - 0ea19766-ee81-4032-bca9-1401e49b4249@group-3D5D3AE82C65: ConfigurationManager, init=-1: peers:[0ea19766-ee81-4032-bca9-1401e49b4249|10.1.0.21:15023]|listeners:[], old=null, confs=<EMPTY_MAP>
2024-02-27 07:08:51,824 [0ea19766-ee81-4032-bca9-1401e49b4249-groupManagement] INFO  server.RaftServerConfigKeys (ConfUtils.java:logGet(46)) - raft.server.notification.no-leader.timeout = 300000ms (custom)
2024-02-27 07:08:51,824 [0ea19766-ee81-4032-bca9-1401e49b4249-groupManagement] INFO  server.RaftServerConfigKeys (ConfUtils.java:logGet(46)) - raft.server.read.timeout = 10s (default)
2024-02-27 07:08:51,824 [0ea19766-ee81-4032-bca9-1401e49b4249-groupManagement] INFO  server.RaftServerConfigKeys (ConfUtils.java:logGet(46)) - raft.server.retrycache.expirytime = 600000ms (custom)
2024-02-27 07:08:51,824 [0ea19766-ee81-4032-bca9-1401e49b4249-groupManagement] INFO  server.RaftServerConfigKeys (ConfUtils.java:logGet(46)) - raft.server.retrycache.statistics.expirytime = 100ms (default)
2024-02-27 07:08:51,824 [0ea19766-ee81-4032-bca9-1401e49b4249-groupManagement] INFO  server.RaftServerConfigKeys (ConfUtils.java:logGet(46)) - raft.server.read.option = DEFAULT (default)
2024-02-27 07:08:51,824 [0ea19766-ee81-4032-bca9-1401e49b4249-groupManagement] INFO  server.RaftServerConfigKeys (ConfUtils.java:logGet(46)) - raft.server.read.read-after-write-consistent.write-index-cache.expiry-time = 60s (default)
2024-02-27 07:08:51,834 [0ea19766-ee81-4032-bca9-1401e49b4249-groupManagement] INFO  server.RaftServerConfigKeys (ConfUtils.java:logGet(46)) - raft.server.rpc.request.timeout = 3000ms (default)
2024-02-27 07:08:51,834 [0ea19766-ee81-4032-bca9-1401e49b4249-groupManagement] INFO  server.RaftServerConfigKeys (ConfUtils.java:logGet(46)) - raft.server.log.appender.install.snapshot.enabled = false (custom)
2024-02-27 07:08:51,834 [0ea19766-ee81-4032-bca9-1401e49b4249-groupManagement] INFO  server.RaftServerConfigKeys (ConfUtils.java:logGet(46)) - raft.server.threadpool.server.cached = true (default)
2024-02-27 07:08:51,834 [0ea19766-ee81-4032-bca9-1401e49b4249-groupManagement] INFO  server.RaftServerConfigKeys (ConfUtils.java:logGet(46)) - raft.server.threadpool.server.size = 0 (default)
2024-02-27 07:08:51,834 [0ea19766-ee81-4032-bca9-1401e49b4249-groupManagement] INFO  server.RaftServerConfigKeys (ConfUtils.java:logGet(46)) - raft.server.threadpool.client.cached = true (default)
2024-02-27 07:08:51,834 [0ea19766-ee81-4032-bca9-1401e49b4249-groupManagement] INFO  server.RaftServerConfigKeys (ConfUtils.java:logGet(46)) - raft.server.threadpool.client.size = 0 (default)
2024-02-27 07:08:51,834 [0ea19766-ee81-4032-bca9-1401e49b4249-groupManagement] INFO  server.RaftServerConfigKeys (ConfUtils.java:logGet(46)) - raft.server.storage.free-space.min = 0MB (=0) (default)
2024-02-27 07:08:51,834 [0ea19766-ee81-4032-bca9-1401e49b4249-groupManagement] INFO  server.RaftServerConfigKeys (ConfUtils.java:logGet(46)) - raft.server.log.corruption.policy = EXCEPTION (default)
2024-02-27 07:08:51,834 [0ea19766-ee81-4032-bca9-1401e49b4249-groupManagement] INFO  server.RaftServerConfigKeys (ConfUtils.java:logGet(46)) - raft.server.storage.dir = [/home/runner/work/ozone/ozone/hadoop-ozone/integration-test/target/test-dir/MiniOzoneClusterImpl-73680b39-f248-4dab-999a-9bb96057e508/ozone-meta/datanode-2/ratis] (custom)
2024-02-27 07:08:51,835 [0ea19766-ee81-4032-bca9-1401e49b4249-groupManagement] INFO  storage.RaftStorageDirectory (RaftStorageDirectoryImpl.java:analyzeStorage(138)) - The storage directory /home/runner/work/ozone/ozone/hadoop-ozone/integration-test/target/test-dir/MiniOzoneClusterImpl-73680b39-f248-4dab-999a-9bb96057e508/ozone-meta/datanode-2/ratis/2bd76adf-f9c0-46d1-af72-3d5d3ae82c65 does not exist. Creating ...
2024-02-27 07:08:51,836 [0ea19766-ee81-4032-bca9-1401e49b4249-groupManagement] INFO  storage.RaftStorageDirectory (RaftStorageDirectoryImpl.java:tryLock(228)) - Lock on /home/runner/work/ozone/ozone/hadoop-ozone/integration-test/target/test-dir/MiniOzoneClusterImpl-73680b39-f248-4dab-999a-9bb96057e508/ozone-meta/datanode-2/ratis/2bd76adf-f9c0-46d1-af72-3d5d3ae82c65/in_use.lock acquired by nodename 20488@fv-az1496-250
2024-02-27 07:08:51,837 [0ea19766-ee81-4032-bca9-1401e49b4249-groupManagement] INFO  storage.RaftStorage (RaftStorageImpl.java:format(99)) - Storage directory /home/runner/work/ozone/ozone/hadoop-ozone/integration-test/target/test-dir/MiniOzoneClusterImpl-73680b39-f248-4dab-999a-9bb96057e508/ozone-meta/datanode-2/ratis/2bd76adf-f9c0-46d1-af72-3d5d3ae82c65 has been successfully formatted.
2024-02-27 07:08:51,837 [0ea19766-ee81-4032-bca9-1401e49b4249-groupManagement] WARN  util.FileUtils (LogUtils.java:supplyAndLog(63)) - Failed to Files.newInputStream /home/runner/work/ozone/ozone/hadoop-ozone/integration-test/target/test-dir/MiniOzoneClusterImpl-73680b39-f248-4dab-999a-9bb96057e508/ozone-meta/datanode-2/ratis/2bd76adf-f9c0-46d1-af72-3d5d3ae82c65/current/raft-meta.conf with options []: java.nio.file.NoSuchFileException: /home/runner/work/ozone/ozone/hadoop-ozone/integration-test/target/test-dir/MiniOzoneClusterImpl-73680b39-f248-4dab-999a-9bb96057e508/ozone-meta/datanode-2/ratis/2bd76adf-f9c0-46d1-af72-3d5d3ae82c65/current/raft-meta.conf
2024-02-27 07:08:51,839 [0ea19766-ee81-4032-bca9-1401e49b4249-groupManagement] INFO  ratis.ContainerStateMachine (ContainerStateMachine.java:loadSnapshot(287)) - group-3D5D3AE82C65: The snapshot info is null. Setting the last applied index to:(t:0, i:~)
2024-02-27 07:08:51,839 [0ea19766-ee81-4032-bca9-1401e49b4249-groupManagement] INFO  server.RaftServerConfigKeys (ConfUtils.java:logGet(46)) - raft.server.log.use.memory = false (default)
2024-02-27 07:08:51,839 [0ea19766-ee81-4032-bca9-1401e49b4249-groupManagement] INFO  server.RaftServerConfigKeys (ConfUtils.java:logGet(46)) - raft.server.log.purge.gap = 1000000 (custom)
2024-02-27 07:08:51,840 [0ea19766-ee81-4032-bca9-1401e49b4249-groupManagement] INFO  server.RaftServerConfigKeys (ConfUtils.java:logGet(46)) - raft.server.log.appender.buffer.byte-limit = 8388608 (custom)
2024-02-27 07:08:51,840 [0ea19766-ee81-4032-bca9-1401e49b4249-groupManagement] INFO  server.RaftServerConfigKeys (ConfUtils.java:logGet(46)) - raft.server.log.statemachine.data.read.timeout = 1000ms (default)
2024-02-27 07:08:51,844 [0ea19766-ee81-4032-bca9-1401e49b4249-groupManagement] INFO  server.RaftServerConfigKeys (ConfUtils.java:logGet(46)) - raft.server.log.purge.preservation.log.num = 0 (default)
2024-02-27 07:08:51,845 [EventQueue-PipelineReportForPipelineReportHandler] INFO  pipeline.PipelineReportHandler (PipelineReportHandler.java:processPipelineReport(136)) - Opened pipeline PipelineID=2bd76adf-f9c0-46d1-af72-3d5d3ae82c65
2024-02-27 07:08:51,847 [EventQueue-OpenPipelineForHealthyPipelineSafeModeRule] INFO  safemode.SCMSafeModeManager (HealthyPipelineSafeModeRule.java:process(140)) - SCM in safe mode. Healthy pipelines reported count is 0, required healthy pipeline reported count is 1
2024-02-27 07:08:51,850 [0ea19766-ee81-4032-bca9-1401e49b4249-groupManagement] INFO  server.RaftServerConfigKeys (ConfUtils.java:logGet(46)) - raft.server.log.segment.size.max = 67108864 (custom)
2024-02-27 07:08:51,850 [0ea19766-ee81-4032-bca9-1401e49b4249-groupManagement] INFO  server.RaftServerConfigKeys (ConfUtils.java:logGet(46)) - raft.server.log.segment.cache.num.max = 2 (custom)
2024-02-27 07:08:51,851 [0ea19766-ee81-4032-bca9-1401e49b4249-groupManagement] INFO  server.RaftServerConfigKeys (ConfUtils.java:logGet(46)) - raft.server.log.segment.cache.size.max = 200MB (=209715200) (default)
2024-02-27 07:08:51,851 [0ea19766-ee81-4032-bca9-1401e49b4249-groupManagement] INFO  server.RaftServerConfigKeys (ConfUtils.java:logGet(46)) - raft.server.log.appender.buffer.byte-limit = 8388608 (custom)
2024-02-27 07:08:51,852 [0ea19766-ee81-4032-bca9-1401e49b4249-groupManagement] INFO  util.AwaitToRun (AwaitToRun.java:start(81)) - Thread[0ea19766-ee81-4032-bca9-1401e49b4249@group-3D5D3AE82C65-cacheEviction-AwaitToRun,5,main] started
2024-02-27 07:08:51,852 [0ea19766-ee81-4032-bca9-1401e49b4249-groupManagement] INFO  segmented.SegmentedRaftLogWorker (SegmentedRaftLogWorker.java:<init>(182)) - new 0ea19766-ee81-4032-bca9-1401e49b4249@group-3D5D3AE82C65-SegmentedRaftLogWorker for RaftStorageImpl:Storage Directory /home/runner/work/ozone/ozone/hadoop-ozone/integration-test/target/test-dir/MiniOzoneClusterImpl-73680b39-f248-4dab-999a-9bb96057e508/ozone-meta/datanode-2/ratis/2bd76adf-f9c0-46d1-af72-3d5d3ae82c65
2024-02-27 07:08:51,852 [0ea19766-ee81-4032-bca9-1401e49b4249-groupManagement] INFO  server.RaftServerConfigKeys (ConfUtils.java:logGet(46)) - raft.server.log.queue.byte-limit = 4294967296 (custom)
2024-02-27 07:08:51,852 [0ea19766-ee81-4032-bca9-1401e49b4249-groupManagement] INFO  server.RaftServerConfigKeys (ConfUtils.java:logGet(46)) - raft.server.log.queue.element-limit = 1024 (custom)
2024-02-27 07:08:51,852 [0ea19766-ee81-4032-bca9-1401e49b4249-groupManagement] INFO  server.RaftServerConfigKeys (ConfUtils.java:logGet(46)) - raft.server.log.segment.size.max = 67108864 (custom)
2024-02-27 07:08:51,853 [0ea19766-ee81-4032-bca9-1401e49b4249-groupManagement] INFO  server.RaftServerConfigKeys (ConfUtils.java:logGet(46)) - raft.server.log.preallocated.size = 4194304 (custom)
2024-02-27 07:08:51,853 [0ea19766-ee81-4032-bca9-1401e49b4249-groupManagement] INFO  server.RaftServerConfigKeys (ConfUtils.java:logGet(46)) - raft.server.log.force.sync.num = 128 (default)
2024-02-27 07:08:51,853 [0ea19766-ee81-4032-bca9-1401e49b4249-groupManagement] INFO  server.RaftServerConfigKeys (ConfUtils.java:logGet(46)) - raft.server.log.statemachine.data.sync = true (default)
2024-02-27 07:08:51,853 [0ea19766-ee81-4032-bca9-1401e49b4249-groupManagement] INFO  server.RaftServerConfigKeys (ConfUtils.java:logGet(46)) - raft.server.log.statemachine.data.sync.timeout = 10s (default)
2024-02-27 07:08:51,853 [0ea19766-ee81-4032-bca9-1401e49b4249-groupManagement] INFO  server.RaftServerConfigKeys (ConfUtils.java:logGet(46)) - raft.server.log.statemachine.data.sync.timeout.retry = 0 (custom)
2024-02-27 07:08:51,853 [0ea19766-ee81-4032-bca9-1401e49b4249-groupManagement] INFO  server.RaftServerConfigKeys (ConfUtils.java:logGet(46)) - raft.server.log.write.buffer.size = 8388616 (custom)
2024-02-27 07:08:51,855 [0ea19766-ee81-4032-bca9-1401e49b4249-groupManagement] INFO  server.RaftServerConfigKeys (ConfUtils.java:logGet(46)) - raft.server.log.appender.buffer.byte-limit = 8388608 (custom)
2024-02-27 07:08:51,855 [0ea19766-ee81-4032-bca9-1401e49b4249-groupManagement] INFO  server.RaftServerConfigKeys (ConfUtils.java:logGet(46)) - raft.server.log.unsafe-flush.enabled = false (default)
2024-02-27 07:08:51,855 [0ea19766-ee81-4032-bca9-1401e49b4249-groupManagement] INFO  server.RaftServerConfigKeys (ConfUtils.java:logGet(46)) - raft.server.log.async-flush.enabled = false (default)
2024-02-27 07:08:51,855 [0ea19766-ee81-4032-bca9-1401e49b4249-groupManagement] INFO  server.RaftServerConfigKeys (ConfUtils.java:logGet(46)) - raft.server.log.statemachine.data.caching.enabled = true (custom)
2024-02-27 07:08:51,856 [0ea19766-ee81-4032-bca9-1401e49b4249-groupManagement] INFO  segmented.SegmentedRaftLogWorker (SegmentedRaftLogWorker.java:lambda$new$0(134)) - 0ea19766-ee81-4032-bca9-1401e49b4249@group-3D5D3AE82C65-SegmentedRaftLogWorker: flushIndex: setUnconditionally 0 -> -1
2024-02-27 07:08:51,856 [0ea19766-ee81-4032-bca9-1401e49b4249-groupManagement] INFO  segmented.SegmentedRaftLogWorker (SegmentedRaftLogWorker.java:lambda$new$0(134)) - 0ea19766-ee81-4032-bca9-1401e49b4249@group-3D5D3AE82C65-SegmentedRaftLogWorker: safeCacheEvictIndex: setUnconditionally 0 -> -1
2024-02-27 07:08:51,856 [0ea19766-ee81-4032-bca9-1401e49b4249-groupManagement] INFO  server.RaftServer$Division (RaftServerImpl.java:start(396)) - 0ea19766-ee81-4032-bca9-1401e49b4249@group-3D5D3AE82C65: start as a follower, conf=-1: peers:[0ea19766-ee81-4032-bca9-1401e49b4249|10.1.0.21:15023]|listeners:[], old=null
2024-02-27 07:08:51,856 [0ea19766-ee81-4032-bca9-1401e49b4249-groupManagement] INFO  server.RaftServer$Division (RaftServerImpl.java:setRole(383)) - 0ea19766-ee81-4032-bca9-1401e49b4249@group-3D5D3AE82C65: changes role from      null to FOLLOWER at term 0 for startAsFollower
2024-02-27 07:08:51,856 [0ea19766-ee81-4032-bca9-1401e49b4249-groupManagement] INFO  impl.RoleInfo (RoleInfo.java:updateAndGet(139)) - 0ea19766-ee81-4032-bca9-1401e49b4249: start 0ea19766-ee81-4032-bca9-1401e49b4249@group-3D5D3AE82C65-FollowerState
2024-02-27 07:08:51,856 [0ea19766-ee81-4032-bca9-1401e49b4249@group-3D5D3AE82C65-FollowerState] INFO  server.RaftServerConfigKeys (ConfUtils.java:logFallback(53)) - raft.server.rpc.first-election.timeout.min = 5s (fallback to raft.server.rpc.timeout.min)
2024-02-27 07:08:51,857 [0ea19766-ee81-4032-bca9-1401e49b4249@group-3D5D3AE82C65-FollowerState] INFO  server.RaftServerConfigKeys (ConfUtils.java:logFallback(53)) - raft.server.rpc.first-election.timeout.max = 5200ms (fallback to raft.server.rpc.timeout.max)
2024-02-27 07:08:51,856 [0ea19766-ee81-4032-bca9-1401e49b4249-groupManagement] INFO  util.JmxRegister (JmxRegister.java:tryRegister(44)) - Successfully registered JMX Bean with object name Ratis:service=RaftServer,group=group-3D5D3AE82C65,id=0ea19766-ee81-4032-bca9-1401e49b4249
2024-02-27 07:08:51,857 [0ea19766-ee81-4032-bca9-1401e49b4249-groupManagement] INFO  server.RaftServerConfigKeys (ConfUtils.java:logGet(46)) - raft.server.snapshot.trigger-when-stop.enabled = true (default)
2024-02-27 07:08:51,858 [0ea19766-ee81-4032-bca9-1401e49b4249-groupManagement] INFO  server.RaftServerConfigKeys (ConfUtils.java:logGet(46)) - raft.server.snapshot.auto.trigger.enabled = true (custom)
2024-02-27 07:08:51,858 [0ea19766-ee81-4032-bca9-1401e49b4249-groupManagement] INFO  server.RaftServerConfigKeys (ConfUtils.java:logGet(46)) - raft.server.snapshot.auto.trigger.threshold = 10000 (custom)
2024-02-27 07:08:51,858 [0ea19766-ee81-4032-bca9-1401e49b4249-groupManagement] INFO  server.RaftServerConfigKeys (ConfUtils.java:logGet(46)) - raft.server.snapshot.retention.file.num = 5 (custom)
2024-02-27 07:08:51,858 [0ea19766-ee81-4032-bca9-1401e49b4249-groupManagement] INFO  server.RaftServerConfigKeys (ConfUtils.java:logGet(46)) - raft.server.log.purge.upto.snapshot.index = false (default)
2024-02-27 07:08:51,859 [0ea19766-ee81-4032-bca9-1401e49b4249-PipelineCommandHandlerThread-0] INFO  ratis.XceiverServerRatis (XceiverServerRatis.java:addGroup(864)) - Created group PipelineID=2bd76adf-f9c0-46d1-af72-3d5d3ae82c65
2024-02-27 07:08:51,859 [0ea19766-ee81-4032-bca9-1401e49b4249-PipelineCommandHandlerThread-0] INFO  commandhandler.CreatePipelineCommandHandler (CreatePipelineCommandHandler.java:lambda$handle$2(124)) - Created Pipeline RATIS ONE PipelineID=2bd76adf-f9c0-46d1-af72-3d5d3ae82c65.
2024-02-27 07:08:51,861 [0ea19766-ee81-4032-bca9-1401e49b4249-PipelineCommandHandlerThread-0] INFO  server.RaftServer (RaftServerProxy.java:addNew(100)) - 0ea19766-ee81-4032-bca9-1401e49b4249: addNew group-BC30AB0341DB:[d20e48e4-5d22-4482-8ef9-383a12f89d83|10.1.0.21:15032, 49a99776-1504-4c11-88b9-d65d97124402|10.1.0.21:15014, 0ea19766-ee81-4032-bca9-1401e49b4249|10.1.0.21:15023] returns group-BC30AB0341DB:java.util.concurrent.CompletableFuture@c9171bc[Not completed]
2024-02-27 07:08:51,862 [0ea19766-ee81-4032-bca9-1401e49b4249-groupManagement] INFO  server.RaftServer$Division (RaftServerImpl.java:<init>(256)) - 0ea19766-ee81-4032-bca9-1401e49b4249: new RaftServerImpl for group-BC30AB0341DB:[d20e48e4-5d22-4482-8ef9-383a12f89d83|10.1.0.21:15032, 49a99776-1504-4c11-88b9-d65d97124402|10.1.0.21:15014, 0ea19766-ee81-4032-bca9-1401e49b4249|10.1.0.21:15023] with ContainerStateMachine:uninitialized
2024-02-27 07:08:51,862 [0ea19766-ee81-4032-bca9-1401e49b4249-groupManagement] INFO  server.RaftServerConfigKeys (ConfUtils.java:logGet(46)) - raft.server.rpc.timeout.min = 5s (custom)
2024-02-27 07:08:51,863 [0ea19766-ee81-4032-bca9-1401e49b4249-groupManagement] INFO  server.RaftServerConfigKeys (ConfUtils.java:logGet(46)) - raft.server.rpc.timeout.max = 5200ms (custom)
2024-02-27 07:08:51,863 [0ea19766-ee81-4032-bca9-1401e49b4249-groupManagement] INFO  server.RaftServerConfigKeys (ConfUtils.java:logGet(46)) - raft.server.rpc.sleep.time = 25ms (default)
2024-02-27 07:08:51,863 [0ea19766-ee81-4032-bca9-1401e49b4249-groupManagement] INFO  server.RaftServerConfigKeys (ConfUtils.java:logGet(46)) - raft.server.rpc.slowness.timeout = 300000ms (custom)
2024-02-27 07:08:51,863 [0ea19766-ee81-4032-bca9-1401e49b4249-groupManagement] INFO  server.RaftServerConfigKeys (ConfUtils.java:logGet(46)) - raft.server.leaderelection.leader.step-down.wait-time = 10s (default)
2024-02-27 07:08:51,864 [0ea19766-ee81-4032-bca9-1401e49b4249-groupManagement] INFO  server.RaftServerConfigKeys (ConfUtils.java:logGet(46)) - raft.server.leaderelection.member.majority-add = false (default)
2024-02-27 07:08:51,864 [0ea19766-ee81-4032-bca9-1401e49b4249-groupManagement] INFO  server.RaftServerConfigKeys (ConfUtils.java:logGet(46)) - raft.server.sleep.deviation.threshold = 300ms (default)
2024-02-27 07:08:51,864 [0ea19766-ee81-4032-bca9-1401e49b4249-groupManagement] INFO  server.RaftServer$Division (ServerState.java:<init>(113)) - 0ea19766-ee81-4032-bca9-1401e49b4249@group-BC30AB0341DB: ConfigurationManager, init=-1: peers:[d20e48e4-5d22-4482-8ef9-383a12f89d83|10.1.0.21:15032, 49a99776-1504-4c11-88b9-d65d97124402|10.1.0.21:15014, 0ea19766-ee81-4032-bca9-1401e49b4249|10.1.0.21:15023]|listeners:[], old=null, confs=<EMPTY_MAP>
2024-02-27 07:08:51,865 [0ea19766-ee81-4032-bca9-1401e49b4249-groupManagement] INFO  server.RaftServerConfigKeys (ConfUtils.java:logGet(46)) - raft.server.notification.no-leader.timeout = 300000ms (custom)
2024-02-27 07:08:51,866 [0ea19766-ee81-4032-bca9-1401e49b4249-groupManagement] INFO  server.RaftServerConfigKeys (ConfUtils.java:logGet(46)) - raft.server.read.timeout = 10s (default)
2024-02-27 07:08:51,866 [0ea19766-ee81-4032-bca9-1401e49b4249-groupManagement] INFO  server.RaftServerConfigKeys (ConfUtils.java:logGet(46)) - raft.server.retrycache.expirytime = 600000ms (custom)
2024-02-27 07:08:51,866 [0ea19766-ee81-4032-bca9-1401e49b4249-groupManagement] INFO  server.RaftServerConfigKeys (ConfUtils.java:logGet(46)) - raft.server.retrycache.statistics.expirytime = 100ms (default)
2024-02-27 07:08:51,866 [0ea19766-ee81-4032-bca9-1401e49b4249-groupManagement] INFO  server.RaftServerConfigKeys (ConfUtils.java:logGet(46)) - raft.server.read.option = DEFAULT (default)
2024-02-27 07:08:51,866 [0ea19766-ee81-4032-bca9-1401e49b4249-groupManagement] INFO  server.RaftServerConfigKeys (ConfUtils.java:logGet(46)) - raft.server.read.read-after-write-consistent.write-index-cache.expiry-time = 60s (default)
2024-02-27 07:08:51,869 [0ea19766-ee81-4032-bca9-1401e49b4249-groupManagement] INFO  server.RaftServerConfigKeys (ConfUtils.java:logGet(46)) - raft.server.rpc.request.timeout = 3000ms (default)
2024-02-27 07:08:51,869 [0ea19766-ee81-4032-bca9-1401e49b4249-groupManagement] INFO  server.RaftServerConfigKeys (ConfUtils.java:logGet(46)) - raft.server.log.appender.install.snapshot.enabled = false (custom)
2024-02-27 07:08:51,869 [0ea19766-ee81-4032-bca9-1401e49b4249-groupManagement] INFO  server.RaftServerConfigKeys (ConfUtils.java:logGet(46)) - raft.server.threadpool.server.cached = true (default)
2024-02-27 07:08:51,869 [0ea19766-ee81-4032-bca9-1401e49b4249-groupManagement] INFO  server.RaftServerConfigKeys (ConfUtils.java:logGet(46)) - raft.server.threadpool.server.size = 0 (default)
2024-02-27 07:08:51,869 [0ea19766-ee81-4032-bca9-1401e49b4249-groupManagement] INFO  server.RaftServerConfigKeys (ConfUtils.java:logGet(46)) - raft.server.threadpool.client.cached = true (default)
2024-02-27 07:08:51,869 [0ea19766-ee81-4032-bca9-1401e49b4249-groupManagement] INFO  server.RaftServerConfigKeys (ConfUtils.java:logGet(46)) - raft.server.threadpool.client.size = 0 (default)
2024-02-27 07:08:51,869 [0ea19766-ee81-4032-bca9-1401e49b4249-groupManagement] INFO  server.RaftServerConfigKeys (ConfUtils.java:logGet(46)) - raft.server.storage.free-space.min = 0MB (=0) (default)
2024-02-27 07:08:51,870 [0ea19766-ee81-4032-bca9-1401e49b4249-groupManagement] INFO  server.RaftServerConfigKeys (ConfUtils.java:logGet(46)) - raft.server.log.corruption.policy = EXCEPTION (default)
2024-02-27 07:08:51,870 [0ea19766-ee81-4032-bca9-1401e49b4249-groupManagement] INFO  server.RaftServerConfigKeys (ConfUtils.java:logGet(46)) - raft.server.storage.dir = [/home/runner/work/ozone/ozone/hadoop-ozone/integration-test/target/test-dir/MiniOzoneClusterImpl-73680b39-f248-4dab-999a-9bb96057e508/ozone-meta/datanode-2/ratis] (custom)
2024-02-27 07:08:51,870 [0ea19766-ee81-4032-bca9-1401e49b4249-groupManagement] INFO  storage.RaftStorageDirectory (RaftStorageDirectoryImpl.java:analyzeStorage(138)) - The storage directory /home/runner/work/ozone/ozone/hadoop-ozone/integration-test/target/test-dir/MiniOzoneClusterImpl-73680b39-f248-4dab-999a-9bb96057e508/ozone-meta/datanode-2/ratis/aaf4bc7a-0b34-48fc-840c-bc30ab0341db does not exist. Creating ...
2024-02-27 07:08:51,872 [0ea19766-ee81-4032-bca9-1401e49b4249-groupManagement] INFO  storage.RaftStorageDirectory (RaftStorageDirectoryImpl.java:tryLock(228)) - Lock on /home/runner/work/ozone/ozone/hadoop-ozone/integration-test/target/test-dir/MiniOzoneClusterImpl-73680b39-f248-4dab-999a-9bb96057e508/ozone-meta/datanode-2/ratis/aaf4bc7a-0b34-48fc-840c-bc30ab0341db/in_use.lock acquired by nodename 20488@fv-az1496-250
2024-02-27 07:08:51,873 [0ea19766-ee81-4032-bca9-1401e49b4249-groupManagement] INFO  storage.RaftStorage (RaftStorageImpl.java:format(99)) - Storage directory /home/runner/work/ozone/ozone/hadoop-ozone/integration-test/target/test-dir/MiniOzoneClusterImpl-73680b39-f248-4dab-999a-9bb96057e508/ozone-meta/datanode-2/ratis/aaf4bc7a-0b34-48fc-840c-bc30ab0341db has been successfully formatted.
2024-02-27 07:08:51,873 [0ea19766-ee81-4032-bca9-1401e49b4249-groupManagement] WARN  util.FileUtils (LogUtils.java:supplyAndLog(63)) - Failed to Files.newInputStream /home/runner/work/ozone/ozone/hadoop-ozone/integration-test/target/test-dir/MiniOzoneClusterImpl-73680b39-f248-4dab-999a-9bb96057e508/ozone-meta/datanode-2/ratis/aaf4bc7a-0b34-48fc-840c-bc30ab0341db/current/raft-meta.conf with options []: java.nio.file.NoSuchFileException: /home/runner/work/ozone/ozone/hadoop-ozone/integration-test/target/test-dir/MiniOzoneClusterImpl-73680b39-f248-4dab-999a-9bb96057e508/ozone-meta/datanode-2/ratis/aaf4bc7a-0b34-48fc-840c-bc30ab0341db/current/raft-meta.conf
2024-02-27 07:08:51,874 [0ea19766-ee81-4032-bca9-1401e49b4249-groupManagement] INFO  ratis.ContainerStateMachine (ContainerStateMachine.java:loadSnapshot(287)) - group-BC30AB0341DB: The snapshot info is null. Setting the last applied index to:(t:0, i:~)
2024-02-27 07:08:51,874 [0ea19766-ee81-4032-bca9-1401e49b4249-groupManagement] INFO  server.RaftServerConfigKeys (ConfUtils.java:logGet(46)) - raft.server.log.use.memory = false (default)
2024-02-27 07:08:51,874 [0ea19766-ee81-4032-bca9-1401e49b4249-groupManagement] INFO  server.RaftServerConfigKeys (ConfUtils.java:logGet(46)) - raft.server.log.purge.gap = 1000000 (custom)
2024-02-27 07:08:51,874 [0ea19766-ee81-4032-bca9-1401e49b4249-groupManagement] INFO  server.RaftServerConfigKeys (ConfUtils.java:logGet(46)) - raft.server.log.appender.buffer.byte-limit = 8388608 (custom)
2024-02-27 07:08:51,874 [0ea19766-ee81-4032-bca9-1401e49b4249-groupManagement] INFO  server.RaftServerConfigKeys (ConfUtils.java:logGet(46)) - raft.server.log.statemachine.data.read.timeout = 1000ms (default)
2024-02-27 07:08:51,874 [0ea19766-ee81-4032-bca9-1401e49b4249-groupManagement] INFO  server.RaftServerConfigKeys (ConfUtils.java:logGet(46)) - raft.server.log.purge.preservation.log.num = 0 (default)
2024-02-27 07:08:51,879 [EventQueue-OpenPipelineForHealthyPipelineSafeModeRule] INFO  safemode.SCMSafeModeManager (HealthyPipelineSafeModeRule.java:process(140)) - SCM in safe mode. Healthy pipelines reported count is 0, required healthy pipeline reported count is 1
2024-02-27 07:08:51,882 [0ea19766-ee81-4032-bca9-1401e49b4249-groupManagement] INFO  server.RaftServerConfigKeys (ConfUtils.java:logGet(46)) - raft.server.log.segment.size.max = 67108864 (custom)
2024-02-27 07:08:51,882 [0ea19766-ee81-4032-bca9-1401e49b4249-groupManagement] INFO  server.RaftServerConfigKeys (ConfUtils.java:logGet(46)) - raft.server.log.segment.cache.num.max = 2 (custom)
2024-02-27 07:08:51,883 [0ea19766-ee81-4032-bca9-1401e49b4249-groupManagement] INFO  server.RaftServerConfigKeys (ConfUtils.java:logGet(46)) - raft.server.log.segment.cache.size.max = 200MB (=209715200) (default)
2024-02-27 07:08:51,883 [0ea19766-ee81-4032-bca9-1401e49b4249-groupManagement] INFO  server.RaftServerConfigKeys (ConfUtils.java:logGet(46)) - raft.server.log.appender.buffer.byte-limit = 8388608 (custom)
2024-02-27 07:08:51,889 [0ea19766-ee81-4032-bca9-1401e49b4249-groupManagement] INFO  util.AwaitToRun (AwaitToRun.java:start(81)) - Thread[0ea19766-ee81-4032-bca9-1401e49b4249@group-BC30AB0341DB-cacheEviction-AwaitToRun,5,main] started
2024-02-27 07:08:51,889 [0ea19766-ee81-4032-bca9-1401e49b4249-groupManagement] INFO  segmented.SegmentedRaftLogWorker (SegmentedRaftLogWorker.java:<init>(182)) - new 0ea19766-ee81-4032-bca9-1401e49b4249@group-BC30AB0341DB-SegmentedRaftLogWorker for RaftStorageImpl:Storage Directory /home/runner/work/ozone/ozone/hadoop-ozone/integration-test/target/test-dir/MiniOzoneClusterImpl-73680b39-f248-4dab-999a-9bb96057e508/ozone-meta/datanode-2/ratis/aaf4bc7a-0b34-48fc-840c-bc30ab0341db
2024-02-27 07:08:51,890 [0ea19766-ee81-4032-bca9-1401e49b4249-groupManagement] INFO  server.RaftServerConfigKeys (ConfUtils.java:logGet(46)) - raft.server.log.queue.byte-limit = 4294967296 (custom)
2024-02-27 07:08:51,890 [0ea19766-ee81-4032-bca9-1401e49b4249-groupManagement] INFO  server.RaftServerConfigKeys (ConfUtils.java:logGet(46)) - raft.server.log.queue.element-limit = 1024 (custom)
2024-02-27 07:08:51,890 [0ea19766-ee81-4032-bca9-1401e49b4249-groupManagement] INFO  server.RaftServerConfigKeys (ConfUtils.java:logGet(46)) - raft.server.log.segment.size.max = 67108864 (custom)
2024-02-27 07:08:51,891 [0ea19766-ee81-4032-bca9-1401e49b4249-groupManagement] INFO  server.RaftServerConfigKeys (ConfUtils.java:logGet(46)) - raft.server.log.preallocated.size = 4194304 (custom)
2024-02-27 07:08:51,891 [0ea19766-ee81-4032-bca9-1401e49b4249-groupManagement] INFO  server.RaftServerConfigKeys (ConfUtils.java:logGet(46)) - raft.server.log.force.sync.num = 128 (default)
2024-02-27 07:08:51,891 [0ea19766-ee81-4032-bca9-1401e49b4249-groupManagement] INFO  server.RaftServerConfigKeys (ConfUtils.java:logGet(46)) - raft.server.log.statemachine.data.sync = true (default)
2024-02-27 07:08:51,892 [0ea19766-ee81-4032-bca9-1401e49b4249-groupManagement] INFO  server.RaftServerConfigKeys (ConfUtils.java:logGet(46)) - raft.server.log.statemachine.data.sync.timeout = 10s (default)
2024-02-27 07:08:51,892 [0ea19766-ee81-4032-bca9-1401e49b4249-groupManagement] INFO  server.RaftServerConfigKeys (ConfUtils.java:logGet(46)) - raft.server.log.statemachine.data.sync.timeout.retry = 0 (custom)
2024-02-27 07:08:51,893 [0ea19766-ee81-4032-bca9-1401e49b4249-groupManagement] INFO  server.RaftServerConfigKeys (ConfUtils.java:logGet(46)) - raft.server.log.write.buffer.size = 8388616 (custom)
2024-02-27 07:08:51,895 [0ea19766-ee81-4032-bca9-1401e49b4249-groupManagement] INFO  server.RaftServerConfigKeys (ConfUtils.java:logGet(46)) - raft.server.log.appender.buffer.byte-limit = 8388608 (custom)
2024-02-27 07:08:51,895 [0ea19766-ee81-4032-bca9-1401e49b4249-groupManagement] INFO  server.RaftServerConfigKeys (ConfUtils.java:logGet(46)) - raft.server.log.unsafe-flush.enabled = false (default)
2024-02-27 07:08:51,895 [0ea19766-ee81-4032-bca9-1401e49b4249-groupManagement] INFO  server.RaftServerConfigKeys (ConfUtils.java:logGet(46)) - raft.server.log.async-flush.enabled = false (default)
2024-02-27 07:08:51,896 [0ea19766-ee81-4032-bca9-1401e49b4249-groupManagement] INFO  server.RaftServerConfigKeys (ConfUtils.java:logGet(46)) - raft.server.log.statemachine.data.caching.enabled = true (custom)
2024-02-27 07:08:51,896 [0ea19766-ee81-4032-bca9-1401e49b4249-groupManagement] INFO  segmented.SegmentedRaftLogWorker (SegmentedRaftLogWorker.java:lambda$new$0(134)) - 0ea19766-ee81-4032-bca9-1401e49b4249@group-BC30AB0341DB-SegmentedRaftLogWorker: flushIndex: setUnconditionally 0 -> -1
2024-02-27 07:08:51,897 [0ea19766-ee81-4032-bca9-1401e49b4249-groupManagement] INFO  segmented.SegmentedRaftLogWorker (SegmentedRaftLogWorker.java:lambda$new$0(134)) - 0ea19766-ee81-4032-bca9-1401e49b4249@group-BC30AB0341DB-SegmentedRaftLogWorker: safeCacheEvictIndex: setUnconditionally 0 -> -1
2024-02-27 07:08:51,897 [0ea19766-ee81-4032-bca9-1401e49b4249-groupManagement] INFO  server.RaftServer$Division (RaftServerImpl.java:start(396)) - 0ea19766-ee81-4032-bca9-1401e49b4249@group-BC30AB0341DB: start as a follower, conf=-1: peers:[d20e48e4-5d22-4482-8ef9-383a12f89d83|10.1.0.21:15032, 49a99776-1504-4c11-88b9-d65d97124402|10.1.0.21:15014, 0ea19766-ee81-4032-bca9-1401e49b4249|10.1.0.21:15023]|listeners:[], old=null
2024-02-27 07:08:51,897 [0ea19766-ee81-4032-bca9-1401e49b4249-groupManagement] INFO  server.RaftServer$Division (RaftServerImpl.java:setRole(383)) - 0ea19766-ee81-4032-bca9-1401e49b4249@group-BC30AB0341DB: changes role from      null to FOLLOWER at term 0 for startAsFollower
2024-02-27 07:08:51,898 [0ea19766-ee81-4032-bca9-1401e49b4249-groupManagement] INFO  impl.RoleInfo (RoleInfo.java:updateAndGet(139)) - 0ea19766-ee81-4032-bca9-1401e49b4249: start 0ea19766-ee81-4032-bca9-1401e49b4249@group-BC30AB0341DB-FollowerState
2024-02-27 07:08:51,898 [0ea19766-ee81-4032-bca9-1401e49b4249@group-BC30AB0341DB-FollowerState] INFO  server.RaftServerConfigKeys (ConfUtils.java:logFallback(53)) - raft.server.rpc.first-election.timeout.min = 5s (fallback to raft.server.rpc.timeout.min)
2024-02-27 07:08:51,898 [0ea19766-ee81-4032-bca9-1401e49b4249@group-BC30AB0341DB-FollowerState] INFO  server.RaftServerConfigKeys (ConfUtils.java:logFallback(53)) - raft.server.rpc.first-election.timeout.max = 5200ms (fallback to raft.server.rpc.timeout.max)
2024-02-27 07:08:51,898 [0ea19766-ee81-4032-bca9-1401e49b4249-groupManagement] INFO  util.JmxRegister (JmxRegister.java:tryRegister(44)) - Successfully registered JMX Bean with object name Ratis:service=RaftServer,group=group-BC30AB0341DB,id=0ea19766-ee81-4032-bca9-1401e49b4249
2024-02-27 07:08:51,899 [0ea19766-ee81-4032-bca9-1401e49b4249-groupManagement] INFO  server.RaftServerConfigKeys (ConfUtils.java:logGet(46)) - raft.server.snapshot.trigger-when-stop.enabled = true (default)
2024-02-27 07:08:51,900 [0ea19766-ee81-4032-bca9-1401e49b4249-groupManagement] INFO  server.RaftServerConfigKeys (ConfUtils.java:logGet(46)) - raft.server.snapshot.auto.trigger.enabled = true (custom)
2024-02-27 07:08:51,900 [0ea19766-ee81-4032-bca9-1401e49b4249-groupManagement] INFO  server.RaftServerConfigKeys (ConfUtils.java:logGet(46)) - raft.server.snapshot.auto.trigger.threshold = 10000 (custom)
2024-02-27 07:08:51,900 [0ea19766-ee81-4032-bca9-1401e49b4249-groupManagement] INFO  server.RaftServerConfigKeys (ConfUtils.java:logGet(46)) - raft.server.snapshot.retention.file.num = 5 (custom)
2024-02-27 07:08:51,901 [0ea19766-ee81-4032-bca9-1401e49b4249-groupManagement] INFO  server.RaftServerConfigKeys (ConfUtils.java:logGet(46)) - raft.server.log.purge.upto.snapshot.index = false (default)
2024-02-27 07:08:51,906 [0ea19766-ee81-4032-bca9-1401e49b4249-PipelineCommandHandlerThread-0] INFO  ratis.XceiverServerRatis (XceiverServerRatis.java:addGroup(864)) - Created group PipelineID=aaf4bc7a-0b34-48fc-840c-bc30ab0341db
2024-02-27 07:08:51,932 [d20e48e4-5d22-4482-8ef9-383a12f89d83-PipelineCommandHandlerThread-0] INFO  server.RaftServer (RaftServerProxy.java:addNew(100)) - d20e48e4-5d22-4482-8ef9-383a12f89d83: addNew group-FFF51E25709D:[d20e48e4-5d22-4482-8ef9-383a12f89d83|10.1.0.21:15032] returns group-FFF51E25709D:java.util.concurrent.CompletableFuture@2a4a75ad[Not completed]
2024-02-27 07:08:51,934 [d20e48e4-5d22-4482-8ef9-383a12f89d83-groupManagement] INFO  server.RaftServer$Division (RaftServerImpl.java:<init>(256)) - d20e48e4-5d22-4482-8ef9-383a12f89d83: new RaftServerImpl for group-FFF51E25709D:[d20e48e4-5d22-4482-8ef9-383a12f89d83|10.1.0.21:15032] with ContainerStateMachine:uninitialized
2024-02-27 07:08:51,937 [d20e48e4-5d22-4482-8ef9-383a12f89d83-groupManagement] INFO  server.RaftServerConfigKeys (ConfUtils.java:logGet(46)) - raft.server.rpc.timeout.min = 5s (custom)
2024-02-27 07:08:51,937 [d20e48e4-5d22-4482-8ef9-383a12f89d83-groupManagement] INFO  server.RaftServerConfigKeys (ConfUtils.java:logGet(46)) - raft.server.rpc.timeout.max = 5200ms (custom)
2024-02-27 07:08:51,937 [d20e48e4-5d22-4482-8ef9-383a12f89d83-groupManagement] INFO  server.RaftServerConfigKeys (ConfUtils.java:logGet(46)) - raft.server.rpc.sleep.time = 25ms (default)
2024-02-27 07:08:51,937 [d20e48e4-5d22-4482-8ef9-383a12f89d83-groupManagement] INFO  server.RaftServerConfigKeys (ConfUtils.java:logGet(46)) - raft.server.rpc.slowness.timeout = 300000ms (custom)
2024-02-27 07:08:51,938 [d20e48e4-5d22-4482-8ef9-383a12f89d83-groupManagement] INFO  server.RaftServerConfigKeys (ConfUtils.java:logGet(46)) - raft.server.leaderelection.leader.step-down.wait-time = 10s (default)
2024-02-27 07:08:51,938 [d20e48e4-5d22-4482-8ef9-383a12f89d83-groupManagement] INFO  server.RaftServerConfigKeys (ConfUtils.java:logGet(46)) - raft.server.leaderelection.member.majority-add = false (default)
2024-02-27 07:08:51,938 [d20e48e4-5d22-4482-8ef9-383a12f89d83-groupManagement] INFO  server.RaftServerConfigKeys (ConfUtils.java:logGet(46)) - raft.server.sleep.deviation.threshold = 300ms (default)
2024-02-27 07:08:51,938 [d20e48e4-5d22-4482-8ef9-383a12f89d83-groupManagement] INFO  server.RaftServer$Division (ServerState.java:<init>(113)) - d20e48e4-5d22-4482-8ef9-383a12f89d83@group-FFF51E25709D: ConfigurationManager, init=-1: peers:[d20e48e4-5d22-4482-8ef9-383a12f89d83|10.1.0.21:15032]|listeners:[], old=null, confs=<EMPTY_MAP>
2024-02-27 07:08:51,939 [d20e48e4-5d22-4482-8ef9-383a12f89d83-groupManagement] INFO  server.RaftServerConfigKeys (ConfUtils.java:logGet(46)) - raft.server.notification.no-leader.timeout = 300000ms (custom)
2024-02-27 07:08:51,939 [d20e48e4-5d22-4482-8ef9-383a12f89d83-groupManagement] INFO  server.RaftServerConfigKeys (ConfUtils.java:logGet(46)) - raft.server.read.timeout = 10s (default)
2024-02-27 07:08:51,939 [d20e48e4-5d22-4482-8ef9-383a12f89d83-groupManagement] INFO  server.RaftServerConfigKeys (ConfUtils.java:logGet(46)) - raft.server.retrycache.expirytime = 600000ms (custom)
2024-02-27 07:08:51,939 [d20e48e4-5d22-4482-8ef9-383a12f89d83-groupManagement] INFO  server.RaftServerConfigKeys (ConfUtils.java:logGet(46)) - raft.server.retrycache.statistics.expirytime = 100ms (default)
2024-02-27 07:08:51,940 [d20e48e4-5d22-4482-8ef9-383a12f89d83-groupManagement] INFO  server.RaftServerConfigKeys (ConfUtils.java:logGet(46)) - raft.server.read.option = DEFAULT (default)
2024-02-27 07:08:51,940 [d20e48e4-5d22-4482-8ef9-383a12f89d83-groupManagement] INFO  server.RaftServerConfigKeys (ConfUtils.java:logGet(46)) - raft.server.read.read-after-write-consistent.write-index-cache.expiry-time = 60s (default)
2024-02-27 07:08:51,942 [d20e48e4-5d22-4482-8ef9-383a12f89d83-groupManagement] INFO  server.RaftServerConfigKeys (ConfUtils.java:logGet(46)) - raft.server.rpc.request.timeout = 3000ms (default)
2024-02-27 07:08:51,942 [d20e48e4-5d22-4482-8ef9-383a12f89d83-groupManagement] INFO  server.RaftServerConfigKeys (ConfUtils.java:logGet(46)) - raft.server.log.appender.install.snapshot.enabled = false (custom)
2024-02-27 07:08:51,943 [d20e48e4-5d22-4482-8ef9-383a12f89d83-groupManagement] INFO  server.RaftServerConfigKeys (ConfUtils.java:logGet(46)) - raft.server.threadpool.server.cached = true (default)
2024-02-27 07:08:51,943 [d20e48e4-5d22-4482-8ef9-383a12f89d83-groupManagement] INFO  server.RaftServerConfigKeys (ConfUtils.java:logGet(46)) - raft.server.threadpool.server.size = 0 (default)
2024-02-27 07:08:51,943 [d20e48e4-5d22-4482-8ef9-383a12f89d83-groupManagement] INFO  server.RaftServerConfigKeys (ConfUtils.java:logGet(46)) - raft.server.threadpool.client.cached = true (default)
2024-02-27 07:08:51,943 [d20e48e4-5d22-4482-8ef9-383a12f89d83-groupManagement] INFO  server.RaftServerConfigKeys (ConfUtils.java:logGet(46)) - raft.server.threadpool.client.size = 0 (default)
2024-02-27 07:08:51,943 [d20e48e4-5d22-4482-8ef9-383a12f89d83-groupManagement] INFO  server.RaftServerConfigKeys (ConfUtils.java:logGet(46)) - raft.server.storage.free-space.min = 0MB (=0) (default)
2024-02-27 07:08:51,943 [d20e48e4-5d22-4482-8ef9-383a12f89d83-groupManagement] INFO  server.RaftServerConfigKeys (ConfUtils.java:logGet(46)) - raft.server.log.corruption.policy = EXCEPTION (default)
2024-02-27 07:08:51,943 [d20e48e4-5d22-4482-8ef9-383a12f89d83-groupManagement] INFO  server.RaftServerConfigKeys (ConfUtils.java:logGet(46)) - raft.server.storage.dir = [/home/runner/work/ozone/ozone/hadoop-ozone/integration-test/target/test-dir/MiniOzoneClusterImpl-73680b39-f248-4dab-999a-9bb96057e508/ozone-meta/datanode-3/ratis] (custom)
2024-02-27 07:08:51,943 [d20e48e4-5d22-4482-8ef9-383a12f89d83-groupManagement] INFO  storage.RaftStorageDirectory (RaftStorageDirectoryImpl.java:analyzeStorage(138)) - The storage directory /home/runner/work/ozone/ozone/hadoop-ozone/integration-test/target/test-dir/MiniOzoneClusterImpl-73680b39-f248-4dab-999a-9bb96057e508/ozone-meta/datanode-3/ratis/2c8eb68b-2344-4d73-87e5-fff51e25709d does not exist. Creating ...
2024-02-27 07:08:51,945 [d20e48e4-5d22-4482-8ef9-383a12f89d83-groupManagement] INFO  storage.RaftStorageDirectory (RaftStorageDirectoryImpl.java:tryLock(228)) - Lock on /home/runner/work/ozone/ozone/hadoop-ozone/integration-test/target/test-dir/MiniOzoneClusterImpl-73680b39-f248-4dab-999a-9bb96057e508/ozone-meta/datanode-3/ratis/2c8eb68b-2344-4d73-87e5-fff51e25709d/in_use.lock acquired by nodename 20488@fv-az1496-250
2024-02-27 07:08:51,946 [d20e48e4-5d22-4482-8ef9-383a12f89d83-groupManagement] INFO  storage.RaftStorage (RaftStorageImpl.java:format(99)) - Storage directory /home/runner/work/ozone/ozone/hadoop-ozone/integration-test/target/test-dir/MiniOzoneClusterImpl-73680b39-f248-4dab-999a-9bb96057e508/ozone-meta/datanode-3/ratis/2c8eb68b-2344-4d73-87e5-fff51e25709d has been successfully formatted.
2024-02-27 07:08:51,946 [d20e48e4-5d22-4482-8ef9-383a12f89d83-groupManagement] WARN  util.FileUtils (LogUtils.java:supplyAndLog(63)) - Failed to Files.newInputStream /home/runner/work/ozone/ozone/hadoop-ozone/integration-test/target/test-dir/MiniOzoneClusterImpl-73680b39-f248-4dab-999a-9bb96057e508/ozone-meta/datanode-3/ratis/2c8eb68b-2344-4d73-87e5-fff51e25709d/current/raft-meta.conf with options []: java.nio.file.NoSuchFileException: /home/runner/work/ozone/ozone/hadoop-ozone/integration-test/target/test-dir/MiniOzoneClusterImpl-73680b39-f248-4dab-999a-9bb96057e508/ozone-meta/datanode-3/ratis/2c8eb68b-2344-4d73-87e5-fff51e25709d/current/raft-meta.conf
2024-02-27 07:08:51,947 [d20e48e4-5d22-4482-8ef9-383a12f89d83-groupManagement] INFO  ratis.ContainerStateMachine (ContainerStateMachine.java:loadSnapshot(287)) - group-FFF51E25709D: The snapshot info is null. Setting the last applied index to:(t:0, i:~)
2024-02-27 07:08:51,947 [d20e48e4-5d22-4482-8ef9-383a12f89d83-groupManagement] INFO  server.RaftServerConfigKeys (ConfUtils.java:logGet(46)) - raft.server.log.use.memory = false (default)
2024-02-27 07:08:51,947 [d20e48e4-5d22-4482-8ef9-383a12f89d83-groupManagement] INFO  server.RaftServerConfigKeys (ConfUtils.java:logGet(46)) - raft.server.log.purge.gap = 1000000 (custom)
2024-02-27 07:08:51,947 [d20e48e4-5d22-4482-8ef9-383a12f89d83-groupManagement] INFO  server.RaftServerConfigKeys (ConfUtils.java:logGet(46)) - raft.server.log.appender.buffer.byte-limit = 8388608 (custom)
2024-02-27 07:08:51,947 [d20e48e4-5d22-4482-8ef9-383a12f89d83-groupManagement] INFO  server.RaftServerConfigKeys (ConfUtils.java:logGet(46)) - raft.server.log.statemachine.data.read.timeout = 1000ms (default)
2024-02-27 07:08:51,947 [d20e48e4-5d22-4482-8ef9-383a12f89d83-groupManagement] INFO  server.RaftServerConfigKeys (ConfUtils.java:logGet(46)) - raft.server.log.purge.preservation.log.num = 0 (default)
2024-02-27 07:08:51,950 [d20e48e4-5d22-4482-8ef9-383a12f89d83-groupManagement] INFO  server.RaftServerConfigKeys (ConfUtils.java:logGet(46)) - raft.server.log.segment.size.max = 67108864 (custom)
2024-02-27 07:08:51,951 [d20e48e4-5d22-4482-8ef9-383a12f89d83-groupManagement] INFO  server.RaftServerConfigKeys (ConfUtils.java:logGet(46)) - raft.server.log.segment.cache.num.max = 2 (custom)
2024-02-27 07:08:51,951 [d20e48e4-5d22-4482-8ef9-383a12f89d83-groupManagement] INFO  server.RaftServerConfigKeys (ConfUtils.java:logGet(46)) - raft.server.log.segment.cache.size.max = 200MB (=209715200) (default)
2024-02-27 07:08:51,951 [EventQueue-PipelineReportForPipelineReportHandler] INFO  pipeline.PipelineReportHandler (PipelineReportHandler.java:processPipelineReport(136)) - Opened pipeline PipelineID=2c8eb68b-2344-4d73-87e5-fff51e25709d
2024-02-27 07:08:51,953 [EventQueue-OpenPipelineForHealthyPipelineSafeModeRule] INFO  safemode.SCMSafeModeManager (HealthyPipelineSafeModeRule.java:process(140)) - SCM in safe mode. Healthy pipelines reported count is 0, required healthy pipeline reported count is 1
2024-02-27 07:08:51,952 [d20e48e4-5d22-4482-8ef9-383a12f89d83-groupManagement] INFO  server.RaftServerConfigKeys (ConfUtils.java:logGet(46)) - raft.server.log.appender.buffer.byte-limit = 8388608 (custom)
2024-02-27 07:08:51,955 [d20e48e4-5d22-4482-8ef9-383a12f89d83-groupManagement] INFO  util.AwaitToRun (AwaitToRun.java:start(81)) - Thread[d20e48e4-5d22-4482-8ef9-383a12f89d83@group-FFF51E25709D-cacheEviction-AwaitToRun,5,main] started
2024-02-27 07:08:51,955 [d20e48e4-5d22-4482-8ef9-383a12f89d83-groupManagement] INFO  segmented.SegmentedRaftLogWorker (SegmentedRaftLogWorker.java:<init>(182)) - new d20e48e4-5d22-4482-8ef9-383a12f89d83@group-FFF51E25709D-SegmentedRaftLogWorker for RaftStorageImpl:Storage Directory /home/runner/work/ozone/ozone/hadoop-ozone/integration-test/target/test-dir/MiniOzoneClusterImpl-73680b39-f248-4dab-999a-9bb96057e508/ozone-meta/datanode-3/ratis/2c8eb68b-2344-4d73-87e5-fff51e25709d
2024-02-27 07:08:51,955 [d20e48e4-5d22-4482-8ef9-383a12f89d83-groupManagement] INFO  server.RaftServerConfigKeys (ConfUtils.java:logGet(46)) - raft.server.log.queue.byte-limit = 4294967296 (custom)
2024-02-27 07:08:51,955 [d20e48e4-5d22-4482-8ef9-383a12f89d83-groupManagement] INFO  server.RaftServerConfigKeys (ConfUtils.java:logGet(46)) - raft.server.log.queue.element-limit = 1024 (custom)
2024-02-27 07:08:51,956 [d20e48e4-5d22-4482-8ef9-383a12f89d83-groupManagement] INFO  server.RaftServerConfigKeys (ConfUtils.java:logGet(46)) - raft.server.log.segment.size.max = 67108864 (custom)
2024-02-27 07:08:51,956 [d20e48e4-5d22-4482-8ef9-383a12f89d83-groupManagement] INFO  server.RaftServerConfigKeys (ConfUtils.java:logGet(46)) - raft.server.log.preallocated.size = 4194304 (custom)
2024-02-27 07:08:51,956 [d20e48e4-5d22-4482-8ef9-383a12f89d83-groupManagement] INFO  server.RaftServerConfigKeys (ConfUtils.java:logGet(46)) - raft.server.log.force.sync.num = 128 (default)
2024-02-27 07:08:51,956 [d20e48e4-5d22-4482-8ef9-383a12f89d83-groupManagement] INFO  server.RaftServerConfigKeys (ConfUtils.java:logGet(46)) - raft.server.log.statemachine.data.sync = true (default)
2024-02-27 07:08:51,956 [d20e48e4-5d22-4482-8ef9-383a12f89d83-groupManagement] INFO  server.RaftServerConfigKeys (ConfUtils.java:logGet(46)) - raft.server.log.statemachine.data.sync.timeout = 10s (default)
2024-02-27 07:08:51,956 [d20e48e4-5d22-4482-8ef9-383a12f89d83-groupManagement] INFO  server.RaftServerConfigKeys (ConfUtils.java:logGet(46)) - raft.server.log.statemachine.data.sync.timeout.retry = 0 (custom)
2024-02-27 07:08:51,957 [d20e48e4-5d22-4482-8ef9-383a12f89d83-groupManagement] INFO  server.RaftServerConfigKeys (ConfUtils.java:logGet(46)) - raft.server.log.write.buffer.size = 8388616 (custom)
2024-02-27 07:08:51,958 [d20e48e4-5d22-4482-8ef9-383a12f89d83-groupManagement] INFO  server.RaftServerConfigKeys (ConfUtils.java:logGet(46)) - raft.server.log.appender.buffer.byte-limit = 8388608 (custom)
2024-02-27 07:08:51,958 [d20e48e4-5d22-4482-8ef9-383a12f89d83-groupManagement] INFO  server.RaftServerConfigKeys (ConfUtils.java:logGet(46)) - raft.server.log.unsafe-flush.enabled = false (default)
2024-02-27 07:08:51,958 [d20e48e4-5d22-4482-8ef9-383a12f89d83-groupManagement] INFO  server.RaftServerConfigKeys (ConfUtils.java:logGet(46)) - raft.server.log.async-flush.enabled = false (default)
2024-02-27 07:08:51,958 [d20e48e4-5d22-4482-8ef9-383a12f89d83-groupManagement] INFO  server.RaftServerConfigKeys (ConfUtils.java:logGet(46)) - raft.server.log.statemachine.data.caching.enabled = true (custom)
2024-02-27 07:08:51,959 [d20e48e4-5d22-4482-8ef9-383a12f89d83-groupManagement] INFO  segmented.SegmentedRaftLogWorker (SegmentedRaftLogWorker.java:lambda$new$0(134)) - d20e48e4-5d22-4482-8ef9-383a12f89d83@group-FFF51E25709D-SegmentedRaftLogWorker: flushIndex: setUnconditionally 0 -> -1
2024-02-27 07:08:51,959 [d20e48e4-5d22-4482-8ef9-383a12f89d83-groupManagement] INFO  segmented.SegmentedRaftLogWorker (SegmentedRaftLogWorker.java:lambda$new$0(134)) - d20e48e4-5d22-4482-8ef9-383a12f89d83@group-FFF51E25709D-SegmentedRaftLogWorker: safeCacheEvictIndex: setUnconditionally 0 -> -1
2024-02-27 07:08:51,959 [d20e48e4-5d22-4482-8ef9-383a12f89d83-groupManagement] INFO  server.RaftServer$Division (RaftServerImpl.java:start(396)) - d20e48e4-5d22-4482-8ef9-383a12f89d83@group-FFF51E25709D: start as a follower, conf=-1: peers:[d20e48e4-5d22-4482-8ef9-383a12f89d83|10.1.0.21:15032]|listeners:[], old=null
2024-02-27 07:08:51,959 [d20e48e4-5d22-4482-8ef9-383a12f89d83-groupManagement] INFO  server.RaftServer$Division (RaftServerImpl.java:setRole(383)) - d20e48e4-5d22-4482-8ef9-383a12f89d83@group-FFF51E25709D: changes role from      null to FOLLOWER at term 0 for startAsFollower
2024-02-27 07:08:51,959 [d20e48e4-5d22-4482-8ef9-383a12f89d83-groupManagement] INFO  impl.RoleInfo (RoleInfo.java:updateAndGet(139)) - d20e48e4-5d22-4482-8ef9-383a12f89d83: start d20e48e4-5d22-4482-8ef9-383a12f89d83@group-FFF51E25709D-FollowerState
2024-02-27 07:08:51,960 [d20e48e4-5d22-4482-8ef9-383a12f89d83-groupManagement] INFO  util.JmxRegister (JmxRegister.java:tryRegister(44)) - Successfully registered JMX Bean with object name Ratis:service=RaftServer,group=group-FFF51E25709D,id=d20e48e4-5d22-4482-8ef9-383a12f89d83
2024-02-27 07:08:51,960 [d20e48e4-5d22-4482-8ef9-383a12f89d83-groupManagement] INFO  server.RaftServerConfigKeys (ConfUtils.java:logGet(46)) - raft.server.snapshot.trigger-when-stop.enabled = true (default)
2024-02-27 07:08:51,960 [d20e48e4-5d22-4482-8ef9-383a12f89d83-groupManagement] INFO  server.RaftServerConfigKeys (ConfUtils.java:logGet(46)) - raft.server.snapshot.auto.trigger.enabled = true (custom)
2024-02-27 07:08:51,960 [d20e48e4-5d22-4482-8ef9-383a12f89d83-groupManagement] INFO  server.RaftServerConfigKeys (ConfUtils.java:logGet(46)) - raft.server.snapshot.auto.trigger.threshold = 10000 (custom)
2024-02-27 07:08:51,960 [d20e48e4-5d22-4482-8ef9-383a12f89d83-groupManagement] INFO  server.RaftServerConfigKeys (ConfUtils.java:logGet(46)) - raft.server.snapshot.retention.file.num = 5 (custom)
2024-02-27 07:08:51,960 [d20e48e4-5d22-4482-8ef9-383a12f89d83-groupManagement] INFO  server.RaftServerConfigKeys (ConfUtils.java:logGet(46)) - raft.server.log.purge.upto.snapshot.index = false (default)
2024-02-27 07:08:51,961 [d20e48e4-5d22-4482-8ef9-383a12f89d83@group-FFF51E25709D-FollowerState] INFO  server.RaftServerConfigKeys (ConfUtils.java:logFallback(53)) - raft.server.rpc.first-election.timeout.min = 5s (fallback to raft.server.rpc.timeout.min)
2024-02-27 07:08:51,961 [d20e48e4-5d22-4482-8ef9-383a12f89d83@group-FFF51E25709D-FollowerState] INFO  server.RaftServerConfigKeys (ConfUtils.java:logFallback(53)) - raft.server.rpc.first-election.timeout.max = 5200ms (fallback to raft.server.rpc.timeout.max)
2024-02-27 07:08:51,961 [d20e48e4-5d22-4482-8ef9-383a12f89d83-PipelineCommandHandlerThread-0] INFO  ratis.XceiverServerRatis (XceiverServerRatis.java:addGroup(864)) - Created group PipelineID=2c8eb68b-2344-4d73-87e5-fff51e25709d
2024-02-27 07:08:51,961 [d20e48e4-5d22-4482-8ef9-383a12f89d83-PipelineCommandHandlerThread-0] INFO  commandhandler.CreatePipelineCommandHandler (CreatePipelineCommandHandler.java:lambda$handle$2(124)) - Created Pipeline RATIS ONE PipelineID=2c8eb68b-2344-4d73-87e5-fff51e25709d.
2024-02-27 07:08:51,962 [d20e48e4-5d22-4482-8ef9-383a12f89d83-PipelineCommandHandlerThread-0] INFO  server.RaftServer (RaftServerProxy.java:addNew(100)) - d20e48e4-5d22-4482-8ef9-383a12f89d83: addNew group-BC30AB0341DB:[d20e48e4-5d22-4482-8ef9-383a12f89d83|10.1.0.21:15032, 49a99776-1504-4c11-88b9-d65d97124402|10.1.0.21:15014, 0ea19766-ee81-4032-bca9-1401e49b4249|10.1.0.21:15023] returns group-BC30AB0341DB:java.util.concurrent.CompletableFuture@2e75e43c[Not completed]
2024-02-27 07:08:51,963 [d20e48e4-5d22-4482-8ef9-383a12f89d83-groupManagement] INFO  server.RaftServer$Division (RaftServerImpl.java:<init>(256)) - d20e48e4-5d22-4482-8ef9-383a12f89d83: new RaftServerImpl for group-BC30AB0341DB:[d20e48e4-5d22-4482-8ef9-383a12f89d83|10.1.0.21:15032, 49a99776-1504-4c11-88b9-d65d97124402|10.1.0.21:15014, 0ea19766-ee81-4032-bca9-1401e49b4249|10.1.0.21:15023] with ContainerStateMachine:uninitialized
2024-02-27 07:08:51,963 [d20e48e4-5d22-4482-8ef9-383a12f89d83-groupManagement] INFO  server.RaftServerConfigKeys (ConfUtils.java:logGet(46)) - raft.server.rpc.timeout.min = 5s (custom)
2024-02-27 07:08:51,963 [d20e48e4-5d22-4482-8ef9-383a12f89d83-groupManagement] INFO  server.RaftServerConfigKeys (ConfUtils.java:logGet(46)) - raft.server.rpc.timeout.max = 5200ms (custom)
2024-02-27 07:08:51,963 [d20e48e4-5d22-4482-8ef9-383a12f89d83-groupManagement] INFO  server.RaftServerConfigKeys (ConfUtils.java:logGet(46)) - raft.server.rpc.sleep.time = 25ms (default)
2024-02-27 07:08:51,963 [d20e48e4-5d22-4482-8ef9-383a12f89d83-groupManagement] INFO  server.RaftServerConfigKeys (ConfUtils.java:logGet(46)) - raft.server.rpc.slowness.timeout = 300000ms (custom)
2024-02-27 07:08:51,963 [d20e48e4-5d22-4482-8ef9-383a12f89d83-groupManagement] INFO  server.RaftServerConfigKeys (ConfUtils.java:logGet(46)) - raft.server.leaderelection.leader.step-down.wait-time = 10s (default)
2024-02-27 07:08:51,963 [d20e48e4-5d22-4482-8ef9-383a12f89d83-groupManagement] INFO  server.RaftServerConfigKeys (ConfUtils.java:logGet(46)) - raft.server.leaderelection.member.majority-add = false (default)
2024-02-27 07:08:51,963 [d20e48e4-5d22-4482-8ef9-383a12f89d83-groupManagement] INFO  server.RaftServerConfigKeys (ConfUtils.java:logGet(46)) - raft.server.sleep.deviation.threshold = 300ms (default)
2024-02-27 07:08:51,963 [d20e48e4-5d22-4482-8ef9-383a12f89d83-groupManagement] INFO  server.RaftServer$Division (ServerState.java:<init>(113)) - d20e48e4-5d22-4482-8ef9-383a12f89d83@group-BC30AB0341DB: ConfigurationManager, init=-1: peers:[d20e48e4-5d22-4482-8ef9-383a12f89d83|10.1.0.21:15032, 49a99776-1504-4c11-88b9-d65d97124402|10.1.0.21:15014, 0ea19766-ee81-4032-bca9-1401e49b4249|10.1.0.21:15023]|listeners:[], old=null, confs=<EMPTY_MAP>
2024-02-27 07:08:51,963 [d20e48e4-5d22-4482-8ef9-383a12f89d83-groupManagement] INFO  server.RaftServerConfigKeys (ConfUtils.java:logGet(46)) - raft.server.notification.no-leader.timeout = 300000ms (custom)
2024-02-27 07:08:51,963 [d20e48e4-5d22-4482-8ef9-383a12f89d83-groupManagement] INFO  server.RaftServerConfigKeys (ConfUtils.java:logGet(46)) - raft.server.read.timeout = 10s (default)
2024-02-27 07:08:51,964 [d20e48e4-5d22-4482-8ef9-383a12f89d83-groupManagement] INFO  server.RaftServerConfigKeys (ConfUtils.java:logGet(46)) - raft.server.retrycache.expirytime = 600000ms (custom)
2024-02-27 07:08:51,964 [d20e48e4-5d22-4482-8ef9-383a12f89d83-groupManagement] INFO  server.RaftServerConfigKeys (ConfUtils.java:logGet(46)) - raft.server.retrycache.statistics.expirytime = 100ms (default)
2024-02-27 07:08:51,964 [d20e48e4-5d22-4482-8ef9-383a12f89d83-groupManagement] INFO  server.RaftServerConfigKeys (ConfUtils.java:logGet(46)) - raft.server.read.option = DEFAULT (default)
2024-02-27 07:08:51,964 [d20e48e4-5d22-4482-8ef9-383a12f89d83-groupManagement] INFO  server.RaftServerConfigKeys (ConfUtils.java:logGet(46)) - raft.server.read.read-after-write-consistent.write-index-cache.expiry-time = 60s (default)
2024-02-27 07:08:51,966 [d20e48e4-5d22-4482-8ef9-383a12f89d83-groupManagement] INFO  server.RaftServerConfigKeys (ConfUtils.java:logGet(46)) - raft.server.rpc.request.timeout = 3000ms (default)
2024-02-27 07:08:51,966 [d20e48e4-5d22-4482-8ef9-383a12f89d83-groupManagement] INFO  server.RaftServerConfigKeys (ConfUtils.java:logGet(46)) - raft.server.log.appender.install.snapshot.enabled = false (custom)
2024-02-27 07:08:51,966 [d20e48e4-5d22-4482-8ef9-383a12f89d83-groupManagement] INFO  server.RaftServerConfigKeys (ConfUtils.java:logGet(46)) - raft.server.threadpool.server.cached = true (default)
2024-02-27 07:08:51,966 [d20e48e4-5d22-4482-8ef9-383a12f89d83-groupManagement] INFO  server.RaftServerConfigKeys (ConfUtils.java:logGet(46)) - raft.server.threadpool.server.size = 0 (default)
2024-02-27 07:08:51,967 [d20e48e4-5d22-4482-8ef9-383a12f89d83-groupManagement] INFO  server.RaftServerConfigKeys (ConfUtils.java:logGet(46)) - raft.server.threadpool.client.cached = true (default)
2024-02-27 07:08:51,967 [d20e48e4-5d22-4482-8ef9-383a12f89d83-groupManagement] INFO  server.RaftServerConfigKeys (ConfUtils.java:logGet(46)) - raft.server.threadpool.client.size = 0 (default)
2024-02-27 07:08:51,967 [d20e48e4-5d22-4482-8ef9-383a12f89d83-groupManagement] INFO  server.RaftServerConfigKeys (ConfUtils.java:logGet(46)) - raft.server.storage.free-space.min = 0MB (=0) (default)
2024-02-27 07:08:51,967 [d20e48e4-5d22-4482-8ef9-383a12f89d83-groupManagement] INFO  server.RaftServerConfigKeys (ConfUtils.java:logGet(46)) - raft.server.log.corruption.policy = EXCEPTION (default)
2024-02-27 07:08:51,967 [d20e48e4-5d22-4482-8ef9-383a12f89d83-groupManagement] INFO  server.RaftServerConfigKeys (ConfUtils.java:logGet(46)) - raft.server.storage.dir = [/home/runner/work/ozone/ozone/hadoop-ozone/integration-test/target/test-dir/MiniOzoneClusterImpl-73680b39-f248-4dab-999a-9bb96057e508/ozone-meta/datanode-3/ratis] (custom)
2024-02-27 07:08:51,967 [d20e48e4-5d22-4482-8ef9-383a12f89d83-groupManagement] INFO  storage.RaftStorageDirectory (RaftStorageDirectoryImpl.java:analyzeStorage(138)) - The storage directory /home/runner/work/ozone/ozone/hadoop-ozone/integration-test/target/test-dir/MiniOzoneClusterImpl-73680b39-f248-4dab-999a-9bb96057e508/ozone-meta/datanode-3/ratis/aaf4bc7a-0b34-48fc-840c-bc30ab0341db does not exist. Creating ...
2024-02-27 07:08:51,969 [d20e48e4-5d22-4482-8ef9-383a12f89d83-groupManagement] INFO  storage.RaftStorageDirectory (RaftStorageDirectoryImpl.java:tryLock(228)) - Lock on /home/runner/work/ozone/ozone/hadoop-ozone/integration-test/target/test-dir/MiniOzoneClusterImpl-73680b39-f248-4dab-999a-9bb96057e508/ozone-meta/datanode-3/ratis/aaf4bc7a-0b34-48fc-840c-bc30ab0341db/in_use.lock acquired by nodename 20488@fv-az1496-250
2024-02-27 07:08:51,971 [d20e48e4-5d22-4482-8ef9-383a12f89d83-groupManagement] INFO  storage.RaftStorage (RaftStorageImpl.java:format(99)) - Storage directory /home/runner/work/ozone/ozone/hadoop-ozone/integration-test/target/test-dir/MiniOzoneClusterImpl-73680b39-f248-4dab-999a-9bb96057e508/ozone-meta/datanode-3/ratis/aaf4bc7a-0b34-48fc-840c-bc30ab0341db has been successfully formatted.
2024-02-27 07:08:51,971 [d20e48e4-5d22-4482-8ef9-383a12f89d83-groupManagement] WARN  util.FileUtils (LogUtils.java:supplyAndLog(63)) - Failed to Files.newInputStream /home/runner/work/ozone/ozone/hadoop-ozone/integration-test/target/test-dir/MiniOzoneClusterImpl-73680b39-f248-4dab-999a-9bb96057e508/ozone-meta/datanode-3/ratis/aaf4bc7a-0b34-48fc-840c-bc30ab0341db/current/raft-meta.conf with options []: java.nio.file.NoSuchFileException: /home/runner/work/ozone/ozone/hadoop-ozone/integration-test/target/test-dir/MiniOzoneClusterImpl-73680b39-f248-4dab-999a-9bb96057e508/ozone-meta/datanode-3/ratis/aaf4bc7a-0b34-48fc-840c-bc30ab0341db/current/raft-meta.conf
2024-02-27 07:08:51,971 [d20e48e4-5d22-4482-8ef9-383a12f89d83-groupManagement] INFO  ratis.ContainerStateMachine (ContainerStateMachine.java:loadSnapshot(287)) - group-BC30AB0341DB: The snapshot info is null. Setting the last applied index to:(t:0, i:~)
2024-02-27 07:08:51,972 [d20e48e4-5d22-4482-8ef9-383a12f89d83-groupManagement] INFO  server.RaftServerConfigKeys (ConfUtils.java:logGet(46)) - raft.server.log.use.memory = false (default)
2024-02-27 07:08:51,974 [EventQueue-OpenPipelineForHealthyPipelineSafeModeRule] INFO  safemode.SCMSafeModeManager (HealthyPipelineSafeModeRule.java:process(140)) - SCM in safe mode. Healthy pipelines reported count is 0, required healthy pipeline reported count is 1
2024-02-27 07:08:51,974 [d20e48e4-5d22-4482-8ef9-383a12f89d83-groupManagement] INFO  server.RaftServerConfigKeys (ConfUtils.java:logGet(46)) - raft.server.log.purge.gap = 1000000 (custom)
2024-02-27 07:08:51,975 [d20e48e4-5d22-4482-8ef9-383a12f89d83-groupManagement] INFO  server.RaftServerConfigKeys (ConfUtils.java:logGet(46)) - raft.server.log.appender.buffer.byte-limit = 8388608 (custom)
2024-02-27 07:08:51,975 [d20e48e4-5d22-4482-8ef9-383a12f89d83-groupManagement] INFO  server.RaftServerConfigKeys (ConfUtils.java:logGet(46)) - raft.server.log.statemachine.data.read.timeout = 1000ms (default)
2024-02-27 07:08:51,975 [d20e48e4-5d22-4482-8ef9-383a12f89d83-groupManagement] INFO  server.RaftServerConfigKeys (ConfUtils.java:logGet(46)) - raft.server.log.purge.preservation.log.num = 0 (default)
2024-02-27 07:08:51,977 [d20e48e4-5d22-4482-8ef9-383a12f89d83-groupManagement] INFO  server.RaftServerConfigKeys (ConfUtils.java:logGet(46)) - raft.server.log.segment.size.max = 67108864 (custom)
2024-02-27 07:08:51,977 [d20e48e4-5d22-4482-8ef9-383a12f89d83-groupManagement] INFO  server.RaftServerConfigKeys (ConfUtils.java:logGet(46)) - raft.server.log.segment.cache.num.max = 2 (custom)
2024-02-27 07:08:51,977 [d20e48e4-5d22-4482-8ef9-383a12f89d83-groupManagement] INFO  server.RaftServerConfigKeys (ConfUtils.java:logGet(46)) - raft.server.log.segment.cache.size.max = 200MB (=209715200) (default)
2024-02-27 07:08:51,977 [d20e48e4-5d22-4482-8ef9-383a12f89d83-groupManagement] INFO  server.RaftServerConfigKeys (ConfUtils.java:logGet(46)) - raft.server.log.appender.buffer.byte-limit = 8388608 (custom)
2024-02-27 07:08:51,981 [d20e48e4-5d22-4482-8ef9-383a12f89d83-groupManagement] INFO  util.AwaitToRun (AwaitToRun.java:start(81)) - Thread[d20e48e4-5d22-4482-8ef9-383a12f89d83@group-BC30AB0341DB-cacheEviction-AwaitToRun,5,main] started
2024-02-27 07:08:51,981 [d20e48e4-5d22-4482-8ef9-383a12f89d83-groupManagement] INFO  segmented.SegmentedRaftLogWorker (SegmentedRaftLogWorker.java:<init>(182)) - new d20e48e4-5d22-4482-8ef9-383a12f89d83@group-BC30AB0341DB-SegmentedRaftLogWorker for RaftStorageImpl:Storage Directory /home/runner/work/ozone/ozone/hadoop-ozone/integration-test/target/test-dir/MiniOzoneClusterImpl-73680b39-f248-4dab-999a-9bb96057e508/ozone-meta/datanode-3/ratis/aaf4bc7a-0b34-48fc-840c-bc30ab0341db
2024-02-27 07:08:51,981 [d20e48e4-5d22-4482-8ef9-383a12f89d83-groupManagement] INFO  server.RaftServerConfigKeys (ConfUtils.java:logGet(46)) - raft.server.log.queue.byte-limit = 4294967296 (custom)
2024-02-27 07:08:51,981 [d20e48e4-5d22-4482-8ef9-383a12f89d83-groupManagement] INFO  server.RaftServerConfigKeys (ConfUtils.java:logGet(46)) - raft.server.log.queue.element-limit = 1024 (custom)
2024-02-27 07:08:51,981 [d20e48e4-5d22-4482-8ef9-383a12f89d83-groupManagement] INFO  server.RaftServerConfigKeys (ConfUtils.java:logGet(46)) - raft.server.log.segment.size.max = 67108864 (custom)
2024-02-27 07:08:51,981 [d20e48e4-5d22-4482-8ef9-383a12f89d83-groupManagement] INFO  server.RaftServerConfigKeys (ConfUtils.java:logGet(46)) - raft.server.log.preallocated.size = 4194304 (custom)
2024-02-27 07:08:51,983 [d20e48e4-5d22-4482-8ef9-383a12f89d83-groupManagement] INFO  server.RaftServerConfigKeys (ConfUtils.java:logGet(46)) - raft.server.log.force.sync.num = 128 (default)
2024-02-27 07:08:51,983 [d20e48e4-5d22-4482-8ef9-383a12f89d83-groupManagement] INFO  server.RaftServerConfigKeys (ConfUtils.java:logGet(46)) - raft.server.log.statemachine.data.sync = true (default)
2024-02-27 07:08:51,983 [d20e48e4-5d22-4482-8ef9-383a12f89d83-groupManagement] INFO  server.RaftServerConfigKeys (ConfUtils.java:logGet(46)) - raft.server.log.statemachine.data.sync.timeout = 10s (default)
2024-02-27 07:08:51,984 [d20e48e4-5d22-4482-8ef9-383a12f89d83-groupManagement] INFO  server.RaftServerConfigKeys (ConfUtils.java:logGet(46)) - raft.server.log.statemachine.data.sync.timeout.retry = 0 (custom)
2024-02-27 07:08:51,984 [d20e48e4-5d22-4482-8ef9-383a12f89d83-groupManagement] INFO  server.RaftServerConfigKeys (ConfUtils.java:logGet(46)) - raft.server.log.write.buffer.size = 8388616 (custom)
2024-02-27 07:08:51,986 [d20e48e4-5d22-4482-8ef9-383a12f89d83-groupManagement] INFO  server.RaftServerConfigKeys (ConfUtils.java:logGet(46)) - raft.server.log.appender.buffer.byte-limit = 8388608 (custom)
2024-02-27 07:08:51,986 [d20e48e4-5d22-4482-8ef9-383a12f89d83-groupManagement] INFO  server.RaftServerConfigKeys (ConfUtils.java:logGet(46)) - raft.server.log.unsafe-flush.enabled = false (default)
2024-02-27 07:08:51,986 [d20e48e4-5d22-4482-8ef9-383a12f89d83-groupManagement] INFO  server.RaftServerConfigKeys (ConfUtils.java:logGet(46)) - raft.server.log.async-flush.enabled = false (default)
2024-02-27 07:08:51,986 [d20e48e4-5d22-4482-8ef9-383a12f89d83-groupManagement] INFO  server.RaftServerConfigKeys (ConfUtils.java:logGet(46)) - raft.server.log.statemachine.data.caching.enabled = true (custom)
2024-02-27 07:08:51,986 [d20e48e4-5d22-4482-8ef9-383a12f89d83-groupManagement] INFO  segmented.SegmentedRaftLogWorker (SegmentedRaftLogWorker.java:lambda$new$0(134)) - d20e48e4-5d22-4482-8ef9-383a12f89d83@group-BC30AB0341DB-SegmentedRaftLogWorker: flushIndex: setUnconditionally 0 -> -1
2024-02-27 07:08:51,986 [d20e48e4-5d22-4482-8ef9-383a12f89d83-groupManagement] INFO  segmented.SegmentedRaftLogWorker (SegmentedRaftLogWorker.java:lambda$new$0(134)) - d20e48e4-5d22-4482-8ef9-383a12f89d83@group-BC30AB0341DB-SegmentedRaftLogWorker: safeCacheEvictIndex: setUnconditionally 0 -> -1
2024-02-27 07:08:51,993 [d20e48e4-5d22-4482-8ef9-383a12f89d83-groupManagement] INFO  server.RaftServer$Division (RaftServerImpl.java:start(396)) - d20e48e4-5d22-4482-8ef9-383a12f89d83@group-BC30AB0341DB: start as a follower, conf=-1: peers:[d20e48e4-5d22-4482-8ef9-383a12f89d83|10.1.0.21:15032, 49a99776-1504-4c11-88b9-d65d97124402|10.1.0.21:15014, 0ea19766-ee81-4032-bca9-1401e49b4249|10.1.0.21:15023]|listeners:[], old=null
2024-02-27 07:08:51,993 [d20e48e4-5d22-4482-8ef9-383a12f89d83-groupManagement] INFO  server.RaftServer$Division (RaftServerImpl.java:setRole(383)) - d20e48e4-5d22-4482-8ef9-383a12f89d83@group-BC30AB0341DB: changes role from      null to FOLLOWER at term 0 for startAsFollower
2024-02-27 07:08:51,993 [d20e48e4-5d22-4482-8ef9-383a12f89d83-groupManagement] INFO  impl.RoleInfo (RoleInfo.java:updateAndGet(139)) - d20e48e4-5d22-4482-8ef9-383a12f89d83: start d20e48e4-5d22-4482-8ef9-383a12f89d83@group-BC30AB0341DB-FollowerState
2024-02-27 07:08:51,996 [d20e48e4-5d22-4482-8ef9-383a12f89d83@group-BC30AB0341DB-FollowerState] INFO  server.RaftServerConfigKeys (ConfUtils.java:logFallback(53)) - raft.server.rpc.first-election.timeout.min = 5s (fallback to raft.server.rpc.timeout.min)
2024-02-27 07:08:51,996 [d20e48e4-5d22-4482-8ef9-383a12f89d83-groupManagement] INFO  util.JmxRegister (JmxRegister.java:tryRegister(44)) - Successfully registered JMX Bean with object name Ratis:service=RaftServer,group=group-BC30AB0341DB,id=d20e48e4-5d22-4482-8ef9-383a12f89d83
2024-02-27 07:08:51,996 [d20e48e4-5d22-4482-8ef9-383a12f89d83@group-BC30AB0341DB-FollowerState] INFO  server.RaftServerConfigKeys (ConfUtils.java:logFallback(53)) - raft.server.rpc.first-election.timeout.max = 5200ms (fallback to raft.server.rpc.timeout.max)
2024-02-27 07:08:51,996 [d20e48e4-5d22-4482-8ef9-383a12f89d83-groupManagement] INFO  server.RaftServerConfigKeys (ConfUtils.java:logGet(46)) - raft.server.snapshot.trigger-when-stop.enabled = true (default)
2024-02-27 07:08:51,996 [d20e48e4-5d22-4482-8ef9-383a12f89d83-groupManagement] INFO  server.RaftServerConfigKeys (ConfUtils.java:logGet(46)) - raft.server.snapshot.auto.trigger.enabled = true (custom)
2024-02-27 07:08:51,996 [d20e48e4-5d22-4482-8ef9-383a12f89d83-groupManagement] INFO  server.RaftServerConfigKeys (ConfUtils.java:logGet(46)) - raft.server.snapshot.auto.trigger.threshold = 10000 (custom)
2024-02-27 07:08:51,996 [d20e48e4-5d22-4482-8ef9-383a12f89d83-groupManagement] INFO  server.RaftServerConfigKeys (ConfUtils.java:logGet(46)) - raft.server.snapshot.retention.file.num = 5 (custom)
2024-02-27 07:08:51,996 [d20e48e4-5d22-4482-8ef9-383a12f89d83-groupManagement] INFO  server.RaftServerConfigKeys (ConfUtils.java:logGet(46)) - raft.server.log.purge.upto.snapshot.index = false (default)
2024-02-27 07:08:51,998 [d20e48e4-5d22-4482-8ef9-383a12f89d83-PipelineCommandHandlerThread-0] INFO  ratis.XceiverServerRatis (XceiverServerRatis.java:addGroup(864)) - Created group PipelineID=aaf4bc7a-0b34-48fc-840c-bc30ab0341db
2024-02-27 07:08:52,116 [3dfbfca7-47ad-43e6-bcff-63ae4fd7105e-PipelineCommandHandlerThread-0] INFO  server.RaftServer (RaftServerProxy.java:addNew(100)) - 3dfbfca7-47ad-43e6-bcff-63ae4fd7105e: addNew group-BF925445C5D9:[3dfbfca7-47ad-43e6-bcff-63ae4fd7105e|10.1.0.21:15041] returns group-BF925445C5D9:java.util.concurrent.CompletableFuture@72a6bc39[Not completed]
2024-02-27 07:08:52,117 [3dfbfca7-47ad-43e6-bcff-63ae4fd7105e-groupManagement] INFO  server.RaftServer$Division (RaftServerImpl.java:<init>(256)) - 3dfbfca7-47ad-43e6-bcff-63ae4fd7105e: new RaftServerImpl for group-BF925445C5D9:[3dfbfca7-47ad-43e6-bcff-63ae4fd7105e|10.1.0.21:15041] with ContainerStateMachine:uninitialized
2024-02-27 07:08:52,118 [3dfbfca7-47ad-43e6-bcff-63ae4fd7105e-groupManagement] INFO  server.RaftServerConfigKeys (ConfUtils.java:logGet(46)) - raft.server.rpc.timeout.min = 5s (custom)
2024-02-27 07:08:52,118 [3dfbfca7-47ad-43e6-bcff-63ae4fd7105e-groupManagement] INFO  server.RaftServerConfigKeys (ConfUtils.java:logGet(46)) - raft.server.rpc.timeout.max = 5200ms (custom)
2024-02-27 07:08:52,118 [3dfbfca7-47ad-43e6-bcff-63ae4fd7105e-groupManagement] INFO  server.RaftServerConfigKeys (ConfUtils.java:logGet(46)) - raft.server.rpc.sleep.time = 25ms (default)
2024-02-27 07:08:52,118 [3dfbfca7-47ad-43e6-bcff-63ae4fd7105e-groupManagement] INFO  server.RaftServerConfigKeys (ConfUtils.java:logGet(46)) - raft.server.rpc.slowness.timeout = 300000ms (custom)
2024-02-27 07:08:52,118 [3dfbfca7-47ad-43e6-bcff-63ae4fd7105e-groupManagement] INFO  server.RaftServerConfigKeys (ConfUtils.java:logGet(46)) - raft.server.leaderelection.leader.step-down.wait-time = 10s (default)
2024-02-27 07:08:52,118 [3dfbfca7-47ad-43e6-bcff-63ae4fd7105e-groupManagement] INFO  server.RaftServerConfigKeys (ConfUtils.java:logGet(46)) - raft.server.leaderelection.member.majority-add = false (default)
2024-02-27 07:08:52,118 [3dfbfca7-47ad-43e6-bcff-63ae4fd7105e-groupManagement] INFO  server.RaftServerConfigKeys (ConfUtils.java:logGet(46)) - raft.server.sleep.deviation.threshold = 300ms (default)
2024-02-27 07:08:52,118 [3dfbfca7-47ad-43e6-bcff-63ae4fd7105e-groupManagement] INFO  server.RaftServer$Division (ServerState.java:<init>(113)) - 3dfbfca7-47ad-43e6-bcff-63ae4fd7105e@group-BF925445C5D9: ConfigurationManager, init=-1: peers:[3dfbfca7-47ad-43e6-bcff-63ae4fd7105e|10.1.0.21:15041]|listeners:[], old=null, confs=<EMPTY_MAP>
2024-02-27 07:08:52,118 [3dfbfca7-47ad-43e6-bcff-63ae4fd7105e-groupManagement] INFO  server.RaftServerConfigKeys (ConfUtils.java:logGet(46)) - raft.server.notification.no-leader.timeout = 300000ms (custom)
2024-02-27 07:08:52,118 [3dfbfca7-47ad-43e6-bcff-63ae4fd7105e-groupManagement] INFO  server.RaftServerConfigKeys (ConfUtils.java:logGet(46)) - raft.server.read.timeout = 10s (default)
2024-02-27 07:08:52,119 [3dfbfca7-47ad-43e6-bcff-63ae4fd7105e-groupManagement] INFO  server.RaftServerConfigKeys (ConfUtils.java:logGet(46)) - raft.server.retrycache.expirytime = 600000ms (custom)
2024-02-27 07:08:52,119 [3dfbfca7-47ad-43e6-bcff-63ae4fd7105e-groupManagement] INFO  server.RaftServerConfigKeys (ConfUtils.java:logGet(46)) - raft.server.retrycache.statistics.expirytime = 100ms (default)
2024-02-27 07:08:52,119 [3dfbfca7-47ad-43e6-bcff-63ae4fd7105e-groupManagement] INFO  server.RaftServerConfigKeys (ConfUtils.java:logGet(46)) - raft.server.read.option = DEFAULT (default)
2024-02-27 07:08:52,119 [3dfbfca7-47ad-43e6-bcff-63ae4fd7105e-groupManagement] INFO  server.RaftServerConfigKeys (ConfUtils.java:logGet(46)) - raft.server.read.read-after-write-consistent.write-index-cache.expiry-time = 60s (default)
2024-02-27 07:08:52,124 [3dfbfca7-47ad-43e6-bcff-63ae4fd7105e-groupManagement] INFO  server.RaftServerConfigKeys (ConfUtils.java:logGet(46)) - raft.server.rpc.request.timeout = 3000ms (default)
2024-02-27 07:08:52,124 [3dfbfca7-47ad-43e6-bcff-63ae4fd7105e-groupManagement] INFO  server.RaftServerConfigKeys (ConfUtils.java:logGet(46)) - raft.server.log.appender.install.snapshot.enabled = false (custom)
2024-02-27 07:08:52,124 [3dfbfca7-47ad-43e6-bcff-63ae4fd7105e-groupManagement] INFO  server.RaftServerConfigKeys (ConfUtils.java:logGet(46)) - raft.server.threadpool.server.cached = true (default)
2024-02-27 07:08:52,125 [3dfbfca7-47ad-43e6-bcff-63ae4fd7105e-groupManagement] INFO  server.RaftServerConfigKeys (ConfUtils.java:logGet(46)) - raft.server.threadpool.server.size = 0 (default)
2024-02-27 07:08:52,125 [3dfbfca7-47ad-43e6-bcff-63ae4fd7105e-groupManagement] INFO  server.RaftServerConfigKeys (ConfUtils.java:logGet(46)) - raft.server.threadpool.client.cached = true (default)
2024-02-27 07:08:52,128 [3dfbfca7-47ad-43e6-bcff-63ae4fd7105e-groupManagement] INFO  server.RaftServerConfigKeys (ConfUtils.java:logGet(46)) - raft.server.threadpool.client.size = 0 (default)
2024-02-27 07:08:52,128 [3dfbfca7-47ad-43e6-bcff-63ae4fd7105e-groupManagement] INFO  server.RaftServerConfigKeys (ConfUtils.java:logGet(46)) - raft.server.storage.free-space.min = 0MB (=0) (default)
2024-02-27 07:08:52,129 [3dfbfca7-47ad-43e6-bcff-63ae4fd7105e-groupManagement] INFO  server.RaftServerConfigKeys (ConfUtils.java:logGet(46)) - raft.server.log.corruption.policy = EXCEPTION (default)
2024-02-27 07:08:52,129 [3dfbfca7-47ad-43e6-bcff-63ae4fd7105e-groupManagement] INFO  server.RaftServerConfigKeys (ConfUtils.java:logGet(46)) - raft.server.storage.dir = [/home/runner/work/ozone/ozone/hadoop-ozone/integration-test/target/test-dir/MiniOzoneClusterImpl-73680b39-f248-4dab-999a-9bb96057e508/ozone-meta/datanode-4/ratis] (custom)
2024-02-27 07:08:52,129 [3dfbfca7-47ad-43e6-bcff-63ae4fd7105e-groupManagement] INFO  storage.RaftStorageDirectory (RaftStorageDirectoryImpl.java:analyzeStorage(138)) - The storage directory /home/runner/work/ozone/ozone/hadoop-ozone/integration-test/target/test-dir/MiniOzoneClusterImpl-73680b39-f248-4dab-999a-9bb96057e508/ozone-meta/datanode-4/ratis/c26aed1a-2949-4f02-8c3e-bf925445c5d9 does not exist. Creating ...
2024-02-27 07:08:52,137 [3dfbfca7-47ad-43e6-bcff-63ae4fd7105e-groupManagement] INFO  storage.RaftStorageDirectory (RaftStorageDirectoryImpl.java:tryLock(228)) - Lock on /home/runner/work/ozone/ozone/hadoop-ozone/integration-test/target/test-dir/MiniOzoneClusterImpl-73680b39-f248-4dab-999a-9bb96057e508/ozone-meta/datanode-4/ratis/c26aed1a-2949-4f02-8c3e-bf925445c5d9/in_use.lock acquired by nodename 20488@fv-az1496-250
2024-02-27 07:08:52,139 [3dfbfca7-47ad-43e6-bcff-63ae4fd7105e-groupManagement] INFO  storage.RaftStorage (RaftStorageImpl.java:format(99)) - Storage directory /home/runner/work/ozone/ozone/hadoop-ozone/integration-test/target/test-dir/MiniOzoneClusterImpl-73680b39-f248-4dab-999a-9bb96057e508/ozone-meta/datanode-4/ratis/c26aed1a-2949-4f02-8c3e-bf925445c5d9 has been successfully formatted.
2024-02-27 07:08:52,139 [3dfbfca7-47ad-43e6-bcff-63ae4fd7105e-groupManagement] WARN  util.FileUtils (LogUtils.java:supplyAndLog(63)) - Failed to Files.newInputStream /home/runner/work/ozone/ozone/hadoop-ozone/integration-test/target/test-dir/MiniOzoneClusterImpl-73680b39-f248-4dab-999a-9bb96057e508/ozone-meta/datanode-4/ratis/c26aed1a-2949-4f02-8c3e-bf925445c5d9/current/raft-meta.conf with options []: java.nio.file.NoSuchFileException: /home/runner/work/ozone/ozone/hadoop-ozone/integration-test/target/test-dir/MiniOzoneClusterImpl-73680b39-f248-4dab-999a-9bb96057e508/ozone-meta/datanode-4/ratis/c26aed1a-2949-4f02-8c3e-bf925445c5d9/current/raft-meta.conf
2024-02-27 07:08:52,140 [3dfbfca7-47ad-43e6-bcff-63ae4fd7105e-groupManagement] INFO  ratis.ContainerStateMachine (ContainerStateMachine.java:loadSnapshot(287)) - group-BF925445C5D9: The snapshot info is null. Setting the last applied index to:(t:0, i:~)
2024-02-27 07:08:52,140 [3dfbfca7-47ad-43e6-bcff-63ae4fd7105e-groupManagement] INFO  server.RaftServerConfigKeys (ConfUtils.java:logGet(46)) - raft.server.log.use.memory = false (default)
2024-02-27 07:08:52,140 [3dfbfca7-47ad-43e6-bcff-63ae4fd7105e-groupManagement] INFO  server.RaftServerConfigKeys (ConfUtils.java:logGet(46)) - raft.server.log.purge.gap = 1000000 (custom)
2024-02-27 07:08:52,140 [3dfbfca7-47ad-43e6-bcff-63ae4fd7105e-groupManagement] INFO  server.RaftServerConfigKeys (ConfUtils.java:logGet(46)) - raft.server.log.appender.buffer.byte-limit = 8388608 (custom)
2024-02-27 07:08:52,141 [3dfbfca7-47ad-43e6-bcff-63ae4fd7105e-groupManagement] INFO  server.RaftServerConfigKeys (ConfUtils.java:logGet(46)) - raft.server.log.statemachine.data.read.timeout = 1000ms (default)
2024-02-27 07:08:52,141 [3dfbfca7-47ad-43e6-bcff-63ae4fd7105e-groupManagement] INFO  server.RaftServerConfigKeys (ConfUtils.java:logGet(46)) - raft.server.log.purge.preservation.log.num = 0 (default)
2024-02-27 07:08:52,142 [3dfbfca7-47ad-43e6-bcff-63ae4fd7105e-groupManagement] INFO  server.RaftServerConfigKeys (ConfUtils.java:logGet(46)) - raft.server.log.segment.size.max = 67108864 (custom)
2024-02-27 07:08:52,143 [3dfbfca7-47ad-43e6-bcff-63ae4fd7105e-groupManagement] INFO  server.RaftServerConfigKeys (ConfUtils.java:logGet(46)) - raft.server.log.segment.cache.num.max = 2 (custom)
2024-02-27 07:08:52,143 [3dfbfca7-47ad-43e6-bcff-63ae4fd7105e-groupManagement] INFO  server.RaftServerConfigKeys (ConfUtils.java:logGet(46)) - raft.server.log.segment.cache.size.max = 200MB (=209715200) (default)
2024-02-27 07:08:52,143 [3dfbfca7-47ad-43e6-bcff-63ae4fd7105e-groupManagement] INFO  server.RaftServerConfigKeys (ConfUtils.java:logGet(46)) - raft.server.log.appender.buffer.byte-limit = 8388608 (custom)
2024-02-27 07:08:52,153 [3dfbfca7-47ad-43e6-bcff-63ae4fd7105e-groupManagement] INFO  util.AwaitToRun (AwaitToRun.java:start(81)) - Thread[3dfbfca7-47ad-43e6-bcff-63ae4fd7105e@group-BF925445C5D9-cacheEviction-AwaitToRun,5,main] started
2024-02-27 07:08:52,153 [3dfbfca7-47ad-43e6-bcff-63ae4fd7105e-groupManagement] INFO  segmented.SegmentedRaftLogWorker (SegmentedRaftLogWorker.java:<init>(182)) - new 3dfbfca7-47ad-43e6-bcff-63ae4fd7105e@group-BF925445C5D9-SegmentedRaftLogWorker for RaftStorageImpl:Storage Directory /home/runner/work/ozone/ozone/hadoop-ozone/integration-test/target/test-dir/MiniOzoneClusterImpl-73680b39-f248-4dab-999a-9bb96057e508/ozone-meta/datanode-4/ratis/c26aed1a-2949-4f02-8c3e-bf925445c5d9
2024-02-27 07:08:52,153 [3dfbfca7-47ad-43e6-bcff-63ae4fd7105e-groupManagement] INFO  server.RaftServerConfigKeys (ConfUtils.java:logGet(46)) - raft.server.log.queue.byte-limit = 4294967296 (custom)
2024-02-27 07:08:52,153 [3dfbfca7-47ad-43e6-bcff-63ae4fd7105e-groupManagement] INFO  server.RaftServerConfigKeys (ConfUtils.java:logGet(46)) - raft.server.log.queue.element-limit = 1024 (custom)
2024-02-27 07:08:52,153 [3dfbfca7-47ad-43e6-bcff-63ae4fd7105e-groupManagement] INFO  server.RaftServerConfigKeys (ConfUtils.java:logGet(46)) - raft.server.log.segment.size.max = 67108864 (custom)
2024-02-27 07:08:52,154 [3dfbfca7-47ad-43e6-bcff-63ae4fd7105e-groupManagement] INFO  server.RaftServerConfigKeys (ConfUtils.java:logGet(46)) - raft.server.log.preallocated.size = 4194304 (custom)
2024-02-27 07:08:52,154 [3dfbfca7-47ad-43e6-bcff-63ae4fd7105e-groupManagement] INFO  server.RaftServerConfigKeys (ConfUtils.java:logGet(46)) - raft.server.log.force.sync.num = 128 (default)
2024-02-27 07:08:52,154 [3dfbfca7-47ad-43e6-bcff-63ae4fd7105e-groupManagement] INFO  server.RaftServerConfigKeys (ConfUtils.java:logGet(46)) - raft.server.log.statemachine.data.sync = true (default)
2024-02-27 07:08:52,158 [EventQueue-PipelineReportForPipelineReportHandler] INFO  pipeline.PipelineReportHandler (PipelineReportHandler.java:processPipelineReport(136)) - Opened pipeline PipelineID=c26aed1a-2949-4f02-8c3e-bf925445c5d9
2024-02-27 07:08:52,161 [EventQueue-OpenPipelineForHealthyPipelineSafeModeRule] INFO  safemode.SCMSafeModeManager (HealthyPipelineSafeModeRule.java:process(140)) - SCM in safe mode. Healthy pipelines reported count is 0, required healthy pipeline reported count is 1
2024-02-27 07:08:52,159 [3dfbfca7-47ad-43e6-bcff-63ae4fd7105e-groupManagement] INFO  server.RaftServerConfigKeys (ConfUtils.java:logGet(46)) - raft.server.log.statemachine.data.sync.timeout = 10s (default)
2024-02-27 07:08:52,161 [3dfbfca7-47ad-43e6-bcff-63ae4fd7105e-groupManagement] INFO  server.RaftServerConfigKeys (ConfUtils.java:logGet(46)) - raft.server.log.statemachine.data.sync.timeout.retry = 0 (custom)
2024-02-27 07:08:52,162 [3dfbfca7-47ad-43e6-bcff-63ae4fd7105e-groupManagement] INFO  server.RaftServerConfigKeys (ConfUtils.java:logGet(46)) - raft.server.log.write.buffer.size = 8388616 (custom)
2024-02-27 07:08:52,165 [3dfbfca7-47ad-43e6-bcff-63ae4fd7105e-groupManagement] INFO  server.RaftServerConfigKeys (ConfUtils.java:logGet(46)) - raft.server.log.appender.buffer.byte-limit = 8388608 (custom)
2024-02-27 07:08:52,166 [3dfbfca7-47ad-43e6-bcff-63ae4fd7105e-groupManagement] INFO  server.RaftServerConfigKeys (ConfUtils.java:logGet(46)) - raft.server.log.unsafe-flush.enabled = false (default)
2024-02-27 07:08:52,168 [3dfbfca7-47ad-43e6-bcff-63ae4fd7105e-groupManagement] INFO  server.RaftServerConfigKeys (ConfUtils.java:logGet(46)) - raft.server.log.async-flush.enabled = false (default)
2024-02-27 07:08:52,168 [3dfbfca7-47ad-43e6-bcff-63ae4fd7105e-groupManagement] INFO  server.RaftServerConfigKeys (ConfUtils.java:logGet(46)) - raft.server.log.statemachine.data.caching.enabled = true (custom)
2024-02-27 07:08:52,169 [3dfbfca7-47ad-43e6-bcff-63ae4fd7105e-groupManagement] INFO  segmented.SegmentedRaftLogWorker (SegmentedRaftLogWorker.java:lambda$new$0(134)) - 3dfbfca7-47ad-43e6-bcff-63ae4fd7105e@group-BF925445C5D9-SegmentedRaftLogWorker: flushIndex: setUnconditionally 0 -> -1
2024-02-27 07:08:52,169 [3dfbfca7-47ad-43e6-bcff-63ae4fd7105e-groupManagement] INFO  segmented.SegmentedRaftLogWorker (SegmentedRaftLogWorker.java:lambda$new$0(134)) - 3dfbfca7-47ad-43e6-bcff-63ae4fd7105e@group-BF925445C5D9-SegmentedRaftLogWorker: safeCacheEvictIndex: setUnconditionally 0 -> -1
2024-02-27 07:08:52,173 [3dfbfca7-47ad-43e6-bcff-63ae4fd7105e-groupManagement] INFO  server.RaftServer$Division (RaftServerImpl.java:start(396)) - 3dfbfca7-47ad-43e6-bcff-63ae4fd7105e@group-BF925445C5D9: start as a follower, conf=-1: peers:[3dfbfca7-47ad-43e6-bcff-63ae4fd7105e|10.1.0.21:15041]|listeners:[], old=null
2024-02-27 07:08:52,173 [3dfbfca7-47ad-43e6-bcff-63ae4fd7105e-groupManagement] INFO  server.RaftServer$Division (RaftServerImpl.java:setRole(383)) - 3dfbfca7-47ad-43e6-bcff-63ae4fd7105e@group-BF925445C5D9: changes role from      null to FOLLOWER at term 0 for startAsFollower
2024-02-27 07:08:52,173 [3dfbfca7-47ad-43e6-bcff-63ae4fd7105e-groupManagement] INFO  impl.RoleInfo (RoleInfo.java:updateAndGet(139)) - 3dfbfca7-47ad-43e6-bcff-63ae4fd7105e: start 3dfbfca7-47ad-43e6-bcff-63ae4fd7105e@group-BF925445C5D9-FollowerState
2024-02-27 07:08:52,175 [3dfbfca7-47ad-43e6-bcff-63ae4fd7105e-groupManagement] INFO  util.JmxRegister (JmxRegister.java:tryRegister(44)) - Successfully registered JMX Bean with object name Ratis:service=RaftServer,group=group-BF925445C5D9,id=3dfbfca7-47ad-43e6-bcff-63ae4fd7105e
2024-02-27 07:08:52,176 [3dfbfca7-47ad-43e6-bcff-63ae4fd7105e-groupManagement] INFO  server.RaftServerConfigKeys (ConfUtils.java:logGet(46)) - raft.server.snapshot.trigger-when-stop.enabled = true (default)
2024-02-27 07:08:52,176 [3dfbfca7-47ad-43e6-bcff-63ae4fd7105e-groupManagement] INFO  server.RaftServerConfigKeys (ConfUtils.java:logGet(46)) - raft.server.snapshot.auto.trigger.enabled = true (custom)
2024-02-27 07:08:52,176 [3dfbfca7-47ad-43e6-bcff-63ae4fd7105e-groupManagement] INFO  server.RaftServerConfigKeys (ConfUtils.java:logGet(46)) - raft.server.snapshot.auto.trigger.threshold = 10000 (custom)
2024-02-27 07:08:52,176 [3dfbfca7-47ad-43e6-bcff-63ae4fd7105e-groupManagement] INFO  server.RaftServerConfigKeys (ConfUtils.java:logGet(46)) - raft.server.snapshot.retention.file.num = 5 (custom)
2024-02-27 07:08:52,176 [3dfbfca7-47ad-43e6-bcff-63ae4fd7105e-groupManagement] INFO  server.RaftServerConfigKeys (ConfUtils.java:logGet(46)) - raft.server.log.purge.upto.snapshot.index = false (default)
2024-02-27 07:08:52,190 [3dfbfca7-47ad-43e6-bcff-63ae4fd7105e-PipelineCommandHandlerThread-0] INFO  ratis.XceiverServerRatis (XceiverServerRatis.java:addGroup(864)) - Created group PipelineID=c26aed1a-2949-4f02-8c3e-bf925445c5d9
2024-02-27 07:08:52,190 [3dfbfca7-47ad-43e6-bcff-63ae4fd7105e-PipelineCommandHandlerThread-0] INFO  commandhandler.CreatePipelineCommandHandler (CreatePipelineCommandHandler.java:lambda$handle$2(124)) - Created Pipeline RATIS ONE PipelineID=c26aed1a-2949-4f02-8c3e-bf925445c5d9.
2024-02-27 07:08:52,192 [3dfbfca7-47ad-43e6-bcff-63ae4fd7105e@group-BF925445C5D9-FollowerState] INFO  server.RaftServerConfigKeys (ConfUtils.java:logFallback(53)) - raft.server.rpc.first-election.timeout.min = 5s (fallback to raft.server.rpc.timeout.min)
2024-02-27 07:08:52,192 [3dfbfca7-47ad-43e6-bcff-63ae4fd7105e@group-BF925445C5D9-FollowerState] INFO  server.RaftServerConfigKeys (ConfUtils.java:logFallback(53)) - raft.server.rpc.first-election.timeout.max = 5200ms (fallback to raft.server.rpc.timeout.max)
2024-02-27 07:08:52,267 [main] INFO  ozone.MiniOzoneClusterImpl (MiniOzoneClusterImpl.java:lambda$waitForClusterToBeReady$0(195)) - Nodes are ready. Got 5 of 5 DN Heartbeats.
2024-02-27 07:08:52,267 [main] INFO  ozone.MiniOzoneClusterImpl (MiniOzoneClusterImpl.java:lambda$waitForClusterToBeReady$0(198)) - Waiting for cluster to exit safe mode
2024-02-27 07:08:52,267 [main] INFO  ozone.MiniOzoneClusterImpl (MiniOzoneClusterImpl.java:lambda$waitForClusterToBeReady$0(200)) - SCM became leader
2024-02-27 07:08:52,273 [27436771-b26a-47df-862e-42af51f21969-PipelineCommandHandlerThread-0] INFO  server.RaftServer (RaftServerProxy.java:addNew(100)) - 27436771-b26a-47df-862e-42af51f21969: addNew group-A9AB421414B8:[27436771-b26a-47df-862e-42af51f21969|10.1.0.21:15050] returns group-A9AB421414B8:java.util.concurrent.CompletableFuture@7db785a[Not completed]
2024-02-27 07:08:52,278 [27436771-b26a-47df-862e-42af51f21969-groupManagement] INFO  server.RaftServer$Division (RaftServerImpl.java:<init>(256)) - 27436771-b26a-47df-862e-42af51f21969: new RaftServerImpl for group-A9AB421414B8:[27436771-b26a-47df-862e-42af51f21969|10.1.0.21:15050] with ContainerStateMachine:uninitialized
2024-02-27 07:08:52,279 [27436771-b26a-47df-862e-42af51f21969-groupManagement] INFO  server.RaftServerConfigKeys (ConfUtils.java:logGet(46)) - raft.server.rpc.timeout.min = 5s (custom)
2024-02-27 07:08:52,279 [27436771-b26a-47df-862e-42af51f21969-groupManagement] INFO  server.RaftServerConfigKeys (ConfUtils.java:logGet(46)) - raft.server.rpc.timeout.max = 5200ms (custom)
2024-02-27 07:08:52,279 [27436771-b26a-47df-862e-42af51f21969-groupManagement] INFO  server.RaftServerConfigKeys (ConfUtils.java:logGet(46)) - raft.server.rpc.sleep.time = 25ms (default)
2024-02-27 07:08:52,279 [27436771-b26a-47df-862e-42af51f21969-groupManagement] INFO  server.RaftServerConfigKeys (ConfUtils.java:logGet(46)) - raft.server.rpc.slowness.timeout = 300000ms (custom)
2024-02-27 07:08:52,279 [27436771-b26a-47df-862e-42af51f21969-groupManagement] INFO  server.RaftServerConfigKeys (ConfUtils.java:logGet(46)) - raft.server.leaderelection.leader.step-down.wait-time = 10s (default)
2024-02-27 07:08:52,280 [27436771-b26a-47df-862e-42af51f21969-groupManagement] INFO  server.RaftServerConfigKeys (ConfUtils.java:logGet(46)) - raft.server.leaderelection.member.majority-add = false (default)
2024-02-27 07:08:52,280 [27436771-b26a-47df-862e-42af51f21969-groupManagement] INFO  server.RaftServerConfigKeys (ConfUtils.java:logGet(46)) - raft.server.sleep.deviation.threshold = 300ms (default)
2024-02-27 07:08:52,280 [27436771-b26a-47df-862e-42af51f21969-groupManagement] INFO  server.RaftServer$Division (ServerState.java:<init>(113)) - 27436771-b26a-47df-862e-42af51f21969@group-A9AB421414B8: ConfigurationManager, init=-1: peers:[27436771-b26a-47df-862e-42af51f21969|10.1.0.21:15050]|listeners:[], old=null, confs=<EMPTY_MAP>
2024-02-27 07:08:52,281 [27436771-b26a-47df-862e-42af51f21969-groupManagement] INFO  server.RaftServerConfigKeys (ConfUtils.java:logGet(46)) - raft.server.notification.no-leader.timeout = 300000ms (custom)
2024-02-27 07:08:52,281 [27436771-b26a-47df-862e-42af51f21969-groupManagement] INFO  server.RaftServerConfigKeys (ConfUtils.java:logGet(46)) - raft.server.read.timeout = 10s (default)
2024-02-27 07:08:52,281 [27436771-b26a-47df-862e-42af51f21969-groupManagement] INFO  server.RaftServerConfigKeys (ConfUtils.java:logGet(46)) - raft.server.retrycache.expirytime = 600000ms (custom)
2024-02-27 07:08:52,281 [27436771-b26a-47df-862e-42af51f21969-groupManagement] INFO  server.RaftServerConfigKeys (ConfUtils.java:logGet(46)) - raft.server.retrycache.statistics.expirytime = 100ms (default)
2024-02-27 07:08:52,282 [27436771-b26a-47df-862e-42af51f21969-groupManagement] INFO  server.RaftServerConfigKeys (ConfUtils.java:logGet(46)) - raft.server.read.option = DEFAULT (default)
2024-02-27 07:08:52,282 [27436771-b26a-47df-862e-42af51f21969-groupManagement] INFO  server.RaftServerConfigKeys (ConfUtils.java:logGet(46)) - raft.server.read.read-after-write-consistent.write-index-cache.expiry-time = 60s (default)
2024-02-27 07:08:52,289 [27436771-b26a-47df-862e-42af51f21969-groupManagement] INFO  server.RaftServerConfigKeys (ConfUtils.java:logGet(46)) - raft.server.rpc.request.timeout = 3000ms (default)
2024-02-27 07:08:52,290 [27436771-b26a-47df-862e-42af51f21969-groupManagement] INFO  server.RaftServerConfigKeys (ConfUtils.java:logGet(46)) - raft.server.log.appender.install.snapshot.enabled = false (custom)
2024-02-27 07:08:52,290 [27436771-b26a-47df-862e-42af51f21969-groupManagement] INFO  server.RaftServerConfigKeys (ConfUtils.java:logGet(46)) - raft.server.threadpool.server.cached = true (default)
2024-02-27 07:08:52,290 [27436771-b26a-47df-862e-42af51f21969-groupManagement] INFO  server.RaftServerConfigKeys (ConfUtils.java:logGet(46)) - raft.server.threadpool.server.size = 0 (default)
2024-02-27 07:08:52,291 [27436771-b26a-47df-862e-42af51f21969-groupManagement] INFO  server.RaftServerConfigKeys (ConfUtils.java:logGet(46)) - raft.server.threadpool.client.cached = true (default)
2024-02-27 07:08:52,291 [27436771-b26a-47df-862e-42af51f21969-groupManagement] INFO  server.RaftServerConfigKeys (ConfUtils.java:logGet(46)) - raft.server.threadpool.client.size = 0 (default)
2024-02-27 07:08:52,291 [27436771-b26a-47df-862e-42af51f21969-groupManagement] INFO  server.RaftServerConfigKeys (ConfUtils.java:logGet(46)) - raft.server.storage.free-space.min = 0MB (=0) (default)
2024-02-27 07:08:52,292 [27436771-b26a-47df-862e-42af51f21969-groupManagement] INFO  server.RaftServerConfigKeys (ConfUtils.java:logGet(46)) - raft.server.log.corruption.policy = EXCEPTION (default)
2024-02-27 07:08:52,292 [27436771-b26a-47df-862e-42af51f21969-groupManagement] INFO  server.RaftServerConfigKeys (ConfUtils.java:logGet(46)) - raft.server.storage.dir = [/home/runner/work/ozone/ozone/hadoop-ozone/integration-test/target/test-dir/MiniOzoneClusterImpl-73680b39-f248-4dab-999a-9bb96057e508/ozone-meta/datanode-5/ratis] (custom)
2024-02-27 07:08:52,293 [27436771-b26a-47df-862e-42af51f21969-groupManagement] INFO  storage.RaftStorageDirectory (RaftStorageDirectoryImpl.java:analyzeStorage(138)) - The storage directory /home/runner/work/ozone/ozone/hadoop-ozone/integration-test/target/test-dir/MiniOzoneClusterImpl-73680b39-f248-4dab-999a-9bb96057e508/ozone-meta/datanode-5/ratis/f98a6c90-d14b-4e93-8b98-a9ab421414b8 does not exist. Creating ...
2024-02-27 07:08:52,295 [0ea19766-ee81-4032-bca9-1401e49b4249-PipelineCommandHandlerThread-0] INFO  commandhandler.CreatePipelineCommandHandler (CreatePipelineCommandHandler.java:lambda$handle$2(124)) - Created Pipeline RATIS THREE PipelineID=aaf4bc7a-0b34-48fc-840c-bc30ab0341db.
2024-02-27 07:08:52,296 [0ea19766-ee81-4032-bca9-1401e49b4249-PipelineCommandHandlerThread-0] INFO  server.RaftServer (RaftServerProxy.java:addNew(100)) - 0ea19766-ee81-4032-bca9-1401e49b4249: addNew group-2F02199C2BFB:[d20e48e4-5d22-4482-8ef9-383a12f89d83|10.1.0.21:15032, 49a99776-1504-4c11-88b9-d65d97124402|10.1.0.21:15014, 0ea19766-ee81-4032-bca9-1401e49b4249|10.1.0.21:15023] returns group-2F02199C2BFB:java.util.concurrent.CompletableFuture@737d93b9[Not completed]
2024-02-27 07:08:52,297 [d20e48e4-5d22-4482-8ef9-383a12f89d83-PipelineCommandHandlerThread-0] INFO  commandhandler.CreatePipelineCommandHandler (CreatePipelineCommandHandler.java:lambda$handle$2(124)) - Created Pipeline RATIS THREE PipelineID=aaf4bc7a-0b34-48fc-840c-bc30ab0341db.
2024-02-27 07:08:52,297 [d20e48e4-5d22-4482-8ef9-383a12f89d83-PipelineCommandHandlerThread-0] INFO  server.RaftServer (RaftServerProxy.java:addNew(100)) - d20e48e4-5d22-4482-8ef9-383a12f89d83: addNew group-2F02199C2BFB:[d20e48e4-5d22-4482-8ef9-383a12f89d83|10.1.0.21:15032, 49a99776-1504-4c11-88b9-d65d97124402|10.1.0.21:15014, 0ea19766-ee81-4032-bca9-1401e49b4249|10.1.0.21:15023] returns group-2F02199C2BFB:java.util.concurrent.CompletableFuture@51badff3[Not completed]
2024-02-27 07:08:52,298 [0ea19766-ee81-4032-bca9-1401e49b4249-groupManagement] INFO  server.RaftServer$Division (RaftServerImpl.java:<init>(256)) - 0ea19766-ee81-4032-bca9-1401e49b4249: new RaftServerImpl for group-2F02199C2BFB:[d20e48e4-5d22-4482-8ef9-383a12f89d83|10.1.0.21:15032, 49a99776-1504-4c11-88b9-d65d97124402|10.1.0.21:15014, 0ea19766-ee81-4032-bca9-1401e49b4249|10.1.0.21:15023] with ContainerStateMachine:uninitialized
2024-02-27 07:08:52,298 [0ea19766-ee81-4032-bca9-1401e49b4249-groupManagement] INFO  server.RaftServerConfigKeys (ConfUtils.java:logGet(46)) - raft.server.rpc.timeout.min = 5s (custom)
2024-02-27 07:08:52,298 [0ea19766-ee81-4032-bca9-1401e49b4249-groupManagement] INFO  server.RaftServerConfigKeys (ConfUtils.java:logGet(46)) - raft.server.rpc.timeout.max = 5200ms (custom)
2024-02-27 07:08:52,298 [0ea19766-ee81-4032-bca9-1401e49b4249-groupManagement] INFO  server.RaftServerConfigKeys (ConfUtils.java:logGet(46)) - raft.server.rpc.sleep.time = 25ms (default)
2024-02-27 07:08:52,298 [0ea19766-ee81-4032-bca9-1401e49b4249-groupManagement] INFO  server.RaftServerConfigKeys (ConfUtils.java:logGet(46)) - raft.server.rpc.slowness.timeout = 300000ms (custom)
2024-02-27 07:08:52,298 [0ea19766-ee81-4032-bca9-1401e49b4249-groupManagement] INFO  server.RaftServerConfigKeys (ConfUtils.java:logGet(46)) - raft.server.leaderelection.leader.step-down.wait-time = 10s (default)
2024-02-27 07:08:52,298 [0ea19766-ee81-4032-bca9-1401e49b4249-groupManagement] INFO  server.RaftServerConfigKeys (ConfUtils.java:logGet(46)) - raft.server.leaderelection.member.majority-add = false (default)
2024-02-27 07:08:52,298 [0ea19766-ee81-4032-bca9-1401e49b4249-groupManagement] INFO  server.RaftServerConfigKeys (ConfUtils.java:logGet(46)) - raft.server.sleep.deviation.threshold = 300ms (default)
2024-02-27 07:08:52,298 [0ea19766-ee81-4032-bca9-1401e49b4249-groupManagement] INFO  server.RaftServer$Division (ServerState.java:<init>(113)) - 0ea19766-ee81-4032-bca9-1401e49b4249@group-2F02199C2BFB: ConfigurationManager, init=-1: peers:[d20e48e4-5d22-4482-8ef9-383a12f89d83|10.1.0.21:15032, 49a99776-1504-4c11-88b9-d65d97124402|10.1.0.21:15014, 0ea19766-ee81-4032-bca9-1401e49b4249|10.1.0.21:15023]|listeners:[], old=null, confs=<EMPTY_MAP>
2024-02-27 07:08:52,298 [d20e48e4-5d22-4482-8ef9-383a12f89d83-groupManagement] INFO  server.RaftServer$Division (RaftServerImpl.java:<init>(256)) - d20e48e4-5d22-4482-8ef9-383a12f89d83: new RaftServerImpl for group-2F02199C2BFB:[d20e48e4-5d22-4482-8ef9-383a12f89d83|10.1.0.21:15032, 49a99776-1504-4c11-88b9-d65d97124402|10.1.0.21:15014, 0ea19766-ee81-4032-bca9-1401e49b4249|10.1.0.21:15023] with ContainerStateMachine:uninitialized
2024-02-27 07:08:52,299 [0ea19766-ee81-4032-bca9-1401e49b4249-groupManagement] INFO  server.RaftServerConfigKeys (ConfUtils.java:logGet(46)) - raft.server.notification.no-leader.timeout = 300000ms (custom)
2024-02-27 07:08:52,300 [49a99776-1504-4c11-88b9-d65d97124402-PipelineCommandHandlerThread-0] INFO  commandhandler.CreatePipelineCommandHandler (CreatePipelineCommandHandler.java:lambda$handle$2(124)) - Created Pipeline RATIS THREE PipelineID=aaf4bc7a-0b34-48fc-840c-bc30ab0341db.
2024-02-27 07:08:52,299 [d20e48e4-5d22-4482-8ef9-383a12f89d83-groupManagement] INFO  server.RaftServerConfigKeys (ConfUtils.java:logGet(46)) - raft.server.rpc.timeout.min = 5s (custom)
2024-02-27 07:08:52,301 [d20e48e4-5d22-4482-8ef9-383a12f89d83-groupManagement] INFO  server.RaftServerConfigKeys (ConfUtils.java:logGet(46)) - raft.server.rpc.timeout.max = 5200ms (custom)
2024-02-27 07:08:52,301 [d20e48e4-5d22-4482-8ef9-383a12f89d83-groupManagement] INFO  server.RaftServerConfigKeys (ConfUtils.java:logGet(46)) - raft.server.rpc.sleep.time = 25ms (default)
2024-02-27 07:08:52,301 [49a99776-1504-4c11-88b9-d65d97124402-PipelineCommandHandlerThread-0] INFO  server.RaftServer (RaftServerProxy.java:addNew(100)) - 49a99776-1504-4c11-88b9-d65d97124402: addNew group-2F02199C2BFB:[d20e48e4-5d22-4482-8ef9-383a12f89d83|10.1.0.21:15032, 49a99776-1504-4c11-88b9-d65d97124402|10.1.0.21:15014, 0ea19766-ee81-4032-bca9-1401e49b4249|10.1.0.21:15023] returns group-2F02199C2BFB:java.util.concurrent.CompletableFuture@58f42971[Not completed]
2024-02-27 07:08:52,301 [d20e48e4-5d22-4482-8ef9-383a12f89d83-groupManagement] INFO  server.RaftServerConfigKeys (ConfUtils.java:logGet(46)) - raft.server.rpc.slowness.timeout = 300000ms (custom)
2024-02-27 07:08:52,299 [27436771-b26a-47df-862e-42af51f21969-groupManagement] INFO  storage.RaftStorageDirectory (RaftStorageDirectoryImpl.java:tryLock(228)) - Lock on /home/runner/work/ozone/ozone/hadoop-ozone/integration-test/target/test-dir/MiniOzoneClusterImpl-73680b39-f248-4dab-999a-9bb96057e508/ozone-meta/datanode-5/ratis/f98a6c90-d14b-4e93-8b98-a9ab421414b8/in_use.lock acquired by nodename 20488@fv-az1496-250
2024-02-27 07:08:52,301 [d20e48e4-5d22-4482-8ef9-383a12f89d83-groupManagement] INFO  server.RaftServerConfigKeys (ConfUtils.java:logGet(46)) - raft.server.leaderelection.leader.step-down.wait-time = 10s (default)
2024-02-27 07:08:52,301 [d20e48e4-5d22-4482-8ef9-383a12f89d83-groupManagement] INFO  server.RaftServerConfigKeys (ConfUtils.java:logGet(46)) - raft.server.leaderelection.member.majority-add = false (default)
2024-02-27 07:08:52,301 [d20e48e4-5d22-4482-8ef9-383a12f89d83-groupManagement] INFO  server.RaftServerConfigKeys (ConfUtils.java:logGet(46)) - raft.server.sleep.deviation.threshold = 300ms (default)
2024-02-27 07:08:52,302 [d20e48e4-5d22-4482-8ef9-383a12f89d83-groupManagement] INFO  server.RaftServer$Division (ServerState.java:<init>(113)) - d20e48e4-5d22-4482-8ef9-383a12f89d83@group-2F02199C2BFB: ConfigurationManager, init=-1: peers:[d20e48e4-5d22-4482-8ef9-383a12f89d83|10.1.0.21:15032, 49a99776-1504-4c11-88b9-d65d97124402|10.1.0.21:15014, 0ea19766-ee81-4032-bca9-1401e49b4249|10.1.0.21:15023]|listeners:[], old=null, confs=<EMPTY_MAP>
2024-02-27 07:08:52,302 [d20e48e4-5d22-4482-8ef9-383a12f89d83-groupManagement] INFO  server.RaftServerConfigKeys (ConfUtils.java:logGet(46)) - raft.server.notification.no-leader.timeout = 300000ms (custom)
2024-02-27 07:08:52,302 [d20e48e4-5d22-4482-8ef9-383a12f89d83-groupManagement] INFO  server.RaftServerConfigKeys (ConfUtils.java:logGet(46)) - raft.server.read.timeout = 10s (default)
2024-02-27 07:08:52,302 [d20e48e4-5d22-4482-8ef9-383a12f89d83-groupManagement] INFO  server.RaftServerConfigKeys (ConfUtils.java:logGet(46)) - raft.server.retrycache.expirytime = 600000ms (custom)
2024-02-27 07:08:52,302 [d20e48e4-5d22-4482-8ef9-383a12f89d83-groupManagement] INFO  server.RaftServerConfigKeys (ConfUtils.java:logGet(46)) - raft.server.retrycache.statistics.expirytime = 100ms (default)
2024-02-27 07:08:52,302 [d20e48e4-5d22-4482-8ef9-383a12f89d83-groupManagement] INFO  server.RaftServerConfigKeys (ConfUtils.java:logGet(46)) - raft.server.read.option = DEFAULT (default)
2024-02-27 07:08:52,302 [d20e48e4-5d22-4482-8ef9-383a12f89d83-groupManagement] INFO  server.RaftServerConfigKeys (ConfUtils.java:logGet(46)) - raft.server.read.read-after-write-consistent.write-index-cache.expiry-time = 60s (default)
2024-02-27 07:08:52,302 [49a99776-1504-4c11-88b9-d65d97124402-groupManagement] INFO  server.RaftServer$Division (RaftServerImpl.java:<init>(256)) - 49a99776-1504-4c11-88b9-d65d97124402: new RaftServerImpl for group-2F02199C2BFB:[d20e48e4-5d22-4482-8ef9-383a12f89d83|10.1.0.21:15032, 49a99776-1504-4c11-88b9-d65d97124402|10.1.0.21:15014, 0ea19766-ee81-4032-bca9-1401e49b4249|10.1.0.21:15023] with ContainerStateMachine:uninitialized
2024-02-27 07:08:52,303 [49a99776-1504-4c11-88b9-d65d97124402-groupManagement] INFO  server.RaftServerConfigKeys (ConfUtils.java:logGet(46)) - raft.server.rpc.timeout.min = 5s (custom)
2024-02-27 07:08:52,303 [49a99776-1504-4c11-88b9-d65d97124402-groupManagement] INFO  server.RaftServerConfigKeys (ConfUtils.java:logGet(46)) - raft.server.rpc.timeout.max = 5200ms (custom)
2024-02-27 07:08:52,303 [49a99776-1504-4c11-88b9-d65d97124402-groupManagement] INFO  server.RaftServerConfigKeys (ConfUtils.java:logGet(46)) - raft.server.rpc.sleep.time = 25ms (default)
2024-02-27 07:08:52,303 [49a99776-1504-4c11-88b9-d65d97124402-groupManagement] INFO  server.RaftServerConfigKeys (ConfUtils.java:logGet(46)) - raft.server.rpc.slowness.timeout = 300000ms (custom)
2024-02-27 07:08:52,303 [49a99776-1504-4c11-88b9-d65d97124402-groupManagement] INFO  server.RaftServerConfigKeys (ConfUtils.java:logGet(46)) - raft.server.leaderelection.leader.step-down.wait-time = 10s (default)
2024-02-27 07:08:52,303 [49a99776-1504-4c11-88b9-d65d97124402-groupManagement] INFO  server.RaftServerConfigKeys (ConfUtils.java:logGet(46)) - raft.server.leaderelection.member.majority-add = false (default)
2024-02-27 07:08:52,303 [49a99776-1504-4c11-88b9-d65d97124402-groupManagement] INFO  server.RaftServerConfigKeys (ConfUtils.java:logGet(46)) - raft.server.sleep.deviation.threshold = 300ms (default)
2024-02-27 07:08:52,303 [49a99776-1504-4c11-88b9-d65d97124402-groupManagement] INFO  server.RaftServer$Division (ServerState.java:<init>(113)) - 49a99776-1504-4c11-88b9-d65d97124402@group-2F02199C2BFB: ConfigurationManager, init=-1: peers:[d20e48e4-5d22-4482-8ef9-383a12f89d83|10.1.0.21:15032, 49a99776-1504-4c11-88b9-d65d97124402|10.1.0.21:15014, 0ea19766-ee81-4032-bca9-1401e49b4249|10.1.0.21:15023]|listeners:[], old=null, confs=<EMPTY_MAP>
2024-02-27 07:08:52,303 [49a99776-1504-4c11-88b9-d65d97124402-groupManagement] INFO  server.RaftServerConfigKeys (ConfUtils.java:logGet(46)) - raft.server.notification.no-leader.timeout = 300000ms (custom)
2024-02-27 07:08:52,303 [49a99776-1504-4c11-88b9-d65d97124402-groupManagement] INFO  server.RaftServerConfigKeys (ConfUtils.java:logGet(46)) - raft.server.read.timeout = 10s (default)
2024-02-27 07:08:52,303 [49a99776-1504-4c11-88b9-d65d97124402-groupManagement] INFO  server.RaftServerConfigKeys (ConfUtils.java:logGet(46)) - raft.server.retrycache.expirytime = 600000ms (custom)
2024-02-27 07:08:52,303 [49a99776-1504-4c11-88b9-d65d97124402-groupManagement] INFO  server.RaftServerConfigKeys (ConfUtils.java:logGet(46)) - raft.server.retrycache.statistics.expirytime = 100ms (default)
2024-02-27 07:08:52,304 [49a99776-1504-4c11-88b9-d65d97124402-groupManagement] INFO  server.RaftServerConfigKeys (ConfUtils.java:logGet(46)) - raft.server.read.option = DEFAULT (default)
2024-02-27 07:08:52,304 [49a99776-1504-4c11-88b9-d65d97124402-groupManagement] INFO  server.RaftServerConfigKeys (ConfUtils.java:logGet(46)) - raft.server.read.read-after-write-consistent.write-index-cache.expiry-time = 60s (default)
2024-02-27 07:08:52,301 [0ea19766-ee81-4032-bca9-1401e49b4249-groupManagement] INFO  server.RaftServerConfigKeys (ConfUtils.java:logGet(46)) - raft.server.read.timeout = 10s (default)
2024-02-27 07:08:52,302 [27436771-b26a-47df-862e-42af51f21969-groupManagement] INFO  storage.RaftStorage (RaftStorageImpl.java:format(99)) - Storage directory /home/runner/work/ozone/ozone/hadoop-ozone/integration-test/target/test-dir/MiniOzoneClusterImpl-73680b39-f248-4dab-999a-9bb96057e508/ozone-meta/datanode-5/ratis/f98a6c90-d14b-4e93-8b98-a9ab421414b8 has been successfully formatted.
2024-02-27 07:08:52,304 [0ea19766-ee81-4032-bca9-1401e49b4249-groupManagement] INFO  server.RaftServerConfigKeys (ConfUtils.java:logGet(46)) - raft.server.retrycache.expirytime = 600000ms (custom)
2024-02-27 07:08:52,304 [0ea19766-ee81-4032-bca9-1401e49b4249-groupManagement] INFO  server.RaftServerConfigKeys (ConfUtils.java:logGet(46)) - raft.server.retrycache.statistics.expirytime = 100ms (default)
2024-02-27 07:08:52,304 [0ea19766-ee81-4032-bca9-1401e49b4249-groupManagement] INFO  server.RaftServerConfigKeys (ConfUtils.java:logGet(46)) - raft.server.read.option = DEFAULT (default)
2024-02-27 07:08:52,304 [0ea19766-ee81-4032-bca9-1401e49b4249-groupManagement] INFO  server.RaftServerConfigKeys (ConfUtils.java:logGet(46)) - raft.server.read.read-after-write-consistent.write-index-cache.expiry-time = 60s (default)
2024-02-27 07:08:52,308 [d20e48e4-5d22-4482-8ef9-383a12f89d83-groupManagement] INFO  server.RaftServerConfigKeys (ConfUtils.java:logGet(46)) - raft.server.rpc.request.timeout = 3000ms (default)
2024-02-27 07:08:52,308 [d20e48e4-5d22-4482-8ef9-383a12f89d83-groupManagement] INFO  server.RaftServerConfigKeys (ConfUtils.java:logGet(46)) - raft.server.log.appender.install.snapshot.enabled = false (custom)
2024-02-27 07:08:52,308 [d20e48e4-5d22-4482-8ef9-383a12f89d83-groupManagement] INFO  server.RaftServerConfigKeys (ConfUtils.java:logGet(46)) - raft.server.threadpool.server.cached = true (default)
2024-02-27 07:08:52,308 [d20e48e4-5d22-4482-8ef9-383a12f89d83-groupManagement] INFO  server.RaftServerConfigKeys (ConfUtils.java:logGet(46)) - raft.server.threadpool.server.size = 0 (default)
2024-02-27 07:08:52,308 [d20e48e4-5d22-4482-8ef9-383a12f89d83-groupManagement] INFO  server.RaftServerConfigKeys (ConfUtils.java:logGet(46)) - raft.server.threadpool.client.cached = true (default)
2024-02-27 07:08:52,308 [d20e48e4-5d22-4482-8ef9-383a12f89d83-groupManagement] INFO  server.RaftServerConfigKeys (ConfUtils.java:logGet(46)) - raft.server.threadpool.client.size = 0 (default)
2024-02-27 07:08:52,308 [d20e48e4-5d22-4482-8ef9-383a12f89d83-groupManagement] INFO  server.RaftServerConfigKeys (ConfUtils.java:logGet(46)) - raft.server.storage.free-space.min = 0MB (=0) (default)
2024-02-27 07:08:52,309 [d20e48e4-5d22-4482-8ef9-383a12f89d83-groupManagement] INFO  server.RaftServerConfigKeys (ConfUtils.java:logGet(46)) - raft.server.log.corruption.policy = EXCEPTION (default)
2024-02-27 07:08:52,309 [d20e48e4-5d22-4482-8ef9-383a12f89d83-groupManagement] INFO  server.RaftServerConfigKeys (ConfUtils.java:logGet(46)) - raft.server.storage.dir = [/home/runner/work/ozone/ozone/hadoop-ozone/integration-test/target/test-dir/MiniOzoneClusterImpl-73680b39-f248-4dab-999a-9bb96057e508/ozone-meta/datanode-3/ratis] (custom)
2024-02-27 07:08:52,309 [d20e48e4-5d22-4482-8ef9-383a12f89d83-groupManagement] INFO  storage.RaftStorageDirectory (RaftStorageDirectoryImpl.java:analyzeStorage(138)) - The storage directory /home/runner/work/ozone/ozone/hadoop-ozone/integration-test/target/test-dir/MiniOzoneClusterImpl-73680b39-f248-4dab-999a-9bb96057e508/ozone-meta/datanode-3/ratis/eb8da95c-6a97-40e9-81cb-2f02199c2bfb does not exist. Creating ...
2024-02-27 07:08:52,313 [d20e48e4-5d22-4482-8ef9-383a12f89d83-groupManagement] INFO  storage.RaftStorageDirectory (RaftStorageDirectoryImpl.java:tryLock(228)) - Lock on /home/runner/work/ozone/ozone/hadoop-ozone/integration-test/target/test-dir/MiniOzoneClusterImpl-73680b39-f248-4dab-999a-9bb96057e508/ozone-meta/datanode-3/ratis/eb8da95c-6a97-40e9-81cb-2f02199c2bfb/in_use.lock acquired by nodename 20488@fv-az1496-250
2024-02-27 07:08:52,313 [27436771-b26a-47df-862e-42af51f21969-groupManagement] WARN  util.FileUtils (LogUtils.java:supplyAndLog(63)) - Failed to Files.newInputStream /home/runner/work/ozone/ozone/hadoop-ozone/integration-test/target/test-dir/MiniOzoneClusterImpl-73680b39-f248-4dab-999a-9bb96057e508/ozone-meta/datanode-5/ratis/f98a6c90-d14b-4e93-8b98-a9ab421414b8/current/raft-meta.conf with options []: java.nio.file.NoSuchFileException: /home/runner/work/ozone/ozone/hadoop-ozone/integration-test/target/test-dir/MiniOzoneClusterImpl-73680b39-f248-4dab-999a-9bb96057e508/ozone-meta/datanode-5/ratis/f98a6c90-d14b-4e93-8b98-a9ab421414b8/current/raft-meta.conf
2024-02-27 07:08:52,318 [EventQueue-PipelineReportForPipelineReportHandler] INFO  pipeline.PipelineReportHandler (PipelineReportHandler.java:processPipelineReport(136)) - Opened pipeline PipelineID=f98a6c90-d14b-4e93-8b98-a9ab421414b8
2024-02-27 07:08:52,318 [EventQueue-OpenPipelineForHealthyPipelineSafeModeRule] INFO  safemode.SCMSafeModeManager (HealthyPipelineSafeModeRule.java:process(140)) - SCM in safe mode. Healthy pipelines reported count is 0, required healthy pipeline reported count is 1
2024-02-27 07:08:52,320 [d20e48e4-5d22-4482-8ef9-383a12f89d83-groupManagement] INFO  storage.RaftStorage (RaftStorageImpl.java:format(99)) - Storage directory /home/runner/work/ozone/ozone/hadoop-ozone/integration-test/target/test-dir/MiniOzoneClusterImpl-73680b39-f248-4dab-999a-9bb96057e508/ozone-meta/datanode-3/ratis/eb8da95c-6a97-40e9-81cb-2f02199c2bfb has been successfully formatted.
2024-02-27 07:08:52,320 [d20e48e4-5d22-4482-8ef9-383a12f89d83-groupManagement] WARN  util.FileUtils (LogUtils.java:supplyAndLog(63)) - Failed to Files.newInputStream /home/runner/work/ozone/ozone/hadoop-ozone/integration-test/target/test-dir/MiniOzoneClusterImpl-73680b39-f248-4dab-999a-9bb96057e508/ozone-meta/datanode-3/ratis/eb8da95c-6a97-40e9-81cb-2f02199c2bfb/current/raft-meta.conf with options []: java.nio.file.NoSuchFileException: /home/runner/work/ozone/ozone/hadoop-ozone/integration-test/target/test-dir/MiniOzoneClusterImpl-73680b39-f248-4dab-999a-9bb96057e508/ozone-meta/datanode-3/ratis/eb8da95c-6a97-40e9-81cb-2f02199c2bfb/current/raft-meta.conf
2024-02-27 07:08:52,320 [d20e48e4-5d22-4482-8ef9-383a12f89d83-groupManagement] INFO  ratis.ContainerStateMachine (ContainerStateMachine.java:loadSnapshot(287)) - group-2F02199C2BFB: The snapshot info is null. Setting the last applied index to:(t:0, i:~)
2024-02-27 07:08:52,320 [d20e48e4-5d22-4482-8ef9-383a12f89d83-groupManagement] INFO  server.RaftServerConfigKeys (ConfUtils.java:logGet(46)) - raft.server.log.use.memory = false (default)
2024-02-27 07:08:52,320 [d20e48e4-5d22-4482-8ef9-383a12f89d83-groupManagement] INFO  server.RaftServerConfigKeys (ConfUtils.java:logGet(46)) - raft.server.log.purge.gap = 1000000 (custom)
2024-02-27 07:08:52,320 [d20e48e4-5d22-4482-8ef9-383a12f89d83-groupManagement] INFO  server.RaftServerConfigKeys (ConfUtils.java:logGet(46)) - raft.server.log.appender.buffer.byte-limit = 8388608 (custom)
2024-02-27 07:08:52,321 [d20e48e4-5d22-4482-8ef9-383a12f89d83-groupManagement] INFO  server.RaftServerConfigKeys (ConfUtils.java:logGet(46)) - raft.server.log.statemachine.data.read.timeout = 1000ms (default)
2024-02-27 07:08:52,321 [d20e48e4-5d22-4482-8ef9-383a12f89d83-groupManagement] INFO  server.RaftServerConfigKeys (ConfUtils.java:logGet(46)) - raft.server.log.purge.preservation.log.num = 0 (default)
2024-02-27 07:08:52,322 [EventQueue-OpenPipelineForHealthyPipelineSafeModeRule] INFO  safemode.SCMSafeModeManager (HealthyPipelineSafeModeRule.java:process(140)) - SCM in safe mode. Healthy pipelines reported count is 0, required healthy pipeline reported count is 1
2024-02-27 07:08:52,323 [27436771-b26a-47df-862e-42af51f21969-groupManagement] INFO  ratis.ContainerStateMachine (ContainerStateMachine.java:loadSnapshot(287)) - group-A9AB421414B8: The snapshot info is null. Setting the last applied index to:(t:0, i:~)
2024-02-27 07:08:52,324 [27436771-b26a-47df-862e-42af51f21969-groupManagement] INFO  server.RaftServerConfigKeys (ConfUtils.java:logGet(46)) - raft.server.log.use.memory = false (default)
2024-02-27 07:08:52,323 [d20e48e4-5d22-4482-8ef9-383a12f89d83-groupManagement] INFO  server.RaftServerConfigKeys (ConfUtils.java:logGet(46)) - raft.server.log.segment.size.max = 67108864 (custom)
2024-02-27 07:08:52,325 [27436771-b26a-47df-862e-42af51f21969-groupManagement] INFO  server.RaftServerConfigKeys (ConfUtils.java:logGet(46)) - raft.server.log.purge.gap = 1000000 (custom)
2024-02-27 07:08:52,325 [27436771-b26a-47df-862e-42af51f21969-groupManagement] INFO  server.RaftServerConfigKeys (ConfUtils.java:logGet(46)) - raft.server.log.appender.buffer.byte-limit = 8388608 (custom)
2024-02-27 07:08:52,326 [27436771-b26a-47df-862e-42af51f21969-groupManagement] INFO  server.RaftServerConfigKeys (ConfUtils.java:logGet(46)) - raft.server.log.statemachine.data.read.timeout = 1000ms (default)
2024-02-27 07:08:52,326 [27436771-b26a-47df-862e-42af51f21969-groupManagement] INFO  server.RaftServerConfigKeys (ConfUtils.java:logGet(46)) - raft.server.log.purge.preservation.log.num = 0 (default)
2024-02-27 07:08:52,328 [d20e48e4-5d22-4482-8ef9-383a12f89d83-groupManagement] INFO  server.RaftServerConfigKeys (ConfUtils.java:logGet(46)) - raft.server.log.segment.cache.num.max = 2 (custom)
2024-02-27 07:08:52,328 [0ea19766-ee81-4032-bca9-1401e49b4249-groupManagement] INFO  server.RaftServerConfigKeys (ConfUtils.java:logGet(46)) - raft.server.rpc.request.timeout = 3000ms (default)
2024-02-27 07:08:52,328 [0ea19766-ee81-4032-bca9-1401e49b4249-groupManagement] INFO  server.RaftServerConfigKeys (ConfUtils.java:logGet(46)) - raft.server.log.appender.install.snapshot.enabled = false (custom)
2024-02-27 07:08:52,328 [0ea19766-ee81-4032-bca9-1401e49b4249-groupManagement] INFO  server.RaftServerConfigKeys (ConfUtils.java:logGet(46)) - raft.server.threadpool.server.cached = true (default)
2024-02-27 07:08:52,328 [0ea19766-ee81-4032-bca9-1401e49b4249-groupManagement] INFO  server.RaftServerConfigKeys (ConfUtils.java:logGet(46)) - raft.server.threadpool.server.size = 0 (default)
2024-02-27 07:08:52,328 [0ea19766-ee81-4032-bca9-1401e49b4249-groupManagement] INFO  server.RaftServerConfigKeys (ConfUtils.java:logGet(46)) - raft.server.threadpool.client.cached = true (default)
2024-02-27 07:08:52,328 [0ea19766-ee81-4032-bca9-1401e49b4249-groupManagement] INFO  server.RaftServerConfigKeys (ConfUtils.java:logGet(46)) - raft.server.threadpool.client.size = 0 (default)
2024-02-27 07:08:52,328 [0ea19766-ee81-4032-bca9-1401e49b4249-groupManagement] INFO  server.RaftServerConfigKeys (ConfUtils.java:logGet(46)) - raft.server.storage.free-space.min = 0MB (=0) (default)
2024-02-27 07:08:52,328 [0ea19766-ee81-4032-bca9-1401e49b4249-groupManagement] INFO  server.RaftServerConfigKeys (ConfUtils.java:logGet(46)) - raft.server.log.corruption.policy = EXCEPTION (default)
2024-02-27 07:08:52,328 [0ea19766-ee81-4032-bca9-1401e49b4249-groupManagement] INFO  server.RaftServerConfigKeys (ConfUtils.java:logGet(46)) - raft.server.storage.dir = [/home/runner/work/ozone/ozone/hadoop-ozone/integration-test/target/test-dir/MiniOzoneClusterImpl-73680b39-f248-4dab-999a-9bb96057e508/ozone-meta/datanode-2/ratis] (custom)
2024-02-27 07:08:52,329 [0ea19766-ee81-4032-bca9-1401e49b4249-groupManagement] INFO  storage.RaftStorageDirectory (RaftStorageDirectoryImpl.java:analyzeStorage(138)) - The storage directory /home/runner/work/ozone/ozone/hadoop-ozone/integration-test/target/test-dir/MiniOzoneClusterImpl-73680b39-f248-4dab-999a-9bb96057e508/ozone-meta/datanode-2/ratis/eb8da95c-6a97-40e9-81cb-2f02199c2bfb does not exist. Creating ...
2024-02-27 07:08:52,329 [d20e48e4-5d22-4482-8ef9-383a12f89d83-groupManagement] INFO  server.RaftServerConfigKeys (ConfUtils.java:logGet(46)) - raft.server.log.segment.cache.size.max = 200MB (=209715200) (default)
2024-02-27 07:08:52,329 [d20e48e4-5d22-4482-8ef9-383a12f89d83-groupManagement] INFO  server.RaftServerConfigKeys (ConfUtils.java:logGet(46)) - raft.server.log.appender.buffer.byte-limit = 8388608 (custom)
2024-02-27 07:08:52,330 [0ea19766-ee81-4032-bca9-1401e49b4249-groupManagement] INFO  storage.RaftStorageDirectory (RaftStorageDirectoryImpl.java:tryLock(228)) - Lock on /home/runner/work/ozone/ozone/hadoop-ozone/integration-test/target/test-dir/MiniOzoneClusterImpl-73680b39-f248-4dab-999a-9bb96057e508/ozone-meta/datanode-2/ratis/eb8da95c-6a97-40e9-81cb-2f02199c2bfb/in_use.lock acquired by nodename 20488@fv-az1496-250
2024-02-27 07:08:52,330 [49a99776-1504-4c11-88b9-d65d97124402-groupManagement] INFO  server.RaftServerConfigKeys (ConfUtils.java:logGet(46)) - raft.server.rpc.request.timeout = 3000ms (default)
2024-02-27 07:08:52,330 [49a99776-1504-4c11-88b9-d65d97124402-groupManagement] INFO  server.RaftServerConfigKeys (ConfUtils.java:logGet(46)) - raft.server.log.appender.install.snapshot.enabled = false (custom)
2024-02-27 07:08:52,331 [49a99776-1504-4c11-88b9-d65d97124402-groupManagement] INFO  server.RaftServerConfigKeys (ConfUtils.java:logGet(46)) - raft.server.threadpool.server.cached = true (default)
2024-02-27 07:08:52,331 [0ea19766-ee81-4032-bca9-1401e49b4249-groupManagement] INFO  storage.RaftStorage (RaftStorageImpl.java:format(99)) - Storage directory /home/runner/work/ozone/ozone/hadoop-ozone/integration-test/target/test-dir/MiniOzoneClusterImpl-73680b39-f248-4dab-999a-9bb96057e508/ozone-meta/datanode-2/ratis/eb8da95c-6a97-40e9-81cb-2f02199c2bfb has been successfully formatted.
2024-02-27 07:08:52,331 [49a99776-1504-4c11-88b9-d65d97124402-groupManagement] INFO  server.RaftServerConfigKeys (ConfUtils.java:logGet(46)) - raft.server.threadpool.server.size = 0 (default)
2024-02-27 07:08:52,331 [0ea19766-ee81-4032-bca9-1401e49b4249-groupManagement] WARN  util.FileUtils (LogUtils.java:supplyAndLog(63)) - Failed to Files.newInputStream /home/runner/work/ozone/ozone/hadoop-ozone/integration-test/target/test-dir/MiniOzoneClusterImpl-73680b39-f248-4dab-999a-9bb96057e508/ozone-meta/datanode-2/ratis/eb8da95c-6a97-40e9-81cb-2f02199c2bfb/current/raft-meta.conf with options []: java.nio.file.NoSuchFileException: /home/runner/work/ozone/ozone/hadoop-ozone/integration-test/target/test-dir/MiniOzoneClusterImpl-73680b39-f248-4dab-999a-9bb96057e508/ozone-meta/datanode-2/ratis/eb8da95c-6a97-40e9-81cb-2f02199c2bfb/current/raft-meta.conf
2024-02-27 07:08:52,331 [49a99776-1504-4c11-88b9-d65d97124402-groupManagement] INFO  server.RaftServerConfigKeys (ConfUtils.java:logGet(46)) - raft.server.threadpool.client.cached = true (default)
2024-02-27 07:08:52,332 [49a99776-1504-4c11-88b9-d65d97124402-groupManagement] INFO  server.RaftServerConfigKeys (ConfUtils.java:logGet(46)) - raft.server.threadpool.client.size = 0 (default)
2024-02-27 07:08:52,332 [49a99776-1504-4c11-88b9-d65d97124402-groupManagement] INFO  server.RaftServerConfigKeys (ConfUtils.java:logGet(46)) - raft.server.storage.free-space.min = 0MB (=0) (default)
2024-02-27 07:08:52,333 [49a99776-1504-4c11-88b9-d65d97124402-groupManagement] INFO  server.RaftServerConfigKeys (ConfUtils.java:logGet(46)) - raft.server.log.corruption.policy = EXCEPTION (default)
2024-02-27 07:08:52,333 [0ea19766-ee81-4032-bca9-1401e49b4249-groupManagement] INFO  ratis.ContainerStateMachine (ContainerStateMachine.java:loadSnapshot(287)) - group-2F02199C2BFB: The snapshot info is null. Setting the last applied index to:(t:0, i:~)
2024-02-27 07:08:52,337 [d20e48e4-5d22-4482-8ef9-383a12f89d83-groupManagement] INFO  util.AwaitToRun (AwaitToRun.java:start(81)) - Thread[d20e48e4-5d22-4482-8ef9-383a12f89d83@group-2F02199C2BFB-cacheEviction-AwaitToRun,5,main] started
2024-02-27 07:08:52,337 [d20e48e4-5d22-4482-8ef9-383a12f89d83-groupManagement] INFO  segmented.SegmentedRaftLogWorker (SegmentedRaftLogWorker.java:<init>(182)) - new d20e48e4-5d22-4482-8ef9-383a12f89d83@group-2F02199C2BFB-SegmentedRaftLogWorker for RaftStorageImpl:Storage Directory /home/runner/work/ozone/ozone/hadoop-ozone/integration-test/target/test-dir/MiniOzoneClusterImpl-73680b39-f248-4dab-999a-9bb96057e508/ozone-meta/datanode-3/ratis/eb8da95c-6a97-40e9-81cb-2f02199c2bfb
2024-02-27 07:08:52,337 [d20e48e4-5d22-4482-8ef9-383a12f89d83-groupManagement] INFO  server.RaftServerConfigKeys (ConfUtils.java:logGet(46)) - raft.server.log.queue.byte-limit = 4294967296 (custom)
2024-02-27 07:08:52,337 [d20e48e4-5d22-4482-8ef9-383a12f89d83-groupManagement] INFO  server.RaftServerConfigKeys (ConfUtils.java:logGet(46)) - raft.server.log.queue.element-limit = 1024 (custom)
2024-02-27 07:08:52,337 [d20e48e4-5d22-4482-8ef9-383a12f89d83-groupManagement] INFO  server.RaftServerConfigKeys (ConfUtils.java:logGet(46)) - raft.server.log.segment.size.max = 67108864 (custom)
2024-02-27 07:08:52,337 [d20e48e4-5d22-4482-8ef9-383a12f89d83-groupManagement] INFO  server.RaftServerConfigKeys (ConfUtils.java:logGet(46)) - raft.server.log.preallocated.size = 4194304 (custom)
2024-02-27 07:08:52,338 [d20e48e4-5d22-4482-8ef9-383a12f89d83-groupManagement] INFO  server.RaftServerConfigKeys (ConfUtils.java:logGet(46)) - raft.server.log.force.sync.num = 128 (default)
2024-02-27 07:08:52,338 [d20e48e4-5d22-4482-8ef9-383a12f89d83-groupManagement] INFO  server.RaftServerConfigKeys (ConfUtils.java:logGet(46)) - raft.server.log.statemachine.data.sync = true (default)
2024-02-27 07:08:52,338 [d20e48e4-5d22-4482-8ef9-383a12f89d83-groupManagement] INFO  server.RaftServerConfigKeys (ConfUtils.java:logGet(46)) - raft.server.log.statemachine.data.sync.timeout = 10s (default)
2024-02-27 07:08:52,338 [d20e48e4-5d22-4482-8ef9-383a12f89d83-groupManagement] INFO  server.RaftServerConfigKeys (ConfUtils.java:logGet(46)) - raft.server.log.statemachine.data.sync.timeout.retry = 0 (custom)
2024-02-27 07:08:52,337 [0ea19766-ee81-4032-bca9-1401e49b4249-groupManagement] INFO  server.RaftServerConfigKeys (ConfUtils.java:logGet(46)) - raft.server.log.use.memory = false (default)
2024-02-27 07:08:52,345 [0ea19766-ee81-4032-bca9-1401e49b4249-groupManagement] INFO  server.RaftServerConfigKeys (ConfUtils.java:logGet(46)) - raft.server.log.purge.gap = 1000000 (custom)
2024-02-27 07:08:52,345 [0ea19766-ee81-4032-bca9-1401e49b4249-groupManagement] INFO  server.RaftServerConfigKeys (ConfUtils.java:logGet(46)) - raft.server.log.appender.buffer.byte-limit = 8388608 (custom)
2024-02-27 07:08:52,345 [0ea19766-ee81-4032-bca9-1401e49b4249-groupManagement] INFO  server.RaftServerConfigKeys (ConfUtils.java:logGet(46)) - raft.server.log.statemachine.data.read.timeout = 1000ms (default)
2024-02-27 07:08:52,345 [0ea19766-ee81-4032-bca9-1401e49b4249-groupManagement] INFO  server.RaftServerConfigKeys (ConfUtils.java:logGet(46)) - raft.server.log.purge.preservation.log.num = 0 (default)
2024-02-27 07:08:52,339 [EventQueue-OpenPipelineForHealthyPipelineSafeModeRule] INFO  safemode.SCMSafeModeManager (HealthyPipelineSafeModeRule.java:process(140)) - SCM in safe mode. Healthy pipelines reported count is 0, required healthy pipeline reported count is 1
2024-02-27 07:08:52,338 [49a99776-1504-4c11-88b9-d65d97124402-groupManagement] INFO  server.RaftServerConfigKeys (ConfUtils.java:logGet(46)) - raft.server.storage.dir = [/home/runner/work/ozone/ozone/hadoop-ozone/integration-test/target/test-dir/MiniOzoneClusterImpl-73680b39-f248-4dab-999a-9bb96057e508/ozone-meta/datanode-1/ratis] (custom)
2024-02-27 07:08:52,346 [49a99776-1504-4c11-88b9-d65d97124402-groupManagement] INFO  storage.RaftStorageDirectory (RaftStorageDirectoryImpl.java:analyzeStorage(138)) - The storage directory /home/runner/work/ozone/ozone/hadoop-ozone/integration-test/target/test-dir/MiniOzoneClusterImpl-73680b39-f248-4dab-999a-9bb96057e508/ozone-meta/datanode-1/ratis/eb8da95c-6a97-40e9-81cb-2f02199c2bfb does not exist. Creating ...
2024-02-27 07:08:52,347 [d20e48e4-5d22-4482-8ef9-383a12f89d83-groupManagement] INFO  server.RaftServerConfigKeys (ConfUtils.java:logGet(46)) - raft.server.log.write.buffer.size = 8388616 (custom)
2024-02-27 07:08:52,347 [49a99776-1504-4c11-88b9-d65d97124402-groupManagement] INFO  storage.RaftStorageDirectory (RaftStorageDirectoryImpl.java:tryLock(228)) - Lock on /home/runner/work/ozone/ozone/hadoop-ozone/integration-test/target/test-dir/MiniOzoneClusterImpl-73680b39-f248-4dab-999a-9bb96057e508/ozone-meta/datanode-1/ratis/eb8da95c-6a97-40e9-81cb-2f02199c2bfb/in_use.lock acquired by nodename 20488@fv-az1496-250
2024-02-27 07:08:52,349 [d20e48e4-5d22-4482-8ef9-383a12f89d83-groupManagement] INFO  server.RaftServerConfigKeys (ConfUtils.java:logGet(46)) - raft.server.log.appender.buffer.byte-limit = 8388608 (custom)
2024-02-27 07:08:52,349 [d20e48e4-5d22-4482-8ef9-383a12f89d83-groupManagement] INFO  server.RaftServerConfigKeys (ConfUtils.java:logGet(46)) - raft.server.log.unsafe-flush.enabled = false (default)
2024-02-27 07:08:52,349 [d20e48e4-5d22-4482-8ef9-383a12f89d83-groupManagement] INFO  server.RaftServerConfigKeys (ConfUtils.java:logGet(46)) - raft.server.log.async-flush.enabled = false (default)
2024-02-27 07:08:52,349 [d20e48e4-5d22-4482-8ef9-383a12f89d83-groupManagement] INFO  server.RaftServerConfigKeys (ConfUtils.java:logGet(46)) - raft.server.log.statemachine.data.caching.enabled = true (custom)
2024-02-27 07:08:52,349 [d20e48e4-5d22-4482-8ef9-383a12f89d83-groupManagement] INFO  segmented.SegmentedRaftLogWorker (SegmentedRaftLogWorker.java:lambda$new$0(134)) - d20e48e4-5d22-4482-8ef9-383a12f89d83@group-2F02199C2BFB-SegmentedRaftLogWorker: flushIndex: setUnconditionally 0 -> -1
2024-02-27 07:08:52,349 [d20e48e4-5d22-4482-8ef9-383a12f89d83-groupManagement] INFO  segmented.SegmentedRaftLogWorker (SegmentedRaftLogWorker.java:lambda$new$0(134)) - d20e48e4-5d22-4482-8ef9-383a12f89d83@group-2F02199C2BFB-SegmentedRaftLogWorker: safeCacheEvictIndex: setUnconditionally 0 -> -1
2024-02-27 07:08:52,351 [27436771-b26a-47df-862e-42af51f21969-groupManagement] INFO  server.RaftServerConfigKeys (ConfUtils.java:logGet(46)) - raft.server.log.segment.size.max = 67108864 (custom)
2024-02-27 07:08:52,352 [27436771-b26a-47df-862e-42af51f21969-groupManagement] INFO  server.RaftServerConfigKeys (ConfUtils.java:logGet(46)) - raft.server.log.segment.cache.num.max = 2 (custom)
2024-02-27 07:08:52,352 [27436771-b26a-47df-862e-42af51f21969-groupManagement] INFO  server.RaftServerConfigKeys (ConfUtils.java:logGet(46)) - raft.server.log.segment.cache.size.max = 200MB (=209715200) (default)
2024-02-27 07:08:52,352 [27436771-b26a-47df-862e-42af51f21969-groupManagement] INFO  server.RaftServerConfigKeys (ConfUtils.java:logGet(46)) - raft.server.log.appender.buffer.byte-limit = 8388608 (custom)
2024-02-27 07:08:52,353 [d20e48e4-5d22-4482-8ef9-383a12f89d83-groupManagement] INFO  server.RaftServer$Division (RaftServerImpl.java:start(396)) - d20e48e4-5d22-4482-8ef9-383a12f89d83@group-2F02199C2BFB: start as a follower, conf=-1: peers:[d20e48e4-5d22-4482-8ef9-383a12f89d83|10.1.0.21:15032, 49a99776-1504-4c11-88b9-d65d97124402|10.1.0.21:15014, 0ea19766-ee81-4032-bca9-1401e49b4249|10.1.0.21:15023]|listeners:[], old=null
2024-02-27 07:08:52,353 [d20e48e4-5d22-4482-8ef9-383a12f89d83-groupManagement] INFO  server.RaftServer$Division (RaftServerImpl.java:setRole(383)) - d20e48e4-5d22-4482-8ef9-383a12f89d83@group-2F02199C2BFB: changes role from      null to FOLLOWER at term 0 for startAsFollower
2024-02-27 07:08:52,354 [d20e48e4-5d22-4482-8ef9-383a12f89d83-groupManagement] INFO  impl.RoleInfo (RoleInfo.java:updateAndGet(139)) - d20e48e4-5d22-4482-8ef9-383a12f89d83: start d20e48e4-5d22-4482-8ef9-383a12f89d83@group-2F02199C2BFB-FollowerState
2024-02-27 07:08:52,354 [0ea19766-ee81-4032-bca9-1401e49b4249-groupManagement] INFO  server.RaftServerConfigKeys (ConfUtils.java:logGet(46)) - raft.server.log.segment.size.max = 67108864 (custom)
2024-02-27 07:08:52,354 [0ea19766-ee81-4032-bca9-1401e49b4249-groupManagement] INFO  server.RaftServerConfigKeys (ConfUtils.java:logGet(46)) - raft.server.log.segment.cache.num.max = 2 (custom)
2024-02-27 07:08:52,354 [0ea19766-ee81-4032-bca9-1401e49b4249-groupManagement] INFO  server.RaftServerConfigKeys (ConfUtils.java:logGet(46)) - raft.server.log.segment.cache.size.max = 200MB (=209715200) (default)
2024-02-27 07:08:52,354 [0ea19766-ee81-4032-bca9-1401e49b4249-groupManagement] INFO  server.RaftServerConfigKeys (ConfUtils.java:logGet(46)) - raft.server.log.appender.buffer.byte-limit = 8388608 (custom)
2024-02-27 07:08:52,349 [49a99776-1504-4c11-88b9-d65d97124402-groupManagement] INFO  storage.RaftStorage (RaftStorageImpl.java:format(99)) - Storage directory /home/runner/work/ozone/ozone/hadoop-ozone/integration-test/target/test-dir/MiniOzoneClusterImpl-73680b39-f248-4dab-999a-9bb96057e508/ozone-meta/datanode-1/ratis/eb8da95c-6a97-40e9-81cb-2f02199c2bfb has been successfully formatted.
2024-02-27 07:08:52,355 [49a99776-1504-4c11-88b9-d65d97124402-groupManagement] WARN  util.FileUtils (LogUtils.java:supplyAndLog(63)) - Failed to Files.newInputStream /home/runner/work/ozone/ozone/hadoop-ozone/integration-test/target/test-dir/MiniOzoneClusterImpl-73680b39-f248-4dab-999a-9bb96057e508/ozone-meta/datanode-1/ratis/eb8da95c-6a97-40e9-81cb-2f02199c2bfb/current/raft-meta.conf with options []: java.nio.file.NoSuchFileException: /home/runner/work/ozone/ozone/hadoop-ozone/integration-test/target/test-dir/MiniOzoneClusterImpl-73680b39-f248-4dab-999a-9bb96057e508/ozone-meta/datanode-1/ratis/eb8da95c-6a97-40e9-81cb-2f02199c2bfb/current/raft-meta.conf
2024-02-27 07:08:52,357 [d20e48e4-5d22-4482-8ef9-383a12f89d83@group-2F02199C2BFB-FollowerState] INFO  server.RaftServerConfigKeys (ConfUtils.java:logFallback(53)) - raft.server.rpc.first-election.timeout.min = 5s (fallback to raft.server.rpc.timeout.min)
2024-02-27 07:08:52,357 [d20e48e4-5d22-4482-8ef9-383a12f89d83-groupManagement] INFO  util.JmxRegister (JmxRegister.java:tryRegister(44)) - Successfully registered JMX Bean with object name Ratis:service=RaftServer,group=group-2F02199C2BFB,id=d20e48e4-5d22-4482-8ef9-383a12f89d83
2024-02-27 07:08:52,361 [d20e48e4-5d22-4482-8ef9-383a12f89d83-groupManagement] INFO  server.RaftServerConfigKeys (ConfUtils.java:logGet(46)) - raft.server.snapshot.trigger-when-stop.enabled = true (default)
2024-02-27 07:08:52,361 [d20e48e4-5d22-4482-8ef9-383a12f89d83-groupManagement] INFO  server.RaftServerConfigKeys (ConfUtils.java:logGet(46)) - raft.server.snapshot.auto.trigger.enabled = true (custom)
2024-02-27 07:08:52,361 [d20e48e4-5d22-4482-8ef9-383a12f89d83-groupManagement] INFO  server.RaftServerConfigKeys (ConfUtils.java:logGet(46)) - raft.server.snapshot.auto.trigger.threshold = 10000 (custom)
2024-02-27 07:08:52,361 [d20e48e4-5d22-4482-8ef9-383a12f89d83-groupManagement] INFO  server.RaftServerConfigKeys (ConfUtils.java:logGet(46)) - raft.server.snapshot.retention.file.num = 5 (custom)
2024-02-27 07:08:52,361 [d20e48e4-5d22-4482-8ef9-383a12f89d83-groupManagement] INFO  server.RaftServerConfigKeys (ConfUtils.java:logGet(46)) - raft.server.log.purge.upto.snapshot.index = false (default)
2024-02-27 07:08:52,360 [0ea19766-ee81-4032-bca9-1401e49b4249-groupManagement] INFO  util.AwaitToRun (AwaitToRun.java:start(81)) - Thread[0ea19766-ee81-4032-bca9-1401e49b4249@group-2F02199C2BFB-cacheEviction-AwaitToRun,5,main] started
2024-02-27 07:08:52,366 [0ea19766-ee81-4032-bca9-1401e49b4249-groupManagement] INFO  segmented.SegmentedRaftLogWorker (SegmentedRaftLogWorker.java:<init>(182)) - new 0ea19766-ee81-4032-bca9-1401e49b4249@group-2F02199C2BFB-SegmentedRaftLogWorker for RaftStorageImpl:Storage Directory /home/runner/work/ozone/ozone/hadoop-ozone/integration-test/target/test-dir/MiniOzoneClusterImpl-73680b39-f248-4dab-999a-9bb96057e508/ozone-meta/datanode-2/ratis/eb8da95c-6a97-40e9-81cb-2f02199c2bfb
2024-02-27 07:08:52,357 [d20e48e4-5d22-4482-8ef9-383a12f89d83@group-2F02199C2BFB-FollowerState] INFO  server.RaftServerConfigKeys (ConfUtils.java:logFallback(53)) - raft.server.rpc.first-election.timeout.max = 5200ms (fallback to raft.server.rpc.timeout.max)
2024-02-27 07:08:52,360 [49a99776-1504-4c11-88b9-d65d97124402-groupManagement] INFO  ratis.ContainerStateMachine (ContainerStateMachine.java:loadSnapshot(287)) - group-2F02199C2BFB: The snapshot info is null. Setting the last applied index to:(t:0, i:~)
2024-02-27 07:08:52,360 [27436771-b26a-47df-862e-42af51f21969-groupManagement] INFO  util.AwaitToRun (AwaitToRun.java:start(81)) - Thread[27436771-b26a-47df-862e-42af51f21969@group-A9AB421414B8-cacheEviction-AwaitToRun,5,main] started
2024-02-27 07:08:52,367 [27436771-b26a-47df-862e-42af51f21969-groupManagement] INFO  segmented.SegmentedRaftLogWorker (SegmentedRaftLogWorker.java:<init>(182)) - new 27436771-b26a-47df-862e-42af51f21969@group-A9AB421414B8-SegmentedRaftLogWorker for RaftStorageImpl:Storage Directory /home/runner/work/ozone/ozone/hadoop-ozone/integration-test/target/test-dir/MiniOzoneClusterImpl-73680b39-f248-4dab-999a-9bb96057e508/ozone-meta/datanode-5/ratis/f98a6c90-d14b-4e93-8b98-a9ab421414b8
2024-02-27 07:08:52,367 [27436771-b26a-47df-862e-42af51f21969-groupManagement] INFO  server.RaftServerConfigKeys (ConfUtils.java:logGet(46)) - raft.server.log.queue.byte-limit = 4294967296 (custom)
2024-02-27 07:08:52,367 [27436771-b26a-47df-862e-42af51f21969-groupManagement] INFO  server.RaftServerConfigKeys (ConfUtils.java:logGet(46)) - raft.server.log.queue.element-limit = 1024 (custom)
2024-02-27 07:08:52,367 [27436771-b26a-47df-862e-42af51f21969-groupManagement] INFO  server.RaftServerConfigKeys (ConfUtils.java:logGet(46)) - raft.server.log.segment.size.max = 67108864 (custom)
2024-02-27 07:08:52,367 [27436771-b26a-47df-862e-42af51f21969-groupManagement] INFO  server.RaftServerConfigKeys (ConfUtils.java:logGet(46)) - raft.server.log.preallocated.size = 4194304 (custom)
2024-02-27 07:08:52,367 [27436771-b26a-47df-862e-42af51f21969-groupManagement] INFO  server.RaftServerConfigKeys (ConfUtils.java:logGet(46)) - raft.server.log.force.sync.num = 128 (default)
2024-02-27 07:08:52,367 [49a99776-1504-4c11-88b9-d65d97124402-groupManagement] INFO  server.RaftServerConfigKeys (ConfUtils.java:logGet(46)) - raft.server.log.use.memory = false (default)
2024-02-27 07:08:52,368 [49a99776-1504-4c11-88b9-d65d97124402-groupManagement] INFO  server.RaftServerConfigKeys (ConfUtils.java:logGet(46)) - raft.server.log.purge.gap = 1000000 (custom)
2024-02-27 07:08:52,368 [49a99776-1504-4c11-88b9-d65d97124402-groupManagement] INFO  server.RaftServerConfigKeys (ConfUtils.java:logGet(46)) - raft.server.log.appender.buffer.byte-limit = 8388608 (custom)
2024-02-27 07:08:52,368 [49a99776-1504-4c11-88b9-d65d97124402-groupManagement] INFO  server.RaftServerConfigKeys (ConfUtils.java:logGet(46)) - raft.server.log.statemachine.data.read.timeout = 1000ms (default)
2024-02-27 07:08:52,368 [49a99776-1504-4c11-88b9-d65d97124402-groupManagement] INFO  server.RaftServerConfigKeys (ConfUtils.java:logGet(46)) - raft.server.log.purge.preservation.log.num = 0 (default)
2024-02-27 07:08:52,367 [0ea19766-ee81-4032-bca9-1401e49b4249-groupManagement] INFO  server.RaftServerConfigKeys (ConfUtils.java:logGet(46)) - raft.server.log.queue.byte-limit = 4294967296 (custom)
2024-02-27 07:08:52,369 [0ea19766-ee81-4032-bca9-1401e49b4249-groupManagement] INFO  server.RaftServerConfigKeys (ConfUtils.java:logGet(46)) - raft.server.log.queue.element-limit = 1024 (custom)
2024-02-27 07:08:52,369 [0ea19766-ee81-4032-bca9-1401e49b4249-groupManagement] INFO  server.RaftServerConfigKeys (ConfUtils.java:logGet(46)) - raft.server.log.segment.size.max = 67108864 (custom)
2024-02-27 07:08:52,369 [0ea19766-ee81-4032-bca9-1401e49b4249-groupManagement] INFO  server.RaftServerConfigKeys (ConfUtils.java:logGet(46)) - raft.server.log.preallocated.size = 4194304 (custom)
2024-02-27 07:08:52,369 [0ea19766-ee81-4032-bca9-1401e49b4249-groupManagement] INFO  server.RaftServerConfigKeys (ConfUtils.java:logGet(46)) - raft.server.log.force.sync.num = 128 (default)
2024-02-27 07:08:52,369 [0ea19766-ee81-4032-bca9-1401e49b4249-groupManagement] INFO  server.RaftServerConfigKeys (ConfUtils.java:logGet(46)) - raft.server.log.statemachine.data.sync = true (default)
2024-02-27 07:08:52,369 [0ea19766-ee81-4032-bca9-1401e49b4249-groupManagement] INFO  server.RaftServerConfigKeys (ConfUtils.java:logGet(46)) - raft.server.log.statemachine.data.sync.timeout = 10s (default)
2024-02-27 07:08:52,369 [0ea19766-ee81-4032-bca9-1401e49b4249-groupManagement] INFO  server.RaftServerConfigKeys (ConfUtils.java:logGet(46)) - raft.server.log.statemachine.data.sync.timeout.retry = 0 (custom)
2024-02-27 07:08:52,368 [d20e48e4-5d22-4482-8ef9-383a12f89d83-PipelineCommandHandlerThread-0] INFO  ratis.XceiverServerRatis (XceiverServerRatis.java:addGroup(864)) - Created group PipelineID=eb8da95c-6a97-40e9-81cb-2f02199c2bfb
2024-02-27 07:08:52,367 [EventQueue-OpenPipelineForHealthyPipelineSafeModeRule] INFO  safemode.SCMSafeModeManager (HealthyPipelineSafeModeRule.java:process(140)) - SCM in safe mode. Healthy pipelines reported count is 0, required healthy pipeline reported count is 1
2024-02-27 07:08:52,372 [0ea19766-ee81-4032-bca9-1401e49b4249-groupManagement] INFO  server.RaftServerConfigKeys (ConfUtils.java:logGet(46)) - raft.server.log.write.buffer.size = 8388616 (custom)
2024-02-27 07:08:52,373 [0ea19766-ee81-4032-bca9-1401e49b4249-groupManagement] INFO  server.RaftServerConfigKeys (ConfUtils.java:logGet(46)) - raft.server.log.appender.buffer.byte-limit = 8388608 (custom)
2024-02-27 07:08:52,374 [49a99776-1504-4c11-88b9-d65d97124402-groupManagement] INFO  server.RaftServerConfigKeys (ConfUtils.java:logGet(46)) - raft.server.log.segment.size.max = 67108864 (custom)
2024-02-27 07:08:52,374 [0ea19766-ee81-4032-bca9-1401e49b4249-groupManagement] INFO  server.RaftServerConfigKeys (ConfUtils.java:logGet(46)) - raft.server.log.unsafe-flush.enabled = false (default)
2024-02-27 07:08:52,374 [0ea19766-ee81-4032-bca9-1401e49b4249-groupManagement] INFO  server.RaftServerConfigKeys (ConfUtils.java:logGet(46)) - raft.server.log.async-flush.enabled = false (default)
2024-02-27 07:08:52,374 [0ea19766-ee81-4032-bca9-1401e49b4249-groupManagement] INFO  server.RaftServerConfigKeys (ConfUtils.java:logGet(46)) - raft.server.log.statemachine.data.caching.enabled = true (custom)
2024-02-27 07:08:52,374 [49a99776-1504-4c11-88b9-d65d97124402-groupManagement] INFO  server.RaftServerConfigKeys (ConfUtils.java:logGet(46)) - raft.server.log.segment.cache.num.max = 2 (custom)
2024-02-27 07:08:52,374 [0ea19766-ee81-4032-bca9-1401e49b4249-groupManagement] INFO  segmented.SegmentedRaftLogWorker (SegmentedRaftLogWorker.java:lambda$new$0(134)) - 0ea19766-ee81-4032-bca9-1401e49b4249@group-2F02199C2BFB-SegmentedRaftLogWorker: flushIndex: setUnconditionally 0 -> -1
2024-02-27 07:08:52,374 [0ea19766-ee81-4032-bca9-1401e49b4249-groupManagement] INFO  segmented.SegmentedRaftLogWorker (SegmentedRaftLogWorker.java:lambda$new$0(134)) - 0ea19766-ee81-4032-bca9-1401e49b4249@group-2F02199C2BFB-SegmentedRaftLogWorker: safeCacheEvictIndex: setUnconditionally 0 -> -1
2024-02-27 07:08:52,375 [27436771-b26a-47df-862e-42af51f21969-groupManagement] INFO  server.RaftServerConfigKeys (ConfUtils.java:logGet(46)) - raft.server.log.statemachine.data.sync = true (default)
2024-02-27 07:08:52,375 [27436771-b26a-47df-862e-42af51f21969-groupManagement] INFO  server.RaftServerConfigKeys (ConfUtils.java:logGet(46)) - raft.server.log.statemachine.data.sync.timeout = 10s (default)
2024-02-27 07:08:52,375 [27436771-b26a-47df-862e-42af51f21969-groupManagement] INFO  server.RaftServerConfigKeys (ConfUtils.java:logGet(46)) - raft.server.log.statemachine.data.sync.timeout.retry = 0 (custom)
2024-02-27 07:08:52,374 [49a99776-1504-4c11-88b9-d65d97124402-groupManagement] INFO  server.RaftServerConfigKeys (ConfUtils.java:logGet(46)) - raft.server.log.segment.cache.size.max = 200MB (=209715200) (default)
2024-02-27 07:08:52,375 [49a99776-1504-4c11-88b9-d65d97124402-groupManagement] INFO  server.RaftServerConfigKeys (ConfUtils.java:logGet(46)) - raft.server.log.appender.buffer.byte-limit = 8388608 (custom)
2024-02-27 07:08:52,376 [27436771-b26a-47df-862e-42af51f21969-groupManagement] INFO  server.RaftServerConfigKeys (ConfUtils.java:logGet(46)) - raft.server.log.write.buffer.size = 8388616 (custom)
2024-02-27 07:08:52,377 [0ea19766-ee81-4032-bca9-1401e49b4249-groupManagement] INFO  server.RaftServer$Division (RaftServerImpl.java:start(396)) - 0ea19766-ee81-4032-bca9-1401e49b4249@group-2F02199C2BFB: start as a follower, conf=-1: peers:[d20e48e4-5d22-4482-8ef9-383a12f89d83|10.1.0.21:15032, 49a99776-1504-4c11-88b9-d65d97124402|10.1.0.21:15014, 0ea19766-ee81-4032-bca9-1401e49b4249|10.1.0.21:15023]|listeners:[], old=null
2024-02-27 07:08:52,377 [0ea19766-ee81-4032-bca9-1401e49b4249-groupManagement] INFO  server.RaftServer$Division (RaftServerImpl.java:setRole(383)) - 0ea19766-ee81-4032-bca9-1401e49b4249@group-2F02199C2BFB: changes role from      null to FOLLOWER at term 0 for startAsFollower
2024-02-27 07:08:52,377 [0ea19766-ee81-4032-bca9-1401e49b4249-groupManagement] INFO  impl.RoleInfo (RoleInfo.java:updateAndGet(139)) - 0ea19766-ee81-4032-bca9-1401e49b4249: start 0ea19766-ee81-4032-bca9-1401e49b4249@group-2F02199C2BFB-FollowerState
2024-02-27 07:08:52,378 [27436771-b26a-47df-862e-42af51f21969-groupManagement] INFO  server.RaftServerConfigKeys (ConfUtils.java:logGet(46)) - raft.server.log.appender.buffer.byte-limit = 8388608 (custom)
2024-02-27 07:08:52,379 [27436771-b26a-47df-862e-42af51f21969-groupManagement] INFO  server.RaftServerConfigKeys (ConfUtils.java:logGet(46)) - raft.server.log.unsafe-flush.enabled = false (default)
2024-02-27 07:08:52,380 [27436771-b26a-47df-862e-42af51f21969-groupManagement] INFO  server.RaftServerConfigKeys (ConfUtils.java:logGet(46)) - raft.server.log.async-flush.enabled = false (default)
2024-02-27 07:08:52,380 [27436771-b26a-47df-862e-42af51f21969-groupManagement] INFO  server.RaftServerConfigKeys (ConfUtils.java:logGet(46)) - raft.server.log.statemachine.data.caching.enabled = true (custom)
2024-02-27 07:08:52,381 [27436771-b26a-47df-862e-42af51f21969-groupManagement] INFO  segmented.SegmentedRaftLogWorker (SegmentedRaftLogWorker.java:lambda$new$0(134)) - 27436771-b26a-47df-862e-42af51f21969@group-A9AB421414B8-SegmentedRaftLogWorker: flushIndex: setUnconditionally 0 -> -1
2024-02-27 07:08:52,381 [27436771-b26a-47df-862e-42af51f21969-groupManagement] INFO  segmented.SegmentedRaftLogWorker (SegmentedRaftLogWorker.java:lambda$new$0(134)) - 27436771-b26a-47df-862e-42af51f21969@group-A9AB421414B8-SegmentedRaftLogWorker: safeCacheEvictIndex: setUnconditionally 0 -> -1
2024-02-27 07:08:52,381 [0ea19766-ee81-4032-bca9-1401e49b4249-groupManagement] INFO  util.JmxRegister (JmxRegister.java:tryRegister(44)) - Successfully registered JMX Bean with object name Ratis:service=RaftServer,group=group-2F02199C2BFB,id=0ea19766-ee81-4032-bca9-1401e49b4249
2024-02-27 07:08:52,382 [0ea19766-ee81-4032-bca9-1401e49b4249-groupManagement] INFO  server.RaftServerConfigKeys (ConfUtils.java:logGet(46)) - raft.server.snapshot.trigger-when-stop.enabled = true (default)
2024-02-27 07:08:52,388 [27436771-b26a-47df-862e-42af51f21969-groupManagement] INFO  server.RaftServer$Division (RaftServerImpl.java:start(396)) - 27436771-b26a-47df-862e-42af51f21969@group-A9AB421414B8: start as a follower, conf=-1: peers:[27436771-b26a-47df-862e-42af51f21969|10.1.0.21:15050]|listeners:[], old=null
2024-02-27 07:08:52,390 [27436771-b26a-47df-862e-42af51f21969-groupManagement] INFO  server.RaftServer$Division (RaftServerImpl.java:setRole(383)) - 27436771-b26a-47df-862e-42af51f21969@group-A9AB421414B8: changes role from      null to FOLLOWER at term 0 for startAsFollower
2024-02-27 07:08:52,390 [27436771-b26a-47df-862e-42af51f21969-groupManagement] INFO  impl.RoleInfo (RoleInfo.java:updateAndGet(139)) - 27436771-b26a-47df-862e-42af51f21969: start 27436771-b26a-47df-862e-42af51f21969@group-A9AB421414B8-FollowerState
2024-02-27 07:08:52,391 [27436771-b26a-47df-862e-42af51f21969-groupManagement] INFO  util.JmxRegister (JmxRegister.java:tryRegister(44)) - Successfully registered JMX Bean with object name Ratis:service=RaftServer,group=group-A9AB421414B8,id=27436771-b26a-47df-862e-42af51f21969
2024-02-27 07:08:52,391 [27436771-b26a-47df-862e-42af51f21969-groupManagement] INFO  server.RaftServerConfigKeys (ConfUtils.java:logGet(46)) - raft.server.snapshot.trigger-when-stop.enabled = true (default)
2024-02-27 07:08:52,391 [27436771-b26a-47df-862e-42af51f21969-groupManagement] INFO  server.RaftServerConfigKeys (ConfUtils.java:logGet(46)) - raft.server.snapshot.auto.trigger.enabled = true (custom)
2024-02-27 07:08:52,393 [27436771-b26a-47df-862e-42af51f21969-groupManagement] INFO  server.RaftServerConfigKeys (ConfUtils.java:logGet(46)) - raft.server.snapshot.auto.trigger.threshold = 10000 (custom)
2024-02-27 07:08:52,393 [27436771-b26a-47df-862e-42af51f21969-groupManagement] INFO  server.RaftServerConfigKeys (ConfUtils.java:logGet(46)) - raft.server.snapshot.retention.file.num = 5 (custom)
2024-02-27 07:08:52,393 [27436771-b26a-47df-862e-42af51f21969-groupManagement] INFO  server.RaftServerConfigKeys (ConfUtils.java:logGet(46)) - raft.server.log.purge.upto.snapshot.index = false (default)
2024-02-27 07:08:52,384 [0ea19766-ee81-4032-bca9-1401e49b4249@group-2F02199C2BFB-FollowerState] INFO  server.RaftServerConfigKeys (ConfUtils.java:logFallback(53)) - raft.server.rpc.first-election.timeout.min = 5s (fallback to raft.server.rpc.timeout.min)
2024-02-27 07:08:52,383 [49a99776-1504-4c11-88b9-d65d97124402-groupManagement] INFO  util.AwaitToRun (AwaitToRun.java:start(81)) - Thread[49a99776-1504-4c11-88b9-d65d97124402@group-2F02199C2BFB-cacheEviction-AwaitToRun,5,main] started
2024-02-27 07:08:52,396 [49a99776-1504-4c11-88b9-d65d97124402-groupManagement] INFO  segmented.SegmentedRaftLogWorker (SegmentedRaftLogWorker.java:<init>(182)) - new 49a99776-1504-4c11-88b9-d65d97124402@group-2F02199C2BFB-SegmentedRaftLogWorker for RaftStorageImpl:Storage Directory /home/runner/work/ozone/ozone/hadoop-ozone/integration-test/target/test-dir/MiniOzoneClusterImpl-73680b39-f248-4dab-999a-9bb96057e508/ozone-meta/datanode-1/ratis/eb8da95c-6a97-40e9-81cb-2f02199c2bfb
2024-02-27 07:08:52,396 [49a99776-1504-4c11-88b9-d65d97124402-groupManagement] INFO  server.RaftServerConfigKeys (ConfUtils.java:logGet(46)) - raft.server.log.queue.byte-limit = 4294967296 (custom)
2024-02-27 07:08:52,397 [49a99776-1504-4c11-88b9-d65d97124402-groupManagement] INFO  server.RaftServerConfigKeys (ConfUtils.java:logGet(46)) - raft.server.log.queue.element-limit = 1024 (custom)
2024-02-27 07:08:52,397 [49a99776-1504-4c11-88b9-d65d97124402-groupManagement] INFO  server.RaftServerConfigKeys (ConfUtils.java:logGet(46)) - raft.server.log.segment.size.max = 67108864 (custom)
2024-02-27 07:08:52,397 [49a99776-1504-4c11-88b9-d65d97124402-groupManagement] INFO  server.RaftServerConfigKeys (ConfUtils.java:logGet(46)) - raft.server.log.preallocated.size = 4194304 (custom)
2024-02-27 07:08:52,397 [49a99776-1504-4c11-88b9-d65d97124402-groupManagement] INFO  server.RaftServerConfigKeys (ConfUtils.java:logGet(46)) - raft.server.log.force.sync.num = 128 (default)
2024-02-27 07:08:52,397 [49a99776-1504-4c11-88b9-d65d97124402-groupManagement] INFO  server.RaftServerConfigKeys (ConfUtils.java:logGet(46)) - raft.server.log.statemachine.data.sync = true (default)
2024-02-27 07:08:52,397 [49a99776-1504-4c11-88b9-d65d97124402-groupManagement] INFO  server.RaftServerConfigKeys (ConfUtils.java:logGet(46)) - raft.server.log.statemachine.data.sync.timeout = 10s (default)
2024-02-27 07:08:52,397 [49a99776-1504-4c11-88b9-d65d97124402-groupManagement] INFO  server.RaftServerConfigKeys (ConfUtils.java:logGet(46)) - raft.server.log.statemachine.data.sync.timeout.retry = 0 (custom)
2024-02-27 07:08:52,398 [49a99776-1504-4c11-88b9-d65d97124402-groupManagement] INFO  server.RaftServerConfigKeys (ConfUtils.java:logGet(46)) - raft.server.log.write.buffer.size = 8388616 (custom)
2024-02-27 07:08:52,399 [49a99776-1504-4c11-88b9-d65d97124402-groupManagement] INFO  server.RaftServerConfigKeys (ConfUtils.java:logGet(46)) - raft.server.log.appender.buffer.byte-limit = 8388608 (custom)
2024-02-27 07:08:52,399 [49a99776-1504-4c11-88b9-d65d97124402-groupManagement] INFO  server.RaftServerConfigKeys (ConfUtils.java:logGet(46)) - raft.server.log.unsafe-flush.enabled = false (default)
2024-02-27 07:08:52,399 [49a99776-1504-4c11-88b9-d65d97124402-groupManagement] INFO  server.RaftServerConfigKeys (ConfUtils.java:logGet(46)) - raft.server.log.async-flush.enabled = false (default)
2024-02-27 07:08:52,399 [49a99776-1504-4c11-88b9-d65d97124402-groupManagement] INFO  server.RaftServerConfigKeys (ConfUtils.java:logGet(46)) - raft.server.log.statemachine.data.caching.enabled = true (custom)
2024-02-27 07:08:52,400 [49a99776-1504-4c11-88b9-d65d97124402-groupManagement] INFO  segmented.SegmentedRaftLogWorker (SegmentedRaftLogWorker.java:lambda$new$0(134)) - 49a99776-1504-4c11-88b9-d65d97124402@group-2F02199C2BFB-SegmentedRaftLogWorker: flushIndex: setUnconditionally 0 -> -1
2024-02-27 07:08:52,400 [49a99776-1504-4c11-88b9-d65d97124402-groupManagement] INFO  segmented.SegmentedRaftLogWorker (SegmentedRaftLogWorker.java:lambda$new$0(134)) - 49a99776-1504-4c11-88b9-d65d97124402@group-2F02199C2BFB-SegmentedRaftLogWorker: safeCacheEvictIndex: setUnconditionally 0 -> -1
2024-02-27 07:08:52,396 [0ea19766-ee81-4032-bca9-1401e49b4249@group-2F02199C2BFB-FollowerState] INFO  server.RaftServerConfigKeys (ConfUtils.java:logFallback(53)) - raft.server.rpc.first-election.timeout.max = 5200ms (fallback to raft.server.rpc.timeout.max)
2024-02-27 07:08:52,391 [27436771-b26a-47df-862e-42af51f21969@group-A9AB421414B8-FollowerState] INFO  server.RaftServerConfigKeys (ConfUtils.java:logFallback(53)) - raft.server.rpc.first-election.timeout.min = 5s (fallback to raft.server.rpc.timeout.min)
2024-02-27 07:08:52,400 [27436771-b26a-47df-862e-42af51f21969@group-A9AB421414B8-FollowerState] INFO  server.RaftServerConfigKeys (ConfUtils.java:logFallback(53)) - raft.server.rpc.first-election.timeout.max = 5200ms (fallback to raft.server.rpc.timeout.max)
2024-02-27 07:08:52,388 [0ea19766-ee81-4032-bca9-1401e49b4249-groupManagement] INFO  server.RaftServerConfigKeys (ConfUtils.java:logGet(46)) - raft.server.snapshot.auto.trigger.enabled = true (custom)
2024-02-27 07:08:52,400 [0ea19766-ee81-4032-bca9-1401e49b4249-groupManagement] INFO  server.RaftServerConfigKeys (ConfUtils.java:logGet(46)) - raft.server.snapshot.auto.trigger.threshold = 10000 (custom)
2024-02-27 07:08:52,400 [0ea19766-ee81-4032-bca9-1401e49b4249-groupManagement] INFO  server.RaftServerConfigKeys (ConfUtils.java:logGet(46)) - raft.server.snapshot.retention.file.num = 5 (custom)
2024-02-27 07:08:52,400 [0ea19766-ee81-4032-bca9-1401e49b4249-groupManagement] INFO  server.RaftServerConfigKeys (ConfUtils.java:logGet(46)) - raft.server.log.purge.upto.snapshot.index = false (default)
2024-02-27 07:08:52,401 [49a99776-1504-4c11-88b9-d65d97124402-groupManagement] INFO  server.RaftServer$Division (RaftServerImpl.java:start(396)) - 49a99776-1504-4c11-88b9-d65d97124402@group-2F02199C2BFB: start as a follower, conf=-1: peers:[d20e48e4-5d22-4482-8ef9-383a12f89d83|10.1.0.21:15032, 49a99776-1504-4c11-88b9-d65d97124402|10.1.0.21:15014, 0ea19766-ee81-4032-bca9-1401e49b4249|10.1.0.21:15023]|listeners:[], old=null
2024-02-27 07:08:52,401 [49a99776-1504-4c11-88b9-d65d97124402-groupManagement] INFO  server.RaftServer$Division (RaftServerImpl.java:setRole(383)) - 49a99776-1504-4c11-88b9-d65d97124402@group-2F02199C2BFB: changes role from      null to FOLLOWER at term 0 for startAsFollower
2024-02-27 07:08:52,401 [49a99776-1504-4c11-88b9-d65d97124402-groupManagement] INFO  impl.RoleInfo (RoleInfo.java:updateAndGet(139)) - 49a99776-1504-4c11-88b9-d65d97124402: start 49a99776-1504-4c11-88b9-d65d97124402@group-2F02199C2BFB-FollowerState
2024-02-27 07:08:52,401 [49a99776-1504-4c11-88b9-d65d97124402@group-2F02199C2BFB-FollowerState] INFO  server.RaftServerConfigKeys (ConfUtils.java:logFallback(53)) - raft.server.rpc.first-election.timeout.min = 5s (fallback to raft.server.rpc.timeout.min)
2024-02-27 07:08:52,401 [49a99776-1504-4c11-88b9-d65d97124402@group-2F02199C2BFB-FollowerState] INFO  server.RaftServerConfigKeys (ConfUtils.java:logFallback(53)) - raft.server.rpc.first-election.timeout.max = 5200ms (fallback to raft.server.rpc.timeout.max)
2024-02-27 07:08:52,405 [27436771-b26a-47df-862e-42af51f21969-PipelineCommandHandlerThread-0] INFO  ratis.XceiverServerRatis (XceiverServerRatis.java:addGroup(864)) - Created group PipelineID=f98a6c90-d14b-4e93-8b98-a9ab421414b8
2024-02-27 07:08:52,405 [27436771-b26a-47df-862e-42af51f21969-PipelineCommandHandlerThread-0] INFO  commandhandler.CreatePipelineCommandHandler (CreatePipelineCommandHandler.java:lambda$handle$2(124)) - Created Pipeline RATIS ONE PipelineID=f98a6c90-d14b-4e93-8b98-a9ab421414b8.
2024-02-27 07:08:52,409 [0ea19766-ee81-4032-bca9-1401e49b4249-PipelineCommandHandlerThread-0] INFO  ratis.XceiverServerRatis (XceiverServerRatis.java:addGroup(864)) - Created group PipelineID=eb8da95c-6a97-40e9-81cb-2f02199c2bfb
2024-02-27 07:08:52,405 [49a99776-1504-4c11-88b9-d65d97124402-groupManagement] INFO  util.JmxRegister (JmxRegister.java:tryRegister(44)) - Successfully registered JMX Bean with object name Ratis:service=RaftServer,group=group-2F02199C2BFB,id=49a99776-1504-4c11-88b9-d65d97124402
2024-02-27 07:08:52,415 [49a99776-1504-4c11-88b9-d65d97124402-groupManagement] INFO  server.RaftServerConfigKeys (ConfUtils.java:logGet(46)) - raft.server.snapshot.trigger-when-stop.enabled = true (default)
2024-02-27 07:08:52,415 [49a99776-1504-4c11-88b9-d65d97124402-groupManagement] INFO  server.RaftServerConfigKeys (ConfUtils.java:logGet(46)) - raft.server.snapshot.auto.trigger.enabled = true (custom)
2024-02-27 07:08:52,415 [49a99776-1504-4c11-88b9-d65d97124402-groupManagement] INFO  server.RaftServerConfigKeys (ConfUtils.java:logGet(46)) - raft.server.snapshot.auto.trigger.threshold = 10000 (custom)
2024-02-27 07:08:52,415 [49a99776-1504-4c11-88b9-d65d97124402-groupManagement] INFO  server.RaftServerConfigKeys (ConfUtils.java:logGet(46)) - raft.server.snapshot.retention.file.num = 5 (custom)
2024-02-27 07:08:52,415 [49a99776-1504-4c11-88b9-d65d97124402-groupManagement] INFO  server.RaftServerConfigKeys (ConfUtils.java:logGet(46)) - raft.server.log.purge.upto.snapshot.index = false (default)
2024-02-27 07:08:52,418 [49a99776-1504-4c11-88b9-d65d97124402-PipelineCommandHandlerThread-0] INFO  ratis.XceiverServerRatis (XceiverServerRatis.java:addGroup(864)) - Created group PipelineID=eb8da95c-6a97-40e9-81cb-2f02199c2bfb
2024-02-27 07:08:52,469 [d20e48e4-5d22-4482-8ef9-383a12f89d83-PipelineCommandHandlerThread-0] INFO  commandhandler.CreatePipelineCommandHandler (CreatePipelineCommandHandler.java:lambda$handle$2(124)) - Created Pipeline RATIS THREE PipelineID=eb8da95c-6a97-40e9-81cb-2f02199c2bfb.
2024-02-27 07:08:52,499 [0ea19766-ee81-4032-bca9-1401e49b4249-PipelineCommandHandlerThread-0] INFO  commandhandler.CreatePipelineCommandHandler (CreatePipelineCommandHandler.java:lambda$handle$2(124)) - Created Pipeline RATIS THREE PipelineID=eb8da95c-6a97-40e9-81cb-2f02199c2bfb.
2024-02-27 07:08:52,511 [49a99776-1504-4c11-88b9-d65d97124402-PipelineCommandHandlerThread-0] INFO  commandhandler.CreatePipelineCommandHandler (CreatePipelineCommandHandler.java:lambda$handle$2(124)) - Created Pipeline RATIS THREE PipelineID=eb8da95c-6a97-40e9-81cb-2f02199c2bfb.
2024-02-27 07:08:53,267 [main] INFO  ozone.MiniOzoneClusterImpl (MiniOzoneClusterImpl.java:lambda$waitForClusterToBeReady$0(195)) - Nodes are ready. Got 5 of 5 DN Heartbeats.
2024-02-27 07:08:53,267 [main] INFO  ozone.MiniOzoneClusterImpl (MiniOzoneClusterImpl.java:lambda$waitForClusterToBeReady$0(198)) - Waiting for cluster to exit safe mode
2024-02-27 07:08:53,268 [main] INFO  ozone.MiniOzoneClusterImpl (MiniOzoneClusterImpl.java:lambda$waitForClusterToBeReady$0(200)) - SCM became leader
2024-02-27 07:08:54,268 [main] INFO  ozone.MiniOzoneClusterImpl (MiniOzoneClusterImpl.java:lambda$waitForClusterToBeReady$0(195)) - Nodes are ready. Got 5 of 5 DN Heartbeats.
2024-02-27 07:08:54,268 [main] INFO  ozone.MiniOzoneClusterImpl (MiniOzoneClusterImpl.java:lambda$waitForClusterToBeReady$0(198)) - Waiting for cluster to exit safe mode
2024-02-27 07:08:54,268 [main] INFO  ozone.MiniOzoneClusterImpl (MiniOzoneClusterImpl.java:lambda$waitForClusterToBeReady$0(200)) - SCM became leader
2024-02-27 07:08:55,268 [main] INFO  ozone.MiniOzoneClusterImpl (MiniOzoneClusterImpl.java:lambda$waitForClusterToBeReady$0(195)) - Nodes are ready. Got 5 of 5 DN Heartbeats.
2024-02-27 07:08:55,269 [main] INFO  ozone.MiniOzoneClusterImpl (MiniOzoneClusterImpl.java:lambda$waitForClusterToBeReady$0(198)) - Waiting for cluster to exit safe mode
2024-02-27 07:08:55,269 [main] INFO  ozone.MiniOzoneClusterImpl (MiniOzoneClusterImpl.java:lambda$waitForClusterToBeReady$0(200)) - SCM became leader
2024-02-27 07:08:56,269 [main] INFO  ozone.MiniOzoneClusterImpl (MiniOzoneClusterImpl.java:lambda$waitForClusterToBeReady$0(195)) - Nodes are ready. Got 5 of 5 DN Heartbeats.
2024-02-27 07:08:56,269 [main] INFO  ozone.MiniOzoneClusterImpl (MiniOzoneClusterImpl.java:lambda$waitForClusterToBeReady$0(198)) - Waiting for cluster to exit safe mode
2024-02-27 07:08:56,270 [main] INFO  ozone.MiniOzoneClusterImpl (MiniOzoneClusterImpl.java:lambda$waitForClusterToBeReady$0(200)) - SCM became leader
2024-02-27 07:08:56,884 [0ea19766-ee81-4032-bca9-1401e49b4249@group-3D5D3AE82C65-FollowerState] INFO  impl.FollowerState (FollowerState.java:run(143)) - 0ea19766-ee81-4032-bca9-1401e49b4249@group-3D5D3AE82C65-FollowerState: change to CANDIDATE, lastRpcElapsedTime:5028028289ns, electionTimeout:5027ms
2024-02-27 07:08:56,884 [0ea19766-ee81-4032-bca9-1401e49b4249@group-3D5D3AE82C65-FollowerState] INFO  impl.RoleInfo (RoleInfo.java:shutdownFollowerState(110)) - 0ea19766-ee81-4032-bca9-1401e49b4249: shutdown 0ea19766-ee81-4032-bca9-1401e49b4249@group-3D5D3AE82C65-FollowerState
2024-02-27 07:08:56,884 [0ea19766-ee81-4032-bca9-1401e49b4249@group-3D5D3AE82C65-FollowerState] INFO  server.RaftServer$Division (RaftServerImpl.java:setRole(383)) - 0ea19766-ee81-4032-bca9-1401e49b4249@group-3D5D3AE82C65: changes role from  FOLLOWER to CANDIDATE at term 0 for changeToCandidate
2024-02-27 07:08:56,885 [0ea19766-ee81-4032-bca9-1401e49b4249@group-3D5D3AE82C65-FollowerState] INFO  server.RaftServerConfigKeys (ConfUtils.java:logGet(46)) - raft.server.leaderelection.pre-vote = true (default)
2024-02-27 07:08:56,885 [0ea19766-ee81-4032-bca9-1401e49b4249@group-3D5D3AE82C65-FollowerState] INFO  impl.RoleInfo (RoleInfo.java:updateAndGet(139)) - 0ea19766-ee81-4032-bca9-1401e49b4249: start 0ea19766-ee81-4032-bca9-1401e49b4249@group-3D5D3AE82C65-LeaderElection2
2024-02-27 07:08:56,887 [0ea19766-ee81-4032-bca9-1401e49b4249@group-3D5D3AE82C65-LeaderElection2] INFO  impl.LeaderElection (LeaderElection.java:askForVotes(321)) - 0ea19766-ee81-4032-bca9-1401e49b4249@group-3D5D3AE82C65-LeaderElection2 PRE_VOTE round 0: submit vote requests at term 0 for -1: peers:[0ea19766-ee81-4032-bca9-1401e49b4249|10.1.0.21:15023]|listeners:[], old=null
2024-02-27 07:08:56,887 [0ea19766-ee81-4032-bca9-1401e49b4249@group-3D5D3AE82C65-LeaderElection2] INFO  impl.LeaderElection (LeaderElection.java:askForVotes(323)) - 0ea19766-ee81-4032-bca9-1401e49b4249@group-3D5D3AE82C65-LeaderElection2 PRE_VOTE round 0: result PASSED (term=0)
2024-02-27 07:08:56,888 [0ea19766-ee81-4032-bca9-1401e49b4249@group-3D5D3AE82C65-LeaderElection2] INFO  impl.LeaderElection (LeaderElection.java:askForVotes(321)) - 0ea19766-ee81-4032-bca9-1401e49b4249@group-3D5D3AE82C65-LeaderElection2 ELECTION round 0: submit vote requests at term 1 for -1: peers:[0ea19766-ee81-4032-bca9-1401e49b4249|10.1.0.21:15023]|listeners:[], old=null
2024-02-27 07:08:56,888 [0ea19766-ee81-4032-bca9-1401e49b4249@group-3D5D3AE82C65-LeaderElection2] INFO  impl.LeaderElection (LeaderElection.java:askForVotes(323)) - 0ea19766-ee81-4032-bca9-1401e49b4249@group-3D5D3AE82C65-LeaderElection2 ELECTION round 0: result PASSED (term=1)
2024-02-27 07:08:56,888 [0ea19766-ee81-4032-bca9-1401e49b4249@group-3D5D3AE82C65-LeaderElection2] INFO  impl.RoleInfo (RoleInfo.java:shutdownLeaderElection(130)) - 0ea19766-ee81-4032-bca9-1401e49b4249: shutdown 0ea19766-ee81-4032-bca9-1401e49b4249@group-3D5D3AE82C65-LeaderElection2
2024-02-27 07:08:56,888 [0ea19766-ee81-4032-bca9-1401e49b4249@group-3D5D3AE82C65-LeaderElection2] INFO  server.RaftServer$Division (RaftServerImpl.java:setRole(383)) - 0ea19766-ee81-4032-bca9-1401e49b4249@group-3D5D3AE82C65: changes role from CANDIDATE to LEADER at term 1 for changeToLeader
2024-02-27 07:08:56,888 [0ea19766-ee81-4032-bca9-1401e49b4249@group-3D5D3AE82C65-LeaderElection2] INFO  server.RaftServerConfigKeys (ConfUtils.java:logGet(46)) - raft.server.staging.catchup.gap = 1000 (default)
2024-02-27 07:08:56,888 [0ea19766-ee81-4032-bca9-1401e49b4249@group-3D5D3AE82C65-LeaderElection2] INFO  server.RaftServerConfigKeys (ConfUtils.java:logGet(46)) - raft.server.write.element-limit = 1024 (custom)
2024-02-27 07:08:56,888 [0ea19766-ee81-4032-bca9-1401e49b4249@group-3D5D3AE82C65-LeaderElection2] INFO  server.RaftServerConfigKeys (ConfUtils.java:logGet(46)) - raft.server.write.byte-limit = 1024 M (=1073741824) (custom)
2024-02-27 07:08:56,889 [0ea19766-ee81-4032-bca9-1401e49b4249@group-3D5D3AE82C65-LeaderElection2] INFO  server.RaftServerConfigKeys (ConfUtils.java:logGet(46)) - raft.server.watch.timeout = 3000ms (custom)
2024-02-27 07:08:56,889 [0ea19766-ee81-4032-bca9-1401e49b4249@group-3D5D3AE82C65-LeaderElection2] INFO  server.RaftServerConfigKeys (ConfUtils.java:logGet(46)) - raft.server.watch.timeout.denomination = 1s (default)
2024-02-27 07:08:56,889 [0ea19766-ee81-4032-bca9-1401e49b4249@group-3D5D3AE82C65-LeaderElection2] INFO  server.RaftServerConfigKeys (ConfUtils.java:logGet(46)) - raft.server.watch.element-limit = 65536 (default)
2024-02-27 07:08:56,889 [0ea19766-ee81-4032-bca9-1401e49b4249@group-3D5D3AE82C65-LeaderElection2] INFO  server.RaftServerConfigKeys (ConfUtils.java:logGet(46)) - raft.server.read.leader.lease.enabled = false (default)
2024-02-27 07:08:56,889 [0ea19766-ee81-4032-bca9-1401e49b4249@group-3D5D3AE82C65-LeaderElection2] INFO  server.RaftServerConfigKeys (ConfUtils.java:logGet(46)) - raft.server.read.leader.lease.timeout.ratio = 0.9 (default)
2024-02-27 07:08:56,889 [0ea19766-ee81-4032-bca9-1401e49b4249@group-3D5D3AE82C65-LeaderElection2] INFO  server.RaftServerConfigKeys (ConfUtils.java:logGet(46)) - raft.server.rpc.timeout.min = 5s (custom)
2024-02-27 07:08:56,889 [0ea19766-ee81-4032-bca9-1401e49b4249@group-3D5D3AE82C65-LeaderElection2] INFO  server.RaftServerConfigKeys (ConfUtils.java:logGet(46)) - raft.server.write.element-limit = 1024 (custom)
2024-02-27 07:08:56,889 [0ea19766-ee81-4032-bca9-1401e49b4249@group-3D5D3AE82C65-LeaderElection2] INFO  server.RaftServerConfigKeys (ConfUtils.java:logGet(46)) - raft.server.write.follower.gap.ratio.max = -1.0 (default)
2024-02-27 07:08:56,889 [0ea19766-ee81-4032-bca9-1401e49b4249@group-3D5D3AE82C65-LeaderElection2] INFO  impl.RoleInfo (RoleInfo.java:updateAndGet(139)) - 0ea19766-ee81-4032-bca9-1401e49b4249: start 0ea19766-ee81-4032-bca9-1401e49b4249@group-3D5D3AE82C65-LeaderStateImpl
2024-02-27 07:08:56,889 [0ea19766-ee81-4032-bca9-1401e49b4249@group-3D5D3AE82C65-LeaderElection2] INFO  server.RaftServer$Division (RaftServerImpl.java:setFirstElection(574)) - 0ea19766-ee81-4032-bca9-1401e49b4249@group-3D5D3AE82C65: set firstElectionSinceStartup to false for becomeLeader
2024-02-27 07:08:56,890 [0ea19766-ee81-4032-bca9-1401e49b4249@group-3D5D3AE82C65-LeaderElection2] INFO  ratis.XceiverServerRatis (XceiverServerRatis.java:handleLeaderChangedNotification(966)) - Leader change notification received for group: group-3D5D3AE82C65 with new leaderId: 0ea19766-ee81-4032-bca9-1401e49b4249
2024-02-27 07:08:56,890 [0ea19766-ee81-4032-bca9-1401e49b4249@group-3D5D3AE82C65-LeaderElection2] INFO  server.RaftServer$Division (ServerState.java:setLeader(269)) - 0ea19766-ee81-4032-bca9-1401e49b4249@group-3D5D3AE82C65: change Leader from null to 0ea19766-ee81-4032-bca9-1401e49b4249 at term 1 for becomeLeader, leader elected after 5065ms
2024-02-27 07:08:56,890 [0ea19766-ee81-4032-bca9-1401e49b4249@group-3D5D3AE82C65-LeaderElection2] INFO  segmented.SegmentedRaftLogWorker (SegmentedRaftLogWorker.java:startLogSegment(430)) - 0ea19766-ee81-4032-bca9-1401e49b4249@group-3D5D3AE82C65-SegmentedRaftLogWorker: Starting segment from index:0
2024-02-27 07:08:56,891 [0ea19766-ee81-4032-bca9-1401e49b4249@group-3D5D3AE82C65-LeaderElection2] INFO  server.RaftServer$Division (ServerState.java:setRaftConf(386)) - 0ea19766-ee81-4032-bca9-1401e49b4249@group-3D5D3AE82C65: set configuration 0: peers:[0ea19766-ee81-4032-bca9-1401e49b4249|10.1.0.21:15023]|listeners:[], old=null
2024-02-27 07:08:56,892 [49a99776-1504-4c11-88b9-d65d97124402@group-8C779D1C7860-FollowerState] INFO  impl.FollowerState (FollowerState.java:run(143)) - 49a99776-1504-4c11-88b9-d65d97124402@group-8C779D1C7860-FollowerState: change to CANDIDATE, lastRpcElapsedTime:5155169373ns, electionTimeout:5148ms
2024-02-27 07:08:56,893 [0ea19766-ee81-4032-bca9-1401e49b4249@group-3D5D3AE82C65-SegmentedRaftLogWorker] INFO  segmented.BufferedWriteChannel (BufferedWriteChannel.java:open(62)) - open log_inprogress_0 at position 0
2024-02-27 07:08:56,893 [49a99776-1504-4c11-88b9-d65d97124402@group-8C779D1C7860-FollowerState] INFO  impl.RoleInfo (RoleInfo.java:shutdownFollowerState(110)) - 49a99776-1504-4c11-88b9-d65d97124402: shutdown 49a99776-1504-4c11-88b9-d65d97124402@group-8C779D1C7860-FollowerState
2024-02-27 07:08:56,895 [49a99776-1504-4c11-88b9-d65d97124402@group-8C779D1C7860-FollowerState] INFO  server.RaftServer$Division (RaftServerImpl.java:setRole(383)) - 49a99776-1504-4c11-88b9-d65d97124402@group-8C779D1C7860: changes role from  FOLLOWER to CANDIDATE at term 0 for changeToCandidate
2024-02-27 07:08:56,896 [49a99776-1504-4c11-88b9-d65d97124402@group-8C779D1C7860-FollowerState] INFO  server.RaftServerConfigKeys (ConfUtils.java:logGet(46)) - raft.server.leaderelection.pre-vote = true (default)
2024-02-27 07:08:56,896 [49a99776-1504-4c11-88b9-d65d97124402@group-8C779D1C7860-FollowerState] INFO  impl.RoleInfo (RoleInfo.java:updateAndGet(139)) - 49a99776-1504-4c11-88b9-d65d97124402: start 49a99776-1504-4c11-88b9-d65d97124402@group-8C779D1C7860-LeaderElection3
2024-02-27 07:08:56,896 [EventQueue-OpenPipelineForHealthyPipelineSafeModeRule] INFO  safemode.SCMSafeModeManager (HealthyPipelineSafeModeRule.java:process(140)) - SCM in safe mode. Healthy pipelines reported count is 0, required healthy pipeline reported count is 1
2024-02-27 07:08:56,901 [0ea19766-ee81-4032-bca9-1401e49b4249@group-3D5D3AE82C65-SegmentedRaftLogWorker] INFO  segmented.SegmentedRaftLogWorker (SegmentedRaftLogWorker.java:execute(634)) - 0ea19766-ee81-4032-bca9-1401e49b4249@group-3D5D3AE82C65-SegmentedRaftLogWorker: created new log segment /home/runner/work/ozone/ozone/hadoop-ozone/integration-test/target/test-dir/MiniOzoneClusterImpl-73680b39-f248-4dab-999a-9bb96057e508/ozone-meta/datanode-2/ratis/2bd76adf-f9c0-46d1-af72-3d5d3ae82c65/current/log_inprogress_0
2024-02-27 07:08:56,901 [49a99776-1504-4c11-88b9-d65d97124402@group-8C779D1C7860-LeaderElection3] INFO  impl.LeaderElection (LeaderElection.java:askForVotes(321)) - 49a99776-1504-4c11-88b9-d65d97124402@group-8C779D1C7860-LeaderElection3 PRE_VOTE round 0: submit vote requests at term 0 for -1: peers:[49a99776-1504-4c11-88b9-d65d97124402|10.1.0.21:15014]|listeners:[], old=null
2024-02-27 07:08:56,902 [49a99776-1504-4c11-88b9-d65d97124402@group-8C779D1C7860-LeaderElection3] INFO  impl.LeaderElection (LeaderElection.java:askForVotes(323)) - 49a99776-1504-4c11-88b9-d65d97124402@group-8C779D1C7860-LeaderElection3 PRE_VOTE round 0: result PASSED (term=0)
2024-02-27 07:08:56,903 [49a99776-1504-4c11-88b9-d65d97124402@group-8C779D1C7860-LeaderElection3] INFO  impl.LeaderElection (LeaderElection.java:askForVotes(321)) - 49a99776-1504-4c11-88b9-d65d97124402@group-8C779D1C7860-LeaderElection3 ELECTION round 0: submit vote requests at term 1 for -1: peers:[49a99776-1504-4c11-88b9-d65d97124402|10.1.0.21:15014]|listeners:[], old=null
2024-02-27 07:08:56,903 [49a99776-1504-4c11-88b9-d65d97124402@group-8C779D1C7860-LeaderElection3] INFO  impl.LeaderElection (LeaderElection.java:askForVotes(323)) - 49a99776-1504-4c11-88b9-d65d97124402@group-8C779D1C7860-LeaderElection3 ELECTION round 0: result PASSED (term=1)
2024-02-27 07:08:56,903 [49a99776-1504-4c11-88b9-d65d97124402@group-8C779D1C7860-LeaderElection3] INFO  impl.RoleInfo (RoleInfo.java:shutdownLeaderElection(130)) - 49a99776-1504-4c11-88b9-d65d97124402: shutdown 49a99776-1504-4c11-88b9-d65d97124402@group-8C779D1C7860-LeaderElection3
2024-02-27 07:08:56,903 [49a99776-1504-4c11-88b9-d65d97124402@group-8C779D1C7860-LeaderElection3] INFO  server.RaftServer$Division (RaftServerImpl.java:setRole(383)) - 49a99776-1504-4c11-88b9-d65d97124402@group-8C779D1C7860: changes role from CANDIDATE to LEADER at term 1 for changeToLeader
2024-02-27 07:08:56,903 [49a99776-1504-4c11-88b9-d65d97124402@group-8C779D1C7860-LeaderElection3] INFO  server.RaftServerConfigKeys (ConfUtils.java:logGet(46)) - raft.server.staging.catchup.gap = 1000 (default)
2024-02-27 07:08:56,904 [49a99776-1504-4c11-88b9-d65d97124402@group-8C779D1C7860-LeaderElection3] INFO  server.RaftServerConfigKeys (ConfUtils.java:logGet(46)) - raft.server.write.element-limit = 1024 (custom)
2024-02-27 07:08:56,904 [49a99776-1504-4c11-88b9-d65d97124402@group-8C779D1C7860-LeaderElection3] INFO  server.RaftServerConfigKeys (ConfUtils.java:logGet(46)) - raft.server.write.byte-limit = 1024 M (=1073741824) (custom)
2024-02-27 07:08:56,904 [49a99776-1504-4c11-88b9-d65d97124402@group-8C779D1C7860-LeaderElection3] INFO  server.RaftServerConfigKeys (ConfUtils.java:logGet(46)) - raft.server.watch.timeout = 3000ms (custom)
2024-02-27 07:08:56,904 [49a99776-1504-4c11-88b9-d65d97124402@group-8C779D1C7860-LeaderElection3] INFO  server.RaftServerConfigKeys (ConfUtils.java:logGet(46)) - raft.server.watch.timeout.denomination = 1s (default)
2024-02-27 07:08:56,904 [49a99776-1504-4c11-88b9-d65d97124402@group-8C779D1C7860-LeaderElection3] INFO  server.RaftServerConfigKeys (ConfUtils.java:logGet(46)) - raft.server.watch.element-limit = 65536 (default)
2024-02-27 07:08:56,904 [49a99776-1504-4c11-88b9-d65d97124402@group-8C779D1C7860-LeaderElection3] INFO  server.RaftServerConfigKeys (ConfUtils.java:logGet(46)) - raft.server.read.leader.lease.enabled = false (default)
2024-02-27 07:08:56,904 [49a99776-1504-4c11-88b9-d65d97124402@group-8C779D1C7860-LeaderElection3] INFO  server.RaftServerConfigKeys (ConfUtils.java:logGet(46)) - raft.server.read.leader.lease.timeout.ratio = 0.9 (default)
2024-02-27 07:08:56,905 [49a99776-1504-4c11-88b9-d65d97124402@group-8C779D1C7860-LeaderElection3] INFO  server.RaftServerConfigKeys (ConfUtils.java:logGet(46)) - raft.server.rpc.timeout.min = 5s (custom)
2024-02-27 07:08:56,905 [49a99776-1504-4c11-88b9-d65d97124402@group-8C779D1C7860-LeaderElection3] INFO  server.RaftServerConfigKeys (ConfUtils.java:logGet(46)) - raft.server.write.element-limit = 1024 (custom)
2024-02-27 07:08:56,905 [49a99776-1504-4c11-88b9-d65d97124402@group-8C779D1C7860-LeaderElection3] INFO  server.RaftServerConfigKeys (ConfUtils.java:logGet(46)) - raft.server.write.follower.gap.ratio.max = -1.0 (default)
2024-02-27 07:08:56,905 [49a99776-1504-4c11-88b9-d65d97124402@group-8C779D1C7860-LeaderElection3] INFO  impl.RoleInfo (RoleInfo.java:updateAndGet(139)) - 49a99776-1504-4c11-88b9-d65d97124402: start 49a99776-1504-4c11-88b9-d65d97124402@group-8C779D1C7860-LeaderStateImpl
2024-02-27 07:08:56,905 [0ea19766-ee81-4032-bca9-1401e49b4249@group-3D5D3AE82C65-StateMachineUpdater] INFO  server.RaftServer$Division (LeaderStateImpl.java:isApplied(320)) - leader is ready since appliedIndex == 0 >= startIndex == 0
2024-02-27 07:08:56,906 [49a99776-1504-4c11-88b9-d65d97124402@group-8C779D1C7860-LeaderElection3] INFO  server.RaftServer$Division (RaftServerImpl.java:setFirstElection(574)) - 49a99776-1504-4c11-88b9-d65d97124402@group-8C779D1C7860: set firstElectionSinceStartup to false for becomeLeader
2024-02-27 07:08:56,907 [49a99776-1504-4c11-88b9-d65d97124402@group-8C779D1C7860-LeaderElection3] INFO  ratis.XceiverServerRatis (XceiverServerRatis.java:handleLeaderChangedNotification(966)) - Leader change notification received for group: group-8C779D1C7860 with new leaderId: 49a99776-1504-4c11-88b9-d65d97124402
2024-02-27 07:08:56,907 [49a99776-1504-4c11-88b9-d65d97124402@group-8C779D1C7860-LeaderElection3] INFO  server.RaftServer$Division (ServerState.java:setLeader(269)) - 49a99776-1504-4c11-88b9-d65d97124402@group-8C779D1C7860: change Leader from null to 49a99776-1504-4c11-88b9-d65d97124402 at term 1 for becomeLeader, leader elected after 5203ms
2024-02-27 07:08:56,907 [49a99776-1504-4c11-88b9-d65d97124402@group-8C779D1C7860-LeaderElection3] INFO  segmented.SegmentedRaftLogWorker (SegmentedRaftLogWorker.java:startLogSegment(430)) - 49a99776-1504-4c11-88b9-d65d97124402@group-8C779D1C7860-SegmentedRaftLogWorker: Starting segment from index:0
2024-02-27 07:08:56,907 [49a99776-1504-4c11-88b9-d65d97124402@group-8C779D1C7860-SegmentedRaftLogWorker] INFO  segmented.BufferedWriteChannel (BufferedWriteChannel.java:open(62)) - open log_inprogress_0 at position 0
2024-02-27 07:08:56,910 [49a99776-1504-4c11-88b9-d65d97124402@group-8C779D1C7860-LeaderElection3] INFO  server.RaftServer$Division (ServerState.java:setRaftConf(386)) - 49a99776-1504-4c11-88b9-d65d97124402@group-8C779D1C7860: set configuration 0: peers:[49a99776-1504-4c11-88b9-d65d97124402|10.1.0.21:15014]|listeners:[], old=null
2024-02-27 07:08:56,912 [EventQueue-OpenPipelineForHealthyPipelineSafeModeRule] INFO  safemode.SCMSafeModeManager (HealthyPipelineSafeModeRule.java:process(140)) - SCM in safe mode. Healthy pipelines reported count is 0, required healthy pipeline reported count is 1
2024-02-27 07:08:56,918 [49a99776-1504-4c11-88b9-d65d97124402@group-8C779D1C7860-SegmentedRaftLogWorker] INFO  segmented.SegmentedRaftLogWorker (SegmentedRaftLogWorker.java:execute(634)) - 49a99776-1504-4c11-88b9-d65d97124402@group-8C779D1C7860-SegmentedRaftLogWorker: created new log segment /home/runner/work/ozone/ozone/hadoop-ozone/integration-test/target/test-dir/MiniOzoneClusterImpl-73680b39-f248-4dab-999a-9bb96057e508/ozone-meta/datanode-1/ratis/96c98109-1778-4dd9-a31c-8c779d1c7860/current/log_inprogress_0
2024-02-27 07:08:56,919 [49a99776-1504-4c11-88b9-d65d97124402@group-8C779D1C7860-StateMachineUpdater] INFO  server.RaftServer$Division (LeaderStateImpl.java:isApplied(320)) - leader is ready since appliedIndex == 0 >= startIndex == 0
2024-02-27 07:08:56,938 [0ea19766-ee81-4032-bca9-1401e49b4249@group-BC30AB0341DB-FollowerState] INFO  impl.FollowerState (FollowerState.java:run(143)) - 0ea19766-ee81-4032-bca9-1401e49b4249@group-BC30AB0341DB-FollowerState: change to CANDIDATE, lastRpcElapsedTime:5039895110ns, electionTimeout:5033ms
2024-02-27 07:08:56,939 [0ea19766-ee81-4032-bca9-1401e49b4249@group-BC30AB0341DB-FollowerState] INFO  impl.RoleInfo (RoleInfo.java:shutdownFollowerState(110)) - 0ea19766-ee81-4032-bca9-1401e49b4249: shutdown 0ea19766-ee81-4032-bca9-1401e49b4249@group-BC30AB0341DB-FollowerState
2024-02-27 07:08:56,939 [0ea19766-ee81-4032-bca9-1401e49b4249@group-BC30AB0341DB-FollowerState] INFO  server.RaftServer$Division (RaftServerImpl.java:setRole(383)) - 0ea19766-ee81-4032-bca9-1401e49b4249@group-BC30AB0341DB: changes role from  FOLLOWER to CANDIDATE at term 0 for changeToCandidate
2024-02-27 07:08:56,940 [0ea19766-ee81-4032-bca9-1401e49b4249@group-BC30AB0341DB-FollowerState] INFO  server.RaftServerConfigKeys (ConfUtils.java:logGet(46)) - raft.server.leaderelection.pre-vote = true (default)
2024-02-27 07:08:56,940 [0ea19766-ee81-4032-bca9-1401e49b4249@group-BC30AB0341DB-FollowerState] INFO  impl.RoleInfo (RoleInfo.java:updateAndGet(139)) - 0ea19766-ee81-4032-bca9-1401e49b4249: start 0ea19766-ee81-4032-bca9-1401e49b4249@group-BC30AB0341DB-LeaderElection4
2024-02-27 07:08:56,941 [0ea19766-ee81-4032-bca9-1401e49b4249@group-BC30AB0341DB-LeaderElection4] INFO  impl.LeaderElection (LeaderElection.java:askForVotes(321)) - 0ea19766-ee81-4032-bca9-1401e49b4249@group-BC30AB0341DB-LeaderElection4 PRE_VOTE round 0: submit vote requests at term 0 for -1: peers:[d20e48e4-5d22-4482-8ef9-383a12f89d83|10.1.0.21:15032, 49a99776-1504-4c11-88b9-d65d97124402|10.1.0.21:15014, 0ea19766-ee81-4032-bca9-1401e49b4249|10.1.0.21:15023]|listeners:[], old=null
2024-02-27 07:08:56,959 [0ea19766-ee81-4032-bca9-1401e49b4249@group-BC30AB0341DB-LeaderElection4] INFO  server.RaftServerConfigKeys (ConfUtils.java:logFallback(53)) - raft.server.rpc.first-election.timeout.min = 5s (fallback to raft.server.rpc.timeout.min)
2024-02-27 07:08:56,959 [0ea19766-ee81-4032-bca9-1401e49b4249@group-BC30AB0341DB-LeaderElection4] INFO  server.RaftServerConfigKeys (ConfUtils.java:logFallback(53)) - raft.server.rpc.first-election.timeout.max = 5200ms (fallback to raft.server.rpc.timeout.max)
2024-02-27 07:08:56,961 [0ea19766-ee81-4032-bca9-1401e49b4249@group-BC30AB0341DB-LeaderElection4-1] INFO  server.GrpcServerProtocolClient (GrpcServerProtocolClient.java:<init>(65)) - Build channel for d20e48e4-5d22-4482-8ef9-383a12f89d83|10.1.0.21:15032
2024-02-27 07:08:56,962 [0ea19766-ee81-4032-bca9-1401e49b4249@group-BC30AB0341DB-LeaderElection4-2] INFO  server.GrpcServerProtocolClient (GrpcServerProtocolClient.java:<init>(65)) - Build channel for 49a99776-1504-4c11-88b9-d65d97124402|10.1.0.21:15014
2024-02-27 07:08:56,974 [grpc-default-executor-2] INFO  server.RaftServer$Division (RaftServerImpl.java:requestVote(1389)) - d20e48e4-5d22-4482-8ef9-383a12f89d83@group-BC30AB0341DB: receive requestVote(PRE_VOTE, 0ea19766-ee81-4032-bca9-1401e49b4249, group-BC30AB0341DB, 0, (t:0, i:0))
2024-02-27 07:08:56,976 [grpc-default-executor-0] INFO  server.RaftServer$Division (RaftServerImpl.java:requestVote(1389)) - 49a99776-1504-4c11-88b9-d65d97124402@group-BC30AB0341DB: receive requestVote(PRE_VOTE, 0ea19766-ee81-4032-bca9-1401e49b4249, group-BC30AB0341DB, 0, (t:0, i:0))
2024-02-27 07:08:56,976 [49a99776-1504-4c11-88b9-d65d97124402@group-BC30AB0341DB-FollowerState] INFO  impl.FollowerState (FollowerState.java:run(143)) - 49a99776-1504-4c11-88b9-d65d97124402@group-BC30AB0341DB-FollowerState: change to CANDIDATE, lastRpcElapsedTime:5191040972ns, electionTimeout:5189ms
2024-02-27 07:08:56,976 [49a99776-1504-4c11-88b9-d65d97124402@group-BC30AB0341DB-FollowerState] INFO  impl.RoleInfo (RoleInfo.java:shutdownFollowerState(110)) - 49a99776-1504-4c11-88b9-d65d97124402: shutdown 49a99776-1504-4c11-88b9-d65d97124402@group-BC30AB0341DB-FollowerState
2024-02-27 07:08:56,976 [49a99776-1504-4c11-88b9-d65d97124402@group-BC30AB0341DB-FollowerState] INFO  server.RaftServer$Division (RaftServerImpl.java:setRole(383)) - 49a99776-1504-4c11-88b9-d65d97124402@group-BC30AB0341DB: changes role from  FOLLOWER to CANDIDATE at term 0 for changeToCandidate
2024-02-27 07:08:56,977 [49a99776-1504-4c11-88b9-d65d97124402@group-BC30AB0341DB-FollowerState] INFO  server.RaftServerConfigKeys (ConfUtils.java:logGet(46)) - raft.server.leaderelection.pre-vote = true (default)
2024-02-27 07:08:56,977 [49a99776-1504-4c11-88b9-d65d97124402@group-BC30AB0341DB-FollowerState] INFO  impl.RoleInfo (RoleInfo.java:updateAndGet(139)) - 49a99776-1504-4c11-88b9-d65d97124402: start 49a99776-1504-4c11-88b9-d65d97124402@group-BC30AB0341DB-LeaderElection5
2024-02-27 07:08:56,982 [grpc-default-executor-2] INFO  impl.VoteContext (VoteContext.java:log(49)) - d20e48e4-5d22-4482-8ef9-383a12f89d83@group-BC30AB0341DB-FOLLOWER: reject PRE_VOTE from 0ea19766-ee81-4032-bca9-1401e49b4249: our priority 1 > candidate's priority 0
2024-02-27 07:08:56,982 [grpc-default-executor-0] INFO  impl.VoteContext (VoteContext.java:log(49)) - 49a99776-1504-4c11-88b9-d65d97124402@group-BC30AB0341DB-CANDIDATE: accept PRE_VOTE from 0ea19766-ee81-4032-bca9-1401e49b4249: our priority 0 <= candidate's priority 0
2024-02-27 07:08:56,986 [grpc-default-executor-2] INFO  server.RaftServer$Division (RaftServerImpl.java:requestVote(1422)) - d20e48e4-5d22-4482-8ef9-383a12f89d83@group-BC30AB0341DB replies to PRE_VOTE vote request: 0ea19766-ee81-4032-bca9-1401e49b4249<-d20e48e4-5d22-4482-8ef9-383a12f89d83#0:FAIL-t0. Peer's state: d20e48e4-5d22-4482-8ef9-383a12f89d83@group-BC30AB0341DB:t0, leader=null, voted=, raftlog=Memoized:d20e48e4-5d22-4482-8ef9-383a12f89d83@group-BC30AB0341DB-SegmentedRaftLog:OPENED:c-1, conf=-1: peers:[d20e48e4-5d22-4482-8ef9-383a12f89d83|10.1.0.21:15032, 49a99776-1504-4c11-88b9-d65d97124402|10.1.0.21:15014, 0ea19766-ee81-4032-bca9-1401e49b4249|10.1.0.21:15023]|listeners:[], old=null
2024-02-27 07:08:56,986 [grpc-default-executor-0] INFO  server.RaftServer$Division (RaftServerImpl.java:requestVote(1422)) - 49a99776-1504-4c11-88b9-d65d97124402@group-BC30AB0341DB replies to PRE_VOTE vote request: 0ea19766-ee81-4032-bca9-1401e49b4249<-49a99776-1504-4c11-88b9-d65d97124402#0:OK-t0. Peer's state: 49a99776-1504-4c11-88b9-d65d97124402@group-BC30AB0341DB:t0, leader=null, voted=, raftlog=Memoized:49a99776-1504-4c11-88b9-d65d97124402@group-BC30AB0341DB-SegmentedRaftLog:OPENED:c-1, conf=-1: peers:[d20e48e4-5d22-4482-8ef9-383a12f89d83|10.1.0.21:15032, 49a99776-1504-4c11-88b9-d65d97124402|10.1.0.21:15014, 0ea19766-ee81-4032-bca9-1401e49b4249|10.1.0.21:15023]|listeners:[], old=null
2024-02-27 07:08:56,987 [49a99776-1504-4c11-88b9-d65d97124402@group-BC30AB0341DB-LeaderElection5] INFO  impl.LeaderElection (LeaderElection.java:askForVotes(321)) - 49a99776-1504-4c11-88b9-d65d97124402@group-BC30AB0341DB-LeaderElection5 PRE_VOTE round 0: submit vote requests at term 0 for -1: peers:[d20e48e4-5d22-4482-8ef9-383a12f89d83|10.1.0.21:15032, 49a99776-1504-4c11-88b9-d65d97124402|10.1.0.21:15014, 0ea19766-ee81-4032-bca9-1401e49b4249|10.1.0.21:15023]|listeners:[], old=null
2024-02-27 07:08:56,989 [49a99776-1504-4c11-88b9-d65d97124402@group-BC30AB0341DB-LeaderElection5-1] INFO  server.GrpcServerProtocolClient (GrpcServerProtocolClient.java:<init>(65)) - Build channel for d20e48e4-5d22-4482-8ef9-383a12f89d83|10.1.0.21:15032
2024-02-27 07:08:56,997 [49a99776-1504-4c11-88b9-d65d97124402@group-BC30AB0341DB-LeaderElection5-2] INFO  server.GrpcServerProtocolClient (GrpcServerProtocolClient.java:<init>(65)) - Build channel for 0ea19766-ee81-4032-bca9-1401e49b4249|10.1.0.21:15023
2024-02-27 07:08:56,993 [49a99776-1504-4c11-88b9-d65d97124402@group-BC30AB0341DB-LeaderElection5] INFO  server.RaftServerConfigKeys (ConfUtils.java:logFallback(53)) - raft.server.rpc.first-election.timeout.min = 5s (fallback to raft.server.rpc.timeout.min)
2024-02-27 07:08:56,998 [49a99776-1504-4c11-88b9-d65d97124402@group-BC30AB0341DB-LeaderElection5] INFO  server.RaftServerConfigKeys (ConfUtils.java:logFallback(53)) - raft.server.rpc.first-election.timeout.max = 5200ms (fallback to raft.server.rpc.timeout.max)
2024-02-27 07:08:56,999 [0ea19766-ee81-4032-bca9-1401e49b4249@group-BC30AB0341DB-LeaderElection4] INFO  impl.LeaderElection (LeaderElection.java:logAndReturn(89)) - 0ea19766-ee81-4032-bca9-1401e49b4249@group-BC30AB0341DB-LeaderElection4: PRE_VOTE REJECTED received 1 response(s) and 0 exception(s):
2024-02-27 07:08:56,999 [0ea19766-ee81-4032-bca9-1401e49b4249@group-BC30AB0341DB-LeaderElection4] INFO  impl.LeaderElection (LeaderElection.java:logAndReturn(93)) -   Response 0: 0ea19766-ee81-4032-bca9-1401e49b4249<-d20e48e4-5d22-4482-8ef9-383a12f89d83#0:FAIL-t0
2024-02-27 07:08:56,999 [0ea19766-ee81-4032-bca9-1401e49b4249@group-BC30AB0341DB-LeaderElection4] INFO  impl.LeaderElection (LeaderElection.java:askForVotes(323)) - 0ea19766-ee81-4032-bca9-1401e49b4249@group-BC30AB0341DB-LeaderElection4 PRE_VOTE round 0: result REJECTED
2024-02-27 07:08:57,000 [0ea19766-ee81-4032-bca9-1401e49b4249@group-BC30AB0341DB-LeaderElection4] INFO  server.RaftServer$Division (RaftServerImpl.java:setRole(383)) - 0ea19766-ee81-4032-bca9-1401e49b4249@group-BC30AB0341DB: changes role from CANDIDATE to FOLLOWER at term 0 for REJECTED
2024-02-27 07:08:57,000 [0ea19766-ee81-4032-bca9-1401e49b4249@group-BC30AB0341DB-LeaderElection4] INFO  impl.RoleInfo (RoleInfo.java:shutdownLeaderElection(130)) - 0ea19766-ee81-4032-bca9-1401e49b4249: shutdown 0ea19766-ee81-4032-bca9-1401e49b4249@group-BC30AB0341DB-LeaderElection4
2024-02-27 07:08:57,000 [0ea19766-ee81-4032-bca9-1401e49b4249@group-BC30AB0341DB-LeaderElection4] INFO  impl.RoleInfo (RoleInfo.java:updateAndGet(139)) - 0ea19766-ee81-4032-bca9-1401e49b4249: start 0ea19766-ee81-4032-bca9-1401e49b4249@group-BC30AB0341DB-FollowerState
2024-02-27 07:08:57,000 [0ea19766-ee81-4032-bca9-1401e49b4249@group-BC30AB0341DB-LeaderElection4] INFO  server.RaftServer$Division (RaftServerImpl.java:setFirstElection(574)) - 0ea19766-ee81-4032-bca9-1401e49b4249@group-BC30AB0341DB: set firstElectionSinceStartup to false for REJECTED
2024-02-27 07:08:57,014 [grpc-default-executor-2] INFO  server.RaftServer$Division (RaftServerImpl.java:requestVote(1389)) - d20e48e4-5d22-4482-8ef9-383a12f89d83@group-BC30AB0341DB: receive requestVote(PRE_VOTE, 49a99776-1504-4c11-88b9-d65d97124402, group-BC30AB0341DB, 0, (t:0, i:0))
2024-02-27 07:08:57,014 [grpc-default-executor-2] INFO  impl.VoteContext (VoteContext.java:log(49)) - d20e48e4-5d22-4482-8ef9-383a12f89d83@group-BC30AB0341DB-FOLLOWER: reject PRE_VOTE from 49a99776-1504-4c11-88b9-d65d97124402: our priority 1 > candidate's priority 0
2024-02-27 07:08:57,014 [grpc-default-executor-0] INFO  server.RaftServer$Division (RaftServerImpl.java:requestVote(1389)) - 0ea19766-ee81-4032-bca9-1401e49b4249@group-BC30AB0341DB: receive requestVote(PRE_VOTE, 49a99776-1504-4c11-88b9-d65d97124402, group-BC30AB0341DB, 0, (t:0, i:0))
2024-02-27 07:08:57,015 [grpc-default-executor-2] INFO  server.RaftServer$Division (RaftServerImpl.java:requestVote(1422)) - d20e48e4-5d22-4482-8ef9-383a12f89d83@group-BC30AB0341DB replies to PRE_VOTE vote request: 49a99776-1504-4c11-88b9-d65d97124402<-d20e48e4-5d22-4482-8ef9-383a12f89d83#0:FAIL-t0. Peer's state: d20e48e4-5d22-4482-8ef9-383a12f89d83@group-BC30AB0341DB:t0, leader=null, voted=, raftlog=Memoized:d20e48e4-5d22-4482-8ef9-383a12f89d83@group-BC30AB0341DB-SegmentedRaftLog:OPENED:c-1, conf=-1: peers:[d20e48e4-5d22-4482-8ef9-383a12f89d83|10.1.0.21:15032, 49a99776-1504-4c11-88b9-d65d97124402|10.1.0.21:15014, 0ea19766-ee81-4032-bca9-1401e49b4249|10.1.0.21:15023]|listeners:[], old=null
2024-02-27 07:08:57,015 [grpc-default-executor-0] INFO  impl.VoteContext (VoteContext.java:log(49)) - 0ea19766-ee81-4032-bca9-1401e49b4249@group-BC30AB0341DB-FOLLOWER: accept PRE_VOTE from 49a99776-1504-4c11-88b9-d65d97124402: our priority 0 <= candidate's priority 0
2024-02-27 07:08:57,016 [d20e48e4-5d22-4482-8ef9-383a12f89d83@group-FFF51E25709D-FollowerState] INFO  impl.FollowerState (FollowerState.java:run(143)) - d20e48e4-5d22-4482-8ef9-383a12f89d83@group-FFF51E25709D-FollowerState: change to CANDIDATE, lastRpcElapsedTime:5056942580ns, electionTimeout:5055ms
2024-02-27 07:08:57,017 [d20e48e4-5d22-4482-8ef9-383a12f89d83@group-FFF51E25709D-FollowerState] INFO  impl.RoleInfo (RoleInfo.java:shutdownFollowerState(110)) - d20e48e4-5d22-4482-8ef9-383a12f89d83: shutdown d20e48e4-5d22-4482-8ef9-383a12f89d83@group-FFF51E25709D-FollowerState
2024-02-27 07:08:57,018 [d20e48e4-5d22-4482-8ef9-383a12f89d83@group-FFF51E25709D-FollowerState] INFO  server.RaftServer$Division (RaftServerImpl.java:setRole(383)) - d20e48e4-5d22-4482-8ef9-383a12f89d83@group-FFF51E25709D: changes role from  FOLLOWER to CANDIDATE at term 0 for changeToCandidate
2024-02-27 07:08:57,018 [grpc-default-executor-0] INFO  server.RaftServer$Division (RaftServerImpl.java:requestVote(1422)) - 0ea19766-ee81-4032-bca9-1401e49b4249@group-BC30AB0341DB replies to PRE_VOTE vote request: 49a99776-1504-4c11-88b9-d65d97124402<-0ea19766-ee81-4032-bca9-1401e49b4249#0:OK-t0. Peer's state: 0ea19766-ee81-4032-bca9-1401e49b4249@group-BC30AB0341DB:t0, leader=null, voted=, raftlog=Memoized:0ea19766-ee81-4032-bca9-1401e49b4249@group-BC30AB0341DB-SegmentedRaftLog:OPENED:c-1, conf=-1: peers:[d20e48e4-5d22-4482-8ef9-383a12f89d83|10.1.0.21:15032, 49a99776-1504-4c11-88b9-d65d97124402|10.1.0.21:15014, 0ea19766-ee81-4032-bca9-1401e49b4249|10.1.0.21:15023]|listeners:[], old=null
2024-02-27 07:08:57,016 [49a99776-1504-4c11-88b9-d65d97124402@group-BC30AB0341DB-LeaderElection5] INFO  impl.LeaderElection (LeaderElection.java:logAndReturn(89)) - 49a99776-1504-4c11-88b9-d65d97124402@group-BC30AB0341DB-LeaderElection5: PRE_VOTE REJECTED received 1 response(s) and 0 exception(s):
2024-02-27 07:08:57,019 [49a99776-1504-4c11-88b9-d65d97124402@group-BC30AB0341DB-LeaderElection5] INFO  impl.LeaderElection (LeaderElection.java:logAndReturn(93)) -   Response 0: 49a99776-1504-4c11-88b9-d65d97124402<-d20e48e4-5d22-4482-8ef9-383a12f89d83#0:FAIL-t0
2024-02-27 07:08:57,019 [49a99776-1504-4c11-88b9-d65d97124402@group-BC30AB0341DB-LeaderElection5] INFO  impl.LeaderElection (LeaderElection.java:askForVotes(323)) - 49a99776-1504-4c11-88b9-d65d97124402@group-BC30AB0341DB-LeaderElection5 PRE_VOTE round 0: result REJECTED
2024-02-27 07:08:57,019 [49a99776-1504-4c11-88b9-d65d97124402@group-BC30AB0341DB-LeaderElection5] INFO  server.RaftServer$Division (RaftServerImpl.java:setRole(383)) - 49a99776-1504-4c11-88b9-d65d97124402@group-BC30AB0341DB: changes role from CANDIDATE to FOLLOWER at term 0 for REJECTED
2024-02-27 07:08:57,019 [49a99776-1504-4c11-88b9-d65d97124402@group-BC30AB0341DB-LeaderElection5] INFO  impl.RoleInfo (RoleInfo.java:shutdownLeaderElection(130)) - 49a99776-1504-4c11-88b9-d65d97124402: shutdown 49a99776-1504-4c11-88b9-d65d97124402@group-BC30AB0341DB-LeaderElection5
2024-02-27 07:08:57,019 [49a99776-1504-4c11-88b9-d65d97124402@group-BC30AB0341DB-LeaderElection5] INFO  impl.RoleInfo (RoleInfo.java:updateAndGet(139)) - 49a99776-1504-4c11-88b9-d65d97124402: start 49a99776-1504-4c11-88b9-d65d97124402@group-BC30AB0341DB-FollowerState
2024-02-27 07:08:57,018 [d20e48e4-5d22-4482-8ef9-383a12f89d83@group-FFF51E25709D-FollowerState] INFO  server.RaftServerConfigKeys (ConfUtils.java:logGet(46)) - raft.server.leaderelection.pre-vote = true (default)
2024-02-27 07:08:57,022 [d20e48e4-5d22-4482-8ef9-383a12f89d83@group-FFF51E25709D-FollowerState] INFO  impl.RoleInfo (RoleInfo.java:updateAndGet(139)) - d20e48e4-5d22-4482-8ef9-383a12f89d83: start d20e48e4-5d22-4482-8ef9-383a12f89d83@group-FFF51E25709D-LeaderElection6
2024-02-27 07:08:57,020 [49a99776-1504-4c11-88b9-d65d97124402@group-BC30AB0341DB-LeaderElection5] INFO  server.RaftServer$Division (RaftServerImpl.java:setFirstElection(574)) - 49a99776-1504-4c11-88b9-d65d97124402@group-BC30AB0341DB: set firstElectionSinceStartup to false for REJECTED
2024-02-27 07:08:57,024 [d20e48e4-5d22-4482-8ef9-383a12f89d83@group-FFF51E25709D-LeaderElection6] INFO  impl.LeaderElection (LeaderElection.java:askForVotes(321)) - d20e48e4-5d22-4482-8ef9-383a12f89d83@group-FFF51E25709D-LeaderElection6 PRE_VOTE round 0: submit vote requests at term 0 for -1: peers:[d20e48e4-5d22-4482-8ef9-383a12f89d83|10.1.0.21:15032]|listeners:[], old=null
2024-02-27 07:08:57,024 [d20e48e4-5d22-4482-8ef9-383a12f89d83@group-FFF51E25709D-LeaderElection6] INFO  impl.LeaderElection (LeaderElection.java:askForVotes(323)) - d20e48e4-5d22-4482-8ef9-383a12f89d83@group-FFF51E25709D-LeaderElection6 PRE_VOTE round 0: result PASSED (term=0)
2024-02-27 07:08:57,025 [d20e48e4-5d22-4482-8ef9-383a12f89d83@group-FFF51E25709D-LeaderElection6] INFO  impl.LeaderElection (LeaderElection.java:askForVotes(321)) - d20e48e4-5d22-4482-8ef9-383a12f89d83@group-FFF51E25709D-LeaderElection6 ELECTION round 0: submit vote requests at term 1 for -1: peers:[d20e48e4-5d22-4482-8ef9-383a12f89d83|10.1.0.21:15032]|listeners:[], old=null
2024-02-27 07:08:57,025 [d20e48e4-5d22-4482-8ef9-383a12f89d83@group-FFF51E25709D-LeaderElection6] INFO  impl.LeaderElection (LeaderElection.java:askForVotes(323)) - d20e48e4-5d22-4482-8ef9-383a12f89d83@group-FFF51E25709D-LeaderElection6 ELECTION round 0: result PASSED (term=1)
2024-02-27 07:08:57,025 [d20e48e4-5d22-4482-8ef9-383a12f89d83@group-FFF51E25709D-LeaderElection6] INFO  impl.RoleInfo (RoleInfo.java:shutdownLeaderElection(130)) - d20e48e4-5d22-4482-8ef9-383a12f89d83: shutdown d20e48e4-5d22-4482-8ef9-383a12f89d83@group-FFF51E25709D-LeaderElection6
2024-02-27 07:08:57,025 [d20e48e4-5d22-4482-8ef9-383a12f89d83@group-FFF51E25709D-LeaderElection6] INFO  server.RaftServer$Division (RaftServerImpl.java:setRole(383)) - d20e48e4-5d22-4482-8ef9-383a12f89d83@group-FFF51E25709D: changes role from CANDIDATE to LEADER at term 1 for changeToLeader
2024-02-27 07:08:57,025 [d20e48e4-5d22-4482-8ef9-383a12f89d83@group-FFF51E25709D-LeaderElection6] INFO  server.RaftServerConfigKeys (ConfUtils.java:logGet(46)) - raft.server.staging.catchup.gap = 1000 (default)
2024-02-27 07:08:57,025 [d20e48e4-5d22-4482-8ef9-383a12f89d83@group-FFF51E25709D-LeaderElection6] INFO  server.RaftServerConfigKeys (ConfUtils.java:logGet(46)) - raft.server.write.element-limit = 1024 (custom)
2024-02-27 07:08:57,026 [d20e48e4-5d22-4482-8ef9-383a12f89d83@group-FFF51E25709D-LeaderElection6] INFO  server.RaftServerConfigKeys (ConfUtils.java:logGet(46)) - raft.server.write.byte-limit = 1024 M (=1073741824) (custom)
2024-02-27 07:08:57,026 [d20e48e4-5d22-4482-8ef9-383a12f89d83@group-FFF51E25709D-LeaderElection6] INFO  server.RaftServerConfigKeys (ConfUtils.java:logGet(46)) - raft.server.watch.timeout = 3000ms (custom)
2024-02-27 07:08:57,026 [d20e48e4-5d22-4482-8ef9-383a12f89d83@group-FFF51E25709D-LeaderElection6] INFO  server.RaftServerConfigKeys (ConfUtils.java:logGet(46)) - raft.server.watch.timeout.denomination = 1s (default)
2024-02-27 07:08:57,026 [d20e48e4-5d22-4482-8ef9-383a12f89d83@group-FFF51E25709D-LeaderElection6] INFO  server.RaftServerConfigKeys (ConfUtils.java:logGet(46)) - raft.server.watch.element-limit = 65536 (default)
2024-02-27 07:08:57,026 [d20e48e4-5d22-4482-8ef9-383a12f89d83@group-FFF51E25709D-LeaderElection6] INFO  server.RaftServerConfigKeys (ConfUtils.java:logGet(46)) - raft.server.read.leader.lease.enabled = false (default)
2024-02-27 07:08:57,026 [d20e48e4-5d22-4482-8ef9-383a12f89d83@group-FFF51E25709D-LeaderElection6] INFO  server.RaftServerConfigKeys (ConfUtils.java:logGet(46)) - raft.server.read.leader.lease.timeout.ratio = 0.9 (default)
2024-02-27 07:08:57,026 [d20e48e4-5d22-4482-8ef9-383a12f89d83@group-FFF51E25709D-LeaderElection6] INFO  server.RaftServerConfigKeys (ConfUtils.java:logGet(46)) - raft.server.rpc.timeout.min = 5s (custom)
2024-02-27 07:08:57,026 [d20e48e4-5d22-4482-8ef9-383a12f89d83@group-FFF51E25709D-LeaderElection6] INFO  server.RaftServerConfigKeys (ConfUtils.java:logGet(46)) - raft.server.write.element-limit = 1024 (custom)
2024-02-27 07:08:57,026 [d20e48e4-5d22-4482-8ef9-383a12f89d83@group-FFF51E25709D-LeaderElection6] INFO  server.RaftServerConfigKeys (ConfUtils.java:logGet(46)) - raft.server.write.follower.gap.ratio.max = -1.0 (default)
2024-02-27 07:08:57,027 [d20e48e4-5d22-4482-8ef9-383a12f89d83@group-FFF51E25709D-LeaderElection6] INFO  impl.RoleInfo (RoleInfo.java:updateAndGet(139)) - d20e48e4-5d22-4482-8ef9-383a12f89d83: start d20e48e4-5d22-4482-8ef9-383a12f89d83@group-FFF51E25709D-LeaderStateImpl
2024-02-27 07:08:57,027 [d20e48e4-5d22-4482-8ef9-383a12f89d83@group-FFF51E25709D-LeaderElection6] INFO  server.RaftServer$Division (RaftServerImpl.java:setFirstElection(574)) - d20e48e4-5d22-4482-8ef9-383a12f89d83@group-FFF51E25709D: set firstElectionSinceStartup to false for becomeLeader
2024-02-27 07:08:57,027 [d20e48e4-5d22-4482-8ef9-383a12f89d83@group-FFF51E25709D-LeaderElection6] INFO  ratis.XceiverServerRatis (XceiverServerRatis.java:handleLeaderChangedNotification(966)) - Leader change notification received for group: group-FFF51E25709D with new leaderId: d20e48e4-5d22-4482-8ef9-383a12f89d83
2024-02-27 07:08:57,027 [d20e48e4-5d22-4482-8ef9-383a12f89d83@group-FFF51E25709D-LeaderElection6] INFO  server.RaftServer$Division (ServerState.java:setLeader(269)) - d20e48e4-5d22-4482-8ef9-383a12f89d83@group-FFF51E25709D: change Leader from null to d20e48e4-5d22-4482-8ef9-383a12f89d83 at term 1 for becomeLeader, leader elected after 5088ms
2024-02-27 07:08:57,027 [d20e48e4-5d22-4482-8ef9-383a12f89d83@group-FFF51E25709D-LeaderElection6] INFO  segmented.SegmentedRaftLogWorker (SegmentedRaftLogWorker.java:startLogSegment(430)) - d20e48e4-5d22-4482-8ef9-383a12f89d83@group-FFF51E25709D-SegmentedRaftLogWorker: Starting segment from index:0
2024-02-27 07:08:57,028 [d20e48e4-5d22-4482-8ef9-383a12f89d83@group-FFF51E25709D-LeaderElection6] INFO  server.RaftServer$Division (ServerState.java:setRaftConf(386)) - d20e48e4-5d22-4482-8ef9-383a12f89d83@group-FFF51E25709D: set configuration 0: peers:[d20e48e4-5d22-4482-8ef9-383a12f89d83|10.1.0.21:15032]|listeners:[], old=null
2024-02-27 07:08:57,029 [d20e48e4-5d22-4482-8ef9-383a12f89d83@group-FFF51E25709D-SegmentedRaftLogWorker] INFO  segmented.BufferedWriteChannel (BufferedWriteChannel.java:open(62)) - open log_inprogress_0 at position 0
2024-02-27 07:08:57,032 [EventQueue-OpenPipelineForHealthyPipelineSafeModeRule] INFO  safemode.SCMSafeModeManager (HealthyPipelineSafeModeRule.java:process(140)) - SCM in safe mode. Healthy pipelines reported count is 0, required healthy pipeline reported count is 1
2024-02-27 07:08:57,040 [d20e48e4-5d22-4482-8ef9-383a12f89d83@group-FFF51E25709D-SegmentedRaftLogWorker] INFO  segmented.SegmentedRaftLogWorker (SegmentedRaftLogWorker.java:execute(634)) - d20e48e4-5d22-4482-8ef9-383a12f89d83@group-FFF51E25709D-SegmentedRaftLogWorker: created new log segment /home/runner/work/ozone/ozone/hadoop-ozone/integration-test/target/test-dir/MiniOzoneClusterImpl-73680b39-f248-4dab-999a-9bb96057e508/ozone-meta/datanode-3/ratis/2c8eb68b-2344-4d73-87e5-fff51e25709d/current/log_inprogress_0
2024-02-27 07:08:57,042 [d20e48e4-5d22-4482-8ef9-383a12f89d83@group-FFF51E25709D-StateMachineUpdater] INFO  server.RaftServer$Division (LeaderStateImpl.java:isApplied(320)) - leader is ready since appliedIndex == 0 >= startIndex == 0
2024-02-27 07:08:57,114 [d20e48e4-5d22-4482-8ef9-383a12f89d83@group-BC30AB0341DB-FollowerState] INFO  impl.FollowerState (FollowerState.java:run(143)) - d20e48e4-5d22-4482-8ef9-383a12f89d83@group-BC30AB0341DB-FollowerState: change to CANDIDATE, lastRpcElapsedTime:5120963231ns, electionTimeout:5117ms
2024-02-27 07:08:57,115 [d20e48e4-5d22-4482-8ef9-383a12f89d83@group-BC30AB0341DB-FollowerState] INFO  impl.RoleInfo (RoleInfo.java:shutdownFollowerState(110)) - d20e48e4-5d22-4482-8ef9-383a12f89d83: shutdown d20e48e4-5d22-4482-8ef9-383a12f89d83@group-BC30AB0341DB-FollowerState
2024-02-27 07:08:57,115 [d20e48e4-5d22-4482-8ef9-383a12f89d83@group-BC30AB0341DB-FollowerState] INFO  server.RaftServer$Division (RaftServerImpl.java:setRole(383)) - d20e48e4-5d22-4482-8ef9-383a12f89d83@group-BC30AB0341DB: changes role from  FOLLOWER to CANDIDATE at term 0 for changeToCandidate
2024-02-27 07:08:57,115 [d20e48e4-5d22-4482-8ef9-383a12f89d83@group-BC30AB0341DB-FollowerState] INFO  server.RaftServerConfigKeys (ConfUtils.java:logGet(46)) - raft.server.leaderelection.pre-vote = true (default)
2024-02-27 07:08:57,115 [d20e48e4-5d22-4482-8ef9-383a12f89d83@group-BC30AB0341DB-FollowerState] INFO  impl.RoleInfo (RoleInfo.java:updateAndGet(139)) - d20e48e4-5d22-4482-8ef9-383a12f89d83: start d20e48e4-5d22-4482-8ef9-383a12f89d83@group-BC30AB0341DB-LeaderElection7
2024-02-27 07:08:57,116 [d20e48e4-5d22-4482-8ef9-383a12f89d83@group-BC30AB0341DB-LeaderElection7] INFO  impl.LeaderElection (LeaderElection.java:askForVotes(321)) - d20e48e4-5d22-4482-8ef9-383a12f89d83@group-BC30AB0341DB-LeaderElection7 PRE_VOTE round 0: submit vote requests at term 0 for -1: peers:[d20e48e4-5d22-4482-8ef9-383a12f89d83|10.1.0.21:15032, 49a99776-1504-4c11-88b9-d65d97124402|10.1.0.21:15014, 0ea19766-ee81-4032-bca9-1401e49b4249|10.1.0.21:15023]|listeners:[], old=null
2024-02-27 07:08:57,116 [d20e48e4-5d22-4482-8ef9-383a12f89d83@group-BC30AB0341DB-LeaderElection7-1] INFO  server.GrpcServerProtocolClient (GrpcServerProtocolClient.java:<init>(65)) - Build channel for 49a99776-1504-4c11-88b9-d65d97124402|10.1.0.21:15014
2024-02-27 07:08:57,117 [d20e48e4-5d22-4482-8ef9-383a12f89d83@group-BC30AB0341DB-LeaderElection7-2] INFO  server.GrpcServerProtocolClient (GrpcServerProtocolClient.java:<init>(65)) - Build channel for 0ea19766-ee81-4032-bca9-1401e49b4249|10.1.0.21:15023
2024-02-27 07:08:57,116 [d20e48e4-5d22-4482-8ef9-383a12f89d83@group-BC30AB0341DB-LeaderElection7] INFO  server.RaftServerConfigKeys (ConfUtils.java:logFallback(53)) - raft.server.rpc.first-election.timeout.min = 5s (fallback to raft.server.rpc.timeout.min)
2024-02-27 07:08:57,117 [d20e48e4-5d22-4482-8ef9-383a12f89d83@group-BC30AB0341DB-LeaderElection7] INFO  server.RaftServerConfigKeys (ConfUtils.java:logFallback(53)) - raft.server.rpc.first-election.timeout.max = 5200ms (fallback to raft.server.rpc.timeout.max)
2024-02-27 07:08:57,128 [grpc-default-executor-2] INFO  server.RaftServer$Division (RaftServerImpl.java:requestVote(1389)) - 49a99776-1504-4c11-88b9-d65d97124402@group-BC30AB0341DB: receive requestVote(PRE_VOTE, d20e48e4-5d22-4482-8ef9-383a12f89d83, group-BC30AB0341DB, 0, (t:0, i:0))
2024-02-27 07:08:57,129 [grpc-default-executor-2] INFO  impl.VoteContext (VoteContext.java:log(49)) - 49a99776-1504-4c11-88b9-d65d97124402@group-BC30AB0341DB-FOLLOWER: accept PRE_VOTE from d20e48e4-5d22-4482-8ef9-383a12f89d83: our priority 0 <= candidate's priority 1
2024-02-27 07:08:57,129 [grpc-default-executor-2] INFO  server.RaftServer$Division (RaftServerImpl.java:requestVote(1422)) - 49a99776-1504-4c11-88b9-d65d97124402@group-BC30AB0341DB replies to PRE_VOTE vote request: d20e48e4-5d22-4482-8ef9-383a12f89d83<-49a99776-1504-4c11-88b9-d65d97124402#0:OK-t0. Peer's state: 49a99776-1504-4c11-88b9-d65d97124402@group-BC30AB0341DB:t0, leader=null, voted=, raftlog=Memoized:49a99776-1504-4c11-88b9-d65d97124402@group-BC30AB0341DB-SegmentedRaftLog:OPENED:c-1, conf=-1: peers:[d20e48e4-5d22-4482-8ef9-383a12f89d83|10.1.0.21:15032, 49a99776-1504-4c11-88b9-d65d97124402|10.1.0.21:15014, 0ea19766-ee81-4032-bca9-1401e49b4249|10.1.0.21:15023]|listeners:[], old=null
2024-02-27 07:08:57,131 [d20e48e4-5d22-4482-8ef9-383a12f89d83@group-BC30AB0341DB-LeaderElection7] INFO  impl.LeaderElection (LeaderElection.java:logAndReturn(89)) - d20e48e4-5d22-4482-8ef9-383a12f89d83@group-BC30AB0341DB-LeaderElection7: PRE_VOTE PASSED received 1 response(s) and 0 exception(s):
2024-02-27 07:08:57,131 [d20e48e4-5d22-4482-8ef9-383a12f89d83@group-BC30AB0341DB-LeaderElection7] INFO  impl.LeaderElection (LeaderElection.java:logAndReturn(93)) -   Response 0: d20e48e4-5d22-4482-8ef9-383a12f89d83<-49a99776-1504-4c11-88b9-d65d97124402#0:OK-t0
2024-02-27 07:08:57,131 [d20e48e4-5d22-4482-8ef9-383a12f89d83@group-BC30AB0341DB-LeaderElection7] INFO  impl.LeaderElection (LeaderElection.java:askForVotes(323)) - d20e48e4-5d22-4482-8ef9-383a12f89d83@group-BC30AB0341DB-LeaderElection7 PRE_VOTE round 0: result PASSED
2024-02-27 07:08:57,132 [grpc-default-executor-2] INFO  server.RaftServer$Division (RaftServerImpl.java:requestVote(1389)) - 0ea19766-ee81-4032-bca9-1401e49b4249@group-BC30AB0341DB: receive requestVote(PRE_VOTE, d20e48e4-5d22-4482-8ef9-383a12f89d83, group-BC30AB0341DB, 0, (t:0, i:0))
2024-02-27 07:08:57,133 [grpc-default-executor-2] INFO  impl.VoteContext (VoteContext.java:log(49)) - 0ea19766-ee81-4032-bca9-1401e49b4249@group-BC30AB0341DB-FOLLOWER: accept PRE_VOTE from d20e48e4-5d22-4482-8ef9-383a12f89d83: our priority 0 <= candidate's priority 1
2024-02-27 07:08:57,133 [d20e48e4-5d22-4482-8ef9-383a12f89d83@group-BC30AB0341DB-LeaderElection7] INFO  impl.LeaderElection (LeaderElection.java:askForVotes(321)) - d20e48e4-5d22-4482-8ef9-383a12f89d83@group-BC30AB0341DB-LeaderElection7 ELECTION round 0: submit vote requests at term 1 for -1: peers:[d20e48e4-5d22-4482-8ef9-383a12f89d83|10.1.0.21:15032, 49a99776-1504-4c11-88b9-d65d97124402|10.1.0.21:15014, 0ea19766-ee81-4032-bca9-1401e49b4249|10.1.0.21:15023]|listeners:[], old=null
2024-02-27 07:08:57,133 [grpc-default-executor-2] INFO  server.RaftServer$Division (RaftServerImpl.java:requestVote(1422)) - 0ea19766-ee81-4032-bca9-1401e49b4249@group-BC30AB0341DB replies to PRE_VOTE vote request: d20e48e4-5d22-4482-8ef9-383a12f89d83<-0ea19766-ee81-4032-bca9-1401e49b4249#0:OK-t0. Peer's state: 0ea19766-ee81-4032-bca9-1401e49b4249@group-BC30AB0341DB:t0, leader=null, voted=, raftlog=Memoized:0ea19766-ee81-4032-bca9-1401e49b4249@group-BC30AB0341DB-SegmentedRaftLog:OPENED:c-1, conf=-1: peers:[d20e48e4-5d22-4482-8ef9-383a12f89d83|10.1.0.21:15032, 49a99776-1504-4c11-88b9-d65d97124402|10.1.0.21:15014, 0ea19766-ee81-4032-bca9-1401e49b4249|10.1.0.21:15023]|listeners:[], old=null
2024-02-27 07:08:57,133 [d20e48e4-5d22-4482-8ef9-383a12f89d83@group-BC30AB0341DB-LeaderElection7] INFO  server.RaftServerConfigKeys (ConfUtils.java:logFallback(53)) - raft.server.rpc.first-election.timeout.min = 5s (fallback to raft.server.rpc.timeout.min)
2024-02-27 07:08:57,133 [d20e48e4-5d22-4482-8ef9-383a12f89d83@group-BC30AB0341DB-LeaderElection7] INFO  server.RaftServerConfigKeys (ConfUtils.java:logFallback(53)) - raft.server.rpc.first-election.timeout.max = 5200ms (fallback to raft.server.rpc.timeout.max)
2024-02-27 07:08:57,137 [grpc-default-executor-2] INFO  server.RaftServer$Division (RaftServerImpl.java:requestVote(1389)) - 49a99776-1504-4c11-88b9-d65d97124402@group-BC30AB0341DB: receive requestVote(ELECTION, d20e48e4-5d22-4482-8ef9-383a12f89d83, group-BC30AB0341DB, 1, (t:0, i:0))
2024-02-27 07:08:57,138 [grpc-default-executor-2] INFO  impl.VoteContext (VoteContext.java:log(49)) - 49a99776-1504-4c11-88b9-d65d97124402@group-BC30AB0341DB-FOLLOWER: accept ELECTION from d20e48e4-5d22-4482-8ef9-383a12f89d83: our priority 0 <= candidate's priority 1
2024-02-27 07:08:57,138 [grpc-default-executor-2] INFO  server.RaftServer$Division (RaftServerImpl.java:setRole(383)) - 49a99776-1504-4c11-88b9-d65d97124402@group-BC30AB0341DB: changes role from  FOLLOWER to FOLLOWER at term 1 for candidate:d20e48e4-5d22-4482-8ef9-383a12f89d83
2024-02-27 07:08:57,138 [grpc-default-executor-2] INFO  impl.RoleInfo (RoleInfo.java:shutdownFollowerState(110)) - 49a99776-1504-4c11-88b9-d65d97124402: shutdown 49a99776-1504-4c11-88b9-d65d97124402@group-BC30AB0341DB-FollowerState
2024-02-27 07:08:57,139 [grpc-default-executor-2] INFO  impl.RoleInfo (RoleInfo.java:updateAndGet(139)) - 49a99776-1504-4c11-88b9-d65d97124402: start 49a99776-1504-4c11-88b9-d65d97124402@group-BC30AB0341DB-FollowerState
2024-02-27 07:08:57,139 [49a99776-1504-4c11-88b9-d65d97124402@group-BC30AB0341DB-FollowerState] INFO  impl.FollowerState (FollowerState.java:run(152)) - 49a99776-1504-4c11-88b9-d65d97124402@group-BC30AB0341DB-FollowerState was interrupted
2024-02-27 07:08:57,141 [grpc-default-executor-0] INFO  server.RaftServer$Division (RaftServerImpl.java:requestVote(1389)) - 0ea19766-ee81-4032-bca9-1401e49b4249@group-BC30AB0341DB: receive requestVote(ELECTION, d20e48e4-5d22-4482-8ef9-383a12f89d83, group-BC30AB0341DB, 1, (t:0, i:0))
2024-02-27 07:08:57,141 [grpc-default-executor-0] INFO  impl.VoteContext (VoteContext.java:log(49)) - 0ea19766-ee81-4032-bca9-1401e49b4249@group-BC30AB0341DB-FOLLOWER: accept ELECTION from d20e48e4-5d22-4482-8ef9-383a12f89d83: our priority 0 <= candidate's priority 1
2024-02-27 07:08:57,141 [grpc-default-executor-0] INFO  server.RaftServer$Division (RaftServerImpl.java:setRole(383)) - 0ea19766-ee81-4032-bca9-1401e49b4249@group-BC30AB0341DB: changes role from  FOLLOWER to FOLLOWER at term 1 for candidate:d20e48e4-5d22-4482-8ef9-383a12f89d83
2024-02-27 07:08:57,142 [grpc-default-executor-0] INFO  impl.RoleInfo (RoleInfo.java:shutdownFollowerState(110)) - 0ea19766-ee81-4032-bca9-1401e49b4249: shutdown 0ea19766-ee81-4032-bca9-1401e49b4249@group-BC30AB0341DB-FollowerState
2024-02-27 07:08:57,142 [grpc-default-executor-0] INFO  impl.RoleInfo (RoleInfo.java:updateAndGet(139)) - 0ea19766-ee81-4032-bca9-1401e49b4249: start 0ea19766-ee81-4032-bca9-1401e49b4249@group-BC30AB0341DB-FollowerState
2024-02-27 07:08:57,142 [0ea19766-ee81-4032-bca9-1401e49b4249@group-BC30AB0341DB-FollowerState] INFO  impl.FollowerState (FollowerState.java:run(152)) - 0ea19766-ee81-4032-bca9-1401e49b4249@group-BC30AB0341DB-FollowerState was interrupted
2024-02-27 07:08:57,142 [grpc-default-executor-2] INFO  server.RaftServer$Division (RaftServerImpl.java:requestVote(1422)) - 49a99776-1504-4c11-88b9-d65d97124402@group-BC30AB0341DB replies to ELECTION vote request: d20e48e4-5d22-4482-8ef9-383a12f89d83<-49a99776-1504-4c11-88b9-d65d97124402#0:OK-t1. Peer's state: 49a99776-1504-4c11-88b9-d65d97124402@group-BC30AB0341DB:t1, leader=null, voted=d20e48e4-5d22-4482-8ef9-383a12f89d83, raftlog=Memoized:49a99776-1504-4c11-88b9-d65d97124402@group-BC30AB0341DB-SegmentedRaftLog:OPENED:c-1, conf=-1: peers:[d20e48e4-5d22-4482-8ef9-383a12f89d83|10.1.0.21:15032, 49a99776-1504-4c11-88b9-d65d97124402|10.1.0.21:15014, 0ea19766-ee81-4032-bca9-1401e49b4249|10.1.0.21:15023]|listeners:[], old=null
2024-02-27 07:08:57,143 [d20e48e4-5d22-4482-8ef9-383a12f89d83@group-BC30AB0341DB-LeaderElection7] INFO  impl.LeaderElection (LeaderElection.java:logAndReturn(89)) - d20e48e4-5d22-4482-8ef9-383a12f89d83@group-BC30AB0341DB-LeaderElection7: ELECTION PASSED received 1 response(s) and 0 exception(s):
2024-02-27 07:08:57,143 [d20e48e4-5d22-4482-8ef9-383a12f89d83@group-BC30AB0341DB-LeaderElection7] INFO  impl.LeaderElection (LeaderElection.java:logAndReturn(93)) -   Response 0: d20e48e4-5d22-4482-8ef9-383a12f89d83<-49a99776-1504-4c11-88b9-d65d97124402#0:OK-t1
2024-02-27 07:08:57,144 [d20e48e4-5d22-4482-8ef9-383a12f89d83@group-BC30AB0341DB-LeaderElection7] INFO  impl.LeaderElection (LeaderElection.java:askForVotes(323)) - d20e48e4-5d22-4482-8ef9-383a12f89d83@group-BC30AB0341DB-LeaderElection7 ELECTION round 0: result PASSED
2024-02-27 07:08:57,144 [d20e48e4-5d22-4482-8ef9-383a12f89d83@group-BC30AB0341DB-LeaderElection7] INFO  impl.RoleInfo (RoleInfo.java:shutdownLeaderElection(130)) - d20e48e4-5d22-4482-8ef9-383a12f89d83: shutdown d20e48e4-5d22-4482-8ef9-383a12f89d83@group-BC30AB0341DB-LeaderElection7
2024-02-27 07:08:57,145 [d20e48e4-5d22-4482-8ef9-383a12f89d83@group-BC30AB0341DB-LeaderElection7] INFO  server.RaftServer$Division (RaftServerImpl.java:setRole(383)) - d20e48e4-5d22-4482-8ef9-383a12f89d83@group-BC30AB0341DB: changes role from CANDIDATE to LEADER at term 1 for changeToLeader
2024-02-27 07:08:57,145 [d20e48e4-5d22-4482-8ef9-383a12f89d83@group-BC30AB0341DB-LeaderElection7] INFO  server.RaftServerConfigKeys (ConfUtils.java:logGet(46)) - raft.server.staging.catchup.gap = 1000 (default)
2024-02-27 07:08:57,145 [d20e48e4-5d22-4482-8ef9-383a12f89d83@group-BC30AB0341DB-LeaderElection7] INFO  server.RaftServerConfigKeys (ConfUtils.java:logGet(46)) - raft.server.write.element-limit = 1024 (custom)
2024-02-27 07:08:57,145 [d20e48e4-5d22-4482-8ef9-383a12f89d83@group-BC30AB0341DB-LeaderElection7] INFO  server.RaftServerConfigKeys (ConfUtils.java:logGet(46)) - raft.server.write.byte-limit = 1024 M (=1073741824) (custom)
2024-02-27 07:08:57,145 [d20e48e4-5d22-4482-8ef9-383a12f89d83@group-BC30AB0341DB-LeaderElection7] INFO  server.RaftServerConfigKeys (ConfUtils.java:logGet(46)) - raft.server.watch.timeout = 3000ms (custom)
2024-02-27 07:08:57,146 [d20e48e4-5d22-4482-8ef9-383a12f89d83@group-BC30AB0341DB-LeaderElection7] INFO  server.RaftServerConfigKeys (ConfUtils.java:logGet(46)) - raft.server.watch.timeout.denomination = 1s (default)
2024-02-27 07:08:57,146 [d20e48e4-5d22-4482-8ef9-383a12f89d83@group-BC30AB0341DB-LeaderElection7] INFO  server.RaftServerConfigKeys (ConfUtils.java:logGet(46)) - raft.server.watch.element-limit = 65536 (default)
2024-02-27 07:08:57,146 [d20e48e4-5d22-4482-8ef9-383a12f89d83@group-BC30AB0341DB-LeaderElection7] INFO  server.RaftServerConfigKeys (ConfUtils.java:logGet(46)) - raft.server.read.leader.lease.enabled = false (default)
2024-02-27 07:08:57,146 [d20e48e4-5d22-4482-8ef9-383a12f89d83@group-BC30AB0341DB-LeaderElection7] INFO  server.RaftServerConfigKeys (ConfUtils.java:logGet(46)) - raft.server.read.leader.lease.timeout.ratio = 0.9 (default)
2024-02-27 07:08:57,146 [d20e48e4-5d22-4482-8ef9-383a12f89d83@group-BC30AB0341DB-LeaderElection7] INFO  server.RaftServerConfigKeys (ConfUtils.java:logGet(46)) - raft.server.rpc.timeout.min = 5s (custom)
2024-02-27 07:08:57,146 [d20e48e4-5d22-4482-8ef9-383a12f89d83@group-BC30AB0341DB-LeaderElection7] INFO  server.RaftServerConfigKeys (ConfUtils.java:logGet(46)) - raft.server.write.element-limit = 1024 (custom)
2024-02-27 07:08:57,146 [d20e48e4-5d22-4482-8ef9-383a12f89d83@group-BC30AB0341DB-LeaderElection7] INFO  server.RaftServerConfigKeys (ConfUtils.java:logGet(46)) - raft.server.write.follower.gap.ratio.max = -1.0 (default)
2024-02-27 07:08:57,149 [grpc-default-executor-0] INFO  server.RaftServer$Division (RaftServerImpl.java:requestVote(1422)) - 0ea19766-ee81-4032-bca9-1401e49b4249@group-BC30AB0341DB replies to ELECTION vote request: d20e48e4-5d22-4482-8ef9-383a12f89d83<-0ea19766-ee81-4032-bca9-1401e49b4249#0:OK-t1. Peer's state: 0ea19766-ee81-4032-bca9-1401e49b4249@group-BC30AB0341DB:t1, leader=null, voted=d20e48e4-5d22-4482-8ef9-383a12f89d83, raftlog=Memoized:0ea19766-ee81-4032-bca9-1401e49b4249@group-BC30AB0341DB-SegmentedRaftLog:OPENED:c-1, conf=-1: peers:[d20e48e4-5d22-4482-8ef9-383a12f89d83|10.1.0.21:15032, 49a99776-1504-4c11-88b9-d65d97124402|10.1.0.21:15014, 0ea19766-ee81-4032-bca9-1401e49b4249|10.1.0.21:15023]|listeners:[], old=null
2024-02-27 07:08:57,157 [d20e48e4-5d22-4482-8ef9-383a12f89d83@group-BC30AB0341DB-LeaderElection7] INFO  server.RaftServerConfigKeys (ConfUtils.java:logGet(46)) - raft.server.log.appender.snapshot.chunk.size.max = 16MB (=16777216) (default)
2024-02-27 07:08:57,158 [d20e48e4-5d22-4482-8ef9-383a12f89d83@group-BC30AB0341DB-LeaderElection7] INFO  server.RaftServerConfigKeys (ConfUtils.java:logGet(46)) - raft.server.log.appender.buffer.byte-limit = 8388608 (custom)
2024-02-27 07:08:57,158 [d20e48e4-5d22-4482-8ef9-383a12f89d83@group-BC30AB0341DB-LeaderElection7] INFO  server.RaftServerConfigKeys (ConfUtils.java:logGet(46)) - raft.server.log.appender.buffer.element-limit = 1 (custom)
2024-02-27 07:08:57,160 [d20e48e4-5d22-4482-8ef9-383a12f89d83@group-BC30AB0341DB-LeaderElection7] INFO  server.RaftServerConfigKeys (ConfUtils.java:logGet(46)) - raft.server.log.appender.wait-time.min = 0ms (custom)
2024-02-27 07:08:57,161 [d20e48e4-5d22-4482-8ef9-383a12f89d83@group-BC30AB0341DB-LeaderElection7] INFO  grpc.GrpcConfigKeys (ConfUtils.java:logGet(46)) - raft.grpc.server.leader.outstanding.appends.max = 8 (default)
2024-02-27 07:08:57,161 [d20e48e4-5d22-4482-8ef9-383a12f89d83@group-BC30AB0341DB-LeaderElection7] INFO  server.RaftServerConfigKeys (ConfUtils.java:logGet(46)) - raft.server.rpc.request.timeout = 3000ms (default)
2024-02-27 07:08:57,161 [d20e48e4-5d22-4482-8ef9-383a12f89d83@group-BC30AB0341DB-LeaderElection7] INFO  grpc.GrpcConfigKeys (ConfUtils.java:logGet(46)) - raft.grpc.server.install_snapshot.request.element-limit = 8 (default)
2024-02-27 07:08:57,161 [d20e48e4-5d22-4482-8ef9-383a12f89d83@group-BC30AB0341DB-LeaderElection7] INFO  grpc.GrpcConfigKeys (ConfUtils.java:logGet(46)) - raft.grpc.server.install_snapshot.request.timeout = 3000ms (default)
2024-02-27 07:08:57,161 [d20e48e4-5d22-4482-8ef9-383a12f89d83@group-BC30AB0341DB-LeaderElection7] INFO  grpc.GrpcConfigKeys (ConfUtils.java:logGet(46)) - raft.grpc.server.log-message.batch.duration = 5s (default)
2024-02-27 07:08:57,162 [d20e48e4-5d22-4482-8ef9-383a12f89d83@group-BC30AB0341DB-LeaderElection7] INFO  server.RaftServerConfigKeys (ConfUtils.java:logGet(46)) - raft.server.log.appender.install.snapshot.enabled = false (custom)
2024-02-27 07:08:57,162 [d20e48e4-5d22-4482-8ef9-383a12f89d83@group-BC30AB0341DB-LeaderElection7] INFO  grpc.GrpcConfigKeys (ConfUtils.java:logGet(46)) - raft.grpc.server.heartbeat.channel = true (default)
2024-02-27 07:08:57,164 [d20e48e4-5d22-4482-8ef9-383a12f89d83@group-BC30AB0341DB-LeaderElection7] INFO  server.RaftServerConfigKeys (ConfUtils.java:logGet(46)) - raft.server.log.appender.snapshot.chunk.size.max = 16MB (=16777216) (default)
2024-02-27 07:08:57,164 [d20e48e4-5d22-4482-8ef9-383a12f89d83@group-BC30AB0341DB-LeaderElection7] INFO  server.RaftServerConfigKeys (ConfUtils.java:logGet(46)) - raft.server.log.appender.buffer.byte-limit = 8388608 (custom)
2024-02-27 07:08:57,164 [d20e48e4-5d22-4482-8ef9-383a12f89d83@group-BC30AB0341DB-LeaderElection7] INFO  server.RaftServerConfigKeys (ConfUtils.java:logGet(46)) - raft.server.log.appender.buffer.element-limit = 1 (custom)
2024-02-27 07:08:57,164 [d20e48e4-5d22-4482-8ef9-383a12f89d83@group-BC30AB0341DB-LeaderElection7] INFO  server.RaftServerConfigKeys (ConfUtils.java:logGet(46)) - raft.server.log.appender.wait-time.min = 0ms (custom)
2024-02-27 07:08:57,164 [d20e48e4-5d22-4482-8ef9-383a12f89d83@group-BC30AB0341DB-LeaderElection7] INFO  grpc.GrpcConfigKeys (ConfUtils.java:logGet(46)) - raft.grpc.server.leader.outstanding.appends.max = 8 (default)
2024-02-27 07:08:57,165 [d20e48e4-5d22-4482-8ef9-383a12f89d83@group-BC30AB0341DB-LeaderElection7] INFO  server.RaftServerConfigKeys (ConfUtils.java:logGet(46)) - raft.server.rpc.request.timeout = 3000ms (default)
2024-02-27 07:08:57,165 [d20e48e4-5d22-4482-8ef9-383a12f89d83@group-BC30AB0341DB-LeaderElection7] INFO  grpc.GrpcConfigKeys (ConfUtils.java:logGet(46)) - raft.grpc.server.install_snapshot.request.element-limit = 8 (default)
2024-02-27 07:08:57,165 [d20e48e4-5d22-4482-8ef9-383a12f89d83@group-BC30AB0341DB-LeaderElection7] INFO  grpc.GrpcConfigKeys (ConfUtils.java:logGet(46)) - raft.grpc.server.install_snapshot.request.timeout = 3000ms (default)
2024-02-27 07:08:57,165 [d20e48e4-5d22-4482-8ef9-383a12f89d83@group-BC30AB0341DB-LeaderElection7] INFO  grpc.GrpcConfigKeys (ConfUtils.java:logGet(46)) - raft.grpc.server.log-message.batch.duration = 5s (default)
2024-02-27 07:08:57,165 [d20e48e4-5d22-4482-8ef9-383a12f89d83@group-BC30AB0341DB-LeaderElection7] INFO  server.RaftServerConfigKeys (ConfUtils.java:logGet(46)) - raft.server.log.appender.install.snapshot.enabled = false (custom)
2024-02-27 07:08:57,165 [d20e48e4-5d22-4482-8ef9-383a12f89d83@group-BC30AB0341DB-LeaderElection7] INFO  grpc.GrpcConfigKeys (ConfUtils.java:logGet(46)) - raft.grpc.server.heartbeat.channel = true (default)
2024-02-27 07:08:57,165 [d20e48e4-5d22-4482-8ef9-383a12f89d83@group-BC30AB0341DB-LeaderElection7] INFO  impl.RoleInfo (RoleInfo.java:updateAndGet(139)) - d20e48e4-5d22-4482-8ef9-383a12f89d83: start d20e48e4-5d22-4482-8ef9-383a12f89d83@group-BC30AB0341DB-LeaderStateImpl
2024-02-27 07:08:57,166 [d20e48e4-5d22-4482-8ef9-383a12f89d83@group-BC30AB0341DB-LeaderElection7] INFO  server.RaftServer$Division (RaftServerImpl.java:setFirstElection(574)) - d20e48e4-5d22-4482-8ef9-383a12f89d83@group-BC30AB0341DB: set firstElectionSinceStartup to false for becomeLeader
2024-02-27 07:08:57,166 [d20e48e4-5d22-4482-8ef9-383a12f89d83@group-BC30AB0341DB-LeaderElection7] INFO  ratis.XceiverServerRatis (XceiverServerRatis.java:handleLeaderChangedNotification(966)) - Leader change notification received for group: group-BC30AB0341DB with new leaderId: d20e48e4-5d22-4482-8ef9-383a12f89d83
2024-02-27 07:08:57,166 [d20e48e4-5d22-4482-8ef9-383a12f89d83@group-BC30AB0341DB-LeaderElection7] INFO  server.RaftServer$Division (ServerState.java:setLeader(269)) - d20e48e4-5d22-4482-8ef9-383a12f89d83@group-BC30AB0341DB: change Leader from null to d20e48e4-5d22-4482-8ef9-383a12f89d83 at term 1 for becomeLeader, leader elected after 5202ms
2024-02-27 07:08:57,166 [d20e48e4-5d22-4482-8ef9-383a12f89d83@group-BC30AB0341DB-LeaderElection7] INFO  segmented.SegmentedRaftLogWorker (SegmentedRaftLogWorker.java:startLogSegment(430)) - d20e48e4-5d22-4482-8ef9-383a12f89d83@group-BC30AB0341DB-SegmentedRaftLogWorker: Starting segment from index:0
2024-02-27 07:08:57,167 [d20e48e4-5d22-4482-8ef9-383a12f89d83@group-BC30AB0341DB-SegmentedRaftLogWorker] INFO  segmented.BufferedWriteChannel (BufferedWriteChannel.java:open(62)) - open log_inprogress_0 at position 0
2024-02-27 07:08:57,168 [EventQueue-PipelineReportForPipelineReportHandler] INFO  pipeline.PipelineReportHandler (PipelineReportHandler.java:processPipelineReport(136)) - Opened pipeline PipelineID=aaf4bc7a-0b34-48fc-840c-bc30ab0341db
2024-02-27 07:08:57,168 [EventQueue-OpenPipelineForHealthyPipelineSafeModeRule] INFO  safemode.SCMSafeModeManager (HealthyPipelineSafeModeRule.java:process(140)) - SCM in safe mode. Healthy pipelines reported count is 1, required healthy pipeline reported count is 1
2024-02-27 07:08:57,168 [EventQueue-OpenPipelineForHealthyPipelineSafeModeRule] INFO  safemode.SCMSafeModeManager (SCMSafeModeManager.java:validateSafeModeExitRules(200)) - HealthyPipelineSafeModeRule rule is successfully validated
2024-02-27 07:08:57,168 [EventQueue-OpenPipelineForHealthyPipelineSafeModeRule] INFO  safemode.SCMSafeModeManager (SCMSafeModeManager.java:validateSafeModeExitRules(215)) - ScmSafeModeManager, all rules are successfully validated
2024-02-27 07:08:57,168 [EventQueue-OpenPipelineForHealthyPipelineSafeModeRule] INFO  safemode.SCMSafeModeManager (SCMSafeModeManager.java:exitSafeMode(244)) - SCM exiting safe mode.
2024-02-27 07:08:57,168 [EventQueue-OpenPipelineForHealthyPipelineSafeModeRule] INFO  ha.SCMContext (SCMContext.java:updateSafeModeStatus(225)) - Update SafeModeStatus from SafeModeStatus{safeModeStatus=true, preCheckPassed=true} to SafeModeStatus{safeModeStatus=false, preCheckPassed=true}.
2024-02-27 07:08:57,168 [EventQueue-OpenPipelineForHealthyPipelineSafeModeRule] INFO  pipeline.BackgroundPipelineCreator (BackgroundPipelineCreator.java:notifyStatusChanged(258)) - Service BackgroundPipelineCreator transitions to RUNNING.
2024-02-27 07:08:57,169 [EventQueue-OpenPipelineForHealthyPipelineSafeModeRule] INFO  BackgroundPipelineScrubber (BackgroundSCMService.java:notifyStatusChanged(79)) - Service BackgroundPipelineScrubber transitions to RUNNING.
2024-02-27 07:08:57,169 [EventQueue-OpenPipelineForHealthyPipelineSafeModeRule] INFO  ExpiredContainerReplicaOpScrubber (BackgroundSCMService.java:notifyStatusChanged(79)) - Service ExpiredContainerReplicaOpScrubber transitions to RUNNING.
2024-02-27 07:08:57,169 [EventQueue-OpenPipelineForHealthyPipelineSafeModeRule] INFO  block.SCMBlockDeletingService (SCMBlockDeletingService.java:notifyStatusChanged(247)) - notifyStatusChanged:RUNNING
2024-02-27 07:08:57,169 [EventQueue-OpenPipelineForHealthyPipelineSafeModeRule] INFO  replication.ReplicationManager (ReplicationManager.java:notifyStatusChanged(1402)) - Service ReplicationManager transitions to RUNNING.
2024-02-27 07:08:57,172 [d20e48e4-5d22-4482-8ef9-383a12f89d83@group-BC30AB0341DB-LeaderElection7] INFO  server.RaftServer$Division (ServerState.java:setRaftConf(386)) - d20e48e4-5d22-4482-8ef9-383a12f89d83@group-BC30AB0341DB: set configuration 0: peers:[d20e48e4-5d22-4482-8ef9-383a12f89d83|10.1.0.21:15032, 49a99776-1504-4c11-88b9-d65d97124402|10.1.0.21:15014, 0ea19766-ee81-4032-bca9-1401e49b4249|10.1.0.21:15023]|listeners:[], old=null
2024-02-27 07:08:57,173 [EventQueue-OpenPipelineForHealthyPipelineSafeModeRule] WARN  balancer.ContainerBalancer (ContainerBalancer.java:shouldRun(134)) - Could not find persisted configuration for ContainerBalancer when checking if ContainerBalancer should run. ContainerBalancer should not run now.
2024-02-27 07:08:57,177 [d20e48e4-5d22-4482-8ef9-383a12f89d83@group-BC30AB0341DB-SegmentedRaftLogWorker] INFO  segmented.SegmentedRaftLogWorker (SegmentedRaftLogWorker.java:execute(634)) - d20e48e4-5d22-4482-8ef9-383a12f89d83@group-BC30AB0341DB-SegmentedRaftLogWorker: created new log segment /home/runner/work/ozone/ozone/hadoop-ozone/integration-test/target/test-dir/MiniOzoneClusterImpl-73680b39-f248-4dab-999a-9bb96057e508/ozone-meta/datanode-3/ratis/aaf4bc7a-0b34-48fc-840c-bc30ab0341db/current/log_inprogress_0
2024-02-27 07:08:57,211 [0ea19766-ee81-4032-bca9-1401e49b4249-server-thread1] INFO  ratis.XceiverServerRatis (XceiverServerRatis.java:handleLeaderChangedNotification(966)) - Leader change notification received for group: group-BC30AB0341DB with new leaderId: d20e48e4-5d22-4482-8ef9-383a12f89d83
2024-02-27 07:08:57,211 [0ea19766-ee81-4032-bca9-1401e49b4249-server-thread1] INFO  server.RaftServer$Division (ServerState.java:setLeader(269)) - 0ea19766-ee81-4032-bca9-1401e49b4249@group-BC30AB0341DB: change Leader from null to d20e48e4-5d22-4482-8ef9-383a12f89d83 at term 1 for appendEntries, leader elected after 5345ms
2024-02-27 07:08:57,213 [49a99776-1504-4c11-88b9-d65d97124402-server-thread1] INFO  ratis.XceiverServerRatis (XceiverServerRatis.java:handleLeaderChangedNotification(966)) - Leader change notification received for group: group-BC30AB0341DB with new leaderId: d20e48e4-5d22-4482-8ef9-383a12f89d83
2024-02-27 07:08:57,213 [49a99776-1504-4c11-88b9-d65d97124402-server-thread1] INFO  server.RaftServer$Division (ServerState.java:setLeader(269)) - 49a99776-1504-4c11-88b9-d65d97124402@group-BC30AB0341DB: change Leader from null to d20e48e4-5d22-4482-8ef9-383a12f89d83 at term 1 for appendEntries, leader elected after 5450ms
2024-02-27 07:08:57,216 [0ea19766-ee81-4032-bca9-1401e49b4249-server-thread3] INFO  server.RaftServer$Division (ServerState.java:setRaftConf(386)) - 0ea19766-ee81-4032-bca9-1401e49b4249@group-BC30AB0341DB: set configuration 0: peers:[d20e48e4-5d22-4482-8ef9-383a12f89d83|10.1.0.21:15032, 49a99776-1504-4c11-88b9-d65d97124402|10.1.0.21:15014, 0ea19766-ee81-4032-bca9-1401e49b4249|10.1.0.21:15023]|listeners:[], old=null
2024-02-27 07:08:57,218 [0ea19766-ee81-4032-bca9-1401e49b4249-server-thread3] INFO  segmented.SegmentedRaftLogWorker (SegmentedRaftLogWorker.java:startLogSegment(430)) - 0ea19766-ee81-4032-bca9-1401e49b4249@group-BC30AB0341DB-SegmentedRaftLogWorker: Starting segment from index:0
2024-02-27 07:08:57,218 [0ea19766-ee81-4032-bca9-1401e49b4249@group-BC30AB0341DB-SegmentedRaftLogWorker] INFO  segmented.BufferedWriteChannel (BufferedWriteChannel.java:open(62)) - open log_inprogress_0 at position 0
2024-02-27 07:08:57,220 [49a99776-1504-4c11-88b9-d65d97124402-server-thread3] INFO  server.RaftServer$Division (ServerState.java:setRaftConf(386)) - 49a99776-1504-4c11-88b9-d65d97124402@group-BC30AB0341DB: set configuration 0: peers:[d20e48e4-5d22-4482-8ef9-383a12f89d83|10.1.0.21:15032, 49a99776-1504-4c11-88b9-d65d97124402|10.1.0.21:15014, 0ea19766-ee81-4032-bca9-1401e49b4249|10.1.0.21:15023]|listeners:[], old=null
2024-02-27 07:08:57,220 [49a99776-1504-4c11-88b9-d65d97124402-server-thread3] INFO  segmented.SegmentedRaftLogWorker (SegmentedRaftLogWorker.java:startLogSegment(430)) - 49a99776-1504-4c11-88b9-d65d97124402@group-BC30AB0341DB-SegmentedRaftLogWorker: Starting segment from index:0
2024-02-27 07:08:57,221 [49a99776-1504-4c11-88b9-d65d97124402@group-BC30AB0341DB-SegmentedRaftLogWorker] INFO  segmented.BufferedWriteChannel (BufferedWriteChannel.java:open(62)) - open log_inprogress_0 at position 0
2024-02-27 07:08:57,230 [49a99776-1504-4c11-88b9-d65d97124402@group-BC30AB0341DB-SegmentedRaftLogWorker] INFO  segmented.SegmentedRaftLogWorker (SegmentedRaftLogWorker.java:execute(634)) - 49a99776-1504-4c11-88b9-d65d97124402@group-BC30AB0341DB-SegmentedRaftLogWorker: created new log segment /home/runner/work/ozone/ozone/hadoop-ozone/integration-test/target/test-dir/MiniOzoneClusterImpl-73680b39-f248-4dab-999a-9bb96057e508/ozone-meta/datanode-1/ratis/aaf4bc7a-0b34-48fc-840c-bc30ab0341db/current/log_inprogress_0
2024-02-27 07:08:57,236 [0ea19766-ee81-4032-bca9-1401e49b4249@group-BC30AB0341DB-SegmentedRaftLogWorker] INFO  segmented.SegmentedRaftLogWorker (SegmentedRaftLogWorker.java:execute(634)) - 0ea19766-ee81-4032-bca9-1401e49b4249@group-BC30AB0341DB-SegmentedRaftLogWorker: created new log segment /home/runner/work/ozone/ozone/hadoop-ozone/integration-test/target/test-dir/MiniOzoneClusterImpl-73680b39-f248-4dab-999a-9bb96057e508/ozone-meta/datanode-2/ratis/aaf4bc7a-0b34-48fc-840c-bc30ab0341db/current/log_inprogress_0
2024-02-27 07:08:57,241 [d20e48e4-5d22-4482-8ef9-383a12f89d83@group-BC30AB0341DB-StateMachineUpdater] INFO  server.RaftServer$Division (LeaderStateImpl.java:isApplied(320)) - leader is ready since appliedIndex == 0 >= startIndex == 0
2024-02-27 07:08:57,270 [main] INFO  ozone.MiniOzoneClusterImpl (MiniOzoneClusterImpl.java:lambda$waitForClusterToBeReady$0(195)) - Nodes are ready. Got 5 of 5 DN Heartbeats.
2024-02-27 07:08:57,270 [main] INFO  ozone.MiniOzoneClusterImpl (MiniOzoneClusterImpl.java:lambda$waitForClusterToBeReady$0(198)) - Cluster exits safe mode
2024-02-27 07:08:57,270 [main] INFO  ozone.MiniOzoneClusterImpl (MiniOzoneClusterImpl.java:lambda$waitForClusterToBeReady$0(200)) - SCM became leader
2024-02-27 07:08:57,329 [main] INFO  protocolPB.OmTransportFactory (OmTransportFactory.java:createFactory(62)) - Loading OM transport implementation org.apache.hadoop.ozone.om.protocolPB.Hadoop3OmTransportFactory as specified by configuration.
2024-02-27 07:08:57,375 [3dfbfca7-47ad-43e6-bcff-63ae4fd7105e@group-BF925445C5D9-FollowerState] INFO  impl.FollowerState (FollowerState.java:run(143)) - 3dfbfca7-47ad-43e6-bcff-63ae4fd7105e@group-BF925445C5D9-FollowerState: change to CANDIDATE, lastRpcElapsedTime:5202312613ns, electionTimeout:5183ms
2024-02-27 07:08:57,376 [3dfbfca7-47ad-43e6-bcff-63ae4fd7105e@group-BF925445C5D9-FollowerState] INFO  impl.RoleInfo (RoleInfo.java:shutdownFollowerState(110)) - 3dfbfca7-47ad-43e6-bcff-63ae4fd7105e: shutdown 3dfbfca7-47ad-43e6-bcff-63ae4fd7105e@group-BF925445C5D9-FollowerState
2024-02-27 07:08:57,376 [3dfbfca7-47ad-43e6-bcff-63ae4fd7105e@group-BF925445C5D9-FollowerState] INFO  server.RaftServer$Division (RaftServerImpl.java:setRole(383)) - 3dfbfca7-47ad-43e6-bcff-63ae4fd7105e@group-BF925445C5D9: changes role from  FOLLOWER to CANDIDATE at term 0 for changeToCandidate
2024-02-27 07:08:57,377 [3dfbfca7-47ad-43e6-bcff-63ae4fd7105e@group-BF925445C5D9-FollowerState] INFO  server.RaftServerConfigKeys (ConfUtils.java:logGet(46)) - raft.server.leaderelection.pre-vote = true (default)
2024-02-27 07:08:57,377 [3dfbfca7-47ad-43e6-bcff-63ae4fd7105e@group-BF925445C5D9-FollowerState] INFO  impl.RoleInfo (RoleInfo.java:updateAndGet(139)) - 3dfbfca7-47ad-43e6-bcff-63ae4fd7105e: start 3dfbfca7-47ad-43e6-bcff-63ae4fd7105e@group-BF925445C5D9-LeaderElection8
2024-02-27 07:08:57,379 [3dfbfca7-47ad-43e6-bcff-63ae4fd7105e@group-BF925445C5D9-LeaderElection8] INFO  impl.LeaderElection (LeaderElection.java:askForVotes(321)) - 3dfbfca7-47ad-43e6-bcff-63ae4fd7105e@group-BF925445C5D9-LeaderElection8 PRE_VOTE round 0: submit vote requests at term 0 for -1: peers:[3dfbfca7-47ad-43e6-bcff-63ae4fd7105e|10.1.0.21:15041]|listeners:[], old=null
2024-02-27 07:08:57,379 [3dfbfca7-47ad-43e6-bcff-63ae4fd7105e@group-BF925445C5D9-LeaderElection8] INFO  impl.LeaderElection (LeaderElection.java:askForVotes(323)) - 3dfbfca7-47ad-43e6-bcff-63ae4fd7105e@group-BF925445C5D9-LeaderElection8 PRE_VOTE round 0: result PASSED (term=0)
2024-02-27 07:08:57,380 [3dfbfca7-47ad-43e6-bcff-63ae4fd7105e@group-BF925445C5D9-LeaderElection8] INFO  impl.LeaderElection (LeaderElection.java:askForVotes(321)) - 3dfbfca7-47ad-43e6-bcff-63ae4fd7105e@group-BF925445C5D9-LeaderElection8 ELECTION round 0: submit vote requests at term 1 for -1: peers:[3dfbfca7-47ad-43e6-bcff-63ae4fd7105e|10.1.0.21:15041]|listeners:[], old=null
2024-02-27 07:08:57,380 [3dfbfca7-47ad-43e6-bcff-63ae4fd7105e@group-BF925445C5D9-LeaderElection8] INFO  impl.LeaderElection (LeaderElection.java:askForVotes(323)) - 3dfbfca7-47ad-43e6-bcff-63ae4fd7105e@group-BF925445C5D9-LeaderElection8 ELECTION round 0: result PASSED (term=1)
2024-02-27 07:08:57,380 [3dfbfca7-47ad-43e6-bcff-63ae4fd7105e@group-BF925445C5D9-LeaderElection8] INFO  impl.RoleInfo (RoleInfo.java:shutdownLeaderElection(130)) - 3dfbfca7-47ad-43e6-bcff-63ae4fd7105e: shutdown 3dfbfca7-47ad-43e6-bcff-63ae4fd7105e@group-BF925445C5D9-LeaderElection8
2024-02-27 07:08:57,380 [3dfbfca7-47ad-43e6-bcff-63ae4fd7105e@group-BF925445C5D9-LeaderElection8] INFO  server.RaftServer$Division (RaftServerImpl.java:setRole(383)) - 3dfbfca7-47ad-43e6-bcff-63ae4fd7105e@group-BF925445C5D9: changes role from CANDIDATE to LEADER at term 1 for changeToLeader
2024-02-27 07:08:57,380 [3dfbfca7-47ad-43e6-bcff-63ae4fd7105e@group-BF925445C5D9-LeaderElection8] INFO  server.RaftServerConfigKeys (ConfUtils.java:logGet(46)) - raft.server.staging.catchup.gap = 1000 (default)
2024-02-27 07:08:57,381 [3dfbfca7-47ad-43e6-bcff-63ae4fd7105e@group-BF925445C5D9-LeaderElection8] INFO  server.RaftServerConfigKeys (ConfUtils.java:logGet(46)) - raft.server.write.element-limit = 1024 (custom)
2024-02-27 07:08:57,381 [3dfbfca7-47ad-43e6-bcff-63ae4fd7105e@group-BF925445C5D9-LeaderElection8] INFO  server.RaftServerConfigKeys (ConfUtils.java:logGet(46)) - raft.server.write.byte-limit = 1024 M (=1073741824) (custom)
2024-02-27 07:08:57,381 [3dfbfca7-47ad-43e6-bcff-63ae4fd7105e@group-BF925445C5D9-LeaderElection8] INFO  server.RaftServerConfigKeys (ConfUtils.java:logGet(46)) - raft.server.watch.timeout = 3000ms (custom)
2024-02-27 07:08:57,381 [3dfbfca7-47ad-43e6-bcff-63ae4fd7105e@group-BF925445C5D9-LeaderElection8] INFO  server.RaftServerConfigKeys (ConfUtils.java:logGet(46)) - raft.server.watch.timeout.denomination = 1s (default)
2024-02-27 07:08:57,381 [3dfbfca7-47ad-43e6-bcff-63ae4fd7105e@group-BF925445C5D9-LeaderElection8] INFO  server.RaftServerConfigKeys (ConfUtils.java:logGet(46)) - raft.server.watch.element-limit = 65536 (default)
2024-02-27 07:08:57,381 [3dfbfca7-47ad-43e6-bcff-63ae4fd7105e@group-BF925445C5D9-LeaderElection8] INFO  server.RaftServerConfigKeys (ConfUtils.java:logGet(46)) - raft.server.read.leader.lease.enabled = false (default)
2024-02-27 07:08:57,381 [3dfbfca7-47ad-43e6-bcff-63ae4fd7105e@group-BF925445C5D9-LeaderElection8] INFO  server.RaftServerConfigKeys (ConfUtils.java:logGet(46)) - raft.server.read.leader.lease.timeout.ratio = 0.9 (default)
2024-02-27 07:08:57,381 [3dfbfca7-47ad-43e6-bcff-63ae4fd7105e@group-BF925445C5D9-LeaderElection8] INFO  server.RaftServerConfigKeys (ConfUtils.java:logGet(46)) - raft.server.rpc.timeout.min = 5s (custom)
2024-02-27 07:08:57,381 [3dfbfca7-47ad-43e6-bcff-63ae4fd7105e@group-BF925445C5D9-LeaderElection8] INFO  server.RaftServerConfigKeys (ConfUtils.java:logGet(46)) - raft.server.write.element-limit = 1024 (custom)
2024-02-27 07:08:57,382 [3dfbfca7-47ad-43e6-bcff-63ae4fd7105e@group-BF925445C5D9-LeaderElection8] INFO  server.RaftServerConfigKeys (ConfUtils.java:logGet(46)) - raft.server.write.follower.gap.ratio.max = -1.0 (default)
2024-02-27 07:08:57,382 [3dfbfca7-47ad-43e6-bcff-63ae4fd7105e@group-BF925445C5D9-LeaderElection8] INFO  impl.RoleInfo (RoleInfo.java:updateAndGet(139)) - 3dfbfca7-47ad-43e6-bcff-63ae4fd7105e: start 3dfbfca7-47ad-43e6-bcff-63ae4fd7105e@group-BF925445C5D9-LeaderStateImpl
2024-02-27 07:08:57,382 [3dfbfca7-47ad-43e6-bcff-63ae4fd7105e@group-BF925445C5D9-LeaderElection8] INFO  server.RaftServer$Division (RaftServerImpl.java:setFirstElection(574)) - 3dfbfca7-47ad-43e6-bcff-63ae4fd7105e@group-BF925445C5D9: set firstElectionSinceStartup to false for becomeLeader
2024-02-27 07:08:57,382 [3dfbfca7-47ad-43e6-bcff-63ae4fd7105e@group-BF925445C5D9-LeaderElection8] INFO  ratis.XceiverServerRatis (XceiverServerRatis.java:handleLeaderChangedNotification(966)) - Leader change notification received for group: group-BF925445C5D9 with new leaderId: 3dfbfca7-47ad-43e6-bcff-63ae4fd7105e
2024-02-27 07:08:57,382 [3dfbfca7-47ad-43e6-bcff-63ae4fd7105e@group-BF925445C5D9-LeaderElection8] INFO  server.RaftServer$Division (ServerState.java:setLeader(269)) - 3dfbfca7-47ad-43e6-bcff-63ae4fd7105e@group-BF925445C5D9: change Leader from null to 3dfbfca7-47ad-43e6-bcff-63ae4fd7105e at term 1 for becomeLeader, leader elected after 5263ms
2024-02-27 07:08:57,382 [3dfbfca7-47ad-43e6-bcff-63ae4fd7105e@group-BF925445C5D9-LeaderElection8] INFO  segmented.SegmentedRaftLogWorker (SegmentedRaftLogWorker.java:startLogSegment(430)) - 3dfbfca7-47ad-43e6-bcff-63ae4fd7105e@group-BF925445C5D9-SegmentedRaftLogWorker: Starting segment from index:0
2024-02-27 07:08:57,382 [3dfbfca7-47ad-43e6-bcff-63ae4fd7105e@group-BF925445C5D9-SegmentedRaftLogWorker] INFO  segmented.BufferedWriteChannel (BufferedWriteChannel.java:open(62)) - open log_inprogress_0 at position 0
2024-02-27 07:08:57,387 [3dfbfca7-47ad-43e6-bcff-63ae4fd7105e@group-BF925445C5D9-LeaderElection8] INFO  server.RaftServer$Division (ServerState.java:setRaftConf(386)) - 3dfbfca7-47ad-43e6-bcff-63ae4fd7105e@group-BF925445C5D9: set configuration 0: peers:[3dfbfca7-47ad-43e6-bcff-63ae4fd7105e|10.1.0.21:15041]|listeners:[], old=null
2024-02-27 07:08:57,393 [3dfbfca7-47ad-43e6-bcff-63ae4fd7105e@group-BF925445C5D9-SegmentedRaftLogWorker] INFO  segmented.SegmentedRaftLogWorker (SegmentedRaftLogWorker.java:execute(634)) - 3dfbfca7-47ad-43e6-bcff-63ae4fd7105e@group-BF925445C5D9-SegmentedRaftLogWorker: created new log segment /home/runner/work/ozone/ozone/hadoop-ozone/integration-test/target/test-dir/MiniOzoneClusterImpl-73680b39-f248-4dab-999a-9bb96057e508/ozone-meta/datanode-4/ratis/c26aed1a-2949-4f02-8c3e-bf925445c5d9/current/log_inprogress_0
2024-02-27 07:08:57,395 [3dfbfca7-47ad-43e6-bcff-63ae4fd7105e@group-BF925445C5D9-StateMachineUpdater] INFO  server.RaftServer$Division (LeaderStateImpl.java:isApplied(320)) - leader is ready since appliedIndex == 0 >= startIndex == 0
2024-02-27 07:08:57,406 [d20e48e4-5d22-4482-8ef9-383a12f89d83@group-2F02199C2BFB-FollowerState] INFO  impl.FollowerState (FollowerState.java:run(143)) - d20e48e4-5d22-4482-8ef9-383a12f89d83@group-2F02199C2BFB-FollowerState: change to CANDIDATE, lastRpcElapsedTime:5052173668ns, electionTimeout:5039ms
2024-02-27 07:08:57,406 [d20e48e4-5d22-4482-8ef9-383a12f89d83@group-2F02199C2BFB-FollowerState] INFO  impl.RoleInfo (RoleInfo.java:shutdownFollowerState(110)) - d20e48e4-5d22-4482-8ef9-383a12f89d83: shutdown d20e48e4-5d22-4482-8ef9-383a12f89d83@group-2F02199C2BFB-FollowerState
2024-02-27 07:08:57,406 [d20e48e4-5d22-4482-8ef9-383a12f89d83@group-2F02199C2BFB-FollowerState] INFO  server.RaftServer$Division (RaftServerImpl.java:setRole(383)) - d20e48e4-5d22-4482-8ef9-383a12f89d83@group-2F02199C2BFB: changes role from  FOLLOWER to CANDIDATE at term 0 for changeToCandidate
2024-02-27 07:08:57,407 [d20e48e4-5d22-4482-8ef9-383a12f89d83@group-2F02199C2BFB-FollowerState] INFO  server.RaftServerConfigKeys (ConfUtils.java:logGet(46)) - raft.server.leaderelection.pre-vote = true (default)
2024-02-27 07:08:57,407 [d20e48e4-5d22-4482-8ef9-383a12f89d83@group-2F02199C2BFB-FollowerState] INFO  impl.RoleInfo (RoleInfo.java:updateAndGet(139)) - d20e48e4-5d22-4482-8ef9-383a12f89d83: start d20e48e4-5d22-4482-8ef9-383a12f89d83@group-2F02199C2BFB-LeaderElection9
2024-02-27 07:08:57,410 [d20e48e4-5d22-4482-8ef9-383a12f89d83@group-2F02199C2BFB-LeaderElection9] INFO  impl.LeaderElection (LeaderElection.java:askForVotes(321)) - d20e48e4-5d22-4482-8ef9-383a12f89d83@group-2F02199C2BFB-LeaderElection9 PRE_VOTE round 0: submit vote requests at term 0 for -1: peers:[d20e48e4-5d22-4482-8ef9-383a12f89d83|10.1.0.21:15032, 49a99776-1504-4c11-88b9-d65d97124402|10.1.0.21:15014, 0ea19766-ee81-4032-bca9-1401e49b4249|10.1.0.21:15023]|listeners:[], old=null
2024-02-27 07:08:57,418 [grpc-default-executor-0] INFO  server.RaftServer$Division (RaftServerImpl.java:requestVote(1389)) - 49a99776-1504-4c11-88b9-d65d97124402@group-2F02199C2BFB: receive requestVote(PRE_VOTE, d20e48e4-5d22-4482-8ef9-383a12f89d83, group-2F02199C2BFB, 0, (t:0, i:0))
2024-02-27 07:08:57,418 [grpc-default-executor-0] INFO  impl.VoteContext (VoteContext.java:log(49)) - 49a99776-1504-4c11-88b9-d65d97124402@group-2F02199C2BFB-FOLLOWER: reject PRE_VOTE from d20e48e4-5d22-4482-8ef9-383a12f89d83: our priority 1 > candidate's priority 0
2024-02-27 07:08:57,418 [grpc-default-executor-0] INFO  server.RaftServer$Division (RaftServerImpl.java:requestVote(1422)) - 49a99776-1504-4c11-88b9-d65d97124402@group-2F02199C2BFB replies to PRE_VOTE vote request: d20e48e4-5d22-4482-8ef9-383a12f89d83<-49a99776-1504-4c11-88b9-d65d97124402#0:FAIL-t0. Peer's state: 49a99776-1504-4c11-88b9-d65d97124402@group-2F02199C2BFB:t0, leader=null, voted=, raftlog=Memoized:49a99776-1504-4c11-88b9-d65d97124402@group-2F02199C2BFB-SegmentedRaftLog:OPENED:c-1, conf=-1: peers:[d20e48e4-5d22-4482-8ef9-383a12f89d83|10.1.0.21:15032, 49a99776-1504-4c11-88b9-d65d97124402|10.1.0.21:15014, 0ea19766-ee81-4032-bca9-1401e49b4249|10.1.0.21:15023]|listeners:[], old=null
2024-02-27 07:08:57,418 [d20e48e4-5d22-4482-8ef9-383a12f89d83@group-2F02199C2BFB-LeaderElection9] INFO  server.RaftServerConfigKeys (ConfUtils.java:logFallback(53)) - raft.server.rpc.first-election.timeout.min = 5s (fallback to raft.server.rpc.timeout.min)
2024-02-27 07:08:57,418 [d20e48e4-5d22-4482-8ef9-383a12f89d83@group-2F02199C2BFB-LeaderElection9] INFO  server.RaftServerConfigKeys (ConfUtils.java:logFallback(53)) - raft.server.rpc.first-election.timeout.max = 5200ms (fallback to raft.server.rpc.timeout.max)
2024-02-27 07:08:57,421 [d20e48e4-5d22-4482-8ef9-383a12f89d83@group-2F02199C2BFB-LeaderElection9] INFO  impl.LeaderElection (LeaderElection.java:logAndReturn(89)) - d20e48e4-5d22-4482-8ef9-383a12f89d83@group-2F02199C2BFB-LeaderElection9: PRE_VOTE REJECTED received 1 response(s) and 0 exception(s):
2024-02-27 07:08:57,421 [d20e48e4-5d22-4482-8ef9-383a12f89d83@group-2F02199C2BFB-LeaderElection9] INFO  impl.LeaderElection (LeaderElection.java:logAndReturn(93)) -   Response 0: d20e48e4-5d22-4482-8ef9-383a12f89d83<-49a99776-1504-4c11-88b9-d65d97124402#0:FAIL-t0
2024-02-27 07:08:57,421 [d20e48e4-5d22-4482-8ef9-383a12f89d83@group-2F02199C2BFB-LeaderElection9] INFO  impl.LeaderElection (LeaderElection.java:askForVotes(323)) - d20e48e4-5d22-4482-8ef9-383a12f89d83@group-2F02199C2BFB-LeaderElection9 PRE_VOTE round 0: result REJECTED
2024-02-27 07:08:57,421 [d20e48e4-5d22-4482-8ef9-383a12f89d83@group-2F02199C2BFB-LeaderElection9] INFO  server.RaftServer$Division (RaftServerImpl.java:setRole(383)) - d20e48e4-5d22-4482-8ef9-383a12f89d83@group-2F02199C2BFB: changes role from CANDIDATE to FOLLOWER at term 0 for REJECTED
2024-02-27 07:08:57,421 [d20e48e4-5d22-4482-8ef9-383a12f89d83@group-2F02199C2BFB-LeaderElection9] INFO  impl.RoleInfo (RoleInfo.java:shutdownLeaderElection(130)) - d20e48e4-5d22-4482-8ef9-383a12f89d83: shutdown d20e48e4-5d22-4482-8ef9-383a12f89d83@group-2F02199C2BFB-LeaderElection9
2024-02-27 07:08:57,422 [d20e48e4-5d22-4482-8ef9-383a12f89d83@group-2F02199C2BFB-LeaderElection9] INFO  impl.RoleInfo (RoleInfo.java:updateAndGet(139)) - d20e48e4-5d22-4482-8ef9-383a12f89d83: start d20e48e4-5d22-4482-8ef9-383a12f89d83@group-2F02199C2BFB-FollowerState
2024-02-27 07:08:57,422 [d20e48e4-5d22-4482-8ef9-383a12f89d83@group-2F02199C2BFB-LeaderElection9] INFO  server.RaftServer$Division (RaftServerImpl.java:setFirstElection(574)) - d20e48e4-5d22-4482-8ef9-383a12f89d83@group-2F02199C2BFB: set firstElectionSinceStartup to false for REJECTED
2024-02-27 07:08:57,423 [grpc-default-executor-0] INFO  server.RaftServer$Division (RaftServerImpl.java:requestVote(1389)) - 0ea19766-ee81-4032-bca9-1401e49b4249@group-2F02199C2BFB: receive requestVote(PRE_VOTE, d20e48e4-5d22-4482-8ef9-383a12f89d83, group-2F02199C2BFB, 0, (t:0, i:0))
2024-02-27 07:08:57,423 [grpc-default-executor-0] INFO  impl.VoteContext (VoteContext.java:log(49)) - 0ea19766-ee81-4032-bca9-1401e49b4249@group-2F02199C2BFB-FOLLOWER: accept PRE_VOTE from d20e48e4-5d22-4482-8ef9-383a12f89d83: our priority 0 <= candidate's priority 0
2024-02-27 07:08:57,423 [grpc-default-executor-0] INFO  server.RaftServer$Division (RaftServerImpl.java:requestVote(1422)) - 0ea19766-ee81-4032-bca9-1401e49b4249@group-2F02199C2BFB replies to PRE_VOTE vote request: d20e48e4-5d22-4482-8ef9-383a12f89d83<-0ea19766-ee81-4032-bca9-1401e49b4249#0:OK-t0. Peer's state: 0ea19766-ee81-4032-bca9-1401e49b4249@group-2F02199C2BFB:t0, leader=null, voted=, raftlog=Memoized:0ea19766-ee81-4032-bca9-1401e49b4249@group-2F02199C2BFB-SegmentedRaftLog:OPENED:c-1, conf=-1: peers:[d20e48e4-5d22-4482-8ef9-383a12f89d83|10.1.0.21:15032, 49a99776-1504-4c11-88b9-d65d97124402|10.1.0.21:15014, 0ea19766-ee81-4032-bca9-1401e49b4249|10.1.0.21:15023]|listeners:[], old=null
2024-02-27 07:08:57,499 [0ea19766-ee81-4032-bca9-1401e49b4249@group-2F02199C2BFB-FollowerState] INFO  server.RaftServerConfigKeys (ConfUtils.java:logFallback(53)) - raft.server.rpc.first-election.timeout.min = 5s (fallback to raft.server.rpc.timeout.min)
2024-02-27 07:08:57,499 [0ea19766-ee81-4032-bca9-1401e49b4249@group-2F02199C2BFB-FollowerState] INFO  server.RaftServerConfigKeys (ConfUtils.java:logFallback(53)) - raft.server.rpc.first-election.timeout.max = 5200ms (fallback to raft.server.rpc.timeout.max)
2024-02-27 07:08:57,580 [27436771-b26a-47df-862e-42af51f21969@group-A9AB421414B8-FollowerState] INFO  impl.FollowerState (FollowerState.java:run(143)) - 27436771-b26a-47df-862e-42af51f21969@group-A9AB421414B8-FollowerState: change to CANDIDATE, lastRpcElapsedTime:5190149605ns, electionTimeout:5180ms
2024-02-27 07:08:57,580 [27436771-b26a-47df-862e-42af51f21969@group-A9AB421414B8-FollowerState] INFO  impl.RoleInfo (RoleInfo.java:shutdownFollowerState(110)) - 27436771-b26a-47df-862e-42af51f21969: shutdown 27436771-b26a-47df-862e-42af51f21969@group-A9AB421414B8-FollowerState
2024-02-27 07:08:57,580 [27436771-b26a-47df-862e-42af51f21969@group-A9AB421414B8-FollowerState] INFO  server.RaftServer$Division (RaftServerImpl.java:setRole(383)) - 27436771-b26a-47df-862e-42af51f21969@group-A9AB421414B8: changes role from  FOLLOWER to CANDIDATE at term 0 for changeToCandidate
2024-02-27 07:08:57,581 [27436771-b26a-47df-862e-42af51f21969@group-A9AB421414B8-FollowerState] INFO  server.RaftServerConfigKeys (ConfUtils.java:logGet(46)) - raft.server.leaderelection.pre-vote = true (default)
2024-02-27 07:08:57,581 [27436771-b26a-47df-862e-42af51f21969@group-A9AB421414B8-FollowerState] INFO  impl.RoleInfo (RoleInfo.java:updateAndGet(139)) - 27436771-b26a-47df-862e-42af51f21969: start 27436771-b26a-47df-862e-42af51f21969@group-A9AB421414B8-LeaderElection10
2024-02-27 07:08:57,583 [27436771-b26a-47df-862e-42af51f21969@group-A9AB421414B8-LeaderElection10] INFO  impl.LeaderElection (LeaderElection.java:askForVotes(321)) - 27436771-b26a-47df-862e-42af51f21969@group-A9AB421414B8-LeaderElection10 PRE_VOTE round 0: submit vote requests at term 0 for -1: peers:[27436771-b26a-47df-862e-42af51f21969|10.1.0.21:15050]|listeners:[], old=null
2024-02-27 07:08:57,583 [27436771-b26a-47df-862e-42af51f21969@group-A9AB421414B8-LeaderElection10] INFO  impl.LeaderElection (LeaderElection.java:askForVotes(323)) - 27436771-b26a-47df-862e-42af51f21969@group-A9AB421414B8-LeaderElection10 PRE_VOTE round 0: result PASSED (term=0)
2024-02-27 07:08:57,584 [27436771-b26a-47df-862e-42af51f21969@group-A9AB421414B8-LeaderElection10] INFO  impl.LeaderElection (LeaderElection.java:askForVotes(321)) - 27436771-b26a-47df-862e-42af51f21969@group-A9AB421414B8-LeaderElection10 ELECTION round 0: submit vote requests at term 1 for -1: peers:[27436771-b26a-47df-862e-42af51f21969|10.1.0.21:15050]|listeners:[], old=null
2024-02-27 07:08:57,584 [27436771-b26a-47df-862e-42af51f21969@group-A9AB421414B8-LeaderElection10] INFO  impl.LeaderElection (LeaderElection.java:askForVotes(323)) - 27436771-b26a-47df-862e-42af51f21969@group-A9AB421414B8-LeaderElection10 ELECTION round 0: result PASSED (term=1)
2024-02-27 07:08:57,584 [27436771-b26a-47df-862e-42af51f21969@group-A9AB421414B8-LeaderElection10] INFO  impl.RoleInfo (RoleInfo.java:shutdownLeaderElection(130)) - 27436771-b26a-47df-862e-42af51f21969: shutdown 27436771-b26a-47df-862e-42af51f21969@group-A9AB421414B8-LeaderElection10
2024-02-27 07:08:57,584 [27436771-b26a-47df-862e-42af51f21969@group-A9AB421414B8-LeaderElection10] INFO  server.RaftServer$Division (RaftServerImpl.java:setRole(383)) - 27436771-b26a-47df-862e-42af51f21969@group-A9AB421414B8: changes role from CANDIDATE to LEADER at term 1 for changeToLeader
2024-02-27 07:08:57,584 [27436771-b26a-47df-862e-42af51f21969@group-A9AB421414B8-LeaderElection10] INFO  server.RaftServerConfigKeys (ConfUtils.java:logGet(46)) - raft.server.staging.catchup.gap = 1000 (default)
2024-02-27 07:08:57,585 [27436771-b26a-47df-862e-42af51f21969@group-A9AB421414B8-LeaderElection10] INFO  server.RaftServerConfigKeys (ConfUtils.java:logGet(46)) - raft.server.write.element-limit = 1024 (custom)
2024-02-27 07:08:57,585 [27436771-b26a-47df-862e-42af51f21969@group-A9AB421414B8-LeaderElection10] INFO  server.RaftServerConfigKeys (ConfUtils.java:logGet(46)) - raft.server.write.byte-limit = 1024 M (=1073741824) (custom)
2024-02-27 07:08:57,585 [27436771-b26a-47df-862e-42af51f21969@group-A9AB421414B8-LeaderElection10] INFO  server.RaftServerConfigKeys (ConfUtils.java:logGet(46)) - raft.server.watch.timeout = 3000ms (custom)
2024-02-27 07:08:57,585 [27436771-b26a-47df-862e-42af51f21969@group-A9AB421414B8-LeaderElection10] INFO  server.RaftServerConfigKeys (ConfUtils.java:logGet(46)) - raft.server.watch.timeout.denomination = 1s (default)
2024-02-27 07:08:57,585 [27436771-b26a-47df-862e-42af51f21969@group-A9AB421414B8-LeaderElection10] INFO  server.RaftServerConfigKeys (ConfUtils.java:logGet(46)) - raft.server.watch.element-limit = 65536 (default)
2024-02-27 07:08:57,585 [27436771-b26a-47df-862e-42af51f21969@group-A9AB421414B8-LeaderElection10] INFO  server.RaftServerConfigKeys (ConfUtils.java:logGet(46)) - raft.server.read.leader.lease.enabled = false (default)
2024-02-27 07:08:57,585 [27436771-b26a-47df-862e-42af51f21969@group-A9AB421414B8-LeaderElection10] INFO  server.RaftServerConfigKeys (ConfUtils.java:logGet(46)) - raft.server.read.leader.lease.timeout.ratio = 0.9 (default)
2024-02-27 07:08:57,585 [27436771-b26a-47df-862e-42af51f21969@group-A9AB421414B8-LeaderElection10] INFO  server.RaftServerConfigKeys (ConfUtils.java:logGet(46)) - raft.server.rpc.timeout.min = 5s (custom)
2024-02-27 07:08:57,585 [27436771-b26a-47df-862e-42af51f21969@group-A9AB421414B8-LeaderElection10] INFO  server.RaftServerConfigKeys (ConfUtils.java:logGet(46)) - raft.server.write.element-limit = 1024 (custom)
2024-02-27 07:08:57,586 [27436771-b26a-47df-862e-42af51f21969@group-A9AB421414B8-LeaderElection10] INFO  server.RaftServerConfigKeys (ConfUtils.java:logGet(46)) - raft.server.write.follower.gap.ratio.max = -1.0 (default)
2024-02-27 07:08:57,586 [27436771-b26a-47df-862e-42af51f21969@group-A9AB421414B8-LeaderElection10] INFO  impl.RoleInfo (RoleInfo.java:updateAndGet(139)) - 27436771-b26a-47df-862e-42af51f21969: start 27436771-b26a-47df-862e-42af51f21969@group-A9AB421414B8-LeaderStateImpl
2024-02-27 07:08:57,586 [27436771-b26a-47df-862e-42af51f21969@group-A9AB421414B8-LeaderElection10] INFO  server.RaftServer$Division (RaftServerImpl.java:setFirstElection(574)) - 27436771-b26a-47df-862e-42af51f21969@group-A9AB421414B8: set firstElectionSinceStartup to false for becomeLeader
2024-02-27 07:08:57,586 [27436771-b26a-47df-862e-42af51f21969@group-A9AB421414B8-LeaderElection10] INFO  ratis.XceiverServerRatis (XceiverServerRatis.java:handleLeaderChangedNotification(966)) - Leader change notification received for group: group-A9AB421414B8 with new leaderId: 27436771-b26a-47df-862e-42af51f21969
2024-02-27 07:08:57,586 [27436771-b26a-47df-862e-42af51f21969@group-A9AB421414B8-LeaderElection10] INFO  server.RaftServer$Division (ServerState.java:setLeader(269)) - 27436771-b26a-47df-862e-42af51f21969@group-A9AB421414B8: change Leader from null to 27436771-b26a-47df-862e-42af51f21969 at term 1 for becomeLeader, leader elected after 5305ms
2024-02-27 07:08:57,586 [27436771-b26a-47df-862e-42af51f21969@group-A9AB421414B8-LeaderElection10] INFO  segmented.SegmentedRaftLogWorker (SegmentedRaftLogWorker.java:startLogSegment(430)) - 27436771-b26a-47df-862e-42af51f21969@group-A9AB421414B8-SegmentedRaftLogWorker: Starting segment from index:0
2024-02-27 07:08:57,587 [27436771-b26a-47df-862e-42af51f21969@group-A9AB421414B8-SegmentedRaftLogWorker] INFO  segmented.BufferedWriteChannel (BufferedWriteChannel.java:open(62)) - open log_inprogress_0 at position 0
2024-02-27 07:08:57,599 [27436771-b26a-47df-862e-42af51f21969@group-A9AB421414B8-LeaderElection10] INFO  server.RaftServer$Division (ServerState.java:setRaftConf(386)) - 27436771-b26a-47df-862e-42af51f21969@group-A9AB421414B8: set configuration 0: peers:[27436771-b26a-47df-862e-42af51f21969|10.1.0.21:15050]|listeners:[], old=null
2024-02-27 07:08:57,600 [49a99776-1504-4c11-88b9-d65d97124402@group-2F02199C2BFB-FollowerState] INFO  impl.FollowerState (FollowerState.java:run(143)) - 49a99776-1504-4c11-88b9-d65d97124402@group-2F02199C2BFB-FollowerState: change to CANDIDATE, lastRpcElapsedTime:5199388103ns, electionTimeout:5190ms
2024-02-27 07:08:57,601 [49a99776-1504-4c11-88b9-d65d97124402@group-2F02199C2BFB-FollowerState] INFO  impl.RoleInfo (RoleInfo.java:shutdownFollowerState(110)) - 49a99776-1504-4c11-88b9-d65d97124402: shutdown 49a99776-1504-4c11-88b9-d65d97124402@group-2F02199C2BFB-FollowerState
2024-02-27 07:08:57,601 [49a99776-1504-4c11-88b9-d65d97124402@group-2F02199C2BFB-FollowerState] INFO  server.RaftServer$Division (RaftServerImpl.java:setRole(383)) - 49a99776-1504-4c11-88b9-d65d97124402@group-2F02199C2BFB: changes role from  FOLLOWER to CANDIDATE at term 0 for changeToCandidate
2024-02-27 07:08:57,604 [49a99776-1504-4c11-88b9-d65d97124402@group-2F02199C2BFB-FollowerState] INFO  server.RaftServerConfigKeys (ConfUtils.java:logGet(46)) - raft.server.leaderelection.pre-vote = true (default)
2024-02-27 07:08:57,604 [49a99776-1504-4c11-88b9-d65d97124402@group-2F02199C2BFB-FollowerState] INFO  impl.RoleInfo (RoleInfo.java:updateAndGet(139)) - 49a99776-1504-4c11-88b9-d65d97124402: start 49a99776-1504-4c11-88b9-d65d97124402@group-2F02199C2BFB-LeaderElection11
2024-02-27 07:08:57,609 [49a99776-1504-4c11-88b9-d65d97124402@group-2F02199C2BFB-LeaderElection11] INFO  impl.LeaderElection (LeaderElection.java:askForVotes(321)) - 49a99776-1504-4c11-88b9-d65d97124402@group-2F02199C2BFB-LeaderElection11 PRE_VOTE round 0: submit vote requests at term 0 for -1: peers:[d20e48e4-5d22-4482-8ef9-383a12f89d83|10.1.0.21:15032, 49a99776-1504-4c11-88b9-d65d97124402|10.1.0.21:15014, 0ea19766-ee81-4032-bca9-1401e49b4249|10.1.0.21:15023]|listeners:[], old=null
2024-02-27 07:08:57,610 [27436771-b26a-47df-862e-42af51f21969@group-A9AB421414B8-SegmentedRaftLogWorker] INFO  segmented.SegmentedRaftLogWorker (SegmentedRaftLogWorker.java:execute(634)) - 27436771-b26a-47df-862e-42af51f21969@group-A9AB421414B8-SegmentedRaftLogWorker: created new log segment /home/runner/work/ozone/ozone/hadoop-ozone/integration-test/target/test-dir/MiniOzoneClusterImpl-73680b39-f248-4dab-999a-9bb96057e508/ozone-meta/datanode-5/ratis/f98a6c90-d14b-4e93-8b98-a9ab421414b8/current/log_inprogress_0
2024-02-27 07:08:57,631 [grpc-default-executor-0] INFO  server.RaftServer$Division (RaftServerImpl.java:requestVote(1389)) - d20e48e4-5d22-4482-8ef9-383a12f89d83@group-2F02199C2BFB: receive requestVote(PRE_VOTE, 49a99776-1504-4c11-88b9-d65d97124402, group-2F02199C2BFB, 0, (t:0, i:0))
2024-02-27 07:08:57,631 [grpc-default-executor-0] INFO  impl.VoteContext (VoteContext.java:log(49)) - d20e48e4-5d22-4482-8ef9-383a12f89d83@group-2F02199C2BFB-FOLLOWER: accept PRE_VOTE from 49a99776-1504-4c11-88b9-d65d97124402: our priority 0 <= candidate's priority 1
2024-02-27 07:08:57,631 [grpc-default-executor-0] INFO  server.RaftServer$Division (RaftServerImpl.java:requestVote(1422)) - d20e48e4-5d22-4482-8ef9-383a12f89d83@group-2F02199C2BFB replies to PRE_VOTE vote request: 49a99776-1504-4c11-88b9-d65d97124402<-d20e48e4-5d22-4482-8ef9-383a12f89d83#0:OK-t0. Peer's state: d20e48e4-5d22-4482-8ef9-383a12f89d83@group-2F02199C2BFB:t0, leader=null, voted=, raftlog=Memoized:d20e48e4-5d22-4482-8ef9-383a12f89d83@group-2F02199C2BFB-SegmentedRaftLog:OPENED:c-1, conf=-1: peers:[d20e48e4-5d22-4482-8ef9-383a12f89d83|10.1.0.21:15032, 49a99776-1504-4c11-88b9-d65d97124402|10.1.0.21:15014, 0ea19766-ee81-4032-bca9-1401e49b4249|10.1.0.21:15023]|listeners:[], old=null
2024-02-27 07:08:57,632 [49a99776-1504-4c11-88b9-d65d97124402@group-2F02199C2BFB-LeaderElection11] INFO  server.RaftServerConfigKeys (ConfUtils.java:logFallback(53)) - raft.server.rpc.first-election.timeout.min = 5s (fallback to raft.server.rpc.timeout.min)
2024-02-27 07:08:57,632 [49a99776-1504-4c11-88b9-d65d97124402@group-2F02199C2BFB-LeaderElection11] INFO  server.RaftServerConfigKeys (ConfUtils.java:logFallback(53)) - raft.server.rpc.first-election.timeout.max = 5200ms (fallback to raft.server.rpc.timeout.max)
2024-02-27 07:08:57,633 [49a99776-1504-4c11-88b9-d65d97124402@group-2F02199C2BFB-LeaderElection11] INFO  impl.LeaderElection (LeaderElection.java:logAndReturn(89)) - 49a99776-1504-4c11-88b9-d65d97124402@group-2F02199C2BFB-LeaderElection11: PRE_VOTE PASSED received 1 response(s) and 0 exception(s):
2024-02-27 07:08:57,633 [49a99776-1504-4c11-88b9-d65d97124402@group-2F02199C2BFB-LeaderElection11] INFO  impl.LeaderElection (LeaderElection.java:logAndReturn(93)) -   Response 0: 49a99776-1504-4c11-88b9-d65d97124402<-d20e48e4-5d22-4482-8ef9-383a12f89d83#0:OK-t0
2024-02-27 07:08:57,633 [49a99776-1504-4c11-88b9-d65d97124402@group-2F02199C2BFB-LeaderElection11] INFO  impl.LeaderElection (LeaderElection.java:askForVotes(323)) - 49a99776-1504-4c11-88b9-d65d97124402@group-2F02199C2BFB-LeaderElection11 PRE_VOTE round 0: result PASSED
2024-02-27 07:08:57,638 [grpc-default-executor-0] INFO  server.RaftServer$Division (RaftServerImpl.java:requestVote(1389)) - 0ea19766-ee81-4032-bca9-1401e49b4249@group-2F02199C2BFB: receive requestVote(PRE_VOTE, 49a99776-1504-4c11-88b9-d65d97124402, group-2F02199C2BFB, 0, (t:0, i:0))
2024-02-27 07:08:57,639 [grpc-default-executor-0] INFO  impl.VoteContext (VoteContext.java:log(49)) - 0ea19766-ee81-4032-bca9-1401e49b4249@group-2F02199C2BFB-FOLLOWER: accept PRE_VOTE from 49a99776-1504-4c11-88b9-d65d97124402: our priority 0 <= candidate's priority 1
2024-02-27 07:08:57,639 [grpc-default-executor-0] INFO  server.RaftServer$Division (RaftServerImpl.java:requestVote(1422)) - 0ea19766-ee81-4032-bca9-1401e49b4249@group-2F02199C2BFB replies to PRE_VOTE vote request: 49a99776-1504-4c11-88b9-d65d97124402<-0ea19766-ee81-4032-bca9-1401e49b4249#0:OK-t0. Peer's state: 0ea19766-ee81-4032-bca9-1401e49b4249@group-2F02199C2BFB:t0, leader=null, voted=, raftlog=Memoized:0ea19766-ee81-4032-bca9-1401e49b4249@group-2F02199C2BFB-SegmentedRaftLog:OPENED:c-1, conf=-1: peers:[d20e48e4-5d22-4482-8ef9-383a12f89d83|10.1.0.21:15032, 49a99776-1504-4c11-88b9-d65d97124402|10.1.0.21:15014, 0ea19766-ee81-4032-bca9-1401e49b4249|10.1.0.21:15023]|listeners:[], old=null
2024-02-27 07:08:57,636 [27436771-b26a-47df-862e-42af51f21969@group-A9AB421414B8-StateMachineUpdater] INFO  server.RaftServer$Division (LeaderStateImpl.java:isApplied(320)) - leader is ready since appliedIndex == 0 >= startIndex == 0
2024-02-27 07:08:57,643 [49a99776-1504-4c11-88b9-d65d97124402@group-2F02199C2BFB-LeaderElection11] INFO  impl.LeaderElection (LeaderElection.java:askForVotes(321)) - 49a99776-1504-4c11-88b9-d65d97124402@group-2F02199C2BFB-LeaderElection11 ELECTION round 0: submit vote requests at term 1 for -1: peers:[d20e48e4-5d22-4482-8ef9-383a12f89d83|10.1.0.21:15032, 49a99776-1504-4c11-88b9-d65d97124402|10.1.0.21:15014, 0ea19766-ee81-4032-bca9-1401e49b4249|10.1.0.21:15023]|listeners:[], old=null
2024-02-27 07:08:57,657 [49a99776-1504-4c11-88b9-d65d97124402@group-2F02199C2BFB-LeaderElection11] INFO  server.RaftServerConfigKeys (ConfUtils.java:logFallback(53)) - raft.server.rpc.first-election.timeout.min = 5s (fallback to raft.server.rpc.timeout.min)
2024-02-27 07:08:57,657 [grpc-default-executor-0] INFO  server.RaftServer$Division (RaftServerImpl.java:requestVote(1389)) - d20e48e4-5d22-4482-8ef9-383a12f89d83@group-2F02199C2BFB: receive requestVote(ELECTION, 49a99776-1504-4c11-88b9-d65d97124402, group-2F02199C2BFB, 1, (t:0, i:0))
2024-02-27 07:08:57,658 [grpc-default-executor-0] INFO  impl.VoteContext (VoteContext.java:log(49)) - d20e48e4-5d22-4482-8ef9-383a12f89d83@group-2F02199C2BFB-FOLLOWER: accept ELECTION from 49a99776-1504-4c11-88b9-d65d97124402: our priority 0 <= candidate's priority 1
2024-02-27 07:08:57,658 [grpc-default-executor-0] INFO  server.RaftServer$Division (RaftServerImpl.java:setRole(383)) - d20e48e4-5d22-4482-8ef9-383a12f89d83@group-2F02199C2BFB: changes role from  FOLLOWER to FOLLOWER at term 1 for candidate:49a99776-1504-4c11-88b9-d65d97124402
2024-02-27 07:08:57,658 [grpc-default-executor-0] INFO  impl.RoleInfo (RoleInfo.java:shutdownFollowerState(110)) - d20e48e4-5d22-4482-8ef9-383a12f89d83: shutdown d20e48e4-5d22-4482-8ef9-383a12f89d83@group-2F02199C2BFB-FollowerState
2024-02-27 07:08:57,658 [grpc-default-executor-0] INFO  impl.RoleInfo (RoleInfo.java:updateAndGet(139)) - d20e48e4-5d22-4482-8ef9-383a12f89d83: start d20e48e4-5d22-4482-8ef9-383a12f89d83@group-2F02199C2BFB-FollowerState
2024-02-27 07:08:57,657 [49a99776-1504-4c11-88b9-d65d97124402@group-2F02199C2BFB-LeaderElection11] INFO  server.RaftServerConfigKeys (ConfUtils.java:logFallback(53)) - raft.server.rpc.first-election.timeout.max = 5200ms (fallback to raft.server.rpc.timeout.max)
2024-02-27 07:08:57,658 [d20e48e4-5d22-4482-8ef9-383a12f89d83@group-2F02199C2BFB-FollowerState] INFO  impl.FollowerState (FollowerState.java:run(152)) - d20e48e4-5d22-4482-8ef9-383a12f89d83@group-2F02199C2BFB-FollowerState was interrupted
2024-02-27 07:08:57,662 [grpc-default-executor-2] INFO  server.RaftServer$Division (RaftServerImpl.java:requestVote(1389)) - 0ea19766-ee81-4032-bca9-1401e49b4249@group-2F02199C2BFB: receive requestVote(ELECTION, 49a99776-1504-4c11-88b9-d65d97124402, group-2F02199C2BFB, 1, (t:0, i:0))
2024-02-27 07:08:57,662 [grpc-default-executor-2] INFO  impl.VoteContext (VoteContext.java:log(49)) - 0ea19766-ee81-4032-bca9-1401e49b4249@group-2F02199C2BFB-FOLLOWER: accept ELECTION from 49a99776-1504-4c11-88b9-d65d97124402: our priority 0 <= candidate's priority 1
2024-02-27 07:08:57,663 [grpc-default-executor-2] INFO  server.RaftServer$Division (RaftServerImpl.java:setRole(383)) - 0ea19766-ee81-4032-bca9-1401e49b4249@group-2F02199C2BFB: changes role from  FOLLOWER to FOLLOWER at term 1 for candidate:49a99776-1504-4c11-88b9-d65d97124402
2024-02-27 07:08:57,663 [grpc-default-executor-2] INFO  impl.RoleInfo (RoleInfo.java:shutdownFollowerState(110)) - 0ea19766-ee81-4032-bca9-1401e49b4249: shutdown 0ea19766-ee81-4032-bca9-1401e49b4249@group-2F02199C2BFB-FollowerState
2024-02-27 07:08:57,663 [0ea19766-ee81-4032-bca9-1401e49b4249@group-2F02199C2BFB-FollowerState] INFO  impl.FollowerState (FollowerState.java:run(152)) - 0ea19766-ee81-4032-bca9-1401e49b4249@group-2F02199C2BFB-FollowerState was interrupted
2024-02-27 07:08:57,664 [grpc-default-executor-2] INFO  impl.RoleInfo (RoleInfo.java:updateAndGet(139)) - 0ea19766-ee81-4032-bca9-1401e49b4249: start 0ea19766-ee81-4032-bca9-1401e49b4249@group-2F02199C2BFB-FollowerState
2024-02-27 07:08:57,664 [grpc-default-executor-2] INFO  server.RaftServer$Division (RaftServerImpl.java:setFirstElection(574)) - 0ea19766-ee81-4032-bca9-1401e49b4249@group-2F02199C2BFB: set firstElectionSinceStartup to false for candidate:49a99776-1504-4c11-88b9-d65d97124402
2024-02-27 07:08:57,664 [grpc-default-executor-0] INFO  server.RaftServer$Division (RaftServerImpl.java:requestVote(1422)) - d20e48e4-5d22-4482-8ef9-383a12f89d83@group-2F02199C2BFB replies to ELECTION vote request: 49a99776-1504-4c11-88b9-d65d97124402<-d20e48e4-5d22-4482-8ef9-383a12f89d83#0:OK-t1. Peer's state: d20e48e4-5d22-4482-8ef9-383a12f89d83@group-2F02199C2BFB:t1, leader=null, voted=49a99776-1504-4c11-88b9-d65d97124402, raftlog=Memoized:d20e48e4-5d22-4482-8ef9-383a12f89d83@group-2F02199C2BFB-SegmentedRaftLog:OPENED:c-1, conf=-1: peers:[d20e48e4-5d22-4482-8ef9-383a12f89d83|10.1.0.21:15032, 49a99776-1504-4c11-88b9-d65d97124402|10.1.0.21:15014, 0ea19766-ee81-4032-bca9-1401e49b4249|10.1.0.21:15023]|listeners:[], old=null
2024-02-27 07:08:57,670 [grpc-default-executor-2] INFO  server.RaftServer$Division (RaftServerImpl.java:requestVote(1422)) - 0ea19766-ee81-4032-bca9-1401e49b4249@group-2F02199C2BFB replies to ELECTION vote request: 49a99776-1504-4c11-88b9-d65d97124402<-0ea19766-ee81-4032-bca9-1401e49b4249#0:OK-t1. Peer's state: 0ea19766-ee81-4032-bca9-1401e49b4249@group-2F02199C2BFB:t1, leader=null, voted=49a99776-1504-4c11-88b9-d65d97124402, raftlog=Memoized:0ea19766-ee81-4032-bca9-1401e49b4249@group-2F02199C2BFB-SegmentedRaftLog:OPENED:c-1, conf=-1: peers:[d20e48e4-5d22-4482-8ef9-383a12f89d83|10.1.0.21:15032, 49a99776-1504-4c11-88b9-d65d97124402|10.1.0.21:15014, 0ea19766-ee81-4032-bca9-1401e49b4249|10.1.0.21:15023]|listeners:[], old=null
2024-02-27 07:08:57,671 [49a99776-1504-4c11-88b9-d65d97124402@group-2F02199C2BFB-LeaderElection11] INFO  impl.LeaderElection (LeaderElection.java:logAndReturn(89)) - 49a99776-1504-4c11-88b9-d65d97124402@group-2F02199C2BFB-LeaderElection11: ELECTION PASSED received 1 response(s) and 0 exception(s):
2024-02-27 07:08:57,671 [49a99776-1504-4c11-88b9-d65d97124402@group-2F02199C2BFB-LeaderElection11] INFO  impl.LeaderElection (LeaderElection.java:logAndReturn(93)) -   Response 0: 49a99776-1504-4c11-88b9-d65d97124402<-d20e48e4-5d22-4482-8ef9-383a12f89d83#0:OK-t1
2024-02-27 07:08:57,671 [49a99776-1504-4c11-88b9-d65d97124402@group-2F02199C2BFB-LeaderElection11] INFO  impl.LeaderElection (LeaderElection.java:askForVotes(323)) - 49a99776-1504-4c11-88b9-d65d97124402@group-2F02199C2BFB-LeaderElection11 ELECTION round 0: result PASSED
2024-02-27 07:08:57,671 [49a99776-1504-4c11-88b9-d65d97124402@group-2F02199C2BFB-LeaderElection11] INFO  impl.RoleInfo (RoleInfo.java:shutdownLeaderElection(130)) - 49a99776-1504-4c11-88b9-d65d97124402: shutdown 49a99776-1504-4c11-88b9-d65d97124402@group-2F02199C2BFB-LeaderElection11
2024-02-27 07:08:57,671 [49a99776-1504-4c11-88b9-d65d97124402@group-2F02199C2BFB-LeaderElection11] INFO  server.RaftServer$Division (RaftServerImpl.java:setRole(383)) - 49a99776-1504-4c11-88b9-d65d97124402@group-2F02199C2BFB: changes role from CANDIDATE to LEADER at term 1 for changeToLeader
2024-02-27 07:08:57,671 [49a99776-1504-4c11-88b9-d65d97124402@group-2F02199C2BFB-LeaderElection11] INFO  server.RaftServerConfigKeys (ConfUtils.java:logGet(46)) - raft.server.staging.catchup.gap = 1000 (default)
2024-02-27 07:08:57,672 [49a99776-1504-4c11-88b9-d65d97124402@group-2F02199C2BFB-LeaderElection11] INFO  server.RaftServerConfigKeys (ConfUtils.java:logGet(46)) - raft.server.write.element-limit = 1024 (custom)
2024-02-27 07:08:57,672 [49a99776-1504-4c11-88b9-d65d97124402@group-2F02199C2BFB-LeaderElection11] INFO  server.RaftServerConfigKeys (ConfUtils.java:logGet(46)) - raft.server.write.byte-limit = 1024 M (=1073741824) (custom)
2024-02-27 07:08:57,672 [49a99776-1504-4c11-88b9-d65d97124402@group-2F02199C2BFB-LeaderElection11] INFO  server.RaftServerConfigKeys (ConfUtils.java:logGet(46)) - raft.server.watch.timeout = 3000ms (custom)
2024-02-27 07:08:57,672 [49a99776-1504-4c11-88b9-d65d97124402@group-2F02199C2BFB-LeaderElection11] INFO  server.RaftServerConfigKeys (ConfUtils.java:logGet(46)) - raft.server.watch.timeout.denomination = 1s (default)
2024-02-27 07:08:57,672 [49a99776-1504-4c11-88b9-d65d97124402@group-2F02199C2BFB-LeaderElection11] INFO  server.RaftServerConfigKeys (ConfUtils.java:logGet(46)) - raft.server.watch.element-limit = 65536 (default)
2024-02-27 07:08:57,672 [49a99776-1504-4c11-88b9-d65d97124402@group-2F02199C2BFB-LeaderElection11] INFO  server.RaftServerConfigKeys (ConfUtils.java:logGet(46)) - raft.server.read.leader.lease.enabled = false (default)
2024-02-27 07:08:57,672 [49a99776-1504-4c11-88b9-d65d97124402@group-2F02199C2BFB-LeaderElection11] INFO  server.RaftServerConfigKeys (ConfUtils.java:logGet(46)) - raft.server.read.leader.lease.timeout.ratio = 0.9 (default)
2024-02-27 07:08:57,673 [49a99776-1504-4c11-88b9-d65d97124402@group-2F02199C2BFB-LeaderElection11] INFO  server.RaftServerConfigKeys (ConfUtils.java:logGet(46)) - raft.server.rpc.timeout.min = 5s (custom)
2024-02-27 07:08:57,673 [49a99776-1504-4c11-88b9-d65d97124402@group-2F02199C2BFB-LeaderElection11] INFO  server.RaftServerConfigKeys (ConfUtils.java:logGet(46)) - raft.server.write.element-limit = 1024 (custom)
2024-02-27 07:08:57,673 [49a99776-1504-4c11-88b9-d65d97124402@group-2F02199C2BFB-LeaderElection11] INFO  server.RaftServerConfigKeys (ConfUtils.java:logGet(46)) - raft.server.write.follower.gap.ratio.max = -1.0 (default)
2024-02-27 07:08:57,673 [49a99776-1504-4c11-88b9-d65d97124402@group-2F02199C2BFB-LeaderElection11] INFO  server.RaftServerConfigKeys (ConfUtils.java:logGet(46)) - raft.server.log.appender.snapshot.chunk.size.max = 16MB (=16777216) (default)
2024-02-27 07:08:57,674 [49a99776-1504-4c11-88b9-d65d97124402@group-2F02199C2BFB-LeaderElection11] INFO  server.RaftServerConfigKeys (ConfUtils.java:logGet(46)) - raft.server.log.appender.buffer.byte-limit = 8388608 (custom)
2024-02-27 07:08:57,674 [49a99776-1504-4c11-88b9-d65d97124402@group-2F02199C2BFB-LeaderElection11] INFO  server.RaftServerConfigKeys (ConfUtils.java:logGet(46)) - raft.server.log.appender.buffer.element-limit = 1 (custom)
2024-02-27 07:08:57,674 [49a99776-1504-4c11-88b9-d65d97124402@group-2F02199C2BFB-LeaderElection11] INFO  server.RaftServerConfigKeys (ConfUtils.java:logGet(46)) - raft.server.log.appender.wait-time.min = 0ms (custom)
2024-02-27 07:08:57,674 [49a99776-1504-4c11-88b9-d65d97124402@group-2F02199C2BFB-LeaderElection11] INFO  grpc.GrpcConfigKeys (ConfUtils.java:logGet(46)) - raft.grpc.server.leader.outstanding.appends.max = 8 (default)
2024-02-27 07:08:57,675 [49a99776-1504-4c11-88b9-d65d97124402@group-2F02199C2BFB-LeaderElection11] INFO  server.RaftServerConfigKeys (ConfUtils.java:logGet(46)) - raft.server.rpc.request.timeout = 3000ms (default)
2024-02-27 07:08:57,675 [49a99776-1504-4c11-88b9-d65d97124402@group-2F02199C2BFB-LeaderElection11] INFO  grpc.GrpcConfigKeys (ConfUtils.java:logGet(46)) - raft.grpc.server.install_snapshot.request.element-limit = 8 (default)
2024-02-27 07:08:57,675 [49a99776-1504-4c11-88b9-d65d97124402@group-2F02199C2BFB-LeaderElection11] INFO  grpc.GrpcConfigKeys (ConfUtils.java:logGet(46)) - raft.grpc.server.install_snapshot.request.timeout = 3000ms (default)
2024-02-27 07:08:57,675 [49a99776-1504-4c11-88b9-d65d97124402@group-2F02199C2BFB-LeaderElection11] INFO  grpc.GrpcConfigKeys (ConfUtils.java:logGet(46)) - raft.grpc.server.log-message.batch.duration = 5s (default)
2024-02-27 07:08:57,675 [49a99776-1504-4c11-88b9-d65d97124402@group-2F02199C2BFB-LeaderElection11] INFO  server.RaftServerConfigKeys (ConfUtils.java:logGet(46)) - raft.server.log.appender.install.snapshot.enabled = false (custom)
2024-02-27 07:08:57,675 [49a99776-1504-4c11-88b9-d65d97124402@group-2F02199C2BFB-LeaderElection11] INFO  grpc.GrpcConfigKeys (ConfUtils.java:logGet(46)) - raft.grpc.server.heartbeat.channel = true (default)
2024-02-27 07:08:57,676 [49a99776-1504-4c11-88b9-d65d97124402@group-2F02199C2BFB-LeaderElection11] INFO  server.RaftServerConfigKeys (ConfUtils.java:logGet(46)) - raft.server.log.appender.snapshot.chunk.size.max = 16MB (=16777216) (default)
2024-02-27 07:08:57,677 [49a99776-1504-4c11-88b9-d65d97124402@group-2F02199C2BFB-LeaderElection11] INFO  server.RaftServerConfigKeys (ConfUtils.java:logGet(46)) - raft.server.log.appender.buffer.byte-limit = 8388608 (custom)
2024-02-27 07:08:57,677 [49a99776-1504-4c11-88b9-d65d97124402@group-2F02199C2BFB-LeaderElection11] INFO  server.RaftServerConfigKeys (ConfUtils.java:logGet(46)) - raft.server.log.appender.buffer.element-limit = 1 (custom)
2024-02-27 07:08:57,679 [49a99776-1504-4c11-88b9-d65d97124402@group-2F02199C2BFB-LeaderElection11] INFO  server.RaftServerConfigKeys (ConfUtils.java:logGet(46)) - raft.server.log.appender.wait-time.min = 0ms (custom)
2024-02-27 07:08:57,680 [49a99776-1504-4c11-88b9-d65d97124402@group-2F02199C2BFB-LeaderElection11] INFO  grpc.GrpcConfigKeys (ConfUtils.java:logGet(46)) - raft.grpc.server.leader.outstanding.appends.max = 8 (default)
2024-02-27 07:08:57,680 [49a99776-1504-4c11-88b9-d65d97124402@group-2F02199C2BFB-LeaderElection11] INFO  server.RaftServerConfigKeys (ConfUtils.java:logGet(46)) - raft.server.rpc.request.timeout = 3000ms (default)
2024-02-27 07:08:57,680 [49a99776-1504-4c11-88b9-d65d97124402@group-2F02199C2BFB-LeaderElection11] INFO  grpc.GrpcConfigKeys (ConfUtils.java:logGet(46)) - raft.grpc.server.install_snapshot.request.element-limit = 8 (default)
2024-02-27 07:08:57,681 [49a99776-1504-4c11-88b9-d65d97124402@group-2F02199C2BFB-LeaderElection11] INFO  grpc.GrpcConfigKeys (ConfUtils.java:logGet(46)) - raft.grpc.server.install_snapshot.request.timeout = 3000ms (default)
2024-02-27 07:08:57,681 [49a99776-1504-4c11-88b9-d65d97124402@group-2F02199C2BFB-LeaderElection11] INFO  grpc.GrpcConfigKeys (ConfUtils.java:logGet(46)) - raft.grpc.server.log-message.batch.duration = 5s (default)
2024-02-27 07:08:57,681 [49a99776-1504-4c11-88b9-d65d97124402@group-2F02199C2BFB-LeaderElection11] INFO  server.RaftServerConfigKeys (ConfUtils.java:logGet(46)) - raft.server.log.appender.install.snapshot.enabled = false (custom)
2024-02-27 07:08:57,682 [49a99776-1504-4c11-88b9-d65d97124402@group-2F02199C2BFB-LeaderElection11] INFO  grpc.GrpcConfigKeys (ConfUtils.java:logGet(46)) - raft.grpc.server.heartbeat.channel = true (default)
2024-02-27 07:08:57,682 [49a99776-1504-4c11-88b9-d65d97124402@group-2F02199C2BFB-LeaderElection11] INFO  impl.RoleInfo (RoleInfo.java:updateAndGet(139)) - 49a99776-1504-4c11-88b9-d65d97124402: start 49a99776-1504-4c11-88b9-d65d97124402@group-2F02199C2BFB-LeaderStateImpl
2024-02-27 07:08:57,683 [49a99776-1504-4c11-88b9-d65d97124402@group-2F02199C2BFB-LeaderElection11] INFO  server.RaftServer$Division (RaftServerImpl.java:setFirstElection(574)) - 49a99776-1504-4c11-88b9-d65d97124402@group-2F02199C2BFB: set firstElectionSinceStartup to false for becomeLeader
2024-02-27 07:08:57,683 [49a99776-1504-4c11-88b9-d65d97124402@group-2F02199C2BFB-LeaderElection11] INFO  ratis.XceiverServerRatis (XceiverServerRatis.java:handleLeaderChangedNotification(966)) - Leader change notification received for group: group-2F02199C2BFB with new leaderId: 49a99776-1504-4c11-88b9-d65d97124402
2024-02-27 07:08:57,684 [49a99776-1504-4c11-88b9-d65d97124402@group-2F02199C2BFB-LeaderElection11] INFO  server.RaftServer$Division (ServerState.java:setLeader(269)) - 49a99776-1504-4c11-88b9-d65d97124402@group-2F02199C2BFB: change Leader from null to 49a99776-1504-4c11-88b9-d65d97124402 at term 1 for becomeLeader, leader elected after 5379ms
2024-02-27 07:08:57,684 [49a99776-1504-4c11-88b9-d65d97124402@group-2F02199C2BFB-LeaderElection11] INFO  segmented.SegmentedRaftLogWorker (SegmentedRaftLogWorker.java:startLogSegment(430)) - 49a99776-1504-4c11-88b9-d65d97124402@group-2F02199C2BFB-SegmentedRaftLogWorker: Starting segment from index:0
2024-02-27 07:08:57,686 [49a99776-1504-4c11-88b9-d65d97124402@group-2F02199C2BFB-LeaderElection11] INFO  server.RaftServer$Division (ServerState.java:setRaftConf(386)) - 49a99776-1504-4c11-88b9-d65d97124402@group-2F02199C2BFB: set configuration 0: peers:[d20e48e4-5d22-4482-8ef9-383a12f89d83|10.1.0.21:15032, 49a99776-1504-4c11-88b9-d65d97124402|10.1.0.21:15014, 0ea19766-ee81-4032-bca9-1401e49b4249|10.1.0.21:15023]|listeners:[], old=null
2024-02-27 07:08:57,695 [49a99776-1504-4c11-88b9-d65d97124402@group-2F02199C2BFB-SegmentedRaftLogWorker] INFO  segmented.BufferedWriteChannel (BufferedWriteChannel.java:open(62)) - open log_inprogress_0 at position 0
2024-02-27 07:08:57,696 [EventQueue-PipelineReportForPipelineReportHandler] INFO  pipeline.PipelineReportHandler (PipelineReportHandler.java:processPipelineReport(136)) - Opened pipeline PipelineID=eb8da95c-6a97-40e9-81cb-2f02199c2bfb
2024-02-27 07:08:57,706 [49a99776-1504-4c11-88b9-d65d97124402@group-2F02199C2BFB-SegmentedRaftLogWorker] INFO  segmented.SegmentedRaftLogWorker (SegmentedRaftLogWorker.java:execute(634)) - 49a99776-1504-4c11-88b9-d65d97124402@group-2F02199C2BFB-SegmentedRaftLogWorker: created new log segment /home/runner/work/ozone/ozone/hadoop-ozone/integration-test/target/test-dir/MiniOzoneClusterImpl-73680b39-f248-4dab-999a-9bb96057e508/ozone-meta/datanode-1/ratis/eb8da95c-6a97-40e9-81cb-2f02199c2bfb/current/log_inprogress_0
2024-02-27 07:08:57,714 [d20e48e4-5d22-4482-8ef9-383a12f89d83-server-thread2] INFO  ratis.XceiverServerRatis (XceiverServerRatis.java:handleLeaderChangedNotification(966)) - Leader change notification received for group: group-2F02199C2BFB with new leaderId: 49a99776-1504-4c11-88b9-d65d97124402
2024-02-27 07:08:57,714 [d20e48e4-5d22-4482-8ef9-383a12f89d83-server-thread2] INFO  server.RaftServer$Division (ServerState.java:setLeader(269)) - d20e48e4-5d22-4482-8ef9-383a12f89d83@group-2F02199C2BFB: change Leader from null to 49a99776-1504-4c11-88b9-d65d97124402 at term 1 for appendEntries, leader elected after 5411ms
2024-02-27 07:08:57,715 [0ea19766-ee81-4032-bca9-1401e49b4249-server-thread1] INFO  ratis.XceiverServerRatis (XceiverServerRatis.java:handleLeaderChangedNotification(966)) - Leader change notification received for group: group-2F02199C2BFB with new leaderId: 49a99776-1504-4c11-88b9-d65d97124402
2024-02-27 07:08:57,715 [0ea19766-ee81-4032-bca9-1401e49b4249-server-thread1] INFO  server.RaftServer$Division (ServerState.java:setLeader(269)) - 0ea19766-ee81-4032-bca9-1401e49b4249@group-2F02199C2BFB: change Leader from null to 49a99776-1504-4c11-88b9-d65d97124402 at term 1 for appendEntries, leader elected after 5416ms
2024-02-27 07:08:57,718 [d20e48e4-5d22-4482-8ef9-383a12f89d83-server-thread2] INFO  server.RaftServer$Division (ServerState.java:setRaftConf(386)) - d20e48e4-5d22-4482-8ef9-383a12f89d83@group-2F02199C2BFB: set configuration 0: peers:[d20e48e4-5d22-4482-8ef9-383a12f89d83|10.1.0.21:15032, 49a99776-1504-4c11-88b9-d65d97124402|10.1.0.21:15014, 0ea19766-ee81-4032-bca9-1401e49b4249|10.1.0.21:15023]|listeners:[], old=null
2024-02-27 07:08:57,718 [0ea19766-ee81-4032-bca9-1401e49b4249-server-thread2] INFO  server.RaftServer$Division (ServerState.java:setRaftConf(386)) - 0ea19766-ee81-4032-bca9-1401e49b4249@group-2F02199C2BFB: set configuration 0: peers:[d20e48e4-5d22-4482-8ef9-383a12f89d83|10.1.0.21:15032, 49a99776-1504-4c11-88b9-d65d97124402|10.1.0.21:15014, 0ea19766-ee81-4032-bca9-1401e49b4249|10.1.0.21:15023]|listeners:[], old=null
2024-02-27 07:08:57,718 [0ea19766-ee81-4032-bca9-1401e49b4249-server-thread2] INFO  segmented.SegmentedRaftLogWorker (SegmentedRaftLogWorker.java:startLogSegment(430)) - 0ea19766-ee81-4032-bca9-1401e49b4249@group-2F02199C2BFB-SegmentedRaftLogWorker: Starting segment from index:0
2024-02-27 07:08:57,719 [0ea19766-ee81-4032-bca9-1401e49b4249@group-2F02199C2BFB-SegmentedRaftLogWorker] INFO  segmented.BufferedWriteChannel (BufferedWriteChannel.java:open(62)) - open log_inprogress_0 at position 0
2024-02-27 07:08:57,724 [d20e48e4-5d22-4482-8ef9-383a12f89d83-server-thread2] INFO  segmented.SegmentedRaftLogWorker (SegmentedRaftLogWorker.java:startLogSegment(430)) - d20e48e4-5d22-4482-8ef9-383a12f89d83@group-2F02199C2BFB-SegmentedRaftLogWorker: Starting segment from index:0
2024-02-27 07:08:57,725 [d20e48e4-5d22-4482-8ef9-383a12f89d83@group-2F02199C2BFB-SegmentedRaftLogWorker] INFO  segmented.BufferedWriteChannel (BufferedWriteChannel.java:open(62)) - open log_inprogress_0 at position 0
2024-02-27 07:08:57,733 [0ea19766-ee81-4032-bca9-1401e49b4249@group-2F02199C2BFB-SegmentedRaftLogWorker] INFO  segmented.SegmentedRaftLogWorker (SegmentedRaftLogWorker.java:execute(634)) - 0ea19766-ee81-4032-bca9-1401e49b4249@group-2F02199C2BFB-SegmentedRaftLogWorker: created new log segment /home/runner/work/ozone/ozone/hadoop-ozone/integration-test/target/test-dir/MiniOzoneClusterImpl-73680b39-f248-4dab-999a-9bb96057e508/ozone-meta/datanode-2/ratis/eb8da95c-6a97-40e9-81cb-2f02199c2bfb/current/log_inprogress_0
2024-02-27 07:08:57,736 [d20e48e4-5d22-4482-8ef9-383a12f89d83@group-2F02199C2BFB-SegmentedRaftLogWorker] INFO  segmented.SegmentedRaftLogWorker (SegmentedRaftLogWorker.java:execute(634)) - d20e48e4-5d22-4482-8ef9-383a12f89d83@group-2F02199C2BFB-SegmentedRaftLogWorker: created new log segment /home/runner/work/ozone/ozone/hadoop-ozone/integration-test/target/test-dir/MiniOzoneClusterImpl-73680b39-f248-4dab-999a-9bb96057e508/ozone-meta/datanode-3/ratis/eb8da95c-6a97-40e9-81cb-2f02199c2bfb/current/log_inprogress_0
2024-02-27 07:08:57,748 [49a99776-1504-4c11-88b9-d65d97124402@group-2F02199C2BFB-StateMachineUpdater] INFO  server.RaftServer$Division (LeaderStateImpl.java:isApplied(320)) - leader is ready since appliedIndex == 0 >= startIndex == 0
2024-02-27 07:08:57,837 [main] INFO  freon.RandomKeyGenerator (RandomKeyGenerator.java:call(317)) - Number of Threads: 10
2024-02-27 07:08:57,856 [main] INFO  freon.RandomKeyGenerator (RandomKeyGenerator.java:call(322)) - Number of Volumes: 2.
2024-02-27 07:08:57,857 [main] INFO  freon.RandomKeyGenerator (RandomKeyGenerator.java:call(323)) - Number of Buckets per Volume: 5.
2024-02-27 07:08:57,858 [main] INFO  freon.RandomKeyGenerator (RandomKeyGenerator.java:call(324)) - Number of Keys per Bucket: 10.
2024-02-27 07:08:57,858 [main] INFO  freon.RandomKeyGenerator (RandomKeyGenerator.java:call(325)) - Key size: 10240 bytes
2024-02-27 07:08:57,858 [main] INFO  freon.RandomKeyGenerator (RandomKeyGenerator.java:call(326)) - Buffer size: 4096 bytes
2024-02-27 07:08:57,859 [main] INFO  freon.RandomKeyGenerator (RandomKeyGenerator.java:call(327)) - validateWrites : false
2024-02-27 07:08:57,859 [main] INFO  freon.RandomKeyGenerator (RandomKeyGenerator.java:call(328)) - Number of Validate Threads: 1
2024-02-27 07:08:57,860 [main] INFO  freon.RandomKeyGenerator (RandomKeyGenerator.java:call(329)) - cleanObjects : false
2024-02-27 07:08:57,865 [pool-223-thread-1] INFO  rpc.RpcClient (RpcClient.java:createVolume(465)) - Creating Volume: vol-0-12032, with runner as owner and space quota set to -1 bytes, counts quota set to -1
2024-02-27 07:08:57,866 [pool-223-thread-2] INFO  rpc.RpcClient (RpcClient.java:createVolume(465)) - Creating Volume: vol-1-06571, with runner as owner and space quota set to -1 bytes, counts quota set to -1
2024-02-27 07:08:57,875 [main] INFO  freon.RandomKeyGenerator (RandomKeyGenerator.java:call(351)) - Starting progress bar Thread.
2024-02-27 07:08:57,887 [Thread-649] INFO  freon.ProgressBar (ProgressBar.java:logProgressBar(168)) - Progress: 0.00 % (0 out of 100)
2024-02-27 07:08:57,940 [om1-OMStateMachineApplyTransactionThread - 0] INFO  volume.OMVolumeCreateRequest (OMVolumeCreateRequest.java:validateAndUpdateCache(198)) - created volume:vol-1-06571 for user:runner
2024-02-27 07:08:57,957 [om1-OMDoubleBufferFlushThread] INFO  helpers.OmKeyInfo (OmKeyInfo.java:getCodec(71)) - OmKeyInfo.getCodec ignorePipeline = true
2024-02-27 07:08:57,957 [om1-OMDoubleBufferFlushThread] INFO  helpers.OmKeyInfo (OmKeyInfo.java:getCodec(71)) - OmKeyInfo.getCodec ignorePipeline = true
2024-02-27 07:08:57,957 [om1-OMDoubleBufferFlushThread] INFO  helpers.OmKeyInfo (OmKeyInfo.java:getCodec(71)) - OmKeyInfo.getCodec ignorePipeline = true
2024-02-27 07:08:57,957 [om1-OMDoubleBufferFlushThread] INFO  helpers.OmKeyInfo (OmKeyInfo.java:getCodec(71)) - OmKeyInfo.getCodec ignorePipeline = true
2024-02-27 07:08:57,957 [om1-OMDoubleBufferFlushThread] INFO  helpers.OmKeyInfo (OmKeyInfo.java:getCodec(71)) - OmKeyInfo.getCodec ignorePipeline = true
2024-02-27 07:08:57,965 [om1-OMStateMachineApplyTransactionThread - 0] INFO  volume.OMVolumeCreateRequest (OMVolumeCreateRequest.java:validateAndUpdateCache(198)) - created volume:vol-0-12032 for user:runner
2024-02-27 07:08:57,975 [pool-223-thread-1] INFO  rpc.RpcClient (RpcClient.java:createBucket(691)) - Creating Bucket: vol-1-06571/bucket-4-63655, with server-side default bucket layout, runner as owner, Versioning false, Storage Type set to DISK and Encryption set to false, Replication Type set to server-side default replication type, Namespace Quota set to -1, Space Quota set to -1 
2024-02-27 07:08:57,975 [pool-223-thread-4] INFO  rpc.RpcClient (RpcClient.java:createBucket(691)) - Creating Bucket: vol-1-06571/bucket-0-42270, with server-side default bucket layout, runner as owner, Versioning false, Storage Type set to DISK and Encryption set to false, Replication Type set to server-side default replication type, Namespace Quota set to -1, Space Quota set to -1 
2024-02-27 07:08:57,976 [pool-223-thread-8] INFO  rpc.RpcClient (RpcClient.java:createBucket(691)) - Creating Bucket: vol-1-06571/bucket-2-65391, with server-side default bucket layout, runner as owner, Versioning false, Storage Type set to DISK and Encryption set to false, Replication Type set to server-side default replication type, Namespace Quota set to -1, Space Quota set to -1 
2024-02-27 07:08:57,976 [pool-223-thread-10] INFO  rpc.RpcClient (RpcClient.java:createBucket(691)) - Creating Bucket: vol-0-12032/bucket-3-78217, with server-side default bucket layout, runner as owner, Versioning false, Storage Type set to DISK and Encryption set to false, Replication Type set to server-side default replication type, Namespace Quota set to -1, Space Quota set to -1 
2024-02-27 07:08:57,975 [pool-223-thread-7] INFO  rpc.RpcClient (RpcClient.java:createBucket(691)) - Creating Bucket: vol-0-12032/bucket-2-29481, with server-side default bucket layout, runner as owner, Versioning false, Storage Type set to DISK and Encryption set to false, Replication Type set to server-side default replication type, Namespace Quota set to -1, Space Quota set to -1 
2024-02-27 07:08:57,977 [pool-223-thread-9] INFO  rpc.RpcClient (RpcClient.java:createBucket(691)) - Creating Bucket: vol-1-06571/bucket-3-01212, with server-side default bucket layout, runner as owner, Versioning false, Storage Type set to DISK and Encryption set to false, Replication Type set to server-side default replication type, Namespace Quota set to -1, Space Quota set to -1 
2024-02-27 07:08:57,977 [pool-223-thread-3] INFO  rpc.RpcClient (RpcClient.java:createBucket(691)) - Creating Bucket: vol-0-12032/bucket-0-71033, with server-side default bucket layout, runner as owner, Versioning false, Storage Type set to DISK and Encryption set to false, Replication Type set to server-side default replication type, Namespace Quota set to -1, Space Quota set to -1 
2024-02-27 07:08:57,977 [pool-223-thread-5] INFO  rpc.RpcClient (RpcClient.java:createBucket(691)) - Creating Bucket: vol-0-12032/bucket-1-75820, with server-side default bucket layout, runner as owner, Versioning false, Storage Type set to DISK and Encryption set to false, Replication Type set to server-side default replication type, Namespace Quota set to -1, Space Quota set to -1 
2024-02-27 07:08:57,977 [pool-223-thread-6] INFO  rpc.RpcClient (RpcClient.java:createBucket(691)) - Creating Bucket: vol-1-06571/bucket-1-61213, with server-side default bucket layout, runner as owner, Versioning false, Storage Type set to DISK and Encryption set to false, Replication Type set to server-side default replication type, Namespace Quota set to -1, Space Quota set to -1 
2024-02-27 07:08:57,981 [pool-223-thread-2] INFO  rpc.RpcClient (RpcClient.java:createBucket(691)) - Creating Bucket: vol-0-12032/bucket-4-30956, with server-side default bucket layout, runner as owner, Versioning false, Storage Type set to DISK and Encryption set to false, Replication Type set to server-side default replication type, Namespace Quota set to -1, Space Quota set to -1 
2024-02-27 07:08:57,992 [om1-OMStateMachineApplyTransactionThread - 0] INFO  bucket.OMBucketCreateRequest (OMBucketCreateRequest.java:validateAndUpdateCache(292)) - created bucket: bucket-4-30956 of layout FILE_SYSTEM_OPTIMIZED in volume: vol-0-12032
2024-02-27 07:08:57,994 [om1-OMStateMachineApplyTransactionThread - 0] INFO  bucket.OMBucketCreateRequest (OMBucketCreateRequest.java:validateAndUpdateCache(292)) - created bucket: bucket-3-01212 of layout FILE_SYSTEM_OPTIMIZED in volume: vol-1-06571
2024-02-27 07:08:57,995 [om1-OMStateMachineApplyTransactionThread - 0] INFO  bucket.OMBucketCreateRequest (OMBucketCreateRequest.java:validateAndUpdateCache(292)) - created bucket: bucket-2-65391 of layout FILE_SYSTEM_OPTIMIZED in volume: vol-1-06571
2024-02-27 07:08:57,996 [om1-OMStateMachineApplyTransactionThread - 0] INFO  bucket.OMBucketCreateRequest (OMBucketCreateRequest.java:validateAndUpdateCache(292)) - created bucket: bucket-1-61213 of layout FILE_SYSTEM_OPTIMIZED in volume: vol-1-06571
2024-02-27 07:08:58,000 [om1-OMStateMachineApplyTransactionThread - 0] INFO  bucket.OMBucketCreateRequest (OMBucketCreateRequest.java:validateAndUpdateCache(292)) - created bucket: bucket-3-78217 of layout FILE_SYSTEM_OPTIMIZED in volume: vol-0-12032
2024-02-27 07:08:58,000 [om1-OMStateMachineApplyTransactionThread - 0] INFO  bucket.OMBucketCreateRequest (OMBucketCreateRequest.java:validateAndUpdateCache(292)) - created bucket: bucket-4-63655 of layout FILE_SYSTEM_OPTIMIZED in volume: vol-1-06571
2024-02-27 07:08:58,001 [om1-OMStateMachineApplyTransactionThread - 0] INFO  bucket.OMBucketCreateRequest (OMBucketCreateRequest.java:validateAndUpdateCache(292)) - created bucket: bucket-0-42270 of layout FILE_SYSTEM_OPTIMIZED in volume: vol-1-06571
2024-02-27 07:08:58,002 [om1-OMStateMachineApplyTransactionThread - 0] INFO  bucket.OMBucketCreateRequest (OMBucketCreateRequest.java:validateAndUpdateCache(292)) - created bucket: bucket-1-75820 of layout FILE_SYSTEM_OPTIMIZED in volume: vol-0-12032
2024-02-27 07:08:58,002 [om1-OMStateMachineApplyTransactionThread - 0] INFO  bucket.OMBucketCreateRequest (OMBucketCreateRequest.java:validateAndUpdateCache(292)) - created bucket: bucket-2-29481 of layout FILE_SYSTEM_OPTIMIZED in volume: vol-0-12032
2024-02-27 07:08:58,004 [om1-OMStateMachineApplyTransactionThread - 0] INFO  bucket.OMBucketCreateRequest (OMBucketCreateRequest.java:validateAndUpdateCache(292)) - created bucket: bucket-0-71033 of layout FILE_SYSTEM_OPTIMIZED in volume: vol-0-12032
2024-02-27 07:08:58,056 [IPC Server handler 0 on default port 15001] INFO  algorithms.SCMContainerPlacementRackScatter (SCMContainerPlacementRackScatter.java:chooseDatanodesInternal(370)) - Chosen nodes: [d20e48e4-5d22-4482-8ef9-383a12f89d83(fv-az1496-250.f1h4rheolecetjhvv40pmv1bec.bx.internal.cloudapp.net/10.1.0.21), 49a99776-1504-4c11-88b9-d65d97124402(fv-az1496-250.f1h4rheolecetjhvv40pmv1bec.bx.internal.cloudapp.net/10.1.0.21), 3dfbfca7-47ad-43e6-bcff-63ae4fd7105e(fv-az1496-250.f1h4rheolecetjhvv40pmv1bec.bx.internal.cloudapp.net/10.1.0.21), 27436771-b26a-47df-862e-42af51f21969(fv-az1496-250.f1h4rheolecetjhvv40pmv1bec.bx.internal.cloudapp.net/10.1.0.21), 0ea19766-ee81-4032-bca9-1401e49b4249(fv-az1496-250.f1h4rheolecetjhvv40pmv1bec.bx.internal.cloudapp.net/10.1.0.21)]. isPolicySatisfied: true.
2024-02-27 07:08:58,060 [IPC Server handler 0 on default port 15001] INFO  ha.SequenceIdGenerator (SequenceIdGenerator.java:getNextId(145)) - Allocate a batch for containerId, change lastId from 0 to 1000.
2024-02-27 07:08:58,070 [IPC Server handler 0 on default port 15001] INFO  pipeline.WritableECContainerProvider (WritableECContainerProvider.java:allocateContainer(211)) - Created and opened new pipeline Pipeline[ Id: f7606091-ab02-4b18-bb89-951a8c32bf5a, Nodes: d20e48e4-5d22-4482-8ef9-383a12f89d83(fv-az1496-250.f1h4rheolecetjhvv40pmv1bec.bx.internal.cloudapp.net/10.1.0.21)49a99776-1504-4c11-88b9-d65d97124402(fv-az1496-250.f1h4rheolecetjhvv40pmv1bec.bx.internal.cloudapp.net/10.1.0.21)3dfbfca7-47ad-43e6-bcff-63ae4fd7105e(fv-az1496-250.f1h4rheolecetjhvv40pmv1bec.bx.internal.cloudapp.net/10.1.0.21)27436771-b26a-47df-862e-42af51f21969(fv-az1496-250.f1h4rheolecetjhvv40pmv1bec.bx.internal.cloudapp.net/10.1.0.21)0ea19766-ee81-4032-bca9-1401e49b4249(fv-az1496-250.f1h4rheolecetjhvv40pmv1bec.bx.internal.cloudapp.net/10.1.0.21), ReplicationConfig: EC{rs-3-2-1024k}, State:ALLOCATED, leaderId:, CreationTimestamp2024-02-27T07:08:58.057Z[Etc/UTC]]
2024-02-27 07:08:58,070 [IPC Server handler 8 on default port 15001] INFO  algorithms.SCMContainerPlacementRackScatter (SCMContainerPlacementRackScatter.java:chooseDatanodesInternal(370)) - Chosen nodes: [27436771-b26a-47df-862e-42af51f21969(fv-az1496-250.f1h4rheolecetjhvv40pmv1bec.bx.internal.cloudapp.net/10.1.0.21), 49a99776-1504-4c11-88b9-d65d97124402(fv-az1496-250.f1h4rheolecetjhvv40pmv1bec.bx.internal.cloudapp.net/10.1.0.21), 0ea19766-ee81-4032-bca9-1401e49b4249(fv-az1496-250.f1h4rheolecetjhvv40pmv1bec.bx.internal.cloudapp.net/10.1.0.21), d20e48e4-5d22-4482-8ef9-383a12f89d83(fv-az1496-250.f1h4rheolecetjhvv40pmv1bec.bx.internal.cloudapp.net/10.1.0.21), 3dfbfca7-47ad-43e6-bcff-63ae4fd7105e(fv-az1496-250.f1h4rheolecetjhvv40pmv1bec.bx.internal.cloudapp.net/10.1.0.21)]. isPolicySatisfied: true.
2024-02-27 07:08:58,071 [IPC Server handler 0 on default port 15001] WARN  ha.SequenceIdGenerator (SequenceIdGenerator.java:allocateBatch(258)) - Failed to allocate a batch for localId, expected lastId is 0, actual lastId is 113750153625600000.
2024-02-27 07:08:58,072 [IPC Server handler 0 on default port 15001] INFO  ha.SequenceIdGenerator (SequenceIdGenerator.java:getNextId(145)) - Allocate a batch for localId, change lastId from 113750153625600000 to 113750153625601000.
2024-02-27 07:08:58,073 [IPC Server handler 8 on default port 15001] INFO  pipeline.WritableECContainerProvider (WritableECContainerProvider.java:allocateContainer(211)) - Created and opened new pipeline Pipeline[ Id: ad4a4c25-7f3f-4106-9b57-55d327990cba, Nodes: 27436771-b26a-47df-862e-42af51f21969(fv-az1496-250.f1h4rheolecetjhvv40pmv1bec.bx.internal.cloudapp.net/10.1.0.21)49a99776-1504-4c11-88b9-d65d97124402(fv-az1496-250.f1h4rheolecetjhvv40pmv1bec.bx.internal.cloudapp.net/10.1.0.21)0ea19766-ee81-4032-bca9-1401e49b4249(fv-az1496-250.f1h4rheolecetjhvv40pmv1bec.bx.internal.cloudapp.net/10.1.0.21)d20e48e4-5d22-4482-8ef9-383a12f89d83(fv-az1496-250.f1h4rheolecetjhvv40pmv1bec.bx.internal.cloudapp.net/10.1.0.21)3dfbfca7-47ad-43e6-bcff-63ae4fd7105e(fv-az1496-250.f1h4rheolecetjhvv40pmv1bec.bx.internal.cloudapp.net/10.1.0.21), ReplicationConfig: EC{rs-3-2-1024k}, State:ALLOCATED, leaderId:, CreationTimestamp2024-02-27T07:08:58.070Z[Etc/UTC]]
2024-02-27 07:08:58,074 [IPC Server handler 2 on default port 15001] INFO  algorithms.SCMContainerPlacementRackScatter (SCMContainerPlacementRackScatter.java:chooseDatanodesInternal(370)) - Chosen nodes: [0ea19766-ee81-4032-bca9-1401e49b4249(fv-az1496-250.f1h4rheolecetjhvv40pmv1bec.bx.internal.cloudapp.net/10.1.0.21), 3dfbfca7-47ad-43e6-bcff-63ae4fd7105e(fv-az1496-250.f1h4rheolecetjhvv40pmv1bec.bx.internal.cloudapp.net/10.1.0.21), 49a99776-1504-4c11-88b9-d65d97124402(fv-az1496-250.f1h4rheolecetjhvv40pmv1bec.bx.internal.cloudapp.net/10.1.0.21), 27436771-b26a-47df-862e-42af51f21969(fv-az1496-250.f1h4rheolecetjhvv40pmv1bec.bx.internal.cloudapp.net/10.1.0.21), d20e48e4-5d22-4482-8ef9-383a12f89d83(fv-az1496-250.f1h4rheolecetjhvv40pmv1bec.bx.internal.cloudapp.net/10.1.0.21)]. isPolicySatisfied: true.
2024-02-27 07:08:58,076 [IPC Server handler 2 on default port 15001] INFO  pipeline.WritableECContainerProvider (WritableECContainerProvider.java:allocateContainer(211)) - Created and opened new pipeline Pipeline[ Id: 23f23f3c-87b5-409c-b2ea-91a9cea482dd, Nodes: 0ea19766-ee81-4032-bca9-1401e49b4249(fv-az1496-250.f1h4rheolecetjhvv40pmv1bec.bx.internal.cloudapp.net/10.1.0.21)3dfbfca7-47ad-43e6-bcff-63ae4fd7105e(fv-az1496-250.f1h4rheolecetjhvv40pmv1bec.bx.internal.cloudapp.net/10.1.0.21)49a99776-1504-4c11-88b9-d65d97124402(fv-az1496-250.f1h4rheolecetjhvv40pmv1bec.bx.internal.cloudapp.net/10.1.0.21)27436771-b26a-47df-862e-42af51f21969(fv-az1496-250.f1h4rheolecetjhvv40pmv1bec.bx.internal.cloudapp.net/10.1.0.21)d20e48e4-5d22-4482-8ef9-383a12f89d83(fv-az1496-250.f1h4rheolecetjhvv40pmv1bec.bx.internal.cloudapp.net/10.1.0.21), ReplicationConfig: EC{rs-3-2-1024k}, State:ALLOCATED, leaderId:, CreationTimestamp2024-02-27T07:08:58.074Z[Etc/UTC]]
2024-02-27 07:08:58,077 [IPC Server handler 5 on default port 15001] INFO  algorithms.SCMContainerPlacementRackScatter (SCMContainerPlacementRackScatter.java:chooseDatanodesInternal(370)) - Chosen nodes: [49a99776-1504-4c11-88b9-d65d97124402(fv-az1496-250.f1h4rheolecetjhvv40pmv1bec.bx.internal.cloudapp.net/10.1.0.21), 3dfbfca7-47ad-43e6-bcff-63ae4fd7105e(fv-az1496-250.f1h4rheolecetjhvv40pmv1bec.bx.internal.cloudapp.net/10.1.0.21), 0ea19766-ee81-4032-bca9-1401e49b4249(fv-az1496-250.f1h4rheolecetjhvv40pmv1bec.bx.internal.cloudapp.net/10.1.0.21), 27436771-b26a-47df-862e-42af51f21969(fv-az1496-250.f1h4rheolecetjhvv40pmv1bec.bx.internal.cloudapp.net/10.1.0.21), d20e48e4-5d22-4482-8ef9-383a12f89d83(fv-az1496-250.f1h4rheolecetjhvv40pmv1bec.bx.internal.cloudapp.net/10.1.0.21)]. isPolicySatisfied: true.
2024-02-27 07:08:58,079 [IPC Server handler 5 on default port 15001] INFO  pipeline.WritableECContainerProvider (WritableECContainerProvider.java:allocateContainer(211)) - Created and opened new pipeline Pipeline[ Id: 9b63a0ad-551d-4b97-b77e-763cb6ae3ba9, Nodes: 49a99776-1504-4c11-88b9-d65d97124402(fv-az1496-250.f1h4rheolecetjhvv40pmv1bec.bx.internal.cloudapp.net/10.1.0.21)3dfbfca7-47ad-43e6-bcff-63ae4fd7105e(fv-az1496-250.f1h4rheolecetjhvv40pmv1bec.bx.internal.cloudapp.net/10.1.0.21)0ea19766-ee81-4032-bca9-1401e49b4249(fv-az1496-250.f1h4rheolecetjhvv40pmv1bec.bx.internal.cloudapp.net/10.1.0.21)27436771-b26a-47df-862e-42af51f21969(fv-az1496-250.f1h4rheolecetjhvv40pmv1bec.bx.internal.cloudapp.net/10.1.0.21)d20e48e4-5d22-4482-8ef9-383a12f89d83(fv-az1496-250.f1h4rheolecetjhvv40pmv1bec.bx.internal.cloudapp.net/10.1.0.21), ReplicationConfig: EC{rs-3-2-1024k}, State:ALLOCATED, leaderId:, CreationTimestamp2024-02-27T07:08:58.077Z[Etc/UTC]]
2024-02-27 07:08:58,080 [IPC Server handler 4 on default port 15001] INFO  algorithms.SCMContainerPlacementRackScatter (SCMContainerPlacementRackScatter.java:chooseDatanodesInternal(370)) - Chosen nodes: [27436771-b26a-47df-862e-42af51f21969(fv-az1496-250.f1h4rheolecetjhvv40pmv1bec.bx.internal.cloudapp.net/10.1.0.21), 49a99776-1504-4c11-88b9-d65d97124402(fv-az1496-250.f1h4rheolecetjhvv40pmv1bec.bx.internal.cloudapp.net/10.1.0.21), 0ea19766-ee81-4032-bca9-1401e49b4249(fv-az1496-250.f1h4rheolecetjhvv40pmv1bec.bx.internal.cloudapp.net/10.1.0.21), d20e48e4-5d22-4482-8ef9-383a12f89d83(fv-az1496-250.f1h4rheolecetjhvv40pmv1bec.bx.internal.cloudapp.net/10.1.0.21), 3dfbfca7-47ad-43e6-bcff-63ae4fd7105e(fv-az1496-250.f1h4rheolecetjhvv40pmv1bec.bx.internal.cloudapp.net/10.1.0.21)]. isPolicySatisfied: true.
2024-02-27 07:08:58,082 [IPC Server handler 4 on default port 15001] INFO  pipeline.WritableECContainerProvider (WritableECContainerProvider.java:allocateContainer(211)) - Created and opened new pipeline Pipeline[ Id: 45251a92-cc4b-4abe-86ce-e35bbc6c2874, Nodes: 27436771-b26a-47df-862e-42af51f21969(fv-az1496-250.f1h4rheolecetjhvv40pmv1bec.bx.internal.cloudapp.net/10.1.0.21)49a99776-1504-4c11-88b9-d65d97124402(fv-az1496-250.f1h4rheolecetjhvv40pmv1bec.bx.internal.cloudapp.net/10.1.0.21)0ea19766-ee81-4032-bca9-1401e49b4249(fv-az1496-250.f1h4rheolecetjhvv40pmv1bec.bx.internal.cloudapp.net/10.1.0.21)d20e48e4-5d22-4482-8ef9-383a12f89d83(fv-az1496-250.f1h4rheolecetjhvv40pmv1bec.bx.internal.cloudapp.net/10.1.0.21)3dfbfca7-47ad-43e6-bcff-63ae4fd7105e(fv-az1496-250.f1h4rheolecetjhvv40pmv1bec.bx.internal.cloudapp.net/10.1.0.21), ReplicationConfig: EC{rs-3-2-1024k}, State:ALLOCATED, leaderId:, CreationTimestamp2024-02-27T07:08:58.080Z[Etc/UTC]]
2024-02-27 07:08:58,154 [pool-223-thread-3] WARN  erasurecode.ErasureCodeNative (ErasureCodeNative.java:<clinit>(55)) - ISA-L support is not available in your platform... using builtin-java codec where applicable
2024-02-27 07:08:58,277 [client-write-TID-9] INFO  impl.MetricsSystemImpl (MetricsSystemImpl.java:init(158)) - XceiverClientMetrics metrics system started (again)
2024-02-27 07:08:58,277 [client-write-TID-9] INFO  lib.Interns (Interns.java:removeEldestEntry(50)) - Metrics intern cache overflow at 2011 for MetricsSystem={MetricsSystem=MetricsInfoImpl{name=MetricsSystem, description=MetricsSystem}, MetricsSystem record=MetricsInfoImpl{name=MetricsSystem, description=MetricsSystem record}}
2024-02-27 07:08:58,888 [Thread-649] INFO  freon.ProgressBar (ProgressBar.java:logProgressBar(168)) - Progress: 25.00 % (25 out of 100)
2024-02-27 07:08:59,888 [Thread-649] INFO  freon.ProgressBar (ProgressBar.java:logProgressBar(168)) - Progress: 84.00 % (84 out of 100)
2024-02-27 07:09:00,889 [Thread-649] INFO  freon.ProgressBar (ProgressBar.java:logProgressBar(168)) - Progress: 100.00 % (100 out of 100)
]]></system-out>
  </testcase>
  <testcase name="testThreadPoolSize" classname="org.apache.hadoop.ozone.freon.TestRandomKeyGenerator" time="5.068">
    <system-out><![CDATA[2024-02-27 07:09:02,924 [main] INFO  protocolPB.OmTransportFactory (OmTransportFactory.java:createFactory(62)) - Loading OM transport implementation org.apache.hadoop.ozone.om.protocolPB.Hadoop3OmTransportFactory as specified by configuration.
2024-02-27 07:09:02,933 [main] INFO  freon.RandomKeyGenerator (RandomKeyGenerator.java:call(317)) - Number of Threads: 10
2024-02-27 07:09:02,952 [main] INFO  freon.RandomKeyGenerator (RandomKeyGenerator.java:call(322)) - Number of Volumes: 1.
2024-02-27 07:09:02,952 [main] INFO  freon.RandomKeyGenerator (RandomKeyGenerator.java:call(323)) - Number of Buckets per Volume: 1.
2024-02-27 07:09:02,952 [main] INFO  freon.RandomKeyGenerator (RandomKeyGenerator.java:call(324)) - Number of Keys per Bucket: 1.
2024-02-27 07:09:02,952 [main] INFO  freon.RandomKeyGenerator (RandomKeyGenerator.java:call(325)) - Key size: 10240 bytes
2024-02-27 07:09:02,952 [main] INFO  freon.RandomKeyGenerator (RandomKeyGenerator.java:call(326)) - Buffer size: 4096 bytes
2024-02-27 07:09:02,952 [main] INFO  freon.RandomKeyGenerator (RandomKeyGenerator.java:call(327)) - validateWrites : false
2024-02-27 07:09:02,953 [main] INFO  freon.RandomKeyGenerator (RandomKeyGenerator.java:call(328)) - Number of Validate Threads: 1
2024-02-27 07:09:02,953 [main] INFO  freon.RandomKeyGenerator (RandomKeyGenerator.java:call(329)) - cleanObjects : false
2024-02-27 07:09:02,954 [pool-225-thread-1] INFO  rpc.RpcClient (RpcClient.java:createVolume(465)) - Creating Volume: vol-0-91842, with runner as owner and space quota set to -1 bytes, counts quota set to -1
2024-02-27 07:09:02,961 [om1-OMStateMachineApplyTransactionThread - 0] INFO  volume.OMVolumeCreateRequest (OMVolumeCreateRequest.java:validateAndUpdateCache(198)) - created volume:vol-0-91842 for user:runner
2024-02-27 07:09:02,974 [main] INFO  freon.RandomKeyGenerator (RandomKeyGenerator.java:call(351)) - Starting progress bar Thread.
2024-02-27 07:09:02,974 [Thread-657] INFO  freon.ProgressBar (ProgressBar.java:logProgressBar(168)) - Progress: 0.00 % (0 out of 1)
2024-02-27 07:09:02,984 [pool-225-thread-2] INFO  rpc.RpcClient (RpcClient.java:createBucket(691)) - Creating Bucket: vol-0-91842/bucket-0-46187, with server-side default bucket layout, runner as owner, Versioning false, Storage Type set to DISK and Encryption set to false, Replication Type set to server-side default replication type, Namespace Quota set to -1, Space Quota set to -1 
2024-02-27 07:09:02,989 [om1-OMStateMachineApplyTransactionThread - 0] INFO  bucket.OMBucketCreateRequest (OMBucketCreateRequest.java:validateAndUpdateCache(292)) - created bucket: bucket-0-46187 of layout FILE_SYSTEM_OPTIMIZED in volume: vol-0-91842
2024-02-27 07:09:03,975 [Thread-657] INFO  freon.ProgressBar (ProgressBar.java:logProgressBar(168)) - Progress: 100.00 % (1 out of 1)
]]></system-out>
  </testcase>
  <testcase name="testMultiThread" classname="org.apache.hadoop.ozone.freon.TestRandomKeyGenerator" time="5.062">
    <system-out><![CDATA[2024-02-27 07:09:07,991 [main] INFO  protocolPB.OmTransportFactory (OmTransportFactory.java:createFactory(62)) - Loading OM transport implementation org.apache.hadoop.ozone.om.protocolPB.Hadoop3OmTransportFactory as specified by configuration.
2024-02-27 07:09:07,998 [main] INFO  freon.RandomKeyGenerator (RandomKeyGenerator.java:call(317)) - Number of Threads: 10
2024-02-27 07:09:08,015 [main] INFO  freon.RandomKeyGenerator (RandomKeyGenerator.java:call(322)) - Number of Volumes: 10.
2024-02-27 07:09:08,015 [main] INFO  freon.RandomKeyGenerator (RandomKeyGenerator.java:call(323)) - Number of Buckets per Volume: 1.
2024-02-27 07:09:08,015 [main] INFO  freon.RandomKeyGenerator (RandomKeyGenerator.java:call(324)) - Number of Keys per Bucket: 10.
2024-02-27 07:09:08,015 [main] INFO  freon.RandomKeyGenerator (RandomKeyGenerator.java:call(325)) - Key size: 10240 bytes
2024-02-27 07:09:08,015 [main] INFO  freon.RandomKeyGenerator (RandomKeyGenerator.java:call(326)) - Buffer size: 4096 bytes
2024-02-27 07:09:08,015 [main] INFO  freon.RandomKeyGenerator (RandomKeyGenerator.java:call(327)) - validateWrites : false
2024-02-27 07:09:08,015 [main] INFO  freon.RandomKeyGenerator (RandomKeyGenerator.java:call(328)) - Number of Validate Threads: 1
2024-02-27 07:09:08,015 [main] INFO  freon.RandomKeyGenerator (RandomKeyGenerator.java:call(329)) - cleanObjects : false
2024-02-27 07:09:08,016 [pool-227-thread-2] INFO  rpc.RpcClient (RpcClient.java:createVolume(465)) - Creating Volume: vol-1-83798, with runner as owner and space quota set to -1 bytes, counts quota set to -1
2024-02-27 07:09:08,017 [pool-227-thread-1] INFO  rpc.RpcClient (RpcClient.java:createVolume(465)) - Creating Volume: vol-0-22774, with runner as owner and space quota set to -1 bytes, counts quota set to -1
2024-02-27 07:09:08,019 [pool-227-thread-4] INFO  rpc.RpcClient (RpcClient.java:createVolume(465)) - Creating Volume: vol-3-79906, with runner as owner and space quota set to -1 bytes, counts quota set to -1
2024-02-27 07:09:08,019 [pool-227-thread-3] INFO  rpc.RpcClient (RpcClient.java:createVolume(465)) - Creating Volume: vol-2-79172, with runner as owner and space quota set to -1 bytes, counts quota set to -1
2024-02-27 07:09:08,020 [pool-227-thread-5] INFO  rpc.RpcClient (RpcClient.java:createVolume(465)) - Creating Volume: vol-4-92361, with runner as owner and space quota set to -1 bytes, counts quota set to -1
2024-02-27 07:09:08,022 [pool-227-thread-6] INFO  rpc.RpcClient (RpcClient.java:createVolume(465)) - Creating Volume: vol-5-89985, with runner as owner and space quota set to -1 bytes, counts quota set to -1
2024-02-27 07:09:08,022 [om1-OMStateMachineApplyTransactionThread - 0] INFO  volume.OMVolumeCreateRequest (OMVolumeCreateRequest.java:validateAndUpdateCache(198)) - created volume:vol-1-83798 for user:runner
2024-02-27 07:09:08,023 [om1-OMStateMachineApplyTransactionThread - 0] INFO  volume.OMVolumeCreateRequest (OMVolumeCreateRequest.java:validateAndUpdateCache(198)) - created volume:vol-0-22774 for user:runner
2024-02-27 07:09:08,023 [pool-227-thread-7] INFO  rpc.RpcClient (RpcClient.java:createVolume(465)) - Creating Volume: vol-6-91715, with runner as owner and space quota set to -1 bytes, counts quota set to -1
2024-02-27 07:09:08,024 [pool-227-thread-8] INFO  rpc.RpcClient (RpcClient.java:createVolume(465)) - Creating Volume: vol-7-24931, with runner as owner and space quota set to -1 bytes, counts quota set to -1
2024-02-27 07:09:08,025 [pool-227-thread-9] INFO  rpc.RpcClient (RpcClient.java:createVolume(465)) - Creating Volume: vol-8-64869, with runner as owner and space quota set to -1 bytes, counts quota set to -1
2024-02-27 07:09:08,025 [om1-OMStateMachineApplyTransactionThread - 0] INFO  volume.OMVolumeCreateRequest (OMVolumeCreateRequest.java:validateAndUpdateCache(198)) - created volume:vol-3-79906 for user:runner
2024-02-27 07:09:08,027 [om1-OMStateMachineApplyTransactionThread - 0] INFO  volume.OMVolumeCreateRequest (OMVolumeCreateRequest.java:validateAndUpdateCache(198)) - created volume:vol-2-79172 for user:runner
2024-02-27 07:09:08,027 [om1-OMStateMachineApplyTransactionThread - 0] INFO  volume.OMVolumeCreateRequest (OMVolumeCreateRequest.java:validateAndUpdateCache(198)) - created volume:vol-4-92361 for user:runner
2024-02-27 07:09:08,028 [om1-OMStateMachineApplyTransactionThread - 0] INFO  volume.OMVolumeCreateRequest (OMVolumeCreateRequest.java:validateAndUpdateCache(198)) - created volume:vol-5-89985 for user:runner
2024-02-27 07:09:08,028 [om1-OMStateMachineApplyTransactionThread - 0] INFO  volume.OMVolumeCreateRequest (OMVolumeCreateRequest.java:validateAndUpdateCache(198)) - created volume:vol-6-91715 for user:runner
2024-02-27 07:09:08,029 [main] INFO  freon.RandomKeyGenerator (RandomKeyGenerator.java:call(351)) - Starting progress bar Thread.
2024-02-27 07:09:08,030 [pool-227-thread-10] INFO  rpc.RpcClient (RpcClient.java:createVolume(465)) - Creating Volume: vol-9-76017, with runner as owner and space quota set to -1 bytes, counts quota set to -1
2024-02-27 07:09:08,033 [om1-OMStateMachineApplyTransactionThread - 0] INFO  volume.OMVolumeCreateRequest (OMVolumeCreateRequest.java:validateAndUpdateCache(198)) - created volume:vol-7-24931 for user:runner
2024-02-27 07:09:08,034 [om1-OMStateMachineApplyTransactionThread - 0] INFO  volume.OMVolumeCreateRequest (OMVolumeCreateRequest.java:validateAndUpdateCache(198)) - created volume:vol-8-64869 for user:runner
2024-02-27 07:09:08,035 [om1-OMStateMachineApplyTransactionThread - 0] INFO  volume.OMVolumeCreateRequest (OMVolumeCreateRequest.java:validateAndUpdateCache(198)) - created volume:vol-9-76017 for user:runner
2024-02-27 07:09:08,038 [Thread-664] INFO  freon.ProgressBar (ProgressBar.java:logProgressBar(168)) - Progress: 0.00 % (0 out of 100)
2024-02-27 07:09:08,046 [pool-227-thread-5] INFO  rpc.RpcClient (RpcClient.java:createBucket(691)) - Creating Bucket: vol-0-22774/bucket-0-88422, with server-side default bucket layout, runner as owner, Versioning false, Storage Type set to DISK and Encryption set to false, Replication Type set to server-side default replication type, Namespace Quota set to -1, Space Quota set to -1 
2024-02-27 07:09:08,046 [pool-227-thread-8] INFO  rpc.RpcClient (RpcClient.java:createBucket(691)) - Creating Bucket: vol-4-92361/bucket-0-79705, with server-side default bucket layout, runner as owner, Versioning false, Storage Type set to DISK and Encryption set to false, Replication Type set to server-side default replication type, Namespace Quota set to -1, Space Quota set to -1 
2024-02-27 07:09:08,046 [pool-227-thread-2] INFO  rpc.RpcClient (RpcClient.java:createBucket(691)) - Creating Bucket: vol-5-89985/bucket-0-73298, with server-side default bucket layout, runner as owner, Versioning false, Storage Type set to DISK and Encryption set to false, Replication Type set to server-side default replication type, Namespace Quota set to -1, Space Quota set to -1 
2024-02-27 07:09:08,047 [pool-227-thread-3] INFO  rpc.RpcClient (RpcClient.java:createBucket(691)) - Creating Bucket: vol-7-24931/bucket-0-13269, with server-side default bucket layout, runner as owner, Versioning false, Storage Type set to DISK and Encryption set to false, Replication Type set to server-side default replication type, Namespace Quota set to -1, Space Quota set to -1 
2024-02-27 07:09:08,047 [pool-227-thread-10] INFO  rpc.RpcClient (RpcClient.java:createBucket(691)) - Creating Bucket: vol-6-91715/bucket-0-22383, with server-side default bucket layout, runner as owner, Versioning false, Storage Type set to DISK and Encryption set to false, Replication Type set to server-side default replication type, Namespace Quota set to -1, Space Quota set to -1 
2024-02-27 07:09:08,048 [pool-227-thread-9] INFO  rpc.RpcClient (RpcClient.java:createBucket(691)) - Creating Bucket: vol-9-76017/bucket-0-62724, with server-side default bucket layout, runner as owner, Versioning false, Storage Type set to DISK and Encryption set to false, Replication Type set to server-side default replication type, Namespace Quota set to -1, Space Quota set to -1 
2024-02-27 07:09:08,051 [om1-OMStateMachineApplyTransactionThread - 0] INFO  bucket.OMBucketCreateRequest (OMBucketCreateRequest.java:validateAndUpdateCache(292)) - created bucket: bucket-0-79705 of layout FILE_SYSTEM_OPTIMIZED in volume: vol-4-92361
2024-02-27 07:09:08,051 [om1-OMStateMachineApplyTransactionThread - 0] INFO  bucket.OMBucketCreateRequest (OMBucketCreateRequest.java:validateAndUpdateCache(292)) - created bucket: bucket-0-73298 of layout FILE_SYSTEM_OPTIMIZED in volume: vol-5-89985
2024-02-27 07:09:08,052 [om1-OMStateMachineApplyTransactionThread - 0] INFO  bucket.OMBucketCreateRequest (OMBucketCreateRequest.java:validateAndUpdateCache(292)) - created bucket: bucket-0-22383 of layout FILE_SYSTEM_OPTIMIZED in volume: vol-6-91715
2024-02-27 07:09:08,052 [om1-OMStateMachineApplyTransactionThread - 0] INFO  bucket.OMBucketCreateRequest (OMBucketCreateRequest.java:validateAndUpdateCache(292)) - created bucket: bucket-0-13269 of layout FILE_SYSTEM_OPTIMIZED in volume: vol-7-24931
2024-02-27 07:09:08,054 [om1-OMStateMachineApplyTransactionThread - 0] INFO  bucket.OMBucketCreateRequest (OMBucketCreateRequest.java:validateAndUpdateCache(292)) - created bucket: bucket-0-62724 of layout FILE_SYSTEM_OPTIMIZED in volume: vol-9-76017
2024-02-27 07:09:08,054 [om1-OMStateMachineApplyTransactionThread - 0] INFO  bucket.OMBucketCreateRequest (OMBucketCreateRequest.java:validateAndUpdateCache(292)) - created bucket: bucket-0-88422 of layout FILE_SYSTEM_OPTIMIZED in volume: vol-0-22774
2024-02-27 07:09:08,056 [pool-227-thread-1] INFO  rpc.RpcClient (RpcClient.java:createBucket(691)) - Creating Bucket: vol-1-83798/bucket-0-33141, with server-side default bucket layout, runner as owner, Versioning false, Storage Type set to DISK and Encryption set to false, Replication Type set to server-side default replication type, Namespace Quota set to -1, Space Quota set to -1 
2024-02-27 07:09:08,056 [pool-227-thread-6] INFO  rpc.RpcClient (RpcClient.java:createBucket(691)) - Creating Bucket: vol-2-79172/bucket-0-25494, with server-side default bucket layout, runner as owner, Versioning false, Storage Type set to DISK and Encryption set to false, Replication Type set to server-side default replication type, Namespace Quota set to -1, Space Quota set to -1 
2024-02-27 07:09:08,056 [pool-227-thread-7] INFO  rpc.RpcClient (RpcClient.java:createBucket(691)) - Creating Bucket: vol-3-79906/bucket-0-22177, with server-side default bucket layout, runner as owner, Versioning false, Storage Type set to DISK and Encryption set to false, Replication Type set to server-side default replication type, Namespace Quota set to -1, Space Quota set to -1 
2024-02-27 07:09:08,057 [pool-227-thread-4] INFO  rpc.RpcClient (RpcClient.java:createBucket(691)) - Creating Bucket: vol-8-64869/bucket-0-00096, with server-side default bucket layout, runner as owner, Versioning false, Storage Type set to DISK and Encryption set to false, Replication Type set to server-side default replication type, Namespace Quota set to -1, Space Quota set to -1 
2024-02-27 07:09:08,060 [om1-OMStateMachineApplyTransactionThread - 0] INFO  bucket.OMBucketCreateRequest (OMBucketCreateRequest.java:validateAndUpdateCache(292)) - created bucket: bucket-0-33141 of layout FILE_SYSTEM_OPTIMIZED in volume: vol-1-83798
2024-02-27 07:09:08,062 [om1-OMStateMachineApplyTransactionThread - 0] INFO  bucket.OMBucketCreateRequest (OMBucketCreateRequest.java:validateAndUpdateCache(292)) - created bucket: bucket-0-25494 of layout FILE_SYSTEM_OPTIMIZED in volume: vol-2-79172
2024-02-27 07:09:08,063 [om1-OMStateMachineApplyTransactionThread - 0] INFO  bucket.OMBucketCreateRequest (OMBucketCreateRequest.java:validateAndUpdateCache(292)) - created bucket: bucket-0-22177 of layout FILE_SYSTEM_OPTIMIZED in volume: vol-3-79906
2024-02-27 07:09:08,063 [om1-OMStateMachineApplyTransactionThread - 0] INFO  bucket.OMBucketCreateRequest (OMBucketCreateRequest.java:validateAndUpdateCache(292)) - created bucket: bucket-0-00096 of layout FILE_SYSTEM_OPTIMIZED in volume: vol-8-64869
2024-02-27 07:09:09,038 [Thread-664] INFO  freon.ProgressBar (ProgressBar.java:logProgressBar(168)) - Progress: 60.00 % (60 out of 100)
2024-02-27 07:09:10,039 [Thread-664] INFO  freon.ProgressBar (ProgressBar.java:logProgressBar(168)) - Progress: 100.00 % (100 out of 100)
]]></system-out>
  </testcase>
  <testcase name="singleFailedAttempt" classname="org.apache.hadoop.ozone.freon.TestRandomKeyGenerator" time="1.266">
    <system-out><![CDATA[2024-02-27 07:09:13,294 [main] INFO  freon.BaseFreonGenerator (BaseFreonGenerator.java:init(309)) - Executing test with prefix a4jal316pk and number-of-tests 1
2024-02-27 07:09:13,312 [Thread-686] INFO  freon.ProgressBar (ProgressBar.java:logProgressBar(168)) - Progress: 0.00 % (0 out of 1)
2024-02-27 07:09:13,313 [pool-229-thread-1] ERROR freon.BaseFreonGenerator (BaseFreonGenerator.java:tryNextTask(225)) - Error on executing task 0
java.lang.RuntimeException: fail
	at org.apache.hadoop.ozone.freon.TestRandomKeyGenerator.lambda$null$0(TestRandomKeyGenerator.java:83)
	at org.apache.hadoop.ozone.freon.BaseFreonGenerator.tryNextTask(BaseFreonGenerator.java:220)
	at org.apache.hadoop.ozone.freon.BaseFreonGenerator.taskLoop(BaseFreonGenerator.java:200)
	at org.apache.hadoop.ozone.freon.BaseFreonGenerator.lambda$startTaskRunners$0(BaseFreonGenerator.java:174)
	at java.util.concurrent.ThreadPoolExecutor.runWorker(ThreadPoolExecutor.java:1149)
	at java.util.concurrent.ThreadPoolExecutor$Worker.run(ThreadPoolExecutor.java:624)
	at java.lang.Thread.run(Thread.java:750)
2024-02-27 07:09:14,312 [Thread-686] INFO  freon.ProgressBar (ProgressBar.java:logProgressBar(168)) - Progress: 100.00 % (1 out of 1)
]]></system-out>
  </testcase>
  <testcase name="cleanObjectsTest" classname="org.apache.hadoop.ozone.freon.TestRandomKeyGenerator" time="10.07">
    <system-out><![CDATA[2024-02-27 07:09:14,318 [main] INFO  protocolPB.OmTransportFactory (OmTransportFactory.java:createFactory(62)) - Loading OM transport implementation org.apache.hadoop.ozone.om.protocolPB.Hadoop3OmTransportFactory as specified by configuration.
2024-02-27 07:09:14,324 [main] INFO  freon.RandomKeyGenerator (RandomKeyGenerator.java:call(317)) - Number of Threads: 10
2024-02-27 07:09:14,337 [main] INFO  freon.RandomKeyGenerator (RandomKeyGenerator.java:call(322)) - Number of Volumes: 2.
2024-02-27 07:09:14,337 [main] INFO  freon.RandomKeyGenerator (RandomKeyGenerator.java:call(323)) - Number of Buckets per Volume: 5.
2024-02-27 07:09:14,337 [main] INFO  freon.RandomKeyGenerator (RandomKeyGenerator.java:call(324)) - Number of Keys per Bucket: 10.
2024-02-27 07:09:14,337 [main] INFO  freon.RandomKeyGenerator (RandomKeyGenerator.java:call(325)) - Key size: 10240 bytes
2024-02-27 07:09:14,337 [main] INFO  freon.RandomKeyGenerator (RandomKeyGenerator.java:call(326)) - Buffer size: 4096 bytes
2024-02-27 07:09:14,337 [main] INFO  freon.RandomKeyGenerator (RandomKeyGenerator.java:call(327)) - validateWrites : false
2024-02-27 07:09:14,338 [main] INFO  freon.RandomKeyGenerator (RandomKeyGenerator.java:call(328)) - Number of Validate Threads: 1
2024-02-27 07:09:14,338 [main] INFO  freon.RandomKeyGenerator (RandomKeyGenerator.java:call(329)) - cleanObjects : true
2024-02-27 07:09:14,338 [pool-230-thread-1] INFO  rpc.RpcClient (RpcClient.java:createVolume(465)) - Creating Volume: vol-0-36044, with runner as owner and space quota set to -1 bytes, counts quota set to -1
2024-02-27 07:09:14,338 [pool-230-thread-2] INFO  rpc.RpcClient (RpcClient.java:createVolume(465)) - Creating Volume: vol-1-09505, with runner as owner and space quota set to -1 bytes, counts quota set to -1
2024-02-27 07:09:14,350 [om1-OMStateMachineApplyTransactionThread - 0] INFO  volume.OMVolumeCreateRequest (OMVolumeCreateRequest.java:validateAndUpdateCache(198)) - created volume:vol-0-36044 for user:runner
2024-02-27 07:09:14,358 [main] INFO  freon.RandomKeyGenerator (RandomKeyGenerator.java:call(351)) - Starting progress bar Thread.
2024-02-27 07:09:14,358 [Thread-688] INFO  freon.ProgressBar (ProgressBar.java:logProgressBar(168)) - Progress: 0.00 % (0 out of 100)
2024-02-27 07:09:14,360 [pool-230-thread-1] INFO  rpc.RpcClient (RpcClient.java:createBucket(691)) - Creating Bucket: vol-0-36044/bucket-4-51021, with server-side default bucket layout, runner as owner, Versioning false, Storage Type set to DISK and Encryption set to false, Replication Type set to server-side default replication type, Namespace Quota set to -1, Space Quota set to -1 
2024-02-27 07:09:14,361 [pool-230-thread-3] INFO  rpc.RpcClient (RpcClient.java:createBucket(691)) - Creating Bucket: vol-0-36044/bucket-0-13881, with server-side default bucket layout, runner as owner, Versioning false, Storage Type set to DISK and Encryption set to false, Replication Type set to server-side default replication type, Namespace Quota set to -1, Space Quota set to -1 
2024-02-27 07:09:14,362 [om1-OMStateMachineApplyTransactionThread - 0] INFO  volume.OMVolumeCreateRequest (OMVolumeCreateRequest.java:validateAndUpdateCache(198)) - created volume:vol-1-09505 for user:runner
2024-02-27 07:09:14,363 [om1-OMStateMachineApplyTransactionThread - 0] INFO  bucket.OMBucketCreateRequest (OMBucketCreateRequest.java:validateAndUpdateCache(292)) - created bucket: bucket-4-51021 of layout FILE_SYSTEM_OPTIMIZED in volume: vol-0-36044
2024-02-27 07:09:14,363 [om1-OMStateMachineApplyTransactionThread - 0] INFO  bucket.OMBucketCreateRequest (OMBucketCreateRequest.java:validateAndUpdateCache(292)) - created bucket: bucket-0-13881 of layout FILE_SYSTEM_OPTIMIZED in volume: vol-0-36044
2024-02-27 07:09:14,364 [pool-230-thread-2] INFO  rpc.RpcClient (RpcClient.java:createBucket(691)) - Creating Bucket: vol-1-09505/bucket-4-43434, with server-side default bucket layout, runner as owner, Versioning false, Storage Type set to DISK and Encryption set to false, Replication Type set to server-side default replication type, Namespace Quota set to -1, Space Quota set to -1 
2024-02-27 07:09:14,366 [om1-OMStateMachineApplyTransactionThread - 0] INFO  bucket.OMBucketCreateRequest (OMBucketCreateRequest.java:validateAndUpdateCache(292)) - created bucket: bucket-4-43434 of layout FILE_SYSTEM_OPTIMIZED in volume: vol-1-09505
2024-02-27 07:09:14,369 [pool-230-thread-9] INFO  rpc.RpcClient (RpcClient.java:createBucket(691)) - Creating Bucket: vol-0-36044/bucket-3-51076, with server-side default bucket layout, runner as owner, Versioning false, Storage Type set to DISK and Encryption set to false, Replication Type set to server-side default replication type, Namespace Quota set to -1, Space Quota set to -1 
2024-02-27 07:09:14,369 [pool-230-thread-7] INFO  rpc.RpcClient (RpcClient.java:createBucket(691)) - Creating Bucket: vol-0-36044/bucket-2-07239, with server-side default bucket layout, runner as owner, Versioning false, Storage Type set to DISK and Encryption set to false, Replication Type set to server-side default replication type, Namespace Quota set to -1, Space Quota set to -1 
2024-02-27 07:09:14,369 [pool-230-thread-5] INFO  rpc.RpcClient (RpcClient.java:createBucket(691)) - Creating Bucket: vol-0-36044/bucket-1-07124, with server-side default bucket layout, runner as owner, Versioning false, Storage Type set to DISK and Encryption set to false, Replication Type set to server-side default replication type, Namespace Quota set to -1, Space Quota set to -1 
2024-02-27 07:09:14,369 [pool-230-thread-4] INFO  rpc.RpcClient (RpcClient.java:createBucket(691)) - Creating Bucket: vol-1-09505/bucket-0-53000, with server-side default bucket layout, runner as owner, Versioning false, Storage Type set to DISK and Encryption set to false, Replication Type set to server-side default replication type, Namespace Quota set to -1, Space Quota set to -1 
2024-02-27 07:09:14,370 [pool-230-thread-6] INFO  rpc.RpcClient (RpcClient.java:createBucket(691)) - Creating Bucket: vol-1-09505/bucket-1-64658, with server-side default bucket layout, runner as owner, Versioning false, Storage Type set to DISK and Encryption set to false, Replication Type set to server-side default replication type, Namespace Quota set to -1, Space Quota set to -1 
2024-02-27 07:09:14,372 [om1-OMStateMachineApplyTransactionThread - 0] INFO  bucket.OMBucketCreateRequest (OMBucketCreateRequest.java:validateAndUpdateCache(292)) - created bucket: bucket-2-07239 of layout FILE_SYSTEM_OPTIMIZED in volume: vol-0-36044
2024-02-27 07:09:14,373 [pool-230-thread-8] INFO  rpc.RpcClient (RpcClient.java:createBucket(691)) - Creating Bucket: vol-1-09505/bucket-2-78935, with server-side default bucket layout, runner as owner, Versioning false, Storage Type set to DISK and Encryption set to false, Replication Type set to server-side default replication type, Namespace Quota set to -1, Space Quota set to -1 
2024-02-27 07:09:14,374 [pool-230-thread-10] INFO  rpc.RpcClient (RpcClient.java:createBucket(691)) - Creating Bucket: vol-1-09505/bucket-3-63962, with server-side default bucket layout, runner as owner, Versioning false, Storage Type set to DISK and Encryption set to false, Replication Type set to server-side default replication type, Namespace Quota set to -1, Space Quota set to -1 
2024-02-27 07:09:14,374 [om1-OMStateMachineApplyTransactionThread - 0] INFO  bucket.OMBucketCreateRequest (OMBucketCreateRequest.java:validateAndUpdateCache(292)) - created bucket: bucket-1-07124 of layout FILE_SYSTEM_OPTIMIZED in volume: vol-0-36044
2024-02-27 07:09:14,375 [om1-OMStateMachineApplyTransactionThread - 0] INFO  bucket.OMBucketCreateRequest (OMBucketCreateRequest.java:validateAndUpdateCache(292)) - created bucket: bucket-1-64658 of layout FILE_SYSTEM_OPTIMIZED in volume: vol-1-09505
2024-02-27 07:09:14,378 [om1-OMStateMachineApplyTransactionThread - 0] INFO  bucket.OMBucketCreateRequest (OMBucketCreateRequest.java:validateAndUpdateCache(292)) - created bucket: bucket-3-51076 of layout FILE_SYSTEM_OPTIMIZED in volume: vol-0-36044
2024-02-27 07:09:14,378 [om1-OMStateMachineApplyTransactionThread - 0] INFO  bucket.OMBucketCreateRequest (OMBucketCreateRequest.java:validateAndUpdateCache(292)) - created bucket: bucket-0-53000 of layout FILE_SYSTEM_OPTIMIZED in volume: vol-1-09505
2024-02-27 07:09:14,379 [om1-OMStateMachineApplyTransactionThread - 0] INFO  bucket.OMBucketCreateRequest (OMBucketCreateRequest.java:validateAndUpdateCache(292)) - created bucket: bucket-2-78935 of layout FILE_SYSTEM_OPTIMIZED in volume: vol-1-09505
2024-02-27 07:09:14,382 [om1-OMStateMachineApplyTransactionThread - 0] INFO  bucket.OMBucketCreateRequest (OMBucketCreateRequest.java:validateAndUpdateCache(292)) - created bucket: bucket-3-63962 of layout FILE_SYSTEM_OPTIMIZED in volume: vol-1-09505
2024-02-27 07:09:15,358 [Thread-688] INFO  freon.ProgressBar (ProgressBar.java:logProgressBar(168)) - Progress: 100.00 % (100 out of 100)
2024-02-27 07:09:19,360 [main] INFO  freon.RandomKeyGenerator (RandomKeyGenerator.java:doCleanObjects(417)) - Starting clean progress bar Thread.
2024-02-27 07:09:19,361 [Thread-690] INFO  freon.ProgressBar (ProgressBar.java:logProgressBar(168)) - Progress: 0.00 % (0 out of 10)
2024-02-27 07:09:20,361 [Thread-690] INFO  freon.ProgressBar (ProgressBar.java:logProgressBar(168)) - Progress: 100.00 % (10 out of 10)
]]></system-out>
  </testcase>
  <testcase name="testZeroSizeKey" classname="org.apache.hadoop.ozone.freon.TestRandomKeyGenerator" time="5.07">
    <system-out><![CDATA[2024-02-27 07:09:24,390 [main] INFO  protocolPB.OmTransportFactory (OmTransportFactory.java:createFactory(62)) - Loading OM transport implementation org.apache.hadoop.ozone.om.protocolPB.Hadoop3OmTransportFactory as specified by configuration.
2024-02-27 07:09:24,398 [main] INFO  freon.RandomKeyGenerator (RandomKeyGenerator.java:call(317)) - Number of Threads: 1
2024-02-27 07:09:24,417 [main] INFO  freon.RandomKeyGenerator (RandomKeyGenerator.java:call(322)) - Number of Volumes: 1.
2024-02-27 07:09:24,418 [main] INFO  freon.RandomKeyGenerator (RandomKeyGenerator.java:call(323)) - Number of Buckets per Volume: 1.
2024-02-27 07:09:24,418 [main] INFO  freon.RandomKeyGenerator (RandomKeyGenerator.java:call(324)) - Number of Keys per Bucket: 1.
2024-02-27 07:09:24,418 [main] INFO  freon.RandomKeyGenerator (RandomKeyGenerator.java:call(325)) - Key size: 0 bytes
2024-02-27 07:09:24,418 [main] INFO  freon.RandomKeyGenerator (RandomKeyGenerator.java:call(326)) - Buffer size: 4096 bytes
2024-02-27 07:09:24,418 [main] INFO  freon.RandomKeyGenerator (RandomKeyGenerator.java:call(327)) - validateWrites : true
2024-02-27 07:09:24,419 [main] INFO  freon.RandomKeyGenerator (RandomKeyGenerator.java:call(328)) - Number of Validate Threads: 1
2024-02-27 07:09:24,419 [main] INFO  freon.RandomKeyGenerator (RandomKeyGenerator.java:call(329)) - cleanObjects : false
2024-02-27 07:09:24,419 [pool-233-thread-1] INFO  rpc.RpcClient (RpcClient.java:createVolume(465)) - Creating Volume: vol-0-17522, with runner as owner and space quota set to -1 bytes, counts quota set to -1
2024-02-27 07:09:24,421 [main] INFO  freon.RandomKeyGenerator (RandomKeyGenerator.java:call(345)) - Data validation is enabled.
2024-02-27 07:09:24,422 [main] INFO  freon.RandomKeyGenerator (RandomKeyGenerator.java:call(351)) - Starting progress bar Thread.
2024-02-27 07:09:24,422 [Thread-699] INFO  freon.ProgressBar (ProgressBar.java:logProgressBar(168)) - Progress: 0.00 % (0 out of 1)
2024-02-27 07:09:24,425 [om1-OMStateMachineApplyTransactionThread - 0] INFO  volume.OMVolumeCreateRequest (OMVolumeCreateRequest.java:validateAndUpdateCache(198)) - created volume:vol-0-17522 for user:runner
2024-02-27 07:09:24,428 [pool-233-thread-1] INFO  rpc.RpcClient (RpcClient.java:createBucket(691)) - Creating Bucket: vol-0-17522/bucket-0-73057, with server-side default bucket layout, runner as owner, Versioning false, Storage Type set to DISK and Encryption set to false, Replication Type set to server-side default replication type, Namespace Quota set to -1, Space Quota set to -1 
2024-02-27 07:09:24,430 [om1-OMStateMachineApplyTransactionThread - 0] INFO  bucket.OMBucketCreateRequest (OMBucketCreateRequest.java:validateAndUpdateCache(292)) - created bucket: bucket-0-73057 of layout FILE_SYSTEM_OPTIMIZED in volume: vol-0-17522
2024-02-27 07:09:25,422 [Thread-699] INFO  freon.ProgressBar (ProgressBar.java:logProgressBar(168)) - Progress: 100.00 % (1 out of 1)
]]></system-out>
  </testcase>
  <testcase name="testRatisKey" classname="org.apache.hadoop.ozone.freon.TestRandomKeyGenerator" time="5.041">
    <system-out><![CDATA[2024-02-27 07:09:29,460 [main] INFO  protocolPB.OmTransportFactory (OmTransportFactory.java:createFactory(62)) - Loading OM transport implementation org.apache.hadoop.ozone.om.protocolPB.Hadoop3OmTransportFactory as specified by configuration.
2024-02-27 07:09:29,467 [main] INFO  freon.RandomKeyGenerator (RandomKeyGenerator.java:call(317)) - Number of Threads: 10
2024-02-27 07:09:29,480 [main] INFO  freon.RandomKeyGenerator (RandomKeyGenerator.java:call(322)) - Number of Volumes: 10.
2024-02-27 07:09:29,480 [main] INFO  freon.RandomKeyGenerator (RandomKeyGenerator.java:call(323)) - Number of Buckets per Volume: 1.
2024-02-27 07:09:29,480 [main] INFO  freon.RandomKeyGenerator (RandomKeyGenerator.java:call(324)) - Number of Keys per Bucket: 10.
2024-02-27 07:09:29,480 [main] INFO  freon.RandomKeyGenerator (RandomKeyGenerator.java:call(325)) - Key size: 10240 bytes
2024-02-27 07:09:29,480 [main] INFO  freon.RandomKeyGenerator (RandomKeyGenerator.java:call(326)) - Buffer size: 4096 bytes
2024-02-27 07:09:29,480 [main] INFO  freon.RandomKeyGenerator (RandomKeyGenerator.java:call(327)) - validateWrites : false
2024-02-27 07:09:29,480 [main] INFO  freon.RandomKeyGenerator (RandomKeyGenerator.java:call(328)) - Number of Validate Threads: 1
2024-02-27 07:09:29,480 [main] INFO  freon.RandomKeyGenerator (RandomKeyGenerator.java:call(329)) - cleanObjects : false
2024-02-27 07:09:29,481 [pool-235-thread-1] INFO  rpc.RpcClient (RpcClient.java:createVolume(465)) - Creating Volume: vol-0-95314, with runner as owner and space quota set to -1 bytes, counts quota set to -1
2024-02-27 07:09:29,481 [pool-235-thread-2] INFO  rpc.RpcClient (RpcClient.java:createVolume(465)) - Creating Volume: vol-1-51653, with runner as owner and space quota set to -1 bytes, counts quota set to -1
2024-02-27 07:09:29,484 [pool-235-thread-3] INFO  rpc.RpcClient (RpcClient.java:createVolume(465)) - Creating Volume: vol-2-69100, with runner as owner and space quota set to -1 bytes, counts quota set to -1
2024-02-27 07:09:29,485 [pool-235-thread-4] INFO  rpc.RpcClient (RpcClient.java:createVolume(465)) - Creating Volume: vol-3-87140, with runner as owner and space quota set to -1 bytes, counts quota set to -1
2024-02-27 07:09:29,486 [pool-235-thread-6] INFO  rpc.RpcClient (RpcClient.java:createVolume(465)) - Creating Volume: vol-5-00149, with runner as owner and space quota set to -1 bytes, counts quota set to -1
2024-02-27 07:09:29,486 [pool-235-thread-8] INFO  rpc.RpcClient (RpcClient.java:createVolume(465)) - Creating Volume: vol-6-47550, with runner as owner and space quota set to -1 bytes, counts quota set to -1
2024-02-27 07:09:29,485 [pool-235-thread-5] INFO  rpc.RpcClient (RpcClient.java:createVolume(465)) - Creating Volume: vol-4-84422, with runner as owner and space quota set to -1 bytes, counts quota set to -1
2024-02-27 07:09:29,486 [pool-235-thread-7] INFO  rpc.RpcClient (RpcClient.java:createVolume(465)) - Creating Volume: vol-7-57498, with runner as owner and space quota set to -1 bytes, counts quota set to -1
2024-02-27 07:09:29,487 [main] INFO  freon.RandomKeyGenerator (RandomKeyGenerator.java:call(351)) - Starting progress bar Thread.
2024-02-27 07:09:29,487 [pool-235-thread-9] INFO  rpc.RpcClient (RpcClient.java:createVolume(465)) - Creating Volume: vol-8-65718, with runner as owner and space quota set to -1 bytes, counts quota set to -1
2024-02-27 07:09:29,487 [Thread-701] INFO  freon.ProgressBar (ProgressBar.java:logProgressBar(168)) - Progress: 0.00 % (0 out of 100)
2024-02-27 07:09:29,487 [pool-235-thread-10] INFO  rpc.RpcClient (RpcClient.java:createVolume(465)) - Creating Volume: vol-9-00638, with runner as owner and space quota set to -1 bytes, counts quota set to -1
2024-02-27 07:09:29,489 [om1-OMStateMachineApplyTransactionThread - 0] INFO  volume.OMVolumeCreateRequest (OMVolumeCreateRequest.java:validateAndUpdateCache(198)) - created volume:vol-2-69100 for user:runner
2024-02-27 07:09:29,491 [om1-OMStateMachineApplyTransactionThread - 0] INFO  volume.OMVolumeCreateRequest (OMVolumeCreateRequest.java:validateAndUpdateCache(198)) - created volume:vol-4-84422 for user:runner
2024-02-27 07:09:29,492 [om1-OMStateMachineApplyTransactionThread - 0] INFO  volume.OMVolumeCreateRequest (OMVolumeCreateRequest.java:validateAndUpdateCache(198)) - created volume:vol-3-87140 for user:runner
2024-02-27 07:09:29,492 [om1-OMStateMachineApplyTransactionThread - 0] INFO  volume.OMVolumeCreateRequest (OMVolumeCreateRequest.java:validateAndUpdateCache(198)) - created volume:vol-5-00149 for user:runner
2024-02-27 07:09:29,492 [om1-OMStateMachineApplyTransactionThread - 0] INFO  volume.OMVolumeCreateRequest (OMVolumeCreateRequest.java:validateAndUpdateCache(198)) - created volume:vol-0-95314 for user:runner
2024-02-27 07:09:29,494 [om1-OMStateMachineApplyTransactionThread - 0] INFO  volume.OMVolumeCreateRequest (OMVolumeCreateRequest.java:validateAndUpdateCache(198)) - created volume:vol-6-47550 for user:runner
2024-02-27 07:09:29,494 [om1-OMStateMachineApplyTransactionThread - 0] INFO  volume.OMVolumeCreateRequest (OMVolumeCreateRequest.java:validateAndUpdateCache(198)) - created volume:vol-8-65718 for user:runner
2024-02-27 07:09:29,495 [om1-OMStateMachineApplyTransactionThread - 0] INFO  volume.OMVolumeCreateRequest (OMVolumeCreateRequest.java:validateAndUpdateCache(198)) - created volume:vol-9-00638 for user:runner
2024-02-27 07:09:29,495 [om1-OMStateMachineApplyTransactionThread - 0] INFO  volume.OMVolumeCreateRequest (OMVolumeCreateRequest.java:validateAndUpdateCache(198)) - created volume:vol-7-57498 for user:runner
2024-02-27 07:09:29,495 [om1-OMStateMachineApplyTransactionThread - 0] INFO  volume.OMVolumeCreateRequest (OMVolumeCreateRequest.java:validateAndUpdateCache(198)) - created volume:vol-1-51653 for user:runner
2024-02-27 07:09:29,500 [pool-235-thread-7] INFO  rpc.RpcClient (RpcClient.java:createBucket(691)) - Creating Bucket: vol-2-69100/bucket-0-79176, with server-side default bucket layout, runner as owner, Versioning false, Storage Type set to DISK and Encryption set to false, Replication Type set to server-side default replication type, Namespace Quota set to -1, Space Quota set to -1 
2024-02-27 07:09:29,500 [pool-235-thread-5] INFO  rpc.RpcClient (RpcClient.java:createBucket(691)) - Creating Bucket: vol-3-87140/bucket-0-67348, with server-side default bucket layout, runner as owner, Versioning false, Storage Type set to DISK and Encryption set to false, Replication Type set to server-side default replication type, Namespace Quota set to -1, Space Quota set to -1 
2024-02-27 07:09:29,501 [pool-235-thread-9] INFO  rpc.RpcClient (RpcClient.java:createBucket(691)) - Creating Bucket: vol-4-84422/bucket-0-16982, with server-side default bucket layout, runner as owner, Versioning false, Storage Type set to DISK and Encryption set to false, Replication Type set to server-side default replication type, Namespace Quota set to -1, Space Quota set to -1 
2024-02-27 07:09:29,501 [pool-235-thread-6] INFO  rpc.RpcClient (RpcClient.java:createBucket(691)) - Creating Bucket: vol-7-57498/bucket-0-56574, with server-side default bucket layout, runner as owner, Versioning false, Storage Type set to DISK and Encryption set to false, Replication Type set to server-side default replication type, Namespace Quota set to -1, Space Quota set to -1 
2024-02-27 07:09:29,502 [pool-235-thread-8] INFO  rpc.RpcClient (RpcClient.java:createBucket(691)) - Creating Bucket: vol-8-65718/bucket-0-13332, with server-side default bucket layout, runner as owner, Versioning false, Storage Type set to DISK and Encryption set to false, Replication Type set to server-side default replication type, Namespace Quota set to -1, Space Quota set to -1 
2024-02-27 07:09:29,504 [om1-OMStateMachineApplyTransactionThread - 0] INFO  bucket.OMBucketCreateRequest (OMBucketCreateRequest.java:validateAndUpdateCache(292)) - created bucket: bucket-0-79176 of layout FILE_SYSTEM_OPTIMIZED in volume: vol-2-69100
2024-02-27 07:09:29,505 [om1-OMStateMachineApplyTransactionThread - 0] INFO  bucket.OMBucketCreateRequest (OMBucketCreateRequest.java:validateAndUpdateCache(292)) - created bucket: bucket-0-67348 of layout FILE_SYSTEM_OPTIMIZED in volume: vol-3-87140
2024-02-27 07:09:29,505 [om1-OMStateMachineApplyTransactionThread - 0] INFO  bucket.OMBucketCreateRequest (OMBucketCreateRequest.java:validateAndUpdateCache(292)) - created bucket: bucket-0-56574 of layout FILE_SYSTEM_OPTIMIZED in volume: vol-7-57498
2024-02-27 07:09:29,507 [om1-OMStateMachineApplyTransactionThread - 0] INFO  bucket.OMBucketCreateRequest (OMBucketCreateRequest.java:validateAndUpdateCache(292)) - created bucket: bucket-0-16982 of layout FILE_SYSTEM_OPTIMIZED in volume: vol-4-84422
2024-02-27 07:09:29,508 [om1-OMStateMachineApplyTransactionThread - 0] INFO  bucket.OMBucketCreateRequest (OMBucketCreateRequest.java:validateAndUpdateCache(292)) - created bucket: bucket-0-13332 of layout FILE_SYSTEM_OPTIMIZED in volume: vol-8-65718
2024-02-27 07:09:29,509 [pool-235-thread-3] INFO  rpc.RpcClient (RpcClient.java:createBucket(691)) - Creating Bucket: vol-0-95314/bucket-0-08644, with server-side default bucket layout, runner as owner, Versioning false, Storage Type set to DISK and Encryption set to false, Replication Type set to server-side default replication type, Namespace Quota set to -1, Space Quota set to -1 
2024-02-27 07:09:29,510 [pool-235-thread-4] INFO  rpc.RpcClient (RpcClient.java:createBucket(691)) - Creating Bucket: vol-1-51653/bucket-0-00184, with server-side default bucket layout, runner as owner, Versioning false, Storage Type set to DISK and Encryption set to false, Replication Type set to server-side default replication type, Namespace Quota set to -1, Space Quota set to -1 
2024-02-27 07:09:29,511 [pool-235-thread-2] INFO  rpc.RpcClient (RpcClient.java:createBucket(691)) - Creating Bucket: vol-5-00149/bucket-0-58203, with server-side default bucket layout, runner as owner, Versioning false, Storage Type set to DISK and Encryption set to false, Replication Type set to server-side default replication type, Namespace Quota set to -1, Space Quota set to -1 
2024-02-27 07:09:29,512 [pool-235-thread-1] INFO  rpc.RpcClient (RpcClient.java:createBucket(691)) - Creating Bucket: vol-6-47550/bucket-0-70893, with server-side default bucket layout, runner as owner, Versioning false, Storage Type set to DISK and Encryption set to false, Replication Type set to server-side default replication type, Namespace Quota set to -1, Space Quota set to -1 
2024-02-27 07:09:29,514 [om1-OMStateMachineApplyTransactionThread - 0] INFO  bucket.OMBucketCreateRequest (OMBucketCreateRequest.java:validateAndUpdateCache(292)) - created bucket: bucket-0-08644 of layout FILE_SYSTEM_OPTIMIZED in volume: vol-0-95314
2024-02-27 07:09:29,516 [om1-OMStateMachineApplyTransactionThread - 0] INFO  bucket.OMBucketCreateRequest (OMBucketCreateRequest.java:validateAndUpdateCache(292)) - created bucket: bucket-0-58203 of layout FILE_SYSTEM_OPTIMIZED in volume: vol-5-00149
2024-02-27 07:09:29,516 [om1-OMStateMachineApplyTransactionThread - 0] INFO  bucket.OMBucketCreateRequest (OMBucketCreateRequest.java:validateAndUpdateCache(292)) - created bucket: bucket-0-00184 of layout FILE_SYSTEM_OPTIMIZED in volume: vol-1-51653
2024-02-27 07:09:29,517 [pool-235-thread-7] INFO  rpc.RpcClient (RpcClient.java:createBucket(691)) - Creating Bucket: vol-9-00638/bucket-0-82230, with server-side default bucket layout, runner as owner, Versioning false, Storage Type set to DISK and Encryption set to false, Replication Type set to server-side default replication type, Namespace Quota set to -1, Space Quota set to -1 
2024-02-27 07:09:29,518 [om1-OMStateMachineApplyTransactionThread - 0] INFO  bucket.OMBucketCreateRequest (OMBucketCreateRequest.java:validateAndUpdateCache(292)) - created bucket: bucket-0-70893 of layout FILE_SYSTEM_OPTIMIZED in volume: vol-6-47550
2024-02-27 07:09:29,521 [om1-OMStateMachineApplyTransactionThread - 0] INFO  bucket.OMBucketCreateRequest (OMBucketCreateRequest.java:validateAndUpdateCache(292)) - created bucket: bucket-0-82230 of layout FILE_SYSTEM_OPTIMIZED in volume: vol-9-00638
2024-02-27 07:09:30,488 [Thread-701] INFO  freon.ProgressBar (ProgressBar.java:logProgressBar(168)) - Progress: 100.00 % (100 out of 100)
]]></system-out>
  </testcase>
  <testcase name="testDefault" classname="org.apache.hadoop.ozone.freon.TestRandomKeyGenerator" time="5.052">
    <system-out><![CDATA[2024-02-27 07:09:34,502 [main] INFO  protocolPB.OmTransportFactory (OmTransportFactory.java:createFactory(62)) - Loading OM transport implementation org.apache.hadoop.ozone.om.protocolPB.Hadoop3OmTransportFactory as specified by configuration.
2024-02-27 07:09:34,510 [main] INFO  freon.RandomKeyGenerator (RandomKeyGenerator.java:call(317)) - Number of Threads: 10
2024-02-27 07:09:34,524 [main] INFO  freon.RandomKeyGenerator (RandomKeyGenerator.java:call(322)) - Number of Volumes: 2.
2024-02-27 07:09:34,524 [main] INFO  freon.RandomKeyGenerator (RandomKeyGenerator.java:call(323)) - Number of Buckets per Volume: 5.
2024-02-27 07:09:34,524 [main] INFO  freon.RandomKeyGenerator (RandomKeyGenerator.java:call(324)) - Number of Keys per Bucket: 10.
2024-02-27 07:09:34,524 [main] INFO  freon.RandomKeyGenerator (RandomKeyGenerator.java:call(325)) - Key size: 10240 bytes
2024-02-27 07:09:34,524 [main] INFO  freon.RandomKeyGenerator (RandomKeyGenerator.java:call(326)) - Buffer size: 4096 bytes
2024-02-27 07:09:34,525 [main] INFO  freon.RandomKeyGenerator (RandomKeyGenerator.java:call(327)) - validateWrites : false
2024-02-27 07:09:34,525 [main] INFO  freon.RandomKeyGenerator (RandomKeyGenerator.java:call(328)) - Number of Validate Threads: 1
2024-02-27 07:09:34,525 [main] INFO  freon.RandomKeyGenerator (RandomKeyGenerator.java:call(329)) - cleanObjects : false
2024-02-27 07:09:34,525 [pool-237-thread-1] INFO  rpc.RpcClient (RpcClient.java:createVolume(465)) - Creating Volume: vol-0-94121, with runner as owner and space quota set to -1 bytes, counts quota set to -1
2024-02-27 07:09:34,525 [pool-237-thread-2] INFO  rpc.RpcClient (RpcClient.java:createVolume(465)) - Creating Volume: vol-1-25610, with runner as owner and space quota set to -1 bytes, counts quota set to -1
2024-02-27 07:09:34,531 [om1-OMStateMachineApplyTransactionThread - 0] INFO  volume.OMVolumeCreateRequest (OMVolumeCreateRequest.java:validateAndUpdateCache(198)) - created volume:vol-1-25610 for user:runner
2024-02-27 07:09:34,536 [main] INFO  freon.RandomKeyGenerator (RandomKeyGenerator.java:call(351)) - Starting progress bar Thread.
2024-02-27 07:09:34,536 [Thread-709] INFO  freon.ProgressBar (ProgressBar.java:logProgressBar(168)) - Progress: 0.00 % (0 out of 100)
2024-02-27 07:09:34,537 [om1-OMStateMachineApplyTransactionThread - 0] INFO  volume.OMVolumeCreateRequest (OMVolumeCreateRequest.java:validateAndUpdateCache(198)) - created volume:vol-0-94121 for user:runner
2024-02-27 07:09:34,545 [pool-237-thread-2] INFO  rpc.RpcClient (RpcClient.java:createBucket(691)) - Creating Bucket: vol-1-25610/bucket-4-19012, with server-side default bucket layout, runner as owner, Versioning false, Storage Type set to DISK and Encryption set to false, Replication Type set to server-side default replication type, Namespace Quota set to -1, Space Quota set to -1 
2024-02-27 07:09:34,545 [pool-237-thread-1] INFO  rpc.RpcClient (RpcClient.java:createBucket(691)) - Creating Bucket: vol-0-94121/bucket-4-02876, with server-side default bucket layout, runner as owner, Versioning false, Storage Type set to DISK and Encryption set to false, Replication Type set to server-side default replication type, Namespace Quota set to -1, Space Quota set to -1 
2024-02-27 07:09:34,546 [pool-237-thread-3] INFO  rpc.RpcClient (RpcClient.java:createBucket(691)) - Creating Bucket: vol-0-94121/bucket-0-14080, with server-side default bucket layout, runner as owner, Versioning false, Storage Type set to DISK and Encryption set to false, Replication Type set to server-side default replication type, Namespace Quota set to -1, Space Quota set to -1 
2024-02-27 07:09:34,547 [om1-OMStateMachineApplyTransactionThread - 0] INFO  bucket.OMBucketCreateRequest (OMBucketCreateRequest.java:validateAndUpdateCache(292)) - created bucket: bucket-4-19012 of layout FILE_SYSTEM_OPTIMIZED in volume: vol-1-25610
2024-02-27 07:09:34,548 [om1-OMStateMachineApplyTransactionThread - 0] INFO  bucket.OMBucketCreateRequest (OMBucketCreateRequest.java:validateAndUpdateCache(292)) - created bucket: bucket-4-02876 of layout FILE_SYSTEM_OPTIMIZED in volume: vol-0-94121
2024-02-27 07:09:34,548 [pool-237-thread-5] INFO  rpc.RpcClient (RpcClient.java:createBucket(691)) - Creating Bucket: vol-0-94121/bucket-1-22944, with server-side default bucket layout, runner as owner, Versioning false, Storage Type set to DISK and Encryption set to false, Replication Type set to server-side default replication type, Namespace Quota set to -1, Space Quota set to -1 
2024-02-27 07:09:34,549 [pool-237-thread-4] INFO  rpc.RpcClient (RpcClient.java:createBucket(691)) - Creating Bucket: vol-1-25610/bucket-0-08629, with server-side default bucket layout, runner as owner, Versioning false, Storage Type set to DISK and Encryption set to false, Replication Type set to server-side default replication type, Namespace Quota set to -1, Space Quota set to -1 
2024-02-27 07:09:34,550 [om1-OMStateMachineApplyTransactionThread - 0] INFO  bucket.OMBucketCreateRequest (OMBucketCreateRequest.java:validateAndUpdateCache(292)) - created bucket: bucket-0-14080 of layout FILE_SYSTEM_OPTIMIZED in volume: vol-0-94121
2024-02-27 07:09:34,550 [pool-237-thread-7] INFO  rpc.RpcClient (RpcClient.java:createBucket(691)) - Creating Bucket: vol-1-25610/bucket-2-16547, with server-side default bucket layout, runner as owner, Versioning false, Storage Type set to DISK and Encryption set to false, Replication Type set to server-side default replication type, Namespace Quota set to -1, Space Quota set to -1 
2024-02-27 07:09:34,550 [om1-OMStateMachineApplyTransactionThread - 0] INFO  bucket.OMBucketCreateRequest (OMBucketCreateRequest.java:validateAndUpdateCache(292)) - created bucket: bucket-1-22944 of layout FILE_SYSTEM_OPTIMIZED in volume: vol-0-94121
2024-02-27 07:09:34,551 [pool-237-thread-8] INFO  rpc.RpcClient (RpcClient.java:createBucket(691)) - Creating Bucket: vol-1-25610/bucket-1-12149, with server-side default bucket layout, runner as owner, Versioning false, Storage Type set to DISK and Encryption set to false, Replication Type set to server-side default replication type, Namespace Quota set to -1, Space Quota set to -1 
2024-02-27 07:09:34,552 [om1-OMStateMachineApplyTransactionThread - 0] INFO  bucket.OMBucketCreateRequest (OMBucketCreateRequest.java:validateAndUpdateCache(292)) - created bucket: bucket-2-16547 of layout FILE_SYSTEM_OPTIMIZED in volume: vol-1-25610
2024-02-27 07:09:34,553 [om1-OMStateMachineApplyTransactionThread - 0] INFO  bucket.OMBucketCreateRequest (OMBucketCreateRequest.java:validateAndUpdateCache(292)) - created bucket: bucket-0-08629 of layout FILE_SYSTEM_OPTIMIZED in volume: vol-1-25610
2024-02-27 07:09:34,554 [pool-237-thread-10] INFO  rpc.RpcClient (RpcClient.java:createBucket(691)) - Creating Bucket: vol-1-25610/bucket-3-58292, with server-side default bucket layout, runner as owner, Versioning false, Storage Type set to DISK and Encryption set to false, Replication Type set to server-side default replication type, Namespace Quota set to -1, Space Quota set to -1 
2024-02-27 07:09:34,554 [pool-237-thread-9] INFO  rpc.RpcClient (RpcClient.java:createBucket(691)) - Creating Bucket: vol-0-94121/bucket-3-00228, with server-side default bucket layout, runner as owner, Versioning false, Storage Type set to DISK and Encryption set to false, Replication Type set to server-side default replication type, Namespace Quota set to -1, Space Quota set to -1 
2024-02-27 07:09:34,555 [om1-OMStateMachineApplyTransactionThread - 0] INFO  bucket.OMBucketCreateRequest (OMBucketCreateRequest.java:validateAndUpdateCache(292)) - created bucket: bucket-1-12149 of layout FILE_SYSTEM_OPTIMIZED in volume: vol-1-25610
2024-02-27 07:09:34,555 [pool-237-thread-6] INFO  rpc.RpcClient (RpcClient.java:createBucket(691)) - Creating Bucket: vol-0-94121/bucket-2-35234, with server-side default bucket layout, runner as owner, Versioning false, Storage Type set to DISK and Encryption set to false, Replication Type set to server-side default replication type, Namespace Quota set to -1, Space Quota set to -1 
2024-02-27 07:09:34,555 [om1-OMStateMachineApplyTransactionThread - 0] INFO  bucket.OMBucketCreateRequest (OMBucketCreateRequest.java:validateAndUpdateCache(292)) - created bucket: bucket-3-58292 of layout FILE_SYSTEM_OPTIMIZED in volume: vol-1-25610
2024-02-27 07:09:34,564 [om1-OMStateMachineApplyTransactionThread - 0] INFO  bucket.OMBucketCreateRequest (OMBucketCreateRequest.java:validateAndUpdateCache(292)) - created bucket: bucket-3-00228 of layout FILE_SYSTEM_OPTIMIZED in volume: vol-0-94121
2024-02-27 07:09:34,565 [om1-OMStateMachineApplyTransactionThread - 0] INFO  bucket.OMBucketCreateRequest (OMBucketCreateRequest.java:validateAndUpdateCache(292)) - created bucket: bucket-2-35234 of layout FILE_SYSTEM_OPTIMIZED in volume: vol-0-94121
2024-02-27 07:09:35,537 [Thread-709] INFO  freon.ProgressBar (ProgressBar.java:logProgressBar(168)) - Progress: 100.00 % (100 out of 100)

***************************************************
Status: Success
Git Base Revision: 1be78238728da9266a4f88195058f08fd012bf9c
Number of Volumes created: 2
Number of Buckets created: 10
Number of Keys added: 100
Average Time spent in volume creation: 00:00:00,002
Average Time spent in bucket creation: 00:00:00,005
Average Time spent in key creation: 00:00:00,226
Average Time spent in key write: 00:00:00,005
Total bytes written: 1024000
Total Execution time: 00:00:05,045
***************************************************
]]></system-out>
  </testcase>
  <testcase name="testKeyLargerThan2GB" classname="org.apache.hadoop.ozone.freon.TestRandomKeyGenerator" time="15.361">
    <failure type="org.opentest4j.AssertionFailedError"><![CDATA[org.opentest4j.AssertionFailedError: expected: <1> but was: <0>
	at org.junit.jupiter.api.AssertionFailureBuilder.build(AssertionFailureBuilder.java:151)
	at org.junit.jupiter.api.AssertionFailureBuilder.buildAndThrow(AssertionFailureBuilder.java:132)
	at org.junit.jupiter.api.AssertEquals.failNotEqual(AssertEquals.java:197)
	at org.junit.jupiter.api.AssertEquals.assertEquals(AssertEquals.java:166)
	at org.junit.jupiter.api.AssertEquals.assertEquals(AssertEquals.java:161)
	at org.junit.jupiter.api.Assertions.assertEquals(Assertions.java:632)
	at org.apache.hadoop.ozone.freon.TestRandomKeyGenerator.testKeyLargerThan2GB(TestRandomKeyGenerator.java:176)
	at java.lang.reflect.Method.invoke(Method.java:498)
	at java.util.ArrayList.forEach(ArrayList.java:1259)
	at java.util.ArrayList.forEach(ArrayList.java:1259)
]]></failure>
    <system-out><![CDATA[2024-02-27 07:09:39,556 [main] INFO  protocolPB.OmTransportFactory (OmTransportFactory.java:createFactory(62)) - Loading OM transport implementation org.apache.hadoop.ozone.om.protocolPB.Hadoop3OmTransportFactory as specified by configuration.
2024-02-27 07:09:44,057 [om1-KeyDeletingService#0] INFO  utils.BackgroundService (AbstractKeyDeletingService.java:processKeyDeletes(114)) - Send 101 key(s) to SCM, first 10 keys: [BlockGroup[groupID='/vol-0-17522/bucket-0-73057/key-0-44069/-9223372036854449664', blockIDs=[conID: 8 locID: 113750153625600302 bcsId: 0]], BlockGroup[groupID='/vol-0-36044/bucket-0-13881/key-0-24614/-9223372036854561279', blockIDs=[conID: 9 locID: 113750153625600202 bcsId: 0]], BlockGroup[groupID='/vol-0-36044/bucket-0-13881/key-1-53938/-9223372036854555647', blockIDs=[conID: 8 locID: 113750153625600212 bcsId: 0]], BlockGroup[groupID='/vol-0-36044/bucket-0-13881/key-2-79541/-9223372036854543871', blockIDs=[conID: 9 locID: 113750153625600222 bcsId: 0]], BlockGroup[groupID='/vol-0-36044/bucket-0-13881/key-3-24516/-9223372036854533631', blockIDs=[conID: 8 locID: 113750153625600232 bcsId: 0]], BlockGroup[groupID='/vol-0-36044/bucket-0-13881/key-4-05022/-9223372036854523647', blockIDs=[conID: 9 locID: 113750153625600242 bcsId: 0]], BlockGroup[groupID='/vol-0-36044/bucket-0-13881/key-5-90226/-9223372036854513919', blockIDs=[conID: 8 locID: 113750153625600252 bcsId: 0]], BlockGroup[groupID='/vol-0-36044/bucket-0-13881/key-6-36874/-9223372036854503679', blockIDs=[conID: 7 locID: 113750153625600262 bcsId: 0]], BlockGroup[groupID='/vol-0-36044/bucket-0-13881/key-7-65363/-9223372036854494463', blockIDs=[conID: 9 locID: 113750153625600272 bcsId: 0]], BlockGroup[groupID='/vol-0-36044/bucket-0-13881/key-8-76700/-9223372036854484479', blockIDs=[conID: 6 locID: 113750153625600282 bcsId: 0]]]
2024-02-27 07:09:44,078 [IPC Server handler 90 on default port 15001] INFO  ha.SequenceIdGenerator (SequenceIdGenerator.java:getNextId(145)) - Allocate a batch for delTxnId, change lastId from 0 to 1000.
2024-02-27 07:09:44,880 [main] INFO  freon.RandomKeyGenerator (RandomKeyGenerator.java:call(317)) - Number of Threads: 1
2024-02-27 07:09:44,895 [main] INFO  freon.RandomKeyGenerator (RandomKeyGenerator.java:call(322)) - Number of Volumes: 1.
2024-02-27 07:09:44,895 [main] INFO  freon.RandomKeyGenerator (RandomKeyGenerator.java:call(323)) - Number of Buckets per Volume: 1.
2024-02-27 07:09:44,896 [main] INFO  freon.RandomKeyGenerator (RandomKeyGenerator.java:call(324)) - Number of Keys per Bucket: 1.
2024-02-27 07:09:44,896 [main] INFO  freon.RandomKeyGenerator (RandomKeyGenerator.java:call(325)) - Key size: 2158221066 bytes
2024-02-27 07:09:44,896 [main] INFO  freon.RandomKeyGenerator (RandomKeyGenerator.java:call(326)) - Buffer size: 4096 bytes
2024-02-27 07:09:44,896 [main] INFO  freon.RandomKeyGenerator (RandomKeyGenerator.java:call(327)) - validateWrites : true
2024-02-27 07:09:44,896 [main] INFO  freon.RandomKeyGenerator (RandomKeyGenerator.java:call(328)) - Number of Validate Threads: 1
2024-02-27 07:09:44,896 [main] INFO  freon.RandomKeyGenerator (RandomKeyGenerator.java:call(329)) - cleanObjects : false
2024-02-27 07:09:44,897 [main] INFO  freon.RandomKeyGenerator (RandomKeyGenerator.java:call(345)) - Data validation is enabled.
2024-02-27 07:09:44,897 [main] INFO  freon.RandomKeyGenerator (RandomKeyGenerator.java:call(351)) - Starting progress bar Thread.
2024-02-27 07:09:44,897 [pool-239-thread-1] INFO  rpc.RpcClient (RpcClient.java:createVolume(465)) - Creating Volume: vol-0-55579, with runner as owner and space quota set to -1 bytes, counts quota set to -1
2024-02-27 07:09:44,897 [Thread-717] INFO  freon.ProgressBar (ProgressBar.java:logProgressBar(168)) - Progress: 0.00 % (0 out of 1)
2024-02-27 07:09:44,900 [om1-OMStateMachineApplyTransactionThread - 0] INFO  volume.OMVolumeCreateRequest (OMVolumeCreateRequest.java:validateAndUpdateCache(198)) - created volume:vol-0-55579 for user:runner
2024-02-27 07:09:44,906 [pool-239-thread-1] INFO  rpc.RpcClient (RpcClient.java:createBucket(691)) - Creating Bucket: vol-0-55579/bucket-0-12283, with server-side default bucket layout, runner as owner, Versioning false, Storage Type set to DISK and Encryption set to false, Replication Type set to server-side default replication type, Namespace Quota set to -1, Space Quota set to -1 
2024-02-27 07:09:44,908 [om1-OMStateMachineApplyTransactionThread - 0] INFO  bucket.OMBucketCreateRequest (OMBucketCreateRequest.java:validateAndUpdateCache(292)) - created bucket: bucket-0-12283 of layout FILE_SYSTEM_OPTIMIZED in volume: vol-0-55579
2024-02-27 07:09:45,898 [Thread-717] INFO  freon.ProgressBar (ProgressBar.java:logProgressBar(168)) - Progress: 0.00 % (0 out of 1)
2024-02-27 07:09:46,797 [49a99776-1504-4c11-88b9-d65d97124402-BlockDeletingService#0] INFO  interfaces.ContainerDeletionChoosingPolicyTemplate (ContainerDeletionChoosingPolicyTemplate.java:chooseContainerForBlockDeletion(85)) - Chosen 0/5000 blocks from 0 candidate containers.
2024-02-27 07:09:46,865 [0ea19766-ee81-4032-bca9-1401e49b4249-BlockDeletingService#0] INFO  interfaces.ContainerDeletionChoosingPolicyTemplate (ContainerDeletionChoosingPolicyTemplate.java:chooseContainerForBlockDeletion(85)) - Chosen 0/5000 blocks from 0 candidate containers.
2024-02-27 07:09:46,898 [Thread-717] INFO  freon.ProgressBar (ProgressBar.java:logProgressBar(168)) - Progress: 0.00 % (0 out of 1)
2024-02-27 07:09:46,971 [d20e48e4-5d22-4482-8ef9-383a12f89d83-BlockDeletingService#0] INFO  interfaces.ContainerDeletionChoosingPolicyTemplate (ContainerDeletionChoosingPolicyTemplate.java:chooseContainerForBlockDeletion(85)) - Chosen 0/5000 blocks from 0 candidate containers.
2024-02-27 07:09:47,160 [3dfbfca7-47ad-43e6-bcff-63ae4fd7105e-BlockDeletingService#0] INFO  interfaces.ContainerDeletionChoosingPolicyTemplate (ContainerDeletionChoosingPolicyTemplate.java:chooseContainerForBlockDeletion(85)) - Chosen 0/5000 blocks from 0 candidate containers.
2024-02-27 07:09:47,300 [27436771-b26a-47df-862e-42af51f21969-BlockDeletingService#1] INFO  interfaces.ContainerDeletionChoosingPolicyTemplate (ContainerDeletionChoosingPolicyTemplate.java:chooseContainerForBlockDeletion(85)) - Chosen 0/5000 blocks from 0 candidate containers.
2024-02-27 07:09:47,898 [Thread-717] INFO  freon.ProgressBar (ProgressBar.java:logProgressBar(168)) - Progress: 0.00 % (0 out of 1)
2024-02-27 07:09:48,899 [Thread-717] INFO  freon.ProgressBar (ProgressBar.java:logProgressBar(168)) - Progress: 0.00 % (0 out of 1)
2024-02-27 07:09:49,625 [pool-239-thread-1] ERROR freon.RandomKeyGenerator (RandomKeyGenerator.java:createKey(848)) - Exception while adding key: key-0-74194 in bucket: bucket-0-12283 of volume: vol-0-55579.
java.io.IOException: java.lang.IllegalStateException: only the first buffer can be released: expected == ChunkBufferImplWithByteBuffer:limit=1048576@1 but computed == ChunkBufferImplWithByteBuffer:limit=1048576@1
	at org.apache.hadoop.ozone.client.io.KeyOutputStream.handleWrite(KeyOutputStream.java:238)
	at org.apache.hadoop.ozone.client.io.KeyOutputStream.write(KeyOutputStream.java:208)
	at org.apache.hadoop.ozone.client.io.OzoneOutputStream.write(OzoneOutputStream.java:94)
	at org.apache.hadoop.ozone.freon.RandomKeyGenerator.createKey(RandomKeyGenerator.java:823)
	at org.apache.hadoop.ozone.freon.RandomKeyGenerator.access$1200(RandomKeyGenerator.java:90)
	at org.apache.hadoop.ozone.freon.RandomKeyGenerator$ObjectCreator.run(RandomKeyGenerator.java:717)
	at java.util.concurrent.ThreadPoolExecutor.runWorker(ThreadPoolExecutor.java:1149)
	at java.util.concurrent.ThreadPoolExecutor$Worker.run(ThreadPoolExecutor.java:624)
	at java.lang.Thread.run(Thread.java:750)
Caused by: java.lang.IllegalStateException: only the first buffer can be released: expected == ChunkBufferImplWithByteBuffer:limit=1048576@1 but computed == ChunkBufferImplWithByteBuffer:limit=1048576@1
	at org.apache.ratis.util.Preconditions.assertTrue(Preconditions.java:76)
	at org.apache.ratis.util.Preconditions.assertSame(Preconditions.java:86)
	at org.apache.hadoop.hdds.scm.storage.BufferPool.releaseBuffer(BufferPool.java:101)
	at org.apache.hadoop.hdds.scm.storage.CommitWatcher.releaseBuffers(CommitWatcher.java:58)
	at java.util.stream.ForEachOps$ForEachOp$OfRef.accept(ForEachOps.java:183)
	at java.util.stream.ReferencePipeline$2$1.accept(ReferencePipeline.java:175)
	at java.util.concurrent.ConcurrentSkipListMap$KeySpliterator.forEachRemaining(ConcurrentSkipListMap.java:3358)
	at java.util.stream.AbstractPipeline.copyInto(AbstractPipeline.java:482)
	at java.util.stream.AbstractPipeline.wrapAndCopyInto(AbstractPipeline.java:472)
	at java.util.stream.ForEachOps$ForEachOp.evaluateSequential(ForEachOps.java:150)
	at java.util.stream.ForEachOps$ForEachOp$OfRef.evaluateSequential(ForEachOps.java:173)
	at java.util.stream.AbstractPipeline.evaluate(AbstractPipeline.java:234)
	at java.util.stream.ReferencePipeline.forEach(ReferencePipeline.java:485)
	at org.apache.hadoop.hdds.scm.storage.AbstractCommitWatcher.adjustBuffers(AbstractCommitWatcher.java:172)
	at org.apache.hadoop.hdds.scm.storage.AbstractCommitWatcher.watchForCommit(AbstractCommitWatcher.java:149)
	at org.apache.hadoop.hdds.scm.storage.AbstractCommitWatcher.watchOnFirstIndex(AbstractCommitWatcher.java:104)
	at org.apache.hadoop.hdds.scm.storage.RatisBlockOutputStream.sendWatchForCommit(RatisBlockOutputStream.java:106)
	at org.apache.hadoop.hdds.scm.storage.BlockOutputStream.watchForCommit(BlockOutputStream.java:418)
	at org.apache.hadoop.hdds.scm.storage.BlockOutputStream.waitForFlushAndCommit(BlockOutputStream.java:389)
	at org.apache.hadoop.hdds.scm.storage.BlockOutputStream.handleFullBuffer(BlockOutputStream.java:376)
	at org.apache.hadoop.hdds.scm.storage.BlockOutputStream.doFlushOrWatchIfNeeded(BlockOutputStream.java:310)
	at org.apache.hadoop.hdds.scm.storage.BlockOutputStream.write(BlockOutputStream.java:294)
	at org.apache.hadoop.ozone.client.io.BlockOutputStreamEntry.write(BlockOutputStreamEntry.java:137)
	at org.apache.hadoop.ozone.client.io.KeyOutputStream.writeToOutputStream(KeyOutputStream.java:250)
	at org.apache.hadoop.ozone.client.io.KeyOutputStream.handleWrite(KeyOutputStream.java:228)
	... 8 more
2024-02-27 07:09:49,899 [Thread-717] INFO  freon.ProgressBar (ProgressBar.java:logProgressBar(168)) - Progress: 0.00 % (0 out of 1)
]]></system-out>
    <system-err><![CDATA[java.lang.RuntimeException: java.io.IOException: java.lang.IllegalStateException: only the first buffer can be released: expected == ChunkBufferImplWithByteBuffer:limit=1048576@1 but computed == ChunkBufferImplWithByteBuffer:limit=1048576@1
	at org.apache.hadoop.ozone.freon.RandomKeyGenerator.call(RandomKeyGenerator.java:391)
	at org.apache.hadoop.ozone.freon.RandomKeyGenerator.call(RandomKeyGenerator.java:83)
	at picocli.CommandLine.executeUserObject(CommandLine.java:2041)
	at picocli.CommandLine.access$1500(CommandLine.java:148)
	at picocli.CommandLine$RunLast.executeUserObjectOfLastSubcommandWithSameParent(CommandLine.java:2461)
	at picocli.CommandLine$RunLast.handle(CommandLine.java:2453)
	at picocli.CommandLine$RunLast.handle(CommandLine.java:2415)
	at picocli.CommandLine$AbstractParseResultHandler.execute(CommandLine.java:2273)
	at picocli.CommandLine$RunLast.execute(CommandLine.java:2417)
	at picocli.CommandLine.execute(CommandLine.java:2170)
	at org.apache.hadoop.ozone.freon.TestRandomKeyGenerator.testKeyLargerThan2GB(TestRandomKeyGenerator.java:164)
	at sun.reflect.NativeMethodAccessorImpl.invoke0(Native Method)
	at sun.reflect.NativeMethodAccessorImpl.invoke(NativeMethodAccessorImpl.java:62)
	at sun.reflect.DelegatingMethodAccessorImpl.invoke(DelegatingMethodAccessorImpl.java:43)
	at java.lang.reflect.Method.invoke(Method.java:498)
	at org.junit.platform.commons.util.ReflectionUtils.invokeMethod(ReflectionUtils.java:728)
	at org.junit.jupiter.engine.execution.MethodInvocation.proceed(MethodInvocation.java:60)
	at org.junit.jupiter.engine.execution.InvocationInterceptorChain$ValidatingInvocation.proceed(InvocationInterceptorChain.java:131)
	at org.junit.jupiter.engine.extension.TimeoutExtension.intercept(TimeoutExtension.java:156)
	at org.junit.jupiter.engine.extension.TimeoutExtension.interceptTestableMethod(TimeoutExtension.java:147)
	at org.junit.jupiter.engine.extension.TimeoutExtension.interceptTestMethod(TimeoutExtension.java:86)
	at org.junit.jupiter.engine.execution.InterceptingExecutableInvoker$ReflectiveInterceptorCall.lambda$ofVoidMethod$0(InterceptingExecutableInvoker.java:103)
	at org.junit.jupiter.engine.execution.InterceptingExecutableInvoker.lambda$invoke$0(InterceptingExecutableInvoker.java:93)
	at org.junit.jupiter.engine.execution.InvocationInterceptorChain$InterceptedInvocation.proceed(InvocationInterceptorChain.java:106)
	at org.junit.jupiter.engine.execution.InvocationInterceptorChain.proceed(InvocationInterceptorChain.java:64)
	at org.junit.jupiter.engine.execution.InvocationInterceptorChain.chainAndInvoke(InvocationInterceptorChain.java:45)
	at org.junit.jupiter.engine.execution.InvocationInterceptorChain.invoke(InvocationInterceptorChain.java:37)
	at org.junit.jupiter.engine.execution.InterceptingExecutableInvoker.invoke(InterceptingExecutableInvoker.java:92)
	at org.junit.jupiter.engine.execution.InterceptingExecutableInvoker.invoke(InterceptingExecutableInvoker.java:86)
	at org.junit.jupiter.engine.descriptor.TestMethodTestDescriptor.lambda$invokeTestMethod$7(TestMethodTestDescriptor.java:218)
	at org.junit.platform.engine.support.hierarchical.ThrowableCollector.execute(ThrowableCollector.java:73)
	at org.junit.jupiter.engine.descriptor.TestMethodTestDescriptor.invokeTestMethod(TestMethodTestDescriptor.java:214)
	at org.junit.jupiter.engine.descriptor.TestMethodTestDescriptor.execute(TestMethodTestDescriptor.java:139)
	at org.junit.jupiter.engine.descriptor.TestMethodTestDescriptor.execute(TestMethodTestDescriptor.java:69)
	at org.junit.platform.engine.support.hierarchical.NodeTestTask.lambda$executeRecursively$6(NodeTestTask.java:151)
	at org.junit.platform.engine.support.hierarchical.ThrowableCollector.execute(ThrowableCollector.java:73)
	at org.junit.platform.engine.support.hierarchical.NodeTestTask.lambda$executeRecursively$8(NodeTestTask.java:141)
	at org.junit.platform.engine.support.hierarchical.Node.around(Node.java:137)
	at org.junit.platform.engine.support.hierarchical.NodeTestTask.lambda$executeRecursively$9(NodeTestTask.java:139)
	at org.junit.platform.engine.support.hierarchical.ThrowableCollector.execute(ThrowableCollector.java:73)
	at org.junit.platform.engine.support.hierarchical.NodeTestTask.executeRecursively(NodeTestTask.java:138)
	at org.junit.platform.engine.support.hierarchical.NodeTestTask.execute(NodeTestTask.java:95)
	at java.util.ArrayList.forEach(ArrayList.java:1259)
	at org.junit.platform.engine.support.hierarchical.SameThreadHierarchicalTestExecutorService.invokeAll(SameThreadHierarchicalTestExecutorService.java:41)
	at org.junit.platform.engine.support.hierarchical.NodeTestTask.lambda$executeRecursively$6(NodeTestTask.java:155)
	at org.junit.platform.engine.support.hierarchical.ThrowableCollector.execute(ThrowableCollector.java:73)
	at org.junit.platform.engine.support.hierarchical.NodeTestTask.lambda$executeRecursively$8(NodeTestTask.java:141)
	at org.junit.platform.engine.support.hierarchical.Node.around(Node.java:137)
	at org.junit.platform.engine.support.hierarchical.NodeTestTask.lambda$executeRecursively$9(NodeTestTask.java:139)
	at org.junit.platform.engine.support.hierarchical.ThrowableCollector.execute(ThrowableCollector.java:73)
	at org.junit.platform.engine.support.hierarchical.NodeTestTask.executeRecursively(NodeTestTask.java:138)
	at org.junit.platform.engine.support.hierarchical.NodeTestTask.execute(NodeTestTask.java:95)
	at java.util.ArrayList.forEach(ArrayList.java:1259)
	at org.junit.platform.engine.support.hierarchical.SameThreadHierarchicalTestExecutorService.invokeAll(SameThreadHierarchicalTestExecutorService.java:41)
	at org.junit.platform.engine.support.hierarchical.NodeTestTask.lambda$executeRecursively$6(NodeTestTask.java:155)
	at org.junit.platform.engine.support.hierarchical.ThrowableCollector.execute(ThrowableCollector.java:73)
	at org.junit.platform.engine.support.hierarchical.NodeTestTask.lambda$executeRecursively$8(NodeTestTask.java:141)
	at org.junit.platform.engine.support.hierarchical.Node.around(Node.java:137)
	at org.junit.platform.engine.support.hierarchical.NodeTestTask.lambda$executeRecursively$9(NodeTestTask.java:139)
	at org.junit.platform.engine.support.hierarchical.ThrowableCollector.execute(ThrowableCollector.java:73)
	at org.junit.platform.engine.support.hierarchical.NodeTestTask.executeRecursively(NodeTestTask.java:138)
	at org.junit.platform.engine.support.hierarchical.NodeTestTask.execute(NodeTestTask.java:95)
	at org.junit.platform.engine.support.hierarchical.SameThreadHierarchicalTestExecutorService.submit(SameThreadHierarchicalTestExecutorService.java:35)
	at org.junit.platform.engine.support.hierarchical.HierarchicalTestExecutor.execute(HierarchicalTestExecutor.java:57)
	at org.junit.platform.engine.support.hierarchical.HierarchicalTestEngine.execute(HierarchicalTestEngine.java:54)
	at org.junit.platform.launcher.core.EngineExecutionOrchestrator.execute(EngineExecutionOrchestrator.java:198)
	at org.junit.platform.launcher.core.EngineExecutionOrchestrator.execute(EngineExecutionOrchestrator.java:169)
	at org.junit.platform.launcher.core.EngineExecutionOrchestrator.execute(EngineExecutionOrchestrator.java:93)
	at org.junit.platform.launcher.core.EngineExecutionOrchestrator.lambda$execute$0(EngineExecutionOrchestrator.java:58)
	at org.junit.platform.launcher.core.EngineExecutionOrchestrator.withInterceptedStreams(EngineExecutionOrchestrator.java:141)
	at org.junit.platform.launcher.core.EngineExecutionOrchestrator.execute(EngineExecutionOrchestrator.java:57)
	at org.junit.platform.launcher.core.DefaultLauncher.execute(DefaultLauncher.java:103)
	at org.junit.platform.launcher.core.DefaultLauncher.execute(DefaultLauncher.java:85)
	at org.junit.platform.launcher.core.DelegatingLauncher.execute(DelegatingLauncher.java:47)
	at org.junit.platform.launcher.core.SessionPerRequestLauncher.execute(SessionPerRequestLauncher.java:63)
	at org.apache.maven.surefire.junitplatform.JUnitPlatformProvider.execute(JUnitPlatformProvider.java:188)
	at org.apache.maven.surefire.junitplatform.JUnitPlatformProvider.invokeAllTests(JUnitPlatformProvider.java:154)
	at org.apache.maven.surefire.junitplatform.JUnitPlatformProvider.invoke(JUnitPlatformProvider.java:124)
	at org.apache.maven.surefire.booter.ForkedBooter.runSuitesInProcess(ForkedBooter.java:428)
	at org.apache.maven.surefire.booter.ForkedBooter.execute(ForkedBooter.java:162)
	at org.apache.maven.surefire.booter.ForkedBooter.run(ForkedBooter.java:562)
	at org.apache.maven.surefire.booter.ForkedBooter.main(ForkedBooter.java:548)
Caused by: java.io.IOException: java.lang.IllegalStateException: only the first buffer can be released: expected == ChunkBufferImplWithByteBuffer:limit=1048576@1 but computed == ChunkBufferImplWithByteBuffer:limit=1048576@1
	at org.apache.hadoop.ozone.client.io.KeyOutputStream.handleWrite(KeyOutputStream.java:238)
	at org.apache.hadoop.ozone.client.io.KeyOutputStream.write(KeyOutputStream.java:208)
	at org.apache.hadoop.ozone.client.io.OzoneOutputStream.write(OzoneOutputStream.java:94)
	at org.apache.hadoop.ozone.freon.RandomKeyGenerator.createKey(RandomKeyGenerator.java:823)
	at org.apache.hadoop.ozone.freon.RandomKeyGenerator.access$1200(RandomKeyGenerator.java:90)
	at org.apache.hadoop.ozone.freon.RandomKeyGenerator$ObjectCreator.run(RandomKeyGenerator.java:717)
	at java.util.concurrent.ThreadPoolExecutor.runWorker(ThreadPoolExecutor.java:1149)
	at java.util.concurrent.ThreadPoolExecutor$Worker.run(ThreadPoolExecutor.java:624)
	at java.lang.Thread.run(Thread.java:750)
Caused by: java.lang.IllegalStateException: only the first buffer can be released: expected == ChunkBufferImplWithByteBuffer:limit=1048576@1 but computed == ChunkBufferImplWithByteBuffer:limit=1048576@1
	at org.apache.ratis.util.Preconditions.assertTrue(Preconditions.java:76)
	at org.apache.ratis.util.Preconditions.assertSame(Preconditions.java:86)
	at org.apache.hadoop.hdds.scm.storage.BufferPool.releaseBuffer(BufferPool.java:101)
	at org.apache.hadoop.hdds.scm.storage.CommitWatcher.releaseBuffers(CommitWatcher.java:58)
	at java.util.stream.ForEachOps$ForEachOp$OfRef.accept(ForEachOps.java:183)
	at java.util.stream.ReferencePipeline$2$1.accept(ReferencePipeline.java:175)
	at java.util.concurrent.ConcurrentSkipListMap$KeySpliterator.forEachRemaining(ConcurrentSkipListMap.java:3358)
	at java.util.stream.AbstractPipeline.copyInto(AbstractPipeline.java:482)
	at java.util.stream.AbstractPipeline.wrapAndCopyInto(AbstractPipeline.java:472)
	at java.util.stream.ForEachOps$ForEachOp.evaluateSequential(ForEachOps.java:150)
	at java.util.stream.ForEachOps$ForEachOp$OfRef.evaluateSequential(ForEachOps.java:173)
	at java.util.stream.AbstractPipeline.evaluate(AbstractPipeline.java:234)
	at java.util.stream.ReferencePipeline.forEach(ReferencePipeline.java:485)
	at org.apache.hadoop.hdds.scm.storage.AbstractCommitWatcher.adjustBuffers(AbstractCommitWatcher.java:172)
	at org.apache.hadoop.hdds.scm.storage.AbstractCommitWatcher.watchForCommit(AbstractCommitWatcher.java:149)
	at org.apache.hadoop.hdds.scm.storage.AbstractCommitWatcher.watchOnFirstIndex(AbstractCommitWatcher.java:104)
	at org.apache.hadoop.hdds.scm.storage.RatisBlockOutputStream.sendWatchForCommit(RatisBlockOutputStream.java:106)
	at org.apache.hadoop.hdds.scm.storage.BlockOutputStream.watchForCommit(BlockOutputStream.java:418)
	at org.apache.hadoop.hdds.scm.storage.BlockOutputStream.waitForFlushAndCommit(BlockOutputStream.java:389)
	at org.apache.hadoop.hdds.scm.storage.BlockOutputStream.handleFullBuffer(BlockOutputStream.java:376)
	at org.apache.hadoop.hdds.scm.storage.BlockOutputStream.doFlushOrWatchIfNeeded(BlockOutputStream.java:310)
	at org.apache.hadoop.hdds.scm.storage.BlockOutputStream.write(BlockOutputStream.java:294)
	at org.apache.hadoop.ozone.client.io.BlockOutputStreamEntry.write(BlockOutputStreamEntry.java:137)
	at org.apache.hadoop.ozone.client.io.KeyOutputStream.writeToOutputStream(KeyOutputStream.java:250)
	at org.apache.hadoop.ozone.client.io.KeyOutputStream.handleWrite(KeyOutputStream.java:228)
	... 8 more
]]></system-err>
  </testcase>
</testsuite>