<?xml version="1.0" encoding="UTF-8"?>
<testsuite xmlns:xsi="http://www.w3.org/2001/XMLSchema-instance" xsi:noNamespaceSchemaLocation="https://maven.apache.org/surefire/maven-surefire-plugin/xsd/surefire-test-report-3.0.xsd" version="3.0" name="org.apache.hadoop.fs.ozone.TestOzoneFsSnapshot" time="29.71" tests="18" errors="0" skipped="0" failures="1">
  <properties>
    <property name="awt.toolkit" value="sun.awt.X11.XToolkit"/>
    <property name="file.encoding.pkg" value="sun.io"/>
    <property name="java.specification.version" value="1.8"/>
    <property name="sun.cpu.isalist" value=""/>
    <property name="sun.jnu.encoding" value="UTF-8"/>
    <property name="gradle.enterprise.listener.surefire.forkId" value="1"/>
    <property name="java.class.path" value="/home/runner/work/ozone/ozone/hadoop-ozone/integration-test/target/test-classes:/home/runner/work/ozone/ozone/hadoop-ozone/integration-test/target/classes:/home/runner/.m2/repository/org/apache/ozone/ozone-common/1.5.0-SNAPSHOT/ozone-common-1.5.0-SNAPSHOT.jar:/home/runner/.m2/repository/io/grpc/grpc-netty/1.58.0/grpc-netty-1.58.0.jar:/home/runner/.m2/repository/io/grpc/grpc-core/1.58.0/grpc-core-1.58.0.jar:/home/runner/.m2/repository/com/google/android/annotations/4.1.1.4/annotations-4.1.1.4.jar:/home/runner/.m2/repository/org/codehaus/mojo/animal-sniffer-annotations/1.23/animal-sniffer-annotations-1.23.jar:/home/runner/.m2/repository/io/grpc/grpc-context/1.58.0/grpc-context-1.58.0.jar:/home/runner/.m2/repository/io/grpc/grpc-util/1.58.0/grpc-util-1.58.0.jar:/home/runner/.m2/repository/com/google/errorprone/error_prone_annotations/2.2.0/error_prone_annotations-2.2.0.jar:/home/runner/.m2/repository/io/perfmark/perfmark-api/0.26.0/perfmark-api-0.26.0.jar:/home/runner/.m2/repository/io/netty/netty-codec-http2/4.1.100.Final/netty-codec-http2-4.1.100.Final.jar:/home/runner/.m2/repository/io/netty/netty-common/4.1.100.Final/netty-common-4.1.100.Final.jar:/home/runner/.m2/repository/io/netty/netty-buffer/4.1.100.Final/netty-buffer-4.1.100.Final.jar:/home/runner/.m2/repository/io/netty/netty-codec-http/4.1.100.Final/netty-codec-http-4.1.100.Final.jar:/home/runner/.m2/repository/io/netty/netty-handler-proxy/4.1.100.Final/netty-handler-proxy-4.1.100.Final.jar:/home/runner/.m2/repository/io/netty/netty-codec-socks/4.1.100.Final/netty-codec-socks-4.1.100.Final.jar:/home/runner/.m2/repository/io/netty/netty-tcnative-boringssl-static/2.0.61.Final/netty-tcnative-boringssl-static-2.0.61.Final.jar:/home/runner/.m2/repository/io/netty/netty-tcnative-classes/2.0.61.Final/netty-tcnative-classes-2.0.61.Final.jar:/home/runner/.m2/repository/io/netty/netty-tcnative-boringssl-static/2.0.61.Final/netty-tcnative-boringssl-static-2.0.61.Final-linux-x86_64.jar:/home/runner/.m2/repository/io/netty/netty-tcnative-boringssl-static/2.0.61.Final/netty-tcnative-boringssl-static-2.0.61.Final-linux-aarch_64.jar:/home/runner/.m2/repository/io/netty/netty-tcnative-boringssl-static/2.0.61.Final/netty-tcnative-boringssl-static-2.0.61.Final-osx-x86_64.jar:/home/runner/.m2/repository/io/netty/netty-tcnative-boringssl-static/2.0.61.Final/netty-tcnative-boringssl-static-2.0.61.Final-osx-aarch_64.jar:/home/runner/.m2/repository/io/netty/netty-tcnative-boringssl-static/2.0.61.Final/netty-tcnative-boringssl-static-2.0.61.Final-windows-x86_64.jar:/home/runner/.m2/repository/org/apache/commons/commons-compress/1.25.0/commons-compress-1.25.0.jar:/home/runner/.m2/repository/org/apache/ozone/hdds-common/1.5.0-SNAPSHOT/hdds-common-1.5.0-SNAPSHOT.jar:/home/runner/.m2/repository/org/apache/ozone/hdds-client/1.5.0-SNAPSHOT/hdds-client-1.5.0-SNAPSHOT.jar:/home/runner/.m2/repository/org/apache/ozone/ozone-interface-client/1.5.0-SNAPSHOT/ozone-interface-client-1.5.0-SNAPSHOT.jar:/home/runner/.m2/repository/org/apache/hadoop/hadoop-hdfs-client/3.3.6/hadoop-hdfs-client-3.3.6.jar:/home/runner/.m2/repository/com/squareup/okhttp3/okhttp/4.12.0/okhttp-4.12.0.jar:/home/runner/.m2/repository/com/squareup/okio/okio/3.6.0/okio-3.6.0.jar:/home/runner/.m2/repository/com/squareup/okio/okio-jvm/3.6.0/okio-jvm-3.6.0.jar:/home/runner/.m2/repository/org/jetbrains/kotlin/kotlin-stdlib-jdk8/1.9.22/kotlin-stdlib-jdk8-1.9.22.jar:/home/runner/.m2/repository/org/jetbrains/kotlin/kotlin-stdlib-jdk7/1.9.22/kotlin-stdlib-jdk7-1.9.22.jar:/home/runner/.m2/repository/org/jetbrains/kotlin/kotlin-stdlib-common/1.9.22/kotlin-stdlib-common-1.9.22.jar:/home/runner/.m2/repository/org/apache/ozone/hdds-test-utils/1.5.0-SNAPSHOT/hdds-test-utils-1.5.0-SNAPSHOT.jar:/home/runner/.m2/repository/org/assertj/assertj-core/3.12.2/assertj-core-3.12.2.jar:/home/runner/.m2/repository/com/google/guava/guava/32.0.0-jre/guava-32.0.0-jre.jar:/home/runner/.m2/repository/com/google/guava/failureaccess/1.0.1/failureaccess-1.0.1.jar:/home/runner/.m2/repository/com/google/guava/listenablefuture/9999.0-empty-to-avoid-conflict-with-guava/listenablefuture-9999.0-empty-to-avoid-conflict-with-guava.jar:/home/runner/.m2/repository/com/google/code/findbugs/jsr305/3.0.0/jsr305-3.0.0.jar:/home/runner/.m2/repository/org/checkerframework/checker-qual/3.33.0/checker-qual-3.33.0.jar:/home/runner/.m2/repository/com/google/j2objc/j2objc-annotations/2.8/j2objc-annotations-2.8.jar:/home/runner/.m2/repository/commons-io/commons-io/2.11.0/commons-io-2.11.0.jar:/home/runner/.m2/repository/commons-logging/commons-logging/1.2/commons-logging-1.2.jar:/home/runner/.m2/repository/org/junit/jupiter/junit-jupiter-api/5.10.1/junit-jupiter-api-5.10.1.jar:/home/runner/.m2/repository/org/opentest4j/opentest4j/1.3.0/opentest4j-1.3.0.jar:/home/runner/.m2/repository/org/junit/platform/junit-platform-commons/1.10.1/junit-platform-commons-1.10.1.jar:/home/runner/.m2/repository/ch/qos/reload4j/reload4j/1.2.25/reload4j-1.2.25.jar:/home/runner/.m2/repository/org/slf4j/slf4j-api/2.0.10/slf4j-api-2.0.10.jar:/home/runner/.m2/repository/org/apache/logging/log4j/log4j-api/2.17.1/log4j-api-2.17.1.jar:/home/runner/.m2/repository/org/apache/ozone/hdds-server-scm/1.5.0-SNAPSHOT/hdds-server-scm-1.5.0-SNAPSHOT.jar:/home/runner/.m2/repository/com/google/protobuf/protobuf-java/2.5.0/protobuf-java-2.5.0.jar:/home/runner/.m2/repository/org/apache/ozone/hdds-container-service/1.5.0-SNAPSHOT/hdds-container-service-1.5.0-SNAPSHOT.jar:/home/runner/.m2/repository/org/apache/ozone/hdds-hadoop-dependency-server/1.5.0-SNAPSHOT/hdds-hadoop-dependency-server-1.5.0-SNAPSHOT.jar:/home/runner/.m2/repository/org/apache/hadoop/hadoop-hdfs/3.3.6/hadoop-hdfs-3.3.6.jar:/home/runner/.m2/repository/commons-daemon/commons-daemon/1.0.13/commons-daemon-1.0.13.jar:/home/runner/.m2/repository/org/apache/ozone/hdds-server-framework/1.5.0-SNAPSHOT/hdds-server-framework-1.5.0-SNAPSHOT.jar:/home/runner/.m2/repository/org/bouncycastle/bcprov-jdk15on/1.67/bcprov-jdk15on-1.67.jar:/home/runner/.m2/repository/io/dropwizard/metrics/metrics-core/3.2.4/metrics-core-3.2.4.jar:/home/runner/.m2/repository/org/apache/commons/commons-text/1.11.0/commons-text-1.11.0.jar:/home/runner/.m2/repository/org/apache/ozone/hdds-server-framework/1.5.0-SNAPSHOT/hdds-server-framework-1.5.0-SNAPSHOT-tests.jar:/home/runner/.m2/repository/org/apache/ozone/hdds-interface-server/1.5.0-SNAPSHOT/hdds-interface-server-1.5.0-SNAPSHOT.jar:/home/runner/.m2/repository/org/apache/ozone/hdds-interface-admin/1.5.0-SNAPSHOT/hdds-interface-admin-1.5.0-SNAPSHOT.jar:/home/runner/.m2/repository/org/apache/ozone/hdds-managed-rocksdb/1.5.0-SNAPSHOT/hdds-managed-rocksdb-1.5.0-SNAPSHOT.jar:/home/runner/.m2/repository/org/rocksdb/rocksdbjni/7.7.3/rocksdbjni-7.7.3.jar:/home/runner/.m2/repository/org/slf4j/slf4j-reload4j/2.0.10/slf4j-reload4j-2.0.10.jar:/home/runner/.m2/repository/org/apache/commons/commons-configuration2/2.8.0/commons-configuration2-2.8.0.jar:/home/runner/.m2/repository/commons-fileupload/commons-fileupload/1.5/commons-fileupload-1.5.jar:/home/runner/.m2/repository/org/apache/logging/log4j/log4j-core/2.17.1/log4j-core-2.17.1.jar:/home/runner/.m2/repository/com/lmax/disruptor/3.4.2/disruptor-3.4.2.jar:/home/runner/.m2/repository/org/eclipse/jetty/jetty-util/9.4.53.v20231009/jetty-util-9.4.53.v20231009.jar:/home/runner/.m2/repository/org/eclipse/jetty/jetty-server/9.4.53.v20231009/jetty-server-9.4.53.v20231009.jar:/home/runner/.m2/repository/org/eclipse/jetty/jetty-http/9.4.53.v20231009/jetty-http-9.4.53.v20231009.jar:/home/runner/.m2/repository/org/eclipse/jetty/jetty-io/9.4.53.v20231009/jetty-io-9.4.53.v20231009.jar:/home/runner/.m2/repository/org/eclipse/jetty/jetty-servlet/9.4.53.v20231009/jetty-servlet-9.4.53.v20231009.jar:/home/runner/.m2/repository/org/eclipse/jetty/jetty-security/9.4.53.v20231009/jetty-security-9.4.53.v20231009.jar:/home/runner/.m2/repository/org/eclipse/jetty/jetty-util-ajax/9.4.53.v20231009/jetty-util-ajax-9.4.53.v20231009.jar:/home/runner/.m2/repository/org/eclipse/jetty/jetty-webapp/9.4.53.v20231009/jetty-webapp-9.4.53.v20231009.jar:/home/runner/.m2/repository/org/eclipse/jetty/jetty-xml/9.4.53.v20231009/jetty-xml-9.4.53.v20231009.jar:/home/runner/.m2/repository/org/apache/ratis/ratis-server/3.0.1/ratis-server-3.0.1.jar:/home/runner/.m2/repository/org/apache/ratis/ratis-thirdparty-misc/1.0.5/ratis-thirdparty-misc-1.0.5.jar:/home/runner/.m2/repository/org/apache/ratis/ratis-proto/3.0.1/ratis-proto-3.0.1.jar:/home/runner/.m2/repository/org/apache/ratis/ratis-common/3.0.1/ratis-common-3.0.1.jar:/home/runner/.m2/repository/org/apache/ratis/ratis-client/3.0.1/ratis-client-3.0.1.jar:/home/runner/.m2/repository/org/apache/ratis/ratis-server-api/3.0.1/ratis-server-api-3.0.1.jar:/home/runner/.m2/repository/org/apache/ratis/ratis-metrics-api/3.0.1/ratis-metrics-api-3.0.1.jar:/home/runner/.m2/repository/org/apache/ratis/ratis-metrics-dropwizard3/3.0.1/ratis-metrics-dropwizard3-3.0.1.jar:/home/runner/.m2/repository/io/prometheus/simpleclient_dropwizard/0.16.0/simpleclient_dropwizard-0.16.0.jar:/home/runner/.m2/repository/io/prometheus/simpleclient/0.16.0/simpleclient-0.16.0.jar:/home/runner/.m2/repository/io/prometheus/simpleclient_common/0.16.0/simpleclient_common-0.16.0.jar:/home/runner/.m2/repository/com/fasterxml/jackson/datatype/jackson-datatype-jsr310/2.13.4/jackson-datatype-jsr310-2.13.4.jar:/home/runner/.m2/repository/com/fasterxml/jackson/core/jackson-core/2.13.4/jackson-core-2.13.4.jar:/home/runner/.m2/repository/org/apache/ozone/rocksdb-checkpoint-differ/1.5.0-SNAPSHOT/rocksdb-checkpoint-differ-1.5.0-SNAPSHOT.jar:/home/runner/.m2/repository/org/jgrapht/jgrapht-core/1.0.1/jgrapht-core-1.0.1.jar:/home/runner/.m2/repository/org/jgrapht/jgrapht-ext/1.0.1/jgrapht-ext-1.0.1.jar:/home/runner/.m2/repository/org/tinyjee/jgraphx/jgraphx/2.0.0.1/jgraphx-2.0.0.1.jar:/home/runner/.m2/repository/jgraph/jgraph/5.13.0.0/jgraph-5.13.0.0.jar:/home/runner/.m2/repository/org/antlr/antlr4-runtime/4.5.3/antlr4-runtime-4.5.3.jar:/home/runner/.m2/repository/org/apache/ozone/ozone-manager/1.5.0-SNAPSHOT/ozone-manager-1.5.0-SNAPSHOT.jar:/home/runner/.m2/repository/org/aspectj/aspectjrt/1.9.7/aspectjrt-1.9.7.jar:/home/runner/.m2/repository/org/aspectj/aspectjweaver/1.9.7/aspectjweaver-1.9.7.jar:/home/runner/.m2/repository/org/apache/ozone/hdds-interface-client/1.5.0-SNAPSHOT/hdds-interface-client-1.5.0-SNAPSHOT.jar:/home/runner/.m2/repository/org/apache/hadoop/thirdparty/hadoop-shaded-protobuf_3_7/1.1.1/hadoop-shaded-protobuf_3_7-1.1.1.jar:/home/runner/.m2/repository/org/apache/ozone/ozone-interface-storage/1.5.0-SNAPSHOT/ozone-interface-storage-1.5.0-SNAPSHOT.jar:/home/runner/.m2/repository/org/reflections/reflections/0.9.11/reflections-0.9.11.jar:/home/runner/.m2/repository/com/sun/jersey/jersey-client/1.19.4/jersey-client-1.19.4.jar:/home/runner/.m2/repository/org/codehaus/jackson/jackson-core-asl/1.9.13/jackson-core-asl-1.9.13.jar:/home/runner/.m2/repository/org/codehaus/jackson/jackson-mapper-asl/1.9.13/jackson-mapper-asl-1.9.13.jar:/home/runner/.m2/repository/org/codehaus/jackson/jackson-jaxrs/1.9.13/jackson-jaxrs-1.9.13.jar:/home/runner/.m2/repository/org/apache/ranger/ranger-intg/2.3.0/ranger-intg-2.3.0.jar:/home/runner/.m2/repository/org/apache/ranger/ranger-plugins-common/2.3.0/ranger-plugins-common-2.3.0.jar:/home/runner/.m2/repository/commons-lang/commons-lang/2.6/commons-lang-2.6.jar:/home/runner/.m2/repository/org/apache/ranger/ranger-plugins-cred/2.3.0/ranger-plugins-cred-2.3.0.jar:/home/runner/.m2/repository/org/apache/ranger/ranger-plugins-audit/2.3.0/ranger-plugins-audit-2.3.0.jar:/home/runner/.m2/repository/org/eclipse/jetty/jetty-client/9.4.53.v20231009/jetty-client-9.4.53.v20231009.jar:/home/runner/.m2/repository/org/apache/httpcomponents/httpmime/4.5.6/httpmime-4.5.6.jar:/home/runner/.m2/repository/org/apache/httpcomponents/httpcore-nio/4.4.16/httpcore-nio-4.4.16.jar:/home/runner/.m2/repository/org/apache/httpcomponents/httpasyncclient/4.1.3/httpasyncclient-4.1.3.jar:/home/runner/.m2/repository/com/carrotsearch/hppc/0.8.0/hppc-0.8.0.jar:/home/runner/.m2/repository/org/apache/orc/orc-core/1.5.8/orc-core-1.5.8.jar:/home/runner/.m2/repository/net/java/dev/jna/jna/5.2.0/jna-5.2.0.jar:/home/runner/.m2/repository/net/java/dev/jna/jna-platform/5.2.0/jna-platform-5.2.0.jar:/home/runner/.m2/repository/com/kstruct/gethostname4j/0.0.2/gethostname4j-0.0.2.jar:/home/runner/.m2/repository/org/apache/ranger/ranger-plugin-classloader/2.3.0/ranger-plugin-classloader-2.3.0.jar:/home/runner/.m2/repository/org/apache/ozone/hdds-rocks-native/1.5.0-SNAPSHOT/hdds-rocks-native-1.5.0-SNAPSHOT.jar:/home/runner/.m2/repository/org/apache/hadoop/hadoop-minikdc/3.3.6/hadoop-minikdc-3.3.6.jar:/home/runner/.m2/repository/org/apache/kerby/kerb-simplekdc/1.0.1/kerb-simplekdc-1.0.1.jar:/home/runner/.m2/repository/org/apache/kerby/kerb-client/1.0.1/kerb-client-1.0.1.jar:/home/runner/.m2/repository/org/apache/kerby/kerby-config/1.0.1/kerby-config-1.0.1.jar:/home/runner/.m2/repository/org/apache/kerby/kerb-common/1.0.1/kerb-common-1.0.1.jar:/home/runner/.m2/repository/org/apache/kerby/kerb-crypto/1.0.1/kerb-crypto-1.0.1.jar:/home/runner/.m2/repository/org/apache/kerby/kerb-util/1.0.1/kerb-util-1.0.1.jar:/home/runner/.m2/repository/org/apache/kerby/token-provider/1.0.1/token-provider-1.0.1.jar:/home/runner/.m2/repository/org/apache/kerby/kerb-admin/1.0.1/kerb-admin-1.0.1.jar:/home/runner/.m2/repository/org/apache/kerby/kerb-server/1.0.1/kerb-server-1.0.1.jar:/home/runner/.m2/repository/org/apache/kerby/kerb-identity/1.0.1/kerb-identity-1.0.1.jar:/home/runner/.m2/repository/org/apache/kerby/kerby-xdr/1.0.1/kerby-xdr-1.0.1.jar:/home/runner/.m2/repository/junit/junit/4.13.2/junit-4.13.2.jar:/home/runner/.m2/repository/org/hamcrest/hamcrest-core/1.3/hamcrest-core-1.3.jar:/home/runner/.m2/repository/org/apache/ozone/ozone-s3gateway/1.5.0-SNAPSHOT/ozone-s3gateway-1.5.0-SNAPSHOT.jar:/home/runner/.m2/repository/org/javassist/javassist/3.21.0-GA/javassist-3.21.0-GA.jar:/home/runner/.m2/repository/org/jboss/weld/servlet/weld-servlet-shaded/3.1.9.Final/weld-servlet-shaded-3.1.9.Final.jar:/home/runner/.m2/repository/org/glassfish/jersey/containers/jersey-container-servlet-core/2.41/jersey-container-servlet-core-2.41.jar:/home/runner/.m2/repository/org/glassfish/hk2/external/jakarta.inject/2.6.1/jakarta.inject-2.6.1.jar:/home/runner/.m2/repository/org/glassfish/jersey/core/jersey-common/2.41/jersey-common-2.41.jar:/home/runner/.m2/repository/jakarta/ws/rs/jakarta.ws.rs-api/2.1.6/jakarta.ws.rs-api-2.1.6.jar:/home/runner/.m2/repository/org/glassfish/jersey/ext/cdi/jersey-cdi1x/2.41/jersey-cdi1x-2.41.jar:/home/runner/.m2/repository/org/glassfish/jersey/inject/jersey-hk2/2.41/jersey-hk2-2.41.jar:/home/runner/.m2/repository/org/glassfish/hk2/hk2-locator/2.6.1/hk2-locator-2.6.1.jar:/home/runner/.m2/repository/org/glassfish/jersey/media/jersey-media-jaxb/2.41/jersey-media-jaxb-2.41.jar:/home/runner/.m2/repository/org/glassfish/hk2/osgi-resource-locator/1.0.3/osgi-resource-locator-1.0.3.jar:/home/runner/.m2/repository/org/glassfish/hk2/hk2-api/2.6.1/hk2-api-2.6.1.jar:/home/runner/.m2/repository/org/glassfish/hk2/hk2-utils/2.6.1/hk2-utils-2.6.1.jar:/home/runner/.m2/repository/org/glassfish/hk2/external/aopalliance-repackaged/2.6.1/aopalliance-repackaged-2.6.1.jar:/home/runner/.m2/repository/com/fasterxml/jackson/dataformat/jackson-dataformat-xml/2.13.4/jackson-dataformat-xml-2.13.4.jar:/home/runner/.m2/repository/org/codehaus/woodstox/stax2-api/4.2.2/stax2-api-4.2.2.jar:/home/runner/.m2/repository/com/fasterxml/woodstox/woodstox-core/5.4.0/woodstox-core-5.4.0.jar:/home/runner/.m2/repository/com/fasterxml/jackson/module/jackson-module-jaxb-annotations/2.13.4/jackson-module-jaxb-annotations-2.13.4.jar:/home/runner/.m2/repository/javax/enterprise/cdi-api/2.0/cdi-api-2.0.jar:/home/runner/.m2/repository/javax/el/javax.el-api/3.0.0/javax.el-api-3.0.0.jar:/home/runner/.m2/repository/javax/interceptor/javax.interceptor-api/1.2/javax.interceptor-api-1.2.jar:/home/runner/.m2/repository/javax/inject/javax.inject/1/javax.inject-1.jar:/home/runner/.m2/repository/jakarta/xml/bind/jakarta.xml.bind-api/2.3.3/jakarta.xml.bind-api-2.3.3.jar:/home/runner/.m2/repository/org/glassfish/jaxb/jaxb-runtime/2.3.9/jaxb-runtime-2.3.9.jar:/home/runner/.m2/repository/org/glassfish/jaxb/txw2/2.3.9/txw2-2.3.9.jar:/home/runner/.m2/repository/com/sun/istack/istack-commons-runtime/3.0.12/istack-commons-runtime-3.0.12.jar:/home/runner/.m2/repository/com/sun/activation/jakarta.activation/1.2.2/jakarta.activation-1.2.2.jar:/home/runner/.m2/repository/jakarta/activation/jakarta.activation-api/1.2.2/jakarta.activation-api-1.2.2.jar:/home/runner/.m2/repository/io/grpc/grpc-protobuf/1.58.0/grpc-protobuf-1.58.0.jar:/home/runner/.m2/repository/com/google/api/grpc/proto-google-common-protos/2.22.0/proto-google-common-protos-2.22.0.jar:/home/runner/.m2/repository/io/grpc/grpc-protobuf-lite/1.58.0/grpc-protobuf-lite-1.58.0.jar:/home/runner/.m2/repository/io/grpc/grpc-stub/1.58.0/grpc-stub-1.58.0.jar:/home/runner/.m2/repository/io/netty/netty-transport/4.1.100.Final/netty-transport-4.1.100.Final.jar:/home/runner/.m2/repository/io/netty/netty-resolver/4.1.100.Final/netty-resolver-4.1.100.Final.jar:/home/runner/.m2/repository/org/apache/ozone/ozone-csi/1.5.0-SNAPSHOT/ozone-csi-1.5.0-SNAPSHOT.jar:/home/runner/.m2/repository/com/google/protobuf/protobuf-java-util/3.19.6/protobuf-java-util-3.19.6.jar:/home/runner/.m2/repository/com/google/code/gson/gson/2.9.0/gson-2.9.0.jar:/home/runner/.m2/repository/org/apache/ozone/hdds-config/1.5.0-SNAPSHOT/hdds-config-1.5.0-SNAPSHOT.jar:/home/runner/.m2/repository/io/netty/netty-transport-native-epoll/4.1.100.Final/netty-transport-native-epoll-4.1.100.Final-linux-x86_64.jar:/home/runner/.m2/repository/io/netty/netty-transport-classes-epoll/4.1.100.Final/netty-transport-classes-epoll-4.1.100.Final.jar:/home/runner/.m2/repository/io/netty/netty-transport-native-unix-common/4.1.100.Final/netty-transport-native-unix-common-4.1.100.Final.jar:/home/runner/.m2/repository/org/apache/ozone/ozone-recon/1.5.0-SNAPSHOT/ozone-recon-1.5.0-SNAPSHOT.jar:/home/runner/.m2/repository/org/apache/ozone/ozone-reconcodegen/1.5.0-SNAPSHOT/ozone-reconcodegen-1.5.0-SNAPSHOT.jar:/home/runner/.m2/repository/com/google/inject/guice/5.1.0/guice-5.1.0.jar:/home/runner/.m2/repository/aopalliance/aopalliance/1.0/aopalliance-1.0.jar:/home/runner/.m2/repository/com/google/inject/extensions/guice-assistedinject/5.1.0/guice-assistedinject-5.1.0.jar:/home/runner/.m2/repository/com/google/inject/extensions/guice-servlet/5.1.0/guice-servlet-5.1.0.jar:/home/runner/.m2/repository/org/glassfish/jersey/containers/jersey-container-servlet/2.41/jersey-container-servlet-2.41.jar:/home/runner/.m2/repository/org/glassfish/hk2/guice-bridge/2.6.1/guice-bridge-2.6.1.jar:/home/runner/.m2/repository/org/glassfish/jersey/core/jersey-server/2.41/jersey-server-2.41.jar:/home/runner/.m2/repository/org/glassfish/jersey/core/jersey-client/2.41/jersey-client-2.41.jar:/home/runner/.m2/repository/jakarta/annotation/jakarta.annotation-api/1.3.5/jakarta.annotation-api-1.3.5.jar:/home/runner/.m2/repository/jakarta/validation/jakarta.validation-api/2.0.2/jakarta.validation-api-2.0.2.jar:/home/runner/.m2/repository/org/glassfish/jersey/media/jersey-media-json-jackson/2.41/jersey-media-json-jackson-2.41.jar:/home/runner/.m2/repository/org/glassfish/jersey/ext/jersey-entity-filtering/2.41/jersey-entity-filtering-2.41.jar:/home/runner/.m2/repository/org/jooq/jooq/3.11.10/jooq-3.11.10.jar:/home/runner/.m2/repository/org/jooq/jooq-meta/3.11.10/jooq-meta-3.11.10.jar:/home/runner/.m2/repository/org/jooq/jooq-codegen/3.11.10/jooq-codegen-3.11.10.jar:/home/runner/.m2/repository/com/jolbox/bonecp/0.8.0.RELEASE/bonecp-0.8.0.RELEASE.jar:/home/runner/.m2/repository/org/apache/derby/derby/10.14.2.0/derby-10.14.2.0.jar:/home/runner/.m2/repository/org/xerial/sqlite-jdbc/3.44.1.0/sqlite-jdbc-3.44.1.0.jar:/home/runner/.m2/repository/org/springframework/spring-jdbc/5.3.27/spring-jdbc-5.3.27.jar:/home/runner/.m2/repository/org/springframework/spring-beans/5.3.27/spring-beans-5.3.27.jar:/home/runner/.m2/repository/org/springframework/spring-core/5.3.27/spring-core-5.3.27.jar:/home/runner/.m2/repository/org/springframework/spring-tx/5.3.27/spring-tx-5.3.27.jar:/home/runner/.m2/repository/org/apache/ozone/ozone-client/1.5.0-SNAPSHOT/ozone-client-1.5.0-SNAPSHOT.jar:/home/runner/.m2/repository/org/apache/ozone/hdds-erasurecode/1.5.0-SNAPSHOT/hdds-erasurecode-1.5.0-SNAPSHOT.jar:/home/runner/.m2/repository/org/apache/ozone/ozone-filesystem/1.5.0-SNAPSHOT/ozone-filesystem-1.5.0-SNAPSHOT.jar:/home/runner/.m2/repository/org/apache/ozone/ozone-filesystem-common/1.5.0-SNAPSHOT/ozone-filesystem-common-1.5.0-SNAPSHOT.jar:/home/runner/.m2/repository/org/apache/ozone/ozone-tools/1.5.0-SNAPSHOT/ozone-tools-1.5.0-SNAPSHOT.jar:/home/runner/.m2/repository/com/amazonaws/aws-java-sdk-core/1.12.632/aws-java-sdk-core-1.12.632.jar:/home/runner/.m2/repository/org/apache/httpcomponents/httpclient/4.5.13/httpclient-4.5.13.jar:/home/runner/.m2/repository/org/apache/httpcomponents/httpcore/4.4.16/httpcore-4.4.16.jar:/home/runner/.m2/repository/software/amazon/ion/ion-java/1.0.2/ion-java-1.0.2.jar:/home/runner/.m2/repository/com/fasterxml/jackson/dataformat/jackson-dataformat-cbor/2.13.4/jackson-dataformat-cbor-2.13.4.jar:/home/runner/.m2/repository/joda-time/joda-time/2.12.5/joda-time-2.12.5.jar:/home/runner/.m2/repository/com/amazonaws/aws-java-sdk-s3/1.12.632/aws-java-sdk-s3-1.12.632.jar:/home/runner/.m2/repository/com/amazonaws/aws-java-sdk-kms/1.12.632/aws-java-sdk-kms-1.12.632.jar:/home/runner/.m2/repository/com/amazonaws/jmespath-java/1.12.632/jmespath-java-1.12.632.jar:/home/runner/.m2/repository/org/kohsuke/metainf-services/metainf-services/1.8/metainf-services-1.8.jar:/home/runner/.m2/repository/org/apache/ozone/hdds-tools/1.5.0-SNAPSHOT/hdds-tools-1.5.0-SNAPSHOT.jar:/home/runner/.m2/repository/org/apache/ratis/ratis-tools/3.0.1/ratis-tools-3.0.1.jar:/home/runner/.m2/repository/commons-cli/commons-cli/1.6.0/commons-cli-1.6.0.jar:/home/runner/.m2/repository/org/apache/commons/commons-lang3/3.14.0/commons-lang3-3.14.0.jar:/home/runner/.m2/repository/org/apache/ozone/ozone-manager/1.5.0-SNAPSHOT/ozone-manager-1.5.0-SNAPSHOT-tests.jar:/home/runner/.m2/repository/org/apache/ozone/hdds-common/1.5.0-SNAPSHOT/hdds-common-1.5.0-SNAPSHOT-tests.jar:/home/runner/.m2/repository/org/apache/ozone/hdds-hadoop-dependency-client/1.5.0-SNAPSHOT/hdds-hadoop-dependency-client-1.5.0-SNAPSHOT.jar:/home/runner/.m2/repository/info/picocli/picocli/4.7.5/picocli-4.7.5.jar:/home/runner/.m2/repository/com/fasterxml/jackson/core/jackson-annotations/2.13.4/jackson-annotations-2.13.4.jar:/home/runner/.m2/repository/org/apache/ozone/hdds-annotation-processing/1.5.0-SNAPSHOT/hdds-annotation-processing-1.5.0-SNAPSHOT.jar:/home/runner/.m2/repository/javax/annotation/javax.annotation-api/1.3.2/javax.annotation-api-1.3.2.jar:/home/runner/.m2/repository/org/apache/ratis/ratis-netty/3.0.1/ratis-netty-3.0.1.jar:/home/runner/.m2/repository/org/apache/ratis/ratis-grpc/3.0.1/ratis-grpc-3.0.1.jar:/home/runner/.m2/repository/org/apache/commons/commons-pool2/2.6.0/commons-pool2-2.6.0.jar:/home/runner/.m2/repository/org/bouncycastle/bcpkix-jdk15on/1.67/bcpkix-jdk15on-1.67.jar:/home/runner/.m2/repository/commons-validator/commons-validator/1.6/commons-validator-1.6.jar:/home/runner/.m2/repository/commons-beanutils/commons-beanutils/1.9.4/commons-beanutils-1.9.4.jar:/home/runner/.m2/repository/commons-digester/commons-digester/1.8.1/commons-digester-1.8.1.jar:/home/runner/.m2/repository/commons-collections/commons-collections/3.2.2/commons-collections-3.2.2.jar:/home/runner/.m2/repository/io/jaegertracing/jaeger-client/1.6.0/jaeger-client-1.6.0.jar:/home/runner/.m2/repository/io/jaegertracing/jaeger-thrift/1.6.0/jaeger-thrift-1.6.0.jar:/home/runner/.m2/repository/org/apache/thrift/libthrift/0.14.1/libthrift-0.14.1.jar:/home/runner/.m2/repository/io/jaegertracing/jaeger-core/1.6.0/jaeger-core-1.6.0.jar:/home/runner/.m2/repository/io/jaegertracing/jaeger-tracerresolver/1.6.0/jaeger-tracerresolver-1.6.0.jar:/home/runner/.m2/repository/io/opentracing/contrib/opentracing-tracerresolver/0.1.8/opentracing-tracerresolver-0.1.8.jar:/home/runner/.m2/repository/org/jetbrains/kotlin/kotlin-stdlib/1.9.22/kotlin-stdlib-1.9.22.jar:/home/runner/.m2/repository/org/jetbrains/annotations/13.0/annotations-13.0.jar:/home/runner/.m2/repository/io/opentracing/opentracing-util/0.33.0/opentracing-util-0.33.0.jar:/home/runner/.m2/repository/io/opentracing/opentracing-api/0.33.0/opentracing-api-0.33.0.jar:/home/runner/.m2/repository/io/opentracing/opentracing-noop/0.33.0/opentracing-noop-0.33.0.jar:/home/runner/.m2/repository/org/yaml/snakeyaml/2.0/snakeyaml-2.0.jar:/home/runner/.m2/repository/io/grpc/grpc-api/1.58.0/grpc-api-1.58.0.jar:/home/runner/.m2/repository/org/junit/jupiter/junit-jupiter-engine/5.10.1/junit-jupiter-engine-5.10.1.jar:/home/runner/.m2/repository/org/junit/platform/junit-platform-engine/1.10.1/junit-platform-engine-1.10.1.jar:/home/runner/.m2/repository/org/apiguardian/apiguardian-api/1.1.2/apiguardian-api-1.1.2.jar:/home/runner/.m2/repository/org/junit/platform/junit-platform-launcher/1.10.1/junit-platform-launcher-1.10.1.jar:/home/runner/.m2/repository/org/apache/hadoop/hadoop-kms/3.3.6/hadoop-kms-3.3.6.jar:/home/runner/.m2/repository/org/apache/hadoop/hadoop-auth/3.3.6/hadoop-auth-3.3.6.jar:/home/runner/.m2/repository/com/nimbusds/nimbus-jose-jwt/9.8.1/nimbus-jose-jwt-9.8.1.jar:/home/runner/.m2/repository/com/github/stephenc/jcip/jcip-annotations/1.0-1/jcip-annotations-1.0-1.jar:/home/runner/.m2/repository/org/apache/zookeeper/zookeeper/3.7.2/zookeeper-3.7.2.jar:/home/runner/.m2/repository/org/apache/zookeeper/zookeeper-jute/3.7.2/zookeeper-jute-3.7.2.jar:/home/runner/.m2/repository/org/apache/yetus/audience-annotations/0.12.0/audience-annotations-0.12.0.jar:/home/runner/.m2/repository/org/apache/curator/curator-framework/4.2.0/curator-framework-4.2.0.jar:/home/runner/.m2/repository/org/apache/hadoop/thirdparty/hadoop-shaded-guava/1.1.1/hadoop-shaded-guava-1.1.1.jar:/home/runner/.m2/repository/com/sun/jersey/jersey-core/1.19.4/jersey-core-1.19.4.jar:/home/runner/.m2/repository/javax/ws/rs/jsr311-api/1.1.1/jsr311-api-1.1.1.jar:/home/runner/.m2/repository/com/sun/jersey/jersey-server/1.19.4/jersey-server-1.19.4.jar:/home/runner/.m2/repository/javax/servlet/javax.servlet-api/3.1.0/javax.servlet-api-3.1.0.jar:/home/runner/.m2/repository/org/apache/hadoop/hadoop-common/3.3.6/hadoop-common-3.3.6.jar:/home/runner/.m2/repository/org/apache/commons/commons-math3/3.1.1/commons-math3-3.1.1.jar:/home/runner/.m2/repository/commons-net/commons-net/3.10.0/commons-net-3.10.0.jar:/home/runner/.m2/repository/com/sun/jersey/jersey-servlet/1.19.4/jersey-servlet-1.19.4.jar:/home/runner/.m2/repository/com/github/pjfanning/jersey-json/1.20/jersey-json-1.20.jar:/home/runner/.m2/repository/org/codehaus/jettison/jettison/1.1/jettison-1.1.jar:/home/runner/.m2/repository/com/sun/xml/bind/jaxb-impl/2.2.3-1/jaxb-impl-2.2.3-1.jar:/home/runner/.m2/repository/com/google/re2j/re2j/1.7/re2j-1.7.jar:/home/runner/.m2/repository/com/jcraft/jsch/0.1.54/jsch-0.1.54.jar:/home/runner/.m2/repository/org/apache/curator/curator-client/4.2.0/curator-client-4.2.0.jar:/home/runner/.m2/repository/org/apache/curator/curator-recipes/5.2.0/curator-recipes-5.2.0.jar:/home/runner/.m2/repository/org/apache/kerby/kerb-core/1.0.1/kerb-core-1.0.1.jar:/home/runner/.m2/repository/org/apache/kerby/kerby-pkix/1.0.1/kerby-pkix-1.0.1.jar:/home/runner/.m2/repository/org/apache/kerby/kerby-asn1/1.0.1/kerby-asn1-1.0.1.jar:/home/runner/.m2/repository/org/apache/kerby/kerby-util/1.0.1/kerby-util-1.0.1.jar:/home/runner/.m2/repository/dnsjava/dnsjava/2.1.7/dnsjava-2.1.7.jar:/home/runner/.m2/repository/org/xerial/snappy/snappy-java/1.1.8.2/snappy-java-1.1.8.2.jar:/home/runner/.m2/repository/com/fasterxml/jackson/core/jackson-databind/2.13.4.2/jackson-databind-2.13.4.2.jar:/home/runner/.m2/repository/org/apache/hadoop/hadoop-kms/3.3.6/hadoop-kms-3.3.6-tests.jar:/home/runner/.m2/repository/org/apache/ozone/hdds-server-scm/1.5.0-SNAPSHOT/hdds-server-scm-1.5.0-SNAPSHOT-tests.jar:/home/runner/.m2/repository/org/apache/ozone/hdds-container-service/1.5.0-SNAPSHOT/hdds-container-service-1.5.0-SNAPSHOT-tests.jar:/home/runner/.m2/repository/com/github/luben/zstd-jni/1.5.2-5/zstd-jni-1.5.2-5.jar:/home/runner/.m2/repository/commons-codec/commons-codec/1.15/commons-codec-1.15.jar:/home/runner/.m2/repository/io/netty/netty-codec/4.1.100.Final/netty-codec-4.1.100.Final.jar:/home/runner/.m2/repository/io/netty/netty-handler/4.1.100.Final/netty-handler-4.1.100.Final.jar:/home/runner/.m2/repository/org/apache/ozone/hdds-hadoop-dependency-test/1.5.0-SNAPSHOT/hdds-hadoop-dependency-test-1.5.0-SNAPSHOT.jar:/home/runner/.m2/repository/org/apache/hadoop/hadoop-common/3.3.6/hadoop-common-3.3.6-tests.jar:/home/runner/.m2/repository/org/apache/hadoop/hadoop-hdfs/3.3.6/hadoop-hdfs-3.3.6-tests.jar:/home/runner/.m2/repository/org/junit/jupiter/junit-jupiter-params/5.10.1/junit-jupiter-params-5.10.1.jar:/home/runner/.m2/repository/org/mockito/mockito-core/4.11.0/mockito-core-4.11.0.jar:/home/runner/.m2/repository/net/bytebuddy/byte-buddy/1.12.19/byte-buddy-1.12.19.jar:/home/runner/.m2/repository/net/bytebuddy/byte-buddy-agent/1.12.19/byte-buddy-agent-1.12.19.jar:/home/runner/.m2/repository/org/objenesis/objenesis/1.0/objenesis-1.0.jar:/home/runner/.m2/repository/org/mockito/mockito-junit-jupiter/4.11.0/mockito-junit-jupiter-4.11.0.jar:/home/runner/.m2/repository/org/apache/hadoop/hadoop-distcp/3.3.6/hadoop-distcp-3.3.6.jar:/home/runner/.m2/repository/org/apache/hadoop/hadoop-mapreduce-client-jobclient/3.3.6/hadoop-mapreduce-client-jobclient-3.3.6.jar:/home/runner/.m2/repository/org/apache/hadoop/hadoop-mapreduce-client-common/3.3.6/hadoop-mapreduce-client-common-3.3.6.jar:/home/runner/.m2/repository/org/apache/hadoop/hadoop-yarn-common/3.3.6/hadoop-yarn-common-3.3.6.jar:/home/runner/.m2/repository/org/apache/hadoop/hadoop-yarn-api/3.3.6/hadoop-yarn-api-3.3.6.jar:/home/runner/.m2/repository/javax/xml/bind/jaxb-api/2.2.11/jaxb-api-2.2.11.jar:/home/runner/.m2/repository/com/sun/jersey/contribs/jersey-guice/1.19.4/jersey-guice-1.19.4.jar:/home/runner/.m2/repository/com/fasterxml/jackson/jaxrs/jackson-jaxrs-json-provider/2.13.4/jackson-jaxrs-json-provider-2.13.4.jar:/home/runner/.m2/repository/com/fasterxml/jackson/jaxrs/jackson-jaxrs-base/2.13.4/jackson-jaxrs-base-2.13.4.jar:/home/runner/.m2/repository/org/apache/hadoop/hadoop-yarn-client/3.3.6/hadoop-yarn-client-3.3.6.jar:/home/runner/.m2/repository/org/eclipse/jetty/websocket/websocket-client/9.4.51.v20230217/websocket-client-9.4.51.v20230217.jar:/home/runner/.m2/repository/org/eclipse/jetty/websocket/websocket-common/9.4.51.v20230217/websocket-common-9.4.51.v20230217.jar:/home/runner/.m2/repository/org/eclipse/jetty/websocket/websocket-api/9.4.51.v20230217/websocket-api-9.4.51.v20230217.jar:/home/runner/.m2/repository/org/jline/jline/3.9.0/jline-3.9.0.jar:/home/runner/.m2/repository/org/apache/hadoop/hadoop-mapreduce-client-core/3.3.6/hadoop-mapreduce-client-core-3.3.6.jar:/home/runner/.m2/repository/org/apache/avro/avro/1.7.7/avro-1.7.7.jar:/home/runner/.m2/repository/com/thoughtworks/paranamer/paranamer/2.3/paranamer-2.3.jar:/home/runner/.m2/repository/org/apache/hadoop/hadoop-annotations/3.3.6/hadoop-annotations-3.3.6.jar:/usr/lib/jvm/temurin-8-jdk-amd64/jre/../lib/tools.jar:/home/runner/.m2/repository/io/netty/netty/3.10.6.Final/netty-3.10.6.Final.jar:/home/runner/.m2/repository/org/apache/hadoop/hadoop-distcp/3.3.6/hadoop-distcp-3.3.6-tests.jar:/home/runner/.m2/repository/org/hamcrest/hamcrest/2.2/hamcrest-2.2.jar:/home/runner/.m2/repository/org/slf4j/jul-to-slf4j/2.0.10/jul-to-slf4j-2.0.10.jar:/home/runner/work/ozone/ozone/hadoop-ozone/integration-test/target/gradle-enterprise/test-listeners.jar:"/>
    <property name="java.vm.vendor" value="Temurin"/>
    <property name="sun.arch.data.model" value="64"/>
    <property name="test.build.dir" value="/home/runner/work/ozone/ozone/hadoop-ozone/integration-test/target/test-dir"/>
    <property name="test.cache.data" value=""/>
    <property name="java.vendor.url" value="https://adoptium.net/"/>
    <property name="user.timezone" value="Etc/UTC"/>
    <property name="maven-surefire-plugin.argLineAccessArgs" value=""/>
    <property name="os.name" value="Linux"/>
    <property name="java.vm.specification.version" value="1.8"/>
    <property name="test.build.data" value="/home/runner/work/ozone/ozone/hadoop-ozone/integration-test/target/test-dir"/>
    <property name="sun.java.launcher" value="SUN_STANDARD"/>
    <property name="sun.boot.library.path" value="/usr/lib/jvm/temurin-8-jdk-amd64/jre/lib/amd64"/>
    <property name="sun.java.command" value="/home/runner/work/ozone/ozone/hadoop-ozone/integration-test/target/surefire/surefirebooter8322800707477240291.jar /home/runner/work/ozone/ozone/hadoop-ozone/integration-test/target/surefire 2024-01-24T13-07-13_883-jvmRun1 surefire5292148458280303856tmp surefire_17994023333782303288tmp"/>
    <property name="native.lib.tmp.dir" value="/tmp"/>
    <property name="surefire.test.class.path" value="/home/runner/work/ozone/ozone/hadoop-ozone/integration-test/target/test-classes:/home/runner/work/ozone/ozone/hadoop-ozone/integration-test/target/classes:/home/runner/.m2/repository/org/apache/ozone/ozone-common/1.5.0-SNAPSHOT/ozone-common-1.5.0-SNAPSHOT.jar:/home/runner/.m2/repository/io/grpc/grpc-netty/1.58.0/grpc-netty-1.58.0.jar:/home/runner/.m2/repository/io/grpc/grpc-core/1.58.0/grpc-core-1.58.0.jar:/home/runner/.m2/repository/com/google/android/annotations/4.1.1.4/annotations-4.1.1.4.jar:/home/runner/.m2/repository/org/codehaus/mojo/animal-sniffer-annotations/1.23/animal-sniffer-annotations-1.23.jar:/home/runner/.m2/repository/io/grpc/grpc-context/1.58.0/grpc-context-1.58.0.jar:/home/runner/.m2/repository/io/grpc/grpc-util/1.58.0/grpc-util-1.58.0.jar:/home/runner/.m2/repository/com/google/errorprone/error_prone_annotations/2.2.0/error_prone_annotations-2.2.0.jar:/home/runner/.m2/repository/io/perfmark/perfmark-api/0.26.0/perfmark-api-0.26.0.jar:/home/runner/.m2/repository/io/netty/netty-codec-http2/4.1.100.Final/netty-codec-http2-4.1.100.Final.jar:/home/runner/.m2/repository/io/netty/netty-common/4.1.100.Final/netty-common-4.1.100.Final.jar:/home/runner/.m2/repository/io/netty/netty-buffer/4.1.100.Final/netty-buffer-4.1.100.Final.jar:/home/runner/.m2/repository/io/netty/netty-codec-http/4.1.100.Final/netty-codec-http-4.1.100.Final.jar:/home/runner/.m2/repository/io/netty/netty-handler-proxy/4.1.100.Final/netty-handler-proxy-4.1.100.Final.jar:/home/runner/.m2/repository/io/netty/netty-codec-socks/4.1.100.Final/netty-codec-socks-4.1.100.Final.jar:/home/runner/.m2/repository/io/netty/netty-tcnative-boringssl-static/2.0.61.Final/netty-tcnative-boringssl-static-2.0.61.Final.jar:/home/runner/.m2/repository/io/netty/netty-tcnative-classes/2.0.61.Final/netty-tcnative-classes-2.0.61.Final.jar:/home/runner/.m2/repository/io/netty/netty-tcnative-boringssl-static/2.0.61.Final/netty-tcnative-boringssl-static-2.0.61.Final-linux-x86_64.jar:/home/runner/.m2/repository/io/netty/netty-tcnative-boringssl-static/2.0.61.Final/netty-tcnative-boringssl-static-2.0.61.Final-linux-aarch_64.jar:/home/runner/.m2/repository/io/netty/netty-tcnative-boringssl-static/2.0.61.Final/netty-tcnative-boringssl-static-2.0.61.Final-osx-x86_64.jar:/home/runner/.m2/repository/io/netty/netty-tcnative-boringssl-static/2.0.61.Final/netty-tcnative-boringssl-static-2.0.61.Final-osx-aarch_64.jar:/home/runner/.m2/repository/io/netty/netty-tcnative-boringssl-static/2.0.61.Final/netty-tcnative-boringssl-static-2.0.61.Final-windows-x86_64.jar:/home/runner/.m2/repository/org/apache/commons/commons-compress/1.25.0/commons-compress-1.25.0.jar:/home/runner/.m2/repository/org/apache/ozone/hdds-common/1.5.0-SNAPSHOT/hdds-common-1.5.0-SNAPSHOT.jar:/home/runner/.m2/repository/org/apache/ozone/hdds-client/1.5.0-SNAPSHOT/hdds-client-1.5.0-SNAPSHOT.jar:/home/runner/.m2/repository/org/apache/ozone/ozone-interface-client/1.5.0-SNAPSHOT/ozone-interface-client-1.5.0-SNAPSHOT.jar:/home/runner/.m2/repository/org/apache/hadoop/hadoop-hdfs-client/3.3.6/hadoop-hdfs-client-3.3.6.jar:/home/runner/.m2/repository/com/squareup/okhttp3/okhttp/4.12.0/okhttp-4.12.0.jar:/home/runner/.m2/repository/com/squareup/okio/okio/3.6.0/okio-3.6.0.jar:/home/runner/.m2/repository/com/squareup/okio/okio-jvm/3.6.0/okio-jvm-3.6.0.jar:/home/runner/.m2/repository/org/jetbrains/kotlin/kotlin-stdlib-jdk8/1.9.22/kotlin-stdlib-jdk8-1.9.22.jar:/home/runner/.m2/repository/org/jetbrains/kotlin/kotlin-stdlib-jdk7/1.9.22/kotlin-stdlib-jdk7-1.9.22.jar:/home/runner/.m2/repository/org/jetbrains/kotlin/kotlin-stdlib-common/1.9.22/kotlin-stdlib-common-1.9.22.jar:/home/runner/.m2/repository/org/apache/ozone/hdds-test-utils/1.5.0-SNAPSHOT/hdds-test-utils-1.5.0-SNAPSHOT.jar:/home/runner/.m2/repository/org/assertj/assertj-core/3.12.2/assertj-core-3.12.2.jar:/home/runner/.m2/repository/com/google/guava/guava/32.0.0-jre/guava-32.0.0-jre.jar:/home/runner/.m2/repository/com/google/guava/failureaccess/1.0.1/failureaccess-1.0.1.jar:/home/runner/.m2/repository/com/google/guava/listenablefuture/9999.0-empty-to-avoid-conflict-with-guava/listenablefuture-9999.0-empty-to-avoid-conflict-with-guava.jar:/home/runner/.m2/repository/com/google/code/findbugs/jsr305/3.0.0/jsr305-3.0.0.jar:/home/runner/.m2/repository/org/checkerframework/checker-qual/3.33.0/checker-qual-3.33.0.jar:/home/runner/.m2/repository/com/google/j2objc/j2objc-annotations/2.8/j2objc-annotations-2.8.jar:/home/runner/.m2/repository/commons-io/commons-io/2.11.0/commons-io-2.11.0.jar:/home/runner/.m2/repository/commons-logging/commons-logging/1.2/commons-logging-1.2.jar:/home/runner/.m2/repository/org/junit/jupiter/junit-jupiter-api/5.10.1/junit-jupiter-api-5.10.1.jar:/home/runner/.m2/repository/org/opentest4j/opentest4j/1.3.0/opentest4j-1.3.0.jar:/home/runner/.m2/repository/org/junit/platform/junit-platform-commons/1.10.1/junit-platform-commons-1.10.1.jar:/home/runner/.m2/repository/ch/qos/reload4j/reload4j/1.2.25/reload4j-1.2.25.jar:/home/runner/.m2/repository/org/slf4j/slf4j-api/2.0.10/slf4j-api-2.0.10.jar:/home/runner/.m2/repository/org/apache/logging/log4j/log4j-api/2.17.1/log4j-api-2.17.1.jar:/home/runner/.m2/repository/org/apache/ozone/hdds-server-scm/1.5.0-SNAPSHOT/hdds-server-scm-1.5.0-SNAPSHOT.jar:/home/runner/.m2/repository/com/google/protobuf/protobuf-java/2.5.0/protobuf-java-2.5.0.jar:/home/runner/.m2/repository/org/apache/ozone/hdds-container-service/1.5.0-SNAPSHOT/hdds-container-service-1.5.0-SNAPSHOT.jar:/home/runner/.m2/repository/org/apache/ozone/hdds-hadoop-dependency-server/1.5.0-SNAPSHOT/hdds-hadoop-dependency-server-1.5.0-SNAPSHOT.jar:/home/runner/.m2/repository/org/apache/hadoop/hadoop-hdfs/3.3.6/hadoop-hdfs-3.3.6.jar:/home/runner/.m2/repository/commons-daemon/commons-daemon/1.0.13/commons-daemon-1.0.13.jar:/home/runner/.m2/repository/org/apache/ozone/hdds-server-framework/1.5.0-SNAPSHOT/hdds-server-framework-1.5.0-SNAPSHOT.jar:/home/runner/.m2/repository/org/bouncycastle/bcprov-jdk15on/1.67/bcprov-jdk15on-1.67.jar:/home/runner/.m2/repository/io/dropwizard/metrics/metrics-core/3.2.4/metrics-core-3.2.4.jar:/home/runner/.m2/repository/org/apache/commons/commons-text/1.11.0/commons-text-1.11.0.jar:/home/runner/.m2/repository/org/apache/ozone/hdds-server-framework/1.5.0-SNAPSHOT/hdds-server-framework-1.5.0-SNAPSHOT-tests.jar:/home/runner/.m2/repository/org/apache/ozone/hdds-interface-server/1.5.0-SNAPSHOT/hdds-interface-server-1.5.0-SNAPSHOT.jar:/home/runner/.m2/repository/org/apache/ozone/hdds-interface-admin/1.5.0-SNAPSHOT/hdds-interface-admin-1.5.0-SNAPSHOT.jar:/home/runner/.m2/repository/org/apache/ozone/hdds-managed-rocksdb/1.5.0-SNAPSHOT/hdds-managed-rocksdb-1.5.0-SNAPSHOT.jar:/home/runner/.m2/repository/org/rocksdb/rocksdbjni/7.7.3/rocksdbjni-7.7.3.jar:/home/runner/.m2/repository/org/slf4j/slf4j-reload4j/2.0.10/slf4j-reload4j-2.0.10.jar:/home/runner/.m2/repository/org/apache/commons/commons-configuration2/2.8.0/commons-configuration2-2.8.0.jar:/home/runner/.m2/repository/commons-fileupload/commons-fileupload/1.5/commons-fileupload-1.5.jar:/home/runner/.m2/repository/org/apache/logging/log4j/log4j-core/2.17.1/log4j-core-2.17.1.jar:/home/runner/.m2/repository/com/lmax/disruptor/3.4.2/disruptor-3.4.2.jar:/home/runner/.m2/repository/org/eclipse/jetty/jetty-util/9.4.53.v20231009/jetty-util-9.4.53.v20231009.jar:/home/runner/.m2/repository/org/eclipse/jetty/jetty-server/9.4.53.v20231009/jetty-server-9.4.53.v20231009.jar:/home/runner/.m2/repository/org/eclipse/jetty/jetty-http/9.4.53.v20231009/jetty-http-9.4.53.v20231009.jar:/home/runner/.m2/repository/org/eclipse/jetty/jetty-io/9.4.53.v20231009/jetty-io-9.4.53.v20231009.jar:/home/runner/.m2/repository/org/eclipse/jetty/jetty-servlet/9.4.53.v20231009/jetty-servlet-9.4.53.v20231009.jar:/home/runner/.m2/repository/org/eclipse/jetty/jetty-security/9.4.53.v20231009/jetty-security-9.4.53.v20231009.jar:/home/runner/.m2/repository/org/eclipse/jetty/jetty-util-ajax/9.4.53.v20231009/jetty-util-ajax-9.4.53.v20231009.jar:/home/runner/.m2/repository/org/eclipse/jetty/jetty-webapp/9.4.53.v20231009/jetty-webapp-9.4.53.v20231009.jar:/home/runner/.m2/repository/org/eclipse/jetty/jetty-xml/9.4.53.v20231009/jetty-xml-9.4.53.v20231009.jar:/home/runner/.m2/repository/org/apache/ratis/ratis-server/3.0.1/ratis-server-3.0.1.jar:/home/runner/.m2/repository/org/apache/ratis/ratis-thirdparty-misc/1.0.5/ratis-thirdparty-misc-1.0.5.jar:/home/runner/.m2/repository/org/apache/ratis/ratis-proto/3.0.1/ratis-proto-3.0.1.jar:/home/runner/.m2/repository/org/apache/ratis/ratis-common/3.0.1/ratis-common-3.0.1.jar:/home/runner/.m2/repository/org/apache/ratis/ratis-client/3.0.1/ratis-client-3.0.1.jar:/home/runner/.m2/repository/org/apache/ratis/ratis-server-api/3.0.1/ratis-server-api-3.0.1.jar:/home/runner/.m2/repository/org/apache/ratis/ratis-metrics-api/3.0.1/ratis-metrics-api-3.0.1.jar:/home/runner/.m2/repository/org/apache/ratis/ratis-metrics-dropwizard3/3.0.1/ratis-metrics-dropwizard3-3.0.1.jar:/home/runner/.m2/repository/io/prometheus/simpleclient_dropwizard/0.16.0/simpleclient_dropwizard-0.16.0.jar:/home/runner/.m2/repository/io/prometheus/simpleclient/0.16.0/simpleclient-0.16.0.jar:/home/runner/.m2/repository/io/prometheus/simpleclient_common/0.16.0/simpleclient_common-0.16.0.jar:/home/runner/.m2/repository/com/fasterxml/jackson/datatype/jackson-datatype-jsr310/2.13.4/jackson-datatype-jsr310-2.13.4.jar:/home/runner/.m2/repository/com/fasterxml/jackson/core/jackson-core/2.13.4/jackson-core-2.13.4.jar:/home/runner/.m2/repository/org/apache/ozone/rocksdb-checkpoint-differ/1.5.0-SNAPSHOT/rocksdb-checkpoint-differ-1.5.0-SNAPSHOT.jar:/home/runner/.m2/repository/org/jgrapht/jgrapht-core/1.0.1/jgrapht-core-1.0.1.jar:/home/runner/.m2/repository/org/jgrapht/jgrapht-ext/1.0.1/jgrapht-ext-1.0.1.jar:/home/runner/.m2/repository/org/tinyjee/jgraphx/jgraphx/2.0.0.1/jgraphx-2.0.0.1.jar:/home/runner/.m2/repository/jgraph/jgraph/5.13.0.0/jgraph-5.13.0.0.jar:/home/runner/.m2/repository/org/antlr/antlr4-runtime/4.5.3/antlr4-runtime-4.5.3.jar:/home/runner/.m2/repository/org/apache/ozone/ozone-manager/1.5.0-SNAPSHOT/ozone-manager-1.5.0-SNAPSHOT.jar:/home/runner/.m2/repository/org/aspectj/aspectjrt/1.9.7/aspectjrt-1.9.7.jar:/home/runner/.m2/repository/org/aspectj/aspectjweaver/1.9.7/aspectjweaver-1.9.7.jar:/home/runner/.m2/repository/org/apache/ozone/hdds-interface-client/1.5.0-SNAPSHOT/hdds-interface-client-1.5.0-SNAPSHOT.jar:/home/runner/.m2/repository/org/apache/hadoop/thirdparty/hadoop-shaded-protobuf_3_7/1.1.1/hadoop-shaded-protobuf_3_7-1.1.1.jar:/home/runner/.m2/repository/org/apache/ozone/ozone-interface-storage/1.5.0-SNAPSHOT/ozone-interface-storage-1.5.0-SNAPSHOT.jar:/home/runner/.m2/repository/org/reflections/reflections/0.9.11/reflections-0.9.11.jar:/home/runner/.m2/repository/com/sun/jersey/jersey-client/1.19.4/jersey-client-1.19.4.jar:/home/runner/.m2/repository/org/codehaus/jackson/jackson-core-asl/1.9.13/jackson-core-asl-1.9.13.jar:/home/runner/.m2/repository/org/codehaus/jackson/jackson-mapper-asl/1.9.13/jackson-mapper-asl-1.9.13.jar:/home/runner/.m2/repository/org/codehaus/jackson/jackson-jaxrs/1.9.13/jackson-jaxrs-1.9.13.jar:/home/runner/.m2/repository/org/apache/ranger/ranger-intg/2.3.0/ranger-intg-2.3.0.jar:/home/runner/.m2/repository/org/apache/ranger/ranger-plugins-common/2.3.0/ranger-plugins-common-2.3.0.jar:/home/runner/.m2/repository/commons-lang/commons-lang/2.6/commons-lang-2.6.jar:/home/runner/.m2/repository/org/apache/ranger/ranger-plugins-cred/2.3.0/ranger-plugins-cred-2.3.0.jar:/home/runner/.m2/repository/org/apache/ranger/ranger-plugins-audit/2.3.0/ranger-plugins-audit-2.3.0.jar:/home/runner/.m2/repository/org/eclipse/jetty/jetty-client/9.4.53.v20231009/jetty-client-9.4.53.v20231009.jar:/home/runner/.m2/repository/org/apache/httpcomponents/httpmime/4.5.6/httpmime-4.5.6.jar:/home/runner/.m2/repository/org/apache/httpcomponents/httpcore-nio/4.4.16/httpcore-nio-4.4.16.jar:/home/runner/.m2/repository/org/apache/httpcomponents/httpasyncclient/4.1.3/httpasyncclient-4.1.3.jar:/home/runner/.m2/repository/com/carrotsearch/hppc/0.8.0/hppc-0.8.0.jar:/home/runner/.m2/repository/org/apache/orc/orc-core/1.5.8/orc-core-1.5.8.jar:/home/runner/.m2/repository/net/java/dev/jna/jna/5.2.0/jna-5.2.0.jar:/home/runner/.m2/repository/net/java/dev/jna/jna-platform/5.2.0/jna-platform-5.2.0.jar:/home/runner/.m2/repository/com/kstruct/gethostname4j/0.0.2/gethostname4j-0.0.2.jar:/home/runner/.m2/repository/org/apache/ranger/ranger-plugin-classloader/2.3.0/ranger-plugin-classloader-2.3.0.jar:/home/runner/.m2/repository/org/apache/ozone/hdds-rocks-native/1.5.0-SNAPSHOT/hdds-rocks-native-1.5.0-SNAPSHOT.jar:/home/runner/.m2/repository/org/apache/hadoop/hadoop-minikdc/3.3.6/hadoop-minikdc-3.3.6.jar:/home/runner/.m2/repository/org/apache/kerby/kerb-simplekdc/1.0.1/kerb-simplekdc-1.0.1.jar:/home/runner/.m2/repository/org/apache/kerby/kerb-client/1.0.1/kerb-client-1.0.1.jar:/home/runner/.m2/repository/org/apache/kerby/kerby-config/1.0.1/kerby-config-1.0.1.jar:/home/runner/.m2/repository/org/apache/kerby/kerb-common/1.0.1/kerb-common-1.0.1.jar:/home/runner/.m2/repository/org/apache/kerby/kerb-crypto/1.0.1/kerb-crypto-1.0.1.jar:/home/runner/.m2/repository/org/apache/kerby/kerb-util/1.0.1/kerb-util-1.0.1.jar:/home/runner/.m2/repository/org/apache/kerby/token-provider/1.0.1/token-provider-1.0.1.jar:/home/runner/.m2/repository/org/apache/kerby/kerb-admin/1.0.1/kerb-admin-1.0.1.jar:/home/runner/.m2/repository/org/apache/kerby/kerb-server/1.0.1/kerb-server-1.0.1.jar:/home/runner/.m2/repository/org/apache/kerby/kerb-identity/1.0.1/kerb-identity-1.0.1.jar:/home/runner/.m2/repository/org/apache/kerby/kerby-xdr/1.0.1/kerby-xdr-1.0.1.jar:/home/runner/.m2/repository/junit/junit/4.13.2/junit-4.13.2.jar:/home/runner/.m2/repository/org/hamcrest/hamcrest-core/1.3/hamcrest-core-1.3.jar:/home/runner/.m2/repository/org/apache/ozone/ozone-s3gateway/1.5.0-SNAPSHOT/ozone-s3gateway-1.5.0-SNAPSHOT.jar:/home/runner/.m2/repository/org/javassist/javassist/3.21.0-GA/javassist-3.21.0-GA.jar:/home/runner/.m2/repository/org/jboss/weld/servlet/weld-servlet-shaded/3.1.9.Final/weld-servlet-shaded-3.1.9.Final.jar:/home/runner/.m2/repository/org/glassfish/jersey/containers/jersey-container-servlet-core/2.41/jersey-container-servlet-core-2.41.jar:/home/runner/.m2/repository/org/glassfish/hk2/external/jakarta.inject/2.6.1/jakarta.inject-2.6.1.jar:/home/runner/.m2/repository/org/glassfish/jersey/core/jersey-common/2.41/jersey-common-2.41.jar:/home/runner/.m2/repository/jakarta/ws/rs/jakarta.ws.rs-api/2.1.6/jakarta.ws.rs-api-2.1.6.jar:/home/runner/.m2/repository/org/glassfish/jersey/ext/cdi/jersey-cdi1x/2.41/jersey-cdi1x-2.41.jar:/home/runner/.m2/repository/org/glassfish/jersey/inject/jersey-hk2/2.41/jersey-hk2-2.41.jar:/home/runner/.m2/repository/org/glassfish/hk2/hk2-locator/2.6.1/hk2-locator-2.6.1.jar:/home/runner/.m2/repository/org/glassfish/jersey/media/jersey-media-jaxb/2.41/jersey-media-jaxb-2.41.jar:/home/runner/.m2/repository/org/glassfish/hk2/osgi-resource-locator/1.0.3/osgi-resource-locator-1.0.3.jar:/home/runner/.m2/repository/org/glassfish/hk2/hk2-api/2.6.1/hk2-api-2.6.1.jar:/home/runner/.m2/repository/org/glassfish/hk2/hk2-utils/2.6.1/hk2-utils-2.6.1.jar:/home/runner/.m2/repository/org/glassfish/hk2/external/aopalliance-repackaged/2.6.1/aopalliance-repackaged-2.6.1.jar:/home/runner/.m2/repository/com/fasterxml/jackson/dataformat/jackson-dataformat-xml/2.13.4/jackson-dataformat-xml-2.13.4.jar:/home/runner/.m2/repository/org/codehaus/woodstox/stax2-api/4.2.2/stax2-api-4.2.2.jar:/home/runner/.m2/repository/com/fasterxml/woodstox/woodstox-core/5.4.0/woodstox-core-5.4.0.jar:/home/runner/.m2/repository/com/fasterxml/jackson/module/jackson-module-jaxb-annotations/2.13.4/jackson-module-jaxb-annotations-2.13.4.jar:/home/runner/.m2/repository/javax/enterprise/cdi-api/2.0/cdi-api-2.0.jar:/home/runner/.m2/repository/javax/el/javax.el-api/3.0.0/javax.el-api-3.0.0.jar:/home/runner/.m2/repository/javax/interceptor/javax.interceptor-api/1.2/javax.interceptor-api-1.2.jar:/home/runner/.m2/repository/javax/inject/javax.inject/1/javax.inject-1.jar:/home/runner/.m2/repository/jakarta/xml/bind/jakarta.xml.bind-api/2.3.3/jakarta.xml.bind-api-2.3.3.jar:/home/runner/.m2/repository/org/glassfish/jaxb/jaxb-runtime/2.3.9/jaxb-runtime-2.3.9.jar:/home/runner/.m2/repository/org/glassfish/jaxb/txw2/2.3.9/txw2-2.3.9.jar:/home/runner/.m2/repository/com/sun/istack/istack-commons-runtime/3.0.12/istack-commons-runtime-3.0.12.jar:/home/runner/.m2/repository/com/sun/activation/jakarta.activation/1.2.2/jakarta.activation-1.2.2.jar:/home/runner/.m2/repository/jakarta/activation/jakarta.activation-api/1.2.2/jakarta.activation-api-1.2.2.jar:/home/runner/.m2/repository/io/grpc/grpc-protobuf/1.58.0/grpc-protobuf-1.58.0.jar:/home/runner/.m2/repository/com/google/api/grpc/proto-google-common-protos/2.22.0/proto-google-common-protos-2.22.0.jar:/home/runner/.m2/repository/io/grpc/grpc-protobuf-lite/1.58.0/grpc-protobuf-lite-1.58.0.jar:/home/runner/.m2/repository/io/grpc/grpc-stub/1.58.0/grpc-stub-1.58.0.jar:/home/runner/.m2/repository/io/netty/netty-transport/4.1.100.Final/netty-transport-4.1.100.Final.jar:/home/runner/.m2/repository/io/netty/netty-resolver/4.1.100.Final/netty-resolver-4.1.100.Final.jar:/home/runner/.m2/repository/org/apache/ozone/ozone-csi/1.5.0-SNAPSHOT/ozone-csi-1.5.0-SNAPSHOT.jar:/home/runner/.m2/repository/com/google/protobuf/protobuf-java-util/3.19.6/protobuf-java-util-3.19.6.jar:/home/runner/.m2/repository/com/google/code/gson/gson/2.9.0/gson-2.9.0.jar:/home/runner/.m2/repository/org/apache/ozone/hdds-config/1.5.0-SNAPSHOT/hdds-config-1.5.0-SNAPSHOT.jar:/home/runner/.m2/repository/io/netty/netty-transport-native-epoll/4.1.100.Final/netty-transport-native-epoll-4.1.100.Final-linux-x86_64.jar:/home/runner/.m2/repository/io/netty/netty-transport-classes-epoll/4.1.100.Final/netty-transport-classes-epoll-4.1.100.Final.jar:/home/runner/.m2/repository/io/netty/netty-transport-native-unix-common/4.1.100.Final/netty-transport-native-unix-common-4.1.100.Final.jar:/home/runner/.m2/repository/org/apache/ozone/ozone-recon/1.5.0-SNAPSHOT/ozone-recon-1.5.0-SNAPSHOT.jar:/home/runner/.m2/repository/org/apache/ozone/ozone-reconcodegen/1.5.0-SNAPSHOT/ozone-reconcodegen-1.5.0-SNAPSHOT.jar:/home/runner/.m2/repository/com/google/inject/guice/5.1.0/guice-5.1.0.jar:/home/runner/.m2/repository/aopalliance/aopalliance/1.0/aopalliance-1.0.jar:/home/runner/.m2/repository/com/google/inject/extensions/guice-assistedinject/5.1.0/guice-assistedinject-5.1.0.jar:/home/runner/.m2/repository/com/google/inject/extensions/guice-servlet/5.1.0/guice-servlet-5.1.0.jar:/home/runner/.m2/repository/org/glassfish/jersey/containers/jersey-container-servlet/2.41/jersey-container-servlet-2.41.jar:/home/runner/.m2/repository/org/glassfish/hk2/guice-bridge/2.6.1/guice-bridge-2.6.1.jar:/home/runner/.m2/repository/org/glassfish/jersey/core/jersey-server/2.41/jersey-server-2.41.jar:/home/runner/.m2/repository/org/glassfish/jersey/core/jersey-client/2.41/jersey-client-2.41.jar:/home/runner/.m2/repository/jakarta/annotation/jakarta.annotation-api/1.3.5/jakarta.annotation-api-1.3.5.jar:/home/runner/.m2/repository/jakarta/validation/jakarta.validation-api/2.0.2/jakarta.validation-api-2.0.2.jar:/home/runner/.m2/repository/org/glassfish/jersey/media/jersey-media-json-jackson/2.41/jersey-media-json-jackson-2.41.jar:/home/runner/.m2/repository/org/glassfish/jersey/ext/jersey-entity-filtering/2.41/jersey-entity-filtering-2.41.jar:/home/runner/.m2/repository/org/jooq/jooq/3.11.10/jooq-3.11.10.jar:/home/runner/.m2/repository/org/jooq/jooq-meta/3.11.10/jooq-meta-3.11.10.jar:/home/runner/.m2/repository/org/jooq/jooq-codegen/3.11.10/jooq-codegen-3.11.10.jar:/home/runner/.m2/repository/com/jolbox/bonecp/0.8.0.RELEASE/bonecp-0.8.0.RELEASE.jar:/home/runner/.m2/repository/org/apache/derby/derby/10.14.2.0/derby-10.14.2.0.jar:/home/runner/.m2/repository/org/xerial/sqlite-jdbc/3.44.1.0/sqlite-jdbc-3.44.1.0.jar:/home/runner/.m2/repository/org/springframework/spring-jdbc/5.3.27/spring-jdbc-5.3.27.jar:/home/runner/.m2/repository/org/springframework/spring-beans/5.3.27/spring-beans-5.3.27.jar:/home/runner/.m2/repository/org/springframework/spring-core/5.3.27/spring-core-5.3.27.jar:/home/runner/.m2/repository/org/springframework/spring-tx/5.3.27/spring-tx-5.3.27.jar:/home/runner/.m2/repository/org/apache/ozone/ozone-client/1.5.0-SNAPSHOT/ozone-client-1.5.0-SNAPSHOT.jar:/home/runner/.m2/repository/org/apache/ozone/hdds-erasurecode/1.5.0-SNAPSHOT/hdds-erasurecode-1.5.0-SNAPSHOT.jar:/home/runner/.m2/repository/org/apache/ozone/ozone-filesystem/1.5.0-SNAPSHOT/ozone-filesystem-1.5.0-SNAPSHOT.jar:/home/runner/.m2/repository/org/apache/ozone/ozone-filesystem-common/1.5.0-SNAPSHOT/ozone-filesystem-common-1.5.0-SNAPSHOT.jar:/home/runner/.m2/repository/org/apache/ozone/ozone-tools/1.5.0-SNAPSHOT/ozone-tools-1.5.0-SNAPSHOT.jar:/home/runner/.m2/repository/com/amazonaws/aws-java-sdk-core/1.12.632/aws-java-sdk-core-1.12.632.jar:/home/runner/.m2/repository/org/apache/httpcomponents/httpclient/4.5.13/httpclient-4.5.13.jar:/home/runner/.m2/repository/org/apache/httpcomponents/httpcore/4.4.16/httpcore-4.4.16.jar:/home/runner/.m2/repository/software/amazon/ion/ion-java/1.0.2/ion-java-1.0.2.jar:/home/runner/.m2/repository/com/fasterxml/jackson/dataformat/jackson-dataformat-cbor/2.13.4/jackson-dataformat-cbor-2.13.4.jar:/home/runner/.m2/repository/joda-time/joda-time/2.12.5/joda-time-2.12.5.jar:/home/runner/.m2/repository/com/amazonaws/aws-java-sdk-s3/1.12.632/aws-java-sdk-s3-1.12.632.jar:/home/runner/.m2/repository/com/amazonaws/aws-java-sdk-kms/1.12.632/aws-java-sdk-kms-1.12.632.jar:/home/runner/.m2/repository/com/amazonaws/jmespath-java/1.12.632/jmespath-java-1.12.632.jar:/home/runner/.m2/repository/org/kohsuke/metainf-services/metainf-services/1.8/metainf-services-1.8.jar:/home/runner/.m2/repository/org/apache/ozone/hdds-tools/1.5.0-SNAPSHOT/hdds-tools-1.5.0-SNAPSHOT.jar:/home/runner/.m2/repository/org/apache/ratis/ratis-tools/3.0.1/ratis-tools-3.0.1.jar:/home/runner/.m2/repository/commons-cli/commons-cli/1.6.0/commons-cli-1.6.0.jar:/home/runner/.m2/repository/org/apache/commons/commons-lang3/3.14.0/commons-lang3-3.14.0.jar:/home/runner/.m2/repository/org/apache/ozone/ozone-manager/1.5.0-SNAPSHOT/ozone-manager-1.5.0-SNAPSHOT-tests.jar:/home/runner/.m2/repository/org/apache/ozone/hdds-common/1.5.0-SNAPSHOT/hdds-common-1.5.0-SNAPSHOT-tests.jar:/home/runner/.m2/repository/org/apache/ozone/hdds-hadoop-dependency-client/1.5.0-SNAPSHOT/hdds-hadoop-dependency-client-1.5.0-SNAPSHOT.jar:/home/runner/.m2/repository/info/picocli/picocli/4.7.5/picocli-4.7.5.jar:/home/runner/.m2/repository/com/fasterxml/jackson/core/jackson-annotations/2.13.4/jackson-annotations-2.13.4.jar:/home/runner/.m2/repository/org/apache/ozone/hdds-annotation-processing/1.5.0-SNAPSHOT/hdds-annotation-processing-1.5.0-SNAPSHOT.jar:/home/runner/.m2/repository/javax/annotation/javax.annotation-api/1.3.2/javax.annotation-api-1.3.2.jar:/home/runner/.m2/repository/org/apache/ratis/ratis-netty/3.0.1/ratis-netty-3.0.1.jar:/home/runner/.m2/repository/org/apache/ratis/ratis-grpc/3.0.1/ratis-grpc-3.0.1.jar:/home/runner/.m2/repository/org/apache/commons/commons-pool2/2.6.0/commons-pool2-2.6.0.jar:/home/runner/.m2/repository/org/bouncycastle/bcpkix-jdk15on/1.67/bcpkix-jdk15on-1.67.jar:/home/runner/.m2/repository/commons-validator/commons-validator/1.6/commons-validator-1.6.jar:/home/runner/.m2/repository/commons-beanutils/commons-beanutils/1.9.4/commons-beanutils-1.9.4.jar:/home/runner/.m2/repository/commons-digester/commons-digester/1.8.1/commons-digester-1.8.1.jar:/home/runner/.m2/repository/commons-collections/commons-collections/3.2.2/commons-collections-3.2.2.jar:/home/runner/.m2/repository/io/jaegertracing/jaeger-client/1.6.0/jaeger-client-1.6.0.jar:/home/runner/.m2/repository/io/jaegertracing/jaeger-thrift/1.6.0/jaeger-thrift-1.6.0.jar:/home/runner/.m2/repository/org/apache/thrift/libthrift/0.14.1/libthrift-0.14.1.jar:/home/runner/.m2/repository/io/jaegertracing/jaeger-core/1.6.0/jaeger-core-1.6.0.jar:/home/runner/.m2/repository/io/jaegertracing/jaeger-tracerresolver/1.6.0/jaeger-tracerresolver-1.6.0.jar:/home/runner/.m2/repository/io/opentracing/contrib/opentracing-tracerresolver/0.1.8/opentracing-tracerresolver-0.1.8.jar:/home/runner/.m2/repository/org/jetbrains/kotlin/kotlin-stdlib/1.9.22/kotlin-stdlib-1.9.22.jar:/home/runner/.m2/repository/org/jetbrains/annotations/13.0/annotations-13.0.jar:/home/runner/.m2/repository/io/opentracing/opentracing-util/0.33.0/opentracing-util-0.33.0.jar:/home/runner/.m2/repository/io/opentracing/opentracing-api/0.33.0/opentracing-api-0.33.0.jar:/home/runner/.m2/repository/io/opentracing/opentracing-noop/0.33.0/opentracing-noop-0.33.0.jar:/home/runner/.m2/repository/org/yaml/snakeyaml/2.0/snakeyaml-2.0.jar:/home/runner/.m2/repository/io/grpc/grpc-api/1.58.0/grpc-api-1.58.0.jar:/home/runner/.m2/repository/org/junit/jupiter/junit-jupiter-engine/5.10.1/junit-jupiter-engine-5.10.1.jar:/home/runner/.m2/repository/org/junit/platform/junit-platform-engine/1.10.1/junit-platform-engine-1.10.1.jar:/home/runner/.m2/repository/org/apiguardian/apiguardian-api/1.1.2/apiguardian-api-1.1.2.jar:/home/runner/.m2/repository/org/junit/platform/junit-platform-launcher/1.10.1/junit-platform-launcher-1.10.1.jar:/home/runner/.m2/repository/org/apache/hadoop/hadoop-kms/3.3.6/hadoop-kms-3.3.6.jar:/home/runner/.m2/repository/org/apache/hadoop/hadoop-auth/3.3.6/hadoop-auth-3.3.6.jar:/home/runner/.m2/repository/com/nimbusds/nimbus-jose-jwt/9.8.1/nimbus-jose-jwt-9.8.1.jar:/home/runner/.m2/repository/com/github/stephenc/jcip/jcip-annotations/1.0-1/jcip-annotations-1.0-1.jar:/home/runner/.m2/repository/org/apache/zookeeper/zookeeper/3.7.2/zookeeper-3.7.2.jar:/home/runner/.m2/repository/org/apache/zookeeper/zookeeper-jute/3.7.2/zookeeper-jute-3.7.2.jar:/home/runner/.m2/repository/org/apache/yetus/audience-annotations/0.12.0/audience-annotations-0.12.0.jar:/home/runner/.m2/repository/org/apache/curator/curator-framework/4.2.0/curator-framework-4.2.0.jar:/home/runner/.m2/repository/org/apache/hadoop/thirdparty/hadoop-shaded-guava/1.1.1/hadoop-shaded-guava-1.1.1.jar:/home/runner/.m2/repository/com/sun/jersey/jersey-core/1.19.4/jersey-core-1.19.4.jar:/home/runner/.m2/repository/javax/ws/rs/jsr311-api/1.1.1/jsr311-api-1.1.1.jar:/home/runner/.m2/repository/com/sun/jersey/jersey-server/1.19.4/jersey-server-1.19.4.jar:/home/runner/.m2/repository/javax/servlet/javax.servlet-api/3.1.0/javax.servlet-api-3.1.0.jar:/home/runner/.m2/repository/org/apache/hadoop/hadoop-common/3.3.6/hadoop-common-3.3.6.jar:/home/runner/.m2/repository/org/apache/commons/commons-math3/3.1.1/commons-math3-3.1.1.jar:/home/runner/.m2/repository/commons-net/commons-net/3.10.0/commons-net-3.10.0.jar:/home/runner/.m2/repository/com/sun/jersey/jersey-servlet/1.19.4/jersey-servlet-1.19.4.jar:/home/runner/.m2/repository/com/github/pjfanning/jersey-json/1.20/jersey-json-1.20.jar:/home/runner/.m2/repository/org/codehaus/jettison/jettison/1.1/jettison-1.1.jar:/home/runner/.m2/repository/com/sun/xml/bind/jaxb-impl/2.2.3-1/jaxb-impl-2.2.3-1.jar:/home/runner/.m2/repository/com/google/re2j/re2j/1.7/re2j-1.7.jar:/home/runner/.m2/repository/com/jcraft/jsch/0.1.54/jsch-0.1.54.jar:/home/runner/.m2/repository/org/apache/curator/curator-client/4.2.0/curator-client-4.2.0.jar:/home/runner/.m2/repository/org/apache/curator/curator-recipes/5.2.0/curator-recipes-5.2.0.jar:/home/runner/.m2/repository/org/apache/kerby/kerb-core/1.0.1/kerb-core-1.0.1.jar:/home/runner/.m2/repository/org/apache/kerby/kerby-pkix/1.0.1/kerby-pkix-1.0.1.jar:/home/runner/.m2/repository/org/apache/kerby/kerby-asn1/1.0.1/kerby-asn1-1.0.1.jar:/home/runner/.m2/repository/org/apache/kerby/kerby-util/1.0.1/kerby-util-1.0.1.jar:/home/runner/.m2/repository/dnsjava/dnsjava/2.1.7/dnsjava-2.1.7.jar:/home/runner/.m2/repository/org/xerial/snappy/snappy-java/1.1.8.2/snappy-java-1.1.8.2.jar:/home/runner/.m2/repository/com/fasterxml/jackson/core/jackson-databind/2.13.4.2/jackson-databind-2.13.4.2.jar:/home/runner/.m2/repository/org/apache/hadoop/hadoop-kms/3.3.6/hadoop-kms-3.3.6-tests.jar:/home/runner/.m2/repository/org/apache/ozone/hdds-server-scm/1.5.0-SNAPSHOT/hdds-server-scm-1.5.0-SNAPSHOT-tests.jar:/home/runner/.m2/repository/org/apache/ozone/hdds-container-service/1.5.0-SNAPSHOT/hdds-container-service-1.5.0-SNAPSHOT-tests.jar:/home/runner/.m2/repository/com/github/luben/zstd-jni/1.5.2-5/zstd-jni-1.5.2-5.jar:/home/runner/.m2/repository/commons-codec/commons-codec/1.15/commons-codec-1.15.jar:/home/runner/.m2/repository/io/netty/netty-codec/4.1.100.Final/netty-codec-4.1.100.Final.jar:/home/runner/.m2/repository/io/netty/netty-handler/4.1.100.Final/netty-handler-4.1.100.Final.jar:/home/runner/.m2/repository/org/apache/ozone/hdds-hadoop-dependency-test/1.5.0-SNAPSHOT/hdds-hadoop-dependency-test-1.5.0-SNAPSHOT.jar:/home/runner/.m2/repository/org/apache/hadoop/hadoop-common/3.3.6/hadoop-common-3.3.6-tests.jar:/home/runner/.m2/repository/org/apache/hadoop/hadoop-hdfs/3.3.6/hadoop-hdfs-3.3.6-tests.jar:/home/runner/.m2/repository/org/junit/jupiter/junit-jupiter-params/5.10.1/junit-jupiter-params-5.10.1.jar:/home/runner/.m2/repository/org/mockito/mockito-core/4.11.0/mockito-core-4.11.0.jar:/home/runner/.m2/repository/net/bytebuddy/byte-buddy/1.12.19/byte-buddy-1.12.19.jar:/home/runner/.m2/repository/net/bytebuddy/byte-buddy-agent/1.12.19/byte-buddy-agent-1.12.19.jar:/home/runner/.m2/repository/org/objenesis/objenesis/1.0/objenesis-1.0.jar:/home/runner/.m2/repository/org/mockito/mockito-junit-jupiter/4.11.0/mockito-junit-jupiter-4.11.0.jar:/home/runner/.m2/repository/org/apache/hadoop/hadoop-distcp/3.3.6/hadoop-distcp-3.3.6.jar:/home/runner/.m2/repository/org/apache/hadoop/hadoop-mapreduce-client-jobclient/3.3.6/hadoop-mapreduce-client-jobclient-3.3.6.jar:/home/runner/.m2/repository/org/apache/hadoop/hadoop-mapreduce-client-common/3.3.6/hadoop-mapreduce-client-common-3.3.6.jar:/home/runner/.m2/repository/org/apache/hadoop/hadoop-yarn-common/3.3.6/hadoop-yarn-common-3.3.6.jar:/home/runner/.m2/repository/org/apache/hadoop/hadoop-yarn-api/3.3.6/hadoop-yarn-api-3.3.6.jar:/home/runner/.m2/repository/javax/xml/bind/jaxb-api/2.2.11/jaxb-api-2.2.11.jar:/home/runner/.m2/repository/com/sun/jersey/contribs/jersey-guice/1.19.4/jersey-guice-1.19.4.jar:/home/runner/.m2/repository/com/fasterxml/jackson/jaxrs/jackson-jaxrs-json-provider/2.13.4/jackson-jaxrs-json-provider-2.13.4.jar:/home/runner/.m2/repository/com/fasterxml/jackson/jaxrs/jackson-jaxrs-base/2.13.4/jackson-jaxrs-base-2.13.4.jar:/home/runner/.m2/repository/org/apache/hadoop/hadoop-yarn-client/3.3.6/hadoop-yarn-client-3.3.6.jar:/home/runner/.m2/repository/org/eclipse/jetty/websocket/websocket-client/9.4.51.v20230217/websocket-client-9.4.51.v20230217.jar:/home/runner/.m2/repository/org/eclipse/jetty/websocket/websocket-common/9.4.51.v20230217/websocket-common-9.4.51.v20230217.jar:/home/runner/.m2/repository/org/eclipse/jetty/websocket/websocket-api/9.4.51.v20230217/websocket-api-9.4.51.v20230217.jar:/home/runner/.m2/repository/org/jline/jline/3.9.0/jline-3.9.0.jar:/home/runner/.m2/repository/org/apache/hadoop/hadoop-mapreduce-client-core/3.3.6/hadoop-mapreduce-client-core-3.3.6.jar:/home/runner/.m2/repository/org/apache/avro/avro/1.7.7/avro-1.7.7.jar:/home/runner/.m2/repository/com/thoughtworks/paranamer/paranamer/2.3/paranamer-2.3.jar:/home/runner/.m2/repository/org/apache/hadoop/hadoop-annotations/3.3.6/hadoop-annotations-3.3.6.jar:/usr/lib/jvm/temurin-8-jdk-amd64/jre/../lib/tools.jar:/home/runner/.m2/repository/io/netty/netty/3.10.6.Final/netty-3.10.6.Final.jar:/home/runner/.m2/repository/org/apache/hadoop/hadoop-distcp/3.3.6/hadoop-distcp-3.3.6-tests.jar:/home/runner/.m2/repository/org/hamcrest/hamcrest/2.2/hamcrest-2.2.jar:/home/runner/.m2/repository/org/slf4j/jul-to-slf4j/2.0.10/jul-to-slf4j-2.0.10.jar:/home/runner/work/ozone/ozone/hadoop-ozone/integration-test/target/gradle-enterprise/test-listeners.jar:"/>
    <property name="sun.cpu.endian" value="little"/>
    <property name="user.home" value="/home/runner"/>
    <property name="user.language" value="en"/>
    <property name="java.specification.vendor" value="Oracle Corporation"/>
    <property name="java.home" value="/usr/lib/jvm/temurin-8-jdk-amd64/jre"/>
    <property name="java.security.krb5.conf" value="/home/runner/work/ozone/ozone/hadoop-ozone/integration-test/target/test-classes/krb5.conf"/>
    <property name="file.separator" value="/"/>
    <property name="basedir" value="/home/runner/work/ozone/ozone/hadoop-ozone/integration-test"/>
    <property name="line.separator" value="&#10;"/>
    <property name="java.vm.specification.vendor" value="Oracle Corporation"/>
    <property name="java.specification.name" value="Java Platform API Specification"/>
    <property name="skip.installnpx" value="true"/>
    <property name="java.awt.graphicsenv" value="sun.awt.X11GraphicsEnvironment"/>
    <property name="surefire.real.class.path" value="/home/runner/work/ozone/ozone/hadoop-ozone/integration-test/target/surefire/surefirebooter8322800707477240291.jar:/home/runner/.m2/repository/org/jacoco/org.jacoco.agent/0.8.5/org.jacoco.agent-0.8.5-runtime.jar"/>
    <property name="sun.boot.class.path" value="/usr/lib/jvm/temurin-8-jdk-amd64/jre/lib/resources.jar:/usr/lib/jvm/temurin-8-jdk-amd64/jre/lib/rt.jar:/usr/lib/jvm/temurin-8-jdk-amd64/jre/lib/sunrsasign.jar:/usr/lib/jvm/temurin-8-jdk-amd64/jre/lib/jsse.jar:/usr/lib/jvm/temurin-8-jdk-amd64/jre/lib/jce.jar:/usr/lib/jvm/temurin-8-jdk-amd64/jre/lib/charsets.jar:/usr/lib/jvm/temurin-8-jdk-amd64/jre/lib/jfr.jar:/usr/lib/jvm/temurin-8-jdk-amd64/jre/classes"/>
    <property name="hadoop.log.dir" value="/home/runner/work/ozone/ozone/hadoop-ozone/integration-test/target/log"/>
    <property name="sun.management.compiler" value="HotSpot 64-Bit Tiered Compilers"/>
    <property name="java.runtime.version" value="1.8.0_392-b08"/>
    <property name="skip.npx" value="true"/>
    <property name="user.name" value="runner"/>
    <property name="java.net.preferIPv4Stack" value="true"/>
    <property name="path.separator" value=":"/>
    <property name="java.security.egd" value="file:///dev/urandom"/>
    <property name="os.version" value="5.15.0-1053-azure"/>
    <property name="java.endorsed.dirs" value="/usr/lib/jvm/temurin-8-jdk-amd64/jre/lib/endorsed"/>
    <property name="java.runtime.name" value="OpenJDK Runtime Environment"/>
    <property name="com.gradle.maven.scan.extension.test.listener.junitplatform.NestedExecutionSafeDelegatingTestExecutionListener" value="24269709"/>
    <property name="file.encoding" value="UTF-8"/>
    <property name="java.vm.name" value="OpenJDK 64-Bit Server VM"/>
    <property name="test.build.webapps" value=""/>
    <property name="localRepository" value="/home/runner/.m2/repository"/>
    <property name="gradle.enterprise.listener.port" value="40615"/>
    <property name="jetty.git.hash" value="27bde00a0b95a1d5bbee0eae7984f891d2d0f8c9"/>
    <property name="java.vendor.url.bug" value="https://github.com/adoptium/adoptium-support/issues"/>
    <property name="require.test.libhadoop" value=""/>
    <property name="java.io.tmpdir" value="/tmp"/>
    <property name="java.version" value="1.8.0_392"/>
    <property name="user.dir" value="/home/runner/work/ozone/ozone/hadoop-ozone/integration-test"/>
    <property name="os.arch" value="amd64"/>
    <property name="test.build.classes" value="/home/runner/work/ozone/ozone/hadoop-ozone/integration-test/target/test-classes"/>
    <property name="java.vm.specification.name" value="Java Virtual Machine Specification"/>
    <property name="java.awt.printerjob" value="sun.print.PSPrinterJob"/>
    <property name="sun.os.patch.level" value="unknown"/>
    <property name="org.apache.ratis.thirdparty.io.netty.allocator.useCacheForAllThreads" value="false"/>
    <property name="hadoop.tmp.dir" value="/home/runner/work/ozone/ozone/hadoop-ozone/integration-test/target/tmp"/>
    <property name="java.library.path" value="/usr/java/packages/lib/amd64:/usr/lib64:/lib64:/lib:/usr/lib"/>
    <property name="java.vendor" value="Temurin"/>
    <property name="java.vm.info" value="mixed mode"/>
    <property name="java.vm.version" value="25.392-b08"/>
    <property name="java.specification.maintenance.version" value="5"/>
    <property name="sun.io.unicode.encoding" value="UnicodeLittle"/>
    <property name="java.ext.dirs" value="/usr/lib/jvm/temurin-8-jdk-amd64/jre/lib/ext:/usr/java/packages/lib/ext"/>
    <property name="java.class.version" value="52.0"/>
  </properties>
  <testcase name="testCreateSnapshotSuccess(String)[1]" classname="org.apache.hadoop.fs.ozone.TestOzoneFsSnapshot" time="0.072">
    <system-out><![CDATA[2024-01-24 13:21:43,487 [main] WARN  server.ServerUtils (ServerUtils.java:getScmDbDir(155)) - ozone.scm.db.dirs is not configured. We recommend adding this setting. Falling back to ozone.metadata.dirs instead.
2024-01-24 13:21:43,848 [main] WARN  server.ServerUtils (ServerUtils.java:getScmDbDir(155)) - ozone.scm.db.dirs is not configured. We recommend adding this setting. Falling back to ozone.metadata.dirs instead.
2024-01-24 13:21:43,853 [main] INFO  ha.SCMHANodeDetails (SCMHANodeDetails.java:loadSCMHAConfig(207)) - ServiceID for StorageContainerManager is null
2024-01-24 13:21:43,861 [main] WARN  ha.SCMHANodeDetails (SCMHANodeDetails.java:validateSCMHAConfig(180)) - Default/Configured value of config ozone.scm.ratis.enable conflicts with the expected value. Default/Configured: true. Expected: false. Falling back to the expected value. Current State of SCM: SCM is running without Ratis. Ratis SCM -> Non Ratis SCM is not supported.
2024-01-24 13:21:43,862 [main] INFO  ha.SCMHANodeDetails (SCMHANodeDetails.java:loadSCMHAConfig(212)) - ozone.scm.default.service.id is not defined, falling back to ozone.scm.service.ids to find serviceID for StorageContainerManager if it is HA enabled cluster
2024-01-24 13:21:44,382 [main] WARN  utils.HAUtils (HAUtils.java:getMetaDir(339)) - ozone.scm.db.dirs is not configured. We recommend adding this setting. Falling back to ozone.metadata.dirs instead.
2024-01-24 13:21:44,516 [main] WARN  db.DBStoreBuilder (DBStoreBuilder.java:applyDBDefinition(167)) - ozone.scm.db.dirs is not configured. We recommend adding this setting. Falling back to ozone.metadata.dirs instead.
2024-01-24 13:21:44,524 [main] INFO  utils.LeakDetector (LeakDetector.java:start(73)) - Starting leak detector thread ManagedRocksObject0.
2024-01-24 13:21:44,734 [main] INFO  net.NodeSchemaLoader (NodeSchemaLoader.java:loadSchemaFromFile(129)) - Loading schema from [jar:file:/home/runner/.m2/repository/org/apache/ozone/hdds-common/1.5.0-SNAPSHOT/hdds-common-1.5.0-SNAPSHOT.jar!/network-topology-default.xml]
2024-01-24 13:21:44,736 [main] INFO  net.NodeSchemaLoader (NodeSchemaLoader.java:loadSchema(176)) - Loading network topology layer schema file
2024-01-24 13:21:44,772 [main] INFO  metrics.MetricRegistries (MetricRegistriesLoader.java:load(64)) - Loaded MetricRegistries class org.apache.ratis.metrics.dropwizard3.Dm3MetricRegistriesImpl
2024-01-24 13:21:44,783 [main] INFO  upgrade.AbstractLayoutVersionManager (AbstractLayoutVersionManager.java:init(83)) - Initializing Layout version manager with metadata layout = HADOOP_PRC_PORTS_IN_DATANODEDETAILS (version = 7), software layout = HADOOP_PRC_PORTS_IN_DATANODEDETAILS (version = 7)
2024-01-24 13:21:44,968 [main] INFO  ha.SequenceIdGenerator (SequenceIdGenerator.java:upgradeToSequenceId(370)) - upgrade localId to 113750153625600000
2024-01-24 13:21:44,971 [main] INFO  ha.SequenceIdGenerator (SequenceIdGenerator.java:upgradeToSequenceId(380)) - upgrade delTxnId to 0
2024-01-24 13:21:44,979 [main] INFO  ha.SequenceIdGenerator (SequenceIdGenerator.java:upgradeToSequenceId(397)) - upgrade containerId to 0
2024-01-24 13:21:44,982 [main] INFO  ha.SequenceIdGenerator (SequenceIdGenerator.java:upgradeToCertificateSequenceId(444)) - upgrade CertificateId to 2
2024-01-24 13:21:44,985 [main] INFO  ha.SequenceIdGenerator (SequenceIdGenerator.java:<init>(241)) - Init the HA SequenceIdGenerator.
2024-01-24 13:21:45,041 [main] WARN  server.ServerUtils (ServerUtils.java:sanitizeUserArgs(80)) - ozone.scm.stale.node.interval value = 300000 is larger than max = 100000 based on the key value of ozone.scm.heartbeat.thread.interval, reset to the max value 100000.
2024-01-24 13:21:45,042 [main] WARN  server.ServerUtils (ServerUtils.java:sanitizeUserArgs(80)) - ozone.scm.stale.node.interval value = 300000 is larger than max = 100000 based on the key value of ozone.scm.heartbeat.thread.interval, reset to the max value 100000.
2024-01-24 13:21:45,048 [main] INFO  node.SCMNodeManager (SCMNodeManager.java:<init>(177)) - Entering startup safe mode.
2024-01-24 13:21:45,061 [main] INFO  algorithms.ContainerPlacementPolicyFactory (ContainerPlacementPolicyFactory.java:getPolicyInternal(86)) - Create container placement policy of type org.apache.hadoop.hdds.scm.container.placement.algorithms.SCMContainerPlacementRackAware
2024-01-24 13:21:45,065 [main] INFO  algorithms.ContainerPlacementPolicyFactory (ContainerPlacementPolicyFactory.java:getPolicyInternal(86)) - Create container placement policy of type org.apache.hadoop.hdds.scm.container.placement.algorithms.SCMContainerPlacementRackScatter
2024-01-24 13:21:45,076 [main] INFO  pipeline.PipelineStateManagerImpl (PipelineStateManagerImpl.java:initialize(78)) - No pipeline exists in current db
2024-01-24 13:21:45,090 [main] INFO  algorithms.LeaderChoosePolicyFactory (LeaderChoosePolicyFactory.java:getPolicy(57)) - Create leader choose policy of type org.apache.hadoop.hdds.scm.pipeline.leader.choose.algorithms.MinLeaderCountChoosePolicy
2024-01-24 13:21:45,091 [main] INFO  algorithms.ContainerPlacementPolicyFactory (ContainerPlacementPolicyFactory.java:getPolicyInternal(86)) - Create container placement policy of type org.apache.hadoop.hdds.scm.container.placement.algorithms.SCMContainerPlacementRackScatter
2024-01-24 13:21:45,098 [main] INFO  ha.SCMServiceManager (SCMServiceManager.java:register(42)) - Registering service BackgroundPipelineCreator.
2024-01-24 13:21:45,098 [main] INFO  pipeline.BackgroundPipelineCreator (BackgroundPipelineCreator.java:start(127)) - Starting RatisPipelineUtilsThread.
2024-01-24 13:21:45,102 [main] INFO  BackgroundPipelineScrubber (BackgroundSCMService.java:start(68)) - Starting BackgroundPipelineScrubber Service.
2024-01-24 13:21:45,103 [main] INFO  ha.SCMServiceManager (SCMServiceManager.java:register(42)) - Registering service BackgroundPipelineScrubber.
2024-01-24 13:21:45,113 [main] INFO  ExpiredContainerReplicaOpScrubber (BackgroundSCMService.java:start(68)) - Starting ExpiredContainerReplicaOpScrubber Service.
2024-01-24 13:21:45,113 [main] INFO  ha.SCMServiceManager (SCMServiceManager.java:register(42)) - Registering service ExpiredContainerReplicaOpScrubber.
2024-01-24 13:21:45,139 [main] INFO  algorithms.PipelineChoosePolicyFactory (PipelineChoosePolicyFactory.java:createPipelineChoosePolicyFromClass(80)) - Create pipeline choose policy of type org.apache.hadoop.hdds.scm.pipeline.choose.algorithms.RandomPipelineChoosePolicy
2024-01-24 13:21:45,139 [main] INFO  algorithms.PipelineChoosePolicyFactory (PipelineChoosePolicyFactory.java:createPipelineChoosePolicyFromClass(80)) - Create pipeline choose policy of type org.apache.hadoop.hdds.scm.pipeline.choose.algorithms.RandomPipelineChoosePolicy
2024-01-24 13:21:45,172 [main] INFO  ha.SCMServiceManager (SCMServiceManager.java:register(42)) - Registering service SCMBlockDeletingService.
2024-01-24 13:21:45,240 [main] INFO  replication.ReplicationManager (ReplicationManager.java:start(294)) - Starting Replication Monitor Thread.
2024-01-24 13:21:45,242 [ReplicationMonitor] INFO  replication.ReplicationManager (ReplicationManager.java:processAll(369)) - Replication Manager is not ready to run until 3000ms after safemode exit
2024-01-24 13:21:45,242 [main] INFO  ha.SCMServiceManager (SCMServiceManager.java:register(42)) - Registering service ReplicationManager.
2024-01-24 13:21:45,263 [main] INFO  safemode.ContainerSafeModeRule (ContainerSafeModeRule.java:<init>(91)) - containers with one replica threshold count 0
2024-01-24 13:21:45,268 [main] INFO  safemode.HealthyPipelineSafeModeRule (HealthyPipelineSafeModeRule.java:initializeRule(176)) - Total pipeline count is 0, healthy pipeline threshold count is 1
2024-01-24 13:21:45,271 [main] INFO  safemode.OneReplicaPipelineSafeModeRule (OneReplicaPipelineSafeModeRule.java:initializeRule(193)) - Total pipeline count is 0, pipeline's with at least one datanode reported threshold count is 0
2024-01-24 13:21:45,319 [main] INFO  server.StorageContainerManager (StorageContainerManager.java:<init>(440)) - SCM start with adminUsers: [runner]
2024-01-24 13:21:45,585 [main] INFO  audit.AuditLogger (AuditLogger.java:refreshDebugCmdSet(130)) - Refresh DebugCmdSet for SCMAudit to [].
2024-01-24 13:21:45,614 [main] INFO  ipc.CallQueueManager (CallQueueManager.java:<init>(90)) - Using callQueue: class java.util.concurrent.LinkedBlockingQueue, queueCapacity: 10000, scheduler: class org.apache.hadoop.ipc.DefaultRpcScheduler, ipcBackoff: false.
2024-01-24 13:21:45,642 [main] INFO  ipc.Server (Server.java:<init>(1287)) - Listener at 0.0.0.0:15002
2024-01-24 13:21:45,644 [Socket Reader #1 for port 15002] INFO  ipc.Server (Server.java:run(1323)) - Starting Socket Reader #1 for port 15002
2024-01-24 13:21:45,701 [main] INFO  audit.AuditLogger (AuditLogger.java:refreshDebugCmdSet(130)) - Refresh DebugCmdSet for SCMAudit to [].
2024-01-24 13:21:45,706 [main] INFO  ipc.CallQueueManager (CallQueueManager.java:<init>(90)) - Using callQueue: class java.util.concurrent.LinkedBlockingQueue, queueCapacity: 10000, scheduler: class org.apache.hadoop.ipc.DefaultRpcScheduler, ipcBackoff: false.
2024-01-24 13:21:45,707 [main] INFO  ipc.Server (Server.java:<init>(1287)) - Listener at 0.0.0.0:15001
2024-01-24 13:21:45,710 [Socket Reader #1 for port 15001] INFO  ipc.Server (Server.java:run(1323)) - Starting Socket Reader #1 for port 15001
2024-01-24 13:21:45,735 [main] INFO  audit.AuditLogger (AuditLogger.java:refreshDebugCmdSet(130)) - Refresh DebugCmdSet for SCMAudit to [].
2024-01-24 13:21:45,748 [main] INFO  ipc.CallQueueManager (CallQueueManager.java:<init>(90)) - Using callQueue: class java.util.concurrent.LinkedBlockingQueue, queueCapacity: 10000, scheduler: class org.apache.hadoop.ipc.DefaultRpcScheduler, ipcBackoff: false.
2024-01-24 13:21:45,749 [main] INFO  ipc.Server (Server.java:<init>(1287)) - Listener at 0.0.0.0:15000
2024-01-24 13:21:45,749 [Socket Reader #1 for port 15000] INFO  ipc.Server (Server.java:run(1323)) - Starting Socket Reader #1 for port 15000
2024-01-24 13:21:45,802 [main] INFO  ha.SCMServiceManager (SCMServiceManager.java:register(42)) - Registering service ContainerBalancer.
2024-01-24 13:21:45,803 [main] INFO  server.StorageContainerManager (StorageContainerManager.java:<init>(453)) - 
Container Balancer status:
Key                            Value
Running                        false
Container Balancer Configuration values:
Key                                                Value
Threshold                                          10
Max Datanodes to Involve per Iteration(percent)    20
Max Size to Move per Iteration                     500GB
Max Size Entering Target per Iteration             26GB
Max Size Leaving Source per Iteration              26GB
Number of Iterations                               10
Time Limit for Single Container's Movement         65min
Time Limit for Single Container's Replication      50min
Interval between each Iteration                    70min
Whether to Enable Network Topology                 false
Whether to Trigger Refresh Datanode Usage Info     false
Container IDs to Exclude from Balancing            None
Datanodes Specified to be Balanced                 None
Datanodes Excluded from Balancing                  None

2024-01-24 13:21:45,803 [main] INFO  ha.SCMContext (SCMContext.java:updateSafeModeStatus(230)) - Update SafeModeStatus from SafeModeStatus{safeModeStatus=true, preCheckPassed=false} to SafeModeStatus{safeModeStatus=true, preCheckPassed=false}.
2024-01-24 13:21:45,806 [main] INFO  server.StorageContainerManager (StorageContainerManager.java:start(1546)) - StorageContainerLocationProtocol RPC server is listening at /0.0.0.0:15000
2024-01-24 13:21:45,859 [main] WARN  impl.MetricsConfig (MetricsConfig.java:loadFirst(136)) - Cannot locate configuration: tried hadoop-metrics2-storagecontainermanager.properties,hadoop-metrics2.properties
2024-01-24 13:21:45,870 [main] INFO  impl.MetricsSystemImpl (MetricsSystemImpl.java:startTimer(378)) - Scheduled Metric snapshot period at 10 second(s).
2024-01-24 13:21:45,870 [main] INFO  impl.MetricsSystemImpl (MetricsSystemImpl.java:start(191)) - StorageContainerManager metrics system started
2024-01-24 13:21:46,074 [main] INFO  server.SCMClientProtocolServer (SCMClientProtocolServer.java:start(203)) - RPC server for Client  is listening at /0.0.0.0:15000
2024-01-24 13:21:46,074 [IPC Server Responder] INFO  ipc.Server (Server.java:run(1562)) - IPC Server Responder: starting
2024-01-24 13:21:46,076 [IPC Server listener on 15000] INFO  ipc.Server (Server.java:run(1402)) - IPC Server listener on 15000: starting
2024-01-24 13:21:46,101 [main] INFO  server.StorageContainerManager (StorageContainerManager.java:start(1559)) - ScmBlockLocationProtocol RPC server is listening at /0.0.0.0:15001
2024-01-24 13:21:46,102 [main] INFO  server.SCMBlockProtocolServer (SCMBlockProtocolServer.java:start(160)) - RPC server for Block Protocol is listening at /0.0.0.0:15001
2024-01-24 13:21:46,102 [IPC Server Responder] INFO  ipc.Server (Server.java:run(1562)) - IPC Server Responder: starting
2024-01-24 13:21:46,102 [IPC Server listener on 15001] INFO  ipc.Server (Server.java:run(1402)) - IPC Server listener on 15001: starting
2024-01-24 13:21:46,112 [main] INFO  server.SCMDatanodeProtocolServer (SCMDatanodeProtocolServer.java:start(194)) - ScmDatanodeProtocol RPC server for DataNodes is listening at /0.0.0.0:15002
2024-01-24 13:21:46,113 [IPC Server Responder] INFO  ipc.Server (Server.java:run(1562)) - IPC Server Responder: starting
2024-01-24 13:21:46,113 [IPC Server listener on 15002] INFO  ipc.Server (Server.java:run(1402)) - IPC Server listener on 15002: starting
2024-01-24 13:21:46,134 [JvmPauseMonitor0] INFO  util.JvmPauseMonitor (JvmPauseMonitor.java:run(146)) - JvmPauseMonitor-c360d65a-2e7c-44e2-b96c-8c2552c43568: Started
2024-01-24 13:21:46,140 [main] INFO  http.BaseHttpServer (BaseHttpServer.java:newHttpServer2BuilderForOzone(223)) - Starting Web-server for scm at: http://0.0.0.0:15003
2024-01-24 13:21:46,140 [main] INFO  http.BaseHttpServer (BaseHttpServer.java:<init>(110)) - Hadoop Security Enabled: false Ozone Security Enabled: false Ozone HTTP Security Enabled: false 
2024-01-24 13:21:46,159 [main] INFO  util.log (Log.java:initialized(170)) - Logging initialized @4002ms to org.eclipse.jetty.util.log.Slf4jLog
2024-01-24 13:21:46,238 [main] WARN  server.AuthenticationFilter (AuthenticationFilter.java:constructSecretProvider(240)) - Unable to initialize FileSignerSecretProvider, falling back to use random secrets. Reason: Could not read signature secret file: /home/runner/hadoop-http-auth-signature-secret
2024-01-24 13:21:46,243 [main] INFO  http.HttpRequestLog (HttpRequestLog.java:getRequestLog(86)) - Http request log for http.requests.scm is not defined
2024-01-24 13:21:46,250 [main] INFO  http.HttpServer2 (HttpServer2.java:addGlobalFilter(1036)) - Added global filter 'safety' (class=org.apache.hadoop.hdds.server.http.HttpServer2$QuotingInputFilter)
2024-01-24 13:21:46,253 [main] INFO  http.HttpServer2 (HttpServer2.java:addFilter(1012)) - Added filter static_user_filter (class=org.apache.hadoop.http.lib.StaticUserWebFilter$StaticUserFilter) to context scm
2024-01-24 13:21:46,253 [main] INFO  http.HttpServer2 (HttpServer2.java:addFilter(1020)) - Added filter static_user_filter (class=org.apache.hadoop.http.lib.StaticUserWebFilter$StaticUserFilter) to context logs
2024-01-24 13:21:46,254 [main] INFO  http.HttpServer2 (HttpServer2.java:addFilter(1020)) - Added filter static_user_filter (class=org.apache.hadoop.http.lib.StaticUserWebFilter$StaticUserFilter) to context static
2024-01-24 13:21:46,282 [main] INFO  http.BaseHttpServer (BaseHttpServer.java:<init>(189)) - HTTP server of scm uses base directory /home/runner/work/ozone/ozone/hadoop-ozone/integration-test/target/test-dir/MiniOzoneClusterImpl-977364ef-3bcb-48d3-9f9f-52826038909b/ozone-meta/webserver
2024-01-24 13:21:46,283 [main] INFO  http.HttpServer2 (HttpServer2.java:bindListener(1236)) - Jetty bound to port 15003
2024-01-24 13:21:46,285 [main] INFO  server.Server (Server.java:doStart(375)) - jetty-9.4.53.v20231009; built: 2023-10-09T12:29:09.265Z; git: 27bde00a0b95a1d5bbee0eae7984f891d2d0f8c9; jvm 1.8.0_392-b08
2024-01-24 13:21:46,305 [main] INFO  server.session (DefaultSessionIdManager.java:doStart(334)) - DefaultSessionIdManager workerName=node0
2024-01-24 13:21:46,306 [main] INFO  server.session (DefaultSessionIdManager.java:doStart(339)) - No SessionScavenger set, using defaults
2024-01-24 13:21:46,307 [main] INFO  server.session (HouseKeeper.java:startScavenging(132)) - node0 Scavenging every 600000ms
2024-01-24 13:21:46,317 [main] INFO  handler.ContextHandler (ContextHandler.java:doStart(921)) - Started o.e.j.s.ServletContextHandler@5860e4c3{logs,/logs,file:///home/runner/work/ozone/ozone/hadoop-ozone/integration-test/target/log,AVAILABLE}
2024-01-24 13:21:46,318 [main] INFO  handler.ContextHandler (ContextHandler.java:doStart(921)) - Started o.e.j.s.ServletContextHandler@32ff3c98{static,/static,file:///home/runner/work/ozone/ozone/hadoop-ozone/integration-test/target/test-classes/webapps/static,AVAILABLE}
2024-01-24 13:21:46,352 [main] INFO  handler.ContextHandler (ContextHandler.java:doStart(921)) - Started o.e.j.w.WebAppContext@71d2bc34{scm,/,file:///home/runner/work/ozone/ozone/hadoop-ozone/integration-test/target/test-classes/webapps/scm/,AVAILABLE}{file:/home/runner/work/ozone/ozone/hadoop-ozone/integration-test/target/test-classes/webapps/scm}
2024-01-24 13:21:46,359 [main] INFO  server.AbstractConnector (AbstractConnector.java:doStart(333)) - Started ServerConnector@1e8fd198{HTTP/1.1, (http/1.1)}{0.0.0.0:15003}
2024-01-24 13:21:46,360 [main] INFO  server.Server (Server.java:doStart(415)) - Started @4202ms
2024-01-24 13:21:46,363 [main] INFO  impl.MetricsSinkAdapter (MetricsSinkAdapter.java:start(204)) - Sink prometheus started
2024-01-24 13:21:46,363 [main] INFO  impl.MetricsSystemImpl (MetricsSystemImpl.java:registerSink(305)) - Registered sink prometheus
2024-01-24 13:21:46,365 [main] INFO  http.BaseHttpServer (BaseHttpServer.java:updateConnectorAddress(354)) - HTTP server of scm listening at http://0.0.0.0:15003
2024-01-24 13:21:46,375 [main] INFO  db.CodecBuffer (CodecBuffer.java:set(62)) - Successfully set constructor to org.apache.hadoop.hdds.utils.db.CodecBuffer$$Lambda$594/1638372110@60eacbbf
2024-01-24 13:21:46,418 [main] INFO  audit.AuditLogger (AuditLogger.java:refreshDebugCmdSet(130)) - Refresh DebugCmdSet for OMAudit to [].
2024-01-24 13:21:46,484 [main] INFO  ha.OMHANodeDetails (OMHANodeDetails.java:loadOMHAConfig(121)) - ServiceID for OzoneManager is om-service-test1
2024-01-24 13:21:46,490 [main] INFO  ha.OMHANodeDetails (OMHANodeDetails.java:loadOMHAConfig(201)) - Found matching OM address with OMServiceId: om-service-test1, OMNodeId: omNode-1, RPC Address: localhost:15004 and Ratis port: 15007
2024-01-24 13:21:46,490 [main] INFO  ha.OMHANodeDetails (ConfUtils.java:setNodeSpecificConfigs(97)) - Setting configuration key ozone.om.http-address with value of key ozone.om.http-address.om-service-test1.omNode-1: 127.0.0.1:15005
2024-01-24 13:21:46,490 [main] INFO  ha.OMHANodeDetails (ConfUtils.java:setNodeSpecificConfigs(97)) - Setting configuration key ozone.om.https-address with value of key ozone.om.https-address.om-service-test1.omNode-1: 127.0.0.1:15006
2024-01-24 13:21:46,491 [main] INFO  ha.OMHANodeDetails (ConfUtils.java:setNodeSpecificConfigs(97)) - Setting configuration key ozone.om.address with value of key ozone.om.address.om-service-test1.omNode-1: 127.0.0.1:15004
2024-01-24 13:21:46,493 [main] WARN  server.ServerUtils (ServerUtils.java:getDBPath(311)) - ozone.om.db.dirs is not configured. We recommend adding this setting. Falling back to ozone.metadata.dirs instead.
2024-01-24 13:21:46,505 [main] INFO  proxy.SCMBlockLocationFailoverProxyProvider (SCMBlockLocationFailoverProxyProvider.java:<init>(115)) - Created block location fail-over proxy with 1 nodes: [nodeId=scmNodeId,nodeAddress=/0.0.0.0:15001]
OM initialization succeeded.Current cluster id for sd=/home/runner/work/ozone/ozone/hadoop-ozone/integration-test/target/test-dir/MiniOzoneClusterImpl-977364ef-3bcb-48d3-9f9f-52826038909b/omNode-1/om;cid=977364ef-3bcb-48d3-9f9f-52826038909b;layoutVersion=6
2024-01-24 13:21:46,713 [main] INFO  ha.OMHANodeDetails (OMHANodeDetails.java:loadOMHAConfig(121)) - ServiceID for OzoneManager is om-service-test1
2024-01-24 13:21:46,714 [main] INFO  ha.OMHANodeDetails (OMHANodeDetails.java:loadOMHAConfig(201)) - Found matching OM address with OMServiceId: om-service-test1, OMNodeId: omNode-1, RPC Address: localhost:15004 and Ratis port: 15007
2024-01-24 13:21:46,714 [main] INFO  ha.OMHANodeDetails (ConfUtils.java:setNodeSpecificConfigs(97)) - Setting configuration key ozone.om.http-address with value of key ozone.om.http-address.om-service-test1.omNode-1: 127.0.0.1:15005
2024-01-24 13:21:46,715 [main] INFO  ha.OMHANodeDetails (ConfUtils.java:setNodeSpecificConfigs(97)) - Setting configuration key ozone.om.https-address with value of key ozone.om.https-address.om-service-test1.omNode-1: 127.0.0.1:15006
2024-01-24 13:21:46,715 [main] INFO  ha.OMHANodeDetails (ConfUtils.java:setNodeSpecificConfigs(97)) - Setting configuration key ozone.om.address with value of key ozone.om.address.om-service-test1.omNode-1: 127.0.0.1:15004
2024-01-24 13:21:46,715 [main] WARN  server.ServerUtils (ServerUtils.java:getDBPath(311)) - ozone.om.db.dirs is not configured. We recommend adding this setting. Falling back to ozone.metadata.dirs instead.
2024-01-24 13:21:46,719 [main] INFO  upgrade.AbstractLayoutVersionManager (AbstractLayoutVersionManager.java:init(83)) - Initializing Layout version manager with metadata layout = QUOTA (version = 6), software layout = QUOTA (version = 6)
2024-01-24 13:21:46,791 [main] INFO  upgrade.OMLayoutVersionManager (OMLayoutVersionManager.java:lambda$0(113)) - Skipping Upgrade Action MockOmUpgradeAction since it has been finalized.
2024-01-24 13:21:46,792 [main] INFO  upgrade.OMLayoutVersionManager (OMLayoutVersionManager.java:lambda$0(113)) - Skipping Upgrade Action QuotaRepairUpgradeAction since it has been finalized.
2024-01-24 13:21:46,793 [main] WARN  server.ServerUtils (ServerUtils.java:getDBPath(311)) - ozone.om.db.dirs is not configured. We recommend adding this setting. Falling back to ozone.metadata.dirs instead.
2024-01-24 13:21:46,911 [main] INFO  proxy.SCMBlockLocationFailoverProxyProvider (SCMBlockLocationFailoverProxyProvider.java:<init>(115)) - Created block location fail-over proxy with 1 nodes: [nodeId=scmNodeId,nodeAddress=/0.0.0.0:15001]
2024-01-24 13:21:46,921 [main] INFO  proxy.SCMBlockLocationFailoverProxyProvider (SCMBlockLocationFailoverProxyProvider.java:<init>(115)) - Created block location fail-over proxy with 1 nodes: [nodeId=scmNodeId,nodeAddress=/0.0.0.0:15001]
2024-01-24 13:21:46,960 [main] INFO  om.OzoneManager (OzoneManager.java:<init>(673)) - OM start with adminUsers: [runner]
2024-01-24 13:21:46,978 [main] WARN  server.ServerUtils (ServerUtils.java:getDBPath(311)) - ozone.om.db.dirs is not configured. We recommend adding this setting. Falling back to ozone.metadata.dirs instead.
2024-01-24 13:21:47,004 [main] INFO  helpers.OmKeyInfo (OmKeyInfo.java:getCodec(71)) - OmKeyInfo.getCodec ignorePipeline = true
2024-01-24 13:21:47,273 [main] INFO  om.OzoneManager (OzoneManager.java:instantiateServices(805)) - S3 Multi-Tenancy is disabled
2024-01-24 13:21:47,298 [main] INFO  om.OmSnapshotManager (OmSnapshotManager.java:<init>(176)) - Ozone filesystem snapshot feature is enabled.
2024-01-24 13:21:47,305 [main] WARN  server.ServerUtils (ServerUtils.java:getDBPath(311)) - ozone.om.snapshot.diff.db.dir is not configured. We recommend adding this setting. Falling back to ozone.metadata.dirs instead.
2024-01-24 13:21:47,339 [main] INFO  utils.NativeLibraryLoader (NativeLibraryLoader.java:loadLibrary(108)) - Loading Library: ozone_rocksdb_tools
2024-01-24 13:21:47,341 [main] INFO  snapshot.SnapshotDiffManager (SnapshotDiffManager.java:closeExecutorService(1688)) - Shutting down executorService: 'SstDumpToolExecutor'
2024-01-24 13:21:47,391 [main] INFO  om.OzoneManager (OzoneManager.java:addS3GVolumeToDB(4429)) - Created Volume s3v With Owner runner required for S3Gateway operations.
2024-01-24 13:21:47,438 [main] WARN  server.ServerUtils (ServerUtils.java:getDefaultRatisDirectory(323)) - Storage directory for Ratis is not configured. It is a good idea to map this to an SSD disk. Falling back to ozone.metadata.dirs
2024-01-24 13:21:47,439 [main] WARN  utils.OzoneManagerRatisUtils (OzoneManagerRatisUtils.java:getOMRatisSnapshotDirectory(473)) - ozone.om.ratis.snapshot.dir is not configured. Falling back to ozone.metadata.dirs config
2024-01-24 13:21:47,450 [main] WARN  server.ServerUtils (ServerUtils.java:getDefaultRatisDirectory(323)) - Storage directory for Ratis is not configured. It is a good idea to map this to an SSD disk. Falling back to ozone.metadata.dirs
2024-01-24 13:21:47,468 [main] INFO  ratis.OzoneManagerRatisServer (OzoneManagerRatisServer.java:<init>(167)) - Instantiating OM Ratis server with groupID: om-service-test1 and peers: localhost:15007
2024-01-24 13:21:47,476 [main] INFO  ratis.OzoneManagerStateMachine (OzoneManagerStateMachine.java:loadSnapshotInfoFromDB(576)) - TransactionInfo not found in OM DB.
2024-01-24 13:21:47,529 [main] INFO  server.RaftServer (ConfUtils.java:logGet(46)) - raft.rpc.type = GRPC (default)
2024-01-24 13:21:47,536 [main] INFO  grpc.GrpcConfigKeys (ConfUtils.java:logFallback(53)) - raft.grpc.admin.host = null (fallback to raft.grpc.server.host)
2024-01-24 13:21:47,537 [main] INFO  grpc.GrpcConfigKeys (ConfUtils.java:logFallback(53)) - raft.grpc.admin.port = 15007 (fallback to raft.grpc.server.port)
2024-01-24 13:21:47,538 [main] INFO  grpc.GrpcConfigKeys (ConfUtils.java:logFallback(53)) - raft.grpc.client.host = null (fallback to raft.grpc.server.host)
2024-01-24 13:21:47,538 [main] INFO  grpc.GrpcConfigKeys (ConfUtils.java:logFallback(53)) - raft.grpc.client.port = 15007 (fallback to raft.grpc.server.port)
2024-01-24 13:21:47,539 [main] INFO  grpc.GrpcConfigKeys (ConfUtils.java:logGet(46)) - raft.grpc.server.host = null (default)
2024-01-24 13:21:47,539 [main] INFO  grpc.GrpcConfigKeys (ConfUtils.java:logGet(46)) - raft.grpc.server.port = 15007 (custom)
2024-01-24 13:21:47,540 [main] INFO  server.GrpcService (ConfUtils.java:logGet(46)) - raft.grpc.message.size.max = 4194304 (custom)
2024-01-24 13:21:47,541 [main] INFO  server.RaftServerConfigKeys (ConfUtils.java:logGet(46)) - raft.server.log.appender.buffer.byte-limit = 4194304 (custom)
2024-01-24 13:21:47,541 [main] INFO  server.GrpcService (ConfUtils.java:logGet(46)) - raft.grpc.flow.control.window = 1MB (=1048576) (default)
2024-01-24 13:21:47,541 [main] INFO  server.RaftServerConfigKeys (ConfUtils.java:logGet(46)) - raft.server.rpc.request.timeout = 3000ms (default)
2024-01-24 13:21:47,550 [main] INFO  grpc.GrpcConfigKeys (ConfUtils.java:logGet(46)) - raft.grpc.server.heartbeat.channel = true (default)
2024-01-24 13:21:47,554 [main] INFO  grpc.GrpcConfigKeys (ConfUtils.java:logGet(46)) - raft.grpc.server.async.request.thread.pool.cached = true (default)
2024-01-24 13:21:47,554 [main] INFO  grpc.GrpcConfigKeys (ConfUtils.java:logGet(46)) - raft.grpc.server.async.request.thread.pool.size = 32 (default)
2024-01-24 13:21:47,827 [main] INFO  impl.DataStreamServerImpl (ConfUtils.java:logGet(46)) - raft.datastream.type = DISABLED (default)
2024-01-24 13:21:47,829 [main] INFO  server.RaftServerConfigKeys (ConfUtils.java:logGet(46)) - raft.server.sleep.deviation.threshold = 300ms (default)
2024-01-24 13:21:47,829 [main] INFO  server.RaftServerConfigKeys (ConfUtils.java:logGet(46)) - raft.server.close.threshold = 60s (default)
2024-01-24 13:21:47,829 [main] INFO  server.RaftServerConfigKeys (ConfUtils.java:logGet(46)) - raft.server.leaderelection.leader.step-down.wait-time = 10s (default)
2024-01-24 13:21:47,831 [main] INFO  server.RaftServerConfigKeys (ConfUtils.java:logGet(46)) - raft.server.storage.dir = [/home/runner/work/ozone/ozone/hadoop-ozone/integration-test/target/test-dir/MiniOzoneClusterImpl-977364ef-3bcb-48d3-9f9f-52826038909b/omNode-1/ratis] (custom)
2024-01-24 13:21:47,832 [main] INFO  server.RaftServerConfigKeys (ConfUtils.java:logGet(46)) - raft.server.threadpool.proxy.cached = true (default)
2024-01-24 13:21:47,832 [main] INFO  server.RaftServerConfigKeys (ConfUtils.java:logGet(46)) - raft.server.threadpool.proxy.size = 0 (default)
2024-01-24 13:21:47,838 [main] INFO  server.RaftServer (RaftServerProxy.java:addNew(100)) - omNode-1: addNew group-523986131536:[omNode-1|localhost:15007] returns group-523986131536:java.util.concurrent.CompletableFuture@2bbf85e2[Not completed]
2024-01-24 13:21:47,838 [main] INFO  om.OzoneManager (OzoneManager.java:initializeRatisServer(2141)) - OzoneManager Ratis server initialized at port 15007
2024-01-24 13:21:47,840 [main] INFO  om.OzoneManager (OzoneManager.java:getRpcServer(1207)) - Creating RPC Server
2024-01-24 13:21:47,850 [omNode-1-groupManagement] INFO  server.RaftServer$Division (RaftServerImpl.java:<init>(256)) - omNode-1: new RaftServerImpl for group-523986131536:[omNode-1|localhost:15007] with OzoneManagerStateMachine:uninitialized
2024-01-24 13:21:47,853 [omNode-1-groupManagement] INFO  server.RaftServerConfigKeys (ConfUtils.java:logGet(46)) - raft.server.rpc.timeout.min = 1s (custom)
2024-01-24 13:21:47,853 [omNode-1-groupManagement] INFO  server.RaftServerConfigKeys (ConfUtils.java:logGet(46)) - raft.server.rpc.timeout.max = 1200ms (custom)
2024-01-24 13:21:47,854 [omNode-1-groupManagement] INFO  server.RaftServerConfigKeys (ConfUtils.java:logGet(46)) - raft.server.rpc.sleep.time = 25ms (default)
2024-01-24 13:21:47,854 [omNode-1-groupManagement] INFO  server.RaftServerConfigKeys (ConfUtils.java:logGet(46)) - raft.server.rpc.slowness.timeout = 2s (custom)
2024-01-24 13:21:47,854 [omNode-1-groupManagement] INFO  server.RaftServerConfigKeys (ConfUtils.java:logGet(46)) - raft.server.leaderelection.leader.step-down.wait-time = 10s (default)
2024-01-24 13:21:47,854 [omNode-1-groupManagement] INFO  server.RaftServerConfigKeys (ConfUtils.java:logGet(46)) - raft.server.leaderelection.member.majority-add = false (default)
2024-01-24 13:21:47,855 [omNode-1-groupManagement] INFO  server.RaftServerConfigKeys (ConfUtils.java:logGet(46)) - raft.server.sleep.deviation.threshold = 300ms (default)
2024-01-24 13:21:47,860 [omNode-1-groupManagement] INFO  server.RaftServer$Division (ServerState.java:<init>(113)) - omNode-1@group-523986131536: ConfigurationManager, init=-1: peers:[omNode-1|localhost:15007]|listeners:[], old=null, confs=<EMPTY_MAP>
2024-01-24 13:21:47,865 [omNode-1-groupManagement] INFO  server.RaftServerConfigKeys (ConfUtils.java:logGet(46)) - raft.server.notification.no-leader.timeout = 2s (custom)
2024-01-24 13:21:47,868 [omNode-1-groupManagement] INFO  server.RaftServerConfigKeys (ConfUtils.java:logGet(46)) - raft.server.read.timeout = 10s (default)
2024-01-24 13:21:47,871 [omNode-1-groupManagement] INFO  server.RaftServerConfigKeys (ConfUtils.java:logGet(46)) - raft.server.retrycache.expirytime = 300s (custom)
2024-01-24 13:21:47,871 [omNode-1-groupManagement] INFO  server.RaftServerConfigKeys (ConfUtils.java:logGet(46)) - raft.server.retrycache.statistics.expirytime = 100ms (default)
2024-01-24 13:21:47,875 [omNode-1-groupManagement] INFO  server.RaftServerConfigKeys (ConfUtils.java:logGet(46)) - raft.server.read.option = DEFAULT (default)
2024-01-24 13:21:47,876 [omNode-1-groupManagement] INFO  server.RaftServerConfigKeys (ConfUtils.java:logGet(46)) - raft.server.read.read-after-write-consistent.write-index-cache.expiry-time = 60s (default)
2024-01-24 13:21:47,936 [omNode-1-groupManagement] INFO  server.RaftServerConfigKeys (ConfUtils.java:logGet(46)) - raft.server.rpc.request.timeout = 3000ms (default)
2024-01-24 13:21:47,947 [omNode-1-groupManagement] INFO  server.RaftServerConfigKeys (ConfUtils.java:logGet(46)) - raft.server.log.appender.install.snapshot.enabled = false (custom)
2024-01-24 13:21:47,954 [omNode-1-groupManagement] INFO  server.RaftServerConfigKeys (ConfUtils.java:logGet(46)) - raft.server.threadpool.server.cached = true (default)
2024-01-24 13:21:47,955 [omNode-1-groupManagement] INFO  server.RaftServerConfigKeys (ConfUtils.java:logGet(46)) - raft.server.threadpool.server.size = 0 (default)
2024-01-24 13:21:47,955 [omNode-1-groupManagement] INFO  server.RaftServerConfigKeys (ConfUtils.java:logGet(46)) - raft.server.threadpool.client.cached = true (default)
2024-01-24 13:21:47,956 [omNode-1-groupManagement] INFO  server.RaftServerConfigKeys (ConfUtils.java:logGet(46)) - raft.server.threadpool.client.size = 0 (default)
2024-01-24 13:21:48,534 [main] INFO  ipc.CallQueueManager (CallQueueManager.java:<init>(90)) - Using callQueue: class java.util.concurrent.LinkedBlockingQueue, queueCapacity: 2000, scheduler: class org.apache.hadoop.ipc.DefaultRpcScheduler, ipcBackoff: false.
2024-01-24 13:21:48,534 [main] INFO  ipc.Server (Server.java:<init>(1287)) - Listener at 127.0.0.1:15004
2024-01-24 13:21:48,534 [Socket Reader #1 for port 15004] INFO  ipc.Server (Server.java:run(1323)) - Starting Socket Reader #1 for port 15004
2024-01-24 13:21:48,560 [main] INFO  impl.MetricsSystemImpl (MetricsSystemImpl.java:init(158)) - OzoneManager metrics system started (again)
2024-01-24 13:21:48,571 [main] INFO  om.OzoneManager (OzoneManager.java:start(1629)) - OzoneManager RPC server is listening at localhost/127.0.0.1:15004
2024-01-24 13:21:48,572 [main] INFO  ratis.OzoneManagerRatisServer (OzoneManagerRatisServer.java:start(588)) - Starting OzoneManagerRatisServer omNode-1 at port 15007
2024-01-24 13:21:48,576 [omNode-1-impl-thread1] INFO  server.RaftServerConfigKeys (ConfUtils.java:logGet(46)) - raft.server.storage.free-space.min = 0MB (=0) (default)
2024-01-24 13:21:48,577 [omNode-1-impl-thread1] INFO  server.RaftServerConfigKeys (ConfUtils.java:logGet(46)) - raft.server.log.corruption.policy = EXCEPTION (default)
2024-01-24 13:21:48,577 [omNode-1-impl-thread1] INFO  server.RaftServerConfigKeys (ConfUtils.java:logGet(46)) - raft.server.storage.dir = [/home/runner/work/ozone/ozone/hadoop-ozone/integration-test/target/test-dir/MiniOzoneClusterImpl-977364ef-3bcb-48d3-9f9f-52826038909b/omNode-1/ratis] (custom)
2024-01-24 13:21:48,581 [omNode-1-impl-thread1] INFO  storage.RaftStorageDirectory (RaftStorageDirectoryImpl.java:analyzeStorage(138)) - The storage directory /home/runner/work/ozone/ozone/hadoop-ozone/integration-test/target/test-dir/MiniOzoneClusterImpl-977364ef-3bcb-48d3-9f9f-52826038909b/omNode-1/ratis/c9bc4cf4-3bc3-3c60-a66b-523986131536 does not exist. Creating ...
2024-01-24 13:21:48,585 [omNode-1-impl-thread1] INFO  storage.RaftStorageDirectory (RaftStorageDirectoryImpl.java:tryLock(228)) - Lock on /home/runner/work/ozone/ozone/hadoop-ozone/integration-test/target/test-dir/MiniOzoneClusterImpl-977364ef-3bcb-48d3-9f9f-52826038909b/omNode-1/ratis/c9bc4cf4-3bc3-3c60-a66b-523986131536/in_use.lock acquired by nodename 37754@fv-az1248-499
2024-01-24 13:21:48,592 [omNode-1-impl-thread1] INFO  storage.RaftStorage (RaftStorageImpl.java:format(99)) - Storage directory /home/runner/work/ozone/ozone/hadoop-ozone/integration-test/target/test-dir/MiniOzoneClusterImpl-977364ef-3bcb-48d3-9f9f-52826038909b/omNode-1/ratis/c9bc4cf4-3bc3-3c60-a66b-523986131536 has been successfully formatted.
2024-01-24 13:21:48,592 [omNode-1-impl-thread1] WARN  util.FileUtils (LogUtils.java:supplyAndLog(63)) - Failed to Files.newInputStream /home/runner/work/ozone/ozone/hadoop-ozone/integration-test/target/test-dir/MiniOzoneClusterImpl-977364ef-3bcb-48d3-9f9f-52826038909b/omNode-1/ratis/c9bc4cf4-3bc3-3c60-a66b-523986131536/current/raft-meta.conf with options []: java.nio.file.NoSuchFileException: /home/runner/work/ozone/ozone/hadoop-ozone/integration-test/target/test-dir/MiniOzoneClusterImpl-977364ef-3bcb-48d3-9f9f-52826038909b/omNode-1/ratis/c9bc4cf4-3bc3-3c60-a66b-523986131536/current/raft-meta.conf
2024-01-24 13:21:48,595 [omNode-1-impl-thread1] INFO  server.RaftServerConfigKeys (ConfUtils.java:logGet(46)) - raft.server.log.use.memory = false (default)
2024-01-24 13:21:48,603 [omNode-1-impl-thread1] INFO  server.RaftServerConfigKeys (ConfUtils.java:logGet(46)) - raft.server.log.purge.gap = 1000000 (custom)
2024-01-24 13:21:48,604 [omNode-1-impl-thread1] INFO  server.RaftServerConfigKeys (ConfUtils.java:logGet(46)) - raft.server.log.appender.buffer.byte-limit = 4194304 (custom)
2024-01-24 13:21:48,605 [omNode-1-impl-thread1] INFO  server.RaftServerConfigKeys (ConfUtils.java:logGet(46)) - raft.server.log.statemachine.data.read.timeout = 1000ms (default)
2024-01-24 13:21:48,606 [omNode-1-impl-thread1] INFO  server.RaftServerConfigKeys (ConfUtils.java:logGet(46)) - raft.server.log.purge.preservation.log.num = 0 (default)
2024-01-24 13:21:48,609 [omNode-1-impl-thread1] INFO  server.RaftServerConfigKeys (ConfUtils.java:logGet(46)) - raft.server.log.segment.size.max = 4194304 (custom)
2024-01-24 13:21:48,614 [omNode-1-impl-thread1] INFO  server.RaftServerConfigKeys (ConfUtils.java:logGet(46)) - raft.server.log.segment.cache.num.max = 2 (custom)
2024-01-24 13:21:48,614 [omNode-1-impl-thread1] INFO  server.RaftServerConfigKeys (ConfUtils.java:logGet(46)) - raft.server.log.segment.cache.size.max = 200MB (=209715200) (default)
2024-01-24 13:21:48,614 [omNode-1-impl-thread1] INFO  server.RaftServerConfigKeys (ConfUtils.java:logGet(46)) - raft.server.log.appender.buffer.byte-limit = 4194304 (custom)
2024-01-24 13:21:48,616 [omNode-1-impl-thread1] INFO  util.AwaitToRun (AwaitToRun.java:start(81)) - Thread[omNode-1@group-523986131536-cacheEviction-AwaitToRun,5,main] started
2024-01-24 13:21:48,619 [omNode-1-impl-thread1] INFO  segmented.SegmentedRaftLogWorker (SegmentedRaftLogWorker.java:<init>(182)) - new omNode-1@group-523986131536-SegmentedRaftLogWorker for RaftStorageImpl:Storage Directory /home/runner/work/ozone/ozone/hadoop-ozone/integration-test/target/test-dir/MiniOzoneClusterImpl-977364ef-3bcb-48d3-9f9f-52826038909b/omNode-1/ratis/c9bc4cf4-3bc3-3c60-a66b-523986131536
2024-01-24 13:21:48,620 [omNode-1-impl-thread1] INFO  server.RaftServerConfigKeys (ConfUtils.java:logGet(46)) - raft.server.log.queue.byte-limit = 64MB (=67108864) (default)
2024-01-24 13:21:48,620 [omNode-1-impl-thread1] INFO  server.RaftServerConfigKeys (ConfUtils.java:logGet(46)) - raft.server.log.queue.element-limit = 4096 (default)
2024-01-24 13:21:48,621 [omNode-1-impl-thread1] INFO  server.RaftServerConfigKeys (ConfUtils.java:logGet(46)) - raft.server.log.segment.size.max = 4194304 (custom)
2024-01-24 13:21:48,622 [omNode-1-impl-thread1] INFO  server.RaftServerConfigKeys (ConfUtils.java:logGet(46)) - raft.server.log.preallocated.size = 4194304 (custom)
2024-01-24 13:21:48,622 [omNode-1-impl-thread1] INFO  server.RaftServerConfigKeys (ConfUtils.java:logGet(46)) - raft.server.log.force.sync.num = 128 (default)
2024-01-24 13:21:48,623 [omNode-1-impl-thread1] INFO  server.RaftServerConfigKeys (ConfUtils.java:logGet(46)) - raft.server.log.statemachine.data.sync = true (default)
2024-01-24 13:21:48,623 [omNode-1-impl-thread1] INFO  server.RaftServerConfigKeys (ConfUtils.java:logGet(46)) - raft.server.log.statemachine.data.sync.timeout = 10s (default)
2024-01-24 13:21:48,623 [omNode-1-impl-thread1] INFO  server.RaftServerConfigKeys (ConfUtils.java:logGet(46)) - raft.server.log.statemachine.data.sync.timeout.retry = -1 (default)
2024-01-24 13:21:48,625 [omNode-1-impl-thread1] INFO  server.RaftServerConfigKeys (ConfUtils.java:logGet(46)) - raft.server.log.write.buffer.size = 4194312 (custom)
2024-01-24 13:21:48,626 [omNode-1-impl-thread1] INFO  server.RaftServerConfigKeys (ConfUtils.java:logGet(46)) - raft.server.log.appender.buffer.byte-limit = 4194304 (custom)
2024-01-24 13:21:48,626 [omNode-1-impl-thread1] INFO  server.RaftServerConfigKeys (ConfUtils.java:logGet(46)) - raft.server.log.unsafe-flush.enabled = false (default)
2024-01-24 13:21:48,627 [omNode-1-impl-thread1] INFO  server.RaftServerConfigKeys (ConfUtils.java:logGet(46)) - raft.server.log.async-flush.enabled = false (default)
2024-01-24 13:21:48,627 [omNode-1-impl-thread1] INFO  server.RaftServerConfigKeys (ConfUtils.java:logGet(46)) - raft.server.log.statemachine.data.caching.enabled = false (default)
2024-01-24 13:21:48,631 [omNode-1-impl-thread1] INFO  segmented.SegmentedRaftLogWorker (SegmentedRaftLogWorker.java:lambda$new$0(134)) - omNode-1@group-523986131536-SegmentedRaftLogWorker: flushIndex: setUnconditionally 0 -> -1
2024-01-24 13:21:48,631 [omNode-1-impl-thread1] INFO  segmented.SegmentedRaftLogWorker (SegmentedRaftLogWorker.java:lambda$new$0(134)) - omNode-1@group-523986131536-SegmentedRaftLogWorker: safeCacheEvictIndex: setUnconditionally 0 -> -1
2024-01-24 13:21:48,633 [omNode-1-impl-thread1] INFO  server.RaftServer$Division (RaftServerImpl.java:start(396)) - omNode-1@group-523986131536: start as a follower, conf=-1: peers:[omNode-1|localhost:15007]|listeners:[], old=null
2024-01-24 13:21:48,633 [omNode-1-impl-thread1] INFO  server.RaftServer$Division (RaftServerImpl.java:setRole(383)) - omNode-1@group-523986131536: changes role from      null to FOLLOWER at term 0 for startAsFollower
2024-01-24 13:21:48,635 [omNode-1-impl-thread1] INFO  impl.RoleInfo (RoleInfo.java:updateAndGet(139)) - omNode-1: start omNode-1@group-523986131536-FollowerState
2024-01-24 13:21:48,635 [omNode-1@group-523986131536-FollowerState] INFO  server.RaftServerConfigKeys (ConfUtils.java:logFallback(53)) - raft.server.rpc.first-election.timeout.min = 1s (fallback to raft.server.rpc.timeout.min)
2024-01-24 13:21:48,636 [omNode-1@group-523986131536-FollowerState] INFO  server.RaftServerConfigKeys (ConfUtils.java:logFallback(53)) - raft.server.rpc.first-election.timeout.max = 1200ms (fallback to raft.server.rpc.timeout.max)
2024-01-24 13:21:48,637 [omNode-1-impl-thread1] INFO  util.JmxRegister (JmxRegister.java:tryRegister(44)) - Successfully registered JMX Bean with object name Ratis:service=RaftServer,group=group-523986131536,id=omNode-1
2024-01-24 13:21:48,639 [omNode-1-impl-thread1] INFO  server.RaftServerConfigKeys (ConfUtils.java:logGet(46)) - raft.server.snapshot.trigger-when-stop.enabled = true (default)
2024-01-24 13:21:48,639 [omNode-1-impl-thread1] INFO  server.RaftServerConfigKeys (ConfUtils.java:logGet(46)) - raft.server.snapshot.auto.trigger.enabled = true (custom)
2024-01-24 13:21:48,639 [omNode-1-impl-thread1] INFO  server.RaftServerConfigKeys (ConfUtils.java:logGet(46)) - raft.server.snapshot.auto.trigger.threshold = 400000 (default)
2024-01-24 13:21:48,640 [omNode-1-impl-thread1] INFO  server.RaftServerConfigKeys (ConfUtils.java:logGet(46)) - raft.server.snapshot.retention.file.num = -1 (default)
2024-01-24 13:21:48,640 [omNode-1-impl-thread1] INFO  server.RaftServerConfigKeys (ConfUtils.java:logGet(46)) - raft.server.log.purge.upto.snapshot.index = true (custom)
2024-01-24 13:21:48,644 [main] INFO  server.RaftServer (RaftServerProxy.java:startImpl(406)) - omNode-1: start RPC server
2024-01-24 13:21:48,688 [main] INFO  server.GrpcService (GrpcService.java:startImpl(302)) - omNode-1: GrpcService started, listening on 15007
2024-01-24 13:21:48,689 [JvmPauseMonitor1] INFO  util.JvmPauseMonitor (JvmPauseMonitor.java:run(146)) - JvmPauseMonitor-omNode-1: Started
2024-01-24 13:21:48,690 [main] INFO  om.OzoneManager (OzoneManager.java:start(1645)) - Version File has different layout version (6) than OM DB (null). That is expected if this OM has never been finalized to a newer layout version.
2024-01-24 13:21:48,713 [main] INFO  http.BaseHttpServer (BaseHttpServer.java:newHttpServer2BuilderForOzone(223)) - Starting Web-server for ozoneManager at: http://0.0.0.0:15005
2024-01-24 13:21:48,713 [main] INFO  http.BaseHttpServer (BaseHttpServer.java:<init>(110)) - Hadoop Security Enabled: false Ozone Security Enabled: false Ozone HTTP Security Enabled: false 
2024-01-24 13:21:48,715 [main] WARN  server.AuthenticationFilter (AuthenticationFilter.java:constructSecretProvider(240)) - Unable to initialize FileSignerSecretProvider, falling back to use random secrets. Reason: Could not read signature secret file: /home/runner/hadoop-http-auth-signature-secret
2024-01-24 13:21:48,716 [main] INFO  http.HttpRequestLog (HttpRequestLog.java:getRequestLog(86)) - Http request log for http.requests.ozoneManager is not defined
2024-01-24 13:21:48,719 [main] INFO  http.HttpServer2 (HttpServer2.java:addGlobalFilter(1036)) - Added global filter 'safety' (class=org.apache.hadoop.hdds.server.http.HttpServer2$QuotingInputFilter)
2024-01-24 13:21:48,720 [main] INFO  http.HttpServer2 (HttpServer2.java:addFilter(1012)) - Added filter static_user_filter (class=org.apache.hadoop.http.lib.StaticUserWebFilter$StaticUserFilter) to context ozoneManager
2024-01-24 13:21:48,721 [main] INFO  http.HttpServer2 (HttpServer2.java:addFilter(1020)) - Added filter static_user_filter (class=org.apache.hadoop.http.lib.StaticUserWebFilter$StaticUserFilter) to context logs
2024-01-24 13:21:48,721 [main] INFO  http.HttpServer2 (HttpServer2.java:addFilter(1020)) - Added filter static_user_filter (class=org.apache.hadoop.http.lib.StaticUserWebFilter$StaticUserFilter) to context static
2024-01-24 13:21:48,725 [main] INFO  http.BaseHttpServer (BaseHttpServer.java:<init>(189)) - HTTP server of ozoneManager uses base directory /home/runner/work/ozone/ozone/hadoop-ozone/integration-test/target/test-dir/MiniOzoneClusterImpl-977364ef-3bcb-48d3-9f9f-52826038909b/omNode-1/webserver
2024-01-24 13:21:48,733 [main] INFO  http.HttpServer2 (HttpServer2.java:bindListener(1236)) - Jetty bound to port 15005
2024-01-24 13:21:48,734 [main] INFO  server.Server (Server.java:doStart(375)) - jetty-9.4.53.v20231009; built: 2023-10-09T12:29:09.265Z; git: 27bde00a0b95a1d5bbee0eae7984f891d2d0f8c9; jvm 1.8.0_392-b08
2024-01-24 13:21:48,739 [main] INFO  server.session (DefaultSessionIdManager.java:doStart(334)) - DefaultSessionIdManager workerName=node0
2024-01-24 13:21:48,740 [main] INFO  server.session (DefaultSessionIdManager.java:doStart(339)) - No SessionScavenger set, using defaults
2024-01-24 13:21:48,740 [main] INFO  server.session (HouseKeeper.java:startScavenging(132)) - node0 Scavenging every 660000ms
2024-01-24 13:21:48,741 [main] INFO  handler.ContextHandler (ContextHandler.java:doStart(921)) - Started o.e.j.s.ServletContextHandler@60cee7ca{logs,/logs,file:///home/runner/work/ozone/ozone/hadoop-ozone/integration-test/target/log,AVAILABLE}
2024-01-24 13:21:48,742 [main] INFO  handler.ContextHandler (ContextHandler.java:doStart(921)) - Started o.e.j.s.ServletContextHandler@52de93f1{static,/static,file:///home/runner/work/ozone/ozone/hadoop-ozone/integration-test/target/test-classes/webapps/static,AVAILABLE}
2024-01-24 13:21:48,746 [main] INFO  handler.ContextHandler (ContextHandler.java:doStart(921)) - Started o.e.j.w.WebAppContext@405dfba3{ozoneManager,/,file:///home/runner/work/ozone/ozone/hadoop-ozone/integration-test/target/test-classes/webapps/ozoneManager/,AVAILABLE}{file:/home/runner/work/ozone/ozone/hadoop-ozone/integration-test/target/test-classes/webapps/ozoneManager}
2024-01-24 13:21:48,753 [main] INFO  server.AbstractConnector (AbstractConnector.java:doStart(333)) - Started ServerConnector@5d1e33e5{HTTP/1.1, (http/1.1)}{0.0.0.0:15005}
2024-01-24 13:21:48,754 [main] INFO  server.Server (Server.java:doStart(415)) - Started @6596ms
2024-01-24 13:21:48,755 [main] WARN  impl.MetricsSystemImpl (MetricsSystemImpl.java:register(279)) - Sink prometheus already exists!
2024-01-24 13:21:48,756 [main] INFO  http.BaseHttpServer (BaseHttpServer.java:updateConnectorAddress(354)) - HTTP server of ozoneManager listening at http://0.0.0.0:15005
2024-01-24 13:21:48,756 [IPC Server Responder] INFO  ipc.Server (Server.java:run(1562)) - IPC Server Responder: starting
2024-01-24 13:21:48,757 [IPC Server listener on 15004] INFO  ipc.Server (Server.java:run(1402)) - IPC Server listener on 15004: starting
2024-01-24 13:21:48,773 [main] INFO  om.OzoneManager (OzoneManager.java:startTrashEmptier(2094)) - Trash Interval set to 0. Files deleted won't move to trash
2024-01-24 13:21:48,775 [main] INFO  ozone.MiniOzoneHAClusterImpl (MiniOzoneHAClusterImpl.java:createOMService(510)) - Started OzoneManager omNode-1 RPC server at localhost/127.0.0.1:15004
2024-01-24 13:21:48,874 [main] WARN  dropwizard3.Dm3MetricRegistriesImpl (Dm3MetricRegistriesImpl.java:addReporterRegistration(113)) - New reporters are added after registries were created. Some metrics will be missing from the reporter. Please add reporter before adding any new registry.
2024-01-24 13:21:48,874 [main] WARN  dropwizard3.Dm3MetricRegistriesImpl (Dm3MetricRegistriesImpl.java:addReporterRegistration(113)) - New reporters are added after registries were created. Some metrics will be missing from the reporter. Please add reporter before adding any new registry.
2024-01-24 13:21:48,874 [main] INFO  impl.MetricsSystemImpl (MetricsSystemImpl.java:init(158)) - HddsDatanode metrics system started (again)
2024-01-24 13:21:48,890 [main] INFO  ozone.HddsDatanodeService (HddsDatanodeService.java:start(239)) - HddsDatanodeService host:fv-az1248-499.lhg1ljel1gwudbpqdk5ar2pfag.bx.internal.cloudapp.net ip:10.1.0.10
2024-01-24 13:21:48,919 [main] INFO  upgrade.AbstractLayoutVersionManager (AbstractLayoutVersionManager.java:init(83)) - Initializing Layout version manager with metadata layout = HADOOP_PRC_PORTS_IN_DATANODEDETAILS (version = 7), software layout = HADOOP_PRC_PORTS_IN_DATANODEDETAILS (version = 7)
2024-01-24 13:21:48,921 [main] INFO  statemachine.DatanodeStateMachine (DatanodeStateMachine.java:getEndPointTaskThreadPoolSize(299)) - Datanode State Machine Task Thread Pool size 2
2024-01-24 13:21:48,969 [main] INFO  volume.HddsVolume (HddsVolume.java:<init>(125)) - Creating HddsVolume: /home/runner/work/ozone/ozone/hadoop-ozone/integration-test/target/test-dir/MiniOzoneClusterImpl-977364ef-3bcb-48d3-9f9f-52826038909b/datanode-0/data-0/containers/hdds of storage type : DISK capacity : 9223372036854775807
2024-01-24 13:21:48,972 [main] INFO  volume.MutableVolumeSet (MutableVolumeSet.java:initializeVolumeSet(173)) - Added Volume : /home/runner/work/ozone/ozone/hadoop-ozone/integration-test/target/test-dir/MiniOzoneClusterImpl-977364ef-3bcb-48d3-9f9f-52826038909b/datanode-0/data-0/containers/hdds to VolumeSet
2024-01-24 13:21:48,975 [main] INFO  volume.MutableVolumeSet (MutableVolumeSet.java:initializeVolumeSet(173)) - Added Volume : /home/runner/work/ozone/ozone/hadoop-ozone/integration-test/target/test-dir/MiniOzoneClusterImpl-977364ef-3bcb-48d3-9f9f-52826038909b/datanode-0/data/ratis to VolumeSet
2024-01-24 13:21:48,979 [main] INFO  ozoneimpl.OzoneContainer (HddsVolumeUtil.java:loadAllHddsVolumeDbStore(103)) - Load 1 volumes DbStore cost: 1ms
2024-01-24 13:21:48,986 [6e18b67a-af4b-4b8c-bc51-449eebbe6b79-ContainerReader-0] INFO  ozoneimpl.ContainerReader (ContainerReader.java:readVolume(178)) - Finish verifying containers on volume /home/runner/work/ozone/ozone/hadoop-ozone/integration-test/target/test-dir/MiniOzoneClusterImpl-977364ef-3bcb-48d3-9f9f-52826038909b/datanode-0/data-0/containers/hdds
2024-01-24 13:21:48,987 [main] INFO  ozoneimpl.OzoneContainer (OzoneContainer.java:buildContainerSet(328)) - Build ContainerSet costs 0s
2024-01-24 13:21:49,026 [main] INFO  audit.AuditLogger (AuditLogger.java:refreshDebugCmdSet(130)) - Refresh DebugCmdSet for DNAudit to [].
2024-01-24 13:21:49,049 [main] INFO  server.RaftServer (ConfUtils.java:logGet(46)) - raft.rpc.type = GRPC (default)
2024-01-24 13:21:49,049 [main] INFO  grpc.GrpcConfigKeys (ConfUtils.java:logFallback(53)) - raft.grpc.admin.host = null (fallback to raft.grpc.server.host)
2024-01-24 13:21:49,050 [main] INFO  grpc.GrpcConfigKeys (ConfUtils.java:logGet(46)) - raft.grpc.admin.port = 15013 (custom)
2024-01-24 13:21:49,050 [main] INFO  grpc.GrpcConfigKeys (ConfUtils.java:logFallback(53)) - raft.grpc.client.host = null (fallback to raft.grpc.server.host)
2024-01-24 13:21:49,050 [main] INFO  grpc.GrpcConfigKeys (ConfUtils.java:logGet(46)) - raft.grpc.client.port = 15012 (custom)
2024-01-24 13:21:49,050 [main] INFO  grpc.GrpcConfigKeys (ConfUtils.java:logGet(46)) - raft.grpc.server.host = null (default)
2024-01-24 13:21:49,051 [main] INFO  grpc.GrpcConfigKeys (ConfUtils.java:logGet(46)) - raft.grpc.server.port = 15014 (custom)
2024-01-24 13:21:49,051 [main] INFO  server.GrpcService (ConfUtils.java:logGet(46)) - raft.grpc.message.size.max = 32MB (=33554432) (custom)
2024-01-24 13:21:49,051 [main] INFO  server.RaftServerConfigKeys (ConfUtils.java:logGet(46)) - raft.server.log.appender.buffer.byte-limit = 8388608 (custom)
2024-01-24 13:21:49,051 [main] INFO  server.GrpcService (ConfUtils.java:logGet(46)) - raft.grpc.flow.control.window = 5MB (=5242880) (custom)
2024-01-24 13:21:49,052 [main] INFO  server.RaftServerConfigKeys (ConfUtils.java:logGet(46)) - raft.server.rpc.request.timeout = 60s (custom)
2024-01-24 13:21:49,052 [main] INFO  grpc.GrpcConfigKeys (ConfUtils.java:logGet(46)) - raft.grpc.server.heartbeat.channel = true (default)
2024-01-24 13:21:49,052 [main] INFO  grpc.GrpcConfigKeys (ConfUtils.java:logGet(46)) - raft.grpc.server.async.request.thread.pool.cached = true (default)
2024-01-24 13:21:49,052 [main] INFO  grpc.GrpcConfigKeys (ConfUtils.java:logGet(46)) - raft.grpc.server.async.request.thread.pool.size = 32 (default)
2024-01-24 13:21:49,055 [main] INFO  impl.DataStreamServerImpl (ConfUtils.java:logGet(46)) - raft.datastream.type = NETTY (custom)
2024-01-24 13:21:49,066 [main] INFO  server.RaftServerConfigKeys (ConfUtils.java:logGet(46)) - raft.server.data-stream.async.request.thread.pool.cached = false (default)
2024-01-24 13:21:49,067 [main] INFO  server.RaftServerConfigKeys (ConfUtils.java:logGet(46)) - raft.server.data-stream.async.request.thread.pool.size = 20 (custom)
2024-01-24 13:21:49,067 [main] INFO  server.RaftServerConfigKeys (ConfUtils.java:logGet(46)) - raft.server.data-stream.async.write.thread.pool.size = 16 (default)
2024-01-24 13:21:49,068 [main] INFO  netty.NettyConfigKeys$DataStream (ConfUtils.java:logGet(46)) - raft.netty.dataStream.server.channel.inactive.grace-period = 10min (default)
2024-01-24 13:21:49,068 [main] INFO  server.RaftServerConfigKeys (ConfUtils.java:logGet(46)) - raft.server.data-stream.client.pool.size = 10 (default)
2024-01-24 13:21:49,070 [main] INFO  netty.NettyConfigKeys$DataStream (ConfUtils.java:logGet(46)) - raft.netty.dataStream.server.use-epoll = true (default)
2024-01-24 13:21:49,070 [main] INFO  netty.NettyConfigKeys$DataStream (ConfUtils.java:logGet(46)) - raft.netty.dataStream.server.boss-group.size = 0 (default)
2024-01-24 13:21:49,071 [main] INFO  netty.NettyUtils (NettyUtils.java:newEventLoopGroup(69)) - Create EpollEventLoopGroup for 6e18b67a-af4b-4b8c-bc51-449eebbe6b79-NettyServerStreamRpc-bossGroup; Thread size is 0.
2024-01-24 13:21:49,098 [main] INFO  netty.NettyConfigKeys$DataStream (ConfUtils.java:logGet(46)) - raft.netty.dataStream.server.worker-group.size = 0 (default)
2024-01-24 13:21:49,099 [main] INFO  netty.NettyUtils (NettyUtils.java:newEventLoopGroup(69)) - Create EpollEventLoopGroup for 6e18b67a-af4b-4b8c-bc51-449eebbe6b79-NettyServerStreamRpc-workerGroup; Thread size is 0.
2024-01-24 13:21:49,100 [main] INFO  netty.NettyConfigKeys$DataStream (ConfUtils.java:logGet(46)) - raft.netty.dataStream.server.tls.conf = null (default)
2024-01-24 13:21:49,101 [main] INFO  netty.NettyConfigKeys$DataStream (ConfUtils.java:logGet(46)) - raft.netty.dataStream.host = null (default)
2024-01-24 13:21:49,102 [main] INFO  netty.NettyConfigKeys$DataStream (ConfUtils.java:logGet(46)) - raft.netty.dataStream.port = 15015 (custom)
2024-01-24 13:21:49,106 [main] INFO  server.RaftServerConfigKeys (ConfUtils.java:logGet(46)) - raft.server.sleep.deviation.threshold = 300ms (default)
2024-01-24 13:21:49,106 [main] INFO  server.RaftServerConfigKeys (ConfUtils.java:logGet(46)) - raft.server.close.threshold = 60s (default)
2024-01-24 13:21:49,106 [main] INFO  server.RaftServerConfigKeys (ConfUtils.java:logGet(46)) - raft.server.leaderelection.leader.step-down.wait-time = 10s (default)
2024-01-24 13:21:49,107 [main] INFO  server.RaftServerConfigKeys (ConfUtils.java:logGet(46)) - raft.server.storage.dir = [/home/runner/work/ozone/ozone/hadoop-ozone/integration-test/target/test-dir/MiniOzoneClusterImpl-977364ef-3bcb-48d3-9f9f-52826038909b/datanode-0/data/ratis] (custom)
2024-01-24 13:21:49,107 [main] INFO  server.RaftServerConfigKeys (ConfUtils.java:logGet(46)) - raft.server.threadpool.proxy.cached = true (default)
2024-01-24 13:21:49,107 [main] INFO  server.RaftServerConfigKeys (ConfUtils.java:logGet(46)) - raft.server.threadpool.proxy.size = 0 (default)
2024-01-24 13:21:49,108 [6e18b67a-af4b-4b8c-bc51-449eebbe6b79-impl-thread1] INFO  server.RaftServer (RaftServerProxy.java:initGroupDir(264)) - 6e18b67a-af4b-4b8c-bc51-449eebbe6b79: found a subdirectory /home/runner/work/ozone/ozone/hadoop-ozone/integration-test/target/test-dir/MiniOzoneClusterImpl-977364ef-3bcb-48d3-9f9f-52826038909b/datanode-0/data/ratis/tmp
2024-01-24 13:21:49,108 [6e18b67a-af4b-4b8c-bc51-449eebbe6b79-impl-thread1] INFO  server.RaftServer (RaftServerProxy.java:initGroupDir(269)) - 6e18b67a-af4b-4b8c-bc51-449eebbe6b79: The directory /home/runner/work/ozone/ozone/hadoop-ozone/integration-test/target/test-dir/MiniOzoneClusterImpl-977364ef-3bcb-48d3-9f9f-52826038909b/datanode-0/data/ratis/tmp is not a group directory; ignoring it. 
2024-01-24 13:21:49,111 [main] INFO  replication.ReplicationServer (ReplicationServer.java:<init>(85)) - Initializing replication server with thread count = 10 queue length = 4096
2024-01-24 13:21:49,116 [6e18b67a-af4b-4b8c-bc51-449eebbe6b79-NettyServerStreamRpc-bossGroup--thread1] INFO  logging.LoggingHandler (AbstractInternalLogger.java:log(148)) - [id: 0x4d0ea164] REGISTERED
2024-01-24 13:21:49,117 [6e18b67a-af4b-4b8c-bc51-449eebbe6b79-NettyServerStreamRpc-bossGroup--thread1] INFO  logging.LoggingHandler (AbstractInternalLogger.java:log(148)) - [id: 0x4d0ea164] BIND: 0.0.0.0/0.0.0.0:15015
2024-01-24 13:21:49,117 [6e18b67a-af4b-4b8c-bc51-449eebbe6b79-NettyServerStreamRpc-bossGroup--thread1] INFO  logging.LoggingHandler (AbstractInternalLogger.java:log(148)) - [id: 0x4d0ea164, L:/0.0.0.0:15015] ACTIVE
2024-01-24 13:21:49,127 [main] INFO  server.XceiverServerGrpc (XceiverServerGrpc.java:<init>(141)) - GrpcServer channel type EpollServerSocketChannel
2024-01-24 13:21:49,193 [main] INFO  replication.ReplicationSupervisor (ReplicationSupervisor.java:build(163)) - Initializing replication supervisor with thread count = 10
2024-01-24 13:21:49,195 [main] INFO  replication.ReplicationSupervisor (ReplicationSupervisor.java:nodeStateUpdated(317)) - Node state updated to IN_SERVICE, scaling executor pool size to 10
2024-01-24 13:21:49,234 [main] INFO  http.BaseHttpServer (BaseHttpServer.java:newHttpServer2BuilderForOzone(223)) - Starting Web-server for hddsDatanode at: http://0.0.0.0:15009
2024-01-24 13:21:49,234 [main] INFO  http.BaseHttpServer (BaseHttpServer.java:<init>(110)) - Hadoop Security Enabled: false Ozone Security Enabled: false Ozone HTTP Security Enabled: false 
2024-01-24 13:21:49,236 [main] WARN  server.AuthenticationFilter (AuthenticationFilter.java:constructSecretProvider(240)) - Unable to initialize FileSignerSecretProvider, falling back to use random secrets. Reason: Could not read signature secret file: /home/runner/hadoop-http-auth-signature-secret
2024-01-24 13:21:49,237 [main] INFO  http.HttpRequestLog (HttpRequestLog.java:getRequestLog(86)) - Http request log for http.requests.hddsDatanode is not defined
2024-01-24 13:21:49,239 [main] INFO  http.HttpServer2 (HttpServer2.java:addGlobalFilter(1036)) - Added global filter 'safety' (class=org.apache.hadoop.hdds.server.http.HttpServer2$QuotingInputFilter)
2024-01-24 13:21:49,240 [main] INFO  http.HttpServer2 (HttpServer2.java:addFilter(1012)) - Added filter static_user_filter (class=org.apache.hadoop.http.lib.StaticUserWebFilter$StaticUserFilter) to context hddsDatanode
2024-01-24 13:21:49,240 [main] INFO  http.HttpServer2 (HttpServer2.java:addFilter(1020)) - Added filter static_user_filter (class=org.apache.hadoop.http.lib.StaticUserWebFilter$StaticUserFilter) to context logs
2024-01-24 13:21:49,240 [main] INFO  http.HttpServer2 (HttpServer2.java:addFilter(1020)) - Added filter static_user_filter (class=org.apache.hadoop.http.lib.StaticUserWebFilter$StaticUserFilter) to context static
2024-01-24 13:21:49,241 [main] INFO  http.BaseHttpServer (BaseHttpServer.java:<init>(189)) - HTTP server of hddsDatanode uses base directory /home/runner/work/ozone/ozone/hadoop-ozone/integration-test/target/test-dir/MiniOzoneClusterImpl-977364ef-3bcb-48d3-9f9f-52826038909b/datanode-0/meta/webserver
2024-01-24 13:21:49,242 [main] INFO  http.HttpServer2 (HttpServer2.java:bindListener(1236)) - Jetty bound to port 15009
2024-01-24 13:21:49,242 [main] INFO  server.Server (Server.java:doStart(375)) - jetty-9.4.53.v20231009; built: 2023-10-09T12:29:09.265Z; git: 27bde00a0b95a1d5bbee0eae7984f891d2d0f8c9; jvm 1.8.0_392-b08
2024-01-24 13:21:49,247 [main] INFO  server.session (DefaultSessionIdManager.java:doStart(334)) - DefaultSessionIdManager workerName=node0
2024-01-24 13:21:49,248 [main] INFO  server.session (DefaultSessionIdManager.java:doStart(339)) - No SessionScavenger set, using defaults
2024-01-24 13:21:49,248 [main] INFO  server.session (HouseKeeper.java:startScavenging(132)) - node0 Scavenging every 660000ms
2024-01-24 13:21:49,249 [main] INFO  handler.ContextHandler (ContextHandler.java:doStart(921)) - Started o.e.j.s.ServletContextHandler@34ffd74d{logs,/logs,file:///home/runner/work/ozone/ozone/hadoop-ozone/integration-test/target/log,AVAILABLE}
2024-01-24 13:21:49,250 [main] INFO  handler.ContextHandler (ContextHandler.java:doStart(921)) - Started o.e.j.s.ServletContextHandler@4ce6fb9a{static,/static,jar:file:/home/runner/.m2/repository/org/apache/ozone/hdds-container-service/1.5.0-SNAPSHOT/hdds-container-service-1.5.0-SNAPSHOT.jar!/webapps/static,AVAILABLE}
2024-01-24 13:21:49,300 [main] INFO  handler.ContextHandler (ContextHandler.java:doStart(921)) - Started o.e.j.w.WebAppContext@4fe258f2{hddsDatanode,/,file:///home/runner/work/ozone/ozone/hadoop-ozone/integration-test/target/test-dir/MiniOzoneClusterImpl-977364ef-3bcb-48d3-9f9f-52826038909b/datanode-0/meta/webserver/jetty-0_0_0_0-15009-hdds-container-service-1_5_0-SNAPSHOT_jar-_-any-5896341405664432905/webapp/,AVAILABLE}{jar:file:/home/runner/.m2/repository/org/apache/ozone/hdds-container-service/1.5.0-SNAPSHOT/hdds-container-service-1.5.0-SNAPSHOT.jar!/webapps/hddsDatanode}
2024-01-24 13:21:49,302 [main] INFO  server.AbstractConnector (AbstractConnector.java:doStart(333)) - Started ServerConnector@6079f9f{HTTP/1.1, (http/1.1)}{0.0.0.0:15009}
2024-01-24 13:21:49,302 [main] INFO  server.Server (Server.java:doStart(415)) - Started @7144ms
2024-01-24 13:21:49,302 [main] WARN  impl.MetricsSystemImpl (MetricsSystemImpl.java:register(279)) - Sink prometheus already exists!
2024-01-24 13:21:49,303 [main] INFO  http.BaseHttpServer (BaseHttpServer.java:updateConnectorAddress(354)) - HTTP server of hddsDatanode listening at http://0.0.0.0:15009
2024-01-24 13:21:49,305 [main] INFO  ipc.CallQueueManager (CallQueueManager.java:<init>(90)) - Using callQueue: class java.util.concurrent.LinkedBlockingQueue, queueCapacity: 100, scheduler: class org.apache.hadoop.ipc.DefaultRpcScheduler, ipcBackoff: false.
2024-01-24 13:21:49,306 [main] INFO  ipc.Server (Server.java:<init>(1287)) - Listener at 0.0.0.0:15010
2024-01-24 13:21:49,306 [Socket Reader #1 for port 15010] INFO  ipc.Server (Server.java:run(1323)) - Starting Socket Reader #1 for port 15010
2024-01-24 13:21:49,308 [main] INFO  ozone.HddsDatanodeService (HddsDatanodeService.java:start(324)) - Datanode start with admins: [runner]
2024-01-24 13:21:49,309 [main] INFO  ozone.HddsDatanodeClientProtocolServer (HddsDatanodeClientProtocolServer.java:start(72)) - RPC server for Client /0.0.0.0:15010
2024-01-24 13:21:49,310 [IPC Server Responder] INFO  ipc.Server (Server.java:run(1562)) - IPC Server Responder: starting
2024-01-24 13:21:49,311 [IPC Server listener on 15010] INFO  ipc.Server (Server.java:run(1402)) - IPC Server listener on 15010: starting
2024-01-24 13:21:49,312 [6e18b67a-af4b-4b8c-bc51-449eebbe6b79-DatanodeStateMachineDaemonThread] INFO  statemachine.DatanodeStateMachine (DatanodeStateMachine.java:lambda$startDaemon$1(555)) - Ozone container server started.
2024-01-24 13:21:49,315 [main] WARN  dropwizard3.Dm3MetricRegistriesImpl (Dm3MetricRegistriesImpl.java:addReporterRegistration(113)) - New reporters are added after registries were created. Some metrics will be missing from the reporter. Please add reporter before adding any new registry.
2024-01-24 13:21:49,315 [main] WARN  dropwizard3.Dm3MetricRegistriesImpl (Dm3MetricRegistriesImpl.java:addReporterRegistration(113)) - New reporters are added after registries were created. Some metrics will be missing from the reporter. Please add reporter before adding any new registry.
2024-01-24 13:21:49,315 [main] INFO  impl.MetricsSystemImpl (MetricsSystemImpl.java:init(158)) - HddsDatanode metrics system started (again)
2024-01-24 13:21:49,325 [main] INFO  ozone.HddsDatanodeService (HddsDatanodeService.java:start(239)) - HddsDatanodeService host:fv-az1248-499.lhg1ljel1gwudbpqdk5ar2pfag.bx.internal.cloudapp.net ip:10.1.0.10
2024-01-24 13:21:49,346 [main] INFO  upgrade.AbstractLayoutVersionManager (AbstractLayoutVersionManager.java:init(83)) - Initializing Layout version manager with metadata layout = HADOOP_PRC_PORTS_IN_DATANODEDETAILS (version = 7), software layout = HADOOP_PRC_PORTS_IN_DATANODEDETAILS (version = 7)
2024-01-24 13:21:49,347 [main] INFO  statemachine.DatanodeStateMachine (DatanodeStateMachine.java:getEndPointTaskThreadPoolSize(299)) - Datanode State Machine Task Thread Pool size 2
2024-01-24 13:21:49,350 [main] INFO  volume.HddsVolume (HddsVolume.java:<init>(125)) - Creating HddsVolume: /home/runner/work/ozone/ozone/hadoop-ozone/integration-test/target/test-dir/MiniOzoneClusterImpl-977364ef-3bcb-48d3-9f9f-52826038909b/datanode-1/data-0/containers/hdds of storage type : DISK capacity : 9223372036854775807
2024-01-24 13:21:49,350 [main] INFO  volume.MutableVolumeSet (MutableVolumeSet.java:initializeVolumeSet(173)) - Added Volume : /home/runner/work/ozone/ozone/hadoop-ozone/integration-test/target/test-dir/MiniOzoneClusterImpl-977364ef-3bcb-48d3-9f9f-52826038909b/datanode-1/data-0/containers/hdds to VolumeSet
2024-01-24 13:21:49,351 [main] INFO  volume.MutableVolumeSet (MutableVolumeSet.java:initializeVolumeSet(173)) - Added Volume : /home/runner/work/ozone/ozone/hadoop-ozone/integration-test/target/test-dir/MiniOzoneClusterImpl-977364ef-3bcb-48d3-9f9f-52826038909b/datanode-1/data/ratis to VolumeSet
2024-01-24 13:21:49,352 [main] INFO  ozoneimpl.OzoneContainer (HddsVolumeUtil.java:loadAllHddsVolumeDbStore(103)) - Load 1 volumes DbStore cost: 1ms
2024-01-24 13:21:49,352 [8ca4a470-ffd7-4121-87b3-5ed67d6215df-ContainerReader-0] INFO  ozoneimpl.ContainerReader (ContainerReader.java:readVolume(178)) - Finish verifying containers on volume /home/runner/work/ozone/ozone/hadoop-ozone/integration-test/target/test-dir/MiniOzoneClusterImpl-977364ef-3bcb-48d3-9f9f-52826038909b/datanode-1/data-0/containers/hdds
2024-01-24 13:21:49,354 [main] INFO  ozoneimpl.OzoneContainer (OzoneContainer.java:buildContainerSet(328)) - Build ContainerSet costs 0s
2024-01-24 13:21:49,361 [main] INFO  server.RaftServer (ConfUtils.java:logGet(46)) - raft.rpc.type = GRPC (default)
2024-01-24 13:21:49,362 [main] INFO  grpc.GrpcConfigKeys (ConfUtils.java:logFallback(53)) - raft.grpc.admin.host = null (fallback to raft.grpc.server.host)
2024-01-24 13:21:49,362 [main] INFO  grpc.GrpcConfigKeys (ConfUtils.java:logGet(46)) - raft.grpc.admin.port = 15022 (custom)
2024-01-24 13:21:49,362 [main] INFO  grpc.GrpcConfigKeys (ConfUtils.java:logFallback(53)) - raft.grpc.client.host = null (fallback to raft.grpc.server.host)
2024-01-24 13:21:49,362 [main] INFO  grpc.GrpcConfigKeys (ConfUtils.java:logGet(46)) - raft.grpc.client.port = 15021 (custom)
2024-01-24 13:21:49,362 [main] INFO  grpc.GrpcConfigKeys (ConfUtils.java:logGet(46)) - raft.grpc.server.host = null (default)
2024-01-24 13:21:49,362 [main] INFO  grpc.GrpcConfigKeys (ConfUtils.java:logGet(46)) - raft.grpc.server.port = 15023 (custom)
2024-01-24 13:21:49,363 [main] INFO  server.GrpcService (ConfUtils.java:logGet(46)) - raft.grpc.message.size.max = 32MB (=33554432) (custom)
2024-01-24 13:21:49,363 [main] INFO  server.RaftServerConfigKeys (ConfUtils.java:logGet(46)) - raft.server.log.appender.buffer.byte-limit = 8388608 (custom)
2024-01-24 13:21:49,363 [main] INFO  server.GrpcService (ConfUtils.java:logGet(46)) - raft.grpc.flow.control.window = 5MB (=5242880) (custom)
2024-01-24 13:21:49,363 [main] INFO  server.RaftServerConfigKeys (ConfUtils.java:logGet(46)) - raft.server.rpc.request.timeout = 60s (custom)
2024-01-24 13:21:49,363 [main] INFO  grpc.GrpcConfigKeys (ConfUtils.java:logGet(46)) - raft.grpc.server.heartbeat.channel = true (default)
2024-01-24 13:21:49,363 [main] INFO  grpc.GrpcConfigKeys (ConfUtils.java:logGet(46)) - raft.grpc.server.async.request.thread.pool.cached = true (default)
2024-01-24 13:21:49,364 [main] INFO  grpc.GrpcConfigKeys (ConfUtils.java:logGet(46)) - raft.grpc.server.async.request.thread.pool.size = 32 (default)
2024-01-24 13:21:49,365 [main] INFO  impl.DataStreamServerImpl (ConfUtils.java:logGet(46)) - raft.datastream.type = NETTY (custom)
2024-01-24 13:21:49,366 [main] INFO  server.RaftServerConfigKeys (ConfUtils.java:logGet(46)) - raft.server.data-stream.async.request.thread.pool.cached = false (default)
2024-01-24 13:21:49,366 [main] INFO  server.RaftServerConfigKeys (ConfUtils.java:logGet(46)) - raft.server.data-stream.async.request.thread.pool.size = 20 (custom)
2024-01-24 13:21:49,366 [main] INFO  server.RaftServerConfigKeys (ConfUtils.java:logGet(46)) - raft.server.data-stream.async.write.thread.pool.size = 16 (default)
2024-01-24 13:21:49,366 [main] INFO  netty.NettyConfigKeys$DataStream (ConfUtils.java:logGet(46)) - raft.netty.dataStream.server.channel.inactive.grace-period = 10min (default)
2024-01-24 13:21:49,366 [main] INFO  server.RaftServerConfigKeys (ConfUtils.java:logGet(46)) - raft.server.data-stream.client.pool.size = 10 (default)
2024-01-24 13:21:49,367 [main] INFO  netty.NettyConfigKeys$DataStream (ConfUtils.java:logGet(46)) - raft.netty.dataStream.server.use-epoll = true (default)
2024-01-24 13:21:49,367 [main] INFO  netty.NettyConfigKeys$DataStream (ConfUtils.java:logGet(46)) - raft.netty.dataStream.server.boss-group.size = 0 (default)
2024-01-24 13:21:49,367 [main] INFO  netty.NettyUtils (NettyUtils.java:newEventLoopGroup(69)) - Create EpollEventLoopGroup for 8ca4a470-ffd7-4121-87b3-5ed67d6215df-NettyServerStreamRpc-bossGroup; Thread size is 0.
2024-01-24 13:21:49,367 [main] INFO  netty.NettyConfigKeys$DataStream (ConfUtils.java:logGet(46)) - raft.netty.dataStream.server.worker-group.size = 0 (default)
2024-01-24 13:21:49,367 [main] INFO  netty.NettyUtils (NettyUtils.java:newEventLoopGroup(69)) - Create EpollEventLoopGroup for 8ca4a470-ffd7-4121-87b3-5ed67d6215df-NettyServerStreamRpc-workerGroup; Thread size is 0.
2024-01-24 13:21:49,368 [main] INFO  netty.NettyConfigKeys$DataStream (ConfUtils.java:logGet(46)) - raft.netty.dataStream.server.tls.conf = null (default)
2024-01-24 13:21:49,368 [main] INFO  netty.NettyConfigKeys$DataStream (ConfUtils.java:logGet(46)) - raft.netty.dataStream.host = null (default)
2024-01-24 13:21:49,368 [main] INFO  netty.NettyConfigKeys$DataStream (ConfUtils.java:logGet(46)) - raft.netty.dataStream.port = 15024 (custom)
2024-01-24 13:21:49,369 [main] INFO  server.RaftServerConfigKeys (ConfUtils.java:logGet(46)) - raft.server.sleep.deviation.threshold = 300ms (default)
2024-01-24 13:21:49,370 [main] INFO  server.RaftServerConfigKeys (ConfUtils.java:logGet(46)) - raft.server.close.threshold = 60s (default)
2024-01-24 13:21:49,370 [8ca4a470-ffd7-4121-87b3-5ed67d6215df-NettyServerStreamRpc-bossGroup--thread1] INFO  logging.LoggingHandler (AbstractInternalLogger.java:log(148)) - [id: 0x67e92f4f] REGISTERED
2024-01-24 13:21:49,370 [main] INFO  server.RaftServerConfigKeys (ConfUtils.java:logGet(46)) - raft.server.leaderelection.leader.step-down.wait-time = 10s (default)
2024-01-24 13:21:49,370 [8ca4a470-ffd7-4121-87b3-5ed67d6215df-NettyServerStreamRpc-bossGroup--thread1] INFO  logging.LoggingHandler (AbstractInternalLogger.java:log(148)) - [id: 0x67e92f4f] BIND: 0.0.0.0/0.0.0.0:15024
2024-01-24 13:21:49,371 [main] INFO  server.RaftServerConfigKeys (ConfUtils.java:logGet(46)) - raft.server.storage.dir = [/home/runner/work/ozone/ozone/hadoop-ozone/integration-test/target/test-dir/MiniOzoneClusterImpl-977364ef-3bcb-48d3-9f9f-52826038909b/datanode-1/data/ratis] (custom)
2024-01-24 13:21:49,371 [8ca4a470-ffd7-4121-87b3-5ed67d6215df-NettyServerStreamRpc-bossGroup--thread1] INFO  logging.LoggingHandler (AbstractInternalLogger.java:log(148)) - [id: 0x67e92f4f, L:/0.0.0.0:15024] ACTIVE
2024-01-24 13:21:49,371 [main] INFO  server.RaftServerConfigKeys (ConfUtils.java:logGet(46)) - raft.server.threadpool.proxy.cached = true (default)
2024-01-24 13:21:49,371 [main] INFO  server.RaftServerConfigKeys (ConfUtils.java:logGet(46)) - raft.server.threadpool.proxy.size = 0 (default)
2024-01-24 13:21:49,375 [8ca4a470-ffd7-4121-87b3-5ed67d6215df-impl-thread1] INFO  server.RaftServer (RaftServerProxy.java:initGroupDir(264)) - 8ca4a470-ffd7-4121-87b3-5ed67d6215df: found a subdirectory /home/runner/work/ozone/ozone/hadoop-ozone/integration-test/target/test-dir/MiniOzoneClusterImpl-977364ef-3bcb-48d3-9f9f-52826038909b/datanode-1/data/ratis/tmp
2024-01-24 13:21:49,375 [8ca4a470-ffd7-4121-87b3-5ed67d6215df-impl-thread1] INFO  server.RaftServer (RaftServerProxy.java:initGroupDir(269)) - 8ca4a470-ffd7-4121-87b3-5ed67d6215df: The directory /home/runner/work/ozone/ozone/hadoop-ozone/integration-test/target/test-dir/MiniOzoneClusterImpl-977364ef-3bcb-48d3-9f9f-52826038909b/datanode-1/data/ratis/tmp is not a group directory; ignoring it. 
2024-01-24 13:21:49,376 [main] INFO  replication.ReplicationServer (ReplicationServer.java:<init>(85)) - Initializing replication server with thread count = 10 queue length = 4096
2024-01-24 13:21:49,377 [main] INFO  server.XceiverServerGrpc (XceiverServerGrpc.java:<init>(141)) - GrpcServer channel type EpollServerSocketChannel
2024-01-24 13:21:49,381 [main] INFO  replication.ReplicationSupervisor (ReplicationSupervisor.java:build(163)) - Initializing replication supervisor with thread count = 10
2024-01-24 13:21:49,381 [main] INFO  replication.ReplicationSupervisor (ReplicationSupervisor.java:nodeStateUpdated(317)) - Node state updated to IN_SERVICE, scaling executor pool size to 10
2024-01-24 13:21:49,385 [main] INFO  http.BaseHttpServer (BaseHttpServer.java:newHttpServer2BuilderForOzone(223)) - Starting Web-server for hddsDatanode at: http://0.0.0.0:15018
2024-01-24 13:21:49,385 [main] INFO  http.BaseHttpServer (BaseHttpServer.java:<init>(110)) - Hadoop Security Enabled: false Ozone Security Enabled: false Ozone HTTP Security Enabled: false 
2024-01-24 13:21:49,388 [main] WARN  server.AuthenticationFilter (AuthenticationFilter.java:constructSecretProvider(240)) - Unable to initialize FileSignerSecretProvider, falling back to use random secrets. Reason: Could not read signature secret file: /home/runner/hadoop-http-auth-signature-secret
2024-01-24 13:21:49,388 [main] INFO  http.HttpRequestLog (HttpRequestLog.java:getRequestLog(86)) - Http request log for http.requests.hddsDatanode is not defined
2024-01-24 13:21:49,392 [main] INFO  http.HttpServer2 (HttpServer2.java:addGlobalFilter(1036)) - Added global filter 'safety' (class=org.apache.hadoop.hdds.server.http.HttpServer2$QuotingInputFilter)
2024-01-24 13:21:49,393 [main] INFO  http.HttpServer2 (HttpServer2.java:addFilter(1012)) - Added filter static_user_filter (class=org.apache.hadoop.http.lib.StaticUserWebFilter$StaticUserFilter) to context hddsDatanode
2024-01-24 13:21:49,393 [main] INFO  http.HttpServer2 (HttpServer2.java:addFilter(1020)) - Added filter static_user_filter (class=org.apache.hadoop.http.lib.StaticUserWebFilter$StaticUserFilter) to context logs
2024-01-24 13:21:49,393 [main] INFO  http.HttpServer2 (HttpServer2.java:addFilter(1020)) - Added filter static_user_filter (class=org.apache.hadoop.http.lib.StaticUserWebFilter$StaticUserFilter) to context static
2024-01-24 13:21:49,394 [main] INFO  http.BaseHttpServer (BaseHttpServer.java:<init>(189)) - HTTP server of hddsDatanode uses base directory /home/runner/work/ozone/ozone/hadoop-ozone/integration-test/target/test-dir/MiniOzoneClusterImpl-977364ef-3bcb-48d3-9f9f-52826038909b/datanode-1/meta/webserver
2024-01-24 13:21:49,395 [main] INFO  http.HttpServer2 (HttpServer2.java:bindListener(1236)) - Jetty bound to port 15018
2024-01-24 13:21:49,395 [main] INFO  server.Server (Server.java:doStart(375)) - jetty-9.4.53.v20231009; built: 2023-10-09T12:29:09.265Z; git: 27bde00a0b95a1d5bbee0eae7984f891d2d0f8c9; jvm 1.8.0_392-b08
2024-01-24 13:21:49,398 [main] INFO  server.session (DefaultSessionIdManager.java:doStart(334)) - DefaultSessionIdManager workerName=node0
2024-01-24 13:21:49,398 [main] INFO  server.session (DefaultSessionIdManager.java:doStart(339)) - No SessionScavenger set, using defaults
2024-01-24 13:21:49,398 [main] INFO  server.session (HouseKeeper.java:startScavenging(132)) - node0 Scavenging every 660000ms
2024-01-24 13:21:49,399 [main] INFO  handler.ContextHandler (ContextHandler.java:doStart(921)) - Started o.e.j.s.ServletContextHandler@6f951fe4{logs,/logs,file:///home/runner/work/ozone/ozone/hadoop-ozone/integration-test/target/log,AVAILABLE}
2024-01-24 13:21:49,402 [main] INFO  handler.ContextHandler (ContextHandler.java:doStart(921)) - Started o.e.j.s.ServletContextHandler@49c38305{static,/static,jar:file:/home/runner/.m2/repository/org/apache/ozone/hdds-container-service/1.5.0-SNAPSHOT/hdds-container-service-1.5.0-SNAPSHOT.jar!/webapps/static,AVAILABLE}
2024-01-24 13:21:49,425 [6e18b67a-af4b-4b8c-bc51-449eebbe6b79-DatanodeStateMachineTaskThread-0] INFO  datanode.InitDatanodeState (InitDatanodeState.java:persistContainerDatanodeDetails(139)) - DatanodeDetails is persisted to /home/runner/work/ozone/ozone/hadoop-ozone/integration-test/target/test-dir/MiniOzoneClusterImpl-977364ef-3bcb-48d3-9f9f-52826038909b/datanode-0/meta/datanode.id
2024-01-24 13:21:49,440 [main] INFO  handler.ContextHandler (ContextHandler.java:doStart(921)) - Started o.e.j.w.WebAppContext@3b6464d7{hddsDatanode,/,file:///home/runner/work/ozone/ozone/hadoop-ozone/integration-test/target/test-dir/MiniOzoneClusterImpl-977364ef-3bcb-48d3-9f9f-52826038909b/datanode-1/meta/webserver/jetty-0_0_0_0-15018-hdds-container-service-1_5_0-SNAPSHOT_jar-_-any-6559744838411118737/webapp/,AVAILABLE}{jar:file:/home/runner/.m2/repository/org/apache/ozone/hdds-container-service/1.5.0-SNAPSHOT/hdds-container-service-1.5.0-SNAPSHOT.jar!/webapps/hddsDatanode}
2024-01-24 13:21:49,441 [main] INFO  server.AbstractConnector (AbstractConnector.java:doStart(333)) - Started ServerConnector@6cac7310{HTTP/1.1, (http/1.1)}{0.0.0.0:15018}
2024-01-24 13:21:49,441 [main] INFO  server.Server (Server.java:doStart(415)) - Started @7284ms
2024-01-24 13:21:49,442 [main] WARN  impl.MetricsSystemImpl (MetricsSystemImpl.java:register(279)) - Sink prometheus already exists!
2024-01-24 13:21:49,442 [main] INFO  http.BaseHttpServer (BaseHttpServer.java:updateConnectorAddress(354)) - HTTP server of hddsDatanode listening at http://0.0.0.0:15018
2024-01-24 13:21:49,443 [main] INFO  ipc.CallQueueManager (CallQueueManager.java:<init>(90)) - Using callQueue: class java.util.concurrent.LinkedBlockingQueue, queueCapacity: 100, scheduler: class org.apache.hadoop.ipc.DefaultRpcScheduler, ipcBackoff: false.
2024-01-24 13:21:49,443 [main] INFO  ipc.Server (Server.java:<init>(1287)) - Listener at 0.0.0.0:15019
2024-01-24 13:21:49,443 [Socket Reader #1 for port 15019] INFO  ipc.Server (Server.java:run(1323)) - Starting Socket Reader #1 for port 15019
2024-01-24 13:21:49,448 [main] INFO  ozone.HddsDatanodeService (HddsDatanodeService.java:start(324)) - Datanode start with admins: [runner]
2024-01-24 13:21:49,448 [main] INFO  ozone.HddsDatanodeClientProtocolServer (HddsDatanodeClientProtocolServer.java:start(72)) - RPC server for Client /0.0.0.0:15019
2024-01-24 13:21:49,448 [IPC Server Responder] INFO  ipc.Server (Server.java:run(1562)) - IPC Server Responder: starting
2024-01-24 13:21:49,448 [IPC Server listener on 15019] INFO  ipc.Server (Server.java:run(1402)) - IPC Server listener on 15019: starting
2024-01-24 13:21:49,449 [8ca4a470-ffd7-4121-87b3-5ed67d6215df-DatanodeStateMachineDaemonThread] INFO  statemachine.DatanodeStateMachine (DatanodeStateMachine.java:lambda$startDaemon$1(555)) - Ozone container server started.
2024-01-24 13:21:49,449 [main] WARN  dropwizard3.Dm3MetricRegistriesImpl (Dm3MetricRegistriesImpl.java:addReporterRegistration(113)) - New reporters are added after registries were created. Some metrics will be missing from the reporter. Please add reporter before adding any new registry.
2024-01-24 13:21:49,450 [main] WARN  dropwizard3.Dm3MetricRegistriesImpl (Dm3MetricRegistriesImpl.java:addReporterRegistration(113)) - New reporters are added after registries were created. Some metrics will be missing from the reporter. Please add reporter before adding any new registry.
2024-01-24 13:21:49,451 [main] INFO  impl.MetricsSystemImpl (MetricsSystemImpl.java:init(158)) - HddsDatanode metrics system started (again)
2024-01-24 13:21:49,457 [8ca4a470-ffd7-4121-87b3-5ed67d6215df-DatanodeStateMachineTaskThread-0] INFO  datanode.InitDatanodeState (InitDatanodeState.java:persistContainerDatanodeDetails(139)) - DatanodeDetails is persisted to /home/runner/work/ozone/ozone/hadoop-ozone/integration-test/target/test-dir/MiniOzoneClusterImpl-977364ef-3bcb-48d3-9f9f-52826038909b/datanode-1/meta/datanode.id
2024-01-24 13:21:49,465 [main] INFO  ozone.HddsDatanodeService (HddsDatanodeService.java:start(239)) - HddsDatanodeService host:fv-az1248-499.lhg1ljel1gwudbpqdk5ar2pfag.bx.internal.cloudapp.net ip:10.1.0.10
2024-01-24 13:21:49,488 [main] INFO  upgrade.AbstractLayoutVersionManager (AbstractLayoutVersionManager.java:init(83)) - Initializing Layout version manager with metadata layout = HADOOP_PRC_PORTS_IN_DATANODEDETAILS (version = 7), software layout = HADOOP_PRC_PORTS_IN_DATANODEDETAILS (version = 7)
2024-01-24 13:21:49,488 [main] INFO  statemachine.DatanodeStateMachine (DatanodeStateMachine.java:getEndPointTaskThreadPoolSize(299)) - Datanode State Machine Task Thread Pool size 2
2024-01-24 13:21:49,491 [main] INFO  volume.HddsVolume (HddsVolume.java:<init>(125)) - Creating HddsVolume: /home/runner/work/ozone/ozone/hadoop-ozone/integration-test/target/test-dir/MiniOzoneClusterImpl-977364ef-3bcb-48d3-9f9f-52826038909b/datanode-2/data-0/containers/hdds of storage type : DISK capacity : 9223372036854775807
2024-01-24 13:21:49,491 [main] INFO  volume.MutableVolumeSet (MutableVolumeSet.java:initializeVolumeSet(173)) - Added Volume : /home/runner/work/ozone/ozone/hadoop-ozone/integration-test/target/test-dir/MiniOzoneClusterImpl-977364ef-3bcb-48d3-9f9f-52826038909b/datanode-2/data-0/containers/hdds to VolumeSet
2024-01-24 13:21:49,493 [main] INFO  volume.MutableVolumeSet (MutableVolumeSet.java:initializeVolumeSet(173)) - Added Volume : /home/runner/work/ozone/ozone/hadoop-ozone/integration-test/target/test-dir/MiniOzoneClusterImpl-977364ef-3bcb-48d3-9f9f-52826038909b/datanode-2/data/ratis to VolumeSet
2024-01-24 13:21:49,493 [main] INFO  ozoneimpl.OzoneContainer (HddsVolumeUtil.java:loadAllHddsVolumeDbStore(103)) - Load 1 volumes DbStore cost: 0ms
2024-01-24 13:21:49,493 [9068a27b-4a68-4e87-8ec4-c4f6bb80632a-ContainerReader-0] INFO  ozoneimpl.ContainerReader (ContainerReader.java:readVolume(178)) - Finish verifying containers on volume /home/runner/work/ozone/ozone/hadoop-ozone/integration-test/target/test-dir/MiniOzoneClusterImpl-977364ef-3bcb-48d3-9f9f-52826038909b/datanode-2/data-0/containers/hdds
2024-01-24 13:21:49,494 [main] INFO  ozoneimpl.OzoneContainer (OzoneContainer.java:buildContainerSet(328)) - Build ContainerSet costs 0s
2024-01-24 13:21:49,497 [main] INFO  server.RaftServer (ConfUtils.java:logGet(46)) - raft.rpc.type = GRPC (default)
2024-01-24 13:21:49,497 [main] INFO  grpc.GrpcConfigKeys (ConfUtils.java:logFallback(53)) - raft.grpc.admin.host = null (fallback to raft.grpc.server.host)
2024-01-24 13:21:49,497 [main] INFO  grpc.GrpcConfigKeys (ConfUtils.java:logGet(46)) - raft.grpc.admin.port = 15031 (custom)
2024-01-24 13:21:49,497 [main] INFO  grpc.GrpcConfigKeys (ConfUtils.java:logFallback(53)) - raft.grpc.client.host = null (fallback to raft.grpc.server.host)
2024-01-24 13:21:49,497 [main] INFO  grpc.GrpcConfigKeys (ConfUtils.java:logGet(46)) - raft.grpc.client.port = 15030 (custom)
2024-01-24 13:21:49,498 [main] INFO  grpc.GrpcConfigKeys (ConfUtils.java:logGet(46)) - raft.grpc.server.host = null (default)
2024-01-24 13:21:49,498 [main] INFO  grpc.GrpcConfigKeys (ConfUtils.java:logGet(46)) - raft.grpc.server.port = 15032 (custom)
2024-01-24 13:21:49,498 [main] INFO  server.GrpcService (ConfUtils.java:logGet(46)) - raft.grpc.message.size.max = 32MB (=33554432) (custom)
2024-01-24 13:21:49,498 [main] INFO  server.RaftServerConfigKeys (ConfUtils.java:logGet(46)) - raft.server.log.appender.buffer.byte-limit = 8388608 (custom)
2024-01-24 13:21:49,498 [main] INFO  server.GrpcService (ConfUtils.java:logGet(46)) - raft.grpc.flow.control.window = 5MB (=5242880) (custom)
2024-01-24 13:21:49,498 [main] INFO  server.RaftServerConfigKeys (ConfUtils.java:logGet(46)) - raft.server.rpc.request.timeout = 60s (custom)
2024-01-24 13:21:49,499 [main] INFO  grpc.GrpcConfigKeys (ConfUtils.java:logGet(46)) - raft.grpc.server.heartbeat.channel = true (default)
2024-01-24 13:21:49,499 [main] INFO  grpc.GrpcConfigKeys (ConfUtils.java:logGet(46)) - raft.grpc.server.async.request.thread.pool.cached = true (default)
2024-01-24 13:21:49,499 [main] INFO  grpc.GrpcConfigKeys (ConfUtils.java:logGet(46)) - raft.grpc.server.async.request.thread.pool.size = 32 (default)
2024-01-24 13:21:49,501 [main] INFO  impl.DataStreamServerImpl (ConfUtils.java:logGet(46)) - raft.datastream.type = NETTY (custom)
2024-01-24 13:21:49,502 [main] INFO  server.RaftServerConfigKeys (ConfUtils.java:logGet(46)) - raft.server.data-stream.async.request.thread.pool.cached = false (default)
2024-01-24 13:21:49,502 [main] INFO  server.RaftServerConfigKeys (ConfUtils.java:logGet(46)) - raft.server.data-stream.async.request.thread.pool.size = 20 (custom)
2024-01-24 13:21:49,502 [main] INFO  server.RaftServerConfigKeys (ConfUtils.java:logGet(46)) - raft.server.data-stream.async.write.thread.pool.size = 16 (default)
2024-01-24 13:21:49,502 [main] INFO  netty.NettyConfigKeys$DataStream (ConfUtils.java:logGet(46)) - raft.netty.dataStream.server.channel.inactive.grace-period = 10min (default)
2024-01-24 13:21:49,502 [main] INFO  server.RaftServerConfigKeys (ConfUtils.java:logGet(46)) - raft.server.data-stream.client.pool.size = 10 (default)
2024-01-24 13:21:49,503 [main] INFO  netty.NettyConfigKeys$DataStream (ConfUtils.java:logGet(46)) - raft.netty.dataStream.server.use-epoll = true (default)
2024-01-24 13:21:49,503 [main] INFO  netty.NettyConfigKeys$DataStream (ConfUtils.java:logGet(46)) - raft.netty.dataStream.server.boss-group.size = 0 (default)
2024-01-24 13:21:49,503 [main] INFO  netty.NettyUtils (NettyUtils.java:newEventLoopGroup(69)) - Create EpollEventLoopGroup for 9068a27b-4a68-4e87-8ec4-c4f6bb80632a-NettyServerStreamRpc-bossGroup; Thread size is 0.
2024-01-24 13:21:49,504 [main] INFO  netty.NettyConfigKeys$DataStream (ConfUtils.java:logGet(46)) - raft.netty.dataStream.server.worker-group.size = 0 (default)
2024-01-24 13:21:49,504 [main] INFO  netty.NettyUtils (NettyUtils.java:newEventLoopGroup(69)) - Create EpollEventLoopGroup for 9068a27b-4a68-4e87-8ec4-c4f6bb80632a-NettyServerStreamRpc-workerGroup; Thread size is 0.
2024-01-24 13:21:49,504 [main] INFO  netty.NettyConfigKeys$DataStream (ConfUtils.java:logGet(46)) - raft.netty.dataStream.server.tls.conf = null (default)
2024-01-24 13:21:49,504 [main] INFO  netty.NettyConfigKeys$DataStream (ConfUtils.java:logGet(46)) - raft.netty.dataStream.host = null (default)
2024-01-24 13:21:49,504 [main] INFO  netty.NettyConfigKeys$DataStream (ConfUtils.java:logGet(46)) - raft.netty.dataStream.port = 15033 (custom)
2024-01-24 13:21:49,505 [main] INFO  server.RaftServerConfigKeys (ConfUtils.java:logGet(46)) - raft.server.sleep.deviation.threshold = 300ms (default)
2024-01-24 13:21:49,506 [main] INFO  server.RaftServerConfigKeys (ConfUtils.java:logGet(46)) - raft.server.close.threshold = 60s (default)
2024-01-24 13:21:49,506 [9068a27b-4a68-4e87-8ec4-c4f6bb80632a-NettyServerStreamRpc-bossGroup--thread1] INFO  logging.LoggingHandler (AbstractInternalLogger.java:log(148)) - [id: 0x88f29565] REGISTERED
2024-01-24 13:21:49,506 [main] INFO  server.RaftServerConfigKeys (ConfUtils.java:logGet(46)) - raft.server.leaderelection.leader.step-down.wait-time = 10s (default)
2024-01-24 13:21:49,506 [9068a27b-4a68-4e87-8ec4-c4f6bb80632a-NettyServerStreamRpc-bossGroup--thread1] INFO  logging.LoggingHandler (AbstractInternalLogger.java:log(148)) - [id: 0x88f29565] BIND: 0.0.0.0/0.0.0.0:15033
2024-01-24 13:21:49,507 [main] INFO  server.RaftServerConfigKeys (ConfUtils.java:logGet(46)) - raft.server.storage.dir = [/home/runner/work/ozone/ozone/hadoop-ozone/integration-test/target/test-dir/MiniOzoneClusterImpl-977364ef-3bcb-48d3-9f9f-52826038909b/datanode-2/data/ratis] (custom)
2024-01-24 13:21:49,507 [9068a27b-4a68-4e87-8ec4-c4f6bb80632a-NettyServerStreamRpc-bossGroup--thread1] INFO  logging.LoggingHandler (AbstractInternalLogger.java:log(148)) - [id: 0x88f29565, L:/0.0.0.0:15033] ACTIVE
2024-01-24 13:21:49,507 [main] INFO  server.RaftServerConfigKeys (ConfUtils.java:logGet(46)) - raft.server.threadpool.proxy.cached = true (default)
2024-01-24 13:21:49,507 [main] INFO  server.RaftServerConfigKeys (ConfUtils.java:logGet(46)) - raft.server.threadpool.proxy.size = 0 (default)
2024-01-24 13:21:49,508 [9068a27b-4a68-4e87-8ec4-c4f6bb80632a-impl-thread1] INFO  server.RaftServer (RaftServerProxy.java:initGroupDir(264)) - 9068a27b-4a68-4e87-8ec4-c4f6bb80632a: found a subdirectory /home/runner/work/ozone/ozone/hadoop-ozone/integration-test/target/test-dir/MiniOzoneClusterImpl-977364ef-3bcb-48d3-9f9f-52826038909b/datanode-2/data/ratis/tmp
2024-01-24 13:21:49,508 [9068a27b-4a68-4e87-8ec4-c4f6bb80632a-impl-thread1] INFO  server.RaftServer (RaftServerProxy.java:initGroupDir(269)) - 9068a27b-4a68-4e87-8ec4-c4f6bb80632a: The directory /home/runner/work/ozone/ozone/hadoop-ozone/integration-test/target/test-dir/MiniOzoneClusterImpl-977364ef-3bcb-48d3-9f9f-52826038909b/datanode-2/data/ratis/tmp is not a group directory; ignoring it. 
2024-01-24 13:21:49,508 [main] INFO  replication.ReplicationServer (ReplicationServer.java:<init>(85)) - Initializing replication server with thread count = 10 queue length = 4096
2024-01-24 13:21:49,509 [main] INFO  server.XceiverServerGrpc (XceiverServerGrpc.java:<init>(141)) - GrpcServer channel type EpollServerSocketChannel
2024-01-24 13:21:49,511 [main] INFO  replication.ReplicationSupervisor (ReplicationSupervisor.java:build(163)) - Initializing replication supervisor with thread count = 10
2024-01-24 13:21:49,512 [main] INFO  replication.ReplicationSupervisor (ReplicationSupervisor.java:nodeStateUpdated(317)) - Node state updated to IN_SERVICE, scaling executor pool size to 10
2024-01-24 13:21:49,514 [main] INFO  http.BaseHttpServer (BaseHttpServer.java:newHttpServer2BuilderForOzone(223)) - Starting Web-server for hddsDatanode at: http://0.0.0.0:15027
2024-01-24 13:21:49,514 [main] INFO  http.BaseHttpServer (BaseHttpServer.java:<init>(110)) - Hadoop Security Enabled: false Ozone Security Enabled: false Ozone HTTP Security Enabled: false 
2024-01-24 13:21:49,516 [main] WARN  server.AuthenticationFilter (AuthenticationFilter.java:constructSecretProvider(240)) - Unable to initialize FileSignerSecretProvider, falling back to use random secrets. Reason: Could not read signature secret file: /home/runner/hadoop-http-auth-signature-secret
2024-01-24 13:21:49,516 [main] INFO  http.HttpRequestLog (HttpRequestLog.java:getRequestLog(86)) - Http request log for http.requests.hddsDatanode is not defined
2024-01-24 13:21:49,518 [main] INFO  http.HttpServer2 (HttpServer2.java:addGlobalFilter(1036)) - Added global filter 'safety' (class=org.apache.hadoop.hdds.server.http.HttpServer2$QuotingInputFilter)
2024-01-24 13:21:49,519 [main] INFO  http.HttpServer2 (HttpServer2.java:addFilter(1012)) - Added filter static_user_filter (class=org.apache.hadoop.http.lib.StaticUserWebFilter$StaticUserFilter) to context hddsDatanode
2024-01-24 13:21:49,519 [main] INFO  http.HttpServer2 (HttpServer2.java:addFilter(1020)) - Added filter static_user_filter (class=org.apache.hadoop.http.lib.StaticUserWebFilter$StaticUserFilter) to context static
2024-01-24 13:21:49,519 [main] INFO  http.HttpServer2 (HttpServer2.java:addFilter(1020)) - Added filter static_user_filter (class=org.apache.hadoop.http.lib.StaticUserWebFilter$StaticUserFilter) to context logs
2024-01-24 13:21:49,519 [main] INFO  http.BaseHttpServer (BaseHttpServer.java:<init>(189)) - HTTP server of hddsDatanode uses base directory /home/runner/work/ozone/ozone/hadoop-ozone/integration-test/target/test-dir/MiniOzoneClusterImpl-977364ef-3bcb-48d3-9f9f-52826038909b/datanode-2/meta/webserver
2024-01-24 13:21:49,520 [main] INFO  http.HttpServer2 (HttpServer2.java:bindListener(1236)) - Jetty bound to port 15027
2024-01-24 13:21:49,520 [main] INFO  server.Server (Server.java:doStart(375)) - jetty-9.4.53.v20231009; built: 2023-10-09T12:29:09.265Z; git: 27bde00a0b95a1d5bbee0eae7984f891d2d0f8c9; jvm 1.8.0_392-b08
2024-01-24 13:21:49,522 [main] INFO  server.session (DefaultSessionIdManager.java:doStart(334)) - DefaultSessionIdManager workerName=node0
2024-01-24 13:21:49,522 [main] INFO  server.session (DefaultSessionIdManager.java:doStart(339)) - No SessionScavenger set, using defaults
2024-01-24 13:21:49,522 [main] INFO  server.session (HouseKeeper.java:startScavenging(132)) - node0 Scavenging every 660000ms
2024-01-24 13:21:49,523 [main] INFO  handler.ContextHandler (ContextHandler.java:doStart(921)) - Started o.e.j.s.ServletContextHandler@f0c3808{logs,/logs,file:///home/runner/work/ozone/ozone/hadoop-ozone/integration-test/target/log,AVAILABLE}
2024-01-24 13:21:49,524 [main] INFO  handler.ContextHandler (ContextHandler.java:doStart(921)) - Started o.e.j.s.ServletContextHandler@377425d5{static,/static,jar:file:/home/runner/.m2/repository/org/apache/ozone/hdds-container-service/1.5.0-SNAPSHOT/hdds-container-service-1.5.0-SNAPSHOT.jar!/webapps/static,AVAILABLE}
2024-01-24 13:21:49,558 [main] INFO  handler.ContextHandler (ContextHandler.java:doStart(921)) - Started o.e.j.w.WebAppContext@20833b58{hddsDatanode,/,file:///home/runner/work/ozone/ozone/hadoop-ozone/integration-test/target/test-dir/MiniOzoneClusterImpl-977364ef-3bcb-48d3-9f9f-52826038909b/datanode-2/meta/webserver/jetty-0_0_0_0-15027-hdds-container-service-1_5_0-SNAPSHOT_jar-_-any-7417991959507820077/webapp/,AVAILABLE}{jar:file:/home/runner/.m2/repository/org/apache/ozone/hdds-container-service/1.5.0-SNAPSHOT/hdds-container-service-1.5.0-SNAPSHOT.jar!/webapps/hddsDatanode}
2024-01-24 13:21:49,560 [main] INFO  server.AbstractConnector (AbstractConnector.java:doStart(333)) - Started ServerConnector@7fd8f2c1{HTTP/1.1, (http/1.1)}{0.0.0.0:15027}
2024-01-24 13:21:49,560 [main] INFO  server.Server (Server.java:doStart(415)) - Started @7402ms
2024-01-24 13:21:49,560 [main] WARN  impl.MetricsSystemImpl (MetricsSystemImpl.java:register(279)) - Sink prometheus already exists!
2024-01-24 13:21:49,561 [main] INFO  http.BaseHttpServer (BaseHttpServer.java:updateConnectorAddress(354)) - HTTP server of hddsDatanode listening at http://0.0.0.0:15027
2024-01-24 13:21:49,561 [main] INFO  ipc.CallQueueManager (CallQueueManager.java:<init>(90)) - Using callQueue: class java.util.concurrent.LinkedBlockingQueue, queueCapacity: 100, scheduler: class org.apache.hadoop.ipc.DefaultRpcScheduler, ipcBackoff: false.
2024-01-24 13:21:49,561 [main] INFO  ipc.Server (Server.java:<init>(1287)) - Listener at 0.0.0.0:15028
2024-01-24 13:21:49,562 [Socket Reader #1 for port 15028] INFO  ipc.Server (Server.java:run(1323)) - Starting Socket Reader #1 for port 15028
2024-01-24 13:21:49,565 [main] INFO  ozone.HddsDatanodeService (HddsDatanodeService.java:start(324)) - Datanode start with admins: [runner]
2024-01-24 13:21:49,565 [main] INFO  ozone.HddsDatanodeClientProtocolServer (HddsDatanodeClientProtocolServer.java:start(72)) - RPC server for Client /0.0.0.0:15028
2024-01-24 13:21:49,566 [IPC Server Responder] INFO  ipc.Server (Server.java:run(1562)) - IPC Server Responder: starting
2024-01-24 13:21:49,566 [IPC Server listener on 15028] INFO  ipc.Server (Server.java:run(1402)) - IPC Server listener on 15028: starting
2024-01-24 13:21:49,567 [9068a27b-4a68-4e87-8ec4-c4f6bb80632a-DatanodeStateMachineDaemonThread] INFO  statemachine.DatanodeStateMachine (DatanodeStateMachine.java:lambda$startDaemon$1(555)) - Ozone container server started.
2024-01-24 13:21:49,568 [main] INFO  ozone.MiniOzoneClusterImpl (MiniOzoneClusterImpl.java:lambda$waitForClusterToBeReady$0(229)) - Waiting for nodes to be ready. Got 0 of 3 DN Heartbeats.
2024-01-24 13:21:49,569 [main] INFO  ozone.MiniOzoneClusterImpl (MiniOzoneClusterImpl.java:lambda$waitForClusterToBeReady$0(232)) - Waiting for cluster to exit safe mode
2024-01-24 13:21:49,569 [main] INFO  ozone.MiniOzoneClusterImpl (MiniOzoneClusterImpl.java:lambda$waitForClusterToBeReady$0(234)) - SCM became leader
2024-01-24 13:21:49,579 [9068a27b-4a68-4e87-8ec4-c4f6bb80632a-DatanodeStateMachineTaskThread-0] INFO  datanode.InitDatanodeState (InitDatanodeState.java:persistContainerDatanodeDetails(139)) - DatanodeDetails is persisted to /home/runner/work/ozone/ozone/hadoop-ozone/integration-test/target/test-dir/MiniOzoneClusterImpl-977364ef-3bcb-48d3-9f9f-52826038909b/datanode-2/meta/datanode.id
2024-01-24 13:21:49,704 [omNode-1@group-523986131536-FollowerState] INFO  impl.FollowerState (FollowerState.java:run(143)) - omNode-1@group-523986131536-FollowerState: change to CANDIDATE, lastRpcElapsedTime:1069435436ns, electionTimeout:1067ms
2024-01-24 13:21:49,705 [omNode-1@group-523986131536-FollowerState] INFO  impl.RoleInfo (RoleInfo.java:shutdownFollowerState(110)) - omNode-1: shutdown omNode-1@group-523986131536-FollowerState
2024-01-24 13:21:49,705 [omNode-1@group-523986131536-FollowerState] INFO  server.RaftServer$Division (RaftServerImpl.java:setRole(383)) - omNode-1@group-523986131536: changes role from  FOLLOWER to CANDIDATE at term 0 for changeToCandidate
2024-01-24 13:21:49,708 [omNode-1@group-523986131536-FollowerState] INFO  server.RaftServerConfigKeys (ConfUtils.java:logGet(46)) - raft.server.leaderelection.pre-vote = true (default)
2024-01-24 13:21:49,708 [omNode-1@group-523986131536-FollowerState] INFO  impl.RoleInfo (RoleInfo.java:updateAndGet(139)) - omNode-1: start omNode-1@group-523986131536-LeaderElection1
2024-01-24 13:21:49,713 [omNode-1@group-523986131536-LeaderElection1] INFO  impl.LeaderElection (LeaderElection.java:askForVotes(321)) - omNode-1@group-523986131536-LeaderElection1 PRE_VOTE round 0: submit vote requests at term 0 for -1: peers:[omNode-1|localhost:15007]|listeners:[], old=null
2024-01-24 13:21:49,713 [omNode-1@group-523986131536-LeaderElection1] INFO  impl.LeaderElection (LeaderElection.java:askForVotes(323)) - omNode-1@group-523986131536-LeaderElection1 PRE_VOTE round 0: result PASSED (term=0)
2024-01-24 13:21:49,717 [omNode-1@group-523986131536-LeaderElection1] INFO  impl.LeaderElection (LeaderElection.java:askForVotes(321)) - omNode-1@group-523986131536-LeaderElection1 ELECTION round 0: submit vote requests at term 1 for -1: peers:[omNode-1|localhost:15007]|listeners:[], old=null
2024-01-24 13:21:49,717 [omNode-1@group-523986131536-LeaderElection1] INFO  impl.LeaderElection (LeaderElection.java:askForVotes(323)) - omNode-1@group-523986131536-LeaderElection1 ELECTION round 0: result PASSED (term=1)
2024-01-24 13:21:49,717 [omNode-1@group-523986131536-LeaderElection1] INFO  impl.RoleInfo (RoleInfo.java:shutdownLeaderElection(130)) - omNode-1: shutdown omNode-1@group-523986131536-LeaderElection1
2024-01-24 13:21:49,717 [omNode-1@group-523986131536-LeaderElection1] INFO  server.RaftServer$Division (RaftServerImpl.java:setRole(383)) - omNode-1@group-523986131536: changes role from CANDIDATE to LEADER at term 1 for changeToLeader
2024-01-24 13:21:49,722 [omNode-1@group-523986131536-LeaderElection1] INFO  server.RaftServerConfigKeys (ConfUtils.java:logGet(46)) - raft.server.staging.catchup.gap = 1000 (default)
2024-01-24 13:21:49,725 [omNode-1@group-523986131536-LeaderElection1] INFO  server.RaftServerConfigKeys (ConfUtils.java:logGet(46)) - raft.server.write.element-limit = 4096 (default)
2024-01-24 13:21:49,726 [omNode-1@group-523986131536-LeaderElection1] INFO  server.RaftServerConfigKeys (ConfUtils.java:logGet(46)) - raft.server.write.byte-limit = 64MB (=67108864) (default)
2024-01-24 13:21:49,728 [omNode-1@group-523986131536-LeaderElection1] INFO  server.RaftServerConfigKeys (ConfUtils.java:logGet(46)) - raft.server.watch.timeout = 10s (default)
2024-01-24 13:21:49,729 [omNode-1@group-523986131536-LeaderElection1] INFO  server.RaftServerConfigKeys (ConfUtils.java:logGet(46)) - raft.server.watch.timeout.denomination = 1s (default)
2024-01-24 13:21:49,729 [omNode-1@group-523986131536-LeaderElection1] INFO  server.RaftServerConfigKeys (ConfUtils.java:logGet(46)) - raft.server.watch.element-limit = 65536 (default)
2024-01-24 13:21:49,734 [omNode-1@group-523986131536-LeaderElection1] INFO  server.RaftServerConfigKeys (ConfUtils.java:logGet(46)) - raft.server.read.leader.lease.enabled = false (default)
2024-01-24 13:21:49,736 [omNode-1@group-523986131536-LeaderElection1] INFO  server.RaftServerConfigKeys (ConfUtils.java:logGet(46)) - raft.server.read.leader.lease.timeout.ratio = 0.9 (default)
2024-01-24 13:21:49,736 [omNode-1@group-523986131536-LeaderElection1] INFO  server.RaftServerConfigKeys (ConfUtils.java:logGet(46)) - raft.server.rpc.timeout.min = 1s (custom)
2024-01-24 13:21:49,736 [omNode-1@group-523986131536-LeaderElection1] INFO  server.RaftServerConfigKeys (ConfUtils.java:logGet(46)) - raft.server.write.element-limit = 4096 (default)
2024-01-24 13:21:49,736 [omNode-1@group-523986131536-LeaderElection1] INFO  server.RaftServerConfigKeys (ConfUtils.java:logGet(46)) - raft.server.write.follower.gap.ratio.max = -1.0 (default)
2024-01-24 13:21:49,738 [omNode-1@group-523986131536-LeaderElection1] INFO  impl.RoleInfo (RoleInfo.java:updateAndGet(139)) - omNode-1: start omNode-1@group-523986131536-LeaderStateImpl
2024-01-24 13:21:49,738 [omNode-1@group-523986131536-LeaderElection1] INFO  server.RaftServer$Division (RaftServerImpl.java:setFirstElection(574)) - omNode-1@group-523986131536: set firstElectionSinceStartup to false for becomeLeader
2024-01-24 13:21:49,739 [omNode-1@group-523986131536-LeaderElection1] INFO  server.RaftServer$Division (ServerState.java:setLeader(269)) - omNode-1@group-523986131536: change Leader from null to omNode-1 at term 1 for becomeLeader, leader elected after 1872ms
2024-01-24 13:21:49,764 [omNode-1@group-523986131536-LeaderElection1] INFO  segmented.SegmentedRaftLogWorker (SegmentedRaftLogWorker.java:startLogSegment(430)) - omNode-1@group-523986131536-SegmentedRaftLogWorker: Starting segment from index:0
2024-01-24 13:21:49,776 [omNode-1@group-523986131536-SegmentedRaftLogWorker] INFO  segmented.BufferedWriteChannel (BufferedWriteChannel.java:open(62)) - open log_inprogress_0 at position 0
2024-01-24 13:21:49,783 [omNode-1@group-523986131536-LeaderElection1] INFO  server.RaftServer$Division (ServerState.java:setRaftConf(386)) - omNode-1@group-523986131536: set configuration 0: peers:[omNode-1|localhost:15007]|listeners:[], old=null
2024-01-24 13:21:49,786 [omNode-1@group-523986131536-SegmentedRaftLogWorker] INFO  segmented.SegmentedRaftLogWorker (SegmentedRaftLogWorker.java:execute(634)) - omNode-1@group-523986131536-SegmentedRaftLogWorker: created new log segment /home/runner/work/ozone/ozone/hadoop-ozone/integration-test/target/test-dir/MiniOzoneClusterImpl-977364ef-3bcb-48d3-9f9f-52826038909b/omNode-1/ratis/c9bc4cf4-3bc3-3c60-a66b-523986131536/current/log_inprogress_0
2024-01-24 13:21:49,862 [omNode-1@group-523986131536-StateMachineUpdater] INFO  ratis.OzoneManagerStateMachine (OzoneManagerStateMachine.java:notifyConfigurationChanged(200)) - Received Configuration change notification from Ratis. New Peer list:
[id: "omNode-1"
address: "localhost:15007"
startupRole: FOLLOWER
]
2024-01-24 13:21:49,864 [omNode-1@group-523986131536-StateMachineUpdater] INFO  server.RaftServer$Division (LeaderStateImpl.java:isApplied(320)) - leader is ready since appliedIndex == 0 >= startIndex == 0
2024-01-24 13:21:50,569 [main] INFO  ozone.MiniOzoneClusterImpl (MiniOzoneClusterImpl.java:lambda$waitForClusterToBeReady$0(229)) - Waiting for nodes to be ready. Got 0 of 3 DN Heartbeats.
2024-01-24 13:21:50,570 [main] INFO  ozone.MiniOzoneClusterImpl (MiniOzoneClusterImpl.java:lambda$waitForClusterToBeReady$0(232)) - Waiting for cluster to exit safe mode
2024-01-24 13:21:50,570 [main] INFO  ozone.MiniOzoneClusterImpl (MiniOzoneClusterImpl.java:lambda$waitForClusterToBeReady$0(234)) - SCM became leader
2024-01-24 13:21:51,407 [6e18b67a-af4b-4b8c-bc51-449eebbe6b79-EndpointStateMachineTaskThread-/0.0.0.0:15002-0 ] INFO  utils.DatanodeStoreCache (DatanodeStoreCache.java:addDB(72)) - Added db /home/runner/work/ozone/ozone/hadoop-ozone/integration-test/target/test-dir/MiniOzoneClusterImpl-977364ef-3bcb-48d3-9f9f-52826038909b/datanode-0/data-0/containers/hdds/977364ef-3bcb-48d3-9f9f-52826038909b/DS-05546822-5969-4554-93e2-4231e5a14980/container.db to cache
2024-01-24 13:21:51,407 [6e18b67a-af4b-4b8c-bc51-449eebbe6b79-EndpointStateMachineTaskThread-/0.0.0.0:15002-0 ] INFO  volume.HddsVolume (HddsVolume.java:createDbStore(420)) - SchemaV3 db is created and loaded at /home/runner/work/ozone/ozone/hadoop-ozone/integration-test/target/test-dir/MiniOzoneClusterImpl-977364ef-3bcb-48d3-9f9f-52826038909b/datanode-0/data-0/containers/hdds/977364ef-3bcb-48d3-9f9f-52826038909b/DS-05546822-5969-4554-93e2-4231e5a14980/container.db for volume DS-05546822-5969-4554-93e2-4231e5a14980
2024-01-24 13:21:51,410 [6e18b67a-af4b-4b8c-bc51-449eebbe6b79-EndpointStateMachineTaskThread-/0.0.0.0:15002-0 ] INFO  volume.ThrottledAsyncChecker (ThrottledAsyncChecker.java:schedule(141)) - Scheduling a check for /home/runner/work/ozone/ozone/hadoop-ozone/integration-test/target/test-dir/MiniOzoneClusterImpl-977364ef-3bcb-48d3-9f9f-52826038909b/datanode-0/data-0/containers/hdds
2024-01-24 13:21:51,443 [6e18b67a-af4b-4b8c-bc51-449eebbe6b79-EndpointStateMachineTaskThread-/0.0.0.0:15002-0 ] INFO  volume.StorageVolumeChecker (StorageVolumeChecker.java:checkAllVolumes(218)) - Scheduled health check for volume /home/runner/work/ozone/ozone/hadoop-ozone/integration-test/target/test-dir/MiniOzoneClusterImpl-977364ef-3bcb-48d3-9f9f-52826038909b/datanode-0/data-0/containers/hdds
2024-01-24 13:21:51,445 [6e18b67a-af4b-4b8c-bc51-449eebbe6b79-EndpointStateMachineTaskThread-/0.0.0.0:15002-0 ] INFO  volume.ThrottledAsyncChecker (ThrottledAsyncChecker.java:schedule(141)) - Scheduling a check for /home/runner/work/ozone/ozone/hadoop-ozone/integration-test/target/test-dir/MiniOzoneClusterImpl-977364ef-3bcb-48d3-9f9f-52826038909b/datanode-0/data/ratis
2024-01-24 13:21:51,445 [6e18b67a-af4b-4b8c-bc51-449eebbe6b79-EndpointStateMachineTaskThread-/0.0.0.0:15002-0 ] INFO  volume.StorageVolumeChecker (StorageVolumeChecker.java:checkAllVolumes(218)) - Scheduled health check for volume /home/runner/work/ozone/ozone/hadoop-ozone/integration-test/target/test-dir/MiniOzoneClusterImpl-977364ef-3bcb-48d3-9f9f-52826038909b/datanode-0/data/ratis
2024-01-24 13:21:51,447 [6e18b67a-af4b-4b8c-bc51-449eebbe6b79-EndpointStateMachineTaskThread-/0.0.0.0:15002-0 ] INFO  ozoneimpl.OzoneContainer (OzoneContainer.java:start(457)) - Attempting to start container services.
2024-01-24 13:21:51,449 [6e18b67a-af4b-4b8c-bc51-449eebbe6b79-EndpointStateMachineTaskThread-/0.0.0.0:15002-0 ] INFO  ozoneimpl.OzoneContainer (OzoneContainer.java:startContainerScrub(339)) - Scheduled background container scanners and the on-demand container scanner have been disabled.
2024-01-24 13:21:51,451 [6e18b67a-af4b-4b8c-bc51-449eebbe6b79-EndpointStateMachineTaskThread-/0.0.0.0:15002-0 ] INFO  replication.ReplicationServer (ReplicationServer.java:start(139)) - ReplicationServer is started using port 15016
2024-01-24 13:21:51,451 [6e18b67a-af4b-4b8c-bc51-449eebbe6b79-EndpointStateMachineTaskThread-/0.0.0.0:15002-0 ] INFO  ratis.XceiverServerRatis (XceiverServerRatis.java:start(549)) - Starting XceiverServerRatis 6e18b67a-af4b-4b8c-bc51-449eebbe6b79
2024-01-24 13:21:51,452 [6e18b67a-af4b-4b8c-bc51-449eebbe6b79-EndpointStateMachineTaskThread-/0.0.0.0:15002-0 ] INFO  server.RaftServer (RaftServerProxy.java:startImpl(406)) - 6e18b67a-af4b-4b8c-bc51-449eebbe6b79: start RPC server
2024-01-24 13:21:51,454 [6e18b67a-af4b-4b8c-bc51-449eebbe6b79-EndpointStateMachineTaskThread-/0.0.0.0:15002-0 ] INFO  server.GrpcService (GrpcService.java:startImpl(302)) - 6e18b67a-af4b-4b8c-bc51-449eebbe6b79: GrpcService started, listening on 15012
2024-01-24 13:21:51,456 [6e18b67a-af4b-4b8c-bc51-449eebbe6b79-EndpointStateMachineTaskThread-/0.0.0.0:15002-0 ] INFO  server.GrpcService (GrpcService.java:startImpl(302)) - 6e18b67a-af4b-4b8c-bc51-449eebbe6b79: GrpcService started, listening on 15014
2024-01-24 13:21:51,458 [6e18b67a-af4b-4b8c-bc51-449eebbe6b79-EndpointStateMachineTaskThread-/0.0.0.0:15002-0 ] INFO  server.GrpcService (GrpcService.java:startImpl(302)) - 6e18b67a-af4b-4b8c-bc51-449eebbe6b79: GrpcService started, listening on 15013
2024-01-24 13:21:51,458 [JvmPauseMonitor2] INFO  util.JvmPauseMonitor (JvmPauseMonitor.java:run(146)) - JvmPauseMonitor-6e18b67a-af4b-4b8c-bc51-449eebbe6b79: Started
2024-01-24 13:21:51,459 [6e18b67a-af4b-4b8c-bc51-449eebbe6b79-EndpointStateMachineTaskThread-/0.0.0.0:15002-0 ] INFO  ratis.XceiverServerRatis (XceiverServerRatis.java:getRealPort(575)) - XceiverServerRatis 6e18b67a-af4b-4b8c-bc51-449eebbe6b79 is started using port 15012 for RATIS
2024-01-24 13:21:51,459 [6e18b67a-af4b-4b8c-bc51-449eebbe6b79-EndpointStateMachineTaskThread-/0.0.0.0:15002-0 ] INFO  ratis.XceiverServerRatis (XceiverServerRatis.java:getRealPort(575)) - XceiverServerRatis 6e18b67a-af4b-4b8c-bc51-449eebbe6b79 is started using port 15013 for RATIS_ADMIN
2024-01-24 13:21:51,459 [6e18b67a-af4b-4b8c-bc51-449eebbe6b79-EndpointStateMachineTaskThread-/0.0.0.0:15002-0 ] INFO  ratis.XceiverServerRatis (XceiverServerRatis.java:getRealPort(575)) - XceiverServerRatis 6e18b67a-af4b-4b8c-bc51-449eebbe6b79 is started using port 15014 for RATIS_SERVER
2024-01-24 13:21:51,459 [6e18b67a-af4b-4b8c-bc51-449eebbe6b79-EndpointStateMachineTaskThread-/0.0.0.0:15002-0 ] INFO  ratis.XceiverServerRatis (XceiverServerRatis.java:getRealPort(575)) - XceiverServerRatis 6e18b67a-af4b-4b8c-bc51-449eebbe6b79 is started using port 15015 for RATIS_DATASTREAM
2024-01-24 13:21:51,470 [6e18b67a-af4b-4b8c-bc51-449eebbe6b79-BlockDeletingService#0] INFO  interfaces.ContainerDeletionChoosingPolicyTemplate (ContainerDeletionChoosingPolicyTemplate.java:chooseContainerForBlockDeletion(85)) - Chosen 0/5000 blocks from 0 candidate containers.
2024-01-24 13:21:51,493 [8ca4a470-ffd7-4121-87b3-5ed67d6215df-EndpointStateMachineTaskThread-/0.0.0.0:15002-0 ] INFO  utils.DatanodeStoreCache (DatanodeStoreCache.java:addDB(72)) - Added db /home/runner/work/ozone/ozone/hadoop-ozone/integration-test/target/test-dir/MiniOzoneClusterImpl-977364ef-3bcb-48d3-9f9f-52826038909b/datanode-1/data-0/containers/hdds/977364ef-3bcb-48d3-9f9f-52826038909b/DS-32c90dab-bc90-4060-892e-22ecfbaf7495/container.db to cache
2024-01-24 13:21:51,493 [8ca4a470-ffd7-4121-87b3-5ed67d6215df-EndpointStateMachineTaskThread-/0.0.0.0:15002-0 ] INFO  volume.HddsVolume (HddsVolume.java:createDbStore(420)) - SchemaV3 db is created and loaded at /home/runner/work/ozone/ozone/hadoop-ozone/integration-test/target/test-dir/MiniOzoneClusterImpl-977364ef-3bcb-48d3-9f9f-52826038909b/datanode-1/data-0/containers/hdds/977364ef-3bcb-48d3-9f9f-52826038909b/DS-32c90dab-bc90-4060-892e-22ecfbaf7495/container.db for volume DS-32c90dab-bc90-4060-892e-22ecfbaf7495
2024-01-24 13:21:51,495 [8ca4a470-ffd7-4121-87b3-5ed67d6215df-EndpointStateMachineTaskThread-/0.0.0.0:15002-0 ] INFO  volume.ThrottledAsyncChecker (ThrottledAsyncChecker.java:schedule(141)) - Scheduling a check for /home/runner/work/ozone/ozone/hadoop-ozone/integration-test/target/test-dir/MiniOzoneClusterImpl-977364ef-3bcb-48d3-9f9f-52826038909b/datanode-1/data-0/containers/hdds
2024-01-24 13:21:51,497 [8ca4a470-ffd7-4121-87b3-5ed67d6215df-EndpointStateMachineTaskThread-/0.0.0.0:15002-0 ] INFO  volume.StorageVolumeChecker (StorageVolumeChecker.java:checkAllVolumes(218)) - Scheduled health check for volume /home/runner/work/ozone/ozone/hadoop-ozone/integration-test/target/test-dir/MiniOzoneClusterImpl-977364ef-3bcb-48d3-9f9f-52826038909b/datanode-1/data-0/containers/hdds
2024-01-24 13:21:51,501 [8ca4a470-ffd7-4121-87b3-5ed67d6215df-EndpointStateMachineTaskThread-/0.0.0.0:15002-0 ] INFO  volume.ThrottledAsyncChecker (ThrottledAsyncChecker.java:schedule(141)) - Scheduling a check for /home/runner/work/ozone/ozone/hadoop-ozone/integration-test/target/test-dir/MiniOzoneClusterImpl-977364ef-3bcb-48d3-9f9f-52826038909b/datanode-1/data/ratis
2024-01-24 13:21:51,501 [8ca4a470-ffd7-4121-87b3-5ed67d6215df-EndpointStateMachineTaskThread-/0.0.0.0:15002-0 ] INFO  volume.StorageVolumeChecker (StorageVolumeChecker.java:checkAllVolumes(218)) - Scheduled health check for volume /home/runner/work/ozone/ozone/hadoop-ozone/integration-test/target/test-dir/MiniOzoneClusterImpl-977364ef-3bcb-48d3-9f9f-52826038909b/datanode-1/data/ratis
2024-01-24 13:21:51,502 [8ca4a470-ffd7-4121-87b3-5ed67d6215df-EndpointStateMachineTaskThread-/0.0.0.0:15002-0 ] INFO  ozoneimpl.OzoneContainer (OzoneContainer.java:start(457)) - Attempting to start container services.
2024-01-24 13:21:51,502 [8ca4a470-ffd7-4121-87b3-5ed67d6215df-EndpointStateMachineTaskThread-/0.0.0.0:15002-0 ] INFO  ozoneimpl.OzoneContainer (OzoneContainer.java:startContainerScrub(339)) - Scheduled background container scanners and the on-demand container scanner have been disabled.
2024-01-24 13:21:51,504 [8ca4a470-ffd7-4121-87b3-5ed67d6215df-EndpointStateMachineTaskThread-/0.0.0.0:15002-0 ] INFO  replication.ReplicationServer (ReplicationServer.java:start(139)) - ReplicationServer is started using port 15025
2024-01-24 13:21:51,504 [8ca4a470-ffd7-4121-87b3-5ed67d6215df-EndpointStateMachineTaskThread-/0.0.0.0:15002-0 ] INFO  ratis.XceiverServerRatis (XceiverServerRatis.java:start(549)) - Starting XceiverServerRatis 8ca4a470-ffd7-4121-87b3-5ed67d6215df
2024-01-24 13:21:51,505 [8ca4a470-ffd7-4121-87b3-5ed67d6215df-EndpointStateMachineTaskThread-/0.0.0.0:15002-0 ] INFO  server.RaftServer (RaftServerProxy.java:startImpl(406)) - 8ca4a470-ffd7-4121-87b3-5ed67d6215df: start RPC server
2024-01-24 13:21:51,506 [8ca4a470-ffd7-4121-87b3-5ed67d6215df-EndpointStateMachineTaskThread-/0.0.0.0:15002-0 ] INFO  server.GrpcService (GrpcService.java:startImpl(302)) - 8ca4a470-ffd7-4121-87b3-5ed67d6215df: GrpcService started, listening on 15021
2024-01-24 13:21:51,508 [8ca4a470-ffd7-4121-87b3-5ed67d6215df-EndpointStateMachineTaskThread-/0.0.0.0:15002-0 ] INFO  server.GrpcService (GrpcService.java:startImpl(302)) - 8ca4a470-ffd7-4121-87b3-5ed67d6215df: GrpcService started, listening on 15023
2024-01-24 13:21:51,510 [8ca4a470-ffd7-4121-87b3-5ed67d6215df-EndpointStateMachineTaskThread-/0.0.0.0:15002-0 ] INFO  server.GrpcService (GrpcService.java:startImpl(302)) - 8ca4a470-ffd7-4121-87b3-5ed67d6215df: GrpcService started, listening on 15022
2024-01-24 13:21:51,510 [8ca4a470-ffd7-4121-87b3-5ed67d6215df-EndpointStateMachineTaskThread-/0.0.0.0:15002-0 ] INFO  ratis.XceiverServerRatis (XceiverServerRatis.java:getRealPort(575)) - XceiverServerRatis 8ca4a470-ffd7-4121-87b3-5ed67d6215df is started using port 15021 for RATIS
2024-01-24 13:21:51,510 [8ca4a470-ffd7-4121-87b3-5ed67d6215df-EndpointStateMachineTaskThread-/0.0.0.0:15002-0 ] INFO  ratis.XceiverServerRatis (XceiverServerRatis.java:getRealPort(575)) - XceiverServerRatis 8ca4a470-ffd7-4121-87b3-5ed67d6215df is started using port 15022 for RATIS_ADMIN
2024-01-24 13:21:51,511 [8ca4a470-ffd7-4121-87b3-5ed67d6215df-EndpointStateMachineTaskThread-/0.0.0.0:15002-0 ] INFO  ratis.XceiverServerRatis (XceiverServerRatis.java:getRealPort(575)) - XceiverServerRatis 8ca4a470-ffd7-4121-87b3-5ed67d6215df is started using port 15023 for RATIS_SERVER
2024-01-24 13:21:51,511 [8ca4a470-ffd7-4121-87b3-5ed67d6215df-EndpointStateMachineTaskThread-/0.0.0.0:15002-0 ] INFO  ratis.XceiverServerRatis (XceiverServerRatis.java:getRealPort(575)) - XceiverServerRatis 8ca4a470-ffd7-4121-87b3-5ed67d6215df is started using port 15024 for RATIS_DATASTREAM
2024-01-24 13:21:51,510 [JvmPauseMonitor3] INFO  util.JvmPauseMonitor (JvmPauseMonitor.java:run(146)) - JvmPauseMonitor-8ca4a470-ffd7-4121-87b3-5ed67d6215df: Started
2024-01-24 13:21:51,517 [8ca4a470-ffd7-4121-87b3-5ed67d6215df-BlockDeletingService#0] INFO  interfaces.ContainerDeletionChoosingPolicyTemplate (ContainerDeletionChoosingPolicyTemplate.java:chooseContainerForBlockDeletion(85)) - Chosen 0/5000 blocks from 0 candidate containers.
2024-01-24 13:21:51,570 [main] INFO  ozone.MiniOzoneClusterImpl (MiniOzoneClusterImpl.java:lambda$waitForClusterToBeReady$0(229)) - Waiting for nodes to be ready. Got 0 of 3 DN Heartbeats.
2024-01-24 13:21:51,570 [main] INFO  ozone.MiniOzoneClusterImpl (MiniOzoneClusterImpl.java:lambda$waitForClusterToBeReady$0(232)) - Waiting for cluster to exit safe mode
2024-01-24 13:21:51,570 [main] INFO  ozone.MiniOzoneClusterImpl (MiniOzoneClusterImpl.java:lambda$waitForClusterToBeReady$0(234)) - SCM became leader
2024-01-24 13:21:51,610 [9068a27b-4a68-4e87-8ec4-c4f6bb80632a-EndpointStateMachineTaskThread-/0.0.0.0:15002-0 ] INFO  utils.DatanodeStoreCache (DatanodeStoreCache.java:addDB(72)) - Added db /home/runner/work/ozone/ozone/hadoop-ozone/integration-test/target/test-dir/MiniOzoneClusterImpl-977364ef-3bcb-48d3-9f9f-52826038909b/datanode-2/data-0/containers/hdds/977364ef-3bcb-48d3-9f9f-52826038909b/DS-a797a6a5-77d6-442e-88be-fc1d72ee197d/container.db to cache
2024-01-24 13:21:51,610 [9068a27b-4a68-4e87-8ec4-c4f6bb80632a-EndpointStateMachineTaskThread-/0.0.0.0:15002-0 ] INFO  volume.HddsVolume (HddsVolume.java:createDbStore(420)) - SchemaV3 db is created and loaded at /home/runner/work/ozone/ozone/hadoop-ozone/integration-test/target/test-dir/MiniOzoneClusterImpl-977364ef-3bcb-48d3-9f9f-52826038909b/datanode-2/data-0/containers/hdds/977364ef-3bcb-48d3-9f9f-52826038909b/DS-a797a6a5-77d6-442e-88be-fc1d72ee197d/container.db for volume DS-a797a6a5-77d6-442e-88be-fc1d72ee197d
2024-01-24 13:21:51,613 [9068a27b-4a68-4e87-8ec4-c4f6bb80632a-EndpointStateMachineTaskThread-/0.0.0.0:15002-0 ] INFO  volume.ThrottledAsyncChecker (ThrottledAsyncChecker.java:schedule(141)) - Scheduling a check for /home/runner/work/ozone/ozone/hadoop-ozone/integration-test/target/test-dir/MiniOzoneClusterImpl-977364ef-3bcb-48d3-9f9f-52826038909b/datanode-2/data-0/containers/hdds
2024-01-24 13:21:51,613 [9068a27b-4a68-4e87-8ec4-c4f6bb80632a-EndpointStateMachineTaskThread-/0.0.0.0:15002-0 ] INFO  volume.StorageVolumeChecker (StorageVolumeChecker.java:checkAllVolumes(218)) - Scheduled health check for volume /home/runner/work/ozone/ozone/hadoop-ozone/integration-test/target/test-dir/MiniOzoneClusterImpl-977364ef-3bcb-48d3-9f9f-52826038909b/datanode-2/data-0/containers/hdds
2024-01-24 13:21:51,615 [9068a27b-4a68-4e87-8ec4-c4f6bb80632a-EndpointStateMachineTaskThread-/0.0.0.0:15002-0 ] INFO  volume.ThrottledAsyncChecker (ThrottledAsyncChecker.java:schedule(141)) - Scheduling a check for /home/runner/work/ozone/ozone/hadoop-ozone/integration-test/target/test-dir/MiniOzoneClusterImpl-977364ef-3bcb-48d3-9f9f-52826038909b/datanode-2/data/ratis
2024-01-24 13:21:51,615 [9068a27b-4a68-4e87-8ec4-c4f6bb80632a-EndpointStateMachineTaskThread-/0.0.0.0:15002-0 ] INFO  volume.StorageVolumeChecker (StorageVolumeChecker.java:checkAllVolumes(218)) - Scheduled health check for volume /home/runner/work/ozone/ozone/hadoop-ozone/integration-test/target/test-dir/MiniOzoneClusterImpl-977364ef-3bcb-48d3-9f9f-52826038909b/datanode-2/data/ratis
2024-01-24 13:21:51,616 [9068a27b-4a68-4e87-8ec4-c4f6bb80632a-EndpointStateMachineTaskThread-/0.0.0.0:15002-0 ] INFO  ozoneimpl.OzoneContainer (OzoneContainer.java:start(457)) - Attempting to start container services.
2024-01-24 13:21:51,617 [9068a27b-4a68-4e87-8ec4-c4f6bb80632a-EndpointStateMachineTaskThread-/0.0.0.0:15002-0 ] INFO  ozoneimpl.OzoneContainer (OzoneContainer.java:startContainerScrub(339)) - Scheduled background container scanners and the on-demand container scanner have been disabled.
2024-01-24 13:21:51,618 [9068a27b-4a68-4e87-8ec4-c4f6bb80632a-EndpointStateMachineTaskThread-/0.0.0.0:15002-0 ] INFO  replication.ReplicationServer (ReplicationServer.java:start(139)) - ReplicationServer is started using port 15034
2024-01-24 13:21:51,619 [9068a27b-4a68-4e87-8ec4-c4f6bb80632a-EndpointStateMachineTaskThread-/0.0.0.0:15002-0 ] INFO  ratis.XceiverServerRatis (XceiverServerRatis.java:start(549)) - Starting XceiverServerRatis 9068a27b-4a68-4e87-8ec4-c4f6bb80632a
2024-01-24 13:21:51,620 [9068a27b-4a68-4e87-8ec4-c4f6bb80632a-EndpointStateMachineTaskThread-/0.0.0.0:15002-0 ] INFO  server.RaftServer (RaftServerProxy.java:startImpl(406)) - 9068a27b-4a68-4e87-8ec4-c4f6bb80632a: start RPC server
2024-01-24 13:21:51,621 [9068a27b-4a68-4e87-8ec4-c4f6bb80632a-EndpointStateMachineTaskThread-/0.0.0.0:15002-0 ] INFO  server.GrpcService (GrpcService.java:startImpl(302)) - 9068a27b-4a68-4e87-8ec4-c4f6bb80632a: GrpcService started, listening on 15030
2024-01-24 13:21:51,623 [9068a27b-4a68-4e87-8ec4-c4f6bb80632a-EndpointStateMachineTaskThread-/0.0.0.0:15002-0 ] INFO  server.GrpcService (GrpcService.java:startImpl(302)) - 9068a27b-4a68-4e87-8ec4-c4f6bb80632a: GrpcService started, listening on 15032
2024-01-24 13:21:51,624 [9068a27b-4a68-4e87-8ec4-c4f6bb80632a-EndpointStateMachineTaskThread-/0.0.0.0:15002-0 ] INFO  server.GrpcService (GrpcService.java:startImpl(302)) - 9068a27b-4a68-4e87-8ec4-c4f6bb80632a: GrpcService started, listening on 15031
2024-01-24 13:21:51,625 [9068a27b-4a68-4e87-8ec4-c4f6bb80632a-EndpointStateMachineTaskThread-/0.0.0.0:15002-0 ] INFO  ratis.XceiverServerRatis (XceiverServerRatis.java:getRealPort(575)) - XceiverServerRatis 9068a27b-4a68-4e87-8ec4-c4f6bb80632a is started using port 15030 for RATIS
2024-01-24 13:21:51,625 [JvmPauseMonitor4] INFO  util.JvmPauseMonitor (JvmPauseMonitor.java:run(146)) - JvmPauseMonitor-9068a27b-4a68-4e87-8ec4-c4f6bb80632a: Started
2024-01-24 13:21:51,625 [9068a27b-4a68-4e87-8ec4-c4f6bb80632a-EndpointStateMachineTaskThread-/0.0.0.0:15002-0 ] INFO  ratis.XceiverServerRatis (XceiverServerRatis.java:getRealPort(575)) - XceiverServerRatis 9068a27b-4a68-4e87-8ec4-c4f6bb80632a is started using port 15031 for RATIS_ADMIN
2024-01-24 13:21:51,626 [9068a27b-4a68-4e87-8ec4-c4f6bb80632a-EndpointStateMachineTaskThread-/0.0.0.0:15002-0 ] INFO  ratis.XceiverServerRatis (XceiverServerRatis.java:getRealPort(575)) - XceiverServerRatis 9068a27b-4a68-4e87-8ec4-c4f6bb80632a is started using port 15032 for RATIS_SERVER
2024-01-24 13:21:51,626 [9068a27b-4a68-4e87-8ec4-c4f6bb80632a-EndpointStateMachineTaskThread-/0.0.0.0:15002-0 ] INFO  ratis.XceiverServerRatis (XceiverServerRatis.java:getRealPort(575)) - XceiverServerRatis 9068a27b-4a68-4e87-8ec4-c4f6bb80632a is started using port 15033 for RATIS_DATASTREAM
2024-01-24 13:21:51,629 [9068a27b-4a68-4e87-8ec4-c4f6bb80632a-BlockDeletingService#0] INFO  interfaces.ContainerDeletionChoosingPolicyTemplate (ContainerDeletionChoosingPolicyTemplate.java:chooseContainerForBlockDeletion(85)) - Chosen 0/5000 blocks from 0 candidate containers.
2024-01-24 13:21:52,571 [main] INFO  ozone.MiniOzoneClusterImpl (MiniOzoneClusterImpl.java:lambda$waitForClusterToBeReady$0(229)) - Waiting for nodes to be ready. Got 0 of 3 DN Heartbeats.
2024-01-24 13:21:52,571 [main] INFO  ozone.MiniOzoneClusterImpl (MiniOzoneClusterImpl.java:lambda$waitForClusterToBeReady$0(232)) - Waiting for cluster to exit safe mode
2024-01-24 13:21:52,571 [main] INFO  ozone.MiniOzoneClusterImpl (MiniOzoneClusterImpl.java:lambda$waitForClusterToBeReady$0(234)) - SCM became leader
2024-01-24 13:21:53,352 [IPC Server handler 1 on default port 15002] INFO  net.NetworkTopologyImpl (NetworkTopologyImpl.java:add(124)) - Added a new node: /default-rack/6e18b67a-af4b-4b8c-bc51-449eebbe6b79
2024-01-24 13:21:53,357 [IPC Server handler 1 on default port 15002] INFO  node.SCMNodeManager (SCMNodeManager.java:register(421)) - Registered datanode: 6e18b67a-af4b-4b8c-bc51-449eebbe6b79{ip: 10.1.0.10, host: fv-az1248-499.lhg1ljel1gwudbpqdk5ar2pfag.bx.internal.cloudapp.net, ports: [HTTP=15009, CLIENT_RPC=15010, REPLICATION=15016, RATIS=15012, RATIS_ADMIN=15013, RATIS_SERVER=15014, RATIS_DATASTREAM=15015, STANDALONE=15011], networkLocation: /default-rack, certSerialId: null, persistedOpState: null, persistedOpStateExpiryEpochSec: 0}
2024-01-24 13:21:53,359 [EventQueue-NewNodeForNewNodeHandler] INFO  pipeline.BackgroundPipelineCreator (BackgroundPipelineCreator.java:notifyEventTriggered(280)) - trigger a one-shot run on RatisPipelineUtilsThread.
2024-01-24 13:21:53,363 [EventQueue-NodeRegistrationContainerReportForDataNodeSafeModeRule] INFO  safemode.SCMSafeModeManager (DataNodeSafeModeRule.java:process(71)) - SCM in safe mode. 1 DataNodes registered, 3 required.
2024-01-24 13:21:53,366 [RatisPipelineUtilsThread-0] INFO  pipeline.RatisPipelineProvider (RatisPipelineProvider.java:lambda$create$0(206)) - Sending CreatePipelineCommand for pipeline:PipelineID=87e26897-8ef4-4c51-81ad-bdbeceb78fc1 to datanode:6e18b67a-af4b-4b8c-bc51-449eebbe6b79
2024-01-24 13:21:53,363 [EventQueue-NodeRegistrationContainerReportForContainerSafeModeRule] INFO  safemode.SCMSafeModeManager (SCMSafeModeManager.java:validateSafeModeExitRules(200)) - ContainerSafeModeRule rule is successfully validated
2024-01-24 13:21:53,374 [EventQueue-PipelineReportForOneReplicaPipelineSafeModeRule] INFO  safemode.SCMSafeModeManager (SCMSafeModeManager.java:validateSafeModeExitRules(200)) - AtleastOneDatanodeReportedRule rule is successfully validated
2024-01-24 13:21:53,382 [RatisPipelineUtilsThread-0] INFO  pipeline.BackgroundPipelineCreator (BackgroundPipelineCreator.java:createPipelines(236)) - Created new pipeline Pipeline[ Id: 87e26897-8ef4-4c51-81ad-bdbeceb78fc1, Nodes: 6e18b67a-af4b-4b8c-bc51-449eebbe6b79(fv-az1248-499.lhg1ljel1gwudbpqdk5ar2pfag.bx.internal.cloudapp.net/10.1.0.10), ReplicationConfig: RATIS/ONE, State:ALLOCATED, leaderId:, CreationTimestamp2024-01-24T13:21:53.365Z[Etc/UTC]]
2024-01-24 13:21:53,454 [IPC Server handler 3 on default port 15002] INFO  net.NetworkTopologyImpl (NetworkTopologyImpl.java:add(124)) - Added a new node: /default-rack/8ca4a470-ffd7-4121-87b3-5ed67d6215df
2024-01-24 13:21:53,454 [IPC Server handler 3 on default port 15002] INFO  node.SCMNodeManager (SCMNodeManager.java:register(421)) - Registered datanode: 8ca4a470-ffd7-4121-87b3-5ed67d6215df{ip: 10.1.0.10, host: fv-az1248-499.lhg1ljel1gwudbpqdk5ar2pfag.bx.internal.cloudapp.net, ports: [HTTP=15018, CLIENT_RPC=15019, REPLICATION=15025, RATIS=15021, RATIS_ADMIN=15022, RATIS_SERVER=15023, RATIS_DATASTREAM=15024, STANDALONE=15020], networkLocation: /default-rack, certSerialId: null, persistedOpState: null, persistedOpStateExpiryEpochSec: 0}
2024-01-24 13:21:53,455 [EventQueue-NodeRegistrationContainerReportForDataNodeSafeModeRule] INFO  safemode.SCMSafeModeManager (DataNodeSafeModeRule.java:process(71)) - SCM in safe mode. 2 DataNodes registered, 3 required.
2024-01-24 13:21:53,455 [EventQueue-NewNodeForNewNodeHandler] INFO  pipeline.BackgroundPipelineCreator (BackgroundPipelineCreator.java:notifyEventTriggered(280)) - trigger a one-shot run on RatisPipelineUtilsThread.
2024-01-24 13:21:53,456 [RatisPipelineUtilsThread-0] INFO  pipeline.RatisPipelineProvider (RatisPipelineProvider.java:lambda$create$0(206)) - Sending CreatePipelineCommand for pipeline:PipelineID=a4e7c804-93f9-4684-b915-71a828c408a7 to datanode:8ca4a470-ffd7-4121-87b3-5ed67d6215df
2024-01-24 13:21:53,457 [RatisPipelineUtilsThread-0] INFO  pipeline.BackgroundPipelineCreator (BackgroundPipelineCreator.java:createPipelines(236)) - Created new pipeline Pipeline[ Id: a4e7c804-93f9-4684-b915-71a828c408a7, Nodes: 8ca4a470-ffd7-4121-87b3-5ed67d6215df(fv-az1248-499.lhg1ljel1gwudbpqdk5ar2pfag.bx.internal.cloudapp.net/10.1.0.10), ReplicationConfig: RATIS/ONE, State:ALLOCATED, leaderId:, CreationTimestamp2024-01-24T13:21:53.456Z[Etc/UTC]]
2024-01-24 13:21:53,572 [main] INFO  ozone.MiniOzoneClusterImpl (MiniOzoneClusterImpl.java:lambda$waitForClusterToBeReady$0(229)) - Waiting for nodes to be ready. Got 2 of 3 DN Heartbeats.
2024-01-24 13:21:53,572 [main] INFO  ozone.MiniOzoneClusterImpl (MiniOzoneClusterImpl.java:lambda$waitForClusterToBeReady$0(232)) - Waiting for cluster to exit safe mode
2024-01-24 13:21:53,572 [main] INFO  ozone.MiniOzoneClusterImpl (MiniOzoneClusterImpl.java:lambda$waitForClusterToBeReady$0(234)) - SCM became leader
2024-01-24 13:21:53,577 [IPC Server handler 2 on default port 15002] INFO  net.NetworkTopologyImpl (NetworkTopologyImpl.java:add(124)) - Added a new node: /default-rack/9068a27b-4a68-4e87-8ec4-c4f6bb80632a
2024-01-24 13:21:53,578 [IPC Server handler 2 on default port 15002] INFO  node.SCMNodeManager (SCMNodeManager.java:register(421)) - Registered datanode: 9068a27b-4a68-4e87-8ec4-c4f6bb80632a{ip: 10.1.0.10, host: fv-az1248-499.lhg1ljel1gwudbpqdk5ar2pfag.bx.internal.cloudapp.net, ports: [HTTP=15027, CLIENT_RPC=15028, REPLICATION=15034, RATIS=15030, RATIS_ADMIN=15031, RATIS_SERVER=15032, RATIS_DATASTREAM=15033, STANDALONE=15029], networkLocation: /default-rack, certSerialId: null, persistedOpState: null, persistedOpStateExpiryEpochSec: 0}
2024-01-24 13:21:53,578 [EventQueue-NodeRegistrationContainerReportForDataNodeSafeModeRule] INFO  safemode.SCMSafeModeManager (DataNodeSafeModeRule.java:process(71)) - SCM in safe mode. 3 DataNodes registered, 3 required.
2024-01-24 13:21:53,578 [EventQueue-NewNodeForNewNodeHandler] INFO  pipeline.BackgroundPipelineCreator (BackgroundPipelineCreator.java:notifyEventTriggered(280)) - trigger a one-shot run on RatisPipelineUtilsThread.
2024-01-24 13:21:53,578 [EventQueue-NodeRegistrationContainerReportForDataNodeSafeModeRule] INFO  safemode.SCMSafeModeManager (SCMSafeModeManager.java:validateSafeModeExitRules(200)) - DataNodeSafeModeRule rule is successfully validated
2024-01-24 13:21:53,582 [EventQueue-NodeRegistrationContainerReportForDataNodeSafeModeRule] INFO  safemode.SCMSafeModeManager (SCMSafeModeManager.java:completePreCheck(229)) - All SCM safe mode pre check rules have passed
2024-01-24 13:21:53,582 [EventQueue-NodeRegistrationContainerReportForDataNodeSafeModeRule] INFO  ha.SCMContext (SCMContext.java:updateSafeModeStatus(230)) - Update SafeModeStatus from SafeModeStatus{safeModeStatus=true, preCheckPassed=false} to SafeModeStatus{safeModeStatus=true, preCheckPassed=true}.
2024-01-24 13:21:53,582 [EventQueue-NodeRegistrationContainerReportForDataNodeSafeModeRule] INFO  pipeline.BackgroundPipelineCreator (BackgroundPipelineCreator.java:notifyEventTriggered(280)) - trigger a one-shot run on RatisPipelineUtilsThread.
2024-01-24 13:21:53,583 [RatisPipelineUtilsThread-0] INFO  pipeline.RatisPipelineProvider (RatisPipelineProvider.java:lambda$create$0(206)) - Sending CreatePipelineCommand for pipeline:PipelineID=3e30b18c-0012-4d90-abab-ba8c1dc17efa to datanode:9068a27b-4a68-4e87-8ec4-c4f6bb80632a
2024-01-24 13:21:53,584 [RatisPipelineUtilsThread-0] INFO  pipeline.BackgroundPipelineCreator (BackgroundPipelineCreator.java:createPipelines(236)) - Created new pipeline Pipeline[ Id: 3e30b18c-0012-4d90-abab-ba8c1dc17efa, Nodes: 9068a27b-4a68-4e87-8ec4-c4f6bb80632a(fv-az1248-499.lhg1ljel1gwudbpqdk5ar2pfag.bx.internal.cloudapp.net/10.1.0.10), ReplicationConfig: RATIS/ONE, State:ALLOCATED, leaderId:, CreationTimestamp2024-01-24T13:21:53.583Z[Etc/UTC]]
2024-01-24 13:21:53,588 [RatisPipelineUtilsThread-0] INFO  pipeline.RatisPipelineProvider (RatisPipelineProvider.java:lambda$create$0(206)) - Sending CreatePipelineCommand for pipeline:PipelineID=eec8129e-ea39-4308-b8df-a47c4e6332d7 to datanode:9068a27b-4a68-4e87-8ec4-c4f6bb80632a
2024-01-24 13:21:53,589 [RatisPipelineUtilsThread-0] INFO  pipeline.RatisPipelineProvider (RatisPipelineProvider.java:lambda$create$0(206)) - Sending CreatePipelineCommand for pipeline:PipelineID=eec8129e-ea39-4308-b8df-a47c4e6332d7 to datanode:8ca4a470-ffd7-4121-87b3-5ed67d6215df
2024-01-24 13:21:53,589 [RatisPipelineUtilsThread-0] INFO  pipeline.RatisPipelineProvider (RatisPipelineProvider.java:lambda$create$0(206)) - Sending CreatePipelineCommand for pipeline:PipelineID=eec8129e-ea39-4308-b8df-a47c4e6332d7 to datanode:6e18b67a-af4b-4b8c-bc51-449eebbe6b79
2024-01-24 13:21:53,591 [RatisPipelineUtilsThread-0] INFO  pipeline.BackgroundPipelineCreator (BackgroundPipelineCreator.java:createPipelines(236)) - Created new pipeline Pipeline[ Id: eec8129e-ea39-4308-b8df-a47c4e6332d7, Nodes: 9068a27b-4a68-4e87-8ec4-c4f6bb80632a(fv-az1248-499.lhg1ljel1gwudbpqdk5ar2pfag.bx.internal.cloudapp.net/10.1.0.10)8ca4a470-ffd7-4121-87b3-5ed67d6215df(fv-az1248-499.lhg1ljel1gwudbpqdk5ar2pfag.bx.internal.cloudapp.net/10.1.0.10)6e18b67a-af4b-4b8c-bc51-449eebbe6b79(fv-az1248-499.lhg1ljel1gwudbpqdk5ar2pfag.bx.internal.cloudapp.net/10.1.0.10), ReplicationConfig: RATIS/THREE, State:ALLOCATED, leaderId:, CreationTimestamp2024-01-24T13:21:53.588Z[Etc/UTC]]
2024-01-24 13:21:53,592 [RatisPipelineUtilsThread-0] INFO  pipeline.RatisPipelineProvider (RatisPipelineProvider.java:lambda$create$0(206)) - Sending CreatePipelineCommand for pipeline:PipelineID=d4eb80f3-79ab-401e-91e1-8f81c0d01c8f to datanode:6e18b67a-af4b-4b8c-bc51-449eebbe6b79
2024-01-24 13:21:53,592 [RatisPipelineUtilsThread-0] INFO  pipeline.RatisPipelineProvider (RatisPipelineProvider.java:lambda$create$0(206)) - Sending CreatePipelineCommand for pipeline:PipelineID=d4eb80f3-79ab-401e-91e1-8f81c0d01c8f to datanode:8ca4a470-ffd7-4121-87b3-5ed67d6215df
2024-01-24 13:21:53,592 [RatisPipelineUtilsThread-0] INFO  pipeline.RatisPipelineProvider (RatisPipelineProvider.java:lambda$create$0(206)) - Sending CreatePipelineCommand for pipeline:PipelineID=d4eb80f3-79ab-401e-91e1-8f81c0d01c8f to datanode:9068a27b-4a68-4e87-8ec4-c4f6bb80632a
2024-01-24 13:21:53,594 [RatisPipelineUtilsThread-0] INFO  pipeline.PipelineManagerImpl (PipelineManagerImpl.java:recordMetricsForPipeline(916)) - Pipeline: PipelineID=d4eb80f3-79ab-401e-91e1-8f81c0d01c8f contains same datanodes as previous pipelines: PipelineID=eec8129e-ea39-4308-b8df-a47c4e6332d7 nodeIds: 6e18b67a-af4b-4b8c-bc51-449eebbe6b79, 8ca4a470-ffd7-4121-87b3-5ed67d6215df, 9068a27b-4a68-4e87-8ec4-c4f6bb80632a
2024-01-24 13:21:53,594 [RatisPipelineUtilsThread-0] INFO  pipeline.BackgroundPipelineCreator (BackgroundPipelineCreator.java:createPipelines(236)) - Created new pipeline Pipeline[ Id: d4eb80f3-79ab-401e-91e1-8f81c0d01c8f, Nodes: 6e18b67a-af4b-4b8c-bc51-449eebbe6b79(fv-az1248-499.lhg1ljel1gwudbpqdk5ar2pfag.bx.internal.cloudapp.net/10.1.0.10)8ca4a470-ffd7-4121-87b3-5ed67d6215df(fv-az1248-499.lhg1ljel1gwudbpqdk5ar2pfag.bx.internal.cloudapp.net/10.1.0.10)9068a27b-4a68-4e87-8ec4-c4f6bb80632a(fv-az1248-499.lhg1ljel1gwudbpqdk5ar2pfag.bx.internal.cloudapp.net/10.1.0.10), ReplicationConfig: RATIS/THREE, State:ALLOCATED, leaderId:, CreationTimestamp2024-01-24T13:21:53.592Z[Etc/UTC]]
2024-01-24 13:21:54,572 [main] INFO  ozone.MiniOzoneClusterImpl (MiniOzoneClusterImpl.java:lambda$waitForClusterToBeReady$0(229)) - Nodes are ready. Got 3 of 3 DN Heartbeats.
2024-01-24 13:21:54,573 [main] INFO  ozone.MiniOzoneClusterImpl (MiniOzoneClusterImpl.java:lambda$waitForClusterToBeReady$0(232)) - Waiting for cluster to exit safe mode
2024-01-24 13:21:54,574 [main] INFO  ozone.MiniOzoneClusterImpl (MiniOzoneClusterImpl.java:lambda$waitForClusterToBeReady$0(234)) - SCM became leader
2024-01-24 13:21:55,574 [main] INFO  ozone.MiniOzoneClusterImpl (MiniOzoneClusterImpl.java:lambda$waitForClusterToBeReady$0(229)) - Nodes are ready. Got 3 of 3 DN Heartbeats.
2024-01-24 13:21:55,574 [main] INFO  ozone.MiniOzoneClusterImpl (MiniOzoneClusterImpl.java:lambda$waitForClusterToBeReady$0(232)) - Waiting for cluster to exit safe mode
2024-01-24 13:21:55,574 [main] INFO  ozone.MiniOzoneClusterImpl (MiniOzoneClusterImpl.java:lambda$waitForClusterToBeReady$0(234)) - SCM became leader
2024-01-24 13:21:56,341 [6e18b67a-af4b-4b8c-bc51-449eebbe6b79-PipelineCommandHandlerThread-0] INFO  server.RaftServer (RaftServerProxy.java:addNew(100)) - 6e18b67a-af4b-4b8c-bc51-449eebbe6b79: addNew group-BDBECEB78FC1:[6e18b67a-af4b-4b8c-bc51-449eebbe6b79|10.1.0.10:15014] returns group-BDBECEB78FC1:java.util.concurrent.CompletableFuture@7534d461[Not completed]
2024-01-24 13:21:56,350 [6e18b67a-af4b-4b8c-bc51-449eebbe6b79-groupManagement] INFO  server.RaftServer$Division (RaftServerImpl.java:<init>(256)) - 6e18b67a-af4b-4b8c-bc51-449eebbe6b79: new RaftServerImpl for group-BDBECEB78FC1:[6e18b67a-af4b-4b8c-bc51-449eebbe6b79|10.1.0.10:15014] with ContainerStateMachine:uninitialized
2024-01-24 13:21:56,350 [6e18b67a-af4b-4b8c-bc51-449eebbe6b79-groupManagement] INFO  server.RaftServerConfigKeys (ConfUtils.java:logGet(46)) - raft.server.rpc.timeout.min = 5s (custom)
2024-01-24 13:21:56,350 [6e18b67a-af4b-4b8c-bc51-449eebbe6b79-groupManagement] INFO  server.RaftServerConfigKeys (ConfUtils.java:logGet(46)) - raft.server.rpc.timeout.max = 5200ms (custom)
2024-01-24 13:21:56,350 [6e18b67a-af4b-4b8c-bc51-449eebbe6b79-groupManagement] INFO  server.RaftServerConfigKeys (ConfUtils.java:logGet(46)) - raft.server.rpc.sleep.time = 25ms (default)
2024-01-24 13:21:56,351 [6e18b67a-af4b-4b8c-bc51-449eebbe6b79-groupManagement] INFO  server.RaftServerConfigKeys (ConfUtils.java:logGet(46)) - raft.server.rpc.slowness.timeout = 300s (custom)
2024-01-24 13:21:56,351 [6e18b67a-af4b-4b8c-bc51-449eebbe6b79-groupManagement] INFO  server.RaftServerConfigKeys (ConfUtils.java:logGet(46)) - raft.server.leaderelection.leader.step-down.wait-time = 10s (default)
2024-01-24 13:21:56,351 [6e18b67a-af4b-4b8c-bc51-449eebbe6b79-groupManagement] INFO  server.RaftServerConfigKeys (ConfUtils.java:logGet(46)) - raft.server.leaderelection.member.majority-add = false (default)
2024-01-24 13:21:56,352 [6e18b67a-af4b-4b8c-bc51-449eebbe6b79-groupManagement] INFO  server.RaftServerConfigKeys (ConfUtils.java:logGet(46)) - raft.server.sleep.deviation.threshold = 300ms (default)
2024-01-24 13:21:56,352 [6e18b67a-af4b-4b8c-bc51-449eebbe6b79-groupManagement] INFO  server.RaftServer$Division (ServerState.java:<init>(113)) - 6e18b67a-af4b-4b8c-bc51-449eebbe6b79@group-BDBECEB78FC1: ConfigurationManager, init=-1: peers:[6e18b67a-af4b-4b8c-bc51-449eebbe6b79|10.1.0.10:15014]|listeners:[], old=null, confs=<EMPTY_MAP>
2024-01-24 13:21:56,352 [6e18b67a-af4b-4b8c-bc51-449eebbe6b79-groupManagement] INFO  server.RaftServerConfigKeys (ConfUtils.java:logGet(46)) - raft.server.notification.no-leader.timeout = 300s (custom)
2024-01-24 13:21:56,353 [6e18b67a-af4b-4b8c-bc51-449eebbe6b79-groupManagement] INFO  server.RaftServerConfigKeys (ConfUtils.java:logGet(46)) - raft.server.read.timeout = 10s (default)
2024-01-24 13:21:56,353 [6e18b67a-af4b-4b8c-bc51-449eebbe6b79-groupManagement] INFO  server.RaftServerConfigKeys (ConfUtils.java:logGet(46)) - raft.server.retrycache.expirytime = 600000ms (custom)
2024-01-24 13:21:56,353 [6e18b67a-af4b-4b8c-bc51-449eebbe6b79-groupManagement] INFO  server.RaftServerConfigKeys (ConfUtils.java:logGet(46)) - raft.server.retrycache.statistics.expirytime = 100ms (default)
2024-01-24 13:21:56,353 [6e18b67a-af4b-4b8c-bc51-449eebbe6b79-groupManagement] INFO  server.RaftServerConfigKeys (ConfUtils.java:logGet(46)) - raft.server.read.option = DEFAULT (default)
2024-01-24 13:21:56,353 [6e18b67a-af4b-4b8c-bc51-449eebbe6b79-groupManagement] INFO  server.RaftServerConfigKeys (ConfUtils.java:logGet(46)) - raft.server.read.read-after-write-consistent.write-index-cache.expiry-time = 60s (default)
2024-01-24 13:21:56,359 [6e18b67a-af4b-4b8c-bc51-449eebbe6b79-groupManagement] INFO  server.RaftServerConfigKeys (ConfUtils.java:logGet(46)) - raft.server.rpc.request.timeout = 60s (custom)
2024-01-24 13:21:56,360 [6e18b67a-af4b-4b8c-bc51-449eebbe6b79-groupManagement] INFO  server.RaftServerConfigKeys (ConfUtils.java:logGet(46)) - raft.server.log.appender.install.snapshot.enabled = false (custom)
2024-01-24 13:21:56,360 [6e18b67a-af4b-4b8c-bc51-449eebbe6b79-groupManagement] INFO  server.RaftServerConfigKeys (ConfUtils.java:logGet(46)) - raft.server.threadpool.server.cached = true (default)
2024-01-24 13:21:56,360 [6e18b67a-af4b-4b8c-bc51-449eebbe6b79-groupManagement] INFO  server.RaftServerConfigKeys (ConfUtils.java:logGet(46)) - raft.server.threadpool.server.size = 0 (default)
2024-01-24 13:21:56,360 [6e18b67a-af4b-4b8c-bc51-449eebbe6b79-groupManagement] INFO  server.RaftServerConfigKeys (ConfUtils.java:logGet(46)) - raft.server.threadpool.client.cached = true (default)
2024-01-24 13:21:56,360 [6e18b67a-af4b-4b8c-bc51-449eebbe6b79-groupManagement] INFO  server.RaftServerConfigKeys (ConfUtils.java:logGet(46)) - raft.server.threadpool.client.size = 0 (default)
2024-01-24 13:21:56,360 [6e18b67a-af4b-4b8c-bc51-449eebbe6b79-groupManagement] INFO  server.RaftServerConfigKeys (ConfUtils.java:logGet(46)) - raft.server.storage.free-space.min = 0MB (=0) (default)
2024-01-24 13:21:56,360 [6e18b67a-af4b-4b8c-bc51-449eebbe6b79-groupManagement] INFO  server.RaftServerConfigKeys (ConfUtils.java:logGet(46)) - raft.server.log.corruption.policy = EXCEPTION (default)
2024-01-24 13:21:56,361 [6e18b67a-af4b-4b8c-bc51-449eebbe6b79-groupManagement] INFO  server.RaftServerConfigKeys (ConfUtils.java:logGet(46)) - raft.server.storage.dir = [/home/runner/work/ozone/ozone/hadoop-ozone/integration-test/target/test-dir/MiniOzoneClusterImpl-977364ef-3bcb-48d3-9f9f-52826038909b/datanode-0/data/ratis] (custom)
2024-01-24 13:21:56,361 [6e18b67a-af4b-4b8c-bc51-449eebbe6b79-groupManagement] INFO  storage.RaftStorageDirectory (RaftStorageDirectoryImpl.java:analyzeStorage(138)) - The storage directory /home/runner/work/ozone/ozone/hadoop-ozone/integration-test/target/test-dir/MiniOzoneClusterImpl-977364ef-3bcb-48d3-9f9f-52826038909b/datanode-0/data/ratis/87e26897-8ef4-4c51-81ad-bdbeceb78fc1 does not exist. Creating ...
2024-01-24 13:21:56,363 [6e18b67a-af4b-4b8c-bc51-449eebbe6b79-groupManagement] INFO  storage.RaftStorageDirectory (RaftStorageDirectoryImpl.java:tryLock(228)) - Lock on /home/runner/work/ozone/ozone/hadoop-ozone/integration-test/target/test-dir/MiniOzoneClusterImpl-977364ef-3bcb-48d3-9f9f-52826038909b/datanode-0/data/ratis/87e26897-8ef4-4c51-81ad-bdbeceb78fc1/in_use.lock acquired by nodename 37754@fv-az1248-499
2024-01-24 13:21:56,366 [6e18b67a-af4b-4b8c-bc51-449eebbe6b79-groupManagement] INFO  storage.RaftStorage (RaftStorageImpl.java:format(99)) - Storage directory /home/runner/work/ozone/ozone/hadoop-ozone/integration-test/target/test-dir/MiniOzoneClusterImpl-977364ef-3bcb-48d3-9f9f-52826038909b/datanode-0/data/ratis/87e26897-8ef4-4c51-81ad-bdbeceb78fc1 has been successfully formatted.
2024-01-24 13:21:56,368 [6e18b67a-af4b-4b8c-bc51-449eebbe6b79-groupManagement] WARN  util.FileUtils (LogUtils.java:supplyAndLog(63)) - Failed to Files.newInputStream /home/runner/work/ozone/ozone/hadoop-ozone/integration-test/target/test-dir/MiniOzoneClusterImpl-977364ef-3bcb-48d3-9f9f-52826038909b/datanode-0/data/ratis/87e26897-8ef4-4c51-81ad-bdbeceb78fc1/current/raft-meta.conf with options []: java.nio.file.NoSuchFileException: /home/runner/work/ozone/ozone/hadoop-ozone/integration-test/target/test-dir/MiniOzoneClusterImpl-977364ef-3bcb-48d3-9f9f-52826038909b/datanode-0/data/ratis/87e26897-8ef4-4c51-81ad-bdbeceb78fc1/current/raft-meta.conf
2024-01-24 13:21:56,373 [6e18b67a-af4b-4b8c-bc51-449eebbe6b79-groupManagement] INFO  ratis.ContainerStateMachine (ContainerStateMachine.java:loadSnapshot(287)) - group-BDBECEB78FC1: The snapshot info is null. Setting the last applied index to:(t:0, i:~)
2024-01-24 13:21:56,373 [6e18b67a-af4b-4b8c-bc51-449eebbe6b79-groupManagement] INFO  server.RaftServerConfigKeys (ConfUtils.java:logGet(46)) - raft.server.log.use.memory = false (default)
2024-01-24 13:21:56,373 [6e18b67a-af4b-4b8c-bc51-449eebbe6b79-groupManagement] INFO  server.RaftServerConfigKeys (ConfUtils.java:logGet(46)) - raft.server.log.purge.gap = 1000000 (custom)
2024-01-24 13:21:56,373 [6e18b67a-af4b-4b8c-bc51-449eebbe6b79-groupManagement] INFO  server.RaftServerConfigKeys (ConfUtils.java:logGet(46)) - raft.server.log.appender.buffer.byte-limit = 8388608 (custom)
2024-01-24 13:21:56,373 [6e18b67a-af4b-4b8c-bc51-449eebbe6b79-groupManagement] INFO  server.RaftServerConfigKeys (ConfUtils.java:logGet(46)) - raft.server.log.statemachine.data.read.timeout = 1000ms (default)
2024-01-24 13:21:56,373 [6e18b67a-af4b-4b8c-bc51-449eebbe6b79-groupManagement] INFO  server.RaftServerConfigKeys (ConfUtils.java:logGet(46)) - raft.server.log.purge.preservation.log.num = 0 (default)
2024-01-24 13:21:56,377 [6e18b67a-af4b-4b8c-bc51-449eebbe6b79-groupManagement] INFO  server.RaftServerConfigKeys (ConfUtils.java:logGet(46)) - raft.server.log.segment.size.max = 67108864 (custom)
2024-01-24 13:21:56,377 [6e18b67a-af4b-4b8c-bc51-449eebbe6b79-groupManagement] INFO  server.RaftServerConfigKeys (ConfUtils.java:logGet(46)) - raft.server.log.segment.cache.num.max = 2 (custom)
2024-01-24 13:21:56,377 [6e18b67a-af4b-4b8c-bc51-449eebbe6b79-groupManagement] INFO  server.RaftServerConfigKeys (ConfUtils.java:logGet(46)) - raft.server.log.segment.cache.size.max = 200MB (=209715200) (default)
2024-01-24 13:21:56,377 [6e18b67a-af4b-4b8c-bc51-449eebbe6b79-groupManagement] INFO  server.RaftServerConfigKeys (ConfUtils.java:logGet(46)) - raft.server.log.appender.buffer.byte-limit = 8388608 (custom)
2024-01-24 13:21:56,378 [6e18b67a-af4b-4b8c-bc51-449eebbe6b79-groupManagement] INFO  util.AwaitToRun (AwaitToRun.java:start(81)) - Thread[6e18b67a-af4b-4b8c-bc51-449eebbe6b79@group-BDBECEB78FC1-cacheEviction-AwaitToRun,5,main] started
2024-01-24 13:21:56,378 [6e18b67a-af4b-4b8c-bc51-449eebbe6b79-groupManagement] INFO  segmented.SegmentedRaftLogWorker (SegmentedRaftLogWorker.java:<init>(182)) - new 6e18b67a-af4b-4b8c-bc51-449eebbe6b79@group-BDBECEB78FC1-SegmentedRaftLogWorker for RaftStorageImpl:Storage Directory /home/runner/work/ozone/ozone/hadoop-ozone/integration-test/target/test-dir/MiniOzoneClusterImpl-977364ef-3bcb-48d3-9f9f-52826038909b/datanode-0/data/ratis/87e26897-8ef4-4c51-81ad-bdbeceb78fc1
2024-01-24 13:21:56,378 [6e18b67a-af4b-4b8c-bc51-449eebbe6b79-groupManagement] INFO  server.RaftServerConfigKeys (ConfUtils.java:logGet(46)) - raft.server.log.queue.byte-limit = 4294967296 (custom)
2024-01-24 13:21:56,378 [6e18b67a-af4b-4b8c-bc51-449eebbe6b79-groupManagement] INFO  server.RaftServerConfigKeys (ConfUtils.java:logGet(46)) - raft.server.log.queue.element-limit = 1024 (custom)
2024-01-24 13:21:56,378 [6e18b67a-af4b-4b8c-bc51-449eebbe6b79-groupManagement] INFO  server.RaftServerConfigKeys (ConfUtils.java:logGet(46)) - raft.server.log.segment.size.max = 67108864 (custom)
2024-01-24 13:21:56,378 [6e18b67a-af4b-4b8c-bc51-449eebbe6b79-groupManagement] INFO  server.RaftServerConfigKeys (ConfUtils.java:logGet(46)) - raft.server.log.preallocated.size = 4194304 (custom)
2024-01-24 13:21:56,378 [6e18b67a-af4b-4b8c-bc51-449eebbe6b79-groupManagement] INFO  server.RaftServerConfigKeys (ConfUtils.java:logGet(46)) - raft.server.log.force.sync.num = 128 (default)
2024-01-24 13:21:56,378 [6e18b67a-af4b-4b8c-bc51-449eebbe6b79-groupManagement] INFO  server.RaftServerConfigKeys (ConfUtils.java:logGet(46)) - raft.server.log.statemachine.data.sync = true (default)
2024-01-24 13:21:56,378 [6e18b67a-af4b-4b8c-bc51-449eebbe6b79-groupManagement] INFO  server.RaftServerConfigKeys (ConfUtils.java:logGet(46)) - raft.server.log.statemachine.data.sync.timeout = 10s (default)
2024-01-24 13:21:56,378 [6e18b67a-af4b-4b8c-bc51-449eebbe6b79-groupManagement] INFO  server.RaftServerConfigKeys (ConfUtils.java:logGet(46)) - raft.server.log.statemachine.data.sync.timeout.retry = 0 (custom)
2024-01-24 13:21:56,379 [6e18b67a-af4b-4b8c-bc51-449eebbe6b79-groupManagement] INFO  server.RaftServerConfigKeys (ConfUtils.java:logGet(46)) - raft.server.log.write.buffer.size = 8388616 (custom)
2024-01-24 13:21:56,381 [6e18b67a-af4b-4b8c-bc51-449eebbe6b79-groupManagement] INFO  server.RaftServerConfigKeys (ConfUtils.java:logGet(46)) - raft.server.log.appender.buffer.byte-limit = 8388608 (custom)
2024-01-24 13:21:56,381 [6e18b67a-af4b-4b8c-bc51-449eebbe6b79-groupManagement] INFO  server.RaftServerConfigKeys (ConfUtils.java:logGet(46)) - raft.server.log.unsafe-flush.enabled = false (default)
2024-01-24 13:21:56,381 [6e18b67a-af4b-4b8c-bc51-449eebbe6b79-groupManagement] INFO  server.RaftServerConfigKeys (ConfUtils.java:logGet(46)) - raft.server.log.async-flush.enabled = false (default)
2024-01-24 13:21:56,381 [6e18b67a-af4b-4b8c-bc51-449eebbe6b79-groupManagement] INFO  server.RaftServerConfigKeys (ConfUtils.java:logGet(46)) - raft.server.log.statemachine.data.caching.enabled = true (custom)
2024-01-24 13:21:56,382 [6e18b67a-af4b-4b8c-bc51-449eebbe6b79-groupManagement] INFO  segmented.SegmentedRaftLogWorker (SegmentedRaftLogWorker.java:lambda$new$0(134)) - 6e18b67a-af4b-4b8c-bc51-449eebbe6b79@group-BDBECEB78FC1-SegmentedRaftLogWorker: flushIndex: setUnconditionally 0 -> -1
2024-01-24 13:21:56,382 [6e18b67a-af4b-4b8c-bc51-449eebbe6b79-groupManagement] INFO  segmented.SegmentedRaftLogWorker (SegmentedRaftLogWorker.java:lambda$new$0(134)) - 6e18b67a-af4b-4b8c-bc51-449eebbe6b79@group-BDBECEB78FC1-SegmentedRaftLogWorker: safeCacheEvictIndex: setUnconditionally 0 -> -1
2024-01-24 13:21:56,382 [6e18b67a-af4b-4b8c-bc51-449eebbe6b79-groupManagement] INFO  server.RaftServer$Division (RaftServerImpl.java:start(396)) - 6e18b67a-af4b-4b8c-bc51-449eebbe6b79@group-BDBECEB78FC1: start as a follower, conf=-1: peers:[6e18b67a-af4b-4b8c-bc51-449eebbe6b79|10.1.0.10:15014]|listeners:[], old=null
2024-01-24 13:21:56,382 [6e18b67a-af4b-4b8c-bc51-449eebbe6b79-groupManagement] INFO  server.RaftServer$Division (RaftServerImpl.java:setRole(383)) - 6e18b67a-af4b-4b8c-bc51-449eebbe6b79@group-BDBECEB78FC1: changes role from      null to FOLLOWER at term 0 for startAsFollower
2024-01-24 13:21:56,382 [6e18b67a-af4b-4b8c-bc51-449eebbe6b79-groupManagement] INFO  impl.RoleInfo (RoleInfo.java:updateAndGet(139)) - 6e18b67a-af4b-4b8c-bc51-449eebbe6b79: start 6e18b67a-af4b-4b8c-bc51-449eebbe6b79@group-BDBECEB78FC1-FollowerState
2024-01-24 13:21:56,383 [6e18b67a-af4b-4b8c-bc51-449eebbe6b79@group-BDBECEB78FC1-FollowerState] INFO  server.RaftServerConfigKeys (ConfUtils.java:logFallback(53)) - raft.server.rpc.first-election.timeout.min = 5s (fallback to raft.server.rpc.timeout.min)
2024-01-24 13:21:56,384 [6e18b67a-af4b-4b8c-bc51-449eebbe6b79-groupManagement] INFO  util.JmxRegister (JmxRegister.java:tryRegister(44)) - Successfully registered JMX Bean with object name Ratis:service=RaftServer,group=group-BDBECEB78FC1,id=6e18b67a-af4b-4b8c-bc51-449eebbe6b79
2024-01-24 13:21:56,384 [6e18b67a-af4b-4b8c-bc51-449eebbe6b79@group-BDBECEB78FC1-FollowerState] INFO  server.RaftServerConfigKeys (ConfUtils.java:logFallback(53)) - raft.server.rpc.first-election.timeout.max = 5200ms (fallback to raft.server.rpc.timeout.max)
2024-01-24 13:21:56,384 [6e18b67a-af4b-4b8c-bc51-449eebbe6b79-groupManagement] INFO  server.RaftServerConfigKeys (ConfUtils.java:logGet(46)) - raft.server.snapshot.trigger-when-stop.enabled = true (default)
2024-01-24 13:21:56,384 [6e18b67a-af4b-4b8c-bc51-449eebbe6b79-groupManagement] INFO  server.RaftServerConfigKeys (ConfUtils.java:logGet(46)) - raft.server.snapshot.auto.trigger.enabled = true (custom)
2024-01-24 13:21:56,384 [6e18b67a-af4b-4b8c-bc51-449eebbe6b79-groupManagement] INFO  server.RaftServerConfigKeys (ConfUtils.java:logGet(46)) - raft.server.snapshot.auto.trigger.threshold = 10000 (custom)
2024-01-24 13:21:56,384 [6e18b67a-af4b-4b8c-bc51-449eebbe6b79-groupManagement] INFO  server.RaftServerConfigKeys (ConfUtils.java:logGet(46)) - raft.server.snapshot.retention.file.num = 5 (custom)
2024-01-24 13:21:56,384 [6e18b67a-af4b-4b8c-bc51-449eebbe6b79-groupManagement] INFO  server.RaftServerConfigKeys (ConfUtils.java:logGet(46)) - raft.server.log.purge.upto.snapshot.index = false (default)
2024-01-24 13:21:56,401 [EventQueue-PipelineReportForPipelineReportHandler] INFO  pipeline.PipelineReportHandler (PipelineReportHandler.java:processPipelineReport(136)) - Opened pipeline PipelineID=87e26897-8ef4-4c51-81ad-bdbeceb78fc1
2024-01-24 13:21:56,403 [EventQueue-OpenPipelineForHealthyPipelineSafeModeRule] INFO  safemode.SCMSafeModeManager (HealthyPipelineSafeModeRule.java:process(140)) - SCM in safe mode. Healthy pipelines reported count is 0, required healthy pipeline reported count is 1
2024-01-24 13:21:56,405 [6e18b67a-af4b-4b8c-bc51-449eebbe6b79-PipelineCommandHandlerThread-0] INFO  ratis.XceiverServerRatis (XceiverServerRatis.java:addGroup(842)) - Created group PipelineID=87e26897-8ef4-4c51-81ad-bdbeceb78fc1
2024-01-24 13:21:56,406 [6e18b67a-af4b-4b8c-bc51-449eebbe6b79-PipelineCommandHandlerThread-0] INFO  commandhandler.CreatePipelineCommandHandler (CreatePipelineCommandHandler.java:lambda$handle$2(124)) - Created Pipeline RATIS ONE PipelineID=87e26897-8ef4-4c51-81ad-bdbeceb78fc1.
2024-01-24 13:21:56,406 [6e18b67a-af4b-4b8c-bc51-449eebbe6b79-PipelineCommandHandlerThread-0] INFO  server.RaftServer (RaftServerProxy.java:addNew(100)) - 6e18b67a-af4b-4b8c-bc51-449eebbe6b79: addNew group-A47C4E6332D7:[8ca4a470-ffd7-4121-87b3-5ed67d6215df|10.1.0.10:15023, 6e18b67a-af4b-4b8c-bc51-449eebbe6b79|10.1.0.10:15014, 9068a27b-4a68-4e87-8ec4-c4f6bb80632a|10.1.0.10:15032] returns group-A47C4E6332D7:java.util.concurrent.CompletableFuture@600a68e2[Not completed]
2024-01-24 13:21:56,408 [6e18b67a-af4b-4b8c-bc51-449eebbe6b79-groupManagement] INFO  server.RaftServer$Division (RaftServerImpl.java:<init>(256)) - 6e18b67a-af4b-4b8c-bc51-449eebbe6b79: new RaftServerImpl for group-A47C4E6332D7:[8ca4a470-ffd7-4121-87b3-5ed67d6215df|10.1.0.10:15023, 6e18b67a-af4b-4b8c-bc51-449eebbe6b79|10.1.0.10:15014, 9068a27b-4a68-4e87-8ec4-c4f6bb80632a|10.1.0.10:15032] with ContainerStateMachine:uninitialized
2024-01-24 13:21:56,408 [6e18b67a-af4b-4b8c-bc51-449eebbe6b79-groupManagement] INFO  server.RaftServerConfigKeys (ConfUtils.java:logGet(46)) - raft.server.rpc.timeout.min = 5s (custom)
2024-01-24 13:21:56,408 [6e18b67a-af4b-4b8c-bc51-449eebbe6b79-groupManagement] INFO  server.RaftServerConfigKeys (ConfUtils.java:logGet(46)) - raft.server.rpc.timeout.max = 5200ms (custom)
2024-01-24 13:21:56,408 [6e18b67a-af4b-4b8c-bc51-449eebbe6b79-groupManagement] INFO  server.RaftServerConfigKeys (ConfUtils.java:logGet(46)) - raft.server.rpc.sleep.time = 25ms (default)
2024-01-24 13:21:56,408 [6e18b67a-af4b-4b8c-bc51-449eebbe6b79-groupManagement] INFO  server.RaftServerConfigKeys (ConfUtils.java:logGet(46)) - raft.server.rpc.slowness.timeout = 300s (custom)
2024-01-24 13:21:56,408 [6e18b67a-af4b-4b8c-bc51-449eebbe6b79-groupManagement] INFO  server.RaftServerConfigKeys (ConfUtils.java:logGet(46)) - raft.server.leaderelection.leader.step-down.wait-time = 10s (default)
2024-01-24 13:21:56,408 [6e18b67a-af4b-4b8c-bc51-449eebbe6b79-groupManagement] INFO  server.RaftServerConfigKeys (ConfUtils.java:logGet(46)) - raft.server.leaderelection.member.majority-add = false (default)
2024-01-24 13:21:56,408 [6e18b67a-af4b-4b8c-bc51-449eebbe6b79-groupManagement] INFO  server.RaftServerConfigKeys (ConfUtils.java:logGet(46)) - raft.server.sleep.deviation.threshold = 300ms (default)
2024-01-24 13:21:56,409 [6e18b67a-af4b-4b8c-bc51-449eebbe6b79-groupManagement] INFO  server.RaftServer$Division (ServerState.java:<init>(113)) - 6e18b67a-af4b-4b8c-bc51-449eebbe6b79@group-A47C4E6332D7: ConfigurationManager, init=-1: peers:[8ca4a470-ffd7-4121-87b3-5ed67d6215df|10.1.0.10:15023, 6e18b67a-af4b-4b8c-bc51-449eebbe6b79|10.1.0.10:15014, 9068a27b-4a68-4e87-8ec4-c4f6bb80632a|10.1.0.10:15032]|listeners:[], old=null, confs=<EMPTY_MAP>
2024-01-24 13:21:56,409 [6e18b67a-af4b-4b8c-bc51-449eebbe6b79-groupManagement] INFO  server.RaftServerConfigKeys (ConfUtils.java:logGet(46)) - raft.server.notification.no-leader.timeout = 300s (custom)
2024-01-24 13:21:56,409 [6e18b67a-af4b-4b8c-bc51-449eebbe6b79-groupManagement] INFO  server.RaftServerConfigKeys (ConfUtils.java:logGet(46)) - raft.server.read.timeout = 10s (default)
2024-01-24 13:21:56,409 [6e18b67a-af4b-4b8c-bc51-449eebbe6b79-groupManagement] INFO  server.RaftServerConfigKeys (ConfUtils.java:logGet(46)) - raft.server.retrycache.expirytime = 600000ms (custom)
2024-01-24 13:21:56,409 [6e18b67a-af4b-4b8c-bc51-449eebbe6b79-groupManagement] INFO  server.RaftServerConfigKeys (ConfUtils.java:logGet(46)) - raft.server.retrycache.statistics.expirytime = 100ms (default)
2024-01-24 13:21:56,409 [6e18b67a-af4b-4b8c-bc51-449eebbe6b79-groupManagement] INFO  server.RaftServerConfigKeys (ConfUtils.java:logGet(46)) - raft.server.read.option = DEFAULT (default)
2024-01-24 13:21:56,409 [6e18b67a-af4b-4b8c-bc51-449eebbe6b79-groupManagement] INFO  server.RaftServerConfigKeys (ConfUtils.java:logGet(46)) - raft.server.read.read-after-write-consistent.write-index-cache.expiry-time = 60s (default)
2024-01-24 13:21:56,414 [6e18b67a-af4b-4b8c-bc51-449eebbe6b79-groupManagement] INFO  server.RaftServerConfigKeys (ConfUtils.java:logGet(46)) - raft.server.rpc.request.timeout = 60s (custom)
2024-01-24 13:21:56,414 [6e18b67a-af4b-4b8c-bc51-449eebbe6b79-groupManagement] INFO  server.RaftServerConfigKeys (ConfUtils.java:logGet(46)) - raft.server.log.appender.install.snapshot.enabled = false (custom)
2024-01-24 13:21:56,414 [6e18b67a-af4b-4b8c-bc51-449eebbe6b79-groupManagement] INFO  server.RaftServerConfigKeys (ConfUtils.java:logGet(46)) - raft.server.threadpool.server.cached = true (default)
2024-01-24 13:21:56,415 [6e18b67a-af4b-4b8c-bc51-449eebbe6b79-groupManagement] INFO  server.RaftServerConfigKeys (ConfUtils.java:logGet(46)) - raft.server.threadpool.server.size = 0 (default)
2024-01-24 13:21:56,415 [6e18b67a-af4b-4b8c-bc51-449eebbe6b79-groupManagement] INFO  server.RaftServerConfigKeys (ConfUtils.java:logGet(46)) - raft.server.threadpool.client.cached = true (default)
2024-01-24 13:21:56,415 [6e18b67a-af4b-4b8c-bc51-449eebbe6b79-groupManagement] INFO  server.RaftServerConfigKeys (ConfUtils.java:logGet(46)) - raft.server.threadpool.client.size = 0 (default)
2024-01-24 13:21:56,415 [6e18b67a-af4b-4b8c-bc51-449eebbe6b79-groupManagement] INFO  server.RaftServerConfigKeys (ConfUtils.java:logGet(46)) - raft.server.storage.free-space.min = 0MB (=0) (default)
2024-01-24 13:21:56,415 [6e18b67a-af4b-4b8c-bc51-449eebbe6b79-groupManagement] INFO  server.RaftServerConfigKeys (ConfUtils.java:logGet(46)) - raft.server.log.corruption.policy = EXCEPTION (default)
2024-01-24 13:21:56,415 [6e18b67a-af4b-4b8c-bc51-449eebbe6b79-groupManagement] INFO  server.RaftServerConfigKeys (ConfUtils.java:logGet(46)) - raft.server.storage.dir = [/home/runner/work/ozone/ozone/hadoop-ozone/integration-test/target/test-dir/MiniOzoneClusterImpl-977364ef-3bcb-48d3-9f9f-52826038909b/datanode-0/data/ratis] (custom)
2024-01-24 13:21:56,415 [6e18b67a-af4b-4b8c-bc51-449eebbe6b79-groupManagement] INFO  storage.RaftStorageDirectory (RaftStorageDirectoryImpl.java:analyzeStorage(138)) - The storage directory /home/runner/work/ozone/ozone/hadoop-ozone/integration-test/target/test-dir/MiniOzoneClusterImpl-977364ef-3bcb-48d3-9f9f-52826038909b/datanode-0/data/ratis/eec8129e-ea39-4308-b8df-a47c4e6332d7 does not exist. Creating ...
2024-01-24 13:21:56,417 [6e18b67a-af4b-4b8c-bc51-449eebbe6b79-groupManagement] INFO  storage.RaftStorageDirectory (RaftStorageDirectoryImpl.java:tryLock(228)) - Lock on /home/runner/work/ozone/ozone/hadoop-ozone/integration-test/target/test-dir/MiniOzoneClusterImpl-977364ef-3bcb-48d3-9f9f-52826038909b/datanode-0/data/ratis/eec8129e-ea39-4308-b8df-a47c4e6332d7/in_use.lock acquired by nodename 37754@fv-az1248-499
2024-01-24 13:21:56,418 [6e18b67a-af4b-4b8c-bc51-449eebbe6b79-groupManagement] INFO  storage.RaftStorage (RaftStorageImpl.java:format(99)) - Storage directory /home/runner/work/ozone/ozone/hadoop-ozone/integration-test/target/test-dir/MiniOzoneClusterImpl-977364ef-3bcb-48d3-9f9f-52826038909b/datanode-0/data/ratis/eec8129e-ea39-4308-b8df-a47c4e6332d7 has been successfully formatted.
2024-01-24 13:21:56,418 [6e18b67a-af4b-4b8c-bc51-449eebbe6b79-groupManagement] WARN  util.FileUtils (LogUtils.java:supplyAndLog(63)) - Failed to Files.newInputStream /home/runner/work/ozone/ozone/hadoop-ozone/integration-test/target/test-dir/MiniOzoneClusterImpl-977364ef-3bcb-48d3-9f9f-52826038909b/datanode-0/data/ratis/eec8129e-ea39-4308-b8df-a47c4e6332d7/current/raft-meta.conf with options []: java.nio.file.NoSuchFileException: /home/runner/work/ozone/ozone/hadoop-ozone/integration-test/target/test-dir/MiniOzoneClusterImpl-977364ef-3bcb-48d3-9f9f-52826038909b/datanode-0/data/ratis/eec8129e-ea39-4308-b8df-a47c4e6332d7/current/raft-meta.conf
2024-01-24 13:21:56,419 [6e18b67a-af4b-4b8c-bc51-449eebbe6b79-groupManagement] INFO  ratis.ContainerStateMachine (ContainerStateMachine.java:loadSnapshot(287)) - group-A47C4E6332D7: The snapshot info is null. Setting the last applied index to:(t:0, i:~)
2024-01-24 13:21:56,419 [6e18b67a-af4b-4b8c-bc51-449eebbe6b79-groupManagement] INFO  server.RaftServerConfigKeys (ConfUtils.java:logGet(46)) - raft.server.log.use.memory = false (default)
2024-01-24 13:21:56,419 [6e18b67a-af4b-4b8c-bc51-449eebbe6b79-groupManagement] INFO  server.RaftServerConfigKeys (ConfUtils.java:logGet(46)) - raft.server.log.purge.gap = 1000000 (custom)
2024-01-24 13:21:56,419 [6e18b67a-af4b-4b8c-bc51-449eebbe6b79-groupManagement] INFO  server.RaftServerConfigKeys (ConfUtils.java:logGet(46)) - raft.server.log.appender.buffer.byte-limit = 8388608 (custom)
2024-01-24 13:21:56,419 [6e18b67a-af4b-4b8c-bc51-449eebbe6b79-groupManagement] INFO  server.RaftServerConfigKeys (ConfUtils.java:logGet(46)) - raft.server.log.statemachine.data.read.timeout = 1000ms (default)
2024-01-24 13:21:56,419 [6e18b67a-af4b-4b8c-bc51-449eebbe6b79-groupManagement] INFO  server.RaftServerConfigKeys (ConfUtils.java:logGet(46)) - raft.server.log.purge.preservation.log.num = 0 (default)
2024-01-24 13:21:56,421 [EventQueue-OpenPipelineForHealthyPipelineSafeModeRule] INFO  safemode.SCMSafeModeManager (HealthyPipelineSafeModeRule.java:process(140)) - SCM in safe mode. Healthy pipelines reported count is 0, required healthy pipeline reported count is 1
2024-01-24 13:21:56,427 [6e18b67a-af4b-4b8c-bc51-449eebbe6b79-groupManagement] INFO  server.RaftServerConfigKeys (ConfUtils.java:logGet(46)) - raft.server.log.segment.size.max = 67108864 (custom)
2024-01-24 13:21:56,427 [6e18b67a-af4b-4b8c-bc51-449eebbe6b79-groupManagement] INFO  server.RaftServerConfigKeys (ConfUtils.java:logGet(46)) - raft.server.log.segment.cache.num.max = 2 (custom)
2024-01-24 13:21:56,427 [6e18b67a-af4b-4b8c-bc51-449eebbe6b79-groupManagement] INFO  server.RaftServerConfigKeys (ConfUtils.java:logGet(46)) - raft.server.log.segment.cache.size.max = 200MB (=209715200) (default)
2024-01-24 13:21:56,428 [6e18b67a-af4b-4b8c-bc51-449eebbe6b79-groupManagement] INFO  server.RaftServerConfigKeys (ConfUtils.java:logGet(46)) - raft.server.log.appender.buffer.byte-limit = 8388608 (custom)
2024-01-24 13:21:56,428 [6e18b67a-af4b-4b8c-bc51-449eebbe6b79-groupManagement] INFO  util.AwaitToRun (AwaitToRun.java:start(81)) - Thread[6e18b67a-af4b-4b8c-bc51-449eebbe6b79@group-A47C4E6332D7-cacheEviction-AwaitToRun,5,main] started
2024-01-24 13:21:56,429 [6e18b67a-af4b-4b8c-bc51-449eebbe6b79-groupManagement] INFO  segmented.SegmentedRaftLogWorker (SegmentedRaftLogWorker.java:<init>(182)) - new 6e18b67a-af4b-4b8c-bc51-449eebbe6b79@group-A47C4E6332D7-SegmentedRaftLogWorker for RaftStorageImpl:Storage Directory /home/runner/work/ozone/ozone/hadoop-ozone/integration-test/target/test-dir/MiniOzoneClusterImpl-977364ef-3bcb-48d3-9f9f-52826038909b/datanode-0/data/ratis/eec8129e-ea39-4308-b8df-a47c4e6332d7
2024-01-24 13:21:56,429 [6e18b67a-af4b-4b8c-bc51-449eebbe6b79-groupManagement] INFO  server.RaftServerConfigKeys (ConfUtils.java:logGet(46)) - raft.server.log.queue.byte-limit = 4294967296 (custom)
2024-01-24 13:21:56,429 [6e18b67a-af4b-4b8c-bc51-449eebbe6b79-groupManagement] INFO  server.RaftServerConfigKeys (ConfUtils.java:logGet(46)) - raft.server.log.queue.element-limit = 1024 (custom)
2024-01-24 13:21:56,430 [6e18b67a-af4b-4b8c-bc51-449eebbe6b79-groupManagement] INFO  server.RaftServerConfigKeys (ConfUtils.java:logGet(46)) - raft.server.log.segment.size.max = 67108864 (custom)
2024-01-24 13:21:56,430 [6e18b67a-af4b-4b8c-bc51-449eebbe6b79-groupManagement] INFO  server.RaftServerConfigKeys (ConfUtils.java:logGet(46)) - raft.server.log.preallocated.size = 4194304 (custom)
2024-01-24 13:21:56,430 [6e18b67a-af4b-4b8c-bc51-449eebbe6b79-groupManagement] INFO  server.RaftServerConfigKeys (ConfUtils.java:logGet(46)) - raft.server.log.force.sync.num = 128 (default)
2024-01-24 13:21:56,431 [6e18b67a-af4b-4b8c-bc51-449eebbe6b79-groupManagement] INFO  server.RaftServerConfigKeys (ConfUtils.java:logGet(46)) - raft.server.log.statemachine.data.sync = true (default)
2024-01-24 13:21:56,431 [6e18b67a-af4b-4b8c-bc51-449eebbe6b79-groupManagement] INFO  server.RaftServerConfigKeys (ConfUtils.java:logGet(46)) - raft.server.log.statemachine.data.sync.timeout = 10s (default)
2024-01-24 13:21:56,431 [6e18b67a-af4b-4b8c-bc51-449eebbe6b79-groupManagement] INFO  server.RaftServerConfigKeys (ConfUtils.java:logGet(46)) - raft.server.log.statemachine.data.sync.timeout.retry = 0 (custom)
2024-01-24 13:21:56,432 [6e18b67a-af4b-4b8c-bc51-449eebbe6b79-groupManagement] INFO  server.RaftServerConfigKeys (ConfUtils.java:logGet(46)) - raft.server.log.write.buffer.size = 8388616 (custom)
2024-01-24 13:21:56,434 [6e18b67a-af4b-4b8c-bc51-449eebbe6b79-groupManagement] INFO  server.RaftServerConfigKeys (ConfUtils.java:logGet(46)) - raft.server.log.appender.buffer.byte-limit = 8388608 (custom)
2024-01-24 13:21:56,434 [6e18b67a-af4b-4b8c-bc51-449eebbe6b79-groupManagement] INFO  server.RaftServerConfigKeys (ConfUtils.java:logGet(46)) - raft.server.log.unsafe-flush.enabled = false (default)
2024-01-24 13:21:56,434 [6e18b67a-af4b-4b8c-bc51-449eebbe6b79-groupManagement] INFO  server.RaftServerConfigKeys (ConfUtils.java:logGet(46)) - raft.server.log.async-flush.enabled = false (default)
2024-01-24 13:21:56,434 [6e18b67a-af4b-4b8c-bc51-449eebbe6b79-groupManagement] INFO  server.RaftServerConfigKeys (ConfUtils.java:logGet(46)) - raft.server.log.statemachine.data.caching.enabled = true (custom)
2024-01-24 13:21:56,434 [6e18b67a-af4b-4b8c-bc51-449eebbe6b79-groupManagement] INFO  segmented.SegmentedRaftLogWorker (SegmentedRaftLogWorker.java:lambda$new$0(134)) - 6e18b67a-af4b-4b8c-bc51-449eebbe6b79@group-A47C4E6332D7-SegmentedRaftLogWorker: flushIndex: setUnconditionally 0 -> -1
2024-01-24 13:21:56,434 [6e18b67a-af4b-4b8c-bc51-449eebbe6b79-groupManagement] INFO  segmented.SegmentedRaftLogWorker (SegmentedRaftLogWorker.java:lambda$new$0(134)) - 6e18b67a-af4b-4b8c-bc51-449eebbe6b79@group-A47C4E6332D7-SegmentedRaftLogWorker: safeCacheEvictIndex: setUnconditionally 0 -> -1
2024-01-24 13:21:56,435 [6e18b67a-af4b-4b8c-bc51-449eebbe6b79-groupManagement] INFO  server.RaftServer$Division (RaftServerImpl.java:start(396)) - 6e18b67a-af4b-4b8c-bc51-449eebbe6b79@group-A47C4E6332D7: start as a follower, conf=-1: peers:[8ca4a470-ffd7-4121-87b3-5ed67d6215df|10.1.0.10:15023, 6e18b67a-af4b-4b8c-bc51-449eebbe6b79|10.1.0.10:15014, 9068a27b-4a68-4e87-8ec4-c4f6bb80632a|10.1.0.10:15032]|listeners:[], old=null
2024-01-24 13:21:56,435 [6e18b67a-af4b-4b8c-bc51-449eebbe6b79-groupManagement] INFO  server.RaftServer$Division (RaftServerImpl.java:setRole(383)) - 6e18b67a-af4b-4b8c-bc51-449eebbe6b79@group-A47C4E6332D7: changes role from      null to FOLLOWER at term 0 for startAsFollower
2024-01-24 13:21:56,435 [6e18b67a-af4b-4b8c-bc51-449eebbe6b79-groupManagement] INFO  impl.RoleInfo (RoleInfo.java:updateAndGet(139)) - 6e18b67a-af4b-4b8c-bc51-449eebbe6b79: start 6e18b67a-af4b-4b8c-bc51-449eebbe6b79@group-A47C4E6332D7-FollowerState
2024-01-24 13:21:56,435 [6e18b67a-af4b-4b8c-bc51-449eebbe6b79-groupManagement] INFO  util.JmxRegister (JmxRegister.java:tryRegister(44)) - Successfully registered JMX Bean with object name Ratis:service=RaftServer,group=group-A47C4E6332D7,id=6e18b67a-af4b-4b8c-bc51-449eebbe6b79
2024-01-24 13:21:56,435 [6e18b67a-af4b-4b8c-bc51-449eebbe6b79-groupManagement] INFO  server.RaftServerConfigKeys (ConfUtils.java:logGet(46)) - raft.server.snapshot.trigger-when-stop.enabled = true (default)
2024-01-24 13:21:56,436 [6e18b67a-af4b-4b8c-bc51-449eebbe6b79-groupManagement] INFO  server.RaftServerConfigKeys (ConfUtils.java:logGet(46)) - raft.server.snapshot.auto.trigger.enabled = true (custom)
2024-01-24 13:21:56,436 [6e18b67a-af4b-4b8c-bc51-449eebbe6b79-groupManagement] INFO  server.RaftServerConfigKeys (ConfUtils.java:logGet(46)) - raft.server.snapshot.auto.trigger.threshold = 10000 (custom)
2024-01-24 13:21:56,436 [6e18b67a-af4b-4b8c-bc51-449eebbe6b79-groupManagement] INFO  server.RaftServerConfigKeys (ConfUtils.java:logGet(46)) - raft.server.snapshot.retention.file.num = 5 (custom)
2024-01-24 13:21:56,436 [6e18b67a-af4b-4b8c-bc51-449eebbe6b79-groupManagement] INFO  server.RaftServerConfigKeys (ConfUtils.java:logGet(46)) - raft.server.log.purge.upto.snapshot.index = false (default)
2024-01-24 13:21:56,437 [6e18b67a-af4b-4b8c-bc51-449eebbe6b79@group-A47C4E6332D7-FollowerState] INFO  server.RaftServerConfigKeys (ConfUtils.java:logFallback(53)) - raft.server.rpc.first-election.timeout.min = 5s (fallback to raft.server.rpc.timeout.min)
2024-01-24 13:21:56,437 [6e18b67a-af4b-4b8c-bc51-449eebbe6b79@group-A47C4E6332D7-FollowerState] INFO  server.RaftServerConfigKeys (ConfUtils.java:logFallback(53)) - raft.server.rpc.first-election.timeout.max = 5200ms (fallback to raft.server.rpc.timeout.max)
2024-01-24 13:21:56,437 [6e18b67a-af4b-4b8c-bc51-449eebbe6b79-PipelineCommandHandlerThread-0] INFO  ratis.XceiverServerRatis (XceiverServerRatis.java:addGroup(842)) - Created group PipelineID=eec8129e-ea39-4308-b8df-a47c4e6332d7
2024-01-24 13:21:56,471 [8ca4a470-ffd7-4121-87b3-5ed67d6215df-PipelineCommandHandlerThread-0] INFO  server.RaftServer (RaftServerProxy.java:addNew(100)) - 8ca4a470-ffd7-4121-87b3-5ed67d6215df: addNew group-71A828C408A7:[8ca4a470-ffd7-4121-87b3-5ed67d6215df|10.1.0.10:15023] returns group-71A828C408A7:java.util.concurrent.CompletableFuture@4c476219[Not completed]
2024-01-24 13:21:56,475 [8ca4a470-ffd7-4121-87b3-5ed67d6215df-groupManagement] INFO  server.RaftServer$Division (RaftServerImpl.java:<init>(256)) - 8ca4a470-ffd7-4121-87b3-5ed67d6215df: new RaftServerImpl for group-71A828C408A7:[8ca4a470-ffd7-4121-87b3-5ed67d6215df|10.1.0.10:15023] with ContainerStateMachine:uninitialized
2024-01-24 13:21:56,475 [8ca4a470-ffd7-4121-87b3-5ed67d6215df-groupManagement] INFO  server.RaftServerConfigKeys (ConfUtils.java:logGet(46)) - raft.server.rpc.timeout.min = 5s (custom)
2024-01-24 13:21:56,475 [8ca4a470-ffd7-4121-87b3-5ed67d6215df-groupManagement] INFO  server.RaftServerConfigKeys (ConfUtils.java:logGet(46)) - raft.server.rpc.timeout.max = 5200ms (custom)
2024-01-24 13:21:56,475 [8ca4a470-ffd7-4121-87b3-5ed67d6215df-groupManagement] INFO  server.RaftServerConfigKeys (ConfUtils.java:logGet(46)) - raft.server.rpc.sleep.time = 25ms (default)
2024-01-24 13:21:56,475 [8ca4a470-ffd7-4121-87b3-5ed67d6215df-groupManagement] INFO  server.RaftServerConfigKeys (ConfUtils.java:logGet(46)) - raft.server.rpc.slowness.timeout = 300s (custom)
2024-01-24 13:21:56,475 [8ca4a470-ffd7-4121-87b3-5ed67d6215df-groupManagement] INFO  server.RaftServerConfigKeys (ConfUtils.java:logGet(46)) - raft.server.leaderelection.leader.step-down.wait-time = 10s (default)
2024-01-24 13:21:56,477 [8ca4a470-ffd7-4121-87b3-5ed67d6215df-groupManagement] INFO  server.RaftServerConfigKeys (ConfUtils.java:logGet(46)) - raft.server.leaderelection.member.majority-add = false (default)
2024-01-24 13:21:56,477 [8ca4a470-ffd7-4121-87b3-5ed67d6215df-groupManagement] INFO  server.RaftServerConfigKeys (ConfUtils.java:logGet(46)) - raft.server.sleep.deviation.threshold = 300ms (default)
2024-01-24 13:21:56,477 [8ca4a470-ffd7-4121-87b3-5ed67d6215df-groupManagement] INFO  server.RaftServer$Division (ServerState.java:<init>(113)) - 8ca4a470-ffd7-4121-87b3-5ed67d6215df@group-71A828C408A7: ConfigurationManager, init=-1: peers:[8ca4a470-ffd7-4121-87b3-5ed67d6215df|10.1.0.10:15023]|listeners:[], old=null, confs=<EMPTY_MAP>
2024-01-24 13:21:56,477 [8ca4a470-ffd7-4121-87b3-5ed67d6215df-groupManagement] INFO  server.RaftServerConfigKeys (ConfUtils.java:logGet(46)) - raft.server.notification.no-leader.timeout = 300s (custom)
2024-01-24 13:21:56,477 [8ca4a470-ffd7-4121-87b3-5ed67d6215df-groupManagement] INFO  server.RaftServerConfigKeys (ConfUtils.java:logGet(46)) - raft.server.read.timeout = 10s (default)
2024-01-24 13:21:56,477 [8ca4a470-ffd7-4121-87b3-5ed67d6215df-groupManagement] INFO  server.RaftServerConfigKeys (ConfUtils.java:logGet(46)) - raft.server.retrycache.expirytime = 600000ms (custom)
2024-01-24 13:21:56,477 [8ca4a470-ffd7-4121-87b3-5ed67d6215df-groupManagement] INFO  server.RaftServerConfigKeys (ConfUtils.java:logGet(46)) - raft.server.retrycache.statistics.expirytime = 100ms (default)
2024-01-24 13:21:56,477 [8ca4a470-ffd7-4121-87b3-5ed67d6215df-groupManagement] INFO  server.RaftServerConfigKeys (ConfUtils.java:logGet(46)) - raft.server.read.option = DEFAULT (default)
2024-01-24 13:21:56,478 [8ca4a470-ffd7-4121-87b3-5ed67d6215df-groupManagement] INFO  server.RaftServerConfigKeys (ConfUtils.java:logGet(46)) - raft.server.read.read-after-write-consistent.write-index-cache.expiry-time = 60s (default)
2024-01-24 13:21:56,487 [8ca4a470-ffd7-4121-87b3-5ed67d6215df-groupManagement] INFO  server.RaftServerConfigKeys (ConfUtils.java:logGet(46)) - raft.server.rpc.request.timeout = 60s (custom)
2024-01-24 13:21:56,489 [8ca4a470-ffd7-4121-87b3-5ed67d6215df-groupManagement] INFO  server.RaftServerConfigKeys (ConfUtils.java:logGet(46)) - raft.server.log.appender.install.snapshot.enabled = false (custom)
2024-01-24 13:21:56,489 [8ca4a470-ffd7-4121-87b3-5ed67d6215df-groupManagement] INFO  server.RaftServerConfigKeys (ConfUtils.java:logGet(46)) - raft.server.threadpool.server.cached = true (default)
2024-01-24 13:21:56,489 [8ca4a470-ffd7-4121-87b3-5ed67d6215df-groupManagement] INFO  server.RaftServerConfigKeys (ConfUtils.java:logGet(46)) - raft.server.threadpool.server.size = 0 (default)
2024-01-24 13:21:56,489 [8ca4a470-ffd7-4121-87b3-5ed67d6215df-groupManagement] INFO  server.RaftServerConfigKeys (ConfUtils.java:logGet(46)) - raft.server.threadpool.client.cached = true (default)
2024-01-24 13:21:56,489 [8ca4a470-ffd7-4121-87b3-5ed67d6215df-groupManagement] INFO  server.RaftServerConfigKeys (ConfUtils.java:logGet(46)) - raft.server.threadpool.client.size = 0 (default)
2024-01-24 13:21:56,489 [8ca4a470-ffd7-4121-87b3-5ed67d6215df-groupManagement] INFO  server.RaftServerConfigKeys (ConfUtils.java:logGet(46)) - raft.server.storage.free-space.min = 0MB (=0) (default)
2024-01-24 13:21:56,489 [8ca4a470-ffd7-4121-87b3-5ed67d6215df-groupManagement] INFO  server.RaftServerConfigKeys (ConfUtils.java:logGet(46)) - raft.server.log.corruption.policy = EXCEPTION (default)
2024-01-24 13:21:56,489 [8ca4a470-ffd7-4121-87b3-5ed67d6215df-groupManagement] INFO  server.RaftServerConfigKeys (ConfUtils.java:logGet(46)) - raft.server.storage.dir = [/home/runner/work/ozone/ozone/hadoop-ozone/integration-test/target/test-dir/MiniOzoneClusterImpl-977364ef-3bcb-48d3-9f9f-52826038909b/datanode-1/data/ratis] (custom)
2024-01-24 13:21:56,491 [8ca4a470-ffd7-4121-87b3-5ed67d6215df-groupManagement] INFO  storage.RaftStorageDirectory (RaftStorageDirectoryImpl.java:analyzeStorage(138)) - The storage directory /home/runner/work/ozone/ozone/hadoop-ozone/integration-test/target/test-dir/MiniOzoneClusterImpl-977364ef-3bcb-48d3-9f9f-52826038909b/datanode-1/data/ratis/a4e7c804-93f9-4684-b915-71a828c408a7 does not exist. Creating ...
2024-01-24 13:21:56,494 [8ca4a470-ffd7-4121-87b3-5ed67d6215df-groupManagement] INFO  storage.RaftStorageDirectory (RaftStorageDirectoryImpl.java:tryLock(228)) - Lock on /home/runner/work/ozone/ozone/hadoop-ozone/integration-test/target/test-dir/MiniOzoneClusterImpl-977364ef-3bcb-48d3-9f9f-52826038909b/datanode-1/data/ratis/a4e7c804-93f9-4684-b915-71a828c408a7/in_use.lock acquired by nodename 37754@fv-az1248-499
2024-01-24 13:21:56,496 [8ca4a470-ffd7-4121-87b3-5ed67d6215df-groupManagement] INFO  storage.RaftStorage (RaftStorageImpl.java:format(99)) - Storage directory /home/runner/work/ozone/ozone/hadoop-ozone/integration-test/target/test-dir/MiniOzoneClusterImpl-977364ef-3bcb-48d3-9f9f-52826038909b/datanode-1/data/ratis/a4e7c804-93f9-4684-b915-71a828c408a7 has been successfully formatted.
2024-01-24 13:21:56,497 [8ca4a470-ffd7-4121-87b3-5ed67d6215df-groupManagement] WARN  util.FileUtils (LogUtils.java:supplyAndLog(63)) - Failed to Files.newInputStream /home/runner/work/ozone/ozone/hadoop-ozone/integration-test/target/test-dir/MiniOzoneClusterImpl-977364ef-3bcb-48d3-9f9f-52826038909b/datanode-1/data/ratis/a4e7c804-93f9-4684-b915-71a828c408a7/current/raft-meta.conf with options []: java.nio.file.NoSuchFileException: /home/runner/work/ozone/ozone/hadoop-ozone/integration-test/target/test-dir/MiniOzoneClusterImpl-977364ef-3bcb-48d3-9f9f-52826038909b/datanode-1/data/ratis/a4e7c804-93f9-4684-b915-71a828c408a7/current/raft-meta.conf
2024-01-24 13:21:56,498 [8ca4a470-ffd7-4121-87b3-5ed67d6215df-groupManagement] INFO  ratis.ContainerStateMachine (ContainerStateMachine.java:loadSnapshot(287)) - group-71A828C408A7: The snapshot info is null. Setting the last applied index to:(t:0, i:~)
2024-01-24 13:21:56,499 [8ca4a470-ffd7-4121-87b3-5ed67d6215df-groupManagement] INFO  server.RaftServerConfigKeys (ConfUtils.java:logGet(46)) - raft.server.log.use.memory = false (default)
2024-01-24 13:21:56,500 [8ca4a470-ffd7-4121-87b3-5ed67d6215df-groupManagement] INFO  server.RaftServerConfigKeys (ConfUtils.java:logGet(46)) - raft.server.log.purge.gap = 1000000 (custom)
2024-01-24 13:21:56,501 [8ca4a470-ffd7-4121-87b3-5ed67d6215df-groupManagement] INFO  server.RaftServerConfigKeys (ConfUtils.java:logGet(46)) - raft.server.log.appender.buffer.byte-limit = 8388608 (custom)
2024-01-24 13:21:56,502 [8ca4a470-ffd7-4121-87b3-5ed67d6215df-groupManagement] INFO  server.RaftServerConfigKeys (ConfUtils.java:logGet(46)) - raft.server.log.statemachine.data.read.timeout = 1000ms (default)
2024-01-24 13:21:56,502 [8ca4a470-ffd7-4121-87b3-5ed67d6215df-groupManagement] INFO  server.RaftServerConfigKeys (ConfUtils.java:logGet(46)) - raft.server.log.purge.preservation.log.num = 0 (default)
2024-01-24 13:21:56,503 [EventQueue-PipelineReportForPipelineReportHandler] INFO  pipeline.PipelineReportHandler (PipelineReportHandler.java:processPipelineReport(136)) - Opened pipeline PipelineID=a4e7c804-93f9-4684-b915-71a828c408a7
2024-01-24 13:21:56,504 [EventQueue-OpenPipelineForHealthyPipelineSafeModeRule] INFO  safemode.SCMSafeModeManager (HealthyPipelineSafeModeRule.java:process(140)) - SCM in safe mode. Healthy pipelines reported count is 0, required healthy pipeline reported count is 1
2024-01-24 13:21:56,505 [8ca4a470-ffd7-4121-87b3-5ed67d6215df-groupManagement] INFO  server.RaftServerConfigKeys (ConfUtils.java:logGet(46)) - raft.server.log.segment.size.max = 67108864 (custom)
2024-01-24 13:21:56,505 [8ca4a470-ffd7-4121-87b3-5ed67d6215df-groupManagement] INFO  server.RaftServerConfigKeys (ConfUtils.java:logGet(46)) - raft.server.log.segment.cache.num.max = 2 (custom)
2024-01-24 13:21:56,505 [8ca4a470-ffd7-4121-87b3-5ed67d6215df-groupManagement] INFO  server.RaftServerConfigKeys (ConfUtils.java:logGet(46)) - raft.server.log.segment.cache.size.max = 200MB (=209715200) (default)
2024-01-24 13:21:56,505 [8ca4a470-ffd7-4121-87b3-5ed67d6215df-groupManagement] INFO  server.RaftServerConfigKeys (ConfUtils.java:logGet(46)) - raft.server.log.appender.buffer.byte-limit = 8388608 (custom)
2024-01-24 13:21:56,506 [8ca4a470-ffd7-4121-87b3-5ed67d6215df-groupManagement] INFO  util.AwaitToRun (AwaitToRun.java:start(81)) - Thread[8ca4a470-ffd7-4121-87b3-5ed67d6215df@group-71A828C408A7-cacheEviction-AwaitToRun,5,main] started
2024-01-24 13:21:56,506 [8ca4a470-ffd7-4121-87b3-5ed67d6215df-groupManagement] INFO  segmented.SegmentedRaftLogWorker (SegmentedRaftLogWorker.java:<init>(182)) - new 8ca4a470-ffd7-4121-87b3-5ed67d6215df@group-71A828C408A7-SegmentedRaftLogWorker for RaftStorageImpl:Storage Directory /home/runner/work/ozone/ozone/hadoop-ozone/integration-test/target/test-dir/MiniOzoneClusterImpl-977364ef-3bcb-48d3-9f9f-52826038909b/datanode-1/data/ratis/a4e7c804-93f9-4684-b915-71a828c408a7
2024-01-24 13:21:56,506 [8ca4a470-ffd7-4121-87b3-5ed67d6215df-groupManagement] INFO  server.RaftServerConfigKeys (ConfUtils.java:logGet(46)) - raft.server.log.queue.byte-limit = 4294967296 (custom)
2024-01-24 13:21:56,507 [8ca4a470-ffd7-4121-87b3-5ed67d6215df-groupManagement] INFO  server.RaftServerConfigKeys (ConfUtils.java:logGet(46)) - raft.server.log.queue.element-limit = 1024 (custom)
2024-01-24 13:21:56,507 [8ca4a470-ffd7-4121-87b3-5ed67d6215df-groupManagement] INFO  server.RaftServerConfigKeys (ConfUtils.java:logGet(46)) - raft.server.log.segment.size.max = 67108864 (custom)
2024-01-24 13:21:56,507 [8ca4a470-ffd7-4121-87b3-5ed67d6215df-groupManagement] INFO  server.RaftServerConfigKeys (ConfUtils.java:logGet(46)) - raft.server.log.preallocated.size = 4194304 (custom)
2024-01-24 13:21:56,507 [8ca4a470-ffd7-4121-87b3-5ed67d6215df-groupManagement] INFO  server.RaftServerConfigKeys (ConfUtils.java:logGet(46)) - raft.server.log.force.sync.num = 128 (default)
2024-01-24 13:21:56,507 [8ca4a470-ffd7-4121-87b3-5ed67d6215df-groupManagement] INFO  server.RaftServerConfigKeys (ConfUtils.java:logGet(46)) - raft.server.log.statemachine.data.sync = true (default)
2024-01-24 13:21:56,507 [8ca4a470-ffd7-4121-87b3-5ed67d6215df-groupManagement] INFO  server.RaftServerConfigKeys (ConfUtils.java:logGet(46)) - raft.server.log.statemachine.data.sync.timeout = 10s (default)
2024-01-24 13:21:56,507 [8ca4a470-ffd7-4121-87b3-5ed67d6215df-groupManagement] INFO  server.RaftServerConfigKeys (ConfUtils.java:logGet(46)) - raft.server.log.statemachine.data.sync.timeout.retry = 0 (custom)
2024-01-24 13:21:56,507 [8ca4a470-ffd7-4121-87b3-5ed67d6215df-groupManagement] INFO  server.RaftServerConfigKeys (ConfUtils.java:logGet(46)) - raft.server.log.write.buffer.size = 8388616 (custom)
2024-01-24 13:21:56,510 [8ca4a470-ffd7-4121-87b3-5ed67d6215df-groupManagement] INFO  server.RaftServerConfigKeys (ConfUtils.java:logGet(46)) - raft.server.log.appender.buffer.byte-limit = 8388608 (custom)
2024-01-24 13:21:56,510 [8ca4a470-ffd7-4121-87b3-5ed67d6215df-groupManagement] INFO  server.RaftServerConfigKeys (ConfUtils.java:logGet(46)) - raft.server.log.unsafe-flush.enabled = false (default)
2024-01-24 13:21:56,510 [8ca4a470-ffd7-4121-87b3-5ed67d6215df-groupManagement] INFO  server.RaftServerConfigKeys (ConfUtils.java:logGet(46)) - raft.server.log.async-flush.enabled = false (default)
2024-01-24 13:21:56,510 [8ca4a470-ffd7-4121-87b3-5ed67d6215df-groupManagement] INFO  server.RaftServerConfigKeys (ConfUtils.java:logGet(46)) - raft.server.log.statemachine.data.caching.enabled = true (custom)
2024-01-24 13:21:56,510 [8ca4a470-ffd7-4121-87b3-5ed67d6215df-groupManagement] INFO  segmented.SegmentedRaftLogWorker (SegmentedRaftLogWorker.java:lambda$new$0(134)) - 8ca4a470-ffd7-4121-87b3-5ed67d6215df@group-71A828C408A7-SegmentedRaftLogWorker: flushIndex: setUnconditionally 0 -> -1
2024-01-24 13:21:56,510 [8ca4a470-ffd7-4121-87b3-5ed67d6215df-groupManagement] INFO  segmented.SegmentedRaftLogWorker (SegmentedRaftLogWorker.java:lambda$new$0(134)) - 8ca4a470-ffd7-4121-87b3-5ed67d6215df@group-71A828C408A7-SegmentedRaftLogWorker: safeCacheEvictIndex: setUnconditionally 0 -> -1
2024-01-24 13:21:56,511 [8ca4a470-ffd7-4121-87b3-5ed67d6215df-groupManagement] INFO  server.RaftServer$Division (RaftServerImpl.java:start(396)) - 8ca4a470-ffd7-4121-87b3-5ed67d6215df@group-71A828C408A7: start as a follower, conf=-1: peers:[8ca4a470-ffd7-4121-87b3-5ed67d6215df|10.1.0.10:15023]|listeners:[], old=null
2024-01-24 13:21:56,511 [8ca4a470-ffd7-4121-87b3-5ed67d6215df-groupManagement] INFO  server.RaftServer$Division (RaftServerImpl.java:setRole(383)) - 8ca4a470-ffd7-4121-87b3-5ed67d6215df@group-71A828C408A7: changes role from      null to FOLLOWER at term 0 for startAsFollower
2024-01-24 13:21:56,511 [8ca4a470-ffd7-4121-87b3-5ed67d6215df-groupManagement] INFO  impl.RoleInfo (RoleInfo.java:updateAndGet(139)) - 8ca4a470-ffd7-4121-87b3-5ed67d6215df: start 8ca4a470-ffd7-4121-87b3-5ed67d6215df@group-71A828C408A7-FollowerState
2024-01-24 13:21:56,512 [8ca4a470-ffd7-4121-87b3-5ed67d6215df@group-71A828C408A7-FollowerState] INFO  server.RaftServerConfigKeys (ConfUtils.java:logFallback(53)) - raft.server.rpc.first-election.timeout.min = 5s (fallback to raft.server.rpc.timeout.min)
2024-01-24 13:21:56,512 [8ca4a470-ffd7-4121-87b3-5ed67d6215df-groupManagement] INFO  util.JmxRegister (JmxRegister.java:tryRegister(44)) - Successfully registered JMX Bean with object name Ratis:service=RaftServer,group=group-71A828C408A7,id=8ca4a470-ffd7-4121-87b3-5ed67d6215df
2024-01-24 13:21:56,513 [8ca4a470-ffd7-4121-87b3-5ed67d6215df@group-71A828C408A7-FollowerState] INFO  server.RaftServerConfigKeys (ConfUtils.java:logFallback(53)) - raft.server.rpc.first-election.timeout.max = 5200ms (fallback to raft.server.rpc.timeout.max)
2024-01-24 13:21:56,514 [8ca4a470-ffd7-4121-87b3-5ed67d6215df-groupManagement] INFO  server.RaftServerConfigKeys (ConfUtils.java:logGet(46)) - raft.server.snapshot.trigger-when-stop.enabled = true (default)
2024-01-24 13:21:56,514 [8ca4a470-ffd7-4121-87b3-5ed67d6215df-groupManagement] INFO  server.RaftServerConfigKeys (ConfUtils.java:logGet(46)) - raft.server.snapshot.auto.trigger.enabled = true (custom)
2024-01-24 13:21:56,514 [8ca4a470-ffd7-4121-87b3-5ed67d6215df-groupManagement] INFO  server.RaftServerConfigKeys (ConfUtils.java:logGet(46)) - raft.server.snapshot.auto.trigger.threshold = 10000 (custom)
2024-01-24 13:21:56,514 [8ca4a470-ffd7-4121-87b3-5ed67d6215df-groupManagement] INFO  server.RaftServerConfigKeys (ConfUtils.java:logGet(46)) - raft.server.snapshot.retention.file.num = 5 (custom)
2024-01-24 13:21:56,515 [8ca4a470-ffd7-4121-87b3-5ed67d6215df-groupManagement] INFO  server.RaftServerConfigKeys (ConfUtils.java:logGet(46)) - raft.server.log.purge.upto.snapshot.index = false (default)
2024-01-24 13:21:56,520 [8ca4a470-ffd7-4121-87b3-5ed67d6215df-PipelineCommandHandlerThread-0] INFO  ratis.XceiverServerRatis (XceiverServerRatis.java:addGroup(842)) - Created group PipelineID=a4e7c804-93f9-4684-b915-71a828c408a7
2024-01-24 13:21:56,520 [8ca4a470-ffd7-4121-87b3-5ed67d6215df-PipelineCommandHandlerThread-0] INFO  commandhandler.CreatePipelineCommandHandler (CreatePipelineCommandHandler.java:lambda$handle$2(124)) - Created Pipeline RATIS ONE PipelineID=a4e7c804-93f9-4684-b915-71a828c408a7.
2024-01-24 13:21:56,521 [8ca4a470-ffd7-4121-87b3-5ed67d6215df-PipelineCommandHandlerThread-0] INFO  server.RaftServer (RaftServerProxy.java:addNew(100)) - 8ca4a470-ffd7-4121-87b3-5ed67d6215df: addNew group-A47C4E6332D7:[8ca4a470-ffd7-4121-87b3-5ed67d6215df|10.1.0.10:15023, 6e18b67a-af4b-4b8c-bc51-449eebbe6b79|10.1.0.10:15014, 9068a27b-4a68-4e87-8ec4-c4f6bb80632a|10.1.0.10:15032] returns group-A47C4E6332D7:java.util.concurrent.CompletableFuture@4878ff49[Not completed]
2024-01-24 13:21:56,523 [8ca4a470-ffd7-4121-87b3-5ed67d6215df-groupManagement] INFO  server.RaftServer$Division (RaftServerImpl.java:<init>(256)) - 8ca4a470-ffd7-4121-87b3-5ed67d6215df: new RaftServerImpl for group-A47C4E6332D7:[8ca4a470-ffd7-4121-87b3-5ed67d6215df|10.1.0.10:15023, 6e18b67a-af4b-4b8c-bc51-449eebbe6b79|10.1.0.10:15014, 9068a27b-4a68-4e87-8ec4-c4f6bb80632a|10.1.0.10:15032] with ContainerStateMachine:uninitialized
2024-01-24 13:21:56,523 [8ca4a470-ffd7-4121-87b3-5ed67d6215df-groupManagement] INFO  server.RaftServerConfigKeys (ConfUtils.java:logGet(46)) - raft.server.rpc.timeout.min = 5s (custom)
2024-01-24 13:21:56,523 [8ca4a470-ffd7-4121-87b3-5ed67d6215df-groupManagement] INFO  server.RaftServerConfigKeys (ConfUtils.java:logGet(46)) - raft.server.rpc.timeout.max = 5200ms (custom)
2024-01-24 13:21:56,523 [8ca4a470-ffd7-4121-87b3-5ed67d6215df-groupManagement] INFO  server.RaftServerConfigKeys (ConfUtils.java:logGet(46)) - raft.server.rpc.sleep.time = 25ms (default)
2024-01-24 13:21:56,523 [8ca4a470-ffd7-4121-87b3-5ed67d6215df-groupManagement] INFO  server.RaftServerConfigKeys (ConfUtils.java:logGet(46)) - raft.server.rpc.slowness.timeout = 300s (custom)
2024-01-24 13:21:56,524 [8ca4a470-ffd7-4121-87b3-5ed67d6215df-groupManagement] INFO  server.RaftServerConfigKeys (ConfUtils.java:logGet(46)) - raft.server.leaderelection.leader.step-down.wait-time = 10s (default)
2024-01-24 13:21:56,524 [8ca4a470-ffd7-4121-87b3-5ed67d6215df-groupManagement] INFO  server.RaftServerConfigKeys (ConfUtils.java:logGet(46)) - raft.server.leaderelection.member.majority-add = false (default)
2024-01-24 13:21:56,524 [8ca4a470-ffd7-4121-87b3-5ed67d6215df-groupManagement] INFO  server.RaftServerConfigKeys (ConfUtils.java:logGet(46)) - raft.server.sleep.deviation.threshold = 300ms (default)
2024-01-24 13:21:56,524 [8ca4a470-ffd7-4121-87b3-5ed67d6215df-groupManagement] INFO  server.RaftServer$Division (ServerState.java:<init>(113)) - 8ca4a470-ffd7-4121-87b3-5ed67d6215df@group-A47C4E6332D7: ConfigurationManager, init=-1: peers:[8ca4a470-ffd7-4121-87b3-5ed67d6215df|10.1.0.10:15023, 6e18b67a-af4b-4b8c-bc51-449eebbe6b79|10.1.0.10:15014, 9068a27b-4a68-4e87-8ec4-c4f6bb80632a|10.1.0.10:15032]|listeners:[], old=null, confs=<EMPTY_MAP>
2024-01-24 13:21:56,524 [8ca4a470-ffd7-4121-87b3-5ed67d6215df-groupManagement] INFO  server.RaftServerConfigKeys (ConfUtils.java:logGet(46)) - raft.server.notification.no-leader.timeout = 300s (custom)
2024-01-24 13:21:56,524 [8ca4a470-ffd7-4121-87b3-5ed67d6215df-groupManagement] INFO  server.RaftServerConfigKeys (ConfUtils.java:logGet(46)) - raft.server.read.timeout = 10s (default)
2024-01-24 13:21:56,524 [8ca4a470-ffd7-4121-87b3-5ed67d6215df-groupManagement] INFO  server.RaftServerConfigKeys (ConfUtils.java:logGet(46)) - raft.server.retrycache.expirytime = 600000ms (custom)
2024-01-24 13:21:56,524 [8ca4a470-ffd7-4121-87b3-5ed67d6215df-groupManagement] INFO  server.RaftServerConfigKeys (ConfUtils.java:logGet(46)) - raft.server.retrycache.statistics.expirytime = 100ms (default)
2024-01-24 13:21:56,529 [8ca4a470-ffd7-4121-87b3-5ed67d6215df-groupManagement] INFO  server.RaftServerConfigKeys (ConfUtils.java:logGet(46)) - raft.server.read.option = DEFAULT (default)
2024-01-24 13:21:56,529 [8ca4a470-ffd7-4121-87b3-5ed67d6215df-groupManagement] INFO  server.RaftServerConfigKeys (ConfUtils.java:logGet(46)) - raft.server.read.read-after-write-consistent.write-index-cache.expiry-time = 60s (default)
2024-01-24 13:21:56,536 [8ca4a470-ffd7-4121-87b3-5ed67d6215df-groupManagement] INFO  server.RaftServerConfigKeys (ConfUtils.java:logGet(46)) - raft.server.rpc.request.timeout = 60s (custom)
2024-01-24 13:21:56,538 [8ca4a470-ffd7-4121-87b3-5ed67d6215df-groupManagement] INFO  server.RaftServerConfigKeys (ConfUtils.java:logGet(46)) - raft.server.log.appender.install.snapshot.enabled = false (custom)
2024-01-24 13:21:56,538 [8ca4a470-ffd7-4121-87b3-5ed67d6215df-groupManagement] INFO  server.RaftServerConfigKeys (ConfUtils.java:logGet(46)) - raft.server.threadpool.server.cached = true (default)
2024-01-24 13:21:56,538 [8ca4a470-ffd7-4121-87b3-5ed67d6215df-groupManagement] INFO  server.RaftServerConfigKeys (ConfUtils.java:logGet(46)) - raft.server.threadpool.server.size = 0 (default)
2024-01-24 13:21:56,539 [8ca4a470-ffd7-4121-87b3-5ed67d6215df-groupManagement] INFO  server.RaftServerConfigKeys (ConfUtils.java:logGet(46)) - raft.server.threadpool.client.cached = true (default)
2024-01-24 13:21:56,539 [8ca4a470-ffd7-4121-87b3-5ed67d6215df-groupManagement] INFO  server.RaftServerConfigKeys (ConfUtils.java:logGet(46)) - raft.server.threadpool.client.size = 0 (default)
2024-01-24 13:21:56,541 [8ca4a470-ffd7-4121-87b3-5ed67d6215df-groupManagement] INFO  server.RaftServerConfigKeys (ConfUtils.java:logGet(46)) - raft.server.storage.free-space.min = 0MB (=0) (default)
2024-01-24 13:21:56,541 [8ca4a470-ffd7-4121-87b3-5ed67d6215df-groupManagement] INFO  server.RaftServerConfigKeys (ConfUtils.java:logGet(46)) - raft.server.log.corruption.policy = EXCEPTION (default)
2024-01-24 13:21:56,541 [8ca4a470-ffd7-4121-87b3-5ed67d6215df-groupManagement] INFO  server.RaftServerConfigKeys (ConfUtils.java:logGet(46)) - raft.server.storage.dir = [/home/runner/work/ozone/ozone/hadoop-ozone/integration-test/target/test-dir/MiniOzoneClusterImpl-977364ef-3bcb-48d3-9f9f-52826038909b/datanode-1/data/ratis] (custom)
2024-01-24 13:21:56,542 [8ca4a470-ffd7-4121-87b3-5ed67d6215df-groupManagement] INFO  storage.RaftStorageDirectory (RaftStorageDirectoryImpl.java:analyzeStorage(138)) - The storage directory /home/runner/work/ozone/ozone/hadoop-ozone/integration-test/target/test-dir/MiniOzoneClusterImpl-977364ef-3bcb-48d3-9f9f-52826038909b/datanode-1/data/ratis/eec8129e-ea39-4308-b8df-a47c4e6332d7 does not exist. Creating ...
2024-01-24 13:21:56,543 [8ca4a470-ffd7-4121-87b3-5ed67d6215df-groupManagement] INFO  storage.RaftStorageDirectory (RaftStorageDirectoryImpl.java:tryLock(228)) - Lock on /home/runner/work/ozone/ozone/hadoop-ozone/integration-test/target/test-dir/MiniOzoneClusterImpl-977364ef-3bcb-48d3-9f9f-52826038909b/datanode-1/data/ratis/eec8129e-ea39-4308-b8df-a47c4e6332d7/in_use.lock acquired by nodename 37754@fv-az1248-499
2024-01-24 13:21:56,545 [8ca4a470-ffd7-4121-87b3-5ed67d6215df-groupManagement] INFO  storage.RaftStorage (RaftStorageImpl.java:format(99)) - Storage directory /home/runner/work/ozone/ozone/hadoop-ozone/integration-test/target/test-dir/MiniOzoneClusterImpl-977364ef-3bcb-48d3-9f9f-52826038909b/datanode-1/data/ratis/eec8129e-ea39-4308-b8df-a47c4e6332d7 has been successfully formatted.
2024-01-24 13:21:56,545 [8ca4a470-ffd7-4121-87b3-5ed67d6215df-groupManagement] WARN  util.FileUtils (LogUtils.java:supplyAndLog(63)) - Failed to Files.newInputStream /home/runner/work/ozone/ozone/hadoop-ozone/integration-test/target/test-dir/MiniOzoneClusterImpl-977364ef-3bcb-48d3-9f9f-52826038909b/datanode-1/data/ratis/eec8129e-ea39-4308-b8df-a47c4e6332d7/current/raft-meta.conf with options []: java.nio.file.NoSuchFileException: /home/runner/work/ozone/ozone/hadoop-ozone/integration-test/target/test-dir/MiniOzoneClusterImpl-977364ef-3bcb-48d3-9f9f-52826038909b/datanode-1/data/ratis/eec8129e-ea39-4308-b8df-a47c4e6332d7/current/raft-meta.conf
2024-01-24 13:21:56,546 [8ca4a470-ffd7-4121-87b3-5ed67d6215df-groupManagement] INFO  ratis.ContainerStateMachine (ContainerStateMachine.java:loadSnapshot(287)) - group-A47C4E6332D7: The snapshot info is null. Setting the last applied index to:(t:0, i:~)
2024-01-24 13:21:56,546 [8ca4a470-ffd7-4121-87b3-5ed67d6215df-groupManagement] INFO  server.RaftServerConfigKeys (ConfUtils.java:logGet(46)) - raft.server.log.use.memory = false (default)
2024-01-24 13:21:56,546 [8ca4a470-ffd7-4121-87b3-5ed67d6215df-groupManagement] INFO  server.RaftServerConfigKeys (ConfUtils.java:logGet(46)) - raft.server.log.purge.gap = 1000000 (custom)
2024-01-24 13:21:56,546 [8ca4a470-ffd7-4121-87b3-5ed67d6215df-groupManagement] INFO  server.RaftServerConfigKeys (ConfUtils.java:logGet(46)) - raft.server.log.appender.buffer.byte-limit = 8388608 (custom)
2024-01-24 13:21:56,546 [8ca4a470-ffd7-4121-87b3-5ed67d6215df-groupManagement] INFO  server.RaftServerConfigKeys (ConfUtils.java:logGet(46)) - raft.server.log.statemachine.data.read.timeout = 1000ms (default)
2024-01-24 13:21:56,549 [EventQueue-OpenPipelineForHealthyPipelineSafeModeRule] INFO  safemode.SCMSafeModeManager (HealthyPipelineSafeModeRule.java:process(140)) - SCM in safe mode. Healthy pipelines reported count is 0, required healthy pipeline reported count is 1
2024-01-24 13:21:56,554 [8ca4a470-ffd7-4121-87b3-5ed67d6215df-groupManagement] INFO  server.RaftServerConfigKeys (ConfUtils.java:logGet(46)) - raft.server.log.purge.preservation.log.num = 0 (default)
2024-01-24 13:21:56,557 [8ca4a470-ffd7-4121-87b3-5ed67d6215df-groupManagement] INFO  server.RaftServerConfigKeys (ConfUtils.java:logGet(46)) - raft.server.log.segment.size.max = 67108864 (custom)
2024-01-24 13:21:56,557 [8ca4a470-ffd7-4121-87b3-5ed67d6215df-groupManagement] INFO  server.RaftServerConfigKeys (ConfUtils.java:logGet(46)) - raft.server.log.segment.cache.num.max = 2 (custom)
2024-01-24 13:21:56,557 [8ca4a470-ffd7-4121-87b3-5ed67d6215df-groupManagement] INFO  server.RaftServerConfigKeys (ConfUtils.java:logGet(46)) - raft.server.log.segment.cache.size.max = 200MB (=209715200) (default)
2024-01-24 13:21:56,558 [8ca4a470-ffd7-4121-87b3-5ed67d6215df-groupManagement] INFO  server.RaftServerConfigKeys (ConfUtils.java:logGet(46)) - raft.server.log.appender.buffer.byte-limit = 8388608 (custom)
2024-01-24 13:21:56,558 [8ca4a470-ffd7-4121-87b3-5ed67d6215df-groupManagement] INFO  util.AwaitToRun (AwaitToRun.java:start(81)) - Thread[8ca4a470-ffd7-4121-87b3-5ed67d6215df@group-A47C4E6332D7-cacheEviction-AwaitToRun,5,main] started
2024-01-24 13:21:56,558 [8ca4a470-ffd7-4121-87b3-5ed67d6215df-groupManagement] INFO  segmented.SegmentedRaftLogWorker (SegmentedRaftLogWorker.java:<init>(182)) - new 8ca4a470-ffd7-4121-87b3-5ed67d6215df@group-A47C4E6332D7-SegmentedRaftLogWorker for RaftStorageImpl:Storage Directory /home/runner/work/ozone/ozone/hadoop-ozone/integration-test/target/test-dir/MiniOzoneClusterImpl-977364ef-3bcb-48d3-9f9f-52826038909b/datanode-1/data/ratis/eec8129e-ea39-4308-b8df-a47c4e6332d7
2024-01-24 13:21:56,558 [8ca4a470-ffd7-4121-87b3-5ed67d6215df-groupManagement] INFO  server.RaftServerConfigKeys (ConfUtils.java:logGet(46)) - raft.server.log.queue.byte-limit = 4294967296 (custom)
2024-01-24 13:21:56,558 [8ca4a470-ffd7-4121-87b3-5ed67d6215df-groupManagement] INFO  server.RaftServerConfigKeys (ConfUtils.java:logGet(46)) - raft.server.log.queue.element-limit = 1024 (custom)
2024-01-24 13:21:56,558 [8ca4a470-ffd7-4121-87b3-5ed67d6215df-groupManagement] INFO  server.RaftServerConfigKeys (ConfUtils.java:logGet(46)) - raft.server.log.segment.size.max = 67108864 (custom)
2024-01-24 13:21:56,558 [8ca4a470-ffd7-4121-87b3-5ed67d6215df-groupManagement] INFO  server.RaftServerConfigKeys (ConfUtils.java:logGet(46)) - raft.server.log.preallocated.size = 4194304 (custom)
2024-01-24 13:21:56,558 [8ca4a470-ffd7-4121-87b3-5ed67d6215df-groupManagement] INFO  server.RaftServerConfigKeys (ConfUtils.java:logGet(46)) - raft.server.log.force.sync.num = 128 (default)
2024-01-24 13:21:56,558 [8ca4a470-ffd7-4121-87b3-5ed67d6215df-groupManagement] INFO  server.RaftServerConfigKeys (ConfUtils.java:logGet(46)) - raft.server.log.statemachine.data.sync = true (default)
2024-01-24 13:21:56,559 [8ca4a470-ffd7-4121-87b3-5ed67d6215df-groupManagement] INFO  server.RaftServerConfigKeys (ConfUtils.java:logGet(46)) - raft.server.log.statemachine.data.sync.timeout = 10s (default)
2024-01-24 13:21:56,559 [8ca4a470-ffd7-4121-87b3-5ed67d6215df-groupManagement] INFO  server.RaftServerConfigKeys (ConfUtils.java:logGet(46)) - raft.server.log.statemachine.data.sync.timeout.retry = 0 (custom)
2024-01-24 13:21:56,559 [8ca4a470-ffd7-4121-87b3-5ed67d6215df-groupManagement] INFO  server.RaftServerConfigKeys (ConfUtils.java:logGet(46)) - raft.server.log.write.buffer.size = 8388616 (custom)
2024-01-24 13:21:56,561 [8ca4a470-ffd7-4121-87b3-5ed67d6215df-groupManagement] INFO  server.RaftServerConfigKeys (ConfUtils.java:logGet(46)) - raft.server.log.appender.buffer.byte-limit = 8388608 (custom)
2024-01-24 13:21:56,561 [8ca4a470-ffd7-4121-87b3-5ed67d6215df-groupManagement] INFO  server.RaftServerConfigKeys (ConfUtils.java:logGet(46)) - raft.server.log.unsafe-flush.enabled = false (default)
2024-01-24 13:21:56,561 [8ca4a470-ffd7-4121-87b3-5ed67d6215df-groupManagement] INFO  server.RaftServerConfigKeys (ConfUtils.java:logGet(46)) - raft.server.log.async-flush.enabled = false (default)
2024-01-24 13:21:56,561 [8ca4a470-ffd7-4121-87b3-5ed67d6215df-groupManagement] INFO  server.RaftServerConfigKeys (ConfUtils.java:logGet(46)) - raft.server.log.statemachine.data.caching.enabled = true (custom)
2024-01-24 13:21:56,562 [8ca4a470-ffd7-4121-87b3-5ed67d6215df-groupManagement] INFO  segmented.SegmentedRaftLogWorker (SegmentedRaftLogWorker.java:lambda$new$0(134)) - 8ca4a470-ffd7-4121-87b3-5ed67d6215df@group-A47C4E6332D7-SegmentedRaftLogWorker: flushIndex: setUnconditionally 0 -> -1
2024-01-24 13:21:56,562 [8ca4a470-ffd7-4121-87b3-5ed67d6215df-groupManagement] INFO  segmented.SegmentedRaftLogWorker (SegmentedRaftLogWorker.java:lambda$new$0(134)) - 8ca4a470-ffd7-4121-87b3-5ed67d6215df@group-A47C4E6332D7-SegmentedRaftLogWorker: safeCacheEvictIndex: setUnconditionally 0 -> -1
2024-01-24 13:21:56,565 [8ca4a470-ffd7-4121-87b3-5ed67d6215df-groupManagement] INFO  server.RaftServer$Division (RaftServerImpl.java:start(396)) - 8ca4a470-ffd7-4121-87b3-5ed67d6215df@group-A47C4E6332D7: start as a follower, conf=-1: peers:[8ca4a470-ffd7-4121-87b3-5ed67d6215df|10.1.0.10:15023, 6e18b67a-af4b-4b8c-bc51-449eebbe6b79|10.1.0.10:15014, 9068a27b-4a68-4e87-8ec4-c4f6bb80632a|10.1.0.10:15032]|listeners:[], old=null
2024-01-24 13:21:56,565 [8ca4a470-ffd7-4121-87b3-5ed67d6215df-groupManagement] INFO  server.RaftServer$Division (RaftServerImpl.java:setRole(383)) - 8ca4a470-ffd7-4121-87b3-5ed67d6215df@group-A47C4E6332D7: changes role from      null to FOLLOWER at term 0 for startAsFollower
2024-01-24 13:21:56,565 [8ca4a470-ffd7-4121-87b3-5ed67d6215df-groupManagement] INFO  impl.RoleInfo (RoleInfo.java:updateAndGet(139)) - 8ca4a470-ffd7-4121-87b3-5ed67d6215df: start 8ca4a470-ffd7-4121-87b3-5ed67d6215df@group-A47C4E6332D7-FollowerState
2024-01-24 13:21:56,566 [8ca4a470-ffd7-4121-87b3-5ed67d6215df-groupManagement] INFO  util.JmxRegister (JmxRegister.java:tryRegister(44)) - Successfully registered JMX Bean with object name Ratis:service=RaftServer,group=group-A47C4E6332D7,id=8ca4a470-ffd7-4121-87b3-5ed67d6215df
2024-01-24 13:21:56,566 [8ca4a470-ffd7-4121-87b3-5ed67d6215df@group-A47C4E6332D7-FollowerState] INFO  server.RaftServerConfigKeys (ConfUtils.java:logFallback(53)) - raft.server.rpc.first-election.timeout.min = 5s (fallback to raft.server.rpc.timeout.min)
2024-01-24 13:21:56,566 [8ca4a470-ffd7-4121-87b3-5ed67d6215df-groupManagement] INFO  server.RaftServerConfigKeys (ConfUtils.java:logGet(46)) - raft.server.snapshot.trigger-when-stop.enabled = true (default)
2024-01-24 13:21:56,566 [8ca4a470-ffd7-4121-87b3-5ed67d6215df-groupManagement] INFO  server.RaftServerConfigKeys (ConfUtils.java:logGet(46)) - raft.server.snapshot.auto.trigger.enabled = true (custom)
2024-01-24 13:21:56,566 [8ca4a470-ffd7-4121-87b3-5ed67d6215df-groupManagement] INFO  server.RaftServerConfigKeys (ConfUtils.java:logGet(46)) - raft.server.snapshot.auto.trigger.threshold = 10000 (custom)
2024-01-24 13:21:56,566 [8ca4a470-ffd7-4121-87b3-5ed67d6215df-groupManagement] INFO  server.RaftServerConfigKeys (ConfUtils.java:logGet(46)) - raft.server.snapshot.retention.file.num = 5 (custom)
2024-01-24 13:21:56,566 [8ca4a470-ffd7-4121-87b3-5ed67d6215df-groupManagement] INFO  server.RaftServerConfigKeys (ConfUtils.java:logGet(46)) - raft.server.log.purge.upto.snapshot.index = false (default)
2024-01-24 13:21:56,566 [8ca4a470-ffd7-4121-87b3-5ed67d6215df@group-A47C4E6332D7-FollowerState] INFO  server.RaftServerConfigKeys (ConfUtils.java:logFallback(53)) - raft.server.rpc.first-election.timeout.max = 5200ms (fallback to raft.server.rpc.timeout.max)
2024-01-24 13:21:56,567 [8ca4a470-ffd7-4121-87b3-5ed67d6215df-PipelineCommandHandlerThread-0] INFO  ratis.XceiverServerRatis (XceiverServerRatis.java:addGroup(842)) - Created group PipelineID=eec8129e-ea39-4308-b8df-a47c4e6332d7
2024-01-24 13:21:56,575 [main] INFO  ozone.MiniOzoneClusterImpl (MiniOzoneClusterImpl.java:lambda$waitForClusterToBeReady$0(229)) - Nodes are ready. Got 3 of 3 DN Heartbeats.
2024-01-24 13:21:56,575 [main] INFO  ozone.MiniOzoneClusterImpl (MiniOzoneClusterImpl.java:lambda$waitForClusterToBeReady$0(232)) - Waiting for cluster to exit safe mode
2024-01-24 13:21:56,575 [main] INFO  ozone.MiniOzoneClusterImpl (MiniOzoneClusterImpl.java:lambda$waitForClusterToBeReady$0(234)) - SCM became leader
2024-01-24 13:21:56,586 [9068a27b-4a68-4e87-8ec4-c4f6bb80632a-PipelineCommandHandlerThread-0] INFO  server.RaftServer (RaftServerProxy.java:addNew(100)) - 9068a27b-4a68-4e87-8ec4-c4f6bb80632a: addNew group-BA8C1DC17EFA:[9068a27b-4a68-4e87-8ec4-c4f6bb80632a|10.1.0.10:15032] returns group-BA8C1DC17EFA:java.util.concurrent.CompletableFuture@671a0ec8[Not completed]
2024-01-24 13:21:56,592 [9068a27b-4a68-4e87-8ec4-c4f6bb80632a-groupManagement] INFO  server.RaftServer$Division (RaftServerImpl.java:<init>(256)) - 9068a27b-4a68-4e87-8ec4-c4f6bb80632a: new RaftServerImpl for group-BA8C1DC17EFA:[9068a27b-4a68-4e87-8ec4-c4f6bb80632a|10.1.0.10:15032] with ContainerStateMachine:uninitialized
2024-01-24 13:21:56,592 [9068a27b-4a68-4e87-8ec4-c4f6bb80632a-groupManagement] INFO  server.RaftServerConfigKeys (ConfUtils.java:logGet(46)) - raft.server.rpc.timeout.min = 5s (custom)
2024-01-24 13:21:56,592 [9068a27b-4a68-4e87-8ec4-c4f6bb80632a-groupManagement] INFO  server.RaftServerConfigKeys (ConfUtils.java:logGet(46)) - raft.server.rpc.timeout.max = 5200ms (custom)
2024-01-24 13:21:56,592 [9068a27b-4a68-4e87-8ec4-c4f6bb80632a-groupManagement] INFO  server.RaftServerConfigKeys (ConfUtils.java:logGet(46)) - raft.server.rpc.sleep.time = 25ms (default)
2024-01-24 13:21:56,592 [9068a27b-4a68-4e87-8ec4-c4f6bb80632a-groupManagement] INFO  server.RaftServerConfigKeys (ConfUtils.java:logGet(46)) - raft.server.rpc.slowness.timeout = 300s (custom)
2024-01-24 13:21:56,592 [9068a27b-4a68-4e87-8ec4-c4f6bb80632a-groupManagement] INFO  server.RaftServerConfigKeys (ConfUtils.java:logGet(46)) - raft.server.leaderelection.leader.step-down.wait-time = 10s (default)
2024-01-24 13:21:56,593 [9068a27b-4a68-4e87-8ec4-c4f6bb80632a-groupManagement] INFO  server.RaftServerConfigKeys (ConfUtils.java:logGet(46)) - raft.server.leaderelection.member.majority-add = false (default)
2024-01-24 13:21:56,593 [9068a27b-4a68-4e87-8ec4-c4f6bb80632a-groupManagement] INFO  server.RaftServerConfigKeys (ConfUtils.java:logGet(46)) - raft.server.sleep.deviation.threshold = 300ms (default)
2024-01-24 13:21:56,593 [9068a27b-4a68-4e87-8ec4-c4f6bb80632a-groupManagement] INFO  server.RaftServer$Division (ServerState.java:<init>(113)) - 9068a27b-4a68-4e87-8ec4-c4f6bb80632a@group-BA8C1DC17EFA: ConfigurationManager, init=-1: peers:[9068a27b-4a68-4e87-8ec4-c4f6bb80632a|10.1.0.10:15032]|listeners:[], old=null, confs=<EMPTY_MAP>
2024-01-24 13:21:56,593 [9068a27b-4a68-4e87-8ec4-c4f6bb80632a-groupManagement] INFO  server.RaftServerConfigKeys (ConfUtils.java:logGet(46)) - raft.server.notification.no-leader.timeout = 300s (custom)
2024-01-24 13:21:56,593 [9068a27b-4a68-4e87-8ec4-c4f6bb80632a-groupManagement] INFO  server.RaftServerConfigKeys (ConfUtils.java:logGet(46)) - raft.server.read.timeout = 10s (default)
2024-01-24 13:21:56,593 [9068a27b-4a68-4e87-8ec4-c4f6bb80632a-groupManagement] INFO  server.RaftServerConfigKeys (ConfUtils.java:logGet(46)) - raft.server.retrycache.expirytime = 600000ms (custom)
2024-01-24 13:21:56,593 [9068a27b-4a68-4e87-8ec4-c4f6bb80632a-groupManagement] INFO  server.RaftServerConfigKeys (ConfUtils.java:logGet(46)) - raft.server.retrycache.statistics.expirytime = 100ms (default)
2024-01-24 13:21:56,593 [9068a27b-4a68-4e87-8ec4-c4f6bb80632a-groupManagement] INFO  server.RaftServerConfigKeys (ConfUtils.java:logGet(46)) - raft.server.read.option = DEFAULT (default)
2024-01-24 13:21:56,594 [9068a27b-4a68-4e87-8ec4-c4f6bb80632a-groupManagement] INFO  server.RaftServerConfigKeys (ConfUtils.java:logGet(46)) - raft.server.read.read-after-write-consistent.write-index-cache.expiry-time = 60s (default)
2024-01-24 13:21:56,603 [9068a27b-4a68-4e87-8ec4-c4f6bb80632a-groupManagement] INFO  server.RaftServerConfigKeys (ConfUtils.java:logGet(46)) - raft.server.rpc.request.timeout = 60s (custom)
2024-01-24 13:21:56,604 [9068a27b-4a68-4e87-8ec4-c4f6bb80632a-groupManagement] INFO  server.RaftServerConfigKeys (ConfUtils.java:logGet(46)) - raft.server.log.appender.install.snapshot.enabled = false (custom)
2024-01-24 13:21:56,604 [9068a27b-4a68-4e87-8ec4-c4f6bb80632a-groupManagement] INFO  server.RaftServerConfigKeys (ConfUtils.java:logGet(46)) - raft.server.threadpool.server.cached = true (default)
2024-01-24 13:21:56,604 [9068a27b-4a68-4e87-8ec4-c4f6bb80632a-groupManagement] INFO  server.RaftServerConfigKeys (ConfUtils.java:logGet(46)) - raft.server.threadpool.server.size = 0 (default)
2024-01-24 13:21:56,604 [9068a27b-4a68-4e87-8ec4-c4f6bb80632a-groupManagement] INFO  server.RaftServerConfigKeys (ConfUtils.java:logGet(46)) - raft.server.threadpool.client.cached = true (default)
2024-01-24 13:21:56,604 [9068a27b-4a68-4e87-8ec4-c4f6bb80632a-groupManagement] INFO  server.RaftServerConfigKeys (ConfUtils.java:logGet(46)) - raft.server.threadpool.client.size = 0 (default)
2024-01-24 13:21:56,604 [9068a27b-4a68-4e87-8ec4-c4f6bb80632a-groupManagement] INFO  server.RaftServerConfigKeys (ConfUtils.java:logGet(46)) - raft.server.storage.free-space.min = 0MB (=0) (default)
2024-01-24 13:21:56,604 [9068a27b-4a68-4e87-8ec4-c4f6bb80632a-groupManagement] INFO  server.RaftServerConfigKeys (ConfUtils.java:logGet(46)) - raft.server.log.corruption.policy = EXCEPTION (default)
2024-01-24 13:21:56,604 [9068a27b-4a68-4e87-8ec4-c4f6bb80632a-groupManagement] INFO  server.RaftServerConfigKeys (ConfUtils.java:logGet(46)) - raft.server.storage.dir = [/home/runner/work/ozone/ozone/hadoop-ozone/integration-test/target/test-dir/MiniOzoneClusterImpl-977364ef-3bcb-48d3-9f9f-52826038909b/datanode-2/data/ratis] (custom)
2024-01-24 13:21:56,604 [9068a27b-4a68-4e87-8ec4-c4f6bb80632a-groupManagement] INFO  storage.RaftStorageDirectory (RaftStorageDirectoryImpl.java:analyzeStorage(138)) - The storage directory /home/runner/work/ozone/ozone/hadoop-ozone/integration-test/target/test-dir/MiniOzoneClusterImpl-977364ef-3bcb-48d3-9f9f-52826038909b/datanode-2/data/ratis/3e30b18c-0012-4d90-abab-ba8c1dc17efa does not exist. Creating ...
2024-01-24 13:21:56,611 [9068a27b-4a68-4e87-8ec4-c4f6bb80632a-groupManagement] INFO  storage.RaftStorageDirectory (RaftStorageDirectoryImpl.java:tryLock(228)) - Lock on /home/runner/work/ozone/ozone/hadoop-ozone/integration-test/target/test-dir/MiniOzoneClusterImpl-977364ef-3bcb-48d3-9f9f-52826038909b/datanode-2/data/ratis/3e30b18c-0012-4d90-abab-ba8c1dc17efa/in_use.lock acquired by nodename 37754@fv-az1248-499
2024-01-24 13:21:56,613 [9068a27b-4a68-4e87-8ec4-c4f6bb80632a-groupManagement] INFO  storage.RaftStorage (RaftStorageImpl.java:format(99)) - Storage directory /home/runner/work/ozone/ozone/hadoop-ozone/integration-test/target/test-dir/MiniOzoneClusterImpl-977364ef-3bcb-48d3-9f9f-52826038909b/datanode-2/data/ratis/3e30b18c-0012-4d90-abab-ba8c1dc17efa has been successfully formatted.
2024-01-24 13:21:56,614 [9068a27b-4a68-4e87-8ec4-c4f6bb80632a-groupManagement] WARN  util.FileUtils (LogUtils.java:supplyAndLog(63)) - Failed to Files.newInputStream /home/runner/work/ozone/ozone/hadoop-ozone/integration-test/target/test-dir/MiniOzoneClusterImpl-977364ef-3bcb-48d3-9f9f-52826038909b/datanode-2/data/ratis/3e30b18c-0012-4d90-abab-ba8c1dc17efa/current/raft-meta.conf with options []: java.nio.file.NoSuchFileException: /home/runner/work/ozone/ozone/hadoop-ozone/integration-test/target/test-dir/MiniOzoneClusterImpl-977364ef-3bcb-48d3-9f9f-52826038909b/datanode-2/data/ratis/3e30b18c-0012-4d90-abab-ba8c1dc17efa/current/raft-meta.conf
2024-01-24 13:21:56,615 [9068a27b-4a68-4e87-8ec4-c4f6bb80632a-groupManagement] INFO  ratis.ContainerStateMachine (ContainerStateMachine.java:loadSnapshot(287)) - group-BA8C1DC17EFA: The snapshot info is null. Setting the last applied index to:(t:0, i:~)
2024-01-24 13:21:56,615 [9068a27b-4a68-4e87-8ec4-c4f6bb80632a-groupManagement] INFO  server.RaftServerConfigKeys (ConfUtils.java:logGet(46)) - raft.server.log.use.memory = false (default)
2024-01-24 13:21:56,615 [9068a27b-4a68-4e87-8ec4-c4f6bb80632a-groupManagement] INFO  server.RaftServerConfigKeys (ConfUtils.java:logGet(46)) - raft.server.log.purge.gap = 1000000 (custom)
2024-01-24 13:21:56,615 [9068a27b-4a68-4e87-8ec4-c4f6bb80632a-groupManagement] INFO  server.RaftServerConfigKeys (ConfUtils.java:logGet(46)) - raft.server.log.appender.buffer.byte-limit = 8388608 (custom)
2024-01-24 13:21:56,615 [9068a27b-4a68-4e87-8ec4-c4f6bb80632a-groupManagement] INFO  server.RaftServerConfigKeys (ConfUtils.java:logGet(46)) - raft.server.log.statemachine.data.read.timeout = 1000ms (default)
2024-01-24 13:21:56,616 [9068a27b-4a68-4e87-8ec4-c4f6bb80632a-groupManagement] INFO  server.RaftServerConfigKeys (ConfUtils.java:logGet(46)) - raft.server.log.purge.preservation.log.num = 0 (default)
2024-01-24 13:21:56,624 [EventQueue-PipelineReportForPipelineReportHandler] INFO  pipeline.PipelineReportHandler (PipelineReportHandler.java:processPipelineReport(136)) - Opened pipeline PipelineID=3e30b18c-0012-4d90-abab-ba8c1dc17efa
2024-01-24 13:21:56,625 [EventQueue-OpenPipelineForHealthyPipelineSafeModeRule] INFO  safemode.SCMSafeModeManager (HealthyPipelineSafeModeRule.java:process(140)) - SCM in safe mode. Healthy pipelines reported count is 0, required healthy pipeline reported count is 1
2024-01-24 13:21:56,630 [9068a27b-4a68-4e87-8ec4-c4f6bb80632a-groupManagement] INFO  server.RaftServerConfigKeys (ConfUtils.java:logGet(46)) - raft.server.log.segment.size.max = 67108864 (custom)
2024-01-24 13:21:56,630 [9068a27b-4a68-4e87-8ec4-c4f6bb80632a-groupManagement] INFO  server.RaftServerConfigKeys (ConfUtils.java:logGet(46)) - raft.server.log.segment.cache.num.max = 2 (custom)
2024-01-24 13:21:56,630 [9068a27b-4a68-4e87-8ec4-c4f6bb80632a-groupManagement] INFO  server.RaftServerConfigKeys (ConfUtils.java:logGet(46)) - raft.server.log.segment.cache.size.max = 200MB (=209715200) (default)
2024-01-24 13:21:56,630 [9068a27b-4a68-4e87-8ec4-c4f6bb80632a-groupManagement] INFO  server.RaftServerConfigKeys (ConfUtils.java:logGet(46)) - raft.server.log.appender.buffer.byte-limit = 8388608 (custom)
2024-01-24 13:21:56,633 [9068a27b-4a68-4e87-8ec4-c4f6bb80632a-groupManagement] INFO  util.AwaitToRun (AwaitToRun.java:start(81)) - Thread[9068a27b-4a68-4e87-8ec4-c4f6bb80632a@group-BA8C1DC17EFA-cacheEviction-AwaitToRun,5,main] started
2024-01-24 13:21:56,634 [9068a27b-4a68-4e87-8ec4-c4f6bb80632a-groupManagement] INFO  segmented.SegmentedRaftLogWorker (SegmentedRaftLogWorker.java:<init>(182)) - new 9068a27b-4a68-4e87-8ec4-c4f6bb80632a@group-BA8C1DC17EFA-SegmentedRaftLogWorker for RaftStorageImpl:Storage Directory /home/runner/work/ozone/ozone/hadoop-ozone/integration-test/target/test-dir/MiniOzoneClusterImpl-977364ef-3bcb-48d3-9f9f-52826038909b/datanode-2/data/ratis/3e30b18c-0012-4d90-abab-ba8c1dc17efa
2024-01-24 13:21:56,634 [9068a27b-4a68-4e87-8ec4-c4f6bb80632a-groupManagement] INFO  server.RaftServerConfigKeys (ConfUtils.java:logGet(46)) - raft.server.log.queue.byte-limit = 4294967296 (custom)
2024-01-24 13:21:56,634 [9068a27b-4a68-4e87-8ec4-c4f6bb80632a-groupManagement] INFO  server.RaftServerConfigKeys (ConfUtils.java:logGet(46)) - raft.server.log.queue.element-limit = 1024 (custom)
2024-01-24 13:21:56,635 [9068a27b-4a68-4e87-8ec4-c4f6bb80632a-groupManagement] INFO  server.RaftServerConfigKeys (ConfUtils.java:logGet(46)) - raft.server.log.segment.size.max = 67108864 (custom)
2024-01-24 13:21:56,635 [9068a27b-4a68-4e87-8ec4-c4f6bb80632a-groupManagement] INFO  server.RaftServerConfigKeys (ConfUtils.java:logGet(46)) - raft.server.log.preallocated.size = 4194304 (custom)
2024-01-24 13:21:56,635 [9068a27b-4a68-4e87-8ec4-c4f6bb80632a-groupManagement] INFO  server.RaftServerConfigKeys (ConfUtils.java:logGet(46)) - raft.server.log.force.sync.num = 128 (default)
2024-01-24 13:21:56,636 [9068a27b-4a68-4e87-8ec4-c4f6bb80632a-groupManagement] INFO  server.RaftServerConfigKeys (ConfUtils.java:logGet(46)) - raft.server.log.statemachine.data.sync = true (default)
2024-01-24 13:21:56,636 [9068a27b-4a68-4e87-8ec4-c4f6bb80632a-groupManagement] INFO  server.RaftServerConfigKeys (ConfUtils.java:logGet(46)) - raft.server.log.statemachine.data.sync.timeout = 10s (default)
2024-01-24 13:21:56,636 [9068a27b-4a68-4e87-8ec4-c4f6bb80632a-groupManagement] INFO  server.RaftServerConfigKeys (ConfUtils.java:logGet(46)) - raft.server.log.statemachine.data.sync.timeout.retry = 0 (custom)
2024-01-24 13:21:56,637 [9068a27b-4a68-4e87-8ec4-c4f6bb80632a-groupManagement] INFO  server.RaftServerConfigKeys (ConfUtils.java:logGet(46)) - raft.server.log.write.buffer.size = 8388616 (custom)
2024-01-24 13:21:56,639 [9068a27b-4a68-4e87-8ec4-c4f6bb80632a-groupManagement] INFO  server.RaftServerConfigKeys (ConfUtils.java:logGet(46)) - raft.server.log.appender.buffer.byte-limit = 8388608 (custom)
2024-01-24 13:21:56,640 [9068a27b-4a68-4e87-8ec4-c4f6bb80632a-groupManagement] INFO  server.RaftServerConfigKeys (ConfUtils.java:logGet(46)) - raft.server.log.unsafe-flush.enabled = false (default)
2024-01-24 13:21:56,640 [9068a27b-4a68-4e87-8ec4-c4f6bb80632a-groupManagement] INFO  server.RaftServerConfigKeys (ConfUtils.java:logGet(46)) - raft.server.log.async-flush.enabled = false (default)
2024-01-24 13:21:56,640 [9068a27b-4a68-4e87-8ec4-c4f6bb80632a-groupManagement] INFO  server.RaftServerConfigKeys (ConfUtils.java:logGet(46)) - raft.server.log.statemachine.data.caching.enabled = true (custom)
2024-01-24 13:21:56,641 [9068a27b-4a68-4e87-8ec4-c4f6bb80632a-groupManagement] INFO  segmented.SegmentedRaftLogWorker (SegmentedRaftLogWorker.java:lambda$new$0(134)) - 9068a27b-4a68-4e87-8ec4-c4f6bb80632a@group-BA8C1DC17EFA-SegmentedRaftLogWorker: flushIndex: setUnconditionally 0 -> -1
2024-01-24 13:21:56,641 [9068a27b-4a68-4e87-8ec4-c4f6bb80632a-groupManagement] INFO  segmented.SegmentedRaftLogWorker (SegmentedRaftLogWorker.java:lambda$new$0(134)) - 9068a27b-4a68-4e87-8ec4-c4f6bb80632a@group-BA8C1DC17EFA-SegmentedRaftLogWorker: safeCacheEvictIndex: setUnconditionally 0 -> -1
2024-01-24 13:21:56,642 [9068a27b-4a68-4e87-8ec4-c4f6bb80632a-groupManagement] INFO  server.RaftServer$Division (RaftServerImpl.java:start(396)) - 9068a27b-4a68-4e87-8ec4-c4f6bb80632a@group-BA8C1DC17EFA: start as a follower, conf=-1: peers:[9068a27b-4a68-4e87-8ec4-c4f6bb80632a|10.1.0.10:15032]|listeners:[], old=null
2024-01-24 13:21:56,643 [9068a27b-4a68-4e87-8ec4-c4f6bb80632a-groupManagement] INFO  server.RaftServer$Division (RaftServerImpl.java:setRole(383)) - 9068a27b-4a68-4e87-8ec4-c4f6bb80632a@group-BA8C1DC17EFA: changes role from      null to FOLLOWER at term 0 for startAsFollower
2024-01-24 13:21:56,643 [9068a27b-4a68-4e87-8ec4-c4f6bb80632a-groupManagement] INFO  impl.RoleInfo (RoleInfo.java:updateAndGet(139)) - 9068a27b-4a68-4e87-8ec4-c4f6bb80632a: start 9068a27b-4a68-4e87-8ec4-c4f6bb80632a@group-BA8C1DC17EFA-FollowerState
2024-01-24 13:21:56,644 [9068a27b-4a68-4e87-8ec4-c4f6bb80632a-groupManagement] INFO  util.JmxRegister (JmxRegister.java:tryRegister(44)) - Successfully registered JMX Bean with object name Ratis:service=RaftServer,group=group-BA8C1DC17EFA,id=9068a27b-4a68-4e87-8ec4-c4f6bb80632a
2024-01-24 13:21:56,644 [9068a27b-4a68-4e87-8ec4-c4f6bb80632a-groupManagement] INFO  server.RaftServerConfigKeys (ConfUtils.java:logGet(46)) - raft.server.snapshot.trigger-when-stop.enabled = true (default)
2024-01-24 13:21:56,644 [9068a27b-4a68-4e87-8ec4-c4f6bb80632a-groupManagement] INFO  server.RaftServerConfigKeys (ConfUtils.java:logGet(46)) - raft.server.snapshot.auto.trigger.enabled = true (custom)
2024-01-24 13:21:56,644 [9068a27b-4a68-4e87-8ec4-c4f6bb80632a-groupManagement] INFO  server.RaftServerConfigKeys (ConfUtils.java:logGet(46)) - raft.server.snapshot.auto.trigger.threshold = 10000 (custom)
2024-01-24 13:21:56,644 [9068a27b-4a68-4e87-8ec4-c4f6bb80632a-groupManagement] INFO  server.RaftServerConfigKeys (ConfUtils.java:logGet(46)) - raft.server.snapshot.retention.file.num = 5 (custom)
2024-01-24 13:21:56,644 [9068a27b-4a68-4e87-8ec4-c4f6bb80632a-groupManagement] INFO  server.RaftServerConfigKeys (ConfUtils.java:logGet(46)) - raft.server.log.purge.upto.snapshot.index = false (default)
2024-01-24 13:21:56,645 [9068a27b-4a68-4e87-8ec4-c4f6bb80632a@group-BA8C1DC17EFA-FollowerState] INFO  server.RaftServerConfigKeys (ConfUtils.java:logFallback(53)) - raft.server.rpc.first-election.timeout.min = 5s (fallback to raft.server.rpc.timeout.min)
2024-01-24 13:21:56,645 [9068a27b-4a68-4e87-8ec4-c4f6bb80632a@group-BA8C1DC17EFA-FollowerState] INFO  server.RaftServerConfigKeys (ConfUtils.java:logFallback(53)) - raft.server.rpc.first-election.timeout.max = 5200ms (fallback to raft.server.rpc.timeout.max)
2024-01-24 13:21:56,651 [9068a27b-4a68-4e87-8ec4-c4f6bb80632a-PipelineCommandHandlerThread-0] INFO  ratis.XceiverServerRatis (XceiverServerRatis.java:addGroup(842)) - Created group PipelineID=3e30b18c-0012-4d90-abab-ba8c1dc17efa
2024-01-24 13:21:56,651 [9068a27b-4a68-4e87-8ec4-c4f6bb80632a-PipelineCommandHandlerThread-0] INFO  commandhandler.CreatePipelineCommandHandler (CreatePipelineCommandHandler.java:lambda$handle$2(124)) - Created Pipeline RATIS ONE PipelineID=3e30b18c-0012-4d90-abab-ba8c1dc17efa.
2024-01-24 13:21:56,652 [9068a27b-4a68-4e87-8ec4-c4f6bb80632a-PipelineCommandHandlerThread-0] INFO  server.RaftServer (RaftServerProxy.java:addNew(100)) - 9068a27b-4a68-4e87-8ec4-c4f6bb80632a: addNew group-A47C4E6332D7:[8ca4a470-ffd7-4121-87b3-5ed67d6215df|10.1.0.10:15023, 6e18b67a-af4b-4b8c-bc51-449eebbe6b79|10.1.0.10:15014, 9068a27b-4a68-4e87-8ec4-c4f6bb80632a|10.1.0.10:15032] returns group-A47C4E6332D7:java.util.concurrent.CompletableFuture@632596f3[Not completed]
2024-01-24 13:21:56,653 [9068a27b-4a68-4e87-8ec4-c4f6bb80632a-groupManagement] INFO  server.RaftServer$Division (RaftServerImpl.java:<init>(256)) - 9068a27b-4a68-4e87-8ec4-c4f6bb80632a: new RaftServerImpl for group-A47C4E6332D7:[8ca4a470-ffd7-4121-87b3-5ed67d6215df|10.1.0.10:15023, 6e18b67a-af4b-4b8c-bc51-449eebbe6b79|10.1.0.10:15014, 9068a27b-4a68-4e87-8ec4-c4f6bb80632a|10.1.0.10:15032] with ContainerStateMachine:uninitialized
2024-01-24 13:21:56,654 [9068a27b-4a68-4e87-8ec4-c4f6bb80632a-groupManagement] INFO  server.RaftServerConfigKeys (ConfUtils.java:logGet(46)) - raft.server.rpc.timeout.min = 5s (custom)
2024-01-24 13:21:56,654 [9068a27b-4a68-4e87-8ec4-c4f6bb80632a-groupManagement] INFO  server.RaftServerConfigKeys (ConfUtils.java:logGet(46)) - raft.server.rpc.timeout.max = 5200ms (custom)
2024-01-24 13:21:56,654 [9068a27b-4a68-4e87-8ec4-c4f6bb80632a-groupManagement] INFO  server.RaftServerConfigKeys (ConfUtils.java:logGet(46)) - raft.server.rpc.sleep.time = 25ms (default)
2024-01-24 13:21:56,654 [9068a27b-4a68-4e87-8ec4-c4f6bb80632a-groupManagement] INFO  server.RaftServerConfigKeys (ConfUtils.java:logGet(46)) - raft.server.rpc.slowness.timeout = 300s (custom)
2024-01-24 13:21:56,654 [9068a27b-4a68-4e87-8ec4-c4f6bb80632a-groupManagement] INFO  server.RaftServerConfigKeys (ConfUtils.java:logGet(46)) - raft.server.leaderelection.leader.step-down.wait-time = 10s (default)
2024-01-24 13:21:56,654 [9068a27b-4a68-4e87-8ec4-c4f6bb80632a-groupManagement] INFO  server.RaftServerConfigKeys (ConfUtils.java:logGet(46)) - raft.server.leaderelection.member.majority-add = false (default)
2024-01-24 13:21:56,654 [9068a27b-4a68-4e87-8ec4-c4f6bb80632a-groupManagement] INFO  server.RaftServerConfigKeys (ConfUtils.java:logGet(46)) - raft.server.sleep.deviation.threshold = 300ms (default)
2024-01-24 13:21:56,654 [9068a27b-4a68-4e87-8ec4-c4f6bb80632a-groupManagement] INFO  server.RaftServer$Division (ServerState.java:<init>(113)) - 9068a27b-4a68-4e87-8ec4-c4f6bb80632a@group-A47C4E6332D7: ConfigurationManager, init=-1: peers:[8ca4a470-ffd7-4121-87b3-5ed67d6215df|10.1.0.10:15023, 6e18b67a-af4b-4b8c-bc51-449eebbe6b79|10.1.0.10:15014, 9068a27b-4a68-4e87-8ec4-c4f6bb80632a|10.1.0.10:15032]|listeners:[], old=null, confs=<EMPTY_MAP>
2024-01-24 13:21:56,655 [9068a27b-4a68-4e87-8ec4-c4f6bb80632a-groupManagement] INFO  server.RaftServerConfigKeys (ConfUtils.java:logGet(46)) - raft.server.notification.no-leader.timeout = 300s (custom)
2024-01-24 13:21:56,655 [9068a27b-4a68-4e87-8ec4-c4f6bb80632a-groupManagement] INFO  server.RaftServerConfigKeys (ConfUtils.java:logGet(46)) - raft.server.read.timeout = 10s (default)
2024-01-24 13:21:56,655 [9068a27b-4a68-4e87-8ec4-c4f6bb80632a-groupManagement] INFO  server.RaftServerConfigKeys (ConfUtils.java:logGet(46)) - raft.server.retrycache.expirytime = 600000ms (custom)
2024-01-24 13:21:56,655 [9068a27b-4a68-4e87-8ec4-c4f6bb80632a-groupManagement] INFO  server.RaftServerConfigKeys (ConfUtils.java:logGet(46)) - raft.server.retrycache.statistics.expirytime = 100ms (default)
2024-01-24 13:21:56,655 [9068a27b-4a68-4e87-8ec4-c4f6bb80632a-groupManagement] INFO  server.RaftServerConfigKeys (ConfUtils.java:logGet(46)) - raft.server.read.option = DEFAULT (default)
2024-01-24 13:21:56,655 [9068a27b-4a68-4e87-8ec4-c4f6bb80632a-groupManagement] INFO  server.RaftServerConfigKeys (ConfUtils.java:logGet(46)) - raft.server.read.read-after-write-consistent.write-index-cache.expiry-time = 60s (default)
2024-01-24 13:21:56,658 [9068a27b-4a68-4e87-8ec4-c4f6bb80632a-groupManagement] INFO  server.RaftServerConfigKeys (ConfUtils.java:logGet(46)) - raft.server.rpc.request.timeout = 60s (custom)
2024-01-24 13:21:56,659 [9068a27b-4a68-4e87-8ec4-c4f6bb80632a-groupManagement] INFO  server.RaftServerConfigKeys (ConfUtils.java:logGet(46)) - raft.server.log.appender.install.snapshot.enabled = false (custom)
2024-01-24 13:21:56,659 [9068a27b-4a68-4e87-8ec4-c4f6bb80632a-groupManagement] INFO  server.RaftServerConfigKeys (ConfUtils.java:logGet(46)) - raft.server.threadpool.server.cached = true (default)
2024-01-24 13:21:56,659 [9068a27b-4a68-4e87-8ec4-c4f6bb80632a-groupManagement] INFO  server.RaftServerConfigKeys (ConfUtils.java:logGet(46)) - raft.server.threadpool.server.size = 0 (default)
2024-01-24 13:21:56,660 [9068a27b-4a68-4e87-8ec4-c4f6bb80632a-groupManagement] INFO  server.RaftServerConfigKeys (ConfUtils.java:logGet(46)) - raft.server.threadpool.client.cached = true (default)
2024-01-24 13:21:56,660 [9068a27b-4a68-4e87-8ec4-c4f6bb80632a-groupManagement] INFO  server.RaftServerConfigKeys (ConfUtils.java:logGet(46)) - raft.server.threadpool.client.size = 0 (default)
2024-01-24 13:21:56,660 [9068a27b-4a68-4e87-8ec4-c4f6bb80632a-groupManagement] INFO  server.RaftServerConfigKeys (ConfUtils.java:logGet(46)) - raft.server.storage.free-space.min = 0MB (=0) (default)
2024-01-24 13:21:56,661 [9068a27b-4a68-4e87-8ec4-c4f6bb80632a-groupManagement] INFO  server.RaftServerConfigKeys (ConfUtils.java:logGet(46)) - raft.server.log.corruption.policy = EXCEPTION (default)
2024-01-24 13:21:56,661 [9068a27b-4a68-4e87-8ec4-c4f6bb80632a-groupManagement] INFO  server.RaftServerConfigKeys (ConfUtils.java:logGet(46)) - raft.server.storage.dir = [/home/runner/work/ozone/ozone/hadoop-ozone/integration-test/target/test-dir/MiniOzoneClusterImpl-977364ef-3bcb-48d3-9f9f-52826038909b/datanode-2/data/ratis] (custom)
2024-01-24 13:21:56,662 [9068a27b-4a68-4e87-8ec4-c4f6bb80632a-groupManagement] INFO  storage.RaftStorageDirectory (RaftStorageDirectoryImpl.java:analyzeStorage(138)) - The storage directory /home/runner/work/ozone/ozone/hadoop-ozone/integration-test/target/test-dir/MiniOzoneClusterImpl-977364ef-3bcb-48d3-9f9f-52826038909b/datanode-2/data/ratis/eec8129e-ea39-4308-b8df-a47c4e6332d7 does not exist. Creating ...
2024-01-24 13:21:56,663 [9068a27b-4a68-4e87-8ec4-c4f6bb80632a-groupManagement] INFO  storage.RaftStorageDirectory (RaftStorageDirectoryImpl.java:tryLock(228)) - Lock on /home/runner/work/ozone/ozone/hadoop-ozone/integration-test/target/test-dir/MiniOzoneClusterImpl-977364ef-3bcb-48d3-9f9f-52826038909b/datanode-2/data/ratis/eec8129e-ea39-4308-b8df-a47c4e6332d7/in_use.lock acquired by nodename 37754@fv-az1248-499
2024-01-24 13:21:56,665 [9068a27b-4a68-4e87-8ec4-c4f6bb80632a-groupManagement] INFO  storage.RaftStorage (RaftStorageImpl.java:format(99)) - Storage directory /home/runner/work/ozone/ozone/hadoop-ozone/integration-test/target/test-dir/MiniOzoneClusterImpl-977364ef-3bcb-48d3-9f9f-52826038909b/datanode-2/data/ratis/eec8129e-ea39-4308-b8df-a47c4e6332d7 has been successfully formatted.
2024-01-24 13:21:56,665 [9068a27b-4a68-4e87-8ec4-c4f6bb80632a-groupManagement] WARN  util.FileUtils (LogUtils.java:supplyAndLog(63)) - Failed to Files.newInputStream /home/runner/work/ozone/ozone/hadoop-ozone/integration-test/target/test-dir/MiniOzoneClusterImpl-977364ef-3bcb-48d3-9f9f-52826038909b/datanode-2/data/ratis/eec8129e-ea39-4308-b8df-a47c4e6332d7/current/raft-meta.conf with options []: java.nio.file.NoSuchFileException: /home/runner/work/ozone/ozone/hadoop-ozone/integration-test/target/test-dir/MiniOzoneClusterImpl-977364ef-3bcb-48d3-9f9f-52826038909b/datanode-2/data/ratis/eec8129e-ea39-4308-b8df-a47c4e6332d7/current/raft-meta.conf
2024-01-24 13:21:56,666 [9068a27b-4a68-4e87-8ec4-c4f6bb80632a-groupManagement] INFO  ratis.ContainerStateMachine (ContainerStateMachine.java:loadSnapshot(287)) - group-A47C4E6332D7: The snapshot info is null. Setting the last applied index to:(t:0, i:~)
2024-01-24 13:21:56,666 [9068a27b-4a68-4e87-8ec4-c4f6bb80632a-groupManagement] INFO  server.RaftServerConfigKeys (ConfUtils.java:logGet(46)) - raft.server.log.use.memory = false (default)
2024-01-24 13:21:56,667 [9068a27b-4a68-4e87-8ec4-c4f6bb80632a-groupManagement] INFO  server.RaftServerConfigKeys (ConfUtils.java:logGet(46)) - raft.server.log.purge.gap = 1000000 (custom)
2024-01-24 13:21:56,667 [9068a27b-4a68-4e87-8ec4-c4f6bb80632a-groupManagement] INFO  server.RaftServerConfigKeys (ConfUtils.java:logGet(46)) - raft.server.log.appender.buffer.byte-limit = 8388608 (custom)
2024-01-24 13:21:56,667 [9068a27b-4a68-4e87-8ec4-c4f6bb80632a-groupManagement] INFO  server.RaftServerConfigKeys (ConfUtils.java:logGet(46)) - raft.server.log.statemachine.data.read.timeout = 1000ms (default)
2024-01-24 13:21:56,667 [9068a27b-4a68-4e87-8ec4-c4f6bb80632a-groupManagement] INFO  server.RaftServerConfigKeys (ConfUtils.java:logGet(46)) - raft.server.log.purge.preservation.log.num = 0 (default)
2024-01-24 13:21:56,668 [9068a27b-4a68-4e87-8ec4-c4f6bb80632a-groupManagement] INFO  server.RaftServerConfigKeys (ConfUtils.java:logGet(46)) - raft.server.log.segment.size.max = 67108864 (custom)
2024-01-24 13:21:56,669 [9068a27b-4a68-4e87-8ec4-c4f6bb80632a-groupManagement] INFO  server.RaftServerConfigKeys (ConfUtils.java:logGet(46)) - raft.server.log.segment.cache.num.max = 2 (custom)
2024-01-24 13:21:56,669 [9068a27b-4a68-4e87-8ec4-c4f6bb80632a-groupManagement] INFO  server.RaftServerConfigKeys (ConfUtils.java:logGet(46)) - raft.server.log.segment.cache.size.max = 200MB (=209715200) (default)
2024-01-24 13:21:56,669 [9068a27b-4a68-4e87-8ec4-c4f6bb80632a-groupManagement] INFO  server.RaftServerConfigKeys (ConfUtils.java:logGet(46)) - raft.server.log.appender.buffer.byte-limit = 8388608 (custom)
2024-01-24 13:21:56,674 [9068a27b-4a68-4e87-8ec4-c4f6bb80632a-groupManagement] INFO  util.AwaitToRun (AwaitToRun.java:start(81)) - Thread[9068a27b-4a68-4e87-8ec4-c4f6bb80632a@group-A47C4E6332D7-cacheEviction-AwaitToRun,5,main] started
2024-01-24 13:21:56,674 [9068a27b-4a68-4e87-8ec4-c4f6bb80632a-groupManagement] INFO  segmented.SegmentedRaftLogWorker (SegmentedRaftLogWorker.java:<init>(182)) - new 9068a27b-4a68-4e87-8ec4-c4f6bb80632a@group-A47C4E6332D7-SegmentedRaftLogWorker for RaftStorageImpl:Storage Directory /home/runner/work/ozone/ozone/hadoop-ozone/integration-test/target/test-dir/MiniOzoneClusterImpl-977364ef-3bcb-48d3-9f9f-52826038909b/datanode-2/data/ratis/eec8129e-ea39-4308-b8df-a47c4e6332d7
2024-01-24 13:21:56,674 [9068a27b-4a68-4e87-8ec4-c4f6bb80632a-groupManagement] INFO  server.RaftServerConfigKeys (ConfUtils.java:logGet(46)) - raft.server.log.queue.byte-limit = 4294967296 (custom)
2024-01-24 13:21:56,674 [9068a27b-4a68-4e87-8ec4-c4f6bb80632a-groupManagement] INFO  server.RaftServerConfigKeys (ConfUtils.java:logGet(46)) - raft.server.log.queue.element-limit = 1024 (custom)
2024-01-24 13:21:56,674 [9068a27b-4a68-4e87-8ec4-c4f6bb80632a-groupManagement] INFO  server.RaftServerConfigKeys (ConfUtils.java:logGet(46)) - raft.server.log.segment.size.max = 67108864 (custom)
2024-01-24 13:21:56,674 [9068a27b-4a68-4e87-8ec4-c4f6bb80632a-groupManagement] INFO  server.RaftServerConfigKeys (ConfUtils.java:logGet(46)) - raft.server.log.preallocated.size = 4194304 (custom)
2024-01-24 13:21:56,675 [9068a27b-4a68-4e87-8ec4-c4f6bb80632a-groupManagement] INFO  server.RaftServerConfigKeys (ConfUtils.java:logGet(46)) - raft.server.log.force.sync.num = 128 (default)
2024-01-24 13:21:56,675 [9068a27b-4a68-4e87-8ec4-c4f6bb80632a-groupManagement] INFO  server.RaftServerConfigKeys (ConfUtils.java:logGet(46)) - raft.server.log.statemachine.data.sync = true (default)
2024-01-24 13:21:56,675 [9068a27b-4a68-4e87-8ec4-c4f6bb80632a-groupManagement] INFO  server.RaftServerConfigKeys (ConfUtils.java:logGet(46)) - raft.server.log.statemachine.data.sync.timeout = 10s (default)
2024-01-24 13:21:56,675 [9068a27b-4a68-4e87-8ec4-c4f6bb80632a-groupManagement] INFO  server.RaftServerConfigKeys (ConfUtils.java:logGet(46)) - raft.server.log.statemachine.data.sync.timeout.retry = 0 (custom)
2024-01-24 13:21:56,687 [9068a27b-4a68-4e87-8ec4-c4f6bb80632a-groupManagement] INFO  server.RaftServerConfigKeys (ConfUtils.java:logGet(46)) - raft.server.log.write.buffer.size = 8388616 (custom)
2024-01-24 13:21:56,686 [EventQueue-OpenPipelineForHealthyPipelineSafeModeRule] INFO  safemode.SCMSafeModeManager (HealthyPipelineSafeModeRule.java:process(140)) - SCM in safe mode. Healthy pipelines reported count is 0, required healthy pipeline reported count is 1
2024-01-24 13:21:56,689 [9068a27b-4a68-4e87-8ec4-c4f6bb80632a-groupManagement] INFO  server.RaftServerConfigKeys (ConfUtils.java:logGet(46)) - raft.server.log.appender.buffer.byte-limit = 8388608 (custom)
2024-01-24 13:21:56,690 [9068a27b-4a68-4e87-8ec4-c4f6bb80632a-groupManagement] INFO  server.RaftServerConfigKeys (ConfUtils.java:logGet(46)) - raft.server.log.unsafe-flush.enabled = false (default)
2024-01-24 13:21:56,691 [9068a27b-4a68-4e87-8ec4-c4f6bb80632a-groupManagement] INFO  server.RaftServerConfigKeys (ConfUtils.java:logGet(46)) - raft.server.log.async-flush.enabled = false (default)
2024-01-24 13:21:56,691 [9068a27b-4a68-4e87-8ec4-c4f6bb80632a-groupManagement] INFO  server.RaftServerConfigKeys (ConfUtils.java:logGet(46)) - raft.server.log.statemachine.data.caching.enabled = true (custom)
2024-01-24 13:21:56,691 [9068a27b-4a68-4e87-8ec4-c4f6bb80632a-groupManagement] INFO  segmented.SegmentedRaftLogWorker (SegmentedRaftLogWorker.java:lambda$new$0(134)) - 9068a27b-4a68-4e87-8ec4-c4f6bb80632a@group-A47C4E6332D7-SegmentedRaftLogWorker: flushIndex: setUnconditionally 0 -> -1
2024-01-24 13:21:56,692 [9068a27b-4a68-4e87-8ec4-c4f6bb80632a-groupManagement] INFO  segmented.SegmentedRaftLogWorker (SegmentedRaftLogWorker.java:lambda$new$0(134)) - 9068a27b-4a68-4e87-8ec4-c4f6bb80632a@group-A47C4E6332D7-SegmentedRaftLogWorker: safeCacheEvictIndex: setUnconditionally 0 -> -1
2024-01-24 13:21:56,692 [9068a27b-4a68-4e87-8ec4-c4f6bb80632a-groupManagement] INFO  server.RaftServer$Division (RaftServerImpl.java:start(396)) - 9068a27b-4a68-4e87-8ec4-c4f6bb80632a@group-A47C4E6332D7: start as a follower, conf=-1: peers:[8ca4a470-ffd7-4121-87b3-5ed67d6215df|10.1.0.10:15023, 6e18b67a-af4b-4b8c-bc51-449eebbe6b79|10.1.0.10:15014, 9068a27b-4a68-4e87-8ec4-c4f6bb80632a|10.1.0.10:15032]|listeners:[], old=null
2024-01-24 13:21:56,692 [9068a27b-4a68-4e87-8ec4-c4f6bb80632a-groupManagement] INFO  server.RaftServer$Division (RaftServerImpl.java:setRole(383)) - 9068a27b-4a68-4e87-8ec4-c4f6bb80632a@group-A47C4E6332D7: changes role from      null to FOLLOWER at term 0 for startAsFollower
2024-01-24 13:21:56,693 [9068a27b-4a68-4e87-8ec4-c4f6bb80632a-groupManagement] INFO  impl.RoleInfo (RoleInfo.java:updateAndGet(139)) - 9068a27b-4a68-4e87-8ec4-c4f6bb80632a: start 9068a27b-4a68-4e87-8ec4-c4f6bb80632a@group-A47C4E6332D7-FollowerState
2024-01-24 13:21:56,693 [9068a27b-4a68-4e87-8ec4-c4f6bb80632a-groupManagement] INFO  util.JmxRegister (JmxRegister.java:tryRegister(44)) - Successfully registered JMX Bean with object name Ratis:service=RaftServer,group=group-A47C4E6332D7,id=9068a27b-4a68-4e87-8ec4-c4f6bb80632a
2024-01-24 13:21:56,693 [9068a27b-4a68-4e87-8ec4-c4f6bb80632a-groupManagement] INFO  server.RaftServerConfigKeys (ConfUtils.java:logGet(46)) - raft.server.snapshot.trigger-when-stop.enabled = true (default)
2024-01-24 13:21:56,693 [9068a27b-4a68-4e87-8ec4-c4f6bb80632a-groupManagement] INFO  server.RaftServerConfigKeys (ConfUtils.java:logGet(46)) - raft.server.snapshot.auto.trigger.enabled = true (custom)
2024-01-24 13:21:56,693 [9068a27b-4a68-4e87-8ec4-c4f6bb80632a-groupManagement] INFO  server.RaftServerConfigKeys (ConfUtils.java:logGet(46)) - raft.server.snapshot.auto.trigger.threshold = 10000 (custom)
2024-01-24 13:21:56,694 [9068a27b-4a68-4e87-8ec4-c4f6bb80632a-groupManagement] INFO  server.RaftServerConfigKeys (ConfUtils.java:logGet(46)) - raft.server.snapshot.retention.file.num = 5 (custom)
2024-01-24 13:21:56,694 [9068a27b-4a68-4e87-8ec4-c4f6bb80632a-groupManagement] INFO  server.RaftServerConfigKeys (ConfUtils.java:logGet(46)) - raft.server.log.purge.upto.snapshot.index = false (default)
2024-01-24 13:21:56,695 [9068a27b-4a68-4e87-8ec4-c4f6bb80632a@group-A47C4E6332D7-FollowerState] INFO  server.RaftServerConfigKeys (ConfUtils.java:logFallback(53)) - raft.server.rpc.first-election.timeout.min = 5s (fallback to raft.server.rpc.timeout.min)
2024-01-24 13:21:56,695 [9068a27b-4a68-4e87-8ec4-c4f6bb80632a@group-A47C4E6332D7-FollowerState] INFO  server.RaftServerConfigKeys (ConfUtils.java:logFallback(53)) - raft.server.rpc.first-election.timeout.max = 5200ms (fallback to raft.server.rpc.timeout.max)
2024-01-24 13:21:56,698 [9068a27b-4a68-4e87-8ec4-c4f6bb80632a-PipelineCommandHandlerThread-0] INFO  ratis.XceiverServerRatis (XceiverServerRatis.java:addGroup(842)) - Created group PipelineID=eec8129e-ea39-4308-b8df-a47c4e6332d7
2024-01-24 13:21:56,970 [8ca4a470-ffd7-4121-87b3-5ed67d6215df-PipelineCommandHandlerThread-0] INFO  commandhandler.CreatePipelineCommandHandler (CreatePipelineCommandHandler.java:lambda$handle$2(124)) - Created Pipeline RATIS THREE PipelineID=eec8129e-ea39-4308-b8df-a47c4e6332d7.
2024-01-24 13:21:56,971 [9068a27b-4a68-4e87-8ec4-c4f6bb80632a-PipelineCommandHandlerThread-0] INFO  commandhandler.CreatePipelineCommandHandler (CreatePipelineCommandHandler.java:lambda$handle$2(124)) - Created Pipeline RATIS THREE PipelineID=eec8129e-ea39-4308-b8df-a47c4e6332d7.
2024-01-24 13:21:56,972 [8ca4a470-ffd7-4121-87b3-5ed67d6215df-PipelineCommandHandlerThread-0] INFO  server.RaftServer (RaftServerProxy.java:addNew(100)) - 8ca4a470-ffd7-4121-87b3-5ed67d6215df: addNew group-8F81C0D01C8F:[8ca4a470-ffd7-4121-87b3-5ed67d6215df|10.1.0.10:15023, 6e18b67a-af4b-4b8c-bc51-449eebbe6b79|10.1.0.10:15014, 9068a27b-4a68-4e87-8ec4-c4f6bb80632a|10.1.0.10:15032] returns group-8F81C0D01C8F:java.util.concurrent.CompletableFuture@7de9246f[Not completed]
2024-01-24 13:21:56,973 [6e18b67a-af4b-4b8c-bc51-449eebbe6b79-PipelineCommandHandlerThread-0] INFO  commandhandler.CreatePipelineCommandHandler (CreatePipelineCommandHandler.java:lambda$handle$2(124)) - Created Pipeline RATIS THREE PipelineID=eec8129e-ea39-4308-b8df-a47c4e6332d7.
2024-01-24 13:21:56,973 [9068a27b-4a68-4e87-8ec4-c4f6bb80632a-PipelineCommandHandlerThread-0] INFO  server.RaftServer (RaftServerProxy.java:addNew(100)) - 9068a27b-4a68-4e87-8ec4-c4f6bb80632a: addNew group-8F81C0D01C8F:[8ca4a470-ffd7-4121-87b3-5ed67d6215df|10.1.0.10:15023, 6e18b67a-af4b-4b8c-bc51-449eebbe6b79|10.1.0.10:15014, 9068a27b-4a68-4e87-8ec4-c4f6bb80632a|10.1.0.10:15032] returns group-8F81C0D01C8F:java.util.concurrent.CompletableFuture@751edbd[Not completed]
2024-01-24 13:21:56,974 [6e18b67a-af4b-4b8c-bc51-449eebbe6b79-PipelineCommandHandlerThread-0] INFO  server.RaftServer (RaftServerProxy.java:addNew(100)) - 6e18b67a-af4b-4b8c-bc51-449eebbe6b79: addNew group-8F81C0D01C8F:[8ca4a470-ffd7-4121-87b3-5ed67d6215df|10.1.0.10:15023, 6e18b67a-af4b-4b8c-bc51-449eebbe6b79|10.1.0.10:15014, 9068a27b-4a68-4e87-8ec4-c4f6bb80632a|10.1.0.10:15032] returns group-8F81C0D01C8F:java.util.concurrent.CompletableFuture@37f08530[Not completed]
2024-01-24 13:21:56,974 [8ca4a470-ffd7-4121-87b3-5ed67d6215df-groupManagement] INFO  server.RaftServer$Division (RaftServerImpl.java:<init>(256)) - 8ca4a470-ffd7-4121-87b3-5ed67d6215df: new RaftServerImpl for group-8F81C0D01C8F:[8ca4a470-ffd7-4121-87b3-5ed67d6215df|10.1.0.10:15023, 6e18b67a-af4b-4b8c-bc51-449eebbe6b79|10.1.0.10:15014, 9068a27b-4a68-4e87-8ec4-c4f6bb80632a|10.1.0.10:15032] with ContainerStateMachine:uninitialized
2024-01-24 13:21:56,974 [8ca4a470-ffd7-4121-87b3-5ed67d6215df-groupManagement] INFO  server.RaftServerConfigKeys (ConfUtils.java:logGet(46)) - raft.server.rpc.timeout.min = 5s (custom)
2024-01-24 13:21:56,974 [8ca4a470-ffd7-4121-87b3-5ed67d6215df-groupManagement] INFO  server.RaftServerConfigKeys (ConfUtils.java:logGet(46)) - raft.server.rpc.timeout.max = 5200ms (custom)
2024-01-24 13:21:56,974 [8ca4a470-ffd7-4121-87b3-5ed67d6215df-groupManagement] INFO  server.RaftServerConfigKeys (ConfUtils.java:logGet(46)) - raft.server.rpc.sleep.time = 25ms (default)
2024-01-24 13:21:56,974 [8ca4a470-ffd7-4121-87b3-5ed67d6215df-groupManagement] INFO  server.RaftServerConfigKeys (ConfUtils.java:logGet(46)) - raft.server.rpc.slowness.timeout = 300s (custom)
2024-01-24 13:21:56,975 [8ca4a470-ffd7-4121-87b3-5ed67d6215df-groupManagement] INFO  server.RaftServerConfigKeys (ConfUtils.java:logGet(46)) - raft.server.leaderelection.leader.step-down.wait-time = 10s (default)
2024-01-24 13:21:56,975 [9068a27b-4a68-4e87-8ec4-c4f6bb80632a-groupManagement] INFO  server.RaftServer$Division (RaftServerImpl.java:<init>(256)) - 9068a27b-4a68-4e87-8ec4-c4f6bb80632a: new RaftServerImpl for group-8F81C0D01C8F:[8ca4a470-ffd7-4121-87b3-5ed67d6215df|10.1.0.10:15023, 6e18b67a-af4b-4b8c-bc51-449eebbe6b79|10.1.0.10:15014, 9068a27b-4a68-4e87-8ec4-c4f6bb80632a|10.1.0.10:15032] with ContainerStateMachine:uninitialized
2024-01-24 13:21:56,975 [9068a27b-4a68-4e87-8ec4-c4f6bb80632a-groupManagement] INFO  server.RaftServerConfigKeys (ConfUtils.java:logGet(46)) - raft.server.rpc.timeout.min = 5s (custom)
2024-01-24 13:21:56,975 [9068a27b-4a68-4e87-8ec4-c4f6bb80632a-groupManagement] INFO  server.RaftServerConfigKeys (ConfUtils.java:logGet(46)) - raft.server.rpc.timeout.max = 5200ms (custom)
2024-01-24 13:21:56,975 [9068a27b-4a68-4e87-8ec4-c4f6bb80632a-groupManagement] INFO  server.RaftServerConfigKeys (ConfUtils.java:logGet(46)) - raft.server.rpc.sleep.time = 25ms (default)
2024-01-24 13:21:56,975 [9068a27b-4a68-4e87-8ec4-c4f6bb80632a-groupManagement] INFO  server.RaftServerConfigKeys (ConfUtils.java:logGet(46)) - raft.server.rpc.slowness.timeout = 300s (custom)
2024-01-24 13:21:56,975 [9068a27b-4a68-4e87-8ec4-c4f6bb80632a-groupManagement] INFO  server.RaftServerConfigKeys (ConfUtils.java:logGet(46)) - raft.server.leaderelection.leader.step-down.wait-time = 10s (default)
2024-01-24 13:21:56,975 [9068a27b-4a68-4e87-8ec4-c4f6bb80632a-groupManagement] INFO  server.RaftServerConfigKeys (ConfUtils.java:logGet(46)) - raft.server.leaderelection.member.majority-add = false (default)
2024-01-24 13:21:56,975 [9068a27b-4a68-4e87-8ec4-c4f6bb80632a-groupManagement] INFO  server.RaftServerConfigKeys (ConfUtils.java:logGet(46)) - raft.server.sleep.deviation.threshold = 300ms (default)
2024-01-24 13:21:56,975 [9068a27b-4a68-4e87-8ec4-c4f6bb80632a-groupManagement] INFO  server.RaftServer$Division (ServerState.java:<init>(113)) - 9068a27b-4a68-4e87-8ec4-c4f6bb80632a@group-8F81C0D01C8F: ConfigurationManager, init=-1: peers:[8ca4a470-ffd7-4121-87b3-5ed67d6215df|10.1.0.10:15023, 6e18b67a-af4b-4b8c-bc51-449eebbe6b79|10.1.0.10:15014, 9068a27b-4a68-4e87-8ec4-c4f6bb80632a|10.1.0.10:15032]|listeners:[], old=null, confs=<EMPTY_MAP>
2024-01-24 13:21:56,975 [9068a27b-4a68-4e87-8ec4-c4f6bb80632a-groupManagement] INFO  server.RaftServerConfigKeys (ConfUtils.java:logGet(46)) - raft.server.notification.no-leader.timeout = 300s (custom)
2024-01-24 13:21:56,976 [9068a27b-4a68-4e87-8ec4-c4f6bb80632a-groupManagement] INFO  server.RaftServerConfigKeys (ConfUtils.java:logGet(46)) - raft.server.read.timeout = 10s (default)
2024-01-24 13:21:56,976 [9068a27b-4a68-4e87-8ec4-c4f6bb80632a-groupManagement] INFO  server.RaftServerConfigKeys (ConfUtils.java:logGet(46)) - raft.server.retrycache.expirytime = 600000ms (custom)
2024-01-24 13:21:56,976 [9068a27b-4a68-4e87-8ec4-c4f6bb80632a-groupManagement] INFO  server.RaftServerConfigKeys (ConfUtils.java:logGet(46)) - raft.server.retrycache.statistics.expirytime = 100ms (default)
2024-01-24 13:21:56,976 [9068a27b-4a68-4e87-8ec4-c4f6bb80632a-groupManagement] INFO  server.RaftServerConfigKeys (ConfUtils.java:logGet(46)) - raft.server.read.option = DEFAULT (default)
2024-01-24 13:21:56,976 [9068a27b-4a68-4e87-8ec4-c4f6bb80632a-groupManagement] INFO  server.RaftServerConfigKeys (ConfUtils.java:logGet(46)) - raft.server.read.read-after-write-consistent.write-index-cache.expiry-time = 60s (default)
2024-01-24 13:21:56,978 [9068a27b-4a68-4e87-8ec4-c4f6bb80632a-groupManagement] INFO  server.RaftServerConfigKeys (ConfUtils.java:logGet(46)) - raft.server.rpc.request.timeout = 60s (custom)
2024-01-24 13:21:56,978 [9068a27b-4a68-4e87-8ec4-c4f6bb80632a-groupManagement] INFO  server.RaftServerConfigKeys (ConfUtils.java:logGet(46)) - raft.server.log.appender.install.snapshot.enabled = false (custom)
2024-01-24 13:21:56,978 [9068a27b-4a68-4e87-8ec4-c4f6bb80632a-groupManagement] INFO  server.RaftServerConfigKeys (ConfUtils.java:logGet(46)) - raft.server.threadpool.server.cached = true (default)
2024-01-24 13:21:56,978 [9068a27b-4a68-4e87-8ec4-c4f6bb80632a-groupManagement] INFO  server.RaftServerConfigKeys (ConfUtils.java:logGet(46)) - raft.server.threadpool.server.size = 0 (default)
2024-01-24 13:21:56,978 [9068a27b-4a68-4e87-8ec4-c4f6bb80632a-groupManagement] INFO  server.RaftServerConfigKeys (ConfUtils.java:logGet(46)) - raft.server.threadpool.client.cached = true (default)
2024-01-24 13:21:56,978 [9068a27b-4a68-4e87-8ec4-c4f6bb80632a-groupManagement] INFO  server.RaftServerConfigKeys (ConfUtils.java:logGet(46)) - raft.server.threadpool.client.size = 0 (default)
2024-01-24 13:21:56,978 [9068a27b-4a68-4e87-8ec4-c4f6bb80632a-groupManagement] INFO  server.RaftServerConfigKeys (ConfUtils.java:logGet(46)) - raft.server.storage.free-space.min = 0MB (=0) (default)
2024-01-24 13:21:56,979 [9068a27b-4a68-4e87-8ec4-c4f6bb80632a-groupManagement] INFO  server.RaftServerConfigKeys (ConfUtils.java:logGet(46)) - raft.server.log.corruption.policy = EXCEPTION (default)
2024-01-24 13:21:56,980 [9068a27b-4a68-4e87-8ec4-c4f6bb80632a-groupManagement] INFO  server.RaftServerConfigKeys (ConfUtils.java:logGet(46)) - raft.server.storage.dir = [/home/runner/work/ozone/ozone/hadoop-ozone/integration-test/target/test-dir/MiniOzoneClusterImpl-977364ef-3bcb-48d3-9f9f-52826038909b/datanode-2/data/ratis] (custom)
2024-01-24 13:21:56,980 [9068a27b-4a68-4e87-8ec4-c4f6bb80632a-groupManagement] INFO  storage.RaftStorageDirectory (RaftStorageDirectoryImpl.java:analyzeStorage(138)) - The storage directory /home/runner/work/ozone/ozone/hadoop-ozone/integration-test/target/test-dir/MiniOzoneClusterImpl-977364ef-3bcb-48d3-9f9f-52826038909b/datanode-2/data/ratis/d4eb80f3-79ab-401e-91e1-8f81c0d01c8f does not exist. Creating ...
2024-01-24 13:21:56,975 [8ca4a470-ffd7-4121-87b3-5ed67d6215df-groupManagement] INFO  server.RaftServerConfigKeys (ConfUtils.java:logGet(46)) - raft.server.leaderelection.member.majority-add = false (default)
2024-01-24 13:21:56,980 [8ca4a470-ffd7-4121-87b3-5ed67d6215df-groupManagement] INFO  server.RaftServerConfigKeys (ConfUtils.java:logGet(46)) - raft.server.sleep.deviation.threshold = 300ms (default)
2024-01-24 13:21:56,981 [8ca4a470-ffd7-4121-87b3-5ed67d6215df-groupManagement] INFO  server.RaftServer$Division (ServerState.java:<init>(113)) - 8ca4a470-ffd7-4121-87b3-5ed67d6215df@group-8F81C0D01C8F: ConfigurationManager, init=-1: peers:[8ca4a470-ffd7-4121-87b3-5ed67d6215df|10.1.0.10:15023, 6e18b67a-af4b-4b8c-bc51-449eebbe6b79|10.1.0.10:15014, 9068a27b-4a68-4e87-8ec4-c4f6bb80632a|10.1.0.10:15032]|listeners:[], old=null, confs=<EMPTY_MAP>
2024-01-24 13:21:56,981 [8ca4a470-ffd7-4121-87b3-5ed67d6215df-groupManagement] INFO  server.RaftServerConfigKeys (ConfUtils.java:logGet(46)) - raft.server.notification.no-leader.timeout = 300s (custom)
2024-01-24 13:21:56,981 [8ca4a470-ffd7-4121-87b3-5ed67d6215df-groupManagement] INFO  server.RaftServerConfigKeys (ConfUtils.java:logGet(46)) - raft.server.read.timeout = 10s (default)
2024-01-24 13:21:56,981 [8ca4a470-ffd7-4121-87b3-5ed67d6215df-groupManagement] INFO  server.RaftServerConfigKeys (ConfUtils.java:logGet(46)) - raft.server.retrycache.expirytime = 600000ms (custom)
2024-01-24 13:21:56,981 [8ca4a470-ffd7-4121-87b3-5ed67d6215df-groupManagement] INFO  server.RaftServerConfigKeys (ConfUtils.java:logGet(46)) - raft.server.retrycache.statistics.expirytime = 100ms (default)
2024-01-24 13:21:56,981 [8ca4a470-ffd7-4121-87b3-5ed67d6215df-groupManagement] INFO  server.RaftServerConfigKeys (ConfUtils.java:logGet(46)) - raft.server.read.option = DEFAULT (default)
2024-01-24 13:21:56,981 [8ca4a470-ffd7-4121-87b3-5ed67d6215df-groupManagement] INFO  server.RaftServerConfigKeys (ConfUtils.java:logGet(46)) - raft.server.read.read-after-write-consistent.write-index-cache.expiry-time = 60s (default)
2024-01-24 13:21:56,979 [6e18b67a-af4b-4b8c-bc51-449eebbe6b79-groupManagement] INFO  server.RaftServer$Division (RaftServerImpl.java:<init>(256)) - 6e18b67a-af4b-4b8c-bc51-449eebbe6b79: new RaftServerImpl for group-8F81C0D01C8F:[8ca4a470-ffd7-4121-87b3-5ed67d6215df|10.1.0.10:15023, 6e18b67a-af4b-4b8c-bc51-449eebbe6b79|10.1.0.10:15014, 9068a27b-4a68-4e87-8ec4-c4f6bb80632a|10.1.0.10:15032] with ContainerStateMachine:uninitialized
2024-01-24 13:21:56,982 [6e18b67a-af4b-4b8c-bc51-449eebbe6b79-groupManagement] INFO  server.RaftServerConfigKeys (ConfUtils.java:logGet(46)) - raft.server.rpc.timeout.min = 5s (custom)
2024-01-24 13:21:56,982 [6e18b67a-af4b-4b8c-bc51-449eebbe6b79-groupManagement] INFO  server.RaftServerConfigKeys (ConfUtils.java:logGet(46)) - raft.server.rpc.timeout.max = 5200ms (custom)
2024-01-24 13:21:56,982 [6e18b67a-af4b-4b8c-bc51-449eebbe6b79-groupManagement] INFO  server.RaftServerConfigKeys (ConfUtils.java:logGet(46)) - raft.server.rpc.sleep.time = 25ms (default)
2024-01-24 13:21:56,982 [6e18b67a-af4b-4b8c-bc51-449eebbe6b79-groupManagement] INFO  server.RaftServerConfigKeys (ConfUtils.java:logGet(46)) - raft.server.rpc.slowness.timeout = 300s (custom)
2024-01-24 13:21:56,982 [6e18b67a-af4b-4b8c-bc51-449eebbe6b79-groupManagement] INFO  server.RaftServerConfigKeys (ConfUtils.java:logGet(46)) - raft.server.leaderelection.leader.step-down.wait-time = 10s (default)
2024-01-24 13:21:56,982 [6e18b67a-af4b-4b8c-bc51-449eebbe6b79-groupManagement] INFO  server.RaftServerConfigKeys (ConfUtils.java:logGet(46)) - raft.server.leaderelection.member.majority-add = false (default)
2024-01-24 13:21:56,982 [6e18b67a-af4b-4b8c-bc51-449eebbe6b79-groupManagement] INFO  server.RaftServerConfigKeys (ConfUtils.java:logGet(46)) - raft.server.sleep.deviation.threshold = 300ms (default)
2024-01-24 13:21:56,982 [6e18b67a-af4b-4b8c-bc51-449eebbe6b79-groupManagement] INFO  server.RaftServer$Division (ServerState.java:<init>(113)) - 6e18b67a-af4b-4b8c-bc51-449eebbe6b79@group-8F81C0D01C8F: ConfigurationManager, init=-1: peers:[8ca4a470-ffd7-4121-87b3-5ed67d6215df|10.1.0.10:15023, 6e18b67a-af4b-4b8c-bc51-449eebbe6b79|10.1.0.10:15014, 9068a27b-4a68-4e87-8ec4-c4f6bb80632a|10.1.0.10:15032]|listeners:[], old=null, confs=<EMPTY_MAP>
2024-01-24 13:21:56,983 [6e18b67a-af4b-4b8c-bc51-449eebbe6b79-groupManagement] INFO  server.RaftServerConfigKeys (ConfUtils.java:logGet(46)) - raft.server.notification.no-leader.timeout = 300s (custom)
2024-01-24 13:21:56,983 [6e18b67a-af4b-4b8c-bc51-449eebbe6b79-groupManagement] INFO  server.RaftServerConfigKeys (ConfUtils.java:logGet(46)) - raft.server.read.timeout = 10s (default)
2024-01-24 13:21:56,983 [6e18b67a-af4b-4b8c-bc51-449eebbe6b79-groupManagement] INFO  server.RaftServerConfigKeys (ConfUtils.java:logGet(46)) - raft.server.retrycache.expirytime = 600000ms (custom)
2024-01-24 13:21:56,983 [6e18b67a-af4b-4b8c-bc51-449eebbe6b79-groupManagement] INFO  server.RaftServerConfigKeys (ConfUtils.java:logGet(46)) - raft.server.retrycache.statistics.expirytime = 100ms (default)
2024-01-24 13:21:56,983 [6e18b67a-af4b-4b8c-bc51-449eebbe6b79-groupManagement] INFO  server.RaftServerConfigKeys (ConfUtils.java:logGet(46)) - raft.server.read.option = DEFAULT (default)
2024-01-24 13:21:56,983 [6e18b67a-af4b-4b8c-bc51-449eebbe6b79-groupManagement] INFO  server.RaftServerConfigKeys (ConfUtils.java:logGet(46)) - raft.server.read.read-after-write-consistent.write-index-cache.expiry-time = 60s (default)
2024-01-24 13:21:56,985 [9068a27b-4a68-4e87-8ec4-c4f6bb80632a-groupManagement] INFO  storage.RaftStorageDirectory (RaftStorageDirectoryImpl.java:tryLock(228)) - Lock on /home/runner/work/ozone/ozone/hadoop-ozone/integration-test/target/test-dir/MiniOzoneClusterImpl-977364ef-3bcb-48d3-9f9f-52826038909b/datanode-2/data/ratis/d4eb80f3-79ab-401e-91e1-8f81c0d01c8f/in_use.lock acquired by nodename 37754@fv-az1248-499
2024-01-24 13:21:56,987 [9068a27b-4a68-4e87-8ec4-c4f6bb80632a-groupManagement] INFO  storage.RaftStorage (RaftStorageImpl.java:format(99)) - Storage directory /home/runner/work/ozone/ozone/hadoop-ozone/integration-test/target/test-dir/MiniOzoneClusterImpl-977364ef-3bcb-48d3-9f9f-52826038909b/datanode-2/data/ratis/d4eb80f3-79ab-401e-91e1-8f81c0d01c8f has been successfully formatted.
2024-01-24 13:21:56,987 [9068a27b-4a68-4e87-8ec4-c4f6bb80632a-groupManagement] WARN  util.FileUtils (LogUtils.java:supplyAndLog(63)) - Failed to Files.newInputStream /home/runner/work/ozone/ozone/hadoop-ozone/integration-test/target/test-dir/MiniOzoneClusterImpl-977364ef-3bcb-48d3-9f9f-52826038909b/datanode-2/data/ratis/d4eb80f3-79ab-401e-91e1-8f81c0d01c8f/current/raft-meta.conf with options []: java.nio.file.NoSuchFileException: /home/runner/work/ozone/ozone/hadoop-ozone/integration-test/target/test-dir/MiniOzoneClusterImpl-977364ef-3bcb-48d3-9f9f-52826038909b/datanode-2/data/ratis/d4eb80f3-79ab-401e-91e1-8f81c0d01c8f/current/raft-meta.conf
2024-01-24 13:21:56,988 [8ca4a470-ffd7-4121-87b3-5ed67d6215df-groupManagement] INFO  server.RaftServerConfigKeys (ConfUtils.java:logGet(46)) - raft.server.rpc.request.timeout = 60s (custom)
2024-01-24 13:21:56,989 [8ca4a470-ffd7-4121-87b3-5ed67d6215df-groupManagement] INFO  server.RaftServerConfigKeys (ConfUtils.java:logGet(46)) - raft.server.log.appender.install.snapshot.enabled = false (custom)
2024-01-24 13:21:56,989 [8ca4a470-ffd7-4121-87b3-5ed67d6215df-groupManagement] INFO  server.RaftServerConfigKeys (ConfUtils.java:logGet(46)) - raft.server.threadpool.server.cached = true (default)
2024-01-24 13:21:56,989 [8ca4a470-ffd7-4121-87b3-5ed67d6215df-groupManagement] INFO  server.RaftServerConfigKeys (ConfUtils.java:logGet(46)) - raft.server.threadpool.server.size = 0 (default)
2024-01-24 13:21:56,989 [8ca4a470-ffd7-4121-87b3-5ed67d6215df-groupManagement] INFO  server.RaftServerConfigKeys (ConfUtils.java:logGet(46)) - raft.server.threadpool.client.cached = true (default)
2024-01-24 13:21:56,989 [8ca4a470-ffd7-4121-87b3-5ed67d6215df-groupManagement] INFO  server.RaftServerConfigKeys (ConfUtils.java:logGet(46)) - raft.server.threadpool.client.size = 0 (default)
2024-01-24 13:21:56,989 [8ca4a470-ffd7-4121-87b3-5ed67d6215df-groupManagement] INFO  server.RaftServerConfigKeys (ConfUtils.java:logGet(46)) - raft.server.storage.free-space.min = 0MB (=0) (default)
2024-01-24 13:21:56,989 [8ca4a470-ffd7-4121-87b3-5ed67d6215df-groupManagement] INFO  server.RaftServerConfigKeys (ConfUtils.java:logGet(46)) - raft.server.log.corruption.policy = EXCEPTION (default)
2024-01-24 13:21:56,989 [8ca4a470-ffd7-4121-87b3-5ed67d6215df-groupManagement] INFO  server.RaftServerConfigKeys (ConfUtils.java:logGet(46)) - raft.server.storage.dir = [/home/runner/work/ozone/ozone/hadoop-ozone/integration-test/target/test-dir/MiniOzoneClusterImpl-977364ef-3bcb-48d3-9f9f-52826038909b/datanode-1/data/ratis] (custom)
2024-01-24 13:21:56,990 [8ca4a470-ffd7-4121-87b3-5ed67d6215df-groupManagement] INFO  storage.RaftStorageDirectory (RaftStorageDirectoryImpl.java:analyzeStorage(138)) - The storage directory /home/runner/work/ozone/ozone/hadoop-ozone/integration-test/target/test-dir/MiniOzoneClusterImpl-977364ef-3bcb-48d3-9f9f-52826038909b/datanode-1/data/ratis/d4eb80f3-79ab-401e-91e1-8f81c0d01c8f does not exist. Creating ...
2024-01-24 13:21:56,992 [6e18b67a-af4b-4b8c-bc51-449eebbe6b79-groupManagement] INFO  server.RaftServerConfigKeys (ConfUtils.java:logGet(46)) - raft.server.rpc.request.timeout = 60s (custom)
2024-01-24 13:21:56,993 [8ca4a470-ffd7-4121-87b3-5ed67d6215df-groupManagement] INFO  storage.RaftStorageDirectory (RaftStorageDirectoryImpl.java:tryLock(228)) - Lock on /home/runner/work/ozone/ozone/hadoop-ozone/integration-test/target/test-dir/MiniOzoneClusterImpl-977364ef-3bcb-48d3-9f9f-52826038909b/datanode-1/data/ratis/d4eb80f3-79ab-401e-91e1-8f81c0d01c8f/in_use.lock acquired by nodename 37754@fv-az1248-499
2024-01-24 13:21:56,993 [6e18b67a-af4b-4b8c-bc51-449eebbe6b79-groupManagement] INFO  server.RaftServerConfigKeys (ConfUtils.java:logGet(46)) - raft.server.log.appender.install.snapshot.enabled = false (custom)
2024-01-24 13:21:56,994 [EventQueue-OpenPipelineForHealthyPipelineSafeModeRule] INFO  safemode.SCMSafeModeManager (HealthyPipelineSafeModeRule.java:process(140)) - SCM in safe mode. Healthy pipelines reported count is 0, required healthy pipeline reported count is 1
2024-01-24 13:21:56,995 [9068a27b-4a68-4e87-8ec4-c4f6bb80632a-groupManagement] INFO  ratis.ContainerStateMachine (ContainerStateMachine.java:loadSnapshot(287)) - group-8F81C0D01C8F: The snapshot info is null. Setting the last applied index to:(t:0, i:~)
2024-01-24 13:21:56,995 [9068a27b-4a68-4e87-8ec4-c4f6bb80632a-groupManagement] INFO  server.RaftServerConfigKeys (ConfUtils.java:logGet(46)) - raft.server.log.use.memory = false (default)
2024-01-24 13:21:56,995 [9068a27b-4a68-4e87-8ec4-c4f6bb80632a-groupManagement] INFO  server.RaftServerConfigKeys (ConfUtils.java:logGet(46)) - raft.server.log.purge.gap = 1000000 (custom)
2024-01-24 13:21:56,995 [9068a27b-4a68-4e87-8ec4-c4f6bb80632a-groupManagement] INFO  server.RaftServerConfigKeys (ConfUtils.java:logGet(46)) - raft.server.log.appender.buffer.byte-limit = 8388608 (custom)
2024-01-24 13:21:56,995 [9068a27b-4a68-4e87-8ec4-c4f6bb80632a-groupManagement] INFO  server.RaftServerConfigKeys (ConfUtils.java:logGet(46)) - raft.server.log.statemachine.data.read.timeout = 1000ms (default)
2024-01-24 13:21:56,995 [9068a27b-4a68-4e87-8ec4-c4f6bb80632a-groupManagement] INFO  server.RaftServerConfigKeys (ConfUtils.java:logGet(46)) - raft.server.log.purge.preservation.log.num = 0 (default)
2024-01-24 13:21:56,997 [9068a27b-4a68-4e87-8ec4-c4f6bb80632a-groupManagement] INFO  server.RaftServerConfigKeys (ConfUtils.java:logGet(46)) - raft.server.log.segment.size.max = 67108864 (custom)
2024-01-24 13:21:56,997 [9068a27b-4a68-4e87-8ec4-c4f6bb80632a-groupManagement] INFO  server.RaftServerConfigKeys (ConfUtils.java:logGet(46)) - raft.server.log.segment.cache.num.max = 2 (custom)
2024-01-24 13:21:56,997 [9068a27b-4a68-4e87-8ec4-c4f6bb80632a-groupManagement] INFO  server.RaftServerConfigKeys (ConfUtils.java:logGet(46)) - raft.server.log.segment.cache.size.max = 200MB (=209715200) (default)
2024-01-24 13:21:56,998 [9068a27b-4a68-4e87-8ec4-c4f6bb80632a-groupManagement] INFO  server.RaftServerConfigKeys (ConfUtils.java:logGet(46)) - raft.server.log.appender.buffer.byte-limit = 8388608 (custom)
2024-01-24 13:21:56,995 [6e18b67a-af4b-4b8c-bc51-449eebbe6b79-groupManagement] INFO  server.RaftServerConfigKeys (ConfUtils.java:logGet(46)) - raft.server.threadpool.server.cached = true (default)
2024-01-24 13:21:56,998 [6e18b67a-af4b-4b8c-bc51-449eebbe6b79-groupManagement] INFO  server.RaftServerConfigKeys (ConfUtils.java:logGet(46)) - raft.server.threadpool.server.size = 0 (default)
2024-01-24 13:21:56,998 [6e18b67a-af4b-4b8c-bc51-449eebbe6b79-groupManagement] INFO  server.RaftServerConfigKeys (ConfUtils.java:logGet(46)) - raft.server.threadpool.client.cached = true (default)
2024-01-24 13:21:56,998 [6e18b67a-af4b-4b8c-bc51-449eebbe6b79-groupManagement] INFO  server.RaftServerConfigKeys (ConfUtils.java:logGet(46)) - raft.server.threadpool.client.size = 0 (default)
2024-01-24 13:21:56,998 [6e18b67a-af4b-4b8c-bc51-449eebbe6b79-groupManagement] INFO  server.RaftServerConfigKeys (ConfUtils.java:logGet(46)) - raft.server.storage.free-space.min = 0MB (=0) (default)
2024-01-24 13:21:56,999 [6e18b67a-af4b-4b8c-bc51-449eebbe6b79-groupManagement] INFO  server.RaftServerConfigKeys (ConfUtils.java:logGet(46)) - raft.server.log.corruption.policy = EXCEPTION (default)
2024-01-24 13:21:56,999 [6e18b67a-af4b-4b8c-bc51-449eebbe6b79-groupManagement] INFO  server.RaftServerConfigKeys (ConfUtils.java:logGet(46)) - raft.server.storage.dir = [/home/runner/work/ozone/ozone/hadoop-ozone/integration-test/target/test-dir/MiniOzoneClusterImpl-977364ef-3bcb-48d3-9f9f-52826038909b/datanode-0/data/ratis] (custom)
2024-01-24 13:21:56,999 [6e18b67a-af4b-4b8c-bc51-449eebbe6b79-groupManagement] INFO  storage.RaftStorageDirectory (RaftStorageDirectoryImpl.java:analyzeStorage(138)) - The storage directory /home/runner/work/ozone/ozone/hadoop-ozone/integration-test/target/test-dir/MiniOzoneClusterImpl-977364ef-3bcb-48d3-9f9f-52826038909b/datanode-0/data/ratis/d4eb80f3-79ab-401e-91e1-8f81c0d01c8f does not exist. Creating ...
2024-01-24 13:21:57,000 [8ca4a470-ffd7-4121-87b3-5ed67d6215df-groupManagement] INFO  storage.RaftStorage (RaftStorageImpl.java:format(99)) - Storage directory /home/runner/work/ozone/ozone/hadoop-ozone/integration-test/target/test-dir/MiniOzoneClusterImpl-977364ef-3bcb-48d3-9f9f-52826038909b/datanode-1/data/ratis/d4eb80f3-79ab-401e-91e1-8f81c0d01c8f has been successfully formatted.
2024-01-24 13:21:57,001 [6e18b67a-af4b-4b8c-bc51-449eebbe6b79-groupManagement] INFO  storage.RaftStorageDirectory (RaftStorageDirectoryImpl.java:tryLock(228)) - Lock on /home/runner/work/ozone/ozone/hadoop-ozone/integration-test/target/test-dir/MiniOzoneClusterImpl-977364ef-3bcb-48d3-9f9f-52826038909b/datanode-0/data/ratis/d4eb80f3-79ab-401e-91e1-8f81c0d01c8f/in_use.lock acquired by nodename 37754@fv-az1248-499
2024-01-24 13:21:57,002 [8ca4a470-ffd7-4121-87b3-5ed67d6215df-groupManagement] WARN  util.FileUtils (LogUtils.java:supplyAndLog(63)) - Failed to Files.newInputStream /home/runner/work/ozone/ozone/hadoop-ozone/integration-test/target/test-dir/MiniOzoneClusterImpl-977364ef-3bcb-48d3-9f9f-52826038909b/datanode-1/data/ratis/d4eb80f3-79ab-401e-91e1-8f81c0d01c8f/current/raft-meta.conf with options []: java.nio.file.NoSuchFileException: /home/runner/work/ozone/ozone/hadoop-ozone/integration-test/target/test-dir/MiniOzoneClusterImpl-977364ef-3bcb-48d3-9f9f-52826038909b/datanode-1/data/ratis/d4eb80f3-79ab-401e-91e1-8f81c0d01c8f/current/raft-meta.conf
2024-01-24 13:21:57,002 [6e18b67a-af4b-4b8c-bc51-449eebbe6b79-groupManagement] INFO  storage.RaftStorage (RaftStorageImpl.java:format(99)) - Storage directory /home/runner/work/ozone/ozone/hadoop-ozone/integration-test/target/test-dir/MiniOzoneClusterImpl-977364ef-3bcb-48d3-9f9f-52826038909b/datanode-0/data/ratis/d4eb80f3-79ab-401e-91e1-8f81c0d01c8f has been successfully formatted.
2024-01-24 13:21:57,003 [6e18b67a-af4b-4b8c-bc51-449eebbe6b79-groupManagement] WARN  util.FileUtils (LogUtils.java:supplyAndLog(63)) - Failed to Files.newInputStream /home/runner/work/ozone/ozone/hadoop-ozone/integration-test/target/test-dir/MiniOzoneClusterImpl-977364ef-3bcb-48d3-9f9f-52826038909b/datanode-0/data/ratis/d4eb80f3-79ab-401e-91e1-8f81c0d01c8f/current/raft-meta.conf with options []: java.nio.file.NoSuchFileException: /home/runner/work/ozone/ozone/hadoop-ozone/integration-test/target/test-dir/MiniOzoneClusterImpl-977364ef-3bcb-48d3-9f9f-52826038909b/datanode-0/data/ratis/d4eb80f3-79ab-401e-91e1-8f81c0d01c8f/current/raft-meta.conf
2024-01-24 13:21:57,003 [9068a27b-4a68-4e87-8ec4-c4f6bb80632a-groupManagement] INFO  util.AwaitToRun (AwaitToRun.java:start(81)) - Thread[9068a27b-4a68-4e87-8ec4-c4f6bb80632a@group-8F81C0D01C8F-cacheEviction-AwaitToRun,5,main] started
2024-01-24 13:21:57,006 [9068a27b-4a68-4e87-8ec4-c4f6bb80632a-groupManagement] INFO  segmented.SegmentedRaftLogWorker (SegmentedRaftLogWorker.java:<init>(182)) - new 9068a27b-4a68-4e87-8ec4-c4f6bb80632a@group-8F81C0D01C8F-SegmentedRaftLogWorker for RaftStorageImpl:Storage Directory /home/runner/work/ozone/ozone/hadoop-ozone/integration-test/target/test-dir/MiniOzoneClusterImpl-977364ef-3bcb-48d3-9f9f-52826038909b/datanode-2/data/ratis/d4eb80f3-79ab-401e-91e1-8f81c0d01c8f
2024-01-24 13:21:57,012 [9068a27b-4a68-4e87-8ec4-c4f6bb80632a-groupManagement] INFO  server.RaftServerConfigKeys (ConfUtils.java:logGet(46)) - raft.server.log.queue.byte-limit = 4294967296 (custom)
2024-01-24 13:21:57,013 [9068a27b-4a68-4e87-8ec4-c4f6bb80632a-groupManagement] INFO  server.RaftServerConfigKeys (ConfUtils.java:logGet(46)) - raft.server.log.queue.element-limit = 1024 (custom)
2024-01-24 13:21:57,004 [6e18b67a-af4b-4b8c-bc51-449eebbe6b79-groupManagement] INFO  ratis.ContainerStateMachine (ContainerStateMachine.java:loadSnapshot(287)) - group-8F81C0D01C8F: The snapshot info is null. Setting the last applied index to:(t:0, i:~)
2024-01-24 13:21:57,014 [6e18b67a-af4b-4b8c-bc51-449eebbe6b79-groupManagement] INFO  server.RaftServerConfigKeys (ConfUtils.java:logGet(46)) - raft.server.log.use.memory = false (default)
2024-01-24 13:21:57,004 [8ca4a470-ffd7-4121-87b3-5ed67d6215df-groupManagement] INFO  ratis.ContainerStateMachine (ContainerStateMachine.java:loadSnapshot(287)) - group-8F81C0D01C8F: The snapshot info is null. Setting the last applied index to:(t:0, i:~)
2024-01-24 13:21:57,016 [8ca4a470-ffd7-4121-87b3-5ed67d6215df-groupManagement] INFO  server.RaftServerConfigKeys (ConfUtils.java:logGet(46)) - raft.server.log.use.memory = false (default)
2024-01-24 13:21:57,016 [8ca4a470-ffd7-4121-87b3-5ed67d6215df-groupManagement] INFO  server.RaftServerConfigKeys (ConfUtils.java:logGet(46)) - raft.server.log.purge.gap = 1000000 (custom)
2024-01-24 13:21:57,015 [6e18b67a-af4b-4b8c-bc51-449eebbe6b79-groupManagement] INFO  server.RaftServerConfigKeys (ConfUtils.java:logGet(46)) - raft.server.log.purge.gap = 1000000 (custom)
2024-01-24 13:21:57,014 [9068a27b-4a68-4e87-8ec4-c4f6bb80632a-groupManagement] INFO  server.RaftServerConfigKeys (ConfUtils.java:logGet(46)) - raft.server.log.segment.size.max = 67108864 (custom)
2024-01-24 13:21:57,007 [EventQueue-OpenPipelineForHealthyPipelineSafeModeRule] INFO  safemode.SCMSafeModeManager (HealthyPipelineSafeModeRule.java:process(140)) - SCM in safe mode. Healthy pipelines reported count is 0, required healthy pipeline reported count is 1
2024-01-24 13:21:57,017 [9068a27b-4a68-4e87-8ec4-c4f6bb80632a-groupManagement] INFO  server.RaftServerConfigKeys (ConfUtils.java:logGet(46)) - raft.server.log.preallocated.size = 4194304 (custom)
2024-01-24 13:21:57,017 [6e18b67a-af4b-4b8c-bc51-449eebbe6b79-groupManagement] INFO  server.RaftServerConfigKeys (ConfUtils.java:logGet(46)) - raft.server.log.appender.buffer.byte-limit = 8388608 (custom)
2024-01-24 13:21:57,017 [6e18b67a-af4b-4b8c-bc51-449eebbe6b79-groupManagement] INFO  server.RaftServerConfigKeys (ConfUtils.java:logGet(46)) - raft.server.log.statemachine.data.read.timeout = 1000ms (default)
2024-01-24 13:21:57,017 [6e18b67a-af4b-4b8c-bc51-449eebbe6b79-groupManagement] INFO  server.RaftServerConfigKeys (ConfUtils.java:logGet(46)) - raft.server.log.purge.preservation.log.num = 0 (default)
2024-01-24 13:21:57,016 [8ca4a470-ffd7-4121-87b3-5ed67d6215df-groupManagement] INFO  server.RaftServerConfigKeys (ConfUtils.java:logGet(46)) - raft.server.log.appender.buffer.byte-limit = 8388608 (custom)
2024-01-24 13:21:57,017 [9068a27b-4a68-4e87-8ec4-c4f6bb80632a-groupManagement] INFO  server.RaftServerConfigKeys (ConfUtils.java:logGet(46)) - raft.server.log.force.sync.num = 128 (default)
2024-01-24 13:21:57,017 [EventQueue-OpenPipelineForHealthyPipelineSafeModeRule] INFO  safemode.SCMSafeModeManager (HealthyPipelineSafeModeRule.java:process(140)) - SCM in safe mode. Healthy pipelines reported count is 0, required healthy pipeline reported count is 1
2024-01-24 13:21:57,019 [9068a27b-4a68-4e87-8ec4-c4f6bb80632a-groupManagement] INFO  server.RaftServerConfigKeys (ConfUtils.java:logGet(46)) - raft.server.log.statemachine.data.sync = true (default)
2024-01-24 13:21:57,019 [9068a27b-4a68-4e87-8ec4-c4f6bb80632a-groupManagement] INFO  server.RaftServerConfigKeys (ConfUtils.java:logGet(46)) - raft.server.log.statemachine.data.sync.timeout = 10s (default)
2024-01-24 13:21:57,019 [9068a27b-4a68-4e87-8ec4-c4f6bb80632a-groupManagement] INFO  server.RaftServerConfigKeys (ConfUtils.java:logGet(46)) - raft.server.log.statemachine.data.sync.timeout.retry = 0 (custom)
2024-01-24 13:21:57,019 [9068a27b-4a68-4e87-8ec4-c4f6bb80632a-groupManagement] INFO  server.RaftServerConfigKeys (ConfUtils.java:logGet(46)) - raft.server.log.write.buffer.size = 8388616 (custom)
2024-01-24 13:21:57,019 [8ca4a470-ffd7-4121-87b3-5ed67d6215df-groupManagement] INFO  server.RaftServerConfigKeys (ConfUtils.java:logGet(46)) - raft.server.log.statemachine.data.read.timeout = 1000ms (default)
2024-01-24 13:21:57,020 [8ca4a470-ffd7-4121-87b3-5ed67d6215df-groupManagement] INFO  server.RaftServerConfigKeys (ConfUtils.java:logGet(46)) - raft.server.log.purge.preservation.log.num = 0 (default)
2024-01-24 13:21:57,019 [6e18b67a-af4b-4b8c-bc51-449eebbe6b79-groupManagement] INFO  server.RaftServerConfigKeys (ConfUtils.java:logGet(46)) - raft.server.log.segment.size.max = 67108864 (custom)
2024-01-24 13:21:57,021 [6e18b67a-af4b-4b8c-bc51-449eebbe6b79-groupManagement] INFO  server.RaftServerConfigKeys (ConfUtils.java:logGet(46)) - raft.server.log.segment.cache.num.max = 2 (custom)
2024-01-24 13:21:57,021 [6e18b67a-af4b-4b8c-bc51-449eebbe6b79-groupManagement] INFO  server.RaftServerConfigKeys (ConfUtils.java:logGet(46)) - raft.server.log.segment.cache.size.max = 200MB (=209715200) (default)
2024-01-24 13:21:57,021 [6e18b67a-af4b-4b8c-bc51-449eebbe6b79-groupManagement] INFO  server.RaftServerConfigKeys (ConfUtils.java:logGet(46)) - raft.server.log.appender.buffer.byte-limit = 8388608 (custom)
2024-01-24 13:21:57,021 [9068a27b-4a68-4e87-8ec4-c4f6bb80632a-groupManagement] INFO  server.RaftServerConfigKeys (ConfUtils.java:logGet(46)) - raft.server.log.appender.buffer.byte-limit = 8388608 (custom)
2024-01-24 13:21:57,022 [9068a27b-4a68-4e87-8ec4-c4f6bb80632a-groupManagement] INFO  server.RaftServerConfigKeys (ConfUtils.java:logGet(46)) - raft.server.log.unsafe-flush.enabled = false (default)
2024-01-24 13:21:57,022 [9068a27b-4a68-4e87-8ec4-c4f6bb80632a-groupManagement] INFO  server.RaftServerConfigKeys (ConfUtils.java:logGet(46)) - raft.server.log.async-flush.enabled = false (default)
2024-01-24 13:21:57,022 [9068a27b-4a68-4e87-8ec4-c4f6bb80632a-groupManagement] INFO  server.RaftServerConfigKeys (ConfUtils.java:logGet(46)) - raft.server.log.statemachine.data.caching.enabled = true (custom)
2024-01-24 13:21:57,022 [9068a27b-4a68-4e87-8ec4-c4f6bb80632a-groupManagement] INFO  segmented.SegmentedRaftLogWorker (SegmentedRaftLogWorker.java:lambda$new$0(134)) - 9068a27b-4a68-4e87-8ec4-c4f6bb80632a@group-8F81C0D01C8F-SegmentedRaftLogWorker: flushIndex: setUnconditionally 0 -> -1
2024-01-24 13:21:57,022 [9068a27b-4a68-4e87-8ec4-c4f6bb80632a-groupManagement] INFO  segmented.SegmentedRaftLogWorker (SegmentedRaftLogWorker.java:lambda$new$0(134)) - 9068a27b-4a68-4e87-8ec4-c4f6bb80632a@group-8F81C0D01C8F-SegmentedRaftLogWorker: safeCacheEvictIndex: setUnconditionally 0 -> -1
2024-01-24 13:21:57,024 [8ca4a470-ffd7-4121-87b3-5ed67d6215df-groupManagement] INFO  server.RaftServerConfigKeys (ConfUtils.java:logGet(46)) - raft.server.log.segment.size.max = 67108864 (custom)
2024-01-24 13:21:57,025 [8ca4a470-ffd7-4121-87b3-5ed67d6215df-groupManagement] INFO  server.RaftServerConfigKeys (ConfUtils.java:logGet(46)) - raft.server.log.segment.cache.num.max = 2 (custom)
2024-01-24 13:21:57,025 [8ca4a470-ffd7-4121-87b3-5ed67d6215df-groupManagement] INFO  server.RaftServerConfigKeys (ConfUtils.java:logGet(46)) - raft.server.log.segment.cache.size.max = 200MB (=209715200) (default)
2024-01-24 13:21:57,026 [8ca4a470-ffd7-4121-87b3-5ed67d6215df-groupManagement] INFO  server.RaftServerConfigKeys (ConfUtils.java:logGet(46)) - raft.server.log.appender.buffer.byte-limit = 8388608 (custom)
2024-01-24 13:21:57,028 [6e18b67a-af4b-4b8c-bc51-449eebbe6b79-groupManagement] INFO  util.AwaitToRun (AwaitToRun.java:start(81)) - Thread[6e18b67a-af4b-4b8c-bc51-449eebbe6b79@group-8F81C0D01C8F-cacheEviction-AwaitToRun,5,main] started
2024-01-24 13:21:57,028 [6e18b67a-af4b-4b8c-bc51-449eebbe6b79-groupManagement] INFO  segmented.SegmentedRaftLogWorker (SegmentedRaftLogWorker.java:<init>(182)) - new 6e18b67a-af4b-4b8c-bc51-449eebbe6b79@group-8F81C0D01C8F-SegmentedRaftLogWorker for RaftStorageImpl:Storage Directory /home/runner/work/ozone/ozone/hadoop-ozone/integration-test/target/test-dir/MiniOzoneClusterImpl-977364ef-3bcb-48d3-9f9f-52826038909b/datanode-0/data/ratis/d4eb80f3-79ab-401e-91e1-8f81c0d01c8f
2024-01-24 13:21:57,029 [6e18b67a-af4b-4b8c-bc51-449eebbe6b79-groupManagement] INFO  server.RaftServerConfigKeys (ConfUtils.java:logGet(46)) - raft.server.log.queue.byte-limit = 4294967296 (custom)
2024-01-24 13:21:57,029 [6e18b67a-af4b-4b8c-bc51-449eebbe6b79-groupManagement] INFO  server.RaftServerConfigKeys (ConfUtils.java:logGet(46)) - raft.server.log.queue.element-limit = 1024 (custom)
2024-01-24 13:21:57,029 [6e18b67a-af4b-4b8c-bc51-449eebbe6b79-groupManagement] INFO  server.RaftServerConfigKeys (ConfUtils.java:logGet(46)) - raft.server.log.segment.size.max = 67108864 (custom)
2024-01-24 13:21:57,029 [6e18b67a-af4b-4b8c-bc51-449eebbe6b79-groupManagement] INFO  server.RaftServerConfigKeys (ConfUtils.java:logGet(46)) - raft.server.log.preallocated.size = 4194304 (custom)
2024-01-24 13:21:57,029 [6e18b67a-af4b-4b8c-bc51-449eebbe6b79-groupManagement] INFO  server.RaftServerConfigKeys (ConfUtils.java:logGet(46)) - raft.server.log.force.sync.num = 128 (default)
2024-01-24 13:21:57,029 [6e18b67a-af4b-4b8c-bc51-449eebbe6b79-groupManagement] INFO  server.RaftServerConfigKeys (ConfUtils.java:logGet(46)) - raft.server.log.statemachine.data.sync = true (default)
2024-01-24 13:21:57,029 [6e18b67a-af4b-4b8c-bc51-449eebbe6b79-groupManagement] INFO  server.RaftServerConfigKeys (ConfUtils.java:logGet(46)) - raft.server.log.statemachine.data.sync.timeout = 10s (default)
2024-01-24 13:21:57,029 [6e18b67a-af4b-4b8c-bc51-449eebbe6b79-groupManagement] INFO  server.RaftServerConfigKeys (ConfUtils.java:logGet(46)) - raft.server.log.statemachine.data.sync.timeout.retry = 0 (custom)
2024-01-24 13:21:57,030 [9068a27b-4a68-4e87-8ec4-c4f6bb80632a-groupManagement] INFO  server.RaftServer$Division (RaftServerImpl.java:start(396)) - 9068a27b-4a68-4e87-8ec4-c4f6bb80632a@group-8F81C0D01C8F: start as a follower, conf=-1: peers:[8ca4a470-ffd7-4121-87b3-5ed67d6215df|10.1.0.10:15023, 6e18b67a-af4b-4b8c-bc51-449eebbe6b79|10.1.0.10:15014, 9068a27b-4a68-4e87-8ec4-c4f6bb80632a|10.1.0.10:15032]|listeners:[], old=null
2024-01-24 13:21:57,030 [9068a27b-4a68-4e87-8ec4-c4f6bb80632a-groupManagement] INFO  server.RaftServer$Division (RaftServerImpl.java:setRole(383)) - 9068a27b-4a68-4e87-8ec4-c4f6bb80632a@group-8F81C0D01C8F: changes role from      null to FOLLOWER at term 0 for startAsFollower
2024-01-24 13:21:57,030 [6e18b67a-af4b-4b8c-bc51-449eebbe6b79-groupManagement] INFO  server.RaftServerConfigKeys (ConfUtils.java:logGet(46)) - raft.server.log.write.buffer.size = 8388616 (custom)
2024-01-24 13:21:57,028 [8ca4a470-ffd7-4121-87b3-5ed67d6215df-groupManagement] INFO  util.AwaitToRun (AwaitToRun.java:start(81)) - Thread[8ca4a470-ffd7-4121-87b3-5ed67d6215df@group-8F81C0D01C8F-cacheEviction-AwaitToRun,5,main] started
2024-01-24 13:21:57,030 [9068a27b-4a68-4e87-8ec4-c4f6bb80632a-groupManagement] INFO  impl.RoleInfo (RoleInfo.java:updateAndGet(139)) - 9068a27b-4a68-4e87-8ec4-c4f6bb80632a: start 9068a27b-4a68-4e87-8ec4-c4f6bb80632a@group-8F81C0D01C8F-FollowerState
2024-01-24 13:21:57,032 [8ca4a470-ffd7-4121-87b3-5ed67d6215df-groupManagement] INFO  segmented.SegmentedRaftLogWorker (SegmentedRaftLogWorker.java:<init>(182)) - new 8ca4a470-ffd7-4121-87b3-5ed67d6215df@group-8F81C0D01C8F-SegmentedRaftLogWorker for RaftStorageImpl:Storage Directory /home/runner/work/ozone/ozone/hadoop-ozone/integration-test/target/test-dir/MiniOzoneClusterImpl-977364ef-3bcb-48d3-9f9f-52826038909b/datanode-1/data/ratis/d4eb80f3-79ab-401e-91e1-8f81c0d01c8f
2024-01-24 13:21:57,032 [6e18b67a-af4b-4b8c-bc51-449eebbe6b79-groupManagement] INFO  server.RaftServerConfigKeys (ConfUtils.java:logGet(46)) - raft.server.log.appender.buffer.byte-limit = 8388608 (custom)
2024-01-24 13:21:57,032 [6e18b67a-af4b-4b8c-bc51-449eebbe6b79-groupManagement] INFO  server.RaftServerConfigKeys (ConfUtils.java:logGet(46)) - raft.server.log.unsafe-flush.enabled = false (default)
2024-01-24 13:21:57,033 [6e18b67a-af4b-4b8c-bc51-449eebbe6b79-groupManagement] INFO  server.RaftServerConfigKeys (ConfUtils.java:logGet(46)) - raft.server.log.async-flush.enabled = false (default)
2024-01-24 13:21:57,033 [6e18b67a-af4b-4b8c-bc51-449eebbe6b79-groupManagement] INFO  server.RaftServerConfigKeys (ConfUtils.java:logGet(46)) - raft.server.log.statemachine.data.caching.enabled = true (custom)
2024-01-24 13:21:57,033 [6e18b67a-af4b-4b8c-bc51-449eebbe6b79-groupManagement] INFO  segmented.SegmentedRaftLogWorker (SegmentedRaftLogWorker.java:lambda$new$0(134)) - 6e18b67a-af4b-4b8c-bc51-449eebbe6b79@group-8F81C0D01C8F-SegmentedRaftLogWorker: flushIndex: setUnconditionally 0 -> -1
2024-01-24 13:21:57,033 [6e18b67a-af4b-4b8c-bc51-449eebbe6b79-groupManagement] INFO  segmented.SegmentedRaftLogWorker (SegmentedRaftLogWorker.java:lambda$new$0(134)) - 6e18b67a-af4b-4b8c-bc51-449eebbe6b79@group-8F81C0D01C8F-SegmentedRaftLogWorker: safeCacheEvictIndex: setUnconditionally 0 -> -1
2024-01-24 13:21:57,032 [8ca4a470-ffd7-4121-87b3-5ed67d6215df-groupManagement] INFO  server.RaftServerConfigKeys (ConfUtils.java:logGet(46)) - raft.server.log.queue.byte-limit = 4294967296 (custom)
2024-01-24 13:21:57,034 [8ca4a470-ffd7-4121-87b3-5ed67d6215df-groupManagement] INFO  server.RaftServerConfigKeys (ConfUtils.java:logGet(46)) - raft.server.log.queue.element-limit = 1024 (custom)
2024-01-24 13:21:57,034 [6e18b67a-af4b-4b8c-bc51-449eebbe6b79-groupManagement] INFO  server.RaftServer$Division (RaftServerImpl.java:start(396)) - 6e18b67a-af4b-4b8c-bc51-449eebbe6b79@group-8F81C0D01C8F: start as a follower, conf=-1: peers:[8ca4a470-ffd7-4121-87b3-5ed67d6215df|10.1.0.10:15023, 6e18b67a-af4b-4b8c-bc51-449eebbe6b79|10.1.0.10:15014, 9068a27b-4a68-4e87-8ec4-c4f6bb80632a|10.1.0.10:15032]|listeners:[], old=null
2024-01-24 13:21:57,034 [6e18b67a-af4b-4b8c-bc51-449eebbe6b79-groupManagement] INFO  server.RaftServer$Division (RaftServerImpl.java:setRole(383)) - 6e18b67a-af4b-4b8c-bc51-449eebbe6b79@group-8F81C0D01C8F: changes role from      null to FOLLOWER at term 0 for startAsFollower
2024-01-24 13:21:57,034 [6e18b67a-af4b-4b8c-bc51-449eebbe6b79-groupManagement] INFO  impl.RoleInfo (RoleInfo.java:updateAndGet(139)) - 6e18b67a-af4b-4b8c-bc51-449eebbe6b79: start 6e18b67a-af4b-4b8c-bc51-449eebbe6b79@group-8F81C0D01C8F-FollowerState
2024-01-24 13:21:57,034 [8ca4a470-ffd7-4121-87b3-5ed67d6215df-groupManagement] INFO  server.RaftServerConfigKeys (ConfUtils.java:logGet(46)) - raft.server.log.segment.size.max = 67108864 (custom)
2024-01-24 13:21:57,034 [9068a27b-4a68-4e87-8ec4-c4f6bb80632a@group-8F81C0D01C8F-FollowerState] INFO  server.RaftServerConfigKeys (ConfUtils.java:logFallback(53)) - raft.server.rpc.first-election.timeout.min = 5s (fallback to raft.server.rpc.timeout.min)
2024-01-24 13:21:57,035 [9068a27b-4a68-4e87-8ec4-c4f6bb80632a@group-8F81C0D01C8F-FollowerState] INFO  server.RaftServerConfigKeys (ConfUtils.java:logFallback(53)) - raft.server.rpc.first-election.timeout.max = 5200ms (fallback to raft.server.rpc.timeout.max)
2024-01-24 13:21:57,034 [9068a27b-4a68-4e87-8ec4-c4f6bb80632a-groupManagement] INFO  util.JmxRegister (JmxRegister.java:tryRegister(44)) - Successfully registered JMX Bean with object name Ratis:service=RaftServer,group=group-8F81C0D01C8F,id=9068a27b-4a68-4e87-8ec4-c4f6bb80632a
2024-01-24 13:21:57,035 [6e18b67a-af4b-4b8c-bc51-449eebbe6b79-groupManagement] INFO  util.JmxRegister (JmxRegister.java:tryRegister(44)) - Successfully registered JMX Bean with object name Ratis:service=RaftServer,group=group-8F81C0D01C8F,id=6e18b67a-af4b-4b8c-bc51-449eebbe6b79
2024-01-24 13:21:57,035 [6e18b67a-af4b-4b8c-bc51-449eebbe6b79@group-8F81C0D01C8F-FollowerState] INFO  server.RaftServerConfigKeys (ConfUtils.java:logFallback(53)) - raft.server.rpc.first-election.timeout.min = 5s (fallback to raft.server.rpc.timeout.min)
2024-01-24 13:21:57,035 [6e18b67a-af4b-4b8c-bc51-449eebbe6b79-groupManagement] INFO  server.RaftServerConfigKeys (ConfUtils.java:logGet(46)) - raft.server.snapshot.trigger-when-stop.enabled = true (default)
2024-01-24 13:21:57,035 [9068a27b-4a68-4e87-8ec4-c4f6bb80632a-groupManagement] INFO  server.RaftServerConfigKeys (ConfUtils.java:logGet(46)) - raft.server.snapshot.trigger-when-stop.enabled = true (default)
2024-01-24 13:21:57,035 [9068a27b-4a68-4e87-8ec4-c4f6bb80632a-groupManagement] INFO  server.RaftServerConfigKeys (ConfUtils.java:logGet(46)) - raft.server.snapshot.auto.trigger.enabled = true (custom)
2024-01-24 13:21:57,035 [9068a27b-4a68-4e87-8ec4-c4f6bb80632a-groupManagement] INFO  server.RaftServerConfigKeys (ConfUtils.java:logGet(46)) - raft.server.snapshot.auto.trigger.threshold = 10000 (custom)
2024-01-24 13:21:57,036 [9068a27b-4a68-4e87-8ec4-c4f6bb80632a-groupManagement] INFO  server.RaftServerConfigKeys (ConfUtils.java:logGet(46)) - raft.server.snapshot.retention.file.num = 5 (custom)
2024-01-24 13:21:57,036 [9068a27b-4a68-4e87-8ec4-c4f6bb80632a-groupManagement] INFO  server.RaftServerConfigKeys (ConfUtils.java:logGet(46)) - raft.server.log.purge.upto.snapshot.index = false (default)
2024-01-24 13:21:57,035 [8ca4a470-ffd7-4121-87b3-5ed67d6215df-groupManagement] INFO  server.RaftServerConfigKeys (ConfUtils.java:logGet(46)) - raft.server.log.preallocated.size = 4194304 (custom)
2024-01-24 13:21:57,035 [6e18b67a-af4b-4b8c-bc51-449eebbe6b79-groupManagement] INFO  server.RaftServerConfigKeys (ConfUtils.java:logGet(46)) - raft.server.snapshot.auto.trigger.enabled = true (custom)
2024-01-24 13:21:57,036 [6e18b67a-af4b-4b8c-bc51-449eebbe6b79-groupManagement] INFO  server.RaftServerConfigKeys (ConfUtils.java:logGet(46)) - raft.server.snapshot.auto.trigger.threshold = 10000 (custom)
2024-01-24 13:21:57,036 [6e18b67a-af4b-4b8c-bc51-449eebbe6b79-groupManagement] INFO  server.RaftServerConfigKeys (ConfUtils.java:logGet(46)) - raft.server.snapshot.retention.file.num = 5 (custom)
2024-01-24 13:21:57,036 [6e18b67a-af4b-4b8c-bc51-449eebbe6b79-groupManagement] INFO  server.RaftServerConfigKeys (ConfUtils.java:logGet(46)) - raft.server.log.purge.upto.snapshot.index = false (default)
2024-01-24 13:21:57,035 [6e18b67a-af4b-4b8c-bc51-449eebbe6b79@group-8F81C0D01C8F-FollowerState] INFO  server.RaftServerConfigKeys (ConfUtils.java:logFallback(53)) - raft.server.rpc.first-election.timeout.max = 5200ms (fallback to raft.server.rpc.timeout.max)
2024-01-24 13:21:57,036 [9068a27b-4a68-4e87-8ec4-c4f6bb80632a-PipelineCommandHandlerThread-0] INFO  ratis.XceiverServerRatis (XceiverServerRatis.java:addGroup(842)) - Created group PipelineID=d4eb80f3-79ab-401e-91e1-8f81c0d01c8f
2024-01-24 13:21:57,037 [6e18b67a-af4b-4b8c-bc51-449eebbe6b79-PipelineCommandHandlerThread-0] INFO  ratis.XceiverServerRatis (XceiverServerRatis.java:addGroup(842)) - Created group PipelineID=d4eb80f3-79ab-401e-91e1-8f81c0d01c8f
2024-01-24 13:21:57,036 [8ca4a470-ffd7-4121-87b3-5ed67d6215df-groupManagement] INFO  server.RaftServerConfigKeys (ConfUtils.java:logGet(46)) - raft.server.log.force.sync.num = 128 (default)
2024-01-24 13:21:57,044 [8ca4a470-ffd7-4121-87b3-5ed67d6215df-groupManagement] INFO  server.RaftServerConfigKeys (ConfUtils.java:logGet(46)) - raft.server.log.statemachine.data.sync = true (default)
2024-01-24 13:21:57,044 [8ca4a470-ffd7-4121-87b3-5ed67d6215df-groupManagement] INFO  server.RaftServerConfigKeys (ConfUtils.java:logGet(46)) - raft.server.log.statemachine.data.sync.timeout = 10s (default)
2024-01-24 13:21:57,044 [8ca4a470-ffd7-4121-87b3-5ed67d6215df-groupManagement] INFO  server.RaftServerConfigKeys (ConfUtils.java:logGet(46)) - raft.server.log.statemachine.data.sync.timeout.retry = 0 (custom)
2024-01-24 13:21:57,051 [8ca4a470-ffd7-4121-87b3-5ed67d6215df-groupManagement] INFO  server.RaftServerConfigKeys (ConfUtils.java:logGet(46)) - raft.server.log.write.buffer.size = 8388616 (custom)
2024-01-24 13:21:57,054 [8ca4a470-ffd7-4121-87b3-5ed67d6215df-groupManagement] INFO  server.RaftServerConfigKeys (ConfUtils.java:logGet(46)) - raft.server.log.appender.buffer.byte-limit = 8388608 (custom)
2024-01-24 13:21:57,054 [8ca4a470-ffd7-4121-87b3-5ed67d6215df-groupManagement] INFO  server.RaftServerConfigKeys (ConfUtils.java:logGet(46)) - raft.server.log.unsafe-flush.enabled = false (default)
2024-01-24 13:21:57,054 [8ca4a470-ffd7-4121-87b3-5ed67d6215df-groupManagement] INFO  server.RaftServerConfigKeys (ConfUtils.java:logGet(46)) - raft.server.log.async-flush.enabled = false (default)
2024-01-24 13:21:57,056 [8ca4a470-ffd7-4121-87b3-5ed67d6215df-groupManagement] INFO  server.RaftServerConfigKeys (ConfUtils.java:logGet(46)) - raft.server.log.statemachine.data.caching.enabled = true (custom)
2024-01-24 13:21:57,059 [8ca4a470-ffd7-4121-87b3-5ed67d6215df-groupManagement] INFO  segmented.SegmentedRaftLogWorker (SegmentedRaftLogWorker.java:lambda$new$0(134)) - 8ca4a470-ffd7-4121-87b3-5ed67d6215df@group-8F81C0D01C8F-SegmentedRaftLogWorker: flushIndex: setUnconditionally 0 -> -1
2024-01-24 13:21:57,059 [8ca4a470-ffd7-4121-87b3-5ed67d6215df-groupManagement] INFO  segmented.SegmentedRaftLogWorker (SegmentedRaftLogWorker.java:lambda$new$0(134)) - 8ca4a470-ffd7-4121-87b3-5ed67d6215df@group-8F81C0D01C8F-SegmentedRaftLogWorker: safeCacheEvictIndex: setUnconditionally 0 -> -1
2024-01-24 13:21:57,059 [8ca4a470-ffd7-4121-87b3-5ed67d6215df-groupManagement] INFO  server.RaftServer$Division (RaftServerImpl.java:start(396)) - 8ca4a470-ffd7-4121-87b3-5ed67d6215df@group-8F81C0D01C8F: start as a follower, conf=-1: peers:[8ca4a470-ffd7-4121-87b3-5ed67d6215df|10.1.0.10:15023, 6e18b67a-af4b-4b8c-bc51-449eebbe6b79|10.1.0.10:15014, 9068a27b-4a68-4e87-8ec4-c4f6bb80632a|10.1.0.10:15032]|listeners:[], old=null
2024-01-24 13:21:57,059 [8ca4a470-ffd7-4121-87b3-5ed67d6215df-groupManagement] INFO  server.RaftServer$Division (RaftServerImpl.java:setRole(383)) - 8ca4a470-ffd7-4121-87b3-5ed67d6215df@group-8F81C0D01C8F: changes role from      null to FOLLOWER at term 0 for startAsFollower
2024-01-24 13:21:57,059 [8ca4a470-ffd7-4121-87b3-5ed67d6215df-groupManagement] INFO  impl.RoleInfo (RoleInfo.java:updateAndGet(139)) - 8ca4a470-ffd7-4121-87b3-5ed67d6215df: start 8ca4a470-ffd7-4121-87b3-5ed67d6215df@group-8F81C0D01C8F-FollowerState
2024-01-24 13:21:57,062 [8ca4a470-ffd7-4121-87b3-5ed67d6215df-groupManagement] INFO  util.JmxRegister (JmxRegister.java:tryRegister(44)) - Successfully registered JMX Bean with object name Ratis:service=RaftServer,group=group-8F81C0D01C8F,id=8ca4a470-ffd7-4121-87b3-5ed67d6215df
2024-01-24 13:21:57,062 [8ca4a470-ffd7-4121-87b3-5ed67d6215df-groupManagement] INFO  server.RaftServerConfigKeys (ConfUtils.java:logGet(46)) - raft.server.snapshot.trigger-when-stop.enabled = true (default)
2024-01-24 13:21:57,062 [8ca4a470-ffd7-4121-87b3-5ed67d6215df-groupManagement] INFO  server.RaftServerConfigKeys (ConfUtils.java:logGet(46)) - raft.server.snapshot.auto.trigger.enabled = true (custom)
2024-01-24 13:21:57,062 [8ca4a470-ffd7-4121-87b3-5ed67d6215df-groupManagement] INFO  server.RaftServerConfigKeys (ConfUtils.java:logGet(46)) - raft.server.snapshot.auto.trigger.threshold = 10000 (custom)
2024-01-24 13:21:57,062 [8ca4a470-ffd7-4121-87b3-5ed67d6215df-groupManagement] INFO  server.RaftServerConfigKeys (ConfUtils.java:logGet(46)) - raft.server.snapshot.retention.file.num = 5 (custom)
2024-01-24 13:21:57,062 [8ca4a470-ffd7-4121-87b3-5ed67d6215df-groupManagement] INFO  server.RaftServerConfigKeys (ConfUtils.java:logGet(46)) - raft.server.log.purge.upto.snapshot.index = false (default)
2024-01-24 13:21:57,063 [8ca4a470-ffd7-4121-87b3-5ed67d6215df@group-8F81C0D01C8F-FollowerState] INFO  server.RaftServerConfigKeys (ConfUtils.java:logFallback(53)) - raft.server.rpc.first-election.timeout.min = 5s (fallback to raft.server.rpc.timeout.min)
2024-01-24 13:21:57,063 [8ca4a470-ffd7-4121-87b3-5ed67d6215df@group-8F81C0D01C8F-FollowerState] INFO  server.RaftServerConfigKeys (ConfUtils.java:logFallback(53)) - raft.server.rpc.first-election.timeout.max = 5200ms (fallback to raft.server.rpc.timeout.max)
2024-01-24 13:21:57,075 [8ca4a470-ffd7-4121-87b3-5ed67d6215df-PipelineCommandHandlerThread-0] INFO  ratis.XceiverServerRatis (XceiverServerRatis.java:addGroup(842)) - Created group PipelineID=d4eb80f3-79ab-401e-91e1-8f81c0d01c8f
2024-01-24 13:21:57,134 [6e18b67a-af4b-4b8c-bc51-449eebbe6b79-PipelineCommandHandlerThread-0] INFO  commandhandler.CreatePipelineCommandHandler (CreatePipelineCommandHandler.java:lambda$handle$2(124)) - Created Pipeline RATIS THREE PipelineID=d4eb80f3-79ab-401e-91e1-8f81c0d01c8f.
2024-01-24 13:21:57,154 [9068a27b-4a68-4e87-8ec4-c4f6bb80632a-PipelineCommandHandlerThread-0] INFO  commandhandler.CreatePipelineCommandHandler (CreatePipelineCommandHandler.java:lambda$handle$2(124)) - Created Pipeline RATIS THREE PipelineID=d4eb80f3-79ab-401e-91e1-8f81c0d01c8f.
2024-01-24 13:21:57,161 [8ca4a470-ffd7-4121-87b3-5ed67d6215df-PipelineCommandHandlerThread-0] INFO  commandhandler.CreatePipelineCommandHandler (CreatePipelineCommandHandler.java:lambda$handle$2(124)) - Created Pipeline RATIS THREE PipelineID=d4eb80f3-79ab-401e-91e1-8f81c0d01c8f.
2024-01-24 13:21:57,576 [main] INFO  ozone.MiniOzoneClusterImpl (MiniOzoneClusterImpl.java:lambda$waitForClusterToBeReady$0(229)) - Nodes are ready. Got 3 of 3 DN Heartbeats.
2024-01-24 13:21:57,576 [main] INFO  ozone.MiniOzoneClusterImpl (MiniOzoneClusterImpl.java:lambda$waitForClusterToBeReady$0(232)) - Waiting for cluster to exit safe mode
2024-01-24 13:21:57,576 [main] INFO  ozone.MiniOzoneClusterImpl (MiniOzoneClusterImpl.java:lambda$waitForClusterToBeReady$0(234)) - SCM became leader
2024-01-24 13:21:58,576 [main] INFO  ozone.MiniOzoneClusterImpl (MiniOzoneClusterImpl.java:lambda$waitForClusterToBeReady$0(229)) - Nodes are ready. Got 3 of 3 DN Heartbeats.
2024-01-24 13:21:58,577 [main] INFO  ozone.MiniOzoneClusterImpl (MiniOzoneClusterImpl.java:lambda$waitForClusterToBeReady$0(232)) - Waiting for cluster to exit safe mode
2024-01-24 13:21:58,577 [main] INFO  ozone.MiniOzoneClusterImpl (MiniOzoneClusterImpl.java:lambda$waitForClusterToBeReady$0(234)) - SCM became leader
2024-01-24 13:21:59,577 [main] INFO  ozone.MiniOzoneClusterImpl (MiniOzoneClusterImpl.java:lambda$waitForClusterToBeReady$0(229)) - Nodes are ready. Got 3 of 3 DN Heartbeats.
2024-01-24 13:21:59,577 [main] INFO  ozone.MiniOzoneClusterImpl (MiniOzoneClusterImpl.java:lambda$waitForClusterToBeReady$0(232)) - Waiting for cluster to exit safe mode
2024-01-24 13:21:59,577 [main] INFO  ozone.MiniOzoneClusterImpl (MiniOzoneClusterImpl.java:lambda$waitForClusterToBeReady$0(234)) - SCM became leader
2024-01-24 13:22:00,578 [main] INFO  ozone.MiniOzoneClusterImpl (MiniOzoneClusterImpl.java:lambda$waitForClusterToBeReady$0(229)) - Nodes are ready. Got 3 of 3 DN Heartbeats.
2024-01-24 13:22:00,578 [main] INFO  ozone.MiniOzoneClusterImpl (MiniOzoneClusterImpl.java:lambda$waitForClusterToBeReady$0(232)) - Waiting for cluster to exit safe mode
2024-01-24 13:22:00,578 [main] INFO  ozone.MiniOzoneClusterImpl (MiniOzoneClusterImpl.java:lambda$waitForClusterToBeReady$0(234)) - SCM became leader
2024-01-24 13:22:01,502 [6e18b67a-af4b-4b8c-bc51-449eebbe6b79@group-A47C4E6332D7-FollowerState] INFO  impl.FollowerState (FollowerState.java:run(143)) - 6e18b67a-af4b-4b8c-bc51-449eebbe6b79@group-A47C4E6332D7-FollowerState: change to CANDIDATE, lastRpcElapsedTime:5067264678ns, electionTimeout:5065ms
2024-01-24 13:22:01,502 [6e18b67a-af4b-4b8c-bc51-449eebbe6b79@group-A47C4E6332D7-FollowerState] INFO  impl.RoleInfo (RoleInfo.java:shutdownFollowerState(110)) - 6e18b67a-af4b-4b8c-bc51-449eebbe6b79: shutdown 6e18b67a-af4b-4b8c-bc51-449eebbe6b79@group-A47C4E6332D7-FollowerState
2024-01-24 13:22:01,502 [6e18b67a-af4b-4b8c-bc51-449eebbe6b79@group-A47C4E6332D7-FollowerState] INFO  server.RaftServer$Division (RaftServerImpl.java:setRole(383)) - 6e18b67a-af4b-4b8c-bc51-449eebbe6b79@group-A47C4E6332D7: changes role from  FOLLOWER to CANDIDATE at term 0 for changeToCandidate
2024-01-24 13:22:01,503 [6e18b67a-af4b-4b8c-bc51-449eebbe6b79@group-A47C4E6332D7-FollowerState] INFO  server.RaftServerConfigKeys (ConfUtils.java:logGet(46)) - raft.server.leaderelection.pre-vote = true (default)
2024-01-24 13:22:01,503 [6e18b67a-af4b-4b8c-bc51-449eebbe6b79@group-A47C4E6332D7-FollowerState] INFO  impl.RoleInfo (RoleInfo.java:updateAndGet(139)) - 6e18b67a-af4b-4b8c-bc51-449eebbe6b79: start 6e18b67a-af4b-4b8c-bc51-449eebbe6b79@group-A47C4E6332D7-LeaderElection2
2024-01-24 13:22:01,505 [6e18b67a-af4b-4b8c-bc51-449eebbe6b79@group-A47C4E6332D7-LeaderElection2] INFO  impl.LeaderElection (LeaderElection.java:askForVotes(321)) - 6e18b67a-af4b-4b8c-bc51-449eebbe6b79@group-A47C4E6332D7-LeaderElection2 PRE_VOTE round 0: submit vote requests at term 0 for -1: peers:[8ca4a470-ffd7-4121-87b3-5ed67d6215df|10.1.0.10:15023, 6e18b67a-af4b-4b8c-bc51-449eebbe6b79|10.1.0.10:15014, 9068a27b-4a68-4e87-8ec4-c4f6bb80632a|10.1.0.10:15032]|listeners:[], old=null
2024-01-24 13:22:01,509 [6e18b67a-af4b-4b8c-bc51-449eebbe6b79@group-A47C4E6332D7-LeaderElection2] INFO  server.RaftServerConfigKeys (ConfUtils.java:logFallback(53)) - raft.server.rpc.first-election.timeout.min = 5s (fallback to raft.server.rpc.timeout.min)
2024-01-24 13:22:01,509 [6e18b67a-af4b-4b8c-bc51-449eebbe6b79@group-A47C4E6332D7-LeaderElection2] INFO  server.RaftServerConfigKeys (ConfUtils.java:logFallback(53)) - raft.server.rpc.first-election.timeout.max = 5200ms (fallback to raft.server.rpc.timeout.max)
2024-01-24 13:22:01,511 [6e18b67a-af4b-4b8c-bc51-449eebbe6b79@group-A47C4E6332D7-LeaderElection2-1] INFO  server.GrpcServerProtocolClient (GrpcServerProtocolClient.java:<init>(65)) - Build channel for 8ca4a470-ffd7-4121-87b3-5ed67d6215df|10.1.0.10:15023
2024-01-24 13:22:01,511 [6e18b67a-af4b-4b8c-bc51-449eebbe6b79@group-A47C4E6332D7-LeaderElection2-2] INFO  server.GrpcServerProtocolClient (GrpcServerProtocolClient.java:<init>(65)) - Build channel for 9068a27b-4a68-4e87-8ec4-c4f6bb80632a|10.1.0.10:15032
2024-01-24 13:22:01,513 [6e18b67a-af4b-4b8c-bc51-449eebbe6b79@group-BDBECEB78FC1-FollowerState] INFO  impl.FollowerState (FollowerState.java:run(143)) - 6e18b67a-af4b-4b8c-bc51-449eebbe6b79@group-BDBECEB78FC1-FollowerState: change to CANDIDATE, lastRpcElapsedTime:5130883640ns, electionTimeout:5129ms
2024-01-24 13:22:01,514 [6e18b67a-af4b-4b8c-bc51-449eebbe6b79@group-BDBECEB78FC1-FollowerState] INFO  impl.RoleInfo (RoleInfo.java:shutdownFollowerState(110)) - 6e18b67a-af4b-4b8c-bc51-449eebbe6b79: shutdown 6e18b67a-af4b-4b8c-bc51-449eebbe6b79@group-BDBECEB78FC1-FollowerState
2024-01-24 13:22:01,514 [6e18b67a-af4b-4b8c-bc51-449eebbe6b79@group-BDBECEB78FC1-FollowerState] INFO  server.RaftServer$Division (RaftServerImpl.java:setRole(383)) - 6e18b67a-af4b-4b8c-bc51-449eebbe6b79@group-BDBECEB78FC1: changes role from  FOLLOWER to CANDIDATE at term 0 for changeToCandidate
2024-01-24 13:22:01,515 [6e18b67a-af4b-4b8c-bc51-449eebbe6b79@group-BDBECEB78FC1-FollowerState] INFO  server.RaftServerConfigKeys (ConfUtils.java:logGet(46)) - raft.server.leaderelection.pre-vote = true (default)
2024-01-24 13:22:01,516 [6e18b67a-af4b-4b8c-bc51-449eebbe6b79@group-BDBECEB78FC1-FollowerState] INFO  impl.RoleInfo (RoleInfo.java:updateAndGet(139)) - 6e18b67a-af4b-4b8c-bc51-449eebbe6b79: start 6e18b67a-af4b-4b8c-bc51-449eebbe6b79@group-BDBECEB78FC1-LeaderElection3
2024-01-24 13:22:01,516 [6e18b67a-af4b-4b8c-bc51-449eebbe6b79@group-BDBECEB78FC1-LeaderElection3] INFO  impl.LeaderElection (LeaderElection.java:askForVotes(321)) - 6e18b67a-af4b-4b8c-bc51-449eebbe6b79@group-BDBECEB78FC1-LeaderElection3 PRE_VOTE round 0: submit vote requests at term 0 for -1: peers:[6e18b67a-af4b-4b8c-bc51-449eebbe6b79|10.1.0.10:15014]|listeners:[], old=null
2024-01-24 13:22:01,517 [6e18b67a-af4b-4b8c-bc51-449eebbe6b79@group-BDBECEB78FC1-LeaderElection3] INFO  impl.LeaderElection (LeaderElection.java:askForVotes(323)) - 6e18b67a-af4b-4b8c-bc51-449eebbe6b79@group-BDBECEB78FC1-LeaderElection3 PRE_VOTE round 0: result PASSED (term=0)
2024-01-24 13:22:01,520 [6e18b67a-af4b-4b8c-bc51-449eebbe6b79@group-BDBECEB78FC1-LeaderElection3] INFO  impl.LeaderElection (LeaderElection.java:askForVotes(321)) - 6e18b67a-af4b-4b8c-bc51-449eebbe6b79@group-BDBECEB78FC1-LeaderElection3 ELECTION round 0: submit vote requests at term 1 for -1: peers:[6e18b67a-af4b-4b8c-bc51-449eebbe6b79|10.1.0.10:15014]|listeners:[], old=null
2024-01-24 13:22:01,520 [6e18b67a-af4b-4b8c-bc51-449eebbe6b79@group-BDBECEB78FC1-LeaderElection3] INFO  impl.LeaderElection (LeaderElection.java:askForVotes(323)) - 6e18b67a-af4b-4b8c-bc51-449eebbe6b79@group-BDBECEB78FC1-LeaderElection3 ELECTION round 0: result PASSED (term=1)
2024-01-24 13:22:01,527 [6e18b67a-af4b-4b8c-bc51-449eebbe6b79@group-BDBECEB78FC1-LeaderElection3] INFO  impl.RoleInfo (RoleInfo.java:shutdownLeaderElection(130)) - 6e18b67a-af4b-4b8c-bc51-449eebbe6b79: shutdown 6e18b67a-af4b-4b8c-bc51-449eebbe6b79@group-BDBECEB78FC1-LeaderElection3
2024-01-24 13:22:01,529 [6e18b67a-af4b-4b8c-bc51-449eebbe6b79@group-BDBECEB78FC1-LeaderElection3] INFO  server.RaftServer$Division (RaftServerImpl.java:setRole(383)) - 6e18b67a-af4b-4b8c-bc51-449eebbe6b79@group-BDBECEB78FC1: changes role from CANDIDATE to LEADER at term 1 for changeToLeader
2024-01-24 13:22:01,530 [6e18b67a-af4b-4b8c-bc51-449eebbe6b79@group-BDBECEB78FC1-LeaderElection3] INFO  server.RaftServerConfigKeys (ConfUtils.java:logGet(46)) - raft.server.staging.catchup.gap = 1000 (default)
2024-01-24 13:22:01,530 [6e18b67a-af4b-4b8c-bc51-449eebbe6b79@group-BDBECEB78FC1-LeaderElection3] INFO  server.RaftServerConfigKeys (ConfUtils.java:logGet(46)) - raft.server.write.element-limit = 1024 (custom)
2024-01-24 13:22:01,531 [6e18b67a-af4b-4b8c-bc51-449eebbe6b79@group-BDBECEB78FC1-LeaderElection3] INFO  server.RaftServerConfigKeys (ConfUtils.java:logGet(46)) - raft.server.write.byte-limit = 1024 M (=1073741824) (custom)
2024-01-24 13:22:01,531 [6e18b67a-af4b-4b8c-bc51-449eebbe6b79@group-BDBECEB78FC1-LeaderElection3] INFO  server.RaftServerConfigKeys (ConfUtils.java:logGet(46)) - raft.server.watch.timeout = 180s (custom)
2024-01-24 13:22:01,531 [6e18b67a-af4b-4b8c-bc51-449eebbe6b79@group-BDBECEB78FC1-LeaderElection3] INFO  server.RaftServerConfigKeys (ConfUtils.java:logGet(46)) - raft.server.watch.timeout.denomination = 1s (default)
2024-01-24 13:22:01,531 [6e18b67a-af4b-4b8c-bc51-449eebbe6b79@group-BDBECEB78FC1-LeaderElection3] INFO  server.RaftServerConfigKeys (ConfUtils.java:logGet(46)) - raft.server.watch.element-limit = 65536 (default)
2024-01-24 13:22:01,531 [6e18b67a-af4b-4b8c-bc51-449eebbe6b79@group-BDBECEB78FC1-LeaderElection3] INFO  server.RaftServerConfigKeys (ConfUtils.java:logGet(46)) - raft.server.read.leader.lease.enabled = false (default)
2024-01-24 13:22:01,531 [6e18b67a-af4b-4b8c-bc51-449eebbe6b79@group-BDBECEB78FC1-LeaderElection3] INFO  server.RaftServerConfigKeys (ConfUtils.java:logGet(46)) - raft.server.read.leader.lease.timeout.ratio = 0.9 (default)
2024-01-24 13:22:01,532 [6e18b67a-af4b-4b8c-bc51-449eebbe6b79@group-BDBECEB78FC1-LeaderElection3] INFO  server.RaftServerConfigKeys (ConfUtils.java:logGet(46)) - raft.server.rpc.timeout.min = 5s (custom)
2024-01-24 13:22:01,532 [6e18b67a-af4b-4b8c-bc51-449eebbe6b79@group-BDBECEB78FC1-LeaderElection3] INFO  server.RaftServerConfigKeys (ConfUtils.java:logGet(46)) - raft.server.write.element-limit = 1024 (custom)
2024-01-24 13:22:01,532 [6e18b67a-af4b-4b8c-bc51-449eebbe6b79@group-BDBECEB78FC1-LeaderElection3] INFO  server.RaftServerConfigKeys (ConfUtils.java:logGet(46)) - raft.server.write.follower.gap.ratio.max = -1.0 (default)
2024-01-24 13:22:01,532 [6e18b67a-af4b-4b8c-bc51-449eebbe6b79@group-BDBECEB78FC1-LeaderElection3] INFO  impl.RoleInfo (RoleInfo.java:updateAndGet(139)) - 6e18b67a-af4b-4b8c-bc51-449eebbe6b79: start 6e18b67a-af4b-4b8c-bc51-449eebbe6b79@group-BDBECEB78FC1-LeaderStateImpl
2024-01-24 13:22:01,532 [6e18b67a-af4b-4b8c-bc51-449eebbe6b79@group-BDBECEB78FC1-LeaderElection3] INFO  server.RaftServer$Division (RaftServerImpl.java:setFirstElection(574)) - 6e18b67a-af4b-4b8c-bc51-449eebbe6b79@group-BDBECEB78FC1: set firstElectionSinceStartup to false for becomeLeader
2024-01-24 13:22:01,532 [6e18b67a-af4b-4b8c-bc51-449eebbe6b79@group-BDBECEB78FC1-LeaderElection3] INFO  ratis.XceiverServerRatis (XceiverServerRatis.java:handleLeaderChangedNotification(945)) - Leader change notification received for group: group-BDBECEB78FC1 with new leaderId: 6e18b67a-af4b-4b8c-bc51-449eebbe6b79
2024-01-24 13:22:01,532 [6e18b67a-af4b-4b8c-bc51-449eebbe6b79@group-BDBECEB78FC1-LeaderElection3] INFO  server.RaftServer$Division (ServerState.java:setLeader(269)) - 6e18b67a-af4b-4b8c-bc51-449eebbe6b79@group-BDBECEB78FC1: change Leader from null to 6e18b67a-af4b-4b8c-bc51-449eebbe6b79 at term 1 for becomeLeader, leader elected after 5179ms
2024-01-24 13:22:01,534 [grpc-default-executor-1] INFO  server.RaftServer$Division (RaftServerImpl.java:requestVote(1389)) - 8ca4a470-ffd7-4121-87b3-5ed67d6215df@group-A47C4E6332D7: receive requestVote(PRE_VOTE, 6e18b67a-af4b-4b8c-bc51-449eebbe6b79, group-A47C4E6332D7, 0, (t:0, i:0))
2024-01-24 13:22:01,534 [grpc-default-executor-2] INFO  server.RaftServer$Division (RaftServerImpl.java:requestVote(1389)) - 9068a27b-4a68-4e87-8ec4-c4f6bb80632a@group-A47C4E6332D7: receive requestVote(PRE_VOTE, 6e18b67a-af4b-4b8c-bc51-449eebbe6b79, group-A47C4E6332D7, 0, (t:0, i:0))
2024-01-24 13:22:01,538 [6e18b67a-af4b-4b8c-bc51-449eebbe6b79@group-BDBECEB78FC1-LeaderElection3] INFO  segmented.SegmentedRaftLogWorker (SegmentedRaftLogWorker.java:startLogSegment(430)) - 6e18b67a-af4b-4b8c-bc51-449eebbe6b79@group-BDBECEB78FC1-SegmentedRaftLogWorker: Starting segment from index:0
2024-01-24 13:22:01,535 [EventQueue-OpenPipelineForHealthyPipelineSafeModeRule] INFO  safemode.SCMSafeModeManager (HealthyPipelineSafeModeRule.java:process(140)) - SCM in safe mode. Healthy pipelines reported count is 0, required healthy pipeline reported count is 1
2024-01-24 13:22:01,538 [grpc-default-executor-2] INFO  impl.VoteContext (VoteContext.java:log(49)) - 9068a27b-4a68-4e87-8ec4-c4f6bb80632a@group-A47C4E6332D7-FOLLOWER: reject PRE_VOTE from 6e18b67a-af4b-4b8c-bc51-449eebbe6b79: our priority 1 > candidate's priority 0
2024-01-24 13:22:01,539 [6e18b67a-af4b-4b8c-bc51-449eebbe6b79@group-BDBECEB78FC1-SegmentedRaftLogWorker] INFO  segmented.BufferedWriteChannel (BufferedWriteChannel.java:open(62)) - open log_inprogress_0 at position 0
2024-01-24 13:22:01,542 [grpc-default-executor-2] INFO  server.RaftServer$Division (RaftServerImpl.java:requestVote(1422)) - 9068a27b-4a68-4e87-8ec4-c4f6bb80632a@group-A47C4E6332D7 replies to PRE_VOTE vote request: 6e18b67a-af4b-4b8c-bc51-449eebbe6b79<-9068a27b-4a68-4e87-8ec4-c4f6bb80632a#0:FAIL-t0. Peer's state: 9068a27b-4a68-4e87-8ec4-c4f6bb80632a@group-A47C4E6332D7:t0, leader=null, voted=, raftlog=Memoized:9068a27b-4a68-4e87-8ec4-c4f6bb80632a@group-A47C4E6332D7-SegmentedRaftLog:OPENED:c-1, conf=-1: peers:[8ca4a470-ffd7-4121-87b3-5ed67d6215df|10.1.0.10:15023, 6e18b67a-af4b-4b8c-bc51-449eebbe6b79|10.1.0.10:15014, 9068a27b-4a68-4e87-8ec4-c4f6bb80632a|10.1.0.10:15032]|listeners:[], old=null
2024-01-24 13:22:01,546 [6e18b67a-af4b-4b8c-bc51-449eebbe6b79@group-BDBECEB78FC1-SegmentedRaftLogWorker] INFO  segmented.SegmentedRaftLogWorker (SegmentedRaftLogWorker.java:execute(634)) - 6e18b67a-af4b-4b8c-bc51-449eebbe6b79@group-BDBECEB78FC1-SegmentedRaftLogWorker: created new log segment /home/runner/work/ozone/ozone/hadoop-ozone/integration-test/target/test-dir/MiniOzoneClusterImpl-977364ef-3bcb-48d3-9f9f-52826038909b/datanode-0/data/ratis/87e26897-8ef4-4c51-81ad-bdbeceb78fc1/current/log_inprogress_0
2024-01-24 13:22:01,546 [6e18b67a-af4b-4b8c-bc51-449eebbe6b79@group-A47C4E6332D7-LeaderElection2] INFO  impl.LeaderElection (LeaderElection.java:logAndReturn(89)) - 6e18b67a-af4b-4b8c-bc51-449eebbe6b79@group-A47C4E6332D7-LeaderElection2: PRE_VOTE REJECTED received 1 response(s) and 0 exception(s):
2024-01-24 13:22:01,548 [6e18b67a-af4b-4b8c-bc51-449eebbe6b79@group-BDBECEB78FC1-LeaderElection3] INFO  server.RaftServer$Division (ServerState.java:setRaftConf(386)) - 6e18b67a-af4b-4b8c-bc51-449eebbe6b79@group-BDBECEB78FC1: set configuration 0: peers:[6e18b67a-af4b-4b8c-bc51-449eebbe6b79|10.1.0.10:15014]|listeners:[], old=null
2024-01-24 13:22:01,538 [grpc-default-executor-1] INFO  impl.VoteContext (VoteContext.java:log(49)) - 8ca4a470-ffd7-4121-87b3-5ed67d6215df@group-A47C4E6332D7-FOLLOWER: accept PRE_VOTE from 6e18b67a-af4b-4b8c-bc51-449eebbe6b79: our priority 0 <= candidate's priority 0
2024-01-24 13:22:01,549 [grpc-default-executor-1] INFO  server.RaftServer$Division (RaftServerImpl.java:requestVote(1422)) - 8ca4a470-ffd7-4121-87b3-5ed67d6215df@group-A47C4E6332D7 replies to PRE_VOTE vote request: 6e18b67a-af4b-4b8c-bc51-449eebbe6b79<-8ca4a470-ffd7-4121-87b3-5ed67d6215df#0:OK-t0. Peer's state: 8ca4a470-ffd7-4121-87b3-5ed67d6215df@group-A47C4E6332D7:t0, leader=null, voted=, raftlog=Memoized:8ca4a470-ffd7-4121-87b3-5ed67d6215df@group-A47C4E6332D7-SegmentedRaftLog:OPENED:c-1, conf=-1: peers:[8ca4a470-ffd7-4121-87b3-5ed67d6215df|10.1.0.10:15023, 6e18b67a-af4b-4b8c-bc51-449eebbe6b79|10.1.0.10:15014, 9068a27b-4a68-4e87-8ec4-c4f6bb80632a|10.1.0.10:15032]|listeners:[], old=null
2024-01-24 13:22:01,548 [6e18b67a-af4b-4b8c-bc51-449eebbe6b79@group-A47C4E6332D7-LeaderElection2] INFO  impl.LeaderElection (LeaderElection.java:logAndReturn(93)) -   Response 0: 6e18b67a-af4b-4b8c-bc51-449eebbe6b79<-9068a27b-4a68-4e87-8ec4-c4f6bb80632a#0:FAIL-t0
2024-01-24 13:22:01,550 [6e18b67a-af4b-4b8c-bc51-449eebbe6b79@group-A47C4E6332D7-LeaderElection2] INFO  impl.LeaderElection (LeaderElection.java:askForVotes(323)) - 6e18b67a-af4b-4b8c-bc51-449eebbe6b79@group-A47C4E6332D7-LeaderElection2 PRE_VOTE round 0: result REJECTED
2024-01-24 13:22:01,551 [6e18b67a-af4b-4b8c-bc51-449eebbe6b79@group-A47C4E6332D7-LeaderElection2] INFO  server.RaftServer$Division (RaftServerImpl.java:setRole(383)) - 6e18b67a-af4b-4b8c-bc51-449eebbe6b79@group-A47C4E6332D7: changes role from CANDIDATE to FOLLOWER at term 0 for REJECTED
2024-01-24 13:22:01,551 [6e18b67a-af4b-4b8c-bc51-449eebbe6b79@group-A47C4E6332D7-LeaderElection2] INFO  impl.RoleInfo (RoleInfo.java:shutdownLeaderElection(130)) - 6e18b67a-af4b-4b8c-bc51-449eebbe6b79: shutdown 6e18b67a-af4b-4b8c-bc51-449eebbe6b79@group-A47C4E6332D7-LeaderElection2
2024-01-24 13:22:01,551 [6e18b67a-af4b-4b8c-bc51-449eebbe6b79@group-A47C4E6332D7-LeaderElection2] INFO  impl.RoleInfo (RoleInfo.java:updateAndGet(139)) - 6e18b67a-af4b-4b8c-bc51-449eebbe6b79: start 6e18b67a-af4b-4b8c-bc51-449eebbe6b79@group-A47C4E6332D7-FollowerState
2024-01-24 13:22:01,552 [6e18b67a-af4b-4b8c-bc51-449eebbe6b79@group-A47C4E6332D7-LeaderElection2] INFO  server.RaftServer$Division (RaftServerImpl.java:setFirstElection(574)) - 6e18b67a-af4b-4b8c-bc51-449eebbe6b79@group-A47C4E6332D7: set firstElectionSinceStartup to false for REJECTED
2024-01-24 13:22:01,553 [6e18b67a-af4b-4b8c-bc51-449eebbe6b79@group-BDBECEB78FC1-StateMachineUpdater] INFO  server.RaftServer$Division (LeaderStateImpl.java:isApplied(320)) - leader is ready since appliedIndex == 0 >= startIndex == 0
2024-01-24 13:22:01,578 [main] INFO  ozone.MiniOzoneClusterImpl (MiniOzoneClusterImpl.java:lambda$waitForClusterToBeReady$0(229)) - Nodes are ready. Got 3 of 3 DN Heartbeats.
2024-01-24 13:22:01,579 [main] INFO  ozone.MiniOzoneClusterImpl (MiniOzoneClusterImpl.java:lambda$waitForClusterToBeReady$0(232)) - Waiting for cluster to exit safe mode
2024-01-24 13:22:01,579 [main] INFO  ozone.MiniOzoneClusterImpl (MiniOzoneClusterImpl.java:lambda$waitForClusterToBeReady$0(234)) - SCM became leader
2024-01-24 13:22:01,623 [8ca4a470-ffd7-4121-87b3-5ed67d6215df@group-71A828C408A7-FollowerState] INFO  impl.FollowerState (FollowerState.java:run(143)) - 8ca4a470-ffd7-4121-87b3-5ed67d6215df@group-71A828C408A7-FollowerState: change to CANDIDATE, lastRpcElapsedTime:5111675451ns, electionTimeout:5110ms
2024-01-24 13:22:01,623 [8ca4a470-ffd7-4121-87b3-5ed67d6215df@group-71A828C408A7-FollowerState] INFO  impl.RoleInfo (RoleInfo.java:shutdownFollowerState(110)) - 8ca4a470-ffd7-4121-87b3-5ed67d6215df: shutdown 8ca4a470-ffd7-4121-87b3-5ed67d6215df@group-71A828C408A7-FollowerState
2024-01-24 13:22:01,623 [8ca4a470-ffd7-4121-87b3-5ed67d6215df@group-71A828C408A7-FollowerState] INFO  server.RaftServer$Division (RaftServerImpl.java:setRole(383)) - 8ca4a470-ffd7-4121-87b3-5ed67d6215df@group-71A828C408A7: changes role from  FOLLOWER to CANDIDATE at term 0 for changeToCandidate
2024-01-24 13:22:01,623 [8ca4a470-ffd7-4121-87b3-5ed67d6215df@group-71A828C408A7-FollowerState] INFO  server.RaftServerConfigKeys (ConfUtils.java:logGet(46)) - raft.server.leaderelection.pre-vote = true (default)
2024-01-24 13:22:01,623 [8ca4a470-ffd7-4121-87b3-5ed67d6215df@group-71A828C408A7-FollowerState] INFO  impl.RoleInfo (RoleInfo.java:updateAndGet(139)) - 8ca4a470-ffd7-4121-87b3-5ed67d6215df: start 8ca4a470-ffd7-4121-87b3-5ed67d6215df@group-71A828C408A7-LeaderElection4
2024-01-24 13:22:01,625 [8ca4a470-ffd7-4121-87b3-5ed67d6215df@group-71A828C408A7-LeaderElection4] INFO  impl.LeaderElection (LeaderElection.java:askForVotes(321)) - 8ca4a470-ffd7-4121-87b3-5ed67d6215df@group-71A828C408A7-LeaderElection4 PRE_VOTE round 0: submit vote requests at term 0 for -1: peers:[8ca4a470-ffd7-4121-87b3-5ed67d6215df|10.1.0.10:15023]|listeners:[], old=null
2024-01-24 13:22:01,625 [8ca4a470-ffd7-4121-87b3-5ed67d6215df@group-71A828C408A7-LeaderElection4] INFO  impl.LeaderElection (LeaderElection.java:askForVotes(323)) - 8ca4a470-ffd7-4121-87b3-5ed67d6215df@group-71A828C408A7-LeaderElection4 PRE_VOTE round 0: result PASSED (term=0)
2024-01-24 13:22:01,626 [8ca4a470-ffd7-4121-87b3-5ed67d6215df@group-71A828C408A7-LeaderElection4] INFO  impl.LeaderElection (LeaderElection.java:askForVotes(321)) - 8ca4a470-ffd7-4121-87b3-5ed67d6215df@group-71A828C408A7-LeaderElection4 ELECTION round 0: submit vote requests at term 1 for -1: peers:[8ca4a470-ffd7-4121-87b3-5ed67d6215df|10.1.0.10:15023]|listeners:[], old=null
2024-01-24 13:22:01,627 [8ca4a470-ffd7-4121-87b3-5ed67d6215df@group-71A828C408A7-LeaderElection4] INFO  impl.LeaderElection (LeaderElection.java:askForVotes(323)) - 8ca4a470-ffd7-4121-87b3-5ed67d6215df@group-71A828C408A7-LeaderElection4 ELECTION round 0: result PASSED (term=1)
2024-01-24 13:22:01,627 [8ca4a470-ffd7-4121-87b3-5ed67d6215df@group-71A828C408A7-LeaderElection4] INFO  impl.RoleInfo (RoleInfo.java:shutdownLeaderElection(130)) - 8ca4a470-ffd7-4121-87b3-5ed67d6215df: shutdown 8ca4a470-ffd7-4121-87b3-5ed67d6215df@group-71A828C408A7-LeaderElection4
2024-01-24 13:22:01,627 [8ca4a470-ffd7-4121-87b3-5ed67d6215df@group-71A828C408A7-LeaderElection4] INFO  server.RaftServer$Division (RaftServerImpl.java:setRole(383)) - 8ca4a470-ffd7-4121-87b3-5ed67d6215df@group-71A828C408A7: changes role from CANDIDATE to LEADER at term 1 for changeToLeader
2024-01-24 13:22:01,627 [8ca4a470-ffd7-4121-87b3-5ed67d6215df@group-71A828C408A7-LeaderElection4] INFO  server.RaftServerConfigKeys (ConfUtils.java:logGet(46)) - raft.server.staging.catchup.gap = 1000 (default)
2024-01-24 13:22:01,627 [8ca4a470-ffd7-4121-87b3-5ed67d6215df@group-71A828C408A7-LeaderElection4] INFO  server.RaftServerConfigKeys (ConfUtils.java:logGet(46)) - raft.server.write.element-limit = 1024 (custom)
2024-01-24 13:22:01,628 [8ca4a470-ffd7-4121-87b3-5ed67d6215df@group-71A828C408A7-LeaderElection4] INFO  server.RaftServerConfigKeys (ConfUtils.java:logGet(46)) - raft.server.write.byte-limit = 1024 M (=1073741824) (custom)
2024-01-24 13:22:01,628 [8ca4a470-ffd7-4121-87b3-5ed67d6215df@group-71A828C408A7-LeaderElection4] INFO  server.RaftServerConfigKeys (ConfUtils.java:logGet(46)) - raft.server.watch.timeout = 180s (custom)
2024-01-24 13:22:01,628 [8ca4a470-ffd7-4121-87b3-5ed67d6215df@group-71A828C408A7-LeaderElection4] INFO  server.RaftServerConfigKeys (ConfUtils.java:logGet(46)) - raft.server.watch.timeout.denomination = 1s (default)
2024-01-24 13:22:01,628 [8ca4a470-ffd7-4121-87b3-5ed67d6215df@group-71A828C408A7-LeaderElection4] INFO  server.RaftServerConfigKeys (ConfUtils.java:logGet(46)) - raft.server.watch.element-limit = 65536 (default)
2024-01-24 13:22:01,628 [8ca4a470-ffd7-4121-87b3-5ed67d6215df@group-71A828C408A7-LeaderElection4] INFO  server.RaftServerConfigKeys (ConfUtils.java:logGet(46)) - raft.server.read.leader.lease.enabled = false (default)
2024-01-24 13:22:01,628 [8ca4a470-ffd7-4121-87b3-5ed67d6215df@group-71A828C408A7-LeaderElection4] INFO  server.RaftServerConfigKeys (ConfUtils.java:logGet(46)) - raft.server.read.leader.lease.timeout.ratio = 0.9 (default)
2024-01-24 13:22:01,629 [8ca4a470-ffd7-4121-87b3-5ed67d6215df@group-71A828C408A7-LeaderElection4] INFO  server.RaftServerConfigKeys (ConfUtils.java:logGet(46)) - raft.server.rpc.timeout.min = 5s (custom)
2024-01-24 13:22:01,629 [8ca4a470-ffd7-4121-87b3-5ed67d6215df@group-71A828C408A7-LeaderElection4] INFO  server.RaftServerConfigKeys (ConfUtils.java:logGet(46)) - raft.server.write.element-limit = 1024 (custom)
2024-01-24 13:22:01,629 [8ca4a470-ffd7-4121-87b3-5ed67d6215df@group-71A828C408A7-LeaderElection4] INFO  server.RaftServerConfigKeys (ConfUtils.java:logGet(46)) - raft.server.write.follower.gap.ratio.max = -1.0 (default)
2024-01-24 13:22:01,629 [8ca4a470-ffd7-4121-87b3-5ed67d6215df@group-71A828C408A7-LeaderElection4] INFO  impl.RoleInfo (RoleInfo.java:updateAndGet(139)) - 8ca4a470-ffd7-4121-87b3-5ed67d6215df: start 8ca4a470-ffd7-4121-87b3-5ed67d6215df@group-71A828C408A7-LeaderStateImpl
2024-01-24 13:22:01,629 [8ca4a470-ffd7-4121-87b3-5ed67d6215df@group-71A828C408A7-LeaderElection4] INFO  server.RaftServer$Division (RaftServerImpl.java:setFirstElection(574)) - 8ca4a470-ffd7-4121-87b3-5ed67d6215df@group-71A828C408A7: set firstElectionSinceStartup to false for becomeLeader
2024-01-24 13:22:01,629 [8ca4a470-ffd7-4121-87b3-5ed67d6215df@group-71A828C408A7-LeaderElection4] INFO  ratis.XceiverServerRatis (XceiverServerRatis.java:handleLeaderChangedNotification(945)) - Leader change notification received for group: group-71A828C408A7 with new leaderId: 8ca4a470-ffd7-4121-87b3-5ed67d6215df
2024-01-24 13:22:01,629 [8ca4a470-ffd7-4121-87b3-5ed67d6215df@group-71A828C408A7-LeaderElection4] INFO  server.RaftServer$Division (ServerState.java:setLeader(269)) - 8ca4a470-ffd7-4121-87b3-5ed67d6215df@group-71A828C408A7: change Leader from null to 8ca4a470-ffd7-4121-87b3-5ed67d6215df at term 1 for becomeLeader, leader elected after 5151ms
2024-01-24 13:22:01,629 [8ca4a470-ffd7-4121-87b3-5ed67d6215df@group-71A828C408A7-LeaderElection4] INFO  segmented.SegmentedRaftLogWorker (SegmentedRaftLogWorker.java:startLogSegment(430)) - 8ca4a470-ffd7-4121-87b3-5ed67d6215df@group-71A828C408A7-SegmentedRaftLogWorker: Starting segment from index:0
2024-01-24 13:22:01,630 [8ca4a470-ffd7-4121-87b3-5ed67d6215df@group-71A828C408A7-SegmentedRaftLogWorker] INFO  segmented.BufferedWriteChannel (BufferedWriteChannel.java:open(62)) - open log_inprogress_0 at position 0
2024-01-24 13:22:01,631 [8ca4a470-ffd7-4121-87b3-5ed67d6215df@group-71A828C408A7-LeaderElection4] INFO  server.RaftServer$Division (ServerState.java:setRaftConf(386)) - 8ca4a470-ffd7-4121-87b3-5ed67d6215df@group-71A828C408A7: set configuration 0: peers:[8ca4a470-ffd7-4121-87b3-5ed67d6215df|10.1.0.10:15023]|listeners:[], old=null
2024-01-24 13:22:01,636 [EventQueue-OpenPipelineForHealthyPipelineSafeModeRule] INFO  safemode.SCMSafeModeManager (HealthyPipelineSafeModeRule.java:process(140)) - SCM in safe mode. Healthy pipelines reported count is 0, required healthy pipeline reported count is 1
2024-01-24 13:22:01,638 [8ca4a470-ffd7-4121-87b3-5ed67d6215df@group-71A828C408A7-SegmentedRaftLogWorker] INFO  segmented.SegmentedRaftLogWorker (SegmentedRaftLogWorker.java:execute(634)) - 8ca4a470-ffd7-4121-87b3-5ed67d6215df@group-71A828C408A7-SegmentedRaftLogWorker: created new log segment /home/runner/work/ozone/ozone/hadoop-ozone/integration-test/target/test-dir/MiniOzoneClusterImpl-977364ef-3bcb-48d3-9f9f-52826038909b/datanode-1/data/ratis/a4e7c804-93f9-4684-b915-71a828c408a7/current/log_inprogress_0
2024-01-24 13:22:01,641 [8ca4a470-ffd7-4121-87b3-5ed67d6215df@group-71A828C408A7-StateMachineUpdater] INFO  server.RaftServer$Division (LeaderStateImpl.java:isApplied(320)) - leader is ready since appliedIndex == 0 >= startIndex == 0
2024-01-24 13:22:01,659 [8ca4a470-ffd7-4121-87b3-5ed67d6215df@group-A47C4E6332D7-FollowerState] INFO  server.RaftServerConfigKeys (ConfUtils.java:logFallback(53)) - raft.server.rpc.first-election.timeout.min = 5s (fallback to raft.server.rpc.timeout.min)
2024-01-24 13:22:01,659 [8ca4a470-ffd7-4121-87b3-5ed67d6215df@group-A47C4E6332D7-FollowerState] INFO  server.RaftServerConfigKeys (ConfUtils.java:logFallback(53)) - raft.server.rpc.first-election.timeout.max = 5200ms (fallback to raft.server.rpc.timeout.max)
2024-01-24 13:22:01,682 [9068a27b-4a68-4e87-8ec4-c4f6bb80632a@group-BA8C1DC17EFA-FollowerState] INFO  impl.FollowerState (FollowerState.java:run(143)) - 9068a27b-4a68-4e87-8ec4-c4f6bb80632a@group-BA8C1DC17EFA-FollowerState: change to CANDIDATE, lastRpcElapsedTime:5039062101ns, electionTimeout:5037ms
2024-01-24 13:22:01,682 [9068a27b-4a68-4e87-8ec4-c4f6bb80632a@group-BA8C1DC17EFA-FollowerState] INFO  impl.RoleInfo (RoleInfo.java:shutdownFollowerState(110)) - 9068a27b-4a68-4e87-8ec4-c4f6bb80632a: shutdown 9068a27b-4a68-4e87-8ec4-c4f6bb80632a@group-BA8C1DC17EFA-FollowerState
2024-01-24 13:22:01,683 [9068a27b-4a68-4e87-8ec4-c4f6bb80632a@group-BA8C1DC17EFA-FollowerState] INFO  server.RaftServer$Division (RaftServerImpl.java:setRole(383)) - 9068a27b-4a68-4e87-8ec4-c4f6bb80632a@group-BA8C1DC17EFA: changes role from  FOLLOWER to CANDIDATE at term 0 for changeToCandidate
2024-01-24 13:22:01,683 [9068a27b-4a68-4e87-8ec4-c4f6bb80632a@group-BA8C1DC17EFA-FollowerState] INFO  server.RaftServerConfigKeys (ConfUtils.java:logGet(46)) - raft.server.leaderelection.pre-vote = true (default)
2024-01-24 13:22:01,683 [9068a27b-4a68-4e87-8ec4-c4f6bb80632a@group-BA8C1DC17EFA-FollowerState] INFO  impl.RoleInfo (RoleInfo.java:updateAndGet(139)) - 9068a27b-4a68-4e87-8ec4-c4f6bb80632a: start 9068a27b-4a68-4e87-8ec4-c4f6bb80632a@group-BA8C1DC17EFA-LeaderElection5
2024-01-24 13:22:01,684 [9068a27b-4a68-4e87-8ec4-c4f6bb80632a@group-BA8C1DC17EFA-LeaderElection5] INFO  impl.LeaderElection (LeaderElection.java:askForVotes(321)) - 9068a27b-4a68-4e87-8ec4-c4f6bb80632a@group-BA8C1DC17EFA-LeaderElection5 PRE_VOTE round 0: submit vote requests at term 0 for -1: peers:[9068a27b-4a68-4e87-8ec4-c4f6bb80632a|10.1.0.10:15032]|listeners:[], old=null
2024-01-24 13:22:01,685 [9068a27b-4a68-4e87-8ec4-c4f6bb80632a@group-BA8C1DC17EFA-LeaderElection5] INFO  impl.LeaderElection (LeaderElection.java:askForVotes(323)) - 9068a27b-4a68-4e87-8ec4-c4f6bb80632a@group-BA8C1DC17EFA-LeaderElection5 PRE_VOTE round 0: result PASSED (term=0)
2024-01-24 13:22:01,686 [9068a27b-4a68-4e87-8ec4-c4f6bb80632a@group-BA8C1DC17EFA-LeaderElection5] INFO  impl.LeaderElection (LeaderElection.java:askForVotes(321)) - 9068a27b-4a68-4e87-8ec4-c4f6bb80632a@group-BA8C1DC17EFA-LeaderElection5 ELECTION round 0: submit vote requests at term 1 for -1: peers:[9068a27b-4a68-4e87-8ec4-c4f6bb80632a|10.1.0.10:15032]|listeners:[], old=null
2024-01-24 13:22:01,686 [9068a27b-4a68-4e87-8ec4-c4f6bb80632a@group-BA8C1DC17EFA-LeaderElection5] INFO  impl.LeaderElection (LeaderElection.java:askForVotes(323)) - 9068a27b-4a68-4e87-8ec4-c4f6bb80632a@group-BA8C1DC17EFA-LeaderElection5 ELECTION round 0: result PASSED (term=1)
2024-01-24 13:22:01,687 [9068a27b-4a68-4e87-8ec4-c4f6bb80632a@group-BA8C1DC17EFA-LeaderElection5] INFO  impl.RoleInfo (RoleInfo.java:shutdownLeaderElection(130)) - 9068a27b-4a68-4e87-8ec4-c4f6bb80632a: shutdown 9068a27b-4a68-4e87-8ec4-c4f6bb80632a@group-BA8C1DC17EFA-LeaderElection5
2024-01-24 13:22:01,687 [9068a27b-4a68-4e87-8ec4-c4f6bb80632a@group-BA8C1DC17EFA-LeaderElection5] INFO  server.RaftServer$Division (RaftServerImpl.java:setRole(383)) - 9068a27b-4a68-4e87-8ec4-c4f6bb80632a@group-BA8C1DC17EFA: changes role from CANDIDATE to LEADER at term 1 for changeToLeader
2024-01-24 13:22:01,687 [9068a27b-4a68-4e87-8ec4-c4f6bb80632a@group-BA8C1DC17EFA-LeaderElection5] INFO  server.RaftServerConfigKeys (ConfUtils.java:logGet(46)) - raft.server.staging.catchup.gap = 1000 (default)
2024-01-24 13:22:01,688 [9068a27b-4a68-4e87-8ec4-c4f6bb80632a@group-BA8C1DC17EFA-LeaderElection5] INFO  server.RaftServerConfigKeys (ConfUtils.java:logGet(46)) - raft.server.write.element-limit = 1024 (custom)
2024-01-24 13:22:01,688 [9068a27b-4a68-4e87-8ec4-c4f6bb80632a@group-BA8C1DC17EFA-LeaderElection5] INFO  server.RaftServerConfigKeys (ConfUtils.java:logGet(46)) - raft.server.write.byte-limit = 1024 M (=1073741824) (custom)
2024-01-24 13:22:01,689 [9068a27b-4a68-4e87-8ec4-c4f6bb80632a@group-BA8C1DC17EFA-LeaderElection5] INFO  server.RaftServerConfigKeys (ConfUtils.java:logGet(46)) - raft.server.watch.timeout = 180s (custom)
2024-01-24 13:22:01,689 [9068a27b-4a68-4e87-8ec4-c4f6bb80632a@group-BA8C1DC17EFA-LeaderElection5] INFO  server.RaftServerConfigKeys (ConfUtils.java:logGet(46)) - raft.server.watch.timeout.denomination = 1s (default)
2024-01-24 13:22:01,690 [9068a27b-4a68-4e87-8ec4-c4f6bb80632a@group-BA8C1DC17EFA-LeaderElection5] INFO  server.RaftServerConfigKeys (ConfUtils.java:logGet(46)) - raft.server.watch.element-limit = 65536 (default)
2024-01-24 13:22:01,690 [9068a27b-4a68-4e87-8ec4-c4f6bb80632a@group-BA8C1DC17EFA-LeaderElection5] INFO  server.RaftServerConfigKeys (ConfUtils.java:logGet(46)) - raft.server.read.leader.lease.enabled = false (default)
2024-01-24 13:22:01,690 [9068a27b-4a68-4e87-8ec4-c4f6bb80632a@group-BA8C1DC17EFA-LeaderElection5] INFO  server.RaftServerConfigKeys (ConfUtils.java:logGet(46)) - raft.server.read.leader.lease.timeout.ratio = 0.9 (default)
2024-01-24 13:22:01,691 [9068a27b-4a68-4e87-8ec4-c4f6bb80632a@group-BA8C1DC17EFA-LeaderElection5] INFO  server.RaftServerConfigKeys (ConfUtils.java:logGet(46)) - raft.server.rpc.timeout.min = 5s (custom)
2024-01-24 13:22:01,691 [9068a27b-4a68-4e87-8ec4-c4f6bb80632a@group-BA8C1DC17EFA-LeaderElection5] INFO  server.RaftServerConfigKeys (ConfUtils.java:logGet(46)) - raft.server.write.element-limit = 1024 (custom)
2024-01-24 13:22:01,691 [9068a27b-4a68-4e87-8ec4-c4f6bb80632a@group-BA8C1DC17EFA-LeaderElection5] INFO  server.RaftServerConfigKeys (ConfUtils.java:logGet(46)) - raft.server.write.follower.gap.ratio.max = -1.0 (default)
2024-01-24 13:22:01,691 [9068a27b-4a68-4e87-8ec4-c4f6bb80632a@group-BA8C1DC17EFA-LeaderElection5] INFO  impl.RoleInfo (RoleInfo.java:updateAndGet(139)) - 9068a27b-4a68-4e87-8ec4-c4f6bb80632a: start 9068a27b-4a68-4e87-8ec4-c4f6bb80632a@group-BA8C1DC17EFA-LeaderStateImpl
2024-01-24 13:22:01,691 [9068a27b-4a68-4e87-8ec4-c4f6bb80632a@group-BA8C1DC17EFA-LeaderElection5] INFO  server.RaftServer$Division (RaftServerImpl.java:setFirstElection(574)) - 9068a27b-4a68-4e87-8ec4-c4f6bb80632a@group-BA8C1DC17EFA: set firstElectionSinceStartup to false for becomeLeader
2024-01-24 13:22:01,691 [9068a27b-4a68-4e87-8ec4-c4f6bb80632a@group-BA8C1DC17EFA-LeaderElection5] INFO  ratis.XceiverServerRatis (XceiverServerRatis.java:handleLeaderChangedNotification(945)) - Leader change notification received for group: group-BA8C1DC17EFA with new leaderId: 9068a27b-4a68-4e87-8ec4-c4f6bb80632a
2024-01-24 13:22:01,691 [9068a27b-4a68-4e87-8ec4-c4f6bb80632a@group-BA8C1DC17EFA-LeaderElection5] INFO  server.RaftServer$Division (ServerState.java:setLeader(269)) - 9068a27b-4a68-4e87-8ec4-c4f6bb80632a@group-BA8C1DC17EFA: change Leader from null to 9068a27b-4a68-4e87-8ec4-c4f6bb80632a at term 1 for becomeLeader, leader elected after 5098ms
2024-01-24 13:22:01,692 [9068a27b-4a68-4e87-8ec4-c4f6bb80632a@group-BA8C1DC17EFA-LeaderElection5] INFO  segmented.SegmentedRaftLogWorker (SegmentedRaftLogWorker.java:startLogSegment(430)) - 9068a27b-4a68-4e87-8ec4-c4f6bb80632a@group-BA8C1DC17EFA-SegmentedRaftLogWorker: Starting segment from index:0
2024-01-24 13:22:01,692 [9068a27b-4a68-4e87-8ec4-c4f6bb80632a@group-BA8C1DC17EFA-SegmentedRaftLogWorker] INFO  segmented.BufferedWriteChannel (BufferedWriteChannel.java:open(62)) - open log_inprogress_0 at position 0
2024-01-24 13:22:01,694 [EventQueue-OpenPipelineForHealthyPipelineSafeModeRule] INFO  safemode.SCMSafeModeManager (HealthyPipelineSafeModeRule.java:process(140)) - SCM in safe mode. Healthy pipelines reported count is 0, required healthy pipeline reported count is 1
2024-01-24 13:22:01,696 [9068a27b-4a68-4e87-8ec4-c4f6bb80632a@group-BA8C1DC17EFA-LeaderElection5] INFO  server.RaftServer$Division (ServerState.java:setRaftConf(386)) - 9068a27b-4a68-4e87-8ec4-c4f6bb80632a@group-BA8C1DC17EFA: set configuration 0: peers:[9068a27b-4a68-4e87-8ec4-c4f6bb80632a|10.1.0.10:15032]|listeners:[], old=null
2024-01-24 13:22:01,700 [9068a27b-4a68-4e87-8ec4-c4f6bb80632a@group-BA8C1DC17EFA-SegmentedRaftLogWorker] INFO  segmented.SegmentedRaftLogWorker (SegmentedRaftLogWorker.java:execute(634)) - 9068a27b-4a68-4e87-8ec4-c4f6bb80632a@group-BA8C1DC17EFA-SegmentedRaftLogWorker: created new log segment /home/runner/work/ozone/ozone/hadoop-ozone/integration-test/target/test-dir/MiniOzoneClusterImpl-977364ef-3bcb-48d3-9f9f-52826038909b/datanode-2/data/ratis/3e30b18c-0012-4d90-abab-ba8c1dc17efa/current/log_inprogress_0
2024-01-24 13:22:01,702 [9068a27b-4a68-4e87-8ec4-c4f6bb80632a@group-BA8C1DC17EFA-StateMachineUpdater] INFO  server.RaftServer$Division (LeaderStateImpl.java:isApplied(320)) - leader is ready since appliedIndex == 0 >= startIndex == 0
2024-01-24 13:22:01,896 [9068a27b-4a68-4e87-8ec4-c4f6bb80632a@group-A47C4E6332D7-FollowerState] INFO  impl.FollowerState (FollowerState.java:run(143)) - 9068a27b-4a68-4e87-8ec4-c4f6bb80632a@group-A47C4E6332D7-FollowerState: change to CANDIDATE, lastRpcElapsedTime:5203599413ns, electionTimeout:5200ms
2024-01-24 13:22:01,896 [9068a27b-4a68-4e87-8ec4-c4f6bb80632a@group-A47C4E6332D7-FollowerState] INFO  impl.RoleInfo (RoleInfo.java:shutdownFollowerState(110)) - 9068a27b-4a68-4e87-8ec4-c4f6bb80632a: shutdown 9068a27b-4a68-4e87-8ec4-c4f6bb80632a@group-A47C4E6332D7-FollowerState
2024-01-24 13:22:01,896 [9068a27b-4a68-4e87-8ec4-c4f6bb80632a@group-A47C4E6332D7-FollowerState] INFO  server.RaftServer$Division (RaftServerImpl.java:setRole(383)) - 9068a27b-4a68-4e87-8ec4-c4f6bb80632a@group-A47C4E6332D7: changes role from  FOLLOWER to CANDIDATE at term 0 for changeToCandidate
2024-01-24 13:22:01,896 [9068a27b-4a68-4e87-8ec4-c4f6bb80632a@group-A47C4E6332D7-FollowerState] INFO  server.RaftServerConfigKeys (ConfUtils.java:logGet(46)) - raft.server.leaderelection.pre-vote = true (default)
2024-01-24 13:22:01,897 [9068a27b-4a68-4e87-8ec4-c4f6bb80632a@group-A47C4E6332D7-FollowerState] INFO  impl.RoleInfo (RoleInfo.java:updateAndGet(139)) - 9068a27b-4a68-4e87-8ec4-c4f6bb80632a: start 9068a27b-4a68-4e87-8ec4-c4f6bb80632a@group-A47C4E6332D7-LeaderElection6
2024-01-24 13:22:01,897 [9068a27b-4a68-4e87-8ec4-c4f6bb80632a@group-A47C4E6332D7-LeaderElection6] INFO  impl.LeaderElection (LeaderElection.java:askForVotes(321)) - 9068a27b-4a68-4e87-8ec4-c4f6bb80632a@group-A47C4E6332D7-LeaderElection6 PRE_VOTE round 0: submit vote requests at term 0 for -1: peers:[8ca4a470-ffd7-4121-87b3-5ed67d6215df|10.1.0.10:15023, 6e18b67a-af4b-4b8c-bc51-449eebbe6b79|10.1.0.10:15014, 9068a27b-4a68-4e87-8ec4-c4f6bb80632a|10.1.0.10:15032]|listeners:[], old=null
2024-01-24 13:22:01,898 [9068a27b-4a68-4e87-8ec4-c4f6bb80632a@group-A47C4E6332D7-LeaderElection6-1] INFO  server.GrpcServerProtocolClient (GrpcServerProtocolClient.java:<init>(65)) - Build channel for 8ca4a470-ffd7-4121-87b3-5ed67d6215df|10.1.0.10:15023
2024-01-24 13:22:01,899 [9068a27b-4a68-4e87-8ec4-c4f6bb80632a@group-A47C4E6332D7-LeaderElection6-2] INFO  server.GrpcServerProtocolClient (GrpcServerProtocolClient.java:<init>(65)) - Build channel for 6e18b67a-af4b-4b8c-bc51-449eebbe6b79|10.1.0.10:15014
2024-01-24 13:22:01,898 [9068a27b-4a68-4e87-8ec4-c4f6bb80632a@group-A47C4E6332D7-LeaderElection6] INFO  server.RaftServerConfigKeys (ConfUtils.java:logFallback(53)) - raft.server.rpc.first-election.timeout.min = 5s (fallback to raft.server.rpc.timeout.min)
2024-01-24 13:22:01,899 [9068a27b-4a68-4e87-8ec4-c4f6bb80632a@group-A47C4E6332D7-LeaderElection6] INFO  server.RaftServerConfigKeys (ConfUtils.java:logFallback(53)) - raft.server.rpc.first-election.timeout.max = 5200ms (fallback to raft.server.rpc.timeout.max)
2024-01-24 13:22:01,909 [grpc-default-executor-2] INFO  server.RaftServer$Division (RaftServerImpl.java:requestVote(1389)) - 6e18b67a-af4b-4b8c-bc51-449eebbe6b79@group-A47C4E6332D7: receive requestVote(PRE_VOTE, 9068a27b-4a68-4e87-8ec4-c4f6bb80632a, group-A47C4E6332D7, 0, (t:0, i:0))
2024-01-24 13:22:01,909 [grpc-default-executor-1] INFO  server.RaftServer$Division (RaftServerImpl.java:requestVote(1389)) - 8ca4a470-ffd7-4121-87b3-5ed67d6215df@group-A47C4E6332D7: receive requestVote(PRE_VOTE, 9068a27b-4a68-4e87-8ec4-c4f6bb80632a, group-A47C4E6332D7, 0, (t:0, i:0))
2024-01-24 13:22:01,910 [grpc-default-executor-2] INFO  impl.VoteContext (VoteContext.java:log(49)) - 6e18b67a-af4b-4b8c-bc51-449eebbe6b79@group-A47C4E6332D7-FOLLOWER: accept PRE_VOTE from 9068a27b-4a68-4e87-8ec4-c4f6bb80632a: our priority 0 <= candidate's priority 1
2024-01-24 13:22:01,910 [grpc-default-executor-1] INFO  impl.VoteContext (VoteContext.java:log(49)) - 8ca4a470-ffd7-4121-87b3-5ed67d6215df@group-A47C4E6332D7-FOLLOWER: accept PRE_VOTE from 9068a27b-4a68-4e87-8ec4-c4f6bb80632a: our priority 0 <= candidate's priority 1
2024-01-24 13:22:01,910 [grpc-default-executor-2] INFO  server.RaftServer$Division (RaftServerImpl.java:requestVote(1422)) - 6e18b67a-af4b-4b8c-bc51-449eebbe6b79@group-A47C4E6332D7 replies to PRE_VOTE vote request: 9068a27b-4a68-4e87-8ec4-c4f6bb80632a<-6e18b67a-af4b-4b8c-bc51-449eebbe6b79#0:OK-t0. Peer's state: 6e18b67a-af4b-4b8c-bc51-449eebbe6b79@group-A47C4E6332D7:t0, leader=null, voted=, raftlog=Memoized:6e18b67a-af4b-4b8c-bc51-449eebbe6b79@group-A47C4E6332D7-SegmentedRaftLog:OPENED:c-1, conf=-1: peers:[8ca4a470-ffd7-4121-87b3-5ed67d6215df|10.1.0.10:15023, 6e18b67a-af4b-4b8c-bc51-449eebbe6b79|10.1.0.10:15014, 9068a27b-4a68-4e87-8ec4-c4f6bb80632a|10.1.0.10:15032]|listeners:[], old=null
2024-01-24 13:22:01,910 [grpc-default-executor-1] INFO  server.RaftServer$Division (RaftServerImpl.java:requestVote(1422)) - 8ca4a470-ffd7-4121-87b3-5ed67d6215df@group-A47C4E6332D7 replies to PRE_VOTE vote request: 9068a27b-4a68-4e87-8ec4-c4f6bb80632a<-8ca4a470-ffd7-4121-87b3-5ed67d6215df#0:OK-t0. Peer's state: 8ca4a470-ffd7-4121-87b3-5ed67d6215df@group-A47C4E6332D7:t0, leader=null, voted=, raftlog=Memoized:8ca4a470-ffd7-4121-87b3-5ed67d6215df@group-A47C4E6332D7-SegmentedRaftLog:OPENED:c-1, conf=-1: peers:[8ca4a470-ffd7-4121-87b3-5ed67d6215df|10.1.0.10:15023, 6e18b67a-af4b-4b8c-bc51-449eebbe6b79|10.1.0.10:15014, 9068a27b-4a68-4e87-8ec4-c4f6bb80632a|10.1.0.10:15032]|listeners:[], old=null
2024-01-24 13:22:01,914 [9068a27b-4a68-4e87-8ec4-c4f6bb80632a@group-A47C4E6332D7-LeaderElection6] INFO  impl.LeaderElection (LeaderElection.java:logAndReturn(89)) - 9068a27b-4a68-4e87-8ec4-c4f6bb80632a@group-A47C4E6332D7-LeaderElection6: PRE_VOTE PASSED received 1 response(s) and 0 exception(s):
2024-01-24 13:22:01,914 [9068a27b-4a68-4e87-8ec4-c4f6bb80632a@group-A47C4E6332D7-LeaderElection6] INFO  impl.LeaderElection (LeaderElection.java:logAndReturn(93)) -   Response 0: 9068a27b-4a68-4e87-8ec4-c4f6bb80632a<-8ca4a470-ffd7-4121-87b3-5ed67d6215df#0:OK-t0
2024-01-24 13:22:01,914 [9068a27b-4a68-4e87-8ec4-c4f6bb80632a@group-A47C4E6332D7-LeaderElection6] INFO  impl.LeaderElection (LeaderElection.java:askForVotes(323)) - 9068a27b-4a68-4e87-8ec4-c4f6bb80632a@group-A47C4E6332D7-LeaderElection6 PRE_VOTE round 0: result PASSED
2024-01-24 13:22:01,919 [9068a27b-4a68-4e87-8ec4-c4f6bb80632a@group-A47C4E6332D7-LeaderElection6] INFO  impl.LeaderElection (LeaderElection.java:askForVotes(321)) - 9068a27b-4a68-4e87-8ec4-c4f6bb80632a@group-A47C4E6332D7-LeaderElection6 ELECTION round 0: submit vote requests at term 1 for -1: peers:[8ca4a470-ffd7-4121-87b3-5ed67d6215df|10.1.0.10:15023, 6e18b67a-af4b-4b8c-bc51-449eebbe6b79|10.1.0.10:15014, 9068a27b-4a68-4e87-8ec4-c4f6bb80632a|10.1.0.10:15032]|listeners:[], old=null
2024-01-24 13:22:01,919 [9068a27b-4a68-4e87-8ec4-c4f6bb80632a@group-A47C4E6332D7-LeaderElection6] INFO  server.RaftServerConfigKeys (ConfUtils.java:logFallback(53)) - raft.server.rpc.first-election.timeout.min = 5s (fallback to raft.server.rpc.timeout.min)
2024-01-24 13:22:01,919 [9068a27b-4a68-4e87-8ec4-c4f6bb80632a@group-A47C4E6332D7-LeaderElection6] INFO  server.RaftServerConfigKeys (ConfUtils.java:logFallback(53)) - raft.server.rpc.first-election.timeout.max = 5200ms (fallback to raft.server.rpc.timeout.max)
2024-01-24 13:22:01,922 [grpc-default-executor-1] INFO  server.RaftServer$Division (RaftServerImpl.java:requestVote(1389)) - 8ca4a470-ffd7-4121-87b3-5ed67d6215df@group-A47C4E6332D7: receive requestVote(ELECTION, 9068a27b-4a68-4e87-8ec4-c4f6bb80632a, group-A47C4E6332D7, 1, (t:0, i:0))
2024-01-24 13:22:01,923 [grpc-default-executor-1] INFO  impl.VoteContext (VoteContext.java:log(49)) - 8ca4a470-ffd7-4121-87b3-5ed67d6215df@group-A47C4E6332D7-FOLLOWER: accept ELECTION from 9068a27b-4a68-4e87-8ec4-c4f6bb80632a: our priority 0 <= candidate's priority 1
2024-01-24 13:22:01,923 [grpc-default-executor-1] INFO  server.RaftServer$Division (RaftServerImpl.java:setRole(383)) - 8ca4a470-ffd7-4121-87b3-5ed67d6215df@group-A47C4E6332D7: changes role from  FOLLOWER to FOLLOWER at term 1 for candidate:9068a27b-4a68-4e87-8ec4-c4f6bb80632a
2024-01-24 13:22:01,923 [grpc-default-executor-1] INFO  impl.RoleInfo (RoleInfo.java:shutdownFollowerState(110)) - 8ca4a470-ffd7-4121-87b3-5ed67d6215df: shutdown 8ca4a470-ffd7-4121-87b3-5ed67d6215df@group-A47C4E6332D7-FollowerState
2024-01-24 13:22:01,923 [grpc-default-executor-1] INFO  impl.RoleInfo (RoleInfo.java:updateAndGet(139)) - 8ca4a470-ffd7-4121-87b3-5ed67d6215df: start 8ca4a470-ffd7-4121-87b3-5ed67d6215df@group-A47C4E6332D7-FollowerState
2024-01-24 13:22:01,923 [8ca4a470-ffd7-4121-87b3-5ed67d6215df@group-A47C4E6332D7-FollowerState] INFO  impl.FollowerState (FollowerState.java:run(152)) - 8ca4a470-ffd7-4121-87b3-5ed67d6215df@group-A47C4E6332D7-FollowerState was interrupted
2024-01-24 13:22:01,923 [grpc-default-executor-1] INFO  server.RaftServer$Division (RaftServerImpl.java:setFirstElection(574)) - 8ca4a470-ffd7-4121-87b3-5ed67d6215df@group-A47C4E6332D7: set firstElectionSinceStartup to false for candidate:9068a27b-4a68-4e87-8ec4-c4f6bb80632a
2024-01-24 13:22:01,925 [grpc-default-executor-1] INFO  server.RaftServer$Division (RaftServerImpl.java:requestVote(1422)) - 8ca4a470-ffd7-4121-87b3-5ed67d6215df@group-A47C4E6332D7 replies to ELECTION vote request: 9068a27b-4a68-4e87-8ec4-c4f6bb80632a<-8ca4a470-ffd7-4121-87b3-5ed67d6215df#0:OK-t1. Peer's state: 8ca4a470-ffd7-4121-87b3-5ed67d6215df@group-A47C4E6332D7:t1, leader=null, voted=9068a27b-4a68-4e87-8ec4-c4f6bb80632a, raftlog=Memoized:8ca4a470-ffd7-4121-87b3-5ed67d6215df@group-A47C4E6332D7-SegmentedRaftLog:OPENED:c-1, conf=-1: peers:[8ca4a470-ffd7-4121-87b3-5ed67d6215df|10.1.0.10:15023, 6e18b67a-af4b-4b8c-bc51-449eebbe6b79|10.1.0.10:15014, 9068a27b-4a68-4e87-8ec4-c4f6bb80632a|10.1.0.10:15032]|listeners:[], old=null
2024-01-24 13:22:01,927 [grpc-default-executor-2] INFO  server.RaftServer$Division (RaftServerImpl.java:requestVote(1389)) - 6e18b67a-af4b-4b8c-bc51-449eebbe6b79@group-A47C4E6332D7: receive requestVote(ELECTION, 9068a27b-4a68-4e87-8ec4-c4f6bb80632a, group-A47C4E6332D7, 1, (t:0, i:0))
2024-01-24 13:22:01,927 [grpc-default-executor-2] INFO  impl.VoteContext (VoteContext.java:log(49)) - 6e18b67a-af4b-4b8c-bc51-449eebbe6b79@group-A47C4E6332D7-FOLLOWER: accept ELECTION from 9068a27b-4a68-4e87-8ec4-c4f6bb80632a: our priority 0 <= candidate's priority 1
2024-01-24 13:22:01,927 [grpc-default-executor-2] INFO  server.RaftServer$Division (RaftServerImpl.java:setRole(383)) - 6e18b67a-af4b-4b8c-bc51-449eebbe6b79@group-A47C4E6332D7: changes role from  FOLLOWER to FOLLOWER at term 1 for candidate:9068a27b-4a68-4e87-8ec4-c4f6bb80632a
2024-01-24 13:22:01,927 [grpc-default-executor-2] INFO  impl.RoleInfo (RoleInfo.java:shutdownFollowerState(110)) - 6e18b67a-af4b-4b8c-bc51-449eebbe6b79: shutdown 6e18b67a-af4b-4b8c-bc51-449eebbe6b79@group-A47C4E6332D7-FollowerState
2024-01-24 13:22:01,927 [grpc-default-executor-2] INFO  impl.RoleInfo (RoleInfo.java:updateAndGet(139)) - 6e18b67a-af4b-4b8c-bc51-449eebbe6b79: start 6e18b67a-af4b-4b8c-bc51-449eebbe6b79@group-A47C4E6332D7-FollowerState
2024-01-24 13:22:01,927 [6e18b67a-af4b-4b8c-bc51-449eebbe6b79@group-A47C4E6332D7-FollowerState] INFO  impl.FollowerState (FollowerState.java:run(152)) - 6e18b67a-af4b-4b8c-bc51-449eebbe6b79@group-A47C4E6332D7-FollowerState was interrupted
2024-01-24 13:22:01,929 [9068a27b-4a68-4e87-8ec4-c4f6bb80632a@group-A47C4E6332D7-LeaderElection6] INFO  impl.LeaderElection (LeaderElection.java:logAndReturn(89)) - 9068a27b-4a68-4e87-8ec4-c4f6bb80632a@group-A47C4E6332D7-LeaderElection6: ELECTION PASSED received 1 response(s) and 0 exception(s):
2024-01-24 13:22:01,931 [9068a27b-4a68-4e87-8ec4-c4f6bb80632a@group-A47C4E6332D7-LeaderElection6] INFO  impl.LeaderElection (LeaderElection.java:logAndReturn(93)) -   Response 0: 9068a27b-4a68-4e87-8ec4-c4f6bb80632a<-8ca4a470-ffd7-4121-87b3-5ed67d6215df#0:OK-t1
2024-01-24 13:22:01,931 [9068a27b-4a68-4e87-8ec4-c4f6bb80632a@group-A47C4E6332D7-LeaderElection6] INFO  impl.LeaderElection (LeaderElection.java:askForVotes(323)) - 9068a27b-4a68-4e87-8ec4-c4f6bb80632a@group-A47C4E6332D7-LeaderElection6 ELECTION round 0: result PASSED
2024-01-24 13:22:01,931 [9068a27b-4a68-4e87-8ec4-c4f6bb80632a@group-A47C4E6332D7-LeaderElection6] INFO  impl.RoleInfo (RoleInfo.java:shutdownLeaderElection(130)) - 9068a27b-4a68-4e87-8ec4-c4f6bb80632a: shutdown 9068a27b-4a68-4e87-8ec4-c4f6bb80632a@group-A47C4E6332D7-LeaderElection6
2024-01-24 13:22:01,932 [9068a27b-4a68-4e87-8ec4-c4f6bb80632a@group-A47C4E6332D7-LeaderElection6] INFO  server.RaftServer$Division (RaftServerImpl.java:setRole(383)) - 9068a27b-4a68-4e87-8ec4-c4f6bb80632a@group-A47C4E6332D7: changes role from CANDIDATE to LEADER at term 1 for changeToLeader
2024-01-24 13:22:01,932 [9068a27b-4a68-4e87-8ec4-c4f6bb80632a@group-A47C4E6332D7-LeaderElection6] INFO  server.RaftServerConfigKeys (ConfUtils.java:logGet(46)) - raft.server.staging.catchup.gap = 1000 (default)
2024-01-24 13:22:01,932 [9068a27b-4a68-4e87-8ec4-c4f6bb80632a@group-A47C4E6332D7-LeaderElection6] INFO  server.RaftServerConfigKeys (ConfUtils.java:logGet(46)) - raft.server.write.element-limit = 1024 (custom)
2024-01-24 13:22:01,932 [9068a27b-4a68-4e87-8ec4-c4f6bb80632a@group-A47C4E6332D7-LeaderElection6] INFO  server.RaftServerConfigKeys (ConfUtils.java:logGet(46)) - raft.server.write.byte-limit = 1024 M (=1073741824) (custom)
2024-01-24 13:22:01,932 [9068a27b-4a68-4e87-8ec4-c4f6bb80632a@group-A47C4E6332D7-LeaderElection6] INFO  server.RaftServerConfigKeys (ConfUtils.java:logGet(46)) - raft.server.watch.timeout = 180s (custom)
2024-01-24 13:22:01,932 [9068a27b-4a68-4e87-8ec4-c4f6bb80632a@group-A47C4E6332D7-LeaderElection6] INFO  server.RaftServerConfigKeys (ConfUtils.java:logGet(46)) - raft.server.watch.timeout.denomination = 1s (default)
2024-01-24 13:22:01,932 [9068a27b-4a68-4e87-8ec4-c4f6bb80632a@group-A47C4E6332D7-LeaderElection6] INFO  server.RaftServerConfigKeys (ConfUtils.java:logGet(46)) - raft.server.watch.element-limit = 65536 (default)
2024-01-24 13:22:01,932 [9068a27b-4a68-4e87-8ec4-c4f6bb80632a@group-A47C4E6332D7-LeaderElection6] INFO  server.RaftServerConfigKeys (ConfUtils.java:logGet(46)) - raft.server.read.leader.lease.enabled = false (default)
2024-01-24 13:22:01,933 [9068a27b-4a68-4e87-8ec4-c4f6bb80632a@group-A47C4E6332D7-LeaderElection6] INFO  server.RaftServerConfigKeys (ConfUtils.java:logGet(46)) - raft.server.read.leader.lease.timeout.ratio = 0.9 (default)
2024-01-24 13:22:01,933 [9068a27b-4a68-4e87-8ec4-c4f6bb80632a@group-A47C4E6332D7-LeaderElection6] INFO  server.RaftServerConfigKeys (ConfUtils.java:logGet(46)) - raft.server.rpc.timeout.min = 5s (custom)
2024-01-24 13:22:01,933 [9068a27b-4a68-4e87-8ec4-c4f6bb80632a@group-A47C4E6332D7-LeaderElection6] INFO  server.RaftServerConfigKeys (ConfUtils.java:logGet(46)) - raft.server.write.element-limit = 1024 (custom)
2024-01-24 13:22:01,933 [9068a27b-4a68-4e87-8ec4-c4f6bb80632a@group-A47C4E6332D7-LeaderElection6] INFO  server.RaftServerConfigKeys (ConfUtils.java:logGet(46)) - raft.server.write.follower.gap.ratio.max = -1.0 (default)
2024-01-24 13:22:01,935 [grpc-default-executor-2] INFO  server.RaftServer$Division (RaftServerImpl.java:requestVote(1422)) - 6e18b67a-af4b-4b8c-bc51-449eebbe6b79@group-A47C4E6332D7 replies to ELECTION vote request: 9068a27b-4a68-4e87-8ec4-c4f6bb80632a<-6e18b67a-af4b-4b8c-bc51-449eebbe6b79#0:OK-t1. Peer's state: 6e18b67a-af4b-4b8c-bc51-449eebbe6b79@group-A47C4E6332D7:t1, leader=null, voted=9068a27b-4a68-4e87-8ec4-c4f6bb80632a, raftlog=Memoized:6e18b67a-af4b-4b8c-bc51-449eebbe6b79@group-A47C4E6332D7-SegmentedRaftLog:OPENED:c-1, conf=-1: peers:[8ca4a470-ffd7-4121-87b3-5ed67d6215df|10.1.0.10:15023, 6e18b67a-af4b-4b8c-bc51-449eebbe6b79|10.1.0.10:15014, 9068a27b-4a68-4e87-8ec4-c4f6bb80632a|10.1.0.10:15032]|listeners:[], old=null
2024-01-24 13:22:01,945 [9068a27b-4a68-4e87-8ec4-c4f6bb80632a@group-A47C4E6332D7-LeaderElection6] INFO  server.RaftServerConfigKeys (ConfUtils.java:logGet(46)) - raft.server.log.appender.snapshot.chunk.size.max = 16MB (=16777216) (default)
2024-01-24 13:22:01,945 [9068a27b-4a68-4e87-8ec4-c4f6bb80632a@group-A47C4E6332D7-LeaderElection6] INFO  server.RaftServerConfigKeys (ConfUtils.java:logGet(46)) - raft.server.log.appender.buffer.byte-limit = 8388608 (custom)
2024-01-24 13:22:01,945 [9068a27b-4a68-4e87-8ec4-c4f6bb80632a@group-A47C4E6332D7-LeaderElection6] INFO  server.RaftServerConfigKeys (ConfUtils.java:logGet(46)) - raft.server.log.appender.buffer.element-limit = 1 (custom)
2024-01-24 13:22:01,947 [9068a27b-4a68-4e87-8ec4-c4f6bb80632a@group-A47C4E6332D7-LeaderElection6] INFO  server.RaftServerConfigKeys (ConfUtils.java:logGet(46)) - raft.server.log.appender.wait-time.min = 0μs (custom)
2024-01-24 13:22:01,949 [9068a27b-4a68-4e87-8ec4-c4f6bb80632a@group-A47C4E6332D7-LeaderElection6] INFO  grpc.GrpcConfigKeys (ConfUtils.java:logGet(46)) - raft.grpc.server.leader.outstanding.appends.max = 8 (default)
2024-01-24 13:22:01,949 [9068a27b-4a68-4e87-8ec4-c4f6bb80632a@group-A47C4E6332D7-LeaderElection6] INFO  server.RaftServerConfigKeys (ConfUtils.java:logGet(46)) - raft.server.rpc.request.timeout = 60s (custom)
2024-01-24 13:22:01,950 [9068a27b-4a68-4e87-8ec4-c4f6bb80632a@group-A47C4E6332D7-LeaderElection6] INFO  grpc.GrpcConfigKeys (ConfUtils.java:logGet(46)) - raft.grpc.server.install_snapshot.request.element-limit = 8 (default)
2024-01-24 13:22:01,950 [9068a27b-4a68-4e87-8ec4-c4f6bb80632a@group-A47C4E6332D7-LeaderElection6] INFO  grpc.GrpcConfigKeys (ConfUtils.java:logGet(46)) - raft.grpc.server.install_snapshot.request.timeout = 3000ms (default)
2024-01-24 13:22:01,950 [9068a27b-4a68-4e87-8ec4-c4f6bb80632a@group-A47C4E6332D7-LeaderElection6] INFO  grpc.GrpcConfigKeys (ConfUtils.java:logGet(46)) - raft.grpc.server.log-message.batch.duration = 5s (default)
2024-01-24 13:22:01,950 [9068a27b-4a68-4e87-8ec4-c4f6bb80632a@group-A47C4E6332D7-LeaderElection6] INFO  server.RaftServerConfigKeys (ConfUtils.java:logGet(46)) - raft.server.log.appender.install.snapshot.enabled = false (custom)
2024-01-24 13:22:01,950 [9068a27b-4a68-4e87-8ec4-c4f6bb80632a@group-A47C4E6332D7-LeaderElection6] INFO  grpc.GrpcConfigKeys (ConfUtils.java:logGet(46)) - raft.grpc.server.heartbeat.channel = true (default)
2024-01-24 13:22:01,954 [9068a27b-4a68-4e87-8ec4-c4f6bb80632a@group-A47C4E6332D7-LeaderElection6] INFO  server.RaftServerConfigKeys (ConfUtils.java:logGet(46)) - raft.server.log.appender.snapshot.chunk.size.max = 16MB (=16777216) (default)
2024-01-24 13:22:01,954 [9068a27b-4a68-4e87-8ec4-c4f6bb80632a@group-A47C4E6332D7-LeaderElection6] INFO  server.RaftServerConfigKeys (ConfUtils.java:logGet(46)) - raft.server.log.appender.buffer.byte-limit = 8388608 (custom)
2024-01-24 13:22:01,954 [9068a27b-4a68-4e87-8ec4-c4f6bb80632a@group-A47C4E6332D7-LeaderElection6] INFO  server.RaftServerConfigKeys (ConfUtils.java:logGet(46)) - raft.server.log.appender.buffer.element-limit = 1 (custom)
2024-01-24 13:22:01,954 [9068a27b-4a68-4e87-8ec4-c4f6bb80632a@group-A47C4E6332D7-LeaderElection6] INFO  server.RaftServerConfigKeys (ConfUtils.java:logGet(46)) - raft.server.log.appender.wait-time.min = 0μs (custom)
2024-01-24 13:22:01,954 [9068a27b-4a68-4e87-8ec4-c4f6bb80632a@group-A47C4E6332D7-LeaderElection6] INFO  grpc.GrpcConfigKeys (ConfUtils.java:logGet(46)) - raft.grpc.server.leader.outstanding.appends.max = 8 (default)
2024-01-24 13:22:01,955 [9068a27b-4a68-4e87-8ec4-c4f6bb80632a@group-A47C4E6332D7-LeaderElection6] INFO  server.RaftServerConfigKeys (ConfUtils.java:logGet(46)) - raft.server.rpc.request.timeout = 60s (custom)
2024-01-24 13:22:01,955 [9068a27b-4a68-4e87-8ec4-c4f6bb80632a@group-A47C4E6332D7-LeaderElection6] INFO  grpc.GrpcConfigKeys (ConfUtils.java:logGet(46)) - raft.grpc.server.install_snapshot.request.element-limit = 8 (default)
2024-01-24 13:22:01,955 [9068a27b-4a68-4e87-8ec4-c4f6bb80632a@group-A47C4E6332D7-LeaderElection6] INFO  grpc.GrpcConfigKeys (ConfUtils.java:logGet(46)) - raft.grpc.server.install_snapshot.request.timeout = 3000ms (default)
2024-01-24 13:22:01,955 [9068a27b-4a68-4e87-8ec4-c4f6bb80632a@group-A47C4E6332D7-LeaderElection6] INFO  grpc.GrpcConfigKeys (ConfUtils.java:logGet(46)) - raft.grpc.server.log-message.batch.duration = 5s (default)
2024-01-24 13:22:01,955 [9068a27b-4a68-4e87-8ec4-c4f6bb80632a@group-A47C4E6332D7-LeaderElection6] INFO  server.RaftServerConfigKeys (ConfUtils.java:logGet(46)) - raft.server.log.appender.install.snapshot.enabled = false (custom)
2024-01-24 13:22:01,955 [9068a27b-4a68-4e87-8ec4-c4f6bb80632a@group-A47C4E6332D7-LeaderElection6] INFO  grpc.GrpcConfigKeys (ConfUtils.java:logGet(46)) - raft.grpc.server.heartbeat.channel = true (default)
2024-01-24 13:22:01,956 [9068a27b-4a68-4e87-8ec4-c4f6bb80632a@group-A47C4E6332D7-LeaderElection6] INFO  impl.RoleInfo (RoleInfo.java:updateAndGet(139)) - 9068a27b-4a68-4e87-8ec4-c4f6bb80632a: start 9068a27b-4a68-4e87-8ec4-c4f6bb80632a@group-A47C4E6332D7-LeaderStateImpl
2024-01-24 13:22:01,957 [9068a27b-4a68-4e87-8ec4-c4f6bb80632a@group-A47C4E6332D7-LeaderElection6] INFO  server.RaftServer$Division (RaftServerImpl.java:setFirstElection(574)) - 9068a27b-4a68-4e87-8ec4-c4f6bb80632a@group-A47C4E6332D7: set firstElectionSinceStartup to false for becomeLeader
2024-01-24 13:22:01,957 [9068a27b-4a68-4e87-8ec4-c4f6bb80632a@group-A47C4E6332D7-LeaderElection6] INFO  ratis.XceiverServerRatis (XceiverServerRatis.java:handleLeaderChangedNotification(945)) - Leader change notification received for group: group-A47C4E6332D7 with new leaderId: 9068a27b-4a68-4e87-8ec4-c4f6bb80632a
2024-01-24 13:22:01,957 [9068a27b-4a68-4e87-8ec4-c4f6bb80632a@group-A47C4E6332D7-LeaderElection6] INFO  server.RaftServer$Division (ServerState.java:setLeader(269)) - 9068a27b-4a68-4e87-8ec4-c4f6bb80632a@group-A47C4E6332D7: change Leader from null to 9068a27b-4a68-4e87-8ec4-c4f6bb80632a at term 1 for becomeLeader, leader elected after 5301ms
2024-01-24 13:22:01,957 [9068a27b-4a68-4e87-8ec4-c4f6bb80632a@group-A47C4E6332D7-LeaderElection6] INFO  segmented.SegmentedRaftLogWorker (SegmentedRaftLogWorker.java:startLogSegment(430)) - 9068a27b-4a68-4e87-8ec4-c4f6bb80632a@group-A47C4E6332D7-SegmentedRaftLogWorker: Starting segment from index:0
2024-01-24 13:22:01,958 [9068a27b-4a68-4e87-8ec4-c4f6bb80632a@group-A47C4E6332D7-SegmentedRaftLogWorker] INFO  segmented.BufferedWriteChannel (BufferedWriteChannel.java:open(62)) - open log_inprogress_0 at position 0
2024-01-24 13:22:01,964 [9068a27b-4a68-4e87-8ec4-c4f6bb80632a@group-A47C4E6332D7-LeaderElection6] INFO  server.RaftServer$Division (ServerState.java:setRaftConf(386)) - 9068a27b-4a68-4e87-8ec4-c4f6bb80632a@group-A47C4E6332D7: set configuration 0: peers:[8ca4a470-ffd7-4121-87b3-5ed67d6215df|10.1.0.10:15023, 6e18b67a-af4b-4b8c-bc51-449eebbe6b79|10.1.0.10:15014, 9068a27b-4a68-4e87-8ec4-c4f6bb80632a|10.1.0.10:15032]|listeners:[], old=null
2024-01-24 13:22:01,966 [EventQueue-PipelineReportForPipelineReportHandler] INFO  pipeline.PipelineReportHandler (PipelineReportHandler.java:processPipelineReport(136)) - Opened pipeline PipelineID=eec8129e-ea39-4308-b8df-a47c4e6332d7
2024-01-24 13:22:01,966 [EventQueue-OpenPipelineForHealthyPipelineSafeModeRule] INFO  safemode.SCMSafeModeManager (HealthyPipelineSafeModeRule.java:process(140)) - SCM in safe mode. Healthy pipelines reported count is 1, required healthy pipeline reported count is 1
2024-01-24 13:22:01,966 [EventQueue-OpenPipelineForHealthyPipelineSafeModeRule] INFO  safemode.SCMSafeModeManager (SCMSafeModeManager.java:validateSafeModeExitRules(200)) - HealthyPipelineSafeModeRule rule is successfully validated
2024-01-24 13:22:01,966 [EventQueue-OpenPipelineForHealthyPipelineSafeModeRule] INFO  safemode.SCMSafeModeManager (SCMSafeModeManager.java:validateSafeModeExitRules(215)) - ScmSafeModeManager, all rules are successfully validated
2024-01-24 13:22:01,966 [EventQueue-OpenPipelineForHealthyPipelineSafeModeRule] INFO  safemode.SCMSafeModeManager (SCMSafeModeManager.java:exitSafeMode(244)) - SCM exiting safe mode.
2024-01-24 13:22:01,966 [EventQueue-OpenPipelineForHealthyPipelineSafeModeRule] INFO  ha.SCMContext (SCMContext.java:updateSafeModeStatus(230)) - Update SafeModeStatus from SafeModeStatus{safeModeStatus=true, preCheckPassed=true} to SafeModeStatus{safeModeStatus=false, preCheckPassed=true}.
2024-01-24 13:22:01,967 [EventQueue-OpenPipelineForHealthyPipelineSafeModeRule] INFO  pipeline.BackgroundPipelineCreator (BackgroundPipelineCreator.java:notifyStatusChanged(258)) - Service BackgroundPipelineCreator transitions to RUNNING.
2024-01-24 13:22:01,967 [EventQueue-OpenPipelineForHealthyPipelineSafeModeRule] INFO  BackgroundPipelineScrubber (BackgroundSCMService.java:notifyStatusChanged(82)) - Service BackgroundPipelineScrubber transitions to RUNNING.
2024-01-24 13:22:01,967 [EventQueue-OpenPipelineForHealthyPipelineSafeModeRule] INFO  ExpiredContainerReplicaOpScrubber (BackgroundSCMService.java:notifyStatusChanged(82)) - Service ExpiredContainerReplicaOpScrubber transitions to RUNNING.
2024-01-24 13:22:01,967 [EventQueue-OpenPipelineForHealthyPipelineSafeModeRule] INFO  block.SCMBlockDeletingService (SCMBlockDeletingService.java:notifyStatusChanged(247)) - notifyStatusChanged:RUNNING
2024-01-24 13:22:01,967 [EventQueue-OpenPipelineForHealthyPipelineSafeModeRule] INFO  replication.ReplicationManager (ReplicationManager.java:notifyStatusChanged(1401)) - Service ReplicationManager transitions to RUNNING.
2024-01-24 13:22:01,967 [9068a27b-4a68-4e87-8ec4-c4f6bb80632a@group-A47C4E6332D7-SegmentedRaftLogWorker] INFO  segmented.SegmentedRaftLogWorker (SegmentedRaftLogWorker.java:execute(634)) - 9068a27b-4a68-4e87-8ec4-c4f6bb80632a@group-A47C4E6332D7-SegmentedRaftLogWorker: created new log segment /home/runner/work/ozone/ozone/hadoop-ozone/integration-test/target/test-dir/MiniOzoneClusterImpl-977364ef-3bcb-48d3-9f9f-52826038909b/datanode-2/data/ratis/eec8129e-ea39-4308-b8df-a47c4e6332d7/current/log_inprogress_0
2024-01-24 13:22:01,972 [EventQueue-OpenPipelineForHealthyPipelineSafeModeRule] WARN  balancer.ContainerBalancer (ContainerBalancer.java:shouldRun(134)) - Could not find persisted configuration for ContainerBalancer when checking if ContainerBalancer should run. ContainerBalancer should not run now.
2024-01-24 13:22:01,995 [6e18b67a-af4b-4b8c-bc51-449eebbe6b79-server-thread1] INFO  ratis.XceiverServerRatis (XceiverServerRatis.java:handleLeaderChangedNotification(945)) - Leader change notification received for group: group-A47C4E6332D7 with new leaderId: 9068a27b-4a68-4e87-8ec4-c4f6bb80632a
2024-01-24 13:22:01,995 [6e18b67a-af4b-4b8c-bc51-449eebbe6b79-server-thread1] INFO  server.RaftServer$Division (ServerState.java:setLeader(269)) - 6e18b67a-af4b-4b8c-bc51-449eebbe6b79@group-A47C4E6332D7: change Leader from null to 9068a27b-4a68-4e87-8ec4-c4f6bb80632a at term 1 for appendEntries, leader elected after 5585ms
2024-01-24 13:22:01,997 [8ca4a470-ffd7-4121-87b3-5ed67d6215df-server-thread1] INFO  ratis.XceiverServerRatis (XceiverServerRatis.java:handleLeaderChangedNotification(945)) - Leader change notification received for group: group-A47C4E6332D7 with new leaderId: 9068a27b-4a68-4e87-8ec4-c4f6bb80632a
2024-01-24 13:22:01,997 [8ca4a470-ffd7-4121-87b3-5ed67d6215df-server-thread1] INFO  server.RaftServer$Division (ServerState.java:setLeader(269)) - 8ca4a470-ffd7-4121-87b3-5ed67d6215df@group-A47C4E6332D7: change Leader from null to 9068a27b-4a68-4e87-8ec4-c4f6bb80632a at term 1 for appendEntries, leader elected after 5473ms
2024-01-24 13:22:02,003 [8ca4a470-ffd7-4121-87b3-5ed67d6215df-server-thread1] INFO  server.RaftServer$Division (ServerState.java:setRaftConf(386)) - 8ca4a470-ffd7-4121-87b3-5ed67d6215df@group-A47C4E6332D7: set configuration 0: peers:[8ca4a470-ffd7-4121-87b3-5ed67d6215df|10.1.0.10:15023, 6e18b67a-af4b-4b8c-bc51-449eebbe6b79|10.1.0.10:15014, 9068a27b-4a68-4e87-8ec4-c4f6bb80632a|10.1.0.10:15032]|listeners:[], old=null
2024-01-24 13:22:02,004 [8ca4a470-ffd7-4121-87b3-5ed67d6215df-server-thread1] INFO  segmented.SegmentedRaftLogWorker (SegmentedRaftLogWorker.java:startLogSegment(430)) - 8ca4a470-ffd7-4121-87b3-5ed67d6215df@group-A47C4E6332D7-SegmentedRaftLogWorker: Starting segment from index:0
2024-01-24 13:22:02,005 [6e18b67a-af4b-4b8c-bc51-449eebbe6b79-server-thread2] INFO  server.RaftServer$Division (ServerState.java:setRaftConf(386)) - 6e18b67a-af4b-4b8c-bc51-449eebbe6b79@group-A47C4E6332D7: set configuration 0: peers:[8ca4a470-ffd7-4121-87b3-5ed67d6215df|10.1.0.10:15023, 6e18b67a-af4b-4b8c-bc51-449eebbe6b79|10.1.0.10:15014, 9068a27b-4a68-4e87-8ec4-c4f6bb80632a|10.1.0.10:15032]|listeners:[], old=null
2024-01-24 13:22:02,005 [6e18b67a-af4b-4b8c-bc51-449eebbe6b79-server-thread2] INFO  segmented.SegmentedRaftLogWorker (SegmentedRaftLogWorker.java:startLogSegment(430)) - 6e18b67a-af4b-4b8c-bc51-449eebbe6b79@group-A47C4E6332D7-SegmentedRaftLogWorker: Starting segment from index:0
2024-01-24 13:22:02,006 [8ca4a470-ffd7-4121-87b3-5ed67d6215df@group-A47C4E6332D7-SegmentedRaftLogWorker] INFO  segmented.BufferedWriteChannel (BufferedWriteChannel.java:open(62)) - open log_inprogress_0 at position 0
2024-01-24 13:22:02,009 [6e18b67a-af4b-4b8c-bc51-449eebbe6b79@group-A47C4E6332D7-SegmentedRaftLogWorker] INFO  segmented.BufferedWriteChannel (BufferedWriteChannel.java:open(62)) - open log_inprogress_0 at position 0
2024-01-24 13:22:02,020 [8ca4a470-ffd7-4121-87b3-5ed67d6215df@group-A47C4E6332D7-SegmentedRaftLogWorker] INFO  segmented.SegmentedRaftLogWorker (SegmentedRaftLogWorker.java:execute(634)) - 8ca4a470-ffd7-4121-87b3-5ed67d6215df@group-A47C4E6332D7-SegmentedRaftLogWorker: created new log segment /home/runner/work/ozone/ozone/hadoop-ozone/integration-test/target/test-dir/MiniOzoneClusterImpl-977364ef-3bcb-48d3-9f9f-52826038909b/datanode-1/data/ratis/eec8129e-ea39-4308-b8df-a47c4e6332d7/current/log_inprogress_0
2024-01-24 13:22:02,020 [6e18b67a-af4b-4b8c-bc51-449eebbe6b79@group-A47C4E6332D7-SegmentedRaftLogWorker] INFO  segmented.SegmentedRaftLogWorker (SegmentedRaftLogWorker.java:execute(634)) - 6e18b67a-af4b-4b8c-bc51-449eebbe6b79@group-A47C4E6332D7-SegmentedRaftLogWorker: created new log segment /home/runner/work/ozone/ozone/hadoop-ozone/integration-test/target/test-dir/MiniOzoneClusterImpl-977364ef-3bcb-48d3-9f9f-52826038909b/datanode-0/data/ratis/eec8129e-ea39-4308-b8df-a47c4e6332d7/current/log_inprogress_0
2024-01-24 13:22:02,027 [9068a27b-4a68-4e87-8ec4-c4f6bb80632a@group-A47C4E6332D7-StateMachineUpdater] INFO  server.RaftServer$Division (LeaderStateImpl.java:isApplied(320)) - leader is ready since appliedIndex == 0 >= startIndex == 0
2024-01-24 13:22:02,049 [6e18b67a-af4b-4b8c-bc51-449eebbe6b79@group-8F81C0D01C8F-FollowerState] INFO  impl.FollowerState (FollowerState.java:run(143)) - 6e18b67a-af4b-4b8c-bc51-449eebbe6b79@group-8F81C0D01C8F-FollowerState: change to CANDIDATE, lastRpcElapsedTime:5014302018ns, electionTimeout:5012ms
2024-01-24 13:22:02,049 [6e18b67a-af4b-4b8c-bc51-449eebbe6b79@group-8F81C0D01C8F-FollowerState] INFO  impl.RoleInfo (RoleInfo.java:shutdownFollowerState(110)) - 6e18b67a-af4b-4b8c-bc51-449eebbe6b79: shutdown 6e18b67a-af4b-4b8c-bc51-449eebbe6b79@group-8F81C0D01C8F-FollowerState
2024-01-24 13:22:02,049 [6e18b67a-af4b-4b8c-bc51-449eebbe6b79@group-8F81C0D01C8F-FollowerState] INFO  server.RaftServer$Division (RaftServerImpl.java:setRole(383)) - 6e18b67a-af4b-4b8c-bc51-449eebbe6b79@group-8F81C0D01C8F: changes role from  FOLLOWER to CANDIDATE at term 0 for changeToCandidate
2024-01-24 13:22:02,049 [6e18b67a-af4b-4b8c-bc51-449eebbe6b79@group-8F81C0D01C8F-FollowerState] INFO  server.RaftServerConfigKeys (ConfUtils.java:logGet(46)) - raft.server.leaderelection.pre-vote = true (default)
2024-01-24 13:22:02,049 [6e18b67a-af4b-4b8c-bc51-449eebbe6b79@group-8F81C0D01C8F-FollowerState] INFO  impl.RoleInfo (RoleInfo.java:updateAndGet(139)) - 6e18b67a-af4b-4b8c-bc51-449eebbe6b79: start 6e18b67a-af4b-4b8c-bc51-449eebbe6b79@group-8F81C0D01C8F-LeaderElection7
2024-01-24 13:22:02,051 [6e18b67a-af4b-4b8c-bc51-449eebbe6b79@group-8F81C0D01C8F-LeaderElection7] INFO  impl.LeaderElection (LeaderElection.java:askForVotes(321)) - 6e18b67a-af4b-4b8c-bc51-449eebbe6b79@group-8F81C0D01C8F-LeaderElection7 PRE_VOTE round 0: submit vote requests at term 0 for -1: peers:[8ca4a470-ffd7-4121-87b3-5ed67d6215df|10.1.0.10:15023, 6e18b67a-af4b-4b8c-bc51-449eebbe6b79|10.1.0.10:15014, 9068a27b-4a68-4e87-8ec4-c4f6bb80632a|10.1.0.10:15032]|listeners:[], old=null
2024-01-24 13:22:02,052 [6e18b67a-af4b-4b8c-bc51-449eebbe6b79@group-8F81C0D01C8F-LeaderElection7] INFO  server.RaftServerConfigKeys (ConfUtils.java:logFallback(53)) - raft.server.rpc.first-election.timeout.min = 5s (fallback to raft.server.rpc.timeout.min)
2024-01-24 13:22:02,052 [6e18b67a-af4b-4b8c-bc51-449eebbe6b79@group-8F81C0D01C8F-LeaderElection7] INFO  server.RaftServerConfigKeys (ConfUtils.java:logFallback(53)) - raft.server.rpc.first-election.timeout.max = 5200ms (fallback to raft.server.rpc.timeout.max)
2024-01-24 13:22:02,055 [grpc-default-executor-3] INFO  server.RaftServer$Division (RaftServerImpl.java:requestVote(1389)) - 8ca4a470-ffd7-4121-87b3-5ed67d6215df@group-8F81C0D01C8F: receive requestVote(PRE_VOTE, 6e18b67a-af4b-4b8c-bc51-449eebbe6b79, group-8F81C0D01C8F, 0, (t:0, i:0))
2024-01-24 13:22:02,055 [grpc-default-executor-0] INFO  server.RaftServer$Division (RaftServerImpl.java:requestVote(1389)) - 9068a27b-4a68-4e87-8ec4-c4f6bb80632a@group-8F81C0D01C8F: receive requestVote(PRE_VOTE, 6e18b67a-af4b-4b8c-bc51-449eebbe6b79, group-8F81C0D01C8F, 0, (t:0, i:0))
2024-01-24 13:22:02,056 [grpc-default-executor-3] INFO  impl.VoteContext (VoteContext.java:log(49)) - 8ca4a470-ffd7-4121-87b3-5ed67d6215df@group-8F81C0D01C8F-FOLLOWER: reject PRE_VOTE from 6e18b67a-af4b-4b8c-bc51-449eebbe6b79: our priority 1 > candidate's priority 0
2024-01-24 13:22:02,056 [grpc-default-executor-0] INFO  impl.VoteContext (VoteContext.java:log(49)) - 9068a27b-4a68-4e87-8ec4-c4f6bb80632a@group-8F81C0D01C8F-FOLLOWER: accept PRE_VOTE from 6e18b67a-af4b-4b8c-bc51-449eebbe6b79: our priority 0 <= candidate's priority 0
2024-01-24 13:22:02,056 [grpc-default-executor-3] INFO  server.RaftServer$Division (RaftServerImpl.java:requestVote(1422)) - 8ca4a470-ffd7-4121-87b3-5ed67d6215df@group-8F81C0D01C8F replies to PRE_VOTE vote request: 6e18b67a-af4b-4b8c-bc51-449eebbe6b79<-8ca4a470-ffd7-4121-87b3-5ed67d6215df#0:FAIL-t0. Peer's state: 8ca4a470-ffd7-4121-87b3-5ed67d6215df@group-8F81C0D01C8F:t0, leader=null, voted=, raftlog=Memoized:8ca4a470-ffd7-4121-87b3-5ed67d6215df@group-8F81C0D01C8F-SegmentedRaftLog:OPENED:c-1, conf=-1: peers:[8ca4a470-ffd7-4121-87b3-5ed67d6215df|10.1.0.10:15023, 6e18b67a-af4b-4b8c-bc51-449eebbe6b79|10.1.0.10:15014, 9068a27b-4a68-4e87-8ec4-c4f6bb80632a|10.1.0.10:15032]|listeners:[], old=null
2024-01-24 13:22:02,056 [grpc-default-executor-0] INFO  server.RaftServer$Division (RaftServerImpl.java:requestVote(1422)) - 9068a27b-4a68-4e87-8ec4-c4f6bb80632a@group-8F81C0D01C8F replies to PRE_VOTE vote request: 6e18b67a-af4b-4b8c-bc51-449eebbe6b79<-9068a27b-4a68-4e87-8ec4-c4f6bb80632a#0:OK-t0. Peer's state: 9068a27b-4a68-4e87-8ec4-c4f6bb80632a@group-8F81C0D01C8F:t0, leader=null, voted=, raftlog=Memoized:9068a27b-4a68-4e87-8ec4-c4f6bb80632a@group-8F81C0D01C8F-SegmentedRaftLog:OPENED:c-1, conf=-1: peers:[8ca4a470-ffd7-4121-87b3-5ed67d6215df|10.1.0.10:15023, 6e18b67a-af4b-4b8c-bc51-449eebbe6b79|10.1.0.10:15014, 9068a27b-4a68-4e87-8ec4-c4f6bb80632a|10.1.0.10:15032]|listeners:[], old=null
2024-01-24 13:22:02,058 [6e18b67a-af4b-4b8c-bc51-449eebbe6b79@group-8F81C0D01C8F-LeaderElection7] INFO  impl.LeaderElection (LeaderElection.java:logAndReturn(89)) - 6e18b67a-af4b-4b8c-bc51-449eebbe6b79@group-8F81C0D01C8F-LeaderElection7: PRE_VOTE REJECTED received 1 response(s) and 0 exception(s):
2024-01-24 13:22:02,059 [6e18b67a-af4b-4b8c-bc51-449eebbe6b79@group-8F81C0D01C8F-LeaderElection7] INFO  impl.LeaderElection (LeaderElection.java:logAndReturn(93)) -   Response 0: 6e18b67a-af4b-4b8c-bc51-449eebbe6b79<-8ca4a470-ffd7-4121-87b3-5ed67d6215df#0:FAIL-t0
2024-01-24 13:22:02,059 [6e18b67a-af4b-4b8c-bc51-449eebbe6b79@group-8F81C0D01C8F-LeaderElection7] INFO  impl.LeaderElection (LeaderElection.java:askForVotes(323)) - 6e18b67a-af4b-4b8c-bc51-449eebbe6b79@group-8F81C0D01C8F-LeaderElection7 PRE_VOTE round 0: result REJECTED
2024-01-24 13:22:02,060 [6e18b67a-af4b-4b8c-bc51-449eebbe6b79@group-8F81C0D01C8F-LeaderElection7] INFO  server.RaftServer$Division (RaftServerImpl.java:setRole(383)) - 6e18b67a-af4b-4b8c-bc51-449eebbe6b79@group-8F81C0D01C8F: changes role from CANDIDATE to FOLLOWER at term 0 for REJECTED
2024-01-24 13:22:02,060 [6e18b67a-af4b-4b8c-bc51-449eebbe6b79@group-8F81C0D01C8F-LeaderElection7] INFO  impl.RoleInfo (RoleInfo.java:shutdownLeaderElection(130)) - 6e18b67a-af4b-4b8c-bc51-449eebbe6b79: shutdown 6e18b67a-af4b-4b8c-bc51-449eebbe6b79@group-8F81C0D01C8F-LeaderElection7
2024-01-24 13:22:02,060 [6e18b67a-af4b-4b8c-bc51-449eebbe6b79@group-8F81C0D01C8F-LeaderElection7] INFO  impl.RoleInfo (RoleInfo.java:updateAndGet(139)) - 6e18b67a-af4b-4b8c-bc51-449eebbe6b79: start 6e18b67a-af4b-4b8c-bc51-449eebbe6b79@group-8F81C0D01C8F-FollowerState
2024-01-24 13:22:02,060 [6e18b67a-af4b-4b8c-bc51-449eebbe6b79@group-8F81C0D01C8F-LeaderElection7] INFO  server.RaftServer$Division (RaftServerImpl.java:setFirstElection(574)) - 6e18b67a-af4b-4b8c-bc51-449eebbe6b79@group-8F81C0D01C8F: set firstElectionSinceStartup to false for REJECTED
2024-01-24 13:22:02,138 [9068a27b-4a68-4e87-8ec4-c4f6bb80632a@group-8F81C0D01C8F-FollowerState] INFO  server.RaftServerConfigKeys (ConfUtils.java:logFallback(53)) - raft.server.rpc.first-election.timeout.min = 5s (fallback to raft.server.rpc.timeout.min)
2024-01-24 13:22:02,138 [9068a27b-4a68-4e87-8ec4-c4f6bb80632a@group-8F81C0D01C8F-FollowerState] INFO  server.RaftServerConfigKeys (ConfUtils.java:logFallback(53)) - raft.server.rpc.first-election.timeout.max = 5200ms (fallback to raft.server.rpc.timeout.max)
2024-01-24 13:22:02,190 [8ca4a470-ffd7-4121-87b3-5ed67d6215df@group-8F81C0D01C8F-FollowerState] INFO  impl.FollowerState (FollowerState.java:run(143)) - 8ca4a470-ffd7-4121-87b3-5ed67d6215df@group-8F81C0D01C8F-FollowerState: change to CANDIDATE, lastRpcElapsedTime:5130438422ns, electionTimeout:5126ms
2024-01-24 13:22:02,190 [8ca4a470-ffd7-4121-87b3-5ed67d6215df@group-8F81C0D01C8F-FollowerState] INFO  impl.RoleInfo (RoleInfo.java:shutdownFollowerState(110)) - 8ca4a470-ffd7-4121-87b3-5ed67d6215df: shutdown 8ca4a470-ffd7-4121-87b3-5ed67d6215df@group-8F81C0D01C8F-FollowerState
2024-01-24 13:22:02,190 [8ca4a470-ffd7-4121-87b3-5ed67d6215df@group-8F81C0D01C8F-FollowerState] INFO  server.RaftServer$Division (RaftServerImpl.java:setRole(383)) - 8ca4a470-ffd7-4121-87b3-5ed67d6215df@group-8F81C0D01C8F: changes role from  FOLLOWER to CANDIDATE at term 0 for changeToCandidate
2024-01-24 13:22:02,190 [8ca4a470-ffd7-4121-87b3-5ed67d6215df@group-8F81C0D01C8F-FollowerState] INFO  server.RaftServerConfigKeys (ConfUtils.java:logGet(46)) - raft.server.leaderelection.pre-vote = true (default)
2024-01-24 13:22:02,190 [8ca4a470-ffd7-4121-87b3-5ed67d6215df@group-8F81C0D01C8F-FollowerState] INFO  impl.RoleInfo (RoleInfo.java:updateAndGet(139)) - 8ca4a470-ffd7-4121-87b3-5ed67d6215df: start 8ca4a470-ffd7-4121-87b3-5ed67d6215df@group-8F81C0D01C8F-LeaderElection8
2024-01-24 13:22:02,191 [8ca4a470-ffd7-4121-87b3-5ed67d6215df@group-8F81C0D01C8F-LeaderElection8] INFO  impl.LeaderElection (LeaderElection.java:askForVotes(321)) - 8ca4a470-ffd7-4121-87b3-5ed67d6215df@group-8F81C0D01C8F-LeaderElection8 PRE_VOTE round 0: submit vote requests at term 0 for -1: peers:[8ca4a470-ffd7-4121-87b3-5ed67d6215df|10.1.0.10:15023, 6e18b67a-af4b-4b8c-bc51-449eebbe6b79|10.1.0.10:15014, 9068a27b-4a68-4e87-8ec4-c4f6bb80632a|10.1.0.10:15032]|listeners:[], old=null
2024-01-24 13:22:02,192 [8ca4a470-ffd7-4121-87b3-5ed67d6215df@group-8F81C0D01C8F-LeaderElection8] INFO  server.RaftServerConfigKeys (ConfUtils.java:logFallback(53)) - raft.server.rpc.first-election.timeout.min = 5s (fallback to raft.server.rpc.timeout.min)
2024-01-24 13:22:02,192 [8ca4a470-ffd7-4121-87b3-5ed67d6215df@group-8F81C0D01C8F-LeaderElection8] INFO  server.RaftServerConfigKeys (ConfUtils.java:logFallback(53)) - raft.server.rpc.first-election.timeout.max = 5200ms (fallback to raft.server.rpc.timeout.max)
2024-01-24 13:22:02,192 [8ca4a470-ffd7-4121-87b3-5ed67d6215df@group-8F81C0D01C8F-LeaderElection8-1] INFO  server.GrpcServerProtocolClient (GrpcServerProtocolClient.java:<init>(65)) - Build channel for 6e18b67a-af4b-4b8c-bc51-449eebbe6b79|10.1.0.10:15014
2024-01-24 13:22:02,193 [8ca4a470-ffd7-4121-87b3-5ed67d6215df@group-8F81C0D01C8F-LeaderElection8-2] INFO  server.GrpcServerProtocolClient (GrpcServerProtocolClient.java:<init>(65)) - Build channel for 9068a27b-4a68-4e87-8ec4-c4f6bb80632a|10.1.0.10:15032
2024-01-24 13:22:02,202 [grpc-default-executor-0] INFO  server.RaftServer$Division (RaftServerImpl.java:requestVote(1389)) - 9068a27b-4a68-4e87-8ec4-c4f6bb80632a@group-8F81C0D01C8F: receive requestVote(PRE_VOTE, 8ca4a470-ffd7-4121-87b3-5ed67d6215df, group-8F81C0D01C8F, 0, (t:0, i:0))
2024-01-24 13:22:02,202 [grpc-default-executor-0] INFO  impl.VoteContext (VoteContext.java:log(49)) - 9068a27b-4a68-4e87-8ec4-c4f6bb80632a@group-8F81C0D01C8F-FOLLOWER: accept PRE_VOTE from 8ca4a470-ffd7-4121-87b3-5ed67d6215df: our priority 0 <= candidate's priority 1
2024-01-24 13:22:02,202 [grpc-default-executor-0] INFO  server.RaftServer$Division (RaftServerImpl.java:requestVote(1422)) - 9068a27b-4a68-4e87-8ec4-c4f6bb80632a@group-8F81C0D01C8F replies to PRE_VOTE vote request: 8ca4a470-ffd7-4121-87b3-5ed67d6215df<-9068a27b-4a68-4e87-8ec4-c4f6bb80632a#0:OK-t0. Peer's state: 9068a27b-4a68-4e87-8ec4-c4f6bb80632a@group-8F81C0D01C8F:t0, leader=null, voted=, raftlog=Memoized:9068a27b-4a68-4e87-8ec4-c4f6bb80632a@group-8F81C0D01C8F-SegmentedRaftLog:OPENED:c-1, conf=-1: peers:[8ca4a470-ffd7-4121-87b3-5ed67d6215df|10.1.0.10:15023, 6e18b67a-af4b-4b8c-bc51-449eebbe6b79|10.1.0.10:15014, 9068a27b-4a68-4e87-8ec4-c4f6bb80632a|10.1.0.10:15032]|listeners:[], old=null
2024-01-24 13:22:02,205 [grpc-default-executor-0] INFO  server.RaftServer$Division (RaftServerImpl.java:requestVote(1389)) - 6e18b67a-af4b-4b8c-bc51-449eebbe6b79@group-8F81C0D01C8F: receive requestVote(PRE_VOTE, 8ca4a470-ffd7-4121-87b3-5ed67d6215df, group-8F81C0D01C8F, 0, (t:0, i:0))
2024-01-24 13:22:02,206 [grpc-default-executor-0] INFO  impl.VoteContext (VoteContext.java:log(49)) - 6e18b67a-af4b-4b8c-bc51-449eebbe6b79@group-8F81C0D01C8F-FOLLOWER: accept PRE_VOTE from 8ca4a470-ffd7-4121-87b3-5ed67d6215df: our priority 0 <= candidate's priority 1
2024-01-24 13:22:02,206 [grpc-default-executor-0] INFO  server.RaftServer$Division (RaftServerImpl.java:requestVote(1422)) - 6e18b67a-af4b-4b8c-bc51-449eebbe6b79@group-8F81C0D01C8F replies to PRE_VOTE vote request: 8ca4a470-ffd7-4121-87b3-5ed67d6215df<-6e18b67a-af4b-4b8c-bc51-449eebbe6b79#0:OK-t0. Peer's state: 6e18b67a-af4b-4b8c-bc51-449eebbe6b79@group-8F81C0D01C8F:t0, leader=null, voted=, raftlog=Memoized:6e18b67a-af4b-4b8c-bc51-449eebbe6b79@group-8F81C0D01C8F-SegmentedRaftLog:OPENED:c-1, conf=-1: peers:[8ca4a470-ffd7-4121-87b3-5ed67d6215df|10.1.0.10:15023, 6e18b67a-af4b-4b8c-bc51-449eebbe6b79|10.1.0.10:15014, 9068a27b-4a68-4e87-8ec4-c4f6bb80632a|10.1.0.10:15032]|listeners:[], old=null
2024-01-24 13:22:02,206 [8ca4a470-ffd7-4121-87b3-5ed67d6215df@group-8F81C0D01C8F-LeaderElection8] INFO  impl.LeaderElection (LeaderElection.java:logAndReturn(89)) - 8ca4a470-ffd7-4121-87b3-5ed67d6215df@group-8F81C0D01C8F-LeaderElection8: PRE_VOTE PASSED received 1 response(s) and 0 exception(s):
2024-01-24 13:22:02,207 [8ca4a470-ffd7-4121-87b3-5ed67d6215df@group-8F81C0D01C8F-LeaderElection8] INFO  impl.LeaderElection (LeaderElection.java:logAndReturn(93)) -   Response 0: 8ca4a470-ffd7-4121-87b3-5ed67d6215df<-9068a27b-4a68-4e87-8ec4-c4f6bb80632a#0:OK-t0
2024-01-24 13:22:02,207 [8ca4a470-ffd7-4121-87b3-5ed67d6215df@group-8F81C0D01C8F-LeaderElection8] INFO  impl.LeaderElection (LeaderElection.java:askForVotes(323)) - 8ca4a470-ffd7-4121-87b3-5ed67d6215df@group-8F81C0D01C8F-LeaderElection8 PRE_VOTE round 0: result PASSED
2024-01-24 13:22:02,210 [8ca4a470-ffd7-4121-87b3-5ed67d6215df@group-8F81C0D01C8F-LeaderElection8] INFO  impl.LeaderElection (LeaderElection.java:askForVotes(321)) - 8ca4a470-ffd7-4121-87b3-5ed67d6215df@group-8F81C0D01C8F-LeaderElection8 ELECTION round 0: submit vote requests at term 1 for -1: peers:[8ca4a470-ffd7-4121-87b3-5ed67d6215df|10.1.0.10:15023, 6e18b67a-af4b-4b8c-bc51-449eebbe6b79|10.1.0.10:15014, 9068a27b-4a68-4e87-8ec4-c4f6bb80632a|10.1.0.10:15032]|listeners:[], old=null
2024-01-24 13:22:02,210 [8ca4a470-ffd7-4121-87b3-5ed67d6215df@group-8F81C0D01C8F-LeaderElection8] INFO  server.RaftServerConfigKeys (ConfUtils.java:logFallback(53)) - raft.server.rpc.first-election.timeout.min = 5s (fallback to raft.server.rpc.timeout.min)
2024-01-24 13:22:02,211 [8ca4a470-ffd7-4121-87b3-5ed67d6215df@group-8F81C0D01C8F-LeaderElection8] INFO  server.RaftServerConfigKeys (ConfUtils.java:logFallback(53)) - raft.server.rpc.first-election.timeout.max = 5200ms (fallback to raft.server.rpc.timeout.max)
2024-01-24 13:22:02,213 [grpc-default-executor-3] INFO  server.RaftServer$Division (RaftServerImpl.java:requestVote(1389)) - 9068a27b-4a68-4e87-8ec4-c4f6bb80632a@group-8F81C0D01C8F: receive requestVote(ELECTION, 8ca4a470-ffd7-4121-87b3-5ed67d6215df, group-8F81C0D01C8F, 1, (t:0, i:0))
2024-01-24 13:22:02,213 [grpc-default-executor-0] INFO  server.RaftServer$Division (RaftServerImpl.java:requestVote(1389)) - 6e18b67a-af4b-4b8c-bc51-449eebbe6b79@group-8F81C0D01C8F: receive requestVote(ELECTION, 8ca4a470-ffd7-4121-87b3-5ed67d6215df, group-8F81C0D01C8F, 1, (t:0, i:0))
2024-01-24 13:22:02,213 [grpc-default-executor-3] INFO  impl.VoteContext (VoteContext.java:log(49)) - 9068a27b-4a68-4e87-8ec4-c4f6bb80632a@group-8F81C0D01C8F-FOLLOWER: accept ELECTION from 8ca4a470-ffd7-4121-87b3-5ed67d6215df: our priority 0 <= candidate's priority 1
2024-01-24 13:22:02,213 [grpc-default-executor-0] INFO  impl.VoteContext (VoteContext.java:log(49)) - 6e18b67a-af4b-4b8c-bc51-449eebbe6b79@group-8F81C0D01C8F-FOLLOWER: accept ELECTION from 8ca4a470-ffd7-4121-87b3-5ed67d6215df: our priority 0 <= candidate's priority 1
2024-01-24 13:22:02,213 [grpc-default-executor-3] INFO  server.RaftServer$Division (RaftServerImpl.java:setRole(383)) - 9068a27b-4a68-4e87-8ec4-c4f6bb80632a@group-8F81C0D01C8F: changes role from  FOLLOWER to FOLLOWER at term 1 for candidate:8ca4a470-ffd7-4121-87b3-5ed67d6215df
2024-01-24 13:22:02,214 [grpc-default-executor-3] INFO  impl.RoleInfo (RoleInfo.java:shutdownFollowerState(110)) - 9068a27b-4a68-4e87-8ec4-c4f6bb80632a: shutdown 9068a27b-4a68-4e87-8ec4-c4f6bb80632a@group-8F81C0D01C8F-FollowerState
2024-01-24 13:22:02,213 [grpc-default-executor-0] INFO  server.RaftServer$Division (RaftServerImpl.java:setRole(383)) - 6e18b67a-af4b-4b8c-bc51-449eebbe6b79@group-8F81C0D01C8F: changes role from  FOLLOWER to FOLLOWER at term 1 for candidate:8ca4a470-ffd7-4121-87b3-5ed67d6215df
2024-01-24 13:22:02,214 [grpc-default-executor-3] INFO  impl.RoleInfo (RoleInfo.java:updateAndGet(139)) - 9068a27b-4a68-4e87-8ec4-c4f6bb80632a: start 9068a27b-4a68-4e87-8ec4-c4f6bb80632a@group-8F81C0D01C8F-FollowerState
2024-01-24 13:22:02,214 [grpc-default-executor-0] INFO  impl.RoleInfo (RoleInfo.java:shutdownFollowerState(110)) - 6e18b67a-af4b-4b8c-bc51-449eebbe6b79: shutdown 6e18b67a-af4b-4b8c-bc51-449eebbe6b79@group-8F81C0D01C8F-FollowerState
2024-01-24 13:22:02,214 [9068a27b-4a68-4e87-8ec4-c4f6bb80632a@group-8F81C0D01C8F-FollowerState] INFO  impl.FollowerState (FollowerState.java:run(152)) - 9068a27b-4a68-4e87-8ec4-c4f6bb80632a@group-8F81C0D01C8F-FollowerState was interrupted
2024-01-24 13:22:02,214 [grpc-default-executor-3] INFO  server.RaftServer$Division (RaftServerImpl.java:setFirstElection(574)) - 9068a27b-4a68-4e87-8ec4-c4f6bb80632a@group-8F81C0D01C8F: set firstElectionSinceStartup to false for candidate:8ca4a470-ffd7-4121-87b3-5ed67d6215df
2024-01-24 13:22:02,214 [grpc-default-executor-0] INFO  impl.RoleInfo (RoleInfo.java:updateAndGet(139)) - 6e18b67a-af4b-4b8c-bc51-449eebbe6b79: start 6e18b67a-af4b-4b8c-bc51-449eebbe6b79@group-8F81C0D01C8F-FollowerState
2024-01-24 13:22:02,214 [6e18b67a-af4b-4b8c-bc51-449eebbe6b79@group-8F81C0D01C8F-FollowerState] INFO  impl.FollowerState (FollowerState.java:run(152)) - 6e18b67a-af4b-4b8c-bc51-449eebbe6b79@group-8F81C0D01C8F-FollowerState was interrupted
2024-01-24 13:22:02,216 [grpc-default-executor-3] INFO  server.RaftServer$Division (RaftServerImpl.java:requestVote(1422)) - 9068a27b-4a68-4e87-8ec4-c4f6bb80632a@group-8F81C0D01C8F replies to ELECTION vote request: 8ca4a470-ffd7-4121-87b3-5ed67d6215df<-9068a27b-4a68-4e87-8ec4-c4f6bb80632a#0:OK-t1. Peer's state: 9068a27b-4a68-4e87-8ec4-c4f6bb80632a@group-8F81C0D01C8F:t1, leader=null, voted=8ca4a470-ffd7-4121-87b3-5ed67d6215df, raftlog=Memoized:9068a27b-4a68-4e87-8ec4-c4f6bb80632a@group-8F81C0D01C8F-SegmentedRaftLog:OPENED:c-1, conf=-1: peers:[8ca4a470-ffd7-4121-87b3-5ed67d6215df|10.1.0.10:15023, 6e18b67a-af4b-4b8c-bc51-449eebbe6b79|10.1.0.10:15014, 9068a27b-4a68-4e87-8ec4-c4f6bb80632a|10.1.0.10:15032]|listeners:[], old=null
2024-01-24 13:22:02,217 [grpc-default-executor-0] INFO  server.RaftServer$Division (RaftServerImpl.java:requestVote(1422)) - 6e18b67a-af4b-4b8c-bc51-449eebbe6b79@group-8F81C0D01C8F replies to ELECTION vote request: 8ca4a470-ffd7-4121-87b3-5ed67d6215df<-6e18b67a-af4b-4b8c-bc51-449eebbe6b79#0:OK-t1. Peer's state: 6e18b67a-af4b-4b8c-bc51-449eebbe6b79@group-8F81C0D01C8F:t1, leader=null, voted=8ca4a470-ffd7-4121-87b3-5ed67d6215df, raftlog=Memoized:6e18b67a-af4b-4b8c-bc51-449eebbe6b79@group-8F81C0D01C8F-SegmentedRaftLog:OPENED:c-1, conf=-1: peers:[8ca4a470-ffd7-4121-87b3-5ed67d6215df|10.1.0.10:15023, 6e18b67a-af4b-4b8c-bc51-449eebbe6b79|10.1.0.10:15014, 9068a27b-4a68-4e87-8ec4-c4f6bb80632a|10.1.0.10:15032]|listeners:[], old=null
2024-01-24 13:22:02,218 [8ca4a470-ffd7-4121-87b3-5ed67d6215df@group-8F81C0D01C8F-LeaderElection8] INFO  impl.LeaderElection (LeaderElection.java:logAndReturn(89)) - 8ca4a470-ffd7-4121-87b3-5ed67d6215df@group-8F81C0D01C8F-LeaderElection8: ELECTION PASSED received 1 response(s) and 0 exception(s):
2024-01-24 13:22:02,218 [8ca4a470-ffd7-4121-87b3-5ed67d6215df@group-8F81C0D01C8F-LeaderElection8] INFO  impl.LeaderElection (LeaderElection.java:logAndReturn(93)) -   Response 0: 8ca4a470-ffd7-4121-87b3-5ed67d6215df<-9068a27b-4a68-4e87-8ec4-c4f6bb80632a#0:OK-t1
2024-01-24 13:22:02,219 [8ca4a470-ffd7-4121-87b3-5ed67d6215df@group-8F81C0D01C8F-LeaderElection8] INFO  impl.LeaderElection (LeaderElection.java:askForVotes(323)) - 8ca4a470-ffd7-4121-87b3-5ed67d6215df@group-8F81C0D01C8F-LeaderElection8 ELECTION round 0: result PASSED
2024-01-24 13:22:02,219 [8ca4a470-ffd7-4121-87b3-5ed67d6215df@group-8F81C0D01C8F-LeaderElection8] INFO  impl.RoleInfo (RoleInfo.java:shutdownLeaderElection(130)) - 8ca4a470-ffd7-4121-87b3-5ed67d6215df: shutdown 8ca4a470-ffd7-4121-87b3-5ed67d6215df@group-8F81C0D01C8F-LeaderElection8
2024-01-24 13:22:02,219 [8ca4a470-ffd7-4121-87b3-5ed67d6215df@group-8F81C0D01C8F-LeaderElection8] INFO  server.RaftServer$Division (RaftServerImpl.java:setRole(383)) - 8ca4a470-ffd7-4121-87b3-5ed67d6215df@group-8F81C0D01C8F: changes role from CANDIDATE to LEADER at term 1 for changeToLeader
2024-01-24 13:22:02,219 [8ca4a470-ffd7-4121-87b3-5ed67d6215df@group-8F81C0D01C8F-LeaderElection8] INFO  server.RaftServerConfigKeys (ConfUtils.java:logGet(46)) - raft.server.staging.catchup.gap = 1000 (default)
2024-01-24 13:22:02,220 [8ca4a470-ffd7-4121-87b3-5ed67d6215df@group-8F81C0D01C8F-LeaderElection8] INFO  server.RaftServerConfigKeys (ConfUtils.java:logGet(46)) - raft.server.write.element-limit = 1024 (custom)
2024-01-24 13:22:02,220 [8ca4a470-ffd7-4121-87b3-5ed67d6215df@group-8F81C0D01C8F-LeaderElection8] INFO  server.RaftServerConfigKeys (ConfUtils.java:logGet(46)) - raft.server.write.byte-limit = 1024 M (=1073741824) (custom)
2024-01-24 13:22:02,221 [8ca4a470-ffd7-4121-87b3-5ed67d6215df@group-8F81C0D01C8F-LeaderElection8] INFO  server.RaftServerConfigKeys (ConfUtils.java:logGet(46)) - raft.server.watch.timeout = 180s (custom)
2024-01-24 13:22:02,221 [8ca4a470-ffd7-4121-87b3-5ed67d6215df@group-8F81C0D01C8F-LeaderElection8] INFO  server.RaftServerConfigKeys (ConfUtils.java:logGet(46)) - raft.server.watch.timeout.denomination = 1s (default)
2024-01-24 13:22:02,221 [8ca4a470-ffd7-4121-87b3-5ed67d6215df@group-8F81C0D01C8F-LeaderElection8] INFO  server.RaftServerConfigKeys (ConfUtils.java:logGet(46)) - raft.server.watch.element-limit = 65536 (default)
2024-01-24 13:22:02,221 [8ca4a470-ffd7-4121-87b3-5ed67d6215df@group-8F81C0D01C8F-LeaderElection8] INFO  server.RaftServerConfigKeys (ConfUtils.java:logGet(46)) - raft.server.read.leader.lease.enabled = false (default)
2024-01-24 13:22:02,221 [8ca4a470-ffd7-4121-87b3-5ed67d6215df@group-8F81C0D01C8F-LeaderElection8] INFO  server.RaftServerConfigKeys (ConfUtils.java:logGet(46)) - raft.server.read.leader.lease.timeout.ratio = 0.9 (default)
2024-01-24 13:22:02,221 [8ca4a470-ffd7-4121-87b3-5ed67d6215df@group-8F81C0D01C8F-LeaderElection8] INFO  server.RaftServerConfigKeys (ConfUtils.java:logGet(46)) - raft.server.rpc.timeout.min = 5s (custom)
2024-01-24 13:22:02,222 [8ca4a470-ffd7-4121-87b3-5ed67d6215df@group-8F81C0D01C8F-LeaderElection8] INFO  server.RaftServerConfigKeys (ConfUtils.java:logGet(46)) - raft.server.write.element-limit = 1024 (custom)
2024-01-24 13:22:02,222 [8ca4a470-ffd7-4121-87b3-5ed67d6215df@group-8F81C0D01C8F-LeaderElection8] INFO  server.RaftServerConfigKeys (ConfUtils.java:logGet(46)) - raft.server.write.follower.gap.ratio.max = -1.0 (default)
2024-01-24 13:22:02,222 [8ca4a470-ffd7-4121-87b3-5ed67d6215df@group-8F81C0D01C8F-LeaderElection8] INFO  server.RaftServerConfigKeys (ConfUtils.java:logGet(46)) - raft.server.log.appender.snapshot.chunk.size.max = 16MB (=16777216) (default)
2024-01-24 13:22:02,222 [8ca4a470-ffd7-4121-87b3-5ed67d6215df@group-8F81C0D01C8F-LeaderElection8] INFO  server.RaftServerConfigKeys (ConfUtils.java:logGet(46)) - raft.server.log.appender.buffer.byte-limit = 8388608 (custom)
2024-01-24 13:22:02,223 [8ca4a470-ffd7-4121-87b3-5ed67d6215df@group-8F81C0D01C8F-LeaderElection8] INFO  server.RaftServerConfigKeys (ConfUtils.java:logGet(46)) - raft.server.log.appender.buffer.element-limit = 1 (custom)
2024-01-24 13:22:02,223 [8ca4a470-ffd7-4121-87b3-5ed67d6215df@group-8F81C0D01C8F-LeaderElection8] INFO  server.RaftServerConfigKeys (ConfUtils.java:logGet(46)) - raft.server.log.appender.wait-time.min = 0μs (custom)
2024-01-24 13:22:02,223 [8ca4a470-ffd7-4121-87b3-5ed67d6215df@group-8F81C0D01C8F-LeaderElection8] INFO  grpc.GrpcConfigKeys (ConfUtils.java:logGet(46)) - raft.grpc.server.leader.outstanding.appends.max = 8 (default)
2024-01-24 13:22:02,227 [8ca4a470-ffd7-4121-87b3-5ed67d6215df@group-8F81C0D01C8F-LeaderElection8] INFO  server.RaftServerConfigKeys (ConfUtils.java:logGet(46)) - raft.server.rpc.request.timeout = 60s (custom)
2024-01-24 13:22:02,227 [8ca4a470-ffd7-4121-87b3-5ed67d6215df@group-8F81C0D01C8F-LeaderElection8] INFO  grpc.GrpcConfigKeys (ConfUtils.java:logGet(46)) - raft.grpc.server.install_snapshot.request.element-limit = 8 (default)
2024-01-24 13:22:02,227 [8ca4a470-ffd7-4121-87b3-5ed67d6215df@group-8F81C0D01C8F-LeaderElection8] INFO  grpc.GrpcConfigKeys (ConfUtils.java:logGet(46)) - raft.grpc.server.install_snapshot.request.timeout = 3000ms (default)
2024-01-24 13:22:02,227 [8ca4a470-ffd7-4121-87b3-5ed67d6215df@group-8F81C0D01C8F-LeaderElection8] INFO  grpc.GrpcConfigKeys (ConfUtils.java:logGet(46)) - raft.grpc.server.log-message.batch.duration = 5s (default)
2024-01-24 13:22:02,227 [8ca4a470-ffd7-4121-87b3-5ed67d6215df@group-8F81C0D01C8F-LeaderElection8] INFO  server.RaftServerConfigKeys (ConfUtils.java:logGet(46)) - raft.server.log.appender.install.snapshot.enabled = false (custom)
2024-01-24 13:22:02,228 [8ca4a470-ffd7-4121-87b3-5ed67d6215df@group-8F81C0D01C8F-LeaderElection8] INFO  grpc.GrpcConfigKeys (ConfUtils.java:logGet(46)) - raft.grpc.server.heartbeat.channel = true (default)
2024-01-24 13:22:02,229 [8ca4a470-ffd7-4121-87b3-5ed67d6215df@group-8F81C0D01C8F-LeaderElection8] INFO  server.RaftServerConfigKeys (ConfUtils.java:logGet(46)) - raft.server.log.appender.snapshot.chunk.size.max = 16MB (=16777216) (default)
2024-01-24 13:22:02,229 [8ca4a470-ffd7-4121-87b3-5ed67d6215df@group-8F81C0D01C8F-LeaderElection8] INFO  server.RaftServerConfigKeys (ConfUtils.java:logGet(46)) - raft.server.log.appender.buffer.byte-limit = 8388608 (custom)
2024-01-24 13:22:02,229 [8ca4a470-ffd7-4121-87b3-5ed67d6215df@group-8F81C0D01C8F-LeaderElection8] INFO  server.RaftServerConfigKeys (ConfUtils.java:logGet(46)) - raft.server.log.appender.buffer.element-limit = 1 (custom)
2024-01-24 13:22:02,229 [8ca4a470-ffd7-4121-87b3-5ed67d6215df@group-8F81C0D01C8F-LeaderElection8] INFO  server.RaftServerConfigKeys (ConfUtils.java:logGet(46)) - raft.server.log.appender.wait-time.min = 0μs (custom)
2024-01-24 13:22:02,229 [8ca4a470-ffd7-4121-87b3-5ed67d6215df@group-8F81C0D01C8F-LeaderElection8] INFO  grpc.GrpcConfigKeys (ConfUtils.java:logGet(46)) - raft.grpc.server.leader.outstanding.appends.max = 8 (default)
2024-01-24 13:22:02,230 [8ca4a470-ffd7-4121-87b3-5ed67d6215df@group-8F81C0D01C8F-LeaderElection8] INFO  server.RaftServerConfigKeys (ConfUtils.java:logGet(46)) - raft.server.rpc.request.timeout = 60s (custom)
2024-01-24 13:22:02,230 [8ca4a470-ffd7-4121-87b3-5ed67d6215df@group-8F81C0D01C8F-LeaderElection8] INFO  grpc.GrpcConfigKeys (ConfUtils.java:logGet(46)) - raft.grpc.server.install_snapshot.request.element-limit = 8 (default)
2024-01-24 13:22:02,230 [8ca4a470-ffd7-4121-87b3-5ed67d6215df@group-8F81C0D01C8F-LeaderElection8] INFO  grpc.GrpcConfigKeys (ConfUtils.java:logGet(46)) - raft.grpc.server.install_snapshot.request.timeout = 3000ms (default)
2024-01-24 13:22:02,230 [8ca4a470-ffd7-4121-87b3-5ed67d6215df@group-8F81C0D01C8F-LeaderElection8] INFO  grpc.GrpcConfigKeys (ConfUtils.java:logGet(46)) - raft.grpc.server.log-message.batch.duration = 5s (default)
2024-01-24 13:22:02,230 [8ca4a470-ffd7-4121-87b3-5ed67d6215df@group-8F81C0D01C8F-LeaderElection8] INFO  server.RaftServerConfigKeys (ConfUtils.java:logGet(46)) - raft.server.log.appender.install.snapshot.enabled = false (custom)
2024-01-24 13:22:02,230 [8ca4a470-ffd7-4121-87b3-5ed67d6215df@group-8F81C0D01C8F-LeaderElection8] INFO  grpc.GrpcConfigKeys (ConfUtils.java:logGet(46)) - raft.grpc.server.heartbeat.channel = true (default)
2024-01-24 13:22:02,231 [8ca4a470-ffd7-4121-87b3-5ed67d6215df@group-8F81C0D01C8F-LeaderElection8] INFO  impl.RoleInfo (RoleInfo.java:updateAndGet(139)) - 8ca4a470-ffd7-4121-87b3-5ed67d6215df: start 8ca4a470-ffd7-4121-87b3-5ed67d6215df@group-8F81C0D01C8F-LeaderStateImpl
2024-01-24 13:22:02,231 [8ca4a470-ffd7-4121-87b3-5ed67d6215df@group-8F81C0D01C8F-LeaderElection8] INFO  server.RaftServer$Division (RaftServerImpl.java:setFirstElection(574)) - 8ca4a470-ffd7-4121-87b3-5ed67d6215df@group-8F81C0D01C8F: set firstElectionSinceStartup to false for becomeLeader
2024-01-24 13:22:02,231 [8ca4a470-ffd7-4121-87b3-5ed67d6215df@group-8F81C0D01C8F-LeaderElection8] INFO  ratis.XceiverServerRatis (XceiverServerRatis.java:handleLeaderChangedNotification(945)) - Leader change notification received for group: group-8F81C0D01C8F with new leaderId: 8ca4a470-ffd7-4121-87b3-5ed67d6215df
2024-01-24 13:22:02,231 [8ca4a470-ffd7-4121-87b3-5ed67d6215df@group-8F81C0D01C8F-LeaderElection8] INFO  server.RaftServer$Division (ServerState.java:setLeader(269)) - 8ca4a470-ffd7-4121-87b3-5ed67d6215df@group-8F81C0D01C8F: change Leader from null to 8ca4a470-ffd7-4121-87b3-5ed67d6215df at term 1 for becomeLeader, leader elected after 5249ms
2024-01-24 13:22:02,231 [8ca4a470-ffd7-4121-87b3-5ed67d6215df@group-8F81C0D01C8F-LeaderElection8] INFO  segmented.SegmentedRaftLogWorker (SegmentedRaftLogWorker.java:startLogSegment(430)) - 8ca4a470-ffd7-4121-87b3-5ed67d6215df@group-8F81C0D01C8F-SegmentedRaftLogWorker: Starting segment from index:0
2024-01-24 13:22:02,232 [8ca4a470-ffd7-4121-87b3-5ed67d6215df@group-8F81C0D01C8F-SegmentedRaftLogWorker] INFO  segmented.BufferedWriteChannel (BufferedWriteChannel.java:open(62)) - open log_inprogress_0 at position 0
2024-01-24 13:22:02,240 [EventQueue-PipelineReportForPipelineReportHandler] INFO  pipeline.PipelineReportHandler (PipelineReportHandler.java:processPipelineReport(136)) - Opened pipeline PipelineID=d4eb80f3-79ab-401e-91e1-8f81c0d01c8f
2024-01-24 13:22:02,241 [8ca4a470-ffd7-4121-87b3-5ed67d6215df@group-8F81C0D01C8F-LeaderElection8] INFO  server.RaftServer$Division (ServerState.java:setRaftConf(386)) - 8ca4a470-ffd7-4121-87b3-5ed67d6215df@group-8F81C0D01C8F: set configuration 0: peers:[8ca4a470-ffd7-4121-87b3-5ed67d6215df|10.1.0.10:15023, 6e18b67a-af4b-4b8c-bc51-449eebbe6b79|10.1.0.10:15014, 9068a27b-4a68-4e87-8ec4-c4f6bb80632a|10.1.0.10:15032]|listeners:[], old=null
2024-01-24 13:22:02,245 [8ca4a470-ffd7-4121-87b3-5ed67d6215df@group-8F81C0D01C8F-SegmentedRaftLogWorker] INFO  segmented.SegmentedRaftLogWorker (SegmentedRaftLogWorker.java:execute(634)) - 8ca4a470-ffd7-4121-87b3-5ed67d6215df@group-8F81C0D01C8F-SegmentedRaftLogWorker: created new log segment /home/runner/work/ozone/ozone/hadoop-ozone/integration-test/target/test-dir/MiniOzoneClusterImpl-977364ef-3bcb-48d3-9f9f-52826038909b/datanode-1/data/ratis/d4eb80f3-79ab-401e-91e1-8f81c0d01c8f/current/log_inprogress_0
2024-01-24 13:22:02,256 [6e18b67a-af4b-4b8c-bc51-449eebbe6b79-server-thread1] INFO  ratis.XceiverServerRatis (XceiverServerRatis.java:handleLeaderChangedNotification(945)) - Leader change notification received for group: group-8F81C0D01C8F with new leaderId: 8ca4a470-ffd7-4121-87b3-5ed67d6215df
2024-01-24 13:22:02,257 [6e18b67a-af4b-4b8c-bc51-449eebbe6b79-server-thread1] INFO  server.RaftServer$Division (ServerState.java:setLeader(269)) - 6e18b67a-af4b-4b8c-bc51-449eebbe6b79@group-8F81C0D01C8F: change Leader from null to 8ca4a470-ffd7-4121-87b3-5ed67d6215df at term 1 for appendEntries, leader elected after 5273ms
2024-01-24 13:22:02,266 [6e18b67a-af4b-4b8c-bc51-449eebbe6b79-server-thread1] INFO  server.RaftServer$Division (ServerState.java:setRaftConf(386)) - 6e18b67a-af4b-4b8c-bc51-449eebbe6b79@group-8F81C0D01C8F: set configuration 0: peers:[8ca4a470-ffd7-4121-87b3-5ed67d6215df|10.1.0.10:15023, 6e18b67a-af4b-4b8c-bc51-449eebbe6b79|10.1.0.10:15014, 9068a27b-4a68-4e87-8ec4-c4f6bb80632a|10.1.0.10:15032]|listeners:[], old=null
2024-01-24 13:22:02,266 [6e18b67a-af4b-4b8c-bc51-449eebbe6b79-server-thread1] INFO  segmented.SegmentedRaftLogWorker (SegmentedRaftLogWorker.java:startLogSegment(430)) - 6e18b67a-af4b-4b8c-bc51-449eebbe6b79@group-8F81C0D01C8F-SegmentedRaftLogWorker: Starting segment from index:0
2024-01-24 13:22:02,267 [6e18b67a-af4b-4b8c-bc51-449eebbe6b79@group-8F81C0D01C8F-SegmentedRaftLogWorker] INFO  segmented.BufferedWriteChannel (BufferedWriteChannel.java:open(62)) - open log_inprogress_0 at position 0
2024-01-24 13:22:02,271 [9068a27b-4a68-4e87-8ec4-c4f6bb80632a-server-thread1] INFO  ratis.XceiverServerRatis (XceiverServerRatis.java:handleLeaderChangedNotification(945)) - Leader change notification received for group: group-8F81C0D01C8F with new leaderId: 8ca4a470-ffd7-4121-87b3-5ed67d6215df
2024-01-24 13:22:02,272 [9068a27b-4a68-4e87-8ec4-c4f6bb80632a-server-thread1] INFO  server.RaftServer$Division (ServerState.java:setLeader(269)) - 9068a27b-4a68-4e87-8ec4-c4f6bb80632a@group-8F81C0D01C8F: change Leader from null to 8ca4a470-ffd7-4121-87b3-5ed67d6215df at term 1 for appendEntries, leader elected after 5295ms
2024-01-24 13:22:02,273 [9068a27b-4a68-4e87-8ec4-c4f6bb80632a-server-thread1] INFO  server.RaftServer$Division (ServerState.java:setRaftConf(386)) - 9068a27b-4a68-4e87-8ec4-c4f6bb80632a@group-8F81C0D01C8F: set configuration 0: peers:[8ca4a470-ffd7-4121-87b3-5ed67d6215df|10.1.0.10:15023, 6e18b67a-af4b-4b8c-bc51-449eebbe6b79|10.1.0.10:15014, 9068a27b-4a68-4e87-8ec4-c4f6bb80632a|10.1.0.10:15032]|listeners:[], old=null
2024-01-24 13:22:02,273 [9068a27b-4a68-4e87-8ec4-c4f6bb80632a-server-thread1] INFO  segmented.SegmentedRaftLogWorker (SegmentedRaftLogWorker.java:startLogSegment(430)) - 9068a27b-4a68-4e87-8ec4-c4f6bb80632a@group-8F81C0D01C8F-SegmentedRaftLogWorker: Starting segment from index:0
2024-01-24 13:22:02,274 [9068a27b-4a68-4e87-8ec4-c4f6bb80632a@group-8F81C0D01C8F-SegmentedRaftLogWorker] INFO  segmented.BufferedWriteChannel (BufferedWriteChannel.java:open(62)) - open log_inprogress_0 at position 0
2024-01-24 13:22:02,278 [6e18b67a-af4b-4b8c-bc51-449eebbe6b79@group-8F81C0D01C8F-SegmentedRaftLogWorker] INFO  segmented.SegmentedRaftLogWorker (SegmentedRaftLogWorker.java:execute(634)) - 6e18b67a-af4b-4b8c-bc51-449eebbe6b79@group-8F81C0D01C8F-SegmentedRaftLogWorker: created new log segment /home/runner/work/ozone/ozone/hadoop-ozone/integration-test/target/test-dir/MiniOzoneClusterImpl-977364ef-3bcb-48d3-9f9f-52826038909b/datanode-0/data/ratis/d4eb80f3-79ab-401e-91e1-8f81c0d01c8f/current/log_inprogress_0
2024-01-24 13:22:02,285 [9068a27b-4a68-4e87-8ec4-c4f6bb80632a@group-8F81C0D01C8F-SegmentedRaftLogWorker] INFO  segmented.SegmentedRaftLogWorker (SegmentedRaftLogWorker.java:execute(634)) - 9068a27b-4a68-4e87-8ec4-c4f6bb80632a@group-8F81C0D01C8F-SegmentedRaftLogWorker: created new log segment /home/runner/work/ozone/ozone/hadoop-ozone/integration-test/target/test-dir/MiniOzoneClusterImpl-977364ef-3bcb-48d3-9f9f-52826038909b/datanode-2/data/ratis/d4eb80f3-79ab-401e-91e1-8f81c0d01c8f/current/log_inprogress_0
2024-01-24 13:22:02,288 [8ca4a470-ffd7-4121-87b3-5ed67d6215df@group-8F81C0D01C8F-StateMachineUpdater] INFO  server.RaftServer$Division (LeaderStateImpl.java:isApplied(320)) - leader is ready since appliedIndex == 0 >= startIndex == 0
2024-01-24 13:22:02,579 [main] INFO  ozone.MiniOzoneClusterImpl (MiniOzoneClusterImpl.java:lambda$waitForClusterToBeReady$0(229)) - Nodes are ready. Got 3 of 3 DN Heartbeats.
2024-01-24 13:22:02,579 [main] INFO  ozone.MiniOzoneClusterImpl (MiniOzoneClusterImpl.java:lambda$waitForClusterToBeReady$0(232)) - Cluster exits safe mode
2024-01-24 13:22:02,579 [main] INFO  ozone.MiniOzoneClusterImpl (MiniOzoneClusterImpl.java:lambda$waitForClusterToBeReady$0(234)) - SCM became leader
2024-01-24 13:22:02,753 [main] INFO  protocolPB.OmTransportFactory (OmTransportFactory.java:createFactory(62)) - Loading OM transport implementation org.apache.hadoop.ozone.om.protocolPB.Hadoop3OmTransportFactory as specified by configuration.
13:22:03.213 [IPC Server handler 1 on default port 15004] ERROR OMAudit - user=runner | ip=127.0.0.1 | op=READ_BUCKET {volume=vol-25690, bucket=buck-75604} | ret=FAILURE
org.apache.hadoop.ozone.om.exceptions.OMException: Volume not found: vol-25690
	at org.apache.hadoop.ozone.om.OzoneManagerUtils.reportNotFound(OzoneManagerUtils.java:83) ~[ozone-manager-1.5.0-SNAPSHOT.jar:?]
	at org.apache.hadoop.ozone.om.OzoneManagerUtils.getBucketInfo(OzoneManagerUtils.java:72) ~[ozone-manager-1.5.0-SNAPSHOT.jar:?]
	at org.apache.hadoop.ozone.om.BucketManagerImpl.getBucketInfo(BucketManagerImpl.java:80) ~[ozone-manager-1.5.0-SNAPSHOT.jar:?]
	at org.apache.hadoop.ozone.om.OzoneManager.getBucketInfo(OzoneManager.java:2797) ~[ozone-manager-1.5.0-SNAPSHOT.jar:?]
	at org.apache.hadoop.ozone.protocolPB.OzoneManagerRequestHandler.infoBucket(OzoneManagerRequestHandler.java:601) ~[ozone-manager-1.5.0-SNAPSHOT.jar:?]
	at org.apache.hadoop.ozone.protocolPB.OzoneManagerRequestHandler.handleReadRequest(OzoneManagerRequestHandler.java:213) ~[ozone-manager-1.5.0-SNAPSHOT.jar:?]
	at org.apache.hadoop.ozone.protocolPB.OzoneManagerProtocolServerSideTranslatorPB.submitReadRequestToOM(OzoneManagerProtocolServerSideTranslatorPB.java:250) ~[ozone-manager-1.5.0-SNAPSHOT.jar:?]
	at org.apache.hadoop.ozone.protocolPB.OzoneManagerProtocolServerSideTranslatorPB.internalProcessRequest(OzoneManagerProtocolServerSideTranslatorPB.java:196) ~[ozone-manager-1.5.0-SNAPSHOT.jar:?]
	at org.apache.hadoop.ozone.protocolPB.OzoneManagerProtocolServerSideTranslatorPB.processRequest(OzoneManagerProtocolServerSideTranslatorPB.java:156) ~[ozone-manager-1.5.0-SNAPSHOT.jar:?]
	at org.apache.hadoop.hdds.server.OzoneProtocolMessageDispatcher.processRequest(OzoneProtocolMessageDispatcher.java:89) [hdds-server-framework-1.5.0-SNAPSHOT.jar:?]
	at org.apache.hadoop.ozone.protocolPB.OzoneManagerProtocolServerSideTranslatorPB.submitRequest(OzoneManagerProtocolServerSideTranslatorPB.java:147) [ozone-manager-1.5.0-SNAPSHOT.jar:?]
	at org.apache.hadoop.ozone.protocol.proto.OzoneManagerProtocolProtos$OzoneManagerService$2.callBlockingMethod(OzoneManagerProtocolProtos.java) [ozone-interface-client-1.5.0-SNAPSHOT.jar:?]
	at org.apache.hadoop.ipc.ProtobufRpcEngine$Server.processCall(ProtobufRpcEngine.java:484) [hadoop-common-3.3.6.jar:?]
	at org.apache.hadoop.ipc.ProtobufRpcEngine2$Server$ProtoBufRpcInvoker.call(ProtobufRpcEngine2.java:595) [hadoop-common-3.3.6.jar:?]
	at org.apache.hadoop.ipc.ProtobufRpcEngine2$Server$ProtoBufRpcInvoker.call(ProtobufRpcEngine2.java:573) [hadoop-common-3.3.6.jar:?]
	at org.apache.hadoop.ipc.RPC$Server.call(RPC.java:1227) [hadoop-common-3.3.6.jar:?]
	at org.apache.hadoop.ipc.Server$RpcCall.run(Server.java:1094) [hadoop-common-3.3.6.jar:?]
	at org.apache.hadoop.ipc.Server$RpcCall.run(Server.java:1017) [hadoop-common-3.3.6.jar:?]
	at java.security.AccessController.doPrivileged(Native Method) ~[?:1.8.0_392]
	at javax.security.auth.Subject.doAs(Subject.java:422) [?:1.8.0_392]
	at org.apache.hadoop.security.UserGroupInformation.doAs(UserGroupInformation.java:1899) [hadoop-common-3.3.6.jar:?]
	at org.apache.hadoop.ipc.Server$Handler.run(Server.java:3048) [hadoop-common-3.3.6.jar:?]
13:22:03.226 [IPC Server handler 2 on default port 15004] ERROR OMAudit - user=runner | ip=127.0.0.1 | op=READ_BUCKET {volume=vol-25690, bucket=buck-75604} | ret=FAILURE
org.apache.hadoop.ozone.om.exceptions.OMException: Volume not found: vol-25690
	at org.apache.hadoop.ozone.om.OzoneManagerUtils.reportNotFound(OzoneManagerUtils.java:83) ~[ozone-manager-1.5.0-SNAPSHOT.jar:?]
	at org.apache.hadoop.ozone.om.OzoneManagerUtils.getBucketInfo(OzoneManagerUtils.java:72) ~[ozone-manager-1.5.0-SNAPSHOT.jar:?]
	at org.apache.hadoop.ozone.om.BucketManagerImpl.getBucketInfo(BucketManagerImpl.java:80) ~[ozone-manager-1.5.0-SNAPSHOT.jar:?]
	at org.apache.hadoop.ozone.om.OzoneManager.getBucketInfo(OzoneManager.java:2797) ~[ozone-manager-1.5.0-SNAPSHOT.jar:?]
	at org.apache.hadoop.ozone.protocolPB.OzoneManagerRequestHandler.infoBucket(OzoneManagerRequestHandler.java:601) ~[ozone-manager-1.5.0-SNAPSHOT.jar:?]
	at org.apache.hadoop.ozone.protocolPB.OzoneManagerRequestHandler.handleReadRequest(OzoneManagerRequestHandler.java:213) ~[ozone-manager-1.5.0-SNAPSHOT.jar:?]
	at org.apache.hadoop.ozone.protocolPB.OzoneManagerProtocolServerSideTranslatorPB.submitReadRequestToOM(OzoneManagerProtocolServerSideTranslatorPB.java:250) ~[ozone-manager-1.5.0-SNAPSHOT.jar:?]
	at org.apache.hadoop.ozone.protocolPB.OzoneManagerProtocolServerSideTranslatorPB.internalProcessRequest(OzoneManagerProtocolServerSideTranslatorPB.java:196) ~[ozone-manager-1.5.0-SNAPSHOT.jar:?]
	at org.apache.hadoop.ozone.protocolPB.OzoneManagerProtocolServerSideTranslatorPB.processRequest(OzoneManagerProtocolServerSideTranslatorPB.java:156) ~[ozone-manager-1.5.0-SNAPSHOT.jar:?]
	at org.apache.hadoop.hdds.server.OzoneProtocolMessageDispatcher.processRequest(OzoneProtocolMessageDispatcher.java:89) [hdds-server-framework-1.5.0-SNAPSHOT.jar:?]
	at org.apache.hadoop.ozone.protocolPB.OzoneManagerProtocolServerSideTranslatorPB.submitRequest(OzoneManagerProtocolServerSideTranslatorPB.java:147) [ozone-manager-1.5.0-SNAPSHOT.jar:?]
	at org.apache.hadoop.ozone.protocol.proto.OzoneManagerProtocolProtos$OzoneManagerService$2.callBlockingMethod(OzoneManagerProtocolProtos.java) [ozone-interface-client-1.5.0-SNAPSHOT.jar:?]
	at org.apache.hadoop.ipc.ProtobufRpcEngine$Server.processCall(ProtobufRpcEngine.java:484) [hadoop-common-3.3.6.jar:?]
	at org.apache.hadoop.ipc.ProtobufRpcEngine2$Server$ProtoBufRpcInvoker.call(ProtobufRpcEngine2.java:595) [hadoop-common-3.3.6.jar:?]
	at org.apache.hadoop.ipc.ProtobufRpcEngine2$Server$ProtoBufRpcInvoker.call(ProtobufRpcEngine2.java:573) [hadoop-common-3.3.6.jar:?]
	at org.apache.hadoop.ipc.RPC$Server.call(RPC.java:1227) [hadoop-common-3.3.6.jar:?]
	at org.apache.hadoop.ipc.Server$RpcCall.run(Server.java:1094) [hadoop-common-3.3.6.jar:?]
	at org.apache.hadoop.ipc.Server$RpcCall.run(Server.java:1017) [hadoop-common-3.3.6.jar:?]
	at java.security.AccessController.doPrivileged(Native Method) ~[?:1.8.0_392]
	at javax.security.auth.Subject.doAs(Subject.java:422) [?:1.8.0_392]
	at org.apache.hadoop.security.UserGroupInformation.doAs(UserGroupInformation.java:1899) [hadoop-common-3.3.6.jar:?]
	at org.apache.hadoop.ipc.Server$Handler.run(Server.java:3048) [hadoop-common-3.3.6.jar:?]
2024-01-24 13:22:03,230 [main] INFO  rpc.RpcClient (RpcClient.java:createVolume(456)) - Creating Volume: vol-25690, with runner as owner and space quota set to -1 bytes, counts quota set to -1
2024-01-24 13:22:03,277 [omNode-1-OMStateMachineApplyTransactionThread - 0] INFO  volume.OMVolumeCreateRequest (OMVolumeCreateRequest.java:validateAndUpdateCache(198)) - created volume:vol-25690 for user:runner
2024-01-24 13:22:03,290 [omNode-1-OMDoubleBufferFlushThread] INFO  helpers.OmKeyInfo (OmKeyInfo.java:getCodec(71)) - OmKeyInfo.getCodec ignorePipeline = true
2024-01-24 13:22:03,290 [omNode-1-OMDoubleBufferFlushThread] INFO  helpers.OmKeyInfo (OmKeyInfo.java:getCodec(71)) - OmKeyInfo.getCodec ignorePipeline = true
2024-01-24 13:22:03,293 [omNode-1-OMDoubleBufferFlushThread] INFO  helpers.OmKeyInfo (OmKeyInfo.java:getCodec(71)) - OmKeyInfo.getCodec ignorePipeline = true
2024-01-24 13:22:03,293 [omNode-1-OMDoubleBufferFlushThread] INFO  helpers.OmKeyInfo (OmKeyInfo.java:getCodec(71)) - OmKeyInfo.getCodec ignorePipeline = true
2024-01-24 13:22:03,300 [omNode-1-OMDoubleBufferFlushThread] INFO  helpers.OmKeyInfo (OmKeyInfo.java:getCodec(71)) - OmKeyInfo.getCodec ignorePipeline = true
2024-01-24 13:22:03,301 [main] INFO  rpc.RpcClient (RpcClient.java:createBucket(683)) - Creating Bucket: vol-25690/buck-75604, with bucket layout FILE_SYSTEM_OPTIMIZED, runner as owner, Versioning false, Storage Type set to DISK and Encryption set to false, Replication Type set to server-side default replication type, Namespace Quota set to -1, Space Quota set to -1 
2024-01-24 13:22:03,316 [omNode-1-OMStateMachineApplyTransactionThread - 0] INFO  bucket.OMBucketCreateRequest (OMBucketCreateRequest.java:validateAndUpdateCache(292)) - created bucket: buck-75604 of layout FILE_SYSTEM_OPTIMIZED in volume: vol-25690
13:22:03.340 [IPC Server handler 14 on default port 15004] ERROR OMAudit - user=runner | ip=127.0.0.1 | op=GET_FILE_STATUS {volume=vol-25690, bucket=buck-75604, key=key-91670, dataSize=0, replicationConfig=null} | ret=FAILURE
org.apache.hadoop.ozone.om.exceptions.OMException: Unable to get file status: volume: vol-25690 bucket: buck-75604 key: key-91670
	at org.apache.hadoop.ozone.om.KeyManagerImpl.getOzoneFileStatusFSO(KeyManagerImpl.java:1351) ~[ozone-manager-1.5.0-SNAPSHOT.jar:?]
	at org.apache.hadoop.ozone.om.KeyManagerImpl.getFileStatus(KeyManagerImpl.java:1135) ~[ozone-manager-1.5.0-SNAPSHOT.jar:?]
	at org.apache.hadoop.ozone.om.OmMetadataReader.getFileStatus(OmMetadataReader.java:279) ~[ozone-manager-1.5.0-SNAPSHOT.jar:?]
	at org.apache.hadoop.ozone.om.OzoneManager.getFileStatus(OzoneManager.java:3634) ~[ozone-manager-1.5.0-SNAPSHOT.jar:?]
	at org.apache.hadoop.ozone.protocolPB.OzoneManagerRequestHandler.getOzoneFileStatus(OzoneManagerRequestHandler.java:1045) ~[ozone-manager-1.5.0-SNAPSHOT.jar:?]
	at org.apache.hadoop.ozone.protocolPB.OzoneManagerRequestHandler.handleReadRequest(OzoneManagerRequestHandler.java:268) ~[ozone-manager-1.5.0-SNAPSHOT.jar:?]
	at org.apache.hadoop.ozone.protocolPB.OzoneManagerProtocolServerSideTranslatorPB.submitReadRequestToOM(OzoneManagerProtocolServerSideTranslatorPB.java:250) ~[ozone-manager-1.5.0-SNAPSHOT.jar:?]
	at org.apache.hadoop.ozone.protocolPB.OzoneManagerProtocolServerSideTranslatorPB.internalProcessRequest(OzoneManagerProtocolServerSideTranslatorPB.java:196) ~[ozone-manager-1.5.0-SNAPSHOT.jar:?]
	at org.apache.hadoop.ozone.protocolPB.OzoneManagerProtocolServerSideTranslatorPB.processRequest(OzoneManagerProtocolServerSideTranslatorPB.java:156) ~[ozone-manager-1.5.0-SNAPSHOT.jar:?]
	at org.apache.hadoop.hdds.server.OzoneProtocolMessageDispatcher.processRequest(OzoneProtocolMessageDispatcher.java:89) [hdds-server-framework-1.5.0-SNAPSHOT.jar:?]
	at org.apache.hadoop.ozone.protocolPB.OzoneManagerProtocolServerSideTranslatorPB.submitRequest(OzoneManagerProtocolServerSideTranslatorPB.java:147) [ozone-manager-1.5.0-SNAPSHOT.jar:?]
	at org.apache.hadoop.ozone.protocol.proto.OzoneManagerProtocolProtos$OzoneManagerService$2.callBlockingMethod(OzoneManagerProtocolProtos.java) [ozone-interface-client-1.5.0-SNAPSHOT.jar:?]
	at org.apache.hadoop.ipc.ProtobufRpcEngine$Server.processCall(ProtobufRpcEngine.java:484) [hadoop-common-3.3.6.jar:?]
	at org.apache.hadoop.ipc.ProtobufRpcEngine2$Server$ProtoBufRpcInvoker.call(ProtobufRpcEngine2.java:595) [hadoop-common-3.3.6.jar:?]
	at org.apache.hadoop.ipc.ProtobufRpcEngine2$Server$ProtoBufRpcInvoker.call(ProtobufRpcEngine2.java:573) [hadoop-common-3.3.6.jar:?]
	at org.apache.hadoop.ipc.RPC$Server.call(RPC.java:1227) [hadoop-common-3.3.6.jar:?]
	at org.apache.hadoop.ipc.Server$RpcCall.run(Server.java:1094) [hadoop-common-3.3.6.jar:?]
	at org.apache.hadoop.ipc.Server$RpcCall.run(Server.java:1017) [hadoop-common-3.3.6.jar:?]
	at java.security.AccessController.doPrivileged(Native Method) ~[?:1.8.0_392]
	at javax.security.auth.Subject.doAs(Subject.java:422) [?:1.8.0_392]
	at org.apache.hadoop.security.UserGroupInformation.doAs(UserGroupInformation.java:1899) [hadoop-common-3.3.6.jar:?]
	at org.apache.hadoop.ipc.Server$Handler.run(Server.java:3048) [hadoop-common-3.3.6.jar:?]
13:22:03.356 [IPC Server handler 10 on default port 15004] ERROR OMAudit - user=runner | ip=127.0.0.1 | op=GET_FILE_STATUS {volume=vol-25690, bucket=buck-75604, key=key-91670, dataSize=0, replicationConfig=null} | ret=FAILURE
org.apache.hadoop.ozone.om.exceptions.OMException: Unable to get file status: volume: vol-25690 bucket: buck-75604 key: key-91670
	at org.apache.hadoop.ozone.om.KeyManagerImpl.getOzoneFileStatusFSO(KeyManagerImpl.java:1351) ~[ozone-manager-1.5.0-SNAPSHOT.jar:?]
	at org.apache.hadoop.ozone.om.KeyManagerImpl.getFileStatus(KeyManagerImpl.java:1135) ~[ozone-manager-1.5.0-SNAPSHOT.jar:?]
	at org.apache.hadoop.ozone.om.OmMetadataReader.getFileStatus(OmMetadataReader.java:279) ~[ozone-manager-1.5.0-SNAPSHOT.jar:?]
	at org.apache.hadoop.ozone.om.OzoneManager.getFileStatus(OzoneManager.java:3634) ~[ozone-manager-1.5.0-SNAPSHOT.jar:?]
	at org.apache.hadoop.ozone.protocolPB.OzoneManagerRequestHandler.getOzoneFileStatus(OzoneManagerRequestHandler.java:1045) ~[ozone-manager-1.5.0-SNAPSHOT.jar:?]
	at org.apache.hadoop.ozone.protocolPB.OzoneManagerRequestHandler.handleReadRequest(OzoneManagerRequestHandler.java:268) ~[ozone-manager-1.5.0-SNAPSHOT.jar:?]
	at org.apache.hadoop.ozone.protocolPB.OzoneManagerProtocolServerSideTranslatorPB.submitReadRequestToOM(OzoneManagerProtocolServerSideTranslatorPB.java:250) ~[ozone-manager-1.5.0-SNAPSHOT.jar:?]
	at org.apache.hadoop.ozone.protocolPB.OzoneManagerProtocolServerSideTranslatorPB.internalProcessRequest(OzoneManagerProtocolServerSideTranslatorPB.java:196) ~[ozone-manager-1.5.0-SNAPSHOT.jar:?]
	at org.apache.hadoop.ozone.protocolPB.OzoneManagerProtocolServerSideTranslatorPB.processRequest(OzoneManagerProtocolServerSideTranslatorPB.java:156) ~[ozone-manager-1.5.0-SNAPSHOT.jar:?]
	at org.apache.hadoop.hdds.server.OzoneProtocolMessageDispatcher.processRequest(OzoneProtocolMessageDispatcher.java:89) [hdds-server-framework-1.5.0-SNAPSHOT.jar:?]
	at org.apache.hadoop.ozone.protocolPB.OzoneManagerProtocolServerSideTranslatorPB.submitRequest(OzoneManagerProtocolServerSideTranslatorPB.java:147) [ozone-manager-1.5.0-SNAPSHOT.jar:?]
	at org.apache.hadoop.ozone.protocol.proto.OzoneManagerProtocolProtos$OzoneManagerService$2.callBlockingMethod(OzoneManagerProtocolProtos.java) [ozone-interface-client-1.5.0-SNAPSHOT.jar:?]
	at org.apache.hadoop.ipc.ProtobufRpcEngine$Server.processCall(ProtobufRpcEngine.java:484) [hadoop-common-3.3.6.jar:?]
	at org.apache.hadoop.ipc.ProtobufRpcEngine2$Server$ProtoBufRpcInvoker.call(ProtobufRpcEngine2.java:595) [hadoop-common-3.3.6.jar:?]
	at org.apache.hadoop.ipc.ProtobufRpcEngine2$Server$ProtoBufRpcInvoker.call(ProtobufRpcEngine2.java:573) [hadoop-common-3.3.6.jar:?]
	at org.apache.hadoop.ipc.RPC$Server.call(RPC.java:1227) [hadoop-common-3.3.6.jar:?]
	at org.apache.hadoop.ipc.Server$RpcCall.run(Server.java:1094) [hadoop-common-3.3.6.jar:?]
	at org.apache.hadoop.ipc.Server$RpcCall.run(Server.java:1017) [hadoop-common-3.3.6.jar:?]
	at java.security.AccessController.doPrivileged(Native Method) ~[?:1.8.0_392]
	at javax.security.auth.Subject.doAs(Subject.java:422) [?:1.8.0_392]
	at org.apache.hadoop.security.UserGroupInformation.doAs(UserGroupInformation.java:1899) [hadoop-common-3.3.6.jar:?]
	at org.apache.hadoop.ipc.Server$Handler.run(Server.java:3048) [hadoop-common-3.3.6.jar:?]
2024-01-24 13:22:03,416 [IPC Server handler 0 on default port 15001] INFO  ha.SequenceIdGenerator (SequenceIdGenerator.java:getNextId(145)) - Allocate a batch for containerId, change lastId from 0 to 1000.
2024-01-24 13:22:03,423 [IPC Server handler 0 on default port 15001] WARN  ha.SequenceIdGenerator (SequenceIdGenerator.java:allocateBatch(258)) - Failed to allocate a batch for localId, expected lastId is 0, actual lastId is 113750153625600000.
2024-01-24 13:22:03,424 [IPC Server handler 0 on default port 15001] INFO  ha.SequenceIdGenerator (SequenceIdGenerator.java:getNextId(145)) - Allocate a batch for localId, change lastId from 113750153625600000 to 113750153625601000.
Found 1 items
-rw-rw-rw-   3 runner runner          0 2024-01-24 13:22 /vol-25690/buck-75604/key-91670
2024-01-24 13:22:03,614 [omNode-1-OMStateMachineApplyTransactionThread - 0] WARN  snapshot.OMSnapshotCreateRequest (OMSnapshotCreateRequest.java:estimateBucketDataSize(337)) - DefaultReplicationConfig is not correctly set in OmBucketInfo for volume 'vol-25690' bucket 'buck-75604'. Falling back to config default 'RATIS/THREE'
2024-01-24 13:22:03,620 [omNode-1-OMStateMachineApplyTransactionThread - 0] INFO  snapshot.OMSnapshotCreateRequest (OMSnapshotCreateRequest.java:validateAndUpdateCache(218)) - Created snapshot: 'snap-1' with snapshotId: '97b54244-81bb-41b2-ade9-baee142be6bc' under path 'vol-25690/buck-75604'
Created snapshot ofs://om-service-test1/vol-25690/buck-75604/.snapshot/snap-1
]]></system-out>
  </testcase>
  <testcase name="testCreateSnapshotSuccess(String)[2]" classname="org.apache.hadoop.fs.ozone.TestOzoneFsSnapshot" time="0.032">
    <system-out><![CDATA[2024-01-24 13:22:03,661 [omNode-1-OMDoubleBufferFlushThread] INFO  db.RDBCheckpointManager (RDBCheckpointManager.java:createCheckpoint(89)) - Created checkpoint in rocksDB at /home/runner/work/ozone/ozone/hadoop-ozone/integration-test/target/test-dir/MiniOzoneClusterImpl-977364ef-3bcb-48d3-9f9f-52826038909b/omNode-1/db.snapshots/checkpointState/om.db-97b54244-81bb-41b2-ade9-baee142be6bc in 35 milliseconds
2024-01-24 13:22:03,666 [omNode-1-OMDoubleBufferFlushThread] WARN  om.OmSnapshotManager (OmSnapshotManager.java:performOperationOnKeys(530)) - Took 1377383 ns to find endKey. Caller is deleteKeysFromDelKeyTableInSnapshotScope
2024-01-24 13:22:03,666 [omNode-1-OMStateMachineApplyTransactionThread - 0] WARN  snapshot.OMSnapshotCreateRequest (OMSnapshotCreateRequest.java:estimateBucketDataSize(337)) - DefaultReplicationConfig is not correctly set in OmBucketInfo for volume 'vol-25690' bucket 'buck-75604'. Falling back to config default 'RATIS/THREE'
2024-01-24 13:22:03,666 [omNode-1-OMStateMachineApplyTransactionThread - 0] INFO  snapshot.OMSnapshotCreateRequest (OMSnapshotCreateRequest.java:validateAndUpdateCache(218)) - Created snapshot: 'snap75795657617173401188448010125899089001363595171500499231286' with snapshotId: '9eeac561-8b41-40dc-89e5-0f43ca0c67fb' under path 'vol-25690/buck-75604'
Created snapshot ofs://om-service-test1/vol-25690/buck-75604/.snapshot/snap75795657617173401188448010125899089001363595171500499231286
]]></system-out>
  </testcase>
  <testcase name="testCreateSnapshotSuccess(String)[3]" classname="org.apache.hadoop.fs.ozone.TestOzoneFsSnapshot" time="0.025">
    <system-out><![CDATA[2024-01-24 13:22:03,669 [omNode-1-OMDoubleBufferFlushThread] INFO  om.OmSnapshotManager (OmSnapshotManager.java:createOmSnapshotCheckpoint(463)) - Created checkpoint : /home/runner/work/ozone/ozone/hadoop-ozone/integration-test/target/test-dir/MiniOzoneClusterImpl-977364ef-3bcb-48d3-9f9f-52826038909b/omNode-1/db.snapshots/checkpointState/om.db-97b54244-81bb-41b2-ade9-baee142be6bc for snapshot snap-1
2024-01-24 13:22:03,689 [omNode-1-OMDoubleBufferFlushThread] INFO  db.RDBCheckpointManager (RDBCheckpointManager.java:createCheckpoint(89)) - Created checkpoint in rocksDB at /home/runner/work/ozone/ozone/hadoop-ozone/integration-test/target/test-dir/MiniOzoneClusterImpl-977364ef-3bcb-48d3-9f9f-52826038909b/omNode-1/db.snapshots/checkpointState/om.db-9eeac561-8b41-40dc-89e5-0f43ca0c67fb in 15 milliseconds
2024-01-24 13:22:03,690 [omNode-1-OMDoubleBufferFlushThread] INFO  om.OmSnapshotManager (OmSnapshotManager.java:createOmSnapshotCheckpoint(463)) - Created checkpoint : /home/runner/work/ozone/ozone/hadoop-ozone/integration-test/target/test-dir/MiniOzoneClusterImpl-977364ef-3bcb-48d3-9f9f-52826038909b/omNode-1/db.snapshots/checkpointState/om.db-9eeac561-8b41-40dc-89e5-0f43ca0c67fb for snapshot snap75795657617173401188448010125899089001363595171500499231286
2024-01-24 13:22:03,694 [omNode-1-OMStateMachineApplyTransactionThread - 0] WARN  snapshot.OMSnapshotCreateRequest (OMSnapshotCreateRequest.java:estimateBucketDataSize(337)) - DefaultReplicationConfig is not correctly set in OmBucketInfo for volume 'vol-25690' bucket 'buck-75604'. Falling back to config default 'RATIS/THREE'
2024-01-24 13:22:03,694 [omNode-1-OMStateMachineApplyTransactionThread - 0] INFO  snapshot.OMSnapshotCreateRequest (OMSnapshotCreateRequest.java:validateAndUpdateCache(218)) - Created snapshot: 'sn1' with snapshotId: '2245405e-b869-492b-aeb8-04ca02b91d97' under path 'vol-25690/buck-75604'
Created snapshot ofs://om-service-test1/vol-25690/buck-75604/.snapshot/sn1
]]></system-out>
  </testcase>
  <testcase name="testCreateSnapshotWithSubDirInput" classname="org.apache.hadoop.fs.ozone.TestOzoneFsSnapshot" time="0.203">
    <system-out><![CDATA[13:22:03.706 [IPC Server handler 13 on default port 15004] ERROR OMAudit - user=runner | ip=127.0.0.1 | op=GET_FILE_STATUS {volume=vol-25690, bucket=buck-75604, key=dir1, dataSize=0, replicationConfig=null} | ret=FAILURE
org.apache.hadoop.ozone.om.exceptions.OMException: Unable to get file status: volume: vol-25690 bucket: buck-75604 key: dir1
	at org.apache.hadoop.ozone.om.KeyManagerImpl.getOzoneFileStatusFSO(KeyManagerImpl.java:1351) ~[ozone-manager-1.5.0-SNAPSHOT.jar:?]
	at org.apache.hadoop.ozone.om.KeyManagerImpl.getFileStatus(KeyManagerImpl.java:1135) ~[ozone-manager-1.5.0-SNAPSHOT.jar:?]
	at org.apache.hadoop.ozone.om.OmMetadataReader.getFileStatus(OmMetadataReader.java:279) ~[ozone-manager-1.5.0-SNAPSHOT.jar:?]
	at org.apache.hadoop.ozone.om.OzoneManager.getFileStatus(OzoneManager.java:3634) ~[ozone-manager-1.5.0-SNAPSHOT.jar:?]
	at org.apache.hadoop.ozone.protocolPB.OzoneManagerRequestHandler.getOzoneFileStatus(OzoneManagerRequestHandler.java:1045) ~[ozone-manager-1.5.0-SNAPSHOT.jar:?]
	at org.apache.hadoop.ozone.protocolPB.OzoneManagerRequestHandler.handleReadRequest(OzoneManagerRequestHandler.java:268) ~[ozone-manager-1.5.0-SNAPSHOT.jar:?]
	at org.apache.hadoop.ozone.protocolPB.OzoneManagerProtocolServerSideTranslatorPB.submitReadRequestToOM(OzoneManagerProtocolServerSideTranslatorPB.java:250) ~[ozone-manager-1.5.0-SNAPSHOT.jar:?]
	at org.apache.hadoop.ozone.protocolPB.OzoneManagerProtocolServerSideTranslatorPB.internalProcessRequest(OzoneManagerProtocolServerSideTranslatorPB.java:196) ~[ozone-manager-1.5.0-SNAPSHOT.jar:?]
	at org.apache.hadoop.ozone.protocolPB.OzoneManagerProtocolServerSideTranslatorPB.processRequest(OzoneManagerProtocolServerSideTranslatorPB.java:156) ~[ozone-manager-1.5.0-SNAPSHOT.jar:?]
	at org.apache.hadoop.hdds.server.OzoneProtocolMessageDispatcher.processRequest(OzoneProtocolMessageDispatcher.java:89) [hdds-server-framework-1.5.0-SNAPSHOT.jar:?]
	at org.apache.hadoop.ozone.protocolPB.OzoneManagerProtocolServerSideTranslatorPB.submitRequest(OzoneManagerProtocolServerSideTranslatorPB.java:147) [ozone-manager-1.5.0-SNAPSHOT.jar:?]
	at org.apache.hadoop.ozone.protocol.proto.OzoneManagerProtocolProtos$OzoneManagerService$2.callBlockingMethod(OzoneManagerProtocolProtos.java) [ozone-interface-client-1.5.0-SNAPSHOT.jar:?]
	at org.apache.hadoop.ipc.ProtobufRpcEngine$Server.processCall(ProtobufRpcEngine.java:484) [hadoop-common-3.3.6.jar:?]
	at org.apache.hadoop.ipc.ProtobufRpcEngine2$Server$ProtoBufRpcInvoker.call(ProtobufRpcEngine2.java:595) [hadoop-common-3.3.6.jar:?]
	at org.apache.hadoop.ipc.ProtobufRpcEngine2$Server$ProtoBufRpcInvoker.call(ProtobufRpcEngine2.java:573) [hadoop-common-3.3.6.jar:?]
	at org.apache.hadoop.ipc.RPC$Server.call(RPC.java:1227) [hadoop-common-3.3.6.jar:?]
	at org.apache.hadoop.ipc.Server$RpcCall.run(Server.java:1094) [hadoop-common-3.3.6.jar:?]
	at org.apache.hadoop.ipc.Server$RpcCall.run(Server.java:1017) [hadoop-common-3.3.6.jar:?]
	at java.security.AccessController.doPrivileged(Native Method) ~[?:1.8.0_392]
	at javax.security.auth.Subject.doAs(Subject.java:422) [?:1.8.0_392]
	at org.apache.hadoop.security.UserGroupInformation.doAs(UserGroupInformation.java:1899) [hadoop-common-3.3.6.jar:?]
	at org.apache.hadoop.ipc.Server$Handler.run(Server.java:3048) [hadoop-common-3.3.6.jar:?]
2024-01-24 13:22:03,711 [omNode-1-OMDoubleBufferFlushThread] INFO  db.RDBCheckpointManager (RDBCheckpointManager.java:createCheckpoint(89)) - Created checkpoint in rocksDB at /home/runner/work/ozone/ozone/hadoop-ozone/integration-test/target/test-dir/MiniOzoneClusterImpl-977364ef-3bcb-48d3-9f9f-52826038909b/omNode-1/db.snapshots/checkpointState/om.db-2245405e-b869-492b-aeb8-04ca02b91d97 in 15 milliseconds
2024-01-24 13:22:03,712 [omNode-1-OMDoubleBufferFlushThread] INFO  om.OmSnapshotManager (OmSnapshotManager.java:createOmSnapshotCheckpoint(463)) - Created checkpoint : /home/runner/work/ozone/ozone/hadoop-ozone/integration-test/target/test-dir/MiniOzoneClusterImpl-977364ef-3bcb-48d3-9f9f-52826038909b/omNode-1/db.snapshots/checkpointState/om.db-2245405e-b869-492b-aeb8-04ca02b91d97 for snapshot sn1
2024-01-24 13:22:03,746 [omNode-1-OMStateMachineApplyTransactionThread - 0] WARN  snapshot.OMSnapshotCreateRequest (OMSnapshotCreateRequest.java:estimateBucketDataSize(337)) - DefaultReplicationConfig is not correctly set in OmBucketInfo for volume 'vol-25690' bucket 'buck-75604'. Falling back to config default 'RATIS/THREE'
2024-01-24 13:22:03,746 [omNode-1-OMStateMachineApplyTransactionThread - 0] INFO  snapshot.OMSnapshotCreateRequest (OMSnapshotCreateRequest.java:validateAndUpdateCache(218)) - Created snapshot: 'snap-07444' with snapshotId: '2118119a-4fc5-4ecd-970a-425bee4ce6c3' under path 'vol-25690/buck-75604'
Created snapshot ofs://om-service-test1/vol-25690/buck-75604/.snapshot/snap-07444
2024-01-24 13:22:03,761 [omNode-1-OMDoubleBufferFlushThread] INFO  db.RDBCheckpointManager (RDBCheckpointManager.java:createCheckpoint(89)) - Created checkpoint in rocksDB at /home/runner/work/ozone/ozone/hadoop-ozone/integration-test/target/test-dir/MiniOzoneClusterImpl-977364ef-3bcb-48d3-9f9f-52826038909b/omNode-1/db.snapshots/checkpointState/om.db-2118119a-4fc5-4ecd-970a-425bee4ce6c3 in 13 milliseconds
2024-01-24 13:22:03,763 [omNode-1-OMDoubleBufferFlushThread] INFO  om.OmSnapshotManager (OmSnapshotManager.java:createOmSnapshotCheckpoint(463)) - Created checkpoint : /home/runner/work/ozone/ozone/hadoop-ozone/integration-test/target/test-dir/MiniOzoneClusterImpl-977364ef-3bcb-48d3-9f9f-52826038909b/omNode-1/db.snapshots/checkpointState/om.db-2118119a-4fc5-4ecd-970a-425bee4ce6c3 for snapshot snap-07444
]]></system-out>
  </testcase>
  <testcase name="testDeleteBucketWithSnapshot" classname="org.apache.hadoop.fs.ozone.TestOzoneFsSnapshot" time="1.185">
    <system-out><![CDATA[2024-01-24 13:22:03,927 [omNode-1-OMStateMachineApplyTransactionThread - 0] WARN  snapshot.OMSnapshotCreateRequest (OMSnapshotCreateRequest.java:estimateBucketDataSize(337)) - DefaultReplicationConfig is not correctly set in OmBucketInfo for volume 'vol-25690' bucket 'buck-75604'. Falling back to config default 'RATIS/THREE'
2024-01-24 13:22:03,927 [omNode-1-OMStateMachineApplyTransactionThread - 0] INFO  snapshot.OMSnapshotCreateRequest (OMSnapshotCreateRequest.java:validateAndUpdateCache(218)) - Created snapshot: 'snap-55923' with snapshotId: '1d8cfc17-c993-4686-ae3b-c6b32e76cb60' under path 'vol-25690/buck-75604'
Created snapshot ofs://om-service-test1/vol-25690/buck-75604/.snapshot/snap-55923
2024-01-24 13:22:03,929 [main] WARN  server.ServerUtils (ServerUtils.java:getDBPath(311)) - ozone.om.db.dirs is not configured. We recommend adding this setting. Falling back to ozone.metadata.dirs instead.
2024-01-24 13:22:03,938 [omNode-1-OMDoubleBufferFlushThread] INFO  db.RDBCheckpointManager (RDBCheckpointManager.java:createCheckpoint(89)) - Created checkpoint in rocksDB at /home/runner/work/ozone/ozone/hadoop-ozone/integration-test/target/test-dir/MiniOzoneClusterImpl-977364ef-3bcb-48d3-9f9f-52826038909b/omNode-1/db.snapshots/checkpointState/om.db-1d8cfc17-c993-4686-ae3b-c6b32e76cb60 in 9 milliseconds
2024-01-24 13:22:03,939 [omNode-1-OMDoubleBufferFlushThread] INFO  om.OmSnapshotManager (OmSnapshotManager.java:createOmSnapshotCheckpoint(463)) - Created checkpoint : /home/runner/work/ozone/ozone/hadoop-ozone/integration-test/target/test-dir/MiniOzoneClusterImpl-977364ef-3bcb-48d3-9f9f-52826038909b/omNode-1/db.snapshots/checkpointState/om.db-1d8cfc17-c993-4686-ae3b-c6b32e76cb60 for snapshot snap-55923
13:22:05.011 [omNode-1-OMStateMachineApplyTransactionThread - 0] ERROR OMAudit - user=runner | ip=127.0.0.1 | op=DELETE_BUCKET {volume=vol-25690, bucket=buck-75604} | ret=FAILURE
org.apache.hadoop.ozone.om.exceptions.OMException: Bucket buck-75604 can't be deleted when it has snapshots
	at org.apache.hadoop.ozone.om.request.bucket.OMBucketDeleteRequest.validateAndUpdateCache(OMBucketDeleteRequest.java:163) ~[ozone-manager-1.5.0-SNAPSHOT.jar:?]
	at org.apache.hadoop.ozone.protocolPB.OzoneManagerRequestHandler.lambda$0(OzoneManagerRequestHandler.java:403) ~[ozone-manager-1.5.0-SNAPSHOT.jar:?]
	at org.apache.hadoop.util.MetricUtil.captureLatencyNs(MetricUtil.java:45) ~[hdds-common-1.5.0-SNAPSHOT.jar:?]
	at org.apache.hadoop.ozone.protocolPB.OzoneManagerRequestHandler.handleWriteRequest(OzoneManagerRequestHandler.java:399) ~[ozone-manager-1.5.0-SNAPSHOT.jar:?]
	at org.apache.hadoop.ozone.om.ratis.OzoneManagerStateMachine.runCommand(OzoneManagerStateMachine.java:527) ~[ozone-manager-1.5.0-SNAPSHOT.jar:?]
	at org.apache.hadoop.ozone.om.ratis.OzoneManagerStateMachine.lambda$1(OzoneManagerStateMachine.java:345) ~[ozone-manager-1.5.0-SNAPSHOT.jar:?]
	at java.util.concurrent.CompletableFuture$AsyncSupply.run(CompletableFuture.java:1604) [?:1.8.0_392]
	at java.util.concurrent.ThreadPoolExecutor.runWorker(ThreadPoolExecutor.java:1149) [?:1.8.0_392]
	at java.util.concurrent.ThreadPoolExecutor$Worker.run(ThreadPoolExecutor.java:624) [?:1.8.0_392]
	at java.lang.Thread.run(Thread.java:750) [?:1.8.0_392]
2024-01-24 13:22:05,012 [omNode-1-OMStateMachineApplyTransactionThread - 0] ERROR bucket.OMBucketDeleteRequest (OMBucketDeleteRequest.java:validateAndUpdateCache(227)) - Delete bucket failed for bucket:buck-75604 in volume:vol-25690
CONTAINS_SNAPSHOT org.apache.hadoop.ozone.om.exceptions.OMException: Bucket buck-75604 can't be deleted when it has snapshots
	at org.apache.hadoop.ozone.om.request.bucket.OMBucketDeleteRequest.validateAndUpdateCache(OMBucketDeleteRequest.java:163)
	at org.apache.hadoop.ozone.protocolPB.OzoneManagerRequestHandler.lambda$0(OzoneManagerRequestHandler.java:403)
	at org.apache.hadoop.util.MetricUtil.captureLatencyNs(MetricUtil.java:45)
	at org.apache.hadoop.ozone.protocolPB.OzoneManagerRequestHandler.handleWriteRequest(OzoneManagerRequestHandler.java:399)
	at org.apache.hadoop.ozone.om.ratis.OzoneManagerStateMachine.runCommand(OzoneManagerStateMachine.java:527)
	at org.apache.hadoop.ozone.om.ratis.OzoneManagerStateMachine.lambda$1(OzoneManagerStateMachine.java:345)
	at java.util.concurrent.CompletableFuture$AsyncSupply.run(CompletableFuture.java:1604)
	at java.util.concurrent.ThreadPoolExecutor.runWorker(ThreadPoolExecutor.java:1149)
	at java.util.concurrent.ThreadPoolExecutor$Worker.run(ThreadPoolExecutor.java:624)
	at java.lang.Thread.run(Thread.java:750)
2024-01-24 13:22:05,028 [IPC Server handler 15 on default port 15004] INFO  snapshot.SnapshotCache (SnapshotCache.java:lambda$1(145)) - Loading snapshot. Table key: /vol-25690/buck-75604/snap-55923
2024-01-24 13:22:05,029 [IPC Server handler 15 on default port 15004] WARN  server.ServerUtils (ServerUtils.java:getDBPath(311)) - ozone.om.db.dirs is not configured. We recommend adding this setting. Falling back to ozone.metadata.dirs instead.
2024-01-24 13:22:05,030 [IPC Server handler 15 on default port 15004] INFO  helpers.OmKeyInfo (OmKeyInfo.java:getCodec(71)) - OmKeyInfo.getCodec ignorePipeline = true
2024-01-24 13:22:05,073 [IPC Server handler 15 on default port 15004] INFO  audit.AuditLogger (AuditLogger.java:refreshDebugCmdSet(130)) - Refresh DebugCmdSet for OMAudit to [].
]]></system-out>
  </testcase>
  <testcase name="testCreateSnapshotFailure(String, String, String, String, int)[1]" classname="org.apache.hadoop.fs.ozone.TestOzoneFsSnapshot" time="0.009"/>
  <testcase name="testCreateSnapshotFailure(String, String, String, String, int)[2]" classname="org.apache.hadoop.fs.ozone.TestOzoneFsSnapshot" time="0.007"/>
  <testcase name="testCreateSnapshotFailure(String, String, String, String, int)[3]" classname="org.apache.hadoop.fs.ozone.TestOzoneFsSnapshot" time="0.005">
    <system-out><![CDATA[13:22:05.115 [IPC Server handler 8 on default port 15004] ERROR OMAudit - user=runner | ip=127.0.0.1 | op=READ_BUCKET {volume=invalid, bucket=uri} | ret=FAILURE
org.apache.hadoop.ozone.om.exceptions.OMException: Volume not found: invalid
	at org.apache.hadoop.ozone.om.OzoneManagerUtils.reportNotFound(OzoneManagerUtils.java:83) ~[ozone-manager-1.5.0-SNAPSHOT.jar:?]
	at org.apache.hadoop.ozone.om.OzoneManagerUtils.getBucketInfo(OzoneManagerUtils.java:72) ~[ozone-manager-1.5.0-SNAPSHOT.jar:?]
	at org.apache.hadoop.ozone.om.BucketManagerImpl.getBucketInfo(BucketManagerImpl.java:80) ~[ozone-manager-1.5.0-SNAPSHOT.jar:?]
	at org.apache.hadoop.ozone.om.OzoneManager.getBucketInfo(OzoneManager.java:2797) ~[ozone-manager-1.5.0-SNAPSHOT.jar:?]
	at org.apache.hadoop.ozone.protocolPB.OzoneManagerRequestHandler.infoBucket(OzoneManagerRequestHandler.java:601) ~[ozone-manager-1.5.0-SNAPSHOT.jar:?]
	at org.apache.hadoop.ozone.protocolPB.OzoneManagerRequestHandler.handleReadRequest(OzoneManagerRequestHandler.java:213) ~[ozone-manager-1.5.0-SNAPSHOT.jar:?]
	at org.apache.hadoop.ozone.protocolPB.OzoneManagerProtocolServerSideTranslatorPB.submitReadRequestToOM(OzoneManagerProtocolServerSideTranslatorPB.java:250) ~[ozone-manager-1.5.0-SNAPSHOT.jar:?]
	at org.apache.hadoop.ozone.protocolPB.OzoneManagerProtocolServerSideTranslatorPB.internalProcessRequest(OzoneManagerProtocolServerSideTranslatorPB.java:196) ~[ozone-manager-1.5.0-SNAPSHOT.jar:?]
	at org.apache.hadoop.ozone.protocolPB.OzoneManagerProtocolServerSideTranslatorPB.processRequest(OzoneManagerProtocolServerSideTranslatorPB.java:156) ~[ozone-manager-1.5.0-SNAPSHOT.jar:?]
	at org.apache.hadoop.hdds.server.OzoneProtocolMessageDispatcher.processRequest(OzoneProtocolMessageDispatcher.java:89) [hdds-server-framework-1.5.0-SNAPSHOT.jar:?]
	at org.apache.hadoop.ozone.protocolPB.OzoneManagerProtocolServerSideTranslatorPB.submitRequest(OzoneManagerProtocolServerSideTranslatorPB.java:147) [ozone-manager-1.5.0-SNAPSHOT.jar:?]
	at org.apache.hadoop.ozone.protocol.proto.OzoneManagerProtocolProtos$OzoneManagerService$2.callBlockingMethod(OzoneManagerProtocolProtos.java) [ozone-interface-client-1.5.0-SNAPSHOT.jar:?]
	at org.apache.hadoop.ipc.ProtobufRpcEngine$Server.processCall(ProtobufRpcEngine.java:484) [hadoop-common-3.3.6.jar:?]
	at org.apache.hadoop.ipc.ProtobufRpcEngine2$Server$ProtoBufRpcInvoker.call(ProtobufRpcEngine2.java:595) [hadoop-common-3.3.6.jar:?]
	at org.apache.hadoop.ipc.ProtobufRpcEngine2$Server$ProtoBufRpcInvoker.call(ProtobufRpcEngine2.java:573) [hadoop-common-3.3.6.jar:?]
	at org.apache.hadoop.ipc.RPC$Server.call(RPC.java:1227) [hadoop-common-3.3.6.jar:?]
	at org.apache.hadoop.ipc.Server$RpcCall.run(Server.java:1094) [hadoop-common-3.3.6.jar:?]
	at org.apache.hadoop.ipc.Server$RpcCall.run(Server.java:1017) [hadoop-common-3.3.6.jar:?]
	at java.security.AccessController.doPrivileged(Native Method) ~[?:1.8.0_392]
	at javax.security.auth.Subject.doAs(Subject.java:422) [?:1.8.0_392]
	at org.apache.hadoop.security.UserGroupInformation.doAs(UserGroupInformation.java:1899) [hadoop-common-3.3.6.jar:?]
	at org.apache.hadoop.ipc.Server$Handler.run(Server.java:3048) [hadoop-common-3.3.6.jar:?]
]]></system-out>
  </testcase>
  <testcase name="testCreateSnapshotFailure(String, String, String, String, int)[4]" classname="org.apache.hadoop.fs.ozone.TestOzoneFsSnapshot" time="0.007"/>
  <testcase name="testCreateSnapshotFailure(String, String, String, String, int)[5]" classname="org.apache.hadoop.fs.ozone.TestOzoneFsSnapshot" time="0.013"/>
  <testcase name="testCreateSnapshotFailure(String, String, String, String, int)[6]" classname="org.apache.hadoop.fs.ozone.TestOzoneFsSnapshot" time="0.008"/>
  <testcase name="testSnapshotDeleteSuccess" classname="org.apache.hadoop.fs.ozone.TestOzoneFsSnapshot" time="1.041">
    <system-out><![CDATA[2024-01-24 13:22:05,169 [omNode-1-OMStateMachineApplyTransactionThread - 0] WARN  snapshot.OMSnapshotCreateRequest (OMSnapshotCreateRequest.java:estimateBucketDataSize(337)) - DefaultReplicationConfig is not correctly set in OmBucketInfo for volume 'vol-25690' bucket 'buck-75604'. Falling back to config default 'RATIS/THREE'
2024-01-24 13:22:05,169 [omNode-1-OMStateMachineApplyTransactionThread - 0] INFO  snapshot.OMSnapshotCreateRequest (OMSnapshotCreateRequest.java:validateAndUpdateCache(218)) - Created snapshot: 'snap-98465' with snapshotId: '6b667cca-de88-480f-b332-071d10edd7ef' under path 'vol-25690/buck-75604'
2024-01-24 13:22:05,171 [main] WARN  server.ServerUtils (ServerUtils.java:getDBPath(311)) - ozone.om.db.dirs is not configured. We recommend adding this setting. Falling back to ozone.metadata.dirs instead.
2024-01-24 13:22:05,186 [omNode-1-OMDoubleBufferFlushThread] INFO  db.RDBCheckpointManager (RDBCheckpointManager.java:createCheckpoint(89)) - Created checkpoint in rocksDB at /home/runner/work/ozone/ozone/hadoop-ozone/integration-test/target/test-dir/MiniOzoneClusterImpl-977364ef-3bcb-48d3-9f9f-52826038909b/omNode-1/db.snapshots/checkpointState/om.db-6b667cca-de88-480f-b332-071d10edd7ef in 15 milliseconds
2024-01-24 13:22:05,187 [omNode-1-OMDoubleBufferFlushThread] WARN  om.OmSnapshotManager (OmSnapshotManager.java:performOperationOnKeys(530)) - Took 523605 ns to find endKey. Caller is deleteKeysFromDelDirTableInSnapshotScope
2024-01-24 13:22:05,187 [omNode-1-OMDoubleBufferFlushThread] INFO  om.OmSnapshotManager (OmSnapshotManager.java:createOmSnapshotCheckpoint(463)) - Created checkpoint : /home/runner/work/ozone/ozone/hadoop-ozone/integration-test/target/test-dir/MiniOzoneClusterImpl-977364ef-3bcb-48d3-9f9f-52826038909b/omNode-1/db.snapshots/checkpointState/om.db-6b667cca-de88-480f-b332-071d10edd7ef for snapshot snap-98465
2024-01-24 13:22:06,186 [omNode-1-OMStateMachineApplyTransactionThread - 0] INFO  snapshot.OMSnapshotDeleteRequest (OMSnapshotDeleteRequest.java:validateAndUpdateCache(224)) - Deleted snapshot 'snap-98465' under path 'vol-25690/buck-75604'
]]></system-out>
  </testcase>
  <testcase name="testCreateSnapshotDuplicateName" classname="org.apache.hadoop.fs.ozone.TestOzoneFsSnapshot" time="0.017">
    <failure type="org.opentest4j.AssertionFailedError"><![CDATA[org.opentest4j.AssertionFailedError: expected: <0> but was: <1>
	at org.junit.jupiter.api.AssertionFailureBuilder.build(AssertionFailureBuilder.java:151)
	at org.junit.jupiter.api.AssertionFailureBuilder.buildAndThrow(AssertionFailureBuilder.java:132)
	at org.junit.jupiter.api.AssertEquals.failNotEqual(AssertEquals.java:197)
	at org.junit.jupiter.api.AssertEquals.assertEquals(AssertEquals.java:150)
	at org.junit.jupiter.api.AssertEquals.assertEquals(AssertEquals.java:145)
	at org.junit.jupiter.api.Assertions.assertEquals(Assertions.java:531)
	at org.apache.hadoop.fs.ozone.TestOzoneFsSnapshot.testCreateSnapshotDuplicateName(TestOzoneFsSnapshot.java:139)
	at java.lang.reflect.Method.invoke(Method.java:498)
	at java.util.ArrayList.forEach(ArrayList.java:1259)
	at java.util.ArrayList.forEach(ArrayList.java:1259)
]]></failure>
    <system-out><![CDATA[13:22:06.199 [omNode-1-OMStateMachineApplyTransactionThread - 0] ERROR OMAudit - user=runner | ip=127.0.0.1 | op=CREATE_SNAPSHOT {volume=vol-25690, bucket=buck-75604, snapshotName=snap-55923} | ret=FAILURE
org.apache.hadoop.ozone.om.exceptions.OMException: Snapshot already exists
	at org.apache.hadoop.ozone.om.request.snapshot.OMSnapshotCreateRequest.validateAndUpdateCache(OMSnapshotCreateRequest.java:160) ~[ozone-manager-1.5.0-SNAPSHOT.jar:?]
	at org.apache.hadoop.ozone.protocolPB.OzoneManagerRequestHandler.lambda$0(OzoneManagerRequestHandler.java:403) ~[ozone-manager-1.5.0-SNAPSHOT.jar:?]
	at org.apache.hadoop.util.MetricUtil.captureLatencyNs(MetricUtil.java:45) ~[hdds-common-1.5.0-SNAPSHOT.jar:?]
	at org.apache.hadoop.ozone.protocolPB.OzoneManagerRequestHandler.handleWriteRequest(OzoneManagerRequestHandler.java:399) ~[ozone-manager-1.5.0-SNAPSHOT.jar:?]
	at org.apache.hadoop.ozone.om.ratis.OzoneManagerStateMachine.runCommand(OzoneManagerStateMachine.java:527) ~[ozone-manager-1.5.0-SNAPSHOT.jar:?]
	at org.apache.hadoop.ozone.om.ratis.OzoneManagerStateMachine.lambda$1(OzoneManagerStateMachine.java:345) ~[ozone-manager-1.5.0-SNAPSHOT.jar:?]
	at java.util.concurrent.CompletableFuture$AsyncSupply.run(CompletableFuture.java:1604) [?:1.8.0_392]
	at java.util.concurrent.ThreadPoolExecutor.runWorker(ThreadPoolExecutor.java:1149) [?:1.8.0_392]
	at java.util.concurrent.ThreadPoolExecutor$Worker.run(ThreadPoolExecutor.java:624) [?:1.8.0_392]
	at java.lang.Thread.run(Thread.java:750) [?:1.8.0_392]
2024-01-24 13:22:06,199 [omNode-1-OMStateMachineApplyTransactionThread - 0] ERROR snapshot.OMSnapshotCreateRequest (OMSnapshotCreateRequest.java:validateAndUpdateCache(223)) - Failed to create snapshot 'snap-55923' with snapshotId: '99623e37-e91d-4984-8cd5-b2e88593d72a' under path 'vol-25690/buck-75604'
]]></system-out>
  </testcase>
  <testcase name="testSnapshotDeleteFailure(String, String, String, String, int)[1]" classname="org.apache.hadoop.fs.ozone.TestOzoneFsSnapshot" time="0.013">
    <system-out><![CDATA[13:22:06.222 [omNode-1-OMStateMachineApplyTransactionThread - 0] ERROR OMAudit - user=runner | ip=127.0.0.1 | op=DELETE_SNAPSHOT {volume=vol-25690, bucket=buck-75604, snapshotName=testsnap} | ret=FAILURE
org.apache.hadoop.ozone.om.exceptions.OMException: Snapshot does not exist
	at org.apache.hadoop.ozone.om.request.snapshot.OMSnapshotDeleteRequest.validateAndUpdateCache(OMSnapshotDeleteRequest.java:158) ~[ozone-manager-1.5.0-SNAPSHOT.jar:?]
	at org.apache.hadoop.ozone.protocolPB.OzoneManagerRequestHandler.lambda$0(OzoneManagerRequestHandler.java:403) ~[ozone-manager-1.5.0-SNAPSHOT.jar:?]
	at org.apache.hadoop.util.MetricUtil.captureLatencyNs(MetricUtil.java:45) ~[hdds-common-1.5.0-SNAPSHOT.jar:?]
	at org.apache.hadoop.ozone.protocolPB.OzoneManagerRequestHandler.handleWriteRequest(OzoneManagerRequestHandler.java:399) ~[ozone-manager-1.5.0-SNAPSHOT.jar:?]
	at org.apache.hadoop.ozone.om.ratis.OzoneManagerStateMachine.runCommand(OzoneManagerStateMachine.java:527) ~[ozone-manager-1.5.0-SNAPSHOT.jar:?]
	at org.apache.hadoop.ozone.om.ratis.OzoneManagerStateMachine.lambda$1(OzoneManagerStateMachine.java:345) ~[ozone-manager-1.5.0-SNAPSHOT.jar:?]
	at java.util.concurrent.CompletableFuture$AsyncSupply.run(CompletableFuture.java:1604) [?:1.8.0_392]
	at java.util.concurrent.ThreadPoolExecutor.runWorker(ThreadPoolExecutor.java:1149) [?:1.8.0_392]
	at java.util.concurrent.ThreadPoolExecutor$Worker.run(ThreadPoolExecutor.java:624) [?:1.8.0_392]
	at java.lang.Thread.run(Thread.java:750) [?:1.8.0_392]
2024-01-24 13:22:06,223 [omNode-1-OMStateMachineApplyTransactionThread - 0] ERROR snapshot.OMSnapshotDeleteRequest (OMSnapshotDeleteRequest.java:validateAndUpdateCache(228)) - Failed to delete snapshot 'testsnap' under path 'vol-25690/buck-75604'
]]></system-out>
  </testcase>
  <testcase name="testSnapshotDeleteFailure(String, String, String, String, int)[2]" classname="org.apache.hadoop.fs.ozone.TestOzoneFsSnapshot" time="0.005">
    <system-out><![CDATA[13:22:06.229 [IPC Server handler 11 on default port 15004] ERROR OMAudit - user=runner | ip=127.0.0.1 | op=READ_BUCKET {volume=invalid, bucket=uri} | ret=FAILURE
org.apache.hadoop.ozone.om.exceptions.OMException: Volume not found: invalid
	at org.apache.hadoop.ozone.om.OzoneManagerUtils.reportNotFound(OzoneManagerUtils.java:83) ~[ozone-manager-1.5.0-SNAPSHOT.jar:?]
	at org.apache.hadoop.ozone.om.OzoneManagerUtils.getBucketInfo(OzoneManagerUtils.java:72) ~[ozone-manager-1.5.0-SNAPSHOT.jar:?]
	at org.apache.hadoop.ozone.om.BucketManagerImpl.getBucketInfo(BucketManagerImpl.java:80) ~[ozone-manager-1.5.0-SNAPSHOT.jar:?]
	at org.apache.hadoop.ozone.om.OzoneManager.getBucketInfo(OzoneManager.java:2797) ~[ozone-manager-1.5.0-SNAPSHOT.jar:?]
	at org.apache.hadoop.ozone.protocolPB.OzoneManagerRequestHandler.infoBucket(OzoneManagerRequestHandler.java:601) ~[ozone-manager-1.5.0-SNAPSHOT.jar:?]
	at org.apache.hadoop.ozone.protocolPB.OzoneManagerRequestHandler.handleReadRequest(OzoneManagerRequestHandler.java:213) ~[ozone-manager-1.5.0-SNAPSHOT.jar:?]
	at org.apache.hadoop.ozone.protocolPB.OzoneManagerProtocolServerSideTranslatorPB.submitReadRequestToOM(OzoneManagerProtocolServerSideTranslatorPB.java:250) ~[ozone-manager-1.5.0-SNAPSHOT.jar:?]
	at org.apache.hadoop.ozone.protocolPB.OzoneManagerProtocolServerSideTranslatorPB.internalProcessRequest(OzoneManagerProtocolServerSideTranslatorPB.java:196) ~[ozone-manager-1.5.0-SNAPSHOT.jar:?]
	at org.apache.hadoop.ozone.protocolPB.OzoneManagerProtocolServerSideTranslatorPB.processRequest(OzoneManagerProtocolServerSideTranslatorPB.java:156) ~[ozone-manager-1.5.0-SNAPSHOT.jar:?]
	at org.apache.hadoop.hdds.server.OzoneProtocolMessageDispatcher.processRequest(OzoneProtocolMessageDispatcher.java:89) [hdds-server-framework-1.5.0-SNAPSHOT.jar:?]
	at org.apache.hadoop.ozone.protocolPB.OzoneManagerProtocolServerSideTranslatorPB.submitRequest(OzoneManagerProtocolServerSideTranslatorPB.java:147) [ozone-manager-1.5.0-SNAPSHOT.jar:?]
	at org.apache.hadoop.ozone.protocol.proto.OzoneManagerProtocolProtos$OzoneManagerService$2.callBlockingMethod(OzoneManagerProtocolProtos.java) [ozone-interface-client-1.5.0-SNAPSHOT.jar:?]
	at org.apache.hadoop.ipc.ProtobufRpcEngine$Server.processCall(ProtobufRpcEngine.java:484) [hadoop-common-3.3.6.jar:?]
	at org.apache.hadoop.ipc.ProtobufRpcEngine2$Server$ProtoBufRpcInvoker.call(ProtobufRpcEngine2.java:595) [hadoop-common-3.3.6.jar:?]
	at org.apache.hadoop.ipc.ProtobufRpcEngine2$Server$ProtoBufRpcInvoker.call(ProtobufRpcEngine2.java:573) [hadoop-common-3.3.6.jar:?]
	at org.apache.hadoop.ipc.RPC$Server.call(RPC.java:1227) [hadoop-common-3.3.6.jar:?]
	at org.apache.hadoop.ipc.Server$RpcCall.run(Server.java:1094) [hadoop-common-3.3.6.jar:?]
	at org.apache.hadoop.ipc.Server$RpcCall.run(Server.java:1017) [hadoop-common-3.3.6.jar:?]
	at java.security.AccessController.doPrivileged(Native Method) ~[?:1.8.0_392]
	at javax.security.auth.Subject.doAs(Subject.java:422) [?:1.8.0_392]
	at org.apache.hadoop.security.UserGroupInformation.doAs(UserGroupInformation.java:1899) [hadoop-common-3.3.6.jar:?]
	at org.apache.hadoop.ipc.Server$Handler.run(Server.java:3048) [hadoop-common-3.3.6.jar:?]
]]></system-out>
  </testcase>
  <testcase name="testSnapshotDeleteFailure(String, String, String, String, int)[3]" classname="org.apache.hadoop.fs.ozone.TestOzoneFsSnapshot" time="0.007"/>
  <testcase name="testSnapshotDeleteFailure(String, String, String, String, int)[4]" classname="org.apache.hadoop.fs.ozone.TestOzoneFsSnapshot" time="0.003"/>
  <testcase name="testFsLsSnapshot(Path)" classname="org.apache.hadoop.fs.ozone.TestOzoneFsSnapshot" time="2.737">
    <system-out><![CDATA[13:22:06.266 [IPC Server handler 1 on default port 15004] ERROR OMAudit - user=runner | ip=127.0.0.1 | op=GET_FILE_STATUS {volume=vol-25690, bucket=buck-75604, key=key-65355, dataSize=0, replicationConfig=null} | ret=FAILURE
org.apache.hadoop.ozone.om.exceptions.OMException: Unable to get file status: volume: vol-25690 bucket: buck-75604 key: key-65355
	at org.apache.hadoop.ozone.om.KeyManagerImpl.getOzoneFileStatusFSO(KeyManagerImpl.java:1351) ~[ozone-manager-1.5.0-SNAPSHOT.jar:?]
	at org.apache.hadoop.ozone.om.KeyManagerImpl.getFileStatus(KeyManagerImpl.java:1135) ~[ozone-manager-1.5.0-SNAPSHOT.jar:?]
	at org.apache.hadoop.ozone.om.OmMetadataReader.getFileStatus(OmMetadataReader.java:279) ~[ozone-manager-1.5.0-SNAPSHOT.jar:?]
	at org.apache.hadoop.ozone.om.OzoneManager.getFileStatus(OzoneManager.java:3634) ~[ozone-manager-1.5.0-SNAPSHOT.jar:?]
	at org.apache.hadoop.ozone.protocolPB.OzoneManagerRequestHandler.getOzoneFileStatus(OzoneManagerRequestHandler.java:1045) ~[ozone-manager-1.5.0-SNAPSHOT.jar:?]
	at org.apache.hadoop.ozone.protocolPB.OzoneManagerRequestHandler.handleReadRequest(OzoneManagerRequestHandler.java:268) ~[ozone-manager-1.5.0-SNAPSHOT.jar:?]
	at org.apache.hadoop.ozone.protocolPB.OzoneManagerProtocolServerSideTranslatorPB.submitReadRequestToOM(OzoneManagerProtocolServerSideTranslatorPB.java:250) ~[ozone-manager-1.5.0-SNAPSHOT.jar:?]
	at org.apache.hadoop.ozone.protocolPB.OzoneManagerProtocolServerSideTranslatorPB.internalProcessRequest(OzoneManagerProtocolServerSideTranslatorPB.java:196) ~[ozone-manager-1.5.0-SNAPSHOT.jar:?]
	at org.apache.hadoop.ozone.protocolPB.OzoneManagerProtocolServerSideTranslatorPB.processRequest(OzoneManagerProtocolServerSideTranslatorPB.java:156) ~[ozone-manager-1.5.0-SNAPSHOT.jar:?]
	at org.apache.hadoop.hdds.server.OzoneProtocolMessageDispatcher.processRequest(OzoneProtocolMessageDispatcher.java:89) [hdds-server-framework-1.5.0-SNAPSHOT.jar:?]
	at org.apache.hadoop.ozone.protocolPB.OzoneManagerProtocolServerSideTranslatorPB.submitRequest(OzoneManagerProtocolServerSideTranslatorPB.java:147) [ozone-manager-1.5.0-SNAPSHOT.jar:?]
	at org.apache.hadoop.ozone.protocol.proto.OzoneManagerProtocolProtos$OzoneManagerService$2.callBlockingMethod(OzoneManagerProtocolProtos.java) [ozone-interface-client-1.5.0-SNAPSHOT.jar:?]
	at org.apache.hadoop.ipc.ProtobufRpcEngine$Server.processCall(ProtobufRpcEngine.java:484) [hadoop-common-3.3.6.jar:?]
	at org.apache.hadoop.ipc.ProtobufRpcEngine2$Server$ProtoBufRpcInvoker.call(ProtobufRpcEngine2.java:595) [hadoop-common-3.3.6.jar:?]
	at org.apache.hadoop.ipc.ProtobufRpcEngine2$Server$ProtoBufRpcInvoker.call(ProtobufRpcEngine2.java:573) [hadoop-common-3.3.6.jar:?]
	at org.apache.hadoop.ipc.RPC$Server.call(RPC.java:1227) [hadoop-common-3.3.6.jar:?]
	at org.apache.hadoop.ipc.Server$RpcCall.run(Server.java:1094) [hadoop-common-3.3.6.jar:?]
	at org.apache.hadoop.ipc.Server$RpcCall.run(Server.java:1017) [hadoop-common-3.3.6.jar:?]
	at java.security.AccessController.doPrivileged(Native Method) ~[?:1.8.0_392]
	at javax.security.auth.Subject.doAs(Subject.java:422) [?:1.8.0_392]
	at org.apache.hadoop.security.UserGroupInformation.doAs(UserGroupInformation.java:1899) [hadoop-common-3.3.6.jar:?]
	at org.apache.hadoop.ipc.Server$Handler.run(Server.java:3048) [hadoop-common-3.3.6.jar:?]
13:22:06.307 [IPC Server handler 5 on default port 15004] ERROR OMAudit - user=runner | ip=127.0.0.1 | op=GET_FILE_STATUS {volume=vol-25690, bucket=buck-75604, key=key-65355._COPYING_, dataSize=0, replicationConfig=null} | ret=FAILURE
org.apache.hadoop.ozone.om.exceptions.OMException: Unable to get file status: volume: vol-25690 bucket: buck-75604 key: key-65355._COPYING_
	at org.apache.hadoop.ozone.om.KeyManagerImpl.getOzoneFileStatusFSO(KeyManagerImpl.java:1351) ~[ozone-manager-1.5.0-SNAPSHOT.jar:?]
	at org.apache.hadoop.ozone.om.KeyManagerImpl.getFileStatus(KeyManagerImpl.java:1135) ~[ozone-manager-1.5.0-SNAPSHOT.jar:?]
	at org.apache.hadoop.ozone.om.OmMetadataReader.getFileStatus(OmMetadataReader.java:279) ~[ozone-manager-1.5.0-SNAPSHOT.jar:?]
	at org.apache.hadoop.ozone.om.OzoneManager.getFileStatus(OzoneManager.java:3634) ~[ozone-manager-1.5.0-SNAPSHOT.jar:?]
	at org.apache.hadoop.ozone.protocolPB.OzoneManagerRequestHandler.getOzoneFileStatus(OzoneManagerRequestHandler.java:1045) ~[ozone-manager-1.5.0-SNAPSHOT.jar:?]
	at org.apache.hadoop.ozone.protocolPB.OzoneManagerRequestHandler.handleReadRequest(OzoneManagerRequestHandler.java:268) ~[ozone-manager-1.5.0-SNAPSHOT.jar:?]
	at org.apache.hadoop.ozone.protocolPB.OzoneManagerProtocolServerSideTranslatorPB.submitReadRequestToOM(OzoneManagerProtocolServerSideTranslatorPB.java:250) ~[ozone-manager-1.5.0-SNAPSHOT.jar:?]
	at org.apache.hadoop.ozone.protocolPB.OzoneManagerProtocolServerSideTranslatorPB.internalProcessRequest(OzoneManagerProtocolServerSideTranslatorPB.java:196) ~[ozone-manager-1.5.0-SNAPSHOT.jar:?]
	at org.apache.hadoop.ozone.protocolPB.OzoneManagerProtocolServerSideTranslatorPB.processRequest(OzoneManagerProtocolServerSideTranslatorPB.java:156) ~[ozone-manager-1.5.0-SNAPSHOT.jar:?]
	at org.apache.hadoop.hdds.server.OzoneProtocolMessageDispatcher.processRequest(OzoneProtocolMessageDispatcher.java:89) [hdds-server-framework-1.5.0-SNAPSHOT.jar:?]
	at org.apache.hadoop.ozone.protocolPB.OzoneManagerProtocolServerSideTranslatorPB.submitRequest(OzoneManagerProtocolServerSideTranslatorPB.java:147) [ozone-manager-1.5.0-SNAPSHOT.jar:?]
	at org.apache.hadoop.ozone.protocol.proto.OzoneManagerProtocolProtos$OzoneManagerService$2.callBlockingMethod(OzoneManagerProtocolProtos.java) [ozone-interface-client-1.5.0-SNAPSHOT.jar:?]
	at org.apache.hadoop.ipc.ProtobufRpcEngine$Server.processCall(ProtobufRpcEngine.java:484) [hadoop-common-3.3.6.jar:?]
	at org.apache.hadoop.ipc.ProtobufRpcEngine2$Server$ProtoBufRpcInvoker.call(ProtobufRpcEngine2.java:595) [hadoop-common-3.3.6.jar:?]
	at org.apache.hadoop.ipc.ProtobufRpcEngine2$Server$ProtoBufRpcInvoker.call(ProtobufRpcEngine2.java:573) [hadoop-common-3.3.6.jar:?]
	at org.apache.hadoop.ipc.RPC$Server.call(RPC.java:1227) [hadoop-common-3.3.6.jar:?]
	at org.apache.hadoop.ipc.Server$RpcCall.run(Server.java:1094) [hadoop-common-3.3.6.jar:?]
	at org.apache.hadoop.ipc.Server$RpcCall.run(Server.java:1017) [hadoop-common-3.3.6.jar:?]
	at java.security.AccessController.doPrivileged(Native Method) ~[?:1.8.0_392]
	at javax.security.auth.Subject.doAs(Subject.java:422) [?:1.8.0_392]
	at org.apache.hadoop.security.UserGroupInformation.doAs(UserGroupInformation.java:1899) [hadoop-common-3.3.6.jar:?]
	at org.apache.hadoop.ipc.Server$Handler.run(Server.java:3048) [hadoop-common-3.3.6.jar:?]
2024-01-24 13:22:06,339 [main] INFO  impl.MetricsSystemImpl (MetricsSystemImpl.java:init(158)) - XceiverClientMetrics metrics system started (again)
2024-01-24 13:22:06,340 [main] INFO  lib.Interns (Interns.java:removeEldestEntry(50)) - Metrics intern cache overflow at 2011 for MetricsSystem={MetricsSystem=MetricsInfoImpl{name=MetricsSystem, description=MetricsSystem}, MetricsSystem record=MetricsInfoImpl{name=MetricsSystem, description=MetricsSystem record}}
2024-01-24 13:22:06,746 [omNode-1-OMStateMachineApplyTransactionThread - 0] WARN  snapshot.OMSnapshotCreateRequest (OMSnapshotCreateRequest.java:estimateBucketDataSize(337)) - DefaultReplicationConfig is not correctly set in OmBucketInfo for volume 'vol-25690' bucket 'buck-75604'. Falling back to config default 'RATIS/THREE'
2024-01-24 13:22:06,746 [omNode-1-OMStateMachineApplyTransactionThread - 0] INFO  snapshot.OMSnapshotCreateRequest (OMSnapshotCreateRequest.java:validateAndUpdateCache(218)) - Created snapshot: 'snap-12247' with snapshotId: 'c8575c56-e63a-4744-9727-38664feb7e6f' under path 'vol-25690/buck-75604'
2024-01-24 13:22:06,748 [main] WARN  server.ServerUtils (ServerUtils.java:getDBPath(311)) - ozone.om.db.dirs is not configured. We recommend adding this setting. Falling back to ozone.metadata.dirs instead.
2024-01-24 13:22:06,771 [omNode-1-OMDoubleBufferFlushThread] INFO  db.RDBCheckpointManager (RDBCheckpointManager.java:createCheckpoint(89)) - Created checkpoint in rocksDB at /home/runner/work/ozone/ozone/hadoop-ozone/integration-test/target/test-dir/MiniOzoneClusterImpl-977364ef-3bcb-48d3-9f9f-52826038909b/omNode-1/db.snapshots/checkpointState/om.db-c8575c56-e63a-4744-9727-38664feb7e6f in 22 milliseconds
2024-01-24 13:22:06,772 [omNode-1-OMDoubleBufferFlushThread] INFO  om.OmSnapshotManager (OmSnapshotManager.java:createOmSnapshotCheckpoint(463)) - Created checkpoint : /home/runner/work/ozone/ozone/hadoop-ozone/integration-test/target/test-dir/MiniOzoneClusterImpl-977364ef-3bcb-48d3-9f9f-52826038909b/omNode-1/db.snapshots/checkpointState/om.db-c8575c56-e63a-4744-9727-38664feb7e6f for snapshot snap-12247
13:22:07.753 [IPC Server handler 11 on default port 15004] ERROR OMAudit - user=runner | ip=127.0.0.1 | op=GET_FILE_STATUS {volume=vol-25690, bucket=buck-75604, key=key-20838, dataSize=0, replicationConfig=null} | ret=FAILURE
org.apache.hadoop.ozone.om.exceptions.OMException: Unable to get file status: volume: vol-25690 bucket: buck-75604 key: key-20838
	at org.apache.hadoop.ozone.om.KeyManagerImpl.getOzoneFileStatusFSO(KeyManagerImpl.java:1351) ~[ozone-manager-1.5.0-SNAPSHOT.jar:?]
	at org.apache.hadoop.ozone.om.KeyManagerImpl.getFileStatus(KeyManagerImpl.java:1135) ~[ozone-manager-1.5.0-SNAPSHOT.jar:?]
	at org.apache.hadoop.ozone.om.OmMetadataReader.getFileStatus(OmMetadataReader.java:279) ~[ozone-manager-1.5.0-SNAPSHOT.jar:?]
	at org.apache.hadoop.ozone.om.OzoneManager.getFileStatus(OzoneManager.java:3634) ~[ozone-manager-1.5.0-SNAPSHOT.jar:?]
	at org.apache.hadoop.ozone.protocolPB.OzoneManagerRequestHandler.getOzoneFileStatus(OzoneManagerRequestHandler.java:1045) ~[ozone-manager-1.5.0-SNAPSHOT.jar:?]
	at org.apache.hadoop.ozone.protocolPB.OzoneManagerRequestHandler.handleReadRequest(OzoneManagerRequestHandler.java:268) ~[ozone-manager-1.5.0-SNAPSHOT.jar:?]
	at org.apache.hadoop.ozone.protocolPB.OzoneManagerProtocolServerSideTranslatorPB.submitReadRequestToOM(OzoneManagerProtocolServerSideTranslatorPB.java:250) ~[ozone-manager-1.5.0-SNAPSHOT.jar:?]
	at org.apache.hadoop.ozone.protocolPB.OzoneManagerProtocolServerSideTranslatorPB.internalProcessRequest(OzoneManagerProtocolServerSideTranslatorPB.java:196) ~[ozone-manager-1.5.0-SNAPSHOT.jar:?]
	at org.apache.hadoop.ozone.protocolPB.OzoneManagerProtocolServerSideTranslatorPB.processRequest(OzoneManagerProtocolServerSideTranslatorPB.java:156) ~[ozone-manager-1.5.0-SNAPSHOT.jar:?]
	at org.apache.hadoop.hdds.server.OzoneProtocolMessageDispatcher.processRequest(OzoneProtocolMessageDispatcher.java:89) [hdds-server-framework-1.5.0-SNAPSHOT.jar:?]
	at org.apache.hadoop.ozone.protocolPB.OzoneManagerProtocolServerSideTranslatorPB.submitRequest(OzoneManagerProtocolServerSideTranslatorPB.java:147) [ozone-manager-1.5.0-SNAPSHOT.jar:?]
	at org.apache.hadoop.ozone.protocol.proto.OzoneManagerProtocolProtos$OzoneManagerService$2.callBlockingMethod(OzoneManagerProtocolProtos.java) [ozone-interface-client-1.5.0-SNAPSHOT.jar:?]
	at org.apache.hadoop.ipc.ProtobufRpcEngine$Server.processCall(ProtobufRpcEngine.java:484) [hadoop-common-3.3.6.jar:?]
	at org.apache.hadoop.ipc.ProtobufRpcEngine2$Server$ProtoBufRpcInvoker.call(ProtobufRpcEngine2.java:595) [hadoop-common-3.3.6.jar:?]
	at org.apache.hadoop.ipc.ProtobufRpcEngine2$Server$ProtoBufRpcInvoker.call(ProtobufRpcEngine2.java:573) [hadoop-common-3.3.6.jar:?]
	at org.apache.hadoop.ipc.RPC$Server.call(RPC.java:1227) [hadoop-common-3.3.6.jar:?]
	at org.apache.hadoop.ipc.Server$RpcCall.run(Server.java:1094) [hadoop-common-3.3.6.jar:?]
	at org.apache.hadoop.ipc.Server$RpcCall.run(Server.java:1017) [hadoop-common-3.3.6.jar:?]
	at java.security.AccessController.doPrivileged(Native Method) ~[?:1.8.0_392]
	at javax.security.auth.Subject.doAs(Subject.java:422) [?:1.8.0_392]
	at org.apache.hadoop.security.UserGroupInformation.doAs(UserGroupInformation.java:1899) [hadoop-common-3.3.6.jar:?]
	at org.apache.hadoop.ipc.Server$Handler.run(Server.java:3048) [hadoop-common-3.3.6.jar:?]
13:22:07.760 [IPC Server handler 1 on default port 15004] ERROR OMAudit - user=runner | ip=127.0.0.1 | op=GET_FILE_STATUS {volume=vol-25690, bucket=buck-75604, key=key-20838._COPYING_, dataSize=0, replicationConfig=null} | ret=FAILURE
org.apache.hadoop.ozone.om.exceptions.OMException: Unable to get file status: volume: vol-25690 bucket: buck-75604 key: key-20838._COPYING_
	at org.apache.hadoop.ozone.om.KeyManagerImpl.getOzoneFileStatusFSO(KeyManagerImpl.java:1351) ~[ozone-manager-1.5.0-SNAPSHOT.jar:?]
	at org.apache.hadoop.ozone.om.KeyManagerImpl.getFileStatus(KeyManagerImpl.java:1135) ~[ozone-manager-1.5.0-SNAPSHOT.jar:?]
	at org.apache.hadoop.ozone.om.OmMetadataReader.getFileStatus(OmMetadataReader.java:279) ~[ozone-manager-1.5.0-SNAPSHOT.jar:?]
	at org.apache.hadoop.ozone.om.OzoneManager.getFileStatus(OzoneManager.java:3634) ~[ozone-manager-1.5.0-SNAPSHOT.jar:?]
	at org.apache.hadoop.ozone.protocolPB.OzoneManagerRequestHandler.getOzoneFileStatus(OzoneManagerRequestHandler.java:1045) ~[ozone-manager-1.5.0-SNAPSHOT.jar:?]
	at org.apache.hadoop.ozone.protocolPB.OzoneManagerRequestHandler.handleReadRequest(OzoneManagerRequestHandler.java:268) ~[ozone-manager-1.5.0-SNAPSHOT.jar:?]
	at org.apache.hadoop.ozone.protocolPB.OzoneManagerProtocolServerSideTranslatorPB.submitReadRequestToOM(OzoneManagerProtocolServerSideTranslatorPB.java:250) ~[ozone-manager-1.5.0-SNAPSHOT.jar:?]
	at org.apache.hadoop.ozone.protocolPB.OzoneManagerProtocolServerSideTranslatorPB.internalProcessRequest(OzoneManagerProtocolServerSideTranslatorPB.java:196) ~[ozone-manager-1.5.0-SNAPSHOT.jar:?]
	at org.apache.hadoop.ozone.protocolPB.OzoneManagerProtocolServerSideTranslatorPB.processRequest(OzoneManagerProtocolServerSideTranslatorPB.java:156) ~[ozone-manager-1.5.0-SNAPSHOT.jar:?]
	at org.apache.hadoop.hdds.server.OzoneProtocolMessageDispatcher.processRequest(OzoneProtocolMessageDispatcher.java:89) [hdds-server-framework-1.5.0-SNAPSHOT.jar:?]
	at org.apache.hadoop.ozone.protocolPB.OzoneManagerProtocolServerSideTranslatorPB.submitRequest(OzoneManagerProtocolServerSideTranslatorPB.java:147) [ozone-manager-1.5.0-SNAPSHOT.jar:?]
	at org.apache.hadoop.ozone.protocol.proto.OzoneManagerProtocolProtos$OzoneManagerService$2.callBlockingMethod(OzoneManagerProtocolProtos.java) [ozone-interface-client-1.5.0-SNAPSHOT.jar:?]
	at org.apache.hadoop.ipc.ProtobufRpcEngine$Server.processCall(ProtobufRpcEngine.java:484) [hadoop-common-3.3.6.jar:?]
	at org.apache.hadoop.ipc.ProtobufRpcEngine2$Server$ProtoBufRpcInvoker.call(ProtobufRpcEngine2.java:595) [hadoop-common-3.3.6.jar:?]
	at org.apache.hadoop.ipc.ProtobufRpcEngine2$Server$ProtoBufRpcInvoker.call(ProtobufRpcEngine2.java:573) [hadoop-common-3.3.6.jar:?]
	at org.apache.hadoop.ipc.RPC$Server.call(RPC.java:1227) [hadoop-common-3.3.6.jar:?]
	at org.apache.hadoop.ipc.Server$RpcCall.run(Server.java:1094) [hadoop-common-3.3.6.jar:?]
	at org.apache.hadoop.ipc.Server$RpcCall.run(Server.java:1017) [hadoop-common-3.3.6.jar:?]
	at java.security.AccessController.doPrivileged(Native Method) ~[?:1.8.0_392]
	at javax.security.auth.Subject.doAs(Subject.java:422) [?:1.8.0_392]
	at org.apache.hadoop.security.UserGroupInformation.doAs(UserGroupInformation.java:1899) [hadoop-common-3.3.6.jar:?]
	at org.apache.hadoop.ipc.Server$Handler.run(Server.java:3048) [hadoop-common-3.3.6.jar:?]
2024-01-24 13:22:07,891 [omNode-1-OMStateMachineApplyTransactionThread - 0] WARN  snapshot.OMSnapshotCreateRequest (OMSnapshotCreateRequest.java:estimateBucketDataSize(337)) - DefaultReplicationConfig is not correctly set in OmBucketInfo for volume 'vol-25690' bucket 'buck-75604'. Falling back to config default 'RATIS/THREE'
2024-01-24 13:22:07,891 [omNode-1-OMStateMachineApplyTransactionThread - 0] INFO  snapshot.OMSnapshotCreateRequest (OMSnapshotCreateRequest.java:validateAndUpdateCache(218)) - Created snapshot: 'snap-19643' with snapshotId: '318ffa03-9ff0-48ad-8d0e-a39c0d103da3' under path 'vol-25690/buck-75604'
2024-01-24 13:22:07,892 [main] WARN  server.ServerUtils (ServerUtils.java:getDBPath(311)) - ozone.om.db.dirs is not configured. We recommend adding this setting. Falling back to ozone.metadata.dirs instead.
2024-01-24 13:22:07,915 [Thread-1082] INFO  rocksdiff.RocksDBCheckpointDiffer (RocksDBCheckpointDiffer.java:shouldSkipCompaction(462)) - Skipped the compaction entry. Compaction input files: [/home/runner/work/ozone/ozone/hadoop-ozone/integration-test/target/test-dir/MiniOzoneClusterImpl-977364ef-3bcb-48d3-9f9f-52826038909b/omNode-1/om.db/000095.sst, /home/runner/work/ozone/ozone/hadoop-ozone/integration-test/target/test-dir/MiniOzoneClusterImpl-977364ef-3bcb-48d3-9f9f-52826038909b/omNode-1/om.db/000088.sst] and output files: [/home/runner/work/ozone/ozone/hadoop-ozone/integration-test/target/test-dir/MiniOzoneClusterImpl-977364ef-3bcb-48d3-9f9f-52826038909b/omNode-1/om.db/000095.sst, /home/runner/work/ozone/ozone/hadoop-ozone/integration-test/target/test-dir/MiniOzoneClusterImpl-977364ef-3bcb-48d3-9f9f-52826038909b/omNode-1/om.db/000088.sst] are same.
2024-01-24 13:22:07,917 [omNode-1-OMDoubleBufferFlushThread] INFO  db.RDBCheckpointManager (RDBCheckpointManager.java:createCheckpoint(89)) - Created checkpoint in rocksDB at /home/runner/work/ozone/ozone/hadoop-ozone/integration-test/target/test-dir/MiniOzoneClusterImpl-977364ef-3bcb-48d3-9f9f-52826038909b/omNode-1/db.snapshots/checkpointState/om.db-318ffa03-9ff0-48ad-8d0e-a39c0d103da3 in 23 milliseconds
2024-01-24 13:22:07,918 [omNode-1-OMDoubleBufferFlushThread] INFO  om.OmSnapshotManager (OmSnapshotManager.java:createOmSnapshotCheckpoint(463)) - Created checkpoint : /home/runner/work/ozone/ozone/hadoop-ozone/integration-test/target/test-dir/MiniOzoneClusterImpl-977364ef-3bcb-48d3-9f9f-52826038909b/omNode-1/db.snapshots/checkpointState/om.db-318ffa03-9ff0-48ad-8d0e-a39c0d103da3 for snapshot snap-19643
2024-01-24 13:22:08,899 [omNode-1-OMStateMachineApplyTransactionThread - 0] INFO  snapshot.OMSnapshotDeleteRequest (OMSnapshotDeleteRequest.java:validateAndUpdateCache(224)) - Deleted snapshot 'snap-12247' under path 'vol-25690/buck-75604'
2024-01-24 13:22:08,927 [IPC Server handler 3 on default port 15004] INFO  snapshot.SnapshotCache (SnapshotCache.java:lambda$1(145)) - Loading snapshot. Table key: /vol-25690/buck-75604/snap-19643
2024-01-24 13:22:08,928 [IPC Server handler 3 on default port 15004] WARN  server.ServerUtils (ServerUtils.java:getDBPath(311)) - ozone.om.db.dirs is not configured. We recommend adding this setting. Falling back to ozone.metadata.dirs instead.
2024-01-24 13:22:08,929 [IPC Server handler 3 on default port 15004] INFO  helpers.OmKeyInfo (OmKeyInfo.java:getCodec(71)) - OmKeyInfo.getCodec ignorePipeline = true
]]></system-out>
  </testcase>
</testsuite>