<?xml version="1.0" encoding="UTF-8"?>
<testsuite xmlns:xsi="http://www.w3.org/2001/XMLSchema-instance" xsi:noNamespaceSchemaLocation="https://maven.apache.org/surefire/maven-surefire-plugin/xsd/surefire-test-report-3.0.xsd" version="3.0" name="org.apache.hadoop.ozone.client.rpc.TestFailureHandlingByClient" time="516.069" tests="5" errors="1" skipped="0" failures="0">
  <properties>
    <property name="java.specification.version" value="17"/>
    <property name="sun.jnu.encoding" value="UTF-8"/>
    <property name="gradle.enterprise.listener.surefire.forkId" value="1"/>
    <property name="java.class.path" value="/home/runner/work/ozone/ozone/hadoop-ozone/integration-test/target/test-classes:/home/runner/work/ozone/ozone/hadoop-ozone/integration-test/target/classes:/home/runner/work/ozone/ozone/hadoop-ozone/common/target/classes:/home/runner/.m2/repository/io/grpc/grpc-netty/1.58.0/grpc-netty-1.58.0.jar:/home/runner/.m2/repository/io/grpc/grpc-core/1.58.0/grpc-core-1.58.0.jar:/home/runner/.m2/repository/com/google/android/annotations/4.1.1.4/annotations-4.1.1.4.jar:/home/runner/.m2/repository/org/codehaus/mojo/animal-sniffer-annotations/1.23/animal-sniffer-annotations-1.23.jar:/home/runner/.m2/repository/io/grpc/grpc-context/1.58.0/grpc-context-1.58.0.jar:/home/runner/.m2/repository/io/grpc/grpc-util/1.58.0/grpc-util-1.58.0.jar:/home/runner/.m2/repository/com/google/errorprone/error_prone_annotations/2.2.0/error_prone_annotations-2.2.0.jar:/home/runner/.m2/repository/io/perfmark/perfmark-api/0.26.0/perfmark-api-0.26.0.jar:/home/runner/.m2/repository/io/netty/netty-codec-http2/4.1.109.Final/netty-codec-http2-4.1.109.Final.jar:/home/runner/.m2/repository/io/netty/netty-common/4.1.109.Final/netty-common-4.1.109.Final.jar:/home/runner/.m2/repository/io/netty/netty-buffer/4.1.109.Final/netty-buffer-4.1.109.Final.jar:/home/runner/.m2/repository/io/netty/netty-codec-http/4.1.109.Final/netty-codec-http-4.1.109.Final.jar:/home/runner/.m2/repository/io/netty/netty-handler-proxy/4.1.109.Final/netty-handler-proxy-4.1.109.Final.jar:/home/runner/.m2/repository/io/netty/netty-codec-socks/4.1.109.Final/netty-codec-socks-4.1.109.Final.jar:/home/runner/.m2/repository/io/netty/netty-tcnative-boringssl-static/2.0.65.Final/netty-tcnative-boringssl-static-2.0.65.Final.jar:/home/runner/.m2/repository/io/netty/netty-tcnative-classes/2.0.65.Final/netty-tcnative-classes-2.0.65.Final.jar:/home/runner/.m2/repository/io/netty/netty-tcnative-boringssl-static/2.0.65.Final/netty-tcnative-boringssl-static-2.0.65.Final-linux-x86_64.jar:/home/runner/.m2/repository/io/netty/netty-tcnative-boringssl-static/2.0.65.Final/netty-tcnative-boringssl-static-2.0.65.Final-linux-aarch_64.jar:/home/runner/.m2/repository/io/netty/netty-tcnative-boringssl-static/2.0.65.Final/netty-tcnative-boringssl-static-2.0.65.Final-osx-x86_64.jar:/home/runner/.m2/repository/io/netty/netty-tcnative-boringssl-static/2.0.65.Final/netty-tcnative-boringssl-static-2.0.65.Final-osx-aarch_64.jar:/home/runner/.m2/repository/io/netty/netty-tcnative-boringssl-static/2.0.65.Final/netty-tcnative-boringssl-static-2.0.65.Final-windows-x86_64.jar:/home/runner/.m2/repository/org/apache/commons/commons-compress/1.26.0/commons-compress-1.26.0.jar:/home/runner/work/ozone/ozone/hadoop-hdds/common/target/classes:/home/runner/work/ozone/ozone/hadoop-hdds/client/target/classes:/home/runner/work/ozone/ozone/hadoop-ozone/interface-client/target/classes:/home/runner/.m2/repository/org/apache/hadoop/hadoop-hdfs-client/3.3.6/hadoop-hdfs-client-3.3.6.jar:/home/runner/.m2/repository/com/squareup/okhttp3/okhttp/4.12.0/okhttp-4.12.0.jar:/home/runner/.m2/repository/com/squareup/okio/okio/3.6.0/okio-3.6.0.jar:/home/runner/.m2/repository/com/squareup/okio/okio-jvm/3.6.0/okio-jvm-3.6.0.jar:/home/runner/.m2/repository/org/jetbrains/kotlin/kotlin-stdlib-jdk8/1.9.22/kotlin-stdlib-jdk8-1.9.22.jar:/home/runner/.m2/repository/org/jetbrains/kotlin/kotlin-stdlib-jdk7/1.9.22/kotlin-stdlib-jdk7-1.9.22.jar:/home/runner/.m2/repository/org/jetbrains/kotlin/kotlin-stdlib-common/1.9.22/kotlin-stdlib-common-1.9.22.jar:/home/runner/work/ozone/ozone/hadoop-hdds/test-utils/target/classes:/home/runner/.m2/repository/org/assertj/assertj-core/3.12.2/assertj-core-3.12.2.jar:/home/runner/.m2/repository/com/google/guava/guava/32.1.3-jre/guava-32.1.3-jre.jar:/home/runner/.m2/repository/com/google/guava/failureaccess/1.0.1/failureaccess-1.0.1.jar:/home/runner/.m2/repository/com/google/guava/listenablefuture/9999.0-empty-to-avoid-conflict-with-guava/listenablefuture-9999.0-empty-to-avoid-conflict-with-guava.jar:/home/runner/.m2/repository/org/checkerframework/checker-qual/3.37.0/checker-qual-3.37.0.jar:/home/runner/.m2/repository/com/google/j2objc/j2objc-annotations/2.8/j2objc-annotations-2.8.jar:/home/runner/.m2/repository/commons-io/commons-io/2.16.1/commons-io-2.16.1.jar:/home/runner/.m2/repository/commons-logging/commons-logging/1.2/commons-logging-1.2.jar:/home/runner/.m2/repository/org/junit/jupiter/junit-jupiter-api/5.10.2/junit-jupiter-api-5.10.2.jar:/home/runner/.m2/repository/org/opentest4j/opentest4j/1.3.0/opentest4j-1.3.0.jar:/home/runner/.m2/repository/org/junit/platform/junit-platform-commons/1.10.2/junit-platform-commons-1.10.2.jar:/home/runner/.m2/repository/ch/qos/reload4j/reload4j/1.2.25/reload4j-1.2.25.jar:/home/runner/.m2/repository/jakarta/annotation/jakarta.annotation-api/2.1.1/jakarta.annotation-api-2.1.1.jar:/home/runner/.m2/repository/org/slf4j/slf4j-api/2.0.12/slf4j-api-2.0.12.jar:/home/runner/.m2/repository/org/apache/logging/log4j/log4j-api/2.17.1/log4j-api-2.17.1.jar:/home/runner/work/ozone/ozone/hadoop-hdds/server-scm/target/classes:/home/runner/.m2/repository/com/google/protobuf/protobuf-java/2.5.0/protobuf-java-2.5.0.jar:/home/runner/work/ozone/ozone/hadoop-hdds/container-service/target/classes:/home/runner/work/ozone/ozone/hadoop-hdds/hadoop-dependency-server/target/classes:/home/runner/.m2/repository/com/nimbusds/nimbus-jose-jwt/9.37.2/nimbus-jose-jwt-9.37.2.jar:/home/runner/.m2/repository/com/github/stephenc/jcip/jcip-annotations/1.0-1/jcip-annotations-1.0-1.jar:/home/runner/.m2/repository/org/apache/hadoop/hadoop-hdfs/3.3.6/hadoop-hdfs-3.3.6.jar:/home/runner/.m2/repository/commons-daemon/commons-daemon/1.3.4/commons-daemon-1.3.4.jar:/home/runner/.m2/repository/org/apache/kerby/kerb-core/1.0.1/kerb-core-1.0.1.jar:/home/runner/.m2/repository/org/apache/kerby/kerby-pkix/1.0.1/kerby-pkix-1.0.1.jar:/home/runner/.m2/repository/org/apache/kerby/kerby-asn1/1.0.1/kerby-asn1-1.0.1.jar:/home/runner/.m2/repository/org/apache/kerby/kerby-util/1.0.1/kerby-util-1.0.1.jar:/home/runner/.m2/repository/org/apache/kerby/kerb-util/1.0.1/kerb-util-1.0.1.jar:/home/runner/.m2/repository/org/apache/kerby/kerby-config/1.0.1/kerby-config-1.0.1.jar:/home/runner/.m2/repository/org/apache/kerby/kerb-crypto/1.0.1/kerb-crypto-1.0.1.jar:/home/runner/.m2/repository/org/xerial/snappy/snappy-java/1.1.10.5/snappy-java-1.1.10.5.jar:/home/runner/work/ozone/ozone/hadoop-hdds/framework/target/classes:/home/runner/.m2/repository/org/bouncycastle/bcprov-jdk18on/1.78.1/bcprov-jdk18on-1.78.1.jar:/home/runner/.m2/repository/io/dropwizard/metrics/metrics-core/3.2.4/metrics-core-3.2.4.jar:/home/runner/.m2/repository/org/apache/commons/commons-text/1.11.0/commons-text-1.11.0.jar:/home/runner/work/ozone/ozone/hadoop-hdds/framework/target/test-classes:/home/runner/work/ozone/ozone/hadoop-hdds/interface-server/target/classes:/home/runner/work/ozone/ozone/hadoop-hdds/interface-admin/target/classes:/home/runner/work/ozone/ozone/hadoop-hdds/managed-rocksdb/target/classes:/home/runner/.m2/repository/org/rocksdb/rocksdbjni/7.7.3/rocksdbjni-7.7.3.jar:/home/runner/.m2/repository/org/slf4j/slf4j-reload4j/2.0.12/slf4j-reload4j-2.0.12.jar:/home/runner/.m2/repository/org/apache/commons/commons-configuration2/2.10.1/commons-configuration2-2.10.1.jar:/home/runner/.m2/repository/commons-fileupload/commons-fileupload/1.5/commons-fileupload-1.5.jar:/home/runner/.m2/repository/org/apache/logging/log4j/log4j-core/2.17.1/log4j-core-2.17.1.jar:/home/runner/.m2/repository/com/lmax/disruptor/3.4.4/disruptor-3.4.4.jar:/home/runner/.m2/repository/org/eclipse/jetty/jetty-util/9.4.54.v20240208/jetty-util-9.4.54.v20240208.jar:/home/runner/.m2/repository/org/eclipse/jetty/jetty-server/9.4.54.v20240208/jetty-server-9.4.54.v20240208.jar:/home/runner/.m2/repository/org/eclipse/jetty/jetty-http/9.4.54.v20240208/jetty-http-9.4.54.v20240208.jar:/home/runner/.m2/repository/org/eclipse/jetty/jetty-io/9.4.54.v20240208/jetty-io-9.4.54.v20240208.jar:/home/runner/.m2/repository/org/eclipse/jetty/jetty-servlet/9.4.54.v20240208/jetty-servlet-9.4.54.v20240208.jar:/home/runner/.m2/repository/org/eclipse/jetty/jetty-security/9.4.54.v20240208/jetty-security-9.4.54.v20240208.jar:/home/runner/.m2/repository/org/eclipse/jetty/jetty-util-ajax/9.4.54.v20240208/jetty-util-ajax-9.4.54.v20240208.jar:/home/runner/.m2/repository/org/eclipse/jetty/jetty-webapp/9.4.54.v20240208/jetty-webapp-9.4.54.v20240208.jar:/home/runner/.m2/repository/org/eclipse/jetty/jetty-xml/9.4.54.v20240208/jetty-xml-9.4.54.v20240208.jar:/home/runner/.m2/repository/org/apache/ratis/ratis-server/3.0.1/ratis-server-3.0.1.jar:/home/runner/.m2/repository/org/apache/ratis/ratis-thirdparty-misc/1.0.5/ratis-thirdparty-misc-1.0.5.jar:/home/runner/.m2/repository/org/apache/ratis/ratis-proto/3.0.1/ratis-proto-3.0.1.jar:/home/runner/.m2/repository/org/apache/ratis/ratis-common/3.0.1/ratis-common-3.0.1.jar:/home/runner/.m2/repository/org/apache/ratis/ratis-client/3.0.1/ratis-client-3.0.1.jar:/home/runner/.m2/repository/org/apache/ratis/ratis-server-api/3.0.1/ratis-server-api-3.0.1.jar:/home/runner/.m2/repository/org/apache/ratis/ratis-metrics-api/3.0.1/ratis-metrics-api-3.0.1.jar:/home/runner/.m2/repository/org/apache/ratis/ratis-metrics-dropwizard3/3.0.1/ratis-metrics-dropwizard3-3.0.1.jar:/home/runner/.m2/repository/io/prometheus/simpleclient_dropwizard/0.16.0/simpleclient_dropwizard-0.16.0.jar:/home/runner/.m2/repository/io/prometheus/simpleclient/0.16.0/simpleclient-0.16.0.jar:/home/runner/.m2/repository/io/prometheus/simpleclient_common/0.16.0/simpleclient_common-0.16.0.jar:/home/runner/.m2/repository/com/fasterxml/jackson/datatype/jackson-datatype-jsr310/2.16.1/jackson-datatype-jsr310-2.16.1.jar:/home/runner/.m2/repository/com/fasterxml/jackson/core/jackson-core/2.16.1/jackson-core-2.16.1.jar:/home/runner/work/ozone/ozone/hadoop-hdds/rocksdb-checkpoint-differ/target/classes:/home/runner/.m2/repository/org/jgrapht/jgrapht-core/1.4.0/jgrapht-core-1.4.0.jar:/home/runner/.m2/repository/org/jheaps/jheaps/0.11/jheaps-0.11.jar:/home/runner/.m2/repository/org/jgrapht/jgrapht-ext/1.4.0/jgrapht-ext-1.4.0.jar:/home/runner/.m2/repository/com/github/vlsi/mxgraph/jgraphx/3.9.8.1/jgraphx-3.9.8.1.jar:/home/runner/work/ozone/ozone/hadoop-ozone/ozone-manager/target/classes:/home/runner/.m2/repository/org/aspectj/aspectjrt/1.9.7/aspectjrt-1.9.7.jar:/home/runner/.m2/repository/org/aspectj/aspectjweaver/1.9.7/aspectjweaver-1.9.7.jar:/home/runner/work/ozone/ozone/hadoop-hdds/interface-client/target/classes:/home/runner/.m2/repository/org/apache/hadoop/thirdparty/hadoop-shaded-protobuf_3_7/1.1.1/hadoop-shaded-protobuf_3_7-1.1.1.jar:/home/runner/work/ozone/ozone/hadoop-ozone/interface-storage/target/classes:/home/runner/.m2/repository/org/reflections/reflections/0.10.2/reflections-0.10.2.jar:/home/runner/.m2/repository/com/sun/jersey/jersey-client/1.19.4/jersey-client-1.19.4.jar:/home/runner/.m2/repository/org/codehaus/jackson/jackson-core-asl/1.9.13/jackson-core-asl-1.9.13.jar:/home/runner/.m2/repository/org/codehaus/jackson/jackson-mapper-asl/1.9.13/jackson-mapper-asl-1.9.13.jar:/home/runner/.m2/repository/org/codehaus/jackson/jackson-jaxrs/1.9.13/jackson-jaxrs-1.9.13.jar:/home/runner/.m2/repository/org/apache/ranger/ranger-intg/2.3.0/ranger-intg-2.3.0.jar:/home/runner/.m2/repository/org/apache/ranger/ranger-plugins-common/2.3.0/ranger-plugins-common-2.3.0.jar:/home/runner/.m2/repository/commons-lang/commons-lang/2.6/commons-lang-2.6.jar:/home/runner/.m2/repository/org/apache/ranger/ranger-plugins-cred/2.3.0/ranger-plugins-cred-2.3.0.jar:/home/runner/.m2/repository/org/apache/ranger/ranger-plugins-audit/2.3.0/ranger-plugins-audit-2.3.0.jar:/home/runner/.m2/repository/org/eclipse/jetty/jetty-client/9.4.54.v20240208/jetty-client-9.4.54.v20240208.jar:/home/runner/.m2/repository/org/apache/httpcomponents/httpmime/4.5.6/httpmime-4.5.6.jar:/home/runner/.m2/repository/org/apache/httpcomponents/httpcore-nio/4.4.16/httpcore-nio-4.4.16.jar:/home/runner/.m2/repository/org/apache/httpcomponents/httpasyncclient/4.1.3/httpasyncclient-4.1.3.jar:/home/runner/.m2/repository/com/carrotsearch/hppc/0.8.0/hppc-0.8.0.jar:/home/runner/.m2/repository/org/apache/orc/orc-core/1.5.8/orc-core-1.5.8.jar:/home/runner/.m2/repository/net/java/dev/jna/jna/5.2.0/jna-5.2.0.jar:/home/runner/.m2/repository/net/java/dev/jna/jna-platform/5.2.0/jna-platform-5.2.0.jar:/home/runner/.m2/repository/com/kstruct/gethostname4j/0.0.2/gethostname4j-0.0.2.jar:/home/runner/.m2/repository/org/apache/ranger/ranger-plugin-classloader/2.3.0/ranger-plugin-classloader-2.3.0.jar:/home/runner/work/ozone/ozone/hadoop-hdds/rocks-native/target/classes:/home/runner/.m2/repository/org/apache/hadoop/hadoop-minikdc/3.3.6/hadoop-minikdc-3.3.6.jar:/home/runner/.m2/repository/org/apache/kerby/kerb-simplekdc/1.0.1/kerb-simplekdc-1.0.1.jar:/home/runner/.m2/repository/org/apache/kerby/kerb-client/1.0.1/kerb-client-1.0.1.jar:/home/runner/.m2/repository/org/apache/kerby/kerb-common/1.0.1/kerb-common-1.0.1.jar:/home/runner/.m2/repository/org/apache/kerby/token-provider/1.0.1/token-provider-1.0.1.jar:/home/runner/.m2/repository/org/apache/kerby/kerb-admin/1.0.1/kerb-admin-1.0.1.jar:/home/runner/.m2/repository/org/apache/kerby/kerb-server/1.0.1/kerb-server-1.0.1.jar:/home/runner/.m2/repository/org/apache/kerby/kerb-identity/1.0.1/kerb-identity-1.0.1.jar:/home/runner/.m2/repository/org/apache/kerby/kerby-xdr/1.0.1/kerby-xdr-1.0.1.jar:/home/runner/.m2/repository/junit/junit/4.13.2/junit-4.13.2.jar:/home/runner/.m2/repository/org/hamcrest/hamcrest-core/1.3/hamcrest-core-1.3.jar:/home/runner/work/ozone/ozone/hadoop-ozone/s3gateway/target/classes:/home/runner/.m2/repository/org/javassist/javassist/3.30.2-GA/javassist-3.30.2-GA.jar:/home/runner/.m2/repository/org/jboss/weld/servlet/weld-servlet-shaded/3.1.9.Final/weld-servlet-shaded-3.1.9.Final.jar:/home/runner/.m2/repository/org/glassfish/jersey/containers/jersey-container-servlet-core/2.42/jersey-container-servlet-core-2.42.jar:/home/runner/.m2/repository/org/glassfish/hk2/external/jakarta.inject/2.6.1/jakarta.inject-2.6.1.jar:/home/runner/.m2/repository/org/glassfish/jersey/core/jersey-common/2.42/jersey-common-2.42.jar:/home/runner/.m2/repository/jakarta/ws/rs/jakarta.ws.rs-api/2.1.6/jakarta.ws.rs-api-2.1.6.jar:/home/runner/.m2/repository/org/glassfish/jersey/ext/cdi/jersey-cdi1x/2.42/jersey-cdi1x-2.42.jar:/home/runner/.m2/repository/org/glassfish/jersey/inject/jersey-hk2/2.42/jersey-hk2-2.42.jar:/home/runner/.m2/repository/org/glassfish/hk2/hk2-locator/2.6.1/hk2-locator-2.6.1.jar:/home/runner/.m2/repository/org/glassfish/jersey/media/jersey-media-jaxb/2.42/jersey-media-jaxb-2.42.jar:/home/runner/.m2/repository/org/glassfish/hk2/osgi-resource-locator/1.0.3/osgi-resource-locator-1.0.3.jar:/home/runner/.m2/repository/org/glassfish/hk2/hk2-api/2.6.1/hk2-api-2.6.1.jar:/home/runner/.m2/repository/org/glassfish/hk2/hk2-utils/2.6.1/hk2-utils-2.6.1.jar:/home/runner/.m2/repository/org/glassfish/hk2/external/aopalliance-repackaged/2.6.1/aopalliance-repackaged-2.6.1.jar:/home/runner/.m2/repository/com/fasterxml/jackson/dataformat/jackson-dataformat-xml/2.16.1/jackson-dataformat-xml-2.16.1.jar:/home/runner/.m2/repository/org/codehaus/woodstox/stax2-api/4.2.2/stax2-api-4.2.2.jar:/home/runner/.m2/repository/com/fasterxml/woodstox/woodstox-core/5.4.0/woodstox-core-5.4.0.jar:/home/runner/.m2/repository/com/fasterxml/jackson/module/jackson-module-jaxb-annotations/2.16.1/jackson-module-jaxb-annotations-2.16.1.jar:/home/runner/.m2/repository/javax/enterprise/cdi-api/2.0/cdi-api-2.0.jar:/home/runner/.m2/repository/javax/el/javax.el-api/3.0.0/javax.el-api-3.0.0.jar:/home/runner/.m2/repository/javax/interceptor/javax.interceptor-api/1.2/javax.interceptor-api-1.2.jar:/home/runner/.m2/repository/javax/inject/javax.inject/1/javax.inject-1.jar:/home/runner/.m2/repository/jakarta/xml/bind/jakarta.xml.bind-api/2.3.3/jakarta.xml.bind-api-2.3.3.jar:/home/runner/.m2/repository/org/glassfish/jaxb/jaxb-runtime/2.3.9/jaxb-runtime-2.3.9.jar:/home/runner/.m2/repository/org/glassfish/jaxb/txw2/2.3.9/txw2-2.3.9.jar:/home/runner/.m2/repository/com/sun/istack/istack-commons-runtime/3.0.12/istack-commons-runtime-3.0.12.jar:/home/runner/.m2/repository/com/sun/activation/jakarta.activation/1.2.2/jakarta.activation-1.2.2.jar:/home/runner/.m2/repository/jakarta/activation/jakarta.activation-api/1.2.2/jakarta.activation-api-1.2.2.jar:/home/runner/.m2/repository/io/grpc/grpc-protobuf/1.58.0/grpc-protobuf-1.58.0.jar:/home/runner/.m2/repository/com/google/api/grpc/proto-google-common-protos/2.22.0/proto-google-common-protos-2.22.0.jar:/home/runner/.m2/repository/io/grpc/grpc-protobuf-lite/1.58.0/grpc-protobuf-lite-1.58.0.jar:/home/runner/.m2/repository/io/grpc/grpc-stub/1.58.0/grpc-stub-1.58.0.jar:/home/runner/.m2/repository/io/netty/netty-transport/4.1.109.Final/netty-transport-4.1.109.Final.jar:/home/runner/.m2/repository/io/netty/netty-resolver/4.1.109.Final/netty-resolver-4.1.109.Final.jar:/home/runner/work/ozone/ozone/hadoop-ozone/csi/target/classes:/home/runner/.m2/repository/com/google/protobuf/protobuf-java-util/3.19.6/protobuf-java-util-3.19.6.jar:/home/runner/.m2/repository/com/google/code/gson/gson/2.10.1/gson-2.10.1.jar:/home/runner/work/ozone/ozone/hadoop-hdds/config/target/classes:/home/runner/.m2/repository/io/netty/netty-transport-native-epoll/4.1.109.Final/netty-transport-native-epoll-4.1.109.Final-linux-x86_64.jar:/home/runner/.m2/repository/io/netty/netty-transport-classes-epoll/4.1.109.Final/netty-transport-classes-epoll-4.1.109.Final.jar:/home/runner/.m2/repository/io/netty/netty-transport-native-unix-common/4.1.109.Final/netty-transport-native-unix-common-4.1.109.Final.jar:/home/runner/work/ozone/ozone/hadoop-ozone/recon/target/classes:/home/runner/work/ozone/ozone/hadoop-ozone/recon-codegen/target/classes:/home/runner/.m2/repository/com/google/inject/guice/6.0.0/guice-6.0.0.jar:/home/runner/.m2/repository/jakarta/inject/jakarta.inject-api/2.0.1/jakarta.inject-api-2.0.1.jar:/home/runner/.m2/repository/aopalliance/aopalliance/1.0/aopalliance-1.0.jar:/home/runner/.m2/repository/com/google/inject/extensions/guice-assistedinject/6.0.0/guice-assistedinject-6.0.0.jar:/home/runner/.m2/repository/com/google/inject/extensions/guice-servlet/6.0.0/guice-servlet-6.0.0.jar:/home/runner/.m2/repository/org/glassfish/jersey/containers/jersey-container-servlet/2.42/jersey-container-servlet-2.42.jar:/home/runner/.m2/repository/org/glassfish/hk2/guice-bridge/2.6.1/guice-bridge-2.6.1.jar:/home/runner/.m2/repository/org/glassfish/jersey/core/jersey-server/2.42/jersey-server-2.42.jar:/home/runner/.m2/repository/org/glassfish/jersey/core/jersey-client/2.42/jersey-client-2.42.jar:/home/runner/.m2/repository/jakarta/validation/jakarta.validation-api/2.0.2/jakarta.validation-api-2.0.2.jar:/home/runner/.m2/repository/org/glassfish/jersey/media/jersey-media-json-jackson/2.42/jersey-media-json-jackson-2.42.jar:/home/runner/.m2/repository/org/glassfish/jersey/ext/jersey-entity-filtering/2.42/jersey-entity-filtering-2.42.jar:/home/runner/.m2/repository/org/jooq/jooq/3.11.10/jooq-3.11.10.jar:/home/runner/.m2/repository/org/jooq/jooq-meta/3.11.10/jooq-meta-3.11.10.jar:/home/runner/.m2/repository/org/jooq/jooq-codegen/3.11.10/jooq-codegen-3.11.10.jar:/home/runner/.m2/repository/com/jolbox/bonecp/0.8.0.RELEASE/bonecp-0.8.0.RELEASE.jar:/home/runner/.m2/repository/org/apache/derby/derby/10.14.2.0/derby-10.14.2.0.jar:/home/runner/.m2/repository/org/xerial/sqlite-jdbc/3.44.1.0/sqlite-jdbc-3.44.1.0.jar:/home/runner/.m2/repository/org/springframework/spring-jdbc/5.3.34/spring-jdbc-5.3.34.jar:/home/runner/.m2/repository/org/springframework/spring-beans/5.3.34/spring-beans-5.3.34.jar:/home/runner/.m2/repository/org/springframework/spring-core/5.3.34/spring-core-5.3.34.jar:/home/runner/.m2/repository/org/springframework/spring-tx/5.3.34/spring-tx-5.3.34.jar:/home/runner/work/ozone/ozone/hadoop-ozone/client/target/classes:/home/runner/work/ozone/ozone/hadoop-hdds/erasurecode/target/classes:/home/runner/work/ozone/ozone/hadoop-ozone/ozonefs/target/classes:/home/runner/work/ozone/ozone/hadoop-ozone/ozonefs-common/target/classes:/home/runner/work/ozone/ozone/hadoop-ozone/tools/target/classes:/home/runner/.m2/repository/com/amazonaws/aws-java-sdk-core/1.12.661/aws-java-sdk-core-1.12.661.jar:/home/runner/.m2/repository/org/apache/httpcomponents/httpclient/4.5.14/httpclient-4.5.14.jar:/home/runner/.m2/repository/org/apache/httpcomponents/httpcore/4.4.16/httpcore-4.4.16.jar:/home/runner/.m2/repository/com/fasterxml/jackson/dataformat/jackson-dataformat-cbor/2.16.1/jackson-dataformat-cbor-2.16.1.jar:/home/runner/.m2/repository/joda-time/joda-time/2.12.7/joda-time-2.12.7.jar:/home/runner/.m2/repository/com/amazonaws/aws-java-sdk-s3/1.12.661/aws-java-sdk-s3-1.12.661.jar:/home/runner/.m2/repository/com/amazonaws/aws-java-sdk-kms/1.12.661/aws-java-sdk-kms-1.12.661.jar:/home/runner/.m2/repository/com/amazonaws/jmespath-java/1.12.661/jmespath-java-1.12.661.jar:/home/runner/.m2/repository/org/kohsuke/metainf-services/metainf-services/1.11/metainf-services-1.11.jar:/home/runner/work/ozone/ozone/hadoop-hdds/tools/target/classes:/home/runner/.m2/repository/org/apache/ratis/ratis-tools/3.0.1/ratis-tools-3.0.1.jar:/home/runner/.m2/repository/commons-cli/commons-cli/1.6.0/commons-cli-1.6.0.jar:/home/runner/.m2/repository/org/apache/commons/commons-lang3/3.14.0/commons-lang3-3.14.0.jar:/home/runner/work/ozone/ozone/hadoop-ozone/ozone-manager/target/test-classes:/home/runner/work/ozone/ozone/hadoop-hdds/common/target/test-classes:/home/runner/work/ozone/ozone/hadoop-hdds/hadoop-dependency-client/target/classes:/home/runner/.m2/repository/info/picocli/picocli/4.7.5/picocli-4.7.5.jar:/home/runner/.m2/repository/com/fasterxml/jackson/core/jackson-annotations/2.16.1/jackson-annotations-2.16.1.jar:/home/runner/work/ozone/ozone/hadoop-hdds/annotations/target/classes:/home/runner/.m2/repository/javax/annotation/javax.annotation-api/1.3.2/javax.annotation-api-1.3.2.jar:/home/runner/.m2/repository/org/apache/ratis/ratis-netty/3.0.1/ratis-netty-3.0.1.jar:/home/runner/.m2/repository/org/apache/ratis/ratis-grpc/3.0.1/ratis-grpc-3.0.1.jar:/home/runner/.m2/repository/org/bouncycastle/bcpkix-jdk18on/1.78.1/bcpkix-jdk18on-1.78.1.jar:/home/runner/.m2/repository/org/bouncycastle/bcutil-jdk18on/1.78.1/bcutil-jdk18on-1.78.1.jar:/home/runner/.m2/repository/commons-validator/commons-validator/1.6/commons-validator-1.6.jar:/home/runner/.m2/repository/commons-beanutils/commons-beanutils/1.9.4/commons-beanutils-1.9.4.jar:/home/runner/.m2/repository/commons-digester/commons-digester/1.8.1/commons-digester-1.8.1.jar:/home/runner/.m2/repository/commons-collections/commons-collections/3.2.2/commons-collections-3.2.2.jar:/home/runner/.m2/repository/io/jaegertracing/jaeger-client/1.8.1/jaeger-client-1.8.1.jar:/home/runner/.m2/repository/io/jaegertracing/jaeger-thrift/1.8.1/jaeger-thrift-1.8.1.jar:/home/runner/.m2/repository/org/apache/thrift/libthrift/0.15.0/libthrift-0.15.0.jar:/home/runner/.m2/repository/io/jaegertracing/jaeger-core/1.8.1/jaeger-core-1.8.1.jar:/home/runner/.m2/repository/io/jaegertracing/jaeger-tracerresolver/1.8.1/jaeger-tracerresolver-1.8.1.jar:/home/runner/.m2/repository/io/opentracing/contrib/opentracing-tracerresolver/0.1.8/opentracing-tracerresolver-0.1.8.jar:/home/runner/.m2/repository/org/jetbrains/kotlin/kotlin-stdlib/1.9.22/kotlin-stdlib-1.9.22.jar:/home/runner/.m2/repository/org/jetbrains/annotations/13.0/annotations-13.0.jar:/home/runner/.m2/repository/io/opentracing/opentracing-util/0.33.0/opentracing-util-0.33.0.jar:/home/runner/.m2/repository/io/opentracing/opentracing-api/0.33.0/opentracing-api-0.33.0.jar:/home/runner/.m2/repository/io/opentracing/opentracing-noop/0.33.0/opentracing-noop-0.33.0.jar:/home/runner/.m2/repository/org/yaml/snakeyaml/2.0/snakeyaml-2.0.jar:/home/runner/.m2/repository/io/grpc/grpc-api/1.58.0/grpc-api-1.58.0.jar:/home/runner/.m2/repository/org/junit/platform/junit-platform-launcher/1.10.2/junit-platform-launcher-1.10.2.jar:/home/runner/.m2/repository/org/junit/platform/junit-platform-engine/1.10.2/junit-platform-engine-1.10.2.jar:/home/runner/.m2/repository/org/apiguardian/apiguardian-api/1.1.2/apiguardian-api-1.1.2.jar:/home/runner/.m2/repository/org/apache/hadoop/hadoop-kms/3.3.6/hadoop-kms-3.3.6.jar:/home/runner/.m2/repository/org/apache/hadoop/hadoop-auth/3.3.6/hadoop-auth-3.3.6.jar:/home/runner/.m2/repository/org/apache/zookeeper/zookeeper/3.8.4/zookeeper-3.8.4.jar:/home/runner/.m2/repository/org/apache/zookeeper/zookeeper-jute/3.8.4/zookeeper-jute-3.8.4.jar:/home/runner/.m2/repository/org/apache/yetus/audience-annotations/0.12.0/audience-annotations-0.12.0.jar:/home/runner/.m2/repository/org/apache/curator/curator-framework/4.2.0/curator-framework-4.2.0.jar:/home/runner/.m2/repository/org/apache/hadoop/thirdparty/hadoop-shaded-guava/1.2.0/hadoop-shaded-guava-1.2.0.jar:/home/runner/.m2/repository/com/sun/jersey/jersey-core/1.19.4/jersey-core-1.19.4.jar:/home/runner/.m2/repository/javax/ws/rs/jsr311-api/1.1.1/jsr311-api-1.1.1.jar:/home/runner/.m2/repository/com/sun/jersey/jersey-server/1.19.4/jersey-server-1.19.4.jar:/home/runner/.m2/repository/javax/servlet/javax.servlet-api/3.1.0/javax.servlet-api-3.1.0.jar:/home/runner/.m2/repository/org/apache/hadoop/hadoop-common/3.3.6/hadoop-common-3.3.6.jar:/home/runner/.m2/repository/org/apache/commons/commons-math3/3.6.1/commons-math3-3.6.1.jar:/home/runner/.m2/repository/commons-net/commons-net/3.10.0/commons-net-3.10.0.jar:/home/runner/.m2/repository/com/sun/jersey/jersey-servlet/1.19.4/jersey-servlet-1.19.4.jar:/home/runner/.m2/repository/com/github/pjfanning/jersey-json/1.20/jersey-json-1.20.jar:/home/runner/.m2/repository/org/codehaus/jettison/jettison/1.1/jettison-1.1.jar:/home/runner/.m2/repository/com/sun/xml/bind/jaxb-impl/2.2.3-1/jaxb-impl-2.2.3-1.jar:/home/runner/.m2/repository/com/google/re2j/re2j/1.7/re2j-1.7.jar:/home/runner/.m2/repository/com/jcraft/jsch/0.1.55/jsch-0.1.55.jar:/home/runner/.m2/repository/org/apache/curator/curator-client/4.2.0/curator-client-4.2.0.jar:/home/runner/.m2/repository/org/apache/curator/curator-recipes/5.2.0/curator-recipes-5.2.0.jar:/home/runner/.m2/repository/com/google/code/findbugs/jsr305/3.0.2/jsr305-3.0.2.jar:/home/runner/.m2/repository/dnsjava/dnsjava/2.1.9/dnsjava-2.1.9.jar:/home/runner/.m2/repository/com/fasterxml/jackson/core/jackson-databind/2.16.1/jackson-databind-2.16.1.jar:/home/runner/.m2/repository/org/apache/hadoop/hadoop-kms/3.3.6/hadoop-kms-3.3.6-tests.jar:/home/runner/work/ozone/ozone/hadoop-hdds/server-scm/target/test-classes:/home/runner/work/ozone/ozone/hadoop-hdds/container-service/target/test-classes:/home/runner/.m2/repository/com/github/luben/zstd-jni/1.5.6-2/zstd-jni-1.5.6-2.jar:/home/runner/.m2/repository/commons-codec/commons-codec/1.15/commons-codec-1.15.jar:/home/runner/.m2/repository/io/netty/netty-codec/4.1.109.Final/netty-codec-4.1.109.Final.jar:/home/runner/.m2/repository/io/netty/netty-handler/4.1.109.Final/netty-handler-4.1.109.Final.jar:/home/runner/work/ozone/ozone/hadoop-hdds/hadoop-dependency-test/target/classes:/home/runner/.m2/repository/org/apache/hadoop/hadoop-common/3.3.6/hadoop-common-3.3.6-tests.jar:/home/runner/.m2/repository/org/apache/hadoop/hadoop-hdfs/3.3.6/hadoop-hdfs-3.3.6-tests.jar:/home/runner/.m2/repository/org/junit/jupiter/junit-jupiter-engine/5.10.2/junit-jupiter-engine-5.10.2.jar:/home/runner/.m2/repository/org/junit/jupiter/junit-jupiter-params/5.10.2/junit-jupiter-params-5.10.2.jar:/home/runner/.m2/repository/org/mockito/mockito-core/4.11.0/mockito-core-4.11.0.jar:/home/runner/.m2/repository/net/bytebuddy/byte-buddy/1.12.19/byte-buddy-1.12.19.jar:/home/runner/.m2/repository/net/bytebuddy/byte-buddy-agent/1.12.19/byte-buddy-agent-1.12.19.jar:/home/runner/.m2/repository/org/objenesis/objenesis/3.3/objenesis-3.3.jar:/home/runner/.m2/repository/org/mockito/mockito-inline/4.11.0/mockito-inline-4.11.0.jar:/home/runner/.m2/repository/org/mockito/mockito-junit-jupiter/4.11.0/mockito-junit-jupiter-4.11.0.jar:/home/runner/.m2/repository/org/apache/hadoop/hadoop-distcp/3.3.6/hadoop-distcp-3.3.6.jar:/home/runner/.m2/repository/org/apache/hadoop/hadoop-mapreduce-client-jobclient/3.3.6/hadoop-mapreduce-client-jobclient-3.3.6.jar:/home/runner/.m2/repository/org/apache/hadoop/hadoop-mapreduce-client-common/3.3.6/hadoop-mapreduce-client-common-3.3.6.jar:/home/runner/.m2/repository/org/apache/hadoop/hadoop-yarn-common/3.3.6/hadoop-yarn-common-3.3.6.jar:/home/runner/.m2/repository/org/apache/hadoop/hadoop-yarn-api/3.3.6/hadoop-yarn-api-3.3.6.jar:/home/runner/.m2/repository/javax/xml/bind/jaxb-api/2.2.11/jaxb-api-2.2.11.jar:/home/runner/.m2/repository/com/sun/jersey/contribs/jersey-guice/1.19.4/jersey-guice-1.19.4.jar:/home/runner/.m2/repository/com/fasterxml/jackson/jaxrs/jackson-jaxrs-json-provider/2.16.1/jackson-jaxrs-json-provider-2.16.1.jar:/home/runner/.m2/repository/com/fasterxml/jackson/jaxrs/jackson-jaxrs-base/2.16.1/jackson-jaxrs-base-2.16.1.jar:/home/runner/.m2/repository/org/apache/hadoop/hadoop-yarn-client/3.3.6/hadoop-yarn-client-3.3.6.jar:/home/runner/.m2/repository/org/eclipse/jetty/websocket/websocket-client/9.4.51.v20230217/websocket-client-9.4.51.v20230217.jar:/home/runner/.m2/repository/org/eclipse/jetty/websocket/websocket-common/9.4.51.v20230217/websocket-common-9.4.51.v20230217.jar:/home/runner/.m2/repository/org/eclipse/jetty/websocket/websocket-api/9.4.51.v20230217/websocket-api-9.4.51.v20230217.jar:/home/runner/.m2/repository/org/jline/jline/3.9.0/jline-3.9.0.jar:/home/runner/.m2/repository/org/apache/hadoop/hadoop-mapreduce-client-core/3.3.6/hadoop-mapreduce-client-core-3.3.6.jar:/home/runner/.m2/repository/org/apache/avro/avro/1.7.7/avro-1.7.7.jar:/home/runner/.m2/repository/com/thoughtworks/paranamer/paranamer/2.3/paranamer-2.3.jar:/home/runner/.m2/repository/org/apache/hadoop/hadoop-annotations/3.3.6/hadoop-annotations-3.3.6.jar:/home/runner/.m2/repository/io/netty/netty/3.10.6.Final/netty-3.10.6.Final.jar:/home/runner/.m2/repository/org/apache/hadoop/hadoop-distcp/3.3.6/hadoop-distcp-3.3.6-tests.jar:/home/runner/.m2/repository/org/hamcrest/hamcrest/2.2/hamcrest-2.2.jar:/home/runner/.m2/repository/org/slf4j/jul-to-slf4j/2.0.12/jul-to-slf4j-2.0.12.jar:/home/runner/work/ozone/ozone/hadoop-ozone/integration-test/target/gradle-enterprise/test-listeners.jar:"/>
    <property name="java.vm.vendor" value="Eclipse Adoptium"/>
    <property name="sun.arch.data.model" value="64"/>
    <property name="test.build.dir" value="/home/runner/work/ozone/ozone/hadoop-ozone/integration-test/target/test-dir"/>
    <property name="test.cache.data" value=""/>
    <property name="java.vendor.url" value="https://adoptium.net/"/>
    <property name="user.timezone" value="Etc/UTC"/>
    <property name="maven-surefire-plugin.argLineAccessArgs" value=" --add-opens java.management/com.sun.jmx.mbeanserver=ALL-UNNAMED --add-exports java.management/com.sun.jmx.mbeanserver=ALL-UNNAMED --add-opens java.base/java.nio=ALL-UNNAMED --add-opens java.base/java.lang=ALL-UNNAMED --add-opens java.base/java.lang.reflect=ALL-UNNAMED"/>
    <property name="os.name" value="Linux"/>
    <property name="java.vm.specification.version" value="17"/>
    <property name="test.build.data" value="/home/runner/work/ozone/ozone/hadoop-ozone/integration-test/target/test-dir"/>
    <property name="sun.java.launcher" value="SUN_STANDARD"/>
    <property name="sun.boot.library.path" value="/usr/lib/jvm/temurin-17-jdk-amd64/lib"/>
    <property name="sun.java.command" value="/home/runner/work/ozone/ozone/hadoop-ozone/integration-test/target/surefire/surefirebooter17746471398939426501.jar /home/runner/work/ozone/ozone/hadoop-ozone/integration-test/target/surefire 2024-05-12T17-33-21_489-jvmRun1 surefire11172280089827171980tmp surefire_1316524335543352848622tmp"/>
    <property name="jdk.debug" value="release"/>
    <property name="native.lib.tmp.dir" value="/tmp"/>
    <property name="surefire.test.class.path" value="/home/runner/work/ozone/ozone/hadoop-ozone/integration-test/target/test-classes:/home/runner/work/ozone/ozone/hadoop-ozone/integration-test/target/classes:/home/runner/work/ozone/ozone/hadoop-ozone/common/target/classes:/home/runner/.m2/repository/io/grpc/grpc-netty/1.58.0/grpc-netty-1.58.0.jar:/home/runner/.m2/repository/io/grpc/grpc-core/1.58.0/grpc-core-1.58.0.jar:/home/runner/.m2/repository/com/google/android/annotations/4.1.1.4/annotations-4.1.1.4.jar:/home/runner/.m2/repository/org/codehaus/mojo/animal-sniffer-annotations/1.23/animal-sniffer-annotations-1.23.jar:/home/runner/.m2/repository/io/grpc/grpc-context/1.58.0/grpc-context-1.58.0.jar:/home/runner/.m2/repository/io/grpc/grpc-util/1.58.0/grpc-util-1.58.0.jar:/home/runner/.m2/repository/com/google/errorprone/error_prone_annotations/2.2.0/error_prone_annotations-2.2.0.jar:/home/runner/.m2/repository/io/perfmark/perfmark-api/0.26.0/perfmark-api-0.26.0.jar:/home/runner/.m2/repository/io/netty/netty-codec-http2/4.1.109.Final/netty-codec-http2-4.1.109.Final.jar:/home/runner/.m2/repository/io/netty/netty-common/4.1.109.Final/netty-common-4.1.109.Final.jar:/home/runner/.m2/repository/io/netty/netty-buffer/4.1.109.Final/netty-buffer-4.1.109.Final.jar:/home/runner/.m2/repository/io/netty/netty-codec-http/4.1.109.Final/netty-codec-http-4.1.109.Final.jar:/home/runner/.m2/repository/io/netty/netty-handler-proxy/4.1.109.Final/netty-handler-proxy-4.1.109.Final.jar:/home/runner/.m2/repository/io/netty/netty-codec-socks/4.1.109.Final/netty-codec-socks-4.1.109.Final.jar:/home/runner/.m2/repository/io/netty/netty-tcnative-boringssl-static/2.0.65.Final/netty-tcnative-boringssl-static-2.0.65.Final.jar:/home/runner/.m2/repository/io/netty/netty-tcnative-classes/2.0.65.Final/netty-tcnative-classes-2.0.65.Final.jar:/home/runner/.m2/repository/io/netty/netty-tcnative-boringssl-static/2.0.65.Final/netty-tcnative-boringssl-static-2.0.65.Final-linux-x86_64.jar:/home/runner/.m2/repository/io/netty/netty-tcnative-boringssl-static/2.0.65.Final/netty-tcnative-boringssl-static-2.0.65.Final-linux-aarch_64.jar:/home/runner/.m2/repository/io/netty/netty-tcnative-boringssl-static/2.0.65.Final/netty-tcnative-boringssl-static-2.0.65.Final-osx-x86_64.jar:/home/runner/.m2/repository/io/netty/netty-tcnative-boringssl-static/2.0.65.Final/netty-tcnative-boringssl-static-2.0.65.Final-osx-aarch_64.jar:/home/runner/.m2/repository/io/netty/netty-tcnative-boringssl-static/2.0.65.Final/netty-tcnative-boringssl-static-2.0.65.Final-windows-x86_64.jar:/home/runner/.m2/repository/org/apache/commons/commons-compress/1.26.0/commons-compress-1.26.0.jar:/home/runner/work/ozone/ozone/hadoop-hdds/common/target/classes:/home/runner/work/ozone/ozone/hadoop-hdds/client/target/classes:/home/runner/work/ozone/ozone/hadoop-ozone/interface-client/target/classes:/home/runner/.m2/repository/org/apache/hadoop/hadoop-hdfs-client/3.3.6/hadoop-hdfs-client-3.3.6.jar:/home/runner/.m2/repository/com/squareup/okhttp3/okhttp/4.12.0/okhttp-4.12.0.jar:/home/runner/.m2/repository/com/squareup/okio/okio/3.6.0/okio-3.6.0.jar:/home/runner/.m2/repository/com/squareup/okio/okio-jvm/3.6.0/okio-jvm-3.6.0.jar:/home/runner/.m2/repository/org/jetbrains/kotlin/kotlin-stdlib-jdk8/1.9.22/kotlin-stdlib-jdk8-1.9.22.jar:/home/runner/.m2/repository/org/jetbrains/kotlin/kotlin-stdlib-jdk7/1.9.22/kotlin-stdlib-jdk7-1.9.22.jar:/home/runner/.m2/repository/org/jetbrains/kotlin/kotlin-stdlib-common/1.9.22/kotlin-stdlib-common-1.9.22.jar:/home/runner/work/ozone/ozone/hadoop-hdds/test-utils/target/classes:/home/runner/.m2/repository/org/assertj/assertj-core/3.12.2/assertj-core-3.12.2.jar:/home/runner/.m2/repository/com/google/guava/guava/32.1.3-jre/guava-32.1.3-jre.jar:/home/runner/.m2/repository/com/google/guava/failureaccess/1.0.1/failureaccess-1.0.1.jar:/home/runner/.m2/repository/com/google/guava/listenablefuture/9999.0-empty-to-avoid-conflict-with-guava/listenablefuture-9999.0-empty-to-avoid-conflict-with-guava.jar:/home/runner/.m2/repository/org/checkerframework/checker-qual/3.37.0/checker-qual-3.37.0.jar:/home/runner/.m2/repository/com/google/j2objc/j2objc-annotations/2.8/j2objc-annotations-2.8.jar:/home/runner/.m2/repository/commons-io/commons-io/2.16.1/commons-io-2.16.1.jar:/home/runner/.m2/repository/commons-logging/commons-logging/1.2/commons-logging-1.2.jar:/home/runner/.m2/repository/org/junit/jupiter/junit-jupiter-api/5.10.2/junit-jupiter-api-5.10.2.jar:/home/runner/.m2/repository/org/opentest4j/opentest4j/1.3.0/opentest4j-1.3.0.jar:/home/runner/.m2/repository/org/junit/platform/junit-platform-commons/1.10.2/junit-platform-commons-1.10.2.jar:/home/runner/.m2/repository/ch/qos/reload4j/reload4j/1.2.25/reload4j-1.2.25.jar:/home/runner/.m2/repository/jakarta/annotation/jakarta.annotation-api/2.1.1/jakarta.annotation-api-2.1.1.jar:/home/runner/.m2/repository/org/slf4j/slf4j-api/2.0.12/slf4j-api-2.0.12.jar:/home/runner/.m2/repository/org/apache/logging/log4j/log4j-api/2.17.1/log4j-api-2.17.1.jar:/home/runner/work/ozone/ozone/hadoop-hdds/server-scm/target/classes:/home/runner/.m2/repository/com/google/protobuf/protobuf-java/2.5.0/protobuf-java-2.5.0.jar:/home/runner/work/ozone/ozone/hadoop-hdds/container-service/target/classes:/home/runner/work/ozone/ozone/hadoop-hdds/hadoop-dependency-server/target/classes:/home/runner/.m2/repository/com/nimbusds/nimbus-jose-jwt/9.37.2/nimbus-jose-jwt-9.37.2.jar:/home/runner/.m2/repository/com/github/stephenc/jcip/jcip-annotations/1.0-1/jcip-annotations-1.0-1.jar:/home/runner/.m2/repository/org/apache/hadoop/hadoop-hdfs/3.3.6/hadoop-hdfs-3.3.6.jar:/home/runner/.m2/repository/commons-daemon/commons-daemon/1.3.4/commons-daemon-1.3.4.jar:/home/runner/.m2/repository/org/apache/kerby/kerb-core/1.0.1/kerb-core-1.0.1.jar:/home/runner/.m2/repository/org/apache/kerby/kerby-pkix/1.0.1/kerby-pkix-1.0.1.jar:/home/runner/.m2/repository/org/apache/kerby/kerby-asn1/1.0.1/kerby-asn1-1.0.1.jar:/home/runner/.m2/repository/org/apache/kerby/kerby-util/1.0.1/kerby-util-1.0.1.jar:/home/runner/.m2/repository/org/apache/kerby/kerb-util/1.0.1/kerb-util-1.0.1.jar:/home/runner/.m2/repository/org/apache/kerby/kerby-config/1.0.1/kerby-config-1.0.1.jar:/home/runner/.m2/repository/org/apache/kerby/kerb-crypto/1.0.1/kerb-crypto-1.0.1.jar:/home/runner/.m2/repository/org/xerial/snappy/snappy-java/1.1.10.5/snappy-java-1.1.10.5.jar:/home/runner/work/ozone/ozone/hadoop-hdds/framework/target/classes:/home/runner/.m2/repository/org/bouncycastle/bcprov-jdk18on/1.78.1/bcprov-jdk18on-1.78.1.jar:/home/runner/.m2/repository/io/dropwizard/metrics/metrics-core/3.2.4/metrics-core-3.2.4.jar:/home/runner/.m2/repository/org/apache/commons/commons-text/1.11.0/commons-text-1.11.0.jar:/home/runner/work/ozone/ozone/hadoop-hdds/framework/target/test-classes:/home/runner/work/ozone/ozone/hadoop-hdds/interface-server/target/classes:/home/runner/work/ozone/ozone/hadoop-hdds/interface-admin/target/classes:/home/runner/work/ozone/ozone/hadoop-hdds/managed-rocksdb/target/classes:/home/runner/.m2/repository/org/rocksdb/rocksdbjni/7.7.3/rocksdbjni-7.7.3.jar:/home/runner/.m2/repository/org/slf4j/slf4j-reload4j/2.0.12/slf4j-reload4j-2.0.12.jar:/home/runner/.m2/repository/org/apache/commons/commons-configuration2/2.10.1/commons-configuration2-2.10.1.jar:/home/runner/.m2/repository/commons-fileupload/commons-fileupload/1.5/commons-fileupload-1.5.jar:/home/runner/.m2/repository/org/apache/logging/log4j/log4j-core/2.17.1/log4j-core-2.17.1.jar:/home/runner/.m2/repository/com/lmax/disruptor/3.4.4/disruptor-3.4.4.jar:/home/runner/.m2/repository/org/eclipse/jetty/jetty-util/9.4.54.v20240208/jetty-util-9.4.54.v20240208.jar:/home/runner/.m2/repository/org/eclipse/jetty/jetty-server/9.4.54.v20240208/jetty-server-9.4.54.v20240208.jar:/home/runner/.m2/repository/org/eclipse/jetty/jetty-http/9.4.54.v20240208/jetty-http-9.4.54.v20240208.jar:/home/runner/.m2/repository/org/eclipse/jetty/jetty-io/9.4.54.v20240208/jetty-io-9.4.54.v20240208.jar:/home/runner/.m2/repository/org/eclipse/jetty/jetty-servlet/9.4.54.v20240208/jetty-servlet-9.4.54.v20240208.jar:/home/runner/.m2/repository/org/eclipse/jetty/jetty-security/9.4.54.v20240208/jetty-security-9.4.54.v20240208.jar:/home/runner/.m2/repository/org/eclipse/jetty/jetty-util-ajax/9.4.54.v20240208/jetty-util-ajax-9.4.54.v20240208.jar:/home/runner/.m2/repository/org/eclipse/jetty/jetty-webapp/9.4.54.v20240208/jetty-webapp-9.4.54.v20240208.jar:/home/runner/.m2/repository/org/eclipse/jetty/jetty-xml/9.4.54.v20240208/jetty-xml-9.4.54.v20240208.jar:/home/runner/.m2/repository/org/apache/ratis/ratis-server/3.0.1/ratis-server-3.0.1.jar:/home/runner/.m2/repository/org/apache/ratis/ratis-thirdparty-misc/1.0.5/ratis-thirdparty-misc-1.0.5.jar:/home/runner/.m2/repository/org/apache/ratis/ratis-proto/3.0.1/ratis-proto-3.0.1.jar:/home/runner/.m2/repository/org/apache/ratis/ratis-common/3.0.1/ratis-common-3.0.1.jar:/home/runner/.m2/repository/org/apache/ratis/ratis-client/3.0.1/ratis-client-3.0.1.jar:/home/runner/.m2/repository/org/apache/ratis/ratis-server-api/3.0.1/ratis-server-api-3.0.1.jar:/home/runner/.m2/repository/org/apache/ratis/ratis-metrics-api/3.0.1/ratis-metrics-api-3.0.1.jar:/home/runner/.m2/repository/org/apache/ratis/ratis-metrics-dropwizard3/3.0.1/ratis-metrics-dropwizard3-3.0.1.jar:/home/runner/.m2/repository/io/prometheus/simpleclient_dropwizard/0.16.0/simpleclient_dropwizard-0.16.0.jar:/home/runner/.m2/repository/io/prometheus/simpleclient/0.16.0/simpleclient-0.16.0.jar:/home/runner/.m2/repository/io/prometheus/simpleclient_common/0.16.0/simpleclient_common-0.16.0.jar:/home/runner/.m2/repository/com/fasterxml/jackson/datatype/jackson-datatype-jsr310/2.16.1/jackson-datatype-jsr310-2.16.1.jar:/home/runner/.m2/repository/com/fasterxml/jackson/core/jackson-core/2.16.1/jackson-core-2.16.1.jar:/home/runner/work/ozone/ozone/hadoop-hdds/rocksdb-checkpoint-differ/target/classes:/home/runner/.m2/repository/org/jgrapht/jgrapht-core/1.4.0/jgrapht-core-1.4.0.jar:/home/runner/.m2/repository/org/jheaps/jheaps/0.11/jheaps-0.11.jar:/home/runner/.m2/repository/org/jgrapht/jgrapht-ext/1.4.0/jgrapht-ext-1.4.0.jar:/home/runner/.m2/repository/com/github/vlsi/mxgraph/jgraphx/3.9.8.1/jgraphx-3.9.8.1.jar:/home/runner/work/ozone/ozone/hadoop-ozone/ozone-manager/target/classes:/home/runner/.m2/repository/org/aspectj/aspectjrt/1.9.7/aspectjrt-1.9.7.jar:/home/runner/.m2/repository/org/aspectj/aspectjweaver/1.9.7/aspectjweaver-1.9.7.jar:/home/runner/work/ozone/ozone/hadoop-hdds/interface-client/target/classes:/home/runner/.m2/repository/org/apache/hadoop/thirdparty/hadoop-shaded-protobuf_3_7/1.1.1/hadoop-shaded-protobuf_3_7-1.1.1.jar:/home/runner/work/ozone/ozone/hadoop-ozone/interface-storage/target/classes:/home/runner/.m2/repository/org/reflections/reflections/0.10.2/reflections-0.10.2.jar:/home/runner/.m2/repository/com/sun/jersey/jersey-client/1.19.4/jersey-client-1.19.4.jar:/home/runner/.m2/repository/org/codehaus/jackson/jackson-core-asl/1.9.13/jackson-core-asl-1.9.13.jar:/home/runner/.m2/repository/org/codehaus/jackson/jackson-mapper-asl/1.9.13/jackson-mapper-asl-1.9.13.jar:/home/runner/.m2/repository/org/codehaus/jackson/jackson-jaxrs/1.9.13/jackson-jaxrs-1.9.13.jar:/home/runner/.m2/repository/org/apache/ranger/ranger-intg/2.3.0/ranger-intg-2.3.0.jar:/home/runner/.m2/repository/org/apache/ranger/ranger-plugins-common/2.3.0/ranger-plugins-common-2.3.0.jar:/home/runner/.m2/repository/commons-lang/commons-lang/2.6/commons-lang-2.6.jar:/home/runner/.m2/repository/org/apache/ranger/ranger-plugins-cred/2.3.0/ranger-plugins-cred-2.3.0.jar:/home/runner/.m2/repository/org/apache/ranger/ranger-plugins-audit/2.3.0/ranger-plugins-audit-2.3.0.jar:/home/runner/.m2/repository/org/eclipse/jetty/jetty-client/9.4.54.v20240208/jetty-client-9.4.54.v20240208.jar:/home/runner/.m2/repository/org/apache/httpcomponents/httpmime/4.5.6/httpmime-4.5.6.jar:/home/runner/.m2/repository/org/apache/httpcomponents/httpcore-nio/4.4.16/httpcore-nio-4.4.16.jar:/home/runner/.m2/repository/org/apache/httpcomponents/httpasyncclient/4.1.3/httpasyncclient-4.1.3.jar:/home/runner/.m2/repository/com/carrotsearch/hppc/0.8.0/hppc-0.8.0.jar:/home/runner/.m2/repository/org/apache/orc/orc-core/1.5.8/orc-core-1.5.8.jar:/home/runner/.m2/repository/net/java/dev/jna/jna/5.2.0/jna-5.2.0.jar:/home/runner/.m2/repository/net/java/dev/jna/jna-platform/5.2.0/jna-platform-5.2.0.jar:/home/runner/.m2/repository/com/kstruct/gethostname4j/0.0.2/gethostname4j-0.0.2.jar:/home/runner/.m2/repository/org/apache/ranger/ranger-plugin-classloader/2.3.0/ranger-plugin-classloader-2.3.0.jar:/home/runner/work/ozone/ozone/hadoop-hdds/rocks-native/target/classes:/home/runner/.m2/repository/org/apache/hadoop/hadoop-minikdc/3.3.6/hadoop-minikdc-3.3.6.jar:/home/runner/.m2/repository/org/apache/kerby/kerb-simplekdc/1.0.1/kerb-simplekdc-1.0.1.jar:/home/runner/.m2/repository/org/apache/kerby/kerb-client/1.0.1/kerb-client-1.0.1.jar:/home/runner/.m2/repository/org/apache/kerby/kerb-common/1.0.1/kerb-common-1.0.1.jar:/home/runner/.m2/repository/org/apache/kerby/token-provider/1.0.1/token-provider-1.0.1.jar:/home/runner/.m2/repository/org/apache/kerby/kerb-admin/1.0.1/kerb-admin-1.0.1.jar:/home/runner/.m2/repository/org/apache/kerby/kerb-server/1.0.1/kerb-server-1.0.1.jar:/home/runner/.m2/repository/org/apache/kerby/kerb-identity/1.0.1/kerb-identity-1.0.1.jar:/home/runner/.m2/repository/org/apache/kerby/kerby-xdr/1.0.1/kerby-xdr-1.0.1.jar:/home/runner/.m2/repository/junit/junit/4.13.2/junit-4.13.2.jar:/home/runner/.m2/repository/org/hamcrest/hamcrest-core/1.3/hamcrest-core-1.3.jar:/home/runner/work/ozone/ozone/hadoop-ozone/s3gateway/target/classes:/home/runner/.m2/repository/org/javassist/javassist/3.30.2-GA/javassist-3.30.2-GA.jar:/home/runner/.m2/repository/org/jboss/weld/servlet/weld-servlet-shaded/3.1.9.Final/weld-servlet-shaded-3.1.9.Final.jar:/home/runner/.m2/repository/org/glassfish/jersey/containers/jersey-container-servlet-core/2.42/jersey-container-servlet-core-2.42.jar:/home/runner/.m2/repository/org/glassfish/hk2/external/jakarta.inject/2.6.1/jakarta.inject-2.6.1.jar:/home/runner/.m2/repository/org/glassfish/jersey/core/jersey-common/2.42/jersey-common-2.42.jar:/home/runner/.m2/repository/jakarta/ws/rs/jakarta.ws.rs-api/2.1.6/jakarta.ws.rs-api-2.1.6.jar:/home/runner/.m2/repository/org/glassfish/jersey/ext/cdi/jersey-cdi1x/2.42/jersey-cdi1x-2.42.jar:/home/runner/.m2/repository/org/glassfish/jersey/inject/jersey-hk2/2.42/jersey-hk2-2.42.jar:/home/runner/.m2/repository/org/glassfish/hk2/hk2-locator/2.6.1/hk2-locator-2.6.1.jar:/home/runner/.m2/repository/org/glassfish/jersey/media/jersey-media-jaxb/2.42/jersey-media-jaxb-2.42.jar:/home/runner/.m2/repository/org/glassfish/hk2/osgi-resource-locator/1.0.3/osgi-resource-locator-1.0.3.jar:/home/runner/.m2/repository/org/glassfish/hk2/hk2-api/2.6.1/hk2-api-2.6.1.jar:/home/runner/.m2/repository/org/glassfish/hk2/hk2-utils/2.6.1/hk2-utils-2.6.1.jar:/home/runner/.m2/repository/org/glassfish/hk2/external/aopalliance-repackaged/2.6.1/aopalliance-repackaged-2.6.1.jar:/home/runner/.m2/repository/com/fasterxml/jackson/dataformat/jackson-dataformat-xml/2.16.1/jackson-dataformat-xml-2.16.1.jar:/home/runner/.m2/repository/org/codehaus/woodstox/stax2-api/4.2.2/stax2-api-4.2.2.jar:/home/runner/.m2/repository/com/fasterxml/woodstox/woodstox-core/5.4.0/woodstox-core-5.4.0.jar:/home/runner/.m2/repository/com/fasterxml/jackson/module/jackson-module-jaxb-annotations/2.16.1/jackson-module-jaxb-annotations-2.16.1.jar:/home/runner/.m2/repository/javax/enterprise/cdi-api/2.0/cdi-api-2.0.jar:/home/runner/.m2/repository/javax/el/javax.el-api/3.0.0/javax.el-api-3.0.0.jar:/home/runner/.m2/repository/javax/interceptor/javax.interceptor-api/1.2/javax.interceptor-api-1.2.jar:/home/runner/.m2/repository/javax/inject/javax.inject/1/javax.inject-1.jar:/home/runner/.m2/repository/jakarta/xml/bind/jakarta.xml.bind-api/2.3.3/jakarta.xml.bind-api-2.3.3.jar:/home/runner/.m2/repository/org/glassfish/jaxb/jaxb-runtime/2.3.9/jaxb-runtime-2.3.9.jar:/home/runner/.m2/repository/org/glassfish/jaxb/txw2/2.3.9/txw2-2.3.9.jar:/home/runner/.m2/repository/com/sun/istack/istack-commons-runtime/3.0.12/istack-commons-runtime-3.0.12.jar:/home/runner/.m2/repository/com/sun/activation/jakarta.activation/1.2.2/jakarta.activation-1.2.2.jar:/home/runner/.m2/repository/jakarta/activation/jakarta.activation-api/1.2.2/jakarta.activation-api-1.2.2.jar:/home/runner/.m2/repository/io/grpc/grpc-protobuf/1.58.0/grpc-protobuf-1.58.0.jar:/home/runner/.m2/repository/com/google/api/grpc/proto-google-common-protos/2.22.0/proto-google-common-protos-2.22.0.jar:/home/runner/.m2/repository/io/grpc/grpc-protobuf-lite/1.58.0/grpc-protobuf-lite-1.58.0.jar:/home/runner/.m2/repository/io/grpc/grpc-stub/1.58.0/grpc-stub-1.58.0.jar:/home/runner/.m2/repository/io/netty/netty-transport/4.1.109.Final/netty-transport-4.1.109.Final.jar:/home/runner/.m2/repository/io/netty/netty-resolver/4.1.109.Final/netty-resolver-4.1.109.Final.jar:/home/runner/work/ozone/ozone/hadoop-ozone/csi/target/classes:/home/runner/.m2/repository/com/google/protobuf/protobuf-java-util/3.19.6/protobuf-java-util-3.19.6.jar:/home/runner/.m2/repository/com/google/code/gson/gson/2.10.1/gson-2.10.1.jar:/home/runner/work/ozone/ozone/hadoop-hdds/config/target/classes:/home/runner/.m2/repository/io/netty/netty-transport-native-epoll/4.1.109.Final/netty-transport-native-epoll-4.1.109.Final-linux-x86_64.jar:/home/runner/.m2/repository/io/netty/netty-transport-classes-epoll/4.1.109.Final/netty-transport-classes-epoll-4.1.109.Final.jar:/home/runner/.m2/repository/io/netty/netty-transport-native-unix-common/4.1.109.Final/netty-transport-native-unix-common-4.1.109.Final.jar:/home/runner/work/ozone/ozone/hadoop-ozone/recon/target/classes:/home/runner/work/ozone/ozone/hadoop-ozone/recon-codegen/target/classes:/home/runner/.m2/repository/com/google/inject/guice/6.0.0/guice-6.0.0.jar:/home/runner/.m2/repository/jakarta/inject/jakarta.inject-api/2.0.1/jakarta.inject-api-2.0.1.jar:/home/runner/.m2/repository/aopalliance/aopalliance/1.0/aopalliance-1.0.jar:/home/runner/.m2/repository/com/google/inject/extensions/guice-assistedinject/6.0.0/guice-assistedinject-6.0.0.jar:/home/runner/.m2/repository/com/google/inject/extensions/guice-servlet/6.0.0/guice-servlet-6.0.0.jar:/home/runner/.m2/repository/org/glassfish/jersey/containers/jersey-container-servlet/2.42/jersey-container-servlet-2.42.jar:/home/runner/.m2/repository/org/glassfish/hk2/guice-bridge/2.6.1/guice-bridge-2.6.1.jar:/home/runner/.m2/repository/org/glassfish/jersey/core/jersey-server/2.42/jersey-server-2.42.jar:/home/runner/.m2/repository/org/glassfish/jersey/core/jersey-client/2.42/jersey-client-2.42.jar:/home/runner/.m2/repository/jakarta/validation/jakarta.validation-api/2.0.2/jakarta.validation-api-2.0.2.jar:/home/runner/.m2/repository/org/glassfish/jersey/media/jersey-media-json-jackson/2.42/jersey-media-json-jackson-2.42.jar:/home/runner/.m2/repository/org/glassfish/jersey/ext/jersey-entity-filtering/2.42/jersey-entity-filtering-2.42.jar:/home/runner/.m2/repository/org/jooq/jooq/3.11.10/jooq-3.11.10.jar:/home/runner/.m2/repository/org/jooq/jooq-meta/3.11.10/jooq-meta-3.11.10.jar:/home/runner/.m2/repository/org/jooq/jooq-codegen/3.11.10/jooq-codegen-3.11.10.jar:/home/runner/.m2/repository/com/jolbox/bonecp/0.8.0.RELEASE/bonecp-0.8.0.RELEASE.jar:/home/runner/.m2/repository/org/apache/derby/derby/10.14.2.0/derby-10.14.2.0.jar:/home/runner/.m2/repository/org/xerial/sqlite-jdbc/3.44.1.0/sqlite-jdbc-3.44.1.0.jar:/home/runner/.m2/repository/org/springframework/spring-jdbc/5.3.34/spring-jdbc-5.3.34.jar:/home/runner/.m2/repository/org/springframework/spring-beans/5.3.34/spring-beans-5.3.34.jar:/home/runner/.m2/repository/org/springframework/spring-core/5.3.34/spring-core-5.3.34.jar:/home/runner/.m2/repository/org/springframework/spring-tx/5.3.34/spring-tx-5.3.34.jar:/home/runner/work/ozone/ozone/hadoop-ozone/client/target/classes:/home/runner/work/ozone/ozone/hadoop-hdds/erasurecode/target/classes:/home/runner/work/ozone/ozone/hadoop-ozone/ozonefs/target/classes:/home/runner/work/ozone/ozone/hadoop-ozone/ozonefs-common/target/classes:/home/runner/work/ozone/ozone/hadoop-ozone/tools/target/classes:/home/runner/.m2/repository/com/amazonaws/aws-java-sdk-core/1.12.661/aws-java-sdk-core-1.12.661.jar:/home/runner/.m2/repository/org/apache/httpcomponents/httpclient/4.5.14/httpclient-4.5.14.jar:/home/runner/.m2/repository/org/apache/httpcomponents/httpcore/4.4.16/httpcore-4.4.16.jar:/home/runner/.m2/repository/com/fasterxml/jackson/dataformat/jackson-dataformat-cbor/2.16.1/jackson-dataformat-cbor-2.16.1.jar:/home/runner/.m2/repository/joda-time/joda-time/2.12.7/joda-time-2.12.7.jar:/home/runner/.m2/repository/com/amazonaws/aws-java-sdk-s3/1.12.661/aws-java-sdk-s3-1.12.661.jar:/home/runner/.m2/repository/com/amazonaws/aws-java-sdk-kms/1.12.661/aws-java-sdk-kms-1.12.661.jar:/home/runner/.m2/repository/com/amazonaws/jmespath-java/1.12.661/jmespath-java-1.12.661.jar:/home/runner/.m2/repository/org/kohsuke/metainf-services/metainf-services/1.11/metainf-services-1.11.jar:/home/runner/work/ozone/ozone/hadoop-hdds/tools/target/classes:/home/runner/.m2/repository/org/apache/ratis/ratis-tools/3.0.1/ratis-tools-3.0.1.jar:/home/runner/.m2/repository/commons-cli/commons-cli/1.6.0/commons-cli-1.6.0.jar:/home/runner/.m2/repository/org/apache/commons/commons-lang3/3.14.0/commons-lang3-3.14.0.jar:/home/runner/work/ozone/ozone/hadoop-ozone/ozone-manager/target/test-classes:/home/runner/work/ozone/ozone/hadoop-hdds/common/target/test-classes:/home/runner/work/ozone/ozone/hadoop-hdds/hadoop-dependency-client/target/classes:/home/runner/.m2/repository/info/picocli/picocli/4.7.5/picocli-4.7.5.jar:/home/runner/.m2/repository/com/fasterxml/jackson/core/jackson-annotations/2.16.1/jackson-annotations-2.16.1.jar:/home/runner/work/ozone/ozone/hadoop-hdds/annotations/target/classes:/home/runner/.m2/repository/javax/annotation/javax.annotation-api/1.3.2/javax.annotation-api-1.3.2.jar:/home/runner/.m2/repository/org/apache/ratis/ratis-netty/3.0.1/ratis-netty-3.0.1.jar:/home/runner/.m2/repository/org/apache/ratis/ratis-grpc/3.0.1/ratis-grpc-3.0.1.jar:/home/runner/.m2/repository/org/bouncycastle/bcpkix-jdk18on/1.78.1/bcpkix-jdk18on-1.78.1.jar:/home/runner/.m2/repository/org/bouncycastle/bcutil-jdk18on/1.78.1/bcutil-jdk18on-1.78.1.jar:/home/runner/.m2/repository/commons-validator/commons-validator/1.6/commons-validator-1.6.jar:/home/runner/.m2/repository/commons-beanutils/commons-beanutils/1.9.4/commons-beanutils-1.9.4.jar:/home/runner/.m2/repository/commons-digester/commons-digester/1.8.1/commons-digester-1.8.1.jar:/home/runner/.m2/repository/commons-collections/commons-collections/3.2.2/commons-collections-3.2.2.jar:/home/runner/.m2/repository/io/jaegertracing/jaeger-client/1.8.1/jaeger-client-1.8.1.jar:/home/runner/.m2/repository/io/jaegertracing/jaeger-thrift/1.8.1/jaeger-thrift-1.8.1.jar:/home/runner/.m2/repository/org/apache/thrift/libthrift/0.15.0/libthrift-0.15.0.jar:/home/runner/.m2/repository/io/jaegertracing/jaeger-core/1.8.1/jaeger-core-1.8.1.jar:/home/runner/.m2/repository/io/jaegertracing/jaeger-tracerresolver/1.8.1/jaeger-tracerresolver-1.8.1.jar:/home/runner/.m2/repository/io/opentracing/contrib/opentracing-tracerresolver/0.1.8/opentracing-tracerresolver-0.1.8.jar:/home/runner/.m2/repository/org/jetbrains/kotlin/kotlin-stdlib/1.9.22/kotlin-stdlib-1.9.22.jar:/home/runner/.m2/repository/org/jetbrains/annotations/13.0/annotations-13.0.jar:/home/runner/.m2/repository/io/opentracing/opentracing-util/0.33.0/opentracing-util-0.33.0.jar:/home/runner/.m2/repository/io/opentracing/opentracing-api/0.33.0/opentracing-api-0.33.0.jar:/home/runner/.m2/repository/io/opentracing/opentracing-noop/0.33.0/opentracing-noop-0.33.0.jar:/home/runner/.m2/repository/org/yaml/snakeyaml/2.0/snakeyaml-2.0.jar:/home/runner/.m2/repository/io/grpc/grpc-api/1.58.0/grpc-api-1.58.0.jar:/home/runner/.m2/repository/org/junit/platform/junit-platform-launcher/1.10.2/junit-platform-launcher-1.10.2.jar:/home/runner/.m2/repository/org/junit/platform/junit-platform-engine/1.10.2/junit-platform-engine-1.10.2.jar:/home/runner/.m2/repository/org/apiguardian/apiguardian-api/1.1.2/apiguardian-api-1.1.2.jar:/home/runner/.m2/repository/org/apache/hadoop/hadoop-kms/3.3.6/hadoop-kms-3.3.6.jar:/home/runner/.m2/repository/org/apache/hadoop/hadoop-auth/3.3.6/hadoop-auth-3.3.6.jar:/home/runner/.m2/repository/org/apache/zookeeper/zookeeper/3.8.4/zookeeper-3.8.4.jar:/home/runner/.m2/repository/org/apache/zookeeper/zookeeper-jute/3.8.4/zookeeper-jute-3.8.4.jar:/home/runner/.m2/repository/org/apache/yetus/audience-annotations/0.12.0/audience-annotations-0.12.0.jar:/home/runner/.m2/repository/org/apache/curator/curator-framework/4.2.0/curator-framework-4.2.0.jar:/home/runner/.m2/repository/org/apache/hadoop/thirdparty/hadoop-shaded-guava/1.2.0/hadoop-shaded-guava-1.2.0.jar:/home/runner/.m2/repository/com/sun/jersey/jersey-core/1.19.4/jersey-core-1.19.4.jar:/home/runner/.m2/repository/javax/ws/rs/jsr311-api/1.1.1/jsr311-api-1.1.1.jar:/home/runner/.m2/repository/com/sun/jersey/jersey-server/1.19.4/jersey-server-1.19.4.jar:/home/runner/.m2/repository/javax/servlet/javax.servlet-api/3.1.0/javax.servlet-api-3.1.0.jar:/home/runner/.m2/repository/org/apache/hadoop/hadoop-common/3.3.6/hadoop-common-3.3.6.jar:/home/runner/.m2/repository/org/apache/commons/commons-math3/3.6.1/commons-math3-3.6.1.jar:/home/runner/.m2/repository/commons-net/commons-net/3.10.0/commons-net-3.10.0.jar:/home/runner/.m2/repository/com/sun/jersey/jersey-servlet/1.19.4/jersey-servlet-1.19.4.jar:/home/runner/.m2/repository/com/github/pjfanning/jersey-json/1.20/jersey-json-1.20.jar:/home/runner/.m2/repository/org/codehaus/jettison/jettison/1.1/jettison-1.1.jar:/home/runner/.m2/repository/com/sun/xml/bind/jaxb-impl/2.2.3-1/jaxb-impl-2.2.3-1.jar:/home/runner/.m2/repository/com/google/re2j/re2j/1.7/re2j-1.7.jar:/home/runner/.m2/repository/com/jcraft/jsch/0.1.55/jsch-0.1.55.jar:/home/runner/.m2/repository/org/apache/curator/curator-client/4.2.0/curator-client-4.2.0.jar:/home/runner/.m2/repository/org/apache/curator/curator-recipes/5.2.0/curator-recipes-5.2.0.jar:/home/runner/.m2/repository/com/google/code/findbugs/jsr305/3.0.2/jsr305-3.0.2.jar:/home/runner/.m2/repository/dnsjava/dnsjava/2.1.9/dnsjava-2.1.9.jar:/home/runner/.m2/repository/com/fasterxml/jackson/core/jackson-databind/2.16.1/jackson-databind-2.16.1.jar:/home/runner/.m2/repository/org/apache/hadoop/hadoop-kms/3.3.6/hadoop-kms-3.3.6-tests.jar:/home/runner/work/ozone/ozone/hadoop-hdds/server-scm/target/test-classes:/home/runner/work/ozone/ozone/hadoop-hdds/container-service/target/test-classes:/home/runner/.m2/repository/com/github/luben/zstd-jni/1.5.6-2/zstd-jni-1.5.6-2.jar:/home/runner/.m2/repository/commons-codec/commons-codec/1.15/commons-codec-1.15.jar:/home/runner/.m2/repository/io/netty/netty-codec/4.1.109.Final/netty-codec-4.1.109.Final.jar:/home/runner/.m2/repository/io/netty/netty-handler/4.1.109.Final/netty-handler-4.1.109.Final.jar:/home/runner/work/ozone/ozone/hadoop-hdds/hadoop-dependency-test/target/classes:/home/runner/.m2/repository/org/apache/hadoop/hadoop-common/3.3.6/hadoop-common-3.3.6-tests.jar:/home/runner/.m2/repository/org/apache/hadoop/hadoop-hdfs/3.3.6/hadoop-hdfs-3.3.6-tests.jar:/home/runner/.m2/repository/org/junit/jupiter/junit-jupiter-engine/5.10.2/junit-jupiter-engine-5.10.2.jar:/home/runner/.m2/repository/org/junit/jupiter/junit-jupiter-params/5.10.2/junit-jupiter-params-5.10.2.jar:/home/runner/.m2/repository/org/mockito/mockito-core/4.11.0/mockito-core-4.11.0.jar:/home/runner/.m2/repository/net/bytebuddy/byte-buddy/1.12.19/byte-buddy-1.12.19.jar:/home/runner/.m2/repository/net/bytebuddy/byte-buddy-agent/1.12.19/byte-buddy-agent-1.12.19.jar:/home/runner/.m2/repository/org/objenesis/objenesis/3.3/objenesis-3.3.jar:/home/runner/.m2/repository/org/mockito/mockito-inline/4.11.0/mockito-inline-4.11.0.jar:/home/runner/.m2/repository/org/mockito/mockito-junit-jupiter/4.11.0/mockito-junit-jupiter-4.11.0.jar:/home/runner/.m2/repository/org/apache/hadoop/hadoop-distcp/3.3.6/hadoop-distcp-3.3.6.jar:/home/runner/.m2/repository/org/apache/hadoop/hadoop-mapreduce-client-jobclient/3.3.6/hadoop-mapreduce-client-jobclient-3.3.6.jar:/home/runner/.m2/repository/org/apache/hadoop/hadoop-mapreduce-client-common/3.3.6/hadoop-mapreduce-client-common-3.3.6.jar:/home/runner/.m2/repository/org/apache/hadoop/hadoop-yarn-common/3.3.6/hadoop-yarn-common-3.3.6.jar:/home/runner/.m2/repository/org/apache/hadoop/hadoop-yarn-api/3.3.6/hadoop-yarn-api-3.3.6.jar:/home/runner/.m2/repository/javax/xml/bind/jaxb-api/2.2.11/jaxb-api-2.2.11.jar:/home/runner/.m2/repository/com/sun/jersey/contribs/jersey-guice/1.19.4/jersey-guice-1.19.4.jar:/home/runner/.m2/repository/com/fasterxml/jackson/jaxrs/jackson-jaxrs-json-provider/2.16.1/jackson-jaxrs-json-provider-2.16.1.jar:/home/runner/.m2/repository/com/fasterxml/jackson/jaxrs/jackson-jaxrs-base/2.16.1/jackson-jaxrs-base-2.16.1.jar:/home/runner/.m2/repository/org/apache/hadoop/hadoop-yarn-client/3.3.6/hadoop-yarn-client-3.3.6.jar:/home/runner/.m2/repository/org/eclipse/jetty/websocket/websocket-client/9.4.51.v20230217/websocket-client-9.4.51.v20230217.jar:/home/runner/.m2/repository/org/eclipse/jetty/websocket/websocket-common/9.4.51.v20230217/websocket-common-9.4.51.v20230217.jar:/home/runner/.m2/repository/org/eclipse/jetty/websocket/websocket-api/9.4.51.v20230217/websocket-api-9.4.51.v20230217.jar:/home/runner/.m2/repository/org/jline/jline/3.9.0/jline-3.9.0.jar:/home/runner/.m2/repository/org/apache/hadoop/hadoop-mapreduce-client-core/3.3.6/hadoop-mapreduce-client-core-3.3.6.jar:/home/runner/.m2/repository/org/apache/avro/avro/1.7.7/avro-1.7.7.jar:/home/runner/.m2/repository/com/thoughtworks/paranamer/paranamer/2.3/paranamer-2.3.jar:/home/runner/.m2/repository/org/apache/hadoop/hadoop-annotations/3.3.6/hadoop-annotations-3.3.6.jar:/home/runner/.m2/repository/io/netty/netty/3.10.6.Final/netty-3.10.6.Final.jar:/home/runner/.m2/repository/org/apache/hadoop/hadoop-distcp/3.3.6/hadoop-distcp-3.3.6-tests.jar:/home/runner/.m2/repository/org/hamcrest/hamcrest/2.2/hamcrest-2.2.jar:/home/runner/.m2/repository/org/slf4j/jul-to-slf4j/2.0.12/jul-to-slf4j-2.0.12.jar:/home/runner/work/ozone/ozone/hadoop-ozone/integration-test/target/gradle-enterprise/test-listeners.jar:"/>
    <property name="sun.cpu.endian" value="little"/>
    <property name="user.home" value="/home/runner"/>
    <property name="user.language" value="en"/>
    <property name="java.specification.vendor" value="Oracle Corporation"/>
    <property name="java.version.date" value="2024-01-16"/>
    <property name="java.home" value="/usr/lib/jvm/temurin-17-jdk-amd64"/>
    <property name="java.security.krb5.conf" value="/home/runner/work/ozone/ozone/hadoop-ozone/integration-test/target/test-classes/krb5.conf"/>
    <property name="file.separator" value="/"/>
    <property name="basedir" value="/home/runner/work/ozone/ozone/hadoop-ozone/integration-test"/>
    <property name="java.vm.compressedOopsMode" value="Zero based"/>
    <property name="line.separator" value="&#10;"/>
    <property name="java.vm.specification.vendor" value="Oracle Corporation"/>
    <property name="java.specification.name" value="Java Platform API Specification"/>
    <property name="skip.installnpx" value="true"/>
    <property name="surefire.real.class.path" value="/home/runner/work/ozone/ozone/hadoop-ozone/integration-test/target/surefire/surefirebooter17746471398939426501.jar"/>
    <property name="hadoop.log.dir" value="/home/runner/work/ozone/ozone/hadoop-ozone/integration-test/target/log"/>
    <property name="sun.management.compiler" value="HotSpot 64-Bit Tiered Compilers"/>
    <property name="java.runtime.version" value="17.0.10+7"/>
    <property name="skip.npx" value="true"/>
    <property name="user.name" value="runner"/>
    <property name="java.net.preferIPv4Stack" value="true"/>
    <property name="path.separator" value=":"/>
    <property name="java.security.egd" value="file:///dev/urandom"/>
    <property name="os.version" value="5.15.0-1061-azure"/>
    <property name="java.runtime.name" value="OpenJDK Runtime Environment"/>
    <property name="com.gradle.maven.scan.extension.test.listener.junitplatform.NestedExecutionSafeDelegatingTestExecutionListener" value="6236eb5f"/>
    <property name="file.encoding" value="UTF-8"/>
    <property name="java.vm.name" value="OpenJDK 64-Bit Server VM"/>
    <property name="java.vendor.version" value="Temurin-17.0.10+7"/>
    <property name="test.build.webapps" value=""/>
    <property name="gradle.enterprise.listener.port" value="45503"/>
    <property name="localRepository" value="/home/runner/.m2/repository"/>
    <property name="java.vendor.url.bug" value="https://github.com/adoptium/adoptium-support/issues"/>
    <property name="jetty.git.hash" value="cef3fbd6d736a21e7d541a5db490381d95a2047d"/>
    <property name="java.io.tmpdir" value="/tmp"/>
    <property name="require.test.libhadoop" value=""/>
    <property name="java.version" value="17.0.10"/>
    <property name="user.dir" value="/home/runner/work/ozone/ozone/hadoop-ozone/integration-test"/>
    <property name="os.arch" value="amd64"/>
    <property name="java.vm.specification.name" value="Java Virtual Machine Specification"/>
    <property name="test.build.classes" value="/home/runner/work/ozone/ozone/hadoop-ozone/integration-test/target/test-classes"/>
    <property name="org.apache.ratis.thirdparty.io.netty.allocator.useCacheForAllThreads" value="false"/>
    <property name="native.encoding" value="UTF-8"/>
    <property name="hadoop.tmp.dir" value="/home/runner/work/ozone/ozone/hadoop-ozone/integration-test/target/tmp"/>
    <property name="java.library.path" value="/usr/java/packages/lib:/usr/lib64:/lib64:/lib:/usr/lib"/>
    <property name="java.vm.info" value="mixed mode, sharing"/>
    <property name="java.vendor" value="Eclipse Adoptium"/>
    <property name="java.vm.version" value="17.0.10+7"/>
    <property name="sun.io.unicode.encoding" value="UnicodeLittle"/>
    <property name="java.class.version" value="61.0"/>
  </properties>
  <testcase name="testPipelineExclusionWithPipelineFailure" classname="org.apache.hadoop.ozone.client.rpc.TestFailureHandlingByClient" time="63.107"/>
  <testcase name="testContainerExclusionWithClosedContainerException" classname="org.apache.hadoop.ozone.client.rpc.TestFailureHandlingByClient" time="23.327"/>
  <testcase name="testWriteSmallFile" classname="org.apache.hadoop.ozone.client.rpc.TestFailureHandlingByClient" time="88.537"/>
  <testcase name="testBlockWritesWithDnFailures" classname="org.apache.hadoop.ozone.client.rpc.TestFailureHandlingByClient" time="317.908">
    <error type="java.util.concurrent.TimeoutException"><![CDATA[java.util.concurrent.TimeoutException: testBlockWritesWithDnFailures() timed out after 300 seconds
	at java.base/java.util.ArrayList.forEach(ArrayList.java:1511)
	at java.base/java.util.ArrayList.forEach(ArrayList.java:1511)
]]></error>
    <system-out><![CDATA[2024-05-12 17:41:28,294 [main] WARN  server.ServerUtils (ServerUtils.java:getScmDbDir(143)) - ozone.scm.db.dirs is not configured. We recommend adding this setting. Falling back to ozone.metadata.dirs instead.
2024-05-12 17:41:28,297 [main] WARN  server.ServerUtils (ServerUtils.java:getScmDbDir(143)) - ozone.scm.db.dirs is not configured. We recommend adding this setting. Falling back to ozone.metadata.dirs instead.
2024-05-12 17:41:28,297 [main] INFO  ha.SCMHANodeDetails (SCMHANodeDetails.java:loadSCMHAConfig(207)) - ServiceID for StorageContainerManager is null
2024-05-12 17:41:28,298 [main] INFO  ha.SCMHANodeDetails (SCMHANodeDetails.java:loadSCMHAConfig(212)) - ozone.scm.default.service.id is not defined, falling back to ozone.scm.service.ids to find serviceID for StorageContainerManager if it is HA enabled cluster
2024-05-12 17:41:28,298 [main] WARN  utils.HAUtils (HAUtils.java:getMetaDir(339)) - ozone.scm.db.dirs is not configured. We recommend adding this setting. Falling back to ozone.metadata.dirs instead.
2024-05-12 17:41:28,298 [main] WARN  db.DBStoreBuilder (DBStoreBuilder.java:applyDBDefinition(171)) - ozone.scm.db.dirs is not configured. We recommend adding this setting. Falling back to ozone.metadata.dirs instead.
2024-05-12 17:41:28,383 [main] INFO  net.NodeSchemaLoader (NodeSchemaLoader.java:loadSchemaFromFile(129)) - Loading schema from [file:/home/runner/work/ozone/ozone/hadoop-hdds/common/target/classes/network-topology-default.xml]
2024-05-12 17:41:28,383 [main] INFO  net.NodeSchemaLoader (NodeSchemaLoader.java:loadSchema(176)) - Loading network topology layer schema file
2024-05-12 17:41:28,386 [main] INFO  upgrade.AbstractLayoutVersionManager (AbstractLayoutVersionManager.java:init(83)) - Initializing Layout version manager with metadata layout = HADOOP_PRC_PORTS_IN_DATANODEDETAILS (version = 7), software layout = HADOOP_PRC_PORTS_IN_DATANODEDETAILS (version = 7)
2024-05-12 17:41:28,387 [main] INFO  ha.SequenceIdGenerator (SequenceIdGenerator.java:upgradeToSequenceId(370)) - upgrade localId to 113750153625600000
2024-05-12 17:41:28,388 [main] INFO  ha.SequenceIdGenerator (SequenceIdGenerator.java:upgradeToSequenceId(380)) - upgrade delTxnId to 0
2024-05-12 17:41:28,388 [main] INFO  ha.SequenceIdGenerator (SequenceIdGenerator.java:upgradeToSequenceId(397)) - upgrade containerId to 0
2024-05-12 17:41:28,389 [main] INFO  ha.SequenceIdGenerator (SequenceIdGenerator.java:upgradeToCertificateSequenceId(444)) - upgrade CertificateId to 2
2024-05-12 17:41:28,389 [main] INFO  ha.SequenceIdGenerator (SequenceIdGenerator.java:<init>(241)) - Init the HA SequenceIdGenerator.
2024-05-12 17:41:28,390 [main] INFO  node.SCMNodeManager (SCMNodeManager.java:<init>(177)) - Entering startup safe mode.
2024-05-12 17:41:28,390 [main] INFO  algorithms.ContainerPlacementPolicyFactory (ContainerPlacementPolicyFactory.java:getPolicyInternal(86)) - Create container placement policy of type org.apache.hadoop.hdds.scm.container.placement.algorithms.SCMContainerPlacementRackAware
2024-05-12 17:41:28,390 [main] INFO  algorithms.ContainerPlacementPolicyFactory (ContainerPlacementPolicyFactory.java:getPolicyInternal(86)) - Create container placement policy of type org.apache.hadoop.hdds.scm.container.placement.algorithms.SCMContainerPlacementRackScatter
2024-05-12 17:41:28,391 [main] INFO  pipeline.PipelineStateManagerImpl (PipelineStateManagerImpl.java:initialize(78)) - No pipeline exists in current db
2024-05-12 17:41:28,391 [main] INFO  algorithms.LeaderChoosePolicyFactory (LeaderChoosePolicyFactory.java:getPolicy(57)) - Create leader choose policy of type org.apache.hadoop.hdds.scm.pipeline.leader.choose.algorithms.MinLeaderCountChoosePolicy
2024-05-12 17:41:28,391 [main] INFO  algorithms.ContainerPlacementPolicyFactory (ContainerPlacementPolicyFactory.java:getPolicyInternal(86)) - Create container placement policy of type org.apache.hadoop.hdds.scm.container.placement.algorithms.SCMContainerPlacementRackScatter
2024-05-12 17:41:28,391 [main] INFO  ha.SCMServiceManager (SCMServiceManager.java:register(42)) - Registering service BackgroundPipelineCreator.
2024-05-12 17:41:28,391 [main] INFO  pipeline.BackgroundPipelineCreator (BackgroundPipelineCreator.java:start(127)) - Starting RatisPipelineUtilsThread.
2024-05-12 17:41:28,391 [main] INFO  BackgroundPipelineScrubber (BackgroundSCMService.java:start(65)) - Starting BackgroundPipelineScrubber Service.
2024-05-12 17:41:28,392 [main] INFO  ha.SCMServiceManager (SCMServiceManager.java:register(42)) - Registering service BackgroundPipelineScrubber.
2024-05-12 17:41:28,392 [main] INFO  ExpiredContainerReplicaOpScrubber (BackgroundSCMService.java:start(65)) - Starting ExpiredContainerReplicaOpScrubber Service.
2024-05-12 17:41:28,392 [main] INFO  ha.SCMServiceManager (SCMServiceManager.java:register(42)) - Registering service ExpiredContainerReplicaOpScrubber.
2024-05-12 17:41:28,392 [main] INFO  algorithms.PipelineChoosePolicyFactory (PipelineChoosePolicyFactory.java:createPipelineChoosePolicyFromClass(80)) - Create pipeline choose policy of type org.apache.hadoop.hdds.scm.pipeline.choose.algorithms.RandomPipelineChoosePolicy
2024-05-12 17:41:28,393 [main] INFO  algorithms.PipelineChoosePolicyFactory (PipelineChoosePolicyFactory.java:createPipelineChoosePolicyFromClass(80)) - Create pipeline choose policy of type org.apache.hadoop.hdds.scm.pipeline.choose.algorithms.RandomPipelineChoosePolicy
2024-05-12 17:41:28,393 [main] INFO  ha.SCMServiceManager (SCMServiceManager.java:register(42)) - Registering service SCMBlockDeletingService.
2024-05-12 17:41:28,394 [main] INFO  replication.ReplicationManager (ReplicationManager.java:start(296)) - Starting Replication Monitor Thread.
2024-05-12 17:41:28,394 [ReplicationMonitor] INFO  replication.ReplicationManager (ReplicationManager.java:processAll(373)) - Replication Manager is not ready to run until 3000ms after safemode exit
2024-05-12 17:41:28,394 [main] INFO  ha.SCMServiceManager (SCMServiceManager.java:register(42)) - Registering service ReplicationManager.
2024-05-12 17:41:28,394 [main] INFO  safemode.ContainerSafeModeRule (ContainerSafeModeRule.java:<init>(91)) - containers with one replica threshold count 0
2024-05-12 17:41:28,394 [main] INFO  safemode.HealthyPipelineSafeModeRule (HealthyPipelineSafeModeRule.java:initializeRule(176)) - Total pipeline count is 0, healthy pipeline threshold count is 1
2024-05-12 17:41:28,395 [main] INFO  safemode.OneReplicaPipelineSafeModeRule (OneReplicaPipelineSafeModeRule.java:initializeRule(193)) - Total pipeline count is 0, pipeline's with at least one datanode reported threshold count is 0
2024-05-12 17:41:28,395 [main] INFO  server.StorageContainerManager (StorageContainerManager.java:<init>(440)) - SCM start with adminUsers: [runner]
2024-05-12 17:41:28,395 [main] INFO  ipc.CallQueueManager (CallQueueManager.java:<init>(90)) - Using callQueue: class java.util.concurrent.LinkedBlockingQueue, queueCapacity: 10000, scheduler: class org.apache.hadoop.ipc.DefaultRpcScheduler, ipcBackoff: false.
2024-05-12 17:41:28,395 [main] INFO  ipc.Server (Server.java:<init>(1287)) - Listener at 0.0.0.0:15296
2024-05-12 17:41:28,396 [Socket Reader #1 for port 15296] INFO  ipc.Server (Server.java:run(1323)) - Starting Socket Reader #1 for port 15296
2024-05-12 17:41:28,396 [main] INFO  ipc.CallQueueManager (CallQueueManager.java:<init>(90)) - Using callQueue: class java.util.concurrent.LinkedBlockingQueue, queueCapacity: 10000, scheduler: class org.apache.hadoop.ipc.DefaultRpcScheduler, ipcBackoff: false.
2024-05-12 17:41:28,397 [main] INFO  ipc.Server (Server.java:<init>(1287)) - Listener at 0.0.0.0:15295
2024-05-12 17:41:28,397 [Socket Reader #1 for port 15295] INFO  ipc.Server (Server.java:run(1323)) - Starting Socket Reader #1 for port 15295
2024-05-12 17:41:28,397 [main] INFO  ipc.CallQueueManager (CallQueueManager.java:<init>(90)) - Using callQueue: class java.util.concurrent.LinkedBlockingQueue, queueCapacity: 10000, scheduler: class org.apache.hadoop.ipc.DefaultRpcScheduler, ipcBackoff: false.
2024-05-12 17:41:28,397 [main] INFO  ipc.Server (Server.java:<init>(1287)) - Listener at 0.0.0.0:15294
2024-05-12 17:41:28,398 [Socket Reader #1 for port 15294] INFO  ipc.Server (Server.java:run(1323)) - Starting Socket Reader #1 for port 15294
2024-05-12 17:41:28,400 [main] INFO  ha.SCMServiceManager (SCMServiceManager.java:register(42)) - Registering service ContainerBalancer.
2024-05-12 17:41:28,400 [main] INFO  ha.SCMContext (SCMContext.java:updateSafeModeStatus(225)) - Update SafeModeStatus from SafeModeStatus{safeModeStatus=true, preCheckPassed=false} to SafeModeStatus{safeModeStatus=true, preCheckPassed=false}.
2024-05-12 17:41:28,400 [main] INFO  server.StorageContainerManager (StorageContainerManager.java:start(1545)) - StorageContainerLocationProtocol RPC server is listening at /0.0.0.0:15294
2024-05-12 17:41:28,401 [main] WARN  impl.MetricsConfig (MetricsConfig.java:loadFirst(136)) - Cannot locate configuration: tried hadoop-metrics2-storagecontainermanager.properties,hadoop-metrics2.properties
2024-05-12 17:41:28,401 [main] INFO  impl.MetricsSystemImpl (MetricsSystemImpl.java:startTimer(378)) - Scheduled Metric snapshot period at 10 second(s).
2024-05-12 17:41:28,401 [main] INFO  impl.MetricsSystemImpl (MetricsSystemImpl.java:start(191)) - StorageContainerManager metrics system started
2024-05-12 17:41:28,414 [main] INFO  impl.MetricsSinkAdapter (MetricsSinkAdapter.java:start(204)) - Sink prometheus started
2024-05-12 17:41:28,414 [main] INFO  impl.MetricsSystemImpl (MetricsSystemImpl.java:registerSink(305)) - Registered sink prometheus
2024-05-12 17:41:28,424 [main] INFO  server.SCMClientProtocolServer (SCMClientProtocolServer.java:start(204)) - RPC server for Client  is listening at /0.0.0.0:15294
2024-05-12 17:41:28,424 [IPC Server Responder] INFO  ipc.Server (Server.java:run(1562)) - IPC Server Responder: starting
2024-05-12 17:41:28,424 [IPC Server listener on 15294] INFO  ipc.Server (Server.java:run(1402)) - IPC Server listener on 15294: starting
2024-05-12 17:41:28,430 [main] INFO  server.StorageContainerManager (StorageContainerManager.java:start(1558)) - ScmBlockLocationProtocol RPC server is listening at /0.0.0.0:15295
2024-05-12 17:41:28,430 [main] INFO  server.SCMBlockProtocolServer (SCMBlockProtocolServer.java:start(162)) - RPC server for Block Protocol is listening at /0.0.0.0:15295
2024-05-12 17:41:28,431 [IPC Server Responder] INFO  ipc.Server (Server.java:run(1562)) - IPC Server Responder: starting
2024-05-12 17:41:28,431 [IPC Server listener on 15295] INFO  ipc.Server (Server.java:run(1402)) - IPC Server listener on 15295: starting
2024-05-12 17:41:28,437 [main] INFO  server.SCMDatanodeProtocolServer (SCMDatanodeProtocolServer.java:start(194)) - ScmDatanodeProtocol RPC server for DataNodes is listening at /0.0.0.0:15296
2024-05-12 17:41:28,437 [IPC Server Responder] INFO  ipc.Server (Server.java:run(1562)) - IPC Server Responder: starting
2024-05-12 17:41:28,437 [IPC Server listener on 15296] INFO  ipc.Server (Server.java:run(1402)) - IPC Server listener on 15296: starting
2024-05-12 17:41:28,444 [JvmPauseMonitor36] INFO  util.JvmPauseMonitor (JvmPauseMonitor.java:run(146)) - JvmPauseMonitor-31e6753d-9904-40dd-85d4-f046c834df38: Started
2024-05-12 17:41:28,444 [main] INFO  http.BaseHttpServer (BaseHttpServer.java:newHttpServer2BuilderForOzone(223)) - Starting Web-server for scm at: http://0.0.0.0:15297
2024-05-12 17:41:28,444 [main] INFO  http.BaseHttpServer (BaseHttpServer.java:<init>(110)) - Hadoop Security Enabled: false Ozone Security Enabled: false Ozone HTTP Security Enabled: false 
2024-05-12 17:41:28,445 [main] WARN  server.AuthenticationFilter (AuthenticationFilter.java:constructSecretProvider(240)) - Unable to initialize FileSignerSecretProvider, falling back to use random secrets. Reason: Could not read signature secret file: /home/runner/hadoop-http-auth-signature-secret
2024-05-12 17:41:28,446 [main] INFO  http.HttpRequestLog (HttpRequestLog.java:getRequestLog(86)) - Http request log for http.requests.scm is not defined
2024-05-12 17:41:28,446 [main] INFO  http.HttpServer2 (HttpServer2.java:addGlobalFilter(1036)) - Added global filter 'safety' (class=org.apache.hadoop.hdds.server.http.HttpServer2$QuotingInputFilter)
2024-05-12 17:41:28,447 [main] INFO  http.HttpServer2 (HttpServer2.java:addFilter(1012)) - Added filter static_user_filter (class=org.apache.hadoop.http.lib.StaticUserWebFilter$StaticUserFilter) to context scm
2024-05-12 17:41:28,447 [main] INFO  http.HttpServer2 (HttpServer2.java:addFilter(1020)) - Added filter static_user_filter (class=org.apache.hadoop.http.lib.StaticUserWebFilter$StaticUserFilter) to context logs
2024-05-12 17:41:28,447 [main] INFO  http.HttpServer2 (HttpServer2.java:addFilter(1020)) - Added filter static_user_filter (class=org.apache.hadoop.http.lib.StaticUserWebFilter$StaticUserFilter) to context static
2024-05-12 17:41:28,448 [main] INFO  http.BaseHttpServer (BaseHttpServer.java:<init>(189)) - HTTP server of scm uses base directory /home/runner/work/ozone/ozone/hadoop-ozone/integration-test/target/test-dir/MiniOzoneClusterImpl-71ef5771-1bca-432b-8888-38dc3c8d5d63/ozone-meta/webserver
2024-05-12 17:41:28,448 [main] INFO  http.HttpServer2 (HttpServer2.java:bindListener(1236)) - Jetty bound to port 15297
2024-05-12 17:41:28,448 [main] INFO  server.Server (Server.java:doStart(375)) - jetty-9.4.54.v20240208; built: 2024-02-08T19:42:39.027Z; git: cef3fbd6d736a21e7d541a5db490381d95a2047d; jvm 17.0.10+7
2024-05-12 17:41:28,449 [main] INFO  server.session (DefaultSessionIdManager.java:doStart(334)) - DefaultSessionIdManager workerName=node0
2024-05-12 17:41:28,449 [main] INFO  server.session (DefaultSessionIdManager.java:doStart(339)) - No SessionScavenger set, using defaults
2024-05-12 17:41:28,449 [main] INFO  server.session (HouseKeeper.java:startScavenging(132)) - node0 Scavenging every 600000ms
2024-05-12 17:41:28,449 [main] INFO  handler.ContextHandler (ContextHandler.java:doStart(921)) - Started o.e.j.s.ServletContextHandler@11553864{logs,/logs,file:///home/runner/work/ozone/ozone/hadoop-ozone/integration-test/target/log,AVAILABLE}
2024-05-12 17:41:28,450 [main] INFO  handler.ContextHandler (ContextHandler.java:doStart(921)) - Started o.e.j.s.ServletContextHandler@2ca57834{static,/static,file:///home/runner/work/ozone/ozone/hadoop-ozone/integration-test/target/test-classes/webapps/static,AVAILABLE}
2024-05-12 17:41:28,452 [main] INFO  handler.ContextHandler (ContextHandler.java:doStart(921)) - Started o.e.j.w.WebAppContext@6d54bb1{scm,/,file:///home/runner/work/ozone/ozone/hadoop-ozone/integration-test/target/test-classes/webapps/scm/,AVAILABLE}{file:/home/runner/work/ozone/ozone/hadoop-ozone/integration-test/target/test-classes/webapps/scm}
2024-05-12 17:41:28,453 [main] INFO  server.AbstractConnector (AbstractConnector.java:doStart(333)) - Started ServerConnector@3256cd5a{HTTP/1.1, (http/1.1)}{0.0.0.0:15297}
2024-05-12 17:41:28,453 [main] INFO  server.Server (Server.java:doStart(415)) - Started @175998ms
2024-05-12 17:41:28,453 [main] WARN  impl.MetricsSystemImpl (MetricsSystemImpl.java:register(279)) - Sink prometheus already exists!
2024-05-12 17:41:28,453 [main] INFO  http.BaseHttpServer (BaseHttpServer.java:updateConnectorAddress(354)) - HTTP server of scm listening at http://0.0.0.0:15297
2024-05-12 17:41:28,454 [main] WARN  server.ServerUtils (ServerUtils.java:getDBPath(299)) - ozone.om.db.dirs is not configured. We recommend adding this setting. Falling back to ozone.metadata.dirs instead.
2024-05-12 17:41:28,455 [main] INFO  ha.OMHANodeDetails (OMHANodeDetails.java:loadOMHAConfig(115)) - ozone.om.internal.service.id is not defined, falling back to ozone.om.service.ids to find serviceID for OzoneManager if it is HA enabled cluster
2024-05-12 17:41:28,455 [main] INFO  ha.OMHANodeDetails (OMHANodeDetails.java:loadOMHAConfig(226)) - Configuration does not have ozone.om.address set. Falling back to the default OM address /127.0.0.1:15298
2024-05-12 17:41:28,455 [main] INFO  ha.OMHANodeDetails (OMHANodeDetails.java:getOMNodeDetailsForNonHA(254)) - OM Service ID is not set. Setting it to the default ID: omServiceIdDefault
2024-05-12 17:41:28,455 [main] INFO  ha.OMHANodeDetails (OMHANodeDetails.java:getOMNodeDetailsForNonHA(261)) - OM Node ID is not set. Setting it to the default ID: om1
2024-05-12 17:41:28,456 [main] WARN  server.ServerUtils (ServerUtils.java:getDBPath(299)) - ozone.om.db.dirs is not configured. We recommend adding this setting. Falling back to ozone.metadata.dirs instead.
2024-05-12 17:41:28,456 [main] INFO  upgrade.AbstractLayoutVersionManager (AbstractLayoutVersionManager.java:init(83)) - Initializing Layout version manager with metadata layout = QUOTA (version = 6), software layout = QUOTA (version = 6)
2024-05-12 17:41:28,481 [main] INFO  reflections.Reflections (Reflections.java:scan(219)) - Reflections took 24 ms to scan 2 urls, producing 188 keys and 545 values
2024-05-12 17:41:28,482 [main] INFO  upgrade.OMLayoutVersionManager (OMLayoutVersionManager.java:lambda$0(113)) - Skipping Upgrade Action QuotaRepairUpgradeAction since it has been finalized.
2024-05-12 17:41:28,482 [main] INFO  upgrade.OMLayoutVersionManager (OMLayoutVersionManager.java:lambda$0(113)) - Skipping Upgrade Action MockOmUpgradeAction since it has been finalized.
2024-05-12 17:41:28,482 [main] WARN  server.ServerUtils (ServerUtils.java:getDBPath(299)) - ozone.om.db.dirs is not configured. We recommend adding this setting. Falling back to ozone.metadata.dirs instead.
2024-05-12 17:41:28,483 [main] INFO  proxy.SCMBlockLocationFailoverProxyProvider (SCMBlockLocationFailoverProxyProvider.java:<init>(115)) - Created block location fail-over proxy with 1 nodes: [nodeId=scmNodeId,nodeAddress=/0.0.0.0:15295]
2024-05-12 17:41:28,484 [main] INFO  proxy.SCMBlockLocationFailoverProxyProvider (SCMBlockLocationFailoverProxyProvider.java:<init>(115)) - Created block location fail-over proxy with 1 nodes: [nodeId=scmNodeId,nodeAddress=/0.0.0.0:15295]
2024-05-12 17:41:28,487 [main] INFO  om.OzoneManager (OzoneManager.java:<init>(677)) - OM start with adminUsers: [runner]
2024-05-12 17:41:28,487 [main] WARN  server.ServerUtils (ServerUtils.java:getDBPath(299)) - ozone.om.db.dirs is not configured. We recommend adding this setting. Falling back to ozone.metadata.dirs instead.
2024-05-12 17:41:28,487 [main] INFO  helpers.OmKeyInfo (OmKeyInfo.java:getCodec(72)) - OmKeyInfo.getCodec ignorePipeline = true
2024-05-12 17:41:28,625 [main] INFO  om.OzoneManager (OzoneManager.java:instantiateServices(811)) - S3 Multi-Tenancy is disabled
2024-05-12 17:41:28,625 [main] INFO  om.OmSnapshotManager (OmSnapshotManager.java:<init>(179)) - Ozone filesystem snapshot feature is enabled.
2024-05-12 17:41:28,626 [main] WARN  server.ServerUtils (ServerUtils.java:getDBPath(299)) - ozone.om.snapshot.diff.db.dir is not configured. We recommend adding this setting. Falling back to ozone.metadata.dirs instead.
2024-05-12 17:41:28,641 [main] INFO  utils.NativeLibraryLoader (NativeLibraryLoader.java:loadLibrary(111)) - Loading Library: ozone_rocksdb_tools
2024-05-12 17:41:28,641 [main] ERROR snapshot.SnapshotDiffManager (SnapshotDiffManager.java:initNativeLibraryForEfficientDiff(287)) - Native Library for raw sst file reading loading failed.
org.apache.hadoop.hdds.utils.NativeLibraryNotLoadedException: Unable to load library ozone_rocksdb_tools from both java.library.path & resource file libozone_rocksdb_tools.so from jar.
	at org.apache.hadoop.hdds.utils.db.managed.ManagedRawSSTFileReader.loadLibrary(ManagedRawSSTFileReader.java:40)
	at org.apache.hadoop.ozone.om.snapshot.SnapshotDiffManager.initNativeLibraryForEfficientDiff(SnapshotDiffManager.java:285)
	at org.apache.hadoop.ozone.om.snapshot.SnapshotDiffManager.<init>(SnapshotDiffManager.java:259)
	at org.apache.hadoop.ozone.om.OmSnapshotManager.<init>(OmSnapshotManager.java:286)
	at org.apache.hadoop.ozone.om.OzoneManager.instantiateServices(OzoneManager.java:863)
	at org.apache.hadoop.ozone.om.OzoneManager.<init>(OzoneManager.java:687)
	at org.apache.hadoop.ozone.om.OzoneManager.createOm(OzoneManager.java:774)
	at org.apache.hadoop.ozone.MiniOzoneClusterImpl$Builder.createOM(MiniOzoneClusterImpl.java:689)
	at org.apache.hadoop.ozone.MiniOzoneClusterImpl$Builder.createAndStartSingleOM(MiniOzoneClusterImpl.java:673)
	at org.apache.hadoop.ozone.MiniOzoneClusterImpl$Builder.build(MiniOzoneClusterImpl.java:535)
	at org.apache.hadoop.ozone.client.rpc.TestFailureHandlingByClient.init(TestFailureHandlingByClient.java:143)
	at org.apache.hadoop.ozone.client.rpc.TestFailureHandlingByClient.startCluster(TestFailureHandlingByClient.java:156)
	at org.apache.hadoop.ozone.client.rpc.TestFailureHandlingByClient.testBlockWritesWithDnFailures(TestFailureHandlingByClient.java:172)
	at java.base/jdk.internal.reflect.NativeMethodAccessorImpl.invoke0(Native Method)
	at java.base/jdk.internal.reflect.NativeMethodAccessorImpl.invoke(NativeMethodAccessorImpl.java:77)
	at java.base/jdk.internal.reflect.DelegatingMethodAccessorImpl.invoke(DelegatingMethodAccessorImpl.java:43)
	at java.base/java.lang.reflect.Method.invoke(Method.java:568)
	at org.junit.platform.commons.util.ReflectionUtils.invokeMethod(ReflectionUtils.java:728)
	at org.junit.jupiter.engine.execution.MethodInvocation.proceed(MethodInvocation.java:60)
	at org.junit.jupiter.engine.execution.InvocationInterceptorChain$ValidatingInvocation.proceed(InvocationInterceptorChain.java:131)
	at org.junit.jupiter.engine.extension.SameThreadTimeoutInvocation.proceed(SameThreadTimeoutInvocation.java:45)
	at org.junit.jupiter.engine.extension.TimeoutExtension.intercept(TimeoutExtension.java:156)
	at org.junit.jupiter.engine.extension.TimeoutExtension.interceptTestableMethod(TimeoutExtension.java:147)
	at org.junit.jupiter.engine.extension.TimeoutExtension.interceptTestMethod(TimeoutExtension.java:86)
	at org.junit.jupiter.engine.execution.InterceptingExecutableInvoker$ReflectiveInterceptorCall.lambda$ofVoidMethod$0(InterceptingExecutableInvoker.java:103)
	at org.junit.jupiter.engine.execution.InterceptingExecutableInvoker.lambda$invoke$0(InterceptingExecutableInvoker.java:93)
	at org.junit.jupiter.engine.execution.InvocationInterceptorChain$InterceptedInvocation.proceed(InvocationInterceptorChain.java:106)
	at org.junit.jupiter.engine.execution.InvocationInterceptorChain.proceed(InvocationInterceptorChain.java:64)
	at org.junit.jupiter.engine.execution.InvocationInterceptorChain.chainAndInvoke(InvocationInterceptorChain.java:45)
	at org.junit.jupiter.engine.execution.InvocationInterceptorChain.invoke(InvocationInterceptorChain.java:37)
	at org.junit.jupiter.engine.execution.InterceptingExecutableInvoker.invoke(InterceptingExecutableInvoker.java:92)
	at org.junit.jupiter.engine.execution.InterceptingExecutableInvoker.invoke(InterceptingExecutableInvoker.java:86)
	at org.junit.jupiter.engine.descriptor.TestMethodTestDescriptor.lambda$invokeTestMethod$7(TestMethodTestDescriptor.java:218)
	at org.junit.platform.engine.support.hierarchical.ThrowableCollector.execute(ThrowableCollector.java:73)
	at org.junit.jupiter.engine.descriptor.TestMethodTestDescriptor.invokeTestMethod(TestMethodTestDescriptor.java:214)
	at org.junit.jupiter.engine.descriptor.TestMethodTestDescriptor.execute(TestMethodTestDescriptor.java:139)
	at org.junit.jupiter.engine.descriptor.TestMethodTestDescriptor.execute(TestMethodTestDescriptor.java:69)
	at org.junit.platform.engine.support.hierarchical.NodeTestTask.lambda$executeRecursively$6(NodeTestTask.java:151)
	at org.junit.platform.engine.support.hierarchical.ThrowableCollector.execute(ThrowableCollector.java:73)
	at org.junit.platform.engine.support.hierarchical.NodeTestTask.lambda$executeRecursively$8(NodeTestTask.java:141)
	at org.junit.platform.engine.support.hierarchical.Node.around(Node.java:137)
	at org.junit.platform.engine.support.hierarchical.NodeTestTask.lambda$executeRecursively$9(NodeTestTask.java:139)
	at org.junit.platform.engine.support.hierarchical.ThrowableCollector.execute(ThrowableCollector.java:73)
	at org.junit.platform.engine.support.hierarchical.NodeTestTask.executeRecursively(NodeTestTask.java:138)
	at org.junit.platform.engine.support.hierarchical.NodeTestTask.execute(NodeTestTask.java:95)
	at java.base/java.util.ArrayList.forEach(ArrayList.java:1511)
	at org.junit.platform.engine.support.hierarchical.SameThreadHierarchicalTestExecutorService.invokeAll(SameThreadHierarchicalTestExecutorService.java:41)
	at org.junit.platform.engine.support.hierarchical.NodeTestTask.lambda$executeRecursively$6(NodeTestTask.java:155)
	at org.junit.platform.engine.support.hierarchical.ThrowableCollector.execute(ThrowableCollector.java:73)
	at org.junit.platform.engine.support.hierarchical.NodeTestTask.lambda$executeRecursively$8(NodeTestTask.java:141)
	at org.junit.platform.engine.support.hierarchical.Node.around(Node.java:137)
	at org.junit.platform.engine.support.hierarchical.NodeTestTask.lambda$executeRecursively$9(NodeTestTask.java:139)
	at org.junit.platform.engine.support.hierarchical.ThrowableCollector.execute(ThrowableCollector.java:73)
	at org.junit.platform.engine.support.hierarchical.NodeTestTask.executeRecursively(NodeTestTask.java:138)
	at org.junit.platform.engine.support.hierarchical.NodeTestTask.execute(NodeTestTask.java:95)
	at java.base/java.util.ArrayList.forEach(ArrayList.java:1511)
	at org.junit.platform.engine.support.hierarchical.SameThreadHierarchicalTestExecutorService.invokeAll(SameThreadHierarchicalTestExecutorService.java:41)
	at org.junit.platform.engine.support.hierarchical.NodeTestTask.lambda$executeRecursively$6(NodeTestTask.java:155)
	at org.junit.platform.engine.support.hierarchical.ThrowableCollector.execute(ThrowableCollector.java:73)
	at org.junit.platform.engine.support.hierarchical.NodeTestTask.lambda$executeRecursively$8(NodeTestTask.java:141)
	at org.junit.platform.engine.support.hierarchical.Node.around(Node.java:137)
	at org.junit.platform.engine.support.hierarchical.NodeTestTask.lambda$executeRecursively$9(NodeTestTask.java:139)
	at org.junit.platform.engine.support.hierarchical.ThrowableCollector.execute(ThrowableCollector.java:73)
	at org.junit.platform.engine.support.hierarchical.NodeTestTask.executeRecursively(NodeTestTask.java:138)
	at org.junit.platform.engine.support.hierarchical.NodeTestTask.execute(NodeTestTask.java:95)
	at org.junit.platform.engine.support.hierarchical.SameThreadHierarchicalTestExecutorService.submit(SameThreadHierarchicalTestExecutorService.java:35)
	at org.junit.platform.engine.support.hierarchical.HierarchicalTestExecutor.execute(HierarchicalTestExecutor.java:57)
	at org.junit.platform.engine.support.hierarchical.HierarchicalTestEngine.execute(HierarchicalTestEngine.java:54)
	at org.junit.platform.launcher.core.EngineExecutionOrchestrator.execute(EngineExecutionOrchestrator.java:198)
	at org.junit.platform.launcher.core.EngineExecutionOrchestrator.execute(EngineExecutionOrchestrator.java:169)
	at org.junit.platform.launcher.core.EngineExecutionOrchestrator.execute(EngineExecutionOrchestrator.java:93)
	at org.junit.platform.launcher.core.EngineExecutionOrchestrator.lambda$execute$0(EngineExecutionOrchestrator.java:58)
	at org.junit.platform.launcher.core.EngineExecutionOrchestrator.withInterceptedStreams(EngineExecutionOrchestrator.java:141)
	at org.junit.platform.launcher.core.EngineExecutionOrchestrator.execute(EngineExecutionOrchestrator.java:57)
	at org.junit.platform.launcher.core.DefaultLauncher.execute(DefaultLauncher.java:103)
	at org.junit.platform.launcher.core.DefaultLauncher.execute(DefaultLauncher.java:85)
	at org.junit.platform.launcher.core.DelegatingLauncher.execute(DelegatingLauncher.java:47)
	at org.junit.platform.launcher.core.SessionPerRequestLauncher.execute(SessionPerRequestLauncher.java:63)
	at org.apache.maven.surefire.junitplatform.JUnitPlatformProvider.invokeAllTests(JUnitPlatformProvider.java:154)
	at org.apache.maven.surefire.junitplatform.JUnitPlatformProvider.invoke(JUnitPlatformProvider.java:123)
	at org.apache.maven.surefire.booter.ForkedBooter.runSuitesInProcess(ForkedBooter.java:377)
	at org.apache.maven.surefire.booter.ForkedBooter.execute(ForkedBooter.java:138)
	at org.apache.maven.surefire.booter.ForkedBooter.run(ForkedBooter.java:465)
	at org.apache.maven.surefire.booter.ForkedBooter.main(ForkedBooter.java:451)
2024-05-12 17:41:28,643 [main] INFO  om.OzoneManager (OzoneManager.java:addS3GVolumeToDB(4463)) - Created Volume s3v With Owner runner required for S3Gateway operations.
2024-05-12 17:41:28,643 [main] WARN  server.ServerUtils (ServerUtils.java:getDefaultRatisDirectory(311)) - Storage directory for Ratis is not configured. It is a good idea to map this to an SSD disk. Falling back to ozone.metadata.dirs
2024-05-12 17:41:28,643 [main] WARN  utils.OzoneManagerRatisUtils (OzoneManagerRatisUtils.java:getOMRatisSnapshotDirectory(476)) - ozone.om.ratis.snapshot.dir is not configured. Falling back to ozone.metadata.dirs config
2024-05-12 17:41:28,644 [main] WARN  server.ServerUtils (ServerUtils.java:getDefaultRatisDirectory(311)) - Storage directory for Ratis is not configured. It is a good idea to map this to an SSD disk. Falling back to ozone.metadata.dirs
2024-05-12 17:41:28,644 [main] INFO  ratis.OzoneManagerRatisServer (OzoneManagerRatisServer.java:<init>(167)) - Instantiating OM Ratis server with groupID: omServiceIdDefault and peers: localhost:15301
2024-05-12 17:41:28,645 [main] INFO  ratis.OzoneManagerStateMachine (OzoneManagerStateMachine.java:loadSnapshotInfoFromDB(589)) - TransactionInfo not found in OM DB.
2024-05-12 17:41:28,645 [main] INFO  server.RaftServer (ConfUtils.java:logGet(46)) - raft.rpc.type = GRPC (default)
2024-05-12 17:41:28,645 [main] INFO  grpc.GrpcConfigKeys (ConfUtils.java:logFallback(53)) - raft.grpc.admin.host = null (fallback to raft.grpc.server.host)
2024-05-12 17:41:28,645 [main] INFO  grpc.GrpcConfigKeys (ConfUtils.java:logFallback(53)) - raft.grpc.admin.port = 15301 (fallback to raft.grpc.server.port)
2024-05-12 17:41:28,645 [main] INFO  grpc.GrpcConfigKeys (ConfUtils.java:logFallback(53)) - raft.grpc.client.host = null (fallback to raft.grpc.server.host)
2024-05-12 17:41:28,645 [main] INFO  grpc.GrpcConfigKeys (ConfUtils.java:logFallback(53)) - raft.grpc.client.port = 15301 (fallback to raft.grpc.server.port)
2024-05-12 17:41:28,645 [main] INFO  grpc.GrpcConfigKeys (ConfUtils.java:logGet(46)) - raft.grpc.server.host = null (default)
2024-05-12 17:41:28,645 [main] INFO  grpc.GrpcConfigKeys (ConfUtils.java:logGet(46)) - raft.grpc.server.port = 15301 (custom)
2024-05-12 17:41:28,646 [main] INFO  server.GrpcService (ConfUtils.java:logGet(46)) - raft.grpc.message.size.max = 4194304 (custom)
2024-05-12 17:41:28,646 [main] INFO  server.RaftServerConfigKeys (ConfUtils.java:logGet(46)) - raft.server.log.appender.buffer.byte-limit = 4194304 (custom)
2024-05-12 17:41:28,646 [main] INFO  server.GrpcService (ConfUtils.java:logGet(46)) - raft.grpc.flow.control.window = 1MB (=1048576) (default)
2024-05-12 17:41:28,646 [main] INFO  server.RaftServerConfigKeys (ConfUtils.java:logGet(46)) - raft.server.rpc.request.timeout = 3000ms (default)
2024-05-12 17:41:28,646 [main] INFO  grpc.GrpcConfigKeys (ConfUtils.java:logGet(46)) - raft.grpc.server.heartbeat.channel = true (default)
2024-05-12 17:41:28,646 [main] INFO  grpc.GrpcConfigKeys (ConfUtils.java:logGet(46)) - raft.grpc.server.async.request.thread.pool.cached = true (default)
2024-05-12 17:41:28,646 [main] INFO  grpc.GrpcConfigKeys (ConfUtils.java:logGet(46)) - raft.grpc.server.async.request.thread.pool.size = 32 (default)
2024-05-12 17:41:28,647 [main] INFO  impl.DataStreamServerImpl (ConfUtils.java:logGet(46)) - raft.datastream.type = DISABLED (default)
2024-05-12 17:41:28,647 [main] INFO  server.RaftServerConfigKeys (ConfUtils.java:logGet(46)) - raft.server.sleep.deviation.threshold = 300ms (default)
2024-05-12 17:41:28,648 [main] INFO  server.RaftServerConfigKeys (ConfUtils.java:logGet(46)) - raft.server.close.threshold = 60s (default)
2024-05-12 17:41:28,648 [main] INFO  server.RaftServerConfigKeys (ConfUtils.java:logGet(46)) - raft.server.leaderelection.leader.step-down.wait-time = 10s (default)
2024-05-12 17:41:28,648 [main] INFO  server.RaftServerConfigKeys (ConfUtils.java:logGet(46)) - raft.server.storage.dir = [/home/runner/work/ozone/ozone/hadoop-ozone/integration-test/target/test-dir/MiniOzoneClusterImpl-71ef5771-1bca-432b-8888-38dc3c8d5d63/ozone-meta/ratis] (custom)
2024-05-12 17:41:28,648 [main] INFO  server.RaftServerConfigKeys (ConfUtils.java:logGet(46)) - raft.server.threadpool.proxy.cached = true (default)
2024-05-12 17:41:28,648 [main] INFO  server.RaftServerConfigKeys (ConfUtils.java:logGet(46)) - raft.server.threadpool.proxy.size = 0 (default)
2024-05-12 17:41:28,648 [main] INFO  server.RaftServer (RaftServerProxy.java:addNew(100)) - om1: addNew group-C5BA1605619E:[om1|localhost:15301] returns group-C5BA1605619E:java.util.concurrent.CompletableFuture@172194b9[Not completed]
2024-05-12 17:41:28,648 [main] INFO  om.OzoneManager (OzoneManager.java:initializeRatisServer(2168)) - OzoneManager Ratis server initialized at port 15301
2024-05-12 17:41:28,648 [om1-groupManagement] INFO  server.RaftServer$Division (RaftServerImpl.java:<init>(256)) - om1: new RaftServerImpl for group-C5BA1605619E:[om1|localhost:15301] with OzoneManagerStateMachine:uninitialized
2024-05-12 17:41:28,649 [om1-groupManagement] INFO  server.RaftServerConfigKeys (ConfUtils.java:logGet(46)) - raft.server.rpc.timeout.min = 1s (custom)
2024-05-12 17:41:28,649 [om1-groupManagement] INFO  server.RaftServerConfigKeys (ConfUtils.java:logGet(46)) - raft.server.rpc.timeout.max = 1200ms (custom)
2024-05-12 17:41:28,649 [om1-groupManagement] INFO  server.RaftServerConfigKeys (ConfUtils.java:logGet(46)) - raft.server.rpc.sleep.time = 25ms (default)
2024-05-12 17:41:28,649 [om1-groupManagement] INFO  server.RaftServerConfigKeys (ConfUtils.java:logGet(46)) - raft.server.rpc.slowness.timeout = 120s (custom)
2024-05-12 17:41:28,649 [om1-groupManagement] INFO  server.RaftServerConfigKeys (ConfUtils.java:logGet(46)) - raft.server.leaderelection.leader.step-down.wait-time = 10s (default)
2024-05-12 17:41:28,649 [main] INFO  om.OzoneManager (OzoneManager.java:getRpcServer(1227)) - Creating RPC Server
2024-05-12 17:41:28,649 [om1-groupManagement] INFO  server.RaftServerConfigKeys (ConfUtils.java:logGet(46)) - raft.server.leaderelection.member.majority-add = false (default)
2024-05-12 17:41:28,649 [om1-groupManagement] INFO  server.RaftServerConfigKeys (ConfUtils.java:logGet(46)) - raft.server.sleep.deviation.threshold = 300ms (default)
2024-05-12 17:41:28,649 [om1-groupManagement] INFO  server.RaftServer$Division (ServerState.java:<init>(113)) - om1@group-C5BA1605619E: ConfigurationManager, init=-1: peers:[om1|localhost:15301]|listeners:[], old=null, confs=<EMPTY_MAP>
2024-05-12 17:41:28,649 [om1-groupManagement] INFO  server.RaftServerConfigKeys (ConfUtils.java:logGet(46)) - raft.server.notification.no-leader.timeout = 120s (custom)
2024-05-12 17:41:28,649 [om1-groupManagement] INFO  server.RaftServerConfigKeys (ConfUtils.java:logGet(46)) - raft.server.read.timeout = 10s (default)
2024-05-12 17:41:28,649 [om1-groupManagement] INFO  server.RaftServerConfigKeys (ConfUtils.java:logGet(46)) - raft.server.retrycache.expirytime = 300s (custom)
2024-05-12 17:41:28,649 [om1-groupManagement] INFO  server.RaftServerConfigKeys (ConfUtils.java:logGet(46)) - raft.server.retrycache.statistics.expirytime = 100ms (default)
2024-05-12 17:41:28,649 [om1-groupManagement] INFO  server.RaftServerConfigKeys (ConfUtils.java:logGet(46)) - raft.server.read.option = DEFAULT (default)
2024-05-12 17:41:28,649 [om1-groupManagement] INFO  server.RaftServerConfigKeys (ConfUtils.java:logGet(46)) - raft.server.read.read-after-write-consistent.write-index-cache.expiry-time = 60s (default)
2024-05-12 17:41:28,650 [om1-groupManagement] INFO  server.RaftServerConfigKeys (ConfUtils.java:logGet(46)) - raft.server.rpc.request.timeout = 3000ms (default)
2024-05-12 17:41:28,650 [om1-groupManagement] INFO  server.RaftServerConfigKeys (ConfUtils.java:logGet(46)) - raft.server.log.appender.install.snapshot.enabled = false (custom)
2024-05-12 17:41:28,650 [om1-groupManagement] INFO  server.RaftServerConfigKeys (ConfUtils.java:logGet(46)) - raft.server.threadpool.server.cached = true (default)
2024-05-12 17:41:28,650 [om1-groupManagement] INFO  server.RaftServerConfigKeys (ConfUtils.java:logGet(46)) - raft.server.threadpool.server.size = 0 (default)
2024-05-12 17:41:28,651 [om1-groupManagement] INFO  server.RaftServerConfigKeys (ConfUtils.java:logGet(46)) - raft.server.threadpool.client.cached = true (default)
2024-05-12 17:41:28,651 [om1-groupManagement] INFO  server.RaftServerConfigKeys (ConfUtils.java:logGet(46)) - raft.server.threadpool.client.size = 0 (default)
2024-05-12 17:41:28,875 [main] INFO  reflections.Reflections (Reflections.java:scan(219)) - Reflections took 225 ms to scan 20 urls, producing 58 keys and 6592 values
2024-05-12 17:41:28,877 [main] INFO  ipc.CallQueueManager (CallQueueManager.java:<init>(90)) - Using callQueue: class java.util.concurrent.LinkedBlockingQueue, queueCapacity: 2000, scheduler: class org.apache.hadoop.ipc.DefaultRpcScheduler, ipcBackoff: false.
2024-05-12 17:41:28,877 [main] INFO  ipc.Server (Server.java:<init>(1287)) - Listener at 127.0.0.1:15298
2024-05-12 17:41:28,877 [Socket Reader #1 for port 15298] INFO  ipc.Server (Server.java:run(1323)) - Starting Socket Reader #1 for port 15298
2024-05-12 17:41:28,892 [main] INFO  impl.MetricsSystemImpl (MetricsSystemImpl.java:init(158)) - OzoneManager metrics system started (again)
2024-05-12 17:41:28,901 [main] INFO  om.OzoneManager (OzoneManager.java:start(1649)) - OzoneManager RPC server is listening at localhost/127.0.0.1:15298
2024-05-12 17:41:28,901 [main] INFO  ratis.OzoneManagerRatisServer (OzoneManagerRatisServer.java:start(588)) - Starting OzoneManagerRatisServer om1 at port 15301
2024-05-12 17:41:28,901 [om1-impl-thread1] INFO  server.RaftServerConfigKeys (ConfUtils.java:logGet(46)) - raft.server.storage.free-space.min = 0MB (=0) (default)
2024-05-12 17:41:28,901 [om1-impl-thread1] INFO  server.RaftServerConfigKeys (ConfUtils.java:logGet(46)) - raft.server.log.corruption.policy = EXCEPTION (default)
2024-05-12 17:41:28,901 [om1-impl-thread1] INFO  server.RaftServerConfigKeys (ConfUtils.java:logGet(46)) - raft.server.storage.dir = [/home/runner/work/ozone/ozone/hadoop-ozone/integration-test/target/test-dir/MiniOzoneClusterImpl-71ef5771-1bca-432b-8888-38dc3c8d5d63/ozone-meta/ratis] (custom)
2024-05-12 17:41:28,902 [om1-impl-thread1] INFO  storage.RaftStorageDirectory (RaftStorageDirectoryImpl.java:analyzeStorage(138)) - The storage directory /home/runner/work/ozone/ozone/hadoop-ozone/integration-test/target/test-dir/MiniOzoneClusterImpl-71ef5771-1bca-432b-8888-38dc3c8d5d63/ozone-meta/ratis/bf265839-605b-3f16-9796-c5ba1605619e does not exist. Creating ...
2024-05-12 17:41:28,903 [om1-impl-thread1] INFO  storage.RaftStorageDirectory (RaftStorageDirectoryImpl.java:tryLock(228)) - Lock on /home/runner/work/ozone/ozone/hadoop-ozone/integration-test/target/test-dir/MiniOzoneClusterImpl-71ef5771-1bca-432b-8888-38dc3c8d5d63/ozone-meta/ratis/bf265839-605b-3f16-9796-c5ba1605619e/in_use.lock acquired by nodename 12547@fv-az576-466
2024-05-12 17:41:28,904 [om1-impl-thread1] INFO  storage.RaftStorage (RaftStorageImpl.java:format(99)) - Storage directory /home/runner/work/ozone/ozone/hadoop-ozone/integration-test/target/test-dir/MiniOzoneClusterImpl-71ef5771-1bca-432b-8888-38dc3c8d5d63/ozone-meta/ratis/bf265839-605b-3f16-9796-c5ba1605619e has been successfully formatted.
2024-05-12 17:41:28,904 [om1-impl-thread1] WARN  util.FileUtils (LogUtils.java:supplyAndLog(63)) - Failed to Files.newInputStream /home/runner/work/ozone/ozone/hadoop-ozone/integration-test/target/test-dir/MiniOzoneClusterImpl-71ef5771-1bca-432b-8888-38dc3c8d5d63/ozone-meta/ratis/bf265839-605b-3f16-9796-c5ba1605619e/current/raft-meta.conf with options []: java.nio.file.NoSuchFileException: /home/runner/work/ozone/ozone/hadoop-ozone/integration-test/target/test-dir/MiniOzoneClusterImpl-71ef5771-1bca-432b-8888-38dc3c8d5d63/ozone-meta/ratis/bf265839-605b-3f16-9796-c5ba1605619e/current/raft-meta.conf
2024-05-12 17:41:28,904 [om1-impl-thread1] INFO  server.RaftServerConfigKeys (ConfUtils.java:logGet(46)) - raft.server.log.use.memory = false (default)
2024-05-12 17:41:28,904 [om1-impl-thread1] INFO  server.RaftServerConfigKeys (ConfUtils.java:logGet(46)) - raft.server.log.purge.gap = 1000000 (custom)
2024-05-12 17:41:28,904 [om1-impl-thread1] INFO  server.RaftServerConfigKeys (ConfUtils.java:logGet(46)) - raft.server.log.appender.buffer.byte-limit = 4194304 (custom)
2024-05-12 17:41:28,904 [om1-impl-thread1] INFO  server.RaftServerConfigKeys (ConfUtils.java:logGet(46)) - raft.server.log.statemachine.data.read.timeout = 1000ms (default)
2024-05-12 17:41:28,904 [om1-impl-thread1] INFO  server.RaftServerConfigKeys (ConfUtils.java:logGet(46)) - raft.server.log.purge.preservation.log.num = 0 (default)
2024-05-12 17:41:28,905 [om1-impl-thread1] INFO  server.RaftServerConfigKeys (ConfUtils.java:logGet(46)) - raft.server.log.segment.size.max = 4194304 (custom)
2024-05-12 17:41:28,905 [om1-impl-thread1] INFO  server.RaftServerConfigKeys (ConfUtils.java:logGet(46)) - raft.server.log.segment.cache.num.max = 2 (custom)
2024-05-12 17:41:28,905 [om1-impl-thread1] INFO  server.RaftServerConfigKeys (ConfUtils.java:logGet(46)) - raft.server.log.segment.cache.size.max = 200MB (=209715200) (default)
2024-05-12 17:41:28,905 [om1-impl-thread1] INFO  server.RaftServerConfigKeys (ConfUtils.java:logGet(46)) - raft.server.log.appender.buffer.byte-limit = 4194304 (custom)
2024-05-12 17:41:28,905 [om1-impl-thread1] INFO  util.AwaitToRun (AwaitToRun.java:start(81)) - Thread[om1@group-C5BA1605619E-cacheEviction-AwaitToRun,5,main] started
2024-05-12 17:41:28,905 [om1-impl-thread1] INFO  segmented.SegmentedRaftLogWorker (SegmentedRaftLogWorker.java:<init>(182)) - new om1@group-C5BA1605619E-SegmentedRaftLogWorker for RaftStorageImpl:Storage Directory /home/runner/work/ozone/ozone/hadoop-ozone/integration-test/target/test-dir/MiniOzoneClusterImpl-71ef5771-1bca-432b-8888-38dc3c8d5d63/ozone-meta/ratis/bf265839-605b-3f16-9796-c5ba1605619e
2024-05-12 17:41:28,905 [om1-impl-thread1] INFO  server.RaftServerConfigKeys (ConfUtils.java:logGet(46)) - raft.server.log.queue.byte-limit = 64MB (=67108864) (default)
2024-05-12 17:41:28,906 [om1-impl-thread1] INFO  server.RaftServerConfigKeys (ConfUtils.java:logGet(46)) - raft.server.log.queue.element-limit = 4096 (default)
2024-05-12 17:41:28,906 [om1-impl-thread1] INFO  server.RaftServerConfigKeys (ConfUtils.java:logGet(46)) - raft.server.log.segment.size.max = 4194304 (custom)
2024-05-12 17:41:28,906 [om1-impl-thread1] INFO  server.RaftServerConfigKeys (ConfUtils.java:logGet(46)) - raft.server.log.preallocated.size = 4194304 (custom)
2024-05-12 17:41:28,906 [om1-impl-thread1] INFO  server.RaftServerConfigKeys (ConfUtils.java:logGet(46)) - raft.server.log.force.sync.num = 128 (default)
2024-05-12 17:41:28,906 [om1-impl-thread1] INFO  server.RaftServerConfigKeys (ConfUtils.java:logGet(46)) - raft.server.log.statemachine.data.sync = true (default)
2024-05-12 17:41:28,906 [om1-impl-thread1] INFO  server.RaftServerConfigKeys (ConfUtils.java:logGet(46)) - raft.server.log.statemachine.data.sync.timeout = 10s (default)
2024-05-12 17:41:28,906 [om1-impl-thread1] INFO  server.RaftServerConfigKeys (ConfUtils.java:logGet(46)) - raft.server.log.statemachine.data.sync.timeout.retry = -1 (default)
2024-05-12 17:41:28,906 [om1-impl-thread1] INFO  server.RaftServerConfigKeys (ConfUtils.java:logGet(46)) - raft.server.log.write.buffer.size = 4194312 (custom)
2024-05-12 17:41:28,907 [om1-impl-thread1] INFO  server.RaftServerConfigKeys (ConfUtils.java:logGet(46)) - raft.server.log.appender.buffer.byte-limit = 4194304 (custom)
2024-05-12 17:41:28,907 [om1-impl-thread1] INFO  server.RaftServerConfigKeys (ConfUtils.java:logGet(46)) - raft.server.log.unsafe-flush.enabled = false (default)
2024-05-12 17:41:28,907 [om1-impl-thread1] INFO  server.RaftServerConfigKeys (ConfUtils.java:logGet(46)) - raft.server.log.async-flush.enabled = false (default)
2024-05-12 17:41:28,907 [om1-impl-thread1] INFO  server.RaftServerConfigKeys (ConfUtils.java:logGet(46)) - raft.server.log.statemachine.data.caching.enabled = false (default)
2024-05-12 17:41:28,907 [om1-impl-thread1] INFO  segmented.SegmentedRaftLogWorker (SegmentedRaftLogWorker.java:lambda$new$0(134)) - om1@group-C5BA1605619E-SegmentedRaftLogWorker: flushIndex: setUnconditionally 0 -> -1
2024-05-12 17:41:28,907 [om1-impl-thread1] INFO  segmented.SegmentedRaftLogWorker (SegmentedRaftLogWorker.java:lambda$new$0(134)) - om1@group-C5BA1605619E-SegmentedRaftLogWorker: safeCacheEvictIndex: setUnconditionally 0 -> -1
2024-05-12 17:41:28,908 [om1-impl-thread1] INFO  server.RaftServer$Division (RaftServerImpl.java:start(396)) - om1@group-C5BA1605619E: start as a follower, conf=-1: peers:[om1|localhost:15301]|listeners:[], old=null
2024-05-12 17:41:28,908 [om1-impl-thread1] INFO  server.RaftServer$Division (RaftServerImpl.java:setRole(383)) - om1@group-C5BA1605619E: changes role from      null to FOLLOWER at term 0 for startAsFollower
2024-05-12 17:41:28,908 [om1-impl-thread1] INFO  impl.RoleInfo (RoleInfo.java:updateAndGet(139)) - om1: start om1@group-C5BA1605619E-FollowerState
2024-05-12 17:41:28,908 [om1@group-C5BA1605619E-FollowerState] INFO  server.RaftServerConfigKeys (ConfUtils.java:logFallback(53)) - raft.server.rpc.first-election.timeout.min = 1s (fallback to raft.server.rpc.timeout.min)
2024-05-12 17:41:28,908 [om1@group-C5BA1605619E-FollowerState] INFO  server.RaftServerConfigKeys (ConfUtils.java:logFallback(53)) - raft.server.rpc.first-election.timeout.max = 1200ms (fallback to raft.server.rpc.timeout.max)
2024-05-12 17:41:28,908 [om1-impl-thread1] INFO  util.JmxRegister (JmxRegister.java:tryRegister(44)) - Successfully registered JMX Bean with object name Ratis:service=RaftServer,group=group-C5BA1605619E,id=om1
2024-05-12 17:41:28,908 [om1-impl-thread1] INFO  server.RaftServerConfigKeys (ConfUtils.java:logGet(46)) - raft.server.snapshot.trigger-when-stop.enabled = true (default)
2024-05-12 17:41:28,908 [om1-impl-thread1] INFO  server.RaftServerConfigKeys (ConfUtils.java:logGet(46)) - raft.server.snapshot.auto.trigger.enabled = true (custom)
2024-05-12 17:41:28,908 [om1-impl-thread1] INFO  server.RaftServerConfigKeys (ConfUtils.java:logGet(46)) - raft.server.snapshot.auto.trigger.threshold = 400000 (default)
2024-05-12 17:41:28,908 [om1-impl-thread1] INFO  server.RaftServerConfigKeys (ConfUtils.java:logGet(46)) - raft.server.snapshot.retention.file.num = -1 (default)
2024-05-12 17:41:28,908 [om1-impl-thread1] INFO  server.RaftServerConfigKeys (ConfUtils.java:logGet(46)) - raft.server.log.purge.upto.snapshot.index = true (custom)
2024-05-12 17:41:28,908 [main] INFO  server.RaftServer (RaftServerProxy.java:startImpl(406)) - om1: start RPC server
2024-05-12 17:41:28,909 [main] INFO  server.GrpcService (GrpcService.java:startImpl(302)) - om1: GrpcService started, listening on 15301
2024-05-12 17:41:28,909 [JvmPauseMonitor37] INFO  util.JvmPauseMonitor (JvmPauseMonitor.java:run(146)) - JvmPauseMonitor-om1: Started
2024-05-12 17:41:28,910 [main] INFO  om.OzoneManager (OzoneManager.java:start(1665)) - Version File has different layout version (6) than OM DB (null). That is expected if this OM has never been finalized to a newer layout version.
2024-05-12 17:41:28,912 [main] INFO  client.ScmTopologyClient (ScmTopologyClient.java:start(72)) - Initial network topology fetched from SCM: /.
2024-05-12 17:41:28,912 [main] INFO  net.NodeSchemaLoader (NodeSchemaLoader.java:loadSchemaFromFile(129)) - Loading schema from [file:/home/runner/work/ozone/ozone/hadoop-hdds/common/target/classes/network-topology-default.xml]
2024-05-12 17:41:28,912 [main] INFO  net.NodeSchemaLoader (NodeSchemaLoader.java:loadSchema(176)) - Loading network topology layer schema file
2024-05-12 17:41:28,917 [main] INFO  http.BaseHttpServer (BaseHttpServer.java:newHttpServer2BuilderForOzone(223)) - Starting Web-server for ozoneManager at: http://0.0.0.0:15299
2024-05-12 17:41:28,917 [main] INFO  http.BaseHttpServer (BaseHttpServer.java:<init>(110)) - Hadoop Security Enabled: false Ozone Security Enabled: false Ozone HTTP Security Enabled: false 
2024-05-12 17:41:28,917 [main] WARN  server.AuthenticationFilter (AuthenticationFilter.java:constructSecretProvider(240)) - Unable to initialize FileSignerSecretProvider, falling back to use random secrets. Reason: Could not read signature secret file: /home/runner/hadoop-http-auth-signature-secret
2024-05-12 17:41:28,918 [main] INFO  http.HttpRequestLog (HttpRequestLog.java:getRequestLog(86)) - Http request log for http.requests.ozoneManager is not defined
2024-05-12 17:41:28,918 [main] INFO  http.HttpServer2 (HttpServer2.java:addGlobalFilter(1036)) - Added global filter 'safety' (class=org.apache.hadoop.hdds.server.http.HttpServer2$QuotingInputFilter)
2024-05-12 17:41:28,919 [main] INFO  http.HttpServer2 (HttpServer2.java:addFilter(1012)) - Added filter static_user_filter (class=org.apache.hadoop.http.lib.StaticUserWebFilter$StaticUserFilter) to context ozoneManager
2024-05-12 17:41:28,919 [main] INFO  http.HttpServer2 (HttpServer2.java:addFilter(1020)) - Added filter static_user_filter (class=org.apache.hadoop.http.lib.StaticUserWebFilter$StaticUserFilter) to context logs
2024-05-12 17:41:28,919 [main] INFO  http.HttpServer2 (HttpServer2.java:addFilter(1020)) - Added filter static_user_filter (class=org.apache.hadoop.http.lib.StaticUserWebFilter$StaticUserFilter) to context static
2024-05-12 17:41:28,919 [main] INFO  http.BaseHttpServer (BaseHttpServer.java:<init>(189)) - HTTP server of ozoneManager uses base directory /home/runner/work/ozone/ozone/hadoop-ozone/integration-test/target/test-dir/MiniOzoneClusterImpl-71ef5771-1bca-432b-8888-38dc3c8d5d63/ozone-meta/webserver
2024-05-12 17:41:28,919 [main] INFO  http.HttpServer2 (HttpServer2.java:bindListener(1236)) - Jetty bound to port 15299
2024-05-12 17:41:28,919 [main] INFO  server.Server (Server.java:doStart(375)) - jetty-9.4.54.v20240208; built: 2024-02-08T19:42:39.027Z; git: cef3fbd6d736a21e7d541a5db490381d95a2047d; jvm 17.0.10+7
2024-05-12 17:41:28,920 [main] INFO  server.session (DefaultSessionIdManager.java:doStart(334)) - DefaultSessionIdManager workerName=node0
2024-05-12 17:41:28,920 [main] INFO  server.session (DefaultSessionIdManager.java:doStart(339)) - No SessionScavenger set, using defaults
2024-05-12 17:41:28,920 [main] INFO  server.session (HouseKeeper.java:startScavenging(132)) - node0 Scavenging every 660000ms
2024-05-12 17:41:28,921 [main] INFO  handler.ContextHandler (ContextHandler.java:doStart(921)) - Started o.e.j.s.ServletContextHandler@29770835{logs,/logs,file:///home/runner/work/ozone/ozone/hadoop-ozone/integration-test/target/log,AVAILABLE}
2024-05-12 17:41:28,921 [main] INFO  handler.ContextHandler (ContextHandler.java:doStart(921)) - Started o.e.j.s.ServletContextHandler@1235086c{static,/static,file:///home/runner/work/ozone/ozone/hadoop-ozone/integration-test/target/test-classes/webapps/static,AVAILABLE}
2024-05-12 17:41:28,924 [main] INFO  handler.ContextHandler (ContextHandler.java:doStart(921)) - Started o.e.j.w.WebAppContext@1eba2b8d{ozoneManager,/,file:///home/runner/work/ozone/ozone/hadoop-ozone/integration-test/target/test-classes/webapps/ozoneManager/,AVAILABLE}{file:/home/runner/work/ozone/ozone/hadoop-ozone/integration-test/target/test-classes/webapps/ozoneManager}
2024-05-12 17:41:28,925 [main] INFO  server.AbstractConnector (AbstractConnector.java:doStart(333)) - Started ServerConnector@1b96f15e{HTTP/1.1, (http/1.1)}{0.0.0.0:15299}
2024-05-12 17:41:28,925 [main] INFO  server.Server (Server.java:doStart(415)) - Started @176470ms
2024-05-12 17:41:28,925 [main] WARN  impl.MetricsSystemImpl (MetricsSystemImpl.java:register(279)) - Sink prometheus already exists!
2024-05-12 17:41:28,925 [main] INFO  http.BaseHttpServer (BaseHttpServer.java:updateConnectorAddress(354)) - HTTP server of ozoneManager listening at http://0.0.0.0:15299
2024-05-12 17:41:28,925 [IPC Server Responder] INFO  ipc.Server (Server.java:run(1562)) - IPC Server Responder: starting
2024-05-12 17:41:28,925 [IPC Server listener on 15298] INFO  ipc.Server (Server.java:run(1402)) - IPC Server listener on 15298: starting
2024-05-12 17:41:28,927 [main] INFO  om.OzoneManager (OzoneManager.java:startTrashEmptier(2121)) - Trash Interval set to 0. Files deleted won't move to trash
2024-05-12 17:41:28,943 [main] WARN  dropwizard3.Dm3MetricRegistriesImpl (Dm3MetricRegistriesImpl.java:addReporterRegistration(113)) - New reporters are added after registries were created. Some metrics will be missing from the reporter. Please add reporter before adding any new registry.
2024-05-12 17:41:28,943 [main] WARN  dropwizard3.Dm3MetricRegistriesImpl (Dm3MetricRegistriesImpl.java:addReporterRegistration(113)) - New reporters are added after registries were created. Some metrics will be missing from the reporter. Please add reporter before adding any new registry.
2024-05-12 17:41:28,943 [main] INFO  impl.MetricsSystemImpl (MetricsSystemImpl.java:init(158)) - HddsDatanode metrics system started (again)
2024-05-12 17:41:28,951 [main] INFO  ozone.HddsDatanodeService (HddsDatanodeService.java:start(240)) - HddsDatanodeService host:fv-az576-466.aorupckr0enubjna0yxjxz5gkh.cx.internal.cloudapp.net ip:10.1.0.24
2024-05-12 17:41:28,969 [main] INFO  upgrade.AbstractLayoutVersionManager (AbstractLayoutVersionManager.java:init(83)) - Initializing Layout version manager with metadata layout = HADOOP_PRC_PORTS_IN_DATANODEDETAILS (version = 7), software layout = HADOOP_PRC_PORTS_IN_DATANODEDETAILS (version = 7)
2024-05-12 17:41:28,969 [main] INFO  statemachine.DatanodeStateMachine (DatanodeStateMachine.java:getEndPointTaskThreadPoolSize(299)) - Datanode State Machine Task Thread Pool size 2
2024-05-12 17:41:28,970 [main] INFO  volume.HddsVolume (HddsVolume.java:<init>(126)) - Creating HddsVolume: /home/runner/work/ozone/ozone/hadoop-ozone/integration-test/target/test-dir/MiniOzoneClusterImpl-71ef5771-1bca-432b-8888-38dc3c8d5d63/ozone-meta/datanode-1/data-0/hdds of storage type : DISK capacity : 9222449699674390527
2024-05-12 17:41:28,970 [main] INFO  volume.MutableVolumeSet (MutableVolumeSet.java:initializeVolumeSet(173)) - Added Volume : /home/runner/work/ozone/ozone/hadoop-ozone/integration-test/target/test-dir/MiniOzoneClusterImpl-71ef5771-1bca-432b-8888-38dc3c8d5d63/ozone-meta/datanode-1/data-0/hdds to VolumeSet
2024-05-12 17:41:28,971 [main] INFO  volume.MutableVolumeSet (MutableVolumeSet.java:initializeVolumeSet(173)) - Added Volume : /home/runner/work/ozone/ozone/hadoop-ozone/integration-test/target/test-dir/MiniOzoneClusterImpl-71ef5771-1bca-432b-8888-38dc3c8d5d63/ozone-meta/datanode-1/ratis to VolumeSet
2024-05-12 17:41:28,971 [main] INFO  ozoneimpl.OzoneContainer (HddsVolumeUtil.java:loadAllHddsVolumeDbStore(103)) - Load 1 volumes DbStore cost: 0ms
2024-05-12 17:41:28,972 [main] INFO  server.RaftServer (ConfUtils.java:logGet(46)) - raft.rpc.type = GRPC (default)
2024-05-12 17:41:28,972 [main] INFO  grpc.GrpcConfigKeys (ConfUtils.java:logFallback(53)) - raft.grpc.admin.host = null (fallback to raft.grpc.server.host)
2024-05-12 17:41:28,973 [main] INFO  grpc.GrpcConfigKeys (ConfUtils.java:logGet(46)) - raft.grpc.admin.port = 15307 (custom)
2024-05-12 17:41:28,973 [main] INFO  grpc.GrpcConfigKeys (ConfUtils.java:logFallback(53)) - raft.grpc.client.host = null (fallback to raft.grpc.server.host)
2024-05-12 17:41:28,973 [main] INFO  grpc.GrpcConfigKeys (ConfUtils.java:logGet(46)) - raft.grpc.client.port = 15306 (custom)
2024-05-12 17:41:28,973 [main] INFO  grpc.GrpcConfigKeys (ConfUtils.java:logGet(46)) - raft.grpc.server.host = null (default)
2024-05-12 17:41:28,973 [main] INFO  grpc.GrpcConfigKeys (ConfUtils.java:logGet(46)) - raft.grpc.server.port = 15308 (custom)
2024-05-12 17:41:28,973 [main] INFO  server.GrpcService (ConfUtils.java:logGet(46)) - raft.grpc.message.size.max = 32MB (=33554432) (custom)
2024-05-12 17:41:28,973 [main] INFO  server.RaftServerConfigKeys (ConfUtils.java:logGet(46)) - raft.server.log.appender.buffer.byte-limit = 8388608 (custom)
2024-05-12 17:41:28,973 [main] INFO  server.GrpcService (ConfUtils.java:logGet(46)) - raft.grpc.flow.control.window = 5MB (=5242880) (custom)
2024-05-12 17:41:28,973 [main] INFO  server.RaftServerConfigKeys (ConfUtils.java:logGet(46)) - raft.server.rpc.request.timeout = 3000ms (default)
2024-05-12 17:41:28,973 [main] INFO  grpc.GrpcConfigKeys (ConfUtils.java:logGet(46)) - raft.grpc.server.heartbeat.channel = true (default)
2024-05-12 17:41:28,973 [main] INFO  grpc.GrpcConfigKeys (ConfUtils.java:logGet(46)) - raft.grpc.server.async.request.thread.pool.cached = true (default)
2024-05-12 17:41:28,973 [main] INFO  grpc.GrpcConfigKeys (ConfUtils.java:logGet(46)) - raft.grpc.server.async.request.thread.pool.size = 32 (default)
2024-05-12 17:41:28,975 [main] INFO  impl.DataStreamServerImpl (ConfUtils.java:logGet(46)) - raft.datastream.type = NETTY (custom)
2024-05-12 17:41:28,975 [main] INFO  server.RaftServerConfigKeys (ConfUtils.java:logGet(46)) - raft.server.data-stream.async.request.thread.pool.cached = false (default)
2024-05-12 17:41:28,975 [main] INFO  server.RaftServerConfigKeys (ConfUtils.java:logGet(46)) - raft.server.data-stream.async.request.thread.pool.size = 20 (custom)
2024-05-12 17:41:28,975 [main] INFO  server.RaftServerConfigKeys (ConfUtils.java:logGet(46)) - raft.server.data-stream.async.write.thread.pool.size = 16 (default)
2024-05-12 17:41:28,976 [main] INFO  netty.NettyConfigKeys$DataStream (ConfUtils.java:logGet(46)) - raft.netty.dataStream.server.channel.inactive.grace-period = 10min (default)
2024-05-12 17:41:28,976 [main] INFO  server.RaftServerConfigKeys (ConfUtils.java:logGet(46)) - raft.server.data-stream.client.pool.size = 10 (default)
2024-05-12 17:41:28,976 [main] INFO  netty.NettyConfigKeys$DataStream (ConfUtils.java:logGet(46)) - raft.netty.dataStream.server.use-epoll = true (default)
2024-05-12 17:41:28,976 [main] INFO  netty.NettyConfigKeys$DataStream (ConfUtils.java:logGet(46)) - raft.netty.dataStream.server.boss-group.size = 0 (default)
2024-05-12 17:41:28,976 [main] INFO  netty.NettyUtils (NettyUtils.java:newEventLoopGroup(69)) - Create EpollEventLoopGroup for d0e7fafe-f667-41fb-a16a-ecd1bcb446b6-NettyServerStreamRpc-bossGroup; Thread size is 0.
2024-05-12 17:41:28,976 [main] INFO  netty.NettyConfigKeys$DataStream (ConfUtils.java:logGet(46)) - raft.netty.dataStream.server.worker-group.size = 0 (default)
2024-05-12 17:41:28,976 [main] INFO  netty.NettyUtils (NettyUtils.java:newEventLoopGroup(69)) - Create EpollEventLoopGroup for d0e7fafe-f667-41fb-a16a-ecd1bcb446b6-NettyServerStreamRpc-workerGroup; Thread size is 0.
2024-05-12 17:41:28,976 [main] INFO  netty.NettyConfigKeys$DataStream (ConfUtils.java:logGet(46)) - raft.netty.dataStream.server.tls.conf = null (default)
2024-05-12 17:41:28,976 [main] INFO  netty.NettyConfigKeys$DataStream (ConfUtils.java:logGet(46)) - raft.netty.dataStream.host = null (default)
2024-05-12 17:41:28,977 [main] INFO  netty.NettyConfigKeys$DataStream (ConfUtils.java:logGet(46)) - raft.netty.dataStream.port = 15309 (custom)
2024-05-12 17:41:28,977 [main] INFO  server.RaftServerConfigKeys (ConfUtils.java:logGet(46)) - raft.server.sleep.deviation.threshold = 300ms (default)
2024-05-12 17:41:28,977 [main] INFO  server.RaftServerConfigKeys (ConfUtils.java:logGet(46)) - raft.server.close.threshold = 60s (default)
2024-05-12 17:41:28,977 [main] INFO  server.RaftServerConfigKeys (ConfUtils.java:logGet(46)) - raft.server.leaderelection.leader.step-down.wait-time = 10s (default)
2024-05-12 17:41:28,977 [d0e7fafe-f667-41fb-a16a-ecd1bcb446b6-NettyServerStreamRpc-bossGroup--thread1] INFO  logging.LoggingHandler (AbstractInternalLogger.java:log(148)) - [id: 0xe2a70c31] REGISTERED
2024-05-12 17:41:28,977 [main] INFO  server.RaftServerConfigKeys (ConfUtils.java:logGet(46)) - raft.server.storage.dir = [/home/runner/work/ozone/ozone/hadoop-ozone/integration-test/target/test-dir/MiniOzoneClusterImpl-71ef5771-1bca-432b-8888-38dc3c8d5d63/ozone-meta/datanode-1/ratis] (custom)
2024-05-12 17:41:28,977 [main] INFO  server.RaftServerConfigKeys (ConfUtils.java:logGet(46)) - raft.server.threadpool.proxy.cached = true (default)
2024-05-12 17:41:28,977 [main] INFO  server.RaftServerConfigKeys (ConfUtils.java:logGet(46)) - raft.server.threadpool.proxy.size = 0 (default)
2024-05-12 17:41:28,978 [d0e7fafe-f667-41fb-a16a-ecd1bcb446b6-NettyServerStreamRpc-bossGroup--thread1] INFO  logging.LoggingHandler (AbstractInternalLogger.java:log(148)) - [id: 0xe2a70c31] BIND: 0.0.0.0/0.0.0.0:15309
2024-05-12 17:41:28,978 [d0e7fafe-f667-41fb-a16a-ecd1bcb446b6-NettyServerStreamRpc-bossGroup--thread1] INFO  logging.LoggingHandler (AbstractInternalLogger.java:log(148)) - [id: 0xe2a70c31, L:/0.0.0.0:15309] ACTIVE
2024-05-12 17:41:28,978 [d0e7fafe-f667-41fb-a16a-ecd1bcb446b6-impl-thread1] INFO  server.RaftServer (RaftServerProxy.java:initGroupDir(264)) - d0e7fafe-f667-41fb-a16a-ecd1bcb446b6: found a subdirectory /home/runner/work/ozone/ozone/hadoop-ozone/integration-test/target/test-dir/MiniOzoneClusterImpl-71ef5771-1bca-432b-8888-38dc3c8d5d63/ozone-meta/datanode-1/ratis/tmp
2024-05-12 17:41:28,978 [d0e7fafe-f667-41fb-a16a-ecd1bcb446b6-impl-thread1] INFO  server.RaftServer (RaftServerProxy.java:initGroupDir(269)) - d0e7fafe-f667-41fb-a16a-ecd1bcb446b6: The directory /home/runner/work/ozone/ozone/hadoop-ozone/integration-test/target/test-dir/MiniOzoneClusterImpl-71ef5771-1bca-432b-8888-38dc3c8d5d63/ozone-meta/datanode-1/ratis/tmp is not a group directory; ignoring it. 
2024-05-12 17:41:28,978 [main] INFO  replication.ReplicationServer (ReplicationServer.java:<init>(86)) - Initializing replication server with thread count = 10 queue length = 4096
2024-05-12 17:41:28,979 [main] INFO  server.XceiverServerGrpc (XceiverServerGrpc.java:<init>(141)) - GrpcServer channel type EpollServerSocketChannel
2024-05-12 17:41:28,980 [main] INFO  replication.ReplicationSupervisor (ReplicationSupervisor.java:build(157)) - Initializing replication supervisor with thread count = 10
2024-05-12 17:41:28,980 [main] INFO  replication.ReplicationSupervisor (ReplicationSupervisor.java:nodeStateUpdated(312)) - Node state updated to IN_SERVICE, scaling executor pool size to 10
2024-05-12 17:41:28,981 [main] INFO  http.BaseHttpServer (BaseHttpServer.java:newHttpServer2BuilderForOzone(223)) - Starting Web-server for hddsDatanode at: http://0.0.0.0:15303
2024-05-12 17:41:28,981 [main] INFO  http.BaseHttpServer (BaseHttpServer.java:<init>(110)) - Hadoop Security Enabled: false Ozone Security Enabled: false Ozone HTTP Security Enabled: false 
2024-05-12 17:41:28,982 [main] WARN  server.AuthenticationFilter (AuthenticationFilter.java:constructSecretProvider(240)) - Unable to initialize FileSignerSecretProvider, falling back to use random secrets. Reason: Could not read signature secret file: /home/runner/hadoop-http-auth-signature-secret
2024-05-12 17:41:28,983 [main] INFO  http.HttpRequestLog (HttpRequestLog.java:getRequestLog(86)) - Http request log for http.requests.hddsDatanode is not defined
2024-05-12 17:41:28,983 [main] INFO  http.HttpServer2 (HttpServer2.java:addGlobalFilter(1036)) - Added global filter 'safety' (class=org.apache.hadoop.hdds.server.http.HttpServer2$QuotingInputFilter)
2024-05-12 17:41:28,984 [main] INFO  http.HttpServer2 (HttpServer2.java:addFilter(1012)) - Added filter static_user_filter (class=org.apache.hadoop.http.lib.StaticUserWebFilter$StaticUserFilter) to context hddsDatanode
2024-05-12 17:41:28,984 [main] INFO  http.HttpServer2 (HttpServer2.java:addFilter(1020)) - Added filter static_user_filter (class=org.apache.hadoop.http.lib.StaticUserWebFilter$StaticUserFilter) to context logs
2024-05-12 17:41:28,984 [main] INFO  http.HttpServer2 (HttpServer2.java:addFilter(1020)) - Added filter static_user_filter (class=org.apache.hadoop.http.lib.StaticUserWebFilter$StaticUserFilter) to context static
2024-05-12 17:41:28,984 [main] INFO  http.BaseHttpServer (BaseHttpServer.java:<init>(189)) - HTTP server of hddsDatanode uses base directory /home/runner/work/ozone/ozone/hadoop-ozone/integration-test/target/test-dir/MiniOzoneClusterImpl-71ef5771-1bca-432b-8888-38dc3c8d5d63/ozone-meta/datanode-1/meta/webserver
2024-05-12 17:41:28,984 [main] INFO  http.HttpServer2 (HttpServer2.java:bindListener(1236)) - Jetty bound to port 15303
2024-05-12 17:41:28,984 [main] INFO  server.Server (Server.java:doStart(375)) - jetty-9.4.54.v20240208; built: 2024-02-08T19:42:39.027Z; git: cef3fbd6d736a21e7d541a5db490381d95a2047d; jvm 17.0.10+7
2024-05-12 17:41:28,985 [main] INFO  server.session (DefaultSessionIdManager.java:doStart(334)) - DefaultSessionIdManager workerName=node0
2024-05-12 17:41:28,985 [main] INFO  server.session (DefaultSessionIdManager.java:doStart(339)) - No SessionScavenger set, using defaults
2024-05-12 17:41:28,985 [main] INFO  server.session (HouseKeeper.java:startScavenging(132)) - node0 Scavenging every 600000ms
2024-05-12 17:41:28,986 [main] INFO  handler.ContextHandler (ContextHandler.java:doStart(921)) - Started o.e.j.s.ServletContextHandler@7db865a8{logs,/logs,file:///home/runner/work/ozone/ozone/hadoop-ozone/integration-test/target/log,AVAILABLE}
2024-05-12 17:41:28,986 [main] INFO  handler.ContextHandler (ContextHandler.java:doStart(921)) - Started o.e.j.s.ServletContextHandler@2e7011b5{static,/static,file:///home/runner/work/ozone/ozone/hadoop-hdds/container-service/target/classes/webapps/static,AVAILABLE}
2024-05-12 17:41:28,988 [main] INFO  handler.ContextHandler (ContextHandler.java:doStart(921)) - Started o.e.j.w.WebAppContext@5a68d4d6{hddsDatanode,/,file:///home/runner/work/ozone/ozone/hadoop-hdds/container-service/target/classes/webapps/hddsDatanode/,AVAILABLE}{file:/home/runner/work/ozone/ozone/hadoop-hdds/container-service/target/classes/webapps/hddsDatanode}
2024-05-12 17:41:28,989 [main] INFO  server.AbstractConnector (AbstractConnector.java:doStart(333)) - Started ServerConnector@9d518ef{HTTP/1.1, (http/1.1)}{0.0.0.0:15303}
2024-05-12 17:41:28,989 [main] INFO  server.Server (Server.java:doStart(415)) - Started @176534ms
2024-05-12 17:41:28,989 [main] WARN  impl.MetricsSystemImpl (MetricsSystemImpl.java:register(279)) - Sink prometheus already exists!
2024-05-12 17:41:28,990 [main] INFO  http.BaseHttpServer (BaseHttpServer.java:updateConnectorAddress(354)) - HTTP server of hddsDatanode listening at http://0.0.0.0:15303
2024-05-12 17:41:28,990 [main] INFO  ipc.CallQueueManager (CallQueueManager.java:<init>(90)) - Using callQueue: class java.util.concurrent.LinkedBlockingQueue, queueCapacity: 100, scheduler: class org.apache.hadoop.ipc.DefaultRpcScheduler, ipcBackoff: false.
2024-05-12 17:41:28,990 [main] INFO  ipc.Server (Server.java:<init>(1287)) - Listener at 0.0.0.0:15304
2024-05-12 17:41:28,992 [Socket Reader #1 for port 15304] INFO  ipc.Server (Server.java:run(1323)) - Starting Socket Reader #1 for port 15304
2024-05-12 17:41:28,993 [main] INFO  ozone.HddsDatanodeService (HddsDatanodeService.java:start(327)) - Datanode start with admins: [runner]
2024-05-12 17:41:28,994 [main] INFO  ozone.HddsDatanodeClientProtocolServer (HddsDatanodeClientProtocolServer.java:start(77)) - RPC server for Client /0.0.0.0:15304
2024-05-12 17:41:28,994 [IPC Server Responder] INFO  ipc.Server (Server.java:run(1562)) - IPC Server Responder: starting
2024-05-12 17:41:28,994 [IPC Server listener on 15304] INFO  ipc.Server (Server.java:run(1402)) - IPC Server listener on 15304: starting
2024-05-12 17:41:28,995 [d0e7fafe-f667-41fb-a16a-ecd1bcb446b6-DatanodeStateMachineDaemonThread] INFO  statemachine.DatanodeStateMachine (DatanodeStateMachine.java:lambda$startDaemon$1(555)) - Ozone container server started.
2024-05-12 17:41:28,995 [main] WARN  dropwizard3.Dm3MetricRegistriesImpl (Dm3MetricRegistriesImpl.java:addReporterRegistration(113)) - New reporters are added after registries were created. Some metrics will be missing from the reporter. Please add reporter before adding any new registry.
2024-05-12 17:41:28,995 [main] WARN  dropwizard3.Dm3MetricRegistriesImpl (Dm3MetricRegistriesImpl.java:addReporterRegistration(113)) - New reporters are added after registries were created. Some metrics will be missing from the reporter. Please add reporter before adding any new registry.
2024-05-12 17:41:28,995 [main] INFO  impl.MetricsSystemImpl (MetricsSystemImpl.java:init(158)) - HddsDatanode metrics system started (again)
2024-05-12 17:41:28,997 [d0e7fafe-f667-41fb-a16a-ecd1bcb446b6-DatanodeStateMachineTaskThread-0] INFO  datanode.InitDatanodeState (InitDatanodeState.java:persistContainerDatanodeDetails(139)) - DatanodeDetails is persisted to /home/runner/work/ozone/ozone/hadoop-ozone/integration-test/target/test-dir/MiniOzoneClusterImpl-71ef5771-1bca-432b-8888-38dc3c8d5d63/ozone-meta/datanode-1/meta/datanode.id
2024-05-12 17:41:29,004 [main] INFO  ozone.HddsDatanodeService (HddsDatanodeService.java:start(240)) - HddsDatanodeService host:fv-az576-466.aorupckr0enubjna0yxjxz5gkh.cx.internal.cloudapp.net ip:10.1.0.24
2024-05-12 17:41:29,020 [main] INFO  upgrade.AbstractLayoutVersionManager (AbstractLayoutVersionManager.java:init(83)) - Initializing Layout version manager with metadata layout = HADOOP_PRC_PORTS_IN_DATANODEDETAILS (version = 7), software layout = HADOOP_PRC_PORTS_IN_DATANODEDETAILS (version = 7)
2024-05-12 17:41:29,020 [main] INFO  statemachine.DatanodeStateMachine (DatanodeStateMachine.java:getEndPointTaskThreadPoolSize(299)) - Datanode State Machine Task Thread Pool size 2
2024-05-12 17:41:29,021 [main] INFO  volume.HddsVolume (HddsVolume.java:<init>(126)) - Creating HddsVolume: /home/runner/work/ozone/ozone/hadoop-ozone/integration-test/target/test-dir/MiniOzoneClusterImpl-71ef5771-1bca-432b-8888-38dc3c8d5d63/ozone-meta/datanode-2/data-0/hdds of storage type : DISK capacity : 9222449699674390527
2024-05-12 17:41:29,021 [main] INFO  volume.MutableVolumeSet (MutableVolumeSet.java:initializeVolumeSet(173)) - Added Volume : /home/runner/work/ozone/ozone/hadoop-ozone/integration-test/target/test-dir/MiniOzoneClusterImpl-71ef5771-1bca-432b-8888-38dc3c8d5d63/ozone-meta/datanode-2/data-0/hdds to VolumeSet
2024-05-12 17:41:29,021 [main] INFO  volume.MutableVolumeSet (MutableVolumeSet.java:initializeVolumeSet(173)) - Added Volume : /home/runner/work/ozone/ozone/hadoop-ozone/integration-test/target/test-dir/MiniOzoneClusterImpl-71ef5771-1bca-432b-8888-38dc3c8d5d63/ozone-meta/datanode-2/ratis to VolumeSet
2024-05-12 17:41:29,022 [main] INFO  ozoneimpl.OzoneContainer (HddsVolumeUtil.java:loadAllHddsVolumeDbStore(103)) - Load 1 volumes DbStore cost: 0ms
2024-05-12 17:41:29,023 [main] INFO  server.RaftServer (ConfUtils.java:logGet(46)) - raft.rpc.type = GRPC (default)
2024-05-12 17:41:29,023 [main] INFO  grpc.GrpcConfigKeys (ConfUtils.java:logFallback(53)) - raft.grpc.admin.host = null (fallback to raft.grpc.server.host)
2024-05-12 17:41:29,023 [main] INFO  grpc.GrpcConfigKeys (ConfUtils.java:logGet(46)) - raft.grpc.admin.port = 15316 (custom)
2024-05-12 17:41:29,023 [main] INFO  grpc.GrpcConfigKeys (ConfUtils.java:logFallback(53)) - raft.grpc.client.host = null (fallback to raft.grpc.server.host)
2024-05-12 17:41:29,023 [main] INFO  grpc.GrpcConfigKeys (ConfUtils.java:logGet(46)) - raft.grpc.client.port = 15315 (custom)
2024-05-12 17:41:29,024 [main] INFO  grpc.GrpcConfigKeys (ConfUtils.java:logGet(46)) - raft.grpc.server.host = null (default)
2024-05-12 17:41:29,024 [main] INFO  grpc.GrpcConfigKeys (ConfUtils.java:logGet(46)) - raft.grpc.server.port = 15317 (custom)
2024-05-12 17:41:29,024 [main] INFO  server.GrpcService (ConfUtils.java:logGet(46)) - raft.grpc.message.size.max = 32MB (=33554432) (custom)
2024-05-12 17:41:29,024 [main] INFO  server.RaftServerConfigKeys (ConfUtils.java:logGet(46)) - raft.server.log.appender.buffer.byte-limit = 8388608 (custom)
2024-05-12 17:41:29,024 [main] INFO  server.GrpcService (ConfUtils.java:logGet(46)) - raft.grpc.flow.control.window = 5MB (=5242880) (custom)
2024-05-12 17:41:29,024 [main] INFO  server.RaftServerConfigKeys (ConfUtils.java:logGet(46)) - raft.server.rpc.request.timeout = 3000ms (default)
2024-05-12 17:41:29,024 [main] INFO  grpc.GrpcConfigKeys (ConfUtils.java:logGet(46)) - raft.grpc.server.heartbeat.channel = true (default)
2024-05-12 17:41:29,024 [main] INFO  grpc.GrpcConfigKeys (ConfUtils.java:logGet(46)) - raft.grpc.server.async.request.thread.pool.cached = true (default)
2024-05-12 17:41:29,024 [main] INFO  grpc.GrpcConfigKeys (ConfUtils.java:logGet(46)) - raft.grpc.server.async.request.thread.pool.size = 32 (default)
2024-05-12 17:41:29,026 [main] INFO  impl.DataStreamServerImpl (ConfUtils.java:logGet(46)) - raft.datastream.type = NETTY (custom)
2024-05-12 17:41:29,026 [main] INFO  server.RaftServerConfigKeys (ConfUtils.java:logGet(46)) - raft.server.data-stream.async.request.thread.pool.cached = false (default)
2024-05-12 17:41:29,026 [main] INFO  server.RaftServerConfigKeys (ConfUtils.java:logGet(46)) - raft.server.data-stream.async.request.thread.pool.size = 20 (custom)
2024-05-12 17:41:29,026 [main] INFO  server.RaftServerConfigKeys (ConfUtils.java:logGet(46)) - raft.server.data-stream.async.write.thread.pool.size = 16 (default)
2024-05-12 17:41:29,026 [main] INFO  netty.NettyConfigKeys$DataStream (ConfUtils.java:logGet(46)) - raft.netty.dataStream.server.channel.inactive.grace-period = 10min (default)
2024-05-12 17:41:29,026 [main] INFO  server.RaftServerConfigKeys (ConfUtils.java:logGet(46)) - raft.server.data-stream.client.pool.size = 10 (default)
2024-05-12 17:41:29,026 [main] INFO  netty.NettyConfigKeys$DataStream (ConfUtils.java:logGet(46)) - raft.netty.dataStream.server.use-epoll = true (default)
2024-05-12 17:41:29,026 [main] INFO  netty.NettyConfigKeys$DataStream (ConfUtils.java:logGet(46)) - raft.netty.dataStream.server.boss-group.size = 0 (default)
2024-05-12 17:41:29,026 [main] INFO  netty.NettyUtils (NettyUtils.java:newEventLoopGroup(69)) - Create EpollEventLoopGroup for b7336ce2-a724-4c4a-8025-d323d27fa237-NettyServerStreamRpc-bossGroup; Thread size is 0.
2024-05-12 17:41:29,026 [main] INFO  netty.NettyConfigKeys$DataStream (ConfUtils.java:logGet(46)) - raft.netty.dataStream.server.worker-group.size = 0 (default)
2024-05-12 17:41:29,027 [main] INFO  netty.NettyUtils (NettyUtils.java:newEventLoopGroup(69)) - Create EpollEventLoopGroup for b7336ce2-a724-4c4a-8025-d323d27fa237-NettyServerStreamRpc-workerGroup; Thread size is 0.
2024-05-12 17:41:29,027 [main] INFO  netty.NettyConfigKeys$DataStream (ConfUtils.java:logGet(46)) - raft.netty.dataStream.server.tls.conf = null (default)
2024-05-12 17:41:29,027 [main] INFO  netty.NettyConfigKeys$DataStream (ConfUtils.java:logGet(46)) - raft.netty.dataStream.host = null (default)
2024-05-12 17:41:29,027 [main] INFO  netty.NettyConfigKeys$DataStream (ConfUtils.java:logGet(46)) - raft.netty.dataStream.port = 15318 (custom)
2024-05-12 17:41:29,027 [main] INFO  server.RaftServerConfigKeys (ConfUtils.java:logGet(46)) - raft.server.sleep.deviation.threshold = 300ms (default)
2024-05-12 17:41:29,027 [main] INFO  server.RaftServerConfigKeys (ConfUtils.java:logGet(46)) - raft.server.close.threshold = 60s (default)
2024-05-12 17:41:29,027 [main] INFO  server.RaftServerConfigKeys (ConfUtils.java:logGet(46)) - raft.server.leaderelection.leader.step-down.wait-time = 10s (default)
2024-05-12 17:41:29,028 [main] INFO  server.RaftServerConfigKeys (ConfUtils.java:logGet(46)) - raft.server.storage.dir = [/home/runner/work/ozone/ozone/hadoop-ozone/integration-test/target/test-dir/MiniOzoneClusterImpl-71ef5771-1bca-432b-8888-38dc3c8d5d63/ozone-meta/datanode-2/ratis] (custom)
2024-05-12 17:41:29,028 [main] INFO  server.RaftServerConfigKeys (ConfUtils.java:logGet(46)) - raft.server.threadpool.proxy.cached = true (default)
2024-05-12 17:41:29,028 [main] INFO  server.RaftServerConfigKeys (ConfUtils.java:logGet(46)) - raft.server.threadpool.proxy.size = 0 (default)
2024-05-12 17:41:29,027 [b7336ce2-a724-4c4a-8025-d323d27fa237-NettyServerStreamRpc-bossGroup--thread1] INFO  logging.LoggingHandler (AbstractInternalLogger.java:log(148)) - [id: 0x0a7e64e3] REGISTERED
2024-05-12 17:41:29,028 [b7336ce2-a724-4c4a-8025-d323d27fa237-NettyServerStreamRpc-bossGroup--thread1] INFO  logging.LoggingHandler (AbstractInternalLogger.java:log(148)) - [id: 0x0a7e64e3] BIND: 0.0.0.0/0.0.0.0:15318
2024-05-12 17:41:29,028 [b7336ce2-a724-4c4a-8025-d323d27fa237-NettyServerStreamRpc-bossGroup--thread1] INFO  logging.LoggingHandler (AbstractInternalLogger.java:log(148)) - [id: 0x0a7e64e3, L:/0.0.0.0:15318] ACTIVE
2024-05-12 17:41:29,028 [b7336ce2-a724-4c4a-8025-d323d27fa237-impl-thread1] INFO  server.RaftServer (RaftServerProxy.java:initGroupDir(264)) - b7336ce2-a724-4c4a-8025-d323d27fa237: found a subdirectory /home/runner/work/ozone/ozone/hadoop-ozone/integration-test/target/test-dir/MiniOzoneClusterImpl-71ef5771-1bca-432b-8888-38dc3c8d5d63/ozone-meta/datanode-2/ratis/tmp
2024-05-12 17:41:29,028 [b7336ce2-a724-4c4a-8025-d323d27fa237-impl-thread1] INFO  server.RaftServer (RaftServerProxy.java:initGroupDir(269)) - b7336ce2-a724-4c4a-8025-d323d27fa237: The directory /home/runner/work/ozone/ozone/hadoop-ozone/integration-test/target/test-dir/MiniOzoneClusterImpl-71ef5771-1bca-432b-8888-38dc3c8d5d63/ozone-meta/datanode-2/ratis/tmp is not a group directory; ignoring it. 
2024-05-12 17:41:29,028 [main] INFO  replication.ReplicationServer (ReplicationServer.java:<init>(86)) - Initializing replication server with thread count = 10 queue length = 4096
2024-05-12 17:41:29,029 [main] INFO  server.XceiverServerGrpc (XceiverServerGrpc.java:<init>(141)) - GrpcServer channel type EpollServerSocketChannel
2024-05-12 17:41:29,030 [main] INFO  replication.ReplicationSupervisor (ReplicationSupervisor.java:build(157)) - Initializing replication supervisor with thread count = 10
2024-05-12 17:41:29,030 [main] INFO  replication.ReplicationSupervisor (ReplicationSupervisor.java:nodeStateUpdated(312)) - Node state updated to IN_SERVICE, scaling executor pool size to 10
2024-05-12 17:41:29,031 [main] INFO  http.BaseHttpServer (BaseHttpServer.java:newHttpServer2BuilderForOzone(223)) - Starting Web-server for hddsDatanode at: http://0.0.0.0:15312
2024-05-12 17:41:29,031 [main] INFO  http.BaseHttpServer (BaseHttpServer.java:<init>(110)) - Hadoop Security Enabled: false Ozone Security Enabled: false Ozone HTTP Security Enabled: false 
2024-05-12 17:41:29,032 [main] WARN  server.AuthenticationFilter (AuthenticationFilter.java:constructSecretProvider(240)) - Unable to initialize FileSignerSecretProvider, falling back to use random secrets. Reason: Could not read signature secret file: /home/runner/hadoop-http-auth-signature-secret
2024-05-12 17:41:29,034 [main] INFO  http.HttpRequestLog (HttpRequestLog.java:getRequestLog(86)) - Http request log for http.requests.hddsDatanode is not defined
2024-05-12 17:41:29,035 [main] INFO  http.HttpServer2 (HttpServer2.java:addGlobalFilter(1036)) - Added global filter 'safety' (class=org.apache.hadoop.hdds.server.http.HttpServer2$QuotingInputFilter)
2024-05-12 17:41:29,035 [main] INFO  http.HttpServer2 (HttpServer2.java:addFilter(1012)) - Added filter static_user_filter (class=org.apache.hadoop.http.lib.StaticUserWebFilter$StaticUserFilter) to context hddsDatanode
2024-05-12 17:41:29,035 [main] INFO  http.HttpServer2 (HttpServer2.java:addFilter(1020)) - Added filter static_user_filter (class=org.apache.hadoop.http.lib.StaticUserWebFilter$StaticUserFilter) to context logs
2024-05-12 17:41:29,035 [main] INFO  http.HttpServer2 (HttpServer2.java:addFilter(1020)) - Added filter static_user_filter (class=org.apache.hadoop.http.lib.StaticUserWebFilter$StaticUserFilter) to context static
2024-05-12 17:41:29,036 [main] INFO  http.BaseHttpServer (BaseHttpServer.java:<init>(189)) - HTTP server of hddsDatanode uses base directory /home/runner/work/ozone/ozone/hadoop-ozone/integration-test/target/test-dir/MiniOzoneClusterImpl-71ef5771-1bca-432b-8888-38dc3c8d5d63/ozone-meta/datanode-2/meta/webserver
2024-05-12 17:41:29,036 [main] INFO  http.HttpServer2 (HttpServer2.java:bindListener(1236)) - Jetty bound to port 15312
2024-05-12 17:41:29,036 [main] INFO  server.Server (Server.java:doStart(375)) - jetty-9.4.54.v20240208; built: 2024-02-08T19:42:39.027Z; git: cef3fbd6d736a21e7d541a5db490381d95a2047d; jvm 17.0.10+7
2024-05-12 17:41:29,039 [main] INFO  server.session (DefaultSessionIdManager.java:doStart(334)) - DefaultSessionIdManager workerName=node0
2024-05-12 17:41:29,039 [main] INFO  server.session (DefaultSessionIdManager.java:doStart(339)) - No SessionScavenger set, using defaults
2024-05-12 17:41:29,039 [main] INFO  server.session (HouseKeeper.java:startScavenging(132)) - node0 Scavenging every 600000ms
2024-05-12 17:41:29,039 [main] INFO  handler.ContextHandler (ContextHandler.java:doStart(921)) - Started o.e.j.s.ServletContextHandler@5eac24de{logs,/logs,file:///home/runner/work/ozone/ozone/hadoop-ozone/integration-test/target/log,AVAILABLE}
2024-05-12 17:41:29,040 [main] INFO  handler.ContextHandler (ContextHandler.java:doStart(921)) - Started o.e.j.s.ServletContextHandler@25db0f54{static,/static,file:///home/runner/work/ozone/ozone/hadoop-hdds/container-service/target/classes/webapps/static,AVAILABLE}
2024-05-12 17:41:29,043 [main] INFO  handler.ContextHandler (ContextHandler.java:doStart(921)) - Started o.e.j.w.WebAppContext@4d98763f{hddsDatanode,/,file:///home/runner/work/ozone/ozone/hadoop-hdds/container-service/target/classes/webapps/hddsDatanode/,AVAILABLE}{file:/home/runner/work/ozone/ozone/hadoop-hdds/container-service/target/classes/webapps/hddsDatanode}
2024-05-12 17:41:29,043 [main] INFO  server.AbstractConnector (AbstractConnector.java:doStart(333)) - Started ServerConnector@1277c623{HTTP/1.1, (http/1.1)}{0.0.0.0:15312}
2024-05-12 17:41:29,043 [main] INFO  server.Server (Server.java:doStart(415)) - Started @176588ms
2024-05-12 17:41:29,043 [main] WARN  impl.MetricsSystemImpl (MetricsSystemImpl.java:register(279)) - Sink prometheus already exists!
2024-05-12 17:41:29,044 [main] INFO  http.BaseHttpServer (BaseHttpServer.java:updateConnectorAddress(354)) - HTTP server of hddsDatanode listening at http://0.0.0.0:15312
2024-05-12 17:41:29,044 [main] INFO  ipc.CallQueueManager (CallQueueManager.java:<init>(90)) - Using callQueue: class java.util.concurrent.LinkedBlockingQueue, queueCapacity: 100, scheduler: class org.apache.hadoop.ipc.DefaultRpcScheduler, ipcBackoff: false.
2024-05-12 17:41:29,044 [main] INFO  ipc.Server (Server.java:<init>(1287)) - Listener at 0.0.0.0:15313
2024-05-12 17:41:29,044 [Socket Reader #1 for port 15313] INFO  ipc.Server (Server.java:run(1323)) - Starting Socket Reader #1 for port 15313
2024-05-12 17:41:29,047 [main] INFO  ozone.HddsDatanodeService (HddsDatanodeService.java:start(327)) - Datanode start with admins: [runner]
2024-05-12 17:41:29,047 [main] INFO  ozone.HddsDatanodeClientProtocolServer (HddsDatanodeClientProtocolServer.java:start(77)) - RPC server for Client /0.0.0.0:15313
2024-05-12 17:41:29,050 [IPC Server listener on 15313] INFO  ipc.Server (Server.java:run(1402)) - IPC Server listener on 15313: starting
2024-05-12 17:41:29,050 [IPC Server Responder] INFO  ipc.Server (Server.java:run(1562)) - IPC Server Responder: starting
2024-05-12 17:41:29,051 [main] WARN  dropwizard3.Dm3MetricRegistriesImpl (Dm3MetricRegistriesImpl.java:addReporterRegistration(113)) - New reporters are added after registries were created. Some metrics will be missing from the reporter. Please add reporter before adding any new registry.
2024-05-12 17:41:29,051 [main] WARN  dropwizard3.Dm3MetricRegistriesImpl (Dm3MetricRegistriesImpl.java:addReporterRegistration(113)) - New reporters are added after registries were created. Some metrics will be missing from the reporter. Please add reporter before adding any new registry.
2024-05-12 17:41:29,051 [main] INFO  impl.MetricsSystemImpl (MetricsSystemImpl.java:init(158)) - HddsDatanode metrics system started (again)
2024-05-12 17:41:29,054 [b7336ce2-a724-4c4a-8025-d323d27fa237-DatanodeStateMachineDaemonThread] INFO  statemachine.DatanodeStateMachine (DatanodeStateMachine.java:lambda$startDaemon$1(555)) - Ozone container server started.
2024-05-12 17:41:29,060 [b7336ce2-a724-4c4a-8025-d323d27fa237-DatanodeStateMachineTaskThread-0] INFO  datanode.InitDatanodeState (InitDatanodeState.java:persistContainerDatanodeDetails(139)) - DatanodeDetails is persisted to /home/runner/work/ozone/ozone/hadoop-ozone/integration-test/target/test-dir/MiniOzoneClusterImpl-71ef5771-1bca-432b-8888-38dc3c8d5d63/ozone-meta/datanode-2/meta/datanode.id
2024-05-12 17:41:29,060 [main] INFO  ozone.HddsDatanodeService (HddsDatanodeService.java:start(240)) - HddsDatanodeService host:fv-az576-466.aorupckr0enubjna0yxjxz5gkh.cx.internal.cloudapp.net ip:10.1.0.24
2024-05-12 17:41:29,077 [main] INFO  upgrade.AbstractLayoutVersionManager (AbstractLayoutVersionManager.java:init(83)) - Initializing Layout version manager with metadata layout = HADOOP_PRC_PORTS_IN_DATANODEDETAILS (version = 7), software layout = HADOOP_PRC_PORTS_IN_DATANODEDETAILS (version = 7)
2024-05-12 17:41:29,078 [main] INFO  statemachine.DatanodeStateMachine (DatanodeStateMachine.java:getEndPointTaskThreadPoolSize(299)) - Datanode State Machine Task Thread Pool size 2
2024-05-12 17:41:29,079 [main] INFO  volume.HddsVolume (HddsVolume.java:<init>(126)) - Creating HddsVolume: /home/runner/work/ozone/ozone/hadoop-ozone/integration-test/target/test-dir/MiniOzoneClusterImpl-71ef5771-1bca-432b-8888-38dc3c8d5d63/ozone-meta/datanode-3/data-0/hdds of storage type : DISK capacity : 9222449699674390527
2024-05-12 17:41:29,079 [main] INFO  volume.MutableVolumeSet (MutableVolumeSet.java:initializeVolumeSet(173)) - Added Volume : /home/runner/work/ozone/ozone/hadoop-ozone/integration-test/target/test-dir/MiniOzoneClusterImpl-71ef5771-1bca-432b-8888-38dc3c8d5d63/ozone-meta/datanode-3/data-0/hdds to VolumeSet
2024-05-12 17:41:29,079 [main] INFO  volume.MutableVolumeSet (MutableVolumeSet.java:initializeVolumeSet(173)) - Added Volume : /home/runner/work/ozone/ozone/hadoop-ozone/integration-test/target/test-dir/MiniOzoneClusterImpl-71ef5771-1bca-432b-8888-38dc3c8d5d63/ozone-meta/datanode-3/ratis to VolumeSet
2024-05-12 17:41:29,080 [main] INFO  ozoneimpl.OzoneContainer (HddsVolumeUtil.java:loadAllHddsVolumeDbStore(103)) - Load 1 volumes DbStore cost: 0ms
2024-05-12 17:41:29,081 [main] INFO  server.RaftServer (ConfUtils.java:logGet(46)) - raft.rpc.type = GRPC (default)
2024-05-12 17:41:29,081 [main] INFO  grpc.GrpcConfigKeys (ConfUtils.java:logFallback(53)) - raft.grpc.admin.host = null (fallback to raft.grpc.server.host)
2024-05-12 17:41:29,081 [main] INFO  grpc.GrpcConfigKeys (ConfUtils.java:logGet(46)) - raft.grpc.admin.port = 15325 (custom)
2024-05-12 17:41:29,081 [main] INFO  grpc.GrpcConfigKeys (ConfUtils.java:logFallback(53)) - raft.grpc.client.host = null (fallback to raft.grpc.server.host)
2024-05-12 17:41:29,081 [main] INFO  grpc.GrpcConfigKeys (ConfUtils.java:logGet(46)) - raft.grpc.client.port = 15324 (custom)
2024-05-12 17:41:29,081 [main] INFO  grpc.GrpcConfigKeys (ConfUtils.java:logGet(46)) - raft.grpc.server.host = null (default)
2024-05-12 17:41:29,081 [main] INFO  grpc.GrpcConfigKeys (ConfUtils.java:logGet(46)) - raft.grpc.server.port = 15326 (custom)
2024-05-12 17:41:29,081 [main] INFO  server.GrpcService (ConfUtils.java:logGet(46)) - raft.grpc.message.size.max = 32MB (=33554432) (custom)
2024-05-12 17:41:29,081 [main] INFO  server.RaftServerConfigKeys (ConfUtils.java:logGet(46)) - raft.server.log.appender.buffer.byte-limit = 8388608 (custom)
2024-05-12 17:41:29,082 [main] INFO  server.GrpcService (ConfUtils.java:logGet(46)) - raft.grpc.flow.control.window = 5MB (=5242880) (custom)
2024-05-12 17:41:29,082 [main] INFO  server.RaftServerConfigKeys (ConfUtils.java:logGet(46)) - raft.server.rpc.request.timeout = 3000ms (default)
2024-05-12 17:41:29,082 [main] INFO  grpc.GrpcConfigKeys (ConfUtils.java:logGet(46)) - raft.grpc.server.heartbeat.channel = true (default)
2024-05-12 17:41:29,082 [main] INFO  grpc.GrpcConfigKeys (ConfUtils.java:logGet(46)) - raft.grpc.server.async.request.thread.pool.cached = true (default)
2024-05-12 17:41:29,082 [main] INFO  grpc.GrpcConfigKeys (ConfUtils.java:logGet(46)) - raft.grpc.server.async.request.thread.pool.size = 32 (default)
2024-05-12 17:41:29,083 [main] INFO  impl.DataStreamServerImpl (ConfUtils.java:logGet(46)) - raft.datastream.type = NETTY (custom)
2024-05-12 17:41:29,083 [main] INFO  server.RaftServerConfigKeys (ConfUtils.java:logGet(46)) - raft.server.data-stream.async.request.thread.pool.cached = false (default)
2024-05-12 17:41:29,083 [main] INFO  server.RaftServerConfigKeys (ConfUtils.java:logGet(46)) - raft.server.data-stream.async.request.thread.pool.size = 20 (custom)
2024-05-12 17:41:29,083 [main] INFO  server.RaftServerConfigKeys (ConfUtils.java:logGet(46)) - raft.server.data-stream.async.write.thread.pool.size = 16 (default)
2024-05-12 17:41:29,084 [main] INFO  netty.NettyConfigKeys$DataStream (ConfUtils.java:logGet(46)) - raft.netty.dataStream.server.channel.inactive.grace-period = 10min (default)
2024-05-12 17:41:29,084 [main] INFO  server.RaftServerConfigKeys (ConfUtils.java:logGet(46)) - raft.server.data-stream.client.pool.size = 10 (default)
2024-05-12 17:41:29,084 [main] INFO  netty.NettyConfigKeys$DataStream (ConfUtils.java:logGet(46)) - raft.netty.dataStream.server.use-epoll = true (default)
2024-05-12 17:41:29,084 [main] INFO  netty.NettyConfigKeys$DataStream (ConfUtils.java:logGet(46)) - raft.netty.dataStream.server.boss-group.size = 0 (default)
2024-05-12 17:41:29,084 [main] INFO  netty.NettyUtils (NettyUtils.java:newEventLoopGroup(69)) - Create EpollEventLoopGroup for 89a6d998-d419-473a-a6ed-8243f7f30d05-NettyServerStreamRpc-bossGroup; Thread size is 0.
2024-05-12 17:41:29,084 [main] INFO  netty.NettyConfigKeys$DataStream (ConfUtils.java:logGet(46)) - raft.netty.dataStream.server.worker-group.size = 0 (default)
2024-05-12 17:41:29,084 [main] INFO  netty.NettyUtils (NettyUtils.java:newEventLoopGroup(69)) - Create EpollEventLoopGroup for 89a6d998-d419-473a-a6ed-8243f7f30d05-NettyServerStreamRpc-workerGroup; Thread size is 0.
2024-05-12 17:41:29,084 [main] INFO  netty.NettyConfigKeys$DataStream (ConfUtils.java:logGet(46)) - raft.netty.dataStream.server.tls.conf = null (default)
2024-05-12 17:41:29,084 [main] INFO  netty.NettyConfigKeys$DataStream (ConfUtils.java:logGet(46)) - raft.netty.dataStream.host = null (default)
2024-05-12 17:41:29,084 [main] INFO  netty.NettyConfigKeys$DataStream (ConfUtils.java:logGet(46)) - raft.netty.dataStream.port = 15327 (custom)
2024-05-12 17:41:29,084 [main] INFO  server.RaftServerConfigKeys (ConfUtils.java:logGet(46)) - raft.server.sleep.deviation.threshold = 300ms (default)
2024-05-12 17:41:29,085 [main] INFO  server.RaftServerConfigKeys (ConfUtils.java:logGet(46)) - raft.server.close.threshold = 60s (default)
2024-05-12 17:41:29,085 [main] INFO  server.RaftServerConfigKeys (ConfUtils.java:logGet(46)) - raft.server.leaderelection.leader.step-down.wait-time = 10s (default)
2024-05-12 17:41:29,085 [89a6d998-d419-473a-a6ed-8243f7f30d05-NettyServerStreamRpc-bossGroup--thread1] INFO  logging.LoggingHandler (AbstractInternalLogger.java:log(148)) - [id: 0x2bacab48] REGISTERED
2024-05-12 17:41:29,085 [main] INFO  server.RaftServerConfigKeys (ConfUtils.java:logGet(46)) - raft.server.storage.dir = [/home/runner/work/ozone/ozone/hadoop-ozone/integration-test/target/test-dir/MiniOzoneClusterImpl-71ef5771-1bca-432b-8888-38dc3c8d5d63/ozone-meta/datanode-3/ratis] (custom)
2024-05-12 17:41:29,085 [89a6d998-d419-473a-a6ed-8243f7f30d05-NettyServerStreamRpc-bossGroup--thread1] INFO  logging.LoggingHandler (AbstractInternalLogger.java:log(148)) - [id: 0x2bacab48] BIND: 0.0.0.0/0.0.0.0:15327
2024-05-12 17:41:29,085 [main] INFO  server.RaftServerConfigKeys (ConfUtils.java:logGet(46)) - raft.server.threadpool.proxy.cached = true (default)
2024-05-12 17:41:29,085 [89a6d998-d419-473a-a6ed-8243f7f30d05-NettyServerStreamRpc-bossGroup--thread1] INFO  logging.LoggingHandler (AbstractInternalLogger.java:log(148)) - [id: 0x2bacab48, L:/0.0.0.0:15327] ACTIVE
2024-05-12 17:41:29,085 [main] INFO  server.RaftServerConfigKeys (ConfUtils.java:logGet(46)) - raft.server.threadpool.proxy.size = 0 (default)
2024-05-12 17:41:29,085 [89a6d998-d419-473a-a6ed-8243f7f30d05-impl-thread1] INFO  server.RaftServer (RaftServerProxy.java:initGroupDir(264)) - 89a6d998-d419-473a-a6ed-8243f7f30d05: found a subdirectory /home/runner/work/ozone/ozone/hadoop-ozone/integration-test/target/test-dir/MiniOzoneClusterImpl-71ef5771-1bca-432b-8888-38dc3c8d5d63/ozone-meta/datanode-3/ratis/tmp
2024-05-12 17:41:29,085 [89a6d998-d419-473a-a6ed-8243f7f30d05-impl-thread1] INFO  server.RaftServer (RaftServerProxy.java:initGroupDir(269)) - 89a6d998-d419-473a-a6ed-8243f7f30d05: The directory /home/runner/work/ozone/ozone/hadoop-ozone/integration-test/target/test-dir/MiniOzoneClusterImpl-71ef5771-1bca-432b-8888-38dc3c8d5d63/ozone-meta/datanode-3/ratis/tmp is not a group directory; ignoring it. 
2024-05-12 17:41:29,086 [main] INFO  replication.ReplicationServer (ReplicationServer.java:<init>(86)) - Initializing replication server with thread count = 10 queue length = 4096
2024-05-12 17:41:29,086 [main] INFO  server.XceiverServerGrpc (XceiverServerGrpc.java:<init>(141)) - GrpcServer channel type EpollServerSocketChannel
2024-05-12 17:41:29,087 [main] INFO  replication.ReplicationSupervisor (ReplicationSupervisor.java:build(157)) - Initializing replication supervisor with thread count = 10
2024-05-12 17:41:29,087 [main] INFO  replication.ReplicationSupervisor (ReplicationSupervisor.java:nodeStateUpdated(312)) - Node state updated to IN_SERVICE, scaling executor pool size to 10
2024-05-12 17:41:29,088 [main] INFO  http.BaseHttpServer (BaseHttpServer.java:newHttpServer2BuilderForOzone(223)) - Starting Web-server for hddsDatanode at: http://0.0.0.0:15321
2024-05-12 17:41:29,088 [main] INFO  http.BaseHttpServer (BaseHttpServer.java:<init>(110)) - Hadoop Security Enabled: false Ozone Security Enabled: false Ozone HTTP Security Enabled: false 
2024-05-12 17:41:29,089 [main] WARN  server.AuthenticationFilter (AuthenticationFilter.java:constructSecretProvider(240)) - Unable to initialize FileSignerSecretProvider, falling back to use random secrets. Reason: Could not read signature secret file: /home/runner/hadoop-http-auth-signature-secret
2024-05-12 17:41:29,089 [main] INFO  http.HttpRequestLog (HttpRequestLog.java:getRequestLog(86)) - Http request log for http.requests.hddsDatanode is not defined
2024-05-12 17:41:29,090 [main] INFO  http.HttpServer2 (HttpServer2.java:addGlobalFilter(1036)) - Added global filter 'safety' (class=org.apache.hadoop.hdds.server.http.HttpServer2$QuotingInputFilter)
2024-05-12 17:41:29,090 [main] INFO  http.HttpServer2 (HttpServer2.java:addFilter(1012)) - Added filter static_user_filter (class=org.apache.hadoop.http.lib.StaticUserWebFilter$StaticUserFilter) to context hddsDatanode
2024-05-12 17:41:29,090 [main] INFO  http.HttpServer2 (HttpServer2.java:addFilter(1020)) - Added filter static_user_filter (class=org.apache.hadoop.http.lib.StaticUserWebFilter$StaticUserFilter) to context logs
2024-05-12 17:41:29,090 [main] INFO  http.HttpServer2 (HttpServer2.java:addFilter(1020)) - Added filter static_user_filter (class=org.apache.hadoop.http.lib.StaticUserWebFilter$StaticUserFilter) to context static
2024-05-12 17:41:29,091 [main] INFO  http.BaseHttpServer (BaseHttpServer.java:<init>(189)) - HTTP server of hddsDatanode uses base directory /home/runner/work/ozone/ozone/hadoop-ozone/integration-test/target/test-dir/MiniOzoneClusterImpl-71ef5771-1bca-432b-8888-38dc3c8d5d63/ozone-meta/datanode-3/meta/webserver
2024-05-12 17:41:29,091 [main] INFO  http.HttpServer2 (HttpServer2.java:bindListener(1236)) - Jetty bound to port 15321
2024-05-12 17:41:29,091 [main] INFO  server.Server (Server.java:doStart(375)) - jetty-9.4.54.v20240208; built: 2024-02-08T19:42:39.027Z; git: cef3fbd6d736a21e7d541a5db490381d95a2047d; jvm 17.0.10+7
2024-05-12 17:41:29,095 [main] INFO  server.session (DefaultSessionIdManager.java:doStart(334)) - DefaultSessionIdManager workerName=node0
2024-05-12 17:41:29,095 [main] INFO  server.session (DefaultSessionIdManager.java:doStart(339)) - No SessionScavenger set, using defaults
2024-05-12 17:41:29,095 [main] INFO  server.session (HouseKeeper.java:startScavenging(132)) - node0 Scavenging every 600000ms
2024-05-12 17:41:29,095 [main] INFO  handler.ContextHandler (ContextHandler.java:doStart(921)) - Started o.e.j.s.ServletContextHandler@3af18a44{logs,/logs,file:///home/runner/work/ozone/ozone/hadoop-ozone/integration-test/target/log,AVAILABLE}
2024-05-12 17:41:29,096 [main] INFO  handler.ContextHandler (ContextHandler.java:doStart(921)) - Started o.e.j.s.ServletContextHandler@45c20d8f{static,/static,file:///home/runner/work/ozone/ozone/hadoop-hdds/container-service/target/classes/webapps/static,AVAILABLE}
2024-05-12 17:41:29,098 [main] INFO  handler.ContextHandler (ContextHandler.java:doStart(921)) - Started o.e.j.w.WebAppContext@436ef272{hddsDatanode,/,file:///home/runner/work/ozone/ozone/hadoop-hdds/container-service/target/classes/webapps/hddsDatanode/,AVAILABLE}{file:/home/runner/work/ozone/ozone/hadoop-hdds/container-service/target/classes/webapps/hddsDatanode}
2024-05-12 17:41:29,099 [main] INFO  server.AbstractConnector (AbstractConnector.java:doStart(333)) - Started ServerConnector@765e4ccc{HTTP/1.1, (http/1.1)}{0.0.0.0:15321}
2024-05-12 17:41:29,099 [main] INFO  server.Server (Server.java:doStart(415)) - Started @176644ms
2024-05-12 17:41:29,099 [main] WARN  impl.MetricsSystemImpl (MetricsSystemImpl.java:register(279)) - Sink prometheus already exists!
2024-05-12 17:41:29,099 [main] INFO  http.BaseHttpServer (BaseHttpServer.java:updateConnectorAddress(354)) - HTTP server of hddsDatanode listening at http://0.0.0.0:15321
2024-05-12 17:41:29,099 [main] INFO  ipc.CallQueueManager (CallQueueManager.java:<init>(90)) - Using callQueue: class java.util.concurrent.LinkedBlockingQueue, queueCapacity: 100, scheduler: class org.apache.hadoop.ipc.DefaultRpcScheduler, ipcBackoff: false.
2024-05-12 17:41:29,099 [main] INFO  ipc.Server (Server.java:<init>(1287)) - Listener at 0.0.0.0:15322
2024-05-12 17:41:29,100 [Socket Reader #1 for port 15322] INFO  ipc.Server (Server.java:run(1323)) - Starting Socket Reader #1 for port 15322
2024-05-12 17:41:29,101 [main] INFO  ozone.HddsDatanodeService (HddsDatanodeService.java:start(327)) - Datanode start with admins: [runner]
2024-05-12 17:41:29,101 [main] INFO  ozone.HddsDatanodeClientProtocolServer (HddsDatanodeClientProtocolServer.java:start(77)) - RPC server for Client /0.0.0.0:15322
2024-05-12 17:41:29,101 [IPC Server Responder] INFO  ipc.Server (Server.java:run(1562)) - IPC Server Responder: starting
2024-05-12 17:41:29,101 [IPC Server listener on 15322] INFO  ipc.Server (Server.java:run(1402)) - IPC Server listener on 15322: starting
2024-05-12 17:41:29,102 [main] WARN  dropwizard3.Dm3MetricRegistriesImpl (Dm3MetricRegistriesImpl.java:addReporterRegistration(113)) - New reporters are added after registries were created. Some metrics will be missing from the reporter. Please add reporter before adding any new registry.
2024-05-12 17:41:29,102 [main] WARN  dropwizard3.Dm3MetricRegistriesImpl (Dm3MetricRegistriesImpl.java:addReporterRegistration(113)) - New reporters are added after registries were created. Some metrics will be missing from the reporter. Please add reporter before adding any new registry.
2024-05-12 17:41:29,102 [main] INFO  impl.MetricsSystemImpl (MetricsSystemImpl.java:init(158)) - HddsDatanode metrics system started (again)
2024-05-12 17:41:29,102 [89a6d998-d419-473a-a6ed-8243f7f30d05-DatanodeStateMachineDaemonThread] INFO  statemachine.DatanodeStateMachine (DatanodeStateMachine.java:lambda$startDaemon$1(555)) - Ozone container server started.
2024-05-12 17:41:29,107 [89a6d998-d419-473a-a6ed-8243f7f30d05-DatanodeStateMachineTaskThread-0] INFO  datanode.InitDatanodeState (InitDatanodeState.java:persistContainerDatanodeDetails(139)) - DatanodeDetails is persisted to /home/runner/work/ozone/ozone/hadoop-ozone/integration-test/target/test-dir/MiniOzoneClusterImpl-71ef5771-1bca-432b-8888-38dc3c8d5d63/ozone-meta/datanode-3/meta/datanode.id
2024-05-12 17:41:29,112 [main] INFO  ozone.HddsDatanodeService (HddsDatanodeService.java:start(240)) - HddsDatanodeService host:fv-az576-466.aorupckr0enubjna0yxjxz5gkh.cx.internal.cloudapp.net ip:10.1.0.24
2024-05-12 17:41:29,130 [main] INFO  upgrade.AbstractLayoutVersionManager (AbstractLayoutVersionManager.java:init(83)) - Initializing Layout version manager with metadata layout = HADOOP_PRC_PORTS_IN_DATANODEDETAILS (version = 7), software layout = HADOOP_PRC_PORTS_IN_DATANODEDETAILS (version = 7)
2024-05-12 17:41:29,130 [main] INFO  statemachine.DatanodeStateMachine (DatanodeStateMachine.java:getEndPointTaskThreadPoolSize(299)) - Datanode State Machine Task Thread Pool size 2
2024-05-12 17:41:29,131 [main] INFO  volume.HddsVolume (HddsVolume.java:<init>(126)) - Creating HddsVolume: /home/runner/work/ozone/ozone/hadoop-ozone/integration-test/target/test-dir/MiniOzoneClusterImpl-71ef5771-1bca-432b-8888-38dc3c8d5d63/ozone-meta/datanode-4/data-0/hdds of storage type : DISK capacity : 9222449699674390527
2024-05-12 17:41:29,131 [main] INFO  volume.MutableVolumeSet (MutableVolumeSet.java:initializeVolumeSet(173)) - Added Volume : /home/runner/work/ozone/ozone/hadoop-ozone/integration-test/target/test-dir/MiniOzoneClusterImpl-71ef5771-1bca-432b-8888-38dc3c8d5d63/ozone-meta/datanode-4/data-0/hdds to VolumeSet
2024-05-12 17:41:29,131 [main] INFO  volume.MutableVolumeSet (MutableVolumeSet.java:initializeVolumeSet(173)) - Added Volume : /home/runner/work/ozone/ozone/hadoop-ozone/integration-test/target/test-dir/MiniOzoneClusterImpl-71ef5771-1bca-432b-8888-38dc3c8d5d63/ozone-meta/datanode-4/ratis to VolumeSet
2024-05-12 17:41:29,132 [main] INFO  ozoneimpl.OzoneContainer (HddsVolumeUtil.java:loadAllHddsVolumeDbStore(103)) - Load 1 volumes DbStore cost: 0ms
2024-05-12 17:41:29,133 [main] INFO  server.RaftServer (ConfUtils.java:logGet(46)) - raft.rpc.type = GRPC (default)
2024-05-12 17:41:29,133 [main] INFO  grpc.GrpcConfigKeys (ConfUtils.java:logFallback(53)) - raft.grpc.admin.host = null (fallback to raft.grpc.server.host)
2024-05-12 17:41:29,133 [main] INFO  grpc.GrpcConfigKeys (ConfUtils.java:logGet(46)) - raft.grpc.admin.port = 15334 (custom)
2024-05-12 17:41:29,133 [main] INFO  grpc.GrpcConfigKeys (ConfUtils.java:logFallback(53)) - raft.grpc.client.host = null (fallback to raft.grpc.server.host)
2024-05-12 17:41:29,133 [main] INFO  grpc.GrpcConfigKeys (ConfUtils.java:logGet(46)) - raft.grpc.client.port = 15333 (custom)
2024-05-12 17:41:29,133 [main] INFO  grpc.GrpcConfigKeys (ConfUtils.java:logGet(46)) - raft.grpc.server.host = null (default)
2024-05-12 17:41:29,133 [main] INFO  grpc.GrpcConfigKeys (ConfUtils.java:logGet(46)) - raft.grpc.server.port = 15335 (custom)
2024-05-12 17:41:29,133 [main] INFO  server.GrpcService (ConfUtils.java:logGet(46)) - raft.grpc.message.size.max = 32MB (=33554432) (custom)
2024-05-12 17:41:29,133 [main] INFO  server.RaftServerConfigKeys (ConfUtils.java:logGet(46)) - raft.server.log.appender.buffer.byte-limit = 8388608 (custom)
2024-05-12 17:41:29,133 [main] INFO  server.GrpcService (ConfUtils.java:logGet(46)) - raft.grpc.flow.control.window = 5MB (=5242880) (custom)
2024-05-12 17:41:29,133 [main] INFO  server.RaftServerConfigKeys (ConfUtils.java:logGet(46)) - raft.server.rpc.request.timeout = 3000ms (default)
2024-05-12 17:41:29,134 [main] INFO  grpc.GrpcConfigKeys (ConfUtils.java:logGet(46)) - raft.grpc.server.heartbeat.channel = true (default)
2024-05-12 17:41:29,134 [main] INFO  grpc.GrpcConfigKeys (ConfUtils.java:logGet(46)) - raft.grpc.server.async.request.thread.pool.cached = true (default)
2024-05-12 17:41:29,134 [main] INFO  grpc.GrpcConfigKeys (ConfUtils.java:logGet(46)) - raft.grpc.server.async.request.thread.pool.size = 32 (default)
2024-05-12 17:41:29,135 [main] INFO  impl.DataStreamServerImpl (ConfUtils.java:logGet(46)) - raft.datastream.type = NETTY (custom)
2024-05-12 17:41:29,135 [main] INFO  server.RaftServerConfigKeys (ConfUtils.java:logGet(46)) - raft.server.data-stream.async.request.thread.pool.cached = false (default)
2024-05-12 17:41:29,135 [main] INFO  server.RaftServerConfigKeys (ConfUtils.java:logGet(46)) - raft.server.data-stream.async.request.thread.pool.size = 20 (custom)
2024-05-12 17:41:29,135 [main] INFO  server.RaftServerConfigKeys (ConfUtils.java:logGet(46)) - raft.server.data-stream.async.write.thread.pool.size = 16 (default)
2024-05-12 17:41:29,135 [main] INFO  netty.NettyConfigKeys$DataStream (ConfUtils.java:logGet(46)) - raft.netty.dataStream.server.channel.inactive.grace-period = 10min (default)
2024-05-12 17:41:29,135 [main] INFO  server.RaftServerConfigKeys (ConfUtils.java:logGet(46)) - raft.server.data-stream.client.pool.size = 10 (default)
2024-05-12 17:41:29,136 [main] INFO  netty.NettyConfigKeys$DataStream (ConfUtils.java:logGet(46)) - raft.netty.dataStream.server.use-epoll = true (default)
2024-05-12 17:41:29,136 [main] INFO  netty.NettyConfigKeys$DataStream (ConfUtils.java:logGet(46)) - raft.netty.dataStream.server.boss-group.size = 0 (default)
2024-05-12 17:41:29,136 [main] INFO  netty.NettyUtils (NettyUtils.java:newEventLoopGroup(69)) - Create EpollEventLoopGroup for 3523888c-df3a-4c75-876a-f320dc6c9584-NettyServerStreamRpc-bossGroup; Thread size is 0.
2024-05-12 17:41:29,136 [main] INFO  netty.NettyConfigKeys$DataStream (ConfUtils.java:logGet(46)) - raft.netty.dataStream.server.worker-group.size = 0 (default)
2024-05-12 17:41:29,136 [main] INFO  netty.NettyUtils (NettyUtils.java:newEventLoopGroup(69)) - Create EpollEventLoopGroup for 3523888c-df3a-4c75-876a-f320dc6c9584-NettyServerStreamRpc-workerGroup; Thread size is 0.
2024-05-12 17:41:29,136 [main] INFO  netty.NettyConfigKeys$DataStream (ConfUtils.java:logGet(46)) - raft.netty.dataStream.server.tls.conf = null (default)
2024-05-12 17:41:29,136 [main] INFO  netty.NettyConfigKeys$DataStream (ConfUtils.java:logGet(46)) - raft.netty.dataStream.host = null (default)
2024-05-12 17:41:29,136 [main] INFO  netty.NettyConfigKeys$DataStream (ConfUtils.java:logGet(46)) - raft.netty.dataStream.port = 15336 (custom)
2024-05-12 17:41:29,137 [main] INFO  server.RaftServerConfigKeys (ConfUtils.java:logGet(46)) - raft.server.sleep.deviation.threshold = 300ms (default)
2024-05-12 17:41:29,137 [main] INFO  server.RaftServerConfigKeys (ConfUtils.java:logGet(46)) - raft.server.close.threshold = 60s (default)
2024-05-12 17:41:29,137 [main] INFO  server.RaftServerConfigKeys (ConfUtils.java:logGet(46)) - raft.server.leaderelection.leader.step-down.wait-time = 10s (default)
2024-05-12 17:41:29,137 [main] INFO  server.RaftServerConfigKeys (ConfUtils.java:logGet(46)) - raft.server.storage.dir = [/home/runner/work/ozone/ozone/hadoop-ozone/integration-test/target/test-dir/MiniOzoneClusterImpl-71ef5771-1bca-432b-8888-38dc3c8d5d63/ozone-meta/datanode-4/ratis] (custom)
2024-05-12 17:41:29,137 [main] INFO  server.RaftServerConfigKeys (ConfUtils.java:logGet(46)) - raft.server.threadpool.proxy.cached = true (default)
2024-05-12 17:41:29,137 [main] INFO  server.RaftServerConfigKeys (ConfUtils.java:logGet(46)) - raft.server.threadpool.proxy.size = 0 (default)
2024-05-12 17:41:29,137 [3523888c-df3a-4c75-876a-f320dc6c9584-NettyServerStreamRpc-bossGroup--thread1] INFO  logging.LoggingHandler (AbstractInternalLogger.java:log(148)) - [id: 0xcc1bbc75] REGISTERED
2024-05-12 17:41:29,137 [3523888c-df3a-4c75-876a-f320dc6c9584-NettyServerStreamRpc-bossGroup--thread1] INFO  logging.LoggingHandler (AbstractInternalLogger.java:log(148)) - [id: 0xcc1bbc75] BIND: 0.0.0.0/0.0.0.0:15336
2024-05-12 17:41:29,137 [3523888c-df3a-4c75-876a-f320dc6c9584-NettyServerStreamRpc-bossGroup--thread1] INFO  logging.LoggingHandler (AbstractInternalLogger.java:log(148)) - [id: 0xcc1bbc75, L:/0.0.0.0:15336] ACTIVE
2024-05-12 17:41:29,139 [3523888c-df3a-4c75-876a-f320dc6c9584-impl-thread1] INFO  server.RaftServer (RaftServerProxy.java:initGroupDir(264)) - 3523888c-df3a-4c75-876a-f320dc6c9584: found a subdirectory /home/runner/work/ozone/ozone/hadoop-ozone/integration-test/target/test-dir/MiniOzoneClusterImpl-71ef5771-1bca-432b-8888-38dc3c8d5d63/ozone-meta/datanode-4/ratis/tmp
2024-05-12 17:41:29,139 [3523888c-df3a-4c75-876a-f320dc6c9584-impl-thread1] INFO  server.RaftServer (RaftServerProxy.java:initGroupDir(269)) - 3523888c-df3a-4c75-876a-f320dc6c9584: The directory /home/runner/work/ozone/ozone/hadoop-ozone/integration-test/target/test-dir/MiniOzoneClusterImpl-71ef5771-1bca-432b-8888-38dc3c8d5d63/ozone-meta/datanode-4/ratis/tmp is not a group directory; ignoring it. 
2024-05-12 17:41:29,139 [main] INFO  replication.ReplicationServer (ReplicationServer.java:<init>(86)) - Initializing replication server with thread count = 10 queue length = 4096
2024-05-12 17:41:29,140 [main] INFO  server.XceiverServerGrpc (XceiverServerGrpc.java:<init>(141)) - GrpcServer channel type EpollServerSocketChannel
2024-05-12 17:41:29,141 [main] INFO  replication.ReplicationSupervisor (ReplicationSupervisor.java:build(157)) - Initializing replication supervisor with thread count = 10
2024-05-12 17:41:29,141 [main] INFO  replication.ReplicationSupervisor (ReplicationSupervisor.java:nodeStateUpdated(312)) - Node state updated to IN_SERVICE, scaling executor pool size to 10
2024-05-12 17:41:29,144 [main] INFO  http.BaseHttpServer (BaseHttpServer.java:newHttpServer2BuilderForOzone(223)) - Starting Web-server for hddsDatanode at: http://0.0.0.0:15330
2024-05-12 17:41:29,144 [main] INFO  http.BaseHttpServer (BaseHttpServer.java:<init>(110)) - Hadoop Security Enabled: false Ozone Security Enabled: false Ozone HTTP Security Enabled: false 
2024-05-12 17:41:29,145 [main] WARN  server.AuthenticationFilter (AuthenticationFilter.java:constructSecretProvider(240)) - Unable to initialize FileSignerSecretProvider, falling back to use random secrets. Reason: Could not read signature secret file: /home/runner/hadoop-http-auth-signature-secret
2024-05-12 17:41:29,145 [main] INFO  http.HttpRequestLog (HttpRequestLog.java:getRequestLog(86)) - Http request log for http.requests.hddsDatanode is not defined
2024-05-12 17:41:29,146 [main] INFO  http.HttpServer2 (HttpServer2.java:addGlobalFilter(1036)) - Added global filter 'safety' (class=org.apache.hadoop.hdds.server.http.HttpServer2$QuotingInputFilter)
2024-05-12 17:41:29,146 [main] INFO  http.HttpServer2 (HttpServer2.java:addFilter(1012)) - Added filter static_user_filter (class=org.apache.hadoop.http.lib.StaticUserWebFilter$StaticUserFilter) to context hddsDatanode
2024-05-12 17:41:29,146 [main] INFO  http.HttpServer2 (HttpServer2.java:addFilter(1020)) - Added filter static_user_filter (class=org.apache.hadoop.http.lib.StaticUserWebFilter$StaticUserFilter) to context static
2024-05-12 17:41:29,146 [main] INFO  http.HttpServer2 (HttpServer2.java:addFilter(1020)) - Added filter static_user_filter (class=org.apache.hadoop.http.lib.StaticUserWebFilter$StaticUserFilter) to context logs
2024-05-12 17:41:29,147 [main] INFO  http.BaseHttpServer (BaseHttpServer.java:<init>(189)) - HTTP server of hddsDatanode uses base directory /home/runner/work/ozone/ozone/hadoop-ozone/integration-test/target/test-dir/MiniOzoneClusterImpl-71ef5771-1bca-432b-8888-38dc3c8d5d63/ozone-meta/datanode-4/meta/webserver
2024-05-12 17:41:29,147 [main] INFO  http.HttpServer2 (HttpServer2.java:bindListener(1236)) - Jetty bound to port 15330
2024-05-12 17:41:29,147 [main] INFO  server.Server (Server.java:doStart(375)) - jetty-9.4.54.v20240208; built: 2024-02-08T19:42:39.027Z; git: cef3fbd6d736a21e7d541a5db490381d95a2047d; jvm 17.0.10+7
2024-05-12 17:41:29,148 [main] INFO  server.session (DefaultSessionIdManager.java:doStart(334)) - DefaultSessionIdManager workerName=node0
2024-05-12 17:41:29,148 [main] INFO  server.session (DefaultSessionIdManager.java:doStart(339)) - No SessionScavenger set, using defaults
2024-05-12 17:41:29,148 [main] INFO  server.session (HouseKeeper.java:startScavenging(132)) - node0 Scavenging every 660000ms
2024-05-12 17:41:29,148 [main] INFO  handler.ContextHandler (ContextHandler.java:doStart(921)) - Started o.e.j.s.ServletContextHandler@1ba311d0{logs,/logs,file:///home/runner/work/ozone/ozone/hadoop-ozone/integration-test/target/log,AVAILABLE}
2024-05-12 17:41:29,148 [main] INFO  handler.ContextHandler (ContextHandler.java:doStart(921)) - Started o.e.j.s.ServletContextHandler@26c6e9d6{static,/static,file:///home/runner/work/ozone/ozone/hadoop-hdds/container-service/target/classes/webapps/static,AVAILABLE}
2024-05-12 17:41:29,151 [main] INFO  handler.ContextHandler (ContextHandler.java:doStart(921)) - Started o.e.j.w.WebAppContext@7bcccbd2{hddsDatanode,/,file:///home/runner/work/ozone/ozone/hadoop-hdds/container-service/target/classes/webapps/hddsDatanode/,AVAILABLE}{file:/home/runner/work/ozone/ozone/hadoop-hdds/container-service/target/classes/webapps/hddsDatanode}
2024-05-12 17:41:29,152 [main] INFO  server.AbstractConnector (AbstractConnector.java:doStart(333)) - Started ServerConnector@132e0e20{HTTP/1.1, (http/1.1)}{0.0.0.0:15330}
2024-05-12 17:41:29,152 [main] INFO  server.Server (Server.java:doStart(415)) - Started @176697ms
2024-05-12 17:41:29,152 [main] WARN  impl.MetricsSystemImpl (MetricsSystemImpl.java:register(279)) - Sink prometheus already exists!
2024-05-12 17:41:29,152 [main] INFO  http.BaseHttpServer (BaseHttpServer.java:updateConnectorAddress(354)) - HTTP server of hddsDatanode listening at http://0.0.0.0:15330
2024-05-12 17:41:29,154 [main] INFO  ipc.CallQueueManager (CallQueueManager.java:<init>(90)) - Using callQueue: class java.util.concurrent.LinkedBlockingQueue, queueCapacity: 100, scheduler: class org.apache.hadoop.ipc.DefaultRpcScheduler, ipcBackoff: false.
2024-05-12 17:41:29,154 [main] INFO  ipc.Server (Server.java:<init>(1287)) - Listener at 0.0.0.0:15331
2024-05-12 17:41:29,154 [Socket Reader #1 for port 15331] INFO  ipc.Server (Server.java:run(1323)) - Starting Socket Reader #1 for port 15331
2024-05-12 17:41:29,155 [main] INFO  ozone.HddsDatanodeService (HddsDatanodeService.java:start(327)) - Datanode start with admins: [runner]
2024-05-12 17:41:29,156 [main] INFO  ozone.HddsDatanodeClientProtocolServer (HddsDatanodeClientProtocolServer.java:start(77)) - RPC server for Client /0.0.0.0:15331
2024-05-12 17:41:29,156 [IPC Server Responder] INFO  ipc.Server (Server.java:run(1562)) - IPC Server Responder: starting
2024-05-12 17:41:29,158 [IPC Server listener on 15331] INFO  ipc.Server (Server.java:run(1402)) - IPC Server listener on 15331: starting
2024-05-12 17:41:29,159 [main] WARN  dropwizard3.Dm3MetricRegistriesImpl (Dm3MetricRegistriesImpl.java:addReporterRegistration(113)) - New reporters are added after registries were created. Some metrics will be missing from the reporter. Please add reporter before adding any new registry.
2024-05-12 17:41:29,159 [main] WARN  dropwizard3.Dm3MetricRegistriesImpl (Dm3MetricRegistriesImpl.java:addReporterRegistration(113)) - New reporters are added after registries were created. Some metrics will be missing from the reporter. Please add reporter before adding any new registry.
2024-05-12 17:41:29,159 [main] INFO  impl.MetricsSystemImpl (MetricsSystemImpl.java:init(158)) - HddsDatanode metrics system started (again)
2024-05-12 17:41:29,162 [3523888c-df3a-4c75-876a-f320dc6c9584-DatanodeStateMachineDaemonThread] INFO  statemachine.DatanodeStateMachine (DatanodeStateMachine.java:lambda$startDaemon$1(555)) - Ozone container server started.
2024-05-12 17:41:29,164 [3523888c-df3a-4c75-876a-f320dc6c9584-DatanodeStateMachineTaskThread-0] INFO  datanode.InitDatanodeState (InitDatanodeState.java:persistContainerDatanodeDetails(139)) - DatanodeDetails is persisted to /home/runner/work/ozone/ozone/hadoop-ozone/integration-test/target/test-dir/MiniOzoneClusterImpl-71ef5771-1bca-432b-8888-38dc3c8d5d63/ozone-meta/datanode-4/meta/datanode.id
2024-05-12 17:41:29,168 [main] INFO  ozone.HddsDatanodeService (HddsDatanodeService.java:start(240)) - HddsDatanodeService host:fv-az576-466.aorupckr0enubjna0yxjxz5gkh.cx.internal.cloudapp.net ip:10.1.0.24
2024-05-12 17:41:29,187 [main] INFO  upgrade.AbstractLayoutVersionManager (AbstractLayoutVersionManager.java:init(83)) - Initializing Layout version manager with metadata layout = HADOOP_PRC_PORTS_IN_DATANODEDETAILS (version = 7), software layout = HADOOP_PRC_PORTS_IN_DATANODEDETAILS (version = 7)
2024-05-12 17:41:29,188 [main] INFO  statemachine.DatanodeStateMachine (DatanodeStateMachine.java:getEndPointTaskThreadPoolSize(299)) - Datanode State Machine Task Thread Pool size 2
2024-05-12 17:41:29,188 [main] INFO  volume.HddsVolume (HddsVolume.java:<init>(126)) - Creating HddsVolume: /home/runner/work/ozone/ozone/hadoop-ozone/integration-test/target/test-dir/MiniOzoneClusterImpl-71ef5771-1bca-432b-8888-38dc3c8d5d63/ozone-meta/datanode-5/data-0/hdds of storage type : DISK capacity : 9222449699674390527
2024-05-12 17:41:29,188 [main] INFO  volume.MutableVolumeSet (MutableVolumeSet.java:initializeVolumeSet(173)) - Added Volume : /home/runner/work/ozone/ozone/hadoop-ozone/integration-test/target/test-dir/MiniOzoneClusterImpl-71ef5771-1bca-432b-8888-38dc3c8d5d63/ozone-meta/datanode-5/data-0/hdds to VolumeSet
2024-05-12 17:41:29,189 [main] INFO  volume.MutableVolumeSet (MutableVolumeSet.java:initializeVolumeSet(173)) - Added Volume : /home/runner/work/ozone/ozone/hadoop-ozone/integration-test/target/test-dir/MiniOzoneClusterImpl-71ef5771-1bca-432b-8888-38dc3c8d5d63/ozone-meta/datanode-5/ratis to VolumeSet
2024-05-12 17:41:29,189 [main] INFO  ozoneimpl.OzoneContainer (HddsVolumeUtil.java:loadAllHddsVolumeDbStore(103)) - Load 1 volumes DbStore cost: 0ms
2024-05-12 17:41:29,190 [main] INFO  server.RaftServer (ConfUtils.java:logGet(46)) - raft.rpc.type = GRPC (default)
2024-05-12 17:41:29,190 [main] INFO  grpc.GrpcConfigKeys (ConfUtils.java:logFallback(53)) - raft.grpc.admin.host = null (fallback to raft.grpc.server.host)
2024-05-12 17:41:29,191 [main] INFO  grpc.GrpcConfigKeys (ConfUtils.java:logGet(46)) - raft.grpc.admin.port = 15343 (custom)
2024-05-12 17:41:29,191 [main] INFO  grpc.GrpcConfigKeys (ConfUtils.java:logFallback(53)) - raft.grpc.client.host = null (fallback to raft.grpc.server.host)
2024-05-12 17:41:29,191 [main] INFO  grpc.GrpcConfigKeys (ConfUtils.java:logGet(46)) - raft.grpc.client.port = 15342 (custom)
2024-05-12 17:41:29,191 [main] INFO  grpc.GrpcConfigKeys (ConfUtils.java:logGet(46)) - raft.grpc.server.host = null (default)
2024-05-12 17:41:29,191 [main] INFO  grpc.GrpcConfigKeys (ConfUtils.java:logGet(46)) - raft.grpc.server.port = 15344 (custom)
2024-05-12 17:41:29,191 [main] INFO  server.GrpcService (ConfUtils.java:logGet(46)) - raft.grpc.message.size.max = 32MB (=33554432) (custom)
2024-05-12 17:41:29,191 [main] INFO  server.RaftServerConfigKeys (ConfUtils.java:logGet(46)) - raft.server.log.appender.buffer.byte-limit = 8388608 (custom)
2024-05-12 17:41:29,191 [main] INFO  server.GrpcService (ConfUtils.java:logGet(46)) - raft.grpc.flow.control.window = 5MB (=5242880) (custom)
2024-05-12 17:41:29,191 [main] INFO  server.RaftServerConfigKeys (ConfUtils.java:logGet(46)) - raft.server.rpc.request.timeout = 3000ms (default)
2024-05-12 17:41:29,191 [main] INFO  grpc.GrpcConfigKeys (ConfUtils.java:logGet(46)) - raft.grpc.server.heartbeat.channel = true (default)
2024-05-12 17:41:29,191 [main] INFO  grpc.GrpcConfigKeys (ConfUtils.java:logGet(46)) - raft.grpc.server.async.request.thread.pool.cached = true (default)
2024-05-12 17:41:29,191 [main] INFO  grpc.GrpcConfigKeys (ConfUtils.java:logGet(46)) - raft.grpc.server.async.request.thread.pool.size = 32 (default)
2024-05-12 17:41:29,192 [main] INFO  impl.DataStreamServerImpl (ConfUtils.java:logGet(46)) - raft.datastream.type = NETTY (custom)
2024-05-12 17:41:29,193 [main] INFO  server.RaftServerConfigKeys (ConfUtils.java:logGet(46)) - raft.server.data-stream.async.request.thread.pool.cached = false (default)
2024-05-12 17:41:29,193 [main] INFO  server.RaftServerConfigKeys (ConfUtils.java:logGet(46)) - raft.server.data-stream.async.request.thread.pool.size = 20 (custom)
2024-05-12 17:41:29,193 [main] INFO  server.RaftServerConfigKeys (ConfUtils.java:logGet(46)) - raft.server.data-stream.async.write.thread.pool.size = 16 (default)
2024-05-12 17:41:29,193 [main] INFO  netty.NettyConfigKeys$DataStream (ConfUtils.java:logGet(46)) - raft.netty.dataStream.server.channel.inactive.grace-period = 10min (default)
2024-05-12 17:41:29,193 [main] INFO  server.RaftServerConfigKeys (ConfUtils.java:logGet(46)) - raft.server.data-stream.client.pool.size = 10 (default)
2024-05-12 17:41:29,193 [main] INFO  netty.NettyConfigKeys$DataStream (ConfUtils.java:logGet(46)) - raft.netty.dataStream.server.use-epoll = true (default)
2024-05-12 17:41:29,193 [main] INFO  netty.NettyConfigKeys$DataStream (ConfUtils.java:logGet(46)) - raft.netty.dataStream.server.boss-group.size = 0 (default)
2024-05-12 17:41:29,193 [main] INFO  netty.NettyUtils (NettyUtils.java:newEventLoopGroup(69)) - Create EpollEventLoopGroup for d999a49d-42de-484c-a75f-ffa132e9c3a5-NettyServerStreamRpc-bossGroup; Thread size is 0.
2024-05-12 17:41:29,193 [main] INFO  netty.NettyConfigKeys$DataStream (ConfUtils.java:logGet(46)) - raft.netty.dataStream.server.worker-group.size = 0 (default)
2024-05-12 17:41:29,193 [main] INFO  netty.NettyUtils (NettyUtils.java:newEventLoopGroup(69)) - Create EpollEventLoopGroup for d999a49d-42de-484c-a75f-ffa132e9c3a5-NettyServerStreamRpc-workerGroup; Thread size is 0.
2024-05-12 17:41:29,193 [main] INFO  netty.NettyConfigKeys$DataStream (ConfUtils.java:logGet(46)) - raft.netty.dataStream.server.tls.conf = null (default)
2024-05-12 17:41:29,193 [main] INFO  netty.NettyConfigKeys$DataStream (ConfUtils.java:logGet(46)) - raft.netty.dataStream.host = null (default)
2024-05-12 17:41:29,193 [main] INFO  netty.NettyConfigKeys$DataStream (ConfUtils.java:logGet(46)) - raft.netty.dataStream.port = 15345 (custom)
2024-05-12 17:41:29,194 [main] INFO  server.RaftServerConfigKeys (ConfUtils.java:logGet(46)) - raft.server.sleep.deviation.threshold = 300ms (default)
2024-05-12 17:41:29,194 [main] INFO  server.RaftServerConfigKeys (ConfUtils.java:logGet(46)) - raft.server.close.threshold = 60s (default)
2024-05-12 17:41:29,194 [main] INFO  server.RaftServerConfigKeys (ConfUtils.java:logGet(46)) - raft.server.leaderelection.leader.step-down.wait-time = 10s (default)
2024-05-12 17:41:29,194 [d999a49d-42de-484c-a75f-ffa132e9c3a5-NettyServerStreamRpc-bossGroup--thread1] INFO  logging.LoggingHandler (AbstractInternalLogger.java:log(148)) - [id: 0x79002115] REGISTERED
2024-05-12 17:41:29,194 [main] INFO  server.RaftServerConfigKeys (ConfUtils.java:logGet(46)) - raft.server.storage.dir = [/home/runner/work/ozone/ozone/hadoop-ozone/integration-test/target/test-dir/MiniOzoneClusterImpl-71ef5771-1bca-432b-8888-38dc3c8d5d63/ozone-meta/datanode-5/ratis] (custom)
2024-05-12 17:41:29,194 [main] INFO  server.RaftServerConfigKeys (ConfUtils.java:logGet(46)) - raft.server.threadpool.proxy.cached = true (default)
2024-05-12 17:41:29,194 [d999a49d-42de-484c-a75f-ffa132e9c3a5-NettyServerStreamRpc-bossGroup--thread1] INFO  logging.LoggingHandler (AbstractInternalLogger.java:log(148)) - [id: 0x79002115] BIND: 0.0.0.0/0.0.0.0:15345
2024-05-12 17:41:29,194 [main] INFO  server.RaftServerConfigKeys (ConfUtils.java:logGet(46)) - raft.server.threadpool.proxy.size = 0 (default)
2024-05-12 17:41:29,194 [d999a49d-42de-484c-a75f-ffa132e9c3a5-NettyServerStreamRpc-bossGroup--thread1] INFO  logging.LoggingHandler (AbstractInternalLogger.java:log(148)) - [id: 0x79002115, L:/0.0.0.0:15345] ACTIVE
2024-05-12 17:41:29,195 [d999a49d-42de-484c-a75f-ffa132e9c3a5-impl-thread1] INFO  server.RaftServer (RaftServerProxy.java:initGroupDir(264)) - d999a49d-42de-484c-a75f-ffa132e9c3a5: found a subdirectory /home/runner/work/ozone/ozone/hadoop-ozone/integration-test/target/test-dir/MiniOzoneClusterImpl-71ef5771-1bca-432b-8888-38dc3c8d5d63/ozone-meta/datanode-5/ratis/tmp
2024-05-12 17:41:29,195 [d999a49d-42de-484c-a75f-ffa132e9c3a5-impl-thread1] INFO  server.RaftServer (RaftServerProxy.java:initGroupDir(269)) - d999a49d-42de-484c-a75f-ffa132e9c3a5: The directory /home/runner/work/ozone/ozone/hadoop-ozone/integration-test/target/test-dir/MiniOzoneClusterImpl-71ef5771-1bca-432b-8888-38dc3c8d5d63/ozone-meta/datanode-5/ratis/tmp is not a group directory; ignoring it. 
2024-05-12 17:41:29,195 [main] INFO  replication.ReplicationServer (ReplicationServer.java:<init>(86)) - Initializing replication server with thread count = 10 queue length = 4096
2024-05-12 17:41:29,195 [main] INFO  server.XceiverServerGrpc (XceiverServerGrpc.java:<init>(141)) - GrpcServer channel type EpollServerSocketChannel
2024-05-12 17:41:29,196 [main] INFO  replication.ReplicationSupervisor (ReplicationSupervisor.java:build(157)) - Initializing replication supervisor with thread count = 10
2024-05-12 17:41:29,196 [main] INFO  replication.ReplicationSupervisor (ReplicationSupervisor.java:nodeStateUpdated(312)) - Node state updated to IN_SERVICE, scaling executor pool size to 10
2024-05-12 17:41:29,198 [main] INFO  http.BaseHttpServer (BaseHttpServer.java:newHttpServer2BuilderForOzone(223)) - Starting Web-server for hddsDatanode at: http://0.0.0.0:15339
2024-05-12 17:41:29,198 [main] INFO  http.BaseHttpServer (BaseHttpServer.java:<init>(110)) - Hadoop Security Enabled: false Ozone Security Enabled: false Ozone HTTP Security Enabled: false 
2024-05-12 17:41:29,198 [main] WARN  server.AuthenticationFilter (AuthenticationFilter.java:constructSecretProvider(240)) - Unable to initialize FileSignerSecretProvider, falling back to use random secrets. Reason: Could not read signature secret file: /home/runner/hadoop-http-auth-signature-secret
2024-05-12 17:41:29,199 [main] INFO  http.HttpRequestLog (HttpRequestLog.java:getRequestLog(86)) - Http request log for http.requests.hddsDatanode is not defined
2024-05-12 17:41:29,199 [main] INFO  http.HttpServer2 (HttpServer2.java:addGlobalFilter(1036)) - Added global filter 'safety' (class=org.apache.hadoop.hdds.server.http.HttpServer2$QuotingInputFilter)
2024-05-12 17:41:29,200 [main] INFO  http.HttpServer2 (HttpServer2.java:addFilter(1012)) - Added filter static_user_filter (class=org.apache.hadoop.http.lib.StaticUserWebFilter$StaticUserFilter) to context hddsDatanode
2024-05-12 17:41:29,200 [main] INFO  http.HttpServer2 (HttpServer2.java:addFilter(1020)) - Added filter static_user_filter (class=org.apache.hadoop.http.lib.StaticUserWebFilter$StaticUserFilter) to context static
2024-05-12 17:41:29,200 [main] INFO  http.HttpServer2 (HttpServer2.java:addFilter(1020)) - Added filter static_user_filter (class=org.apache.hadoop.http.lib.StaticUserWebFilter$StaticUserFilter) to context logs
2024-05-12 17:41:29,200 [main] INFO  http.BaseHttpServer (BaseHttpServer.java:<init>(189)) - HTTP server of hddsDatanode uses base directory /home/runner/work/ozone/ozone/hadoop-ozone/integration-test/target/test-dir/MiniOzoneClusterImpl-71ef5771-1bca-432b-8888-38dc3c8d5d63/ozone-meta/datanode-5/meta/webserver
2024-05-12 17:41:29,200 [main] INFO  http.HttpServer2 (HttpServer2.java:bindListener(1236)) - Jetty bound to port 15339
2024-05-12 17:41:29,201 [main] INFO  server.Server (Server.java:doStart(375)) - jetty-9.4.54.v20240208; built: 2024-02-08T19:42:39.027Z; git: cef3fbd6d736a21e7d541a5db490381d95a2047d; jvm 17.0.10+7
2024-05-12 17:41:29,202 [main] INFO  server.session (DefaultSessionIdManager.java:doStart(334)) - DefaultSessionIdManager workerName=node0
2024-05-12 17:41:29,202 [main] INFO  server.session (DefaultSessionIdManager.java:doStart(339)) - No SessionScavenger set, using defaults
2024-05-12 17:41:29,202 [main] INFO  server.session (HouseKeeper.java:startScavenging(132)) - node0 Scavenging every 660000ms
2024-05-12 17:41:29,202 [main] INFO  handler.ContextHandler (ContextHandler.java:doStart(921)) - Started o.e.j.s.ServletContextHandler@2ad404c0{logs,/logs,file:///home/runner/work/ozone/ozone/hadoop-ozone/integration-test/target/log,AVAILABLE}
2024-05-12 17:41:29,203 [main] INFO  handler.ContextHandler (ContextHandler.java:doStart(921)) - Started o.e.j.s.ServletContextHandler@7d31b371{static,/static,file:///home/runner/work/ozone/ozone/hadoop-hdds/container-service/target/classes/webapps/static,AVAILABLE}
2024-05-12 17:41:29,206 [main] INFO  handler.ContextHandler (ContextHandler.java:doStart(921)) - Started o.e.j.w.WebAppContext@58b4f4a{hddsDatanode,/,file:///home/runner/work/ozone/ozone/hadoop-hdds/container-service/target/classes/webapps/hddsDatanode/,AVAILABLE}{file:/home/runner/work/ozone/ozone/hadoop-hdds/container-service/target/classes/webapps/hddsDatanode}
2024-05-12 17:41:29,207 [main] INFO  server.AbstractConnector (AbstractConnector.java:doStart(333)) - Started ServerConnector@4bb51f15{HTTP/1.1, (http/1.1)}{0.0.0.0:15339}
2024-05-12 17:41:29,207 [main] INFO  server.Server (Server.java:doStart(415)) - Started @176752ms
2024-05-12 17:41:29,207 [main] WARN  impl.MetricsSystemImpl (MetricsSystemImpl.java:register(279)) - Sink prometheus already exists!
2024-05-12 17:41:29,207 [main] INFO  http.BaseHttpServer (BaseHttpServer.java:updateConnectorAddress(354)) - HTTP server of hddsDatanode listening at http://0.0.0.0:15339
2024-05-12 17:41:29,208 [main] INFO  ipc.CallQueueManager (CallQueueManager.java:<init>(90)) - Using callQueue: class java.util.concurrent.LinkedBlockingQueue, queueCapacity: 100, scheduler: class org.apache.hadoop.ipc.DefaultRpcScheduler, ipcBackoff: false.
2024-05-12 17:41:29,208 [main] INFO  ipc.Server (Server.java:<init>(1287)) - Listener at 0.0.0.0:15340
2024-05-12 17:41:29,210 [Socket Reader #1 for port 15340] INFO  ipc.Server (Server.java:run(1323)) - Starting Socket Reader #1 for port 15340
2024-05-12 17:41:29,211 [main] INFO  ozone.HddsDatanodeService (HddsDatanodeService.java:start(327)) - Datanode start with admins: [runner]
2024-05-12 17:41:29,211 [main] INFO  ozone.HddsDatanodeClientProtocolServer (HddsDatanodeClientProtocolServer.java:start(77)) - RPC server for Client /0.0.0.0:15340
2024-05-12 17:41:29,211 [IPC Server Responder] INFO  ipc.Server (Server.java:run(1562)) - IPC Server Responder: starting
2024-05-12 17:41:29,211 [IPC Server listener on 15340] INFO  ipc.Server (Server.java:run(1402)) - IPC Server listener on 15340: starting
2024-05-12 17:41:29,214 [main] WARN  dropwizard3.Dm3MetricRegistriesImpl (Dm3MetricRegistriesImpl.java:addReporterRegistration(113)) - New reporters are added after registries were created. Some metrics will be missing from the reporter. Please add reporter before adding any new registry.
2024-05-12 17:41:29,214 [main] WARN  dropwizard3.Dm3MetricRegistriesImpl (Dm3MetricRegistriesImpl.java:addReporterRegistration(113)) - New reporters are added after registries were created. Some metrics will be missing from the reporter. Please add reporter before adding any new registry.
2024-05-12 17:41:29,215 [main] INFO  impl.MetricsSystemImpl (MetricsSystemImpl.java:init(158)) - HddsDatanode metrics system started (again)
2024-05-12 17:41:29,216 [d999a49d-42de-484c-a75f-ffa132e9c3a5-DatanodeStateMachineDaemonThread] INFO  statemachine.DatanodeStateMachine (DatanodeStateMachine.java:lambda$startDaemon$1(555)) - Ozone container server started.
2024-05-12 17:41:29,217 [d999a49d-42de-484c-a75f-ffa132e9c3a5-DatanodeStateMachineTaskThread-0] INFO  datanode.InitDatanodeState (InitDatanodeState.java:persistContainerDatanodeDetails(139)) - DatanodeDetails is persisted to /home/runner/work/ozone/ozone/hadoop-ozone/integration-test/target/test-dir/MiniOzoneClusterImpl-71ef5771-1bca-432b-8888-38dc3c8d5d63/ozone-meta/datanode-5/meta/datanode.id
2024-05-12 17:41:29,226 [main] INFO  ozone.HddsDatanodeService (HddsDatanodeService.java:start(240)) - HddsDatanodeService host:fv-az576-466.aorupckr0enubjna0yxjxz5gkh.cx.internal.cloudapp.net ip:10.1.0.24
2024-05-12 17:41:29,245 [main] INFO  upgrade.AbstractLayoutVersionManager (AbstractLayoutVersionManager.java:init(83)) - Initializing Layout version manager with metadata layout = HADOOP_PRC_PORTS_IN_DATANODEDETAILS (version = 7), software layout = HADOOP_PRC_PORTS_IN_DATANODEDETAILS (version = 7)
2024-05-12 17:41:29,245 [main] INFO  statemachine.DatanodeStateMachine (DatanodeStateMachine.java:getEndPointTaskThreadPoolSize(299)) - Datanode State Machine Task Thread Pool size 2
2024-05-12 17:41:29,246 [main] INFO  volume.HddsVolume (HddsVolume.java:<init>(126)) - Creating HddsVolume: /home/runner/work/ozone/ozone/hadoop-ozone/integration-test/target/test-dir/MiniOzoneClusterImpl-71ef5771-1bca-432b-8888-38dc3c8d5d63/ozone-meta/datanode-6/data-0/hdds of storage type : DISK capacity : 9222449699674390527
2024-05-12 17:41:29,246 [main] INFO  volume.MutableVolumeSet (MutableVolumeSet.java:initializeVolumeSet(173)) - Added Volume : /home/runner/work/ozone/ozone/hadoop-ozone/integration-test/target/test-dir/MiniOzoneClusterImpl-71ef5771-1bca-432b-8888-38dc3c8d5d63/ozone-meta/datanode-6/data-0/hdds to VolumeSet
2024-05-12 17:41:29,247 [main] INFO  volume.MutableVolumeSet (MutableVolumeSet.java:initializeVolumeSet(173)) - Added Volume : /home/runner/work/ozone/ozone/hadoop-ozone/integration-test/target/test-dir/MiniOzoneClusterImpl-71ef5771-1bca-432b-8888-38dc3c8d5d63/ozone-meta/datanode-6/ratis to VolumeSet
2024-05-12 17:41:29,247 [main] INFO  ozoneimpl.OzoneContainer (HddsVolumeUtil.java:loadAllHddsVolumeDbStore(103)) - Load 1 volumes DbStore cost: 0ms
2024-05-12 17:41:29,248 [main] INFO  server.RaftServer (ConfUtils.java:logGet(46)) - raft.rpc.type = GRPC (default)
2024-05-12 17:41:29,248 [main] INFO  grpc.GrpcConfigKeys (ConfUtils.java:logFallback(53)) - raft.grpc.admin.host = null (fallback to raft.grpc.server.host)
2024-05-12 17:41:29,248 [main] INFO  grpc.GrpcConfigKeys (ConfUtils.java:logGet(46)) - raft.grpc.admin.port = 15352 (custom)
2024-05-12 17:41:29,248 [main] INFO  grpc.GrpcConfigKeys (ConfUtils.java:logFallback(53)) - raft.grpc.client.host = null (fallback to raft.grpc.server.host)
2024-05-12 17:41:29,248 [main] INFO  grpc.GrpcConfigKeys (ConfUtils.java:logGet(46)) - raft.grpc.client.port = 15351 (custom)
2024-05-12 17:41:29,248 [main] INFO  grpc.GrpcConfigKeys (ConfUtils.java:logGet(46)) - raft.grpc.server.host = null (default)
2024-05-12 17:41:29,248 [main] INFO  grpc.GrpcConfigKeys (ConfUtils.java:logGet(46)) - raft.grpc.server.port = 15353 (custom)
2024-05-12 17:41:29,248 [main] INFO  server.GrpcService (ConfUtils.java:logGet(46)) - raft.grpc.message.size.max = 32MB (=33554432) (custom)
2024-05-12 17:41:29,248 [main] INFO  server.RaftServerConfigKeys (ConfUtils.java:logGet(46)) - raft.server.log.appender.buffer.byte-limit = 8388608 (custom)
2024-05-12 17:41:29,249 [main] INFO  server.GrpcService (ConfUtils.java:logGet(46)) - raft.grpc.flow.control.window = 5MB (=5242880) (custom)
2024-05-12 17:41:29,249 [main] INFO  server.RaftServerConfigKeys (ConfUtils.java:logGet(46)) - raft.server.rpc.request.timeout = 3000ms (default)
2024-05-12 17:41:29,249 [main] INFO  grpc.GrpcConfigKeys (ConfUtils.java:logGet(46)) - raft.grpc.server.heartbeat.channel = true (default)
2024-05-12 17:41:29,249 [main] INFO  grpc.GrpcConfigKeys (ConfUtils.java:logGet(46)) - raft.grpc.server.async.request.thread.pool.cached = true (default)
2024-05-12 17:41:29,249 [main] INFO  grpc.GrpcConfigKeys (ConfUtils.java:logGet(46)) - raft.grpc.server.async.request.thread.pool.size = 32 (default)
2024-05-12 17:41:29,250 [main] INFO  impl.DataStreamServerImpl (ConfUtils.java:logGet(46)) - raft.datastream.type = NETTY (custom)
2024-05-12 17:41:29,250 [main] INFO  server.RaftServerConfigKeys (ConfUtils.java:logGet(46)) - raft.server.data-stream.async.request.thread.pool.cached = false (default)
2024-05-12 17:41:29,250 [main] INFO  server.RaftServerConfigKeys (ConfUtils.java:logGet(46)) - raft.server.data-stream.async.request.thread.pool.size = 20 (custom)
2024-05-12 17:41:29,250 [main] INFO  server.RaftServerConfigKeys (ConfUtils.java:logGet(46)) - raft.server.data-stream.async.write.thread.pool.size = 16 (default)
2024-05-12 17:41:29,250 [main] INFO  netty.NettyConfigKeys$DataStream (ConfUtils.java:logGet(46)) - raft.netty.dataStream.server.channel.inactive.grace-period = 10min (default)
2024-05-12 17:41:29,250 [main] INFO  server.RaftServerConfigKeys (ConfUtils.java:logGet(46)) - raft.server.data-stream.client.pool.size = 10 (default)
2024-05-12 17:41:29,250 [main] INFO  netty.NettyConfigKeys$DataStream (ConfUtils.java:logGet(46)) - raft.netty.dataStream.server.use-epoll = true (default)
2024-05-12 17:41:29,251 [main] INFO  netty.NettyConfigKeys$DataStream (ConfUtils.java:logGet(46)) - raft.netty.dataStream.server.boss-group.size = 0 (default)
2024-05-12 17:41:29,251 [main] INFO  netty.NettyUtils (NettyUtils.java:newEventLoopGroup(69)) - Create EpollEventLoopGroup for 2ef8d649-4864-4b9a-81a6-122cf2174905-NettyServerStreamRpc-bossGroup; Thread size is 0.
2024-05-12 17:41:29,251 [main] INFO  netty.NettyConfigKeys$DataStream (ConfUtils.java:logGet(46)) - raft.netty.dataStream.server.worker-group.size = 0 (default)
2024-05-12 17:41:29,251 [main] INFO  netty.NettyUtils (NettyUtils.java:newEventLoopGroup(69)) - Create EpollEventLoopGroup for 2ef8d649-4864-4b9a-81a6-122cf2174905-NettyServerStreamRpc-workerGroup; Thread size is 0.
2024-05-12 17:41:29,251 [main] INFO  netty.NettyConfigKeys$DataStream (ConfUtils.java:logGet(46)) - raft.netty.dataStream.server.tls.conf = null (default)
2024-05-12 17:41:29,251 [main] INFO  netty.NettyConfigKeys$DataStream (ConfUtils.java:logGet(46)) - raft.netty.dataStream.host = null (default)
2024-05-12 17:41:29,251 [main] INFO  netty.NettyConfigKeys$DataStream (ConfUtils.java:logGet(46)) - raft.netty.dataStream.port = 15354 (custom)
2024-05-12 17:41:29,252 [main] INFO  server.RaftServerConfigKeys (ConfUtils.java:logGet(46)) - raft.server.sleep.deviation.threshold = 300ms (default)
2024-05-12 17:41:29,252 [main] INFO  server.RaftServerConfigKeys (ConfUtils.java:logGet(46)) - raft.server.close.threshold = 60s (default)
2024-05-12 17:41:29,252 [main] INFO  server.RaftServerConfigKeys (ConfUtils.java:logGet(46)) - raft.server.leaderelection.leader.step-down.wait-time = 10s (default)
2024-05-12 17:41:29,252 [main] INFO  server.RaftServerConfigKeys (ConfUtils.java:logGet(46)) - raft.server.storage.dir = [/home/runner/work/ozone/ozone/hadoop-ozone/integration-test/target/test-dir/MiniOzoneClusterImpl-71ef5771-1bca-432b-8888-38dc3c8d5d63/ozone-meta/datanode-6/ratis] (custom)
2024-05-12 17:41:29,252 [main] INFO  server.RaftServerConfigKeys (ConfUtils.java:logGet(46)) - raft.server.threadpool.proxy.cached = true (default)
2024-05-12 17:41:29,252 [main] INFO  server.RaftServerConfigKeys (ConfUtils.java:logGet(46)) - raft.server.threadpool.proxy.size = 0 (default)
2024-05-12 17:41:29,253 [2ef8d649-4864-4b9a-81a6-122cf2174905-impl-thread1] INFO  server.RaftServer (RaftServerProxy.java:initGroupDir(264)) - 2ef8d649-4864-4b9a-81a6-122cf2174905: found a subdirectory /home/runner/work/ozone/ozone/hadoop-ozone/integration-test/target/test-dir/MiniOzoneClusterImpl-71ef5771-1bca-432b-8888-38dc3c8d5d63/ozone-meta/datanode-6/ratis/tmp
2024-05-12 17:41:29,253 [2ef8d649-4864-4b9a-81a6-122cf2174905-impl-thread1] INFO  server.RaftServer (RaftServerProxy.java:initGroupDir(269)) - 2ef8d649-4864-4b9a-81a6-122cf2174905: The directory /home/runner/work/ozone/ozone/hadoop-ozone/integration-test/target/test-dir/MiniOzoneClusterImpl-71ef5771-1bca-432b-8888-38dc3c8d5d63/ozone-meta/datanode-6/ratis/tmp is not a group directory; ignoring it. 
2024-05-12 17:41:29,253 [main] INFO  replication.ReplicationServer (ReplicationServer.java:<init>(86)) - Initializing replication server with thread count = 10 queue length = 4096
2024-05-12 17:41:29,252 [2ef8d649-4864-4b9a-81a6-122cf2174905-NettyServerStreamRpc-bossGroup--thread1] INFO  logging.LoggingHandler (AbstractInternalLogger.java:log(148)) - [id: 0xdf9b18be] REGISTERED
2024-05-12 17:41:29,253 [2ef8d649-4864-4b9a-81a6-122cf2174905-NettyServerStreamRpc-bossGroup--thread1] INFO  logging.LoggingHandler (AbstractInternalLogger.java:log(148)) - [id: 0xdf9b18be] BIND: 0.0.0.0/0.0.0.0:15354
2024-05-12 17:41:29,254 [2ef8d649-4864-4b9a-81a6-122cf2174905-NettyServerStreamRpc-bossGroup--thread1] INFO  logging.LoggingHandler (AbstractInternalLogger.java:log(148)) - [id: 0xdf9b18be, L:/0.0.0.0:15354] ACTIVE
2024-05-12 17:41:29,254 [main] INFO  server.XceiverServerGrpc (XceiverServerGrpc.java:<init>(141)) - GrpcServer channel type EpollServerSocketChannel
2024-05-12 17:41:29,255 [main] INFO  replication.ReplicationSupervisor (ReplicationSupervisor.java:build(157)) - Initializing replication supervisor with thread count = 10
2024-05-12 17:41:29,255 [main] INFO  replication.ReplicationSupervisor (ReplicationSupervisor.java:nodeStateUpdated(312)) - Node state updated to IN_SERVICE, scaling executor pool size to 10
2024-05-12 17:41:29,256 [main] INFO  http.BaseHttpServer (BaseHttpServer.java:newHttpServer2BuilderForOzone(223)) - Starting Web-server for hddsDatanode at: http://0.0.0.0:15348
2024-05-12 17:41:29,256 [main] INFO  http.BaseHttpServer (BaseHttpServer.java:<init>(110)) - Hadoop Security Enabled: false Ozone Security Enabled: false Ozone HTTP Security Enabled: false 
2024-05-12 17:41:29,257 [main] WARN  server.AuthenticationFilter (AuthenticationFilter.java:constructSecretProvider(240)) - Unable to initialize FileSignerSecretProvider, falling back to use random secrets. Reason: Could not read signature secret file: /home/runner/hadoop-http-auth-signature-secret
2024-05-12 17:41:29,257 [main] INFO  http.HttpRequestLog (HttpRequestLog.java:getRequestLog(86)) - Http request log for http.requests.hddsDatanode is not defined
2024-05-12 17:41:29,258 [main] INFO  http.HttpServer2 (HttpServer2.java:addGlobalFilter(1036)) - Added global filter 'safety' (class=org.apache.hadoop.hdds.server.http.HttpServer2$QuotingInputFilter)
2024-05-12 17:41:29,258 [main] INFO  http.HttpServer2 (HttpServer2.java:addFilter(1012)) - Added filter static_user_filter (class=org.apache.hadoop.http.lib.StaticUserWebFilter$StaticUserFilter) to context hddsDatanode
2024-05-12 17:41:29,258 [main] INFO  http.HttpServer2 (HttpServer2.java:addFilter(1020)) - Added filter static_user_filter (class=org.apache.hadoop.http.lib.StaticUserWebFilter$StaticUserFilter) to context logs
2024-05-12 17:41:29,258 [main] INFO  http.HttpServer2 (HttpServer2.java:addFilter(1020)) - Added filter static_user_filter (class=org.apache.hadoop.http.lib.StaticUserWebFilter$StaticUserFilter) to context static
2024-05-12 17:41:29,259 [main] INFO  http.BaseHttpServer (BaseHttpServer.java:<init>(189)) - HTTP server of hddsDatanode uses base directory /home/runner/work/ozone/ozone/hadoop-ozone/integration-test/target/test-dir/MiniOzoneClusterImpl-71ef5771-1bca-432b-8888-38dc3c8d5d63/ozone-meta/datanode-6/meta/webserver
2024-05-12 17:41:29,259 [main] INFO  http.HttpServer2 (HttpServer2.java:bindListener(1236)) - Jetty bound to port 15348
2024-05-12 17:41:29,259 [main] INFO  server.Server (Server.java:doStart(375)) - jetty-9.4.54.v20240208; built: 2024-02-08T19:42:39.027Z; git: cef3fbd6d736a21e7d541a5db490381d95a2047d; jvm 17.0.10+7
2024-05-12 17:41:29,260 [main] INFO  server.session (DefaultSessionIdManager.java:doStart(334)) - DefaultSessionIdManager workerName=node0
2024-05-12 17:41:29,260 [main] INFO  server.session (DefaultSessionIdManager.java:doStart(339)) - No SessionScavenger set, using defaults
2024-05-12 17:41:29,260 [main] INFO  server.session (HouseKeeper.java:startScavenging(132)) - node0 Scavenging every 660000ms
2024-05-12 17:41:29,260 [main] INFO  handler.ContextHandler (ContextHandler.java:doStart(921)) - Started o.e.j.s.ServletContextHandler@67dd1ef{logs,/logs,file:///home/runner/work/ozone/ozone/hadoop-ozone/integration-test/target/log,AVAILABLE}
2024-05-12 17:41:29,260 [main] INFO  handler.ContextHandler (ContextHandler.java:doStart(921)) - Started o.e.j.s.ServletContextHandler@227f6796{static,/static,file:///home/runner/work/ozone/ozone/hadoop-hdds/container-service/target/classes/webapps/static,AVAILABLE}
2024-05-12 17:41:29,263 [main] INFO  handler.ContextHandler (ContextHandler.java:doStart(921)) - Started o.e.j.w.WebAppContext@65babe35{hddsDatanode,/,file:///home/runner/work/ozone/ozone/hadoop-hdds/container-service/target/classes/webapps/hddsDatanode/,AVAILABLE}{file:/home/runner/work/ozone/ozone/hadoop-hdds/container-service/target/classes/webapps/hddsDatanode}
2024-05-12 17:41:29,263 [main] INFO  server.AbstractConnector (AbstractConnector.java:doStart(333)) - Started ServerConnector@2c56d4ab{HTTP/1.1, (http/1.1)}{0.0.0.0:15348}
2024-05-12 17:41:29,263 [main] INFO  server.Server (Server.java:doStart(415)) - Started @176809ms
2024-05-12 17:41:29,263 [main] WARN  impl.MetricsSystemImpl (MetricsSystemImpl.java:register(279)) - Sink prometheus already exists!
2024-05-12 17:41:29,264 [main] INFO  http.BaseHttpServer (BaseHttpServer.java:updateConnectorAddress(354)) - HTTP server of hddsDatanode listening at http://0.0.0.0:15348
2024-05-12 17:41:29,264 [main] INFO  ipc.CallQueueManager (CallQueueManager.java:<init>(90)) - Using callQueue: class java.util.concurrent.LinkedBlockingQueue, queueCapacity: 100, scheduler: class org.apache.hadoop.ipc.DefaultRpcScheduler, ipcBackoff: false.
2024-05-12 17:41:29,264 [main] INFO  ipc.Server (Server.java:<init>(1287)) - Listener at 0.0.0.0:15349
2024-05-12 17:41:29,264 [Socket Reader #1 for port 15349] INFO  ipc.Server (Server.java:run(1323)) - Starting Socket Reader #1 for port 15349
2024-05-12 17:41:29,267 [main] INFO  ozone.HddsDatanodeService (HddsDatanodeService.java:start(327)) - Datanode start with admins: [runner]
2024-05-12 17:41:29,267 [main] INFO  ozone.HddsDatanodeClientProtocolServer (HddsDatanodeClientProtocolServer.java:start(77)) - RPC server for Client /0.0.0.0:15349
2024-05-12 17:41:29,267 [IPC Server Responder] INFO  ipc.Server (Server.java:run(1562)) - IPC Server Responder: starting
2024-05-12 17:41:29,267 [IPC Server listener on 15349] INFO  ipc.Server (Server.java:run(1402)) - IPC Server listener on 15349: starting
2024-05-12 17:41:29,271 [2ef8d649-4864-4b9a-81a6-122cf2174905-DatanodeStateMachineDaemonThread] INFO  statemachine.DatanodeStateMachine (DatanodeStateMachine.java:lambda$startDaemon$1(555)) - Ozone container server started.
2024-05-12 17:41:29,272 [main] WARN  dropwizard3.Dm3MetricRegistriesImpl (Dm3MetricRegistriesImpl.java:addReporterRegistration(113)) - New reporters are added after registries were created. Some metrics will be missing from the reporter. Please add reporter before adding any new registry.
2024-05-12 17:41:29,272 [main] WARN  dropwizard3.Dm3MetricRegistriesImpl (Dm3MetricRegistriesImpl.java:addReporterRegistration(113)) - New reporters are added after registries were created. Some metrics will be missing from the reporter. Please add reporter before adding any new registry.
2024-05-12 17:41:29,272 [main] INFO  impl.MetricsSystemImpl (MetricsSystemImpl.java:init(158)) - HddsDatanode metrics system started (again)
2024-05-12 17:41:29,276 [2ef8d649-4864-4b9a-81a6-122cf2174905-DatanodeStateMachineTaskThread-0] INFO  datanode.InitDatanodeState (InitDatanodeState.java:persistContainerDatanodeDetails(139)) - DatanodeDetails is persisted to /home/runner/work/ozone/ozone/hadoop-ozone/integration-test/target/test-dir/MiniOzoneClusterImpl-71ef5771-1bca-432b-8888-38dc3c8d5d63/ozone-meta/datanode-6/meta/datanode.id
2024-05-12 17:41:29,280 [main] INFO  ozone.HddsDatanodeService (HddsDatanodeService.java:start(240)) - HddsDatanodeService host:fv-az576-466.aorupckr0enubjna0yxjxz5gkh.cx.internal.cloudapp.net ip:10.1.0.24
2024-05-12 17:41:29,296 [main] INFO  upgrade.AbstractLayoutVersionManager (AbstractLayoutVersionManager.java:init(83)) - Initializing Layout version manager with metadata layout = HADOOP_PRC_PORTS_IN_DATANODEDETAILS (version = 7), software layout = HADOOP_PRC_PORTS_IN_DATANODEDETAILS (version = 7)
2024-05-12 17:41:29,296 [main] INFO  statemachine.DatanodeStateMachine (DatanodeStateMachine.java:getEndPointTaskThreadPoolSize(299)) - Datanode State Machine Task Thread Pool size 2
2024-05-12 17:41:29,297 [main] INFO  volume.HddsVolume (HddsVolume.java:<init>(126)) - Creating HddsVolume: /home/runner/work/ozone/ozone/hadoop-ozone/integration-test/target/test-dir/MiniOzoneClusterImpl-71ef5771-1bca-432b-8888-38dc3c8d5d63/ozone-meta/datanode-7/data-0/hdds of storage type : DISK capacity : 9222449699674390527
2024-05-12 17:41:29,297 [main] INFO  volume.MutableVolumeSet (MutableVolumeSet.java:initializeVolumeSet(173)) - Added Volume : /home/runner/work/ozone/ozone/hadoop-ozone/integration-test/target/test-dir/MiniOzoneClusterImpl-71ef5771-1bca-432b-8888-38dc3c8d5d63/ozone-meta/datanode-7/data-0/hdds to VolumeSet
2024-05-12 17:41:29,298 [main] INFO  volume.MutableVolumeSet (MutableVolumeSet.java:initializeVolumeSet(173)) - Added Volume : /home/runner/work/ozone/ozone/hadoop-ozone/integration-test/target/test-dir/MiniOzoneClusterImpl-71ef5771-1bca-432b-8888-38dc3c8d5d63/ozone-meta/datanode-7/ratis to VolumeSet
2024-05-12 17:41:29,298 [main] INFO  ozoneimpl.OzoneContainer (HddsVolumeUtil.java:loadAllHddsVolumeDbStore(103)) - Load 1 volumes DbStore cost: 0ms
2024-05-12 17:41:29,299 [main] INFO  server.RaftServer (ConfUtils.java:logGet(46)) - raft.rpc.type = GRPC (default)
2024-05-12 17:41:29,299 [main] INFO  grpc.GrpcConfigKeys (ConfUtils.java:logFallback(53)) - raft.grpc.admin.host = null (fallback to raft.grpc.server.host)
2024-05-12 17:41:29,299 [main] INFO  grpc.GrpcConfigKeys (ConfUtils.java:logGet(46)) - raft.grpc.admin.port = 15361 (custom)
2024-05-12 17:41:29,299 [main] INFO  grpc.GrpcConfigKeys (ConfUtils.java:logFallback(53)) - raft.grpc.client.host = null (fallback to raft.grpc.server.host)
2024-05-12 17:41:29,299 [main] INFO  grpc.GrpcConfigKeys (ConfUtils.java:logGet(46)) - raft.grpc.client.port = 15360 (custom)
2024-05-12 17:41:29,300 [main] INFO  grpc.GrpcConfigKeys (ConfUtils.java:logGet(46)) - raft.grpc.server.host = null (default)
2024-05-12 17:41:29,300 [main] INFO  grpc.GrpcConfigKeys (ConfUtils.java:logGet(46)) - raft.grpc.server.port = 15362 (custom)
2024-05-12 17:41:29,300 [main] INFO  server.GrpcService (ConfUtils.java:logGet(46)) - raft.grpc.message.size.max = 32MB (=33554432) (custom)
2024-05-12 17:41:29,300 [main] INFO  server.RaftServerConfigKeys (ConfUtils.java:logGet(46)) - raft.server.log.appender.buffer.byte-limit = 8388608 (custom)
2024-05-12 17:41:29,300 [main] INFO  server.GrpcService (ConfUtils.java:logGet(46)) - raft.grpc.flow.control.window = 5MB (=5242880) (custom)
2024-05-12 17:41:29,300 [main] INFO  server.RaftServerConfigKeys (ConfUtils.java:logGet(46)) - raft.server.rpc.request.timeout = 3000ms (default)
2024-05-12 17:41:29,300 [main] INFO  grpc.GrpcConfigKeys (ConfUtils.java:logGet(46)) - raft.grpc.server.heartbeat.channel = true (default)
2024-05-12 17:41:29,300 [main] INFO  grpc.GrpcConfigKeys (ConfUtils.java:logGet(46)) - raft.grpc.server.async.request.thread.pool.cached = true (default)
2024-05-12 17:41:29,300 [main] INFO  grpc.GrpcConfigKeys (ConfUtils.java:logGet(46)) - raft.grpc.server.async.request.thread.pool.size = 32 (default)
2024-05-12 17:41:29,301 [main] INFO  impl.DataStreamServerImpl (ConfUtils.java:logGet(46)) - raft.datastream.type = NETTY (custom)
2024-05-12 17:41:29,301 [main] INFO  server.RaftServerConfigKeys (ConfUtils.java:logGet(46)) - raft.server.data-stream.async.request.thread.pool.cached = false (default)
2024-05-12 17:41:29,302 [main] INFO  server.RaftServerConfigKeys (ConfUtils.java:logGet(46)) - raft.server.data-stream.async.request.thread.pool.size = 20 (custom)
2024-05-12 17:41:29,302 [main] INFO  server.RaftServerConfigKeys (ConfUtils.java:logGet(46)) - raft.server.data-stream.async.write.thread.pool.size = 16 (default)
2024-05-12 17:41:29,302 [main] INFO  netty.NettyConfigKeys$DataStream (ConfUtils.java:logGet(46)) - raft.netty.dataStream.server.channel.inactive.grace-period = 10min (default)
2024-05-12 17:41:29,302 [main] INFO  server.RaftServerConfigKeys (ConfUtils.java:logGet(46)) - raft.server.data-stream.client.pool.size = 10 (default)
2024-05-12 17:41:29,302 [main] INFO  netty.NettyConfigKeys$DataStream (ConfUtils.java:logGet(46)) - raft.netty.dataStream.server.use-epoll = true (default)
2024-05-12 17:41:29,302 [main] INFO  netty.NettyConfigKeys$DataStream (ConfUtils.java:logGet(46)) - raft.netty.dataStream.server.boss-group.size = 0 (default)
2024-05-12 17:41:29,302 [main] INFO  netty.NettyUtils (NettyUtils.java:newEventLoopGroup(69)) - Create EpollEventLoopGroup for 93bda13b-2c91-401a-a9f5-fc4ebb9220da-NettyServerStreamRpc-bossGroup; Thread size is 0.
2024-05-12 17:41:29,302 [main] INFO  netty.NettyConfigKeys$DataStream (ConfUtils.java:logGet(46)) - raft.netty.dataStream.server.worker-group.size = 0 (default)
2024-05-12 17:41:29,302 [main] INFO  netty.NettyUtils (NettyUtils.java:newEventLoopGroup(69)) - Create EpollEventLoopGroup for 93bda13b-2c91-401a-a9f5-fc4ebb9220da-NettyServerStreamRpc-workerGroup; Thread size is 0.
2024-05-12 17:41:29,302 [main] INFO  netty.NettyConfigKeys$DataStream (ConfUtils.java:logGet(46)) - raft.netty.dataStream.server.tls.conf = null (default)
2024-05-12 17:41:29,302 [main] INFO  netty.NettyConfigKeys$DataStream (ConfUtils.java:logGet(46)) - raft.netty.dataStream.host = null (default)
2024-05-12 17:41:29,303 [main] INFO  netty.NettyConfigKeys$DataStream (ConfUtils.java:logGet(46)) - raft.netty.dataStream.port = 15363 (custom)
2024-05-12 17:41:29,303 [main] INFO  server.RaftServerConfigKeys (ConfUtils.java:logGet(46)) - raft.server.sleep.deviation.threshold = 300ms (default)
2024-05-12 17:41:29,303 [main] INFO  server.RaftServerConfigKeys (ConfUtils.java:logGet(46)) - raft.server.close.threshold = 60s (default)
2024-05-12 17:41:29,303 [main] INFO  server.RaftServerConfigKeys (ConfUtils.java:logGet(46)) - raft.server.leaderelection.leader.step-down.wait-time = 10s (default)
2024-05-12 17:41:29,303 [main] INFO  server.RaftServerConfigKeys (ConfUtils.java:logGet(46)) - raft.server.storage.dir = [/home/runner/work/ozone/ozone/hadoop-ozone/integration-test/target/test-dir/MiniOzoneClusterImpl-71ef5771-1bca-432b-8888-38dc3c8d5d63/ozone-meta/datanode-7/ratis] (custom)
2024-05-12 17:41:29,303 [main] INFO  server.RaftServerConfigKeys (ConfUtils.java:logGet(46)) - raft.server.threadpool.proxy.cached = true (default)
2024-05-12 17:41:29,304 [main] INFO  server.RaftServerConfigKeys (ConfUtils.java:logGet(46)) - raft.server.threadpool.proxy.size = 0 (default)
2024-05-12 17:41:29,304 [93bda13b-2c91-401a-a9f5-fc4ebb9220da-NettyServerStreamRpc-bossGroup--thread1] INFO  logging.LoggingHandler (AbstractInternalLogger.java:log(148)) - [id: 0xe6c64080] REGISTERED
2024-05-12 17:41:29,304 [93bda13b-2c91-401a-a9f5-fc4ebb9220da-impl-thread1] INFO  server.RaftServer (RaftServerProxy.java:initGroupDir(264)) - 93bda13b-2c91-401a-a9f5-fc4ebb9220da: found a subdirectory /home/runner/work/ozone/ozone/hadoop-ozone/integration-test/target/test-dir/MiniOzoneClusterImpl-71ef5771-1bca-432b-8888-38dc3c8d5d63/ozone-meta/datanode-7/ratis/tmp
2024-05-12 17:41:29,305 [93bda13b-2c91-401a-a9f5-fc4ebb9220da-impl-thread1] INFO  server.RaftServer (RaftServerProxy.java:initGroupDir(269)) - 93bda13b-2c91-401a-a9f5-fc4ebb9220da: The directory /home/runner/work/ozone/ozone/hadoop-ozone/integration-test/target/test-dir/MiniOzoneClusterImpl-71ef5771-1bca-432b-8888-38dc3c8d5d63/ozone-meta/datanode-7/ratis/tmp is not a group directory; ignoring it. 
2024-05-12 17:41:29,305 [main] INFO  replication.ReplicationServer (ReplicationServer.java:<init>(86)) - Initializing replication server with thread count = 10 queue length = 4096
2024-05-12 17:41:29,305 [93bda13b-2c91-401a-a9f5-fc4ebb9220da-NettyServerStreamRpc-bossGroup--thread1] INFO  logging.LoggingHandler (AbstractInternalLogger.java:log(148)) - [id: 0xe6c64080] BIND: 0.0.0.0/0.0.0.0:15363
2024-05-12 17:41:29,306 [main] INFO  server.XceiverServerGrpc (XceiverServerGrpc.java:<init>(141)) - GrpcServer channel type EpollServerSocketChannel
2024-05-12 17:41:29,306 [93bda13b-2c91-401a-a9f5-fc4ebb9220da-NettyServerStreamRpc-bossGroup--thread1] INFO  logging.LoggingHandler (AbstractInternalLogger.java:log(148)) - [id: 0xe6c64080, L:/0.0.0.0:15363] ACTIVE
2024-05-12 17:41:29,307 [main] INFO  replication.ReplicationSupervisor (ReplicationSupervisor.java:build(157)) - Initializing replication supervisor with thread count = 10
2024-05-12 17:41:29,307 [main] INFO  replication.ReplicationSupervisor (ReplicationSupervisor.java:nodeStateUpdated(312)) - Node state updated to IN_SERVICE, scaling executor pool size to 10
2024-05-12 17:41:29,309 [main] INFO  http.BaseHttpServer (BaseHttpServer.java:newHttpServer2BuilderForOzone(223)) - Starting Web-server for hddsDatanode at: http://0.0.0.0:15357
2024-05-12 17:41:29,309 [main] INFO  http.BaseHttpServer (BaseHttpServer.java:<init>(110)) - Hadoop Security Enabled: false Ozone Security Enabled: false Ozone HTTP Security Enabled: false 
2024-05-12 17:41:29,310 [main] WARN  server.AuthenticationFilter (AuthenticationFilter.java:constructSecretProvider(240)) - Unable to initialize FileSignerSecretProvider, falling back to use random secrets. Reason: Could not read signature secret file: /home/runner/hadoop-http-auth-signature-secret
2024-05-12 17:41:29,310 [main] INFO  http.HttpRequestLog (HttpRequestLog.java:getRequestLog(86)) - Http request log for http.requests.hddsDatanode is not defined
2024-05-12 17:41:29,311 [main] INFO  http.HttpServer2 (HttpServer2.java:addGlobalFilter(1036)) - Added global filter 'safety' (class=org.apache.hadoop.hdds.server.http.HttpServer2$QuotingInputFilter)
2024-05-12 17:41:29,311 [main] INFO  http.HttpServer2 (HttpServer2.java:addFilter(1012)) - Added filter static_user_filter (class=org.apache.hadoop.http.lib.StaticUserWebFilter$StaticUserFilter) to context hddsDatanode
2024-05-12 17:41:29,311 [main] INFO  http.HttpServer2 (HttpServer2.java:addFilter(1020)) - Added filter static_user_filter (class=org.apache.hadoop.http.lib.StaticUserWebFilter$StaticUserFilter) to context static
2024-05-12 17:41:29,311 [main] INFO  http.HttpServer2 (HttpServer2.java:addFilter(1020)) - Added filter static_user_filter (class=org.apache.hadoop.http.lib.StaticUserWebFilter$StaticUserFilter) to context logs
2024-05-12 17:41:29,312 [main] INFO  http.BaseHttpServer (BaseHttpServer.java:<init>(189)) - HTTP server of hddsDatanode uses base directory /home/runner/work/ozone/ozone/hadoop-ozone/integration-test/target/test-dir/MiniOzoneClusterImpl-71ef5771-1bca-432b-8888-38dc3c8d5d63/ozone-meta/datanode-7/meta/webserver
2024-05-12 17:41:29,312 [main] INFO  http.HttpServer2 (HttpServer2.java:bindListener(1236)) - Jetty bound to port 15357
2024-05-12 17:41:29,312 [main] INFO  server.Server (Server.java:doStart(375)) - jetty-9.4.54.v20240208; built: 2024-02-08T19:42:39.027Z; git: cef3fbd6d736a21e7d541a5db490381d95a2047d; jvm 17.0.10+7
2024-05-12 17:41:29,313 [main] INFO  server.session (DefaultSessionIdManager.java:doStart(334)) - DefaultSessionIdManager workerName=node0
2024-05-12 17:41:29,313 [main] INFO  server.session (DefaultSessionIdManager.java:doStart(339)) - No SessionScavenger set, using defaults
2024-05-12 17:41:29,313 [main] INFO  server.session (HouseKeeper.java:startScavenging(132)) - node0 Scavenging every 600000ms
2024-05-12 17:41:29,314 [main] INFO  handler.ContextHandler (ContextHandler.java:doStart(921)) - Started o.e.j.s.ServletContextHandler@289bc75c{logs,/logs,file:///home/runner/work/ozone/ozone/hadoop-ozone/integration-test/target/log,AVAILABLE}
2024-05-12 17:41:29,314 [main] INFO  handler.ContextHandler (ContextHandler.java:doStart(921)) - Started o.e.j.s.ServletContextHandler@33d2d3e2{static,/static,file:///home/runner/work/ozone/ozone/hadoop-hdds/container-service/target/classes/webapps/static,AVAILABLE}
2024-05-12 17:41:29,317 [main] INFO  handler.ContextHandler (ContextHandler.java:doStart(921)) - Started o.e.j.w.WebAppContext@622ec92a{hddsDatanode,/,file:///home/runner/work/ozone/ozone/hadoop-hdds/container-service/target/classes/webapps/hddsDatanode/,AVAILABLE}{file:/home/runner/work/ozone/ozone/hadoop-hdds/container-service/target/classes/webapps/hddsDatanode}
2024-05-12 17:41:29,317 [main] INFO  server.AbstractConnector (AbstractConnector.java:doStart(333)) - Started ServerConnector@3acc22ba{HTTP/1.1, (http/1.1)}{0.0.0.0:15357}
2024-05-12 17:41:29,317 [main] INFO  server.Server (Server.java:doStart(415)) - Started @176863ms
2024-05-12 17:41:29,317 [main] WARN  impl.MetricsSystemImpl (MetricsSystemImpl.java:register(279)) - Sink prometheus already exists!
2024-05-12 17:41:29,318 [main] INFO  http.BaseHttpServer (BaseHttpServer.java:updateConnectorAddress(354)) - HTTP server of hddsDatanode listening at http://0.0.0.0:15357
2024-05-12 17:41:29,318 [main] INFO  ipc.CallQueueManager (CallQueueManager.java:<init>(90)) - Using callQueue: class java.util.concurrent.LinkedBlockingQueue, queueCapacity: 100, scheduler: class org.apache.hadoop.ipc.DefaultRpcScheduler, ipcBackoff: false.
2024-05-12 17:41:29,318 [main] INFO  ipc.Server (Server.java:<init>(1287)) - Listener at 0.0.0.0:15358
2024-05-12 17:41:29,319 [Socket Reader #1 for port 15358] INFO  ipc.Server (Server.java:run(1323)) - Starting Socket Reader #1 for port 15358
2024-05-12 17:41:29,320 [main] INFO  ozone.HddsDatanodeService (HddsDatanodeService.java:start(327)) - Datanode start with admins: [runner]
2024-05-12 17:41:29,320 [main] INFO  ozone.HddsDatanodeClientProtocolServer (HddsDatanodeClientProtocolServer.java:start(77)) - RPC server for Client /0.0.0.0:15358
2024-05-12 17:41:29,320 [IPC Server Responder] INFO  ipc.Server (Server.java:run(1562)) - IPC Server Responder: starting
2024-05-12 17:41:29,320 [IPC Server listener on 15358] INFO  ipc.Server (Server.java:run(1402)) - IPC Server listener on 15358: starting
2024-05-12 17:41:29,320 [main] WARN  dropwizard3.Dm3MetricRegistriesImpl (Dm3MetricRegistriesImpl.java:addReporterRegistration(113)) - New reporters are added after registries were created. Some metrics will be missing from the reporter. Please add reporter before adding any new registry.
2024-05-12 17:41:29,321 [main] WARN  dropwizard3.Dm3MetricRegistriesImpl (Dm3MetricRegistriesImpl.java:addReporterRegistration(113)) - New reporters are added after registries were created. Some metrics will be missing from the reporter. Please add reporter before adding any new registry.
2024-05-12 17:41:29,321 [main] INFO  impl.MetricsSystemImpl (MetricsSystemImpl.java:init(158)) - HddsDatanode metrics system started (again)
2024-05-12 17:41:29,322 [93bda13b-2c91-401a-a9f5-fc4ebb9220da-DatanodeStateMachineDaemonThread] INFO  statemachine.DatanodeStateMachine (DatanodeStateMachine.java:lambda$startDaemon$1(555)) - Ozone container server started.
2024-05-12 17:41:29,324 [93bda13b-2c91-401a-a9f5-fc4ebb9220da-DatanodeStateMachineTaskThread-0] INFO  datanode.InitDatanodeState (InitDatanodeState.java:persistContainerDatanodeDetails(139)) - DatanodeDetails is persisted to /home/runner/work/ozone/ozone/hadoop-ozone/integration-test/target/test-dir/MiniOzoneClusterImpl-71ef5771-1bca-432b-8888-38dc3c8d5d63/ozone-meta/datanode-7/meta/datanode.id
2024-05-12 17:41:29,329 [main] INFO  ozone.HddsDatanodeService (HddsDatanodeService.java:start(240)) - HddsDatanodeService host:fv-az576-466.aorupckr0enubjna0yxjxz5gkh.cx.internal.cloudapp.net ip:10.1.0.24
2024-05-12 17:41:29,347 [main] INFO  upgrade.AbstractLayoutVersionManager (AbstractLayoutVersionManager.java:init(83)) - Initializing Layout version manager with metadata layout = HADOOP_PRC_PORTS_IN_DATANODEDETAILS (version = 7), software layout = HADOOP_PRC_PORTS_IN_DATANODEDETAILS (version = 7)
2024-05-12 17:41:29,348 [main] INFO  statemachine.DatanodeStateMachine (DatanodeStateMachine.java:getEndPointTaskThreadPoolSize(299)) - Datanode State Machine Task Thread Pool size 2
2024-05-12 17:41:29,348 [main] INFO  volume.HddsVolume (HddsVolume.java:<init>(126)) - Creating HddsVolume: /home/runner/work/ozone/ozone/hadoop-ozone/integration-test/target/test-dir/MiniOzoneClusterImpl-71ef5771-1bca-432b-8888-38dc3c8d5d63/ozone-meta/datanode-8/data-0/hdds of storage type : DISK capacity : 9222449699674390527
2024-05-12 17:41:29,348 [main] INFO  volume.MutableVolumeSet (MutableVolumeSet.java:initializeVolumeSet(173)) - Added Volume : /home/runner/work/ozone/ozone/hadoop-ozone/integration-test/target/test-dir/MiniOzoneClusterImpl-71ef5771-1bca-432b-8888-38dc3c8d5d63/ozone-meta/datanode-8/data-0/hdds to VolumeSet
2024-05-12 17:41:29,349 [main] INFO  volume.MutableVolumeSet (MutableVolumeSet.java:initializeVolumeSet(173)) - Added Volume : /home/runner/work/ozone/ozone/hadoop-ozone/integration-test/target/test-dir/MiniOzoneClusterImpl-71ef5771-1bca-432b-8888-38dc3c8d5d63/ozone-meta/datanode-8/ratis to VolumeSet
2024-05-12 17:41:29,349 [main] INFO  ozoneimpl.OzoneContainer (HddsVolumeUtil.java:loadAllHddsVolumeDbStore(103)) - Load 1 volumes DbStore cost: 0ms
2024-05-12 17:41:29,350 [main] INFO  server.RaftServer (ConfUtils.java:logGet(46)) - raft.rpc.type = GRPC (default)
2024-05-12 17:41:29,350 [main] INFO  grpc.GrpcConfigKeys (ConfUtils.java:logFallback(53)) - raft.grpc.admin.host = null (fallback to raft.grpc.server.host)
2024-05-12 17:41:29,351 [main] INFO  grpc.GrpcConfigKeys (ConfUtils.java:logGet(46)) - raft.grpc.admin.port = 15370 (custom)
2024-05-12 17:41:29,351 [main] INFO  grpc.GrpcConfigKeys (ConfUtils.java:logFallback(53)) - raft.grpc.client.host = null (fallback to raft.grpc.server.host)
2024-05-12 17:41:29,351 [main] INFO  grpc.GrpcConfigKeys (ConfUtils.java:logGet(46)) - raft.grpc.client.port = 15369 (custom)
2024-05-12 17:41:29,351 [main] INFO  grpc.GrpcConfigKeys (ConfUtils.java:logGet(46)) - raft.grpc.server.host = null (default)
2024-05-12 17:41:29,351 [main] INFO  grpc.GrpcConfigKeys (ConfUtils.java:logGet(46)) - raft.grpc.server.port = 15371 (custom)
2024-05-12 17:41:29,351 [main] INFO  server.GrpcService (ConfUtils.java:logGet(46)) - raft.grpc.message.size.max = 32MB (=33554432) (custom)
2024-05-12 17:41:29,351 [main] INFO  server.RaftServerConfigKeys (ConfUtils.java:logGet(46)) - raft.server.log.appender.buffer.byte-limit = 8388608 (custom)
2024-05-12 17:41:29,351 [main] INFO  server.GrpcService (ConfUtils.java:logGet(46)) - raft.grpc.flow.control.window = 5MB (=5242880) (custom)
2024-05-12 17:41:29,351 [main] INFO  server.RaftServerConfigKeys (ConfUtils.java:logGet(46)) - raft.server.rpc.request.timeout = 3000ms (default)
2024-05-12 17:41:29,351 [main] INFO  grpc.GrpcConfigKeys (ConfUtils.java:logGet(46)) - raft.grpc.server.heartbeat.channel = true (default)
2024-05-12 17:41:29,351 [main] INFO  grpc.GrpcConfigKeys (ConfUtils.java:logGet(46)) - raft.grpc.server.async.request.thread.pool.cached = true (default)
2024-05-12 17:41:29,352 [main] INFO  grpc.GrpcConfigKeys (ConfUtils.java:logGet(46)) - raft.grpc.server.async.request.thread.pool.size = 32 (default)
2024-05-12 17:41:29,353 [main] INFO  impl.DataStreamServerImpl (ConfUtils.java:logGet(46)) - raft.datastream.type = NETTY (custom)
2024-05-12 17:41:29,353 [main] INFO  server.RaftServerConfigKeys (ConfUtils.java:logGet(46)) - raft.server.data-stream.async.request.thread.pool.cached = false (default)
2024-05-12 17:41:29,353 [main] INFO  server.RaftServerConfigKeys (ConfUtils.java:logGet(46)) - raft.server.data-stream.async.request.thread.pool.size = 20 (custom)
2024-05-12 17:41:29,353 [main] INFO  server.RaftServerConfigKeys (ConfUtils.java:logGet(46)) - raft.server.data-stream.async.write.thread.pool.size = 16 (default)
2024-05-12 17:41:29,353 [main] INFO  netty.NettyConfigKeys$DataStream (ConfUtils.java:logGet(46)) - raft.netty.dataStream.server.channel.inactive.grace-period = 10min (default)
2024-05-12 17:41:29,353 [main] INFO  server.RaftServerConfigKeys (ConfUtils.java:logGet(46)) - raft.server.data-stream.client.pool.size = 10 (default)
2024-05-12 17:41:29,354 [main] INFO  netty.NettyConfigKeys$DataStream (ConfUtils.java:logGet(46)) - raft.netty.dataStream.server.use-epoll = true (default)
2024-05-12 17:41:29,354 [main] INFO  netty.NettyConfigKeys$DataStream (ConfUtils.java:logGet(46)) - raft.netty.dataStream.server.boss-group.size = 0 (default)
2024-05-12 17:41:29,354 [main] INFO  netty.NettyUtils (NettyUtils.java:newEventLoopGroup(69)) - Create EpollEventLoopGroup for fa054618-3a8f-49b0-93d4-5933c936b659-NettyServerStreamRpc-bossGroup; Thread size is 0.
2024-05-12 17:41:29,354 [main] INFO  netty.NettyConfigKeys$DataStream (ConfUtils.java:logGet(46)) - raft.netty.dataStream.server.worker-group.size = 0 (default)
2024-05-12 17:41:29,354 [main] INFO  netty.NettyUtils (NettyUtils.java:newEventLoopGroup(69)) - Create EpollEventLoopGroup for fa054618-3a8f-49b0-93d4-5933c936b659-NettyServerStreamRpc-workerGroup; Thread size is 0.
2024-05-12 17:41:29,354 [main] INFO  netty.NettyConfigKeys$DataStream (ConfUtils.java:logGet(46)) - raft.netty.dataStream.server.tls.conf = null (default)
2024-05-12 17:41:29,354 [main] INFO  netty.NettyConfigKeys$DataStream (ConfUtils.java:logGet(46)) - raft.netty.dataStream.host = null (default)
2024-05-12 17:41:29,354 [main] INFO  netty.NettyConfigKeys$DataStream (ConfUtils.java:logGet(46)) - raft.netty.dataStream.port = 15372 (custom)
2024-05-12 17:41:29,355 [main] INFO  server.RaftServerConfigKeys (ConfUtils.java:logGet(46)) - raft.server.sleep.deviation.threshold = 300ms (default)
2024-05-12 17:41:29,355 [main] INFO  server.RaftServerConfigKeys (ConfUtils.java:logGet(46)) - raft.server.close.threshold = 60s (default)
2024-05-12 17:41:29,355 [main] INFO  server.RaftServerConfigKeys (ConfUtils.java:logGet(46)) - raft.server.leaderelection.leader.step-down.wait-time = 10s (default)
2024-05-12 17:41:29,355 [main] INFO  server.RaftServerConfigKeys (ConfUtils.java:logGet(46)) - raft.server.storage.dir = [/home/runner/work/ozone/ozone/hadoop-ozone/integration-test/target/test-dir/MiniOzoneClusterImpl-71ef5771-1bca-432b-8888-38dc3c8d5d63/ozone-meta/datanode-8/ratis] (custom)
2024-05-12 17:41:29,355 [main] INFO  server.RaftServerConfigKeys (ConfUtils.java:logGet(46)) - raft.server.threadpool.proxy.cached = true (default)
2024-05-12 17:41:29,355 [main] INFO  server.RaftServerConfigKeys (ConfUtils.java:logGet(46)) - raft.server.threadpool.proxy.size = 0 (default)
2024-05-12 17:41:29,355 [fa054618-3a8f-49b0-93d4-5933c936b659-NettyServerStreamRpc-bossGroup--thread1] INFO  logging.LoggingHandler (AbstractInternalLogger.java:log(148)) - [id: 0x00b03ec4] REGISTERED
2024-05-12 17:41:29,356 [fa054618-3a8f-49b0-93d4-5933c936b659-impl-thread1] INFO  server.RaftServer (RaftServerProxy.java:initGroupDir(264)) - fa054618-3a8f-49b0-93d4-5933c936b659: found a subdirectory /home/runner/work/ozone/ozone/hadoop-ozone/integration-test/target/test-dir/MiniOzoneClusterImpl-71ef5771-1bca-432b-8888-38dc3c8d5d63/ozone-meta/datanode-8/ratis/tmp
2024-05-12 17:41:29,356 [fa054618-3a8f-49b0-93d4-5933c936b659-impl-thread1] INFO  server.RaftServer (RaftServerProxy.java:initGroupDir(269)) - fa054618-3a8f-49b0-93d4-5933c936b659: The directory /home/runner/work/ozone/ozone/hadoop-ozone/integration-test/target/test-dir/MiniOzoneClusterImpl-71ef5771-1bca-432b-8888-38dc3c8d5d63/ozone-meta/datanode-8/ratis/tmp is not a group directory; ignoring it. 
2024-05-12 17:41:29,356 [fa054618-3a8f-49b0-93d4-5933c936b659-NettyServerStreamRpc-bossGroup--thread1] INFO  logging.LoggingHandler (AbstractInternalLogger.java:log(148)) - [id: 0x00b03ec4] BIND: 0.0.0.0/0.0.0.0:15372
2024-05-12 17:41:29,356 [main] INFO  replication.ReplicationServer (ReplicationServer.java:<init>(86)) - Initializing replication server with thread count = 10 queue length = 4096
2024-05-12 17:41:29,356 [fa054618-3a8f-49b0-93d4-5933c936b659-NettyServerStreamRpc-bossGroup--thread1] INFO  logging.LoggingHandler (AbstractInternalLogger.java:log(148)) - [id: 0x00b03ec4, L:/0.0.0.0:15372] ACTIVE
2024-05-12 17:41:29,357 [main] INFO  server.XceiverServerGrpc (XceiverServerGrpc.java:<init>(141)) - GrpcServer channel type EpollServerSocketChannel
2024-05-12 17:41:29,357 [main] INFO  replication.ReplicationSupervisor (ReplicationSupervisor.java:build(157)) - Initializing replication supervisor with thread count = 10
2024-05-12 17:41:29,357 [main] INFO  replication.ReplicationSupervisor (ReplicationSupervisor.java:nodeStateUpdated(312)) - Node state updated to IN_SERVICE, scaling executor pool size to 10
2024-05-12 17:41:29,359 [main] INFO  http.BaseHttpServer (BaseHttpServer.java:newHttpServer2BuilderForOzone(223)) - Starting Web-server for hddsDatanode at: http://0.0.0.0:15366
2024-05-12 17:41:29,359 [main] INFO  http.BaseHttpServer (BaseHttpServer.java:<init>(110)) - Hadoop Security Enabled: false Ozone Security Enabled: false Ozone HTTP Security Enabled: false 
2024-05-12 17:41:29,359 [main] WARN  server.AuthenticationFilter (AuthenticationFilter.java:constructSecretProvider(240)) - Unable to initialize FileSignerSecretProvider, falling back to use random secrets. Reason: Could not read signature secret file: /home/runner/hadoop-http-auth-signature-secret
2024-05-12 17:41:29,360 [main] INFO  http.HttpRequestLog (HttpRequestLog.java:getRequestLog(86)) - Http request log for http.requests.hddsDatanode is not defined
2024-05-12 17:41:29,360 [main] INFO  http.HttpServer2 (HttpServer2.java:addGlobalFilter(1036)) - Added global filter 'safety' (class=org.apache.hadoop.hdds.server.http.HttpServer2$QuotingInputFilter)
2024-05-12 17:41:29,361 [main] INFO  http.HttpServer2 (HttpServer2.java:addFilter(1012)) - Added filter static_user_filter (class=org.apache.hadoop.http.lib.StaticUserWebFilter$StaticUserFilter) to context hddsDatanode
2024-05-12 17:41:29,361 [main] INFO  http.HttpServer2 (HttpServer2.java:addFilter(1020)) - Added filter static_user_filter (class=org.apache.hadoop.http.lib.StaticUserWebFilter$StaticUserFilter) to context static
2024-05-12 17:41:29,361 [main] INFO  http.HttpServer2 (HttpServer2.java:addFilter(1020)) - Added filter static_user_filter (class=org.apache.hadoop.http.lib.StaticUserWebFilter$StaticUserFilter) to context logs
2024-05-12 17:41:29,361 [main] INFO  http.BaseHttpServer (BaseHttpServer.java:<init>(189)) - HTTP server of hddsDatanode uses base directory /home/runner/work/ozone/ozone/hadoop-ozone/integration-test/target/test-dir/MiniOzoneClusterImpl-71ef5771-1bca-432b-8888-38dc3c8d5d63/ozone-meta/datanode-8/meta/webserver
2024-05-12 17:41:29,361 [main] INFO  http.HttpServer2 (HttpServer2.java:bindListener(1236)) - Jetty bound to port 15366
2024-05-12 17:41:29,362 [main] INFO  server.Server (Server.java:doStart(375)) - jetty-9.4.54.v20240208; built: 2024-02-08T19:42:39.027Z; git: cef3fbd6d736a21e7d541a5db490381d95a2047d; jvm 17.0.10+7
2024-05-12 17:41:29,362 [main] INFO  server.session (DefaultSessionIdManager.java:doStart(334)) - DefaultSessionIdManager workerName=node0
2024-05-12 17:41:29,362 [main] INFO  server.session (DefaultSessionIdManager.java:doStart(339)) - No SessionScavenger set, using defaults
2024-05-12 17:41:29,362 [main] INFO  server.session (HouseKeeper.java:startScavenging(132)) - node0 Scavenging every 660000ms
2024-05-12 17:41:29,363 [main] INFO  handler.ContextHandler (ContextHandler.java:doStart(921)) - Started o.e.j.s.ServletContextHandler@7315587f{logs,/logs,file:///home/runner/work/ozone/ozone/hadoop-ozone/integration-test/target/log,AVAILABLE}
2024-05-12 17:41:29,363 [main] INFO  handler.ContextHandler (ContextHandler.java:doStart(921)) - Started o.e.j.s.ServletContextHandler@62146774{static,/static,file:///home/runner/work/ozone/ozone/hadoop-hdds/container-service/target/classes/webapps/static,AVAILABLE}
2024-05-12 17:41:29,366 [main] INFO  handler.ContextHandler (ContextHandler.java:doStart(921)) - Started o.e.j.w.WebAppContext@579f253{hddsDatanode,/,file:///home/runner/work/ozone/ozone/hadoop-hdds/container-service/target/classes/webapps/hddsDatanode/,AVAILABLE}{file:/home/runner/work/ozone/ozone/hadoop-hdds/container-service/target/classes/webapps/hddsDatanode}
2024-05-12 17:41:29,366 [main] INFO  server.AbstractConnector (AbstractConnector.java:doStart(333)) - Started ServerConnector@7defd5f5{HTTP/1.1, (http/1.1)}{0.0.0.0:15366}
2024-05-12 17:41:29,366 [main] INFO  server.Server (Server.java:doStart(415)) - Started @176911ms
2024-05-12 17:41:29,366 [main] WARN  impl.MetricsSystemImpl (MetricsSystemImpl.java:register(279)) - Sink prometheus already exists!
2024-05-12 17:41:29,367 [main] INFO  http.BaseHttpServer (BaseHttpServer.java:updateConnectorAddress(354)) - HTTP server of hddsDatanode listening at http://0.0.0.0:15366
2024-05-12 17:41:29,367 [main] INFO  ipc.CallQueueManager (CallQueueManager.java:<init>(90)) - Using callQueue: class java.util.concurrent.LinkedBlockingQueue, queueCapacity: 100, scheduler: class org.apache.hadoop.ipc.DefaultRpcScheduler, ipcBackoff: false.
2024-05-12 17:41:29,367 [main] INFO  ipc.Server (Server.java:<init>(1287)) - Listener at 0.0.0.0:15367
2024-05-12 17:41:29,367 [Socket Reader #1 for port 15367] INFO  ipc.Server (Server.java:run(1323)) - Starting Socket Reader #1 for port 15367
2024-05-12 17:41:29,368 [main] INFO  ozone.HddsDatanodeService (HddsDatanodeService.java:start(327)) - Datanode start with admins: [runner]
2024-05-12 17:41:29,368 [main] INFO  ozone.HddsDatanodeClientProtocolServer (HddsDatanodeClientProtocolServer.java:start(77)) - RPC server for Client /0.0.0.0:15367
2024-05-12 17:41:29,369 [IPC Server Responder] INFO  ipc.Server (Server.java:run(1562)) - IPC Server Responder: starting
2024-05-12 17:41:29,369 [fa054618-3a8f-49b0-93d4-5933c936b659-DatanodeStateMachineDaemonThread] INFO  statemachine.DatanodeStateMachine (DatanodeStateMachine.java:lambda$startDaemon$1(555)) - Ozone container server started.
2024-05-12 17:41:29,369 [IPC Server listener on 15367] INFO  ipc.Server (Server.java:run(1402)) - IPC Server listener on 15367: starting
2024-05-12 17:41:29,369 [main] WARN  dropwizard3.Dm3MetricRegistriesImpl (Dm3MetricRegistriesImpl.java:addReporterRegistration(113)) - New reporters are added after registries were created. Some metrics will be missing from the reporter. Please add reporter before adding any new registry.
2024-05-12 17:41:29,370 [main] WARN  dropwizard3.Dm3MetricRegistriesImpl (Dm3MetricRegistriesImpl.java:addReporterRegistration(113)) - New reporters are added after registries were created. Some metrics will be missing from the reporter. Please add reporter before adding any new registry.
2024-05-12 17:41:29,370 [main] INFO  impl.MetricsSystemImpl (MetricsSystemImpl.java:init(158)) - HddsDatanode metrics system started (again)
2024-05-12 17:41:29,371 [fa054618-3a8f-49b0-93d4-5933c936b659-DatanodeStateMachineTaskThread-0] INFO  datanode.InitDatanodeState (InitDatanodeState.java:persistContainerDatanodeDetails(139)) - DatanodeDetails is persisted to /home/runner/work/ozone/ozone/hadoop-ozone/integration-test/target/test-dir/MiniOzoneClusterImpl-71ef5771-1bca-432b-8888-38dc3c8d5d63/ozone-meta/datanode-8/meta/datanode.id
2024-05-12 17:41:29,379 [main] INFO  ozone.HddsDatanodeService (HddsDatanodeService.java:start(240)) - HddsDatanodeService host:fv-az576-466.aorupckr0enubjna0yxjxz5gkh.cx.internal.cloudapp.net ip:10.1.0.24
2024-05-12 17:41:29,394 [main] INFO  upgrade.AbstractLayoutVersionManager (AbstractLayoutVersionManager.java:init(83)) - Initializing Layout version manager with metadata layout = HADOOP_PRC_PORTS_IN_DATANODEDETAILS (version = 7), software layout = HADOOP_PRC_PORTS_IN_DATANODEDETAILS (version = 7)
2024-05-12 17:41:29,394 [main] INFO  statemachine.DatanodeStateMachine (DatanodeStateMachine.java:getEndPointTaskThreadPoolSize(299)) - Datanode State Machine Task Thread Pool size 2
2024-05-12 17:41:29,395 [main] INFO  volume.HddsVolume (HddsVolume.java:<init>(126)) - Creating HddsVolume: /home/runner/work/ozone/ozone/hadoop-ozone/integration-test/target/test-dir/MiniOzoneClusterImpl-71ef5771-1bca-432b-8888-38dc3c8d5d63/ozone-meta/datanode-9/data-0/hdds of storage type : DISK capacity : 9222449699674390527
2024-05-12 17:41:29,395 [main] INFO  volume.MutableVolumeSet (MutableVolumeSet.java:initializeVolumeSet(173)) - Added Volume : /home/runner/work/ozone/ozone/hadoop-ozone/integration-test/target/test-dir/MiniOzoneClusterImpl-71ef5771-1bca-432b-8888-38dc3c8d5d63/ozone-meta/datanode-9/data-0/hdds to VolumeSet
2024-05-12 17:41:29,396 [main] INFO  volume.MutableVolumeSet (MutableVolumeSet.java:initializeVolumeSet(173)) - Added Volume : /home/runner/work/ozone/ozone/hadoop-ozone/integration-test/target/test-dir/MiniOzoneClusterImpl-71ef5771-1bca-432b-8888-38dc3c8d5d63/ozone-meta/datanode-9/ratis to VolumeSet
2024-05-12 17:41:29,396 [main] INFO  ozoneimpl.OzoneContainer (HddsVolumeUtil.java:loadAllHddsVolumeDbStore(103)) - Load 1 volumes DbStore cost: 0ms
2024-05-12 17:41:29,397 [main] INFO  server.RaftServer (ConfUtils.java:logGet(46)) - raft.rpc.type = GRPC (default)
2024-05-12 17:41:29,397 [main] INFO  grpc.GrpcConfigKeys (ConfUtils.java:logFallback(53)) - raft.grpc.admin.host = null (fallback to raft.grpc.server.host)
2024-05-12 17:41:29,398 [main] INFO  grpc.GrpcConfigKeys (ConfUtils.java:logGet(46)) - raft.grpc.admin.port = 15379 (custom)
2024-05-12 17:41:29,398 [main] INFO  grpc.GrpcConfigKeys (ConfUtils.java:logFallback(53)) - raft.grpc.client.host = null (fallback to raft.grpc.server.host)
2024-05-12 17:41:29,398 [main] INFO  grpc.GrpcConfigKeys (ConfUtils.java:logGet(46)) - raft.grpc.client.port = 15378 (custom)
2024-05-12 17:41:29,398 [main] INFO  grpc.GrpcConfigKeys (ConfUtils.java:logGet(46)) - raft.grpc.server.host = null (default)
2024-05-12 17:41:29,398 [main] INFO  grpc.GrpcConfigKeys (ConfUtils.java:logGet(46)) - raft.grpc.server.port = 15380 (custom)
2024-05-12 17:41:29,398 [main] INFO  server.GrpcService (ConfUtils.java:logGet(46)) - raft.grpc.message.size.max = 32MB (=33554432) (custom)
2024-05-12 17:41:29,398 [main] INFO  server.RaftServerConfigKeys (ConfUtils.java:logGet(46)) - raft.server.log.appender.buffer.byte-limit = 8388608 (custom)
2024-05-12 17:41:29,398 [main] INFO  server.GrpcService (ConfUtils.java:logGet(46)) - raft.grpc.flow.control.window = 5MB (=5242880) (custom)
2024-05-12 17:41:29,398 [main] INFO  server.RaftServerConfigKeys (ConfUtils.java:logGet(46)) - raft.server.rpc.request.timeout = 3000ms (default)
2024-05-12 17:41:29,398 [main] INFO  grpc.GrpcConfigKeys (ConfUtils.java:logGet(46)) - raft.grpc.server.heartbeat.channel = true (default)
2024-05-12 17:41:29,398 [main] INFO  grpc.GrpcConfigKeys (ConfUtils.java:logGet(46)) - raft.grpc.server.async.request.thread.pool.cached = true (default)
2024-05-12 17:41:29,398 [main] INFO  grpc.GrpcConfigKeys (ConfUtils.java:logGet(46)) - raft.grpc.server.async.request.thread.pool.size = 32 (default)
2024-05-12 17:41:29,400 [main] INFO  impl.DataStreamServerImpl (ConfUtils.java:logGet(46)) - raft.datastream.type = NETTY (custom)
2024-05-12 17:41:29,400 [main] INFO  server.RaftServerConfigKeys (ConfUtils.java:logGet(46)) - raft.server.data-stream.async.request.thread.pool.cached = false (default)
2024-05-12 17:41:29,400 [main] INFO  server.RaftServerConfigKeys (ConfUtils.java:logGet(46)) - raft.server.data-stream.async.request.thread.pool.size = 20 (custom)
2024-05-12 17:41:29,400 [main] INFO  server.RaftServerConfigKeys (ConfUtils.java:logGet(46)) - raft.server.data-stream.async.write.thread.pool.size = 16 (default)
2024-05-12 17:41:29,400 [main] INFO  netty.NettyConfigKeys$DataStream (ConfUtils.java:logGet(46)) - raft.netty.dataStream.server.channel.inactive.grace-period = 10min (default)
2024-05-12 17:41:29,400 [main] INFO  server.RaftServerConfigKeys (ConfUtils.java:logGet(46)) - raft.server.data-stream.client.pool.size = 10 (default)
2024-05-12 17:41:29,401 [main] INFO  netty.NettyConfigKeys$DataStream (ConfUtils.java:logGet(46)) - raft.netty.dataStream.server.use-epoll = true (default)
2024-05-12 17:41:29,401 [main] INFO  netty.NettyConfigKeys$DataStream (ConfUtils.java:logGet(46)) - raft.netty.dataStream.server.boss-group.size = 0 (default)
2024-05-12 17:41:29,401 [main] INFO  netty.NettyUtils (NettyUtils.java:newEventLoopGroup(69)) - Create EpollEventLoopGroup for a0742c66-ae9f-48ce-9181-086e540b3b62-NettyServerStreamRpc-bossGroup; Thread size is 0.
2024-05-12 17:41:29,401 [main] INFO  netty.NettyConfigKeys$DataStream (ConfUtils.java:logGet(46)) - raft.netty.dataStream.server.worker-group.size = 0 (default)
2024-05-12 17:41:29,401 [main] INFO  netty.NettyUtils (NettyUtils.java:newEventLoopGroup(69)) - Create EpollEventLoopGroup for a0742c66-ae9f-48ce-9181-086e540b3b62-NettyServerStreamRpc-workerGroup; Thread size is 0.
2024-05-12 17:41:29,401 [main] INFO  netty.NettyConfigKeys$DataStream (ConfUtils.java:logGet(46)) - raft.netty.dataStream.server.tls.conf = null (default)
2024-05-12 17:41:29,401 [main] INFO  netty.NettyConfigKeys$DataStream (ConfUtils.java:logGet(46)) - raft.netty.dataStream.host = null (default)
2024-05-12 17:41:29,401 [main] INFO  netty.NettyConfigKeys$DataStream (ConfUtils.java:logGet(46)) - raft.netty.dataStream.port = 15381 (custom)
2024-05-12 17:41:29,402 [main] INFO  server.RaftServerConfigKeys (ConfUtils.java:logGet(46)) - raft.server.sleep.deviation.threshold = 300ms (default)
2024-05-12 17:41:29,402 [main] INFO  server.RaftServerConfigKeys (ConfUtils.java:logGet(46)) - raft.server.close.threshold = 60s (default)
2024-05-12 17:41:29,402 [main] INFO  server.RaftServerConfigKeys (ConfUtils.java:logGet(46)) - raft.server.leaderelection.leader.step-down.wait-time = 10s (default)
2024-05-12 17:41:29,402 [a0742c66-ae9f-48ce-9181-086e540b3b62-NettyServerStreamRpc-bossGroup--thread1] INFO  logging.LoggingHandler (AbstractInternalLogger.java:log(148)) - [id: 0x846b8275] REGISTERED
2024-05-12 17:41:29,402 [main] INFO  server.RaftServerConfigKeys (ConfUtils.java:logGet(46)) - raft.server.storage.dir = [/home/runner/work/ozone/ozone/hadoop-ozone/integration-test/target/test-dir/MiniOzoneClusterImpl-71ef5771-1bca-432b-8888-38dc3c8d5d63/ozone-meta/datanode-9/ratis] (custom)
2024-05-12 17:41:29,402 [a0742c66-ae9f-48ce-9181-086e540b3b62-NettyServerStreamRpc-bossGroup--thread1] INFO  logging.LoggingHandler (AbstractInternalLogger.java:log(148)) - [id: 0x846b8275] BIND: 0.0.0.0/0.0.0.0:15381
2024-05-12 17:41:29,402 [main] INFO  server.RaftServerConfigKeys (ConfUtils.java:logGet(46)) - raft.server.threadpool.proxy.cached = true (default)
2024-05-12 17:41:29,402 [a0742c66-ae9f-48ce-9181-086e540b3b62-NettyServerStreamRpc-bossGroup--thread1] INFO  logging.LoggingHandler (AbstractInternalLogger.java:log(148)) - [id: 0x846b8275, L:/0.0.0.0:15381] ACTIVE
2024-05-12 17:41:29,402 [main] INFO  server.RaftServerConfigKeys (ConfUtils.java:logGet(46)) - raft.server.threadpool.proxy.size = 0 (default)
2024-05-12 17:41:29,403 [a0742c66-ae9f-48ce-9181-086e540b3b62-impl-thread1] INFO  server.RaftServer (RaftServerProxy.java:initGroupDir(264)) - a0742c66-ae9f-48ce-9181-086e540b3b62: found a subdirectory /home/runner/work/ozone/ozone/hadoop-ozone/integration-test/target/test-dir/MiniOzoneClusterImpl-71ef5771-1bca-432b-8888-38dc3c8d5d63/ozone-meta/datanode-9/ratis/tmp
2024-05-12 17:41:29,403 [a0742c66-ae9f-48ce-9181-086e540b3b62-impl-thread1] INFO  server.RaftServer (RaftServerProxy.java:initGroupDir(269)) - a0742c66-ae9f-48ce-9181-086e540b3b62: The directory /home/runner/work/ozone/ozone/hadoop-ozone/integration-test/target/test-dir/MiniOzoneClusterImpl-71ef5771-1bca-432b-8888-38dc3c8d5d63/ozone-meta/datanode-9/ratis/tmp is not a group directory; ignoring it. 
2024-05-12 17:41:29,403 [main] INFO  replication.ReplicationServer (ReplicationServer.java:<init>(86)) - Initializing replication server with thread count = 10 queue length = 4096
2024-05-12 17:41:29,404 [main] INFO  server.XceiverServerGrpc (XceiverServerGrpc.java:<init>(141)) - GrpcServer channel type EpollServerSocketChannel
2024-05-12 17:41:29,405 [main] INFO  replication.ReplicationSupervisor (ReplicationSupervisor.java:build(157)) - Initializing replication supervisor with thread count = 10
2024-05-12 17:41:29,405 [main] INFO  replication.ReplicationSupervisor (ReplicationSupervisor.java:nodeStateUpdated(312)) - Node state updated to IN_SERVICE, scaling executor pool size to 10
2024-05-12 17:41:29,406 [main] INFO  http.BaseHttpServer (BaseHttpServer.java:newHttpServer2BuilderForOzone(223)) - Starting Web-server for hddsDatanode at: http://0.0.0.0:15375
2024-05-12 17:41:29,406 [main] INFO  http.BaseHttpServer (BaseHttpServer.java:<init>(110)) - Hadoop Security Enabled: false Ozone Security Enabled: false Ozone HTTP Security Enabled: false 
2024-05-12 17:41:29,407 [main] WARN  server.AuthenticationFilter (AuthenticationFilter.java:constructSecretProvider(240)) - Unable to initialize FileSignerSecretProvider, falling back to use random secrets. Reason: Could not read signature secret file: /home/runner/hadoop-http-auth-signature-secret
2024-05-12 17:41:29,407 [main] INFO  http.HttpRequestLog (HttpRequestLog.java:getRequestLog(86)) - Http request log for http.requests.hddsDatanode is not defined
2024-05-12 17:41:29,408 [main] INFO  http.HttpServer2 (HttpServer2.java:addGlobalFilter(1036)) - Added global filter 'safety' (class=org.apache.hadoop.hdds.server.http.HttpServer2$QuotingInputFilter)
2024-05-12 17:41:29,408 [main] INFO  http.HttpServer2 (HttpServer2.java:addFilter(1012)) - Added filter static_user_filter (class=org.apache.hadoop.http.lib.StaticUserWebFilter$StaticUserFilter) to context hddsDatanode
2024-05-12 17:41:29,408 [main] INFO  http.HttpServer2 (HttpServer2.java:addFilter(1020)) - Added filter static_user_filter (class=org.apache.hadoop.http.lib.StaticUserWebFilter$StaticUserFilter) to context logs
2024-05-12 17:41:29,408 [main] INFO  http.HttpServer2 (HttpServer2.java:addFilter(1020)) - Added filter static_user_filter (class=org.apache.hadoop.http.lib.StaticUserWebFilter$StaticUserFilter) to context static
2024-05-12 17:41:29,409 [main] INFO  http.BaseHttpServer (BaseHttpServer.java:<init>(189)) - HTTP server of hddsDatanode uses base directory /home/runner/work/ozone/ozone/hadoop-ozone/integration-test/target/test-dir/MiniOzoneClusterImpl-71ef5771-1bca-432b-8888-38dc3c8d5d63/ozone-meta/datanode-9/meta/webserver
2024-05-12 17:41:29,409 [main] INFO  http.HttpServer2 (HttpServer2.java:bindListener(1236)) - Jetty bound to port 15375
2024-05-12 17:41:29,409 [main] INFO  server.Server (Server.java:doStart(375)) - jetty-9.4.54.v20240208; built: 2024-02-08T19:42:39.027Z; git: cef3fbd6d736a21e7d541a5db490381d95a2047d; jvm 17.0.10+7
2024-05-12 17:41:29,410 [main] INFO  server.session (DefaultSessionIdManager.java:doStart(334)) - DefaultSessionIdManager workerName=node0
2024-05-12 17:41:29,410 [main] INFO  server.session (DefaultSessionIdManager.java:doStart(339)) - No SessionScavenger set, using defaults
2024-05-12 17:41:29,410 [main] INFO  server.session (HouseKeeper.java:startScavenging(132)) - node0 Scavenging every 660000ms
2024-05-12 17:41:29,410 [main] INFO  handler.ContextHandler (ContextHandler.java:doStart(921)) - Started o.e.j.s.ServletContextHandler@20d4fdff{logs,/logs,file:///home/runner/work/ozone/ozone/hadoop-ozone/integration-test/target/log,AVAILABLE}
2024-05-12 17:41:29,410 [main] INFO  handler.ContextHandler (ContextHandler.java:doStart(921)) - Started o.e.j.s.ServletContextHandler@3edb7be5{static,/static,file:///home/runner/work/ozone/ozone/hadoop-hdds/container-service/target/classes/webapps/static,AVAILABLE}
2024-05-12 17:41:29,413 [main] INFO  handler.ContextHandler (ContextHandler.java:doStart(921)) - Started o.e.j.w.WebAppContext@5bc369e8{hddsDatanode,/,file:///home/runner/work/ozone/ozone/hadoop-hdds/container-service/target/classes/webapps/hddsDatanode/,AVAILABLE}{file:/home/runner/work/ozone/ozone/hadoop-hdds/container-service/target/classes/webapps/hddsDatanode}
2024-05-12 17:41:29,413 [main] INFO  server.AbstractConnector (AbstractConnector.java:doStart(333)) - Started ServerConnector@53f04a20{HTTP/1.1, (http/1.1)}{0.0.0.0:15375}
2024-05-12 17:41:29,413 [main] INFO  server.Server (Server.java:doStart(415)) - Started @176958ms
2024-05-12 17:41:29,413 [main] WARN  impl.MetricsSystemImpl (MetricsSystemImpl.java:register(279)) - Sink prometheus already exists!
2024-05-12 17:41:29,414 [main] INFO  http.BaseHttpServer (BaseHttpServer.java:updateConnectorAddress(354)) - HTTP server of hddsDatanode listening at http://0.0.0.0:15375
2024-05-12 17:41:29,414 [main] INFO  ipc.CallQueueManager (CallQueueManager.java:<init>(90)) - Using callQueue: class java.util.concurrent.LinkedBlockingQueue, queueCapacity: 100, scheduler: class org.apache.hadoop.ipc.DefaultRpcScheduler, ipcBackoff: false.
2024-05-12 17:41:29,414 [main] INFO  ipc.Server (Server.java:<init>(1287)) - Listener at 0.0.0.0:15376
2024-05-12 17:41:29,414 [Socket Reader #1 for port 15376] INFO  ipc.Server (Server.java:run(1323)) - Starting Socket Reader #1 for port 15376
2024-05-12 17:41:29,415 [main] INFO  ozone.HddsDatanodeService (HddsDatanodeService.java:start(327)) - Datanode start with admins: [runner]
2024-05-12 17:41:29,415 [main] INFO  ozone.HddsDatanodeClientProtocolServer (HddsDatanodeClientProtocolServer.java:start(77)) - RPC server for Client /0.0.0.0:15376
2024-05-12 17:41:29,416 [IPC Server Responder] INFO  ipc.Server (Server.java:run(1562)) - IPC Server Responder: starting
2024-05-12 17:41:29,416 [IPC Server listener on 15376] INFO  ipc.Server (Server.java:run(1402)) - IPC Server listener on 15376: starting
2024-05-12 17:41:29,416 [a0742c66-ae9f-48ce-9181-086e540b3b62-DatanodeStateMachineDaemonThread] INFO  statemachine.DatanodeStateMachine (DatanodeStateMachine.java:lambda$startDaemon$1(555)) - Ozone container server started.
2024-05-12 17:41:29,416 [main] WARN  dropwizard3.Dm3MetricRegistriesImpl (Dm3MetricRegistriesImpl.java:addReporterRegistration(113)) - New reporters are added after registries were created. Some metrics will be missing from the reporter. Please add reporter before adding any new registry.
2024-05-12 17:41:29,416 [main] WARN  dropwizard3.Dm3MetricRegistriesImpl (Dm3MetricRegistriesImpl.java:addReporterRegistration(113)) - New reporters are added after registries were created. Some metrics will be missing from the reporter. Please add reporter before adding any new registry.
2024-05-12 17:41:29,416 [main] INFO  impl.MetricsSystemImpl (MetricsSystemImpl.java:init(158)) - HddsDatanode metrics system started (again)
2024-05-12 17:41:29,424 [main] INFO  ozone.HddsDatanodeService (HddsDatanodeService.java:start(240)) - HddsDatanodeService host:fv-az576-466.aorupckr0enubjna0yxjxz5gkh.cx.internal.cloudapp.net ip:10.1.0.24
2024-05-12 17:41:29,426 [a0742c66-ae9f-48ce-9181-086e540b3b62-DatanodeStateMachineTaskThread-0] INFO  datanode.InitDatanodeState (InitDatanodeState.java:persistContainerDatanodeDetails(139)) - DatanodeDetails is persisted to /home/runner/work/ozone/ozone/hadoop-ozone/integration-test/target/test-dir/MiniOzoneClusterImpl-71ef5771-1bca-432b-8888-38dc3c8d5d63/ozone-meta/datanode-9/meta/datanode.id
2024-05-12 17:41:29,441 [main] INFO  upgrade.AbstractLayoutVersionManager (AbstractLayoutVersionManager.java:init(83)) - Initializing Layout version manager with metadata layout = HADOOP_PRC_PORTS_IN_DATANODEDETAILS (version = 7), software layout = HADOOP_PRC_PORTS_IN_DATANODEDETAILS (version = 7)
2024-05-12 17:41:29,441 [main] INFO  statemachine.DatanodeStateMachine (DatanodeStateMachine.java:getEndPointTaskThreadPoolSize(299)) - Datanode State Machine Task Thread Pool size 2
2024-05-12 17:41:29,442 [main] INFO  volume.HddsVolume (HddsVolume.java:<init>(126)) - Creating HddsVolume: /home/runner/work/ozone/ozone/hadoop-ozone/integration-test/target/test-dir/MiniOzoneClusterImpl-71ef5771-1bca-432b-8888-38dc3c8d5d63/ozone-meta/datanode-10/data-0/hdds of storage type : DISK capacity : 9222449699674390527
2024-05-12 17:41:29,442 [main] INFO  volume.MutableVolumeSet (MutableVolumeSet.java:initializeVolumeSet(173)) - Added Volume : /home/runner/work/ozone/ozone/hadoop-ozone/integration-test/target/test-dir/MiniOzoneClusterImpl-71ef5771-1bca-432b-8888-38dc3c8d5d63/ozone-meta/datanode-10/data-0/hdds to VolumeSet
2024-05-12 17:41:29,443 [main] INFO  volume.MutableVolumeSet (MutableVolumeSet.java:initializeVolumeSet(173)) - Added Volume : /home/runner/work/ozone/ozone/hadoop-ozone/integration-test/target/test-dir/MiniOzoneClusterImpl-71ef5771-1bca-432b-8888-38dc3c8d5d63/ozone-meta/datanode-10/ratis to VolumeSet
2024-05-12 17:41:29,444 [main] INFO  ozoneimpl.OzoneContainer (HddsVolumeUtil.java:loadAllHddsVolumeDbStore(103)) - Load 1 volumes DbStore cost: 1ms
2024-05-12 17:41:29,445 [main] INFO  server.RaftServer (ConfUtils.java:logGet(46)) - raft.rpc.type = GRPC (default)
2024-05-12 17:41:29,445 [main] INFO  grpc.GrpcConfigKeys (ConfUtils.java:logFallback(53)) - raft.grpc.admin.host = null (fallback to raft.grpc.server.host)
2024-05-12 17:41:29,445 [main] INFO  grpc.GrpcConfigKeys (ConfUtils.java:logGet(46)) - raft.grpc.admin.port = 15388 (custom)
2024-05-12 17:41:29,445 [main] INFO  grpc.GrpcConfigKeys (ConfUtils.java:logFallback(53)) - raft.grpc.client.host = null (fallback to raft.grpc.server.host)
2024-05-12 17:41:29,446 [main] INFO  grpc.GrpcConfigKeys (ConfUtils.java:logGet(46)) - raft.grpc.client.port = 15387 (custom)
2024-05-12 17:41:29,446 [main] INFO  grpc.GrpcConfigKeys (ConfUtils.java:logGet(46)) - raft.grpc.server.host = null (default)
2024-05-12 17:41:29,446 [main] INFO  grpc.GrpcConfigKeys (ConfUtils.java:logGet(46)) - raft.grpc.server.port = 15389 (custom)
2024-05-12 17:41:29,446 [main] INFO  server.GrpcService (ConfUtils.java:logGet(46)) - raft.grpc.message.size.max = 32MB (=33554432) (custom)
2024-05-12 17:41:29,446 [main] INFO  server.RaftServerConfigKeys (ConfUtils.java:logGet(46)) - raft.server.log.appender.buffer.byte-limit = 8388608 (custom)
2024-05-12 17:41:29,446 [main] INFO  server.GrpcService (ConfUtils.java:logGet(46)) - raft.grpc.flow.control.window = 5MB (=5242880) (custom)
2024-05-12 17:41:29,446 [main] INFO  server.RaftServerConfigKeys (ConfUtils.java:logGet(46)) - raft.server.rpc.request.timeout = 3000ms (default)
2024-05-12 17:41:29,446 [main] INFO  grpc.GrpcConfigKeys (ConfUtils.java:logGet(46)) - raft.grpc.server.heartbeat.channel = true (default)
2024-05-12 17:41:29,446 [main] INFO  grpc.GrpcConfigKeys (ConfUtils.java:logGet(46)) - raft.grpc.server.async.request.thread.pool.cached = true (default)
2024-05-12 17:41:29,446 [main] INFO  grpc.GrpcConfigKeys (ConfUtils.java:logGet(46)) - raft.grpc.server.async.request.thread.pool.size = 32 (default)
2024-05-12 17:41:29,448 [main] INFO  impl.DataStreamServerImpl (ConfUtils.java:logGet(46)) - raft.datastream.type = NETTY (custom)
2024-05-12 17:41:29,449 [main] INFO  server.RaftServerConfigKeys (ConfUtils.java:logGet(46)) - raft.server.data-stream.async.request.thread.pool.cached = false (default)
2024-05-12 17:41:29,449 [main] INFO  server.RaftServerConfigKeys (ConfUtils.java:logGet(46)) - raft.server.data-stream.async.request.thread.pool.size = 20 (custom)
2024-05-12 17:41:29,449 [main] INFO  server.RaftServerConfigKeys (ConfUtils.java:logGet(46)) - raft.server.data-stream.async.write.thread.pool.size = 16 (default)
2024-05-12 17:41:29,449 [main] INFO  netty.NettyConfigKeys$DataStream (ConfUtils.java:logGet(46)) - raft.netty.dataStream.server.channel.inactive.grace-period = 10min (default)
2024-05-12 17:41:29,449 [main] INFO  server.RaftServerConfigKeys (ConfUtils.java:logGet(46)) - raft.server.data-stream.client.pool.size = 10 (default)
2024-05-12 17:41:29,449 [main] INFO  netty.NettyConfigKeys$DataStream (ConfUtils.java:logGet(46)) - raft.netty.dataStream.server.use-epoll = true (default)
2024-05-12 17:41:29,449 [main] INFO  netty.NettyConfigKeys$DataStream (ConfUtils.java:logGet(46)) - raft.netty.dataStream.server.boss-group.size = 0 (default)
2024-05-12 17:41:29,449 [main] INFO  netty.NettyUtils (NettyUtils.java:newEventLoopGroup(69)) - Create EpollEventLoopGroup for a33fd443-9c01-43ff-9618-b7376da7e75d-NettyServerStreamRpc-bossGroup; Thread size is 0.
2024-05-12 17:41:29,449 [main] INFO  netty.NettyConfigKeys$DataStream (ConfUtils.java:logGet(46)) - raft.netty.dataStream.server.worker-group.size = 0 (default)
2024-05-12 17:41:29,449 [main] INFO  netty.NettyUtils (NettyUtils.java:newEventLoopGroup(69)) - Create EpollEventLoopGroup for a33fd443-9c01-43ff-9618-b7376da7e75d-NettyServerStreamRpc-workerGroup; Thread size is 0.
2024-05-12 17:41:29,450 [main] INFO  netty.NettyConfigKeys$DataStream (ConfUtils.java:logGet(46)) - raft.netty.dataStream.server.tls.conf = null (default)
2024-05-12 17:41:29,450 [main] INFO  netty.NettyConfigKeys$DataStream (ConfUtils.java:logGet(46)) - raft.netty.dataStream.host = null (default)
2024-05-12 17:41:29,450 [main] INFO  netty.NettyConfigKeys$DataStream (ConfUtils.java:logGet(46)) - raft.netty.dataStream.port = 15390 (custom)
2024-05-12 17:41:29,450 [main] INFO  server.RaftServerConfigKeys (ConfUtils.java:logGet(46)) - raft.server.sleep.deviation.threshold = 300ms (default)
2024-05-12 17:41:29,450 [main] INFO  server.RaftServerConfigKeys (ConfUtils.java:logGet(46)) - raft.server.close.threshold = 60s (default)
2024-05-12 17:41:29,450 [main] INFO  server.RaftServerConfigKeys (ConfUtils.java:logGet(46)) - raft.server.leaderelection.leader.step-down.wait-time = 10s (default)
2024-05-12 17:41:29,450 [a33fd443-9c01-43ff-9618-b7376da7e75d-NettyServerStreamRpc-bossGroup--thread1] INFO  logging.LoggingHandler (AbstractInternalLogger.java:log(148)) - [id: 0xe4ffcd62] REGISTERED
2024-05-12 17:41:29,450 [main] INFO  server.RaftServerConfigKeys (ConfUtils.java:logGet(46)) - raft.server.storage.dir = [/home/runner/work/ozone/ozone/hadoop-ozone/integration-test/target/test-dir/MiniOzoneClusterImpl-71ef5771-1bca-432b-8888-38dc3c8d5d63/ozone-meta/datanode-10/ratis] (custom)
2024-05-12 17:41:29,450 [a33fd443-9c01-43ff-9618-b7376da7e75d-NettyServerStreamRpc-bossGroup--thread1] INFO  logging.LoggingHandler (AbstractInternalLogger.java:log(148)) - [id: 0xe4ffcd62] BIND: 0.0.0.0/0.0.0.0:15390
2024-05-12 17:41:29,450 [main] INFO  server.RaftServerConfigKeys (ConfUtils.java:logGet(46)) - raft.server.threadpool.proxy.cached = true (default)
2024-05-12 17:41:29,450 [main] INFO  server.RaftServerConfigKeys (ConfUtils.java:logGet(46)) - raft.server.threadpool.proxy.size = 0 (default)
2024-05-12 17:41:29,450 [a33fd443-9c01-43ff-9618-b7376da7e75d-NettyServerStreamRpc-bossGroup--thread1] INFO  logging.LoggingHandler (AbstractInternalLogger.java:log(148)) - [id: 0xe4ffcd62, L:/0.0.0.0:15390] ACTIVE
2024-05-12 17:41:29,451 [a33fd443-9c01-43ff-9618-b7376da7e75d-impl-thread1] INFO  server.RaftServer (RaftServerProxy.java:initGroupDir(264)) - a33fd443-9c01-43ff-9618-b7376da7e75d: found a subdirectory /home/runner/work/ozone/ozone/hadoop-ozone/integration-test/target/test-dir/MiniOzoneClusterImpl-71ef5771-1bca-432b-8888-38dc3c8d5d63/ozone-meta/datanode-10/ratis/tmp
2024-05-12 17:41:29,451 [a33fd443-9c01-43ff-9618-b7376da7e75d-impl-thread1] INFO  server.RaftServer (RaftServerProxy.java:initGroupDir(269)) - a33fd443-9c01-43ff-9618-b7376da7e75d: The directory /home/runner/work/ozone/ozone/hadoop-ozone/integration-test/target/test-dir/MiniOzoneClusterImpl-71ef5771-1bca-432b-8888-38dc3c8d5d63/ozone-meta/datanode-10/ratis/tmp is not a group directory; ignoring it. 
2024-05-12 17:41:29,451 [main] INFO  replication.ReplicationServer (ReplicationServer.java:<init>(86)) - Initializing replication server with thread count = 10 queue length = 4096
2024-05-12 17:41:29,451 [main] INFO  server.XceiverServerGrpc (XceiverServerGrpc.java:<init>(141)) - GrpcServer channel type EpollServerSocketChannel
2024-05-12 17:41:29,453 [main] INFO  replication.ReplicationSupervisor (ReplicationSupervisor.java:build(157)) - Initializing replication supervisor with thread count = 10
2024-05-12 17:41:29,453 [main] INFO  replication.ReplicationSupervisor (ReplicationSupervisor.java:nodeStateUpdated(312)) - Node state updated to IN_SERVICE, scaling executor pool size to 10
2024-05-12 17:41:29,454 [main] INFO  http.BaseHttpServer (BaseHttpServer.java:newHttpServer2BuilderForOzone(223)) - Starting Web-server for hddsDatanode at: http://0.0.0.0:15384
2024-05-12 17:41:29,454 [main] INFO  http.BaseHttpServer (BaseHttpServer.java:<init>(110)) - Hadoop Security Enabled: false Ozone Security Enabled: false Ozone HTTP Security Enabled: false 
2024-05-12 17:41:29,455 [main] WARN  server.AuthenticationFilter (AuthenticationFilter.java:constructSecretProvider(240)) - Unable to initialize FileSignerSecretProvider, falling back to use random secrets. Reason: Could not read signature secret file: /home/runner/hadoop-http-auth-signature-secret
2024-05-12 17:41:29,455 [main] INFO  http.HttpRequestLog (HttpRequestLog.java:getRequestLog(86)) - Http request log for http.requests.hddsDatanode is not defined
2024-05-12 17:41:29,456 [main] INFO  http.HttpServer2 (HttpServer2.java:addGlobalFilter(1036)) - Added global filter 'safety' (class=org.apache.hadoop.hdds.server.http.HttpServer2$QuotingInputFilter)
2024-05-12 17:41:29,456 [main] INFO  http.HttpServer2 (HttpServer2.java:addFilter(1012)) - Added filter static_user_filter (class=org.apache.hadoop.http.lib.StaticUserWebFilter$StaticUserFilter) to context hddsDatanode
2024-05-12 17:41:29,456 [main] INFO  http.HttpServer2 (HttpServer2.java:addFilter(1020)) - Added filter static_user_filter (class=org.apache.hadoop.http.lib.StaticUserWebFilter$StaticUserFilter) to context logs
2024-05-12 17:41:29,456 [main] INFO  http.HttpServer2 (HttpServer2.java:addFilter(1020)) - Added filter static_user_filter (class=org.apache.hadoop.http.lib.StaticUserWebFilter$StaticUserFilter) to context static
2024-05-12 17:41:29,457 [main] INFO  http.BaseHttpServer (BaseHttpServer.java:<init>(189)) - HTTP server of hddsDatanode uses base directory /home/runner/work/ozone/ozone/hadoop-ozone/integration-test/target/test-dir/MiniOzoneClusterImpl-71ef5771-1bca-432b-8888-38dc3c8d5d63/ozone-meta/datanode-10/meta/webserver
2024-05-12 17:41:29,457 [main] INFO  http.HttpServer2 (HttpServer2.java:bindListener(1236)) - Jetty bound to port 15384
2024-05-12 17:41:29,457 [main] INFO  server.Server (Server.java:doStart(375)) - jetty-9.4.54.v20240208; built: 2024-02-08T19:42:39.027Z; git: cef3fbd6d736a21e7d541a5db490381d95a2047d; jvm 17.0.10+7
2024-05-12 17:41:29,458 [main] INFO  server.session (DefaultSessionIdManager.java:doStart(334)) - DefaultSessionIdManager workerName=node0
2024-05-12 17:41:29,458 [main] INFO  server.session (DefaultSessionIdManager.java:doStart(339)) - No SessionScavenger set, using defaults
2024-05-12 17:41:29,458 [main] INFO  server.session (HouseKeeper.java:startScavenging(132)) - node0 Scavenging every 660000ms
2024-05-12 17:41:29,459 [main] INFO  handler.ContextHandler (ContextHandler.java:doStart(921)) - Started o.e.j.s.ServletContextHandler@639c8336{logs,/logs,file:///home/runner/work/ozone/ozone/hadoop-ozone/integration-test/target/log,AVAILABLE}
2024-05-12 17:41:29,459 [main] INFO  handler.ContextHandler (ContextHandler.java:doStart(921)) - Started o.e.j.s.ServletContextHandler@5a21825d{static,/static,file:///home/runner/work/ozone/ozone/hadoop-hdds/container-service/target/classes/webapps/static,AVAILABLE}
2024-05-12 17:41:29,461 [main] INFO  handler.ContextHandler (ContextHandler.java:doStart(921)) - Started o.e.j.w.WebAppContext@3eafe537{hddsDatanode,/,file:///home/runner/work/ozone/ozone/hadoop-hdds/container-service/target/classes/webapps/hddsDatanode/,AVAILABLE}{file:/home/runner/work/ozone/ozone/hadoop-hdds/container-service/target/classes/webapps/hddsDatanode}
2024-05-12 17:41:29,462 [main] INFO  server.AbstractConnector (AbstractConnector.java:doStart(333)) - Started ServerConnector@1464019a{HTTP/1.1, (http/1.1)}{0.0.0.0:15384}
2024-05-12 17:41:29,462 [main] INFO  server.Server (Server.java:doStart(415)) - Started @177007ms
2024-05-12 17:41:29,462 [main] WARN  impl.MetricsSystemImpl (MetricsSystemImpl.java:register(279)) - Sink prometheus already exists!
2024-05-12 17:41:29,462 [main] INFO  http.BaseHttpServer (BaseHttpServer.java:updateConnectorAddress(354)) - HTTP server of hddsDatanode listening at http://0.0.0.0:15384
2024-05-12 17:41:29,463 [main] INFO  ipc.CallQueueManager (CallQueueManager.java:<init>(90)) - Using callQueue: class java.util.concurrent.LinkedBlockingQueue, queueCapacity: 100, scheduler: class org.apache.hadoop.ipc.DefaultRpcScheduler, ipcBackoff: false.
2024-05-12 17:41:29,463 [main] INFO  ipc.Server (Server.java:<init>(1287)) - Listener at 0.0.0.0:15385
2024-05-12 17:41:29,463 [Socket Reader #1 for port 15385] INFO  ipc.Server (Server.java:run(1323)) - Starting Socket Reader #1 for port 15385
2024-05-12 17:41:29,464 [main] INFO  ozone.HddsDatanodeService (HddsDatanodeService.java:start(327)) - Datanode start with admins: [runner]
2024-05-12 17:41:29,464 [main] INFO  ozone.HddsDatanodeClientProtocolServer (HddsDatanodeClientProtocolServer.java:start(77)) - RPC server for Client /0.0.0.0:15385
2024-05-12 17:41:29,464 [IPC Server Responder] INFO  ipc.Server (Server.java:run(1562)) - IPC Server Responder: starting
2024-05-12 17:41:29,464 [IPC Server listener on 15385] INFO  ipc.Server (Server.java:run(1402)) - IPC Server listener on 15385: starting
2024-05-12 17:41:29,465 [a33fd443-9c01-43ff-9618-b7376da7e75d-DatanodeStateMachineDaemonThread] INFO  statemachine.DatanodeStateMachine (DatanodeStateMachine.java:lambda$startDaemon$1(555)) - Ozone container server started.
2024-05-12 17:41:29,465 [main] INFO  ozone.MiniOzoneClusterImpl (MiniOzoneClusterImpl.java:lambda$waitForClusterToBeReady$0(194)) - Waiting for nodes to be ready. Got 0 of 10 DN Heartbeats.
2024-05-12 17:41:29,465 [main] INFO  ozone.MiniOzoneClusterImpl (MiniOzoneClusterImpl.java:lambda$waitForClusterToBeReady$0(197)) - Waiting for cluster to exit safe mode
2024-05-12 17:41:29,465 [main] INFO  ozone.MiniOzoneClusterImpl (MiniOzoneClusterImpl.java:lambda$waitForClusterToBeReady$0(199)) - SCM became leader
2024-05-12 17:41:29,467 [a33fd443-9c01-43ff-9618-b7376da7e75d-DatanodeStateMachineTaskThread-0] INFO  datanode.InitDatanodeState (InitDatanodeState.java:persistContainerDatanodeDetails(139)) - DatanodeDetails is persisted to /home/runner/work/ozone/ozone/hadoop-ozone/integration-test/target/test-dir/MiniOzoneClusterImpl-71ef5771-1bca-432b-8888-38dc3c8d5d63/ozone-meta/datanode-10/meta/datanode.id
2024-05-12 17:41:29,926 [om1@group-C5BA1605619E-FollowerState] INFO  impl.FollowerState (FollowerState.java:run(143)) - om1@group-C5BA1605619E-FollowerState: change to CANDIDATE, lastRpcElapsedTime:1018352676ns, electionTimeout:1018ms
2024-05-12 17:41:29,926 [om1@group-C5BA1605619E-FollowerState] INFO  impl.RoleInfo (RoleInfo.java:shutdownFollowerState(110)) - om1: shutdown om1@group-C5BA1605619E-FollowerState
2024-05-12 17:41:29,926 [om1@group-C5BA1605619E-FollowerState] INFO  server.RaftServer$Division (RaftServerImpl.java:setRole(383)) - om1@group-C5BA1605619E: changes role from  FOLLOWER to CANDIDATE at term 0 for changeToCandidate
2024-05-12 17:41:29,926 [om1@group-C5BA1605619E-FollowerState] INFO  server.RaftServerConfigKeys (ConfUtils.java:logGet(46)) - raft.server.leaderelection.pre-vote = true (default)
2024-05-12 17:41:29,926 [om1@group-C5BA1605619E-FollowerState] INFO  impl.RoleInfo (RoleInfo.java:updateAndGet(139)) - om1: start om1@group-C5BA1605619E-LeaderElection264
2024-05-12 17:41:29,927 [om1@group-C5BA1605619E-LeaderElection264] INFO  impl.LeaderElection (LeaderElection.java:askForVotes(321)) - om1@group-C5BA1605619E-LeaderElection264 PRE_VOTE round 0: submit vote requests at term 0 for -1: peers:[om1|localhost:15301]|listeners:[], old=null
2024-05-12 17:41:29,927 [om1@group-C5BA1605619E-LeaderElection264] INFO  impl.LeaderElection (LeaderElection.java:askForVotes(323)) - om1@group-C5BA1605619E-LeaderElection264 PRE_VOTE round 0: result PASSED (term=0)
2024-05-12 17:41:29,929 [om1@group-C5BA1605619E-LeaderElection264] INFO  impl.LeaderElection (LeaderElection.java:askForVotes(321)) - om1@group-C5BA1605619E-LeaderElection264 ELECTION round 0: submit vote requests at term 1 for -1: peers:[om1|localhost:15301]|listeners:[], old=null
2024-05-12 17:41:29,929 [om1@group-C5BA1605619E-LeaderElection264] INFO  impl.LeaderElection (LeaderElection.java:askForVotes(323)) - om1@group-C5BA1605619E-LeaderElection264 ELECTION round 0: result PASSED (term=1)
2024-05-12 17:41:29,929 [om1@group-C5BA1605619E-LeaderElection264] INFO  impl.RoleInfo (RoleInfo.java:shutdownLeaderElection(130)) - om1: shutdown om1@group-C5BA1605619E-LeaderElection264
2024-05-12 17:41:29,929 [om1@group-C5BA1605619E-LeaderElection264] INFO  server.RaftServer$Division (RaftServerImpl.java:setRole(383)) - om1@group-C5BA1605619E: changes role from CANDIDATE to LEADER at term 1 for changeToLeader
2024-05-12 17:41:29,929 [om1@group-C5BA1605619E-LeaderElection264] INFO  server.RaftServerConfigKeys (ConfUtils.java:logGet(46)) - raft.server.staging.catchup.gap = 1000 (default)
2024-05-12 17:41:29,929 [om1@group-C5BA1605619E-LeaderElection264] INFO  server.RaftServerConfigKeys (ConfUtils.java:logGet(46)) - raft.server.write.element-limit = 4096 (default)
2024-05-12 17:41:29,929 [om1@group-C5BA1605619E-LeaderElection264] INFO  server.RaftServerConfigKeys (ConfUtils.java:logGet(46)) - raft.server.write.byte-limit = 64MB (=67108864) (default)
2024-05-12 17:41:29,929 [om1@group-C5BA1605619E-LeaderElection264] INFO  server.RaftServerConfigKeys (ConfUtils.java:logGet(46)) - raft.server.watch.timeout = 10s (default)
2024-05-12 17:41:29,929 [om1@group-C5BA1605619E-LeaderElection264] INFO  server.RaftServerConfigKeys (ConfUtils.java:logGet(46)) - raft.server.watch.timeout.denomination = 1s (default)
2024-05-12 17:41:29,929 [om1@group-C5BA1605619E-LeaderElection264] INFO  server.RaftServerConfigKeys (ConfUtils.java:logGet(46)) - raft.server.watch.element-limit = 65536 (default)
2024-05-12 17:41:29,929 [om1@group-C5BA1605619E-LeaderElection264] INFO  server.RaftServerConfigKeys (ConfUtils.java:logGet(46)) - raft.server.read.leader.lease.enabled = false (default)
2024-05-12 17:41:29,930 [om1@group-C5BA1605619E-LeaderElection264] INFO  server.RaftServerConfigKeys (ConfUtils.java:logGet(46)) - raft.server.read.leader.lease.timeout.ratio = 0.9 (default)
2024-05-12 17:41:29,930 [om1@group-C5BA1605619E-LeaderElection264] INFO  server.RaftServerConfigKeys (ConfUtils.java:logGet(46)) - raft.server.rpc.timeout.min = 1s (custom)
2024-05-12 17:41:29,930 [om1@group-C5BA1605619E-LeaderElection264] INFO  server.RaftServerConfigKeys (ConfUtils.java:logGet(46)) - raft.server.write.element-limit = 4096 (default)
2024-05-12 17:41:29,930 [om1@group-C5BA1605619E-LeaderElection264] INFO  server.RaftServerConfigKeys (ConfUtils.java:logGet(46)) - raft.server.write.follower.gap.ratio.max = -1.0 (default)
2024-05-12 17:41:29,930 [om1@group-C5BA1605619E-LeaderElection264] INFO  impl.RoleInfo (RoleInfo.java:updateAndGet(139)) - om1: start om1@group-C5BA1605619E-LeaderStateImpl
2024-05-12 17:41:29,930 [om1@group-C5BA1605619E-LeaderElection264] INFO  server.RaftServer$Division (RaftServerImpl.java:setFirstElection(574)) - om1@group-C5BA1605619E: set firstElectionSinceStartup to false for becomeLeader
2024-05-12 17:41:29,930 [om1@group-C5BA1605619E-LeaderElection264] INFO  server.RaftServer$Division (ServerState.java:setLeader(269)) - om1@group-C5BA1605619E: change Leader from null to om1 at term 1 for becomeLeader, leader elected after 1280ms
2024-05-12 17:41:29,930 [om1@group-C5BA1605619E-LeaderElection264] INFO  segmented.SegmentedRaftLogWorker (SegmentedRaftLogWorker.java:startLogSegment(430)) - om1@group-C5BA1605619E-SegmentedRaftLogWorker: Starting segment from index:0
2024-05-12 17:41:29,930 [om1@group-C5BA1605619E-LeaderElection264] INFO  server.RaftServer$Division (ServerState.java:setRaftConf(386)) - om1@group-C5BA1605619E: set configuration 0: peers:[om1|localhost:15301]|listeners:[], old=null
2024-05-12 17:41:29,930 [om1@group-C5BA1605619E-SegmentedRaftLogWorker] INFO  segmented.BufferedWriteChannel (BufferedWriteChannel.java:open(62)) - open log_inprogress_0 at position 0
2024-05-12 17:41:29,937 [om1@group-C5BA1605619E-SegmentedRaftLogWorker] INFO  segmented.SegmentedRaftLogWorker (SegmentedRaftLogWorker.java:execute(634)) - om1@group-C5BA1605619E-SegmentedRaftLogWorker: created new log segment /home/runner/work/ozone/ozone/hadoop-ozone/integration-test/target/test-dir/MiniOzoneClusterImpl-71ef5771-1bca-432b-8888-38dc3c8d5d63/ozone-meta/ratis/bf265839-605b-3f16-9796-c5ba1605619e/current/log_inprogress_0
2024-05-12 17:41:29,939 [om1@group-C5BA1605619E-StateMachineUpdater] INFO  ratis.OzoneManagerStateMachine (OzoneManagerStateMachine.java:notifyConfigurationChanged(212)) - Received Configuration change notification from Ratis. New Peer list:
[id: "om1"
address: "localhost:15301"
startupRole: FOLLOWER
]
2024-05-12 17:41:29,939 [om1@group-C5BA1605619E-StateMachineUpdater] INFO  server.RaftServer$Division (LeaderStateImpl.java:isApplied(320)) - leader is ready since appliedIndex == 0 >= startIndex == 0
2024-05-12 17:41:30,466 [main] INFO  ozone.MiniOzoneClusterImpl (MiniOzoneClusterImpl.java:lambda$waitForClusterToBeReady$0(194)) - Waiting for nodes to be ready. Got 0 of 10 DN Heartbeats.
2024-05-12 17:41:30,466 [main] INFO  ozone.MiniOzoneClusterImpl (MiniOzoneClusterImpl.java:lambda$waitForClusterToBeReady$0(197)) - Waiting for cluster to exit safe mode
2024-05-12 17:41:30,466 [main] INFO  ozone.MiniOzoneClusterImpl (MiniOzoneClusterImpl.java:lambda$waitForClusterToBeReady$0(199)) - SCM became leader
2024-05-12 17:41:31,016 [d0e7fafe-f667-41fb-a16a-ecd1bcb446b6-EndpointStateMachineTaskThread-/0.0.0.0:15296-0 ] INFO  utils.DatanodeStoreCache (DatanodeStoreCache.java:addDB(72)) - Added db /home/runner/work/ozone/ozone/hadoop-ozone/integration-test/target/test-dir/MiniOzoneClusterImpl-71ef5771-1bca-432b-8888-38dc3c8d5d63/ozone-meta/datanode-1/data-0/hdds/71ef5771-1bca-432b-8888-38dc3c8d5d63/DS-022786f3-a330-4083-ad03-82fba0a20d5b/container.db to cache
2024-05-12 17:41:31,016 [d0e7fafe-f667-41fb-a16a-ecd1bcb446b6-EndpointStateMachineTaskThread-/0.0.0.0:15296-0 ] INFO  volume.HddsVolume (HddsVolume.java:createDbStore(437)) - SchemaV3 db is created and loaded at /home/runner/work/ozone/ozone/hadoop-ozone/integration-test/target/test-dir/MiniOzoneClusterImpl-71ef5771-1bca-432b-8888-38dc3c8d5d63/ozone-meta/datanode-1/data-0/hdds/71ef5771-1bca-432b-8888-38dc3c8d5d63/DS-022786f3-a330-4083-ad03-82fba0a20d5b/container.db for volume DS-022786f3-a330-4083-ad03-82fba0a20d5b
2024-05-12 17:41:31,018 [d0e7fafe-f667-41fb-a16a-ecd1bcb446b6-ContainerReader-0] INFO  ozoneimpl.ContainerReader (ContainerReader.java:readVolume(148)) - Start to verify containers on volume /home/runner/work/ozone/ozone/hadoop-ozone/integration-test/target/test-dir/MiniOzoneClusterImpl-71ef5771-1bca-432b-8888-38dc3c8d5d63/ozone-meta/datanode-1/data-0/hdds
2024-05-12 17:41:31,018 [d0e7fafe-f667-41fb-a16a-ecd1bcb446b6-ContainerReader-0] INFO  ozoneimpl.ContainerReader (ContainerReader.java:readVolume(178)) - Finish verifying containers on volume /home/runner/work/ozone/ozone/hadoop-ozone/integration-test/target/test-dir/MiniOzoneClusterImpl-71ef5771-1bca-432b-8888-38dc3c8d5d63/ozone-meta/datanode-1/data-0/hdds
2024-05-12 17:41:31,018 [d0e7fafe-f667-41fb-a16a-ecd1bcb446b6-EndpointStateMachineTaskThread-/0.0.0.0:15296-0 ] INFO  ozoneimpl.OzoneContainer (OzoneContainer.java:buildContainerSet(328)) - Build ContainerSet costs 0s
2024-05-12 17:41:31,018 [d0e7fafe-f667-41fb-a16a-ecd1bcb446b6-EndpointStateMachineTaskThread-/0.0.0.0:15296-0 ] INFO  volume.ThrottledAsyncChecker (ThrottledAsyncChecker.java:schedule(141)) - Scheduling a check for /home/runner/work/ozone/ozone/hadoop-ozone/integration-test/target/test-dir/MiniOzoneClusterImpl-71ef5771-1bca-432b-8888-38dc3c8d5d63/ozone-meta/datanode-1/data-0/hdds
2024-05-12 17:41:31,018 [d0e7fafe-f667-41fb-a16a-ecd1bcb446b6-EndpointStateMachineTaskThread-/0.0.0.0:15296-0 ] INFO  volume.StorageVolumeChecker (StorageVolumeChecker.java:checkAllVolumes(218)) - Scheduled health check for volume /home/runner/work/ozone/ozone/hadoop-ozone/integration-test/target/test-dir/MiniOzoneClusterImpl-71ef5771-1bca-432b-8888-38dc3c8d5d63/ozone-meta/datanode-1/data-0/hdds
2024-05-12 17:41:31,019 [d0e7fafe-f667-41fb-a16a-ecd1bcb446b6-EndpointStateMachineTaskThread-/0.0.0.0:15296-0 ] INFO  volume.ThrottledAsyncChecker (ThrottledAsyncChecker.java:schedule(141)) - Scheduling a check for /home/runner/work/ozone/ozone/hadoop-ozone/integration-test/target/test-dir/MiniOzoneClusterImpl-71ef5771-1bca-432b-8888-38dc3c8d5d63/ozone-meta/datanode-1/ratis
2024-05-12 17:41:31,019 [d0e7fafe-f667-41fb-a16a-ecd1bcb446b6-EndpointStateMachineTaskThread-/0.0.0.0:15296-0 ] INFO  volume.StorageVolumeChecker (StorageVolumeChecker.java:checkAllVolumes(218)) - Scheduled health check for volume /home/runner/work/ozone/ozone/hadoop-ozone/integration-test/target/test-dir/MiniOzoneClusterImpl-71ef5771-1bca-432b-8888-38dc3c8d5d63/ozone-meta/datanode-1/ratis
2024-05-12 17:41:31,020 [d0e7fafe-f667-41fb-a16a-ecd1bcb446b6-EndpointStateMachineTaskThread-/0.0.0.0:15296-0 ] INFO  ozoneimpl.OzoneContainer (OzoneContainer.java:start(459)) - Attempting to start container services.
2024-05-12 17:41:31,021 [ContainerMetadataScanner] INFO  ozoneimpl.AbstractBackgroundContainerScanner (AbstractBackgroundContainerScanner.java:runIteration(87)) - Completed an iteration in 0 minutes. Number of iterations (since the data-node restart) : 1, Number of containers scanned in this iteration : 0, Number of unhealthy containers found in this iteration : 0
2024-05-12 17:41:31,021 [ContainerDataScanner(/home/runner/work/ozone/ozone/hadoop-ozone/integration-test/target/test-dir/MiniOzoneClusterImpl-71ef5771-1bca-432b-8888-38dc3c8d5d63/ozone-meta/datanode-1/data-0/hdds)] INFO  ozoneimpl.AbstractBackgroundContainerScanner (AbstractBackgroundContainerScanner.java:runIteration(87)) - Completed an iteration in 0 minutes. Number of iterations (since the data-node restart) : 1, Number of containers scanned in this iteration : 0, Number of unhealthy containers found in this iteration : 0
2024-05-12 17:41:31,021 [d0e7fafe-f667-41fb-a16a-ecd1bcb446b6-EndpointStateMachineTaskThread-/0.0.0.0:15296-0 ] INFO  replication.ReplicationServer (ReplicationServer.java:start(142)) - ReplicationServer is started using port 15310
2024-05-12 17:41:31,021 [d0e7fafe-f667-41fb-a16a-ecd1bcb446b6-EndpointStateMachineTaskThread-/0.0.0.0:15296-0 ] INFO  ratis.XceiverServerRatis (XceiverServerRatis.java:start(566)) - Starting XceiverServerRatis d0e7fafe-f667-41fb-a16a-ecd1bcb446b6
2024-05-12 17:41:31,021 [d0e7fafe-f667-41fb-a16a-ecd1bcb446b6-EndpointStateMachineTaskThread-/0.0.0.0:15296-0 ] INFO  server.RaftServer (RaftServerProxy.java:startImpl(406)) - d0e7fafe-f667-41fb-a16a-ecd1bcb446b6: start RPC server
2024-05-12 17:41:31,022 [d0e7fafe-f667-41fb-a16a-ecd1bcb446b6-EndpointStateMachineTaskThread-/0.0.0.0:15296-0 ] INFO  server.GrpcService (GrpcService.java:startImpl(302)) - d0e7fafe-f667-41fb-a16a-ecd1bcb446b6: GrpcService started, listening on 15306
2024-05-12 17:41:31,022 [d0e7fafe-f667-41fb-a16a-ecd1bcb446b6-EndpointStateMachineTaskThread-/0.0.0.0:15296-0 ] INFO  server.GrpcService (GrpcService.java:startImpl(302)) - d0e7fafe-f667-41fb-a16a-ecd1bcb446b6: GrpcService started, listening on 15308
2024-05-12 17:41:31,022 [d0e7fafe-f667-41fb-a16a-ecd1bcb446b6-EndpointStateMachineTaskThread-/0.0.0.0:15296-0 ] INFO  server.GrpcService (GrpcService.java:startImpl(302)) - d0e7fafe-f667-41fb-a16a-ecd1bcb446b6: GrpcService started, listening on 15307
2024-05-12 17:41:31,022 [d0e7fafe-f667-41fb-a16a-ecd1bcb446b6-EndpointStateMachineTaskThread-/0.0.0.0:15296-0 ] INFO  ratis.XceiverServerRatis (XceiverServerRatis.java:getRealPort(592)) - XceiverServerRatis d0e7fafe-f667-41fb-a16a-ecd1bcb446b6 is started using port 15306 for RATIS
2024-05-12 17:41:31,022 [d0e7fafe-f667-41fb-a16a-ecd1bcb446b6-EndpointStateMachineTaskThread-/0.0.0.0:15296-0 ] INFO  ratis.XceiverServerRatis (XceiverServerRatis.java:getRealPort(592)) - XceiverServerRatis d0e7fafe-f667-41fb-a16a-ecd1bcb446b6 is started using port 15307 for RATIS_ADMIN
2024-05-12 17:41:31,022 [d0e7fafe-f667-41fb-a16a-ecd1bcb446b6-EndpointStateMachineTaskThread-/0.0.0.0:15296-0 ] INFO  ratis.XceiverServerRatis (XceiverServerRatis.java:getRealPort(592)) - XceiverServerRatis d0e7fafe-f667-41fb-a16a-ecd1bcb446b6 is started using port 15308 for RATIS_SERVER
2024-05-12 17:41:31,022 [d0e7fafe-f667-41fb-a16a-ecd1bcb446b6-EndpointStateMachineTaskThread-/0.0.0.0:15296-0 ] INFO  ratis.XceiverServerRatis (XceiverServerRatis.java:getRealPort(592)) - XceiverServerRatis d0e7fafe-f667-41fb-a16a-ecd1bcb446b6 is started using port 15309 for RATIS_DATASTREAM
2024-05-12 17:41:31,022 [JvmPauseMonitor38] INFO  util.JvmPauseMonitor (JvmPauseMonitor.java:run(146)) - JvmPauseMonitor-d0e7fafe-f667-41fb-a16a-ecd1bcb446b6: Started
2024-05-12 17:41:31,023 [d0e7fafe-f667-41fb-a16a-ecd1bcb446b6-BlockDeletingService#0] INFO  interfaces.ContainerDeletionChoosingPolicyTemplate (ContainerDeletionChoosingPolicyTemplate.java:chooseContainerForBlockDeletion(85)) - Chosen 0/5000 blocks from 0 candidate containers.
2024-05-12 17:41:31,081 [b7336ce2-a724-4c4a-8025-d323d27fa237-EndpointStateMachineTaskThread-/0.0.0.0:15296-0 ] INFO  utils.DatanodeStoreCache (DatanodeStoreCache.java:addDB(72)) - Added db /home/runner/work/ozone/ozone/hadoop-ozone/integration-test/target/test-dir/MiniOzoneClusterImpl-71ef5771-1bca-432b-8888-38dc3c8d5d63/ozone-meta/datanode-2/data-0/hdds/71ef5771-1bca-432b-8888-38dc3c8d5d63/DS-ab6f7da1-2586-460e-903a-1a2713c9f9fa/container.db to cache
2024-05-12 17:41:31,081 [b7336ce2-a724-4c4a-8025-d323d27fa237-EndpointStateMachineTaskThread-/0.0.0.0:15296-0 ] INFO  volume.HddsVolume (HddsVolume.java:createDbStore(437)) - SchemaV3 db is created and loaded at /home/runner/work/ozone/ozone/hadoop-ozone/integration-test/target/test-dir/MiniOzoneClusterImpl-71ef5771-1bca-432b-8888-38dc3c8d5d63/ozone-meta/datanode-2/data-0/hdds/71ef5771-1bca-432b-8888-38dc3c8d5d63/DS-ab6f7da1-2586-460e-903a-1a2713c9f9fa/container.db for volume DS-ab6f7da1-2586-460e-903a-1a2713c9f9fa
2024-05-12 17:41:31,083 [b7336ce2-a724-4c4a-8025-d323d27fa237-ContainerReader-0] INFO  ozoneimpl.ContainerReader (ContainerReader.java:readVolume(148)) - Start to verify containers on volume /home/runner/work/ozone/ozone/hadoop-ozone/integration-test/target/test-dir/MiniOzoneClusterImpl-71ef5771-1bca-432b-8888-38dc3c8d5d63/ozone-meta/datanode-2/data-0/hdds
2024-05-12 17:41:31,083 [b7336ce2-a724-4c4a-8025-d323d27fa237-ContainerReader-0] INFO  ozoneimpl.ContainerReader (ContainerReader.java:readVolume(178)) - Finish verifying containers on volume /home/runner/work/ozone/ozone/hadoop-ozone/integration-test/target/test-dir/MiniOzoneClusterImpl-71ef5771-1bca-432b-8888-38dc3c8d5d63/ozone-meta/datanode-2/data-0/hdds
2024-05-12 17:41:31,083 [b7336ce2-a724-4c4a-8025-d323d27fa237-EndpointStateMachineTaskThread-/0.0.0.0:15296-0 ] INFO  ozoneimpl.OzoneContainer (OzoneContainer.java:buildContainerSet(328)) - Build ContainerSet costs 0s
2024-05-12 17:41:31,083 [b7336ce2-a724-4c4a-8025-d323d27fa237-EndpointStateMachineTaskThread-/0.0.0.0:15296-0 ] INFO  volume.ThrottledAsyncChecker (ThrottledAsyncChecker.java:schedule(141)) - Scheduling a check for /home/runner/work/ozone/ozone/hadoop-ozone/integration-test/target/test-dir/MiniOzoneClusterImpl-71ef5771-1bca-432b-8888-38dc3c8d5d63/ozone-meta/datanode-2/data-0/hdds
2024-05-12 17:41:31,084 [b7336ce2-a724-4c4a-8025-d323d27fa237-EndpointStateMachineTaskThread-/0.0.0.0:15296-0 ] INFO  volume.StorageVolumeChecker (StorageVolumeChecker.java:checkAllVolumes(218)) - Scheduled health check for volume /home/runner/work/ozone/ozone/hadoop-ozone/integration-test/target/test-dir/MiniOzoneClusterImpl-71ef5771-1bca-432b-8888-38dc3c8d5d63/ozone-meta/datanode-2/data-0/hdds
2024-05-12 17:41:31,084 [b7336ce2-a724-4c4a-8025-d323d27fa237-EndpointStateMachineTaskThread-/0.0.0.0:15296-0 ] INFO  volume.ThrottledAsyncChecker (ThrottledAsyncChecker.java:schedule(141)) - Scheduling a check for /home/runner/work/ozone/ozone/hadoop-ozone/integration-test/target/test-dir/MiniOzoneClusterImpl-71ef5771-1bca-432b-8888-38dc3c8d5d63/ozone-meta/datanode-2/ratis
2024-05-12 17:41:31,084 [b7336ce2-a724-4c4a-8025-d323d27fa237-EndpointStateMachineTaskThread-/0.0.0.0:15296-0 ] INFO  volume.StorageVolumeChecker (StorageVolumeChecker.java:checkAllVolumes(218)) - Scheduled health check for volume /home/runner/work/ozone/ozone/hadoop-ozone/integration-test/target/test-dir/MiniOzoneClusterImpl-71ef5771-1bca-432b-8888-38dc3c8d5d63/ozone-meta/datanode-2/ratis
2024-05-12 17:41:31,085 [b7336ce2-a724-4c4a-8025-d323d27fa237-EndpointStateMachineTaskThread-/0.0.0.0:15296-0 ] INFO  ozoneimpl.OzoneContainer (OzoneContainer.java:start(459)) - Attempting to start container services.
2024-05-12 17:41:31,085 [b7336ce2-a724-4c4a-8025-d323d27fa237-EndpointStateMachineTaskThread-/0.0.0.0:15296-0 ] WARN  ozoneimpl.OnDemandContainerDataScanner (OnDemandContainerDataScanner.java:init(75)) - Trying to initialize on demand scanner a second time on a datanode.
2024-05-12 17:41:31,086 [ContainerMetadataScanner] INFO  ozoneimpl.AbstractBackgroundContainerScanner (AbstractBackgroundContainerScanner.java:runIteration(87)) - Completed an iteration in 0 minutes. Number of iterations (since the data-node restart) : 1, Number of containers scanned in this iteration : 0, Number of unhealthy containers found in this iteration : 0
2024-05-12 17:41:31,086 [ContainerDataScanner(/home/runner/work/ozone/ozone/hadoop-ozone/integration-test/target/test-dir/MiniOzoneClusterImpl-71ef5771-1bca-432b-8888-38dc3c8d5d63/ozone-meta/datanode-2/data-0/hdds)] INFO  ozoneimpl.AbstractBackgroundContainerScanner (AbstractBackgroundContainerScanner.java:runIteration(87)) - Completed an iteration in 0 minutes. Number of iterations (since the data-node restart) : 1, Number of containers scanned in this iteration : 0, Number of unhealthy containers found in this iteration : 0
2024-05-12 17:41:31,086 [b7336ce2-a724-4c4a-8025-d323d27fa237-EndpointStateMachineTaskThread-/0.0.0.0:15296-0 ] INFO  replication.ReplicationServer (ReplicationServer.java:start(142)) - ReplicationServer is started using port 15319
2024-05-12 17:41:31,086 [b7336ce2-a724-4c4a-8025-d323d27fa237-EndpointStateMachineTaskThread-/0.0.0.0:15296-0 ] INFO  ratis.XceiverServerRatis (XceiverServerRatis.java:start(566)) - Starting XceiverServerRatis b7336ce2-a724-4c4a-8025-d323d27fa237
2024-05-12 17:41:31,087 [b7336ce2-a724-4c4a-8025-d323d27fa237-EndpointStateMachineTaskThread-/0.0.0.0:15296-0 ] INFO  server.RaftServer (RaftServerProxy.java:startImpl(406)) - b7336ce2-a724-4c4a-8025-d323d27fa237: start RPC server
2024-05-12 17:41:31,087 [b7336ce2-a724-4c4a-8025-d323d27fa237-EndpointStateMachineTaskThread-/0.0.0.0:15296-0 ] INFO  server.GrpcService (GrpcService.java:startImpl(302)) - b7336ce2-a724-4c4a-8025-d323d27fa237: GrpcService started, listening on 15315
2024-05-12 17:41:31,087 [b7336ce2-a724-4c4a-8025-d323d27fa237-EndpointStateMachineTaskThread-/0.0.0.0:15296-0 ] INFO  server.GrpcService (GrpcService.java:startImpl(302)) - b7336ce2-a724-4c4a-8025-d323d27fa237: GrpcService started, listening on 15317
2024-05-12 17:41:31,087 [b7336ce2-a724-4c4a-8025-d323d27fa237-EndpointStateMachineTaskThread-/0.0.0.0:15296-0 ] INFO  server.GrpcService (GrpcService.java:startImpl(302)) - b7336ce2-a724-4c4a-8025-d323d27fa237: GrpcService started, listening on 15316
2024-05-12 17:41:31,087 [b7336ce2-a724-4c4a-8025-d323d27fa237-EndpointStateMachineTaskThread-/0.0.0.0:15296-0 ] INFO  ratis.XceiverServerRatis (XceiverServerRatis.java:getRealPort(592)) - XceiverServerRatis b7336ce2-a724-4c4a-8025-d323d27fa237 is started using port 15315 for RATIS
2024-05-12 17:41:31,087 [b7336ce2-a724-4c4a-8025-d323d27fa237-EndpointStateMachineTaskThread-/0.0.0.0:15296-0 ] INFO  ratis.XceiverServerRatis (XceiverServerRatis.java:getRealPort(592)) - XceiverServerRatis b7336ce2-a724-4c4a-8025-d323d27fa237 is started using port 15316 for RATIS_ADMIN
2024-05-12 17:41:31,087 [b7336ce2-a724-4c4a-8025-d323d27fa237-EndpointStateMachineTaskThread-/0.0.0.0:15296-0 ] INFO  ratis.XceiverServerRatis (XceiverServerRatis.java:getRealPort(592)) - XceiverServerRatis b7336ce2-a724-4c4a-8025-d323d27fa237 is started using port 15317 for RATIS_SERVER
2024-05-12 17:41:31,087 [b7336ce2-a724-4c4a-8025-d323d27fa237-EndpointStateMachineTaskThread-/0.0.0.0:15296-0 ] INFO  ratis.XceiverServerRatis (XceiverServerRatis.java:getRealPort(592)) - XceiverServerRatis b7336ce2-a724-4c4a-8025-d323d27fa237 is started using port 15318 for RATIS_DATASTREAM
2024-05-12 17:41:31,087 [JvmPauseMonitor39] INFO  util.JvmPauseMonitor (JvmPauseMonitor.java:run(146)) - JvmPauseMonitor-b7336ce2-a724-4c4a-8025-d323d27fa237: Started
2024-05-12 17:41:31,088 [b7336ce2-a724-4c4a-8025-d323d27fa237-BlockDeletingService#0] INFO  interfaces.ContainerDeletionChoosingPolicyTemplate (ContainerDeletionChoosingPolicyTemplate.java:chooseContainerForBlockDeletion(85)) - Chosen 0/5000 blocks from 0 candidate containers.
2024-05-12 17:41:31,135 [89a6d998-d419-473a-a6ed-8243f7f30d05-EndpointStateMachineTaskThread-/0.0.0.0:15296-0 ] INFO  utils.DatanodeStoreCache (DatanodeStoreCache.java:addDB(72)) - Added db /home/runner/work/ozone/ozone/hadoop-ozone/integration-test/target/test-dir/MiniOzoneClusterImpl-71ef5771-1bca-432b-8888-38dc3c8d5d63/ozone-meta/datanode-3/data-0/hdds/71ef5771-1bca-432b-8888-38dc3c8d5d63/DS-098c289b-f7b8-484e-85eb-c4e4b7b68464/container.db to cache
2024-05-12 17:41:31,136 [89a6d998-d419-473a-a6ed-8243f7f30d05-EndpointStateMachineTaskThread-/0.0.0.0:15296-0 ] INFO  volume.HddsVolume (HddsVolume.java:createDbStore(437)) - SchemaV3 db is created and loaded at /home/runner/work/ozone/ozone/hadoop-ozone/integration-test/target/test-dir/MiniOzoneClusterImpl-71ef5771-1bca-432b-8888-38dc3c8d5d63/ozone-meta/datanode-3/data-0/hdds/71ef5771-1bca-432b-8888-38dc3c8d5d63/DS-098c289b-f7b8-484e-85eb-c4e4b7b68464/container.db for volume DS-098c289b-f7b8-484e-85eb-c4e4b7b68464
2024-05-12 17:41:31,137 [89a6d998-d419-473a-a6ed-8243f7f30d05-ContainerReader-0] INFO  ozoneimpl.ContainerReader (ContainerReader.java:readVolume(148)) - Start to verify containers on volume /home/runner/work/ozone/ozone/hadoop-ozone/integration-test/target/test-dir/MiniOzoneClusterImpl-71ef5771-1bca-432b-8888-38dc3c8d5d63/ozone-meta/datanode-3/data-0/hdds
2024-05-12 17:41:31,137 [89a6d998-d419-473a-a6ed-8243f7f30d05-ContainerReader-0] INFO  ozoneimpl.ContainerReader (ContainerReader.java:readVolume(178)) - Finish verifying containers on volume /home/runner/work/ozone/ozone/hadoop-ozone/integration-test/target/test-dir/MiniOzoneClusterImpl-71ef5771-1bca-432b-8888-38dc3c8d5d63/ozone-meta/datanode-3/data-0/hdds
2024-05-12 17:41:31,137 [89a6d998-d419-473a-a6ed-8243f7f30d05-EndpointStateMachineTaskThread-/0.0.0.0:15296-0 ] INFO  ozoneimpl.OzoneContainer (OzoneContainer.java:buildContainerSet(328)) - Build ContainerSet costs 0s
2024-05-12 17:41:31,137 [89a6d998-d419-473a-a6ed-8243f7f30d05-EndpointStateMachineTaskThread-/0.0.0.0:15296-0 ] INFO  volume.ThrottledAsyncChecker (ThrottledAsyncChecker.java:schedule(141)) - Scheduling a check for /home/runner/work/ozone/ozone/hadoop-ozone/integration-test/target/test-dir/MiniOzoneClusterImpl-71ef5771-1bca-432b-8888-38dc3c8d5d63/ozone-meta/datanode-3/data-0/hdds
2024-05-12 17:41:31,138 [89a6d998-d419-473a-a6ed-8243f7f30d05-EndpointStateMachineTaskThread-/0.0.0.0:15296-0 ] INFO  volume.StorageVolumeChecker (StorageVolumeChecker.java:checkAllVolumes(218)) - Scheduled health check for volume /home/runner/work/ozone/ozone/hadoop-ozone/integration-test/target/test-dir/MiniOzoneClusterImpl-71ef5771-1bca-432b-8888-38dc3c8d5d63/ozone-meta/datanode-3/data-0/hdds
2024-05-12 17:41:31,139 [89a6d998-d419-473a-a6ed-8243f7f30d05-EndpointStateMachineTaskThread-/0.0.0.0:15296-0 ] INFO  volume.ThrottledAsyncChecker (ThrottledAsyncChecker.java:schedule(141)) - Scheduling a check for /home/runner/work/ozone/ozone/hadoop-ozone/integration-test/target/test-dir/MiniOzoneClusterImpl-71ef5771-1bca-432b-8888-38dc3c8d5d63/ozone-meta/datanode-3/ratis
2024-05-12 17:41:31,139 [89a6d998-d419-473a-a6ed-8243f7f30d05-EndpointStateMachineTaskThread-/0.0.0.0:15296-0 ] INFO  volume.StorageVolumeChecker (StorageVolumeChecker.java:checkAllVolumes(218)) - Scheduled health check for volume /home/runner/work/ozone/ozone/hadoop-ozone/integration-test/target/test-dir/MiniOzoneClusterImpl-71ef5771-1bca-432b-8888-38dc3c8d5d63/ozone-meta/datanode-3/ratis
2024-05-12 17:41:31,140 [89a6d998-d419-473a-a6ed-8243f7f30d05-EndpointStateMachineTaskThread-/0.0.0.0:15296-0 ] INFO  ozoneimpl.OzoneContainer (OzoneContainer.java:start(459)) - Attempting to start container services.
2024-05-12 17:41:31,140 [89a6d998-d419-473a-a6ed-8243f7f30d05-EndpointStateMachineTaskThread-/0.0.0.0:15296-0 ] WARN  ozoneimpl.OnDemandContainerDataScanner (OnDemandContainerDataScanner.java:init(75)) - Trying to initialize on demand scanner a second time on a datanode.
2024-05-12 17:41:31,140 [ContainerMetadataScanner] INFO  ozoneimpl.AbstractBackgroundContainerScanner (AbstractBackgroundContainerScanner.java:runIteration(87)) - Completed an iteration in 0 minutes. Number of iterations (since the data-node restart) : 1, Number of containers scanned in this iteration : 0, Number of unhealthy containers found in this iteration : 0
2024-05-12 17:41:31,140 [ContainerDataScanner(/home/runner/work/ozone/ozone/hadoop-ozone/integration-test/target/test-dir/MiniOzoneClusterImpl-71ef5771-1bca-432b-8888-38dc3c8d5d63/ozone-meta/datanode-3/data-0/hdds)] INFO  ozoneimpl.AbstractBackgroundContainerScanner (AbstractBackgroundContainerScanner.java:runIteration(87)) - Completed an iteration in 0 minutes. Number of iterations (since the data-node restart) : 1, Number of containers scanned in this iteration : 0, Number of unhealthy containers found in this iteration : 0
2024-05-12 17:41:31,141 [89a6d998-d419-473a-a6ed-8243f7f30d05-EndpointStateMachineTaskThread-/0.0.0.0:15296-0 ] INFO  replication.ReplicationServer (ReplicationServer.java:start(142)) - ReplicationServer is started using port 15328
2024-05-12 17:41:31,141 [89a6d998-d419-473a-a6ed-8243f7f30d05-EndpointStateMachineTaskThread-/0.0.0.0:15296-0 ] INFO  ratis.XceiverServerRatis (XceiverServerRatis.java:start(566)) - Starting XceiverServerRatis 89a6d998-d419-473a-a6ed-8243f7f30d05
2024-05-12 17:41:31,141 [89a6d998-d419-473a-a6ed-8243f7f30d05-EndpointStateMachineTaskThread-/0.0.0.0:15296-0 ] INFO  server.RaftServer (RaftServerProxy.java:startImpl(406)) - 89a6d998-d419-473a-a6ed-8243f7f30d05: start RPC server
2024-05-12 17:41:31,141 [89a6d998-d419-473a-a6ed-8243f7f30d05-EndpointStateMachineTaskThread-/0.0.0.0:15296-0 ] INFO  server.GrpcService (GrpcService.java:startImpl(302)) - 89a6d998-d419-473a-a6ed-8243f7f30d05: GrpcService started, listening on 15324
2024-05-12 17:41:31,141 [89a6d998-d419-473a-a6ed-8243f7f30d05-EndpointStateMachineTaskThread-/0.0.0.0:15296-0 ] INFO  server.GrpcService (GrpcService.java:startImpl(302)) - 89a6d998-d419-473a-a6ed-8243f7f30d05: GrpcService started, listening on 15326
2024-05-12 17:41:31,142 [89a6d998-d419-473a-a6ed-8243f7f30d05-EndpointStateMachineTaskThread-/0.0.0.0:15296-0 ] INFO  server.GrpcService (GrpcService.java:startImpl(302)) - 89a6d998-d419-473a-a6ed-8243f7f30d05: GrpcService started, listening on 15325
2024-05-12 17:41:31,142 [89a6d998-d419-473a-a6ed-8243f7f30d05-EndpointStateMachineTaskThread-/0.0.0.0:15296-0 ] INFO  ratis.XceiverServerRatis (XceiverServerRatis.java:getRealPort(592)) - XceiverServerRatis 89a6d998-d419-473a-a6ed-8243f7f30d05 is started using port 15324 for RATIS
2024-05-12 17:41:31,142 [89a6d998-d419-473a-a6ed-8243f7f30d05-EndpointStateMachineTaskThread-/0.0.0.0:15296-0 ] INFO  ratis.XceiverServerRatis (XceiverServerRatis.java:getRealPort(592)) - XceiverServerRatis 89a6d998-d419-473a-a6ed-8243f7f30d05 is started using port 15325 for RATIS_ADMIN
2024-05-12 17:41:31,142 [89a6d998-d419-473a-a6ed-8243f7f30d05-EndpointStateMachineTaskThread-/0.0.0.0:15296-0 ] INFO  ratis.XceiverServerRatis (XceiverServerRatis.java:getRealPort(592)) - XceiverServerRatis 89a6d998-d419-473a-a6ed-8243f7f30d05 is started using port 15326 for RATIS_SERVER
2024-05-12 17:41:31,142 [89a6d998-d419-473a-a6ed-8243f7f30d05-EndpointStateMachineTaskThread-/0.0.0.0:15296-0 ] INFO  ratis.XceiverServerRatis (XceiverServerRatis.java:getRealPort(592)) - XceiverServerRatis 89a6d998-d419-473a-a6ed-8243f7f30d05 is started using port 15327 for RATIS_DATASTREAM
2024-05-12 17:41:31,142 [JvmPauseMonitor40] INFO  util.JvmPauseMonitor (JvmPauseMonitor.java:run(146)) - JvmPauseMonitor-89a6d998-d419-473a-a6ed-8243f7f30d05: Started
2024-05-12 17:41:31,143 [89a6d998-d419-473a-a6ed-8243f7f30d05-BlockDeletingService#0] INFO  interfaces.ContainerDeletionChoosingPolicyTemplate (ContainerDeletionChoosingPolicyTemplate.java:chooseContainerForBlockDeletion(85)) - Chosen 0/5000 blocks from 0 candidate containers.
2024-05-12 17:41:31,183 [3523888c-df3a-4c75-876a-f320dc6c9584-EndpointStateMachineTaskThread-/0.0.0.0:15296-0 ] INFO  utils.DatanodeStoreCache (DatanodeStoreCache.java:addDB(72)) - Added db /home/runner/work/ozone/ozone/hadoop-ozone/integration-test/target/test-dir/MiniOzoneClusterImpl-71ef5771-1bca-432b-8888-38dc3c8d5d63/ozone-meta/datanode-4/data-0/hdds/71ef5771-1bca-432b-8888-38dc3c8d5d63/DS-bc911a75-08a8-46e6-b4ec-711ed4d0cd08/container.db to cache
2024-05-12 17:41:31,183 [3523888c-df3a-4c75-876a-f320dc6c9584-EndpointStateMachineTaskThread-/0.0.0.0:15296-0 ] INFO  volume.HddsVolume (HddsVolume.java:createDbStore(437)) - SchemaV3 db is created and loaded at /home/runner/work/ozone/ozone/hadoop-ozone/integration-test/target/test-dir/MiniOzoneClusterImpl-71ef5771-1bca-432b-8888-38dc3c8d5d63/ozone-meta/datanode-4/data-0/hdds/71ef5771-1bca-432b-8888-38dc3c8d5d63/DS-bc911a75-08a8-46e6-b4ec-711ed4d0cd08/container.db for volume DS-bc911a75-08a8-46e6-b4ec-711ed4d0cd08
2024-05-12 17:41:31,185 [3523888c-df3a-4c75-876a-f320dc6c9584-ContainerReader-0] INFO  ozoneimpl.ContainerReader (ContainerReader.java:readVolume(148)) - Start to verify containers on volume /home/runner/work/ozone/ozone/hadoop-ozone/integration-test/target/test-dir/MiniOzoneClusterImpl-71ef5771-1bca-432b-8888-38dc3c8d5d63/ozone-meta/datanode-4/data-0/hdds
2024-05-12 17:41:31,185 [3523888c-df3a-4c75-876a-f320dc6c9584-ContainerReader-0] INFO  ozoneimpl.ContainerReader (ContainerReader.java:readVolume(178)) - Finish verifying containers on volume /home/runner/work/ozone/ozone/hadoop-ozone/integration-test/target/test-dir/MiniOzoneClusterImpl-71ef5771-1bca-432b-8888-38dc3c8d5d63/ozone-meta/datanode-4/data-0/hdds
2024-05-12 17:41:31,185 [3523888c-df3a-4c75-876a-f320dc6c9584-EndpointStateMachineTaskThread-/0.0.0.0:15296-0 ] INFO  ozoneimpl.OzoneContainer (OzoneContainer.java:buildContainerSet(328)) - Build ContainerSet costs 0s
2024-05-12 17:41:31,185 [3523888c-df3a-4c75-876a-f320dc6c9584-EndpointStateMachineTaskThread-/0.0.0.0:15296-0 ] INFO  volume.ThrottledAsyncChecker (ThrottledAsyncChecker.java:schedule(141)) - Scheduling a check for /home/runner/work/ozone/ozone/hadoop-ozone/integration-test/target/test-dir/MiniOzoneClusterImpl-71ef5771-1bca-432b-8888-38dc3c8d5d63/ozone-meta/datanode-4/data-0/hdds
2024-05-12 17:41:31,185 [3523888c-df3a-4c75-876a-f320dc6c9584-EndpointStateMachineTaskThread-/0.0.0.0:15296-0 ] INFO  volume.StorageVolumeChecker (StorageVolumeChecker.java:checkAllVolumes(218)) - Scheduled health check for volume /home/runner/work/ozone/ozone/hadoop-ozone/integration-test/target/test-dir/MiniOzoneClusterImpl-71ef5771-1bca-432b-8888-38dc3c8d5d63/ozone-meta/datanode-4/data-0/hdds
2024-05-12 17:41:31,186 [3523888c-df3a-4c75-876a-f320dc6c9584-EndpointStateMachineTaskThread-/0.0.0.0:15296-0 ] INFO  volume.ThrottledAsyncChecker (ThrottledAsyncChecker.java:schedule(141)) - Scheduling a check for /home/runner/work/ozone/ozone/hadoop-ozone/integration-test/target/test-dir/MiniOzoneClusterImpl-71ef5771-1bca-432b-8888-38dc3c8d5d63/ozone-meta/datanode-4/ratis
2024-05-12 17:41:31,187 [3523888c-df3a-4c75-876a-f320dc6c9584-EndpointStateMachineTaskThread-/0.0.0.0:15296-0 ] INFO  volume.StorageVolumeChecker (StorageVolumeChecker.java:checkAllVolumes(218)) - Scheduled health check for volume /home/runner/work/ozone/ozone/hadoop-ozone/integration-test/target/test-dir/MiniOzoneClusterImpl-71ef5771-1bca-432b-8888-38dc3c8d5d63/ozone-meta/datanode-4/ratis
2024-05-12 17:41:31,187 [3523888c-df3a-4c75-876a-f320dc6c9584-EndpointStateMachineTaskThread-/0.0.0.0:15296-0 ] INFO  ozoneimpl.OzoneContainer (OzoneContainer.java:start(459)) - Attempting to start container services.
2024-05-12 17:41:31,187 [3523888c-df3a-4c75-876a-f320dc6c9584-EndpointStateMachineTaskThread-/0.0.0.0:15296-0 ] WARN  ozoneimpl.OnDemandContainerDataScanner (OnDemandContainerDataScanner.java:init(75)) - Trying to initialize on demand scanner a second time on a datanode.
2024-05-12 17:41:31,188 [ContainerMetadataScanner] INFO  ozoneimpl.AbstractBackgroundContainerScanner (AbstractBackgroundContainerScanner.java:runIteration(87)) - Completed an iteration in 0 minutes. Number of iterations (since the data-node restart) : 1, Number of containers scanned in this iteration : 0, Number of unhealthy containers found in this iteration : 0
2024-05-12 17:41:31,188 [ContainerDataScanner(/home/runner/work/ozone/ozone/hadoop-ozone/integration-test/target/test-dir/MiniOzoneClusterImpl-71ef5771-1bca-432b-8888-38dc3c8d5d63/ozone-meta/datanode-4/data-0/hdds)] INFO  ozoneimpl.AbstractBackgroundContainerScanner (AbstractBackgroundContainerScanner.java:runIteration(87)) - Completed an iteration in 0 minutes. Number of iterations (since the data-node restart) : 1, Number of containers scanned in this iteration : 0, Number of unhealthy containers found in this iteration : 0
2024-05-12 17:41:31,188 [3523888c-df3a-4c75-876a-f320dc6c9584-EndpointStateMachineTaskThread-/0.0.0.0:15296-0 ] INFO  replication.ReplicationServer (ReplicationServer.java:start(142)) - ReplicationServer is started using port 15337
2024-05-12 17:41:31,188 [3523888c-df3a-4c75-876a-f320dc6c9584-EndpointStateMachineTaskThread-/0.0.0.0:15296-0 ] INFO  ratis.XceiverServerRatis (XceiverServerRatis.java:start(566)) - Starting XceiverServerRatis 3523888c-df3a-4c75-876a-f320dc6c9584
2024-05-12 17:41:31,189 [3523888c-df3a-4c75-876a-f320dc6c9584-EndpointStateMachineTaskThread-/0.0.0.0:15296-0 ] INFO  server.RaftServer (RaftServerProxy.java:startImpl(406)) - 3523888c-df3a-4c75-876a-f320dc6c9584: start RPC server
2024-05-12 17:41:31,189 [3523888c-df3a-4c75-876a-f320dc6c9584-EndpointStateMachineTaskThread-/0.0.0.0:15296-0 ] INFO  server.GrpcService (GrpcService.java:startImpl(302)) - 3523888c-df3a-4c75-876a-f320dc6c9584: GrpcService started, listening on 15333
2024-05-12 17:41:31,189 [3523888c-df3a-4c75-876a-f320dc6c9584-EndpointStateMachineTaskThread-/0.0.0.0:15296-0 ] INFO  server.GrpcService (GrpcService.java:startImpl(302)) - 3523888c-df3a-4c75-876a-f320dc6c9584: GrpcService started, listening on 15335
2024-05-12 17:41:31,189 [3523888c-df3a-4c75-876a-f320dc6c9584-EndpointStateMachineTaskThread-/0.0.0.0:15296-0 ] INFO  server.GrpcService (GrpcService.java:startImpl(302)) - 3523888c-df3a-4c75-876a-f320dc6c9584: GrpcService started, listening on 15334
2024-05-12 17:41:31,190 [3523888c-df3a-4c75-876a-f320dc6c9584-EndpointStateMachineTaskThread-/0.0.0.0:15296-0 ] INFO  ratis.XceiverServerRatis (XceiverServerRatis.java:getRealPort(592)) - XceiverServerRatis 3523888c-df3a-4c75-876a-f320dc6c9584 is started using port 15333 for RATIS
2024-05-12 17:41:31,190 [3523888c-df3a-4c75-876a-f320dc6c9584-EndpointStateMachineTaskThread-/0.0.0.0:15296-0 ] INFO  ratis.XceiverServerRatis (XceiverServerRatis.java:getRealPort(592)) - XceiverServerRatis 3523888c-df3a-4c75-876a-f320dc6c9584 is started using port 15334 for RATIS_ADMIN
2024-05-12 17:41:31,190 [JvmPauseMonitor41] INFO  util.JvmPauseMonitor (JvmPauseMonitor.java:run(146)) - JvmPauseMonitor-3523888c-df3a-4c75-876a-f320dc6c9584: Started
2024-05-12 17:41:31,190 [3523888c-df3a-4c75-876a-f320dc6c9584-EndpointStateMachineTaskThread-/0.0.0.0:15296-0 ] INFO  ratis.XceiverServerRatis (XceiverServerRatis.java:getRealPort(592)) - XceiverServerRatis 3523888c-df3a-4c75-876a-f320dc6c9584 is started using port 15335 for RATIS_SERVER
2024-05-12 17:41:31,190 [3523888c-df3a-4c75-876a-f320dc6c9584-EndpointStateMachineTaskThread-/0.0.0.0:15296-0 ] INFO  ratis.XceiverServerRatis (XceiverServerRatis.java:getRealPort(592)) - XceiverServerRatis 3523888c-df3a-4c75-876a-f320dc6c9584 is started using port 15336 for RATIS_DATASTREAM
2024-05-12 17:41:31,191 [3523888c-df3a-4c75-876a-f320dc6c9584-BlockDeletingService#0] INFO  interfaces.ContainerDeletionChoosingPolicyTemplate (ContainerDeletionChoosingPolicyTemplate.java:chooseContainerForBlockDeletion(85)) - Chosen 0/5000 blocks from 0 candidate containers.
2024-05-12 17:41:31,238 [d999a49d-42de-484c-a75f-ffa132e9c3a5-EndpointStateMachineTaskThread-/0.0.0.0:15296-0 ] INFO  utils.DatanodeStoreCache (DatanodeStoreCache.java:addDB(72)) - Added db /home/runner/work/ozone/ozone/hadoop-ozone/integration-test/target/test-dir/MiniOzoneClusterImpl-71ef5771-1bca-432b-8888-38dc3c8d5d63/ozone-meta/datanode-5/data-0/hdds/71ef5771-1bca-432b-8888-38dc3c8d5d63/DS-c36a734b-7558-4b36-8a60-6b60a15be8c4/container.db to cache
2024-05-12 17:41:31,238 [d999a49d-42de-484c-a75f-ffa132e9c3a5-EndpointStateMachineTaskThread-/0.0.0.0:15296-0 ] INFO  volume.HddsVolume (HddsVolume.java:createDbStore(437)) - SchemaV3 db is created and loaded at /home/runner/work/ozone/ozone/hadoop-ozone/integration-test/target/test-dir/MiniOzoneClusterImpl-71ef5771-1bca-432b-8888-38dc3c8d5d63/ozone-meta/datanode-5/data-0/hdds/71ef5771-1bca-432b-8888-38dc3c8d5d63/DS-c36a734b-7558-4b36-8a60-6b60a15be8c4/container.db for volume DS-c36a734b-7558-4b36-8a60-6b60a15be8c4
2024-05-12 17:41:31,240 [d999a49d-42de-484c-a75f-ffa132e9c3a5-ContainerReader-0] INFO  ozoneimpl.ContainerReader (ContainerReader.java:readVolume(148)) - Start to verify containers on volume /home/runner/work/ozone/ozone/hadoop-ozone/integration-test/target/test-dir/MiniOzoneClusterImpl-71ef5771-1bca-432b-8888-38dc3c8d5d63/ozone-meta/datanode-5/data-0/hdds
2024-05-12 17:41:31,240 [d999a49d-42de-484c-a75f-ffa132e9c3a5-ContainerReader-0] INFO  ozoneimpl.ContainerReader (ContainerReader.java:readVolume(178)) - Finish verifying containers on volume /home/runner/work/ozone/ozone/hadoop-ozone/integration-test/target/test-dir/MiniOzoneClusterImpl-71ef5771-1bca-432b-8888-38dc3c8d5d63/ozone-meta/datanode-5/data-0/hdds
2024-05-12 17:41:31,240 [d999a49d-42de-484c-a75f-ffa132e9c3a5-EndpointStateMachineTaskThread-/0.0.0.0:15296-0 ] INFO  ozoneimpl.OzoneContainer (OzoneContainer.java:buildContainerSet(328)) - Build ContainerSet costs 0s
2024-05-12 17:41:31,240 [d999a49d-42de-484c-a75f-ffa132e9c3a5-EndpointStateMachineTaskThread-/0.0.0.0:15296-0 ] INFO  volume.ThrottledAsyncChecker (ThrottledAsyncChecker.java:schedule(141)) - Scheduling a check for /home/runner/work/ozone/ozone/hadoop-ozone/integration-test/target/test-dir/MiniOzoneClusterImpl-71ef5771-1bca-432b-8888-38dc3c8d5d63/ozone-meta/datanode-5/data-0/hdds
2024-05-12 17:41:31,241 [d999a49d-42de-484c-a75f-ffa132e9c3a5-EndpointStateMachineTaskThread-/0.0.0.0:15296-0 ] INFO  volume.StorageVolumeChecker (StorageVolumeChecker.java:checkAllVolumes(218)) - Scheduled health check for volume /home/runner/work/ozone/ozone/hadoop-ozone/integration-test/target/test-dir/MiniOzoneClusterImpl-71ef5771-1bca-432b-8888-38dc3c8d5d63/ozone-meta/datanode-5/data-0/hdds
2024-05-12 17:41:31,242 [d999a49d-42de-484c-a75f-ffa132e9c3a5-EndpointStateMachineTaskThread-/0.0.0.0:15296-0 ] INFO  volume.ThrottledAsyncChecker (ThrottledAsyncChecker.java:schedule(141)) - Scheduling a check for /home/runner/work/ozone/ozone/hadoop-ozone/integration-test/target/test-dir/MiniOzoneClusterImpl-71ef5771-1bca-432b-8888-38dc3c8d5d63/ozone-meta/datanode-5/ratis
2024-05-12 17:41:31,242 [d999a49d-42de-484c-a75f-ffa132e9c3a5-EndpointStateMachineTaskThread-/0.0.0.0:15296-0 ] INFO  volume.StorageVolumeChecker (StorageVolumeChecker.java:checkAllVolumes(218)) - Scheduled health check for volume /home/runner/work/ozone/ozone/hadoop-ozone/integration-test/target/test-dir/MiniOzoneClusterImpl-71ef5771-1bca-432b-8888-38dc3c8d5d63/ozone-meta/datanode-5/ratis
2024-05-12 17:41:31,242 [d999a49d-42de-484c-a75f-ffa132e9c3a5-EndpointStateMachineTaskThread-/0.0.0.0:15296-0 ] INFO  ozoneimpl.OzoneContainer (OzoneContainer.java:start(459)) - Attempting to start container services.
2024-05-12 17:41:31,242 [d999a49d-42de-484c-a75f-ffa132e9c3a5-EndpointStateMachineTaskThread-/0.0.0.0:15296-0 ] WARN  ozoneimpl.OnDemandContainerDataScanner (OnDemandContainerDataScanner.java:init(75)) - Trying to initialize on demand scanner a second time on a datanode.
2024-05-12 17:41:31,243 [ContainerMetadataScanner] INFO  ozoneimpl.AbstractBackgroundContainerScanner (AbstractBackgroundContainerScanner.java:runIteration(87)) - Completed an iteration in 0 minutes. Number of iterations (since the data-node restart) : 1, Number of containers scanned in this iteration : 0, Number of unhealthy containers found in this iteration : 0
2024-05-12 17:41:31,243 [ContainerDataScanner(/home/runner/work/ozone/ozone/hadoop-ozone/integration-test/target/test-dir/MiniOzoneClusterImpl-71ef5771-1bca-432b-8888-38dc3c8d5d63/ozone-meta/datanode-5/data-0/hdds)] INFO  ozoneimpl.AbstractBackgroundContainerScanner (AbstractBackgroundContainerScanner.java:runIteration(87)) - Completed an iteration in 0 minutes. Number of iterations (since the data-node restart) : 1, Number of containers scanned in this iteration : 0, Number of unhealthy containers found in this iteration : 0
2024-05-12 17:41:31,243 [d999a49d-42de-484c-a75f-ffa132e9c3a5-EndpointStateMachineTaskThread-/0.0.0.0:15296-0 ] INFO  replication.ReplicationServer (ReplicationServer.java:start(142)) - ReplicationServer is started using port 15346
2024-05-12 17:41:31,243 [d999a49d-42de-484c-a75f-ffa132e9c3a5-EndpointStateMachineTaskThread-/0.0.0.0:15296-0 ] INFO  ratis.XceiverServerRatis (XceiverServerRatis.java:start(566)) - Starting XceiverServerRatis d999a49d-42de-484c-a75f-ffa132e9c3a5
2024-05-12 17:41:31,244 [d999a49d-42de-484c-a75f-ffa132e9c3a5-EndpointStateMachineTaskThread-/0.0.0.0:15296-0 ] INFO  server.RaftServer (RaftServerProxy.java:startImpl(406)) - d999a49d-42de-484c-a75f-ffa132e9c3a5: start RPC server
2024-05-12 17:41:31,244 [d999a49d-42de-484c-a75f-ffa132e9c3a5-EndpointStateMachineTaskThread-/0.0.0.0:15296-0 ] INFO  server.GrpcService (GrpcService.java:startImpl(302)) - d999a49d-42de-484c-a75f-ffa132e9c3a5: GrpcService started, listening on 15342
2024-05-12 17:41:31,244 [d999a49d-42de-484c-a75f-ffa132e9c3a5-EndpointStateMachineTaskThread-/0.0.0.0:15296-0 ] INFO  server.GrpcService (GrpcService.java:startImpl(302)) - d999a49d-42de-484c-a75f-ffa132e9c3a5: GrpcService started, listening on 15344
2024-05-12 17:41:31,244 [d999a49d-42de-484c-a75f-ffa132e9c3a5-EndpointStateMachineTaskThread-/0.0.0.0:15296-0 ] INFO  server.GrpcService (GrpcService.java:startImpl(302)) - d999a49d-42de-484c-a75f-ffa132e9c3a5: GrpcService started, listening on 15343
2024-05-12 17:41:31,245 [d999a49d-42de-484c-a75f-ffa132e9c3a5-EndpointStateMachineTaskThread-/0.0.0.0:15296-0 ] INFO  ratis.XceiverServerRatis (XceiverServerRatis.java:getRealPort(592)) - XceiverServerRatis d999a49d-42de-484c-a75f-ffa132e9c3a5 is started using port 15342 for RATIS
2024-05-12 17:41:31,245 [d999a49d-42de-484c-a75f-ffa132e9c3a5-EndpointStateMachineTaskThread-/0.0.0.0:15296-0 ] INFO  ratis.XceiverServerRatis (XceiverServerRatis.java:getRealPort(592)) - XceiverServerRatis d999a49d-42de-484c-a75f-ffa132e9c3a5 is started using port 15343 for RATIS_ADMIN
2024-05-12 17:41:31,245 [d999a49d-42de-484c-a75f-ffa132e9c3a5-EndpointStateMachineTaskThread-/0.0.0.0:15296-0 ] INFO  ratis.XceiverServerRatis (XceiverServerRatis.java:getRealPort(592)) - XceiverServerRatis d999a49d-42de-484c-a75f-ffa132e9c3a5 is started using port 15344 for RATIS_SERVER
2024-05-12 17:41:31,245 [d999a49d-42de-484c-a75f-ffa132e9c3a5-EndpointStateMachineTaskThread-/0.0.0.0:15296-0 ] INFO  ratis.XceiverServerRatis (XceiverServerRatis.java:getRealPort(592)) - XceiverServerRatis d999a49d-42de-484c-a75f-ffa132e9c3a5 is started using port 15345 for RATIS_DATASTREAM
2024-05-12 17:41:31,245 [JvmPauseMonitor42] INFO  util.JvmPauseMonitor (JvmPauseMonitor.java:run(146)) - JvmPauseMonitor-d999a49d-42de-484c-a75f-ffa132e9c3a5: Started
2024-05-12 17:41:31,246 [d999a49d-42de-484c-a75f-ffa132e9c3a5-BlockDeletingService#0] INFO  interfaces.ContainerDeletionChoosingPolicyTemplate (ContainerDeletionChoosingPolicyTemplate.java:chooseContainerForBlockDeletion(85)) - Chosen 0/5000 blocks from 0 candidate containers.
2024-05-12 17:41:31,297 [2ef8d649-4864-4b9a-81a6-122cf2174905-EndpointStateMachineTaskThread-/0.0.0.0:15296-0 ] INFO  utils.DatanodeStoreCache (DatanodeStoreCache.java:addDB(72)) - Added db /home/runner/work/ozone/ozone/hadoop-ozone/integration-test/target/test-dir/MiniOzoneClusterImpl-71ef5771-1bca-432b-8888-38dc3c8d5d63/ozone-meta/datanode-6/data-0/hdds/71ef5771-1bca-432b-8888-38dc3c8d5d63/DS-ecffac56-7014-40de-88fa-54768e642694/container.db to cache
2024-05-12 17:41:31,297 [2ef8d649-4864-4b9a-81a6-122cf2174905-EndpointStateMachineTaskThread-/0.0.0.0:15296-0 ] INFO  volume.HddsVolume (HddsVolume.java:createDbStore(437)) - SchemaV3 db is created and loaded at /home/runner/work/ozone/ozone/hadoop-ozone/integration-test/target/test-dir/MiniOzoneClusterImpl-71ef5771-1bca-432b-8888-38dc3c8d5d63/ozone-meta/datanode-6/data-0/hdds/71ef5771-1bca-432b-8888-38dc3c8d5d63/DS-ecffac56-7014-40de-88fa-54768e642694/container.db for volume DS-ecffac56-7014-40de-88fa-54768e642694
2024-05-12 17:41:31,299 [2ef8d649-4864-4b9a-81a6-122cf2174905-ContainerReader-0] INFO  ozoneimpl.ContainerReader (ContainerReader.java:readVolume(148)) - Start to verify containers on volume /home/runner/work/ozone/ozone/hadoop-ozone/integration-test/target/test-dir/MiniOzoneClusterImpl-71ef5771-1bca-432b-8888-38dc3c8d5d63/ozone-meta/datanode-6/data-0/hdds
2024-05-12 17:41:31,299 [2ef8d649-4864-4b9a-81a6-122cf2174905-ContainerReader-0] INFO  ozoneimpl.ContainerReader (ContainerReader.java:readVolume(178)) - Finish verifying containers on volume /home/runner/work/ozone/ozone/hadoop-ozone/integration-test/target/test-dir/MiniOzoneClusterImpl-71ef5771-1bca-432b-8888-38dc3c8d5d63/ozone-meta/datanode-6/data-0/hdds
2024-05-12 17:41:31,299 [2ef8d649-4864-4b9a-81a6-122cf2174905-EndpointStateMachineTaskThread-/0.0.0.0:15296-0 ] INFO  ozoneimpl.OzoneContainer (OzoneContainer.java:buildContainerSet(328)) - Build ContainerSet costs 0s
2024-05-12 17:41:31,300 [2ef8d649-4864-4b9a-81a6-122cf2174905-EndpointStateMachineTaskThread-/0.0.0.0:15296-0 ] INFO  volume.ThrottledAsyncChecker (ThrottledAsyncChecker.java:schedule(141)) - Scheduling a check for /home/runner/work/ozone/ozone/hadoop-ozone/integration-test/target/test-dir/MiniOzoneClusterImpl-71ef5771-1bca-432b-8888-38dc3c8d5d63/ozone-meta/datanode-6/data-0/hdds
2024-05-12 17:41:31,300 [2ef8d649-4864-4b9a-81a6-122cf2174905-EndpointStateMachineTaskThread-/0.0.0.0:15296-0 ] INFO  volume.StorageVolumeChecker (StorageVolumeChecker.java:checkAllVolumes(218)) - Scheduled health check for volume /home/runner/work/ozone/ozone/hadoop-ozone/integration-test/target/test-dir/MiniOzoneClusterImpl-71ef5771-1bca-432b-8888-38dc3c8d5d63/ozone-meta/datanode-6/data-0/hdds
2024-05-12 17:41:31,301 [2ef8d649-4864-4b9a-81a6-122cf2174905-EndpointStateMachineTaskThread-/0.0.0.0:15296-0 ] INFO  volume.ThrottledAsyncChecker (ThrottledAsyncChecker.java:schedule(141)) - Scheduling a check for /home/runner/work/ozone/ozone/hadoop-ozone/integration-test/target/test-dir/MiniOzoneClusterImpl-71ef5771-1bca-432b-8888-38dc3c8d5d63/ozone-meta/datanode-6/ratis
2024-05-12 17:41:31,302 [2ef8d649-4864-4b9a-81a6-122cf2174905-EndpointStateMachineTaskThread-/0.0.0.0:15296-0 ] INFO  volume.StorageVolumeChecker (StorageVolumeChecker.java:checkAllVolumes(218)) - Scheduled health check for volume /home/runner/work/ozone/ozone/hadoop-ozone/integration-test/target/test-dir/MiniOzoneClusterImpl-71ef5771-1bca-432b-8888-38dc3c8d5d63/ozone-meta/datanode-6/ratis
2024-05-12 17:41:31,303 [2ef8d649-4864-4b9a-81a6-122cf2174905-EndpointStateMachineTaskThread-/0.0.0.0:15296-0 ] INFO  ozoneimpl.OzoneContainer (OzoneContainer.java:start(459)) - Attempting to start container services.
2024-05-12 17:41:31,303 [2ef8d649-4864-4b9a-81a6-122cf2174905-EndpointStateMachineTaskThread-/0.0.0.0:15296-0 ] WARN  ozoneimpl.OnDemandContainerDataScanner (OnDemandContainerDataScanner.java:init(75)) - Trying to initialize on demand scanner a second time on a datanode.
2024-05-12 17:41:31,303 [ContainerMetadataScanner] INFO  ozoneimpl.AbstractBackgroundContainerScanner (AbstractBackgroundContainerScanner.java:runIteration(87)) - Completed an iteration in 0 minutes. Number of iterations (since the data-node restart) : 1, Number of containers scanned in this iteration : 0, Number of unhealthy containers found in this iteration : 0
2024-05-12 17:41:31,303 [ContainerDataScanner(/home/runner/work/ozone/ozone/hadoop-ozone/integration-test/target/test-dir/MiniOzoneClusterImpl-71ef5771-1bca-432b-8888-38dc3c8d5d63/ozone-meta/datanode-6/data-0/hdds)] INFO  ozoneimpl.AbstractBackgroundContainerScanner (AbstractBackgroundContainerScanner.java:runIteration(87)) - Completed an iteration in 0 minutes. Number of iterations (since the data-node restart) : 1, Number of containers scanned in this iteration : 0, Number of unhealthy containers found in this iteration : 0
2024-05-12 17:41:31,304 [2ef8d649-4864-4b9a-81a6-122cf2174905-EndpointStateMachineTaskThread-/0.0.0.0:15296-0 ] INFO  replication.ReplicationServer (ReplicationServer.java:start(142)) - ReplicationServer is started using port 15355
2024-05-12 17:41:31,304 [2ef8d649-4864-4b9a-81a6-122cf2174905-EndpointStateMachineTaskThread-/0.0.0.0:15296-0 ] INFO  ratis.XceiverServerRatis (XceiverServerRatis.java:start(566)) - Starting XceiverServerRatis 2ef8d649-4864-4b9a-81a6-122cf2174905
2024-05-12 17:41:31,305 [2ef8d649-4864-4b9a-81a6-122cf2174905-EndpointStateMachineTaskThread-/0.0.0.0:15296-0 ] INFO  server.RaftServer (RaftServerProxy.java:startImpl(406)) - 2ef8d649-4864-4b9a-81a6-122cf2174905: start RPC server
2024-05-12 17:41:31,305 [2ef8d649-4864-4b9a-81a6-122cf2174905-EndpointStateMachineTaskThread-/0.0.0.0:15296-0 ] INFO  server.GrpcService (GrpcService.java:startImpl(302)) - 2ef8d649-4864-4b9a-81a6-122cf2174905: GrpcService started, listening on 15351
2024-05-12 17:41:31,305 [2ef8d649-4864-4b9a-81a6-122cf2174905-EndpointStateMachineTaskThread-/0.0.0.0:15296-0 ] INFO  server.GrpcService (GrpcService.java:startImpl(302)) - 2ef8d649-4864-4b9a-81a6-122cf2174905: GrpcService started, listening on 15353
2024-05-12 17:41:31,305 [2ef8d649-4864-4b9a-81a6-122cf2174905-EndpointStateMachineTaskThread-/0.0.0.0:15296-0 ] INFO  server.GrpcService (GrpcService.java:startImpl(302)) - 2ef8d649-4864-4b9a-81a6-122cf2174905: GrpcService started, listening on 15352
2024-05-12 17:41:31,305 [2ef8d649-4864-4b9a-81a6-122cf2174905-EndpointStateMachineTaskThread-/0.0.0.0:15296-0 ] INFO  ratis.XceiverServerRatis (XceiverServerRatis.java:getRealPort(592)) - XceiverServerRatis 2ef8d649-4864-4b9a-81a6-122cf2174905 is started using port 15351 for RATIS
2024-05-12 17:41:31,305 [2ef8d649-4864-4b9a-81a6-122cf2174905-EndpointStateMachineTaskThread-/0.0.0.0:15296-0 ] INFO  ratis.XceiverServerRatis (XceiverServerRatis.java:getRealPort(592)) - XceiverServerRatis 2ef8d649-4864-4b9a-81a6-122cf2174905 is started using port 15352 for RATIS_ADMIN
2024-05-12 17:41:31,305 [2ef8d649-4864-4b9a-81a6-122cf2174905-EndpointStateMachineTaskThread-/0.0.0.0:15296-0 ] INFO  ratis.XceiverServerRatis (XceiverServerRatis.java:getRealPort(592)) - XceiverServerRatis 2ef8d649-4864-4b9a-81a6-122cf2174905 is started using port 15353 for RATIS_SERVER
2024-05-12 17:41:31,306 [2ef8d649-4864-4b9a-81a6-122cf2174905-EndpointStateMachineTaskThread-/0.0.0.0:15296-0 ] INFO  ratis.XceiverServerRatis (XceiverServerRatis.java:getRealPort(592)) - XceiverServerRatis 2ef8d649-4864-4b9a-81a6-122cf2174905 is started using port 15354 for RATIS_DATASTREAM
2024-05-12 17:41:31,306 [JvmPauseMonitor43] INFO  util.JvmPauseMonitor (JvmPauseMonitor.java:run(146)) - JvmPauseMonitor-2ef8d649-4864-4b9a-81a6-122cf2174905: Started
2024-05-12 17:41:31,307 [2ef8d649-4864-4b9a-81a6-122cf2174905-BlockDeletingService#0] INFO  interfaces.ContainerDeletionChoosingPolicyTemplate (ContainerDeletionChoosingPolicyTemplate.java:chooseContainerForBlockDeletion(85)) - Chosen 0/5000 blocks from 0 candidate containers.
2024-05-12 17:41:31,348 [93bda13b-2c91-401a-a9f5-fc4ebb9220da-EndpointStateMachineTaskThread-/0.0.0.0:15296-0 ] INFO  utils.DatanodeStoreCache (DatanodeStoreCache.java:addDB(72)) - Added db /home/runner/work/ozone/ozone/hadoop-ozone/integration-test/target/test-dir/MiniOzoneClusterImpl-71ef5771-1bca-432b-8888-38dc3c8d5d63/ozone-meta/datanode-7/data-0/hdds/71ef5771-1bca-432b-8888-38dc3c8d5d63/DS-5c094980-b761-4361-9b45-1d4a43d13ab7/container.db to cache
2024-05-12 17:41:31,348 [93bda13b-2c91-401a-a9f5-fc4ebb9220da-EndpointStateMachineTaskThread-/0.0.0.0:15296-0 ] INFO  volume.HddsVolume (HddsVolume.java:createDbStore(437)) - SchemaV3 db is created and loaded at /home/runner/work/ozone/ozone/hadoop-ozone/integration-test/target/test-dir/MiniOzoneClusterImpl-71ef5771-1bca-432b-8888-38dc3c8d5d63/ozone-meta/datanode-7/data-0/hdds/71ef5771-1bca-432b-8888-38dc3c8d5d63/DS-5c094980-b761-4361-9b45-1d4a43d13ab7/container.db for volume DS-5c094980-b761-4361-9b45-1d4a43d13ab7
2024-05-12 17:41:31,350 [93bda13b-2c91-401a-a9f5-fc4ebb9220da-ContainerReader-0] INFO  ozoneimpl.ContainerReader (ContainerReader.java:readVolume(148)) - Start to verify containers on volume /home/runner/work/ozone/ozone/hadoop-ozone/integration-test/target/test-dir/MiniOzoneClusterImpl-71ef5771-1bca-432b-8888-38dc3c8d5d63/ozone-meta/datanode-7/data-0/hdds
2024-05-12 17:41:31,350 [93bda13b-2c91-401a-a9f5-fc4ebb9220da-ContainerReader-0] INFO  ozoneimpl.ContainerReader (ContainerReader.java:readVolume(178)) - Finish verifying containers on volume /home/runner/work/ozone/ozone/hadoop-ozone/integration-test/target/test-dir/MiniOzoneClusterImpl-71ef5771-1bca-432b-8888-38dc3c8d5d63/ozone-meta/datanode-7/data-0/hdds
2024-05-12 17:41:31,350 [93bda13b-2c91-401a-a9f5-fc4ebb9220da-EndpointStateMachineTaskThread-/0.0.0.0:15296-0 ] INFO  ozoneimpl.OzoneContainer (OzoneContainer.java:buildContainerSet(328)) - Build ContainerSet costs 0s
2024-05-12 17:41:31,350 [93bda13b-2c91-401a-a9f5-fc4ebb9220da-EndpointStateMachineTaskThread-/0.0.0.0:15296-0 ] INFO  volume.ThrottledAsyncChecker (ThrottledAsyncChecker.java:schedule(141)) - Scheduling a check for /home/runner/work/ozone/ozone/hadoop-ozone/integration-test/target/test-dir/MiniOzoneClusterImpl-71ef5771-1bca-432b-8888-38dc3c8d5d63/ozone-meta/datanode-7/data-0/hdds
2024-05-12 17:41:31,350 [93bda13b-2c91-401a-a9f5-fc4ebb9220da-EndpointStateMachineTaskThread-/0.0.0.0:15296-0 ] INFO  volume.StorageVolumeChecker (StorageVolumeChecker.java:checkAllVolumes(218)) - Scheduled health check for volume /home/runner/work/ozone/ozone/hadoop-ozone/integration-test/target/test-dir/MiniOzoneClusterImpl-71ef5771-1bca-432b-8888-38dc3c8d5d63/ozone-meta/datanode-7/data-0/hdds
2024-05-12 17:41:31,351 [93bda13b-2c91-401a-a9f5-fc4ebb9220da-EndpointStateMachineTaskThread-/0.0.0.0:15296-0 ] INFO  volume.ThrottledAsyncChecker (ThrottledAsyncChecker.java:schedule(141)) - Scheduling a check for /home/runner/work/ozone/ozone/hadoop-ozone/integration-test/target/test-dir/MiniOzoneClusterImpl-71ef5771-1bca-432b-8888-38dc3c8d5d63/ozone-meta/datanode-7/ratis
2024-05-12 17:41:31,351 [93bda13b-2c91-401a-a9f5-fc4ebb9220da-EndpointStateMachineTaskThread-/0.0.0.0:15296-0 ] INFO  volume.StorageVolumeChecker (StorageVolumeChecker.java:checkAllVolumes(218)) - Scheduled health check for volume /home/runner/work/ozone/ozone/hadoop-ozone/integration-test/target/test-dir/MiniOzoneClusterImpl-71ef5771-1bca-432b-8888-38dc3c8d5d63/ozone-meta/datanode-7/ratis
2024-05-12 17:41:31,352 [93bda13b-2c91-401a-a9f5-fc4ebb9220da-EndpointStateMachineTaskThread-/0.0.0.0:15296-0 ] INFO  ozoneimpl.OzoneContainer (OzoneContainer.java:start(459)) - Attempting to start container services.
2024-05-12 17:41:31,352 [93bda13b-2c91-401a-a9f5-fc4ebb9220da-EndpointStateMachineTaskThread-/0.0.0.0:15296-0 ] WARN  ozoneimpl.OnDemandContainerDataScanner (OnDemandContainerDataScanner.java:init(75)) - Trying to initialize on demand scanner a second time on a datanode.
2024-05-12 17:41:31,353 [ContainerMetadataScanner] INFO  ozoneimpl.AbstractBackgroundContainerScanner (AbstractBackgroundContainerScanner.java:runIteration(87)) - Completed an iteration in 0 minutes. Number of iterations (since the data-node restart) : 1, Number of containers scanned in this iteration : 0, Number of unhealthy containers found in this iteration : 0
2024-05-12 17:41:31,353 [ContainerDataScanner(/home/runner/work/ozone/ozone/hadoop-ozone/integration-test/target/test-dir/MiniOzoneClusterImpl-71ef5771-1bca-432b-8888-38dc3c8d5d63/ozone-meta/datanode-7/data-0/hdds)] INFO  ozoneimpl.AbstractBackgroundContainerScanner (AbstractBackgroundContainerScanner.java:runIteration(87)) - Completed an iteration in 0 minutes. Number of iterations (since the data-node restart) : 1, Number of containers scanned in this iteration : 0, Number of unhealthy containers found in this iteration : 0
2024-05-12 17:41:31,353 [93bda13b-2c91-401a-a9f5-fc4ebb9220da-EndpointStateMachineTaskThread-/0.0.0.0:15296-0 ] INFO  replication.ReplicationServer (ReplicationServer.java:start(142)) - ReplicationServer is started using port 15364
2024-05-12 17:41:31,353 [93bda13b-2c91-401a-a9f5-fc4ebb9220da-EndpointStateMachineTaskThread-/0.0.0.0:15296-0 ] INFO  ratis.XceiverServerRatis (XceiverServerRatis.java:start(566)) - Starting XceiverServerRatis 93bda13b-2c91-401a-a9f5-fc4ebb9220da
2024-05-12 17:41:31,353 [93bda13b-2c91-401a-a9f5-fc4ebb9220da-EndpointStateMachineTaskThread-/0.0.0.0:15296-0 ] INFO  server.RaftServer (RaftServerProxy.java:startImpl(406)) - 93bda13b-2c91-401a-a9f5-fc4ebb9220da: start RPC server
2024-05-12 17:41:31,354 [93bda13b-2c91-401a-a9f5-fc4ebb9220da-EndpointStateMachineTaskThread-/0.0.0.0:15296-0 ] INFO  server.GrpcService (GrpcService.java:startImpl(302)) - 93bda13b-2c91-401a-a9f5-fc4ebb9220da: GrpcService started, listening on 15360
2024-05-12 17:41:31,354 [93bda13b-2c91-401a-a9f5-fc4ebb9220da-EndpointStateMachineTaskThread-/0.0.0.0:15296-0 ] INFO  server.GrpcService (GrpcService.java:startImpl(302)) - 93bda13b-2c91-401a-a9f5-fc4ebb9220da: GrpcService started, listening on 15362
2024-05-12 17:41:31,354 [93bda13b-2c91-401a-a9f5-fc4ebb9220da-EndpointStateMachineTaskThread-/0.0.0.0:15296-0 ] INFO  server.GrpcService (GrpcService.java:startImpl(302)) - 93bda13b-2c91-401a-a9f5-fc4ebb9220da: GrpcService started, listening on 15361
2024-05-12 17:41:31,354 [93bda13b-2c91-401a-a9f5-fc4ebb9220da-EndpointStateMachineTaskThread-/0.0.0.0:15296-0 ] INFO  ratis.XceiverServerRatis (XceiverServerRatis.java:getRealPort(592)) - XceiverServerRatis 93bda13b-2c91-401a-a9f5-fc4ebb9220da is started using port 15360 for RATIS
2024-05-12 17:41:31,354 [93bda13b-2c91-401a-a9f5-fc4ebb9220da-EndpointStateMachineTaskThread-/0.0.0.0:15296-0 ] INFO  ratis.XceiverServerRatis (XceiverServerRatis.java:getRealPort(592)) - XceiverServerRatis 93bda13b-2c91-401a-a9f5-fc4ebb9220da is started using port 15361 for RATIS_ADMIN
2024-05-12 17:41:31,354 [93bda13b-2c91-401a-a9f5-fc4ebb9220da-EndpointStateMachineTaskThread-/0.0.0.0:15296-0 ] INFO  ratis.XceiverServerRatis (XceiverServerRatis.java:getRealPort(592)) - XceiverServerRatis 93bda13b-2c91-401a-a9f5-fc4ebb9220da is started using port 15362 for RATIS_SERVER
2024-05-12 17:41:31,355 [93bda13b-2c91-401a-a9f5-fc4ebb9220da-EndpointStateMachineTaskThread-/0.0.0.0:15296-0 ] INFO  ratis.XceiverServerRatis (XceiverServerRatis.java:getRealPort(592)) - XceiverServerRatis 93bda13b-2c91-401a-a9f5-fc4ebb9220da is started using port 15363 for RATIS_DATASTREAM
2024-05-12 17:41:31,354 [JvmPauseMonitor44] INFO  util.JvmPauseMonitor (JvmPauseMonitor.java:run(146)) - JvmPauseMonitor-93bda13b-2c91-401a-a9f5-fc4ebb9220da: Started
2024-05-12 17:41:31,355 [93bda13b-2c91-401a-a9f5-fc4ebb9220da-BlockDeletingService#0] INFO  interfaces.ContainerDeletionChoosingPolicyTemplate (ContainerDeletionChoosingPolicyTemplate.java:chooseContainerForBlockDeletion(85)) - Chosen 0/5000 blocks from 0 candidate containers.
2024-05-12 17:41:31,393 [fa054618-3a8f-49b0-93d4-5933c936b659-EndpointStateMachineTaskThread-/0.0.0.0:15296-0 ] INFO  utils.DatanodeStoreCache (DatanodeStoreCache.java:addDB(72)) - Added db /home/runner/work/ozone/ozone/hadoop-ozone/integration-test/target/test-dir/MiniOzoneClusterImpl-71ef5771-1bca-432b-8888-38dc3c8d5d63/ozone-meta/datanode-8/data-0/hdds/71ef5771-1bca-432b-8888-38dc3c8d5d63/DS-cf25e66a-8e82-4720-a9cf-cb5d7a186b89/container.db to cache
2024-05-12 17:41:31,393 [fa054618-3a8f-49b0-93d4-5933c936b659-EndpointStateMachineTaskThread-/0.0.0.0:15296-0 ] INFO  volume.HddsVolume (HddsVolume.java:createDbStore(437)) - SchemaV3 db is created and loaded at /home/runner/work/ozone/ozone/hadoop-ozone/integration-test/target/test-dir/MiniOzoneClusterImpl-71ef5771-1bca-432b-8888-38dc3c8d5d63/ozone-meta/datanode-8/data-0/hdds/71ef5771-1bca-432b-8888-38dc3c8d5d63/DS-cf25e66a-8e82-4720-a9cf-cb5d7a186b89/container.db for volume DS-cf25e66a-8e82-4720-a9cf-cb5d7a186b89
2024-05-12 17:41:31,395 [fa054618-3a8f-49b0-93d4-5933c936b659-ContainerReader-0] INFO  ozoneimpl.ContainerReader (ContainerReader.java:readVolume(148)) - Start to verify containers on volume /home/runner/work/ozone/ozone/hadoop-ozone/integration-test/target/test-dir/MiniOzoneClusterImpl-71ef5771-1bca-432b-8888-38dc3c8d5d63/ozone-meta/datanode-8/data-0/hdds
2024-05-12 17:41:31,395 [fa054618-3a8f-49b0-93d4-5933c936b659-ContainerReader-0] INFO  ozoneimpl.ContainerReader (ContainerReader.java:readVolume(178)) - Finish verifying containers on volume /home/runner/work/ozone/ozone/hadoop-ozone/integration-test/target/test-dir/MiniOzoneClusterImpl-71ef5771-1bca-432b-8888-38dc3c8d5d63/ozone-meta/datanode-8/data-0/hdds
2024-05-12 17:41:31,395 [fa054618-3a8f-49b0-93d4-5933c936b659-EndpointStateMachineTaskThread-/0.0.0.0:15296-0 ] INFO  ozoneimpl.OzoneContainer (OzoneContainer.java:buildContainerSet(328)) - Build ContainerSet costs 0s
2024-05-12 17:41:31,395 [fa054618-3a8f-49b0-93d4-5933c936b659-EndpointStateMachineTaskThread-/0.0.0.0:15296-0 ] INFO  volume.ThrottledAsyncChecker (ThrottledAsyncChecker.java:schedule(141)) - Scheduling a check for /home/runner/work/ozone/ozone/hadoop-ozone/integration-test/target/test-dir/MiniOzoneClusterImpl-71ef5771-1bca-432b-8888-38dc3c8d5d63/ozone-meta/datanode-8/data-0/hdds
2024-05-12 17:41:31,396 [fa054618-3a8f-49b0-93d4-5933c936b659-EndpointStateMachineTaskThread-/0.0.0.0:15296-0 ] INFO  volume.StorageVolumeChecker (StorageVolumeChecker.java:checkAllVolumes(218)) - Scheduled health check for volume /home/runner/work/ozone/ozone/hadoop-ozone/integration-test/target/test-dir/MiniOzoneClusterImpl-71ef5771-1bca-432b-8888-38dc3c8d5d63/ozone-meta/datanode-8/data-0/hdds
2024-05-12 17:41:31,397 [fa054618-3a8f-49b0-93d4-5933c936b659-EndpointStateMachineTaskThread-/0.0.0.0:15296-0 ] INFO  volume.ThrottledAsyncChecker (ThrottledAsyncChecker.java:schedule(141)) - Scheduling a check for /home/runner/work/ozone/ozone/hadoop-ozone/integration-test/target/test-dir/MiniOzoneClusterImpl-71ef5771-1bca-432b-8888-38dc3c8d5d63/ozone-meta/datanode-8/ratis
2024-05-12 17:41:31,397 [fa054618-3a8f-49b0-93d4-5933c936b659-EndpointStateMachineTaskThread-/0.0.0.0:15296-0 ] INFO  volume.StorageVolumeChecker (StorageVolumeChecker.java:checkAllVolumes(218)) - Scheduled health check for volume /home/runner/work/ozone/ozone/hadoop-ozone/integration-test/target/test-dir/MiniOzoneClusterImpl-71ef5771-1bca-432b-8888-38dc3c8d5d63/ozone-meta/datanode-8/ratis
2024-05-12 17:41:31,397 [fa054618-3a8f-49b0-93d4-5933c936b659-EndpointStateMachineTaskThread-/0.0.0.0:15296-0 ] INFO  ozoneimpl.OzoneContainer (OzoneContainer.java:start(459)) - Attempting to start container services.
2024-05-12 17:41:31,398 [fa054618-3a8f-49b0-93d4-5933c936b659-EndpointStateMachineTaskThread-/0.0.0.0:15296-0 ] WARN  ozoneimpl.OnDemandContainerDataScanner (OnDemandContainerDataScanner.java:init(75)) - Trying to initialize on demand scanner a second time on a datanode.
2024-05-12 17:41:31,398 [ContainerMetadataScanner] INFO  ozoneimpl.AbstractBackgroundContainerScanner (AbstractBackgroundContainerScanner.java:runIteration(87)) - Completed an iteration in 0 minutes. Number of iterations (since the data-node restart) : 1, Number of containers scanned in this iteration : 0, Number of unhealthy containers found in this iteration : 0
2024-05-12 17:41:31,398 [ContainerDataScanner(/home/runner/work/ozone/ozone/hadoop-ozone/integration-test/target/test-dir/MiniOzoneClusterImpl-71ef5771-1bca-432b-8888-38dc3c8d5d63/ozone-meta/datanode-8/data-0/hdds)] INFO  ozoneimpl.AbstractBackgroundContainerScanner (AbstractBackgroundContainerScanner.java:runIteration(87)) - Completed an iteration in 0 minutes. Number of iterations (since the data-node restart) : 1, Number of containers scanned in this iteration : 0, Number of unhealthy containers found in this iteration : 0
2024-05-12 17:41:31,398 [fa054618-3a8f-49b0-93d4-5933c936b659-EndpointStateMachineTaskThread-/0.0.0.0:15296-0 ] INFO  replication.ReplicationServer (ReplicationServer.java:start(142)) - ReplicationServer is started using port 15373
2024-05-12 17:41:31,398 [fa054618-3a8f-49b0-93d4-5933c936b659-EndpointStateMachineTaskThread-/0.0.0.0:15296-0 ] INFO  ratis.XceiverServerRatis (XceiverServerRatis.java:start(566)) - Starting XceiverServerRatis fa054618-3a8f-49b0-93d4-5933c936b659
2024-05-12 17:41:31,399 [fa054618-3a8f-49b0-93d4-5933c936b659-EndpointStateMachineTaskThread-/0.0.0.0:15296-0 ] INFO  server.RaftServer (RaftServerProxy.java:startImpl(406)) - fa054618-3a8f-49b0-93d4-5933c936b659: start RPC server
2024-05-12 17:41:31,400 [fa054618-3a8f-49b0-93d4-5933c936b659-EndpointStateMachineTaskThread-/0.0.0.0:15296-0 ] INFO  server.GrpcService (GrpcService.java:startImpl(302)) - fa054618-3a8f-49b0-93d4-5933c936b659: GrpcService started, listening on 15369
2024-05-12 17:41:31,400 [fa054618-3a8f-49b0-93d4-5933c936b659-EndpointStateMachineTaskThread-/0.0.0.0:15296-0 ] INFO  server.GrpcService (GrpcService.java:startImpl(302)) - fa054618-3a8f-49b0-93d4-5933c936b659: GrpcService started, listening on 15371
2024-05-12 17:41:31,400 [fa054618-3a8f-49b0-93d4-5933c936b659-EndpointStateMachineTaskThread-/0.0.0.0:15296-0 ] INFO  server.GrpcService (GrpcService.java:startImpl(302)) - fa054618-3a8f-49b0-93d4-5933c936b659: GrpcService started, listening on 15370
2024-05-12 17:41:31,400 [fa054618-3a8f-49b0-93d4-5933c936b659-EndpointStateMachineTaskThread-/0.0.0.0:15296-0 ] INFO  ratis.XceiverServerRatis (XceiverServerRatis.java:getRealPort(592)) - XceiverServerRatis fa054618-3a8f-49b0-93d4-5933c936b659 is started using port 15369 for RATIS
2024-05-12 17:41:31,400 [JvmPauseMonitor45] INFO  util.JvmPauseMonitor (JvmPauseMonitor.java:run(146)) - JvmPauseMonitor-fa054618-3a8f-49b0-93d4-5933c936b659: Started
2024-05-12 17:41:31,400 [fa054618-3a8f-49b0-93d4-5933c936b659-EndpointStateMachineTaskThread-/0.0.0.0:15296-0 ] INFO  ratis.XceiverServerRatis (XceiverServerRatis.java:getRealPort(592)) - XceiverServerRatis fa054618-3a8f-49b0-93d4-5933c936b659 is started using port 15370 for RATIS_ADMIN
2024-05-12 17:41:31,400 [fa054618-3a8f-49b0-93d4-5933c936b659-EndpointStateMachineTaskThread-/0.0.0.0:15296-0 ] INFO  ratis.XceiverServerRatis (XceiverServerRatis.java:getRealPort(592)) - XceiverServerRatis fa054618-3a8f-49b0-93d4-5933c936b659 is started using port 15371 for RATIS_SERVER
2024-05-12 17:41:31,400 [fa054618-3a8f-49b0-93d4-5933c936b659-EndpointStateMachineTaskThread-/0.0.0.0:15296-0 ] INFO  ratis.XceiverServerRatis (XceiverServerRatis.java:getRealPort(592)) - XceiverServerRatis fa054618-3a8f-49b0-93d4-5933c936b659 is started using port 15372 for RATIS_DATASTREAM
2024-05-12 17:41:31,401 [fa054618-3a8f-49b0-93d4-5933c936b659-BlockDeletingService#0] INFO  interfaces.ContainerDeletionChoosingPolicyTemplate (ContainerDeletionChoosingPolicyTemplate.java:chooseContainerForBlockDeletion(85)) - Chosen 0/5000 blocks from 0 candidate containers.
2024-05-12 17:41:31,447 [a0742c66-ae9f-48ce-9181-086e540b3b62-EndpointStateMachineTaskThread-/0.0.0.0:15296-0 ] INFO  utils.DatanodeStoreCache (DatanodeStoreCache.java:addDB(72)) - Added db /home/runner/work/ozone/ozone/hadoop-ozone/integration-test/target/test-dir/MiniOzoneClusterImpl-71ef5771-1bca-432b-8888-38dc3c8d5d63/ozone-meta/datanode-9/data-0/hdds/71ef5771-1bca-432b-8888-38dc3c8d5d63/DS-c8a9aa30-8482-4ebe-a8c4-d8cb9066296b/container.db to cache
2024-05-12 17:41:31,447 [a0742c66-ae9f-48ce-9181-086e540b3b62-EndpointStateMachineTaskThread-/0.0.0.0:15296-0 ] INFO  volume.HddsVolume (HddsVolume.java:createDbStore(437)) - SchemaV3 db is created and loaded at /home/runner/work/ozone/ozone/hadoop-ozone/integration-test/target/test-dir/MiniOzoneClusterImpl-71ef5771-1bca-432b-8888-38dc3c8d5d63/ozone-meta/datanode-9/data-0/hdds/71ef5771-1bca-432b-8888-38dc3c8d5d63/DS-c8a9aa30-8482-4ebe-a8c4-d8cb9066296b/container.db for volume DS-c8a9aa30-8482-4ebe-a8c4-d8cb9066296b
2024-05-12 17:41:31,449 [a0742c66-ae9f-48ce-9181-086e540b3b62-ContainerReader-0] INFO  ozoneimpl.ContainerReader (ContainerReader.java:readVolume(148)) - Start to verify containers on volume /home/runner/work/ozone/ozone/hadoop-ozone/integration-test/target/test-dir/MiniOzoneClusterImpl-71ef5771-1bca-432b-8888-38dc3c8d5d63/ozone-meta/datanode-9/data-0/hdds
2024-05-12 17:41:31,449 [a0742c66-ae9f-48ce-9181-086e540b3b62-ContainerReader-0] INFO  ozoneimpl.ContainerReader (ContainerReader.java:readVolume(178)) - Finish verifying containers on volume /home/runner/work/ozone/ozone/hadoop-ozone/integration-test/target/test-dir/MiniOzoneClusterImpl-71ef5771-1bca-432b-8888-38dc3c8d5d63/ozone-meta/datanode-9/data-0/hdds
2024-05-12 17:41:31,449 [a0742c66-ae9f-48ce-9181-086e540b3b62-EndpointStateMachineTaskThread-/0.0.0.0:15296-0 ] INFO  ozoneimpl.OzoneContainer (OzoneContainer.java:buildContainerSet(328)) - Build ContainerSet costs 0s
2024-05-12 17:41:31,449 [a0742c66-ae9f-48ce-9181-086e540b3b62-EndpointStateMachineTaskThread-/0.0.0.0:15296-0 ] INFO  volume.ThrottledAsyncChecker (ThrottledAsyncChecker.java:schedule(141)) - Scheduling a check for /home/runner/work/ozone/ozone/hadoop-ozone/integration-test/target/test-dir/MiniOzoneClusterImpl-71ef5771-1bca-432b-8888-38dc3c8d5d63/ozone-meta/datanode-9/data-0/hdds
2024-05-12 17:41:31,450 [a0742c66-ae9f-48ce-9181-086e540b3b62-EndpointStateMachineTaskThread-/0.0.0.0:15296-0 ] INFO  volume.StorageVolumeChecker (StorageVolumeChecker.java:checkAllVolumes(218)) - Scheduled health check for volume /home/runner/work/ozone/ozone/hadoop-ozone/integration-test/target/test-dir/MiniOzoneClusterImpl-71ef5771-1bca-432b-8888-38dc3c8d5d63/ozone-meta/datanode-9/data-0/hdds
2024-05-12 17:41:31,451 [a0742c66-ae9f-48ce-9181-086e540b3b62-EndpointStateMachineTaskThread-/0.0.0.0:15296-0 ] INFO  volume.ThrottledAsyncChecker (ThrottledAsyncChecker.java:schedule(141)) - Scheduling a check for /home/runner/work/ozone/ozone/hadoop-ozone/integration-test/target/test-dir/MiniOzoneClusterImpl-71ef5771-1bca-432b-8888-38dc3c8d5d63/ozone-meta/datanode-9/ratis
2024-05-12 17:41:31,451 [a0742c66-ae9f-48ce-9181-086e540b3b62-EndpointStateMachineTaskThread-/0.0.0.0:15296-0 ] INFO  volume.StorageVolumeChecker (StorageVolumeChecker.java:checkAllVolumes(218)) - Scheduled health check for volume /home/runner/work/ozone/ozone/hadoop-ozone/integration-test/target/test-dir/MiniOzoneClusterImpl-71ef5771-1bca-432b-8888-38dc3c8d5d63/ozone-meta/datanode-9/ratis
2024-05-12 17:41:31,451 [a0742c66-ae9f-48ce-9181-086e540b3b62-EndpointStateMachineTaskThread-/0.0.0.0:15296-0 ] INFO  ozoneimpl.OzoneContainer (OzoneContainer.java:start(459)) - Attempting to start container services.
2024-05-12 17:41:31,452 [a0742c66-ae9f-48ce-9181-086e540b3b62-EndpointStateMachineTaskThread-/0.0.0.0:15296-0 ] WARN  ozoneimpl.OnDemandContainerDataScanner (OnDemandContainerDataScanner.java:init(75)) - Trying to initialize on demand scanner a second time on a datanode.
2024-05-12 17:41:31,452 [ContainerMetadataScanner] INFO  ozoneimpl.AbstractBackgroundContainerScanner (AbstractBackgroundContainerScanner.java:runIteration(87)) - Completed an iteration in 0 minutes. Number of iterations (since the data-node restart) : 1, Number of containers scanned in this iteration : 0, Number of unhealthy containers found in this iteration : 0
2024-05-12 17:41:31,452 [ContainerDataScanner(/home/runner/work/ozone/ozone/hadoop-ozone/integration-test/target/test-dir/MiniOzoneClusterImpl-71ef5771-1bca-432b-8888-38dc3c8d5d63/ozone-meta/datanode-9/data-0/hdds)] INFO  ozoneimpl.AbstractBackgroundContainerScanner (AbstractBackgroundContainerScanner.java:runIteration(87)) - Completed an iteration in 0 minutes. Number of iterations (since the data-node restart) : 1, Number of containers scanned in this iteration : 0, Number of unhealthy containers found in this iteration : 0
2024-05-12 17:41:31,452 [a0742c66-ae9f-48ce-9181-086e540b3b62-EndpointStateMachineTaskThread-/0.0.0.0:15296-0 ] INFO  replication.ReplicationServer (ReplicationServer.java:start(142)) - ReplicationServer is started using port 15382
2024-05-12 17:41:31,452 [a0742c66-ae9f-48ce-9181-086e540b3b62-EndpointStateMachineTaskThread-/0.0.0.0:15296-0 ] INFO  ratis.XceiverServerRatis (XceiverServerRatis.java:start(566)) - Starting XceiverServerRatis a0742c66-ae9f-48ce-9181-086e540b3b62
2024-05-12 17:41:31,453 [a0742c66-ae9f-48ce-9181-086e540b3b62-EndpointStateMachineTaskThread-/0.0.0.0:15296-0 ] INFO  server.RaftServer (RaftServerProxy.java:startImpl(406)) - a0742c66-ae9f-48ce-9181-086e540b3b62: start RPC server
2024-05-12 17:41:31,453 [a0742c66-ae9f-48ce-9181-086e540b3b62-EndpointStateMachineTaskThread-/0.0.0.0:15296-0 ] INFO  server.GrpcService (GrpcService.java:startImpl(302)) - a0742c66-ae9f-48ce-9181-086e540b3b62: GrpcService started, listening on 15378
2024-05-12 17:41:31,453 [a0742c66-ae9f-48ce-9181-086e540b3b62-EndpointStateMachineTaskThread-/0.0.0.0:15296-0 ] INFO  server.GrpcService (GrpcService.java:startImpl(302)) - a0742c66-ae9f-48ce-9181-086e540b3b62: GrpcService started, listening on 15380
2024-05-12 17:41:31,453 [a0742c66-ae9f-48ce-9181-086e540b3b62-EndpointStateMachineTaskThread-/0.0.0.0:15296-0 ] INFO  server.GrpcService (GrpcService.java:startImpl(302)) - a0742c66-ae9f-48ce-9181-086e540b3b62: GrpcService started, listening on 15379
2024-05-12 17:41:31,454 [a0742c66-ae9f-48ce-9181-086e540b3b62-EndpointStateMachineTaskThread-/0.0.0.0:15296-0 ] INFO  ratis.XceiverServerRatis (XceiverServerRatis.java:getRealPort(592)) - XceiverServerRatis a0742c66-ae9f-48ce-9181-086e540b3b62 is started using port 15378 for RATIS
2024-05-12 17:41:31,454 [JvmPauseMonitor46] INFO  util.JvmPauseMonitor (JvmPauseMonitor.java:run(146)) - JvmPauseMonitor-a0742c66-ae9f-48ce-9181-086e540b3b62: Started
2024-05-12 17:41:31,454 [a0742c66-ae9f-48ce-9181-086e540b3b62-EndpointStateMachineTaskThread-/0.0.0.0:15296-0 ] INFO  ratis.XceiverServerRatis (XceiverServerRatis.java:getRealPort(592)) - XceiverServerRatis a0742c66-ae9f-48ce-9181-086e540b3b62 is started using port 15379 for RATIS_ADMIN
2024-05-12 17:41:31,454 [a0742c66-ae9f-48ce-9181-086e540b3b62-EndpointStateMachineTaskThread-/0.0.0.0:15296-0 ] INFO  ratis.XceiverServerRatis (XceiverServerRatis.java:getRealPort(592)) - XceiverServerRatis a0742c66-ae9f-48ce-9181-086e540b3b62 is started using port 15380 for RATIS_SERVER
2024-05-12 17:41:31,454 [a0742c66-ae9f-48ce-9181-086e540b3b62-EndpointStateMachineTaskThread-/0.0.0.0:15296-0 ] INFO  ratis.XceiverServerRatis (XceiverServerRatis.java:getRealPort(592)) - XceiverServerRatis a0742c66-ae9f-48ce-9181-086e540b3b62 is started using port 15381 for RATIS_DATASTREAM
2024-05-12 17:41:31,454 [a0742c66-ae9f-48ce-9181-086e540b3b62-BlockDeletingService#0] INFO  interfaces.ContainerDeletionChoosingPolicyTemplate (ContainerDeletionChoosingPolicyTemplate.java:chooseContainerForBlockDeletion(85)) - Chosen 0/5000 blocks from 0 candidate containers.
2024-05-12 17:41:31,466 [main] INFO  ozone.MiniOzoneClusterImpl (MiniOzoneClusterImpl.java:lambda$waitForClusterToBeReady$0(194)) - Waiting for nodes to be ready. Got 0 of 10 DN Heartbeats.
2024-05-12 17:41:31,466 [main] INFO  ozone.MiniOzoneClusterImpl (MiniOzoneClusterImpl.java:lambda$waitForClusterToBeReady$0(197)) - Waiting for cluster to exit safe mode
2024-05-12 17:41:31,466 [main] INFO  ozone.MiniOzoneClusterImpl (MiniOzoneClusterImpl.java:lambda$waitForClusterToBeReady$0(199)) - SCM became leader
2024-05-12 17:41:31,491 [a33fd443-9c01-43ff-9618-b7376da7e75d-EndpointStateMachineTaskThread-/0.0.0.0:15296-0 ] INFO  utils.DatanodeStoreCache (DatanodeStoreCache.java:addDB(72)) - Added db /home/runner/work/ozone/ozone/hadoop-ozone/integration-test/target/test-dir/MiniOzoneClusterImpl-71ef5771-1bca-432b-8888-38dc3c8d5d63/ozone-meta/datanode-10/data-0/hdds/71ef5771-1bca-432b-8888-38dc3c8d5d63/DS-521af26a-43fe-470d-a4f0-2cdb7e20903c/container.db to cache
2024-05-12 17:41:31,492 [a33fd443-9c01-43ff-9618-b7376da7e75d-EndpointStateMachineTaskThread-/0.0.0.0:15296-0 ] INFO  volume.HddsVolume (HddsVolume.java:createDbStore(437)) - SchemaV3 db is created and loaded at /home/runner/work/ozone/ozone/hadoop-ozone/integration-test/target/test-dir/MiniOzoneClusterImpl-71ef5771-1bca-432b-8888-38dc3c8d5d63/ozone-meta/datanode-10/data-0/hdds/71ef5771-1bca-432b-8888-38dc3c8d5d63/DS-521af26a-43fe-470d-a4f0-2cdb7e20903c/container.db for volume DS-521af26a-43fe-470d-a4f0-2cdb7e20903c
2024-05-12 17:41:31,493 [a33fd443-9c01-43ff-9618-b7376da7e75d-ContainerReader-0] INFO  ozoneimpl.ContainerReader (ContainerReader.java:readVolume(148)) - Start to verify containers on volume /home/runner/work/ozone/ozone/hadoop-ozone/integration-test/target/test-dir/MiniOzoneClusterImpl-71ef5771-1bca-432b-8888-38dc3c8d5d63/ozone-meta/datanode-10/data-0/hdds
2024-05-12 17:41:31,493 [a33fd443-9c01-43ff-9618-b7376da7e75d-ContainerReader-0] INFO  ozoneimpl.ContainerReader (ContainerReader.java:readVolume(178)) - Finish verifying containers on volume /home/runner/work/ozone/ozone/hadoop-ozone/integration-test/target/test-dir/MiniOzoneClusterImpl-71ef5771-1bca-432b-8888-38dc3c8d5d63/ozone-meta/datanode-10/data-0/hdds
2024-05-12 17:41:31,493 [a33fd443-9c01-43ff-9618-b7376da7e75d-EndpointStateMachineTaskThread-/0.0.0.0:15296-0 ] INFO  ozoneimpl.OzoneContainer (OzoneContainer.java:buildContainerSet(328)) - Build ContainerSet costs 0s
2024-05-12 17:41:31,493 [a33fd443-9c01-43ff-9618-b7376da7e75d-EndpointStateMachineTaskThread-/0.0.0.0:15296-0 ] INFO  volume.ThrottledAsyncChecker (ThrottledAsyncChecker.java:schedule(141)) - Scheduling a check for /home/runner/work/ozone/ozone/hadoop-ozone/integration-test/target/test-dir/MiniOzoneClusterImpl-71ef5771-1bca-432b-8888-38dc3c8d5d63/ozone-meta/datanode-10/data-0/hdds
2024-05-12 17:41:31,494 [a33fd443-9c01-43ff-9618-b7376da7e75d-EndpointStateMachineTaskThread-/0.0.0.0:15296-0 ] INFO  volume.StorageVolumeChecker (StorageVolumeChecker.java:checkAllVolumes(218)) - Scheduled health check for volume /home/runner/work/ozone/ozone/hadoop-ozone/integration-test/target/test-dir/MiniOzoneClusterImpl-71ef5771-1bca-432b-8888-38dc3c8d5d63/ozone-meta/datanode-10/data-0/hdds
2024-05-12 17:41:31,495 [a33fd443-9c01-43ff-9618-b7376da7e75d-EndpointStateMachineTaskThread-/0.0.0.0:15296-0 ] INFO  volume.ThrottledAsyncChecker (ThrottledAsyncChecker.java:schedule(141)) - Scheduling a check for /home/runner/work/ozone/ozone/hadoop-ozone/integration-test/target/test-dir/MiniOzoneClusterImpl-71ef5771-1bca-432b-8888-38dc3c8d5d63/ozone-meta/datanode-10/ratis
2024-05-12 17:41:31,495 [a33fd443-9c01-43ff-9618-b7376da7e75d-EndpointStateMachineTaskThread-/0.0.0.0:15296-0 ] INFO  volume.StorageVolumeChecker (StorageVolumeChecker.java:checkAllVolumes(218)) - Scheduled health check for volume /home/runner/work/ozone/ozone/hadoop-ozone/integration-test/target/test-dir/MiniOzoneClusterImpl-71ef5771-1bca-432b-8888-38dc3c8d5d63/ozone-meta/datanode-10/ratis
2024-05-12 17:41:31,496 [a33fd443-9c01-43ff-9618-b7376da7e75d-EndpointStateMachineTaskThread-/0.0.0.0:15296-0 ] INFO  ozoneimpl.OzoneContainer (OzoneContainer.java:start(459)) - Attempting to start container services.
2024-05-12 17:41:31,496 [a33fd443-9c01-43ff-9618-b7376da7e75d-EndpointStateMachineTaskThread-/0.0.0.0:15296-0 ] WARN  ozoneimpl.OnDemandContainerDataScanner (OnDemandContainerDataScanner.java:init(75)) - Trying to initialize on demand scanner a second time on a datanode.
2024-05-12 17:41:31,496 [ContainerMetadataScanner] INFO  ozoneimpl.AbstractBackgroundContainerScanner (AbstractBackgroundContainerScanner.java:runIteration(87)) - Completed an iteration in 0 minutes. Number of iterations (since the data-node restart) : 1, Number of containers scanned in this iteration : 0, Number of unhealthy containers found in this iteration : 0
2024-05-12 17:41:31,497 [ContainerDataScanner(/home/runner/work/ozone/ozone/hadoop-ozone/integration-test/target/test-dir/MiniOzoneClusterImpl-71ef5771-1bca-432b-8888-38dc3c8d5d63/ozone-meta/datanode-10/data-0/hdds)] INFO  ozoneimpl.AbstractBackgroundContainerScanner (AbstractBackgroundContainerScanner.java:runIteration(87)) - Completed an iteration in 0 minutes. Number of iterations (since the data-node restart) : 1, Number of containers scanned in this iteration : 0, Number of unhealthy containers found in this iteration : 0
2024-05-12 17:41:31,497 [a33fd443-9c01-43ff-9618-b7376da7e75d-EndpointStateMachineTaskThread-/0.0.0.0:15296-0 ] INFO  replication.ReplicationServer (ReplicationServer.java:start(142)) - ReplicationServer is started using port 15391
2024-05-12 17:41:31,497 [a33fd443-9c01-43ff-9618-b7376da7e75d-EndpointStateMachineTaskThread-/0.0.0.0:15296-0 ] INFO  ratis.XceiverServerRatis (XceiverServerRatis.java:start(566)) - Starting XceiverServerRatis a33fd443-9c01-43ff-9618-b7376da7e75d
2024-05-12 17:41:31,497 [a33fd443-9c01-43ff-9618-b7376da7e75d-EndpointStateMachineTaskThread-/0.0.0.0:15296-0 ] INFO  server.RaftServer (RaftServerProxy.java:startImpl(406)) - a33fd443-9c01-43ff-9618-b7376da7e75d: start RPC server
2024-05-12 17:41:31,497 [a33fd443-9c01-43ff-9618-b7376da7e75d-EndpointStateMachineTaskThread-/0.0.0.0:15296-0 ] INFO  server.GrpcService (GrpcService.java:startImpl(302)) - a33fd443-9c01-43ff-9618-b7376da7e75d: GrpcService started, listening on 15387
2024-05-12 17:41:31,498 [a33fd443-9c01-43ff-9618-b7376da7e75d-EndpointStateMachineTaskThread-/0.0.0.0:15296-0 ] INFO  server.GrpcService (GrpcService.java:startImpl(302)) - a33fd443-9c01-43ff-9618-b7376da7e75d: GrpcService started, listening on 15389
2024-05-12 17:41:31,498 [a33fd443-9c01-43ff-9618-b7376da7e75d-EndpointStateMachineTaskThread-/0.0.0.0:15296-0 ] INFO  server.GrpcService (GrpcService.java:startImpl(302)) - a33fd443-9c01-43ff-9618-b7376da7e75d: GrpcService started, listening on 15388
2024-05-12 17:41:31,498 [a33fd443-9c01-43ff-9618-b7376da7e75d-EndpointStateMachineTaskThread-/0.0.0.0:15296-0 ] INFO  ratis.XceiverServerRatis (XceiverServerRatis.java:getRealPort(592)) - XceiverServerRatis a33fd443-9c01-43ff-9618-b7376da7e75d is started using port 15387 for RATIS
2024-05-12 17:41:31,498 [a33fd443-9c01-43ff-9618-b7376da7e75d-EndpointStateMachineTaskThread-/0.0.0.0:15296-0 ] INFO  ratis.XceiverServerRatis (XceiverServerRatis.java:getRealPort(592)) - XceiverServerRatis a33fd443-9c01-43ff-9618-b7376da7e75d is started using port 15388 for RATIS_ADMIN
2024-05-12 17:41:31,498 [a33fd443-9c01-43ff-9618-b7376da7e75d-EndpointStateMachineTaskThread-/0.0.0.0:15296-0 ] INFO  ratis.XceiverServerRatis (XceiverServerRatis.java:getRealPort(592)) - XceiverServerRatis a33fd443-9c01-43ff-9618-b7376da7e75d is started using port 15389 for RATIS_SERVER
2024-05-12 17:41:31,498 [a33fd443-9c01-43ff-9618-b7376da7e75d-EndpointStateMachineTaskThread-/0.0.0.0:15296-0 ] INFO  ratis.XceiverServerRatis (XceiverServerRatis.java:getRealPort(592)) - XceiverServerRatis a33fd443-9c01-43ff-9618-b7376da7e75d is started using port 15390 for RATIS_DATASTREAM
2024-05-12 17:41:31,498 [JvmPauseMonitor47] INFO  util.JvmPauseMonitor (JvmPauseMonitor.java:run(146)) - JvmPauseMonitor-a33fd443-9c01-43ff-9618-b7376da7e75d: Started
2024-05-12 17:41:31,499 [a33fd443-9c01-43ff-9618-b7376da7e75d-BlockDeletingService#0] INFO  interfaces.ContainerDeletionChoosingPolicyTemplate (ContainerDeletionChoosingPolicyTemplate.java:chooseContainerForBlockDeletion(85)) - Chosen 0/5000 blocks from 0 candidate containers.
2024-05-12 17:41:32,466 [main] INFO  ozone.MiniOzoneClusterImpl (MiniOzoneClusterImpl.java:lambda$waitForClusterToBeReady$0(194)) - Waiting for nodes to be ready. Got 0 of 10 DN Heartbeats.
2024-05-12 17:41:32,467 [main] INFO  ozone.MiniOzoneClusterImpl (MiniOzoneClusterImpl.java:lambda$waitForClusterToBeReady$0(197)) - Waiting for cluster to exit safe mode
2024-05-12 17:41:32,467 [main] INFO  ozone.MiniOzoneClusterImpl (MiniOzoneClusterImpl.java:lambda$waitForClusterToBeReady$0(199)) - SCM became leader
2024-05-12 17:41:32,996 [IPC Server handler 1 on default port 15296] INFO  net.NetworkTopologyImpl (NetworkTopologyImpl.java:add(134)) - Added a new node: /default-rack/d0e7fafe-f667-41fb-a16a-ecd1bcb446b6
2024-05-12 17:41:32,997 [IPC Server handler 1 on default port 15296] INFO  node.SCMNodeManager (SCMNodeManager.java:register(421)) - Registered datanode: d0e7fafe-f667-41fb-a16a-ecd1bcb446b6{ip: 127.0.0.1, host: localhost, ports: [HTTP=15303, CLIENT_RPC=15304, REPLICATION=15310, RATIS=15306, RATIS_ADMIN=15307, RATIS_SERVER=15308, RATIS_DATASTREAM=15309, STANDALONE=15305], networkLocation: /default-rack, certSerialId: null, persistedOpState: null, persistedOpStateExpiryEpochSec: 0}
2024-05-12 17:41:32,997 [EventQueue-NewNodeForNewNodeHandler] INFO  pipeline.BackgroundPipelineCreator (BackgroundPipelineCreator.java:notifyEventTriggered(280)) - trigger a one-shot run on RatisPipelineUtilsThread.
2024-05-12 17:41:32,997 [EventQueue-NodeRegistrationContainerReportForContainerSafeModeRule] INFO  safemode.SCMSafeModeManager (SCMSafeModeManager.java:validateSafeModeExitRules(203)) - ContainerSafeModeRule rule is successfully validated
2024-05-12 17:41:32,998 [EventQueue-PipelineReportForOneReplicaPipelineSafeModeRule] INFO  safemode.SCMSafeModeManager (SCMSafeModeManager.java:validateSafeModeExitRules(203)) - AtleastOneDatanodeReportedRule rule is successfully validated
2024-05-12 17:41:32,998 [EventQueue-NodeRegistrationContainerReportForDataNodeSafeModeRule] INFO  safemode.SCMSafeModeManager (DataNodeSafeModeRule.java:process(71)) - SCM in safe mode. 1 DataNodes registered, 3 required.
2024-05-12 17:41:32,998 [RatisPipelineUtilsThread-0] INFO  pipeline.RatisPipelineProvider (RatisPipelineProvider.java:lambda$create$0(205)) - Sending CreatePipelineCommand for pipeline:PipelineID=0b97aa93-468b-43a6-94e7-bee6372a0ee9 to datanode:d0e7fafe-f667-41fb-a16a-ecd1bcb446b6
2024-05-12 17:41:32,999 [RatisPipelineUtilsThread-0] INFO  pipeline.BackgroundPipelineCreator (BackgroundPipelineCreator.java:createPipelines(236)) - Created new pipeline Pipeline[ Id: 0b97aa93-468b-43a6-94e7-bee6372a0ee9, Nodes: d0e7fafe-f667-41fb-a16a-ecd1bcb446b6(localhost/127.0.0.1), ReplicationConfig: RATIS/ONE, State:ALLOCATED, leaderId:, CreationTimestamp2024-05-12T17:41:32.998662973Z[Etc/UTC]]
2024-05-12 17:41:33,059 [IPC Server handler 2 on default port 15296] INFO  net.NetworkTopologyImpl (NetworkTopologyImpl.java:add(134)) - Added a new node: /default-rack/b7336ce2-a724-4c4a-8025-d323d27fa237
2024-05-12 17:41:33,060 [IPC Server handler 2 on default port 15296] INFO  node.SCMNodeManager (SCMNodeManager.java:register(421)) - Registered datanode: b7336ce2-a724-4c4a-8025-d323d27fa237{ip: 127.0.0.1, host: localhost, ports: [HTTP=15312, CLIENT_RPC=15313, REPLICATION=15319, RATIS=15315, RATIS_ADMIN=15316, RATIS_SERVER=15317, RATIS_DATASTREAM=15318, STANDALONE=15314], networkLocation: /default-rack, certSerialId: null, persistedOpState: null, persistedOpStateExpiryEpochSec: 0}
2024-05-12 17:41:33,060 [EventQueue-NewNodeForNewNodeHandler] INFO  pipeline.BackgroundPipelineCreator (BackgroundPipelineCreator.java:notifyEventTriggered(280)) - trigger a one-shot run on RatisPipelineUtilsThread.
2024-05-12 17:41:33,060 [EventQueue-NodeRegistrationContainerReportForDataNodeSafeModeRule] INFO  safemode.SCMSafeModeManager (DataNodeSafeModeRule.java:process(71)) - SCM in safe mode. 2 DataNodes registered, 3 required.
2024-05-12 17:41:33,060 [RatisPipelineUtilsThread-0] INFO  pipeline.RatisPipelineProvider (RatisPipelineProvider.java:lambda$create$0(205)) - Sending CreatePipelineCommand for pipeline:PipelineID=1765979a-c33e-4f42-a6c9-4ddfb6160da4 to datanode:b7336ce2-a724-4c4a-8025-d323d27fa237
2024-05-12 17:41:33,061 [RatisPipelineUtilsThread-0] INFO  pipeline.BackgroundPipelineCreator (BackgroundPipelineCreator.java:createPipelines(236)) - Created new pipeline Pipeline[ Id: 1765979a-c33e-4f42-a6c9-4ddfb6160da4, Nodes: b7336ce2-a724-4c4a-8025-d323d27fa237(localhost/127.0.0.1), ReplicationConfig: RATIS/ONE, State:ALLOCATED, leaderId:, CreationTimestamp2024-05-12T17:41:33.060633308Z[Etc/UTC]]
2024-05-12 17:41:33,107 [IPC Server handler 4 on default port 15296] INFO  net.NetworkTopologyImpl (NetworkTopologyImpl.java:add(134)) - Added a new node: /default-rack/89a6d998-d419-473a-a6ed-8243f7f30d05
2024-05-12 17:41:33,108 [IPC Server handler 4 on default port 15296] INFO  node.SCMNodeManager (SCMNodeManager.java:register(421)) - Registered datanode: 89a6d998-d419-473a-a6ed-8243f7f30d05{ip: 127.0.0.1, host: localhost, ports: [HTTP=15321, CLIENT_RPC=15322, REPLICATION=15328, RATIS=15324, RATIS_ADMIN=15325, RATIS_SERVER=15326, RATIS_DATASTREAM=15327, STANDALONE=15323], networkLocation: /default-rack, certSerialId: null, persistedOpState: null, persistedOpStateExpiryEpochSec: 0}
2024-05-12 17:41:33,108 [EventQueue-NewNodeForNewNodeHandler] INFO  pipeline.BackgroundPipelineCreator (BackgroundPipelineCreator.java:notifyEventTriggered(280)) - trigger a one-shot run on RatisPipelineUtilsThread.
2024-05-12 17:41:33,108 [EventQueue-NodeRegistrationContainerReportForDataNodeSafeModeRule] INFO  safemode.SCMSafeModeManager (DataNodeSafeModeRule.java:process(71)) - SCM in safe mode. 3 DataNodes registered, 3 required.
2024-05-12 17:41:33,108 [EventQueue-NodeRegistrationContainerReportForDataNodeSafeModeRule] INFO  safemode.SCMSafeModeManager (SCMSafeModeManager.java:validateSafeModeExitRules(203)) - DataNodeSafeModeRule rule is successfully validated
2024-05-12 17:41:33,108 [EventQueue-NodeRegistrationContainerReportForDataNodeSafeModeRule] INFO  safemode.SCMSafeModeManager (SCMSafeModeManager.java:completePreCheck(232)) - All SCM safe mode pre check rules have passed
2024-05-12 17:41:33,108 [EventQueue-NodeRegistrationContainerReportForDataNodeSafeModeRule] INFO  ha.SCMContext (SCMContext.java:updateSafeModeStatus(225)) - Update SafeModeStatus from SafeModeStatus{safeModeStatus=true, preCheckPassed=false} to SafeModeStatus{safeModeStatus=true, preCheckPassed=true}.
2024-05-12 17:41:33,108 [EventQueue-NodeRegistrationContainerReportForDataNodeSafeModeRule] INFO  pipeline.BackgroundPipelineCreator (BackgroundPipelineCreator.java:notifyEventTriggered(280)) - trigger a one-shot run on RatisPipelineUtilsThread.
2024-05-12 17:41:33,109 [RatisPipelineUtilsThread-0] INFO  pipeline.RatisPipelineProvider (RatisPipelineProvider.java:lambda$create$0(205)) - Sending CreatePipelineCommand for pipeline:PipelineID=a64bc78e-2fed-4714-aa9a-d817e67d8269 to datanode:89a6d998-d419-473a-a6ed-8243f7f30d05
2024-05-12 17:41:33,109 [RatisPipelineUtilsThread-0] INFO  pipeline.BackgroundPipelineCreator (BackgroundPipelineCreator.java:createPipelines(236)) - Created new pipeline Pipeline[ Id: a64bc78e-2fed-4714-aa9a-d817e67d8269, Nodes: 89a6d998-d419-473a-a6ed-8243f7f30d05(localhost/127.0.0.1), ReplicationConfig: RATIS/ONE, State:ALLOCATED, leaderId:, CreationTimestamp2024-05-12T17:41:33.109106714Z[Etc/UTC]]
2024-05-12 17:41:33,109 [RatisPipelineUtilsThread-0] INFO  pipeline.RatisPipelineProvider (RatisPipelineProvider.java:lambda$create$0(205)) - Sending CreatePipelineCommand for pipeline:PipelineID=fe447605-f0fa-43ae-a4cb-4deecbe98265 to datanode:89a6d998-d419-473a-a6ed-8243f7f30d05
2024-05-12 17:41:33,109 [RatisPipelineUtilsThread-0] INFO  pipeline.RatisPipelineProvider (RatisPipelineProvider.java:lambda$create$0(205)) - Sending CreatePipelineCommand for pipeline:PipelineID=fe447605-f0fa-43ae-a4cb-4deecbe98265 to datanode:b7336ce2-a724-4c4a-8025-d323d27fa237
2024-05-12 17:41:33,110 [RatisPipelineUtilsThread-0] INFO  pipeline.RatisPipelineProvider (RatisPipelineProvider.java:lambda$create$0(205)) - Sending CreatePipelineCommand for pipeline:PipelineID=fe447605-f0fa-43ae-a4cb-4deecbe98265 to datanode:d0e7fafe-f667-41fb-a16a-ecd1bcb446b6
2024-05-12 17:41:33,110 [RatisPipelineUtilsThread-0] INFO  pipeline.BackgroundPipelineCreator (BackgroundPipelineCreator.java:createPipelines(236)) - Created new pipeline Pipeline[ Id: fe447605-f0fa-43ae-a4cb-4deecbe98265, Nodes: 89a6d998-d419-473a-a6ed-8243f7f30d05(localhost/127.0.0.1)b7336ce2-a724-4c4a-8025-d323d27fa237(localhost/127.0.0.1)d0e7fafe-f667-41fb-a16a-ecd1bcb446b6(localhost/127.0.0.1), ReplicationConfig: RATIS/THREE, State:ALLOCATED, leaderId:, CreationTimestamp2024-05-12T17:41:33.109885684Z[Etc/UTC]]
2024-05-12 17:41:33,110 [RatisPipelineUtilsThread-0] INFO  pipeline.RatisPipelineProvider (RatisPipelineProvider.java:lambda$create$0(205)) - Sending CreatePipelineCommand for pipeline:PipelineID=8e046cd9-2b7e-4505-b18c-427d53fa2e43 to datanode:89a6d998-d419-473a-a6ed-8243f7f30d05
2024-05-12 17:41:33,110 [RatisPipelineUtilsThread-0] INFO  pipeline.RatisPipelineProvider (RatisPipelineProvider.java:lambda$create$0(205)) - Sending CreatePipelineCommand for pipeline:PipelineID=8e046cd9-2b7e-4505-b18c-427d53fa2e43 to datanode:d0e7fafe-f667-41fb-a16a-ecd1bcb446b6
2024-05-12 17:41:33,110 [RatisPipelineUtilsThread-0] INFO  pipeline.RatisPipelineProvider (RatisPipelineProvider.java:lambda$create$0(205)) - Sending CreatePipelineCommand for pipeline:PipelineID=8e046cd9-2b7e-4505-b18c-427d53fa2e43 to datanode:b7336ce2-a724-4c4a-8025-d323d27fa237
2024-05-12 17:41:33,111 [RatisPipelineUtilsThread-0] INFO  pipeline.PipelineManagerImpl (PipelineManagerImpl.java:recordMetricsForPipeline(916)) - Pipeline: PipelineID=8e046cd9-2b7e-4505-b18c-427d53fa2e43 contains same datanodes as previous pipelines: PipelineID=fe447605-f0fa-43ae-a4cb-4deecbe98265 nodeIds: 89a6d998-d419-473a-a6ed-8243f7f30d05, d0e7fafe-f667-41fb-a16a-ecd1bcb446b6, b7336ce2-a724-4c4a-8025-d323d27fa237
2024-05-12 17:41:33,111 [RatisPipelineUtilsThread-0] INFO  pipeline.BackgroundPipelineCreator (BackgroundPipelineCreator.java:createPipelines(236)) - Created new pipeline Pipeline[ Id: 8e046cd9-2b7e-4505-b18c-427d53fa2e43, Nodes: 89a6d998-d419-473a-a6ed-8243f7f30d05(localhost/127.0.0.1)d0e7fafe-f667-41fb-a16a-ecd1bcb446b6(localhost/127.0.0.1)b7336ce2-a724-4c4a-8025-d323d27fa237(localhost/127.0.0.1), ReplicationConfig: RATIS/THREE, State:ALLOCATED, leaderId:, CreationTimestamp2024-05-12T17:41:33.110793254Z[Etc/UTC]]
2024-05-12 17:41:33,164 [IPC Server handler 3 on default port 15296] INFO  net.NetworkTopologyImpl (NetworkTopologyImpl.java:add(134)) - Added a new node: /default-rack/3523888c-df3a-4c75-876a-f320dc6c9584
2024-05-12 17:41:33,164 [IPC Server handler 3 on default port 15296] INFO  node.SCMNodeManager (SCMNodeManager.java:register(421)) - Registered datanode: 3523888c-df3a-4c75-876a-f320dc6c9584{ip: 127.0.0.1, host: localhost, ports: [HTTP=15330, CLIENT_RPC=15331, REPLICATION=15337, RATIS=15333, RATIS_ADMIN=15334, RATIS_SERVER=15335, RATIS_DATASTREAM=15336, STANDALONE=15332], networkLocation: /default-rack, certSerialId: null, persistedOpState: null, persistedOpStateExpiryEpochSec: 0}
2024-05-12 17:41:33,164 [EventQueue-NewNodeForNewNodeHandler] INFO  pipeline.BackgroundPipelineCreator (BackgroundPipelineCreator.java:notifyEventTriggered(280)) - trigger a one-shot run on RatisPipelineUtilsThread.
2024-05-12 17:41:33,165 [RatisPipelineUtilsThread-0] INFO  pipeline.RatisPipelineProvider (RatisPipelineProvider.java:lambda$create$0(205)) - Sending CreatePipelineCommand for pipeline:PipelineID=37dce997-92ce-4f65-af64-b8a71af82cec to datanode:3523888c-df3a-4c75-876a-f320dc6c9584
2024-05-12 17:41:33,165 [RatisPipelineUtilsThread-0] INFO  pipeline.BackgroundPipelineCreator (BackgroundPipelineCreator.java:createPipelines(236)) - Created new pipeline Pipeline[ Id: 37dce997-92ce-4f65-af64-b8a71af82cec, Nodes: 3523888c-df3a-4c75-876a-f320dc6c9584(localhost/127.0.0.1), ReplicationConfig: RATIS/ONE, State:ALLOCATED, leaderId:, CreationTimestamp2024-05-12T17:41:33.165291586Z[Etc/UTC]]
2024-05-12 17:41:33,218 [IPC Server handler 5 on default port 15296] INFO  net.NetworkTopologyImpl (NetworkTopologyImpl.java:add(134)) - Added a new node: /default-rack/d999a49d-42de-484c-a75f-ffa132e9c3a5
2024-05-12 17:41:33,218 [IPC Server handler 5 on default port 15296] INFO  node.SCMNodeManager (SCMNodeManager.java:register(421)) - Registered datanode: d999a49d-42de-484c-a75f-ffa132e9c3a5{ip: 127.0.0.1, host: localhost, ports: [HTTP=15339, CLIENT_RPC=15340, REPLICATION=15346, RATIS=15342, RATIS_ADMIN=15343, RATIS_SERVER=15344, RATIS_DATASTREAM=15345, STANDALONE=15341], networkLocation: /default-rack, certSerialId: null, persistedOpState: null, persistedOpStateExpiryEpochSec: 0}
2024-05-12 17:41:33,219 [EventQueue-NewNodeForNewNodeHandler] INFO  pipeline.BackgroundPipelineCreator (BackgroundPipelineCreator.java:notifyEventTriggered(280)) - trigger a one-shot run on RatisPipelineUtilsThread.
2024-05-12 17:41:33,219 [RatisPipelineUtilsThread-0] INFO  pipeline.RatisPipelineProvider (RatisPipelineProvider.java:lambda$create$0(205)) - Sending CreatePipelineCommand for pipeline:PipelineID=2fe8376c-e2ca-453f-99e4-7fe7c0d455a4 to datanode:d999a49d-42de-484c-a75f-ffa132e9c3a5
2024-05-12 17:41:33,220 [RatisPipelineUtilsThread-0] INFO  pipeline.BackgroundPipelineCreator (BackgroundPipelineCreator.java:createPipelines(236)) - Created new pipeline Pipeline[ Id: 2fe8376c-e2ca-453f-99e4-7fe7c0d455a4, Nodes: d999a49d-42de-484c-a75f-ffa132e9c3a5(localhost/127.0.0.1), ReplicationConfig: RATIS/ONE, State:ALLOCATED, leaderId:, CreationTimestamp2024-05-12T17:41:33.219741883Z[Etc/UTC]]
2024-05-12 17:41:33,276 [IPC Server handler 6 on default port 15296] INFO  net.NetworkTopologyImpl (NetworkTopologyImpl.java:add(134)) - Added a new node: /default-rack/2ef8d649-4864-4b9a-81a6-122cf2174905
2024-05-12 17:41:33,276 [IPC Server handler 6 on default port 15296] INFO  node.SCMNodeManager (SCMNodeManager.java:register(421)) - Registered datanode: 2ef8d649-4864-4b9a-81a6-122cf2174905{ip: 127.0.0.1, host: localhost, ports: [HTTP=15348, CLIENT_RPC=15349, REPLICATION=15355, RATIS=15351, RATIS_ADMIN=15352, RATIS_SERVER=15353, RATIS_DATASTREAM=15354, STANDALONE=15350], networkLocation: /default-rack, certSerialId: null, persistedOpState: null, persistedOpStateExpiryEpochSec: 0}
2024-05-12 17:41:33,276 [EventQueue-NewNodeForNewNodeHandler] INFO  pipeline.BackgroundPipelineCreator (BackgroundPipelineCreator.java:notifyEventTriggered(280)) - trigger a one-shot run on RatisPipelineUtilsThread.
2024-05-12 17:41:33,276 [RatisPipelineUtilsThread-0] INFO  pipeline.RatisPipelineProvider (RatisPipelineProvider.java:lambda$create$0(205)) - Sending CreatePipelineCommand for pipeline:PipelineID=e7c6f6b6-8a82-428b-8774-3a7c072b2d7f to datanode:2ef8d649-4864-4b9a-81a6-122cf2174905
2024-05-12 17:41:33,277 [RatisPipelineUtilsThread-0] INFO  pipeline.BackgroundPipelineCreator (BackgroundPipelineCreator.java:createPipelines(236)) - Created new pipeline Pipeline[ Id: e7c6f6b6-8a82-428b-8774-3a7c072b2d7f, Nodes: 2ef8d649-4864-4b9a-81a6-122cf2174905(localhost/127.0.0.1), ReplicationConfig: RATIS/ONE, State:ALLOCATED, leaderId:, CreationTimestamp2024-05-12T17:41:33.276875122Z[Etc/UTC]]
2024-05-12 17:41:33,277 [RatisPipelineUtilsThread-0] INFO  pipeline.RatisPipelineProvider (RatisPipelineProvider.java:lambda$create$0(205)) - Sending CreatePipelineCommand for pipeline:PipelineID=aea16cb5-2fb9-4400-8f02-f7fc422c7f28 to datanode:3523888c-df3a-4c75-876a-f320dc6c9584
2024-05-12 17:41:33,277 [RatisPipelineUtilsThread-0] INFO  pipeline.RatisPipelineProvider (RatisPipelineProvider.java:lambda$create$0(205)) - Sending CreatePipelineCommand for pipeline:PipelineID=aea16cb5-2fb9-4400-8f02-f7fc422c7f28 to datanode:d999a49d-42de-484c-a75f-ffa132e9c3a5
2024-05-12 17:41:33,277 [RatisPipelineUtilsThread-0] INFO  pipeline.RatisPipelineProvider (RatisPipelineProvider.java:lambda$create$0(205)) - Sending CreatePipelineCommand for pipeline:PipelineID=aea16cb5-2fb9-4400-8f02-f7fc422c7f28 to datanode:2ef8d649-4864-4b9a-81a6-122cf2174905
2024-05-12 17:41:33,278 [RatisPipelineUtilsThread-0] INFO  pipeline.BackgroundPipelineCreator (BackgroundPipelineCreator.java:createPipelines(236)) - Created new pipeline Pipeline[ Id: aea16cb5-2fb9-4400-8f02-f7fc422c7f28, Nodes: 3523888c-df3a-4c75-876a-f320dc6c9584(localhost/127.0.0.1)d999a49d-42de-484c-a75f-ffa132e9c3a5(localhost/127.0.0.1)2ef8d649-4864-4b9a-81a6-122cf2174905(localhost/127.0.0.1), ReplicationConfig: RATIS/THREE, State:ALLOCATED, leaderId:, CreationTimestamp2024-05-12T17:41:33.277649574Z[Etc/UTC]]
2024-05-12 17:41:33,278 [RatisPipelineUtilsThread-0] INFO  pipeline.RatisPipelineProvider (RatisPipelineProvider.java:lambda$create$0(205)) - Sending CreatePipelineCommand for pipeline:PipelineID=be042fe2-0951-454f-affe-ee852451a390 to datanode:d999a49d-42de-484c-a75f-ffa132e9c3a5
2024-05-12 17:41:33,278 [RatisPipelineUtilsThread-0] INFO  pipeline.RatisPipelineProvider (RatisPipelineProvider.java:lambda$create$0(205)) - Sending CreatePipelineCommand for pipeline:PipelineID=be042fe2-0951-454f-affe-ee852451a390 to datanode:3523888c-df3a-4c75-876a-f320dc6c9584
2024-05-12 17:41:33,278 [RatisPipelineUtilsThread-0] INFO  pipeline.RatisPipelineProvider (RatisPipelineProvider.java:lambda$create$0(205)) - Sending CreatePipelineCommand for pipeline:PipelineID=be042fe2-0951-454f-affe-ee852451a390 to datanode:2ef8d649-4864-4b9a-81a6-122cf2174905
2024-05-12 17:41:33,278 [RatisPipelineUtilsThread-0] INFO  pipeline.PipelineManagerImpl (PipelineManagerImpl.java:recordMetricsForPipeline(916)) - Pipeline: PipelineID=be042fe2-0951-454f-affe-ee852451a390 contains same datanodes as previous pipelines: PipelineID=aea16cb5-2fb9-4400-8f02-f7fc422c7f28 nodeIds: d999a49d-42de-484c-a75f-ffa132e9c3a5, 3523888c-df3a-4c75-876a-f320dc6c9584, 2ef8d649-4864-4b9a-81a6-122cf2174905
2024-05-12 17:41:33,278 [RatisPipelineUtilsThread-0] INFO  pipeline.BackgroundPipelineCreator (BackgroundPipelineCreator.java:createPipelines(236)) - Created new pipeline Pipeline[ Id: be042fe2-0951-454f-affe-ee852451a390, Nodes: d999a49d-42de-484c-a75f-ffa132e9c3a5(localhost/127.0.0.1)3523888c-df3a-4c75-876a-f320dc6c9584(localhost/127.0.0.1)2ef8d649-4864-4b9a-81a6-122cf2174905(localhost/127.0.0.1), ReplicationConfig: RATIS/THREE, State:ALLOCATED, leaderId:, CreationTimestamp2024-05-12T17:41:33.278443461Z[Etc/UTC]]
2024-05-12 17:41:33,324 [IPC Server handler 7 on default port 15296] INFO  net.NetworkTopologyImpl (NetworkTopologyImpl.java:add(134)) - Added a new node: /default-rack/93bda13b-2c91-401a-a9f5-fc4ebb9220da
2024-05-12 17:41:33,324 [IPC Server handler 7 on default port 15296] INFO  node.SCMNodeManager (SCMNodeManager.java:register(421)) - Registered datanode: 93bda13b-2c91-401a-a9f5-fc4ebb9220da{ip: 127.0.0.1, host: localhost, ports: [HTTP=15357, CLIENT_RPC=15358, REPLICATION=15364, RATIS=15360, RATIS_ADMIN=15361, RATIS_SERVER=15362, RATIS_DATASTREAM=15363, STANDALONE=15359], networkLocation: /default-rack, certSerialId: null, persistedOpState: null, persistedOpStateExpiryEpochSec: 0}
2024-05-12 17:41:33,325 [EventQueue-NewNodeForNewNodeHandler] INFO  pipeline.BackgroundPipelineCreator (BackgroundPipelineCreator.java:notifyEventTriggered(280)) - trigger a one-shot run on RatisPipelineUtilsThread.
2024-05-12 17:41:33,325 [RatisPipelineUtilsThread-0] INFO  pipeline.RatisPipelineProvider (RatisPipelineProvider.java:lambda$create$0(205)) - Sending CreatePipelineCommand for pipeline:PipelineID=c305426d-7f76-4c36-b931-5e4ffbc7f286 to datanode:93bda13b-2c91-401a-a9f5-fc4ebb9220da
2024-05-12 17:41:33,326 [RatisPipelineUtilsThread-0] INFO  pipeline.BackgroundPipelineCreator (BackgroundPipelineCreator.java:createPipelines(236)) - Created new pipeline Pipeline[ Id: c305426d-7f76-4c36-b931-5e4ffbc7f286, Nodes: 93bda13b-2c91-401a-a9f5-fc4ebb9220da(localhost/127.0.0.1), ReplicationConfig: RATIS/ONE, State:ALLOCATED, leaderId:, CreationTimestamp2024-05-12T17:41:33.325698933Z[Etc/UTC]]
2024-05-12 17:41:33,372 [IPC Server handler 8 on default port 15296] INFO  net.NetworkTopologyImpl (NetworkTopologyImpl.java:add(134)) - Added a new node: /default-rack/fa054618-3a8f-49b0-93d4-5933c936b659
2024-05-12 17:41:33,372 [IPC Server handler 8 on default port 15296] INFO  node.SCMNodeManager (SCMNodeManager.java:register(421)) - Registered datanode: fa054618-3a8f-49b0-93d4-5933c936b659{ip: 127.0.0.1, host: localhost, ports: [HTTP=15366, CLIENT_RPC=15367, REPLICATION=15373, RATIS=15369, RATIS_ADMIN=15370, RATIS_SERVER=15371, RATIS_DATASTREAM=15372, STANDALONE=15368], networkLocation: /default-rack, certSerialId: null, persistedOpState: null, persistedOpStateExpiryEpochSec: 0}
2024-05-12 17:41:33,373 [EventQueue-NewNodeForNewNodeHandler] INFO  pipeline.BackgroundPipelineCreator (BackgroundPipelineCreator.java:notifyEventTriggered(280)) - trigger a one-shot run on RatisPipelineUtilsThread.
2024-05-12 17:41:33,373 [RatisPipelineUtilsThread-0] INFO  pipeline.RatisPipelineProvider (RatisPipelineProvider.java:lambda$create$0(205)) - Sending CreatePipelineCommand for pipeline:PipelineID=bd86c3dd-9f5a-4fc5-b474-3d405c2acdc2 to datanode:fa054618-3a8f-49b0-93d4-5933c936b659
2024-05-12 17:41:33,374 [RatisPipelineUtilsThread-0] INFO  pipeline.BackgroundPipelineCreator (BackgroundPipelineCreator.java:createPipelines(236)) - Created new pipeline Pipeline[ Id: bd86c3dd-9f5a-4fc5-b474-3d405c2acdc2, Nodes: fa054618-3a8f-49b0-93d4-5933c936b659(localhost/127.0.0.1), ReplicationConfig: RATIS/ONE, State:ALLOCATED, leaderId:, CreationTimestamp2024-05-12T17:41:33.373445890Z[Etc/UTC]]
2024-05-12 17:41:33,425 [IPC Server handler 9 on default port 15296] INFO  net.NetworkTopologyImpl (NetworkTopologyImpl.java:add(134)) - Added a new node: /default-rack/a0742c66-ae9f-48ce-9181-086e540b3b62
2024-05-12 17:41:33,426 [IPC Server handler 9 on default port 15296] INFO  node.SCMNodeManager (SCMNodeManager.java:register(421)) - Registered datanode: a0742c66-ae9f-48ce-9181-086e540b3b62{ip: 127.0.0.1, host: localhost, ports: [HTTP=15375, CLIENT_RPC=15376, REPLICATION=15382, RATIS=15378, RATIS_ADMIN=15379, RATIS_SERVER=15380, RATIS_DATASTREAM=15381, STANDALONE=15377], networkLocation: /default-rack, certSerialId: null, persistedOpState: null, persistedOpStateExpiryEpochSec: 0}
2024-05-12 17:41:33,426 [EventQueue-NewNodeForNewNodeHandler] INFO  pipeline.BackgroundPipelineCreator (BackgroundPipelineCreator.java:notifyEventTriggered(280)) - trigger a one-shot run on RatisPipelineUtilsThread.
2024-05-12 17:41:33,428 [RatisPipelineUtilsThread-0] INFO  pipeline.RatisPipelineProvider (RatisPipelineProvider.java:lambda$create$0(205)) - Sending CreatePipelineCommand for pipeline:PipelineID=c7b71482-f04d-44f2-9ef0-c4bac6d11d6a to datanode:a0742c66-ae9f-48ce-9181-086e540b3b62
2024-05-12 17:41:33,428 [RatisPipelineUtilsThread-0] INFO  pipeline.BackgroundPipelineCreator (BackgroundPipelineCreator.java:createPipelines(236)) - Created new pipeline Pipeline[ Id: c7b71482-f04d-44f2-9ef0-c4bac6d11d6a, Nodes: a0742c66-ae9f-48ce-9181-086e540b3b62(localhost/127.0.0.1), ReplicationConfig: RATIS/ONE, State:ALLOCATED, leaderId:, CreationTimestamp2024-05-12T17:41:33.428075506Z[Etc/UTC]]
2024-05-12 17:41:33,429 [RatisPipelineUtilsThread-0] INFO  pipeline.RatisPipelineProvider (RatisPipelineProvider.java:lambda$create$0(205)) - Sending CreatePipelineCommand for pipeline:PipelineID=1ed39d93-d53b-42fe-b85c-13a0caa15f1f to datanode:a0742c66-ae9f-48ce-9181-086e540b3b62
2024-05-12 17:41:33,429 [RatisPipelineUtilsThread-0] INFO  pipeline.RatisPipelineProvider (RatisPipelineProvider.java:lambda$create$0(205)) - Sending CreatePipelineCommand for pipeline:PipelineID=1ed39d93-d53b-42fe-b85c-13a0caa15f1f to datanode:fa054618-3a8f-49b0-93d4-5933c936b659
2024-05-12 17:41:33,429 [RatisPipelineUtilsThread-0] INFO  pipeline.RatisPipelineProvider (RatisPipelineProvider.java:lambda$create$0(205)) - Sending CreatePipelineCommand for pipeline:PipelineID=1ed39d93-d53b-42fe-b85c-13a0caa15f1f to datanode:93bda13b-2c91-401a-a9f5-fc4ebb9220da
2024-05-12 17:41:33,429 [RatisPipelineUtilsThread-0] INFO  pipeline.BackgroundPipelineCreator (BackgroundPipelineCreator.java:createPipelines(236)) - Created new pipeline Pipeline[ Id: 1ed39d93-d53b-42fe-b85c-13a0caa15f1f, Nodes: a0742c66-ae9f-48ce-9181-086e540b3b62(localhost/127.0.0.1)fa054618-3a8f-49b0-93d4-5933c936b659(localhost/127.0.0.1)93bda13b-2c91-401a-a9f5-fc4ebb9220da(localhost/127.0.0.1), ReplicationConfig: RATIS/THREE, State:ALLOCATED, leaderId:, CreationTimestamp2024-05-12T17:41:33.429062202Z[Etc/UTC]]
2024-05-12 17:41:33,430 [RatisPipelineUtilsThread-0] INFO  pipeline.RatisPipelineProvider (RatisPipelineProvider.java:lambda$create$0(205)) - Sending CreatePipelineCommand for pipeline:PipelineID=6bfef457-b58e-438a-8fe9-2bfc12537a18 to datanode:a0742c66-ae9f-48ce-9181-086e540b3b62
2024-05-12 17:41:33,430 [RatisPipelineUtilsThread-0] INFO  pipeline.RatisPipelineProvider (RatisPipelineProvider.java:lambda$create$0(205)) - Sending CreatePipelineCommand for pipeline:PipelineID=6bfef457-b58e-438a-8fe9-2bfc12537a18 to datanode:93bda13b-2c91-401a-a9f5-fc4ebb9220da
2024-05-12 17:41:33,430 [RatisPipelineUtilsThread-0] INFO  pipeline.RatisPipelineProvider (RatisPipelineProvider.java:lambda$create$0(205)) - Sending CreatePipelineCommand for pipeline:PipelineID=6bfef457-b58e-438a-8fe9-2bfc12537a18 to datanode:fa054618-3a8f-49b0-93d4-5933c936b659
2024-05-12 17:41:33,430 [RatisPipelineUtilsThread-0] INFO  pipeline.PipelineManagerImpl (PipelineManagerImpl.java:recordMetricsForPipeline(916)) - Pipeline: PipelineID=6bfef457-b58e-438a-8fe9-2bfc12537a18 contains same datanodes as previous pipelines: PipelineID=1ed39d93-d53b-42fe-b85c-13a0caa15f1f nodeIds: a0742c66-ae9f-48ce-9181-086e540b3b62, 93bda13b-2c91-401a-a9f5-fc4ebb9220da, fa054618-3a8f-49b0-93d4-5933c936b659
2024-05-12 17:41:33,430 [RatisPipelineUtilsThread-0] INFO  pipeline.BackgroundPipelineCreator (BackgroundPipelineCreator.java:createPipelines(236)) - Created new pipeline Pipeline[ Id: 6bfef457-b58e-438a-8fe9-2bfc12537a18, Nodes: a0742c66-ae9f-48ce-9181-086e540b3b62(localhost/127.0.0.1)93bda13b-2c91-401a-a9f5-fc4ebb9220da(localhost/127.0.0.1)fa054618-3a8f-49b0-93d4-5933c936b659(localhost/127.0.0.1), ReplicationConfig: RATIS/THREE, State:ALLOCATED, leaderId:, CreationTimestamp2024-05-12T17:41:33.430060482Z[Etc/UTC]]
2024-05-12 17:41:33,467 [IPC Server handler 0 on default port 15296] INFO  net.NetworkTopologyImpl (NetworkTopologyImpl.java:add(134)) - Added a new node: /default-rack/a33fd443-9c01-43ff-9618-b7376da7e75d
2024-05-12 17:41:33,467 [IPC Server handler 0 on default port 15296] INFO  node.SCMNodeManager (SCMNodeManager.java:register(421)) - Registered datanode: a33fd443-9c01-43ff-9618-b7376da7e75d{ip: 127.0.0.1, host: localhost, ports: [HTTP=15384, CLIENT_RPC=15385, REPLICATION=15391, RATIS=15387, RATIS_ADMIN=15388, RATIS_SERVER=15389, RATIS_DATASTREAM=15390, STANDALONE=15386], networkLocation: /default-rack, certSerialId: null, persistedOpState: null, persistedOpStateExpiryEpochSec: 0}
2024-05-12 17:41:33,467 [main] INFO  ozone.MiniOzoneClusterImpl (MiniOzoneClusterImpl.java:lambda$waitForClusterToBeReady$0(194)) - Nodes are ready. Got 10 of 10 DN Heartbeats.
2024-05-12 17:41:33,467 [main] INFO  ozone.MiniOzoneClusterImpl (MiniOzoneClusterImpl.java:lambda$waitForClusterToBeReady$0(197)) - Waiting for cluster to exit safe mode
2024-05-12 17:41:33,467 [main] INFO  ozone.MiniOzoneClusterImpl (MiniOzoneClusterImpl.java:lambda$waitForClusterToBeReady$0(199)) - SCM became leader
2024-05-12 17:41:33,467 [EventQueue-NewNodeForNewNodeHandler] INFO  pipeline.BackgroundPipelineCreator (BackgroundPipelineCreator.java:notifyEventTriggered(280)) - trigger a one-shot run on RatisPipelineUtilsThread.
2024-05-12 17:41:33,468 [RatisPipelineUtilsThread-0] INFO  pipeline.RatisPipelineProvider (RatisPipelineProvider.java:lambda$create$0(205)) - Sending CreatePipelineCommand for pipeline:PipelineID=5697141d-af5f-42ed-8c31-928af1097415 to datanode:a33fd443-9c01-43ff-9618-b7376da7e75d
2024-05-12 17:41:33,468 [RatisPipelineUtilsThread-0] INFO  pipeline.BackgroundPipelineCreator (BackgroundPipelineCreator.java:createPipelines(236)) - Created new pipeline Pipeline[ Id: 5697141d-af5f-42ed-8c31-928af1097415, Nodes: a33fd443-9c01-43ff-9618-b7376da7e75d(localhost/127.0.0.1), ReplicationConfig: RATIS/ONE, State:ALLOCATED, leaderId:, CreationTimestamp2024-05-12T17:41:33.468002760Z[Etc/UTC]]
2024-05-12 17:41:34,467 [main] INFO  ozone.MiniOzoneClusterImpl (MiniOzoneClusterImpl.java:lambda$waitForClusterToBeReady$0(194)) - Nodes are ready. Got 10 of 10 DN Heartbeats.
2024-05-12 17:41:34,468 [main] INFO  ozone.MiniOzoneClusterImpl (MiniOzoneClusterImpl.java:lambda$waitForClusterToBeReady$0(197)) - Waiting for cluster to exit safe mode
2024-05-12 17:41:34,468 [main] INFO  ozone.MiniOzoneClusterImpl (MiniOzoneClusterImpl.java:lambda$waitForClusterToBeReady$0(199)) - SCM became leader
2024-05-12 17:41:35,468 [main] INFO  ozone.MiniOzoneClusterImpl (MiniOzoneClusterImpl.java:lambda$waitForClusterToBeReady$0(194)) - Nodes are ready. Got 10 of 10 DN Heartbeats.
2024-05-12 17:41:35,468 [main] INFO  ozone.MiniOzoneClusterImpl (MiniOzoneClusterImpl.java:lambda$waitForClusterToBeReady$0(197)) - Waiting for cluster to exit safe mode
2024-05-12 17:41:35,468 [main] INFO  ozone.MiniOzoneClusterImpl (MiniOzoneClusterImpl.java:lambda$waitForClusterToBeReady$0(199)) - SCM became leader
2024-05-12 17:41:35,997 [d0e7fafe-f667-41fb-a16a-ecd1bcb446b6-PipelineCommandHandlerThread-0] INFO  server.RaftServer (RaftServerProxy.java:addNew(100)) - d0e7fafe-f667-41fb-a16a-ecd1bcb446b6: addNew group-BEE6372A0EE9:[d0e7fafe-f667-41fb-a16a-ecd1bcb446b6|127.0.0.1:15308] returns group-BEE6372A0EE9:java.util.concurrent.CompletableFuture@366fba11[Not completed]
2024-05-12 17:41:35,998 [d0e7fafe-f667-41fb-a16a-ecd1bcb446b6-groupManagement] INFO  server.RaftServer$Division (RaftServerImpl.java:<init>(256)) - d0e7fafe-f667-41fb-a16a-ecd1bcb446b6: new RaftServerImpl for group-BEE6372A0EE9:[d0e7fafe-f667-41fb-a16a-ecd1bcb446b6|127.0.0.1:15308] with ContainerStateMachine:uninitialized
2024-05-12 17:41:35,998 [d0e7fafe-f667-41fb-a16a-ecd1bcb446b6-groupManagement] INFO  server.RaftServerConfigKeys (ConfUtils.java:logGet(46)) - raft.server.rpc.timeout.min = 1s (custom)
2024-05-12 17:41:35,998 [d0e7fafe-f667-41fb-a16a-ecd1bcb446b6-groupManagement] INFO  server.RaftServerConfigKeys (ConfUtils.java:logGet(46)) - raft.server.rpc.timeout.max = 1200ms (custom)
2024-05-12 17:41:35,998 [d0e7fafe-f667-41fb-a16a-ecd1bcb446b6-groupManagement] INFO  server.RaftServerConfigKeys (ConfUtils.java:logGet(46)) - raft.server.rpc.sleep.time = 25ms (default)
2024-05-12 17:41:35,998 [d0e7fafe-f667-41fb-a16a-ecd1bcb446b6-groupManagement] INFO  server.RaftServerConfigKeys (ConfUtils.java:logGet(46)) - raft.server.rpc.slowness.timeout = 300000ms (custom)
2024-05-12 17:41:35,998 [d0e7fafe-f667-41fb-a16a-ecd1bcb446b6-groupManagement] INFO  server.RaftServerConfigKeys (ConfUtils.java:logGet(46)) - raft.server.leaderelection.leader.step-down.wait-time = 10s (default)
2024-05-12 17:41:35,998 [d0e7fafe-f667-41fb-a16a-ecd1bcb446b6-groupManagement] INFO  server.RaftServerConfigKeys (ConfUtils.java:logGet(46)) - raft.server.leaderelection.member.majority-add = false (default)
2024-05-12 17:41:35,998 [d0e7fafe-f667-41fb-a16a-ecd1bcb446b6-groupManagement] INFO  server.RaftServerConfigKeys (ConfUtils.java:logGet(46)) - raft.server.sleep.deviation.threshold = 300ms (default)
2024-05-12 17:41:35,998 [d0e7fafe-f667-41fb-a16a-ecd1bcb446b6-groupManagement] INFO  server.RaftServer$Division (ServerState.java:<init>(113)) - d0e7fafe-f667-41fb-a16a-ecd1bcb446b6@group-BEE6372A0EE9: ConfigurationManager, init=-1: peers:[d0e7fafe-f667-41fb-a16a-ecd1bcb446b6|127.0.0.1:15308]|listeners:[], old=null, confs=<EMPTY_MAP>
2024-05-12 17:41:35,999 [d0e7fafe-f667-41fb-a16a-ecd1bcb446b6-groupManagement] INFO  server.RaftServerConfigKeys (ConfUtils.java:logGet(46)) - raft.server.notification.no-leader.timeout = 300000ms (custom)
2024-05-12 17:41:35,999 [d0e7fafe-f667-41fb-a16a-ecd1bcb446b6-groupManagement] INFO  server.RaftServerConfigKeys (ConfUtils.java:logGet(46)) - raft.server.read.timeout = 10s (default)
2024-05-12 17:41:35,999 [d0e7fafe-f667-41fb-a16a-ecd1bcb446b6-groupManagement] INFO  server.RaftServerConfigKeys (ConfUtils.java:logGet(46)) - raft.server.retrycache.expirytime = 600000ms (custom)
2024-05-12 17:41:35,999 [d0e7fafe-f667-41fb-a16a-ecd1bcb446b6-groupManagement] INFO  server.RaftServerConfigKeys (ConfUtils.java:logGet(46)) - raft.server.retrycache.statistics.expirytime = 100ms (default)
2024-05-12 17:41:35,999 [d0e7fafe-f667-41fb-a16a-ecd1bcb446b6-groupManagement] INFO  server.RaftServerConfigKeys (ConfUtils.java:logGet(46)) - raft.server.read.option = DEFAULT (default)
2024-05-12 17:41:35,999 [d0e7fafe-f667-41fb-a16a-ecd1bcb446b6-groupManagement] INFO  server.RaftServerConfigKeys (ConfUtils.java:logGet(46)) - raft.server.read.read-after-write-consistent.write-index-cache.expiry-time = 60s (default)
2024-05-12 17:41:36,001 [d0e7fafe-f667-41fb-a16a-ecd1bcb446b6-groupManagement] INFO  server.RaftServerConfigKeys (ConfUtils.java:logGet(46)) - raft.server.rpc.request.timeout = 3000ms (default)
2024-05-12 17:41:36,002 [d0e7fafe-f667-41fb-a16a-ecd1bcb446b6-groupManagement] INFO  server.RaftServerConfigKeys (ConfUtils.java:logGet(46)) - raft.server.log.appender.install.snapshot.enabled = false (custom)
2024-05-12 17:41:36,002 [d0e7fafe-f667-41fb-a16a-ecd1bcb446b6-groupManagement] INFO  server.RaftServerConfigKeys (ConfUtils.java:logGet(46)) - raft.server.threadpool.server.cached = true (default)
2024-05-12 17:41:36,002 [d0e7fafe-f667-41fb-a16a-ecd1bcb446b6-groupManagement] INFO  server.RaftServerConfigKeys (ConfUtils.java:logGet(46)) - raft.server.threadpool.server.size = 0 (default)
2024-05-12 17:41:36,002 [d0e7fafe-f667-41fb-a16a-ecd1bcb446b6-groupManagement] INFO  server.RaftServerConfigKeys (ConfUtils.java:logGet(46)) - raft.server.threadpool.client.cached = true (default)
2024-05-12 17:41:36,002 [d0e7fafe-f667-41fb-a16a-ecd1bcb446b6-groupManagement] INFO  server.RaftServerConfigKeys (ConfUtils.java:logGet(46)) - raft.server.threadpool.client.size = 0 (default)
2024-05-12 17:41:36,002 [d0e7fafe-f667-41fb-a16a-ecd1bcb446b6-groupManagement] INFO  server.RaftServerConfigKeys (ConfUtils.java:logGet(46)) - raft.server.storage.free-space.min = 0MB (=0) (default)
2024-05-12 17:41:36,002 [d0e7fafe-f667-41fb-a16a-ecd1bcb446b6-groupManagement] INFO  server.RaftServerConfigKeys (ConfUtils.java:logGet(46)) - raft.server.log.corruption.policy = EXCEPTION (default)
2024-05-12 17:41:36,002 [d0e7fafe-f667-41fb-a16a-ecd1bcb446b6-groupManagement] INFO  server.RaftServerConfigKeys (ConfUtils.java:logGet(46)) - raft.server.storage.dir = [/home/runner/work/ozone/ozone/hadoop-ozone/integration-test/target/test-dir/MiniOzoneClusterImpl-71ef5771-1bca-432b-8888-38dc3c8d5d63/ozone-meta/datanode-1/ratis] (custom)
2024-05-12 17:41:36,002 [d0e7fafe-f667-41fb-a16a-ecd1bcb446b6-groupManagement] INFO  storage.RaftStorageDirectory (RaftStorageDirectoryImpl.java:analyzeStorage(138)) - The storage directory /home/runner/work/ozone/ozone/hadoop-ozone/integration-test/target/test-dir/MiniOzoneClusterImpl-71ef5771-1bca-432b-8888-38dc3c8d5d63/ozone-meta/datanode-1/ratis/0b97aa93-468b-43a6-94e7-bee6372a0ee9 does not exist. Creating ...
2024-05-12 17:41:36,004 [d0e7fafe-f667-41fb-a16a-ecd1bcb446b6-groupManagement] INFO  storage.RaftStorageDirectory (RaftStorageDirectoryImpl.java:tryLock(228)) - Lock on /home/runner/work/ozone/ozone/hadoop-ozone/integration-test/target/test-dir/MiniOzoneClusterImpl-71ef5771-1bca-432b-8888-38dc3c8d5d63/ozone-meta/datanode-1/ratis/0b97aa93-468b-43a6-94e7-bee6372a0ee9/in_use.lock acquired by nodename 12547@fv-az576-466
2024-05-12 17:41:36,005 [d0e7fafe-f667-41fb-a16a-ecd1bcb446b6-groupManagement] INFO  storage.RaftStorage (RaftStorageImpl.java:format(99)) - Storage directory /home/runner/work/ozone/ozone/hadoop-ozone/integration-test/target/test-dir/MiniOzoneClusterImpl-71ef5771-1bca-432b-8888-38dc3c8d5d63/ozone-meta/datanode-1/ratis/0b97aa93-468b-43a6-94e7-bee6372a0ee9 has been successfully formatted.
2024-05-12 17:41:36,005 [d0e7fafe-f667-41fb-a16a-ecd1bcb446b6-groupManagement] WARN  util.FileUtils (LogUtils.java:supplyAndLog(63)) - Failed to Files.newInputStream /home/runner/work/ozone/ozone/hadoop-ozone/integration-test/target/test-dir/MiniOzoneClusterImpl-71ef5771-1bca-432b-8888-38dc3c8d5d63/ozone-meta/datanode-1/ratis/0b97aa93-468b-43a6-94e7-bee6372a0ee9/current/raft-meta.conf with options []: java.nio.file.NoSuchFileException: /home/runner/work/ozone/ozone/hadoop-ozone/integration-test/target/test-dir/MiniOzoneClusterImpl-71ef5771-1bca-432b-8888-38dc3c8d5d63/ozone-meta/datanode-1/ratis/0b97aa93-468b-43a6-94e7-bee6372a0ee9/current/raft-meta.conf
2024-05-12 17:41:36,005 [d0e7fafe-f667-41fb-a16a-ecd1bcb446b6-groupManagement] INFO  ratis.ContainerStateMachine (ContainerStateMachine.java:loadSnapshot(287)) - group-BEE6372A0EE9: The snapshot info is null. Setting the last applied index to:(t:0, i:~)
2024-05-12 17:41:36,005 [d0e7fafe-f667-41fb-a16a-ecd1bcb446b6-groupManagement] INFO  server.RaftServerConfigKeys (ConfUtils.java:logGet(46)) - raft.server.log.use.memory = false (default)
2024-05-12 17:41:36,005 [d0e7fafe-f667-41fb-a16a-ecd1bcb446b6-groupManagement] INFO  server.RaftServerConfigKeys (ConfUtils.java:logGet(46)) - raft.server.log.purge.gap = 1000000 (custom)
2024-05-12 17:41:36,005 [d0e7fafe-f667-41fb-a16a-ecd1bcb446b6-groupManagement] INFO  server.RaftServerConfigKeys (ConfUtils.java:logGet(46)) - raft.server.log.appender.buffer.byte-limit = 8388608 (custom)
2024-05-12 17:41:36,005 [d0e7fafe-f667-41fb-a16a-ecd1bcb446b6-groupManagement] INFO  server.RaftServerConfigKeys (ConfUtils.java:logGet(46)) - raft.server.log.statemachine.data.read.timeout = 1000ms (default)
2024-05-12 17:41:36,005 [d0e7fafe-f667-41fb-a16a-ecd1bcb446b6-groupManagement] INFO  server.RaftServerConfigKeys (ConfUtils.java:logGet(46)) - raft.server.log.purge.preservation.log.num = 0 (default)
2024-05-12 17:41:36,006 [d0e7fafe-f667-41fb-a16a-ecd1bcb446b6-groupManagement] INFO  server.RaftServerConfigKeys (ConfUtils.java:logGet(46)) - raft.server.log.segment.size.max = 67108864 (custom)
2024-05-12 17:41:36,007 [d0e7fafe-f667-41fb-a16a-ecd1bcb446b6-groupManagement] INFO  server.RaftServerConfigKeys (ConfUtils.java:logGet(46)) - raft.server.log.segment.cache.num.max = 2 (custom)
2024-05-12 17:41:36,007 [d0e7fafe-f667-41fb-a16a-ecd1bcb446b6-groupManagement] INFO  server.RaftServerConfigKeys (ConfUtils.java:logGet(46)) - raft.server.log.segment.cache.size.max = 200MB (=209715200) (default)
2024-05-12 17:41:36,007 [d0e7fafe-f667-41fb-a16a-ecd1bcb446b6-groupManagement] INFO  server.RaftServerConfigKeys (ConfUtils.java:logGet(46)) - raft.server.log.appender.buffer.byte-limit = 8388608 (custom)
2024-05-12 17:41:36,007 [d0e7fafe-f667-41fb-a16a-ecd1bcb446b6-groupManagement] INFO  util.AwaitToRun (AwaitToRun.java:start(81)) - Thread[d0e7fafe-f667-41fb-a16a-ecd1bcb446b6@group-BEE6372A0EE9-cacheEviction-AwaitToRun,5,main] started
2024-05-12 17:41:36,007 [d0e7fafe-f667-41fb-a16a-ecd1bcb446b6-groupManagement] INFO  segmented.SegmentedRaftLogWorker (SegmentedRaftLogWorker.java:<init>(182)) - new d0e7fafe-f667-41fb-a16a-ecd1bcb446b6@group-BEE6372A0EE9-SegmentedRaftLogWorker for RaftStorageImpl:Storage Directory /home/runner/work/ozone/ozone/hadoop-ozone/integration-test/target/test-dir/MiniOzoneClusterImpl-71ef5771-1bca-432b-8888-38dc3c8d5d63/ozone-meta/datanode-1/ratis/0b97aa93-468b-43a6-94e7-bee6372a0ee9
2024-05-12 17:41:36,007 [d0e7fafe-f667-41fb-a16a-ecd1bcb446b6-groupManagement] INFO  server.RaftServerConfigKeys (ConfUtils.java:logGet(46)) - raft.server.log.queue.byte-limit = 4294967296 (custom)
2024-05-12 17:41:36,007 [d0e7fafe-f667-41fb-a16a-ecd1bcb446b6-groupManagement] INFO  server.RaftServerConfigKeys (ConfUtils.java:logGet(46)) - raft.server.log.queue.element-limit = 1024 (custom)
2024-05-12 17:41:36,007 [d0e7fafe-f667-41fb-a16a-ecd1bcb446b6-groupManagement] INFO  server.RaftServerConfigKeys (ConfUtils.java:logGet(46)) - raft.server.log.segment.size.max = 67108864 (custom)
2024-05-12 17:41:36,007 [d0e7fafe-f667-41fb-a16a-ecd1bcb446b6-groupManagement] INFO  server.RaftServerConfigKeys (ConfUtils.java:logGet(46)) - raft.server.log.preallocated.size = 4194304 (custom)
2024-05-12 17:41:36,007 [d0e7fafe-f667-41fb-a16a-ecd1bcb446b6-groupManagement] INFO  server.RaftServerConfigKeys (ConfUtils.java:logGet(46)) - raft.server.log.force.sync.num = 128 (default)
2024-05-12 17:41:36,007 [d0e7fafe-f667-41fb-a16a-ecd1bcb446b6-groupManagement] INFO  server.RaftServerConfigKeys (ConfUtils.java:logGet(46)) - raft.server.log.statemachine.data.sync = true (default)
2024-05-12 17:41:36,008 [d0e7fafe-f667-41fb-a16a-ecd1bcb446b6-groupManagement] INFO  server.RaftServerConfigKeys (ConfUtils.java:logGet(46)) - raft.server.log.statemachine.data.sync.timeout = 10s (default)
2024-05-12 17:41:36,008 [d0e7fafe-f667-41fb-a16a-ecd1bcb446b6-groupManagement] INFO  server.RaftServerConfigKeys (ConfUtils.java:logGet(46)) - raft.server.log.statemachine.data.sync.timeout.retry = 30 (custom)
2024-05-12 17:41:36,008 [d0e7fafe-f667-41fb-a16a-ecd1bcb446b6-groupManagement] INFO  server.RaftServerConfigKeys (ConfUtils.java:logGet(46)) - raft.server.log.write.buffer.size = 8388616 (custom)
2024-05-12 17:41:36,009 [d0e7fafe-f667-41fb-a16a-ecd1bcb446b6-groupManagement] INFO  server.RaftServerConfigKeys (ConfUtils.java:logGet(46)) - raft.server.log.appender.buffer.byte-limit = 8388608 (custom)
2024-05-12 17:41:36,010 [d0e7fafe-f667-41fb-a16a-ecd1bcb446b6-groupManagement] INFO  server.RaftServerConfigKeys (ConfUtils.java:logGet(46)) - raft.server.log.unsafe-flush.enabled = false (default)
2024-05-12 17:41:36,010 [d0e7fafe-f667-41fb-a16a-ecd1bcb446b6-groupManagement] INFO  server.RaftServerConfigKeys (ConfUtils.java:logGet(46)) - raft.server.log.async-flush.enabled = false (default)
2024-05-12 17:41:36,010 [d0e7fafe-f667-41fb-a16a-ecd1bcb446b6-groupManagement] INFO  server.RaftServerConfigKeys (ConfUtils.java:logGet(46)) - raft.server.log.statemachine.data.caching.enabled = true (custom)
2024-05-12 17:41:36,010 [d0e7fafe-f667-41fb-a16a-ecd1bcb446b6-groupManagement] INFO  segmented.SegmentedRaftLogWorker (SegmentedRaftLogWorker.java:lambda$new$0(134)) - d0e7fafe-f667-41fb-a16a-ecd1bcb446b6@group-BEE6372A0EE9-SegmentedRaftLogWorker: flushIndex: setUnconditionally 0 -> -1
2024-05-12 17:41:36,010 [d0e7fafe-f667-41fb-a16a-ecd1bcb446b6-groupManagement] INFO  segmented.SegmentedRaftLogWorker (SegmentedRaftLogWorker.java:lambda$new$0(134)) - d0e7fafe-f667-41fb-a16a-ecd1bcb446b6@group-BEE6372A0EE9-SegmentedRaftLogWorker: safeCacheEvictIndex: setUnconditionally 0 -> -1
2024-05-12 17:41:36,010 [d0e7fafe-f667-41fb-a16a-ecd1bcb446b6-groupManagement] INFO  server.RaftServer$Division (RaftServerImpl.java:start(396)) - d0e7fafe-f667-41fb-a16a-ecd1bcb446b6@group-BEE6372A0EE9: start as a follower, conf=-1: peers:[d0e7fafe-f667-41fb-a16a-ecd1bcb446b6|127.0.0.1:15308]|listeners:[], old=null
2024-05-12 17:41:36,010 [d0e7fafe-f667-41fb-a16a-ecd1bcb446b6-groupManagement] INFO  server.RaftServer$Division (RaftServerImpl.java:setRole(383)) - d0e7fafe-f667-41fb-a16a-ecd1bcb446b6@group-BEE6372A0EE9: changes role from      null to FOLLOWER at term 0 for startAsFollower
2024-05-12 17:41:36,010 [d0e7fafe-f667-41fb-a16a-ecd1bcb446b6-groupManagement] INFO  impl.RoleInfo (RoleInfo.java:updateAndGet(139)) - d0e7fafe-f667-41fb-a16a-ecd1bcb446b6: start d0e7fafe-f667-41fb-a16a-ecd1bcb446b6@group-BEE6372A0EE9-FollowerState
2024-05-12 17:41:36,010 [d0e7fafe-f667-41fb-a16a-ecd1bcb446b6@group-BEE6372A0EE9-FollowerState] INFO  server.RaftServerConfigKeys (ConfUtils.java:logFallback(53)) - raft.server.rpc.first-election.timeout.min = 1s (fallback to raft.server.rpc.timeout.min)
2024-05-12 17:41:36,010 [d0e7fafe-f667-41fb-a16a-ecd1bcb446b6-groupManagement] INFO  util.JmxRegister (JmxRegister.java:tryRegister(44)) - Successfully registered JMX Bean with object name Ratis:service=RaftServer,group=group-BEE6372A0EE9,id=d0e7fafe-f667-41fb-a16a-ecd1bcb446b6
2024-05-12 17:41:36,011 [d0e7fafe-f667-41fb-a16a-ecd1bcb446b6-groupManagement] INFO  server.RaftServerConfigKeys (ConfUtils.java:logGet(46)) - raft.server.snapshot.trigger-when-stop.enabled = true (default)
2024-05-12 17:41:36,011 [d0e7fafe-f667-41fb-a16a-ecd1bcb446b6-groupManagement] INFO  server.RaftServerConfigKeys (ConfUtils.java:logGet(46)) - raft.server.snapshot.auto.trigger.enabled = true (custom)
2024-05-12 17:41:36,011 [d0e7fafe-f667-41fb-a16a-ecd1bcb446b6-groupManagement] INFO  server.RaftServerConfigKeys (ConfUtils.java:logGet(46)) - raft.server.snapshot.auto.trigger.threshold = 10000 (custom)
2024-05-12 17:41:36,011 [d0e7fafe-f667-41fb-a16a-ecd1bcb446b6-groupManagement] INFO  server.RaftServerConfigKeys (ConfUtils.java:logGet(46)) - raft.server.snapshot.retention.file.num = 5 (custom)
2024-05-12 17:41:36,011 [d0e7fafe-f667-41fb-a16a-ecd1bcb446b6-groupManagement] INFO  server.RaftServerConfigKeys (ConfUtils.java:logGet(46)) - raft.server.log.purge.upto.snapshot.index = false (default)
2024-05-12 17:41:36,011 [d0e7fafe-f667-41fb-a16a-ecd1bcb446b6@group-BEE6372A0EE9-FollowerState] INFO  server.RaftServerConfigKeys (ConfUtils.java:logFallback(53)) - raft.server.rpc.first-election.timeout.max = 1200ms (fallback to raft.server.rpc.timeout.max)
2024-05-12 17:41:36,011 [d0e7fafe-f667-41fb-a16a-ecd1bcb446b6-PipelineCommandHandlerThread-0] INFO  ratis.XceiverServerRatis (XceiverServerRatis.java:addGroup(864)) - Created group PipelineID=0b97aa93-468b-43a6-94e7-bee6372a0ee9
2024-05-12 17:41:36,011 [d0e7fafe-f667-41fb-a16a-ecd1bcb446b6-PipelineCommandHandlerThread-0] INFO  commandhandler.CreatePipelineCommandHandler (CreatePipelineCommandHandler.java:lambda$handle$2(124)) - Created Pipeline RATIS ONE PipelineID=0b97aa93-468b-43a6-94e7-bee6372a0ee9.
2024-05-12 17:41:36,012 [d0e7fafe-f667-41fb-a16a-ecd1bcb446b6-PipelineCommandHandlerThread-0] INFO  server.RaftServer (RaftServerProxy.java:addNew(100)) - d0e7fafe-f667-41fb-a16a-ecd1bcb446b6: addNew group-4DEECBE98265:[d0e7fafe-f667-41fb-a16a-ecd1bcb446b6|127.0.0.1:15308, b7336ce2-a724-4c4a-8025-d323d27fa237|127.0.0.1:15317, 89a6d998-d419-473a-a6ed-8243f7f30d05|127.0.0.1:15326] returns group-4DEECBE98265:java.util.concurrent.CompletableFuture@32503804[Not completed]
2024-05-12 17:41:36,012 [d0e7fafe-f667-41fb-a16a-ecd1bcb446b6-groupManagement] INFO  server.RaftServer$Division (RaftServerImpl.java:<init>(256)) - d0e7fafe-f667-41fb-a16a-ecd1bcb446b6: new RaftServerImpl for group-4DEECBE98265:[d0e7fafe-f667-41fb-a16a-ecd1bcb446b6|127.0.0.1:15308, b7336ce2-a724-4c4a-8025-d323d27fa237|127.0.0.1:15317, 89a6d998-d419-473a-a6ed-8243f7f30d05|127.0.0.1:15326] with ContainerStateMachine:uninitialized
2024-05-12 17:41:36,012 [d0e7fafe-f667-41fb-a16a-ecd1bcb446b6-groupManagement] INFO  server.RaftServerConfigKeys (ConfUtils.java:logGet(46)) - raft.server.rpc.timeout.min = 1s (custom)
2024-05-12 17:41:36,012 [d0e7fafe-f667-41fb-a16a-ecd1bcb446b6-groupManagement] INFO  server.RaftServerConfigKeys (ConfUtils.java:logGet(46)) - raft.server.rpc.timeout.max = 1200ms (custom)
2024-05-12 17:41:36,012 [d0e7fafe-f667-41fb-a16a-ecd1bcb446b6-groupManagement] INFO  server.RaftServerConfigKeys (ConfUtils.java:logGet(46)) - raft.server.rpc.sleep.time = 25ms (default)
2024-05-12 17:41:36,012 [d0e7fafe-f667-41fb-a16a-ecd1bcb446b6-groupManagement] INFO  server.RaftServerConfigKeys (ConfUtils.java:logGet(46)) - raft.server.rpc.slowness.timeout = 300000ms (custom)
2024-05-12 17:41:36,013 [d0e7fafe-f667-41fb-a16a-ecd1bcb446b6-groupManagement] INFO  server.RaftServerConfigKeys (ConfUtils.java:logGet(46)) - raft.server.leaderelection.leader.step-down.wait-time = 10s (default)
2024-05-12 17:41:36,013 [d0e7fafe-f667-41fb-a16a-ecd1bcb446b6-groupManagement] INFO  server.RaftServerConfigKeys (ConfUtils.java:logGet(46)) - raft.server.leaderelection.member.majority-add = false (default)
2024-05-12 17:41:36,013 [d0e7fafe-f667-41fb-a16a-ecd1bcb446b6-groupManagement] INFO  server.RaftServerConfigKeys (ConfUtils.java:logGet(46)) - raft.server.sleep.deviation.threshold = 300ms (default)
2024-05-12 17:41:36,013 [d0e7fafe-f667-41fb-a16a-ecd1bcb446b6-groupManagement] INFO  server.RaftServer$Division (ServerState.java:<init>(113)) - d0e7fafe-f667-41fb-a16a-ecd1bcb446b6@group-4DEECBE98265: ConfigurationManager, init=-1: peers:[d0e7fafe-f667-41fb-a16a-ecd1bcb446b6|127.0.0.1:15308, b7336ce2-a724-4c4a-8025-d323d27fa237|127.0.0.1:15317, 89a6d998-d419-473a-a6ed-8243f7f30d05|127.0.0.1:15326]|listeners:[], old=null, confs=<EMPTY_MAP>
2024-05-12 17:41:36,013 [d0e7fafe-f667-41fb-a16a-ecd1bcb446b6-groupManagement] INFO  server.RaftServerConfigKeys (ConfUtils.java:logGet(46)) - raft.server.notification.no-leader.timeout = 300000ms (custom)
2024-05-12 17:41:36,013 [d0e7fafe-f667-41fb-a16a-ecd1bcb446b6-groupManagement] INFO  server.RaftServerConfigKeys (ConfUtils.java:logGet(46)) - raft.server.read.timeout = 10s (default)
2024-05-12 17:41:36,013 [d0e7fafe-f667-41fb-a16a-ecd1bcb446b6-groupManagement] INFO  server.RaftServerConfigKeys (ConfUtils.java:logGet(46)) - raft.server.retrycache.expirytime = 600000ms (custom)
2024-05-12 17:41:36,013 [d0e7fafe-f667-41fb-a16a-ecd1bcb446b6-groupManagement] INFO  server.RaftServerConfigKeys (ConfUtils.java:logGet(46)) - raft.server.retrycache.statistics.expirytime = 100ms (default)
2024-05-12 17:41:36,013 [d0e7fafe-f667-41fb-a16a-ecd1bcb446b6-groupManagement] INFO  server.RaftServerConfigKeys (ConfUtils.java:logGet(46)) - raft.server.read.option = DEFAULT (default)
2024-05-12 17:41:36,013 [d0e7fafe-f667-41fb-a16a-ecd1bcb446b6-groupManagement] INFO  server.RaftServerConfigKeys (ConfUtils.java:logGet(46)) - raft.server.read.read-after-write-consistent.write-index-cache.expiry-time = 60s (default)
2024-05-12 17:41:36,016 [d0e7fafe-f667-41fb-a16a-ecd1bcb446b6-groupManagement] INFO  server.RaftServerConfigKeys (ConfUtils.java:logGet(46)) - raft.server.rpc.request.timeout = 3000ms (default)
2024-05-12 17:41:36,016 [d0e7fafe-f667-41fb-a16a-ecd1bcb446b6-groupManagement] INFO  server.RaftServerConfigKeys (ConfUtils.java:logGet(46)) - raft.server.log.appender.install.snapshot.enabled = false (custom)
2024-05-12 17:41:36,016 [d0e7fafe-f667-41fb-a16a-ecd1bcb446b6-groupManagement] INFO  server.RaftServerConfigKeys (ConfUtils.java:logGet(46)) - raft.server.threadpool.server.cached = true (default)
2024-05-12 17:41:36,016 [d0e7fafe-f667-41fb-a16a-ecd1bcb446b6-groupManagement] INFO  server.RaftServerConfigKeys (ConfUtils.java:logGet(46)) - raft.server.threadpool.server.size = 0 (default)
2024-05-12 17:41:36,016 [d0e7fafe-f667-41fb-a16a-ecd1bcb446b6-groupManagement] INFO  server.RaftServerConfigKeys (ConfUtils.java:logGet(46)) - raft.server.threadpool.client.cached = true (default)
2024-05-12 17:41:36,016 [d0e7fafe-f667-41fb-a16a-ecd1bcb446b6-groupManagement] INFO  server.RaftServerConfigKeys (ConfUtils.java:logGet(46)) - raft.server.threadpool.client.size = 0 (default)
2024-05-12 17:41:36,016 [d0e7fafe-f667-41fb-a16a-ecd1bcb446b6-groupManagement] INFO  server.RaftServerConfigKeys (ConfUtils.java:logGet(46)) - raft.server.storage.free-space.min = 0MB (=0) (default)
2024-05-12 17:41:36,016 [d0e7fafe-f667-41fb-a16a-ecd1bcb446b6-groupManagement] INFO  server.RaftServerConfigKeys (ConfUtils.java:logGet(46)) - raft.server.log.corruption.policy = EXCEPTION (default)
2024-05-12 17:41:36,016 [d0e7fafe-f667-41fb-a16a-ecd1bcb446b6-groupManagement] INFO  server.RaftServerConfigKeys (ConfUtils.java:logGet(46)) - raft.server.storage.dir = [/home/runner/work/ozone/ozone/hadoop-ozone/integration-test/target/test-dir/MiniOzoneClusterImpl-71ef5771-1bca-432b-8888-38dc3c8d5d63/ozone-meta/datanode-1/ratis] (custom)
2024-05-12 17:41:36,016 [EventQueue-PipelineReportForPipelineReportHandler] INFO  pipeline.PipelineReportHandler (PipelineReportHandler.java:processPipelineReport(136)) - Opened pipeline PipelineID=0b97aa93-468b-43a6-94e7-bee6372a0ee9
2024-05-12 17:41:36,017 [d0e7fafe-f667-41fb-a16a-ecd1bcb446b6-groupManagement] INFO  storage.RaftStorageDirectory (RaftStorageDirectoryImpl.java:analyzeStorage(138)) - The storage directory /home/runner/work/ozone/ozone/hadoop-ozone/integration-test/target/test-dir/MiniOzoneClusterImpl-71ef5771-1bca-432b-8888-38dc3c8d5d63/ozone-meta/datanode-1/ratis/fe447605-f0fa-43ae-a4cb-4deecbe98265 does not exist. Creating ...
2024-05-12 17:41:36,017 [EventQueue-OpenPipelineForHealthyPipelineSafeModeRule] INFO  safemode.SCMSafeModeManager (HealthyPipelineSafeModeRule.java:process(140)) - SCM in safe mode. Healthy pipelines reported count is 0, required healthy pipeline reported count is 1
2024-05-12 17:41:36,018 [d0e7fafe-f667-41fb-a16a-ecd1bcb446b6-groupManagement] INFO  storage.RaftStorageDirectory (RaftStorageDirectoryImpl.java:tryLock(228)) - Lock on /home/runner/work/ozone/ozone/hadoop-ozone/integration-test/target/test-dir/MiniOzoneClusterImpl-71ef5771-1bca-432b-8888-38dc3c8d5d63/ozone-meta/datanode-1/ratis/fe447605-f0fa-43ae-a4cb-4deecbe98265/in_use.lock acquired by nodename 12547@fv-az576-466
2024-05-12 17:41:36,020 [d0e7fafe-f667-41fb-a16a-ecd1bcb446b6-groupManagement] INFO  storage.RaftStorage (RaftStorageImpl.java:format(99)) - Storage directory /home/runner/work/ozone/ozone/hadoop-ozone/integration-test/target/test-dir/MiniOzoneClusterImpl-71ef5771-1bca-432b-8888-38dc3c8d5d63/ozone-meta/datanode-1/ratis/fe447605-f0fa-43ae-a4cb-4deecbe98265 has been successfully formatted.
2024-05-12 17:41:36,021 [d0e7fafe-f667-41fb-a16a-ecd1bcb446b6-groupManagement] WARN  util.FileUtils (LogUtils.java:supplyAndLog(63)) - Failed to Files.newInputStream /home/runner/work/ozone/ozone/hadoop-ozone/integration-test/target/test-dir/MiniOzoneClusterImpl-71ef5771-1bca-432b-8888-38dc3c8d5d63/ozone-meta/datanode-1/ratis/fe447605-f0fa-43ae-a4cb-4deecbe98265/current/raft-meta.conf with options []: java.nio.file.NoSuchFileException: /home/runner/work/ozone/ozone/hadoop-ozone/integration-test/target/test-dir/MiniOzoneClusterImpl-71ef5771-1bca-432b-8888-38dc3c8d5d63/ozone-meta/datanode-1/ratis/fe447605-f0fa-43ae-a4cb-4deecbe98265/current/raft-meta.conf
2024-05-12 17:41:36,021 [d0e7fafe-f667-41fb-a16a-ecd1bcb446b6-groupManagement] INFO  ratis.ContainerStateMachine (ContainerStateMachine.java:loadSnapshot(287)) - group-4DEECBE98265: The snapshot info is null. Setting the last applied index to:(t:0, i:~)
2024-05-12 17:41:36,021 [d0e7fafe-f667-41fb-a16a-ecd1bcb446b6-groupManagement] INFO  server.RaftServerConfigKeys (ConfUtils.java:logGet(46)) - raft.server.log.use.memory = false (default)
2024-05-12 17:41:36,021 [d0e7fafe-f667-41fb-a16a-ecd1bcb446b6-groupManagement] INFO  server.RaftServerConfigKeys (ConfUtils.java:logGet(46)) - raft.server.log.purge.gap = 1000000 (custom)
2024-05-12 17:41:36,021 [d0e7fafe-f667-41fb-a16a-ecd1bcb446b6-groupManagement] INFO  server.RaftServerConfigKeys (ConfUtils.java:logGet(46)) - raft.server.log.appender.buffer.byte-limit = 8388608 (custom)
2024-05-12 17:41:36,021 [d0e7fafe-f667-41fb-a16a-ecd1bcb446b6-groupManagement] INFO  server.RaftServerConfigKeys (ConfUtils.java:logGet(46)) - raft.server.log.statemachine.data.read.timeout = 1000ms (default)
2024-05-12 17:41:36,021 [d0e7fafe-f667-41fb-a16a-ecd1bcb446b6-groupManagement] INFO  server.RaftServerConfigKeys (ConfUtils.java:logGet(46)) - raft.server.log.purge.preservation.log.num = 0 (default)
2024-05-12 17:41:36,021 [EventQueue-OpenPipelineForHealthyPipelineSafeModeRule] INFO  safemode.SCMSafeModeManager (HealthyPipelineSafeModeRule.java:process(140)) - SCM in safe mode. Healthy pipelines reported count is 0, required healthy pipeline reported count is 1
2024-05-12 17:41:36,023 [d0e7fafe-f667-41fb-a16a-ecd1bcb446b6-groupManagement] INFO  server.RaftServerConfigKeys (ConfUtils.java:logGet(46)) - raft.server.log.segment.size.max = 67108864 (custom)
2024-05-12 17:41:36,023 [d0e7fafe-f667-41fb-a16a-ecd1bcb446b6-groupManagement] INFO  server.RaftServerConfigKeys (ConfUtils.java:logGet(46)) - raft.server.log.segment.cache.num.max = 2 (custom)
2024-05-12 17:41:36,023 [d0e7fafe-f667-41fb-a16a-ecd1bcb446b6-groupManagement] INFO  server.RaftServerConfigKeys (ConfUtils.java:logGet(46)) - raft.server.log.segment.cache.size.max = 200MB (=209715200) (default)
2024-05-12 17:41:36,023 [d0e7fafe-f667-41fb-a16a-ecd1bcb446b6-groupManagement] INFO  server.RaftServerConfigKeys (ConfUtils.java:logGet(46)) - raft.server.log.appender.buffer.byte-limit = 8388608 (custom)
2024-05-12 17:41:36,023 [d0e7fafe-f667-41fb-a16a-ecd1bcb446b6-groupManagement] INFO  util.AwaitToRun (AwaitToRun.java:start(81)) - Thread[d0e7fafe-f667-41fb-a16a-ecd1bcb446b6@group-4DEECBE98265-cacheEviction-AwaitToRun,5,main] started
2024-05-12 17:41:36,023 [d0e7fafe-f667-41fb-a16a-ecd1bcb446b6-groupManagement] INFO  segmented.SegmentedRaftLogWorker (SegmentedRaftLogWorker.java:<init>(182)) - new d0e7fafe-f667-41fb-a16a-ecd1bcb446b6@group-4DEECBE98265-SegmentedRaftLogWorker for RaftStorageImpl:Storage Directory /home/runner/work/ozone/ozone/hadoop-ozone/integration-test/target/test-dir/MiniOzoneClusterImpl-71ef5771-1bca-432b-8888-38dc3c8d5d63/ozone-meta/datanode-1/ratis/fe447605-f0fa-43ae-a4cb-4deecbe98265
2024-05-12 17:41:36,023 [d0e7fafe-f667-41fb-a16a-ecd1bcb446b6-groupManagement] INFO  server.RaftServerConfigKeys (ConfUtils.java:logGet(46)) - raft.server.log.queue.byte-limit = 4294967296 (custom)
2024-05-12 17:41:36,023 [d0e7fafe-f667-41fb-a16a-ecd1bcb446b6-groupManagement] INFO  server.RaftServerConfigKeys (ConfUtils.java:logGet(46)) - raft.server.log.queue.element-limit = 1024 (custom)
2024-05-12 17:41:36,023 [d0e7fafe-f667-41fb-a16a-ecd1bcb446b6-groupManagement] INFO  server.RaftServerConfigKeys (ConfUtils.java:logGet(46)) - raft.server.log.segment.size.max = 67108864 (custom)
2024-05-12 17:41:36,023 [d0e7fafe-f667-41fb-a16a-ecd1bcb446b6-groupManagement] INFO  server.RaftServerConfigKeys (ConfUtils.java:logGet(46)) - raft.server.log.preallocated.size = 4194304 (custom)
2024-05-12 17:41:36,024 [d0e7fafe-f667-41fb-a16a-ecd1bcb446b6-groupManagement] INFO  server.RaftServerConfigKeys (ConfUtils.java:logGet(46)) - raft.server.log.force.sync.num = 128 (default)
2024-05-12 17:41:36,024 [d0e7fafe-f667-41fb-a16a-ecd1bcb446b6-groupManagement] INFO  server.RaftServerConfigKeys (ConfUtils.java:logGet(46)) - raft.server.log.statemachine.data.sync = true (default)
2024-05-12 17:41:36,024 [d0e7fafe-f667-41fb-a16a-ecd1bcb446b6-groupManagement] INFO  server.RaftServerConfigKeys (ConfUtils.java:logGet(46)) - raft.server.log.statemachine.data.sync.timeout = 10s (default)
2024-05-12 17:41:36,024 [d0e7fafe-f667-41fb-a16a-ecd1bcb446b6-groupManagement] INFO  server.RaftServerConfigKeys (ConfUtils.java:logGet(46)) - raft.server.log.statemachine.data.sync.timeout.retry = 30 (custom)
2024-05-12 17:41:36,024 [d0e7fafe-f667-41fb-a16a-ecd1bcb446b6-groupManagement] INFO  server.RaftServerConfigKeys (ConfUtils.java:logGet(46)) - raft.server.log.write.buffer.size = 8388616 (custom)
2024-05-12 17:41:36,025 [d0e7fafe-f667-41fb-a16a-ecd1bcb446b6-groupManagement] INFO  server.RaftServerConfigKeys (ConfUtils.java:logGet(46)) - raft.server.log.appender.buffer.byte-limit = 8388608 (custom)
2024-05-12 17:41:36,025 [d0e7fafe-f667-41fb-a16a-ecd1bcb446b6-groupManagement] INFO  server.RaftServerConfigKeys (ConfUtils.java:logGet(46)) - raft.server.log.unsafe-flush.enabled = false (default)
2024-05-12 17:41:36,025 [d0e7fafe-f667-41fb-a16a-ecd1bcb446b6-groupManagement] INFO  server.RaftServerConfigKeys (ConfUtils.java:logGet(46)) - raft.server.log.async-flush.enabled = false (default)
2024-05-12 17:41:36,025 [d0e7fafe-f667-41fb-a16a-ecd1bcb446b6-groupManagement] INFO  server.RaftServerConfigKeys (ConfUtils.java:logGet(46)) - raft.server.log.statemachine.data.caching.enabled = true (custom)
2024-05-12 17:41:36,025 [d0e7fafe-f667-41fb-a16a-ecd1bcb446b6-groupManagement] INFO  segmented.SegmentedRaftLogWorker (SegmentedRaftLogWorker.java:lambda$new$0(134)) - d0e7fafe-f667-41fb-a16a-ecd1bcb446b6@group-4DEECBE98265-SegmentedRaftLogWorker: flushIndex: setUnconditionally 0 -> -1
2024-05-12 17:41:36,026 [d0e7fafe-f667-41fb-a16a-ecd1bcb446b6-groupManagement] INFO  segmented.SegmentedRaftLogWorker (SegmentedRaftLogWorker.java:lambda$new$0(134)) - d0e7fafe-f667-41fb-a16a-ecd1bcb446b6@group-4DEECBE98265-SegmentedRaftLogWorker: safeCacheEvictIndex: setUnconditionally 0 -> -1
2024-05-12 17:41:36,026 [d0e7fafe-f667-41fb-a16a-ecd1bcb446b6-groupManagement] INFO  server.RaftServer$Division (RaftServerImpl.java:start(396)) - d0e7fafe-f667-41fb-a16a-ecd1bcb446b6@group-4DEECBE98265: start as a follower, conf=-1: peers:[d0e7fafe-f667-41fb-a16a-ecd1bcb446b6|127.0.0.1:15308, b7336ce2-a724-4c4a-8025-d323d27fa237|127.0.0.1:15317, 89a6d998-d419-473a-a6ed-8243f7f30d05|127.0.0.1:15326]|listeners:[], old=null
2024-05-12 17:41:36,026 [d0e7fafe-f667-41fb-a16a-ecd1bcb446b6-groupManagement] INFO  server.RaftServer$Division (RaftServerImpl.java:setRole(383)) - d0e7fafe-f667-41fb-a16a-ecd1bcb446b6@group-4DEECBE98265: changes role from      null to FOLLOWER at term 0 for startAsFollower
2024-05-12 17:41:36,026 [d0e7fafe-f667-41fb-a16a-ecd1bcb446b6-groupManagement] INFO  impl.RoleInfo (RoleInfo.java:updateAndGet(139)) - d0e7fafe-f667-41fb-a16a-ecd1bcb446b6: start d0e7fafe-f667-41fb-a16a-ecd1bcb446b6@group-4DEECBE98265-FollowerState
2024-05-12 17:41:36,026 [d0e7fafe-f667-41fb-a16a-ecd1bcb446b6@group-4DEECBE98265-FollowerState] INFO  server.RaftServerConfigKeys (ConfUtils.java:logFallback(53)) - raft.server.rpc.first-election.timeout.min = 1s (fallback to raft.server.rpc.timeout.min)
2024-05-12 17:41:36,026 [d0e7fafe-f667-41fb-a16a-ecd1bcb446b6-groupManagement] INFO  util.JmxRegister (JmxRegister.java:tryRegister(44)) - Successfully registered JMX Bean with object name Ratis:service=RaftServer,group=group-4DEECBE98265,id=d0e7fafe-f667-41fb-a16a-ecd1bcb446b6
2024-05-12 17:41:36,026 [d0e7fafe-f667-41fb-a16a-ecd1bcb446b6@group-4DEECBE98265-FollowerState] INFO  server.RaftServerConfigKeys (ConfUtils.java:logFallback(53)) - raft.server.rpc.first-election.timeout.max = 1200ms (fallback to raft.server.rpc.timeout.max)
2024-05-12 17:41:36,026 [d0e7fafe-f667-41fb-a16a-ecd1bcb446b6-groupManagement] INFO  server.RaftServerConfigKeys (ConfUtils.java:logGet(46)) - raft.server.snapshot.trigger-when-stop.enabled = true (default)
2024-05-12 17:41:36,026 [d0e7fafe-f667-41fb-a16a-ecd1bcb446b6-groupManagement] INFO  server.RaftServerConfigKeys (ConfUtils.java:logGet(46)) - raft.server.snapshot.auto.trigger.enabled = true (custom)
2024-05-12 17:41:36,027 [d0e7fafe-f667-41fb-a16a-ecd1bcb446b6-groupManagement] INFO  server.RaftServerConfigKeys (ConfUtils.java:logGet(46)) - raft.server.snapshot.auto.trigger.threshold = 10000 (custom)
2024-05-12 17:41:36,027 [d0e7fafe-f667-41fb-a16a-ecd1bcb446b6-groupManagement] INFO  server.RaftServerConfigKeys (ConfUtils.java:logGet(46)) - raft.server.snapshot.retention.file.num = 5 (custom)
2024-05-12 17:41:36,027 [d0e7fafe-f667-41fb-a16a-ecd1bcb446b6-groupManagement] INFO  server.RaftServerConfigKeys (ConfUtils.java:logGet(46)) - raft.server.log.purge.upto.snapshot.index = false (default)
2024-05-12 17:41:36,027 [d0e7fafe-f667-41fb-a16a-ecd1bcb446b6-PipelineCommandHandlerThread-0] INFO  ratis.XceiverServerRatis (XceiverServerRatis.java:addGroup(864)) - Created group PipelineID=fe447605-f0fa-43ae-a4cb-4deecbe98265
2024-05-12 17:41:36,032 [grpc-default-executor-0] INFO  server.RaftServer (RaftServerProxy.java:addNew(100)) - 89a6d998-d419-473a-a6ed-8243f7f30d05: addNew group-4DEECBE98265:[d0e7fafe-f667-41fb-a16a-ecd1bcb446b6|127.0.0.1:15308, b7336ce2-a724-4c4a-8025-d323d27fa237|127.0.0.1:15317, 89a6d998-d419-473a-a6ed-8243f7f30d05|127.0.0.1:15326] returns group-4DEECBE98265:java.util.concurrent.CompletableFuture@4b856182[Not completed]
2024-05-12 17:41:36,033 [89a6d998-d419-473a-a6ed-8243f7f30d05-groupManagement] INFO  server.RaftServer$Division (RaftServerImpl.java:<init>(256)) - 89a6d998-d419-473a-a6ed-8243f7f30d05: new RaftServerImpl for group-4DEECBE98265:[d0e7fafe-f667-41fb-a16a-ecd1bcb446b6|127.0.0.1:15308, b7336ce2-a724-4c4a-8025-d323d27fa237|127.0.0.1:15317, 89a6d998-d419-473a-a6ed-8243f7f30d05|127.0.0.1:15326] with ContainerStateMachine:uninitialized
2024-05-12 17:41:36,033 [89a6d998-d419-473a-a6ed-8243f7f30d05-groupManagement] INFO  server.RaftServerConfigKeys (ConfUtils.java:logGet(46)) - raft.server.rpc.timeout.min = 1s (custom)
2024-05-12 17:41:36,033 [89a6d998-d419-473a-a6ed-8243f7f30d05-groupManagement] INFO  server.RaftServerConfigKeys (ConfUtils.java:logGet(46)) - raft.server.rpc.timeout.max = 1200ms (custom)
2024-05-12 17:41:36,033 [89a6d998-d419-473a-a6ed-8243f7f30d05-groupManagement] INFO  server.RaftServerConfigKeys (ConfUtils.java:logGet(46)) - raft.server.rpc.sleep.time = 25ms (default)
2024-05-12 17:41:36,033 [89a6d998-d419-473a-a6ed-8243f7f30d05-groupManagement] INFO  server.RaftServerConfigKeys (ConfUtils.java:logGet(46)) - raft.server.rpc.slowness.timeout = 300000ms (custom)
2024-05-12 17:41:36,033 [89a6d998-d419-473a-a6ed-8243f7f30d05-groupManagement] INFO  server.RaftServerConfigKeys (ConfUtils.java:logGet(46)) - raft.server.leaderelection.leader.step-down.wait-time = 10s (default)
2024-05-12 17:41:36,033 [89a6d998-d419-473a-a6ed-8243f7f30d05-groupManagement] INFO  server.RaftServerConfigKeys (ConfUtils.java:logGet(46)) - raft.server.leaderelection.member.majority-add = false (default)
2024-05-12 17:41:36,033 [89a6d998-d419-473a-a6ed-8243f7f30d05-groupManagement] INFO  server.RaftServerConfigKeys (ConfUtils.java:logGet(46)) - raft.server.sleep.deviation.threshold = 300ms (default)
2024-05-12 17:41:36,033 [89a6d998-d419-473a-a6ed-8243f7f30d05-groupManagement] INFO  server.RaftServer$Division (ServerState.java:<init>(113)) - 89a6d998-d419-473a-a6ed-8243f7f30d05@group-4DEECBE98265: ConfigurationManager, init=-1: peers:[d0e7fafe-f667-41fb-a16a-ecd1bcb446b6|127.0.0.1:15308, b7336ce2-a724-4c4a-8025-d323d27fa237|127.0.0.1:15317, 89a6d998-d419-473a-a6ed-8243f7f30d05|127.0.0.1:15326]|listeners:[], old=null, confs=<EMPTY_MAP>
2024-05-12 17:41:36,033 [89a6d998-d419-473a-a6ed-8243f7f30d05-groupManagement] INFO  server.RaftServerConfigKeys (ConfUtils.java:logGet(46)) - raft.server.notification.no-leader.timeout = 300000ms (custom)
2024-05-12 17:41:36,033 [89a6d998-d419-473a-a6ed-8243f7f30d05-groupManagement] INFO  server.RaftServerConfigKeys (ConfUtils.java:logGet(46)) - raft.server.read.timeout = 10s (default)
2024-05-12 17:41:36,033 [89a6d998-d419-473a-a6ed-8243f7f30d05-groupManagement] INFO  server.RaftServerConfigKeys (ConfUtils.java:logGet(46)) - raft.server.retrycache.expirytime = 600000ms (custom)
2024-05-12 17:41:36,033 [89a6d998-d419-473a-a6ed-8243f7f30d05-groupManagement] INFO  server.RaftServerConfigKeys (ConfUtils.java:logGet(46)) - raft.server.retrycache.statistics.expirytime = 100ms (default)
2024-05-12 17:41:36,033 [89a6d998-d419-473a-a6ed-8243f7f30d05-groupManagement] INFO  server.RaftServerConfigKeys (ConfUtils.java:logGet(46)) - raft.server.read.option = DEFAULT (default)
2024-05-12 17:41:36,033 [89a6d998-d419-473a-a6ed-8243f7f30d05-groupManagement] INFO  server.RaftServerConfigKeys (ConfUtils.java:logGet(46)) - raft.server.read.read-after-write-consistent.write-index-cache.expiry-time = 60s (default)
2024-05-12 17:41:36,035 [89a6d998-d419-473a-a6ed-8243f7f30d05-groupManagement] INFO  server.RaftServerConfigKeys (ConfUtils.java:logGet(46)) - raft.server.rpc.request.timeout = 3000ms (default)
2024-05-12 17:41:36,035 [89a6d998-d419-473a-a6ed-8243f7f30d05-groupManagement] INFO  server.RaftServerConfigKeys (ConfUtils.java:logGet(46)) - raft.server.log.appender.install.snapshot.enabled = false (custom)
2024-05-12 17:41:36,035 [89a6d998-d419-473a-a6ed-8243f7f30d05-groupManagement] INFO  server.RaftServerConfigKeys (ConfUtils.java:logGet(46)) - raft.server.threadpool.server.cached = true (default)
2024-05-12 17:41:36,036 [89a6d998-d419-473a-a6ed-8243f7f30d05-groupManagement] INFO  server.RaftServerConfigKeys (ConfUtils.java:logGet(46)) - raft.server.threadpool.server.size = 0 (default)
2024-05-12 17:41:36,036 [89a6d998-d419-473a-a6ed-8243f7f30d05-groupManagement] INFO  server.RaftServerConfigKeys (ConfUtils.java:logGet(46)) - raft.server.threadpool.client.cached = true (default)
2024-05-12 17:41:36,036 [89a6d998-d419-473a-a6ed-8243f7f30d05-groupManagement] INFO  server.RaftServerConfigKeys (ConfUtils.java:logGet(46)) - raft.server.threadpool.client.size = 0 (default)
2024-05-12 17:41:36,036 [89a6d998-d419-473a-a6ed-8243f7f30d05-groupManagement] INFO  server.RaftServerConfigKeys (ConfUtils.java:logGet(46)) - raft.server.storage.free-space.min = 0MB (=0) (default)
2024-05-12 17:41:36,036 [89a6d998-d419-473a-a6ed-8243f7f30d05-groupManagement] INFO  server.RaftServerConfigKeys (ConfUtils.java:logGet(46)) - raft.server.log.corruption.policy = EXCEPTION (default)
2024-05-12 17:41:36,036 [89a6d998-d419-473a-a6ed-8243f7f30d05-groupManagement] INFO  server.RaftServerConfigKeys (ConfUtils.java:logGet(46)) - raft.server.storage.dir = [/home/runner/work/ozone/ozone/hadoop-ozone/integration-test/target/test-dir/MiniOzoneClusterImpl-71ef5771-1bca-432b-8888-38dc3c8d5d63/ozone-meta/datanode-3/ratis] (custom)
2024-05-12 17:41:36,036 [89a6d998-d419-473a-a6ed-8243f7f30d05-groupManagement] INFO  storage.RaftStorageDirectory (RaftStorageDirectoryImpl.java:analyzeStorage(138)) - The storage directory /home/runner/work/ozone/ozone/hadoop-ozone/integration-test/target/test-dir/MiniOzoneClusterImpl-71ef5771-1bca-432b-8888-38dc3c8d5d63/ozone-meta/datanode-3/ratis/fe447605-f0fa-43ae-a4cb-4deecbe98265 does not exist. Creating ...
2024-05-12 17:41:36,037 [89a6d998-d419-473a-a6ed-8243f7f30d05-groupManagement] INFO  storage.RaftStorageDirectory (RaftStorageDirectoryImpl.java:tryLock(228)) - Lock on /home/runner/work/ozone/ozone/hadoop-ozone/integration-test/target/test-dir/MiniOzoneClusterImpl-71ef5771-1bca-432b-8888-38dc3c8d5d63/ozone-meta/datanode-3/ratis/fe447605-f0fa-43ae-a4cb-4deecbe98265/in_use.lock acquired by nodename 12547@fv-az576-466
2024-05-12 17:41:36,038 [89a6d998-d419-473a-a6ed-8243f7f30d05-groupManagement] INFO  storage.RaftStorage (RaftStorageImpl.java:format(99)) - Storage directory /home/runner/work/ozone/ozone/hadoop-ozone/integration-test/target/test-dir/MiniOzoneClusterImpl-71ef5771-1bca-432b-8888-38dc3c8d5d63/ozone-meta/datanode-3/ratis/fe447605-f0fa-43ae-a4cb-4deecbe98265 has been successfully formatted.
2024-05-12 17:41:36,038 [89a6d998-d419-473a-a6ed-8243f7f30d05-groupManagement] WARN  util.FileUtils (LogUtils.java:supplyAndLog(63)) - Failed to Files.newInputStream /home/runner/work/ozone/ozone/hadoop-ozone/integration-test/target/test-dir/MiniOzoneClusterImpl-71ef5771-1bca-432b-8888-38dc3c8d5d63/ozone-meta/datanode-3/ratis/fe447605-f0fa-43ae-a4cb-4deecbe98265/current/raft-meta.conf with options []: java.nio.file.NoSuchFileException: /home/runner/work/ozone/ozone/hadoop-ozone/integration-test/target/test-dir/MiniOzoneClusterImpl-71ef5771-1bca-432b-8888-38dc3c8d5d63/ozone-meta/datanode-3/ratis/fe447605-f0fa-43ae-a4cb-4deecbe98265/current/raft-meta.conf
2024-05-12 17:41:36,038 [89a6d998-d419-473a-a6ed-8243f7f30d05-groupManagement] INFO  ratis.ContainerStateMachine (ContainerStateMachine.java:loadSnapshot(287)) - group-4DEECBE98265: The snapshot info is null. Setting the last applied index to:(t:0, i:~)
2024-05-12 17:41:36,039 [89a6d998-d419-473a-a6ed-8243f7f30d05-groupManagement] INFO  server.RaftServerConfigKeys (ConfUtils.java:logGet(46)) - raft.server.log.use.memory = false (default)
2024-05-12 17:41:36,039 [89a6d998-d419-473a-a6ed-8243f7f30d05-groupManagement] INFO  server.RaftServerConfigKeys (ConfUtils.java:logGet(46)) - raft.server.log.purge.gap = 1000000 (custom)
2024-05-12 17:41:36,039 [89a6d998-d419-473a-a6ed-8243f7f30d05-groupManagement] INFO  server.RaftServerConfigKeys (ConfUtils.java:logGet(46)) - raft.server.log.appender.buffer.byte-limit = 8388608 (custom)
2024-05-12 17:41:36,039 [89a6d998-d419-473a-a6ed-8243f7f30d05-groupManagement] INFO  server.RaftServerConfigKeys (ConfUtils.java:logGet(46)) - raft.server.log.statemachine.data.read.timeout = 1000ms (default)
2024-05-12 17:41:36,039 [89a6d998-d419-473a-a6ed-8243f7f30d05-groupManagement] INFO  server.RaftServerConfigKeys (ConfUtils.java:logGet(46)) - raft.server.log.purge.preservation.log.num = 0 (default)
2024-05-12 17:41:36,040 [89a6d998-d419-473a-a6ed-8243f7f30d05-groupManagement] INFO  server.RaftServerConfigKeys (ConfUtils.java:logGet(46)) - raft.server.log.segment.size.max = 67108864 (custom)
2024-05-12 17:41:36,040 [89a6d998-d419-473a-a6ed-8243f7f30d05-groupManagement] INFO  server.RaftServerConfigKeys (ConfUtils.java:logGet(46)) - raft.server.log.segment.cache.num.max = 2 (custom)
2024-05-12 17:41:36,040 [89a6d998-d419-473a-a6ed-8243f7f30d05-groupManagement] INFO  server.RaftServerConfigKeys (ConfUtils.java:logGet(46)) - raft.server.log.segment.cache.size.max = 200MB (=209715200) (default)
2024-05-12 17:41:36,040 [89a6d998-d419-473a-a6ed-8243f7f30d05-groupManagement] INFO  server.RaftServerConfigKeys (ConfUtils.java:logGet(46)) - raft.server.log.appender.buffer.byte-limit = 8388608 (custom)
2024-05-12 17:41:36,040 [89a6d998-d419-473a-a6ed-8243f7f30d05-groupManagement] INFO  util.AwaitToRun (AwaitToRun.java:start(81)) - Thread[89a6d998-d419-473a-a6ed-8243f7f30d05@group-4DEECBE98265-cacheEviction-AwaitToRun,5,main] started
2024-05-12 17:41:36,040 [89a6d998-d419-473a-a6ed-8243f7f30d05-groupManagement] INFO  segmented.SegmentedRaftLogWorker (SegmentedRaftLogWorker.java:<init>(182)) - new 89a6d998-d419-473a-a6ed-8243f7f30d05@group-4DEECBE98265-SegmentedRaftLogWorker for RaftStorageImpl:Storage Directory /home/runner/work/ozone/ozone/hadoop-ozone/integration-test/target/test-dir/MiniOzoneClusterImpl-71ef5771-1bca-432b-8888-38dc3c8d5d63/ozone-meta/datanode-3/ratis/fe447605-f0fa-43ae-a4cb-4deecbe98265
2024-05-12 17:41:36,040 [89a6d998-d419-473a-a6ed-8243f7f30d05-groupManagement] INFO  server.RaftServerConfigKeys (ConfUtils.java:logGet(46)) - raft.server.log.queue.byte-limit = 4294967296 (custom)
2024-05-12 17:41:36,040 [89a6d998-d419-473a-a6ed-8243f7f30d05-groupManagement] INFO  server.RaftServerConfigKeys (ConfUtils.java:logGet(46)) - raft.server.log.queue.element-limit = 1024 (custom)
2024-05-12 17:41:36,040 [89a6d998-d419-473a-a6ed-8243f7f30d05-groupManagement] INFO  server.RaftServerConfigKeys (ConfUtils.java:logGet(46)) - raft.server.log.segment.size.max = 67108864 (custom)
2024-05-12 17:41:36,041 [89a6d998-d419-473a-a6ed-8243f7f30d05-groupManagement] INFO  server.RaftServerConfigKeys (ConfUtils.java:logGet(46)) - raft.server.log.preallocated.size = 4194304 (custom)
2024-05-12 17:41:36,041 [89a6d998-d419-473a-a6ed-8243f7f30d05-groupManagement] INFO  server.RaftServerConfigKeys (ConfUtils.java:logGet(46)) - raft.server.log.force.sync.num = 128 (default)
2024-05-12 17:41:36,041 [89a6d998-d419-473a-a6ed-8243f7f30d05-groupManagement] INFO  server.RaftServerConfigKeys (ConfUtils.java:logGet(46)) - raft.server.log.statemachine.data.sync = true (default)
2024-05-12 17:41:36,041 [89a6d998-d419-473a-a6ed-8243f7f30d05-groupManagement] INFO  server.RaftServerConfigKeys (ConfUtils.java:logGet(46)) - raft.server.log.statemachine.data.sync.timeout = 10s (default)
2024-05-12 17:41:36,041 [89a6d998-d419-473a-a6ed-8243f7f30d05-groupManagement] INFO  server.RaftServerConfigKeys (ConfUtils.java:logGet(46)) - raft.server.log.statemachine.data.sync.timeout.retry = 30 (custom)
2024-05-12 17:41:36,041 [89a6d998-d419-473a-a6ed-8243f7f30d05-groupManagement] INFO  server.RaftServerConfigKeys (ConfUtils.java:logGet(46)) - raft.server.log.write.buffer.size = 8388616 (custom)
2024-05-12 17:41:36,042 [89a6d998-d419-473a-a6ed-8243f7f30d05-groupManagement] INFO  server.RaftServerConfigKeys (ConfUtils.java:logGet(46)) - raft.server.log.appender.buffer.byte-limit = 8388608 (custom)
2024-05-12 17:41:36,042 [89a6d998-d419-473a-a6ed-8243f7f30d05-groupManagement] INFO  server.RaftServerConfigKeys (ConfUtils.java:logGet(46)) - raft.server.log.unsafe-flush.enabled = false (default)
2024-05-12 17:41:36,042 [89a6d998-d419-473a-a6ed-8243f7f30d05-groupManagement] INFO  server.RaftServerConfigKeys (ConfUtils.java:logGet(46)) - raft.server.log.async-flush.enabled = false (default)
2024-05-12 17:41:36,042 [89a6d998-d419-473a-a6ed-8243f7f30d05-groupManagement] INFO  server.RaftServerConfigKeys (ConfUtils.java:logGet(46)) - raft.server.log.statemachine.data.caching.enabled = true (custom)
2024-05-12 17:41:36,042 [89a6d998-d419-473a-a6ed-8243f7f30d05-groupManagement] INFO  segmented.SegmentedRaftLogWorker (SegmentedRaftLogWorker.java:lambda$new$0(134)) - 89a6d998-d419-473a-a6ed-8243f7f30d05@group-4DEECBE98265-SegmentedRaftLogWorker: flushIndex: setUnconditionally 0 -> -1
2024-05-12 17:41:36,042 [89a6d998-d419-473a-a6ed-8243f7f30d05-groupManagement] INFO  segmented.SegmentedRaftLogWorker (SegmentedRaftLogWorker.java:lambda$new$0(134)) - 89a6d998-d419-473a-a6ed-8243f7f30d05@group-4DEECBE98265-SegmentedRaftLogWorker: safeCacheEvictIndex: setUnconditionally 0 -> -1
2024-05-12 17:41:36,042 [89a6d998-d419-473a-a6ed-8243f7f30d05-groupManagement] INFO  server.RaftServer$Division (RaftServerImpl.java:start(396)) - 89a6d998-d419-473a-a6ed-8243f7f30d05@group-4DEECBE98265: start as a follower, conf=-1: peers:[d0e7fafe-f667-41fb-a16a-ecd1bcb446b6|127.0.0.1:15308, b7336ce2-a724-4c4a-8025-d323d27fa237|127.0.0.1:15317, 89a6d998-d419-473a-a6ed-8243f7f30d05|127.0.0.1:15326]|listeners:[], old=null
2024-05-12 17:41:36,042 [89a6d998-d419-473a-a6ed-8243f7f30d05-groupManagement] INFO  server.RaftServer$Division (RaftServerImpl.java:setRole(383)) - 89a6d998-d419-473a-a6ed-8243f7f30d05@group-4DEECBE98265: changes role from      null to FOLLOWER at term 0 for startAsFollower
2024-05-12 17:41:36,042 [89a6d998-d419-473a-a6ed-8243f7f30d05-groupManagement] INFO  impl.RoleInfo (RoleInfo.java:updateAndGet(139)) - 89a6d998-d419-473a-a6ed-8243f7f30d05: start 89a6d998-d419-473a-a6ed-8243f7f30d05@group-4DEECBE98265-FollowerState
2024-05-12 17:41:36,043 [89a6d998-d419-473a-a6ed-8243f7f30d05@group-4DEECBE98265-FollowerState] INFO  server.RaftServerConfigKeys (ConfUtils.java:logFallback(53)) - raft.server.rpc.first-election.timeout.min = 1s (fallback to raft.server.rpc.timeout.min)
2024-05-12 17:41:36,043 [89a6d998-d419-473a-a6ed-8243f7f30d05@group-4DEECBE98265-FollowerState] INFO  server.RaftServerConfigKeys (ConfUtils.java:logFallback(53)) - raft.server.rpc.first-election.timeout.max = 1200ms (fallback to raft.server.rpc.timeout.max)
2024-05-12 17:41:36,043 [89a6d998-d419-473a-a6ed-8243f7f30d05-groupManagement] INFO  util.JmxRegister (JmxRegister.java:tryRegister(44)) - Successfully registered JMX Bean with object name Ratis:service=RaftServer,group=group-4DEECBE98265,id=89a6d998-d419-473a-a6ed-8243f7f30d05
2024-05-12 17:41:36,043 [89a6d998-d419-473a-a6ed-8243f7f30d05-groupManagement] INFO  server.RaftServerConfigKeys (ConfUtils.java:logGet(46)) - raft.server.snapshot.trigger-when-stop.enabled = true (default)
2024-05-12 17:41:36,043 [89a6d998-d419-473a-a6ed-8243f7f30d05-groupManagement] INFO  server.RaftServerConfigKeys (ConfUtils.java:logGet(46)) - raft.server.snapshot.auto.trigger.enabled = true (custom)
2024-05-12 17:41:36,043 [89a6d998-d419-473a-a6ed-8243f7f30d05-groupManagement] INFO  server.RaftServerConfigKeys (ConfUtils.java:logGet(46)) - raft.server.snapshot.auto.trigger.threshold = 10000 (custom)
2024-05-12 17:41:36,043 [89a6d998-d419-473a-a6ed-8243f7f30d05-groupManagement] INFO  server.RaftServerConfigKeys (ConfUtils.java:logGet(46)) - raft.server.snapshot.retention.file.num = 5 (custom)
2024-05-12 17:41:36,043 [89a6d998-d419-473a-a6ed-8243f7f30d05-groupManagement] INFO  server.RaftServerConfigKeys (ConfUtils.java:logGet(46)) - raft.server.log.purge.upto.snapshot.index = false (default)
2024-05-12 17:41:36,049 [grpc-default-executor-0] INFO  server.RaftServer (RaftServerProxy.java:addNew(100)) - b7336ce2-a724-4c4a-8025-d323d27fa237: addNew group-4DEECBE98265:[d0e7fafe-f667-41fb-a16a-ecd1bcb446b6|127.0.0.1:15308, b7336ce2-a724-4c4a-8025-d323d27fa237|127.0.0.1:15317, 89a6d998-d419-473a-a6ed-8243f7f30d05|127.0.0.1:15326] returns group-4DEECBE98265:java.util.concurrent.CompletableFuture@d1a1ac1[Not completed]
2024-05-12 17:41:36,050 [b7336ce2-a724-4c4a-8025-d323d27fa237-groupManagement] INFO  server.RaftServer$Division (RaftServerImpl.java:<init>(256)) - b7336ce2-a724-4c4a-8025-d323d27fa237: new RaftServerImpl for group-4DEECBE98265:[d0e7fafe-f667-41fb-a16a-ecd1bcb446b6|127.0.0.1:15308, b7336ce2-a724-4c4a-8025-d323d27fa237|127.0.0.1:15317, 89a6d998-d419-473a-a6ed-8243f7f30d05|127.0.0.1:15326] with ContainerStateMachine:uninitialized
2024-05-12 17:41:36,050 [b7336ce2-a724-4c4a-8025-d323d27fa237-groupManagement] INFO  server.RaftServerConfigKeys (ConfUtils.java:logGet(46)) - raft.server.rpc.timeout.min = 1s (custom)
2024-05-12 17:41:36,050 [b7336ce2-a724-4c4a-8025-d323d27fa237-groupManagement] INFO  server.RaftServerConfigKeys (ConfUtils.java:logGet(46)) - raft.server.rpc.timeout.max = 1200ms (custom)
2024-05-12 17:41:36,050 [b7336ce2-a724-4c4a-8025-d323d27fa237-groupManagement] INFO  server.RaftServerConfigKeys (ConfUtils.java:logGet(46)) - raft.server.rpc.sleep.time = 25ms (default)
2024-05-12 17:41:36,050 [b7336ce2-a724-4c4a-8025-d323d27fa237-groupManagement] INFO  server.RaftServerConfigKeys (ConfUtils.java:logGet(46)) - raft.server.rpc.slowness.timeout = 300000ms (custom)
2024-05-12 17:41:36,050 [b7336ce2-a724-4c4a-8025-d323d27fa237-groupManagement] INFO  server.RaftServerConfigKeys (ConfUtils.java:logGet(46)) - raft.server.leaderelection.leader.step-down.wait-time = 10s (default)
2024-05-12 17:41:36,050 [b7336ce2-a724-4c4a-8025-d323d27fa237-groupManagement] INFO  server.RaftServerConfigKeys (ConfUtils.java:logGet(46)) - raft.server.leaderelection.member.majority-add = false (default)
2024-05-12 17:41:36,050 [b7336ce2-a724-4c4a-8025-d323d27fa237-groupManagement] INFO  server.RaftServerConfigKeys (ConfUtils.java:logGet(46)) - raft.server.sleep.deviation.threshold = 300ms (default)
2024-05-12 17:41:36,050 [b7336ce2-a724-4c4a-8025-d323d27fa237-groupManagement] INFO  server.RaftServer$Division (ServerState.java:<init>(113)) - b7336ce2-a724-4c4a-8025-d323d27fa237@group-4DEECBE98265: ConfigurationManager, init=-1: peers:[d0e7fafe-f667-41fb-a16a-ecd1bcb446b6|127.0.0.1:15308, b7336ce2-a724-4c4a-8025-d323d27fa237|127.0.0.1:15317, 89a6d998-d419-473a-a6ed-8243f7f30d05|127.0.0.1:15326]|listeners:[], old=null, confs=<EMPTY_MAP>
2024-05-12 17:41:36,050 [b7336ce2-a724-4c4a-8025-d323d27fa237-groupManagement] INFO  server.RaftServerConfigKeys (ConfUtils.java:logGet(46)) - raft.server.notification.no-leader.timeout = 300000ms (custom)
2024-05-12 17:41:36,050 [b7336ce2-a724-4c4a-8025-d323d27fa237-groupManagement] INFO  server.RaftServerConfigKeys (ConfUtils.java:logGet(46)) - raft.server.read.timeout = 10s (default)
2024-05-12 17:41:36,050 [b7336ce2-a724-4c4a-8025-d323d27fa237-groupManagement] INFO  server.RaftServerConfigKeys (ConfUtils.java:logGet(46)) - raft.server.retrycache.expirytime = 600000ms (custom)
2024-05-12 17:41:36,050 [b7336ce2-a724-4c4a-8025-d323d27fa237-groupManagement] INFO  server.RaftServerConfigKeys (ConfUtils.java:logGet(46)) - raft.server.retrycache.statistics.expirytime = 100ms (default)
2024-05-12 17:41:36,050 [b7336ce2-a724-4c4a-8025-d323d27fa237-groupManagement] INFO  server.RaftServerConfigKeys (ConfUtils.java:logGet(46)) - raft.server.read.option = DEFAULT (default)
2024-05-12 17:41:36,050 [b7336ce2-a724-4c4a-8025-d323d27fa237-groupManagement] INFO  server.RaftServerConfigKeys (ConfUtils.java:logGet(46)) - raft.server.read.read-after-write-consistent.write-index-cache.expiry-time = 60s (default)
2024-05-12 17:41:36,052 [b7336ce2-a724-4c4a-8025-d323d27fa237-groupManagement] INFO  server.RaftServerConfigKeys (ConfUtils.java:logGet(46)) - raft.server.rpc.request.timeout = 3000ms (default)
2024-05-12 17:41:36,052 [b7336ce2-a724-4c4a-8025-d323d27fa237-groupManagement] INFO  server.RaftServerConfigKeys (ConfUtils.java:logGet(46)) - raft.server.log.appender.install.snapshot.enabled = false (custom)
2024-05-12 17:41:36,052 [b7336ce2-a724-4c4a-8025-d323d27fa237-groupManagement] INFO  server.RaftServerConfigKeys (ConfUtils.java:logGet(46)) - raft.server.threadpool.server.cached = true (default)
2024-05-12 17:41:36,052 [b7336ce2-a724-4c4a-8025-d323d27fa237-groupManagement] INFO  server.RaftServerConfigKeys (ConfUtils.java:logGet(46)) - raft.server.threadpool.server.size = 0 (default)
2024-05-12 17:41:36,053 [b7336ce2-a724-4c4a-8025-d323d27fa237-groupManagement] INFO  server.RaftServerConfigKeys (ConfUtils.java:logGet(46)) - raft.server.threadpool.client.cached = true (default)
2024-05-12 17:41:36,053 [b7336ce2-a724-4c4a-8025-d323d27fa237-groupManagement] INFO  server.RaftServerConfigKeys (ConfUtils.java:logGet(46)) - raft.server.threadpool.client.size = 0 (default)
2024-05-12 17:41:36,053 [b7336ce2-a724-4c4a-8025-d323d27fa237-groupManagement] INFO  server.RaftServerConfigKeys (ConfUtils.java:logGet(46)) - raft.server.storage.free-space.min = 0MB (=0) (default)
2024-05-12 17:41:36,053 [b7336ce2-a724-4c4a-8025-d323d27fa237-groupManagement] INFO  server.RaftServerConfigKeys (ConfUtils.java:logGet(46)) - raft.server.log.corruption.policy = EXCEPTION (default)
2024-05-12 17:41:36,053 [b7336ce2-a724-4c4a-8025-d323d27fa237-groupManagement] INFO  server.RaftServerConfigKeys (ConfUtils.java:logGet(46)) - raft.server.storage.dir = [/home/runner/work/ozone/ozone/hadoop-ozone/integration-test/target/test-dir/MiniOzoneClusterImpl-71ef5771-1bca-432b-8888-38dc3c8d5d63/ozone-meta/datanode-2/ratis] (custom)
2024-05-12 17:41:36,053 [b7336ce2-a724-4c4a-8025-d323d27fa237-groupManagement] INFO  storage.RaftStorageDirectory (RaftStorageDirectoryImpl.java:analyzeStorage(138)) - The storage directory /home/runner/work/ozone/ozone/hadoop-ozone/integration-test/target/test-dir/MiniOzoneClusterImpl-71ef5771-1bca-432b-8888-38dc3c8d5d63/ozone-meta/datanode-2/ratis/fe447605-f0fa-43ae-a4cb-4deecbe98265 does not exist. Creating ...
2024-05-12 17:41:36,054 [b7336ce2-a724-4c4a-8025-d323d27fa237-groupManagement] INFO  storage.RaftStorageDirectory (RaftStorageDirectoryImpl.java:tryLock(228)) - Lock on /home/runner/work/ozone/ozone/hadoop-ozone/integration-test/target/test-dir/MiniOzoneClusterImpl-71ef5771-1bca-432b-8888-38dc3c8d5d63/ozone-meta/datanode-2/ratis/fe447605-f0fa-43ae-a4cb-4deecbe98265/in_use.lock acquired by nodename 12547@fv-az576-466
2024-05-12 17:41:36,054 [b7336ce2-a724-4c4a-8025-d323d27fa237-groupManagement] INFO  storage.RaftStorage (RaftStorageImpl.java:format(99)) - Storage directory /home/runner/work/ozone/ozone/hadoop-ozone/integration-test/target/test-dir/MiniOzoneClusterImpl-71ef5771-1bca-432b-8888-38dc3c8d5d63/ozone-meta/datanode-2/ratis/fe447605-f0fa-43ae-a4cb-4deecbe98265 has been successfully formatted.
2024-05-12 17:41:36,055 [b7336ce2-a724-4c4a-8025-d323d27fa237-groupManagement] WARN  util.FileUtils (LogUtils.java:supplyAndLog(63)) - Failed to Files.newInputStream /home/runner/work/ozone/ozone/hadoop-ozone/integration-test/target/test-dir/MiniOzoneClusterImpl-71ef5771-1bca-432b-8888-38dc3c8d5d63/ozone-meta/datanode-2/ratis/fe447605-f0fa-43ae-a4cb-4deecbe98265/current/raft-meta.conf with options []: java.nio.file.NoSuchFileException: /home/runner/work/ozone/ozone/hadoop-ozone/integration-test/target/test-dir/MiniOzoneClusterImpl-71ef5771-1bca-432b-8888-38dc3c8d5d63/ozone-meta/datanode-2/ratis/fe447605-f0fa-43ae-a4cb-4deecbe98265/current/raft-meta.conf
2024-05-12 17:41:36,055 [b7336ce2-a724-4c4a-8025-d323d27fa237-groupManagement] INFO  ratis.ContainerStateMachine (ContainerStateMachine.java:loadSnapshot(287)) - group-4DEECBE98265: The snapshot info is null. Setting the last applied index to:(t:0, i:~)
2024-05-12 17:41:36,055 [b7336ce2-a724-4c4a-8025-d323d27fa237-groupManagement] INFO  server.RaftServerConfigKeys (ConfUtils.java:logGet(46)) - raft.server.log.use.memory = false (default)
2024-05-12 17:41:36,055 [b7336ce2-a724-4c4a-8025-d323d27fa237-groupManagement] INFO  server.RaftServerConfigKeys (ConfUtils.java:logGet(46)) - raft.server.log.purge.gap = 1000000 (custom)
2024-05-12 17:41:36,055 [b7336ce2-a724-4c4a-8025-d323d27fa237-groupManagement] INFO  server.RaftServerConfigKeys (ConfUtils.java:logGet(46)) - raft.server.log.appender.buffer.byte-limit = 8388608 (custom)
2024-05-12 17:41:36,055 [b7336ce2-a724-4c4a-8025-d323d27fa237-groupManagement] INFO  server.RaftServerConfigKeys (ConfUtils.java:logGet(46)) - raft.server.log.statemachine.data.read.timeout = 1000ms (default)
2024-05-12 17:41:36,055 [b7336ce2-a724-4c4a-8025-d323d27fa237-groupManagement] INFO  server.RaftServerConfigKeys (ConfUtils.java:logGet(46)) - raft.server.log.purge.preservation.log.num = 0 (default)
2024-05-12 17:41:36,056 [b7336ce2-a724-4c4a-8025-d323d27fa237-groupManagement] INFO  server.RaftServerConfigKeys (ConfUtils.java:logGet(46)) - raft.server.log.segment.size.max = 67108864 (custom)
2024-05-12 17:41:36,057 [b7336ce2-a724-4c4a-8025-d323d27fa237-groupManagement] INFO  server.RaftServerConfigKeys (ConfUtils.java:logGet(46)) - raft.server.log.segment.cache.num.max = 2 (custom)
2024-05-12 17:41:36,057 [b7336ce2-a724-4c4a-8025-d323d27fa237-groupManagement] INFO  server.RaftServerConfigKeys (ConfUtils.java:logGet(46)) - raft.server.log.segment.cache.size.max = 200MB (=209715200) (default)
2024-05-12 17:41:36,057 [b7336ce2-a724-4c4a-8025-d323d27fa237-groupManagement] INFO  server.RaftServerConfigKeys (ConfUtils.java:logGet(46)) - raft.server.log.appender.buffer.byte-limit = 8388608 (custom)
2024-05-12 17:41:36,057 [b7336ce2-a724-4c4a-8025-d323d27fa237-groupManagement] INFO  util.AwaitToRun (AwaitToRun.java:start(81)) - Thread[b7336ce2-a724-4c4a-8025-d323d27fa237@group-4DEECBE98265-cacheEviction-AwaitToRun,5,main] started
2024-05-12 17:41:36,057 [b7336ce2-a724-4c4a-8025-d323d27fa237-groupManagement] INFO  segmented.SegmentedRaftLogWorker (SegmentedRaftLogWorker.java:<init>(182)) - new b7336ce2-a724-4c4a-8025-d323d27fa237@group-4DEECBE98265-SegmentedRaftLogWorker for RaftStorageImpl:Storage Directory /home/runner/work/ozone/ozone/hadoop-ozone/integration-test/target/test-dir/MiniOzoneClusterImpl-71ef5771-1bca-432b-8888-38dc3c8d5d63/ozone-meta/datanode-2/ratis/fe447605-f0fa-43ae-a4cb-4deecbe98265
2024-05-12 17:41:36,057 [b7336ce2-a724-4c4a-8025-d323d27fa237-groupManagement] INFO  server.RaftServerConfigKeys (ConfUtils.java:logGet(46)) - raft.server.log.queue.byte-limit = 4294967296 (custom)
2024-05-12 17:41:36,057 [b7336ce2-a724-4c4a-8025-d323d27fa237-groupManagement] INFO  server.RaftServerConfigKeys (ConfUtils.java:logGet(46)) - raft.server.log.queue.element-limit = 1024 (custom)
2024-05-12 17:41:36,057 [b7336ce2-a724-4c4a-8025-d323d27fa237-groupManagement] INFO  server.RaftServerConfigKeys (ConfUtils.java:logGet(46)) - raft.server.log.segment.size.max = 67108864 (custom)
2024-05-12 17:41:36,057 [b7336ce2-a724-4c4a-8025-d323d27fa237-groupManagement] INFO  server.RaftServerConfigKeys (ConfUtils.java:logGet(46)) - raft.server.log.preallocated.size = 4194304 (custom)
2024-05-12 17:41:36,057 [b7336ce2-a724-4c4a-8025-d323d27fa237-groupManagement] INFO  server.RaftServerConfigKeys (ConfUtils.java:logGet(46)) - raft.server.log.force.sync.num = 128 (default)
2024-05-12 17:41:36,057 [b7336ce2-a724-4c4a-8025-d323d27fa237-groupManagement] INFO  server.RaftServerConfigKeys (ConfUtils.java:logGet(46)) - raft.server.log.statemachine.data.sync = true (default)
2024-05-12 17:41:36,057 [b7336ce2-a724-4c4a-8025-d323d27fa237-groupManagement] INFO  server.RaftServerConfigKeys (ConfUtils.java:logGet(46)) - raft.server.log.statemachine.data.sync.timeout = 10s (default)
2024-05-12 17:41:36,057 [b7336ce2-a724-4c4a-8025-d323d27fa237-groupManagement] INFO  server.RaftServerConfigKeys (ConfUtils.java:logGet(46)) - raft.server.log.statemachine.data.sync.timeout.retry = 30 (custom)
2024-05-12 17:41:36,057 [b7336ce2-a724-4c4a-8025-d323d27fa237-groupManagement] INFO  server.RaftServerConfigKeys (ConfUtils.java:logGet(46)) - raft.server.log.write.buffer.size = 8388616 (custom)
2024-05-12 17:41:36,059 [b7336ce2-a724-4c4a-8025-d323d27fa237-groupManagement] INFO  server.RaftServerConfigKeys (ConfUtils.java:logGet(46)) - raft.server.log.appender.buffer.byte-limit = 8388608 (custom)
2024-05-12 17:41:36,059 [b7336ce2-a724-4c4a-8025-d323d27fa237-groupManagement] INFO  server.RaftServerConfigKeys (ConfUtils.java:logGet(46)) - raft.server.log.unsafe-flush.enabled = false (default)
2024-05-12 17:41:36,059 [b7336ce2-a724-4c4a-8025-d323d27fa237-groupManagement] INFO  server.RaftServerConfigKeys (ConfUtils.java:logGet(46)) - raft.server.log.async-flush.enabled = false (default)
2024-05-12 17:41:36,059 [b7336ce2-a724-4c4a-8025-d323d27fa237-groupManagement] INFO  server.RaftServerConfigKeys (ConfUtils.java:logGet(46)) - raft.server.log.statemachine.data.caching.enabled = true (custom)
2024-05-12 17:41:36,059 [b7336ce2-a724-4c4a-8025-d323d27fa237-groupManagement] INFO  segmented.SegmentedRaftLogWorker (SegmentedRaftLogWorker.java:lambda$new$0(134)) - b7336ce2-a724-4c4a-8025-d323d27fa237@group-4DEECBE98265-SegmentedRaftLogWorker: flushIndex: setUnconditionally 0 -> -1
2024-05-12 17:41:36,059 [b7336ce2-a724-4c4a-8025-d323d27fa237-groupManagement] INFO  segmented.SegmentedRaftLogWorker (SegmentedRaftLogWorker.java:lambda$new$0(134)) - b7336ce2-a724-4c4a-8025-d323d27fa237@group-4DEECBE98265-SegmentedRaftLogWorker: safeCacheEvictIndex: setUnconditionally 0 -> -1
2024-05-12 17:41:36,059 [b7336ce2-a724-4c4a-8025-d323d27fa237-groupManagement] INFO  server.RaftServer$Division (RaftServerImpl.java:start(396)) - b7336ce2-a724-4c4a-8025-d323d27fa237@group-4DEECBE98265: start as a follower, conf=-1: peers:[d0e7fafe-f667-41fb-a16a-ecd1bcb446b6|127.0.0.1:15308, b7336ce2-a724-4c4a-8025-d323d27fa237|127.0.0.1:15317, 89a6d998-d419-473a-a6ed-8243f7f30d05|127.0.0.1:15326]|listeners:[], old=null
2024-05-12 17:41:36,059 [b7336ce2-a724-4c4a-8025-d323d27fa237-groupManagement] INFO  server.RaftServer$Division (RaftServerImpl.java:setRole(383)) - b7336ce2-a724-4c4a-8025-d323d27fa237@group-4DEECBE98265: changes role from      null to FOLLOWER at term 0 for startAsFollower
2024-05-12 17:41:36,059 [b7336ce2-a724-4c4a-8025-d323d27fa237-groupManagement] INFO  impl.RoleInfo (RoleInfo.java:updateAndGet(139)) - b7336ce2-a724-4c4a-8025-d323d27fa237: start b7336ce2-a724-4c4a-8025-d323d27fa237@group-4DEECBE98265-FollowerState
2024-05-12 17:41:36,060 [b7336ce2-a724-4c4a-8025-d323d27fa237-PipelineCommandHandlerThread-0] INFO  server.RaftServer (RaftServerProxy.java:addNew(100)) - b7336ce2-a724-4c4a-8025-d323d27fa237: addNew group-4DDFB6160DA4:[b7336ce2-a724-4c4a-8025-d323d27fa237|127.0.0.1:15317] returns group-4DDFB6160DA4:java.util.concurrent.CompletableFuture@16279519[Not completed]
2024-05-12 17:41:36,060 [b7336ce2-a724-4c4a-8025-d323d27fa237@group-4DEECBE98265-FollowerState] INFO  server.RaftServerConfigKeys (ConfUtils.java:logFallback(53)) - raft.server.rpc.first-election.timeout.min = 1s (fallback to raft.server.rpc.timeout.min)
2024-05-12 17:41:36,060 [b7336ce2-a724-4c4a-8025-d323d27fa237@group-4DEECBE98265-FollowerState] INFO  server.RaftServerConfigKeys (ConfUtils.java:logFallback(53)) - raft.server.rpc.first-election.timeout.max = 1200ms (fallback to raft.server.rpc.timeout.max)
2024-05-12 17:41:36,060 [b7336ce2-a724-4c4a-8025-d323d27fa237-groupManagement] INFO  util.JmxRegister (JmxRegister.java:tryRegister(44)) - Successfully registered JMX Bean with object name Ratis:service=RaftServer,group=group-4DEECBE98265,id=b7336ce2-a724-4c4a-8025-d323d27fa237
2024-05-12 17:41:36,060 [b7336ce2-a724-4c4a-8025-d323d27fa237-groupManagement] INFO  server.RaftServerConfigKeys (ConfUtils.java:logGet(46)) - raft.server.snapshot.trigger-when-stop.enabled = true (default)
2024-05-12 17:41:36,060 [b7336ce2-a724-4c4a-8025-d323d27fa237-groupManagement] INFO  server.RaftServerConfigKeys (ConfUtils.java:logGet(46)) - raft.server.snapshot.auto.trigger.enabled = true (custom)
2024-05-12 17:41:36,060 [b7336ce2-a724-4c4a-8025-d323d27fa237-groupManagement] INFO  server.RaftServerConfigKeys (ConfUtils.java:logGet(46)) - raft.server.snapshot.auto.trigger.threshold = 10000 (custom)
2024-05-12 17:41:36,060 [b7336ce2-a724-4c4a-8025-d323d27fa237-groupManagement] INFO  server.RaftServerConfigKeys (ConfUtils.java:logGet(46)) - raft.server.snapshot.retention.file.num = 5 (custom)
2024-05-12 17:41:36,060 [b7336ce2-a724-4c4a-8025-d323d27fa237-groupManagement] INFO  server.RaftServerConfigKeys (ConfUtils.java:logGet(46)) - raft.server.log.purge.upto.snapshot.index = false (default)
2024-05-12 17:41:36,063 [b7336ce2-a724-4c4a-8025-d323d27fa237-groupManagement] INFO  server.RaftServer$Division (RaftServerImpl.java:<init>(256)) - b7336ce2-a724-4c4a-8025-d323d27fa237: new RaftServerImpl for group-4DDFB6160DA4:[b7336ce2-a724-4c4a-8025-d323d27fa237|127.0.0.1:15317] with ContainerStateMachine:uninitialized
2024-05-12 17:41:36,063 [b7336ce2-a724-4c4a-8025-d323d27fa237-groupManagement] INFO  server.RaftServerConfigKeys (ConfUtils.java:logGet(46)) - raft.server.rpc.timeout.min = 1s (custom)
2024-05-12 17:41:36,063 [b7336ce2-a724-4c4a-8025-d323d27fa237-groupManagement] INFO  server.RaftServerConfigKeys (ConfUtils.java:logGet(46)) - raft.server.rpc.timeout.max = 1200ms (custom)
2024-05-12 17:41:36,063 [b7336ce2-a724-4c4a-8025-d323d27fa237-groupManagement] INFO  server.RaftServerConfigKeys (ConfUtils.java:logGet(46)) - raft.server.rpc.sleep.time = 25ms (default)
2024-05-12 17:41:36,063 [b7336ce2-a724-4c4a-8025-d323d27fa237-groupManagement] INFO  server.RaftServerConfigKeys (ConfUtils.java:logGet(46)) - raft.server.rpc.slowness.timeout = 300000ms (custom)
2024-05-12 17:41:36,063 [b7336ce2-a724-4c4a-8025-d323d27fa237-groupManagement] INFO  server.RaftServerConfigKeys (ConfUtils.java:logGet(46)) - raft.server.leaderelection.leader.step-down.wait-time = 10s (default)
2024-05-12 17:41:36,063 [b7336ce2-a724-4c4a-8025-d323d27fa237-groupManagement] INFO  server.RaftServerConfigKeys (ConfUtils.java:logGet(46)) - raft.server.leaderelection.member.majority-add = false (default)
2024-05-12 17:41:36,064 [b7336ce2-a724-4c4a-8025-d323d27fa237-groupManagement] INFO  server.RaftServerConfigKeys (ConfUtils.java:logGet(46)) - raft.server.sleep.deviation.threshold = 300ms (default)
2024-05-12 17:41:36,064 [b7336ce2-a724-4c4a-8025-d323d27fa237-groupManagement] INFO  server.RaftServer$Division (ServerState.java:<init>(113)) - b7336ce2-a724-4c4a-8025-d323d27fa237@group-4DDFB6160DA4: ConfigurationManager, init=-1: peers:[b7336ce2-a724-4c4a-8025-d323d27fa237|127.0.0.1:15317]|listeners:[], old=null, confs=<EMPTY_MAP>
2024-05-12 17:41:36,064 [b7336ce2-a724-4c4a-8025-d323d27fa237-groupManagement] INFO  server.RaftServerConfigKeys (ConfUtils.java:logGet(46)) - raft.server.notification.no-leader.timeout = 300000ms (custom)
2024-05-12 17:41:36,064 [b7336ce2-a724-4c4a-8025-d323d27fa237-groupManagement] INFO  server.RaftServerConfigKeys (ConfUtils.java:logGet(46)) - raft.server.read.timeout = 10s (default)
2024-05-12 17:41:36,064 [b7336ce2-a724-4c4a-8025-d323d27fa237-groupManagement] INFO  server.RaftServerConfigKeys (ConfUtils.java:logGet(46)) - raft.server.retrycache.expirytime = 600000ms (custom)
2024-05-12 17:41:36,064 [b7336ce2-a724-4c4a-8025-d323d27fa237-groupManagement] INFO  server.RaftServerConfigKeys (ConfUtils.java:logGet(46)) - raft.server.retrycache.statistics.expirytime = 100ms (default)
2024-05-12 17:41:36,064 [b7336ce2-a724-4c4a-8025-d323d27fa237-groupManagement] INFO  server.RaftServerConfigKeys (ConfUtils.java:logGet(46)) - raft.server.read.option = DEFAULT (default)
2024-05-12 17:41:36,064 [b7336ce2-a724-4c4a-8025-d323d27fa237-groupManagement] INFO  server.RaftServerConfigKeys (ConfUtils.java:logGet(46)) - raft.server.read.read-after-write-consistent.write-index-cache.expiry-time = 60s (default)
2024-05-12 17:41:36,067 [d0e7fafe-f667-41fb-a16a-ecd1bcb446b6-PipelineCommandHandlerThread-0] INFO  commandhandler.CreatePipelineCommandHandler (CreatePipelineCommandHandler.java:lambda$handle$2(124)) - Created Pipeline RATIS THREE PipelineID=fe447605-f0fa-43ae-a4cb-4deecbe98265.
2024-05-12 17:41:36,067 [b7336ce2-a724-4c4a-8025-d323d27fa237-groupManagement] INFO  server.RaftServerConfigKeys (ConfUtils.java:logGet(46)) - raft.server.rpc.request.timeout = 3000ms (default)
2024-05-12 17:41:36,067 [d0e7fafe-f667-41fb-a16a-ecd1bcb446b6-PipelineCommandHandlerThread-0] INFO  server.RaftServer (RaftServerProxy.java:addNew(100)) - d0e7fafe-f667-41fb-a16a-ecd1bcb446b6: addNew group-427D53FA2E43:[d0e7fafe-f667-41fb-a16a-ecd1bcb446b6|127.0.0.1:15308, b7336ce2-a724-4c4a-8025-d323d27fa237|127.0.0.1:15317, 89a6d998-d419-473a-a6ed-8243f7f30d05|127.0.0.1:15326] returns group-427D53FA2E43:java.util.concurrent.CompletableFuture@2067a3dc[Not completed]
2024-05-12 17:41:36,067 [b7336ce2-a724-4c4a-8025-d323d27fa237-groupManagement] INFO  server.RaftServerConfigKeys (ConfUtils.java:logGet(46)) - raft.server.log.appender.install.snapshot.enabled = false (custom)
2024-05-12 17:41:36,067 [b7336ce2-a724-4c4a-8025-d323d27fa237-groupManagement] INFO  server.RaftServerConfigKeys (ConfUtils.java:logGet(46)) - raft.server.threadpool.server.cached = true (default)
2024-05-12 17:41:36,067 [b7336ce2-a724-4c4a-8025-d323d27fa237-groupManagement] INFO  server.RaftServerConfigKeys (ConfUtils.java:logGet(46)) - raft.server.threadpool.server.size = 0 (default)
2024-05-12 17:41:36,067 [b7336ce2-a724-4c4a-8025-d323d27fa237-groupManagement] INFO  server.RaftServerConfigKeys (ConfUtils.java:logGet(46)) - raft.server.threadpool.client.cached = true (default)
2024-05-12 17:41:36,067 [b7336ce2-a724-4c4a-8025-d323d27fa237-groupManagement] INFO  server.RaftServerConfigKeys (ConfUtils.java:logGet(46)) - raft.server.threadpool.client.size = 0 (default)
2024-05-12 17:41:36,067 [b7336ce2-a724-4c4a-8025-d323d27fa237-groupManagement] INFO  server.RaftServerConfigKeys (ConfUtils.java:logGet(46)) - raft.server.storage.free-space.min = 0MB (=0) (default)
2024-05-12 17:41:36,067 [b7336ce2-a724-4c4a-8025-d323d27fa237-groupManagement] INFO  server.RaftServerConfigKeys (ConfUtils.java:logGet(46)) - raft.server.log.corruption.policy = EXCEPTION (default)
2024-05-12 17:41:36,067 [b7336ce2-a724-4c4a-8025-d323d27fa237-groupManagement] INFO  server.RaftServerConfigKeys (ConfUtils.java:logGet(46)) - raft.server.storage.dir = [/home/runner/work/ozone/ozone/hadoop-ozone/integration-test/target/test-dir/MiniOzoneClusterImpl-71ef5771-1bca-432b-8888-38dc3c8d5d63/ozone-meta/datanode-2/ratis] (custom)
2024-05-12 17:41:36,068 [b7336ce2-a724-4c4a-8025-d323d27fa237-groupManagement] INFO  storage.RaftStorageDirectory (RaftStorageDirectoryImpl.java:analyzeStorage(138)) - The storage directory /home/runner/work/ozone/ozone/hadoop-ozone/integration-test/target/test-dir/MiniOzoneClusterImpl-71ef5771-1bca-432b-8888-38dc3c8d5d63/ozone-meta/datanode-2/ratis/1765979a-c33e-4f42-a6c9-4ddfb6160da4 does not exist. Creating ...
2024-05-12 17:41:36,068 [d0e7fafe-f667-41fb-a16a-ecd1bcb446b6-groupManagement] INFO  server.RaftServer$Division (RaftServerImpl.java:<init>(256)) - d0e7fafe-f667-41fb-a16a-ecd1bcb446b6: new RaftServerImpl for group-427D53FA2E43:[d0e7fafe-f667-41fb-a16a-ecd1bcb446b6|127.0.0.1:15308, b7336ce2-a724-4c4a-8025-d323d27fa237|127.0.0.1:15317, 89a6d998-d419-473a-a6ed-8243f7f30d05|127.0.0.1:15326] with ContainerStateMachine:uninitialized
2024-05-12 17:41:36,068 [d0e7fafe-f667-41fb-a16a-ecd1bcb446b6-groupManagement] INFO  server.RaftServerConfigKeys (ConfUtils.java:logGet(46)) - raft.server.rpc.timeout.min = 1s (custom)
2024-05-12 17:41:36,068 [d0e7fafe-f667-41fb-a16a-ecd1bcb446b6-groupManagement] INFO  server.RaftServerConfigKeys (ConfUtils.java:logGet(46)) - raft.server.rpc.timeout.max = 1200ms (custom)
2024-05-12 17:41:36,068 [d0e7fafe-f667-41fb-a16a-ecd1bcb446b6-groupManagement] INFO  server.RaftServerConfigKeys (ConfUtils.java:logGet(46)) - raft.server.rpc.sleep.time = 25ms (default)
2024-05-12 17:41:36,068 [d0e7fafe-f667-41fb-a16a-ecd1bcb446b6-groupManagement] INFO  server.RaftServerConfigKeys (ConfUtils.java:logGet(46)) - raft.server.rpc.slowness.timeout = 300000ms (custom)
2024-05-12 17:41:36,068 [d0e7fafe-f667-41fb-a16a-ecd1bcb446b6-groupManagement] INFO  server.RaftServerConfigKeys (ConfUtils.java:logGet(46)) - raft.server.leaderelection.leader.step-down.wait-time = 10s (default)
2024-05-12 17:41:36,068 [d0e7fafe-f667-41fb-a16a-ecd1bcb446b6-groupManagement] INFO  server.RaftServerConfigKeys (ConfUtils.java:logGet(46)) - raft.server.leaderelection.member.majority-add = false (default)
2024-05-12 17:41:36,068 [d0e7fafe-f667-41fb-a16a-ecd1bcb446b6-groupManagement] INFO  server.RaftServerConfigKeys (ConfUtils.java:logGet(46)) - raft.server.sleep.deviation.threshold = 300ms (default)
2024-05-12 17:41:36,068 [d0e7fafe-f667-41fb-a16a-ecd1bcb446b6-groupManagement] INFO  server.RaftServer$Division (ServerState.java:<init>(113)) - d0e7fafe-f667-41fb-a16a-ecd1bcb446b6@group-427D53FA2E43: ConfigurationManager, init=-1: peers:[d0e7fafe-f667-41fb-a16a-ecd1bcb446b6|127.0.0.1:15308, b7336ce2-a724-4c4a-8025-d323d27fa237|127.0.0.1:15317, 89a6d998-d419-473a-a6ed-8243f7f30d05|127.0.0.1:15326]|listeners:[], old=null, confs=<EMPTY_MAP>
2024-05-12 17:41:36,068 [d0e7fafe-f667-41fb-a16a-ecd1bcb446b6-groupManagement] INFO  server.RaftServerConfigKeys (ConfUtils.java:logGet(46)) - raft.server.notification.no-leader.timeout = 300000ms (custom)
2024-05-12 17:41:36,068 [d0e7fafe-f667-41fb-a16a-ecd1bcb446b6-groupManagement] INFO  server.RaftServerConfigKeys (ConfUtils.java:logGet(46)) - raft.server.read.timeout = 10s (default)
2024-05-12 17:41:36,068 [d0e7fafe-f667-41fb-a16a-ecd1bcb446b6-groupManagement] INFO  server.RaftServerConfigKeys (ConfUtils.java:logGet(46)) - raft.server.retrycache.expirytime = 600000ms (custom)
2024-05-12 17:41:36,068 [d0e7fafe-f667-41fb-a16a-ecd1bcb446b6-groupManagement] INFO  server.RaftServerConfigKeys (ConfUtils.java:logGet(46)) - raft.server.retrycache.statistics.expirytime = 100ms (default)
2024-05-12 17:41:36,068 [d0e7fafe-f667-41fb-a16a-ecd1bcb446b6-groupManagement] INFO  server.RaftServerConfigKeys (ConfUtils.java:logGet(46)) - raft.server.read.option = DEFAULT (default)
2024-05-12 17:41:36,068 [d0e7fafe-f667-41fb-a16a-ecd1bcb446b6-groupManagement] INFO  server.RaftServerConfigKeys (ConfUtils.java:logGet(46)) - raft.server.read.read-after-write-consistent.write-index-cache.expiry-time = 60s (default)
2024-05-12 17:41:36,068 [b7336ce2-a724-4c4a-8025-d323d27fa237-groupManagement] INFO  storage.RaftStorageDirectory (RaftStorageDirectoryImpl.java:tryLock(228)) - Lock on /home/runner/work/ozone/ozone/hadoop-ozone/integration-test/target/test-dir/MiniOzoneClusterImpl-71ef5771-1bca-432b-8888-38dc3c8d5d63/ozone-meta/datanode-2/ratis/1765979a-c33e-4f42-a6c9-4ddfb6160da4/in_use.lock acquired by nodename 12547@fv-az576-466
2024-05-12 17:41:36,069 [b7336ce2-a724-4c4a-8025-d323d27fa237-groupManagement] INFO  storage.RaftStorage (RaftStorageImpl.java:format(99)) - Storage directory /home/runner/work/ozone/ozone/hadoop-ozone/integration-test/target/test-dir/MiniOzoneClusterImpl-71ef5771-1bca-432b-8888-38dc3c8d5d63/ozone-meta/datanode-2/ratis/1765979a-c33e-4f42-a6c9-4ddfb6160da4 has been successfully formatted.
2024-05-12 17:41:36,070 [b7336ce2-a724-4c4a-8025-d323d27fa237-groupManagement] WARN  util.FileUtils (LogUtils.java:supplyAndLog(63)) - Failed to Files.newInputStream /home/runner/work/ozone/ozone/hadoop-ozone/integration-test/target/test-dir/MiniOzoneClusterImpl-71ef5771-1bca-432b-8888-38dc3c8d5d63/ozone-meta/datanode-2/ratis/1765979a-c33e-4f42-a6c9-4ddfb6160da4/current/raft-meta.conf with options []: java.nio.file.NoSuchFileException: /home/runner/work/ozone/ozone/hadoop-ozone/integration-test/target/test-dir/MiniOzoneClusterImpl-71ef5771-1bca-432b-8888-38dc3c8d5d63/ozone-meta/datanode-2/ratis/1765979a-c33e-4f42-a6c9-4ddfb6160da4/current/raft-meta.conf
2024-05-12 17:41:36,070 [b7336ce2-a724-4c4a-8025-d323d27fa237-groupManagement] INFO  ratis.ContainerStateMachine (ContainerStateMachine.java:loadSnapshot(287)) - group-4DDFB6160DA4: The snapshot info is null. Setting the last applied index to:(t:0, i:~)
2024-05-12 17:41:36,070 [b7336ce2-a724-4c4a-8025-d323d27fa237-groupManagement] INFO  server.RaftServerConfigKeys (ConfUtils.java:logGet(46)) - raft.server.log.use.memory = false (default)
2024-05-12 17:41:36,070 [b7336ce2-a724-4c4a-8025-d323d27fa237-groupManagement] INFO  server.RaftServerConfigKeys (ConfUtils.java:logGet(46)) - raft.server.log.purge.gap = 1000000 (custom)
2024-05-12 17:41:36,070 [d0e7fafe-f667-41fb-a16a-ecd1bcb446b6-groupManagement] INFO  server.RaftServerConfigKeys (ConfUtils.java:logGet(46)) - raft.server.rpc.request.timeout = 3000ms (default)
2024-05-12 17:41:36,070 [d0e7fafe-f667-41fb-a16a-ecd1bcb446b6-groupManagement] INFO  server.RaftServerConfigKeys (ConfUtils.java:logGet(46)) - raft.server.log.appender.install.snapshot.enabled = false (custom)
2024-05-12 17:41:36,070 [d0e7fafe-f667-41fb-a16a-ecd1bcb446b6-groupManagement] INFO  server.RaftServerConfigKeys (ConfUtils.java:logGet(46)) - raft.server.threadpool.server.cached = true (default)
2024-05-12 17:41:36,070 [d0e7fafe-f667-41fb-a16a-ecd1bcb446b6-groupManagement] INFO  server.RaftServerConfigKeys (ConfUtils.java:logGet(46)) - raft.server.threadpool.server.size = 0 (default)
2024-05-12 17:41:36,070 [d0e7fafe-f667-41fb-a16a-ecd1bcb446b6-groupManagement] INFO  server.RaftServerConfigKeys (ConfUtils.java:logGet(46)) - raft.server.threadpool.client.cached = true (default)
2024-05-12 17:41:36,070 [d0e7fafe-f667-41fb-a16a-ecd1bcb446b6-groupManagement] INFO  server.RaftServerConfigKeys (ConfUtils.java:logGet(46)) - raft.server.threadpool.client.size = 0 (default)
2024-05-12 17:41:36,070 [d0e7fafe-f667-41fb-a16a-ecd1bcb446b6-groupManagement] INFO  server.RaftServerConfigKeys (ConfUtils.java:logGet(46)) - raft.server.storage.free-space.min = 0MB (=0) (default)
2024-05-12 17:41:36,070 [d0e7fafe-f667-41fb-a16a-ecd1bcb446b6-groupManagement] INFO  server.RaftServerConfigKeys (ConfUtils.java:logGet(46)) - raft.server.log.corruption.policy = EXCEPTION (default)
2024-05-12 17:41:36,070 [d0e7fafe-f667-41fb-a16a-ecd1bcb446b6-groupManagement] INFO  server.RaftServerConfigKeys (ConfUtils.java:logGet(46)) - raft.server.storage.dir = [/home/runner/work/ozone/ozone/hadoop-ozone/integration-test/target/test-dir/MiniOzoneClusterImpl-71ef5771-1bca-432b-8888-38dc3c8d5d63/ozone-meta/datanode-1/ratis] (custom)
2024-05-12 17:41:36,071 [d0e7fafe-f667-41fb-a16a-ecd1bcb446b6-groupManagement] INFO  storage.RaftStorageDirectory (RaftStorageDirectoryImpl.java:analyzeStorage(138)) - The storage directory /home/runner/work/ozone/ozone/hadoop-ozone/integration-test/target/test-dir/MiniOzoneClusterImpl-71ef5771-1bca-432b-8888-38dc3c8d5d63/ozone-meta/datanode-1/ratis/8e046cd9-2b7e-4505-b18c-427d53fa2e43 does not exist. Creating ...
2024-05-12 17:41:36,071 [b7336ce2-a724-4c4a-8025-d323d27fa237-groupManagement] INFO  server.RaftServerConfigKeys (ConfUtils.java:logGet(46)) - raft.server.log.appender.buffer.byte-limit = 8388608 (custom)
2024-05-12 17:41:36,071 [b7336ce2-a724-4c4a-8025-d323d27fa237-groupManagement] INFO  server.RaftServerConfigKeys (ConfUtils.java:logGet(46)) - raft.server.log.statemachine.data.read.timeout = 1000ms (default)
2024-05-12 17:41:36,071 [b7336ce2-a724-4c4a-8025-d323d27fa237-groupManagement] INFO  server.RaftServerConfigKeys (ConfUtils.java:logGet(46)) - raft.server.log.purge.preservation.log.num = 0 (default)
2024-05-12 17:41:36,071 [EventQueue-PipelineReportForPipelineReportHandler] INFO  pipeline.PipelineReportHandler (PipelineReportHandler.java:processPipelineReport(136)) - Opened pipeline PipelineID=1765979a-c33e-4f42-a6c9-4ddfb6160da4
2024-05-12 17:41:36,071 [EventQueue-OpenPipelineForHealthyPipelineSafeModeRule] INFO  safemode.SCMSafeModeManager (HealthyPipelineSafeModeRule.java:process(140)) - SCM in safe mode. Healthy pipelines reported count is 0, required healthy pipeline reported count is 1
2024-05-12 17:41:36,071 [d0e7fafe-f667-41fb-a16a-ecd1bcb446b6-groupManagement] INFO  storage.RaftStorageDirectory (RaftStorageDirectoryImpl.java:tryLock(228)) - Lock on /home/runner/work/ozone/ozone/hadoop-ozone/integration-test/target/test-dir/MiniOzoneClusterImpl-71ef5771-1bca-432b-8888-38dc3c8d5d63/ozone-meta/datanode-1/ratis/8e046cd9-2b7e-4505-b18c-427d53fa2e43/in_use.lock acquired by nodename 12547@fv-az576-466
2024-05-12 17:41:36,072 [d0e7fafe-f667-41fb-a16a-ecd1bcb446b6-groupManagement] INFO  storage.RaftStorage (RaftStorageImpl.java:format(99)) - Storage directory /home/runner/work/ozone/ozone/hadoop-ozone/integration-test/target/test-dir/MiniOzoneClusterImpl-71ef5771-1bca-432b-8888-38dc3c8d5d63/ozone-meta/datanode-1/ratis/8e046cd9-2b7e-4505-b18c-427d53fa2e43 has been successfully formatted.
2024-05-12 17:41:36,072 [d0e7fafe-f667-41fb-a16a-ecd1bcb446b6-groupManagement] WARN  util.FileUtils (LogUtils.java:supplyAndLog(63)) - Failed to Files.newInputStream /home/runner/work/ozone/ozone/hadoop-ozone/integration-test/target/test-dir/MiniOzoneClusterImpl-71ef5771-1bca-432b-8888-38dc3c8d5d63/ozone-meta/datanode-1/ratis/8e046cd9-2b7e-4505-b18c-427d53fa2e43/current/raft-meta.conf with options []: java.nio.file.NoSuchFileException: /home/runner/work/ozone/ozone/hadoop-ozone/integration-test/target/test-dir/MiniOzoneClusterImpl-71ef5771-1bca-432b-8888-38dc3c8d5d63/ozone-meta/datanode-1/ratis/8e046cd9-2b7e-4505-b18c-427d53fa2e43/current/raft-meta.conf
2024-05-12 17:41:36,073 [d0e7fafe-f667-41fb-a16a-ecd1bcb446b6-groupManagement] INFO  ratis.ContainerStateMachine (ContainerStateMachine.java:loadSnapshot(287)) - group-427D53FA2E43: The snapshot info is null. Setting the last applied index to:(t:0, i:~)
2024-05-12 17:41:36,073 [b7336ce2-a724-4c4a-8025-d323d27fa237-groupManagement] INFO  server.RaftServerConfigKeys (ConfUtils.java:logGet(46)) - raft.server.log.segment.size.max = 67108864 (custom)
2024-05-12 17:41:36,073 [d0e7fafe-f667-41fb-a16a-ecd1bcb446b6-groupManagement] INFO  server.RaftServerConfigKeys (ConfUtils.java:logGet(46)) - raft.server.log.use.memory = false (default)
2024-05-12 17:41:36,073 [EventQueue-OpenPipelineForHealthyPipelineSafeModeRule] INFO  safemode.SCMSafeModeManager (HealthyPipelineSafeModeRule.java:process(140)) - SCM in safe mode. Healthy pipelines reported count is 0, required healthy pipeline reported count is 1
2024-05-12 17:41:36,073 [d0e7fafe-f667-41fb-a16a-ecd1bcb446b6-groupManagement] INFO  server.RaftServerConfigKeys (ConfUtils.java:logGet(46)) - raft.server.log.purge.gap = 1000000 (custom)
2024-05-12 17:41:36,073 [b7336ce2-a724-4c4a-8025-d323d27fa237-groupManagement] INFO  server.RaftServerConfigKeys (ConfUtils.java:logGet(46)) - raft.server.log.segment.cache.num.max = 2 (custom)
2024-05-12 17:41:36,073 [b7336ce2-a724-4c4a-8025-d323d27fa237-groupManagement] INFO  server.RaftServerConfigKeys (ConfUtils.java:logGet(46)) - raft.server.log.segment.cache.size.max = 200MB (=209715200) (default)
2024-05-12 17:41:36,073 [b7336ce2-a724-4c4a-8025-d323d27fa237-groupManagement] INFO  server.RaftServerConfigKeys (ConfUtils.java:logGet(46)) - raft.server.log.appender.buffer.byte-limit = 8388608 (custom)
2024-05-12 17:41:36,073 [d0e7fafe-f667-41fb-a16a-ecd1bcb446b6-groupManagement] INFO  server.RaftServerConfigKeys (ConfUtils.java:logGet(46)) - raft.server.log.appender.buffer.byte-limit = 8388608 (custom)
2024-05-12 17:41:36,074 [d0e7fafe-f667-41fb-a16a-ecd1bcb446b6-groupManagement] INFO  server.RaftServerConfigKeys (ConfUtils.java:logGet(46)) - raft.server.log.statemachine.data.read.timeout = 1000ms (default)
2024-05-12 17:41:36,074 [d0e7fafe-f667-41fb-a16a-ecd1bcb446b6-groupManagement] INFO  server.RaftServerConfigKeys (ConfUtils.java:logGet(46)) - raft.server.log.purge.preservation.log.num = 0 (default)
2024-05-12 17:41:36,074 [b7336ce2-a724-4c4a-8025-d323d27fa237-groupManagement] INFO  util.AwaitToRun (AwaitToRun.java:start(81)) - Thread[b7336ce2-a724-4c4a-8025-d323d27fa237@group-4DDFB6160DA4-cacheEviction-AwaitToRun,5,main] started
2024-05-12 17:41:36,074 [b7336ce2-a724-4c4a-8025-d323d27fa237-groupManagement] INFO  segmented.SegmentedRaftLogWorker (SegmentedRaftLogWorker.java:<init>(182)) - new b7336ce2-a724-4c4a-8025-d323d27fa237@group-4DDFB6160DA4-SegmentedRaftLogWorker for RaftStorageImpl:Storage Directory /home/runner/work/ozone/ozone/hadoop-ozone/integration-test/target/test-dir/MiniOzoneClusterImpl-71ef5771-1bca-432b-8888-38dc3c8d5d63/ozone-meta/datanode-2/ratis/1765979a-c33e-4f42-a6c9-4ddfb6160da4
2024-05-12 17:41:36,074 [b7336ce2-a724-4c4a-8025-d323d27fa237-groupManagement] INFO  server.RaftServerConfigKeys (ConfUtils.java:logGet(46)) - raft.server.log.queue.byte-limit = 4294967296 (custom)
2024-05-12 17:41:36,074 [b7336ce2-a724-4c4a-8025-d323d27fa237-groupManagement] INFO  server.RaftServerConfigKeys (ConfUtils.java:logGet(46)) - raft.server.log.queue.element-limit = 1024 (custom)
2024-05-12 17:41:36,074 [b7336ce2-a724-4c4a-8025-d323d27fa237-groupManagement] INFO  server.RaftServerConfigKeys (ConfUtils.java:logGet(46)) - raft.server.log.segment.size.max = 67108864 (custom)
2024-05-12 17:41:36,074 [b7336ce2-a724-4c4a-8025-d323d27fa237-groupManagement] INFO  server.RaftServerConfigKeys (ConfUtils.java:logGet(46)) - raft.server.log.preallocated.size = 4194304 (custom)
2024-05-12 17:41:36,074 [b7336ce2-a724-4c4a-8025-d323d27fa237-groupManagement] INFO  server.RaftServerConfigKeys (ConfUtils.java:logGet(46)) - raft.server.log.force.sync.num = 128 (default)
2024-05-12 17:41:36,074 [b7336ce2-a724-4c4a-8025-d323d27fa237-groupManagement] INFO  server.RaftServerConfigKeys (ConfUtils.java:logGet(46)) - raft.server.log.statemachine.data.sync = true (default)
2024-05-12 17:41:36,074 [b7336ce2-a724-4c4a-8025-d323d27fa237-groupManagement] INFO  server.RaftServerConfigKeys (ConfUtils.java:logGet(46)) - raft.server.log.statemachine.data.sync.timeout = 10s (default)
2024-05-12 17:41:36,074 [b7336ce2-a724-4c4a-8025-d323d27fa237-groupManagement] INFO  server.RaftServerConfigKeys (ConfUtils.java:logGet(46)) - raft.server.log.statemachine.data.sync.timeout.retry = 30 (custom)
2024-05-12 17:41:36,075 [b7336ce2-a724-4c4a-8025-d323d27fa237-groupManagement] INFO  server.RaftServerConfigKeys (ConfUtils.java:logGet(46)) - raft.server.log.write.buffer.size = 8388616 (custom)
2024-05-12 17:41:36,076 [d0e7fafe-f667-41fb-a16a-ecd1bcb446b6-groupManagement] INFO  server.RaftServerConfigKeys (ConfUtils.java:logGet(46)) - raft.server.log.segment.size.max = 67108864 (custom)
2024-05-12 17:41:36,076 [d0e7fafe-f667-41fb-a16a-ecd1bcb446b6-groupManagement] INFO  server.RaftServerConfigKeys (ConfUtils.java:logGet(46)) - raft.server.log.segment.cache.num.max = 2 (custom)
2024-05-12 17:41:36,076 [d0e7fafe-f667-41fb-a16a-ecd1bcb446b6-groupManagement] INFO  server.RaftServerConfigKeys (ConfUtils.java:logGet(46)) - raft.server.log.segment.cache.size.max = 200MB (=209715200) (default)
2024-05-12 17:41:36,076 [d0e7fafe-f667-41fb-a16a-ecd1bcb446b6-groupManagement] INFO  server.RaftServerConfigKeys (ConfUtils.java:logGet(46)) - raft.server.log.appender.buffer.byte-limit = 8388608 (custom)
2024-05-12 17:41:36,076 [d0e7fafe-f667-41fb-a16a-ecd1bcb446b6-groupManagement] INFO  util.AwaitToRun (AwaitToRun.java:start(81)) - Thread[d0e7fafe-f667-41fb-a16a-ecd1bcb446b6@group-427D53FA2E43-cacheEviction-AwaitToRun,5,main] started
2024-05-12 17:41:36,076 [d0e7fafe-f667-41fb-a16a-ecd1bcb446b6-groupManagement] INFO  segmented.SegmentedRaftLogWorker (SegmentedRaftLogWorker.java:<init>(182)) - new d0e7fafe-f667-41fb-a16a-ecd1bcb446b6@group-427D53FA2E43-SegmentedRaftLogWorker for RaftStorageImpl:Storage Directory /home/runner/work/ozone/ozone/hadoop-ozone/integration-test/target/test-dir/MiniOzoneClusterImpl-71ef5771-1bca-432b-8888-38dc3c8d5d63/ozone-meta/datanode-1/ratis/8e046cd9-2b7e-4505-b18c-427d53fa2e43
2024-05-12 17:41:36,077 [d0e7fafe-f667-41fb-a16a-ecd1bcb446b6-groupManagement] INFO  server.RaftServerConfigKeys (ConfUtils.java:logGet(46)) - raft.server.log.queue.byte-limit = 4294967296 (custom)
2024-05-12 17:41:36,077 [d0e7fafe-f667-41fb-a16a-ecd1bcb446b6-groupManagement] INFO  server.RaftServerConfigKeys (ConfUtils.java:logGet(46)) - raft.server.log.queue.element-limit = 1024 (custom)
2024-05-12 17:41:36,077 [d0e7fafe-f667-41fb-a16a-ecd1bcb446b6-groupManagement] INFO  server.RaftServerConfigKeys (ConfUtils.java:logGet(46)) - raft.server.log.segment.size.max = 67108864 (custom)
2024-05-12 17:41:36,077 [b7336ce2-a724-4c4a-8025-d323d27fa237-groupManagement] INFO  server.RaftServerConfigKeys (ConfUtils.java:logGet(46)) - raft.server.log.appender.buffer.byte-limit = 8388608 (custom)
2024-05-12 17:41:36,077 [b7336ce2-a724-4c4a-8025-d323d27fa237-groupManagement] INFO  server.RaftServerConfigKeys (ConfUtils.java:logGet(46)) - raft.server.log.unsafe-flush.enabled = false (default)
2024-05-12 17:41:36,077 [b7336ce2-a724-4c4a-8025-d323d27fa237-groupManagement] INFO  server.RaftServerConfigKeys (ConfUtils.java:logGet(46)) - raft.server.log.async-flush.enabled = false (default)
2024-05-12 17:41:36,077 [b7336ce2-a724-4c4a-8025-d323d27fa237-groupManagement] INFO  server.RaftServerConfigKeys (ConfUtils.java:logGet(46)) - raft.server.log.statemachine.data.caching.enabled = true (custom)
2024-05-12 17:41:36,077 [d0e7fafe-f667-41fb-a16a-ecd1bcb446b6-groupManagement] INFO  server.RaftServerConfigKeys (ConfUtils.java:logGet(46)) - raft.server.log.preallocated.size = 4194304 (custom)
2024-05-12 17:41:36,077 [d0e7fafe-f667-41fb-a16a-ecd1bcb446b6-groupManagement] INFO  server.RaftServerConfigKeys (ConfUtils.java:logGet(46)) - raft.server.log.force.sync.num = 128 (default)
2024-05-12 17:41:36,077 [d0e7fafe-f667-41fb-a16a-ecd1bcb446b6-groupManagement] INFO  server.RaftServerConfigKeys (ConfUtils.java:logGet(46)) - raft.server.log.statemachine.data.sync = true (default)
2024-05-12 17:41:36,077 [b7336ce2-a724-4c4a-8025-d323d27fa237-groupManagement] INFO  segmented.SegmentedRaftLogWorker (SegmentedRaftLogWorker.java:lambda$new$0(134)) - b7336ce2-a724-4c4a-8025-d323d27fa237@group-4DDFB6160DA4-SegmentedRaftLogWorker: flushIndex: setUnconditionally 0 -> -1
2024-05-12 17:41:36,077 [b7336ce2-a724-4c4a-8025-d323d27fa237-groupManagement] INFO  segmented.SegmentedRaftLogWorker (SegmentedRaftLogWorker.java:lambda$new$0(134)) - b7336ce2-a724-4c4a-8025-d323d27fa237@group-4DDFB6160DA4-SegmentedRaftLogWorker: safeCacheEvictIndex: setUnconditionally 0 -> -1
2024-05-12 17:41:36,077 [d0e7fafe-f667-41fb-a16a-ecd1bcb446b6-groupManagement] INFO  server.RaftServerConfigKeys (ConfUtils.java:logGet(46)) - raft.server.log.statemachine.data.sync.timeout = 10s (default)
2024-05-12 17:41:36,077 [d0e7fafe-f667-41fb-a16a-ecd1bcb446b6-groupManagement] INFO  server.RaftServerConfigKeys (ConfUtils.java:logGet(46)) - raft.server.log.statemachine.data.sync.timeout.retry = 30 (custom)
2024-05-12 17:41:36,077 [b7336ce2-a724-4c4a-8025-d323d27fa237-groupManagement] INFO  server.RaftServer$Division (RaftServerImpl.java:start(396)) - b7336ce2-a724-4c4a-8025-d323d27fa237@group-4DDFB6160DA4: start as a follower, conf=-1: peers:[b7336ce2-a724-4c4a-8025-d323d27fa237|127.0.0.1:15317]|listeners:[], old=null
2024-05-12 17:41:36,078 [b7336ce2-a724-4c4a-8025-d323d27fa237-groupManagement] INFO  server.RaftServer$Division (RaftServerImpl.java:setRole(383)) - b7336ce2-a724-4c4a-8025-d323d27fa237@group-4DDFB6160DA4: changes role from      null to FOLLOWER at term 0 for startAsFollower
2024-05-12 17:41:36,078 [b7336ce2-a724-4c4a-8025-d323d27fa237-groupManagement] INFO  impl.RoleInfo (RoleInfo.java:updateAndGet(139)) - b7336ce2-a724-4c4a-8025-d323d27fa237: start b7336ce2-a724-4c4a-8025-d323d27fa237@group-4DDFB6160DA4-FollowerState
2024-05-12 17:41:36,078 [d0e7fafe-f667-41fb-a16a-ecd1bcb446b6-groupManagement] INFO  server.RaftServerConfigKeys (ConfUtils.java:logGet(46)) - raft.server.log.write.buffer.size = 8388616 (custom)
2024-05-12 17:41:36,078 [b7336ce2-a724-4c4a-8025-d323d27fa237@group-4DDFB6160DA4-FollowerState] INFO  server.RaftServerConfigKeys (ConfUtils.java:logFallback(53)) - raft.server.rpc.first-election.timeout.min = 1s (fallback to raft.server.rpc.timeout.min)
2024-05-12 17:41:36,078 [b7336ce2-a724-4c4a-8025-d323d27fa237@group-4DDFB6160DA4-FollowerState] INFO  server.RaftServerConfigKeys (ConfUtils.java:logFallback(53)) - raft.server.rpc.first-election.timeout.max = 1200ms (fallback to raft.server.rpc.timeout.max)
2024-05-12 17:41:36,078 [b7336ce2-a724-4c4a-8025-d323d27fa237-groupManagement] INFO  util.JmxRegister (JmxRegister.java:tryRegister(44)) - Successfully registered JMX Bean with object name Ratis:service=RaftServer,group=group-4DDFB6160DA4,id=b7336ce2-a724-4c4a-8025-d323d27fa237
2024-05-12 17:41:36,078 [b7336ce2-a724-4c4a-8025-d323d27fa237-groupManagement] INFO  server.RaftServerConfigKeys (ConfUtils.java:logGet(46)) - raft.server.snapshot.trigger-when-stop.enabled = true (default)
2024-05-12 17:41:36,078 [b7336ce2-a724-4c4a-8025-d323d27fa237-groupManagement] INFO  server.RaftServerConfigKeys (ConfUtils.java:logGet(46)) - raft.server.snapshot.auto.trigger.enabled = true (custom)
2024-05-12 17:41:36,078 [b7336ce2-a724-4c4a-8025-d323d27fa237-groupManagement] INFO  server.RaftServerConfigKeys (ConfUtils.java:logGet(46)) - raft.server.snapshot.auto.trigger.threshold = 10000 (custom)
2024-05-12 17:41:36,078 [b7336ce2-a724-4c4a-8025-d323d27fa237-groupManagement] INFO  server.RaftServerConfigKeys (ConfUtils.java:logGet(46)) - raft.server.snapshot.retention.file.num = 5 (custom)
2024-05-12 17:41:36,078 [b7336ce2-a724-4c4a-8025-d323d27fa237-groupManagement] INFO  server.RaftServerConfigKeys (ConfUtils.java:logGet(46)) - raft.server.log.purge.upto.snapshot.index = false (default)
2024-05-12 17:41:36,079 [b7336ce2-a724-4c4a-8025-d323d27fa237-PipelineCommandHandlerThread-0] INFO  ratis.XceiverServerRatis (XceiverServerRatis.java:addGroup(864)) - Created group PipelineID=1765979a-c33e-4f42-a6c9-4ddfb6160da4
2024-05-12 17:41:36,079 [b7336ce2-a724-4c4a-8025-d323d27fa237-PipelineCommandHandlerThread-0] INFO  commandhandler.CreatePipelineCommandHandler (CreatePipelineCommandHandler.java:lambda$handle$2(124)) - Created Pipeline RATIS ONE PipelineID=1765979a-c33e-4f42-a6c9-4ddfb6160da4.
2024-05-12 17:41:36,079 [b7336ce2-a724-4c4a-8025-d323d27fa237-PipelineCommandHandlerThread-0] INFO  server.RaftServer (RaftServerProxy.java:addNew(100)) - b7336ce2-a724-4c4a-8025-d323d27fa237: addNew group-427D53FA2E43:[d0e7fafe-f667-41fb-a16a-ecd1bcb446b6|127.0.0.1:15308, b7336ce2-a724-4c4a-8025-d323d27fa237|127.0.0.1:15317, 89a6d998-d419-473a-a6ed-8243f7f30d05|127.0.0.1:15326] returns group-427D53FA2E43:java.util.concurrent.CompletableFuture@18e069ad[Not completed]
2024-05-12 17:41:36,079 [d0e7fafe-f667-41fb-a16a-ecd1bcb446b6-groupManagement] INFO  server.RaftServerConfigKeys (ConfUtils.java:logGet(46)) - raft.server.log.appender.buffer.byte-limit = 8388608 (custom)
2024-05-12 17:41:36,080 [d0e7fafe-f667-41fb-a16a-ecd1bcb446b6-groupManagement] INFO  server.RaftServerConfigKeys (ConfUtils.java:logGet(46)) - raft.server.log.unsafe-flush.enabled = false (default)
2024-05-12 17:41:36,080 [d0e7fafe-f667-41fb-a16a-ecd1bcb446b6-groupManagement] INFO  server.RaftServerConfigKeys (ConfUtils.java:logGet(46)) - raft.server.log.async-flush.enabled = false (default)
2024-05-12 17:41:36,080 [d0e7fafe-f667-41fb-a16a-ecd1bcb446b6-groupManagement] INFO  server.RaftServerConfigKeys (ConfUtils.java:logGet(46)) - raft.server.log.statemachine.data.caching.enabled = true (custom)
2024-05-12 17:41:36,080 [d0e7fafe-f667-41fb-a16a-ecd1bcb446b6-groupManagement] INFO  segmented.SegmentedRaftLogWorker (SegmentedRaftLogWorker.java:lambda$new$0(134)) - d0e7fafe-f667-41fb-a16a-ecd1bcb446b6@group-427D53FA2E43-SegmentedRaftLogWorker: flushIndex: setUnconditionally 0 -> -1
2024-05-12 17:41:36,080 [d0e7fafe-f667-41fb-a16a-ecd1bcb446b6-groupManagement] INFO  segmented.SegmentedRaftLogWorker (SegmentedRaftLogWorker.java:lambda$new$0(134)) - d0e7fafe-f667-41fb-a16a-ecd1bcb446b6@group-427D53FA2E43-SegmentedRaftLogWorker: safeCacheEvictIndex: setUnconditionally 0 -> -1
2024-05-12 17:41:36,080 [b7336ce2-a724-4c4a-8025-d323d27fa237-groupManagement] INFO  server.RaftServer$Division (RaftServerImpl.java:<init>(256)) - b7336ce2-a724-4c4a-8025-d323d27fa237: new RaftServerImpl for group-427D53FA2E43:[d0e7fafe-f667-41fb-a16a-ecd1bcb446b6|127.0.0.1:15308, b7336ce2-a724-4c4a-8025-d323d27fa237|127.0.0.1:15317, 89a6d998-d419-473a-a6ed-8243f7f30d05|127.0.0.1:15326] with ContainerStateMachine:uninitialized
2024-05-12 17:41:36,080 [b7336ce2-a724-4c4a-8025-d323d27fa237-groupManagement] INFO  server.RaftServerConfigKeys (ConfUtils.java:logGet(46)) - raft.server.rpc.timeout.min = 1s (custom)
2024-05-12 17:41:36,080 [b7336ce2-a724-4c4a-8025-d323d27fa237-groupManagement] INFO  server.RaftServerConfigKeys (ConfUtils.java:logGet(46)) - raft.server.rpc.timeout.max = 1200ms (custom)
2024-05-12 17:41:36,080 [b7336ce2-a724-4c4a-8025-d323d27fa237-groupManagement] INFO  server.RaftServerConfigKeys (ConfUtils.java:logGet(46)) - raft.server.rpc.sleep.time = 25ms (default)
2024-05-12 17:41:36,080 [b7336ce2-a724-4c4a-8025-d323d27fa237-groupManagement] INFO  server.RaftServerConfigKeys (ConfUtils.java:logGet(46)) - raft.server.rpc.slowness.timeout = 300000ms (custom)
2024-05-12 17:41:36,080 [b7336ce2-a724-4c4a-8025-d323d27fa237-groupManagement] INFO  server.RaftServerConfigKeys (ConfUtils.java:logGet(46)) - raft.server.leaderelection.leader.step-down.wait-time = 10s (default)
2024-05-12 17:41:36,080 [b7336ce2-a724-4c4a-8025-d323d27fa237-groupManagement] INFO  server.RaftServerConfigKeys (ConfUtils.java:logGet(46)) - raft.server.leaderelection.member.majority-add = false (default)
2024-05-12 17:41:36,080 [b7336ce2-a724-4c4a-8025-d323d27fa237-groupManagement] INFO  server.RaftServerConfigKeys (ConfUtils.java:logGet(46)) - raft.server.sleep.deviation.threshold = 300ms (default)
2024-05-12 17:41:36,080 [d0e7fafe-f667-41fb-a16a-ecd1bcb446b6-groupManagement] INFO  server.RaftServer$Division (RaftServerImpl.java:start(396)) - d0e7fafe-f667-41fb-a16a-ecd1bcb446b6@group-427D53FA2E43: start as a follower, conf=-1: peers:[d0e7fafe-f667-41fb-a16a-ecd1bcb446b6|127.0.0.1:15308, b7336ce2-a724-4c4a-8025-d323d27fa237|127.0.0.1:15317, 89a6d998-d419-473a-a6ed-8243f7f30d05|127.0.0.1:15326]|listeners:[], old=null
2024-05-12 17:41:36,080 [b7336ce2-a724-4c4a-8025-d323d27fa237-groupManagement] INFO  server.RaftServer$Division (ServerState.java:<init>(113)) - b7336ce2-a724-4c4a-8025-d323d27fa237@group-427D53FA2E43: ConfigurationManager, init=-1: peers:[d0e7fafe-f667-41fb-a16a-ecd1bcb446b6|127.0.0.1:15308, b7336ce2-a724-4c4a-8025-d323d27fa237|127.0.0.1:15317, 89a6d998-d419-473a-a6ed-8243f7f30d05|127.0.0.1:15326]|listeners:[], old=null, confs=<EMPTY_MAP>
2024-05-12 17:41:36,081 [b7336ce2-a724-4c4a-8025-d323d27fa237-groupManagement] INFO  server.RaftServerConfigKeys (ConfUtils.java:logGet(46)) - raft.server.notification.no-leader.timeout = 300000ms (custom)
2024-05-12 17:41:36,081 [b7336ce2-a724-4c4a-8025-d323d27fa237-groupManagement] INFO  server.RaftServerConfigKeys (ConfUtils.java:logGet(46)) - raft.server.read.timeout = 10s (default)
2024-05-12 17:41:36,081 [b7336ce2-a724-4c4a-8025-d323d27fa237-groupManagement] INFO  server.RaftServerConfigKeys (ConfUtils.java:logGet(46)) - raft.server.retrycache.expirytime = 600000ms (custom)
2024-05-12 17:41:36,081 [b7336ce2-a724-4c4a-8025-d323d27fa237-groupManagement] INFO  server.RaftServerConfigKeys (ConfUtils.java:logGet(46)) - raft.server.retrycache.statistics.expirytime = 100ms (default)
2024-05-12 17:41:36,080 [d0e7fafe-f667-41fb-a16a-ecd1bcb446b6-groupManagement] INFO  server.RaftServer$Division (RaftServerImpl.java:setRole(383)) - d0e7fafe-f667-41fb-a16a-ecd1bcb446b6@group-427D53FA2E43: changes role from      null to FOLLOWER at term 0 for startAsFollower
2024-05-12 17:41:36,081 [b7336ce2-a724-4c4a-8025-d323d27fa237-groupManagement] INFO  server.RaftServerConfigKeys (ConfUtils.java:logGet(46)) - raft.server.read.option = DEFAULT (default)
2024-05-12 17:41:36,081 [b7336ce2-a724-4c4a-8025-d323d27fa237-groupManagement] INFO  server.RaftServerConfigKeys (ConfUtils.java:logGet(46)) - raft.server.read.read-after-write-consistent.write-index-cache.expiry-time = 60s (default)
2024-05-12 17:41:36,081 [d0e7fafe-f667-41fb-a16a-ecd1bcb446b6-groupManagement] INFO  impl.RoleInfo (RoleInfo.java:updateAndGet(139)) - d0e7fafe-f667-41fb-a16a-ecd1bcb446b6: start d0e7fafe-f667-41fb-a16a-ecd1bcb446b6@group-427D53FA2E43-FollowerState
2024-05-12 17:41:36,081 [d0e7fafe-f667-41fb-a16a-ecd1bcb446b6-groupManagement] INFO  util.JmxRegister (JmxRegister.java:tryRegister(44)) - Successfully registered JMX Bean with object name Ratis:service=RaftServer,group=group-427D53FA2E43,id=d0e7fafe-f667-41fb-a16a-ecd1bcb446b6
2024-05-12 17:41:36,081 [d0e7fafe-f667-41fb-a16a-ecd1bcb446b6-groupManagement] INFO  server.RaftServerConfigKeys (ConfUtils.java:logGet(46)) - raft.server.snapshot.trigger-when-stop.enabled = true (default)
2024-05-12 17:41:36,081 [d0e7fafe-f667-41fb-a16a-ecd1bcb446b6-groupManagement] INFO  server.RaftServerConfigKeys (ConfUtils.java:logGet(46)) - raft.server.snapshot.auto.trigger.enabled = true (custom)
2024-05-12 17:41:36,081 [d0e7fafe-f667-41fb-a16a-ecd1bcb446b6-groupManagement] INFO  server.RaftServerConfigKeys (ConfUtils.java:logGet(46)) - raft.server.snapshot.auto.trigger.threshold = 10000 (custom)
2024-05-12 17:41:36,081 [d0e7fafe-f667-41fb-a16a-ecd1bcb446b6-groupManagement] INFO  server.RaftServerConfigKeys (ConfUtils.java:logGet(46)) - raft.server.snapshot.retention.file.num = 5 (custom)
2024-05-12 17:41:36,081 [d0e7fafe-f667-41fb-a16a-ecd1bcb446b6-groupManagement] INFO  server.RaftServerConfigKeys (ConfUtils.java:logGet(46)) - raft.server.log.purge.upto.snapshot.index = false (default)
2024-05-12 17:41:36,081 [d0e7fafe-f667-41fb-a16a-ecd1bcb446b6@group-427D53FA2E43-FollowerState] INFO  server.RaftServerConfigKeys (ConfUtils.java:logFallback(53)) - raft.server.rpc.first-election.timeout.min = 1s (fallback to raft.server.rpc.timeout.min)
2024-05-12 17:41:36,082 [d0e7fafe-f667-41fb-a16a-ecd1bcb446b6@group-427D53FA2E43-FollowerState] INFO  server.RaftServerConfigKeys (ConfUtils.java:logFallback(53)) - raft.server.rpc.first-election.timeout.max = 1200ms (fallback to raft.server.rpc.timeout.max)
2024-05-12 17:41:36,083 [d0e7fafe-f667-41fb-a16a-ecd1bcb446b6-PipelineCommandHandlerThread-0] INFO  ratis.XceiverServerRatis (XceiverServerRatis.java:addGroup(864)) - Created group PipelineID=8e046cd9-2b7e-4505-b18c-427d53fa2e43
2024-05-12 17:41:36,084 [b7336ce2-a724-4c4a-8025-d323d27fa237-groupManagement] INFO  server.RaftServerConfigKeys (ConfUtils.java:logGet(46)) - raft.server.rpc.request.timeout = 3000ms (default)
2024-05-12 17:41:36,084 [b7336ce2-a724-4c4a-8025-d323d27fa237-groupManagement] INFO  server.RaftServerConfigKeys (ConfUtils.java:logGet(46)) - raft.server.log.appender.install.snapshot.enabled = false (custom)
2024-05-12 17:41:36,084 [b7336ce2-a724-4c4a-8025-d323d27fa237-groupManagement] INFO  server.RaftServerConfigKeys (ConfUtils.java:logGet(46)) - raft.server.threadpool.server.cached = true (default)
2024-05-12 17:41:36,084 [b7336ce2-a724-4c4a-8025-d323d27fa237-groupManagement] INFO  server.RaftServerConfigKeys (ConfUtils.java:logGet(46)) - raft.server.threadpool.server.size = 0 (default)
2024-05-12 17:41:36,084 [b7336ce2-a724-4c4a-8025-d323d27fa237-groupManagement] INFO  server.RaftServerConfigKeys (ConfUtils.java:logGet(46)) - raft.server.threadpool.client.cached = true (default)
2024-05-12 17:41:36,084 [b7336ce2-a724-4c4a-8025-d323d27fa237-groupManagement] INFO  server.RaftServerConfigKeys (ConfUtils.java:logGet(46)) - raft.server.threadpool.client.size = 0 (default)
2024-05-12 17:41:36,084 [b7336ce2-a724-4c4a-8025-d323d27fa237-groupManagement] INFO  server.RaftServerConfigKeys (ConfUtils.java:logGet(46)) - raft.server.storage.free-space.min = 0MB (=0) (default)
2024-05-12 17:41:36,085 [b7336ce2-a724-4c4a-8025-d323d27fa237-groupManagement] INFO  server.RaftServerConfigKeys (ConfUtils.java:logGet(46)) - raft.server.log.corruption.policy = EXCEPTION (default)
2024-05-12 17:41:36,085 [b7336ce2-a724-4c4a-8025-d323d27fa237-groupManagement] INFO  server.RaftServerConfigKeys (ConfUtils.java:logGet(46)) - raft.server.storage.dir = [/home/runner/work/ozone/ozone/hadoop-ozone/integration-test/target/test-dir/MiniOzoneClusterImpl-71ef5771-1bca-432b-8888-38dc3c8d5d63/ozone-meta/datanode-2/ratis] (custom)
2024-05-12 17:41:36,085 [b7336ce2-a724-4c4a-8025-d323d27fa237-groupManagement] INFO  storage.RaftStorageDirectory (RaftStorageDirectoryImpl.java:analyzeStorage(138)) - The storage directory /home/runner/work/ozone/ozone/hadoop-ozone/integration-test/target/test-dir/MiniOzoneClusterImpl-71ef5771-1bca-432b-8888-38dc3c8d5d63/ozone-meta/datanode-2/ratis/8e046cd9-2b7e-4505-b18c-427d53fa2e43 does not exist. Creating ...
2024-05-12 17:41:36,086 [b7336ce2-a724-4c4a-8025-d323d27fa237-groupManagement] INFO  storage.RaftStorageDirectory (RaftStorageDirectoryImpl.java:tryLock(228)) - Lock on /home/runner/work/ozone/ozone/hadoop-ozone/integration-test/target/test-dir/MiniOzoneClusterImpl-71ef5771-1bca-432b-8888-38dc3c8d5d63/ozone-meta/datanode-2/ratis/8e046cd9-2b7e-4505-b18c-427d53fa2e43/in_use.lock acquired by nodename 12547@fv-az576-466
2024-05-12 17:41:36,087 [b7336ce2-a724-4c4a-8025-d323d27fa237-groupManagement] INFO  storage.RaftStorage (RaftStorageImpl.java:format(99)) - Storage directory /home/runner/work/ozone/ozone/hadoop-ozone/integration-test/target/test-dir/MiniOzoneClusterImpl-71ef5771-1bca-432b-8888-38dc3c8d5d63/ozone-meta/datanode-2/ratis/8e046cd9-2b7e-4505-b18c-427d53fa2e43 has been successfully formatted.
2024-05-12 17:41:36,087 [b7336ce2-a724-4c4a-8025-d323d27fa237-groupManagement] WARN  util.FileUtils (LogUtils.java:supplyAndLog(63)) - Failed to Files.newInputStream /home/runner/work/ozone/ozone/hadoop-ozone/integration-test/target/test-dir/MiniOzoneClusterImpl-71ef5771-1bca-432b-8888-38dc3c8d5d63/ozone-meta/datanode-2/ratis/8e046cd9-2b7e-4505-b18c-427d53fa2e43/current/raft-meta.conf with options []: java.nio.file.NoSuchFileException: /home/runner/work/ozone/ozone/hadoop-ozone/integration-test/target/test-dir/MiniOzoneClusterImpl-71ef5771-1bca-432b-8888-38dc3c8d5d63/ozone-meta/datanode-2/ratis/8e046cd9-2b7e-4505-b18c-427d53fa2e43/current/raft-meta.conf
2024-05-12 17:41:36,087 [b7336ce2-a724-4c4a-8025-d323d27fa237-groupManagement] INFO  ratis.ContainerStateMachine (ContainerStateMachine.java:loadSnapshot(287)) - group-427D53FA2E43: The snapshot info is null. Setting the last applied index to:(t:0, i:~)
2024-05-12 17:41:36,087 [b7336ce2-a724-4c4a-8025-d323d27fa237-groupManagement] INFO  server.RaftServerConfigKeys (ConfUtils.java:logGet(46)) - raft.server.log.use.memory = false (default)
2024-05-12 17:41:36,087 [b7336ce2-a724-4c4a-8025-d323d27fa237-groupManagement] INFO  server.RaftServerConfigKeys (ConfUtils.java:logGet(46)) - raft.server.log.purge.gap = 1000000 (custom)
2024-05-12 17:41:36,088 [b7336ce2-a724-4c4a-8025-d323d27fa237-groupManagement] INFO  server.RaftServerConfigKeys (ConfUtils.java:logGet(46)) - raft.server.log.appender.buffer.byte-limit = 8388608 (custom)
2024-05-12 17:41:36,088 [b7336ce2-a724-4c4a-8025-d323d27fa237-groupManagement] INFO  server.RaftServerConfigKeys (ConfUtils.java:logGet(46)) - raft.server.log.statemachine.data.read.timeout = 1000ms (default)
2024-05-12 17:41:36,088 [b7336ce2-a724-4c4a-8025-d323d27fa237-groupManagement] INFO  server.RaftServerConfigKeys (ConfUtils.java:logGet(46)) - raft.server.log.purge.preservation.log.num = 0 (default)
2024-05-12 17:41:36,089 [EventQueue-OpenPipelineForHealthyPipelineSafeModeRule] INFO  safemode.SCMSafeModeManager (HealthyPipelineSafeModeRule.java:process(140)) - SCM in safe mode. Healthy pipelines reported count is 0, required healthy pipeline reported count is 1
2024-05-12 17:41:36,089 [b7336ce2-a724-4c4a-8025-d323d27fa237-groupManagement] INFO  server.RaftServerConfigKeys (ConfUtils.java:logGet(46)) - raft.server.log.segment.size.max = 67108864 (custom)
2024-05-12 17:41:36,090 [b7336ce2-a724-4c4a-8025-d323d27fa237-groupManagement] INFO  server.RaftServerConfigKeys (ConfUtils.java:logGet(46)) - raft.server.log.segment.cache.num.max = 2 (custom)
2024-05-12 17:41:36,090 [b7336ce2-a724-4c4a-8025-d323d27fa237-groupManagement] INFO  server.RaftServerConfigKeys (ConfUtils.java:logGet(46)) - raft.server.log.segment.cache.size.max = 200MB (=209715200) (default)
2024-05-12 17:41:36,090 [b7336ce2-a724-4c4a-8025-d323d27fa237-groupManagement] INFO  server.RaftServerConfigKeys (ConfUtils.java:logGet(46)) - raft.server.log.appender.buffer.byte-limit = 8388608 (custom)
2024-05-12 17:41:36,090 [b7336ce2-a724-4c4a-8025-d323d27fa237-groupManagement] INFO  util.AwaitToRun (AwaitToRun.java:start(81)) - Thread[b7336ce2-a724-4c4a-8025-d323d27fa237@group-427D53FA2E43-cacheEviction-AwaitToRun,5,main] started
2024-05-12 17:41:36,090 [b7336ce2-a724-4c4a-8025-d323d27fa237-groupManagement] INFO  segmented.SegmentedRaftLogWorker (SegmentedRaftLogWorker.java:<init>(182)) - new b7336ce2-a724-4c4a-8025-d323d27fa237@group-427D53FA2E43-SegmentedRaftLogWorker for RaftStorageImpl:Storage Directory /home/runner/work/ozone/ozone/hadoop-ozone/integration-test/target/test-dir/MiniOzoneClusterImpl-71ef5771-1bca-432b-8888-38dc3c8d5d63/ozone-meta/datanode-2/ratis/8e046cd9-2b7e-4505-b18c-427d53fa2e43
2024-05-12 17:41:36,090 [b7336ce2-a724-4c4a-8025-d323d27fa237-groupManagement] INFO  server.RaftServerConfigKeys (ConfUtils.java:logGet(46)) - raft.server.log.queue.byte-limit = 4294967296 (custom)
2024-05-12 17:41:36,090 [b7336ce2-a724-4c4a-8025-d323d27fa237-groupManagement] INFO  server.RaftServerConfigKeys (ConfUtils.java:logGet(46)) - raft.server.log.queue.element-limit = 1024 (custom)
2024-05-12 17:41:36,090 [b7336ce2-a724-4c4a-8025-d323d27fa237-groupManagement] INFO  server.RaftServerConfigKeys (ConfUtils.java:logGet(46)) - raft.server.log.segment.size.max = 67108864 (custom)
2024-05-12 17:41:36,090 [b7336ce2-a724-4c4a-8025-d323d27fa237-groupManagement] INFO  server.RaftServerConfigKeys (ConfUtils.java:logGet(46)) - raft.server.log.preallocated.size = 4194304 (custom)
2024-05-12 17:41:36,090 [b7336ce2-a724-4c4a-8025-d323d27fa237-groupManagement] INFO  server.RaftServerConfigKeys (ConfUtils.java:logGet(46)) - raft.server.log.force.sync.num = 128 (default)
2024-05-12 17:41:36,090 [b7336ce2-a724-4c4a-8025-d323d27fa237-groupManagement] INFO  server.RaftServerConfigKeys (ConfUtils.java:logGet(46)) - raft.server.log.statemachine.data.sync = true (default)
2024-05-12 17:41:36,090 [b7336ce2-a724-4c4a-8025-d323d27fa237-groupManagement] INFO  server.RaftServerConfigKeys (ConfUtils.java:logGet(46)) - raft.server.log.statemachine.data.sync.timeout = 10s (default)
2024-05-12 17:41:36,090 [b7336ce2-a724-4c4a-8025-d323d27fa237-groupManagement] INFO  server.RaftServerConfigKeys (ConfUtils.java:logGet(46)) - raft.server.log.statemachine.data.sync.timeout.retry = 30 (custom)
2024-05-12 17:41:36,091 [b7336ce2-a724-4c4a-8025-d323d27fa237-groupManagement] INFO  server.RaftServerConfigKeys (ConfUtils.java:logGet(46)) - raft.server.log.write.buffer.size = 8388616 (custom)
2024-05-12 17:41:36,091 [89a6d998-d419-473a-a6ed-8243f7f30d05-groupManagement] INFO  server.RaftServer$Division (RaftServerImpl.java:<init>(256)) - 89a6d998-d419-473a-a6ed-8243f7f30d05: new RaftServerImpl for group-427D53FA2E43:[d0e7fafe-f667-41fb-a16a-ecd1bcb446b6|127.0.0.1:15308, b7336ce2-a724-4c4a-8025-d323d27fa237|127.0.0.1:15317, 89a6d998-d419-473a-a6ed-8243f7f30d05|127.0.0.1:15326] with ContainerStateMachine:uninitialized
2024-05-12 17:41:36,091 [89a6d998-d419-473a-a6ed-8243f7f30d05-groupManagement] INFO  server.RaftServerConfigKeys (ConfUtils.java:logGet(46)) - raft.server.rpc.timeout.min = 1s (custom)
2024-05-12 17:41:36,091 [89a6d998-d419-473a-a6ed-8243f7f30d05-groupManagement] INFO  server.RaftServerConfigKeys (ConfUtils.java:logGet(46)) - raft.server.rpc.timeout.max = 1200ms (custom)
2024-05-12 17:41:36,091 [89a6d998-d419-473a-a6ed-8243f7f30d05-groupManagement] INFO  server.RaftServerConfigKeys (ConfUtils.java:logGet(46)) - raft.server.rpc.sleep.time = 25ms (default)
2024-05-12 17:41:36,091 [89a6d998-d419-473a-a6ed-8243f7f30d05-groupManagement] INFO  server.RaftServerConfigKeys (ConfUtils.java:logGet(46)) - raft.server.rpc.slowness.timeout = 300000ms (custom)
2024-05-12 17:41:36,091 [89a6d998-d419-473a-a6ed-8243f7f30d05-groupManagement] INFO  server.RaftServerConfigKeys (ConfUtils.java:logGet(46)) - raft.server.leaderelection.leader.step-down.wait-time = 10s (default)
2024-05-12 17:41:36,091 [89a6d998-d419-473a-a6ed-8243f7f30d05-groupManagement] INFO  server.RaftServerConfigKeys (ConfUtils.java:logGet(46)) - raft.server.leaderelection.member.majority-add = false (default)
2024-05-12 17:41:36,091 [89a6d998-d419-473a-a6ed-8243f7f30d05-groupManagement] INFO  server.RaftServerConfigKeys (ConfUtils.java:logGet(46)) - raft.server.sleep.deviation.threshold = 300ms (default)
2024-05-12 17:41:36,091 [89a6d998-d419-473a-a6ed-8243f7f30d05-groupManagement] INFO  server.RaftServer$Division (ServerState.java:<init>(113)) - 89a6d998-d419-473a-a6ed-8243f7f30d05@group-427D53FA2E43: ConfigurationManager, init=-1: peers:[d0e7fafe-f667-41fb-a16a-ecd1bcb446b6|127.0.0.1:15308, b7336ce2-a724-4c4a-8025-d323d27fa237|127.0.0.1:15317, 89a6d998-d419-473a-a6ed-8243f7f30d05|127.0.0.1:15326]|listeners:[], old=null, confs=<EMPTY_MAP>
2024-05-12 17:41:36,091 [89a6d998-d419-473a-a6ed-8243f7f30d05-groupManagement] INFO  server.RaftServerConfigKeys (ConfUtils.java:logGet(46)) - raft.server.notification.no-leader.timeout = 300000ms (custom)
2024-05-12 17:41:36,091 [89a6d998-d419-473a-a6ed-8243f7f30d05-groupManagement] INFO  server.RaftServerConfigKeys (ConfUtils.java:logGet(46)) - raft.server.read.timeout = 10s (default)
2024-05-12 17:41:36,091 [89a6d998-d419-473a-a6ed-8243f7f30d05-groupManagement] INFO  server.RaftServerConfigKeys (ConfUtils.java:logGet(46)) - raft.server.retrycache.expirytime = 600000ms (custom)
2024-05-12 17:41:36,091 [89a6d998-d419-473a-a6ed-8243f7f30d05-groupManagement] INFO  server.RaftServerConfigKeys (ConfUtils.java:logGet(46)) - raft.server.retrycache.statistics.expirytime = 100ms (default)
2024-05-12 17:41:36,092 [89a6d998-d419-473a-a6ed-8243f7f30d05-groupManagement] INFO  server.RaftServerConfigKeys (ConfUtils.java:logGet(46)) - raft.server.read.option = DEFAULT (default)
2024-05-12 17:41:36,092 [89a6d998-d419-473a-a6ed-8243f7f30d05-groupManagement] INFO  server.RaftServerConfigKeys (ConfUtils.java:logGet(46)) - raft.server.read.read-after-write-consistent.write-index-cache.expiry-time = 60s (default)
2024-05-12 17:41:36,092 [b7336ce2-a724-4c4a-8025-d323d27fa237-groupManagement] INFO  server.RaftServerConfigKeys (ConfUtils.java:logGet(46)) - raft.server.log.appender.buffer.byte-limit = 8388608 (custom)
2024-05-12 17:41:36,092 [b7336ce2-a724-4c4a-8025-d323d27fa237-groupManagement] INFO  server.RaftServerConfigKeys (ConfUtils.java:logGet(46)) - raft.server.log.unsafe-flush.enabled = false (default)
2024-05-12 17:41:36,092 [b7336ce2-a724-4c4a-8025-d323d27fa237-groupManagement] INFO  server.RaftServerConfigKeys (ConfUtils.java:logGet(46)) - raft.server.log.async-flush.enabled = false (default)
2024-05-12 17:41:36,092 [b7336ce2-a724-4c4a-8025-d323d27fa237-groupManagement] INFO  server.RaftServerConfigKeys (ConfUtils.java:logGet(46)) - raft.server.log.statemachine.data.caching.enabled = true (custom)
2024-05-12 17:41:36,093 [b7336ce2-a724-4c4a-8025-d323d27fa237-groupManagement] INFO  segmented.SegmentedRaftLogWorker (SegmentedRaftLogWorker.java:lambda$new$0(134)) - b7336ce2-a724-4c4a-8025-d323d27fa237@group-427D53FA2E43-SegmentedRaftLogWorker: flushIndex: setUnconditionally 0 -> -1
2024-05-12 17:41:36,093 [b7336ce2-a724-4c4a-8025-d323d27fa237-groupManagement] INFO  segmented.SegmentedRaftLogWorker (SegmentedRaftLogWorker.java:lambda$new$0(134)) - b7336ce2-a724-4c4a-8025-d323d27fa237@group-427D53FA2E43-SegmentedRaftLogWorker: safeCacheEvictIndex: setUnconditionally 0 -> -1
2024-05-12 17:41:36,093 [b7336ce2-a724-4c4a-8025-d323d27fa237-groupManagement] INFO  server.RaftServer$Division (RaftServerImpl.java:start(396)) - b7336ce2-a724-4c4a-8025-d323d27fa237@group-427D53FA2E43: start as a follower, conf=-1: peers:[d0e7fafe-f667-41fb-a16a-ecd1bcb446b6|127.0.0.1:15308, b7336ce2-a724-4c4a-8025-d323d27fa237|127.0.0.1:15317, 89a6d998-d419-473a-a6ed-8243f7f30d05|127.0.0.1:15326]|listeners:[], old=null
2024-05-12 17:41:36,093 [b7336ce2-a724-4c4a-8025-d323d27fa237-groupManagement] INFO  server.RaftServer$Division (RaftServerImpl.java:setRole(383)) - b7336ce2-a724-4c4a-8025-d323d27fa237@group-427D53FA2E43: changes role from      null to FOLLOWER at term 0 for startAsFollower
2024-05-12 17:41:36,093 [b7336ce2-a724-4c4a-8025-d323d27fa237-groupManagement] INFO  impl.RoleInfo (RoleInfo.java:updateAndGet(139)) - b7336ce2-a724-4c4a-8025-d323d27fa237: start b7336ce2-a724-4c4a-8025-d323d27fa237@group-427D53FA2E43-FollowerState
2024-05-12 17:41:36,093 [b7336ce2-a724-4c4a-8025-d323d27fa237@group-427D53FA2E43-FollowerState] INFO  server.RaftServerConfigKeys (ConfUtils.java:logFallback(53)) - raft.server.rpc.first-election.timeout.min = 1s (fallback to raft.server.rpc.timeout.min)
2024-05-12 17:41:36,093 [b7336ce2-a724-4c4a-8025-d323d27fa237@group-427D53FA2E43-FollowerState] INFO  server.RaftServerConfigKeys (ConfUtils.java:logFallback(53)) - raft.server.rpc.first-election.timeout.max = 1200ms (fallback to raft.server.rpc.timeout.max)
2024-05-12 17:41:36,094 [89a6d998-d419-473a-a6ed-8243f7f30d05-groupManagement] INFO  server.RaftServerConfigKeys (ConfUtils.java:logGet(46)) - raft.server.rpc.request.timeout = 3000ms (default)
2024-05-12 17:41:36,094 [89a6d998-d419-473a-a6ed-8243f7f30d05-groupManagement] INFO  server.RaftServerConfigKeys (ConfUtils.java:logGet(46)) - raft.server.log.appender.install.snapshot.enabled = false (custom)
2024-05-12 17:41:36,094 [89a6d998-d419-473a-a6ed-8243f7f30d05-groupManagement] INFO  server.RaftServerConfigKeys (ConfUtils.java:logGet(46)) - raft.server.threadpool.server.cached = true (default)
2024-05-12 17:41:36,094 [89a6d998-d419-473a-a6ed-8243f7f30d05-groupManagement] INFO  server.RaftServerConfigKeys (ConfUtils.java:logGet(46)) - raft.server.threadpool.server.size = 0 (default)
2024-05-12 17:41:36,094 [89a6d998-d419-473a-a6ed-8243f7f30d05-groupManagement] INFO  server.RaftServerConfigKeys (ConfUtils.java:logGet(46)) - raft.server.threadpool.client.cached = true (default)
2024-05-12 17:41:36,094 [89a6d998-d419-473a-a6ed-8243f7f30d05-groupManagement] INFO  server.RaftServerConfigKeys (ConfUtils.java:logGet(46)) - raft.server.threadpool.client.size = 0 (default)
2024-05-12 17:41:36,090 [grpc-default-executor-0] INFO  server.RaftServer (RaftServerProxy.java:addNew(100)) - 89a6d998-d419-473a-a6ed-8243f7f30d05: addNew group-427D53FA2E43:[d0e7fafe-f667-41fb-a16a-ecd1bcb446b6|127.0.0.1:15308, b7336ce2-a724-4c4a-8025-d323d27fa237|127.0.0.1:15317, 89a6d998-d419-473a-a6ed-8243f7f30d05|127.0.0.1:15326] returns group-427D53FA2E43:java.util.concurrent.CompletableFuture@6df0fb5[Not completed]
2024-05-12 17:41:36,093 [b7336ce2-a724-4c4a-8025-d323d27fa237-groupManagement] INFO  util.JmxRegister (JmxRegister.java:tryRegister(44)) - Successfully registered JMX Bean with object name Ratis:service=RaftServer,group=group-427D53FA2E43,id=b7336ce2-a724-4c4a-8025-d323d27fa237
2024-05-12 17:41:36,094 [89a6d998-d419-473a-a6ed-8243f7f30d05-groupManagement] INFO  server.RaftServerConfigKeys (ConfUtils.java:logGet(46)) - raft.server.storage.free-space.min = 0MB (=0) (default)
2024-05-12 17:41:36,094 [b7336ce2-a724-4c4a-8025-d323d27fa237-groupManagement] INFO  server.RaftServerConfigKeys (ConfUtils.java:logGet(46)) - raft.server.snapshot.trigger-when-stop.enabled = true (default)
2024-05-12 17:41:36,094 [b7336ce2-a724-4c4a-8025-d323d27fa237-groupManagement] INFO  server.RaftServerConfigKeys (ConfUtils.java:logGet(46)) - raft.server.snapshot.auto.trigger.enabled = true (custom)
2024-05-12 17:41:36,094 [b7336ce2-a724-4c4a-8025-d323d27fa237-groupManagement] INFO  server.RaftServerConfigKeys (ConfUtils.java:logGet(46)) - raft.server.snapshot.auto.trigger.threshold = 10000 (custom)
2024-05-12 17:41:36,094 [b7336ce2-a724-4c4a-8025-d323d27fa237-groupManagement] INFO  server.RaftServerConfigKeys (ConfUtils.java:logGet(46)) - raft.server.snapshot.retention.file.num = 5 (custom)
2024-05-12 17:41:36,094 [b7336ce2-a724-4c4a-8025-d323d27fa237-groupManagement] INFO  server.RaftServerConfigKeys (ConfUtils.java:logGet(46)) - raft.server.log.purge.upto.snapshot.index = false (default)
2024-05-12 17:41:36,095 [b7336ce2-a724-4c4a-8025-d323d27fa237-PipelineCommandHandlerThread-0] INFO  ratis.XceiverServerRatis (XceiverServerRatis.java:addGroup(864)) - Created group PipelineID=8e046cd9-2b7e-4505-b18c-427d53fa2e43
2024-05-12 17:41:36,094 [89a6d998-d419-473a-a6ed-8243f7f30d05-groupManagement] INFO  server.RaftServerConfigKeys (ConfUtils.java:logGet(46)) - raft.server.log.corruption.policy = EXCEPTION (default)
2024-05-12 17:41:36,095 [89a6d998-d419-473a-a6ed-8243f7f30d05-groupManagement] INFO  server.RaftServerConfigKeys (ConfUtils.java:logGet(46)) - raft.server.storage.dir = [/home/runner/work/ozone/ozone/hadoop-ozone/integration-test/target/test-dir/MiniOzoneClusterImpl-71ef5771-1bca-432b-8888-38dc3c8d5d63/ozone-meta/datanode-3/ratis] (custom)
2024-05-12 17:41:36,095 [89a6d998-d419-473a-a6ed-8243f7f30d05-groupManagement] INFO  storage.RaftStorageDirectory (RaftStorageDirectoryImpl.java:analyzeStorage(138)) - The storage directory /home/runner/work/ozone/ozone/hadoop-ozone/integration-test/target/test-dir/MiniOzoneClusterImpl-71ef5771-1bca-432b-8888-38dc3c8d5d63/ozone-meta/datanode-3/ratis/8e046cd9-2b7e-4505-b18c-427d53fa2e43 does not exist. Creating ...
2024-05-12 17:41:36,096 [89a6d998-d419-473a-a6ed-8243f7f30d05-groupManagement] INFO  storage.RaftStorageDirectory (RaftStorageDirectoryImpl.java:tryLock(228)) - Lock on /home/runner/work/ozone/ozone/hadoop-ozone/integration-test/target/test-dir/MiniOzoneClusterImpl-71ef5771-1bca-432b-8888-38dc3c8d5d63/ozone-meta/datanode-3/ratis/8e046cd9-2b7e-4505-b18c-427d53fa2e43/in_use.lock acquired by nodename 12547@fv-az576-466
2024-05-12 17:41:36,097 [89a6d998-d419-473a-a6ed-8243f7f30d05-groupManagement] INFO  storage.RaftStorage (RaftStorageImpl.java:format(99)) - Storage directory /home/runner/work/ozone/ozone/hadoop-ozone/integration-test/target/test-dir/MiniOzoneClusterImpl-71ef5771-1bca-432b-8888-38dc3c8d5d63/ozone-meta/datanode-3/ratis/8e046cd9-2b7e-4505-b18c-427d53fa2e43 has been successfully formatted.
2024-05-12 17:41:36,097 [89a6d998-d419-473a-a6ed-8243f7f30d05-groupManagement] WARN  util.FileUtils (LogUtils.java:supplyAndLog(63)) - Failed to Files.newInputStream /home/runner/work/ozone/ozone/hadoop-ozone/integration-test/target/test-dir/MiniOzoneClusterImpl-71ef5771-1bca-432b-8888-38dc3c8d5d63/ozone-meta/datanode-3/ratis/8e046cd9-2b7e-4505-b18c-427d53fa2e43/current/raft-meta.conf with options []: java.nio.file.NoSuchFileException: /home/runner/work/ozone/ozone/hadoop-ozone/integration-test/target/test-dir/MiniOzoneClusterImpl-71ef5771-1bca-432b-8888-38dc3c8d5d63/ozone-meta/datanode-3/ratis/8e046cd9-2b7e-4505-b18c-427d53fa2e43/current/raft-meta.conf
2024-05-12 17:41:36,098 [89a6d998-d419-473a-a6ed-8243f7f30d05-groupManagement] INFO  ratis.ContainerStateMachine (ContainerStateMachine.java:loadSnapshot(287)) - group-427D53FA2E43: The snapshot info is null. Setting the last applied index to:(t:0, i:~)
2024-05-12 17:41:36,098 [89a6d998-d419-473a-a6ed-8243f7f30d05-groupManagement] INFO  server.RaftServerConfigKeys (ConfUtils.java:logGet(46)) - raft.server.log.use.memory = false (default)
2024-05-12 17:41:36,098 [89a6d998-d419-473a-a6ed-8243f7f30d05-groupManagement] INFO  server.RaftServerConfigKeys (ConfUtils.java:logGet(46)) - raft.server.log.purge.gap = 1000000 (custom)
2024-05-12 17:41:36,098 [89a6d998-d419-473a-a6ed-8243f7f30d05-groupManagement] INFO  server.RaftServerConfigKeys (ConfUtils.java:logGet(46)) - raft.server.log.appender.buffer.byte-limit = 8388608 (custom)
2024-05-12 17:41:36,099 [89a6d998-d419-473a-a6ed-8243f7f30d05-groupManagement] INFO  server.RaftServerConfigKeys (ConfUtils.java:logGet(46)) - raft.server.log.statemachine.data.read.timeout = 1000ms (default)
2024-05-12 17:41:36,099 [89a6d998-d419-473a-a6ed-8243f7f30d05-groupManagement] INFO  server.RaftServerConfigKeys (ConfUtils.java:logGet(46)) - raft.server.log.purge.preservation.log.num = 0 (default)
2024-05-12 17:41:36,102 [89a6d998-d419-473a-a6ed-8243f7f30d05-groupManagement] INFO  server.RaftServerConfigKeys (ConfUtils.java:logGet(46)) - raft.server.log.segment.size.max = 67108864 (custom)
2024-05-12 17:41:36,102 [89a6d998-d419-473a-a6ed-8243f7f30d05-groupManagement] INFO  server.RaftServerConfigKeys (ConfUtils.java:logGet(46)) - raft.server.log.segment.cache.num.max = 2 (custom)
2024-05-12 17:41:36,102 [89a6d998-d419-473a-a6ed-8243f7f30d05-groupManagement] INFO  server.RaftServerConfigKeys (ConfUtils.java:logGet(46)) - raft.server.log.segment.cache.size.max = 200MB (=209715200) (default)
2024-05-12 17:41:36,102 [89a6d998-d419-473a-a6ed-8243f7f30d05-groupManagement] INFO  server.RaftServerConfigKeys (ConfUtils.java:logGet(46)) - raft.server.log.appender.buffer.byte-limit = 8388608 (custom)
2024-05-12 17:41:36,102 [89a6d998-d419-473a-a6ed-8243f7f30d05-groupManagement] INFO  util.AwaitToRun (AwaitToRun.java:start(81)) - Thread[89a6d998-d419-473a-a6ed-8243f7f30d05@group-427D53FA2E43-cacheEviction-AwaitToRun,5,main] started
2024-05-12 17:41:36,102 [89a6d998-d419-473a-a6ed-8243f7f30d05-groupManagement] INFO  segmented.SegmentedRaftLogWorker (SegmentedRaftLogWorker.java:<init>(182)) - new 89a6d998-d419-473a-a6ed-8243f7f30d05@group-427D53FA2E43-SegmentedRaftLogWorker for RaftStorageImpl:Storage Directory /home/runner/work/ozone/ozone/hadoop-ozone/integration-test/target/test-dir/MiniOzoneClusterImpl-71ef5771-1bca-432b-8888-38dc3c8d5d63/ozone-meta/datanode-3/ratis/8e046cd9-2b7e-4505-b18c-427d53fa2e43
2024-05-12 17:41:36,102 [89a6d998-d419-473a-a6ed-8243f7f30d05-groupManagement] INFO  server.RaftServerConfigKeys (ConfUtils.java:logGet(46)) - raft.server.log.queue.byte-limit = 4294967296 (custom)
2024-05-12 17:41:36,102 [89a6d998-d419-473a-a6ed-8243f7f30d05-groupManagement] INFO  server.RaftServerConfigKeys (ConfUtils.java:logGet(46)) - raft.server.log.queue.element-limit = 1024 (custom)
2024-05-12 17:41:36,102 [89a6d998-d419-473a-a6ed-8243f7f30d05-groupManagement] INFO  server.RaftServerConfigKeys (ConfUtils.java:logGet(46)) - raft.server.log.segment.size.max = 67108864 (custom)
2024-05-12 17:41:36,102 [89a6d998-d419-473a-a6ed-8243f7f30d05-groupManagement] INFO  server.RaftServerConfigKeys (ConfUtils.java:logGet(46)) - raft.server.log.preallocated.size = 4194304 (custom)
2024-05-12 17:41:36,102 [89a6d998-d419-473a-a6ed-8243f7f30d05-groupManagement] INFO  server.RaftServerConfigKeys (ConfUtils.java:logGet(46)) - raft.server.log.force.sync.num = 128 (default)
2024-05-12 17:41:36,102 [89a6d998-d419-473a-a6ed-8243f7f30d05-groupManagement] INFO  server.RaftServerConfigKeys (ConfUtils.java:logGet(46)) - raft.server.log.statemachine.data.sync = true (default)
2024-05-12 17:41:36,102 [89a6d998-d419-473a-a6ed-8243f7f30d05-groupManagement] INFO  server.RaftServerConfigKeys (ConfUtils.java:logGet(46)) - raft.server.log.statemachine.data.sync.timeout = 10s (default)
2024-05-12 17:41:36,102 [89a6d998-d419-473a-a6ed-8243f7f30d05-groupManagement] INFO  server.RaftServerConfigKeys (ConfUtils.java:logGet(46)) - raft.server.log.statemachine.data.sync.timeout.retry = 30 (custom)
2024-05-12 17:41:36,103 [89a6d998-d419-473a-a6ed-8243f7f30d05-groupManagement] INFO  server.RaftServerConfigKeys (ConfUtils.java:logGet(46)) - raft.server.log.write.buffer.size = 8388616 (custom)
2024-05-12 17:41:36,104 [89a6d998-d419-473a-a6ed-8243f7f30d05-groupManagement] INFO  server.RaftServerConfigKeys (ConfUtils.java:logGet(46)) - raft.server.log.appender.buffer.byte-limit = 8388608 (custom)
2024-05-12 17:41:36,104 [89a6d998-d419-473a-a6ed-8243f7f30d05-groupManagement] INFO  server.RaftServerConfigKeys (ConfUtils.java:logGet(46)) - raft.server.log.unsafe-flush.enabled = false (default)
2024-05-12 17:41:36,104 [89a6d998-d419-473a-a6ed-8243f7f30d05-groupManagement] INFO  server.RaftServerConfigKeys (ConfUtils.java:logGet(46)) - raft.server.log.async-flush.enabled = false (default)
2024-05-12 17:41:36,104 [89a6d998-d419-473a-a6ed-8243f7f30d05-groupManagement] INFO  server.RaftServerConfigKeys (ConfUtils.java:logGet(46)) - raft.server.log.statemachine.data.caching.enabled = true (custom)
2024-05-12 17:41:36,104 [89a6d998-d419-473a-a6ed-8243f7f30d05-groupManagement] INFO  segmented.SegmentedRaftLogWorker (SegmentedRaftLogWorker.java:lambda$new$0(134)) - 89a6d998-d419-473a-a6ed-8243f7f30d05@group-427D53FA2E43-SegmentedRaftLogWorker: flushIndex: setUnconditionally 0 -> -1
2024-05-12 17:41:36,105 [89a6d998-d419-473a-a6ed-8243f7f30d05-groupManagement] INFO  segmented.SegmentedRaftLogWorker (SegmentedRaftLogWorker.java:lambda$new$0(134)) - 89a6d998-d419-473a-a6ed-8243f7f30d05@group-427D53FA2E43-SegmentedRaftLogWorker: safeCacheEvictIndex: setUnconditionally 0 -> -1
2024-05-12 17:41:36,106 [89a6d998-d419-473a-a6ed-8243f7f30d05-groupManagement] INFO  server.RaftServer$Division (RaftServerImpl.java:start(396)) - 89a6d998-d419-473a-a6ed-8243f7f30d05@group-427D53FA2E43: start as a follower, conf=-1: peers:[d0e7fafe-f667-41fb-a16a-ecd1bcb446b6|127.0.0.1:15308, b7336ce2-a724-4c4a-8025-d323d27fa237|127.0.0.1:15317, 89a6d998-d419-473a-a6ed-8243f7f30d05|127.0.0.1:15326]|listeners:[], old=null
2024-05-12 17:41:36,106 [89a6d998-d419-473a-a6ed-8243f7f30d05-groupManagement] INFO  server.RaftServer$Division (RaftServerImpl.java:setRole(383)) - 89a6d998-d419-473a-a6ed-8243f7f30d05@group-427D53FA2E43: changes role from      null to FOLLOWER at term 0 for startAsFollower
2024-05-12 17:41:36,106 [89a6d998-d419-473a-a6ed-8243f7f30d05-groupManagement] INFO  impl.RoleInfo (RoleInfo.java:updateAndGet(139)) - 89a6d998-d419-473a-a6ed-8243f7f30d05: start 89a6d998-d419-473a-a6ed-8243f7f30d05@group-427D53FA2E43-FollowerState
2024-05-12 17:41:36,108 [89a6d998-d419-473a-a6ed-8243f7f30d05-groupManagement] INFO  util.JmxRegister (JmxRegister.java:tryRegister(44)) - Successfully registered JMX Bean with object name Ratis:service=RaftServer,group=group-427D53FA2E43,id=89a6d998-d419-473a-a6ed-8243f7f30d05
2024-05-12 17:41:36,108 [89a6d998-d419-473a-a6ed-8243f7f30d05-groupManagement] INFO  server.RaftServerConfigKeys (ConfUtils.java:logGet(46)) - raft.server.snapshot.trigger-when-stop.enabled = true (default)
2024-05-12 17:41:36,110 [89a6d998-d419-473a-a6ed-8243f7f30d05-groupManagement] INFO  server.RaftServerConfigKeys (ConfUtils.java:logGet(46)) - raft.server.snapshot.auto.trigger.enabled = true (custom)
2024-05-12 17:41:36,110 [89a6d998-d419-473a-a6ed-8243f7f30d05-groupManagement] INFO  server.RaftServerConfigKeys (ConfUtils.java:logGet(46)) - raft.server.snapshot.auto.trigger.threshold = 10000 (custom)
2024-05-12 17:41:36,110 [89a6d998-d419-473a-a6ed-8243f7f30d05-groupManagement] INFO  server.RaftServerConfigKeys (ConfUtils.java:logGet(46)) - raft.server.snapshot.retention.file.num = 5 (custom)
2024-05-12 17:41:36,110 [89a6d998-d419-473a-a6ed-8243f7f30d05-groupManagement] INFO  server.RaftServerConfigKeys (ConfUtils.java:logGet(46)) - raft.server.log.purge.upto.snapshot.index = false (default)
2024-05-12 17:41:36,109 [89a6d998-d419-473a-a6ed-8243f7f30d05@group-427D53FA2E43-FollowerState] INFO  server.RaftServerConfigKeys (ConfUtils.java:logFallback(53)) - raft.server.rpc.first-election.timeout.min = 1s (fallback to raft.server.rpc.timeout.min)
2024-05-12 17:41:36,109 [89a6d998-d419-473a-a6ed-8243f7f30d05-PipelineCommandHandlerThread-0] INFO  server.RaftServer (RaftServerProxy.java:addNew(100)) - 89a6d998-d419-473a-a6ed-8243f7f30d05: addNew group-D817E67D8269:[89a6d998-d419-473a-a6ed-8243f7f30d05|127.0.0.1:15326] returns group-D817E67D8269:java.util.concurrent.CompletableFuture@4fb8dce5[Not completed]
2024-05-12 17:41:36,111 [89a6d998-d419-473a-a6ed-8243f7f30d05@group-427D53FA2E43-FollowerState] INFO  server.RaftServerConfigKeys (ConfUtils.java:logFallback(53)) - raft.server.rpc.first-election.timeout.max = 1200ms (fallback to raft.server.rpc.timeout.max)
2024-05-12 17:41:36,111 [b7336ce2-a724-4c4a-8025-d323d27fa237-PipelineCommandHandlerThread-0] INFO  commandhandler.CreatePipelineCommandHandler (CreatePipelineCommandHandler.java:lambda$handle$2(124)) - Created Pipeline RATIS THREE PipelineID=8e046cd9-2b7e-4505-b18c-427d53fa2e43.
2024-05-12 17:41:36,112 [89a6d998-d419-473a-a6ed-8243f7f30d05-groupManagement] INFO  server.RaftServer$Division (RaftServerImpl.java:<init>(256)) - 89a6d998-d419-473a-a6ed-8243f7f30d05: new RaftServerImpl for group-D817E67D8269:[89a6d998-d419-473a-a6ed-8243f7f30d05|127.0.0.1:15326] with ContainerStateMachine:uninitialized
2024-05-12 17:41:36,112 [89a6d998-d419-473a-a6ed-8243f7f30d05-groupManagement] INFO  server.RaftServerConfigKeys (ConfUtils.java:logGet(46)) - raft.server.rpc.timeout.min = 1s (custom)
2024-05-12 17:41:36,112 [89a6d998-d419-473a-a6ed-8243f7f30d05-groupManagement] INFO  server.RaftServerConfigKeys (ConfUtils.java:logGet(46)) - raft.server.rpc.timeout.max = 1200ms (custom)
2024-05-12 17:41:36,112 [89a6d998-d419-473a-a6ed-8243f7f30d05-groupManagement] INFO  server.RaftServerConfigKeys (ConfUtils.java:logGet(46)) - raft.server.rpc.sleep.time = 25ms (default)
2024-05-12 17:41:36,112 [89a6d998-d419-473a-a6ed-8243f7f30d05-groupManagement] INFO  server.RaftServerConfigKeys (ConfUtils.java:logGet(46)) - raft.server.rpc.slowness.timeout = 300000ms (custom)
2024-05-12 17:41:36,112 [89a6d998-d419-473a-a6ed-8243f7f30d05-groupManagement] INFO  server.RaftServerConfigKeys (ConfUtils.java:logGet(46)) - raft.server.leaderelection.leader.step-down.wait-time = 10s (default)
2024-05-12 17:41:36,112 [89a6d998-d419-473a-a6ed-8243f7f30d05-groupManagement] INFO  server.RaftServerConfigKeys (ConfUtils.java:logGet(46)) - raft.server.leaderelection.member.majority-add = false (default)
2024-05-12 17:41:36,112 [89a6d998-d419-473a-a6ed-8243f7f30d05-groupManagement] INFO  server.RaftServerConfigKeys (ConfUtils.java:logGet(46)) - raft.server.sleep.deviation.threshold = 300ms (default)
2024-05-12 17:41:36,112 [89a6d998-d419-473a-a6ed-8243f7f30d05-groupManagement] INFO  server.RaftServer$Division (ServerState.java:<init>(113)) - 89a6d998-d419-473a-a6ed-8243f7f30d05@group-D817E67D8269: ConfigurationManager, init=-1: peers:[89a6d998-d419-473a-a6ed-8243f7f30d05|127.0.0.1:15326]|listeners:[], old=null, confs=<EMPTY_MAP>
2024-05-12 17:41:36,112 [89a6d998-d419-473a-a6ed-8243f7f30d05-groupManagement] INFO  server.RaftServerConfigKeys (ConfUtils.java:logGet(46)) - raft.server.notification.no-leader.timeout = 300000ms (custom)
2024-05-12 17:41:36,112 [89a6d998-d419-473a-a6ed-8243f7f30d05-groupManagement] INFO  server.RaftServerConfigKeys (ConfUtils.java:logGet(46)) - raft.server.read.timeout = 10s (default)
2024-05-12 17:41:36,112 [89a6d998-d419-473a-a6ed-8243f7f30d05-groupManagement] INFO  server.RaftServerConfigKeys (ConfUtils.java:logGet(46)) - raft.server.retrycache.expirytime = 600000ms (custom)
2024-05-12 17:41:36,112 [89a6d998-d419-473a-a6ed-8243f7f30d05-groupManagement] INFO  server.RaftServerConfigKeys (ConfUtils.java:logGet(46)) - raft.server.retrycache.statistics.expirytime = 100ms (default)
2024-05-12 17:41:36,112 [89a6d998-d419-473a-a6ed-8243f7f30d05-groupManagement] INFO  server.RaftServerConfigKeys (ConfUtils.java:logGet(46)) - raft.server.read.option = DEFAULT (default)
2024-05-12 17:41:36,112 [89a6d998-d419-473a-a6ed-8243f7f30d05-groupManagement] INFO  server.RaftServerConfigKeys (ConfUtils.java:logGet(46)) - raft.server.read.read-after-write-consistent.write-index-cache.expiry-time = 60s (default)
2024-05-12 17:41:36,114 [89a6d998-d419-473a-a6ed-8243f7f30d05-groupManagement] INFO  server.RaftServerConfigKeys (ConfUtils.java:logGet(46)) - raft.server.rpc.request.timeout = 3000ms (default)
2024-05-12 17:41:36,114 [89a6d998-d419-473a-a6ed-8243f7f30d05-groupManagement] INFO  server.RaftServerConfigKeys (ConfUtils.java:logGet(46)) - raft.server.log.appender.install.snapshot.enabled = false (custom)
2024-05-12 17:41:36,114 [89a6d998-d419-473a-a6ed-8243f7f30d05-groupManagement] INFO  server.RaftServerConfigKeys (ConfUtils.java:logGet(46)) - raft.server.threadpool.server.cached = true (default)
2024-05-12 17:41:36,114 [89a6d998-d419-473a-a6ed-8243f7f30d05-groupManagement] INFO  server.RaftServerConfigKeys (ConfUtils.java:logGet(46)) - raft.server.threadpool.server.size = 0 (default)
2024-05-12 17:41:36,114 [89a6d998-d419-473a-a6ed-8243f7f30d05-groupManagement] INFO  server.RaftServerConfigKeys (ConfUtils.java:logGet(46)) - raft.server.threadpool.client.cached = true (default)
2024-05-12 17:41:36,114 [89a6d998-d419-473a-a6ed-8243f7f30d05-groupManagement] INFO  server.RaftServerConfigKeys (ConfUtils.java:logGet(46)) - raft.server.threadpool.client.size = 0 (default)
2024-05-12 17:41:36,114 [89a6d998-d419-473a-a6ed-8243f7f30d05-groupManagement] INFO  server.RaftServerConfigKeys (ConfUtils.java:logGet(46)) - raft.server.storage.free-space.min = 0MB (=0) (default)
2024-05-12 17:41:36,114 [89a6d998-d419-473a-a6ed-8243f7f30d05-groupManagement] INFO  server.RaftServerConfigKeys (ConfUtils.java:logGet(46)) - raft.server.log.corruption.policy = EXCEPTION (default)
2024-05-12 17:41:36,114 [89a6d998-d419-473a-a6ed-8243f7f30d05-groupManagement] INFO  server.RaftServerConfigKeys (ConfUtils.java:logGet(46)) - raft.server.storage.dir = [/home/runner/work/ozone/ozone/hadoop-ozone/integration-test/target/test-dir/MiniOzoneClusterImpl-71ef5771-1bca-432b-8888-38dc3c8d5d63/ozone-meta/datanode-3/ratis] (custom)
2024-05-12 17:41:36,115 [89a6d998-d419-473a-a6ed-8243f7f30d05-groupManagement] INFO  storage.RaftStorageDirectory (RaftStorageDirectoryImpl.java:analyzeStorage(138)) - The storage directory /home/runner/work/ozone/ozone/hadoop-ozone/integration-test/target/test-dir/MiniOzoneClusterImpl-71ef5771-1bca-432b-8888-38dc3c8d5d63/ozone-meta/datanode-3/ratis/a64bc78e-2fed-4714-aa9a-d817e67d8269 does not exist. Creating ...
2024-05-12 17:41:36,115 [89a6d998-d419-473a-a6ed-8243f7f30d05-groupManagement] INFO  storage.RaftStorageDirectory (RaftStorageDirectoryImpl.java:tryLock(228)) - Lock on /home/runner/work/ozone/ozone/hadoop-ozone/integration-test/target/test-dir/MiniOzoneClusterImpl-71ef5771-1bca-432b-8888-38dc3c8d5d63/ozone-meta/datanode-3/ratis/a64bc78e-2fed-4714-aa9a-d817e67d8269/in_use.lock acquired by nodename 12547@fv-az576-466
2024-05-12 17:41:36,116 [89a6d998-d419-473a-a6ed-8243f7f30d05-groupManagement] INFO  storage.RaftStorage (RaftStorageImpl.java:format(99)) - Storage directory /home/runner/work/ozone/ozone/hadoop-ozone/integration-test/target/test-dir/MiniOzoneClusterImpl-71ef5771-1bca-432b-8888-38dc3c8d5d63/ozone-meta/datanode-3/ratis/a64bc78e-2fed-4714-aa9a-d817e67d8269 has been successfully formatted.
2024-05-12 17:41:36,116 [89a6d998-d419-473a-a6ed-8243f7f30d05-groupManagement] WARN  util.FileUtils (LogUtils.java:supplyAndLog(63)) - Failed to Files.newInputStream /home/runner/work/ozone/ozone/hadoop-ozone/integration-test/target/test-dir/MiniOzoneClusterImpl-71ef5771-1bca-432b-8888-38dc3c8d5d63/ozone-meta/datanode-3/ratis/a64bc78e-2fed-4714-aa9a-d817e67d8269/current/raft-meta.conf with options []: java.nio.file.NoSuchFileException: /home/runner/work/ozone/ozone/hadoop-ozone/integration-test/target/test-dir/MiniOzoneClusterImpl-71ef5771-1bca-432b-8888-38dc3c8d5d63/ozone-meta/datanode-3/ratis/a64bc78e-2fed-4714-aa9a-d817e67d8269/current/raft-meta.conf
2024-05-12 17:41:36,116 [89a6d998-d419-473a-a6ed-8243f7f30d05-groupManagement] INFO  ratis.ContainerStateMachine (ContainerStateMachine.java:loadSnapshot(287)) - group-D817E67D8269: The snapshot info is null. Setting the last applied index to:(t:0, i:~)
2024-05-12 17:41:36,117 [89a6d998-d419-473a-a6ed-8243f7f30d05-groupManagement] INFO  server.RaftServerConfigKeys (ConfUtils.java:logGet(46)) - raft.server.log.use.memory = false (default)
2024-05-12 17:41:36,117 [89a6d998-d419-473a-a6ed-8243f7f30d05-groupManagement] INFO  server.RaftServerConfigKeys (ConfUtils.java:logGet(46)) - raft.server.log.purge.gap = 1000000 (custom)
2024-05-12 17:41:36,117 [89a6d998-d419-473a-a6ed-8243f7f30d05-groupManagement] INFO  server.RaftServerConfigKeys (ConfUtils.java:logGet(46)) - raft.server.log.appender.buffer.byte-limit = 8388608 (custom)
2024-05-12 17:41:36,117 [89a6d998-d419-473a-a6ed-8243f7f30d05-groupManagement] INFO  server.RaftServerConfigKeys (ConfUtils.java:logGet(46)) - raft.server.log.statemachine.data.read.timeout = 1000ms (default)
2024-05-12 17:41:36,117 [89a6d998-d419-473a-a6ed-8243f7f30d05-groupManagement] INFO  server.RaftServerConfigKeys (ConfUtils.java:logGet(46)) - raft.server.log.purge.preservation.log.num = 0 (default)
2024-05-12 17:41:36,118 [EventQueue-PipelineReportForPipelineReportHandler] INFO  pipeline.PipelineReportHandler (PipelineReportHandler.java:processPipelineReport(136)) - Opened pipeline PipelineID=a64bc78e-2fed-4714-aa9a-d817e67d8269
2024-05-12 17:41:36,118 [EventQueue-OpenPipelineForHealthyPipelineSafeModeRule] INFO  safemode.SCMSafeModeManager (HealthyPipelineSafeModeRule.java:process(140)) - SCM in safe mode. Healthy pipelines reported count is 0, required healthy pipeline reported count is 1
2024-05-12 17:41:36,118 [89a6d998-d419-473a-a6ed-8243f7f30d05-groupManagement] INFO  server.RaftServerConfigKeys (ConfUtils.java:logGet(46)) - raft.server.log.segment.size.max = 67108864 (custom)
2024-05-12 17:41:36,119 [89a6d998-d419-473a-a6ed-8243f7f30d05-groupManagement] INFO  server.RaftServerConfigKeys (ConfUtils.java:logGet(46)) - raft.server.log.segment.cache.num.max = 2 (custom)
2024-05-12 17:41:36,119 [89a6d998-d419-473a-a6ed-8243f7f30d05-groupManagement] INFO  server.RaftServerConfigKeys (ConfUtils.java:logGet(46)) - raft.server.log.segment.cache.size.max = 200MB (=209715200) (default)
2024-05-12 17:41:36,119 [89a6d998-d419-473a-a6ed-8243f7f30d05-groupManagement] INFO  server.RaftServerConfigKeys (ConfUtils.java:logGet(46)) - raft.server.log.appender.buffer.byte-limit = 8388608 (custom)
2024-05-12 17:41:36,119 [89a6d998-d419-473a-a6ed-8243f7f30d05-groupManagement] INFO  util.AwaitToRun (AwaitToRun.java:start(81)) - Thread[89a6d998-d419-473a-a6ed-8243f7f30d05@group-D817E67D8269-cacheEviction-AwaitToRun,5,main] started
2024-05-12 17:41:36,119 [89a6d998-d419-473a-a6ed-8243f7f30d05-groupManagement] INFO  segmented.SegmentedRaftLogWorker (SegmentedRaftLogWorker.java:<init>(182)) - new 89a6d998-d419-473a-a6ed-8243f7f30d05@group-D817E67D8269-SegmentedRaftLogWorker for RaftStorageImpl:Storage Directory /home/runner/work/ozone/ozone/hadoop-ozone/integration-test/target/test-dir/MiniOzoneClusterImpl-71ef5771-1bca-432b-8888-38dc3c8d5d63/ozone-meta/datanode-3/ratis/a64bc78e-2fed-4714-aa9a-d817e67d8269
2024-05-12 17:41:36,119 [89a6d998-d419-473a-a6ed-8243f7f30d05-groupManagement] INFO  server.RaftServerConfigKeys (ConfUtils.java:logGet(46)) - raft.server.log.queue.byte-limit = 4294967296 (custom)
2024-05-12 17:41:36,119 [89a6d998-d419-473a-a6ed-8243f7f30d05-groupManagement] INFO  server.RaftServerConfigKeys (ConfUtils.java:logGet(46)) - raft.server.log.queue.element-limit = 1024 (custom)
2024-05-12 17:41:36,119 [89a6d998-d419-473a-a6ed-8243f7f30d05-groupManagement] INFO  server.RaftServerConfigKeys (ConfUtils.java:logGet(46)) - raft.server.log.segment.size.max = 67108864 (custom)
2024-05-12 17:41:36,119 [89a6d998-d419-473a-a6ed-8243f7f30d05-groupManagement] INFO  server.RaftServerConfigKeys (ConfUtils.java:logGet(46)) - raft.server.log.preallocated.size = 4194304 (custom)
2024-05-12 17:41:36,119 [89a6d998-d419-473a-a6ed-8243f7f30d05-groupManagement] INFO  server.RaftServerConfigKeys (ConfUtils.java:logGet(46)) - raft.server.log.force.sync.num = 128 (default)
2024-05-12 17:41:36,119 [89a6d998-d419-473a-a6ed-8243f7f30d05-groupManagement] INFO  server.RaftServerConfigKeys (ConfUtils.java:logGet(46)) - raft.server.log.statemachine.data.sync = true (default)
2024-05-12 17:41:36,119 [89a6d998-d419-473a-a6ed-8243f7f30d05-groupManagement] INFO  server.RaftServerConfigKeys (ConfUtils.java:logGet(46)) - raft.server.log.statemachine.data.sync.timeout = 10s (default)
2024-05-12 17:41:36,119 [89a6d998-d419-473a-a6ed-8243f7f30d05-groupManagement] INFO  server.RaftServerConfigKeys (ConfUtils.java:logGet(46)) - raft.server.log.statemachine.data.sync.timeout.retry = 30 (custom)
2024-05-12 17:41:36,120 [89a6d998-d419-473a-a6ed-8243f7f30d05-groupManagement] INFO  server.RaftServerConfigKeys (ConfUtils.java:logGet(46)) - raft.server.log.write.buffer.size = 8388616 (custom)
2024-05-12 17:41:36,121 [89a6d998-d419-473a-a6ed-8243f7f30d05-groupManagement] INFO  server.RaftServerConfigKeys (ConfUtils.java:logGet(46)) - raft.server.log.appender.buffer.byte-limit = 8388608 (custom)
2024-05-12 17:41:36,121 [89a6d998-d419-473a-a6ed-8243f7f30d05-groupManagement] INFO  server.RaftServerConfigKeys (ConfUtils.java:logGet(46)) - raft.server.log.unsafe-flush.enabled = false (default)
2024-05-12 17:41:36,121 [89a6d998-d419-473a-a6ed-8243f7f30d05-groupManagement] INFO  server.RaftServerConfigKeys (ConfUtils.java:logGet(46)) - raft.server.log.async-flush.enabled = false (default)
2024-05-12 17:41:36,121 [89a6d998-d419-473a-a6ed-8243f7f30d05-groupManagement] INFO  server.RaftServerConfigKeys (ConfUtils.java:logGet(46)) - raft.server.log.statemachine.data.caching.enabled = true (custom)
2024-05-12 17:41:36,122 [89a6d998-d419-473a-a6ed-8243f7f30d05-groupManagement] INFO  segmented.SegmentedRaftLogWorker (SegmentedRaftLogWorker.java:lambda$new$0(134)) - 89a6d998-d419-473a-a6ed-8243f7f30d05@group-D817E67D8269-SegmentedRaftLogWorker: flushIndex: setUnconditionally 0 -> -1
2024-05-12 17:41:36,122 [89a6d998-d419-473a-a6ed-8243f7f30d05-groupManagement] INFO  segmented.SegmentedRaftLogWorker (SegmentedRaftLogWorker.java:lambda$new$0(134)) - 89a6d998-d419-473a-a6ed-8243f7f30d05@group-D817E67D8269-SegmentedRaftLogWorker: safeCacheEvictIndex: setUnconditionally 0 -> -1
2024-05-12 17:41:36,122 [89a6d998-d419-473a-a6ed-8243f7f30d05-groupManagement] INFO  server.RaftServer$Division (RaftServerImpl.java:start(396)) - 89a6d998-d419-473a-a6ed-8243f7f30d05@group-D817E67D8269: start as a follower, conf=-1: peers:[89a6d998-d419-473a-a6ed-8243f7f30d05|127.0.0.1:15326]|listeners:[], old=null
2024-05-12 17:41:36,122 [89a6d998-d419-473a-a6ed-8243f7f30d05-groupManagement] INFO  server.RaftServer$Division (RaftServerImpl.java:setRole(383)) - 89a6d998-d419-473a-a6ed-8243f7f30d05@group-D817E67D8269: changes role from      null to FOLLOWER at term 0 for startAsFollower
2024-05-12 17:41:36,122 [89a6d998-d419-473a-a6ed-8243f7f30d05-groupManagement] INFO  impl.RoleInfo (RoleInfo.java:updateAndGet(139)) - 89a6d998-d419-473a-a6ed-8243f7f30d05: start 89a6d998-d419-473a-a6ed-8243f7f30d05@group-D817E67D8269-FollowerState
2024-05-12 17:41:36,122 [89a6d998-d419-473a-a6ed-8243f7f30d05-groupManagement] INFO  util.JmxRegister (JmxRegister.java:tryRegister(44)) - Successfully registered JMX Bean with object name Ratis:service=RaftServer,group=group-D817E67D8269,id=89a6d998-d419-473a-a6ed-8243f7f30d05
2024-05-12 17:41:36,122 [d0e7fafe-f667-41fb-a16a-ecd1bcb446b6-PipelineCommandHandlerThread-0] INFO  commandhandler.CreatePipelineCommandHandler (CreatePipelineCommandHandler.java:lambda$handle$2(124)) - Created Pipeline RATIS THREE PipelineID=8e046cd9-2b7e-4505-b18c-427d53fa2e43.
2024-05-12 17:41:36,122 [89a6d998-d419-473a-a6ed-8243f7f30d05-groupManagement] INFO  server.RaftServerConfigKeys (ConfUtils.java:logGet(46)) - raft.server.snapshot.trigger-when-stop.enabled = true (default)
2024-05-12 17:41:36,123 [89a6d998-d419-473a-a6ed-8243f7f30d05-groupManagement] INFO  server.RaftServerConfigKeys (ConfUtils.java:logGet(46)) - raft.server.snapshot.auto.trigger.enabled = true (custom)
2024-05-12 17:41:36,123 [89a6d998-d419-473a-a6ed-8243f7f30d05-groupManagement] INFO  server.RaftServerConfigKeys (ConfUtils.java:logGet(46)) - raft.server.snapshot.auto.trigger.threshold = 10000 (custom)
2024-05-12 17:41:36,123 [89a6d998-d419-473a-a6ed-8243f7f30d05-groupManagement] INFO  server.RaftServerConfigKeys (ConfUtils.java:logGet(46)) - raft.server.snapshot.retention.file.num = 5 (custom)
2024-05-12 17:41:36,123 [89a6d998-d419-473a-a6ed-8243f7f30d05-groupManagement] INFO  server.RaftServerConfigKeys (ConfUtils.java:logGet(46)) - raft.server.log.purge.upto.snapshot.index = false (default)
2024-05-12 17:41:36,123 [89a6d998-d419-473a-a6ed-8243f7f30d05@group-D817E67D8269-FollowerState] INFO  server.RaftServerConfigKeys (ConfUtils.java:logFallback(53)) - raft.server.rpc.first-election.timeout.min = 1s (fallback to raft.server.rpc.timeout.min)
2024-05-12 17:41:36,123 [89a6d998-d419-473a-a6ed-8243f7f30d05@group-D817E67D8269-FollowerState] INFO  server.RaftServerConfigKeys (ConfUtils.java:logFallback(53)) - raft.server.rpc.first-election.timeout.max = 1200ms (fallback to raft.server.rpc.timeout.max)
2024-05-12 17:41:36,123 [89a6d998-d419-473a-a6ed-8243f7f30d05-PipelineCommandHandlerThread-0] INFO  ratis.XceiverServerRatis (XceiverServerRatis.java:addGroup(864)) - Created group PipelineID=a64bc78e-2fed-4714-aa9a-d817e67d8269
2024-05-12 17:41:36,123 [89a6d998-d419-473a-a6ed-8243f7f30d05-PipelineCommandHandlerThread-0] INFO  commandhandler.CreatePipelineCommandHandler (CreatePipelineCommandHandler.java:lambda$handle$2(124)) - Created Pipeline RATIS ONE PipelineID=a64bc78e-2fed-4714-aa9a-d817e67d8269.
2024-05-12 17:41:36,164 [3523888c-df3a-4c75-876a-f320dc6c9584-PipelineCommandHandlerThread-0] INFO  server.RaftServer (RaftServerProxy.java:addNew(100)) - 3523888c-df3a-4c75-876a-f320dc6c9584: addNew group-B8A71AF82CEC:[3523888c-df3a-4c75-876a-f320dc6c9584|127.0.0.1:15335] returns group-B8A71AF82CEC:java.util.concurrent.CompletableFuture@f1c0a47[Not completed]
2024-05-12 17:41:36,164 [3523888c-df3a-4c75-876a-f320dc6c9584-groupManagement] INFO  server.RaftServer$Division (RaftServerImpl.java:<init>(256)) - 3523888c-df3a-4c75-876a-f320dc6c9584: new RaftServerImpl for group-B8A71AF82CEC:[3523888c-df3a-4c75-876a-f320dc6c9584|127.0.0.1:15335] with ContainerStateMachine:uninitialized
2024-05-12 17:41:36,164 [3523888c-df3a-4c75-876a-f320dc6c9584-groupManagement] INFO  server.RaftServerConfigKeys (ConfUtils.java:logGet(46)) - raft.server.rpc.timeout.min = 1s (custom)
2024-05-12 17:41:36,164 [3523888c-df3a-4c75-876a-f320dc6c9584-groupManagement] INFO  server.RaftServerConfigKeys (ConfUtils.java:logGet(46)) - raft.server.rpc.timeout.max = 1200ms (custom)
2024-05-12 17:41:36,165 [3523888c-df3a-4c75-876a-f320dc6c9584-groupManagement] INFO  server.RaftServerConfigKeys (ConfUtils.java:logGet(46)) - raft.server.rpc.sleep.time = 25ms (default)
2024-05-12 17:41:36,165 [3523888c-df3a-4c75-876a-f320dc6c9584-groupManagement] INFO  server.RaftServerConfigKeys (ConfUtils.java:logGet(46)) - raft.server.rpc.slowness.timeout = 300000ms (custom)
2024-05-12 17:41:36,176 [3523888c-df3a-4c75-876a-f320dc6c9584-groupManagement] INFO  server.RaftServerConfigKeys (ConfUtils.java:logGet(46)) - raft.server.leaderelection.leader.step-down.wait-time = 10s (default)
2024-05-12 17:41:36,176 [3523888c-df3a-4c75-876a-f320dc6c9584-groupManagement] INFO  server.RaftServerConfigKeys (ConfUtils.java:logGet(46)) - raft.server.leaderelection.member.majority-add = false (default)
2024-05-12 17:41:36,176 [3523888c-df3a-4c75-876a-f320dc6c9584-groupManagement] INFO  server.RaftServerConfigKeys (ConfUtils.java:logGet(46)) - raft.server.sleep.deviation.threshold = 300ms (default)
2024-05-12 17:41:36,176 [3523888c-df3a-4c75-876a-f320dc6c9584-groupManagement] INFO  server.RaftServer$Division (ServerState.java:<init>(113)) - 3523888c-df3a-4c75-876a-f320dc6c9584@group-B8A71AF82CEC: ConfigurationManager, init=-1: peers:[3523888c-df3a-4c75-876a-f320dc6c9584|127.0.0.1:15335]|listeners:[], old=null, confs=<EMPTY_MAP>
2024-05-12 17:41:36,176 [3523888c-df3a-4c75-876a-f320dc6c9584-groupManagement] INFO  server.RaftServerConfigKeys (ConfUtils.java:logGet(46)) - raft.server.notification.no-leader.timeout = 300000ms (custom)
2024-05-12 17:41:36,176 [3523888c-df3a-4c75-876a-f320dc6c9584-groupManagement] INFO  server.RaftServerConfigKeys (ConfUtils.java:logGet(46)) - raft.server.read.timeout = 10s (default)
2024-05-12 17:41:36,176 [3523888c-df3a-4c75-876a-f320dc6c9584-groupManagement] INFO  server.RaftServerConfigKeys (ConfUtils.java:logGet(46)) - raft.server.retrycache.expirytime = 600000ms (custom)
2024-05-12 17:41:36,177 [3523888c-df3a-4c75-876a-f320dc6c9584-groupManagement] INFO  server.RaftServerConfigKeys (ConfUtils.java:logGet(46)) - raft.server.retrycache.statistics.expirytime = 100ms (default)
2024-05-12 17:41:36,177 [3523888c-df3a-4c75-876a-f320dc6c9584-groupManagement] INFO  server.RaftServerConfigKeys (ConfUtils.java:logGet(46)) - raft.server.read.option = DEFAULT (default)
2024-05-12 17:41:36,177 [3523888c-df3a-4c75-876a-f320dc6c9584-groupManagement] INFO  server.RaftServerConfigKeys (ConfUtils.java:logGet(46)) - raft.server.read.read-after-write-consistent.write-index-cache.expiry-time = 60s (default)
2024-05-12 17:41:36,179 [3523888c-df3a-4c75-876a-f320dc6c9584-groupManagement] INFO  server.RaftServerConfigKeys (ConfUtils.java:logGet(46)) - raft.server.rpc.request.timeout = 3000ms (default)
2024-05-12 17:41:36,179 [3523888c-df3a-4c75-876a-f320dc6c9584-groupManagement] INFO  server.RaftServerConfigKeys (ConfUtils.java:logGet(46)) - raft.server.log.appender.install.snapshot.enabled = false (custom)
2024-05-12 17:41:36,179 [3523888c-df3a-4c75-876a-f320dc6c9584-groupManagement] INFO  server.RaftServerConfigKeys (ConfUtils.java:logGet(46)) - raft.server.threadpool.server.cached = true (default)
2024-05-12 17:41:36,179 [3523888c-df3a-4c75-876a-f320dc6c9584-groupManagement] INFO  server.RaftServerConfigKeys (ConfUtils.java:logGet(46)) - raft.server.threadpool.server.size = 0 (default)
2024-05-12 17:41:36,179 [3523888c-df3a-4c75-876a-f320dc6c9584-groupManagement] INFO  server.RaftServerConfigKeys (ConfUtils.java:logGet(46)) - raft.server.threadpool.client.cached = true (default)
2024-05-12 17:41:36,179 [3523888c-df3a-4c75-876a-f320dc6c9584-groupManagement] INFO  server.RaftServerConfigKeys (ConfUtils.java:logGet(46)) - raft.server.threadpool.client.size = 0 (default)
2024-05-12 17:41:36,179 [3523888c-df3a-4c75-876a-f320dc6c9584-groupManagement] INFO  server.RaftServerConfigKeys (ConfUtils.java:logGet(46)) - raft.server.storage.free-space.min = 0MB (=0) (default)
2024-05-12 17:41:36,179 [3523888c-df3a-4c75-876a-f320dc6c9584-groupManagement] INFO  server.RaftServerConfigKeys (ConfUtils.java:logGet(46)) - raft.server.log.corruption.policy = EXCEPTION (default)
2024-05-12 17:41:36,179 [3523888c-df3a-4c75-876a-f320dc6c9584-groupManagement] INFO  server.RaftServerConfigKeys (ConfUtils.java:logGet(46)) - raft.server.storage.dir = [/home/runner/work/ozone/ozone/hadoop-ozone/integration-test/target/test-dir/MiniOzoneClusterImpl-71ef5771-1bca-432b-8888-38dc3c8d5d63/ozone-meta/datanode-4/ratis] (custom)
2024-05-12 17:41:36,180 [3523888c-df3a-4c75-876a-f320dc6c9584-groupManagement] INFO  storage.RaftStorageDirectory (RaftStorageDirectoryImpl.java:analyzeStorage(138)) - The storage directory /home/runner/work/ozone/ozone/hadoop-ozone/integration-test/target/test-dir/MiniOzoneClusterImpl-71ef5771-1bca-432b-8888-38dc3c8d5d63/ozone-meta/datanode-4/ratis/37dce997-92ce-4f65-af64-b8a71af82cec does not exist. Creating ...
2024-05-12 17:41:36,181 [3523888c-df3a-4c75-876a-f320dc6c9584-groupManagement] INFO  storage.RaftStorageDirectory (RaftStorageDirectoryImpl.java:tryLock(228)) - Lock on /home/runner/work/ozone/ozone/hadoop-ozone/integration-test/target/test-dir/MiniOzoneClusterImpl-71ef5771-1bca-432b-8888-38dc3c8d5d63/ozone-meta/datanode-4/ratis/37dce997-92ce-4f65-af64-b8a71af82cec/in_use.lock acquired by nodename 12547@fv-az576-466
2024-05-12 17:41:36,181 [3523888c-df3a-4c75-876a-f320dc6c9584-groupManagement] INFO  storage.RaftStorage (RaftStorageImpl.java:format(99)) - Storage directory /home/runner/work/ozone/ozone/hadoop-ozone/integration-test/target/test-dir/MiniOzoneClusterImpl-71ef5771-1bca-432b-8888-38dc3c8d5d63/ozone-meta/datanode-4/ratis/37dce997-92ce-4f65-af64-b8a71af82cec has been successfully formatted.
2024-05-12 17:41:36,182 [3523888c-df3a-4c75-876a-f320dc6c9584-groupManagement] WARN  util.FileUtils (LogUtils.java:supplyAndLog(63)) - Failed to Files.newInputStream /home/runner/work/ozone/ozone/hadoop-ozone/integration-test/target/test-dir/MiniOzoneClusterImpl-71ef5771-1bca-432b-8888-38dc3c8d5d63/ozone-meta/datanode-4/ratis/37dce997-92ce-4f65-af64-b8a71af82cec/current/raft-meta.conf with options []: java.nio.file.NoSuchFileException: /home/runner/work/ozone/ozone/hadoop-ozone/integration-test/target/test-dir/MiniOzoneClusterImpl-71ef5771-1bca-432b-8888-38dc3c8d5d63/ozone-meta/datanode-4/ratis/37dce997-92ce-4f65-af64-b8a71af82cec/current/raft-meta.conf
2024-05-12 17:41:36,182 [3523888c-df3a-4c75-876a-f320dc6c9584-groupManagement] INFO  ratis.ContainerStateMachine (ContainerStateMachine.java:loadSnapshot(287)) - group-B8A71AF82CEC: The snapshot info is null. Setting the last applied index to:(t:0, i:~)
2024-05-12 17:41:36,182 [3523888c-df3a-4c75-876a-f320dc6c9584-groupManagement] INFO  server.RaftServerConfigKeys (ConfUtils.java:logGet(46)) - raft.server.log.use.memory = false (default)
2024-05-12 17:41:36,182 [3523888c-df3a-4c75-876a-f320dc6c9584-groupManagement] INFO  server.RaftServerConfigKeys (ConfUtils.java:logGet(46)) - raft.server.log.purge.gap = 1000000 (custom)
2024-05-12 17:41:36,182 [3523888c-df3a-4c75-876a-f320dc6c9584-groupManagement] INFO  server.RaftServerConfigKeys (ConfUtils.java:logGet(46)) - raft.server.log.appender.buffer.byte-limit = 8388608 (custom)
2024-05-12 17:41:36,182 [3523888c-df3a-4c75-876a-f320dc6c9584-groupManagement] INFO  server.RaftServerConfigKeys (ConfUtils.java:logGet(46)) - raft.server.log.statemachine.data.read.timeout = 1000ms (default)
2024-05-12 17:41:36,182 [3523888c-df3a-4c75-876a-f320dc6c9584-groupManagement] INFO  server.RaftServerConfigKeys (ConfUtils.java:logGet(46)) - raft.server.log.purge.preservation.log.num = 0 (default)
2024-05-12 17:41:36,183 [EventQueue-PipelineReportForPipelineReportHandler] INFO  pipeline.PipelineReportHandler (PipelineReportHandler.java:processPipelineReport(136)) - Opened pipeline PipelineID=37dce997-92ce-4f65-af64-b8a71af82cec
2024-05-12 17:41:36,183 [EventQueue-OpenPipelineForHealthyPipelineSafeModeRule] INFO  safemode.SCMSafeModeManager (HealthyPipelineSafeModeRule.java:process(140)) - SCM in safe mode. Healthy pipelines reported count is 0, required healthy pipeline reported count is 1
2024-05-12 17:41:36,184 [3523888c-df3a-4c75-876a-f320dc6c9584-groupManagement] INFO  server.RaftServerConfigKeys (ConfUtils.java:logGet(46)) - raft.server.log.segment.size.max = 67108864 (custom)
2024-05-12 17:41:36,184 [3523888c-df3a-4c75-876a-f320dc6c9584-groupManagement] INFO  server.RaftServerConfigKeys (ConfUtils.java:logGet(46)) - raft.server.log.segment.cache.num.max = 2 (custom)
2024-05-12 17:41:36,184 [3523888c-df3a-4c75-876a-f320dc6c9584-groupManagement] INFO  server.RaftServerConfigKeys (ConfUtils.java:logGet(46)) - raft.server.log.segment.cache.size.max = 200MB (=209715200) (default)
2024-05-12 17:41:36,184 [3523888c-df3a-4c75-876a-f320dc6c9584-groupManagement] INFO  server.RaftServerConfigKeys (ConfUtils.java:logGet(46)) - raft.server.log.appender.buffer.byte-limit = 8388608 (custom)
2024-05-12 17:41:36,185 [3523888c-df3a-4c75-876a-f320dc6c9584-groupManagement] INFO  util.AwaitToRun (AwaitToRun.java:start(81)) - Thread[3523888c-df3a-4c75-876a-f320dc6c9584@group-B8A71AF82CEC-cacheEviction-AwaitToRun,5,main] started
2024-05-12 17:41:36,185 [3523888c-df3a-4c75-876a-f320dc6c9584-groupManagement] INFO  segmented.SegmentedRaftLogWorker (SegmentedRaftLogWorker.java:<init>(182)) - new 3523888c-df3a-4c75-876a-f320dc6c9584@group-B8A71AF82CEC-SegmentedRaftLogWorker for RaftStorageImpl:Storage Directory /home/runner/work/ozone/ozone/hadoop-ozone/integration-test/target/test-dir/MiniOzoneClusterImpl-71ef5771-1bca-432b-8888-38dc3c8d5d63/ozone-meta/datanode-4/ratis/37dce997-92ce-4f65-af64-b8a71af82cec
2024-05-12 17:41:36,185 [3523888c-df3a-4c75-876a-f320dc6c9584-groupManagement] INFO  server.RaftServerConfigKeys (ConfUtils.java:logGet(46)) - raft.server.log.queue.byte-limit = 4294967296 (custom)
2024-05-12 17:41:36,185 [3523888c-df3a-4c75-876a-f320dc6c9584-groupManagement] INFO  server.RaftServerConfigKeys (ConfUtils.java:logGet(46)) - raft.server.log.queue.element-limit = 1024 (custom)
2024-05-12 17:41:36,185 [3523888c-df3a-4c75-876a-f320dc6c9584-groupManagement] INFO  server.RaftServerConfigKeys (ConfUtils.java:logGet(46)) - raft.server.log.segment.size.max = 67108864 (custom)
2024-05-12 17:41:36,185 [3523888c-df3a-4c75-876a-f320dc6c9584-groupManagement] INFO  server.RaftServerConfigKeys (ConfUtils.java:logGet(46)) - raft.server.log.preallocated.size = 4194304 (custom)
2024-05-12 17:41:36,185 [3523888c-df3a-4c75-876a-f320dc6c9584-groupManagement] INFO  server.RaftServerConfigKeys (ConfUtils.java:logGet(46)) - raft.server.log.force.sync.num = 128 (default)
2024-05-12 17:41:36,185 [3523888c-df3a-4c75-876a-f320dc6c9584-groupManagement] INFO  server.RaftServerConfigKeys (ConfUtils.java:logGet(46)) - raft.server.log.statemachine.data.sync = true (default)
2024-05-12 17:41:36,185 [3523888c-df3a-4c75-876a-f320dc6c9584-groupManagement] INFO  server.RaftServerConfigKeys (ConfUtils.java:logGet(46)) - raft.server.log.statemachine.data.sync.timeout = 10s (default)
2024-05-12 17:41:36,185 [3523888c-df3a-4c75-876a-f320dc6c9584-groupManagement] INFO  server.RaftServerConfigKeys (ConfUtils.java:logGet(46)) - raft.server.log.statemachine.data.sync.timeout.retry = 30 (custom)
2024-05-12 17:41:36,185 [3523888c-df3a-4c75-876a-f320dc6c9584-groupManagement] INFO  server.RaftServerConfigKeys (ConfUtils.java:logGet(46)) - raft.server.log.write.buffer.size = 8388616 (custom)
2024-05-12 17:41:36,187 [3523888c-df3a-4c75-876a-f320dc6c9584-groupManagement] INFO  server.RaftServerConfigKeys (ConfUtils.java:logGet(46)) - raft.server.log.appender.buffer.byte-limit = 8388608 (custom)
2024-05-12 17:41:36,187 [3523888c-df3a-4c75-876a-f320dc6c9584-groupManagement] INFO  server.RaftServerConfigKeys (ConfUtils.java:logGet(46)) - raft.server.log.unsafe-flush.enabled = false (default)
2024-05-12 17:41:36,187 [3523888c-df3a-4c75-876a-f320dc6c9584-groupManagement] INFO  server.RaftServerConfigKeys (ConfUtils.java:logGet(46)) - raft.server.log.async-flush.enabled = false (default)
2024-05-12 17:41:36,187 [3523888c-df3a-4c75-876a-f320dc6c9584-groupManagement] INFO  server.RaftServerConfigKeys (ConfUtils.java:logGet(46)) - raft.server.log.statemachine.data.caching.enabled = true (custom)
2024-05-12 17:41:36,187 [3523888c-df3a-4c75-876a-f320dc6c9584-groupManagement] INFO  segmented.SegmentedRaftLogWorker (SegmentedRaftLogWorker.java:lambda$new$0(134)) - 3523888c-df3a-4c75-876a-f320dc6c9584@group-B8A71AF82CEC-SegmentedRaftLogWorker: flushIndex: setUnconditionally 0 -> -1
2024-05-12 17:41:36,187 [3523888c-df3a-4c75-876a-f320dc6c9584-groupManagement] INFO  segmented.SegmentedRaftLogWorker (SegmentedRaftLogWorker.java:lambda$new$0(134)) - 3523888c-df3a-4c75-876a-f320dc6c9584@group-B8A71AF82CEC-SegmentedRaftLogWorker: safeCacheEvictIndex: setUnconditionally 0 -> -1
2024-05-12 17:41:36,188 [3523888c-df3a-4c75-876a-f320dc6c9584-groupManagement] INFO  server.RaftServer$Division (RaftServerImpl.java:start(396)) - 3523888c-df3a-4c75-876a-f320dc6c9584@group-B8A71AF82CEC: start as a follower, conf=-1: peers:[3523888c-df3a-4c75-876a-f320dc6c9584|127.0.0.1:15335]|listeners:[], old=null
2024-05-12 17:41:36,188 [3523888c-df3a-4c75-876a-f320dc6c9584-groupManagement] INFO  server.RaftServer$Division (RaftServerImpl.java:setRole(383)) - 3523888c-df3a-4c75-876a-f320dc6c9584@group-B8A71AF82CEC: changes role from      null to FOLLOWER at term 0 for startAsFollower
2024-05-12 17:41:36,188 [3523888c-df3a-4c75-876a-f320dc6c9584-groupManagement] INFO  impl.RoleInfo (RoleInfo.java:updateAndGet(139)) - 3523888c-df3a-4c75-876a-f320dc6c9584: start 3523888c-df3a-4c75-876a-f320dc6c9584@group-B8A71AF82CEC-FollowerState
2024-05-12 17:41:36,188 [3523888c-df3a-4c75-876a-f320dc6c9584@group-B8A71AF82CEC-FollowerState] INFO  server.RaftServerConfigKeys (ConfUtils.java:logFallback(53)) - raft.server.rpc.first-election.timeout.min = 1s (fallback to raft.server.rpc.timeout.min)
2024-05-12 17:41:36,188 [3523888c-df3a-4c75-876a-f320dc6c9584-groupManagement] INFO  util.JmxRegister (JmxRegister.java:tryRegister(44)) - Successfully registered JMX Bean with object name Ratis:service=RaftServer,group=group-B8A71AF82CEC,id=3523888c-df3a-4c75-876a-f320dc6c9584
2024-05-12 17:41:36,188 [3523888c-df3a-4c75-876a-f320dc6c9584-groupManagement] INFO  server.RaftServerConfigKeys (ConfUtils.java:logGet(46)) - raft.server.snapshot.trigger-when-stop.enabled = true (default)
2024-05-12 17:41:36,188 [3523888c-df3a-4c75-876a-f320dc6c9584-groupManagement] INFO  server.RaftServerConfigKeys (ConfUtils.java:logGet(46)) - raft.server.snapshot.auto.trigger.enabled = true (custom)
2024-05-12 17:41:36,188 [3523888c-df3a-4c75-876a-f320dc6c9584-groupManagement] INFO  server.RaftServerConfigKeys (ConfUtils.java:logGet(46)) - raft.server.snapshot.auto.trigger.threshold = 10000 (custom)
2024-05-12 17:41:36,188 [3523888c-df3a-4c75-876a-f320dc6c9584-groupManagement] INFO  server.RaftServerConfigKeys (ConfUtils.java:logGet(46)) - raft.server.snapshot.retention.file.num = 5 (custom)
2024-05-12 17:41:36,188 [3523888c-df3a-4c75-876a-f320dc6c9584-groupManagement] INFO  server.RaftServerConfigKeys (ConfUtils.java:logGet(46)) - raft.server.log.purge.upto.snapshot.index = false (default)
2024-05-12 17:41:36,189 [3523888c-df3a-4c75-876a-f320dc6c9584@group-B8A71AF82CEC-FollowerState] INFO  server.RaftServerConfigKeys (ConfUtils.java:logFallback(53)) - raft.server.rpc.first-election.timeout.max = 1200ms (fallback to raft.server.rpc.timeout.max)
2024-05-12 17:41:36,191 [3523888c-df3a-4c75-876a-f320dc6c9584-PipelineCommandHandlerThread-0] INFO  ratis.XceiverServerRatis (XceiverServerRatis.java:addGroup(864)) - Created group PipelineID=37dce997-92ce-4f65-af64-b8a71af82cec
2024-05-12 17:41:36,191 [3523888c-df3a-4c75-876a-f320dc6c9584-PipelineCommandHandlerThread-0] INFO  commandhandler.CreatePipelineCommandHandler (CreatePipelineCommandHandler.java:lambda$handle$2(124)) - Created Pipeline RATIS ONE PipelineID=37dce997-92ce-4f65-af64-b8a71af82cec.
2024-05-12 17:41:36,191 [3523888c-df3a-4c75-876a-f320dc6c9584-PipelineCommandHandlerThread-0] INFO  server.RaftServer (RaftServerProxy.java:addNew(100)) - 3523888c-df3a-4c75-876a-f320dc6c9584: addNew group-F7FC422C7F28:[d999a49d-42de-484c-a75f-ffa132e9c3a5|127.0.0.1:15344, 2ef8d649-4864-4b9a-81a6-122cf2174905|127.0.0.1:15353, 3523888c-df3a-4c75-876a-f320dc6c9584|127.0.0.1:15335] returns group-F7FC422C7F28:java.util.concurrent.CompletableFuture@b238f7c[Not completed]
2024-05-12 17:41:36,192 [3523888c-df3a-4c75-876a-f320dc6c9584-groupManagement] INFO  server.RaftServer$Division (RaftServerImpl.java:<init>(256)) - 3523888c-df3a-4c75-876a-f320dc6c9584: new RaftServerImpl for group-F7FC422C7F28:[d999a49d-42de-484c-a75f-ffa132e9c3a5|127.0.0.1:15344, 2ef8d649-4864-4b9a-81a6-122cf2174905|127.0.0.1:15353, 3523888c-df3a-4c75-876a-f320dc6c9584|127.0.0.1:15335] with ContainerStateMachine:uninitialized
2024-05-12 17:41:36,192 [3523888c-df3a-4c75-876a-f320dc6c9584-groupManagement] INFO  server.RaftServerConfigKeys (ConfUtils.java:logGet(46)) - raft.server.rpc.timeout.min = 1s (custom)
2024-05-12 17:41:36,192 [3523888c-df3a-4c75-876a-f320dc6c9584-groupManagement] INFO  server.RaftServerConfigKeys (ConfUtils.java:logGet(46)) - raft.server.rpc.timeout.max = 1200ms (custom)
2024-05-12 17:41:36,192 [3523888c-df3a-4c75-876a-f320dc6c9584-groupManagement] INFO  server.RaftServerConfigKeys (ConfUtils.java:logGet(46)) - raft.server.rpc.sleep.time = 25ms (default)
2024-05-12 17:41:36,192 [3523888c-df3a-4c75-876a-f320dc6c9584-groupManagement] INFO  server.RaftServerConfigKeys (ConfUtils.java:logGet(46)) - raft.server.rpc.slowness.timeout = 300000ms (custom)
2024-05-12 17:41:36,192 [3523888c-df3a-4c75-876a-f320dc6c9584-groupManagement] INFO  server.RaftServerConfigKeys (ConfUtils.java:logGet(46)) - raft.server.leaderelection.leader.step-down.wait-time = 10s (default)
2024-05-12 17:41:36,192 [3523888c-df3a-4c75-876a-f320dc6c9584-groupManagement] INFO  server.RaftServerConfigKeys (ConfUtils.java:logGet(46)) - raft.server.leaderelection.member.majority-add = false (default)
2024-05-12 17:41:36,192 [3523888c-df3a-4c75-876a-f320dc6c9584-groupManagement] INFO  server.RaftServerConfigKeys (ConfUtils.java:logGet(46)) - raft.server.sleep.deviation.threshold = 300ms (default)
2024-05-12 17:41:36,192 [3523888c-df3a-4c75-876a-f320dc6c9584-groupManagement] INFO  server.RaftServer$Division (ServerState.java:<init>(113)) - 3523888c-df3a-4c75-876a-f320dc6c9584@group-F7FC422C7F28: ConfigurationManager, init=-1: peers:[d999a49d-42de-484c-a75f-ffa132e9c3a5|127.0.0.1:15344, 2ef8d649-4864-4b9a-81a6-122cf2174905|127.0.0.1:15353, 3523888c-df3a-4c75-876a-f320dc6c9584|127.0.0.1:15335]|listeners:[], old=null, confs=<EMPTY_MAP>
2024-05-12 17:41:36,192 [3523888c-df3a-4c75-876a-f320dc6c9584-groupManagement] INFO  server.RaftServerConfigKeys (ConfUtils.java:logGet(46)) - raft.server.notification.no-leader.timeout = 300000ms (custom)
2024-05-12 17:41:36,192 [3523888c-df3a-4c75-876a-f320dc6c9584-groupManagement] INFO  server.RaftServerConfigKeys (ConfUtils.java:logGet(46)) - raft.server.read.timeout = 10s (default)
2024-05-12 17:41:36,192 [3523888c-df3a-4c75-876a-f320dc6c9584-groupManagement] INFO  server.RaftServerConfigKeys (ConfUtils.java:logGet(46)) - raft.server.retrycache.expirytime = 600000ms (custom)
2024-05-12 17:41:36,192 [3523888c-df3a-4c75-876a-f320dc6c9584-groupManagement] INFO  server.RaftServerConfigKeys (ConfUtils.java:logGet(46)) - raft.server.retrycache.statistics.expirytime = 100ms (default)
2024-05-12 17:41:36,192 [3523888c-df3a-4c75-876a-f320dc6c9584-groupManagement] INFO  server.RaftServerConfigKeys (ConfUtils.java:logGet(46)) - raft.server.read.option = DEFAULT (default)
2024-05-12 17:41:36,192 [3523888c-df3a-4c75-876a-f320dc6c9584-groupManagement] INFO  server.RaftServerConfigKeys (ConfUtils.java:logGet(46)) - raft.server.read.read-after-write-consistent.write-index-cache.expiry-time = 60s (default)
2024-05-12 17:41:36,194 [3523888c-df3a-4c75-876a-f320dc6c9584-groupManagement] INFO  server.RaftServerConfigKeys (ConfUtils.java:logGet(46)) - raft.server.rpc.request.timeout = 3000ms (default)
2024-05-12 17:41:36,194 [3523888c-df3a-4c75-876a-f320dc6c9584-groupManagement] INFO  server.RaftServerConfigKeys (ConfUtils.java:logGet(46)) - raft.server.log.appender.install.snapshot.enabled = false (custom)
2024-05-12 17:41:36,194 [3523888c-df3a-4c75-876a-f320dc6c9584-groupManagement] INFO  server.RaftServerConfigKeys (ConfUtils.java:logGet(46)) - raft.server.threadpool.server.cached = true (default)
2024-05-12 17:41:36,194 [3523888c-df3a-4c75-876a-f320dc6c9584-groupManagement] INFO  server.RaftServerConfigKeys (ConfUtils.java:logGet(46)) - raft.server.threadpool.server.size = 0 (default)
2024-05-12 17:41:36,194 [3523888c-df3a-4c75-876a-f320dc6c9584-groupManagement] INFO  server.RaftServerConfigKeys (ConfUtils.java:logGet(46)) - raft.server.threadpool.client.cached = true (default)
2024-05-12 17:41:36,194 [3523888c-df3a-4c75-876a-f320dc6c9584-groupManagement] INFO  server.RaftServerConfigKeys (ConfUtils.java:logGet(46)) - raft.server.threadpool.client.size = 0 (default)
2024-05-12 17:41:36,194 [3523888c-df3a-4c75-876a-f320dc6c9584-groupManagement] INFO  server.RaftServerConfigKeys (ConfUtils.java:logGet(46)) - raft.server.storage.free-space.min = 0MB (=0) (default)
2024-05-12 17:41:36,194 [3523888c-df3a-4c75-876a-f320dc6c9584-groupManagement] INFO  server.RaftServerConfigKeys (ConfUtils.java:logGet(46)) - raft.server.log.corruption.policy = EXCEPTION (default)
2024-05-12 17:41:36,194 [3523888c-df3a-4c75-876a-f320dc6c9584-groupManagement] INFO  server.RaftServerConfigKeys (ConfUtils.java:logGet(46)) - raft.server.storage.dir = [/home/runner/work/ozone/ozone/hadoop-ozone/integration-test/target/test-dir/MiniOzoneClusterImpl-71ef5771-1bca-432b-8888-38dc3c8d5d63/ozone-meta/datanode-4/ratis] (custom)
2024-05-12 17:41:36,194 [3523888c-df3a-4c75-876a-f320dc6c9584-groupManagement] INFO  storage.RaftStorageDirectory (RaftStorageDirectoryImpl.java:analyzeStorage(138)) - The storage directory /home/runner/work/ozone/ozone/hadoop-ozone/integration-test/target/test-dir/MiniOzoneClusterImpl-71ef5771-1bca-432b-8888-38dc3c8d5d63/ozone-meta/datanode-4/ratis/aea16cb5-2fb9-4400-8f02-f7fc422c7f28 does not exist. Creating ...
2024-05-12 17:41:36,196 [3523888c-df3a-4c75-876a-f320dc6c9584-groupManagement] INFO  storage.RaftStorageDirectory (RaftStorageDirectoryImpl.java:tryLock(228)) - Lock on /home/runner/work/ozone/ozone/hadoop-ozone/integration-test/target/test-dir/MiniOzoneClusterImpl-71ef5771-1bca-432b-8888-38dc3c8d5d63/ozone-meta/datanode-4/ratis/aea16cb5-2fb9-4400-8f02-f7fc422c7f28/in_use.lock acquired by nodename 12547@fv-az576-466
2024-05-12 17:41:36,197 [3523888c-df3a-4c75-876a-f320dc6c9584-groupManagement] INFO  storage.RaftStorage (RaftStorageImpl.java:format(99)) - Storage directory /home/runner/work/ozone/ozone/hadoop-ozone/integration-test/target/test-dir/MiniOzoneClusterImpl-71ef5771-1bca-432b-8888-38dc3c8d5d63/ozone-meta/datanode-4/ratis/aea16cb5-2fb9-4400-8f02-f7fc422c7f28 has been successfully formatted.
2024-05-12 17:41:36,197 [3523888c-df3a-4c75-876a-f320dc6c9584-groupManagement] WARN  util.FileUtils (LogUtils.java:supplyAndLog(63)) - Failed to Files.newInputStream /home/runner/work/ozone/ozone/hadoop-ozone/integration-test/target/test-dir/MiniOzoneClusterImpl-71ef5771-1bca-432b-8888-38dc3c8d5d63/ozone-meta/datanode-4/ratis/aea16cb5-2fb9-4400-8f02-f7fc422c7f28/current/raft-meta.conf with options []: java.nio.file.NoSuchFileException: /home/runner/work/ozone/ozone/hadoop-ozone/integration-test/target/test-dir/MiniOzoneClusterImpl-71ef5771-1bca-432b-8888-38dc3c8d5d63/ozone-meta/datanode-4/ratis/aea16cb5-2fb9-4400-8f02-f7fc422c7f28/current/raft-meta.conf
2024-05-12 17:41:36,197 [3523888c-df3a-4c75-876a-f320dc6c9584-groupManagement] INFO  ratis.ContainerStateMachine (ContainerStateMachine.java:loadSnapshot(287)) - group-F7FC422C7F28: The snapshot info is null. Setting the last applied index to:(t:0, i:~)
2024-05-12 17:41:36,197 [3523888c-df3a-4c75-876a-f320dc6c9584-groupManagement] INFO  server.RaftServerConfigKeys (ConfUtils.java:logGet(46)) - raft.server.log.use.memory = false (default)
2024-05-12 17:41:36,197 [3523888c-df3a-4c75-876a-f320dc6c9584-groupManagement] INFO  server.RaftServerConfigKeys (ConfUtils.java:logGet(46)) - raft.server.log.purge.gap = 1000000 (custom)
2024-05-12 17:41:36,197 [3523888c-df3a-4c75-876a-f320dc6c9584-groupManagement] INFO  server.RaftServerConfigKeys (ConfUtils.java:logGet(46)) - raft.server.log.appender.buffer.byte-limit = 8388608 (custom)
2024-05-12 17:41:36,197 [3523888c-df3a-4c75-876a-f320dc6c9584-groupManagement] INFO  server.RaftServerConfigKeys (ConfUtils.java:logGet(46)) - raft.server.log.statemachine.data.read.timeout = 1000ms (default)
2024-05-12 17:41:36,197 [3523888c-df3a-4c75-876a-f320dc6c9584-groupManagement] INFO  server.RaftServerConfigKeys (ConfUtils.java:logGet(46)) - raft.server.log.purge.preservation.log.num = 0 (default)
2024-05-12 17:41:36,198 [EventQueue-OpenPipelineForHealthyPipelineSafeModeRule] INFO  safemode.SCMSafeModeManager (HealthyPipelineSafeModeRule.java:process(140)) - SCM in safe mode. Healthy pipelines reported count is 0, required healthy pipeline reported count is 1
2024-05-12 17:41:36,199 [3523888c-df3a-4c75-876a-f320dc6c9584-groupManagement] INFO  server.RaftServerConfigKeys (ConfUtils.java:logGet(46)) - raft.server.log.segment.size.max = 67108864 (custom)
2024-05-12 17:41:36,200 [3523888c-df3a-4c75-876a-f320dc6c9584-groupManagement] INFO  server.RaftServerConfigKeys (ConfUtils.java:logGet(46)) - raft.server.log.segment.cache.num.max = 2 (custom)
2024-05-12 17:41:36,200 [3523888c-df3a-4c75-876a-f320dc6c9584-groupManagement] INFO  server.RaftServerConfigKeys (ConfUtils.java:logGet(46)) - raft.server.log.segment.cache.size.max = 200MB (=209715200) (default)
2024-05-12 17:41:36,200 [3523888c-df3a-4c75-876a-f320dc6c9584-groupManagement] INFO  server.RaftServerConfigKeys (ConfUtils.java:logGet(46)) - raft.server.log.appender.buffer.byte-limit = 8388608 (custom)
2024-05-12 17:41:36,201 [3523888c-df3a-4c75-876a-f320dc6c9584-groupManagement] INFO  util.AwaitToRun (AwaitToRun.java:start(81)) - Thread[3523888c-df3a-4c75-876a-f320dc6c9584@group-F7FC422C7F28-cacheEviction-AwaitToRun,5,main] started
2024-05-12 17:41:36,201 [3523888c-df3a-4c75-876a-f320dc6c9584-groupManagement] INFO  segmented.SegmentedRaftLogWorker (SegmentedRaftLogWorker.java:<init>(182)) - new 3523888c-df3a-4c75-876a-f320dc6c9584@group-F7FC422C7F28-SegmentedRaftLogWorker for RaftStorageImpl:Storage Directory /home/runner/work/ozone/ozone/hadoop-ozone/integration-test/target/test-dir/MiniOzoneClusterImpl-71ef5771-1bca-432b-8888-38dc3c8d5d63/ozone-meta/datanode-4/ratis/aea16cb5-2fb9-4400-8f02-f7fc422c7f28
2024-05-12 17:41:36,201 [3523888c-df3a-4c75-876a-f320dc6c9584-groupManagement] INFO  server.RaftServerConfigKeys (ConfUtils.java:logGet(46)) - raft.server.log.queue.byte-limit = 4294967296 (custom)
2024-05-12 17:41:36,201 [3523888c-df3a-4c75-876a-f320dc6c9584-groupManagement] INFO  server.RaftServerConfigKeys (ConfUtils.java:logGet(46)) - raft.server.log.queue.element-limit = 1024 (custom)
2024-05-12 17:41:36,201 [3523888c-df3a-4c75-876a-f320dc6c9584-groupManagement] INFO  server.RaftServerConfigKeys (ConfUtils.java:logGet(46)) - raft.server.log.segment.size.max = 67108864 (custom)
2024-05-12 17:41:36,201 [3523888c-df3a-4c75-876a-f320dc6c9584-groupManagement] INFO  server.RaftServerConfigKeys (ConfUtils.java:logGet(46)) - raft.server.log.preallocated.size = 4194304 (custom)
2024-05-12 17:41:36,201 [3523888c-df3a-4c75-876a-f320dc6c9584-groupManagement] INFO  server.RaftServerConfigKeys (ConfUtils.java:logGet(46)) - raft.server.log.force.sync.num = 128 (default)
2024-05-12 17:41:36,201 [3523888c-df3a-4c75-876a-f320dc6c9584-groupManagement] INFO  server.RaftServerConfigKeys (ConfUtils.java:logGet(46)) - raft.server.log.statemachine.data.sync = true (default)
2024-05-12 17:41:36,201 [3523888c-df3a-4c75-876a-f320dc6c9584-groupManagement] INFO  server.RaftServerConfigKeys (ConfUtils.java:logGet(46)) - raft.server.log.statemachine.data.sync.timeout = 10s (default)
2024-05-12 17:41:36,201 [3523888c-df3a-4c75-876a-f320dc6c9584-groupManagement] INFO  server.RaftServerConfigKeys (ConfUtils.java:logGet(46)) - raft.server.log.statemachine.data.sync.timeout.retry = 30 (custom)
2024-05-12 17:41:36,202 [3523888c-df3a-4c75-876a-f320dc6c9584-groupManagement] INFO  server.RaftServerConfigKeys (ConfUtils.java:logGet(46)) - raft.server.log.write.buffer.size = 8388616 (custom)
2024-05-12 17:41:36,203 [3523888c-df3a-4c75-876a-f320dc6c9584-groupManagement] INFO  server.RaftServerConfigKeys (ConfUtils.java:logGet(46)) - raft.server.log.appender.buffer.byte-limit = 8388608 (custom)
2024-05-12 17:41:36,203 [3523888c-df3a-4c75-876a-f320dc6c9584-groupManagement] INFO  server.RaftServerConfigKeys (ConfUtils.java:logGet(46)) - raft.server.log.unsafe-flush.enabled = false (default)
2024-05-12 17:41:36,203 [3523888c-df3a-4c75-876a-f320dc6c9584-groupManagement] INFO  server.RaftServerConfigKeys (ConfUtils.java:logGet(46)) - raft.server.log.async-flush.enabled = false (default)
2024-05-12 17:41:36,203 [3523888c-df3a-4c75-876a-f320dc6c9584-groupManagement] INFO  server.RaftServerConfigKeys (ConfUtils.java:logGet(46)) - raft.server.log.statemachine.data.caching.enabled = true (custom)
2024-05-12 17:41:36,203 [3523888c-df3a-4c75-876a-f320dc6c9584-groupManagement] INFO  segmented.SegmentedRaftLogWorker (SegmentedRaftLogWorker.java:lambda$new$0(134)) - 3523888c-df3a-4c75-876a-f320dc6c9584@group-F7FC422C7F28-SegmentedRaftLogWorker: flushIndex: setUnconditionally 0 -> -1
2024-05-12 17:41:36,203 [3523888c-df3a-4c75-876a-f320dc6c9584-groupManagement] INFO  segmented.SegmentedRaftLogWorker (SegmentedRaftLogWorker.java:lambda$new$0(134)) - 3523888c-df3a-4c75-876a-f320dc6c9584@group-F7FC422C7F28-SegmentedRaftLogWorker: safeCacheEvictIndex: setUnconditionally 0 -> -1
2024-05-12 17:41:36,203 [3523888c-df3a-4c75-876a-f320dc6c9584-groupManagement] INFO  server.RaftServer$Division (RaftServerImpl.java:start(396)) - 3523888c-df3a-4c75-876a-f320dc6c9584@group-F7FC422C7F28: start as a follower, conf=-1: peers:[d999a49d-42de-484c-a75f-ffa132e9c3a5|127.0.0.1:15344, 2ef8d649-4864-4b9a-81a6-122cf2174905|127.0.0.1:15353, 3523888c-df3a-4c75-876a-f320dc6c9584|127.0.0.1:15335]|listeners:[], old=null
2024-05-12 17:41:36,203 [3523888c-df3a-4c75-876a-f320dc6c9584-groupManagement] INFO  server.RaftServer$Division (RaftServerImpl.java:setRole(383)) - 3523888c-df3a-4c75-876a-f320dc6c9584@group-F7FC422C7F28: changes role from      null to FOLLOWER at term 0 for startAsFollower
2024-05-12 17:41:36,204 [3523888c-df3a-4c75-876a-f320dc6c9584-groupManagement] INFO  impl.RoleInfo (RoleInfo.java:updateAndGet(139)) - 3523888c-df3a-4c75-876a-f320dc6c9584: start 3523888c-df3a-4c75-876a-f320dc6c9584@group-F7FC422C7F28-FollowerState
2024-05-12 17:41:36,204 [3523888c-df3a-4c75-876a-f320dc6c9584@group-F7FC422C7F28-FollowerState] INFO  server.RaftServerConfigKeys (ConfUtils.java:logFallback(53)) - raft.server.rpc.first-election.timeout.min = 1s (fallback to raft.server.rpc.timeout.min)
2024-05-12 17:41:36,204 [3523888c-df3a-4c75-876a-f320dc6c9584@group-F7FC422C7F28-FollowerState] INFO  server.RaftServerConfigKeys (ConfUtils.java:logFallback(53)) - raft.server.rpc.first-election.timeout.max = 1200ms (fallback to raft.server.rpc.timeout.max)
2024-05-12 17:41:36,204 [3523888c-df3a-4c75-876a-f320dc6c9584-groupManagement] INFO  util.JmxRegister (JmxRegister.java:tryRegister(44)) - Successfully registered JMX Bean with object name Ratis:service=RaftServer,group=group-F7FC422C7F28,id=3523888c-df3a-4c75-876a-f320dc6c9584
2024-05-12 17:41:36,204 [3523888c-df3a-4c75-876a-f320dc6c9584-groupManagement] INFO  server.RaftServerConfigKeys (ConfUtils.java:logGet(46)) - raft.server.snapshot.trigger-when-stop.enabled = true (default)
2024-05-12 17:41:36,204 [3523888c-df3a-4c75-876a-f320dc6c9584-groupManagement] INFO  server.RaftServerConfigKeys (ConfUtils.java:logGet(46)) - raft.server.snapshot.auto.trigger.enabled = true (custom)
2024-05-12 17:41:36,204 [3523888c-df3a-4c75-876a-f320dc6c9584-groupManagement] INFO  server.RaftServerConfigKeys (ConfUtils.java:logGet(46)) - raft.server.snapshot.auto.trigger.threshold = 10000 (custom)
2024-05-12 17:41:36,204 [3523888c-df3a-4c75-876a-f320dc6c9584-groupManagement] INFO  server.RaftServerConfigKeys (ConfUtils.java:logGet(46)) - raft.server.snapshot.retention.file.num = 5 (custom)
2024-05-12 17:41:36,204 [3523888c-df3a-4c75-876a-f320dc6c9584-groupManagement] INFO  server.RaftServerConfigKeys (ConfUtils.java:logGet(46)) - raft.server.log.purge.upto.snapshot.index = false (default)
2024-05-12 17:41:36,205 [3523888c-df3a-4c75-876a-f320dc6c9584-PipelineCommandHandlerThread-0] INFO  ratis.XceiverServerRatis (XceiverServerRatis.java:addGroup(864)) - Created group PipelineID=aea16cb5-2fb9-4400-8f02-f7fc422c7f28
2024-05-12 17:41:36,209 [grpc-default-executor-0] INFO  server.RaftServer (RaftServerProxy.java:addNew(100)) - d999a49d-42de-484c-a75f-ffa132e9c3a5: addNew group-F7FC422C7F28:[d999a49d-42de-484c-a75f-ffa132e9c3a5|127.0.0.1:15344, 2ef8d649-4864-4b9a-81a6-122cf2174905|127.0.0.1:15353, 3523888c-df3a-4c75-876a-f320dc6c9584|127.0.0.1:15335] returns group-F7FC422C7F28:java.util.concurrent.CompletableFuture@25dbd179[Not completed]
2024-05-12 17:41:36,209 [d999a49d-42de-484c-a75f-ffa132e9c3a5-groupManagement] INFO  server.RaftServer$Division (RaftServerImpl.java:<init>(256)) - d999a49d-42de-484c-a75f-ffa132e9c3a5: new RaftServerImpl for group-F7FC422C7F28:[d999a49d-42de-484c-a75f-ffa132e9c3a5|127.0.0.1:15344, 2ef8d649-4864-4b9a-81a6-122cf2174905|127.0.0.1:15353, 3523888c-df3a-4c75-876a-f320dc6c9584|127.0.0.1:15335] with ContainerStateMachine:uninitialized
2024-05-12 17:41:36,209 [d999a49d-42de-484c-a75f-ffa132e9c3a5-groupManagement] INFO  server.RaftServerConfigKeys (ConfUtils.java:logGet(46)) - raft.server.rpc.timeout.min = 1s (custom)
2024-05-12 17:41:36,209 [d999a49d-42de-484c-a75f-ffa132e9c3a5-groupManagement] INFO  server.RaftServerConfigKeys (ConfUtils.java:logGet(46)) - raft.server.rpc.timeout.max = 1200ms (custom)
2024-05-12 17:41:36,210 [d999a49d-42de-484c-a75f-ffa132e9c3a5-groupManagement] INFO  server.RaftServerConfigKeys (ConfUtils.java:logGet(46)) - raft.server.rpc.sleep.time = 25ms (default)
2024-05-12 17:41:36,210 [d999a49d-42de-484c-a75f-ffa132e9c3a5-groupManagement] INFO  server.RaftServerConfigKeys (ConfUtils.java:logGet(46)) - raft.server.rpc.slowness.timeout = 300000ms (custom)
2024-05-12 17:41:36,210 [d999a49d-42de-484c-a75f-ffa132e9c3a5-groupManagement] INFO  server.RaftServerConfigKeys (ConfUtils.java:logGet(46)) - raft.server.leaderelection.leader.step-down.wait-time = 10s (default)
2024-05-12 17:41:36,210 [d999a49d-42de-484c-a75f-ffa132e9c3a5-groupManagement] INFO  server.RaftServerConfigKeys (ConfUtils.java:logGet(46)) - raft.server.leaderelection.member.majority-add = false (default)
2024-05-12 17:41:36,210 [d999a49d-42de-484c-a75f-ffa132e9c3a5-groupManagement] INFO  server.RaftServerConfigKeys (ConfUtils.java:logGet(46)) - raft.server.sleep.deviation.threshold = 300ms (default)
2024-05-12 17:41:36,210 [d999a49d-42de-484c-a75f-ffa132e9c3a5-groupManagement] INFO  server.RaftServer$Division (ServerState.java:<init>(113)) - d999a49d-42de-484c-a75f-ffa132e9c3a5@group-F7FC422C7F28: ConfigurationManager, init=-1: peers:[d999a49d-42de-484c-a75f-ffa132e9c3a5|127.0.0.1:15344, 2ef8d649-4864-4b9a-81a6-122cf2174905|127.0.0.1:15353, 3523888c-df3a-4c75-876a-f320dc6c9584|127.0.0.1:15335]|listeners:[], old=null, confs=<EMPTY_MAP>
2024-05-12 17:41:36,210 [d999a49d-42de-484c-a75f-ffa132e9c3a5-groupManagement] INFO  server.RaftServerConfigKeys (ConfUtils.java:logGet(46)) - raft.server.notification.no-leader.timeout = 300000ms (custom)
2024-05-12 17:41:36,210 [d999a49d-42de-484c-a75f-ffa132e9c3a5-groupManagement] INFO  server.RaftServerConfigKeys (ConfUtils.java:logGet(46)) - raft.server.read.timeout = 10s (default)
2024-05-12 17:41:36,210 [d999a49d-42de-484c-a75f-ffa132e9c3a5-groupManagement] INFO  server.RaftServerConfigKeys (ConfUtils.java:logGet(46)) - raft.server.retrycache.expirytime = 600000ms (custom)
2024-05-12 17:41:36,210 [d999a49d-42de-484c-a75f-ffa132e9c3a5-groupManagement] INFO  server.RaftServerConfigKeys (ConfUtils.java:logGet(46)) - raft.server.retrycache.statistics.expirytime = 100ms (default)
2024-05-12 17:41:36,210 [d999a49d-42de-484c-a75f-ffa132e9c3a5-groupManagement] INFO  server.RaftServerConfigKeys (ConfUtils.java:logGet(46)) - raft.server.read.option = DEFAULT (default)
2024-05-12 17:41:36,210 [d999a49d-42de-484c-a75f-ffa132e9c3a5-groupManagement] INFO  server.RaftServerConfigKeys (ConfUtils.java:logGet(46)) - raft.server.read.read-after-write-consistent.write-index-cache.expiry-time = 60s (default)
2024-05-12 17:41:36,212 [d999a49d-42de-484c-a75f-ffa132e9c3a5-groupManagement] INFO  server.RaftServerConfigKeys (ConfUtils.java:logGet(46)) - raft.server.rpc.request.timeout = 3000ms (default)
2024-05-12 17:41:36,212 [d999a49d-42de-484c-a75f-ffa132e9c3a5-groupManagement] INFO  server.RaftServerConfigKeys (ConfUtils.java:logGet(46)) - raft.server.log.appender.install.snapshot.enabled = false (custom)
2024-05-12 17:41:36,212 [d999a49d-42de-484c-a75f-ffa132e9c3a5-groupManagement] INFO  server.RaftServerConfigKeys (ConfUtils.java:logGet(46)) - raft.server.threadpool.server.cached = true (default)
2024-05-12 17:41:36,212 [d999a49d-42de-484c-a75f-ffa132e9c3a5-groupManagement] INFO  server.RaftServerConfigKeys (ConfUtils.java:logGet(46)) - raft.server.threadpool.server.size = 0 (default)
2024-05-12 17:41:36,212 [d999a49d-42de-484c-a75f-ffa132e9c3a5-groupManagement] INFO  server.RaftServerConfigKeys (ConfUtils.java:logGet(46)) - raft.server.threadpool.client.cached = true (default)
2024-05-12 17:41:36,212 [d999a49d-42de-484c-a75f-ffa132e9c3a5-groupManagement] INFO  server.RaftServerConfigKeys (ConfUtils.java:logGet(46)) - raft.server.threadpool.client.size = 0 (default)
2024-05-12 17:41:36,212 [d999a49d-42de-484c-a75f-ffa132e9c3a5-groupManagement] INFO  server.RaftServerConfigKeys (ConfUtils.java:logGet(46)) - raft.server.storage.free-space.min = 0MB (=0) (default)
2024-05-12 17:41:36,212 [d999a49d-42de-484c-a75f-ffa132e9c3a5-groupManagement] INFO  server.RaftServerConfigKeys (ConfUtils.java:logGet(46)) - raft.server.log.corruption.policy = EXCEPTION (default)
2024-05-12 17:41:36,212 [d999a49d-42de-484c-a75f-ffa132e9c3a5-groupManagement] INFO  server.RaftServerConfigKeys (ConfUtils.java:logGet(46)) - raft.server.storage.dir = [/home/runner/work/ozone/ozone/hadoop-ozone/integration-test/target/test-dir/MiniOzoneClusterImpl-71ef5771-1bca-432b-8888-38dc3c8d5d63/ozone-meta/datanode-5/ratis] (custom)
2024-05-12 17:41:36,212 [d999a49d-42de-484c-a75f-ffa132e9c3a5-groupManagement] INFO  storage.RaftStorageDirectory (RaftStorageDirectoryImpl.java:analyzeStorage(138)) - The storage directory /home/runner/work/ozone/ozone/hadoop-ozone/integration-test/target/test-dir/MiniOzoneClusterImpl-71ef5771-1bca-432b-8888-38dc3c8d5d63/ozone-meta/datanode-5/ratis/aea16cb5-2fb9-4400-8f02-f7fc422c7f28 does not exist. Creating ...
2024-05-12 17:41:36,213 [d999a49d-42de-484c-a75f-ffa132e9c3a5-groupManagement] INFO  storage.RaftStorageDirectory (RaftStorageDirectoryImpl.java:tryLock(228)) - Lock on /home/runner/work/ozone/ozone/hadoop-ozone/integration-test/target/test-dir/MiniOzoneClusterImpl-71ef5771-1bca-432b-8888-38dc3c8d5d63/ozone-meta/datanode-5/ratis/aea16cb5-2fb9-4400-8f02-f7fc422c7f28/in_use.lock acquired by nodename 12547@fv-az576-466
2024-05-12 17:41:36,215 [d999a49d-42de-484c-a75f-ffa132e9c3a5-groupManagement] INFO  storage.RaftStorage (RaftStorageImpl.java:format(99)) - Storage directory /home/runner/work/ozone/ozone/hadoop-ozone/integration-test/target/test-dir/MiniOzoneClusterImpl-71ef5771-1bca-432b-8888-38dc3c8d5d63/ozone-meta/datanode-5/ratis/aea16cb5-2fb9-4400-8f02-f7fc422c7f28 has been successfully formatted.
2024-05-12 17:41:36,215 [d999a49d-42de-484c-a75f-ffa132e9c3a5-groupManagement] WARN  util.FileUtils (LogUtils.java:supplyAndLog(63)) - Failed to Files.newInputStream /home/runner/work/ozone/ozone/hadoop-ozone/integration-test/target/test-dir/MiniOzoneClusterImpl-71ef5771-1bca-432b-8888-38dc3c8d5d63/ozone-meta/datanode-5/ratis/aea16cb5-2fb9-4400-8f02-f7fc422c7f28/current/raft-meta.conf with options []: java.nio.file.NoSuchFileException: /home/runner/work/ozone/ozone/hadoop-ozone/integration-test/target/test-dir/MiniOzoneClusterImpl-71ef5771-1bca-432b-8888-38dc3c8d5d63/ozone-meta/datanode-5/ratis/aea16cb5-2fb9-4400-8f02-f7fc422c7f28/current/raft-meta.conf
2024-05-12 17:41:36,215 [d999a49d-42de-484c-a75f-ffa132e9c3a5-groupManagement] INFO  ratis.ContainerStateMachine (ContainerStateMachine.java:loadSnapshot(287)) - group-F7FC422C7F28: The snapshot info is null. Setting the last applied index to:(t:0, i:~)
2024-05-12 17:41:36,215 [d999a49d-42de-484c-a75f-ffa132e9c3a5-groupManagement] INFO  server.RaftServerConfigKeys (ConfUtils.java:logGet(46)) - raft.server.log.use.memory = false (default)
2024-05-12 17:41:36,215 [d999a49d-42de-484c-a75f-ffa132e9c3a5-groupManagement] INFO  server.RaftServerConfigKeys (ConfUtils.java:logGet(46)) - raft.server.log.purge.gap = 1000000 (custom)
2024-05-12 17:41:36,215 [d999a49d-42de-484c-a75f-ffa132e9c3a5-groupManagement] INFO  server.RaftServerConfigKeys (ConfUtils.java:logGet(46)) - raft.server.log.appender.buffer.byte-limit = 8388608 (custom)
2024-05-12 17:41:36,215 [d999a49d-42de-484c-a75f-ffa132e9c3a5-groupManagement] INFO  server.RaftServerConfigKeys (ConfUtils.java:logGet(46)) - raft.server.log.statemachine.data.read.timeout = 1000ms (default)
2024-05-12 17:41:36,215 [d999a49d-42de-484c-a75f-ffa132e9c3a5-groupManagement] INFO  server.RaftServerConfigKeys (ConfUtils.java:logGet(46)) - raft.server.log.purge.preservation.log.num = 0 (default)
2024-05-12 17:41:36,216 [d999a49d-42de-484c-a75f-ffa132e9c3a5-groupManagement] INFO  server.RaftServerConfigKeys (ConfUtils.java:logGet(46)) - raft.server.log.segment.size.max = 67108864 (custom)
2024-05-12 17:41:36,217 [d999a49d-42de-484c-a75f-ffa132e9c3a5-groupManagement] INFO  server.RaftServerConfigKeys (ConfUtils.java:logGet(46)) - raft.server.log.segment.cache.num.max = 2 (custom)
2024-05-12 17:41:36,217 [d999a49d-42de-484c-a75f-ffa132e9c3a5-groupManagement] INFO  server.RaftServerConfigKeys (ConfUtils.java:logGet(46)) - raft.server.log.segment.cache.size.max = 200MB (=209715200) (default)
2024-05-12 17:41:36,217 [d999a49d-42de-484c-a75f-ffa132e9c3a5-groupManagement] INFO  server.RaftServerConfigKeys (ConfUtils.java:logGet(46)) - raft.server.log.appender.buffer.byte-limit = 8388608 (custom)
2024-05-12 17:41:36,217 [d999a49d-42de-484c-a75f-ffa132e9c3a5-groupManagement] INFO  util.AwaitToRun (AwaitToRun.java:start(81)) - Thread[d999a49d-42de-484c-a75f-ffa132e9c3a5@group-F7FC422C7F28-cacheEviction-AwaitToRun,5,main] started
2024-05-12 17:41:36,217 [d999a49d-42de-484c-a75f-ffa132e9c3a5-groupManagement] INFO  segmented.SegmentedRaftLogWorker (SegmentedRaftLogWorker.java:<init>(182)) - new d999a49d-42de-484c-a75f-ffa132e9c3a5@group-F7FC422C7F28-SegmentedRaftLogWorker for RaftStorageImpl:Storage Directory /home/runner/work/ozone/ozone/hadoop-ozone/integration-test/target/test-dir/MiniOzoneClusterImpl-71ef5771-1bca-432b-8888-38dc3c8d5d63/ozone-meta/datanode-5/ratis/aea16cb5-2fb9-4400-8f02-f7fc422c7f28
2024-05-12 17:41:36,217 [d999a49d-42de-484c-a75f-ffa132e9c3a5-groupManagement] INFO  server.RaftServerConfigKeys (ConfUtils.java:logGet(46)) - raft.server.log.queue.byte-limit = 4294967296 (custom)
2024-05-12 17:41:36,217 [d999a49d-42de-484c-a75f-ffa132e9c3a5-groupManagement] INFO  server.RaftServerConfigKeys (ConfUtils.java:logGet(46)) - raft.server.log.queue.element-limit = 1024 (custom)
2024-05-12 17:41:36,217 [d999a49d-42de-484c-a75f-ffa132e9c3a5-groupManagement] INFO  server.RaftServerConfigKeys (ConfUtils.java:logGet(46)) - raft.server.log.segment.size.max = 67108864 (custom)
2024-05-12 17:41:36,217 [d999a49d-42de-484c-a75f-ffa132e9c3a5-groupManagement] INFO  server.RaftServerConfigKeys (ConfUtils.java:logGet(46)) - raft.server.log.preallocated.size = 4194304 (custom)
2024-05-12 17:41:36,217 [d999a49d-42de-484c-a75f-ffa132e9c3a5-groupManagement] INFO  server.RaftServerConfigKeys (ConfUtils.java:logGet(46)) - raft.server.log.force.sync.num = 128 (default)
2024-05-12 17:41:36,217 [d999a49d-42de-484c-a75f-ffa132e9c3a5-groupManagement] INFO  server.RaftServerConfigKeys (ConfUtils.java:logGet(46)) - raft.server.log.statemachine.data.sync = true (default)
2024-05-12 17:41:36,217 [d999a49d-42de-484c-a75f-ffa132e9c3a5-groupManagement] INFO  server.RaftServerConfigKeys (ConfUtils.java:logGet(46)) - raft.server.log.statemachine.data.sync.timeout = 10s (default)
2024-05-12 17:41:36,217 [d999a49d-42de-484c-a75f-ffa132e9c3a5-groupManagement] INFO  server.RaftServerConfigKeys (ConfUtils.java:logGet(46)) - raft.server.log.statemachine.data.sync.timeout.retry = 30 (custom)
2024-05-12 17:41:36,217 [d999a49d-42de-484c-a75f-ffa132e9c3a5-PipelineCommandHandlerThread-0] INFO  server.RaftServer (RaftServerProxy.java:addNew(100)) - d999a49d-42de-484c-a75f-ffa132e9c3a5: addNew group-7FE7C0D455A4:[d999a49d-42de-484c-a75f-ffa132e9c3a5|127.0.0.1:15344] returns group-7FE7C0D455A4:java.util.concurrent.CompletableFuture@3cc12165[Not completed]
2024-05-12 17:41:36,218 [d999a49d-42de-484c-a75f-ffa132e9c3a5-groupManagement] INFO  server.RaftServerConfigKeys (ConfUtils.java:logGet(46)) - raft.server.log.write.buffer.size = 8388616 (custom)
2024-05-12 17:41:36,219 [d999a49d-42de-484c-a75f-ffa132e9c3a5-groupManagement] INFO  server.RaftServerConfigKeys (ConfUtils.java:logGet(46)) - raft.server.log.appender.buffer.byte-limit = 8388608 (custom)
2024-05-12 17:41:36,219 [d999a49d-42de-484c-a75f-ffa132e9c3a5-groupManagement] INFO  server.RaftServerConfigKeys (ConfUtils.java:logGet(46)) - raft.server.log.unsafe-flush.enabled = false (default)
2024-05-12 17:41:36,219 [d999a49d-42de-484c-a75f-ffa132e9c3a5-groupManagement] INFO  server.RaftServerConfigKeys (ConfUtils.java:logGet(46)) - raft.server.log.async-flush.enabled = false (default)
2024-05-12 17:41:36,219 [d999a49d-42de-484c-a75f-ffa132e9c3a5-groupManagement] INFO  server.RaftServerConfigKeys (ConfUtils.java:logGet(46)) - raft.server.log.statemachine.data.caching.enabled = true (custom)
2024-05-12 17:41:36,219 [d999a49d-42de-484c-a75f-ffa132e9c3a5-groupManagement] INFO  segmented.SegmentedRaftLogWorker (SegmentedRaftLogWorker.java:lambda$new$0(134)) - d999a49d-42de-484c-a75f-ffa132e9c3a5@group-F7FC422C7F28-SegmentedRaftLogWorker: flushIndex: setUnconditionally 0 -> -1
2024-05-12 17:41:36,219 [d999a49d-42de-484c-a75f-ffa132e9c3a5-groupManagement] INFO  segmented.SegmentedRaftLogWorker (SegmentedRaftLogWorker.java:lambda$new$0(134)) - d999a49d-42de-484c-a75f-ffa132e9c3a5@group-F7FC422C7F28-SegmentedRaftLogWorker: safeCacheEvictIndex: setUnconditionally 0 -> -1
2024-05-12 17:41:36,219 [d999a49d-42de-484c-a75f-ffa132e9c3a5-groupManagement] INFO  server.RaftServer$Division (RaftServerImpl.java:start(396)) - d999a49d-42de-484c-a75f-ffa132e9c3a5@group-F7FC422C7F28: start as a follower, conf=-1: peers:[d999a49d-42de-484c-a75f-ffa132e9c3a5|127.0.0.1:15344, 2ef8d649-4864-4b9a-81a6-122cf2174905|127.0.0.1:15353, 3523888c-df3a-4c75-876a-f320dc6c9584|127.0.0.1:15335]|listeners:[], old=null
2024-05-12 17:41:36,219 [d999a49d-42de-484c-a75f-ffa132e9c3a5-groupManagement] INFO  server.RaftServer$Division (RaftServerImpl.java:setRole(383)) - d999a49d-42de-484c-a75f-ffa132e9c3a5@group-F7FC422C7F28: changes role from      null to FOLLOWER at term 0 for startAsFollower
2024-05-12 17:41:36,219 [d999a49d-42de-484c-a75f-ffa132e9c3a5-groupManagement] INFO  impl.RoleInfo (RoleInfo.java:updateAndGet(139)) - d999a49d-42de-484c-a75f-ffa132e9c3a5: start d999a49d-42de-484c-a75f-ffa132e9c3a5@group-F7FC422C7F28-FollowerState
2024-05-12 17:41:36,220 [d999a49d-42de-484c-a75f-ffa132e9c3a5-groupManagement] INFO  util.JmxRegister (JmxRegister.java:tryRegister(44)) - Successfully registered JMX Bean with object name Ratis:service=RaftServer,group=group-F7FC422C7F28,id=d999a49d-42de-484c-a75f-ffa132e9c3a5
2024-05-12 17:41:36,220 [d999a49d-42de-484c-a75f-ffa132e9c3a5-groupManagement] INFO  server.RaftServerConfigKeys (ConfUtils.java:logGet(46)) - raft.server.snapshot.trigger-when-stop.enabled = true (default)
2024-05-12 17:41:36,220 [d999a49d-42de-484c-a75f-ffa132e9c3a5-groupManagement] INFO  server.RaftServerConfigKeys (ConfUtils.java:logGet(46)) - raft.server.snapshot.auto.trigger.enabled = true (custom)
2024-05-12 17:41:36,220 [d999a49d-42de-484c-a75f-ffa132e9c3a5-groupManagement] INFO  server.RaftServerConfigKeys (ConfUtils.java:logGet(46)) - raft.server.snapshot.auto.trigger.threshold = 10000 (custom)
2024-05-12 17:41:36,220 [d999a49d-42de-484c-a75f-ffa132e9c3a5-groupManagement] INFO  server.RaftServerConfigKeys (ConfUtils.java:logGet(46)) - raft.server.snapshot.retention.file.num = 5 (custom)
2024-05-12 17:41:36,220 [d999a49d-42de-484c-a75f-ffa132e9c3a5-groupManagement] INFO  server.RaftServerConfigKeys (ConfUtils.java:logGet(46)) - raft.server.log.purge.upto.snapshot.index = false (default)
2024-05-12 17:41:36,220 [d999a49d-42de-484c-a75f-ffa132e9c3a5@group-F7FC422C7F28-FollowerState] INFO  server.RaftServerConfigKeys (ConfUtils.java:logFallback(53)) - raft.server.rpc.first-election.timeout.min = 1s (fallback to raft.server.rpc.timeout.min)
2024-05-12 17:41:36,220 [d999a49d-42de-484c-a75f-ffa132e9c3a5@group-F7FC422C7F28-FollowerState] INFO  server.RaftServerConfigKeys (ConfUtils.java:logFallback(53)) - raft.server.rpc.first-election.timeout.max = 1200ms (fallback to raft.server.rpc.timeout.max)
2024-05-12 17:41:36,221 [d999a49d-42de-484c-a75f-ffa132e9c3a5-groupManagement] INFO  server.RaftServer$Division (RaftServerImpl.java:<init>(256)) - d999a49d-42de-484c-a75f-ffa132e9c3a5: new RaftServerImpl for group-7FE7C0D455A4:[d999a49d-42de-484c-a75f-ffa132e9c3a5|127.0.0.1:15344] with ContainerStateMachine:uninitialized
2024-05-12 17:41:36,221 [d999a49d-42de-484c-a75f-ffa132e9c3a5-groupManagement] INFO  server.RaftServerConfigKeys (ConfUtils.java:logGet(46)) - raft.server.rpc.timeout.min = 1s (custom)
2024-05-12 17:41:36,221 [d999a49d-42de-484c-a75f-ffa132e9c3a5-groupManagement] INFO  server.RaftServerConfigKeys (ConfUtils.java:logGet(46)) - raft.server.rpc.timeout.max = 1200ms (custom)
2024-05-12 17:41:36,221 [d999a49d-42de-484c-a75f-ffa132e9c3a5-groupManagement] INFO  server.RaftServerConfigKeys (ConfUtils.java:logGet(46)) - raft.server.rpc.sleep.time = 25ms (default)
2024-05-12 17:41:36,221 [d999a49d-42de-484c-a75f-ffa132e9c3a5-groupManagement] INFO  server.RaftServerConfigKeys (ConfUtils.java:logGet(46)) - raft.server.rpc.slowness.timeout = 300000ms (custom)
2024-05-12 17:41:36,221 [d999a49d-42de-484c-a75f-ffa132e9c3a5-groupManagement] INFO  server.RaftServerConfigKeys (ConfUtils.java:logGet(46)) - raft.server.leaderelection.leader.step-down.wait-time = 10s (default)
2024-05-12 17:41:36,221 [d999a49d-42de-484c-a75f-ffa132e9c3a5-groupManagement] INFO  server.RaftServerConfigKeys (ConfUtils.java:logGet(46)) - raft.server.leaderelection.member.majority-add = false (default)
2024-05-12 17:41:36,222 [d999a49d-42de-484c-a75f-ffa132e9c3a5-groupManagement] INFO  server.RaftServerConfigKeys (ConfUtils.java:logGet(46)) - raft.server.sleep.deviation.threshold = 300ms (default)
2024-05-12 17:41:36,222 [d999a49d-42de-484c-a75f-ffa132e9c3a5-groupManagement] INFO  server.RaftServer$Division (ServerState.java:<init>(113)) - d999a49d-42de-484c-a75f-ffa132e9c3a5@group-7FE7C0D455A4: ConfigurationManager, init=-1: peers:[d999a49d-42de-484c-a75f-ffa132e9c3a5|127.0.0.1:15344]|listeners:[], old=null, confs=<EMPTY_MAP>
2024-05-12 17:41:36,222 [d999a49d-42de-484c-a75f-ffa132e9c3a5-groupManagement] INFO  server.RaftServerConfigKeys (ConfUtils.java:logGet(46)) - raft.server.notification.no-leader.timeout = 300000ms (custom)
2024-05-12 17:41:36,222 [d999a49d-42de-484c-a75f-ffa132e9c3a5-groupManagement] INFO  server.RaftServerConfigKeys (ConfUtils.java:logGet(46)) - raft.server.read.timeout = 10s (default)
2024-05-12 17:41:36,222 [d999a49d-42de-484c-a75f-ffa132e9c3a5-groupManagement] INFO  server.RaftServerConfigKeys (ConfUtils.java:logGet(46)) - raft.server.retrycache.expirytime = 600000ms (custom)
2024-05-12 17:41:36,222 [d999a49d-42de-484c-a75f-ffa132e9c3a5-groupManagement] INFO  server.RaftServerConfigKeys (ConfUtils.java:logGet(46)) - raft.server.retrycache.statistics.expirytime = 100ms (default)
2024-05-12 17:41:36,222 [d999a49d-42de-484c-a75f-ffa132e9c3a5-groupManagement] INFO  server.RaftServerConfigKeys (ConfUtils.java:logGet(46)) - raft.server.read.option = DEFAULT (default)
2024-05-12 17:41:36,222 [d999a49d-42de-484c-a75f-ffa132e9c3a5-groupManagement] INFO  server.RaftServerConfigKeys (ConfUtils.java:logGet(46)) - raft.server.read.read-after-write-consistent.write-index-cache.expiry-time = 60s (default)
2024-05-12 17:41:36,225 [d999a49d-42de-484c-a75f-ffa132e9c3a5-groupManagement] INFO  server.RaftServerConfigKeys (ConfUtils.java:logGet(46)) - raft.server.rpc.request.timeout = 3000ms (default)
2024-05-12 17:41:36,225 [d999a49d-42de-484c-a75f-ffa132e9c3a5-groupManagement] INFO  server.RaftServerConfigKeys (ConfUtils.java:logGet(46)) - raft.server.log.appender.install.snapshot.enabled = false (custom)
2024-05-12 17:41:36,225 [d999a49d-42de-484c-a75f-ffa132e9c3a5-groupManagement] INFO  server.RaftServerConfigKeys (ConfUtils.java:logGet(46)) - raft.server.threadpool.server.cached = true (default)
2024-05-12 17:41:36,225 [d999a49d-42de-484c-a75f-ffa132e9c3a5-groupManagement] INFO  server.RaftServerConfigKeys (ConfUtils.java:logGet(46)) - raft.server.threadpool.server.size = 0 (default)
2024-05-12 17:41:36,225 [d999a49d-42de-484c-a75f-ffa132e9c3a5-groupManagement] INFO  server.RaftServerConfigKeys (ConfUtils.java:logGet(46)) - raft.server.threadpool.client.cached = true (default)
2024-05-12 17:41:36,225 [d999a49d-42de-484c-a75f-ffa132e9c3a5-groupManagement] INFO  server.RaftServerConfigKeys (ConfUtils.java:logGet(46)) - raft.server.threadpool.client.size = 0 (default)
2024-05-12 17:41:36,225 [d999a49d-42de-484c-a75f-ffa132e9c3a5-groupManagement] INFO  server.RaftServerConfigKeys (ConfUtils.java:logGet(46)) - raft.server.storage.free-space.min = 0MB (=0) (default)
2024-05-12 17:41:36,225 [d999a49d-42de-484c-a75f-ffa132e9c3a5-groupManagement] INFO  server.RaftServerConfigKeys (ConfUtils.java:logGet(46)) - raft.server.log.corruption.policy = EXCEPTION (default)
2024-05-12 17:41:36,225 [d999a49d-42de-484c-a75f-ffa132e9c3a5-groupManagement] INFO  server.RaftServerConfigKeys (ConfUtils.java:logGet(46)) - raft.server.storage.dir = [/home/runner/work/ozone/ozone/hadoop-ozone/integration-test/target/test-dir/MiniOzoneClusterImpl-71ef5771-1bca-432b-8888-38dc3c8d5d63/ozone-meta/datanode-5/ratis] (custom)
2024-05-12 17:41:36,225 [d999a49d-42de-484c-a75f-ffa132e9c3a5-groupManagement] INFO  storage.RaftStorageDirectory (RaftStorageDirectoryImpl.java:analyzeStorage(138)) - The storage directory /home/runner/work/ozone/ozone/hadoop-ozone/integration-test/target/test-dir/MiniOzoneClusterImpl-71ef5771-1bca-432b-8888-38dc3c8d5d63/ozone-meta/datanode-5/ratis/2fe8376c-e2ca-453f-99e4-7fe7c0d455a4 does not exist. Creating ...
2024-05-12 17:41:36,226 [d999a49d-42de-484c-a75f-ffa132e9c3a5-groupManagement] INFO  storage.RaftStorageDirectory (RaftStorageDirectoryImpl.java:tryLock(228)) - Lock on /home/runner/work/ozone/ozone/hadoop-ozone/integration-test/target/test-dir/MiniOzoneClusterImpl-71ef5771-1bca-432b-8888-38dc3c8d5d63/ozone-meta/datanode-5/ratis/2fe8376c-e2ca-453f-99e4-7fe7c0d455a4/in_use.lock acquired by nodename 12547@fv-az576-466
2024-05-12 17:41:36,227 [d999a49d-42de-484c-a75f-ffa132e9c3a5-groupManagement] INFO  storage.RaftStorage (RaftStorageImpl.java:format(99)) - Storage directory /home/runner/work/ozone/ozone/hadoop-ozone/integration-test/target/test-dir/MiniOzoneClusterImpl-71ef5771-1bca-432b-8888-38dc3c8d5d63/ozone-meta/datanode-5/ratis/2fe8376c-e2ca-453f-99e4-7fe7c0d455a4 has been successfully formatted.
2024-05-12 17:41:36,227 [d999a49d-42de-484c-a75f-ffa132e9c3a5-groupManagement] WARN  util.FileUtils (LogUtils.java:supplyAndLog(63)) - Failed to Files.newInputStream /home/runner/work/ozone/ozone/hadoop-ozone/integration-test/target/test-dir/MiniOzoneClusterImpl-71ef5771-1bca-432b-8888-38dc3c8d5d63/ozone-meta/datanode-5/ratis/2fe8376c-e2ca-453f-99e4-7fe7c0d455a4/current/raft-meta.conf with options []: java.nio.file.NoSuchFileException: /home/runner/work/ozone/ozone/hadoop-ozone/integration-test/target/test-dir/MiniOzoneClusterImpl-71ef5771-1bca-432b-8888-38dc3c8d5d63/ozone-meta/datanode-5/ratis/2fe8376c-e2ca-453f-99e4-7fe7c0d455a4/current/raft-meta.conf
2024-05-12 17:41:36,228 [d999a49d-42de-484c-a75f-ffa132e9c3a5-groupManagement] INFO  ratis.ContainerStateMachine (ContainerStateMachine.java:loadSnapshot(287)) - group-7FE7C0D455A4: The snapshot info is null. Setting the last applied index to:(t:0, i:~)
2024-05-12 17:41:36,228 [d999a49d-42de-484c-a75f-ffa132e9c3a5-groupManagement] INFO  server.RaftServerConfigKeys (ConfUtils.java:logGet(46)) - raft.server.log.use.memory = false (default)
2024-05-12 17:41:36,228 [d999a49d-42de-484c-a75f-ffa132e9c3a5-groupManagement] INFO  server.RaftServerConfigKeys (ConfUtils.java:logGet(46)) - raft.server.log.purge.gap = 1000000 (custom)
2024-05-12 17:41:36,228 [d999a49d-42de-484c-a75f-ffa132e9c3a5-groupManagement] INFO  server.RaftServerConfigKeys (ConfUtils.java:logGet(46)) - raft.server.log.appender.buffer.byte-limit = 8388608 (custom)
2024-05-12 17:41:36,228 [d999a49d-42de-484c-a75f-ffa132e9c3a5-groupManagement] INFO  server.RaftServerConfigKeys (ConfUtils.java:logGet(46)) - raft.server.log.statemachine.data.read.timeout = 1000ms (default)
2024-05-12 17:41:36,228 [d999a49d-42de-484c-a75f-ffa132e9c3a5-groupManagement] INFO  server.RaftServerConfigKeys (ConfUtils.java:logGet(46)) - raft.server.log.purge.preservation.log.num = 0 (default)
2024-05-12 17:41:36,229 [EventQueue-PipelineReportForPipelineReportHandler] INFO  pipeline.PipelineReportHandler (PipelineReportHandler.java:processPipelineReport(136)) - Opened pipeline PipelineID=2fe8376c-e2ca-453f-99e4-7fe7c0d455a4
2024-05-12 17:41:36,229 [EventQueue-OpenPipelineForHealthyPipelineSafeModeRule] INFO  safemode.SCMSafeModeManager (HealthyPipelineSafeModeRule.java:process(140)) - SCM in safe mode. Healthy pipelines reported count is 0, required healthy pipeline reported count is 1
2024-05-12 17:41:36,229 [d999a49d-42de-484c-a75f-ffa132e9c3a5-groupManagement] INFO  server.RaftServerConfigKeys (ConfUtils.java:logGet(46)) - raft.server.log.segment.size.max = 67108864 (custom)
2024-05-12 17:41:36,230 [d999a49d-42de-484c-a75f-ffa132e9c3a5-groupManagement] INFO  server.RaftServerConfigKeys (ConfUtils.java:logGet(46)) - raft.server.log.segment.cache.num.max = 2 (custom)
2024-05-12 17:41:36,230 [d999a49d-42de-484c-a75f-ffa132e9c3a5-groupManagement] INFO  server.RaftServerConfigKeys (ConfUtils.java:logGet(46)) - raft.server.log.segment.cache.size.max = 200MB (=209715200) (default)
2024-05-12 17:41:36,230 [d999a49d-42de-484c-a75f-ffa132e9c3a5-groupManagement] INFO  server.RaftServerConfigKeys (ConfUtils.java:logGet(46)) - raft.server.log.appender.buffer.byte-limit = 8388608 (custom)
2024-05-12 17:41:36,230 [d999a49d-42de-484c-a75f-ffa132e9c3a5-groupManagement] INFO  util.AwaitToRun (AwaitToRun.java:start(81)) - Thread[d999a49d-42de-484c-a75f-ffa132e9c3a5@group-7FE7C0D455A4-cacheEviction-AwaitToRun,5,main] started
2024-05-12 17:41:36,230 [d999a49d-42de-484c-a75f-ffa132e9c3a5-groupManagement] INFO  segmented.SegmentedRaftLogWorker (SegmentedRaftLogWorker.java:<init>(182)) - new d999a49d-42de-484c-a75f-ffa132e9c3a5@group-7FE7C0D455A4-SegmentedRaftLogWorker for RaftStorageImpl:Storage Directory /home/runner/work/ozone/ozone/hadoop-ozone/integration-test/target/test-dir/MiniOzoneClusterImpl-71ef5771-1bca-432b-8888-38dc3c8d5d63/ozone-meta/datanode-5/ratis/2fe8376c-e2ca-453f-99e4-7fe7c0d455a4
2024-05-12 17:41:36,230 [d999a49d-42de-484c-a75f-ffa132e9c3a5-groupManagement] INFO  server.RaftServerConfigKeys (ConfUtils.java:logGet(46)) - raft.server.log.queue.byte-limit = 4294967296 (custom)
2024-05-12 17:41:36,230 [d999a49d-42de-484c-a75f-ffa132e9c3a5-groupManagement] INFO  server.RaftServerConfigKeys (ConfUtils.java:logGet(46)) - raft.server.log.queue.element-limit = 1024 (custom)
2024-05-12 17:41:36,230 [d999a49d-42de-484c-a75f-ffa132e9c3a5-groupManagement] INFO  server.RaftServerConfigKeys (ConfUtils.java:logGet(46)) - raft.server.log.segment.size.max = 67108864 (custom)
2024-05-12 17:41:36,230 [d999a49d-42de-484c-a75f-ffa132e9c3a5-groupManagement] INFO  server.RaftServerConfigKeys (ConfUtils.java:logGet(46)) - raft.server.log.preallocated.size = 4194304 (custom)
2024-05-12 17:41:36,230 [d999a49d-42de-484c-a75f-ffa132e9c3a5-groupManagement] INFO  server.RaftServerConfigKeys (ConfUtils.java:logGet(46)) - raft.server.log.force.sync.num = 128 (default)
2024-05-12 17:41:36,230 [d999a49d-42de-484c-a75f-ffa132e9c3a5-groupManagement] INFO  server.RaftServerConfigKeys (ConfUtils.java:logGet(46)) - raft.server.log.statemachine.data.sync = true (default)
2024-05-12 17:41:36,230 [d999a49d-42de-484c-a75f-ffa132e9c3a5-groupManagement] INFO  server.RaftServerConfigKeys (ConfUtils.java:logGet(46)) - raft.server.log.statemachine.data.sync.timeout = 10s (default)
2024-05-12 17:41:36,230 [d999a49d-42de-484c-a75f-ffa132e9c3a5-groupManagement] INFO  server.RaftServerConfigKeys (ConfUtils.java:logGet(46)) - raft.server.log.statemachine.data.sync.timeout.retry = 30 (custom)
2024-05-12 17:41:36,231 [d999a49d-42de-484c-a75f-ffa132e9c3a5-groupManagement] INFO  server.RaftServerConfigKeys (ConfUtils.java:logGet(46)) - raft.server.log.write.buffer.size = 8388616 (custom)
2024-05-12 17:41:36,232 [d999a49d-42de-484c-a75f-ffa132e9c3a5-groupManagement] INFO  server.RaftServerConfigKeys (ConfUtils.java:logGet(46)) - raft.server.log.appender.buffer.byte-limit = 8388608 (custom)
2024-05-12 17:41:36,232 [d999a49d-42de-484c-a75f-ffa132e9c3a5-groupManagement] INFO  server.RaftServerConfigKeys (ConfUtils.java:logGet(46)) - raft.server.log.unsafe-flush.enabled = false (default)
2024-05-12 17:41:36,232 [d999a49d-42de-484c-a75f-ffa132e9c3a5-groupManagement] INFO  server.RaftServerConfigKeys (ConfUtils.java:logGet(46)) - raft.server.log.async-flush.enabled = false (default)
2024-05-12 17:41:36,232 [d999a49d-42de-484c-a75f-ffa132e9c3a5-groupManagement] INFO  server.RaftServerConfigKeys (ConfUtils.java:logGet(46)) - raft.server.log.statemachine.data.caching.enabled = true (custom)
2024-05-12 17:41:36,233 [d999a49d-42de-484c-a75f-ffa132e9c3a5-groupManagement] INFO  segmented.SegmentedRaftLogWorker (SegmentedRaftLogWorker.java:lambda$new$0(134)) - d999a49d-42de-484c-a75f-ffa132e9c3a5@group-7FE7C0D455A4-SegmentedRaftLogWorker: flushIndex: setUnconditionally 0 -> -1
2024-05-12 17:41:36,233 [d999a49d-42de-484c-a75f-ffa132e9c3a5-groupManagement] INFO  segmented.SegmentedRaftLogWorker (SegmentedRaftLogWorker.java:lambda$new$0(134)) - d999a49d-42de-484c-a75f-ffa132e9c3a5@group-7FE7C0D455A4-SegmentedRaftLogWorker: safeCacheEvictIndex: setUnconditionally 0 -> -1
2024-05-12 17:41:36,233 [d999a49d-42de-484c-a75f-ffa132e9c3a5-groupManagement] INFO  server.RaftServer$Division (RaftServerImpl.java:start(396)) - d999a49d-42de-484c-a75f-ffa132e9c3a5@group-7FE7C0D455A4: start as a follower, conf=-1: peers:[d999a49d-42de-484c-a75f-ffa132e9c3a5|127.0.0.1:15344]|listeners:[], old=null
2024-05-12 17:41:36,233 [d999a49d-42de-484c-a75f-ffa132e9c3a5-groupManagement] INFO  server.RaftServer$Division (RaftServerImpl.java:setRole(383)) - d999a49d-42de-484c-a75f-ffa132e9c3a5@group-7FE7C0D455A4: changes role from      null to FOLLOWER at term 0 for startAsFollower
2024-05-12 17:41:36,233 [d999a49d-42de-484c-a75f-ffa132e9c3a5-groupManagement] INFO  impl.RoleInfo (RoleInfo.java:updateAndGet(139)) - d999a49d-42de-484c-a75f-ffa132e9c3a5: start d999a49d-42de-484c-a75f-ffa132e9c3a5@group-7FE7C0D455A4-FollowerState
2024-05-12 17:41:36,234 [d999a49d-42de-484c-a75f-ffa132e9c3a5-groupManagement] INFO  util.JmxRegister (JmxRegister.java:tryRegister(44)) - Successfully registered JMX Bean with object name Ratis:service=RaftServer,group=group-7FE7C0D455A4,id=d999a49d-42de-484c-a75f-ffa132e9c3a5
2024-05-12 17:41:36,234 [d999a49d-42de-484c-a75f-ffa132e9c3a5@group-7FE7C0D455A4-FollowerState] INFO  server.RaftServerConfigKeys (ConfUtils.java:logFallback(53)) - raft.server.rpc.first-election.timeout.min = 1s (fallback to raft.server.rpc.timeout.min)
2024-05-12 17:41:36,234 [d999a49d-42de-484c-a75f-ffa132e9c3a5-groupManagement] INFO  server.RaftServerConfigKeys (ConfUtils.java:logGet(46)) - raft.server.snapshot.trigger-when-stop.enabled = true (default)
2024-05-12 17:41:36,234 [d999a49d-42de-484c-a75f-ffa132e9c3a5-groupManagement] INFO  server.RaftServerConfigKeys (ConfUtils.java:logGet(46)) - raft.server.snapshot.auto.trigger.enabled = true (custom)
2024-05-12 17:41:36,234 [d999a49d-42de-484c-a75f-ffa132e9c3a5-groupManagement] INFO  server.RaftServerConfigKeys (ConfUtils.java:logGet(46)) - raft.server.snapshot.auto.trigger.threshold = 10000 (custom)
2024-05-12 17:41:36,234 [d999a49d-42de-484c-a75f-ffa132e9c3a5-groupManagement] INFO  server.RaftServerConfigKeys (ConfUtils.java:logGet(46)) - raft.server.snapshot.retention.file.num = 5 (custom)
2024-05-12 17:41:36,234 [d999a49d-42de-484c-a75f-ffa132e9c3a5-groupManagement] INFO  server.RaftServerConfigKeys (ConfUtils.java:logGet(46)) - raft.server.log.purge.upto.snapshot.index = false (default)
2024-05-12 17:41:36,235 [d999a49d-42de-484c-a75f-ffa132e9c3a5@group-7FE7C0D455A4-FollowerState] INFO  server.RaftServerConfigKeys (ConfUtils.java:logFallback(53)) - raft.server.rpc.first-election.timeout.max = 1200ms (fallback to raft.server.rpc.timeout.max)
2024-05-12 17:41:36,238 [grpc-default-executor-0] INFO  server.RaftServer (RaftServerProxy.java:addNew(100)) - 2ef8d649-4864-4b9a-81a6-122cf2174905: addNew group-F7FC422C7F28:[d999a49d-42de-484c-a75f-ffa132e9c3a5|127.0.0.1:15344, 2ef8d649-4864-4b9a-81a6-122cf2174905|127.0.0.1:15353, 3523888c-df3a-4c75-876a-f320dc6c9584|127.0.0.1:15335] returns group-F7FC422C7F28:java.util.concurrent.CompletableFuture@c2b5651[Not completed]
2024-05-12 17:41:36,238 [d999a49d-42de-484c-a75f-ffa132e9c3a5-PipelineCommandHandlerThread-0] INFO  ratis.XceiverServerRatis (XceiverServerRatis.java:addGroup(864)) - Created group PipelineID=2fe8376c-e2ca-453f-99e4-7fe7c0d455a4
2024-05-12 17:41:36,238 [d999a49d-42de-484c-a75f-ffa132e9c3a5-PipelineCommandHandlerThread-0] INFO  commandhandler.CreatePipelineCommandHandler (CreatePipelineCommandHandler.java:lambda$handle$2(124)) - Created Pipeline RATIS ONE PipelineID=2fe8376c-e2ca-453f-99e4-7fe7c0d455a4.
2024-05-12 17:41:36,238 [d999a49d-42de-484c-a75f-ffa132e9c3a5-PipelineCommandHandlerThread-0] INFO  server.RaftServer (RaftServerProxy.java:addNew(100)) - d999a49d-42de-484c-a75f-ffa132e9c3a5: addNew group-EE852451A390:[d999a49d-42de-484c-a75f-ffa132e9c3a5|127.0.0.1:15344, 2ef8d649-4864-4b9a-81a6-122cf2174905|127.0.0.1:15353, 3523888c-df3a-4c75-876a-f320dc6c9584|127.0.0.1:15335] returns group-EE852451A390:java.util.concurrent.CompletableFuture@3206d88d[Not completed]
2024-05-12 17:41:36,239 [2ef8d649-4864-4b9a-81a6-122cf2174905-groupManagement] INFO  server.RaftServer$Division (RaftServerImpl.java:<init>(256)) - 2ef8d649-4864-4b9a-81a6-122cf2174905: new RaftServerImpl for group-F7FC422C7F28:[d999a49d-42de-484c-a75f-ffa132e9c3a5|127.0.0.1:15344, 2ef8d649-4864-4b9a-81a6-122cf2174905|127.0.0.1:15353, 3523888c-df3a-4c75-876a-f320dc6c9584|127.0.0.1:15335] with ContainerStateMachine:uninitialized
2024-05-12 17:41:36,239 [2ef8d649-4864-4b9a-81a6-122cf2174905-groupManagement] INFO  server.RaftServerConfigKeys (ConfUtils.java:logGet(46)) - raft.server.rpc.timeout.min = 1s (custom)
2024-05-12 17:41:36,239 [2ef8d649-4864-4b9a-81a6-122cf2174905-groupManagement] INFO  server.RaftServerConfigKeys (ConfUtils.java:logGet(46)) - raft.server.rpc.timeout.max = 1200ms (custom)
2024-05-12 17:41:36,239 [2ef8d649-4864-4b9a-81a6-122cf2174905-groupManagement] INFO  server.RaftServerConfigKeys (ConfUtils.java:logGet(46)) - raft.server.rpc.sleep.time = 25ms (default)
2024-05-12 17:41:36,239 [2ef8d649-4864-4b9a-81a6-122cf2174905-groupManagement] INFO  server.RaftServerConfigKeys (ConfUtils.java:logGet(46)) - raft.server.rpc.slowness.timeout = 300000ms (custom)
2024-05-12 17:41:36,239 [d999a49d-42de-484c-a75f-ffa132e9c3a5-groupManagement] INFO  server.RaftServer$Division (RaftServerImpl.java:<init>(256)) - d999a49d-42de-484c-a75f-ffa132e9c3a5: new RaftServerImpl for group-EE852451A390:[d999a49d-42de-484c-a75f-ffa132e9c3a5|127.0.0.1:15344, 2ef8d649-4864-4b9a-81a6-122cf2174905|127.0.0.1:15353, 3523888c-df3a-4c75-876a-f320dc6c9584|127.0.0.1:15335] with ContainerStateMachine:uninitialized
2024-05-12 17:41:36,239 [d999a49d-42de-484c-a75f-ffa132e9c3a5-groupManagement] INFO  server.RaftServerConfigKeys (ConfUtils.java:logGet(46)) - raft.server.rpc.timeout.min = 1s (custom)
2024-05-12 17:41:36,239 [d999a49d-42de-484c-a75f-ffa132e9c3a5-groupManagement] INFO  server.RaftServerConfigKeys (ConfUtils.java:logGet(46)) - raft.server.rpc.timeout.max = 1200ms (custom)
2024-05-12 17:41:36,239 [d999a49d-42de-484c-a75f-ffa132e9c3a5-groupManagement] INFO  server.RaftServerConfigKeys (ConfUtils.java:logGet(46)) - raft.server.rpc.sleep.time = 25ms (default)
2024-05-12 17:41:36,239 [d999a49d-42de-484c-a75f-ffa132e9c3a5-groupManagement] INFO  server.RaftServerConfigKeys (ConfUtils.java:logGet(46)) - raft.server.rpc.slowness.timeout = 300000ms (custom)
2024-05-12 17:41:36,239 [d999a49d-42de-484c-a75f-ffa132e9c3a5-groupManagement] INFO  server.RaftServerConfigKeys (ConfUtils.java:logGet(46)) - raft.server.leaderelection.leader.step-down.wait-time = 10s (default)
2024-05-12 17:41:36,239 [d999a49d-42de-484c-a75f-ffa132e9c3a5-groupManagement] INFO  server.RaftServerConfigKeys (ConfUtils.java:logGet(46)) - raft.server.leaderelection.member.majority-add = false (default)
2024-05-12 17:41:36,239 [d999a49d-42de-484c-a75f-ffa132e9c3a5-groupManagement] INFO  server.RaftServerConfigKeys (ConfUtils.java:logGet(46)) - raft.server.sleep.deviation.threshold = 300ms (default)
2024-05-12 17:41:36,239 [2ef8d649-4864-4b9a-81a6-122cf2174905-groupManagement] INFO  server.RaftServerConfigKeys (ConfUtils.java:logGet(46)) - raft.server.leaderelection.leader.step-down.wait-time = 10s (default)
2024-05-12 17:41:36,239 [2ef8d649-4864-4b9a-81a6-122cf2174905-groupManagement] INFO  server.RaftServerConfigKeys (ConfUtils.java:logGet(46)) - raft.server.leaderelection.member.majority-add = false (default)
2024-05-12 17:41:36,239 [2ef8d649-4864-4b9a-81a6-122cf2174905-groupManagement] INFO  server.RaftServerConfigKeys (ConfUtils.java:logGet(46)) - raft.server.sleep.deviation.threshold = 300ms (default)
2024-05-12 17:41:36,239 [d999a49d-42de-484c-a75f-ffa132e9c3a5-groupManagement] INFO  server.RaftServer$Division (ServerState.java:<init>(113)) - d999a49d-42de-484c-a75f-ffa132e9c3a5@group-EE852451A390: ConfigurationManager, init=-1: peers:[d999a49d-42de-484c-a75f-ffa132e9c3a5|127.0.0.1:15344, 2ef8d649-4864-4b9a-81a6-122cf2174905|127.0.0.1:15353, 3523888c-df3a-4c75-876a-f320dc6c9584|127.0.0.1:15335]|listeners:[], old=null, confs=<EMPTY_MAP>
2024-05-12 17:41:36,240 [d999a49d-42de-484c-a75f-ffa132e9c3a5-groupManagement] INFO  server.RaftServerConfigKeys (ConfUtils.java:logGet(46)) - raft.server.notification.no-leader.timeout = 300000ms (custom)
2024-05-12 17:41:36,240 [d999a49d-42de-484c-a75f-ffa132e9c3a5-groupManagement] INFO  server.RaftServerConfigKeys (ConfUtils.java:logGet(46)) - raft.server.read.timeout = 10s (default)
2024-05-12 17:41:36,240 [d999a49d-42de-484c-a75f-ffa132e9c3a5-groupManagement] INFO  server.RaftServerConfigKeys (ConfUtils.java:logGet(46)) - raft.server.retrycache.expirytime = 600000ms (custom)
2024-05-12 17:41:36,240 [d999a49d-42de-484c-a75f-ffa132e9c3a5-groupManagement] INFO  server.RaftServerConfigKeys (ConfUtils.java:logGet(46)) - raft.server.retrycache.statistics.expirytime = 100ms (default)
2024-05-12 17:41:36,239 [2ef8d649-4864-4b9a-81a6-122cf2174905-groupManagement] INFO  server.RaftServer$Division (ServerState.java:<init>(113)) - 2ef8d649-4864-4b9a-81a6-122cf2174905@group-F7FC422C7F28: ConfigurationManager, init=-1: peers:[d999a49d-42de-484c-a75f-ffa132e9c3a5|127.0.0.1:15344, 2ef8d649-4864-4b9a-81a6-122cf2174905|127.0.0.1:15353, 3523888c-df3a-4c75-876a-f320dc6c9584|127.0.0.1:15335]|listeners:[], old=null, confs=<EMPTY_MAP>
2024-05-12 17:41:36,240 [d999a49d-42de-484c-a75f-ffa132e9c3a5-groupManagement] INFO  server.RaftServerConfigKeys (ConfUtils.java:logGet(46)) - raft.server.read.option = DEFAULT (default)
2024-05-12 17:41:36,240 [d999a49d-42de-484c-a75f-ffa132e9c3a5-groupManagement] INFO  server.RaftServerConfigKeys (ConfUtils.java:logGet(46)) - raft.server.read.read-after-write-consistent.write-index-cache.expiry-time = 60s (default)
2024-05-12 17:41:36,240 [2ef8d649-4864-4b9a-81a6-122cf2174905-groupManagement] INFO  server.RaftServerConfigKeys (ConfUtils.java:logGet(46)) - raft.server.notification.no-leader.timeout = 300000ms (custom)
2024-05-12 17:41:36,240 [2ef8d649-4864-4b9a-81a6-122cf2174905-groupManagement] INFO  server.RaftServerConfigKeys (ConfUtils.java:logGet(46)) - raft.server.read.timeout = 10s (default)
2024-05-12 17:41:36,240 [2ef8d649-4864-4b9a-81a6-122cf2174905-groupManagement] INFO  server.RaftServerConfigKeys (ConfUtils.java:logGet(46)) - raft.server.retrycache.expirytime = 600000ms (custom)
2024-05-12 17:41:36,240 [2ef8d649-4864-4b9a-81a6-122cf2174905-groupManagement] INFO  server.RaftServerConfigKeys (ConfUtils.java:logGet(46)) - raft.server.retrycache.statistics.expirytime = 100ms (default)
2024-05-12 17:41:36,240 [2ef8d649-4864-4b9a-81a6-122cf2174905-groupManagement] INFO  server.RaftServerConfigKeys (ConfUtils.java:logGet(46)) - raft.server.read.option = DEFAULT (default)
2024-05-12 17:41:36,240 [2ef8d649-4864-4b9a-81a6-122cf2174905-groupManagement] INFO  server.RaftServerConfigKeys (ConfUtils.java:logGet(46)) - raft.server.read.read-after-write-consistent.write-index-cache.expiry-time = 60s (default)
2024-05-12 17:41:36,247 [d999a49d-42de-484c-a75f-ffa132e9c3a5-groupManagement] INFO  server.RaftServerConfigKeys (ConfUtils.java:logGet(46)) - raft.server.rpc.request.timeout = 3000ms (default)
2024-05-12 17:41:36,248 [d999a49d-42de-484c-a75f-ffa132e9c3a5-groupManagement] INFO  server.RaftServerConfigKeys (ConfUtils.java:logGet(46)) - raft.server.log.appender.install.snapshot.enabled = false (custom)
2024-05-12 17:41:36,248 [d999a49d-42de-484c-a75f-ffa132e9c3a5-groupManagement] INFO  server.RaftServerConfigKeys (ConfUtils.java:logGet(46)) - raft.server.threadpool.server.cached = true (default)
2024-05-12 17:41:36,248 [d999a49d-42de-484c-a75f-ffa132e9c3a5-groupManagement] INFO  server.RaftServerConfigKeys (ConfUtils.java:logGet(46)) - raft.server.threadpool.server.size = 0 (default)
2024-05-12 17:41:36,248 [d999a49d-42de-484c-a75f-ffa132e9c3a5-groupManagement] INFO  server.RaftServerConfigKeys (ConfUtils.java:logGet(46)) - raft.server.threadpool.client.cached = true (default)
2024-05-12 17:41:36,248 [d999a49d-42de-484c-a75f-ffa132e9c3a5-groupManagement] INFO  server.RaftServerConfigKeys (ConfUtils.java:logGet(46)) - raft.server.threadpool.client.size = 0 (default)
2024-05-12 17:41:36,248 [d999a49d-42de-484c-a75f-ffa132e9c3a5-groupManagement] INFO  server.RaftServerConfigKeys (ConfUtils.java:logGet(46)) - raft.server.storage.free-space.min = 0MB (=0) (default)
2024-05-12 17:41:36,248 [d999a49d-42de-484c-a75f-ffa132e9c3a5-groupManagement] INFO  server.RaftServerConfigKeys (ConfUtils.java:logGet(46)) - raft.server.log.corruption.policy = EXCEPTION (default)
2024-05-12 17:41:36,248 [d999a49d-42de-484c-a75f-ffa132e9c3a5-groupManagement] INFO  server.RaftServerConfigKeys (ConfUtils.java:logGet(46)) - raft.server.storage.dir = [/home/runner/work/ozone/ozone/hadoop-ozone/integration-test/target/test-dir/MiniOzoneClusterImpl-71ef5771-1bca-432b-8888-38dc3c8d5d63/ozone-meta/datanode-5/ratis] (custom)
2024-05-12 17:41:36,248 [2ef8d649-4864-4b9a-81a6-122cf2174905-groupManagement] INFO  server.RaftServerConfigKeys (ConfUtils.java:logGet(46)) - raft.server.rpc.request.timeout = 3000ms (default)
2024-05-12 17:41:36,248 [2ef8d649-4864-4b9a-81a6-122cf2174905-groupManagement] INFO  server.RaftServerConfigKeys (ConfUtils.java:logGet(46)) - raft.server.log.appender.install.snapshot.enabled = false (custom)
2024-05-12 17:41:36,248 [2ef8d649-4864-4b9a-81a6-122cf2174905-groupManagement] INFO  server.RaftServerConfigKeys (ConfUtils.java:logGet(46)) - raft.server.threadpool.server.cached = true (default)
2024-05-12 17:41:36,248 [d999a49d-42de-484c-a75f-ffa132e9c3a5-groupManagement] INFO  storage.RaftStorageDirectory (RaftStorageDirectoryImpl.java:analyzeStorage(138)) - The storage directory /home/runner/work/ozone/ozone/hadoop-ozone/integration-test/target/test-dir/MiniOzoneClusterImpl-71ef5771-1bca-432b-8888-38dc3c8d5d63/ozone-meta/datanode-5/ratis/be042fe2-0951-454f-affe-ee852451a390 does not exist. Creating ...
2024-05-12 17:41:36,248 [2ef8d649-4864-4b9a-81a6-122cf2174905-groupManagement] INFO  server.RaftServerConfigKeys (ConfUtils.java:logGet(46)) - raft.server.threadpool.server.size = 0 (default)
2024-05-12 17:41:36,248 [2ef8d649-4864-4b9a-81a6-122cf2174905-groupManagement] INFO  server.RaftServerConfigKeys (ConfUtils.java:logGet(46)) - raft.server.threadpool.client.cached = true (default)
2024-05-12 17:41:36,249 [2ef8d649-4864-4b9a-81a6-122cf2174905-groupManagement] INFO  server.RaftServerConfigKeys (ConfUtils.java:logGet(46)) - raft.server.threadpool.client.size = 0 (default)
2024-05-12 17:41:36,249 [2ef8d649-4864-4b9a-81a6-122cf2174905-groupManagement] INFO  server.RaftServerConfigKeys (ConfUtils.java:logGet(46)) - raft.server.storage.free-space.min = 0MB (=0) (default)
2024-05-12 17:41:36,249 [2ef8d649-4864-4b9a-81a6-122cf2174905-groupManagement] INFO  server.RaftServerConfigKeys (ConfUtils.java:logGet(46)) - raft.server.log.corruption.policy = EXCEPTION (default)
2024-05-12 17:41:36,249 [2ef8d649-4864-4b9a-81a6-122cf2174905-groupManagement] INFO  server.RaftServerConfigKeys (ConfUtils.java:logGet(46)) - raft.server.storage.dir = [/home/runner/work/ozone/ozone/hadoop-ozone/integration-test/target/test-dir/MiniOzoneClusterImpl-71ef5771-1bca-432b-8888-38dc3c8d5d63/ozone-meta/datanode-6/ratis] (custom)
2024-05-12 17:41:36,249 [2ef8d649-4864-4b9a-81a6-122cf2174905-groupManagement] INFO  storage.RaftStorageDirectory (RaftStorageDirectoryImpl.java:analyzeStorage(138)) - The storage directory /home/runner/work/ozone/ozone/hadoop-ozone/integration-test/target/test-dir/MiniOzoneClusterImpl-71ef5771-1bca-432b-8888-38dc3c8d5d63/ozone-meta/datanode-6/ratis/aea16cb5-2fb9-4400-8f02-f7fc422c7f28 does not exist. Creating ...
2024-05-12 17:41:36,249 [d999a49d-42de-484c-a75f-ffa132e9c3a5-groupManagement] INFO  storage.RaftStorageDirectory (RaftStorageDirectoryImpl.java:tryLock(228)) - Lock on /home/runner/work/ozone/ozone/hadoop-ozone/integration-test/target/test-dir/MiniOzoneClusterImpl-71ef5771-1bca-432b-8888-38dc3c8d5d63/ozone-meta/datanode-5/ratis/be042fe2-0951-454f-affe-ee852451a390/in_use.lock acquired by nodename 12547@fv-az576-466
2024-05-12 17:41:36,250 [2ef8d649-4864-4b9a-81a6-122cf2174905-groupManagement] INFO  storage.RaftStorageDirectory (RaftStorageDirectoryImpl.java:tryLock(228)) - Lock on /home/runner/work/ozone/ozone/hadoop-ozone/integration-test/target/test-dir/MiniOzoneClusterImpl-71ef5771-1bca-432b-8888-38dc3c8d5d63/ozone-meta/datanode-6/ratis/aea16cb5-2fb9-4400-8f02-f7fc422c7f28/in_use.lock acquired by nodename 12547@fv-az576-466
2024-05-12 17:41:36,251 [d999a49d-42de-484c-a75f-ffa132e9c3a5-groupManagement] INFO  storage.RaftStorage (RaftStorageImpl.java:format(99)) - Storage directory /home/runner/work/ozone/ozone/hadoop-ozone/integration-test/target/test-dir/MiniOzoneClusterImpl-71ef5771-1bca-432b-8888-38dc3c8d5d63/ozone-meta/datanode-5/ratis/be042fe2-0951-454f-affe-ee852451a390 has been successfully formatted.
2024-05-12 17:41:36,251 [2ef8d649-4864-4b9a-81a6-122cf2174905-groupManagement] INFO  storage.RaftStorage (RaftStorageImpl.java:format(99)) - Storage directory /home/runner/work/ozone/ozone/hadoop-ozone/integration-test/target/test-dir/MiniOzoneClusterImpl-71ef5771-1bca-432b-8888-38dc3c8d5d63/ozone-meta/datanode-6/ratis/aea16cb5-2fb9-4400-8f02-f7fc422c7f28 has been successfully formatted.
2024-05-12 17:41:36,251 [d999a49d-42de-484c-a75f-ffa132e9c3a5-groupManagement] WARN  util.FileUtils (LogUtils.java:supplyAndLog(63)) - Failed to Files.newInputStream /home/runner/work/ozone/ozone/hadoop-ozone/integration-test/target/test-dir/MiniOzoneClusterImpl-71ef5771-1bca-432b-8888-38dc3c8d5d63/ozone-meta/datanode-5/ratis/be042fe2-0951-454f-affe-ee852451a390/current/raft-meta.conf with options []: java.nio.file.NoSuchFileException: /home/runner/work/ozone/ozone/hadoop-ozone/integration-test/target/test-dir/MiniOzoneClusterImpl-71ef5771-1bca-432b-8888-38dc3c8d5d63/ozone-meta/datanode-5/ratis/be042fe2-0951-454f-affe-ee852451a390/current/raft-meta.conf
2024-05-12 17:41:36,251 [2ef8d649-4864-4b9a-81a6-122cf2174905-groupManagement] WARN  util.FileUtils (LogUtils.java:supplyAndLog(63)) - Failed to Files.newInputStream /home/runner/work/ozone/ozone/hadoop-ozone/integration-test/target/test-dir/MiniOzoneClusterImpl-71ef5771-1bca-432b-8888-38dc3c8d5d63/ozone-meta/datanode-6/ratis/aea16cb5-2fb9-4400-8f02-f7fc422c7f28/current/raft-meta.conf with options []: java.nio.file.NoSuchFileException: /home/runner/work/ozone/ozone/hadoop-ozone/integration-test/target/test-dir/MiniOzoneClusterImpl-71ef5771-1bca-432b-8888-38dc3c8d5d63/ozone-meta/datanode-6/ratis/aea16cb5-2fb9-4400-8f02-f7fc422c7f28/current/raft-meta.conf
2024-05-12 17:41:36,251 [2ef8d649-4864-4b9a-81a6-122cf2174905-groupManagement] INFO  ratis.ContainerStateMachine (ContainerStateMachine.java:loadSnapshot(287)) - group-F7FC422C7F28: The snapshot info is null. Setting the last applied index to:(t:0, i:~)
2024-05-12 17:41:36,251 [2ef8d649-4864-4b9a-81a6-122cf2174905-groupManagement] INFO  server.RaftServerConfigKeys (ConfUtils.java:logGet(46)) - raft.server.log.use.memory = false (default)
2024-05-12 17:41:36,251 [2ef8d649-4864-4b9a-81a6-122cf2174905-groupManagement] INFO  server.RaftServerConfigKeys (ConfUtils.java:logGet(46)) - raft.server.log.purge.gap = 1000000 (custom)
2024-05-12 17:41:36,251 [2ef8d649-4864-4b9a-81a6-122cf2174905-groupManagement] INFO  server.RaftServerConfigKeys (ConfUtils.java:logGet(46)) - raft.server.log.appender.buffer.byte-limit = 8388608 (custom)
2024-05-12 17:41:36,251 [2ef8d649-4864-4b9a-81a6-122cf2174905-groupManagement] INFO  server.RaftServerConfigKeys (ConfUtils.java:logGet(46)) - raft.server.log.statemachine.data.read.timeout = 1000ms (default)
2024-05-12 17:41:36,252 [2ef8d649-4864-4b9a-81a6-122cf2174905-groupManagement] INFO  server.RaftServerConfigKeys (ConfUtils.java:logGet(46)) - raft.server.log.purge.preservation.log.num = 0 (default)
2024-05-12 17:41:36,252 [d999a49d-42de-484c-a75f-ffa132e9c3a5-groupManagement] INFO  ratis.ContainerStateMachine (ContainerStateMachine.java:loadSnapshot(287)) - group-EE852451A390: The snapshot info is null. Setting the last applied index to:(t:0, i:~)
2024-05-12 17:41:36,252 [d999a49d-42de-484c-a75f-ffa132e9c3a5-groupManagement] INFO  server.RaftServerConfigKeys (ConfUtils.java:logGet(46)) - raft.server.log.use.memory = false (default)
2024-05-12 17:41:36,252 [d999a49d-42de-484c-a75f-ffa132e9c3a5-groupManagement] INFO  server.RaftServerConfigKeys (ConfUtils.java:logGet(46)) - raft.server.log.purge.gap = 1000000 (custom)
2024-05-12 17:41:36,252 [d999a49d-42de-484c-a75f-ffa132e9c3a5-groupManagement] INFO  server.RaftServerConfigKeys (ConfUtils.java:logGet(46)) - raft.server.log.appender.buffer.byte-limit = 8388608 (custom)
2024-05-12 17:41:36,252 [d999a49d-42de-484c-a75f-ffa132e9c3a5-groupManagement] INFO  server.RaftServerConfigKeys (ConfUtils.java:logGet(46)) - raft.server.log.statemachine.data.read.timeout = 1000ms (default)
2024-05-12 17:41:36,252 [d999a49d-42de-484c-a75f-ffa132e9c3a5-groupManagement] INFO  server.RaftServerConfigKeys (ConfUtils.java:logGet(46)) - raft.server.log.purge.preservation.log.num = 0 (default)
2024-05-12 17:41:36,252 [EventQueue-OpenPipelineForHealthyPipelineSafeModeRule] INFO  safemode.SCMSafeModeManager (HealthyPipelineSafeModeRule.java:process(140)) - SCM in safe mode. Healthy pipelines reported count is 0, required healthy pipeline reported count is 1
2024-05-12 17:41:36,255 [2ef8d649-4864-4b9a-81a6-122cf2174905-groupManagement] INFO  server.RaftServerConfigKeys (ConfUtils.java:logGet(46)) - raft.server.log.segment.size.max = 67108864 (custom)
2024-05-12 17:41:36,256 [2ef8d649-4864-4b9a-81a6-122cf2174905-groupManagement] INFO  server.RaftServerConfigKeys (ConfUtils.java:logGet(46)) - raft.server.log.segment.cache.num.max = 2 (custom)
2024-05-12 17:41:36,256 [2ef8d649-4864-4b9a-81a6-122cf2174905-groupManagement] INFO  server.RaftServerConfigKeys (ConfUtils.java:logGet(46)) - raft.server.log.segment.cache.size.max = 200MB (=209715200) (default)
2024-05-12 17:41:36,257 [d999a49d-42de-484c-a75f-ffa132e9c3a5-groupManagement] INFO  server.RaftServerConfigKeys (ConfUtils.java:logGet(46)) - raft.server.log.segment.size.max = 67108864 (custom)
2024-05-12 17:41:36,257 [2ef8d649-4864-4b9a-81a6-122cf2174905-groupManagement] INFO  server.RaftServerConfigKeys (ConfUtils.java:logGet(46)) - raft.server.log.appender.buffer.byte-limit = 8388608 (custom)
2024-05-12 17:41:36,257 [2ef8d649-4864-4b9a-81a6-122cf2174905-groupManagement] INFO  util.AwaitToRun (AwaitToRun.java:start(81)) - Thread[2ef8d649-4864-4b9a-81a6-122cf2174905@group-F7FC422C7F28-cacheEviction-AwaitToRun,5,main] started
2024-05-12 17:41:36,257 [d999a49d-42de-484c-a75f-ffa132e9c3a5-groupManagement] INFO  server.RaftServerConfigKeys (ConfUtils.java:logGet(46)) - raft.server.log.segment.cache.num.max = 2 (custom)
2024-05-12 17:41:36,257 [d999a49d-42de-484c-a75f-ffa132e9c3a5-groupManagement] INFO  server.RaftServerConfigKeys (ConfUtils.java:logGet(46)) - raft.server.log.segment.cache.size.max = 200MB (=209715200) (default)
2024-05-12 17:41:36,257 [d999a49d-42de-484c-a75f-ffa132e9c3a5-groupManagement] INFO  server.RaftServerConfigKeys (ConfUtils.java:logGet(46)) - raft.server.log.appender.buffer.byte-limit = 8388608 (custom)
2024-05-12 17:41:36,257 [2ef8d649-4864-4b9a-81a6-122cf2174905-groupManagement] INFO  segmented.SegmentedRaftLogWorker (SegmentedRaftLogWorker.java:<init>(182)) - new 2ef8d649-4864-4b9a-81a6-122cf2174905@group-F7FC422C7F28-SegmentedRaftLogWorker for RaftStorageImpl:Storage Directory /home/runner/work/ozone/ozone/hadoop-ozone/integration-test/target/test-dir/MiniOzoneClusterImpl-71ef5771-1bca-432b-8888-38dc3c8d5d63/ozone-meta/datanode-6/ratis/aea16cb5-2fb9-4400-8f02-f7fc422c7f28
2024-05-12 17:41:36,257 [2ef8d649-4864-4b9a-81a6-122cf2174905-groupManagement] INFO  server.RaftServerConfigKeys (ConfUtils.java:logGet(46)) - raft.server.log.queue.byte-limit = 4294967296 (custom)
2024-05-12 17:41:36,257 [d999a49d-42de-484c-a75f-ffa132e9c3a5-groupManagement] INFO  util.AwaitToRun (AwaitToRun.java:start(81)) - Thread[d999a49d-42de-484c-a75f-ffa132e9c3a5@group-EE852451A390-cacheEviction-AwaitToRun,5,main] started
2024-05-12 17:41:36,257 [2ef8d649-4864-4b9a-81a6-122cf2174905-groupManagement] INFO  server.RaftServerConfigKeys (ConfUtils.java:logGet(46)) - raft.server.log.queue.element-limit = 1024 (custom)
2024-05-12 17:41:36,257 [d999a49d-42de-484c-a75f-ffa132e9c3a5-groupManagement] INFO  segmented.SegmentedRaftLogWorker (SegmentedRaftLogWorker.java:<init>(182)) - new d999a49d-42de-484c-a75f-ffa132e9c3a5@group-EE852451A390-SegmentedRaftLogWorker for RaftStorageImpl:Storage Directory /home/runner/work/ozone/ozone/hadoop-ozone/integration-test/target/test-dir/MiniOzoneClusterImpl-71ef5771-1bca-432b-8888-38dc3c8d5d63/ozone-meta/datanode-5/ratis/be042fe2-0951-454f-affe-ee852451a390
2024-05-12 17:41:36,257 [d999a49d-42de-484c-a75f-ffa132e9c3a5-groupManagement] INFO  server.RaftServerConfigKeys (ConfUtils.java:logGet(46)) - raft.server.log.queue.byte-limit = 4294967296 (custom)
2024-05-12 17:41:36,257 [d999a49d-42de-484c-a75f-ffa132e9c3a5-groupManagement] INFO  server.RaftServerConfigKeys (ConfUtils.java:logGet(46)) - raft.server.log.queue.element-limit = 1024 (custom)
2024-05-12 17:41:36,257 [d999a49d-42de-484c-a75f-ffa132e9c3a5-groupManagement] INFO  server.RaftServerConfigKeys (ConfUtils.java:logGet(46)) - raft.server.log.segment.size.max = 67108864 (custom)
2024-05-12 17:41:36,258 [d999a49d-42de-484c-a75f-ffa132e9c3a5-groupManagement] INFO  server.RaftServerConfigKeys (ConfUtils.java:logGet(46)) - raft.server.log.preallocated.size = 4194304 (custom)
2024-05-12 17:41:36,258 [d999a49d-42de-484c-a75f-ffa132e9c3a5-groupManagement] INFO  server.RaftServerConfigKeys (ConfUtils.java:logGet(46)) - raft.server.log.force.sync.num = 128 (default)
2024-05-12 17:41:36,258 [d999a49d-42de-484c-a75f-ffa132e9c3a5-groupManagement] INFO  server.RaftServerConfigKeys (ConfUtils.java:logGet(46)) - raft.server.log.statemachine.data.sync = true (default)
2024-05-12 17:41:36,257 [2ef8d649-4864-4b9a-81a6-122cf2174905-groupManagement] INFO  server.RaftServerConfigKeys (ConfUtils.java:logGet(46)) - raft.server.log.segment.size.max = 67108864 (custom)
2024-05-12 17:41:36,258 [d999a49d-42de-484c-a75f-ffa132e9c3a5-groupManagement] INFO  server.RaftServerConfigKeys (ConfUtils.java:logGet(46)) - raft.server.log.statemachine.data.sync.timeout = 10s (default)
2024-05-12 17:41:36,258 [d999a49d-42de-484c-a75f-ffa132e9c3a5-groupManagement] INFO  server.RaftServerConfigKeys (ConfUtils.java:logGet(46)) - raft.server.log.statemachine.data.sync.timeout.retry = 30 (custom)
2024-05-12 17:41:36,258 [2ef8d649-4864-4b9a-81a6-122cf2174905-groupManagement] INFO  server.RaftServerConfigKeys (ConfUtils.java:logGet(46)) - raft.server.log.preallocated.size = 4194304 (custom)
2024-05-12 17:41:36,258 [2ef8d649-4864-4b9a-81a6-122cf2174905-groupManagement] INFO  server.RaftServerConfigKeys (ConfUtils.java:logGet(46)) - raft.server.log.force.sync.num = 128 (default)
2024-05-12 17:41:36,258 [2ef8d649-4864-4b9a-81a6-122cf2174905-groupManagement] INFO  server.RaftServerConfigKeys (ConfUtils.java:logGet(46)) - raft.server.log.statemachine.data.sync = true (default)
2024-05-12 17:41:36,258 [2ef8d649-4864-4b9a-81a6-122cf2174905-groupManagement] INFO  server.RaftServerConfigKeys (ConfUtils.java:logGet(46)) - raft.server.log.statemachine.data.sync.timeout = 10s (default)
2024-05-12 17:41:36,258 [d999a49d-42de-484c-a75f-ffa132e9c3a5-groupManagement] INFO  server.RaftServerConfigKeys (ConfUtils.java:logGet(46)) - raft.server.log.write.buffer.size = 8388616 (custom)
2024-05-12 17:41:36,258 [2ef8d649-4864-4b9a-81a6-122cf2174905-groupManagement] INFO  server.RaftServerConfigKeys (ConfUtils.java:logGet(46)) - raft.server.log.statemachine.data.sync.timeout.retry = 30 (custom)
2024-05-12 17:41:36,259 [2ef8d649-4864-4b9a-81a6-122cf2174905-groupManagement] INFO  server.RaftServerConfigKeys (ConfUtils.java:logGet(46)) - raft.server.log.write.buffer.size = 8388616 (custom)
2024-05-12 17:41:36,260 [d999a49d-42de-484c-a75f-ffa132e9c3a5-groupManagement] INFO  server.RaftServerConfigKeys (ConfUtils.java:logGet(46)) - raft.server.log.appender.buffer.byte-limit = 8388608 (custom)
2024-05-12 17:41:36,260 [d999a49d-42de-484c-a75f-ffa132e9c3a5-groupManagement] INFO  server.RaftServerConfigKeys (ConfUtils.java:logGet(46)) - raft.server.log.unsafe-flush.enabled = false (default)
2024-05-12 17:41:36,260 [d999a49d-42de-484c-a75f-ffa132e9c3a5-groupManagement] INFO  server.RaftServerConfigKeys (ConfUtils.java:logGet(46)) - raft.server.log.async-flush.enabled = false (default)
2024-05-12 17:41:36,260 [d999a49d-42de-484c-a75f-ffa132e9c3a5-groupManagement] INFO  server.RaftServerConfigKeys (ConfUtils.java:logGet(46)) - raft.server.log.statemachine.data.caching.enabled = true (custom)
2024-05-12 17:41:36,260 [d999a49d-42de-484c-a75f-ffa132e9c3a5-groupManagement] INFO  segmented.SegmentedRaftLogWorker (SegmentedRaftLogWorker.java:lambda$new$0(134)) - d999a49d-42de-484c-a75f-ffa132e9c3a5@group-EE852451A390-SegmentedRaftLogWorker: flushIndex: setUnconditionally 0 -> -1
2024-05-12 17:41:36,260 [d999a49d-42de-484c-a75f-ffa132e9c3a5-groupManagement] INFO  segmented.SegmentedRaftLogWorker (SegmentedRaftLogWorker.java:lambda$new$0(134)) - d999a49d-42de-484c-a75f-ffa132e9c3a5@group-EE852451A390-SegmentedRaftLogWorker: safeCacheEvictIndex: setUnconditionally 0 -> -1
2024-05-12 17:41:36,261 [2ef8d649-4864-4b9a-81a6-122cf2174905-groupManagement] INFO  server.RaftServerConfigKeys (ConfUtils.java:logGet(46)) - raft.server.log.appender.buffer.byte-limit = 8388608 (custom)
2024-05-12 17:41:36,261 [2ef8d649-4864-4b9a-81a6-122cf2174905-groupManagement] INFO  server.RaftServerConfigKeys (ConfUtils.java:logGet(46)) - raft.server.log.unsafe-flush.enabled = false (default)
2024-05-12 17:41:36,261 [d999a49d-42de-484c-a75f-ffa132e9c3a5-groupManagement] INFO  server.RaftServer$Division (RaftServerImpl.java:start(396)) - d999a49d-42de-484c-a75f-ffa132e9c3a5@group-EE852451A390: start as a follower, conf=-1: peers:[d999a49d-42de-484c-a75f-ffa132e9c3a5|127.0.0.1:15344, 2ef8d649-4864-4b9a-81a6-122cf2174905|127.0.0.1:15353, 3523888c-df3a-4c75-876a-f320dc6c9584|127.0.0.1:15335]|listeners:[], old=null
2024-05-12 17:41:36,261 [2ef8d649-4864-4b9a-81a6-122cf2174905-groupManagement] INFO  server.RaftServerConfigKeys (ConfUtils.java:logGet(46)) - raft.server.log.async-flush.enabled = false (default)
2024-05-12 17:41:36,261 [d999a49d-42de-484c-a75f-ffa132e9c3a5-groupManagement] INFO  server.RaftServer$Division (RaftServerImpl.java:setRole(383)) - d999a49d-42de-484c-a75f-ffa132e9c3a5@group-EE852451A390: changes role from      null to FOLLOWER at term 0 for startAsFollower
2024-05-12 17:41:36,261 [2ef8d649-4864-4b9a-81a6-122cf2174905-groupManagement] INFO  server.RaftServerConfigKeys (ConfUtils.java:logGet(46)) - raft.server.log.statemachine.data.caching.enabled = true (custom)
2024-05-12 17:41:36,261 [d999a49d-42de-484c-a75f-ffa132e9c3a5-groupManagement] INFO  impl.RoleInfo (RoleInfo.java:updateAndGet(139)) - d999a49d-42de-484c-a75f-ffa132e9c3a5: start d999a49d-42de-484c-a75f-ffa132e9c3a5@group-EE852451A390-FollowerState
2024-05-12 17:41:36,261 [2ef8d649-4864-4b9a-81a6-122cf2174905-groupManagement] INFO  segmented.SegmentedRaftLogWorker (SegmentedRaftLogWorker.java:lambda$new$0(134)) - 2ef8d649-4864-4b9a-81a6-122cf2174905@group-F7FC422C7F28-SegmentedRaftLogWorker: flushIndex: setUnconditionally 0 -> -1
2024-05-12 17:41:36,261 [2ef8d649-4864-4b9a-81a6-122cf2174905-groupManagement] INFO  segmented.SegmentedRaftLogWorker (SegmentedRaftLogWorker.java:lambda$new$0(134)) - 2ef8d649-4864-4b9a-81a6-122cf2174905@group-F7FC422C7F28-SegmentedRaftLogWorker: safeCacheEvictIndex: setUnconditionally 0 -> -1
2024-05-12 17:41:36,261 [d999a49d-42de-484c-a75f-ffa132e9c3a5-groupManagement] INFO  util.JmxRegister (JmxRegister.java:tryRegister(44)) - Successfully registered JMX Bean with object name Ratis:service=RaftServer,group=group-EE852451A390,id=d999a49d-42de-484c-a75f-ffa132e9c3a5
2024-05-12 17:41:36,261 [d999a49d-42de-484c-a75f-ffa132e9c3a5-groupManagement] INFO  server.RaftServerConfigKeys (ConfUtils.java:logGet(46)) - raft.server.snapshot.trigger-when-stop.enabled = true (default)
2024-05-12 17:41:36,261 [d999a49d-42de-484c-a75f-ffa132e9c3a5-groupManagement] INFO  server.RaftServerConfigKeys (ConfUtils.java:logGet(46)) - raft.server.snapshot.auto.trigger.enabled = true (custom)
2024-05-12 17:41:36,261 [d999a49d-42de-484c-a75f-ffa132e9c3a5@group-EE852451A390-FollowerState] INFO  server.RaftServerConfigKeys (ConfUtils.java:logFallback(53)) - raft.server.rpc.first-election.timeout.min = 1s (fallback to raft.server.rpc.timeout.min)
2024-05-12 17:41:36,261 [d999a49d-42de-484c-a75f-ffa132e9c3a5-groupManagement] INFO  server.RaftServerConfigKeys (ConfUtils.java:logGet(46)) - raft.server.snapshot.auto.trigger.threshold = 10000 (custom)
2024-05-12 17:41:36,261 [d999a49d-42de-484c-a75f-ffa132e9c3a5-groupManagement] INFO  server.RaftServerConfigKeys (ConfUtils.java:logGet(46)) - raft.server.snapshot.retention.file.num = 5 (custom)
2024-05-12 17:41:36,261 [d999a49d-42de-484c-a75f-ffa132e9c3a5-groupManagement] INFO  server.RaftServerConfigKeys (ConfUtils.java:logGet(46)) - raft.server.log.purge.upto.snapshot.index = false (default)
2024-05-12 17:41:36,261 [d999a49d-42de-484c-a75f-ffa132e9c3a5@group-EE852451A390-FollowerState] INFO  server.RaftServerConfigKeys (ConfUtils.java:logFallback(53)) - raft.server.rpc.first-election.timeout.max = 1200ms (fallback to raft.server.rpc.timeout.max)
2024-05-12 17:41:36,262 [2ef8d649-4864-4b9a-81a6-122cf2174905-groupManagement] INFO  server.RaftServer$Division (RaftServerImpl.java:start(396)) - 2ef8d649-4864-4b9a-81a6-122cf2174905@group-F7FC422C7F28: start as a follower, conf=-1: peers:[d999a49d-42de-484c-a75f-ffa132e9c3a5|127.0.0.1:15344, 2ef8d649-4864-4b9a-81a6-122cf2174905|127.0.0.1:15353, 3523888c-df3a-4c75-876a-f320dc6c9584|127.0.0.1:15335]|listeners:[], old=null
2024-05-12 17:41:36,262 [2ef8d649-4864-4b9a-81a6-122cf2174905-groupManagement] INFO  server.RaftServer$Division (RaftServerImpl.java:setRole(383)) - 2ef8d649-4864-4b9a-81a6-122cf2174905@group-F7FC422C7F28: changes role from      null to FOLLOWER at term 0 for startAsFollower
2024-05-12 17:41:36,262 [2ef8d649-4864-4b9a-81a6-122cf2174905-groupManagement] INFO  impl.RoleInfo (RoleInfo.java:updateAndGet(139)) - 2ef8d649-4864-4b9a-81a6-122cf2174905: start 2ef8d649-4864-4b9a-81a6-122cf2174905@group-F7FC422C7F28-FollowerState
2024-05-12 17:41:36,262 [d999a49d-42de-484c-a75f-ffa132e9c3a5-PipelineCommandHandlerThread-0] INFO  ratis.XceiverServerRatis (XceiverServerRatis.java:addGroup(864)) - Created group PipelineID=be042fe2-0951-454f-affe-ee852451a390
2024-05-12 17:41:36,263 [2ef8d649-4864-4b9a-81a6-122cf2174905-groupManagement] INFO  util.JmxRegister (JmxRegister.java:tryRegister(44)) - Successfully registered JMX Bean with object name Ratis:service=RaftServer,group=group-F7FC422C7F28,id=2ef8d649-4864-4b9a-81a6-122cf2174905
2024-05-12 17:41:36,263 [2ef8d649-4864-4b9a-81a6-122cf2174905-groupManagement] INFO  server.RaftServerConfigKeys (ConfUtils.java:logGet(46)) - raft.server.snapshot.trigger-when-stop.enabled = true (default)
2024-05-12 17:41:36,263 [2ef8d649-4864-4b9a-81a6-122cf2174905-groupManagement] INFO  server.RaftServerConfigKeys (ConfUtils.java:logGet(46)) - raft.server.snapshot.auto.trigger.enabled = true (custom)
2024-05-12 17:41:36,263 [2ef8d649-4864-4b9a-81a6-122cf2174905-groupManagement] INFO  server.RaftServerConfigKeys (ConfUtils.java:logGet(46)) - raft.server.snapshot.auto.trigger.threshold = 10000 (custom)
2024-05-12 17:41:36,263 [2ef8d649-4864-4b9a-81a6-122cf2174905-groupManagement] INFO  server.RaftServerConfigKeys (ConfUtils.java:logGet(46)) - raft.server.snapshot.retention.file.num = 5 (custom)
2024-05-12 17:41:36,263 [2ef8d649-4864-4b9a-81a6-122cf2174905-groupManagement] INFO  server.RaftServerConfigKeys (ConfUtils.java:logGet(46)) - raft.server.log.purge.upto.snapshot.index = false (default)
2024-05-12 17:41:36,266 [2ef8d649-4864-4b9a-81a6-122cf2174905@group-F7FC422C7F28-FollowerState] INFO  server.RaftServerConfigKeys (ConfUtils.java:logFallback(53)) - raft.server.rpc.first-election.timeout.min = 1s (fallback to raft.server.rpc.timeout.min)
2024-05-12 17:41:36,266 [2ef8d649-4864-4b9a-81a6-122cf2174905@group-F7FC422C7F28-FollowerState] INFO  server.RaftServerConfigKeys (ConfUtils.java:logFallback(53)) - raft.server.rpc.first-election.timeout.max = 1200ms (fallback to raft.server.rpc.timeout.max)
2024-05-12 17:41:36,267 [3523888c-df3a-4c75-876a-f320dc6c9584-PipelineCommandHandlerThread-0] INFO  commandhandler.CreatePipelineCommandHandler (CreatePipelineCommandHandler.java:lambda$handle$2(124)) - Created Pipeline RATIS THREE PipelineID=aea16cb5-2fb9-4400-8f02-f7fc422c7f28.
2024-05-12 17:41:36,268 [3523888c-df3a-4c75-876a-f320dc6c9584-groupManagement] INFO  server.RaftServer$Division (RaftServerImpl.java:<init>(256)) - 3523888c-df3a-4c75-876a-f320dc6c9584: new RaftServerImpl for group-EE852451A390:[d999a49d-42de-484c-a75f-ffa132e9c3a5|127.0.0.1:15344, 2ef8d649-4864-4b9a-81a6-122cf2174905|127.0.0.1:15353, 3523888c-df3a-4c75-876a-f320dc6c9584|127.0.0.1:15335] with ContainerStateMachine:uninitialized
2024-05-12 17:41:36,268 [3523888c-df3a-4c75-876a-f320dc6c9584-groupManagement] INFO  server.RaftServerConfigKeys (ConfUtils.java:logGet(46)) - raft.server.rpc.timeout.min = 1s (custom)
2024-05-12 17:41:36,268 [3523888c-df3a-4c75-876a-f320dc6c9584-groupManagement] INFO  server.RaftServerConfigKeys (ConfUtils.java:logGet(46)) - raft.server.rpc.timeout.max = 1200ms (custom)
2024-05-12 17:41:36,268 [3523888c-df3a-4c75-876a-f320dc6c9584-groupManagement] INFO  server.RaftServerConfigKeys (ConfUtils.java:logGet(46)) - raft.server.rpc.sleep.time = 25ms (default)
2024-05-12 17:41:36,268 [3523888c-df3a-4c75-876a-f320dc6c9584-groupManagement] INFO  server.RaftServerConfigKeys (ConfUtils.java:logGet(46)) - raft.server.rpc.slowness.timeout = 300000ms (custom)
2024-05-12 17:41:36,268 [3523888c-df3a-4c75-876a-f320dc6c9584-groupManagement] INFO  server.RaftServerConfigKeys (ConfUtils.java:logGet(46)) - raft.server.leaderelection.leader.step-down.wait-time = 10s (default)
2024-05-12 17:41:36,268 [3523888c-df3a-4c75-876a-f320dc6c9584-groupManagement] INFO  server.RaftServerConfigKeys (ConfUtils.java:logGet(46)) - raft.server.leaderelection.member.majority-add = false (default)
2024-05-12 17:41:36,268 [3523888c-df3a-4c75-876a-f320dc6c9584-groupManagement] INFO  server.RaftServerConfigKeys (ConfUtils.java:logGet(46)) - raft.server.sleep.deviation.threshold = 300ms (default)
2024-05-12 17:41:36,268 [3523888c-df3a-4c75-876a-f320dc6c9584-groupManagement] INFO  server.RaftServer$Division (ServerState.java:<init>(113)) - 3523888c-df3a-4c75-876a-f320dc6c9584@group-EE852451A390: ConfigurationManager, init=-1: peers:[d999a49d-42de-484c-a75f-ffa132e9c3a5|127.0.0.1:15344, 2ef8d649-4864-4b9a-81a6-122cf2174905|127.0.0.1:15353, 3523888c-df3a-4c75-876a-f320dc6c9584|127.0.0.1:15335]|listeners:[], old=null, confs=<EMPTY_MAP>
2024-05-12 17:41:36,269 [3523888c-df3a-4c75-876a-f320dc6c9584-groupManagement] INFO  server.RaftServerConfigKeys (ConfUtils.java:logGet(46)) - raft.server.notification.no-leader.timeout = 300000ms (custom)
2024-05-12 17:41:36,269 [3523888c-df3a-4c75-876a-f320dc6c9584-groupManagement] INFO  server.RaftServerConfigKeys (ConfUtils.java:logGet(46)) - raft.server.read.timeout = 10s (default)
2024-05-12 17:41:36,269 [3523888c-df3a-4c75-876a-f320dc6c9584-groupManagement] INFO  server.RaftServerConfigKeys (ConfUtils.java:logGet(46)) - raft.server.retrycache.expirytime = 600000ms (custom)
2024-05-12 17:41:36,269 [3523888c-df3a-4c75-876a-f320dc6c9584-groupManagement] INFO  server.RaftServerConfigKeys (ConfUtils.java:logGet(46)) - raft.server.retrycache.statistics.expirytime = 100ms (default)
2024-05-12 17:41:36,269 [3523888c-df3a-4c75-876a-f320dc6c9584-groupManagement] INFO  server.RaftServerConfigKeys (ConfUtils.java:logGet(46)) - raft.server.read.option = DEFAULT (default)
2024-05-12 17:41:36,269 [3523888c-df3a-4c75-876a-f320dc6c9584-groupManagement] INFO  server.RaftServerConfigKeys (ConfUtils.java:logGet(46)) - raft.server.read.read-after-write-consistent.write-index-cache.expiry-time = 60s (default)
2024-05-12 17:41:36,269 [3523888c-df3a-4c75-876a-f320dc6c9584-PipelineCommandHandlerThread-0] INFO  server.RaftServer (RaftServerProxy.java:addNew(100)) - 3523888c-df3a-4c75-876a-f320dc6c9584: addNew group-EE852451A390:[d999a49d-42de-484c-a75f-ffa132e9c3a5|127.0.0.1:15344, 2ef8d649-4864-4b9a-81a6-122cf2174905|127.0.0.1:15353, 3523888c-df3a-4c75-876a-f320dc6c9584|127.0.0.1:15335] returns group-EE852451A390:java.util.concurrent.CompletableFuture@7d62879c[Not completed]
2024-05-12 17:41:36,271 [3523888c-df3a-4c75-876a-f320dc6c9584-groupManagement] INFO  server.RaftServerConfigKeys (ConfUtils.java:logGet(46)) - raft.server.rpc.request.timeout = 3000ms (default)
2024-05-12 17:41:36,271 [3523888c-df3a-4c75-876a-f320dc6c9584-groupManagement] INFO  server.RaftServerConfigKeys (ConfUtils.java:logGet(46)) - raft.server.log.appender.install.snapshot.enabled = false (custom)
2024-05-12 17:41:36,271 [3523888c-df3a-4c75-876a-f320dc6c9584-groupManagement] INFO  server.RaftServerConfigKeys (ConfUtils.java:logGet(46)) - raft.server.threadpool.server.cached = true (default)
2024-05-12 17:41:36,271 [3523888c-df3a-4c75-876a-f320dc6c9584-groupManagement] INFO  server.RaftServerConfigKeys (ConfUtils.java:logGet(46)) - raft.server.threadpool.server.size = 0 (default)
2024-05-12 17:41:36,271 [3523888c-df3a-4c75-876a-f320dc6c9584-groupManagement] INFO  server.RaftServerConfigKeys (ConfUtils.java:logGet(46)) - raft.server.threadpool.client.cached = true (default)
2024-05-12 17:41:36,271 [3523888c-df3a-4c75-876a-f320dc6c9584-groupManagement] INFO  server.RaftServerConfigKeys (ConfUtils.java:logGet(46)) - raft.server.threadpool.client.size = 0 (default)
2024-05-12 17:41:36,271 [3523888c-df3a-4c75-876a-f320dc6c9584-groupManagement] INFO  server.RaftServerConfigKeys (ConfUtils.java:logGet(46)) - raft.server.storage.free-space.min = 0MB (=0) (default)
2024-05-12 17:41:36,271 [3523888c-df3a-4c75-876a-f320dc6c9584-groupManagement] INFO  server.RaftServerConfigKeys (ConfUtils.java:logGet(46)) - raft.server.log.corruption.policy = EXCEPTION (default)
2024-05-12 17:41:36,271 [3523888c-df3a-4c75-876a-f320dc6c9584-groupManagement] INFO  server.RaftServerConfigKeys (ConfUtils.java:logGet(46)) - raft.server.storage.dir = [/home/runner/work/ozone/ozone/hadoop-ozone/integration-test/target/test-dir/MiniOzoneClusterImpl-71ef5771-1bca-432b-8888-38dc3c8d5d63/ozone-meta/datanode-4/ratis] (custom)
2024-05-12 17:41:36,271 [3523888c-df3a-4c75-876a-f320dc6c9584-groupManagement] INFO  storage.RaftStorageDirectory (RaftStorageDirectoryImpl.java:analyzeStorage(138)) - The storage directory /home/runner/work/ozone/ozone/hadoop-ozone/integration-test/target/test-dir/MiniOzoneClusterImpl-71ef5771-1bca-432b-8888-38dc3c8d5d63/ozone-meta/datanode-4/ratis/be042fe2-0951-454f-affe-ee852451a390 does not exist. Creating ...
2024-05-12 17:41:36,272 [3523888c-df3a-4c75-876a-f320dc6c9584-groupManagement] INFO  storage.RaftStorageDirectory (RaftStorageDirectoryImpl.java:tryLock(228)) - Lock on /home/runner/work/ozone/ozone/hadoop-ozone/integration-test/target/test-dir/MiniOzoneClusterImpl-71ef5771-1bca-432b-8888-38dc3c8d5d63/ozone-meta/datanode-4/ratis/be042fe2-0951-454f-affe-ee852451a390/in_use.lock acquired by nodename 12547@fv-az576-466
2024-05-12 17:41:36,273 [3523888c-df3a-4c75-876a-f320dc6c9584-groupManagement] INFO  storage.RaftStorage (RaftStorageImpl.java:format(99)) - Storage directory /home/runner/work/ozone/ozone/hadoop-ozone/integration-test/target/test-dir/MiniOzoneClusterImpl-71ef5771-1bca-432b-8888-38dc3c8d5d63/ozone-meta/datanode-4/ratis/be042fe2-0951-454f-affe-ee852451a390 has been successfully formatted.
2024-05-12 17:41:36,273 [3523888c-df3a-4c75-876a-f320dc6c9584-groupManagement] WARN  util.FileUtils (LogUtils.java:supplyAndLog(63)) - Failed to Files.newInputStream /home/runner/work/ozone/ozone/hadoop-ozone/integration-test/target/test-dir/MiniOzoneClusterImpl-71ef5771-1bca-432b-8888-38dc3c8d5d63/ozone-meta/datanode-4/ratis/be042fe2-0951-454f-affe-ee852451a390/current/raft-meta.conf with options []: java.nio.file.NoSuchFileException: /home/runner/work/ozone/ozone/hadoop-ozone/integration-test/target/test-dir/MiniOzoneClusterImpl-71ef5771-1bca-432b-8888-38dc3c8d5d63/ozone-meta/datanode-4/ratis/be042fe2-0951-454f-affe-ee852451a390/current/raft-meta.conf
2024-05-12 17:41:36,274 [3523888c-df3a-4c75-876a-f320dc6c9584-groupManagement] INFO  ratis.ContainerStateMachine (ContainerStateMachine.java:loadSnapshot(287)) - group-EE852451A390: The snapshot info is null. Setting the last applied index to:(t:0, i:~)
2024-05-12 17:41:36,274 [3523888c-df3a-4c75-876a-f320dc6c9584-groupManagement] INFO  server.RaftServerConfigKeys (ConfUtils.java:logGet(46)) - raft.server.log.use.memory = false (default)
2024-05-12 17:41:36,274 [3523888c-df3a-4c75-876a-f320dc6c9584-groupManagement] INFO  server.RaftServerConfigKeys (ConfUtils.java:logGet(46)) - raft.server.log.purge.gap = 1000000 (custom)
2024-05-12 17:41:36,274 [3523888c-df3a-4c75-876a-f320dc6c9584-groupManagement] INFO  server.RaftServerConfigKeys (ConfUtils.java:logGet(46)) - raft.server.log.appender.buffer.byte-limit = 8388608 (custom)
2024-05-12 17:41:36,274 [3523888c-df3a-4c75-876a-f320dc6c9584-groupManagement] INFO  server.RaftServerConfigKeys (ConfUtils.java:logGet(46)) - raft.server.log.statemachine.data.read.timeout = 1000ms (default)
2024-05-12 17:41:36,274 [3523888c-df3a-4c75-876a-f320dc6c9584-groupManagement] INFO  server.RaftServerConfigKeys (ConfUtils.java:logGet(46)) - raft.server.log.purge.preservation.log.num = 0 (default)
2024-05-12 17:41:36,275 [3523888c-df3a-4c75-876a-f320dc6c9584-groupManagement] INFO  server.RaftServerConfigKeys (ConfUtils.java:logGet(46)) - raft.server.log.segment.size.max = 67108864 (custom)
2024-05-12 17:41:36,275 [3523888c-df3a-4c75-876a-f320dc6c9584-groupManagement] INFO  server.RaftServerConfigKeys (ConfUtils.java:logGet(46)) - raft.server.log.segment.cache.num.max = 2 (custom)
2024-05-12 17:41:36,275 [3523888c-df3a-4c75-876a-f320dc6c9584-groupManagement] INFO  server.RaftServerConfigKeys (ConfUtils.java:logGet(46)) - raft.server.log.segment.cache.size.max = 200MB (=209715200) (default)
2024-05-12 17:41:36,275 [3523888c-df3a-4c75-876a-f320dc6c9584-groupManagement] INFO  server.RaftServerConfigKeys (ConfUtils.java:logGet(46)) - raft.server.log.appender.buffer.byte-limit = 8388608 (custom)
2024-05-12 17:41:36,275 [3523888c-df3a-4c75-876a-f320dc6c9584-groupManagement] INFO  util.AwaitToRun (AwaitToRun.java:start(81)) - Thread[3523888c-df3a-4c75-876a-f320dc6c9584@group-EE852451A390-cacheEviction-AwaitToRun,5,main] started
2024-05-12 17:41:36,275 [3523888c-df3a-4c75-876a-f320dc6c9584-groupManagement] INFO  segmented.SegmentedRaftLogWorker (SegmentedRaftLogWorker.java:<init>(182)) - new 3523888c-df3a-4c75-876a-f320dc6c9584@group-EE852451A390-SegmentedRaftLogWorker for RaftStorageImpl:Storage Directory /home/runner/work/ozone/ozone/hadoop-ozone/integration-test/target/test-dir/MiniOzoneClusterImpl-71ef5771-1bca-432b-8888-38dc3c8d5d63/ozone-meta/datanode-4/ratis/be042fe2-0951-454f-affe-ee852451a390
2024-05-12 17:41:36,276 [3523888c-df3a-4c75-876a-f320dc6c9584-groupManagement] INFO  server.RaftServerConfigKeys (ConfUtils.java:logGet(46)) - raft.server.log.queue.byte-limit = 4294967296 (custom)
2024-05-12 17:41:36,276 [3523888c-df3a-4c75-876a-f320dc6c9584-groupManagement] INFO  server.RaftServerConfigKeys (ConfUtils.java:logGet(46)) - raft.server.log.queue.element-limit = 1024 (custom)
2024-05-12 17:41:36,276 [3523888c-df3a-4c75-876a-f320dc6c9584-groupManagement] INFO  server.RaftServerConfigKeys (ConfUtils.java:logGet(46)) - raft.server.log.segment.size.max = 67108864 (custom)
2024-05-12 17:41:36,276 [3523888c-df3a-4c75-876a-f320dc6c9584-groupManagement] INFO  server.RaftServerConfigKeys (ConfUtils.java:logGet(46)) - raft.server.log.preallocated.size = 4194304 (custom)
2024-05-12 17:41:36,276 [3523888c-df3a-4c75-876a-f320dc6c9584-groupManagement] INFO  server.RaftServerConfigKeys (ConfUtils.java:logGet(46)) - raft.server.log.force.sync.num = 128 (default)
2024-05-12 17:41:36,276 [3523888c-df3a-4c75-876a-f320dc6c9584-groupManagement] INFO  server.RaftServerConfigKeys (ConfUtils.java:logGet(46)) - raft.server.log.statemachine.data.sync = true (default)
2024-05-12 17:41:36,276 [3523888c-df3a-4c75-876a-f320dc6c9584-groupManagement] INFO  server.RaftServerConfigKeys (ConfUtils.java:logGet(46)) - raft.server.log.statemachine.data.sync.timeout = 10s (default)
2024-05-12 17:41:36,276 [3523888c-df3a-4c75-876a-f320dc6c9584-groupManagement] INFO  server.RaftServerConfigKeys (ConfUtils.java:logGet(46)) - raft.server.log.statemachine.data.sync.timeout.retry = 30 (custom)
2024-05-12 17:41:36,276 [3523888c-df3a-4c75-876a-f320dc6c9584-groupManagement] INFO  server.RaftServerConfigKeys (ConfUtils.java:logGet(46)) - raft.server.log.write.buffer.size = 8388616 (custom)
2024-05-12 17:41:36,276 [EventQueue-OpenPipelineForHealthyPipelineSafeModeRule] INFO  safemode.SCMSafeModeManager (HealthyPipelineSafeModeRule.java:process(140)) - SCM in safe mode. Healthy pipelines reported count is 0, required healthy pipeline reported count is 1
2024-05-12 17:41:36,278 [3523888c-df3a-4c75-876a-f320dc6c9584-groupManagement] INFO  server.RaftServerConfigKeys (ConfUtils.java:logGet(46)) - raft.server.log.appender.buffer.byte-limit = 8388608 (custom)
2024-05-12 17:41:36,278 [3523888c-df3a-4c75-876a-f320dc6c9584-groupManagement] INFO  server.RaftServerConfigKeys (ConfUtils.java:logGet(46)) - raft.server.log.unsafe-flush.enabled = false (default)
2024-05-12 17:41:36,278 [3523888c-df3a-4c75-876a-f320dc6c9584-groupManagement] INFO  server.RaftServerConfigKeys (ConfUtils.java:logGet(46)) - raft.server.log.async-flush.enabled = false (default)
2024-05-12 17:41:36,278 [2ef8d649-4864-4b9a-81a6-122cf2174905-groupManagement] INFO  server.RaftServer$Division (RaftServerImpl.java:<init>(256)) - 2ef8d649-4864-4b9a-81a6-122cf2174905: new RaftServerImpl for group-EE852451A390:[d999a49d-42de-484c-a75f-ffa132e9c3a5|127.0.0.1:15344, 2ef8d649-4864-4b9a-81a6-122cf2174905|127.0.0.1:15353, 3523888c-df3a-4c75-876a-f320dc6c9584|127.0.0.1:15335] with ContainerStateMachine:uninitialized
2024-05-12 17:41:36,278 [grpc-default-executor-1] INFO  server.RaftServer (RaftServerProxy.java:addNew(100)) - 2ef8d649-4864-4b9a-81a6-122cf2174905: addNew group-EE852451A390:[d999a49d-42de-484c-a75f-ffa132e9c3a5|127.0.0.1:15344, 2ef8d649-4864-4b9a-81a6-122cf2174905|127.0.0.1:15353, 3523888c-df3a-4c75-876a-f320dc6c9584|127.0.0.1:15335] returns group-EE852451A390:java.util.concurrent.CompletableFuture@71fb1922[Not completed]
2024-05-12 17:41:36,279 [3523888c-df3a-4c75-876a-f320dc6c9584-groupManagement] INFO  server.RaftServerConfigKeys (ConfUtils.java:logGet(46)) - raft.server.log.statemachine.data.caching.enabled = true (custom)
2024-05-12 17:41:36,279 [2ef8d649-4864-4b9a-81a6-122cf2174905-groupManagement] INFO  server.RaftServerConfigKeys (ConfUtils.java:logGet(46)) - raft.server.rpc.timeout.min = 1s (custom)
2024-05-12 17:41:36,279 [2ef8d649-4864-4b9a-81a6-122cf2174905-groupManagement] INFO  server.RaftServerConfigKeys (ConfUtils.java:logGet(46)) - raft.server.rpc.timeout.max = 1200ms (custom)
2024-05-12 17:41:36,279 [2ef8d649-4864-4b9a-81a6-122cf2174905-PipelineCommandHandlerThread-0] INFO  server.RaftServer (RaftServerProxy.java:addNew(100)) - 2ef8d649-4864-4b9a-81a6-122cf2174905: addNew group-3A7C072B2D7F:[2ef8d649-4864-4b9a-81a6-122cf2174905|127.0.0.1:15353] returns group-3A7C072B2D7F:java.util.concurrent.CompletableFuture@16bbe47a[Not completed]
2024-05-12 17:41:36,279 [2ef8d649-4864-4b9a-81a6-122cf2174905-groupManagement] INFO  server.RaftServerConfigKeys (ConfUtils.java:logGet(46)) - raft.server.rpc.sleep.time = 25ms (default)
2024-05-12 17:41:36,279 [2ef8d649-4864-4b9a-81a6-122cf2174905-groupManagement] INFO  server.RaftServerConfigKeys (ConfUtils.java:logGet(46)) - raft.server.rpc.slowness.timeout = 300000ms (custom)
2024-05-12 17:41:36,279 [2ef8d649-4864-4b9a-81a6-122cf2174905-groupManagement] INFO  server.RaftServerConfigKeys (ConfUtils.java:logGet(46)) - raft.server.leaderelection.leader.step-down.wait-time = 10s (default)
2024-05-12 17:41:36,279 [2ef8d649-4864-4b9a-81a6-122cf2174905-groupManagement] INFO  server.RaftServerConfigKeys (ConfUtils.java:logGet(46)) - raft.server.leaderelection.member.majority-add = false (default)
2024-05-12 17:41:36,279 [2ef8d649-4864-4b9a-81a6-122cf2174905-groupManagement] INFO  server.RaftServerConfigKeys (ConfUtils.java:logGet(46)) - raft.server.sleep.deviation.threshold = 300ms (default)
2024-05-12 17:41:36,279 [2ef8d649-4864-4b9a-81a6-122cf2174905-groupManagement] INFO  server.RaftServer$Division (ServerState.java:<init>(113)) - 2ef8d649-4864-4b9a-81a6-122cf2174905@group-EE852451A390: ConfigurationManager, init=-1: peers:[d999a49d-42de-484c-a75f-ffa132e9c3a5|127.0.0.1:15344, 2ef8d649-4864-4b9a-81a6-122cf2174905|127.0.0.1:15353, 3523888c-df3a-4c75-876a-f320dc6c9584|127.0.0.1:15335]|listeners:[], old=null, confs=<EMPTY_MAP>
2024-05-12 17:41:36,279 [2ef8d649-4864-4b9a-81a6-122cf2174905-groupManagement] INFO  server.RaftServerConfigKeys (ConfUtils.java:logGet(46)) - raft.server.notification.no-leader.timeout = 300000ms (custom)
2024-05-12 17:41:36,279 [2ef8d649-4864-4b9a-81a6-122cf2174905-groupManagement] INFO  server.RaftServerConfigKeys (ConfUtils.java:logGet(46)) - raft.server.read.timeout = 10s (default)
2024-05-12 17:41:36,279 [2ef8d649-4864-4b9a-81a6-122cf2174905-groupManagement] INFO  server.RaftServerConfigKeys (ConfUtils.java:logGet(46)) - raft.server.retrycache.expirytime = 600000ms (custom)
2024-05-12 17:41:36,279 [2ef8d649-4864-4b9a-81a6-122cf2174905-groupManagement] INFO  server.RaftServerConfigKeys (ConfUtils.java:logGet(46)) - raft.server.retrycache.statistics.expirytime = 100ms (default)
2024-05-12 17:41:36,279 [2ef8d649-4864-4b9a-81a6-122cf2174905-groupManagement] INFO  server.RaftServerConfigKeys (ConfUtils.java:logGet(46)) - raft.server.read.option = DEFAULT (default)
2024-05-12 17:41:36,279 [2ef8d649-4864-4b9a-81a6-122cf2174905-groupManagement] INFO  server.RaftServerConfigKeys (ConfUtils.java:logGet(46)) - raft.server.read.read-after-write-consistent.write-index-cache.expiry-time = 60s (default)
2024-05-12 17:41:36,281 [2ef8d649-4864-4b9a-81a6-122cf2174905-groupManagement] INFO  server.RaftServerConfigKeys (ConfUtils.java:logGet(46)) - raft.server.rpc.request.timeout = 3000ms (default)
2024-05-12 17:41:36,281 [2ef8d649-4864-4b9a-81a6-122cf2174905-groupManagement] INFO  server.RaftServerConfigKeys (ConfUtils.java:logGet(46)) - raft.server.log.appender.install.snapshot.enabled = false (custom)
2024-05-12 17:41:36,281 [2ef8d649-4864-4b9a-81a6-122cf2174905-groupManagement] INFO  server.RaftServerConfigKeys (ConfUtils.java:logGet(46)) - raft.server.threadpool.server.cached = true (default)
2024-05-12 17:41:36,281 [2ef8d649-4864-4b9a-81a6-122cf2174905-groupManagement] INFO  server.RaftServerConfigKeys (ConfUtils.java:logGet(46)) - raft.server.threadpool.server.size = 0 (default)
2024-05-12 17:41:36,281 [2ef8d649-4864-4b9a-81a6-122cf2174905-groupManagement] INFO  server.RaftServerConfigKeys (ConfUtils.java:logGet(46)) - raft.server.threadpool.client.cached = true (default)
2024-05-12 17:41:36,281 [2ef8d649-4864-4b9a-81a6-122cf2174905-groupManagement] INFO  server.RaftServerConfigKeys (ConfUtils.java:logGet(46)) - raft.server.threadpool.client.size = 0 (default)
2024-05-12 17:41:36,281 [2ef8d649-4864-4b9a-81a6-122cf2174905-groupManagement] INFO  server.RaftServer$Division (RaftServerImpl.java:<init>(256)) - 2ef8d649-4864-4b9a-81a6-122cf2174905: new RaftServerImpl for group-3A7C072B2D7F:[2ef8d649-4864-4b9a-81a6-122cf2174905|127.0.0.1:15353] with ContainerStateMachine:uninitialized
2024-05-12 17:41:36,281 [2ef8d649-4864-4b9a-81a6-122cf2174905-groupManagement] INFO  server.RaftServerConfigKeys (ConfUtils.java:logGet(46)) - raft.server.rpc.timeout.min = 1s (custom)
2024-05-12 17:41:36,281 [2ef8d649-4864-4b9a-81a6-122cf2174905-groupManagement] INFO  server.RaftServerConfigKeys (ConfUtils.java:logGet(46)) - raft.server.rpc.timeout.max = 1200ms (custom)
2024-05-12 17:41:36,281 [2ef8d649-4864-4b9a-81a6-122cf2174905-groupManagement] INFO  server.RaftServerConfigKeys (ConfUtils.java:logGet(46)) - raft.server.rpc.sleep.time = 25ms (default)
2024-05-12 17:41:36,281 [2ef8d649-4864-4b9a-81a6-122cf2174905-groupManagement] INFO  server.RaftServerConfigKeys (ConfUtils.java:logGet(46)) - raft.server.rpc.slowness.timeout = 300000ms (custom)
2024-05-12 17:41:36,281 [2ef8d649-4864-4b9a-81a6-122cf2174905-groupManagement] INFO  server.RaftServerConfigKeys (ConfUtils.java:logGet(46)) - raft.server.leaderelection.leader.step-down.wait-time = 10s (default)
2024-05-12 17:41:36,281 [2ef8d649-4864-4b9a-81a6-122cf2174905-groupManagement] INFO  server.RaftServerConfigKeys (ConfUtils.java:logGet(46)) - raft.server.leaderelection.member.majority-add = false (default)
2024-05-12 17:41:36,281 [2ef8d649-4864-4b9a-81a6-122cf2174905-groupManagement] INFO  server.RaftServerConfigKeys (ConfUtils.java:logGet(46)) - raft.server.sleep.deviation.threshold = 300ms (default)
2024-05-12 17:41:36,281 [2ef8d649-4864-4b9a-81a6-122cf2174905-groupManagement] INFO  server.RaftServer$Division (ServerState.java:<init>(113)) - 2ef8d649-4864-4b9a-81a6-122cf2174905@group-3A7C072B2D7F: ConfigurationManager, init=-1: peers:[2ef8d649-4864-4b9a-81a6-122cf2174905|127.0.0.1:15353]|listeners:[], old=null, confs=<EMPTY_MAP>
2024-05-12 17:41:36,282 [2ef8d649-4864-4b9a-81a6-122cf2174905-groupManagement] INFO  server.RaftServerConfigKeys (ConfUtils.java:logGet(46)) - raft.server.notification.no-leader.timeout = 300000ms (custom)
2024-05-12 17:41:36,282 [2ef8d649-4864-4b9a-81a6-122cf2174905-groupManagement] INFO  server.RaftServerConfigKeys (ConfUtils.java:logGet(46)) - raft.server.read.timeout = 10s (default)
2024-05-12 17:41:36,282 [2ef8d649-4864-4b9a-81a6-122cf2174905-groupManagement] INFO  server.RaftServerConfigKeys (ConfUtils.java:logGet(46)) - raft.server.retrycache.expirytime = 600000ms (custom)
2024-05-12 17:41:36,282 [2ef8d649-4864-4b9a-81a6-122cf2174905-groupManagement] INFO  server.RaftServerConfigKeys (ConfUtils.java:logGet(46)) - raft.server.retrycache.statistics.expirytime = 100ms (default)
2024-05-12 17:41:36,282 [2ef8d649-4864-4b9a-81a6-122cf2174905-groupManagement] INFO  server.RaftServerConfigKeys (ConfUtils.java:logGet(46)) - raft.server.read.option = DEFAULT (default)
2024-05-12 17:41:36,282 [2ef8d649-4864-4b9a-81a6-122cf2174905-groupManagement] INFO  server.RaftServerConfigKeys (ConfUtils.java:logGet(46)) - raft.server.read.read-after-write-consistent.write-index-cache.expiry-time = 60s (default)
2024-05-12 17:41:36,282 [3523888c-df3a-4c75-876a-f320dc6c9584-groupManagement] INFO  segmented.SegmentedRaftLogWorker (SegmentedRaftLogWorker.java:lambda$new$0(134)) - 3523888c-df3a-4c75-876a-f320dc6c9584@group-EE852451A390-SegmentedRaftLogWorker: flushIndex: setUnconditionally 0 -> -1
2024-05-12 17:41:36,282 [3523888c-df3a-4c75-876a-f320dc6c9584-groupManagement] INFO  segmented.SegmentedRaftLogWorker (SegmentedRaftLogWorker.java:lambda$new$0(134)) - 3523888c-df3a-4c75-876a-f320dc6c9584@group-EE852451A390-SegmentedRaftLogWorker: safeCacheEvictIndex: setUnconditionally 0 -> -1
2024-05-12 17:41:36,283 [2ef8d649-4864-4b9a-81a6-122cf2174905-groupManagement] INFO  server.RaftServerConfigKeys (ConfUtils.java:logGet(46)) - raft.server.rpc.request.timeout = 3000ms (default)
2024-05-12 17:41:36,283 [2ef8d649-4864-4b9a-81a6-122cf2174905-groupManagement] INFO  server.RaftServerConfigKeys (ConfUtils.java:logGet(46)) - raft.server.log.appender.install.snapshot.enabled = false (custom)
2024-05-12 17:41:36,283 [2ef8d649-4864-4b9a-81a6-122cf2174905-groupManagement] INFO  server.RaftServerConfigKeys (ConfUtils.java:logGet(46)) - raft.server.threadpool.server.cached = true (default)
2024-05-12 17:41:36,283 [2ef8d649-4864-4b9a-81a6-122cf2174905-groupManagement] INFO  server.RaftServerConfigKeys (ConfUtils.java:logGet(46)) - raft.server.threadpool.server.size = 0 (default)
2024-05-12 17:41:36,283 [2ef8d649-4864-4b9a-81a6-122cf2174905-groupManagement] INFO  server.RaftServerConfigKeys (ConfUtils.java:logGet(46)) - raft.server.threadpool.client.cached = true (default)
2024-05-12 17:41:36,283 [2ef8d649-4864-4b9a-81a6-122cf2174905-groupManagement] INFO  server.RaftServerConfigKeys (ConfUtils.java:logGet(46)) - raft.server.threadpool.client.size = 0 (default)
2024-05-12 17:41:36,283 [2ef8d649-4864-4b9a-81a6-122cf2174905-groupManagement] INFO  server.RaftServerConfigKeys (ConfUtils.java:logGet(46)) - raft.server.storage.free-space.min = 0MB (=0) (default)
2024-05-12 17:41:36,283 [2ef8d649-4864-4b9a-81a6-122cf2174905-groupManagement] INFO  server.RaftServerConfigKeys (ConfUtils.java:logGet(46)) - raft.server.log.corruption.policy = EXCEPTION (default)
2024-05-12 17:41:36,284 [2ef8d649-4864-4b9a-81a6-122cf2174905-groupManagement] INFO  server.RaftServerConfigKeys (ConfUtils.java:logGet(46)) - raft.server.storage.dir = [/home/runner/work/ozone/ozone/hadoop-ozone/integration-test/target/test-dir/MiniOzoneClusterImpl-71ef5771-1bca-432b-8888-38dc3c8d5d63/ozone-meta/datanode-6/ratis] (custom)
2024-05-12 17:41:36,284 [2ef8d649-4864-4b9a-81a6-122cf2174905-groupManagement] INFO  storage.RaftStorageDirectory (RaftStorageDirectoryImpl.java:analyzeStorage(138)) - The storage directory /home/runner/work/ozone/ozone/hadoop-ozone/integration-test/target/test-dir/MiniOzoneClusterImpl-71ef5771-1bca-432b-8888-38dc3c8d5d63/ozone-meta/datanode-6/ratis/be042fe2-0951-454f-affe-ee852451a390 does not exist. Creating ...
2024-05-12 17:41:36,284 [3523888c-df3a-4c75-876a-f320dc6c9584-groupManagement] INFO  server.RaftServer$Division (RaftServerImpl.java:start(396)) - 3523888c-df3a-4c75-876a-f320dc6c9584@group-EE852451A390: start as a follower, conf=-1: peers:[d999a49d-42de-484c-a75f-ffa132e9c3a5|127.0.0.1:15344, 2ef8d649-4864-4b9a-81a6-122cf2174905|127.0.0.1:15353, 3523888c-df3a-4c75-876a-f320dc6c9584|127.0.0.1:15335]|listeners:[], old=null
2024-05-12 17:41:36,284 [3523888c-df3a-4c75-876a-f320dc6c9584-groupManagement] INFO  server.RaftServer$Division (RaftServerImpl.java:setRole(383)) - 3523888c-df3a-4c75-876a-f320dc6c9584@group-EE852451A390: changes role from      null to FOLLOWER at term 0 for startAsFollower
2024-05-12 17:41:36,284 [3523888c-df3a-4c75-876a-f320dc6c9584-groupManagement] INFO  impl.RoleInfo (RoleInfo.java:updateAndGet(139)) - 3523888c-df3a-4c75-876a-f320dc6c9584: start 3523888c-df3a-4c75-876a-f320dc6c9584@group-EE852451A390-FollowerState
2024-05-12 17:41:36,284 [3523888c-df3a-4c75-876a-f320dc6c9584-groupManagement] INFO  util.JmxRegister (JmxRegister.java:tryRegister(44)) - Successfully registered JMX Bean with object name Ratis:service=RaftServer,group=group-EE852451A390,id=3523888c-df3a-4c75-876a-f320dc6c9584
2024-05-12 17:41:36,284 [3523888c-df3a-4c75-876a-f320dc6c9584@group-EE852451A390-FollowerState] INFO  server.RaftServerConfigKeys (ConfUtils.java:logFallback(53)) - raft.server.rpc.first-election.timeout.min = 1s (fallback to raft.server.rpc.timeout.min)
2024-05-12 17:41:36,285 [3523888c-df3a-4c75-876a-f320dc6c9584-groupManagement] INFO  server.RaftServerConfigKeys (ConfUtils.java:logGet(46)) - raft.server.snapshot.trigger-when-stop.enabled = true (default)
2024-05-12 17:41:36,285 [3523888c-df3a-4c75-876a-f320dc6c9584@group-EE852451A390-FollowerState] INFO  server.RaftServerConfigKeys (ConfUtils.java:logFallback(53)) - raft.server.rpc.first-election.timeout.max = 1200ms (fallback to raft.server.rpc.timeout.max)
2024-05-12 17:41:36,285 [3523888c-df3a-4c75-876a-f320dc6c9584-groupManagement] INFO  server.RaftServerConfigKeys (ConfUtils.java:logGet(46)) - raft.server.snapshot.auto.trigger.enabled = true (custom)
2024-05-12 17:41:36,285 [3523888c-df3a-4c75-876a-f320dc6c9584-groupManagement] INFO  server.RaftServerConfigKeys (ConfUtils.java:logGet(46)) - raft.server.snapshot.auto.trigger.threshold = 10000 (custom)
2024-05-12 17:41:36,285 [3523888c-df3a-4c75-876a-f320dc6c9584-groupManagement] INFO  server.RaftServerConfigKeys (ConfUtils.java:logGet(46)) - raft.server.snapshot.retention.file.num = 5 (custom)
2024-05-12 17:41:36,285 [3523888c-df3a-4c75-876a-f320dc6c9584-groupManagement] INFO  server.RaftServerConfigKeys (ConfUtils.java:logGet(46)) - raft.server.log.purge.upto.snapshot.index = false (default)
2024-05-12 17:41:36,285 [3523888c-df3a-4c75-876a-f320dc6c9584-PipelineCommandHandlerThread-0] INFO  ratis.XceiverServerRatis (XceiverServerRatis.java:addGroup(864)) - Created group PipelineID=be042fe2-0951-454f-affe-ee852451a390
2024-05-12 17:41:36,286 [2ef8d649-4864-4b9a-81a6-122cf2174905-groupManagement] INFO  storage.RaftStorageDirectory (RaftStorageDirectoryImpl.java:tryLock(228)) - Lock on /home/runner/work/ozone/ozone/hadoop-ozone/integration-test/target/test-dir/MiniOzoneClusterImpl-71ef5771-1bca-432b-8888-38dc3c8d5d63/ozone-meta/datanode-6/ratis/be042fe2-0951-454f-affe-ee852451a390/in_use.lock acquired by nodename 12547@fv-az576-466
2024-05-12 17:41:36,288 [2ef8d649-4864-4b9a-81a6-122cf2174905-groupManagement] INFO  storage.RaftStorage (RaftStorageImpl.java:format(99)) - Storage directory /home/runner/work/ozone/ozone/hadoop-ozone/integration-test/target/test-dir/MiniOzoneClusterImpl-71ef5771-1bca-432b-8888-38dc3c8d5d63/ozone-meta/datanode-6/ratis/be042fe2-0951-454f-affe-ee852451a390 has been successfully formatted.
2024-05-12 17:41:36,288 [2ef8d649-4864-4b9a-81a6-122cf2174905-groupManagement] WARN  util.FileUtils (LogUtils.java:supplyAndLog(63)) - Failed to Files.newInputStream /home/runner/work/ozone/ozone/hadoop-ozone/integration-test/target/test-dir/MiniOzoneClusterImpl-71ef5771-1bca-432b-8888-38dc3c8d5d63/ozone-meta/datanode-6/ratis/be042fe2-0951-454f-affe-ee852451a390/current/raft-meta.conf with options []: java.nio.file.NoSuchFileException: /home/runner/work/ozone/ozone/hadoop-ozone/integration-test/target/test-dir/MiniOzoneClusterImpl-71ef5771-1bca-432b-8888-38dc3c8d5d63/ozone-meta/datanode-6/ratis/be042fe2-0951-454f-affe-ee852451a390/current/raft-meta.conf
2024-05-12 17:41:36,288 [2ef8d649-4864-4b9a-81a6-122cf2174905-groupManagement] INFO  ratis.ContainerStateMachine (ContainerStateMachine.java:loadSnapshot(287)) - group-EE852451A390: The snapshot info is null. Setting the last applied index to:(t:0, i:~)
2024-05-12 17:41:36,288 [2ef8d649-4864-4b9a-81a6-122cf2174905-groupManagement] INFO  server.RaftServerConfigKeys (ConfUtils.java:logGet(46)) - raft.server.log.use.memory = false (default)
2024-05-12 17:41:36,288 [2ef8d649-4864-4b9a-81a6-122cf2174905-groupManagement] INFO  server.RaftServerConfigKeys (ConfUtils.java:logGet(46)) - raft.server.log.purge.gap = 1000000 (custom)
2024-05-12 17:41:36,288 [2ef8d649-4864-4b9a-81a6-122cf2174905-groupManagement] INFO  server.RaftServerConfigKeys (ConfUtils.java:logGet(46)) - raft.server.log.appender.buffer.byte-limit = 8388608 (custom)
2024-05-12 17:41:36,288 [2ef8d649-4864-4b9a-81a6-122cf2174905-groupManagement] INFO  server.RaftServerConfigKeys (ConfUtils.java:logGet(46)) - raft.server.log.statemachine.data.read.timeout = 1000ms (default)
2024-05-12 17:41:36,288 [2ef8d649-4864-4b9a-81a6-122cf2174905-groupManagement] INFO  server.RaftServerConfigKeys (ConfUtils.java:logGet(46)) - raft.server.log.purge.preservation.log.num = 0 (default)
2024-05-12 17:41:36,289 [EventQueue-PipelineReportForPipelineReportHandler] INFO  pipeline.PipelineReportHandler (PipelineReportHandler.java:processPipelineReport(136)) - Opened pipeline PipelineID=e7c6f6b6-8a82-428b-8774-3a7c072b2d7f
2024-05-12 17:41:36,289 [EventQueue-OpenPipelineForHealthyPipelineSafeModeRule] INFO  safemode.SCMSafeModeManager (HealthyPipelineSafeModeRule.java:process(140)) - SCM in safe mode. Healthy pipelines reported count is 0, required healthy pipeline reported count is 1
2024-05-12 17:41:36,290 [2ef8d649-4864-4b9a-81a6-122cf2174905-groupManagement] INFO  server.RaftServerConfigKeys (ConfUtils.java:logGet(46)) - raft.server.log.segment.size.max = 67108864 (custom)
2024-05-12 17:41:36,291 [2ef8d649-4864-4b9a-81a6-122cf2174905-groupManagement] INFO  server.RaftServerConfigKeys (ConfUtils.java:logGet(46)) - raft.server.log.segment.cache.num.max = 2 (custom)
2024-05-12 17:41:36,291 [2ef8d649-4864-4b9a-81a6-122cf2174905-groupManagement] INFO  server.RaftServerConfigKeys (ConfUtils.java:logGet(46)) - raft.server.log.segment.cache.size.max = 200MB (=209715200) (default)
2024-05-12 17:41:36,291 [2ef8d649-4864-4b9a-81a6-122cf2174905-groupManagement] INFO  server.RaftServerConfigKeys (ConfUtils.java:logGet(46)) - raft.server.log.appender.buffer.byte-limit = 8388608 (custom)
2024-05-12 17:41:36,294 [2ef8d649-4864-4b9a-81a6-122cf2174905-groupManagement] INFO  util.AwaitToRun (AwaitToRun.java:start(81)) - Thread[2ef8d649-4864-4b9a-81a6-122cf2174905@group-EE852451A390-cacheEviction-AwaitToRun,5,main] started
2024-05-12 17:41:36,294 [2ef8d649-4864-4b9a-81a6-122cf2174905-groupManagement] INFO  segmented.SegmentedRaftLogWorker (SegmentedRaftLogWorker.java:<init>(182)) - new 2ef8d649-4864-4b9a-81a6-122cf2174905@group-EE852451A390-SegmentedRaftLogWorker for RaftStorageImpl:Storage Directory /home/runner/work/ozone/ozone/hadoop-ozone/integration-test/target/test-dir/MiniOzoneClusterImpl-71ef5771-1bca-432b-8888-38dc3c8d5d63/ozone-meta/datanode-6/ratis/be042fe2-0951-454f-affe-ee852451a390
2024-05-12 17:41:36,294 [2ef8d649-4864-4b9a-81a6-122cf2174905-groupManagement] INFO  server.RaftServerConfigKeys (ConfUtils.java:logGet(46)) - raft.server.log.queue.byte-limit = 4294967296 (custom)
2024-05-12 17:41:36,294 [2ef8d649-4864-4b9a-81a6-122cf2174905-groupManagement] INFO  server.RaftServerConfigKeys (ConfUtils.java:logGet(46)) - raft.server.log.queue.element-limit = 1024 (custom)
2024-05-12 17:41:36,294 [2ef8d649-4864-4b9a-81a6-122cf2174905-groupManagement] INFO  server.RaftServerConfigKeys (ConfUtils.java:logGet(46)) - raft.server.log.segment.size.max = 67108864 (custom)
2024-05-12 17:41:36,294 [2ef8d649-4864-4b9a-81a6-122cf2174905-groupManagement] INFO  server.RaftServerConfigKeys (ConfUtils.java:logGet(46)) - raft.server.log.preallocated.size = 4194304 (custom)
2024-05-12 17:41:36,295 [2ef8d649-4864-4b9a-81a6-122cf2174905-groupManagement] INFO  server.RaftServerConfigKeys (ConfUtils.java:logGet(46)) - raft.server.log.force.sync.num = 128 (default)
2024-05-12 17:41:36,295 [2ef8d649-4864-4b9a-81a6-122cf2174905-groupManagement] INFO  server.RaftServerConfigKeys (ConfUtils.java:logGet(46)) - raft.server.log.statemachine.data.sync = true (default)
2024-05-12 17:41:36,295 [2ef8d649-4864-4b9a-81a6-122cf2174905-groupManagement] INFO  server.RaftServerConfigKeys (ConfUtils.java:logGet(46)) - raft.server.log.statemachine.data.sync.timeout = 10s (default)
2024-05-12 17:41:36,295 [2ef8d649-4864-4b9a-81a6-122cf2174905-groupManagement] INFO  server.RaftServerConfigKeys (ConfUtils.java:logGet(46)) - raft.server.log.statemachine.data.sync.timeout.retry = 30 (custom)
2024-05-12 17:41:36,295 [2ef8d649-4864-4b9a-81a6-122cf2174905-groupManagement] INFO  server.RaftServerConfigKeys (ConfUtils.java:logGet(46)) - raft.server.log.write.buffer.size = 8388616 (custom)
2024-05-12 17:41:36,296 [2ef8d649-4864-4b9a-81a6-122cf2174905-groupManagement] INFO  server.RaftServerConfigKeys (ConfUtils.java:logGet(46)) - raft.server.log.appender.buffer.byte-limit = 8388608 (custom)
2024-05-12 17:41:36,296 [2ef8d649-4864-4b9a-81a6-122cf2174905-groupManagement] INFO  server.RaftServerConfigKeys (ConfUtils.java:logGet(46)) - raft.server.log.unsafe-flush.enabled = false (default)
2024-05-12 17:41:36,296 [2ef8d649-4864-4b9a-81a6-122cf2174905-groupManagement] INFO  server.RaftServerConfigKeys (ConfUtils.java:logGet(46)) - raft.server.log.async-flush.enabled = false (default)
2024-05-12 17:41:36,296 [2ef8d649-4864-4b9a-81a6-122cf2174905-groupManagement] INFO  server.RaftServerConfigKeys (ConfUtils.java:logGet(46)) - raft.server.log.statemachine.data.caching.enabled = true (custom)
2024-05-12 17:41:36,296 [2ef8d649-4864-4b9a-81a6-122cf2174905-groupManagement] INFO  segmented.SegmentedRaftLogWorker (SegmentedRaftLogWorker.java:lambda$new$0(134)) - 2ef8d649-4864-4b9a-81a6-122cf2174905@group-EE852451A390-SegmentedRaftLogWorker: flushIndex: setUnconditionally 0 -> -1
2024-05-12 17:41:36,296 [2ef8d649-4864-4b9a-81a6-122cf2174905-groupManagement] INFO  segmented.SegmentedRaftLogWorker (SegmentedRaftLogWorker.java:lambda$new$0(134)) - 2ef8d649-4864-4b9a-81a6-122cf2174905@group-EE852451A390-SegmentedRaftLogWorker: safeCacheEvictIndex: setUnconditionally 0 -> -1
2024-05-12 17:41:36,298 [2ef8d649-4864-4b9a-81a6-122cf2174905-groupManagement] INFO  server.RaftServer$Division (RaftServerImpl.java:start(396)) - 2ef8d649-4864-4b9a-81a6-122cf2174905@group-EE852451A390: start as a follower, conf=-1: peers:[d999a49d-42de-484c-a75f-ffa132e9c3a5|127.0.0.1:15344, 2ef8d649-4864-4b9a-81a6-122cf2174905|127.0.0.1:15353, 3523888c-df3a-4c75-876a-f320dc6c9584|127.0.0.1:15335]|listeners:[], old=null
2024-05-12 17:41:36,298 [2ef8d649-4864-4b9a-81a6-122cf2174905-groupManagement] INFO  server.RaftServer$Division (RaftServerImpl.java:setRole(383)) - 2ef8d649-4864-4b9a-81a6-122cf2174905@group-EE852451A390: changes role from      null to FOLLOWER at term 0 for startAsFollower
2024-05-12 17:41:36,298 [2ef8d649-4864-4b9a-81a6-122cf2174905-groupManagement] INFO  impl.RoleInfo (RoleInfo.java:updateAndGet(139)) - 2ef8d649-4864-4b9a-81a6-122cf2174905: start 2ef8d649-4864-4b9a-81a6-122cf2174905@group-EE852451A390-FollowerState
2024-05-12 17:41:36,303 [2ef8d649-4864-4b9a-81a6-122cf2174905-groupManagement] INFO  util.JmxRegister (JmxRegister.java:tryRegister(44)) - Successfully registered JMX Bean with object name Ratis:service=RaftServer,group=group-EE852451A390,id=2ef8d649-4864-4b9a-81a6-122cf2174905
2024-05-12 17:41:36,303 [2ef8d649-4864-4b9a-81a6-122cf2174905-groupManagement] INFO  server.RaftServerConfigKeys (ConfUtils.java:logGet(46)) - raft.server.snapshot.trigger-when-stop.enabled = true (default)
2024-05-12 17:41:36,303 [2ef8d649-4864-4b9a-81a6-122cf2174905-groupManagement] INFO  server.RaftServerConfigKeys (ConfUtils.java:logGet(46)) - raft.server.snapshot.auto.trigger.enabled = true (custom)
2024-05-12 17:41:36,303 [2ef8d649-4864-4b9a-81a6-122cf2174905-groupManagement] INFO  server.RaftServerConfigKeys (ConfUtils.java:logGet(46)) - raft.server.snapshot.auto.trigger.threshold = 10000 (custom)
2024-05-12 17:41:36,303 [2ef8d649-4864-4b9a-81a6-122cf2174905-groupManagement] INFO  server.RaftServerConfigKeys (ConfUtils.java:logGet(46)) - raft.server.snapshot.retention.file.num = 5 (custom)
2024-05-12 17:41:36,303 [2ef8d649-4864-4b9a-81a6-122cf2174905-groupManagement] INFO  server.RaftServerConfigKeys (ConfUtils.java:logGet(46)) - raft.server.log.purge.upto.snapshot.index = false (default)
2024-05-12 17:41:36,303 [2ef8d649-4864-4b9a-81a6-122cf2174905@group-EE852451A390-FollowerState] INFO  server.RaftServerConfigKeys (ConfUtils.java:logFallback(53)) - raft.server.rpc.first-election.timeout.min = 1s (fallback to raft.server.rpc.timeout.min)
2024-05-12 17:41:36,303 [2ef8d649-4864-4b9a-81a6-122cf2174905@group-EE852451A390-FollowerState] INFO  server.RaftServerConfigKeys (ConfUtils.java:logFallback(53)) - raft.server.rpc.first-election.timeout.max = 1200ms (fallback to raft.server.rpc.timeout.max)
2024-05-12 17:41:36,304 [2ef8d649-4864-4b9a-81a6-122cf2174905-groupManagement] INFO  server.RaftServerConfigKeys (ConfUtils.java:logGet(46)) - raft.server.storage.free-space.min = 0MB (=0) (default)
2024-05-12 17:41:36,304 [2ef8d649-4864-4b9a-81a6-122cf2174905-groupManagement] INFO  server.RaftServerConfigKeys (ConfUtils.java:logGet(46)) - raft.server.log.corruption.policy = EXCEPTION (default)
2024-05-12 17:41:36,304 [2ef8d649-4864-4b9a-81a6-122cf2174905-groupManagement] INFO  server.RaftServerConfigKeys (ConfUtils.java:logGet(46)) - raft.server.storage.dir = [/home/runner/work/ozone/ozone/hadoop-ozone/integration-test/target/test-dir/MiniOzoneClusterImpl-71ef5771-1bca-432b-8888-38dc3c8d5d63/ozone-meta/datanode-6/ratis] (custom)
2024-05-12 17:41:36,304 [2ef8d649-4864-4b9a-81a6-122cf2174905-groupManagement] INFO  storage.RaftStorageDirectory (RaftStorageDirectoryImpl.java:analyzeStorage(138)) - The storage directory /home/runner/work/ozone/ozone/hadoop-ozone/integration-test/target/test-dir/MiniOzoneClusterImpl-71ef5771-1bca-432b-8888-38dc3c8d5d63/ozone-meta/datanode-6/ratis/e7c6f6b6-8a82-428b-8774-3a7c072b2d7f does not exist. Creating ...
2024-05-12 17:41:36,306 [d999a49d-42de-484c-a75f-ffa132e9c3a5-PipelineCommandHandlerThread-0] INFO  commandhandler.CreatePipelineCommandHandler (CreatePipelineCommandHandler.java:lambda$handle$2(124)) - Created Pipeline RATIS THREE PipelineID=be042fe2-0951-454f-affe-ee852451a390.
2024-05-12 17:41:36,306 [2ef8d649-4864-4b9a-81a6-122cf2174905-groupManagement] INFO  storage.RaftStorageDirectory (RaftStorageDirectoryImpl.java:tryLock(228)) - Lock on /home/runner/work/ozone/ozone/hadoop-ozone/integration-test/target/test-dir/MiniOzoneClusterImpl-71ef5771-1bca-432b-8888-38dc3c8d5d63/ozone-meta/datanode-6/ratis/e7c6f6b6-8a82-428b-8774-3a7c072b2d7f/in_use.lock acquired by nodename 12547@fv-az576-466
2024-05-12 17:41:36,309 [2ef8d649-4864-4b9a-81a6-122cf2174905-groupManagement] INFO  storage.RaftStorage (RaftStorageImpl.java:format(99)) - Storage directory /home/runner/work/ozone/ozone/hadoop-ozone/integration-test/target/test-dir/MiniOzoneClusterImpl-71ef5771-1bca-432b-8888-38dc3c8d5d63/ozone-meta/datanode-6/ratis/e7c6f6b6-8a82-428b-8774-3a7c072b2d7f has been successfully formatted.
2024-05-12 17:41:36,309 [2ef8d649-4864-4b9a-81a6-122cf2174905-groupManagement] WARN  util.FileUtils (LogUtils.java:supplyAndLog(63)) - Failed to Files.newInputStream /home/runner/work/ozone/ozone/hadoop-ozone/integration-test/target/test-dir/MiniOzoneClusterImpl-71ef5771-1bca-432b-8888-38dc3c8d5d63/ozone-meta/datanode-6/ratis/e7c6f6b6-8a82-428b-8774-3a7c072b2d7f/current/raft-meta.conf with options []: java.nio.file.NoSuchFileException: /home/runner/work/ozone/ozone/hadoop-ozone/integration-test/target/test-dir/MiniOzoneClusterImpl-71ef5771-1bca-432b-8888-38dc3c8d5d63/ozone-meta/datanode-6/ratis/e7c6f6b6-8a82-428b-8774-3a7c072b2d7f/current/raft-meta.conf
2024-05-12 17:41:36,309 [2ef8d649-4864-4b9a-81a6-122cf2174905-groupManagement] INFO  ratis.ContainerStateMachine (ContainerStateMachine.java:loadSnapshot(287)) - group-3A7C072B2D7F: The snapshot info is null. Setting the last applied index to:(t:0, i:~)
2024-05-12 17:41:36,309 [2ef8d649-4864-4b9a-81a6-122cf2174905-groupManagement] INFO  server.RaftServerConfigKeys (ConfUtils.java:logGet(46)) - raft.server.log.use.memory = false (default)
2024-05-12 17:41:36,309 [2ef8d649-4864-4b9a-81a6-122cf2174905-groupManagement] INFO  server.RaftServerConfigKeys (ConfUtils.java:logGet(46)) - raft.server.log.purge.gap = 1000000 (custom)
2024-05-12 17:41:36,309 [2ef8d649-4864-4b9a-81a6-122cf2174905-groupManagement] INFO  server.RaftServerConfigKeys (ConfUtils.java:logGet(46)) - raft.server.log.appender.buffer.byte-limit = 8388608 (custom)
2024-05-12 17:41:36,309 [2ef8d649-4864-4b9a-81a6-122cf2174905-groupManagement] INFO  server.RaftServerConfigKeys (ConfUtils.java:logGet(46)) - raft.server.log.statemachine.data.read.timeout = 1000ms (default)
2024-05-12 17:41:36,309 [2ef8d649-4864-4b9a-81a6-122cf2174905-groupManagement] INFO  server.RaftServerConfigKeys (ConfUtils.java:logGet(46)) - raft.server.log.purge.preservation.log.num = 0 (default)
2024-05-12 17:41:36,310 [EventQueue-OpenPipelineForHealthyPipelineSafeModeRule] INFO  safemode.SCMSafeModeManager (HealthyPipelineSafeModeRule.java:process(140)) - SCM in safe mode. Healthy pipelines reported count is 0, required healthy pipeline reported count is 1
2024-05-12 17:41:36,311 [3523888c-df3a-4c75-876a-f320dc6c9584-PipelineCommandHandlerThread-0] INFO  commandhandler.CreatePipelineCommandHandler (CreatePipelineCommandHandler.java:lambda$handle$2(124)) - Created Pipeline RATIS THREE PipelineID=be042fe2-0951-454f-affe-ee852451a390.
2024-05-12 17:41:36,311 [2ef8d649-4864-4b9a-81a6-122cf2174905-groupManagement] INFO  server.RaftServerConfigKeys (ConfUtils.java:logGet(46)) - raft.server.log.segment.size.max = 67108864 (custom)
2024-05-12 17:41:36,311 [2ef8d649-4864-4b9a-81a6-122cf2174905-groupManagement] INFO  server.RaftServerConfigKeys (ConfUtils.java:logGet(46)) - raft.server.log.segment.cache.num.max = 2 (custom)
2024-05-12 17:41:36,311 [2ef8d649-4864-4b9a-81a6-122cf2174905-groupManagement] INFO  server.RaftServerConfigKeys (ConfUtils.java:logGet(46)) - raft.server.log.segment.cache.size.max = 200MB (=209715200) (default)
2024-05-12 17:41:36,311 [2ef8d649-4864-4b9a-81a6-122cf2174905-groupManagement] INFO  server.RaftServerConfigKeys (ConfUtils.java:logGet(46)) - raft.server.log.appender.buffer.byte-limit = 8388608 (custom)
2024-05-12 17:41:36,312 [2ef8d649-4864-4b9a-81a6-122cf2174905-groupManagement] INFO  util.AwaitToRun (AwaitToRun.java:start(81)) - Thread[2ef8d649-4864-4b9a-81a6-122cf2174905@group-3A7C072B2D7F-cacheEviction-AwaitToRun,5,main] started
2024-05-12 17:41:36,312 [2ef8d649-4864-4b9a-81a6-122cf2174905-groupManagement] INFO  segmented.SegmentedRaftLogWorker (SegmentedRaftLogWorker.java:<init>(182)) - new 2ef8d649-4864-4b9a-81a6-122cf2174905@group-3A7C072B2D7F-SegmentedRaftLogWorker for RaftStorageImpl:Storage Directory /home/runner/work/ozone/ozone/hadoop-ozone/integration-test/target/test-dir/MiniOzoneClusterImpl-71ef5771-1bca-432b-8888-38dc3c8d5d63/ozone-meta/datanode-6/ratis/e7c6f6b6-8a82-428b-8774-3a7c072b2d7f
2024-05-12 17:41:36,312 [2ef8d649-4864-4b9a-81a6-122cf2174905-groupManagement] INFO  server.RaftServerConfigKeys (ConfUtils.java:logGet(46)) - raft.server.log.queue.byte-limit = 4294967296 (custom)
2024-05-12 17:41:36,312 [2ef8d649-4864-4b9a-81a6-122cf2174905-groupManagement] INFO  server.RaftServerConfigKeys (ConfUtils.java:logGet(46)) - raft.server.log.queue.element-limit = 1024 (custom)
2024-05-12 17:41:36,312 [2ef8d649-4864-4b9a-81a6-122cf2174905-groupManagement] INFO  server.RaftServerConfigKeys (ConfUtils.java:logGet(46)) - raft.server.log.segment.size.max = 67108864 (custom)
2024-05-12 17:41:36,312 [2ef8d649-4864-4b9a-81a6-122cf2174905-groupManagement] INFO  server.RaftServerConfigKeys (ConfUtils.java:logGet(46)) - raft.server.log.preallocated.size = 4194304 (custom)
2024-05-12 17:41:36,312 [2ef8d649-4864-4b9a-81a6-122cf2174905-groupManagement] INFO  server.RaftServerConfigKeys (ConfUtils.java:logGet(46)) - raft.server.log.force.sync.num = 128 (default)
2024-05-12 17:41:36,312 [2ef8d649-4864-4b9a-81a6-122cf2174905-groupManagement] INFO  server.RaftServerConfigKeys (ConfUtils.java:logGet(46)) - raft.server.log.statemachine.data.sync = true (default)
2024-05-12 17:41:36,312 [2ef8d649-4864-4b9a-81a6-122cf2174905-groupManagement] INFO  server.RaftServerConfigKeys (ConfUtils.java:logGet(46)) - raft.server.log.statemachine.data.sync.timeout = 10s (default)
2024-05-12 17:41:36,312 [2ef8d649-4864-4b9a-81a6-122cf2174905-groupManagement] INFO  server.RaftServerConfigKeys (ConfUtils.java:logGet(46)) - raft.server.log.statemachine.data.sync.timeout.retry = 30 (custom)
2024-05-12 17:41:36,312 [2ef8d649-4864-4b9a-81a6-122cf2174905-groupManagement] INFO  server.RaftServerConfigKeys (ConfUtils.java:logGet(46)) - raft.server.log.write.buffer.size = 8388616 (custom)
2024-05-12 17:41:36,313 [2ef8d649-4864-4b9a-81a6-122cf2174905-groupManagement] INFO  server.RaftServerConfigKeys (ConfUtils.java:logGet(46)) - raft.server.log.appender.buffer.byte-limit = 8388608 (custom)
2024-05-12 17:41:36,313 [2ef8d649-4864-4b9a-81a6-122cf2174905-groupManagement] INFO  server.RaftServerConfigKeys (ConfUtils.java:logGet(46)) - raft.server.log.unsafe-flush.enabled = false (default)
2024-05-12 17:41:36,313 [2ef8d649-4864-4b9a-81a6-122cf2174905-groupManagement] INFO  server.RaftServerConfigKeys (ConfUtils.java:logGet(46)) - raft.server.log.async-flush.enabled = false (default)
2024-05-12 17:41:36,313 [2ef8d649-4864-4b9a-81a6-122cf2174905-groupManagement] INFO  server.RaftServerConfigKeys (ConfUtils.java:logGet(46)) - raft.server.log.statemachine.data.caching.enabled = true (custom)
2024-05-12 17:41:36,314 [2ef8d649-4864-4b9a-81a6-122cf2174905-groupManagement] INFO  segmented.SegmentedRaftLogWorker (SegmentedRaftLogWorker.java:lambda$new$0(134)) - 2ef8d649-4864-4b9a-81a6-122cf2174905@group-3A7C072B2D7F-SegmentedRaftLogWorker: flushIndex: setUnconditionally 0 -> -1
2024-05-12 17:41:36,314 [2ef8d649-4864-4b9a-81a6-122cf2174905-groupManagement] INFO  segmented.SegmentedRaftLogWorker (SegmentedRaftLogWorker.java:lambda$new$0(134)) - 2ef8d649-4864-4b9a-81a6-122cf2174905@group-3A7C072B2D7F-SegmentedRaftLogWorker: safeCacheEvictIndex: setUnconditionally 0 -> -1
2024-05-12 17:41:36,314 [2ef8d649-4864-4b9a-81a6-122cf2174905-groupManagement] INFO  server.RaftServer$Division (RaftServerImpl.java:start(396)) - 2ef8d649-4864-4b9a-81a6-122cf2174905@group-3A7C072B2D7F: start as a follower, conf=-1: peers:[2ef8d649-4864-4b9a-81a6-122cf2174905|127.0.0.1:15353]|listeners:[], old=null
2024-05-12 17:41:36,314 [2ef8d649-4864-4b9a-81a6-122cf2174905-groupManagement] INFO  server.RaftServer$Division (RaftServerImpl.java:setRole(383)) - 2ef8d649-4864-4b9a-81a6-122cf2174905@group-3A7C072B2D7F: changes role from      null to FOLLOWER at term 0 for startAsFollower
2024-05-12 17:41:36,314 [2ef8d649-4864-4b9a-81a6-122cf2174905-groupManagement] INFO  impl.RoleInfo (RoleInfo.java:updateAndGet(139)) - 2ef8d649-4864-4b9a-81a6-122cf2174905: start 2ef8d649-4864-4b9a-81a6-122cf2174905@group-3A7C072B2D7F-FollowerState
2024-05-12 17:41:36,314 [2ef8d649-4864-4b9a-81a6-122cf2174905-groupManagement] INFO  util.JmxRegister (JmxRegister.java:tryRegister(44)) - Successfully registered JMX Bean with object name Ratis:service=RaftServer,group=group-3A7C072B2D7F,id=2ef8d649-4864-4b9a-81a6-122cf2174905
2024-05-12 17:41:36,314 [2ef8d649-4864-4b9a-81a6-122cf2174905@group-3A7C072B2D7F-FollowerState] INFO  server.RaftServerConfigKeys (ConfUtils.java:logFallback(53)) - raft.server.rpc.first-election.timeout.min = 1s (fallback to raft.server.rpc.timeout.min)
2024-05-12 17:41:36,314 [2ef8d649-4864-4b9a-81a6-122cf2174905-groupManagement] INFO  server.RaftServerConfigKeys (ConfUtils.java:logGet(46)) - raft.server.snapshot.trigger-when-stop.enabled = true (default)
2024-05-12 17:41:36,314 [2ef8d649-4864-4b9a-81a6-122cf2174905@group-3A7C072B2D7F-FollowerState] INFO  server.RaftServerConfigKeys (ConfUtils.java:logFallback(53)) - raft.server.rpc.first-election.timeout.max = 1200ms (fallback to raft.server.rpc.timeout.max)
2024-05-12 17:41:36,314 [2ef8d649-4864-4b9a-81a6-122cf2174905-groupManagement] INFO  server.RaftServerConfigKeys (ConfUtils.java:logGet(46)) - raft.server.snapshot.auto.trigger.enabled = true (custom)
2024-05-12 17:41:36,314 [2ef8d649-4864-4b9a-81a6-122cf2174905-groupManagement] INFO  server.RaftServerConfigKeys (ConfUtils.java:logGet(46)) - raft.server.snapshot.auto.trigger.threshold = 10000 (custom)
2024-05-12 17:41:36,314 [2ef8d649-4864-4b9a-81a6-122cf2174905-groupManagement] INFO  server.RaftServerConfigKeys (ConfUtils.java:logGet(46)) - raft.server.snapshot.retention.file.num = 5 (custom)
2024-05-12 17:41:36,315 [2ef8d649-4864-4b9a-81a6-122cf2174905-groupManagement] INFO  server.RaftServerConfigKeys (ConfUtils.java:logGet(46)) - raft.server.log.purge.upto.snapshot.index = false (default)
2024-05-12 17:41:36,315 [2ef8d649-4864-4b9a-81a6-122cf2174905-PipelineCommandHandlerThread-0] INFO  ratis.XceiverServerRatis (XceiverServerRatis.java:addGroup(864)) - Created group PipelineID=e7c6f6b6-8a82-428b-8774-3a7c072b2d7f
2024-05-12 17:41:36,315 [2ef8d649-4864-4b9a-81a6-122cf2174905-PipelineCommandHandlerThread-0] INFO  commandhandler.CreatePipelineCommandHandler (CreatePipelineCommandHandler.java:lambda$handle$2(124)) - Created Pipeline RATIS ONE PipelineID=e7c6f6b6-8a82-428b-8774-3a7c072b2d7f.
2024-05-12 17:41:36,324 [93bda13b-2c91-401a-a9f5-fc4ebb9220da-PipelineCommandHandlerThread-0] INFO  server.RaftServer (RaftServerProxy.java:addNew(100)) - 93bda13b-2c91-401a-a9f5-fc4ebb9220da: addNew group-5E4FFBC7F286:[93bda13b-2c91-401a-a9f5-fc4ebb9220da|127.0.0.1:15362] returns group-5E4FFBC7F286:java.util.concurrent.CompletableFuture@c517547[Not completed]
2024-05-12 17:41:36,325 [93bda13b-2c91-401a-a9f5-fc4ebb9220da-groupManagement] INFO  server.RaftServer$Division (RaftServerImpl.java:<init>(256)) - 93bda13b-2c91-401a-a9f5-fc4ebb9220da: new RaftServerImpl for group-5E4FFBC7F286:[93bda13b-2c91-401a-a9f5-fc4ebb9220da|127.0.0.1:15362] with ContainerStateMachine:uninitialized
2024-05-12 17:41:36,325 [93bda13b-2c91-401a-a9f5-fc4ebb9220da-groupManagement] INFO  server.RaftServerConfigKeys (ConfUtils.java:logGet(46)) - raft.server.rpc.timeout.min = 1s (custom)
2024-05-12 17:41:36,325 [93bda13b-2c91-401a-a9f5-fc4ebb9220da-groupManagement] INFO  server.RaftServerConfigKeys (ConfUtils.java:logGet(46)) - raft.server.rpc.timeout.max = 1200ms (custom)
2024-05-12 17:41:36,325 [93bda13b-2c91-401a-a9f5-fc4ebb9220da-groupManagement] INFO  server.RaftServerConfigKeys (ConfUtils.java:logGet(46)) - raft.server.rpc.sleep.time = 25ms (default)
2024-05-12 17:41:36,325 [93bda13b-2c91-401a-a9f5-fc4ebb9220da-groupManagement] INFO  server.RaftServerConfigKeys (ConfUtils.java:logGet(46)) - raft.server.rpc.slowness.timeout = 300000ms (custom)
2024-05-12 17:41:36,325 [93bda13b-2c91-401a-a9f5-fc4ebb9220da-groupManagement] INFO  server.RaftServerConfigKeys (ConfUtils.java:logGet(46)) - raft.server.leaderelection.leader.step-down.wait-time = 10s (default)
2024-05-12 17:41:36,325 [93bda13b-2c91-401a-a9f5-fc4ebb9220da-groupManagement] INFO  server.RaftServerConfigKeys (ConfUtils.java:logGet(46)) - raft.server.leaderelection.member.majority-add = false (default)
2024-05-12 17:41:36,325 [93bda13b-2c91-401a-a9f5-fc4ebb9220da-groupManagement] INFO  server.RaftServerConfigKeys (ConfUtils.java:logGet(46)) - raft.server.sleep.deviation.threshold = 300ms (default)
2024-05-12 17:41:36,325 [93bda13b-2c91-401a-a9f5-fc4ebb9220da-groupManagement] INFO  server.RaftServer$Division (ServerState.java:<init>(113)) - 93bda13b-2c91-401a-a9f5-fc4ebb9220da@group-5E4FFBC7F286: ConfigurationManager, init=-1: peers:[93bda13b-2c91-401a-a9f5-fc4ebb9220da|127.0.0.1:15362]|listeners:[], old=null, confs=<EMPTY_MAP>
2024-05-12 17:41:36,326 [93bda13b-2c91-401a-a9f5-fc4ebb9220da-groupManagement] INFO  server.RaftServerConfigKeys (ConfUtils.java:logGet(46)) - raft.server.notification.no-leader.timeout = 300000ms (custom)
2024-05-12 17:41:36,326 [93bda13b-2c91-401a-a9f5-fc4ebb9220da-groupManagement] INFO  server.RaftServerConfigKeys (ConfUtils.java:logGet(46)) - raft.server.read.timeout = 10s (default)
2024-05-12 17:41:36,326 [93bda13b-2c91-401a-a9f5-fc4ebb9220da-groupManagement] INFO  server.RaftServerConfigKeys (ConfUtils.java:logGet(46)) - raft.server.retrycache.expirytime = 600000ms (custom)
2024-05-12 17:41:36,326 [93bda13b-2c91-401a-a9f5-fc4ebb9220da-groupManagement] INFO  server.RaftServerConfigKeys (ConfUtils.java:logGet(46)) - raft.server.retrycache.statistics.expirytime = 100ms (default)
2024-05-12 17:41:36,326 [93bda13b-2c91-401a-a9f5-fc4ebb9220da-groupManagement] INFO  server.RaftServerConfigKeys (ConfUtils.java:logGet(46)) - raft.server.read.option = DEFAULT (default)
2024-05-12 17:41:36,326 [93bda13b-2c91-401a-a9f5-fc4ebb9220da-groupManagement] INFO  server.RaftServerConfigKeys (ConfUtils.java:logGet(46)) - raft.server.read.read-after-write-consistent.write-index-cache.expiry-time = 60s (default)
2024-05-12 17:41:36,327 [93bda13b-2c91-401a-a9f5-fc4ebb9220da-groupManagement] INFO  server.RaftServerConfigKeys (ConfUtils.java:logGet(46)) - raft.server.rpc.request.timeout = 3000ms (default)
2024-05-12 17:41:36,328 [93bda13b-2c91-401a-a9f5-fc4ebb9220da-groupManagement] INFO  server.RaftServerConfigKeys (ConfUtils.java:logGet(46)) - raft.server.log.appender.install.snapshot.enabled = false (custom)
2024-05-12 17:41:36,328 [93bda13b-2c91-401a-a9f5-fc4ebb9220da-groupManagement] INFO  server.RaftServerConfigKeys (ConfUtils.java:logGet(46)) - raft.server.threadpool.server.cached = true (default)
2024-05-12 17:41:36,328 [93bda13b-2c91-401a-a9f5-fc4ebb9220da-groupManagement] INFO  server.RaftServerConfigKeys (ConfUtils.java:logGet(46)) - raft.server.threadpool.server.size = 0 (default)
2024-05-12 17:41:36,328 [93bda13b-2c91-401a-a9f5-fc4ebb9220da-groupManagement] INFO  server.RaftServerConfigKeys (ConfUtils.java:logGet(46)) - raft.server.threadpool.client.cached = true (default)
2024-05-12 17:41:36,328 [93bda13b-2c91-401a-a9f5-fc4ebb9220da-groupManagement] INFO  server.RaftServerConfigKeys (ConfUtils.java:logGet(46)) - raft.server.threadpool.client.size = 0 (default)
2024-05-12 17:41:36,328 [93bda13b-2c91-401a-a9f5-fc4ebb9220da-groupManagement] INFO  server.RaftServerConfigKeys (ConfUtils.java:logGet(46)) - raft.server.storage.free-space.min = 0MB (=0) (default)
2024-05-12 17:41:36,328 [93bda13b-2c91-401a-a9f5-fc4ebb9220da-groupManagement] INFO  server.RaftServerConfigKeys (ConfUtils.java:logGet(46)) - raft.server.log.corruption.policy = EXCEPTION (default)
2024-05-12 17:41:36,328 [93bda13b-2c91-401a-a9f5-fc4ebb9220da-groupManagement] INFO  server.RaftServerConfigKeys (ConfUtils.java:logGet(46)) - raft.server.storage.dir = [/home/runner/work/ozone/ozone/hadoop-ozone/integration-test/target/test-dir/MiniOzoneClusterImpl-71ef5771-1bca-432b-8888-38dc3c8d5d63/ozone-meta/datanode-7/ratis] (custom)
2024-05-12 17:41:36,328 [93bda13b-2c91-401a-a9f5-fc4ebb9220da-groupManagement] INFO  storage.RaftStorageDirectory (RaftStorageDirectoryImpl.java:analyzeStorage(138)) - The storage directory /home/runner/work/ozone/ozone/hadoop-ozone/integration-test/target/test-dir/MiniOzoneClusterImpl-71ef5771-1bca-432b-8888-38dc3c8d5d63/ozone-meta/datanode-7/ratis/c305426d-7f76-4c36-b931-5e4ffbc7f286 does not exist. Creating ...
2024-05-12 17:41:36,329 [93bda13b-2c91-401a-a9f5-fc4ebb9220da-groupManagement] INFO  storage.RaftStorageDirectory (RaftStorageDirectoryImpl.java:tryLock(228)) - Lock on /home/runner/work/ozone/ozone/hadoop-ozone/integration-test/target/test-dir/MiniOzoneClusterImpl-71ef5771-1bca-432b-8888-38dc3c8d5d63/ozone-meta/datanode-7/ratis/c305426d-7f76-4c36-b931-5e4ffbc7f286/in_use.lock acquired by nodename 12547@fv-az576-466
2024-05-12 17:41:36,330 [93bda13b-2c91-401a-a9f5-fc4ebb9220da-groupManagement] INFO  storage.RaftStorage (RaftStorageImpl.java:format(99)) - Storage directory /home/runner/work/ozone/ozone/hadoop-ozone/integration-test/target/test-dir/MiniOzoneClusterImpl-71ef5771-1bca-432b-8888-38dc3c8d5d63/ozone-meta/datanode-7/ratis/c305426d-7f76-4c36-b931-5e4ffbc7f286 has been successfully formatted.
2024-05-12 17:41:36,330 [93bda13b-2c91-401a-a9f5-fc4ebb9220da-groupManagement] WARN  util.FileUtils (LogUtils.java:supplyAndLog(63)) - Failed to Files.newInputStream /home/runner/work/ozone/ozone/hadoop-ozone/integration-test/target/test-dir/MiniOzoneClusterImpl-71ef5771-1bca-432b-8888-38dc3c8d5d63/ozone-meta/datanode-7/ratis/c305426d-7f76-4c36-b931-5e4ffbc7f286/current/raft-meta.conf with options []: java.nio.file.NoSuchFileException: /home/runner/work/ozone/ozone/hadoop-ozone/integration-test/target/test-dir/MiniOzoneClusterImpl-71ef5771-1bca-432b-8888-38dc3c8d5d63/ozone-meta/datanode-7/ratis/c305426d-7f76-4c36-b931-5e4ffbc7f286/current/raft-meta.conf
2024-05-12 17:41:36,330 [93bda13b-2c91-401a-a9f5-fc4ebb9220da-groupManagement] INFO  ratis.ContainerStateMachine (ContainerStateMachine.java:loadSnapshot(287)) - group-5E4FFBC7F286: The snapshot info is null. Setting the last applied index to:(t:0, i:~)
2024-05-12 17:41:36,330 [93bda13b-2c91-401a-a9f5-fc4ebb9220da-groupManagement] INFO  server.RaftServerConfigKeys (ConfUtils.java:logGet(46)) - raft.server.log.use.memory = false (default)
2024-05-12 17:41:36,331 [93bda13b-2c91-401a-a9f5-fc4ebb9220da-groupManagement] INFO  server.RaftServerConfigKeys (ConfUtils.java:logGet(46)) - raft.server.log.purge.gap = 1000000 (custom)
2024-05-12 17:41:36,331 [93bda13b-2c91-401a-a9f5-fc4ebb9220da-groupManagement] INFO  server.RaftServerConfigKeys (ConfUtils.java:logGet(46)) - raft.server.log.appender.buffer.byte-limit = 8388608 (custom)
2024-05-12 17:41:36,331 [93bda13b-2c91-401a-a9f5-fc4ebb9220da-groupManagement] INFO  server.RaftServerConfigKeys (ConfUtils.java:logGet(46)) - raft.server.log.statemachine.data.read.timeout = 1000ms (default)
2024-05-12 17:41:36,331 [93bda13b-2c91-401a-a9f5-fc4ebb9220da-groupManagement] INFO  server.RaftServerConfigKeys (ConfUtils.java:logGet(46)) - raft.server.log.purge.preservation.log.num = 0 (default)
2024-05-12 17:41:36,331 [EventQueue-PipelineReportForPipelineReportHandler] INFO  pipeline.PipelineReportHandler (PipelineReportHandler.java:processPipelineReport(136)) - Opened pipeline PipelineID=c305426d-7f76-4c36-b931-5e4ffbc7f286
2024-05-12 17:41:36,332 [EventQueue-OpenPipelineForHealthyPipelineSafeModeRule] INFO  safemode.SCMSafeModeManager (HealthyPipelineSafeModeRule.java:process(140)) - SCM in safe mode. Healthy pipelines reported count is 0, required healthy pipeline reported count is 1
2024-05-12 17:41:36,332 [93bda13b-2c91-401a-a9f5-fc4ebb9220da-groupManagement] INFO  server.RaftServerConfigKeys (ConfUtils.java:logGet(46)) - raft.server.log.segment.size.max = 67108864 (custom)
2024-05-12 17:41:36,332 [93bda13b-2c91-401a-a9f5-fc4ebb9220da-groupManagement] INFO  server.RaftServerConfigKeys (ConfUtils.java:logGet(46)) - raft.server.log.segment.cache.num.max = 2 (custom)
2024-05-12 17:41:36,332 [93bda13b-2c91-401a-a9f5-fc4ebb9220da-groupManagement] INFO  server.RaftServerConfigKeys (ConfUtils.java:logGet(46)) - raft.server.log.segment.cache.size.max = 200MB (=209715200) (default)
2024-05-12 17:41:36,332 [93bda13b-2c91-401a-a9f5-fc4ebb9220da-groupManagement] INFO  server.RaftServerConfigKeys (ConfUtils.java:logGet(46)) - raft.server.log.appender.buffer.byte-limit = 8388608 (custom)
2024-05-12 17:41:36,333 [93bda13b-2c91-401a-a9f5-fc4ebb9220da-groupManagement] INFO  util.AwaitToRun (AwaitToRun.java:start(81)) - Thread[93bda13b-2c91-401a-a9f5-fc4ebb9220da@group-5E4FFBC7F286-cacheEviction-AwaitToRun,5,main] started
2024-05-12 17:41:36,333 [93bda13b-2c91-401a-a9f5-fc4ebb9220da-groupManagement] INFO  segmented.SegmentedRaftLogWorker (SegmentedRaftLogWorker.java:<init>(182)) - new 93bda13b-2c91-401a-a9f5-fc4ebb9220da@group-5E4FFBC7F286-SegmentedRaftLogWorker for RaftStorageImpl:Storage Directory /home/runner/work/ozone/ozone/hadoop-ozone/integration-test/target/test-dir/MiniOzoneClusterImpl-71ef5771-1bca-432b-8888-38dc3c8d5d63/ozone-meta/datanode-7/ratis/c305426d-7f76-4c36-b931-5e4ffbc7f286
2024-05-12 17:41:36,333 [93bda13b-2c91-401a-a9f5-fc4ebb9220da-groupManagement] INFO  server.RaftServerConfigKeys (ConfUtils.java:logGet(46)) - raft.server.log.queue.byte-limit = 4294967296 (custom)
2024-05-12 17:41:36,333 [93bda13b-2c91-401a-a9f5-fc4ebb9220da-groupManagement] INFO  server.RaftServerConfigKeys (ConfUtils.java:logGet(46)) - raft.server.log.queue.element-limit = 1024 (custom)
2024-05-12 17:41:36,333 [93bda13b-2c91-401a-a9f5-fc4ebb9220da-groupManagement] INFO  server.RaftServerConfigKeys (ConfUtils.java:logGet(46)) - raft.server.log.segment.size.max = 67108864 (custom)
2024-05-12 17:41:36,333 [93bda13b-2c91-401a-a9f5-fc4ebb9220da-groupManagement] INFO  server.RaftServerConfigKeys (ConfUtils.java:logGet(46)) - raft.server.log.preallocated.size = 4194304 (custom)
2024-05-12 17:41:36,333 [93bda13b-2c91-401a-a9f5-fc4ebb9220da-groupManagement] INFO  server.RaftServerConfigKeys (ConfUtils.java:logGet(46)) - raft.server.log.force.sync.num = 128 (default)
2024-05-12 17:41:36,333 [93bda13b-2c91-401a-a9f5-fc4ebb9220da-groupManagement] INFO  server.RaftServerConfigKeys (ConfUtils.java:logGet(46)) - raft.server.log.statemachine.data.sync = true (default)
2024-05-12 17:41:36,333 [93bda13b-2c91-401a-a9f5-fc4ebb9220da-groupManagement] INFO  server.RaftServerConfigKeys (ConfUtils.java:logGet(46)) - raft.server.log.statemachine.data.sync.timeout = 10s (default)
2024-05-12 17:41:36,333 [93bda13b-2c91-401a-a9f5-fc4ebb9220da-groupManagement] INFO  server.RaftServerConfigKeys (ConfUtils.java:logGet(46)) - raft.server.log.statemachine.data.sync.timeout.retry = 30 (custom)
2024-05-12 17:41:36,333 [93bda13b-2c91-401a-a9f5-fc4ebb9220da-groupManagement] INFO  server.RaftServerConfigKeys (ConfUtils.java:logGet(46)) - raft.server.log.write.buffer.size = 8388616 (custom)
2024-05-12 17:41:36,334 [93bda13b-2c91-401a-a9f5-fc4ebb9220da-groupManagement] INFO  server.RaftServerConfigKeys (ConfUtils.java:logGet(46)) - raft.server.log.appender.buffer.byte-limit = 8388608 (custom)
2024-05-12 17:41:36,334 [93bda13b-2c91-401a-a9f5-fc4ebb9220da-groupManagement] INFO  server.RaftServerConfigKeys (ConfUtils.java:logGet(46)) - raft.server.log.unsafe-flush.enabled = false (default)
2024-05-12 17:41:36,334 [93bda13b-2c91-401a-a9f5-fc4ebb9220da-groupManagement] INFO  server.RaftServerConfigKeys (ConfUtils.java:logGet(46)) - raft.server.log.async-flush.enabled = false (default)
2024-05-12 17:41:36,334 [93bda13b-2c91-401a-a9f5-fc4ebb9220da-groupManagement] INFO  server.RaftServerConfigKeys (ConfUtils.java:logGet(46)) - raft.server.log.statemachine.data.caching.enabled = true (custom)
2024-05-12 17:41:36,334 [93bda13b-2c91-401a-a9f5-fc4ebb9220da-groupManagement] INFO  segmented.SegmentedRaftLogWorker (SegmentedRaftLogWorker.java:lambda$new$0(134)) - 93bda13b-2c91-401a-a9f5-fc4ebb9220da@group-5E4FFBC7F286-SegmentedRaftLogWorker: flushIndex: setUnconditionally 0 -> -1
2024-05-12 17:41:36,334 [93bda13b-2c91-401a-a9f5-fc4ebb9220da-groupManagement] INFO  segmented.SegmentedRaftLogWorker (SegmentedRaftLogWorker.java:lambda$new$0(134)) - 93bda13b-2c91-401a-a9f5-fc4ebb9220da@group-5E4FFBC7F286-SegmentedRaftLogWorker: safeCacheEvictIndex: setUnconditionally 0 -> -1
2024-05-12 17:41:36,335 [93bda13b-2c91-401a-a9f5-fc4ebb9220da-groupManagement] INFO  server.RaftServer$Division (RaftServerImpl.java:start(396)) - 93bda13b-2c91-401a-a9f5-fc4ebb9220da@group-5E4FFBC7F286: start as a follower, conf=-1: peers:[93bda13b-2c91-401a-a9f5-fc4ebb9220da|127.0.0.1:15362]|listeners:[], old=null
2024-05-12 17:41:36,335 [93bda13b-2c91-401a-a9f5-fc4ebb9220da-groupManagement] INFO  server.RaftServer$Division (RaftServerImpl.java:setRole(383)) - 93bda13b-2c91-401a-a9f5-fc4ebb9220da@group-5E4FFBC7F286: changes role from      null to FOLLOWER at term 0 for startAsFollower
2024-05-12 17:41:36,335 [93bda13b-2c91-401a-a9f5-fc4ebb9220da-groupManagement] INFO  impl.RoleInfo (RoleInfo.java:updateAndGet(139)) - 93bda13b-2c91-401a-a9f5-fc4ebb9220da: start 93bda13b-2c91-401a-a9f5-fc4ebb9220da@group-5E4FFBC7F286-FollowerState
2024-05-12 17:41:36,335 [93bda13b-2c91-401a-a9f5-fc4ebb9220da-groupManagement] INFO  util.JmxRegister (JmxRegister.java:tryRegister(44)) - Successfully registered JMX Bean with object name Ratis:service=RaftServer,group=group-5E4FFBC7F286,id=93bda13b-2c91-401a-a9f5-fc4ebb9220da
2024-05-12 17:41:36,335 [93bda13b-2c91-401a-a9f5-fc4ebb9220da-groupManagement] INFO  server.RaftServerConfigKeys (ConfUtils.java:logGet(46)) - raft.server.snapshot.trigger-when-stop.enabled = true (default)
2024-05-12 17:41:36,335 [93bda13b-2c91-401a-a9f5-fc4ebb9220da-groupManagement] INFO  server.RaftServerConfigKeys (ConfUtils.java:logGet(46)) - raft.server.snapshot.auto.trigger.enabled = true (custom)
2024-05-12 17:41:36,335 [93bda13b-2c91-401a-a9f5-fc4ebb9220da-groupManagement] INFO  server.RaftServerConfigKeys (ConfUtils.java:logGet(46)) - raft.server.snapshot.auto.trigger.threshold = 10000 (custom)
2024-05-12 17:41:36,335 [93bda13b-2c91-401a-a9f5-fc4ebb9220da-groupManagement] INFO  server.RaftServerConfigKeys (ConfUtils.java:logGet(46)) - raft.server.snapshot.retention.file.num = 5 (custom)
2024-05-12 17:41:36,335 [93bda13b-2c91-401a-a9f5-fc4ebb9220da-groupManagement] INFO  server.RaftServerConfigKeys (ConfUtils.java:logGet(46)) - raft.server.log.purge.upto.snapshot.index = false (default)
2024-05-12 17:41:36,335 [93bda13b-2c91-401a-a9f5-fc4ebb9220da@group-5E4FFBC7F286-FollowerState] INFO  server.RaftServerConfigKeys (ConfUtils.java:logFallback(53)) - raft.server.rpc.first-election.timeout.min = 1s (fallback to raft.server.rpc.timeout.min)
2024-05-12 17:41:36,336 [93bda13b-2c91-401a-a9f5-fc4ebb9220da@group-5E4FFBC7F286-FollowerState] INFO  server.RaftServerConfigKeys (ConfUtils.java:logFallback(53)) - raft.server.rpc.first-election.timeout.max = 1200ms (fallback to raft.server.rpc.timeout.max)
2024-05-12 17:41:36,336 [93bda13b-2c91-401a-a9f5-fc4ebb9220da-PipelineCommandHandlerThread-0] INFO  ratis.XceiverServerRatis (XceiverServerRatis.java:addGroup(864)) - Created group PipelineID=c305426d-7f76-4c36-b931-5e4ffbc7f286
2024-05-12 17:41:36,336 [93bda13b-2c91-401a-a9f5-fc4ebb9220da-PipelineCommandHandlerThread-0] INFO  commandhandler.CreatePipelineCommandHandler (CreatePipelineCommandHandler.java:lambda$handle$2(124)) - Created Pipeline RATIS ONE PipelineID=c305426d-7f76-4c36-b931-5e4ffbc7f286.
2024-05-12 17:41:36,337 [93bda13b-2c91-401a-a9f5-fc4ebb9220da-PipelineCommandHandlerThread-0] INFO  server.RaftServer (RaftServerProxy.java:addNew(100)) - 93bda13b-2c91-401a-a9f5-fc4ebb9220da: addNew group-13A0CAA15F1F:[93bda13b-2c91-401a-a9f5-fc4ebb9220da|127.0.0.1:15362, fa054618-3a8f-49b0-93d4-5933c936b659|127.0.0.1:15371, a0742c66-ae9f-48ce-9181-086e540b3b62|127.0.0.1:15380] returns group-13A0CAA15F1F:java.util.concurrent.CompletableFuture@86ef015[Not completed]
2024-05-12 17:41:36,337 [93bda13b-2c91-401a-a9f5-fc4ebb9220da-groupManagement] INFO  server.RaftServer$Division (RaftServerImpl.java:<init>(256)) - 93bda13b-2c91-401a-a9f5-fc4ebb9220da: new RaftServerImpl for group-13A0CAA15F1F:[93bda13b-2c91-401a-a9f5-fc4ebb9220da|127.0.0.1:15362, fa054618-3a8f-49b0-93d4-5933c936b659|127.0.0.1:15371, a0742c66-ae9f-48ce-9181-086e540b3b62|127.0.0.1:15380] with ContainerStateMachine:uninitialized
2024-05-12 17:41:36,337 [93bda13b-2c91-401a-a9f5-fc4ebb9220da-groupManagement] INFO  server.RaftServerConfigKeys (ConfUtils.java:logGet(46)) - raft.server.rpc.timeout.min = 1s (custom)
2024-05-12 17:41:36,337 [93bda13b-2c91-401a-a9f5-fc4ebb9220da-groupManagement] INFO  server.RaftServerConfigKeys (ConfUtils.java:logGet(46)) - raft.server.rpc.timeout.max = 1200ms (custom)
2024-05-12 17:41:36,337 [93bda13b-2c91-401a-a9f5-fc4ebb9220da-groupManagement] INFO  server.RaftServerConfigKeys (ConfUtils.java:logGet(46)) - raft.server.rpc.sleep.time = 25ms (default)
2024-05-12 17:41:36,337 [93bda13b-2c91-401a-a9f5-fc4ebb9220da-groupManagement] INFO  server.RaftServerConfigKeys (ConfUtils.java:logGet(46)) - raft.server.rpc.slowness.timeout = 300000ms (custom)
2024-05-12 17:41:36,337 [93bda13b-2c91-401a-a9f5-fc4ebb9220da-groupManagement] INFO  server.RaftServerConfigKeys (ConfUtils.java:logGet(46)) - raft.server.leaderelection.leader.step-down.wait-time = 10s (default)
2024-05-12 17:41:36,337 [93bda13b-2c91-401a-a9f5-fc4ebb9220da-groupManagement] INFO  server.RaftServerConfigKeys (ConfUtils.java:logGet(46)) - raft.server.leaderelection.member.majority-add = false (default)
2024-05-12 17:41:36,337 [93bda13b-2c91-401a-a9f5-fc4ebb9220da-groupManagement] INFO  server.RaftServerConfigKeys (ConfUtils.java:logGet(46)) - raft.server.sleep.deviation.threshold = 300ms (default)
2024-05-12 17:41:36,337 [93bda13b-2c91-401a-a9f5-fc4ebb9220da-groupManagement] INFO  server.RaftServer$Division (ServerState.java:<init>(113)) - 93bda13b-2c91-401a-a9f5-fc4ebb9220da@group-13A0CAA15F1F: ConfigurationManager, init=-1: peers:[93bda13b-2c91-401a-a9f5-fc4ebb9220da|127.0.0.1:15362, fa054618-3a8f-49b0-93d4-5933c936b659|127.0.0.1:15371, a0742c66-ae9f-48ce-9181-086e540b3b62|127.0.0.1:15380]|listeners:[], old=null, confs=<EMPTY_MAP>
2024-05-12 17:41:36,338 [93bda13b-2c91-401a-a9f5-fc4ebb9220da-groupManagement] INFO  server.RaftServerConfigKeys (ConfUtils.java:logGet(46)) - raft.server.notification.no-leader.timeout = 300000ms (custom)
2024-05-12 17:41:36,338 [93bda13b-2c91-401a-a9f5-fc4ebb9220da-groupManagement] INFO  server.RaftServerConfigKeys (ConfUtils.java:logGet(46)) - raft.server.read.timeout = 10s (default)
2024-05-12 17:41:36,338 [93bda13b-2c91-401a-a9f5-fc4ebb9220da-groupManagement] INFO  server.RaftServerConfigKeys (ConfUtils.java:logGet(46)) - raft.server.retrycache.expirytime = 600000ms (custom)
2024-05-12 17:41:36,338 [93bda13b-2c91-401a-a9f5-fc4ebb9220da-groupManagement] INFO  server.RaftServerConfigKeys (ConfUtils.java:logGet(46)) - raft.server.retrycache.statistics.expirytime = 100ms (default)
2024-05-12 17:41:36,338 [93bda13b-2c91-401a-a9f5-fc4ebb9220da-groupManagement] INFO  server.RaftServerConfigKeys (ConfUtils.java:logGet(46)) - raft.server.read.option = DEFAULT (default)
2024-05-12 17:41:36,338 [93bda13b-2c91-401a-a9f5-fc4ebb9220da-groupManagement] INFO  server.RaftServerConfigKeys (ConfUtils.java:logGet(46)) - raft.server.read.read-after-write-consistent.write-index-cache.expiry-time = 60s (default)
2024-05-12 17:41:36,339 [93bda13b-2c91-401a-a9f5-fc4ebb9220da-groupManagement] INFO  server.RaftServerConfigKeys (ConfUtils.java:logGet(46)) - raft.server.rpc.request.timeout = 3000ms (default)
2024-05-12 17:41:36,339 [93bda13b-2c91-401a-a9f5-fc4ebb9220da-groupManagement] INFO  server.RaftServerConfigKeys (ConfUtils.java:logGet(46)) - raft.server.log.appender.install.snapshot.enabled = false (custom)
2024-05-12 17:41:36,339 [93bda13b-2c91-401a-a9f5-fc4ebb9220da-groupManagement] INFO  server.RaftServerConfigKeys (ConfUtils.java:logGet(46)) - raft.server.threadpool.server.cached = true (default)
2024-05-12 17:41:36,339 [93bda13b-2c91-401a-a9f5-fc4ebb9220da-groupManagement] INFO  server.RaftServerConfigKeys (ConfUtils.java:logGet(46)) - raft.server.threadpool.server.size = 0 (default)
2024-05-12 17:41:36,340 [93bda13b-2c91-401a-a9f5-fc4ebb9220da-groupManagement] INFO  server.RaftServerConfigKeys (ConfUtils.java:logGet(46)) - raft.server.threadpool.client.cached = true (default)
2024-05-12 17:41:36,340 [93bda13b-2c91-401a-a9f5-fc4ebb9220da-groupManagement] INFO  server.RaftServerConfigKeys (ConfUtils.java:logGet(46)) - raft.server.threadpool.client.size = 0 (default)
2024-05-12 17:41:36,340 [93bda13b-2c91-401a-a9f5-fc4ebb9220da-groupManagement] INFO  server.RaftServerConfigKeys (ConfUtils.java:logGet(46)) - raft.server.storage.free-space.min = 0MB (=0) (default)
2024-05-12 17:41:36,340 [93bda13b-2c91-401a-a9f5-fc4ebb9220da-groupManagement] INFO  server.RaftServerConfigKeys (ConfUtils.java:logGet(46)) - raft.server.log.corruption.policy = EXCEPTION (default)
2024-05-12 17:41:36,340 [93bda13b-2c91-401a-a9f5-fc4ebb9220da-groupManagement] INFO  server.RaftServerConfigKeys (ConfUtils.java:logGet(46)) - raft.server.storage.dir = [/home/runner/work/ozone/ozone/hadoop-ozone/integration-test/target/test-dir/MiniOzoneClusterImpl-71ef5771-1bca-432b-8888-38dc3c8d5d63/ozone-meta/datanode-7/ratis] (custom)
2024-05-12 17:41:36,340 [93bda13b-2c91-401a-a9f5-fc4ebb9220da-groupManagement] INFO  storage.RaftStorageDirectory (RaftStorageDirectoryImpl.java:analyzeStorage(138)) - The storage directory /home/runner/work/ozone/ozone/hadoop-ozone/integration-test/target/test-dir/MiniOzoneClusterImpl-71ef5771-1bca-432b-8888-38dc3c8d5d63/ozone-meta/datanode-7/ratis/1ed39d93-d53b-42fe-b85c-13a0caa15f1f does not exist. Creating ...
2024-05-12 17:41:36,341 [93bda13b-2c91-401a-a9f5-fc4ebb9220da-groupManagement] INFO  storage.RaftStorageDirectory (RaftStorageDirectoryImpl.java:tryLock(228)) - Lock on /home/runner/work/ozone/ozone/hadoop-ozone/integration-test/target/test-dir/MiniOzoneClusterImpl-71ef5771-1bca-432b-8888-38dc3c8d5d63/ozone-meta/datanode-7/ratis/1ed39d93-d53b-42fe-b85c-13a0caa15f1f/in_use.lock acquired by nodename 12547@fv-az576-466
2024-05-12 17:41:36,341 [93bda13b-2c91-401a-a9f5-fc4ebb9220da-groupManagement] INFO  storage.RaftStorage (RaftStorageImpl.java:format(99)) - Storage directory /home/runner/work/ozone/ozone/hadoop-ozone/integration-test/target/test-dir/MiniOzoneClusterImpl-71ef5771-1bca-432b-8888-38dc3c8d5d63/ozone-meta/datanode-7/ratis/1ed39d93-d53b-42fe-b85c-13a0caa15f1f has been successfully formatted.
2024-05-12 17:41:36,342 [93bda13b-2c91-401a-a9f5-fc4ebb9220da-groupManagement] WARN  util.FileUtils (LogUtils.java:supplyAndLog(63)) - Failed to Files.newInputStream /home/runner/work/ozone/ozone/hadoop-ozone/integration-test/target/test-dir/MiniOzoneClusterImpl-71ef5771-1bca-432b-8888-38dc3c8d5d63/ozone-meta/datanode-7/ratis/1ed39d93-d53b-42fe-b85c-13a0caa15f1f/current/raft-meta.conf with options []: java.nio.file.NoSuchFileException: /home/runner/work/ozone/ozone/hadoop-ozone/integration-test/target/test-dir/MiniOzoneClusterImpl-71ef5771-1bca-432b-8888-38dc3c8d5d63/ozone-meta/datanode-7/ratis/1ed39d93-d53b-42fe-b85c-13a0caa15f1f/current/raft-meta.conf
2024-05-12 17:41:36,342 [93bda13b-2c91-401a-a9f5-fc4ebb9220da-groupManagement] INFO  ratis.ContainerStateMachine (ContainerStateMachine.java:loadSnapshot(287)) - group-13A0CAA15F1F: The snapshot info is null. Setting the last applied index to:(t:0, i:~)
2024-05-12 17:41:36,342 [93bda13b-2c91-401a-a9f5-fc4ebb9220da-groupManagement] INFO  server.RaftServerConfigKeys (ConfUtils.java:logGet(46)) - raft.server.log.use.memory = false (default)
2024-05-12 17:41:36,342 [93bda13b-2c91-401a-a9f5-fc4ebb9220da-groupManagement] INFO  server.RaftServerConfigKeys (ConfUtils.java:logGet(46)) - raft.server.log.purge.gap = 1000000 (custom)
2024-05-12 17:41:36,342 [93bda13b-2c91-401a-a9f5-fc4ebb9220da-groupManagement] INFO  server.RaftServerConfigKeys (ConfUtils.java:logGet(46)) - raft.server.log.appender.buffer.byte-limit = 8388608 (custom)
2024-05-12 17:41:36,342 [93bda13b-2c91-401a-a9f5-fc4ebb9220da-groupManagement] INFO  server.RaftServerConfigKeys (ConfUtils.java:logGet(46)) - raft.server.log.statemachine.data.read.timeout = 1000ms (default)
2024-05-12 17:41:36,342 [93bda13b-2c91-401a-a9f5-fc4ebb9220da-groupManagement] INFO  server.RaftServerConfigKeys (ConfUtils.java:logGet(46)) - raft.server.log.purge.preservation.log.num = 0 (default)
2024-05-12 17:41:36,343 [EventQueue-OpenPipelineForHealthyPipelineSafeModeRule] INFO  safemode.SCMSafeModeManager (HealthyPipelineSafeModeRule.java:process(140)) - SCM in safe mode. Healthy pipelines reported count is 0, required healthy pipeline reported count is 1
2024-05-12 17:41:36,343 [93bda13b-2c91-401a-a9f5-fc4ebb9220da-groupManagement] INFO  server.RaftServerConfigKeys (ConfUtils.java:logGet(46)) - raft.server.log.segment.size.max = 67108864 (custom)
2024-05-12 17:41:36,344 [93bda13b-2c91-401a-a9f5-fc4ebb9220da-groupManagement] INFO  server.RaftServerConfigKeys (ConfUtils.java:logGet(46)) - raft.server.log.segment.cache.num.max = 2 (custom)
2024-05-12 17:41:36,344 [93bda13b-2c91-401a-a9f5-fc4ebb9220da-groupManagement] INFO  server.RaftServerConfigKeys (ConfUtils.java:logGet(46)) - raft.server.log.segment.cache.size.max = 200MB (=209715200) (default)
2024-05-12 17:41:36,344 [93bda13b-2c91-401a-a9f5-fc4ebb9220da-groupManagement] INFO  server.RaftServerConfigKeys (ConfUtils.java:logGet(46)) - raft.server.log.appender.buffer.byte-limit = 8388608 (custom)
2024-05-12 17:41:36,344 [93bda13b-2c91-401a-a9f5-fc4ebb9220da-groupManagement] INFO  util.AwaitToRun (AwaitToRun.java:start(81)) - Thread[93bda13b-2c91-401a-a9f5-fc4ebb9220da@group-13A0CAA15F1F-cacheEviction-AwaitToRun,5,main] started
2024-05-12 17:41:36,344 [93bda13b-2c91-401a-a9f5-fc4ebb9220da-groupManagement] INFO  segmented.SegmentedRaftLogWorker (SegmentedRaftLogWorker.java:<init>(182)) - new 93bda13b-2c91-401a-a9f5-fc4ebb9220da@group-13A0CAA15F1F-SegmentedRaftLogWorker for RaftStorageImpl:Storage Directory /home/runner/work/ozone/ozone/hadoop-ozone/integration-test/target/test-dir/MiniOzoneClusterImpl-71ef5771-1bca-432b-8888-38dc3c8d5d63/ozone-meta/datanode-7/ratis/1ed39d93-d53b-42fe-b85c-13a0caa15f1f
2024-05-12 17:41:36,344 [93bda13b-2c91-401a-a9f5-fc4ebb9220da-groupManagement] INFO  server.RaftServerConfigKeys (ConfUtils.java:logGet(46)) - raft.server.log.queue.byte-limit = 4294967296 (custom)
2024-05-12 17:41:36,344 [93bda13b-2c91-401a-a9f5-fc4ebb9220da-groupManagement] INFO  server.RaftServerConfigKeys (ConfUtils.java:logGet(46)) - raft.server.log.queue.element-limit = 1024 (custom)
2024-05-12 17:41:36,344 [93bda13b-2c91-401a-a9f5-fc4ebb9220da-groupManagement] INFO  server.RaftServerConfigKeys (ConfUtils.java:logGet(46)) - raft.server.log.segment.size.max = 67108864 (custom)
2024-05-12 17:41:36,344 [93bda13b-2c91-401a-a9f5-fc4ebb9220da-groupManagement] INFO  server.RaftServerConfigKeys (ConfUtils.java:logGet(46)) - raft.server.log.preallocated.size = 4194304 (custom)
2024-05-12 17:41:36,344 [93bda13b-2c91-401a-a9f5-fc4ebb9220da-groupManagement] INFO  server.RaftServerConfigKeys (ConfUtils.java:logGet(46)) - raft.server.log.force.sync.num = 128 (default)
2024-05-12 17:41:36,344 [93bda13b-2c91-401a-a9f5-fc4ebb9220da-groupManagement] INFO  server.RaftServerConfigKeys (ConfUtils.java:logGet(46)) - raft.server.log.statemachine.data.sync = true (default)
2024-05-12 17:41:36,344 [93bda13b-2c91-401a-a9f5-fc4ebb9220da-groupManagement] INFO  server.RaftServerConfigKeys (ConfUtils.java:logGet(46)) - raft.server.log.statemachine.data.sync.timeout = 10s (default)
2024-05-12 17:41:36,344 [93bda13b-2c91-401a-a9f5-fc4ebb9220da-groupManagement] INFO  server.RaftServerConfigKeys (ConfUtils.java:logGet(46)) - raft.server.log.statemachine.data.sync.timeout.retry = 30 (custom)
2024-05-12 17:41:36,344 [93bda13b-2c91-401a-a9f5-fc4ebb9220da-groupManagement] INFO  server.RaftServerConfigKeys (ConfUtils.java:logGet(46)) - raft.server.log.write.buffer.size = 8388616 (custom)
2024-05-12 17:41:36,345 [93bda13b-2c91-401a-a9f5-fc4ebb9220da-groupManagement] INFO  server.RaftServerConfigKeys (ConfUtils.java:logGet(46)) - raft.server.log.appender.buffer.byte-limit = 8388608 (custom)
2024-05-12 17:41:36,346 [93bda13b-2c91-401a-a9f5-fc4ebb9220da-groupManagement] INFO  server.RaftServerConfigKeys (ConfUtils.java:logGet(46)) - raft.server.log.unsafe-flush.enabled = false (default)
2024-05-12 17:41:36,346 [93bda13b-2c91-401a-a9f5-fc4ebb9220da-groupManagement] INFO  server.RaftServerConfigKeys (ConfUtils.java:logGet(46)) - raft.server.log.async-flush.enabled = false (default)
2024-05-12 17:41:36,346 [93bda13b-2c91-401a-a9f5-fc4ebb9220da-groupManagement] INFO  server.RaftServerConfigKeys (ConfUtils.java:logGet(46)) - raft.server.log.statemachine.data.caching.enabled = true (custom)
2024-05-12 17:41:36,346 [93bda13b-2c91-401a-a9f5-fc4ebb9220da-groupManagement] INFO  segmented.SegmentedRaftLogWorker (SegmentedRaftLogWorker.java:lambda$new$0(134)) - 93bda13b-2c91-401a-a9f5-fc4ebb9220da@group-13A0CAA15F1F-SegmentedRaftLogWorker: flushIndex: setUnconditionally 0 -> -1
2024-05-12 17:41:36,346 [93bda13b-2c91-401a-a9f5-fc4ebb9220da-groupManagement] INFO  segmented.SegmentedRaftLogWorker (SegmentedRaftLogWorker.java:lambda$new$0(134)) - 93bda13b-2c91-401a-a9f5-fc4ebb9220da@group-13A0CAA15F1F-SegmentedRaftLogWorker: safeCacheEvictIndex: setUnconditionally 0 -> -1
2024-05-12 17:41:36,346 [93bda13b-2c91-401a-a9f5-fc4ebb9220da-groupManagement] INFO  server.RaftServer$Division (RaftServerImpl.java:start(396)) - 93bda13b-2c91-401a-a9f5-fc4ebb9220da@group-13A0CAA15F1F: start as a follower, conf=-1: peers:[93bda13b-2c91-401a-a9f5-fc4ebb9220da|127.0.0.1:15362, fa054618-3a8f-49b0-93d4-5933c936b659|127.0.0.1:15371, a0742c66-ae9f-48ce-9181-086e540b3b62|127.0.0.1:15380]|listeners:[], old=null
2024-05-12 17:41:36,346 [93bda13b-2c91-401a-a9f5-fc4ebb9220da-groupManagement] INFO  server.RaftServer$Division (RaftServerImpl.java:setRole(383)) - 93bda13b-2c91-401a-a9f5-fc4ebb9220da@group-13A0CAA15F1F: changes role from      null to FOLLOWER at term 0 for startAsFollower
2024-05-12 17:41:36,346 [93bda13b-2c91-401a-a9f5-fc4ebb9220da-groupManagement] INFO  impl.RoleInfo (RoleInfo.java:updateAndGet(139)) - 93bda13b-2c91-401a-a9f5-fc4ebb9220da: start 93bda13b-2c91-401a-a9f5-fc4ebb9220da@group-13A0CAA15F1F-FollowerState
2024-05-12 17:41:36,346 [93bda13b-2c91-401a-a9f5-fc4ebb9220da@group-13A0CAA15F1F-FollowerState] INFO  server.RaftServerConfigKeys (ConfUtils.java:logFallback(53)) - raft.server.rpc.first-election.timeout.min = 1s (fallback to raft.server.rpc.timeout.min)
2024-05-12 17:41:36,346 [93bda13b-2c91-401a-a9f5-fc4ebb9220da@group-13A0CAA15F1F-FollowerState] INFO  server.RaftServerConfigKeys (ConfUtils.java:logFallback(53)) - raft.server.rpc.first-election.timeout.max = 1200ms (fallback to raft.server.rpc.timeout.max)
2024-05-12 17:41:36,346 [93bda13b-2c91-401a-a9f5-fc4ebb9220da-groupManagement] INFO  util.JmxRegister (JmxRegister.java:tryRegister(44)) - Successfully registered JMX Bean with object name Ratis:service=RaftServer,group=group-13A0CAA15F1F,id=93bda13b-2c91-401a-a9f5-fc4ebb9220da
2024-05-12 17:41:36,346 [93bda13b-2c91-401a-a9f5-fc4ebb9220da-groupManagement] INFO  server.RaftServerConfigKeys (ConfUtils.java:logGet(46)) - raft.server.snapshot.trigger-when-stop.enabled = true (default)
2024-05-12 17:41:36,346 [93bda13b-2c91-401a-a9f5-fc4ebb9220da-groupManagement] INFO  server.RaftServerConfigKeys (ConfUtils.java:logGet(46)) - raft.server.snapshot.auto.trigger.enabled = true (custom)
2024-05-12 17:41:36,346 [93bda13b-2c91-401a-a9f5-fc4ebb9220da-groupManagement] INFO  server.RaftServerConfigKeys (ConfUtils.java:logGet(46)) - raft.server.snapshot.auto.trigger.threshold = 10000 (custom)
2024-05-12 17:41:36,346 [93bda13b-2c91-401a-a9f5-fc4ebb9220da-groupManagement] INFO  server.RaftServerConfigKeys (ConfUtils.java:logGet(46)) - raft.server.snapshot.retention.file.num = 5 (custom)
2024-05-12 17:41:36,346 [93bda13b-2c91-401a-a9f5-fc4ebb9220da-groupManagement] INFO  server.RaftServerConfigKeys (ConfUtils.java:logGet(46)) - raft.server.log.purge.upto.snapshot.index = false (default)
2024-05-12 17:41:36,347 [93bda13b-2c91-401a-a9f5-fc4ebb9220da-PipelineCommandHandlerThread-0] INFO  ratis.XceiverServerRatis (XceiverServerRatis.java:addGroup(864)) - Created group PipelineID=1ed39d93-d53b-42fe-b85c-13a0caa15f1f
2024-05-12 17:41:36,351 [grpc-default-executor-1] INFO  server.RaftServer (RaftServerProxy.java:addNew(100)) - a0742c66-ae9f-48ce-9181-086e540b3b62: addNew group-13A0CAA15F1F:[93bda13b-2c91-401a-a9f5-fc4ebb9220da|127.0.0.1:15362, fa054618-3a8f-49b0-93d4-5933c936b659|127.0.0.1:15371, a0742c66-ae9f-48ce-9181-086e540b3b62|127.0.0.1:15380] returns group-13A0CAA15F1F:java.util.concurrent.CompletableFuture@19504774[Not completed]
2024-05-12 17:41:36,352 [a0742c66-ae9f-48ce-9181-086e540b3b62-groupManagement] INFO  server.RaftServer$Division (RaftServerImpl.java:<init>(256)) - a0742c66-ae9f-48ce-9181-086e540b3b62: new RaftServerImpl for group-13A0CAA15F1F:[93bda13b-2c91-401a-a9f5-fc4ebb9220da|127.0.0.1:15362, fa054618-3a8f-49b0-93d4-5933c936b659|127.0.0.1:15371, a0742c66-ae9f-48ce-9181-086e540b3b62|127.0.0.1:15380] with ContainerStateMachine:uninitialized
2024-05-12 17:41:36,352 [a0742c66-ae9f-48ce-9181-086e540b3b62-groupManagement] INFO  server.RaftServerConfigKeys (ConfUtils.java:logGet(46)) - raft.server.rpc.timeout.min = 1s (custom)
2024-05-12 17:41:36,352 [a0742c66-ae9f-48ce-9181-086e540b3b62-groupManagement] INFO  server.RaftServerConfigKeys (ConfUtils.java:logGet(46)) - raft.server.rpc.timeout.max = 1200ms (custom)
2024-05-12 17:41:36,352 [a0742c66-ae9f-48ce-9181-086e540b3b62-groupManagement] INFO  server.RaftServerConfigKeys (ConfUtils.java:logGet(46)) - raft.server.rpc.sleep.time = 25ms (default)
2024-05-12 17:41:36,352 [a0742c66-ae9f-48ce-9181-086e540b3b62-groupManagement] INFO  server.RaftServerConfigKeys (ConfUtils.java:logGet(46)) - raft.server.rpc.slowness.timeout = 300000ms (custom)
2024-05-12 17:41:36,352 [a0742c66-ae9f-48ce-9181-086e540b3b62-groupManagement] INFO  server.RaftServerConfigKeys (ConfUtils.java:logGet(46)) - raft.server.leaderelection.leader.step-down.wait-time = 10s (default)
2024-05-12 17:41:36,352 [a0742c66-ae9f-48ce-9181-086e540b3b62-groupManagement] INFO  server.RaftServerConfigKeys (ConfUtils.java:logGet(46)) - raft.server.leaderelection.member.majority-add = false (default)
2024-05-12 17:41:36,352 [a0742c66-ae9f-48ce-9181-086e540b3b62-groupManagement] INFO  server.RaftServerConfigKeys (ConfUtils.java:logGet(46)) - raft.server.sleep.deviation.threshold = 300ms (default)
2024-05-12 17:41:36,352 [a0742c66-ae9f-48ce-9181-086e540b3b62-groupManagement] INFO  server.RaftServer$Division (ServerState.java:<init>(113)) - a0742c66-ae9f-48ce-9181-086e540b3b62@group-13A0CAA15F1F: ConfigurationManager, init=-1: peers:[93bda13b-2c91-401a-a9f5-fc4ebb9220da|127.0.0.1:15362, fa054618-3a8f-49b0-93d4-5933c936b659|127.0.0.1:15371, a0742c66-ae9f-48ce-9181-086e540b3b62|127.0.0.1:15380]|listeners:[], old=null, confs=<EMPTY_MAP>
2024-05-12 17:41:36,352 [a0742c66-ae9f-48ce-9181-086e540b3b62-groupManagement] INFO  server.RaftServerConfigKeys (ConfUtils.java:logGet(46)) - raft.server.notification.no-leader.timeout = 300000ms (custom)
2024-05-12 17:41:36,352 [a0742c66-ae9f-48ce-9181-086e540b3b62-groupManagement] INFO  server.RaftServerConfigKeys (ConfUtils.java:logGet(46)) - raft.server.read.timeout = 10s (default)
2024-05-12 17:41:36,352 [a0742c66-ae9f-48ce-9181-086e540b3b62-groupManagement] INFO  server.RaftServerConfigKeys (ConfUtils.java:logGet(46)) - raft.server.retrycache.expirytime = 600000ms (custom)
2024-05-12 17:41:36,352 [a0742c66-ae9f-48ce-9181-086e540b3b62-groupManagement] INFO  server.RaftServerConfigKeys (ConfUtils.java:logGet(46)) - raft.server.retrycache.statistics.expirytime = 100ms (default)
2024-05-12 17:41:36,352 [a0742c66-ae9f-48ce-9181-086e540b3b62-groupManagement] INFO  server.RaftServerConfigKeys (ConfUtils.java:logGet(46)) - raft.server.read.option = DEFAULT (default)
2024-05-12 17:41:36,352 [a0742c66-ae9f-48ce-9181-086e540b3b62-groupManagement] INFO  server.RaftServerConfigKeys (ConfUtils.java:logGet(46)) - raft.server.read.read-after-write-consistent.write-index-cache.expiry-time = 60s (default)
2024-05-12 17:41:36,354 [a0742c66-ae9f-48ce-9181-086e540b3b62-groupManagement] INFO  server.RaftServerConfigKeys (ConfUtils.java:logGet(46)) - raft.server.rpc.request.timeout = 3000ms (default)
2024-05-12 17:41:36,354 [a0742c66-ae9f-48ce-9181-086e540b3b62-groupManagement] INFO  server.RaftServerConfigKeys (ConfUtils.java:logGet(46)) - raft.server.log.appender.install.snapshot.enabled = false (custom)
2024-05-12 17:41:36,354 [a0742c66-ae9f-48ce-9181-086e540b3b62-groupManagement] INFO  server.RaftServerConfigKeys (ConfUtils.java:logGet(46)) - raft.server.threadpool.server.cached = true (default)
2024-05-12 17:41:36,354 [a0742c66-ae9f-48ce-9181-086e540b3b62-groupManagement] INFO  server.RaftServerConfigKeys (ConfUtils.java:logGet(46)) - raft.server.threadpool.server.size = 0 (default)
2024-05-12 17:41:36,354 [a0742c66-ae9f-48ce-9181-086e540b3b62-groupManagement] INFO  server.RaftServerConfigKeys (ConfUtils.java:logGet(46)) - raft.server.threadpool.client.cached = true (default)
2024-05-12 17:41:36,354 [a0742c66-ae9f-48ce-9181-086e540b3b62-groupManagement] INFO  server.RaftServerConfigKeys (ConfUtils.java:logGet(46)) - raft.server.threadpool.client.size = 0 (default)
2024-05-12 17:41:36,354 [a0742c66-ae9f-48ce-9181-086e540b3b62-groupManagement] INFO  server.RaftServerConfigKeys (ConfUtils.java:logGet(46)) - raft.server.storage.free-space.min = 0MB (=0) (default)
2024-05-12 17:41:36,354 [a0742c66-ae9f-48ce-9181-086e540b3b62-groupManagement] INFO  server.RaftServerConfigKeys (ConfUtils.java:logGet(46)) - raft.server.log.corruption.policy = EXCEPTION (default)
2024-05-12 17:41:36,354 [a0742c66-ae9f-48ce-9181-086e540b3b62-groupManagement] INFO  server.RaftServerConfigKeys (ConfUtils.java:logGet(46)) - raft.server.storage.dir = [/home/runner/work/ozone/ozone/hadoop-ozone/integration-test/target/test-dir/MiniOzoneClusterImpl-71ef5771-1bca-432b-8888-38dc3c8d5d63/ozone-meta/datanode-9/ratis] (custom)
2024-05-12 17:41:36,354 [a0742c66-ae9f-48ce-9181-086e540b3b62-groupManagement] INFO  storage.RaftStorageDirectory (RaftStorageDirectoryImpl.java:analyzeStorage(138)) - The storage directory /home/runner/work/ozone/ozone/hadoop-ozone/integration-test/target/test-dir/MiniOzoneClusterImpl-71ef5771-1bca-432b-8888-38dc3c8d5d63/ozone-meta/datanode-9/ratis/1ed39d93-d53b-42fe-b85c-13a0caa15f1f does not exist. Creating ...
2024-05-12 17:41:36,357 [a0742c66-ae9f-48ce-9181-086e540b3b62-groupManagement] INFO  storage.RaftStorageDirectory (RaftStorageDirectoryImpl.java:tryLock(228)) - Lock on /home/runner/work/ozone/ozone/hadoop-ozone/integration-test/target/test-dir/MiniOzoneClusterImpl-71ef5771-1bca-432b-8888-38dc3c8d5d63/ozone-meta/datanode-9/ratis/1ed39d93-d53b-42fe-b85c-13a0caa15f1f/in_use.lock acquired by nodename 12547@fv-az576-466
2024-05-12 17:41:36,358 [a0742c66-ae9f-48ce-9181-086e540b3b62-groupManagement] INFO  storage.RaftStorage (RaftStorageImpl.java:format(99)) - Storage directory /home/runner/work/ozone/ozone/hadoop-ozone/integration-test/target/test-dir/MiniOzoneClusterImpl-71ef5771-1bca-432b-8888-38dc3c8d5d63/ozone-meta/datanode-9/ratis/1ed39d93-d53b-42fe-b85c-13a0caa15f1f has been successfully formatted.
2024-05-12 17:41:36,358 [a0742c66-ae9f-48ce-9181-086e540b3b62-groupManagement] WARN  util.FileUtils (LogUtils.java:supplyAndLog(63)) - Failed to Files.newInputStream /home/runner/work/ozone/ozone/hadoop-ozone/integration-test/target/test-dir/MiniOzoneClusterImpl-71ef5771-1bca-432b-8888-38dc3c8d5d63/ozone-meta/datanode-9/ratis/1ed39d93-d53b-42fe-b85c-13a0caa15f1f/current/raft-meta.conf with options []: java.nio.file.NoSuchFileException: /home/runner/work/ozone/ozone/hadoop-ozone/integration-test/target/test-dir/MiniOzoneClusterImpl-71ef5771-1bca-432b-8888-38dc3c8d5d63/ozone-meta/datanode-9/ratis/1ed39d93-d53b-42fe-b85c-13a0caa15f1f/current/raft-meta.conf
2024-05-12 17:41:36,359 [a0742c66-ae9f-48ce-9181-086e540b3b62-groupManagement] INFO  ratis.ContainerStateMachine (ContainerStateMachine.java:loadSnapshot(287)) - group-13A0CAA15F1F: The snapshot info is null. Setting the last applied index to:(t:0, i:~)
2024-05-12 17:41:36,359 [a0742c66-ae9f-48ce-9181-086e540b3b62-groupManagement] INFO  server.RaftServerConfigKeys (ConfUtils.java:logGet(46)) - raft.server.log.use.memory = false (default)
2024-05-12 17:41:36,359 [a0742c66-ae9f-48ce-9181-086e540b3b62-groupManagement] INFO  server.RaftServerConfigKeys (ConfUtils.java:logGet(46)) - raft.server.log.purge.gap = 1000000 (custom)
2024-05-12 17:41:36,359 [a0742c66-ae9f-48ce-9181-086e540b3b62-groupManagement] INFO  server.RaftServerConfigKeys (ConfUtils.java:logGet(46)) - raft.server.log.appender.buffer.byte-limit = 8388608 (custom)
2024-05-12 17:41:36,359 [a0742c66-ae9f-48ce-9181-086e540b3b62-groupManagement] INFO  server.RaftServerConfigKeys (ConfUtils.java:logGet(46)) - raft.server.log.statemachine.data.read.timeout = 1000ms (default)
2024-05-12 17:41:36,359 [a0742c66-ae9f-48ce-9181-086e540b3b62-groupManagement] INFO  server.RaftServerConfigKeys (ConfUtils.java:logGet(46)) - raft.server.log.purge.preservation.log.num = 0 (default)
2024-05-12 17:41:36,360 [a0742c66-ae9f-48ce-9181-086e540b3b62-groupManagement] INFO  server.RaftServerConfigKeys (ConfUtils.java:logGet(46)) - raft.server.log.segment.size.max = 67108864 (custom)
2024-05-12 17:41:36,360 [a0742c66-ae9f-48ce-9181-086e540b3b62-groupManagement] INFO  server.RaftServerConfigKeys (ConfUtils.java:logGet(46)) - raft.server.log.segment.cache.num.max = 2 (custom)
2024-05-12 17:41:36,360 [a0742c66-ae9f-48ce-9181-086e540b3b62-groupManagement] INFO  server.RaftServerConfigKeys (ConfUtils.java:logGet(46)) - raft.server.log.segment.cache.size.max = 200MB (=209715200) (default)
2024-05-12 17:41:36,360 [a0742c66-ae9f-48ce-9181-086e540b3b62-groupManagement] INFO  server.RaftServerConfigKeys (ConfUtils.java:logGet(46)) - raft.server.log.appender.buffer.byte-limit = 8388608 (custom)
2024-05-12 17:41:36,361 [a0742c66-ae9f-48ce-9181-086e540b3b62-groupManagement] INFO  util.AwaitToRun (AwaitToRun.java:start(81)) - Thread[a0742c66-ae9f-48ce-9181-086e540b3b62@group-13A0CAA15F1F-cacheEviction-AwaitToRun,5,main] started
2024-05-12 17:41:36,361 [a0742c66-ae9f-48ce-9181-086e540b3b62-groupManagement] INFO  segmented.SegmentedRaftLogWorker (SegmentedRaftLogWorker.java:<init>(182)) - new a0742c66-ae9f-48ce-9181-086e540b3b62@group-13A0CAA15F1F-SegmentedRaftLogWorker for RaftStorageImpl:Storage Directory /home/runner/work/ozone/ozone/hadoop-ozone/integration-test/target/test-dir/MiniOzoneClusterImpl-71ef5771-1bca-432b-8888-38dc3c8d5d63/ozone-meta/datanode-9/ratis/1ed39d93-d53b-42fe-b85c-13a0caa15f1f
2024-05-12 17:41:36,361 [a0742c66-ae9f-48ce-9181-086e540b3b62-groupManagement] INFO  server.RaftServerConfigKeys (ConfUtils.java:logGet(46)) - raft.server.log.queue.byte-limit = 4294967296 (custom)
2024-05-12 17:41:36,361 [a0742c66-ae9f-48ce-9181-086e540b3b62-groupManagement] INFO  server.RaftServerConfigKeys (ConfUtils.java:logGet(46)) - raft.server.log.queue.element-limit = 1024 (custom)
2024-05-12 17:41:36,361 [a0742c66-ae9f-48ce-9181-086e540b3b62-groupManagement] INFO  server.RaftServerConfigKeys (ConfUtils.java:logGet(46)) - raft.server.log.segment.size.max = 67108864 (custom)
2024-05-12 17:41:36,361 [a0742c66-ae9f-48ce-9181-086e540b3b62-groupManagement] INFO  server.RaftServerConfigKeys (ConfUtils.java:logGet(46)) - raft.server.log.preallocated.size = 4194304 (custom)
2024-05-12 17:41:36,361 [a0742c66-ae9f-48ce-9181-086e540b3b62-groupManagement] INFO  server.RaftServerConfigKeys (ConfUtils.java:logGet(46)) - raft.server.log.force.sync.num = 128 (default)
2024-05-12 17:41:36,361 [a0742c66-ae9f-48ce-9181-086e540b3b62-groupManagement] INFO  server.RaftServerConfigKeys (ConfUtils.java:logGet(46)) - raft.server.log.statemachine.data.sync = true (default)
2024-05-12 17:41:36,361 [a0742c66-ae9f-48ce-9181-086e540b3b62-groupManagement] INFO  server.RaftServerConfigKeys (ConfUtils.java:logGet(46)) - raft.server.log.statemachine.data.sync.timeout = 10s (default)
2024-05-12 17:41:36,361 [a0742c66-ae9f-48ce-9181-086e540b3b62-groupManagement] INFO  server.RaftServerConfigKeys (ConfUtils.java:logGet(46)) - raft.server.log.statemachine.data.sync.timeout.retry = 30 (custom)
2024-05-12 17:41:36,361 [a0742c66-ae9f-48ce-9181-086e540b3b62-groupManagement] INFO  server.RaftServerConfigKeys (ConfUtils.java:logGet(46)) - raft.server.log.write.buffer.size = 8388616 (custom)
2024-05-12 17:41:36,363 [a0742c66-ae9f-48ce-9181-086e540b3b62-groupManagement] INFO  server.RaftServerConfigKeys (ConfUtils.java:logGet(46)) - raft.server.log.appender.buffer.byte-limit = 8388608 (custom)
2024-05-12 17:41:36,363 [a0742c66-ae9f-48ce-9181-086e540b3b62-groupManagement] INFO  server.RaftServerConfigKeys (ConfUtils.java:logGet(46)) - raft.server.log.unsafe-flush.enabled = false (default)
2024-05-12 17:41:36,363 [a0742c66-ae9f-48ce-9181-086e540b3b62-groupManagement] INFO  server.RaftServerConfigKeys (ConfUtils.java:logGet(46)) - raft.server.log.async-flush.enabled = false (default)
2024-05-12 17:41:36,363 [a0742c66-ae9f-48ce-9181-086e540b3b62-groupManagement] INFO  server.RaftServerConfigKeys (ConfUtils.java:logGet(46)) - raft.server.log.statemachine.data.caching.enabled = true (custom)
2024-05-12 17:41:36,363 [a0742c66-ae9f-48ce-9181-086e540b3b62-groupManagement] INFO  segmented.SegmentedRaftLogWorker (SegmentedRaftLogWorker.java:lambda$new$0(134)) - a0742c66-ae9f-48ce-9181-086e540b3b62@group-13A0CAA15F1F-SegmentedRaftLogWorker: flushIndex: setUnconditionally 0 -> -1
2024-05-12 17:41:36,363 [a0742c66-ae9f-48ce-9181-086e540b3b62-groupManagement] INFO  segmented.SegmentedRaftLogWorker (SegmentedRaftLogWorker.java:lambda$new$0(134)) - a0742c66-ae9f-48ce-9181-086e540b3b62@group-13A0CAA15F1F-SegmentedRaftLogWorker: safeCacheEvictIndex: setUnconditionally 0 -> -1
2024-05-12 17:41:36,363 [a0742c66-ae9f-48ce-9181-086e540b3b62-groupManagement] INFO  server.RaftServer$Division (RaftServerImpl.java:start(396)) - a0742c66-ae9f-48ce-9181-086e540b3b62@group-13A0CAA15F1F: start as a follower, conf=-1: peers:[93bda13b-2c91-401a-a9f5-fc4ebb9220da|127.0.0.1:15362, fa054618-3a8f-49b0-93d4-5933c936b659|127.0.0.1:15371, a0742c66-ae9f-48ce-9181-086e540b3b62|127.0.0.1:15380]|listeners:[], old=null
2024-05-12 17:41:36,363 [a0742c66-ae9f-48ce-9181-086e540b3b62-groupManagement] INFO  server.RaftServer$Division (RaftServerImpl.java:setRole(383)) - a0742c66-ae9f-48ce-9181-086e540b3b62@group-13A0CAA15F1F: changes role from      null to FOLLOWER at term 0 for startAsFollower
2024-05-12 17:41:36,364 [a0742c66-ae9f-48ce-9181-086e540b3b62-groupManagement] INFO  impl.RoleInfo (RoleInfo.java:updateAndGet(139)) - a0742c66-ae9f-48ce-9181-086e540b3b62: start a0742c66-ae9f-48ce-9181-086e540b3b62@group-13A0CAA15F1F-FollowerState
2024-05-12 17:41:36,364 [a0742c66-ae9f-48ce-9181-086e540b3b62@group-13A0CAA15F1F-FollowerState] INFO  server.RaftServerConfigKeys (ConfUtils.java:logFallback(53)) - raft.server.rpc.first-election.timeout.min = 1s (fallback to raft.server.rpc.timeout.min)
2024-05-12 17:41:36,364 [a0742c66-ae9f-48ce-9181-086e540b3b62@group-13A0CAA15F1F-FollowerState] INFO  server.RaftServerConfigKeys (ConfUtils.java:logFallback(53)) - raft.server.rpc.first-election.timeout.max = 1200ms (fallback to raft.server.rpc.timeout.max)
2024-05-12 17:41:36,364 [a0742c66-ae9f-48ce-9181-086e540b3b62-groupManagement] INFO  util.JmxRegister (JmxRegister.java:tryRegister(44)) - Successfully registered JMX Bean with object name Ratis:service=RaftServer,group=group-13A0CAA15F1F,id=a0742c66-ae9f-48ce-9181-086e540b3b62
2024-05-12 17:41:36,364 [a0742c66-ae9f-48ce-9181-086e540b3b62-groupManagement] INFO  server.RaftServerConfigKeys (ConfUtils.java:logGet(46)) - raft.server.snapshot.trigger-when-stop.enabled = true (default)
2024-05-12 17:41:36,364 [a0742c66-ae9f-48ce-9181-086e540b3b62-groupManagement] INFO  server.RaftServerConfigKeys (ConfUtils.java:logGet(46)) - raft.server.snapshot.auto.trigger.enabled = true (custom)
2024-05-12 17:41:36,364 [a0742c66-ae9f-48ce-9181-086e540b3b62-groupManagement] INFO  server.RaftServerConfigKeys (ConfUtils.java:logGet(46)) - raft.server.snapshot.auto.trigger.threshold = 10000 (custom)
2024-05-12 17:41:36,364 [a0742c66-ae9f-48ce-9181-086e540b3b62-groupManagement] INFO  server.RaftServerConfigKeys (ConfUtils.java:logGet(46)) - raft.server.snapshot.retention.file.num = 5 (custom)
2024-05-12 17:41:36,364 [a0742c66-ae9f-48ce-9181-086e540b3b62-groupManagement] INFO  server.RaftServerConfigKeys (ConfUtils.java:logGet(46)) - raft.server.log.purge.upto.snapshot.index = false (default)
2024-05-12 17:41:36,370 [grpc-default-executor-1] INFO  server.RaftServer (RaftServerProxy.java:addNew(100)) - fa054618-3a8f-49b0-93d4-5933c936b659: addNew group-13A0CAA15F1F:[93bda13b-2c91-401a-a9f5-fc4ebb9220da|127.0.0.1:15362, fa054618-3a8f-49b0-93d4-5933c936b659|127.0.0.1:15371, a0742c66-ae9f-48ce-9181-086e540b3b62|127.0.0.1:15380] returns group-13A0CAA15F1F:java.util.concurrent.CompletableFuture@4ad7b1f2[Not completed]
2024-05-12 17:41:36,371 [fa054618-3a8f-49b0-93d4-5933c936b659-groupManagement] INFO  server.RaftServer$Division (RaftServerImpl.java:<init>(256)) - fa054618-3a8f-49b0-93d4-5933c936b659: new RaftServerImpl for group-13A0CAA15F1F:[93bda13b-2c91-401a-a9f5-fc4ebb9220da|127.0.0.1:15362, fa054618-3a8f-49b0-93d4-5933c936b659|127.0.0.1:15371, a0742c66-ae9f-48ce-9181-086e540b3b62|127.0.0.1:15380] with ContainerStateMachine:uninitialized
2024-05-12 17:41:36,371 [fa054618-3a8f-49b0-93d4-5933c936b659-groupManagement] INFO  server.RaftServerConfigKeys (ConfUtils.java:logGet(46)) - raft.server.rpc.timeout.min = 1s (custom)
2024-05-12 17:41:36,371 [fa054618-3a8f-49b0-93d4-5933c936b659-groupManagement] INFO  server.RaftServerConfigKeys (ConfUtils.java:logGet(46)) - raft.server.rpc.timeout.max = 1200ms (custom)
2024-05-12 17:41:36,371 [fa054618-3a8f-49b0-93d4-5933c936b659-groupManagement] INFO  server.RaftServerConfigKeys (ConfUtils.java:logGet(46)) - raft.server.rpc.sleep.time = 25ms (default)
2024-05-12 17:41:36,371 [fa054618-3a8f-49b0-93d4-5933c936b659-groupManagement] INFO  server.RaftServerConfigKeys (ConfUtils.java:logGet(46)) - raft.server.rpc.slowness.timeout = 300000ms (custom)
2024-05-12 17:41:36,371 [fa054618-3a8f-49b0-93d4-5933c936b659-groupManagement] INFO  server.RaftServerConfigKeys (ConfUtils.java:logGet(46)) - raft.server.leaderelection.leader.step-down.wait-time = 10s (default)
2024-05-12 17:41:36,371 [fa054618-3a8f-49b0-93d4-5933c936b659-groupManagement] INFO  server.RaftServerConfigKeys (ConfUtils.java:logGet(46)) - raft.server.leaderelection.member.majority-add = false (default)
2024-05-12 17:41:36,371 [fa054618-3a8f-49b0-93d4-5933c936b659-groupManagement] INFO  server.RaftServerConfigKeys (ConfUtils.java:logGet(46)) - raft.server.sleep.deviation.threshold = 300ms (default)
2024-05-12 17:41:36,371 [fa054618-3a8f-49b0-93d4-5933c936b659-groupManagement] INFO  server.RaftServer$Division (ServerState.java:<init>(113)) - fa054618-3a8f-49b0-93d4-5933c936b659@group-13A0CAA15F1F: ConfigurationManager, init=-1: peers:[93bda13b-2c91-401a-a9f5-fc4ebb9220da|127.0.0.1:15362, fa054618-3a8f-49b0-93d4-5933c936b659|127.0.0.1:15371, a0742c66-ae9f-48ce-9181-086e540b3b62|127.0.0.1:15380]|listeners:[], old=null, confs=<EMPTY_MAP>
2024-05-12 17:41:36,371 [fa054618-3a8f-49b0-93d4-5933c936b659-groupManagement] INFO  server.RaftServerConfigKeys (ConfUtils.java:logGet(46)) - raft.server.notification.no-leader.timeout = 300000ms (custom)
2024-05-12 17:41:36,371 [fa054618-3a8f-49b0-93d4-5933c936b659-groupManagement] INFO  server.RaftServerConfigKeys (ConfUtils.java:logGet(46)) - raft.server.read.timeout = 10s (default)
2024-05-12 17:41:36,371 [fa054618-3a8f-49b0-93d4-5933c936b659-groupManagement] INFO  server.RaftServerConfigKeys (ConfUtils.java:logGet(46)) - raft.server.retrycache.expirytime = 600000ms (custom)
2024-05-12 17:41:36,371 [fa054618-3a8f-49b0-93d4-5933c936b659-groupManagement] INFO  server.RaftServerConfigKeys (ConfUtils.java:logGet(46)) - raft.server.retrycache.statistics.expirytime = 100ms (default)
2024-05-12 17:41:36,371 [fa054618-3a8f-49b0-93d4-5933c936b659-groupManagement] INFO  server.RaftServerConfigKeys (ConfUtils.java:logGet(46)) - raft.server.read.option = DEFAULT (default)
2024-05-12 17:41:36,371 [fa054618-3a8f-49b0-93d4-5933c936b659-groupManagement] INFO  server.RaftServerConfigKeys (ConfUtils.java:logGet(46)) - raft.server.read.read-after-write-consistent.write-index-cache.expiry-time = 60s (default)
2024-05-12 17:41:36,372 [fa054618-3a8f-49b0-93d4-5933c936b659-PipelineCommandHandlerThread-0] INFO  server.RaftServer (RaftServerProxy.java:addNew(100)) - fa054618-3a8f-49b0-93d4-5933c936b659: addNew group-3D405C2ACDC2:[fa054618-3a8f-49b0-93d4-5933c936b659|127.0.0.1:15371] returns group-3D405C2ACDC2:java.util.concurrent.CompletableFuture@1d2b2da6[Not completed]
2024-05-12 17:41:36,373 [fa054618-3a8f-49b0-93d4-5933c936b659-groupManagement] INFO  server.RaftServerConfigKeys (ConfUtils.java:logGet(46)) - raft.server.rpc.request.timeout = 3000ms (default)
2024-05-12 17:41:36,373 [fa054618-3a8f-49b0-93d4-5933c936b659-groupManagement] INFO  server.RaftServerConfigKeys (ConfUtils.java:logGet(46)) - raft.server.log.appender.install.snapshot.enabled = false (custom)
2024-05-12 17:41:36,373 [fa054618-3a8f-49b0-93d4-5933c936b659-groupManagement] INFO  server.RaftServerConfigKeys (ConfUtils.java:logGet(46)) - raft.server.threadpool.server.cached = true (default)
2024-05-12 17:41:36,373 [fa054618-3a8f-49b0-93d4-5933c936b659-groupManagement] INFO  server.RaftServerConfigKeys (ConfUtils.java:logGet(46)) - raft.server.threadpool.server.size = 0 (default)
2024-05-12 17:41:36,373 [fa054618-3a8f-49b0-93d4-5933c936b659-groupManagement] INFO  server.RaftServerConfigKeys (ConfUtils.java:logGet(46)) - raft.server.threadpool.client.cached = true (default)
2024-05-12 17:41:36,373 [fa054618-3a8f-49b0-93d4-5933c936b659-groupManagement] INFO  server.RaftServerConfigKeys (ConfUtils.java:logGet(46)) - raft.server.threadpool.client.size = 0 (default)
2024-05-12 17:41:36,374 [fa054618-3a8f-49b0-93d4-5933c936b659-groupManagement] INFO  server.RaftServer$Division (RaftServerImpl.java:<init>(256)) - fa054618-3a8f-49b0-93d4-5933c936b659: new RaftServerImpl for group-3D405C2ACDC2:[fa054618-3a8f-49b0-93d4-5933c936b659|127.0.0.1:15371] with ContainerStateMachine:uninitialized
2024-05-12 17:41:36,374 [fa054618-3a8f-49b0-93d4-5933c936b659-groupManagement] INFO  server.RaftServerConfigKeys (ConfUtils.java:logGet(46)) - raft.server.rpc.timeout.min = 1s (custom)
2024-05-12 17:41:36,374 [fa054618-3a8f-49b0-93d4-5933c936b659-groupManagement] INFO  server.RaftServerConfigKeys (ConfUtils.java:logGet(46)) - raft.server.rpc.timeout.max = 1200ms (custom)
2024-05-12 17:41:36,374 [fa054618-3a8f-49b0-93d4-5933c936b659-groupManagement] INFO  server.RaftServerConfigKeys (ConfUtils.java:logGet(46)) - raft.server.rpc.sleep.time = 25ms (default)
2024-05-12 17:41:36,374 [fa054618-3a8f-49b0-93d4-5933c936b659-groupManagement] INFO  server.RaftServerConfigKeys (ConfUtils.java:logGet(46)) - raft.server.rpc.slowness.timeout = 300000ms (custom)
2024-05-12 17:41:36,374 [fa054618-3a8f-49b0-93d4-5933c936b659-groupManagement] INFO  server.RaftServerConfigKeys (ConfUtils.java:logGet(46)) - raft.server.leaderelection.leader.step-down.wait-time = 10s (default)
2024-05-12 17:41:36,374 [fa054618-3a8f-49b0-93d4-5933c936b659-groupManagement] INFO  server.RaftServerConfigKeys (ConfUtils.java:logGet(46)) - raft.server.leaderelection.member.majority-add = false (default)
2024-05-12 17:41:36,374 [fa054618-3a8f-49b0-93d4-5933c936b659-groupManagement] INFO  server.RaftServerConfigKeys (ConfUtils.java:logGet(46)) - raft.server.sleep.deviation.threshold = 300ms (default)
2024-05-12 17:41:36,374 [fa054618-3a8f-49b0-93d4-5933c936b659-groupManagement] INFO  server.RaftServer$Division (ServerState.java:<init>(113)) - fa054618-3a8f-49b0-93d4-5933c936b659@group-3D405C2ACDC2: ConfigurationManager, init=-1: peers:[fa054618-3a8f-49b0-93d4-5933c936b659|127.0.0.1:15371]|listeners:[], old=null, confs=<EMPTY_MAP>
2024-05-12 17:41:36,374 [fa054618-3a8f-49b0-93d4-5933c936b659-groupManagement] INFO  server.RaftServerConfigKeys (ConfUtils.java:logGet(46)) - raft.server.notification.no-leader.timeout = 300000ms (custom)
2024-05-12 17:41:36,374 [fa054618-3a8f-49b0-93d4-5933c936b659-groupManagement] INFO  server.RaftServerConfigKeys (ConfUtils.java:logGet(46)) - raft.server.read.timeout = 10s (default)
2024-05-12 17:41:36,374 [fa054618-3a8f-49b0-93d4-5933c936b659-groupManagement] INFO  server.RaftServerConfigKeys (ConfUtils.java:logGet(46)) - raft.server.retrycache.expirytime = 600000ms (custom)
2024-05-12 17:41:36,374 [fa054618-3a8f-49b0-93d4-5933c936b659-groupManagement] INFO  server.RaftServerConfigKeys (ConfUtils.java:logGet(46)) - raft.server.retrycache.statistics.expirytime = 100ms (default)
2024-05-12 17:41:36,374 [fa054618-3a8f-49b0-93d4-5933c936b659-groupManagement] INFO  server.RaftServerConfigKeys (ConfUtils.java:logGet(46)) - raft.server.read.option = DEFAULT (default)
2024-05-12 17:41:36,374 [fa054618-3a8f-49b0-93d4-5933c936b659-groupManagement] INFO  server.RaftServerConfigKeys (ConfUtils.java:logGet(46)) - raft.server.read.read-after-write-consistent.write-index-cache.expiry-time = 60s (default)
2024-05-12 17:41:36,376 [fa054618-3a8f-49b0-93d4-5933c936b659-groupManagement] INFO  server.RaftServerConfigKeys (ConfUtils.java:logGet(46)) - raft.server.rpc.request.timeout = 3000ms (default)
2024-05-12 17:41:36,376 [fa054618-3a8f-49b0-93d4-5933c936b659-groupManagement] INFO  server.RaftServerConfigKeys (ConfUtils.java:logGet(46)) - raft.server.log.appender.install.snapshot.enabled = false (custom)
2024-05-12 17:41:36,376 [fa054618-3a8f-49b0-93d4-5933c936b659-groupManagement] INFO  server.RaftServerConfigKeys (ConfUtils.java:logGet(46)) - raft.server.threadpool.server.cached = true (default)
2024-05-12 17:41:36,376 [fa054618-3a8f-49b0-93d4-5933c936b659-groupManagement] INFO  server.RaftServerConfigKeys (ConfUtils.java:logGet(46)) - raft.server.threadpool.server.size = 0 (default)
2024-05-12 17:41:36,376 [fa054618-3a8f-49b0-93d4-5933c936b659-groupManagement] INFO  server.RaftServerConfigKeys (ConfUtils.java:logGet(46)) - raft.server.threadpool.client.cached = true (default)
2024-05-12 17:41:36,376 [fa054618-3a8f-49b0-93d4-5933c936b659-groupManagement] INFO  server.RaftServerConfigKeys (ConfUtils.java:logGet(46)) - raft.server.threadpool.client.size = 0 (default)
2024-05-12 17:41:36,376 [fa054618-3a8f-49b0-93d4-5933c936b659-groupManagement] INFO  server.RaftServerConfigKeys (ConfUtils.java:logGet(46)) - raft.server.storage.free-space.min = 0MB (=0) (default)
2024-05-12 17:41:36,376 [fa054618-3a8f-49b0-93d4-5933c936b659-groupManagement] INFO  server.RaftServerConfigKeys (ConfUtils.java:logGet(46)) - raft.server.log.corruption.policy = EXCEPTION (default)
2024-05-12 17:41:36,376 [fa054618-3a8f-49b0-93d4-5933c936b659-groupManagement] INFO  server.RaftServerConfigKeys (ConfUtils.java:logGet(46)) - raft.server.storage.dir = [/home/runner/work/ozone/ozone/hadoop-ozone/integration-test/target/test-dir/MiniOzoneClusterImpl-71ef5771-1bca-432b-8888-38dc3c8d5d63/ozone-meta/datanode-8/ratis] (custom)
2024-05-12 17:41:36,377 [fa054618-3a8f-49b0-93d4-5933c936b659-groupManagement] INFO  storage.RaftStorageDirectory (RaftStorageDirectoryImpl.java:analyzeStorage(138)) - The storage directory /home/runner/work/ozone/ozone/hadoop-ozone/integration-test/target/test-dir/MiniOzoneClusterImpl-71ef5771-1bca-432b-8888-38dc3c8d5d63/ozone-meta/datanode-8/ratis/1ed39d93-d53b-42fe-b85c-13a0caa15f1f does not exist. Creating ...
2024-05-12 17:41:36,378 [fa054618-3a8f-49b0-93d4-5933c936b659-groupManagement] INFO  storage.RaftStorageDirectory (RaftStorageDirectoryImpl.java:tryLock(228)) - Lock on /home/runner/work/ozone/ozone/hadoop-ozone/integration-test/target/test-dir/MiniOzoneClusterImpl-71ef5771-1bca-432b-8888-38dc3c8d5d63/ozone-meta/datanode-8/ratis/1ed39d93-d53b-42fe-b85c-13a0caa15f1f/in_use.lock acquired by nodename 12547@fv-az576-466
2024-05-12 17:41:36,379 [fa054618-3a8f-49b0-93d4-5933c936b659-groupManagement] INFO  storage.RaftStorage (RaftStorageImpl.java:format(99)) - Storage directory /home/runner/work/ozone/ozone/hadoop-ozone/integration-test/target/test-dir/MiniOzoneClusterImpl-71ef5771-1bca-432b-8888-38dc3c8d5d63/ozone-meta/datanode-8/ratis/1ed39d93-d53b-42fe-b85c-13a0caa15f1f has been successfully formatted.
2024-05-12 17:41:36,379 [fa054618-3a8f-49b0-93d4-5933c936b659-groupManagement] WARN  util.FileUtils (LogUtils.java:supplyAndLog(63)) - Failed to Files.newInputStream /home/runner/work/ozone/ozone/hadoop-ozone/integration-test/target/test-dir/MiniOzoneClusterImpl-71ef5771-1bca-432b-8888-38dc3c8d5d63/ozone-meta/datanode-8/ratis/1ed39d93-d53b-42fe-b85c-13a0caa15f1f/current/raft-meta.conf with options []: java.nio.file.NoSuchFileException: /home/runner/work/ozone/ozone/hadoop-ozone/integration-test/target/test-dir/MiniOzoneClusterImpl-71ef5771-1bca-432b-8888-38dc3c8d5d63/ozone-meta/datanode-8/ratis/1ed39d93-d53b-42fe-b85c-13a0caa15f1f/current/raft-meta.conf
2024-05-12 17:41:36,379 [fa054618-3a8f-49b0-93d4-5933c936b659-groupManagement] INFO  ratis.ContainerStateMachine (ContainerStateMachine.java:loadSnapshot(287)) - group-13A0CAA15F1F: The snapshot info is null. Setting the last applied index to:(t:0, i:~)
2024-05-12 17:41:36,379 [fa054618-3a8f-49b0-93d4-5933c936b659-groupManagement] INFO  server.RaftServerConfigKeys (ConfUtils.java:logGet(46)) - raft.server.log.use.memory = false (default)
2024-05-12 17:41:36,379 [fa054618-3a8f-49b0-93d4-5933c936b659-groupManagement] INFO  server.RaftServerConfigKeys (ConfUtils.java:logGet(46)) - raft.server.log.purge.gap = 1000000 (custom)
2024-05-12 17:41:36,379 [fa054618-3a8f-49b0-93d4-5933c936b659-groupManagement] INFO  server.RaftServerConfigKeys (ConfUtils.java:logGet(46)) - raft.server.log.appender.buffer.byte-limit = 8388608 (custom)
2024-05-12 17:41:36,379 [fa054618-3a8f-49b0-93d4-5933c936b659-groupManagement] INFO  server.RaftServerConfigKeys (ConfUtils.java:logGet(46)) - raft.server.log.statemachine.data.read.timeout = 1000ms (default)
2024-05-12 17:41:36,379 [fa054618-3a8f-49b0-93d4-5933c936b659-groupManagement] INFO  server.RaftServerConfigKeys (ConfUtils.java:logGet(46)) - raft.server.log.purge.preservation.log.num = 0 (default)
2024-05-12 17:41:36,380 [EventQueue-PipelineReportForPipelineReportHandler] INFO  pipeline.PipelineReportHandler (PipelineReportHandler.java:processPipelineReport(136)) - Opened pipeline PipelineID=bd86c3dd-9f5a-4fc5-b474-3d405c2acdc2
2024-05-12 17:41:36,380 [EventQueue-OpenPipelineForHealthyPipelineSafeModeRule] INFO  safemode.SCMSafeModeManager (HealthyPipelineSafeModeRule.java:process(140)) - SCM in safe mode. Healthy pipelines reported count is 0, required healthy pipeline reported count is 1
2024-05-12 17:41:36,381 [fa054618-3a8f-49b0-93d4-5933c936b659-groupManagement] INFO  server.RaftServerConfigKeys (ConfUtils.java:logGet(46)) - raft.server.log.segment.size.max = 67108864 (custom)
2024-05-12 17:41:36,381 [fa054618-3a8f-49b0-93d4-5933c936b659-groupManagement] INFO  server.RaftServerConfigKeys (ConfUtils.java:logGet(46)) - raft.server.log.segment.cache.num.max = 2 (custom)
2024-05-12 17:41:36,381 [fa054618-3a8f-49b0-93d4-5933c936b659-groupManagement] INFO  server.RaftServerConfigKeys (ConfUtils.java:logGet(46)) - raft.server.log.segment.cache.size.max = 200MB (=209715200) (default)
2024-05-12 17:41:36,381 [fa054618-3a8f-49b0-93d4-5933c936b659-groupManagement] INFO  server.RaftServerConfigKeys (ConfUtils.java:logGet(46)) - raft.server.log.appender.buffer.byte-limit = 8388608 (custom)
2024-05-12 17:41:36,381 [fa054618-3a8f-49b0-93d4-5933c936b659-groupManagement] INFO  util.AwaitToRun (AwaitToRun.java:start(81)) - Thread[fa054618-3a8f-49b0-93d4-5933c936b659@group-13A0CAA15F1F-cacheEviction-AwaitToRun,5,main] started
2024-05-12 17:41:36,381 [fa054618-3a8f-49b0-93d4-5933c936b659-groupManagement] INFO  segmented.SegmentedRaftLogWorker (SegmentedRaftLogWorker.java:<init>(182)) - new fa054618-3a8f-49b0-93d4-5933c936b659@group-13A0CAA15F1F-SegmentedRaftLogWorker for RaftStorageImpl:Storage Directory /home/runner/work/ozone/ozone/hadoop-ozone/integration-test/target/test-dir/MiniOzoneClusterImpl-71ef5771-1bca-432b-8888-38dc3c8d5d63/ozone-meta/datanode-8/ratis/1ed39d93-d53b-42fe-b85c-13a0caa15f1f
2024-05-12 17:41:36,381 [fa054618-3a8f-49b0-93d4-5933c936b659-groupManagement] INFO  server.RaftServerConfigKeys (ConfUtils.java:logGet(46)) - raft.server.log.queue.byte-limit = 4294967296 (custom)
2024-05-12 17:41:36,381 [fa054618-3a8f-49b0-93d4-5933c936b659-groupManagement] INFO  server.RaftServerConfigKeys (ConfUtils.java:logGet(46)) - raft.server.log.queue.element-limit = 1024 (custom)
2024-05-12 17:41:36,381 [fa054618-3a8f-49b0-93d4-5933c936b659-groupManagement] INFO  server.RaftServerConfigKeys (ConfUtils.java:logGet(46)) - raft.server.log.segment.size.max = 67108864 (custom)
2024-05-12 17:41:36,381 [fa054618-3a8f-49b0-93d4-5933c936b659-groupManagement] INFO  server.RaftServerConfigKeys (ConfUtils.java:logGet(46)) - raft.server.log.preallocated.size = 4194304 (custom)
2024-05-12 17:41:36,381 [fa054618-3a8f-49b0-93d4-5933c936b659-groupManagement] INFO  server.RaftServerConfigKeys (ConfUtils.java:logGet(46)) - raft.server.log.force.sync.num = 128 (default)
2024-05-12 17:41:36,382 [fa054618-3a8f-49b0-93d4-5933c936b659-groupManagement] INFO  server.RaftServerConfigKeys (ConfUtils.java:logGet(46)) - raft.server.log.statemachine.data.sync = true (default)
2024-05-12 17:41:36,382 [fa054618-3a8f-49b0-93d4-5933c936b659-groupManagement] INFO  server.RaftServerConfigKeys (ConfUtils.java:logGet(46)) - raft.server.log.statemachine.data.sync.timeout = 10s (default)
2024-05-12 17:41:36,382 [fa054618-3a8f-49b0-93d4-5933c936b659-groupManagement] INFO  server.RaftServerConfigKeys (ConfUtils.java:logGet(46)) - raft.server.log.statemachine.data.sync.timeout.retry = 30 (custom)
2024-05-12 17:41:36,382 [fa054618-3a8f-49b0-93d4-5933c936b659-groupManagement] INFO  server.RaftServerConfigKeys (ConfUtils.java:logGet(46)) - raft.server.log.write.buffer.size = 8388616 (custom)
2024-05-12 17:41:36,383 [fa054618-3a8f-49b0-93d4-5933c936b659-groupManagement] INFO  server.RaftServerConfigKeys (ConfUtils.java:logGet(46)) - raft.server.log.appender.buffer.byte-limit = 8388608 (custom)
2024-05-12 17:41:36,383 [fa054618-3a8f-49b0-93d4-5933c936b659-groupManagement] INFO  server.RaftServerConfigKeys (ConfUtils.java:logGet(46)) - raft.server.log.unsafe-flush.enabled = false (default)
2024-05-12 17:41:36,383 [fa054618-3a8f-49b0-93d4-5933c936b659-groupManagement] INFO  server.RaftServerConfigKeys (ConfUtils.java:logGet(46)) - raft.server.log.async-flush.enabled = false (default)
2024-05-12 17:41:36,383 [fa054618-3a8f-49b0-93d4-5933c936b659-groupManagement] INFO  server.RaftServerConfigKeys (ConfUtils.java:logGet(46)) - raft.server.log.statemachine.data.caching.enabled = true (custom)
2024-05-12 17:41:36,383 [fa054618-3a8f-49b0-93d4-5933c936b659-groupManagement] INFO  segmented.SegmentedRaftLogWorker (SegmentedRaftLogWorker.java:lambda$new$0(134)) - fa054618-3a8f-49b0-93d4-5933c936b659@group-13A0CAA15F1F-SegmentedRaftLogWorker: flushIndex: setUnconditionally 0 -> -1
2024-05-12 17:41:36,383 [fa054618-3a8f-49b0-93d4-5933c936b659-groupManagement] INFO  segmented.SegmentedRaftLogWorker (SegmentedRaftLogWorker.java:lambda$new$0(134)) - fa054618-3a8f-49b0-93d4-5933c936b659@group-13A0CAA15F1F-SegmentedRaftLogWorker: safeCacheEvictIndex: setUnconditionally 0 -> -1
2024-05-12 17:41:36,383 [fa054618-3a8f-49b0-93d4-5933c936b659-groupManagement] INFO  server.RaftServer$Division (RaftServerImpl.java:start(396)) - fa054618-3a8f-49b0-93d4-5933c936b659@group-13A0CAA15F1F: start as a follower, conf=-1: peers:[93bda13b-2c91-401a-a9f5-fc4ebb9220da|127.0.0.1:15362, fa054618-3a8f-49b0-93d4-5933c936b659|127.0.0.1:15371, a0742c66-ae9f-48ce-9181-086e540b3b62|127.0.0.1:15380]|listeners:[], old=null
2024-05-12 17:41:36,384 [fa054618-3a8f-49b0-93d4-5933c936b659-groupManagement] INFO  server.RaftServer$Division (RaftServerImpl.java:setRole(383)) - fa054618-3a8f-49b0-93d4-5933c936b659@group-13A0CAA15F1F: changes role from      null to FOLLOWER at term 0 for startAsFollower
2024-05-12 17:41:36,384 [fa054618-3a8f-49b0-93d4-5933c936b659-groupManagement] INFO  impl.RoleInfo (RoleInfo.java:updateAndGet(139)) - fa054618-3a8f-49b0-93d4-5933c936b659: start fa054618-3a8f-49b0-93d4-5933c936b659@group-13A0CAA15F1F-FollowerState
2024-05-12 17:41:36,384 [fa054618-3a8f-49b0-93d4-5933c936b659@group-13A0CAA15F1F-FollowerState] INFO  server.RaftServerConfigKeys (ConfUtils.java:logFallback(53)) - raft.server.rpc.first-election.timeout.min = 1s (fallback to raft.server.rpc.timeout.min)
2024-05-12 17:41:36,384 [fa054618-3a8f-49b0-93d4-5933c936b659-groupManagement] INFO  util.JmxRegister (JmxRegister.java:tryRegister(44)) - Successfully registered JMX Bean with object name Ratis:service=RaftServer,group=group-13A0CAA15F1F,id=fa054618-3a8f-49b0-93d4-5933c936b659
2024-05-12 17:41:36,384 [fa054618-3a8f-49b0-93d4-5933c936b659-groupManagement] INFO  server.RaftServerConfigKeys (ConfUtils.java:logGet(46)) - raft.server.snapshot.trigger-when-stop.enabled = true (default)
2024-05-12 17:41:36,384 [fa054618-3a8f-49b0-93d4-5933c936b659-groupManagement] INFO  server.RaftServerConfigKeys (ConfUtils.java:logGet(46)) - raft.server.snapshot.auto.trigger.enabled = true (custom)
2024-05-12 17:41:36,384 [fa054618-3a8f-49b0-93d4-5933c936b659-groupManagement] INFO  server.RaftServerConfigKeys (ConfUtils.java:logGet(46)) - raft.server.snapshot.auto.trigger.threshold = 10000 (custom)
2024-05-12 17:41:36,384 [fa054618-3a8f-49b0-93d4-5933c936b659-groupManagement] INFO  server.RaftServerConfigKeys (ConfUtils.java:logGet(46)) - raft.server.snapshot.retention.file.num = 5 (custom)
2024-05-12 17:41:36,384 [fa054618-3a8f-49b0-93d4-5933c936b659-groupManagement] INFO  server.RaftServerConfigKeys (ConfUtils.java:logGet(46)) - raft.server.log.purge.upto.snapshot.index = false (default)
2024-05-12 17:41:36,384 [fa054618-3a8f-49b0-93d4-5933c936b659@group-13A0CAA15F1F-FollowerState] INFO  server.RaftServerConfigKeys (ConfUtils.java:logFallback(53)) - raft.server.rpc.first-election.timeout.max = 1200ms (fallback to raft.server.rpc.timeout.max)
2024-05-12 17:41:36,385 [fa054618-3a8f-49b0-93d4-5933c936b659-groupManagement] INFO  server.RaftServerConfigKeys (ConfUtils.java:logGet(46)) - raft.server.storage.free-space.min = 0MB (=0) (default)
2024-05-12 17:41:36,385 [fa054618-3a8f-49b0-93d4-5933c936b659-groupManagement] INFO  server.RaftServerConfigKeys (ConfUtils.java:logGet(46)) - raft.server.log.corruption.policy = EXCEPTION (default)
2024-05-12 17:41:36,385 [fa054618-3a8f-49b0-93d4-5933c936b659-groupManagement] INFO  server.RaftServerConfigKeys (ConfUtils.java:logGet(46)) - raft.server.storage.dir = [/home/runner/work/ozone/ozone/hadoop-ozone/integration-test/target/test-dir/MiniOzoneClusterImpl-71ef5771-1bca-432b-8888-38dc3c8d5d63/ozone-meta/datanode-8/ratis] (custom)
2024-05-12 17:41:36,385 [fa054618-3a8f-49b0-93d4-5933c936b659-groupManagement] INFO  storage.RaftStorageDirectory (RaftStorageDirectoryImpl.java:analyzeStorage(138)) - The storage directory /home/runner/work/ozone/ozone/hadoop-ozone/integration-test/target/test-dir/MiniOzoneClusterImpl-71ef5771-1bca-432b-8888-38dc3c8d5d63/ozone-meta/datanode-8/ratis/bd86c3dd-9f5a-4fc5-b474-3d405c2acdc2 does not exist. Creating ...
2024-05-12 17:41:36,386 [93bda13b-2c91-401a-a9f5-fc4ebb9220da-PipelineCommandHandlerThread-0] INFO  commandhandler.CreatePipelineCommandHandler (CreatePipelineCommandHandler.java:lambda$handle$2(124)) - Created Pipeline RATIS THREE PipelineID=1ed39d93-d53b-42fe-b85c-13a0caa15f1f.
2024-05-12 17:41:36,386 [93bda13b-2c91-401a-a9f5-fc4ebb9220da-PipelineCommandHandlerThread-0] INFO  server.RaftServer (RaftServerProxy.java:addNew(100)) - 93bda13b-2c91-401a-a9f5-fc4ebb9220da: addNew group-2BFC12537A18:[93bda13b-2c91-401a-a9f5-fc4ebb9220da|127.0.0.1:15362, fa054618-3a8f-49b0-93d4-5933c936b659|127.0.0.1:15371, a0742c66-ae9f-48ce-9181-086e540b3b62|127.0.0.1:15380] returns group-2BFC12537A18:java.util.concurrent.CompletableFuture@3599a5ad[Not completed]
2024-05-12 17:41:36,386 [fa054618-3a8f-49b0-93d4-5933c936b659-groupManagement] INFO  storage.RaftStorageDirectory (RaftStorageDirectoryImpl.java:tryLock(228)) - Lock on /home/runner/work/ozone/ozone/hadoop-ozone/integration-test/target/test-dir/MiniOzoneClusterImpl-71ef5771-1bca-432b-8888-38dc3c8d5d63/ozone-meta/datanode-8/ratis/bd86c3dd-9f5a-4fc5-b474-3d405c2acdc2/in_use.lock acquired by nodename 12547@fv-az576-466
2024-05-12 17:41:36,387 [fa054618-3a8f-49b0-93d4-5933c936b659-groupManagement] INFO  storage.RaftStorage (RaftStorageImpl.java:format(99)) - Storage directory /home/runner/work/ozone/ozone/hadoop-ozone/integration-test/target/test-dir/MiniOzoneClusterImpl-71ef5771-1bca-432b-8888-38dc3c8d5d63/ozone-meta/datanode-8/ratis/bd86c3dd-9f5a-4fc5-b474-3d405c2acdc2 has been successfully formatted.
2024-05-12 17:41:36,387 [93bda13b-2c91-401a-a9f5-fc4ebb9220da-groupManagement] INFO  server.RaftServer$Division (RaftServerImpl.java:<init>(256)) - 93bda13b-2c91-401a-a9f5-fc4ebb9220da: new RaftServerImpl for group-2BFC12537A18:[93bda13b-2c91-401a-a9f5-fc4ebb9220da|127.0.0.1:15362, fa054618-3a8f-49b0-93d4-5933c936b659|127.0.0.1:15371, a0742c66-ae9f-48ce-9181-086e540b3b62|127.0.0.1:15380] with ContainerStateMachine:uninitialized
2024-05-12 17:41:36,387 [93bda13b-2c91-401a-a9f5-fc4ebb9220da-groupManagement] INFO  server.RaftServerConfigKeys (ConfUtils.java:logGet(46)) - raft.server.rpc.timeout.min = 1s (custom)
2024-05-12 17:41:36,387 [93bda13b-2c91-401a-a9f5-fc4ebb9220da-groupManagement] INFO  server.RaftServerConfigKeys (ConfUtils.java:logGet(46)) - raft.server.rpc.timeout.max = 1200ms (custom)
2024-05-12 17:41:36,387 [93bda13b-2c91-401a-a9f5-fc4ebb9220da-groupManagement] INFO  server.RaftServerConfigKeys (ConfUtils.java:logGet(46)) - raft.server.rpc.sleep.time = 25ms (default)
2024-05-12 17:41:36,387 [93bda13b-2c91-401a-a9f5-fc4ebb9220da-groupManagement] INFO  server.RaftServerConfigKeys (ConfUtils.java:logGet(46)) - raft.server.rpc.slowness.timeout = 300000ms (custom)
2024-05-12 17:41:36,387 [93bda13b-2c91-401a-a9f5-fc4ebb9220da-groupManagement] INFO  server.RaftServerConfigKeys (ConfUtils.java:logGet(46)) - raft.server.leaderelection.leader.step-down.wait-time = 10s (default)
2024-05-12 17:41:36,387 [93bda13b-2c91-401a-a9f5-fc4ebb9220da-groupManagement] INFO  server.RaftServerConfigKeys (ConfUtils.java:logGet(46)) - raft.server.leaderelection.member.majority-add = false (default)
2024-05-12 17:41:36,387 [93bda13b-2c91-401a-a9f5-fc4ebb9220da-groupManagement] INFO  server.RaftServerConfigKeys (ConfUtils.java:logGet(46)) - raft.server.sleep.deviation.threshold = 300ms (default)
2024-05-12 17:41:36,387 [93bda13b-2c91-401a-a9f5-fc4ebb9220da-groupManagement] INFO  server.RaftServer$Division (ServerState.java:<init>(113)) - 93bda13b-2c91-401a-a9f5-fc4ebb9220da@group-2BFC12537A18: ConfigurationManager, init=-1: peers:[93bda13b-2c91-401a-a9f5-fc4ebb9220da|127.0.0.1:15362, fa054618-3a8f-49b0-93d4-5933c936b659|127.0.0.1:15371, a0742c66-ae9f-48ce-9181-086e540b3b62|127.0.0.1:15380]|listeners:[], old=null, confs=<EMPTY_MAP>
2024-05-12 17:41:36,387 [93bda13b-2c91-401a-a9f5-fc4ebb9220da-groupManagement] INFO  server.RaftServerConfigKeys (ConfUtils.java:logGet(46)) - raft.server.notification.no-leader.timeout = 300000ms (custom)
2024-05-12 17:41:36,388 [93bda13b-2c91-401a-a9f5-fc4ebb9220da-groupManagement] INFO  server.RaftServerConfigKeys (ConfUtils.java:logGet(46)) - raft.server.read.timeout = 10s (default)
2024-05-12 17:41:36,388 [93bda13b-2c91-401a-a9f5-fc4ebb9220da-groupManagement] INFO  server.RaftServerConfigKeys (ConfUtils.java:logGet(46)) - raft.server.retrycache.expirytime = 600000ms (custom)
2024-05-12 17:41:36,388 [93bda13b-2c91-401a-a9f5-fc4ebb9220da-groupManagement] INFO  server.RaftServerConfigKeys (ConfUtils.java:logGet(46)) - raft.server.retrycache.statistics.expirytime = 100ms (default)
2024-05-12 17:41:36,388 [93bda13b-2c91-401a-a9f5-fc4ebb9220da-groupManagement] INFO  server.RaftServerConfigKeys (ConfUtils.java:logGet(46)) - raft.server.read.option = DEFAULT (default)
2024-05-12 17:41:36,388 [93bda13b-2c91-401a-a9f5-fc4ebb9220da-groupManagement] INFO  server.RaftServerConfigKeys (ConfUtils.java:logGet(46)) - raft.server.read.read-after-write-consistent.write-index-cache.expiry-time = 60s (default)
2024-05-12 17:41:36,390 [93bda13b-2c91-401a-a9f5-fc4ebb9220da-groupManagement] INFO  server.RaftServerConfigKeys (ConfUtils.java:logGet(46)) - raft.server.rpc.request.timeout = 3000ms (default)
2024-05-12 17:41:36,390 [93bda13b-2c91-401a-a9f5-fc4ebb9220da-groupManagement] INFO  server.RaftServerConfigKeys (ConfUtils.java:logGet(46)) - raft.server.log.appender.install.snapshot.enabled = false (custom)
2024-05-12 17:41:36,390 [93bda13b-2c91-401a-a9f5-fc4ebb9220da-groupManagement] INFO  server.RaftServerConfigKeys (ConfUtils.java:logGet(46)) - raft.server.threadpool.server.cached = true (default)
2024-05-12 17:41:36,390 [93bda13b-2c91-401a-a9f5-fc4ebb9220da-groupManagement] INFO  server.RaftServerConfigKeys (ConfUtils.java:logGet(46)) - raft.server.threadpool.server.size = 0 (default)
2024-05-12 17:41:36,390 [93bda13b-2c91-401a-a9f5-fc4ebb9220da-groupManagement] INFO  server.RaftServerConfigKeys (ConfUtils.java:logGet(46)) - raft.server.threadpool.client.cached = true (default)
2024-05-12 17:41:36,390 [93bda13b-2c91-401a-a9f5-fc4ebb9220da-groupManagement] INFO  server.RaftServerConfigKeys (ConfUtils.java:logGet(46)) - raft.server.threadpool.client.size = 0 (default)
2024-05-12 17:41:36,390 [93bda13b-2c91-401a-a9f5-fc4ebb9220da-groupManagement] INFO  server.RaftServerConfigKeys (ConfUtils.java:logGet(46)) - raft.server.storage.free-space.min = 0MB (=0) (default)
2024-05-12 17:41:36,390 [93bda13b-2c91-401a-a9f5-fc4ebb9220da-groupManagement] INFO  server.RaftServerConfigKeys (ConfUtils.java:logGet(46)) - raft.server.log.corruption.policy = EXCEPTION (default)
2024-05-12 17:41:36,390 [93bda13b-2c91-401a-a9f5-fc4ebb9220da-groupManagement] INFO  server.RaftServerConfigKeys (ConfUtils.java:logGet(46)) - raft.server.storage.dir = [/home/runner/work/ozone/ozone/hadoop-ozone/integration-test/target/test-dir/MiniOzoneClusterImpl-71ef5771-1bca-432b-8888-38dc3c8d5d63/ozone-meta/datanode-7/ratis] (custom)
2024-05-12 17:41:36,391 [93bda13b-2c91-401a-a9f5-fc4ebb9220da-groupManagement] INFO  storage.RaftStorageDirectory (RaftStorageDirectoryImpl.java:analyzeStorage(138)) - The storage directory /home/runner/work/ozone/ozone/hadoop-ozone/integration-test/target/test-dir/MiniOzoneClusterImpl-71ef5771-1bca-432b-8888-38dc3c8d5d63/ozone-meta/datanode-7/ratis/6bfef457-b58e-438a-8fe9-2bfc12537a18 does not exist. Creating ...
2024-05-12 17:41:36,391 [fa054618-3a8f-49b0-93d4-5933c936b659-groupManagement] WARN  util.FileUtils (LogUtils.java:supplyAndLog(63)) - Failed to Files.newInputStream /home/runner/work/ozone/ozone/hadoop-ozone/integration-test/target/test-dir/MiniOzoneClusterImpl-71ef5771-1bca-432b-8888-38dc3c8d5d63/ozone-meta/datanode-8/ratis/bd86c3dd-9f5a-4fc5-b474-3d405c2acdc2/current/raft-meta.conf with options []: java.nio.file.NoSuchFileException: /home/runner/work/ozone/ozone/hadoop-ozone/integration-test/target/test-dir/MiniOzoneClusterImpl-71ef5771-1bca-432b-8888-38dc3c8d5d63/ozone-meta/datanode-8/ratis/bd86c3dd-9f5a-4fc5-b474-3d405c2acdc2/current/raft-meta.conf
2024-05-12 17:41:36,391 [93bda13b-2c91-401a-a9f5-fc4ebb9220da-groupManagement] INFO  storage.RaftStorageDirectory (RaftStorageDirectoryImpl.java:tryLock(228)) - Lock on /home/runner/work/ozone/ozone/hadoop-ozone/integration-test/target/test-dir/MiniOzoneClusterImpl-71ef5771-1bca-432b-8888-38dc3c8d5d63/ozone-meta/datanode-7/ratis/6bfef457-b58e-438a-8fe9-2bfc12537a18/in_use.lock acquired by nodename 12547@fv-az576-466
2024-05-12 17:41:36,391 [fa054618-3a8f-49b0-93d4-5933c936b659-groupManagement] INFO  ratis.ContainerStateMachine (ContainerStateMachine.java:loadSnapshot(287)) - group-3D405C2ACDC2: The snapshot info is null. Setting the last applied index to:(t:0, i:~)
2024-05-12 17:41:36,392 [fa054618-3a8f-49b0-93d4-5933c936b659-groupManagement] INFO  server.RaftServerConfigKeys (ConfUtils.java:logGet(46)) - raft.server.log.use.memory = false (default)
2024-05-12 17:41:36,392 [fa054618-3a8f-49b0-93d4-5933c936b659-groupManagement] INFO  server.RaftServerConfigKeys (ConfUtils.java:logGet(46)) - raft.server.log.purge.gap = 1000000 (custom)
2024-05-12 17:41:36,392 [fa054618-3a8f-49b0-93d4-5933c936b659-groupManagement] INFO  server.RaftServerConfigKeys (ConfUtils.java:logGet(46)) - raft.server.log.appender.buffer.byte-limit = 8388608 (custom)
2024-05-12 17:41:36,392 [fa054618-3a8f-49b0-93d4-5933c936b659-groupManagement] INFO  server.RaftServerConfigKeys (ConfUtils.java:logGet(46)) - raft.server.log.statemachine.data.read.timeout = 1000ms (default)
2024-05-12 17:41:36,392 [fa054618-3a8f-49b0-93d4-5933c936b659-groupManagement] INFO  server.RaftServerConfigKeys (ConfUtils.java:logGet(46)) - raft.server.log.purge.preservation.log.num = 0 (default)
2024-05-12 17:41:36,392 [EventQueue-OpenPipelineForHealthyPipelineSafeModeRule] INFO  safemode.SCMSafeModeManager (HealthyPipelineSafeModeRule.java:process(140)) - SCM in safe mode. Healthy pipelines reported count is 0, required healthy pipeline reported count is 1
2024-05-12 17:41:36,393 [93bda13b-2c91-401a-a9f5-fc4ebb9220da-groupManagement] INFO  storage.RaftStorage (RaftStorageImpl.java:format(99)) - Storage directory /home/runner/work/ozone/ozone/hadoop-ozone/integration-test/target/test-dir/MiniOzoneClusterImpl-71ef5771-1bca-432b-8888-38dc3c8d5d63/ozone-meta/datanode-7/ratis/6bfef457-b58e-438a-8fe9-2bfc12537a18 has been successfully formatted.
2024-05-12 17:41:36,393 [93bda13b-2c91-401a-a9f5-fc4ebb9220da-groupManagement] WARN  util.FileUtils (LogUtils.java:supplyAndLog(63)) - Failed to Files.newInputStream /home/runner/work/ozone/ozone/hadoop-ozone/integration-test/target/test-dir/MiniOzoneClusterImpl-71ef5771-1bca-432b-8888-38dc3c8d5d63/ozone-meta/datanode-7/ratis/6bfef457-b58e-438a-8fe9-2bfc12537a18/current/raft-meta.conf with options []: java.nio.file.NoSuchFileException: /home/runner/work/ozone/ozone/hadoop-ozone/integration-test/target/test-dir/MiniOzoneClusterImpl-71ef5771-1bca-432b-8888-38dc3c8d5d63/ozone-meta/datanode-7/ratis/6bfef457-b58e-438a-8fe9-2bfc12537a18/current/raft-meta.conf
2024-05-12 17:41:36,394 [fa054618-3a8f-49b0-93d4-5933c936b659-groupManagement] INFO  server.RaftServerConfigKeys (ConfUtils.java:logGet(46)) - raft.server.log.segment.size.max = 67108864 (custom)
2024-05-12 17:41:36,394 [fa054618-3a8f-49b0-93d4-5933c936b659-groupManagement] INFO  server.RaftServerConfigKeys (ConfUtils.java:logGet(46)) - raft.server.log.segment.cache.num.max = 2 (custom)
2024-05-12 17:41:36,394 [fa054618-3a8f-49b0-93d4-5933c936b659-groupManagement] INFO  server.RaftServerConfigKeys (ConfUtils.java:logGet(46)) - raft.server.log.segment.cache.size.max = 200MB (=209715200) (default)
2024-05-12 17:41:36,394 [fa054618-3a8f-49b0-93d4-5933c936b659-groupManagement] INFO  server.RaftServerConfigKeys (ConfUtils.java:logGet(46)) - raft.server.log.appender.buffer.byte-limit = 8388608 (custom)
2024-05-12 17:41:36,395 [EventQueue-OpenPipelineForHealthyPipelineSafeModeRule] INFO  safemode.SCMSafeModeManager (HealthyPipelineSafeModeRule.java:process(140)) - SCM in safe mode. Healthy pipelines reported count is 0, required healthy pipeline reported count is 1
2024-05-12 17:41:36,394 [93bda13b-2c91-401a-a9f5-fc4ebb9220da-groupManagement] INFO  ratis.ContainerStateMachine (ContainerStateMachine.java:loadSnapshot(287)) - group-2BFC12537A18: The snapshot info is null. Setting the last applied index to:(t:0, i:~)
2024-05-12 17:41:36,395 [93bda13b-2c91-401a-a9f5-fc4ebb9220da-groupManagement] INFO  server.RaftServerConfigKeys (ConfUtils.java:logGet(46)) - raft.server.log.use.memory = false (default)
2024-05-12 17:41:36,395 [93bda13b-2c91-401a-a9f5-fc4ebb9220da-groupManagement] INFO  server.RaftServerConfigKeys (ConfUtils.java:logGet(46)) - raft.server.log.purge.gap = 1000000 (custom)
2024-05-12 17:41:36,395 [93bda13b-2c91-401a-a9f5-fc4ebb9220da-groupManagement] INFO  server.RaftServerConfigKeys (ConfUtils.java:logGet(46)) - raft.server.log.appender.buffer.byte-limit = 8388608 (custom)
2024-05-12 17:41:36,395 [93bda13b-2c91-401a-a9f5-fc4ebb9220da-groupManagement] INFO  server.RaftServerConfigKeys (ConfUtils.java:logGet(46)) - raft.server.log.statemachine.data.read.timeout = 1000ms (default)
2024-05-12 17:41:36,395 [93bda13b-2c91-401a-a9f5-fc4ebb9220da-groupManagement] INFO  server.RaftServerConfigKeys (ConfUtils.java:logGet(46)) - raft.server.log.purge.preservation.log.num = 0 (default)
2024-05-12 17:41:36,397 [93bda13b-2c91-401a-a9f5-fc4ebb9220da-groupManagement] INFO  server.RaftServerConfigKeys (ConfUtils.java:logGet(46)) - raft.server.log.segment.size.max = 67108864 (custom)
2024-05-12 17:41:36,397 [93bda13b-2c91-401a-a9f5-fc4ebb9220da-groupManagement] INFO  server.RaftServerConfigKeys (ConfUtils.java:logGet(46)) - raft.server.log.segment.cache.num.max = 2 (custom)
2024-05-12 17:41:36,397 [93bda13b-2c91-401a-a9f5-fc4ebb9220da-groupManagement] INFO  server.RaftServerConfigKeys (ConfUtils.java:logGet(46)) - raft.server.log.segment.cache.size.max = 200MB (=209715200) (default)
2024-05-12 17:41:36,397 [93bda13b-2c91-401a-a9f5-fc4ebb9220da-groupManagement] INFO  server.RaftServerConfigKeys (ConfUtils.java:logGet(46)) - raft.server.log.appender.buffer.byte-limit = 8388608 (custom)
2024-05-12 17:41:36,398 [fa054618-3a8f-49b0-93d4-5933c936b659-groupManagement] INFO  util.AwaitToRun (AwaitToRun.java:start(81)) - Thread[fa054618-3a8f-49b0-93d4-5933c936b659@group-3D405C2ACDC2-cacheEviction-AwaitToRun,5,main] started
2024-05-12 17:41:36,398 [fa054618-3a8f-49b0-93d4-5933c936b659-groupManagement] INFO  segmented.SegmentedRaftLogWorker (SegmentedRaftLogWorker.java:<init>(182)) - new fa054618-3a8f-49b0-93d4-5933c936b659@group-3D405C2ACDC2-SegmentedRaftLogWorker for RaftStorageImpl:Storage Directory /home/runner/work/ozone/ozone/hadoop-ozone/integration-test/target/test-dir/MiniOzoneClusterImpl-71ef5771-1bca-432b-8888-38dc3c8d5d63/ozone-meta/datanode-8/ratis/bd86c3dd-9f5a-4fc5-b474-3d405c2acdc2
2024-05-12 17:41:36,398 [fa054618-3a8f-49b0-93d4-5933c936b659-groupManagement] INFO  server.RaftServerConfigKeys (ConfUtils.java:logGet(46)) - raft.server.log.queue.byte-limit = 4294967296 (custom)
2024-05-12 17:41:36,398 [fa054618-3a8f-49b0-93d4-5933c936b659-groupManagement] INFO  server.RaftServerConfigKeys (ConfUtils.java:logGet(46)) - raft.server.log.queue.element-limit = 1024 (custom)
2024-05-12 17:41:36,398 [fa054618-3a8f-49b0-93d4-5933c936b659-groupManagement] INFO  server.RaftServerConfigKeys (ConfUtils.java:logGet(46)) - raft.server.log.segment.size.max = 67108864 (custom)
2024-05-12 17:41:36,398 [fa054618-3a8f-49b0-93d4-5933c936b659-groupManagement] INFO  server.RaftServerConfigKeys (ConfUtils.java:logGet(46)) - raft.server.log.preallocated.size = 4194304 (custom)
2024-05-12 17:41:36,399 [fa054618-3a8f-49b0-93d4-5933c936b659-groupManagement] INFO  server.RaftServerConfigKeys (ConfUtils.java:logGet(46)) - raft.server.log.force.sync.num = 128 (default)
2024-05-12 17:41:36,399 [fa054618-3a8f-49b0-93d4-5933c936b659-groupManagement] INFO  server.RaftServerConfigKeys (ConfUtils.java:logGet(46)) - raft.server.log.statemachine.data.sync = true (default)
2024-05-12 17:41:36,399 [fa054618-3a8f-49b0-93d4-5933c936b659-groupManagement] INFO  server.RaftServerConfigKeys (ConfUtils.java:logGet(46)) - raft.server.log.statemachine.data.sync.timeout = 10s (default)
2024-05-12 17:41:36,399 [fa054618-3a8f-49b0-93d4-5933c936b659-groupManagement] INFO  server.RaftServerConfigKeys (ConfUtils.java:logGet(46)) - raft.server.log.statemachine.data.sync.timeout.retry = 30 (custom)
2024-05-12 17:41:36,399 [93bda13b-2c91-401a-a9f5-fc4ebb9220da-groupManagement] INFO  util.AwaitToRun (AwaitToRun.java:start(81)) - Thread[93bda13b-2c91-401a-a9f5-fc4ebb9220da@group-2BFC12537A18-cacheEviction-AwaitToRun,5,main] started
2024-05-12 17:41:36,399 [fa054618-3a8f-49b0-93d4-5933c936b659-groupManagement] INFO  server.RaftServerConfigKeys (ConfUtils.java:logGet(46)) - raft.server.log.write.buffer.size = 8388616 (custom)
2024-05-12 17:41:36,399 [93bda13b-2c91-401a-a9f5-fc4ebb9220da-groupManagement] INFO  segmented.SegmentedRaftLogWorker (SegmentedRaftLogWorker.java:<init>(182)) - new 93bda13b-2c91-401a-a9f5-fc4ebb9220da@group-2BFC12537A18-SegmentedRaftLogWorker for RaftStorageImpl:Storage Directory /home/runner/work/ozone/ozone/hadoop-ozone/integration-test/target/test-dir/MiniOzoneClusterImpl-71ef5771-1bca-432b-8888-38dc3c8d5d63/ozone-meta/datanode-7/ratis/6bfef457-b58e-438a-8fe9-2bfc12537a18
2024-05-12 17:41:36,399 [93bda13b-2c91-401a-a9f5-fc4ebb9220da-groupManagement] INFO  server.RaftServerConfigKeys (ConfUtils.java:logGet(46)) - raft.server.log.queue.byte-limit = 4294967296 (custom)
2024-05-12 17:41:36,399 [93bda13b-2c91-401a-a9f5-fc4ebb9220da-groupManagement] INFO  server.RaftServerConfigKeys (ConfUtils.java:logGet(46)) - raft.server.log.queue.element-limit = 1024 (custom)
2024-05-12 17:41:36,400 [93bda13b-2c91-401a-a9f5-fc4ebb9220da-groupManagement] INFO  server.RaftServerConfigKeys (ConfUtils.java:logGet(46)) - raft.server.log.segment.size.max = 67108864 (custom)
2024-05-12 17:41:36,400 [93bda13b-2c91-401a-a9f5-fc4ebb9220da-groupManagement] INFO  server.RaftServerConfigKeys (ConfUtils.java:logGet(46)) - raft.server.log.preallocated.size = 4194304 (custom)
2024-05-12 17:41:36,400 [93bda13b-2c91-401a-a9f5-fc4ebb9220da-groupManagement] INFO  server.RaftServerConfigKeys (ConfUtils.java:logGet(46)) - raft.server.log.force.sync.num = 128 (default)
2024-05-12 17:41:36,400 [93bda13b-2c91-401a-a9f5-fc4ebb9220da-groupManagement] INFO  server.RaftServerConfigKeys (ConfUtils.java:logGet(46)) - raft.server.log.statemachine.data.sync = true (default)
2024-05-12 17:41:36,400 [fa054618-3a8f-49b0-93d4-5933c936b659-groupManagement] INFO  server.RaftServerConfigKeys (ConfUtils.java:logGet(46)) - raft.server.log.appender.buffer.byte-limit = 8388608 (custom)
2024-05-12 17:41:36,400 [fa054618-3a8f-49b0-93d4-5933c936b659-groupManagement] INFO  server.RaftServerConfigKeys (ConfUtils.java:logGet(46)) - raft.server.log.unsafe-flush.enabled = false (default)
2024-05-12 17:41:36,400 [fa054618-3a8f-49b0-93d4-5933c936b659-groupManagement] INFO  server.RaftServerConfigKeys (ConfUtils.java:logGet(46)) - raft.server.log.async-flush.enabled = false (default)
2024-05-12 17:41:36,400 [fa054618-3a8f-49b0-93d4-5933c936b659-groupManagement] INFO  server.RaftServerConfigKeys (ConfUtils.java:logGet(46)) - raft.server.log.statemachine.data.caching.enabled = true (custom)
2024-05-12 17:41:36,400 [fa054618-3a8f-49b0-93d4-5933c936b659-groupManagement] INFO  segmented.SegmentedRaftLogWorker (SegmentedRaftLogWorker.java:lambda$new$0(134)) - fa054618-3a8f-49b0-93d4-5933c936b659@group-3D405C2ACDC2-SegmentedRaftLogWorker: flushIndex: setUnconditionally 0 -> -1
2024-05-12 17:41:36,400 [fa054618-3a8f-49b0-93d4-5933c936b659-groupManagement] INFO  segmented.SegmentedRaftLogWorker (SegmentedRaftLogWorker.java:lambda$new$0(134)) - fa054618-3a8f-49b0-93d4-5933c936b659@group-3D405C2ACDC2-SegmentedRaftLogWorker: safeCacheEvictIndex: setUnconditionally 0 -> -1
2024-05-12 17:41:36,400 [93bda13b-2c91-401a-a9f5-fc4ebb9220da-groupManagement] INFO  server.RaftServerConfigKeys (ConfUtils.java:logGet(46)) - raft.server.log.statemachine.data.sync.timeout = 10s (default)
2024-05-12 17:41:36,401 [93bda13b-2c91-401a-a9f5-fc4ebb9220da-groupManagement] INFO  server.RaftServerConfigKeys (ConfUtils.java:logGet(46)) - raft.server.log.statemachine.data.sync.timeout.retry = 30 (custom)
2024-05-12 17:41:36,401 [93bda13b-2c91-401a-a9f5-fc4ebb9220da-groupManagement] INFO  server.RaftServerConfigKeys (ConfUtils.java:logGet(46)) - raft.server.log.write.buffer.size = 8388616 (custom)
2024-05-12 17:41:36,401 [fa054618-3a8f-49b0-93d4-5933c936b659-groupManagement] INFO  server.RaftServer$Division (RaftServerImpl.java:start(396)) - fa054618-3a8f-49b0-93d4-5933c936b659@group-3D405C2ACDC2: start as a follower, conf=-1: peers:[fa054618-3a8f-49b0-93d4-5933c936b659|127.0.0.1:15371]|listeners:[], old=null
2024-05-12 17:41:36,402 [fa054618-3a8f-49b0-93d4-5933c936b659-groupManagement] INFO  server.RaftServer$Division (RaftServerImpl.java:setRole(383)) - fa054618-3a8f-49b0-93d4-5933c936b659@group-3D405C2ACDC2: changes role from      null to FOLLOWER at term 0 for startAsFollower
2024-05-12 17:41:36,402 [fa054618-3a8f-49b0-93d4-5933c936b659-groupManagement] INFO  impl.RoleInfo (RoleInfo.java:updateAndGet(139)) - fa054618-3a8f-49b0-93d4-5933c936b659: start fa054618-3a8f-49b0-93d4-5933c936b659@group-3D405C2ACDC2-FollowerState
2024-05-12 17:41:36,402 [fa054618-3a8f-49b0-93d4-5933c936b659-groupManagement] INFO  util.JmxRegister (JmxRegister.java:tryRegister(44)) - Successfully registered JMX Bean with object name Ratis:service=RaftServer,group=group-3D405C2ACDC2,id=fa054618-3a8f-49b0-93d4-5933c936b659
2024-05-12 17:41:36,402 [fa054618-3a8f-49b0-93d4-5933c936b659-groupManagement] INFO  server.RaftServerConfigKeys (ConfUtils.java:logGet(46)) - raft.server.snapshot.trigger-when-stop.enabled = true (default)
2024-05-12 17:41:36,403 [fa054618-3a8f-49b0-93d4-5933c936b659-groupManagement] INFO  server.RaftServerConfigKeys (ConfUtils.java:logGet(46)) - raft.server.snapshot.auto.trigger.enabled = true (custom)
2024-05-12 17:41:36,403 [fa054618-3a8f-49b0-93d4-5933c936b659-groupManagement] INFO  server.RaftServerConfigKeys (ConfUtils.java:logGet(46)) - raft.server.snapshot.auto.trigger.threshold = 10000 (custom)
2024-05-12 17:41:36,403 [fa054618-3a8f-49b0-93d4-5933c936b659-groupManagement] INFO  server.RaftServerConfigKeys (ConfUtils.java:logGet(46)) - raft.server.snapshot.retention.file.num = 5 (custom)
2024-05-12 17:41:36,403 [fa054618-3a8f-49b0-93d4-5933c936b659-groupManagement] INFO  server.RaftServerConfigKeys (ConfUtils.java:logGet(46)) - raft.server.log.purge.upto.snapshot.index = false (default)
2024-05-12 17:41:36,406 [fa054618-3a8f-49b0-93d4-5933c936b659@group-3D405C2ACDC2-FollowerState] INFO  server.RaftServerConfigKeys (ConfUtils.java:logFallback(53)) - raft.server.rpc.first-election.timeout.min = 1s (fallback to raft.server.rpc.timeout.min)
2024-05-12 17:41:36,406 [fa054618-3a8f-49b0-93d4-5933c936b659@group-3D405C2ACDC2-FollowerState] INFO  server.RaftServerConfigKeys (ConfUtils.java:logFallback(53)) - raft.server.rpc.first-election.timeout.max = 1200ms (fallback to raft.server.rpc.timeout.max)
2024-05-12 17:41:36,406 [fa054618-3a8f-49b0-93d4-5933c936b659-PipelineCommandHandlerThread-0] INFO  ratis.XceiverServerRatis (XceiverServerRatis.java:addGroup(864)) - Created group PipelineID=bd86c3dd-9f5a-4fc5-b474-3d405c2acdc2
2024-05-12 17:41:36,406 [fa054618-3a8f-49b0-93d4-5933c936b659-PipelineCommandHandlerThread-0] INFO  commandhandler.CreatePipelineCommandHandler (CreatePipelineCommandHandler.java:lambda$handle$2(124)) - Created Pipeline RATIS ONE PipelineID=bd86c3dd-9f5a-4fc5-b474-3d405c2acdc2.
2024-05-12 17:41:36,406 [fa054618-3a8f-49b0-93d4-5933c936b659-PipelineCommandHandlerThread-0] INFO  server.RaftServer (RaftServerProxy.java:addNew(100)) - fa054618-3a8f-49b0-93d4-5933c936b659: addNew group-2BFC12537A18:[93bda13b-2c91-401a-a9f5-fc4ebb9220da|127.0.0.1:15362, fa054618-3a8f-49b0-93d4-5933c936b659|127.0.0.1:15371, a0742c66-ae9f-48ce-9181-086e540b3b62|127.0.0.1:15380] returns group-2BFC12537A18:java.util.concurrent.CompletableFuture@13ecc073[Not completed]
2024-05-12 17:41:36,407 [fa054618-3a8f-49b0-93d4-5933c936b659-groupManagement] INFO  server.RaftServer$Division (RaftServerImpl.java:<init>(256)) - fa054618-3a8f-49b0-93d4-5933c936b659: new RaftServerImpl for group-2BFC12537A18:[93bda13b-2c91-401a-a9f5-fc4ebb9220da|127.0.0.1:15362, fa054618-3a8f-49b0-93d4-5933c936b659|127.0.0.1:15371, a0742c66-ae9f-48ce-9181-086e540b3b62|127.0.0.1:15380] with ContainerStateMachine:uninitialized
2024-05-12 17:41:36,407 [fa054618-3a8f-49b0-93d4-5933c936b659-groupManagement] INFO  server.RaftServerConfigKeys (ConfUtils.java:logGet(46)) - raft.server.rpc.timeout.min = 1s (custom)
2024-05-12 17:41:36,407 [fa054618-3a8f-49b0-93d4-5933c936b659-groupManagement] INFO  server.RaftServerConfigKeys (ConfUtils.java:logGet(46)) - raft.server.rpc.timeout.max = 1200ms (custom)
2024-05-12 17:41:36,407 [fa054618-3a8f-49b0-93d4-5933c936b659-groupManagement] INFO  server.RaftServerConfigKeys (ConfUtils.java:logGet(46)) - raft.server.rpc.sleep.time = 25ms (default)
2024-05-12 17:41:36,407 [fa054618-3a8f-49b0-93d4-5933c936b659-groupManagement] INFO  server.RaftServerConfigKeys (ConfUtils.java:logGet(46)) - raft.server.rpc.slowness.timeout = 300000ms (custom)
2024-05-12 17:41:36,407 [fa054618-3a8f-49b0-93d4-5933c936b659-groupManagement] INFO  server.RaftServerConfigKeys (ConfUtils.java:logGet(46)) - raft.server.leaderelection.leader.step-down.wait-time = 10s (default)
2024-05-12 17:41:36,407 [fa054618-3a8f-49b0-93d4-5933c936b659-groupManagement] INFO  server.RaftServerConfigKeys (ConfUtils.java:logGet(46)) - raft.server.leaderelection.member.majority-add = false (default)
2024-05-12 17:41:36,407 [fa054618-3a8f-49b0-93d4-5933c936b659-groupManagement] INFO  server.RaftServerConfigKeys (ConfUtils.java:logGet(46)) - raft.server.sleep.deviation.threshold = 300ms (default)
2024-05-12 17:41:36,407 [fa054618-3a8f-49b0-93d4-5933c936b659-groupManagement] INFO  server.RaftServer$Division (ServerState.java:<init>(113)) - fa054618-3a8f-49b0-93d4-5933c936b659@group-2BFC12537A18: ConfigurationManager, init=-1: peers:[93bda13b-2c91-401a-a9f5-fc4ebb9220da|127.0.0.1:15362, fa054618-3a8f-49b0-93d4-5933c936b659|127.0.0.1:15371, a0742c66-ae9f-48ce-9181-086e540b3b62|127.0.0.1:15380]|listeners:[], old=null, confs=<EMPTY_MAP>
2024-05-12 17:41:36,407 [fa054618-3a8f-49b0-93d4-5933c936b659-groupManagement] INFO  server.RaftServerConfigKeys (ConfUtils.java:logGet(46)) - raft.server.notification.no-leader.timeout = 300000ms (custom)
2024-05-12 17:41:36,407 [fa054618-3a8f-49b0-93d4-5933c936b659-groupManagement] INFO  server.RaftServerConfigKeys (ConfUtils.java:logGet(46)) - raft.server.read.timeout = 10s (default)
2024-05-12 17:41:36,407 [fa054618-3a8f-49b0-93d4-5933c936b659-groupManagement] INFO  server.RaftServerConfigKeys (ConfUtils.java:logGet(46)) - raft.server.retrycache.expirytime = 600000ms (custom)
2024-05-12 17:41:36,407 [fa054618-3a8f-49b0-93d4-5933c936b659-groupManagement] INFO  server.RaftServerConfigKeys (ConfUtils.java:logGet(46)) - raft.server.retrycache.statistics.expirytime = 100ms (default)
2024-05-12 17:41:36,407 [fa054618-3a8f-49b0-93d4-5933c936b659-groupManagement] INFO  server.RaftServerConfigKeys (ConfUtils.java:logGet(46)) - raft.server.read.option = DEFAULT (default)
2024-05-12 17:41:36,407 [fa054618-3a8f-49b0-93d4-5933c936b659-groupManagement] INFO  server.RaftServerConfigKeys (ConfUtils.java:logGet(46)) - raft.server.read.read-after-write-consistent.write-index-cache.expiry-time = 60s (default)
2024-05-12 17:41:36,407 [93bda13b-2c91-401a-a9f5-fc4ebb9220da-groupManagement] INFO  server.RaftServerConfigKeys (ConfUtils.java:logGet(46)) - raft.server.log.appender.buffer.byte-limit = 8388608 (custom)
2024-05-12 17:41:36,408 [93bda13b-2c91-401a-a9f5-fc4ebb9220da-groupManagement] INFO  server.RaftServerConfigKeys (ConfUtils.java:logGet(46)) - raft.server.log.unsafe-flush.enabled = false (default)
2024-05-12 17:41:36,408 [93bda13b-2c91-401a-a9f5-fc4ebb9220da-groupManagement] INFO  server.RaftServerConfigKeys (ConfUtils.java:logGet(46)) - raft.server.log.async-flush.enabled = false (default)
2024-05-12 17:41:36,408 [93bda13b-2c91-401a-a9f5-fc4ebb9220da-groupManagement] INFO  server.RaftServerConfigKeys (ConfUtils.java:logGet(46)) - raft.server.log.statemachine.data.caching.enabled = true (custom)
2024-05-12 17:41:36,408 [93bda13b-2c91-401a-a9f5-fc4ebb9220da-groupManagement] INFO  segmented.SegmentedRaftLogWorker (SegmentedRaftLogWorker.java:lambda$new$0(134)) - 93bda13b-2c91-401a-a9f5-fc4ebb9220da@group-2BFC12537A18-SegmentedRaftLogWorker: flushIndex: setUnconditionally 0 -> -1
2024-05-12 17:41:36,408 [93bda13b-2c91-401a-a9f5-fc4ebb9220da-groupManagement] INFO  segmented.SegmentedRaftLogWorker (SegmentedRaftLogWorker.java:lambda$new$0(134)) - 93bda13b-2c91-401a-a9f5-fc4ebb9220da@group-2BFC12537A18-SegmentedRaftLogWorker: safeCacheEvictIndex: setUnconditionally 0 -> -1
2024-05-12 17:41:36,408 [93bda13b-2c91-401a-a9f5-fc4ebb9220da-groupManagement] INFO  server.RaftServer$Division (RaftServerImpl.java:start(396)) - 93bda13b-2c91-401a-a9f5-fc4ebb9220da@group-2BFC12537A18: start as a follower, conf=-1: peers:[93bda13b-2c91-401a-a9f5-fc4ebb9220da|127.0.0.1:15362, fa054618-3a8f-49b0-93d4-5933c936b659|127.0.0.1:15371, a0742c66-ae9f-48ce-9181-086e540b3b62|127.0.0.1:15380]|listeners:[], old=null
2024-05-12 17:41:36,409 [93bda13b-2c91-401a-a9f5-fc4ebb9220da-groupManagement] INFO  server.RaftServer$Division (RaftServerImpl.java:setRole(383)) - 93bda13b-2c91-401a-a9f5-fc4ebb9220da@group-2BFC12537A18: changes role from      null to FOLLOWER at term 0 for startAsFollower
2024-05-12 17:41:36,409 [93bda13b-2c91-401a-a9f5-fc4ebb9220da-groupManagement] INFO  impl.RoleInfo (RoleInfo.java:updateAndGet(139)) - 93bda13b-2c91-401a-a9f5-fc4ebb9220da: start 93bda13b-2c91-401a-a9f5-fc4ebb9220da@group-2BFC12537A18-FollowerState
2024-05-12 17:41:36,409 [93bda13b-2c91-401a-a9f5-fc4ebb9220da-groupManagement] INFO  util.JmxRegister (JmxRegister.java:tryRegister(44)) - Successfully registered JMX Bean with object name Ratis:service=RaftServer,group=group-2BFC12537A18,id=93bda13b-2c91-401a-a9f5-fc4ebb9220da
2024-05-12 17:41:36,409 [93bda13b-2c91-401a-a9f5-fc4ebb9220da-groupManagement] INFO  server.RaftServerConfigKeys (ConfUtils.java:logGet(46)) - raft.server.snapshot.trigger-when-stop.enabled = true (default)
2024-05-12 17:41:36,409 [93bda13b-2c91-401a-a9f5-fc4ebb9220da-groupManagement] INFO  server.RaftServerConfigKeys (ConfUtils.java:logGet(46)) - raft.server.snapshot.auto.trigger.enabled = true (custom)
2024-05-12 17:41:36,409 [fa054618-3a8f-49b0-93d4-5933c936b659-groupManagement] INFO  server.RaftServerConfigKeys (ConfUtils.java:logGet(46)) - raft.server.rpc.request.timeout = 3000ms (default)
2024-05-12 17:41:36,409 [93bda13b-2c91-401a-a9f5-fc4ebb9220da-groupManagement] INFO  server.RaftServerConfigKeys (ConfUtils.java:logGet(46)) - raft.server.snapshot.auto.trigger.threshold = 10000 (custom)
2024-05-12 17:41:36,409 [fa054618-3a8f-49b0-93d4-5933c936b659-groupManagement] INFO  server.RaftServerConfigKeys (ConfUtils.java:logGet(46)) - raft.server.log.appender.install.snapshot.enabled = false (custom)
2024-05-12 17:41:36,409 [93bda13b-2c91-401a-a9f5-fc4ebb9220da-groupManagement] INFO  server.RaftServerConfigKeys (ConfUtils.java:logGet(46)) - raft.server.snapshot.retention.file.num = 5 (custom)
2024-05-12 17:41:36,409 [93bda13b-2c91-401a-a9f5-fc4ebb9220da-groupManagement] INFO  server.RaftServerConfigKeys (ConfUtils.java:logGet(46)) - raft.server.log.purge.upto.snapshot.index = false (default)
2024-05-12 17:41:36,409 [fa054618-3a8f-49b0-93d4-5933c936b659-groupManagement] INFO  server.RaftServerConfigKeys (ConfUtils.java:logGet(46)) - raft.server.threadpool.server.cached = true (default)
2024-05-12 17:41:36,409 [fa054618-3a8f-49b0-93d4-5933c936b659-groupManagement] INFO  server.RaftServerConfigKeys (ConfUtils.java:logGet(46)) - raft.server.threadpool.server.size = 0 (default)
2024-05-12 17:41:36,409 [fa054618-3a8f-49b0-93d4-5933c936b659-groupManagement] INFO  server.RaftServerConfigKeys (ConfUtils.java:logGet(46)) - raft.server.threadpool.client.cached = true (default)
2024-05-12 17:41:36,409 [fa054618-3a8f-49b0-93d4-5933c936b659-groupManagement] INFO  server.RaftServerConfigKeys (ConfUtils.java:logGet(46)) - raft.server.threadpool.client.size = 0 (default)
2024-05-12 17:41:36,409 [fa054618-3a8f-49b0-93d4-5933c936b659-groupManagement] INFO  server.RaftServerConfigKeys (ConfUtils.java:logGet(46)) - raft.server.storage.free-space.min = 0MB (=0) (default)
2024-05-12 17:41:36,409 [fa054618-3a8f-49b0-93d4-5933c936b659-groupManagement] INFO  server.RaftServerConfigKeys (ConfUtils.java:logGet(46)) - raft.server.log.corruption.policy = EXCEPTION (default)
2024-05-12 17:41:36,409 [fa054618-3a8f-49b0-93d4-5933c936b659-groupManagement] INFO  server.RaftServerConfigKeys (ConfUtils.java:logGet(46)) - raft.server.storage.dir = [/home/runner/work/ozone/ozone/hadoop-ozone/integration-test/target/test-dir/MiniOzoneClusterImpl-71ef5771-1bca-432b-8888-38dc3c8d5d63/ozone-meta/datanode-8/ratis] (custom)
2024-05-12 17:41:36,410 [fa054618-3a8f-49b0-93d4-5933c936b659-groupManagement] INFO  storage.RaftStorageDirectory (RaftStorageDirectoryImpl.java:analyzeStorage(138)) - The storage directory /home/runner/work/ozone/ozone/hadoop-ozone/integration-test/target/test-dir/MiniOzoneClusterImpl-71ef5771-1bca-432b-8888-38dc3c8d5d63/ozone-meta/datanode-8/ratis/6bfef457-b58e-438a-8fe9-2bfc12537a18 does not exist. Creating ...
2024-05-12 17:41:36,410 [93bda13b-2c91-401a-a9f5-fc4ebb9220da-PipelineCommandHandlerThread-0] INFO  ratis.XceiverServerRatis (XceiverServerRatis.java:addGroup(864)) - Created group PipelineID=6bfef457-b58e-438a-8fe9-2bfc12537a18
2024-05-12 17:41:36,410 [93bda13b-2c91-401a-a9f5-fc4ebb9220da@group-2BFC12537A18-FollowerState] INFO  server.RaftServerConfigKeys (ConfUtils.java:logFallback(53)) - raft.server.rpc.first-election.timeout.min = 1s (fallback to raft.server.rpc.timeout.min)
2024-05-12 17:41:36,410 [93bda13b-2c91-401a-a9f5-fc4ebb9220da@group-2BFC12537A18-FollowerState] INFO  server.RaftServerConfigKeys (ConfUtils.java:logFallback(53)) - raft.server.rpc.first-election.timeout.max = 1200ms (fallback to raft.server.rpc.timeout.max)
2024-05-12 17:41:36,411 [fa054618-3a8f-49b0-93d4-5933c936b659-groupManagement] INFO  storage.RaftStorageDirectory (RaftStorageDirectoryImpl.java:tryLock(228)) - Lock on /home/runner/work/ozone/ozone/hadoop-ozone/integration-test/target/test-dir/MiniOzoneClusterImpl-71ef5771-1bca-432b-8888-38dc3c8d5d63/ozone-meta/datanode-8/ratis/6bfef457-b58e-438a-8fe9-2bfc12537a18/in_use.lock acquired by nodename 12547@fv-az576-466
2024-05-12 17:41:36,412 [fa054618-3a8f-49b0-93d4-5933c936b659-groupManagement] INFO  storage.RaftStorage (RaftStorageImpl.java:format(99)) - Storage directory /home/runner/work/ozone/ozone/hadoop-ozone/integration-test/target/test-dir/MiniOzoneClusterImpl-71ef5771-1bca-432b-8888-38dc3c8d5d63/ozone-meta/datanode-8/ratis/6bfef457-b58e-438a-8fe9-2bfc12537a18 has been successfully formatted.
2024-05-12 17:41:36,412 [fa054618-3a8f-49b0-93d4-5933c936b659-groupManagement] WARN  util.FileUtils (LogUtils.java:supplyAndLog(63)) - Failed to Files.newInputStream /home/runner/work/ozone/ozone/hadoop-ozone/integration-test/target/test-dir/MiniOzoneClusterImpl-71ef5771-1bca-432b-8888-38dc3c8d5d63/ozone-meta/datanode-8/ratis/6bfef457-b58e-438a-8fe9-2bfc12537a18/current/raft-meta.conf with options []: java.nio.file.NoSuchFileException: /home/runner/work/ozone/ozone/hadoop-ozone/integration-test/target/test-dir/MiniOzoneClusterImpl-71ef5771-1bca-432b-8888-38dc3c8d5d63/ozone-meta/datanode-8/ratis/6bfef457-b58e-438a-8fe9-2bfc12537a18/current/raft-meta.conf
2024-05-12 17:41:36,412 [fa054618-3a8f-49b0-93d4-5933c936b659-groupManagement] INFO  ratis.ContainerStateMachine (ContainerStateMachine.java:loadSnapshot(287)) - group-2BFC12537A18: The snapshot info is null. Setting the last applied index to:(t:0, i:~)
2024-05-12 17:41:36,412 [fa054618-3a8f-49b0-93d4-5933c936b659-groupManagement] INFO  server.RaftServerConfigKeys (ConfUtils.java:logGet(46)) - raft.server.log.use.memory = false (default)
2024-05-12 17:41:36,412 [fa054618-3a8f-49b0-93d4-5933c936b659-groupManagement] INFO  server.RaftServerConfigKeys (ConfUtils.java:logGet(46)) - raft.server.log.purge.gap = 1000000 (custom)
2024-05-12 17:41:36,412 [fa054618-3a8f-49b0-93d4-5933c936b659-groupManagement] INFO  server.RaftServerConfigKeys (ConfUtils.java:logGet(46)) - raft.server.log.appender.buffer.byte-limit = 8388608 (custom)
2024-05-12 17:41:36,412 [fa054618-3a8f-49b0-93d4-5933c936b659-groupManagement] INFO  server.RaftServerConfigKeys (ConfUtils.java:logGet(46)) - raft.server.log.statemachine.data.read.timeout = 1000ms (default)
2024-05-12 17:41:36,412 [fa054618-3a8f-49b0-93d4-5933c936b659-groupManagement] INFO  server.RaftServerConfigKeys (ConfUtils.java:logGet(46)) - raft.server.log.purge.preservation.log.num = 0 (default)
2024-05-12 17:41:36,413 [EventQueue-OpenPipelineForHealthyPipelineSafeModeRule] INFO  safemode.SCMSafeModeManager (HealthyPipelineSafeModeRule.java:process(140)) - SCM in safe mode. Healthy pipelines reported count is 0, required healthy pipeline reported count is 1
2024-05-12 17:41:36,414 [fa054618-3a8f-49b0-93d4-5933c936b659-groupManagement] INFO  server.RaftServerConfigKeys (ConfUtils.java:logGet(46)) - raft.server.log.segment.size.max = 67108864 (custom)
2024-05-12 17:41:36,415 [fa054618-3a8f-49b0-93d4-5933c936b659-groupManagement] INFO  server.RaftServerConfigKeys (ConfUtils.java:logGet(46)) - raft.server.log.segment.cache.num.max = 2 (custom)
2024-05-12 17:41:36,415 [fa054618-3a8f-49b0-93d4-5933c936b659-groupManagement] INFO  server.RaftServerConfigKeys (ConfUtils.java:logGet(46)) - raft.server.log.segment.cache.size.max = 200MB (=209715200) (default)
2024-05-12 17:41:36,415 [fa054618-3a8f-49b0-93d4-5933c936b659-groupManagement] INFO  server.RaftServerConfigKeys (ConfUtils.java:logGet(46)) - raft.server.log.appender.buffer.byte-limit = 8388608 (custom)
2024-05-12 17:41:36,416 [a0742c66-ae9f-48ce-9181-086e540b3b62-groupManagement] INFO  server.RaftServer$Division (RaftServerImpl.java:<init>(256)) - a0742c66-ae9f-48ce-9181-086e540b3b62: new RaftServerImpl for group-2BFC12537A18:[93bda13b-2c91-401a-a9f5-fc4ebb9220da|127.0.0.1:15362, fa054618-3a8f-49b0-93d4-5933c936b659|127.0.0.1:15371, a0742c66-ae9f-48ce-9181-086e540b3b62|127.0.0.1:15380] with ContainerStateMachine:uninitialized
2024-05-12 17:41:36,416 [grpc-default-executor-1] INFO  server.RaftServer (RaftServerProxy.java:addNew(100)) - a0742c66-ae9f-48ce-9181-086e540b3b62: addNew group-2BFC12537A18:[93bda13b-2c91-401a-a9f5-fc4ebb9220da|127.0.0.1:15362, fa054618-3a8f-49b0-93d4-5933c936b659|127.0.0.1:15371, a0742c66-ae9f-48ce-9181-086e540b3b62|127.0.0.1:15380] returns group-2BFC12537A18:java.util.concurrent.CompletableFuture@720dce50[Not completed]
2024-05-12 17:41:36,416 [a0742c66-ae9f-48ce-9181-086e540b3b62-groupManagement] INFO  server.RaftServerConfigKeys (ConfUtils.java:logGet(46)) - raft.server.rpc.timeout.min = 1s (custom)
2024-05-12 17:41:36,417 [a0742c66-ae9f-48ce-9181-086e540b3b62-groupManagement] INFO  server.RaftServerConfigKeys (ConfUtils.java:logGet(46)) - raft.server.rpc.timeout.max = 1200ms (custom)
2024-05-12 17:41:36,417 [a0742c66-ae9f-48ce-9181-086e540b3b62-groupManagement] INFO  server.RaftServerConfigKeys (ConfUtils.java:logGet(46)) - raft.server.rpc.sleep.time = 25ms (default)
2024-05-12 17:41:36,417 [fa054618-3a8f-49b0-93d4-5933c936b659-groupManagement] INFO  util.AwaitToRun (AwaitToRun.java:start(81)) - Thread[fa054618-3a8f-49b0-93d4-5933c936b659@group-2BFC12537A18-cacheEviction-AwaitToRun,5,main] started
2024-05-12 17:41:36,417 [fa054618-3a8f-49b0-93d4-5933c936b659-groupManagement] INFO  segmented.SegmentedRaftLogWorker (SegmentedRaftLogWorker.java:<init>(182)) - new fa054618-3a8f-49b0-93d4-5933c936b659@group-2BFC12537A18-SegmentedRaftLogWorker for RaftStorageImpl:Storage Directory /home/runner/work/ozone/ozone/hadoop-ozone/integration-test/target/test-dir/MiniOzoneClusterImpl-71ef5771-1bca-432b-8888-38dc3c8d5d63/ozone-meta/datanode-8/ratis/6bfef457-b58e-438a-8fe9-2bfc12537a18
2024-05-12 17:41:36,417 [a0742c66-ae9f-48ce-9181-086e540b3b62-groupManagement] INFO  server.RaftServerConfigKeys (ConfUtils.java:logGet(46)) - raft.server.rpc.slowness.timeout = 300000ms (custom)
2024-05-12 17:41:36,417 [a0742c66-ae9f-48ce-9181-086e540b3b62-groupManagement] INFO  server.RaftServerConfigKeys (ConfUtils.java:logGet(46)) - raft.server.leaderelection.leader.step-down.wait-time = 10s (default)
2024-05-12 17:41:36,417 [fa054618-3a8f-49b0-93d4-5933c936b659-groupManagement] INFO  server.RaftServerConfigKeys (ConfUtils.java:logGet(46)) - raft.server.log.queue.byte-limit = 4294967296 (custom)
2024-05-12 17:41:36,417 [fa054618-3a8f-49b0-93d4-5933c936b659-groupManagement] INFO  server.RaftServerConfigKeys (ConfUtils.java:logGet(46)) - raft.server.log.queue.element-limit = 1024 (custom)
2024-05-12 17:41:36,417 [fa054618-3a8f-49b0-93d4-5933c936b659-groupManagement] INFO  server.RaftServerConfigKeys (ConfUtils.java:logGet(46)) - raft.server.log.segment.size.max = 67108864 (custom)
2024-05-12 17:41:36,417 [a0742c66-ae9f-48ce-9181-086e540b3b62-groupManagement] INFO  server.RaftServerConfigKeys (ConfUtils.java:logGet(46)) - raft.server.leaderelection.member.majority-add = false (default)
2024-05-12 17:41:36,417 [fa054618-3a8f-49b0-93d4-5933c936b659-groupManagement] INFO  server.RaftServerConfigKeys (ConfUtils.java:logGet(46)) - raft.server.log.preallocated.size = 4194304 (custom)
2024-05-12 17:41:36,417 [fa054618-3a8f-49b0-93d4-5933c936b659-groupManagement] INFO  server.RaftServerConfigKeys (ConfUtils.java:logGet(46)) - raft.server.log.force.sync.num = 128 (default)
2024-05-12 17:41:36,417 [fa054618-3a8f-49b0-93d4-5933c936b659-groupManagement] INFO  server.RaftServerConfigKeys (ConfUtils.java:logGet(46)) - raft.server.log.statemachine.data.sync = true (default)
2024-05-12 17:41:36,417 [a0742c66-ae9f-48ce-9181-086e540b3b62-groupManagement] INFO  server.RaftServerConfigKeys (ConfUtils.java:logGet(46)) - raft.server.sleep.deviation.threshold = 300ms (default)
2024-05-12 17:41:36,417 [a0742c66-ae9f-48ce-9181-086e540b3b62-groupManagement] INFO  server.RaftServer$Division (ServerState.java:<init>(113)) - a0742c66-ae9f-48ce-9181-086e540b3b62@group-2BFC12537A18: ConfigurationManager, init=-1: peers:[93bda13b-2c91-401a-a9f5-fc4ebb9220da|127.0.0.1:15362, fa054618-3a8f-49b0-93d4-5933c936b659|127.0.0.1:15371, a0742c66-ae9f-48ce-9181-086e540b3b62|127.0.0.1:15380]|listeners:[], old=null, confs=<EMPTY_MAP>
2024-05-12 17:41:36,417 [a0742c66-ae9f-48ce-9181-086e540b3b62-groupManagement] INFO  server.RaftServerConfigKeys (ConfUtils.java:logGet(46)) - raft.server.notification.no-leader.timeout = 300000ms (custom)
2024-05-12 17:41:36,418 [a0742c66-ae9f-48ce-9181-086e540b3b62-groupManagement] INFO  server.RaftServerConfigKeys (ConfUtils.java:logGet(46)) - raft.server.read.timeout = 10s (default)
2024-05-12 17:41:36,418 [a0742c66-ae9f-48ce-9181-086e540b3b62-groupManagement] INFO  server.RaftServerConfigKeys (ConfUtils.java:logGet(46)) - raft.server.retrycache.expirytime = 600000ms (custom)
2024-05-12 17:41:36,418 [a0742c66-ae9f-48ce-9181-086e540b3b62-groupManagement] INFO  server.RaftServerConfigKeys (ConfUtils.java:logGet(46)) - raft.server.retrycache.statistics.expirytime = 100ms (default)
2024-05-12 17:41:36,418 [a0742c66-ae9f-48ce-9181-086e540b3b62-groupManagement] INFO  server.RaftServerConfigKeys (ConfUtils.java:logGet(46)) - raft.server.read.option = DEFAULT (default)
2024-05-12 17:41:36,418 [a0742c66-ae9f-48ce-9181-086e540b3b62-groupManagement] INFO  server.RaftServerConfigKeys (ConfUtils.java:logGet(46)) - raft.server.read.read-after-write-consistent.write-index-cache.expiry-time = 60s (default)
2024-05-12 17:41:36,417 [fa054618-3a8f-49b0-93d4-5933c936b659-groupManagement] INFO  server.RaftServerConfigKeys (ConfUtils.java:logGet(46)) - raft.server.log.statemachine.data.sync.timeout = 10s (default)
2024-05-12 17:41:36,418 [fa054618-3a8f-49b0-93d4-5933c936b659-groupManagement] INFO  server.RaftServerConfigKeys (ConfUtils.java:logGet(46)) - raft.server.log.statemachine.data.sync.timeout.retry = 30 (custom)
2024-05-12 17:41:36,419 [fa054618-3a8f-49b0-93d4-5933c936b659-groupManagement] INFO  server.RaftServerConfigKeys (ConfUtils.java:logGet(46)) - raft.server.log.write.buffer.size = 8388616 (custom)
2024-05-12 17:41:36,420 [fa054618-3a8f-49b0-93d4-5933c936b659-groupManagement] INFO  server.RaftServerConfigKeys (ConfUtils.java:logGet(46)) - raft.server.log.appender.buffer.byte-limit = 8388608 (custom)
2024-05-12 17:41:36,420 [fa054618-3a8f-49b0-93d4-5933c936b659-groupManagement] INFO  server.RaftServerConfigKeys (ConfUtils.java:logGet(46)) - raft.server.log.unsafe-flush.enabled = false (default)
2024-05-12 17:41:36,420 [fa054618-3a8f-49b0-93d4-5933c936b659-groupManagement] INFO  server.RaftServerConfigKeys (ConfUtils.java:logGet(46)) - raft.server.log.async-flush.enabled = false (default)
2024-05-12 17:41:36,420 [fa054618-3a8f-49b0-93d4-5933c936b659-groupManagement] INFO  server.RaftServerConfigKeys (ConfUtils.java:logGet(46)) - raft.server.log.statemachine.data.caching.enabled = true (custom)
2024-05-12 17:41:36,421 [a0742c66-ae9f-48ce-9181-086e540b3b62-groupManagement] INFO  server.RaftServerConfigKeys (ConfUtils.java:logGet(46)) - raft.server.rpc.request.timeout = 3000ms (default)
2024-05-12 17:41:36,421 [a0742c66-ae9f-48ce-9181-086e540b3b62-groupManagement] INFO  server.RaftServerConfigKeys (ConfUtils.java:logGet(46)) - raft.server.log.appender.install.snapshot.enabled = false (custom)
2024-05-12 17:41:36,421 [fa054618-3a8f-49b0-93d4-5933c936b659-groupManagement] INFO  segmented.SegmentedRaftLogWorker (SegmentedRaftLogWorker.java:lambda$new$0(134)) - fa054618-3a8f-49b0-93d4-5933c936b659@group-2BFC12537A18-SegmentedRaftLogWorker: flushIndex: setUnconditionally 0 -> -1
2024-05-12 17:41:36,421 [fa054618-3a8f-49b0-93d4-5933c936b659-groupManagement] INFO  segmented.SegmentedRaftLogWorker (SegmentedRaftLogWorker.java:lambda$new$0(134)) - fa054618-3a8f-49b0-93d4-5933c936b659@group-2BFC12537A18-SegmentedRaftLogWorker: safeCacheEvictIndex: setUnconditionally 0 -> -1
2024-05-12 17:41:36,421 [a0742c66-ae9f-48ce-9181-086e540b3b62-groupManagement] INFO  server.RaftServerConfigKeys (ConfUtils.java:logGet(46)) - raft.server.threadpool.server.cached = true (default)
2024-05-12 17:41:36,421 [a0742c66-ae9f-48ce-9181-086e540b3b62-groupManagement] INFO  server.RaftServerConfigKeys (ConfUtils.java:logGet(46)) - raft.server.threadpool.server.size = 0 (default)
2024-05-12 17:41:36,421 [a0742c66-ae9f-48ce-9181-086e540b3b62-groupManagement] INFO  server.RaftServerConfigKeys (ConfUtils.java:logGet(46)) - raft.server.threadpool.client.cached = true (default)
2024-05-12 17:41:36,421 [a0742c66-ae9f-48ce-9181-086e540b3b62-groupManagement] INFO  server.RaftServerConfigKeys (ConfUtils.java:logGet(46)) - raft.server.threadpool.client.size = 0 (default)
2024-05-12 17:41:36,421 [a0742c66-ae9f-48ce-9181-086e540b3b62-groupManagement] INFO  server.RaftServerConfigKeys (ConfUtils.java:logGet(46)) - raft.server.storage.free-space.min = 0MB (=0) (default)
2024-05-12 17:41:36,421 [a0742c66-ae9f-48ce-9181-086e540b3b62-groupManagement] INFO  server.RaftServerConfigKeys (ConfUtils.java:logGet(46)) - raft.server.log.corruption.policy = EXCEPTION (default)
2024-05-12 17:41:36,421 [a0742c66-ae9f-48ce-9181-086e540b3b62-groupManagement] INFO  server.RaftServerConfigKeys (ConfUtils.java:logGet(46)) - raft.server.storage.dir = [/home/runner/work/ozone/ozone/hadoop-ozone/integration-test/target/test-dir/MiniOzoneClusterImpl-71ef5771-1bca-432b-8888-38dc3c8d5d63/ozone-meta/datanode-9/ratis] (custom)
2024-05-12 17:41:36,421 [a0742c66-ae9f-48ce-9181-086e540b3b62-groupManagement] INFO  storage.RaftStorageDirectory (RaftStorageDirectoryImpl.java:analyzeStorage(138)) - The storage directory /home/runner/work/ozone/ozone/hadoop-ozone/integration-test/target/test-dir/MiniOzoneClusterImpl-71ef5771-1bca-432b-8888-38dc3c8d5d63/ozone-meta/datanode-9/ratis/6bfef457-b58e-438a-8fe9-2bfc12537a18 does not exist. Creating ...
2024-05-12 17:41:36,422 [fa054618-3a8f-49b0-93d4-5933c936b659-groupManagement] INFO  server.RaftServer$Division (RaftServerImpl.java:start(396)) - fa054618-3a8f-49b0-93d4-5933c936b659@group-2BFC12537A18: start as a follower, conf=-1: peers:[93bda13b-2c91-401a-a9f5-fc4ebb9220da|127.0.0.1:15362, fa054618-3a8f-49b0-93d4-5933c936b659|127.0.0.1:15371, a0742c66-ae9f-48ce-9181-086e540b3b62|127.0.0.1:15380]|listeners:[], old=null
2024-05-12 17:41:36,422 [fa054618-3a8f-49b0-93d4-5933c936b659-groupManagement] INFO  server.RaftServer$Division (RaftServerImpl.java:setRole(383)) - fa054618-3a8f-49b0-93d4-5933c936b659@group-2BFC12537A18: changes role from      null to FOLLOWER at term 0 for startAsFollower
2024-05-12 17:41:36,422 [fa054618-3a8f-49b0-93d4-5933c936b659-groupManagement] INFO  impl.RoleInfo (RoleInfo.java:updateAndGet(139)) - fa054618-3a8f-49b0-93d4-5933c936b659: start fa054618-3a8f-49b0-93d4-5933c936b659@group-2BFC12537A18-FollowerState
2024-05-12 17:41:36,422 [fa054618-3a8f-49b0-93d4-5933c936b659-groupManagement] INFO  util.JmxRegister (JmxRegister.java:tryRegister(44)) - Successfully registered JMX Bean with object name Ratis:service=RaftServer,group=group-2BFC12537A18,id=fa054618-3a8f-49b0-93d4-5933c936b659
2024-05-12 17:41:36,422 [fa054618-3a8f-49b0-93d4-5933c936b659@group-2BFC12537A18-FollowerState] INFO  server.RaftServerConfigKeys (ConfUtils.java:logFallback(53)) - raft.server.rpc.first-election.timeout.min = 1s (fallback to raft.server.rpc.timeout.min)
2024-05-12 17:41:36,422 [fa054618-3a8f-49b0-93d4-5933c936b659-groupManagement] INFO  server.RaftServerConfigKeys (ConfUtils.java:logGet(46)) - raft.server.snapshot.trigger-when-stop.enabled = true (default)
2024-05-12 17:41:36,422 [fa054618-3a8f-49b0-93d4-5933c936b659-groupManagement] INFO  server.RaftServerConfigKeys (ConfUtils.java:logGet(46)) - raft.server.snapshot.auto.trigger.enabled = true (custom)
2024-05-12 17:41:36,422 [fa054618-3a8f-49b0-93d4-5933c936b659@group-2BFC12537A18-FollowerState] INFO  server.RaftServerConfigKeys (ConfUtils.java:logFallback(53)) - raft.server.rpc.first-election.timeout.max = 1200ms (fallback to raft.server.rpc.timeout.max)
2024-05-12 17:41:36,422 [a0742c66-ae9f-48ce-9181-086e540b3b62-groupManagement] INFO  storage.RaftStorageDirectory (RaftStorageDirectoryImpl.java:tryLock(228)) - Lock on /home/runner/work/ozone/ozone/hadoop-ozone/integration-test/target/test-dir/MiniOzoneClusterImpl-71ef5771-1bca-432b-8888-38dc3c8d5d63/ozone-meta/datanode-9/ratis/6bfef457-b58e-438a-8fe9-2bfc12537a18/in_use.lock acquired by nodename 12547@fv-az576-466
2024-05-12 17:41:36,422 [fa054618-3a8f-49b0-93d4-5933c936b659-groupManagement] INFO  server.RaftServerConfigKeys (ConfUtils.java:logGet(46)) - raft.server.snapshot.auto.trigger.threshold = 10000 (custom)
2024-05-12 17:41:36,422 [fa054618-3a8f-49b0-93d4-5933c936b659-groupManagement] INFO  server.RaftServerConfigKeys (ConfUtils.java:logGet(46)) - raft.server.snapshot.retention.file.num = 5 (custom)
2024-05-12 17:41:36,422 [fa054618-3a8f-49b0-93d4-5933c936b659-groupManagement] INFO  server.RaftServerConfigKeys (ConfUtils.java:logGet(46)) - raft.server.log.purge.upto.snapshot.index = false (default)
2024-05-12 17:41:36,423 [fa054618-3a8f-49b0-93d4-5933c936b659-PipelineCommandHandlerThread-0] INFO  ratis.XceiverServerRatis (XceiverServerRatis.java:addGroup(864)) - Created group PipelineID=6bfef457-b58e-438a-8fe9-2bfc12537a18
2024-05-12 17:41:36,424 [a0742c66-ae9f-48ce-9181-086e540b3b62-groupManagement] INFO  storage.RaftStorage (RaftStorageImpl.java:format(99)) - Storage directory /home/runner/work/ozone/ozone/hadoop-ozone/integration-test/target/test-dir/MiniOzoneClusterImpl-71ef5771-1bca-432b-8888-38dc3c8d5d63/ozone-meta/datanode-9/ratis/6bfef457-b58e-438a-8fe9-2bfc12537a18 has been successfully formatted.
2024-05-12 17:41:36,424 [a0742c66-ae9f-48ce-9181-086e540b3b62-groupManagement] WARN  util.FileUtils (LogUtils.java:supplyAndLog(63)) - Failed to Files.newInputStream /home/runner/work/ozone/ozone/hadoop-ozone/integration-test/target/test-dir/MiniOzoneClusterImpl-71ef5771-1bca-432b-8888-38dc3c8d5d63/ozone-meta/datanode-9/ratis/6bfef457-b58e-438a-8fe9-2bfc12537a18/current/raft-meta.conf with options []: java.nio.file.NoSuchFileException: /home/runner/work/ozone/ozone/hadoop-ozone/integration-test/target/test-dir/MiniOzoneClusterImpl-71ef5771-1bca-432b-8888-38dc3c8d5d63/ozone-meta/datanode-9/ratis/6bfef457-b58e-438a-8fe9-2bfc12537a18/current/raft-meta.conf
2024-05-12 17:41:36,424 [a0742c66-ae9f-48ce-9181-086e540b3b62-groupManagement] INFO  ratis.ContainerStateMachine (ContainerStateMachine.java:loadSnapshot(287)) - group-2BFC12537A18: The snapshot info is null. Setting the last applied index to:(t:0, i:~)
2024-05-12 17:41:36,424 [a0742c66-ae9f-48ce-9181-086e540b3b62-groupManagement] INFO  server.RaftServerConfigKeys (ConfUtils.java:logGet(46)) - raft.server.log.use.memory = false (default)
2024-05-12 17:41:36,424 [a0742c66-ae9f-48ce-9181-086e540b3b62-groupManagement] INFO  server.RaftServerConfigKeys (ConfUtils.java:logGet(46)) - raft.server.log.purge.gap = 1000000 (custom)
2024-05-12 17:41:36,424 [a0742c66-ae9f-48ce-9181-086e540b3b62-groupManagement] INFO  server.RaftServerConfigKeys (ConfUtils.java:logGet(46)) - raft.server.log.appender.buffer.byte-limit = 8388608 (custom)
2024-05-12 17:41:36,424 [a0742c66-ae9f-48ce-9181-086e540b3b62-groupManagement] INFO  server.RaftServerConfigKeys (ConfUtils.java:logGet(46)) - raft.server.log.statemachine.data.read.timeout = 1000ms (default)
2024-05-12 17:41:36,424 [a0742c66-ae9f-48ce-9181-086e540b3b62-groupManagement] INFO  server.RaftServerConfigKeys (ConfUtils.java:logGet(46)) - raft.server.log.purge.preservation.log.num = 0 (default)
2024-05-12 17:41:36,426 [a0742c66-ae9f-48ce-9181-086e540b3b62-groupManagement] INFO  server.RaftServerConfigKeys (ConfUtils.java:logGet(46)) - raft.server.log.segment.size.max = 67108864 (custom)
2024-05-12 17:41:36,426 [a0742c66-ae9f-48ce-9181-086e540b3b62-groupManagement] INFO  server.RaftServerConfigKeys (ConfUtils.java:logGet(46)) - raft.server.log.segment.cache.num.max = 2 (custom)
2024-05-12 17:41:36,426 [a0742c66-ae9f-48ce-9181-086e540b3b62-groupManagement] INFO  server.RaftServerConfigKeys (ConfUtils.java:logGet(46)) - raft.server.log.segment.cache.size.max = 200MB (=209715200) (default)
2024-05-12 17:41:36,426 [a0742c66-ae9f-48ce-9181-086e540b3b62-groupManagement] INFO  server.RaftServerConfigKeys (ConfUtils.java:logGet(46)) - raft.server.log.appender.buffer.byte-limit = 8388608 (custom)
2024-05-12 17:41:36,427 [a0742c66-ae9f-48ce-9181-086e540b3b62-groupManagement] INFO  util.AwaitToRun (AwaitToRun.java:start(81)) - Thread[a0742c66-ae9f-48ce-9181-086e540b3b62@group-2BFC12537A18-cacheEviction-AwaitToRun,5,main] started
2024-05-12 17:41:36,427 [a0742c66-ae9f-48ce-9181-086e540b3b62-groupManagement] INFO  segmented.SegmentedRaftLogWorker (SegmentedRaftLogWorker.java:<init>(182)) - new a0742c66-ae9f-48ce-9181-086e540b3b62@group-2BFC12537A18-SegmentedRaftLogWorker for RaftStorageImpl:Storage Directory /home/runner/work/ozone/ozone/hadoop-ozone/integration-test/target/test-dir/MiniOzoneClusterImpl-71ef5771-1bca-432b-8888-38dc3c8d5d63/ozone-meta/datanode-9/ratis/6bfef457-b58e-438a-8fe9-2bfc12537a18
2024-05-12 17:41:36,427 [a0742c66-ae9f-48ce-9181-086e540b3b62-groupManagement] INFO  server.RaftServerConfigKeys (ConfUtils.java:logGet(46)) - raft.server.log.queue.byte-limit = 4294967296 (custom)
2024-05-12 17:41:36,427 [a0742c66-ae9f-48ce-9181-086e540b3b62-groupManagement] INFO  server.RaftServerConfigKeys (ConfUtils.java:logGet(46)) - raft.server.log.queue.element-limit = 1024 (custom)
2024-05-12 17:41:36,427 [a0742c66-ae9f-48ce-9181-086e540b3b62-groupManagement] INFO  server.RaftServerConfigKeys (ConfUtils.java:logGet(46)) - raft.server.log.segment.size.max = 67108864 (custom)
2024-05-12 17:41:36,427 [a0742c66-ae9f-48ce-9181-086e540b3b62-groupManagement] INFO  server.RaftServerConfigKeys (ConfUtils.java:logGet(46)) - raft.server.log.preallocated.size = 4194304 (custom)
2024-05-12 17:41:36,427 [a0742c66-ae9f-48ce-9181-086e540b3b62-groupManagement] INFO  server.RaftServerConfigKeys (ConfUtils.java:logGet(46)) - raft.server.log.force.sync.num = 128 (default)
2024-05-12 17:41:36,427 [a0742c66-ae9f-48ce-9181-086e540b3b62-groupManagement] INFO  server.RaftServerConfigKeys (ConfUtils.java:logGet(46)) - raft.server.log.statemachine.data.sync = true (default)
2024-05-12 17:41:36,427 [a0742c66-ae9f-48ce-9181-086e540b3b62-groupManagement] INFO  server.RaftServerConfigKeys (ConfUtils.java:logGet(46)) - raft.server.log.statemachine.data.sync.timeout = 10s (default)
2024-05-12 17:41:36,427 [a0742c66-ae9f-48ce-9181-086e540b3b62-groupManagement] INFO  server.RaftServerConfigKeys (ConfUtils.java:logGet(46)) - raft.server.log.statemachine.data.sync.timeout.retry = 30 (custom)
2024-05-12 17:41:36,427 [a0742c66-ae9f-48ce-9181-086e540b3b62-groupManagement] INFO  server.RaftServerConfigKeys (ConfUtils.java:logGet(46)) - raft.server.log.write.buffer.size = 8388616 (custom)
2024-05-12 17:41:36,428 [a0742c66-ae9f-48ce-9181-086e540b3b62-PipelineCommandHandlerThread-0] INFO  server.RaftServer (RaftServerProxy.java:addNew(100)) - a0742c66-ae9f-48ce-9181-086e540b3b62: addNew group-C4BAC6D11D6A:[a0742c66-ae9f-48ce-9181-086e540b3b62|127.0.0.1:15380] returns group-C4BAC6D11D6A:java.util.concurrent.CompletableFuture@18d1e2f8[Not completed]
2024-05-12 17:41:36,429 [a0742c66-ae9f-48ce-9181-086e540b3b62-groupManagement] INFO  server.RaftServerConfigKeys (ConfUtils.java:logGet(46)) - raft.server.log.appender.buffer.byte-limit = 8388608 (custom)
2024-05-12 17:41:36,429 [a0742c66-ae9f-48ce-9181-086e540b3b62-groupManagement] INFO  server.RaftServerConfigKeys (ConfUtils.java:logGet(46)) - raft.server.log.unsafe-flush.enabled = false (default)
2024-05-12 17:41:36,429 [a0742c66-ae9f-48ce-9181-086e540b3b62-groupManagement] INFO  server.RaftServerConfigKeys (ConfUtils.java:logGet(46)) - raft.server.log.async-flush.enabled = false (default)
2024-05-12 17:41:36,429 [a0742c66-ae9f-48ce-9181-086e540b3b62-groupManagement] INFO  server.RaftServerConfigKeys (ConfUtils.java:logGet(46)) - raft.server.log.statemachine.data.caching.enabled = true (custom)
2024-05-12 17:41:36,429 [a0742c66-ae9f-48ce-9181-086e540b3b62-groupManagement] INFO  segmented.SegmentedRaftLogWorker (SegmentedRaftLogWorker.java:lambda$new$0(134)) - a0742c66-ae9f-48ce-9181-086e540b3b62@group-2BFC12537A18-SegmentedRaftLogWorker: flushIndex: setUnconditionally 0 -> -1
2024-05-12 17:41:36,429 [a0742c66-ae9f-48ce-9181-086e540b3b62-groupManagement] INFO  segmented.SegmentedRaftLogWorker (SegmentedRaftLogWorker.java:lambda$new$0(134)) - a0742c66-ae9f-48ce-9181-086e540b3b62@group-2BFC12537A18-SegmentedRaftLogWorker: safeCacheEvictIndex: setUnconditionally 0 -> -1
2024-05-12 17:41:36,430 [a0742c66-ae9f-48ce-9181-086e540b3b62-groupManagement] INFO  server.RaftServer$Division (RaftServerImpl.java:start(396)) - a0742c66-ae9f-48ce-9181-086e540b3b62@group-2BFC12537A18: start as a follower, conf=-1: peers:[93bda13b-2c91-401a-a9f5-fc4ebb9220da|127.0.0.1:15362, fa054618-3a8f-49b0-93d4-5933c936b659|127.0.0.1:15371, a0742c66-ae9f-48ce-9181-086e540b3b62|127.0.0.1:15380]|listeners:[], old=null
2024-05-12 17:41:36,430 [a0742c66-ae9f-48ce-9181-086e540b3b62-groupManagement] INFO  server.RaftServer$Division (RaftServerImpl.java:setRole(383)) - a0742c66-ae9f-48ce-9181-086e540b3b62@group-2BFC12537A18: changes role from      null to FOLLOWER at term 0 for startAsFollower
2024-05-12 17:41:36,430 [a0742c66-ae9f-48ce-9181-086e540b3b62-groupManagement] INFO  impl.RoleInfo (RoleInfo.java:updateAndGet(139)) - a0742c66-ae9f-48ce-9181-086e540b3b62: start a0742c66-ae9f-48ce-9181-086e540b3b62@group-2BFC12537A18-FollowerState
2024-05-12 17:41:36,430 [a0742c66-ae9f-48ce-9181-086e540b3b62-groupManagement] INFO  util.JmxRegister (JmxRegister.java:tryRegister(44)) - Successfully registered JMX Bean with object name Ratis:service=RaftServer,group=group-2BFC12537A18,id=a0742c66-ae9f-48ce-9181-086e540b3b62
2024-05-12 17:41:36,430 [a0742c66-ae9f-48ce-9181-086e540b3b62-groupManagement] INFO  server.RaftServerConfigKeys (ConfUtils.java:logGet(46)) - raft.server.snapshot.trigger-when-stop.enabled = true (default)
2024-05-12 17:41:36,430 [a0742c66-ae9f-48ce-9181-086e540b3b62-groupManagement] INFO  server.RaftServerConfigKeys (ConfUtils.java:logGet(46)) - raft.server.snapshot.auto.trigger.enabled = true (custom)
2024-05-12 17:41:36,430 [a0742c66-ae9f-48ce-9181-086e540b3b62-groupManagement] INFO  server.RaftServerConfigKeys (ConfUtils.java:logGet(46)) - raft.server.snapshot.auto.trigger.threshold = 10000 (custom)
2024-05-12 17:41:36,430 [a0742c66-ae9f-48ce-9181-086e540b3b62-groupManagement] INFO  server.RaftServerConfigKeys (ConfUtils.java:logGet(46)) - raft.server.snapshot.retention.file.num = 5 (custom)
2024-05-12 17:41:36,430 [a0742c66-ae9f-48ce-9181-086e540b3b62-groupManagement] INFO  server.RaftServerConfigKeys (ConfUtils.java:logGet(46)) - raft.server.log.purge.upto.snapshot.index = false (default)
2024-05-12 17:41:36,430 [a0742c66-ae9f-48ce-9181-086e540b3b62@group-2BFC12537A18-FollowerState] INFO  server.RaftServerConfigKeys (ConfUtils.java:logFallback(53)) - raft.server.rpc.first-election.timeout.min = 1s (fallback to raft.server.rpc.timeout.min)
2024-05-12 17:41:36,431 [a0742c66-ae9f-48ce-9181-086e540b3b62@group-2BFC12537A18-FollowerState] INFO  server.RaftServerConfigKeys (ConfUtils.java:logFallback(53)) - raft.server.rpc.first-election.timeout.max = 1200ms (fallback to raft.server.rpc.timeout.max)
2024-05-12 17:41:36,432 [a0742c66-ae9f-48ce-9181-086e540b3b62-groupManagement] INFO  server.RaftServer$Division (RaftServerImpl.java:<init>(256)) - a0742c66-ae9f-48ce-9181-086e540b3b62: new RaftServerImpl for group-C4BAC6D11D6A:[a0742c66-ae9f-48ce-9181-086e540b3b62|127.0.0.1:15380] with ContainerStateMachine:uninitialized
2024-05-12 17:41:36,432 [a0742c66-ae9f-48ce-9181-086e540b3b62-groupManagement] INFO  server.RaftServerConfigKeys (ConfUtils.java:logGet(46)) - raft.server.rpc.timeout.min = 1s (custom)
2024-05-12 17:41:36,432 [a0742c66-ae9f-48ce-9181-086e540b3b62-groupManagement] INFO  server.RaftServerConfigKeys (ConfUtils.java:logGet(46)) - raft.server.rpc.timeout.max = 1200ms (custom)
2024-05-12 17:41:36,432 [a0742c66-ae9f-48ce-9181-086e540b3b62-groupManagement] INFO  server.RaftServerConfigKeys (ConfUtils.java:logGet(46)) - raft.server.rpc.sleep.time = 25ms (default)
2024-05-12 17:41:36,432 [a0742c66-ae9f-48ce-9181-086e540b3b62-groupManagement] INFO  server.RaftServerConfigKeys (ConfUtils.java:logGet(46)) - raft.server.rpc.slowness.timeout = 300000ms (custom)
2024-05-12 17:41:36,432 [a0742c66-ae9f-48ce-9181-086e540b3b62-groupManagement] INFO  server.RaftServerConfigKeys (ConfUtils.java:logGet(46)) - raft.server.leaderelection.leader.step-down.wait-time = 10s (default)
2024-05-12 17:41:36,432 [a0742c66-ae9f-48ce-9181-086e540b3b62-groupManagement] INFO  server.RaftServerConfigKeys (ConfUtils.java:logGet(46)) - raft.server.leaderelection.member.majority-add = false (default)
2024-05-12 17:41:36,432 [a0742c66-ae9f-48ce-9181-086e540b3b62-groupManagement] INFO  server.RaftServerConfigKeys (ConfUtils.java:logGet(46)) - raft.server.sleep.deviation.threshold = 300ms (default)
2024-05-12 17:41:36,432 [a0742c66-ae9f-48ce-9181-086e540b3b62-groupManagement] INFO  server.RaftServer$Division (ServerState.java:<init>(113)) - a0742c66-ae9f-48ce-9181-086e540b3b62@group-C4BAC6D11D6A: ConfigurationManager, init=-1: peers:[a0742c66-ae9f-48ce-9181-086e540b3b62|127.0.0.1:15380]|listeners:[], old=null, confs=<EMPTY_MAP>
2024-05-12 17:41:36,432 [a0742c66-ae9f-48ce-9181-086e540b3b62-groupManagement] INFO  server.RaftServerConfigKeys (ConfUtils.java:logGet(46)) - raft.server.notification.no-leader.timeout = 300000ms (custom)
2024-05-12 17:41:36,432 [a0742c66-ae9f-48ce-9181-086e540b3b62-groupManagement] INFO  server.RaftServerConfigKeys (ConfUtils.java:logGet(46)) - raft.server.read.timeout = 10s (default)
2024-05-12 17:41:36,432 [a0742c66-ae9f-48ce-9181-086e540b3b62-groupManagement] INFO  server.RaftServerConfigKeys (ConfUtils.java:logGet(46)) - raft.server.retrycache.expirytime = 600000ms (custom)
2024-05-12 17:41:36,432 [a0742c66-ae9f-48ce-9181-086e540b3b62-groupManagement] INFO  server.RaftServerConfigKeys (ConfUtils.java:logGet(46)) - raft.server.retrycache.statistics.expirytime = 100ms (default)
2024-05-12 17:41:36,432 [a0742c66-ae9f-48ce-9181-086e540b3b62-groupManagement] INFO  server.RaftServerConfigKeys (ConfUtils.java:logGet(46)) - raft.server.read.option = DEFAULT (default)
2024-05-12 17:41:36,433 [a0742c66-ae9f-48ce-9181-086e540b3b62-groupManagement] INFO  server.RaftServerConfigKeys (ConfUtils.java:logGet(46)) - raft.server.read.read-after-write-consistent.write-index-cache.expiry-time = 60s (default)
2024-05-12 17:41:36,436 [a0742c66-ae9f-48ce-9181-086e540b3b62-groupManagement] INFO  server.RaftServerConfigKeys (ConfUtils.java:logGet(46)) - raft.server.rpc.request.timeout = 3000ms (default)
2024-05-12 17:41:36,436 [a0742c66-ae9f-48ce-9181-086e540b3b62-groupManagement] INFO  server.RaftServerConfigKeys (ConfUtils.java:logGet(46)) - raft.server.log.appender.install.snapshot.enabled = false (custom)
2024-05-12 17:41:36,436 [a0742c66-ae9f-48ce-9181-086e540b3b62-groupManagement] INFO  server.RaftServerConfigKeys (ConfUtils.java:logGet(46)) - raft.server.threadpool.server.cached = true (default)
2024-05-12 17:41:36,436 [a0742c66-ae9f-48ce-9181-086e540b3b62-groupManagement] INFO  server.RaftServerConfigKeys (ConfUtils.java:logGet(46)) - raft.server.threadpool.server.size = 0 (default)
2024-05-12 17:41:36,437 [a0742c66-ae9f-48ce-9181-086e540b3b62-groupManagement] INFO  server.RaftServerConfigKeys (ConfUtils.java:logGet(46)) - raft.server.threadpool.client.cached = true (default)
2024-05-12 17:41:36,437 [a0742c66-ae9f-48ce-9181-086e540b3b62-groupManagement] INFO  server.RaftServerConfigKeys (ConfUtils.java:logGet(46)) - raft.server.threadpool.client.size = 0 (default)
2024-05-12 17:41:36,437 [a0742c66-ae9f-48ce-9181-086e540b3b62-groupManagement] INFO  server.RaftServerConfigKeys (ConfUtils.java:logGet(46)) - raft.server.storage.free-space.min = 0MB (=0) (default)
2024-05-12 17:41:36,437 [a0742c66-ae9f-48ce-9181-086e540b3b62-groupManagement] INFO  server.RaftServerConfigKeys (ConfUtils.java:logGet(46)) - raft.server.log.corruption.policy = EXCEPTION (default)
2024-05-12 17:41:36,437 [a0742c66-ae9f-48ce-9181-086e540b3b62-groupManagement] INFO  server.RaftServerConfigKeys (ConfUtils.java:logGet(46)) - raft.server.storage.dir = [/home/runner/work/ozone/ozone/hadoop-ozone/integration-test/target/test-dir/MiniOzoneClusterImpl-71ef5771-1bca-432b-8888-38dc3c8d5d63/ozone-meta/datanode-9/ratis] (custom)
2024-05-12 17:41:36,437 [a0742c66-ae9f-48ce-9181-086e540b3b62-groupManagement] INFO  storage.RaftStorageDirectory (RaftStorageDirectoryImpl.java:analyzeStorage(138)) - The storage directory /home/runner/work/ozone/ozone/hadoop-ozone/integration-test/target/test-dir/MiniOzoneClusterImpl-71ef5771-1bca-432b-8888-38dc3c8d5d63/ozone-meta/datanode-9/ratis/c7b71482-f04d-44f2-9ef0-c4bac6d11d6a does not exist. Creating ...
2024-05-12 17:41:36,443 [a0742c66-ae9f-48ce-9181-086e540b3b62-groupManagement] INFO  storage.RaftStorageDirectory (RaftStorageDirectoryImpl.java:tryLock(228)) - Lock on /home/runner/work/ozone/ozone/hadoop-ozone/integration-test/target/test-dir/MiniOzoneClusterImpl-71ef5771-1bca-432b-8888-38dc3c8d5d63/ozone-meta/datanode-9/ratis/c7b71482-f04d-44f2-9ef0-c4bac6d11d6a/in_use.lock acquired by nodename 12547@fv-az576-466
2024-05-12 17:41:36,446 [a0742c66-ae9f-48ce-9181-086e540b3b62-groupManagement] INFO  storage.RaftStorage (RaftStorageImpl.java:format(99)) - Storage directory /home/runner/work/ozone/ozone/hadoop-ozone/integration-test/target/test-dir/MiniOzoneClusterImpl-71ef5771-1bca-432b-8888-38dc3c8d5d63/ozone-meta/datanode-9/ratis/c7b71482-f04d-44f2-9ef0-c4bac6d11d6a has been successfully formatted.
2024-05-12 17:41:36,446 [a0742c66-ae9f-48ce-9181-086e540b3b62-groupManagement] WARN  util.FileUtils (LogUtils.java:supplyAndLog(63)) - Failed to Files.newInputStream /home/runner/work/ozone/ozone/hadoop-ozone/integration-test/target/test-dir/MiniOzoneClusterImpl-71ef5771-1bca-432b-8888-38dc3c8d5d63/ozone-meta/datanode-9/ratis/c7b71482-f04d-44f2-9ef0-c4bac6d11d6a/current/raft-meta.conf with options []: java.nio.file.NoSuchFileException: /home/runner/work/ozone/ozone/hadoop-ozone/integration-test/target/test-dir/MiniOzoneClusterImpl-71ef5771-1bca-432b-8888-38dc3c8d5d63/ozone-meta/datanode-9/ratis/c7b71482-f04d-44f2-9ef0-c4bac6d11d6a/current/raft-meta.conf
2024-05-12 17:41:36,446 [a0742c66-ae9f-48ce-9181-086e540b3b62-groupManagement] INFO  ratis.ContainerStateMachine (ContainerStateMachine.java:loadSnapshot(287)) - group-C4BAC6D11D6A: The snapshot info is null. Setting the last applied index to:(t:0, i:~)
2024-05-12 17:41:36,447 [EventQueue-PipelineReportForPipelineReportHandler] INFO  pipeline.PipelineReportHandler (PipelineReportHandler.java:processPipelineReport(136)) - Opened pipeline PipelineID=c7b71482-f04d-44f2-9ef0-c4bac6d11d6a
2024-05-12 17:41:36,448 [EventQueue-OpenPipelineForHealthyPipelineSafeModeRule] INFO  safemode.SCMSafeModeManager (HealthyPipelineSafeModeRule.java:process(140)) - SCM in safe mode. Healthy pipelines reported count is 0, required healthy pipeline reported count is 1
2024-05-12 17:41:36,448 [a0742c66-ae9f-48ce-9181-086e540b3b62-groupManagement] INFO  server.RaftServerConfigKeys (ConfUtils.java:logGet(46)) - raft.server.log.use.memory = false (default)
2024-05-12 17:41:36,448 [a0742c66-ae9f-48ce-9181-086e540b3b62-groupManagement] INFO  server.RaftServerConfigKeys (ConfUtils.java:logGet(46)) - raft.server.log.purge.gap = 1000000 (custom)
2024-05-12 17:41:36,448 [a0742c66-ae9f-48ce-9181-086e540b3b62-groupManagement] INFO  server.RaftServerConfigKeys (ConfUtils.java:logGet(46)) - raft.server.log.appender.buffer.byte-limit = 8388608 (custom)
2024-05-12 17:41:36,448 [a0742c66-ae9f-48ce-9181-086e540b3b62-groupManagement] INFO  server.RaftServerConfigKeys (ConfUtils.java:logGet(46)) - raft.server.log.statemachine.data.read.timeout = 1000ms (default)
2024-05-12 17:41:36,448 [a0742c66-ae9f-48ce-9181-086e540b3b62-groupManagement] INFO  server.RaftServerConfigKeys (ConfUtils.java:logGet(46)) - raft.server.log.purge.preservation.log.num = 0 (default)
2024-05-12 17:41:36,450 [a0742c66-ae9f-48ce-9181-086e540b3b62-groupManagement] INFO  server.RaftServerConfigKeys (ConfUtils.java:logGet(46)) - raft.server.log.segment.size.max = 67108864 (custom)
2024-05-12 17:41:36,450 [a0742c66-ae9f-48ce-9181-086e540b3b62-groupManagement] INFO  server.RaftServerConfigKeys (ConfUtils.java:logGet(46)) - raft.server.log.segment.cache.num.max = 2 (custom)
2024-05-12 17:41:36,450 [a0742c66-ae9f-48ce-9181-086e540b3b62-groupManagement] INFO  server.RaftServerConfigKeys (ConfUtils.java:logGet(46)) - raft.server.log.segment.cache.size.max = 200MB (=209715200) (default)
2024-05-12 17:41:36,450 [a0742c66-ae9f-48ce-9181-086e540b3b62-groupManagement] INFO  server.RaftServerConfigKeys (ConfUtils.java:logGet(46)) - raft.server.log.appender.buffer.byte-limit = 8388608 (custom)
2024-05-12 17:41:36,451 [fa054618-3a8f-49b0-93d4-5933c936b659-PipelineCommandHandlerThread-0] INFO  commandhandler.CreatePipelineCommandHandler (CreatePipelineCommandHandler.java:lambda$handle$2(124)) - Created Pipeline RATIS THREE PipelineID=6bfef457-b58e-438a-8fe9-2bfc12537a18.
2024-05-12 17:41:36,454 [a0742c66-ae9f-48ce-9181-086e540b3b62-groupManagement] INFO  util.AwaitToRun (AwaitToRun.java:start(81)) - Thread[a0742c66-ae9f-48ce-9181-086e540b3b62@group-C4BAC6D11D6A-cacheEviction-AwaitToRun,5,main] started
2024-05-12 17:41:36,455 [a0742c66-ae9f-48ce-9181-086e540b3b62-groupManagement] INFO  segmented.SegmentedRaftLogWorker (SegmentedRaftLogWorker.java:<init>(182)) - new a0742c66-ae9f-48ce-9181-086e540b3b62@group-C4BAC6D11D6A-SegmentedRaftLogWorker for RaftStorageImpl:Storage Directory /home/runner/work/ozone/ozone/hadoop-ozone/integration-test/target/test-dir/MiniOzoneClusterImpl-71ef5771-1bca-432b-8888-38dc3c8d5d63/ozone-meta/datanode-9/ratis/c7b71482-f04d-44f2-9ef0-c4bac6d11d6a
2024-05-12 17:41:36,455 [a0742c66-ae9f-48ce-9181-086e540b3b62-groupManagement] INFO  server.RaftServerConfigKeys (ConfUtils.java:logGet(46)) - raft.server.log.queue.byte-limit = 4294967296 (custom)
2024-05-12 17:41:36,455 [a0742c66-ae9f-48ce-9181-086e540b3b62-groupManagement] INFO  server.RaftServerConfigKeys (ConfUtils.java:logGet(46)) - raft.server.log.queue.element-limit = 1024 (custom)
2024-05-12 17:41:36,455 [a0742c66-ae9f-48ce-9181-086e540b3b62-groupManagement] INFO  server.RaftServerConfigKeys (ConfUtils.java:logGet(46)) - raft.server.log.segment.size.max = 67108864 (custom)
2024-05-12 17:41:36,455 [a0742c66-ae9f-48ce-9181-086e540b3b62-groupManagement] INFO  server.RaftServerConfigKeys (ConfUtils.java:logGet(46)) - raft.server.log.preallocated.size = 4194304 (custom)
2024-05-12 17:41:36,455 [a0742c66-ae9f-48ce-9181-086e540b3b62-groupManagement] INFO  server.RaftServerConfigKeys (ConfUtils.java:logGet(46)) - raft.server.log.force.sync.num = 128 (default)
2024-05-12 17:41:36,455 [a0742c66-ae9f-48ce-9181-086e540b3b62-groupManagement] INFO  server.RaftServerConfigKeys (ConfUtils.java:logGet(46)) - raft.server.log.statemachine.data.sync = true (default)
2024-05-12 17:41:36,455 [a0742c66-ae9f-48ce-9181-086e540b3b62-groupManagement] INFO  server.RaftServerConfigKeys (ConfUtils.java:logGet(46)) - raft.server.log.statemachine.data.sync.timeout = 10s (default)
2024-05-12 17:41:36,455 [a0742c66-ae9f-48ce-9181-086e540b3b62-groupManagement] INFO  server.RaftServerConfigKeys (ConfUtils.java:logGet(46)) - raft.server.log.statemachine.data.sync.timeout.retry = 30 (custom)
2024-05-12 17:41:36,455 [a0742c66-ae9f-48ce-9181-086e540b3b62-groupManagement] INFO  server.RaftServerConfigKeys (ConfUtils.java:logGet(46)) - raft.server.log.write.buffer.size = 8388616 (custom)
2024-05-12 17:41:36,457 [a0742c66-ae9f-48ce-9181-086e540b3b62-groupManagement] INFO  server.RaftServerConfigKeys (ConfUtils.java:logGet(46)) - raft.server.log.appender.buffer.byte-limit = 8388608 (custom)
2024-05-12 17:41:36,457 [a0742c66-ae9f-48ce-9181-086e540b3b62-groupManagement] INFO  server.RaftServerConfigKeys (ConfUtils.java:logGet(46)) - raft.server.log.unsafe-flush.enabled = false (default)
2024-05-12 17:41:36,457 [a0742c66-ae9f-48ce-9181-086e540b3b62-groupManagement] INFO  server.RaftServerConfigKeys (ConfUtils.java:logGet(46)) - raft.server.log.async-flush.enabled = false (default)
2024-05-12 17:41:36,457 [a0742c66-ae9f-48ce-9181-086e540b3b62-groupManagement] INFO  server.RaftServerConfigKeys (ConfUtils.java:logGet(46)) - raft.server.log.statemachine.data.caching.enabled = true (custom)
2024-05-12 17:41:36,457 [a0742c66-ae9f-48ce-9181-086e540b3b62-groupManagement] INFO  segmented.SegmentedRaftLogWorker (SegmentedRaftLogWorker.java:lambda$new$0(134)) - a0742c66-ae9f-48ce-9181-086e540b3b62@group-C4BAC6D11D6A-SegmentedRaftLogWorker: flushIndex: setUnconditionally 0 -> -1
2024-05-12 17:41:36,457 [a0742c66-ae9f-48ce-9181-086e540b3b62-groupManagement] INFO  segmented.SegmentedRaftLogWorker (SegmentedRaftLogWorker.java:lambda$new$0(134)) - a0742c66-ae9f-48ce-9181-086e540b3b62@group-C4BAC6D11D6A-SegmentedRaftLogWorker: safeCacheEvictIndex: setUnconditionally 0 -> -1
2024-05-12 17:41:36,458 [a0742c66-ae9f-48ce-9181-086e540b3b62-groupManagement] INFO  server.RaftServer$Division (RaftServerImpl.java:start(396)) - a0742c66-ae9f-48ce-9181-086e540b3b62@group-C4BAC6D11D6A: start as a follower, conf=-1: peers:[a0742c66-ae9f-48ce-9181-086e540b3b62|127.0.0.1:15380]|listeners:[], old=null
2024-05-12 17:41:36,458 [a0742c66-ae9f-48ce-9181-086e540b3b62-groupManagement] INFO  server.RaftServer$Division (RaftServerImpl.java:setRole(383)) - a0742c66-ae9f-48ce-9181-086e540b3b62@group-C4BAC6D11D6A: changes role from      null to FOLLOWER at term 0 for startAsFollower
2024-05-12 17:41:36,458 [a0742c66-ae9f-48ce-9181-086e540b3b62-groupManagement] INFO  impl.RoleInfo (RoleInfo.java:updateAndGet(139)) - a0742c66-ae9f-48ce-9181-086e540b3b62: start a0742c66-ae9f-48ce-9181-086e540b3b62@group-C4BAC6D11D6A-FollowerState
2024-05-12 17:41:36,458 [93bda13b-2c91-401a-a9f5-fc4ebb9220da-PipelineCommandHandlerThread-0] INFO  commandhandler.CreatePipelineCommandHandler (CreatePipelineCommandHandler.java:lambda$handle$2(124)) - Created Pipeline RATIS THREE PipelineID=6bfef457-b58e-438a-8fe9-2bfc12537a18.
2024-05-12 17:41:36,461 [a0742c66-ae9f-48ce-9181-086e540b3b62-groupManagement] INFO  util.JmxRegister (JmxRegister.java:tryRegister(44)) - Successfully registered JMX Bean with object name Ratis:service=RaftServer,group=group-C4BAC6D11D6A,id=a0742c66-ae9f-48ce-9181-086e540b3b62
2024-05-12 17:41:36,461 [a0742c66-ae9f-48ce-9181-086e540b3b62-groupManagement] INFO  server.RaftServerConfigKeys (ConfUtils.java:logGet(46)) - raft.server.snapshot.trigger-when-stop.enabled = true (default)
2024-05-12 17:41:36,461 [a0742c66-ae9f-48ce-9181-086e540b3b62-groupManagement] INFO  server.RaftServerConfigKeys (ConfUtils.java:logGet(46)) - raft.server.snapshot.auto.trigger.enabled = true (custom)
2024-05-12 17:41:36,461 [a0742c66-ae9f-48ce-9181-086e540b3b62-groupManagement] INFO  server.RaftServerConfigKeys (ConfUtils.java:logGet(46)) - raft.server.snapshot.auto.trigger.threshold = 10000 (custom)
2024-05-12 17:41:36,461 [a0742c66-ae9f-48ce-9181-086e540b3b62-groupManagement] INFO  server.RaftServerConfigKeys (ConfUtils.java:logGet(46)) - raft.server.snapshot.retention.file.num = 5 (custom)
2024-05-12 17:41:36,461 [a0742c66-ae9f-48ce-9181-086e540b3b62-groupManagement] INFO  server.RaftServerConfigKeys (ConfUtils.java:logGet(46)) - raft.server.log.purge.upto.snapshot.index = false (default)
2024-05-12 17:41:36,462 [a0742c66-ae9f-48ce-9181-086e540b3b62@group-C4BAC6D11D6A-FollowerState] INFO  server.RaftServerConfigKeys (ConfUtils.java:logFallback(53)) - raft.server.rpc.first-election.timeout.min = 1s (fallback to raft.server.rpc.timeout.min)
2024-05-12 17:41:36,462 [a0742c66-ae9f-48ce-9181-086e540b3b62@group-C4BAC6D11D6A-FollowerState] INFO  server.RaftServerConfigKeys (ConfUtils.java:logFallback(53)) - raft.server.rpc.first-election.timeout.max = 1200ms (fallback to raft.server.rpc.timeout.max)
2024-05-12 17:41:36,462 [a0742c66-ae9f-48ce-9181-086e540b3b62-PipelineCommandHandlerThread-0] INFO  ratis.XceiverServerRatis (XceiverServerRatis.java:addGroup(864)) - Created group PipelineID=c7b71482-f04d-44f2-9ef0-c4bac6d11d6a
2024-05-12 17:41:36,462 [a0742c66-ae9f-48ce-9181-086e540b3b62-PipelineCommandHandlerThread-0] INFO  commandhandler.CreatePipelineCommandHandler (CreatePipelineCommandHandler.java:lambda$handle$2(124)) - Created Pipeline RATIS ONE PipelineID=c7b71482-f04d-44f2-9ef0-c4bac6d11d6a.
2024-05-12 17:41:36,466 [a33fd443-9c01-43ff-9618-b7376da7e75d-PipelineCommandHandlerThread-0] INFO  server.RaftServer (RaftServerProxy.java:addNew(100)) - a33fd443-9c01-43ff-9618-b7376da7e75d: addNew group-928AF1097415:[a33fd443-9c01-43ff-9618-b7376da7e75d|127.0.0.1:15389] returns group-928AF1097415:java.util.concurrent.CompletableFuture@18e2326[Not completed]
2024-05-12 17:41:36,467 [a33fd443-9c01-43ff-9618-b7376da7e75d-groupManagement] INFO  server.RaftServer$Division (RaftServerImpl.java:<init>(256)) - a33fd443-9c01-43ff-9618-b7376da7e75d: new RaftServerImpl for group-928AF1097415:[a33fd443-9c01-43ff-9618-b7376da7e75d|127.0.0.1:15389] with ContainerStateMachine:uninitialized
2024-05-12 17:41:36,467 [a33fd443-9c01-43ff-9618-b7376da7e75d-groupManagement] INFO  server.RaftServerConfigKeys (ConfUtils.java:logGet(46)) - raft.server.rpc.timeout.min = 1s (custom)
2024-05-12 17:41:36,467 [a33fd443-9c01-43ff-9618-b7376da7e75d-groupManagement] INFO  server.RaftServerConfigKeys (ConfUtils.java:logGet(46)) - raft.server.rpc.timeout.max = 1200ms (custom)
2024-05-12 17:41:36,467 [a33fd443-9c01-43ff-9618-b7376da7e75d-groupManagement] INFO  server.RaftServerConfigKeys (ConfUtils.java:logGet(46)) - raft.server.rpc.sleep.time = 25ms (default)
2024-05-12 17:41:36,467 [a33fd443-9c01-43ff-9618-b7376da7e75d-groupManagement] INFO  server.RaftServerConfigKeys (ConfUtils.java:logGet(46)) - raft.server.rpc.slowness.timeout = 300000ms (custom)
2024-05-12 17:41:36,467 [a33fd443-9c01-43ff-9618-b7376da7e75d-groupManagement] INFO  server.RaftServerConfigKeys (ConfUtils.java:logGet(46)) - raft.server.leaderelection.leader.step-down.wait-time = 10s (default)
2024-05-12 17:41:36,467 [a33fd443-9c01-43ff-9618-b7376da7e75d-groupManagement] INFO  server.RaftServerConfigKeys (ConfUtils.java:logGet(46)) - raft.server.leaderelection.member.majority-add = false (default)
2024-05-12 17:41:36,467 [a33fd443-9c01-43ff-9618-b7376da7e75d-groupManagement] INFO  server.RaftServerConfigKeys (ConfUtils.java:logGet(46)) - raft.server.sleep.deviation.threshold = 300ms (default)
2024-05-12 17:41:36,467 [a33fd443-9c01-43ff-9618-b7376da7e75d-groupManagement] INFO  server.RaftServer$Division (ServerState.java:<init>(113)) - a33fd443-9c01-43ff-9618-b7376da7e75d@group-928AF1097415: ConfigurationManager, init=-1: peers:[a33fd443-9c01-43ff-9618-b7376da7e75d|127.0.0.1:15389]|listeners:[], old=null, confs=<EMPTY_MAP>
2024-05-12 17:41:36,467 [a33fd443-9c01-43ff-9618-b7376da7e75d-groupManagement] INFO  server.RaftServerConfigKeys (ConfUtils.java:logGet(46)) - raft.server.notification.no-leader.timeout = 300000ms (custom)
2024-05-12 17:41:36,467 [a33fd443-9c01-43ff-9618-b7376da7e75d-groupManagement] INFO  server.RaftServerConfigKeys (ConfUtils.java:logGet(46)) - raft.server.read.timeout = 10s (default)
2024-05-12 17:41:36,467 [a33fd443-9c01-43ff-9618-b7376da7e75d-groupManagement] INFO  server.RaftServerConfigKeys (ConfUtils.java:logGet(46)) - raft.server.retrycache.expirytime = 600000ms (custom)
2024-05-12 17:41:36,467 [a33fd443-9c01-43ff-9618-b7376da7e75d-groupManagement] INFO  server.RaftServerConfigKeys (ConfUtils.java:logGet(46)) - raft.server.retrycache.statistics.expirytime = 100ms (default)
2024-05-12 17:41:36,467 [a33fd443-9c01-43ff-9618-b7376da7e75d-groupManagement] INFO  server.RaftServerConfigKeys (ConfUtils.java:logGet(46)) - raft.server.read.option = DEFAULT (default)
2024-05-12 17:41:36,467 [a33fd443-9c01-43ff-9618-b7376da7e75d-groupManagement] INFO  server.RaftServerConfigKeys (ConfUtils.java:logGet(46)) - raft.server.read.read-after-write-consistent.write-index-cache.expiry-time = 60s (default)
2024-05-12 17:41:36,468 [main] INFO  ozone.MiniOzoneClusterImpl (MiniOzoneClusterImpl.java:lambda$waitForClusterToBeReady$0(194)) - Nodes are ready. Got 10 of 10 DN Heartbeats.
2024-05-12 17:41:36,468 [main] INFO  ozone.MiniOzoneClusterImpl (MiniOzoneClusterImpl.java:lambda$waitForClusterToBeReady$0(197)) - Waiting for cluster to exit safe mode
2024-05-12 17:41:36,469 [main] INFO  ozone.MiniOzoneClusterImpl (MiniOzoneClusterImpl.java:lambda$waitForClusterToBeReady$0(199)) - SCM became leader
2024-05-12 17:41:36,470 [a33fd443-9c01-43ff-9618-b7376da7e75d-groupManagement] INFO  server.RaftServerConfigKeys (ConfUtils.java:logGet(46)) - raft.server.rpc.request.timeout = 3000ms (default)
2024-05-12 17:41:36,470 [a33fd443-9c01-43ff-9618-b7376da7e75d-groupManagement] INFO  server.RaftServerConfigKeys (ConfUtils.java:logGet(46)) - raft.server.log.appender.install.snapshot.enabled = false (custom)
2024-05-12 17:41:36,470 [a33fd443-9c01-43ff-9618-b7376da7e75d-groupManagement] INFO  server.RaftServerConfigKeys (ConfUtils.java:logGet(46)) - raft.server.threadpool.server.cached = true (default)
2024-05-12 17:41:36,470 [a33fd443-9c01-43ff-9618-b7376da7e75d-groupManagement] INFO  server.RaftServerConfigKeys (ConfUtils.java:logGet(46)) - raft.server.threadpool.server.size = 0 (default)
2024-05-12 17:41:36,470 [a33fd443-9c01-43ff-9618-b7376da7e75d-groupManagement] INFO  server.RaftServerConfigKeys (ConfUtils.java:logGet(46)) - raft.server.threadpool.client.cached = true (default)
2024-05-12 17:41:36,470 [a33fd443-9c01-43ff-9618-b7376da7e75d-groupManagement] INFO  server.RaftServerConfigKeys (ConfUtils.java:logGet(46)) - raft.server.threadpool.client.size = 0 (default)
2024-05-12 17:41:36,471 [a33fd443-9c01-43ff-9618-b7376da7e75d-groupManagement] INFO  server.RaftServerConfigKeys (ConfUtils.java:logGet(46)) - raft.server.storage.free-space.min = 0MB (=0) (default)
2024-05-12 17:41:36,471 [a33fd443-9c01-43ff-9618-b7376da7e75d-groupManagement] INFO  server.RaftServerConfigKeys (ConfUtils.java:logGet(46)) - raft.server.log.corruption.policy = EXCEPTION (default)
2024-05-12 17:41:36,471 [a33fd443-9c01-43ff-9618-b7376da7e75d-groupManagement] INFO  server.RaftServerConfigKeys (ConfUtils.java:logGet(46)) - raft.server.storage.dir = [/home/runner/work/ozone/ozone/hadoop-ozone/integration-test/target/test-dir/MiniOzoneClusterImpl-71ef5771-1bca-432b-8888-38dc3c8d5d63/ozone-meta/datanode-10/ratis] (custom)
2024-05-12 17:41:36,471 [a33fd443-9c01-43ff-9618-b7376da7e75d-groupManagement] INFO  storage.RaftStorageDirectory (RaftStorageDirectoryImpl.java:analyzeStorage(138)) - The storage directory /home/runner/work/ozone/ozone/hadoop-ozone/integration-test/target/test-dir/MiniOzoneClusterImpl-71ef5771-1bca-432b-8888-38dc3c8d5d63/ozone-meta/datanode-10/ratis/5697141d-af5f-42ed-8c31-928af1097415 does not exist. Creating ...
2024-05-12 17:41:36,472 [a33fd443-9c01-43ff-9618-b7376da7e75d-groupManagement] INFO  storage.RaftStorageDirectory (RaftStorageDirectoryImpl.java:tryLock(228)) - Lock on /home/runner/work/ozone/ozone/hadoop-ozone/integration-test/target/test-dir/MiniOzoneClusterImpl-71ef5771-1bca-432b-8888-38dc3c8d5d63/ozone-meta/datanode-10/ratis/5697141d-af5f-42ed-8c31-928af1097415/in_use.lock acquired by nodename 12547@fv-az576-466
2024-05-12 17:41:36,473 [a33fd443-9c01-43ff-9618-b7376da7e75d-groupManagement] INFO  storage.RaftStorage (RaftStorageImpl.java:format(99)) - Storage directory /home/runner/work/ozone/ozone/hadoop-ozone/integration-test/target/test-dir/MiniOzoneClusterImpl-71ef5771-1bca-432b-8888-38dc3c8d5d63/ozone-meta/datanode-10/ratis/5697141d-af5f-42ed-8c31-928af1097415 has been successfully formatted.
2024-05-12 17:41:36,473 [a33fd443-9c01-43ff-9618-b7376da7e75d-groupManagement] WARN  util.FileUtils (LogUtils.java:supplyAndLog(63)) - Failed to Files.newInputStream /home/runner/work/ozone/ozone/hadoop-ozone/integration-test/target/test-dir/MiniOzoneClusterImpl-71ef5771-1bca-432b-8888-38dc3c8d5d63/ozone-meta/datanode-10/ratis/5697141d-af5f-42ed-8c31-928af1097415/current/raft-meta.conf with options []: java.nio.file.NoSuchFileException: /home/runner/work/ozone/ozone/hadoop-ozone/integration-test/target/test-dir/MiniOzoneClusterImpl-71ef5771-1bca-432b-8888-38dc3c8d5d63/ozone-meta/datanode-10/ratis/5697141d-af5f-42ed-8c31-928af1097415/current/raft-meta.conf
2024-05-12 17:41:36,473 [a33fd443-9c01-43ff-9618-b7376da7e75d-groupManagement] INFO  ratis.ContainerStateMachine (ContainerStateMachine.java:loadSnapshot(287)) - group-928AF1097415: The snapshot info is null. Setting the last applied index to:(t:0, i:~)
2024-05-12 17:41:36,473 [a33fd443-9c01-43ff-9618-b7376da7e75d-groupManagement] INFO  server.RaftServerConfigKeys (ConfUtils.java:logGet(46)) - raft.server.log.use.memory = false (default)
2024-05-12 17:41:36,473 [a33fd443-9c01-43ff-9618-b7376da7e75d-groupManagement] INFO  server.RaftServerConfigKeys (ConfUtils.java:logGet(46)) - raft.server.log.purge.gap = 1000000 (custom)
2024-05-12 17:41:36,474 [a33fd443-9c01-43ff-9618-b7376da7e75d-groupManagement] INFO  server.RaftServerConfigKeys (ConfUtils.java:logGet(46)) - raft.server.log.appender.buffer.byte-limit = 8388608 (custom)
2024-05-12 17:41:36,474 [a33fd443-9c01-43ff-9618-b7376da7e75d-groupManagement] INFO  server.RaftServerConfigKeys (ConfUtils.java:logGet(46)) - raft.server.log.statemachine.data.read.timeout = 1000ms (default)
2024-05-12 17:41:36,474 [a33fd443-9c01-43ff-9618-b7376da7e75d-groupManagement] INFO  server.RaftServerConfigKeys (ConfUtils.java:logGet(46)) - raft.server.log.purge.preservation.log.num = 0 (default)
2024-05-12 17:41:36,474 [EventQueue-PipelineReportForPipelineReportHandler] INFO  pipeline.PipelineReportHandler (PipelineReportHandler.java:processPipelineReport(136)) - Opened pipeline PipelineID=5697141d-af5f-42ed-8c31-928af1097415
2024-05-12 17:41:36,474 [EventQueue-OpenPipelineForHealthyPipelineSafeModeRule] INFO  safemode.SCMSafeModeManager (HealthyPipelineSafeModeRule.java:process(140)) - SCM in safe mode. Healthy pipelines reported count is 0, required healthy pipeline reported count is 1
2024-05-12 17:41:36,475 [a33fd443-9c01-43ff-9618-b7376da7e75d-groupManagement] INFO  server.RaftServerConfigKeys (ConfUtils.java:logGet(46)) - raft.server.log.segment.size.max = 67108864 (custom)
2024-05-12 17:41:36,476 [a33fd443-9c01-43ff-9618-b7376da7e75d-groupManagement] INFO  server.RaftServerConfigKeys (ConfUtils.java:logGet(46)) - raft.server.log.segment.cache.num.max = 2 (custom)
2024-05-12 17:41:36,476 [a33fd443-9c01-43ff-9618-b7376da7e75d-groupManagement] INFO  server.RaftServerConfigKeys (ConfUtils.java:logGet(46)) - raft.server.log.segment.cache.size.max = 200MB (=209715200) (default)
2024-05-12 17:41:36,476 [a33fd443-9c01-43ff-9618-b7376da7e75d-groupManagement] INFO  server.RaftServerConfigKeys (ConfUtils.java:logGet(46)) - raft.server.log.appender.buffer.byte-limit = 8388608 (custom)
2024-05-12 17:41:36,476 [a33fd443-9c01-43ff-9618-b7376da7e75d-groupManagement] INFO  util.AwaitToRun (AwaitToRun.java:start(81)) - Thread[a33fd443-9c01-43ff-9618-b7376da7e75d@group-928AF1097415-cacheEviction-AwaitToRun,5,main] started
2024-05-12 17:41:36,476 [a33fd443-9c01-43ff-9618-b7376da7e75d-groupManagement] INFO  segmented.SegmentedRaftLogWorker (SegmentedRaftLogWorker.java:<init>(182)) - new a33fd443-9c01-43ff-9618-b7376da7e75d@group-928AF1097415-SegmentedRaftLogWorker for RaftStorageImpl:Storage Directory /home/runner/work/ozone/ozone/hadoop-ozone/integration-test/target/test-dir/MiniOzoneClusterImpl-71ef5771-1bca-432b-8888-38dc3c8d5d63/ozone-meta/datanode-10/ratis/5697141d-af5f-42ed-8c31-928af1097415
2024-05-12 17:41:36,476 [a33fd443-9c01-43ff-9618-b7376da7e75d-groupManagement] INFO  server.RaftServerConfigKeys (ConfUtils.java:logGet(46)) - raft.server.log.queue.byte-limit = 4294967296 (custom)
2024-05-12 17:41:36,476 [a33fd443-9c01-43ff-9618-b7376da7e75d-groupManagement] INFO  server.RaftServerConfigKeys (ConfUtils.java:logGet(46)) - raft.server.log.queue.element-limit = 1024 (custom)
2024-05-12 17:41:36,476 [a33fd443-9c01-43ff-9618-b7376da7e75d-groupManagement] INFO  server.RaftServerConfigKeys (ConfUtils.java:logGet(46)) - raft.server.log.segment.size.max = 67108864 (custom)
2024-05-12 17:41:36,476 [a33fd443-9c01-43ff-9618-b7376da7e75d-groupManagement] INFO  server.RaftServerConfigKeys (ConfUtils.java:logGet(46)) - raft.server.log.preallocated.size = 4194304 (custom)
2024-05-12 17:41:36,476 [a33fd443-9c01-43ff-9618-b7376da7e75d-groupManagement] INFO  server.RaftServerConfigKeys (ConfUtils.java:logGet(46)) - raft.server.log.force.sync.num = 128 (default)
2024-05-12 17:41:36,476 [a33fd443-9c01-43ff-9618-b7376da7e75d-groupManagement] INFO  server.RaftServerConfigKeys (ConfUtils.java:logGet(46)) - raft.server.log.statemachine.data.sync = true (default)
2024-05-12 17:41:36,476 [a33fd443-9c01-43ff-9618-b7376da7e75d-groupManagement] INFO  server.RaftServerConfigKeys (ConfUtils.java:logGet(46)) - raft.server.log.statemachine.data.sync.timeout = 10s (default)
2024-05-12 17:41:36,476 [a33fd443-9c01-43ff-9618-b7376da7e75d-groupManagement] INFO  server.RaftServerConfigKeys (ConfUtils.java:logGet(46)) - raft.server.log.statemachine.data.sync.timeout.retry = 30 (custom)
2024-05-12 17:41:36,477 [a33fd443-9c01-43ff-9618-b7376da7e75d-groupManagement] INFO  server.RaftServerConfigKeys (ConfUtils.java:logGet(46)) - raft.server.log.write.buffer.size = 8388616 (custom)
2024-05-12 17:41:36,478 [a33fd443-9c01-43ff-9618-b7376da7e75d-groupManagement] INFO  server.RaftServerConfigKeys (ConfUtils.java:logGet(46)) - raft.server.log.appender.buffer.byte-limit = 8388608 (custom)
2024-05-12 17:41:36,478 [a33fd443-9c01-43ff-9618-b7376da7e75d-groupManagement] INFO  server.RaftServerConfigKeys (ConfUtils.java:logGet(46)) - raft.server.log.unsafe-flush.enabled = false (default)
2024-05-12 17:41:36,478 [a33fd443-9c01-43ff-9618-b7376da7e75d-groupManagement] INFO  server.RaftServerConfigKeys (ConfUtils.java:logGet(46)) - raft.server.log.async-flush.enabled = false (default)
2024-05-12 17:41:36,478 [a33fd443-9c01-43ff-9618-b7376da7e75d-groupManagement] INFO  server.RaftServerConfigKeys (ConfUtils.java:logGet(46)) - raft.server.log.statemachine.data.caching.enabled = true (custom)
2024-05-12 17:41:36,478 [a33fd443-9c01-43ff-9618-b7376da7e75d-groupManagement] INFO  segmented.SegmentedRaftLogWorker (SegmentedRaftLogWorker.java:lambda$new$0(134)) - a33fd443-9c01-43ff-9618-b7376da7e75d@group-928AF1097415-SegmentedRaftLogWorker: flushIndex: setUnconditionally 0 -> -1
2024-05-12 17:41:36,478 [a33fd443-9c01-43ff-9618-b7376da7e75d-groupManagement] INFO  segmented.SegmentedRaftLogWorker (SegmentedRaftLogWorker.java:lambda$new$0(134)) - a33fd443-9c01-43ff-9618-b7376da7e75d@group-928AF1097415-SegmentedRaftLogWorker: safeCacheEvictIndex: setUnconditionally 0 -> -1
2024-05-12 17:41:36,478 [a33fd443-9c01-43ff-9618-b7376da7e75d-groupManagement] INFO  server.RaftServer$Division (RaftServerImpl.java:start(396)) - a33fd443-9c01-43ff-9618-b7376da7e75d@group-928AF1097415: start as a follower, conf=-1: peers:[a33fd443-9c01-43ff-9618-b7376da7e75d|127.0.0.1:15389]|listeners:[], old=null
2024-05-12 17:41:36,479 [a33fd443-9c01-43ff-9618-b7376da7e75d-groupManagement] INFO  server.RaftServer$Division (RaftServerImpl.java:setRole(383)) - a33fd443-9c01-43ff-9618-b7376da7e75d@group-928AF1097415: changes role from      null to FOLLOWER at term 0 for startAsFollower
2024-05-12 17:41:36,479 [a33fd443-9c01-43ff-9618-b7376da7e75d-groupManagement] INFO  impl.RoleInfo (RoleInfo.java:updateAndGet(139)) - a33fd443-9c01-43ff-9618-b7376da7e75d: start a33fd443-9c01-43ff-9618-b7376da7e75d@group-928AF1097415-FollowerState
2024-05-12 17:41:36,479 [a33fd443-9c01-43ff-9618-b7376da7e75d-groupManagement] INFO  util.JmxRegister (JmxRegister.java:tryRegister(44)) - Successfully registered JMX Bean with object name Ratis:service=RaftServer,group=group-928AF1097415,id=a33fd443-9c01-43ff-9618-b7376da7e75d
2024-05-12 17:41:36,479 [a33fd443-9c01-43ff-9618-b7376da7e75d-groupManagement] INFO  server.RaftServerConfigKeys (ConfUtils.java:logGet(46)) - raft.server.snapshot.trigger-when-stop.enabled = true (default)
2024-05-12 17:41:36,479 [a33fd443-9c01-43ff-9618-b7376da7e75d-groupManagement] INFO  server.RaftServerConfigKeys (ConfUtils.java:logGet(46)) - raft.server.snapshot.auto.trigger.enabled = true (custom)
2024-05-12 17:41:36,479 [a33fd443-9c01-43ff-9618-b7376da7e75d@group-928AF1097415-FollowerState] INFO  server.RaftServerConfigKeys (ConfUtils.java:logFallback(53)) - raft.server.rpc.first-election.timeout.min = 1s (fallback to raft.server.rpc.timeout.min)
2024-05-12 17:41:36,479 [a33fd443-9c01-43ff-9618-b7376da7e75d-groupManagement] INFO  server.RaftServerConfigKeys (ConfUtils.java:logGet(46)) - raft.server.snapshot.auto.trigger.threshold = 10000 (custom)
2024-05-12 17:41:36,479 [a33fd443-9c01-43ff-9618-b7376da7e75d-groupManagement] INFO  server.RaftServerConfigKeys (ConfUtils.java:logGet(46)) - raft.server.snapshot.retention.file.num = 5 (custom)
2024-05-12 17:41:36,479 [a33fd443-9c01-43ff-9618-b7376da7e75d-groupManagement] INFO  server.RaftServerConfigKeys (ConfUtils.java:logGet(46)) - raft.server.log.purge.upto.snapshot.index = false (default)
2024-05-12 17:41:36,479 [a33fd443-9c01-43ff-9618-b7376da7e75d@group-928AF1097415-FollowerState] INFO  server.RaftServerConfigKeys (ConfUtils.java:logFallback(53)) - raft.server.rpc.first-election.timeout.max = 1200ms (fallback to raft.server.rpc.timeout.max)
2024-05-12 17:41:36,480 [a33fd443-9c01-43ff-9618-b7376da7e75d-PipelineCommandHandlerThread-0] INFO  ratis.XceiverServerRatis (XceiverServerRatis.java:addGroup(864)) - Created group PipelineID=5697141d-af5f-42ed-8c31-928af1097415
2024-05-12 17:41:36,480 [a33fd443-9c01-43ff-9618-b7376da7e75d-PipelineCommandHandlerThread-0] INFO  commandhandler.CreatePipelineCommandHandler (CreatePipelineCommandHandler.java:lambda$handle$2(124)) - Created Pipeline RATIS ONE PipelineID=5697141d-af5f-42ed-8c31-928af1097415.
2024-05-12 17:41:37,096 [b7336ce2-a724-4c4a-8025-d323d27fa237@group-4DEECBE98265-FollowerState] INFO  impl.FollowerState (FollowerState.java:run(143)) - b7336ce2-a724-4c4a-8025-d323d27fa237@group-4DEECBE98265-FollowerState: change to CANDIDATE, lastRpcElapsedTime:1036737975ns, electionTimeout:1036ms
2024-05-12 17:41:37,096 [b7336ce2-a724-4c4a-8025-d323d27fa237@group-4DEECBE98265-FollowerState] INFO  impl.RoleInfo (RoleInfo.java:shutdownFollowerState(110)) - b7336ce2-a724-4c4a-8025-d323d27fa237: shutdown b7336ce2-a724-4c4a-8025-d323d27fa237@group-4DEECBE98265-FollowerState
2024-05-12 17:41:37,096 [b7336ce2-a724-4c4a-8025-d323d27fa237@group-4DEECBE98265-FollowerState] INFO  server.RaftServer$Division (RaftServerImpl.java:setRole(383)) - b7336ce2-a724-4c4a-8025-d323d27fa237@group-4DEECBE98265: changes role from  FOLLOWER to CANDIDATE at term 0 for changeToCandidate
2024-05-12 17:41:37,096 [b7336ce2-a724-4c4a-8025-d323d27fa237@group-4DEECBE98265-FollowerState] INFO  server.RaftServerConfigKeys (ConfUtils.java:logGet(46)) - raft.server.leaderelection.pre-vote = true (default)
2024-05-12 17:41:37,096 [b7336ce2-a724-4c4a-8025-d323d27fa237@group-4DEECBE98265-FollowerState] INFO  impl.RoleInfo (RoleInfo.java:updateAndGet(139)) - b7336ce2-a724-4c4a-8025-d323d27fa237: start b7336ce2-a724-4c4a-8025-d323d27fa237@group-4DEECBE98265-LeaderElection265
2024-05-12 17:41:37,097 [b7336ce2-a724-4c4a-8025-d323d27fa237@group-4DEECBE98265-LeaderElection265] INFO  impl.LeaderElection (LeaderElection.java:askForVotes(321)) - b7336ce2-a724-4c4a-8025-d323d27fa237@group-4DEECBE98265-LeaderElection265 PRE_VOTE round 0: submit vote requests at term 0 for -1: peers:[d0e7fafe-f667-41fb-a16a-ecd1bcb446b6|127.0.0.1:15308, b7336ce2-a724-4c4a-8025-d323d27fa237|127.0.0.1:15317, 89a6d998-d419-473a-a6ed-8243f7f30d05|127.0.0.1:15326]|listeners:[], old=null
2024-05-12 17:41:37,097 [b7336ce2-a724-4c4a-8025-d323d27fa237@group-4DEECBE98265-LeaderElection265-1] INFO  server.GrpcServerProtocolClient (GrpcServerProtocolClient.java:<init>(65)) - Build channel for d0e7fafe-f667-41fb-a16a-ecd1bcb446b6|127.0.0.1:15308
2024-05-12 17:41:37,097 [b7336ce2-a724-4c4a-8025-d323d27fa237@group-4DEECBE98265-LeaderElection265-2] INFO  server.GrpcServerProtocolClient (GrpcServerProtocolClient.java:<init>(65)) - Build channel for 89a6d998-d419-473a-a6ed-8243f7f30d05|127.0.0.1:15326
2024-05-12 17:41:37,097 [b7336ce2-a724-4c4a-8025-d323d27fa237@group-4DEECBE98265-LeaderElection265] INFO  server.RaftServerConfigKeys (ConfUtils.java:logFallback(53)) - raft.server.rpc.first-election.timeout.min = 1s (fallback to raft.server.rpc.timeout.min)
2024-05-12 17:41:37,098 [b7336ce2-a724-4c4a-8025-d323d27fa237@group-4DEECBE98265-LeaderElection265] INFO  server.RaftServerConfigKeys (ConfUtils.java:logFallback(53)) - raft.server.rpc.first-election.timeout.max = 1200ms (fallback to raft.server.rpc.timeout.max)
2024-05-12 17:41:37,099 [d0e7fafe-f667-41fb-a16a-ecd1bcb446b6@group-BEE6372A0EE9-FollowerState] INFO  impl.FollowerState (FollowerState.java:run(143)) - d0e7fafe-f667-41fb-a16a-ecd1bcb446b6@group-BEE6372A0EE9-FollowerState: change to CANDIDATE, lastRpcElapsedTime:1088916542ns, electionTimeout:1088ms
2024-05-12 17:41:37,099 [d0e7fafe-f667-41fb-a16a-ecd1bcb446b6@group-BEE6372A0EE9-FollowerState] INFO  impl.RoleInfo (RoleInfo.java:shutdownFollowerState(110)) - d0e7fafe-f667-41fb-a16a-ecd1bcb446b6: shutdown d0e7fafe-f667-41fb-a16a-ecd1bcb446b6@group-BEE6372A0EE9-FollowerState
2024-05-12 17:41:37,099 [d0e7fafe-f667-41fb-a16a-ecd1bcb446b6@group-BEE6372A0EE9-FollowerState] INFO  server.RaftServer$Division (RaftServerImpl.java:setRole(383)) - d0e7fafe-f667-41fb-a16a-ecd1bcb446b6@group-BEE6372A0EE9: changes role from  FOLLOWER to CANDIDATE at term 0 for changeToCandidate
2024-05-12 17:41:37,099 [d0e7fafe-f667-41fb-a16a-ecd1bcb446b6@group-BEE6372A0EE9-FollowerState] INFO  server.RaftServerConfigKeys (ConfUtils.java:logGet(46)) - raft.server.leaderelection.pre-vote = true (default)
2024-05-12 17:41:37,099 [d0e7fafe-f667-41fb-a16a-ecd1bcb446b6@group-BEE6372A0EE9-FollowerState] INFO  impl.RoleInfo (RoleInfo.java:updateAndGet(139)) - d0e7fafe-f667-41fb-a16a-ecd1bcb446b6: start d0e7fafe-f667-41fb-a16a-ecd1bcb446b6@group-BEE6372A0EE9-LeaderElection266
2024-05-12 17:41:37,100 [d0e7fafe-f667-41fb-a16a-ecd1bcb446b6@group-BEE6372A0EE9-LeaderElection266] INFO  impl.LeaderElection (LeaderElection.java:askForVotes(321)) - d0e7fafe-f667-41fb-a16a-ecd1bcb446b6@group-BEE6372A0EE9-LeaderElection266 PRE_VOTE round 0: submit vote requests at term 0 for -1: peers:[d0e7fafe-f667-41fb-a16a-ecd1bcb446b6|127.0.0.1:15308]|listeners:[], old=null
2024-05-12 17:41:37,100 [d0e7fafe-f667-41fb-a16a-ecd1bcb446b6@group-BEE6372A0EE9-LeaderElection266] INFO  impl.LeaderElection (LeaderElection.java:askForVotes(323)) - d0e7fafe-f667-41fb-a16a-ecd1bcb446b6@group-BEE6372A0EE9-LeaderElection266 PRE_VOTE round 0: result PASSED (term=0)
2024-05-12 17:41:37,101 [d0e7fafe-f667-41fb-a16a-ecd1bcb446b6@group-BEE6372A0EE9-LeaderElection266] INFO  impl.LeaderElection (LeaderElection.java:askForVotes(321)) - d0e7fafe-f667-41fb-a16a-ecd1bcb446b6@group-BEE6372A0EE9-LeaderElection266 ELECTION round 0: submit vote requests at term 1 for -1: peers:[d0e7fafe-f667-41fb-a16a-ecd1bcb446b6|127.0.0.1:15308]|listeners:[], old=null
2024-05-12 17:41:37,101 [d0e7fafe-f667-41fb-a16a-ecd1bcb446b6@group-BEE6372A0EE9-LeaderElection266] INFO  impl.LeaderElection (LeaderElection.java:askForVotes(323)) - d0e7fafe-f667-41fb-a16a-ecd1bcb446b6@group-BEE6372A0EE9-LeaderElection266 ELECTION round 0: result PASSED (term=1)
2024-05-12 17:41:37,101 [d0e7fafe-f667-41fb-a16a-ecd1bcb446b6@group-BEE6372A0EE9-LeaderElection266] INFO  impl.RoleInfo (RoleInfo.java:shutdownLeaderElection(130)) - d0e7fafe-f667-41fb-a16a-ecd1bcb446b6: shutdown d0e7fafe-f667-41fb-a16a-ecd1bcb446b6@group-BEE6372A0EE9-LeaderElection266
2024-05-12 17:41:37,101 [d0e7fafe-f667-41fb-a16a-ecd1bcb446b6@group-BEE6372A0EE9-LeaderElection266] INFO  server.RaftServer$Division (RaftServerImpl.java:setRole(383)) - d0e7fafe-f667-41fb-a16a-ecd1bcb446b6@group-BEE6372A0EE9: changes role from CANDIDATE to LEADER at term 1 for changeToLeader
2024-05-12 17:41:37,101 [d0e7fafe-f667-41fb-a16a-ecd1bcb446b6@group-BEE6372A0EE9-LeaderElection266] INFO  server.RaftServerConfigKeys (ConfUtils.java:logGet(46)) - raft.server.staging.catchup.gap = 1000 (default)
2024-05-12 17:41:37,102 [d0e7fafe-f667-41fb-a16a-ecd1bcb446b6@group-BEE6372A0EE9-LeaderElection266] INFO  server.RaftServerConfigKeys (ConfUtils.java:logGet(46)) - raft.server.write.element-limit = 1024 (custom)
2024-05-12 17:41:37,102 [d0e7fafe-f667-41fb-a16a-ecd1bcb446b6@group-BEE6372A0EE9-LeaderElection266] INFO  server.RaftServerConfigKeys (ConfUtils.java:logGet(46)) - raft.server.write.byte-limit = 1024 M (=1073741824) (custom)
2024-05-12 17:41:37,102 [d0e7fafe-f667-41fb-a16a-ecd1bcb446b6@group-BEE6372A0EE9-LeaderElection266] INFO  server.RaftServerConfigKeys (ConfUtils.java:logGet(46)) - raft.server.watch.timeout = 3000ms (custom)
2024-05-12 17:41:37,102 [d0e7fafe-f667-41fb-a16a-ecd1bcb446b6@group-BEE6372A0EE9-LeaderElection266] INFO  server.RaftServerConfigKeys (ConfUtils.java:logGet(46)) - raft.server.watch.timeout.denomination = 1s (default)
2024-05-12 17:41:37,102 [d0e7fafe-f667-41fb-a16a-ecd1bcb446b6@group-BEE6372A0EE9-LeaderElection266] INFO  server.RaftServerConfigKeys (ConfUtils.java:logGet(46)) - raft.server.watch.element-limit = 65536 (default)
2024-05-12 17:41:37,102 [d0e7fafe-f667-41fb-a16a-ecd1bcb446b6@group-BEE6372A0EE9-LeaderElection266] INFO  server.RaftServerConfigKeys (ConfUtils.java:logGet(46)) - raft.server.read.leader.lease.enabled = false (default)
2024-05-12 17:41:37,102 [d0e7fafe-f667-41fb-a16a-ecd1bcb446b6@group-BEE6372A0EE9-LeaderElection266] INFO  server.RaftServerConfigKeys (ConfUtils.java:logGet(46)) - raft.server.read.leader.lease.timeout.ratio = 0.9 (default)
2024-05-12 17:41:37,102 [d0e7fafe-f667-41fb-a16a-ecd1bcb446b6@group-BEE6372A0EE9-LeaderElection266] INFO  server.RaftServerConfigKeys (ConfUtils.java:logGet(46)) - raft.server.rpc.timeout.min = 1s (custom)
2024-05-12 17:41:37,102 [d0e7fafe-f667-41fb-a16a-ecd1bcb446b6@group-BEE6372A0EE9-LeaderElection266] INFO  server.RaftServerConfigKeys (ConfUtils.java:logGet(46)) - raft.server.write.element-limit = 1024 (custom)
2024-05-12 17:41:37,103 [d0e7fafe-f667-41fb-a16a-ecd1bcb446b6@group-BEE6372A0EE9-LeaderElection266] INFO  server.RaftServerConfigKeys (ConfUtils.java:logGet(46)) - raft.server.write.follower.gap.ratio.max = -1.0 (default)
2024-05-12 17:41:37,103 [d0e7fafe-f667-41fb-a16a-ecd1bcb446b6@group-BEE6372A0EE9-LeaderElection266] INFO  impl.RoleInfo (RoleInfo.java:updateAndGet(139)) - d0e7fafe-f667-41fb-a16a-ecd1bcb446b6: start d0e7fafe-f667-41fb-a16a-ecd1bcb446b6@group-BEE6372A0EE9-LeaderStateImpl
2024-05-12 17:41:37,103 [d0e7fafe-f667-41fb-a16a-ecd1bcb446b6@group-BEE6372A0EE9-LeaderElection266] INFO  server.RaftServer$Division (RaftServerImpl.java:setFirstElection(574)) - d0e7fafe-f667-41fb-a16a-ecd1bcb446b6@group-BEE6372A0EE9: set firstElectionSinceStartup to false for becomeLeader
2024-05-12 17:41:37,103 [d0e7fafe-f667-41fb-a16a-ecd1bcb446b6@group-BEE6372A0EE9-LeaderElection266] INFO  ratis.XceiverServerRatis (XceiverServerRatis.java:handleLeaderChangedNotification(966)) - Leader change notification received for group: group-BEE6372A0EE9 with new leaderId: d0e7fafe-f667-41fb-a16a-ecd1bcb446b6
2024-05-12 17:41:37,103 [d0e7fafe-f667-41fb-a16a-ecd1bcb446b6@group-BEE6372A0EE9-LeaderElection266] INFO  server.RaftServer$Division (ServerState.java:setLeader(269)) - d0e7fafe-f667-41fb-a16a-ecd1bcb446b6@group-BEE6372A0EE9: change Leader from null to d0e7fafe-f667-41fb-a16a-ecd1bcb446b6 at term 1 for becomeLeader, leader elected after 1104ms
2024-05-12 17:41:37,103 [grpc-default-executor-0] INFO  server.RaftServer$Division (RaftServerImpl.java:requestVote(1389)) - d0e7fafe-f667-41fb-a16a-ecd1bcb446b6@group-4DEECBE98265: receive requestVote(PRE_VOTE, b7336ce2-a724-4c4a-8025-d323d27fa237, group-4DEECBE98265, 0, (t:0, i:0))
2024-05-12 17:41:37,103 [grpc-default-executor-0] INFO  impl.VoteContext (VoteContext.java:log(49)) - d0e7fafe-f667-41fb-a16a-ecd1bcb446b6@group-4DEECBE98265-FOLLOWER: accept PRE_VOTE from b7336ce2-a724-4c4a-8025-d323d27fa237: our priority 0 <= candidate's priority 1
2024-05-12 17:41:37,103 [grpc-default-executor-0] INFO  server.RaftServer$Division (RaftServerImpl.java:requestVote(1422)) - d0e7fafe-f667-41fb-a16a-ecd1bcb446b6@group-4DEECBE98265 replies to PRE_VOTE vote request: b7336ce2-a724-4c4a-8025-d323d27fa237<-d0e7fafe-f667-41fb-a16a-ecd1bcb446b6#0:OK-t0. Peer's state: d0e7fafe-f667-41fb-a16a-ecd1bcb446b6@group-4DEECBE98265:t0, leader=null, voted=, raftlog=Memoized:d0e7fafe-f667-41fb-a16a-ecd1bcb446b6@group-4DEECBE98265-SegmentedRaftLog:OPENED:c-1, conf=-1: peers:[d0e7fafe-f667-41fb-a16a-ecd1bcb446b6|127.0.0.1:15308, b7336ce2-a724-4c4a-8025-d323d27fa237|127.0.0.1:15317, 89a6d998-d419-473a-a6ed-8243f7f30d05|127.0.0.1:15326]|listeners:[], old=null
2024-05-12 17:41:37,103 [d0e7fafe-f667-41fb-a16a-ecd1bcb446b6@group-BEE6372A0EE9-LeaderElection266] INFO  segmented.SegmentedRaftLogWorker (SegmentedRaftLogWorker.java:startLogSegment(430)) - d0e7fafe-f667-41fb-a16a-ecd1bcb446b6@group-BEE6372A0EE9-SegmentedRaftLogWorker: Starting segment from index:0
2024-05-12 17:41:37,104 [d0e7fafe-f667-41fb-a16a-ecd1bcb446b6@group-BEE6372A0EE9-SegmentedRaftLogWorker] INFO  segmented.BufferedWriteChannel (BufferedWriteChannel.java:open(62)) - open log_inprogress_0 at position 0
2024-05-12 17:41:37,104 [b7336ce2-a724-4c4a-8025-d323d27fa237@group-4DEECBE98265-LeaderElection265] INFO  impl.LeaderElection (LeaderElection.java:logAndReturn(89)) - b7336ce2-a724-4c4a-8025-d323d27fa237@group-4DEECBE98265-LeaderElection265: PRE_VOTE PASSED received 1 response(s) and 0 exception(s):
2024-05-12 17:41:37,104 [b7336ce2-a724-4c4a-8025-d323d27fa237@group-4DEECBE98265-LeaderElection265] INFO  impl.LeaderElection (LeaderElection.java:logAndReturn(93)) -   Response 0: b7336ce2-a724-4c4a-8025-d323d27fa237<-d0e7fafe-f667-41fb-a16a-ecd1bcb446b6#0:OK-t0
2024-05-12 17:41:37,104 [b7336ce2-a724-4c4a-8025-d323d27fa237@group-4DEECBE98265-LeaderElection265] INFO  impl.LeaderElection (LeaderElection.java:askForVotes(323)) - b7336ce2-a724-4c4a-8025-d323d27fa237@group-4DEECBE98265-LeaderElection265 PRE_VOTE round 0: result PASSED
2024-05-12 17:41:37,105 [grpc-default-executor-0] INFO  server.RaftServer$Division (RaftServerImpl.java:requestVote(1389)) - 89a6d998-d419-473a-a6ed-8243f7f30d05@group-4DEECBE98265: receive requestVote(PRE_VOTE, b7336ce2-a724-4c4a-8025-d323d27fa237, group-4DEECBE98265, 0, (t:0, i:0))
2024-05-12 17:41:37,105 [grpc-default-executor-0] INFO  impl.VoteContext (VoteContext.java:log(49)) - 89a6d998-d419-473a-a6ed-8243f7f30d05@group-4DEECBE98265-FOLLOWER: accept PRE_VOTE from b7336ce2-a724-4c4a-8025-d323d27fa237: our priority 0 <= candidate's priority 1
2024-05-12 17:41:37,105 [grpc-default-executor-0] INFO  server.RaftServer$Division (RaftServerImpl.java:requestVote(1422)) - 89a6d998-d419-473a-a6ed-8243f7f30d05@group-4DEECBE98265 replies to PRE_VOTE vote request: b7336ce2-a724-4c4a-8025-d323d27fa237<-89a6d998-d419-473a-a6ed-8243f7f30d05#0:OK-t0. Peer's state: 89a6d998-d419-473a-a6ed-8243f7f30d05@group-4DEECBE98265:t0, leader=null, voted=, raftlog=Memoized:89a6d998-d419-473a-a6ed-8243f7f30d05@group-4DEECBE98265-SegmentedRaftLog:OPENED:c-1, conf=-1: peers:[d0e7fafe-f667-41fb-a16a-ecd1bcb446b6|127.0.0.1:15308, b7336ce2-a724-4c4a-8025-d323d27fa237|127.0.0.1:15317, 89a6d998-d419-473a-a6ed-8243f7f30d05|127.0.0.1:15326]|listeners:[], old=null
2024-05-12 17:41:37,104 [EventQueue-OpenPipelineForHealthyPipelineSafeModeRule] INFO  safemode.SCMSafeModeManager (HealthyPipelineSafeModeRule.java:process(140)) - SCM in safe mode. Healthy pipelines reported count is 0, required healthy pipeline reported count is 1
2024-05-12 17:41:37,105 [d0e7fafe-f667-41fb-a16a-ecd1bcb446b6@group-BEE6372A0EE9-LeaderElection266] INFO  server.RaftServer$Division (ServerState.java:setRaftConf(386)) - d0e7fafe-f667-41fb-a16a-ecd1bcb446b6@group-BEE6372A0EE9: set configuration 0: peers:[d0e7fafe-f667-41fb-a16a-ecd1bcb446b6|127.0.0.1:15308]|listeners:[], old=null
2024-05-12 17:41:37,106 [b7336ce2-a724-4c4a-8025-d323d27fa237@group-4DEECBE98265-LeaderElection265] INFO  impl.LeaderElection (LeaderElection.java:askForVotes(321)) - b7336ce2-a724-4c4a-8025-d323d27fa237@group-4DEECBE98265-LeaderElection265 ELECTION round 0: submit vote requests at term 1 for -1: peers:[d0e7fafe-f667-41fb-a16a-ecd1bcb446b6|127.0.0.1:15308, b7336ce2-a724-4c4a-8025-d323d27fa237|127.0.0.1:15317, 89a6d998-d419-473a-a6ed-8243f7f30d05|127.0.0.1:15326]|listeners:[], old=null
2024-05-12 17:41:37,108 [b7336ce2-a724-4c4a-8025-d323d27fa237@group-4DEECBE98265-LeaderElection265] INFO  server.RaftServerConfigKeys (ConfUtils.java:logFallback(53)) - raft.server.rpc.first-election.timeout.min = 1s (fallback to raft.server.rpc.timeout.min)
2024-05-12 17:41:37,108 [b7336ce2-a724-4c4a-8025-d323d27fa237@group-4DEECBE98265-LeaderElection265] INFO  server.RaftServerConfigKeys (ConfUtils.java:logFallback(53)) - raft.server.rpc.first-election.timeout.max = 1200ms (fallback to raft.server.rpc.timeout.max)
2024-05-12 17:41:37,108 [grpc-default-executor-0] INFO  server.RaftServer$Division (RaftServerImpl.java:requestVote(1389)) - d0e7fafe-f667-41fb-a16a-ecd1bcb446b6@group-4DEECBE98265: receive requestVote(ELECTION, b7336ce2-a724-4c4a-8025-d323d27fa237, group-4DEECBE98265, 1, (t:0, i:0))
2024-05-12 17:41:37,109 [grpc-default-executor-0] INFO  impl.VoteContext (VoteContext.java:log(49)) - d0e7fafe-f667-41fb-a16a-ecd1bcb446b6@group-4DEECBE98265-FOLLOWER: accept ELECTION from b7336ce2-a724-4c4a-8025-d323d27fa237: our priority 0 <= candidate's priority 1
2024-05-12 17:41:37,109 [grpc-default-executor-1] INFO  server.RaftServer$Division (RaftServerImpl.java:requestVote(1389)) - 89a6d998-d419-473a-a6ed-8243f7f30d05@group-4DEECBE98265: receive requestVote(ELECTION, b7336ce2-a724-4c4a-8025-d323d27fa237, group-4DEECBE98265, 1, (t:0, i:0))
2024-05-12 17:41:37,109 [grpc-default-executor-0] INFO  server.RaftServer$Division (RaftServerImpl.java:setRole(383)) - d0e7fafe-f667-41fb-a16a-ecd1bcb446b6@group-4DEECBE98265: changes role from  FOLLOWER to FOLLOWER at term 1 for candidate:b7336ce2-a724-4c4a-8025-d323d27fa237
2024-05-12 17:41:37,109 [grpc-default-executor-0] INFO  impl.RoleInfo (RoleInfo.java:shutdownFollowerState(110)) - d0e7fafe-f667-41fb-a16a-ecd1bcb446b6: shutdown d0e7fafe-f667-41fb-a16a-ecd1bcb446b6@group-4DEECBE98265-FollowerState
2024-05-12 17:41:37,109 [grpc-default-executor-0] INFO  impl.RoleInfo (RoleInfo.java:updateAndGet(139)) - d0e7fafe-f667-41fb-a16a-ecd1bcb446b6: start d0e7fafe-f667-41fb-a16a-ecd1bcb446b6@group-4DEECBE98265-FollowerState
2024-05-12 17:41:37,109 [d0e7fafe-f667-41fb-a16a-ecd1bcb446b6@group-4DEECBE98265-FollowerState] INFO  impl.FollowerState (FollowerState.java:run(152)) - d0e7fafe-f667-41fb-a16a-ecd1bcb446b6@group-4DEECBE98265-FollowerState was interrupted
2024-05-12 17:41:37,109 [grpc-default-executor-1] INFO  impl.VoteContext (VoteContext.java:log(49)) - 89a6d998-d419-473a-a6ed-8243f7f30d05@group-4DEECBE98265-FOLLOWER: accept ELECTION from b7336ce2-a724-4c4a-8025-d323d27fa237: our priority 0 <= candidate's priority 1
2024-05-12 17:41:37,109 [grpc-default-executor-1] INFO  server.RaftServer$Division (RaftServerImpl.java:setRole(383)) - 89a6d998-d419-473a-a6ed-8243f7f30d05@group-4DEECBE98265: changes role from  FOLLOWER to FOLLOWER at term 1 for candidate:b7336ce2-a724-4c4a-8025-d323d27fa237
2024-05-12 17:41:37,109 [grpc-default-executor-1] INFO  impl.RoleInfo (RoleInfo.java:shutdownFollowerState(110)) - 89a6d998-d419-473a-a6ed-8243f7f30d05: shutdown 89a6d998-d419-473a-a6ed-8243f7f30d05@group-4DEECBE98265-FollowerState
2024-05-12 17:41:37,109 [grpc-default-executor-1] INFO  impl.RoleInfo (RoleInfo.java:updateAndGet(139)) - 89a6d998-d419-473a-a6ed-8243f7f30d05: start 89a6d998-d419-473a-a6ed-8243f7f30d05@group-4DEECBE98265-FollowerState
2024-05-12 17:41:37,109 [grpc-default-executor-0] INFO  server.RaftServer$Division (RaftServerImpl.java:setFirstElection(574)) - d0e7fafe-f667-41fb-a16a-ecd1bcb446b6@group-4DEECBE98265: set firstElectionSinceStartup to false for candidate:b7336ce2-a724-4c4a-8025-d323d27fa237
2024-05-12 17:41:37,109 [89a6d998-d419-473a-a6ed-8243f7f30d05@group-4DEECBE98265-FollowerState] INFO  impl.FollowerState (FollowerState.java:run(152)) - 89a6d998-d419-473a-a6ed-8243f7f30d05@group-4DEECBE98265-FollowerState was interrupted
2024-05-12 17:41:37,110 [grpc-default-executor-1] INFO  server.RaftServer$Division (RaftServerImpl.java:setFirstElection(574)) - 89a6d998-d419-473a-a6ed-8243f7f30d05@group-4DEECBE98265: set firstElectionSinceStartup to false for candidate:b7336ce2-a724-4c4a-8025-d323d27fa237
2024-05-12 17:41:37,112 [d0e7fafe-f667-41fb-a16a-ecd1bcb446b6@group-BEE6372A0EE9-SegmentedRaftLogWorker] INFO  segmented.SegmentedRaftLogWorker (SegmentedRaftLogWorker.java:execute(634)) - d0e7fafe-f667-41fb-a16a-ecd1bcb446b6@group-BEE6372A0EE9-SegmentedRaftLogWorker: created new log segment /home/runner/work/ozone/ozone/hadoop-ozone/integration-test/target/test-dir/MiniOzoneClusterImpl-71ef5771-1bca-432b-8888-38dc3c8d5d63/ozone-meta/datanode-1/ratis/0b97aa93-468b-43a6-94e7-bee6372a0ee9/current/log_inprogress_0
2024-05-12 17:41:37,113 [grpc-default-executor-1] INFO  server.RaftServer$Division (RaftServerImpl.java:requestVote(1422)) - 89a6d998-d419-473a-a6ed-8243f7f30d05@group-4DEECBE98265 replies to ELECTION vote request: b7336ce2-a724-4c4a-8025-d323d27fa237<-89a6d998-d419-473a-a6ed-8243f7f30d05#0:OK-t1. Peer's state: 89a6d998-d419-473a-a6ed-8243f7f30d05@group-4DEECBE98265:t1, leader=null, voted=b7336ce2-a724-4c4a-8025-d323d27fa237, raftlog=Memoized:89a6d998-d419-473a-a6ed-8243f7f30d05@group-4DEECBE98265-SegmentedRaftLog:OPENED:c-1, conf=-1: peers:[d0e7fafe-f667-41fb-a16a-ecd1bcb446b6|127.0.0.1:15308, b7336ce2-a724-4c4a-8025-d323d27fa237|127.0.0.1:15317, 89a6d998-d419-473a-a6ed-8243f7f30d05|127.0.0.1:15326]|listeners:[], old=null
2024-05-12 17:41:37,113 [grpc-default-executor-0] INFO  server.RaftServer$Division (RaftServerImpl.java:requestVote(1422)) - d0e7fafe-f667-41fb-a16a-ecd1bcb446b6@group-4DEECBE98265 replies to ELECTION vote request: b7336ce2-a724-4c4a-8025-d323d27fa237<-d0e7fafe-f667-41fb-a16a-ecd1bcb446b6#0:OK-t1. Peer's state: d0e7fafe-f667-41fb-a16a-ecd1bcb446b6@group-4DEECBE98265:t1, leader=null, voted=b7336ce2-a724-4c4a-8025-d323d27fa237, raftlog=Memoized:d0e7fafe-f667-41fb-a16a-ecd1bcb446b6@group-4DEECBE98265-SegmentedRaftLog:OPENED:c-1, conf=-1: peers:[d0e7fafe-f667-41fb-a16a-ecd1bcb446b6|127.0.0.1:15308, b7336ce2-a724-4c4a-8025-d323d27fa237|127.0.0.1:15317, 89a6d998-d419-473a-a6ed-8243f7f30d05|127.0.0.1:15326]|listeners:[], old=null
2024-05-12 17:41:37,113 [b7336ce2-a724-4c4a-8025-d323d27fa237@group-4DEECBE98265-LeaderElection265] INFO  impl.LeaderElection (LeaderElection.java:logAndReturn(89)) - b7336ce2-a724-4c4a-8025-d323d27fa237@group-4DEECBE98265-LeaderElection265: ELECTION PASSED received 1 response(s) and 0 exception(s):
2024-05-12 17:41:37,113 [b7336ce2-a724-4c4a-8025-d323d27fa237@group-4DEECBE98265-LeaderElection265] INFO  impl.LeaderElection (LeaderElection.java:logAndReturn(93)) -   Response 0: b7336ce2-a724-4c4a-8025-d323d27fa237<-89a6d998-d419-473a-a6ed-8243f7f30d05#0:OK-t1
2024-05-12 17:41:37,113 [b7336ce2-a724-4c4a-8025-d323d27fa237@group-4DEECBE98265-LeaderElection265] INFO  impl.LeaderElection (LeaderElection.java:askForVotes(323)) - b7336ce2-a724-4c4a-8025-d323d27fa237@group-4DEECBE98265-LeaderElection265 ELECTION round 0: result PASSED
2024-05-12 17:41:37,113 [b7336ce2-a724-4c4a-8025-d323d27fa237@group-4DEECBE98265-LeaderElection265] INFO  impl.RoleInfo (RoleInfo.java:shutdownLeaderElection(130)) - b7336ce2-a724-4c4a-8025-d323d27fa237: shutdown b7336ce2-a724-4c4a-8025-d323d27fa237@group-4DEECBE98265-LeaderElection265
2024-05-12 17:41:37,113 [b7336ce2-a724-4c4a-8025-d323d27fa237@group-4DEECBE98265-LeaderElection265] INFO  server.RaftServer$Division (RaftServerImpl.java:setRole(383)) - b7336ce2-a724-4c4a-8025-d323d27fa237@group-4DEECBE98265: changes role from CANDIDATE to LEADER at term 1 for changeToLeader
2024-05-12 17:41:37,113 [b7336ce2-a724-4c4a-8025-d323d27fa237@group-4DEECBE98265-LeaderElection265] INFO  server.RaftServerConfigKeys (ConfUtils.java:logGet(46)) - raft.server.staging.catchup.gap = 1000 (default)
2024-05-12 17:41:37,114 [b7336ce2-a724-4c4a-8025-d323d27fa237@group-4DEECBE98265-LeaderElection265] INFO  server.RaftServerConfigKeys (ConfUtils.java:logGet(46)) - raft.server.write.element-limit = 1024 (custom)
2024-05-12 17:41:37,114 [b7336ce2-a724-4c4a-8025-d323d27fa237@group-4DEECBE98265-LeaderElection265] INFO  server.RaftServerConfigKeys (ConfUtils.java:logGet(46)) - raft.server.write.byte-limit = 1024 M (=1073741824) (custom)
2024-05-12 17:41:37,114 [b7336ce2-a724-4c4a-8025-d323d27fa237@group-4DEECBE98265-LeaderElection265] INFO  server.RaftServerConfigKeys (ConfUtils.java:logGet(46)) - raft.server.watch.timeout = 3000ms (custom)
2024-05-12 17:41:37,114 [b7336ce2-a724-4c4a-8025-d323d27fa237@group-4DEECBE98265-LeaderElection265] INFO  server.RaftServerConfigKeys (ConfUtils.java:logGet(46)) - raft.server.watch.timeout.denomination = 1s (default)
2024-05-12 17:41:37,114 [b7336ce2-a724-4c4a-8025-d323d27fa237@group-4DEECBE98265-LeaderElection265] INFO  server.RaftServerConfigKeys (ConfUtils.java:logGet(46)) - raft.server.watch.element-limit = 65536 (default)
2024-05-12 17:41:37,114 [b7336ce2-a724-4c4a-8025-d323d27fa237@group-4DEECBE98265-LeaderElection265] INFO  server.RaftServerConfigKeys (ConfUtils.java:logGet(46)) - raft.server.read.leader.lease.enabled = false (default)
2024-05-12 17:41:37,114 [b7336ce2-a724-4c4a-8025-d323d27fa237@group-4DEECBE98265-LeaderElection265] INFO  server.RaftServerConfigKeys (ConfUtils.java:logGet(46)) - raft.server.read.leader.lease.timeout.ratio = 0.9 (default)
2024-05-12 17:41:37,114 [b7336ce2-a724-4c4a-8025-d323d27fa237@group-4DEECBE98265-LeaderElection265] INFO  server.RaftServerConfigKeys (ConfUtils.java:logGet(46)) - raft.server.rpc.timeout.min = 1s (custom)
2024-05-12 17:41:37,114 [b7336ce2-a724-4c4a-8025-d323d27fa237@group-4DEECBE98265-LeaderElection265] INFO  server.RaftServerConfigKeys (ConfUtils.java:logGet(46)) - raft.server.write.element-limit = 1024 (custom)
2024-05-12 17:41:37,114 [b7336ce2-a724-4c4a-8025-d323d27fa237@group-4DEECBE98265-LeaderElection265] INFO  server.RaftServerConfigKeys (ConfUtils.java:logGet(46)) - raft.server.write.follower.gap.ratio.max = -1.0 (default)
2024-05-12 17:41:37,115 [b7336ce2-a724-4c4a-8025-d323d27fa237@group-4DEECBE98265-LeaderElection265] INFO  server.RaftServerConfigKeys (ConfUtils.java:logGet(46)) - raft.server.log.appender.snapshot.chunk.size.max = 16MB (=16777216) (default)
2024-05-12 17:41:37,115 [b7336ce2-a724-4c4a-8025-d323d27fa237@group-4DEECBE98265-LeaderElection265] INFO  server.RaftServerConfigKeys (ConfUtils.java:logGet(46)) - raft.server.log.appender.buffer.byte-limit = 8388608 (custom)
2024-05-12 17:41:37,115 [b7336ce2-a724-4c4a-8025-d323d27fa237@group-4DEECBE98265-LeaderElection265] INFO  server.RaftServerConfigKeys (ConfUtils.java:logGet(46)) - raft.server.log.appender.buffer.element-limit = 1 (custom)
2024-05-12 17:41:37,115 [b7336ce2-a724-4c4a-8025-d323d27fa237@group-4DEECBE98265-LeaderElection265] INFO  server.RaftServerConfigKeys (ConfUtils.java:logGet(46)) - raft.server.log.appender.wait-time.min = 0ms (custom)
2024-05-12 17:41:37,115 [b7336ce2-a724-4c4a-8025-d323d27fa237@group-4DEECBE98265-LeaderElection265] INFO  grpc.GrpcConfigKeys (ConfUtils.java:logGet(46)) - raft.grpc.server.leader.outstanding.appends.max = 8 (default)
2024-05-12 17:41:37,115 [b7336ce2-a724-4c4a-8025-d323d27fa237@group-4DEECBE98265-LeaderElection265] INFO  server.RaftServerConfigKeys (ConfUtils.java:logGet(46)) - raft.server.rpc.request.timeout = 3000ms (default)
2024-05-12 17:41:37,115 [b7336ce2-a724-4c4a-8025-d323d27fa237@group-4DEECBE98265-LeaderElection265] INFO  grpc.GrpcConfigKeys (ConfUtils.java:logGet(46)) - raft.grpc.server.install_snapshot.request.element-limit = 8 (default)
2024-05-12 17:41:37,115 [b7336ce2-a724-4c4a-8025-d323d27fa237@group-4DEECBE98265-LeaderElection265] INFO  grpc.GrpcConfigKeys (ConfUtils.java:logGet(46)) - raft.grpc.server.install_snapshot.request.timeout = 3000ms (default)
2024-05-12 17:41:37,115 [b7336ce2-a724-4c4a-8025-d323d27fa237@group-4DEECBE98265-LeaderElection265] INFO  grpc.GrpcConfigKeys (ConfUtils.java:logGet(46)) - raft.grpc.server.log-message.batch.duration = 5s (default)
2024-05-12 17:41:37,115 [b7336ce2-a724-4c4a-8025-d323d27fa237@group-4DEECBE98265-LeaderElection265] INFO  server.RaftServerConfigKeys (ConfUtils.java:logGet(46)) - raft.server.log.appender.install.snapshot.enabled = false (custom)
2024-05-12 17:41:37,115 [b7336ce2-a724-4c4a-8025-d323d27fa237@group-4DEECBE98265-LeaderElection265] INFO  grpc.GrpcConfigKeys (ConfUtils.java:logGet(46)) - raft.grpc.server.heartbeat.channel = true (default)
2024-05-12 17:41:37,116 [d0e7fafe-f667-41fb-a16a-ecd1bcb446b6@group-BEE6372A0EE9-StateMachineUpdater] INFO  server.RaftServer$Division (LeaderStateImpl.java:isApplied(320)) - leader is ready since appliedIndex == 0 >= startIndex == 0
2024-05-12 17:41:37,116 [b7336ce2-a724-4c4a-8025-d323d27fa237@group-4DEECBE98265-LeaderElection265] INFO  server.RaftServerConfigKeys (ConfUtils.java:logGet(46)) - raft.server.log.appender.snapshot.chunk.size.max = 16MB (=16777216) (default)
2024-05-12 17:41:37,116 [b7336ce2-a724-4c4a-8025-d323d27fa237@group-4DEECBE98265-LeaderElection265] INFO  server.RaftServerConfigKeys (ConfUtils.java:logGet(46)) - raft.server.log.appender.buffer.byte-limit = 8388608 (custom)
2024-05-12 17:41:37,116 [b7336ce2-a724-4c4a-8025-d323d27fa237@group-4DEECBE98265-LeaderElection265] INFO  server.RaftServerConfigKeys (ConfUtils.java:logGet(46)) - raft.server.log.appender.buffer.element-limit = 1 (custom)
2024-05-12 17:41:37,116 [b7336ce2-a724-4c4a-8025-d323d27fa237@group-4DEECBE98265-LeaderElection265] INFO  server.RaftServerConfigKeys (ConfUtils.java:logGet(46)) - raft.server.log.appender.wait-time.min = 0ms (custom)
2024-05-12 17:41:37,117 [b7336ce2-a724-4c4a-8025-d323d27fa237@group-4DEECBE98265-LeaderElection265] INFO  grpc.GrpcConfigKeys (ConfUtils.java:logGet(46)) - raft.grpc.server.leader.outstanding.appends.max = 8 (default)
2024-05-12 17:41:37,117 [b7336ce2-a724-4c4a-8025-d323d27fa237@group-4DEECBE98265-LeaderElection265] INFO  server.RaftServerConfigKeys (ConfUtils.java:logGet(46)) - raft.server.rpc.request.timeout = 3000ms (default)
2024-05-12 17:41:37,117 [b7336ce2-a724-4c4a-8025-d323d27fa237@group-4DEECBE98265-LeaderElection265] INFO  grpc.GrpcConfigKeys (ConfUtils.java:logGet(46)) - raft.grpc.server.install_snapshot.request.element-limit = 8 (default)
2024-05-12 17:41:37,117 [b7336ce2-a724-4c4a-8025-d323d27fa237@group-4DEECBE98265-LeaderElection265] INFO  grpc.GrpcConfigKeys (ConfUtils.java:logGet(46)) - raft.grpc.server.install_snapshot.request.timeout = 3000ms (default)
2024-05-12 17:41:37,117 [b7336ce2-a724-4c4a-8025-d323d27fa237@group-4DEECBE98265-LeaderElection265] INFO  grpc.GrpcConfigKeys (ConfUtils.java:logGet(46)) - raft.grpc.server.log-message.batch.duration = 5s (default)
2024-05-12 17:41:37,117 [b7336ce2-a724-4c4a-8025-d323d27fa237@group-4DEECBE98265-LeaderElection265] INFO  server.RaftServerConfigKeys (ConfUtils.java:logGet(46)) - raft.server.log.appender.install.snapshot.enabled = false (custom)
2024-05-12 17:41:37,117 [b7336ce2-a724-4c4a-8025-d323d27fa237@group-4DEECBE98265-LeaderElection265] INFO  grpc.GrpcConfigKeys (ConfUtils.java:logGet(46)) - raft.grpc.server.heartbeat.channel = true (default)
2024-05-12 17:41:37,117 [b7336ce2-a724-4c4a-8025-d323d27fa237@group-4DEECBE98265-LeaderElection265] INFO  impl.RoleInfo (RoleInfo.java:updateAndGet(139)) - b7336ce2-a724-4c4a-8025-d323d27fa237: start b7336ce2-a724-4c4a-8025-d323d27fa237@group-4DEECBE98265-LeaderStateImpl
2024-05-12 17:41:37,117 [b7336ce2-a724-4c4a-8025-d323d27fa237@group-4DEECBE98265-LeaderElection265] INFO  server.RaftServer$Division (RaftServerImpl.java:setFirstElection(574)) - b7336ce2-a724-4c4a-8025-d323d27fa237@group-4DEECBE98265: set firstElectionSinceStartup to false for becomeLeader
2024-05-12 17:41:37,117 [b7336ce2-a724-4c4a-8025-d323d27fa237@group-4DEECBE98265-LeaderElection265] INFO  ratis.XceiverServerRatis (XceiverServerRatis.java:handleLeaderChangedNotification(966)) - Leader change notification received for group: group-4DEECBE98265 with new leaderId: b7336ce2-a724-4c4a-8025-d323d27fa237
2024-05-12 17:41:37,118 [b7336ce2-a724-4c4a-8025-d323d27fa237@group-4DEECBE98265-LeaderElection265] INFO  server.RaftServer$Division (ServerState.java:setLeader(269)) - b7336ce2-a724-4c4a-8025-d323d27fa237@group-4DEECBE98265: change Leader from null to b7336ce2-a724-4c4a-8025-d323d27fa237 at term 1 for becomeLeader, leader elected after 1067ms
2024-05-12 17:41:37,118 [b7336ce2-a724-4c4a-8025-d323d27fa237@group-4DEECBE98265-LeaderElection265] INFO  segmented.SegmentedRaftLogWorker (SegmentedRaftLogWorker.java:startLogSegment(430)) - b7336ce2-a724-4c4a-8025-d323d27fa237@group-4DEECBE98265-SegmentedRaftLogWorker: Starting segment from index:0
2024-05-12 17:41:37,118 [b7336ce2-a724-4c4a-8025-d323d27fa237@group-4DEECBE98265-LeaderElection265] INFO  server.RaftServer$Division (ServerState.java:setRaftConf(386)) - b7336ce2-a724-4c4a-8025-d323d27fa237@group-4DEECBE98265: set configuration 0: peers:[d0e7fafe-f667-41fb-a16a-ecd1bcb446b6|127.0.0.1:15308, b7336ce2-a724-4c4a-8025-d323d27fa237|127.0.0.1:15317, 89a6d998-d419-473a-a6ed-8243f7f30d05|127.0.0.1:15326]|listeners:[], old=null
2024-05-12 17:41:37,118 [b7336ce2-a724-4c4a-8025-d323d27fa237@group-4DEECBE98265-SegmentedRaftLogWorker] INFO  segmented.BufferedWriteChannel (BufferedWriteChannel.java:open(62)) - open log_inprogress_0 at position 0
2024-05-12 17:41:37,122 [EventQueue-OpenPipelineForHealthyPipelineSafeModeRule] INFO  safemode.SCMSafeModeManager (HealthyPipelineSafeModeRule.java:process(140)) - SCM in safe mode. Healthy pipelines reported count is 0, required healthy pipeline reported count is 1
2024-05-12 17:41:37,122 [EventQueue-PipelineReportForPipelineReportHandler] INFO  pipeline.PipelineReportHandler (PipelineReportHandler.java:processPipelineReport(136)) - Opened pipeline PipelineID=fe447605-f0fa-43ae-a4cb-4deecbe98265
2024-05-12 17:41:37,122 [EventQueue-OpenPipelineForHealthyPipelineSafeModeRule] INFO  safemode.SCMSafeModeManager (HealthyPipelineSafeModeRule.java:process(140)) - SCM in safe mode. Healthy pipelines reported count is 1, required healthy pipeline reported count is 1
2024-05-12 17:41:37,122 [EventQueue-OpenPipelineForHealthyPipelineSafeModeRule] INFO  safemode.SCMSafeModeManager (SCMSafeModeManager.java:validateSafeModeExitRules(203)) - HealthyPipelineSafeModeRule rule is successfully validated
2024-05-12 17:41:37,122 [EventQueue-OpenPipelineForHealthyPipelineSafeModeRule] INFO  safemode.SCMSafeModeManager (SCMSafeModeManager.java:validateSafeModeExitRules(218)) - ScmSafeModeManager, all rules are successfully validated
2024-05-12 17:41:37,122 [EventQueue-OpenPipelineForHealthyPipelineSafeModeRule] INFO  safemode.SCMSafeModeManager (SCMSafeModeManager.java:exitSafeMode(248)) - SCM exiting safe mode.
2024-05-12 17:41:37,122 [EventQueue-OpenPipelineForHealthyPipelineSafeModeRule] INFO  ha.SCMContext (SCMContext.java:updateSafeModeStatus(225)) - Update SafeModeStatus from SafeModeStatus{safeModeStatus=true, preCheckPassed=true} to SafeModeStatus{safeModeStatus=false, preCheckPassed=true}.
2024-05-12 17:41:37,122 [EventQueue-OpenPipelineForHealthyPipelineSafeModeRule] INFO  pipeline.BackgroundPipelineCreator (BackgroundPipelineCreator.java:notifyStatusChanged(258)) - Service BackgroundPipelineCreator transitions to RUNNING.
2024-05-12 17:41:37,122 [EventQueue-OpenPipelineForHealthyPipelineSafeModeRule] INFO  BackgroundPipelineScrubber (BackgroundSCMService.java:notifyStatusChanged(79)) - Service BackgroundPipelineScrubber transitions to RUNNING.
2024-05-12 17:41:37,122 [EventQueue-OpenPipelineForHealthyPipelineSafeModeRule] INFO  ExpiredContainerReplicaOpScrubber (BackgroundSCMService.java:notifyStatusChanged(79)) - Service ExpiredContainerReplicaOpScrubber transitions to RUNNING.
2024-05-12 17:41:37,122 [EventQueue-OpenPipelineForHealthyPipelineSafeModeRule] INFO  block.SCMBlockDeletingService (SCMBlockDeletingService.java:notifyStatusChanged(247)) - notifyStatusChanged:RUNNING
2024-05-12 17:41:37,122 [EventQueue-OpenPipelineForHealthyPipelineSafeModeRule] INFO  replication.ReplicationManager (ReplicationManager.java:notifyStatusChanged(1406)) - Service ReplicationManager transitions to RUNNING.
2024-05-12 17:41:37,123 [EventQueue-OpenPipelineForHealthyPipelineSafeModeRule] WARN  balancer.ContainerBalancer (ContainerBalancer.java:shouldRun(134)) - Could not find persisted configuration for ContainerBalancer when checking if ContainerBalancer should run. ContainerBalancer should not run now.
2024-05-12 17:41:37,126 [89a6d998-d419-473a-a6ed-8243f7f30d05-server-thread1] INFO  ratis.XceiverServerRatis (XceiverServerRatis.java:handleLeaderChangedNotification(966)) - Leader change notification received for group: group-4DEECBE98265 with new leaderId: b7336ce2-a724-4c4a-8025-d323d27fa237
2024-05-12 17:41:37,126 [b7336ce2-a724-4c4a-8025-d323d27fa237@group-4DEECBE98265-SegmentedRaftLogWorker] INFO  segmented.SegmentedRaftLogWorker (SegmentedRaftLogWorker.java:execute(634)) - b7336ce2-a724-4c4a-8025-d323d27fa237@group-4DEECBE98265-SegmentedRaftLogWorker: created new log segment /home/runner/work/ozone/ozone/hadoop-ozone/integration-test/target/test-dir/MiniOzoneClusterImpl-71ef5771-1bca-432b-8888-38dc3c8d5d63/ozone-meta/datanode-2/ratis/fe447605-f0fa-43ae-a4cb-4deecbe98265/current/log_inprogress_0
2024-05-12 17:41:37,126 [89a6d998-d419-473a-a6ed-8243f7f30d05-server-thread1] INFO  server.RaftServer$Division (ServerState.java:setLeader(269)) - 89a6d998-d419-473a-a6ed-8243f7f30d05@group-4DEECBE98265: change Leader from null to b7336ce2-a724-4c4a-8025-d323d27fa237 at term 1 for appendEntries, leader elected after 1092ms
2024-05-12 17:41:37,130 [d0e7fafe-f667-41fb-a16a-ecd1bcb446b6-server-thread1] INFO  ratis.XceiverServerRatis (XceiverServerRatis.java:handleLeaderChangedNotification(966)) - Leader change notification received for group: group-4DEECBE98265 with new leaderId: b7336ce2-a724-4c4a-8025-d323d27fa237
2024-05-12 17:41:37,130 [d0e7fafe-f667-41fb-a16a-ecd1bcb446b6-server-thread1] INFO  server.RaftServer$Division (ServerState.java:setLeader(269)) - d0e7fafe-f667-41fb-a16a-ecd1bcb446b6@group-4DEECBE98265: change Leader from null to b7336ce2-a724-4c4a-8025-d323d27fa237 at term 1 for appendEntries, leader elected after 1117ms
2024-05-12 17:41:37,132 [d0e7fafe-f667-41fb-a16a-ecd1bcb446b6-server-thread2] INFO  server.RaftServer$Division (ServerState.java:setRaftConf(386)) - d0e7fafe-f667-41fb-a16a-ecd1bcb446b6@group-4DEECBE98265: set configuration 0: peers:[d0e7fafe-f667-41fb-a16a-ecd1bcb446b6|127.0.0.1:15308, b7336ce2-a724-4c4a-8025-d323d27fa237|127.0.0.1:15317, 89a6d998-d419-473a-a6ed-8243f7f30d05|127.0.0.1:15326]|listeners:[], old=null
2024-05-12 17:41:37,132 [89a6d998-d419-473a-a6ed-8243f7f30d05-server-thread3] INFO  server.RaftServer$Division (ServerState.java:setRaftConf(386)) - 89a6d998-d419-473a-a6ed-8243f7f30d05@group-4DEECBE98265: set configuration 0: peers:[d0e7fafe-f667-41fb-a16a-ecd1bcb446b6|127.0.0.1:15308, b7336ce2-a724-4c4a-8025-d323d27fa237|127.0.0.1:15317, 89a6d998-d419-473a-a6ed-8243f7f30d05|127.0.0.1:15326]|listeners:[], old=null
2024-05-12 17:41:37,132 [d0e7fafe-f667-41fb-a16a-ecd1bcb446b6-server-thread2] INFO  segmented.SegmentedRaftLogWorker (SegmentedRaftLogWorker.java:startLogSegment(430)) - d0e7fafe-f667-41fb-a16a-ecd1bcb446b6@group-4DEECBE98265-SegmentedRaftLogWorker: Starting segment from index:0
2024-05-12 17:41:37,133 [89a6d998-d419-473a-a6ed-8243f7f30d05-server-thread3] INFO  segmented.SegmentedRaftLogWorker (SegmentedRaftLogWorker.java:startLogSegment(430)) - 89a6d998-d419-473a-a6ed-8243f7f30d05@group-4DEECBE98265-SegmentedRaftLogWorker: Starting segment from index:0
2024-05-12 17:41:37,133 [89a6d998-d419-473a-a6ed-8243f7f30d05@group-4DEECBE98265-SegmentedRaftLogWorker] INFO  segmented.BufferedWriteChannel (BufferedWriteChannel.java:open(62)) - open log_inprogress_0 at position 0
2024-05-12 17:41:37,136 [d0e7fafe-f667-41fb-a16a-ecd1bcb446b6@group-4DEECBE98265-SegmentedRaftLogWorker] INFO  segmented.BufferedWriteChannel (BufferedWriteChannel.java:open(62)) - open log_inprogress_0 at position 0
2024-05-12 17:41:37,144 [89a6d998-d419-473a-a6ed-8243f7f30d05@group-4DEECBE98265-SegmentedRaftLogWorker] INFO  segmented.SegmentedRaftLogWorker (SegmentedRaftLogWorker.java:execute(634)) - 89a6d998-d419-473a-a6ed-8243f7f30d05@group-4DEECBE98265-SegmentedRaftLogWorker: created new log segment /home/runner/work/ozone/ozone/hadoop-ozone/integration-test/target/test-dir/MiniOzoneClusterImpl-71ef5771-1bca-432b-8888-38dc3c8d5d63/ozone-meta/datanode-3/ratis/fe447605-f0fa-43ae-a4cb-4deecbe98265/current/log_inprogress_0
2024-05-12 17:41:37,145 [d0e7fafe-f667-41fb-a16a-ecd1bcb446b6@group-4DEECBE98265-SegmentedRaftLogWorker] INFO  segmented.SegmentedRaftLogWorker (SegmentedRaftLogWorker.java:execute(634)) - d0e7fafe-f667-41fb-a16a-ecd1bcb446b6@group-4DEECBE98265-SegmentedRaftLogWorker: created new log segment /home/runner/work/ozone/ozone/hadoop-ozone/integration-test/target/test-dir/MiniOzoneClusterImpl-71ef5771-1bca-432b-8888-38dc3c8d5d63/ozone-meta/datanode-1/ratis/fe447605-f0fa-43ae-a4cb-4deecbe98265/current/log_inprogress_0
2024-05-12 17:41:37,147 [b7336ce2-a724-4c4a-8025-d323d27fa237@group-4DEECBE98265-StateMachineUpdater] INFO  server.RaftServer$Division (LeaderStateImpl.java:isApplied(320)) - leader is ready since appliedIndex == 0 >= startIndex == 0
2024-05-12 17:41:37,187 [d0e7fafe-f667-41fb-a16a-ecd1bcb446b6@group-427D53FA2E43-FollowerState] INFO  impl.FollowerState (FollowerState.java:run(143)) - d0e7fafe-f667-41fb-a16a-ecd1bcb446b6@group-427D53FA2E43-FollowerState: change to CANDIDATE, lastRpcElapsedTime:1105982766ns, electionTimeout:1105ms
2024-05-12 17:41:37,187 [d0e7fafe-f667-41fb-a16a-ecd1bcb446b6@group-427D53FA2E43-FollowerState] INFO  impl.RoleInfo (RoleInfo.java:shutdownFollowerState(110)) - d0e7fafe-f667-41fb-a16a-ecd1bcb446b6: shutdown d0e7fafe-f667-41fb-a16a-ecd1bcb446b6@group-427D53FA2E43-FollowerState
2024-05-12 17:41:37,187 [d0e7fafe-f667-41fb-a16a-ecd1bcb446b6@group-427D53FA2E43-FollowerState] INFO  server.RaftServer$Division (RaftServerImpl.java:setRole(383)) - d0e7fafe-f667-41fb-a16a-ecd1bcb446b6@group-427D53FA2E43: changes role from  FOLLOWER to CANDIDATE at term 0 for changeToCandidate
2024-05-12 17:41:37,187 [d0e7fafe-f667-41fb-a16a-ecd1bcb446b6@group-427D53FA2E43-FollowerState] INFO  server.RaftServerConfigKeys (ConfUtils.java:logGet(46)) - raft.server.leaderelection.pre-vote = true (default)
2024-05-12 17:41:37,187 [d0e7fafe-f667-41fb-a16a-ecd1bcb446b6@group-427D53FA2E43-FollowerState] INFO  impl.RoleInfo (RoleInfo.java:updateAndGet(139)) - d0e7fafe-f667-41fb-a16a-ecd1bcb446b6: start d0e7fafe-f667-41fb-a16a-ecd1bcb446b6@group-427D53FA2E43-LeaderElection267
2024-05-12 17:41:37,187 [d0e7fafe-f667-41fb-a16a-ecd1bcb446b6@group-427D53FA2E43-LeaderElection267] INFO  impl.LeaderElection (LeaderElection.java:askForVotes(321)) - d0e7fafe-f667-41fb-a16a-ecd1bcb446b6@group-427D53FA2E43-LeaderElection267 PRE_VOTE round 0: submit vote requests at term 0 for -1: peers:[d0e7fafe-f667-41fb-a16a-ecd1bcb446b6|127.0.0.1:15308, b7336ce2-a724-4c4a-8025-d323d27fa237|127.0.0.1:15317, 89a6d998-d419-473a-a6ed-8243f7f30d05|127.0.0.1:15326]|listeners:[], old=null
2024-05-12 17:41:37,188 [d0e7fafe-f667-41fb-a16a-ecd1bcb446b6@group-427D53FA2E43-LeaderElection267-1] INFO  server.GrpcServerProtocolClient (GrpcServerProtocolClient.java:<init>(65)) - Build channel for b7336ce2-a724-4c4a-8025-d323d27fa237|127.0.0.1:15317
2024-05-12 17:41:37,188 [d0e7fafe-f667-41fb-a16a-ecd1bcb446b6@group-427D53FA2E43-LeaderElection267-2] INFO  server.GrpcServerProtocolClient (GrpcServerProtocolClient.java:<init>(65)) - Build channel for 89a6d998-d419-473a-a6ed-8243f7f30d05|127.0.0.1:15326
2024-05-12 17:41:37,188 [d0e7fafe-f667-41fb-a16a-ecd1bcb446b6@group-427D53FA2E43-LeaderElection267] INFO  server.RaftServerConfigKeys (ConfUtils.java:logFallback(53)) - raft.server.rpc.first-election.timeout.min = 1s (fallback to raft.server.rpc.timeout.min)
2024-05-12 17:41:37,188 [d0e7fafe-f667-41fb-a16a-ecd1bcb446b6@group-427D53FA2E43-LeaderElection267] INFO  server.RaftServerConfigKeys (ConfUtils.java:logFallback(53)) - raft.server.rpc.first-election.timeout.max = 1200ms (fallback to raft.server.rpc.timeout.max)
2024-05-12 17:41:37,191 [grpc-default-executor-3] INFO  server.RaftServer$Division (RaftServerImpl.java:requestVote(1389)) - 89a6d998-d419-473a-a6ed-8243f7f30d05@group-427D53FA2E43: receive requestVote(PRE_VOTE, d0e7fafe-f667-41fb-a16a-ecd1bcb446b6, group-427D53FA2E43, 0, (t:0, i:0))
2024-05-12 17:41:37,191 [grpc-default-executor-0] INFO  server.RaftServer$Division (RaftServerImpl.java:requestVote(1389)) - b7336ce2-a724-4c4a-8025-d323d27fa237@group-427D53FA2E43: receive requestVote(PRE_VOTE, d0e7fafe-f667-41fb-a16a-ecd1bcb446b6, group-427D53FA2E43, 0, (t:0, i:0))
2024-05-12 17:41:37,191 [grpc-default-executor-3] INFO  impl.VoteContext (VoteContext.java:log(49)) - 89a6d998-d419-473a-a6ed-8243f7f30d05@group-427D53FA2E43-FOLLOWER: reject PRE_VOTE from d0e7fafe-f667-41fb-a16a-ecd1bcb446b6: our priority 1 > candidate's priority 0
2024-05-12 17:41:37,191 [grpc-default-executor-3] INFO  server.RaftServer$Division (RaftServerImpl.java:requestVote(1422)) - 89a6d998-d419-473a-a6ed-8243f7f30d05@group-427D53FA2E43 replies to PRE_VOTE vote request: d0e7fafe-f667-41fb-a16a-ecd1bcb446b6<-89a6d998-d419-473a-a6ed-8243f7f30d05#0:FAIL-t0. Peer's state: 89a6d998-d419-473a-a6ed-8243f7f30d05@group-427D53FA2E43:t0, leader=null, voted=, raftlog=Memoized:89a6d998-d419-473a-a6ed-8243f7f30d05@group-427D53FA2E43-SegmentedRaftLog:OPENED:c-1, conf=-1: peers:[d0e7fafe-f667-41fb-a16a-ecd1bcb446b6|127.0.0.1:15308, b7336ce2-a724-4c4a-8025-d323d27fa237|127.0.0.1:15317, 89a6d998-d419-473a-a6ed-8243f7f30d05|127.0.0.1:15326]|listeners:[], old=null
2024-05-12 17:41:37,191 [grpc-default-executor-0] INFO  impl.VoteContext (VoteContext.java:log(49)) - b7336ce2-a724-4c4a-8025-d323d27fa237@group-427D53FA2E43-FOLLOWER: accept PRE_VOTE from d0e7fafe-f667-41fb-a16a-ecd1bcb446b6: our priority 0 <= candidate's priority 0
2024-05-12 17:41:37,192 [grpc-default-executor-0] INFO  server.RaftServer$Division (RaftServerImpl.java:requestVote(1422)) - b7336ce2-a724-4c4a-8025-d323d27fa237@group-427D53FA2E43 replies to PRE_VOTE vote request: d0e7fafe-f667-41fb-a16a-ecd1bcb446b6<-b7336ce2-a724-4c4a-8025-d323d27fa237#0:OK-t0. Peer's state: b7336ce2-a724-4c4a-8025-d323d27fa237@group-427D53FA2E43:t0, leader=null, voted=, raftlog=Memoized:b7336ce2-a724-4c4a-8025-d323d27fa237@group-427D53FA2E43-SegmentedRaftLog:OPENED:c-1, conf=-1: peers:[d0e7fafe-f667-41fb-a16a-ecd1bcb446b6|127.0.0.1:15308, b7336ce2-a724-4c4a-8025-d323d27fa237|127.0.0.1:15317, 89a6d998-d419-473a-a6ed-8243f7f30d05|127.0.0.1:15326]|listeners:[], old=null
2024-05-12 17:41:37,194 [d0e7fafe-f667-41fb-a16a-ecd1bcb446b6@group-427D53FA2E43-LeaderElection267] INFO  impl.LeaderElection (LeaderElection.java:logAndReturn(89)) - d0e7fafe-f667-41fb-a16a-ecd1bcb446b6@group-427D53FA2E43-LeaderElection267: PRE_VOTE REJECTED received 2 response(s) and 0 exception(s):
2024-05-12 17:41:37,194 [d0e7fafe-f667-41fb-a16a-ecd1bcb446b6@group-427D53FA2E43-LeaderElection267] INFO  impl.LeaderElection (LeaderElection.java:logAndReturn(93)) -   Response 0: d0e7fafe-f667-41fb-a16a-ecd1bcb446b6<-b7336ce2-a724-4c4a-8025-d323d27fa237#0:OK-t0
2024-05-12 17:41:37,194 [d0e7fafe-f667-41fb-a16a-ecd1bcb446b6@group-427D53FA2E43-LeaderElection267] INFO  impl.LeaderElection (LeaderElection.java:logAndReturn(93)) -   Response 1: d0e7fafe-f667-41fb-a16a-ecd1bcb446b6<-89a6d998-d419-473a-a6ed-8243f7f30d05#0:FAIL-t0
2024-05-12 17:41:37,195 [d0e7fafe-f667-41fb-a16a-ecd1bcb446b6@group-427D53FA2E43-LeaderElection267] INFO  impl.LeaderElection (LeaderElection.java:askForVotes(323)) - d0e7fafe-f667-41fb-a16a-ecd1bcb446b6@group-427D53FA2E43-LeaderElection267 PRE_VOTE round 0: result REJECTED
2024-05-12 17:41:37,195 [d0e7fafe-f667-41fb-a16a-ecd1bcb446b6@group-427D53FA2E43-LeaderElection267] INFO  server.RaftServer$Division (RaftServerImpl.java:setRole(383)) - d0e7fafe-f667-41fb-a16a-ecd1bcb446b6@group-427D53FA2E43: changes role from CANDIDATE to FOLLOWER at term 0 for REJECTED
2024-05-12 17:41:37,195 [d0e7fafe-f667-41fb-a16a-ecd1bcb446b6@group-427D53FA2E43-LeaderElection267] INFO  impl.RoleInfo (RoleInfo.java:shutdownLeaderElection(130)) - d0e7fafe-f667-41fb-a16a-ecd1bcb446b6: shutdown d0e7fafe-f667-41fb-a16a-ecd1bcb446b6@group-427D53FA2E43-LeaderElection267
2024-05-12 17:41:37,195 [d0e7fafe-f667-41fb-a16a-ecd1bcb446b6@group-427D53FA2E43-LeaderElection267] INFO  impl.RoleInfo (RoleInfo.java:updateAndGet(139)) - d0e7fafe-f667-41fb-a16a-ecd1bcb446b6: start d0e7fafe-f667-41fb-a16a-ecd1bcb446b6@group-427D53FA2E43-FollowerState
2024-05-12 17:41:37,195 [d0e7fafe-f667-41fb-a16a-ecd1bcb446b6@group-427D53FA2E43-LeaderElection267] INFO  server.RaftServer$Division (RaftServerImpl.java:setFirstElection(574)) - d0e7fafe-f667-41fb-a16a-ecd1bcb446b6@group-427D53FA2E43: set firstElectionSinceStartup to false for REJECTED
2024-05-12 17:41:37,195 [b7336ce2-a724-4c4a-8025-d323d27fa237@group-4DDFB6160DA4-FollowerState] INFO  impl.FollowerState (FollowerState.java:run(143)) - b7336ce2-a724-4c4a-8025-d323d27fa237@group-4DDFB6160DA4-FollowerState: change to CANDIDATE, lastRpcElapsedTime:1117455295ns, electionTimeout:1117ms
2024-05-12 17:41:37,195 [b7336ce2-a724-4c4a-8025-d323d27fa237@group-4DDFB6160DA4-FollowerState] INFO  impl.RoleInfo (RoleInfo.java:shutdownFollowerState(110)) - b7336ce2-a724-4c4a-8025-d323d27fa237: shutdown b7336ce2-a724-4c4a-8025-d323d27fa237@group-4DDFB6160DA4-FollowerState
2024-05-12 17:41:37,195 [b7336ce2-a724-4c4a-8025-d323d27fa237@group-4DDFB6160DA4-FollowerState] INFO  server.RaftServer$Division (RaftServerImpl.java:setRole(383)) - b7336ce2-a724-4c4a-8025-d323d27fa237@group-4DDFB6160DA4: changes role from  FOLLOWER to CANDIDATE at term 0 for changeToCandidate
2024-05-12 17:41:37,195 [b7336ce2-a724-4c4a-8025-d323d27fa237@group-4DDFB6160DA4-FollowerState] INFO  server.RaftServerConfigKeys (ConfUtils.java:logGet(46)) - raft.server.leaderelection.pre-vote = true (default)
2024-05-12 17:41:37,195 [b7336ce2-a724-4c4a-8025-d323d27fa237@group-4DDFB6160DA4-FollowerState] INFO  impl.RoleInfo (RoleInfo.java:updateAndGet(139)) - b7336ce2-a724-4c4a-8025-d323d27fa237: start b7336ce2-a724-4c4a-8025-d323d27fa237@group-4DDFB6160DA4-LeaderElection268
2024-05-12 17:41:37,195 [b7336ce2-a724-4c4a-8025-d323d27fa237@group-4DDFB6160DA4-LeaderElection268] INFO  impl.LeaderElection (LeaderElection.java:askForVotes(321)) - b7336ce2-a724-4c4a-8025-d323d27fa237@group-4DDFB6160DA4-LeaderElection268 PRE_VOTE round 0: submit vote requests at term 0 for -1: peers:[b7336ce2-a724-4c4a-8025-d323d27fa237|127.0.0.1:15317]|listeners:[], old=null
2024-05-12 17:41:37,196 [b7336ce2-a724-4c4a-8025-d323d27fa237@group-4DDFB6160DA4-LeaderElection268] INFO  impl.LeaderElection (LeaderElection.java:askForVotes(323)) - b7336ce2-a724-4c4a-8025-d323d27fa237@group-4DDFB6160DA4-LeaderElection268 PRE_VOTE round 0: result PASSED (term=0)
2024-05-12 17:41:37,197 [b7336ce2-a724-4c4a-8025-d323d27fa237@group-4DDFB6160DA4-LeaderElection268] INFO  impl.LeaderElection (LeaderElection.java:askForVotes(321)) - b7336ce2-a724-4c4a-8025-d323d27fa237@group-4DDFB6160DA4-LeaderElection268 ELECTION round 0: submit vote requests at term 1 for -1: peers:[b7336ce2-a724-4c4a-8025-d323d27fa237|127.0.0.1:15317]|listeners:[], old=null
2024-05-12 17:41:37,197 [b7336ce2-a724-4c4a-8025-d323d27fa237@group-4DDFB6160DA4-LeaderElection268] INFO  impl.LeaderElection (LeaderElection.java:askForVotes(323)) - b7336ce2-a724-4c4a-8025-d323d27fa237@group-4DDFB6160DA4-LeaderElection268 ELECTION round 0: result PASSED (term=1)
2024-05-12 17:41:37,197 [b7336ce2-a724-4c4a-8025-d323d27fa237@group-4DDFB6160DA4-LeaderElection268] INFO  impl.RoleInfo (RoleInfo.java:shutdownLeaderElection(130)) - b7336ce2-a724-4c4a-8025-d323d27fa237: shutdown b7336ce2-a724-4c4a-8025-d323d27fa237@group-4DDFB6160DA4-LeaderElection268
2024-05-12 17:41:37,197 [b7336ce2-a724-4c4a-8025-d323d27fa237@group-4DDFB6160DA4-LeaderElection268] INFO  server.RaftServer$Division (RaftServerImpl.java:setRole(383)) - b7336ce2-a724-4c4a-8025-d323d27fa237@group-4DDFB6160DA4: changes role from CANDIDATE to LEADER at term 1 for changeToLeader
2024-05-12 17:41:37,197 [b7336ce2-a724-4c4a-8025-d323d27fa237@group-4DDFB6160DA4-LeaderElection268] INFO  server.RaftServerConfigKeys (ConfUtils.java:logGet(46)) - raft.server.staging.catchup.gap = 1000 (default)
2024-05-12 17:41:37,198 [b7336ce2-a724-4c4a-8025-d323d27fa237@group-4DDFB6160DA4-LeaderElection268] INFO  server.RaftServerConfigKeys (ConfUtils.java:logGet(46)) - raft.server.write.element-limit = 1024 (custom)
2024-05-12 17:41:37,198 [b7336ce2-a724-4c4a-8025-d323d27fa237@group-4DDFB6160DA4-LeaderElection268] INFO  server.RaftServerConfigKeys (ConfUtils.java:logGet(46)) - raft.server.write.byte-limit = 1024 M (=1073741824) (custom)
2024-05-12 17:41:37,198 [b7336ce2-a724-4c4a-8025-d323d27fa237@group-4DDFB6160DA4-LeaderElection268] INFO  server.RaftServerConfigKeys (ConfUtils.java:logGet(46)) - raft.server.watch.timeout = 3000ms (custom)
2024-05-12 17:41:37,198 [b7336ce2-a724-4c4a-8025-d323d27fa237@group-4DDFB6160DA4-LeaderElection268] INFO  server.RaftServerConfigKeys (ConfUtils.java:logGet(46)) - raft.server.watch.timeout.denomination = 1s (default)
2024-05-12 17:41:37,198 [b7336ce2-a724-4c4a-8025-d323d27fa237@group-4DDFB6160DA4-LeaderElection268] INFO  server.RaftServerConfigKeys (ConfUtils.java:logGet(46)) - raft.server.watch.element-limit = 65536 (default)
2024-05-12 17:41:37,198 [b7336ce2-a724-4c4a-8025-d323d27fa237@group-4DDFB6160DA4-LeaderElection268] INFO  server.RaftServerConfigKeys (ConfUtils.java:logGet(46)) - raft.server.read.leader.lease.enabled = false (default)
2024-05-12 17:41:37,198 [b7336ce2-a724-4c4a-8025-d323d27fa237@group-4DDFB6160DA4-LeaderElection268] INFO  server.RaftServerConfigKeys (ConfUtils.java:logGet(46)) - raft.server.read.leader.lease.timeout.ratio = 0.9 (default)
2024-05-12 17:41:37,198 [b7336ce2-a724-4c4a-8025-d323d27fa237@group-4DDFB6160DA4-LeaderElection268] INFO  server.RaftServerConfigKeys (ConfUtils.java:logGet(46)) - raft.server.rpc.timeout.min = 1s (custom)
2024-05-12 17:41:37,198 [b7336ce2-a724-4c4a-8025-d323d27fa237@group-4DDFB6160DA4-LeaderElection268] INFO  server.RaftServerConfigKeys (ConfUtils.java:logGet(46)) - raft.server.write.element-limit = 1024 (custom)
2024-05-12 17:41:37,198 [b7336ce2-a724-4c4a-8025-d323d27fa237@group-4DDFB6160DA4-LeaderElection268] INFO  server.RaftServerConfigKeys (ConfUtils.java:logGet(46)) - raft.server.write.follower.gap.ratio.max = -1.0 (default)
2024-05-12 17:41:37,198 [b7336ce2-a724-4c4a-8025-d323d27fa237@group-4DDFB6160DA4-LeaderElection268] INFO  impl.RoleInfo (RoleInfo.java:updateAndGet(139)) - b7336ce2-a724-4c4a-8025-d323d27fa237: start b7336ce2-a724-4c4a-8025-d323d27fa237@group-4DDFB6160DA4-LeaderStateImpl
2024-05-12 17:41:37,198 [b7336ce2-a724-4c4a-8025-d323d27fa237@group-4DDFB6160DA4-LeaderElection268] INFO  server.RaftServer$Division (RaftServerImpl.java:setFirstElection(574)) - b7336ce2-a724-4c4a-8025-d323d27fa237@group-4DDFB6160DA4: set firstElectionSinceStartup to false for becomeLeader
2024-05-12 17:41:37,198 [b7336ce2-a724-4c4a-8025-d323d27fa237@group-4DDFB6160DA4-LeaderElection268] INFO  ratis.XceiverServerRatis (XceiverServerRatis.java:handleLeaderChangedNotification(966)) - Leader change notification received for group: group-4DDFB6160DA4 with new leaderId: b7336ce2-a724-4c4a-8025-d323d27fa237
2024-05-12 17:41:37,199 [b7336ce2-a724-4c4a-8025-d323d27fa237@group-4DDFB6160DA4-LeaderElection268] INFO  server.RaftServer$Division (ServerState.java:setLeader(269)) - b7336ce2-a724-4c4a-8025-d323d27fa237@group-4DDFB6160DA4: change Leader from null to b7336ce2-a724-4c4a-8025-d323d27fa237 at term 1 for becomeLeader, leader elected after 1134ms
2024-05-12 17:41:37,199 [b7336ce2-a724-4c4a-8025-d323d27fa237@group-4DDFB6160DA4-LeaderElection268] INFO  segmented.SegmentedRaftLogWorker (SegmentedRaftLogWorker.java:startLogSegment(430)) - b7336ce2-a724-4c4a-8025-d323d27fa237@group-4DDFB6160DA4-SegmentedRaftLogWorker: Starting segment from index:0
2024-05-12 17:41:37,199 [b7336ce2-a724-4c4a-8025-d323d27fa237@group-4DDFB6160DA4-LeaderElection268] INFO  server.RaftServer$Division (ServerState.java:setRaftConf(386)) - b7336ce2-a724-4c4a-8025-d323d27fa237@group-4DDFB6160DA4: set configuration 0: peers:[b7336ce2-a724-4c4a-8025-d323d27fa237|127.0.0.1:15317]|listeners:[], old=null
2024-05-12 17:41:37,200 [b7336ce2-a724-4c4a-8025-d323d27fa237@group-4DDFB6160DA4-SegmentedRaftLogWorker] INFO  segmented.BufferedWriteChannel (BufferedWriteChannel.java:open(62)) - open log_inprogress_0 at position 0
2024-05-12 17:41:37,207 [b7336ce2-a724-4c4a-8025-d323d27fa237@group-4DDFB6160DA4-SegmentedRaftLogWorker] INFO  segmented.SegmentedRaftLogWorker (SegmentedRaftLogWorker.java:execute(634)) - b7336ce2-a724-4c4a-8025-d323d27fa237@group-4DDFB6160DA4-SegmentedRaftLogWorker: created new log segment /home/runner/work/ozone/ozone/hadoop-ozone/integration-test/target/test-dir/MiniOzoneClusterImpl-71ef5771-1bca-432b-8888-38dc3c8d5d63/ozone-meta/datanode-2/ratis/1765979a-c33e-4f42-a6c9-4ddfb6160da4/current/log_inprogress_0
2024-05-12 17:41:37,208 [b7336ce2-a724-4c4a-8025-d323d27fa237@group-4DDFB6160DA4-StateMachineUpdater] INFO  server.RaftServer$Division (LeaderStateImpl.java:isApplied(320)) - leader is ready since appliedIndex == 0 >= startIndex == 0
2024-05-12 17:41:37,234 [b7336ce2-a724-4c4a-8025-d323d27fa237@group-427D53FA2E43-FollowerState] INFO  server.RaftServerConfigKeys (ConfUtils.java:logFallback(53)) - raft.server.rpc.first-election.timeout.min = 1s (fallback to raft.server.rpc.timeout.min)
2024-05-12 17:41:37,234 [b7336ce2-a724-4c4a-8025-d323d27fa237@group-427D53FA2E43-FollowerState] INFO  server.RaftServerConfigKeys (ConfUtils.java:logFallback(53)) - raft.server.rpc.first-election.timeout.max = 1200ms (fallback to raft.server.rpc.timeout.max)
2024-05-12 17:41:37,264 [89a6d998-d419-473a-a6ed-8243f7f30d05@group-427D53FA2E43-FollowerState] INFO  impl.FollowerState (FollowerState.java:run(143)) - 89a6d998-d419-473a-a6ed-8243f7f30d05@group-427D53FA2E43-FollowerState: change to CANDIDATE, lastRpcElapsedTime:1157248560ns, electionTimeout:1153ms
2024-05-12 17:41:37,264 [89a6d998-d419-473a-a6ed-8243f7f30d05@group-427D53FA2E43-FollowerState] INFO  impl.RoleInfo (RoleInfo.java:shutdownFollowerState(110)) - 89a6d998-d419-473a-a6ed-8243f7f30d05: shutdown 89a6d998-d419-473a-a6ed-8243f7f30d05@group-427D53FA2E43-FollowerState
2024-05-12 17:41:37,264 [89a6d998-d419-473a-a6ed-8243f7f30d05@group-427D53FA2E43-FollowerState] INFO  server.RaftServer$Division (RaftServerImpl.java:setRole(383)) - 89a6d998-d419-473a-a6ed-8243f7f30d05@group-427D53FA2E43: changes role from  FOLLOWER to CANDIDATE at term 0 for changeToCandidate
2024-05-12 17:41:37,264 [89a6d998-d419-473a-a6ed-8243f7f30d05@group-427D53FA2E43-FollowerState] INFO  server.RaftServerConfigKeys (ConfUtils.java:logGet(46)) - raft.server.leaderelection.pre-vote = true (default)
2024-05-12 17:41:37,264 [89a6d998-d419-473a-a6ed-8243f7f30d05@group-427D53FA2E43-FollowerState] INFO  impl.RoleInfo (RoleInfo.java:updateAndGet(139)) - 89a6d998-d419-473a-a6ed-8243f7f30d05: start 89a6d998-d419-473a-a6ed-8243f7f30d05@group-427D53FA2E43-LeaderElection269
2024-05-12 17:41:37,264 [89a6d998-d419-473a-a6ed-8243f7f30d05@group-427D53FA2E43-LeaderElection269] INFO  impl.LeaderElection (LeaderElection.java:askForVotes(321)) - 89a6d998-d419-473a-a6ed-8243f7f30d05@group-427D53FA2E43-LeaderElection269 PRE_VOTE round 0: submit vote requests at term 0 for -1: peers:[d0e7fafe-f667-41fb-a16a-ecd1bcb446b6|127.0.0.1:15308, b7336ce2-a724-4c4a-8025-d323d27fa237|127.0.0.1:15317, 89a6d998-d419-473a-a6ed-8243f7f30d05|127.0.0.1:15326]|listeners:[], old=null
2024-05-12 17:41:37,265 [89a6d998-d419-473a-a6ed-8243f7f30d05@group-427D53FA2E43-LeaderElection269-1] INFO  server.GrpcServerProtocolClient (GrpcServerProtocolClient.java:<init>(65)) - Build channel for d0e7fafe-f667-41fb-a16a-ecd1bcb446b6|127.0.0.1:15308
2024-05-12 17:41:37,265 [89a6d998-d419-473a-a6ed-8243f7f30d05@group-427D53FA2E43-LeaderElection269-2] INFO  server.GrpcServerProtocolClient (GrpcServerProtocolClient.java:<init>(65)) - Build channel for b7336ce2-a724-4c4a-8025-d323d27fa237|127.0.0.1:15317
2024-05-12 17:41:37,265 [89a6d998-d419-473a-a6ed-8243f7f30d05@group-427D53FA2E43-LeaderElection269] INFO  server.RaftServerConfigKeys (ConfUtils.java:logFallback(53)) - raft.server.rpc.first-election.timeout.min = 1s (fallback to raft.server.rpc.timeout.min)
2024-05-12 17:41:37,265 [89a6d998-d419-473a-a6ed-8243f7f30d05@group-427D53FA2E43-LeaderElection269] INFO  server.RaftServerConfigKeys (ConfUtils.java:logFallback(53)) - raft.server.rpc.first-election.timeout.max = 1200ms (fallback to raft.server.rpc.timeout.max)
2024-05-12 17:41:37,268 [grpc-default-executor-3] INFO  server.RaftServer$Division (RaftServerImpl.java:requestVote(1389)) - d0e7fafe-f667-41fb-a16a-ecd1bcb446b6@group-427D53FA2E43: receive requestVote(PRE_VOTE, 89a6d998-d419-473a-a6ed-8243f7f30d05, group-427D53FA2E43, 0, (t:0, i:0))
2024-05-12 17:41:37,268 [grpc-default-executor-0] INFO  server.RaftServer$Division (RaftServerImpl.java:requestVote(1389)) - b7336ce2-a724-4c4a-8025-d323d27fa237@group-427D53FA2E43: receive requestVote(PRE_VOTE, 89a6d998-d419-473a-a6ed-8243f7f30d05, group-427D53FA2E43, 0, (t:0, i:0))
2024-05-12 17:41:37,268 [grpc-default-executor-3] INFO  impl.VoteContext (VoteContext.java:log(49)) - d0e7fafe-f667-41fb-a16a-ecd1bcb446b6@group-427D53FA2E43-FOLLOWER: accept PRE_VOTE from 89a6d998-d419-473a-a6ed-8243f7f30d05: our priority 0 <= candidate's priority 1
2024-05-12 17:41:37,268 [grpc-default-executor-0] INFO  impl.VoteContext (VoteContext.java:log(49)) - b7336ce2-a724-4c4a-8025-d323d27fa237@group-427D53FA2E43-FOLLOWER: accept PRE_VOTE from 89a6d998-d419-473a-a6ed-8243f7f30d05: our priority 0 <= candidate's priority 1
2024-05-12 17:41:37,268 [grpc-default-executor-3] INFO  server.RaftServer$Division (RaftServerImpl.java:requestVote(1422)) - d0e7fafe-f667-41fb-a16a-ecd1bcb446b6@group-427D53FA2E43 replies to PRE_VOTE vote request: 89a6d998-d419-473a-a6ed-8243f7f30d05<-d0e7fafe-f667-41fb-a16a-ecd1bcb446b6#0:OK-t0. Peer's state: d0e7fafe-f667-41fb-a16a-ecd1bcb446b6@group-427D53FA2E43:t0, leader=null, voted=, raftlog=Memoized:d0e7fafe-f667-41fb-a16a-ecd1bcb446b6@group-427D53FA2E43-SegmentedRaftLog:OPENED:c-1, conf=-1: peers:[d0e7fafe-f667-41fb-a16a-ecd1bcb446b6|127.0.0.1:15308, b7336ce2-a724-4c4a-8025-d323d27fa237|127.0.0.1:15317, 89a6d998-d419-473a-a6ed-8243f7f30d05|127.0.0.1:15326]|listeners:[], old=null
2024-05-12 17:41:37,268 [grpc-default-executor-0] INFO  server.RaftServer$Division (RaftServerImpl.java:requestVote(1422)) - b7336ce2-a724-4c4a-8025-d323d27fa237@group-427D53FA2E43 replies to PRE_VOTE vote request: 89a6d998-d419-473a-a6ed-8243f7f30d05<-b7336ce2-a724-4c4a-8025-d323d27fa237#0:OK-t0. Peer's state: b7336ce2-a724-4c4a-8025-d323d27fa237@group-427D53FA2E43:t0, leader=null, voted=, raftlog=Memoized:b7336ce2-a724-4c4a-8025-d323d27fa237@group-427D53FA2E43-SegmentedRaftLog:OPENED:c-1, conf=-1: peers:[d0e7fafe-f667-41fb-a16a-ecd1bcb446b6|127.0.0.1:15308, b7336ce2-a724-4c4a-8025-d323d27fa237|127.0.0.1:15317, 89a6d998-d419-473a-a6ed-8243f7f30d05|127.0.0.1:15326]|listeners:[], old=null
2024-05-12 17:41:37,268 [89a6d998-d419-473a-a6ed-8243f7f30d05@group-427D53FA2E43-LeaderElection269] INFO  impl.LeaderElection (LeaderElection.java:logAndReturn(89)) - 89a6d998-d419-473a-a6ed-8243f7f30d05@group-427D53FA2E43-LeaderElection269: PRE_VOTE PASSED received 1 response(s) and 0 exception(s):
2024-05-12 17:41:37,268 [89a6d998-d419-473a-a6ed-8243f7f30d05@group-427D53FA2E43-LeaderElection269] INFO  impl.LeaderElection (LeaderElection.java:logAndReturn(93)) -   Response 0: 89a6d998-d419-473a-a6ed-8243f7f30d05<-b7336ce2-a724-4c4a-8025-d323d27fa237#0:OK-t0
2024-05-12 17:41:37,268 [89a6d998-d419-473a-a6ed-8243f7f30d05@group-427D53FA2E43-LeaderElection269] INFO  impl.LeaderElection (LeaderElection.java:askForVotes(323)) - 89a6d998-d419-473a-a6ed-8243f7f30d05@group-427D53FA2E43-LeaderElection269 PRE_VOTE round 0: result PASSED
2024-05-12 17:41:37,269 [89a6d998-d419-473a-a6ed-8243f7f30d05@group-427D53FA2E43-LeaderElection269] INFO  impl.LeaderElection (LeaderElection.java:askForVotes(321)) - 89a6d998-d419-473a-a6ed-8243f7f30d05@group-427D53FA2E43-LeaderElection269 ELECTION round 0: submit vote requests at term 1 for -1: peers:[d0e7fafe-f667-41fb-a16a-ecd1bcb446b6|127.0.0.1:15308, b7336ce2-a724-4c4a-8025-d323d27fa237|127.0.0.1:15317, 89a6d998-d419-473a-a6ed-8243f7f30d05|127.0.0.1:15326]|listeners:[], old=null
2024-05-12 17:41:37,270 [89a6d998-d419-473a-a6ed-8243f7f30d05@group-427D53FA2E43-LeaderElection269] INFO  server.RaftServerConfigKeys (ConfUtils.java:logFallback(53)) - raft.server.rpc.first-election.timeout.min = 1s (fallback to raft.server.rpc.timeout.min)
2024-05-12 17:41:37,270 [89a6d998-d419-473a-a6ed-8243f7f30d05@group-427D53FA2E43-LeaderElection269] INFO  server.RaftServerConfigKeys (ConfUtils.java:logFallback(53)) - raft.server.rpc.first-election.timeout.max = 1200ms (fallback to raft.server.rpc.timeout.max)
2024-05-12 17:41:37,271 [grpc-default-executor-3] INFO  server.RaftServer$Division (RaftServerImpl.java:requestVote(1389)) - d0e7fafe-f667-41fb-a16a-ecd1bcb446b6@group-427D53FA2E43: receive requestVote(ELECTION, 89a6d998-d419-473a-a6ed-8243f7f30d05, group-427D53FA2E43, 1, (t:0, i:0))
2024-05-12 17:41:37,271 [grpc-default-executor-3] INFO  impl.VoteContext (VoteContext.java:log(49)) - d0e7fafe-f667-41fb-a16a-ecd1bcb446b6@group-427D53FA2E43-FOLLOWER: accept ELECTION from 89a6d998-d419-473a-a6ed-8243f7f30d05: our priority 0 <= candidate's priority 1
2024-05-12 17:41:37,271 [grpc-default-executor-3] INFO  server.RaftServer$Division (RaftServerImpl.java:setRole(383)) - d0e7fafe-f667-41fb-a16a-ecd1bcb446b6@group-427D53FA2E43: changes role from  FOLLOWER to FOLLOWER at term 1 for candidate:89a6d998-d419-473a-a6ed-8243f7f30d05
2024-05-12 17:41:37,271 [grpc-default-executor-3] INFO  impl.RoleInfo (RoleInfo.java:shutdownFollowerState(110)) - d0e7fafe-f667-41fb-a16a-ecd1bcb446b6: shutdown d0e7fafe-f667-41fb-a16a-ecd1bcb446b6@group-427D53FA2E43-FollowerState
2024-05-12 17:41:37,271 [grpc-default-executor-3] INFO  impl.RoleInfo (RoleInfo.java:updateAndGet(139)) - d0e7fafe-f667-41fb-a16a-ecd1bcb446b6: start d0e7fafe-f667-41fb-a16a-ecd1bcb446b6@group-427D53FA2E43-FollowerState
2024-05-12 17:41:37,271 [grpc-default-executor-0] INFO  server.RaftServer$Division (RaftServerImpl.java:requestVote(1389)) - b7336ce2-a724-4c4a-8025-d323d27fa237@group-427D53FA2E43: receive requestVote(ELECTION, 89a6d998-d419-473a-a6ed-8243f7f30d05, group-427D53FA2E43, 1, (t:0, i:0))
2024-05-12 17:41:37,271 [grpc-default-executor-0] INFO  impl.VoteContext (VoteContext.java:log(49)) - b7336ce2-a724-4c4a-8025-d323d27fa237@group-427D53FA2E43-FOLLOWER: accept ELECTION from 89a6d998-d419-473a-a6ed-8243f7f30d05: our priority 0 <= candidate's priority 1
2024-05-12 17:41:37,271 [grpc-default-executor-0] INFO  server.RaftServer$Division (RaftServerImpl.java:setRole(383)) - b7336ce2-a724-4c4a-8025-d323d27fa237@group-427D53FA2E43: changes role from  FOLLOWER to FOLLOWER at term 1 for candidate:89a6d998-d419-473a-a6ed-8243f7f30d05
2024-05-12 17:41:37,271 [grpc-default-executor-0] INFO  impl.RoleInfo (RoleInfo.java:shutdownFollowerState(110)) - b7336ce2-a724-4c4a-8025-d323d27fa237: shutdown b7336ce2-a724-4c4a-8025-d323d27fa237@group-427D53FA2E43-FollowerState
2024-05-12 17:41:37,271 [grpc-default-executor-0] INFO  impl.RoleInfo (RoleInfo.java:updateAndGet(139)) - b7336ce2-a724-4c4a-8025-d323d27fa237: start b7336ce2-a724-4c4a-8025-d323d27fa237@group-427D53FA2E43-FollowerState
2024-05-12 17:41:37,271 [b7336ce2-a724-4c4a-8025-d323d27fa237@group-427D53FA2E43-FollowerState] INFO  impl.FollowerState (FollowerState.java:run(152)) - b7336ce2-a724-4c4a-8025-d323d27fa237@group-427D53FA2E43-FollowerState was interrupted
2024-05-12 17:41:37,271 [grpc-default-executor-0] INFO  server.RaftServer$Division (RaftServerImpl.java:setFirstElection(574)) - b7336ce2-a724-4c4a-8025-d323d27fa237@group-427D53FA2E43: set firstElectionSinceStartup to false for candidate:89a6d998-d419-473a-a6ed-8243f7f30d05
2024-05-12 17:41:37,272 [d0e7fafe-f667-41fb-a16a-ecd1bcb446b6@group-427D53FA2E43-FollowerState] INFO  impl.FollowerState (FollowerState.java:run(152)) - d0e7fafe-f667-41fb-a16a-ecd1bcb446b6@group-427D53FA2E43-FollowerState was interrupted
2024-05-12 17:41:37,272 [grpc-default-executor-3] INFO  server.RaftServer$Division (RaftServerImpl.java:requestVote(1422)) - d0e7fafe-f667-41fb-a16a-ecd1bcb446b6@group-427D53FA2E43 replies to ELECTION vote request: 89a6d998-d419-473a-a6ed-8243f7f30d05<-d0e7fafe-f667-41fb-a16a-ecd1bcb446b6#0:OK-t1. Peer's state: d0e7fafe-f667-41fb-a16a-ecd1bcb446b6@group-427D53FA2E43:t1, leader=null, voted=89a6d998-d419-473a-a6ed-8243f7f30d05, raftlog=Memoized:d0e7fafe-f667-41fb-a16a-ecd1bcb446b6@group-427D53FA2E43-SegmentedRaftLog:OPENED:c-1, conf=-1: peers:[d0e7fafe-f667-41fb-a16a-ecd1bcb446b6|127.0.0.1:15308, b7336ce2-a724-4c4a-8025-d323d27fa237|127.0.0.1:15317, 89a6d998-d419-473a-a6ed-8243f7f30d05|127.0.0.1:15326]|listeners:[], old=null
2024-05-12 17:41:37,272 [grpc-default-executor-0] INFO  server.RaftServer$Division (RaftServerImpl.java:requestVote(1422)) - b7336ce2-a724-4c4a-8025-d323d27fa237@group-427D53FA2E43 replies to ELECTION vote request: 89a6d998-d419-473a-a6ed-8243f7f30d05<-b7336ce2-a724-4c4a-8025-d323d27fa237#0:OK-t1. Peer's state: b7336ce2-a724-4c4a-8025-d323d27fa237@group-427D53FA2E43:t1, leader=null, voted=89a6d998-d419-473a-a6ed-8243f7f30d05, raftlog=Memoized:b7336ce2-a724-4c4a-8025-d323d27fa237@group-427D53FA2E43-SegmentedRaftLog:OPENED:c-1, conf=-1: peers:[d0e7fafe-f667-41fb-a16a-ecd1bcb446b6|127.0.0.1:15308, b7336ce2-a724-4c4a-8025-d323d27fa237|127.0.0.1:15317, 89a6d998-d419-473a-a6ed-8243f7f30d05|127.0.0.1:15326]|listeners:[], old=null
2024-05-12 17:41:37,273 [89a6d998-d419-473a-a6ed-8243f7f30d05@group-427D53FA2E43-LeaderElection269] INFO  impl.LeaderElection (LeaderElection.java:logAndReturn(89)) - 89a6d998-d419-473a-a6ed-8243f7f30d05@group-427D53FA2E43-LeaderElection269: ELECTION PASSED received 1 response(s) and 0 exception(s):
2024-05-12 17:41:37,273 [89a6d998-d419-473a-a6ed-8243f7f30d05@group-427D53FA2E43-LeaderElection269] INFO  impl.LeaderElection (LeaderElection.java:logAndReturn(93)) -   Response 0: 89a6d998-d419-473a-a6ed-8243f7f30d05<-b7336ce2-a724-4c4a-8025-d323d27fa237#0:OK-t1
2024-05-12 17:41:37,273 [89a6d998-d419-473a-a6ed-8243f7f30d05@group-427D53FA2E43-LeaderElection269] INFO  impl.LeaderElection (LeaderElection.java:askForVotes(323)) - 89a6d998-d419-473a-a6ed-8243f7f30d05@group-427D53FA2E43-LeaderElection269 ELECTION round 0: result PASSED
2024-05-12 17:41:37,273 [89a6d998-d419-473a-a6ed-8243f7f30d05@group-427D53FA2E43-LeaderElection269] INFO  impl.RoleInfo (RoleInfo.java:shutdownLeaderElection(130)) - 89a6d998-d419-473a-a6ed-8243f7f30d05: shutdown 89a6d998-d419-473a-a6ed-8243f7f30d05@group-427D53FA2E43-LeaderElection269
2024-05-12 17:41:37,273 [89a6d998-d419-473a-a6ed-8243f7f30d05@group-427D53FA2E43-LeaderElection269] INFO  server.RaftServer$Division (RaftServerImpl.java:setRole(383)) - 89a6d998-d419-473a-a6ed-8243f7f30d05@group-427D53FA2E43: changes role from CANDIDATE to LEADER at term 1 for changeToLeader
2024-05-12 17:41:37,273 [89a6d998-d419-473a-a6ed-8243f7f30d05@group-427D53FA2E43-LeaderElection269] INFO  server.RaftServerConfigKeys (ConfUtils.java:logGet(46)) - raft.server.staging.catchup.gap = 1000 (default)
2024-05-12 17:41:37,273 [89a6d998-d419-473a-a6ed-8243f7f30d05@group-427D53FA2E43-LeaderElection269] INFO  server.RaftServerConfigKeys (ConfUtils.java:logGet(46)) - raft.server.write.element-limit = 1024 (custom)
2024-05-12 17:41:37,273 [89a6d998-d419-473a-a6ed-8243f7f30d05@group-427D53FA2E43-LeaderElection269] INFO  server.RaftServerConfigKeys (ConfUtils.java:logGet(46)) - raft.server.write.byte-limit = 1024 M (=1073741824) (custom)
2024-05-12 17:41:37,274 [89a6d998-d419-473a-a6ed-8243f7f30d05@group-427D53FA2E43-LeaderElection269] INFO  server.RaftServerConfigKeys (ConfUtils.java:logGet(46)) - raft.server.watch.timeout = 3000ms (custom)
2024-05-12 17:41:37,274 [89a6d998-d419-473a-a6ed-8243f7f30d05@group-427D53FA2E43-LeaderElection269] INFO  server.RaftServerConfigKeys (ConfUtils.java:logGet(46)) - raft.server.watch.timeout.denomination = 1s (default)
2024-05-12 17:41:37,274 [89a6d998-d419-473a-a6ed-8243f7f30d05@group-427D53FA2E43-LeaderElection269] INFO  server.RaftServerConfigKeys (ConfUtils.java:logGet(46)) - raft.server.watch.element-limit = 65536 (default)
2024-05-12 17:41:37,274 [89a6d998-d419-473a-a6ed-8243f7f30d05@group-427D53FA2E43-LeaderElection269] INFO  server.RaftServerConfigKeys (ConfUtils.java:logGet(46)) - raft.server.read.leader.lease.enabled = false (default)
2024-05-12 17:41:37,274 [89a6d998-d419-473a-a6ed-8243f7f30d05@group-427D53FA2E43-LeaderElection269] INFO  server.RaftServerConfigKeys (ConfUtils.java:logGet(46)) - raft.server.read.leader.lease.timeout.ratio = 0.9 (default)
2024-05-12 17:41:37,274 [89a6d998-d419-473a-a6ed-8243f7f30d05@group-427D53FA2E43-LeaderElection269] INFO  server.RaftServerConfigKeys (ConfUtils.java:logGet(46)) - raft.server.rpc.timeout.min = 1s (custom)
2024-05-12 17:41:37,274 [89a6d998-d419-473a-a6ed-8243f7f30d05@group-427D53FA2E43-LeaderElection269] INFO  server.RaftServerConfigKeys (ConfUtils.java:logGet(46)) - raft.server.write.element-limit = 1024 (custom)
2024-05-12 17:41:37,274 [89a6d998-d419-473a-a6ed-8243f7f30d05@group-427D53FA2E43-LeaderElection269] INFO  server.RaftServerConfigKeys (ConfUtils.java:logGet(46)) - raft.server.write.follower.gap.ratio.max = -1.0 (default)
2024-05-12 17:41:37,274 [89a6d998-d419-473a-a6ed-8243f7f30d05@group-427D53FA2E43-LeaderElection269] INFO  server.RaftServerConfigKeys (ConfUtils.java:logGet(46)) - raft.server.log.appender.snapshot.chunk.size.max = 16MB (=16777216) (default)
2024-05-12 17:41:37,275 [89a6d998-d419-473a-a6ed-8243f7f30d05@group-427D53FA2E43-LeaderElection269] INFO  server.RaftServerConfigKeys (ConfUtils.java:logGet(46)) - raft.server.log.appender.buffer.byte-limit = 8388608 (custom)
2024-05-12 17:41:37,275 [89a6d998-d419-473a-a6ed-8243f7f30d05@group-427D53FA2E43-LeaderElection269] INFO  server.RaftServerConfigKeys (ConfUtils.java:logGet(46)) - raft.server.log.appender.buffer.element-limit = 1 (custom)
2024-05-12 17:41:37,275 [89a6d998-d419-473a-a6ed-8243f7f30d05@group-427D53FA2E43-LeaderElection269] INFO  server.RaftServerConfigKeys (ConfUtils.java:logGet(46)) - raft.server.log.appender.wait-time.min = 0ms (custom)
2024-05-12 17:41:37,275 [89a6d998-d419-473a-a6ed-8243f7f30d05@group-427D53FA2E43-LeaderElection269] INFO  grpc.GrpcConfigKeys (ConfUtils.java:logGet(46)) - raft.grpc.server.leader.outstanding.appends.max = 8 (default)
2024-05-12 17:41:37,275 [89a6d998-d419-473a-a6ed-8243f7f30d05@group-427D53FA2E43-LeaderElection269] INFO  server.RaftServerConfigKeys (ConfUtils.java:logGet(46)) - raft.server.rpc.request.timeout = 3000ms (default)
2024-05-12 17:41:37,275 [89a6d998-d419-473a-a6ed-8243f7f30d05@group-427D53FA2E43-LeaderElection269] INFO  grpc.GrpcConfigKeys (ConfUtils.java:logGet(46)) - raft.grpc.server.install_snapshot.request.element-limit = 8 (default)
2024-05-12 17:41:37,275 [89a6d998-d419-473a-a6ed-8243f7f30d05@group-427D53FA2E43-LeaderElection269] INFO  grpc.GrpcConfigKeys (ConfUtils.java:logGet(46)) - raft.grpc.server.install_snapshot.request.timeout = 3000ms (default)
2024-05-12 17:41:37,275 [89a6d998-d419-473a-a6ed-8243f7f30d05@group-427D53FA2E43-LeaderElection269] INFO  grpc.GrpcConfigKeys (ConfUtils.java:logGet(46)) - raft.grpc.server.log-message.batch.duration = 5s (default)
2024-05-12 17:41:37,275 [89a6d998-d419-473a-a6ed-8243f7f30d05@group-427D53FA2E43-LeaderElection269] INFO  server.RaftServerConfigKeys (ConfUtils.java:logGet(46)) - raft.server.log.appender.install.snapshot.enabled = false (custom)
2024-05-12 17:41:37,275 [89a6d998-d419-473a-a6ed-8243f7f30d05@group-427D53FA2E43-LeaderElection269] INFO  grpc.GrpcConfigKeys (ConfUtils.java:logGet(46)) - raft.grpc.server.heartbeat.channel = true (default)
2024-05-12 17:41:37,276 [89a6d998-d419-473a-a6ed-8243f7f30d05@group-427D53FA2E43-LeaderElection269] INFO  server.RaftServerConfigKeys (ConfUtils.java:logGet(46)) - raft.server.log.appender.snapshot.chunk.size.max = 16MB (=16777216) (default)
2024-05-12 17:41:37,276 [89a6d998-d419-473a-a6ed-8243f7f30d05@group-427D53FA2E43-LeaderElection269] INFO  server.RaftServerConfigKeys (ConfUtils.java:logGet(46)) - raft.server.log.appender.buffer.byte-limit = 8388608 (custom)
2024-05-12 17:41:37,276 [89a6d998-d419-473a-a6ed-8243f7f30d05@group-427D53FA2E43-LeaderElection269] INFO  server.RaftServerConfigKeys (ConfUtils.java:logGet(46)) - raft.server.log.appender.buffer.element-limit = 1 (custom)
2024-05-12 17:41:37,276 [89a6d998-d419-473a-a6ed-8243f7f30d05@group-427D53FA2E43-LeaderElection269] INFO  server.RaftServerConfigKeys (ConfUtils.java:logGet(46)) - raft.server.log.appender.wait-time.min = 0ms (custom)
2024-05-12 17:41:37,276 [89a6d998-d419-473a-a6ed-8243f7f30d05@group-427D53FA2E43-LeaderElection269] INFO  grpc.GrpcConfigKeys (ConfUtils.java:logGet(46)) - raft.grpc.server.leader.outstanding.appends.max = 8 (default)
2024-05-12 17:41:37,276 [89a6d998-d419-473a-a6ed-8243f7f30d05@group-427D53FA2E43-LeaderElection269] INFO  server.RaftServerConfigKeys (ConfUtils.java:logGet(46)) - raft.server.rpc.request.timeout = 3000ms (default)
2024-05-12 17:41:37,276 [89a6d998-d419-473a-a6ed-8243f7f30d05@group-427D53FA2E43-LeaderElection269] INFO  grpc.GrpcConfigKeys (ConfUtils.java:logGet(46)) - raft.grpc.server.install_snapshot.request.element-limit = 8 (default)
2024-05-12 17:41:37,276 [89a6d998-d419-473a-a6ed-8243f7f30d05@group-427D53FA2E43-LeaderElection269] INFO  grpc.GrpcConfigKeys (ConfUtils.java:logGet(46)) - raft.grpc.server.install_snapshot.request.timeout = 3000ms (default)
2024-05-12 17:41:37,276 [89a6d998-d419-473a-a6ed-8243f7f30d05@group-427D53FA2E43-LeaderElection269] INFO  grpc.GrpcConfigKeys (ConfUtils.java:logGet(46)) - raft.grpc.server.log-message.batch.duration = 5s (default)
2024-05-12 17:41:37,276 [89a6d998-d419-473a-a6ed-8243f7f30d05@group-427D53FA2E43-LeaderElection269] INFO  server.RaftServerConfigKeys (ConfUtils.java:logGet(46)) - raft.server.log.appender.install.snapshot.enabled = false (custom)
2024-05-12 17:41:37,276 [89a6d998-d419-473a-a6ed-8243f7f30d05@group-427D53FA2E43-LeaderElection269] INFO  grpc.GrpcConfigKeys (ConfUtils.java:logGet(46)) - raft.grpc.server.heartbeat.channel = true (default)
2024-05-12 17:41:37,276 [89a6d998-d419-473a-a6ed-8243f7f30d05@group-427D53FA2E43-LeaderElection269] INFO  impl.RoleInfo (RoleInfo.java:updateAndGet(139)) - 89a6d998-d419-473a-a6ed-8243f7f30d05: start 89a6d998-d419-473a-a6ed-8243f7f30d05@group-427D53FA2E43-LeaderStateImpl
2024-05-12 17:41:37,276 [89a6d998-d419-473a-a6ed-8243f7f30d05@group-427D53FA2E43-LeaderElection269] INFO  server.RaftServer$Division (RaftServerImpl.java:setFirstElection(574)) - 89a6d998-d419-473a-a6ed-8243f7f30d05@group-427D53FA2E43: set firstElectionSinceStartup to false for becomeLeader
2024-05-12 17:41:37,276 [89a6d998-d419-473a-a6ed-8243f7f30d05@group-427D53FA2E43-LeaderElection269] INFO  ratis.XceiverServerRatis (XceiverServerRatis.java:handleLeaderChangedNotification(966)) - Leader change notification received for group: group-427D53FA2E43 with new leaderId: 89a6d998-d419-473a-a6ed-8243f7f30d05
2024-05-12 17:41:37,276 [89a6d998-d419-473a-a6ed-8243f7f30d05@group-427D53FA2E43-LeaderElection269] INFO  server.RaftServer$Division (ServerState.java:setLeader(269)) - 89a6d998-d419-473a-a6ed-8243f7f30d05@group-427D53FA2E43: change Leader from null to 89a6d998-d419-473a-a6ed-8243f7f30d05 at term 1 for becomeLeader, leader elected after 1184ms
2024-05-12 17:41:37,276 [89a6d998-d419-473a-a6ed-8243f7f30d05@group-427D53FA2E43-LeaderElection269] INFO  segmented.SegmentedRaftLogWorker (SegmentedRaftLogWorker.java:startLogSegment(430)) - 89a6d998-d419-473a-a6ed-8243f7f30d05@group-427D53FA2E43-SegmentedRaftLogWorker: Starting segment from index:0
2024-05-12 17:41:37,276 [89a6d998-d419-473a-a6ed-8243f7f30d05@group-427D53FA2E43-LeaderElection269] INFO  server.RaftServer$Division (ServerState.java:setRaftConf(386)) - 89a6d998-d419-473a-a6ed-8243f7f30d05@group-427D53FA2E43: set configuration 0: peers:[d0e7fafe-f667-41fb-a16a-ecd1bcb446b6|127.0.0.1:15308, b7336ce2-a724-4c4a-8025-d323d27fa237|127.0.0.1:15317, 89a6d998-d419-473a-a6ed-8243f7f30d05|127.0.0.1:15326]|listeners:[], old=null
2024-05-12 17:41:37,277 [89a6d998-d419-473a-a6ed-8243f7f30d05@group-427D53FA2E43-SegmentedRaftLogWorker] INFO  segmented.BufferedWriteChannel (BufferedWriteChannel.java:open(62)) - open log_inprogress_0 at position 0
2024-05-12 17:41:37,278 [EventQueue-PipelineReportForPipelineReportHandler] INFO  pipeline.PipelineReportHandler (PipelineReportHandler.java:processPipelineReport(136)) - Opened pipeline PipelineID=8e046cd9-2b7e-4505-b18c-427d53fa2e43
2024-05-12 17:41:37,281 [d0e7fafe-f667-41fb-a16a-ecd1bcb446b6-server-thread1] INFO  ratis.XceiverServerRatis (XceiverServerRatis.java:handleLeaderChangedNotification(966)) - Leader change notification received for group: group-427D53FA2E43 with new leaderId: 89a6d998-d419-473a-a6ed-8243f7f30d05
2024-05-12 17:41:37,281 [d0e7fafe-f667-41fb-a16a-ecd1bcb446b6-server-thread1] INFO  server.RaftServer$Division (ServerState.java:setLeader(269)) - d0e7fafe-f667-41fb-a16a-ecd1bcb446b6@group-427D53FA2E43: change Leader from null to 89a6d998-d419-473a-a6ed-8243f7f30d05 at term 1 for appendEntries, leader elected after 1213ms
2024-05-12 17:41:37,282 [d0e7fafe-f667-41fb-a16a-ecd1bcb446b6-server-thread2] INFO  server.RaftServer$Division (ServerState.java:setRaftConf(386)) - d0e7fafe-f667-41fb-a16a-ecd1bcb446b6@group-427D53FA2E43: set configuration 0: peers:[d0e7fafe-f667-41fb-a16a-ecd1bcb446b6|127.0.0.1:15308, b7336ce2-a724-4c4a-8025-d323d27fa237|127.0.0.1:15317, 89a6d998-d419-473a-a6ed-8243f7f30d05|127.0.0.1:15326]|listeners:[], old=null
2024-05-12 17:41:37,282 [d0e7fafe-f667-41fb-a16a-ecd1bcb446b6-server-thread2] INFO  segmented.SegmentedRaftLogWorker (SegmentedRaftLogWorker.java:startLogSegment(430)) - d0e7fafe-f667-41fb-a16a-ecd1bcb446b6@group-427D53FA2E43-SegmentedRaftLogWorker: Starting segment from index:0
2024-05-12 17:41:37,282 [d0e7fafe-f667-41fb-a16a-ecd1bcb446b6@group-427D53FA2E43-SegmentedRaftLogWorker] INFO  segmented.BufferedWriteChannel (BufferedWriteChannel.java:open(62)) - open log_inprogress_0 at position 0
2024-05-12 17:41:37,285 [89a6d998-d419-473a-a6ed-8243f7f30d05@group-427D53FA2E43-SegmentedRaftLogWorker] INFO  segmented.SegmentedRaftLogWorker (SegmentedRaftLogWorker.java:execute(634)) - 89a6d998-d419-473a-a6ed-8243f7f30d05@group-427D53FA2E43-SegmentedRaftLogWorker: created new log segment /home/runner/work/ozone/ozone/hadoop-ozone/integration-test/target/test-dir/MiniOzoneClusterImpl-71ef5771-1bca-432b-8888-38dc3c8d5d63/ozone-meta/datanode-3/ratis/8e046cd9-2b7e-4505-b18c-427d53fa2e43/current/log_inprogress_0
2024-05-12 17:41:37,286 [b7336ce2-a724-4c4a-8025-d323d27fa237-server-thread1] INFO  ratis.XceiverServerRatis (XceiverServerRatis.java:handleLeaderChangedNotification(966)) - Leader change notification received for group: group-427D53FA2E43 with new leaderId: 89a6d998-d419-473a-a6ed-8243f7f30d05
2024-05-12 17:41:37,286 [b7336ce2-a724-4c4a-8025-d323d27fa237-server-thread1] INFO  server.RaftServer$Division (ServerState.java:setLeader(269)) - b7336ce2-a724-4c4a-8025-d323d27fa237@group-427D53FA2E43: change Leader from null to 89a6d998-d419-473a-a6ed-8243f7f30d05 at term 1 for appendEntries, leader elected after 1204ms
2024-05-12 17:41:37,286 [b7336ce2-a724-4c4a-8025-d323d27fa237-server-thread2] INFO  server.RaftServer$Division (ServerState.java:setRaftConf(386)) - b7336ce2-a724-4c4a-8025-d323d27fa237@group-427D53FA2E43: set configuration 0: peers:[d0e7fafe-f667-41fb-a16a-ecd1bcb446b6|127.0.0.1:15308, b7336ce2-a724-4c4a-8025-d323d27fa237|127.0.0.1:15317, 89a6d998-d419-473a-a6ed-8243f7f30d05|127.0.0.1:15326]|listeners:[], old=null
2024-05-12 17:41:37,286 [b7336ce2-a724-4c4a-8025-d323d27fa237-server-thread2] INFO  segmented.SegmentedRaftLogWorker (SegmentedRaftLogWorker.java:startLogSegment(430)) - b7336ce2-a724-4c4a-8025-d323d27fa237@group-427D53FA2E43-SegmentedRaftLogWorker: Starting segment from index:0
2024-05-12 17:41:37,287 [b7336ce2-a724-4c4a-8025-d323d27fa237@group-427D53FA2E43-SegmentedRaftLogWorker] INFO  segmented.BufferedWriteChannel (BufferedWriteChannel.java:open(62)) - open log_inprogress_0 at position 0
2024-05-12 17:41:37,293 [d0e7fafe-f667-41fb-a16a-ecd1bcb446b6@group-427D53FA2E43-SegmentedRaftLogWorker] INFO  segmented.SegmentedRaftLogWorker (SegmentedRaftLogWorker.java:execute(634)) - d0e7fafe-f667-41fb-a16a-ecd1bcb446b6@group-427D53FA2E43-SegmentedRaftLogWorker: created new log segment /home/runner/work/ozone/ozone/hadoop-ozone/integration-test/target/test-dir/MiniOzoneClusterImpl-71ef5771-1bca-432b-8888-38dc3c8d5d63/ozone-meta/datanode-1/ratis/8e046cd9-2b7e-4505-b18c-427d53fa2e43/current/log_inprogress_0
2024-05-12 17:41:37,294 [b7336ce2-a724-4c4a-8025-d323d27fa237@group-427D53FA2E43-SegmentedRaftLogWorker] INFO  segmented.SegmentedRaftLogWorker (SegmentedRaftLogWorker.java:execute(634)) - b7336ce2-a724-4c4a-8025-d323d27fa237@group-427D53FA2E43-SegmentedRaftLogWorker: created new log segment /home/runner/work/ozone/ozone/hadoop-ozone/integration-test/target/test-dir/MiniOzoneClusterImpl-71ef5771-1bca-432b-8888-38dc3c8d5d63/ozone-meta/datanode-2/ratis/8e046cd9-2b7e-4505-b18c-427d53fa2e43/current/log_inprogress_0
2024-05-12 17:41:37,295 [89a6d998-d419-473a-a6ed-8243f7f30d05@group-427D53FA2E43-StateMachineUpdater] INFO  server.RaftServer$Division (LeaderStateImpl.java:isApplied(320)) - leader is ready since appliedIndex == 0 >= startIndex == 0
2024-05-12 17:41:37,297 [2ef8d649-4864-4b9a-81a6-122cf2174905@group-F7FC422C7F28-FollowerState] INFO  impl.FollowerState (FollowerState.java:run(143)) - 2ef8d649-4864-4b9a-81a6-122cf2174905@group-F7FC422C7F28-FollowerState: change to CANDIDATE, lastRpcElapsedTime:1035055108ns, electionTimeout:1031ms
2024-05-12 17:41:37,298 [2ef8d649-4864-4b9a-81a6-122cf2174905@group-F7FC422C7F28-FollowerState] INFO  impl.RoleInfo (RoleInfo.java:shutdownFollowerState(110)) - 2ef8d649-4864-4b9a-81a6-122cf2174905: shutdown 2ef8d649-4864-4b9a-81a6-122cf2174905@group-F7FC422C7F28-FollowerState
2024-05-12 17:41:37,298 [2ef8d649-4864-4b9a-81a6-122cf2174905@group-F7FC422C7F28-FollowerState] INFO  server.RaftServer$Division (RaftServerImpl.java:setRole(383)) - 2ef8d649-4864-4b9a-81a6-122cf2174905@group-F7FC422C7F28: changes role from  FOLLOWER to CANDIDATE at term 0 for changeToCandidate
2024-05-12 17:41:37,298 [2ef8d649-4864-4b9a-81a6-122cf2174905@group-F7FC422C7F28-FollowerState] INFO  server.RaftServerConfigKeys (ConfUtils.java:logGet(46)) - raft.server.leaderelection.pre-vote = true (default)
2024-05-12 17:41:37,298 [2ef8d649-4864-4b9a-81a6-122cf2174905@group-F7FC422C7F28-FollowerState] INFO  impl.RoleInfo (RoleInfo.java:updateAndGet(139)) - 2ef8d649-4864-4b9a-81a6-122cf2174905: start 2ef8d649-4864-4b9a-81a6-122cf2174905@group-F7FC422C7F28-LeaderElection270
2024-05-12 17:41:37,298 [2ef8d649-4864-4b9a-81a6-122cf2174905@group-F7FC422C7F28-LeaderElection270] INFO  impl.LeaderElection (LeaderElection.java:askForVotes(321)) - 2ef8d649-4864-4b9a-81a6-122cf2174905@group-F7FC422C7F28-LeaderElection270 PRE_VOTE round 0: submit vote requests at term 0 for -1: peers:[d999a49d-42de-484c-a75f-ffa132e9c3a5|127.0.0.1:15344, 2ef8d649-4864-4b9a-81a6-122cf2174905|127.0.0.1:15353, 3523888c-df3a-4c75-876a-f320dc6c9584|127.0.0.1:15335]|listeners:[], old=null
2024-05-12 17:41:37,298 [2ef8d649-4864-4b9a-81a6-122cf2174905@group-F7FC422C7F28-LeaderElection270-1] INFO  server.GrpcServerProtocolClient (GrpcServerProtocolClient.java:<init>(65)) - Build channel for d999a49d-42de-484c-a75f-ffa132e9c3a5|127.0.0.1:15344
2024-05-12 17:41:37,298 [2ef8d649-4864-4b9a-81a6-122cf2174905@group-F7FC422C7F28-LeaderElection270] INFO  server.RaftServerConfigKeys (ConfUtils.java:logFallback(53)) - raft.server.rpc.first-election.timeout.min = 1s (fallback to raft.server.rpc.timeout.min)
2024-05-12 17:41:37,299 [2ef8d649-4864-4b9a-81a6-122cf2174905@group-F7FC422C7F28-LeaderElection270-2] INFO  server.GrpcServerProtocolClient (GrpcServerProtocolClient.java:<init>(65)) - Build channel for 3523888c-df3a-4c75-876a-f320dc6c9584|127.0.0.1:15335
2024-05-12 17:41:37,299 [2ef8d649-4864-4b9a-81a6-122cf2174905@group-F7FC422C7F28-LeaderElection270] INFO  server.RaftServerConfigKeys (ConfUtils.java:logFallback(53)) - raft.server.rpc.first-election.timeout.max = 1200ms (fallback to raft.server.rpc.timeout.max)
2024-05-12 17:41:37,301 [3523888c-df3a-4c75-876a-f320dc6c9584@group-B8A71AF82CEC-FollowerState] INFO  impl.FollowerState (FollowerState.java:run(143)) - 3523888c-df3a-4c75-876a-f320dc6c9584@group-B8A71AF82CEC-FollowerState: change to CANDIDATE, lastRpcElapsedTime:1113339068ns, electionTimeout:1112ms
2024-05-12 17:41:37,301 [3523888c-df3a-4c75-876a-f320dc6c9584@group-B8A71AF82CEC-FollowerState] INFO  impl.RoleInfo (RoleInfo.java:shutdownFollowerState(110)) - 3523888c-df3a-4c75-876a-f320dc6c9584: shutdown 3523888c-df3a-4c75-876a-f320dc6c9584@group-B8A71AF82CEC-FollowerState
2024-05-12 17:41:37,301 [3523888c-df3a-4c75-876a-f320dc6c9584@group-B8A71AF82CEC-FollowerState] INFO  server.RaftServer$Division (RaftServerImpl.java:setRole(383)) - 3523888c-df3a-4c75-876a-f320dc6c9584@group-B8A71AF82CEC: changes role from  FOLLOWER to CANDIDATE at term 0 for changeToCandidate
2024-05-12 17:41:37,301 [3523888c-df3a-4c75-876a-f320dc6c9584@group-B8A71AF82CEC-FollowerState] INFO  server.RaftServerConfigKeys (ConfUtils.java:logGet(46)) - raft.server.leaderelection.pre-vote = true (default)
2024-05-12 17:41:37,301 [3523888c-df3a-4c75-876a-f320dc6c9584@group-B8A71AF82CEC-FollowerState] INFO  impl.RoleInfo (RoleInfo.java:updateAndGet(139)) - 3523888c-df3a-4c75-876a-f320dc6c9584: start 3523888c-df3a-4c75-876a-f320dc6c9584@group-B8A71AF82CEC-LeaderElection271
2024-05-12 17:41:37,301 [3523888c-df3a-4c75-876a-f320dc6c9584@group-B8A71AF82CEC-LeaderElection271] INFO  impl.LeaderElection (LeaderElection.java:askForVotes(321)) - 3523888c-df3a-4c75-876a-f320dc6c9584@group-B8A71AF82CEC-LeaderElection271 PRE_VOTE round 0: submit vote requests at term 0 for -1: peers:[3523888c-df3a-4c75-876a-f320dc6c9584|127.0.0.1:15335]|listeners:[], old=null
2024-05-12 17:41:37,302 [3523888c-df3a-4c75-876a-f320dc6c9584@group-B8A71AF82CEC-LeaderElection271] INFO  impl.LeaderElection (LeaderElection.java:askForVotes(323)) - 3523888c-df3a-4c75-876a-f320dc6c9584@group-B8A71AF82CEC-LeaderElection271 PRE_VOTE round 0: result PASSED (term=0)
2024-05-12 17:41:37,302 [grpc-default-executor-2] INFO  server.RaftServer$Division (RaftServerImpl.java:requestVote(1389)) - 3523888c-df3a-4c75-876a-f320dc6c9584@group-F7FC422C7F28: receive requestVote(PRE_VOTE, 2ef8d649-4864-4b9a-81a6-122cf2174905, group-F7FC422C7F28, 0, (t:0, i:0))
2024-05-12 17:41:37,302 [grpc-default-executor-2] INFO  impl.VoteContext (VoteContext.java:log(49)) - 3523888c-df3a-4c75-876a-f320dc6c9584@group-F7FC422C7F28-FOLLOWER: reject PRE_VOTE from 2ef8d649-4864-4b9a-81a6-122cf2174905: our priority 1 > candidate's priority 0
2024-05-12 17:41:37,302 [grpc-default-executor-2] INFO  server.RaftServer$Division (RaftServerImpl.java:requestVote(1422)) - 3523888c-df3a-4c75-876a-f320dc6c9584@group-F7FC422C7F28 replies to PRE_VOTE vote request: 2ef8d649-4864-4b9a-81a6-122cf2174905<-3523888c-df3a-4c75-876a-f320dc6c9584#0:FAIL-t0. Peer's state: 3523888c-df3a-4c75-876a-f320dc6c9584@group-F7FC422C7F28:t0, leader=null, voted=, raftlog=Memoized:3523888c-df3a-4c75-876a-f320dc6c9584@group-F7FC422C7F28-SegmentedRaftLog:OPENED:c-1, conf=-1: peers:[d999a49d-42de-484c-a75f-ffa132e9c3a5|127.0.0.1:15344, 2ef8d649-4864-4b9a-81a6-122cf2174905|127.0.0.1:15353, 3523888c-df3a-4c75-876a-f320dc6c9584|127.0.0.1:15335]|listeners:[], old=null
2024-05-12 17:41:37,303 [grpc-default-executor-3] INFO  server.RaftServer$Division (RaftServerImpl.java:requestVote(1389)) - d999a49d-42de-484c-a75f-ffa132e9c3a5@group-F7FC422C7F28: receive requestVote(PRE_VOTE, 2ef8d649-4864-4b9a-81a6-122cf2174905, group-F7FC422C7F28, 0, (t:0, i:0))
2024-05-12 17:41:37,303 [grpc-default-executor-3] INFO  impl.VoteContext (VoteContext.java:log(49)) - d999a49d-42de-484c-a75f-ffa132e9c3a5@group-F7FC422C7F28-FOLLOWER: accept PRE_VOTE from 2ef8d649-4864-4b9a-81a6-122cf2174905: our priority 0 <= candidate's priority 0
2024-05-12 17:41:37,303 [grpc-default-executor-3] INFO  server.RaftServer$Division (RaftServerImpl.java:requestVote(1422)) - d999a49d-42de-484c-a75f-ffa132e9c3a5@group-F7FC422C7F28 replies to PRE_VOTE vote request: 2ef8d649-4864-4b9a-81a6-122cf2174905<-d999a49d-42de-484c-a75f-ffa132e9c3a5#0:OK-t0. Peer's state: d999a49d-42de-484c-a75f-ffa132e9c3a5@group-F7FC422C7F28:t0, leader=null, voted=, raftlog=Memoized:d999a49d-42de-484c-a75f-ffa132e9c3a5@group-F7FC422C7F28-SegmentedRaftLog:OPENED:c-1, conf=-1: peers:[d999a49d-42de-484c-a75f-ffa132e9c3a5|127.0.0.1:15344, 2ef8d649-4864-4b9a-81a6-122cf2174905|127.0.0.1:15353, 3523888c-df3a-4c75-876a-f320dc6c9584|127.0.0.1:15335]|listeners:[], old=null
2024-05-12 17:41:37,303 [2ef8d649-4864-4b9a-81a6-122cf2174905@group-F7FC422C7F28-LeaderElection270] INFO  impl.LeaderElection (LeaderElection.java:logAndReturn(89)) - 2ef8d649-4864-4b9a-81a6-122cf2174905@group-F7FC422C7F28-LeaderElection270: PRE_VOTE REJECTED received 1 response(s) and 0 exception(s):
2024-05-12 17:41:37,303 [2ef8d649-4864-4b9a-81a6-122cf2174905@group-F7FC422C7F28-LeaderElection270] INFO  impl.LeaderElection (LeaderElection.java:logAndReturn(93)) -   Response 0: 2ef8d649-4864-4b9a-81a6-122cf2174905<-3523888c-df3a-4c75-876a-f320dc6c9584#0:FAIL-t0
2024-05-12 17:41:37,303 [2ef8d649-4864-4b9a-81a6-122cf2174905@group-F7FC422C7F28-LeaderElection270] INFO  impl.LeaderElection (LeaderElection.java:askForVotes(323)) - 2ef8d649-4864-4b9a-81a6-122cf2174905@group-F7FC422C7F28-LeaderElection270 PRE_VOTE round 0: result REJECTED
2024-05-12 17:41:37,303 [2ef8d649-4864-4b9a-81a6-122cf2174905@group-F7FC422C7F28-LeaderElection270] INFO  server.RaftServer$Division (RaftServerImpl.java:setRole(383)) - 2ef8d649-4864-4b9a-81a6-122cf2174905@group-F7FC422C7F28: changes role from CANDIDATE to FOLLOWER at term 0 for REJECTED
2024-05-12 17:41:37,303 [2ef8d649-4864-4b9a-81a6-122cf2174905@group-F7FC422C7F28-LeaderElection270] INFO  impl.RoleInfo (RoleInfo.java:shutdownLeaderElection(130)) - 2ef8d649-4864-4b9a-81a6-122cf2174905: shutdown 2ef8d649-4864-4b9a-81a6-122cf2174905@group-F7FC422C7F28-LeaderElection270
2024-05-12 17:41:37,303 [2ef8d649-4864-4b9a-81a6-122cf2174905@group-F7FC422C7F28-LeaderElection270] INFO  impl.RoleInfo (RoleInfo.java:updateAndGet(139)) - 2ef8d649-4864-4b9a-81a6-122cf2174905: start 2ef8d649-4864-4b9a-81a6-122cf2174905@group-F7FC422C7F28-FollowerState
2024-05-12 17:41:37,304 [3523888c-df3a-4c75-876a-f320dc6c9584@group-B8A71AF82CEC-LeaderElection271] INFO  impl.LeaderElection (LeaderElection.java:askForVotes(321)) - 3523888c-df3a-4c75-876a-f320dc6c9584@group-B8A71AF82CEC-LeaderElection271 ELECTION round 0: submit vote requests at term 1 for -1: peers:[3523888c-df3a-4c75-876a-f320dc6c9584|127.0.0.1:15335]|listeners:[], old=null
2024-05-12 17:41:37,304 [3523888c-df3a-4c75-876a-f320dc6c9584@group-B8A71AF82CEC-LeaderElection271] INFO  impl.LeaderElection (LeaderElection.java:askForVotes(323)) - 3523888c-df3a-4c75-876a-f320dc6c9584@group-B8A71AF82CEC-LeaderElection271 ELECTION round 0: result PASSED (term=1)
2024-05-12 17:41:37,304 [3523888c-df3a-4c75-876a-f320dc6c9584@group-B8A71AF82CEC-LeaderElection271] INFO  impl.RoleInfo (RoleInfo.java:shutdownLeaderElection(130)) - 3523888c-df3a-4c75-876a-f320dc6c9584: shutdown 3523888c-df3a-4c75-876a-f320dc6c9584@group-B8A71AF82CEC-LeaderElection271
2024-05-12 17:41:37,304 [3523888c-df3a-4c75-876a-f320dc6c9584@group-B8A71AF82CEC-LeaderElection271] INFO  server.RaftServer$Division (RaftServerImpl.java:setRole(383)) - 3523888c-df3a-4c75-876a-f320dc6c9584@group-B8A71AF82CEC: changes role from CANDIDATE to LEADER at term 1 for changeToLeader
2024-05-12 17:41:37,304 [3523888c-df3a-4c75-876a-f320dc6c9584@group-B8A71AF82CEC-LeaderElection271] INFO  server.RaftServerConfigKeys (ConfUtils.java:logGet(46)) - raft.server.staging.catchup.gap = 1000 (default)
2024-05-12 17:41:37,304 [3523888c-df3a-4c75-876a-f320dc6c9584@group-B8A71AF82CEC-LeaderElection271] INFO  server.RaftServerConfigKeys (ConfUtils.java:logGet(46)) - raft.server.write.element-limit = 1024 (custom)
2024-05-12 17:41:37,304 [3523888c-df3a-4c75-876a-f320dc6c9584@group-B8A71AF82CEC-LeaderElection271] INFO  server.RaftServerConfigKeys (ConfUtils.java:logGet(46)) - raft.server.write.byte-limit = 1024 M (=1073741824) (custom)
2024-05-12 17:41:37,305 [3523888c-df3a-4c75-876a-f320dc6c9584@group-B8A71AF82CEC-LeaderElection271] INFO  server.RaftServerConfigKeys (ConfUtils.java:logGet(46)) - raft.server.watch.timeout = 3000ms (custom)
2024-05-12 17:41:37,305 [3523888c-df3a-4c75-876a-f320dc6c9584@group-B8A71AF82CEC-LeaderElection271] INFO  server.RaftServerConfigKeys (ConfUtils.java:logGet(46)) - raft.server.watch.timeout.denomination = 1s (default)
2024-05-12 17:41:37,305 [3523888c-df3a-4c75-876a-f320dc6c9584@group-B8A71AF82CEC-LeaderElection271] INFO  server.RaftServerConfigKeys (ConfUtils.java:logGet(46)) - raft.server.watch.element-limit = 65536 (default)
2024-05-12 17:41:37,305 [3523888c-df3a-4c75-876a-f320dc6c9584@group-B8A71AF82CEC-LeaderElection271] INFO  server.RaftServerConfigKeys (ConfUtils.java:logGet(46)) - raft.server.read.leader.lease.enabled = false (default)
2024-05-12 17:41:37,305 [3523888c-df3a-4c75-876a-f320dc6c9584@group-B8A71AF82CEC-LeaderElection271] INFO  server.RaftServerConfigKeys (ConfUtils.java:logGet(46)) - raft.server.read.leader.lease.timeout.ratio = 0.9 (default)
2024-05-12 17:41:37,305 [3523888c-df3a-4c75-876a-f320dc6c9584@group-B8A71AF82CEC-LeaderElection271] INFO  server.RaftServerConfigKeys (ConfUtils.java:logGet(46)) - raft.server.rpc.timeout.min = 1s (custom)
2024-05-12 17:41:37,305 [3523888c-df3a-4c75-876a-f320dc6c9584@group-B8A71AF82CEC-LeaderElection271] INFO  server.RaftServerConfigKeys (ConfUtils.java:logGet(46)) - raft.server.write.element-limit = 1024 (custom)
2024-05-12 17:41:37,305 [3523888c-df3a-4c75-876a-f320dc6c9584@group-B8A71AF82CEC-LeaderElection271] INFO  server.RaftServerConfigKeys (ConfUtils.java:logGet(46)) - raft.server.write.follower.gap.ratio.max = -1.0 (default)
2024-05-12 17:41:37,305 [3523888c-df3a-4c75-876a-f320dc6c9584@group-B8A71AF82CEC-LeaderElection271] INFO  impl.RoleInfo (RoleInfo.java:updateAndGet(139)) - 3523888c-df3a-4c75-876a-f320dc6c9584: start 3523888c-df3a-4c75-876a-f320dc6c9584@group-B8A71AF82CEC-LeaderStateImpl
2024-05-12 17:41:37,305 [3523888c-df3a-4c75-876a-f320dc6c9584@group-B8A71AF82CEC-LeaderElection271] INFO  server.RaftServer$Division (RaftServerImpl.java:setFirstElection(574)) - 3523888c-df3a-4c75-876a-f320dc6c9584@group-B8A71AF82CEC: set firstElectionSinceStartup to false for becomeLeader
2024-05-12 17:41:37,305 [3523888c-df3a-4c75-876a-f320dc6c9584@group-B8A71AF82CEC-LeaderElection271] INFO  ratis.XceiverServerRatis (XceiverServerRatis.java:handleLeaderChangedNotification(966)) - Leader change notification received for group: group-B8A71AF82CEC with new leaderId: 3523888c-df3a-4c75-876a-f320dc6c9584
2024-05-12 17:41:37,305 [3523888c-df3a-4c75-876a-f320dc6c9584@group-B8A71AF82CEC-LeaderElection271] INFO  server.RaftServer$Division (ServerState.java:setLeader(269)) - 3523888c-df3a-4c75-876a-f320dc6c9584@group-B8A71AF82CEC: change Leader from null to 3523888c-df3a-4c75-876a-f320dc6c9584 at term 1 for becomeLeader, leader elected after 1128ms
2024-05-12 17:41:37,306 [3523888c-df3a-4c75-876a-f320dc6c9584@group-B8A71AF82CEC-LeaderElection271] INFO  segmented.SegmentedRaftLogWorker (SegmentedRaftLogWorker.java:startLogSegment(430)) - 3523888c-df3a-4c75-876a-f320dc6c9584@group-B8A71AF82CEC-SegmentedRaftLogWorker: Starting segment from index:0
2024-05-12 17:41:37,306 [3523888c-df3a-4c75-876a-f320dc6c9584@group-B8A71AF82CEC-LeaderElection271] INFO  server.RaftServer$Division (ServerState.java:setRaftConf(386)) - 3523888c-df3a-4c75-876a-f320dc6c9584@group-B8A71AF82CEC: set configuration 0: peers:[3523888c-df3a-4c75-876a-f320dc6c9584|127.0.0.1:15335]|listeners:[], old=null
2024-05-12 17:41:37,306 [3523888c-df3a-4c75-876a-f320dc6c9584@group-B8A71AF82CEC-SegmentedRaftLogWorker] INFO  segmented.BufferedWriteChannel (BufferedWriteChannel.java:open(62)) - open log_inprogress_0 at position 0
2024-05-12 17:41:37,310 [2ef8d649-4864-4b9a-81a6-122cf2174905@group-F7FC422C7F28-LeaderElection270] INFO  server.RaftServer$Division (RaftServerImpl.java:setFirstElection(574)) - 2ef8d649-4864-4b9a-81a6-122cf2174905@group-F7FC422C7F28: set firstElectionSinceStartup to false for REJECTED
2024-05-12 17:41:37,311 [89a6d998-d419-473a-a6ed-8243f7f30d05@group-D817E67D8269-FollowerState] INFO  impl.FollowerState (FollowerState.java:run(143)) - 89a6d998-d419-473a-a6ed-8243f7f30d05@group-D817E67D8269-FollowerState: change to CANDIDATE, lastRpcElapsedTime:1188944716ns, electionTimeout:1188ms
2024-05-12 17:41:37,311 [89a6d998-d419-473a-a6ed-8243f7f30d05@group-D817E67D8269-FollowerState] INFO  impl.RoleInfo (RoleInfo.java:shutdownFollowerState(110)) - 89a6d998-d419-473a-a6ed-8243f7f30d05: shutdown 89a6d998-d419-473a-a6ed-8243f7f30d05@group-D817E67D8269-FollowerState
2024-05-12 17:41:37,311 [89a6d998-d419-473a-a6ed-8243f7f30d05@group-D817E67D8269-FollowerState] INFO  server.RaftServer$Division (RaftServerImpl.java:setRole(383)) - 89a6d998-d419-473a-a6ed-8243f7f30d05@group-D817E67D8269: changes role from  FOLLOWER to CANDIDATE at term 0 for changeToCandidate
2024-05-12 17:41:37,311 [89a6d998-d419-473a-a6ed-8243f7f30d05@group-D817E67D8269-FollowerState] INFO  server.RaftServerConfigKeys (ConfUtils.java:logGet(46)) - raft.server.leaderelection.pre-vote = true (default)
2024-05-12 17:41:37,311 [89a6d998-d419-473a-a6ed-8243f7f30d05@group-D817E67D8269-FollowerState] INFO  impl.RoleInfo (RoleInfo.java:updateAndGet(139)) - 89a6d998-d419-473a-a6ed-8243f7f30d05: start 89a6d998-d419-473a-a6ed-8243f7f30d05@group-D817E67D8269-LeaderElection272
2024-05-12 17:41:37,311 [89a6d998-d419-473a-a6ed-8243f7f30d05@group-D817E67D8269-LeaderElection272] INFO  impl.LeaderElection (LeaderElection.java:askForVotes(321)) - 89a6d998-d419-473a-a6ed-8243f7f30d05@group-D817E67D8269-LeaderElection272 PRE_VOTE round 0: submit vote requests at term 0 for -1: peers:[89a6d998-d419-473a-a6ed-8243f7f30d05|127.0.0.1:15326]|listeners:[], old=null
2024-05-12 17:41:37,312 [89a6d998-d419-473a-a6ed-8243f7f30d05@group-D817E67D8269-LeaderElection272] INFO  impl.LeaderElection (LeaderElection.java:askForVotes(323)) - 89a6d998-d419-473a-a6ed-8243f7f30d05@group-D817E67D8269-LeaderElection272 PRE_VOTE round 0: result PASSED (term=0)
2024-05-12 17:41:37,314 [3523888c-df3a-4c75-876a-f320dc6c9584@group-B8A71AF82CEC-SegmentedRaftLogWorker] INFO  segmented.SegmentedRaftLogWorker (SegmentedRaftLogWorker.java:execute(634)) - 3523888c-df3a-4c75-876a-f320dc6c9584@group-B8A71AF82CEC-SegmentedRaftLogWorker: created new log segment /home/runner/work/ozone/ozone/hadoop-ozone/integration-test/target/test-dir/MiniOzoneClusterImpl-71ef5771-1bca-432b-8888-38dc3c8d5d63/ozone-meta/datanode-4/ratis/37dce997-92ce-4f65-af64-b8a71af82cec/current/log_inprogress_0
2024-05-12 17:41:37,314 [89a6d998-d419-473a-a6ed-8243f7f30d05@group-D817E67D8269-LeaderElection272] INFO  impl.LeaderElection (LeaderElection.java:askForVotes(321)) - 89a6d998-d419-473a-a6ed-8243f7f30d05@group-D817E67D8269-LeaderElection272 ELECTION round 0: submit vote requests at term 1 for -1: peers:[89a6d998-d419-473a-a6ed-8243f7f30d05|127.0.0.1:15326]|listeners:[], old=null
2024-05-12 17:41:37,314 [89a6d998-d419-473a-a6ed-8243f7f30d05@group-D817E67D8269-LeaderElection272] INFO  impl.LeaderElection (LeaderElection.java:askForVotes(323)) - 89a6d998-d419-473a-a6ed-8243f7f30d05@group-D817E67D8269-LeaderElection272 ELECTION round 0: result PASSED (term=1)
2024-05-12 17:41:37,314 [89a6d998-d419-473a-a6ed-8243f7f30d05@group-D817E67D8269-LeaderElection272] INFO  impl.RoleInfo (RoleInfo.java:shutdownLeaderElection(130)) - 89a6d998-d419-473a-a6ed-8243f7f30d05: shutdown 89a6d998-d419-473a-a6ed-8243f7f30d05@group-D817E67D8269-LeaderElection272
2024-05-12 17:41:37,314 [89a6d998-d419-473a-a6ed-8243f7f30d05@group-D817E67D8269-LeaderElection272] INFO  server.RaftServer$Division (RaftServerImpl.java:setRole(383)) - 89a6d998-d419-473a-a6ed-8243f7f30d05@group-D817E67D8269: changes role from CANDIDATE to LEADER at term 1 for changeToLeader
2024-05-12 17:41:37,314 [89a6d998-d419-473a-a6ed-8243f7f30d05@group-D817E67D8269-LeaderElection272] INFO  server.RaftServerConfigKeys (ConfUtils.java:logGet(46)) - raft.server.staging.catchup.gap = 1000 (default)
2024-05-12 17:41:37,314 [89a6d998-d419-473a-a6ed-8243f7f30d05@group-D817E67D8269-LeaderElection272] INFO  server.RaftServerConfigKeys (ConfUtils.java:logGet(46)) - raft.server.write.element-limit = 1024 (custom)
2024-05-12 17:41:37,314 [89a6d998-d419-473a-a6ed-8243f7f30d05@group-D817E67D8269-LeaderElection272] INFO  server.RaftServerConfigKeys (ConfUtils.java:logGet(46)) - raft.server.write.byte-limit = 1024 M (=1073741824) (custom)
2024-05-12 17:41:37,315 [89a6d998-d419-473a-a6ed-8243f7f30d05@group-D817E67D8269-LeaderElection272] INFO  server.RaftServerConfigKeys (ConfUtils.java:logGet(46)) - raft.server.watch.timeout = 3000ms (custom)
2024-05-12 17:41:37,315 [89a6d998-d419-473a-a6ed-8243f7f30d05@group-D817E67D8269-LeaderElection272] INFO  server.RaftServerConfigKeys (ConfUtils.java:logGet(46)) - raft.server.watch.timeout.denomination = 1s (default)
2024-05-12 17:41:37,315 [89a6d998-d419-473a-a6ed-8243f7f30d05@group-D817E67D8269-LeaderElection272] INFO  server.RaftServerConfigKeys (ConfUtils.java:logGet(46)) - raft.server.watch.element-limit = 65536 (default)
2024-05-12 17:41:37,315 [89a6d998-d419-473a-a6ed-8243f7f30d05@group-D817E67D8269-LeaderElection272] INFO  server.RaftServerConfigKeys (ConfUtils.java:logGet(46)) - raft.server.read.leader.lease.enabled = false (default)
2024-05-12 17:41:37,315 [89a6d998-d419-473a-a6ed-8243f7f30d05@group-D817E67D8269-LeaderElection272] INFO  server.RaftServerConfigKeys (ConfUtils.java:logGet(46)) - raft.server.read.leader.lease.timeout.ratio = 0.9 (default)
2024-05-12 17:41:37,315 [89a6d998-d419-473a-a6ed-8243f7f30d05@group-D817E67D8269-LeaderElection272] INFO  server.RaftServerConfigKeys (ConfUtils.java:logGet(46)) - raft.server.rpc.timeout.min = 1s (custom)
2024-05-12 17:41:37,315 [89a6d998-d419-473a-a6ed-8243f7f30d05@group-D817E67D8269-LeaderElection272] INFO  server.RaftServerConfigKeys (ConfUtils.java:logGet(46)) - raft.server.write.element-limit = 1024 (custom)
2024-05-12 17:41:37,315 [89a6d998-d419-473a-a6ed-8243f7f30d05@group-D817E67D8269-LeaderElection272] INFO  server.RaftServerConfigKeys (ConfUtils.java:logGet(46)) - raft.server.write.follower.gap.ratio.max = -1.0 (default)
2024-05-12 17:41:37,315 [d999a49d-42de-484c-a75f-ffa132e9c3a5@group-F7FC422C7F28-FollowerState] INFO  server.RaftServerConfigKeys (ConfUtils.java:logFallback(53)) - raft.server.rpc.first-election.timeout.min = 1s (fallback to raft.server.rpc.timeout.min)
2024-05-12 17:41:37,315 [d999a49d-42de-484c-a75f-ffa132e9c3a5@group-F7FC422C7F28-FollowerState] INFO  server.RaftServerConfigKeys (ConfUtils.java:logFallback(53)) - raft.server.rpc.first-election.timeout.max = 1200ms (fallback to raft.server.rpc.timeout.max)
2024-05-12 17:41:37,315 [89a6d998-d419-473a-a6ed-8243f7f30d05@group-D817E67D8269-LeaderElection272] INFO  impl.RoleInfo (RoleInfo.java:updateAndGet(139)) - 89a6d998-d419-473a-a6ed-8243f7f30d05: start 89a6d998-d419-473a-a6ed-8243f7f30d05@group-D817E67D8269-LeaderStateImpl
2024-05-12 17:41:37,315 [89a6d998-d419-473a-a6ed-8243f7f30d05@group-D817E67D8269-LeaderElection272] INFO  server.RaftServer$Division (RaftServerImpl.java:setFirstElection(574)) - 89a6d998-d419-473a-a6ed-8243f7f30d05@group-D817E67D8269: set firstElectionSinceStartup to false for becomeLeader
2024-05-12 17:41:37,315 [89a6d998-d419-473a-a6ed-8243f7f30d05@group-D817E67D8269-LeaderElection272] INFO  ratis.XceiverServerRatis (XceiverServerRatis.java:handleLeaderChangedNotification(966)) - Leader change notification received for group: group-D817E67D8269 with new leaderId: 89a6d998-d419-473a-a6ed-8243f7f30d05
2024-05-12 17:41:37,316 [3523888c-df3a-4c75-876a-f320dc6c9584@group-B8A71AF82CEC-StateMachineUpdater] INFO  server.RaftServer$Division (LeaderStateImpl.java:isApplied(320)) - leader is ready since appliedIndex == 0 >= startIndex == 0
2024-05-12 17:41:37,316 [89a6d998-d419-473a-a6ed-8243f7f30d05@group-D817E67D8269-LeaderElection272] INFO  server.RaftServer$Division (ServerState.java:setLeader(269)) - 89a6d998-d419-473a-a6ed-8243f7f30d05@group-D817E67D8269: change Leader from null to 89a6d998-d419-473a-a6ed-8243f7f30d05 at term 1 for becomeLeader, leader elected after 1203ms
2024-05-12 17:41:37,316 [89a6d998-d419-473a-a6ed-8243f7f30d05@group-D817E67D8269-LeaderElection272] INFO  segmented.SegmentedRaftLogWorker (SegmentedRaftLogWorker.java:startLogSegment(430)) - 89a6d998-d419-473a-a6ed-8243f7f30d05@group-D817E67D8269-SegmentedRaftLogWorker: Starting segment from index:0
2024-05-12 17:41:37,316 [89a6d998-d419-473a-a6ed-8243f7f30d05@group-D817E67D8269-LeaderElection272] INFO  server.RaftServer$Division (ServerState.java:setRaftConf(386)) - 89a6d998-d419-473a-a6ed-8243f7f30d05@group-D817E67D8269: set configuration 0: peers:[89a6d998-d419-473a-a6ed-8243f7f30d05|127.0.0.1:15326]|listeners:[], old=null
2024-05-12 17:41:37,316 [89a6d998-d419-473a-a6ed-8243f7f30d05@group-D817E67D8269-SegmentedRaftLogWorker] INFO  segmented.BufferedWriteChannel (BufferedWriteChannel.java:open(62)) - open log_inprogress_0 at position 0
2024-05-12 17:41:37,323 [89a6d998-d419-473a-a6ed-8243f7f30d05@group-D817E67D8269-SegmentedRaftLogWorker] INFO  segmented.SegmentedRaftLogWorker (SegmentedRaftLogWorker.java:execute(634)) - 89a6d998-d419-473a-a6ed-8243f7f30d05@group-D817E67D8269-SegmentedRaftLogWorker: created new log segment /home/runner/work/ozone/ozone/hadoop-ozone/integration-test/target/test-dir/MiniOzoneClusterImpl-71ef5771-1bca-432b-8888-38dc3c8d5d63/ozone-meta/datanode-3/ratis/a64bc78e-2fed-4714-aa9a-d817e67d8269/current/log_inprogress_0
2024-05-12 17:41:37,324 [89a6d998-d419-473a-a6ed-8243f7f30d05@group-D817E67D8269-StateMachineUpdater] INFO  server.RaftServer$Division (LeaderStateImpl.java:isApplied(320)) - leader is ready since appliedIndex == 0 >= startIndex == 0
2024-05-12 17:41:37,339 [d999a49d-42de-484c-a75f-ffa132e9c3a5@group-7FE7C0D455A4-FollowerState] INFO  impl.FollowerState (FollowerState.java:run(143)) - d999a49d-42de-484c-a75f-ffa132e9c3a5@group-7FE7C0D455A4-FollowerState: change to CANDIDATE, lastRpcElapsedTime:1105596889ns, electionTimeout:1104ms
2024-05-12 17:41:37,339 [d999a49d-42de-484c-a75f-ffa132e9c3a5@group-7FE7C0D455A4-FollowerState] INFO  impl.RoleInfo (RoleInfo.java:shutdownFollowerState(110)) - d999a49d-42de-484c-a75f-ffa132e9c3a5: shutdown d999a49d-42de-484c-a75f-ffa132e9c3a5@group-7FE7C0D455A4-FollowerState
2024-05-12 17:41:37,339 [d999a49d-42de-484c-a75f-ffa132e9c3a5@group-7FE7C0D455A4-FollowerState] INFO  server.RaftServer$Division (RaftServerImpl.java:setRole(383)) - d999a49d-42de-484c-a75f-ffa132e9c3a5@group-7FE7C0D455A4: changes role from  FOLLOWER to CANDIDATE at term 0 for changeToCandidate
2024-05-12 17:41:37,339 [d999a49d-42de-484c-a75f-ffa132e9c3a5@group-7FE7C0D455A4-FollowerState] INFO  server.RaftServerConfigKeys (ConfUtils.java:logGet(46)) - raft.server.leaderelection.pre-vote = true (default)
2024-05-12 17:41:37,339 [d999a49d-42de-484c-a75f-ffa132e9c3a5@group-7FE7C0D455A4-FollowerState] INFO  impl.RoleInfo (RoleInfo.java:updateAndGet(139)) - d999a49d-42de-484c-a75f-ffa132e9c3a5: start d999a49d-42de-484c-a75f-ffa132e9c3a5@group-7FE7C0D455A4-LeaderElection273
2024-05-12 17:41:37,339 [d999a49d-42de-484c-a75f-ffa132e9c3a5@group-7FE7C0D455A4-LeaderElection273] INFO  impl.LeaderElection (LeaderElection.java:askForVotes(321)) - d999a49d-42de-484c-a75f-ffa132e9c3a5@group-7FE7C0D455A4-LeaderElection273 PRE_VOTE round 0: submit vote requests at term 0 for -1: peers:[d999a49d-42de-484c-a75f-ffa132e9c3a5|127.0.0.1:15344]|listeners:[], old=null
2024-05-12 17:41:37,339 [d999a49d-42de-484c-a75f-ffa132e9c3a5@group-7FE7C0D455A4-LeaderElection273] INFO  impl.LeaderElection (LeaderElection.java:askForVotes(323)) - d999a49d-42de-484c-a75f-ffa132e9c3a5@group-7FE7C0D455A4-LeaderElection273 PRE_VOTE round 0: result PASSED (term=0)
2024-05-12 17:41:37,340 [d999a49d-42de-484c-a75f-ffa132e9c3a5@group-7FE7C0D455A4-LeaderElection273] INFO  impl.LeaderElection (LeaderElection.java:askForVotes(321)) - d999a49d-42de-484c-a75f-ffa132e9c3a5@group-7FE7C0D455A4-LeaderElection273 ELECTION round 0: submit vote requests at term 1 for -1: peers:[d999a49d-42de-484c-a75f-ffa132e9c3a5|127.0.0.1:15344]|listeners:[], old=null
2024-05-12 17:41:37,340 [d999a49d-42de-484c-a75f-ffa132e9c3a5@group-7FE7C0D455A4-LeaderElection273] INFO  impl.LeaderElection (LeaderElection.java:askForVotes(323)) - d999a49d-42de-484c-a75f-ffa132e9c3a5@group-7FE7C0D455A4-LeaderElection273 ELECTION round 0: result PASSED (term=1)
2024-05-12 17:41:37,340 [d999a49d-42de-484c-a75f-ffa132e9c3a5@group-7FE7C0D455A4-LeaderElection273] INFO  impl.RoleInfo (RoleInfo.java:shutdownLeaderElection(130)) - d999a49d-42de-484c-a75f-ffa132e9c3a5: shutdown d999a49d-42de-484c-a75f-ffa132e9c3a5@group-7FE7C0D455A4-LeaderElection273
2024-05-12 17:41:37,341 [d999a49d-42de-484c-a75f-ffa132e9c3a5@group-7FE7C0D455A4-LeaderElection273] INFO  server.RaftServer$Division (RaftServerImpl.java:setRole(383)) - d999a49d-42de-484c-a75f-ffa132e9c3a5@group-7FE7C0D455A4: changes role from CANDIDATE to LEADER at term 1 for changeToLeader
2024-05-12 17:41:37,341 [d999a49d-42de-484c-a75f-ffa132e9c3a5@group-7FE7C0D455A4-LeaderElection273] INFO  server.RaftServerConfigKeys (ConfUtils.java:logGet(46)) - raft.server.staging.catchup.gap = 1000 (default)
2024-05-12 17:41:37,341 [d999a49d-42de-484c-a75f-ffa132e9c3a5@group-7FE7C0D455A4-LeaderElection273] INFO  server.RaftServerConfigKeys (ConfUtils.java:logGet(46)) - raft.server.write.element-limit = 1024 (custom)
2024-05-12 17:41:37,341 [d999a49d-42de-484c-a75f-ffa132e9c3a5@group-7FE7C0D455A4-LeaderElection273] INFO  server.RaftServerConfigKeys (ConfUtils.java:logGet(46)) - raft.server.write.byte-limit = 1024 M (=1073741824) (custom)
2024-05-12 17:41:37,341 [d999a49d-42de-484c-a75f-ffa132e9c3a5@group-7FE7C0D455A4-LeaderElection273] INFO  server.RaftServerConfigKeys (ConfUtils.java:logGet(46)) - raft.server.watch.timeout = 3000ms (custom)
2024-05-12 17:41:37,341 [d999a49d-42de-484c-a75f-ffa132e9c3a5@group-7FE7C0D455A4-LeaderElection273] INFO  server.RaftServerConfigKeys (ConfUtils.java:logGet(46)) - raft.server.watch.timeout.denomination = 1s (default)
2024-05-12 17:41:37,341 [d999a49d-42de-484c-a75f-ffa132e9c3a5@group-7FE7C0D455A4-LeaderElection273] INFO  server.RaftServerConfigKeys (ConfUtils.java:logGet(46)) - raft.server.watch.element-limit = 65536 (default)
2024-05-12 17:41:37,341 [d999a49d-42de-484c-a75f-ffa132e9c3a5@group-7FE7C0D455A4-LeaderElection273] INFO  server.RaftServerConfigKeys (ConfUtils.java:logGet(46)) - raft.server.read.leader.lease.enabled = false (default)
2024-05-12 17:41:37,341 [d999a49d-42de-484c-a75f-ffa132e9c3a5@group-7FE7C0D455A4-LeaderElection273] INFO  server.RaftServerConfigKeys (ConfUtils.java:logGet(46)) - raft.server.read.leader.lease.timeout.ratio = 0.9 (default)
2024-05-12 17:41:37,341 [d999a49d-42de-484c-a75f-ffa132e9c3a5@group-7FE7C0D455A4-LeaderElection273] INFO  server.RaftServerConfigKeys (ConfUtils.java:logGet(46)) - raft.server.rpc.timeout.min = 1s (custom)
2024-05-12 17:41:37,341 [d999a49d-42de-484c-a75f-ffa132e9c3a5@group-7FE7C0D455A4-LeaderElection273] INFO  server.RaftServerConfigKeys (ConfUtils.java:logGet(46)) - raft.server.write.element-limit = 1024 (custom)
2024-05-12 17:41:37,341 [d999a49d-42de-484c-a75f-ffa132e9c3a5@group-7FE7C0D455A4-LeaderElection273] INFO  server.RaftServerConfigKeys (ConfUtils.java:logGet(46)) - raft.server.write.follower.gap.ratio.max = -1.0 (default)
2024-05-12 17:41:37,341 [d999a49d-42de-484c-a75f-ffa132e9c3a5@group-7FE7C0D455A4-LeaderElection273] INFO  impl.RoleInfo (RoleInfo.java:updateAndGet(139)) - d999a49d-42de-484c-a75f-ffa132e9c3a5: start d999a49d-42de-484c-a75f-ffa132e9c3a5@group-7FE7C0D455A4-LeaderStateImpl
2024-05-12 17:41:37,341 [d999a49d-42de-484c-a75f-ffa132e9c3a5@group-7FE7C0D455A4-LeaderElection273] INFO  server.RaftServer$Division (RaftServerImpl.java:setFirstElection(574)) - d999a49d-42de-484c-a75f-ffa132e9c3a5@group-7FE7C0D455A4: set firstElectionSinceStartup to false for becomeLeader
2024-05-12 17:41:37,342 [d999a49d-42de-484c-a75f-ffa132e9c3a5@group-7FE7C0D455A4-LeaderElection273] INFO  ratis.XceiverServerRatis (XceiverServerRatis.java:handleLeaderChangedNotification(966)) - Leader change notification received for group: group-7FE7C0D455A4 with new leaderId: d999a49d-42de-484c-a75f-ffa132e9c3a5
2024-05-12 17:41:37,342 [d999a49d-42de-484c-a75f-ffa132e9c3a5@group-7FE7C0D455A4-LeaderElection273] INFO  server.RaftServer$Division (ServerState.java:setLeader(269)) - d999a49d-42de-484c-a75f-ffa132e9c3a5@group-7FE7C0D455A4: change Leader from null to d999a49d-42de-484c-a75f-ffa132e9c3a5 at term 1 for becomeLeader, leader elected after 1119ms
2024-05-12 17:41:37,342 [d999a49d-42de-484c-a75f-ffa132e9c3a5@group-7FE7C0D455A4-LeaderElection273] INFO  segmented.SegmentedRaftLogWorker (SegmentedRaftLogWorker.java:startLogSegment(430)) - d999a49d-42de-484c-a75f-ffa132e9c3a5@group-7FE7C0D455A4-SegmentedRaftLogWorker: Starting segment from index:0
2024-05-12 17:41:37,342 [d999a49d-42de-484c-a75f-ffa132e9c3a5@group-7FE7C0D455A4-SegmentedRaftLogWorker] INFO  segmented.BufferedWriteChannel (BufferedWriteChannel.java:open(62)) - open log_inprogress_0 at position 0
2024-05-12 17:41:37,345 [d999a49d-42de-484c-a75f-ffa132e9c3a5@group-7FE7C0D455A4-LeaderElection273] INFO  server.RaftServer$Division (ServerState.java:setRaftConf(386)) - d999a49d-42de-484c-a75f-ffa132e9c3a5@group-7FE7C0D455A4: set configuration 0: peers:[d999a49d-42de-484c-a75f-ffa132e9c3a5|127.0.0.1:15344]|listeners:[], old=null
2024-05-12 17:41:37,350 [d999a49d-42de-484c-a75f-ffa132e9c3a5@group-7FE7C0D455A4-SegmentedRaftLogWorker] INFO  segmented.SegmentedRaftLogWorker (SegmentedRaftLogWorker.java:execute(634)) - d999a49d-42de-484c-a75f-ffa132e9c3a5@group-7FE7C0D455A4-SegmentedRaftLogWorker: created new log segment /home/runner/work/ozone/ozone/hadoop-ozone/integration-test/target/test-dir/MiniOzoneClusterImpl-71ef5771-1bca-432b-8888-38dc3c8d5d63/ozone-meta/datanode-5/ratis/2fe8376c-e2ca-453f-99e4-7fe7c0d455a4/current/log_inprogress_0
2024-05-12 17:41:37,351 [d999a49d-42de-484c-a75f-ffa132e9c3a5@group-7FE7C0D455A4-StateMachineUpdater] INFO  server.RaftServer$Division (LeaderStateImpl.java:isApplied(320)) - leader is ready since appliedIndex == 0 >= startIndex == 0
2024-05-12 17:41:37,359 [93bda13b-2c91-401a-a9f5-fc4ebb9220da@group-13A0CAA15F1F-FollowerState] INFO  impl.FollowerState (FollowerState.java:run(143)) - 93bda13b-2c91-401a-a9f5-fc4ebb9220da@group-13A0CAA15F1F-FollowerState: change to CANDIDATE, lastRpcElapsedTime:1013351375ns, electionTimeout:1013ms
2024-05-12 17:41:37,359 [93bda13b-2c91-401a-a9f5-fc4ebb9220da@group-13A0CAA15F1F-FollowerState] INFO  impl.RoleInfo (RoleInfo.java:shutdownFollowerState(110)) - 93bda13b-2c91-401a-a9f5-fc4ebb9220da: shutdown 93bda13b-2c91-401a-a9f5-fc4ebb9220da@group-13A0CAA15F1F-FollowerState
2024-05-12 17:41:37,360 [93bda13b-2c91-401a-a9f5-fc4ebb9220da@group-13A0CAA15F1F-FollowerState] INFO  server.RaftServer$Division (RaftServerImpl.java:setRole(383)) - 93bda13b-2c91-401a-a9f5-fc4ebb9220da@group-13A0CAA15F1F: changes role from  FOLLOWER to CANDIDATE at term 0 for changeToCandidate
2024-05-12 17:41:37,360 [93bda13b-2c91-401a-a9f5-fc4ebb9220da@group-13A0CAA15F1F-FollowerState] INFO  server.RaftServerConfigKeys (ConfUtils.java:logGet(46)) - raft.server.leaderelection.pre-vote = true (default)
2024-05-12 17:41:37,360 [93bda13b-2c91-401a-a9f5-fc4ebb9220da@group-13A0CAA15F1F-FollowerState] INFO  impl.RoleInfo (RoleInfo.java:updateAndGet(139)) - 93bda13b-2c91-401a-a9f5-fc4ebb9220da: start 93bda13b-2c91-401a-a9f5-fc4ebb9220da@group-13A0CAA15F1F-LeaderElection274
2024-05-12 17:41:37,360 [93bda13b-2c91-401a-a9f5-fc4ebb9220da@group-13A0CAA15F1F-LeaderElection274] INFO  impl.LeaderElection (LeaderElection.java:askForVotes(321)) - 93bda13b-2c91-401a-a9f5-fc4ebb9220da@group-13A0CAA15F1F-LeaderElection274 PRE_VOTE round 0: submit vote requests at term 0 for -1: peers:[93bda13b-2c91-401a-a9f5-fc4ebb9220da|127.0.0.1:15362, fa054618-3a8f-49b0-93d4-5933c936b659|127.0.0.1:15371, a0742c66-ae9f-48ce-9181-086e540b3b62|127.0.0.1:15380]|listeners:[], old=null
2024-05-12 17:41:37,360 [93bda13b-2c91-401a-a9f5-fc4ebb9220da@group-13A0CAA15F1F-LeaderElection274-1] INFO  server.GrpcServerProtocolClient (GrpcServerProtocolClient.java:<init>(65)) - Build channel for fa054618-3a8f-49b0-93d4-5933c936b659|127.0.0.1:15371
2024-05-12 17:41:37,360 [93bda13b-2c91-401a-a9f5-fc4ebb9220da@group-13A0CAA15F1F-LeaderElection274-2] INFO  server.GrpcServerProtocolClient (GrpcServerProtocolClient.java:<init>(65)) - Build channel for a0742c66-ae9f-48ce-9181-086e540b3b62|127.0.0.1:15380
2024-05-12 17:41:37,360 [93bda13b-2c91-401a-a9f5-fc4ebb9220da@group-13A0CAA15F1F-LeaderElection274] INFO  server.RaftServerConfigKeys (ConfUtils.java:logFallback(53)) - raft.server.rpc.first-election.timeout.min = 1s (fallback to raft.server.rpc.timeout.min)
2024-05-12 17:41:37,360 [93bda13b-2c91-401a-a9f5-fc4ebb9220da@group-13A0CAA15F1F-LeaderElection274] INFO  server.RaftServerConfigKeys (ConfUtils.java:logFallback(53)) - raft.server.rpc.first-election.timeout.max = 1200ms (fallback to raft.server.rpc.timeout.max)
2024-05-12 17:41:37,364 [grpc-default-executor-3] INFO  server.RaftServer$Division (RaftServerImpl.java:requestVote(1389)) - fa054618-3a8f-49b0-93d4-5933c936b659@group-13A0CAA15F1F: receive requestVote(PRE_VOTE, 93bda13b-2c91-401a-a9f5-fc4ebb9220da, group-13A0CAA15F1F, 0, (t:0, i:0))
2024-05-12 17:41:37,364 [grpc-default-executor-3] INFO  impl.VoteContext (VoteContext.java:log(49)) - fa054618-3a8f-49b0-93d4-5933c936b659@group-13A0CAA15F1F-FOLLOWER: accept PRE_VOTE from 93bda13b-2c91-401a-a9f5-fc4ebb9220da: our priority 0 <= candidate's priority 0
2024-05-12 17:41:37,364 [grpc-default-executor-3] INFO  server.RaftServer$Division (RaftServerImpl.java:requestVote(1422)) - fa054618-3a8f-49b0-93d4-5933c936b659@group-13A0CAA15F1F replies to PRE_VOTE vote request: 93bda13b-2c91-401a-a9f5-fc4ebb9220da<-fa054618-3a8f-49b0-93d4-5933c936b659#0:OK-t0. Peer's state: fa054618-3a8f-49b0-93d4-5933c936b659@group-13A0CAA15F1F:t0, leader=null, voted=, raftlog=Memoized:fa054618-3a8f-49b0-93d4-5933c936b659@group-13A0CAA15F1F-SegmentedRaftLog:OPENED:c-1, conf=-1: peers:[93bda13b-2c91-401a-a9f5-fc4ebb9220da|127.0.0.1:15362, fa054618-3a8f-49b0-93d4-5933c936b659|127.0.0.1:15371, a0742c66-ae9f-48ce-9181-086e540b3b62|127.0.0.1:15380]|listeners:[], old=null
2024-05-12 17:41:37,364 [grpc-default-executor-2] INFO  server.RaftServer$Division (RaftServerImpl.java:requestVote(1389)) - a0742c66-ae9f-48ce-9181-086e540b3b62@group-13A0CAA15F1F: receive requestVote(PRE_VOTE, 93bda13b-2c91-401a-a9f5-fc4ebb9220da, group-13A0CAA15F1F, 0, (t:0, i:0))
2024-05-12 17:41:37,364 [grpc-default-executor-2] INFO  impl.VoteContext (VoteContext.java:log(49)) - a0742c66-ae9f-48ce-9181-086e540b3b62@group-13A0CAA15F1F-FOLLOWER: reject PRE_VOTE from 93bda13b-2c91-401a-a9f5-fc4ebb9220da: our priority 1 > candidate's priority 0
2024-05-12 17:41:37,364 [grpc-default-executor-2] INFO  server.RaftServer$Division (RaftServerImpl.java:requestVote(1422)) - a0742c66-ae9f-48ce-9181-086e540b3b62@group-13A0CAA15F1F replies to PRE_VOTE vote request: 93bda13b-2c91-401a-a9f5-fc4ebb9220da<-a0742c66-ae9f-48ce-9181-086e540b3b62#0:FAIL-t0. Peer's state: a0742c66-ae9f-48ce-9181-086e540b3b62@group-13A0CAA15F1F:t0, leader=null, voted=, raftlog=Memoized:a0742c66-ae9f-48ce-9181-086e540b3b62@group-13A0CAA15F1F-SegmentedRaftLog:OPENED:c-1, conf=-1: peers:[93bda13b-2c91-401a-a9f5-fc4ebb9220da|127.0.0.1:15362, fa054618-3a8f-49b0-93d4-5933c936b659|127.0.0.1:15371, a0742c66-ae9f-48ce-9181-086e540b3b62|127.0.0.1:15380]|listeners:[], old=null
2024-05-12 17:41:37,365 [93bda13b-2c91-401a-a9f5-fc4ebb9220da@group-13A0CAA15F1F-LeaderElection274] INFO  impl.LeaderElection (LeaderElection.java:logAndReturn(89)) - 93bda13b-2c91-401a-a9f5-fc4ebb9220da@group-13A0CAA15F1F-LeaderElection274: PRE_VOTE REJECTED received 2 response(s) and 0 exception(s):
2024-05-12 17:41:37,365 [93bda13b-2c91-401a-a9f5-fc4ebb9220da@group-13A0CAA15F1F-LeaderElection274] INFO  impl.LeaderElection (LeaderElection.java:logAndReturn(93)) -   Response 0: 93bda13b-2c91-401a-a9f5-fc4ebb9220da<-fa054618-3a8f-49b0-93d4-5933c936b659#0:OK-t0
2024-05-12 17:41:37,365 [93bda13b-2c91-401a-a9f5-fc4ebb9220da@group-13A0CAA15F1F-LeaderElection274] INFO  impl.LeaderElection (LeaderElection.java:logAndReturn(93)) -   Response 1: 93bda13b-2c91-401a-a9f5-fc4ebb9220da<-a0742c66-ae9f-48ce-9181-086e540b3b62#0:FAIL-t0
2024-05-12 17:41:37,365 [93bda13b-2c91-401a-a9f5-fc4ebb9220da@group-13A0CAA15F1F-LeaderElection274] INFO  impl.LeaderElection (LeaderElection.java:askForVotes(323)) - 93bda13b-2c91-401a-a9f5-fc4ebb9220da@group-13A0CAA15F1F-LeaderElection274 PRE_VOTE round 0: result REJECTED
2024-05-12 17:41:37,365 [93bda13b-2c91-401a-a9f5-fc4ebb9220da@group-13A0CAA15F1F-LeaderElection274] INFO  server.RaftServer$Division (RaftServerImpl.java:setRole(383)) - 93bda13b-2c91-401a-a9f5-fc4ebb9220da@group-13A0CAA15F1F: changes role from CANDIDATE to FOLLOWER at term 0 for REJECTED
2024-05-12 17:41:37,365 [93bda13b-2c91-401a-a9f5-fc4ebb9220da@group-13A0CAA15F1F-LeaderElection274] INFO  impl.RoleInfo (RoleInfo.java:shutdownLeaderElection(130)) - 93bda13b-2c91-401a-a9f5-fc4ebb9220da: shutdown 93bda13b-2c91-401a-a9f5-fc4ebb9220da@group-13A0CAA15F1F-LeaderElection274
2024-05-12 17:41:37,365 [93bda13b-2c91-401a-a9f5-fc4ebb9220da@group-13A0CAA15F1F-LeaderElection274] INFO  impl.RoleInfo (RoleInfo.java:updateAndGet(139)) - 93bda13b-2c91-401a-a9f5-fc4ebb9220da: start 93bda13b-2c91-401a-a9f5-fc4ebb9220da@group-13A0CAA15F1F-FollowerState
2024-05-12 17:41:37,365 [93bda13b-2c91-401a-a9f5-fc4ebb9220da@group-13A0CAA15F1F-LeaderElection274] INFO  server.RaftServer$Division (RaftServerImpl.java:setFirstElection(574)) - 93bda13b-2c91-401a-a9f5-fc4ebb9220da@group-13A0CAA15F1F: set firstElectionSinceStartup to false for REJECTED
2024-05-12 17:41:37,380 [3523888c-df3a-4c75-876a-f320dc6c9584@group-F7FC422C7F28-FollowerState] INFO  impl.FollowerState (FollowerState.java:run(143)) - 3523888c-df3a-4c75-876a-f320dc6c9584@group-F7FC422C7F28-FollowerState: change to CANDIDATE, lastRpcElapsedTime:1176388083ns, electionTimeout:1176ms
2024-05-12 17:41:37,380 [3523888c-df3a-4c75-876a-f320dc6c9584@group-F7FC422C7F28-FollowerState] INFO  impl.RoleInfo (RoleInfo.java:shutdownFollowerState(110)) - 3523888c-df3a-4c75-876a-f320dc6c9584: shutdown 3523888c-df3a-4c75-876a-f320dc6c9584@group-F7FC422C7F28-FollowerState
2024-05-12 17:41:37,380 [3523888c-df3a-4c75-876a-f320dc6c9584@group-F7FC422C7F28-FollowerState] INFO  server.RaftServer$Division (RaftServerImpl.java:setRole(383)) - 3523888c-df3a-4c75-876a-f320dc6c9584@group-F7FC422C7F28: changes role from  FOLLOWER to CANDIDATE at term 0 for changeToCandidate
2024-05-12 17:41:37,380 [3523888c-df3a-4c75-876a-f320dc6c9584@group-F7FC422C7F28-FollowerState] INFO  server.RaftServerConfigKeys (ConfUtils.java:logGet(46)) - raft.server.leaderelection.pre-vote = true (default)
2024-05-12 17:41:37,380 [3523888c-df3a-4c75-876a-f320dc6c9584@group-F7FC422C7F28-FollowerState] INFO  impl.RoleInfo (RoleInfo.java:updateAndGet(139)) - 3523888c-df3a-4c75-876a-f320dc6c9584: start 3523888c-df3a-4c75-876a-f320dc6c9584@group-F7FC422C7F28-LeaderElection275
2024-05-12 17:41:37,380 [3523888c-df3a-4c75-876a-f320dc6c9584@group-F7FC422C7F28-LeaderElection275] INFO  impl.LeaderElection (LeaderElection.java:askForVotes(321)) - 3523888c-df3a-4c75-876a-f320dc6c9584@group-F7FC422C7F28-LeaderElection275 PRE_VOTE round 0: submit vote requests at term 0 for -1: peers:[d999a49d-42de-484c-a75f-ffa132e9c3a5|127.0.0.1:15344, 2ef8d649-4864-4b9a-81a6-122cf2174905|127.0.0.1:15353, 3523888c-df3a-4c75-876a-f320dc6c9584|127.0.0.1:15335]|listeners:[], old=null
2024-05-12 17:41:37,381 [3523888c-df3a-4c75-876a-f320dc6c9584@group-F7FC422C7F28-LeaderElection275-1] INFO  server.GrpcServerProtocolClient (GrpcServerProtocolClient.java:<init>(65)) - Build channel for d999a49d-42de-484c-a75f-ffa132e9c3a5|127.0.0.1:15344
2024-05-12 17:41:37,381 [3523888c-df3a-4c75-876a-f320dc6c9584@group-F7FC422C7F28-LeaderElection275-2] INFO  server.GrpcServerProtocolClient (GrpcServerProtocolClient.java:<init>(65)) - Build channel for 2ef8d649-4864-4b9a-81a6-122cf2174905|127.0.0.1:15353
2024-05-12 17:41:37,381 [3523888c-df3a-4c75-876a-f320dc6c9584@group-F7FC422C7F28-LeaderElection275] INFO  server.RaftServerConfigKeys (ConfUtils.java:logFallback(53)) - raft.server.rpc.first-election.timeout.min = 1s (fallback to raft.server.rpc.timeout.min)
2024-05-12 17:41:37,381 [3523888c-df3a-4c75-876a-f320dc6c9584@group-F7FC422C7F28-LeaderElection275] INFO  server.RaftServerConfigKeys (ConfUtils.java:logFallback(53)) - raft.server.rpc.first-election.timeout.max = 1200ms (fallback to raft.server.rpc.timeout.max)
2024-05-12 17:41:37,384 [grpc-default-executor-2] INFO  server.RaftServer$Division (RaftServerImpl.java:requestVote(1389)) - d999a49d-42de-484c-a75f-ffa132e9c3a5@group-F7FC422C7F28: receive requestVote(PRE_VOTE, 3523888c-df3a-4c75-876a-f320dc6c9584, group-F7FC422C7F28, 0, (t:0, i:0))
2024-05-12 17:41:37,384 [grpc-default-executor-2] INFO  impl.VoteContext (VoteContext.java:log(49)) - d999a49d-42de-484c-a75f-ffa132e9c3a5@group-F7FC422C7F28-FOLLOWER: accept PRE_VOTE from 3523888c-df3a-4c75-876a-f320dc6c9584: our priority 0 <= candidate's priority 1
2024-05-12 17:41:37,385 [grpc-default-executor-2] INFO  server.RaftServer$Division (RaftServerImpl.java:requestVote(1422)) - d999a49d-42de-484c-a75f-ffa132e9c3a5@group-F7FC422C7F28 replies to PRE_VOTE vote request: 3523888c-df3a-4c75-876a-f320dc6c9584<-d999a49d-42de-484c-a75f-ffa132e9c3a5#0:OK-t0. Peer's state: d999a49d-42de-484c-a75f-ffa132e9c3a5@group-F7FC422C7F28:t0, leader=null, voted=, raftlog=Memoized:d999a49d-42de-484c-a75f-ffa132e9c3a5@group-F7FC422C7F28-SegmentedRaftLog:OPENED:c-1, conf=-1: peers:[d999a49d-42de-484c-a75f-ffa132e9c3a5|127.0.0.1:15344, 2ef8d649-4864-4b9a-81a6-122cf2174905|127.0.0.1:15353, 3523888c-df3a-4c75-876a-f320dc6c9584|127.0.0.1:15335]|listeners:[], old=null
2024-05-12 17:41:37,385 [3523888c-df3a-4c75-876a-f320dc6c9584@group-F7FC422C7F28-LeaderElection275] INFO  impl.LeaderElection (LeaderElection.java:logAndReturn(89)) - 3523888c-df3a-4c75-876a-f320dc6c9584@group-F7FC422C7F28-LeaderElection275: PRE_VOTE PASSED received 1 response(s) and 0 exception(s):
2024-05-12 17:41:37,385 [3523888c-df3a-4c75-876a-f320dc6c9584@group-F7FC422C7F28-LeaderElection275] INFO  impl.LeaderElection (LeaderElection.java:logAndReturn(93)) -   Response 0: 3523888c-df3a-4c75-876a-f320dc6c9584<-d999a49d-42de-484c-a75f-ffa132e9c3a5#0:OK-t0
2024-05-12 17:41:37,385 [grpc-default-executor-3] INFO  server.RaftServer$Division (RaftServerImpl.java:requestVote(1389)) - 2ef8d649-4864-4b9a-81a6-122cf2174905@group-F7FC422C7F28: receive requestVote(PRE_VOTE, 3523888c-df3a-4c75-876a-f320dc6c9584, group-F7FC422C7F28, 0, (t:0, i:0))
2024-05-12 17:41:37,385 [3523888c-df3a-4c75-876a-f320dc6c9584@group-F7FC422C7F28-LeaderElection275] INFO  impl.LeaderElection (LeaderElection.java:askForVotes(323)) - 3523888c-df3a-4c75-876a-f320dc6c9584@group-F7FC422C7F28-LeaderElection275 PRE_VOTE round 0: result PASSED
2024-05-12 17:41:37,386 [grpc-default-executor-3] INFO  impl.VoteContext (VoteContext.java:log(49)) - 2ef8d649-4864-4b9a-81a6-122cf2174905@group-F7FC422C7F28-FOLLOWER: accept PRE_VOTE from 3523888c-df3a-4c75-876a-f320dc6c9584: our priority 0 <= candidate's priority 1
2024-05-12 17:41:37,386 [grpc-default-executor-3] INFO  server.RaftServer$Division (RaftServerImpl.java:requestVote(1422)) - 2ef8d649-4864-4b9a-81a6-122cf2174905@group-F7FC422C7F28 replies to PRE_VOTE vote request: 3523888c-df3a-4c75-876a-f320dc6c9584<-2ef8d649-4864-4b9a-81a6-122cf2174905#0:OK-t0. Peer's state: 2ef8d649-4864-4b9a-81a6-122cf2174905@group-F7FC422C7F28:t0, leader=null, voted=, raftlog=Memoized:2ef8d649-4864-4b9a-81a6-122cf2174905@group-F7FC422C7F28-SegmentedRaftLog:OPENED:c-1, conf=-1: peers:[d999a49d-42de-484c-a75f-ffa132e9c3a5|127.0.0.1:15344, 2ef8d649-4864-4b9a-81a6-122cf2174905|127.0.0.1:15353, 3523888c-df3a-4c75-876a-f320dc6c9584|127.0.0.1:15335]|listeners:[], old=null
2024-05-12 17:41:37,387 [3523888c-df3a-4c75-876a-f320dc6c9584@group-F7FC422C7F28-LeaderElection275] INFO  impl.LeaderElection (LeaderElection.java:askForVotes(321)) - 3523888c-df3a-4c75-876a-f320dc6c9584@group-F7FC422C7F28-LeaderElection275 ELECTION round 0: submit vote requests at term 1 for -1: peers:[d999a49d-42de-484c-a75f-ffa132e9c3a5|127.0.0.1:15344, 2ef8d649-4864-4b9a-81a6-122cf2174905|127.0.0.1:15353, 3523888c-df3a-4c75-876a-f320dc6c9584|127.0.0.1:15335]|listeners:[], old=null
2024-05-12 17:41:37,387 [3523888c-df3a-4c75-876a-f320dc6c9584@group-F7FC422C7F28-LeaderElection275] INFO  server.RaftServerConfigKeys (ConfUtils.java:logFallback(53)) - raft.server.rpc.first-election.timeout.min = 1s (fallback to raft.server.rpc.timeout.min)
2024-05-12 17:41:37,388 [3523888c-df3a-4c75-876a-f320dc6c9584@group-F7FC422C7F28-LeaderElection275] INFO  server.RaftServerConfigKeys (ConfUtils.java:logFallback(53)) - raft.server.rpc.first-election.timeout.max = 1200ms (fallback to raft.server.rpc.timeout.max)
2024-05-12 17:41:37,388 [grpc-default-executor-3] INFO  server.RaftServer$Division (RaftServerImpl.java:requestVote(1389)) - d999a49d-42de-484c-a75f-ffa132e9c3a5@group-F7FC422C7F28: receive requestVote(ELECTION, 3523888c-df3a-4c75-876a-f320dc6c9584, group-F7FC422C7F28, 1, (t:0, i:0))
2024-05-12 17:41:37,388 [grpc-default-executor-3] INFO  impl.VoteContext (VoteContext.java:log(49)) - d999a49d-42de-484c-a75f-ffa132e9c3a5@group-F7FC422C7F28-FOLLOWER: accept ELECTION from 3523888c-df3a-4c75-876a-f320dc6c9584: our priority 0 <= candidate's priority 1
2024-05-12 17:41:37,388 [grpc-default-executor-3] INFO  server.RaftServer$Division (RaftServerImpl.java:setRole(383)) - d999a49d-42de-484c-a75f-ffa132e9c3a5@group-F7FC422C7F28: changes role from  FOLLOWER to FOLLOWER at term 1 for candidate:3523888c-df3a-4c75-876a-f320dc6c9584
2024-05-12 17:41:37,388 [grpc-default-executor-3] INFO  impl.RoleInfo (RoleInfo.java:shutdownFollowerState(110)) - d999a49d-42de-484c-a75f-ffa132e9c3a5: shutdown d999a49d-42de-484c-a75f-ffa132e9c3a5@group-F7FC422C7F28-FollowerState
2024-05-12 17:41:37,388 [grpc-default-executor-3] INFO  impl.RoleInfo (RoleInfo.java:updateAndGet(139)) - d999a49d-42de-484c-a75f-ffa132e9c3a5: start d999a49d-42de-484c-a75f-ffa132e9c3a5@group-F7FC422C7F28-FollowerState
2024-05-12 17:41:37,388 [d999a49d-42de-484c-a75f-ffa132e9c3a5@group-F7FC422C7F28-FollowerState] INFO  impl.FollowerState (FollowerState.java:run(152)) - d999a49d-42de-484c-a75f-ffa132e9c3a5@group-F7FC422C7F28-FollowerState was interrupted
2024-05-12 17:41:37,388 [grpc-default-executor-3] INFO  server.RaftServer$Division (RaftServerImpl.java:setFirstElection(574)) - d999a49d-42de-484c-a75f-ffa132e9c3a5@group-F7FC422C7F28: set firstElectionSinceStartup to false for candidate:3523888c-df3a-4c75-876a-f320dc6c9584
2024-05-12 17:41:37,389 [grpc-default-executor-2] INFO  server.RaftServer$Division (RaftServerImpl.java:requestVote(1389)) - 2ef8d649-4864-4b9a-81a6-122cf2174905@group-F7FC422C7F28: receive requestVote(ELECTION, 3523888c-df3a-4c75-876a-f320dc6c9584, group-F7FC422C7F28, 1, (t:0, i:0))
2024-05-12 17:41:37,389 [grpc-default-executor-2] INFO  impl.VoteContext (VoteContext.java:log(49)) - 2ef8d649-4864-4b9a-81a6-122cf2174905@group-F7FC422C7F28-FOLLOWER: accept ELECTION from 3523888c-df3a-4c75-876a-f320dc6c9584: our priority 0 <= candidate's priority 1
2024-05-12 17:41:37,389 [grpc-default-executor-2] INFO  server.RaftServer$Division (RaftServerImpl.java:setRole(383)) - 2ef8d649-4864-4b9a-81a6-122cf2174905@group-F7FC422C7F28: changes role from  FOLLOWER to FOLLOWER at term 1 for candidate:3523888c-df3a-4c75-876a-f320dc6c9584
2024-05-12 17:41:37,389 [grpc-default-executor-2] INFO  impl.RoleInfo (RoleInfo.java:shutdownFollowerState(110)) - 2ef8d649-4864-4b9a-81a6-122cf2174905: shutdown 2ef8d649-4864-4b9a-81a6-122cf2174905@group-F7FC422C7F28-FollowerState
2024-05-12 17:41:37,389 [grpc-default-executor-2] INFO  impl.RoleInfo (RoleInfo.java:updateAndGet(139)) - 2ef8d649-4864-4b9a-81a6-122cf2174905: start 2ef8d649-4864-4b9a-81a6-122cf2174905@group-F7FC422C7F28-FollowerState
2024-05-12 17:41:37,389 [2ef8d649-4864-4b9a-81a6-122cf2174905@group-F7FC422C7F28-FollowerState] INFO  impl.FollowerState (FollowerState.java:run(152)) - 2ef8d649-4864-4b9a-81a6-122cf2174905@group-F7FC422C7F28-FollowerState was interrupted
2024-05-12 17:41:37,389 [grpc-default-executor-3] INFO  server.RaftServer$Division (RaftServerImpl.java:requestVote(1422)) - d999a49d-42de-484c-a75f-ffa132e9c3a5@group-F7FC422C7F28 replies to ELECTION vote request: 3523888c-df3a-4c75-876a-f320dc6c9584<-d999a49d-42de-484c-a75f-ffa132e9c3a5#0:OK-t1. Peer's state: d999a49d-42de-484c-a75f-ffa132e9c3a5@group-F7FC422C7F28:t1, leader=null, voted=3523888c-df3a-4c75-876a-f320dc6c9584, raftlog=Memoized:d999a49d-42de-484c-a75f-ffa132e9c3a5@group-F7FC422C7F28-SegmentedRaftLog:OPENED:c-1, conf=-1: peers:[d999a49d-42de-484c-a75f-ffa132e9c3a5|127.0.0.1:15344, 2ef8d649-4864-4b9a-81a6-122cf2174905|127.0.0.1:15353, 3523888c-df3a-4c75-876a-f320dc6c9584|127.0.0.1:15335]|listeners:[], old=null
2024-05-12 17:41:37,390 [2ef8d649-4864-4b9a-81a6-122cf2174905@group-EE852451A390-FollowerState] INFO  impl.FollowerState (FollowerState.java:run(143)) - 2ef8d649-4864-4b9a-81a6-122cf2174905@group-EE852451A390-FollowerState: change to CANDIDATE, lastRpcElapsedTime:1091211480ns, electionTimeout:1086ms
2024-05-12 17:41:37,390 [2ef8d649-4864-4b9a-81a6-122cf2174905@group-EE852451A390-FollowerState] INFO  impl.RoleInfo (RoleInfo.java:shutdownFollowerState(110)) - 2ef8d649-4864-4b9a-81a6-122cf2174905: shutdown 2ef8d649-4864-4b9a-81a6-122cf2174905@group-EE852451A390-FollowerState
2024-05-12 17:41:37,390 [2ef8d649-4864-4b9a-81a6-122cf2174905@group-EE852451A390-FollowerState] INFO  server.RaftServer$Division (RaftServerImpl.java:setRole(383)) - 2ef8d649-4864-4b9a-81a6-122cf2174905@group-EE852451A390: changes role from  FOLLOWER to CANDIDATE at term 0 for changeToCandidate
2024-05-12 17:41:37,390 [2ef8d649-4864-4b9a-81a6-122cf2174905@group-EE852451A390-FollowerState] INFO  server.RaftServerConfigKeys (ConfUtils.java:logGet(46)) - raft.server.leaderelection.pre-vote = true (default)
2024-05-12 17:41:37,390 [2ef8d649-4864-4b9a-81a6-122cf2174905@group-EE852451A390-FollowerState] INFO  impl.RoleInfo (RoleInfo.java:updateAndGet(139)) - 2ef8d649-4864-4b9a-81a6-122cf2174905: start 2ef8d649-4864-4b9a-81a6-122cf2174905@group-EE852451A390-LeaderElection276
2024-05-12 17:41:37,391 [3523888c-df3a-4c75-876a-f320dc6c9584@group-F7FC422C7F28-LeaderElection275] INFO  impl.LeaderElection (LeaderElection.java:logAndReturn(89)) - 3523888c-df3a-4c75-876a-f320dc6c9584@group-F7FC422C7F28-LeaderElection275: ELECTION PASSED received 1 response(s) and 0 exception(s):
2024-05-12 17:41:37,391 [3523888c-df3a-4c75-876a-f320dc6c9584@group-F7FC422C7F28-LeaderElection275] INFO  impl.LeaderElection (LeaderElection.java:logAndReturn(93)) -   Response 0: 3523888c-df3a-4c75-876a-f320dc6c9584<-d999a49d-42de-484c-a75f-ffa132e9c3a5#0:OK-t1
2024-05-12 17:41:37,391 [3523888c-df3a-4c75-876a-f320dc6c9584@group-F7FC422C7F28-LeaderElection275] INFO  impl.LeaderElection (LeaderElection.java:askForVotes(323)) - 3523888c-df3a-4c75-876a-f320dc6c9584@group-F7FC422C7F28-LeaderElection275 ELECTION round 0: result PASSED
2024-05-12 17:41:37,391 [3523888c-df3a-4c75-876a-f320dc6c9584@group-F7FC422C7F28-LeaderElection275] INFO  impl.RoleInfo (RoleInfo.java:shutdownLeaderElection(130)) - 3523888c-df3a-4c75-876a-f320dc6c9584: shutdown 3523888c-df3a-4c75-876a-f320dc6c9584@group-F7FC422C7F28-LeaderElection275
2024-05-12 17:41:37,391 [3523888c-df3a-4c75-876a-f320dc6c9584@group-F7FC422C7F28-LeaderElection275] INFO  server.RaftServer$Division (RaftServerImpl.java:setRole(383)) - 3523888c-df3a-4c75-876a-f320dc6c9584@group-F7FC422C7F28: changes role from CANDIDATE to LEADER at term 1 for changeToLeader
2024-05-12 17:41:37,391 [3523888c-df3a-4c75-876a-f320dc6c9584@group-F7FC422C7F28-LeaderElection275] INFO  server.RaftServerConfigKeys (ConfUtils.java:logGet(46)) - raft.server.staging.catchup.gap = 1000 (default)
2024-05-12 17:41:37,391 [grpc-default-executor-2] INFO  server.RaftServer$Division (RaftServerImpl.java:requestVote(1422)) - 2ef8d649-4864-4b9a-81a6-122cf2174905@group-F7FC422C7F28 replies to ELECTION vote request: 3523888c-df3a-4c75-876a-f320dc6c9584<-2ef8d649-4864-4b9a-81a6-122cf2174905#0:OK-t1. Peer's state: 2ef8d649-4864-4b9a-81a6-122cf2174905@group-F7FC422C7F28:t1, leader=null, voted=3523888c-df3a-4c75-876a-f320dc6c9584, raftlog=Memoized:2ef8d649-4864-4b9a-81a6-122cf2174905@group-F7FC422C7F28-SegmentedRaftLog:OPENED:c-1, conf=-1: peers:[d999a49d-42de-484c-a75f-ffa132e9c3a5|127.0.0.1:15344, 2ef8d649-4864-4b9a-81a6-122cf2174905|127.0.0.1:15353, 3523888c-df3a-4c75-876a-f320dc6c9584|127.0.0.1:15335]|listeners:[], old=null
2024-05-12 17:41:37,392 [3523888c-df3a-4c75-876a-f320dc6c9584@group-F7FC422C7F28-LeaderElection275] INFO  server.RaftServerConfigKeys (ConfUtils.java:logGet(46)) - raft.server.write.element-limit = 1024 (custom)
2024-05-12 17:41:37,392 [3523888c-df3a-4c75-876a-f320dc6c9584@group-F7FC422C7F28-LeaderElection275] INFO  server.RaftServerConfigKeys (ConfUtils.java:logGet(46)) - raft.server.write.byte-limit = 1024 M (=1073741824) (custom)
2024-05-12 17:41:37,392 [3523888c-df3a-4c75-876a-f320dc6c9584@group-F7FC422C7F28-LeaderElection275] INFO  server.RaftServerConfigKeys (ConfUtils.java:logGet(46)) - raft.server.watch.timeout = 3000ms (custom)
2024-05-12 17:41:37,392 [3523888c-df3a-4c75-876a-f320dc6c9584@group-F7FC422C7F28-LeaderElection275] INFO  server.RaftServerConfigKeys (ConfUtils.java:logGet(46)) - raft.server.watch.timeout.denomination = 1s (default)
2024-05-12 17:41:37,392 [3523888c-df3a-4c75-876a-f320dc6c9584@group-F7FC422C7F28-LeaderElection275] INFO  server.RaftServerConfigKeys (ConfUtils.java:logGet(46)) - raft.server.watch.element-limit = 65536 (default)
2024-05-12 17:41:37,392 [3523888c-df3a-4c75-876a-f320dc6c9584@group-F7FC422C7F28-LeaderElection275] INFO  server.RaftServerConfigKeys (ConfUtils.java:logGet(46)) - raft.server.read.leader.lease.enabled = false (default)
2024-05-12 17:41:37,392 [3523888c-df3a-4c75-876a-f320dc6c9584@group-F7FC422C7F28-LeaderElection275] INFO  server.RaftServerConfigKeys (ConfUtils.java:logGet(46)) - raft.server.read.leader.lease.timeout.ratio = 0.9 (default)
2024-05-12 17:41:37,393 [3523888c-df3a-4c75-876a-f320dc6c9584@group-F7FC422C7F28-LeaderElection275] INFO  server.RaftServerConfigKeys (ConfUtils.java:logGet(46)) - raft.server.rpc.timeout.min = 1s (custom)
2024-05-12 17:41:37,393 [3523888c-df3a-4c75-876a-f320dc6c9584@group-F7FC422C7F28-LeaderElection275] INFO  server.RaftServerConfigKeys (ConfUtils.java:logGet(46)) - raft.server.write.element-limit = 1024 (custom)
2024-05-12 17:41:37,393 [3523888c-df3a-4c75-876a-f320dc6c9584@group-F7FC422C7F28-LeaderElection275] INFO  server.RaftServerConfigKeys (ConfUtils.java:logGet(46)) - raft.server.write.follower.gap.ratio.max = -1.0 (default)
2024-05-12 17:41:37,393 [3523888c-df3a-4c75-876a-f320dc6c9584@group-F7FC422C7F28-LeaderElection275] INFO  server.RaftServerConfigKeys (ConfUtils.java:logGet(46)) - raft.server.log.appender.snapshot.chunk.size.max = 16MB (=16777216) (default)
2024-05-12 17:41:37,393 [3523888c-df3a-4c75-876a-f320dc6c9584@group-F7FC422C7F28-LeaderElection275] INFO  server.RaftServerConfigKeys (ConfUtils.java:logGet(46)) - raft.server.log.appender.buffer.byte-limit = 8388608 (custom)
2024-05-12 17:41:37,394 [3523888c-df3a-4c75-876a-f320dc6c9584@group-F7FC422C7F28-LeaderElection275] INFO  server.RaftServerConfigKeys (ConfUtils.java:logGet(46)) - raft.server.log.appender.buffer.element-limit = 1 (custom)
2024-05-12 17:41:37,394 [3523888c-df3a-4c75-876a-f320dc6c9584@group-F7FC422C7F28-LeaderElection275] INFO  server.RaftServerConfigKeys (ConfUtils.java:logGet(46)) - raft.server.log.appender.wait-time.min = 0ms (custom)
2024-05-12 17:41:37,394 [3523888c-df3a-4c75-876a-f320dc6c9584@group-F7FC422C7F28-LeaderElection275] INFO  grpc.GrpcConfigKeys (ConfUtils.java:logGet(46)) - raft.grpc.server.leader.outstanding.appends.max = 8 (default)
2024-05-12 17:41:37,394 [3523888c-df3a-4c75-876a-f320dc6c9584@group-F7FC422C7F28-LeaderElection275] INFO  server.RaftServerConfigKeys (ConfUtils.java:logGet(46)) - raft.server.rpc.request.timeout = 3000ms (default)
2024-05-12 17:41:37,394 [3523888c-df3a-4c75-876a-f320dc6c9584@group-F7FC422C7F28-LeaderElection275] INFO  grpc.GrpcConfigKeys (ConfUtils.java:logGet(46)) - raft.grpc.server.install_snapshot.request.element-limit = 8 (default)
2024-05-12 17:41:37,395 [3523888c-df3a-4c75-876a-f320dc6c9584@group-F7FC422C7F28-LeaderElection275] INFO  grpc.GrpcConfigKeys (ConfUtils.java:logGet(46)) - raft.grpc.server.install_snapshot.request.timeout = 3000ms (default)
2024-05-12 17:41:37,395 [3523888c-df3a-4c75-876a-f320dc6c9584@group-F7FC422C7F28-LeaderElection275] INFO  grpc.GrpcConfigKeys (ConfUtils.java:logGet(46)) - raft.grpc.server.log-message.batch.duration = 5s (default)
2024-05-12 17:41:37,395 [3523888c-df3a-4c75-876a-f320dc6c9584@group-F7FC422C7F28-LeaderElection275] INFO  server.RaftServerConfigKeys (ConfUtils.java:logGet(46)) - raft.server.log.appender.install.snapshot.enabled = false (custom)
2024-05-12 17:41:37,395 [3523888c-df3a-4c75-876a-f320dc6c9584@group-F7FC422C7F28-LeaderElection275] INFO  grpc.GrpcConfigKeys (ConfUtils.java:logGet(46)) - raft.grpc.server.heartbeat.channel = true (default)
2024-05-12 17:41:37,394 [2ef8d649-4864-4b9a-81a6-122cf2174905@group-EE852451A390-LeaderElection276] INFO  impl.LeaderElection (LeaderElection.java:askForVotes(321)) - 2ef8d649-4864-4b9a-81a6-122cf2174905@group-EE852451A390-LeaderElection276 PRE_VOTE round 0: submit vote requests at term 0 for -1: peers:[d999a49d-42de-484c-a75f-ffa132e9c3a5|127.0.0.1:15344, 2ef8d649-4864-4b9a-81a6-122cf2174905|127.0.0.1:15353, 3523888c-df3a-4c75-876a-f320dc6c9584|127.0.0.1:15335]|listeners:[], old=null
2024-05-12 17:41:37,395 [2ef8d649-4864-4b9a-81a6-122cf2174905@group-EE852451A390-LeaderElection276] INFO  server.RaftServerConfigKeys (ConfUtils.java:logFallback(53)) - raft.server.rpc.first-election.timeout.min = 1s (fallback to raft.server.rpc.timeout.min)
2024-05-12 17:41:37,395 [2ef8d649-4864-4b9a-81a6-122cf2174905@group-EE852451A390-LeaderElection276] INFO  server.RaftServerConfigKeys (ConfUtils.java:logFallback(53)) - raft.server.rpc.first-election.timeout.max = 1200ms (fallback to raft.server.rpc.timeout.max)
2024-05-12 17:41:37,396 [grpc-default-executor-2] INFO  server.RaftServer$Division (RaftServerImpl.java:requestVote(1389)) - d999a49d-42de-484c-a75f-ffa132e9c3a5@group-EE852451A390: receive requestVote(PRE_VOTE, 2ef8d649-4864-4b9a-81a6-122cf2174905, group-EE852451A390, 0, (t:0, i:0))
2024-05-12 17:41:37,396 [3523888c-df3a-4c75-876a-f320dc6c9584@group-F7FC422C7F28-LeaderElection275] INFO  server.RaftServerConfigKeys (ConfUtils.java:logGet(46)) - raft.server.log.appender.snapshot.chunk.size.max = 16MB (=16777216) (default)
2024-05-12 17:41:37,396 [grpc-default-executor-3] INFO  server.RaftServer$Division (RaftServerImpl.java:requestVote(1389)) - 3523888c-df3a-4c75-876a-f320dc6c9584@group-EE852451A390: receive requestVote(PRE_VOTE, 2ef8d649-4864-4b9a-81a6-122cf2174905, group-EE852451A390, 0, (t:0, i:0))
2024-05-12 17:41:37,396 [grpc-default-executor-3] INFO  impl.VoteContext (VoteContext.java:log(49)) - 3523888c-df3a-4c75-876a-f320dc6c9584@group-EE852451A390-FOLLOWER: accept PRE_VOTE from 2ef8d649-4864-4b9a-81a6-122cf2174905: our priority 0 <= candidate's priority 0
2024-05-12 17:41:37,396 [grpc-default-executor-3] INFO  server.RaftServer$Division (RaftServerImpl.java:requestVote(1422)) - 3523888c-df3a-4c75-876a-f320dc6c9584@group-EE852451A390 replies to PRE_VOTE vote request: 2ef8d649-4864-4b9a-81a6-122cf2174905<-3523888c-df3a-4c75-876a-f320dc6c9584#0:OK-t0. Peer's state: 3523888c-df3a-4c75-876a-f320dc6c9584@group-EE852451A390:t0, leader=null, voted=, raftlog=Memoized:3523888c-df3a-4c75-876a-f320dc6c9584@group-EE852451A390-SegmentedRaftLog:OPENED:c-1, conf=-1: peers:[d999a49d-42de-484c-a75f-ffa132e9c3a5|127.0.0.1:15344, 2ef8d649-4864-4b9a-81a6-122cf2174905|127.0.0.1:15353, 3523888c-df3a-4c75-876a-f320dc6c9584|127.0.0.1:15335]|listeners:[], old=null
2024-05-12 17:41:37,396 [grpc-default-executor-2] INFO  impl.VoteContext (VoteContext.java:log(49)) - d999a49d-42de-484c-a75f-ffa132e9c3a5@group-EE852451A390-FOLLOWER: reject PRE_VOTE from 2ef8d649-4864-4b9a-81a6-122cf2174905: our priority 1 > candidate's priority 0
2024-05-12 17:41:37,396 [3523888c-df3a-4c75-876a-f320dc6c9584@group-F7FC422C7F28-LeaderElection275] INFO  server.RaftServerConfigKeys (ConfUtils.java:logGet(46)) - raft.server.log.appender.buffer.byte-limit = 8388608 (custom)
2024-05-12 17:41:37,396 [grpc-default-executor-2] INFO  server.RaftServer$Division (RaftServerImpl.java:requestVote(1422)) - d999a49d-42de-484c-a75f-ffa132e9c3a5@group-EE852451A390 replies to PRE_VOTE vote request: 2ef8d649-4864-4b9a-81a6-122cf2174905<-d999a49d-42de-484c-a75f-ffa132e9c3a5#0:FAIL-t0. Peer's state: d999a49d-42de-484c-a75f-ffa132e9c3a5@group-EE852451A390:t0, leader=null, voted=, raftlog=Memoized:d999a49d-42de-484c-a75f-ffa132e9c3a5@group-EE852451A390-SegmentedRaftLog:OPENED:c-1, conf=-1: peers:[d999a49d-42de-484c-a75f-ffa132e9c3a5|127.0.0.1:15344, 2ef8d649-4864-4b9a-81a6-122cf2174905|127.0.0.1:15353, 3523888c-df3a-4c75-876a-f320dc6c9584|127.0.0.1:15335]|listeners:[], old=null
2024-05-12 17:41:37,397 [3523888c-df3a-4c75-876a-f320dc6c9584@group-F7FC422C7F28-LeaderElection275] INFO  server.RaftServerConfigKeys (ConfUtils.java:logGet(46)) - raft.server.log.appender.buffer.element-limit = 1 (custom)
2024-05-12 17:41:37,397 [3523888c-df3a-4c75-876a-f320dc6c9584@group-F7FC422C7F28-LeaderElection275] INFO  server.RaftServerConfigKeys (ConfUtils.java:logGet(46)) - raft.server.log.appender.wait-time.min = 0ms (custom)
2024-05-12 17:41:37,397 [3523888c-df3a-4c75-876a-f320dc6c9584@group-F7FC422C7F28-LeaderElection275] INFO  grpc.GrpcConfigKeys (ConfUtils.java:logGet(46)) - raft.grpc.server.leader.outstanding.appends.max = 8 (default)
2024-05-12 17:41:37,397 [3523888c-df3a-4c75-876a-f320dc6c9584@group-F7FC422C7F28-LeaderElection275] INFO  server.RaftServerConfigKeys (ConfUtils.java:logGet(46)) - raft.server.rpc.request.timeout = 3000ms (default)
2024-05-12 17:41:37,397 [3523888c-df3a-4c75-876a-f320dc6c9584@group-F7FC422C7F28-LeaderElection275] INFO  grpc.GrpcConfigKeys (ConfUtils.java:logGet(46)) - raft.grpc.server.install_snapshot.request.element-limit = 8 (default)
2024-05-12 17:41:37,397 [3523888c-df3a-4c75-876a-f320dc6c9584@group-F7FC422C7F28-LeaderElection275] INFO  grpc.GrpcConfigKeys (ConfUtils.java:logGet(46)) - raft.grpc.server.install_snapshot.request.timeout = 3000ms (default)
2024-05-12 17:41:37,397 [3523888c-df3a-4c75-876a-f320dc6c9584@group-F7FC422C7F28-LeaderElection275] INFO  grpc.GrpcConfigKeys (ConfUtils.java:logGet(46)) - raft.grpc.server.log-message.batch.duration = 5s (default)
2024-05-12 17:41:37,397 [3523888c-df3a-4c75-876a-f320dc6c9584@group-F7FC422C7F28-LeaderElection275] INFO  server.RaftServerConfigKeys (ConfUtils.java:logGet(46)) - raft.server.log.appender.install.snapshot.enabled = false (custom)
2024-05-12 17:41:37,397 [3523888c-df3a-4c75-876a-f320dc6c9584@group-F7FC422C7F28-LeaderElection275] INFO  grpc.GrpcConfigKeys (ConfUtils.java:logGet(46)) - raft.grpc.server.heartbeat.channel = true (default)
2024-05-12 17:41:37,397 [2ef8d649-4864-4b9a-81a6-122cf2174905@group-EE852451A390-LeaderElection276] INFO  impl.LeaderElection (LeaderElection.java:logAndReturn(89)) - 2ef8d649-4864-4b9a-81a6-122cf2174905@group-EE852451A390-LeaderElection276: PRE_VOTE REJECTED received 2 response(s) and 0 exception(s):
2024-05-12 17:41:37,397 [2ef8d649-4864-4b9a-81a6-122cf2174905@group-EE852451A390-LeaderElection276] INFO  impl.LeaderElection (LeaderElection.java:logAndReturn(93)) -   Response 0: 2ef8d649-4864-4b9a-81a6-122cf2174905<-d999a49d-42de-484c-a75f-ffa132e9c3a5#0:FAIL-t0
2024-05-12 17:41:37,397 [2ef8d649-4864-4b9a-81a6-122cf2174905@group-EE852451A390-LeaderElection276] INFO  impl.LeaderElection (LeaderElection.java:logAndReturn(93)) -   Response 1: 2ef8d649-4864-4b9a-81a6-122cf2174905<-3523888c-df3a-4c75-876a-f320dc6c9584#0:OK-t0
2024-05-12 17:41:37,397 [3523888c-df3a-4c75-876a-f320dc6c9584@group-F7FC422C7F28-LeaderElection275] INFO  impl.RoleInfo (RoleInfo.java:updateAndGet(139)) - 3523888c-df3a-4c75-876a-f320dc6c9584: start 3523888c-df3a-4c75-876a-f320dc6c9584@group-F7FC422C7F28-LeaderStateImpl
2024-05-12 17:41:37,397 [3523888c-df3a-4c75-876a-f320dc6c9584@group-F7FC422C7F28-LeaderElection275] INFO  server.RaftServer$Division (RaftServerImpl.java:setFirstElection(574)) - 3523888c-df3a-4c75-876a-f320dc6c9584@group-F7FC422C7F28: set firstElectionSinceStartup to false for becomeLeader
2024-05-12 17:41:37,397 [2ef8d649-4864-4b9a-81a6-122cf2174905@group-EE852451A390-LeaderElection276] INFO  impl.LeaderElection (LeaderElection.java:askForVotes(323)) - 2ef8d649-4864-4b9a-81a6-122cf2174905@group-EE852451A390-LeaderElection276 PRE_VOTE round 0: result REJECTED
2024-05-12 17:41:37,397 [3523888c-df3a-4c75-876a-f320dc6c9584@group-F7FC422C7F28-LeaderElection275] INFO  ratis.XceiverServerRatis (XceiverServerRatis.java:handleLeaderChangedNotification(966)) - Leader change notification received for group: group-F7FC422C7F28 with new leaderId: 3523888c-df3a-4c75-876a-f320dc6c9584
2024-05-12 17:41:37,397 [2ef8d649-4864-4b9a-81a6-122cf2174905@group-EE852451A390-LeaderElection276] INFO  server.RaftServer$Division (RaftServerImpl.java:setRole(383)) - 2ef8d649-4864-4b9a-81a6-122cf2174905@group-EE852451A390: changes role from CANDIDATE to FOLLOWER at term 0 for REJECTED
2024-05-12 17:41:37,397 [2ef8d649-4864-4b9a-81a6-122cf2174905@group-EE852451A390-LeaderElection276] INFO  impl.RoleInfo (RoleInfo.java:shutdownLeaderElection(130)) - 2ef8d649-4864-4b9a-81a6-122cf2174905: shutdown 2ef8d649-4864-4b9a-81a6-122cf2174905@group-EE852451A390-LeaderElection276
2024-05-12 17:41:37,397 [3523888c-df3a-4c75-876a-f320dc6c9584@group-F7FC422C7F28-LeaderElection275] INFO  server.RaftServer$Division (ServerState.java:setLeader(269)) - 3523888c-df3a-4c75-876a-f320dc6c9584@group-F7FC422C7F28: change Leader from null to 3523888c-df3a-4c75-876a-f320dc6c9584 at term 1 for becomeLeader, leader elected after 1205ms
2024-05-12 17:41:37,398 [2ef8d649-4864-4b9a-81a6-122cf2174905@group-EE852451A390-LeaderElection276] INFO  impl.RoleInfo (RoleInfo.java:updateAndGet(139)) - 2ef8d649-4864-4b9a-81a6-122cf2174905: start 2ef8d649-4864-4b9a-81a6-122cf2174905@group-EE852451A390-FollowerState
2024-05-12 17:41:37,398 [3523888c-df3a-4c75-876a-f320dc6c9584@group-F7FC422C7F28-LeaderElection275] INFO  segmented.SegmentedRaftLogWorker (SegmentedRaftLogWorker.java:startLogSegment(430)) - 3523888c-df3a-4c75-876a-f320dc6c9584@group-F7FC422C7F28-SegmentedRaftLogWorker: Starting segment from index:0
2024-05-12 17:41:37,398 [3523888c-df3a-4c75-876a-f320dc6c9584@group-F7FC422C7F28-LeaderElection275] INFO  server.RaftServer$Division (ServerState.java:setRaftConf(386)) - 3523888c-df3a-4c75-876a-f320dc6c9584@group-F7FC422C7F28: set configuration 0: peers:[d999a49d-42de-484c-a75f-ffa132e9c3a5|127.0.0.1:15344, 2ef8d649-4864-4b9a-81a6-122cf2174905|127.0.0.1:15353, 3523888c-df3a-4c75-876a-f320dc6c9584|127.0.0.1:15335]|listeners:[], old=null
2024-05-12 17:41:37,398 [3523888c-df3a-4c75-876a-f320dc6c9584@group-F7FC422C7F28-SegmentedRaftLogWorker] INFO  segmented.BufferedWriteChannel (BufferedWriteChannel.java:open(62)) - open log_inprogress_0 at position 0
2024-05-12 17:41:37,399 [EventQueue-PipelineReportForPipelineReportHandler] INFO  pipeline.PipelineReportHandler (PipelineReportHandler.java:processPipelineReport(136)) - Opened pipeline PipelineID=aea16cb5-2fb9-4400-8f02-f7fc422c7f28
2024-05-12 17:41:37,401 [d999a49d-42de-484c-a75f-ffa132e9c3a5@group-EE852451A390-FollowerState] INFO  impl.FollowerState (FollowerState.java:run(143)) - d999a49d-42de-484c-a75f-ffa132e9c3a5@group-EE852451A390-FollowerState: change to CANDIDATE, lastRpcElapsedTime:1139779801ns, electionTimeout:1139ms
2024-05-12 17:41:37,401 [d999a49d-42de-484c-a75f-ffa132e9c3a5@group-EE852451A390-FollowerState] INFO  impl.RoleInfo (RoleInfo.java:shutdownFollowerState(110)) - d999a49d-42de-484c-a75f-ffa132e9c3a5: shutdown d999a49d-42de-484c-a75f-ffa132e9c3a5@group-EE852451A390-FollowerState
2024-05-12 17:41:37,401 [d999a49d-42de-484c-a75f-ffa132e9c3a5@group-EE852451A390-FollowerState] INFO  server.RaftServer$Division (RaftServerImpl.java:setRole(383)) - d999a49d-42de-484c-a75f-ffa132e9c3a5@group-EE852451A390: changes role from  FOLLOWER to CANDIDATE at term 0 for changeToCandidate
2024-05-12 17:41:37,401 [d999a49d-42de-484c-a75f-ffa132e9c3a5@group-EE852451A390-FollowerState] INFO  server.RaftServerConfigKeys (ConfUtils.java:logGet(46)) - raft.server.leaderelection.pre-vote = true (default)
2024-05-12 17:41:37,401 [d999a49d-42de-484c-a75f-ffa132e9c3a5@group-EE852451A390-FollowerState] INFO  impl.RoleInfo (RoleInfo.java:updateAndGet(139)) - d999a49d-42de-484c-a75f-ffa132e9c3a5: start d999a49d-42de-484c-a75f-ffa132e9c3a5@group-EE852451A390-LeaderElection277
2024-05-12 17:41:37,402 [2ef8d649-4864-4b9a-81a6-122cf2174905@group-EE852451A390-LeaderElection276] INFO  server.RaftServer$Division (RaftServerImpl.java:setFirstElection(574)) - 2ef8d649-4864-4b9a-81a6-122cf2174905@group-EE852451A390: set firstElectionSinceStartup to false for REJECTED
2024-05-12 17:41:37,403 [d999a49d-42de-484c-a75f-ffa132e9c3a5@group-EE852451A390-LeaderElection277] INFO  impl.LeaderElection (LeaderElection.java:askForVotes(321)) - d999a49d-42de-484c-a75f-ffa132e9c3a5@group-EE852451A390-LeaderElection277 PRE_VOTE round 0: submit vote requests at term 0 for -1: peers:[d999a49d-42de-484c-a75f-ffa132e9c3a5|127.0.0.1:15344, 2ef8d649-4864-4b9a-81a6-122cf2174905|127.0.0.1:15353, 3523888c-df3a-4c75-876a-f320dc6c9584|127.0.0.1:15335]|listeners:[], old=null
2024-05-12 17:41:37,403 [d999a49d-42de-484c-a75f-ffa132e9c3a5@group-EE852451A390-LeaderElection277-1] INFO  server.GrpcServerProtocolClient (GrpcServerProtocolClient.java:<init>(65)) - Build channel for 2ef8d649-4864-4b9a-81a6-122cf2174905|127.0.0.1:15353
2024-05-12 17:41:37,404 [d999a49d-42de-484c-a75f-ffa132e9c3a5@group-EE852451A390-LeaderElection277-2] INFO  server.GrpcServerProtocolClient (GrpcServerProtocolClient.java:<init>(65)) - Build channel for 3523888c-df3a-4c75-876a-f320dc6c9584|127.0.0.1:15335
2024-05-12 17:41:37,405 [fa054618-3a8f-49b0-93d4-5933c936b659@group-13A0CAA15F1F-FollowerState] INFO  server.RaftServerConfigKeys (ConfUtils.java:logFallback(53)) - raft.server.rpc.first-election.timeout.min = 1s (fallback to raft.server.rpc.timeout.min)
2024-05-12 17:41:37,405 [fa054618-3a8f-49b0-93d4-5933c936b659@group-13A0CAA15F1F-FollowerState] INFO  server.RaftServerConfigKeys (ConfUtils.java:logFallback(53)) - raft.server.rpc.first-election.timeout.max = 1200ms (fallback to raft.server.rpc.timeout.max)
2024-05-12 17:41:37,407 [3523888c-df3a-4c75-876a-f320dc6c9584@group-F7FC422C7F28-SegmentedRaftLogWorker] INFO  segmented.SegmentedRaftLogWorker (SegmentedRaftLogWorker.java:execute(634)) - 3523888c-df3a-4c75-876a-f320dc6c9584@group-F7FC422C7F28-SegmentedRaftLogWorker: created new log segment /home/runner/work/ozone/ozone/hadoop-ozone/integration-test/target/test-dir/MiniOzoneClusterImpl-71ef5771-1bca-432b-8888-38dc3c8d5d63/ozone-meta/datanode-4/ratis/aea16cb5-2fb9-4400-8f02-f7fc422c7f28/current/log_inprogress_0
2024-05-12 17:41:37,403 [d999a49d-42de-484c-a75f-ffa132e9c3a5@group-EE852451A390-LeaderElection277] INFO  server.RaftServerConfigKeys (ConfUtils.java:logFallback(53)) - raft.server.rpc.first-election.timeout.min = 1s (fallback to raft.server.rpc.timeout.min)
2024-05-12 17:41:37,408 [d999a49d-42de-484c-a75f-ffa132e9c3a5@group-EE852451A390-LeaderElection277] INFO  server.RaftServerConfigKeys (ConfUtils.java:logFallback(53)) - raft.server.rpc.first-election.timeout.max = 1200ms (fallback to raft.server.rpc.timeout.max)
2024-05-12 17:41:37,409 [grpc-default-executor-1] INFO  server.RaftServer$Division (RaftServerImpl.java:requestVote(1389)) - 3523888c-df3a-4c75-876a-f320dc6c9584@group-EE852451A390: receive requestVote(PRE_VOTE, d999a49d-42de-484c-a75f-ffa132e9c3a5, group-EE852451A390, 0, (t:0, i:0))
2024-05-12 17:41:37,409 [grpc-default-executor-1] INFO  impl.VoteContext (VoteContext.java:log(49)) - 3523888c-df3a-4c75-876a-f320dc6c9584@group-EE852451A390-FOLLOWER: accept PRE_VOTE from d999a49d-42de-484c-a75f-ffa132e9c3a5: our priority 0 <= candidate's priority 1
2024-05-12 17:41:37,409 [grpc-default-executor-1] INFO  server.RaftServer$Division (RaftServerImpl.java:requestVote(1422)) - 3523888c-df3a-4c75-876a-f320dc6c9584@group-EE852451A390 replies to PRE_VOTE vote request: d999a49d-42de-484c-a75f-ffa132e9c3a5<-3523888c-df3a-4c75-876a-f320dc6c9584#0:OK-t0. Peer's state: 3523888c-df3a-4c75-876a-f320dc6c9584@group-EE852451A390:t0, leader=null, voted=, raftlog=Memoized:3523888c-df3a-4c75-876a-f320dc6c9584@group-EE852451A390-SegmentedRaftLog:OPENED:c-1, conf=-1: peers:[d999a49d-42de-484c-a75f-ffa132e9c3a5|127.0.0.1:15344, 2ef8d649-4864-4b9a-81a6-122cf2174905|127.0.0.1:15353, 3523888c-df3a-4c75-876a-f320dc6c9584|127.0.0.1:15335]|listeners:[], old=null
2024-05-12 17:41:37,410 [d999a49d-42de-484c-a75f-ffa132e9c3a5@group-EE852451A390-LeaderElection277] INFO  impl.LeaderElection (LeaderElection.java:logAndReturn(89)) - d999a49d-42de-484c-a75f-ffa132e9c3a5@group-EE852451A390-LeaderElection277: PRE_VOTE PASSED received 1 response(s) and 0 exception(s):
2024-05-12 17:41:37,410 [d999a49d-42de-484c-a75f-ffa132e9c3a5@group-EE852451A390-LeaderElection277] INFO  impl.LeaderElection (LeaderElection.java:logAndReturn(93)) -   Response 0: d999a49d-42de-484c-a75f-ffa132e9c3a5<-3523888c-df3a-4c75-876a-f320dc6c9584#0:OK-t0
2024-05-12 17:41:37,410 [d999a49d-42de-484c-a75f-ffa132e9c3a5@group-EE852451A390-LeaderElection277] INFO  impl.LeaderElection (LeaderElection.java:askForVotes(323)) - d999a49d-42de-484c-a75f-ffa132e9c3a5@group-EE852451A390-LeaderElection277 PRE_VOTE round 0: result PASSED
2024-05-12 17:41:37,411 [d999a49d-42de-484c-a75f-ffa132e9c3a5-server-thread1] INFO  ratis.XceiverServerRatis (XceiverServerRatis.java:handleLeaderChangedNotification(966)) - Leader change notification received for group: group-F7FC422C7F28 with new leaderId: 3523888c-df3a-4c75-876a-f320dc6c9584
2024-05-12 17:41:37,411 [d999a49d-42de-484c-a75f-ffa132e9c3a5-server-thread1] INFO  server.RaftServer$Division (ServerState.java:setLeader(269)) - d999a49d-42de-484c-a75f-ffa132e9c3a5@group-F7FC422C7F28: change Leader from null to 3523888c-df3a-4c75-876a-f320dc6c9584 at term 1 for appendEntries, leader elected after 1201ms
2024-05-12 17:41:37,411 [d999a49d-42de-484c-a75f-ffa132e9c3a5@group-EE852451A390-LeaderElection277] INFO  impl.LeaderElection (LeaderElection.java:askForVotes(321)) - d999a49d-42de-484c-a75f-ffa132e9c3a5@group-EE852451A390-LeaderElection277 ELECTION round 0: submit vote requests at term 1 for -1: peers:[d999a49d-42de-484c-a75f-ffa132e9c3a5|127.0.0.1:15344, 2ef8d649-4864-4b9a-81a6-122cf2174905|127.0.0.1:15353, 3523888c-df3a-4c75-876a-f320dc6c9584|127.0.0.1:15335]|listeners:[], old=null
2024-05-12 17:41:37,411 [d999a49d-42de-484c-a75f-ffa132e9c3a5-server-thread2] INFO  server.RaftServer$Division (ServerState.java:setRaftConf(386)) - d999a49d-42de-484c-a75f-ffa132e9c3a5@group-F7FC422C7F28: set configuration 0: peers:[d999a49d-42de-484c-a75f-ffa132e9c3a5|127.0.0.1:15344, 2ef8d649-4864-4b9a-81a6-122cf2174905|127.0.0.1:15353, 3523888c-df3a-4c75-876a-f320dc6c9584|127.0.0.1:15335]|listeners:[], old=null
2024-05-12 17:41:37,411 [d999a49d-42de-484c-a75f-ffa132e9c3a5-server-thread2] INFO  segmented.SegmentedRaftLogWorker (SegmentedRaftLogWorker.java:startLogSegment(430)) - d999a49d-42de-484c-a75f-ffa132e9c3a5@group-F7FC422C7F28-SegmentedRaftLogWorker: Starting segment from index:0
2024-05-12 17:41:37,412 [2ef8d649-4864-4b9a-81a6-122cf2174905-server-thread1] INFO  ratis.XceiverServerRatis (XceiverServerRatis.java:handleLeaderChangedNotification(966)) - Leader change notification received for group: group-F7FC422C7F28 with new leaderId: 3523888c-df3a-4c75-876a-f320dc6c9584
2024-05-12 17:41:37,412 [2ef8d649-4864-4b9a-81a6-122cf2174905-server-thread1] INFO  server.RaftServer$Division (ServerState.java:setLeader(269)) - 2ef8d649-4864-4b9a-81a6-122cf2174905@group-F7FC422C7F28: change Leader from null to 3523888c-df3a-4c75-876a-f320dc6c9584 at term 1 for appendEntries, leader elected after 1171ms
2024-05-12 17:41:37,412 [d999a49d-42de-484c-a75f-ffa132e9c3a5@group-F7FC422C7F28-SegmentedRaftLogWorker] INFO  segmented.BufferedWriteChannel (BufferedWriteChannel.java:open(62)) - open log_inprogress_0 at position 0
2024-05-12 17:41:37,413 [2ef8d649-4864-4b9a-81a6-122cf2174905-server-thread2] INFO  server.RaftServer$Division (ServerState.java:setRaftConf(386)) - 2ef8d649-4864-4b9a-81a6-122cf2174905@group-F7FC422C7F28: set configuration 0: peers:[d999a49d-42de-484c-a75f-ffa132e9c3a5|127.0.0.1:15344, 2ef8d649-4864-4b9a-81a6-122cf2174905|127.0.0.1:15353, 3523888c-df3a-4c75-876a-f320dc6c9584|127.0.0.1:15335]|listeners:[], old=null
2024-05-12 17:41:37,413 [2ef8d649-4864-4b9a-81a6-122cf2174905-server-thread2] INFO  segmented.SegmentedRaftLogWorker (SegmentedRaftLogWorker.java:startLogSegment(430)) - 2ef8d649-4864-4b9a-81a6-122cf2174905@group-F7FC422C7F28-SegmentedRaftLogWorker: Starting segment from index:0
2024-05-12 17:41:37,413 [2ef8d649-4864-4b9a-81a6-122cf2174905@group-F7FC422C7F28-SegmentedRaftLogWorker] INFO  segmented.BufferedWriteChannel (BufferedWriteChannel.java:open(62)) - open log_inprogress_0 at position 0
2024-05-12 17:41:37,416 [d999a49d-42de-484c-a75f-ffa132e9c3a5@group-EE852451A390-LeaderElection277] INFO  server.RaftServerConfigKeys (ConfUtils.java:logFallback(53)) - raft.server.rpc.first-election.timeout.min = 1s (fallback to raft.server.rpc.timeout.min)
2024-05-12 17:41:37,416 [d999a49d-42de-484c-a75f-ffa132e9c3a5@group-EE852451A390-LeaderElection277] INFO  server.RaftServerConfigKeys (ConfUtils.java:logFallback(53)) - raft.server.rpc.first-election.timeout.max = 1200ms (fallback to raft.server.rpc.timeout.max)
2024-05-12 17:41:37,417 [grpc-default-executor-0] INFO  server.RaftServer$Division (RaftServerImpl.java:requestVote(1389)) - 3523888c-df3a-4c75-876a-f320dc6c9584@group-EE852451A390: receive requestVote(ELECTION, d999a49d-42de-484c-a75f-ffa132e9c3a5, group-EE852451A390, 1, (t:0, i:0))
2024-05-12 17:41:37,417 [grpc-default-executor-0] INFO  impl.VoteContext (VoteContext.java:log(49)) - 3523888c-df3a-4c75-876a-f320dc6c9584@group-EE852451A390-FOLLOWER: accept ELECTION from d999a49d-42de-484c-a75f-ffa132e9c3a5: our priority 0 <= candidate's priority 1
2024-05-12 17:41:37,417 [grpc-default-executor-0] INFO  server.RaftServer$Division (RaftServerImpl.java:setRole(383)) - 3523888c-df3a-4c75-876a-f320dc6c9584@group-EE852451A390: changes role from  FOLLOWER to FOLLOWER at term 1 for candidate:d999a49d-42de-484c-a75f-ffa132e9c3a5
2024-05-12 17:41:37,418 [grpc-default-executor-0] INFO  impl.RoleInfo (RoleInfo.java:shutdownFollowerState(110)) - 3523888c-df3a-4c75-876a-f320dc6c9584: shutdown 3523888c-df3a-4c75-876a-f320dc6c9584@group-EE852451A390-FollowerState
2024-05-12 17:41:37,418 [grpc-default-executor-0] INFO  impl.RoleInfo (RoleInfo.java:updateAndGet(139)) - 3523888c-df3a-4c75-876a-f320dc6c9584: start 3523888c-df3a-4c75-876a-f320dc6c9584@group-EE852451A390-FollowerState
2024-05-12 17:41:37,418 [3523888c-df3a-4c75-876a-f320dc6c9584@group-EE852451A390-FollowerState] INFO  impl.FollowerState (FollowerState.java:run(152)) - 3523888c-df3a-4c75-876a-f320dc6c9584@group-EE852451A390-FollowerState was interrupted
2024-05-12 17:41:37,418 [grpc-default-executor-2] INFO  server.RaftServer$Division (RaftServerImpl.java:requestVote(1389)) - 2ef8d649-4864-4b9a-81a6-122cf2174905@group-EE852451A390: receive requestVote(ELECTION, d999a49d-42de-484c-a75f-ffa132e9c3a5, group-EE852451A390, 1, (t:0, i:0))
2024-05-12 17:41:37,418 [grpc-default-executor-2] INFO  impl.VoteContext (VoteContext.java:log(49)) - 2ef8d649-4864-4b9a-81a6-122cf2174905@group-EE852451A390-FOLLOWER: accept ELECTION from d999a49d-42de-484c-a75f-ffa132e9c3a5: our priority 0 <= candidate's priority 1
2024-05-12 17:41:37,418 [grpc-default-executor-2] INFO  server.RaftServer$Division (RaftServerImpl.java:setRole(383)) - 2ef8d649-4864-4b9a-81a6-122cf2174905@group-EE852451A390: changes role from  FOLLOWER to FOLLOWER at term 1 for candidate:d999a49d-42de-484c-a75f-ffa132e9c3a5
2024-05-12 17:41:37,418 [grpc-default-executor-2] INFO  impl.RoleInfo (RoleInfo.java:shutdownFollowerState(110)) - 2ef8d649-4864-4b9a-81a6-122cf2174905: shutdown 2ef8d649-4864-4b9a-81a6-122cf2174905@group-EE852451A390-FollowerState
2024-05-12 17:41:37,418 [grpc-default-executor-2] INFO  impl.RoleInfo (RoleInfo.java:updateAndGet(139)) - 2ef8d649-4864-4b9a-81a6-122cf2174905: start 2ef8d649-4864-4b9a-81a6-122cf2174905@group-EE852451A390-FollowerState
2024-05-12 17:41:37,418 [2ef8d649-4864-4b9a-81a6-122cf2174905@group-EE852451A390-FollowerState] INFO  impl.FollowerState (FollowerState.java:run(152)) - 2ef8d649-4864-4b9a-81a6-122cf2174905@group-EE852451A390-FollowerState was interrupted
2024-05-12 17:41:37,422 [grpc-default-executor-0] INFO  server.RaftServer$Division (RaftServerImpl.java:setFirstElection(574)) - 3523888c-df3a-4c75-876a-f320dc6c9584@group-EE852451A390: set firstElectionSinceStartup to false for candidate:d999a49d-42de-484c-a75f-ffa132e9c3a5
2024-05-12 17:41:37,422 [grpc-default-executor-3] INFO  server.RaftServer$Division (RaftServerImpl.java:requestVote(1389)) - 2ef8d649-4864-4b9a-81a6-122cf2174905@group-EE852451A390: receive requestVote(PRE_VOTE, d999a49d-42de-484c-a75f-ffa132e9c3a5, group-EE852451A390, 0, (t:0, i:0))
2024-05-12 17:41:37,423 [2ef8d649-4864-4b9a-81a6-122cf2174905@group-F7FC422C7F28-SegmentedRaftLogWorker] INFO  segmented.SegmentedRaftLogWorker (SegmentedRaftLogWorker.java:execute(634)) - 2ef8d649-4864-4b9a-81a6-122cf2174905@group-F7FC422C7F28-SegmentedRaftLogWorker: created new log segment /home/runner/work/ozone/ozone/hadoop-ozone/integration-test/target/test-dir/MiniOzoneClusterImpl-71ef5771-1bca-432b-8888-38dc3c8d5d63/ozone-meta/datanode-6/ratis/aea16cb5-2fb9-4400-8f02-f7fc422c7f28/current/log_inprogress_0
2024-05-12 17:41:37,423 [d999a49d-42de-484c-a75f-ffa132e9c3a5@group-F7FC422C7F28-SegmentedRaftLogWorker] INFO  segmented.SegmentedRaftLogWorker (SegmentedRaftLogWorker.java:execute(634)) - d999a49d-42de-484c-a75f-ffa132e9c3a5@group-F7FC422C7F28-SegmentedRaftLogWorker: created new log segment /home/runner/work/ozone/ozone/hadoop-ozone/integration-test/target/test-dir/MiniOzoneClusterImpl-71ef5771-1bca-432b-8888-38dc3c8d5d63/ozone-meta/datanode-5/ratis/aea16cb5-2fb9-4400-8f02-f7fc422c7f28/current/log_inprogress_0
2024-05-12 17:41:37,424 [grpc-default-executor-0] INFO  server.RaftServer$Division (RaftServerImpl.java:requestVote(1422)) - 3523888c-df3a-4c75-876a-f320dc6c9584@group-EE852451A390 replies to ELECTION vote request: d999a49d-42de-484c-a75f-ffa132e9c3a5<-3523888c-df3a-4c75-876a-f320dc6c9584#0:OK-t1. Peer's state: 3523888c-df3a-4c75-876a-f320dc6c9584@group-EE852451A390:t1, leader=null, voted=d999a49d-42de-484c-a75f-ffa132e9c3a5, raftlog=Memoized:3523888c-df3a-4c75-876a-f320dc6c9584@group-EE852451A390-SegmentedRaftLog:OPENED:c-1, conf=-1: peers:[d999a49d-42de-484c-a75f-ffa132e9c3a5|127.0.0.1:15344, 2ef8d649-4864-4b9a-81a6-122cf2174905|127.0.0.1:15353, 3523888c-df3a-4c75-876a-f320dc6c9584|127.0.0.1:15335]|listeners:[], old=null
2024-05-12 17:41:37,424 [d999a49d-42de-484c-a75f-ffa132e9c3a5@group-EE852451A390-LeaderElection277] INFO  impl.LeaderElection (LeaderElection.java:logAndReturn(89)) - d999a49d-42de-484c-a75f-ffa132e9c3a5@group-EE852451A390-LeaderElection277: ELECTION PASSED received 1 response(s) and 0 exception(s):
2024-05-12 17:41:37,424 [d999a49d-42de-484c-a75f-ffa132e9c3a5@group-EE852451A390-LeaderElection277] INFO  impl.LeaderElection (LeaderElection.java:logAndReturn(93)) -   Response 0: d999a49d-42de-484c-a75f-ffa132e9c3a5<-3523888c-df3a-4c75-876a-f320dc6c9584#0:OK-t1
2024-05-12 17:41:37,424 [d999a49d-42de-484c-a75f-ffa132e9c3a5@group-EE852451A390-LeaderElection277] INFO  impl.LeaderElection (LeaderElection.java:askForVotes(323)) - d999a49d-42de-484c-a75f-ffa132e9c3a5@group-EE852451A390-LeaderElection277 ELECTION round 0: result PASSED
2024-05-12 17:41:37,424 [d999a49d-42de-484c-a75f-ffa132e9c3a5@group-EE852451A390-LeaderElection277] INFO  impl.RoleInfo (RoleInfo.java:shutdownLeaderElection(130)) - d999a49d-42de-484c-a75f-ffa132e9c3a5: shutdown d999a49d-42de-484c-a75f-ffa132e9c3a5@group-EE852451A390-LeaderElection277
2024-05-12 17:41:37,425 [d999a49d-42de-484c-a75f-ffa132e9c3a5@group-EE852451A390-LeaderElection277] INFO  server.RaftServer$Division (RaftServerImpl.java:setRole(383)) - d999a49d-42de-484c-a75f-ffa132e9c3a5@group-EE852451A390: changes role from CANDIDATE to LEADER at term 1 for changeToLeader
2024-05-12 17:41:37,425 [d999a49d-42de-484c-a75f-ffa132e9c3a5@group-EE852451A390-LeaderElection277] INFO  server.RaftServerConfigKeys (ConfUtils.java:logGet(46)) - raft.server.staging.catchup.gap = 1000 (default)
2024-05-12 17:41:37,425 [d999a49d-42de-484c-a75f-ffa132e9c3a5@group-EE852451A390-LeaderElection277] INFO  server.RaftServerConfigKeys (ConfUtils.java:logGet(46)) - raft.server.write.element-limit = 1024 (custom)
2024-05-12 17:41:37,425 [d999a49d-42de-484c-a75f-ffa132e9c3a5@group-EE852451A390-LeaderElection277] INFO  server.RaftServerConfigKeys (ConfUtils.java:logGet(46)) - raft.server.write.byte-limit = 1024 M (=1073741824) (custom)
2024-05-12 17:41:37,425 [d999a49d-42de-484c-a75f-ffa132e9c3a5@group-EE852451A390-LeaderElection277] INFO  server.RaftServerConfigKeys (ConfUtils.java:logGet(46)) - raft.server.watch.timeout = 3000ms (custom)
2024-05-12 17:41:37,425 [d999a49d-42de-484c-a75f-ffa132e9c3a5@group-EE852451A390-LeaderElection277] INFO  server.RaftServerConfigKeys (ConfUtils.java:logGet(46)) - raft.server.watch.timeout.denomination = 1s (default)
2024-05-12 17:41:37,425 [d999a49d-42de-484c-a75f-ffa132e9c3a5@group-EE852451A390-LeaderElection277] INFO  server.RaftServerConfigKeys (ConfUtils.java:logGet(46)) - raft.server.watch.element-limit = 65536 (default)
2024-05-12 17:41:37,425 [d999a49d-42de-484c-a75f-ffa132e9c3a5@group-EE852451A390-LeaderElection277] INFO  server.RaftServerConfigKeys (ConfUtils.java:logGet(46)) - raft.server.read.leader.lease.enabled = false (default)
2024-05-12 17:41:37,425 [d999a49d-42de-484c-a75f-ffa132e9c3a5@group-EE852451A390-LeaderElection277] INFO  server.RaftServerConfigKeys (ConfUtils.java:logGet(46)) - raft.server.read.leader.lease.timeout.ratio = 0.9 (default)
2024-05-12 17:41:37,425 [d999a49d-42de-484c-a75f-ffa132e9c3a5@group-EE852451A390-LeaderElection277] INFO  server.RaftServerConfigKeys (ConfUtils.java:logGet(46)) - raft.server.rpc.timeout.min = 1s (custom)
2024-05-12 17:41:37,425 [d999a49d-42de-484c-a75f-ffa132e9c3a5@group-EE852451A390-LeaderElection277] INFO  server.RaftServerConfigKeys (ConfUtils.java:logGet(46)) - raft.server.write.element-limit = 1024 (custom)
2024-05-12 17:41:37,425 [d999a49d-42de-484c-a75f-ffa132e9c3a5@group-EE852451A390-LeaderElection277] INFO  server.RaftServerConfigKeys (ConfUtils.java:logGet(46)) - raft.server.write.follower.gap.ratio.max = -1.0 (default)
2024-05-12 17:41:37,426 [d999a49d-42de-484c-a75f-ffa132e9c3a5@group-EE852451A390-LeaderElection277] INFO  server.RaftServerConfigKeys (ConfUtils.java:logGet(46)) - raft.server.log.appender.snapshot.chunk.size.max = 16MB (=16777216) (default)
2024-05-12 17:41:37,426 [d999a49d-42de-484c-a75f-ffa132e9c3a5@group-EE852451A390-LeaderElection277] INFO  server.RaftServerConfigKeys (ConfUtils.java:logGet(46)) - raft.server.log.appender.buffer.byte-limit = 8388608 (custom)
2024-05-12 17:41:37,426 [3523888c-df3a-4c75-876a-f320dc6c9584@group-F7FC422C7F28-StateMachineUpdater] INFO  server.RaftServer$Division (LeaderStateImpl.java:isApplied(320)) - leader is ready since appliedIndex == 0 >= startIndex == 0
2024-05-12 17:41:37,426 [d999a49d-42de-484c-a75f-ffa132e9c3a5@group-EE852451A390-LeaderElection277] INFO  server.RaftServerConfigKeys (ConfUtils.java:logGet(46)) - raft.server.log.appender.buffer.element-limit = 1 (custom)
2024-05-12 17:41:37,426 [d999a49d-42de-484c-a75f-ffa132e9c3a5@group-EE852451A390-LeaderElection277] INFO  server.RaftServerConfigKeys (ConfUtils.java:logGet(46)) - raft.server.log.appender.wait-time.min = 0ms (custom)
2024-05-12 17:41:37,426 [d999a49d-42de-484c-a75f-ffa132e9c3a5@group-EE852451A390-LeaderElection277] INFO  grpc.GrpcConfigKeys (ConfUtils.java:logGet(46)) - raft.grpc.server.leader.outstanding.appends.max = 8 (default)
2024-05-12 17:41:37,426 [d999a49d-42de-484c-a75f-ffa132e9c3a5@group-EE852451A390-LeaderElection277] INFO  server.RaftServerConfigKeys (ConfUtils.java:logGet(46)) - raft.server.rpc.request.timeout = 3000ms (default)
2024-05-12 17:41:37,426 [d999a49d-42de-484c-a75f-ffa132e9c3a5@group-EE852451A390-LeaderElection277] INFO  grpc.GrpcConfigKeys (ConfUtils.java:logGet(46)) - raft.grpc.server.install_snapshot.request.element-limit = 8 (default)
2024-05-12 17:41:37,426 [d999a49d-42de-484c-a75f-ffa132e9c3a5@group-EE852451A390-LeaderElection277] INFO  grpc.GrpcConfigKeys (ConfUtils.java:logGet(46)) - raft.grpc.server.install_snapshot.request.timeout = 3000ms (default)
2024-05-12 17:41:37,426 [d999a49d-42de-484c-a75f-ffa132e9c3a5@group-EE852451A390-LeaderElection277] INFO  grpc.GrpcConfigKeys (ConfUtils.java:logGet(46)) - raft.grpc.server.log-message.batch.duration = 5s (default)
2024-05-12 17:41:37,427 [d999a49d-42de-484c-a75f-ffa132e9c3a5@group-EE852451A390-LeaderElection277] INFO  server.RaftServerConfigKeys (ConfUtils.java:logGet(46)) - raft.server.log.appender.install.snapshot.enabled = false (custom)
2024-05-12 17:41:37,427 [d999a49d-42de-484c-a75f-ffa132e9c3a5@group-EE852451A390-LeaderElection277] INFO  grpc.GrpcConfigKeys (ConfUtils.java:logGet(46)) - raft.grpc.server.heartbeat.channel = true (default)
2024-05-12 17:41:37,427 [d999a49d-42de-484c-a75f-ffa132e9c3a5@group-EE852451A390-LeaderElection277] INFO  server.RaftServerConfigKeys (ConfUtils.java:logGet(46)) - raft.server.log.appender.snapshot.chunk.size.max = 16MB (=16777216) (default)
2024-05-12 17:41:37,427 [d999a49d-42de-484c-a75f-ffa132e9c3a5@group-EE852451A390-LeaderElection277] INFO  server.RaftServerConfigKeys (ConfUtils.java:logGet(46)) - raft.server.log.appender.buffer.byte-limit = 8388608 (custom)
2024-05-12 17:41:37,427 [d999a49d-42de-484c-a75f-ffa132e9c3a5@group-EE852451A390-LeaderElection277] INFO  server.RaftServerConfigKeys (ConfUtils.java:logGet(46)) - raft.server.log.appender.buffer.element-limit = 1 (custom)
2024-05-12 17:41:37,427 [d999a49d-42de-484c-a75f-ffa132e9c3a5@group-EE852451A390-LeaderElection277] INFO  server.RaftServerConfigKeys (ConfUtils.java:logGet(46)) - raft.server.log.appender.wait-time.min = 0ms (custom)
2024-05-12 17:41:37,427 [d999a49d-42de-484c-a75f-ffa132e9c3a5@group-EE852451A390-LeaderElection277] INFO  grpc.GrpcConfigKeys (ConfUtils.java:logGet(46)) - raft.grpc.server.leader.outstanding.appends.max = 8 (default)
2024-05-12 17:41:37,428 [d999a49d-42de-484c-a75f-ffa132e9c3a5@group-EE852451A390-LeaderElection277] INFO  server.RaftServerConfigKeys (ConfUtils.java:logGet(46)) - raft.server.rpc.request.timeout = 3000ms (default)
2024-05-12 17:41:37,428 [d999a49d-42de-484c-a75f-ffa132e9c3a5@group-EE852451A390-LeaderElection277] INFO  grpc.GrpcConfigKeys (ConfUtils.java:logGet(46)) - raft.grpc.server.install_snapshot.request.element-limit = 8 (default)
2024-05-12 17:41:37,428 [d999a49d-42de-484c-a75f-ffa132e9c3a5@group-EE852451A390-LeaderElection277] INFO  grpc.GrpcConfigKeys (ConfUtils.java:logGet(46)) - raft.grpc.server.install_snapshot.request.timeout = 3000ms (default)
2024-05-12 17:41:37,428 [d999a49d-42de-484c-a75f-ffa132e9c3a5@group-EE852451A390-LeaderElection277] INFO  grpc.GrpcConfigKeys (ConfUtils.java:logGet(46)) - raft.grpc.server.log-message.batch.duration = 5s (default)
2024-05-12 17:41:37,427 [2ef8d649-4864-4b9a-81a6-122cf2174905@group-3A7C072B2D7F-FollowerState] INFO  impl.FollowerState (FollowerState.java:run(143)) - 2ef8d649-4864-4b9a-81a6-122cf2174905@group-3A7C072B2D7F-FollowerState: change to CANDIDATE, lastRpcElapsedTime:1113490616ns, electionTimeout:1113ms
2024-05-12 17:41:37,428 [2ef8d649-4864-4b9a-81a6-122cf2174905@group-3A7C072B2D7F-FollowerState] INFO  impl.RoleInfo (RoleInfo.java:shutdownFollowerState(110)) - 2ef8d649-4864-4b9a-81a6-122cf2174905: shutdown 2ef8d649-4864-4b9a-81a6-122cf2174905@group-3A7C072B2D7F-FollowerState
2024-05-12 17:41:37,428 [2ef8d649-4864-4b9a-81a6-122cf2174905@group-3A7C072B2D7F-FollowerState] INFO  server.RaftServer$Division (RaftServerImpl.java:setRole(383)) - 2ef8d649-4864-4b9a-81a6-122cf2174905@group-3A7C072B2D7F: changes role from  FOLLOWER to CANDIDATE at term 0 for changeToCandidate
2024-05-12 17:41:37,428 [2ef8d649-4864-4b9a-81a6-122cf2174905@group-3A7C072B2D7F-FollowerState] INFO  server.RaftServerConfigKeys (ConfUtils.java:logGet(46)) - raft.server.leaderelection.pre-vote = true (default)
2024-05-12 17:41:37,428 [2ef8d649-4864-4b9a-81a6-122cf2174905@group-3A7C072B2D7F-FollowerState] INFO  impl.RoleInfo (RoleInfo.java:updateAndGet(139)) - 2ef8d649-4864-4b9a-81a6-122cf2174905: start 2ef8d649-4864-4b9a-81a6-122cf2174905@group-3A7C072B2D7F-LeaderElection278
2024-05-12 17:41:37,428 [d999a49d-42de-484c-a75f-ffa132e9c3a5@group-EE852451A390-LeaderElection277] INFO  server.RaftServerConfigKeys (ConfUtils.java:logGet(46)) - raft.server.log.appender.install.snapshot.enabled = false (custom)
2024-05-12 17:41:37,428 [d999a49d-42de-484c-a75f-ffa132e9c3a5@group-EE852451A390-LeaderElection277] INFO  grpc.GrpcConfigKeys (ConfUtils.java:logGet(46)) - raft.grpc.server.heartbeat.channel = true (default)
2024-05-12 17:41:37,428 [d999a49d-42de-484c-a75f-ffa132e9c3a5@group-EE852451A390-LeaderElection277] INFO  impl.RoleInfo (RoleInfo.java:updateAndGet(139)) - d999a49d-42de-484c-a75f-ffa132e9c3a5: start d999a49d-42de-484c-a75f-ffa132e9c3a5@group-EE852451A390-LeaderStateImpl
2024-05-12 17:41:37,428 [d999a49d-42de-484c-a75f-ffa132e9c3a5@group-EE852451A390-LeaderElection277] INFO  server.RaftServer$Division (RaftServerImpl.java:setFirstElection(574)) - d999a49d-42de-484c-a75f-ffa132e9c3a5@group-EE852451A390: set firstElectionSinceStartup to false for becomeLeader
2024-05-12 17:41:37,428 [d999a49d-42de-484c-a75f-ffa132e9c3a5@group-EE852451A390-LeaderElection277] INFO  ratis.XceiverServerRatis (XceiverServerRatis.java:handleLeaderChangedNotification(966)) - Leader change notification received for group: group-EE852451A390 with new leaderId: d999a49d-42de-484c-a75f-ffa132e9c3a5
2024-05-12 17:41:37,429 [d999a49d-42de-484c-a75f-ffa132e9c3a5@group-EE852451A390-LeaderElection277] INFO  server.RaftServer$Division (ServerState.java:setLeader(269)) - d999a49d-42de-484c-a75f-ffa132e9c3a5@group-EE852451A390: change Leader from null to d999a49d-42de-484c-a75f-ffa132e9c3a5 at term 1 for becomeLeader, leader elected after 1188ms
2024-05-12 17:41:37,429 [d999a49d-42de-484c-a75f-ffa132e9c3a5@group-EE852451A390-LeaderElection277] INFO  segmented.SegmentedRaftLogWorker (SegmentedRaftLogWorker.java:startLogSegment(430)) - d999a49d-42de-484c-a75f-ffa132e9c3a5@group-EE852451A390-SegmentedRaftLogWorker: Starting segment from index:0
2024-05-12 17:41:37,429 [d999a49d-42de-484c-a75f-ffa132e9c3a5@group-EE852451A390-SegmentedRaftLogWorker] INFO  segmented.BufferedWriteChannel (BufferedWriteChannel.java:open(62)) - open log_inprogress_0 at position 0
2024-05-12 17:41:37,430 [d999a49d-42de-484c-a75f-ffa132e9c3a5@group-EE852451A390-LeaderElection277] INFO  server.RaftServer$Division (ServerState.java:setRaftConf(386)) - d999a49d-42de-484c-a75f-ffa132e9c3a5@group-EE852451A390: set configuration 0: peers:[d999a49d-42de-484c-a75f-ffa132e9c3a5|127.0.0.1:15344, 2ef8d649-4864-4b9a-81a6-122cf2174905|127.0.0.1:15353, 3523888c-df3a-4c75-876a-f320dc6c9584|127.0.0.1:15335]|listeners:[], old=null
2024-05-12 17:41:37,432 [EventQueue-PipelineReportForPipelineReportHandler] INFO  pipeline.PipelineReportHandler (PipelineReportHandler.java:processPipelineReport(136)) - Opened pipeline PipelineID=be042fe2-0951-454f-affe-ee852451a390
2024-05-12 17:41:37,436 [d999a49d-42de-484c-a75f-ffa132e9c3a5@group-EE852451A390-SegmentedRaftLogWorker] INFO  segmented.SegmentedRaftLogWorker (SegmentedRaftLogWorker.java:execute(634)) - d999a49d-42de-484c-a75f-ffa132e9c3a5@group-EE852451A390-SegmentedRaftLogWorker: created new log segment /home/runner/work/ozone/ozone/hadoop-ozone/integration-test/target/test-dir/MiniOzoneClusterImpl-71ef5771-1bca-432b-8888-38dc3c8d5d63/ozone-meta/datanode-5/ratis/be042fe2-0951-454f-affe-ee852451a390/current/log_inprogress_0
2024-05-12 17:41:37,439 [grpc-default-executor-2] INFO  server.RaftServer$Division (RaftServerImpl.java:requestVote(1422)) - 2ef8d649-4864-4b9a-81a6-122cf2174905@group-EE852451A390 replies to ELECTION vote request: d999a49d-42de-484c-a75f-ffa132e9c3a5<-2ef8d649-4864-4b9a-81a6-122cf2174905#0:OK-t1. Peer's state: 2ef8d649-4864-4b9a-81a6-122cf2174905@group-EE852451A390:t1, leader=null, voted=d999a49d-42de-484c-a75f-ffa132e9c3a5, raftlog=Memoized:2ef8d649-4864-4b9a-81a6-122cf2174905@group-EE852451A390-SegmentedRaftLog:OPENED:c-1, conf=-1: peers:[d999a49d-42de-484c-a75f-ffa132e9c3a5|127.0.0.1:15344, 2ef8d649-4864-4b9a-81a6-122cf2174905|127.0.0.1:15353, 3523888c-df3a-4c75-876a-f320dc6c9584|127.0.0.1:15335]|listeners:[], old=null
2024-05-12 17:41:37,439 [grpc-default-executor-3] INFO  impl.VoteContext (VoteContext.java:log(49)) - 2ef8d649-4864-4b9a-81a6-122cf2174905@group-EE852451A390-FOLLOWER: accept PRE_VOTE from d999a49d-42de-484c-a75f-ffa132e9c3a5: our priority 0 <= candidate's priority 1
2024-05-12 17:41:37,439 [grpc-default-executor-3] INFO  server.RaftServer$Division (RaftServerImpl.java:requestVote(1422)) - 2ef8d649-4864-4b9a-81a6-122cf2174905@group-EE852451A390 replies to PRE_VOTE vote request: d999a49d-42de-484c-a75f-ffa132e9c3a5<-2ef8d649-4864-4b9a-81a6-122cf2174905#0:OK-t1. Peer's state: 2ef8d649-4864-4b9a-81a6-122cf2174905@group-EE852451A390:t1, leader=null, voted=d999a49d-42de-484c-a75f-ffa132e9c3a5, raftlog=Memoized:2ef8d649-4864-4b9a-81a6-122cf2174905@group-EE852451A390-SegmentedRaftLog:OPENED:c-1, conf=-1: peers:[d999a49d-42de-484c-a75f-ffa132e9c3a5|127.0.0.1:15344, 2ef8d649-4864-4b9a-81a6-122cf2174905|127.0.0.1:15353, 3523888c-df3a-4c75-876a-f320dc6c9584|127.0.0.1:15335]|listeners:[], old=null
2024-05-12 17:41:37,442 [2ef8d649-4864-4b9a-81a6-122cf2174905@group-3A7C072B2D7F-LeaderElection278] INFO  impl.LeaderElection (LeaderElection.java:askForVotes(321)) - 2ef8d649-4864-4b9a-81a6-122cf2174905@group-3A7C072B2D7F-LeaderElection278 PRE_VOTE round 0: submit vote requests at term 0 for -1: peers:[2ef8d649-4864-4b9a-81a6-122cf2174905|127.0.0.1:15353]|listeners:[], old=null
2024-05-12 17:41:37,442 [2ef8d649-4864-4b9a-81a6-122cf2174905@group-3A7C072B2D7F-LeaderElection278] INFO  impl.LeaderElection (LeaderElection.java:askForVotes(323)) - 2ef8d649-4864-4b9a-81a6-122cf2174905@group-3A7C072B2D7F-LeaderElection278 PRE_VOTE round 0: result PASSED (term=0)
2024-05-12 17:41:37,443 [2ef8d649-4864-4b9a-81a6-122cf2174905@group-3A7C072B2D7F-LeaderElection278] INFO  impl.LeaderElection (LeaderElection.java:askForVotes(321)) - 2ef8d649-4864-4b9a-81a6-122cf2174905@group-3A7C072B2D7F-LeaderElection278 ELECTION round 0: submit vote requests at term 1 for -1: peers:[2ef8d649-4864-4b9a-81a6-122cf2174905|127.0.0.1:15353]|listeners:[], old=null
2024-05-12 17:41:37,443 [2ef8d649-4864-4b9a-81a6-122cf2174905@group-3A7C072B2D7F-LeaderElection278] INFO  impl.LeaderElection (LeaderElection.java:askForVotes(323)) - 2ef8d649-4864-4b9a-81a6-122cf2174905@group-3A7C072B2D7F-LeaderElection278 ELECTION round 0: result PASSED (term=1)
2024-05-12 17:41:37,443 [2ef8d649-4864-4b9a-81a6-122cf2174905@group-3A7C072B2D7F-LeaderElection278] INFO  impl.RoleInfo (RoleInfo.java:shutdownLeaderElection(130)) - 2ef8d649-4864-4b9a-81a6-122cf2174905: shutdown 2ef8d649-4864-4b9a-81a6-122cf2174905@group-3A7C072B2D7F-LeaderElection278
2024-05-12 17:41:37,443 [2ef8d649-4864-4b9a-81a6-122cf2174905@group-3A7C072B2D7F-LeaderElection278] INFO  server.RaftServer$Division (RaftServerImpl.java:setRole(383)) - 2ef8d649-4864-4b9a-81a6-122cf2174905@group-3A7C072B2D7F: changes role from CANDIDATE to LEADER at term 1 for changeToLeader
2024-05-12 17:41:37,443 [2ef8d649-4864-4b9a-81a6-122cf2174905@group-3A7C072B2D7F-LeaderElection278] INFO  server.RaftServerConfigKeys (ConfUtils.java:logGet(46)) - raft.server.staging.catchup.gap = 1000 (default)
2024-05-12 17:41:37,444 [2ef8d649-4864-4b9a-81a6-122cf2174905@group-3A7C072B2D7F-LeaderElection278] INFO  server.RaftServerConfigKeys (ConfUtils.java:logGet(46)) - raft.server.write.element-limit = 1024 (custom)
2024-05-12 17:41:37,444 [2ef8d649-4864-4b9a-81a6-122cf2174905@group-3A7C072B2D7F-LeaderElection278] INFO  server.RaftServerConfigKeys (ConfUtils.java:logGet(46)) - raft.server.write.byte-limit = 1024 M (=1073741824) (custom)
2024-05-12 17:41:37,444 [2ef8d649-4864-4b9a-81a6-122cf2174905@group-3A7C072B2D7F-LeaderElection278] INFO  server.RaftServerConfigKeys (ConfUtils.java:logGet(46)) - raft.server.watch.timeout = 3000ms (custom)
2024-05-12 17:41:37,444 [2ef8d649-4864-4b9a-81a6-122cf2174905@group-3A7C072B2D7F-LeaderElection278] INFO  server.RaftServerConfigKeys (ConfUtils.java:logGet(46)) - raft.server.watch.timeout.denomination = 1s (default)
2024-05-12 17:41:37,444 [2ef8d649-4864-4b9a-81a6-122cf2174905@group-3A7C072B2D7F-LeaderElection278] INFO  server.RaftServerConfigKeys (ConfUtils.java:logGet(46)) - raft.server.watch.element-limit = 65536 (default)
2024-05-12 17:41:37,444 [2ef8d649-4864-4b9a-81a6-122cf2174905@group-3A7C072B2D7F-LeaderElection278] INFO  server.RaftServerConfigKeys (ConfUtils.java:logGet(46)) - raft.server.read.leader.lease.enabled = false (default)
2024-05-12 17:41:37,444 [2ef8d649-4864-4b9a-81a6-122cf2174905@group-3A7C072B2D7F-LeaderElection278] INFO  server.RaftServerConfigKeys (ConfUtils.java:logGet(46)) - raft.server.read.leader.lease.timeout.ratio = 0.9 (default)
2024-05-12 17:41:37,444 [2ef8d649-4864-4b9a-81a6-122cf2174905@group-3A7C072B2D7F-LeaderElection278] INFO  server.RaftServerConfigKeys (ConfUtils.java:logGet(46)) - raft.server.rpc.timeout.min = 1s (custom)
2024-05-12 17:41:37,444 [2ef8d649-4864-4b9a-81a6-122cf2174905@group-3A7C072B2D7F-LeaderElection278] INFO  server.RaftServerConfigKeys (ConfUtils.java:logGet(46)) - raft.server.write.element-limit = 1024 (custom)
2024-05-12 17:41:37,444 [2ef8d649-4864-4b9a-81a6-122cf2174905@group-3A7C072B2D7F-LeaderElection278] INFO  server.RaftServerConfigKeys (ConfUtils.java:logGet(46)) - raft.server.write.follower.gap.ratio.max = -1.0 (default)
2024-05-12 17:41:37,445 [2ef8d649-4864-4b9a-81a6-122cf2174905@group-3A7C072B2D7F-LeaderElection278] INFO  impl.RoleInfo (RoleInfo.java:updateAndGet(139)) - 2ef8d649-4864-4b9a-81a6-122cf2174905: start 2ef8d649-4864-4b9a-81a6-122cf2174905@group-3A7C072B2D7F-LeaderStateImpl
2024-05-12 17:41:37,445 [2ef8d649-4864-4b9a-81a6-122cf2174905@group-3A7C072B2D7F-LeaderElection278] INFO  server.RaftServer$Division (RaftServerImpl.java:setFirstElection(574)) - 2ef8d649-4864-4b9a-81a6-122cf2174905@group-3A7C072B2D7F: set firstElectionSinceStartup to false for becomeLeader
2024-05-12 17:41:37,445 [2ef8d649-4864-4b9a-81a6-122cf2174905@group-3A7C072B2D7F-LeaderElection278] INFO  ratis.XceiverServerRatis (XceiverServerRatis.java:handleLeaderChangedNotification(966)) - Leader change notification received for group: group-3A7C072B2D7F with new leaderId: 2ef8d649-4864-4b9a-81a6-122cf2174905
2024-05-12 17:41:37,445 [2ef8d649-4864-4b9a-81a6-122cf2174905@group-3A7C072B2D7F-LeaderElection278] INFO  server.RaftServer$Division (ServerState.java:setLeader(269)) - 2ef8d649-4864-4b9a-81a6-122cf2174905@group-3A7C072B2D7F: change Leader from null to 2ef8d649-4864-4b9a-81a6-122cf2174905 at term 1 for becomeLeader, leader elected after 1163ms
2024-05-12 17:41:37,445 [2ef8d649-4864-4b9a-81a6-122cf2174905@group-3A7C072B2D7F-LeaderElection278] INFO  segmented.SegmentedRaftLogWorker (SegmentedRaftLogWorker.java:startLogSegment(430)) - 2ef8d649-4864-4b9a-81a6-122cf2174905@group-3A7C072B2D7F-SegmentedRaftLogWorker: Starting segment from index:0
2024-05-12 17:41:37,445 [2ef8d649-4864-4b9a-81a6-122cf2174905@group-3A7C072B2D7F-SegmentedRaftLogWorker] INFO  segmented.BufferedWriteChannel (BufferedWriteChannel.java:open(62)) - open log_inprogress_0 at position 0
2024-05-12 17:41:37,446 [2ef8d649-4864-4b9a-81a6-122cf2174905@group-3A7C072B2D7F-LeaderElection278] INFO  server.RaftServer$Division (ServerState.java:setRaftConf(386)) - 2ef8d649-4864-4b9a-81a6-122cf2174905@group-3A7C072B2D7F: set configuration 0: peers:[2ef8d649-4864-4b9a-81a6-122cf2174905|127.0.0.1:15353]|listeners:[], old=null
2024-05-12 17:41:37,450 [3523888c-df3a-4c75-876a-f320dc6c9584-server-thread1] INFO  ratis.XceiverServerRatis (XceiverServerRatis.java:handleLeaderChangedNotification(966)) - Leader change notification received for group: group-EE852451A390 with new leaderId: d999a49d-42de-484c-a75f-ffa132e9c3a5
2024-05-12 17:41:37,450 [3523888c-df3a-4c75-876a-f320dc6c9584-server-thread1] INFO  server.RaftServer$Division (ServerState.java:setLeader(269)) - 3523888c-df3a-4c75-876a-f320dc6c9584@group-EE852451A390: change Leader from null to d999a49d-42de-484c-a75f-ffa132e9c3a5 at term 1 for appendEntries, leader elected after 1181ms
2024-05-12 17:41:37,450 [2ef8d649-4864-4b9a-81a6-122cf2174905-server-thread1] INFO  ratis.XceiverServerRatis (XceiverServerRatis.java:handleLeaderChangedNotification(966)) - Leader change notification received for group: group-EE852451A390 with new leaderId: d999a49d-42de-484c-a75f-ffa132e9c3a5
2024-05-12 17:41:37,450 [2ef8d649-4864-4b9a-81a6-122cf2174905-server-thread1] INFO  server.RaftServer$Division (ServerState.java:setLeader(269)) - 2ef8d649-4864-4b9a-81a6-122cf2174905@group-EE852451A390: change Leader from null to d999a49d-42de-484c-a75f-ffa132e9c3a5 at term 1 for appendEntries, leader elected after 1170ms
2024-05-12 17:41:37,450 [3523888c-df3a-4c75-876a-f320dc6c9584-server-thread2] INFO  server.RaftServer$Division (ServerState.java:setRaftConf(386)) - 3523888c-df3a-4c75-876a-f320dc6c9584@group-EE852451A390: set configuration 0: peers:[d999a49d-42de-484c-a75f-ffa132e9c3a5|127.0.0.1:15344, 2ef8d649-4864-4b9a-81a6-122cf2174905|127.0.0.1:15353, 3523888c-df3a-4c75-876a-f320dc6c9584|127.0.0.1:15335]|listeners:[], old=null
2024-05-12 17:41:37,451 [3523888c-df3a-4c75-876a-f320dc6c9584-server-thread2] INFO  segmented.SegmentedRaftLogWorker (SegmentedRaftLogWorker.java:startLogSegment(430)) - 3523888c-df3a-4c75-876a-f320dc6c9584@group-EE852451A390-SegmentedRaftLogWorker: Starting segment from index:0
2024-05-12 17:41:37,451 [3523888c-df3a-4c75-876a-f320dc6c9584@group-EE852451A390-SegmentedRaftLogWorker] INFO  segmented.BufferedWriteChannel (BufferedWriteChannel.java:open(62)) - open log_inprogress_0 at position 0
2024-05-12 17:41:37,456 [fa054618-3a8f-49b0-93d4-5933c936b659@group-2BFC12537A18-FollowerState] INFO  impl.FollowerState (FollowerState.java:run(143)) - fa054618-3a8f-49b0-93d4-5933c936b659@group-2BFC12537A18-FollowerState: change to CANDIDATE, lastRpcElapsedTime:1033979142ns, electionTimeout:1033ms
2024-05-12 17:41:37,456 [fa054618-3a8f-49b0-93d4-5933c936b659@group-2BFC12537A18-FollowerState] INFO  impl.RoleInfo (RoleInfo.java:shutdownFollowerState(110)) - fa054618-3a8f-49b0-93d4-5933c936b659: shutdown fa054618-3a8f-49b0-93d4-5933c936b659@group-2BFC12537A18-FollowerState
2024-05-12 17:41:37,456 [fa054618-3a8f-49b0-93d4-5933c936b659@group-2BFC12537A18-FollowerState] INFO  server.RaftServer$Division (RaftServerImpl.java:setRole(383)) - fa054618-3a8f-49b0-93d4-5933c936b659@group-2BFC12537A18: changes role from  FOLLOWER to CANDIDATE at term 0 for changeToCandidate
2024-05-12 17:41:37,456 [fa054618-3a8f-49b0-93d4-5933c936b659@group-2BFC12537A18-FollowerState] INFO  server.RaftServerConfigKeys (ConfUtils.java:logGet(46)) - raft.server.leaderelection.pre-vote = true (default)
2024-05-12 17:41:37,456 [fa054618-3a8f-49b0-93d4-5933c936b659@group-2BFC12537A18-FollowerState] INFO  impl.RoleInfo (RoleInfo.java:updateAndGet(139)) - fa054618-3a8f-49b0-93d4-5933c936b659: start fa054618-3a8f-49b0-93d4-5933c936b659@group-2BFC12537A18-LeaderElection279
2024-05-12 17:41:37,457 [2ef8d649-4864-4b9a-81a6-122cf2174905@group-3A7C072B2D7F-SegmentedRaftLogWorker] INFO  segmented.SegmentedRaftLogWorker (SegmentedRaftLogWorker.java:execute(634)) - 2ef8d649-4864-4b9a-81a6-122cf2174905@group-3A7C072B2D7F-SegmentedRaftLogWorker: created new log segment /home/runner/work/ozone/ozone/hadoop-ozone/integration-test/target/test-dir/MiniOzoneClusterImpl-71ef5771-1bca-432b-8888-38dc3c8d5d63/ozone-meta/datanode-6/ratis/e7c6f6b6-8a82-428b-8774-3a7c072b2d7f/current/log_inprogress_0
2024-05-12 17:41:37,458 [3523888c-df3a-4c75-876a-f320dc6c9584@group-EE852451A390-SegmentedRaftLogWorker] INFO  segmented.SegmentedRaftLogWorker (SegmentedRaftLogWorker.java:execute(634)) - 3523888c-df3a-4c75-876a-f320dc6c9584@group-EE852451A390-SegmentedRaftLogWorker: created new log segment /home/runner/work/ozone/ozone/hadoop-ozone/integration-test/target/test-dir/MiniOzoneClusterImpl-71ef5771-1bca-432b-8888-38dc3c8d5d63/ozone-meta/datanode-4/ratis/be042fe2-0951-454f-affe-ee852451a390/current/log_inprogress_0
2024-05-12 17:41:37,459 [2ef8d649-4864-4b9a-81a6-122cf2174905@group-3A7C072B2D7F-StateMachineUpdater] INFO  server.RaftServer$Division (LeaderStateImpl.java:isApplied(320)) - leader is ready since appliedIndex == 0 >= startIndex == 0
2024-05-12 17:41:37,460 [d999a49d-42de-484c-a75f-ffa132e9c3a5@group-EE852451A390-StateMachineUpdater] INFO  server.RaftServer$Division (LeaderStateImpl.java:isApplied(320)) - leader is ready since appliedIndex == 0 >= startIndex == 0
2024-05-12 17:41:37,463 [2ef8d649-4864-4b9a-81a6-122cf2174905-server-thread3] INFO  server.RaftServer$Division (ServerState.java:setRaftConf(386)) - 2ef8d649-4864-4b9a-81a6-122cf2174905@group-EE852451A390: set configuration 0: peers:[d999a49d-42de-484c-a75f-ffa132e9c3a5|127.0.0.1:15344, 2ef8d649-4864-4b9a-81a6-122cf2174905|127.0.0.1:15353, 3523888c-df3a-4c75-876a-f320dc6c9584|127.0.0.1:15335]|listeners:[], old=null
2024-05-12 17:41:37,463 [2ef8d649-4864-4b9a-81a6-122cf2174905-server-thread3] INFO  segmented.SegmentedRaftLogWorker (SegmentedRaftLogWorker.java:startLogSegment(430)) - 2ef8d649-4864-4b9a-81a6-122cf2174905@group-EE852451A390-SegmentedRaftLogWorker: Starting segment from index:0
2024-05-12 17:41:37,463 [2ef8d649-4864-4b9a-81a6-122cf2174905@group-EE852451A390-SegmentedRaftLogWorker] INFO  segmented.BufferedWriteChannel (BufferedWriteChannel.java:open(62)) - open log_inprogress_0 at position 0
2024-05-12 17:41:37,466 [fa054618-3a8f-49b0-93d4-5933c936b659@group-2BFC12537A18-LeaderElection279] INFO  impl.LeaderElection (LeaderElection.java:askForVotes(321)) - fa054618-3a8f-49b0-93d4-5933c936b659@group-2BFC12537A18-LeaderElection279 PRE_VOTE round 0: submit vote requests at term 0 for -1: peers:[93bda13b-2c91-401a-a9f5-fc4ebb9220da|127.0.0.1:15362, fa054618-3a8f-49b0-93d4-5933c936b659|127.0.0.1:15371, a0742c66-ae9f-48ce-9181-086e540b3b62|127.0.0.1:15380]|listeners:[], old=null
2024-05-12 17:41:37,466 [fa054618-3a8f-49b0-93d4-5933c936b659@group-2BFC12537A18-LeaderElection279-1] INFO  server.GrpcServerProtocolClient (GrpcServerProtocolClient.java:<init>(65)) - Build channel for 93bda13b-2c91-401a-a9f5-fc4ebb9220da|127.0.0.1:15362
2024-05-12 17:41:37,466 [fa054618-3a8f-49b0-93d4-5933c936b659@group-2BFC12537A18-LeaderElection279-2] INFO  server.GrpcServerProtocolClient (GrpcServerProtocolClient.java:<init>(65)) - Build channel for a0742c66-ae9f-48ce-9181-086e540b3b62|127.0.0.1:15380
2024-05-12 17:41:37,466 [fa054618-3a8f-49b0-93d4-5933c936b659@group-2BFC12537A18-LeaderElection279] INFO  server.RaftServerConfigKeys (ConfUtils.java:logFallback(53)) - raft.server.rpc.first-election.timeout.min = 1s (fallback to raft.server.rpc.timeout.min)
2024-05-12 17:41:37,468 [fa054618-3a8f-49b0-93d4-5933c936b659@group-2BFC12537A18-LeaderElection279] INFO  server.RaftServerConfigKeys (ConfUtils.java:logFallback(53)) - raft.server.rpc.first-election.timeout.max = 1200ms (fallback to raft.server.rpc.timeout.max)
2024-05-12 17:41:37,469 [main] INFO  ozone.MiniOzoneClusterImpl (MiniOzoneClusterImpl.java:lambda$waitForClusterToBeReady$0(194)) - Nodes are ready. Got 10 of 10 DN Heartbeats.
2024-05-12 17:41:37,469 [main] INFO  ozone.MiniOzoneClusterImpl (MiniOzoneClusterImpl.java:lambda$waitForClusterToBeReady$0(197)) - Cluster exits safe mode
2024-05-12 17:41:37,469 [main] INFO  ozone.MiniOzoneClusterImpl (MiniOzoneClusterImpl.java:lambda$waitForClusterToBeReady$0(199)) - SCM became leader
2024-05-12 17:41:37,470 [2ef8d649-4864-4b9a-81a6-122cf2174905@group-EE852451A390-SegmentedRaftLogWorker] INFO  segmented.SegmentedRaftLogWorker (SegmentedRaftLogWorker.java:execute(634)) - 2ef8d649-4864-4b9a-81a6-122cf2174905@group-EE852451A390-SegmentedRaftLogWorker: created new log segment /home/runner/work/ozone/ozone/hadoop-ozone/integration-test/target/test-dir/MiniOzoneClusterImpl-71ef5771-1bca-432b-8888-38dc3c8d5d63/ozone-meta/datanode-6/ratis/be042fe2-0951-454f-affe-ee852451a390/current/log_inprogress_0
2024-05-12 17:41:37,471 [grpc-default-executor-3] INFO  server.RaftServer$Division (RaftServerImpl.java:requestVote(1389)) - a0742c66-ae9f-48ce-9181-086e540b3b62@group-2BFC12537A18: receive requestVote(PRE_VOTE, fa054618-3a8f-49b0-93d4-5933c936b659, group-2BFC12537A18, 0, (t:0, i:0))
2024-05-12 17:41:37,471 [grpc-default-executor-3] INFO  impl.VoteContext (VoteContext.java:log(49)) - a0742c66-ae9f-48ce-9181-086e540b3b62@group-2BFC12537A18-FOLLOWER: accept PRE_VOTE from fa054618-3a8f-49b0-93d4-5933c936b659: our priority 0 <= candidate's priority 1
2024-05-12 17:41:37,471 [grpc-default-executor-3] INFO  server.RaftServer$Division (RaftServerImpl.java:requestVote(1422)) - a0742c66-ae9f-48ce-9181-086e540b3b62@group-2BFC12537A18 replies to PRE_VOTE vote request: fa054618-3a8f-49b0-93d4-5933c936b659<-a0742c66-ae9f-48ce-9181-086e540b3b62#0:OK-t0. Peer's state: a0742c66-ae9f-48ce-9181-086e540b3b62@group-2BFC12537A18:t0, leader=null, voted=, raftlog=Memoized:a0742c66-ae9f-48ce-9181-086e540b3b62@group-2BFC12537A18-SegmentedRaftLog:OPENED:c-1, conf=-1: peers:[93bda13b-2c91-401a-a9f5-fc4ebb9220da|127.0.0.1:15362, fa054618-3a8f-49b0-93d4-5933c936b659|127.0.0.1:15371, a0742c66-ae9f-48ce-9181-086e540b3b62|127.0.0.1:15380]|listeners:[], old=null
2024-05-12 17:41:37,472 [grpc-default-executor-3] INFO  server.RaftServer$Division (RaftServerImpl.java:requestVote(1389)) - 93bda13b-2c91-401a-a9f5-fc4ebb9220da@group-2BFC12537A18: receive requestVote(PRE_VOTE, fa054618-3a8f-49b0-93d4-5933c936b659, group-2BFC12537A18, 0, (t:0, i:0))
2024-05-12 17:41:37,472 [fa054618-3a8f-49b0-93d4-5933c936b659@group-2BFC12537A18-LeaderElection279] INFO  impl.LeaderElection (LeaderElection.java:logAndReturn(89)) - fa054618-3a8f-49b0-93d4-5933c936b659@group-2BFC12537A18-LeaderElection279: PRE_VOTE PASSED received 1 response(s) and 0 exception(s):
2024-05-12 17:41:37,472 [fa054618-3a8f-49b0-93d4-5933c936b659@group-2BFC12537A18-LeaderElection279] INFO  impl.LeaderElection (LeaderElection.java:logAndReturn(93)) -   Response 0: fa054618-3a8f-49b0-93d4-5933c936b659<-a0742c66-ae9f-48ce-9181-086e540b3b62#0:OK-t0
2024-05-12 17:41:37,472 [grpc-default-executor-3] INFO  impl.VoteContext (VoteContext.java:log(49)) - 93bda13b-2c91-401a-a9f5-fc4ebb9220da@group-2BFC12537A18-FOLLOWER: accept PRE_VOTE from fa054618-3a8f-49b0-93d4-5933c936b659: our priority 0 <= candidate's priority 1
2024-05-12 17:41:37,472 [grpc-default-executor-3] INFO  server.RaftServer$Division (RaftServerImpl.java:requestVote(1422)) - 93bda13b-2c91-401a-a9f5-fc4ebb9220da@group-2BFC12537A18 replies to PRE_VOTE vote request: fa054618-3a8f-49b0-93d4-5933c936b659<-93bda13b-2c91-401a-a9f5-fc4ebb9220da#0:OK-t0. Peer's state: 93bda13b-2c91-401a-a9f5-fc4ebb9220da@group-2BFC12537A18:t0, leader=null, voted=, raftlog=Memoized:93bda13b-2c91-401a-a9f5-fc4ebb9220da@group-2BFC12537A18-SegmentedRaftLog:OPENED:c-1, conf=-1: peers:[93bda13b-2c91-401a-a9f5-fc4ebb9220da|127.0.0.1:15362, fa054618-3a8f-49b0-93d4-5933c936b659|127.0.0.1:15371, a0742c66-ae9f-48ce-9181-086e540b3b62|127.0.0.1:15380]|listeners:[], old=null
2024-05-12 17:41:37,473 [fa054618-3a8f-49b0-93d4-5933c936b659@group-2BFC12537A18-LeaderElection279] INFO  impl.LeaderElection (LeaderElection.java:askForVotes(323)) - fa054618-3a8f-49b0-93d4-5933c936b659@group-2BFC12537A18-LeaderElection279 PRE_VOTE round 0: result PASSED
2024-05-12 17:41:37,475 [fa054618-3a8f-49b0-93d4-5933c936b659@group-2BFC12537A18-LeaderElection279] INFO  impl.LeaderElection (LeaderElection.java:askForVotes(321)) - fa054618-3a8f-49b0-93d4-5933c936b659@group-2BFC12537A18-LeaderElection279 ELECTION round 0: submit vote requests at term 1 for -1: peers:[93bda13b-2c91-401a-a9f5-fc4ebb9220da|127.0.0.1:15362, fa054618-3a8f-49b0-93d4-5933c936b659|127.0.0.1:15371, a0742c66-ae9f-48ce-9181-086e540b3b62|127.0.0.1:15380]|listeners:[], old=null
2024-05-12 17:41:37,475 [grpc-default-executor-3] INFO  server.RaftServer$Division (RaftServerImpl.java:requestVote(1389)) - 93bda13b-2c91-401a-a9f5-fc4ebb9220da@group-2BFC12537A18: receive requestVote(ELECTION, fa054618-3a8f-49b0-93d4-5933c936b659, group-2BFC12537A18, 1, (t:0, i:0))
2024-05-12 17:41:37,475 [grpc-default-executor-3] INFO  impl.VoteContext (VoteContext.java:log(49)) - 93bda13b-2c91-401a-a9f5-fc4ebb9220da@group-2BFC12537A18-FOLLOWER: accept ELECTION from fa054618-3a8f-49b0-93d4-5933c936b659: our priority 0 <= candidate's priority 1
2024-05-12 17:41:37,476 [grpc-default-executor-3] INFO  server.RaftServer$Division (RaftServerImpl.java:setRole(383)) - 93bda13b-2c91-401a-a9f5-fc4ebb9220da@group-2BFC12537A18: changes role from  FOLLOWER to FOLLOWER at term 1 for candidate:fa054618-3a8f-49b0-93d4-5933c936b659
2024-05-12 17:41:37,476 [grpc-default-executor-3] INFO  impl.RoleInfo (RoleInfo.java:shutdownFollowerState(110)) - 93bda13b-2c91-401a-a9f5-fc4ebb9220da: shutdown 93bda13b-2c91-401a-a9f5-fc4ebb9220da@group-2BFC12537A18-FollowerState
2024-05-12 17:41:37,476 [grpc-default-executor-3] INFO  impl.RoleInfo (RoleInfo.java:updateAndGet(139)) - 93bda13b-2c91-401a-a9f5-fc4ebb9220da: start 93bda13b-2c91-401a-a9f5-fc4ebb9220da@group-2BFC12537A18-FollowerState
2024-05-12 17:41:37,476 [93bda13b-2c91-401a-a9f5-fc4ebb9220da@group-2BFC12537A18-FollowerState] INFO  impl.FollowerState (FollowerState.java:run(152)) - 93bda13b-2c91-401a-a9f5-fc4ebb9220da@group-2BFC12537A18-FollowerState was interrupted
2024-05-12 17:41:37,477 [main] INFO  rpc.RpcClient (RpcClient.java:createVolume(470)) - Creating Volume: datanodefailurehandlingtest, with runner as owner and space quota set to -1 bytes, counts quota set to -1
2024-05-12 17:41:37,478 [93bda13b-2c91-401a-a9f5-fc4ebb9220da@group-5E4FFBC7F286-FollowerState] INFO  impl.FollowerState (FollowerState.java:run(143)) - 93bda13b-2c91-401a-a9f5-fc4ebb9220da@group-5E4FFBC7F286-FollowerState: change to CANDIDATE, lastRpcElapsedTime:1143228557ns, electionTimeout:1142ms
2024-05-12 17:41:37,478 [93bda13b-2c91-401a-a9f5-fc4ebb9220da@group-5E4FFBC7F286-FollowerState] INFO  impl.RoleInfo (RoleInfo.java:shutdownFollowerState(110)) - 93bda13b-2c91-401a-a9f5-fc4ebb9220da: shutdown 93bda13b-2c91-401a-a9f5-fc4ebb9220da@group-5E4FFBC7F286-FollowerState
2024-05-12 17:41:37,478 [93bda13b-2c91-401a-a9f5-fc4ebb9220da@group-5E4FFBC7F286-FollowerState] INFO  server.RaftServer$Division (RaftServerImpl.java:setRole(383)) - 93bda13b-2c91-401a-a9f5-fc4ebb9220da@group-5E4FFBC7F286: changes role from  FOLLOWER to CANDIDATE at term 0 for changeToCandidate
2024-05-12 17:41:37,478 [93bda13b-2c91-401a-a9f5-fc4ebb9220da@group-5E4FFBC7F286-FollowerState] INFO  server.RaftServerConfigKeys (ConfUtils.java:logGet(46)) - raft.server.leaderelection.pre-vote = true (default)
2024-05-12 17:41:37,478 [93bda13b-2c91-401a-a9f5-fc4ebb9220da@group-5E4FFBC7F286-FollowerState] INFO  impl.RoleInfo (RoleInfo.java:updateAndGet(139)) - 93bda13b-2c91-401a-a9f5-fc4ebb9220da: start 93bda13b-2c91-401a-a9f5-fc4ebb9220da@group-5E4FFBC7F286-LeaderElection280
2024-05-12 17:41:37,482 [fa054618-3a8f-49b0-93d4-5933c936b659@group-2BFC12537A18-LeaderElection279] INFO  server.RaftServerConfigKeys (ConfUtils.java:logFallback(53)) - raft.server.rpc.first-election.timeout.min = 1s (fallback to raft.server.rpc.timeout.min)
2024-05-12 17:41:37,482 [fa054618-3a8f-49b0-93d4-5933c936b659@group-2BFC12537A18-LeaderElection279] INFO  server.RaftServerConfigKeys (ConfUtils.java:logFallback(53)) - raft.server.rpc.first-election.timeout.max = 1200ms (fallback to raft.server.rpc.timeout.max)
2024-05-12 17:41:37,482 [grpc-default-executor-3] INFO  server.RaftServer$Division (RaftServerImpl.java:setFirstElection(574)) - 93bda13b-2c91-401a-a9f5-fc4ebb9220da@group-2BFC12537A18: set firstElectionSinceStartup to false for candidate:fa054618-3a8f-49b0-93d4-5933c936b659
2024-05-12 17:41:37,483 [93bda13b-2c91-401a-a9f5-fc4ebb9220da@group-5E4FFBC7F286-LeaderElection280] INFO  impl.LeaderElection (LeaderElection.java:askForVotes(321)) - 93bda13b-2c91-401a-a9f5-fc4ebb9220da@group-5E4FFBC7F286-LeaderElection280 PRE_VOTE round 0: submit vote requests at term 0 for -1: peers:[93bda13b-2c91-401a-a9f5-fc4ebb9220da|127.0.0.1:15362]|listeners:[], old=null
2024-05-12 17:41:37,483 [93bda13b-2c91-401a-a9f5-fc4ebb9220da@group-5E4FFBC7F286-LeaderElection280] INFO  impl.LeaderElection (LeaderElection.java:askForVotes(323)) - 93bda13b-2c91-401a-a9f5-fc4ebb9220da@group-5E4FFBC7F286-LeaderElection280 PRE_VOTE round 0: result PASSED (term=0)
2024-05-12 17:41:37,484 [grpc-default-executor-0] INFO  server.RaftServer$Division (RaftServerImpl.java:requestVote(1389)) - a0742c66-ae9f-48ce-9181-086e540b3b62@group-2BFC12537A18: receive requestVote(ELECTION, fa054618-3a8f-49b0-93d4-5933c936b659, group-2BFC12537A18, 1, (t:0, i:0))
2024-05-12 17:41:37,484 [grpc-default-executor-3] INFO  server.RaftServer$Division (RaftServerImpl.java:requestVote(1422)) - 93bda13b-2c91-401a-a9f5-fc4ebb9220da@group-2BFC12537A18 replies to ELECTION vote request: fa054618-3a8f-49b0-93d4-5933c936b659<-93bda13b-2c91-401a-a9f5-fc4ebb9220da#0:OK-t1. Peer's state: 93bda13b-2c91-401a-a9f5-fc4ebb9220da@group-2BFC12537A18:t1, leader=null, voted=fa054618-3a8f-49b0-93d4-5933c936b659, raftlog=Memoized:93bda13b-2c91-401a-a9f5-fc4ebb9220da@group-2BFC12537A18-SegmentedRaftLog:OPENED:c-1, conf=-1: peers:[93bda13b-2c91-401a-a9f5-fc4ebb9220da|127.0.0.1:15362, fa054618-3a8f-49b0-93d4-5933c936b659|127.0.0.1:15371, a0742c66-ae9f-48ce-9181-086e540b3b62|127.0.0.1:15380]|listeners:[], old=null
2024-05-12 17:41:37,484 [grpc-default-executor-0] INFO  impl.VoteContext (VoteContext.java:log(49)) - a0742c66-ae9f-48ce-9181-086e540b3b62@group-2BFC12537A18-FOLLOWER: accept ELECTION from fa054618-3a8f-49b0-93d4-5933c936b659: our priority 0 <= candidate's priority 1
2024-05-12 17:41:37,484 [grpc-default-executor-0] INFO  server.RaftServer$Division (RaftServerImpl.java:setRole(383)) - a0742c66-ae9f-48ce-9181-086e540b3b62@group-2BFC12537A18: changes role from  FOLLOWER to FOLLOWER at term 1 for candidate:fa054618-3a8f-49b0-93d4-5933c936b659
2024-05-12 17:41:37,484 [grpc-default-executor-0] INFO  impl.RoleInfo (RoleInfo.java:shutdownFollowerState(110)) - a0742c66-ae9f-48ce-9181-086e540b3b62: shutdown a0742c66-ae9f-48ce-9181-086e540b3b62@group-2BFC12537A18-FollowerState
2024-05-12 17:41:37,484 [93bda13b-2c91-401a-a9f5-fc4ebb9220da@group-5E4FFBC7F286-LeaderElection280] INFO  impl.LeaderElection (LeaderElection.java:askForVotes(321)) - 93bda13b-2c91-401a-a9f5-fc4ebb9220da@group-5E4FFBC7F286-LeaderElection280 ELECTION round 0: submit vote requests at term 1 for -1: peers:[93bda13b-2c91-401a-a9f5-fc4ebb9220da|127.0.0.1:15362]|listeners:[], old=null
2024-05-12 17:41:37,484 [grpc-default-executor-0] INFO  impl.RoleInfo (RoleInfo.java:updateAndGet(139)) - a0742c66-ae9f-48ce-9181-086e540b3b62: start a0742c66-ae9f-48ce-9181-086e540b3b62@group-2BFC12537A18-FollowerState
2024-05-12 17:41:37,484 [fa054618-3a8f-49b0-93d4-5933c936b659@group-2BFC12537A18-LeaderElection279] INFO  impl.LeaderElection (LeaderElection.java:logAndReturn(89)) - fa054618-3a8f-49b0-93d4-5933c936b659@group-2BFC12537A18-LeaderElection279: ELECTION PASSED received 1 response(s) and 0 exception(s):
2024-05-12 17:41:37,484 [a0742c66-ae9f-48ce-9181-086e540b3b62@group-2BFC12537A18-FollowerState] INFO  impl.FollowerState (FollowerState.java:run(152)) - a0742c66-ae9f-48ce-9181-086e540b3b62@group-2BFC12537A18-FollowerState was interrupted
2024-05-12 17:41:37,485 [93bda13b-2c91-401a-a9f5-fc4ebb9220da@group-5E4FFBC7F286-LeaderElection280] INFO  impl.LeaderElection (LeaderElection.java:askForVotes(323)) - 93bda13b-2c91-401a-a9f5-fc4ebb9220da@group-5E4FFBC7F286-LeaderElection280 ELECTION round 0: result PASSED (term=1)
2024-05-12 17:41:37,485 [fa054618-3a8f-49b0-93d4-5933c936b659@group-2BFC12537A18-LeaderElection279] INFO  impl.LeaderElection (LeaderElection.java:logAndReturn(93)) -   Response 0: fa054618-3a8f-49b0-93d4-5933c936b659<-93bda13b-2c91-401a-a9f5-fc4ebb9220da#0:OK-t1
2024-05-12 17:41:37,485 [fa054618-3a8f-49b0-93d4-5933c936b659@group-2BFC12537A18-LeaderElection279] INFO  impl.LeaderElection (LeaderElection.java:askForVotes(323)) - fa054618-3a8f-49b0-93d4-5933c936b659@group-2BFC12537A18-LeaderElection279 ELECTION round 0: result PASSED
2024-05-12 17:41:37,485 [fa054618-3a8f-49b0-93d4-5933c936b659@group-2BFC12537A18-LeaderElection279] INFO  impl.RoleInfo (RoleInfo.java:shutdownLeaderElection(130)) - fa054618-3a8f-49b0-93d4-5933c936b659: shutdown fa054618-3a8f-49b0-93d4-5933c936b659@group-2BFC12537A18-LeaderElection279
2024-05-12 17:41:37,485 [fa054618-3a8f-49b0-93d4-5933c936b659@group-2BFC12537A18-LeaderElection279] INFO  server.RaftServer$Division (RaftServerImpl.java:setRole(383)) - fa054618-3a8f-49b0-93d4-5933c936b659@group-2BFC12537A18: changes role from CANDIDATE to LEADER at term 1 for changeToLeader
2024-05-12 17:41:37,485 [fa054618-3a8f-49b0-93d4-5933c936b659@group-2BFC12537A18-LeaderElection279] INFO  server.RaftServerConfigKeys (ConfUtils.java:logGet(46)) - raft.server.staging.catchup.gap = 1000 (default)
2024-05-12 17:41:37,485 [fa054618-3a8f-49b0-93d4-5933c936b659@group-2BFC12537A18-LeaderElection279] INFO  server.RaftServerConfigKeys (ConfUtils.java:logGet(46)) - raft.server.write.element-limit = 1024 (custom)
2024-05-12 17:41:37,486 [fa054618-3a8f-49b0-93d4-5933c936b659@group-2BFC12537A18-LeaderElection279] INFO  server.RaftServerConfigKeys (ConfUtils.java:logGet(46)) - raft.server.write.byte-limit = 1024 M (=1073741824) (custom)
2024-05-12 17:41:37,486 [fa054618-3a8f-49b0-93d4-5933c936b659@group-2BFC12537A18-LeaderElection279] INFO  server.RaftServerConfigKeys (ConfUtils.java:logGet(46)) - raft.server.watch.timeout = 3000ms (custom)
2024-05-12 17:41:37,486 [fa054618-3a8f-49b0-93d4-5933c936b659@group-2BFC12537A18-LeaderElection279] INFO  server.RaftServerConfigKeys (ConfUtils.java:logGet(46)) - raft.server.watch.timeout.denomination = 1s (default)
2024-05-12 17:41:37,486 [fa054618-3a8f-49b0-93d4-5933c936b659@group-2BFC12537A18-LeaderElection279] INFO  server.RaftServerConfigKeys (ConfUtils.java:logGet(46)) - raft.server.watch.element-limit = 65536 (default)
2024-05-12 17:41:37,486 [fa054618-3a8f-49b0-93d4-5933c936b659@group-2BFC12537A18-LeaderElection279] INFO  server.RaftServerConfigKeys (ConfUtils.java:logGet(46)) - raft.server.read.leader.lease.enabled = false (default)
2024-05-12 17:41:37,486 [fa054618-3a8f-49b0-93d4-5933c936b659@group-2BFC12537A18-LeaderElection279] INFO  server.RaftServerConfigKeys (ConfUtils.java:logGet(46)) - raft.server.read.leader.lease.timeout.ratio = 0.9 (default)
2024-05-12 17:41:37,486 [fa054618-3a8f-49b0-93d4-5933c936b659@group-2BFC12537A18-LeaderElection279] INFO  server.RaftServerConfigKeys (ConfUtils.java:logGet(46)) - raft.server.rpc.timeout.min = 1s (custom)
2024-05-12 17:41:37,486 [fa054618-3a8f-49b0-93d4-5933c936b659@group-2BFC12537A18-LeaderElection279] INFO  server.RaftServerConfigKeys (ConfUtils.java:logGet(46)) - raft.server.write.element-limit = 1024 (custom)
2024-05-12 17:41:37,486 [fa054618-3a8f-49b0-93d4-5933c936b659@group-2BFC12537A18-LeaderElection279] INFO  server.RaftServerConfigKeys (ConfUtils.java:logGet(46)) - raft.server.write.follower.gap.ratio.max = -1.0 (default)
2024-05-12 17:41:37,486 [grpc-default-executor-0] INFO  server.RaftServer$Division (RaftServerImpl.java:setFirstElection(574)) - a0742c66-ae9f-48ce-9181-086e540b3b62@group-2BFC12537A18: set firstElectionSinceStartup to false for candidate:fa054618-3a8f-49b0-93d4-5933c936b659
2024-05-12 17:41:37,487 [fa054618-3a8f-49b0-93d4-5933c936b659@group-2BFC12537A18-LeaderElection279] INFO  server.RaftServerConfigKeys (ConfUtils.java:logGet(46)) - raft.server.log.appender.snapshot.chunk.size.max = 16MB (=16777216) (default)
2024-05-12 17:41:37,487 [fa054618-3a8f-49b0-93d4-5933c936b659@group-2BFC12537A18-LeaderElection279] INFO  server.RaftServerConfigKeys (ConfUtils.java:logGet(46)) - raft.server.log.appender.buffer.byte-limit = 8388608 (custom)
2024-05-12 17:41:37,487 [fa054618-3a8f-49b0-93d4-5933c936b659@group-2BFC12537A18-LeaderElection279] INFO  server.RaftServerConfigKeys (ConfUtils.java:logGet(46)) - raft.server.log.appender.buffer.element-limit = 1 (custom)
2024-05-12 17:41:37,487 [93bda13b-2c91-401a-a9f5-fc4ebb9220da@group-5E4FFBC7F286-LeaderElection280] INFO  impl.RoleInfo (RoleInfo.java:shutdownLeaderElection(130)) - 93bda13b-2c91-401a-a9f5-fc4ebb9220da: shutdown 93bda13b-2c91-401a-a9f5-fc4ebb9220da@group-5E4FFBC7F286-LeaderElection280
2024-05-12 17:41:37,487 [fa054618-3a8f-49b0-93d4-5933c936b659@group-2BFC12537A18-LeaderElection279] INFO  server.RaftServerConfigKeys (ConfUtils.java:logGet(46)) - raft.server.log.appender.wait-time.min = 0ms (custom)
2024-05-12 17:41:37,488 [fa054618-3a8f-49b0-93d4-5933c936b659@group-2BFC12537A18-LeaderElection279] INFO  grpc.GrpcConfigKeys (ConfUtils.java:logGet(46)) - raft.grpc.server.leader.outstanding.appends.max = 8 (default)
2024-05-12 17:41:37,488 [fa054618-3a8f-49b0-93d4-5933c936b659@group-2BFC12537A18-LeaderElection279] INFO  server.RaftServerConfigKeys (ConfUtils.java:logGet(46)) - raft.server.rpc.request.timeout = 3000ms (default)
2024-05-12 17:41:37,488 [fa054618-3a8f-49b0-93d4-5933c936b659@group-2BFC12537A18-LeaderElection279] INFO  grpc.GrpcConfigKeys (ConfUtils.java:logGet(46)) - raft.grpc.server.install_snapshot.request.element-limit = 8 (default)
2024-05-12 17:41:37,488 [fa054618-3a8f-49b0-93d4-5933c936b659@group-2BFC12537A18-LeaderElection279] INFO  grpc.GrpcConfigKeys (ConfUtils.java:logGet(46)) - raft.grpc.server.install_snapshot.request.timeout = 3000ms (default)
2024-05-12 17:41:37,488 [fa054618-3a8f-49b0-93d4-5933c936b659@group-2BFC12537A18-LeaderElection279] INFO  grpc.GrpcConfigKeys (ConfUtils.java:logGet(46)) - raft.grpc.server.log-message.batch.duration = 5s (default)
2024-05-12 17:41:37,488 [fa054618-3a8f-49b0-93d4-5933c936b659@group-2BFC12537A18-LeaderElection279] INFO  server.RaftServerConfigKeys (ConfUtils.java:logGet(46)) - raft.server.log.appender.install.snapshot.enabled = false (custom)
2024-05-12 17:41:37,488 [fa054618-3a8f-49b0-93d4-5933c936b659@group-2BFC12537A18-LeaderElection279] INFO  grpc.GrpcConfigKeys (ConfUtils.java:logGet(46)) - raft.grpc.server.heartbeat.channel = true (default)
2024-05-12 17:41:37,489 [fa054618-3a8f-49b0-93d4-5933c936b659@group-2BFC12537A18-LeaderElection279] INFO  server.RaftServerConfigKeys (ConfUtils.java:logGet(46)) - raft.server.log.appender.snapshot.chunk.size.max = 16MB (=16777216) (default)
2024-05-12 17:41:37,489 [fa054618-3a8f-49b0-93d4-5933c936b659@group-2BFC12537A18-LeaderElection279] INFO  server.RaftServerConfigKeys (ConfUtils.java:logGet(46)) - raft.server.log.appender.buffer.byte-limit = 8388608 (custom)
2024-05-12 17:41:37,489 [fa054618-3a8f-49b0-93d4-5933c936b659@group-2BFC12537A18-LeaderElection279] INFO  server.RaftServerConfigKeys (ConfUtils.java:logGet(46)) - raft.server.log.appender.buffer.element-limit = 1 (custom)
2024-05-12 17:41:37,489 [fa054618-3a8f-49b0-93d4-5933c936b659@group-2BFC12537A18-LeaderElection279] INFO  server.RaftServerConfigKeys (ConfUtils.java:logGet(46)) - raft.server.log.appender.wait-time.min = 0ms (custom)
2024-05-12 17:41:37,489 [fa054618-3a8f-49b0-93d4-5933c936b659@group-2BFC12537A18-LeaderElection279] INFO  grpc.GrpcConfigKeys (ConfUtils.java:logGet(46)) - raft.grpc.server.leader.outstanding.appends.max = 8 (default)
2024-05-12 17:41:37,489 [fa054618-3a8f-49b0-93d4-5933c936b659@group-2BFC12537A18-LeaderElection279] INFO  server.RaftServerConfigKeys (ConfUtils.java:logGet(46)) - raft.server.rpc.request.timeout = 3000ms (default)
2024-05-12 17:41:37,489 [fa054618-3a8f-49b0-93d4-5933c936b659@group-2BFC12537A18-LeaderElection279] INFO  grpc.GrpcConfigKeys (ConfUtils.java:logGet(46)) - raft.grpc.server.install_snapshot.request.element-limit = 8 (default)
2024-05-12 17:41:37,489 [fa054618-3a8f-49b0-93d4-5933c936b659@group-2BFC12537A18-LeaderElection279] INFO  grpc.GrpcConfigKeys (ConfUtils.java:logGet(46)) - raft.grpc.server.install_snapshot.request.timeout = 3000ms (default)
2024-05-12 17:41:37,489 [fa054618-3a8f-49b0-93d4-5933c936b659@group-2BFC12537A18-LeaderElection279] INFO  grpc.GrpcConfigKeys (ConfUtils.java:logGet(46)) - raft.grpc.server.log-message.batch.duration = 5s (default)
2024-05-12 17:41:37,490 [fa054618-3a8f-49b0-93d4-5933c936b659@group-2BFC12537A18-LeaderElection279] INFO  server.RaftServerConfigKeys (ConfUtils.java:logGet(46)) - raft.server.log.appender.install.snapshot.enabled = false (custom)
2024-05-12 17:41:37,490 [fa054618-3a8f-49b0-93d4-5933c936b659@group-2BFC12537A18-LeaderElection279] INFO  grpc.GrpcConfigKeys (ConfUtils.java:logGet(46)) - raft.grpc.server.heartbeat.channel = true (default)
2024-05-12 17:41:37,490 [fa054618-3a8f-49b0-93d4-5933c936b659@group-2BFC12537A18-LeaderElection279] INFO  impl.RoleInfo (RoleInfo.java:updateAndGet(139)) - fa054618-3a8f-49b0-93d4-5933c936b659: start fa054618-3a8f-49b0-93d4-5933c936b659@group-2BFC12537A18-LeaderStateImpl
2024-05-12 17:41:37,490 [fa054618-3a8f-49b0-93d4-5933c936b659@group-2BFC12537A18-LeaderElection279] INFO  server.RaftServer$Division (RaftServerImpl.java:setFirstElection(574)) - fa054618-3a8f-49b0-93d4-5933c936b659@group-2BFC12537A18: set firstElectionSinceStartup to false for becomeLeader
2024-05-12 17:41:37,490 [fa054618-3a8f-49b0-93d4-5933c936b659@group-2BFC12537A18-LeaderElection279] INFO  ratis.XceiverServerRatis (XceiverServerRatis.java:handleLeaderChangedNotification(966)) - Leader change notification received for group: group-2BFC12537A18 with new leaderId: fa054618-3a8f-49b0-93d4-5933c936b659
2024-05-12 17:41:37,490 [fa054618-3a8f-49b0-93d4-5933c936b659@group-2BFC12537A18-LeaderElection279] INFO  server.RaftServer$Division (ServerState.java:setLeader(269)) - fa054618-3a8f-49b0-93d4-5933c936b659@group-2BFC12537A18: change Leader from null to fa054618-3a8f-49b0-93d4-5933c936b659 at term 1 for becomeLeader, leader elected after 1082ms
2024-05-12 17:41:37,490 [fa054618-3a8f-49b0-93d4-5933c936b659@group-2BFC12537A18-LeaderElection279] INFO  segmented.SegmentedRaftLogWorker (SegmentedRaftLogWorker.java:startLogSegment(430)) - fa054618-3a8f-49b0-93d4-5933c936b659@group-2BFC12537A18-SegmentedRaftLogWorker: Starting segment from index:0
2024-05-12 17:41:37,490 [fa054618-3a8f-49b0-93d4-5933c936b659@group-2BFC12537A18-SegmentedRaftLogWorker] INFO  segmented.BufferedWriteChannel (BufferedWriteChannel.java:open(62)) - open log_inprogress_0 at position 0
2024-05-12 17:41:37,491 [EventQueue-PipelineReportForPipelineReportHandler] INFO  pipeline.PipelineReportHandler (PipelineReportHandler.java:processPipelineReport(136)) - Opened pipeline PipelineID=6bfef457-b58e-438a-8fe9-2bfc12537a18
2024-05-12 17:41:37,488 [grpc-default-executor-0] INFO  server.RaftServer$Division (RaftServerImpl.java:requestVote(1422)) - a0742c66-ae9f-48ce-9181-086e540b3b62@group-2BFC12537A18 replies to ELECTION vote request: fa054618-3a8f-49b0-93d4-5933c936b659<-a0742c66-ae9f-48ce-9181-086e540b3b62#0:OK-t1. Peer's state: a0742c66-ae9f-48ce-9181-086e540b3b62@group-2BFC12537A18:t1, leader=null, voted=fa054618-3a8f-49b0-93d4-5933c936b659, raftlog=Memoized:a0742c66-ae9f-48ce-9181-086e540b3b62@group-2BFC12537A18-SegmentedRaftLog:OPENED:c-1, conf=-1: peers:[93bda13b-2c91-401a-a9f5-fc4ebb9220da|127.0.0.1:15362, fa054618-3a8f-49b0-93d4-5933c936b659|127.0.0.1:15371, a0742c66-ae9f-48ce-9181-086e540b3b62|127.0.0.1:15380]|listeners:[], old=null
2024-05-12 17:41:37,488 [om1-OMStateMachineApplyTransactionThread - 0] INFO  volume.OMVolumeCreateRequest (OMVolumeCreateRequest.java:validateAndUpdateCache(198)) - created volume:datanodefailurehandlingtest for user:runner
2024-05-12 17:41:37,495 [fa054618-3a8f-49b0-93d4-5933c936b659@group-2BFC12537A18-LeaderElection279] INFO  server.RaftServer$Division (ServerState.java:setRaftConf(386)) - fa054618-3a8f-49b0-93d4-5933c936b659@group-2BFC12537A18: set configuration 0: peers:[93bda13b-2c91-401a-a9f5-fc4ebb9220da|127.0.0.1:15362, fa054618-3a8f-49b0-93d4-5933c936b659|127.0.0.1:15371, a0742c66-ae9f-48ce-9181-086e540b3b62|127.0.0.1:15380]|listeners:[], old=null
2024-05-12 17:41:37,498 [93bda13b-2c91-401a-a9f5-fc4ebb9220da@group-5E4FFBC7F286-LeaderElection280] INFO  server.RaftServer$Division (RaftServerImpl.java:setRole(383)) - 93bda13b-2c91-401a-a9f5-fc4ebb9220da@group-5E4FFBC7F286: changes role from CANDIDATE to LEADER at term 1 for changeToLeader
2024-05-12 17:41:37,498 [93bda13b-2c91-401a-a9f5-fc4ebb9220da@group-5E4FFBC7F286-LeaderElection280] INFO  server.RaftServerConfigKeys (ConfUtils.java:logGet(46)) - raft.server.staging.catchup.gap = 1000 (default)
2024-05-12 17:41:37,498 [93bda13b-2c91-401a-a9f5-fc4ebb9220da@group-5E4FFBC7F286-LeaderElection280] INFO  server.RaftServerConfigKeys (ConfUtils.java:logGet(46)) - raft.server.write.element-limit = 1024 (custom)
2024-05-12 17:41:37,498 [93bda13b-2c91-401a-a9f5-fc4ebb9220da@group-5E4FFBC7F286-LeaderElection280] INFO  server.RaftServerConfigKeys (ConfUtils.java:logGet(46)) - raft.server.write.byte-limit = 1024 M (=1073741824) (custom)
2024-05-12 17:41:37,498 [93bda13b-2c91-401a-a9f5-fc4ebb9220da@group-5E4FFBC7F286-LeaderElection280] INFO  server.RaftServerConfigKeys (ConfUtils.java:logGet(46)) - raft.server.watch.timeout = 3000ms (custom)
2024-05-12 17:41:37,498 [93bda13b-2c91-401a-a9f5-fc4ebb9220da@group-5E4FFBC7F286-LeaderElection280] INFO  server.RaftServerConfigKeys (ConfUtils.java:logGet(46)) - raft.server.watch.timeout.denomination = 1s (default)
2024-05-12 17:41:37,498 [93bda13b-2c91-401a-a9f5-fc4ebb9220da@group-5E4FFBC7F286-LeaderElection280] INFO  server.RaftServerConfigKeys (ConfUtils.java:logGet(46)) - raft.server.watch.element-limit = 65536 (default)
2024-05-12 17:41:37,498 [93bda13b-2c91-401a-a9f5-fc4ebb9220da@group-5E4FFBC7F286-LeaderElection280] INFO  server.RaftServerConfigKeys (ConfUtils.java:logGet(46)) - raft.server.read.leader.lease.enabled = false (default)
2024-05-12 17:41:37,498 [93bda13b-2c91-401a-a9f5-fc4ebb9220da@group-5E4FFBC7F286-LeaderElection280] INFO  server.RaftServerConfigKeys (ConfUtils.java:logGet(46)) - raft.server.read.leader.lease.timeout.ratio = 0.9 (default)
2024-05-12 17:41:37,498 [93bda13b-2c91-401a-a9f5-fc4ebb9220da@group-5E4FFBC7F286-LeaderElection280] INFO  server.RaftServerConfigKeys (ConfUtils.java:logGet(46)) - raft.server.rpc.timeout.min = 1s (custom)
2024-05-12 17:41:37,498 [93bda13b-2c91-401a-a9f5-fc4ebb9220da@group-5E4FFBC7F286-LeaderElection280] INFO  server.RaftServerConfigKeys (ConfUtils.java:logGet(46)) - raft.server.write.element-limit = 1024 (custom)
2024-05-12 17:41:37,498 [93bda13b-2c91-401a-a9f5-fc4ebb9220da@group-5E4FFBC7F286-LeaderElection280] INFO  server.RaftServerConfigKeys (ConfUtils.java:logGet(46)) - raft.server.write.follower.gap.ratio.max = -1.0 (default)
2024-05-12 17:41:37,499 [93bda13b-2c91-401a-a9f5-fc4ebb9220da@group-5E4FFBC7F286-LeaderElection280] INFO  impl.RoleInfo (RoleInfo.java:updateAndGet(139)) - 93bda13b-2c91-401a-a9f5-fc4ebb9220da: start 93bda13b-2c91-401a-a9f5-fc4ebb9220da@group-5E4FFBC7F286-LeaderStateImpl
2024-05-12 17:41:37,499 [93bda13b-2c91-401a-a9f5-fc4ebb9220da@group-5E4FFBC7F286-LeaderElection280] INFO  server.RaftServer$Division (RaftServerImpl.java:setFirstElection(574)) - 93bda13b-2c91-401a-a9f5-fc4ebb9220da@group-5E4FFBC7F286: set firstElectionSinceStartup to false for becomeLeader
2024-05-12 17:41:37,499 [93bda13b-2c91-401a-a9f5-fc4ebb9220da@group-5E4FFBC7F286-LeaderElection280] INFO  ratis.XceiverServerRatis (XceiverServerRatis.java:handleLeaderChangedNotification(966)) - Leader change notification received for group: group-5E4FFBC7F286 with new leaderId: 93bda13b-2c91-401a-a9f5-fc4ebb9220da
2024-05-12 17:41:37,499 [main] INFO  rpc.RpcClient (RpcClient.java:createBucket(696)) - Creating Bucket: datanodefailurehandlingtest/datanodefailurehandlingtest, with server-side default bucket layout, runner as owner, Versioning false, Storage Type set to DISK and Encryption set to false, Replication Type set to server-side default replication type, Namespace Quota set to -1, Space Quota set to -1 
2024-05-12 17:41:37,500 [fa054618-3a8f-49b0-93d4-5933c936b659@group-2BFC12537A18-SegmentedRaftLogWorker] INFO  segmented.SegmentedRaftLogWorker (SegmentedRaftLogWorker.java:execute(634)) - fa054618-3a8f-49b0-93d4-5933c936b659@group-2BFC12537A18-SegmentedRaftLogWorker: created new log segment /home/runner/work/ozone/ozone/hadoop-ozone/integration-test/target/test-dir/MiniOzoneClusterImpl-71ef5771-1bca-432b-8888-38dc3c8d5d63/ozone-meta/datanode-8/ratis/6bfef457-b58e-438a-8fe9-2bfc12537a18/current/log_inprogress_0
2024-05-12 17:41:37,499 [93bda13b-2c91-401a-a9f5-fc4ebb9220da@group-5E4FFBC7F286-LeaderElection280] INFO  server.RaftServer$Division (ServerState.java:setLeader(269)) - 93bda13b-2c91-401a-a9f5-fc4ebb9220da@group-5E4FFBC7F286: change Leader from null to 93bda13b-2c91-401a-a9f5-fc4ebb9220da at term 1 for becomeLeader, leader elected after 1173ms
2024-05-12 17:41:37,500 [93bda13b-2c91-401a-a9f5-fc4ebb9220da@group-5E4FFBC7F286-LeaderElection280] INFO  segmented.SegmentedRaftLogWorker (SegmentedRaftLogWorker.java:startLogSegment(430)) - 93bda13b-2c91-401a-a9f5-fc4ebb9220da@group-5E4FFBC7F286-SegmentedRaftLogWorker: Starting segment from index:0
2024-05-12 17:41:37,500 [93bda13b-2c91-401a-a9f5-fc4ebb9220da@group-5E4FFBC7F286-SegmentedRaftLogWorker] INFO  segmented.BufferedWriteChannel (BufferedWriteChannel.java:open(62)) - open log_inprogress_0 at position 0
2024-05-12 17:41:37,505 [93bda13b-2c91-401a-a9f5-fc4ebb9220da@group-5E4FFBC7F286-LeaderElection280] INFO  server.RaftServer$Division (ServerState.java:setRaftConf(386)) - 93bda13b-2c91-401a-a9f5-fc4ebb9220da@group-5E4FFBC7F286: set configuration 0: peers:[93bda13b-2c91-401a-a9f5-fc4ebb9220da|127.0.0.1:15362]|listeners:[], old=null
2024-05-12 17:41:37,505 [93bda13b-2c91-401a-a9f5-fc4ebb9220da-server-thread1] INFO  ratis.XceiverServerRatis (XceiverServerRatis.java:handleLeaderChangedNotification(966)) - Leader change notification received for group: group-2BFC12537A18 with new leaderId: fa054618-3a8f-49b0-93d4-5933c936b659
2024-05-12 17:41:37,505 [93bda13b-2c91-401a-a9f5-fc4ebb9220da-server-thread1] INFO  server.RaftServer$Division (ServerState.java:setLeader(269)) - 93bda13b-2c91-401a-a9f5-fc4ebb9220da@group-2BFC12537A18: change Leader from null to fa054618-3a8f-49b0-93d4-5933c936b659 at term 1 for appendEntries, leader elected after 1117ms
2024-05-12 17:41:37,506 [93bda13b-2c91-401a-a9f5-fc4ebb9220da-server-thread2] INFO  server.RaftServer$Division (ServerState.java:setRaftConf(386)) - 93bda13b-2c91-401a-a9f5-fc4ebb9220da@group-2BFC12537A18: set configuration 0: peers:[93bda13b-2c91-401a-a9f5-fc4ebb9220da|127.0.0.1:15362, fa054618-3a8f-49b0-93d4-5933c936b659|127.0.0.1:15371, a0742c66-ae9f-48ce-9181-086e540b3b62|127.0.0.1:15380]|listeners:[], old=null
2024-05-12 17:41:37,506 [93bda13b-2c91-401a-a9f5-fc4ebb9220da-server-thread2] INFO  segmented.SegmentedRaftLogWorker (SegmentedRaftLogWorker.java:startLogSegment(430)) - 93bda13b-2c91-401a-a9f5-fc4ebb9220da@group-2BFC12537A18-SegmentedRaftLogWorker: Starting segment from index:0
2024-05-12 17:41:37,506 [93bda13b-2c91-401a-a9f5-fc4ebb9220da@group-2BFC12537A18-SegmentedRaftLogWorker] INFO  segmented.BufferedWriteChannel (BufferedWriteChannel.java:open(62)) - open log_inprogress_0 at position 0
2024-05-12 17:41:37,508 [om1-OMStateMachineApplyTransactionThread - 0] INFO  bucket.OMBucketCreateRequest (OMBucketCreateRequest.java:validateAndUpdateCache(293)) - created bucket: datanodefailurehandlingtest of layout FILE_SYSTEM_OPTIMIZED in volume: datanodefailurehandlingtest
2024-05-12 17:41:37,511 [a0742c66-ae9f-48ce-9181-086e540b3b62-server-thread2] INFO  ratis.XceiverServerRatis (XceiverServerRatis.java:handleLeaderChangedNotification(966)) - Leader change notification received for group: group-2BFC12537A18 with new leaderId: fa054618-3a8f-49b0-93d4-5933c936b659
2024-05-12 17:41:37,511 [a0742c66-ae9f-48ce-9181-086e540b3b62-server-thread2] INFO  server.RaftServer$Division (ServerState.java:setLeader(269)) - a0742c66-ae9f-48ce-9181-086e540b3b62@group-2BFC12537A18: change Leader from null to fa054618-3a8f-49b0-93d4-5933c936b659 at term 1 for appendEntries, leader elected after 1093ms
2024-05-12 17:41:37,511 [a0742c66-ae9f-48ce-9181-086e540b3b62-server-thread2] INFO  server.RaftServer$Division (ServerState.java:setRaftConf(386)) - a0742c66-ae9f-48ce-9181-086e540b3b62@group-2BFC12537A18: set configuration 0: peers:[93bda13b-2c91-401a-a9f5-fc4ebb9220da|127.0.0.1:15362, fa054618-3a8f-49b0-93d4-5933c936b659|127.0.0.1:15371, a0742c66-ae9f-48ce-9181-086e540b3b62|127.0.0.1:15380]|listeners:[], old=null
2024-05-12 17:41:37,511 [a0742c66-ae9f-48ce-9181-086e540b3b62-server-thread2] INFO  segmented.SegmentedRaftLogWorker (SegmentedRaftLogWorker.java:startLogSegment(430)) - a0742c66-ae9f-48ce-9181-086e540b3b62@group-2BFC12537A18-SegmentedRaftLogWorker: Starting segment from index:0
2024-05-12 17:41:37,511 [a0742c66-ae9f-48ce-9181-086e540b3b62@group-2BFC12537A18-SegmentedRaftLogWorker] INFO  segmented.BufferedWriteChannel (BufferedWriteChannel.java:open(62)) - open log_inprogress_0 at position 0
2024-05-12 17:41:37,512 [93bda13b-2c91-401a-a9f5-fc4ebb9220da@group-5E4FFBC7F286-SegmentedRaftLogWorker] INFO  segmented.SegmentedRaftLogWorker (SegmentedRaftLogWorker.java:execute(634)) - 93bda13b-2c91-401a-a9f5-fc4ebb9220da@group-5E4FFBC7F286-SegmentedRaftLogWorker: created new log segment /home/runner/work/ozone/ozone/hadoop-ozone/integration-test/target/test-dir/MiniOzoneClusterImpl-71ef5771-1bca-432b-8888-38dc3c8d5d63/ozone-meta/datanode-7/ratis/c305426d-7f76-4c36-b931-5e4ffbc7f286/current/log_inprogress_0
2024-05-12 17:41:37,516 [IPC Server handler 1 on default port 15295] INFO  ha.SequenceIdGenerator (SequenceIdGenerator.java:getNextId(145)) - Allocate a batch for containerId, change lastId from 0 to 1000.
2024-05-12 17:41:37,517 [IPC Server handler 1 on default port 15295] WARN  ha.SequenceIdGenerator (SequenceIdGenerator.java:allocateBatch(258)) - Failed to allocate a batch for localId, expected lastId is 0, actual lastId is 113750153625600000.
2024-05-12 17:41:37,517 [IPC Server handler 1 on default port 15295] INFO  ha.SequenceIdGenerator (SequenceIdGenerator.java:getNextId(145)) - Allocate a batch for localId, change lastId from 113750153625600000 to 113750153625601000.
2024-05-12 17:41:37,518 [93bda13b-2c91-401a-a9f5-fc4ebb9220da@group-2BFC12537A18-SegmentedRaftLogWorker] INFO  segmented.SegmentedRaftLogWorker (SegmentedRaftLogWorker.java:execute(634)) - 93bda13b-2c91-401a-a9f5-fc4ebb9220da@group-2BFC12537A18-SegmentedRaftLogWorker: created new log segment /home/runner/work/ozone/ozone/hadoop-ozone/integration-test/target/test-dir/MiniOzoneClusterImpl-71ef5771-1bca-432b-8888-38dc3c8d5d63/ozone-meta/datanode-7/ratis/6bfef457-b58e-438a-8fe9-2bfc12537a18/current/log_inprogress_0
2024-05-12 17:41:37,518 [93bda13b-2c91-401a-a9f5-fc4ebb9220da@group-5E4FFBC7F286-StateMachineUpdater] INFO  server.RaftServer$Division (LeaderStateImpl.java:isApplied(320)) - leader is ready since appliedIndex == 0 >= startIndex == 0
2024-05-12 17:41:37,518 [a0742c66-ae9f-48ce-9181-086e540b3b62@group-2BFC12537A18-SegmentedRaftLogWorker] INFO  segmented.SegmentedRaftLogWorker (SegmentedRaftLogWorker.java:execute(634)) - a0742c66-ae9f-48ce-9181-086e540b3b62@group-2BFC12537A18-SegmentedRaftLogWorker: created new log segment /home/runner/work/ozone/ozone/hadoop-ozone/integration-test/target/test-dir/MiniOzoneClusterImpl-71ef5771-1bca-432b-8888-38dc3c8d5d63/ozone-meta/datanode-9/ratis/6bfef457-b58e-438a-8fe9-2bfc12537a18/current/log_inprogress_0
2024-05-12 17:41:37,520 [fa054618-3a8f-49b0-93d4-5933c936b659@group-2BFC12537A18-StateMachineUpdater] INFO  server.RaftServer$Division (LeaderStateImpl.java:isApplied(320)) - leader is ready since appliedIndex == 0 >= startIndex == 0
2024-05-12 17:41:37,532 [a0742c66-ae9f-48ce-9181-086e540b3b62@group-C4BAC6D11D6A-FollowerState] INFO  impl.FollowerState (FollowerState.java:run(143)) - a0742c66-ae9f-48ce-9181-086e540b3b62@group-C4BAC6D11D6A-FollowerState: change to CANDIDATE, lastRpcElapsedTime:1074190602ns, electionTimeout:1070ms
2024-05-12 17:41:37,532 [a0742c66-ae9f-48ce-9181-086e540b3b62@group-C4BAC6D11D6A-FollowerState] INFO  impl.RoleInfo (RoleInfo.java:shutdownFollowerState(110)) - a0742c66-ae9f-48ce-9181-086e540b3b62: shutdown a0742c66-ae9f-48ce-9181-086e540b3b62@group-C4BAC6D11D6A-FollowerState
2024-05-12 17:41:37,532 [a0742c66-ae9f-48ce-9181-086e540b3b62@group-C4BAC6D11D6A-FollowerState] INFO  server.RaftServer$Division (RaftServerImpl.java:setRole(383)) - a0742c66-ae9f-48ce-9181-086e540b3b62@group-C4BAC6D11D6A: changes role from  FOLLOWER to CANDIDATE at term 0 for changeToCandidate
2024-05-12 17:41:37,532 [a0742c66-ae9f-48ce-9181-086e540b3b62@group-C4BAC6D11D6A-FollowerState] INFO  server.RaftServerConfigKeys (ConfUtils.java:logGet(46)) - raft.server.leaderelection.pre-vote = true (default)
2024-05-12 17:41:37,532 [a0742c66-ae9f-48ce-9181-086e540b3b62@group-C4BAC6D11D6A-FollowerState] INFO  impl.RoleInfo (RoleInfo.java:updateAndGet(139)) - a0742c66-ae9f-48ce-9181-086e540b3b62: start a0742c66-ae9f-48ce-9181-086e540b3b62@group-C4BAC6D11D6A-LeaderElection281
2024-05-12 17:41:37,532 [a0742c66-ae9f-48ce-9181-086e540b3b62@group-C4BAC6D11D6A-LeaderElection281] INFO  impl.LeaderElection (LeaderElection.java:askForVotes(321)) - a0742c66-ae9f-48ce-9181-086e540b3b62@group-C4BAC6D11D6A-LeaderElection281 PRE_VOTE round 0: submit vote requests at term 0 for -1: peers:[a0742c66-ae9f-48ce-9181-086e540b3b62|127.0.0.1:15380]|listeners:[], old=null
2024-05-12 17:41:37,532 [a0742c66-ae9f-48ce-9181-086e540b3b62@group-C4BAC6D11D6A-LeaderElection281] INFO  impl.LeaderElection (LeaderElection.java:askForVotes(323)) - a0742c66-ae9f-48ce-9181-086e540b3b62@group-C4BAC6D11D6A-LeaderElection281 PRE_VOTE round 0: result PASSED (term=0)
2024-05-12 17:41:37,534 [a0742c66-ae9f-48ce-9181-086e540b3b62@group-C4BAC6D11D6A-LeaderElection281] INFO  impl.LeaderElection (LeaderElection.java:askForVotes(321)) - a0742c66-ae9f-48ce-9181-086e540b3b62@group-C4BAC6D11D6A-LeaderElection281 ELECTION round 0: submit vote requests at term 1 for -1: peers:[a0742c66-ae9f-48ce-9181-086e540b3b62|127.0.0.1:15380]|listeners:[], old=null
2024-05-12 17:41:37,534 [a0742c66-ae9f-48ce-9181-086e540b3b62@group-C4BAC6D11D6A-LeaderElection281] INFO  impl.LeaderElection (LeaderElection.java:askForVotes(323)) - a0742c66-ae9f-48ce-9181-086e540b3b62@group-C4BAC6D11D6A-LeaderElection281 ELECTION round 0: result PASSED (term=1)
2024-05-12 17:41:37,534 [a0742c66-ae9f-48ce-9181-086e540b3b62@group-C4BAC6D11D6A-LeaderElection281] INFO  impl.RoleInfo (RoleInfo.java:shutdownLeaderElection(130)) - a0742c66-ae9f-48ce-9181-086e540b3b62: shutdown a0742c66-ae9f-48ce-9181-086e540b3b62@group-C4BAC6D11D6A-LeaderElection281
2024-05-12 17:41:37,534 [a0742c66-ae9f-48ce-9181-086e540b3b62@group-C4BAC6D11D6A-LeaderElection281] INFO  server.RaftServer$Division (RaftServerImpl.java:setRole(383)) - a0742c66-ae9f-48ce-9181-086e540b3b62@group-C4BAC6D11D6A: changes role from CANDIDATE to LEADER at term 1 for changeToLeader
2024-05-12 17:41:37,534 [a0742c66-ae9f-48ce-9181-086e540b3b62@group-C4BAC6D11D6A-LeaderElection281] INFO  server.RaftServerConfigKeys (ConfUtils.java:logGet(46)) - raft.server.staging.catchup.gap = 1000 (default)
2024-05-12 17:41:37,534 [a0742c66-ae9f-48ce-9181-086e540b3b62@group-C4BAC6D11D6A-LeaderElection281] INFO  server.RaftServerConfigKeys (ConfUtils.java:logGet(46)) - raft.server.write.element-limit = 1024 (custom)
2024-05-12 17:41:37,534 [a0742c66-ae9f-48ce-9181-086e540b3b62@group-C4BAC6D11D6A-LeaderElection281] INFO  server.RaftServerConfigKeys (ConfUtils.java:logGet(46)) - raft.server.write.byte-limit = 1024 M (=1073741824) (custom)
2024-05-12 17:41:37,534 [a0742c66-ae9f-48ce-9181-086e540b3b62@group-C4BAC6D11D6A-LeaderElection281] INFO  server.RaftServerConfigKeys (ConfUtils.java:logGet(46)) - raft.server.watch.timeout = 3000ms (custom)
2024-05-12 17:41:37,534 [a0742c66-ae9f-48ce-9181-086e540b3b62@group-C4BAC6D11D6A-LeaderElection281] INFO  server.RaftServerConfigKeys (ConfUtils.java:logGet(46)) - raft.server.watch.timeout.denomination = 1s (default)
2024-05-12 17:41:37,534 [a0742c66-ae9f-48ce-9181-086e540b3b62@group-C4BAC6D11D6A-LeaderElection281] INFO  server.RaftServerConfigKeys (ConfUtils.java:logGet(46)) - raft.server.watch.element-limit = 65536 (default)
2024-05-12 17:41:37,534 [a0742c66-ae9f-48ce-9181-086e540b3b62@group-C4BAC6D11D6A-LeaderElection281] INFO  server.RaftServerConfigKeys (ConfUtils.java:logGet(46)) - raft.server.read.leader.lease.enabled = false (default)
2024-05-12 17:41:37,534 [a0742c66-ae9f-48ce-9181-086e540b3b62@group-C4BAC6D11D6A-LeaderElection281] INFO  server.RaftServerConfigKeys (ConfUtils.java:logGet(46)) - raft.server.read.leader.lease.timeout.ratio = 0.9 (default)
2024-05-12 17:41:37,534 [a0742c66-ae9f-48ce-9181-086e540b3b62@group-C4BAC6D11D6A-LeaderElection281] INFO  server.RaftServerConfigKeys (ConfUtils.java:logGet(46)) - raft.server.rpc.timeout.min = 1s (custom)
2024-05-12 17:41:37,534 [a0742c66-ae9f-48ce-9181-086e540b3b62@group-C4BAC6D11D6A-LeaderElection281] INFO  server.RaftServerConfigKeys (ConfUtils.java:logGet(46)) - raft.server.write.element-limit = 1024 (custom)
2024-05-12 17:41:37,534 [a0742c66-ae9f-48ce-9181-086e540b3b62@group-C4BAC6D11D6A-LeaderElection281] INFO  server.RaftServerConfigKeys (ConfUtils.java:logGet(46)) - raft.server.write.follower.gap.ratio.max = -1.0 (default)
2024-05-12 17:41:37,535 [a0742c66-ae9f-48ce-9181-086e540b3b62@group-C4BAC6D11D6A-LeaderElection281] INFO  impl.RoleInfo (RoleInfo.java:updateAndGet(139)) - a0742c66-ae9f-48ce-9181-086e540b3b62: start a0742c66-ae9f-48ce-9181-086e540b3b62@group-C4BAC6D11D6A-LeaderStateImpl
2024-05-12 17:41:37,535 [a0742c66-ae9f-48ce-9181-086e540b3b62@group-C4BAC6D11D6A-LeaderElection281] INFO  server.RaftServer$Division (RaftServerImpl.java:setFirstElection(574)) - a0742c66-ae9f-48ce-9181-086e540b3b62@group-C4BAC6D11D6A: set firstElectionSinceStartup to false for becomeLeader
2024-05-12 17:41:37,535 [a0742c66-ae9f-48ce-9181-086e540b3b62@group-C4BAC6D11D6A-LeaderElection281] INFO  ratis.XceiverServerRatis (XceiverServerRatis.java:handleLeaderChangedNotification(966)) - Leader change notification received for group: group-C4BAC6D11D6A with new leaderId: a0742c66-ae9f-48ce-9181-086e540b3b62
2024-05-12 17:41:37,535 [a0742c66-ae9f-48ce-9181-086e540b3b62@group-C4BAC6D11D6A-LeaderElection281] INFO  server.RaftServer$Division (ServerState.java:setLeader(269)) - a0742c66-ae9f-48ce-9181-086e540b3b62@group-C4BAC6D11D6A: change Leader from null to a0742c66-ae9f-48ce-9181-086e540b3b62 at term 1 for becomeLeader, leader elected after 1102ms
2024-05-12 17:41:37,535 [a0742c66-ae9f-48ce-9181-086e540b3b62@group-C4BAC6D11D6A-LeaderElection281] INFO  segmented.SegmentedRaftLogWorker (SegmentedRaftLogWorker.java:startLogSegment(430)) - a0742c66-ae9f-48ce-9181-086e540b3b62@group-C4BAC6D11D6A-SegmentedRaftLogWorker: Starting segment from index:0
2024-05-12 17:41:37,535 [a0742c66-ae9f-48ce-9181-086e540b3b62@group-C4BAC6D11D6A-LeaderElection281] INFO  server.RaftServer$Division (ServerState.java:setRaftConf(386)) - a0742c66-ae9f-48ce-9181-086e540b3b62@group-C4BAC6D11D6A: set configuration 0: peers:[a0742c66-ae9f-48ce-9181-086e540b3b62|127.0.0.1:15380]|listeners:[], old=null
2024-05-12 17:41:37,535 [a0742c66-ae9f-48ce-9181-086e540b3b62@group-C4BAC6D11D6A-SegmentedRaftLogWorker] INFO  segmented.BufferedWriteChannel (BufferedWriteChannel.java:open(62)) - open log_inprogress_0 at position 0
2024-05-12 17:41:37,542 [a0742c66-ae9f-48ce-9181-086e540b3b62@group-C4BAC6D11D6A-SegmentedRaftLogWorker] INFO  segmented.SegmentedRaftLogWorker (SegmentedRaftLogWorker.java:execute(634)) - a0742c66-ae9f-48ce-9181-086e540b3b62@group-C4BAC6D11D6A-SegmentedRaftLogWorker: created new log segment /home/runner/work/ozone/ozone/hadoop-ozone/integration-test/target/test-dir/MiniOzoneClusterImpl-71ef5771-1bca-432b-8888-38dc3c8d5d63/ozone-meta/datanode-9/ratis/c7b71482-f04d-44f2-9ef0-c4bac6d11d6a/current/log_inprogress_0
2024-05-12 17:41:37,544 [a0742c66-ae9f-48ce-9181-086e540b3b62@group-C4BAC6D11D6A-StateMachineUpdater] INFO  server.RaftServer$Division (LeaderStateImpl.java:isApplied(320)) - leader is ready since appliedIndex == 0 >= startIndex == 0
2024-05-12 17:41:37,563 [a0742c66-ae9f-48ce-9181-086e540b3b62@group-13A0CAA15F1F-FollowerState] INFO  impl.FollowerState (FollowerState.java:run(143)) - a0742c66-ae9f-48ce-9181-086e540b3b62@group-13A0CAA15F1F-FollowerState: change to CANDIDATE, lastRpcElapsedTime:1199446312ns, electionTimeout:1199ms
2024-05-12 17:41:37,563 [a0742c66-ae9f-48ce-9181-086e540b3b62@group-13A0CAA15F1F-FollowerState] INFO  impl.RoleInfo (RoleInfo.java:shutdownFollowerState(110)) - a0742c66-ae9f-48ce-9181-086e540b3b62: shutdown a0742c66-ae9f-48ce-9181-086e540b3b62@group-13A0CAA15F1F-FollowerState
2024-05-12 17:41:37,563 [a0742c66-ae9f-48ce-9181-086e540b3b62@group-13A0CAA15F1F-FollowerState] INFO  server.RaftServer$Division (RaftServerImpl.java:setRole(383)) - a0742c66-ae9f-48ce-9181-086e540b3b62@group-13A0CAA15F1F: changes role from  FOLLOWER to CANDIDATE at term 0 for changeToCandidate
2024-05-12 17:41:37,563 [a0742c66-ae9f-48ce-9181-086e540b3b62@group-13A0CAA15F1F-FollowerState] INFO  server.RaftServerConfigKeys (ConfUtils.java:logGet(46)) - raft.server.leaderelection.pre-vote = true (default)
2024-05-12 17:41:37,563 [a0742c66-ae9f-48ce-9181-086e540b3b62@group-13A0CAA15F1F-FollowerState] INFO  impl.RoleInfo (RoleInfo.java:updateAndGet(139)) - a0742c66-ae9f-48ce-9181-086e540b3b62: start a0742c66-ae9f-48ce-9181-086e540b3b62@group-13A0CAA15F1F-LeaderElection282
2024-05-12 17:41:37,568 [a0742c66-ae9f-48ce-9181-086e540b3b62@group-13A0CAA15F1F-LeaderElection282] INFO  impl.LeaderElection (LeaderElection.java:askForVotes(321)) - a0742c66-ae9f-48ce-9181-086e540b3b62@group-13A0CAA15F1F-LeaderElection282 PRE_VOTE round 0: submit vote requests at term 0 for -1: peers:[93bda13b-2c91-401a-a9f5-fc4ebb9220da|127.0.0.1:15362, fa054618-3a8f-49b0-93d4-5933c936b659|127.0.0.1:15371, a0742c66-ae9f-48ce-9181-086e540b3b62|127.0.0.1:15380]|listeners:[], old=null
2024-05-12 17:41:37,578 [a0742c66-ae9f-48ce-9181-086e540b3b62@group-13A0CAA15F1F-LeaderElection282-1] INFO  server.GrpcServerProtocolClient (GrpcServerProtocolClient.java:<init>(65)) - Build channel for 93bda13b-2c91-401a-a9f5-fc4ebb9220da|127.0.0.1:15362
2024-05-12 17:41:37,581 [grpc-default-executor-0] INFO  server.RaftServer$Division (RaftServerImpl.java:requestVote(1389)) - 93bda13b-2c91-401a-a9f5-fc4ebb9220da@group-13A0CAA15F1F: receive requestVote(PRE_VOTE, a0742c66-ae9f-48ce-9181-086e540b3b62, group-13A0CAA15F1F, 0, (t:0, i:0))
2024-05-12 17:41:37,581 [grpc-default-executor-0] INFO  impl.VoteContext (VoteContext.java:log(49)) - 93bda13b-2c91-401a-a9f5-fc4ebb9220da@group-13A0CAA15F1F-FOLLOWER: accept PRE_VOTE from a0742c66-ae9f-48ce-9181-086e540b3b62: our priority 0 <= candidate's priority 1
2024-05-12 17:41:37,581 [grpc-default-executor-0] INFO  server.RaftServer$Division (RaftServerImpl.java:requestVote(1422)) - 93bda13b-2c91-401a-a9f5-fc4ebb9220da@group-13A0CAA15F1F replies to PRE_VOTE vote request: a0742c66-ae9f-48ce-9181-086e540b3b62<-93bda13b-2c91-401a-a9f5-fc4ebb9220da#0:OK-t0. Peer's state: 93bda13b-2c91-401a-a9f5-fc4ebb9220da@group-13A0CAA15F1F:t0, leader=null, voted=, raftlog=Memoized:93bda13b-2c91-401a-a9f5-fc4ebb9220da@group-13A0CAA15F1F-SegmentedRaftLog:OPENED:c-1, conf=-1: peers:[93bda13b-2c91-401a-a9f5-fc4ebb9220da|127.0.0.1:15362, fa054618-3a8f-49b0-93d4-5933c936b659|127.0.0.1:15371, a0742c66-ae9f-48ce-9181-086e540b3b62|127.0.0.1:15380]|listeners:[], old=null
2024-05-12 17:41:37,583 [a0742c66-ae9f-48ce-9181-086e540b3b62@group-13A0CAA15F1F-LeaderElection282] INFO  server.RaftServerConfigKeys (ConfUtils.java:logFallback(53)) - raft.server.rpc.first-election.timeout.min = 1s (fallback to raft.server.rpc.timeout.min)
2024-05-12 17:41:37,583 [a0742c66-ae9f-48ce-9181-086e540b3b62@group-13A0CAA15F1F-LeaderElection282-2] INFO  server.GrpcServerProtocolClient (GrpcServerProtocolClient.java:<init>(65)) - Build channel for fa054618-3a8f-49b0-93d4-5933c936b659|127.0.0.1:15371
2024-05-12 17:41:37,583 [a0742c66-ae9f-48ce-9181-086e540b3b62@group-13A0CAA15F1F-LeaderElection282] INFO  server.RaftServerConfigKeys (ConfUtils.java:logFallback(53)) - raft.server.rpc.first-election.timeout.max = 1200ms (fallback to raft.server.rpc.timeout.max)
2024-05-12 17:41:37,584 [a0742c66-ae9f-48ce-9181-086e540b3b62@group-13A0CAA15F1F-LeaderElection282] INFO  impl.LeaderElection (LeaderElection.java:logAndReturn(89)) - a0742c66-ae9f-48ce-9181-086e540b3b62@group-13A0CAA15F1F-LeaderElection282: PRE_VOTE PASSED received 1 response(s) and 0 exception(s):
2024-05-12 17:41:37,584 [a0742c66-ae9f-48ce-9181-086e540b3b62@group-13A0CAA15F1F-LeaderElection282] INFO  impl.LeaderElection (LeaderElection.java:logAndReturn(93)) -   Response 0: a0742c66-ae9f-48ce-9181-086e540b3b62<-93bda13b-2c91-401a-a9f5-fc4ebb9220da#0:OK-t0
2024-05-12 17:41:37,584 [a0742c66-ae9f-48ce-9181-086e540b3b62@group-13A0CAA15F1F-LeaderElection282] INFO  impl.LeaderElection (LeaderElection.java:askForVotes(323)) - a0742c66-ae9f-48ce-9181-086e540b3b62@group-13A0CAA15F1F-LeaderElection282 PRE_VOTE round 0: result PASSED
2024-05-12 17:41:37,585 [a0742c66-ae9f-48ce-9181-086e540b3b62@group-13A0CAA15F1F-LeaderElection282] INFO  impl.LeaderElection (LeaderElection.java:askForVotes(321)) - a0742c66-ae9f-48ce-9181-086e540b3b62@group-13A0CAA15F1F-LeaderElection282 ELECTION round 0: submit vote requests at term 1 for -1: peers:[93bda13b-2c91-401a-a9f5-fc4ebb9220da|127.0.0.1:15362, fa054618-3a8f-49b0-93d4-5933c936b659|127.0.0.1:15371, a0742c66-ae9f-48ce-9181-086e540b3b62|127.0.0.1:15380]|listeners:[], old=null
2024-05-12 17:41:37,589 [grpc-default-executor-5] INFO  server.RaftServer$Division (RaftServerImpl.java:requestVote(1389)) - fa054618-3a8f-49b0-93d4-5933c936b659@group-13A0CAA15F1F: receive requestVote(PRE_VOTE, a0742c66-ae9f-48ce-9181-086e540b3b62, group-13A0CAA15F1F, 0, (t:0, i:0))
2024-05-12 17:41:37,589 [grpc-default-executor-5] INFO  impl.VoteContext (VoteContext.java:log(49)) - fa054618-3a8f-49b0-93d4-5933c936b659@group-13A0CAA15F1F-FOLLOWER: accept PRE_VOTE from a0742c66-ae9f-48ce-9181-086e540b3b62: our priority 0 <= candidate's priority 1
2024-05-12 17:41:37,589 [grpc-default-executor-5] INFO  server.RaftServer$Division (RaftServerImpl.java:requestVote(1422)) - fa054618-3a8f-49b0-93d4-5933c936b659@group-13A0CAA15F1F replies to PRE_VOTE vote request: a0742c66-ae9f-48ce-9181-086e540b3b62<-fa054618-3a8f-49b0-93d4-5933c936b659#0:OK-t0. Peer's state: fa054618-3a8f-49b0-93d4-5933c936b659@group-13A0CAA15F1F:t0, leader=null, voted=, raftlog=Memoized:fa054618-3a8f-49b0-93d4-5933c936b659@group-13A0CAA15F1F-SegmentedRaftLog:OPENED:c-1, conf=-1: peers:[93bda13b-2c91-401a-a9f5-fc4ebb9220da|127.0.0.1:15362, fa054618-3a8f-49b0-93d4-5933c936b659|127.0.0.1:15371, a0742c66-ae9f-48ce-9181-086e540b3b62|127.0.0.1:15380]|listeners:[], old=null
2024-05-12 17:41:37,598 [main] INFO  ozoneimpl.OzoneContainer (OzoneContainer.java:stop(481)) - Attempting to stop container services.
2024-05-12 17:41:37,598 [ContainerMetadataScanner] WARN  ozoneimpl.AbstractBackgroundContainerScanner (AbstractBackgroundContainerScanner.java:handleRemainingSleep(134)) - Background container scan was interrupted.
2024-05-12 17:41:37,598 [ContainerMetadataScanner] INFO  ozoneimpl.AbstractBackgroundContainerScanner (AbstractBackgroundContainerScanner.java:run(61)) - Thread[ContainerMetadataScanner,5,main] exiting.
2024-05-12 17:41:37,598 [main] INFO  ozoneimpl.BackgroundContainerDataScanner (BackgroundContainerDataScanner.java:shutdown(141)) - ContainerDataScanner(/home/runner/work/ozone/ozone/hadoop-ozone/integration-test/target/test-dir/MiniOzoneClusterImpl-71ef5771-1bca-432b-8888-38dc3c8d5d63/ozone-meta/datanode-9/data-0/hdds) is shutting down. 
2024-05-12 17:41:37,599 [ContainerDataScanner(/home/runner/work/ozone/ozone/hadoop-ozone/integration-test/target/test-dir/MiniOzoneClusterImpl-71ef5771-1bca-432b-8888-38dc3c8d5d63/ozone-meta/datanode-9/data-0/hdds)] WARN  ozoneimpl.AbstractBackgroundContainerScanner (AbstractBackgroundContainerScanner.java:handleRemainingSleep(134)) - Background container scan was interrupted.
2024-05-12 17:41:37,599 [ContainerDataScanner(/home/runner/work/ozone/ozone/hadoop-ozone/integration-test/target/test-dir/MiniOzoneClusterImpl-71ef5771-1bca-432b-8888-38dc3c8d5d63/ozone-meta/datanode-9/data-0/hdds)] INFO  ozoneimpl.AbstractBackgroundContainerScanner (AbstractBackgroundContainerScanner.java:run(61)) - ContainerDataScanner(/home/runner/work/ozone/ozone/hadoop-ozone/integration-test/target/test-dir/MiniOzoneClusterImpl-71ef5771-1bca-432b-8888-38dc3c8d5d63/ozone-meta/datanode-9/data-0/hdds, DS-c8a9aa30-8482-4ebe-a8c4-d8cb9066296b) exiting.
2024-05-12 17:41:37,599 [main] INFO  ozoneimpl.OnDemandContainerDataScanner (OnDemandContainerDataScanner.java:shutdownScanner(206)) - On-demand container scanner is shutting down.
2024-05-12 17:41:37,599 [fa054618-3a8f-49b0-93d4-5933c936b659@group-3D405C2ACDC2-FollowerState] INFO  impl.FollowerState (FollowerState.java:run(143)) - fa054618-3a8f-49b0-93d4-5933c936b659@group-3D405C2ACDC2-FollowerState: change to CANDIDATE, lastRpcElapsedTime:1197539490ns, electionTimeout:1193ms
2024-05-12 17:41:37,599 [fa054618-3a8f-49b0-93d4-5933c936b659@group-3D405C2ACDC2-FollowerState] INFO  impl.RoleInfo (RoleInfo.java:shutdownFollowerState(110)) - fa054618-3a8f-49b0-93d4-5933c936b659: shutdown fa054618-3a8f-49b0-93d4-5933c936b659@group-3D405C2ACDC2-FollowerState
2024-05-12 17:41:37,599 [fa054618-3a8f-49b0-93d4-5933c936b659@group-3D405C2ACDC2-FollowerState] INFO  server.RaftServer$Division (RaftServerImpl.java:setRole(383)) - fa054618-3a8f-49b0-93d4-5933c936b659@group-3D405C2ACDC2: changes role from  FOLLOWER to CANDIDATE at term 0 for changeToCandidate
2024-05-12 17:41:37,599 [fa054618-3a8f-49b0-93d4-5933c936b659@group-3D405C2ACDC2-FollowerState] INFO  server.RaftServerConfigKeys (ConfUtils.java:logGet(46)) - raft.server.leaderelection.pre-vote = true (default)
2024-05-12 17:41:37,599 [fa054618-3a8f-49b0-93d4-5933c936b659@group-3D405C2ACDC2-FollowerState] INFO  impl.RoleInfo (RoleInfo.java:updateAndGet(139)) - fa054618-3a8f-49b0-93d4-5933c936b659: start fa054618-3a8f-49b0-93d4-5933c936b659@group-3D405C2ACDC2-LeaderElection283
2024-05-12 17:41:37,600 [main] INFO  server.RaftServer (RaftServerProxy.java:lambda$close$9(416)) - a0742c66-ae9f-48ce-9181-086e540b3b62: close
2024-05-12 17:41:37,600 [a0742c66-ae9f-48ce-9181-086e540b3b62-impl-thread1] INFO  server.RaftServer$Division (RaftServerImpl.java:lambda$close$3(526)) - a0742c66-ae9f-48ce-9181-086e540b3b62@group-2BFC12537A18: shutdown
2024-05-12 17:41:37,600 [a0742c66-ae9f-48ce-9181-086e540b3b62-impl-thread1] INFO  util.JmxRegister (JmxRegister.java:unregister(73)) - Successfully un-registered JMX Bean with object name Ratis:service=RaftServer,group=group-2BFC12537A18,id=a0742c66-ae9f-48ce-9181-086e540b3b62
2024-05-12 17:41:37,601 [a0742c66-ae9f-48ce-9181-086e540b3b62-impl-thread1] INFO  impl.RoleInfo (RoleInfo.java:shutdownFollowerState(110)) - a0742c66-ae9f-48ce-9181-086e540b3b62: shutdown a0742c66-ae9f-48ce-9181-086e540b3b62@group-2BFC12537A18-FollowerState
2024-05-12 17:41:37,601 [a0742c66-ae9f-48ce-9181-086e540b3b62-impl-thread1] INFO  impl.StateMachineUpdater (StateMachineUpdater.java:stopAndJoin(157)) - a0742c66-ae9f-48ce-9181-086e540b3b62@group-2BFC12537A18-StateMachineUpdater: set stopIndex = 4
2024-05-12 17:41:37,601 [a0742c66-ae9f-48ce-9181-086e540b3b62@group-2BFC12537A18-StateMachineUpdater] INFO  ratis.ContainerStateMachine (ContainerStateMachine.java:takeSnapshot(355)) - group-2BFC12537A18: Taking a snapshot at:(t:1, i:4) file /home/runner/work/ozone/ozone/hadoop-ozone/integration-test/target/test-dir/MiniOzoneClusterImpl-71ef5771-1bca-432b-8888-38dc3c8d5d63/ozone-meta/datanode-9/ratis/6bfef457-b58e-438a-8fe9-2bfc12537a18/sm/snapshot.1_4
2024-05-12 17:41:37,601 [a0742c66-ae9f-48ce-9181-086e540b3b62@group-2BFC12537A18-FollowerState] INFO  impl.FollowerState (FollowerState.java:run(152)) - a0742c66-ae9f-48ce-9181-086e540b3b62@group-2BFC12537A18-FollowerState was interrupted
2024-05-12 17:41:37,602 [a0742c66-ae9f-48ce-9181-086e540b3b62@group-2BFC12537A18-StateMachineUpdater] INFO  ratis.ContainerStateMachine (ContainerStateMachine.java:takeSnapshot(366)) - group-2BFC12537A18: Finished taking a snapshot at:(t:1, i:4) file:/home/runner/work/ozone/ozone/hadoop-ozone/integration-test/target/test-dir/MiniOzoneClusterImpl-71ef5771-1bca-432b-8888-38dc3c8d5d63/ozone-meta/datanode-9/ratis/6bfef457-b58e-438a-8fe9-2bfc12537a18/sm/snapshot.1_4 took: 1 ms
2024-05-12 17:41:37,602 [a0742c66-ae9f-48ce-9181-086e540b3b62@group-2BFC12537A18-StateMachineUpdater] INFO  impl.StateMachineUpdater (StateMachineUpdater.java:takeSnapshot(295)) - a0742c66-ae9f-48ce-9181-086e540b3b62@group-2BFC12537A18-StateMachineUpdater: Took a snapshot at index 4
2024-05-12 17:41:37,602 [a0742c66-ae9f-48ce-9181-086e540b3b62@group-2BFC12537A18-StateMachineUpdater] INFO  impl.StateMachineUpdater (StateMachineUpdater.java:lambda$new$0(98)) - a0742c66-ae9f-48ce-9181-086e540b3b62@group-2BFC12537A18-StateMachineUpdater: snapshotIndex: updateIncreasingly -1 -> 4
2024-05-12 17:41:37,602 [a0742c66-ae9f-48ce-9181-086e540b3b62-impl-thread1] INFO  server.RaftServer$Division (ServerState.java:close(427)) - a0742c66-ae9f-48ce-9181-086e540b3b62@group-2BFC12537A18: applyIndex: 4
2024-05-12 17:41:37,602 [a0742c66-ae9f-48ce-9181-086e540b3b62@group-2BFC12537A18-cacheEviction-AwaitToRun] INFO  util.AwaitToRun (AwaitToRun.java:run(49)) - a0742c66-ae9f-48ce-9181-086e540b3b62@group-2BFC12537A18-cacheEviction-AwaitToRun-AwaitForSignal is interrupted
2024-05-12 17:41:37,602 [a0742c66-ae9f-48ce-9181-086e540b3b62@group-13A0CAA15F1F-LeaderElection282] INFO  server.RaftServerConfigKeys (ConfUtils.java:logFallback(53)) - raft.server.rpc.first-election.timeout.min = 1s (fallback to raft.server.rpc.timeout.min)
2024-05-12 17:41:37,602 [a0742c66-ae9f-48ce-9181-086e540b3b62@group-13A0CAA15F1F-LeaderElection282] INFO  server.RaftServerConfigKeys (ConfUtils.java:logFallback(53)) - raft.server.rpc.first-election.timeout.max = 1200ms (fallback to raft.server.rpc.timeout.max)
2024-05-12 17:41:37,603 [grpc-default-executor-0] INFO  server.RaftServer$Division (RaftServerImpl.java:requestVote(1389)) - fa054618-3a8f-49b0-93d4-5933c936b659@group-13A0CAA15F1F: receive requestVote(ELECTION, a0742c66-ae9f-48ce-9181-086e540b3b62, group-13A0CAA15F1F, 1, (t:0, i:0))
2024-05-12 17:41:37,604 [grpc-default-executor-0] INFO  impl.VoteContext (VoteContext.java:log(49)) - fa054618-3a8f-49b0-93d4-5933c936b659@group-13A0CAA15F1F-FOLLOWER: accept ELECTION from a0742c66-ae9f-48ce-9181-086e540b3b62: our priority 0 <= candidate's priority 1
2024-05-12 17:41:37,604 [grpc-default-executor-0] INFO  server.RaftServer$Division (RaftServerImpl.java:setRole(383)) - fa054618-3a8f-49b0-93d4-5933c936b659@group-13A0CAA15F1F: changes role from  FOLLOWER to FOLLOWER at term 1 for candidate:a0742c66-ae9f-48ce-9181-086e540b3b62
2024-05-12 17:41:37,604 [grpc-default-executor-0] INFO  impl.RoleInfo (RoleInfo.java:shutdownFollowerState(110)) - fa054618-3a8f-49b0-93d4-5933c936b659: shutdown fa054618-3a8f-49b0-93d4-5933c936b659@group-13A0CAA15F1F-FollowerState
2024-05-12 17:41:37,604 [grpc-default-executor-0] INFO  impl.RoleInfo (RoleInfo.java:updateAndGet(139)) - fa054618-3a8f-49b0-93d4-5933c936b659: start fa054618-3a8f-49b0-93d4-5933c936b659@group-13A0CAA15F1F-FollowerState
2024-05-12 17:41:37,604 [fa054618-3a8f-49b0-93d4-5933c936b659@group-13A0CAA15F1F-FollowerState] INFO  impl.FollowerState (FollowerState.java:run(152)) - fa054618-3a8f-49b0-93d4-5933c936b659@group-13A0CAA15F1F-FollowerState was interrupted
2024-05-12 17:41:37,604 [fa054618-3a8f-49b0-93d4-5933c936b659@group-3D405C2ACDC2-LeaderElection283] INFO  impl.LeaderElection (LeaderElection.java:askForVotes(321)) - fa054618-3a8f-49b0-93d4-5933c936b659@group-3D405C2ACDC2-LeaderElection283 PRE_VOTE round 0: submit vote requests at term 0 for -1: peers:[fa054618-3a8f-49b0-93d4-5933c936b659|127.0.0.1:15371]|listeners:[], old=null
2024-05-12 17:41:37,604 [fa054618-3a8f-49b0-93d4-5933c936b659@group-3D405C2ACDC2-LeaderElection283] INFO  impl.LeaderElection (LeaderElection.java:askForVotes(323)) - fa054618-3a8f-49b0-93d4-5933c936b659@group-3D405C2ACDC2-LeaderElection283 PRE_VOTE round 0: result PASSED (term=0)
2024-05-12 17:41:37,604 [grpc-default-executor-5] INFO  server.RaftServer$Division (RaftServerImpl.java:requestVote(1389)) - 93bda13b-2c91-401a-a9f5-fc4ebb9220da@group-13A0CAA15F1F: receive requestVote(ELECTION, a0742c66-ae9f-48ce-9181-086e540b3b62, group-13A0CAA15F1F, 1, (t:0, i:0))
2024-05-12 17:41:37,604 [grpc-default-executor-5] INFO  impl.VoteContext (VoteContext.java:log(49)) - 93bda13b-2c91-401a-a9f5-fc4ebb9220da@group-13A0CAA15F1F-FOLLOWER: accept ELECTION from a0742c66-ae9f-48ce-9181-086e540b3b62: our priority 0 <= candidate's priority 1
2024-05-12 17:41:37,604 [grpc-default-executor-5] INFO  server.RaftServer$Division (RaftServerImpl.java:setRole(383)) - 93bda13b-2c91-401a-a9f5-fc4ebb9220da@group-13A0CAA15F1F: changes role from  FOLLOWER to FOLLOWER at term 1 for candidate:a0742c66-ae9f-48ce-9181-086e540b3b62
2024-05-12 17:41:37,605 [grpc-default-executor-5] INFO  impl.RoleInfo (RoleInfo.java:shutdownFollowerState(110)) - 93bda13b-2c91-401a-a9f5-fc4ebb9220da: shutdown 93bda13b-2c91-401a-a9f5-fc4ebb9220da@group-13A0CAA15F1F-FollowerState
2024-05-12 17:41:37,605 [grpc-default-executor-5] INFO  impl.RoleInfo (RoleInfo.java:updateAndGet(139)) - 93bda13b-2c91-401a-a9f5-fc4ebb9220da: start 93bda13b-2c91-401a-a9f5-fc4ebb9220da@group-13A0CAA15F1F-FollowerState
2024-05-12 17:41:37,605 [93bda13b-2c91-401a-a9f5-fc4ebb9220da@group-13A0CAA15F1F-FollowerState] INFO  impl.FollowerState (FollowerState.java:run(152)) - 93bda13b-2c91-401a-a9f5-fc4ebb9220da@group-13A0CAA15F1F-FollowerState was interrupted
2024-05-12 17:41:37,606 [fa054618-3a8f-49b0-93d4-5933c936b659@group-3D405C2ACDC2-LeaderElection283] INFO  impl.LeaderElection (LeaderElection.java:askForVotes(321)) - fa054618-3a8f-49b0-93d4-5933c936b659@group-3D405C2ACDC2-LeaderElection283 ELECTION round 0: submit vote requests at term 1 for -1: peers:[fa054618-3a8f-49b0-93d4-5933c936b659|127.0.0.1:15371]|listeners:[], old=null
2024-05-12 17:41:37,606 [fa054618-3a8f-49b0-93d4-5933c936b659@group-3D405C2ACDC2-LeaderElection283] INFO  impl.LeaderElection (LeaderElection.java:askForVotes(323)) - fa054618-3a8f-49b0-93d4-5933c936b659@group-3D405C2ACDC2-LeaderElection283 ELECTION round 0: result PASSED (term=1)
2024-05-12 17:41:37,606 [fa054618-3a8f-49b0-93d4-5933c936b659@group-3D405C2ACDC2-LeaderElection283] INFO  impl.RoleInfo (RoleInfo.java:shutdownLeaderElection(130)) - fa054618-3a8f-49b0-93d4-5933c936b659: shutdown fa054618-3a8f-49b0-93d4-5933c936b659@group-3D405C2ACDC2-LeaderElection283
2024-05-12 17:41:37,606 [fa054618-3a8f-49b0-93d4-5933c936b659@group-3D405C2ACDC2-LeaderElection283] INFO  server.RaftServer$Division (RaftServerImpl.java:setRole(383)) - fa054618-3a8f-49b0-93d4-5933c936b659@group-3D405C2ACDC2: changes role from CANDIDATE to LEADER at term 1 for changeToLeader
2024-05-12 17:41:37,606 [fa054618-3a8f-49b0-93d4-5933c936b659@group-3D405C2ACDC2-LeaderElection283] INFO  server.RaftServerConfigKeys (ConfUtils.java:logGet(46)) - raft.server.staging.catchup.gap = 1000 (default)
2024-05-12 17:41:37,606 [fa054618-3a8f-49b0-93d4-5933c936b659@group-3D405C2ACDC2-LeaderElection283] INFO  server.RaftServerConfigKeys (ConfUtils.java:logGet(46)) - raft.server.write.element-limit = 1024 (custom)
2024-05-12 17:41:37,606 [fa054618-3a8f-49b0-93d4-5933c936b659@group-3D405C2ACDC2-LeaderElection283] INFO  server.RaftServerConfigKeys (ConfUtils.java:logGet(46)) - raft.server.write.byte-limit = 1024 M (=1073741824) (custom)
2024-05-12 17:41:37,607 [fa054618-3a8f-49b0-93d4-5933c936b659@group-3D405C2ACDC2-LeaderElection283] INFO  server.RaftServerConfigKeys (ConfUtils.java:logGet(46)) - raft.server.watch.timeout = 3000ms (custom)
2024-05-12 17:41:37,607 [fa054618-3a8f-49b0-93d4-5933c936b659@group-3D405C2ACDC2-LeaderElection283] INFO  server.RaftServerConfigKeys (ConfUtils.java:logGet(46)) - raft.server.watch.timeout.denomination = 1s (default)
2024-05-12 17:41:37,607 [fa054618-3a8f-49b0-93d4-5933c936b659@group-3D405C2ACDC2-LeaderElection283] INFO  server.RaftServerConfigKeys (ConfUtils.java:logGet(46)) - raft.server.watch.element-limit = 65536 (default)
2024-05-12 17:41:37,607 [fa054618-3a8f-49b0-93d4-5933c936b659@group-3D405C2ACDC2-LeaderElection283] INFO  server.RaftServerConfigKeys (ConfUtils.java:logGet(46)) - raft.server.read.leader.lease.enabled = false (default)
2024-05-12 17:41:37,607 [fa054618-3a8f-49b0-93d4-5933c936b659@group-3D405C2ACDC2-LeaderElection283] INFO  server.RaftServerConfigKeys (ConfUtils.java:logGet(46)) - raft.server.read.leader.lease.timeout.ratio = 0.9 (default)
2024-05-12 17:41:37,607 [fa054618-3a8f-49b0-93d4-5933c936b659@group-3D405C2ACDC2-LeaderElection283] INFO  server.RaftServerConfigKeys (ConfUtils.java:logGet(46)) - raft.server.rpc.timeout.min = 1s (custom)
2024-05-12 17:41:37,607 [fa054618-3a8f-49b0-93d4-5933c936b659@group-3D405C2ACDC2-LeaderElection283] INFO  server.RaftServerConfigKeys (ConfUtils.java:logGet(46)) - raft.server.write.element-limit = 1024 (custom)
2024-05-12 17:41:37,607 [fa054618-3a8f-49b0-93d4-5933c936b659@group-3D405C2ACDC2-LeaderElection283] INFO  server.RaftServerConfigKeys (ConfUtils.java:logGet(46)) - raft.server.write.follower.gap.ratio.max = -1.0 (default)
2024-05-12 17:41:37,607 [fa054618-3a8f-49b0-93d4-5933c936b659@group-3D405C2ACDC2-LeaderElection283] INFO  impl.RoleInfo (RoleInfo.java:updateAndGet(139)) - fa054618-3a8f-49b0-93d4-5933c936b659: start fa054618-3a8f-49b0-93d4-5933c936b659@group-3D405C2ACDC2-LeaderStateImpl
2024-05-12 17:41:37,607 [fa054618-3a8f-49b0-93d4-5933c936b659@group-3D405C2ACDC2-LeaderElection283] INFO  server.RaftServer$Division (RaftServerImpl.java:setFirstElection(574)) - fa054618-3a8f-49b0-93d4-5933c936b659@group-3D405C2ACDC2: set firstElectionSinceStartup to false for becomeLeader
2024-05-12 17:41:37,607 [fa054618-3a8f-49b0-93d4-5933c936b659@group-3D405C2ACDC2-LeaderElection283] INFO  ratis.XceiverServerRatis (XceiverServerRatis.java:handleLeaderChangedNotification(966)) - Leader change notification received for group: group-3D405C2ACDC2 with new leaderId: fa054618-3a8f-49b0-93d4-5933c936b659
2024-05-12 17:41:37,607 [fa054618-3a8f-49b0-93d4-5933c936b659@group-3D405C2ACDC2-LeaderElection283] INFO  server.RaftServer$Division (ServerState.java:setLeader(269)) - fa054618-3a8f-49b0-93d4-5933c936b659@group-3D405C2ACDC2: change Leader from null to fa054618-3a8f-49b0-93d4-5933c936b659 at term 1 for becomeLeader, leader elected after 1233ms
2024-05-12 17:41:37,608 [fa054618-3a8f-49b0-93d4-5933c936b659@group-3D405C2ACDC2-LeaderElection283] INFO  segmented.SegmentedRaftLogWorker (SegmentedRaftLogWorker.java:startLogSegment(430)) - fa054618-3a8f-49b0-93d4-5933c936b659@group-3D405C2ACDC2-SegmentedRaftLogWorker: Starting segment from index:0
2024-05-12 17:41:37,608 [grpc-default-executor-0] INFO  server.RaftServer$Division (RaftServerImpl.java:setFirstElection(574)) - fa054618-3a8f-49b0-93d4-5933c936b659@group-13A0CAA15F1F: set firstElectionSinceStartup to false for candidate:a0742c66-ae9f-48ce-9181-086e540b3b62
2024-05-12 17:41:37,608 [fa054618-3a8f-49b0-93d4-5933c936b659@group-3D405C2ACDC2-SegmentedRaftLogWorker] INFO  segmented.BufferedWriteChannel (BufferedWriteChannel.java:open(62)) - open log_inprogress_0 at position 0
2024-05-12 17:41:37,609 [grpc-default-executor-0] INFO  server.RaftServer$Division (RaftServerImpl.java:requestVote(1422)) - fa054618-3a8f-49b0-93d4-5933c936b659@group-13A0CAA15F1F replies to ELECTION vote request: a0742c66-ae9f-48ce-9181-086e540b3b62<-fa054618-3a8f-49b0-93d4-5933c936b659#0:OK-t1. Peer's state: fa054618-3a8f-49b0-93d4-5933c936b659@group-13A0CAA15F1F:t1, leader=null, voted=a0742c66-ae9f-48ce-9181-086e540b3b62, raftlog=Memoized:fa054618-3a8f-49b0-93d4-5933c936b659@group-13A0CAA15F1F-SegmentedRaftLog:OPENED:c-1, conf=-1: peers:[93bda13b-2c91-401a-a9f5-fc4ebb9220da|127.0.0.1:15362, fa054618-3a8f-49b0-93d4-5933c936b659|127.0.0.1:15371, a0742c66-ae9f-48ce-9181-086e540b3b62|127.0.0.1:15380]|listeners:[], old=null
2024-05-12 17:41:37,610 [a0742c66-ae9f-48ce-9181-086e540b3b62@group-13A0CAA15F1F-LeaderElection282] INFO  impl.LeaderElection (LeaderElection.java:logAndReturn(89)) - a0742c66-ae9f-48ce-9181-086e540b3b62@group-13A0CAA15F1F-LeaderElection282: ELECTION PASSED received 1 response(s) and 0 exception(s):
2024-05-12 17:41:37,610 [a0742c66-ae9f-48ce-9181-086e540b3b62@group-13A0CAA15F1F-LeaderElection282] INFO  impl.LeaderElection (LeaderElection.java:logAndReturn(93)) -   Response 0: a0742c66-ae9f-48ce-9181-086e540b3b62<-fa054618-3a8f-49b0-93d4-5933c936b659#0:OK-t1
2024-05-12 17:41:37,610 [a0742c66-ae9f-48ce-9181-086e540b3b62@group-13A0CAA15F1F-LeaderElection282] INFO  impl.LeaderElection (LeaderElection.java:askForVotes(323)) - a0742c66-ae9f-48ce-9181-086e540b3b62@group-13A0CAA15F1F-LeaderElection282 ELECTION round 0: result PASSED
2024-05-12 17:41:37,610 [a0742c66-ae9f-48ce-9181-086e540b3b62@group-13A0CAA15F1F-LeaderElection282] INFO  impl.RoleInfo (RoleInfo.java:shutdownLeaderElection(130)) - a0742c66-ae9f-48ce-9181-086e540b3b62: shutdown a0742c66-ae9f-48ce-9181-086e540b3b62@group-13A0CAA15F1F-LeaderElection282
2024-05-12 17:41:37,610 [a0742c66-ae9f-48ce-9181-086e540b3b62@group-13A0CAA15F1F-LeaderElection282] INFO  server.RaftServer$Division (RaftServerImpl.java:setRole(383)) - a0742c66-ae9f-48ce-9181-086e540b3b62@group-13A0CAA15F1F: changes role from CANDIDATE to LEADER at term 1 for changeToLeader
2024-05-12 17:41:37,610 [a0742c66-ae9f-48ce-9181-086e540b3b62@group-13A0CAA15F1F-LeaderElection282] INFO  server.RaftServerConfigKeys (ConfUtils.java:logGet(46)) - raft.server.staging.catchup.gap = 1000 (default)
2024-05-12 17:41:37,610 [a0742c66-ae9f-48ce-9181-086e540b3b62@group-13A0CAA15F1F-LeaderElection282] INFO  server.RaftServerConfigKeys (ConfUtils.java:logGet(46)) - raft.server.write.element-limit = 1024 (custom)
2024-05-12 17:41:37,610 [a0742c66-ae9f-48ce-9181-086e540b3b62@group-13A0CAA15F1F-LeaderElection282] INFO  server.RaftServerConfigKeys (ConfUtils.java:logGet(46)) - raft.server.write.byte-limit = 1024 M (=1073741824) (custom)
2024-05-12 17:41:37,610 [a0742c66-ae9f-48ce-9181-086e540b3b62@group-13A0CAA15F1F-LeaderElection282] INFO  server.RaftServerConfigKeys (ConfUtils.java:logGet(46)) - raft.server.watch.timeout = 3000ms (custom)
2024-05-12 17:41:37,611 [a0742c66-ae9f-48ce-9181-086e540b3b62@group-13A0CAA15F1F-LeaderElection282] INFO  server.RaftServerConfigKeys (ConfUtils.java:logGet(46)) - raft.server.watch.timeout.denomination = 1s (default)
2024-05-12 17:41:37,611 [a0742c66-ae9f-48ce-9181-086e540b3b62@group-13A0CAA15F1F-LeaderElection282] INFO  server.RaftServerConfigKeys (ConfUtils.java:logGet(46)) - raft.server.watch.element-limit = 65536 (default)
2024-05-12 17:41:37,611 [a0742c66-ae9f-48ce-9181-086e540b3b62@group-13A0CAA15F1F-LeaderElection282] INFO  server.RaftServerConfigKeys (ConfUtils.java:logGet(46)) - raft.server.read.leader.lease.enabled = false (default)
2024-05-12 17:41:37,611 [a0742c66-ae9f-48ce-9181-086e540b3b62@group-13A0CAA15F1F-LeaderElection282] INFO  server.RaftServerConfigKeys (ConfUtils.java:logGet(46)) - raft.server.read.leader.lease.timeout.ratio = 0.9 (default)
2024-05-12 17:41:37,611 [a0742c66-ae9f-48ce-9181-086e540b3b62@group-13A0CAA15F1F-LeaderElection282] INFO  server.RaftServerConfigKeys (ConfUtils.java:logGet(46)) - raft.server.rpc.timeout.min = 1s (custom)
2024-05-12 17:41:37,611 [a0742c66-ae9f-48ce-9181-086e540b3b62@group-13A0CAA15F1F-LeaderElection282] INFO  server.RaftServerConfigKeys (ConfUtils.java:logGet(46)) - raft.server.write.element-limit = 1024 (custom)
2024-05-12 17:41:37,611 [a0742c66-ae9f-48ce-9181-086e540b3b62@group-13A0CAA15F1F-LeaderElection282] INFO  server.RaftServerConfigKeys (ConfUtils.java:logGet(46)) - raft.server.write.follower.gap.ratio.max = -1.0 (default)
2024-05-12 17:41:37,611 [a0742c66-ae9f-48ce-9181-086e540b3b62@group-13A0CAA15F1F-LeaderElection282] INFO  server.RaftServerConfigKeys (ConfUtils.java:logGet(46)) - raft.server.log.appender.snapshot.chunk.size.max = 16MB (=16777216) (default)
2024-05-12 17:41:37,611 [a0742c66-ae9f-48ce-9181-086e540b3b62@group-13A0CAA15F1F-LeaderElection282] INFO  server.RaftServerConfigKeys (ConfUtils.java:logGet(46)) - raft.server.log.appender.buffer.byte-limit = 8388608 (custom)
2024-05-12 17:41:37,612 [a0742c66-ae9f-48ce-9181-086e540b3b62@group-13A0CAA15F1F-LeaderElection282] INFO  server.RaftServerConfigKeys (ConfUtils.java:logGet(46)) - raft.server.log.appender.buffer.element-limit = 1 (custom)
2024-05-12 17:41:37,612 [a0742c66-ae9f-48ce-9181-086e540b3b62@group-13A0CAA15F1F-LeaderElection282] INFO  server.RaftServerConfigKeys (ConfUtils.java:logGet(46)) - raft.server.log.appender.wait-time.min = 0ms (custom)
2024-05-12 17:41:37,612 [a0742c66-ae9f-48ce-9181-086e540b3b62@group-13A0CAA15F1F-LeaderElection282] INFO  grpc.GrpcConfigKeys (ConfUtils.java:logGet(46)) - raft.grpc.server.leader.outstanding.appends.max = 8 (default)
2024-05-12 17:41:37,612 [a0742c66-ae9f-48ce-9181-086e540b3b62@group-13A0CAA15F1F-LeaderElection282] INFO  server.RaftServerConfigKeys (ConfUtils.java:logGet(46)) - raft.server.rpc.request.timeout = 3000ms (default)
2024-05-12 17:41:37,612 [a0742c66-ae9f-48ce-9181-086e540b3b62@group-13A0CAA15F1F-LeaderElection282] INFO  grpc.GrpcConfigKeys (ConfUtils.java:logGet(46)) - raft.grpc.server.install_snapshot.request.element-limit = 8 (default)
2024-05-12 17:41:37,612 [a0742c66-ae9f-48ce-9181-086e540b3b62@group-13A0CAA15F1F-LeaderElection282] INFO  grpc.GrpcConfigKeys (ConfUtils.java:logGet(46)) - raft.grpc.server.install_snapshot.request.timeout = 3000ms (default)
2024-05-12 17:41:37,612 [a0742c66-ae9f-48ce-9181-086e540b3b62@group-13A0CAA15F1F-LeaderElection282] INFO  grpc.GrpcConfigKeys (ConfUtils.java:logGet(46)) - raft.grpc.server.log-message.batch.duration = 5s (default)
2024-05-12 17:41:37,612 [a0742c66-ae9f-48ce-9181-086e540b3b62@group-13A0CAA15F1F-LeaderElection282] INFO  server.RaftServerConfigKeys (ConfUtils.java:logGet(46)) - raft.server.log.appender.install.snapshot.enabled = false (custom)
2024-05-12 17:41:37,612 [a0742c66-ae9f-48ce-9181-086e540b3b62@group-13A0CAA15F1F-LeaderElection282] INFO  grpc.GrpcConfigKeys (ConfUtils.java:logGet(46)) - raft.grpc.server.heartbeat.channel = true (default)
2024-05-12 17:41:37,613 [fa054618-3a8f-49b0-93d4-5933c936b659@group-3D405C2ACDC2-LeaderElection283] INFO  server.RaftServer$Division (ServerState.java:setRaftConf(386)) - fa054618-3a8f-49b0-93d4-5933c936b659@group-3D405C2ACDC2: set configuration 0: peers:[fa054618-3a8f-49b0-93d4-5933c936b659|127.0.0.1:15371]|listeners:[], old=null
2024-05-12 17:41:37,613 [a0742c66-ae9f-48ce-9181-086e540b3b62@group-13A0CAA15F1F-LeaderElection282] INFO  server.RaftServerConfigKeys (ConfUtils.java:logGet(46)) - raft.server.log.appender.snapshot.chunk.size.max = 16MB (=16777216) (default)
2024-05-12 17:41:37,613 [a0742c66-ae9f-48ce-9181-086e540b3b62@group-13A0CAA15F1F-LeaderElection282] INFO  server.RaftServerConfigKeys (ConfUtils.java:logGet(46)) - raft.server.log.appender.buffer.byte-limit = 8388608 (custom)
2024-05-12 17:41:37,613 [a0742c66-ae9f-48ce-9181-086e540b3b62@group-13A0CAA15F1F-LeaderElection282] INFO  server.RaftServerConfigKeys (ConfUtils.java:logGet(46)) - raft.server.log.appender.buffer.element-limit = 1 (custom)
2024-05-12 17:41:37,613 [a0742c66-ae9f-48ce-9181-086e540b3b62@group-13A0CAA15F1F-LeaderElection282] INFO  server.RaftServerConfigKeys (ConfUtils.java:logGet(46)) - raft.server.log.appender.wait-time.min = 0ms (custom)
2024-05-12 17:41:37,613 [a0742c66-ae9f-48ce-9181-086e540b3b62@group-13A0CAA15F1F-LeaderElection282] INFO  grpc.GrpcConfigKeys (ConfUtils.java:logGet(46)) - raft.grpc.server.leader.outstanding.appends.max = 8 (default)
2024-05-12 17:41:37,613 [a0742c66-ae9f-48ce-9181-086e540b3b62@group-13A0CAA15F1F-LeaderElection282] INFO  server.RaftServerConfigKeys (ConfUtils.java:logGet(46)) - raft.server.rpc.request.timeout = 3000ms (default)
2024-05-12 17:41:37,613 [a0742c66-ae9f-48ce-9181-086e540b3b62@group-13A0CAA15F1F-LeaderElection282] INFO  grpc.GrpcConfigKeys (ConfUtils.java:logGet(46)) - raft.grpc.server.install_snapshot.request.element-limit = 8 (default)
2024-05-12 17:41:37,613 [a0742c66-ae9f-48ce-9181-086e540b3b62@group-13A0CAA15F1F-LeaderElection282] INFO  grpc.GrpcConfigKeys (ConfUtils.java:logGet(46)) - raft.grpc.server.install_snapshot.request.timeout = 3000ms (default)
2024-05-12 17:41:37,613 [a0742c66-ae9f-48ce-9181-086e540b3b62@group-13A0CAA15F1F-LeaderElection282] INFO  grpc.GrpcConfigKeys (ConfUtils.java:logGet(46)) - raft.grpc.server.log-message.batch.duration = 5s (default)
2024-05-12 17:41:37,613 [a0742c66-ae9f-48ce-9181-086e540b3b62@group-13A0CAA15F1F-LeaderElection282] INFO  server.RaftServerConfigKeys (ConfUtils.java:logGet(46)) - raft.server.log.appender.install.snapshot.enabled = false (custom)
2024-05-12 17:41:37,613 [a0742c66-ae9f-48ce-9181-086e540b3b62@group-13A0CAA15F1F-LeaderElection282] INFO  grpc.GrpcConfigKeys (ConfUtils.java:logGet(46)) - raft.grpc.server.heartbeat.channel = true (default)
2024-05-12 17:41:37,613 [a0742c66-ae9f-48ce-9181-086e540b3b62@group-13A0CAA15F1F-LeaderElection282] INFO  impl.RoleInfo (RoleInfo.java:updateAndGet(139)) - a0742c66-ae9f-48ce-9181-086e540b3b62: start a0742c66-ae9f-48ce-9181-086e540b3b62@group-13A0CAA15F1F-LeaderStateImpl
2024-05-12 17:41:37,613 [a0742c66-ae9f-48ce-9181-086e540b3b62@group-13A0CAA15F1F-LeaderElection282] INFO  server.RaftServer$Division (RaftServerImpl.java:setFirstElection(574)) - a0742c66-ae9f-48ce-9181-086e540b3b62@group-13A0CAA15F1F: set firstElectionSinceStartup to false for becomeLeader
2024-05-12 17:41:37,613 [a0742c66-ae9f-48ce-9181-086e540b3b62@group-13A0CAA15F1F-LeaderElection282] INFO  ratis.XceiverServerRatis (XceiverServerRatis.java:handleLeaderChangedNotification(966)) - Leader change notification received for group: group-13A0CAA15F1F with new leaderId: a0742c66-ae9f-48ce-9181-086e540b3b62
2024-05-12 17:41:37,615 [a0742c66-ae9f-48ce-9181-086e540b3b62-impl-thread2] INFO  server.RaftServer$Division (RaftServerImpl.java:lambda$close$3(526)) - a0742c66-ae9f-48ce-9181-086e540b3b62@group-13A0CAA15F1F: shutdown
2024-05-12 17:41:37,615 [a0742c66-ae9f-48ce-9181-086e540b3b62-impl-thread2] INFO  util.JmxRegister (JmxRegister.java:unregister(73)) - Successfully un-registered JMX Bean with object name Ratis:service=RaftServer,group=group-13A0CAA15F1F,id=a0742c66-ae9f-48ce-9181-086e540b3b62
2024-05-12 17:41:37,615 [a0742c66-ae9f-48ce-9181-086e540b3b62-impl-thread2] INFO  impl.RoleInfo (RoleInfo.java:shutdownLeaderState(94)) - a0742c66-ae9f-48ce-9181-086e540b3b62: shutdown a0742c66-ae9f-48ce-9181-086e540b3b62@group-13A0CAA15F1F-LeaderStateImpl
2024-05-12 17:41:37,615 [a0742c66-ae9f-48ce-9181-086e540b3b62-impl-thread2] INFO  impl.PendingRequests (PendingRequests.java:sendNotLeaderResponses(289)) - a0742c66-ae9f-48ce-9181-086e540b3b62@group-13A0CAA15F1F-PendingRequests: sendNotLeaderResponses
2024-05-12 17:41:37,615 [a0742c66-ae9f-48ce-9181-086e540b3b62-impl-thread2] INFO  segmented.SegmentedRaftLogWorker (SegmentedRaftLogWorker.java:startLogSegment(430)) - a0742c66-ae9f-48ce-9181-086e540b3b62@group-13A0CAA15F1F-SegmentedRaftLogWorker: Starting segment from index:0
2024-05-12 17:41:37,616 [a0742c66-ae9f-48ce-9181-086e540b3b62@group-13A0CAA15F1F-SegmentedRaftLogWorker] INFO  segmented.BufferedWriteChannel (BufferedWriteChannel.java:open(62)) - open log_inprogress_0 at position 0
2024-05-12 17:41:37,616 [a0742c66-ae9f-48ce-9181-086e540b3b62-impl-thread2] INFO  server.RaftServer$Division (ServerState.java:setRaftConf(386)) - a0742c66-ae9f-48ce-9181-086e540b3b62@group-13A0CAA15F1F: set configuration 0: peers:[93bda13b-2c91-401a-a9f5-fc4ebb9220da|127.0.0.1:15362, fa054618-3a8f-49b0-93d4-5933c936b659|127.0.0.1:15371, a0742c66-ae9f-48ce-9181-086e540b3b62|127.0.0.1:15380]|listeners:[], old=null
2024-05-12 17:41:37,617 [grpc-default-executor-5] INFO  server.RaftServer$Division (RaftServerImpl.java:requestVote(1422)) - 93bda13b-2c91-401a-a9f5-fc4ebb9220da@group-13A0CAA15F1F replies to ELECTION vote request: a0742c66-ae9f-48ce-9181-086e540b3b62<-93bda13b-2c91-401a-a9f5-fc4ebb9220da#0:OK-t1. Peer's state: 93bda13b-2c91-401a-a9f5-fc4ebb9220da@group-13A0CAA15F1F:t1, leader=null, voted=a0742c66-ae9f-48ce-9181-086e540b3b62, raftlog=Memoized:93bda13b-2c91-401a-a9f5-fc4ebb9220da@group-13A0CAA15F1F-SegmentedRaftLog:OPENED:c-1, conf=-1: peers:[93bda13b-2c91-401a-a9f5-fc4ebb9220da|127.0.0.1:15362, fa054618-3a8f-49b0-93d4-5933c936b659|127.0.0.1:15371, a0742c66-ae9f-48ce-9181-086e540b3b62|127.0.0.1:15380]|listeners:[], old=null
2024-05-12 17:41:37,617 [fa054618-3a8f-49b0-93d4-5933c936b659@group-3D405C2ACDC2-SegmentedRaftLogWorker] INFO  segmented.SegmentedRaftLogWorker (SegmentedRaftLogWorker.java:execute(634)) - fa054618-3a8f-49b0-93d4-5933c936b659@group-3D405C2ACDC2-SegmentedRaftLogWorker: created new log segment /home/runner/work/ozone/ozone/hadoop-ozone/integration-test/target/test-dir/MiniOzoneClusterImpl-71ef5771-1bca-432b-8888-38dc3c8d5d63/ozone-meta/datanode-8/ratis/bd86c3dd-9f5a-4fc5-b474-3d405c2acdc2/current/log_inprogress_0
2024-05-12 17:41:37,622 [main] INFO  server.GrpcService (GrpcService.java:closeImpl(311)) - a0742c66-ae9f-48ce-9181-086e540b3b62: shutdown server org.apache.ratis.grpc.server.GrpcClientProtocolService now
2024-05-12 17:41:37,622 [a0742c66-ae9f-48ce-9181-086e540b3b62@group-13A0CAA15F1F-LeaderElection282] INFO  server.RaftServer$Division (ServerState.java:setLeader(269)) - a0742c66-ae9f-48ce-9181-086e540b3b62@group-13A0CAA15F1F: change Leader from null to a0742c66-ae9f-48ce-9181-086e540b3b62 at term 1 for becomeLeader, leader elected after 1261ms
2024-05-12 17:41:37,623 [a0742c66-ae9f-48ce-9181-086e540b3b62@group-13A0CAA15F1F-SegmentedRaftLogWorker] INFO  segmented.SegmentedRaftLogWorker (SegmentedRaftLogWorker.java:execute(634)) - a0742c66-ae9f-48ce-9181-086e540b3b62@group-13A0CAA15F1F-SegmentedRaftLogWorker: created new log segment /home/runner/work/ozone/ozone/hadoop-ozone/integration-test/target/test-dir/MiniOzoneClusterImpl-71ef5771-1bca-432b-8888-38dc3c8d5d63/ozone-meta/datanode-9/ratis/1ed39d93-d53b-42fe-b85c-13a0caa15f1f/current/log_inprogress_0
2024-05-12 17:41:37,623 [fa054618-3a8f-49b0-93d4-5933c936b659@group-3D405C2ACDC2-StateMachineUpdater] INFO  server.RaftServer$Division (LeaderStateImpl.java:isApplied(320)) - leader is ready since appliedIndex == 0 >= startIndex == 0
2024-05-12 17:41:37,624 [a0742c66-ae9f-48ce-9181-086e540b3b62-impl-thread3] INFO  server.RaftServer$Division (RaftServerImpl.java:lambda$close$3(526)) - a0742c66-ae9f-48ce-9181-086e540b3b62@group-C4BAC6D11D6A: shutdown
2024-05-12 17:41:37,624 [a0742c66-ae9f-48ce-9181-086e540b3b62-impl-thread3] INFO  util.JmxRegister (JmxRegister.java:unregister(73)) - Successfully un-registered JMX Bean with object name Ratis:service=RaftServer,group=group-C4BAC6D11D6A,id=a0742c66-ae9f-48ce-9181-086e540b3b62
2024-05-12 17:41:37,624 [a0742c66-ae9f-48ce-9181-086e540b3b62-impl-thread3] INFO  impl.RoleInfo (RoleInfo.java:shutdownLeaderState(94)) - a0742c66-ae9f-48ce-9181-086e540b3b62: shutdown a0742c66-ae9f-48ce-9181-086e540b3b62@group-C4BAC6D11D6A-LeaderStateImpl
2024-05-12 17:41:37,625 [a0742c66-ae9f-48ce-9181-086e540b3b62-impl-thread3] INFO  impl.PendingRequests (PendingRequests.java:sendNotLeaderResponses(289)) - a0742c66-ae9f-48ce-9181-086e540b3b62@group-C4BAC6D11D6A-PendingRequests: sendNotLeaderResponses
2024-05-12 17:41:37,625 [a0742c66-ae9f-48ce-9181-086e540b3b62@group-C4BAC6D11D6A-StateMachineUpdater] INFO  ratis.ContainerStateMachine (ContainerStateMachine.java:takeSnapshot(355)) - group-C4BAC6D11D6A: Taking a snapshot at:(t:1, i:0) file /home/runner/work/ozone/ozone/hadoop-ozone/integration-test/target/test-dir/MiniOzoneClusterImpl-71ef5771-1bca-432b-8888-38dc3c8d5d63/ozone-meta/datanode-9/ratis/c7b71482-f04d-44f2-9ef0-c4bac6d11d6a/sm/snapshot.1_0
2024-05-12 17:41:37,626 [a0742c66-ae9f-48ce-9181-086e540b3b62-impl-thread3] INFO  impl.StateMachineUpdater (StateMachineUpdater.java:stopAndJoin(157)) - a0742c66-ae9f-48ce-9181-086e540b3b62@group-C4BAC6D11D6A-StateMachineUpdater: set stopIndex = 0
2024-05-12 17:41:37,626 [Thread-6197] INFO  server.GrpcServerProtocolClient (GrpcServerProtocolClient.java:close(103)) - 93bda13b-2c91-401a-a9f5-fc4ebb9220da Close channels
2024-05-12 17:41:37,626 [a0742c66-ae9f-48ce-9181-086e540b3b62@group-C4BAC6D11D6A-StateMachineUpdater] INFO  ratis.ContainerStateMachine (ContainerStateMachine.java:takeSnapshot(366)) - group-C4BAC6D11D6A: Finished taking a snapshot at:(t:1, i:0) file:/home/runner/work/ozone/ozone/hadoop-ozone/integration-test/target/test-dir/MiniOzoneClusterImpl-71ef5771-1bca-432b-8888-38dc3c8d5d63/ozone-meta/datanode-9/ratis/c7b71482-f04d-44f2-9ef0-c4bac6d11d6a/sm/snapshot.1_0 took: 0 ms
2024-05-12 17:41:37,627 [a0742c66-ae9f-48ce-9181-086e540b3b62@group-C4BAC6D11D6A-StateMachineUpdater] INFO  impl.StateMachineUpdater (StateMachineUpdater.java:takeSnapshot(295)) - a0742c66-ae9f-48ce-9181-086e540b3b62@group-C4BAC6D11D6A-StateMachineUpdater: Took a snapshot at index 0
2024-05-12 17:41:37,627 [a0742c66-ae9f-48ce-9181-086e540b3b62@group-C4BAC6D11D6A-StateMachineUpdater] INFO  impl.StateMachineUpdater (StateMachineUpdater.java:lambda$new$0(98)) - a0742c66-ae9f-48ce-9181-086e540b3b62@group-C4BAC6D11D6A-StateMachineUpdater: snapshotIndex: updateIncreasingly -1 -> 0
2024-05-12 17:41:37,627 [Thread-6198] INFO  server.GrpcServerProtocolClient (GrpcServerProtocolClient.java:close(103)) - fa054618-3a8f-49b0-93d4-5933c936b659 Close channels
2024-05-12 17:41:37,628 [main] INFO  server.GrpcService (GrpcService.java:closeImpl(320)) - a0742c66-ae9f-48ce-9181-086e540b3b62: shutdown server org.apache.ratis.grpc.server.GrpcClientProtocolService successfully
2024-05-12 17:41:37,628 [main] INFO  server.GrpcService (GrpcService.java:closeImpl(311)) - a0742c66-ae9f-48ce-9181-086e540b3b62: shutdown server GrpcServerProtocolService now
2024-05-12 17:41:37,628 [a0742c66-ae9f-48ce-9181-086e540b3b62-impl-thread3] INFO  server.RaftServer$Division (ServerState.java:close(427)) - a0742c66-ae9f-48ce-9181-086e540b3b62@group-C4BAC6D11D6A: applyIndex: 0
2024-05-12 17:41:37,629 [grpc-default-executor-5] WARN  server.GrpcServerProtocolService (LogUtils.java:warn(121)) - a0742c66-ae9f-48ce-9181-086e540b3b62: APPEND_ENTRIES onError, lastRequest: fa054618-3a8f-49b0-93d4-5933c936b659->a0742c66-ae9f-48ce-9181-086e540b3b62#12-t1,previous=(t:1, i:7),leaderCommit=4,initializing? false,entries: size=1, first=(t:1, i:8), METADATAENTRY(c:4): org.apache.ratis.thirdparty.io.grpc.StatusRuntimeException: CANCELLED: client cancelled
2024-05-12 17:41:37,629 [grpc-default-executor-3] WARN  server.GrpcLogAppender (LogUtils.java:warn(121)) - fa054618-3a8f-49b0-93d4-5933c936b659@group-2BFC12537A18->a0742c66-ae9f-48ce-9181-086e540b3b62-AppendLogResponseHandler: Failed appendEntries: org.apache.ratis.thirdparty.io.grpc.StatusRuntimeException: CANCELLED: RST_STREAM closed stream. HTTP/2 error code: CANCEL
2024-05-12 17:41:37,629 [grpc-default-executor-3] WARN  server.GrpcLogAppender (GrpcLogAppender.java:lambda$resetClient$1(217)) - fa054618-3a8f-49b0-93d4-5933c936b659@group-2BFC12537A18->a0742c66-ae9f-48ce-9181-086e540b3b62-GrpcLogAppender: Follower failed (request=null, errorCount=1); keep nextIndex (9) unchanged and retry.
2024-05-12 17:41:37,629 [grpc-default-executor-0] WARN  server.GrpcServerProtocolService (LogUtils.java:warn(121)) - a0742c66-ae9f-48ce-9181-086e540b3b62: APPEND_ENTRIES onError, lastRequest: null: org.apache.ratis.thirdparty.io.grpc.StatusRuntimeException: CANCELLED: client cancelled
2024-05-12 17:41:37,630 [a0742c66-ae9f-48ce-9181-086e540b3b62@group-C4BAC6D11D6A-cacheEviction-AwaitToRun] INFO  util.AwaitToRun (AwaitToRun.java:run(49)) - a0742c66-ae9f-48ce-9181-086e540b3b62@group-C4BAC6D11D6A-cacheEviction-AwaitToRun-AwaitForSignal is interrupted
2024-05-12 17:41:37,631 [main] INFO  server.GrpcService (GrpcService.java:closeImpl(320)) - a0742c66-ae9f-48ce-9181-086e540b3b62: shutdown server GrpcServerProtocolService successfully
2024-05-12 17:41:37,631 [main] INFO  server.GrpcService (GrpcService.java:closeImpl(311)) - a0742c66-ae9f-48ce-9181-086e540b3b62: shutdown server org.apache.ratis.grpc.server.GrpcAdminProtocolService now
2024-05-12 17:41:37,632 [main] INFO  server.GrpcService (GrpcService.java:closeImpl(320)) - a0742c66-ae9f-48ce-9181-086e540b3b62: shutdown server org.apache.ratis.grpc.server.GrpcAdminProtocolService successfully
2024-05-12 17:41:37,634 [a0742c66-ae9f-48ce-9181-086e540b3b62-NettyServerStreamRpc-bossGroup--thread1] INFO  logging.LoggingHandler (AbstractInternalLogger.java:log(148)) - [id: 0x846b8275, L:/0.0.0.0:15381] CLOSE
2024-05-12 17:41:37,634 [a0742c66-ae9f-48ce-9181-086e540b3b62-NettyServerStreamRpc-bossGroup--thread1] INFO  logging.LoggingHandler (AbstractInternalLogger.java:log(148)) - [id: 0x846b8275, L:/0.0.0.0:15381] INACTIVE
2024-05-12 17:41:37,635 [a0742c66-ae9f-48ce-9181-086e540b3b62-NettyServerStreamRpc-bossGroup--thread1] INFO  logging.LoggingHandler (AbstractInternalLogger.java:log(148)) - [id: 0x846b8275, L:/0.0.0.0:15381] UNREGISTERED
2024-05-12 17:41:37,663 [a33fd443-9c01-43ff-9618-b7376da7e75d@group-928AF1097415-FollowerState] INFO  impl.FollowerState (FollowerState.java:run(143)) - a33fd443-9c01-43ff-9618-b7376da7e75d@group-928AF1097415-FollowerState: change to CANDIDATE, lastRpcElapsedTime:1184841883ns, electionTimeout:1184ms
2024-05-12 17:41:37,663 [a33fd443-9c01-43ff-9618-b7376da7e75d@group-928AF1097415-FollowerState] INFO  impl.RoleInfo (RoleInfo.java:shutdownFollowerState(110)) - a33fd443-9c01-43ff-9618-b7376da7e75d: shutdown a33fd443-9c01-43ff-9618-b7376da7e75d@group-928AF1097415-FollowerState
2024-05-12 17:41:37,664 [a33fd443-9c01-43ff-9618-b7376da7e75d@group-928AF1097415-FollowerState] INFO  server.RaftServer$Division (RaftServerImpl.java:setRole(383)) - a33fd443-9c01-43ff-9618-b7376da7e75d@group-928AF1097415: changes role from  FOLLOWER to CANDIDATE at term 0 for changeToCandidate
2024-05-12 17:41:37,664 [a33fd443-9c01-43ff-9618-b7376da7e75d@group-928AF1097415-FollowerState] INFO  server.RaftServerConfigKeys (ConfUtils.java:logGet(46)) - raft.server.leaderelection.pre-vote = true (default)
2024-05-12 17:41:37,664 [a33fd443-9c01-43ff-9618-b7376da7e75d@group-928AF1097415-FollowerState] INFO  impl.RoleInfo (RoleInfo.java:updateAndGet(139)) - a33fd443-9c01-43ff-9618-b7376da7e75d: start a33fd443-9c01-43ff-9618-b7376da7e75d@group-928AF1097415-LeaderElection284
2024-05-12 17:41:37,664 [a33fd443-9c01-43ff-9618-b7376da7e75d@group-928AF1097415-LeaderElection284] INFO  impl.LeaderElection (LeaderElection.java:askForVotes(321)) - a33fd443-9c01-43ff-9618-b7376da7e75d@group-928AF1097415-LeaderElection284 PRE_VOTE round 0: submit vote requests at term 0 for -1: peers:[a33fd443-9c01-43ff-9618-b7376da7e75d|127.0.0.1:15389]|listeners:[], old=null
2024-05-12 17:41:37,664 [a33fd443-9c01-43ff-9618-b7376da7e75d@group-928AF1097415-LeaderElection284] INFO  impl.LeaderElection (LeaderElection.java:askForVotes(323)) - a33fd443-9c01-43ff-9618-b7376da7e75d@group-928AF1097415-LeaderElection284 PRE_VOTE round 0: result PASSED (term=0)
2024-05-12 17:41:37,665 [a33fd443-9c01-43ff-9618-b7376da7e75d@group-928AF1097415-LeaderElection284] INFO  impl.LeaderElection (LeaderElection.java:askForVotes(321)) - a33fd443-9c01-43ff-9618-b7376da7e75d@group-928AF1097415-LeaderElection284 ELECTION round 0: submit vote requests at term 1 for -1: peers:[a33fd443-9c01-43ff-9618-b7376da7e75d|127.0.0.1:15389]|listeners:[], old=null
2024-05-12 17:41:37,665 [a33fd443-9c01-43ff-9618-b7376da7e75d@group-928AF1097415-LeaderElection284] INFO  impl.LeaderElection (LeaderElection.java:askForVotes(323)) - a33fd443-9c01-43ff-9618-b7376da7e75d@group-928AF1097415-LeaderElection284 ELECTION round 0: result PASSED (term=1)
2024-05-12 17:41:37,665 [a33fd443-9c01-43ff-9618-b7376da7e75d@group-928AF1097415-LeaderElection284] INFO  impl.RoleInfo (RoleInfo.java:shutdownLeaderElection(130)) - a33fd443-9c01-43ff-9618-b7376da7e75d: shutdown a33fd443-9c01-43ff-9618-b7376da7e75d@group-928AF1097415-LeaderElection284
2024-05-12 17:41:37,665 [a33fd443-9c01-43ff-9618-b7376da7e75d@group-928AF1097415-LeaderElection284] INFO  server.RaftServer$Division (RaftServerImpl.java:setRole(383)) - a33fd443-9c01-43ff-9618-b7376da7e75d@group-928AF1097415: changes role from CANDIDATE to LEADER at term 1 for changeToLeader
2024-05-12 17:41:37,665 [a33fd443-9c01-43ff-9618-b7376da7e75d@group-928AF1097415-LeaderElection284] INFO  server.RaftServerConfigKeys (ConfUtils.java:logGet(46)) - raft.server.staging.catchup.gap = 1000 (default)
2024-05-12 17:41:37,666 [a33fd443-9c01-43ff-9618-b7376da7e75d@group-928AF1097415-LeaderElection284] INFO  server.RaftServerConfigKeys (ConfUtils.java:logGet(46)) - raft.server.write.element-limit = 1024 (custom)
2024-05-12 17:41:37,666 [a33fd443-9c01-43ff-9618-b7376da7e75d@group-928AF1097415-LeaderElection284] INFO  server.RaftServerConfigKeys (ConfUtils.java:logGet(46)) - raft.server.write.byte-limit = 1024 M (=1073741824) (custom)
2024-05-12 17:41:37,666 [a33fd443-9c01-43ff-9618-b7376da7e75d@group-928AF1097415-LeaderElection284] INFO  server.RaftServerConfigKeys (ConfUtils.java:logGet(46)) - raft.server.watch.timeout = 3000ms (custom)
2024-05-12 17:41:37,666 [a33fd443-9c01-43ff-9618-b7376da7e75d@group-928AF1097415-LeaderElection284] INFO  server.RaftServerConfigKeys (ConfUtils.java:logGet(46)) - raft.server.watch.timeout.denomination = 1s (default)
2024-05-12 17:41:37,666 [a33fd443-9c01-43ff-9618-b7376da7e75d@group-928AF1097415-LeaderElection284] INFO  server.RaftServerConfigKeys (ConfUtils.java:logGet(46)) - raft.server.watch.element-limit = 65536 (default)
2024-05-12 17:41:37,666 [a33fd443-9c01-43ff-9618-b7376da7e75d@group-928AF1097415-LeaderElection284] INFO  server.RaftServerConfigKeys (ConfUtils.java:logGet(46)) - raft.server.read.leader.lease.enabled = false (default)
2024-05-12 17:41:37,666 [a33fd443-9c01-43ff-9618-b7376da7e75d@group-928AF1097415-LeaderElection284] INFO  server.RaftServerConfigKeys (ConfUtils.java:logGet(46)) - raft.server.read.leader.lease.timeout.ratio = 0.9 (default)
2024-05-12 17:41:37,666 [a33fd443-9c01-43ff-9618-b7376da7e75d@group-928AF1097415-LeaderElection284] INFO  server.RaftServerConfigKeys (ConfUtils.java:logGet(46)) - raft.server.rpc.timeout.min = 1s (custom)
2024-05-12 17:41:37,666 [a33fd443-9c01-43ff-9618-b7376da7e75d@group-928AF1097415-LeaderElection284] INFO  server.RaftServerConfigKeys (ConfUtils.java:logGet(46)) - raft.server.write.element-limit = 1024 (custom)
2024-05-12 17:41:37,666 [a33fd443-9c01-43ff-9618-b7376da7e75d@group-928AF1097415-LeaderElection284] INFO  server.RaftServerConfigKeys (ConfUtils.java:logGet(46)) - raft.server.write.follower.gap.ratio.max = -1.0 (default)
2024-05-12 17:41:37,666 [a33fd443-9c01-43ff-9618-b7376da7e75d@group-928AF1097415-LeaderElection284] INFO  impl.RoleInfo (RoleInfo.java:updateAndGet(139)) - a33fd443-9c01-43ff-9618-b7376da7e75d: start a33fd443-9c01-43ff-9618-b7376da7e75d@group-928AF1097415-LeaderStateImpl
2024-05-12 17:41:37,666 [a33fd443-9c01-43ff-9618-b7376da7e75d@group-928AF1097415-LeaderElection284] INFO  server.RaftServer$Division (RaftServerImpl.java:setFirstElection(574)) - a33fd443-9c01-43ff-9618-b7376da7e75d@group-928AF1097415: set firstElectionSinceStartup to false for becomeLeader
2024-05-12 17:41:37,666 [a33fd443-9c01-43ff-9618-b7376da7e75d@group-928AF1097415-LeaderElection284] INFO  ratis.XceiverServerRatis (XceiverServerRatis.java:handleLeaderChangedNotification(966)) - Leader change notification received for group: group-928AF1097415 with new leaderId: a33fd443-9c01-43ff-9618-b7376da7e75d
2024-05-12 17:41:37,666 [a33fd443-9c01-43ff-9618-b7376da7e75d@group-928AF1097415-LeaderElection284] INFO  server.RaftServer$Division (ServerState.java:setLeader(269)) - a33fd443-9c01-43ff-9618-b7376da7e75d@group-928AF1097415: change Leader from null to a33fd443-9c01-43ff-9618-b7376da7e75d at term 1 for becomeLeader, leader elected after 1199ms
2024-05-12 17:41:37,667 [a33fd443-9c01-43ff-9618-b7376da7e75d@group-928AF1097415-LeaderElection284] INFO  segmented.SegmentedRaftLogWorker (SegmentedRaftLogWorker.java:startLogSegment(430)) - a33fd443-9c01-43ff-9618-b7376da7e75d@group-928AF1097415-SegmentedRaftLogWorker: Starting segment from index:0
2024-05-12 17:41:37,667 [a33fd443-9c01-43ff-9618-b7376da7e75d@group-928AF1097415-SegmentedRaftLogWorker] INFO  segmented.BufferedWriteChannel (BufferedWriteChannel.java:open(62)) - open log_inprogress_0 at position 0
2024-05-12 17:41:37,669 [a33fd443-9c01-43ff-9618-b7376da7e75d@group-928AF1097415-LeaderElection284] INFO  server.RaftServer$Division (ServerState.java:setRaftConf(386)) - a33fd443-9c01-43ff-9618-b7376da7e75d@group-928AF1097415: set configuration 0: peers:[a33fd443-9c01-43ff-9618-b7376da7e75d|127.0.0.1:15389]|listeners:[], old=null
2024-05-12 17:41:37,673 [a33fd443-9c01-43ff-9618-b7376da7e75d@group-928AF1097415-SegmentedRaftLogWorker] INFO  segmented.SegmentedRaftLogWorker (SegmentedRaftLogWorker.java:execute(634)) - a33fd443-9c01-43ff-9618-b7376da7e75d@group-928AF1097415-SegmentedRaftLogWorker: created new log segment /home/runner/work/ozone/ozone/hadoop-ozone/integration-test/target/test-dir/MiniOzoneClusterImpl-71ef5771-1bca-432b-8888-38dc3c8d5d63/ozone-meta/datanode-10/ratis/5697141d-af5f-42ed-8c31-928af1097415/current/log_inprogress_0
2024-05-12 17:41:37,675 [a33fd443-9c01-43ff-9618-b7376da7e75d@group-928AF1097415-StateMachineUpdater] INFO  server.RaftServer$Division (LeaderStateImpl.java:isApplied(320)) - leader is ready since appliedIndex == 0 >= startIndex == 0
2024-05-12 17:41:38,543 [a0742c66-ae9f-48ce-9181-086e540b3b62-impl-thread3] INFO  segmented.SegmentedRaftLogWorker (SegmentedRaftLogWorker.java:close(245)) - a0742c66-ae9f-48ce-9181-086e540b3b62@group-C4BAC6D11D6A-SegmentedRaftLogWorker close()
2024-05-12 17:41:38,571 [a0742c66-ae9f-48ce-9181-086e540b3b62-impl-thread1] INFO  segmented.SegmentedRaftLogWorker (SegmentedRaftLogWorker.java:close(245)) - a0742c66-ae9f-48ce-9181-086e540b3b62@group-2BFC12537A18-SegmentedRaftLogWorker close()
2024-05-12 17:41:39,768 [fa054618-3a8f-49b0-93d4-5933c936b659@group-13A0CAA15F1F-FollowerState] INFO  impl.FollowerState (FollowerState.java:run(143)) - fa054618-3a8f-49b0-93d4-5933c936b659@group-13A0CAA15F1F-FollowerState: change to CANDIDATE, lastRpcElapsedTime:2158712859ns, electionTimeout:1143ms
2024-05-12 17:41:39,768 [fa054618-3a8f-49b0-93d4-5933c936b659@group-13A0CAA15F1F-FollowerState] INFO  impl.RoleInfo (RoleInfo.java:shutdownFollowerState(110)) - fa054618-3a8f-49b0-93d4-5933c936b659: shutdown fa054618-3a8f-49b0-93d4-5933c936b659@group-13A0CAA15F1F-FollowerState
2024-05-12 17:41:39,768 [fa054618-3a8f-49b0-93d4-5933c936b659@group-13A0CAA15F1F-FollowerState] INFO  server.RaftServer$Division (RaftServerImpl.java:setRole(383)) - fa054618-3a8f-49b0-93d4-5933c936b659@group-13A0CAA15F1F: changes role from  FOLLOWER to CANDIDATE at term 1 for changeToCandidate
2024-05-12 17:41:39,769 [fa054618-3a8f-49b0-93d4-5933c936b659@group-13A0CAA15F1F-FollowerState] INFO  server.RaftServerConfigKeys (ConfUtils.java:logGet(46)) - raft.server.leaderelection.pre-vote = true (default)
2024-05-12 17:41:39,769 [fa054618-3a8f-49b0-93d4-5933c936b659@group-13A0CAA15F1F-FollowerState] INFO  impl.RoleInfo (RoleInfo.java:updateAndGet(139)) - fa054618-3a8f-49b0-93d4-5933c936b659: start fa054618-3a8f-49b0-93d4-5933c936b659@group-13A0CAA15F1F-LeaderElection285
2024-05-12 17:41:39,769 [fa054618-3a8f-49b0-93d4-5933c936b659@group-13A0CAA15F1F-LeaderElection285] INFO  impl.LeaderElection (LeaderElection.java:askForVotes(321)) - fa054618-3a8f-49b0-93d4-5933c936b659@group-13A0CAA15F1F-LeaderElection285 PRE_VOTE round 0: submit vote requests at term 1 for -1: peers:[93bda13b-2c91-401a-a9f5-fc4ebb9220da|127.0.0.1:15362, fa054618-3a8f-49b0-93d4-5933c936b659|127.0.0.1:15371, a0742c66-ae9f-48ce-9181-086e540b3b62|127.0.0.1:15380]|listeners:[], old=null
2024-05-12 17:41:39,770 [fa054618-3a8f-49b0-93d4-5933c936b659@group-13A0CAA15F1F-LeaderElection285] INFO  impl.LeaderElection (LogUtils.java:infoOrTrace(136)) - fa054618-3a8f-49b0-93d4-5933c936b659@group-13A0CAA15F1F-LeaderElection285 got exception when requesting votes: java.util.concurrent.ExecutionException: org.apache.ratis.thirdparty.io.grpc.StatusRuntimeException: UNAVAILABLE: io exception
2024-05-12 17:41:39,770 [grpc-default-executor-6] INFO  server.RaftServer$Division (RaftServerImpl.java:requestVote(1389)) - 93bda13b-2c91-401a-a9f5-fc4ebb9220da@group-13A0CAA15F1F: receive requestVote(PRE_VOTE, fa054618-3a8f-49b0-93d4-5933c936b659, group-13A0CAA15F1F, 1, (t:0, i:0))
2024-05-12 17:41:39,770 [grpc-default-executor-6] INFO  impl.VoteContext (VoteContext.java:log(49)) - 93bda13b-2c91-401a-a9f5-fc4ebb9220da@group-13A0CAA15F1F-FOLLOWER: accept PRE_VOTE from fa054618-3a8f-49b0-93d4-5933c936b659: our priority 0 <= candidate's priority 0
2024-05-12 17:41:39,770 [grpc-default-executor-6] INFO  server.RaftServer$Division (RaftServerImpl.java:requestVote(1422)) - 93bda13b-2c91-401a-a9f5-fc4ebb9220da@group-13A0CAA15F1F replies to PRE_VOTE vote request: fa054618-3a8f-49b0-93d4-5933c936b659<-93bda13b-2c91-401a-a9f5-fc4ebb9220da#0:OK-t1. Peer's state: 93bda13b-2c91-401a-a9f5-fc4ebb9220da@group-13A0CAA15F1F:t1, leader=null, voted=a0742c66-ae9f-48ce-9181-086e540b3b62, raftlog=Memoized:93bda13b-2c91-401a-a9f5-fc4ebb9220da@group-13A0CAA15F1F-SegmentedRaftLog:OPENED:c-1, conf=-1: peers:[93bda13b-2c91-401a-a9f5-fc4ebb9220da|127.0.0.1:15362, fa054618-3a8f-49b0-93d4-5933c936b659|127.0.0.1:15371, a0742c66-ae9f-48ce-9181-086e540b3b62|127.0.0.1:15380]|listeners:[], old=null
2024-05-12 17:41:39,771 [fa054618-3a8f-49b0-93d4-5933c936b659@group-13A0CAA15F1F-LeaderElection285] INFO  impl.LeaderElection (LeaderElection.java:logAndReturn(89)) - fa054618-3a8f-49b0-93d4-5933c936b659@group-13A0CAA15F1F-LeaderElection285: PRE_VOTE PASSED received 1 response(s) and 1 exception(s):
2024-05-12 17:41:39,771 [fa054618-3a8f-49b0-93d4-5933c936b659@group-13A0CAA15F1F-LeaderElection285] INFO  impl.LeaderElection (LeaderElection.java:logAndReturn(93)) -   Response 0: fa054618-3a8f-49b0-93d4-5933c936b659<-93bda13b-2c91-401a-a9f5-fc4ebb9220da#0:OK-t1
2024-05-12 17:41:39,771 [fa054618-3a8f-49b0-93d4-5933c936b659@group-13A0CAA15F1F-LeaderElection285] INFO  impl.LeaderElection (LogUtils.java:infoOrTrace(136)) -   Exception 1: java.util.concurrent.ExecutionException: org.apache.ratis.thirdparty.io.grpc.StatusRuntimeException: UNAVAILABLE: io exception
2024-05-12 17:41:39,771 [fa054618-3a8f-49b0-93d4-5933c936b659@group-13A0CAA15F1F-LeaderElection285] INFO  impl.LeaderElection (LeaderElection.java:askForVotes(323)) - fa054618-3a8f-49b0-93d4-5933c936b659@group-13A0CAA15F1F-LeaderElection285 PRE_VOTE round 0: result PASSED
2024-05-12 17:41:39,772 [fa054618-3a8f-49b0-93d4-5933c936b659@group-13A0CAA15F1F-LeaderElection285] INFO  impl.LeaderElection (LeaderElection.java:askForVotes(321)) - fa054618-3a8f-49b0-93d4-5933c936b659@group-13A0CAA15F1F-LeaderElection285 ELECTION round 0: submit vote requests at term 2 for -1: peers:[93bda13b-2c91-401a-a9f5-fc4ebb9220da|127.0.0.1:15362, fa054618-3a8f-49b0-93d4-5933c936b659|127.0.0.1:15371, a0742c66-ae9f-48ce-9181-086e540b3b62|127.0.0.1:15380]|listeners:[], old=null
2024-05-12 17:41:39,773 [fa054618-3a8f-49b0-93d4-5933c936b659@group-13A0CAA15F1F-LeaderElection285] INFO  impl.LeaderElection (LogUtils.java:infoOrTrace(136)) - fa054618-3a8f-49b0-93d4-5933c936b659@group-13A0CAA15F1F-LeaderElection285 got exception when requesting votes: java.util.concurrent.ExecutionException: org.apache.ratis.thirdparty.io.grpc.StatusRuntimeException: UNAVAILABLE: io exception
2024-05-12 17:41:39,773 [grpc-default-executor-6] INFO  server.RaftServer$Division (RaftServerImpl.java:requestVote(1389)) - 93bda13b-2c91-401a-a9f5-fc4ebb9220da@group-13A0CAA15F1F: receive requestVote(ELECTION, fa054618-3a8f-49b0-93d4-5933c936b659, group-13A0CAA15F1F, 2, (t:0, i:0))
2024-05-12 17:41:39,773 [grpc-default-executor-6] INFO  impl.VoteContext (VoteContext.java:log(49)) - 93bda13b-2c91-401a-a9f5-fc4ebb9220da@group-13A0CAA15F1F-FOLLOWER: accept ELECTION from fa054618-3a8f-49b0-93d4-5933c936b659: our priority 0 <= candidate's priority 0
2024-05-12 17:41:39,773 [grpc-default-executor-6] INFO  server.RaftServer$Division (RaftServerImpl.java:setRole(383)) - 93bda13b-2c91-401a-a9f5-fc4ebb9220da@group-13A0CAA15F1F: changes role from  FOLLOWER to FOLLOWER at term 2 for candidate:fa054618-3a8f-49b0-93d4-5933c936b659
2024-05-12 17:41:39,773 [grpc-default-executor-6] INFO  impl.RoleInfo (RoleInfo.java:shutdownFollowerState(110)) - 93bda13b-2c91-401a-a9f5-fc4ebb9220da: shutdown 93bda13b-2c91-401a-a9f5-fc4ebb9220da@group-13A0CAA15F1F-FollowerState
2024-05-12 17:41:39,774 [grpc-default-executor-6] INFO  impl.RoleInfo (RoleInfo.java:updateAndGet(139)) - 93bda13b-2c91-401a-a9f5-fc4ebb9220da: start 93bda13b-2c91-401a-a9f5-fc4ebb9220da@group-13A0CAA15F1F-FollowerState
2024-05-12 17:41:39,774 [93bda13b-2c91-401a-a9f5-fc4ebb9220da@group-13A0CAA15F1F-FollowerState] INFO  impl.FollowerState (FollowerState.java:run(152)) - 93bda13b-2c91-401a-a9f5-fc4ebb9220da@group-13A0CAA15F1F-FollowerState was interrupted
2024-05-12 17:41:39,775 [grpc-default-executor-6] INFO  server.RaftServer$Division (RaftServerImpl.java:requestVote(1422)) - 93bda13b-2c91-401a-a9f5-fc4ebb9220da@group-13A0CAA15F1F replies to ELECTION vote request: fa054618-3a8f-49b0-93d4-5933c936b659<-93bda13b-2c91-401a-a9f5-fc4ebb9220da#0:OK-t2. Peer's state: 93bda13b-2c91-401a-a9f5-fc4ebb9220da@group-13A0CAA15F1F:t2, leader=null, voted=fa054618-3a8f-49b0-93d4-5933c936b659, raftlog=Memoized:93bda13b-2c91-401a-a9f5-fc4ebb9220da@group-13A0CAA15F1F-SegmentedRaftLog:OPENED:c-1, conf=-1: peers:[93bda13b-2c91-401a-a9f5-fc4ebb9220da|127.0.0.1:15362, fa054618-3a8f-49b0-93d4-5933c936b659|127.0.0.1:15371, a0742c66-ae9f-48ce-9181-086e540b3b62|127.0.0.1:15380]|listeners:[], old=null
2024-05-12 17:41:39,775 [fa054618-3a8f-49b0-93d4-5933c936b659@group-13A0CAA15F1F-LeaderElection285] INFO  impl.LeaderElection (LeaderElection.java:logAndReturn(89)) - fa054618-3a8f-49b0-93d4-5933c936b659@group-13A0CAA15F1F-LeaderElection285: ELECTION PASSED received 1 response(s) and 1 exception(s):
2024-05-12 17:41:39,775 [fa054618-3a8f-49b0-93d4-5933c936b659@group-13A0CAA15F1F-LeaderElection285] INFO  impl.LeaderElection (LeaderElection.java:logAndReturn(93)) -   Response 0: fa054618-3a8f-49b0-93d4-5933c936b659<-93bda13b-2c91-401a-a9f5-fc4ebb9220da#0:OK-t2
2024-05-12 17:41:39,775 [fa054618-3a8f-49b0-93d4-5933c936b659@group-13A0CAA15F1F-LeaderElection285] INFO  impl.LeaderElection (LogUtils.java:infoOrTrace(136)) -   Exception 1: java.util.concurrent.ExecutionException: org.apache.ratis.thirdparty.io.grpc.StatusRuntimeException: UNAVAILABLE: io exception
2024-05-12 17:41:39,775 [fa054618-3a8f-49b0-93d4-5933c936b659@group-13A0CAA15F1F-LeaderElection285] INFO  impl.LeaderElection (LeaderElection.java:askForVotes(323)) - fa054618-3a8f-49b0-93d4-5933c936b659@group-13A0CAA15F1F-LeaderElection285 ELECTION round 0: result PASSED
2024-05-12 17:41:39,775 [fa054618-3a8f-49b0-93d4-5933c936b659@group-13A0CAA15F1F-LeaderElection285] INFO  impl.RoleInfo (RoleInfo.java:shutdownLeaderElection(130)) - fa054618-3a8f-49b0-93d4-5933c936b659: shutdown fa054618-3a8f-49b0-93d4-5933c936b659@group-13A0CAA15F1F-LeaderElection285
2024-05-12 17:41:39,775 [fa054618-3a8f-49b0-93d4-5933c936b659@group-13A0CAA15F1F-LeaderElection285] INFO  server.RaftServer$Division (RaftServerImpl.java:setRole(383)) - fa054618-3a8f-49b0-93d4-5933c936b659@group-13A0CAA15F1F: changes role from CANDIDATE to LEADER at term 2 for changeToLeader
2024-05-12 17:41:39,775 [fa054618-3a8f-49b0-93d4-5933c936b659@group-13A0CAA15F1F-LeaderElection285] INFO  server.RaftServerConfigKeys (ConfUtils.java:logGet(46)) - raft.server.staging.catchup.gap = 1000 (default)
2024-05-12 17:41:39,776 [fa054618-3a8f-49b0-93d4-5933c936b659@group-13A0CAA15F1F-LeaderElection285] INFO  server.RaftServerConfigKeys (ConfUtils.java:logGet(46)) - raft.server.write.element-limit = 1024 (custom)
2024-05-12 17:41:39,776 [fa054618-3a8f-49b0-93d4-5933c936b659@group-13A0CAA15F1F-LeaderElection285] INFO  server.RaftServerConfigKeys (ConfUtils.java:logGet(46)) - raft.server.write.byte-limit = 1024 M (=1073741824) (custom)
2024-05-12 17:41:39,776 [fa054618-3a8f-49b0-93d4-5933c936b659@group-13A0CAA15F1F-LeaderElection285] INFO  server.RaftServerConfigKeys (ConfUtils.java:logGet(46)) - raft.server.watch.timeout = 3000ms (custom)
2024-05-12 17:41:39,776 [fa054618-3a8f-49b0-93d4-5933c936b659@group-13A0CAA15F1F-LeaderElection285] INFO  server.RaftServerConfigKeys (ConfUtils.java:logGet(46)) - raft.server.watch.timeout.denomination = 1s (default)
2024-05-12 17:41:39,776 [fa054618-3a8f-49b0-93d4-5933c936b659@group-13A0CAA15F1F-LeaderElection285] INFO  server.RaftServerConfigKeys (ConfUtils.java:logGet(46)) - raft.server.watch.element-limit = 65536 (default)
2024-05-12 17:41:39,776 [fa054618-3a8f-49b0-93d4-5933c936b659@group-13A0CAA15F1F-LeaderElection285] INFO  server.RaftServerConfigKeys (ConfUtils.java:logGet(46)) - raft.server.read.leader.lease.enabled = false (default)
2024-05-12 17:41:39,776 [fa054618-3a8f-49b0-93d4-5933c936b659@group-13A0CAA15F1F-LeaderElection285] INFO  server.RaftServerConfigKeys (ConfUtils.java:logGet(46)) - raft.server.read.leader.lease.timeout.ratio = 0.9 (default)
2024-05-12 17:41:39,776 [fa054618-3a8f-49b0-93d4-5933c936b659@group-13A0CAA15F1F-LeaderElection285] INFO  server.RaftServerConfigKeys (ConfUtils.java:logGet(46)) - raft.server.rpc.timeout.min = 1s (custom)
2024-05-12 17:41:39,776 [fa054618-3a8f-49b0-93d4-5933c936b659@group-13A0CAA15F1F-LeaderElection285] INFO  server.RaftServerConfigKeys (ConfUtils.java:logGet(46)) - raft.server.write.element-limit = 1024 (custom)
2024-05-12 17:41:39,777 [fa054618-3a8f-49b0-93d4-5933c936b659@group-13A0CAA15F1F-LeaderElection285] INFO  server.RaftServerConfigKeys (ConfUtils.java:logGet(46)) - raft.server.write.follower.gap.ratio.max = -1.0 (default)
2024-05-12 17:41:39,777 [fa054618-3a8f-49b0-93d4-5933c936b659@group-13A0CAA15F1F-LeaderElection285] INFO  server.RaftServerConfigKeys (ConfUtils.java:logGet(46)) - raft.server.log.appender.snapshot.chunk.size.max = 16MB (=16777216) (default)
2024-05-12 17:41:39,777 [fa054618-3a8f-49b0-93d4-5933c936b659@group-13A0CAA15F1F-LeaderElection285] INFO  server.RaftServerConfigKeys (ConfUtils.java:logGet(46)) - raft.server.log.appender.buffer.byte-limit = 8388608 (custom)
2024-05-12 17:41:39,777 [fa054618-3a8f-49b0-93d4-5933c936b659@group-13A0CAA15F1F-LeaderElection285] INFO  server.RaftServerConfigKeys (ConfUtils.java:logGet(46)) - raft.server.log.appender.buffer.element-limit = 1 (custom)
2024-05-12 17:41:39,777 [fa054618-3a8f-49b0-93d4-5933c936b659@group-13A0CAA15F1F-LeaderElection285] INFO  server.RaftServerConfigKeys (ConfUtils.java:logGet(46)) - raft.server.log.appender.wait-time.min = 0ms (custom)
2024-05-12 17:41:39,777 [fa054618-3a8f-49b0-93d4-5933c936b659@group-13A0CAA15F1F-LeaderElection285] INFO  grpc.GrpcConfigKeys (ConfUtils.java:logGet(46)) - raft.grpc.server.leader.outstanding.appends.max = 8 (default)
2024-05-12 17:41:39,778 [fa054618-3a8f-49b0-93d4-5933c936b659@group-13A0CAA15F1F-LeaderElection285] INFO  server.RaftServerConfigKeys (ConfUtils.java:logGet(46)) - raft.server.rpc.request.timeout = 3000ms (default)
2024-05-12 17:41:39,778 [fa054618-3a8f-49b0-93d4-5933c936b659@group-13A0CAA15F1F-LeaderElection285] INFO  grpc.GrpcConfigKeys (ConfUtils.java:logGet(46)) - raft.grpc.server.install_snapshot.request.element-limit = 8 (default)
2024-05-12 17:41:39,778 [fa054618-3a8f-49b0-93d4-5933c936b659@group-13A0CAA15F1F-LeaderElection285] INFO  grpc.GrpcConfigKeys (ConfUtils.java:logGet(46)) - raft.grpc.server.install_snapshot.request.timeout = 3000ms (default)
2024-05-12 17:41:39,778 [fa054618-3a8f-49b0-93d4-5933c936b659@group-13A0CAA15F1F-LeaderElection285] INFO  grpc.GrpcConfigKeys (ConfUtils.java:logGet(46)) - raft.grpc.server.log-message.batch.duration = 5s (default)
2024-05-12 17:41:39,778 [fa054618-3a8f-49b0-93d4-5933c936b659@group-13A0CAA15F1F-LeaderElection285] INFO  server.RaftServerConfigKeys (ConfUtils.java:logGet(46)) - raft.server.log.appender.install.snapshot.enabled = false (custom)
2024-05-12 17:41:39,778 [fa054618-3a8f-49b0-93d4-5933c936b659@group-13A0CAA15F1F-LeaderElection285] INFO  grpc.GrpcConfigKeys (ConfUtils.java:logGet(46)) - raft.grpc.server.heartbeat.channel = true (default)
2024-05-12 17:41:39,779 [fa054618-3a8f-49b0-93d4-5933c936b659@group-13A0CAA15F1F-LeaderElection285] INFO  server.RaftServerConfigKeys (ConfUtils.java:logGet(46)) - raft.server.log.appender.snapshot.chunk.size.max = 16MB (=16777216) (default)
2024-05-12 17:41:39,779 [fa054618-3a8f-49b0-93d4-5933c936b659@group-13A0CAA15F1F-LeaderElection285] INFO  server.RaftServerConfigKeys (ConfUtils.java:logGet(46)) - raft.server.log.appender.buffer.byte-limit = 8388608 (custom)
2024-05-12 17:41:39,779 [fa054618-3a8f-49b0-93d4-5933c936b659@group-13A0CAA15F1F-LeaderElection285] INFO  server.RaftServerConfigKeys (ConfUtils.java:logGet(46)) - raft.server.log.appender.buffer.element-limit = 1 (custom)
2024-05-12 17:41:39,779 [fa054618-3a8f-49b0-93d4-5933c936b659@group-13A0CAA15F1F-LeaderElection285] INFO  server.RaftServerConfigKeys (ConfUtils.java:logGet(46)) - raft.server.log.appender.wait-time.min = 0ms (custom)
2024-05-12 17:41:39,779 [fa054618-3a8f-49b0-93d4-5933c936b659@group-13A0CAA15F1F-LeaderElection285] INFO  grpc.GrpcConfigKeys (ConfUtils.java:logGet(46)) - raft.grpc.server.leader.outstanding.appends.max = 8 (default)
2024-05-12 17:41:39,779 [fa054618-3a8f-49b0-93d4-5933c936b659@group-13A0CAA15F1F-LeaderElection285] INFO  server.RaftServerConfigKeys (ConfUtils.java:logGet(46)) - raft.server.rpc.request.timeout = 3000ms (default)
2024-05-12 17:41:39,779 [fa054618-3a8f-49b0-93d4-5933c936b659@group-13A0CAA15F1F-LeaderElection285] INFO  grpc.GrpcConfigKeys (ConfUtils.java:logGet(46)) - raft.grpc.server.install_snapshot.request.element-limit = 8 (default)
2024-05-12 17:41:39,780 [fa054618-3a8f-49b0-93d4-5933c936b659@group-13A0CAA15F1F-LeaderElection285] INFO  grpc.GrpcConfigKeys (ConfUtils.java:logGet(46)) - raft.grpc.server.install_snapshot.request.timeout = 3000ms (default)
2024-05-12 17:41:39,780 [fa054618-3a8f-49b0-93d4-5933c936b659@group-13A0CAA15F1F-LeaderElection285] INFO  grpc.GrpcConfigKeys (ConfUtils.java:logGet(46)) - raft.grpc.server.log-message.batch.duration = 5s (default)
2024-05-12 17:41:39,780 [fa054618-3a8f-49b0-93d4-5933c936b659@group-13A0CAA15F1F-LeaderElection285] INFO  server.RaftServerConfigKeys (ConfUtils.java:logGet(46)) - raft.server.log.appender.install.snapshot.enabled = false (custom)
2024-05-12 17:41:39,780 [fa054618-3a8f-49b0-93d4-5933c936b659@group-13A0CAA15F1F-LeaderElection285] INFO  grpc.GrpcConfigKeys (ConfUtils.java:logGet(46)) - raft.grpc.server.heartbeat.channel = true (default)
2024-05-12 17:41:39,780 [fa054618-3a8f-49b0-93d4-5933c936b659@group-13A0CAA15F1F-LeaderElection285] INFO  impl.RoleInfo (RoleInfo.java:updateAndGet(139)) - fa054618-3a8f-49b0-93d4-5933c936b659: start fa054618-3a8f-49b0-93d4-5933c936b659@group-13A0CAA15F1F-LeaderStateImpl
2024-05-12 17:41:39,780 [fa054618-3a8f-49b0-93d4-5933c936b659@group-13A0CAA15F1F-LeaderElection285] INFO  ratis.XceiverServerRatis (XceiverServerRatis.java:handleLeaderChangedNotification(966)) - Leader change notification received for group: group-13A0CAA15F1F with new leaderId: fa054618-3a8f-49b0-93d4-5933c936b659
2024-05-12 17:41:39,780 [fa054618-3a8f-49b0-93d4-5933c936b659@group-13A0CAA15F1F-LeaderElection285] INFO  server.RaftServer$Division (ServerState.java:setLeader(269)) - fa054618-3a8f-49b0-93d4-5933c936b659@group-13A0CAA15F1F: change Leader from null to fa054618-3a8f-49b0-93d4-5933c936b659 at term 2 for becomeLeader, leader elected after 3408ms
2024-05-12 17:41:39,780 [fa054618-3a8f-49b0-93d4-5933c936b659@group-13A0CAA15F1F-LeaderElection285] INFO  segmented.SegmentedRaftLogWorker (SegmentedRaftLogWorker.java:startLogSegment(430)) - fa054618-3a8f-49b0-93d4-5933c936b659@group-13A0CAA15F1F-SegmentedRaftLogWorker: Starting segment from index:0
2024-05-12 17:41:39,781 [fa054618-3a8f-49b0-93d4-5933c936b659@group-13A0CAA15F1F-LeaderElection285] INFO  server.RaftServer$Division (ServerState.java:setRaftConf(386)) - fa054618-3a8f-49b0-93d4-5933c936b659@group-13A0CAA15F1F: set configuration 0: peers:[93bda13b-2c91-401a-a9f5-fc4ebb9220da|127.0.0.1:15362, fa054618-3a8f-49b0-93d4-5933c936b659|127.0.0.1:15371, a0742c66-ae9f-48ce-9181-086e540b3b62|127.0.0.1:15380]|listeners:[], old=null
2024-05-12 17:41:39,781 [fa054618-3a8f-49b0-93d4-5933c936b659@group-13A0CAA15F1F-SegmentedRaftLogWorker] INFO  segmented.BufferedWriteChannel (BufferedWriteChannel.java:open(62)) - open log_inprogress_0 at position 0
2024-05-12 17:41:39,785 [EventQueue-PipelineReportForPipelineReportHandler] INFO  pipeline.PipelineReportHandler (PipelineReportHandler.java:processPipelineReport(136)) - Opened pipeline PipelineID=1ed39d93-d53b-42fe-b85c-13a0caa15f1f
2024-05-12 17:41:39,786 [grpc-default-executor-3] WARN  server.GrpcLogAppender (LogUtils.java:warn(121)) - fa054618-3a8f-49b0-93d4-5933c936b659@group-13A0CAA15F1F->a0742c66-ae9f-48ce-9181-086e540b3b62-AppendLogResponseHandler: Failed appendEntries: org.apache.ratis.thirdparty.io.grpc.StatusRuntimeException: UNAVAILABLE: io exception
2024-05-12 17:41:39,786 [grpc-default-executor-3] WARN  server.GrpcLogAppender (GrpcLogAppender.java:lambda$resetClient$1(217)) - fa054618-3a8f-49b0-93d4-5933c936b659@group-13A0CAA15F1F->a0742c66-ae9f-48ce-9181-086e540b3b62-GrpcLogAppender: Follower failed (request=null, errorCount=1); keep nextIndex (0) unchanged and retry.
2024-05-12 17:41:39,788 [93bda13b-2c91-401a-a9f5-fc4ebb9220da-server-thread1] INFO  ratis.XceiverServerRatis (XceiverServerRatis.java:handleLeaderChangedNotification(966)) - Leader change notification received for group: group-13A0CAA15F1F with new leaderId: fa054618-3a8f-49b0-93d4-5933c936b659
2024-05-12 17:41:39,788 [93bda13b-2c91-401a-a9f5-fc4ebb9220da-server-thread1] INFO  server.RaftServer$Division (ServerState.java:setLeader(269)) - 93bda13b-2c91-401a-a9f5-fc4ebb9220da@group-13A0CAA15F1F: change Leader from null to fa054618-3a8f-49b0-93d4-5933c936b659 at term 2 for appendEntries, leader elected after 3449ms
2024-05-12 17:41:39,788 [grpc-default-executor-6] WARN  server.GrpcLogAppender (GrpcLogAppender.java:lambda$resetClient$1(217)) - fa054618-3a8f-49b0-93d4-5933c936b659@group-13A0CAA15F1F->a0742c66-ae9f-48ce-9181-086e540b3b62-GrpcLogAppender: Follower failed (request=null, errorCount=3); keep nextIndex (1) unchanged and retry.
2024-05-12 17:41:39,788 [fa054618-3a8f-49b0-93d4-5933c936b659@group-13A0CAA15F1F-SegmentedRaftLogWorker] INFO  segmented.SegmentedRaftLogWorker (SegmentedRaftLogWorker.java:execute(634)) - fa054618-3a8f-49b0-93d4-5933c936b659@group-13A0CAA15F1F-SegmentedRaftLogWorker: created new log segment /home/runner/work/ozone/ozone/hadoop-ozone/integration-test/target/test-dir/MiniOzoneClusterImpl-71ef5771-1bca-432b-8888-38dc3c8d5d63/ozone-meta/datanode-8/ratis/1ed39d93-d53b-42fe-b85c-13a0caa15f1f/current/log_inprogress_0
2024-05-12 17:41:39,789 [93bda13b-2c91-401a-a9f5-fc4ebb9220da-server-thread2] INFO  server.RaftServer$Division (ServerState.java:setRaftConf(386)) - 93bda13b-2c91-401a-a9f5-fc4ebb9220da@group-13A0CAA15F1F: set configuration 0: peers:[93bda13b-2c91-401a-a9f5-fc4ebb9220da|127.0.0.1:15362, fa054618-3a8f-49b0-93d4-5933c936b659|127.0.0.1:15371, a0742c66-ae9f-48ce-9181-086e540b3b62|127.0.0.1:15380]|listeners:[], old=null
2024-05-12 17:41:39,789 [93bda13b-2c91-401a-a9f5-fc4ebb9220da-server-thread2] INFO  segmented.SegmentedRaftLogWorker (SegmentedRaftLogWorker.java:startLogSegment(430)) - 93bda13b-2c91-401a-a9f5-fc4ebb9220da@group-13A0CAA15F1F-SegmentedRaftLogWorker: Starting segment from index:0
2024-05-12 17:41:39,789 [93bda13b-2c91-401a-a9f5-fc4ebb9220da@group-13A0CAA15F1F-SegmentedRaftLogWorker] INFO  segmented.BufferedWriteChannel (BufferedWriteChannel.java:open(62)) - open log_inprogress_0 at position 0
2024-05-12 17:41:39,796 [93bda13b-2c91-401a-a9f5-fc4ebb9220da@group-13A0CAA15F1F-SegmentedRaftLogWorker] INFO  segmented.SegmentedRaftLogWorker (SegmentedRaftLogWorker.java:execute(634)) - 93bda13b-2c91-401a-a9f5-fc4ebb9220da@group-13A0CAA15F1F-SegmentedRaftLogWorker: created new log segment /home/runner/work/ozone/ozone/hadoop-ozone/integration-test/target/test-dir/MiniOzoneClusterImpl-71ef5771-1bca-432b-8888-38dc3c8d5d63/ozone-meta/datanode-7/ratis/1ed39d93-d53b-42fe-b85c-13a0caa15f1f/current/log_inprogress_0
2024-05-12 17:41:39,798 [fa054618-3a8f-49b0-93d4-5933c936b659@group-13A0CAA15F1F-StateMachineUpdater] INFO  server.RaftServer$Division (LeaderStateImpl.java:isApplied(320)) - leader is ready since appliedIndex == 0 >= startIndex == 0
2024-05-12 17:41:42,629 [timer4] WARN  server.GrpcLogAppender (GrpcLogAppender.java:lambda$resetClient$1(217)) - fa054618-3a8f-49b0-93d4-5933c936b659@group-2BFC12537A18->a0742c66-ae9f-48ce-9181-086e540b3b62-GrpcLogAppender: Follower failed (request=null, errorCount=18); keep nextIndex (9) unchanged and retry. (Repeated 18 times in the last 5.000s)
2024-05-12 17:41:42,629 [timer3] WARN  server.GrpcLogAppender (LogUtils.java:warn(121)) - fa054618-3a8f-49b0-93d4-5933c936b659@group-2BFC12537A18->a0742c66-ae9f-48ce-9181-086e540b3b62-AppendLogResponseHandler: Failed appendEntries (Repeated 18 times in the last 5.001s): org.apache.ratis.thirdparty.io.grpc.StatusRuntimeException: UNAVAILABLE: io exception
2024-05-12 17:41:42,781 [grpc-default-executor-0] WARN  server.GrpcLogAppender (LogUtils.java:warn(121)) - fa054618-3a8f-49b0-93d4-5933c936b659@group-2BFC12537A18->a0742c66-ae9f-48ce-9181-086e540b3b62-AppendLogResponseHandler: Failed appendEntries: org.apache.ratis.thirdparty.io.grpc.StatusRuntimeException: UNAVAILABLE: io exception
2024-05-12 17:41:42,781 [grpc-default-executor-3] WARN  server.GrpcLogAppender (GrpcLogAppender.java:lambda$resetClient$1(217)) - fa054618-3a8f-49b0-93d4-5933c936b659@group-2BFC12537A18->a0742c66-ae9f-48ce-9181-086e540b3b62-GrpcLogAppender: Follower failed (request=null, errorCount=19); keep nextIndex (9) unchanged and retry.
2024-05-12 17:41:44,786 [timer0] WARN  server.GrpcLogAppender (LogUtils.java:warn(121)) - fa054618-3a8f-49b0-93d4-5933c936b659@group-13A0CAA15F1F->a0742c66-ae9f-48ce-9181-086e540b3b62-AppendLogResponseHandler: Failed appendEntries (Repeated 20 times in the last 5.000s): org.apache.ratis.thirdparty.io.grpc.StatusRuntimeException: UNAVAILABLE: io exception
2024-05-12 17:41:44,787 [timer1] WARN  server.GrpcLogAppender (GrpcLogAppender.java:lambda$resetClient$1(217)) - fa054618-3a8f-49b0-93d4-5933c936b659@group-13A0CAA15F1F->a0742c66-ae9f-48ce-9181-086e540b3b62-GrpcLogAppender: Follower failed (request=null, errorCount=2); keep nextIndex (0) unchanged and retry. (Repeated 2 times in the last 5.000s)
2024-05-12 17:41:44,788 [timer5] WARN  server.GrpcLogAppender (GrpcLogAppender.java:lambda$resetClient$1(217)) - fa054618-3a8f-49b0-93d4-5933c936b659@group-13A0CAA15F1F->a0742c66-ae9f-48ce-9181-086e540b3b62-GrpcLogAppender: Follower failed (request=null, errorCount=20); keep nextIndex (1) unchanged and retry. (Repeated 18 times in the last 5.000s)
2024-05-12 17:41:45,034 [grpc-default-executor-0] WARN  server.GrpcLogAppender (LogUtils.java:warn(121)) - fa054618-3a8f-49b0-93d4-5933c936b659@group-13A0CAA15F1F->a0742c66-ae9f-48ce-9181-086e540b3b62-AppendLogResponseHandler: Failed appendEntries: org.apache.ratis.thirdparty.io.grpc.StatusRuntimeException: UNAVAILABLE: io exception
2024-05-12 17:41:45,035 [grpc-default-executor-3] WARN  server.GrpcLogAppender (GrpcLogAppender.java:lambda$resetClient$1(217)) - fa054618-3a8f-49b0-93d4-5933c936b659@group-13A0CAA15F1F->a0742c66-ae9f-48ce-9181-086e540b3b62-GrpcLogAppender: Follower failed (request=null, errorCount=21); keep nextIndex (1) unchanged and retry.
2024-05-12 17:41:47,781 [timer4] WARN  server.GrpcLogAppender (GrpcLogAppender.java:lambda$resetClient$1(217)) - fa054618-3a8f-49b0-93d4-5933c936b659@group-2BFC12537A18->a0742c66-ae9f-48ce-9181-086e540b3b62-GrpcLogAppender: Follower failed (request=null, errorCount=30); keep nextIndex (9) unchanged and retry. (Repeated 12 times in the last 5.000s)
2024-05-12 17:41:47,781 [timer3] WARN  server.GrpcLogAppender (LogUtils.java:warn(121)) - fa054618-3a8f-49b0-93d4-5933c936b659@group-2BFC12537A18->a0742c66-ae9f-48ce-9181-086e540b3b62-AppendLogResponseHandler: Failed appendEntries (Repeated 12 times in the last 5.000s): org.apache.ratis.thirdparty.io.grpc.StatusRuntimeException: UNAVAILABLE: io exception
2024-05-12 17:41:48,824 [grpc-default-executor-3] WARN  server.GrpcLogAppender (LogUtils.java:warn(121)) - fa054618-3a8f-49b0-93d4-5933c936b659@group-2BFC12537A18->a0742c66-ae9f-48ce-9181-086e540b3b62-AppendLogResponseHandler: Failed appendEntries: org.apache.ratis.thirdparty.io.grpc.StatusRuntimeException: UNAVAILABLE: io exception
2024-05-12 17:41:48,825 [grpc-default-executor-0] WARN  server.GrpcLogAppender (GrpcLogAppender.java:lambda$resetClient$1(217)) - fa054618-3a8f-49b0-93d4-5933c936b659@group-2BFC12537A18->a0742c66-ae9f-48ce-9181-086e540b3b62-GrpcLogAppender: Follower failed (request=null, errorCount=31); keep nextIndex (9) unchanged and retry.
2024-05-12 17:41:50,034 [timer4] WARN  server.GrpcLogAppender (LogUtils.java:warn(121)) - fa054618-3a8f-49b0-93d4-5933c936b659@group-13A0CAA15F1F->a0742c66-ae9f-48ce-9181-086e540b3b62-AppendLogResponseHandler: Failed appendEntries (Repeated 10 times in the last 5.000s): org.apache.ratis.thirdparty.io.grpc.StatusRuntimeException: UNAVAILABLE: io exception
2024-05-12 17:41:50,035 [timer5] WARN  server.GrpcLogAppender (GrpcLogAppender.java:lambda$resetClient$1(217)) - fa054618-3a8f-49b0-93d4-5933c936b659@group-13A0CAA15F1F->a0742c66-ae9f-48ce-9181-086e540b3b62-GrpcLogAppender: Follower failed (request=null, errorCount=30); keep nextIndex (1) unchanged and retry. (Repeated 10 times in the last 5.000s)
2024-05-12 17:41:50,557 [grpc-default-executor-0] WARN  server.GrpcLogAppender (LogUtils.java:warn(121)) - fa054618-3a8f-49b0-93d4-5933c936b659@group-13A0CAA15F1F->a0742c66-ae9f-48ce-9181-086e540b3b62-AppendLogResponseHandler: Failed appendEntries: org.apache.ratis.thirdparty.io.grpc.StatusRuntimeException: UNAVAILABLE: io exception
2024-05-12 17:41:50,558 [grpc-default-executor-3] WARN  server.GrpcLogAppender (GrpcLogAppender.java:lambda$resetClient$1(217)) - fa054618-3a8f-49b0-93d4-5933c936b659@group-13A0CAA15F1F->a0742c66-ae9f-48ce-9181-086e540b3b62-GrpcLogAppender: Follower failed (request=null, errorCount=31); keep nextIndex (1) unchanged and retry.
2024-05-12 17:41:53,825 [timer5] WARN  server.GrpcLogAppender (GrpcLogAppender.java:lambda$resetClient$1(217)) - fa054618-3a8f-49b0-93d4-5933c936b659@group-2BFC12537A18->a0742c66-ae9f-48ce-9181-086e540b3b62-GrpcLogAppender: Follower failed (request=null, errorCount=34); keep nextIndex (9) unchanged and retry. (Repeated 4 times in the last 5.000s)
2024-05-12 17:41:53,825 [timer4] WARN  server.GrpcLogAppender (LogUtils.java:warn(121)) - fa054618-3a8f-49b0-93d4-5933c936b659@group-2BFC12537A18->a0742c66-ae9f-48ce-9181-086e540b3b62-AppendLogResponseHandler: Failed appendEntries (Repeated 4 times in the last 5.001s): org.apache.ratis.thirdparty.io.grpc.StatusRuntimeException: UNAVAILABLE: io exception
2024-05-12 17:41:55,430 [grpc-default-executor-3] WARN  server.GrpcLogAppender (LogUtils.java:warn(121)) - fa054618-3a8f-49b0-93d4-5933c936b659@group-2BFC12537A18->a0742c66-ae9f-48ce-9181-086e540b3b62-AppendLogResponseHandler: Failed appendEntries: org.apache.ratis.thirdparty.io.grpc.StatusRuntimeException: UNAVAILABLE: io exception
2024-05-12 17:41:55,430 [grpc-default-executor-0] WARN  server.GrpcLogAppender (GrpcLogAppender.java:lambda$resetClient$1(217)) - fa054618-3a8f-49b0-93d4-5933c936b659@group-2BFC12537A18->a0742c66-ae9f-48ce-9181-086e540b3b62-GrpcLogAppender: Follower failed (request=null, errorCount=35); keep nextIndex (9) unchanged and retry.
2024-05-12 17:41:55,557 [timer3] WARN  server.GrpcLogAppender (LogUtils.java:warn(121)) - fa054618-3a8f-49b0-93d4-5933c936b659@group-13A0CAA15F1F->a0742c66-ae9f-48ce-9181-086e540b3b62-AppendLogResponseHandler: Failed appendEntries (Repeated 4 times in the last 5.000s): org.apache.ratis.thirdparty.io.grpc.StatusRuntimeException: UNAVAILABLE: io exception
2024-05-12 17:41:55,558 [timer4] WARN  server.GrpcLogAppender (GrpcLogAppender.java:lambda$resetClient$1(217)) - fa054618-3a8f-49b0-93d4-5933c936b659@group-13A0CAA15F1F->a0742c66-ae9f-48ce-9181-086e540b3b62-GrpcLogAppender: Follower failed (request=null, errorCount=34); keep nextIndex (1) unchanged and retry. (Repeated 4 times in the last 5.000s)
2024-05-12 17:41:59,110 [grpc-default-executor-3] WARN  server.GrpcLogAppender (LogUtils.java:warn(121)) - fa054618-3a8f-49b0-93d4-5933c936b659@group-13A0CAA15F1F->a0742c66-ae9f-48ce-9181-086e540b3b62-AppendLogResponseHandler: Failed appendEntries: org.apache.ratis.thirdparty.io.grpc.StatusRuntimeException: UNAVAILABLE: io exception
2024-05-12 17:41:59,110 [grpc-default-executor-0] WARN  server.GrpcLogAppender (GrpcLogAppender.java:lambda$resetClient$1(217)) - fa054618-3a8f-49b0-93d4-5933c936b659@group-13A0CAA15F1F->a0742c66-ae9f-48ce-9181-086e540b3b62-GrpcLogAppender: Follower failed (request=null, errorCount=35); keep nextIndex (1) unchanged and retry.
2024-05-12 17:42:00,430 [timer2] WARN  server.GrpcLogAppender (GrpcLogAppender.java:lambda$resetClient$1(217)) - fa054618-3a8f-49b0-93d4-5933c936b659@group-2BFC12537A18->a0742c66-ae9f-48ce-9181-086e540b3b62-GrpcLogAppender: Follower failed (request=null, errorCount=38); keep nextIndex (9) unchanged and retry. (Repeated 4 times in the last 5.000s)
2024-05-12 17:42:00,430 [timer1] WARN  server.GrpcLogAppender (LogUtils.java:warn(121)) - fa054618-3a8f-49b0-93d4-5933c936b659@group-2BFC12537A18->a0742c66-ae9f-48ce-9181-086e540b3b62-AppendLogResponseHandler: Failed appendEntries (Repeated 4 times in the last 5.000s): org.apache.ratis.thirdparty.io.grpc.StatusRuntimeException: UNAVAILABLE: io exception
2024-05-12 17:42:04,111 [timer0] WARN  server.GrpcLogAppender (GrpcLogAppender.java:lambda$resetClient$1(217)) - fa054618-3a8f-49b0-93d4-5933c936b659@group-13A0CAA15F1F->a0742c66-ae9f-48ce-9181-086e540b3b62-GrpcLogAppender: Follower failed (request=null, errorCount=36); keep nextIndex (1) unchanged and retry. (Repeated 2 times in the last 5.000s)
2024-05-12 17:42:04,111 [timer7] WARN  server.GrpcLogAppender (LogUtils.java:warn(121)) - fa054618-3a8f-49b0-93d4-5933c936b659@group-13A0CAA15F1F->a0742c66-ae9f-48ce-9181-086e540b3b62-AppendLogResponseHandler: Failed appendEntries (Repeated 2 times in the last 5.001s): org.apache.ratis.thirdparty.io.grpc.StatusRuntimeException: UNAVAILABLE: io exception
2024-05-12 17:42:04,871 [grpc-default-executor-3] WARN  server.GrpcLogAppender (LogUtils.java:warn(121)) - fa054618-3a8f-49b0-93d4-5933c936b659@group-13A0CAA15F1F->a0742c66-ae9f-48ce-9181-086e540b3b62-AppendLogResponseHandler: Failed appendEntries: org.apache.ratis.thirdparty.io.grpc.StatusRuntimeException: UNAVAILABLE: io exception
2024-05-12 17:42:04,871 [grpc-default-executor-0] WARN  server.GrpcLogAppender (GrpcLogAppender.java:lambda$resetClient$1(217)) - fa054618-3a8f-49b0-93d4-5933c936b659@group-13A0CAA15F1F->a0742c66-ae9f-48ce-9181-086e540b3b62-GrpcLogAppender: Follower failed (request=null, errorCount=37); keep nextIndex (1) unchanged and retry.
2024-05-12 17:42:06,611 [grpc-default-executor-3] WARN  server.GrpcLogAppender (LogUtils.java:warn(121)) - fa054618-3a8f-49b0-93d4-5933c936b659@group-2BFC12537A18->a0742c66-ae9f-48ce-9181-086e540b3b62-AppendLogResponseHandler: Failed appendEntries: org.apache.ratis.thirdparty.io.grpc.StatusRuntimeException: UNAVAILABLE: io exception
2024-05-12 17:42:06,612 [grpc-default-executor-0] WARN  server.GrpcLogAppender (GrpcLogAppender.java:lambda$resetClient$1(217)) - fa054618-3a8f-49b0-93d4-5933c936b659@group-2BFC12537A18->a0742c66-ae9f-48ce-9181-086e540b3b62-GrpcLogAppender: Follower failed (request=null, errorCount=39); keep nextIndex (9) unchanged and retry.
2024-05-12 17:42:09,871 [timer6] WARN  server.GrpcLogAppender (GrpcLogAppender.java:lambda$resetClient$1(217)) - fa054618-3a8f-49b0-93d4-5933c936b659@group-13A0CAA15F1F->a0742c66-ae9f-48ce-9181-086e540b3b62-GrpcLogAppender: Follower failed (request=null, errorCount=40); keep nextIndex (1) unchanged and retry. (Repeated 4 times in the last 5.000s)
2024-05-12 17:42:09,871 [timer5] WARN  server.GrpcLogAppender (LogUtils.java:warn(121)) - fa054618-3a8f-49b0-93d4-5933c936b659@group-13A0CAA15F1F->a0742c66-ae9f-48ce-9181-086e540b3b62-AppendLogResponseHandler: Failed appendEntries (Repeated 4 times in the last 5.000s): org.apache.ratis.thirdparty.io.grpc.StatusRuntimeException: UNAVAILABLE: io exception
2024-05-12 17:42:10,908 [grpc-default-executor-0] WARN  server.GrpcLogAppender (LogUtils.java:warn(121)) - fa054618-3a8f-49b0-93d4-5933c936b659@group-13A0CAA15F1F->a0742c66-ae9f-48ce-9181-086e540b3b62-AppendLogResponseHandler: Failed appendEntries: org.apache.ratis.thirdparty.io.grpc.StatusRuntimeException: UNAVAILABLE: io exception
2024-05-12 17:42:10,908 [grpc-default-executor-3] WARN  server.GrpcLogAppender (GrpcLogAppender.java:lambda$resetClient$1(217)) - fa054618-3a8f-49b0-93d4-5933c936b659@group-13A0CAA15F1F->a0742c66-ae9f-48ce-9181-086e540b3b62-GrpcLogAppender: Follower failed (request=null, errorCount=41); keep nextIndex (1) unchanged and retry.
2024-05-12 17:42:11,611 [timer0] WARN  server.GrpcLogAppender (LogUtils.java:warn(121)) - fa054618-3a8f-49b0-93d4-5933c936b659@group-2BFC12537A18->a0742c66-ae9f-48ce-9181-086e540b3b62-AppendLogResponseHandler: Failed appendEntries (Repeated 4 times in the last 5.000s): org.apache.ratis.thirdparty.io.grpc.StatusRuntimeException: UNAVAILABLE: io exception
2024-05-12 17:42:11,612 [timer1] WARN  server.GrpcLogAppender (GrpcLogAppender.java:lambda$resetClient$1(217)) - fa054618-3a8f-49b0-93d4-5933c936b659@group-2BFC12537A18->a0742c66-ae9f-48ce-9181-086e540b3b62-GrpcLogAppender: Follower failed (request=null, errorCount=42); keep nextIndex (9) unchanged and retry. (Repeated 4 times in the last 5.001s)
2024-05-12 17:42:12,426 [grpc-default-executor-3] WARN  server.GrpcLogAppender (LogUtils.java:warn(121)) - fa054618-3a8f-49b0-93d4-5933c936b659@group-2BFC12537A18->a0742c66-ae9f-48ce-9181-086e540b3b62-AppendLogResponseHandler: Failed appendEntries: org.apache.ratis.thirdparty.io.grpc.StatusRuntimeException: UNAVAILABLE: io exception
2024-05-12 17:42:12,426 [grpc-default-executor-0] WARN  server.GrpcLogAppender (GrpcLogAppender.java:lambda$resetClient$1(217)) - fa054618-3a8f-49b0-93d4-5933c936b659@group-2BFC12537A18->a0742c66-ae9f-48ce-9181-086e540b3b62-GrpcLogAppender: Follower failed (request=null, errorCount=43); keep nextIndex (9) unchanged and retry.
2024-05-12 17:42:15,908 [timer2] WARN  server.GrpcLogAppender (GrpcLogAppender.java:lambda$resetClient$1(217)) - fa054618-3a8f-49b0-93d4-5933c936b659@group-13A0CAA15F1F->a0742c66-ae9f-48ce-9181-086e540b3b62-GrpcLogAppender: Follower failed (request=null, errorCount=44); keep nextIndex (1) unchanged and retry. (Repeated 4 times in the last 5.000s)
2024-05-12 17:42:15,909 [timer1] WARN  server.GrpcLogAppender (LogUtils.java:warn(121)) - fa054618-3a8f-49b0-93d4-5933c936b659@group-13A0CAA15F1F->a0742c66-ae9f-48ce-9181-086e540b3b62-AppendLogResponseHandler: Failed appendEntries (Repeated 4 times in the last 5.001s): org.apache.ratis.thirdparty.io.grpc.StatusRuntimeException: UNAVAILABLE: io exception
2024-05-12 17:42:17,426 [timer0] WARN  server.GrpcLogAppender (LogUtils.java:warn(121)) - fa054618-3a8f-49b0-93d4-5933c936b659@group-2BFC12537A18->a0742c66-ae9f-48ce-9181-086e540b3b62-AppendLogResponseHandler: Failed appendEntries (Repeated 4 times in the last 5.000s): org.apache.ratis.thirdparty.io.grpc.StatusRuntimeException: UNAVAILABLE: io exception
2024-05-12 17:42:17,426 [timer1] WARN  server.GrpcLogAppender (GrpcLogAppender.java:lambda$resetClient$1(217)) - fa054618-3a8f-49b0-93d4-5933c936b659@group-2BFC12537A18->a0742c66-ae9f-48ce-9181-086e540b3b62-GrpcLogAppender: Follower failed (request=null, errorCount=46); keep nextIndex (9) unchanged and retry. (Repeated 4 times in the last 5.000s)
2024-05-12 17:42:18,535 [grpc-default-executor-3] WARN  server.GrpcLogAppender (LogUtils.java:warn(121)) - fa054618-3a8f-49b0-93d4-5933c936b659@group-13A0CAA15F1F->a0742c66-ae9f-48ce-9181-086e540b3b62-AppendLogResponseHandler: Failed appendEntries: org.apache.ratis.thirdparty.io.grpc.StatusRuntimeException: UNAVAILABLE: io exception
2024-05-12 17:42:18,535 [grpc-default-executor-0] WARN  server.GrpcLogAppender (GrpcLogAppender.java:lambda$resetClient$1(217)) - fa054618-3a8f-49b0-93d4-5933c936b659@group-13A0CAA15F1F->a0742c66-ae9f-48ce-9181-086e540b3b62-GrpcLogAppender: Follower failed (request=null, errorCount=45); keep nextIndex (1) unchanged and retry.
2024-05-12 17:42:19,753 [grpc-default-executor-3] WARN  server.GrpcLogAppender (LogUtils.java:warn(121)) - fa054618-3a8f-49b0-93d4-5933c936b659@group-2BFC12537A18->a0742c66-ae9f-48ce-9181-086e540b3b62-AppendLogResponseHandler: Failed appendEntries: org.apache.ratis.thirdparty.io.grpc.StatusRuntimeException: UNAVAILABLE: io exception
2024-05-12 17:42:19,753 [grpc-default-executor-0] WARN  server.GrpcLogAppender (GrpcLogAppender.java:lambda$resetClient$1(217)) - fa054618-3a8f-49b0-93d4-5933c936b659@group-2BFC12537A18->a0742c66-ae9f-48ce-9181-086e540b3b62-GrpcLogAppender: Follower failed (request=null, errorCount=47); keep nextIndex (9) unchanged and retry.
2024-05-12 17:42:23,535 [timer7] WARN  server.GrpcLogAppender (GrpcLogAppender.java:lambda$resetClient$1(217)) - fa054618-3a8f-49b0-93d4-5933c936b659@group-13A0CAA15F1F->a0742c66-ae9f-48ce-9181-086e540b3b62-GrpcLogAppender: Follower failed (request=null, errorCount=48); keep nextIndex (1) unchanged and retry. (Repeated 4 times in the last 5.000s)
2024-05-12 17:42:23,535 [timer6] WARN  server.GrpcLogAppender (LogUtils.java:warn(121)) - fa054618-3a8f-49b0-93d4-5933c936b659@group-13A0CAA15F1F->a0742c66-ae9f-48ce-9181-086e540b3b62-AppendLogResponseHandler: Failed appendEntries (Repeated 4 times in the last 5.000s): org.apache.ratis.thirdparty.io.grpc.StatusRuntimeException: UNAVAILABLE: io exception
2024-05-12 17:42:24,753 [timer0] WARN  server.GrpcLogAppender (LogUtils.java:warn(121)) - fa054618-3a8f-49b0-93d4-5933c936b659@group-2BFC12537A18->a0742c66-ae9f-48ce-9181-086e540b3b62-AppendLogResponseHandler: Failed appendEntries (Repeated 4 times in the last 5.000s): org.apache.ratis.thirdparty.io.grpc.StatusRuntimeException: UNAVAILABLE: io exception
2024-05-12 17:42:24,753 [timer1] WARN  server.GrpcLogAppender (GrpcLogAppender.java:lambda$resetClient$1(217)) - fa054618-3a8f-49b0-93d4-5933c936b659@group-2BFC12537A18->a0742c66-ae9f-48ce-9181-086e540b3b62-GrpcLogAppender: Follower failed (request=null, errorCount=50); keep nextIndex (9) unchanged and retry. (Repeated 4 times in the last 4.999s)
2024-05-12 17:42:26,218 [grpc-default-executor-0] WARN  server.GrpcLogAppender (LogUtils.java:warn(121)) - fa054618-3a8f-49b0-93d4-5933c936b659@group-13A0CAA15F1F->a0742c66-ae9f-48ce-9181-086e540b3b62-AppendLogResponseHandler: Failed appendEntries: org.apache.ratis.thirdparty.io.grpc.StatusRuntimeException: UNAVAILABLE: io exception
2024-05-12 17:42:26,218 [grpc-default-executor-3] WARN  server.GrpcLogAppender (GrpcLogAppender.java:lambda$resetClient$1(217)) - fa054618-3a8f-49b0-93d4-5933c936b659@group-13A0CAA15F1F->a0742c66-ae9f-48ce-9181-086e540b3b62-GrpcLogAppender: Follower failed (request=null, errorCount=49); keep nextIndex (1) unchanged and retry.
2024-05-12 17:42:28,928 [grpc-default-executor-0] WARN  server.GrpcLogAppender (LogUtils.java:warn(121)) - fa054618-3a8f-49b0-93d4-5933c936b659@group-2BFC12537A18->a0742c66-ae9f-48ce-9181-086e540b3b62-AppendLogResponseHandler: Failed appendEntries: org.apache.ratis.thirdparty.io.grpc.StatusRuntimeException: UNAVAILABLE: io exception
2024-05-12 17:42:28,928 [grpc-default-executor-3] WARN  server.GrpcLogAppender (GrpcLogAppender.java:lambda$resetClient$1(217)) - fa054618-3a8f-49b0-93d4-5933c936b659@group-2BFC12537A18->a0742c66-ae9f-48ce-9181-086e540b3b62-GrpcLogAppender: Follower failed (request=null, errorCount=51); keep nextIndex (9) unchanged and retry.
2024-05-12 17:42:31,024 [d0e7fafe-f667-41fb-a16a-ecd1bcb446b6-BlockDeletingService#0] INFO  interfaces.ContainerDeletionChoosingPolicyTemplate (ContainerDeletionChoosingPolicyTemplate.java:chooseContainerForBlockDeletion(85)) - Chosen 0/5000 blocks from 0 candidate containers.
2024-05-12 17:42:31,089 [b7336ce2-a724-4c4a-8025-d323d27fa237-BlockDeletingService#0] INFO  interfaces.ContainerDeletionChoosingPolicyTemplate (ContainerDeletionChoosingPolicyTemplate.java:chooseContainerForBlockDeletion(85)) - Chosen 0/5000 blocks from 0 candidate containers.
2024-05-12 17:42:31,143 [89a6d998-d419-473a-a6ed-8243f7f30d05-BlockDeletingService#0] INFO  interfaces.ContainerDeletionChoosingPolicyTemplate (ContainerDeletionChoosingPolicyTemplate.java:chooseContainerForBlockDeletion(85)) - Chosen 0/5000 blocks from 0 candidate containers.
2024-05-12 17:42:31,191 [3523888c-df3a-4c75-876a-f320dc6c9584-BlockDeletingService#0] INFO  interfaces.ContainerDeletionChoosingPolicyTemplate (ContainerDeletionChoosingPolicyTemplate.java:chooseContainerForBlockDeletion(85)) - Chosen 0/5000 blocks from 0 candidate containers.
2024-05-12 17:42:31,218 [timer6] WARN  server.GrpcLogAppender (LogUtils.java:warn(121)) - fa054618-3a8f-49b0-93d4-5933c936b659@group-13A0CAA15F1F->a0742c66-ae9f-48ce-9181-086e540b3b62-AppendLogResponseHandler: Failed appendEntries (Repeated 2 times in the last 5.000s): org.apache.ratis.thirdparty.io.grpc.StatusRuntimeException: UNAVAILABLE: io exception
2024-05-12 17:42:31,219 [timer7] WARN  server.GrpcLogAppender (GrpcLogAppender.java:lambda$resetClient$1(217)) - fa054618-3a8f-49b0-93d4-5933c936b659@group-13A0CAA15F1F->a0742c66-ae9f-48ce-9181-086e540b3b62-GrpcLogAppender: Follower failed (request=null, errorCount=50); keep nextIndex (1) unchanged and retry. (Repeated 2 times in the last 5.000s)
2024-05-12 17:42:31,246 [d999a49d-42de-484c-a75f-ffa132e9c3a5-BlockDeletingService#0] INFO  interfaces.ContainerDeletionChoosingPolicyTemplate (ContainerDeletionChoosingPolicyTemplate.java:chooseContainerForBlockDeletion(85)) - Chosen 0/5000 blocks from 0 candidate containers.
2024-05-12 17:42:31,307 [2ef8d649-4864-4b9a-81a6-122cf2174905-BlockDeletingService#0] INFO  interfaces.ContainerDeletionChoosingPolicyTemplate (ContainerDeletionChoosingPolicyTemplate.java:chooseContainerForBlockDeletion(85)) - Chosen 0/5000 blocks from 0 candidate containers.
2024-05-12 17:42:31,355 [93bda13b-2c91-401a-a9f5-fc4ebb9220da-BlockDeletingService#0] INFO  interfaces.ContainerDeletionChoosingPolicyTemplate (ContainerDeletionChoosingPolicyTemplate.java:chooseContainerForBlockDeletion(85)) - Chosen 0/5000 blocks from 0 candidate containers.
2024-05-12 17:42:31,402 [fa054618-3a8f-49b0-93d4-5933c936b659-BlockDeletingService#0] INFO  interfaces.ContainerDeletionChoosingPolicyTemplate (ContainerDeletionChoosingPolicyTemplate.java:chooseContainerForBlockDeletion(85)) - Chosen 0/5000 blocks from 0 candidate containers.
2024-05-12 17:42:31,455 [a0742c66-ae9f-48ce-9181-086e540b3b62-BlockDeletingService#0] INFO  interfaces.ContainerDeletionChoosingPolicyTemplate (ContainerDeletionChoosingPolicyTemplate.java:chooseContainerForBlockDeletion(85)) - Chosen 0/5000 blocks from 0 candidate containers.
2024-05-12 17:42:31,499 [a33fd443-9c01-43ff-9618-b7376da7e75d-BlockDeletingService#0] INFO  interfaces.ContainerDeletionChoosingPolicyTemplate (ContainerDeletionChoosingPolicyTemplate.java:chooseContainerForBlockDeletion(85)) - Chosen 0/5000 blocks from 0 candidate containers.
2024-05-12 17:42:31,978 [grpc-default-executor-0] WARN  server.GrpcLogAppender (LogUtils.java:warn(121)) - fa054618-3a8f-49b0-93d4-5933c936b659@group-13A0CAA15F1F->a0742c66-ae9f-48ce-9181-086e540b3b62-AppendLogResponseHandler: Failed appendEntries: org.apache.ratis.thirdparty.io.grpc.StatusRuntimeException: UNAVAILABLE: io exception
2024-05-12 17:42:31,978 [grpc-default-executor-3] WARN  server.GrpcLogAppender (GrpcLogAppender.java:lambda$resetClient$1(217)) - fa054618-3a8f-49b0-93d4-5933c936b659@group-13A0CAA15F1F->a0742c66-ae9f-48ce-9181-086e540b3b62-GrpcLogAppender: Follower failed (request=null, errorCount=51); keep nextIndex (1) unchanged and retry.
2024-05-12 17:42:33,928 [timer1] WARN  server.GrpcLogAppender (GrpcLogAppender.java:lambda$resetClient$1(217)) - fa054618-3a8f-49b0-93d4-5933c936b659@group-2BFC12537A18->a0742c66-ae9f-48ce-9181-086e540b3b62-GrpcLogAppender: Follower failed (request=null, errorCount=54); keep nextIndex (9) unchanged and retry. (Repeated 4 times in the last 5.000s)
2024-05-12 17:42:33,928 [timer0] WARN  server.GrpcLogAppender (LogUtils.java:warn(121)) - fa054618-3a8f-49b0-93d4-5933c936b659@group-2BFC12537A18->a0742c66-ae9f-48ce-9181-086e540b3b62-AppendLogResponseHandler: Failed appendEntries (Repeated 4 times in the last 5.001s): org.apache.ratis.thirdparty.io.grpc.StatusRuntimeException: UNAVAILABLE: io exception
2024-05-12 17:42:35,686 [grpc-default-executor-0] WARN  server.GrpcLogAppender (LogUtils.java:warn(121)) - fa054618-3a8f-49b0-93d4-5933c936b659@group-2BFC12537A18->a0742c66-ae9f-48ce-9181-086e540b3b62-AppendLogResponseHandler: Failed appendEntries: org.apache.ratis.thirdparty.io.grpc.StatusRuntimeException: UNAVAILABLE: io exception
2024-05-12 17:42:35,686 [grpc-default-executor-3] WARN  server.GrpcLogAppender (GrpcLogAppender.java:lambda$resetClient$1(217)) - fa054618-3a8f-49b0-93d4-5933c936b659@group-2BFC12537A18->a0742c66-ae9f-48ce-9181-086e540b3b62-GrpcLogAppender: Follower failed (request=null, errorCount=55); keep nextIndex (9) unchanged and retry.
2024-05-12 17:42:36,978 [timer0] WARN  server.GrpcLogAppender (GrpcLogAppender.java:lambda$resetClient$1(217)) - fa054618-3a8f-49b0-93d4-5933c936b659@group-13A0CAA15F1F->a0742c66-ae9f-48ce-9181-086e540b3b62-GrpcLogAppender: Follower failed (request=null, errorCount=52); keep nextIndex (1) unchanged and retry. (Repeated 2 times in the last 5.000s)
2024-05-12 17:42:36,978 [timer7] WARN  server.GrpcLogAppender (LogUtils.java:warn(121)) - fa054618-3a8f-49b0-93d4-5933c936b659@group-13A0CAA15F1F->a0742c66-ae9f-48ce-9181-086e540b3b62-AppendLogResponseHandler: Failed appendEntries (Repeated 2 times in the last 5.001s): org.apache.ratis.thirdparty.io.grpc.StatusRuntimeException: UNAVAILABLE: io exception
2024-05-12 17:42:37,106 [grpc-default-executor-3] WARN  server.GrpcLogAppender (LogUtils.java:warn(121)) - fa054618-3a8f-49b0-93d4-5933c936b659@group-13A0CAA15F1F->a0742c66-ae9f-48ce-9181-086e540b3b62-AppendLogResponseHandler: Failed appendEntries: org.apache.ratis.thirdparty.io.grpc.StatusRuntimeException: UNAVAILABLE: io exception
2024-05-12 17:42:37,106 [grpc-default-executor-0] WARN  server.GrpcLogAppender (GrpcLogAppender.java:lambda$resetClient$1(217)) - fa054618-3a8f-49b0-93d4-5933c936b659@group-13A0CAA15F1F->a0742c66-ae9f-48ce-9181-086e540b3b62-GrpcLogAppender: Follower failed (request=null, errorCount=53); keep nextIndex (1) unchanged and retry.
2024-05-12 17:42:40,686 [timer0] WARN  server.GrpcLogAppender (GrpcLogAppender.java:lambda$resetClient$1(217)) - fa054618-3a8f-49b0-93d4-5933c936b659@group-2BFC12537A18->a0742c66-ae9f-48ce-9181-086e540b3b62-GrpcLogAppender: Follower failed (request=null, errorCount=56); keep nextIndex (9) unchanged and retry. (Repeated 2 times in the last 5.000s)
2024-05-12 17:42:40,686 [timer7] WARN  server.GrpcLogAppender (LogUtils.java:warn(121)) - fa054618-3a8f-49b0-93d4-5933c936b659@group-2BFC12537A18->a0742c66-ae9f-48ce-9181-086e540b3b62-AppendLogResponseHandler: Failed appendEntries (Repeated 2 times in the last 5.000s): org.apache.ratis.thirdparty.io.grpc.StatusRuntimeException: UNAVAILABLE: io exception
2024-05-12 17:42:42,106 [timer1] WARN  server.GrpcLogAppender (GrpcLogAppender.java:lambda$resetClient$1(217)) - fa054618-3a8f-49b0-93d4-5933c936b659@group-13A0CAA15F1F->a0742c66-ae9f-48ce-9181-086e540b3b62-GrpcLogAppender: Follower failed (request=null, errorCount=56); keep nextIndex (1) unchanged and retry. (Repeated 4 times in the last 5.000s)
2024-05-12 17:42:42,106 [timer0] WARN  server.GrpcLogAppender (LogUtils.java:warn(121)) - fa054618-3a8f-49b0-93d4-5933c936b659@group-13A0CAA15F1F->a0742c66-ae9f-48ce-9181-086e540b3b62-AppendLogResponseHandler: Failed appendEntries (Repeated 4 times in the last 5.001s): org.apache.ratis.thirdparty.io.grpc.StatusRuntimeException: UNAVAILABLE: io exception
2024-05-12 17:42:42,706 [grpc-default-executor-0] WARN  server.GrpcLogAppender (LogUtils.java:warn(121)) - fa054618-3a8f-49b0-93d4-5933c936b659@group-2BFC12537A18->a0742c66-ae9f-48ce-9181-086e540b3b62-AppendLogResponseHandler: Failed appendEntries: org.apache.ratis.thirdparty.io.grpc.StatusRuntimeException: UNAVAILABLE: io exception
2024-05-12 17:42:42,706 [grpc-default-executor-3] WARN  server.GrpcLogAppender (GrpcLogAppender.java:lambda$resetClient$1(217)) - fa054618-3a8f-49b0-93d4-5933c936b659@group-2BFC12537A18->a0742c66-ae9f-48ce-9181-086e540b3b62-GrpcLogAppender: Follower failed (request=null, errorCount=57); keep nextIndex (9) unchanged and retry.
2024-05-12 17:42:47,203 [grpc-default-executor-3] WARN  server.GrpcLogAppender (LogUtils.java:warn(121)) - fa054618-3a8f-49b0-93d4-5933c936b659@group-13A0CAA15F1F->a0742c66-ae9f-48ce-9181-086e540b3b62-AppendLogResponseHandler: Failed appendEntries: org.apache.ratis.thirdparty.io.grpc.StatusRuntimeException: UNAVAILABLE: io exception
2024-05-12 17:42:47,203 [grpc-default-executor-0] WARN  server.GrpcLogAppender (GrpcLogAppender.java:lambda$resetClient$1(217)) - fa054618-3a8f-49b0-93d4-5933c936b659@group-13A0CAA15F1F->a0742c66-ae9f-48ce-9181-086e540b3b62-GrpcLogAppender: Follower failed (request=null, errorCount=57); keep nextIndex (1) unchanged and retry.
2024-05-12 17:42:47,706 [timer5] WARN  server.GrpcLogAppender (LogUtils.java:warn(121)) - fa054618-3a8f-49b0-93d4-5933c936b659@group-2BFC12537A18->a0742c66-ae9f-48ce-9181-086e540b3b62-AppendLogResponseHandler: Failed appendEntries (Repeated 2 times in the last 5.000s): org.apache.ratis.thirdparty.io.grpc.StatusRuntimeException: UNAVAILABLE: io exception
2024-05-12 17:42:47,707 [timer6] WARN  server.GrpcLogAppender (GrpcLogAppender.java:lambda$resetClient$1(217)) - fa054618-3a8f-49b0-93d4-5933c936b659@group-2BFC12537A18->a0742c66-ae9f-48ce-9181-086e540b3b62-GrpcLogAppender: Follower failed (request=null, errorCount=58); keep nextIndex (9) unchanged and retry. (Repeated 2 times in the last 5.000s)
2024-05-12 17:42:48,840 [grpc-default-executor-0] WARN  server.GrpcLogAppender (LogUtils.java:warn(121)) - fa054618-3a8f-49b0-93d4-5933c936b659@group-2BFC12537A18->a0742c66-ae9f-48ce-9181-086e540b3b62-AppendLogResponseHandler: Failed appendEntries: org.apache.ratis.thirdparty.io.grpc.StatusRuntimeException: UNAVAILABLE: io exception
2024-05-12 17:42:48,841 [grpc-default-executor-3] WARN  server.GrpcLogAppender (GrpcLogAppender.java:lambda$resetClient$1(217)) - fa054618-3a8f-49b0-93d4-5933c936b659@group-2BFC12537A18->a0742c66-ae9f-48ce-9181-086e540b3b62-GrpcLogAppender: Follower failed (request=null, errorCount=59); keep nextIndex (9) unchanged and retry.
2024-05-12 17:42:52,203 [timer7] WARN  server.GrpcLogAppender (LogUtils.java:warn(121)) - fa054618-3a8f-49b0-93d4-5933c936b659@group-13A0CAA15F1F->a0742c66-ae9f-48ce-9181-086e540b3b62-AppendLogResponseHandler: Failed appendEntries (Repeated 4 times in the last 5.000s): org.apache.ratis.thirdparty.io.grpc.StatusRuntimeException: UNAVAILABLE: io exception
2024-05-12 17:42:52,204 [timer0] WARN  server.GrpcLogAppender (GrpcLogAppender.java:lambda$resetClient$1(217)) - fa054618-3a8f-49b0-93d4-5933c936b659@group-13A0CAA15F1F->a0742c66-ae9f-48ce-9181-086e540b3b62-GrpcLogAppender: Follower failed (request=null, errorCount=60); keep nextIndex (1) unchanged and retry. (Repeated 4 times in the last 5.000s)
2024-05-12 17:42:53,841 [timer1] WARN  server.GrpcLogAppender (GrpcLogAppender.java:lambda$resetClient$1(217)) - fa054618-3a8f-49b0-93d4-5933c936b659@group-2BFC12537A18->a0742c66-ae9f-48ce-9181-086e540b3b62-GrpcLogAppender: Follower failed (request=null, errorCount=60); keep nextIndex (9) unchanged and retry. (Repeated 2 times in the last 5.000s)
2024-05-12 17:42:53,842 [timer0] WARN  server.GrpcLogAppender (LogUtils.java:warn(121)) - fa054618-3a8f-49b0-93d4-5933c936b659@group-2BFC12537A18->a0742c66-ae9f-48ce-9181-086e540b3b62-AppendLogResponseHandler: Failed appendEntries (Repeated 2 times in the last 5.001s): org.apache.ratis.thirdparty.io.grpc.StatusRuntimeException: UNAVAILABLE: io exception
2024-05-12 17:42:56,018 [grpc-default-executor-0] WARN  server.GrpcLogAppender (LogUtils.java:warn(121)) - fa054618-3a8f-49b0-93d4-5933c936b659@group-2BFC12537A18->a0742c66-ae9f-48ce-9181-086e540b3b62-AppendLogResponseHandler: Failed appendEntries: org.apache.ratis.thirdparty.io.grpc.StatusRuntimeException: UNAVAILABLE: io exception
2024-05-12 17:42:56,018 [grpc-default-executor-3] WARN  server.GrpcLogAppender (GrpcLogAppender.java:lambda$resetClient$1(217)) - fa054618-3a8f-49b0-93d4-5933c936b659@group-2BFC12537A18->a0742c66-ae9f-48ce-9181-086e540b3b62-GrpcLogAppender: Follower failed (request=null, errorCount=61); keep nextIndex (9) unchanged and retry.
2024-05-12 17:42:57,393 [grpc-default-executor-0] WARN  server.GrpcLogAppender (LogUtils.java:warn(121)) - fa054618-3a8f-49b0-93d4-5933c936b659@group-13A0CAA15F1F->a0742c66-ae9f-48ce-9181-086e540b3b62-AppendLogResponseHandler: Failed appendEntries: org.apache.ratis.thirdparty.io.grpc.StatusRuntimeException: UNAVAILABLE: io exception
2024-05-12 17:42:57,393 [grpc-default-executor-3] WARN  server.GrpcLogAppender (GrpcLogAppender.java:lambda$resetClient$1(217)) - fa054618-3a8f-49b0-93d4-5933c936b659@group-13A0CAA15F1F->a0742c66-ae9f-48ce-9181-086e540b3b62-GrpcLogAppender: Follower failed (request=null, errorCount=61); keep nextIndex (1) unchanged and retry.
2024-05-12 17:43:01,018 [timer6] WARN  server.GrpcLogAppender (GrpcLogAppender.java:lambda$resetClient$1(217)) - fa054618-3a8f-49b0-93d4-5933c936b659@group-2BFC12537A18->a0742c66-ae9f-48ce-9181-086e540b3b62-GrpcLogAppender: Follower failed (request=null, errorCount=64); keep nextIndex (9) unchanged and retry. (Repeated 4 times in the last 5.000s)
2024-05-12 17:43:01,018 [timer5] WARN  server.GrpcLogAppender (LogUtils.java:warn(121)) - fa054618-3a8f-49b0-93d4-5933c936b659@group-2BFC12537A18->a0742c66-ae9f-48ce-9181-086e540b3b62-AppendLogResponseHandler: Failed appendEntries (Repeated 4 times in the last 5.001s): org.apache.ratis.thirdparty.io.grpc.StatusRuntimeException: UNAVAILABLE: io exception
2024-05-12 17:43:02,393 [timer0] WARN  server.GrpcLogAppender (LogUtils.java:warn(121)) - fa054618-3a8f-49b0-93d4-5933c936b659@group-13A0CAA15F1F->a0742c66-ae9f-48ce-9181-086e540b3b62-AppendLogResponseHandler: Failed appendEntries (Repeated 4 times in the last 5.000s): org.apache.ratis.thirdparty.io.grpc.StatusRuntimeException: UNAVAILABLE: io exception
2024-05-12 17:43:02,393 [timer1] WARN  server.GrpcLogAppender (GrpcLogAppender.java:lambda$resetClient$1(217)) - fa054618-3a8f-49b0-93d4-5933c936b659@group-13A0CAA15F1F->a0742c66-ae9f-48ce-9181-086e540b3b62-GrpcLogAppender: Follower failed (request=null, errorCount=64); keep nextIndex (1) unchanged and retry. (Repeated 4 times in the last 5.001s)
2024-05-12 17:43:04,068 [grpc-default-executor-3] WARN  server.GrpcLogAppender (LogUtils.java:warn(121)) - fa054618-3a8f-49b0-93d4-5933c936b659@group-2BFC12537A18->a0742c66-ae9f-48ce-9181-086e540b3b62-AppendLogResponseHandler: Failed appendEntries: org.apache.ratis.thirdparty.io.grpc.StatusRuntimeException: UNAVAILABLE: io exception
2024-05-12 17:43:04,068 [grpc-default-executor-0] WARN  server.GrpcLogAppender (GrpcLogAppender.java:lambda$resetClient$1(217)) - fa054618-3a8f-49b0-93d4-5933c936b659@group-2BFC12537A18->a0742c66-ae9f-48ce-9181-086e540b3b62-GrpcLogAppender: Follower failed (request=null, errorCount=65); keep nextIndex (9) unchanged and retry.
2024-05-12 17:43:06,431 [grpc-default-executor-3] WARN  server.GrpcLogAppender (LogUtils.java:warn(121)) - fa054618-3a8f-49b0-93d4-5933c936b659@group-13A0CAA15F1F->a0742c66-ae9f-48ce-9181-086e540b3b62-AppendLogResponseHandler: Failed appendEntries: org.apache.ratis.thirdparty.io.grpc.StatusRuntimeException: UNAVAILABLE: io exception
2024-05-12 17:43:06,431 [grpc-default-executor-0] WARN  server.GrpcLogAppender (GrpcLogAppender.java:lambda$resetClient$1(217)) - fa054618-3a8f-49b0-93d4-5933c936b659@group-13A0CAA15F1F->a0742c66-ae9f-48ce-9181-086e540b3b62-GrpcLogAppender: Follower failed (request=null, errorCount=65); keep nextIndex (1) unchanged and retry.
2024-05-12 17:43:09,068 [timer7] WARN  server.GrpcLogAppender (GrpcLogAppender.java:lambda$resetClient$1(217)) - fa054618-3a8f-49b0-93d4-5933c936b659@group-2BFC12537A18->a0742c66-ae9f-48ce-9181-086e540b3b62-GrpcLogAppender: Follower failed (request=null, errorCount=68); keep nextIndex (9) unchanged and retry. (Repeated 4 times in the last 5.000s)
2024-05-12 17:43:09,069 [timer6] WARN  server.GrpcLogAppender (LogUtils.java:warn(121)) - fa054618-3a8f-49b0-93d4-5933c936b659@group-2BFC12537A18->a0742c66-ae9f-48ce-9181-086e540b3b62-AppendLogResponseHandler: Failed appendEntries (Repeated 4 times in the last 5.001s): org.apache.ratis.thirdparty.io.grpc.StatusRuntimeException: UNAVAILABLE: io exception
2024-05-12 17:43:11,431 [timer0] WARN  server.GrpcLogAppender (LogUtils.java:warn(121)) - fa054618-3a8f-49b0-93d4-5933c936b659@group-13A0CAA15F1F->a0742c66-ae9f-48ce-9181-086e540b3b62-AppendLogResponseHandler: Failed appendEntries (Repeated 2 times in the last 5.000s): org.apache.ratis.thirdparty.io.grpc.StatusRuntimeException: UNAVAILABLE: io exception
2024-05-12 17:43:11,432 [timer1] WARN  server.GrpcLogAppender (GrpcLogAppender.java:lambda$resetClient$1(217)) - fa054618-3a8f-49b0-93d4-5933c936b659@group-13A0CAA15F1F->a0742c66-ae9f-48ce-9181-086e540b3b62-GrpcLogAppender: Follower failed (request=null, errorCount=66); keep nextIndex (1) unchanged and retry. (Repeated 2 times in the last 5.001s)
2024-05-12 17:43:13,504 [grpc-default-executor-0] WARN  server.GrpcLogAppender (LogUtils.java:warn(121)) - fa054618-3a8f-49b0-93d4-5933c936b659@group-13A0CAA15F1F->a0742c66-ae9f-48ce-9181-086e540b3b62-AppendLogResponseHandler: Failed appendEntries: org.apache.ratis.thirdparty.io.grpc.StatusRuntimeException: UNAVAILABLE: io exception
2024-05-12 17:43:13,505 [grpc-default-executor-3] WARN  server.GrpcLogAppender (GrpcLogAppender.java:lambda$resetClient$1(217)) - fa054618-3a8f-49b0-93d4-5933c936b659@group-13A0CAA15F1F->a0742c66-ae9f-48ce-9181-086e540b3b62-GrpcLogAppender: Follower failed (request=null, errorCount=67); keep nextIndex (1) unchanged and retry.
2024-05-12 17:43:14,823 [grpc-default-executor-0] WARN  server.GrpcLogAppender (LogUtils.java:warn(121)) - fa054618-3a8f-49b0-93d4-5933c936b659@group-2BFC12537A18->a0742c66-ae9f-48ce-9181-086e540b3b62-AppendLogResponseHandler: Failed appendEntries: org.apache.ratis.thirdparty.io.grpc.StatusRuntimeException: UNAVAILABLE: io exception
2024-05-12 17:43:14,824 [grpc-default-executor-3] WARN  server.GrpcLogAppender (GrpcLogAppender.java:lambda$resetClient$1(217)) - fa054618-3a8f-49b0-93d4-5933c936b659@group-2BFC12537A18->a0742c66-ae9f-48ce-9181-086e540b3b62-GrpcLogAppender: Follower failed (request=null, errorCount=69); keep nextIndex (9) unchanged and retry.
2024-05-12 17:43:17,584 [EventQueue-StaleNodeForStaleNodeHandler] INFO  node.StaleNodeHandler (StaleNodeHandler.java:onMessage(57)) - Datanode a0742c66-ae9f-48ce-9181-086e540b3b62(localhost/127.0.0.1) moved to stale state. Finalizing its pipelines [PipelineID=6bfef457-b58e-438a-8fe9-2bfc12537a18, PipelineID=1ed39d93-d53b-42fe-b85c-13a0caa15f1f, PipelineID=c7b71482-f04d-44f2-9ef0-c4bac6d11d6a]
2024-05-12 17:43:17,585 [EventQueue-StaleNodeForStaleNodeHandler] INFO  pipeline.PipelineManagerImpl (PipelineManagerImpl.java:closeContainersForPipeline(484)) - Container #1 closed for pipeline=PipelineID=6bfef457-b58e-438a-8fe9-2bfc12537a18
2024-05-12 17:43:17,585 [EventQueue-CloseContainerForCloseContainerEventHandler] INFO  container.CloseContainerEventHandler (CloseContainerEventHandler.java:onMessage(88)) - Close container Event triggered for container : #1, current state: CLOSING
2024-05-12 17:43:17,585 [EventQueue-StaleNodeForStaleNodeHandler] INFO  pipeline.PipelineManagerImpl (PipelineManagerImpl.java:closePipeline(518)) - Pipeline PipelineID=6bfef457-b58e-438a-8fe9-2bfc12537a18 moved to CLOSED state
2024-05-12 17:43:17,585 [EventQueue-StaleNodeForStaleNodeHandler] INFO  pipeline.PipelineManagerImpl (PipelineManagerImpl.java:closePipeline(518)) - Pipeline PipelineID=1ed39d93-d53b-42fe-b85c-13a0caa15f1f moved to CLOSED state
2024-05-12 17:43:17,586 [EventQueue-StaleNodeForStaleNodeHandler] INFO  pipeline.PipelineManagerImpl (PipelineManagerImpl.java:closePipeline(518)) - Pipeline PipelineID=c7b71482-f04d-44f2-9ef0-c4bac6d11d6a moved to CLOSED state
2024-05-12 17:43:18,504 [timer5] WARN  server.GrpcLogAppender (LogUtils.java:warn(121)) - fa054618-3a8f-49b0-93d4-5933c936b659@group-13A0CAA15F1F->a0742c66-ae9f-48ce-9181-086e540b3b62-AppendLogResponseHandler: Failed appendEntries (Repeated 4 times in the last 5.000s): org.apache.ratis.thirdparty.io.grpc.StatusRuntimeException: UNAVAILABLE: io exception
2024-05-12 17:43:18,505 [timer6] WARN  server.GrpcLogAppender (GrpcLogAppender.java:lambda$resetClient$1(217)) - fa054618-3a8f-49b0-93d4-5933c936b659@group-13A0CAA15F1F->a0742c66-ae9f-48ce-9181-086e540b3b62-GrpcLogAppender: Follower failed (request=null, errorCount=70); keep nextIndex (1) unchanged and retry. (Repeated 4 times in the last 5.001s)
2024-05-12 17:43:19,797 [grpc-default-executor-0] WARN  server.GrpcLogAppender (GrpcLogAppender.java:lambda$resetClient$1(217)) - fa054618-3a8f-49b0-93d4-5933c936b659@group-2BFC12537A18->a0742c66-ae9f-48ce-9181-086e540b3b62-GrpcLogAppender: Follower failed (request=null, errorCount=73); keep nextIndex (10) unchanged and retry.
2024-05-12 17:43:19,797 [fa054618-3a8f-49b0-93d4-5933c936b659-ContainerOp-6bfef457-b58e-438a-8fe9-2bfc12537a18-4] INFO  keyvalue.KeyValueContainer (KeyValueContainer.java:flushAndSyncDB(522)) - Container 1 is synced with bcsId 4.
2024-05-12 17:43:19,798 [fa054618-3a8f-49b0-93d4-5933c936b659-ContainerOp-6bfef457-b58e-438a-8fe9-2bfc12537a18-4] INFO  keyvalue.KeyValueContainer (KeyValueContainer.java:flushAndSyncDB(522)) - Container 1 is synced with bcsId 4.
2024-05-12 17:43:19,799 [fa054618-3a8f-49b0-93d4-5933c936b659-ContainerOp-6bfef457-b58e-438a-8fe9-2bfc12537a18-4] INFO  keyvalue.KeyValueContainer (KeyValueContainer.java:close(437)) - Container 1 is closed with bcsId 4.
2024-05-12 17:43:19,800 [FixedThreadPoolWithAffinityExecutor-0-0] INFO  container.IncrementalContainerReportHandler (AbstractContainerReportHandler.java:updateContainerState(312)) - Moving container #1 to CLOSED state, datanode fa054618-3a8f-49b0-93d4-5933c936b659(localhost/127.0.0.1) reported CLOSED replica with index 0.
2024-05-12 17:43:19,801 [93bda13b-2c91-401a-a9f5-fc4ebb9220da-ContainerOp-6bfef457-b58e-438a-8fe9-2bfc12537a18-4] INFO  keyvalue.KeyValueContainer (KeyValueContainer.java:flushAndSyncDB(522)) - Container 1 is synced with bcsId 4.
2024-05-12 17:43:19,801 [93bda13b-2c91-401a-a9f5-fc4ebb9220da-ContainerOp-6bfef457-b58e-438a-8fe9-2bfc12537a18-4] INFO  keyvalue.KeyValueContainer (KeyValueContainer.java:flushAndSyncDB(522)) - Container 1 is synced with bcsId 4.
2024-05-12 17:43:19,803 [93bda13b-2c91-401a-a9f5-fc4ebb9220da-ContainerOp-6bfef457-b58e-438a-8fe9-2bfc12537a18-4] INFO  keyvalue.KeyValueContainer (KeyValueContainer.java:close(437)) - Container 1 is closed with bcsId 4.
2024-05-12 17:43:19,825 [timer7] WARN  server.GrpcLogAppender (GrpcLogAppender.java:lambda$resetClient$1(217)) - fa054618-3a8f-49b0-93d4-5933c936b659@group-2BFC12537A18->a0742c66-ae9f-48ce-9181-086e540b3b62-GrpcLogAppender: Follower failed (request=null, errorCount=72); keep nextIndex (9) unchanged and retry. (Repeated 4 times in the last 5.001s)
2024-05-12 17:43:19,825 [timer6] WARN  server.GrpcLogAppender (LogUtils.java:warn(121)) - fa054618-3a8f-49b0-93d4-5933c936b659@group-2BFC12537A18->a0742c66-ae9f-48ce-9181-086e540b3b62-AppendLogResponseHandler: Failed appendEntries (Repeated 6 times in the last 5.001s): org.apache.ratis.thirdparty.io.grpc.StatusRuntimeException: UNAVAILABLE: io exception
2024-05-12 17:43:20,297 [grpc-default-executor-0] WARN  server.GrpcLogAppender (LogUtils.java:warn(121)) - fa054618-3a8f-49b0-93d4-5933c936b659@group-2BFC12537A18->a0742c66-ae9f-48ce-9181-086e540b3b62-AppendLogResponseHandler: Failed appendEntries: org.apache.ratis.thirdparty.io.grpc.StatusRuntimeException: UNAVAILABLE: io exception
2024-05-12 17:43:22,875 [grpc-default-executor-3] WARN  server.GrpcLogAppender (LogUtils.java:warn(121)) - fa054618-3a8f-49b0-93d4-5933c936b659@group-13A0CAA15F1F->a0742c66-ae9f-48ce-9181-086e540b3b62-AppendLogResponseHandler: Failed appendEntries: org.apache.ratis.thirdparty.io.grpc.StatusRuntimeException: UNAVAILABLE: io exception
2024-05-12 17:43:22,875 [grpc-default-executor-0] WARN  server.GrpcLogAppender (GrpcLogAppender.java:lambda$resetClient$1(217)) - fa054618-3a8f-49b0-93d4-5933c936b659@group-13A0CAA15F1F->a0742c66-ae9f-48ce-9181-086e540b3b62-GrpcLogAppender: Follower failed (request=null, errorCount=71); keep nextIndex (1) unchanged and retry.
2024-05-12 17:43:24,797 [timer3] WARN  server.GrpcLogAppender (GrpcLogAppender.java:lambda$resetClient$1(217)) - fa054618-3a8f-49b0-93d4-5933c936b659@group-2BFC12537A18->a0742c66-ae9f-48ce-9181-086e540b3b62-GrpcLogAppender: Follower failed (request=null, errorCount=78); keep nextIndex (10) unchanged and retry. (Repeated 6 times in the last 5.000s)
2024-05-12 17:43:25,297 [timer3] WARN  server.GrpcLogAppender (LogUtils.java:warn(121)) - fa054618-3a8f-49b0-93d4-5933c936b659@group-2BFC12537A18->a0742c66-ae9f-48ce-9181-086e540b3b62-AppendLogResponseHandler: Failed appendEntries (Repeated 4 times in the last 5.000s): org.apache.ratis.thirdparty.io.grpc.StatusRuntimeException: UNAVAILABLE: io exception
2024-05-12 17:43:26,790 [grpc-default-executor-0] WARN  server.GrpcLogAppender (LogUtils.java:warn(121)) - fa054618-3a8f-49b0-93d4-5933c936b659@group-2BFC12537A18->a0742c66-ae9f-48ce-9181-086e540b3b62-AppendLogResponseHandler: Failed appendEntries: org.apache.ratis.thirdparty.io.grpc.StatusRuntimeException: UNAVAILABLE: io exception
2024-05-12 17:43:26,790 [grpc-default-executor-3] WARN  server.GrpcLogAppender (GrpcLogAppender.java:lambda$resetClient$1(217)) - fa054618-3a8f-49b0-93d4-5933c936b659@group-2BFC12537A18->a0742c66-ae9f-48ce-9181-086e540b3b62-GrpcLogAppender: Follower failed (request=null, errorCount=79); keep nextIndex (10) unchanged and retry.
2024-05-12 17:43:27,875 [timer1] WARN  server.GrpcLogAppender (GrpcLogAppender.java:lambda$resetClient$1(217)) - fa054618-3a8f-49b0-93d4-5933c936b659@group-13A0CAA15F1F->a0742c66-ae9f-48ce-9181-086e540b3b62-GrpcLogAppender: Follower failed (request=null, errorCount=74); keep nextIndex (1) unchanged and retry. (Repeated 4 times in the last 5.000s)
2024-05-12 17:43:27,875 [timer0] WARN  server.GrpcLogAppender (LogUtils.java:warn(121)) - fa054618-3a8f-49b0-93d4-5933c936b659@group-13A0CAA15F1F->a0742c66-ae9f-48ce-9181-086e540b3b62-AppendLogResponseHandler: Failed appendEntries (Repeated 4 times in the last 5.001s): org.apache.ratis.thirdparty.io.grpc.StatusRuntimeException: UNAVAILABLE: io exception
2024-05-12 17:43:30,646 [grpc-default-executor-0] WARN  server.GrpcLogAppender (LogUtils.java:warn(121)) - fa054618-3a8f-49b0-93d4-5933c936b659@group-13A0CAA15F1F->a0742c66-ae9f-48ce-9181-086e540b3b62-AppendLogResponseHandler: Failed appendEntries: org.apache.ratis.thirdparty.io.grpc.StatusRuntimeException: UNAVAILABLE: io exception
2024-05-12 17:43:30,646 [grpc-default-executor-3] WARN  server.GrpcLogAppender (GrpcLogAppender.java:lambda$resetClient$1(217)) - fa054618-3a8f-49b0-93d4-5933c936b659@group-13A0CAA15F1F->a0742c66-ae9f-48ce-9181-086e540b3b62-GrpcLogAppender: Follower failed (request=null, errorCount=75); keep nextIndex (1) unchanged and retry.
2024-05-12 17:43:31,024 [d0e7fafe-f667-41fb-a16a-ecd1bcb446b6-BlockDeletingService#1] INFO  interfaces.ContainerDeletionChoosingPolicyTemplate (ContainerDeletionChoosingPolicyTemplate.java:chooseContainerForBlockDeletion(85)) - Chosen 0/5000 blocks from 0 candidate containers.
2024-05-12 17:43:31,089 [b7336ce2-a724-4c4a-8025-d323d27fa237-BlockDeletingService#1] INFO  interfaces.ContainerDeletionChoosingPolicyTemplate (ContainerDeletionChoosingPolicyTemplate.java:chooseContainerForBlockDeletion(85)) - Chosen 0/5000 blocks from 0 candidate containers.
2024-05-12 17:43:31,143 [89a6d998-d419-473a-a6ed-8243f7f30d05-BlockDeletingService#1] INFO  interfaces.ContainerDeletionChoosingPolicyTemplate (ContainerDeletionChoosingPolicyTemplate.java:chooseContainerForBlockDeletion(85)) - Chosen 0/5000 blocks from 0 candidate containers.
2024-05-12 17:43:31,191 [3523888c-df3a-4c75-876a-f320dc6c9584-BlockDeletingService#1] INFO  interfaces.ContainerDeletionChoosingPolicyTemplate (ContainerDeletionChoosingPolicyTemplate.java:chooseContainerForBlockDeletion(85)) - Chosen 0/5000 blocks from 0 candidate containers.
2024-05-12 17:43:31,246 [d999a49d-42de-484c-a75f-ffa132e9c3a5-BlockDeletingService#1] INFO  interfaces.ContainerDeletionChoosingPolicyTemplate (ContainerDeletionChoosingPolicyTemplate.java:chooseContainerForBlockDeletion(85)) - Chosen 0/5000 blocks from 0 candidate containers.
2024-05-12 17:43:31,307 [2ef8d649-4864-4b9a-81a6-122cf2174905-BlockDeletingService#1] INFO  interfaces.ContainerDeletionChoosingPolicyTemplate (ContainerDeletionChoosingPolicyTemplate.java:chooseContainerForBlockDeletion(85)) - Chosen 0/5000 blocks from 0 candidate containers.
2024-05-12 17:43:31,356 [93bda13b-2c91-401a-a9f5-fc4ebb9220da-BlockDeletingService#1] INFO  interfaces.ContainerDeletionChoosingPolicyTemplate (ContainerDeletionChoosingPolicyTemplate.java:chooseContainerForBlockDeletion(85)) - Chosen 0/5000 blocks from 0 candidate containers.
2024-05-12 17:43:31,402 [fa054618-3a8f-49b0-93d4-5933c936b659-BlockDeletingService#1] INFO  interfaces.ContainerDeletionChoosingPolicyTemplate (ContainerDeletionChoosingPolicyTemplate.java:chooseContainerForBlockDeletion(85)) - Chosen 0/5000 blocks from 0 candidate containers.
2024-05-12 17:43:31,455 [a0742c66-ae9f-48ce-9181-086e540b3b62-BlockDeletingService#1] INFO  interfaces.ContainerDeletionChoosingPolicyTemplate (ContainerDeletionChoosingPolicyTemplate.java:chooseContainerForBlockDeletion(85)) - Chosen 0/5000 blocks from 0 candidate containers.
2024-05-12 17:43:31,499 [a33fd443-9c01-43ff-9618-b7376da7e75d-BlockDeletingService#0] INFO  interfaces.ContainerDeletionChoosingPolicyTemplate (ContainerDeletionChoosingPolicyTemplate.java:chooseContainerForBlockDeletion(85)) - Chosen 0/5000 blocks from 0 candidate containers.
2024-05-12 17:43:31,790 [timer0] WARN  server.GrpcLogAppender (GrpcLogAppender.java:lambda$resetClient$1(217)) - fa054618-3a8f-49b0-93d4-5933c936b659@group-2BFC12537A18->a0742c66-ae9f-48ce-9181-086e540b3b62-GrpcLogAppender: Follower failed (request=null, errorCount=82); keep nextIndex (10) unchanged and retry. (Repeated 4 times in the last 5.000s)
2024-05-12 17:43:31,790 [timer7] WARN  server.GrpcLogAppender (LogUtils.java:warn(121)) - fa054618-3a8f-49b0-93d4-5933c936b659@group-2BFC12537A18->a0742c66-ae9f-48ce-9181-086e540b3b62-AppendLogResponseHandler: Failed appendEntries (Repeated 4 times in the last 5.001s): org.apache.ratis.thirdparty.io.grpc.StatusRuntimeException: UNAVAILABLE: io exception
2024-05-12 17:43:33,469 [RatisPipelineUtilsThread-0] INFO  pipeline.RatisPipelineProvider (RatisPipelineProvider.java:lambda$create$0(205)) - Sending CreatePipelineCommand for pipeline:PipelineID=af9510f2-7e0e-4293-b97d-29bba51c16d7 to datanode:93bda13b-2c91-401a-a9f5-fc4ebb9220da
2024-05-12 17:43:33,469 [RatisPipelineUtilsThread-0] INFO  pipeline.RatisPipelineProvider (RatisPipelineProvider.java:lambda$create$0(205)) - Sending CreatePipelineCommand for pipeline:PipelineID=af9510f2-7e0e-4293-b97d-29bba51c16d7 to datanode:a33fd443-9c01-43ff-9618-b7376da7e75d
2024-05-12 17:43:33,469 [RatisPipelineUtilsThread-0] INFO  pipeline.RatisPipelineProvider (RatisPipelineProvider.java:lambda$create$0(205)) - Sending CreatePipelineCommand for pipeline:PipelineID=af9510f2-7e0e-4293-b97d-29bba51c16d7 to datanode:fa054618-3a8f-49b0-93d4-5933c936b659
2024-05-12 17:43:33,470 [RatisPipelineUtilsThread-0] INFO  pipeline.BackgroundPipelineCreator (BackgroundPipelineCreator.java:createPipelines(236)) - Created new pipeline Pipeline[ Id: af9510f2-7e0e-4293-b97d-29bba51c16d7, Nodes: 93bda13b-2c91-401a-a9f5-fc4ebb9220da(localhost/127.0.0.1)a33fd443-9c01-43ff-9618-b7376da7e75d(localhost/127.0.0.1)fa054618-3a8f-49b0-93d4-5933c936b659(localhost/127.0.0.1), ReplicationConfig: RATIS/THREE, State:ALLOCATED, leaderId:, CreationTimestamp2024-05-12T17:43:33.469497280Z[Etc/UTC]]
2024-05-12 17:43:33,470 [RatisPipelineUtilsThread-0] INFO  pipeline.RatisPipelineProvider (RatisPipelineProvider.java:lambda$create$0(205)) - Sending CreatePipelineCommand for pipeline:PipelineID=28b3b979-6b86-4294-a0ef-6f96808b8c5e to datanode:93bda13b-2c91-401a-a9f5-fc4ebb9220da
2024-05-12 17:43:33,470 [RatisPipelineUtilsThread-0] INFO  pipeline.RatisPipelineProvider (RatisPipelineProvider.java:lambda$create$0(205)) - Sending CreatePipelineCommand for pipeline:PipelineID=28b3b979-6b86-4294-a0ef-6f96808b8c5e to datanode:a33fd443-9c01-43ff-9618-b7376da7e75d
2024-05-12 17:43:33,470 [RatisPipelineUtilsThread-0] INFO  pipeline.RatisPipelineProvider (RatisPipelineProvider.java:lambda$create$0(205)) - Sending CreatePipelineCommand for pipeline:PipelineID=28b3b979-6b86-4294-a0ef-6f96808b8c5e to datanode:fa054618-3a8f-49b0-93d4-5933c936b659
2024-05-12 17:43:33,471 [RatisPipelineUtilsThread-0] INFO  pipeline.PipelineManagerImpl (PipelineManagerImpl.java:recordMetricsForPipeline(916)) - Pipeline: PipelineID=28b3b979-6b86-4294-a0ef-6f96808b8c5e contains same datanodes as previous pipelines: PipelineID=af9510f2-7e0e-4293-b97d-29bba51c16d7 nodeIds: 93bda13b-2c91-401a-a9f5-fc4ebb9220da, a33fd443-9c01-43ff-9618-b7376da7e75d, fa054618-3a8f-49b0-93d4-5933c936b659
2024-05-12 17:43:33,471 [RatisPipelineUtilsThread-0] INFO  pipeline.BackgroundPipelineCreator (BackgroundPipelineCreator.java:createPipelines(236)) - Created new pipeline Pipeline[ Id: 28b3b979-6b86-4294-a0ef-6f96808b8c5e, Nodes: 93bda13b-2c91-401a-a9f5-fc4ebb9220da(localhost/127.0.0.1)a33fd443-9c01-43ff-9618-b7376da7e75d(localhost/127.0.0.1)fa054618-3a8f-49b0-93d4-5933c936b659(localhost/127.0.0.1), ReplicationConfig: RATIS/THREE, State:ALLOCATED, leaderId:, CreationTimestamp2024-05-12T17:43:33.470672896Z[Etc/UTC]]
2024-05-12 17:43:34,681 [a33fd443-9c01-43ff-9618-b7376da7e75d-PipelineCommandHandlerThread-0] INFO  server.RaftServer (RaftServerProxy.java:addNew(100)) - a33fd443-9c01-43ff-9618-b7376da7e75d: addNew group-29BBA51C16D7:[93bda13b-2c91-401a-a9f5-fc4ebb9220da|127.0.0.1:15362, fa054618-3a8f-49b0-93d4-5933c936b659|127.0.0.1:15371, a33fd443-9c01-43ff-9618-b7376da7e75d|127.0.0.1:15389] returns group-29BBA51C16D7:java.util.concurrent.CompletableFuture@5b1b7cf[Not completed]
2024-05-12 17:43:34,681 [a33fd443-9c01-43ff-9618-b7376da7e75d-groupManagement] INFO  server.RaftServer$Division (RaftServerImpl.java:<init>(256)) - a33fd443-9c01-43ff-9618-b7376da7e75d: new RaftServerImpl for group-29BBA51C16D7:[93bda13b-2c91-401a-a9f5-fc4ebb9220da|127.0.0.1:15362, fa054618-3a8f-49b0-93d4-5933c936b659|127.0.0.1:15371, a33fd443-9c01-43ff-9618-b7376da7e75d|127.0.0.1:15389] with ContainerStateMachine:uninitialized
2024-05-12 17:43:34,681 [a33fd443-9c01-43ff-9618-b7376da7e75d-groupManagement] INFO  server.RaftServerConfigKeys (ConfUtils.java:logGet(46)) - raft.server.rpc.timeout.min = 1s (custom)
2024-05-12 17:43:34,681 [a33fd443-9c01-43ff-9618-b7376da7e75d-groupManagement] INFO  server.RaftServerConfigKeys (ConfUtils.java:logGet(46)) - raft.server.rpc.timeout.max = 1200ms (custom)
2024-05-12 17:43:34,681 [a33fd443-9c01-43ff-9618-b7376da7e75d-groupManagement] INFO  server.RaftServerConfigKeys (ConfUtils.java:logGet(46)) - raft.server.rpc.sleep.time = 25ms (default)
2024-05-12 17:43:34,682 [a33fd443-9c01-43ff-9618-b7376da7e75d-groupManagement] INFO  server.RaftServerConfigKeys (ConfUtils.java:logGet(46)) - raft.server.rpc.slowness.timeout = 300000ms (custom)
2024-05-12 17:43:34,682 [a33fd443-9c01-43ff-9618-b7376da7e75d-groupManagement] INFO  server.RaftServerConfigKeys (ConfUtils.java:logGet(46)) - raft.server.leaderelection.leader.step-down.wait-time = 10s (default)
2024-05-12 17:43:34,682 [a33fd443-9c01-43ff-9618-b7376da7e75d-groupManagement] INFO  server.RaftServerConfigKeys (ConfUtils.java:logGet(46)) - raft.server.leaderelection.member.majority-add = false (default)
2024-05-12 17:43:34,682 [a33fd443-9c01-43ff-9618-b7376da7e75d-groupManagement] INFO  server.RaftServerConfigKeys (ConfUtils.java:logGet(46)) - raft.server.sleep.deviation.threshold = 300ms (default)
2024-05-12 17:43:34,682 [a33fd443-9c01-43ff-9618-b7376da7e75d-groupManagement] INFO  server.RaftServer$Division (ServerState.java:<init>(113)) - a33fd443-9c01-43ff-9618-b7376da7e75d@group-29BBA51C16D7: ConfigurationManager, init=-1: peers:[93bda13b-2c91-401a-a9f5-fc4ebb9220da|127.0.0.1:15362, fa054618-3a8f-49b0-93d4-5933c936b659|127.0.0.1:15371, a33fd443-9c01-43ff-9618-b7376da7e75d|127.0.0.1:15389]|listeners:[], old=null, confs=<EMPTY_MAP>
2024-05-12 17:43:34,682 [a33fd443-9c01-43ff-9618-b7376da7e75d-groupManagement] INFO  server.RaftServerConfigKeys (ConfUtils.java:logGet(46)) - raft.server.notification.no-leader.timeout = 300000ms (custom)
2024-05-12 17:43:34,682 [a33fd443-9c01-43ff-9618-b7376da7e75d-groupManagement] INFO  server.RaftServerConfigKeys (ConfUtils.java:logGet(46)) - raft.server.read.timeout = 10s (default)
2024-05-12 17:43:34,682 [a33fd443-9c01-43ff-9618-b7376da7e75d-groupManagement] INFO  server.RaftServerConfigKeys (ConfUtils.java:logGet(46)) - raft.server.retrycache.expirytime = 600000ms (custom)
2024-05-12 17:43:34,682 [a33fd443-9c01-43ff-9618-b7376da7e75d-groupManagement] INFO  server.RaftServerConfigKeys (ConfUtils.java:logGet(46)) - raft.server.retrycache.statistics.expirytime = 100ms (default)
2024-05-12 17:43:34,682 [a33fd443-9c01-43ff-9618-b7376da7e75d-groupManagement] INFO  server.RaftServerConfigKeys (ConfUtils.java:logGet(46)) - raft.server.read.option = DEFAULT (default)
2024-05-12 17:43:34,682 [a33fd443-9c01-43ff-9618-b7376da7e75d-groupManagement] INFO  server.RaftServerConfigKeys (ConfUtils.java:logGet(46)) - raft.server.read.read-after-write-consistent.write-index-cache.expiry-time = 60s (default)
2024-05-12 17:43:34,684 [a33fd443-9c01-43ff-9618-b7376da7e75d-groupManagement] INFO  server.RaftServerConfigKeys (ConfUtils.java:logGet(46)) - raft.server.rpc.request.timeout = 3000ms (default)
2024-05-12 17:43:34,684 [a33fd443-9c01-43ff-9618-b7376da7e75d-groupManagement] INFO  server.RaftServerConfigKeys (ConfUtils.java:logGet(46)) - raft.server.log.appender.install.snapshot.enabled = false (custom)
2024-05-12 17:43:34,685 [a33fd443-9c01-43ff-9618-b7376da7e75d-groupManagement] INFO  server.RaftServerConfigKeys (ConfUtils.java:logGet(46)) - raft.server.threadpool.server.cached = true (default)
2024-05-12 17:43:34,685 [a33fd443-9c01-43ff-9618-b7376da7e75d-groupManagement] INFO  server.RaftServerConfigKeys (ConfUtils.java:logGet(46)) - raft.server.threadpool.server.size = 0 (default)
2024-05-12 17:43:34,685 [a33fd443-9c01-43ff-9618-b7376da7e75d-groupManagement] INFO  server.RaftServerConfigKeys (ConfUtils.java:logGet(46)) - raft.server.threadpool.client.cached = true (default)
2024-05-12 17:43:34,685 [a33fd443-9c01-43ff-9618-b7376da7e75d-groupManagement] INFO  server.RaftServerConfigKeys (ConfUtils.java:logGet(46)) - raft.server.threadpool.client.size = 0 (default)
2024-05-12 17:43:34,685 [a33fd443-9c01-43ff-9618-b7376da7e75d-groupManagement] INFO  server.RaftServerConfigKeys (ConfUtils.java:logGet(46)) - raft.server.storage.free-space.min = 0MB (=0) (default)
2024-05-12 17:43:34,685 [a33fd443-9c01-43ff-9618-b7376da7e75d-groupManagement] INFO  server.RaftServerConfigKeys (ConfUtils.java:logGet(46)) - raft.server.log.corruption.policy = EXCEPTION (default)
2024-05-12 17:43:34,685 [a33fd443-9c01-43ff-9618-b7376da7e75d-groupManagement] INFO  server.RaftServerConfigKeys (ConfUtils.java:logGet(46)) - raft.server.storage.dir = [/home/runner/work/ozone/ozone/hadoop-ozone/integration-test/target/test-dir/MiniOzoneClusterImpl-71ef5771-1bca-432b-8888-38dc3c8d5d63/ozone-meta/datanode-10/ratis] (custom)
2024-05-12 17:43:34,685 [a33fd443-9c01-43ff-9618-b7376da7e75d-groupManagement] INFO  storage.RaftStorageDirectory (RaftStorageDirectoryImpl.java:analyzeStorage(138)) - The storage directory /home/runner/work/ozone/ozone/hadoop-ozone/integration-test/target/test-dir/MiniOzoneClusterImpl-71ef5771-1bca-432b-8888-38dc3c8d5d63/ozone-meta/datanode-10/ratis/af9510f2-7e0e-4293-b97d-29bba51c16d7 does not exist. Creating ...
2024-05-12 17:43:34,686 [a33fd443-9c01-43ff-9618-b7376da7e75d-groupManagement] INFO  storage.RaftStorageDirectory (RaftStorageDirectoryImpl.java:tryLock(228)) - Lock on /home/runner/work/ozone/ozone/hadoop-ozone/integration-test/target/test-dir/MiniOzoneClusterImpl-71ef5771-1bca-432b-8888-38dc3c8d5d63/ozone-meta/datanode-10/ratis/af9510f2-7e0e-4293-b97d-29bba51c16d7/in_use.lock acquired by nodename 12547@fv-az576-466
2024-05-12 17:43:34,687 [a33fd443-9c01-43ff-9618-b7376da7e75d-groupManagement] INFO  storage.RaftStorage (RaftStorageImpl.java:format(99)) - Storage directory /home/runner/work/ozone/ozone/hadoop-ozone/integration-test/target/test-dir/MiniOzoneClusterImpl-71ef5771-1bca-432b-8888-38dc3c8d5d63/ozone-meta/datanode-10/ratis/af9510f2-7e0e-4293-b97d-29bba51c16d7 has been successfully formatted.
2024-05-12 17:43:34,687 [a33fd443-9c01-43ff-9618-b7376da7e75d-groupManagement] WARN  util.FileUtils (LogUtils.java:supplyAndLog(63)) - Failed to Files.newInputStream /home/runner/work/ozone/ozone/hadoop-ozone/integration-test/target/test-dir/MiniOzoneClusterImpl-71ef5771-1bca-432b-8888-38dc3c8d5d63/ozone-meta/datanode-10/ratis/af9510f2-7e0e-4293-b97d-29bba51c16d7/current/raft-meta.conf with options []: java.nio.file.NoSuchFileException: /home/runner/work/ozone/ozone/hadoop-ozone/integration-test/target/test-dir/MiniOzoneClusterImpl-71ef5771-1bca-432b-8888-38dc3c8d5d63/ozone-meta/datanode-10/ratis/af9510f2-7e0e-4293-b97d-29bba51c16d7/current/raft-meta.conf
2024-05-12 17:43:34,688 [a33fd443-9c01-43ff-9618-b7376da7e75d-groupManagement] INFO  ratis.ContainerStateMachine (ContainerStateMachine.java:loadSnapshot(287)) - group-29BBA51C16D7: The snapshot info is null. Setting the last applied index to:(t:0, i:~)
2024-05-12 17:43:34,688 [a33fd443-9c01-43ff-9618-b7376da7e75d-groupManagement] INFO  server.RaftServerConfigKeys (ConfUtils.java:logGet(46)) - raft.server.log.use.memory = false (default)
2024-05-12 17:43:34,688 [a33fd443-9c01-43ff-9618-b7376da7e75d-groupManagement] INFO  server.RaftServerConfigKeys (ConfUtils.java:logGet(46)) - raft.server.log.purge.gap = 1000000 (custom)
2024-05-12 17:43:34,688 [a33fd443-9c01-43ff-9618-b7376da7e75d-groupManagement] INFO  server.RaftServerConfigKeys (ConfUtils.java:logGet(46)) - raft.server.log.appender.buffer.byte-limit = 8388608 (custom)
2024-05-12 17:43:34,688 [a33fd443-9c01-43ff-9618-b7376da7e75d-groupManagement] INFO  server.RaftServerConfigKeys (ConfUtils.java:logGet(46)) - raft.server.log.statemachine.data.read.timeout = 1000ms (default)
2024-05-12 17:43:34,688 [a33fd443-9c01-43ff-9618-b7376da7e75d-groupManagement] INFO  server.RaftServerConfigKeys (ConfUtils.java:logGet(46)) - raft.server.log.purge.preservation.log.num = 0 (default)
2024-05-12 17:43:34,689 [a33fd443-9c01-43ff-9618-b7376da7e75d-groupManagement] INFO  server.RaftServerConfigKeys (ConfUtils.java:logGet(46)) - raft.server.log.segment.size.max = 67108864 (custom)
2024-05-12 17:43:34,689 [a33fd443-9c01-43ff-9618-b7376da7e75d-groupManagement] INFO  server.RaftServerConfigKeys (ConfUtils.java:logGet(46)) - raft.server.log.segment.cache.num.max = 2 (custom)
2024-05-12 17:43:34,689 [a33fd443-9c01-43ff-9618-b7376da7e75d-groupManagement] INFO  server.RaftServerConfigKeys (ConfUtils.java:logGet(46)) - raft.server.log.segment.cache.size.max = 200MB (=209715200) (default)
2024-05-12 17:43:34,689 [a33fd443-9c01-43ff-9618-b7376da7e75d-groupManagement] INFO  server.RaftServerConfigKeys (ConfUtils.java:logGet(46)) - raft.server.log.appender.buffer.byte-limit = 8388608 (custom)
2024-05-12 17:43:34,690 [a33fd443-9c01-43ff-9618-b7376da7e75d-groupManagement] INFO  util.AwaitToRun (AwaitToRun.java:start(81)) - Thread[a33fd443-9c01-43ff-9618-b7376da7e75d@group-29BBA51C16D7-cacheEviction-AwaitToRun,5,main] started
2024-05-12 17:43:34,690 [a33fd443-9c01-43ff-9618-b7376da7e75d-groupManagement] INFO  segmented.SegmentedRaftLogWorker (SegmentedRaftLogWorker.java:<init>(182)) - new a33fd443-9c01-43ff-9618-b7376da7e75d@group-29BBA51C16D7-SegmentedRaftLogWorker for RaftStorageImpl:Storage Directory /home/runner/work/ozone/ozone/hadoop-ozone/integration-test/target/test-dir/MiniOzoneClusterImpl-71ef5771-1bca-432b-8888-38dc3c8d5d63/ozone-meta/datanode-10/ratis/af9510f2-7e0e-4293-b97d-29bba51c16d7
2024-05-12 17:43:34,690 [a33fd443-9c01-43ff-9618-b7376da7e75d-groupManagement] INFO  server.RaftServerConfigKeys (ConfUtils.java:logGet(46)) - raft.server.log.queue.byte-limit = 4294967296 (custom)
2024-05-12 17:43:34,690 [a33fd443-9c01-43ff-9618-b7376da7e75d-groupManagement] INFO  server.RaftServerConfigKeys (ConfUtils.java:logGet(46)) - raft.server.log.queue.element-limit = 1024 (custom)
2024-05-12 17:43:34,690 [a33fd443-9c01-43ff-9618-b7376da7e75d-groupManagement] INFO  server.RaftServerConfigKeys (ConfUtils.java:logGet(46)) - raft.server.log.segment.size.max = 67108864 (custom)
2024-05-12 17:43:34,690 [a33fd443-9c01-43ff-9618-b7376da7e75d-groupManagement] INFO  server.RaftServerConfigKeys (ConfUtils.java:logGet(46)) - raft.server.log.preallocated.size = 4194304 (custom)
2024-05-12 17:43:34,690 [a33fd443-9c01-43ff-9618-b7376da7e75d-groupManagement] INFO  server.RaftServerConfigKeys (ConfUtils.java:logGet(46)) - raft.server.log.force.sync.num = 128 (default)
2024-05-12 17:43:34,690 [a33fd443-9c01-43ff-9618-b7376da7e75d-groupManagement] INFO  server.RaftServerConfigKeys (ConfUtils.java:logGet(46)) - raft.server.log.statemachine.data.sync = true (default)
2024-05-12 17:43:34,690 [a33fd443-9c01-43ff-9618-b7376da7e75d-groupManagement] INFO  server.RaftServerConfigKeys (ConfUtils.java:logGet(46)) - raft.server.log.statemachine.data.sync.timeout = 10s (default)
2024-05-12 17:43:34,690 [a33fd443-9c01-43ff-9618-b7376da7e75d-groupManagement] INFO  server.RaftServerConfigKeys (ConfUtils.java:logGet(46)) - raft.server.log.statemachine.data.sync.timeout.retry = 30 (custom)
2024-05-12 17:43:34,690 [a33fd443-9c01-43ff-9618-b7376da7e75d-groupManagement] INFO  server.RaftServerConfigKeys (ConfUtils.java:logGet(46)) - raft.server.log.write.buffer.size = 8388616 (custom)
2024-05-12 17:43:34,691 [a33fd443-9c01-43ff-9618-b7376da7e75d-groupManagement] INFO  server.RaftServerConfigKeys (ConfUtils.java:logGet(46)) - raft.server.log.appender.buffer.byte-limit = 8388608 (custom)
2024-05-12 17:43:34,692 [a33fd443-9c01-43ff-9618-b7376da7e75d-groupManagement] INFO  server.RaftServerConfigKeys (ConfUtils.java:logGet(46)) - raft.server.log.unsafe-flush.enabled = false (default)
2024-05-12 17:43:34,692 [a33fd443-9c01-43ff-9618-b7376da7e75d-groupManagement] INFO  server.RaftServerConfigKeys (ConfUtils.java:logGet(46)) - raft.server.log.async-flush.enabled = false (default)
2024-05-12 17:43:34,692 [a33fd443-9c01-43ff-9618-b7376da7e75d-groupManagement] INFO  server.RaftServerConfigKeys (ConfUtils.java:logGet(46)) - raft.server.log.statemachine.data.caching.enabled = true (custom)
2024-05-12 17:43:34,692 [a33fd443-9c01-43ff-9618-b7376da7e75d-groupManagement] INFO  segmented.SegmentedRaftLogWorker (SegmentedRaftLogWorker.java:lambda$new$0(134)) - a33fd443-9c01-43ff-9618-b7376da7e75d@group-29BBA51C16D7-SegmentedRaftLogWorker: flushIndex: setUnconditionally 0 -> -1
2024-05-12 17:43:34,692 [a33fd443-9c01-43ff-9618-b7376da7e75d-groupManagement] INFO  segmented.SegmentedRaftLogWorker (SegmentedRaftLogWorker.java:lambda$new$0(134)) - a33fd443-9c01-43ff-9618-b7376da7e75d@group-29BBA51C16D7-SegmentedRaftLogWorker: safeCacheEvictIndex: setUnconditionally 0 -> -1
2024-05-12 17:43:34,692 [a33fd443-9c01-43ff-9618-b7376da7e75d-groupManagement] INFO  server.RaftServer$Division (RaftServerImpl.java:start(396)) - a33fd443-9c01-43ff-9618-b7376da7e75d@group-29BBA51C16D7: start as a follower, conf=-1: peers:[93bda13b-2c91-401a-a9f5-fc4ebb9220da|127.0.0.1:15362, fa054618-3a8f-49b0-93d4-5933c936b659|127.0.0.1:15371, a33fd443-9c01-43ff-9618-b7376da7e75d|127.0.0.1:15389]|listeners:[], old=null
2024-05-12 17:43:34,692 [a33fd443-9c01-43ff-9618-b7376da7e75d-groupManagement] INFO  server.RaftServer$Division (RaftServerImpl.java:setRole(383)) - a33fd443-9c01-43ff-9618-b7376da7e75d@group-29BBA51C16D7: changes role from      null to FOLLOWER at term 0 for startAsFollower
2024-05-12 17:43:34,692 [a33fd443-9c01-43ff-9618-b7376da7e75d-groupManagement] INFO  impl.RoleInfo (RoleInfo.java:updateAndGet(139)) - a33fd443-9c01-43ff-9618-b7376da7e75d: start a33fd443-9c01-43ff-9618-b7376da7e75d@group-29BBA51C16D7-FollowerState
2024-05-12 17:43:34,692 [a33fd443-9c01-43ff-9618-b7376da7e75d-groupManagement] INFO  util.JmxRegister (JmxRegister.java:tryRegister(44)) - Successfully registered JMX Bean with object name Ratis:service=RaftServer,group=group-29BBA51C16D7,id=a33fd443-9c01-43ff-9618-b7376da7e75d
2024-05-12 17:43:34,692 [a33fd443-9c01-43ff-9618-b7376da7e75d-groupManagement] INFO  server.RaftServerConfigKeys (ConfUtils.java:logGet(46)) - raft.server.snapshot.trigger-when-stop.enabled = true (default)
2024-05-12 17:43:34,693 [a33fd443-9c01-43ff-9618-b7376da7e75d-groupManagement] INFO  server.RaftServerConfigKeys (ConfUtils.java:logGet(46)) - raft.server.snapshot.auto.trigger.enabled = true (custom)
2024-05-12 17:43:34,693 [a33fd443-9c01-43ff-9618-b7376da7e75d-groupManagement] INFO  server.RaftServerConfigKeys (ConfUtils.java:logGet(46)) - raft.server.snapshot.auto.trigger.threshold = 10000 (custom)
2024-05-12 17:43:34,693 [a33fd443-9c01-43ff-9618-b7376da7e75d-groupManagement] INFO  server.RaftServerConfigKeys (ConfUtils.java:logGet(46)) - raft.server.snapshot.retention.file.num = 5 (custom)
2024-05-12 17:43:34,693 [a33fd443-9c01-43ff-9618-b7376da7e75d-groupManagement] INFO  server.RaftServerConfigKeys (ConfUtils.java:logGet(46)) - raft.server.log.purge.upto.snapshot.index = false (default)
2024-05-12 17:43:34,692 [a33fd443-9c01-43ff-9618-b7376da7e75d@group-29BBA51C16D7-FollowerState] INFO  server.RaftServerConfigKeys (ConfUtils.java:logFallback(53)) - raft.server.rpc.first-election.timeout.min = 1s (fallback to raft.server.rpc.timeout.min)
2024-05-12 17:43:34,693 [a33fd443-9c01-43ff-9618-b7376da7e75d@group-29BBA51C16D7-FollowerState] INFO  server.RaftServerConfigKeys (ConfUtils.java:logFallback(53)) - raft.server.rpc.first-election.timeout.max = 1200ms (fallback to raft.server.rpc.timeout.max)
2024-05-12 17:43:34,693 [a33fd443-9c01-43ff-9618-b7376da7e75d-PipelineCommandHandlerThread-0] INFO  ratis.XceiverServerRatis (XceiverServerRatis.java:addGroup(864)) - Created group PipelineID=af9510f2-7e0e-4293-b97d-29bba51c16d7
2024-05-12 17:43:34,697 [grpc-default-executor-0] INFO  server.RaftServer (RaftServerProxy.java:addNew(100)) - 93bda13b-2c91-401a-a9f5-fc4ebb9220da: addNew group-29BBA51C16D7:[93bda13b-2c91-401a-a9f5-fc4ebb9220da|127.0.0.1:15362, fa054618-3a8f-49b0-93d4-5933c936b659|127.0.0.1:15371, a33fd443-9c01-43ff-9618-b7376da7e75d|127.0.0.1:15389] returns group-29BBA51C16D7:java.util.concurrent.CompletableFuture@51ca1bd6[Not completed]
2024-05-12 17:43:34,698 [93bda13b-2c91-401a-a9f5-fc4ebb9220da-groupManagement] INFO  server.RaftServer$Division (RaftServerImpl.java:<init>(256)) - 93bda13b-2c91-401a-a9f5-fc4ebb9220da: new RaftServerImpl for group-29BBA51C16D7:[93bda13b-2c91-401a-a9f5-fc4ebb9220da|127.0.0.1:15362, fa054618-3a8f-49b0-93d4-5933c936b659|127.0.0.1:15371, a33fd443-9c01-43ff-9618-b7376da7e75d|127.0.0.1:15389] with ContainerStateMachine:uninitialized
2024-05-12 17:43:34,698 [93bda13b-2c91-401a-a9f5-fc4ebb9220da-groupManagement] INFO  server.RaftServerConfigKeys (ConfUtils.java:logGet(46)) - raft.server.rpc.timeout.min = 1s (custom)
2024-05-12 17:43:34,698 [93bda13b-2c91-401a-a9f5-fc4ebb9220da-groupManagement] INFO  server.RaftServerConfigKeys (ConfUtils.java:logGet(46)) - raft.server.rpc.timeout.max = 1200ms (custom)
2024-05-12 17:43:34,698 [93bda13b-2c91-401a-a9f5-fc4ebb9220da-groupManagement] INFO  server.RaftServerConfigKeys (ConfUtils.java:logGet(46)) - raft.server.rpc.sleep.time = 25ms (default)
2024-05-12 17:43:34,698 [93bda13b-2c91-401a-a9f5-fc4ebb9220da-groupManagement] INFO  server.RaftServerConfigKeys (ConfUtils.java:logGet(46)) - raft.server.rpc.slowness.timeout = 300000ms (custom)
2024-05-12 17:43:34,698 [93bda13b-2c91-401a-a9f5-fc4ebb9220da-groupManagement] INFO  server.RaftServerConfigKeys (ConfUtils.java:logGet(46)) - raft.server.leaderelection.leader.step-down.wait-time = 10s (default)
2024-05-12 17:43:34,698 [93bda13b-2c91-401a-a9f5-fc4ebb9220da-groupManagement] INFO  server.RaftServerConfigKeys (ConfUtils.java:logGet(46)) - raft.server.leaderelection.member.majority-add = false (default)
2024-05-12 17:43:34,698 [93bda13b-2c91-401a-a9f5-fc4ebb9220da-groupManagement] INFO  server.RaftServerConfigKeys (ConfUtils.java:logGet(46)) - raft.server.sleep.deviation.threshold = 300ms (default)
2024-05-12 17:43:34,698 [93bda13b-2c91-401a-a9f5-fc4ebb9220da-groupManagement] INFO  server.RaftServer$Division (ServerState.java:<init>(113)) - 93bda13b-2c91-401a-a9f5-fc4ebb9220da@group-29BBA51C16D7: ConfigurationManager, init=-1: peers:[93bda13b-2c91-401a-a9f5-fc4ebb9220da|127.0.0.1:15362, fa054618-3a8f-49b0-93d4-5933c936b659|127.0.0.1:15371, a33fd443-9c01-43ff-9618-b7376da7e75d|127.0.0.1:15389]|listeners:[], old=null, confs=<EMPTY_MAP>
2024-05-12 17:43:34,698 [93bda13b-2c91-401a-a9f5-fc4ebb9220da-groupManagement] INFO  server.RaftServerConfigKeys (ConfUtils.java:logGet(46)) - raft.server.notification.no-leader.timeout = 300000ms (custom)
2024-05-12 17:43:34,698 [93bda13b-2c91-401a-a9f5-fc4ebb9220da-groupManagement] INFO  server.RaftServerConfigKeys (ConfUtils.java:logGet(46)) - raft.server.read.timeout = 10s (default)
2024-05-12 17:43:34,698 [93bda13b-2c91-401a-a9f5-fc4ebb9220da-groupManagement] INFO  server.RaftServerConfigKeys (ConfUtils.java:logGet(46)) - raft.server.retrycache.expirytime = 600000ms (custom)
2024-05-12 17:43:34,698 [93bda13b-2c91-401a-a9f5-fc4ebb9220da-groupManagement] INFO  server.RaftServerConfigKeys (ConfUtils.java:logGet(46)) - raft.server.retrycache.statistics.expirytime = 100ms (default)
2024-05-12 17:43:34,698 [93bda13b-2c91-401a-a9f5-fc4ebb9220da-groupManagement] INFO  server.RaftServerConfigKeys (ConfUtils.java:logGet(46)) - raft.server.read.option = DEFAULT (default)
2024-05-12 17:43:34,698 [93bda13b-2c91-401a-a9f5-fc4ebb9220da-groupManagement] INFO  server.RaftServerConfigKeys (ConfUtils.java:logGet(46)) - raft.server.read.read-after-write-consistent.write-index-cache.expiry-time = 60s (default)
2024-05-12 17:43:34,700 [93bda13b-2c91-401a-a9f5-fc4ebb9220da-groupManagement] INFO  server.RaftServerConfigKeys (ConfUtils.java:logGet(46)) - raft.server.rpc.request.timeout = 3000ms (default)
2024-05-12 17:43:34,700 [93bda13b-2c91-401a-a9f5-fc4ebb9220da-groupManagement] INFO  server.RaftServerConfigKeys (ConfUtils.java:logGet(46)) - raft.server.log.appender.install.snapshot.enabled = false (custom)
2024-05-12 17:43:34,700 [93bda13b-2c91-401a-a9f5-fc4ebb9220da-groupManagement] INFO  server.RaftServerConfigKeys (ConfUtils.java:logGet(46)) - raft.server.threadpool.server.cached = true (default)
2024-05-12 17:43:34,700 [93bda13b-2c91-401a-a9f5-fc4ebb9220da-groupManagement] INFO  server.RaftServerConfigKeys (ConfUtils.java:logGet(46)) - raft.server.threadpool.server.size = 0 (default)
2024-05-12 17:43:34,700 [93bda13b-2c91-401a-a9f5-fc4ebb9220da-groupManagement] INFO  server.RaftServerConfigKeys (ConfUtils.java:logGet(46)) - raft.server.threadpool.client.cached = true (default)
2024-05-12 17:43:34,700 [93bda13b-2c91-401a-a9f5-fc4ebb9220da-groupManagement] INFO  server.RaftServerConfigKeys (ConfUtils.java:logGet(46)) - raft.server.threadpool.client.size = 0 (default)
2024-05-12 17:43:34,700 [93bda13b-2c91-401a-a9f5-fc4ebb9220da-groupManagement] INFO  server.RaftServerConfigKeys (ConfUtils.java:logGet(46)) - raft.server.storage.free-space.min = 0MB (=0) (default)
2024-05-12 17:43:34,700 [93bda13b-2c91-401a-a9f5-fc4ebb9220da-groupManagement] INFO  server.RaftServerConfigKeys (ConfUtils.java:logGet(46)) - raft.server.log.corruption.policy = EXCEPTION (default)
2024-05-12 17:43:34,700 [93bda13b-2c91-401a-a9f5-fc4ebb9220da-groupManagement] INFO  server.RaftServerConfigKeys (ConfUtils.java:logGet(46)) - raft.server.storage.dir = [/home/runner/work/ozone/ozone/hadoop-ozone/integration-test/target/test-dir/MiniOzoneClusterImpl-71ef5771-1bca-432b-8888-38dc3c8d5d63/ozone-meta/datanode-7/ratis] (custom)
2024-05-12 17:43:34,700 [93bda13b-2c91-401a-a9f5-fc4ebb9220da-groupManagement] INFO  storage.RaftStorageDirectory (RaftStorageDirectoryImpl.java:analyzeStorage(138)) - The storage directory /home/runner/work/ozone/ozone/hadoop-ozone/integration-test/target/test-dir/MiniOzoneClusterImpl-71ef5771-1bca-432b-8888-38dc3c8d5d63/ozone-meta/datanode-7/ratis/af9510f2-7e0e-4293-b97d-29bba51c16d7 does not exist. Creating ...
2024-05-12 17:43:34,701 [93bda13b-2c91-401a-a9f5-fc4ebb9220da-groupManagement] INFO  storage.RaftStorageDirectory (RaftStorageDirectoryImpl.java:tryLock(228)) - Lock on /home/runner/work/ozone/ozone/hadoop-ozone/integration-test/target/test-dir/MiniOzoneClusterImpl-71ef5771-1bca-432b-8888-38dc3c8d5d63/ozone-meta/datanode-7/ratis/af9510f2-7e0e-4293-b97d-29bba51c16d7/in_use.lock acquired by nodename 12547@fv-az576-466
2024-05-12 17:43:34,702 [93bda13b-2c91-401a-a9f5-fc4ebb9220da-groupManagement] INFO  storage.RaftStorage (RaftStorageImpl.java:format(99)) - Storage directory /home/runner/work/ozone/ozone/hadoop-ozone/integration-test/target/test-dir/MiniOzoneClusterImpl-71ef5771-1bca-432b-8888-38dc3c8d5d63/ozone-meta/datanode-7/ratis/af9510f2-7e0e-4293-b97d-29bba51c16d7 has been successfully formatted.
2024-05-12 17:43:34,702 [93bda13b-2c91-401a-a9f5-fc4ebb9220da-groupManagement] WARN  util.FileUtils (LogUtils.java:supplyAndLog(63)) - Failed to Files.newInputStream /home/runner/work/ozone/ozone/hadoop-ozone/integration-test/target/test-dir/MiniOzoneClusterImpl-71ef5771-1bca-432b-8888-38dc3c8d5d63/ozone-meta/datanode-7/ratis/af9510f2-7e0e-4293-b97d-29bba51c16d7/current/raft-meta.conf with options []: java.nio.file.NoSuchFileException: /home/runner/work/ozone/ozone/hadoop-ozone/integration-test/target/test-dir/MiniOzoneClusterImpl-71ef5771-1bca-432b-8888-38dc3c8d5d63/ozone-meta/datanode-7/ratis/af9510f2-7e0e-4293-b97d-29bba51c16d7/current/raft-meta.conf
2024-05-12 17:43:34,702 [93bda13b-2c91-401a-a9f5-fc4ebb9220da-groupManagement] INFO  ratis.ContainerStateMachine (ContainerStateMachine.java:loadSnapshot(287)) - group-29BBA51C16D7: The snapshot info is null. Setting the last applied index to:(t:0, i:~)
2024-05-12 17:43:34,702 [93bda13b-2c91-401a-a9f5-fc4ebb9220da-groupManagement] INFO  server.RaftServerConfigKeys (ConfUtils.java:logGet(46)) - raft.server.log.use.memory = false (default)
2024-05-12 17:43:34,702 [93bda13b-2c91-401a-a9f5-fc4ebb9220da-groupManagement] INFO  server.RaftServerConfigKeys (ConfUtils.java:logGet(46)) - raft.server.log.purge.gap = 1000000 (custom)
2024-05-12 17:43:34,702 [93bda13b-2c91-401a-a9f5-fc4ebb9220da-groupManagement] INFO  server.RaftServerConfigKeys (ConfUtils.java:logGet(46)) - raft.server.log.appender.buffer.byte-limit = 8388608 (custom)
2024-05-12 17:43:34,703 [93bda13b-2c91-401a-a9f5-fc4ebb9220da-groupManagement] INFO  server.RaftServerConfigKeys (ConfUtils.java:logGet(46)) - raft.server.log.statemachine.data.read.timeout = 1000ms (default)
2024-05-12 17:43:34,703 [93bda13b-2c91-401a-a9f5-fc4ebb9220da-groupManagement] INFO  server.RaftServerConfigKeys (ConfUtils.java:logGet(46)) - raft.server.log.purge.preservation.log.num = 0 (default)
2024-05-12 17:43:34,704 [93bda13b-2c91-401a-a9f5-fc4ebb9220da-groupManagement] INFO  server.RaftServerConfigKeys (ConfUtils.java:logGet(46)) - raft.server.log.segment.size.max = 67108864 (custom)
2024-05-12 17:43:34,704 [93bda13b-2c91-401a-a9f5-fc4ebb9220da-groupManagement] INFO  server.RaftServerConfigKeys (ConfUtils.java:logGet(46)) - raft.server.log.segment.cache.num.max = 2 (custom)
2024-05-12 17:43:34,704 [93bda13b-2c91-401a-a9f5-fc4ebb9220da-groupManagement] INFO  server.RaftServerConfigKeys (ConfUtils.java:logGet(46)) - raft.server.log.segment.cache.size.max = 200MB (=209715200) (default)
2024-05-12 17:43:34,704 [93bda13b-2c91-401a-a9f5-fc4ebb9220da-groupManagement] INFO  server.RaftServerConfigKeys (ConfUtils.java:logGet(46)) - raft.server.log.appender.buffer.byte-limit = 8388608 (custom)
2024-05-12 17:43:34,705 [93bda13b-2c91-401a-a9f5-fc4ebb9220da-groupManagement] INFO  util.AwaitToRun (AwaitToRun.java:start(81)) - Thread[93bda13b-2c91-401a-a9f5-fc4ebb9220da@group-29BBA51C16D7-cacheEviction-AwaitToRun,5,main] started
2024-05-12 17:43:34,705 [93bda13b-2c91-401a-a9f5-fc4ebb9220da-groupManagement] INFO  segmented.SegmentedRaftLogWorker (SegmentedRaftLogWorker.java:<init>(182)) - new 93bda13b-2c91-401a-a9f5-fc4ebb9220da@group-29BBA51C16D7-SegmentedRaftLogWorker for RaftStorageImpl:Storage Directory /home/runner/work/ozone/ozone/hadoop-ozone/integration-test/target/test-dir/MiniOzoneClusterImpl-71ef5771-1bca-432b-8888-38dc3c8d5d63/ozone-meta/datanode-7/ratis/af9510f2-7e0e-4293-b97d-29bba51c16d7
2024-05-12 17:43:34,705 [93bda13b-2c91-401a-a9f5-fc4ebb9220da-groupManagement] INFO  server.RaftServerConfigKeys (ConfUtils.java:logGet(46)) - raft.server.log.queue.byte-limit = 4294967296 (custom)
2024-05-12 17:43:34,705 [93bda13b-2c91-401a-a9f5-fc4ebb9220da-groupManagement] INFO  server.RaftServerConfigKeys (ConfUtils.java:logGet(46)) - raft.server.log.queue.element-limit = 1024 (custom)
2024-05-12 17:43:34,705 [93bda13b-2c91-401a-a9f5-fc4ebb9220da-groupManagement] INFO  server.RaftServerConfigKeys (ConfUtils.java:logGet(46)) - raft.server.log.segment.size.max = 67108864 (custom)
2024-05-12 17:43:34,705 [93bda13b-2c91-401a-a9f5-fc4ebb9220da-groupManagement] INFO  server.RaftServerConfigKeys (ConfUtils.java:logGet(46)) - raft.server.log.preallocated.size = 4194304 (custom)
2024-05-12 17:43:34,705 [93bda13b-2c91-401a-a9f5-fc4ebb9220da-groupManagement] INFO  server.RaftServerConfigKeys (ConfUtils.java:logGet(46)) - raft.server.log.force.sync.num = 128 (default)
2024-05-12 17:43:34,705 [93bda13b-2c91-401a-a9f5-fc4ebb9220da-groupManagement] INFO  server.RaftServerConfigKeys (ConfUtils.java:logGet(46)) - raft.server.log.statemachine.data.sync = true (default)
2024-05-12 17:43:34,705 [93bda13b-2c91-401a-a9f5-fc4ebb9220da-groupManagement] INFO  server.RaftServerConfigKeys (ConfUtils.java:logGet(46)) - raft.server.log.statemachine.data.sync.timeout = 10s (default)
2024-05-12 17:43:34,705 [93bda13b-2c91-401a-a9f5-fc4ebb9220da-groupManagement] INFO  server.RaftServerConfigKeys (ConfUtils.java:logGet(46)) - raft.server.log.statemachine.data.sync.timeout.retry = 30 (custom)
2024-05-12 17:43:34,705 [93bda13b-2c91-401a-a9f5-fc4ebb9220da-groupManagement] INFO  server.RaftServerConfigKeys (ConfUtils.java:logGet(46)) - raft.server.log.write.buffer.size = 8388616 (custom)
2024-05-12 17:43:34,706 [93bda13b-2c91-401a-a9f5-fc4ebb9220da-groupManagement] INFO  server.RaftServerConfigKeys (ConfUtils.java:logGet(46)) - raft.server.log.appender.buffer.byte-limit = 8388608 (custom)
2024-05-12 17:43:34,706 [93bda13b-2c91-401a-a9f5-fc4ebb9220da-groupManagement] INFO  server.RaftServerConfigKeys (ConfUtils.java:logGet(46)) - raft.server.log.unsafe-flush.enabled = false (default)
2024-05-12 17:43:34,706 [93bda13b-2c91-401a-a9f5-fc4ebb9220da-groupManagement] INFO  server.RaftServerConfigKeys (ConfUtils.java:logGet(46)) - raft.server.log.async-flush.enabled = false (default)
2024-05-12 17:43:34,706 [93bda13b-2c91-401a-a9f5-fc4ebb9220da-groupManagement] INFO  server.RaftServerConfigKeys (ConfUtils.java:logGet(46)) - raft.server.log.statemachine.data.caching.enabled = true (custom)
2024-05-12 17:43:34,707 [93bda13b-2c91-401a-a9f5-fc4ebb9220da-groupManagement] INFO  segmented.SegmentedRaftLogWorker (SegmentedRaftLogWorker.java:lambda$new$0(134)) - 93bda13b-2c91-401a-a9f5-fc4ebb9220da@group-29BBA51C16D7-SegmentedRaftLogWorker: flushIndex: setUnconditionally 0 -> -1
2024-05-12 17:43:34,707 [93bda13b-2c91-401a-a9f5-fc4ebb9220da-groupManagement] INFO  segmented.SegmentedRaftLogWorker (SegmentedRaftLogWorker.java:lambda$new$0(134)) - 93bda13b-2c91-401a-a9f5-fc4ebb9220da@group-29BBA51C16D7-SegmentedRaftLogWorker: safeCacheEvictIndex: setUnconditionally 0 -> -1
2024-05-12 17:43:34,707 [93bda13b-2c91-401a-a9f5-fc4ebb9220da-groupManagement] INFO  server.RaftServer$Division (RaftServerImpl.java:start(396)) - 93bda13b-2c91-401a-a9f5-fc4ebb9220da@group-29BBA51C16D7: start as a follower, conf=-1: peers:[93bda13b-2c91-401a-a9f5-fc4ebb9220da|127.0.0.1:15362, fa054618-3a8f-49b0-93d4-5933c936b659|127.0.0.1:15371, a33fd443-9c01-43ff-9618-b7376da7e75d|127.0.0.1:15389]|listeners:[], old=null
2024-05-12 17:43:34,707 [93bda13b-2c91-401a-a9f5-fc4ebb9220da-groupManagement] INFO  server.RaftServer$Division (RaftServerImpl.java:setRole(383)) - 93bda13b-2c91-401a-a9f5-fc4ebb9220da@group-29BBA51C16D7: changes role from      null to FOLLOWER at term 0 for startAsFollower
2024-05-12 17:43:34,707 [93bda13b-2c91-401a-a9f5-fc4ebb9220da-groupManagement] INFO  impl.RoleInfo (RoleInfo.java:updateAndGet(139)) - 93bda13b-2c91-401a-a9f5-fc4ebb9220da: start 93bda13b-2c91-401a-a9f5-fc4ebb9220da@group-29BBA51C16D7-FollowerState
2024-05-12 17:43:34,707 [93bda13b-2c91-401a-a9f5-fc4ebb9220da@group-29BBA51C16D7-FollowerState] INFO  server.RaftServerConfigKeys (ConfUtils.java:logFallback(53)) - raft.server.rpc.first-election.timeout.min = 1s (fallback to raft.server.rpc.timeout.min)
2024-05-12 17:43:34,707 [93bda13b-2c91-401a-a9f5-fc4ebb9220da-groupManagement] INFO  util.JmxRegister (JmxRegister.java:tryRegister(44)) - Successfully registered JMX Bean with object name Ratis:service=RaftServer,group=group-29BBA51C16D7,id=93bda13b-2c91-401a-a9f5-fc4ebb9220da
2024-05-12 17:43:34,707 [93bda13b-2c91-401a-a9f5-fc4ebb9220da@group-29BBA51C16D7-FollowerState] INFO  server.RaftServerConfigKeys (ConfUtils.java:logFallback(53)) - raft.server.rpc.first-election.timeout.max = 1200ms (fallback to raft.server.rpc.timeout.max)
2024-05-12 17:43:34,707 [93bda13b-2c91-401a-a9f5-fc4ebb9220da-groupManagement] INFO  server.RaftServerConfigKeys (ConfUtils.java:logGet(46)) - raft.server.snapshot.trigger-when-stop.enabled = true (default)
2024-05-12 17:43:34,707 [93bda13b-2c91-401a-a9f5-fc4ebb9220da-groupManagement] INFO  server.RaftServerConfigKeys (ConfUtils.java:logGet(46)) - raft.server.snapshot.auto.trigger.enabled = true (custom)
2024-05-12 17:43:34,707 [93bda13b-2c91-401a-a9f5-fc4ebb9220da-groupManagement] INFO  server.RaftServerConfigKeys (ConfUtils.java:logGet(46)) - raft.server.snapshot.auto.trigger.threshold = 10000 (custom)
2024-05-12 17:43:34,707 [93bda13b-2c91-401a-a9f5-fc4ebb9220da-groupManagement] INFO  server.RaftServerConfigKeys (ConfUtils.java:logGet(46)) - raft.server.snapshot.retention.file.num = 5 (custom)
2024-05-12 17:43:34,707 [93bda13b-2c91-401a-a9f5-fc4ebb9220da-groupManagement] INFO  server.RaftServerConfigKeys (ConfUtils.java:logGet(46)) - raft.server.log.purge.upto.snapshot.index = false (default)
2024-05-12 17:43:34,712 [grpc-default-executor-0] INFO  server.RaftServer (RaftServerProxy.java:addNew(100)) - fa054618-3a8f-49b0-93d4-5933c936b659: addNew group-29BBA51C16D7:[93bda13b-2c91-401a-a9f5-fc4ebb9220da|127.0.0.1:15362, fa054618-3a8f-49b0-93d4-5933c936b659|127.0.0.1:15371, a33fd443-9c01-43ff-9618-b7376da7e75d|127.0.0.1:15389] returns group-29BBA51C16D7:java.util.concurrent.CompletableFuture@7692ce6[Not completed]
2024-05-12 17:43:34,713 [fa054618-3a8f-49b0-93d4-5933c936b659-groupManagement] INFO  server.RaftServer$Division (RaftServerImpl.java:<init>(256)) - fa054618-3a8f-49b0-93d4-5933c936b659: new RaftServerImpl for group-29BBA51C16D7:[93bda13b-2c91-401a-a9f5-fc4ebb9220da|127.0.0.1:15362, fa054618-3a8f-49b0-93d4-5933c936b659|127.0.0.1:15371, a33fd443-9c01-43ff-9618-b7376da7e75d|127.0.0.1:15389] with ContainerStateMachine:uninitialized
2024-05-12 17:43:34,713 [fa054618-3a8f-49b0-93d4-5933c936b659-groupManagement] INFO  server.RaftServerConfigKeys (ConfUtils.java:logGet(46)) - raft.server.rpc.timeout.min = 1s (custom)
2024-05-12 17:43:34,713 [fa054618-3a8f-49b0-93d4-5933c936b659-groupManagement] INFO  server.RaftServerConfigKeys (ConfUtils.java:logGet(46)) - raft.server.rpc.timeout.max = 1200ms (custom)
2024-05-12 17:43:34,713 [fa054618-3a8f-49b0-93d4-5933c936b659-groupManagement] INFO  server.RaftServerConfigKeys (ConfUtils.java:logGet(46)) - raft.server.rpc.sleep.time = 25ms (default)
2024-05-12 17:43:34,713 [fa054618-3a8f-49b0-93d4-5933c936b659-groupManagement] INFO  server.RaftServerConfigKeys (ConfUtils.java:logGet(46)) - raft.server.rpc.slowness.timeout = 300000ms (custom)
2024-05-12 17:43:34,713 [fa054618-3a8f-49b0-93d4-5933c936b659-groupManagement] INFO  server.RaftServerConfigKeys (ConfUtils.java:logGet(46)) - raft.server.leaderelection.leader.step-down.wait-time = 10s (default)
2024-05-12 17:43:34,713 [fa054618-3a8f-49b0-93d4-5933c936b659-groupManagement] INFO  server.RaftServerConfigKeys (ConfUtils.java:logGet(46)) - raft.server.leaderelection.member.majority-add = false (default)
2024-05-12 17:43:34,713 [fa054618-3a8f-49b0-93d4-5933c936b659-groupManagement] INFO  server.RaftServerConfigKeys (ConfUtils.java:logGet(46)) - raft.server.sleep.deviation.threshold = 300ms (default)
2024-05-12 17:43:34,713 [fa054618-3a8f-49b0-93d4-5933c936b659-groupManagement] INFO  server.RaftServer$Division (ServerState.java:<init>(113)) - fa054618-3a8f-49b0-93d4-5933c936b659@group-29BBA51C16D7: ConfigurationManager, init=-1: peers:[93bda13b-2c91-401a-a9f5-fc4ebb9220da|127.0.0.1:15362, fa054618-3a8f-49b0-93d4-5933c936b659|127.0.0.1:15371, a33fd443-9c01-43ff-9618-b7376da7e75d|127.0.0.1:15389]|listeners:[], old=null, confs=<EMPTY_MAP>
2024-05-12 17:43:34,713 [fa054618-3a8f-49b0-93d4-5933c936b659-groupManagement] INFO  server.RaftServerConfigKeys (ConfUtils.java:logGet(46)) - raft.server.notification.no-leader.timeout = 300000ms (custom)
2024-05-12 17:43:34,713 [fa054618-3a8f-49b0-93d4-5933c936b659-groupManagement] INFO  server.RaftServerConfigKeys (ConfUtils.java:logGet(46)) - raft.server.read.timeout = 10s (default)
2024-05-12 17:43:34,713 [fa054618-3a8f-49b0-93d4-5933c936b659-groupManagement] INFO  server.RaftServerConfigKeys (ConfUtils.java:logGet(46)) - raft.server.retrycache.expirytime = 600000ms (custom)
2024-05-12 17:43:34,713 [fa054618-3a8f-49b0-93d4-5933c936b659-groupManagement] INFO  server.RaftServerConfigKeys (ConfUtils.java:logGet(46)) - raft.server.retrycache.statistics.expirytime = 100ms (default)
2024-05-12 17:43:34,713 [fa054618-3a8f-49b0-93d4-5933c936b659-groupManagement] INFO  server.RaftServerConfigKeys (ConfUtils.java:logGet(46)) - raft.server.read.option = DEFAULT (default)
2024-05-12 17:43:34,714 [fa054618-3a8f-49b0-93d4-5933c936b659-groupManagement] INFO  server.RaftServerConfigKeys (ConfUtils.java:logGet(46)) - raft.server.read.read-after-write-consistent.write-index-cache.expiry-time = 60s (default)
2024-05-12 17:43:34,715 [fa054618-3a8f-49b0-93d4-5933c936b659-groupManagement] INFO  server.RaftServerConfigKeys (ConfUtils.java:logGet(46)) - raft.server.rpc.request.timeout = 3000ms (default)
2024-05-12 17:43:34,715 [fa054618-3a8f-49b0-93d4-5933c936b659-groupManagement] INFO  server.RaftServerConfigKeys (ConfUtils.java:logGet(46)) - raft.server.log.appender.install.snapshot.enabled = false (custom)
2024-05-12 17:43:34,715 [fa054618-3a8f-49b0-93d4-5933c936b659-groupManagement] INFO  server.RaftServerConfigKeys (ConfUtils.java:logGet(46)) - raft.server.threadpool.server.cached = true (default)
2024-05-12 17:43:34,715 [fa054618-3a8f-49b0-93d4-5933c936b659-groupManagement] INFO  server.RaftServerConfigKeys (ConfUtils.java:logGet(46)) - raft.server.threadpool.server.size = 0 (default)
2024-05-12 17:43:34,715 [fa054618-3a8f-49b0-93d4-5933c936b659-groupManagement] INFO  server.RaftServerConfigKeys (ConfUtils.java:logGet(46)) - raft.server.threadpool.client.cached = true (default)
2024-05-12 17:43:34,716 [fa054618-3a8f-49b0-93d4-5933c936b659-groupManagement] INFO  server.RaftServerConfigKeys (ConfUtils.java:logGet(46)) - raft.server.threadpool.client.size = 0 (default)
2024-05-12 17:43:34,716 [fa054618-3a8f-49b0-93d4-5933c936b659-groupManagement] INFO  server.RaftServerConfigKeys (ConfUtils.java:logGet(46)) - raft.server.storage.free-space.min = 0MB (=0) (default)
2024-05-12 17:43:34,716 [fa054618-3a8f-49b0-93d4-5933c936b659-groupManagement] INFO  server.RaftServerConfigKeys (ConfUtils.java:logGet(46)) - raft.server.log.corruption.policy = EXCEPTION (default)
2024-05-12 17:43:34,716 [fa054618-3a8f-49b0-93d4-5933c936b659-groupManagement] INFO  server.RaftServerConfigKeys (ConfUtils.java:logGet(46)) - raft.server.storage.dir = [/home/runner/work/ozone/ozone/hadoop-ozone/integration-test/target/test-dir/MiniOzoneClusterImpl-71ef5771-1bca-432b-8888-38dc3c8d5d63/ozone-meta/datanode-8/ratis] (custom)
2024-05-12 17:43:34,716 [fa054618-3a8f-49b0-93d4-5933c936b659-groupManagement] INFO  storage.RaftStorageDirectory (RaftStorageDirectoryImpl.java:analyzeStorage(138)) - The storage directory /home/runner/work/ozone/ozone/hadoop-ozone/integration-test/target/test-dir/MiniOzoneClusterImpl-71ef5771-1bca-432b-8888-38dc3c8d5d63/ozone-meta/datanode-8/ratis/af9510f2-7e0e-4293-b97d-29bba51c16d7 does not exist. Creating ...
2024-05-12 17:43:34,717 [fa054618-3a8f-49b0-93d4-5933c936b659-groupManagement] INFO  storage.RaftStorageDirectory (RaftStorageDirectoryImpl.java:tryLock(228)) - Lock on /home/runner/work/ozone/ozone/hadoop-ozone/integration-test/target/test-dir/MiniOzoneClusterImpl-71ef5771-1bca-432b-8888-38dc3c8d5d63/ozone-meta/datanode-8/ratis/af9510f2-7e0e-4293-b97d-29bba51c16d7/in_use.lock acquired by nodename 12547@fv-az576-466
2024-05-12 17:43:34,718 [fa054618-3a8f-49b0-93d4-5933c936b659-groupManagement] INFO  storage.RaftStorage (RaftStorageImpl.java:format(99)) - Storage directory /home/runner/work/ozone/ozone/hadoop-ozone/integration-test/target/test-dir/MiniOzoneClusterImpl-71ef5771-1bca-432b-8888-38dc3c8d5d63/ozone-meta/datanode-8/ratis/af9510f2-7e0e-4293-b97d-29bba51c16d7 has been successfully formatted.
2024-05-12 17:43:34,718 [fa054618-3a8f-49b0-93d4-5933c936b659-groupManagement] WARN  util.FileUtils (LogUtils.java:supplyAndLog(63)) - Failed to Files.newInputStream /home/runner/work/ozone/ozone/hadoop-ozone/integration-test/target/test-dir/MiniOzoneClusterImpl-71ef5771-1bca-432b-8888-38dc3c8d5d63/ozone-meta/datanode-8/ratis/af9510f2-7e0e-4293-b97d-29bba51c16d7/current/raft-meta.conf with options []: java.nio.file.NoSuchFileException: /home/runner/work/ozone/ozone/hadoop-ozone/integration-test/target/test-dir/MiniOzoneClusterImpl-71ef5771-1bca-432b-8888-38dc3c8d5d63/ozone-meta/datanode-8/ratis/af9510f2-7e0e-4293-b97d-29bba51c16d7/current/raft-meta.conf
2024-05-12 17:43:34,718 [fa054618-3a8f-49b0-93d4-5933c936b659-groupManagement] INFO  ratis.ContainerStateMachine (ContainerStateMachine.java:loadSnapshot(287)) - group-29BBA51C16D7: The snapshot info is null. Setting the last applied index to:(t:0, i:~)
2024-05-12 17:43:34,718 [fa054618-3a8f-49b0-93d4-5933c936b659-groupManagement] INFO  server.RaftServerConfigKeys (ConfUtils.java:logGet(46)) - raft.server.log.use.memory = false (default)
2024-05-12 17:43:34,718 [fa054618-3a8f-49b0-93d4-5933c936b659-groupManagement] INFO  server.RaftServerConfigKeys (ConfUtils.java:logGet(46)) - raft.server.log.purge.gap = 1000000 (custom)
2024-05-12 17:43:34,718 [fa054618-3a8f-49b0-93d4-5933c936b659-groupManagement] INFO  server.RaftServerConfigKeys (ConfUtils.java:logGet(46)) - raft.server.log.appender.buffer.byte-limit = 8388608 (custom)
2024-05-12 17:43:34,718 [fa054618-3a8f-49b0-93d4-5933c936b659-groupManagement] INFO  server.RaftServerConfigKeys (ConfUtils.java:logGet(46)) - raft.server.log.statemachine.data.read.timeout = 1000ms (default)
2024-05-12 17:43:34,718 [fa054618-3a8f-49b0-93d4-5933c936b659-groupManagement] INFO  server.RaftServerConfigKeys (ConfUtils.java:logGet(46)) - raft.server.log.purge.preservation.log.num = 0 (default)
2024-05-12 17:43:34,719 [fa054618-3a8f-49b0-93d4-5933c936b659-groupManagement] INFO  server.RaftServerConfigKeys (ConfUtils.java:logGet(46)) - raft.server.log.segment.size.max = 67108864 (custom)
2024-05-12 17:43:34,719 [fa054618-3a8f-49b0-93d4-5933c936b659-groupManagement] INFO  server.RaftServerConfigKeys (ConfUtils.java:logGet(46)) - raft.server.log.segment.cache.num.max = 2 (custom)
2024-05-12 17:43:34,720 [fa054618-3a8f-49b0-93d4-5933c936b659-groupManagement] INFO  server.RaftServerConfigKeys (ConfUtils.java:logGet(46)) - raft.server.log.segment.cache.size.max = 200MB (=209715200) (default)
2024-05-12 17:43:34,720 [fa054618-3a8f-49b0-93d4-5933c936b659-groupManagement] INFO  server.RaftServerConfigKeys (ConfUtils.java:logGet(46)) - raft.server.log.appender.buffer.byte-limit = 8388608 (custom)
2024-05-12 17:43:34,720 [fa054618-3a8f-49b0-93d4-5933c936b659-groupManagement] INFO  util.AwaitToRun (AwaitToRun.java:start(81)) - Thread[fa054618-3a8f-49b0-93d4-5933c936b659@group-29BBA51C16D7-cacheEviction-AwaitToRun,5,main] started
2024-05-12 17:43:34,720 [fa054618-3a8f-49b0-93d4-5933c936b659-groupManagement] INFO  segmented.SegmentedRaftLogWorker (SegmentedRaftLogWorker.java:<init>(182)) - new fa054618-3a8f-49b0-93d4-5933c936b659@group-29BBA51C16D7-SegmentedRaftLogWorker for RaftStorageImpl:Storage Directory /home/runner/work/ozone/ozone/hadoop-ozone/integration-test/target/test-dir/MiniOzoneClusterImpl-71ef5771-1bca-432b-8888-38dc3c8d5d63/ozone-meta/datanode-8/ratis/af9510f2-7e0e-4293-b97d-29bba51c16d7
2024-05-12 17:43:34,720 [fa054618-3a8f-49b0-93d4-5933c936b659-groupManagement] INFO  server.RaftServerConfigKeys (ConfUtils.java:logGet(46)) - raft.server.log.queue.byte-limit = 4294967296 (custom)
2024-05-12 17:43:34,720 [fa054618-3a8f-49b0-93d4-5933c936b659-groupManagement] INFO  server.RaftServerConfigKeys (ConfUtils.java:logGet(46)) - raft.server.log.queue.element-limit = 1024 (custom)
2024-05-12 17:43:34,720 [fa054618-3a8f-49b0-93d4-5933c936b659-groupManagement] INFO  server.RaftServerConfigKeys (ConfUtils.java:logGet(46)) - raft.server.log.segment.size.max = 67108864 (custom)
2024-05-12 17:43:34,720 [fa054618-3a8f-49b0-93d4-5933c936b659-groupManagement] INFO  server.RaftServerConfigKeys (ConfUtils.java:logGet(46)) - raft.server.log.preallocated.size = 4194304 (custom)
2024-05-12 17:43:34,720 [fa054618-3a8f-49b0-93d4-5933c936b659-groupManagement] INFO  server.RaftServerConfigKeys (ConfUtils.java:logGet(46)) - raft.server.log.force.sync.num = 128 (default)
2024-05-12 17:43:34,720 [fa054618-3a8f-49b0-93d4-5933c936b659-groupManagement] INFO  server.RaftServerConfigKeys (ConfUtils.java:logGet(46)) - raft.server.log.statemachine.data.sync = true (default)
2024-05-12 17:43:34,720 [fa054618-3a8f-49b0-93d4-5933c936b659-groupManagement] INFO  server.RaftServerConfigKeys (ConfUtils.java:logGet(46)) - raft.server.log.statemachine.data.sync.timeout = 10s (default)
2024-05-12 17:43:34,720 [fa054618-3a8f-49b0-93d4-5933c936b659-groupManagement] INFO  server.RaftServerConfigKeys (ConfUtils.java:logGet(46)) - raft.server.log.statemachine.data.sync.timeout.retry = 30 (custom)
2024-05-12 17:43:34,720 [fa054618-3a8f-49b0-93d4-5933c936b659-groupManagement] INFO  server.RaftServerConfigKeys (ConfUtils.java:logGet(46)) - raft.server.log.write.buffer.size = 8388616 (custom)
2024-05-12 17:43:34,721 [fa054618-3a8f-49b0-93d4-5933c936b659-groupManagement] INFO  server.RaftServerConfigKeys (ConfUtils.java:logGet(46)) - raft.server.log.appender.buffer.byte-limit = 8388608 (custom)
2024-05-12 17:43:34,722 [fa054618-3a8f-49b0-93d4-5933c936b659-groupManagement] INFO  server.RaftServerConfigKeys (ConfUtils.java:logGet(46)) - raft.server.log.unsafe-flush.enabled = false (default)
2024-05-12 17:43:34,722 [fa054618-3a8f-49b0-93d4-5933c936b659-groupManagement] INFO  server.RaftServerConfigKeys (ConfUtils.java:logGet(46)) - raft.server.log.async-flush.enabled = false (default)
2024-05-12 17:43:34,722 [fa054618-3a8f-49b0-93d4-5933c936b659-groupManagement] INFO  server.RaftServerConfigKeys (ConfUtils.java:logGet(46)) - raft.server.log.statemachine.data.caching.enabled = true (custom)
2024-05-12 17:43:34,722 [fa054618-3a8f-49b0-93d4-5933c936b659-groupManagement] INFO  segmented.SegmentedRaftLogWorker (SegmentedRaftLogWorker.java:lambda$new$0(134)) - fa054618-3a8f-49b0-93d4-5933c936b659@group-29BBA51C16D7-SegmentedRaftLogWorker: flushIndex: setUnconditionally 0 -> -1
2024-05-12 17:43:34,722 [fa054618-3a8f-49b0-93d4-5933c936b659-groupManagement] INFO  segmented.SegmentedRaftLogWorker (SegmentedRaftLogWorker.java:lambda$new$0(134)) - fa054618-3a8f-49b0-93d4-5933c936b659@group-29BBA51C16D7-SegmentedRaftLogWorker: safeCacheEvictIndex: setUnconditionally 0 -> -1
2024-05-12 17:43:34,722 [fa054618-3a8f-49b0-93d4-5933c936b659-groupManagement] INFO  server.RaftServer$Division (RaftServerImpl.java:start(396)) - fa054618-3a8f-49b0-93d4-5933c936b659@group-29BBA51C16D7: start as a follower, conf=-1: peers:[93bda13b-2c91-401a-a9f5-fc4ebb9220da|127.0.0.1:15362, fa054618-3a8f-49b0-93d4-5933c936b659|127.0.0.1:15371, a33fd443-9c01-43ff-9618-b7376da7e75d|127.0.0.1:15389]|listeners:[], old=null
2024-05-12 17:43:34,722 [fa054618-3a8f-49b0-93d4-5933c936b659-groupManagement] INFO  server.RaftServer$Division (RaftServerImpl.java:setRole(383)) - fa054618-3a8f-49b0-93d4-5933c936b659@group-29BBA51C16D7: changes role from      null to FOLLOWER at term 0 for startAsFollower
2024-05-12 17:43:34,722 [fa054618-3a8f-49b0-93d4-5933c936b659-groupManagement] INFO  impl.RoleInfo (RoleInfo.java:updateAndGet(139)) - fa054618-3a8f-49b0-93d4-5933c936b659: start fa054618-3a8f-49b0-93d4-5933c936b659@group-29BBA51C16D7-FollowerState
2024-05-12 17:43:34,722 [fa054618-3a8f-49b0-93d4-5933c936b659-groupManagement] INFO  util.JmxRegister (JmxRegister.java:tryRegister(44)) - Successfully registered JMX Bean with object name Ratis:service=RaftServer,group=group-29BBA51C16D7,id=fa054618-3a8f-49b0-93d4-5933c936b659
2024-05-12 17:43:34,722 [fa054618-3a8f-49b0-93d4-5933c936b659-groupManagement] INFO  server.RaftServerConfigKeys (ConfUtils.java:logGet(46)) - raft.server.snapshot.trigger-when-stop.enabled = true (default)
2024-05-12 17:43:34,722 [fa054618-3a8f-49b0-93d4-5933c936b659-groupManagement] INFO  server.RaftServerConfigKeys (ConfUtils.java:logGet(46)) - raft.server.snapshot.auto.trigger.enabled = true (custom)
2024-05-12 17:43:34,722 [fa054618-3a8f-49b0-93d4-5933c936b659-groupManagement] INFO  server.RaftServerConfigKeys (ConfUtils.java:logGet(46)) - raft.server.snapshot.auto.trigger.threshold = 10000 (custom)
2024-05-12 17:43:34,722 [fa054618-3a8f-49b0-93d4-5933c936b659-groupManagement] INFO  server.RaftServerConfigKeys (ConfUtils.java:logGet(46)) - raft.server.snapshot.retention.file.num = 5 (custom)
2024-05-12 17:43:34,722 [fa054618-3a8f-49b0-93d4-5933c936b659-groupManagement] INFO  server.RaftServerConfigKeys (ConfUtils.java:logGet(46)) - raft.server.log.purge.upto.snapshot.index = false (default)
2024-05-12 17:43:34,722 [fa054618-3a8f-49b0-93d4-5933c936b659@group-29BBA51C16D7-FollowerState] INFO  server.RaftServerConfigKeys (ConfUtils.java:logFallback(53)) - raft.server.rpc.first-election.timeout.min = 1s (fallback to raft.server.rpc.timeout.min)
2024-05-12 17:43:34,723 [fa054618-3a8f-49b0-93d4-5933c936b659@group-29BBA51C16D7-FollowerState] INFO  server.RaftServerConfigKeys (ConfUtils.java:logFallback(53)) - raft.server.rpc.first-election.timeout.max = 1200ms (fallback to raft.server.rpc.timeout.max)
2024-05-12 17:43:34,724 [a33fd443-9c01-43ff-9618-b7376da7e75d-PipelineCommandHandlerThread-0] INFO  commandhandler.CreatePipelineCommandHandler (CreatePipelineCommandHandler.java:lambda$handle$2(124)) - Created Pipeline RATIS THREE PipelineID=af9510f2-7e0e-4293-b97d-29bba51c16d7.
2024-05-12 17:43:34,724 [a33fd443-9c01-43ff-9618-b7376da7e75d-PipelineCommandHandlerThread-0] INFO  server.RaftServer (RaftServerProxy.java:addNew(100)) - a33fd443-9c01-43ff-9618-b7376da7e75d: addNew group-6F96808B8C5E:[93bda13b-2c91-401a-a9f5-fc4ebb9220da|127.0.0.1:15362, fa054618-3a8f-49b0-93d4-5933c936b659|127.0.0.1:15371, a33fd443-9c01-43ff-9618-b7376da7e75d|127.0.0.1:15389] returns group-6F96808B8C5E:java.util.concurrent.CompletableFuture@31dbf015[Not completed]
2024-05-12 17:43:34,725 [a33fd443-9c01-43ff-9618-b7376da7e75d-groupManagement] INFO  server.RaftServer$Division (RaftServerImpl.java:<init>(256)) - a33fd443-9c01-43ff-9618-b7376da7e75d: new RaftServerImpl for group-6F96808B8C5E:[93bda13b-2c91-401a-a9f5-fc4ebb9220da|127.0.0.1:15362, fa054618-3a8f-49b0-93d4-5933c936b659|127.0.0.1:15371, a33fd443-9c01-43ff-9618-b7376da7e75d|127.0.0.1:15389] with ContainerStateMachine:uninitialized
2024-05-12 17:43:34,725 [a33fd443-9c01-43ff-9618-b7376da7e75d-groupManagement] INFO  server.RaftServerConfigKeys (ConfUtils.java:logGet(46)) - raft.server.rpc.timeout.min = 1s (custom)
2024-05-12 17:43:34,725 [a33fd443-9c01-43ff-9618-b7376da7e75d-groupManagement] INFO  server.RaftServerConfigKeys (ConfUtils.java:logGet(46)) - raft.server.rpc.timeout.max = 1200ms (custom)
2024-05-12 17:43:34,725 [a33fd443-9c01-43ff-9618-b7376da7e75d-groupManagement] INFO  server.RaftServerConfigKeys (ConfUtils.java:logGet(46)) - raft.server.rpc.sleep.time = 25ms (default)
2024-05-12 17:43:34,725 [a33fd443-9c01-43ff-9618-b7376da7e75d-groupManagement] INFO  server.RaftServerConfigKeys (ConfUtils.java:logGet(46)) - raft.server.rpc.slowness.timeout = 300000ms (custom)
2024-05-12 17:43:34,725 [a33fd443-9c01-43ff-9618-b7376da7e75d-groupManagement] INFO  server.RaftServerConfigKeys (ConfUtils.java:logGet(46)) - raft.server.leaderelection.leader.step-down.wait-time = 10s (default)
2024-05-12 17:43:34,726 [a33fd443-9c01-43ff-9618-b7376da7e75d-groupManagement] INFO  server.RaftServerConfigKeys (ConfUtils.java:logGet(46)) - raft.server.leaderelection.member.majority-add = false (default)
2024-05-12 17:43:34,726 [a33fd443-9c01-43ff-9618-b7376da7e75d-groupManagement] INFO  server.RaftServerConfigKeys (ConfUtils.java:logGet(46)) - raft.server.sleep.deviation.threshold = 300ms (default)
2024-05-12 17:43:34,726 [a33fd443-9c01-43ff-9618-b7376da7e75d-groupManagement] INFO  server.RaftServer$Division (ServerState.java:<init>(113)) - a33fd443-9c01-43ff-9618-b7376da7e75d@group-6F96808B8C5E: ConfigurationManager, init=-1: peers:[93bda13b-2c91-401a-a9f5-fc4ebb9220da|127.0.0.1:15362, fa054618-3a8f-49b0-93d4-5933c936b659|127.0.0.1:15371, a33fd443-9c01-43ff-9618-b7376da7e75d|127.0.0.1:15389]|listeners:[], old=null, confs=<EMPTY_MAP>
2024-05-12 17:43:34,726 [a33fd443-9c01-43ff-9618-b7376da7e75d-groupManagement] INFO  server.RaftServerConfigKeys (ConfUtils.java:logGet(46)) - raft.server.notification.no-leader.timeout = 300000ms (custom)
2024-05-12 17:43:34,726 [a33fd443-9c01-43ff-9618-b7376da7e75d-groupManagement] INFO  server.RaftServerConfigKeys (ConfUtils.java:logGet(46)) - raft.server.read.timeout = 10s (default)
2024-05-12 17:43:34,726 [a33fd443-9c01-43ff-9618-b7376da7e75d-groupManagement] INFO  server.RaftServerConfigKeys (ConfUtils.java:logGet(46)) - raft.server.retrycache.expirytime = 600000ms (custom)
2024-05-12 17:43:34,726 [a33fd443-9c01-43ff-9618-b7376da7e75d-groupManagement] INFO  server.RaftServerConfigKeys (ConfUtils.java:logGet(46)) - raft.server.retrycache.statistics.expirytime = 100ms (default)
2024-05-12 17:43:34,726 [a33fd443-9c01-43ff-9618-b7376da7e75d-groupManagement] INFO  server.RaftServerConfigKeys (ConfUtils.java:logGet(46)) - raft.server.read.option = DEFAULT (default)
2024-05-12 17:43:34,726 [a33fd443-9c01-43ff-9618-b7376da7e75d-groupManagement] INFO  server.RaftServerConfigKeys (ConfUtils.java:logGet(46)) - raft.server.read.read-after-write-consistent.write-index-cache.expiry-time = 60s (default)
2024-05-12 17:43:34,727 [a33fd443-9c01-43ff-9618-b7376da7e75d-groupManagement] INFO  server.RaftServerConfigKeys (ConfUtils.java:logGet(46)) - raft.server.rpc.request.timeout = 3000ms (default)
2024-05-12 17:43:34,727 [a33fd443-9c01-43ff-9618-b7376da7e75d-groupManagement] INFO  server.RaftServerConfigKeys (ConfUtils.java:logGet(46)) - raft.server.log.appender.install.snapshot.enabled = false (custom)
2024-05-12 17:43:34,727 [a33fd443-9c01-43ff-9618-b7376da7e75d-groupManagement] INFO  server.RaftServerConfigKeys (ConfUtils.java:logGet(46)) - raft.server.threadpool.server.cached = true (default)
2024-05-12 17:43:34,727 [a33fd443-9c01-43ff-9618-b7376da7e75d-groupManagement] INFO  server.RaftServerConfigKeys (ConfUtils.java:logGet(46)) - raft.server.threadpool.server.size = 0 (default)
2024-05-12 17:43:34,728 [a33fd443-9c01-43ff-9618-b7376da7e75d-groupManagement] INFO  server.RaftServerConfigKeys (ConfUtils.java:logGet(46)) - raft.server.threadpool.client.cached = true (default)
2024-05-12 17:43:34,728 [a33fd443-9c01-43ff-9618-b7376da7e75d-groupManagement] INFO  server.RaftServerConfigKeys (ConfUtils.java:logGet(46)) - raft.server.threadpool.client.size = 0 (default)
2024-05-12 17:43:34,728 [a33fd443-9c01-43ff-9618-b7376da7e75d-groupManagement] INFO  server.RaftServerConfigKeys (ConfUtils.java:logGet(46)) - raft.server.storage.free-space.min = 0MB (=0) (default)
2024-05-12 17:43:34,728 [a33fd443-9c01-43ff-9618-b7376da7e75d-groupManagement] INFO  server.RaftServerConfigKeys (ConfUtils.java:logGet(46)) - raft.server.log.corruption.policy = EXCEPTION (default)
2024-05-12 17:43:34,728 [a33fd443-9c01-43ff-9618-b7376da7e75d-groupManagement] INFO  server.RaftServerConfigKeys (ConfUtils.java:logGet(46)) - raft.server.storage.dir = [/home/runner/work/ozone/ozone/hadoop-ozone/integration-test/target/test-dir/MiniOzoneClusterImpl-71ef5771-1bca-432b-8888-38dc3c8d5d63/ozone-meta/datanode-10/ratis] (custom)
2024-05-12 17:43:34,728 [a33fd443-9c01-43ff-9618-b7376da7e75d-groupManagement] INFO  storage.RaftStorageDirectory (RaftStorageDirectoryImpl.java:analyzeStorage(138)) - The storage directory /home/runner/work/ozone/ozone/hadoop-ozone/integration-test/target/test-dir/MiniOzoneClusterImpl-71ef5771-1bca-432b-8888-38dc3c8d5d63/ozone-meta/datanode-10/ratis/28b3b979-6b86-4294-a0ef-6f96808b8c5e does not exist. Creating ...
2024-05-12 17:43:34,729 [a33fd443-9c01-43ff-9618-b7376da7e75d-groupManagement] INFO  storage.RaftStorageDirectory (RaftStorageDirectoryImpl.java:tryLock(228)) - Lock on /home/runner/work/ozone/ozone/hadoop-ozone/integration-test/target/test-dir/MiniOzoneClusterImpl-71ef5771-1bca-432b-8888-38dc3c8d5d63/ozone-meta/datanode-10/ratis/28b3b979-6b86-4294-a0ef-6f96808b8c5e/in_use.lock acquired by nodename 12547@fv-az576-466
2024-05-12 17:43:34,730 [a33fd443-9c01-43ff-9618-b7376da7e75d-groupManagement] INFO  storage.RaftStorage (RaftStorageImpl.java:format(99)) - Storage directory /home/runner/work/ozone/ozone/hadoop-ozone/integration-test/target/test-dir/MiniOzoneClusterImpl-71ef5771-1bca-432b-8888-38dc3c8d5d63/ozone-meta/datanode-10/ratis/28b3b979-6b86-4294-a0ef-6f96808b8c5e has been successfully formatted.
2024-05-12 17:43:34,730 [a33fd443-9c01-43ff-9618-b7376da7e75d-groupManagement] WARN  util.FileUtils (LogUtils.java:supplyAndLog(63)) - Failed to Files.newInputStream /home/runner/work/ozone/ozone/hadoop-ozone/integration-test/target/test-dir/MiniOzoneClusterImpl-71ef5771-1bca-432b-8888-38dc3c8d5d63/ozone-meta/datanode-10/ratis/28b3b979-6b86-4294-a0ef-6f96808b8c5e/current/raft-meta.conf with options []: java.nio.file.NoSuchFileException: /home/runner/work/ozone/ozone/hadoop-ozone/integration-test/target/test-dir/MiniOzoneClusterImpl-71ef5771-1bca-432b-8888-38dc3c8d5d63/ozone-meta/datanode-10/ratis/28b3b979-6b86-4294-a0ef-6f96808b8c5e/current/raft-meta.conf
2024-05-12 17:43:34,730 [a33fd443-9c01-43ff-9618-b7376da7e75d-groupManagement] INFO  ratis.ContainerStateMachine (ContainerStateMachine.java:loadSnapshot(287)) - group-6F96808B8C5E: The snapshot info is null. Setting the last applied index to:(t:0, i:~)
2024-05-12 17:43:34,730 [a33fd443-9c01-43ff-9618-b7376da7e75d-groupManagement] INFO  server.RaftServerConfigKeys (ConfUtils.java:logGet(46)) - raft.server.log.use.memory = false (default)
2024-05-12 17:43:34,730 [a33fd443-9c01-43ff-9618-b7376da7e75d-groupManagement] INFO  server.RaftServerConfigKeys (ConfUtils.java:logGet(46)) - raft.server.log.purge.gap = 1000000 (custom)
2024-05-12 17:43:34,730 [a33fd443-9c01-43ff-9618-b7376da7e75d-groupManagement] INFO  server.RaftServerConfigKeys (ConfUtils.java:logGet(46)) - raft.server.log.appender.buffer.byte-limit = 8388608 (custom)
2024-05-12 17:43:34,730 [a33fd443-9c01-43ff-9618-b7376da7e75d-groupManagement] INFO  server.RaftServerConfigKeys (ConfUtils.java:logGet(46)) - raft.server.log.statemachine.data.read.timeout = 1000ms (default)
2024-05-12 17:43:34,730 [a33fd443-9c01-43ff-9618-b7376da7e75d-groupManagement] INFO  server.RaftServerConfigKeys (ConfUtils.java:logGet(46)) - raft.server.log.purge.preservation.log.num = 0 (default)
2024-05-12 17:43:34,731 [a33fd443-9c01-43ff-9618-b7376da7e75d-groupManagement] INFO  server.RaftServerConfigKeys (ConfUtils.java:logGet(46)) - raft.server.log.segment.size.max = 67108864 (custom)
2024-05-12 17:43:34,732 [a33fd443-9c01-43ff-9618-b7376da7e75d-groupManagement] INFO  server.RaftServerConfigKeys (ConfUtils.java:logGet(46)) - raft.server.log.segment.cache.num.max = 2 (custom)
2024-05-12 17:43:34,732 [a33fd443-9c01-43ff-9618-b7376da7e75d-groupManagement] INFO  server.RaftServerConfigKeys (ConfUtils.java:logGet(46)) - raft.server.log.segment.cache.size.max = 200MB (=209715200) (default)
2024-05-12 17:43:34,732 [a33fd443-9c01-43ff-9618-b7376da7e75d-groupManagement] INFO  server.RaftServerConfigKeys (ConfUtils.java:logGet(46)) - raft.server.log.appender.buffer.byte-limit = 8388608 (custom)
2024-05-12 17:43:34,732 [a33fd443-9c01-43ff-9618-b7376da7e75d-groupManagement] INFO  util.AwaitToRun (AwaitToRun.java:start(81)) - Thread[a33fd443-9c01-43ff-9618-b7376da7e75d@group-6F96808B8C5E-cacheEviction-AwaitToRun,5,main] started
2024-05-12 17:43:34,733 [a33fd443-9c01-43ff-9618-b7376da7e75d-groupManagement] INFO  segmented.SegmentedRaftLogWorker (SegmentedRaftLogWorker.java:<init>(182)) - new a33fd443-9c01-43ff-9618-b7376da7e75d@group-6F96808B8C5E-SegmentedRaftLogWorker for RaftStorageImpl:Storage Directory /home/runner/work/ozone/ozone/hadoop-ozone/integration-test/target/test-dir/MiniOzoneClusterImpl-71ef5771-1bca-432b-8888-38dc3c8d5d63/ozone-meta/datanode-10/ratis/28b3b979-6b86-4294-a0ef-6f96808b8c5e
2024-05-12 17:43:34,733 [a33fd443-9c01-43ff-9618-b7376da7e75d-groupManagement] INFO  server.RaftServerConfigKeys (ConfUtils.java:logGet(46)) - raft.server.log.queue.byte-limit = 4294967296 (custom)
2024-05-12 17:43:34,733 [a33fd443-9c01-43ff-9618-b7376da7e75d-groupManagement] INFO  server.RaftServerConfigKeys (ConfUtils.java:logGet(46)) - raft.server.log.queue.element-limit = 1024 (custom)
2024-05-12 17:43:34,733 [a33fd443-9c01-43ff-9618-b7376da7e75d-groupManagement] INFO  server.RaftServerConfigKeys (ConfUtils.java:logGet(46)) - raft.server.log.segment.size.max = 67108864 (custom)
2024-05-12 17:43:34,733 [a33fd443-9c01-43ff-9618-b7376da7e75d-groupManagement] INFO  server.RaftServerConfigKeys (ConfUtils.java:logGet(46)) - raft.server.log.preallocated.size = 4194304 (custom)
2024-05-12 17:43:34,733 [a33fd443-9c01-43ff-9618-b7376da7e75d-groupManagement] INFO  server.RaftServerConfigKeys (ConfUtils.java:logGet(46)) - raft.server.log.force.sync.num = 128 (default)
2024-05-12 17:43:34,733 [a33fd443-9c01-43ff-9618-b7376da7e75d-groupManagement] INFO  server.RaftServerConfigKeys (ConfUtils.java:logGet(46)) - raft.server.log.statemachine.data.sync = true (default)
2024-05-12 17:43:34,733 [a33fd443-9c01-43ff-9618-b7376da7e75d-groupManagement] INFO  server.RaftServerConfigKeys (ConfUtils.java:logGet(46)) - raft.server.log.statemachine.data.sync.timeout = 10s (default)
2024-05-12 17:43:34,733 [a33fd443-9c01-43ff-9618-b7376da7e75d-groupManagement] INFO  server.RaftServerConfigKeys (ConfUtils.java:logGet(46)) - raft.server.log.statemachine.data.sync.timeout.retry = 30 (custom)
2024-05-12 17:43:34,733 [a33fd443-9c01-43ff-9618-b7376da7e75d-groupManagement] INFO  server.RaftServerConfigKeys (ConfUtils.java:logGet(46)) - raft.server.log.write.buffer.size = 8388616 (custom)
2024-05-12 17:43:34,735 [a33fd443-9c01-43ff-9618-b7376da7e75d-groupManagement] INFO  server.RaftServerConfigKeys (ConfUtils.java:logGet(46)) - raft.server.log.appender.buffer.byte-limit = 8388608 (custom)
2024-05-12 17:43:34,735 [a33fd443-9c01-43ff-9618-b7376da7e75d-groupManagement] INFO  server.RaftServerConfigKeys (ConfUtils.java:logGet(46)) - raft.server.log.unsafe-flush.enabled = false (default)
2024-05-12 17:43:34,735 [a33fd443-9c01-43ff-9618-b7376da7e75d-groupManagement] INFO  server.RaftServerConfigKeys (ConfUtils.java:logGet(46)) - raft.server.log.async-flush.enabled = false (default)
2024-05-12 17:43:34,735 [a33fd443-9c01-43ff-9618-b7376da7e75d-groupManagement] INFO  server.RaftServerConfigKeys (ConfUtils.java:logGet(46)) - raft.server.log.statemachine.data.caching.enabled = true (custom)
2024-05-12 17:43:34,735 [a33fd443-9c01-43ff-9618-b7376da7e75d-groupManagement] INFO  segmented.SegmentedRaftLogWorker (SegmentedRaftLogWorker.java:lambda$new$0(134)) - a33fd443-9c01-43ff-9618-b7376da7e75d@group-6F96808B8C5E-SegmentedRaftLogWorker: flushIndex: setUnconditionally 0 -> -1
2024-05-12 17:43:34,735 [a33fd443-9c01-43ff-9618-b7376da7e75d-groupManagement] INFO  segmented.SegmentedRaftLogWorker (SegmentedRaftLogWorker.java:lambda$new$0(134)) - a33fd443-9c01-43ff-9618-b7376da7e75d@group-6F96808B8C5E-SegmentedRaftLogWorker: safeCacheEvictIndex: setUnconditionally 0 -> -1
2024-05-12 17:43:34,735 [a33fd443-9c01-43ff-9618-b7376da7e75d-groupManagement] INFO  server.RaftServer$Division (RaftServerImpl.java:start(396)) - a33fd443-9c01-43ff-9618-b7376da7e75d@group-6F96808B8C5E: start as a follower, conf=-1: peers:[93bda13b-2c91-401a-a9f5-fc4ebb9220da|127.0.0.1:15362, fa054618-3a8f-49b0-93d4-5933c936b659|127.0.0.1:15371, a33fd443-9c01-43ff-9618-b7376da7e75d|127.0.0.1:15389]|listeners:[], old=null
2024-05-12 17:43:34,735 [a33fd443-9c01-43ff-9618-b7376da7e75d-groupManagement] INFO  server.RaftServer$Division (RaftServerImpl.java:setRole(383)) - a33fd443-9c01-43ff-9618-b7376da7e75d@group-6F96808B8C5E: changes role from      null to FOLLOWER at term 0 for startAsFollower
2024-05-12 17:43:34,735 [a33fd443-9c01-43ff-9618-b7376da7e75d-groupManagement] INFO  impl.RoleInfo (RoleInfo.java:updateAndGet(139)) - a33fd443-9c01-43ff-9618-b7376da7e75d: start a33fd443-9c01-43ff-9618-b7376da7e75d@group-6F96808B8C5E-FollowerState
2024-05-12 17:43:34,738 [a33fd443-9c01-43ff-9618-b7376da7e75d@group-6F96808B8C5E-FollowerState] INFO  server.RaftServerConfigKeys (ConfUtils.java:logFallback(53)) - raft.server.rpc.first-election.timeout.min = 1s (fallback to raft.server.rpc.timeout.min)
2024-05-12 17:43:34,738 [a33fd443-9c01-43ff-9618-b7376da7e75d-groupManagement] INFO  util.JmxRegister (JmxRegister.java:tryRegister(44)) - Successfully registered JMX Bean with object name Ratis:service=RaftServer,group=group-6F96808B8C5E,id=a33fd443-9c01-43ff-9618-b7376da7e75d
2024-05-12 17:43:34,739 [a33fd443-9c01-43ff-9618-b7376da7e75d-groupManagement] INFO  server.RaftServerConfigKeys (ConfUtils.java:logGet(46)) - raft.server.snapshot.trigger-when-stop.enabled = true (default)
2024-05-12 17:43:34,739 [a33fd443-9c01-43ff-9618-b7376da7e75d-groupManagement] INFO  server.RaftServerConfigKeys (ConfUtils.java:logGet(46)) - raft.server.snapshot.auto.trigger.enabled = true (custom)
2024-05-12 17:43:34,739 [a33fd443-9c01-43ff-9618-b7376da7e75d-groupManagement] INFO  server.RaftServerConfigKeys (ConfUtils.java:logGet(46)) - raft.server.snapshot.auto.trigger.threshold = 10000 (custom)
2024-05-12 17:43:34,739 [a33fd443-9c01-43ff-9618-b7376da7e75d-groupManagement] INFO  server.RaftServerConfigKeys (ConfUtils.java:logGet(46)) - raft.server.snapshot.retention.file.num = 5 (custom)
2024-05-12 17:43:34,739 [a33fd443-9c01-43ff-9618-b7376da7e75d-groupManagement] INFO  server.RaftServerConfigKeys (ConfUtils.java:logGet(46)) - raft.server.log.purge.upto.snapshot.index = false (default)
2024-05-12 17:43:34,739 [a33fd443-9c01-43ff-9618-b7376da7e75d@group-6F96808B8C5E-FollowerState] INFO  server.RaftServerConfigKeys (ConfUtils.java:logFallback(53)) - raft.server.rpc.first-election.timeout.max = 1200ms (fallback to raft.server.rpc.timeout.max)
2024-05-12 17:43:34,739 [a33fd443-9c01-43ff-9618-b7376da7e75d-PipelineCommandHandlerThread-0] INFO  ratis.XceiverServerRatis (XceiverServerRatis.java:addGroup(864)) - Created group PipelineID=28b3b979-6b86-4294-a0ef-6f96808b8c5e
2024-05-12 17:43:34,743 [grpc-default-executor-0] INFO  server.RaftServer (RaftServerProxy.java:addNew(100)) - 93bda13b-2c91-401a-a9f5-fc4ebb9220da: addNew group-6F96808B8C5E:[93bda13b-2c91-401a-a9f5-fc4ebb9220da|127.0.0.1:15362, fa054618-3a8f-49b0-93d4-5933c936b659|127.0.0.1:15371, a33fd443-9c01-43ff-9618-b7376da7e75d|127.0.0.1:15389] returns group-6F96808B8C5E:java.util.concurrent.CompletableFuture@6c2f7f67[Not completed]
2024-05-12 17:43:34,744 [93bda13b-2c91-401a-a9f5-fc4ebb9220da-groupManagement] INFO  server.RaftServer$Division (RaftServerImpl.java:<init>(256)) - 93bda13b-2c91-401a-a9f5-fc4ebb9220da: new RaftServerImpl for group-6F96808B8C5E:[93bda13b-2c91-401a-a9f5-fc4ebb9220da|127.0.0.1:15362, fa054618-3a8f-49b0-93d4-5933c936b659|127.0.0.1:15371, a33fd443-9c01-43ff-9618-b7376da7e75d|127.0.0.1:15389] with ContainerStateMachine:uninitialized
2024-05-12 17:43:34,744 [93bda13b-2c91-401a-a9f5-fc4ebb9220da-groupManagement] INFO  server.RaftServerConfigKeys (ConfUtils.java:logGet(46)) - raft.server.rpc.timeout.min = 1s (custom)
2024-05-12 17:43:34,744 [93bda13b-2c91-401a-a9f5-fc4ebb9220da-groupManagement] INFO  server.RaftServerConfigKeys (ConfUtils.java:logGet(46)) - raft.server.rpc.timeout.max = 1200ms (custom)
2024-05-12 17:43:34,744 [93bda13b-2c91-401a-a9f5-fc4ebb9220da-groupManagement] INFO  server.RaftServerConfigKeys (ConfUtils.java:logGet(46)) - raft.server.rpc.sleep.time = 25ms (default)
2024-05-12 17:43:34,744 [93bda13b-2c91-401a-a9f5-fc4ebb9220da-groupManagement] INFO  server.RaftServerConfigKeys (ConfUtils.java:logGet(46)) - raft.server.rpc.slowness.timeout = 300000ms (custom)
2024-05-12 17:43:34,744 [93bda13b-2c91-401a-a9f5-fc4ebb9220da-groupManagement] INFO  server.RaftServerConfigKeys (ConfUtils.java:logGet(46)) - raft.server.leaderelection.leader.step-down.wait-time = 10s (default)
2024-05-12 17:43:34,744 [93bda13b-2c91-401a-a9f5-fc4ebb9220da-groupManagement] INFO  server.RaftServerConfigKeys (ConfUtils.java:logGet(46)) - raft.server.leaderelection.member.majority-add = false (default)
2024-05-12 17:43:34,744 [93bda13b-2c91-401a-a9f5-fc4ebb9220da-groupManagement] INFO  server.RaftServerConfigKeys (ConfUtils.java:logGet(46)) - raft.server.sleep.deviation.threshold = 300ms (default)
2024-05-12 17:43:34,744 [93bda13b-2c91-401a-a9f5-fc4ebb9220da-groupManagement] INFO  server.RaftServer$Division (ServerState.java:<init>(113)) - 93bda13b-2c91-401a-a9f5-fc4ebb9220da@group-6F96808B8C5E: ConfigurationManager, init=-1: peers:[93bda13b-2c91-401a-a9f5-fc4ebb9220da|127.0.0.1:15362, fa054618-3a8f-49b0-93d4-5933c936b659|127.0.0.1:15371, a33fd443-9c01-43ff-9618-b7376da7e75d|127.0.0.1:15389]|listeners:[], old=null, confs=<EMPTY_MAP>
2024-05-12 17:43:34,744 [93bda13b-2c91-401a-a9f5-fc4ebb9220da-groupManagement] INFO  server.RaftServerConfigKeys (ConfUtils.java:logGet(46)) - raft.server.notification.no-leader.timeout = 300000ms (custom)
2024-05-12 17:43:34,744 [93bda13b-2c91-401a-a9f5-fc4ebb9220da-groupManagement] INFO  server.RaftServerConfigKeys (ConfUtils.java:logGet(46)) - raft.server.read.timeout = 10s (default)
2024-05-12 17:43:34,744 [93bda13b-2c91-401a-a9f5-fc4ebb9220da-groupManagement] INFO  server.RaftServerConfigKeys (ConfUtils.java:logGet(46)) - raft.server.retrycache.expirytime = 600000ms (custom)
2024-05-12 17:43:34,744 [93bda13b-2c91-401a-a9f5-fc4ebb9220da-groupManagement] INFO  server.RaftServerConfigKeys (ConfUtils.java:logGet(46)) - raft.server.retrycache.statistics.expirytime = 100ms (default)
2024-05-12 17:43:34,744 [93bda13b-2c91-401a-a9f5-fc4ebb9220da-groupManagement] INFO  server.RaftServerConfigKeys (ConfUtils.java:logGet(46)) - raft.server.read.option = DEFAULT (default)
2024-05-12 17:43:34,744 [93bda13b-2c91-401a-a9f5-fc4ebb9220da-groupManagement] INFO  server.RaftServerConfigKeys (ConfUtils.java:logGet(46)) - raft.server.read.read-after-write-consistent.write-index-cache.expiry-time = 60s (default)
2024-05-12 17:43:34,748 [93bda13b-2c91-401a-a9f5-fc4ebb9220da-groupManagement] INFO  server.RaftServerConfigKeys (ConfUtils.java:logGet(46)) - raft.server.rpc.request.timeout = 3000ms (default)
2024-05-12 17:43:34,748 [93bda13b-2c91-401a-a9f5-fc4ebb9220da-groupManagement] INFO  server.RaftServerConfigKeys (ConfUtils.java:logGet(46)) - raft.server.log.appender.install.snapshot.enabled = false (custom)
2024-05-12 17:43:34,748 [93bda13b-2c91-401a-a9f5-fc4ebb9220da-groupManagement] INFO  server.RaftServerConfigKeys (ConfUtils.java:logGet(46)) - raft.server.threadpool.server.cached = true (default)
2024-05-12 17:43:34,748 [93bda13b-2c91-401a-a9f5-fc4ebb9220da-groupManagement] INFO  server.RaftServerConfigKeys (ConfUtils.java:logGet(46)) - raft.server.threadpool.server.size = 0 (default)
2024-05-12 17:43:34,748 [93bda13b-2c91-401a-a9f5-fc4ebb9220da-groupManagement] INFO  server.RaftServerConfigKeys (ConfUtils.java:logGet(46)) - raft.server.threadpool.client.cached = true (default)
2024-05-12 17:43:34,748 [93bda13b-2c91-401a-a9f5-fc4ebb9220da-groupManagement] INFO  server.RaftServerConfigKeys (ConfUtils.java:logGet(46)) - raft.server.threadpool.client.size = 0 (default)
2024-05-12 17:43:34,748 [93bda13b-2c91-401a-a9f5-fc4ebb9220da-groupManagement] INFO  server.RaftServerConfigKeys (ConfUtils.java:logGet(46)) - raft.server.storage.free-space.min = 0MB (=0) (default)
2024-05-12 17:43:34,748 [93bda13b-2c91-401a-a9f5-fc4ebb9220da-groupManagement] INFO  server.RaftServerConfigKeys (ConfUtils.java:logGet(46)) - raft.server.log.corruption.policy = EXCEPTION (default)
2024-05-12 17:43:34,748 [93bda13b-2c91-401a-a9f5-fc4ebb9220da-groupManagement] INFO  server.RaftServerConfigKeys (ConfUtils.java:logGet(46)) - raft.server.storage.dir = [/home/runner/work/ozone/ozone/hadoop-ozone/integration-test/target/test-dir/MiniOzoneClusterImpl-71ef5771-1bca-432b-8888-38dc3c8d5d63/ozone-meta/datanode-7/ratis] (custom)
2024-05-12 17:43:34,749 [93bda13b-2c91-401a-a9f5-fc4ebb9220da-groupManagement] INFO  storage.RaftStorageDirectory (RaftStorageDirectoryImpl.java:analyzeStorage(138)) - The storage directory /home/runner/work/ozone/ozone/hadoop-ozone/integration-test/target/test-dir/MiniOzoneClusterImpl-71ef5771-1bca-432b-8888-38dc3c8d5d63/ozone-meta/datanode-7/ratis/28b3b979-6b86-4294-a0ef-6f96808b8c5e does not exist. Creating ...
2024-05-12 17:43:34,750 [93bda13b-2c91-401a-a9f5-fc4ebb9220da-groupManagement] INFO  storage.RaftStorageDirectory (RaftStorageDirectoryImpl.java:tryLock(228)) - Lock on /home/runner/work/ozone/ozone/hadoop-ozone/integration-test/target/test-dir/MiniOzoneClusterImpl-71ef5771-1bca-432b-8888-38dc3c8d5d63/ozone-meta/datanode-7/ratis/28b3b979-6b86-4294-a0ef-6f96808b8c5e/in_use.lock acquired by nodename 12547@fv-az576-466
2024-05-12 17:43:34,750 [93bda13b-2c91-401a-a9f5-fc4ebb9220da-groupManagement] INFO  storage.RaftStorage (RaftStorageImpl.java:format(99)) - Storage directory /home/runner/work/ozone/ozone/hadoop-ozone/integration-test/target/test-dir/MiniOzoneClusterImpl-71ef5771-1bca-432b-8888-38dc3c8d5d63/ozone-meta/datanode-7/ratis/28b3b979-6b86-4294-a0ef-6f96808b8c5e has been successfully formatted.
2024-05-12 17:43:34,751 [93bda13b-2c91-401a-a9f5-fc4ebb9220da-groupManagement] WARN  util.FileUtils (LogUtils.java:supplyAndLog(63)) - Failed to Files.newInputStream /home/runner/work/ozone/ozone/hadoop-ozone/integration-test/target/test-dir/MiniOzoneClusterImpl-71ef5771-1bca-432b-8888-38dc3c8d5d63/ozone-meta/datanode-7/ratis/28b3b979-6b86-4294-a0ef-6f96808b8c5e/current/raft-meta.conf with options []: java.nio.file.NoSuchFileException: /home/runner/work/ozone/ozone/hadoop-ozone/integration-test/target/test-dir/MiniOzoneClusterImpl-71ef5771-1bca-432b-8888-38dc3c8d5d63/ozone-meta/datanode-7/ratis/28b3b979-6b86-4294-a0ef-6f96808b8c5e/current/raft-meta.conf
2024-05-12 17:43:34,751 [93bda13b-2c91-401a-a9f5-fc4ebb9220da-groupManagement] INFO  ratis.ContainerStateMachine (ContainerStateMachine.java:loadSnapshot(287)) - group-6F96808B8C5E: The snapshot info is null. Setting the last applied index to:(t:0, i:~)
2024-05-12 17:43:34,751 [93bda13b-2c91-401a-a9f5-fc4ebb9220da-groupManagement] INFO  server.RaftServerConfigKeys (ConfUtils.java:logGet(46)) - raft.server.log.use.memory = false (default)
2024-05-12 17:43:34,751 [93bda13b-2c91-401a-a9f5-fc4ebb9220da-groupManagement] INFO  server.RaftServerConfigKeys (ConfUtils.java:logGet(46)) - raft.server.log.purge.gap = 1000000 (custom)
2024-05-12 17:43:34,751 [93bda13b-2c91-401a-a9f5-fc4ebb9220da-groupManagement] INFO  server.RaftServerConfigKeys (ConfUtils.java:logGet(46)) - raft.server.log.appender.buffer.byte-limit = 8388608 (custom)
2024-05-12 17:43:34,751 [93bda13b-2c91-401a-a9f5-fc4ebb9220da-groupManagement] INFO  server.RaftServerConfigKeys (ConfUtils.java:logGet(46)) - raft.server.log.statemachine.data.read.timeout = 1000ms (default)
2024-05-12 17:43:34,751 [93bda13b-2c91-401a-a9f5-fc4ebb9220da-groupManagement] INFO  server.RaftServerConfigKeys (ConfUtils.java:logGet(46)) - raft.server.log.purge.preservation.log.num = 0 (default)
2024-05-12 17:43:34,753 [93bda13b-2c91-401a-a9f5-fc4ebb9220da-groupManagement] INFO  server.RaftServerConfigKeys (ConfUtils.java:logGet(46)) - raft.server.log.segment.size.max = 67108864 (custom)
2024-05-12 17:43:34,753 [93bda13b-2c91-401a-a9f5-fc4ebb9220da-groupManagement] INFO  server.RaftServerConfigKeys (ConfUtils.java:logGet(46)) - raft.server.log.segment.cache.num.max = 2 (custom)
2024-05-12 17:43:34,753 [93bda13b-2c91-401a-a9f5-fc4ebb9220da-groupManagement] INFO  server.RaftServerConfigKeys (ConfUtils.java:logGet(46)) - raft.server.log.segment.cache.size.max = 200MB (=209715200) (default)
2024-05-12 17:43:34,753 [93bda13b-2c91-401a-a9f5-fc4ebb9220da-groupManagement] INFO  server.RaftServerConfigKeys (ConfUtils.java:logGet(46)) - raft.server.log.appender.buffer.byte-limit = 8388608 (custom)
2024-05-12 17:43:34,753 [93bda13b-2c91-401a-a9f5-fc4ebb9220da-groupManagement] INFO  util.AwaitToRun (AwaitToRun.java:start(81)) - Thread[93bda13b-2c91-401a-a9f5-fc4ebb9220da@group-6F96808B8C5E-cacheEviction-AwaitToRun,5,main] started
2024-05-12 17:43:34,753 [93bda13b-2c91-401a-a9f5-fc4ebb9220da-groupManagement] INFO  segmented.SegmentedRaftLogWorker (SegmentedRaftLogWorker.java:<init>(182)) - new 93bda13b-2c91-401a-a9f5-fc4ebb9220da@group-6F96808B8C5E-SegmentedRaftLogWorker for RaftStorageImpl:Storage Directory /home/runner/work/ozone/ozone/hadoop-ozone/integration-test/target/test-dir/MiniOzoneClusterImpl-71ef5771-1bca-432b-8888-38dc3c8d5d63/ozone-meta/datanode-7/ratis/28b3b979-6b86-4294-a0ef-6f96808b8c5e
2024-05-12 17:43:34,754 [93bda13b-2c91-401a-a9f5-fc4ebb9220da-groupManagement] INFO  server.RaftServerConfigKeys (ConfUtils.java:logGet(46)) - raft.server.log.queue.byte-limit = 4294967296 (custom)
2024-05-12 17:43:34,754 [93bda13b-2c91-401a-a9f5-fc4ebb9220da-groupManagement] INFO  server.RaftServerConfigKeys (ConfUtils.java:logGet(46)) - raft.server.log.queue.element-limit = 1024 (custom)
2024-05-12 17:43:34,754 [93bda13b-2c91-401a-a9f5-fc4ebb9220da-groupManagement] INFO  server.RaftServerConfigKeys (ConfUtils.java:logGet(46)) - raft.server.log.segment.size.max = 67108864 (custom)
2024-05-12 17:43:34,754 [93bda13b-2c91-401a-a9f5-fc4ebb9220da-groupManagement] INFO  server.RaftServerConfigKeys (ConfUtils.java:logGet(46)) - raft.server.log.preallocated.size = 4194304 (custom)
2024-05-12 17:43:34,754 [93bda13b-2c91-401a-a9f5-fc4ebb9220da-groupManagement] INFO  server.RaftServerConfigKeys (ConfUtils.java:logGet(46)) - raft.server.log.force.sync.num = 128 (default)
2024-05-12 17:43:34,754 [93bda13b-2c91-401a-a9f5-fc4ebb9220da-groupManagement] INFO  server.RaftServerConfigKeys (ConfUtils.java:logGet(46)) - raft.server.log.statemachine.data.sync = true (default)
2024-05-12 17:43:34,754 [93bda13b-2c91-401a-a9f5-fc4ebb9220da-groupManagement] INFO  server.RaftServerConfigKeys (ConfUtils.java:logGet(46)) - raft.server.log.statemachine.data.sync.timeout = 10s (default)
2024-05-12 17:43:34,754 [93bda13b-2c91-401a-a9f5-fc4ebb9220da-groupManagement] INFO  server.RaftServerConfigKeys (ConfUtils.java:logGet(46)) - raft.server.log.statemachine.data.sync.timeout.retry = 30 (custom)
2024-05-12 17:43:34,754 [93bda13b-2c91-401a-a9f5-fc4ebb9220da-groupManagement] INFO  server.RaftServerConfigKeys (ConfUtils.java:logGet(46)) - raft.server.log.write.buffer.size = 8388616 (custom)
2024-05-12 17:43:34,756 [93bda13b-2c91-401a-a9f5-fc4ebb9220da-groupManagement] INFO  server.RaftServerConfigKeys (ConfUtils.java:logGet(46)) - raft.server.log.appender.buffer.byte-limit = 8388608 (custom)
2024-05-12 17:43:34,756 [93bda13b-2c91-401a-a9f5-fc4ebb9220da-groupManagement] INFO  server.RaftServerConfigKeys (ConfUtils.java:logGet(46)) - raft.server.log.unsafe-flush.enabled = false (default)
2024-05-12 17:43:34,756 [93bda13b-2c91-401a-a9f5-fc4ebb9220da-groupManagement] INFO  server.RaftServerConfigKeys (ConfUtils.java:logGet(46)) - raft.server.log.async-flush.enabled = false (default)
2024-05-12 17:43:34,756 [93bda13b-2c91-401a-a9f5-fc4ebb9220da-groupManagement] INFO  server.RaftServerConfigKeys (ConfUtils.java:logGet(46)) - raft.server.log.statemachine.data.caching.enabled = true (custom)
2024-05-12 17:43:34,756 [93bda13b-2c91-401a-a9f5-fc4ebb9220da-groupManagement] INFO  segmented.SegmentedRaftLogWorker (SegmentedRaftLogWorker.java:lambda$new$0(134)) - 93bda13b-2c91-401a-a9f5-fc4ebb9220da@group-6F96808B8C5E-SegmentedRaftLogWorker: flushIndex: setUnconditionally 0 -> -1
2024-05-12 17:43:34,756 [93bda13b-2c91-401a-a9f5-fc4ebb9220da-groupManagement] INFO  segmented.SegmentedRaftLogWorker (SegmentedRaftLogWorker.java:lambda$new$0(134)) - 93bda13b-2c91-401a-a9f5-fc4ebb9220da@group-6F96808B8C5E-SegmentedRaftLogWorker: safeCacheEvictIndex: setUnconditionally 0 -> -1
2024-05-12 17:43:34,756 [93bda13b-2c91-401a-a9f5-fc4ebb9220da-groupManagement] INFO  server.RaftServer$Division (RaftServerImpl.java:start(396)) - 93bda13b-2c91-401a-a9f5-fc4ebb9220da@group-6F96808B8C5E: start as a follower, conf=-1: peers:[93bda13b-2c91-401a-a9f5-fc4ebb9220da|127.0.0.1:15362, fa054618-3a8f-49b0-93d4-5933c936b659|127.0.0.1:15371, a33fd443-9c01-43ff-9618-b7376da7e75d|127.0.0.1:15389]|listeners:[], old=null
2024-05-12 17:43:34,756 [93bda13b-2c91-401a-a9f5-fc4ebb9220da-groupManagement] INFO  server.RaftServer$Division (RaftServerImpl.java:setRole(383)) - 93bda13b-2c91-401a-a9f5-fc4ebb9220da@group-6F96808B8C5E: changes role from      null to FOLLOWER at term 0 for startAsFollower
2024-05-12 17:43:34,756 [93bda13b-2c91-401a-a9f5-fc4ebb9220da-groupManagement] INFO  impl.RoleInfo (RoleInfo.java:updateAndGet(139)) - 93bda13b-2c91-401a-a9f5-fc4ebb9220da: start 93bda13b-2c91-401a-a9f5-fc4ebb9220da@group-6F96808B8C5E-FollowerState
2024-05-12 17:43:34,757 [93bda13b-2c91-401a-a9f5-fc4ebb9220da@group-6F96808B8C5E-FollowerState] INFO  server.RaftServerConfigKeys (ConfUtils.java:logFallback(53)) - raft.server.rpc.first-election.timeout.min = 1s (fallback to raft.server.rpc.timeout.min)
2024-05-12 17:43:34,757 [93bda13b-2c91-401a-a9f5-fc4ebb9220da-groupManagement] INFO  util.JmxRegister (JmxRegister.java:tryRegister(44)) - Successfully registered JMX Bean with object name Ratis:service=RaftServer,group=group-6F96808B8C5E,id=93bda13b-2c91-401a-a9f5-fc4ebb9220da
2024-05-12 17:43:34,757 [93bda13b-2c91-401a-a9f5-fc4ebb9220da-groupManagement] INFO  server.RaftServerConfigKeys (ConfUtils.java:logGet(46)) - raft.server.snapshot.trigger-when-stop.enabled = true (default)
2024-05-12 17:43:34,757 [93bda13b-2c91-401a-a9f5-fc4ebb9220da-groupManagement] INFO  server.RaftServerConfigKeys (ConfUtils.java:logGet(46)) - raft.server.snapshot.auto.trigger.enabled = true (custom)
2024-05-12 17:43:34,757 [93bda13b-2c91-401a-a9f5-fc4ebb9220da-groupManagement] INFO  server.RaftServerConfigKeys (ConfUtils.java:logGet(46)) - raft.server.snapshot.auto.trigger.threshold = 10000 (custom)
2024-05-12 17:43:34,757 [93bda13b-2c91-401a-a9f5-fc4ebb9220da-groupManagement] INFO  server.RaftServerConfigKeys (ConfUtils.java:logGet(46)) - raft.server.snapshot.retention.file.num = 5 (custom)
2024-05-12 17:43:34,757 [93bda13b-2c91-401a-a9f5-fc4ebb9220da-groupManagement] INFO  server.RaftServerConfigKeys (ConfUtils.java:logGet(46)) - raft.server.log.purge.upto.snapshot.index = false (default)
2024-05-12 17:43:34,757 [93bda13b-2c91-401a-a9f5-fc4ebb9220da@group-6F96808B8C5E-FollowerState] INFO  server.RaftServerConfigKeys (ConfUtils.java:logFallback(53)) - raft.server.rpc.first-election.timeout.max = 1200ms (fallback to raft.server.rpc.timeout.max)
2024-05-12 17:43:34,768 [grpc-default-executor-0] INFO  server.RaftServer (RaftServerProxy.java:addNew(100)) - fa054618-3a8f-49b0-93d4-5933c936b659: addNew group-6F96808B8C5E:[93bda13b-2c91-401a-a9f5-fc4ebb9220da|127.0.0.1:15362, fa054618-3a8f-49b0-93d4-5933c936b659|127.0.0.1:15371, a33fd443-9c01-43ff-9618-b7376da7e75d|127.0.0.1:15389] returns group-6F96808B8C5E:java.util.concurrent.CompletableFuture@1ba1edef[Not completed]
2024-05-12 17:43:34,768 [fa054618-3a8f-49b0-93d4-5933c936b659-groupManagement] INFO  server.RaftServer$Division (RaftServerImpl.java:<init>(256)) - fa054618-3a8f-49b0-93d4-5933c936b659: new RaftServerImpl for group-6F96808B8C5E:[93bda13b-2c91-401a-a9f5-fc4ebb9220da|127.0.0.1:15362, fa054618-3a8f-49b0-93d4-5933c936b659|127.0.0.1:15371, a33fd443-9c01-43ff-9618-b7376da7e75d|127.0.0.1:15389] with ContainerStateMachine:uninitialized
2024-05-12 17:43:34,768 [fa054618-3a8f-49b0-93d4-5933c936b659-groupManagement] INFO  server.RaftServerConfigKeys (ConfUtils.java:logGet(46)) - raft.server.rpc.timeout.min = 1s (custom)
2024-05-12 17:43:34,768 [fa054618-3a8f-49b0-93d4-5933c936b659-groupManagement] INFO  server.RaftServerConfigKeys (ConfUtils.java:logGet(46)) - raft.server.rpc.timeout.max = 1200ms (custom)
2024-05-12 17:43:34,768 [fa054618-3a8f-49b0-93d4-5933c936b659-groupManagement] INFO  server.RaftServerConfigKeys (ConfUtils.java:logGet(46)) - raft.server.rpc.sleep.time = 25ms (default)
2024-05-12 17:43:34,768 [fa054618-3a8f-49b0-93d4-5933c936b659-groupManagement] INFO  server.RaftServerConfigKeys (ConfUtils.java:logGet(46)) - raft.server.rpc.slowness.timeout = 300000ms (custom)
2024-05-12 17:43:34,768 [fa054618-3a8f-49b0-93d4-5933c936b659-groupManagement] INFO  server.RaftServerConfigKeys (ConfUtils.java:logGet(46)) - raft.server.leaderelection.leader.step-down.wait-time = 10s (default)
2024-05-12 17:43:34,768 [fa054618-3a8f-49b0-93d4-5933c936b659-groupManagement] INFO  server.RaftServerConfigKeys (ConfUtils.java:logGet(46)) - raft.server.leaderelection.member.majority-add = false (default)
2024-05-12 17:43:34,768 [fa054618-3a8f-49b0-93d4-5933c936b659-groupManagement] INFO  server.RaftServerConfigKeys (ConfUtils.java:logGet(46)) - raft.server.sleep.deviation.threshold = 300ms (default)
2024-05-12 17:43:34,769 [fa054618-3a8f-49b0-93d4-5933c936b659-groupManagement] INFO  server.RaftServer$Division (ServerState.java:<init>(113)) - fa054618-3a8f-49b0-93d4-5933c936b659@group-6F96808B8C5E: ConfigurationManager, init=-1: peers:[93bda13b-2c91-401a-a9f5-fc4ebb9220da|127.0.0.1:15362, fa054618-3a8f-49b0-93d4-5933c936b659|127.0.0.1:15371, a33fd443-9c01-43ff-9618-b7376da7e75d|127.0.0.1:15389]|listeners:[], old=null, confs=<EMPTY_MAP>
2024-05-12 17:43:34,769 [fa054618-3a8f-49b0-93d4-5933c936b659-groupManagement] INFO  server.RaftServerConfigKeys (ConfUtils.java:logGet(46)) - raft.server.notification.no-leader.timeout = 300000ms (custom)
2024-05-12 17:43:34,769 [fa054618-3a8f-49b0-93d4-5933c936b659-groupManagement] INFO  server.RaftServerConfigKeys (ConfUtils.java:logGet(46)) - raft.server.read.timeout = 10s (default)
2024-05-12 17:43:34,769 [fa054618-3a8f-49b0-93d4-5933c936b659-groupManagement] INFO  server.RaftServerConfigKeys (ConfUtils.java:logGet(46)) - raft.server.retrycache.expirytime = 600000ms (custom)
2024-05-12 17:43:34,769 [fa054618-3a8f-49b0-93d4-5933c936b659-groupManagement] INFO  server.RaftServerConfigKeys (ConfUtils.java:logGet(46)) - raft.server.retrycache.statistics.expirytime = 100ms (default)
2024-05-12 17:43:34,769 [fa054618-3a8f-49b0-93d4-5933c936b659-groupManagement] INFO  server.RaftServerConfigKeys (ConfUtils.java:logGet(46)) - raft.server.read.option = DEFAULT (default)
2024-05-12 17:43:34,769 [fa054618-3a8f-49b0-93d4-5933c936b659-groupManagement] INFO  server.RaftServerConfigKeys (ConfUtils.java:logGet(46)) - raft.server.read.read-after-write-consistent.write-index-cache.expiry-time = 60s (default)
2024-05-12 17:43:34,771 [fa054618-3a8f-49b0-93d4-5933c936b659-groupManagement] INFO  server.RaftServerConfigKeys (ConfUtils.java:logGet(46)) - raft.server.rpc.request.timeout = 3000ms (default)
2024-05-12 17:43:34,771 [fa054618-3a8f-49b0-93d4-5933c936b659-groupManagement] INFO  server.RaftServerConfigKeys (ConfUtils.java:logGet(46)) - raft.server.log.appender.install.snapshot.enabled = false (custom)
2024-05-12 17:43:34,771 [fa054618-3a8f-49b0-93d4-5933c936b659-groupManagement] INFO  server.RaftServerConfigKeys (ConfUtils.java:logGet(46)) - raft.server.threadpool.server.cached = true (default)
2024-05-12 17:43:34,771 [fa054618-3a8f-49b0-93d4-5933c936b659-groupManagement] INFO  server.RaftServerConfigKeys (ConfUtils.java:logGet(46)) - raft.server.threadpool.server.size = 0 (default)
2024-05-12 17:43:34,772 [fa054618-3a8f-49b0-93d4-5933c936b659-groupManagement] INFO  server.RaftServerConfigKeys (ConfUtils.java:logGet(46)) - raft.server.threadpool.client.cached = true (default)
2024-05-12 17:43:34,772 [fa054618-3a8f-49b0-93d4-5933c936b659-groupManagement] INFO  server.RaftServerConfigKeys (ConfUtils.java:logGet(46)) - raft.server.threadpool.client.size = 0 (default)
2024-05-12 17:43:34,772 [fa054618-3a8f-49b0-93d4-5933c936b659-groupManagement] INFO  server.RaftServerConfigKeys (ConfUtils.java:logGet(46)) - raft.server.storage.free-space.min = 0MB (=0) (default)
2024-05-12 17:43:34,772 [fa054618-3a8f-49b0-93d4-5933c936b659-groupManagement] INFO  server.RaftServerConfigKeys (ConfUtils.java:logGet(46)) - raft.server.log.corruption.policy = EXCEPTION (default)
2024-05-12 17:43:34,772 [fa054618-3a8f-49b0-93d4-5933c936b659-groupManagement] INFO  server.RaftServerConfigKeys (ConfUtils.java:logGet(46)) - raft.server.storage.dir = [/home/runner/work/ozone/ozone/hadoop-ozone/integration-test/target/test-dir/MiniOzoneClusterImpl-71ef5771-1bca-432b-8888-38dc3c8d5d63/ozone-meta/datanode-8/ratis] (custom)
2024-05-12 17:43:34,772 [fa054618-3a8f-49b0-93d4-5933c936b659-groupManagement] INFO  storage.RaftStorageDirectory (RaftStorageDirectoryImpl.java:analyzeStorage(138)) - The storage directory /home/runner/work/ozone/ozone/hadoop-ozone/integration-test/target/test-dir/MiniOzoneClusterImpl-71ef5771-1bca-432b-8888-38dc3c8d5d63/ozone-meta/datanode-8/ratis/28b3b979-6b86-4294-a0ef-6f96808b8c5e does not exist. Creating ...
2024-05-12 17:43:34,773 [fa054618-3a8f-49b0-93d4-5933c936b659-groupManagement] INFO  storage.RaftStorageDirectory (RaftStorageDirectoryImpl.java:tryLock(228)) - Lock on /home/runner/work/ozone/ozone/hadoop-ozone/integration-test/target/test-dir/MiniOzoneClusterImpl-71ef5771-1bca-432b-8888-38dc3c8d5d63/ozone-meta/datanode-8/ratis/28b3b979-6b86-4294-a0ef-6f96808b8c5e/in_use.lock acquired by nodename 12547@fv-az576-466
2024-05-12 17:43:34,774 [fa054618-3a8f-49b0-93d4-5933c936b659-groupManagement] INFO  storage.RaftStorage (RaftStorageImpl.java:format(99)) - Storage directory /home/runner/work/ozone/ozone/hadoop-ozone/integration-test/target/test-dir/MiniOzoneClusterImpl-71ef5771-1bca-432b-8888-38dc3c8d5d63/ozone-meta/datanode-8/ratis/28b3b979-6b86-4294-a0ef-6f96808b8c5e has been successfully formatted.
2024-05-12 17:43:34,775 [fa054618-3a8f-49b0-93d4-5933c936b659-groupManagement] WARN  util.FileUtils (LogUtils.java:supplyAndLog(63)) - Failed to Files.newInputStream /home/runner/work/ozone/ozone/hadoop-ozone/integration-test/target/test-dir/MiniOzoneClusterImpl-71ef5771-1bca-432b-8888-38dc3c8d5d63/ozone-meta/datanode-8/ratis/28b3b979-6b86-4294-a0ef-6f96808b8c5e/current/raft-meta.conf with options []: java.nio.file.NoSuchFileException: /home/runner/work/ozone/ozone/hadoop-ozone/integration-test/target/test-dir/MiniOzoneClusterImpl-71ef5771-1bca-432b-8888-38dc3c8d5d63/ozone-meta/datanode-8/ratis/28b3b979-6b86-4294-a0ef-6f96808b8c5e/current/raft-meta.conf
2024-05-12 17:43:34,775 [fa054618-3a8f-49b0-93d4-5933c936b659-groupManagement] INFO  ratis.ContainerStateMachine (ContainerStateMachine.java:loadSnapshot(287)) - group-6F96808B8C5E: The snapshot info is null. Setting the last applied index to:(t:0, i:~)
2024-05-12 17:43:34,775 [fa054618-3a8f-49b0-93d4-5933c936b659-groupManagement] INFO  server.RaftServerConfigKeys (ConfUtils.java:logGet(46)) - raft.server.log.use.memory = false (default)
2024-05-12 17:43:34,775 [fa054618-3a8f-49b0-93d4-5933c936b659-groupManagement] INFO  server.RaftServerConfigKeys (ConfUtils.java:logGet(46)) - raft.server.log.purge.gap = 1000000 (custom)
2024-05-12 17:43:34,775 [fa054618-3a8f-49b0-93d4-5933c936b659-groupManagement] INFO  server.RaftServerConfigKeys (ConfUtils.java:logGet(46)) - raft.server.log.appender.buffer.byte-limit = 8388608 (custom)
2024-05-12 17:43:34,775 [fa054618-3a8f-49b0-93d4-5933c936b659-groupManagement] INFO  server.RaftServerConfigKeys (ConfUtils.java:logGet(46)) - raft.server.log.statemachine.data.read.timeout = 1000ms (default)
2024-05-12 17:43:34,775 [fa054618-3a8f-49b0-93d4-5933c936b659-groupManagement] INFO  server.RaftServerConfigKeys (ConfUtils.java:logGet(46)) - raft.server.log.purge.preservation.log.num = 0 (default)
2024-05-12 17:43:34,777 [fa054618-3a8f-49b0-93d4-5933c936b659-groupManagement] INFO  server.RaftServerConfigKeys (ConfUtils.java:logGet(46)) - raft.server.log.segment.size.max = 67108864 (custom)
2024-05-12 17:43:34,777 [fa054618-3a8f-49b0-93d4-5933c936b659-groupManagement] INFO  server.RaftServerConfigKeys (ConfUtils.java:logGet(46)) - raft.server.log.segment.cache.num.max = 2 (custom)
2024-05-12 17:43:34,777 [fa054618-3a8f-49b0-93d4-5933c936b659-groupManagement] INFO  server.RaftServerConfigKeys (ConfUtils.java:logGet(46)) - raft.server.log.segment.cache.size.max = 200MB (=209715200) (default)
2024-05-12 17:43:34,777 [fa054618-3a8f-49b0-93d4-5933c936b659-groupManagement] INFO  server.RaftServerConfigKeys (ConfUtils.java:logGet(46)) - raft.server.log.appender.buffer.byte-limit = 8388608 (custom)
2024-05-12 17:43:34,778 [fa054618-3a8f-49b0-93d4-5933c936b659-groupManagement] INFO  util.AwaitToRun (AwaitToRun.java:start(81)) - Thread[fa054618-3a8f-49b0-93d4-5933c936b659@group-6F96808B8C5E-cacheEviction-AwaitToRun,5,main] started
2024-05-12 17:43:34,778 [fa054618-3a8f-49b0-93d4-5933c936b659-groupManagement] INFO  segmented.SegmentedRaftLogWorker (SegmentedRaftLogWorker.java:<init>(182)) - new fa054618-3a8f-49b0-93d4-5933c936b659@group-6F96808B8C5E-SegmentedRaftLogWorker for RaftStorageImpl:Storage Directory /home/runner/work/ozone/ozone/hadoop-ozone/integration-test/target/test-dir/MiniOzoneClusterImpl-71ef5771-1bca-432b-8888-38dc3c8d5d63/ozone-meta/datanode-8/ratis/28b3b979-6b86-4294-a0ef-6f96808b8c5e
2024-05-12 17:43:34,778 [fa054618-3a8f-49b0-93d4-5933c936b659-groupManagement] INFO  server.RaftServerConfigKeys (ConfUtils.java:logGet(46)) - raft.server.log.queue.byte-limit = 4294967296 (custom)
2024-05-12 17:43:34,778 [fa054618-3a8f-49b0-93d4-5933c936b659-groupManagement] INFO  server.RaftServerConfigKeys (ConfUtils.java:logGet(46)) - raft.server.log.queue.element-limit = 1024 (custom)
2024-05-12 17:43:34,778 [fa054618-3a8f-49b0-93d4-5933c936b659-groupManagement] INFO  server.RaftServerConfigKeys (ConfUtils.java:logGet(46)) - raft.server.log.segment.size.max = 67108864 (custom)
2024-05-12 17:43:34,778 [fa054618-3a8f-49b0-93d4-5933c936b659-groupManagement] INFO  server.RaftServerConfigKeys (ConfUtils.java:logGet(46)) - raft.server.log.preallocated.size = 4194304 (custom)
2024-05-12 17:43:34,778 [fa054618-3a8f-49b0-93d4-5933c936b659-groupManagement] INFO  server.RaftServerConfigKeys (ConfUtils.java:logGet(46)) - raft.server.log.force.sync.num = 128 (default)
2024-05-12 17:43:34,778 [fa054618-3a8f-49b0-93d4-5933c936b659-groupManagement] INFO  server.RaftServerConfigKeys (ConfUtils.java:logGet(46)) - raft.server.log.statemachine.data.sync = true (default)
2024-05-12 17:43:34,778 [fa054618-3a8f-49b0-93d4-5933c936b659-groupManagement] INFO  server.RaftServerConfigKeys (ConfUtils.java:logGet(46)) - raft.server.log.statemachine.data.sync.timeout = 10s (default)
2024-05-12 17:43:34,778 [fa054618-3a8f-49b0-93d4-5933c936b659-groupManagement] INFO  server.RaftServerConfigKeys (ConfUtils.java:logGet(46)) - raft.server.log.statemachine.data.sync.timeout.retry = 30 (custom)
2024-05-12 17:43:34,779 [fa054618-3a8f-49b0-93d4-5933c936b659-groupManagement] INFO  server.RaftServerConfigKeys (ConfUtils.java:logGet(46)) - raft.server.log.write.buffer.size = 8388616 (custom)
2024-05-12 17:43:34,781 [fa054618-3a8f-49b0-93d4-5933c936b659-groupManagement] INFO  server.RaftServerConfigKeys (ConfUtils.java:logGet(46)) - raft.server.log.appender.buffer.byte-limit = 8388608 (custom)
2024-05-12 17:43:34,781 [fa054618-3a8f-49b0-93d4-5933c936b659-groupManagement] INFO  server.RaftServerConfigKeys (ConfUtils.java:logGet(46)) - raft.server.log.unsafe-flush.enabled = false (default)
2024-05-12 17:43:34,781 [fa054618-3a8f-49b0-93d4-5933c936b659-groupManagement] INFO  server.RaftServerConfigKeys (ConfUtils.java:logGet(46)) - raft.server.log.async-flush.enabled = false (default)
2024-05-12 17:43:34,781 [fa054618-3a8f-49b0-93d4-5933c936b659-groupManagement] INFO  server.RaftServerConfigKeys (ConfUtils.java:logGet(46)) - raft.server.log.statemachine.data.caching.enabled = true (custom)
2024-05-12 17:43:34,781 [fa054618-3a8f-49b0-93d4-5933c936b659-groupManagement] INFO  segmented.SegmentedRaftLogWorker (SegmentedRaftLogWorker.java:lambda$new$0(134)) - fa054618-3a8f-49b0-93d4-5933c936b659@group-6F96808B8C5E-SegmentedRaftLogWorker: flushIndex: setUnconditionally 0 -> -1
2024-05-12 17:43:34,782 [fa054618-3a8f-49b0-93d4-5933c936b659-groupManagement] INFO  segmented.SegmentedRaftLogWorker (SegmentedRaftLogWorker.java:lambda$new$0(134)) - fa054618-3a8f-49b0-93d4-5933c936b659@group-6F96808B8C5E-SegmentedRaftLogWorker: safeCacheEvictIndex: setUnconditionally 0 -> -1
2024-05-12 17:43:34,782 [fa054618-3a8f-49b0-93d4-5933c936b659-groupManagement] INFO  server.RaftServer$Division (RaftServerImpl.java:start(396)) - fa054618-3a8f-49b0-93d4-5933c936b659@group-6F96808B8C5E: start as a follower, conf=-1: peers:[93bda13b-2c91-401a-a9f5-fc4ebb9220da|127.0.0.1:15362, fa054618-3a8f-49b0-93d4-5933c936b659|127.0.0.1:15371, a33fd443-9c01-43ff-9618-b7376da7e75d|127.0.0.1:15389]|listeners:[], old=null
2024-05-12 17:43:34,782 [fa054618-3a8f-49b0-93d4-5933c936b659-groupManagement] INFO  server.RaftServer$Division (RaftServerImpl.java:setRole(383)) - fa054618-3a8f-49b0-93d4-5933c936b659@group-6F96808B8C5E: changes role from      null to FOLLOWER at term 0 for startAsFollower
2024-05-12 17:43:34,782 [fa054618-3a8f-49b0-93d4-5933c936b659-groupManagement] INFO  impl.RoleInfo (RoleInfo.java:updateAndGet(139)) - fa054618-3a8f-49b0-93d4-5933c936b659: start fa054618-3a8f-49b0-93d4-5933c936b659@group-6F96808B8C5E-FollowerState
2024-05-12 17:43:34,782 [fa054618-3a8f-49b0-93d4-5933c936b659@group-6F96808B8C5E-FollowerState] INFO  server.RaftServerConfigKeys (ConfUtils.java:logFallback(53)) - raft.server.rpc.first-election.timeout.min = 1s (fallback to raft.server.rpc.timeout.min)
2024-05-12 17:43:34,782 [fa054618-3a8f-49b0-93d4-5933c936b659-groupManagement] INFO  util.JmxRegister (JmxRegister.java:tryRegister(44)) - Successfully registered JMX Bean with object name Ratis:service=RaftServer,group=group-6F96808B8C5E,id=fa054618-3a8f-49b0-93d4-5933c936b659
2024-05-12 17:43:34,782 [fa054618-3a8f-49b0-93d4-5933c936b659-groupManagement] INFO  server.RaftServerConfigKeys (ConfUtils.java:logGet(46)) - raft.server.snapshot.trigger-when-stop.enabled = true (default)
2024-05-12 17:43:34,782 [fa054618-3a8f-49b0-93d4-5933c936b659-groupManagement] INFO  server.RaftServerConfigKeys (ConfUtils.java:logGet(46)) - raft.server.snapshot.auto.trigger.enabled = true (custom)
2024-05-12 17:43:34,782 [fa054618-3a8f-49b0-93d4-5933c936b659@group-6F96808B8C5E-FollowerState] INFO  server.RaftServerConfigKeys (ConfUtils.java:logFallback(53)) - raft.server.rpc.first-election.timeout.max = 1200ms (fallback to raft.server.rpc.timeout.max)
2024-05-12 17:43:34,782 [fa054618-3a8f-49b0-93d4-5933c936b659-groupManagement] INFO  server.RaftServerConfigKeys (ConfUtils.java:logGet(46)) - raft.server.snapshot.auto.trigger.threshold = 10000 (custom)
2024-05-12 17:43:34,783 [fa054618-3a8f-49b0-93d4-5933c936b659-groupManagement] INFO  server.RaftServerConfigKeys (ConfUtils.java:logGet(46)) - raft.server.snapshot.retention.file.num = 5 (custom)
2024-05-12 17:43:34,783 [fa054618-3a8f-49b0-93d4-5933c936b659-groupManagement] INFO  server.RaftServerConfigKeys (ConfUtils.java:logGet(46)) - raft.server.log.purge.upto.snapshot.index = false (default)
2024-05-12 17:43:34,785 [a33fd443-9c01-43ff-9618-b7376da7e75d-PipelineCommandHandlerThread-0] INFO  commandhandler.CreatePipelineCommandHandler (CreatePipelineCommandHandler.java:lambda$handle$2(124)) - Created Pipeline RATIS THREE PipelineID=28b3b979-6b86-4294-a0ef-6f96808b8c5e.
2024-05-12 17:43:35,646 [timer7] WARN  server.GrpcLogAppender (LogUtils.java:warn(121)) - fa054618-3a8f-49b0-93d4-5933c936b659@group-13A0CAA15F1F->a0742c66-ae9f-48ce-9181-086e540b3b62-AppendLogResponseHandler: Failed appendEntries (Repeated 2 times in the last 5.000s): org.apache.ratis.thirdparty.io.grpc.StatusRuntimeException: UNAVAILABLE: io exception
2024-05-12 17:43:35,647 [timer0] WARN  server.GrpcLogAppender (GrpcLogAppender.java:lambda$resetClient$1(217)) - fa054618-3a8f-49b0-93d4-5933c936b659@group-13A0CAA15F1F->a0742c66-ae9f-48ce-9181-086e540b3b62-GrpcLogAppender: Follower failed (request=null, errorCount=76); keep nextIndex (1) unchanged and retry. (Repeated 2 times in the last 5.001s)
2024-05-12 17:43:35,755 [fa054618-3a8f-49b0-93d4-5933c936b659@group-29BBA51C16D7-FollowerState] INFO  impl.FollowerState (FollowerState.java:run(143)) - fa054618-3a8f-49b0-93d4-5933c936b659@group-29BBA51C16D7-FollowerState: change to CANDIDATE, lastRpcElapsedTime:1032870925ns, electionTimeout:1032ms
2024-05-12 17:43:35,755 [fa054618-3a8f-49b0-93d4-5933c936b659@group-29BBA51C16D7-FollowerState] INFO  impl.RoleInfo (RoleInfo.java:shutdownFollowerState(110)) - fa054618-3a8f-49b0-93d4-5933c936b659: shutdown fa054618-3a8f-49b0-93d4-5933c936b659@group-29BBA51C16D7-FollowerState
2024-05-12 17:43:35,755 [fa054618-3a8f-49b0-93d4-5933c936b659@group-29BBA51C16D7-FollowerState] INFO  server.RaftServer$Division (RaftServerImpl.java:setRole(383)) - fa054618-3a8f-49b0-93d4-5933c936b659@group-29BBA51C16D7: changes role from  FOLLOWER to CANDIDATE at term 0 for changeToCandidate
2024-05-12 17:43:35,755 [fa054618-3a8f-49b0-93d4-5933c936b659@group-29BBA51C16D7-FollowerState] INFO  server.RaftServerConfigKeys (ConfUtils.java:logGet(46)) - raft.server.leaderelection.pre-vote = true (default)
2024-05-12 17:43:35,755 [fa054618-3a8f-49b0-93d4-5933c936b659@group-29BBA51C16D7-FollowerState] INFO  impl.RoleInfo (RoleInfo.java:updateAndGet(139)) - fa054618-3a8f-49b0-93d4-5933c936b659: start fa054618-3a8f-49b0-93d4-5933c936b659@group-29BBA51C16D7-LeaderElection286
2024-05-12 17:43:35,756 [fa054618-3a8f-49b0-93d4-5933c936b659@group-29BBA51C16D7-LeaderElection286] INFO  impl.LeaderElection (LeaderElection.java:askForVotes(321)) - fa054618-3a8f-49b0-93d4-5933c936b659@group-29BBA51C16D7-LeaderElection286 PRE_VOTE round 0: submit vote requests at term 0 for -1: peers:[93bda13b-2c91-401a-a9f5-fc4ebb9220da|127.0.0.1:15362, fa054618-3a8f-49b0-93d4-5933c936b659|127.0.0.1:15371, a33fd443-9c01-43ff-9618-b7376da7e75d|127.0.0.1:15389]|listeners:[], old=null
2024-05-12 17:43:35,756 [fa054618-3a8f-49b0-93d4-5933c936b659@group-29BBA51C16D7-LeaderElection286] INFO  server.RaftServerConfigKeys (ConfUtils.java:logFallback(53)) - raft.server.rpc.first-election.timeout.min = 1s (fallback to raft.server.rpc.timeout.min)
2024-05-12 17:43:35,756 [fa054618-3a8f-49b0-93d4-5933c936b659@group-29BBA51C16D7-LeaderElection286-2] INFO  server.GrpcServerProtocolClient (GrpcServerProtocolClient.java:<init>(65)) - Build channel for a33fd443-9c01-43ff-9618-b7376da7e75d|127.0.0.1:15389
2024-05-12 17:43:35,757 [grpc-default-executor-3] INFO  server.RaftServer$Division (RaftServerImpl.java:requestVote(1389)) - 93bda13b-2c91-401a-a9f5-fc4ebb9220da@group-29BBA51C16D7: receive requestVote(PRE_VOTE, fa054618-3a8f-49b0-93d4-5933c936b659, group-29BBA51C16D7, 0, (t:0, i:0))
2024-05-12 17:43:35,757 [grpc-default-executor-3] INFO  impl.VoteContext (VoteContext.java:log(49)) - 93bda13b-2c91-401a-a9f5-fc4ebb9220da@group-29BBA51C16D7-FOLLOWER: accept PRE_VOTE from fa054618-3a8f-49b0-93d4-5933c936b659: our priority 0 <= candidate's priority 0
2024-05-12 17:43:35,757 [grpc-default-executor-3] INFO  server.RaftServer$Division (RaftServerImpl.java:requestVote(1422)) - 93bda13b-2c91-401a-a9f5-fc4ebb9220da@group-29BBA51C16D7 replies to PRE_VOTE vote request: fa054618-3a8f-49b0-93d4-5933c936b659<-93bda13b-2c91-401a-a9f5-fc4ebb9220da#0:OK-t0. Peer's state: 93bda13b-2c91-401a-a9f5-fc4ebb9220da@group-29BBA51C16D7:t0, leader=null, voted=, raftlog=Memoized:93bda13b-2c91-401a-a9f5-fc4ebb9220da@group-29BBA51C16D7-SegmentedRaftLog:OPENED:c-1, conf=-1: peers:[93bda13b-2c91-401a-a9f5-fc4ebb9220da|127.0.0.1:15362, fa054618-3a8f-49b0-93d4-5933c936b659|127.0.0.1:15371, a33fd443-9c01-43ff-9618-b7376da7e75d|127.0.0.1:15389]|listeners:[], old=null
2024-05-12 17:43:35,756 [fa054618-3a8f-49b0-93d4-5933c936b659@group-29BBA51C16D7-LeaderElection286] INFO  server.RaftServerConfigKeys (ConfUtils.java:logFallback(53)) - raft.server.rpc.first-election.timeout.max = 1200ms (fallback to raft.server.rpc.timeout.max)
2024-05-12 17:43:35,759 [grpc-default-executor-3] INFO  server.RaftServer$Division (RaftServerImpl.java:requestVote(1389)) - a33fd443-9c01-43ff-9618-b7376da7e75d@group-29BBA51C16D7: receive requestVote(PRE_VOTE, fa054618-3a8f-49b0-93d4-5933c936b659, group-29BBA51C16D7, 0, (t:0, i:0))
2024-05-12 17:43:35,761 [grpc-default-executor-3] INFO  impl.VoteContext (VoteContext.java:log(49)) - a33fd443-9c01-43ff-9618-b7376da7e75d@group-29BBA51C16D7-FOLLOWER: reject PRE_VOTE from fa054618-3a8f-49b0-93d4-5933c936b659: our priority 1 > candidate's priority 0
2024-05-12 17:43:35,761 [grpc-default-executor-3] INFO  server.RaftServer$Division (RaftServerImpl.java:requestVote(1422)) - a33fd443-9c01-43ff-9618-b7376da7e75d@group-29BBA51C16D7 replies to PRE_VOTE vote request: fa054618-3a8f-49b0-93d4-5933c936b659<-a33fd443-9c01-43ff-9618-b7376da7e75d#0:FAIL-t0. Peer's state: a33fd443-9c01-43ff-9618-b7376da7e75d@group-29BBA51C16D7:t0, leader=null, voted=, raftlog=Memoized:a33fd443-9c01-43ff-9618-b7376da7e75d@group-29BBA51C16D7-SegmentedRaftLog:OPENED:c-1, conf=-1: peers:[93bda13b-2c91-401a-a9f5-fc4ebb9220da|127.0.0.1:15362, fa054618-3a8f-49b0-93d4-5933c936b659|127.0.0.1:15371, a33fd443-9c01-43ff-9618-b7376da7e75d|127.0.0.1:15389]|listeners:[], old=null
2024-05-12 17:43:35,761 [fa054618-3a8f-49b0-93d4-5933c936b659@group-29BBA51C16D7-LeaderElection286] INFO  impl.LeaderElection (LeaderElection.java:logAndReturn(89)) - fa054618-3a8f-49b0-93d4-5933c936b659@group-29BBA51C16D7-LeaderElection286: PRE_VOTE REJECTED received 2 response(s) and 0 exception(s):
2024-05-12 17:43:35,761 [fa054618-3a8f-49b0-93d4-5933c936b659@group-29BBA51C16D7-LeaderElection286] INFO  impl.LeaderElection (LeaderElection.java:logAndReturn(93)) -   Response 0: fa054618-3a8f-49b0-93d4-5933c936b659<-93bda13b-2c91-401a-a9f5-fc4ebb9220da#0:OK-t0
2024-05-12 17:43:35,761 [fa054618-3a8f-49b0-93d4-5933c936b659@group-29BBA51C16D7-LeaderElection286] INFO  impl.LeaderElection (LeaderElection.java:logAndReturn(93)) -   Response 1: fa054618-3a8f-49b0-93d4-5933c936b659<-a33fd443-9c01-43ff-9618-b7376da7e75d#0:FAIL-t0
2024-05-12 17:43:35,761 [fa054618-3a8f-49b0-93d4-5933c936b659@group-29BBA51C16D7-LeaderElection286] INFO  impl.LeaderElection (LeaderElection.java:askForVotes(323)) - fa054618-3a8f-49b0-93d4-5933c936b659@group-29BBA51C16D7-LeaderElection286 PRE_VOTE round 0: result REJECTED
2024-05-12 17:43:35,761 [fa054618-3a8f-49b0-93d4-5933c936b659@group-29BBA51C16D7-LeaderElection286] INFO  server.RaftServer$Division (RaftServerImpl.java:setRole(383)) - fa054618-3a8f-49b0-93d4-5933c936b659@group-29BBA51C16D7: changes role from CANDIDATE to FOLLOWER at term 0 for REJECTED
2024-05-12 17:43:35,761 [fa054618-3a8f-49b0-93d4-5933c936b659@group-29BBA51C16D7-LeaderElection286] INFO  impl.RoleInfo (RoleInfo.java:shutdownLeaderElection(130)) - fa054618-3a8f-49b0-93d4-5933c936b659: shutdown fa054618-3a8f-49b0-93d4-5933c936b659@group-29BBA51C16D7-LeaderElection286
2024-05-12 17:43:35,761 [fa054618-3a8f-49b0-93d4-5933c936b659@group-29BBA51C16D7-LeaderElection286] INFO  impl.RoleInfo (RoleInfo.java:updateAndGet(139)) - fa054618-3a8f-49b0-93d4-5933c936b659: start fa054618-3a8f-49b0-93d4-5933c936b659@group-29BBA51C16D7-FollowerState
2024-05-12 17:43:35,762 [fa054618-3a8f-49b0-93d4-5933c936b659@group-29BBA51C16D7-LeaderElection286] INFO  server.RaftServer$Division (RaftServerImpl.java:setFirstElection(574)) - fa054618-3a8f-49b0-93d4-5933c936b659@group-29BBA51C16D7: set firstElectionSinceStartup to false for REJECTED
2024-05-12 17:43:35,774 [a33fd443-9c01-43ff-9618-b7376da7e75d@group-29BBA51C16D7-FollowerState] INFO  impl.FollowerState (FollowerState.java:run(143)) - a33fd443-9c01-43ff-9618-b7376da7e75d@group-29BBA51C16D7-FollowerState: change to CANDIDATE, lastRpcElapsedTime:1081817107ns, electionTimeout:1081ms
2024-05-12 17:43:35,774 [a33fd443-9c01-43ff-9618-b7376da7e75d@group-29BBA51C16D7-FollowerState] INFO  impl.RoleInfo (RoleInfo.java:shutdownFollowerState(110)) - a33fd443-9c01-43ff-9618-b7376da7e75d: shutdown a33fd443-9c01-43ff-9618-b7376da7e75d@group-29BBA51C16D7-FollowerState
2024-05-12 17:43:35,774 [a33fd443-9c01-43ff-9618-b7376da7e75d@group-29BBA51C16D7-FollowerState] INFO  server.RaftServer$Division (RaftServerImpl.java:setRole(383)) - a33fd443-9c01-43ff-9618-b7376da7e75d@group-29BBA51C16D7: changes role from  FOLLOWER to CANDIDATE at term 0 for changeToCandidate
2024-05-12 17:43:35,774 [a33fd443-9c01-43ff-9618-b7376da7e75d@group-29BBA51C16D7-FollowerState] INFO  server.RaftServerConfigKeys (ConfUtils.java:logGet(46)) - raft.server.leaderelection.pre-vote = true (default)
2024-05-12 17:43:35,774 [a33fd443-9c01-43ff-9618-b7376da7e75d@group-29BBA51C16D7-FollowerState] INFO  impl.RoleInfo (RoleInfo.java:updateAndGet(139)) - a33fd443-9c01-43ff-9618-b7376da7e75d: start a33fd443-9c01-43ff-9618-b7376da7e75d@group-29BBA51C16D7-LeaderElection287
2024-05-12 17:43:35,774 [a33fd443-9c01-43ff-9618-b7376da7e75d@group-29BBA51C16D7-LeaderElection287] INFO  impl.LeaderElection (LeaderElection.java:askForVotes(321)) - a33fd443-9c01-43ff-9618-b7376da7e75d@group-29BBA51C16D7-LeaderElection287 PRE_VOTE round 0: submit vote requests at term 0 for -1: peers:[93bda13b-2c91-401a-a9f5-fc4ebb9220da|127.0.0.1:15362, fa054618-3a8f-49b0-93d4-5933c936b659|127.0.0.1:15371, a33fd443-9c01-43ff-9618-b7376da7e75d|127.0.0.1:15389]|listeners:[], old=null
2024-05-12 17:43:35,775 [a33fd443-9c01-43ff-9618-b7376da7e75d@group-29BBA51C16D7-LeaderElection287-1] INFO  server.GrpcServerProtocolClient (GrpcServerProtocolClient.java:<init>(65)) - Build channel for 93bda13b-2c91-401a-a9f5-fc4ebb9220da|127.0.0.1:15362
2024-05-12 17:43:35,775 [a33fd443-9c01-43ff-9618-b7376da7e75d@group-29BBA51C16D7-LeaderElection287] INFO  server.RaftServerConfigKeys (ConfUtils.java:logFallback(53)) - raft.server.rpc.first-election.timeout.min = 1s (fallback to raft.server.rpc.timeout.min)
2024-05-12 17:43:35,775 [a33fd443-9c01-43ff-9618-b7376da7e75d@group-29BBA51C16D7-LeaderElection287] INFO  server.RaftServerConfigKeys (ConfUtils.java:logFallback(53)) - raft.server.rpc.first-election.timeout.max = 1200ms (fallback to raft.server.rpc.timeout.max)
2024-05-12 17:43:35,775 [a33fd443-9c01-43ff-9618-b7376da7e75d@group-29BBA51C16D7-LeaderElection287-2] INFO  server.GrpcServerProtocolClient (GrpcServerProtocolClient.java:<init>(65)) - Build channel for fa054618-3a8f-49b0-93d4-5933c936b659|127.0.0.1:15371
2024-05-12 17:43:35,777 [grpc-default-executor-3] INFO  server.RaftServer$Division (RaftServerImpl.java:requestVote(1389)) - 93bda13b-2c91-401a-a9f5-fc4ebb9220da@group-29BBA51C16D7: receive requestVote(PRE_VOTE, a33fd443-9c01-43ff-9618-b7376da7e75d, group-29BBA51C16D7, 0, (t:0, i:0))
2024-05-12 17:43:35,777 [grpc-default-executor-3] INFO  impl.VoteContext (VoteContext.java:log(49)) - 93bda13b-2c91-401a-a9f5-fc4ebb9220da@group-29BBA51C16D7-FOLLOWER: accept PRE_VOTE from a33fd443-9c01-43ff-9618-b7376da7e75d: our priority 0 <= candidate's priority 1
2024-05-12 17:43:35,777 [grpc-default-executor-3] INFO  server.RaftServer$Division (RaftServerImpl.java:requestVote(1422)) - 93bda13b-2c91-401a-a9f5-fc4ebb9220da@group-29BBA51C16D7 replies to PRE_VOTE vote request: a33fd443-9c01-43ff-9618-b7376da7e75d<-93bda13b-2c91-401a-a9f5-fc4ebb9220da#0:OK-t0. Peer's state: 93bda13b-2c91-401a-a9f5-fc4ebb9220da@group-29BBA51C16D7:t0, leader=null, voted=, raftlog=Memoized:93bda13b-2c91-401a-a9f5-fc4ebb9220da@group-29BBA51C16D7-SegmentedRaftLog:OPENED:c-1, conf=-1: peers:[93bda13b-2c91-401a-a9f5-fc4ebb9220da|127.0.0.1:15362, fa054618-3a8f-49b0-93d4-5933c936b659|127.0.0.1:15371, a33fd443-9c01-43ff-9618-b7376da7e75d|127.0.0.1:15389]|listeners:[], old=null
2024-05-12 17:43:35,777 [grpc-default-executor-0] INFO  server.RaftServer$Division (RaftServerImpl.java:requestVote(1389)) - fa054618-3a8f-49b0-93d4-5933c936b659@group-29BBA51C16D7: receive requestVote(PRE_VOTE, a33fd443-9c01-43ff-9618-b7376da7e75d, group-29BBA51C16D7, 0, (t:0, i:0))
2024-05-12 17:43:35,777 [grpc-default-executor-0] INFO  impl.VoteContext (VoteContext.java:log(49)) - fa054618-3a8f-49b0-93d4-5933c936b659@group-29BBA51C16D7-FOLLOWER: accept PRE_VOTE from a33fd443-9c01-43ff-9618-b7376da7e75d: our priority 0 <= candidate's priority 1
2024-05-12 17:43:35,777 [grpc-default-executor-0] INFO  server.RaftServer$Division (RaftServerImpl.java:requestVote(1422)) - fa054618-3a8f-49b0-93d4-5933c936b659@group-29BBA51C16D7 replies to PRE_VOTE vote request: a33fd443-9c01-43ff-9618-b7376da7e75d<-fa054618-3a8f-49b0-93d4-5933c936b659#0:OK-t0. Peer's state: fa054618-3a8f-49b0-93d4-5933c936b659@group-29BBA51C16D7:t0, leader=null, voted=, raftlog=Memoized:fa054618-3a8f-49b0-93d4-5933c936b659@group-29BBA51C16D7-SegmentedRaftLog:OPENED:c-1, conf=-1: peers:[93bda13b-2c91-401a-a9f5-fc4ebb9220da|127.0.0.1:15362, fa054618-3a8f-49b0-93d4-5933c936b659|127.0.0.1:15371, a33fd443-9c01-43ff-9618-b7376da7e75d|127.0.0.1:15389]|listeners:[], old=null
2024-05-12 17:43:35,778 [a33fd443-9c01-43ff-9618-b7376da7e75d@group-29BBA51C16D7-LeaderElection287] INFO  impl.LeaderElection (LeaderElection.java:logAndReturn(89)) - a33fd443-9c01-43ff-9618-b7376da7e75d@group-29BBA51C16D7-LeaderElection287: PRE_VOTE PASSED received 1 response(s) and 0 exception(s):
2024-05-12 17:43:35,778 [a33fd443-9c01-43ff-9618-b7376da7e75d@group-29BBA51C16D7-LeaderElection287] INFO  impl.LeaderElection (LeaderElection.java:logAndReturn(93)) -   Response 0: a33fd443-9c01-43ff-9618-b7376da7e75d<-93bda13b-2c91-401a-a9f5-fc4ebb9220da#0:OK-t0
2024-05-12 17:43:35,778 [a33fd443-9c01-43ff-9618-b7376da7e75d@group-29BBA51C16D7-LeaderElection287] INFO  impl.LeaderElection (LeaderElection.java:askForVotes(323)) - a33fd443-9c01-43ff-9618-b7376da7e75d@group-29BBA51C16D7-LeaderElection287 PRE_VOTE round 0: result PASSED
2024-05-12 17:43:35,780 [a33fd443-9c01-43ff-9618-b7376da7e75d@group-29BBA51C16D7-LeaderElection287] INFO  impl.LeaderElection (LeaderElection.java:askForVotes(321)) - a33fd443-9c01-43ff-9618-b7376da7e75d@group-29BBA51C16D7-LeaderElection287 ELECTION round 0: submit vote requests at term 1 for -1: peers:[93bda13b-2c91-401a-a9f5-fc4ebb9220da|127.0.0.1:15362, fa054618-3a8f-49b0-93d4-5933c936b659|127.0.0.1:15371, a33fd443-9c01-43ff-9618-b7376da7e75d|127.0.0.1:15389]|listeners:[], old=null
2024-05-12 17:43:35,780 [a33fd443-9c01-43ff-9618-b7376da7e75d@group-29BBA51C16D7-LeaderElection287] INFO  server.RaftServerConfigKeys (ConfUtils.java:logFallback(53)) - raft.server.rpc.first-election.timeout.min = 1s (fallback to raft.server.rpc.timeout.min)
2024-05-12 17:43:35,780 [a33fd443-9c01-43ff-9618-b7376da7e75d@group-29BBA51C16D7-LeaderElection287] INFO  server.RaftServerConfigKeys (ConfUtils.java:logFallback(53)) - raft.server.rpc.first-election.timeout.max = 1200ms (fallback to raft.server.rpc.timeout.max)
2024-05-12 17:43:35,781 [grpc-default-executor-0] INFO  server.RaftServer$Division (RaftServerImpl.java:requestVote(1389)) - fa054618-3a8f-49b0-93d4-5933c936b659@group-29BBA51C16D7: receive requestVote(ELECTION, a33fd443-9c01-43ff-9618-b7376da7e75d, group-29BBA51C16D7, 1, (t:0, i:0))
2024-05-12 17:43:35,781 [grpc-default-executor-0] INFO  impl.VoteContext (VoteContext.java:log(49)) - fa054618-3a8f-49b0-93d4-5933c936b659@group-29BBA51C16D7-FOLLOWER: accept ELECTION from a33fd443-9c01-43ff-9618-b7376da7e75d: our priority 0 <= candidate's priority 1
2024-05-12 17:43:35,781 [grpc-default-executor-0] INFO  server.RaftServer$Division (RaftServerImpl.java:setRole(383)) - fa054618-3a8f-49b0-93d4-5933c936b659@group-29BBA51C16D7: changes role from  FOLLOWER to FOLLOWER at term 1 for candidate:a33fd443-9c01-43ff-9618-b7376da7e75d
2024-05-12 17:43:35,781 [grpc-default-executor-0] INFO  impl.RoleInfo (RoleInfo.java:shutdownFollowerState(110)) - fa054618-3a8f-49b0-93d4-5933c936b659: shutdown fa054618-3a8f-49b0-93d4-5933c936b659@group-29BBA51C16D7-FollowerState
2024-05-12 17:43:35,781 [grpc-default-executor-0] INFO  impl.RoleInfo (RoleInfo.java:updateAndGet(139)) - fa054618-3a8f-49b0-93d4-5933c936b659: start fa054618-3a8f-49b0-93d4-5933c936b659@group-29BBA51C16D7-FollowerState
2024-05-12 17:43:35,781 [fa054618-3a8f-49b0-93d4-5933c936b659@group-29BBA51C16D7-FollowerState] INFO  impl.FollowerState (FollowerState.java:run(152)) - fa054618-3a8f-49b0-93d4-5933c936b659@group-29BBA51C16D7-FollowerState was interrupted
2024-05-12 17:43:35,782 [grpc-default-executor-0] INFO  server.RaftServer$Division (RaftServerImpl.java:requestVote(1422)) - fa054618-3a8f-49b0-93d4-5933c936b659@group-29BBA51C16D7 replies to ELECTION vote request: a33fd443-9c01-43ff-9618-b7376da7e75d<-fa054618-3a8f-49b0-93d4-5933c936b659#0:OK-t1. Peer's state: fa054618-3a8f-49b0-93d4-5933c936b659@group-29BBA51C16D7:t1, leader=null, voted=a33fd443-9c01-43ff-9618-b7376da7e75d, raftlog=Memoized:fa054618-3a8f-49b0-93d4-5933c936b659@group-29BBA51C16D7-SegmentedRaftLog:OPENED:c-1, conf=-1: peers:[93bda13b-2c91-401a-a9f5-fc4ebb9220da|127.0.0.1:15362, fa054618-3a8f-49b0-93d4-5933c936b659|127.0.0.1:15371, a33fd443-9c01-43ff-9618-b7376da7e75d|127.0.0.1:15389]|listeners:[], old=null
2024-05-12 17:43:35,783 [a33fd443-9c01-43ff-9618-b7376da7e75d@group-29BBA51C16D7-LeaderElection287] INFO  impl.LeaderElection (LeaderElection.java:logAndReturn(89)) - a33fd443-9c01-43ff-9618-b7376da7e75d@group-29BBA51C16D7-LeaderElection287: ELECTION PASSED received 1 response(s) and 0 exception(s):
2024-05-12 17:43:35,783 [a33fd443-9c01-43ff-9618-b7376da7e75d@group-29BBA51C16D7-LeaderElection287] INFO  impl.LeaderElection (LeaderElection.java:logAndReturn(93)) -   Response 0: a33fd443-9c01-43ff-9618-b7376da7e75d<-fa054618-3a8f-49b0-93d4-5933c936b659#0:OK-t1
2024-05-12 17:43:35,783 [a33fd443-9c01-43ff-9618-b7376da7e75d@group-29BBA51C16D7-LeaderElection287] INFO  impl.LeaderElection (LeaderElection.java:askForVotes(323)) - a33fd443-9c01-43ff-9618-b7376da7e75d@group-29BBA51C16D7-LeaderElection287 ELECTION round 0: result PASSED
2024-05-12 17:43:35,783 [a33fd443-9c01-43ff-9618-b7376da7e75d@group-29BBA51C16D7-LeaderElection287] INFO  impl.RoleInfo (RoleInfo.java:shutdownLeaderElection(130)) - a33fd443-9c01-43ff-9618-b7376da7e75d: shutdown a33fd443-9c01-43ff-9618-b7376da7e75d@group-29BBA51C16D7-LeaderElection287
2024-05-12 17:43:35,783 [a33fd443-9c01-43ff-9618-b7376da7e75d@group-29BBA51C16D7-LeaderElection287] INFO  server.RaftServer$Division (RaftServerImpl.java:setRole(383)) - a33fd443-9c01-43ff-9618-b7376da7e75d@group-29BBA51C16D7: changes role from CANDIDATE to LEADER at term 1 for changeToLeader
2024-05-12 17:43:35,783 [a33fd443-9c01-43ff-9618-b7376da7e75d@group-29BBA51C16D7-LeaderElection287] INFO  server.RaftServerConfigKeys (ConfUtils.java:logGet(46)) - raft.server.staging.catchup.gap = 1000 (default)
2024-05-12 17:43:35,783 [a33fd443-9c01-43ff-9618-b7376da7e75d@group-29BBA51C16D7-LeaderElection287] INFO  server.RaftServerConfigKeys (ConfUtils.java:logGet(46)) - raft.server.write.element-limit = 1024 (custom)
2024-05-12 17:43:35,783 [a33fd443-9c01-43ff-9618-b7376da7e75d@group-29BBA51C16D7-LeaderElection287] INFO  server.RaftServerConfigKeys (ConfUtils.java:logGet(46)) - raft.server.write.byte-limit = 1024 M (=1073741824) (custom)
2024-05-12 17:43:35,783 [a33fd443-9c01-43ff-9618-b7376da7e75d@group-29BBA51C16D7-LeaderElection287] INFO  server.RaftServerConfigKeys (ConfUtils.java:logGet(46)) - raft.server.watch.timeout = 3000ms (custom)
2024-05-12 17:43:35,783 [a33fd443-9c01-43ff-9618-b7376da7e75d@group-29BBA51C16D7-LeaderElection287] INFO  server.RaftServerConfigKeys (ConfUtils.java:logGet(46)) - raft.server.watch.timeout.denomination = 1s (default)
2024-05-12 17:43:35,783 [a33fd443-9c01-43ff-9618-b7376da7e75d@group-29BBA51C16D7-LeaderElection287] INFO  server.RaftServerConfigKeys (ConfUtils.java:logGet(46)) - raft.server.watch.element-limit = 65536 (default)
2024-05-12 17:43:35,784 [a33fd443-9c01-43ff-9618-b7376da7e75d@group-29BBA51C16D7-LeaderElection287] INFO  server.RaftServerConfigKeys (ConfUtils.java:logGet(46)) - raft.server.read.leader.lease.enabled = false (default)
2024-05-12 17:43:35,784 [a33fd443-9c01-43ff-9618-b7376da7e75d@group-29BBA51C16D7-LeaderElection287] INFO  server.RaftServerConfigKeys (ConfUtils.java:logGet(46)) - raft.server.read.leader.lease.timeout.ratio = 0.9 (default)
2024-05-12 17:43:35,784 [a33fd443-9c01-43ff-9618-b7376da7e75d@group-29BBA51C16D7-LeaderElection287] INFO  server.RaftServerConfigKeys (ConfUtils.java:logGet(46)) - raft.server.rpc.timeout.min = 1s (custom)
2024-05-12 17:43:35,784 [a33fd443-9c01-43ff-9618-b7376da7e75d@group-29BBA51C16D7-LeaderElection287] INFO  server.RaftServerConfigKeys (ConfUtils.java:logGet(46)) - raft.server.write.element-limit = 1024 (custom)
2024-05-12 17:43:35,784 [a33fd443-9c01-43ff-9618-b7376da7e75d@group-29BBA51C16D7-LeaderElection287] INFO  server.RaftServerConfigKeys (ConfUtils.java:logGet(46)) - raft.server.write.follower.gap.ratio.max = -1.0 (default)
2024-05-12 17:43:35,784 [grpc-default-executor-3] INFO  server.RaftServer$Division (RaftServerImpl.java:requestVote(1389)) - 93bda13b-2c91-401a-a9f5-fc4ebb9220da@group-29BBA51C16D7: receive requestVote(ELECTION, a33fd443-9c01-43ff-9618-b7376da7e75d, group-29BBA51C16D7, 1, (t:0, i:0))
2024-05-12 17:43:35,784 [grpc-default-executor-3] INFO  impl.VoteContext (VoteContext.java:log(49)) - 93bda13b-2c91-401a-a9f5-fc4ebb9220da@group-29BBA51C16D7-FOLLOWER: accept ELECTION from a33fd443-9c01-43ff-9618-b7376da7e75d: our priority 0 <= candidate's priority 1
2024-05-12 17:43:35,784 [grpc-default-executor-3] INFO  server.RaftServer$Division (RaftServerImpl.java:setRole(383)) - 93bda13b-2c91-401a-a9f5-fc4ebb9220da@group-29BBA51C16D7: changes role from  FOLLOWER to FOLLOWER at term 1 for candidate:a33fd443-9c01-43ff-9618-b7376da7e75d
2024-05-12 17:43:35,784 [grpc-default-executor-3] INFO  impl.RoleInfo (RoleInfo.java:shutdownFollowerState(110)) - 93bda13b-2c91-401a-a9f5-fc4ebb9220da: shutdown 93bda13b-2c91-401a-a9f5-fc4ebb9220da@group-29BBA51C16D7-FollowerState
2024-05-12 17:43:35,784 [grpc-default-executor-3] INFO  impl.RoleInfo (RoleInfo.java:updateAndGet(139)) - 93bda13b-2c91-401a-a9f5-fc4ebb9220da: start 93bda13b-2c91-401a-a9f5-fc4ebb9220da@group-29BBA51C16D7-FollowerState
2024-05-12 17:43:35,784 [93bda13b-2c91-401a-a9f5-fc4ebb9220da@group-29BBA51C16D7-FollowerState] INFO  impl.FollowerState (FollowerState.java:run(152)) - 93bda13b-2c91-401a-a9f5-fc4ebb9220da@group-29BBA51C16D7-FollowerState was interrupted
2024-05-12 17:43:35,784 [grpc-default-executor-3] INFO  server.RaftServer$Division (RaftServerImpl.java:setFirstElection(574)) - 93bda13b-2c91-401a-a9f5-fc4ebb9220da@group-29BBA51C16D7: set firstElectionSinceStartup to false for candidate:a33fd443-9c01-43ff-9618-b7376da7e75d
2024-05-12 17:43:35,784 [a33fd443-9c01-43ff-9618-b7376da7e75d@group-29BBA51C16D7-LeaderElection287] INFO  server.RaftServerConfigKeys (ConfUtils.java:logGet(46)) - raft.server.log.appender.snapshot.chunk.size.max = 16MB (=16777216) (default)
2024-05-12 17:43:35,785 [a33fd443-9c01-43ff-9618-b7376da7e75d@group-29BBA51C16D7-LeaderElection287] INFO  server.RaftServerConfigKeys (ConfUtils.java:logGet(46)) - raft.server.log.appender.buffer.byte-limit = 8388608 (custom)
2024-05-12 17:43:35,785 [a33fd443-9c01-43ff-9618-b7376da7e75d@group-29BBA51C16D7-LeaderElection287] INFO  server.RaftServerConfigKeys (ConfUtils.java:logGet(46)) - raft.server.log.appender.buffer.element-limit = 1 (custom)
2024-05-12 17:43:35,785 [a33fd443-9c01-43ff-9618-b7376da7e75d@group-29BBA51C16D7-LeaderElection287] INFO  server.RaftServerConfigKeys (ConfUtils.java:logGet(46)) - raft.server.log.appender.wait-time.min = 0ms (custom)
2024-05-12 17:43:35,785 [a33fd443-9c01-43ff-9618-b7376da7e75d@group-29BBA51C16D7-LeaderElection287] INFO  grpc.GrpcConfigKeys (ConfUtils.java:logGet(46)) - raft.grpc.server.leader.outstanding.appends.max = 8 (default)
2024-05-12 17:43:35,785 [a33fd443-9c01-43ff-9618-b7376da7e75d@group-29BBA51C16D7-LeaderElection287] INFO  server.RaftServerConfigKeys (ConfUtils.java:logGet(46)) - raft.server.rpc.request.timeout = 3000ms (default)
2024-05-12 17:43:35,785 [a33fd443-9c01-43ff-9618-b7376da7e75d@group-29BBA51C16D7-LeaderElection287] INFO  grpc.GrpcConfigKeys (ConfUtils.java:logGet(46)) - raft.grpc.server.install_snapshot.request.element-limit = 8 (default)
2024-05-12 17:43:35,785 [a33fd443-9c01-43ff-9618-b7376da7e75d@group-29BBA51C16D7-LeaderElection287] INFO  grpc.GrpcConfigKeys (ConfUtils.java:logGet(46)) - raft.grpc.server.install_snapshot.request.timeout = 3000ms (default)
2024-05-12 17:43:35,785 [a33fd443-9c01-43ff-9618-b7376da7e75d@group-29BBA51C16D7-LeaderElection287] INFO  grpc.GrpcConfigKeys (ConfUtils.java:logGet(46)) - raft.grpc.server.log-message.batch.duration = 5s (default)
2024-05-12 17:43:35,785 [a33fd443-9c01-43ff-9618-b7376da7e75d@group-29BBA51C16D7-LeaderElection287] INFO  server.RaftServerConfigKeys (ConfUtils.java:logGet(46)) - raft.server.log.appender.install.snapshot.enabled = false (custom)
2024-05-12 17:43:35,785 [a33fd443-9c01-43ff-9618-b7376da7e75d@group-29BBA51C16D7-LeaderElection287] INFO  grpc.GrpcConfigKeys (ConfUtils.java:logGet(46)) - raft.grpc.server.heartbeat.channel = true (default)
2024-05-12 17:43:35,785 [grpc-default-executor-3] INFO  server.RaftServer$Division (RaftServerImpl.java:requestVote(1422)) - 93bda13b-2c91-401a-a9f5-fc4ebb9220da@group-29BBA51C16D7 replies to ELECTION vote request: a33fd443-9c01-43ff-9618-b7376da7e75d<-93bda13b-2c91-401a-a9f5-fc4ebb9220da#0:OK-t1. Peer's state: 93bda13b-2c91-401a-a9f5-fc4ebb9220da@group-29BBA51C16D7:t1, leader=null, voted=a33fd443-9c01-43ff-9618-b7376da7e75d, raftlog=Memoized:93bda13b-2c91-401a-a9f5-fc4ebb9220da@group-29BBA51C16D7-SegmentedRaftLog:OPENED:c-1, conf=-1: peers:[93bda13b-2c91-401a-a9f5-fc4ebb9220da|127.0.0.1:15362, fa054618-3a8f-49b0-93d4-5933c936b659|127.0.0.1:15371, a33fd443-9c01-43ff-9618-b7376da7e75d|127.0.0.1:15389]|listeners:[], old=null
2024-05-12 17:43:35,786 [a33fd443-9c01-43ff-9618-b7376da7e75d@group-29BBA51C16D7-LeaderElection287] INFO  server.RaftServerConfigKeys (ConfUtils.java:logGet(46)) - raft.server.log.appender.snapshot.chunk.size.max = 16MB (=16777216) (default)
2024-05-12 17:43:35,786 [a33fd443-9c01-43ff-9618-b7376da7e75d@group-29BBA51C16D7-LeaderElection287] INFO  server.RaftServerConfigKeys (ConfUtils.java:logGet(46)) - raft.server.log.appender.buffer.byte-limit = 8388608 (custom)
2024-05-12 17:43:35,786 [a33fd443-9c01-43ff-9618-b7376da7e75d@group-29BBA51C16D7-LeaderElection287] INFO  server.RaftServerConfigKeys (ConfUtils.java:logGet(46)) - raft.server.log.appender.buffer.element-limit = 1 (custom)
2024-05-12 17:43:35,786 [a33fd443-9c01-43ff-9618-b7376da7e75d@group-29BBA51C16D7-LeaderElection287] INFO  server.RaftServerConfigKeys (ConfUtils.java:logGet(46)) - raft.server.log.appender.wait-time.min = 0ms (custom)
2024-05-12 17:43:35,786 [a33fd443-9c01-43ff-9618-b7376da7e75d@group-29BBA51C16D7-LeaderElection287] INFO  grpc.GrpcConfigKeys (ConfUtils.java:logGet(46)) - raft.grpc.server.leader.outstanding.appends.max = 8 (default)
2024-05-12 17:43:35,787 [a33fd443-9c01-43ff-9618-b7376da7e75d@group-29BBA51C16D7-LeaderElection287] INFO  server.RaftServerConfigKeys (ConfUtils.java:logGet(46)) - raft.server.rpc.request.timeout = 3000ms (default)
2024-05-12 17:43:35,787 [a33fd443-9c01-43ff-9618-b7376da7e75d@group-29BBA51C16D7-LeaderElection287] INFO  grpc.GrpcConfigKeys (ConfUtils.java:logGet(46)) - raft.grpc.server.install_snapshot.request.element-limit = 8 (default)
2024-05-12 17:43:35,787 [a33fd443-9c01-43ff-9618-b7376da7e75d@group-29BBA51C16D7-LeaderElection287] INFO  grpc.GrpcConfigKeys (ConfUtils.java:logGet(46)) - raft.grpc.server.install_snapshot.request.timeout = 3000ms (default)
2024-05-12 17:43:35,787 [a33fd443-9c01-43ff-9618-b7376da7e75d@group-29BBA51C16D7-LeaderElection287] INFO  grpc.GrpcConfigKeys (ConfUtils.java:logGet(46)) - raft.grpc.server.log-message.batch.duration = 5s (default)
2024-05-12 17:43:35,787 [a33fd443-9c01-43ff-9618-b7376da7e75d@group-29BBA51C16D7-LeaderElection287] INFO  server.RaftServerConfigKeys (ConfUtils.java:logGet(46)) - raft.server.log.appender.install.snapshot.enabled = false (custom)
2024-05-12 17:43:35,787 [a33fd443-9c01-43ff-9618-b7376da7e75d@group-29BBA51C16D7-LeaderElection287] INFO  grpc.GrpcConfigKeys (ConfUtils.java:logGet(46)) - raft.grpc.server.heartbeat.channel = true (default)
2024-05-12 17:43:35,787 [a33fd443-9c01-43ff-9618-b7376da7e75d@group-29BBA51C16D7-LeaderElection287] INFO  impl.RoleInfo (RoleInfo.java:updateAndGet(139)) - a33fd443-9c01-43ff-9618-b7376da7e75d: start a33fd443-9c01-43ff-9618-b7376da7e75d@group-29BBA51C16D7-LeaderStateImpl
2024-05-12 17:43:35,787 [a33fd443-9c01-43ff-9618-b7376da7e75d@group-29BBA51C16D7-LeaderElection287] INFO  server.RaftServer$Division (RaftServerImpl.java:setFirstElection(574)) - a33fd443-9c01-43ff-9618-b7376da7e75d@group-29BBA51C16D7: set firstElectionSinceStartup to false for becomeLeader
2024-05-12 17:43:35,787 [a33fd443-9c01-43ff-9618-b7376da7e75d@group-29BBA51C16D7-LeaderElection287] INFO  ratis.XceiverServerRatis (XceiverServerRatis.java:handleLeaderChangedNotification(966)) - Leader change notification received for group: group-29BBA51C16D7 with new leaderId: a33fd443-9c01-43ff-9618-b7376da7e75d
2024-05-12 17:43:35,787 [a33fd443-9c01-43ff-9618-b7376da7e75d@group-29BBA51C16D7-LeaderElection287] INFO  server.RaftServer$Division (ServerState.java:setLeader(269)) - a33fd443-9c01-43ff-9618-b7376da7e75d@group-29BBA51C16D7: change Leader from null to a33fd443-9c01-43ff-9618-b7376da7e75d at term 1 for becomeLeader, leader elected after 1105ms
2024-05-12 17:43:35,787 [a33fd443-9c01-43ff-9618-b7376da7e75d@group-29BBA51C16D7-LeaderElection287] INFO  segmented.SegmentedRaftLogWorker (SegmentedRaftLogWorker.java:startLogSegment(430)) - a33fd443-9c01-43ff-9618-b7376da7e75d@group-29BBA51C16D7-SegmentedRaftLogWorker: Starting segment from index:0
2024-05-12 17:43:35,788 [a33fd443-9c01-43ff-9618-b7376da7e75d@group-29BBA51C16D7-LeaderElection287] INFO  server.RaftServer$Division (ServerState.java:setRaftConf(386)) - a33fd443-9c01-43ff-9618-b7376da7e75d@group-29BBA51C16D7: set configuration 0: peers:[93bda13b-2c91-401a-a9f5-fc4ebb9220da|127.0.0.1:15362, fa054618-3a8f-49b0-93d4-5933c936b659|127.0.0.1:15371, a33fd443-9c01-43ff-9618-b7376da7e75d|127.0.0.1:15389]|listeners:[], old=null
2024-05-12 17:43:35,788 [a33fd443-9c01-43ff-9618-b7376da7e75d@group-29BBA51C16D7-SegmentedRaftLogWorker] INFO  segmented.BufferedWriteChannel (BufferedWriteChannel.java:open(62)) - open log_inprogress_0 at position 0
2024-05-12 17:43:35,788 [EventQueue-PipelineReportForPipelineReportHandler] INFO  pipeline.PipelineReportHandler (PipelineReportHandler.java:processPipelineReport(136)) - Opened pipeline PipelineID=af9510f2-7e0e-4293-b97d-29bba51c16d7
2024-05-12 17:43:35,792 [93bda13b-2c91-401a-a9f5-fc4ebb9220da-server-thread1] INFO  ratis.XceiverServerRatis (XceiverServerRatis.java:handleLeaderChangedNotification(966)) - Leader change notification received for group: group-29BBA51C16D7 with new leaderId: a33fd443-9c01-43ff-9618-b7376da7e75d
2024-05-12 17:43:35,792 [93bda13b-2c91-401a-a9f5-fc4ebb9220da-server-thread1] INFO  server.RaftServer$Division (ServerState.java:setLeader(269)) - 93bda13b-2c91-401a-a9f5-fc4ebb9220da@group-29BBA51C16D7: change Leader from null to a33fd443-9c01-43ff-9618-b7376da7e75d at term 1 for appendEntries, leader elected after 1093ms
2024-05-12 17:43:35,793 [fa054618-3a8f-49b0-93d4-5933c936b659-server-thread2] INFO  ratis.XceiverServerRatis (XceiverServerRatis.java:handleLeaderChangedNotification(966)) - Leader change notification received for group: group-29BBA51C16D7 with new leaderId: a33fd443-9c01-43ff-9618-b7376da7e75d
2024-05-12 17:43:35,793 [fa054618-3a8f-49b0-93d4-5933c936b659-server-thread2] INFO  server.RaftServer$Division (ServerState.java:setLeader(269)) - fa054618-3a8f-49b0-93d4-5933c936b659@group-29BBA51C16D7: change Leader from null to a33fd443-9c01-43ff-9618-b7376da7e75d at term 1 for appendEntries, leader elected after 1079ms
2024-05-12 17:43:35,793 [fa054618-3a8f-49b0-93d4-5933c936b659-server-thread1] INFO  server.RaftServer$Division (ServerState.java:setRaftConf(386)) - fa054618-3a8f-49b0-93d4-5933c936b659@group-29BBA51C16D7: set configuration 0: peers:[93bda13b-2c91-401a-a9f5-fc4ebb9220da|127.0.0.1:15362, fa054618-3a8f-49b0-93d4-5933c936b659|127.0.0.1:15371, a33fd443-9c01-43ff-9618-b7376da7e75d|127.0.0.1:15389]|listeners:[], old=null
2024-05-12 17:43:35,793 [fa054618-3a8f-49b0-93d4-5933c936b659-server-thread1] INFO  segmented.SegmentedRaftLogWorker (SegmentedRaftLogWorker.java:startLogSegment(430)) - fa054618-3a8f-49b0-93d4-5933c936b659@group-29BBA51C16D7-SegmentedRaftLogWorker: Starting segment from index:0
2024-05-12 17:43:35,793 [fa054618-3a8f-49b0-93d4-5933c936b659@group-29BBA51C16D7-SegmentedRaftLogWorker] INFO  segmented.BufferedWriteChannel (BufferedWriteChannel.java:open(62)) - open log_inprogress_0 at position 0
2024-05-12 17:43:35,793 [93bda13b-2c91-401a-a9f5-fc4ebb9220da-server-thread2] INFO  server.RaftServer$Division (ServerState.java:setRaftConf(386)) - 93bda13b-2c91-401a-a9f5-fc4ebb9220da@group-29BBA51C16D7: set configuration 0: peers:[93bda13b-2c91-401a-a9f5-fc4ebb9220da|127.0.0.1:15362, fa054618-3a8f-49b0-93d4-5933c936b659|127.0.0.1:15371, a33fd443-9c01-43ff-9618-b7376da7e75d|127.0.0.1:15389]|listeners:[], old=null
2024-05-12 17:43:35,795 [93bda13b-2c91-401a-a9f5-fc4ebb9220da-server-thread2] INFO  segmented.SegmentedRaftLogWorker (SegmentedRaftLogWorker.java:startLogSegment(430)) - 93bda13b-2c91-401a-a9f5-fc4ebb9220da@group-29BBA51C16D7-SegmentedRaftLogWorker: Starting segment from index:0
2024-05-12 17:43:35,795 [93bda13b-2c91-401a-a9f5-fc4ebb9220da@group-29BBA51C16D7-SegmentedRaftLogWorker] INFO  segmented.BufferedWriteChannel (BufferedWriteChannel.java:open(62)) - open log_inprogress_0 at position 0
2024-05-12 17:43:35,797 [a33fd443-9c01-43ff-9618-b7376da7e75d@group-29BBA51C16D7-SegmentedRaftLogWorker] INFO  segmented.SegmentedRaftLogWorker (SegmentedRaftLogWorker.java:execute(634)) - a33fd443-9c01-43ff-9618-b7376da7e75d@group-29BBA51C16D7-SegmentedRaftLogWorker: created new log segment /home/runner/work/ozone/ozone/hadoop-ozone/integration-test/target/test-dir/MiniOzoneClusterImpl-71ef5771-1bca-432b-8888-38dc3c8d5d63/ozone-meta/datanode-10/ratis/af9510f2-7e0e-4293-b97d-29bba51c16d7/current/log_inprogress_0
2024-05-12 17:43:35,804 [fa054618-3a8f-49b0-93d4-5933c936b659@group-29BBA51C16D7-SegmentedRaftLogWorker] INFO  segmented.SegmentedRaftLogWorker (SegmentedRaftLogWorker.java:execute(634)) - fa054618-3a8f-49b0-93d4-5933c936b659@group-29BBA51C16D7-SegmentedRaftLogWorker: created new log segment /home/runner/work/ozone/ozone/hadoop-ozone/integration-test/target/test-dir/MiniOzoneClusterImpl-71ef5771-1bca-432b-8888-38dc3c8d5d63/ozone-meta/datanode-8/ratis/af9510f2-7e0e-4293-b97d-29bba51c16d7/current/log_inprogress_0
2024-05-12 17:43:35,804 [93bda13b-2c91-401a-a9f5-fc4ebb9220da@group-29BBA51C16D7-SegmentedRaftLogWorker] INFO  segmented.SegmentedRaftLogWorker (SegmentedRaftLogWorker.java:execute(634)) - 93bda13b-2c91-401a-a9f5-fc4ebb9220da@group-29BBA51C16D7-SegmentedRaftLogWorker: created new log segment /home/runner/work/ozone/ozone/hadoop-ozone/integration-test/target/test-dir/MiniOzoneClusterImpl-71ef5771-1bca-432b-8888-38dc3c8d5d63/ozone-meta/datanode-7/ratis/af9510f2-7e0e-4293-b97d-29bba51c16d7/current/log_inprogress_0
2024-05-12 17:43:35,806 [a33fd443-9c01-43ff-9618-b7376da7e75d@group-29BBA51C16D7-StateMachineUpdater] INFO  server.RaftServer$Division (LeaderStateImpl.java:isApplied(320)) - leader is ready since appliedIndex == 0 >= startIndex == 0
2024-05-12 17:43:35,818 [a33fd443-9c01-43ff-9618-b7376da7e75d@group-6F96808B8C5E-FollowerState] INFO  impl.FollowerState (FollowerState.java:run(143)) - a33fd443-9c01-43ff-9618-b7376da7e75d@group-6F96808B8C5E-FollowerState: change to CANDIDATE, lastRpcElapsedTime:1082992871ns, electionTimeout:1079ms
2024-05-12 17:43:35,818 [a33fd443-9c01-43ff-9618-b7376da7e75d@group-6F96808B8C5E-FollowerState] INFO  impl.RoleInfo (RoleInfo.java:shutdownFollowerState(110)) - a33fd443-9c01-43ff-9618-b7376da7e75d: shutdown a33fd443-9c01-43ff-9618-b7376da7e75d@group-6F96808B8C5E-FollowerState
2024-05-12 17:43:35,818 [a33fd443-9c01-43ff-9618-b7376da7e75d@group-6F96808B8C5E-FollowerState] INFO  server.RaftServer$Division (RaftServerImpl.java:setRole(383)) - a33fd443-9c01-43ff-9618-b7376da7e75d@group-6F96808B8C5E: changes role from  FOLLOWER to CANDIDATE at term 0 for changeToCandidate
2024-05-12 17:43:35,819 [a33fd443-9c01-43ff-9618-b7376da7e75d@group-6F96808B8C5E-FollowerState] INFO  server.RaftServerConfigKeys (ConfUtils.java:logGet(46)) - raft.server.leaderelection.pre-vote = true (default)
2024-05-12 17:43:35,819 [a33fd443-9c01-43ff-9618-b7376da7e75d@group-6F96808B8C5E-FollowerState] INFO  impl.RoleInfo (RoleInfo.java:updateAndGet(139)) - a33fd443-9c01-43ff-9618-b7376da7e75d: start a33fd443-9c01-43ff-9618-b7376da7e75d@group-6F96808B8C5E-LeaderElection288
2024-05-12 17:43:35,819 [a33fd443-9c01-43ff-9618-b7376da7e75d@group-6F96808B8C5E-LeaderElection288] INFO  impl.LeaderElection (LeaderElection.java:askForVotes(321)) - a33fd443-9c01-43ff-9618-b7376da7e75d@group-6F96808B8C5E-LeaderElection288 PRE_VOTE round 0: submit vote requests at term 0 for -1: peers:[93bda13b-2c91-401a-a9f5-fc4ebb9220da|127.0.0.1:15362, fa054618-3a8f-49b0-93d4-5933c936b659|127.0.0.1:15371, a33fd443-9c01-43ff-9618-b7376da7e75d|127.0.0.1:15389]|listeners:[], old=null
2024-05-12 17:43:35,819 [a33fd443-9c01-43ff-9618-b7376da7e75d@group-6F96808B8C5E-LeaderElection288] INFO  server.RaftServerConfigKeys (ConfUtils.java:logFallback(53)) - raft.server.rpc.first-election.timeout.min = 1s (fallback to raft.server.rpc.timeout.min)
2024-05-12 17:43:35,819 [a33fd443-9c01-43ff-9618-b7376da7e75d@group-6F96808B8C5E-LeaderElection288] INFO  server.RaftServerConfigKeys (ConfUtils.java:logFallback(53)) - raft.server.rpc.first-election.timeout.max = 1200ms (fallback to raft.server.rpc.timeout.max)
2024-05-12 17:43:35,820 [grpc-default-executor-3] INFO  server.RaftServer$Division (RaftServerImpl.java:requestVote(1389)) - 93bda13b-2c91-401a-a9f5-fc4ebb9220da@group-6F96808B8C5E: receive requestVote(PRE_VOTE, a33fd443-9c01-43ff-9618-b7376da7e75d, group-6F96808B8C5E, 0, (t:0, i:0))
2024-05-12 17:43:35,820 [grpc-default-executor-3] INFO  impl.VoteContext (VoteContext.java:log(49)) - 93bda13b-2c91-401a-a9f5-fc4ebb9220da@group-6F96808B8C5E-FOLLOWER: accept PRE_VOTE from a33fd443-9c01-43ff-9618-b7376da7e75d: our priority 0 <= candidate's priority 0
2024-05-12 17:43:35,820 [grpc-default-executor-8] INFO  server.RaftServer$Division (RaftServerImpl.java:requestVote(1389)) - fa054618-3a8f-49b0-93d4-5933c936b659@group-6F96808B8C5E: receive requestVote(PRE_VOTE, a33fd443-9c01-43ff-9618-b7376da7e75d, group-6F96808B8C5E, 0, (t:0, i:0))
2024-05-12 17:43:35,820 [grpc-default-executor-8] INFO  impl.VoteContext (VoteContext.java:log(49)) - fa054618-3a8f-49b0-93d4-5933c936b659@group-6F96808B8C5E-FOLLOWER: reject PRE_VOTE from a33fd443-9c01-43ff-9618-b7376da7e75d: our priority 1 > candidate's priority 0
2024-05-12 17:43:35,820 [grpc-default-executor-8] INFO  server.RaftServer$Division (RaftServerImpl.java:requestVote(1422)) - fa054618-3a8f-49b0-93d4-5933c936b659@group-6F96808B8C5E replies to PRE_VOTE vote request: a33fd443-9c01-43ff-9618-b7376da7e75d<-fa054618-3a8f-49b0-93d4-5933c936b659#0:FAIL-t0. Peer's state: fa054618-3a8f-49b0-93d4-5933c936b659@group-6F96808B8C5E:t0, leader=null, voted=, raftlog=Memoized:fa054618-3a8f-49b0-93d4-5933c936b659@group-6F96808B8C5E-SegmentedRaftLog:OPENED:c-1, conf=-1: peers:[93bda13b-2c91-401a-a9f5-fc4ebb9220da|127.0.0.1:15362, fa054618-3a8f-49b0-93d4-5933c936b659|127.0.0.1:15371, a33fd443-9c01-43ff-9618-b7376da7e75d|127.0.0.1:15389]|listeners:[], old=null
2024-05-12 17:43:35,820 [grpc-default-executor-3] INFO  server.RaftServer$Division (RaftServerImpl.java:requestVote(1422)) - 93bda13b-2c91-401a-a9f5-fc4ebb9220da@group-6F96808B8C5E replies to PRE_VOTE vote request: a33fd443-9c01-43ff-9618-b7376da7e75d<-93bda13b-2c91-401a-a9f5-fc4ebb9220da#0:OK-t0. Peer's state: 93bda13b-2c91-401a-a9f5-fc4ebb9220da@group-6F96808B8C5E:t0, leader=null, voted=, raftlog=Memoized:93bda13b-2c91-401a-a9f5-fc4ebb9220da@group-6F96808B8C5E-SegmentedRaftLog:OPENED:c-1, conf=-1: peers:[93bda13b-2c91-401a-a9f5-fc4ebb9220da|127.0.0.1:15362, fa054618-3a8f-49b0-93d4-5933c936b659|127.0.0.1:15371, a33fd443-9c01-43ff-9618-b7376da7e75d|127.0.0.1:15389]|listeners:[], old=null
2024-05-12 17:43:35,821 [a33fd443-9c01-43ff-9618-b7376da7e75d@group-6F96808B8C5E-LeaderElection288] INFO  impl.LeaderElection (LeaderElection.java:logAndReturn(89)) - a33fd443-9c01-43ff-9618-b7376da7e75d@group-6F96808B8C5E-LeaderElection288: PRE_VOTE REJECTED received 1 response(s) and 0 exception(s):
2024-05-12 17:43:35,821 [a33fd443-9c01-43ff-9618-b7376da7e75d@group-6F96808B8C5E-LeaderElection288] INFO  impl.LeaderElection (LeaderElection.java:logAndReturn(93)) -   Response 0: a33fd443-9c01-43ff-9618-b7376da7e75d<-fa054618-3a8f-49b0-93d4-5933c936b659#0:FAIL-t0
2024-05-12 17:43:35,821 [a33fd443-9c01-43ff-9618-b7376da7e75d@group-6F96808B8C5E-LeaderElection288] INFO  impl.LeaderElection (LeaderElection.java:askForVotes(323)) - a33fd443-9c01-43ff-9618-b7376da7e75d@group-6F96808B8C5E-LeaderElection288 PRE_VOTE round 0: result REJECTED
2024-05-12 17:43:35,821 [a33fd443-9c01-43ff-9618-b7376da7e75d@group-6F96808B8C5E-LeaderElection288] INFO  server.RaftServer$Division (RaftServerImpl.java:setRole(383)) - a33fd443-9c01-43ff-9618-b7376da7e75d@group-6F96808B8C5E: changes role from CANDIDATE to FOLLOWER at term 0 for REJECTED
2024-05-12 17:43:35,821 [a33fd443-9c01-43ff-9618-b7376da7e75d@group-6F96808B8C5E-LeaderElection288] INFO  impl.RoleInfo (RoleInfo.java:shutdownLeaderElection(130)) - a33fd443-9c01-43ff-9618-b7376da7e75d: shutdown a33fd443-9c01-43ff-9618-b7376da7e75d@group-6F96808B8C5E-LeaderElection288
2024-05-12 17:43:35,821 [a33fd443-9c01-43ff-9618-b7376da7e75d@group-6F96808B8C5E-LeaderElection288] INFO  impl.RoleInfo (RoleInfo.java:updateAndGet(139)) - a33fd443-9c01-43ff-9618-b7376da7e75d: start a33fd443-9c01-43ff-9618-b7376da7e75d@group-6F96808B8C5E-FollowerState
2024-05-12 17:43:35,821 [a33fd443-9c01-43ff-9618-b7376da7e75d@group-6F96808B8C5E-LeaderElection288] INFO  server.RaftServer$Division (RaftServerImpl.java:setFirstElection(574)) - a33fd443-9c01-43ff-9618-b7376da7e75d@group-6F96808B8C5E: set firstElectionSinceStartup to false for REJECTED
2024-05-12 17:43:35,842 [93bda13b-2c91-401a-a9f5-fc4ebb9220da@group-6F96808B8C5E-FollowerState] INFO  server.RaftServerConfigKeys (ConfUtils.java:logFallback(53)) - raft.server.rpc.first-election.timeout.min = 1s (fallback to raft.server.rpc.timeout.min)
2024-05-12 17:43:35,842 [93bda13b-2c91-401a-a9f5-fc4ebb9220da@group-6F96808B8C5E-FollowerState] INFO  server.RaftServerConfigKeys (ConfUtils.java:logFallback(53)) - raft.server.rpc.first-election.timeout.max = 1200ms (fallback to raft.server.rpc.timeout.max)
2024-05-12 17:43:35,914 [fa054618-3a8f-49b0-93d4-5933c936b659@group-6F96808B8C5E-FollowerState] INFO  impl.FollowerState (FollowerState.java:run(143)) - fa054618-3a8f-49b0-93d4-5933c936b659@group-6F96808B8C5E-FollowerState: change to CANDIDATE, lastRpcElapsedTime:1131609043ns, electionTimeout:1131ms
2024-05-12 17:43:35,914 [fa054618-3a8f-49b0-93d4-5933c936b659@group-6F96808B8C5E-FollowerState] INFO  impl.RoleInfo (RoleInfo.java:shutdownFollowerState(110)) - fa054618-3a8f-49b0-93d4-5933c936b659: shutdown fa054618-3a8f-49b0-93d4-5933c936b659@group-6F96808B8C5E-FollowerState
2024-05-12 17:43:35,914 [fa054618-3a8f-49b0-93d4-5933c936b659@group-6F96808B8C5E-FollowerState] INFO  server.RaftServer$Division (RaftServerImpl.java:setRole(383)) - fa054618-3a8f-49b0-93d4-5933c936b659@group-6F96808B8C5E: changes role from  FOLLOWER to CANDIDATE at term 0 for changeToCandidate
2024-05-12 17:43:35,914 [fa054618-3a8f-49b0-93d4-5933c936b659@group-6F96808B8C5E-FollowerState] INFO  server.RaftServerConfigKeys (ConfUtils.java:logGet(46)) - raft.server.leaderelection.pre-vote = true (default)
2024-05-12 17:43:35,914 [fa054618-3a8f-49b0-93d4-5933c936b659@group-6F96808B8C5E-FollowerState] INFO  impl.RoleInfo (RoleInfo.java:updateAndGet(139)) - fa054618-3a8f-49b0-93d4-5933c936b659: start fa054618-3a8f-49b0-93d4-5933c936b659@group-6F96808B8C5E-LeaderElection289
2024-05-12 17:43:35,914 [fa054618-3a8f-49b0-93d4-5933c936b659@group-6F96808B8C5E-LeaderElection289] INFO  impl.LeaderElection (LeaderElection.java:askForVotes(321)) - fa054618-3a8f-49b0-93d4-5933c936b659@group-6F96808B8C5E-LeaderElection289 PRE_VOTE round 0: submit vote requests at term 0 for -1: peers:[93bda13b-2c91-401a-a9f5-fc4ebb9220da|127.0.0.1:15362, fa054618-3a8f-49b0-93d4-5933c936b659|127.0.0.1:15371, a33fd443-9c01-43ff-9618-b7376da7e75d|127.0.0.1:15389]|listeners:[], old=null
2024-05-12 17:43:35,915 [fa054618-3a8f-49b0-93d4-5933c936b659@group-6F96808B8C5E-LeaderElection289] INFO  server.RaftServerConfigKeys (ConfUtils.java:logFallback(53)) - raft.server.rpc.first-election.timeout.min = 1s (fallback to raft.server.rpc.timeout.min)
2024-05-12 17:43:35,915 [fa054618-3a8f-49b0-93d4-5933c936b659@group-6F96808B8C5E-LeaderElection289] INFO  server.RaftServerConfigKeys (ConfUtils.java:logFallback(53)) - raft.server.rpc.first-election.timeout.max = 1200ms (fallback to raft.server.rpc.timeout.max)
2024-05-12 17:43:35,915 [grpc-default-executor-8] INFO  server.RaftServer$Division (RaftServerImpl.java:requestVote(1389)) - 93bda13b-2c91-401a-a9f5-fc4ebb9220da@group-6F96808B8C5E: receive requestVote(PRE_VOTE, fa054618-3a8f-49b0-93d4-5933c936b659, group-6F96808B8C5E, 0, (t:0, i:0))
2024-05-12 17:43:35,915 [grpc-default-executor-8] INFO  impl.VoteContext (VoteContext.java:log(49)) - 93bda13b-2c91-401a-a9f5-fc4ebb9220da@group-6F96808B8C5E-FOLLOWER: accept PRE_VOTE from fa054618-3a8f-49b0-93d4-5933c936b659: our priority 0 <= candidate's priority 1
2024-05-12 17:43:35,915 [grpc-default-executor-8] INFO  server.RaftServer$Division (RaftServerImpl.java:requestVote(1422)) - 93bda13b-2c91-401a-a9f5-fc4ebb9220da@group-6F96808B8C5E replies to PRE_VOTE vote request: fa054618-3a8f-49b0-93d4-5933c936b659<-93bda13b-2c91-401a-a9f5-fc4ebb9220da#0:OK-t0. Peer's state: 93bda13b-2c91-401a-a9f5-fc4ebb9220da@group-6F96808B8C5E:t0, leader=null, voted=, raftlog=Memoized:93bda13b-2c91-401a-a9f5-fc4ebb9220da@group-6F96808B8C5E-SegmentedRaftLog:OPENED:c-1, conf=-1: peers:[93bda13b-2c91-401a-a9f5-fc4ebb9220da|127.0.0.1:15362, fa054618-3a8f-49b0-93d4-5933c936b659|127.0.0.1:15371, a33fd443-9c01-43ff-9618-b7376da7e75d|127.0.0.1:15389]|listeners:[], old=null
2024-05-12 17:43:35,917 [fa054618-3a8f-49b0-93d4-5933c936b659@group-6F96808B8C5E-LeaderElection289] INFO  impl.LeaderElection (LeaderElection.java:logAndReturn(89)) - fa054618-3a8f-49b0-93d4-5933c936b659@group-6F96808B8C5E-LeaderElection289: PRE_VOTE PASSED received 1 response(s) and 0 exception(s):
2024-05-12 17:43:35,917 [fa054618-3a8f-49b0-93d4-5933c936b659@group-6F96808B8C5E-LeaderElection289] INFO  impl.LeaderElection (LeaderElection.java:logAndReturn(93)) -   Response 0: fa054618-3a8f-49b0-93d4-5933c936b659<-93bda13b-2c91-401a-a9f5-fc4ebb9220da#0:OK-t0
2024-05-12 17:43:35,917 [fa054618-3a8f-49b0-93d4-5933c936b659@group-6F96808B8C5E-LeaderElection289] INFO  impl.LeaderElection (LeaderElection.java:askForVotes(323)) - fa054618-3a8f-49b0-93d4-5933c936b659@group-6F96808B8C5E-LeaderElection289 PRE_VOTE round 0: result PASSED
2024-05-12 17:43:35,918 [grpc-default-executor-8] INFO  server.RaftServer$Division (RaftServerImpl.java:requestVote(1389)) - a33fd443-9c01-43ff-9618-b7376da7e75d@group-6F96808B8C5E: receive requestVote(PRE_VOTE, fa054618-3a8f-49b0-93d4-5933c936b659, group-6F96808B8C5E, 0, (t:0, i:0))
2024-05-12 17:43:35,918 [grpc-default-executor-8] INFO  impl.VoteContext (VoteContext.java:log(49)) - a33fd443-9c01-43ff-9618-b7376da7e75d@group-6F96808B8C5E-FOLLOWER: accept PRE_VOTE from fa054618-3a8f-49b0-93d4-5933c936b659: our priority 0 <= candidate's priority 1
2024-05-12 17:43:35,918 [grpc-default-executor-8] INFO  server.RaftServer$Division (RaftServerImpl.java:requestVote(1422)) - a33fd443-9c01-43ff-9618-b7376da7e75d@group-6F96808B8C5E replies to PRE_VOTE vote request: fa054618-3a8f-49b0-93d4-5933c936b659<-a33fd443-9c01-43ff-9618-b7376da7e75d#0:OK-t0. Peer's state: a33fd443-9c01-43ff-9618-b7376da7e75d@group-6F96808B8C5E:t0, leader=null, voted=, raftlog=Memoized:a33fd443-9c01-43ff-9618-b7376da7e75d@group-6F96808B8C5E-SegmentedRaftLog:OPENED:c-1, conf=-1: peers:[93bda13b-2c91-401a-a9f5-fc4ebb9220da|127.0.0.1:15362, fa054618-3a8f-49b0-93d4-5933c936b659|127.0.0.1:15371, a33fd443-9c01-43ff-9618-b7376da7e75d|127.0.0.1:15389]|listeners:[], old=null
2024-05-12 17:43:35,919 [fa054618-3a8f-49b0-93d4-5933c936b659@group-6F96808B8C5E-LeaderElection289] INFO  impl.LeaderElection (LeaderElection.java:askForVotes(321)) - fa054618-3a8f-49b0-93d4-5933c936b659@group-6F96808B8C5E-LeaderElection289 ELECTION round 0: submit vote requests at term 1 for -1: peers:[93bda13b-2c91-401a-a9f5-fc4ebb9220da|127.0.0.1:15362, fa054618-3a8f-49b0-93d4-5933c936b659|127.0.0.1:15371, a33fd443-9c01-43ff-9618-b7376da7e75d|127.0.0.1:15389]|listeners:[], old=null
2024-05-12 17:43:35,919 [fa054618-3a8f-49b0-93d4-5933c936b659@group-6F96808B8C5E-LeaderElection289] INFO  server.RaftServerConfigKeys (ConfUtils.java:logFallback(53)) - raft.server.rpc.first-election.timeout.min = 1s (fallback to raft.server.rpc.timeout.min)
2024-05-12 17:43:35,919 [fa054618-3a8f-49b0-93d4-5933c936b659@group-6F96808B8C5E-LeaderElection289] INFO  server.RaftServerConfigKeys (ConfUtils.java:logFallback(53)) - raft.server.rpc.first-election.timeout.max = 1200ms (fallback to raft.server.rpc.timeout.max)
2024-05-12 17:43:35,920 [grpc-default-executor-8] INFO  server.RaftServer$Division (RaftServerImpl.java:requestVote(1389)) - a33fd443-9c01-43ff-9618-b7376da7e75d@group-6F96808B8C5E: receive requestVote(ELECTION, fa054618-3a8f-49b0-93d4-5933c936b659, group-6F96808B8C5E, 1, (t:0, i:0))
2024-05-12 17:43:35,920 [grpc-default-executor-8] INFO  impl.VoteContext (VoteContext.java:log(49)) - a33fd443-9c01-43ff-9618-b7376da7e75d@group-6F96808B8C5E-FOLLOWER: accept ELECTION from fa054618-3a8f-49b0-93d4-5933c936b659: our priority 0 <= candidate's priority 1
2024-05-12 17:43:35,920 [grpc-default-executor-8] INFO  server.RaftServer$Division (RaftServerImpl.java:setRole(383)) - a33fd443-9c01-43ff-9618-b7376da7e75d@group-6F96808B8C5E: changes role from  FOLLOWER to FOLLOWER at term 1 for candidate:fa054618-3a8f-49b0-93d4-5933c936b659
2024-05-12 17:43:35,920 [grpc-default-executor-8] INFO  impl.RoleInfo (RoleInfo.java:shutdownFollowerState(110)) - a33fd443-9c01-43ff-9618-b7376da7e75d: shutdown a33fd443-9c01-43ff-9618-b7376da7e75d@group-6F96808B8C5E-FollowerState
2024-05-12 17:43:35,920 [grpc-default-executor-8] INFO  impl.RoleInfo (RoleInfo.java:updateAndGet(139)) - a33fd443-9c01-43ff-9618-b7376da7e75d: start a33fd443-9c01-43ff-9618-b7376da7e75d@group-6F96808B8C5E-FollowerState
2024-05-12 17:43:35,920 [a33fd443-9c01-43ff-9618-b7376da7e75d@group-6F96808B8C5E-FollowerState] INFO  impl.FollowerState (FollowerState.java:run(152)) - a33fd443-9c01-43ff-9618-b7376da7e75d@group-6F96808B8C5E-FollowerState was interrupted
2024-05-12 17:43:35,920 [grpc-default-executor-3] INFO  server.RaftServer$Division (RaftServerImpl.java:requestVote(1389)) - 93bda13b-2c91-401a-a9f5-fc4ebb9220da@group-6F96808B8C5E: receive requestVote(ELECTION, fa054618-3a8f-49b0-93d4-5933c936b659, group-6F96808B8C5E, 1, (t:0, i:0))
2024-05-12 17:43:35,920 [grpc-default-executor-3] INFO  impl.VoteContext (VoteContext.java:log(49)) - 93bda13b-2c91-401a-a9f5-fc4ebb9220da@group-6F96808B8C5E-FOLLOWER: accept ELECTION from fa054618-3a8f-49b0-93d4-5933c936b659: our priority 0 <= candidate's priority 1
2024-05-12 17:43:35,920 [grpc-default-executor-3] INFO  server.RaftServer$Division (RaftServerImpl.java:setRole(383)) - 93bda13b-2c91-401a-a9f5-fc4ebb9220da@group-6F96808B8C5E: changes role from  FOLLOWER to FOLLOWER at term 1 for candidate:fa054618-3a8f-49b0-93d4-5933c936b659
2024-05-12 17:43:35,920 [grpc-default-executor-3] INFO  impl.RoleInfo (RoleInfo.java:shutdownFollowerState(110)) - 93bda13b-2c91-401a-a9f5-fc4ebb9220da: shutdown 93bda13b-2c91-401a-a9f5-fc4ebb9220da@group-6F96808B8C5E-FollowerState
2024-05-12 17:43:35,920 [grpc-default-executor-3] INFO  impl.RoleInfo (RoleInfo.java:updateAndGet(139)) - 93bda13b-2c91-401a-a9f5-fc4ebb9220da: start 93bda13b-2c91-401a-a9f5-fc4ebb9220da@group-6F96808B8C5E-FollowerState
2024-05-12 17:43:35,920 [93bda13b-2c91-401a-a9f5-fc4ebb9220da@group-6F96808B8C5E-FollowerState] INFO  impl.FollowerState (FollowerState.java:run(152)) - 93bda13b-2c91-401a-a9f5-fc4ebb9220da@group-6F96808B8C5E-FollowerState was interrupted
2024-05-12 17:43:35,921 [grpc-default-executor-3] INFO  server.RaftServer$Division (RaftServerImpl.java:setFirstElection(574)) - 93bda13b-2c91-401a-a9f5-fc4ebb9220da@group-6F96808B8C5E: set firstElectionSinceStartup to false for candidate:fa054618-3a8f-49b0-93d4-5933c936b659
2024-05-12 17:43:35,922 [grpc-default-executor-8] INFO  server.RaftServer$Division (RaftServerImpl.java:requestVote(1422)) - a33fd443-9c01-43ff-9618-b7376da7e75d@group-6F96808B8C5E replies to ELECTION vote request: fa054618-3a8f-49b0-93d4-5933c936b659<-a33fd443-9c01-43ff-9618-b7376da7e75d#0:OK-t1. Peer's state: a33fd443-9c01-43ff-9618-b7376da7e75d@group-6F96808B8C5E:t1, leader=null, voted=fa054618-3a8f-49b0-93d4-5933c936b659, raftlog=Memoized:a33fd443-9c01-43ff-9618-b7376da7e75d@group-6F96808B8C5E-SegmentedRaftLog:OPENED:c-1, conf=-1: peers:[93bda13b-2c91-401a-a9f5-fc4ebb9220da|127.0.0.1:15362, fa054618-3a8f-49b0-93d4-5933c936b659|127.0.0.1:15371, a33fd443-9c01-43ff-9618-b7376da7e75d|127.0.0.1:15389]|listeners:[], old=null
2024-05-12 17:43:35,924 [fa054618-3a8f-49b0-93d4-5933c936b659@group-6F96808B8C5E-LeaderElection289] INFO  impl.LeaderElection (LeaderElection.java:logAndReturn(89)) - fa054618-3a8f-49b0-93d4-5933c936b659@group-6F96808B8C5E-LeaderElection289: ELECTION PASSED received 1 response(s) and 0 exception(s):
2024-05-12 17:43:35,924 [fa054618-3a8f-49b0-93d4-5933c936b659@group-6F96808B8C5E-LeaderElection289] INFO  impl.LeaderElection (LeaderElection.java:logAndReturn(93)) -   Response 0: fa054618-3a8f-49b0-93d4-5933c936b659<-a33fd443-9c01-43ff-9618-b7376da7e75d#0:OK-t1
2024-05-12 17:43:35,924 [fa054618-3a8f-49b0-93d4-5933c936b659@group-6F96808B8C5E-LeaderElection289] INFO  impl.LeaderElection (LeaderElection.java:askForVotes(323)) - fa054618-3a8f-49b0-93d4-5933c936b659@group-6F96808B8C5E-LeaderElection289 ELECTION round 0: result PASSED
2024-05-12 17:43:35,924 [fa054618-3a8f-49b0-93d4-5933c936b659@group-6F96808B8C5E-LeaderElection289] INFO  impl.RoleInfo (RoleInfo.java:shutdownLeaderElection(130)) - fa054618-3a8f-49b0-93d4-5933c936b659: shutdown fa054618-3a8f-49b0-93d4-5933c936b659@group-6F96808B8C5E-LeaderElection289
2024-05-12 17:43:35,924 [fa054618-3a8f-49b0-93d4-5933c936b659@group-6F96808B8C5E-LeaderElection289] INFO  server.RaftServer$Division (RaftServerImpl.java:setRole(383)) - fa054618-3a8f-49b0-93d4-5933c936b659@group-6F96808B8C5E: changes role from CANDIDATE to LEADER at term 1 for changeToLeader
2024-05-12 17:43:35,924 [fa054618-3a8f-49b0-93d4-5933c936b659@group-6F96808B8C5E-LeaderElection289] INFO  server.RaftServerConfigKeys (ConfUtils.java:logGet(46)) - raft.server.staging.catchup.gap = 1000 (default)
2024-05-12 17:43:35,924 [fa054618-3a8f-49b0-93d4-5933c936b659@group-6F96808B8C5E-LeaderElection289] INFO  server.RaftServerConfigKeys (ConfUtils.java:logGet(46)) - raft.server.write.element-limit = 1024 (custom)
2024-05-12 17:43:35,924 [fa054618-3a8f-49b0-93d4-5933c936b659@group-6F96808B8C5E-LeaderElection289] INFO  server.RaftServerConfigKeys (ConfUtils.java:logGet(46)) - raft.server.write.byte-limit = 1024 M (=1073741824) (custom)
2024-05-12 17:43:35,925 [grpc-default-executor-3] INFO  server.RaftServer$Division (RaftServerImpl.java:requestVote(1422)) - 93bda13b-2c91-401a-a9f5-fc4ebb9220da@group-6F96808B8C5E replies to ELECTION vote request: fa054618-3a8f-49b0-93d4-5933c936b659<-93bda13b-2c91-401a-a9f5-fc4ebb9220da#0:OK-t1. Peer's state: 93bda13b-2c91-401a-a9f5-fc4ebb9220da@group-6F96808B8C5E:t1, leader=null, voted=fa054618-3a8f-49b0-93d4-5933c936b659, raftlog=Memoized:93bda13b-2c91-401a-a9f5-fc4ebb9220da@group-6F96808B8C5E-SegmentedRaftLog:OPENED:c-1, conf=-1: peers:[93bda13b-2c91-401a-a9f5-fc4ebb9220da|127.0.0.1:15362, fa054618-3a8f-49b0-93d4-5933c936b659|127.0.0.1:15371, a33fd443-9c01-43ff-9618-b7376da7e75d|127.0.0.1:15389]|listeners:[], old=null
2024-05-12 17:43:35,925 [fa054618-3a8f-49b0-93d4-5933c936b659@group-6F96808B8C5E-LeaderElection289] INFO  server.RaftServerConfigKeys (ConfUtils.java:logGet(46)) - raft.server.watch.timeout = 3000ms (custom)
2024-05-12 17:43:35,925 [fa054618-3a8f-49b0-93d4-5933c936b659@group-6F96808B8C5E-LeaderElection289] INFO  server.RaftServerConfigKeys (ConfUtils.java:logGet(46)) - raft.server.watch.timeout.denomination = 1s (default)
2024-05-12 17:43:35,925 [fa054618-3a8f-49b0-93d4-5933c936b659@group-6F96808B8C5E-LeaderElection289] INFO  server.RaftServerConfigKeys (ConfUtils.java:logGet(46)) - raft.server.watch.element-limit = 65536 (default)
2024-05-12 17:43:35,925 [fa054618-3a8f-49b0-93d4-5933c936b659@group-6F96808B8C5E-LeaderElection289] INFO  server.RaftServerConfigKeys (ConfUtils.java:logGet(46)) - raft.server.read.leader.lease.enabled = false (default)
2024-05-12 17:43:35,925 [fa054618-3a8f-49b0-93d4-5933c936b659@group-6F96808B8C5E-LeaderElection289] INFO  server.RaftServerConfigKeys (ConfUtils.java:logGet(46)) - raft.server.read.leader.lease.timeout.ratio = 0.9 (default)
2024-05-12 17:43:35,925 [fa054618-3a8f-49b0-93d4-5933c936b659@group-6F96808B8C5E-LeaderElection289] INFO  server.RaftServerConfigKeys (ConfUtils.java:logGet(46)) - raft.server.rpc.timeout.min = 1s (custom)
2024-05-12 17:43:35,925 [fa054618-3a8f-49b0-93d4-5933c936b659@group-6F96808B8C5E-LeaderElection289] INFO  server.RaftServerConfigKeys (ConfUtils.java:logGet(46)) - raft.server.write.element-limit = 1024 (custom)
2024-05-12 17:43:35,925 [fa054618-3a8f-49b0-93d4-5933c936b659@group-6F96808B8C5E-LeaderElection289] INFO  server.RaftServerConfigKeys (ConfUtils.java:logGet(46)) - raft.server.write.follower.gap.ratio.max = -1.0 (default)
2024-05-12 17:43:35,925 [fa054618-3a8f-49b0-93d4-5933c936b659@group-6F96808B8C5E-LeaderElection289] INFO  server.RaftServerConfigKeys (ConfUtils.java:logGet(46)) - raft.server.log.appender.snapshot.chunk.size.max = 16MB (=16777216) (default)
2024-05-12 17:43:35,925 [fa054618-3a8f-49b0-93d4-5933c936b659@group-6F96808B8C5E-LeaderElection289] INFO  server.RaftServerConfigKeys (ConfUtils.java:logGet(46)) - raft.server.log.appender.buffer.byte-limit = 8388608 (custom)
2024-05-12 17:43:35,926 [fa054618-3a8f-49b0-93d4-5933c936b659@group-6F96808B8C5E-LeaderElection289] INFO  server.RaftServerConfigKeys (ConfUtils.java:logGet(46)) - raft.server.log.appender.buffer.element-limit = 1 (custom)
2024-05-12 17:43:35,926 [fa054618-3a8f-49b0-93d4-5933c936b659@group-6F96808B8C5E-LeaderElection289] INFO  server.RaftServerConfigKeys (ConfUtils.java:logGet(46)) - raft.server.log.appender.wait-time.min = 0ms (custom)
2024-05-12 17:43:35,926 [fa054618-3a8f-49b0-93d4-5933c936b659@group-6F96808B8C5E-LeaderElection289] INFO  grpc.GrpcConfigKeys (ConfUtils.java:logGet(46)) - raft.grpc.server.leader.outstanding.appends.max = 8 (default)
2024-05-12 17:43:35,926 [fa054618-3a8f-49b0-93d4-5933c936b659@group-6F96808B8C5E-LeaderElection289] INFO  server.RaftServerConfigKeys (ConfUtils.java:logGet(46)) - raft.server.rpc.request.timeout = 3000ms (default)
2024-05-12 17:43:35,926 [fa054618-3a8f-49b0-93d4-5933c936b659@group-6F96808B8C5E-LeaderElection289] INFO  grpc.GrpcConfigKeys (ConfUtils.java:logGet(46)) - raft.grpc.server.install_snapshot.request.element-limit = 8 (default)
2024-05-12 17:43:35,926 [fa054618-3a8f-49b0-93d4-5933c936b659@group-6F96808B8C5E-LeaderElection289] INFO  grpc.GrpcConfigKeys (ConfUtils.java:logGet(46)) - raft.grpc.server.install_snapshot.request.timeout = 3000ms (default)
2024-05-12 17:43:35,926 [fa054618-3a8f-49b0-93d4-5933c936b659@group-6F96808B8C5E-LeaderElection289] INFO  grpc.GrpcConfigKeys (ConfUtils.java:logGet(46)) - raft.grpc.server.log-message.batch.duration = 5s (default)
2024-05-12 17:43:35,926 [fa054618-3a8f-49b0-93d4-5933c936b659@group-6F96808B8C5E-LeaderElection289] INFO  server.RaftServerConfigKeys (ConfUtils.java:logGet(46)) - raft.server.log.appender.install.snapshot.enabled = false (custom)
2024-05-12 17:43:35,926 [fa054618-3a8f-49b0-93d4-5933c936b659@group-6F96808B8C5E-LeaderElection289] INFO  grpc.GrpcConfigKeys (ConfUtils.java:logGet(46)) - raft.grpc.server.heartbeat.channel = true (default)
2024-05-12 17:43:35,927 [fa054618-3a8f-49b0-93d4-5933c936b659@group-6F96808B8C5E-LeaderElection289] INFO  server.RaftServerConfigKeys (ConfUtils.java:logGet(46)) - raft.server.log.appender.snapshot.chunk.size.max = 16MB (=16777216) (default)
2024-05-12 17:43:35,927 [fa054618-3a8f-49b0-93d4-5933c936b659@group-6F96808B8C5E-LeaderElection289] INFO  server.RaftServerConfigKeys (ConfUtils.java:logGet(46)) - raft.server.log.appender.buffer.byte-limit = 8388608 (custom)
2024-05-12 17:43:35,927 [fa054618-3a8f-49b0-93d4-5933c936b659@group-6F96808B8C5E-LeaderElection289] INFO  server.RaftServerConfigKeys (ConfUtils.java:logGet(46)) - raft.server.log.appender.buffer.element-limit = 1 (custom)
2024-05-12 17:43:35,927 [fa054618-3a8f-49b0-93d4-5933c936b659@group-6F96808B8C5E-LeaderElection289] INFO  server.RaftServerConfigKeys (ConfUtils.java:logGet(46)) - raft.server.log.appender.wait-time.min = 0ms (custom)
2024-05-12 17:43:35,927 [fa054618-3a8f-49b0-93d4-5933c936b659@group-6F96808B8C5E-LeaderElection289] INFO  grpc.GrpcConfigKeys (ConfUtils.java:logGet(46)) - raft.grpc.server.leader.outstanding.appends.max = 8 (default)
2024-05-12 17:43:35,927 [fa054618-3a8f-49b0-93d4-5933c936b659@group-6F96808B8C5E-LeaderElection289] INFO  server.RaftServerConfigKeys (ConfUtils.java:logGet(46)) - raft.server.rpc.request.timeout = 3000ms (default)
2024-05-12 17:43:35,927 [fa054618-3a8f-49b0-93d4-5933c936b659@group-6F96808B8C5E-LeaderElection289] INFO  grpc.GrpcConfigKeys (ConfUtils.java:logGet(46)) - raft.grpc.server.install_snapshot.request.element-limit = 8 (default)
2024-05-12 17:43:35,927 [fa054618-3a8f-49b0-93d4-5933c936b659@group-6F96808B8C5E-LeaderElection289] INFO  grpc.GrpcConfigKeys (ConfUtils.java:logGet(46)) - raft.grpc.server.install_snapshot.request.timeout = 3000ms (default)
2024-05-12 17:43:35,927 [fa054618-3a8f-49b0-93d4-5933c936b659@group-6F96808B8C5E-LeaderElection289] INFO  grpc.GrpcConfigKeys (ConfUtils.java:logGet(46)) - raft.grpc.server.log-message.batch.duration = 5s (default)
2024-05-12 17:43:35,928 [fa054618-3a8f-49b0-93d4-5933c936b659@group-6F96808B8C5E-LeaderElection289] INFO  server.RaftServerConfigKeys (ConfUtils.java:logGet(46)) - raft.server.log.appender.install.snapshot.enabled = false (custom)
2024-05-12 17:43:35,928 [fa054618-3a8f-49b0-93d4-5933c936b659@group-6F96808B8C5E-LeaderElection289] INFO  grpc.GrpcConfigKeys (ConfUtils.java:logGet(46)) - raft.grpc.server.heartbeat.channel = true (default)
2024-05-12 17:43:35,928 [fa054618-3a8f-49b0-93d4-5933c936b659@group-6F96808B8C5E-LeaderElection289] INFO  impl.RoleInfo (RoleInfo.java:updateAndGet(139)) - fa054618-3a8f-49b0-93d4-5933c936b659: start fa054618-3a8f-49b0-93d4-5933c936b659@group-6F96808B8C5E-LeaderStateImpl
2024-05-12 17:43:35,928 [fa054618-3a8f-49b0-93d4-5933c936b659@group-6F96808B8C5E-LeaderElection289] INFO  server.RaftServer$Division (RaftServerImpl.java:setFirstElection(574)) - fa054618-3a8f-49b0-93d4-5933c936b659@group-6F96808B8C5E: set firstElectionSinceStartup to false for becomeLeader
2024-05-12 17:43:35,928 [fa054618-3a8f-49b0-93d4-5933c936b659@group-6F96808B8C5E-LeaderElection289] INFO  ratis.XceiverServerRatis (XceiverServerRatis.java:handleLeaderChangedNotification(966)) - Leader change notification received for group: group-6F96808B8C5E with new leaderId: fa054618-3a8f-49b0-93d4-5933c936b659
2024-05-12 17:43:35,928 [fa054618-3a8f-49b0-93d4-5933c936b659@group-6F96808B8C5E-LeaderElection289] INFO  server.RaftServer$Division (ServerState.java:setLeader(269)) - fa054618-3a8f-49b0-93d4-5933c936b659@group-6F96808B8C5E: change Leader from null to fa054618-3a8f-49b0-93d4-5933c936b659 at term 1 for becomeLeader, leader elected after 1159ms
2024-05-12 17:43:35,928 [fa054618-3a8f-49b0-93d4-5933c936b659@group-6F96808B8C5E-LeaderElection289] INFO  segmented.SegmentedRaftLogWorker (SegmentedRaftLogWorker.java:startLogSegment(430)) - fa054618-3a8f-49b0-93d4-5933c936b659@group-6F96808B8C5E-SegmentedRaftLogWorker: Starting segment from index:0
2024-05-12 17:43:35,928 [fa054618-3a8f-49b0-93d4-5933c936b659@group-6F96808B8C5E-LeaderElection289] INFO  server.RaftServer$Division (ServerState.java:setRaftConf(386)) - fa054618-3a8f-49b0-93d4-5933c936b659@group-6F96808B8C5E: set configuration 0: peers:[93bda13b-2c91-401a-a9f5-fc4ebb9220da|127.0.0.1:15362, fa054618-3a8f-49b0-93d4-5933c936b659|127.0.0.1:15371, a33fd443-9c01-43ff-9618-b7376da7e75d|127.0.0.1:15389]|listeners:[], old=null
2024-05-12 17:43:35,929 [fa054618-3a8f-49b0-93d4-5933c936b659@group-6F96808B8C5E-SegmentedRaftLogWorker] INFO  segmented.BufferedWriteChannel (BufferedWriteChannel.java:open(62)) - open log_inprogress_0 at position 0
2024-05-12 17:43:35,933 [EventQueue-PipelineReportForPipelineReportHandler] INFO  pipeline.PipelineReportHandler (PipelineReportHandler.java:processPipelineReport(136)) - Opened pipeline PipelineID=28b3b979-6b86-4294-a0ef-6f96808b8c5e
2024-05-12 17:43:35,936 [fa054618-3a8f-49b0-93d4-5933c936b659@group-6F96808B8C5E-SegmentedRaftLogWorker] INFO  segmented.SegmentedRaftLogWorker (SegmentedRaftLogWorker.java:execute(634)) - fa054618-3a8f-49b0-93d4-5933c936b659@group-6F96808B8C5E-SegmentedRaftLogWorker: created new log segment /home/runner/work/ozone/ozone/hadoop-ozone/integration-test/target/test-dir/MiniOzoneClusterImpl-71ef5771-1bca-432b-8888-38dc3c8d5d63/ozone-meta/datanode-8/ratis/28b3b979-6b86-4294-a0ef-6f96808b8c5e/current/log_inprogress_0
2024-05-12 17:43:35,943 [93bda13b-2c91-401a-a9f5-fc4ebb9220da-server-thread1] INFO  ratis.XceiverServerRatis (XceiverServerRatis.java:handleLeaderChangedNotification(966)) - Leader change notification received for group: group-6F96808B8C5E with new leaderId: fa054618-3a8f-49b0-93d4-5933c936b659
2024-05-12 17:43:35,944 [93bda13b-2c91-401a-a9f5-fc4ebb9220da-server-thread1] INFO  server.RaftServer$Division (ServerState.java:setLeader(269)) - 93bda13b-2c91-401a-a9f5-fc4ebb9220da@group-6F96808B8C5E: change Leader from null to fa054618-3a8f-49b0-93d4-5933c936b659 at term 1 for appendEntries, leader elected after 1199ms
2024-05-12 17:43:35,944 [a33fd443-9c01-43ff-9618-b7376da7e75d-server-thread1] INFO  ratis.XceiverServerRatis (XceiverServerRatis.java:handleLeaderChangedNotification(966)) - Leader change notification received for group: group-6F96808B8C5E with new leaderId: fa054618-3a8f-49b0-93d4-5933c936b659
2024-05-12 17:43:35,944 [a33fd443-9c01-43ff-9618-b7376da7e75d-server-thread1] INFO  server.RaftServer$Division (ServerState.java:setLeader(269)) - a33fd443-9c01-43ff-9618-b7376da7e75d@group-6F96808B8C5E: change Leader from null to fa054618-3a8f-49b0-93d4-5933c936b659 at term 1 for appendEntries, leader elected after 1218ms
2024-05-12 17:43:35,944 [93bda13b-2c91-401a-a9f5-fc4ebb9220da-server-thread2] INFO  server.RaftServer$Division (ServerState.java:setRaftConf(386)) - 93bda13b-2c91-401a-a9f5-fc4ebb9220da@group-6F96808B8C5E: set configuration 0: peers:[93bda13b-2c91-401a-a9f5-fc4ebb9220da|127.0.0.1:15362, fa054618-3a8f-49b0-93d4-5933c936b659|127.0.0.1:15371, a33fd443-9c01-43ff-9618-b7376da7e75d|127.0.0.1:15389]|listeners:[], old=null
2024-05-12 17:43:35,944 [93bda13b-2c91-401a-a9f5-fc4ebb9220da-server-thread2] INFO  segmented.SegmentedRaftLogWorker (SegmentedRaftLogWorker.java:startLogSegment(430)) - 93bda13b-2c91-401a-a9f5-fc4ebb9220da@group-6F96808B8C5E-SegmentedRaftLogWorker: Starting segment from index:0
2024-05-12 17:43:35,944 [93bda13b-2c91-401a-a9f5-fc4ebb9220da@group-6F96808B8C5E-SegmentedRaftLogWorker] INFO  segmented.BufferedWriteChannel (BufferedWriteChannel.java:open(62)) - open log_inprogress_0 at position 0
2024-05-12 17:43:35,946 [a33fd443-9c01-43ff-9618-b7376da7e75d-server-thread3] INFO  server.RaftServer$Division (ServerState.java:setRaftConf(386)) - a33fd443-9c01-43ff-9618-b7376da7e75d@group-6F96808B8C5E: set configuration 0: peers:[93bda13b-2c91-401a-a9f5-fc4ebb9220da|127.0.0.1:15362, fa054618-3a8f-49b0-93d4-5933c936b659|127.0.0.1:15371, a33fd443-9c01-43ff-9618-b7376da7e75d|127.0.0.1:15389]|listeners:[], old=null
2024-05-12 17:43:35,946 [a33fd443-9c01-43ff-9618-b7376da7e75d-server-thread3] INFO  segmented.SegmentedRaftLogWorker (SegmentedRaftLogWorker.java:startLogSegment(430)) - a33fd443-9c01-43ff-9618-b7376da7e75d@group-6F96808B8C5E-SegmentedRaftLogWorker: Starting segment from index:0
2024-05-12 17:43:35,946 [a33fd443-9c01-43ff-9618-b7376da7e75d@group-6F96808B8C5E-SegmentedRaftLogWorker] INFO  segmented.BufferedWriteChannel (BufferedWriteChannel.java:open(62)) - open log_inprogress_0 at position 0
2024-05-12 17:43:35,955 [93bda13b-2c91-401a-a9f5-fc4ebb9220da@group-6F96808B8C5E-SegmentedRaftLogWorker] INFO  segmented.SegmentedRaftLogWorker (SegmentedRaftLogWorker.java:execute(634)) - 93bda13b-2c91-401a-a9f5-fc4ebb9220da@group-6F96808B8C5E-SegmentedRaftLogWorker: created new log segment /home/runner/work/ozone/ozone/hadoop-ozone/integration-test/target/test-dir/MiniOzoneClusterImpl-71ef5771-1bca-432b-8888-38dc3c8d5d63/ozone-meta/datanode-7/ratis/28b3b979-6b86-4294-a0ef-6f96808b8c5e/current/log_inprogress_0
2024-05-12 17:43:35,955 [a33fd443-9c01-43ff-9618-b7376da7e75d@group-6F96808B8C5E-SegmentedRaftLogWorker] INFO  segmented.SegmentedRaftLogWorker (SegmentedRaftLogWorker.java:execute(634)) - a33fd443-9c01-43ff-9618-b7376da7e75d@group-6F96808B8C5E-SegmentedRaftLogWorker: created new log segment /home/runner/work/ozone/ozone/hadoop-ozone/integration-test/target/test-dir/MiniOzoneClusterImpl-71ef5771-1bca-432b-8888-38dc3c8d5d63/ozone-meta/datanode-10/ratis/28b3b979-6b86-4294-a0ef-6f96808b8c5e/current/log_inprogress_0
2024-05-12 17:43:35,957 [fa054618-3a8f-49b0-93d4-5933c936b659@group-6F96808B8C5E-StateMachineUpdater] INFO  server.RaftServer$Division (LeaderStateImpl.java:isApplied(320)) - leader is ready since appliedIndex == 0 >= startIndex == 0
2024-05-12 17:43:37,112 [grpc-default-executor-10] WARN  server.GrpcLogAppender (LogUtils.java:warn(121)) - fa054618-3a8f-49b0-93d4-5933c936b659@group-2BFC12537A18->a0742c66-ae9f-48ce-9181-086e540b3b62-AppendLogResponseHandler: Failed appendEntries: org.apache.ratis.thirdparty.io.grpc.StatusRuntimeException: UNAVAILABLE: io exception
2024-05-12 17:43:37,112 [grpc-default-executor-7] WARN  server.GrpcLogAppender (GrpcLogAppender.java:lambda$resetClient$1(217)) - fa054618-3a8f-49b0-93d4-5933c936b659@group-2BFC12537A18->a0742c66-ae9f-48ce-9181-086e540b3b62-GrpcLogAppender: Follower failed (request=null, errorCount=83); keep nextIndex (10) unchanged and retry.
2024-05-12 17:43:37,664 [grpc-default-executor-7] WARN  server.GrpcLogAppender (LogUtils.java:warn(121)) - fa054618-3a8f-49b0-93d4-5933c936b659@group-13A0CAA15F1F->a0742c66-ae9f-48ce-9181-086e540b3b62-AppendLogResponseHandler: Failed appendEntries: org.apache.ratis.thirdparty.io.grpc.StatusRuntimeException: UNAVAILABLE: io exception
2024-05-12 17:43:37,665 [grpc-default-executor-10] WARN  server.GrpcLogAppender (GrpcLogAppender.java:lambda$resetClient$1(217)) - fa054618-3a8f-49b0-93d4-5933c936b659@group-13A0CAA15F1F->a0742c66-ae9f-48ce-9181-086e540b3b62-GrpcLogAppender: Follower failed (request=null, errorCount=77); keep nextIndex (1) unchanged and retry.
2024-05-12 17:43:42,112 [timer6] WARN  server.GrpcLogAppender (GrpcLogAppender.java:lambda$resetClient$1(217)) - fa054618-3a8f-49b0-93d4-5933c936b659@group-2BFC12537A18->a0742c66-ae9f-48ce-9181-086e540b3b62-GrpcLogAppender: Follower failed (request=null, errorCount=84); keep nextIndex (10) unchanged and retry. (Repeated 2 times in the last 5.000s)
2024-05-12 17:43:42,113 [timer5] WARN  server.GrpcLogAppender (LogUtils.java:warn(121)) - fa054618-3a8f-49b0-93d4-5933c936b659@group-2BFC12537A18->a0742c66-ae9f-48ce-9181-086e540b3b62-AppendLogResponseHandler: Failed appendEntries (Repeated 2 times in the last 5.001s): org.apache.ratis.thirdparty.io.grpc.StatusRuntimeException: UNAVAILABLE: io exception
2024-05-12 17:43:42,665 [timer4] WARN  server.GrpcLogAppender (LogUtils.java:warn(121)) - fa054618-3a8f-49b0-93d4-5933c936b659@group-13A0CAA15F1F->a0742c66-ae9f-48ce-9181-086e540b3b62-AppendLogResponseHandler: Failed appendEntries (Repeated 2 times in the last 5.000s): org.apache.ratis.thirdparty.io.grpc.StatusRuntimeException: UNAVAILABLE: io exception
2024-05-12 17:43:42,665 [timer5] WARN  server.GrpcLogAppender (GrpcLogAppender.java:lambda$resetClient$1(217)) - fa054618-3a8f-49b0-93d4-5933c936b659@group-13A0CAA15F1F->a0742c66-ae9f-48ce-9181-086e540b3b62-GrpcLogAppender: Follower failed (request=null, errorCount=78); keep nextIndex (1) unchanged and retry. (Repeated 2 times in the last 5.000s)
2024-05-12 17:43:44,145 [grpc-default-executor-10] WARN  server.GrpcLogAppender (LogUtils.java:warn(121)) - fa054618-3a8f-49b0-93d4-5933c936b659@group-2BFC12537A18->a0742c66-ae9f-48ce-9181-086e540b3b62-AppendLogResponseHandler: Failed appendEntries: org.apache.ratis.thirdparty.io.grpc.StatusRuntimeException: UNAVAILABLE: io exception
2024-05-12 17:43:44,145 [grpc-default-executor-7] WARN  server.GrpcLogAppender (GrpcLogAppender.java:lambda$resetClient$1(217)) - fa054618-3a8f-49b0-93d4-5933c936b659@group-2BFC12537A18->a0742c66-ae9f-48ce-9181-086e540b3b62-GrpcLogAppender: Follower failed (request=null, errorCount=85); keep nextIndex (10) unchanged and retry.
2024-05-12 17:43:44,324 [grpc-default-executor-7] WARN  server.GrpcLogAppender (LogUtils.java:warn(121)) - fa054618-3a8f-49b0-93d4-5933c936b659@group-13A0CAA15F1F->a0742c66-ae9f-48ce-9181-086e540b3b62-AppendLogResponseHandler: Failed appendEntries: org.apache.ratis.thirdparty.io.grpc.StatusRuntimeException: UNAVAILABLE: io exception
2024-05-12 17:43:44,324 [grpc-default-executor-10] WARN  server.GrpcLogAppender (GrpcLogAppender.java:lambda$resetClient$1(217)) - fa054618-3a8f-49b0-93d4-5933c936b659@group-13A0CAA15F1F->a0742c66-ae9f-48ce-9181-086e540b3b62-GrpcLogAppender: Follower failed (request=null, errorCount=79); keep nextIndex (1) unchanged and retry.
2024-05-12 17:43:49,145 [timer6] WARN  server.GrpcLogAppender (GrpcLogAppender.java:lambda$resetClient$1(217)) - fa054618-3a8f-49b0-93d4-5933c936b659@group-2BFC12537A18->a0742c66-ae9f-48ce-9181-086e540b3b62-GrpcLogAppender: Follower failed (request=null, errorCount=88); keep nextIndex (10) unchanged and retry. (Repeated 4 times in the last 5.000s)
2024-05-12 17:43:49,145 [timer5] WARN  server.GrpcLogAppender (LogUtils.java:warn(121)) - fa054618-3a8f-49b0-93d4-5933c936b659@group-2BFC12537A18->a0742c66-ae9f-48ce-9181-086e540b3b62-AppendLogResponseHandler: Failed appendEntries (Repeated 4 times in the last 5.000s): org.apache.ratis.thirdparty.io.grpc.StatusRuntimeException: UNAVAILABLE: io exception
2024-05-12 17:43:49,324 [timer1] WARN  server.GrpcLogAppender (GrpcLogAppender.java:lambda$resetClient$1(217)) - fa054618-3a8f-49b0-93d4-5933c936b659@group-13A0CAA15F1F->a0742c66-ae9f-48ce-9181-086e540b3b62-GrpcLogAppender: Follower failed (request=null, errorCount=82); keep nextIndex (1) unchanged and retry. (Repeated 4 times in the last 5.001s)
2024-05-12 17:43:49,325 [timer0] WARN  server.GrpcLogAppender (LogUtils.java:warn(121)) - fa054618-3a8f-49b0-93d4-5933c936b659@group-13A0CAA15F1F->a0742c66-ae9f-48ce-9181-086e540b3b62-AppendLogResponseHandler: Failed appendEntries (Repeated 4 times in the last 5.001s): org.apache.ratis.thirdparty.io.grpc.StatusRuntimeException: UNAVAILABLE: io exception
2024-05-12 17:43:50,240 [grpc-default-executor-10] WARN  server.GrpcLogAppender (LogUtils.java:warn(121)) - fa054618-3a8f-49b0-93d4-5933c936b659@group-2BFC12537A18->a0742c66-ae9f-48ce-9181-086e540b3b62-AppendLogResponseHandler: Failed appendEntries: org.apache.ratis.thirdparty.io.grpc.StatusRuntimeException: UNAVAILABLE: io exception
2024-05-12 17:43:50,241 [grpc-default-executor-7] WARN  server.GrpcLogAppender (GrpcLogAppender.java:lambda$resetClient$1(217)) - fa054618-3a8f-49b0-93d4-5933c936b659@group-2BFC12537A18->a0742c66-ae9f-48ce-9181-086e540b3b62-GrpcLogAppender: Follower failed (request=null, errorCount=89); keep nextIndex (10) unchanged and retry.
2024-05-12 17:43:50,488 [grpc-default-executor-7] WARN  server.GrpcLogAppender (LogUtils.java:warn(121)) - fa054618-3a8f-49b0-93d4-5933c936b659@group-13A0CAA15F1F->a0742c66-ae9f-48ce-9181-086e540b3b62-AppendLogResponseHandler: Failed appendEntries: org.apache.ratis.thirdparty.io.grpc.StatusRuntimeException: UNAVAILABLE: io exception
2024-05-12 17:43:50,488 [grpc-default-executor-10] WARN  server.GrpcLogAppender (GrpcLogAppender.java:lambda$resetClient$1(217)) - fa054618-3a8f-49b0-93d4-5933c936b659@group-13A0CAA15F1F->a0742c66-ae9f-48ce-9181-086e540b3b62-GrpcLogAppender: Follower failed (request=null, errorCount=83); keep nextIndex (1) unchanged and retry.
2024-05-12 17:43:55,242 [timer7] WARN  server.GrpcLogAppender (LogUtils.java:warn(121)) - fa054618-3a8f-49b0-93d4-5933c936b659@group-2BFC12537A18->a0742c66-ae9f-48ce-9181-086e540b3b62-AppendLogResponseHandler: Failed appendEntries (Repeated 2 times in the last 5.001s): org.apache.ratis.thirdparty.io.grpc.StatusRuntimeException: UNAVAILABLE: io exception
2024-05-12 17:43:55,242 [timer0] WARN  server.GrpcLogAppender (GrpcLogAppender.java:lambda$resetClient$1(217)) - fa054618-3a8f-49b0-93d4-5933c936b659@group-2BFC12537A18->a0742c66-ae9f-48ce-9181-086e540b3b62-GrpcLogAppender: Follower failed (request=null, errorCount=90); keep nextIndex (10) unchanged and retry. (Repeated 2 times in the last 5.001s)
2024-05-12 17:43:55,488 [timer0] WARN  server.GrpcLogAppender (GrpcLogAppender.java:lambda$resetClient$1(217)) - fa054618-3a8f-49b0-93d4-5933c936b659@group-13A0CAA15F1F->a0742c66-ae9f-48ce-9181-086e540b3b62-GrpcLogAppender: Follower failed (request=null, errorCount=84); keep nextIndex (1) unchanged and retry. (Repeated 2 times in the last 5.000s)
2024-05-12 17:43:55,488 [timer7] WARN  server.GrpcLogAppender (LogUtils.java:warn(121)) - fa054618-3a8f-49b0-93d4-5933c936b659@group-13A0CAA15F1F->a0742c66-ae9f-48ce-9181-086e540b3b62-AppendLogResponseHandler: Failed appendEntries (Repeated 2 times in the last 5.000s): org.apache.ratis.thirdparty.io.grpc.StatusRuntimeException: UNAVAILABLE: io exception
2024-05-12 17:43:55,838 [grpc-default-executor-10] WARN  server.GrpcLogAppender (LogUtils.java:warn(121)) - fa054618-3a8f-49b0-93d4-5933c936b659@group-2BFC12537A18->a0742c66-ae9f-48ce-9181-086e540b3b62-AppendLogResponseHandler: Failed appendEntries: org.apache.ratis.thirdparty.io.grpc.StatusRuntimeException: UNAVAILABLE: io exception
2024-05-12 17:43:55,838 [grpc-default-executor-7] WARN  server.GrpcLogAppender (GrpcLogAppender.java:lambda$resetClient$1(217)) - fa054618-3a8f-49b0-93d4-5933c936b659@group-2BFC12537A18->a0742c66-ae9f-48ce-9181-086e540b3b62-GrpcLogAppender: Follower failed (request=null, errorCount=91); keep nextIndex (10) unchanged and retry.
2024-05-12 17:43:57,279 [grpc-default-executor-10] WARN  server.GrpcLogAppender (LogUtils.java:warn(121)) - fa054618-3a8f-49b0-93d4-5933c936b659@group-13A0CAA15F1F->a0742c66-ae9f-48ce-9181-086e540b3b62-AppendLogResponseHandler: Failed appendEntries: org.apache.ratis.thirdparty.io.grpc.StatusRuntimeException: UNAVAILABLE: io exception
2024-05-12 17:43:57,279 [grpc-default-executor-7] WARN  server.GrpcLogAppender (GrpcLogAppender.java:lambda$resetClient$1(217)) - fa054618-3a8f-49b0-93d4-5933c936b659@group-13A0CAA15F1F->a0742c66-ae9f-48ce-9181-086e540b3b62-GrpcLogAppender: Follower failed (request=null, errorCount=85); keep nextIndex (1) unchanged and retry.
2024-05-12 17:44:00,838 [timer3] WARN  server.GrpcLogAppender (LogUtils.java:warn(121)) - fa054618-3a8f-49b0-93d4-5933c936b659@group-2BFC12537A18->a0742c66-ae9f-48ce-9181-086e540b3b62-AppendLogResponseHandler: Failed appendEntries (Repeated 4 times in the last 5.000s): org.apache.ratis.thirdparty.io.grpc.StatusRuntimeException: UNAVAILABLE: io exception
2024-05-12 17:44:00,838 [timer4] WARN  server.GrpcLogAppender (GrpcLogAppender.java:lambda$resetClient$1(217)) - fa054618-3a8f-49b0-93d4-5933c936b659@group-2BFC12537A18->a0742c66-ae9f-48ce-9181-086e540b3b62-GrpcLogAppender: Follower failed (request=null, errorCount=94); keep nextIndex (10) unchanged and retry. (Repeated 4 times in the last 5.000s)
2024-05-12 17:44:02,279 [timer0] WARN  server.GrpcLogAppender (LogUtils.java:warn(121)) - fa054618-3a8f-49b0-93d4-5933c936b659@group-13A0CAA15F1F->a0742c66-ae9f-48ce-9181-086e540b3b62-AppendLogResponseHandler: Failed appendEntries (Repeated 4 times in the last 5.000s): org.apache.ratis.thirdparty.io.grpc.StatusRuntimeException: UNAVAILABLE: io exception
2024-05-12 17:44:02,279 [timer1] WARN  server.GrpcLogAppender (GrpcLogAppender.java:lambda$resetClient$1(217)) - fa054618-3a8f-49b0-93d4-5933c936b659@group-13A0CAA15F1F->a0742c66-ae9f-48ce-9181-086e540b3b62-GrpcLogAppender: Follower failed (request=null, errorCount=88); keep nextIndex (1) unchanged and retry. (Repeated 4 times in the last 5.000s)
2024-05-12 17:44:07,548 [grpc-default-executor-7] WARN  server.GrpcLogAppender (LogUtils.java:warn(121)) - fa054618-3a8f-49b0-93d4-5933c936b659@group-2BFC12537A18->a0742c66-ae9f-48ce-9181-086e540b3b62-AppendLogResponseHandler: Failed appendEntries: org.apache.ratis.thirdparty.io.grpc.StatusRuntimeException: UNAVAILABLE: io exception
2024-05-12 17:44:07,548 [grpc-default-executor-10] WARN  server.GrpcLogAppender (GrpcLogAppender.java:lambda$resetClient$1(217)) - fa054618-3a8f-49b0-93d4-5933c936b659@group-2BFC12537A18->a0742c66-ae9f-48ce-9181-086e540b3b62-GrpcLogAppender: Follower failed (request=null, errorCount=95); keep nextIndex (10) unchanged and retry.
2024-05-12 17:44:08,224 [grpc-default-executor-10] WARN  server.GrpcLogAppender (LogUtils.java:warn(121)) - fa054618-3a8f-49b0-93d4-5933c936b659@group-13A0CAA15F1F->a0742c66-ae9f-48ce-9181-086e540b3b62-AppendLogResponseHandler: Failed appendEntries: org.apache.ratis.thirdparty.io.grpc.StatusRuntimeException: UNAVAILABLE: io exception
2024-05-12 17:44:08,225 [grpc-default-executor-7] WARN  server.GrpcLogAppender (GrpcLogAppender.java:lambda$resetClient$1(217)) - fa054618-3a8f-49b0-93d4-5933c936b659@group-13A0CAA15F1F->a0742c66-ae9f-48ce-9181-086e540b3b62-GrpcLogAppender: Follower failed (request=null, errorCount=89); keep nextIndex (1) unchanged and retry.
2024-05-12 17:44:12,548 [timer6] WARN  server.GrpcLogAppender (GrpcLogAppender.java:lambda$resetClient$1(217)) - fa054618-3a8f-49b0-93d4-5933c936b659@group-2BFC12537A18->a0742c66-ae9f-48ce-9181-086e540b3b62-GrpcLogAppender: Follower failed (request=null, errorCount=96); keep nextIndex (10) unchanged and retry. (Repeated 2 times in the last 4.999s)
2024-05-12 17:44:12,548 [timer5] WARN  server.GrpcLogAppender (LogUtils.java:warn(121)) - fa054618-3a8f-49b0-93d4-5933c936b659@group-2BFC12537A18->a0742c66-ae9f-48ce-9181-086e540b3b62-AppendLogResponseHandler: Failed appendEntries (Repeated 2 times in the last 5.000s): org.apache.ratis.thirdparty.io.grpc.StatusRuntimeException: UNAVAILABLE: io exception
2024-05-12 17:44:12,997 [grpc-default-executor-10] WARN  server.GrpcLogAppender (LogUtils.java:warn(121)) - fa054618-3a8f-49b0-93d4-5933c936b659@group-2BFC12537A18->a0742c66-ae9f-48ce-9181-086e540b3b62-AppendLogResponseHandler: Failed appendEntries: org.apache.ratis.thirdparty.io.grpc.StatusRuntimeException: UNAVAILABLE: io exception
2024-05-12 17:44:12,997 [grpc-default-executor-7] WARN  server.GrpcLogAppender (GrpcLogAppender.java:lambda$resetClient$1(217)) - fa054618-3a8f-49b0-93d4-5933c936b659@group-2BFC12537A18->a0742c66-ae9f-48ce-9181-086e540b3b62-GrpcLogAppender: Follower failed (request=null, errorCount=97); keep nextIndex (10) unchanged and retry.
2024-05-12 17:44:13,225 [timer0] WARN  server.GrpcLogAppender (GrpcLogAppender.java:lambda$resetClient$1(217)) - fa054618-3a8f-49b0-93d4-5933c936b659@group-13A0CAA15F1F->a0742c66-ae9f-48ce-9181-086e540b3b62-GrpcLogAppender: Follower failed (request=null, errorCount=90); keep nextIndex (1) unchanged and retry. (Repeated 2 times in the last 5.000s)
2024-05-12 17:44:13,225 [timer7] WARN  server.GrpcLogAppender (LogUtils.java:warn(121)) - fa054618-3a8f-49b0-93d4-5933c936b659@group-13A0CAA15F1F->a0742c66-ae9f-48ce-9181-086e540b3b62-AppendLogResponseHandler: Failed appendEntries (Repeated 2 times in the last 5.001s): org.apache.ratis.thirdparty.io.grpc.StatusRuntimeException: UNAVAILABLE: io exception
2024-05-12 17:44:15,642 [grpc-default-executor-10] WARN  server.GrpcLogAppender (LogUtils.java:warn(121)) - fa054618-3a8f-49b0-93d4-5933c936b659@group-13A0CAA15F1F->a0742c66-ae9f-48ce-9181-086e540b3b62-AppendLogResponseHandler: Failed appendEntries: org.apache.ratis.thirdparty.io.grpc.StatusRuntimeException: UNAVAILABLE: io exception
2024-05-12 17:44:15,642 [grpc-default-executor-7] WARN  server.GrpcLogAppender (GrpcLogAppender.java:lambda$resetClient$1(217)) - fa054618-3a8f-49b0-93d4-5933c936b659@group-13A0CAA15F1F->a0742c66-ae9f-48ce-9181-086e540b3b62-GrpcLogAppender: Follower failed (request=null, errorCount=91); keep nextIndex (1) unchanged and retry.
2024-05-12 17:44:17,998 [timer7] WARN  server.GrpcLogAppender (LogUtils.java:warn(121)) - fa054618-3a8f-49b0-93d4-5933c936b659@group-2BFC12537A18->a0742c66-ae9f-48ce-9181-086e540b3b62-AppendLogResponseHandler: Failed appendEntries (Repeated 2 times in the last 5.000s): org.apache.ratis.thirdparty.io.grpc.StatusRuntimeException: UNAVAILABLE: io exception
2024-05-12 17:44:17,998 [timer0] WARN  server.GrpcLogAppender (GrpcLogAppender.java:lambda$resetClient$1(217)) - fa054618-3a8f-49b0-93d4-5933c936b659@group-2BFC12537A18->a0742c66-ae9f-48ce-9181-086e540b3b62-GrpcLogAppender: Follower failed (request=null, errorCount=98); keep nextIndex (10) unchanged and retry. (Repeated 2 times in the last 5.001s)
2024-05-12 17:44:18,952 [grpc-default-executor-7] WARN  server.GrpcLogAppender (LogUtils.java:warn(121)) - fa054618-3a8f-49b0-93d4-5933c936b659@group-2BFC12537A18->a0742c66-ae9f-48ce-9181-086e540b3b62-AppendLogResponseHandler: Failed appendEntries: org.apache.ratis.thirdparty.io.grpc.StatusRuntimeException: UNAVAILABLE: io exception
2024-05-12 17:44:18,953 [grpc-default-executor-10] WARN  server.GrpcLogAppender (GrpcLogAppender.java:lambda$resetClient$1(217)) - fa054618-3a8f-49b0-93d4-5933c936b659@group-2BFC12537A18->a0742c66-ae9f-48ce-9181-086e540b3b62-GrpcLogAppender: Follower failed (request=null, errorCount=99); keep nextIndex (10) unchanged and retry.
2024-05-12 17:44:20,642 [timer0] WARN  server.GrpcLogAppender (LogUtils.java:warn(121)) - fa054618-3a8f-49b0-93d4-5933c936b659@group-13A0CAA15F1F->a0742c66-ae9f-48ce-9181-086e540b3b62-AppendLogResponseHandler: Failed appendEntries (Repeated 4 times in the last 5.000s): org.apache.ratis.thirdparty.io.grpc.StatusRuntimeException: UNAVAILABLE: io exception
2024-05-12 17:44:20,642 [timer1] WARN  server.GrpcLogAppender (GrpcLogAppender.java:lambda$resetClient$1(217)) - fa054618-3a8f-49b0-93d4-5933c936b659@group-13A0CAA15F1F->a0742c66-ae9f-48ce-9181-086e540b3b62-GrpcLogAppender: Follower failed (request=null, errorCount=94); keep nextIndex (1) unchanged and retry. (Repeated 4 times in the last 5.000s)
2024-05-12 17:44:23,953 [timer1] WARN  server.GrpcLogAppender (GrpcLogAppender.java:lambda$resetClient$1(217)) - fa054618-3a8f-49b0-93d4-5933c936b659@group-2BFC12537A18->a0742c66-ae9f-48ce-9181-086e540b3b62-GrpcLogAppender: Follower failed (request=null, errorCount=100); keep nextIndex (10) unchanged and retry. (Repeated 2 times in the last 5.000s)
2024-05-12 17:44:23,953 [timer0] WARN  server.GrpcLogAppender (LogUtils.java:warn(121)) - fa054618-3a8f-49b0-93d4-5933c936b659@group-2BFC12537A18->a0742c66-ae9f-48ce-9181-086e540b3b62-AppendLogResponseHandler: Failed appendEntries (Repeated 2 times in the last 5.000s): org.apache.ratis.thirdparty.io.grpc.StatusRuntimeException: UNAVAILABLE: io exception
2024-05-12 17:44:25,291 [grpc-default-executor-7] WARN  server.GrpcLogAppender (LogUtils.java:warn(121)) - fa054618-3a8f-49b0-93d4-5933c936b659@group-2BFC12537A18->a0742c66-ae9f-48ce-9181-086e540b3b62-AppendLogResponseHandler: Failed appendEntries: org.apache.ratis.thirdparty.io.grpc.StatusRuntimeException: UNAVAILABLE: io exception
2024-05-12 17:44:25,291 [grpc-default-executor-10] WARN  server.GrpcLogAppender (GrpcLogAppender.java:lambda$resetClient$1(217)) - fa054618-3a8f-49b0-93d4-5933c936b659@group-2BFC12537A18->a0742c66-ae9f-48ce-9181-086e540b3b62-GrpcLogAppender: Follower failed (request=null, errorCount=101); keep nextIndex (10) unchanged and retry.
2024-05-12 17:44:26,074 [grpc-default-executor-10] WARN  server.GrpcLogAppender (LogUtils.java:warn(121)) - fa054618-3a8f-49b0-93d4-5933c936b659@group-13A0CAA15F1F->a0742c66-ae9f-48ce-9181-086e540b3b62-AppendLogResponseHandler: Failed appendEntries: org.apache.ratis.thirdparty.io.grpc.StatusRuntimeException: UNAVAILABLE: io exception
2024-05-12 17:44:26,074 [grpc-default-executor-7] WARN  server.GrpcLogAppender (GrpcLogAppender.java:lambda$resetClient$1(217)) - fa054618-3a8f-49b0-93d4-5933c936b659@group-13A0CAA15F1F->a0742c66-ae9f-48ce-9181-086e540b3b62-GrpcLogAppender: Follower failed (request=null, errorCount=95); keep nextIndex (1) unchanged and retry.
2024-05-12 17:44:30,291 [timer5] WARN  server.GrpcLogAppender (LogUtils.java:warn(121)) - fa054618-3a8f-49b0-93d4-5933c936b659@group-2BFC12537A18->a0742c66-ae9f-48ce-9181-086e540b3b62-AppendLogResponseHandler: Failed appendEntries (Repeated 2 times in the last 5.000s): org.apache.ratis.thirdparty.io.grpc.StatusRuntimeException: UNAVAILABLE: io exception
2024-05-12 17:44:30,291 [timer6] WARN  server.GrpcLogAppender (GrpcLogAppender.java:lambda$resetClient$1(217)) - fa054618-3a8f-49b0-93d4-5933c936b659@group-2BFC12537A18->a0742c66-ae9f-48ce-9181-086e540b3b62-GrpcLogAppender: Follower failed (request=null, errorCount=102); keep nextIndex (10) unchanged and retry. (Repeated 2 times in the last 5.000s)
2024-05-12 17:44:31,024 [d0e7fafe-f667-41fb-a16a-ecd1bcb446b6-BlockDeletingService#0] INFO  interfaces.ContainerDeletionChoosingPolicyTemplate (ContainerDeletionChoosingPolicyTemplate.java:chooseContainerForBlockDeletion(85)) - Chosen 0/5000 blocks from 0 candidate containers.
2024-05-12 17:44:31,074 [timer1] WARN  server.GrpcLogAppender (GrpcLogAppender.java:lambda$resetClient$1(217)) - fa054618-3a8f-49b0-93d4-5933c936b659@group-13A0CAA15F1F->a0742c66-ae9f-48ce-9181-086e540b3b62-GrpcLogAppender: Follower failed (request=null, errorCount=96); keep nextIndex (1) unchanged and retry. (Repeated 2 times in the last 5.000s)
2024-05-12 17:44:31,074 [timer0] WARN  server.GrpcLogAppender (LogUtils.java:warn(121)) - fa054618-3a8f-49b0-93d4-5933c936b659@group-13A0CAA15F1F->a0742c66-ae9f-48ce-9181-086e540b3b62-AppendLogResponseHandler: Failed appendEntries (Repeated 2 times in the last 5.000s): org.apache.ratis.thirdparty.io.grpc.StatusRuntimeException: UNAVAILABLE: io exception
2024-05-12 17:44:31,089 [b7336ce2-a724-4c4a-8025-d323d27fa237-BlockDeletingService#0] INFO  interfaces.ContainerDeletionChoosingPolicyTemplate (ContainerDeletionChoosingPolicyTemplate.java:chooseContainerForBlockDeletion(85)) - Chosen 0/5000 blocks from 0 candidate containers.
2024-05-12 17:44:31,143 [89a6d998-d419-473a-a6ed-8243f7f30d05-BlockDeletingService#0] INFO  interfaces.ContainerDeletionChoosingPolicyTemplate (ContainerDeletionChoosingPolicyTemplate.java:chooseContainerForBlockDeletion(85)) - Chosen 0/5000 blocks from 0 candidate containers.
2024-05-12 17:44:31,191 [3523888c-df3a-4c75-876a-f320dc6c9584-BlockDeletingService#0] INFO  interfaces.ContainerDeletionChoosingPolicyTemplate (ContainerDeletionChoosingPolicyTemplate.java:chooseContainerForBlockDeletion(85)) - Chosen 0/5000 blocks from 0 candidate containers.
2024-05-12 17:44:31,210 [grpc-default-executor-10] WARN  server.GrpcLogAppender (LogUtils.java:warn(121)) - fa054618-3a8f-49b0-93d4-5933c936b659@group-2BFC12537A18->a0742c66-ae9f-48ce-9181-086e540b3b62-AppendLogResponseHandler: Failed appendEntries: org.apache.ratis.thirdparty.io.grpc.StatusRuntimeException: UNAVAILABLE: io exception
2024-05-12 17:44:31,210 [grpc-default-executor-7] WARN  server.GrpcLogAppender (GrpcLogAppender.java:lambda$resetClient$1(217)) - fa054618-3a8f-49b0-93d4-5933c936b659@group-2BFC12537A18->a0742c66-ae9f-48ce-9181-086e540b3b62-GrpcLogAppender: Follower failed (request=null, errorCount=103); keep nextIndex (10) unchanged and retry.
2024-05-12 17:44:31,246 [d999a49d-42de-484c-a75f-ffa132e9c3a5-BlockDeletingService#0] INFO  interfaces.ContainerDeletionChoosingPolicyTemplate (ContainerDeletionChoosingPolicyTemplate.java:chooseContainerForBlockDeletion(85)) - Chosen 0/5000 blocks from 0 candidate containers.
2024-05-12 17:44:31,307 [2ef8d649-4864-4b9a-81a6-122cf2174905-BlockDeletingService#0] INFO  interfaces.ContainerDeletionChoosingPolicyTemplate (ContainerDeletionChoosingPolicyTemplate.java:chooseContainerForBlockDeletion(85)) - Chosen 0/5000 blocks from 0 candidate containers.
2024-05-12 17:44:31,356 [93bda13b-2c91-401a-a9f5-fc4ebb9220da-BlockDeletingService#0] INFO  interfaces.ContainerDeletionChoosingPolicyTemplate (ContainerDeletionChoosingPolicyTemplate.java:chooseContainerForBlockDeletion(85)) - Chosen 0/5000 blocks from 0 candidate containers.
2024-05-12 17:44:31,402 [fa054618-3a8f-49b0-93d4-5933c936b659-BlockDeletingService#0] INFO  interfaces.ContainerDeletionChoosingPolicyTemplate (ContainerDeletionChoosingPolicyTemplate.java:chooseContainerForBlockDeletion(85)) - Chosen 0/5000 blocks from 0 candidate containers.
2024-05-12 17:44:31,455 [a0742c66-ae9f-48ce-9181-086e540b3b62-BlockDeletingService#0] INFO  interfaces.ContainerDeletionChoosingPolicyTemplate (ContainerDeletionChoosingPolicyTemplate.java:chooseContainerForBlockDeletion(85)) - Chosen 0/5000 blocks from 0 candidate containers.
2024-05-12 17:44:31,499 [a33fd443-9c01-43ff-9618-b7376da7e75d-BlockDeletingService#0] INFO  interfaces.ContainerDeletionChoosingPolicyTemplate (ContainerDeletionChoosingPolicyTemplate.java:chooseContainerForBlockDeletion(85)) - Chosen 0/5000 blocks from 0 candidate containers.
2024-05-12 17:44:32,096 [grpc-default-executor-7] WARN  server.GrpcLogAppender (LogUtils.java:warn(121)) - fa054618-3a8f-49b0-93d4-5933c936b659@group-13A0CAA15F1F->a0742c66-ae9f-48ce-9181-086e540b3b62-AppendLogResponseHandler: Failed appendEntries: org.apache.ratis.thirdparty.io.grpc.StatusRuntimeException: UNAVAILABLE: io exception
2024-05-12 17:44:32,097 [grpc-default-executor-10] WARN  server.GrpcLogAppender (GrpcLogAppender.java:lambda$resetClient$1(217)) - fa054618-3a8f-49b0-93d4-5933c936b659@group-13A0CAA15F1F->a0742c66-ae9f-48ce-9181-086e540b3b62-GrpcLogAppender: Follower failed (request=null, errorCount=97); keep nextIndex (1) unchanged and retry.
2024-05-12 17:44:36,210 [timer5] WARN  server.GrpcLogAppender (LogUtils.java:warn(121)) - fa054618-3a8f-49b0-93d4-5933c936b659@group-2BFC12537A18->a0742c66-ae9f-48ce-9181-086e540b3b62-AppendLogResponseHandler: Failed appendEntries (Repeated 2 times in the last 5.000s): org.apache.ratis.thirdparty.io.grpc.StatusRuntimeException: UNAVAILABLE: io exception
2024-05-12 17:44:36,211 [timer6] WARN  server.GrpcLogAppender (GrpcLogAppender.java:lambda$resetClient$1(217)) - fa054618-3a8f-49b0-93d4-5933c936b659@group-2BFC12537A18->a0742c66-ae9f-48ce-9181-086e540b3b62-GrpcLogAppender: Follower failed (request=null, errorCount=104); keep nextIndex (10) unchanged and retry. (Repeated 2 times in the last 5.000s)
2024-05-12 17:44:37,096 [timer7] WARN  server.GrpcLogAppender (LogUtils.java:warn(121)) - fa054618-3a8f-49b0-93d4-5933c936b659@group-13A0CAA15F1F->a0742c66-ae9f-48ce-9181-086e540b3b62-AppendLogResponseHandler: Failed appendEntries (Repeated 4 times in the last 5.000s): org.apache.ratis.thirdparty.io.grpc.StatusRuntimeException: UNAVAILABLE: io exception
2024-05-12 17:44:37,097 [timer0] WARN  server.GrpcLogAppender (GrpcLogAppender.java:lambda$resetClient$1(217)) - fa054618-3a8f-49b0-93d4-5933c936b659@group-13A0CAA15F1F->a0742c66-ae9f-48ce-9181-086e540b3b62-GrpcLogAppender: Follower failed (request=null, errorCount=100); keep nextIndex (1) unchanged and retry. (Repeated 4 times in the last 5.000s)
2024-05-12 17:44:38,674 [grpc-default-executor-10] WARN  server.GrpcLogAppender (LogUtils.java:warn(121)) - fa054618-3a8f-49b0-93d4-5933c936b659@group-2BFC12537A18->a0742c66-ae9f-48ce-9181-086e540b3b62-AppendLogResponseHandler: Failed appendEntries: org.apache.ratis.thirdparty.io.grpc.StatusRuntimeException: UNAVAILABLE: io exception
2024-05-12 17:44:38,674 [grpc-default-executor-7] WARN  server.GrpcLogAppender (GrpcLogAppender.java:lambda$resetClient$1(217)) - fa054618-3a8f-49b0-93d4-5933c936b659@group-2BFC12537A18->a0742c66-ae9f-48ce-9181-086e540b3b62-GrpcLogAppender: Follower failed (request=null, errorCount=105); keep nextIndex (10) unchanged and retry.
2024-05-12 17:44:40,074 [grpc-default-executor-10] WARN  server.GrpcLogAppender (LogUtils.java:warn(121)) - fa054618-3a8f-49b0-93d4-5933c936b659@group-13A0CAA15F1F->a0742c66-ae9f-48ce-9181-086e540b3b62-AppendLogResponseHandler: Failed appendEntries: org.apache.ratis.thirdparty.io.grpc.StatusRuntimeException: UNAVAILABLE: io exception
2024-05-12 17:44:40,074 [grpc-default-executor-7] WARN  server.GrpcLogAppender (GrpcLogAppender.java:lambda$resetClient$1(217)) - fa054618-3a8f-49b0-93d4-5933c936b659@group-13A0CAA15F1F->a0742c66-ae9f-48ce-9181-086e540b3b62-GrpcLogAppender: Follower failed (request=null, errorCount=101); keep nextIndex (1) unchanged and retry.
2024-05-12 17:44:43,674 [timer6] WARN  server.GrpcLogAppender (LogUtils.java:warn(121)) - fa054618-3a8f-49b0-93d4-5933c936b659@group-2BFC12537A18->a0742c66-ae9f-48ce-9181-086e540b3b62-AppendLogResponseHandler: Failed appendEntries (Repeated 2 times in the last 5.000s): org.apache.ratis.thirdparty.io.grpc.StatusRuntimeException: UNAVAILABLE: io exception
2024-05-12 17:44:43,675 [timer7] WARN  server.GrpcLogAppender (GrpcLogAppender.java:lambda$resetClient$1(217)) - fa054618-3a8f-49b0-93d4-5933c936b659@group-2BFC12537A18->a0742c66-ae9f-48ce-9181-086e540b3b62-GrpcLogAppender: Follower failed (request=null, errorCount=106); keep nextIndex (10) unchanged and retry. (Repeated 2 times in the last 5.001s)
2024-05-12 17:44:44,400 [grpc-default-executor-10] WARN  server.GrpcLogAppender (LogUtils.java:warn(121)) - fa054618-3a8f-49b0-93d4-5933c936b659@group-2BFC12537A18->a0742c66-ae9f-48ce-9181-086e540b3b62-AppendLogResponseHandler: Failed appendEntries: org.apache.ratis.thirdparty.io.grpc.StatusRuntimeException: UNAVAILABLE: io exception
2024-05-12 17:44:44,401 [grpc-default-executor-7] WARN  server.GrpcLogAppender (GrpcLogAppender.java:lambda$resetClient$1(217)) - fa054618-3a8f-49b0-93d4-5933c936b659@group-2BFC12537A18->a0742c66-ae9f-48ce-9181-086e540b3b62-GrpcLogAppender: Follower failed (request=null, errorCount=107); keep nextIndex (10) unchanged and retry.
2024-05-12 17:44:45,074 [timer0] WARN  server.GrpcLogAppender (GrpcLogAppender.java:lambda$resetClient$1(217)) - fa054618-3a8f-49b0-93d4-5933c936b659@group-13A0CAA15F1F->a0742c66-ae9f-48ce-9181-086e540b3b62-GrpcLogAppender: Follower failed (request=null, errorCount=104); keep nextIndex (1) unchanged and retry. (Repeated 4 times in the last 5.000s)
2024-05-12 17:44:45,074 [timer7] WARN  server.GrpcLogAppender (LogUtils.java:warn(121)) - fa054618-3a8f-49b0-93d4-5933c936b659@group-13A0CAA15F1F->a0742c66-ae9f-48ce-9181-086e540b3b62-AppendLogResponseHandler: Failed appendEntries (Repeated 4 times in the last 5.001s): org.apache.ratis.thirdparty.io.grpc.StatusRuntimeException: UNAVAILABLE: io exception
2024-05-12 17:44:49,400 [timer0] WARN  server.GrpcLogAppender (LogUtils.java:warn(121)) - fa054618-3a8f-49b0-93d4-5933c936b659@group-2BFC12537A18->a0742c66-ae9f-48ce-9181-086e540b3b62-AppendLogResponseHandler: Failed appendEntries (Repeated 4 times in the last 5.000s): org.apache.ratis.thirdparty.io.grpc.StatusRuntimeException: UNAVAILABLE: io exception
2024-05-12 17:44:49,401 [timer1] WARN  server.GrpcLogAppender (GrpcLogAppender.java:lambda$resetClient$1(217)) - fa054618-3a8f-49b0-93d4-5933c936b659@group-2BFC12537A18->a0742c66-ae9f-48ce-9181-086e540b3b62-GrpcLogAppender: Follower failed (request=null, errorCount=110); keep nextIndex (10) unchanged and retry. (Repeated 4 times in the last 5.000s)
2024-05-12 17:44:51,333 [grpc-default-executor-7] WARN  server.GrpcLogAppender (LogUtils.java:warn(121)) - fa054618-3a8f-49b0-93d4-5933c936b659@group-13A0CAA15F1F->a0742c66-ae9f-48ce-9181-086e540b3b62-AppendLogResponseHandler: Failed appendEntries: org.apache.ratis.thirdparty.io.grpc.StatusRuntimeException: UNAVAILABLE: io exception
2024-05-12 17:44:51,333 [grpc-default-executor-10] WARN  server.GrpcLogAppender (GrpcLogAppender.java:lambda$resetClient$1(217)) - fa054618-3a8f-49b0-93d4-5933c936b659@group-13A0CAA15F1F->a0742c66-ae9f-48ce-9181-086e540b3b62-GrpcLogAppender: Follower failed (request=null, errorCount=105); keep nextIndex (1) unchanged and retry.
2024-05-12 17:44:55,710 [grpc-default-executor-7] WARN  server.GrpcLogAppender (LogUtils.java:warn(121)) - fa054618-3a8f-49b0-93d4-5933c936b659@group-2BFC12537A18->a0742c66-ae9f-48ce-9181-086e540b3b62-AppendLogResponseHandler: Failed appendEntries: org.apache.ratis.thirdparty.io.grpc.StatusRuntimeException: UNAVAILABLE: io exception
2024-05-12 17:44:55,710 [grpc-default-executor-10] WARN  server.GrpcLogAppender (GrpcLogAppender.java:lambda$resetClient$1(217)) - fa054618-3a8f-49b0-93d4-5933c936b659@group-2BFC12537A18->a0742c66-ae9f-48ce-9181-086e540b3b62-GrpcLogAppender: Follower failed (request=null, errorCount=111); keep nextIndex (10) unchanged and retry.
2024-05-12 17:44:56,333 [timer7] WARN  server.GrpcLogAppender (GrpcLogAppender.java:lambda$resetClient$1(217)) - fa054618-3a8f-49b0-93d4-5933c936b659@group-13A0CAA15F1F->a0742c66-ae9f-48ce-9181-086e540b3b62-GrpcLogAppender: Follower failed (request=null, errorCount=106); keep nextIndex (1) unchanged and retry. (Repeated 2 times in the last 4.999s)
2024-05-12 17:44:56,333 [timer6] WARN  server.GrpcLogAppender (LogUtils.java:warn(121)) - fa054618-3a8f-49b0-93d4-5933c936b659@group-13A0CAA15F1F->a0742c66-ae9f-48ce-9181-086e540b3b62-AppendLogResponseHandler: Failed appendEntries (Repeated 2 times in the last 5.000s): org.apache.ratis.thirdparty.io.grpc.StatusRuntimeException: UNAVAILABLE: io exception
2024-05-12 17:44:56,643 [grpc-default-executor-10] WARN  server.GrpcLogAppender (LogUtils.java:warn(121)) - fa054618-3a8f-49b0-93d4-5933c936b659@group-13A0CAA15F1F->a0742c66-ae9f-48ce-9181-086e540b3b62-AppendLogResponseHandler: Failed appendEntries: org.apache.ratis.thirdparty.io.grpc.StatusRuntimeException: UNAVAILABLE: io exception
2024-05-12 17:44:56,644 [grpc-default-executor-7] WARN  server.GrpcLogAppender (GrpcLogAppender.java:lambda$resetClient$1(217)) - fa054618-3a8f-49b0-93d4-5933c936b659@group-13A0CAA15F1F->a0742c66-ae9f-48ce-9181-086e540b3b62-GrpcLogAppender: Follower failed (request=null, errorCount=107); keep nextIndex (1) unchanged and retry.
2024-05-12 17:45:00,710 [timer0] WARN  server.GrpcLogAppender (GrpcLogAppender.java:lambda$resetClient$1(217)) - fa054618-3a8f-49b0-93d4-5933c936b659@group-2BFC12537A18->a0742c66-ae9f-48ce-9181-086e540b3b62-GrpcLogAppender: Follower failed (request=null, errorCount=114); keep nextIndex (10) unchanged and retry. (Repeated 4 times in the last 5.000s)
2024-05-12 17:45:00,711 [timer7] WARN  server.GrpcLogAppender (LogUtils.java:warn(121)) - fa054618-3a8f-49b0-93d4-5933c936b659@group-2BFC12537A18->a0742c66-ae9f-48ce-9181-086e540b3b62-AppendLogResponseHandler: Failed appendEntries (Repeated 4 times in the last 5.001s): org.apache.ratis.thirdparty.io.grpc.StatusRuntimeException: UNAVAILABLE: io exception
2024-05-12 17:45:01,484 [grpc-default-executor-10] WARN  server.GrpcLogAppender (LogUtils.java:warn(121)) - fa054618-3a8f-49b0-93d4-5933c936b659@group-2BFC12537A18->a0742c66-ae9f-48ce-9181-086e540b3b62-AppendLogResponseHandler: Failed appendEntries: org.apache.ratis.thirdparty.io.grpc.StatusRuntimeException: UNAVAILABLE: io exception
2024-05-12 17:45:01,484 [grpc-default-executor-7] WARN  server.GrpcLogAppender (GrpcLogAppender.java:lambda$resetClient$1(217)) - fa054618-3a8f-49b0-93d4-5933c936b659@group-2BFC12537A18->a0742c66-ae9f-48ce-9181-086e540b3b62-GrpcLogAppender: Follower failed (request=null, errorCount=115); keep nextIndex (10) unchanged and retry.
2024-05-12 17:45:01,644 [timer0] WARN  server.GrpcLogAppender (LogUtils.java:warn(121)) - fa054618-3a8f-49b0-93d4-5933c936b659@group-13A0CAA15F1F->a0742c66-ae9f-48ce-9181-086e540b3b62-AppendLogResponseHandler: Failed appendEntries (Repeated 2 times in the last 5.000s): org.apache.ratis.thirdparty.io.grpc.StatusRuntimeException: UNAVAILABLE: io exception
2024-05-12 17:45:01,644 [timer1] WARN  server.GrpcLogAppender (GrpcLogAppender.java:lambda$resetClient$1(217)) - fa054618-3a8f-49b0-93d4-5933c936b659@group-13A0CAA15F1F->a0742c66-ae9f-48ce-9181-086e540b3b62-GrpcLogAppender: Follower failed (request=null, errorCount=108); keep nextIndex (1) unchanged and retry. (Repeated 2 times in the last 5.000s)
2024-05-12 17:45:01,743 [grpc-default-executor-10] WARN  server.GrpcLogAppender (LogUtils.java:warn(121)) - fa054618-3a8f-49b0-93d4-5933c936b659@group-13A0CAA15F1F->a0742c66-ae9f-48ce-9181-086e540b3b62-AppendLogResponseHandler: Failed appendEntries: org.apache.ratis.thirdparty.io.grpc.StatusRuntimeException: UNAVAILABLE: io exception
2024-05-12 17:45:01,743 [grpc-default-executor-7] WARN  server.GrpcLogAppender (GrpcLogAppender.java:lambda$resetClient$1(217)) - fa054618-3a8f-49b0-93d4-5933c936b659@group-13A0CAA15F1F->a0742c66-ae9f-48ce-9181-086e540b3b62-GrpcLogAppender: Follower failed (request=null, errorCount=109); keep nextIndex (1) unchanged and retry.
2024-05-12 17:45:06,484 [timer0] WARN  server.GrpcLogAppender (GrpcLogAppender.java:lambda$resetClient$1(217)) - fa054618-3a8f-49b0-93d4-5933c936b659@group-2BFC12537A18->a0742c66-ae9f-48ce-9181-086e540b3b62-GrpcLogAppender: Follower failed (request=null, errorCount=116); keep nextIndex (10) unchanged and retry. (Repeated 2 times in the last 5.000s)
2024-05-12 17:45:06,485 [timer7] WARN  server.GrpcLogAppender (LogUtils.java:warn(121)) - fa054618-3a8f-49b0-93d4-5933c936b659@group-2BFC12537A18->a0742c66-ae9f-48ce-9181-086e540b3b62-AppendLogResponseHandler: Failed appendEntries (Repeated 2 times in the last 5.000s): org.apache.ratis.thirdparty.io.grpc.StatusRuntimeException: UNAVAILABLE: io exception
2024-05-12 17:45:06,743 [timer0] WARN  server.GrpcLogAppender (LogUtils.java:warn(121)) - fa054618-3a8f-49b0-93d4-5933c936b659@group-13A0CAA15F1F->a0742c66-ae9f-48ce-9181-086e540b3b62-AppendLogResponseHandler: Failed appendEntries (Repeated 4 times in the last 5.001s): org.apache.ratis.thirdparty.io.grpc.StatusRuntimeException: UNAVAILABLE: io exception
2024-05-12 17:45:06,743 [timer1] WARN  server.GrpcLogAppender (GrpcLogAppender.java:lambda$resetClient$1(217)) - fa054618-3a8f-49b0-93d4-5933c936b659@group-13A0CAA15F1F->a0742c66-ae9f-48ce-9181-086e540b3b62-GrpcLogAppender: Follower failed (request=null, errorCount=112); keep nextIndex (1) unchanged and retry. (Repeated 4 times in the last 5.000s)
2024-05-12 17:45:08,594 [grpc-default-executor-10] WARN  server.GrpcLogAppender (LogUtils.java:warn(121)) - fa054618-3a8f-49b0-93d4-5933c936b659@group-2BFC12537A18->a0742c66-ae9f-48ce-9181-086e540b3b62-AppendLogResponseHandler: Failed appendEntries: org.apache.ratis.thirdparty.io.grpc.StatusRuntimeException: UNAVAILABLE: io exception
2024-05-12 17:45:08,595 [grpc-default-executor-7] WARN  server.GrpcLogAppender (GrpcLogAppender.java:lambda$resetClient$1(217)) - fa054618-3a8f-49b0-93d4-5933c936b659@group-2BFC12537A18->a0742c66-ae9f-48ce-9181-086e540b3b62-GrpcLogAppender: Follower failed (request=null, errorCount=117); keep nextIndex (10) unchanged and retry.
2024-05-12 17:45:12,971 [grpc-default-executor-10] WARN  server.GrpcLogAppender (LogUtils.java:warn(121)) - fa054618-3a8f-49b0-93d4-5933c936b659@group-13A0CAA15F1F->a0742c66-ae9f-48ce-9181-086e540b3b62-AppendLogResponseHandler: Failed appendEntries: org.apache.ratis.thirdparty.io.grpc.StatusRuntimeException: UNAVAILABLE: io exception
2024-05-12 17:45:12,971 [grpc-default-executor-7] WARN  server.GrpcLogAppender (GrpcLogAppender.java:lambda$resetClient$1(217)) - fa054618-3a8f-49b0-93d4-5933c936b659@group-13A0CAA15F1F->a0742c66-ae9f-48ce-9181-086e540b3b62-GrpcLogAppender: Follower failed (request=null, errorCount=113); keep nextIndex (1) unchanged and retry.
2024-05-12 17:45:13,595 [timer7] WARN  server.GrpcLogAppender (GrpcLogAppender.java:lambda$resetClient$1(217)) - fa054618-3a8f-49b0-93d4-5933c936b659@group-2BFC12537A18->a0742c66-ae9f-48ce-9181-086e540b3b62-GrpcLogAppender: Follower failed (request=null, errorCount=118); keep nextIndex (10) unchanged and retry. (Repeated 2 times in the last 5.000s)
2024-05-12 17:45:13,596 [timer6] WARN  server.GrpcLogAppender (LogUtils.java:warn(121)) - fa054618-3a8f-49b0-93d4-5933c936b659@group-2BFC12537A18->a0742c66-ae9f-48ce-9181-086e540b3b62-AppendLogResponseHandler: Failed appendEntries (Repeated 2 times in the last 5.001s): org.apache.ratis.thirdparty.io.grpc.StatusRuntimeException: UNAVAILABLE: io exception
2024-05-12 17:45:14,345 [grpc-default-executor-10] WARN  server.GrpcLogAppender (LogUtils.java:warn(121)) - fa054618-3a8f-49b0-93d4-5933c936b659@group-2BFC12537A18->a0742c66-ae9f-48ce-9181-086e540b3b62-AppendLogResponseHandler: Failed appendEntries: org.apache.ratis.thirdparty.io.grpc.StatusRuntimeException: UNAVAILABLE: io exception
2024-05-12 17:45:14,346 [grpc-default-executor-7] WARN  server.GrpcLogAppender (GrpcLogAppender.java:lambda$resetClient$1(217)) - fa054618-3a8f-49b0-93d4-5933c936b659@group-2BFC12537A18->a0742c66-ae9f-48ce-9181-086e540b3b62-GrpcLogAppender: Follower failed (request=null, errorCount=119); keep nextIndex (10) unchanged and retry.
2024-05-12 17:45:17,971 [timer7] WARN  server.GrpcLogAppender (LogUtils.java:warn(121)) - fa054618-3a8f-49b0-93d4-5933c936b659@group-13A0CAA15F1F->a0742c66-ae9f-48ce-9181-086e540b3b62-AppendLogResponseHandler: Failed appendEntries (Repeated 2 times in the last 5.000s): org.apache.ratis.thirdparty.io.grpc.StatusRuntimeException: UNAVAILABLE: io exception
2024-05-12 17:45:17,972 [timer0] WARN  server.GrpcLogAppender (GrpcLogAppender.java:lambda$resetClient$1(217)) - fa054618-3a8f-49b0-93d4-5933c936b659@group-13A0CAA15F1F->a0742c66-ae9f-48ce-9181-086e540b3b62-GrpcLogAppender: Follower failed (request=null, errorCount=114); keep nextIndex (1) unchanged and retry. (Repeated 2 times in the last 5.000s)
2024-05-12 17:45:19,281 [grpc-default-executor-11] WARN  server.GrpcLogAppender (LogUtils.java:warn(121)) - fa054618-3a8f-49b0-93d4-5933c936b659@group-13A0CAA15F1F->a0742c66-ae9f-48ce-9181-086e540b3b62-AppendLogResponseHandler: Failed appendEntries: org.apache.ratis.thirdparty.io.grpc.StatusRuntimeException: UNAVAILABLE: io exception
2024-05-12 17:45:19,282 [grpc-default-executor-7] WARN  server.GrpcLogAppender (GrpcLogAppender.java:lambda$resetClient$1(217)) - fa054618-3a8f-49b0-93d4-5933c936b659@group-13A0CAA15F1F->a0742c66-ae9f-48ce-9181-086e540b3b62-GrpcLogAppender: Follower failed (request=null, errorCount=115); keep nextIndex (1) unchanged and retry.
2024-05-12 17:45:19,346 [timer7] WARN  server.GrpcLogAppender (LogUtils.java:warn(121)) - fa054618-3a8f-49b0-93d4-5933c936b659@group-2BFC12537A18->a0742c66-ae9f-48ce-9181-086e540b3b62-AppendLogResponseHandler: Failed appendEntries (Repeated 4 times in the last 5.000s): org.apache.ratis.thirdparty.io.grpc.StatusRuntimeException: UNAVAILABLE: io exception
2024-05-12 17:45:19,346 [timer0] WARN  server.GrpcLogAppender (GrpcLogAppender.java:lambda$resetClient$1(217)) - fa054618-3a8f-49b0-93d4-5933c936b659@group-2BFC12537A18->a0742c66-ae9f-48ce-9181-086e540b3b62-GrpcLogAppender: Follower failed (request=null, errorCount=122); keep nextIndex (10) unchanged and retry. (Repeated 4 times in the last 5.000s)
2024-05-12 17:45:22,718 [grpc-default-executor-7] WARN  server.GrpcLogAppender (LogUtils.java:warn(121)) - fa054618-3a8f-49b0-93d4-5933c936b659@group-2BFC12537A18->a0742c66-ae9f-48ce-9181-086e540b3b62-AppendLogResponseHandler: Failed appendEntries: org.apache.ratis.thirdparty.io.grpc.StatusRuntimeException: UNAVAILABLE: io exception
2024-05-12 17:45:22,718 [grpc-default-executor-11] WARN  server.GrpcLogAppender (GrpcLogAppender.java:lambda$resetClient$1(217)) - fa054618-3a8f-49b0-93d4-5933c936b659@group-2BFC12537A18->a0742c66-ae9f-48ce-9181-086e540b3b62-GrpcLogAppender: Follower failed (request=null, errorCount=123); keep nextIndex (10) unchanged and retry.
2024-05-12 17:45:24,281 [timer0] WARN  server.GrpcLogAppender (LogUtils.java:warn(121)) - fa054618-3a8f-49b0-93d4-5933c936b659@group-13A0CAA15F1F->a0742c66-ae9f-48ce-9181-086e540b3b62-AppendLogResponseHandler: Failed appendEntries (Repeated 4 times in the last 5.000s): org.apache.ratis.thirdparty.io.grpc.StatusRuntimeException: UNAVAILABLE: io exception
2024-05-12 17:45:24,282 [timer1] WARN  server.GrpcLogAppender (GrpcLogAppender.java:lambda$resetClient$1(217)) - fa054618-3a8f-49b0-93d4-5933c936b659@group-13A0CAA15F1F->a0742c66-ae9f-48ce-9181-086e540b3b62-GrpcLogAppender: Follower failed (request=null, errorCount=118); keep nextIndex (1) unchanged and retry. (Repeated 4 times in the last 5.000s)
2024-05-12 17:45:25,797 [grpc-default-executor-11] WARN  server.GrpcLogAppender (LogUtils.java:warn(121)) - fa054618-3a8f-49b0-93d4-5933c936b659@group-13A0CAA15F1F->a0742c66-ae9f-48ce-9181-086e540b3b62-AppendLogResponseHandler: Failed appendEntries: org.apache.ratis.thirdparty.io.grpc.StatusRuntimeException: UNAVAILABLE: io exception
2024-05-12 17:45:25,797 [grpc-default-executor-7] WARN  server.GrpcLogAppender (GrpcLogAppender.java:lambda$resetClient$1(217)) - fa054618-3a8f-49b0-93d4-5933c936b659@group-13A0CAA15F1F->a0742c66-ae9f-48ce-9181-086e540b3b62-GrpcLogAppender: Follower failed (request=null, errorCount=119); keep nextIndex (1) unchanged and retry.
2024-05-12 17:45:27,718 [timer0] WARN  server.GrpcLogAppender (GrpcLogAppender.java:lambda$resetClient$1(217)) - fa054618-3a8f-49b0-93d4-5933c936b659@group-2BFC12537A18->a0742c66-ae9f-48ce-9181-086e540b3b62-GrpcLogAppender: Follower failed (request=null, errorCount=124); keep nextIndex (10) unchanged and retry. (Repeated 2 times in the last 5.000s)
2024-05-12 17:45:27,718 [timer7] WARN  server.GrpcLogAppender (LogUtils.java:warn(121)) - fa054618-3a8f-49b0-93d4-5933c936b659@group-2BFC12537A18->a0742c66-ae9f-48ce-9181-086e540b3b62-AppendLogResponseHandler: Failed appendEntries (Repeated 2 times in the last 5.000s): org.apache.ratis.thirdparty.io.grpc.StatusRuntimeException: UNAVAILABLE: io exception
2024-05-12 17:45:28,562 [grpc-default-executor-11] WARN  server.GrpcLogAppender (LogUtils.java:warn(121)) - fa054618-3a8f-49b0-93d4-5933c936b659@group-2BFC12537A18->a0742c66-ae9f-48ce-9181-086e540b3b62-AppendLogResponseHandler: Failed appendEntries: org.apache.ratis.thirdparty.io.grpc.StatusRuntimeException: UNAVAILABLE: io exception
2024-05-12 17:45:28,562 [grpc-default-executor-7] WARN  server.GrpcLogAppender (GrpcLogAppender.java:lambda$resetClient$1(217)) - fa054618-3a8f-49b0-93d4-5933c936b659@group-2BFC12537A18->a0742c66-ae9f-48ce-9181-086e540b3b62-GrpcLogAppender: Follower failed (request=null, errorCount=125); keep nextIndex (10) unchanged and retry.
2024-05-12 17:45:30,797 [timer0] WARN  server.GrpcLogAppender (LogUtils.java:warn(121)) - fa054618-3a8f-49b0-93d4-5933c936b659@group-13A0CAA15F1F->a0742c66-ae9f-48ce-9181-086e540b3b62-AppendLogResponseHandler: Failed appendEntries (Repeated 2 times in the last 5.001s): org.apache.ratis.thirdparty.io.grpc.StatusRuntimeException: UNAVAILABLE: io exception
2024-05-12 17:45:30,797 [timer1] WARN  server.GrpcLogAppender (GrpcLogAppender.java:lambda$resetClient$1(217)) - fa054618-3a8f-49b0-93d4-5933c936b659@group-13A0CAA15F1F->a0742c66-ae9f-48ce-9181-086e540b3b62-GrpcLogAppender: Follower failed (request=null, errorCount=120); keep nextIndex (1) unchanged and retry. (Repeated 2 times in the last 5.000s)
2024-05-12 17:45:31,024 [d0e7fafe-f667-41fb-a16a-ecd1bcb446b6-BlockDeletingService#2] INFO  interfaces.ContainerDeletionChoosingPolicyTemplate (ContainerDeletionChoosingPolicyTemplate.java:chooseContainerForBlockDeletion(85)) - Chosen 0/5000 blocks from 0 candidate containers.
2024-05-12 17:45:31,089 [b7336ce2-a724-4c4a-8025-d323d27fa237-BlockDeletingService#2] INFO  interfaces.ContainerDeletionChoosingPolicyTemplate (ContainerDeletionChoosingPolicyTemplate.java:chooseContainerForBlockDeletion(85)) - Chosen 0/5000 blocks from 0 candidate containers.
2024-05-12 17:45:31,143 [89a6d998-d419-473a-a6ed-8243f7f30d05-BlockDeletingService#2] INFO  interfaces.ContainerDeletionChoosingPolicyTemplate (ContainerDeletionChoosingPolicyTemplate.java:chooseContainerForBlockDeletion(85)) - Chosen 0/5000 blocks from 0 candidate containers.
2024-05-12 17:45:31,191 [3523888c-df3a-4c75-876a-f320dc6c9584-BlockDeletingService#2] INFO  interfaces.ContainerDeletionChoosingPolicyTemplate (ContainerDeletionChoosingPolicyTemplate.java:chooseContainerForBlockDeletion(85)) - Chosen 0/5000 blocks from 0 candidate containers.
2024-05-12 17:45:31,247 [d999a49d-42de-484c-a75f-ffa132e9c3a5-BlockDeletingService#2] INFO  interfaces.ContainerDeletionChoosingPolicyTemplate (ContainerDeletionChoosingPolicyTemplate.java:chooseContainerForBlockDeletion(85)) - Chosen 0/5000 blocks from 0 candidate containers.
2024-05-12 17:45:31,307 [2ef8d649-4864-4b9a-81a6-122cf2174905-BlockDeletingService#2] INFO  interfaces.ContainerDeletionChoosingPolicyTemplate (ContainerDeletionChoosingPolicyTemplate.java:chooseContainerForBlockDeletion(85)) - Chosen 0/5000 blocks from 0 candidate containers.
2024-05-12 17:45:31,356 [93bda13b-2c91-401a-a9f5-fc4ebb9220da-BlockDeletingService#2] INFO  interfaces.ContainerDeletionChoosingPolicyTemplate (ContainerDeletionChoosingPolicyTemplate.java:chooseContainerForBlockDeletion(85)) - Chosen 0/5000 blocks from 0 candidate containers.
2024-05-12 17:45:31,402 [fa054618-3a8f-49b0-93d4-5933c936b659-BlockDeletingService#2] INFO  interfaces.ContainerDeletionChoosingPolicyTemplate (ContainerDeletionChoosingPolicyTemplate.java:chooseContainerForBlockDeletion(85)) - Chosen 0/5000 blocks from 0 candidate containers.
2024-05-12 17:45:31,455 [a0742c66-ae9f-48ce-9181-086e540b3b62-BlockDeletingService#2] INFO  interfaces.ContainerDeletionChoosingPolicyTemplate (ContainerDeletionChoosingPolicyTemplate.java:chooseContainerForBlockDeletion(85)) - Chosen 0/5000 blocks from 0 candidate containers.
2024-05-12 17:45:31,500 [a33fd443-9c01-43ff-9618-b7376da7e75d-BlockDeletingService#1] INFO  interfaces.ContainerDeletionChoosingPolicyTemplate (ContainerDeletionChoosingPolicyTemplate.java:chooseContainerForBlockDeletion(85)) - Chosen 0/5000 blocks from 0 candidate containers.
2024-05-12 17:45:32,826 [grpc-default-executor-11] WARN  server.GrpcLogAppender (LogUtils.java:warn(121)) - fa054618-3a8f-49b0-93d4-5933c936b659@group-13A0CAA15F1F->a0742c66-ae9f-48ce-9181-086e540b3b62-AppendLogResponseHandler: Failed appendEntries: org.apache.ratis.thirdparty.io.grpc.StatusRuntimeException: UNAVAILABLE: io exception
2024-05-12 17:45:32,826 [grpc-default-executor-7] WARN  server.GrpcLogAppender (GrpcLogAppender.java:lambda$resetClient$1(217)) - fa054618-3a8f-49b0-93d4-5933c936b659@group-13A0CAA15F1F->a0742c66-ae9f-48ce-9181-086e540b3b62-GrpcLogAppender: Follower failed (request=null, errorCount=121); keep nextIndex (1) unchanged and retry.
2024-05-12 17:45:33,562 [timer0] WARN  server.GrpcLogAppender (LogUtils.java:warn(121)) - fa054618-3a8f-49b0-93d4-5933c936b659@group-2BFC12537A18->a0742c66-ae9f-48ce-9181-086e540b3b62-AppendLogResponseHandler: Failed appendEntries (Repeated 2 times in the last 5.000s): org.apache.ratis.thirdparty.io.grpc.StatusRuntimeException: UNAVAILABLE: io exception
2024-05-12 17:45:33,562 [timer1] WARN  server.GrpcLogAppender (GrpcLogAppender.java:lambda$resetClient$1(217)) - fa054618-3a8f-49b0-93d4-5933c936b659@group-2BFC12537A18->a0742c66-ae9f-48ce-9181-086e540b3b62-GrpcLogAppender: Follower failed (request=null, errorCount=126); keep nextIndex (10) unchanged and retry. (Repeated 2 times in the last 5.001s)
2024-05-12 17:45:35,789 [grpc-default-executor-11] WARN  server.GrpcLogAppender (LogUtils.java:warn(121)) - fa054618-3a8f-49b0-93d4-5933c936b659@group-2BFC12537A18->a0742c66-ae9f-48ce-9181-086e540b3b62-AppendLogResponseHandler: Failed appendEntries: org.apache.ratis.thirdparty.io.grpc.StatusRuntimeException: UNAVAILABLE: io exception
2024-05-12 17:45:35,789 [grpc-default-executor-7] WARN  server.GrpcLogAppender (GrpcLogAppender.java:lambda$resetClient$1(217)) - fa054618-3a8f-49b0-93d4-5933c936b659@group-2BFC12537A18->a0742c66-ae9f-48ce-9181-086e540b3b62-GrpcLogAppender: Follower failed (request=null, errorCount=127); keep nextIndex (10) unchanged and retry.
2024-05-12 17:45:37,826 [timer0] WARN  server.GrpcLogAppender (GrpcLogAppender.java:lambda$resetClient$1(217)) - fa054618-3a8f-49b0-93d4-5933c936b659@group-13A0CAA15F1F->a0742c66-ae9f-48ce-9181-086e540b3b62-GrpcLogAppender: Follower failed (request=null, errorCount=122); keep nextIndex (1) unchanged and retry. (Repeated 2 times in the last 5.000s)
2024-05-12 17:45:37,826 [timer7] WARN  server.GrpcLogAppender (LogUtils.java:warn(121)) - fa054618-3a8f-49b0-93d4-5933c936b659@group-13A0CAA15F1F->a0742c66-ae9f-48ce-9181-086e540b3b62-AppendLogResponseHandler: Failed appendEntries (Repeated 2 times in the last 5.000s): org.apache.ratis.thirdparty.io.grpc.StatusRuntimeException: UNAVAILABLE: io exception
2024-05-12 17:45:39,387 [grpc-default-executor-11] WARN  server.GrpcLogAppender (LogUtils.java:warn(121)) - fa054618-3a8f-49b0-93d4-5933c936b659@group-13A0CAA15F1F->a0742c66-ae9f-48ce-9181-086e540b3b62-AppendLogResponseHandler: Failed appendEntries: org.apache.ratis.thirdparty.io.grpc.StatusRuntimeException: UNAVAILABLE: io exception
2024-05-12 17:45:39,387 [grpc-default-executor-7] WARN  server.GrpcLogAppender (GrpcLogAppender.java:lambda$resetClient$1(217)) - fa054618-3a8f-49b0-93d4-5933c936b659@group-13A0CAA15F1F->a0742c66-ae9f-48ce-9181-086e540b3b62-GrpcLogAppender: Follower failed (request=null, errorCount=123); keep nextIndex (1) unchanged and retry.
2024-05-12 17:45:40,789 [timer0] WARN  server.GrpcLogAppender (LogUtils.java:warn(121)) - fa054618-3a8f-49b0-93d4-5933c936b659@group-2BFC12537A18->a0742c66-ae9f-48ce-9181-086e540b3b62-AppendLogResponseHandler: Failed appendEntries (Repeated 2 times in the last 5.000s): org.apache.ratis.thirdparty.io.grpc.StatusRuntimeException: UNAVAILABLE: io exception
2024-05-12 17:45:40,789 [timer1] WARN  server.GrpcLogAppender (GrpcLogAppender.java:lambda$resetClient$1(217)) - fa054618-3a8f-49b0-93d4-5933c936b659@group-2BFC12537A18->a0742c66-ae9f-48ce-9181-086e540b3b62-GrpcLogAppender: Follower failed (request=null, errorCount=128); keep nextIndex (10) unchanged and retry. (Repeated 2 times in the last 5.000s)
2024-05-12 17:45:43,278 [grpc-default-executor-7] WARN  server.GrpcLogAppender (LogUtils.java:warn(121)) - fa054618-3a8f-49b0-93d4-5933c936b659@group-2BFC12537A18->a0742c66-ae9f-48ce-9181-086e540b3b62-AppendLogResponseHandler: Failed appendEntries: org.apache.ratis.thirdparty.io.grpc.StatusRuntimeException: UNAVAILABLE: io exception
2024-05-12 17:45:43,278 [grpc-default-executor-11] WARN  server.GrpcLogAppender (GrpcLogAppender.java:lambda$resetClient$1(217)) - fa054618-3a8f-49b0-93d4-5933c936b659@group-2BFC12537A18->a0742c66-ae9f-48ce-9181-086e540b3b62-GrpcLogAppender: Follower failed (request=null, errorCount=129); keep nextIndex (10) unchanged and retry.
2024-05-12 17:45:44,387 [timer7] WARN  server.GrpcLogAppender (GrpcLogAppender.java:lambda$resetClient$1(217)) - fa054618-3a8f-49b0-93d4-5933c936b659@group-13A0CAA15F1F->a0742c66-ae9f-48ce-9181-086e540b3b62-GrpcLogAppender: Follower failed (request=null, errorCount=126); keep nextIndex (1) unchanged and retry. (Repeated 4 times in the last 4.999s)
2024-05-12 17:45:44,387 [timer6] WARN  server.GrpcLogAppender (LogUtils.java:warn(121)) - fa054618-3a8f-49b0-93d4-5933c936b659@group-13A0CAA15F1F->a0742c66-ae9f-48ce-9181-086e540b3b62-AppendLogResponseHandler: Failed appendEntries (Repeated 4 times in the last 5.000s): org.apache.ratis.thirdparty.io.grpc.StatusRuntimeException: UNAVAILABLE: io exception
2024-05-12 17:45:46,915 [grpc-default-executor-11] WARN  server.GrpcLogAppender (LogUtils.java:warn(121)) - fa054618-3a8f-49b0-93d4-5933c936b659@group-13A0CAA15F1F->a0742c66-ae9f-48ce-9181-086e540b3b62-AppendLogResponseHandler: Failed appendEntries: org.apache.ratis.thirdparty.io.grpc.StatusRuntimeException: UNAVAILABLE: io exception
2024-05-12 17:45:46,916 [grpc-default-executor-7] WARN  server.GrpcLogAppender (GrpcLogAppender.java:lambda$resetClient$1(217)) - fa054618-3a8f-49b0-93d4-5933c936b659@group-13A0CAA15F1F->a0742c66-ae9f-48ce-9181-086e540b3b62-GrpcLogAppender: Follower failed (request=null, errorCount=127); keep nextIndex (1) unchanged and retry.
2024-05-12 17:45:48,278 [timer7] WARN  server.GrpcLogAppender (LogUtils.java:warn(121)) - fa054618-3a8f-49b0-93d4-5933c936b659@group-2BFC12537A18->a0742c66-ae9f-48ce-9181-086e540b3b62-AppendLogResponseHandler: Failed appendEntries (Repeated 2 times in the last 5.000s): org.apache.ratis.thirdparty.io.grpc.StatusRuntimeException: UNAVAILABLE: io exception
2024-05-12 17:45:48,278 [timer0] WARN  server.GrpcLogAppender (GrpcLogAppender.java:lambda$resetClient$1(217)) - fa054618-3a8f-49b0-93d4-5933c936b659@group-2BFC12537A18->a0742c66-ae9f-48ce-9181-086e540b3b62-GrpcLogAppender: Follower failed (request=null, errorCount=130); keep nextIndex (10) unchanged and retry. (Repeated 2 times in the last 5.000s)
2024-05-12 17:45:49,256 [grpc-default-executor-11] WARN  server.GrpcLogAppender (LogUtils.java:warn(121)) - fa054618-3a8f-49b0-93d4-5933c936b659@group-2BFC12537A18->a0742c66-ae9f-48ce-9181-086e540b3b62-AppendLogResponseHandler: Failed appendEntries: org.apache.ratis.thirdparty.io.grpc.StatusRuntimeException: UNAVAILABLE: io exception
2024-05-12 17:45:49,256 [grpc-default-executor-7] WARN  server.GrpcLogAppender (GrpcLogAppender.java:lambda$resetClient$1(217)) - fa054618-3a8f-49b0-93d4-5933c936b659@group-2BFC12537A18->a0742c66-ae9f-48ce-9181-086e540b3b62-GrpcLogAppender: Follower failed (request=null, errorCount=131); keep nextIndex (10) unchanged and retry.
2024-05-12 17:45:51,916 [timer1] WARN  server.GrpcLogAppender (GrpcLogAppender.java:lambda$resetClient$1(217)) - fa054618-3a8f-49b0-93d4-5933c936b659@group-13A0CAA15F1F->a0742c66-ae9f-48ce-9181-086e540b3b62-GrpcLogAppender: Follower failed (request=null, errorCount=128); keep nextIndex (1) unchanged and retry. (Repeated 2 times in the last 5.001s)
2024-05-12 17:45:51,916 [timer0] WARN  server.GrpcLogAppender (LogUtils.java:warn(121)) - fa054618-3a8f-49b0-93d4-5933c936b659@group-13A0CAA15F1F->a0742c66-ae9f-48ce-9181-086e540b3b62-AppendLogResponseHandler: Failed appendEntries (Repeated 2 times in the last 5.001s): org.apache.ratis.thirdparty.io.grpc.StatusRuntimeException: UNAVAILABLE: io exception
2024-05-12 17:45:52,007 [grpc-default-executor-7] WARN  server.GrpcLogAppender (LogUtils.java:warn(121)) - fa054618-3a8f-49b0-93d4-5933c936b659@group-13A0CAA15F1F->a0742c66-ae9f-48ce-9181-086e540b3b62-AppendLogResponseHandler: Failed appendEntries: org.apache.ratis.thirdparty.io.grpc.StatusRuntimeException: UNAVAILABLE: io exception
2024-05-12 17:45:52,007 [grpc-default-executor-11] WARN  server.GrpcLogAppender (GrpcLogAppender.java:lambda$resetClient$1(217)) - fa054618-3a8f-49b0-93d4-5933c936b659@group-13A0CAA15F1F->a0742c66-ae9f-48ce-9181-086e540b3b62-GrpcLogAppender: Follower failed (request=null, errorCount=129); keep nextIndex (1) unchanged and retry.
2024-05-12 17:45:54,256 [timer1] WARN  server.GrpcLogAppender (GrpcLogAppender.java:lambda$resetClient$1(217)) - fa054618-3a8f-49b0-93d4-5933c936b659@group-2BFC12537A18->a0742c66-ae9f-48ce-9181-086e540b3b62-GrpcLogAppender: Follower failed (request=null, errorCount=132); keep nextIndex (10) unchanged and retry. (Repeated 2 times in the last 5.000s)
2024-05-12 17:45:54,257 [timer0] WARN  server.GrpcLogAppender (LogUtils.java:warn(121)) - fa054618-3a8f-49b0-93d4-5933c936b659@group-2BFC12537A18->a0742c66-ae9f-48ce-9181-086e540b3b62-AppendLogResponseHandler: Failed appendEntries (Repeated 2 times in the last 5.000s): org.apache.ratis.thirdparty.io.grpc.StatusRuntimeException: UNAVAILABLE: io exception
2024-05-12 17:45:54,442 [grpc-default-executor-7] WARN  server.GrpcLogAppender (LogUtils.java:warn(121)) - fa054618-3a8f-49b0-93d4-5933c936b659@group-2BFC12537A18->a0742c66-ae9f-48ce-9181-086e540b3b62-AppendLogResponseHandler: Failed appendEntries: org.apache.ratis.thirdparty.io.grpc.StatusRuntimeException: UNAVAILABLE: io exception
2024-05-12 17:45:54,443 [grpc-default-executor-11] WARN  server.GrpcLogAppender (GrpcLogAppender.java:lambda$resetClient$1(217)) - fa054618-3a8f-49b0-93d4-5933c936b659@group-2BFC12537A18->a0742c66-ae9f-48ce-9181-086e540b3b62-GrpcLogAppender: Follower failed (request=null, errorCount=133); keep nextIndex (10) unchanged and retry.
2024-05-12 17:45:57,007 [timer1] WARN  server.GrpcLogAppender (GrpcLogAppender.java:lambda$resetClient$1(217)) - fa054618-3a8f-49b0-93d4-5933c936b659@group-13A0CAA15F1F->a0742c66-ae9f-48ce-9181-086e540b3b62-GrpcLogAppender: Follower failed (request=null, errorCount=130); keep nextIndex (1) unchanged and retry. (Repeated 2 times in the last 5.000s)
2024-05-12 17:45:57,007 [timer0] WARN  server.GrpcLogAppender (LogUtils.java:warn(121)) - fa054618-3a8f-49b0-93d4-5933c936b659@group-13A0CAA15F1F->a0742c66-ae9f-48ce-9181-086e540b3b62-AppendLogResponseHandler: Failed appendEntries (Repeated 2 times in the last 5.001s): org.apache.ratis.thirdparty.io.grpc.StatusRuntimeException: UNAVAILABLE: io exception
2024-05-12 17:45:58,771 [grpc-default-executor-11] WARN  server.GrpcLogAppender (LogUtils.java:warn(121)) - fa054618-3a8f-49b0-93d4-5933c936b659@group-13A0CAA15F1F->a0742c66-ae9f-48ce-9181-086e540b3b62-AppendLogResponseHandler: Failed appendEntries: org.apache.ratis.thirdparty.io.grpc.StatusRuntimeException: UNAVAILABLE: io exception
2024-05-12 17:45:58,771 [grpc-default-executor-7] WARN  server.GrpcLogAppender (GrpcLogAppender.java:lambda$resetClient$1(217)) - fa054618-3a8f-49b0-93d4-5933c936b659@group-13A0CAA15F1F->a0742c66-ae9f-48ce-9181-086e540b3b62-GrpcLogAppender: Follower failed (request=null, errorCount=131); keep nextIndex (1) unchanged and retry.
2024-05-12 17:45:59,442 [timer0] WARN  server.GrpcLogAppender (LogUtils.java:warn(121)) - fa054618-3a8f-49b0-93d4-5933c936b659@group-2BFC12537A18->a0742c66-ae9f-48ce-9181-086e540b3b62-AppendLogResponseHandler: Failed appendEntries (Repeated 4 times in the last 4.999s): org.apache.ratis.thirdparty.io.grpc.StatusRuntimeException: UNAVAILABLE: io exception
2024-05-12 17:45:59,443 [timer1] WARN  server.GrpcLogAppender (GrpcLogAppender.java:lambda$resetClient$1(217)) - fa054618-3a8f-49b0-93d4-5933c936b659@group-2BFC12537A18->a0742c66-ae9f-48ce-9181-086e540b3b62-GrpcLogAppender: Follower failed (request=null, errorCount=136); keep nextIndex (10) unchanged and retry. (Repeated 4 times in the last 5.000s)
2024-05-12 17:46:02,483 [grpc-default-executor-11] WARN  server.GrpcLogAppender (LogUtils.java:warn(121)) - fa054618-3a8f-49b0-93d4-5933c936b659@group-2BFC12537A18->a0742c66-ae9f-48ce-9181-086e540b3b62-AppendLogResponseHandler: Failed appendEntries: org.apache.ratis.thirdparty.io.grpc.StatusRuntimeException: UNAVAILABLE: io exception
2024-05-12 17:46:02,483 [grpc-default-executor-7] WARN  server.GrpcLogAppender (GrpcLogAppender.java:lambda$resetClient$1(217)) - fa054618-3a8f-49b0-93d4-5933c936b659@group-2BFC12537A18->a0742c66-ae9f-48ce-9181-086e540b3b62-GrpcLogAppender: Follower failed (request=null, errorCount=137); keep nextIndex (10) unchanged and retry.
2024-05-12 17:46:03,771 [timer0] WARN  server.GrpcLogAppender (LogUtils.java:warn(121)) - fa054618-3a8f-49b0-93d4-5933c936b659@group-13A0CAA15F1F->a0742c66-ae9f-48ce-9181-086e540b3b62-AppendLogResponseHandler: Failed appendEntries (Repeated 2 times in the last 5.000s): org.apache.ratis.thirdparty.io.grpc.StatusRuntimeException: UNAVAILABLE: io exception
2024-05-12 17:46:03,771 [timer1] WARN  server.GrpcLogAppender (GrpcLogAppender.java:lambda$resetClient$1(217)) - fa054618-3a8f-49b0-93d4-5933c936b659@group-13A0CAA15F1F->a0742c66-ae9f-48ce-9181-086e540b3b62-GrpcLogAppender: Follower failed (request=null, errorCount=132); keep nextIndex (1) unchanged and retry. (Repeated 2 times in the last 5.000s)
2024-05-12 17:46:04,249 [grpc-default-executor-11] WARN  server.GrpcLogAppender (LogUtils.java:warn(121)) - fa054618-3a8f-49b0-93d4-5933c936b659@group-13A0CAA15F1F->a0742c66-ae9f-48ce-9181-086e540b3b62-AppendLogResponseHandler: Failed appendEntries: org.apache.ratis.thirdparty.io.grpc.StatusRuntimeException: UNAVAILABLE: io exception
2024-05-12 17:46:04,249 [grpc-default-executor-7] WARN  server.GrpcLogAppender (GrpcLogAppender.java:lambda$resetClient$1(217)) - fa054618-3a8f-49b0-93d4-5933c936b659@group-13A0CAA15F1F->a0742c66-ae9f-48ce-9181-086e540b3b62-GrpcLogAppender: Follower failed (request=null, errorCount=133); keep nextIndex (1) unchanged and retry.
2024-05-12 17:46:07,483 [timer7] WARN  server.GrpcLogAppender (LogUtils.java:warn(121)) - fa054618-3a8f-49b0-93d4-5933c936b659@group-2BFC12537A18->a0742c66-ae9f-48ce-9181-086e540b3b62-AppendLogResponseHandler: Failed appendEntries (Repeated 2 times in the last 5.000s): org.apache.ratis.thirdparty.io.grpc.StatusRuntimeException: UNAVAILABLE: io exception
2024-05-12 17:46:07,483 [timer0] WARN  server.GrpcLogAppender (GrpcLogAppender.java:lambda$resetClient$1(217)) - fa054618-3a8f-49b0-93d4-5933c936b659@group-2BFC12537A18->a0742c66-ae9f-48ce-9181-086e540b3b62-GrpcLogAppender: Follower failed (request=null, errorCount=138); keep nextIndex (10) unchanged and retry. (Repeated 2 times in the last 5.000s)
2024-05-12 17:46:09,200 [grpc-default-executor-11] WARN  server.GrpcLogAppender (LogUtils.java:warn(121)) - fa054618-3a8f-49b0-93d4-5933c936b659@group-2BFC12537A18->a0742c66-ae9f-48ce-9181-086e540b3b62-AppendLogResponseHandler: Failed appendEntries: org.apache.ratis.thirdparty.io.grpc.StatusRuntimeException: UNAVAILABLE: io exception
2024-05-12 17:46:09,200 [grpc-default-executor-7] WARN  server.GrpcLogAppender (GrpcLogAppender.java:lambda$resetClient$1(217)) - fa054618-3a8f-49b0-93d4-5933c936b659@group-2BFC12537A18->a0742c66-ae9f-48ce-9181-086e540b3b62-GrpcLogAppender: Follower failed (request=null, errorCount=139); keep nextIndex (10) unchanged and retry.
2024-05-12 17:46:09,249 [timer1] WARN  server.GrpcLogAppender (GrpcLogAppender.java:lambda$resetClient$1(217)) - fa054618-3a8f-49b0-93d4-5933c936b659@group-13A0CAA15F1F->a0742c66-ae9f-48ce-9181-086e540b3b62-GrpcLogAppender: Follower failed (request=null, errorCount=134); keep nextIndex (1) unchanged and retry. (Repeated 2 times in the last 5.000s)
2024-05-12 17:46:09,250 [timer0] WARN  server.GrpcLogAppender (LogUtils.java:warn(121)) - fa054618-3a8f-49b0-93d4-5933c936b659@group-13A0CAA15F1F->a0742c66-ae9f-48ce-9181-086e540b3b62-AppendLogResponseHandler: Failed appendEntries (Repeated 2 times in the last 5.001s): org.apache.ratis.thirdparty.io.grpc.StatusRuntimeException: UNAVAILABLE: io exception
2024-05-12 17:46:11,648 [grpc-default-executor-7] WARN  server.GrpcLogAppender (LogUtils.java:warn(121)) - fa054618-3a8f-49b0-93d4-5933c936b659@group-13A0CAA15F1F->a0742c66-ae9f-48ce-9181-086e540b3b62-AppendLogResponseHandler: Failed appendEntries: org.apache.ratis.thirdparty.io.grpc.StatusRuntimeException: UNAVAILABLE: io exception
2024-05-12 17:46:11,648 [grpc-default-executor-11] WARN  server.GrpcLogAppender (GrpcLogAppender.java:lambda$resetClient$1(217)) - fa054618-3a8f-49b0-93d4-5933c936b659@group-13A0CAA15F1F->a0742c66-ae9f-48ce-9181-086e540b3b62-GrpcLogAppender: Follower failed (request=null, errorCount=135); keep nextIndex (1) unchanged and retry.
2024-05-12 17:46:14,200 [timer0] WARN  server.GrpcLogAppender (GrpcLogAppender.java:lambda$resetClient$1(217)) - fa054618-3a8f-49b0-93d4-5933c936b659@group-2BFC12537A18->a0742c66-ae9f-48ce-9181-086e540b3b62-GrpcLogAppender: Follower failed (request=null, errorCount=140); keep nextIndex (10) unchanged and retry. (Repeated 2 times in the last 4.999s)
2024-05-12 17:46:14,200 [timer7] WARN  server.GrpcLogAppender (LogUtils.java:warn(121)) - fa054618-3a8f-49b0-93d4-5933c936b659@group-2BFC12537A18->a0742c66-ae9f-48ce-9181-086e540b3b62-AppendLogResponseHandler: Failed appendEntries (Repeated 2 times in the last 5.000s): org.apache.ratis.thirdparty.io.grpc.StatusRuntimeException: UNAVAILABLE: io exception
2024-05-12 17:46:14,944 [grpc-default-executor-11] WARN  server.GrpcLogAppender (LogUtils.java:warn(121)) - fa054618-3a8f-49b0-93d4-5933c936b659@group-2BFC12537A18->a0742c66-ae9f-48ce-9181-086e540b3b62-AppendLogResponseHandler: Failed appendEntries: org.apache.ratis.thirdparty.io.grpc.StatusRuntimeException: UNAVAILABLE: io exception
2024-05-12 17:46:14,944 [grpc-default-executor-7] WARN  server.GrpcLogAppender (GrpcLogAppender.java:lambda$resetClient$1(217)) - fa054618-3a8f-49b0-93d4-5933c936b659@group-2BFC12537A18->a0742c66-ae9f-48ce-9181-086e540b3b62-GrpcLogAppender: Follower failed (request=null, errorCount=141); keep nextIndex (10) unchanged and retry.
2024-05-12 17:46:16,648 [timer0] WARN  server.GrpcLogAppender (LogUtils.java:warn(121)) - fa054618-3a8f-49b0-93d4-5933c936b659@group-13A0CAA15F1F->a0742c66-ae9f-48ce-9181-086e540b3b62-AppendLogResponseHandler: Failed appendEntries (Repeated 4 times in the last 5.000s): org.apache.ratis.thirdparty.io.grpc.StatusRuntimeException: UNAVAILABLE: io exception
2024-05-12 17:46:16,649 [timer1] WARN  server.GrpcLogAppender (GrpcLogAppender.java:lambda$resetClient$1(217)) - fa054618-3a8f-49b0-93d4-5933c936b659@group-13A0CAA15F1F->a0742c66-ae9f-48ce-9181-086e540b3b62-GrpcLogAppender: Follower failed (request=null, errorCount=138); keep nextIndex (1) unchanged and retry. (Repeated 4 times in the last 5.000s)
2024-05-12 17:46:19,944 [timer7] WARN  server.GrpcLogAppender (LogUtils.java:warn(121)) - fa054618-3a8f-49b0-93d4-5933c936b659@group-2BFC12537A18->a0742c66-ae9f-48ce-9181-086e540b3b62-AppendLogResponseHandler: Failed appendEntries (Repeated 2 times in the last 5.000s): org.apache.ratis.thirdparty.io.grpc.StatusRuntimeException: UNAVAILABLE: io exception
2024-05-12 17:46:19,945 [timer0] WARN  server.GrpcLogAppender (GrpcLogAppender.java:lambda$resetClient$1(217)) - fa054618-3a8f-49b0-93d4-5933c936b659@group-2BFC12537A18->a0742c66-ae9f-48ce-9181-086e540b3b62-GrpcLogAppender: Follower failed (request=null, errorCount=142); keep nextIndex (10) unchanged and retry. (Repeated 2 times in the last 5.000s)
2024-05-12 17:46:20,892 [grpc-default-executor-11] WARN  server.GrpcLogAppender (LogUtils.java:warn(121)) - fa054618-3a8f-49b0-93d4-5933c936b659@group-2BFC12537A18->a0742c66-ae9f-48ce-9181-086e540b3b62-AppendLogResponseHandler: Failed appendEntries: org.apache.ratis.thirdparty.io.grpc.StatusRuntimeException: UNAVAILABLE: io exception
2024-05-12 17:46:20,893 [grpc-default-executor-7] WARN  server.GrpcLogAppender (GrpcLogAppender.java:lambda$resetClient$1(217)) - fa054618-3a8f-49b0-93d4-5933c936b659@group-2BFC12537A18->a0742c66-ae9f-48ce-9181-086e540b3b62-GrpcLogAppender: Follower failed (request=null, errorCount=143); keep nextIndex (10) unchanged and retry.
2024-05-12 17:46:21,532 [grpc-default-executor-11] WARN  server.GrpcLogAppender (LogUtils.java:warn(121)) - fa054618-3a8f-49b0-93d4-5933c936b659@group-13A0CAA15F1F->a0742c66-ae9f-48ce-9181-086e540b3b62-AppendLogResponseHandler: Failed appendEntries: org.apache.ratis.thirdparty.io.grpc.StatusRuntimeException: UNAVAILABLE: io exception
2024-05-12 17:46:21,532 [grpc-default-executor-7] WARN  server.GrpcLogAppender (GrpcLogAppender.java:lambda$resetClient$1(217)) - fa054618-3a8f-49b0-93d4-5933c936b659@group-13A0CAA15F1F->a0742c66-ae9f-48ce-9181-086e540b3b62-GrpcLogAppender: Follower failed (request=null, errorCount=139); keep nextIndex (1) unchanged and retry.
2024-05-12 17:46:25,893 [timer5] WARN  server.GrpcLogAppender (LogUtils.java:warn(121)) - fa054618-3a8f-49b0-93d4-5933c936b659@group-2BFC12537A18->a0742c66-ae9f-48ce-9181-086e540b3b62-AppendLogResponseHandler: Failed appendEntries (Repeated 4 times in the last 5.001s): org.apache.ratis.thirdparty.io.grpc.StatusRuntimeException: UNAVAILABLE: io exception
2024-05-12 17:46:25,893 [timer6] WARN  server.GrpcLogAppender (GrpcLogAppender.java:lambda$resetClient$1(217)) - fa054618-3a8f-49b0-93d4-5933c936b659@group-2BFC12537A18->a0742c66-ae9f-48ce-9181-086e540b3b62-GrpcLogAppender: Follower failed (request=null, errorCount=146); keep nextIndex (10) unchanged and retry. (Repeated 4 times in the last 5.001s)
2024-05-12 17:46:26,532 [timer1] WARN  server.GrpcLogAppender (GrpcLogAppender.java:lambda$resetClient$1(217)) - fa054618-3a8f-49b0-93d4-5933c936b659@group-13A0CAA15F1F->a0742c66-ae9f-48ce-9181-086e540b3b62-GrpcLogAppender: Follower failed (request=null, errorCount=140); keep nextIndex (1) unchanged and retry. (Repeated 2 times in the last 5.000s)
2024-05-12 17:46:26,532 [timer0] WARN  server.GrpcLogAppender (LogUtils.java:warn(121)) - fa054618-3a8f-49b0-93d4-5933c936b659@group-13A0CAA15F1F->a0742c66-ae9f-48ce-9181-086e540b3b62-AppendLogResponseHandler: Failed appendEntries (Repeated 2 times in the last 5.001s): org.apache.ratis.thirdparty.io.grpc.StatusRuntimeException: UNAVAILABLE: io exception
2024-05-12 17:46:27,661 [grpc-default-executor-11] WARN  server.GrpcLogAppender (LogUtils.java:warn(121)) - fa054618-3a8f-49b0-93d4-5933c936b659@group-13A0CAA15F1F->a0742c66-ae9f-48ce-9181-086e540b3b62-AppendLogResponseHandler: Failed appendEntries: org.apache.ratis.thirdparty.io.grpc.StatusRuntimeException: UNAVAILABLE: io exception
2024-05-12 17:46:27,661 [grpc-default-executor-7] WARN  server.GrpcLogAppender (GrpcLogAppender.java:lambda$resetClient$1(217)) - fa054618-3a8f-49b0-93d4-5933c936b659@group-13A0CAA15F1F->a0742c66-ae9f-48ce-9181-086e540b3b62-GrpcLogAppender: Follower failed (request=null, errorCount=141); keep nextIndex (1) unchanged and retry.
2024-05-12 17:46:28,278 [JvmPauseMonitor46] INFO  util.JvmPauseMonitor (JvmPauseMonitor.java:run(152)) - JvmPauseMonitor-a0742c66-ae9f-48ce-9181-086e540b3b62: Stopped
2024-05-12 17:46:28,278 [main] ERROR server.XceiverServerGrpc (XceiverServerGrpc.java:stop(216)) - failed to shutdown XceiverServerGrpc
java.lang.InterruptedException: DefaultPromise@2014fd86(incomplete)
	at org.apache.ratis.thirdparty.io.netty.util.concurrent.DefaultPromise.await(DefaultPromise.java:245)
	at org.apache.ratis.thirdparty.io.netty.util.concurrent.DefaultPromise.sync(DefaultPromise.java:405)
	at org.apache.ratis.thirdparty.io.netty.util.concurrent.DefaultPromise.sync(DefaultPromise.java:35)
	at org.apache.hadoop.ozone.container.common.transport.server.XceiverServerGrpc.stop(XceiverServerGrpc.java:214)
	at org.apache.hadoop.ozone.container.ozoneimpl.OzoneContainer.stop(OzoneContainer.java:485)
	at org.apache.hadoop.ozone.container.common.statemachine.DatanodeStateMachine.close(DatanodeStateMachine.java:447)
	at org.apache.hadoop.ozone.container.common.statemachine.DatanodeStateMachine.stopDaemon(DatanodeStateMachine.java:637)
	at org.apache.hadoop.ozone.HddsDatanodeService.stop(HddsDatanodeService.java:550)
	at org.apache.hadoop.ozone.MiniOzoneClusterImpl.stopDatanode(MiniOzoneClusterImpl.java:479)
	at org.apache.hadoop.ozone.MiniOzoneClusterImpl.shutdownHddsDatanode(MiniOzoneClusterImpl.java:381)
	at org.apache.hadoop.ozone.MiniOzoneClusterImpl.shutdownHddsDatanode(MiniOzoneClusterImpl.java:386)
	at org.apache.hadoop.ozone.client.rpc.TestFailureHandlingByClient.testBlockWritesWithDnFailures(TestFailureHandlingByClient.java:196)
	at java.base/jdk.internal.reflect.NativeMethodAccessorImpl.invoke0(Native Method)
	at java.base/jdk.internal.reflect.NativeMethodAccessorImpl.invoke(NativeMethodAccessorImpl.java:77)
	at java.base/jdk.internal.reflect.DelegatingMethodAccessorImpl.invoke(DelegatingMethodAccessorImpl.java:43)
	at java.base/java.lang.reflect.Method.invoke(Method.java:568)
	at org.junit.platform.commons.util.ReflectionUtils.invokeMethod(ReflectionUtils.java:728)
	at org.junit.jupiter.engine.execution.MethodInvocation.proceed(MethodInvocation.java:60)
	at org.junit.jupiter.engine.execution.InvocationInterceptorChain$ValidatingInvocation.proceed(InvocationInterceptorChain.java:131)
	at org.junit.jupiter.engine.extension.SameThreadTimeoutInvocation.proceed(SameThreadTimeoutInvocation.java:45)
	at org.junit.jupiter.engine.extension.TimeoutExtension.intercept(TimeoutExtension.java:156)
	at org.junit.jupiter.engine.extension.TimeoutExtension.interceptTestableMethod(TimeoutExtension.java:147)
	at org.junit.jupiter.engine.extension.TimeoutExtension.interceptTestMethod(TimeoutExtension.java:86)
	at org.junit.jupiter.engine.execution.InterceptingExecutableInvoker$ReflectiveInterceptorCall.lambda$ofVoidMethod$0(InterceptingExecutableInvoker.java:103)
	at org.junit.jupiter.engine.execution.InterceptingExecutableInvoker.lambda$invoke$0(InterceptingExecutableInvoker.java:93)
	at org.junit.jupiter.engine.execution.InvocationInterceptorChain$InterceptedInvocation.proceed(InvocationInterceptorChain.java:106)
	at org.junit.jupiter.engine.execution.InvocationInterceptorChain.proceed(InvocationInterceptorChain.java:64)
	at org.junit.jupiter.engine.execution.InvocationInterceptorChain.chainAndInvoke(InvocationInterceptorChain.java:45)
	at org.junit.jupiter.engine.execution.InvocationInterceptorChain.invoke(InvocationInterceptorChain.java:37)
	at org.junit.jupiter.engine.execution.InterceptingExecutableInvoker.invoke(InterceptingExecutableInvoker.java:92)
	at org.junit.jupiter.engine.execution.InterceptingExecutableInvoker.invoke(InterceptingExecutableInvoker.java:86)
	at org.junit.jupiter.engine.descriptor.TestMethodTestDescriptor.lambda$invokeTestMethod$7(TestMethodTestDescriptor.java:218)
	at org.junit.platform.engine.support.hierarchical.ThrowableCollector.execute(ThrowableCollector.java:73)
	at org.junit.jupiter.engine.descriptor.TestMethodTestDescriptor.invokeTestMethod(TestMethodTestDescriptor.java:214)
	at org.junit.jupiter.engine.descriptor.TestMethodTestDescriptor.execute(TestMethodTestDescriptor.java:139)
	at org.junit.jupiter.engine.descriptor.TestMethodTestDescriptor.execute(TestMethodTestDescriptor.java:69)
	at org.junit.platform.engine.support.hierarchical.NodeTestTask.lambda$executeRecursively$6(NodeTestTask.java:151)
	at org.junit.platform.engine.support.hierarchical.ThrowableCollector.execute(ThrowableCollector.java:73)
	at org.junit.platform.engine.support.hierarchical.NodeTestTask.lambda$executeRecursively$8(NodeTestTask.java:141)
	at org.junit.platform.engine.support.hierarchical.Node.around(Node.java:137)
	at org.junit.platform.engine.support.hierarchical.NodeTestTask.lambda$executeRecursively$9(NodeTestTask.java:139)
	at org.junit.platform.engine.support.hierarchical.ThrowableCollector.execute(ThrowableCollector.java:73)
	at org.junit.platform.engine.support.hierarchical.NodeTestTask.executeRecursively(NodeTestTask.java:138)
	at org.junit.platform.engine.support.hierarchical.NodeTestTask.execute(NodeTestTask.java:95)
	at java.base/java.util.ArrayList.forEach(ArrayList.java:1511)
	at org.junit.platform.engine.support.hierarchical.SameThreadHierarchicalTestExecutorService.invokeAll(SameThreadHierarchicalTestExecutorService.java:41)
	at org.junit.platform.engine.support.hierarchical.NodeTestTask.lambda$executeRecursively$6(NodeTestTask.java:155)
	at org.junit.platform.engine.support.hierarchical.ThrowableCollector.execute(ThrowableCollector.java:73)
	at org.junit.platform.engine.support.hierarchical.NodeTestTask.lambda$executeRecursively$8(NodeTestTask.java:141)
	at org.junit.platform.engine.support.hierarchical.Node.around(Node.java:137)
	at org.junit.platform.engine.support.hierarchical.NodeTestTask.lambda$executeRecursively$9(NodeTestTask.java:139)
	at org.junit.platform.engine.support.hierarchical.ThrowableCollector.execute(ThrowableCollector.java:73)
	at org.junit.platform.engine.support.hierarchical.NodeTestTask.executeRecursively(NodeTestTask.java:138)
	at org.junit.platform.engine.support.hierarchical.NodeTestTask.execute(NodeTestTask.java:95)
	at java.base/java.util.ArrayList.forEach(ArrayList.java:1511)
	at org.junit.platform.engine.support.hierarchical.SameThreadHierarchicalTestExecutorService.invokeAll(SameThreadHierarchicalTestExecutorService.java:41)
	at org.junit.platform.engine.support.hierarchical.NodeTestTask.lambda$executeRecursively$6(NodeTestTask.java:155)
	at org.junit.platform.engine.support.hierarchical.ThrowableCollector.execute(ThrowableCollector.java:73)
	at org.junit.platform.engine.support.hierarchical.NodeTestTask.lambda$executeRecursively$8(NodeTestTask.java:141)
	at org.junit.platform.engine.support.hierarchical.Node.around(Node.java:137)
	at org.junit.platform.engine.support.hierarchical.NodeTestTask.lambda$executeRecursively$9(NodeTestTask.java:139)
	at org.junit.platform.engine.support.hierarchical.ThrowableCollector.execute(ThrowableCollector.java:73)
	at org.junit.platform.engine.support.hierarchical.NodeTestTask.executeRecursively(NodeTestTask.java:138)
	at org.junit.platform.engine.support.hierarchical.NodeTestTask.execute(NodeTestTask.java:95)
	at org.junit.platform.engine.support.hierarchical.SameThreadHierarchicalTestExecutorService.submit(SameThreadHierarchicalTestExecutorService.java:35)
	at org.junit.platform.engine.support.hierarchical.HierarchicalTestExecutor.execute(HierarchicalTestExecutor.java:57)
	at org.junit.platform.engine.support.hierarchical.HierarchicalTestEngine.execute(HierarchicalTestEngine.java:54)
	at org.junit.platform.launcher.core.EngineExecutionOrchestrator.execute(EngineExecutionOrchestrator.java:198)
	at org.junit.platform.launcher.core.EngineExecutionOrchestrator.execute(EngineExecutionOrchestrator.java:169)
	at org.junit.platform.launcher.core.EngineExecutionOrchestrator.execute(EngineExecutionOrchestrator.java:93)
	at org.junit.platform.launcher.core.EngineExecutionOrchestrator.lambda$execute$0(EngineExecutionOrchestrator.java:58)
	at org.junit.platform.launcher.core.EngineExecutionOrchestrator.withInterceptedStreams(EngineExecutionOrchestrator.java:141)
	at org.junit.platform.launcher.core.EngineExecutionOrchestrator.execute(EngineExecutionOrchestrator.java:57)
	at org.junit.platform.launcher.core.DefaultLauncher.execute(DefaultLauncher.java:103)
	at org.junit.platform.launcher.core.DefaultLauncher.execute(DefaultLauncher.java:85)
	at org.junit.platform.launcher.core.DelegatingLauncher.execute(DelegatingLauncher.java:47)
	at org.junit.platform.launcher.core.SessionPerRequestLauncher.execute(SessionPerRequestLauncher.java:63)
	at org.apache.maven.surefire.junitplatform.JUnitPlatformProvider.invokeAllTests(JUnitPlatformProvider.java:154)
	at org.apache.maven.surefire.junitplatform.JUnitPlatformProvider.invoke(JUnitPlatformProvider.java:123)
	at org.apache.maven.surefire.booter.ForkedBooter.runSuitesInProcess(ForkedBooter.java:377)
	at org.apache.maven.surefire.booter.ForkedBooter.execute(ForkedBooter.java:138)
	at org.apache.maven.surefire.booter.ForkedBooter.run(ForkedBooter.java:465)
	at org.apache.maven.surefire.booter.ForkedBooter.main(ForkedBooter.java:451)
2024-05-12 17:46:28,279 [main] INFO  utils.DatanodeStoreCache (DatanodeStoreCache.java:shutdownCache(116)) - Skip clearing cache in mini cluster mode. Entries left: [/home/runner/work/ozone/ozone/hadoop-ozone/integration-test/target/test-dir/MiniOzoneClusterImpl-71ef5771-1bca-432b-8888-38dc3c8d5d63/ozone-meta/datanode-1/data-0/hdds/71ef5771-1bca-432b-8888-38dc3c8d5d63/DS-022786f3-a330-4083-ad03-82fba0a20d5b/container.db, /home/runner/work/ozone/ozone/hadoop-ozone/integration-test/target/test-dir/MiniOzoneClusterImpl-71ef5771-1bca-432b-8888-38dc3c8d5d63/ozone-meta/datanode-10/data-0/hdds/71ef5771-1bca-432b-8888-38dc3c8d5d63/DS-521af26a-43fe-470d-a4f0-2cdb7e20903c/container.db, /home/runner/work/ozone/ozone/hadoop-ozone/integration-test/target/test-dir/MiniOzoneClusterImpl-71ef5771-1bca-432b-8888-38dc3c8d5d63/ozone-meta/datanode-2/data-0/hdds/71ef5771-1bca-432b-8888-38dc3c8d5d63/DS-ab6f7da1-2586-460e-903a-1a2713c9f9fa/container.db, /home/runner/work/ozone/ozone/hadoop-ozone/integration-test/target/test-dir/MiniOzoneClusterImpl-71ef5771-1bca-432b-8888-38dc3c8d5d63/ozone-meta/datanode-3/data-0/hdds/71ef5771-1bca-432b-8888-38dc3c8d5d63/DS-098c289b-f7b8-484e-85eb-c4e4b7b68464/container.db, /home/runner/work/ozone/ozone/hadoop-ozone/integration-test/target/test-dir/MiniOzoneClusterImpl-71ef5771-1bca-432b-8888-38dc3c8d5d63/ozone-meta/datanode-4/data-0/hdds/71ef5771-1bca-432b-8888-38dc3c8d5d63/DS-bc911a75-08a8-46e6-b4ec-711ed4d0cd08/container.db, /home/runner/work/ozone/ozone/hadoop-ozone/integration-test/target/test-dir/MiniOzoneClusterImpl-71ef5771-1bca-432b-8888-38dc3c8d5d63/ozone-meta/datanode-5/data-0/hdds/71ef5771-1bca-432b-8888-38dc3c8d5d63/DS-c36a734b-7558-4b36-8a60-6b60a15be8c4/container.db, /home/runner/work/ozone/ozone/hadoop-ozone/integration-test/target/test-dir/MiniOzoneClusterImpl-71ef5771-1bca-432b-8888-38dc3c8d5d63/ozone-meta/datanode-6/data-0/hdds/71ef5771-1bca-432b-8888-38dc3c8d5d63/DS-ecffac56-7014-40de-88fa-54768e642694/container.db, /home/runner/work/ozone/ozone/hadoop-ozone/integration-test/target/test-dir/MiniOzoneClusterImpl-71ef5771-1bca-432b-8888-38dc3c8d5d63/ozone-meta/datanode-7/data-0/hdds/71ef5771-1bca-432b-8888-38dc3c8d5d63/DS-5c094980-b761-4361-9b45-1d4a43d13ab7/container.db, /home/runner/work/ozone/ozone/hadoop-ozone/integration-test/target/test-dir/MiniOzoneClusterImpl-71ef5771-1bca-432b-8888-38dc3c8d5d63/ozone-meta/datanode-8/data-0/hdds/71ef5771-1bca-432b-8888-38dc3c8d5d63/DS-cf25e66a-8e82-4720-a9cf-cb5d7a186b89/container.db, /home/runner/work/ozone/ozone/hadoop-ozone/integration-test/target/test-dir/MiniOzoneClusterImpl-71ef5771-1bca-432b-8888-38dc3c8d5d63/ozone-meta/datanode-9/data-0/hdds/71ef5771-1bca-432b-8888-38dc3c8d5d63/DS-c8a9aa30-8482-4ebe-a8c4-d8cb9066296b/container.db]
2024-05-12 17:46:28,280 [main] INFO  utils.DatanodeStoreCache (DatanodeStoreCache.java:removeDB(110)) - Removed db /home/runner/work/ozone/ozone/hadoop-ozone/integration-test/target/test-dir/MiniOzoneClusterImpl-71ef5771-1bca-432b-8888-38dc3c8d5d63/ozone-meta/datanode-9/data-0/hdds/71ef5771-1bca-432b-8888-38dc3c8d5d63/DS-c8a9aa30-8482-4ebe-a8c4-d8cb9066296b/container.db from cache
2024-05-12 17:46:28,280 [main] INFO  volume.HddsVolume (HddsVolume.java:closeDbStore(470)) - SchemaV3 db is stopped at /home/runner/work/ozone/ozone/hadoop-ozone/integration-test/target/test-dir/MiniOzoneClusterImpl-71ef5771-1bca-432b-8888-38dc3c8d5d63/ozone-meta/datanode-9/data-0/hdds/71ef5771-1bca-432b-8888-38dc3c8d5d63/DS-c8a9aa30-8482-4ebe-a8c4-d8cb9066296b/container.db for volume DS-c8a9aa30-8482-4ebe-a8c4-d8cb9066296b
2024-05-12 17:46:28,280 [main] INFO  utils.BackgroundService (BackgroundService.java:shutdown(160)) - Shutting down service BlockDeletingService
2024-05-12 17:46:28,280 [main] INFO  utils.BackgroundService (BackgroundService.java:shutdown(160)) - Shutting down service StaleRecoveringContainerScrubbingService
2024-05-12 17:46:28,280 [main] INFO  statemachine.DatanodeStateMachine (DatanodeStateMachine.java:stopDaemon(638)) - Ozone container server stopped.
2024-05-12 17:46:28,281 [main] INFO  handler.ContextHandler (ContextHandler.java:doStop(1159)) - Stopped o.e.j.w.WebAppContext@5bc369e8{hddsDatanode,/,null,STOPPED}{file:/home/runner/work/ozone/ozone/hadoop-hdds/container-service/target/classes/webapps/hddsDatanode}
2024-05-12 17:46:28,281 [main] INFO  server.session (HouseKeeper.java:stopScavenging(149)) - node0 Stopped scavenging
2024-05-12 17:46:28,282 [main] INFO  server.AbstractConnector (AbstractConnector.java:doStop(383)) - Stopped ServerConnector@53f04a20{HTTP/1.1, (http/1.1)}{0.0.0.0:15375}
2024-05-12 17:46:28,282 [main] INFO  handler.ContextHandler (ContextHandler.java:doStop(1159)) - Stopped o.e.j.s.ServletContextHandler@3edb7be5{static,/static,file:///home/runner/work/ozone/ozone/hadoop-hdds/container-service/target/classes/webapps/static,STOPPED}
2024-05-12 17:46:28,282 [main] INFO  handler.ContextHandler (ContextHandler.java:doStop(1159)) - Stopped o.e.j.s.ServletContextHandler@20d4fdff{logs,/logs,file:///home/runner/work/ozone/ozone/hadoop-ozone/integration-test/target/log,STOPPED}
2024-05-12 17:46:28,283 [main] ERROR http.HttpServer2 (HttpServer2.java:stop(1366)) - Error while stopping web server for webapp hddsDatanode
java.lang.InterruptedException
	at java.base/java.util.concurrent.locks.AbstractQueuedSynchronizer.tryAcquireSharedNanos(AbstractQueuedSynchronizer.java:1081)
	at java.base/java.util.concurrent.CountDownLatch.await(CountDownLatch.java:276)
	at org.eclipse.jetty.server.AbstractConnector.doStop(AbstractConnector.java:373)
	at org.eclipse.jetty.server.AbstractNetworkConnector.doStop(AbstractNetworkConnector.java:88)
	at org.eclipse.jetty.server.ServerConnector.doStop(ServerConnector.java:246)
	at org.eclipse.jetty.util.component.AbstractLifeCycle.stop(AbstractLifeCycle.java:94)
	at org.eclipse.jetty.server.Server.doStop(Server.java:459)
	at org.eclipse.jetty.util.component.AbstractLifeCycle.stop(AbstractLifeCycle.java:94)
	at org.apache.hadoop.hdds.server.http.HttpServer2.stop(HttpServer2.java:1364)
	at org.apache.hadoop.hdds.server.http.BaseHttpServer.stop(BaseHttpServer.java:339)
	at org.apache.hadoop.ozone.HddsDatanodeService.stop(HddsDatanodeService.java:554)
	at org.apache.hadoop.ozone.MiniOzoneClusterImpl.stopDatanode(MiniOzoneClusterImpl.java:479)
	at org.apache.hadoop.ozone.MiniOzoneClusterImpl.shutdownHddsDatanode(MiniOzoneClusterImpl.java:381)
	at org.apache.hadoop.ozone.MiniOzoneClusterImpl.shutdownHddsDatanode(MiniOzoneClusterImpl.java:386)
	at org.apache.hadoop.ozone.client.rpc.TestFailureHandlingByClient.testBlockWritesWithDnFailures(TestFailureHandlingByClient.java:196)
	at java.base/jdk.internal.reflect.NativeMethodAccessorImpl.invoke0(Native Method)
	at java.base/jdk.internal.reflect.NativeMethodAccessorImpl.invoke(NativeMethodAccessorImpl.java:77)
	at java.base/jdk.internal.reflect.DelegatingMethodAccessorImpl.invoke(DelegatingMethodAccessorImpl.java:43)
	at java.base/java.lang.reflect.Method.invoke(Method.java:568)
	at org.junit.platform.commons.util.ReflectionUtils.invokeMethod(ReflectionUtils.java:728)
	at org.junit.jupiter.engine.execution.MethodInvocation.proceed(MethodInvocation.java:60)
	at org.junit.jupiter.engine.execution.InvocationInterceptorChain$ValidatingInvocation.proceed(InvocationInterceptorChain.java:131)
	at org.junit.jupiter.engine.extension.SameThreadTimeoutInvocation.proceed(SameThreadTimeoutInvocation.java:45)
	at org.junit.jupiter.engine.extension.TimeoutExtension.intercept(TimeoutExtension.java:156)
	at org.junit.jupiter.engine.extension.TimeoutExtension.interceptTestableMethod(TimeoutExtension.java:147)
	at org.junit.jupiter.engine.extension.TimeoutExtension.interceptTestMethod(TimeoutExtension.java:86)
	at org.junit.jupiter.engine.execution.InterceptingExecutableInvoker$ReflectiveInterceptorCall.lambda$ofVoidMethod$0(InterceptingExecutableInvoker.java:103)
	at org.junit.jupiter.engine.execution.InterceptingExecutableInvoker.lambda$invoke$0(InterceptingExecutableInvoker.java:93)
	at org.junit.jupiter.engine.execution.InvocationInterceptorChain$InterceptedInvocation.proceed(InvocationInterceptorChain.java:106)
	at org.junit.jupiter.engine.execution.InvocationInterceptorChain.proceed(InvocationInterceptorChain.java:64)
	at org.junit.jupiter.engine.execution.InvocationInterceptorChain.chainAndInvoke(InvocationInterceptorChain.java:45)
	at org.junit.jupiter.engine.execution.InvocationInterceptorChain.invoke(InvocationInterceptorChain.java:37)
	at org.junit.jupiter.engine.execution.InterceptingExecutableInvoker.invoke(InterceptingExecutableInvoker.java:92)
	at org.junit.jupiter.engine.execution.InterceptingExecutableInvoker.invoke(InterceptingExecutableInvoker.java:86)
	at org.junit.jupiter.engine.descriptor.TestMethodTestDescriptor.lambda$invokeTestMethod$7(TestMethodTestDescriptor.java:218)
	at org.junit.platform.engine.support.hierarchical.ThrowableCollector.execute(ThrowableCollector.java:73)
	at org.junit.jupiter.engine.descriptor.TestMethodTestDescriptor.invokeTestMethod(TestMethodTestDescriptor.java:214)
	at org.junit.jupiter.engine.descriptor.TestMethodTestDescriptor.execute(TestMethodTestDescriptor.java:139)
	at org.junit.jupiter.engine.descriptor.TestMethodTestDescriptor.execute(TestMethodTestDescriptor.java:69)
	at org.junit.platform.engine.support.hierarchical.NodeTestTask.lambda$executeRecursively$6(NodeTestTask.java:151)
	at org.junit.platform.engine.support.hierarchical.ThrowableCollector.execute(ThrowableCollector.java:73)
	at org.junit.platform.engine.support.hierarchical.NodeTestTask.lambda$executeRecursively$8(NodeTestTask.java:141)
	at org.junit.platform.engine.support.hierarchical.Node.around(Node.java:137)
	at org.junit.platform.engine.support.hierarchical.NodeTestTask.lambda$executeRecursively$9(NodeTestTask.java:139)
	at org.junit.platform.engine.support.hierarchical.ThrowableCollector.execute(ThrowableCollector.java:73)
	at org.junit.platform.engine.support.hierarchical.NodeTestTask.executeRecursively(NodeTestTask.java:138)
	at org.junit.platform.engine.support.hierarchical.NodeTestTask.execute(NodeTestTask.java:95)
	at java.base/java.util.ArrayList.forEach(ArrayList.java:1511)
	at org.junit.platform.engine.support.hierarchical.SameThreadHierarchicalTestExecutorService.invokeAll(SameThreadHierarchicalTestExecutorService.java:41)
	at org.junit.platform.engine.support.hierarchical.NodeTestTask.lambda$executeRecursively$6(NodeTestTask.java:155)
	at org.junit.platform.engine.support.hierarchical.ThrowableCollector.execute(ThrowableCollector.java:73)
	at org.junit.platform.engine.support.hierarchical.NodeTestTask.lambda$executeRecursively$8(NodeTestTask.java:141)
	at org.junit.platform.engine.support.hierarchical.Node.around(Node.java:137)
	at org.junit.platform.engine.support.hierarchical.NodeTestTask.lambda$executeRecursively$9(NodeTestTask.java:139)
	at org.junit.platform.engine.support.hierarchical.ThrowableCollector.execute(ThrowableCollector.java:73)
	at org.junit.platform.engine.support.hierarchical.NodeTestTask.executeRecursively(NodeTestTask.java:138)
	at org.junit.platform.engine.support.hierarchical.NodeTestTask.execute(NodeTestTask.java:95)
	at java.base/java.util.ArrayList.forEach(ArrayList.java:1511)
	at org.junit.platform.engine.support.hierarchical.SameThreadHierarchicalTestExecutorService.invokeAll(SameThreadHierarchicalTestExecutorService.java:41)
	at org.junit.platform.engine.support.hierarchical.NodeTestTask.lambda$executeRecursively$6(NodeTestTask.java:155)
	at org.junit.platform.engine.support.hierarchical.ThrowableCollector.execute(ThrowableCollector.java:73)
	at org.junit.platform.engine.support.hierarchical.NodeTestTask.lambda$executeRecursively$8(NodeTestTask.java:141)
	at org.junit.platform.engine.support.hierarchical.Node.around(Node.java:137)
	at org.junit.platform.engine.support.hierarchical.NodeTestTask.lambda$executeRecursively$9(NodeTestTask.java:139)
	at org.junit.platform.engine.support.hierarchical.ThrowableCollector.execute(ThrowableCollector.java:73)
	at org.junit.platform.engine.support.hierarchical.NodeTestTask.executeRecursively(NodeTestTask.java:138)
	at org.junit.platform.engine.support.hierarchical.NodeTestTask.execute(NodeTestTask.java:95)
	at org.junit.platform.engine.support.hierarchical.SameThreadHierarchicalTestExecutorService.submit(SameThreadHierarchicalTestExecutorService.java:35)
	at org.junit.platform.engine.support.hierarchical.HierarchicalTestExecutor.execute(HierarchicalTestExecutor.java:57)
	at org.junit.platform.engine.support.hierarchical.HierarchicalTestEngine.execute(HierarchicalTestEngine.java:54)
	at org.junit.platform.launcher.core.EngineExecutionOrchestrator.execute(EngineExecutionOrchestrator.java:198)
	at org.junit.platform.launcher.core.EngineExecutionOrchestrator.execute(EngineExecutionOrchestrator.java:169)
	at org.junit.platform.launcher.core.EngineExecutionOrchestrator.execute(EngineExecutionOrchestrator.java:93)
	at org.junit.platform.launcher.core.EngineExecutionOrchestrator.lambda$execute$0(EngineExecutionOrchestrator.java:58)
	at org.junit.platform.launcher.core.EngineExecutionOrchestrator.withInterceptedStreams(EngineExecutionOrchestrator.java:141)
	at org.junit.platform.launcher.core.EngineExecutionOrchestrator.execute(EngineExecutionOrchestrator.java:57)
	at org.junit.platform.launcher.core.DefaultLauncher.execute(DefaultLauncher.java:103)
	at org.junit.platform.launcher.core.DefaultLauncher.execute(DefaultLauncher.java:85)
	at org.junit.platform.launcher.core.DelegatingLauncher.execute(DelegatingLauncher.java:47)
	at org.junit.platform.launcher.core.SessionPerRequestLauncher.execute(SessionPerRequestLauncher.java:63)
	at org.apache.maven.surefire.junitplatform.JUnitPlatformProvider.invokeAllTests(JUnitPlatformProvider.java:154)
	at org.apache.maven.surefire.junitplatform.JUnitPlatformProvider.invoke(JUnitPlatformProvider.java:123)
	at org.apache.maven.surefire.booter.ForkedBooter.runSuitesInProcess(ForkedBooter.java:377)
	at org.apache.maven.surefire.booter.ForkedBooter.execute(ForkedBooter.java:138)
	at org.apache.maven.surefire.booter.ForkedBooter.run(ForkedBooter.java:465)
	at org.apache.maven.surefire.booter.ForkedBooter.main(ForkedBooter.java:451)
2024-05-12 17:46:28,283 [main] ERROR ozone.HddsDatanodeService (HddsDatanodeService.java:stop(556)) - Stopping HttpServer is failed.
java.lang.InterruptedException
	at java.base/java.util.concurrent.locks.AbstractQueuedSynchronizer.tryAcquireSharedNanos(AbstractQueuedSynchronizer.java:1081)
	at java.base/java.util.concurrent.CountDownLatch.await(CountDownLatch.java:276)
	at org.eclipse.jetty.server.AbstractConnector.doStop(AbstractConnector.java:373)
	at org.eclipse.jetty.server.AbstractNetworkConnector.doStop(AbstractNetworkConnector.java:88)
	at org.eclipse.jetty.server.ServerConnector.doStop(ServerConnector.java:246)
	at org.eclipse.jetty.util.component.AbstractLifeCycle.stop(AbstractLifeCycle.java:94)
	at org.eclipse.jetty.server.Server.doStop(Server.java:459)
	at org.eclipse.jetty.util.component.AbstractLifeCycle.stop(AbstractLifeCycle.java:94)
	at org.apache.hadoop.hdds.server.http.HttpServer2.stop(HttpServer2.java:1364)
	at org.apache.hadoop.hdds.server.http.BaseHttpServer.stop(BaseHttpServer.java:339)
	at org.apache.hadoop.ozone.HddsDatanodeService.stop(HddsDatanodeService.java:554)
	at org.apache.hadoop.ozone.MiniOzoneClusterImpl.stopDatanode(MiniOzoneClusterImpl.java:479)
	at org.apache.hadoop.ozone.MiniOzoneClusterImpl.shutdownHddsDatanode(MiniOzoneClusterImpl.java:381)
	at org.apache.hadoop.ozone.MiniOzoneClusterImpl.shutdownHddsDatanode(MiniOzoneClusterImpl.java:386)
	at org.apache.hadoop.ozone.client.rpc.TestFailureHandlingByClient.testBlockWritesWithDnFailures(TestFailureHandlingByClient.java:196)
	at java.base/jdk.internal.reflect.NativeMethodAccessorImpl.invoke0(Native Method)
	at java.base/jdk.internal.reflect.NativeMethodAccessorImpl.invoke(NativeMethodAccessorImpl.java:77)
	at java.base/jdk.internal.reflect.DelegatingMethodAccessorImpl.invoke(DelegatingMethodAccessorImpl.java:43)
	at java.base/java.lang.reflect.Method.invoke(Method.java:568)
	at org.junit.platform.commons.util.ReflectionUtils.invokeMethod(ReflectionUtils.java:728)
	at org.junit.jupiter.engine.execution.MethodInvocation.proceed(MethodInvocation.java:60)
	at org.junit.jupiter.engine.execution.InvocationInterceptorChain$ValidatingInvocation.proceed(InvocationInterceptorChain.java:131)
	at org.junit.jupiter.engine.extension.SameThreadTimeoutInvocation.proceed(SameThreadTimeoutInvocation.java:45)
	at org.junit.jupiter.engine.extension.TimeoutExtension.intercept(TimeoutExtension.java:156)
	at org.junit.jupiter.engine.extension.TimeoutExtension.interceptTestableMethod(TimeoutExtension.java:147)
	at org.junit.jupiter.engine.extension.TimeoutExtension.interceptTestMethod(TimeoutExtension.java:86)
	at org.junit.jupiter.engine.execution.InterceptingExecutableInvoker$ReflectiveInterceptorCall.lambda$ofVoidMethod$0(InterceptingExecutableInvoker.java:103)
	at org.junit.jupiter.engine.execution.InterceptingExecutableInvoker.lambda$invoke$0(InterceptingExecutableInvoker.java:93)
	at org.junit.jupiter.engine.execution.InvocationInterceptorChain$InterceptedInvocation.proceed(InvocationInterceptorChain.java:106)
	at org.junit.jupiter.engine.execution.InvocationInterceptorChain.proceed(InvocationInterceptorChain.java:64)
	at org.junit.jupiter.engine.execution.InvocationInterceptorChain.chainAndInvoke(InvocationInterceptorChain.java:45)
	at org.junit.jupiter.engine.execution.InvocationInterceptorChain.invoke(InvocationInterceptorChain.java:37)
	at org.junit.jupiter.engine.execution.InterceptingExecutableInvoker.invoke(InterceptingExecutableInvoker.java:92)
	at org.junit.jupiter.engine.execution.InterceptingExecutableInvoker.invoke(InterceptingExecutableInvoker.java:86)
	at org.junit.jupiter.engine.descriptor.TestMethodTestDescriptor.lambda$invokeTestMethod$7(TestMethodTestDescriptor.java:218)
	at org.junit.platform.engine.support.hierarchical.ThrowableCollector.execute(ThrowableCollector.java:73)
	at org.junit.jupiter.engine.descriptor.TestMethodTestDescriptor.invokeTestMethod(TestMethodTestDescriptor.java:214)
	at org.junit.jupiter.engine.descriptor.TestMethodTestDescriptor.execute(TestMethodTestDescriptor.java:139)
	at org.junit.jupiter.engine.descriptor.TestMethodTestDescriptor.execute(TestMethodTestDescriptor.java:69)
	at org.junit.platform.engine.support.hierarchical.NodeTestTask.lambda$executeRecursively$6(NodeTestTask.java:151)
	at org.junit.platform.engine.support.hierarchical.ThrowableCollector.execute(ThrowableCollector.java:73)
	at org.junit.platform.engine.support.hierarchical.NodeTestTask.lambda$executeRecursively$8(NodeTestTask.java:141)
	at org.junit.platform.engine.support.hierarchical.Node.around(Node.java:137)
	at org.junit.platform.engine.support.hierarchical.NodeTestTask.lambda$executeRecursively$9(NodeTestTask.java:139)
	at org.junit.platform.engine.support.hierarchical.ThrowableCollector.execute(ThrowableCollector.java:73)
	at org.junit.platform.engine.support.hierarchical.NodeTestTask.executeRecursively(NodeTestTask.java:138)
	at org.junit.platform.engine.support.hierarchical.NodeTestTask.execute(NodeTestTask.java:95)
	at java.base/java.util.ArrayList.forEach(ArrayList.java:1511)
	at org.junit.platform.engine.support.hierarchical.SameThreadHierarchicalTestExecutorService.invokeAll(SameThreadHierarchicalTestExecutorService.java:41)
	at org.junit.platform.engine.support.hierarchical.NodeTestTask.lambda$executeRecursively$6(NodeTestTask.java:155)
	at org.junit.platform.engine.support.hierarchical.ThrowableCollector.execute(ThrowableCollector.java:73)
	at org.junit.platform.engine.support.hierarchical.NodeTestTask.lambda$executeRecursively$8(NodeTestTask.java:141)
	at org.junit.platform.engine.support.hierarchical.Node.around(Node.java:137)
	at org.junit.platform.engine.support.hierarchical.NodeTestTask.lambda$executeRecursively$9(NodeTestTask.java:139)
	at org.junit.platform.engine.support.hierarchical.ThrowableCollector.execute(ThrowableCollector.java:73)
	at org.junit.platform.engine.support.hierarchical.NodeTestTask.executeRecursively(NodeTestTask.java:138)
	at org.junit.platform.engine.support.hierarchical.NodeTestTask.execute(NodeTestTask.java:95)
	at java.base/java.util.ArrayList.forEach(ArrayList.java:1511)
	at org.junit.platform.engine.support.hierarchical.SameThreadHierarchicalTestExecutorService.invokeAll(SameThreadHierarchicalTestExecutorService.java:41)
	at org.junit.platform.engine.support.hierarchical.NodeTestTask.lambda$executeRecursively$6(NodeTestTask.java:155)
	at org.junit.platform.engine.support.hierarchical.ThrowableCollector.execute(ThrowableCollector.java:73)
	at org.junit.platform.engine.support.hierarchical.NodeTestTask.lambda$executeRecursively$8(NodeTestTask.java:141)
	at org.junit.platform.engine.support.hierarchical.Node.around(Node.java:137)
	at org.junit.platform.engine.support.hierarchical.NodeTestTask.lambda$executeRecursively$9(NodeTestTask.java:139)
	at org.junit.platform.engine.support.hierarchical.ThrowableCollector.execute(ThrowableCollector.java:73)
	at org.junit.platform.engine.support.hierarchical.NodeTestTask.executeRecursively(NodeTestTask.java:138)
	at org.junit.platform.engine.support.hierarchical.NodeTestTask.execute(NodeTestTask.java:95)
	at org.junit.platform.engine.support.hierarchical.SameThreadHierarchicalTestExecutorService.submit(SameThreadHierarchicalTestExecutorService.java:35)
	at org.junit.platform.engine.support.hierarchical.HierarchicalTestExecutor.execute(HierarchicalTestExecutor.java:57)
	at org.junit.platform.engine.support.hierarchical.HierarchicalTestEngine.execute(HierarchicalTestEngine.java:54)
	at org.junit.platform.launcher.core.EngineExecutionOrchestrator.execute(EngineExecutionOrchestrator.java:198)
	at org.junit.platform.launcher.core.EngineExecutionOrchestrator.execute(EngineExecutionOrchestrator.java:169)
	at org.junit.platform.launcher.core.EngineExecutionOrchestrator.execute(EngineExecutionOrchestrator.java:93)
	at org.junit.platform.launcher.core.EngineExecutionOrchestrator.lambda$execute$0(EngineExecutionOrchestrator.java:58)
	at org.junit.platform.launcher.core.EngineExecutionOrchestrator.withInterceptedStreams(EngineExecutionOrchestrator.java:141)
	at org.junit.platform.launcher.core.EngineExecutionOrchestrator.execute(EngineExecutionOrchestrator.java:57)
	at org.junit.platform.launcher.core.DefaultLauncher.execute(DefaultLauncher.java:103)
	at org.junit.platform.launcher.core.DefaultLauncher.execute(DefaultLauncher.java:85)
	at org.junit.platform.launcher.core.DelegatingLauncher.execute(DelegatingLauncher.java:47)
	at org.junit.platform.launcher.core.SessionPerRequestLauncher.execute(SessionPerRequestLauncher.java:63)
	at org.apache.maven.surefire.junitplatform.JUnitPlatformProvider.invokeAllTests(JUnitPlatformProvider.java:154)
	at org.apache.maven.surefire.junitplatform.JUnitPlatformProvider.invoke(JUnitPlatformProvider.java:123)
	at org.apache.maven.surefire.booter.ForkedBooter.runSuitesInProcess(ForkedBooter.java:377)
	at org.apache.maven.surefire.booter.ForkedBooter.execute(ForkedBooter.java:138)
	at org.apache.maven.surefire.booter.ForkedBooter.run(ForkedBooter.java:465)
	at org.apache.maven.surefire.booter.ForkedBooter.main(ForkedBooter.java:451)
2024-05-12 17:46:28,283 [main] INFO  ozone.HddsDatanodeClientProtocolServer (HddsDatanodeClientProtocolServer.java:stop(83)) - Stopping the RPC server for Client Protocol
2024-05-12 17:46:28,283 [main] INFO  ipc.Server (Server.java:stop(3523)) - Stopping server on 15376
2024-05-12 17:46:28,283 [IPC Server Responder] INFO  ipc.Server (Server.java:run(1567)) - Stopping IPC Server Responder
2024-05-12 17:46:28,284 [IPC Server listener on 15376] INFO  ipc.Server (Server.java:run(1434)) - Stopping IPC Server listener on 15376
2024-05-12 17:46:28,285 [main] INFO  ozoneimpl.OzoneContainer (OzoneContainer.java:stop(481)) - Attempting to stop container services.
2024-05-12 17:46:28,285 [ContainerMetadataScanner] WARN  ozoneimpl.AbstractBackgroundContainerScanner (AbstractBackgroundContainerScanner.java:handleRemainingSleep(134)) - Background container scan was interrupted.
2024-05-12 17:46:28,285 [ContainerMetadataScanner] INFO  ozoneimpl.AbstractBackgroundContainerScanner (AbstractBackgroundContainerScanner.java:run(61)) - Thread[ContainerMetadataScanner,5,main] exiting.
2024-05-12 17:46:28,285 [main] INFO  ozoneimpl.BackgroundContainerDataScanner (BackgroundContainerDataScanner.java:shutdown(141)) - ContainerDataScanner(/home/runner/work/ozone/ozone/hadoop-ozone/integration-test/target/test-dir/MiniOzoneClusterImpl-71ef5771-1bca-432b-8888-38dc3c8d5d63/ozone-meta/datanode-7/data-0/hdds) is shutting down. 
2024-05-12 17:46:28,285 [ContainerDataScanner(/home/runner/work/ozone/ozone/hadoop-ozone/integration-test/target/test-dir/MiniOzoneClusterImpl-71ef5771-1bca-432b-8888-38dc3c8d5d63/ozone-meta/datanode-7/data-0/hdds)] WARN  ozoneimpl.AbstractBackgroundContainerScanner (AbstractBackgroundContainerScanner.java:handleRemainingSleep(134)) - Background container scan was interrupted.
2024-05-12 17:46:28,285 [ContainerDataScanner(/home/runner/work/ozone/ozone/hadoop-ozone/integration-test/target/test-dir/MiniOzoneClusterImpl-71ef5771-1bca-432b-8888-38dc3c8d5d63/ozone-meta/datanode-7/data-0/hdds)] INFO  ozoneimpl.AbstractBackgroundContainerScanner (AbstractBackgroundContainerScanner.java:run(61)) - ContainerDataScanner(/home/runner/work/ozone/ozone/hadoop-ozone/integration-test/target/test-dir/MiniOzoneClusterImpl-71ef5771-1bca-432b-8888-38dc3c8d5d63/ozone-meta/datanode-7/data-0/hdds, DS-5c094980-b761-4361-9b45-1d4a43d13ab7) exiting.
2024-05-12 17:46:28,286 [main] INFO  server.RaftServer (RaftServerProxy.java:lambda$close$9(416)) - 93bda13b-2c91-401a-a9f5-fc4ebb9220da: close
2024-05-12 17:46:28,286 [93bda13b-2c91-401a-a9f5-fc4ebb9220da-impl-thread2] INFO  server.RaftServer$Division (RaftServerImpl.java:lambda$close$3(526)) - 93bda13b-2c91-401a-a9f5-fc4ebb9220da@group-2BFC12537A18: shutdown
2024-05-12 17:46:28,286 [93bda13b-2c91-401a-a9f5-fc4ebb9220da-impl-thread2] INFO  util.JmxRegister (JmxRegister.java:unregister(73)) - Successfully un-registered JMX Bean with object name Ratis:service=RaftServer,group=group-2BFC12537A18,id=93bda13b-2c91-401a-a9f5-fc4ebb9220da
2024-05-12 17:46:28,288 [93bda13b-2c91-401a-a9f5-fc4ebb9220da-impl-thread2] INFO  impl.RoleInfo (RoleInfo.java:shutdownFollowerState(110)) - 93bda13b-2c91-401a-a9f5-fc4ebb9220da: shutdown 93bda13b-2c91-401a-a9f5-fc4ebb9220da@group-2BFC12537A18-FollowerState
2024-05-12 17:46:28,288 [93bda13b-2c91-401a-a9f5-fc4ebb9220da-impl-thread2] INFO  impl.StateMachineUpdater (StateMachineUpdater.java:stopAndJoin(157)) - 93bda13b-2c91-401a-a9f5-fc4ebb9220da@group-2BFC12537A18-StateMachineUpdater: set stopIndex = 10
2024-05-12 17:46:28,286 [93bda13b-2c91-401a-a9f5-fc4ebb9220da-impl-thread3] INFO  server.RaftServer$Division (RaftServerImpl.java:lambda$close$3(526)) - 93bda13b-2c91-401a-a9f5-fc4ebb9220da@group-6F96808B8C5E: shutdown
2024-05-12 17:46:28,289 [93bda13b-2c91-401a-a9f5-fc4ebb9220da-impl-thread3] INFO  util.JmxRegister (JmxRegister.java:unregister(73)) - Successfully un-registered JMX Bean with object name Ratis:service=RaftServer,group=group-6F96808B8C5E,id=93bda13b-2c91-401a-a9f5-fc4ebb9220da
2024-05-12 17:46:28,289 [93bda13b-2c91-401a-a9f5-fc4ebb9220da-impl-thread3] INFO  impl.RoleInfo (RoleInfo.java:shutdownFollowerState(110)) - 93bda13b-2c91-401a-a9f5-fc4ebb9220da: shutdown 93bda13b-2c91-401a-a9f5-fc4ebb9220da@group-6F96808B8C5E-FollowerState
2024-05-12 17:46:28,288 [93bda13b-2c91-401a-a9f5-fc4ebb9220da@group-2BFC12537A18-FollowerState] INFO  impl.FollowerState (FollowerState.java:run(152)) - 93bda13b-2c91-401a-a9f5-fc4ebb9220da@group-2BFC12537A18-FollowerState was interrupted
2024-05-12 17:46:28,288 [93bda13b-2c91-401a-a9f5-fc4ebb9220da@group-2BFC12537A18-StateMachineUpdater] INFO  ratis.ContainerStateMachine (ContainerStateMachine.java:takeSnapshot(355)) - group-2BFC12537A18: Taking a snapshot at:(t:1, i:10) file /home/runner/work/ozone/ozone/hadoop-ozone/integration-test/target/test-dir/MiniOzoneClusterImpl-71ef5771-1bca-432b-8888-38dc3c8d5d63/ozone-meta/datanode-7/ratis/6bfef457-b58e-438a-8fe9-2bfc12537a18/sm/snapshot.1_10
2024-05-12 17:46:28,289 [93bda13b-2c91-401a-a9f5-fc4ebb9220da-impl-thread3] INFO  impl.StateMachineUpdater (StateMachineUpdater.java:stopAndJoin(157)) - 93bda13b-2c91-401a-a9f5-fc4ebb9220da@group-6F96808B8C5E-StateMachineUpdater: set stopIndex = 0
2024-05-12 17:46:28,286 [main] INFO  server.GrpcService (GrpcService.java:closeImpl(311)) - 93bda13b-2c91-401a-a9f5-fc4ebb9220da: shutdown server org.apache.ratis.grpc.server.GrpcClientProtocolService now
2024-05-12 17:46:28,286 [93bda13b-2c91-401a-a9f5-fc4ebb9220da-impl-thread6] INFO  server.RaftServer$Division (RaftServerImpl.java:lambda$close$3(526)) - 93bda13b-2c91-401a-a9f5-fc4ebb9220da@group-29BBA51C16D7: shutdown
2024-05-12 17:46:28,289 [93bda13b-2c91-401a-a9f5-fc4ebb9220da-impl-thread6] INFO  util.JmxRegister (JmxRegister.java:unregister(73)) - Successfully un-registered JMX Bean with object name Ratis:service=RaftServer,group=group-29BBA51C16D7,id=93bda13b-2c91-401a-a9f5-fc4ebb9220da
2024-05-12 17:46:28,289 [93bda13b-2c91-401a-a9f5-fc4ebb9220da-impl-thread6] INFO  impl.RoleInfo (RoleInfo.java:shutdownFollowerState(110)) - 93bda13b-2c91-401a-a9f5-fc4ebb9220da: shutdown 93bda13b-2c91-401a-a9f5-fc4ebb9220da@group-29BBA51C16D7-FollowerState
2024-05-12 17:46:28,286 [93bda13b-2c91-401a-a9f5-fc4ebb9220da-impl-thread5] INFO  server.RaftServer$Division (RaftServerImpl.java:lambda$close$3(526)) - 93bda13b-2c91-401a-a9f5-fc4ebb9220da@group-13A0CAA15F1F: shutdown
2024-05-12 17:46:28,289 [93bda13b-2c91-401a-a9f5-fc4ebb9220da@group-29BBA51C16D7-FollowerState] INFO  impl.FollowerState (FollowerState.java:run(152)) - 93bda13b-2c91-401a-a9f5-fc4ebb9220da@group-29BBA51C16D7-FollowerState was interrupted
2024-05-12 17:46:28,286 [93bda13b-2c91-401a-a9f5-fc4ebb9220da-impl-thread4] INFO  server.RaftServer$Division (RaftServerImpl.java:lambda$close$3(526)) - 93bda13b-2c91-401a-a9f5-fc4ebb9220da@group-5E4FFBC7F286: shutdown
2024-05-12 17:46:28,290 [93bda13b-2c91-401a-a9f5-fc4ebb9220da-impl-thread4] INFO  util.JmxRegister (JmxRegister.java:unregister(73)) - Successfully un-registered JMX Bean with object name Ratis:service=RaftServer,group=group-5E4FFBC7F286,id=93bda13b-2c91-401a-a9f5-fc4ebb9220da
2024-05-12 17:46:28,290 [93bda13b-2c91-401a-a9f5-fc4ebb9220da-impl-thread4] INFO  impl.RoleInfo (RoleInfo.java:shutdownLeaderState(94)) - 93bda13b-2c91-401a-a9f5-fc4ebb9220da: shutdown 93bda13b-2c91-401a-a9f5-fc4ebb9220da@group-5E4FFBC7F286-LeaderStateImpl
2024-05-12 17:46:28,290 [93bda13b-2c91-401a-a9f5-fc4ebb9220da-impl-thread6] INFO  impl.StateMachineUpdater (StateMachineUpdater.java:stopAndJoin(157)) - 93bda13b-2c91-401a-a9f5-fc4ebb9220da@group-29BBA51C16D7-StateMachineUpdater: set stopIndex = 0
2024-05-12 17:46:28,289 [93bda13b-2c91-401a-a9f5-fc4ebb9220da-impl-thread5] INFO  util.JmxRegister (JmxRegister.java:unregister(73)) - Successfully un-registered JMX Bean with object name Ratis:service=RaftServer,group=group-13A0CAA15F1F,id=93bda13b-2c91-401a-a9f5-fc4ebb9220da
2024-05-12 17:46:28,290 [93bda13b-2c91-401a-a9f5-fc4ebb9220da-impl-thread5] INFO  impl.RoleInfo (RoleInfo.java:shutdownFollowerState(110)) - 93bda13b-2c91-401a-a9f5-fc4ebb9220da: shutdown 93bda13b-2c91-401a-a9f5-fc4ebb9220da@group-13A0CAA15F1F-FollowerState
2024-05-12 17:46:28,289 [93bda13b-2c91-401a-a9f5-fc4ebb9220da@group-6F96808B8C5E-FollowerState] INFO  impl.FollowerState (FollowerState.java:run(152)) - 93bda13b-2c91-401a-a9f5-fc4ebb9220da@group-6F96808B8C5E-FollowerState was interrupted
2024-05-12 17:46:28,290 [93bda13b-2c91-401a-a9f5-fc4ebb9220da-impl-thread5] INFO  impl.StateMachineUpdater (StateMachineUpdater.java:stopAndJoin(157)) - 93bda13b-2c91-401a-a9f5-fc4ebb9220da@group-13A0CAA15F1F-StateMachineUpdater: set stopIndex = 0
2024-05-12 17:46:28,290 [93bda13b-2c91-401a-a9f5-fc4ebb9220da-impl-thread4] INFO  impl.PendingRequests (PendingRequests.java:sendNotLeaderResponses(289)) - 93bda13b-2c91-401a-a9f5-fc4ebb9220da@group-5E4FFBC7F286-PendingRequests: sendNotLeaderResponses
2024-05-12 17:46:28,290 [93bda13b-2c91-401a-a9f5-fc4ebb9220da@group-13A0CAA15F1F-StateMachineUpdater] INFO  ratis.ContainerStateMachine (ContainerStateMachine.java:takeSnapshot(355)) - group-13A0CAA15F1F: Taking a snapshot at:(t:2, i:0) file /home/runner/work/ozone/ozone/hadoop-ozone/integration-test/target/test-dir/MiniOzoneClusterImpl-71ef5771-1bca-432b-8888-38dc3c8d5d63/ozone-meta/datanode-7/ratis/1ed39d93-d53b-42fe-b85c-13a0caa15f1f/sm/snapshot.2_0
2024-05-12 17:46:28,290 [93bda13b-2c91-401a-a9f5-fc4ebb9220da@group-29BBA51C16D7-StateMachineUpdater] INFO  ratis.ContainerStateMachine (ContainerStateMachine.java:takeSnapshot(355)) - group-29BBA51C16D7: Taking a snapshot at:(t:1, i:0) file /home/runner/work/ozone/ozone/hadoop-ozone/integration-test/target/test-dir/MiniOzoneClusterImpl-71ef5771-1bca-432b-8888-38dc3c8d5d63/ozone-meta/datanode-7/ratis/af9510f2-7e0e-4293-b97d-29bba51c16d7/sm/snapshot.1_0
2024-05-12 17:46:28,291 [93bda13b-2c91-401a-a9f5-fc4ebb9220da-impl-thread4] INFO  impl.StateMachineUpdater (StateMachineUpdater.java:stopAndJoin(157)) - 93bda13b-2c91-401a-a9f5-fc4ebb9220da@group-5E4FFBC7F286-StateMachineUpdater: set stopIndex = 0
2024-05-12 17:46:28,291 [93bda13b-2c91-401a-a9f5-fc4ebb9220da@group-2BFC12537A18-StateMachineUpdater] INFO  ratis.ContainerStateMachine (ContainerStateMachine.java:takeSnapshot(366)) - group-2BFC12537A18: Finished taking a snapshot at:(t:1, i:10) file:/home/runner/work/ozone/ozone/hadoop-ozone/integration-test/target/test-dir/MiniOzoneClusterImpl-71ef5771-1bca-432b-8888-38dc3c8d5d63/ozone-meta/datanode-7/ratis/6bfef457-b58e-438a-8fe9-2bfc12537a18/sm/snapshot.1_10 took: 2 ms
2024-05-12 17:46:28,291 [93bda13b-2c91-401a-a9f5-fc4ebb9220da@group-5E4FFBC7F286-StateMachineUpdater] INFO  ratis.ContainerStateMachine (ContainerStateMachine.java:takeSnapshot(355)) - group-5E4FFBC7F286: Taking a snapshot at:(t:1, i:0) file /home/runner/work/ozone/ozone/hadoop-ozone/integration-test/target/test-dir/MiniOzoneClusterImpl-71ef5771-1bca-432b-8888-38dc3c8d5d63/ozone-meta/datanode-7/ratis/c305426d-7f76-4c36-b931-5e4ffbc7f286/sm/snapshot.1_0
2024-05-12 17:46:28,291 [93bda13b-2c91-401a-a9f5-fc4ebb9220da@group-2BFC12537A18-StateMachineUpdater] INFO  impl.StateMachineUpdater (StateMachineUpdater.java:takeSnapshot(295)) - 93bda13b-2c91-401a-a9f5-fc4ebb9220da@group-2BFC12537A18-StateMachineUpdater: Took a snapshot at index 10
2024-05-12 17:46:28,291 [93bda13b-2c91-401a-a9f5-fc4ebb9220da@group-2BFC12537A18-StateMachineUpdater] INFO  impl.StateMachineUpdater (StateMachineUpdater.java:lambda$new$0(98)) - 93bda13b-2c91-401a-a9f5-fc4ebb9220da@group-2BFC12537A18-StateMachineUpdater: snapshotIndex: updateIncreasingly -1 -> 10
2024-05-12 17:46:28,291 [93bda13b-2c91-401a-a9f5-fc4ebb9220da@group-13A0CAA15F1F-StateMachineUpdater] INFO  ratis.ContainerStateMachine (ContainerStateMachine.java:takeSnapshot(366)) - group-13A0CAA15F1F: Finished taking a snapshot at:(t:2, i:0) file:/home/runner/work/ozone/ozone/hadoop-ozone/integration-test/target/test-dir/MiniOzoneClusterImpl-71ef5771-1bca-432b-8888-38dc3c8d5d63/ozone-meta/datanode-7/ratis/1ed39d93-d53b-42fe-b85c-13a0caa15f1f/sm/snapshot.2_0 took: 1 ms
2024-05-12 17:46:28,291 [93bda13b-2c91-401a-a9f5-fc4ebb9220da@group-13A0CAA15F1F-StateMachineUpdater] INFO  impl.StateMachineUpdater (StateMachineUpdater.java:takeSnapshot(295)) - 93bda13b-2c91-401a-a9f5-fc4ebb9220da@group-13A0CAA15F1F-StateMachineUpdater: Took a snapshot at index 0
2024-05-12 17:46:28,291 [93bda13b-2c91-401a-a9f5-fc4ebb9220da@group-13A0CAA15F1F-StateMachineUpdater] INFO  impl.StateMachineUpdater (StateMachineUpdater.java:lambda$new$0(98)) - 93bda13b-2c91-401a-a9f5-fc4ebb9220da@group-13A0CAA15F1F-StateMachineUpdater: snapshotIndex: updateIncreasingly -1 -> 0
2024-05-12 17:46:28,292 [93bda13b-2c91-401a-a9f5-fc4ebb9220da-impl-thread2] INFO  server.RaftServer$Division (ServerState.java:close(427)) - 93bda13b-2c91-401a-a9f5-fc4ebb9220da@group-2BFC12537A18: applyIndex: 10
2024-05-12 17:46:28,292 [93bda13b-2c91-401a-a9f5-fc4ebb9220da@group-13A0CAA15F1F-FollowerState] INFO  impl.FollowerState (FollowerState.java:run(152)) - 93bda13b-2c91-401a-a9f5-fc4ebb9220da@group-13A0CAA15F1F-FollowerState was interrupted
2024-05-12 17:46:28,292 [93bda13b-2c91-401a-a9f5-fc4ebb9220da-impl-thread5] INFO  server.RaftServer$Division (ServerState.java:close(427)) - 93bda13b-2c91-401a-a9f5-fc4ebb9220da@group-13A0CAA15F1F: applyIndex: 0
2024-05-12 17:46:28,291 [93bda13b-2c91-401a-a9f5-fc4ebb9220da@group-6F96808B8C5E-StateMachineUpdater] INFO  ratis.ContainerStateMachine (ContainerStateMachine.java:takeSnapshot(355)) - group-6F96808B8C5E: Taking a snapshot at:(t:1, i:0) file /home/runner/work/ozone/ozone/hadoop-ozone/integration-test/target/test-dir/MiniOzoneClusterImpl-71ef5771-1bca-432b-8888-38dc3c8d5d63/ozone-meta/datanode-7/ratis/28b3b979-6b86-4294-a0ef-6f96808b8c5e/sm/snapshot.1_0
2024-05-12 17:46:28,292 [93bda13b-2c91-401a-a9f5-fc4ebb9220da@group-13A0CAA15F1F-cacheEviction-AwaitToRun] INFO  util.AwaitToRun (AwaitToRun.java:run(49)) - 93bda13b-2c91-401a-a9f5-fc4ebb9220da@group-13A0CAA15F1F-cacheEviction-AwaitToRun-AwaitForSignal is interrupted
2024-05-12 17:46:28,291 [93bda13b-2c91-401a-a9f5-fc4ebb9220da@group-5E4FFBC7F286-StateMachineUpdater] INFO  ratis.ContainerStateMachine (ContainerStateMachine.java:takeSnapshot(366)) - group-5E4FFBC7F286: Finished taking a snapshot at:(t:1, i:0) file:/home/runner/work/ozone/ozone/hadoop-ozone/integration-test/target/test-dir/MiniOzoneClusterImpl-71ef5771-1bca-432b-8888-38dc3c8d5d63/ozone-meta/datanode-7/ratis/c305426d-7f76-4c36-b931-5e4ffbc7f286/sm/snapshot.1_0 took: 1 ms
2024-05-12 17:46:28,292 [Thread-6421] INFO  server.GrpcServerProtocolClient (GrpcServerProtocolClient.java:close(103)) - fa054618-3a8f-49b0-93d4-5933c936b659 Close channels
2024-05-12 17:46:28,292 [Thread-6422] INFO  server.GrpcServerProtocolClient (GrpcServerProtocolClient.java:close(103)) - a0742c66-ae9f-48ce-9181-086e540b3b62 Close channels
2024-05-12 17:46:28,293 [main] INFO  server.GrpcService (GrpcService.java:closeImpl(320)) - 93bda13b-2c91-401a-a9f5-fc4ebb9220da: shutdown server org.apache.ratis.grpc.server.GrpcClientProtocolService successfully
2024-05-12 17:46:28,293 [main] INFO  server.GrpcService (GrpcService.java:closeImpl(311)) - 93bda13b-2c91-401a-a9f5-fc4ebb9220da: shutdown server GrpcServerProtocolService now
2024-05-12 17:46:28,291 [93bda13b-2c91-401a-a9f5-fc4ebb9220da@group-29BBA51C16D7-StateMachineUpdater] INFO  ratis.ContainerStateMachine (ContainerStateMachine.java:takeSnapshot(366)) - group-29BBA51C16D7: Finished taking a snapshot at:(t:1, i:0) file:/home/runner/work/ozone/ozone/hadoop-ozone/integration-test/target/test-dir/MiniOzoneClusterImpl-71ef5771-1bca-432b-8888-38dc3c8d5d63/ozone-meta/datanode-7/ratis/af9510f2-7e0e-4293-b97d-29bba51c16d7/sm/snapshot.1_0 took: 2 ms
2024-05-12 17:46:28,293 [93bda13b-2c91-401a-a9f5-fc4ebb9220da@group-29BBA51C16D7-StateMachineUpdater] INFO  impl.StateMachineUpdater (StateMachineUpdater.java:takeSnapshot(295)) - 93bda13b-2c91-401a-a9f5-fc4ebb9220da@group-29BBA51C16D7-StateMachineUpdater: Took a snapshot at index 0
2024-05-12 17:46:28,293 [93bda13b-2c91-401a-a9f5-fc4ebb9220da@group-29BBA51C16D7-StateMachineUpdater] INFO  impl.StateMachineUpdater (StateMachineUpdater.java:lambda$new$0(98)) - 93bda13b-2c91-401a-a9f5-fc4ebb9220da@group-29BBA51C16D7-StateMachineUpdater: snapshotIndex: updateIncreasingly -1 -> 0
2024-05-12 17:46:28,293 [grpc-default-executor-7] WARN  server.GrpcServerProtocolService (LogUtils.java:warn(121)) - 93bda13b-2c91-401a-a9f5-fc4ebb9220da: APPEND_ENTRIES onError, lastRequest: null: org.apache.ratis.thirdparty.io.grpc.StatusRuntimeException: CANCELLED: client cancelled
2024-05-12 17:46:28,293 [grpc-default-executor-11] WARN  server.GrpcLogAppender (LogUtils.java:warn(121)) - a33fd443-9c01-43ff-9618-b7376da7e75d@group-29BBA51C16D7->93bda13b-2c91-401a-a9f5-fc4ebb9220da-AppendLogResponseHandler: Failed appendEntries: org.apache.ratis.thirdparty.io.grpc.StatusRuntimeException: CANCELLED: RST_STREAM closed stream. HTTP/2 error code: CANCEL
2024-05-12 17:46:28,293 [grpc-default-executor-11] WARN  server.GrpcLogAppender (GrpcLogAppender.java:lambda$resetClient$1(217)) - a33fd443-9c01-43ff-9618-b7376da7e75d@group-29BBA51C16D7->93bda13b-2c91-401a-a9f5-fc4ebb9220da-GrpcLogAppender: Follower failed (request=null, errorCount=1); keep nextIndex (1) unchanged and retry.
2024-05-12 17:46:28,293 [93bda13b-2c91-401a-a9f5-fc4ebb9220da@group-6F96808B8C5E-StateMachineUpdater] INFO  ratis.ContainerStateMachine (ContainerStateMachine.java:takeSnapshot(366)) - group-6F96808B8C5E: Finished taking a snapshot at:(t:1, i:0) file:/home/runner/work/ozone/ozone/hadoop-ozone/integration-test/target/test-dir/MiniOzoneClusterImpl-71ef5771-1bca-432b-8888-38dc3c8d5d63/ozone-meta/datanode-7/ratis/28b3b979-6b86-4294-a0ef-6f96808b8c5e/sm/snapshot.1_0 took: 1 ms
2024-05-12 17:46:28,293 [93bda13b-2c91-401a-a9f5-fc4ebb9220da@group-2BFC12537A18-cacheEviction-AwaitToRun] INFO  util.AwaitToRun (AwaitToRun.java:run(49)) - 93bda13b-2c91-401a-a9f5-fc4ebb9220da@group-2BFC12537A18-cacheEviction-AwaitToRun-AwaitForSignal is interrupted
2024-05-12 17:46:28,294 [93bda13b-2c91-401a-a9f5-fc4ebb9220da@group-6F96808B8C5E-StateMachineUpdater] INFO  impl.StateMachineUpdater (StateMachineUpdater.java:takeSnapshot(295)) - 93bda13b-2c91-401a-a9f5-fc4ebb9220da@group-6F96808B8C5E-StateMachineUpdater: Took a snapshot at index 0
2024-05-12 17:46:28,294 [93bda13b-2c91-401a-a9f5-fc4ebb9220da@group-6F96808B8C5E-StateMachineUpdater] INFO  impl.StateMachineUpdater (StateMachineUpdater.java:lambda$new$0(98)) - 93bda13b-2c91-401a-a9f5-fc4ebb9220da@group-6F96808B8C5E-StateMachineUpdater: snapshotIndex: updateIncreasingly -1 -> 0
2024-05-12 17:46:28,292 [93bda13b-2c91-401a-a9f5-fc4ebb9220da@group-5E4FFBC7F286-StateMachineUpdater] INFO  impl.StateMachineUpdater (StateMachineUpdater.java:takeSnapshot(295)) - 93bda13b-2c91-401a-a9f5-fc4ebb9220da@group-5E4FFBC7F286-StateMachineUpdater: Took a snapshot at index 0
2024-05-12 17:46:28,294 [93bda13b-2c91-401a-a9f5-fc4ebb9220da@group-5E4FFBC7F286-StateMachineUpdater] INFO  impl.StateMachineUpdater (StateMachineUpdater.java:lambda$new$0(98)) - 93bda13b-2c91-401a-a9f5-fc4ebb9220da@group-5E4FFBC7F286-StateMachineUpdater: snapshotIndex: updateIncreasingly -1 -> 0
2024-05-12 17:46:28,294 [grpc-default-executor-10] WARN  server.GrpcServerProtocolService (LogUtils.java:warn(121)) - 93bda13b-2c91-401a-a9f5-fc4ebb9220da: APPEND_ENTRIES onError, lastRequest: a33fd443-9c01-43ff-9618-b7376da7e75d->93bda13b-2c91-401a-a9f5-fc4ebb9220da#1-t1,previous=(t:0, i:0),leaderCommit=-1,initializing? false,entries: size=1, first=(t:1, i:0), CONFIGURATIONENTRY(current:id: "93bda13b-2c91-401a-a9f5-fc4ebb9220da"
address: "127.0.0.1:15362"
dataStreamAddress: "127.0.0.1:15363"
clientAddress: "127.0.0.1:15360"
adminAddress: "127.0.0.1:15361"
startupRole: FOLLOWER
,id: "fa054618-3a8f-49b0-93d4-5933c936b659"
address: "127.0.0.1:15371"
dataStreamAddress: "127.0.0.1:15372"
clientAddress: "127.0.0.1:15369"
adminAddress: "127.0.0.1:15370"
startupRole: FOLLOWER
,id: "a33fd443-9c01-43ff-9618-b7376da7e75d"
address: "127.0.0.1:15389"
priority: 1
dataStreamAddress: "127.0.0.1:15390"
clientAddress: "127.0.0.1:15387"
adminAddress: "127.0.0.1:15388"
startupRole: FOLLOWER
, old:): org.apache.ratis.thirdparty.io.grpc.StatusRuntimeException: CANCELLED: client cancelled
2024-05-12 17:46:28,294 [grpc-default-executor-7] WARN  server.GrpcServerProtocolService (LogUtils.java:warn(121)) - 93bda13b-2c91-401a-a9f5-fc4ebb9220da: APPEND_ENTRIES onError, lastRequest: null: org.apache.ratis.thirdparty.io.grpc.StatusRuntimeException: CANCELLED: client cancelled
2024-05-12 17:46:28,294 [93bda13b-2c91-401a-a9f5-fc4ebb9220da-impl-thread4] INFO  server.RaftServer$Division (ServerState.java:close(427)) - 93bda13b-2c91-401a-a9f5-fc4ebb9220da@group-5E4FFBC7F286: applyIndex: 0
2024-05-12 17:46:28,293 [93bda13b-2c91-401a-a9f5-fc4ebb9220da-impl-thread6] INFO  server.RaftServer$Division (ServerState.java:close(427)) - 93bda13b-2c91-401a-a9f5-fc4ebb9220da@group-29BBA51C16D7: applyIndex: 0
2024-05-12 17:46:28,294 [93bda13b-2c91-401a-a9f5-fc4ebb9220da@group-5E4FFBC7F286-cacheEviction-AwaitToRun] INFO  util.AwaitToRun (AwaitToRun.java:run(49)) - 93bda13b-2c91-401a-a9f5-fc4ebb9220da@group-5E4FFBC7F286-cacheEviction-AwaitToRun-AwaitForSignal is interrupted
2024-05-12 17:46:28,294 [93bda13b-2c91-401a-a9f5-fc4ebb9220da@group-29BBA51C16D7-cacheEviction-AwaitToRun] INFO  util.AwaitToRun (AwaitToRun.java:run(49)) - 93bda13b-2c91-401a-a9f5-fc4ebb9220da@group-29BBA51C16D7-cacheEviction-AwaitToRun-AwaitForSignal is interrupted
2024-05-12 17:46:28,296 [93bda13b-2c91-401a-a9f5-fc4ebb9220da-impl-thread3] INFO  server.RaftServer$Division (ServerState.java:close(427)) - 93bda13b-2c91-401a-a9f5-fc4ebb9220da@group-6F96808B8C5E: applyIndex: 0
2024-05-12 17:46:28,296 [93bda13b-2c91-401a-a9f5-fc4ebb9220da@group-6F96808B8C5E-cacheEviction-AwaitToRun] INFO  util.AwaitToRun (AwaitToRun.java:run(49)) - 93bda13b-2c91-401a-a9f5-fc4ebb9220da@group-6F96808B8C5E-cacheEviction-AwaitToRun-AwaitForSignal is interrupted
2024-05-12 17:46:28,296 [grpc-default-executor-11] WARN  server.GrpcServerProtocolService (LogUtils.java:warn(121)) - 93bda13b-2c91-401a-a9f5-fc4ebb9220da: APPEND_ENTRIES onError, lastRequest: fa054618-3a8f-49b0-93d4-5933c936b659->93bda13b-2c91-401a-a9f5-fc4ebb9220da#226-t1,previous=(t:1, i:9),leaderCommit=9,initializing? false,entries: size=1, first=(t:1, i:10), METADATAENTRY(c:9): org.apache.ratis.thirdparty.io.grpc.StatusRuntimeException: CANCELLED: client cancelled
2024-05-12 17:46:28,297 [grpc-default-executor-10] WARN  server.GrpcServerProtocolService (LogUtils.java:warn(121)) - 93bda13b-2c91-401a-a9f5-fc4ebb9220da: APPEND_ENTRIES onError, lastRequest: fa054618-3a8f-49b0-93d4-5933c936b659->93bda13b-2c91-401a-a9f5-fc4ebb9220da#1-t1,previous=(t:0, i:0),leaderCommit=-1,initializing? false,entries: size=1, first=(t:1, i:0), CONFIGURATIONENTRY(current:id: "93bda13b-2c91-401a-a9f5-fc4ebb9220da"
address: "127.0.0.1:15362"
dataStreamAddress: "127.0.0.1:15363"
clientAddress: "127.0.0.1:15360"
adminAddress: "127.0.0.1:15361"
startupRole: FOLLOWER
,id: "fa054618-3a8f-49b0-93d4-5933c936b659"
address: "127.0.0.1:15371"
priority: 1
dataStreamAddress: "127.0.0.1:15372"
clientAddress: "127.0.0.1:15369"
adminAddress: "127.0.0.1:15370"
startupRole: FOLLOWER
,id: "a33fd443-9c01-43ff-9618-b7376da7e75d"
address: "127.0.0.1:15389"
dataStreamAddress: "127.0.0.1:15390"
clientAddress: "127.0.0.1:15387"
adminAddress: "127.0.0.1:15388"
startupRole: FOLLOWER
, old:): org.apache.ratis.thirdparty.io.grpc.StatusRuntimeException: CANCELLED: client cancelled
2024-05-12 17:46:28,297 [grpc-default-executor-12] WARN  server.GrpcServerProtocolService (LogUtils.java:warn(121)) - 93bda13b-2c91-401a-a9f5-fc4ebb9220da: APPEND_ENTRIES onError, lastRequest: fa054618-3a8f-49b0-93d4-5933c936b659->93bda13b-2c91-401a-a9f5-fc4ebb9220da#1-t2,previous=(t:0, i:0),leaderCommit=-1,initializing? false,entries: size=1, first=(t:2, i:0), CONFIGURATIONENTRY(current:id: "93bda13b-2c91-401a-a9f5-fc4ebb9220da"
address: "127.0.0.1:15362"
dataStreamAddress: "127.0.0.1:15363"
clientAddress: "127.0.0.1:15360"
adminAddress: "127.0.0.1:15361"
startupRole: FOLLOWER
,id: "fa054618-3a8f-49b0-93d4-5933c936b659"
address: "127.0.0.1:15371"
dataStreamAddress: "127.0.0.1:15372"
clientAddress: "127.0.0.1:15369"
adminAddress: "127.0.0.1:15370"
startupRole: FOLLOWER
,id: "a0742c66-ae9f-48ce-9181-086e540b3b62"
address: "127.0.0.1:15380"
priority: 1
dataStreamAddress: "127.0.0.1:15381"
clientAddress: "127.0.0.1:15378"
adminAddress: "127.0.0.1:15379"
startupRole: FOLLOWER
, old:): org.apache.ratis.thirdparty.io.grpc.StatusRuntimeException: CANCELLED: client cancelled
2024-05-12 17:46:28,298 [grpc-default-executor-14] WARN  server.GrpcLogAppender (LogUtils.java:warn(121)) - fa054618-3a8f-49b0-93d4-5933c936b659@group-2BFC12537A18->93bda13b-2c91-401a-a9f5-fc4ebb9220da-AppendLogResponseHandler: Failed appendEntries: org.apache.ratis.thirdparty.io.grpc.StatusRuntimeException: CANCELLED: RST_STREAM closed stream. HTTP/2 error code: CANCEL
2024-05-12 17:46:28,299 [grpc-default-executor-7] WARN  server.GrpcServerProtocolService (LogUtils.java:warn(121)) - 93bda13b-2c91-401a-a9f5-fc4ebb9220da: APPEND_ENTRIES onError, lastRequest: null: org.apache.ratis.thirdparty.io.grpc.StatusRuntimeException: CANCELLED: client cancelled
2024-05-12 17:46:28,299 [grpc-default-executor-14] WARN  server.GrpcLogAppender (GrpcLogAppender.java:lambda$resetClient$1(217)) - fa054618-3a8f-49b0-93d4-5933c936b659@group-2BFC12537A18->93bda13b-2c91-401a-a9f5-fc4ebb9220da-GrpcLogAppender: Follower failed (request=null, errorCount=1); keep nextIndex (11) unchanged and retry.
2024-05-12 17:46:28,299 [grpc-default-executor-7] WARN  server.GrpcLogAppender (LogUtils.java:warn(121)) - fa054618-3a8f-49b0-93d4-5933c936b659@group-6F96808B8C5E->93bda13b-2c91-401a-a9f5-fc4ebb9220da-AppendLogResponseHandler: Failed appendEntries: org.apache.ratis.thirdparty.io.grpc.StatusRuntimeException: CANCELLED: RST_STREAM closed stream. HTTP/2 error code: CANCEL
2024-05-12 17:46:28,299 [grpc-default-executor-12] WARN  server.GrpcServerProtocolService (LogUtils.java:warn(121)) - 93bda13b-2c91-401a-a9f5-fc4ebb9220da: APPEND_ENTRIES onError, lastRequest: null: org.apache.ratis.thirdparty.io.grpc.StatusRuntimeException: CANCELLED: client cancelled
2024-05-12 17:46:28,300 [grpc-default-executor-15] WARN  server.GrpcLogAppender (LogUtils.java:warn(121)) - fa054618-3a8f-49b0-93d4-5933c936b659@group-13A0CAA15F1F->93bda13b-2c91-401a-a9f5-fc4ebb9220da-AppendLogResponseHandler: Failed appendEntries: org.apache.ratis.thirdparty.io.grpc.StatusRuntimeException: CANCELLED: RST_STREAM closed stream. HTTP/2 error code: CANCEL
2024-05-12 17:46:28,302 [main] INFO  server.GrpcService (GrpcService.java:closeImpl(320)) - 93bda13b-2c91-401a-a9f5-fc4ebb9220da: shutdown server GrpcServerProtocolService successfully
2024-05-12 17:46:28,302 [main] INFO  server.GrpcService (GrpcService.java:closeImpl(311)) - 93bda13b-2c91-401a-a9f5-fc4ebb9220da: shutdown server org.apache.ratis.grpc.server.GrpcAdminProtocolService now
2024-05-12 17:46:28,303 [main] INFO  server.GrpcService (GrpcService.java:closeImpl(320)) - 93bda13b-2c91-401a-a9f5-fc4ebb9220da: shutdown server org.apache.ratis.grpc.server.GrpcAdminProtocolService successfully
2024-05-12 17:46:28,307 [93bda13b-2c91-401a-a9f5-fc4ebb9220da-NettyServerStreamRpc-bossGroup--thread1] INFO  logging.LoggingHandler (AbstractInternalLogger.java:log(148)) - [id: 0xe6c64080, L:/0.0.0.0:15363] CLOSE
2024-05-12 17:46:28,307 [93bda13b-2c91-401a-a9f5-fc4ebb9220da-NettyServerStreamRpc-bossGroup--thread1] INFO  logging.LoggingHandler (AbstractInternalLogger.java:log(148)) - [id: 0xe6c64080, L:/0.0.0.0:15363] INACTIVE
2024-05-12 17:46:28,307 [93bda13b-2c91-401a-a9f5-fc4ebb9220da-NettyServerStreamRpc-bossGroup--thread1] INFO  logging.LoggingHandler (AbstractInternalLogger.java:log(148)) - [id: 0xe6c64080, L:/0.0.0.0:15363] UNREGISTERED
2024-05-12 17:46:28,392 [BackgroundPipelineScrubber] INFO  pipeline.PipelineManagerImpl (PipelineManagerImpl.java:scrubPipelines(610)) - Scrubbing pipeline: id: PipelineID=1ed39d93-d53b-42fe-b85c-13a0caa15f1f since it stays at CLOSED stage.
2024-05-12 17:46:28,392 [BackgroundPipelineScrubber] INFO  pipeline.RatisPipelineProvider (RatisPipelineProvider.java:lambda$close$4(270)) - Send pipeline:PipelineID=1ed39d93-d53b-42fe-b85c-13a0caa15f1f close command to datanode a0742c66-ae9f-48ce-9181-086e540b3b62
2024-05-12 17:46:28,393 [BackgroundPipelineScrubber] INFO  pipeline.RatisPipelineProvider (RatisPipelineProvider.java:lambda$close$4(270)) - Send pipeline:PipelineID=1ed39d93-d53b-42fe-b85c-13a0caa15f1f close command to datanode fa054618-3a8f-49b0-93d4-5933c936b659
2024-05-12 17:46:28,393 [BackgroundPipelineScrubber] INFO  pipeline.RatisPipelineProvider (RatisPipelineProvider.java:lambda$close$4(270)) - Send pipeline:PipelineID=1ed39d93-d53b-42fe-b85c-13a0caa15f1f close command to datanode 93bda13b-2c91-401a-a9f5-fc4ebb9220da
2024-05-12 17:46:28,393 [BackgroundPipelineScrubber] INFO  pipeline.PipelineManagerImpl (PipelineManagerImpl.java:removePipeline(459)) - Pipeline Pipeline[ Id: 1ed39d93-d53b-42fe-b85c-13a0caa15f1f, Nodes: a0742c66-ae9f-48ce-9181-086e540b3b62(localhost/127.0.0.1)fa054618-3a8f-49b0-93d4-5933c936b659(localhost/127.0.0.1)93bda13b-2c91-401a-a9f5-fc4ebb9220da(localhost/127.0.0.1), ReplicationConfig: RATIS/THREE, State:CLOSED, leaderId:fa054618-3a8f-49b0-93d4-5933c936b659, CreationTimestamp2024-05-12T17:41:33.429Z[Etc/UTC]] removed.
2024-05-12 17:46:28,393 [BackgroundPipelineScrubber] INFO  pipeline.PipelineManagerImpl (PipelineManagerImpl.java:scrubPipelines(610)) - Scrubbing pipeline: id: PipelineID=6bfef457-b58e-438a-8fe9-2bfc12537a18 since it stays at CLOSED stage.
2024-05-12 17:46:28,393 [BackgroundPipelineScrubber] INFO  pipeline.RatisPipelineProvider (RatisPipelineProvider.java:lambda$close$4(270)) - Send pipeline:PipelineID=6bfef457-b58e-438a-8fe9-2bfc12537a18 close command to datanode a0742c66-ae9f-48ce-9181-086e540b3b62
2024-05-12 17:46:28,393 [BackgroundPipelineScrubber] INFO  pipeline.RatisPipelineProvider (RatisPipelineProvider.java:lambda$close$4(270)) - Send pipeline:PipelineID=6bfef457-b58e-438a-8fe9-2bfc12537a18 close command to datanode 93bda13b-2c91-401a-a9f5-fc4ebb9220da
2024-05-12 17:46:28,393 [BackgroundPipelineScrubber] INFO  pipeline.RatisPipelineProvider (RatisPipelineProvider.java:lambda$close$4(270)) - Send pipeline:PipelineID=6bfef457-b58e-438a-8fe9-2bfc12537a18 close command to datanode fa054618-3a8f-49b0-93d4-5933c936b659
2024-05-12 17:46:28,394 [BackgroundPipelineScrubber] INFO  pipeline.PipelineManagerImpl (PipelineManagerImpl.java:removePipeline(459)) - Pipeline Pipeline[ Id: 6bfef457-b58e-438a-8fe9-2bfc12537a18, Nodes: a0742c66-ae9f-48ce-9181-086e540b3b62(localhost/127.0.0.1)93bda13b-2c91-401a-a9f5-fc4ebb9220da(localhost/127.0.0.1)fa054618-3a8f-49b0-93d4-5933c936b659(localhost/127.0.0.1), ReplicationConfig: RATIS/THREE, State:CLOSED, leaderId:fa054618-3a8f-49b0-93d4-5933c936b659, CreationTimestamp2024-05-12T17:41:33.430Z[Etc/UTC]] removed.
2024-05-12 17:46:28,394 [BackgroundPipelineScrubber] INFO  pipeline.PipelineManagerImpl (PipelineManagerImpl.java:scrubPipelines(610)) - Scrubbing pipeline: id: PipelineID=c7b71482-f04d-44f2-9ef0-c4bac6d11d6a since it stays at CLOSED stage.
2024-05-12 17:46:28,394 [BackgroundPipelineScrubber] INFO  pipeline.RatisPipelineProvider (RatisPipelineProvider.java:lambda$close$4(270)) - Send pipeline:PipelineID=c7b71482-f04d-44f2-9ef0-c4bac6d11d6a close command to datanode a0742c66-ae9f-48ce-9181-086e540b3b62
2024-05-12 17:46:28,394 [BackgroundPipelineScrubber] INFO  pipeline.PipelineManagerImpl (PipelineManagerImpl.java:removePipeline(459)) - Pipeline Pipeline[ Id: c7b71482-f04d-44f2-9ef0-c4bac6d11d6a, Nodes: a0742c66-ae9f-48ce-9181-086e540b3b62(localhost/127.0.0.1), ReplicationConfig: RATIS/ONE, State:CLOSED, leaderId:a0742c66-ae9f-48ce-9181-086e540b3b62, CreationTimestamp2024-05-12T17:41:33.428Z[Etc/UTC]] removed.
2024-05-12 17:46:28,395 [ReplicationMonitor] INFO  replication.ReplicationManager (ReplicationManager.java:sendDatanodeCommand(682)) - Sending command [closeContainerCommand: containerID: 1, pipelineID: PipelineID=6bfef457-b58e-438a-8fe9-2bfc12537a18, force: true] for container ContainerInfo{id=#1, state=CLOSED, stateEnterTime=2024-05-12T17:43:19.800894844Z, pipelineID=PipelineID=6bfef457-b58e-438a-8fe9-2bfc12537a18, owner=omServiceIdDefault} to a0742c66-ae9f-48ce-9181-086e540b3b62(localhost/127.0.0.1) with datanode deadline 1715536558395 and scm deadline 1715536588395
2024-05-12 17:46:28,398 [ReplicationMonitor] INFO  replication.ReplicationManager (ReplicationManager.java:processAll(402)) - Replication Monitor Thread took 4 milliseconds for processing 1 containers.
2024-05-12 17:46:28,531 [93bda13b-2c91-401a-a9f5-fc4ebb9220da-impl-thread4] INFO  segmented.SegmentedRaftLogWorker (SegmentedRaftLogWorker.java:close(245)) - 93bda13b-2c91-401a-a9f5-fc4ebb9220da@group-5E4FFBC7F286-SegmentedRaftLogWorker close()
2024-05-12 17:46:28,808 [93bda13b-2c91-401a-a9f5-fc4ebb9220da-impl-thread2] INFO  segmented.SegmentedRaftLogWorker (SegmentedRaftLogWorker.java:close(245)) - 93bda13b-2c91-401a-a9f5-fc4ebb9220da@group-2BFC12537A18-SegmentedRaftLogWorker close()
2024-05-12 17:46:28,815 [93bda13b-2c91-401a-a9f5-fc4ebb9220da-impl-thread5] INFO  segmented.SegmentedRaftLogWorker (SegmentedRaftLogWorker.java:close(245)) - 93bda13b-2c91-401a-a9f5-fc4ebb9220da@group-13A0CAA15F1F-SegmentedRaftLogWorker close()
2024-05-12 17:46:28,816 [93bda13b-2c91-401a-a9f5-fc4ebb9220da-impl-thread6] INFO  segmented.SegmentedRaftLogWorker (SegmentedRaftLogWorker.java:close(245)) - 93bda13b-2c91-401a-a9f5-fc4ebb9220da@group-29BBA51C16D7-SegmentedRaftLogWorker close()
2024-05-12 17:46:28,966 [93bda13b-2c91-401a-a9f5-fc4ebb9220da-impl-thread3] INFO  segmented.SegmentedRaftLogWorker (SegmentedRaftLogWorker.java:close(245)) - 93bda13b-2c91-401a-a9f5-fc4ebb9220da@group-6F96808B8C5E-SegmentedRaftLogWorker close()
2024-05-12 17:46:28,967 [JvmPauseMonitor44] INFO  util.JvmPauseMonitor (JvmPauseMonitor.java:run(152)) - JvmPauseMonitor-93bda13b-2c91-401a-a9f5-fc4ebb9220da: Stopped
2024-05-12 17:46:29,018 [fa054618-3a8f-49b0-93d4-5933c936b659@group-13A0CAA15F1F-LeaderStateImpl] WARN  server.RaftServer$Division (LeaderStateImpl.java:checkLeadership(1107)) - fa054618-3a8f-49b0-93d4-5933c936b659@group-13A0CAA15F1F-LeaderStateImpl: Lost leadership on term: 2. Election timeout: 1200ms. In charge for: 289243ms. Conf: 0: peers:[93bda13b-2c91-401a-a9f5-fc4ebb9220da|127.0.0.1:15362, fa054618-3a8f-49b0-93d4-5933c936b659|127.0.0.1:15371, a0742c66-ae9f-48ce-9181-086e540b3b62|127.0.0.1:15380]|listeners:[], old=null
2024-05-12 17:46:29,019 [fa054618-3a8f-49b0-93d4-5933c936b659@group-13A0CAA15F1F-LeaderStateImpl] WARN  server.RaftServer$Division (LeaderStateImpl.java:lambda$checkLeadership$21(1111)) - Follower fa054618-3a8f-49b0-93d4-5933c936b659@group-13A0CAA15F1F->93bda13b-2c91-401a-a9f5-fc4ebb9220da(c0,m0,n1, caughtUp=true, lastRpcSendTime=223, lastRpcResponseTime=1227)
2024-05-12 17:46:29,019 [fa054618-3a8f-49b0-93d4-5933c936b659@group-13A0CAA15F1F-LeaderStateImpl] WARN  server.RaftServer$Division (LeaderStateImpl.java:lambda$checkLeadership$21(1111)) - Follower fa054618-3a8f-49b0-93d4-5933c936b659@group-13A0CAA15F1F->a0742c66-ae9f-48ce-9181-086e540b3b62(c-1,m-1,n1, caughtUp=true, lastRpcSendTime=1356, lastRpcResponseTime=290442)
2024-05-12 17:46:29,019 [fa054618-3a8f-49b0-93d4-5933c936b659@group-13A0CAA15F1F-LeaderStateImpl] INFO  server.RaftServer$Division (RaftServerImpl.java:setRole(383)) - fa054618-3a8f-49b0-93d4-5933c936b659@group-13A0CAA15F1F: changes role from    LEADER to FOLLOWER at term 2 for StepDownReason:LOST_MAJORITY_HEARTBEATS
2024-05-12 17:46:29,019 [fa054618-3a8f-49b0-93d4-5933c936b659@group-13A0CAA15F1F-LeaderStateImpl] INFO  impl.RoleInfo (RoleInfo.java:shutdownLeaderState(94)) - fa054618-3a8f-49b0-93d4-5933c936b659: shutdown fa054618-3a8f-49b0-93d4-5933c936b659@group-13A0CAA15F1F-LeaderStateImpl
2024-05-12 17:46:29,019 [fa054618-3a8f-49b0-93d4-5933c936b659@group-13A0CAA15F1F->a0742c66-ae9f-48ce-9181-086e540b3b62-GrpcLogAppender-LogAppenderDaemon] WARN  server.GrpcLogAppender (GrpcLogAppender.java:mayWait(289)) - fa054618-3a8f-49b0-93d4-5933c936b659@group-13A0CAA15F1F->a0742c66-ae9f-48ce-9181-086e540b3b62-GrpcLogAppender: Wait interrupted by java.lang.InterruptedException
2024-05-12 17:46:29,019 [fa054618-3a8f-49b0-93d4-5933c936b659@group-13A0CAA15F1F->93bda13b-2c91-401a-a9f5-fc4ebb9220da-GrpcLogAppender-LogAppenderDaemon] WARN  server.GrpcLogAppender (GrpcLogAppender.java:mayWait(289)) - fa054618-3a8f-49b0-93d4-5933c936b659@group-13A0CAA15F1F->93bda13b-2c91-401a-a9f5-fc4ebb9220da-GrpcLogAppender: Wait interrupted by java.lang.InterruptedException
2024-05-12 17:46:29,019 [fa054618-3a8f-49b0-93d4-5933c936b659@group-13A0CAA15F1F-LeaderStateImpl] INFO  impl.PendingRequests (PendingRequests.java:sendNotLeaderResponses(289)) - fa054618-3a8f-49b0-93d4-5933c936b659@group-13A0CAA15F1F-PendingRequests: sendNotLeaderResponses
2024-05-12 17:46:29,020 [fa054618-3a8f-49b0-93d4-5933c936b659@group-13A0CAA15F1F-LeaderStateImpl] INFO  server.RaftServer$Division (ServerState.java:setLeader(269)) - fa054618-3a8f-49b0-93d4-5933c936b659@group-13A0CAA15F1F: change Leader from fa054618-3a8f-49b0-93d4-5933c936b659 to null at term 2 for StepDownReason:LOST_MAJORITY_HEARTBEATS
2024-05-12 17:46:29,020 [fa054618-3a8f-49b0-93d4-5933c936b659@group-13A0CAA15F1F-LeaderStateImpl] INFO  impl.RoleInfo (RoleInfo.java:updateAndGet(139)) - fa054618-3a8f-49b0-93d4-5933c936b659: start fa054618-3a8f-49b0-93d4-5933c936b659@group-13A0CAA15F1F-FollowerState
2024-05-12 17:46:29,411 [fa054618-3a8f-49b0-93d4-5933c936b659@group-2BFC12537A18-LeaderStateImpl] WARN  server.RaftServer$Division (LeaderStateImpl.java:checkLeadership(1107)) - fa054618-3a8f-49b0-93d4-5933c936b659@group-2BFC12537A18-LeaderStateImpl: Lost leadership on term: 1. Election timeout: 1200ms. In charge for: 291925ms. Conf: 0: peers:[93bda13b-2c91-401a-a9f5-fc4ebb9220da|127.0.0.1:15362, fa054618-3a8f-49b0-93d4-5933c936b659|127.0.0.1:15371, a0742c66-ae9f-48ce-9181-086e540b3b62|127.0.0.1:15380]|listeners:[], old=null
2024-05-12 17:46:29,411 [fa054618-3a8f-49b0-93d4-5933c936b659@group-2BFC12537A18-LeaderStateImpl] WARN  server.RaftServer$Division (LeaderStateImpl.java:lambda$checkLeadership$21(1111)) - Follower fa054618-3a8f-49b0-93d4-5933c936b659@group-2BFC12537A18->93bda13b-2c91-401a-a9f5-fc4ebb9220da(c10,m10,n11, caughtUp=true, lastRpcSendTime=41, lastRpcResponseTime=1298)
2024-05-12 17:46:29,411 [fa054618-3a8f-49b0-93d4-5933c936b659@group-2BFC12537A18-LeaderStateImpl] WARN  server.RaftServer$Division (LeaderStateImpl.java:lambda$checkLeadership$21(1111)) - Follower fa054618-3a8f-49b0-93d4-5933c936b659@group-2BFC12537A18->a0742c66-ae9f-48ce-9181-086e540b3b62(c4,m8,n10, caughtUp=true, lastRpcSendTime=5506, lastRpcResponseTime=291839)
2024-05-12 17:46:29,411 [fa054618-3a8f-49b0-93d4-5933c936b659@group-2BFC12537A18-LeaderStateImpl] INFO  server.RaftServer$Division (RaftServerImpl.java:setRole(383)) - fa054618-3a8f-49b0-93d4-5933c936b659@group-2BFC12537A18: changes role from    LEADER to FOLLOWER at term 1 for StepDownReason:LOST_MAJORITY_HEARTBEATS
2024-05-12 17:46:29,411 [fa054618-3a8f-49b0-93d4-5933c936b659@group-2BFC12537A18-LeaderStateImpl] INFO  impl.RoleInfo (RoleInfo.java:shutdownLeaderState(94)) - fa054618-3a8f-49b0-93d4-5933c936b659: shutdown fa054618-3a8f-49b0-93d4-5933c936b659@group-2BFC12537A18-LeaderStateImpl
2024-05-12 17:46:29,411 [fa054618-3a8f-49b0-93d4-5933c936b659@group-2BFC12537A18->93bda13b-2c91-401a-a9f5-fc4ebb9220da-GrpcLogAppender-LogAppenderDaemon] WARN  server.GrpcLogAppender (GrpcLogAppender.java:mayWait(289)) - fa054618-3a8f-49b0-93d4-5933c936b659@group-2BFC12537A18->93bda13b-2c91-401a-a9f5-fc4ebb9220da-GrpcLogAppender: Wait interrupted by java.lang.InterruptedException
2024-05-12 17:46:29,411 [fa054618-3a8f-49b0-93d4-5933c936b659@group-2BFC12537A18-LeaderStateImpl] INFO  impl.PendingRequests (PendingRequests.java:sendNotLeaderResponses(289)) - fa054618-3a8f-49b0-93d4-5933c936b659@group-2BFC12537A18-PendingRequests: sendNotLeaderResponses
2024-05-12 17:46:29,411 [fa054618-3a8f-49b0-93d4-5933c936b659@group-2BFC12537A18->a0742c66-ae9f-48ce-9181-086e540b3b62-GrpcLogAppender-LogAppenderDaemon] WARN  server.GrpcLogAppender (GrpcLogAppender.java:mayWait(289)) - fa054618-3a8f-49b0-93d4-5933c936b659@group-2BFC12537A18->a0742c66-ae9f-48ce-9181-086e540b3b62-GrpcLogAppender: Wait interrupted by java.lang.InterruptedException
2024-05-12 17:46:29,412 [fa054618-3a8f-49b0-93d4-5933c936b659@group-2BFC12537A18-LeaderStateImpl] INFO  server.RaftServer$Division (ServerState.java:setLeader(269)) - fa054618-3a8f-49b0-93d4-5933c936b659@group-2BFC12537A18: change Leader from fa054618-3a8f-49b0-93d4-5933c936b659 to null at term 1 for StepDownReason:LOST_MAJORITY_HEARTBEATS
2024-05-12 17:46:29,412 [fa054618-3a8f-49b0-93d4-5933c936b659@group-2BFC12537A18-LeaderStateImpl] INFO  impl.RoleInfo (RoleInfo.java:updateAndGet(139)) - fa054618-3a8f-49b0-93d4-5933c936b659: start fa054618-3a8f-49b0-93d4-5933c936b659@group-2BFC12537A18-FollowerState
2024-05-12 17:46:29,939 [fa054618-3a8f-49b0-93d4-5933c936b659-PipelineCommandHandlerThread-0] INFO  server.RaftServer (RaftServerProxy.java:remove(111)) - fa054618-3a8f-49b0-93d4-5933c936b659: remove  FOLLOWER fa054618-3a8f-49b0-93d4-5933c936b659@group-13A0CAA15F1F:t2, leader=null, voted=fa054618-3a8f-49b0-93d4-5933c936b659, raftlog=Memoized:fa054618-3a8f-49b0-93d4-5933c936b659@group-13A0CAA15F1F-SegmentedRaftLog:OPENED:c0, conf=0: peers:[93bda13b-2c91-401a-a9f5-fc4ebb9220da|127.0.0.1:15362, fa054618-3a8f-49b0-93d4-5933c936b659|127.0.0.1:15371, a0742c66-ae9f-48ce-9181-086e540b3b62|127.0.0.1:15380]|listeners:[], old=null RUNNING
2024-05-12 17:46:29,941 [fa054618-3a8f-49b0-93d4-5933c936b659-PipelineCommandHandlerThread-0] INFO  server.RaftServer$Division (RaftServerImpl.java:lambda$close$3(526)) - fa054618-3a8f-49b0-93d4-5933c936b659@group-13A0CAA15F1F: shutdown
2024-05-12 17:46:29,941 [fa054618-3a8f-49b0-93d4-5933c936b659-PipelineCommandHandlerThread-0] INFO  util.JmxRegister (JmxRegister.java:unregister(73)) - Successfully un-registered JMX Bean with object name Ratis:service=RaftServer,group=group-13A0CAA15F1F,id=fa054618-3a8f-49b0-93d4-5933c936b659
2024-05-12 17:46:29,941 [fa054618-3a8f-49b0-93d4-5933c936b659-PipelineCommandHandlerThread-0] INFO  impl.RoleInfo (RoleInfo.java:shutdownFollowerState(110)) - fa054618-3a8f-49b0-93d4-5933c936b659: shutdown fa054618-3a8f-49b0-93d4-5933c936b659@group-13A0CAA15F1F-FollowerState
2024-05-12 17:46:29,941 [fa054618-3a8f-49b0-93d4-5933c936b659-PipelineCommandHandlerThread-0] INFO  impl.StateMachineUpdater (StateMachineUpdater.java:stopAndJoin(157)) - fa054618-3a8f-49b0-93d4-5933c936b659@group-13A0CAA15F1F-StateMachineUpdater: set stopIndex = 0
2024-05-12 17:46:29,941 [fa054618-3a8f-49b0-93d4-5933c936b659@group-13A0CAA15F1F-StateMachineUpdater] INFO  ratis.ContainerStateMachine (ContainerStateMachine.java:takeSnapshot(355)) - group-13A0CAA15F1F: Taking a snapshot at:(t:2, i:0) file /home/runner/work/ozone/ozone/hadoop-ozone/integration-test/target/test-dir/MiniOzoneClusterImpl-71ef5771-1bca-432b-8888-38dc3c8d5d63/ozone-meta/datanode-8/ratis/1ed39d93-d53b-42fe-b85c-13a0caa15f1f/sm/snapshot.2_0
2024-05-12 17:46:29,941 [fa054618-3a8f-49b0-93d4-5933c936b659@group-13A0CAA15F1F-FollowerState] INFO  impl.FollowerState (FollowerState.java:run(152)) - fa054618-3a8f-49b0-93d4-5933c936b659@group-13A0CAA15F1F-FollowerState was interrupted
2024-05-12 17:46:29,942 [fa054618-3a8f-49b0-93d4-5933c936b659@group-13A0CAA15F1F-StateMachineUpdater] INFO  ratis.ContainerStateMachine (ContainerStateMachine.java:takeSnapshot(366)) - group-13A0CAA15F1F: Finished taking a snapshot at:(t:2, i:0) file:/home/runner/work/ozone/ozone/hadoop-ozone/integration-test/target/test-dir/MiniOzoneClusterImpl-71ef5771-1bca-432b-8888-38dc3c8d5d63/ozone-meta/datanode-8/ratis/1ed39d93-d53b-42fe-b85c-13a0caa15f1f/sm/snapshot.2_0 took: 0 ms
2024-05-12 17:46:29,942 [fa054618-3a8f-49b0-93d4-5933c936b659@group-13A0CAA15F1F-StateMachineUpdater] INFO  impl.StateMachineUpdater (StateMachineUpdater.java:takeSnapshot(295)) - fa054618-3a8f-49b0-93d4-5933c936b659@group-13A0CAA15F1F-StateMachineUpdater: Took a snapshot at index 0
2024-05-12 17:46:29,942 [fa054618-3a8f-49b0-93d4-5933c936b659@group-13A0CAA15F1F-StateMachineUpdater] INFO  impl.StateMachineUpdater (StateMachineUpdater.java:lambda$new$0(98)) - fa054618-3a8f-49b0-93d4-5933c936b659@group-13A0CAA15F1F-StateMachineUpdater: snapshotIndex: updateIncreasingly -1 -> 0
2024-05-12 17:46:29,943 [fa054618-3a8f-49b0-93d4-5933c936b659-PipelineCommandHandlerThread-0] INFO  server.RaftServer$Division (ServerState.java:close(427)) - fa054618-3a8f-49b0-93d4-5933c936b659@group-13A0CAA15F1F: applyIndex: 0
2024-05-12 17:46:29,943 [fa054618-3a8f-49b0-93d4-5933c936b659@group-13A0CAA15F1F-cacheEviction-AwaitToRun] INFO  util.AwaitToRun (AwaitToRun.java:run(49)) - fa054618-3a8f-49b0-93d4-5933c936b659@group-13A0CAA15F1F-cacheEviction-AwaitToRun-AwaitForSignal is interrupted
2024-05-12 17:46:30,586 [fa054618-3a8f-49b0-93d4-5933c936b659@group-2BFC12537A18-FollowerState] INFO  impl.FollowerState (FollowerState.java:lostMajorityHeartbeatsRecently(108)) - fa054618-3a8f-49b0-93d4-5933c936b659@group-2BFC12537A18-FollowerState: Skipping leader election since it stepped down recently (elapsed = 1174ms < waitTime = 10s)
2024-05-12 17:46:30,808 [fa054618-3a8f-49b0-93d4-5933c936b659-PipelineCommandHandlerThread-0] INFO  segmented.SegmentedRaftLogWorker (SegmentedRaftLogWorker.java:close(245)) - fa054618-3a8f-49b0-93d4-5933c936b659@group-13A0CAA15F1F-SegmentedRaftLogWorker close()
2024-05-12 17:46:30,809 [fa054618-3a8f-49b0-93d4-5933c936b659-PipelineCommandHandlerThread-0] INFO  server.RaftServer$Division (RaftServerImpl.java:groupRemove(496)) - fa054618-3a8f-49b0-93d4-5933c936b659@group-13A0CAA15F1F: Succeed to remove RaftStorageDirectory Storage Directory /home/runner/work/ozone/ozone/hadoop-ozone/integration-test/target/test-dir/MiniOzoneClusterImpl-71ef5771-1bca-432b-8888-38dc3c8d5d63/ozone-meta/datanode-8/ratis/1ed39d93-d53b-42fe-b85c-13a0caa15f1f
2024-05-12 17:46:30,810 [fa054618-3a8f-49b0-93d4-5933c936b659-PipelineCommandHandlerThread-0] ERROR commandhandler.ClosePipelineCommandHandler (ClosePipelineCommandHandler.java:lambda$handle$2(137)) - Can't close pipeline PipelineID=1ed39d93-d53b-42fe-b85c-13a0caa15f1f
org.apache.ratis.protocol.exceptions.GroupMismatchException: fa054618-3a8f-49b0-93d4-5933c936b659: group-13A0CAA15F1F not found.
	at org.apache.ratis.server.impl.RaftServerProxy$ImplMap.get(RaftServerProxy.java:154)
	at org.apache.ratis.server.impl.RaftServerProxy.getImplFuture(RaftServerProxy.java:364)
	at org.apache.ratis.server.impl.RaftServerProxy.getImpl(RaftServerProxy.java:373)
	at org.apache.ratis.server.impl.RaftServerProxy.getDivision(RaftServerProxy.java:386)
	at org.apache.hadoop.ozone.container.common.transport.server.ratis.XceiverServerRatis.getRaftPeersInPipeline(XceiverServerRatis.java:951)
	at org.apache.hadoop.ozone.container.common.statemachine.commandhandler.ClosePipelineCommandHandler.lambda$handle$2(ClosePipelineCommandHandler.java:114)
	at java.base/java.util.concurrent.CompletableFuture$AsyncRun.run(CompletableFuture.java:1804)
	at java.base/java.util.concurrent.ThreadPoolExecutor.runWorker(ThreadPoolExecutor.java:1136)
	at java.base/java.util.concurrent.ThreadPoolExecutor$Worker.run(ThreadPoolExecutor.java:635)
	at java.base/java.lang.Thread.run(Thread.java:840)
2024-05-12 17:46:30,810 [fa054618-3a8f-49b0-93d4-5933c936b659-PipelineCommandHandlerThread-0] INFO  server.RaftServer (RaftServerProxy.java:remove(111)) - fa054618-3a8f-49b0-93d4-5933c936b659: remove  FOLLOWER fa054618-3a8f-49b0-93d4-5933c936b659@group-2BFC12537A18:t1, leader=null, voted=fa054618-3a8f-49b0-93d4-5933c936b659, raftlog=Memoized:fa054618-3a8f-49b0-93d4-5933c936b659@group-2BFC12537A18-SegmentedRaftLog:OPENED:c10, conf=0: peers:[93bda13b-2c91-401a-a9f5-fc4ebb9220da|127.0.0.1:15362, fa054618-3a8f-49b0-93d4-5933c936b659|127.0.0.1:15371, a0742c66-ae9f-48ce-9181-086e540b3b62|127.0.0.1:15380]|listeners:[], old=null RUNNING
2024-05-12 17:46:30,810 [fa054618-3a8f-49b0-93d4-5933c936b659-PipelineCommandHandlerThread-0] INFO  server.RaftServer$Division (RaftServerImpl.java:lambda$close$3(526)) - fa054618-3a8f-49b0-93d4-5933c936b659@group-2BFC12537A18: shutdown
2024-05-12 17:46:30,810 [fa054618-3a8f-49b0-93d4-5933c936b659-PipelineCommandHandlerThread-0] INFO  util.JmxRegister (JmxRegister.java:unregister(73)) - Successfully un-registered JMX Bean with object name Ratis:service=RaftServer,group=group-2BFC12537A18,id=fa054618-3a8f-49b0-93d4-5933c936b659
2024-05-12 17:46:30,810 [fa054618-3a8f-49b0-93d4-5933c936b659-PipelineCommandHandlerThread-0] INFO  impl.RoleInfo (RoleInfo.java:shutdownFollowerState(110)) - fa054618-3a8f-49b0-93d4-5933c936b659: shutdown fa054618-3a8f-49b0-93d4-5933c936b659@group-2BFC12537A18-FollowerState
2024-05-12 17:46:30,810 [fa054618-3a8f-49b0-93d4-5933c936b659-PipelineCommandHandlerThread-0] INFO  impl.StateMachineUpdater (StateMachineUpdater.java:stopAndJoin(157)) - fa054618-3a8f-49b0-93d4-5933c936b659@group-2BFC12537A18-StateMachineUpdater: set stopIndex = 10
2024-05-12 17:46:30,810 [fa054618-3a8f-49b0-93d4-5933c936b659@group-2BFC12537A18-StateMachineUpdater] INFO  ratis.ContainerStateMachine (ContainerStateMachine.java:takeSnapshot(355)) - group-2BFC12537A18: Taking a snapshot at:(t:1, i:10) file /home/runner/work/ozone/ozone/hadoop-ozone/integration-test/target/test-dir/MiniOzoneClusterImpl-71ef5771-1bca-432b-8888-38dc3c8d5d63/ozone-meta/datanode-8/ratis/6bfef457-b58e-438a-8fe9-2bfc12537a18/sm/snapshot.1_10
2024-05-12 17:46:30,810 [fa054618-3a8f-49b0-93d4-5933c936b659@group-2BFC12537A18-FollowerState] INFO  impl.FollowerState (FollowerState.java:run(152)) - fa054618-3a8f-49b0-93d4-5933c936b659@group-2BFC12537A18-FollowerState was interrupted
2024-05-12 17:46:30,811 [fa054618-3a8f-49b0-93d4-5933c936b659@group-2BFC12537A18-StateMachineUpdater] INFO  ratis.ContainerStateMachine (ContainerStateMachine.java:takeSnapshot(366)) - group-2BFC12537A18: Finished taking a snapshot at:(t:1, i:10) file:/home/runner/work/ozone/ozone/hadoop-ozone/integration-test/target/test-dir/MiniOzoneClusterImpl-71ef5771-1bca-432b-8888-38dc3c8d5d63/ozone-meta/datanode-8/ratis/6bfef457-b58e-438a-8fe9-2bfc12537a18/sm/snapshot.1_10 took: 2 ms
2024-05-12 17:46:30,811 [fa054618-3a8f-49b0-93d4-5933c936b659@group-2BFC12537A18-StateMachineUpdater] INFO  impl.StateMachineUpdater (StateMachineUpdater.java:takeSnapshot(295)) - fa054618-3a8f-49b0-93d4-5933c936b659@group-2BFC12537A18-StateMachineUpdater: Took a snapshot at index 10
2024-05-12 17:46:30,811 [fa054618-3a8f-49b0-93d4-5933c936b659@group-2BFC12537A18-StateMachineUpdater] INFO  impl.StateMachineUpdater (StateMachineUpdater.java:lambda$new$0(98)) - fa054618-3a8f-49b0-93d4-5933c936b659@group-2BFC12537A18-StateMachineUpdater: snapshotIndex: updateIncreasingly -1 -> 10
2024-05-12 17:46:30,812 [fa054618-3a8f-49b0-93d4-5933c936b659-PipelineCommandHandlerThread-0] INFO  server.RaftServer$Division (ServerState.java:close(427)) - fa054618-3a8f-49b0-93d4-5933c936b659@group-2BFC12537A18: applyIndex: 10
2024-05-12 17:46:30,812 [fa054618-3a8f-49b0-93d4-5933c936b659@group-2BFC12537A18-cacheEviction-AwaitToRun] INFO  util.AwaitToRun (AwaitToRun.java:run(49)) - fa054618-3a8f-49b0-93d4-5933c936b659@group-2BFC12537A18-cacheEviction-AwaitToRun-AwaitForSignal is interrupted
2024-05-12 17:46:30,969 [main] INFO  utils.DatanodeStoreCache (DatanodeStoreCache.java:shutdownCache(116)) - Skip clearing cache in mini cluster mode. Entries left: [/home/runner/work/ozone/ozone/hadoop-ozone/integration-test/target/test-dir/MiniOzoneClusterImpl-71ef5771-1bca-432b-8888-38dc3c8d5d63/ozone-meta/datanode-1/data-0/hdds/71ef5771-1bca-432b-8888-38dc3c8d5d63/DS-022786f3-a330-4083-ad03-82fba0a20d5b/container.db, /home/runner/work/ozone/ozone/hadoop-ozone/integration-test/target/test-dir/MiniOzoneClusterImpl-71ef5771-1bca-432b-8888-38dc3c8d5d63/ozone-meta/datanode-10/data-0/hdds/71ef5771-1bca-432b-8888-38dc3c8d5d63/DS-521af26a-43fe-470d-a4f0-2cdb7e20903c/container.db, /home/runner/work/ozone/ozone/hadoop-ozone/integration-test/target/test-dir/MiniOzoneClusterImpl-71ef5771-1bca-432b-8888-38dc3c8d5d63/ozone-meta/datanode-2/data-0/hdds/71ef5771-1bca-432b-8888-38dc3c8d5d63/DS-ab6f7da1-2586-460e-903a-1a2713c9f9fa/container.db, /home/runner/work/ozone/ozone/hadoop-ozone/integration-test/target/test-dir/MiniOzoneClusterImpl-71ef5771-1bca-432b-8888-38dc3c8d5d63/ozone-meta/datanode-3/data-0/hdds/71ef5771-1bca-432b-8888-38dc3c8d5d63/DS-098c289b-f7b8-484e-85eb-c4e4b7b68464/container.db, /home/runner/work/ozone/ozone/hadoop-ozone/integration-test/target/test-dir/MiniOzoneClusterImpl-71ef5771-1bca-432b-8888-38dc3c8d5d63/ozone-meta/datanode-4/data-0/hdds/71ef5771-1bca-432b-8888-38dc3c8d5d63/DS-bc911a75-08a8-46e6-b4ec-711ed4d0cd08/container.db, /home/runner/work/ozone/ozone/hadoop-ozone/integration-test/target/test-dir/MiniOzoneClusterImpl-71ef5771-1bca-432b-8888-38dc3c8d5d63/ozone-meta/datanode-5/data-0/hdds/71ef5771-1bca-432b-8888-38dc3c8d5d63/DS-c36a734b-7558-4b36-8a60-6b60a15be8c4/container.db, /home/runner/work/ozone/ozone/hadoop-ozone/integration-test/target/test-dir/MiniOzoneClusterImpl-71ef5771-1bca-432b-8888-38dc3c8d5d63/ozone-meta/datanode-6/data-0/hdds/71ef5771-1bca-432b-8888-38dc3c8d5d63/DS-ecffac56-7014-40de-88fa-54768e642694/container.db, /home/runner/work/ozone/ozone/hadoop-ozone/integration-test/target/test-dir/MiniOzoneClusterImpl-71ef5771-1bca-432b-8888-38dc3c8d5d63/ozone-meta/datanode-7/data-0/hdds/71ef5771-1bca-432b-8888-38dc3c8d5d63/DS-5c094980-b761-4361-9b45-1d4a43d13ab7/container.db, /home/runner/work/ozone/ozone/hadoop-ozone/integration-test/target/test-dir/MiniOzoneClusterImpl-71ef5771-1bca-432b-8888-38dc3c8d5d63/ozone-meta/datanode-8/data-0/hdds/71ef5771-1bca-432b-8888-38dc3c8d5d63/DS-cf25e66a-8e82-4720-a9cf-cb5d7a186b89/container.db]
2024-05-12 17:46:30,970 [main] INFO  utils.DatanodeStoreCache (DatanodeStoreCache.java:removeDB(110)) - Removed db /home/runner/work/ozone/ozone/hadoop-ozone/integration-test/target/test-dir/MiniOzoneClusterImpl-71ef5771-1bca-432b-8888-38dc3c8d5d63/ozone-meta/datanode-7/data-0/hdds/71ef5771-1bca-432b-8888-38dc3c8d5d63/DS-5c094980-b761-4361-9b45-1d4a43d13ab7/container.db from cache
2024-05-12 17:46:30,970 [main] INFO  volume.HddsVolume (HddsVolume.java:closeDbStore(470)) - SchemaV3 db is stopped at /home/runner/work/ozone/ozone/hadoop-ozone/integration-test/target/test-dir/MiniOzoneClusterImpl-71ef5771-1bca-432b-8888-38dc3c8d5d63/ozone-meta/datanode-7/data-0/hdds/71ef5771-1bca-432b-8888-38dc3c8d5d63/DS-5c094980-b761-4361-9b45-1d4a43d13ab7/container.db for volume DS-5c094980-b761-4361-9b45-1d4a43d13ab7
2024-05-12 17:46:30,970 [main] INFO  utils.BackgroundService (BackgroundService.java:shutdown(160)) - Shutting down service BlockDeletingService
2024-05-12 17:46:30,971 [main] INFO  utils.BackgroundService (BackgroundService.java:shutdown(160)) - Shutting down service StaleRecoveringContainerScrubbingService
2024-05-12 17:46:30,972 [main] INFO  statemachine.DatanodeStateMachine (DatanodeStateMachine.java:stopDaemon(638)) - Ozone container server stopped.
2024-05-12 17:46:30,972 [main] INFO  handler.ContextHandler (ContextHandler.java:doStop(1159)) - Stopped o.e.j.w.WebAppContext@622ec92a{hddsDatanode,/,null,STOPPED}{file:/home/runner/work/ozone/ozone/hadoop-hdds/container-service/target/classes/webapps/hddsDatanode}
2024-05-12 17:46:30,975 [main] INFO  server.AbstractConnector (AbstractConnector.java:doStop(383)) - Stopped ServerConnector@3acc22ba{HTTP/1.1, (http/1.1)}{0.0.0.0:15357}
2024-05-12 17:46:30,975 [main] INFO  server.session (HouseKeeper.java:stopScavenging(149)) - node0 Stopped scavenging
2024-05-12 17:46:30,975 [main] INFO  handler.ContextHandler (ContextHandler.java:doStop(1159)) - Stopped o.e.j.s.ServletContextHandler@33d2d3e2{static,/static,file:///home/runner/work/ozone/ozone/hadoop-hdds/container-service/target/classes/webapps/static,STOPPED}
2024-05-12 17:46:30,975 [main] INFO  handler.ContextHandler (ContextHandler.java:doStop(1159)) - Stopped o.e.j.s.ServletContextHandler@289bc75c{logs,/logs,file:///home/runner/work/ozone/ozone/hadoop-ozone/integration-test/target/log,STOPPED}
2024-05-12 17:46:30,975 [main] INFO  ozone.HddsDatanodeClientProtocolServer (HddsDatanodeClientProtocolServer.java:stop(83)) - Stopping the RPC server for Client Protocol
2024-05-12 17:46:30,976 [main] INFO  ipc.Server (Server.java:stop(3523)) - Stopping server on 15358
2024-05-12 17:46:30,976 [IPC Server Responder] INFO  ipc.Server (Server.java:run(1567)) - Stopping IPC Server Responder
2024-05-12 17:46:30,976 [IPC Server listener on 15358] INFO  ipc.Server (Server.java:run(1434)) - Stopping IPC Server listener on 15358
2024-05-12 17:46:30,978 [main] ERROR impl.OrderedAsync (OrderedAsync.java:lambda$sendRequest$9(247)) - client-0F47AEC6D676: Failed* RaftClientRequest:client-0F47AEC6D676->fa054618-3a8f-49b0-93d4-5933c936b659@group-2BFC12537A18, cid=131, seq=6, RW, cmdType: WriteChunk
traceID: ""
containerID: 1
datanodeUuid: "a0742c66-ae9f-48ce-9181-086e540b3b62"
writeChunk {
  blockID {
    containerID: 1
    localID: 113750153625600001
    blockCommitSequenceId: 4
    replicaIndex: 0
  }
  chunkData {
    chunkName: "113750153625600001_chunk_3"
    offset: 2097152
    len: 524288
    checksumData {
      type: CRC32
      bytesPerChecksum: 16384
      checksums: "\326\360U\321"
      checksums: "\326\360U\321"
      checksums: "\326\360U\321"
      checksums: "\326\360U\321"
      checksums: "\326\360U\321"
      checksums: "\326\360U\321"
      checksums: "\326\360U\321"
      checksums: "\326\360U\321"
      checksums: "\326\360U\321"
      checksums: "\326\360U\321"
      checksums: "\326\360U\321"
      checksums: "\326\360U\321"
      checksums: "\326\360U\321"
      checksums: "\326\360U\321"
      checksums: "\326\360U\321"
      checksums: "\326\360U\321"
      checksums: "\326\360U\321"
      checksums: "\326\360U\321"
      checksums: "\326\360U\321"
      checksums: "\326\360U\321"
      checksums: "\326\360U\321"
      checksums: "\326\360U\321"
      checksums: "\326\360U\321"
      checksums: "\326\360U\321"
      checksums: "\326\360U\321"
      checksums: "\326\360U\321"
      checksums: "\326\360U\321"
      checksums: "\326\360U\321"
      checksums: "\326\360U\321"
      checksums: "\326\360U\321"
      checksums: "\326\360U\321"
      checksums: "\253zJ\335"
    }
  }
}
, data.size=524288
java.util.concurrent.CompletionException: org.apache.ratis.protocol.exceptions.AlreadyClosedException: client-0F47AEC6D676->fa054618-3a8f-49b0-93d4-5933c936b659 is closed.
	at java.base/java.util.concurrent.CompletableFuture.encodeThrowable(CompletableFuture.java:332)
	at java.base/java.util.concurrent.CompletableFuture.uniApplyNow(CompletableFuture.java:674)
	at java.base/java.util.concurrent.CompletableFuture.uniApplyStage(CompletableFuture.java:662)
	at java.base/java.util.concurrent.CompletableFuture.thenApply(CompletableFuture.java:2168)
	at org.apache.ratis.client.impl.OrderedAsync.sendRequest(OrderedAsync.java:239)
	at org.apache.ratis.client.impl.OrderedAsync.sendRequestWithRetry(OrderedAsync.java:203)
	at org.apache.ratis.util.SlidingWindow$Client.sendOrDelayRequest(SlidingWindow.java:303)
	at org.apache.ratis.util.SlidingWindow$Client.submitNewRequest(SlidingWindow.java:291)
	at org.apache.ratis.client.impl.OrderedAsync.send(OrderedAsync.java:171)
	at org.apache.ratis.client.impl.AsyncImpl.send(AsyncImpl.java:41)
	at org.apache.ratis.client.impl.AsyncImpl.send(AsyncImpl.java:46)
	at org.apache.hadoop.hdds.scm.XceiverClientRatis.lambda$sendRequestAsync$2(XceiverClientRatis.java:238)
	at org.apache.hadoop.hdds.tracing.TracingUtil.executeInSpan(TracingUtil.java:169)
	at org.apache.hadoop.hdds.tracing.TracingUtil.executeInNewSpan(TracingUtil.java:159)
	at org.apache.hadoop.hdds.scm.XceiverClientRatis.sendRequestAsync(XceiverClientRatis.java:223)
	at org.apache.hadoop.hdds.scm.XceiverClientRatis.sendCommandAsync(XceiverClientRatis.java:326)
	at org.apache.hadoop.hdds.scm.storage.ContainerProtocolCalls.writeChunkAsync(ContainerProtocolCalls.java:434)
	at org.apache.hadoop.hdds.scm.storage.BlockOutputStream.writeChunkToContainer(BlockOutputStream.java:720)
	at org.apache.hadoop.hdds.scm.storage.BlockOutputStream.writeChunk(BlockOutputStream.java:538)
	at org.apache.hadoop.hdds.scm.storage.BlockOutputStream.handleFlushInternal(BlockOutputStream.java:571)
	at org.apache.hadoop.hdds.scm.storage.BlockOutputStream.handleFlush(BlockOutputStream.java:546)
	at org.apache.hadoop.hdds.scm.storage.BlockOutputStream.close(BlockOutputStream.java:597)
	at org.apache.hadoop.ozone.client.io.BlockOutputStreamEntry.close(BlockOutputStreamEntry.java:170)
	at org.apache.hadoop.ozone.client.io.KeyOutputStream.handleStreamAction(KeyOutputStream.java:513)
	at org.apache.hadoop.ozone.client.io.KeyOutputStream.handleFlushOrClose(KeyOutputStream.java:487)
	at org.apache.hadoop.ozone.client.io.KeyOutputStream.close(KeyOutputStream.java:543)
	at org.apache.hadoop.ozone.client.io.OzoneOutputStream.close(OzoneOutputStream.java:105)
	at org.apache.hadoop.ozone.client.rpc.TestFailureHandlingByClient.testBlockWritesWithDnFailures(TestFailureHandlingByClient.java:200)
	at java.base/jdk.internal.reflect.NativeMethodAccessorImpl.invoke0(Native Method)
	at java.base/jdk.internal.reflect.NativeMethodAccessorImpl.invoke(NativeMethodAccessorImpl.java:77)
	at java.base/jdk.internal.reflect.DelegatingMethodAccessorImpl.invoke(DelegatingMethodAccessorImpl.java:43)
	at java.base/java.lang.reflect.Method.invoke(Method.java:568)
	at org.junit.platform.commons.util.ReflectionUtils.invokeMethod(ReflectionUtils.java:728)
	at org.junit.jupiter.engine.execution.MethodInvocation.proceed(MethodInvocation.java:60)
	at org.junit.jupiter.engine.execution.InvocationInterceptorChain$ValidatingInvocation.proceed(InvocationInterceptorChain.java:131)
	at org.junit.jupiter.engine.extension.SameThreadTimeoutInvocation.proceed(SameThreadTimeoutInvocation.java:45)
	at org.junit.jupiter.engine.extension.TimeoutExtension.intercept(TimeoutExtension.java:156)
	at org.junit.jupiter.engine.extension.TimeoutExtension.interceptTestableMethod(TimeoutExtension.java:147)
	at org.junit.jupiter.engine.extension.TimeoutExtension.interceptTestMethod(TimeoutExtension.java:86)
	at org.junit.jupiter.engine.execution.InterceptingExecutableInvoker$ReflectiveInterceptorCall.lambda$ofVoidMethod$0(InterceptingExecutableInvoker.java:103)
	at org.junit.jupiter.engine.execution.InterceptingExecutableInvoker.lambda$invoke$0(InterceptingExecutableInvoker.java:93)
	at org.junit.jupiter.engine.execution.InvocationInterceptorChain$InterceptedInvocation.proceed(InvocationInterceptorChain.java:106)
	at org.junit.jupiter.engine.execution.InvocationInterceptorChain.proceed(InvocationInterceptorChain.java:64)
	at org.junit.jupiter.engine.execution.InvocationInterceptorChain.chainAndInvoke(InvocationInterceptorChain.java:45)
	at org.junit.jupiter.engine.execution.InvocationInterceptorChain.invoke(InvocationInterceptorChain.java:37)
	at org.junit.jupiter.engine.execution.InterceptingExecutableInvoker.invoke(InterceptingExecutableInvoker.java:92)
	at org.junit.jupiter.engine.execution.InterceptingExecutableInvoker.invoke(InterceptingExecutableInvoker.java:86)
	at org.junit.jupiter.engine.descriptor.TestMethodTestDescriptor.lambda$invokeTestMethod$7(TestMethodTestDescriptor.java:218)
	at org.junit.platform.engine.support.hierarchical.ThrowableCollector.execute(ThrowableCollector.java:73)
	at org.junit.jupiter.engine.descriptor.TestMethodTestDescriptor.invokeTestMethod(TestMethodTestDescriptor.java:214)
	at org.junit.jupiter.engine.descriptor.TestMethodTestDescriptor.execute(TestMethodTestDescriptor.java:139)
	at org.junit.jupiter.engine.descriptor.TestMethodTestDescriptor.execute(TestMethodTestDescriptor.java:69)
	at org.junit.platform.engine.support.hierarchical.NodeTestTask.lambda$executeRecursively$6(NodeTestTask.java:151)
	at org.junit.platform.engine.support.hierarchical.ThrowableCollector.execute(ThrowableCollector.java:73)
	at org.junit.platform.engine.support.hierarchical.NodeTestTask.lambda$executeRecursively$8(NodeTestTask.java:141)
	at org.junit.platform.engine.support.hierarchical.Node.around(Node.java:137)
	at org.junit.platform.engine.support.hierarchical.NodeTestTask.lambda$executeRecursively$9(NodeTestTask.java:139)
	at org.junit.platform.engine.support.hierarchical.ThrowableCollector.execute(ThrowableCollector.java:73)
	at org.junit.platform.engine.support.hierarchical.NodeTestTask.executeRecursively(NodeTestTask.java:138)
	at org.junit.platform.engine.support.hierarchical.NodeTestTask.execute(NodeTestTask.java:95)
	at java.base/java.util.ArrayList.forEach(ArrayList.java:1511)
	at org.junit.platform.engine.support.hierarchical.SameThreadHierarchicalTestExecutorService.invokeAll(SameThreadHierarchicalTestExecutorService.java:41)
	at org.junit.platform.engine.support.hierarchical.NodeTestTask.lambda$executeRecursively$6(NodeTestTask.java:155)
	at org.junit.platform.engine.support.hierarchical.ThrowableCollector.execute(ThrowableCollector.java:73)
	at org.junit.platform.engine.support.hierarchical.NodeTestTask.lambda$executeRecursively$8(NodeTestTask.java:141)
	at org.junit.platform.engine.support.hierarchical.Node.around(Node.java:137)
	at org.junit.platform.engine.support.hierarchical.NodeTestTask.lambda$executeRecursively$9(NodeTestTask.java:139)
	at org.junit.platform.engine.support.hierarchical.ThrowableCollector.execute(ThrowableCollector.java:73)
	at org.junit.platform.engine.support.hierarchical.NodeTestTask.executeRecursively(NodeTestTask.java:138)
	at org.junit.platform.engine.support.hierarchical.NodeTestTask.execute(NodeTestTask.java:95)
	at java.base/java.util.ArrayList.forEach(ArrayList.java:1511)
	at org.junit.platform.engine.support.hierarchical.SameThreadHierarchicalTestExecutorService.invokeAll(SameThreadHierarchicalTestExecutorService.java:41)
	at org.junit.platform.engine.support.hierarchical.NodeTestTask.lambda$executeRecursively$6(NodeTestTask.java:155)
	at org.junit.platform.engine.support.hierarchical.ThrowableCollector.execute(ThrowableCollector.java:73)
	at org.junit.platform.engine.support.hierarchical.NodeTestTask.lambda$executeRecursively$8(NodeTestTask.java:141)
	at org.junit.platform.engine.support.hierarchical.Node.around(Node.java:137)
	at org.junit.platform.engine.support.hierarchical.NodeTestTask.lambda$executeRecursively$9(NodeTestTask.java:139)
	at org.junit.platform.engine.support.hierarchical.ThrowableCollector.execute(ThrowableCollector.java:73)
	at org.junit.platform.engine.support.hierarchical.NodeTestTask.executeRecursively(NodeTestTask.java:138)
	at org.junit.platform.engine.support.hierarchical.NodeTestTask.execute(NodeTestTask.java:95)
	at org.junit.platform.engine.support.hierarchical.SameThreadHierarchicalTestExecutorService.submit(SameThreadHierarchicalTestExecutorService.java:35)
	at org.junit.platform.engine.support.hierarchical.HierarchicalTestExecutor.execute(HierarchicalTestExecutor.java:57)
	at org.junit.platform.engine.support.hierarchical.HierarchicalTestEngine.execute(HierarchicalTestEngine.java:54)
	at org.junit.platform.launcher.core.EngineExecutionOrchestrator.execute(EngineExecutionOrchestrator.java:198)
	at org.junit.platform.launcher.core.EngineExecutionOrchestrator.execute(EngineExecutionOrchestrator.java:169)
	at org.junit.platform.launcher.core.EngineExecutionOrchestrator.execute(EngineExecutionOrchestrator.java:93)
	at org.junit.platform.launcher.core.EngineExecutionOrchestrator.lambda$execute$0(EngineExecutionOrchestrator.java:58)
	at org.junit.platform.launcher.core.EngineExecutionOrchestrator.withInterceptedStreams(EngineExecutionOrchestrator.java:141)
	at org.junit.platform.launcher.core.EngineExecutionOrchestrator.execute(EngineExecutionOrchestrator.java:57)
	at org.junit.platform.launcher.core.DefaultLauncher.execute(DefaultLauncher.java:103)
	at org.junit.platform.launcher.core.DefaultLauncher.execute(DefaultLauncher.java:85)
	at org.junit.platform.launcher.core.DelegatingLauncher.execute(DelegatingLauncher.java:47)
	at org.junit.platform.launcher.core.SessionPerRequestLauncher.execute(SessionPerRequestLauncher.java:63)
	at org.apache.maven.surefire.junitplatform.JUnitPlatformProvider.invokeAllTests(JUnitPlatformProvider.java:154)
	at org.apache.maven.surefire.junitplatform.JUnitPlatformProvider.invoke(JUnitPlatformProvider.java:123)
	at org.apache.maven.surefire.booter.ForkedBooter.runSuitesInProcess(ForkedBooter.java:377)
	at org.apache.maven.surefire.booter.ForkedBooter.execute(ForkedBooter.java:138)
	at org.apache.maven.surefire.booter.ForkedBooter.run(ForkedBooter.java:465)
	at org.apache.maven.surefire.booter.ForkedBooter.main(ForkedBooter.java:451)
Caused by: org.apache.ratis.protocol.exceptions.AlreadyClosedException: client-0F47AEC6D676->fa054618-3a8f-49b0-93d4-5933c936b659 is closed.
	at org.apache.ratis.grpc.client.GrpcClientProtocolClient$AsyncStreamObservers.onNext(GrpcClientProtocolClient.java:349)
	at org.apache.ratis.grpc.client.GrpcClientRpc.sendRequestAsync(GrpcClientRpc.java:71)
	... 95 more
2024-05-12 17:46:31,025 [d0e7fafe-f667-41fb-a16a-ecd1bcb446b6-BlockDeletingService#1] INFO  interfaces.ContainerDeletionChoosingPolicyTemplate (ContainerDeletionChoosingPolicyTemplate.java:chooseContainerForBlockDeletion(85)) - Chosen 0/5000 blocks from 0 candidate containers.
2024-05-12 17:46:31,089 [b7336ce2-a724-4c4a-8025-d323d27fa237-BlockDeletingService#1] INFO  interfaces.ContainerDeletionChoosingPolicyTemplate (ContainerDeletionChoosingPolicyTemplate.java:chooseContainerForBlockDeletion(85)) - Chosen 0/5000 blocks from 0 candidate containers.
2024-05-12 17:46:31,144 [89a6d998-d419-473a-a6ed-8243f7f30d05-BlockDeletingService#1] INFO  interfaces.ContainerDeletionChoosingPolicyTemplate (ContainerDeletionChoosingPolicyTemplate.java:chooseContainerForBlockDeletion(85)) - Chosen 0/5000 blocks from 0 candidate containers.
2024-05-12 17:46:31,191 [3523888c-df3a-4c75-876a-f320dc6c9584-BlockDeletingService#1] INFO  interfaces.ContainerDeletionChoosingPolicyTemplate (ContainerDeletionChoosingPolicyTemplate.java:chooseContainerForBlockDeletion(85)) - Chosen 0/5000 blocks from 0 candidate containers.
2024-05-12 17:46:31,247 [d999a49d-42de-484c-a75f-ffa132e9c3a5-BlockDeletingService#1] INFO  interfaces.ContainerDeletionChoosingPolicyTemplate (ContainerDeletionChoosingPolicyTemplate.java:chooseContainerForBlockDeletion(85)) - Chosen 0/5000 blocks from 0 candidate containers.
2024-05-12 17:46:31,308 [2ef8d649-4864-4b9a-81a6-122cf2174905-BlockDeletingService#1] INFO  interfaces.ContainerDeletionChoosingPolicyTemplate (ContainerDeletionChoosingPolicyTemplate.java:chooseContainerForBlockDeletion(85)) - Chosen 0/5000 blocks from 0 candidate containers.
2024-05-12 17:46:31,402 [fa054618-3a8f-49b0-93d4-5933c936b659-BlockDeletingService#1] INFO  interfaces.ContainerDeletionChoosingPolicyTemplate (ContainerDeletionChoosingPolicyTemplate.java:chooseContainerForBlockDeletion(85)) - Chosen 0/5000 blocks from 0 candidate containers.
2024-05-12 17:46:31,500 [a33fd443-9c01-43ff-9618-b7376da7e75d-BlockDeletingService#2] INFO  interfaces.ContainerDeletionChoosingPolicyTemplate (ContainerDeletionChoosingPolicyTemplate.java:chooseContainerForBlockDeletion(85)) - Chosen 0/5000 blocks from 0 candidate containers.
2024-05-12 17:46:31,808 [fa054618-3a8f-49b0-93d4-5933c936b659-PipelineCommandHandlerThread-0] INFO  segmented.SegmentedRaftLogWorker (SegmentedRaftLogWorker.java:close(245)) - fa054618-3a8f-49b0-93d4-5933c936b659@group-2BFC12537A18-SegmentedRaftLogWorker close()
2024-05-12 17:46:31,809 [fa054618-3a8f-49b0-93d4-5933c936b659-PipelineCommandHandlerThread-0] INFO  server.RaftServer$Division (RaftServerImpl.java:groupRemove(496)) - fa054618-3a8f-49b0-93d4-5933c936b659@group-2BFC12537A18: Succeed to remove RaftStorageDirectory Storage Directory /home/runner/work/ozone/ozone/hadoop-ozone/integration-test/target/test-dir/MiniOzoneClusterImpl-71ef5771-1bca-432b-8888-38dc3c8d5d63/ozone-meta/datanode-8/ratis/6bfef457-b58e-438a-8fe9-2bfc12537a18
2024-05-12 17:46:31,809 [fa054618-3a8f-49b0-93d4-5933c936b659-PipelineCommandHandlerThread-0] ERROR commandhandler.ClosePipelineCommandHandler (ClosePipelineCommandHandler.java:lambda$handle$2(137)) - Can't close pipeline PipelineID=6bfef457-b58e-438a-8fe9-2bfc12537a18
org.apache.ratis.protocol.exceptions.GroupMismatchException: fa054618-3a8f-49b0-93d4-5933c936b659: group-2BFC12537A18 not found.
	at org.apache.ratis.server.impl.RaftServerProxy$ImplMap.get(RaftServerProxy.java:154)
	at org.apache.ratis.server.impl.RaftServerProxy.getImplFuture(RaftServerProxy.java:364)
	at org.apache.ratis.server.impl.RaftServerProxy.getImpl(RaftServerProxy.java:373)
	at org.apache.ratis.server.impl.RaftServerProxy.getDivision(RaftServerProxy.java:386)
	at org.apache.hadoop.ozone.container.common.transport.server.ratis.XceiverServerRatis.getRaftPeersInPipeline(XceiverServerRatis.java:951)
	at org.apache.hadoop.ozone.container.common.statemachine.commandhandler.ClosePipelineCommandHandler.lambda$handle$2(ClosePipelineCommandHandler.java:114)
	at java.base/java.util.concurrent.CompletableFuture$AsyncRun.run(CompletableFuture.java:1804)
	at java.base/java.util.concurrent.ThreadPoolExecutor.runWorker(ThreadPoolExecutor.java:1136)
	at java.base/java.util.concurrent.ThreadPoolExecutor$Worker.run(ThreadPoolExecutor.java:635)
	at java.base/java.lang.Thread.run(Thread.java:840)
2024-05-12 17:46:32,662 [timer5] WARN  server.GrpcLogAppender (LogUtils.java:warn(121)) - fa054618-3a8f-49b0-93d4-5933c936b659@group-13A0CAA15F1F->a0742c66-ae9f-48ce-9181-086e540b3b62-AppendLogResponseHandler: Failed appendEntries (Repeated 2 times in the last 5.001s): org.apache.ratis.thirdparty.io.grpc.StatusRuntimeException: UNAVAILABLE: io exception
2024-05-12 17:46:32,662 [timer6] WARN  server.GrpcLogAppender (GrpcLogAppender.java:lambda$resetClient$1(217)) - fa054618-3a8f-49b0-93d4-5933c936b659@group-13A0CAA15F1F->a0742c66-ae9f-48ce-9181-086e540b3b62-GrpcLogAppender: Follower failed (request=null, errorCount=142); keep nextIndex (1) unchanged and retry. (Repeated 2 times in the last 5.001s)
2024-05-12 17:46:33,293 [timer1] WARN  server.GrpcLogAppender (GrpcLogAppender.java:lambda$resetClient$1(217)) - a33fd443-9c01-43ff-9618-b7376da7e75d@group-29BBA51C16D7->93bda13b-2c91-401a-a9f5-fc4ebb9220da-GrpcLogAppender: Follower failed (request=null, errorCount=18); keep nextIndex (1) unchanged and retry. (Repeated 42 times in the last 5.000s)
2024-05-12 17:46:33,293 [timer0] WARN  server.GrpcLogAppender (LogUtils.java:warn(121)) - a33fd443-9c01-43ff-9618-b7376da7e75d@group-29BBA51C16D7->93bda13b-2c91-401a-a9f5-fc4ebb9220da-AppendLogResponseHandler: Failed appendEntries (Repeated 18 times in the last 5.000s): org.apache.ratis.thirdparty.io.grpc.StatusRuntimeException: UNAVAILABLE: io exception
2024-05-12 17:46:33,299 [timer4] WARN  server.GrpcLogAppender (LogUtils.java:warn(121)) - fa054618-3a8f-49b0-93d4-5933c936b659@group-6F96808B8C5E->93bda13b-2c91-401a-a9f5-fc4ebb9220da-AppendLogResponseHandler: Failed appendEntries (Repeated 18 times in the last 5.000s): org.apache.ratis.thirdparty.io.grpc.StatusRuntimeException: UNAVAILABLE: io exception
2024-05-12 17:46:33,299 [timer3] WARN  server.GrpcLogAppender (GrpcLogAppender.java:lambda$resetClient$1(217)) - fa054618-3a8f-49b0-93d4-5933c936b659@group-2BFC12537A18->93bda13b-2c91-401a-a9f5-fc4ebb9220da-GrpcLogAppender: Follower failed (request=null, errorCount=10); keep nextIndex (11) unchanged and retry. (Repeated 10 times in the last 5.000s)
2024-05-12 17:46:33,299 [timer2] WARN  server.GrpcLogAppender (LogUtils.java:warn(121)) - fa054618-3a8f-49b0-93d4-5933c936b659@group-2BFC12537A18->93bda13b-2c91-401a-a9f5-fc4ebb9220da-AppendLogResponseHandler: Failed appendEntries (Repeated 10 times in the last 5.001s): org.apache.ratis.thirdparty.io.grpc.StatusRuntimeException: UNAVAILABLE: io exception
2024-05-12 17:46:33,300 [timer5] WARN  server.GrpcLogAppender (LogUtils.java:warn(121)) - fa054618-3a8f-49b0-93d4-5933c936b659@group-13A0CAA15F1F->93bda13b-2c91-401a-a9f5-fc4ebb9220da-AppendLogResponseHandler: Failed appendEntries (Repeated 6 times in the last 5.000s): org.apache.ratis.thirdparty.io.grpc.StatusRuntimeException: UNAVAILABLE: io exception
2024-05-12 17:46:33,734 [grpc-default-executor-11] WARN  server.GrpcLogAppender (LogUtils.java:warn(121)) - fa054618-3a8f-49b0-93d4-5933c936b659@group-6F96808B8C5E->93bda13b-2c91-401a-a9f5-fc4ebb9220da-AppendLogResponseHandler: Failed appendEntries: org.apache.ratis.thirdparty.io.grpc.StatusRuntimeException: UNAVAILABLE: io exception
2024-05-12 17:46:33,734 [grpc-default-executor-16] WARN  server.GrpcLogAppender (GrpcLogAppender.java:lambda$resetClient$1(217)) - fa054618-3a8f-49b0-93d4-5933c936b659@group-6F96808B8C5E->93bda13b-2c91-401a-a9f5-fc4ebb9220da-GrpcLogAppender: Follower failed (request=null, errorCount=19); keep nextIndex (1) unchanged and retry.
2024-05-12 17:46:33,818 [grpc-default-executor-11] WARN  server.GrpcLogAppender (LogUtils.java:warn(121)) - a33fd443-9c01-43ff-9618-b7376da7e75d@group-29BBA51C16D7->93bda13b-2c91-401a-a9f5-fc4ebb9220da-AppendLogResponseHandler: Failed appendEntries: org.apache.ratis.thirdparty.io.grpc.StatusRuntimeException: UNAVAILABLE: io exception
2024-05-12 17:46:34,597 [grpc-default-executor-10] ERROR impl.OrderedAsync (OrderedAsync.java:lambda$sendRequest$9(247)) - client-0F47AEC6D676: Failed* RaftClientRequest:client-0F47AEC6D676->93bda13b-2c91-401a-a9f5-fc4ebb9220da@group-2BFC12537A18, cid=131, seq=6*, RW, cmdType: WriteChunk
traceID: ""
containerID: 1
datanodeUuid: "a0742c66-ae9f-48ce-9181-086e540b3b62"
writeChunk {
  blockID {
    containerID: 1
    localID: 113750153625600001
    blockCommitSequenceId: 4
    replicaIndex: 0
  }
  chunkData {
    chunkName: "113750153625600001_chunk_3"
    offset: 2097152
    len: 524288
    checksumData {
      type: CRC32
      bytesPerChecksum: 16384
      checksums: "\326\360U\321"
      checksums: "\326\360U\321"
      checksums: "\326\360U\321"
      checksums: "\326\360U\321"
      checksums: "\326\360U\321"
      checksums: "\326\360U\321"
      checksums: "\326\360U\321"
      checksums: "\326\360U\321"
      checksums: "\326\360U\321"
      checksums: "\326\360U\321"
      checksums: "\326\360U\321"
      checksums: "\326\360U\321"
      checksums: "\326\360U\321"
      checksums: "\326\360U\321"
      checksums: "\326\360U\321"
      checksums: "\326\360U\321"
      checksums: "\326\360U\321"
      checksums: "\326\360U\321"
      checksums: "\326\360U\321"
      checksums: "\326\360U\321"
      checksums: "\326\360U\321"
      checksums: "\326\360U\321"
      checksums: "\326\360U\321"
      checksums: "\326\360U\321"
      checksums: "\326\360U\321"
      checksums: "\326\360U\321"
      checksums: "\326\360U\321"
      checksums: "\326\360U\321"
      checksums: "\326\360U\321"
      checksums: "\326\360U\321"
      checksums: "\326\360U\321"
      checksums: "\253zJ\335"
    }
  }
}
, data.size=524288
java.util.concurrent.CompletionException: java.io.IOException: org.apache.ratis.thirdparty.io.grpc.StatusRuntimeException: UNAVAILABLE: io exception
	at java.base/java.util.concurrent.CompletableFuture.encodeThrowable(CompletableFuture.java:332)
	at java.base/java.util.concurrent.CompletableFuture.completeThrowable(CompletableFuture.java:347)
	at java.base/java.util.concurrent.CompletableFuture$UniApply.tryFire(CompletableFuture.java:636)
	at java.base/java.util.concurrent.CompletableFuture.postComplete(CompletableFuture.java:510)
	at java.base/java.util.concurrent.CompletableFuture.completeExceptionally(CompletableFuture.java:2162)
	at org.apache.ratis.grpc.client.GrpcClientProtocolClient$AsyncStreamObservers.completeReplyExceptionally(GrpcClientProtocolClient.java:394)
	at org.apache.ratis.grpc.client.GrpcClientProtocolClient$AsyncStreamObservers.access$000(GrpcClientProtocolClient.java:300)
	at org.apache.ratis.grpc.client.GrpcClientProtocolClient$AsyncStreamObservers$1.onError(GrpcClientProtocolClient.java:331)
	at org.apache.ratis.thirdparty.io.grpc.stub.ClientCalls$StreamObserverToCallListenerAdapter.onClose(ClientCalls.java:481)
	at org.apache.ratis.thirdparty.io.grpc.PartialForwardingClientCallListener.onClose(PartialForwardingClientCallListener.java:39)
	at org.apache.ratis.thirdparty.io.grpc.ForwardingClientCallListener.onClose(ForwardingClientCallListener.java:23)
	at org.apache.ratis.grpc.metrics.intercept.client.MetricClientCallListener.onClose(MetricClientCallListener.java:47)
	at org.apache.ratis.thirdparty.io.grpc.internal.ClientCallImpl.closeObserver(ClientCallImpl.java:567)
	at org.apache.ratis.thirdparty.io.grpc.internal.ClientCallImpl.access$300(ClientCallImpl.java:71)
	at org.apache.ratis.thirdparty.io.grpc.internal.ClientCallImpl$ClientStreamListenerImpl$1StreamClosed.runInternal(ClientCallImpl.java:735)
	at org.apache.ratis.thirdparty.io.grpc.internal.ClientCallImpl$ClientStreamListenerImpl$1StreamClosed.runInContext(ClientCallImpl.java:716)
	at org.apache.ratis.thirdparty.io.grpc.internal.ContextRunnable.run(ContextRunnable.java:37)
	at org.apache.ratis.thirdparty.io.grpc.internal.SerializingExecutor.run(SerializingExecutor.java:133)
	at java.base/java.util.concurrent.ThreadPoolExecutor.runWorker(ThreadPoolExecutor.java:1136)
	at java.base/java.util.concurrent.ThreadPoolExecutor$Worker.run(ThreadPoolExecutor.java:635)
	at java.base/java.lang.Thread.run(Thread.java:840)
Caused by: java.io.IOException: org.apache.ratis.thirdparty.io.grpc.StatusRuntimeException: UNAVAILABLE: io exception
	at org.apache.ratis.grpc.GrpcUtil.unwrapException(GrpcUtil.java:99)
	at org.apache.ratis.grpc.GrpcUtil.unwrapIOException(GrpcUtil.java:159)
	at org.apache.ratis.grpc.client.GrpcClientProtocolClient$AsyncStreamObservers$1.onError(GrpcClientProtocolClient.java:330)
	... 13 more
Caused by: org.apache.ratis.thirdparty.io.grpc.StatusRuntimeException: UNAVAILABLE: io exception
	at org.apache.ratis.thirdparty.io.grpc.Status.asRuntimeException(Status.java:537)
	... 13 more
Caused by: org.apache.ratis.thirdparty.io.netty.channel.AbstractChannel$AnnotatedConnectException: finishConnect(..) failed: Connection refused: /127.0.0.1:15360
Caused by: java.net.ConnectException: finishConnect(..) failed: Connection refused
	at org.apache.ratis.thirdparty.io.netty.channel.unix.Errors.newConnectException0(Errors.java:166)
	at org.apache.ratis.thirdparty.io.netty.channel.unix.Errors.handleConnectErrno(Errors.java:131)
	at org.apache.ratis.thirdparty.io.netty.channel.unix.Socket.finishConnect(Socket.java:359)
	at org.apache.ratis.thirdparty.io.netty.channel.epoll.AbstractEpollChannel$AbstractEpollUnsafe.doFinishConnect(AbstractEpollChannel.java:710)
	at org.apache.ratis.thirdparty.io.netty.channel.epoll.AbstractEpollChannel$AbstractEpollUnsafe.finishConnect(AbstractEpollChannel.java:687)
	at org.apache.ratis.thirdparty.io.netty.channel.epoll.AbstractEpollChannel$AbstractEpollUnsafe.epollOutReady(AbstractEpollChannel.java:567)
	at org.apache.ratis.thirdparty.io.netty.channel.epoll.EpollEventLoop.processReady(EpollEventLoop.java:499)
	at org.apache.ratis.thirdparty.io.netty.channel.epoll.EpollEventLoop.run(EpollEventLoop.java:407)
	at org.apache.ratis.thirdparty.io.netty.util.concurrent.SingleThreadEventExecutor$4.run(SingleThreadEventExecutor.java:997)
	at org.apache.ratis.thirdparty.io.netty.util.internal.ThreadExecutorMap$2.run(ThreadExecutorMap.java:74)
	at org.apache.ratis.thirdparty.io.netty.util.concurrent.FastThreadLocalRunnable.run(FastThreadLocalRunnable.java:30)
	at java.base/java.lang.Thread.run(Thread.java:840)
2024-05-12 17:46:38,734 [timer4] WARN  server.GrpcLogAppender (GrpcLogAppender.java:lambda$resetClient$1(217)) - a33fd443-9c01-43ff-9618-b7376da7e75d@group-29BBA51C16D7->93bda13b-2c91-401a-a9f5-fc4ebb9220da-GrpcLogAppender: Follower failed (request=null, errorCount=28); keep nextIndex (1) unchanged and retry. (Repeated 22 times in the last 5.000s)
2024-05-12 17:46:38,734 [timer3] WARN  server.GrpcLogAppender (LogUtils.java:warn(121)) - fa054618-3a8f-49b0-93d4-5933c936b659@group-6F96808B8C5E->93bda13b-2c91-401a-a9f5-fc4ebb9220da-AppendLogResponseHandler: Failed appendEntries (Repeated 12 times in the last 5.000s): org.apache.ratis.thirdparty.io.grpc.StatusRuntimeException: UNAVAILABLE: io exception
2024-05-12 17:46:38,818 [timer6] WARN  server.GrpcLogAppender (LogUtils.java:warn(121)) - a33fd443-9c01-43ff-9618-b7376da7e75d@group-29BBA51C16D7->93bda13b-2c91-401a-a9f5-fc4ebb9220da-AppendLogResponseHandler: Failed appendEntries (Repeated 10 times in the last 4.999s): org.apache.ratis.thirdparty.io.grpc.StatusRuntimeException: UNAVAILABLE: io exception
2024-05-12 17:46:39,280 [grpc-default-executor-10] WARN  server.GrpcLogAppender (LogUtils.java:warn(121)) - fa054618-3a8f-49b0-93d4-5933c936b659@group-6F96808B8C5E->93bda13b-2c91-401a-a9f5-fc4ebb9220da-AppendLogResponseHandler: Failed appendEntries: org.apache.ratis.thirdparty.io.grpc.StatusRuntimeException: UNAVAILABLE: io exception
2024-05-12 17:46:39,280 [grpc-default-executor-16] WARN  server.GrpcLogAppender (GrpcLogAppender.java:lambda$resetClient$1(217)) - fa054618-3a8f-49b0-93d4-5933c936b659@group-6F96808B8C5E->93bda13b-2c91-401a-a9f5-fc4ebb9220da-GrpcLogAppender: Follower failed (request=null, errorCount=31); keep nextIndex (1) unchanged and retry.
2024-05-12 17:46:39,352 [grpc-default-executor-16] WARN  server.GrpcLogAppender (LogUtils.java:warn(121)) - a33fd443-9c01-43ff-9618-b7376da7e75d@group-29BBA51C16D7->93bda13b-2c91-401a-a9f5-fc4ebb9220da-AppendLogResponseHandler: Failed appendEntries: org.apache.ratis.thirdparty.io.grpc.StatusRuntimeException: UNAVAILABLE: io exception
2024-05-12 17:46:39,818 [grpc-default-executor-11] ERROR impl.OrderedAsync (OrderedAsync.java:lambda$sendRequest$9(247)) - client-0F47AEC6D676: Failed* RaftClientRequest:client-0F47AEC6D676->fa054618-3a8f-49b0-93d4-5933c936b659@group-2BFC12537A18, cid=131, seq=6*, RW, cmdType: WriteChunk
traceID: ""
containerID: 1
datanodeUuid: "a0742c66-ae9f-48ce-9181-086e540b3b62"
writeChunk {
  blockID {
    containerID: 1
    localID: 113750153625600001
    blockCommitSequenceId: 4
    replicaIndex: 0
  }
  chunkData {
    chunkName: "113750153625600001_chunk_3"
    offset: 2097152
    len: 524288
    checksumData {
      type: CRC32
      bytesPerChecksum: 16384
      checksums: "\326\360U\321"
      checksums: "\326\360U\321"
      checksums: "\326\360U\321"
      checksums: "\326\360U\321"
      checksums: "\326\360U\321"
      checksums: "\326\360U\321"
      checksums: "\326\360U\321"
      checksums: "\326\360U\321"
      checksums: "\326\360U\321"
      checksums: "\326\360U\321"
      checksums: "\326\360U\321"
      checksums: "\326\360U\321"
      checksums: "\326\360U\321"
      checksums: "\326\360U\321"
      checksums: "\326\360U\321"
      checksums: "\326\360U\321"
      checksums: "\326\360U\321"
      checksums: "\326\360U\321"
      checksums: "\326\360U\321"
      checksums: "\326\360U\321"
      checksums: "\326\360U\321"
      checksums: "\326\360U\321"
      checksums: "\326\360U\321"
      checksums: "\326\360U\321"
      checksums: "\326\360U\321"
      checksums: "\326\360U\321"
      checksums: "\326\360U\321"
      checksums: "\326\360U\321"
      checksums: "\326\360U\321"
      checksums: "\326\360U\321"
      checksums: "\326\360U\321"
      checksums: "\253zJ\335"
    }
  }
}
, data.size=524288
java.util.concurrent.CompletionException: org.apache.ratis.protocol.exceptions.GroupMismatchException: fa054618-3a8f-49b0-93d4-5933c936b659: group-2BFC12537A18 not found.
	at java.base/java.util.concurrent.CompletableFuture.encodeThrowable(CompletableFuture.java:332)
	at java.base/java.util.concurrent.CompletableFuture.completeThrowable(CompletableFuture.java:347)
	at java.base/java.util.concurrent.CompletableFuture$UniApply.tryFire(CompletableFuture.java:636)
	at java.base/java.util.concurrent.CompletableFuture.postComplete(CompletableFuture.java:510)
	at java.base/java.util.concurrent.CompletableFuture.completeExceptionally(CompletableFuture.java:2162)
	at org.apache.ratis.grpc.client.GrpcClientProtocolClient$AsyncStreamObservers.completeReplyExceptionally(GrpcClientProtocolClient.java:394)
	at org.apache.ratis.grpc.client.GrpcClientProtocolClient$AsyncStreamObservers.access$000(GrpcClientProtocolClient.java:300)
	at org.apache.ratis.grpc.client.GrpcClientProtocolClient$AsyncStreamObservers$1.onError(GrpcClientProtocolClient.java:331)
	at org.apache.ratis.thirdparty.io.grpc.stub.ClientCalls$StreamObserverToCallListenerAdapter.onClose(ClientCalls.java:481)
	at org.apache.ratis.thirdparty.io.grpc.PartialForwardingClientCallListener.onClose(PartialForwardingClientCallListener.java:39)
	at org.apache.ratis.thirdparty.io.grpc.ForwardingClientCallListener.onClose(ForwardingClientCallListener.java:23)
	at org.apache.ratis.grpc.metrics.intercept.client.MetricClientCallListener.onClose(MetricClientCallListener.java:47)
	at org.apache.ratis.thirdparty.io.grpc.internal.DelayedClientCall$DelayedListener$3.run(DelayedClientCall.java:489)
	at org.apache.ratis.thirdparty.io.grpc.internal.DelayedClientCall$DelayedListener.delayOrExecute(DelayedClientCall.java:453)
	at org.apache.ratis.thirdparty.io.grpc.internal.DelayedClientCall$DelayedListener.onClose(DelayedClientCall.java:486)
	at org.apache.ratis.thirdparty.io.grpc.internal.ClientCallImpl.closeObserver(ClientCallImpl.java:567)
	at org.apache.ratis.thirdparty.io.grpc.internal.ClientCallImpl.access$300(ClientCallImpl.java:71)
	at org.apache.ratis.thirdparty.io.grpc.internal.ClientCallImpl$ClientStreamListenerImpl$1StreamClosed.runInternal(ClientCallImpl.java:735)
	at org.apache.ratis.thirdparty.io.grpc.internal.ClientCallImpl$ClientStreamListenerImpl$1StreamClosed.runInContext(ClientCallImpl.java:716)
	at org.apache.ratis.thirdparty.io.grpc.internal.ContextRunnable.run(ContextRunnable.java:37)
	at org.apache.ratis.thirdparty.io.grpc.internal.SerializingExecutor.run(SerializingExecutor.java:133)
	at java.base/java.util.concurrent.ThreadPoolExecutor.runWorker(ThreadPoolExecutor.java:1136)
	at java.base/java.util.concurrent.ThreadPoolExecutor$Worker.run(ThreadPoolExecutor.java:635)
	at java.base/java.lang.Thread.run(Thread.java:840)
Caused by: org.apache.ratis.protocol.exceptions.GroupMismatchException: fa054618-3a8f-49b0-93d4-5933c936b659: group-2BFC12537A18 not found.
	at org.apache.ratis.server.impl.RaftServerProxy$ImplMap.get(RaftServerProxy.java:154)
	at org.apache.ratis.server.impl.RaftServerProxy.getImplFuture(RaftServerProxy.java:364)
	at org.apache.ratis.server.impl.RaftServerProxy.submitClientRequestAsync(RaftServerProxy.java:448)
	at org.apache.ratis.grpc.server.GrpcClientProtocolService$RequestStreamObserver.processClientRequest(GrpcClientProtocolService.java:226)
	at org.apache.ratis.grpc.server.GrpcClientProtocolService$OrderedRequestStreamObserver.processClientRequest(GrpcClientProtocolService.java:332)
	at org.apache.ratis.util.SlidingWindow$Server.processRequestsFromHead(SlidingWindow.java:459)
	at org.apache.ratis.util.SlidingWindow$Server.receivedRequest(SlidingWindow.java:451)
	at org.apache.ratis.grpc.server.GrpcClientProtocolService$OrderedRequestStreamObserver.processClientRequest(GrpcClientProtocolService.java:356)
	at org.apache.ratis.grpc.server.GrpcClientProtocolService$RequestStreamObserver.onNext(GrpcClientProtocolService.java:246)
	at org.apache.ratis.grpc.server.GrpcClientProtocolService$RequestStreamObserver.onNext(GrpcClientProtocolService.java:169)
	at org.apache.ratis.thirdparty.io.grpc.stub.ServerCalls$StreamingServerCallHandler$StreamingServerCallListener.onMessage(ServerCalls.java:262)
	at org.apache.ratis.thirdparty.io.grpc.ForwardingServerCallListener.onMessage(ForwardingServerCallListener.java:33)
	at org.apache.ratis.thirdparty.io.grpc.internal.ServerCallImpl$ServerStreamListenerImpl.messagesAvailableInternal(ServerCallImpl.java:329)
	at org.apache.ratis.thirdparty.io.grpc.internal.ServerCallImpl$ServerStreamListenerImpl.messagesAvailable(ServerCallImpl.java:314)
	at org.apache.ratis.thirdparty.io.grpc.internal.ServerImpl$JumpToApplicationThreadServerStreamListener$1MessagesAvailable.runInContext(ServerImpl.java:833)
	... 5 more
2024-05-12 17:46:39,819 [grpc-default-executor-11] ERROR impl.OrderedAsync (OrderedAsync.java:lambda$send$4(179)) - Failed to send request, message=cmdType: WriteChunk
traceID: ""
containerID: 1
datanodeUuid: "a0742c66-ae9f-48ce-9181-086e540b3b62"
writeChunk {
  blockID {
    containerID: 1
    localID: 113750153625600001
    blockCommitSequenceId: 4
    replicaIndex: 0
  }
  chunkData {
    chunkName: "113750153625600001_chunk_3"
    offset: 2097152
    len: 524288
    checksumData {
      type: CRC32
      bytesPerChecksum: 16384
      checksums: "\326\360U\321"
      checksums: "\326\360U\321"
      checksums: "\326\360U\321"
      checksums: "\326\360U\321"
      checksums: "\326\360U\321"
      checksums: "\326\360U\321"
      checksums: "\326\360U\321"
      checksums: "\326\360U\321"
      checksums: "\326\360U\321"
      checksums: "\326\360U\321"
      checksums: "\326\360U\321"
      checksums: "\326\360U\321"
      checksums: "\326\360U\321"
      checksums: "\326\360U\321"
      checksums: "\326\360U\321"
      checksums: "\326\360U\321"
      checksums: "\326\360U\321"
      checksums: "\326\360U\321"
      checksums: "\326\360U\321"
      checksums: "\326\360U\321"
      checksums: "\326\360U\321"
      checksums: "\326\360U\321"
      checksums: "\326\360U\321"
      checksums: "\326\360U\321"
      checksums: "\326\360U\321"
      checksums: "\326\360U\321"
      checksums: "\326\360U\321"
      checksums: "\326\360U\321"
      checksums: "\326\360U\321"
      checksums: "\326\360U\321"
      checksums: "\326\360U\321"
      checksums: "\253zJ\335"
    }
  }
}
, data.size=524288
java.util.concurrent.CompletionException: org.apache.ratis.protocol.exceptions.GroupMismatchException: fa054618-3a8f-49b0-93d4-5933c936b659: group-2BFC12537A18 not found.
	at java.base/java.util.concurrent.CompletableFuture.encodeThrowable(CompletableFuture.java:332)
	at java.base/java.util.concurrent.CompletableFuture.completeThrowable(CompletableFuture.java:347)
	at java.base/java.util.concurrent.CompletableFuture$UniApply.tryFire(CompletableFuture.java:636)
	at java.base/java.util.concurrent.CompletableFuture.postComplete(CompletableFuture.java:510)
	at java.base/java.util.concurrent.CompletableFuture.completeExceptionally(CompletableFuture.java:2162)
	at org.apache.ratis.client.impl.OrderedAsync$PendingOrderedRequest.fail(OrderedAsync.java:105)
	at org.apache.ratis.util.SlidingWindow$Client.fail(SlidingWindow.java:392)
	at org.apache.ratis.client.impl.OrderedAsync.failAllAsyncRequests(OrderedAsync.java:149)
	at org.apache.ratis.client.impl.OrderedAsync.lambda$sendRequest$9(OrderedAsync.java:264)
	at java.base/java.util.concurrent.CompletableFuture.uniExceptionally(CompletableFuture.java:990)
	at java.base/java.util.concurrent.CompletableFuture$UniExceptionally.tryFire(CompletableFuture.java:974)
	at java.base/java.util.concurrent.CompletableFuture.postComplete(CompletableFuture.java:510)
	at java.base/java.util.concurrent.CompletableFuture.completeExceptionally(CompletableFuture.java:2162)
	at org.apache.ratis.grpc.client.GrpcClientProtocolClient$AsyncStreamObservers.completeReplyExceptionally(GrpcClientProtocolClient.java:394)
	at org.apache.ratis.grpc.client.GrpcClientProtocolClient$AsyncStreamObservers.access$000(GrpcClientProtocolClient.java:300)
	at org.apache.ratis.grpc.client.GrpcClientProtocolClient$AsyncStreamObservers$1.onError(GrpcClientProtocolClient.java:331)
	at org.apache.ratis.thirdparty.io.grpc.stub.ClientCalls$StreamObserverToCallListenerAdapter.onClose(ClientCalls.java:481)
	at org.apache.ratis.thirdparty.io.grpc.PartialForwardingClientCallListener.onClose(PartialForwardingClientCallListener.java:39)
	at org.apache.ratis.thirdparty.io.grpc.ForwardingClientCallListener.onClose(ForwardingClientCallListener.java:23)
	at org.apache.ratis.grpc.metrics.intercept.client.MetricClientCallListener.onClose(MetricClientCallListener.java:47)
	at org.apache.ratis.thirdparty.io.grpc.internal.DelayedClientCall$DelayedListener$3.run(DelayedClientCall.java:489)
	at org.apache.ratis.thirdparty.io.grpc.internal.DelayedClientCall$DelayedListener.delayOrExecute(DelayedClientCall.java:453)
	at org.apache.ratis.thirdparty.io.grpc.internal.DelayedClientCall$DelayedListener.onClose(DelayedClientCall.java:486)
	at org.apache.ratis.thirdparty.io.grpc.internal.ClientCallImpl.closeObserver(ClientCallImpl.java:567)
	at org.apache.ratis.thirdparty.io.grpc.internal.ClientCallImpl.access$300(ClientCallImpl.java:71)
	at org.apache.ratis.thirdparty.io.grpc.internal.ClientCallImpl$ClientStreamListenerImpl$1StreamClosed.runInternal(ClientCallImpl.java:735)
	at org.apache.ratis.thirdparty.io.grpc.internal.ClientCallImpl$ClientStreamListenerImpl$1StreamClosed.runInContext(ClientCallImpl.java:716)
	at org.apache.ratis.thirdparty.io.grpc.internal.ContextRunnable.run(ContextRunnable.java:37)
	at org.apache.ratis.thirdparty.io.grpc.internal.SerializingExecutor.run(SerializingExecutor.java:133)
	at java.base/java.util.concurrent.ThreadPoolExecutor.runWorker(ThreadPoolExecutor.java:1136)
	at java.base/java.util.concurrent.ThreadPoolExecutor$Worker.run(ThreadPoolExecutor.java:635)
	at java.base/java.lang.Thread.run(Thread.java:840)
Caused by: org.apache.ratis.protocol.exceptions.GroupMismatchException: fa054618-3a8f-49b0-93d4-5933c936b659: group-2BFC12537A18 not found.
	at org.apache.ratis.server.impl.RaftServerProxy$ImplMap.get(RaftServerProxy.java:154)
	at org.apache.ratis.server.impl.RaftServerProxy.getImplFuture(RaftServerProxy.java:364)
	at org.apache.ratis.server.impl.RaftServerProxy.submitClientRequestAsync(RaftServerProxy.java:448)
	at org.apache.ratis.grpc.server.GrpcClientProtocolService$RequestStreamObserver.processClientRequest(GrpcClientProtocolService.java:226)
	at org.apache.ratis.grpc.server.GrpcClientProtocolService$OrderedRequestStreamObserver.processClientRequest(GrpcClientProtocolService.java:332)
	at org.apache.ratis.util.SlidingWindow$Server.processRequestsFromHead(SlidingWindow.java:459)
	at org.apache.ratis.util.SlidingWindow$Server.receivedRequest(SlidingWindow.java:451)
	at org.apache.ratis.grpc.server.GrpcClientProtocolService$OrderedRequestStreamObserver.processClientRequest(GrpcClientProtocolService.java:356)
	at org.apache.ratis.grpc.server.GrpcClientProtocolService$RequestStreamObserver.onNext(GrpcClientProtocolService.java:246)
	at org.apache.ratis.grpc.server.GrpcClientProtocolService$RequestStreamObserver.onNext(GrpcClientProtocolService.java:169)
	at org.apache.ratis.thirdparty.io.grpc.stub.ServerCalls$StreamingServerCallHandler$StreamingServerCallListener.onMessage(ServerCalls.java:262)
	at org.apache.ratis.thirdparty.io.grpc.ForwardingServerCallListener.onMessage(ForwardingServerCallListener.java:33)
	at org.apache.ratis.thirdparty.io.grpc.internal.ServerCallImpl$ServerStreamListenerImpl.messagesAvailableInternal(ServerCallImpl.java:329)
	at org.apache.ratis.thirdparty.io.grpc.internal.ServerCallImpl$ServerStreamListenerImpl.messagesAvailable(ServerCallImpl.java:314)
	at org.apache.ratis.thirdparty.io.grpc.internal.ServerImpl$JumpToApplicationThreadServerStreamListener$1MessagesAvailable.runInContext(ServerImpl.java:833)
	... 5 more
2024-05-12 17:46:39,819 [grpc-default-executor-11] ERROR impl.OrderedAsync (OrderedAsync.java:lambda$send$4(177)) - Failed to send request, message=cmdType: PutBlock
traceID: ""
containerID: 1
datanodeUuid: "a0742c66-ae9f-48ce-9181-086e540b3b62"
putBlock {
  blockData {
    blockID {
      containerID: 1
      localID: 113750153625600001
      blockCommitSequenceId: 0
    }
    metadata {
      key: "TYPE"
      value: "KEY"
    }
    chunks {
      chunkName: "113750153625600001_chunk_1"
      offset: 0
      len: 1048576
      checksumData {
        type: CRC32
        bytesPerChecksum: 16384
        checksums: "\326\360U\321"
        checksums: "\326\360U\321"
        checksums: "\326\360U\321"
        checksums: "\326\360U\321"
        checksums: "\326\360U\321"
        checksums: "\326\360U\321"
        checksums: "\326\360U\321"
        checksums: "\326\360U\321"
        checksums: "\326\360U\321"
        checksums: "\326\360U\321"
        checksums: "\326\360U\321"
        checksums: "\326\360U\321"
        checksums: "\326\360U\321"
        checksums: "\326\360U\321"
        checksums: "\326\360U\321"
        checksums: "\326\360U\321"
        checksums: "\326\360U\321"
        checksums: "\326\360U\321"
        checksums: "\326\360U\321"
        checksums: "\326\360U\321"
        checksums: "\326\360U\321"
        checksums: "\326\360U\321"
        checksums: "\326\360U\321"
        checksums: "\326\360U\321"
        checksums: "\326\360U\321"
        checksums: "\326\360U\321"
        checksums: "\326\360U\321"
        checksums: "\326\360U\321"
        checksums: "\326\360U\321"
        checksums: "\326\360U\321"
        checksums: "\326\360U\321"
        checksums: "\326\360U\321"
        checksums: "\326\360U\321"
        checksums: "\326\360U\321"
        checksums: "\326\360U\321"
        checksums: "\326\360U\321"
        checksums: "\326\360U\321"
        checksums: "\326\360U\321"
        checksums: "\326\360U\321"
        checksums: "\326\360U\321"
        checksums: "\326\360U\321"
        checksums: "\326\360U\321"
        checksums: "\326\360U\321"
        checksums: "\326\360U\321"
        checksums: "\326\360U\321"
        checksums: "\326\360U\321"
        checksums: "\326\360U\321"
        checksums: "\326\360U\321"
        checksums: "\326\360U\321"
        checksums: "\326\360U\321"
        checksums: "\326\360U\321"
        checksums: "\326\360U\321"
        checksums: "\326\360U\321"
        checksums: "\326\360U\321"
        checksums: "\326\360U\321"
        checksums: "\326\360U\321"
        checksums: "\326\360U\321"
        checksums: "\326\360U\321"
        checksums: "\326\360U\321"
        checksums: "\326\360U\321"
        checksums: "\326\360U\321"
        checksums: "\326\360U\321"
        checksums: "\326\360U\321"
        checksums: "\326\360U\321"
      }
    }
    chunks {
      chunkName: "113750153625600001_chunk_2"
      offset: 1048576
      len: 1048576
      checksumData {
        type: CRC32
        bytesPerChecksum: 16384
        checksums: "\326\360U\321"
        checksums: "\326\360U\321"
        checksums: "\326\360U\321"
        checksums: "\326\360U\321"
        checksums: "\326\360U\321"
        checksums: "\326\360U\321"
        checksums: "\326\360U\321"
        checksums: "\326\360U\321"
        checksums: "\326\360U\321"
        checksums: "\326\360U\321"
        checksums: "\326\360U\321"
        checksums: "\326\360U\321"
        checksums: "\326\360U\321"
        checksums: "\326\360U\321"
        checksums: "\326\360U\321"
        checksums: "\326\360U\321"
        checksums: "\326\360U\321"
        checksums: "\326\360U\321"
        checksums: "\326\360U\321"
        checksums: "\326\360U\321"
        checksums: "\326\360U\321"
        checksums: "\326\360U\321"
        checksums: "\326\360U\321"
        checksums: "\326\360U\321"
        checksums: "\326\360U\321"
        checksums: "\326\360U\321"
        checksums: "\326\360U\321"
        checksums: "\326\360U\321"
        checksums: "\326\360U\321"
        checksums: "\326\360U\321"
        checksums: "\326\360U\321"
        checksums: "\326\360U\321"
        checksums: "\326\360U\321"
        checksums: "\326\360U\321"
        checksums: "\326\360U\321"
        checksums: "\326\360U\321"
        checksums: "\326\360U\321"
        checksums: "\326\360U\321"
        checksums: "\326\360U\321"
        checksums: "\326\360U\321"
        checksums: "\326\360U\321"
        checksums: "\326\360U\321"
        checksums: "\326\360U\321"
        checksums: "\326\360U\321"
        checksums: "\326\360U\321"
        checksums: "\326\360U\321"
        checksums: "\326\360U\321"
        checksums: "\326\360U\321"
        checksums: "\326\360U\321"
        checksums: "\326\360U\321"
        checksums: "\326\360U\321"
        checksums: "\326\360U\321"
        checksums: "\326\360U\321"
        checksums: "\326\360U\321"
        checksums: "\326\360U\321"
        checksums: "\326\360U\321"
        checksums: "\326\360U\321"
        checksums: "\326\360U\321"
        checksums: "\326\360U\321"
        checksums: "\326\360U\321"
        checksums: "\326\360U\321"
        checksums: "\326\360U\321"
        checksums: "\326\360U\321"
        checksums: "\326\360U\321"
      }
    }
    chunks {
      chunkName: "113750153625600001_chunk_3"
      offset: 2097152
      len: 524288
      checksumData {
        type: CRC32
        bytesPerChecksum: 16384
        checksums: "\326\360U\321"
        checksums: "\326\360U\321"
        checksums: "\326\360U\321"
        checksums: "\326\360U\321"
        checksums: "\326\360U\321"
        checksums: "\326\360U\321"
        checksums: "\326\360U\321"
        checksums: "\326\360U\321"
        checksums: "\326\360U\321"
        checksums: "\326\360U\321"
        checksums: "\326\360U\321"
        checksums: "\326\360U\321"
        checksums: "\326\360U\321"
        checksums: "\326\360U\321"
        checksums: "\326\360U\321"
        checksums: "\326\360U\321"
        checksums: "\326\360U\321"
        checksums: "\326\360U\321"
        checksums: "\326\360U\321"
        checksums: "\326\360U\321"
        checksums: "\326\360U\321"
        checksums: "\326\360U\321"
        checksums: "\326\360U\321"
        checksums: "\326\360U\321"
        checksums: "\326\360U\321"
        checksums: "\326\360U\321"
        checksums: "\326\360U\321"
        checksums: "\326\360U\321"
        checksums: "\326\360U\321"
        checksums: "\326\360U\321"
        checksums: "\326\360U\321"
        checksums: "\253zJ\335"
      }
    }
  }
  eof: true
}
, data.size=0 due to java.util.concurrent.CompletionException: org.apache.ratis.protocol.exceptions.AlreadyClosedException: SlidingWindow$Client:client-0F47AEC6D676->RAFT is closed.
2024-05-12 17:46:39,820 [main] WARN  io.KeyOutputStream (KeyOutputStream.java:handleException(305)) - Encountered exception java.io.IOException: Unexpected Storage Container Exception: java.util.concurrent.CompletionException: Failed to write chunk 113750153625600001_chunk_3 into block conID: 1 locID: 113750153625600001 bcsId: 4 on the pipeline Pipeline[ Id: 6bfef457-b58e-438a-8fe9-2bfc12537a18, Nodes: a0742c66-ae9f-48ce-9181-086e540b3b62(localhost/127.0.0.1)93bda13b-2c91-401a-a9f5-fc4ebb9220da(localhost/127.0.0.1)fa054618-3a8f-49b0-93d4-5933c936b659(localhost/127.0.0.1), ReplicationConfig: RATIS/THREE, State:OPEN, leaderId:fa054618-3a8f-49b0-93d4-5933c936b659, CreationTimestamp2024-05-12T17:41:33.430Z[Etc/UTC]]. The last committed block length is 2097152, uncommitted data length is 524288 retry count 0
2024-05-12 17:46:39,930 [main] INFO  ozone.MiniOzoneClusterImpl (MiniOzoneClusterImpl.java:shutdown(396)) - Shutting down the Mini Ozone Cluster
2024-05-12 17:46:39,930 [main] INFO  db.CodecTestUtil (CodecTestUtil.java:gc(50)) - gc 0
2024-05-12 17:46:40,124 [main] INFO  ozone.MiniOzoneClusterImpl (MiniOzoneClusterImpl.java:stop(412)) - Stopping the Mini Ozone Cluster
2024-05-12 17:46:40,125 [main] INFO  om.OzoneManager (OzoneManager.java:stop(2232)) - om1[localhost:15298]: Stopping Ozone Manager
2024-05-12 17:46:40,125 [main] INFO  ipc.Server (Server.java:stop(3523)) - Stopping server on 15298
2024-05-12 17:46:40,126 [IPC Server listener on 15298] INFO  ipc.Server (Server.java:run(1434)) - Stopping IPC Server listener on 15298
2024-05-12 17:46:40,126 [main] INFO  ratis.OzoneManagerRatisServer (OzoneManagerRatisServer.java:stop(594)) - Stopping org.apache.hadoop.ozone.om.ratis.OzoneManagerRatisServer@668d9b0 at port 15301
2024-05-12 17:46:40,126 [main] INFO  server.RaftServer (RaftServerProxy.java:lambda$close$9(416)) - om1: close
2024-05-12 17:46:40,126 [main] INFO  server.GrpcService (GrpcService.java:closeImpl(311)) - om1: shutdown server GrpcServerProtocolService now
2024-05-12 17:46:40,126 [IPC Server Responder] INFO  ipc.Server (Server.java:run(1567)) - Stopping IPC Server Responder
2024-05-12 17:46:40,127 [om1-impl-thread2] INFO  server.RaftServer$Division (RaftServerImpl.java:lambda$close$3(526)) - om1@group-C5BA1605619E: shutdown
2024-05-12 17:46:40,127 [om1-impl-thread2] INFO  util.JmxRegister (JmxRegister.java:unregister(73)) - Successfully un-registered JMX Bean with object name Ratis:service=RaftServer,group=group-C5BA1605619E,id=om1
2024-05-12 17:46:40,127 [om1-impl-thread2] INFO  impl.RoleInfo (RoleInfo.java:shutdownLeaderState(94)) - om1: shutdown om1@group-C5BA1605619E-LeaderStateImpl
2024-05-12 17:46:40,127 [om1-impl-thread2] INFO  impl.PendingRequests (PendingRequests.java:sendNotLeaderResponses(289)) - om1@group-C5BA1605619E-PendingRequests: sendNotLeaderResponses
2024-05-12 17:46:40,127 [main] INFO  server.GrpcService (GrpcService.java:closeImpl(320)) - om1: shutdown server GrpcServerProtocolService successfully
2024-05-12 17:46:40,127 [om1-impl-thread2] INFO  impl.StateMachineUpdater (StateMachineUpdater.java:stopAndJoin(157)) - om1@group-C5BA1605619E-StateMachineUpdater: set stopIndex = 10
2024-05-12 17:46:40,127 [om1@group-C5BA1605619E-StateMachineUpdater] INFO  ratis.OzoneManagerStateMachine (OzoneManagerStateMachine.java:takeSnapshotImpl(481)) -  applied = (t:1, i:10)
2024-05-12 17:46:40,128 [om1@group-C5BA1605619E-StateMachineUpdater] INFO  ratis.OzoneManagerStateMachine (OzoneManagerStateMachine.java:takeSnapshotImpl(482)) -  skipped = 9
2024-05-12 17:46:40,128 [om1@group-C5BA1605619E-StateMachineUpdater] INFO  ratis.OzoneManagerStateMachine (OzoneManagerStateMachine.java:takeSnapshotImpl(483)) - notified = (t:1, i:10)
2024-05-12 17:46:40,128 [om1@group-C5BA1605619E-StateMachineUpdater] INFO  ratis.OzoneManagerStateMachine (OzoneManagerStateMachine.java:takeSnapshotImpl(484)) - snapshot = (t:1, i:10)
2024-05-12 17:46:40,144 [om1@group-C5BA1605619E-StateMachineUpdater] INFO  impl.StateMachineUpdater (StateMachineUpdater.java:takeSnapshot(295)) - om1@group-C5BA1605619E-StateMachineUpdater: Took a snapshot at index 10
2024-05-12 17:46:40,144 [om1@group-C5BA1605619E-StateMachineUpdater] INFO  impl.StateMachineUpdater (StateMachineUpdater.java:lambda$new$0(98)) - om1@group-C5BA1605619E-StateMachineUpdater: snapshotIndex: updateIncreasingly -1 -> 10
2024-05-12 17:46:40,144 [om1@group-C5BA1605619E-StateMachineUpdater] INFO  ratis.OzoneManagerStateMachine (OzoneManagerStateMachine.java:close(527)) - Stopping OzoneManagerStateMachine:om1:group-C5BA1605619E.
2024-05-12 17:46:40,144 [om1@group-C5BA1605619E-StateMachineUpdater] INFO  ratis.OzoneManagerDoubleBuffer (OzoneManagerDoubleBuffer.java:stopDaemon(517)) - Stopping OMDoubleBuffer flush thread
2024-05-12 17:46:40,144 [om1-OMDoubleBufferFlushThread] INFO  ratis.OzoneManagerDoubleBuffer (OzoneManagerDoubleBuffer.java:canFlush(581)) - OMDoubleBuffer flush thread om1-OMDoubleBufferFlushThread is interrupted and will exit.
2024-05-12 17:46:40,144 [om1-impl-thread2] INFO  server.RaftServer$Division (ServerState.java:close(427)) - om1@group-C5BA1605619E: applyIndex: 10
2024-05-12 17:46:40,144 [om1@group-C5BA1605619E-cacheEviction-AwaitToRun] INFO  util.AwaitToRun (AwaitToRun.java:run(49)) - om1@group-C5BA1605619E-cacheEviction-AwaitToRun-AwaitForSignal is interrupted
2024-05-12 17:46:40,858 [om1-impl-thread2] INFO  segmented.SegmentedRaftLogWorker (SegmentedRaftLogWorker.java:close(245)) - om1@group-C5BA1605619E-SegmentedRaftLogWorker close()
2024-05-12 17:46:40,858 [JvmPauseMonitor37] INFO  util.JvmPauseMonitor (JvmPauseMonitor.java:run(152)) - JvmPauseMonitor-om1: Stopped
2024-05-12 17:46:40,858 [main] INFO  utils.BackgroundService (BackgroundService.java:shutdown(160)) - Shutting down service KeyDeletingService
2024-05-12 17:46:40,858 [main] INFO  utils.BackgroundService (BackgroundService.java:shutdown(160)) - Shutting down service DirectoryDeletingService
2024-05-12 17:46:40,859 [main] INFO  utils.BackgroundService (BackgroundService.java:shutdown(160)) - Shutting down service OpenKeyCleanupService
2024-05-12 17:46:40,859 [main] INFO  utils.BackgroundService (BackgroundService.java:shutdown(160)) - Shutting down service SstFilteringService
2024-05-12 17:46:40,859 [main] INFO  utils.BackgroundService (BackgroundService.java:shutdown(160)) - Shutting down service SnapshotDeletingService
2024-05-12 17:46:40,859 [main] INFO  utils.BackgroundService (BackgroundService.java:shutdown(160)) - Shutting down service MultipartUploadCleanupService
2024-05-12 17:46:40,859 [main] INFO  utils.BackgroundService (BackgroundService.java:shutdown(160)) - Shutting down service SnapshotDirectoryCleaningService
2024-05-12 17:46:40,860 [main] INFO  handler.ContextHandler (ContextHandler.java:doStop(1159)) - Stopped o.e.j.w.WebAppContext@1eba2b8d{ozoneManager,/,null,STOPPED}{file:/home/runner/work/ozone/ozone/hadoop-ozone/integration-test/target/test-classes/webapps/ozoneManager}
2024-05-12 17:46:40,860 [main] INFO  server.AbstractConnector (AbstractConnector.java:doStop(383)) - Stopped ServerConnector@1b96f15e{HTTP/1.1, (http/1.1)}{0.0.0.0:15299}
2024-05-12 17:46:40,860 [main] INFO  server.session (HouseKeeper.java:stopScavenging(149)) - node0 Stopped scavenging
2024-05-12 17:46:40,860 [main] INFO  handler.ContextHandler (ContextHandler.java:doStop(1159)) - Stopped o.e.j.s.ServletContextHandler@1235086c{static,/static,file:///home/runner/work/ozone/ozone/hadoop-ozone/integration-test/target/test-classes/webapps/static,STOPPED}
2024-05-12 17:46:40,861 [main] INFO  handler.ContextHandler (ContextHandler.java:doStop(1159)) - Stopped o.e.j.s.ServletContextHandler@29770835{logs,/logs,file:///home/runner/work/ozone/ozone/hadoop-ozone/integration-test/target/log,STOPPED}
2024-05-12 17:46:40,861 [main] INFO  rocksdiff.RocksDBCheckpointDiffer (RocksDBCheckpointDiffer.java:close(309)) - Shutting down CompactionDagPruningService.
2024-05-12 17:46:40,862 [main] INFO  snapshot.SnapshotDiffManager (SnapshotDiffManager.java:closeExecutorService(1657)) - Shutting down executorService: 'SnapDiffExecutor'
2024-05-12 17:46:40,862 [main] INFO  utils.BackgroundService (BackgroundService.java:shutdown(160)) - Shutting down service SnapshotDiffCleanupService
2024-05-12 17:46:40,863 [main] INFO  ozone.MiniOzoneClusterImpl (MiniOzoneClusterImpl.java:stopDatanodes(471)) - Stopping the HddsDatanodes
2024-05-12 17:46:40,864 [main] INFO  ozoneimpl.OzoneContainer (OzoneContainer.java:stop(481)) - Attempting to stop container services.
2024-05-12 17:46:40,865 [ForkJoinPool.commonPool-worker-7] INFO  ozoneimpl.OzoneContainer (OzoneContainer.java:stop(481)) - Attempting to stop container services.
2024-05-12 17:46:40,865 [ContainerMetadataScanner] WARN  ozoneimpl.AbstractBackgroundContainerScanner (AbstractBackgroundContainerScanner.java:handleRemainingSleep(134)) - Background container scan was interrupted.
2024-05-12 17:46:40,865 [ContainerMetadataScanner] INFO  ozoneimpl.AbstractBackgroundContainerScanner (AbstractBackgroundContainerScanner.java:run(61)) - Thread[ContainerMetadataScanner,5,main] exiting.
2024-05-12 17:46:40,864 [ForkJoinPool.commonPool-worker-2] INFO  ozoneimpl.OzoneContainer (OzoneContainer.java:stop(481)) - Attempting to stop container services.
2024-05-12 17:46:40,866 [ContainerMetadataScanner] WARN  ozoneimpl.AbstractBackgroundContainerScanner (AbstractBackgroundContainerScanner.java:handleRemainingSleep(134)) - Background container scan was interrupted.
2024-05-12 17:46:40,866 [ContainerMetadataScanner] INFO  ozoneimpl.AbstractBackgroundContainerScanner (AbstractBackgroundContainerScanner.java:run(61)) - Thread[ContainerMetadataScanner,5,main] exiting.
2024-05-12 17:46:40,866 [main] INFO  ozoneimpl.BackgroundContainerDataScanner (BackgroundContainerDataScanner.java:shutdown(141)) - ContainerDataScanner(/home/runner/work/ozone/ozone/hadoop-ozone/integration-test/target/test-dir/MiniOzoneClusterImpl-71ef5771-1bca-432b-8888-38dc3c8d5d63/ozone-meta/datanode-6/data-0/hdds) is shutting down. 
2024-05-12 17:46:40,865 [ContainerMetadataScanner] WARN  ozoneimpl.AbstractBackgroundContainerScanner (AbstractBackgroundContainerScanner.java:handleRemainingSleep(134)) - Background container scan was interrupted.
2024-05-12 17:46:40,866 [ContainerDataScanner(/home/runner/work/ozone/ozone/hadoop-ozone/integration-test/target/test-dir/MiniOzoneClusterImpl-71ef5771-1bca-432b-8888-38dc3c8d5d63/ozone-meta/datanode-6/data-0/hdds)] WARN  ozoneimpl.AbstractBackgroundContainerScanner (AbstractBackgroundContainerScanner.java:handleRemainingSleep(134)) - Background container scan was interrupted.
2024-05-12 17:46:40,866 [ForkJoinPool.commonPool-worker-8] INFO  ozoneimpl.OzoneContainer (OzoneContainer.java:stop(481)) - Attempting to stop container services.
2024-05-12 17:46:40,866 [ForkJoinPool.commonPool-worker-2] INFO  ozoneimpl.BackgroundContainerDataScanner (BackgroundContainerDataScanner.java:shutdown(141)) - ContainerDataScanner(/home/runner/work/ozone/ozone/hadoop-ozone/integration-test/target/test-dir/MiniOzoneClusterImpl-71ef5771-1bca-432b-8888-38dc3c8d5d63/ozone-meta/datanode-2/data-0/hdds) is shutting down. 
2024-05-12 17:46:40,867 [ContainerMetadataScanner] WARN  ozoneimpl.AbstractBackgroundContainerScanner (AbstractBackgroundContainerScanner.java:handleRemainingSleep(134)) - Background container scan was interrupted.
2024-05-12 17:46:40,867 [ContainerDataScanner(/home/runner/work/ozone/ozone/hadoop-ozone/integration-test/target/test-dir/MiniOzoneClusterImpl-71ef5771-1bca-432b-8888-38dc3c8d5d63/ozone-meta/datanode-2/data-0/hdds)] WARN  ozoneimpl.AbstractBackgroundContainerScanner (AbstractBackgroundContainerScanner.java:handleRemainingSleep(134)) - Background container scan was interrupted.
2024-05-12 17:46:40,867 [ContainerMetadataScanner] INFO  ozoneimpl.AbstractBackgroundContainerScanner (AbstractBackgroundContainerScanner.java:run(61)) - Thread[ContainerMetadataScanner,5,main] exiting.
2024-05-12 17:46:40,867 [ContainerDataScanner(/home/runner/work/ozone/ozone/hadoop-ozone/integration-test/target/test-dir/MiniOzoneClusterImpl-71ef5771-1bca-432b-8888-38dc3c8d5d63/ozone-meta/datanode-6/data-0/hdds)] INFO  ozoneimpl.AbstractBackgroundContainerScanner (AbstractBackgroundContainerScanner.java:run(61)) - ContainerDataScanner(/home/runner/work/ozone/ozone/hadoop-ozone/integration-test/target/test-dir/MiniOzoneClusterImpl-71ef5771-1bca-432b-8888-38dc3c8d5d63/ozone-meta/datanode-6/data-0/hdds, DS-ecffac56-7014-40de-88fa-54768e642694) exiting.
2024-05-12 17:46:40,867 [ContainerDataScanner(/home/runner/work/ozone/ozone/hadoop-ozone/integration-test/target/test-dir/MiniOzoneClusterImpl-71ef5771-1bca-432b-8888-38dc3c8d5d63/ozone-meta/datanode-2/data-0/hdds)] INFO  ozoneimpl.AbstractBackgroundContainerScanner (AbstractBackgroundContainerScanner.java:run(61)) - ContainerDataScanner(/home/runner/work/ozone/ozone/hadoop-ozone/integration-test/target/test-dir/MiniOzoneClusterImpl-71ef5771-1bca-432b-8888-38dc3c8d5d63/ozone-meta/datanode-2/data-0/hdds, DS-ab6f7da1-2586-460e-903a-1a2713c9f9fa) exiting.
2024-05-12 17:46:40,867 [ContainerMetadataScanner] INFO  ozoneimpl.AbstractBackgroundContainerScanner (AbstractBackgroundContainerScanner.java:run(61)) - Thread[ContainerMetadataScanner,5,main] exiting.
2024-05-12 17:46:40,867 [main] INFO  server.RaftServer (RaftServerProxy.java:lambda$close$9(416)) - 2ef8d649-4864-4b9a-81a6-122cf2174905: close
2024-05-12 17:46:40,867 [ForkJoinPool.commonPool-worker-8] INFO  ozoneimpl.BackgroundContainerDataScanner (BackgroundContainerDataScanner.java:shutdown(141)) - ContainerDataScanner(/home/runner/work/ozone/ozone/hadoop-ozone/integration-test/target/test-dir/MiniOzoneClusterImpl-71ef5771-1bca-432b-8888-38dc3c8d5d63/ozone-meta/datanode-5/data-0/hdds) is shutting down. 
2024-05-12 17:46:40,868 [2ef8d649-4864-4b9a-81a6-122cf2174905-impl-thread2] INFO  server.RaftServer$Division (RaftServerImpl.java:lambda$close$3(526)) - 2ef8d649-4864-4b9a-81a6-122cf2174905@group-EE852451A390: shutdown
2024-05-12 17:46:40,867 [ForkJoinPool.commonPool-worker-2] INFO  server.RaftServer (RaftServerProxy.java:lambda$close$9(416)) - b7336ce2-a724-4c4a-8025-d323d27fa237: close
2024-05-12 17:46:40,868 [2ef8d649-4864-4b9a-81a6-122cf2174905-impl-thread2] INFO  util.JmxRegister (JmxRegister.java:unregister(73)) - Successfully un-registered JMX Bean with object name Ratis:service=RaftServer,group=group-EE852451A390,id=2ef8d649-4864-4b9a-81a6-122cf2174905
2024-05-12 17:46:40,868 [2ef8d649-4864-4b9a-81a6-122cf2174905-impl-thread2] INFO  impl.RoleInfo (RoleInfo.java:shutdownFollowerState(110)) - 2ef8d649-4864-4b9a-81a6-122cf2174905: shutdown 2ef8d649-4864-4b9a-81a6-122cf2174905@group-EE852451A390-FollowerState
2024-05-12 17:46:40,868 [ContainerDataScanner(/home/runner/work/ozone/ozone/hadoop-ozone/integration-test/target/test-dir/MiniOzoneClusterImpl-71ef5771-1bca-432b-8888-38dc3c8d5d63/ozone-meta/datanode-5/data-0/hdds)] WARN  ozoneimpl.AbstractBackgroundContainerScanner (AbstractBackgroundContainerScanner.java:handleRemainingSleep(134)) - Background container scan was interrupted.
2024-05-12 17:46:40,868 [ContainerDataScanner(/home/runner/work/ozone/ozone/hadoop-ozone/integration-test/target/test-dir/MiniOzoneClusterImpl-71ef5771-1bca-432b-8888-38dc3c8d5d63/ozone-meta/datanode-5/data-0/hdds)] INFO  ozoneimpl.AbstractBackgroundContainerScanner (AbstractBackgroundContainerScanner.java:run(61)) - ContainerDataScanner(/home/runner/work/ozone/ozone/hadoop-ozone/integration-test/target/test-dir/MiniOzoneClusterImpl-71ef5771-1bca-432b-8888-38dc3c8d5d63/ozone-meta/datanode-5/data-0/hdds, DS-c36a734b-7558-4b36-8a60-6b60a15be8c4) exiting.
2024-05-12 17:46:40,868 [2ef8d649-4864-4b9a-81a6-122cf2174905@group-EE852451A390-FollowerState] INFO  impl.FollowerState (FollowerState.java:run(152)) - 2ef8d649-4864-4b9a-81a6-122cf2174905@group-EE852451A390-FollowerState was interrupted
2024-05-12 17:46:40,868 [ForkJoinPool.commonPool-worker-7] INFO  ozoneimpl.BackgroundContainerDataScanner (BackgroundContainerDataScanner.java:shutdown(141)) - ContainerDataScanner(/home/runner/work/ozone/ozone/hadoop-ozone/integration-test/target/test-dir/MiniOzoneClusterImpl-71ef5771-1bca-432b-8888-38dc3c8d5d63/ozone-meta/datanode-3/data-0/hdds) is shutting down. 
2024-05-12 17:46:40,868 [2ef8d649-4864-4b9a-81a6-122cf2174905-impl-thread2] INFO  impl.StateMachineUpdater (StateMachineUpdater.java:stopAndJoin(157)) - 2ef8d649-4864-4b9a-81a6-122cf2174905@group-EE852451A390-StateMachineUpdater: set stopIndex = 0
2024-05-12 17:46:40,868 [2ef8d649-4864-4b9a-81a6-122cf2174905@group-EE852451A390-StateMachineUpdater] INFO  ratis.ContainerStateMachine (ContainerStateMachine.java:takeSnapshot(355)) - group-EE852451A390: Taking a snapshot at:(t:1, i:0) file /home/runner/work/ozone/ozone/hadoop-ozone/integration-test/target/test-dir/MiniOzoneClusterImpl-71ef5771-1bca-432b-8888-38dc3c8d5d63/ozone-meta/datanode-6/ratis/be042fe2-0951-454f-affe-ee852451a390/sm/snapshot.1_0
2024-05-12 17:46:40,868 [2ef8d649-4864-4b9a-81a6-122cf2174905-impl-thread3] INFO  server.RaftServer$Division (RaftServerImpl.java:lambda$close$3(526)) - 2ef8d649-4864-4b9a-81a6-122cf2174905@group-3A7C072B2D7F: shutdown
2024-05-12 17:46:40,869 [2ef8d649-4864-4b9a-81a6-122cf2174905-impl-thread3] INFO  util.JmxRegister (JmxRegister.java:unregister(73)) - Successfully un-registered JMX Bean with object name Ratis:service=RaftServer,group=group-3A7C072B2D7F,id=2ef8d649-4864-4b9a-81a6-122cf2174905
2024-05-12 17:46:40,869 [2ef8d649-4864-4b9a-81a6-122cf2174905-impl-thread3] INFO  impl.RoleInfo (RoleInfo.java:shutdownLeaderState(94)) - 2ef8d649-4864-4b9a-81a6-122cf2174905: shutdown 2ef8d649-4864-4b9a-81a6-122cf2174905@group-3A7C072B2D7F-LeaderStateImpl
2024-05-12 17:46:40,869 [2ef8d649-4864-4b9a-81a6-122cf2174905-impl-thread3] INFO  impl.PendingRequests (PendingRequests.java:sendNotLeaderResponses(289)) - 2ef8d649-4864-4b9a-81a6-122cf2174905@group-3A7C072B2D7F-PendingRequests: sendNotLeaderResponses
2024-05-12 17:46:40,869 [2ef8d649-4864-4b9a-81a6-122cf2174905-impl-thread4] INFO  server.RaftServer$Division (RaftServerImpl.java:lambda$close$3(526)) - 2ef8d649-4864-4b9a-81a6-122cf2174905@group-F7FC422C7F28: shutdown
2024-05-12 17:46:40,869 [2ef8d649-4864-4b9a-81a6-122cf2174905-impl-thread4] INFO  util.JmxRegister (JmxRegister.java:unregister(73)) - Successfully un-registered JMX Bean with object name Ratis:service=RaftServer,group=group-F7FC422C7F28,id=2ef8d649-4864-4b9a-81a6-122cf2174905
2024-05-12 17:46:40,869 [2ef8d649-4864-4b9a-81a6-122cf2174905@group-EE852451A390-StateMachineUpdater] INFO  ratis.ContainerStateMachine (ContainerStateMachine.java:takeSnapshot(366)) - group-EE852451A390: Finished taking a snapshot at:(t:1, i:0) file:/home/runner/work/ozone/ozone/hadoop-ozone/integration-test/target/test-dir/MiniOzoneClusterImpl-71ef5771-1bca-432b-8888-38dc3c8d5d63/ozone-meta/datanode-6/ratis/be042fe2-0951-454f-affe-ee852451a390/sm/snapshot.1_0 took: 1 ms
2024-05-12 17:46:40,870 [2ef8d649-4864-4b9a-81a6-122cf2174905@group-EE852451A390-StateMachineUpdater] INFO  impl.StateMachineUpdater (StateMachineUpdater.java:takeSnapshot(295)) - 2ef8d649-4864-4b9a-81a6-122cf2174905@group-EE852451A390-StateMachineUpdater: Took a snapshot at index 0
2024-05-12 17:46:40,870 [2ef8d649-4864-4b9a-81a6-122cf2174905@group-EE852451A390-StateMachineUpdater] INFO  impl.StateMachineUpdater (StateMachineUpdater.java:lambda$new$0(98)) - 2ef8d649-4864-4b9a-81a6-122cf2174905@group-EE852451A390-StateMachineUpdater: snapshotIndex: updateIncreasingly -1 -> 0
2024-05-12 17:46:40,870 [b7336ce2-a724-4c4a-8025-d323d27fa237-impl-thread4] INFO  server.RaftServer$Division (RaftServerImpl.java:lambda$close$3(526)) - b7336ce2-a724-4c4a-8025-d323d27fa237@group-427D53FA2E43: shutdown
2024-05-12 17:46:40,870 [2ef8d649-4864-4b9a-81a6-122cf2174905@group-3A7C072B2D7F-StateMachineUpdater] INFO  ratis.ContainerStateMachine (ContainerStateMachine.java:takeSnapshot(355)) - group-3A7C072B2D7F: Taking a snapshot at:(t:1, i:0) file /home/runner/work/ozone/ozone/hadoop-ozone/integration-test/target/test-dir/MiniOzoneClusterImpl-71ef5771-1bca-432b-8888-38dc3c8d5d63/ozone-meta/datanode-6/ratis/e7c6f6b6-8a82-428b-8774-3a7c072b2d7f/sm/snapshot.1_0
2024-05-12 17:46:40,870 [2ef8d649-4864-4b9a-81a6-122cf2174905-impl-thread2] INFO  server.RaftServer$Division (ServerState.java:close(427)) - 2ef8d649-4864-4b9a-81a6-122cf2174905@group-EE852451A390: applyIndex: 0
2024-05-12 17:46:40,869 [ForkJoinPool.commonPool-worker-8] INFO  server.RaftServer (RaftServerProxy.java:lambda$close$9(416)) - d999a49d-42de-484c-a75f-ffa132e9c3a5: close
2024-05-12 17:46:40,868 [ContainerDataScanner(/home/runner/work/ozone/ozone/hadoop-ozone/integration-test/target/test-dir/MiniOzoneClusterImpl-71ef5771-1bca-432b-8888-38dc3c8d5d63/ozone-meta/datanode-3/data-0/hdds)] WARN  ozoneimpl.AbstractBackgroundContainerScanner (AbstractBackgroundContainerScanner.java:handleRemainingSleep(134)) - Background container scan was interrupted.
2024-05-12 17:46:40,870 [ContainerDataScanner(/home/runner/work/ozone/ozone/hadoop-ozone/integration-test/target/test-dir/MiniOzoneClusterImpl-71ef5771-1bca-432b-8888-38dc3c8d5d63/ozone-meta/datanode-3/data-0/hdds)] INFO  ozoneimpl.AbstractBackgroundContainerScanner (AbstractBackgroundContainerScanner.java:run(61)) - ContainerDataScanner(/home/runner/work/ozone/ozone/hadoop-ozone/integration-test/target/test-dir/MiniOzoneClusterImpl-71ef5771-1bca-432b-8888-38dc3c8d5d63/ozone-meta/datanode-3/data-0/hdds, DS-098c289b-f7b8-484e-85eb-c4e4b7b68464) exiting.
2024-05-12 17:46:40,870 [2ef8d649-4864-4b9a-81a6-122cf2174905@group-3A7C072B2D7F-StateMachineUpdater] INFO  ratis.ContainerStateMachine (ContainerStateMachine.java:takeSnapshot(366)) - group-3A7C072B2D7F: Finished taking a snapshot at:(t:1, i:0) file:/home/runner/work/ozone/ozone/hadoop-ozone/integration-test/target/test-dir/MiniOzoneClusterImpl-71ef5771-1bca-432b-8888-38dc3c8d5d63/ozone-meta/datanode-6/ratis/e7c6f6b6-8a82-428b-8774-3a7c072b2d7f/sm/snapshot.1_0 took: 1 ms
2024-05-12 17:46:40,870 [d999a49d-42de-484c-a75f-ffa132e9c3a5-impl-thread2] INFO  server.RaftServer$Division (RaftServerImpl.java:lambda$close$3(526)) - d999a49d-42de-484c-a75f-ffa132e9c3a5@group-7FE7C0D455A4: shutdown
2024-05-12 17:46:40,870 [d999a49d-42de-484c-a75f-ffa132e9c3a5-impl-thread2] INFO  util.JmxRegister (JmxRegister.java:unregister(73)) - Successfully un-registered JMX Bean with object name Ratis:service=RaftServer,group=group-7FE7C0D455A4,id=d999a49d-42de-484c-a75f-ffa132e9c3a5
2024-05-12 17:46:40,871 [d999a49d-42de-484c-a75f-ffa132e9c3a5-impl-thread2] INFO  impl.RoleInfo (RoleInfo.java:shutdownLeaderState(94)) - d999a49d-42de-484c-a75f-ffa132e9c3a5: shutdown d999a49d-42de-484c-a75f-ffa132e9c3a5@group-7FE7C0D455A4-LeaderStateImpl
2024-05-12 17:46:40,868 [ForkJoinPool.commonPool-worker-2] INFO  server.GrpcService (GrpcService.java:closeImpl(311)) - b7336ce2-a724-4c4a-8025-d323d27fa237: shutdown server org.apache.ratis.grpc.server.GrpcClientProtocolService now
2024-05-12 17:46:40,871 [d999a49d-42de-484c-a75f-ffa132e9c3a5-impl-thread2] INFO  impl.PendingRequests (PendingRequests.java:sendNotLeaderResponses(289)) - d999a49d-42de-484c-a75f-ffa132e9c3a5@group-7FE7C0D455A4-PendingRequests: sendNotLeaderResponses
2024-05-12 17:46:40,871 [ForkJoinPool.commonPool-worker-8] INFO  server.GrpcService (GrpcService.java:closeImpl(311)) - d999a49d-42de-484c-a75f-ffa132e9c3a5: shutdown server org.apache.ratis.grpc.server.GrpcClientProtocolService now
2024-05-12 17:46:40,871 [d999a49d-42de-484c-a75f-ffa132e9c3a5-impl-thread4] INFO  server.RaftServer$Division (RaftServerImpl.java:lambda$close$3(526)) - d999a49d-42de-484c-a75f-ffa132e9c3a5@group-F7FC422C7F28: shutdown
2024-05-12 17:46:40,871 [d999a49d-42de-484c-a75f-ffa132e9c3a5-impl-thread4] INFO  util.JmxRegister (JmxRegister.java:unregister(73)) - Successfully un-registered JMX Bean with object name Ratis:service=RaftServer,group=group-F7FC422C7F28,id=d999a49d-42de-484c-a75f-ffa132e9c3a5
2024-05-12 17:46:40,871 [d999a49d-42de-484c-a75f-ffa132e9c3a5-impl-thread4] INFO  impl.RoleInfo (RoleInfo.java:shutdownFollowerState(110)) - d999a49d-42de-484c-a75f-ffa132e9c3a5: shutdown d999a49d-42de-484c-a75f-ffa132e9c3a5@group-F7FC422C7F28-FollowerState
2024-05-12 17:46:40,871 [d999a49d-42de-484c-a75f-ffa132e9c3a5-impl-thread4] INFO  impl.StateMachineUpdater (StateMachineUpdater.java:stopAndJoin(157)) - d999a49d-42de-484c-a75f-ffa132e9c3a5@group-F7FC422C7F28-StateMachineUpdater: set stopIndex = 0
2024-05-12 17:46:40,871 [d999a49d-42de-484c-a75f-ffa132e9c3a5@group-F7FC422C7F28-StateMachineUpdater] INFO  ratis.ContainerStateMachine (ContainerStateMachine.java:takeSnapshot(355)) - group-F7FC422C7F28: Taking a snapshot at:(t:1, i:0) file /home/runner/work/ozone/ozone/hadoop-ozone/integration-test/target/test-dir/MiniOzoneClusterImpl-71ef5771-1bca-432b-8888-38dc3c8d5d63/ozone-meta/datanode-5/ratis/aea16cb5-2fb9-4400-8f02-f7fc422c7f28/sm/snapshot.1_0
2024-05-12 17:46:40,871 [Thread-6592] INFO  server.GrpcServerProtocolClient (GrpcServerProtocolClient.java:close(103)) - d0e7fafe-f667-41fb-a16a-ecd1bcb446b6 Close channels
2024-05-12 17:46:40,871 [d999a49d-42de-484c-a75f-ffa132e9c3a5-impl-thread3] INFO  server.RaftServer$Division (RaftServerImpl.java:lambda$close$3(526)) - d999a49d-42de-484c-a75f-ffa132e9c3a5@group-EE852451A390: shutdown
2024-05-12 17:46:40,870 [ForkJoinPool.commonPool-worker-7] INFO  server.RaftServer (RaftServerProxy.java:lambda$close$9(416)) - 89a6d998-d419-473a-a6ed-8243f7f30d05: close
2024-05-12 17:46:40,870 [2ef8d649-4864-4b9a-81a6-122cf2174905@group-3A7C072B2D7F-StateMachineUpdater] INFO  impl.StateMachineUpdater (StateMachineUpdater.java:takeSnapshot(295)) - 2ef8d649-4864-4b9a-81a6-122cf2174905@group-3A7C072B2D7F-StateMachineUpdater: Took a snapshot at index 0
2024-05-12 17:46:40,870 [2ef8d649-4864-4b9a-81a6-122cf2174905@group-EE852451A390-cacheEviction-AwaitToRun] INFO  util.AwaitToRun (AwaitToRun.java:run(49)) - 2ef8d649-4864-4b9a-81a6-122cf2174905@group-EE852451A390-cacheEviction-AwaitToRun-AwaitForSignal is interrupted
2024-05-12 17:46:40,870 [b7336ce2-a724-4c4a-8025-d323d27fa237-impl-thread4] INFO  util.JmxRegister (JmxRegister.java:unregister(73)) - Successfully un-registered JMX Bean with object name Ratis:service=RaftServer,group=group-427D53FA2E43,id=b7336ce2-a724-4c4a-8025-d323d27fa237
2024-05-12 17:46:40,872 [b7336ce2-a724-4c4a-8025-d323d27fa237-impl-thread4] INFO  impl.RoleInfo (RoleInfo.java:shutdownFollowerState(110)) - b7336ce2-a724-4c4a-8025-d323d27fa237: shutdown b7336ce2-a724-4c4a-8025-d323d27fa237@group-427D53FA2E43-FollowerState
2024-05-12 17:46:40,872 [b7336ce2-a724-4c4a-8025-d323d27fa237-impl-thread4] INFO  impl.StateMachineUpdater (StateMachineUpdater.java:stopAndJoin(157)) - b7336ce2-a724-4c4a-8025-d323d27fa237@group-427D53FA2E43-StateMachineUpdater: set stopIndex = 0
2024-05-12 17:46:40,872 [d999a49d-42de-484c-a75f-ffa132e9c3a5-impl-thread3] INFO  util.JmxRegister (JmxRegister.java:unregister(73)) - Successfully un-registered JMX Bean with object name Ratis:service=RaftServer,group=group-EE852451A390,id=d999a49d-42de-484c-a75f-ffa132e9c3a5
2024-05-12 17:46:40,870 [2ef8d649-4864-4b9a-81a6-122cf2174905-impl-thread3] INFO  impl.StateMachineUpdater (StateMachineUpdater.java:stopAndJoin(157)) - 2ef8d649-4864-4b9a-81a6-122cf2174905@group-3A7C072B2D7F-StateMachineUpdater: set stopIndex = 0
2024-05-12 17:46:40,869 [2ef8d649-4864-4b9a-81a6-122cf2174905-impl-thread4] INFO  impl.RoleInfo (RoleInfo.java:shutdownFollowerState(110)) - 2ef8d649-4864-4b9a-81a6-122cf2174905: shutdown 2ef8d649-4864-4b9a-81a6-122cf2174905@group-F7FC422C7F28-FollowerState
2024-05-12 17:46:40,872 [2ef8d649-4864-4b9a-81a6-122cf2174905-impl-thread4] INFO  impl.StateMachineUpdater (StateMachineUpdater.java:stopAndJoin(157)) - 2ef8d649-4864-4b9a-81a6-122cf2174905@group-F7FC422C7F28-StateMachineUpdater: set stopIndex = 0
2024-05-12 17:46:40,872 [2ef8d649-4864-4b9a-81a6-122cf2174905@group-F7FC422C7F28-StateMachineUpdater] INFO  ratis.ContainerStateMachine (ContainerStateMachine.java:takeSnapshot(355)) - group-F7FC422C7F28: Taking a snapshot at:(t:1, i:0) file /home/runner/work/ozone/ozone/hadoop-ozone/integration-test/target/test-dir/MiniOzoneClusterImpl-71ef5771-1bca-432b-8888-38dc3c8d5d63/ozone-meta/datanode-6/ratis/aea16cb5-2fb9-4400-8f02-f7fc422c7f28/sm/snapshot.1_0
2024-05-12 17:46:40,872 [2ef8d649-4864-4b9a-81a6-122cf2174905@group-F7FC422C7F28-FollowerState] INFO  impl.FollowerState (FollowerState.java:run(152)) - 2ef8d649-4864-4b9a-81a6-122cf2174905@group-F7FC422C7F28-FollowerState was interrupted
2024-05-12 17:46:40,869 [main] INFO  server.GrpcService (GrpcService.java:closeImpl(311)) - 2ef8d649-4864-4b9a-81a6-122cf2174905: shutdown server org.apache.ratis.grpc.server.GrpcClientProtocolService now
2024-05-12 17:46:40,872 [d999a49d-42de-484c-a75f-ffa132e9c3a5-impl-thread3] INFO  impl.RoleInfo (RoleInfo.java:shutdownLeaderState(94)) - d999a49d-42de-484c-a75f-ffa132e9c3a5: shutdown d999a49d-42de-484c-a75f-ffa132e9c3a5@group-EE852451A390-LeaderStateImpl
2024-05-12 17:46:40,872 [b7336ce2-a724-4c4a-8025-d323d27fa237@group-427D53FA2E43-StateMachineUpdater] INFO  ratis.ContainerStateMachine (ContainerStateMachine.java:takeSnapshot(355)) - group-427D53FA2E43: Taking a snapshot at:(t:1, i:0) file /home/runner/work/ozone/ozone/hadoop-ozone/integration-test/target/test-dir/MiniOzoneClusterImpl-71ef5771-1bca-432b-8888-38dc3c8d5d63/ozone-meta/datanode-2/ratis/8e046cd9-2b7e-4505-b18c-427d53fa2e43/sm/snapshot.1_0
2024-05-12 17:46:40,872 [d999a49d-42de-484c-a75f-ffa132e9c3a5-impl-thread3] INFO  impl.PendingRequests (PendingRequests.java:sendNotLeaderResponses(289)) - d999a49d-42de-484c-a75f-ffa132e9c3a5@group-EE852451A390-PendingRequests: sendNotLeaderResponses
2024-05-12 17:46:40,872 [b7336ce2-a724-4c4a-8025-d323d27fa237@group-427D53FA2E43-FollowerState] INFO  impl.FollowerState (FollowerState.java:run(152)) - b7336ce2-a724-4c4a-8025-d323d27fa237@group-427D53FA2E43-FollowerState was interrupted
2024-05-12 17:46:40,873 [2ef8d649-4864-4b9a-81a6-122cf2174905@group-F7FC422C7F28-StateMachineUpdater] INFO  ratis.ContainerStateMachine (ContainerStateMachine.java:takeSnapshot(366)) - group-F7FC422C7F28: Finished taking a snapshot at:(t:1, i:0) file:/home/runner/work/ozone/ozone/hadoop-ozone/integration-test/target/test-dir/MiniOzoneClusterImpl-71ef5771-1bca-432b-8888-38dc3c8d5d63/ozone-meta/datanode-6/ratis/aea16cb5-2fb9-4400-8f02-f7fc422c7f28/sm/snapshot.1_0 took: 1 ms
2024-05-12 17:46:40,872 [d999a49d-42de-484c-a75f-ffa132e9c3a5@group-F7FC422C7F28-StateMachineUpdater] INFO  ratis.ContainerStateMachine (ContainerStateMachine.java:takeSnapshot(366)) - group-F7FC422C7F28: Finished taking a snapshot at:(t:1, i:0) file:/home/runner/work/ozone/ozone/hadoop-ozone/integration-test/target/test-dir/MiniOzoneClusterImpl-71ef5771-1bca-432b-8888-38dc3c8d5d63/ozone-meta/datanode-5/ratis/aea16cb5-2fb9-4400-8f02-f7fc422c7f28/sm/snapshot.1_0 took: 1 ms
2024-05-12 17:46:40,873 [d999a49d-42de-484c-a75f-ffa132e9c3a5@group-F7FC422C7F28-StateMachineUpdater] INFO  impl.StateMachineUpdater (StateMachineUpdater.java:takeSnapshot(295)) - d999a49d-42de-484c-a75f-ffa132e9c3a5@group-F7FC422C7F28-StateMachineUpdater: Took a snapshot at index 0
2024-05-12 17:46:40,873 [d999a49d-42de-484c-a75f-ffa132e9c3a5@group-F7FC422C7F28-StateMachineUpdater] INFO  impl.StateMachineUpdater (StateMachineUpdater.java:lambda$new$0(98)) - d999a49d-42de-484c-a75f-ffa132e9c3a5@group-F7FC422C7F28-StateMachineUpdater: snapshotIndex: updateIncreasingly -1 -> 0
2024-05-12 17:46:40,873 [Thread-6593] INFO  server.GrpcServerProtocolClient (GrpcServerProtocolClient.java:close(103)) - 2ef8d649-4864-4b9a-81a6-122cf2174905 Close channels
2024-05-12 17:46:40,872 [2ef8d649-4864-4b9a-81a6-122cf2174905@group-3A7C072B2D7F-StateMachineUpdater] INFO  impl.StateMachineUpdater (StateMachineUpdater.java:lambda$new$0(98)) - 2ef8d649-4864-4b9a-81a6-122cf2174905@group-3A7C072B2D7F-StateMachineUpdater: snapshotIndex: updateIncreasingly -1 -> 0
2024-05-12 17:46:40,871 [d999a49d-42de-484c-a75f-ffa132e9c3a5@group-7FE7C0D455A4-StateMachineUpdater] INFO  ratis.ContainerStateMachine (ContainerStateMachine.java:takeSnapshot(355)) - group-7FE7C0D455A4: Taking a snapshot at:(t:1, i:0) file /home/runner/work/ozone/ozone/hadoop-ozone/integration-test/target/test-dir/MiniOzoneClusterImpl-71ef5771-1bca-432b-8888-38dc3c8d5d63/ozone-meta/datanode-5/ratis/2fe8376c-e2ca-453f-99e4-7fe7c0d455a4/sm/snapshot.1_0
2024-05-12 17:46:40,873 [2ef8d649-4864-4b9a-81a6-122cf2174905-impl-thread3] INFO  server.RaftServer$Division (ServerState.java:close(427)) - 2ef8d649-4864-4b9a-81a6-122cf2174905@group-3A7C072B2D7F: applyIndex: 0
2024-05-12 17:46:40,873 [2ef8d649-4864-4b9a-81a6-122cf2174905@group-3A7C072B2D7F-cacheEviction-AwaitToRun] INFO  util.AwaitToRun (AwaitToRun.java:run(49)) - 2ef8d649-4864-4b9a-81a6-122cf2174905@group-3A7C072B2D7F-cacheEviction-AwaitToRun-AwaitForSignal is interrupted
2024-05-12 17:46:40,873 [d999a49d-42de-484c-a75f-ffa132e9c3a5-impl-thread4] INFO  server.RaftServer$Division (ServerState.java:close(427)) - d999a49d-42de-484c-a75f-ffa132e9c3a5@group-F7FC422C7F28: applyIndex: 0
2024-05-12 17:46:40,871 [d999a49d-42de-484c-a75f-ffa132e9c3a5-impl-thread2] INFO  impl.StateMachineUpdater (StateMachineUpdater.java:stopAndJoin(157)) - d999a49d-42de-484c-a75f-ffa132e9c3a5@group-7FE7C0D455A4-StateMachineUpdater: set stopIndex = 0
2024-05-12 17:46:40,871 [d999a49d-42de-484c-a75f-ffa132e9c3a5@group-F7FC422C7F28-FollowerState] INFO  impl.FollowerState (FollowerState.java:run(152)) - d999a49d-42de-484c-a75f-ffa132e9c3a5@group-F7FC422C7F28-FollowerState was interrupted
2024-05-12 17:46:40,874 [d999a49d-42de-484c-a75f-ffa132e9c3a5@group-7FE7C0D455A4-StateMachineUpdater] INFO  ratis.ContainerStateMachine (ContainerStateMachine.java:takeSnapshot(366)) - group-7FE7C0D455A4: Finished taking a snapshot at:(t:1, i:0) file:/home/runner/work/ozone/ozone/hadoop-ozone/integration-test/target/test-dir/MiniOzoneClusterImpl-71ef5771-1bca-432b-8888-38dc3c8d5d63/ozone-meta/datanode-5/ratis/2fe8376c-e2ca-453f-99e4-7fe7c0d455a4/sm/snapshot.1_0 took: 2 ms
2024-05-12 17:46:40,873 [d999a49d-42de-484c-a75f-ffa132e9c3a5@group-F7FC422C7F28-cacheEviction-AwaitToRun] INFO  util.AwaitToRun (AwaitToRun.java:run(49)) - d999a49d-42de-484c-a75f-ffa132e9c3a5@group-F7FC422C7F28-cacheEviction-AwaitToRun-AwaitForSignal is interrupted
2024-05-12 17:46:40,873 [2ef8d649-4864-4b9a-81a6-122cf2174905@group-F7FC422C7F28-StateMachineUpdater] INFO  impl.StateMachineUpdater (StateMachineUpdater.java:takeSnapshot(295)) - 2ef8d649-4864-4b9a-81a6-122cf2174905@group-F7FC422C7F28-StateMachineUpdater: Took a snapshot at index 0
2024-05-12 17:46:40,874 [2ef8d649-4864-4b9a-81a6-122cf2174905@group-F7FC422C7F28-StateMachineUpdater] INFO  impl.StateMachineUpdater (StateMachineUpdater.java:lambda$new$0(98)) - 2ef8d649-4864-4b9a-81a6-122cf2174905@group-F7FC422C7F28-StateMachineUpdater: snapshotIndex: updateIncreasingly -1 -> 0
2024-05-12 17:46:40,874 [2ef8d649-4864-4b9a-81a6-122cf2174905-impl-thread4] INFO  server.RaftServer$Division (ServerState.java:close(427)) - 2ef8d649-4864-4b9a-81a6-122cf2174905@group-F7FC422C7F28: applyIndex: 0
2024-05-12 17:46:40,873 [b7336ce2-a724-4c4a-8025-d323d27fa237@group-427D53FA2E43-StateMachineUpdater] INFO  ratis.ContainerStateMachine (ContainerStateMachine.java:takeSnapshot(366)) - group-427D53FA2E43: Finished taking a snapshot at:(t:1, i:0) file:/home/runner/work/ozone/ozone/hadoop-ozone/integration-test/target/test-dir/MiniOzoneClusterImpl-71ef5771-1bca-432b-8888-38dc3c8d5d63/ozone-meta/datanode-2/ratis/8e046cd9-2b7e-4505-b18c-427d53fa2e43/sm/snapshot.1_0 took: 1 ms
2024-05-12 17:46:40,873 [d999a49d-42de-484c-a75f-ffa132e9c3a5@group-EE852451A390->3523888c-df3a-4c75-876a-f320dc6c9584-GrpcLogAppender-LogAppenderDaemon] WARN  server.GrpcLogAppender (GrpcLogAppender.java:mayWait(289)) - d999a49d-42de-484c-a75f-ffa132e9c3a5@group-EE852451A390->3523888c-df3a-4c75-876a-f320dc6c9584-GrpcLogAppender: Wait interrupted by java.lang.InterruptedException
2024-05-12 17:46:40,874 [2ef8d649-4864-4b9a-81a6-122cf2174905@group-F7FC422C7F28-cacheEviction-AwaitToRun] INFO  util.AwaitToRun (AwaitToRun.java:run(49)) - 2ef8d649-4864-4b9a-81a6-122cf2174905@group-F7FC422C7F28-cacheEviction-AwaitToRun-AwaitForSignal is interrupted
2024-05-12 17:46:40,872 [d999a49d-42de-484c-a75f-ffa132e9c3a5@group-EE852451A390->2ef8d649-4864-4b9a-81a6-122cf2174905-GrpcLogAppender-LogAppenderDaemon] WARN  server.GrpcLogAppender (GrpcLogAppender.java:mayWait(289)) - d999a49d-42de-484c-a75f-ffa132e9c3a5@group-EE852451A390->2ef8d649-4864-4b9a-81a6-122cf2174905-GrpcLogAppender: Wait interrupted by java.lang.InterruptedException
2024-05-12 17:46:40,874 [d999a49d-42de-484c-a75f-ffa132e9c3a5-impl-thread3] INFO  impl.StateMachineUpdater (StateMachineUpdater.java:stopAndJoin(157)) - d999a49d-42de-484c-a75f-ffa132e9c3a5@group-EE852451A390-StateMachineUpdater: set stopIndex = 0
2024-05-12 17:46:40,874 [d999a49d-42de-484c-a75f-ffa132e9c3a5@group-EE852451A390-StateMachineUpdater] INFO  ratis.ContainerStateMachine (ContainerStateMachine.java:takeSnapshot(355)) - group-EE852451A390: Taking a snapshot at:(t:1, i:0) file /home/runner/work/ozone/ozone/hadoop-ozone/integration-test/target/test-dir/MiniOzoneClusterImpl-71ef5771-1bca-432b-8888-38dc3c8d5d63/ozone-meta/datanode-5/ratis/be042fe2-0951-454f-affe-ee852451a390/sm/snapshot.1_0
2024-05-12 17:46:40,875 [grpc-default-executor-11] INFO  server.GrpcServerProtocolService (GrpcServerProtocolService.java:onCompleted(157)) - 3523888c-df3a-4c75-876a-f320dc6c9584: Completed APPEND_ENTRIES, lastRequest: d999a49d-42de-484c-a75f-ffa132e9c3a5->3523888c-df3a-4c75-876a-f320dc6c9584#1-t1,previous=(t:0, i:0),leaderCommit=-1,initializing? false,entries: size=1, first=(t:1, i:0), CONFIGURATIONENTRY(current:id: "d999a49d-42de-484c-a75f-ffa132e9c3a5"
address: "127.0.0.1:15344"
priority: 1
dataStreamAddress: "127.0.0.1:15345"
clientAddress: "127.0.0.1:15342"
adminAddress: "127.0.0.1:15343"
startupRole: FOLLOWER
,id: "2ef8d649-4864-4b9a-81a6-122cf2174905"
address: "127.0.0.1:15353"
dataStreamAddress: "127.0.0.1:15354"
clientAddress: "127.0.0.1:15351"
adminAddress: "127.0.0.1:15352"
startupRole: FOLLOWER
,id: "3523888c-df3a-4c75-876a-f320dc6c9584"
address: "127.0.0.1:15335"
dataStreamAddress: "127.0.0.1:15336"
clientAddress: "127.0.0.1:15333"
adminAddress: "127.0.0.1:15334"
startupRole: FOLLOWER
, old:)
2024-05-12 17:46:40,875 [grpc-default-executor-11] INFO  server.GrpcServerProtocolService (GrpcServerProtocolService.java:lambda$onCompleted$5(159)) - 3523888c-df3a-4c75-876a-f320dc6c9584: Completed APPEND_ENTRIES, lastReply: null
2024-05-12 17:46:40,875 [d999a49d-42de-484c-a75f-ffa132e9c3a5@group-EE852451A390-StateMachineUpdater] INFO  ratis.ContainerStateMachine (ContainerStateMachine.java:takeSnapshot(366)) - group-EE852451A390: Finished taking a snapshot at:(t:1, i:0) file:/home/runner/work/ozone/ozone/hadoop-ozone/integration-test/target/test-dir/MiniOzoneClusterImpl-71ef5771-1bca-432b-8888-38dc3c8d5d63/ozone-meta/datanode-5/ratis/be042fe2-0951-454f-affe-ee852451a390/sm/snapshot.1_0 took: 1 ms
2024-05-12 17:46:40,875 [d999a49d-42de-484c-a75f-ffa132e9c3a5@group-EE852451A390-StateMachineUpdater] INFO  impl.StateMachineUpdater (StateMachineUpdater.java:takeSnapshot(295)) - d999a49d-42de-484c-a75f-ffa132e9c3a5@group-EE852451A390-StateMachineUpdater: Took a snapshot at index 0
2024-05-12 17:46:40,875 [d999a49d-42de-484c-a75f-ffa132e9c3a5@group-EE852451A390-StateMachineUpdater] INFO  impl.StateMachineUpdater (StateMachineUpdater.java:lambda$new$0(98)) - d999a49d-42de-484c-a75f-ffa132e9c3a5@group-EE852451A390-StateMachineUpdater: snapshotIndex: updateIncreasingly -1 -> 0
2024-05-12 17:46:40,875 [d999a49d-42de-484c-a75f-ffa132e9c3a5-impl-thread3] INFO  server.RaftServer$Division (ServerState.java:close(427)) - d999a49d-42de-484c-a75f-ffa132e9c3a5@group-EE852451A390: applyIndex: 0
2024-05-12 17:46:40,876 [b7336ce2-a724-4c4a-8025-d323d27fa237-impl-thread3] INFO  server.RaftServer$Division (RaftServerImpl.java:lambda$close$3(526)) - b7336ce2-a724-4c4a-8025-d323d27fa237@group-4DEECBE98265: shutdown
2024-05-12 17:46:40,876 [b7336ce2-a724-4c4a-8025-d323d27fa237-impl-thread3] INFO  util.JmxRegister (JmxRegister.java:unregister(73)) - Successfully un-registered JMX Bean with object name Ratis:service=RaftServer,group=group-4DEECBE98265,id=b7336ce2-a724-4c4a-8025-d323d27fa237
2024-05-12 17:46:40,876 [b7336ce2-a724-4c4a-8025-d323d27fa237-impl-thread3] INFO  impl.RoleInfo (RoleInfo.java:shutdownLeaderState(94)) - b7336ce2-a724-4c4a-8025-d323d27fa237: shutdown b7336ce2-a724-4c4a-8025-d323d27fa237@group-4DEECBE98265-LeaderStateImpl
2024-05-12 17:46:40,876 [b7336ce2-a724-4c4a-8025-d323d27fa237@group-4DEECBE98265->d0e7fafe-f667-41fb-a16a-ecd1bcb446b6-GrpcLogAppender-LogAppenderDaemon] WARN  server.GrpcLogAppender (GrpcLogAppender.java:mayWait(289)) - b7336ce2-a724-4c4a-8025-d323d27fa237@group-4DEECBE98265->d0e7fafe-f667-41fb-a16a-ecd1bcb446b6-GrpcLogAppender: Wait interrupted by java.lang.InterruptedException
2024-05-12 17:46:40,876 [89a6d998-d419-473a-a6ed-8243f7f30d05-impl-thread2] INFO  server.RaftServer$Division (RaftServerImpl.java:lambda$close$3(526)) - 89a6d998-d419-473a-a6ed-8243f7f30d05@group-D817E67D8269: shutdown
2024-05-12 17:46:40,874 [b7336ce2-a724-4c4a-8025-d323d27fa237@group-427D53FA2E43-StateMachineUpdater] INFO  impl.StateMachineUpdater (StateMachineUpdater.java:takeSnapshot(295)) - b7336ce2-a724-4c4a-8025-d323d27fa237@group-427D53FA2E43-StateMachineUpdater: Took a snapshot at index 0
2024-05-12 17:46:40,876 [b7336ce2-a724-4c4a-8025-d323d27fa237@group-427D53FA2E43-StateMachineUpdater] INFO  impl.StateMachineUpdater (StateMachineUpdater.java:lambda$new$0(98)) - b7336ce2-a724-4c4a-8025-d323d27fa237@group-427D53FA2E43-StateMachineUpdater: snapshotIndex: updateIncreasingly -1 -> 0
2024-05-12 17:46:40,874 [d999a49d-42de-484c-a75f-ffa132e9c3a5@group-7FE7C0D455A4-StateMachineUpdater] INFO  impl.StateMachineUpdater (StateMachineUpdater.java:takeSnapshot(295)) - d999a49d-42de-484c-a75f-ffa132e9c3a5@group-7FE7C0D455A4-StateMachineUpdater: Took a snapshot at index 0
2024-05-12 17:46:40,876 [b7336ce2-a724-4c4a-8025-d323d27fa237-impl-thread4] INFO  server.RaftServer$Division (ServerState.java:close(427)) - b7336ce2-a724-4c4a-8025-d323d27fa237@group-427D53FA2E43: applyIndex: 0
2024-05-12 17:46:40,876 [b7336ce2-a724-4c4a-8025-d323d27fa237@group-427D53FA2E43-cacheEviction-AwaitToRun] INFO  util.AwaitToRun (AwaitToRun.java:run(49)) - b7336ce2-a724-4c4a-8025-d323d27fa237@group-427D53FA2E43-cacheEviction-AwaitToRun-AwaitForSignal is interrupted
2024-05-12 17:46:40,876 [89a6d998-d419-473a-a6ed-8243f7f30d05-impl-thread2] INFO  util.JmxRegister (JmxRegister.java:unregister(73)) - Successfully un-registered JMX Bean with object name Ratis:service=RaftServer,group=group-D817E67D8269,id=89a6d998-d419-473a-a6ed-8243f7f30d05
2024-05-12 17:46:40,876 [grpc-default-executor-12] INFO  server.GrpcServerProtocolService (GrpcServerProtocolService.java:onCompleted(157)) - d0e7fafe-f667-41fb-a16a-ecd1bcb446b6: Completed APPEND_ENTRIES, lastRequest: null
2024-05-12 17:46:40,876 [grpc-default-executor-11] INFO  server.GrpcServerProtocolService (GrpcServerProtocolService.java:onCompleted(157)) - d0e7fafe-f667-41fb-a16a-ecd1bcb446b6: Completed APPEND_ENTRIES, lastRequest: b7336ce2-a724-4c4a-8025-d323d27fa237->d0e7fafe-f667-41fb-a16a-ecd1bcb446b6#612-t1,previous=(t:1, i:3),leaderCommit=3,initializing? false,entries: size=1, first=(t:1, i:4), METADATAENTRY(c:2)
2024-05-12 17:46:40,877 [grpc-default-executor-11] INFO  server.GrpcServerProtocolService (GrpcServerProtocolService.java:lambda$onCompleted$5(159)) - d0e7fafe-f667-41fb-a16a-ecd1bcb446b6: Completed APPEND_ENTRIES, lastReply: null
2024-05-12 17:46:40,877 [grpc-default-executor-12] INFO  server.GrpcServerProtocolService (GrpcServerProtocolService.java:lambda$onCompleted$5(159)) - d0e7fafe-f667-41fb-a16a-ecd1bcb446b6: Completed APPEND_ENTRIES, lastReply: serverReply {
  requestorId: "b7336ce2-a724-4c4a-8025-d323d27fa237"
  replyId: "d0e7fafe-f667-41fb-a16a-ecd1bcb446b6"
  raftGroupId {
    id: "\376Dv\005\360\372C\256\244\313M\356\313\351\202e"
  }
  callId: 621
  success: true
}
term: 1
nextIndex: 5
followerCommit: 4
matchIndex: 18446744073709551615
isHearbeat: true

2024-05-12 17:46:40,876 [b7336ce2-a724-4c4a-8025-d323d27fa237-impl-thread3] INFO  impl.PendingRequests (PendingRequests.java:sendNotLeaderResponses(289)) - b7336ce2-a724-4c4a-8025-d323d27fa237@group-4DEECBE98265-PendingRequests: sendNotLeaderResponses
2024-05-12 17:46:40,876 [b7336ce2-a724-4c4a-8025-d323d27fa237@group-4DEECBE98265->89a6d998-d419-473a-a6ed-8243f7f30d05-GrpcLogAppender-LogAppenderDaemon] WARN  server.GrpcLogAppender (GrpcLogAppender.java:mayWait(289)) - b7336ce2-a724-4c4a-8025-d323d27fa237@group-4DEECBE98265->89a6d998-d419-473a-a6ed-8243f7f30d05-GrpcLogAppender: Wait interrupted by java.lang.InterruptedException
2024-05-12 17:46:40,876 [d999a49d-42de-484c-a75f-ffa132e9c3a5@group-EE852451A390-cacheEviction-AwaitToRun] INFO  util.AwaitToRun (AwaitToRun.java:run(49)) - d999a49d-42de-484c-a75f-ffa132e9c3a5@group-EE852451A390-cacheEviction-AwaitToRun-AwaitForSignal is interrupted
2024-05-12 17:46:40,875 [b7336ce2-a724-4c4a-8025-d323d27fa237-impl-thread2] INFO  server.RaftServer$Division (RaftServerImpl.java:lambda$close$3(526)) - b7336ce2-a724-4c4a-8025-d323d27fa237@group-4DDFB6160DA4: shutdown
2024-05-12 17:46:40,879 [b7336ce2-a724-4c4a-8025-d323d27fa237-impl-thread2] INFO  util.JmxRegister (JmxRegister.java:unregister(73)) - Successfully un-registered JMX Bean with object name Ratis:service=RaftServer,group=group-4DDFB6160DA4,id=b7336ce2-a724-4c4a-8025-d323d27fa237
2024-05-12 17:46:40,879 [b7336ce2-a724-4c4a-8025-d323d27fa237-impl-thread2] INFO  impl.RoleInfo (RoleInfo.java:shutdownLeaderState(94)) - b7336ce2-a724-4c4a-8025-d323d27fa237: shutdown b7336ce2-a724-4c4a-8025-d323d27fa237@group-4DDFB6160DA4-LeaderStateImpl
2024-05-12 17:46:40,879 [b7336ce2-a724-4c4a-8025-d323d27fa237-impl-thread2] INFO  impl.PendingRequests (PendingRequests.java:sendNotLeaderResponses(289)) - b7336ce2-a724-4c4a-8025-d323d27fa237@group-4DDFB6160DA4-PendingRequests: sendNotLeaderResponses
2024-05-12 17:46:40,879 [b7336ce2-a724-4c4a-8025-d323d27fa237@group-4DDFB6160DA4-StateMachineUpdater] INFO  ratis.ContainerStateMachine (ContainerStateMachine.java:takeSnapshot(355)) - group-4DDFB6160DA4: Taking a snapshot at:(t:1, i:0) file /home/runner/work/ozone/ozone/hadoop-ozone/integration-test/target/test-dir/MiniOzoneClusterImpl-71ef5771-1bca-432b-8888-38dc3c8d5d63/ozone-meta/datanode-2/ratis/1765979a-c33e-4f42-a6c9-4ddfb6160da4/sm/snapshot.1_0
2024-05-12 17:46:40,875 [grpc-default-executor-13] INFO  server.GrpcLogAppender (GrpcLogAppender.java:onCompleted(546)) - d999a49d-42de-484c-a75f-ffa132e9c3a5@group-EE852451A390->3523888c-df3a-4c75-876a-f320dc6c9584-AppendLogResponseHandler: follower responses appendEntries COMPLETED
2024-05-12 17:46:40,875 [grpc-default-executor-15] INFO  server.GrpcServerProtocolService (GrpcServerProtocolService.java:onCompleted(157)) - 3523888c-df3a-4c75-876a-f320dc6c9584: Completed APPEND_ENTRIES, lastRequest: null
2024-05-12 17:46:40,875 [grpc-default-executor-16] INFO  server.GrpcServerProtocolService (GrpcServerProtocolService.java:onCompleted(157)) - 2ef8d649-4864-4b9a-81a6-122cf2174905: Completed APPEND_ENTRIES, lastRequest: d999a49d-42de-484c-a75f-ffa132e9c3a5->2ef8d649-4864-4b9a-81a6-122cf2174905#1-t1,previous=(t:0, i:0),leaderCommit=-1,initializing? false,entries: size=1, first=(t:1, i:0), CONFIGURATIONENTRY(current:id: "d999a49d-42de-484c-a75f-ffa132e9c3a5"
address: "127.0.0.1:15344"
priority: 1
dataStreamAddress: "127.0.0.1:15345"
clientAddress: "127.0.0.1:15342"
adminAddress: "127.0.0.1:15343"
startupRole: FOLLOWER
,id: "2ef8d649-4864-4b9a-81a6-122cf2174905"
address: "127.0.0.1:15353"
dataStreamAddress: "127.0.0.1:15354"
clientAddress: "127.0.0.1:15351"
adminAddress: "127.0.0.1:15352"
startupRole: FOLLOWER
,id: "3523888c-df3a-4c75-876a-f320dc6c9584"
address: "127.0.0.1:15335"
dataStreamAddress: "127.0.0.1:15336"
clientAddress: "127.0.0.1:15333"
adminAddress: "127.0.0.1:15334"
startupRole: FOLLOWER
, old:)
2024-05-12 17:46:40,883 [grpc-default-executor-16] INFO  server.GrpcServerProtocolService (GrpcServerProtocolService.java:lambda$onCompleted$5(159)) - 2ef8d649-4864-4b9a-81a6-122cf2174905: Completed APPEND_ENTRIES, lastReply: null
2024-05-12 17:46:40,874 [grpc-default-executor-10] INFO  server.GrpcServerProtocolService (GrpcServerProtocolService.java:onCompleted(157)) - 2ef8d649-4864-4b9a-81a6-122cf2174905: Completed APPEND_ENTRIES, lastRequest: null
2024-05-12 17:46:40,883 [grpc-default-executor-10] INFO  server.GrpcServerProtocolService (GrpcServerProtocolService.java:lambda$onCompleted$5(159)) - 2ef8d649-4864-4b9a-81a6-122cf2174905: Completed APPEND_ENTRIES, lastReply: serverReply {
  requestorId: "d999a49d-42de-484c-a75f-ffa132e9c3a5"
  replyId: "2ef8d649-4864-4b9a-81a6-122cf2174905"
  raftGroupId {
    id: "\276\004/\342\tQEO\257\376\356\205$Q\243\220"
  }
  callId: 611
  success: true
}
term: 1
nextIndex: 1
matchIndex: 18446744073709551615
isHearbeat: true

2024-05-12 17:46:40,883 [grpc-default-executor-10] INFO  server.GrpcLogAppender (GrpcLogAppender.java:onCompleted(546)) - d999a49d-42de-484c-a75f-ffa132e9c3a5@group-EE852451A390->2ef8d649-4864-4b9a-81a6-122cf2174905-AppendLogResponseHandler: follower responses appendEntries COMPLETED
2024-05-12 17:46:40,883 [grpc-default-executor-10] WARN  server.GrpcLogAppender (GrpcLogAppender.java:resetClient(226)) - d999a49d-42de-484c-a75f-ffa132e9c3a5@group-EE852451A390->2ef8d649-4864-4b9a-81a6-122cf2174905-GrpcLogAppender: Failed to getClient for 2ef8d649-4864-4b9a-81a6-122cf2174905
org.apache.ratis.protocol.exceptions.AlreadyClosedException: d999a49d-42de-484c-a75f-ffa132e9c3a5 is already CLOSED
	at org.apache.ratis.util.PeerProxyMap$PeerAndProxy.getProxy(PeerProxyMap.java:65)
	at org.apache.ratis.util.PeerProxyMap.getProxy(PeerProxyMap.java:114)
	at org.apache.ratis.grpc.server.GrpcLogAppender.getClient(GrpcLogAppender.java:196)
	at org.apache.ratis.grpc.server.GrpcLogAppender.resetClient(GrpcLogAppender.java:201)
	at org.apache.ratis.grpc.server.GrpcLogAppender.access$800(GrpcLogAppender.java:62)
	at org.apache.ratis.grpc.server.GrpcLogAppender$AppendLogResponseHandler.onCompleted(GrpcLogAppender.java:547)
	at org.apache.ratis.thirdparty.io.grpc.stub.ClientCalls$StreamObserverToCallListenerAdapter.onClose(ClientCalls.java:479)
	at org.apache.ratis.thirdparty.io.grpc.internal.ClientCallImpl.closeObserver(ClientCallImpl.java:567)
	at org.apache.ratis.thirdparty.io.grpc.internal.ClientCallImpl.access$300(ClientCallImpl.java:71)
	at org.apache.ratis.thirdparty.io.grpc.internal.ClientCallImpl$ClientStreamListenerImpl$1StreamClosed.runInternal(ClientCallImpl.java:735)
	at org.apache.ratis.thirdparty.io.grpc.internal.ClientCallImpl$ClientStreamListenerImpl$1StreamClosed.runInContext(ClientCallImpl.java:716)
	at org.apache.ratis.thirdparty.io.grpc.internal.ContextRunnable.run(ContextRunnable.java:37)
	at org.apache.ratis.thirdparty.io.grpc.internal.SerializingExecutor.run(SerializingExecutor.java:133)
	at java.base/java.util.concurrent.ThreadPoolExecutor.runWorker(ThreadPoolExecutor.java:1136)
	at java.base/java.util.concurrent.ThreadPoolExecutor$Worker.run(ThreadPoolExecutor.java:635)
	at java.base/java.lang.Thread.run(Thread.java:840)
2024-05-12 17:46:40,883 [grpc-default-executor-15] INFO  server.GrpcServerProtocolService (GrpcServerProtocolService.java:lambda$onCompleted$5(159)) - 3523888c-df3a-4c75-876a-f320dc6c9584: Completed APPEND_ENTRIES, lastReply: serverReply {
  requestorId: "d999a49d-42de-484c-a75f-ffa132e9c3a5"
  replyId: "3523888c-df3a-4c75-876a-f320dc6c9584"
  raftGroupId {
    id: "\276\004/\342\tQEO\257\376\356\205$Q\243\220"
  }
  callId: 608
  success: true
}
term: 1
nextIndex: 1
matchIndex: 18446744073709551615
isHearbeat: true

2024-05-12 17:46:40,884 [grpc-default-executor-10] INFO  server.GrpcLogAppender (GrpcLogAppender.java:onCompleted(546)) - d999a49d-42de-484c-a75f-ffa132e9c3a5@group-EE852451A390->3523888c-df3a-4c75-876a-f320dc6c9584-AppendLogResponseHandler: follower responses appendEntries COMPLETED
2024-05-12 17:46:40,884 [89a6d998-d419-473a-a6ed-8243f7f30d05-impl-thread3] INFO  server.RaftServer$Division (RaftServerImpl.java:lambda$close$3(526)) - 89a6d998-d419-473a-a6ed-8243f7f30d05@group-4DEECBE98265: shutdown
2024-05-12 17:46:40,884 [89a6d998-d419-473a-a6ed-8243f7f30d05-impl-thread3] INFO  util.JmxRegister (JmxRegister.java:unregister(73)) - Successfully un-registered JMX Bean with object name Ratis:service=RaftServer,group=group-4DEECBE98265,id=89a6d998-d419-473a-a6ed-8243f7f30d05
2024-05-12 17:46:40,884 [89a6d998-d419-473a-a6ed-8243f7f30d05-impl-thread3] INFO  impl.RoleInfo (RoleInfo.java:shutdownFollowerState(110)) - 89a6d998-d419-473a-a6ed-8243f7f30d05: shutdown 89a6d998-d419-473a-a6ed-8243f7f30d05@group-4DEECBE98265-FollowerState
2024-05-12 17:46:40,884 [89a6d998-d419-473a-a6ed-8243f7f30d05-impl-thread3] INFO  impl.StateMachineUpdater (StateMachineUpdater.java:stopAndJoin(157)) - 89a6d998-d419-473a-a6ed-8243f7f30d05@group-4DEECBE98265-StateMachineUpdater: set stopIndex = 4
2024-05-12 17:46:40,880 [b7336ce2-a724-4c4a-8025-d323d27fa237-impl-thread2] INFO  impl.StateMachineUpdater (StateMachineUpdater.java:stopAndJoin(157)) - b7336ce2-a724-4c4a-8025-d323d27fa237@group-4DDFB6160DA4-StateMachineUpdater: set stopIndex = 0
2024-05-12 17:46:40,880 [b7336ce2-a724-4c4a-8025-d323d27fa237@group-4DDFB6160DA4-StateMachineUpdater] INFO  ratis.ContainerStateMachine (ContainerStateMachine.java:takeSnapshot(366)) - group-4DDFB6160DA4: Finished taking a snapshot at:(t:1, i:0) file:/home/runner/work/ozone/ozone/hadoop-ozone/integration-test/target/test-dir/MiniOzoneClusterImpl-71ef5771-1bca-432b-8888-38dc3c8d5d63/ozone-meta/datanode-2/ratis/1765979a-c33e-4f42-a6c9-4ddfb6160da4/sm/snapshot.1_0 took: 1 ms
2024-05-12 17:46:40,879 [ForkJoinPool.commonPool-worker-7] INFO  server.GrpcService (GrpcService.java:closeImpl(311)) - 89a6d998-d419-473a-a6ed-8243f7f30d05: shutdown server org.apache.ratis.grpc.server.GrpcClientProtocolService now
2024-05-12 17:46:40,884 [b7336ce2-a724-4c4a-8025-d323d27fa237@group-4DDFB6160DA4-StateMachineUpdater] INFO  impl.StateMachineUpdater (StateMachineUpdater.java:takeSnapshot(295)) - b7336ce2-a724-4c4a-8025-d323d27fa237@group-4DDFB6160DA4-StateMachineUpdater: Took a snapshot at index 0
2024-05-12 17:46:40,885 [b7336ce2-a724-4c4a-8025-d323d27fa237@group-4DDFB6160DA4-StateMachineUpdater] INFO  impl.StateMachineUpdater (StateMachineUpdater.java:lambda$new$0(98)) - b7336ce2-a724-4c4a-8025-d323d27fa237@group-4DDFB6160DA4-StateMachineUpdater: snapshotIndex: updateIncreasingly -1 -> 0
2024-05-12 17:46:40,879 [Thread-6600] INFO  server.GrpcServerProtocolClient (GrpcServerProtocolClient.java:close(103)) - 89a6d998-d419-473a-a6ed-8243f7f30d05 Close channels
2024-05-12 17:46:40,879 [grpc-default-executor-12] INFO  server.GrpcServerProtocolService (GrpcServerProtocolService.java:onCompleted(157)) - 89a6d998-d419-473a-a6ed-8243f7f30d05: Completed APPEND_ENTRIES, lastRequest: null
2024-05-12 17:46:40,885 [grpc-default-executor-12] INFO  server.GrpcServerProtocolService (GrpcServerProtocolService.java:lambda$onCompleted$5(159)) - 89a6d998-d419-473a-a6ed-8243f7f30d05: Completed APPEND_ENTRIES, lastReply: serverReply {
  requestorId: "b7336ce2-a724-4c4a-8025-d323d27fa237"
  replyId: "89a6d998-d419-473a-a6ed-8243f7f30d05"
  raftGroupId {
    id: "\376Dv\005\360\372C\256\244\313M\356\313\351\202e"
  }
  callId: 617
  success: true
}
term: 1
nextIndex: 5
followerCommit: 4
matchIndex: 18446744073709551615
isHearbeat: true

2024-05-12 17:46:40,878 [grpc-default-executor-14] INFO  server.GrpcLogAppender (GrpcLogAppender.java:onCompleted(546)) - b7336ce2-a724-4c4a-8025-d323d27fa237@group-4DEECBE98265->d0e7fafe-f667-41fb-a16a-ecd1bcb446b6-AppendLogResponseHandler: follower responses appendEntries COMPLETED
2024-05-12 17:46:40,885 [grpc-default-executor-14] WARN  server.GrpcLogAppender (GrpcLogAppender.java:resetClient(226)) - b7336ce2-a724-4c4a-8025-d323d27fa237@group-4DEECBE98265->d0e7fafe-f667-41fb-a16a-ecd1bcb446b6-GrpcLogAppender: Failed to getClient for d0e7fafe-f667-41fb-a16a-ecd1bcb446b6
org.apache.ratis.protocol.exceptions.AlreadyClosedException: b7336ce2-a724-4c4a-8025-d323d27fa237 is already CLOSED
	at org.apache.ratis.util.PeerProxyMap$PeerAndProxy.getProxy(PeerProxyMap.java:65)
	at org.apache.ratis.util.PeerProxyMap.getProxy(PeerProxyMap.java:114)
	at org.apache.ratis.grpc.server.GrpcLogAppender.getClient(GrpcLogAppender.java:196)
	at org.apache.ratis.grpc.server.GrpcLogAppender.resetClient(GrpcLogAppender.java:201)
	at org.apache.ratis.grpc.server.GrpcLogAppender.access$800(GrpcLogAppender.java:62)
	at org.apache.ratis.grpc.server.GrpcLogAppender$AppendLogResponseHandler.onCompleted(GrpcLogAppender.java:547)
	at org.apache.ratis.thirdparty.io.grpc.stub.ClientCalls$StreamObserverToCallListenerAdapter.onClose(ClientCalls.java:479)
	at org.apache.ratis.thirdparty.io.grpc.internal.ClientCallImpl.closeObserver(ClientCallImpl.java:567)
	at org.apache.ratis.thirdparty.io.grpc.internal.ClientCallImpl.access$300(ClientCallImpl.java:71)
	at org.apache.ratis.thirdparty.io.grpc.internal.ClientCallImpl$ClientStreamListenerImpl$1StreamClosed.runInternal(ClientCallImpl.java:735)
	at org.apache.ratis.thirdparty.io.grpc.internal.ClientCallImpl$ClientStreamListenerImpl$1StreamClosed.runInContext(ClientCallImpl.java:716)
	at org.apache.ratis.thirdparty.io.grpc.internal.ContextRunnable.run(ContextRunnable.java:37)
	at org.apache.ratis.thirdparty.io.grpc.internal.SerializingExecutor.run(SerializingExecutor.java:133)
	at java.base/java.util.concurrent.ThreadPoolExecutor.runWorker(ThreadPoolExecutor.java:1136)
	at java.base/java.util.concurrent.ThreadPoolExecutor$Worker.run(ThreadPoolExecutor.java:635)
	at java.base/java.lang.Thread.run(Thread.java:840)
2024-05-12 17:46:40,878 [grpc-default-executor-11] INFO  server.GrpcServerProtocolService (GrpcServerProtocolService.java:onCompleted(157)) - 89a6d998-d419-473a-a6ed-8243f7f30d05: Completed APPEND_ENTRIES, lastRequest: b7336ce2-a724-4c4a-8025-d323d27fa237->89a6d998-d419-473a-a6ed-8243f7f30d05#610-t1,previous=(t:1, i:3),leaderCommit=2,initializing? false,entries: size=1, first=(t:1, i:4), METADATAENTRY(c:2)
2024-05-12 17:46:40,885 [grpc-default-executor-11] INFO  server.GrpcServerProtocolService (GrpcServerProtocolService.java:lambda$onCompleted$5(159)) - 89a6d998-d419-473a-a6ed-8243f7f30d05: Completed APPEND_ENTRIES, lastReply: null
2024-05-12 17:46:40,878 [89a6d998-d419-473a-a6ed-8243f7f30d05-impl-thread2] INFO  impl.RoleInfo (RoleInfo.java:shutdownLeaderState(94)) - 89a6d998-d419-473a-a6ed-8243f7f30d05: shutdown 89a6d998-d419-473a-a6ed-8243f7f30d05@group-D817E67D8269-LeaderStateImpl
2024-05-12 17:46:40,885 [89a6d998-d419-473a-a6ed-8243f7f30d05-impl-thread2] INFO  impl.PendingRequests (PendingRequests.java:sendNotLeaderResponses(289)) - 89a6d998-d419-473a-a6ed-8243f7f30d05@group-D817E67D8269-PendingRequests: sendNotLeaderResponses
2024-05-12 17:46:40,877 [b7336ce2-a724-4c4a-8025-d323d27fa237@group-4DEECBE98265-StateMachineUpdater] INFO  ratis.ContainerStateMachine (ContainerStateMachine.java:takeSnapshot(355)) - group-4DEECBE98265: Taking a snapshot at:(t:1, i:4) file /home/runner/work/ozone/ozone/hadoop-ozone/integration-test/target/test-dir/MiniOzoneClusterImpl-71ef5771-1bca-432b-8888-38dc3c8d5d63/ozone-meta/datanode-2/ratis/fe447605-f0fa-43ae-a4cb-4deecbe98265/sm/snapshot.1_4
2024-05-12 17:46:40,886 [89a6d998-d419-473a-a6ed-8243f7f30d05-impl-thread2] INFO  impl.StateMachineUpdater (StateMachineUpdater.java:stopAndJoin(157)) - 89a6d998-d419-473a-a6ed-8243f7f30d05@group-D817E67D8269-StateMachineUpdater: set stopIndex = 0
2024-05-12 17:46:40,877 [b7336ce2-a724-4c4a-8025-d323d27fa237-impl-thread3] INFO  impl.StateMachineUpdater (StateMachineUpdater.java:stopAndJoin(157)) - b7336ce2-a724-4c4a-8025-d323d27fa237@group-4DEECBE98265-StateMachineUpdater: set stopIndex = 4
2024-05-12 17:46:40,876 [d999a49d-42de-484c-a75f-ffa132e9c3a5@group-7FE7C0D455A4-StateMachineUpdater] INFO  impl.StateMachineUpdater (StateMachineUpdater.java:lambda$new$0(98)) - d999a49d-42de-484c-a75f-ffa132e9c3a5@group-7FE7C0D455A4-StateMachineUpdater: snapshotIndex: updateIncreasingly -1 -> 0
2024-05-12 17:46:40,886 [89a6d998-d419-473a-a6ed-8243f7f30d05@group-D817E67D8269-StateMachineUpdater] INFO  ratis.ContainerStateMachine (ContainerStateMachine.java:takeSnapshot(355)) - group-D817E67D8269: Taking a snapshot at:(t:1, i:0) file /home/runner/work/ozone/ozone/hadoop-ozone/integration-test/target/test-dir/MiniOzoneClusterImpl-71ef5771-1bca-432b-8888-38dc3c8d5d63/ozone-meta/datanode-3/ratis/a64bc78e-2fed-4714-aa9a-d817e67d8269/sm/snapshot.1_0
2024-05-12 17:46:40,886 [b7336ce2-a724-4c4a-8025-d323d27fa237-impl-thread2] INFO  server.RaftServer$Division (ServerState.java:close(427)) - b7336ce2-a724-4c4a-8025-d323d27fa237@group-4DDFB6160DA4: applyIndex: 0
2024-05-12 17:46:40,886 [b7336ce2-a724-4c4a-8025-d323d27fa237@group-4DDFB6160DA4-cacheEviction-AwaitToRun] INFO  util.AwaitToRun (AwaitToRun.java:run(49)) - b7336ce2-a724-4c4a-8025-d323d27fa237@group-4DDFB6160DA4-cacheEviction-AwaitToRun-AwaitForSignal is interrupted
2024-05-12 17:46:40,885 [grpc-default-executor-15] INFO  server.GrpcLogAppender (GrpcLogAppender.java:onCompleted(546)) - b7336ce2-a724-4c4a-8025-d323d27fa237@group-4DEECBE98265->89a6d998-d419-473a-a6ed-8243f7f30d05-AppendLogResponseHandler: follower responses appendEntries COMPLETED
2024-05-12 17:46:40,887 [grpc-default-executor-15] WARN  server.GrpcLogAppender (GrpcLogAppender.java:resetClient(226)) - b7336ce2-a724-4c4a-8025-d323d27fa237@group-4DEECBE98265->89a6d998-d419-473a-a6ed-8243f7f30d05-GrpcLogAppender: Failed to getClient for 89a6d998-d419-473a-a6ed-8243f7f30d05
org.apache.ratis.protocol.exceptions.AlreadyClosedException: b7336ce2-a724-4c4a-8025-d323d27fa237 is already CLOSED
	at org.apache.ratis.util.PeerProxyMap$PeerAndProxy.getProxy(PeerProxyMap.java:65)
	at org.apache.ratis.util.PeerProxyMap.getProxy(PeerProxyMap.java:114)
	at org.apache.ratis.grpc.server.GrpcLogAppender.getClient(GrpcLogAppender.java:196)
	at org.apache.ratis.grpc.server.GrpcLogAppender.resetClient(GrpcLogAppender.java:201)
	at org.apache.ratis.grpc.server.GrpcLogAppender.access$800(GrpcLogAppender.java:62)
	at org.apache.ratis.grpc.server.GrpcLogAppender$AppendLogResponseHandler.onCompleted(GrpcLogAppender.java:547)
	at org.apache.ratis.thirdparty.io.grpc.stub.ClientCalls$StreamObserverToCallListenerAdapter.onClose(ClientCalls.java:479)
	at org.apache.ratis.thirdparty.io.grpc.internal.DelayedClientCall$DelayedListener$3.run(DelayedClientCall.java:489)
	at org.apache.ratis.thirdparty.io.grpc.internal.DelayedClientCall$DelayedListener.delayOrExecute(DelayedClientCall.java:453)
	at org.apache.ratis.thirdparty.io.grpc.internal.DelayedClientCall$DelayedListener.onClose(DelayedClientCall.java:486)
	at org.apache.ratis.thirdparty.io.grpc.internal.ClientCallImpl.closeObserver(ClientCallImpl.java:567)
	at org.apache.ratis.thirdparty.io.grpc.internal.ClientCallImpl.access$300(ClientCallImpl.java:71)
	at org.apache.ratis.thirdparty.io.grpc.internal.ClientCallImpl$ClientStreamListenerImpl$1StreamClosed.runInternal(ClientCallImpl.java:735)
	at org.apache.ratis.thirdparty.io.grpc.internal.ClientCallImpl$ClientStreamListenerImpl$1StreamClosed.runInContext(ClientCallImpl.java:716)
	at org.apache.ratis.thirdparty.io.grpc.internal.ContextRunnable.run(ContextRunnable.java:37)
	at org.apache.ratis.thirdparty.io.grpc.internal.SerializingExecutor.run(SerializingExecutor.java:133)
	at java.base/java.util.concurrent.ThreadPoolExecutor.runWorker(ThreadPoolExecutor.java:1136)
	at java.base/java.util.concurrent.ThreadPoolExecutor$Worker.run(ThreadPoolExecutor.java:635)
	at java.base/java.lang.Thread.run(Thread.java:840)
2024-05-12 17:46:40,884 [89a6d998-d419-473a-a6ed-8243f7f30d05-impl-thread4] INFO  server.RaftServer$Division (RaftServerImpl.java:lambda$close$3(526)) - 89a6d998-d419-473a-a6ed-8243f7f30d05@group-427D53FA2E43: shutdown
2024-05-12 17:46:40,884 [89a6d998-d419-473a-a6ed-8243f7f30d05@group-4DEECBE98265-FollowerState] INFO  impl.FollowerState (FollowerState.java:run(152)) - 89a6d998-d419-473a-a6ed-8243f7f30d05@group-4DEECBE98265-FollowerState was interrupted
2024-05-12 17:46:40,884 [89a6d998-d419-473a-a6ed-8243f7f30d05@group-4DEECBE98265-StateMachineUpdater] INFO  ratis.ContainerStateMachine (ContainerStateMachine.java:takeSnapshot(355)) - group-4DEECBE98265: Taking a snapshot at:(t:1, i:4) file /home/runner/work/ozone/ozone/hadoop-ozone/integration-test/target/test-dir/MiniOzoneClusterImpl-71ef5771-1bca-432b-8888-38dc3c8d5d63/ozone-meta/datanode-3/ratis/fe447605-f0fa-43ae-a4cb-4deecbe98265/sm/snapshot.1_4
2024-05-12 17:46:40,887 [89a6d998-d419-473a-a6ed-8243f7f30d05-impl-thread4] INFO  util.JmxRegister (JmxRegister.java:unregister(73)) - Successfully un-registered JMX Bean with object name Ratis:service=RaftServer,group=group-427D53FA2E43,id=89a6d998-d419-473a-a6ed-8243f7f30d05
2024-05-12 17:46:40,887 [89a6d998-d419-473a-a6ed-8243f7f30d05-impl-thread4] INFO  impl.RoleInfo (RoleInfo.java:shutdownLeaderState(94)) - 89a6d998-d419-473a-a6ed-8243f7f30d05: shutdown 89a6d998-d419-473a-a6ed-8243f7f30d05@group-427D53FA2E43-LeaderStateImpl
2024-05-12 17:46:40,887 [89a6d998-d419-473a-a6ed-8243f7f30d05@group-427D53FA2E43->d0e7fafe-f667-41fb-a16a-ecd1bcb446b6-GrpcLogAppender-LogAppenderDaemon] WARN  server.GrpcLogAppender (GrpcLogAppender.java:mayWait(289)) - 89a6d998-d419-473a-a6ed-8243f7f30d05@group-427D53FA2E43->d0e7fafe-f667-41fb-a16a-ecd1bcb446b6-GrpcLogAppender: Wait interrupted by java.lang.InterruptedException
2024-05-12 17:46:40,888 [grpc-default-executor-15] INFO  server.GrpcServerProtocolService (GrpcServerProtocolService.java:onCompleted(157)) - d0e7fafe-f667-41fb-a16a-ecd1bcb446b6: Completed APPEND_ENTRIES, lastRequest: 89a6d998-d419-473a-a6ed-8243f7f30d05->d0e7fafe-f667-41fb-a16a-ecd1bcb446b6#1-t1,previous=(t:0, i:0),leaderCommit=-1,initializing? false,entries: size=1, first=(t:1, i:0), CONFIGURATIONENTRY(current:id: "d0e7fafe-f667-41fb-a16a-ecd1bcb446b6"
address: "127.0.0.1:15308"
dataStreamAddress: "127.0.0.1:15309"
clientAddress: "127.0.0.1:15306"
adminAddress: "127.0.0.1:15307"
startupRole: FOLLOWER
,id: "b7336ce2-a724-4c4a-8025-d323d27fa237"
address: "127.0.0.1:15317"
dataStreamAddress: "127.0.0.1:15318"
clientAddress: "127.0.0.1:15315"
adminAddress: "127.0.0.1:15316"
startupRole: FOLLOWER
,id: "89a6d998-d419-473a-a6ed-8243f7f30d05"
address: "127.0.0.1:15326"
priority: 1
dataStreamAddress: "127.0.0.1:15327"
clientAddress: "127.0.0.1:15324"
adminAddress: "127.0.0.1:15325"
startupRole: FOLLOWER
, old:)
2024-05-12 17:46:40,888 [grpc-default-executor-15] INFO  server.GrpcServerProtocolService (GrpcServerProtocolService.java:lambda$onCompleted$5(159)) - d0e7fafe-f667-41fb-a16a-ecd1bcb446b6: Completed APPEND_ENTRIES, lastReply: null
2024-05-12 17:46:40,888 [grpc-default-executor-12] INFO  server.GrpcLogAppender (GrpcLogAppender.java:onCompleted(546)) - 89a6d998-d419-473a-a6ed-8243f7f30d05@group-427D53FA2E43->d0e7fafe-f667-41fb-a16a-ecd1bcb446b6-AppendLogResponseHandler: follower responses appendEntries COMPLETED
2024-05-12 17:46:40,888 [89a6d998-d419-473a-a6ed-8243f7f30d05@group-4DEECBE98265-StateMachineUpdater] INFO  ratis.ContainerStateMachine (ContainerStateMachine.java:takeSnapshot(366)) - group-4DEECBE98265: Finished taking a snapshot at:(t:1, i:4) file:/home/runner/work/ozone/ozone/hadoop-ozone/integration-test/target/test-dir/MiniOzoneClusterImpl-71ef5771-1bca-432b-8888-38dc3c8d5d63/ozone-meta/datanode-3/ratis/fe447605-f0fa-43ae-a4cb-4deecbe98265/sm/snapshot.1_4 took: 4 ms
2024-05-12 17:46:40,888 [89a6d998-d419-473a-a6ed-8243f7f30d05@group-4DEECBE98265-StateMachineUpdater] INFO  impl.StateMachineUpdater (StateMachineUpdater.java:takeSnapshot(295)) - 89a6d998-d419-473a-a6ed-8243f7f30d05@group-4DEECBE98265-StateMachineUpdater: Took a snapshot at index 4
2024-05-12 17:46:40,887 [ForkJoinPool.commonPool-worker-9] INFO  ozoneimpl.OzoneContainer (OzoneContainer.java:stop(481)) - Attempting to stop container services.
2024-05-12 17:46:40,888 [ContainerMetadataScanner] WARN  ozoneimpl.AbstractBackgroundContainerScanner (AbstractBackgroundContainerScanner.java:handleRemainingSleep(134)) - Background container scan was interrupted.
2024-05-12 17:46:40,888 [ContainerMetadataScanner] INFO  ozoneimpl.AbstractBackgroundContainerScanner (AbstractBackgroundContainerScanner.java:run(61)) - Thread[ContainerMetadataScanner,5,main] exiting.
2024-05-12 17:46:40,886 [b7336ce2-a724-4c4a-8025-d323d27fa237@group-4DEECBE98265-StateMachineUpdater] INFO  ratis.ContainerStateMachine (ContainerStateMachine.java:takeSnapshot(366)) - group-4DEECBE98265: Finished taking a snapshot at:(t:1, i:4) file:/home/runner/work/ozone/ozone/hadoop-ozone/integration-test/target/test-dir/MiniOzoneClusterImpl-71ef5771-1bca-432b-8888-38dc3c8d5d63/ozone-meta/datanode-2/ratis/fe447605-f0fa-43ae-a4cb-4deecbe98265/sm/snapshot.1_4 took: 9 ms
2024-05-12 17:46:40,888 [b7336ce2-a724-4c4a-8025-d323d27fa237@group-4DEECBE98265-StateMachineUpdater] INFO  impl.StateMachineUpdater (StateMachineUpdater.java:takeSnapshot(295)) - b7336ce2-a724-4c4a-8025-d323d27fa237@group-4DEECBE98265-StateMachineUpdater: Took a snapshot at index 4
2024-05-12 17:46:40,888 [b7336ce2-a724-4c4a-8025-d323d27fa237@group-4DEECBE98265-StateMachineUpdater] INFO  impl.StateMachineUpdater (StateMachineUpdater.java:lambda$new$0(98)) - b7336ce2-a724-4c4a-8025-d323d27fa237@group-4DEECBE98265-StateMachineUpdater: snapshotIndex: updateIncreasingly -1 -> 4
2024-05-12 17:46:40,886 [89a6d998-d419-473a-a6ed-8243f7f30d05@group-D817E67D8269-StateMachineUpdater] INFO  ratis.ContainerStateMachine (ContainerStateMachine.java:takeSnapshot(366)) - group-D817E67D8269: Finished taking a snapshot at:(t:1, i:0) file:/home/runner/work/ozone/ozone/hadoop-ozone/integration-test/target/test-dir/MiniOzoneClusterImpl-71ef5771-1bca-432b-8888-38dc3c8d5d63/ozone-meta/datanode-3/ratis/a64bc78e-2fed-4714-aa9a-d817e67d8269/sm/snapshot.1_0 took: 1 ms
2024-05-12 17:46:40,886 [d999a49d-42de-484c-a75f-ffa132e9c3a5-impl-thread2] INFO  server.RaftServer$Division (ServerState.java:close(427)) - d999a49d-42de-484c-a75f-ffa132e9c3a5@group-7FE7C0D455A4: applyIndex: 0
2024-05-12 17:46:40,889 [89a6d998-d419-473a-a6ed-8243f7f30d05@group-D817E67D8269-StateMachineUpdater] INFO  impl.StateMachineUpdater (StateMachineUpdater.java:takeSnapshot(295)) - 89a6d998-d419-473a-a6ed-8243f7f30d05@group-D817E67D8269-StateMachineUpdater: Took a snapshot at index 0
2024-05-12 17:46:40,889 [89a6d998-d419-473a-a6ed-8243f7f30d05@group-D817E67D8269-StateMachineUpdater] INFO  impl.StateMachineUpdater (StateMachineUpdater.java:lambda$new$0(98)) - 89a6d998-d419-473a-a6ed-8243f7f30d05@group-D817E67D8269-StateMachineUpdater: snapshotIndex: updateIncreasingly -1 -> 0
2024-05-12 17:46:40,889 [b7336ce2-a724-4c4a-8025-d323d27fa237-impl-thread3] INFO  server.RaftServer$Division (ServerState.java:close(427)) - b7336ce2-a724-4c4a-8025-d323d27fa237@group-4DEECBE98265: applyIndex: 4
2024-05-12 17:46:40,888 [89a6d998-d419-473a-a6ed-8243f7f30d05@group-4DEECBE98265-StateMachineUpdater] INFO  impl.StateMachineUpdater (StateMachineUpdater.java:lambda$new$0(98)) - 89a6d998-d419-473a-a6ed-8243f7f30d05@group-4DEECBE98265-StateMachineUpdater: snapshotIndex: updateIncreasingly -1 -> 4
2024-05-12 17:46:40,889 [d999a49d-42de-484c-a75f-ffa132e9c3a5@group-7FE7C0D455A4-cacheEviction-AwaitToRun] INFO  util.AwaitToRun (AwaitToRun.java:run(49)) - d999a49d-42de-484c-a75f-ffa132e9c3a5@group-7FE7C0D455A4-cacheEviction-AwaitToRun-AwaitForSignal is interrupted
2024-05-12 17:46:40,889 [89a6d998-d419-473a-a6ed-8243f7f30d05-impl-thread2] INFO  server.RaftServer$Division (ServerState.java:close(427)) - 89a6d998-d419-473a-a6ed-8243f7f30d05@group-D817E67D8269: applyIndex: 0
2024-05-12 17:46:40,889 [b7336ce2-a724-4c4a-8025-d323d27fa237@group-4DEECBE98265-cacheEviction-AwaitToRun] INFO  util.AwaitToRun (AwaitToRun.java:run(49)) - b7336ce2-a724-4c4a-8025-d323d27fa237@group-4DEECBE98265-cacheEviction-AwaitToRun-AwaitForSignal is interrupted
2024-05-12 17:46:40,889 [ForkJoinPool.commonPool-worker-9] INFO  ozoneimpl.BackgroundContainerDataScanner (BackgroundContainerDataScanner.java:shutdown(141)) - ContainerDataScanner(/home/runner/work/ozone/ozone/hadoop-ozone/integration-test/target/test-dir/MiniOzoneClusterImpl-71ef5771-1bca-432b-8888-38dc3c8d5d63/ozone-meta/datanode-1/data-0/hdds) is shutting down. 
2024-05-12 17:46:40,889 [89a6d998-d419-473a-a6ed-8243f7f30d05@group-427D53FA2E43->b7336ce2-a724-4c4a-8025-d323d27fa237-GrpcLogAppender-LogAppenderDaemon] WARN  server.GrpcLogAppender (GrpcLogAppender.java:mayWait(289)) - 89a6d998-d419-473a-a6ed-8243f7f30d05@group-427D53FA2E43->b7336ce2-a724-4c4a-8025-d323d27fa237-GrpcLogAppender: Wait interrupted by java.lang.InterruptedException
2024-05-12 17:46:40,889 [89a6d998-d419-473a-a6ed-8243f7f30d05-impl-thread3] INFO  server.RaftServer$Division (ServerState.java:close(427)) - 89a6d998-d419-473a-a6ed-8243f7f30d05@group-4DEECBE98265: applyIndex: 4
2024-05-12 17:46:40,889 [89a6d998-d419-473a-a6ed-8243f7f30d05@group-D817E67D8269-cacheEviction-AwaitToRun] INFO  util.AwaitToRun (AwaitToRun.java:run(49)) - 89a6d998-d419-473a-a6ed-8243f7f30d05@group-D817E67D8269-cacheEviction-AwaitToRun-AwaitForSignal is interrupted
2024-05-12 17:46:40,890 [ContainerDataScanner(/home/runner/work/ozone/ozone/hadoop-ozone/integration-test/target/test-dir/MiniOzoneClusterImpl-71ef5771-1bca-432b-8888-38dc3c8d5d63/ozone-meta/datanode-1/data-0/hdds)] WARN  ozoneimpl.AbstractBackgroundContainerScanner (AbstractBackgroundContainerScanner.java:handleRemainingSleep(134)) - Background container scan was interrupted.
2024-05-12 17:46:40,890 [ContainerDataScanner(/home/runner/work/ozone/ozone/hadoop-ozone/integration-test/target/test-dir/MiniOzoneClusterImpl-71ef5771-1bca-432b-8888-38dc3c8d5d63/ozone-meta/datanode-1/data-0/hdds)] INFO  ozoneimpl.AbstractBackgroundContainerScanner (AbstractBackgroundContainerScanner.java:run(61)) - ContainerDataScanner(/home/runner/work/ozone/ozone/hadoop-ozone/integration-test/target/test-dir/MiniOzoneClusterImpl-71ef5771-1bca-432b-8888-38dc3c8d5d63/ozone-meta/datanode-1/data-0/hdds, DS-022786f3-a330-4083-ad03-82fba0a20d5b) exiting.
2024-05-12 17:46:40,889 [89a6d998-d419-473a-a6ed-8243f7f30d05-impl-thread4] INFO  impl.PendingRequests (PendingRequests.java:sendNotLeaderResponses(289)) - 89a6d998-d419-473a-a6ed-8243f7f30d05@group-427D53FA2E43-PendingRequests: sendNotLeaderResponses
2024-05-12 17:46:40,890 [89a6d998-d419-473a-a6ed-8243f7f30d05@group-4DEECBE98265-cacheEviction-AwaitToRun] INFO  util.AwaitToRun (AwaitToRun.java:run(49)) - 89a6d998-d419-473a-a6ed-8243f7f30d05@group-4DEECBE98265-cacheEviction-AwaitToRun-AwaitForSignal is interrupted
2024-05-12 17:46:40,890 [ForkJoinPool.commonPool-worker-9] INFO  server.RaftServer (RaftServerProxy.java:lambda$close$9(416)) - d0e7fafe-f667-41fb-a16a-ecd1bcb446b6: close
2024-05-12 17:46:40,890 [89a6d998-d419-473a-a6ed-8243f7f30d05-impl-thread4] INFO  impl.StateMachineUpdater (StateMachineUpdater.java:stopAndJoin(157)) - 89a6d998-d419-473a-a6ed-8243f7f30d05@group-427D53FA2E43-StateMachineUpdater: set stopIndex = 0
2024-05-12 17:46:40,890 [89a6d998-d419-473a-a6ed-8243f7f30d05@group-427D53FA2E43-StateMachineUpdater] INFO  ratis.ContainerStateMachine (ContainerStateMachine.java:takeSnapshot(355)) - group-427D53FA2E43: Taking a snapshot at:(t:1, i:0) file /home/runner/work/ozone/ozone/hadoop-ozone/integration-test/target/test-dir/MiniOzoneClusterImpl-71ef5771-1bca-432b-8888-38dc3c8d5d63/ozone-meta/datanode-3/ratis/8e046cd9-2b7e-4505-b18c-427d53fa2e43/sm/snapshot.1_0
2024-05-12 17:46:40,891 [89a6d998-d419-473a-a6ed-8243f7f30d05@group-427D53FA2E43-StateMachineUpdater] INFO  ratis.ContainerStateMachine (ContainerStateMachine.java:takeSnapshot(366)) - group-427D53FA2E43: Finished taking a snapshot at:(t:1, i:0) file:/home/runner/work/ozone/ozone/hadoop-ozone/integration-test/target/test-dir/MiniOzoneClusterImpl-71ef5771-1bca-432b-8888-38dc3c8d5d63/ozone-meta/datanode-3/ratis/8e046cd9-2b7e-4505-b18c-427d53fa2e43/sm/snapshot.1_0 took: 1 ms
2024-05-12 17:46:40,891 [89a6d998-d419-473a-a6ed-8243f7f30d05@group-427D53FA2E43-StateMachineUpdater] INFO  impl.StateMachineUpdater (StateMachineUpdater.java:takeSnapshot(295)) - 89a6d998-d419-473a-a6ed-8243f7f30d05@group-427D53FA2E43-StateMachineUpdater: Took a snapshot at index 0
2024-05-12 17:46:40,891 [89a6d998-d419-473a-a6ed-8243f7f30d05@group-427D53FA2E43-StateMachineUpdater] INFO  impl.StateMachineUpdater (StateMachineUpdater.java:lambda$new$0(98)) - 89a6d998-d419-473a-a6ed-8243f7f30d05@group-427D53FA2E43-StateMachineUpdater: snapshotIndex: updateIncreasingly -1 -> 0
2024-05-12 17:46:40,891 [89a6d998-d419-473a-a6ed-8243f7f30d05-impl-thread4] INFO  server.RaftServer$Division (ServerState.java:close(427)) - 89a6d998-d419-473a-a6ed-8243f7f30d05@group-427D53FA2E43: applyIndex: 0
2024-05-12 17:46:40,891 [89a6d998-d419-473a-a6ed-8243f7f30d05@group-427D53FA2E43-cacheEviction-AwaitToRun] INFO  util.AwaitToRun (AwaitToRun.java:run(49)) - 89a6d998-d419-473a-a6ed-8243f7f30d05@group-427D53FA2E43-cacheEviction-AwaitToRun-AwaitForSignal is interrupted
2024-05-12 17:46:40,893 [grpc-default-executor-13] INFO  server.GrpcServerProtocolService (GrpcServerProtocolService.java:onCompleted(157)) - d0e7fafe-f667-41fb-a16a-ecd1bcb446b6: Completed APPEND_ENTRIES, lastRequest: null
2024-05-12 17:46:40,893 [grpc-default-executor-13] INFO  server.GrpcServerProtocolService (GrpcServerProtocolService.java:lambda$onCompleted$5(159)) - d0e7fafe-f667-41fb-a16a-ecd1bcb446b6: Completed APPEND_ENTRIES, lastReply: serverReply {
  requestorId: "89a6d998-d419-473a-a6ed-8243f7f30d05"
  replyId: "d0e7fafe-f667-41fb-a16a-ecd1bcb446b6"
  raftGroupId {
    id: "\216\004l\331+~E\005\261\214B}S\372.C"
  }
  callId: 609
  success: true
}
term: 1
nextIndex: 1
matchIndex: 18446744073709551615
isHearbeat: true

2024-05-12 17:46:40,893 [grpc-default-executor-14] INFO  server.GrpcLogAppender (GrpcLogAppender.java:onCompleted(546)) - d999a49d-42de-484c-a75f-ffa132e9c3a5@group-EE852451A390->2ef8d649-4864-4b9a-81a6-122cf2174905-AppendLogResponseHandler: follower responses appendEntries COMPLETED
2024-05-12 17:46:40,893 [grpc-default-executor-14] WARN  server.GrpcLogAppender (GrpcLogAppender.java:resetClient(226)) - d999a49d-42de-484c-a75f-ffa132e9c3a5@group-EE852451A390->2ef8d649-4864-4b9a-81a6-122cf2174905-GrpcLogAppender: Failed to getClient for 2ef8d649-4864-4b9a-81a6-122cf2174905
org.apache.ratis.protocol.exceptions.AlreadyClosedException: d999a49d-42de-484c-a75f-ffa132e9c3a5 is already CLOSED
	at org.apache.ratis.util.PeerProxyMap$PeerAndProxy.getProxy(PeerProxyMap.java:65)
	at org.apache.ratis.util.PeerProxyMap.getProxy(PeerProxyMap.java:114)
	at org.apache.ratis.grpc.server.GrpcLogAppender.getClient(GrpcLogAppender.java:196)
	at org.apache.ratis.grpc.server.GrpcLogAppender.resetClient(GrpcLogAppender.java:201)
	at org.apache.ratis.grpc.server.GrpcLogAppender.access$800(GrpcLogAppender.java:62)
	at org.apache.ratis.grpc.server.GrpcLogAppender$AppendLogResponseHandler.onCompleted(GrpcLogAppender.java:547)
	at org.apache.ratis.thirdparty.io.grpc.stub.ClientCalls$StreamObserverToCallListenerAdapter.onClose(ClientCalls.java:479)
	at org.apache.ratis.thirdparty.io.grpc.internal.ClientCallImpl.closeObserver(ClientCallImpl.java:567)
	at org.apache.ratis.thirdparty.io.grpc.internal.ClientCallImpl.access$300(ClientCallImpl.java:71)
	at org.apache.ratis.thirdparty.io.grpc.internal.ClientCallImpl$ClientStreamListenerImpl$1StreamClosed.runInternal(ClientCallImpl.java:735)
	at org.apache.ratis.thirdparty.io.grpc.internal.ClientCallImpl$ClientStreamListenerImpl$1StreamClosed.runInContext(ClientCallImpl.java:716)
	at org.apache.ratis.thirdparty.io.grpc.internal.ContextRunnable.run(ContextRunnable.java:37)
	at org.apache.ratis.thirdparty.io.grpc.internal.SerializingExecutor.run(SerializingExecutor.java:133)
	at java.base/java.util.concurrent.ThreadPoolExecutor.runWorker(ThreadPoolExecutor.java:1136)
	at java.base/java.util.concurrent.ThreadPoolExecutor$Worker.run(ThreadPoolExecutor.java:635)
	at java.base/java.lang.Thread.run(Thread.java:840)
2024-05-12 17:46:40,893 [grpc-default-executor-11] INFO  server.GrpcServerProtocolService (GrpcServerProtocolService.java:onCompleted(157)) - b7336ce2-a724-4c4a-8025-d323d27fa237: Completed APPEND_ENTRIES, lastRequest: null
2024-05-12 17:46:40,893 [grpc-default-executor-11] INFO  server.GrpcServerProtocolService (GrpcServerProtocolService.java:lambda$onCompleted$5(159)) - b7336ce2-a724-4c4a-8025-d323d27fa237: Completed APPEND_ENTRIES, lastReply: serverReply {
  requestorId: "89a6d998-d419-473a-a6ed-8243f7f30d05"
  replyId: "b7336ce2-a724-4c4a-8025-d323d27fa237"
  raftGroupId {
    id: "\216\004l\331+~E\005\261\214B}S\372.C"
  }
  callId: 609
  success: true
}
term: 1
nextIndex: 1
matchIndex: 18446744073709551615
isHearbeat: true

2024-05-12 17:46:40,893 [grpc-default-executor-12] INFO  server.GrpcLogAppender (GrpcLogAppender.java:onCompleted(546)) - b7336ce2-a724-4c4a-8025-d323d27fa237@group-4DEECBE98265->89a6d998-d419-473a-a6ed-8243f7f30d05-AppendLogResponseHandler: follower responses appendEntries COMPLETED
2024-05-12 17:46:40,893 [grpc-default-executor-12] WARN  server.GrpcLogAppender (GrpcLogAppender.java:resetClient(226)) - b7336ce2-a724-4c4a-8025-d323d27fa237@group-4DEECBE98265->89a6d998-d419-473a-a6ed-8243f7f30d05-GrpcLogAppender: Failed to getClient for 89a6d998-d419-473a-a6ed-8243f7f30d05
org.apache.ratis.protocol.exceptions.AlreadyClosedException: b7336ce2-a724-4c4a-8025-d323d27fa237 is already CLOSED
	at org.apache.ratis.util.PeerProxyMap$PeerAndProxy.getProxy(PeerProxyMap.java:65)
	at org.apache.ratis.util.PeerProxyMap.getProxy(PeerProxyMap.java:114)
	at org.apache.ratis.grpc.server.GrpcLogAppender.getClient(GrpcLogAppender.java:196)
	at org.apache.ratis.grpc.server.GrpcLogAppender.resetClient(GrpcLogAppender.java:201)
	at org.apache.ratis.grpc.server.GrpcLogAppender.access$800(GrpcLogAppender.java:62)
	at org.apache.ratis.grpc.server.GrpcLogAppender$AppendLogResponseHandler.onCompleted(GrpcLogAppender.java:547)
	at org.apache.ratis.thirdparty.io.grpc.stub.ClientCalls$StreamObserverToCallListenerAdapter.onClose(ClientCalls.java:479)
	at org.apache.ratis.thirdparty.io.grpc.internal.ClientCallImpl.closeObserver(ClientCallImpl.java:567)
	at org.apache.ratis.thirdparty.io.grpc.internal.ClientCallImpl.access$300(ClientCallImpl.java:71)
	at org.apache.ratis.thirdparty.io.grpc.internal.ClientCallImpl$ClientStreamListenerImpl$1StreamClosed.runInternal(ClientCallImpl.java:735)
	at org.apache.ratis.thirdparty.io.grpc.internal.ClientCallImpl$ClientStreamListenerImpl$1StreamClosed.runInContext(ClientCallImpl.java:716)
	at org.apache.ratis.thirdparty.io.grpc.internal.ContextRunnable.run(ContextRunnable.java:37)
	at org.apache.ratis.thirdparty.io.grpc.internal.SerializingExecutor.run(SerializingExecutor.java:133)
	at java.base/java.util.concurrent.ThreadPoolExecutor.runWorker(ThreadPoolExecutor.java:1136)
	at java.base/java.util.concurrent.ThreadPoolExecutor$Worker.run(ThreadPoolExecutor.java:635)
	at java.base/java.lang.Thread.run(Thread.java:840)
2024-05-12 17:46:40,893 [grpc-default-executor-15] INFO  server.GrpcServerProtocolService (GrpcServerProtocolService.java:onCompleted(157)) - b7336ce2-a724-4c4a-8025-d323d27fa237: Completed APPEND_ENTRIES, lastRequest: 89a6d998-d419-473a-a6ed-8243f7f30d05->b7336ce2-a724-4c4a-8025-d323d27fa237#1-t1,previous=(t:0, i:0),leaderCommit=-1,initializing? false,entries: size=1, first=(t:1, i:0), CONFIGURATIONENTRY(current:id: "d0e7fafe-f667-41fb-a16a-ecd1bcb446b6"
address: "127.0.0.1:15308"
dataStreamAddress: "127.0.0.1:15309"
clientAddress: "127.0.0.1:15306"
adminAddress: "127.0.0.1:15307"
startupRole: FOLLOWER
,id: "b7336ce2-a724-4c4a-8025-d323d27fa237"
address: "127.0.0.1:15317"
dataStreamAddress: "127.0.0.1:15318"
clientAddress: "127.0.0.1:15315"
adminAddress: "127.0.0.1:15316"
startupRole: FOLLOWER
,id: "89a6d998-d419-473a-a6ed-8243f7f30d05"
address: "127.0.0.1:15326"
priority: 1
dataStreamAddress: "127.0.0.1:15327"
clientAddress: "127.0.0.1:15324"
adminAddress: "127.0.0.1:15325"
startupRole: FOLLOWER
, old:)
2024-05-12 17:46:40,893 [grpc-default-executor-14] INFO  server.GrpcLogAppender (GrpcLogAppender.java:onCompleted(546)) - 89a6d998-d419-473a-a6ed-8243f7f30d05@group-427D53FA2E43->b7336ce2-a724-4c4a-8025-d323d27fa237-AppendLogResponseHandler: follower responses appendEntries COMPLETED
2024-05-12 17:46:40,894 [grpc-default-executor-15] INFO  server.GrpcServerProtocolService (GrpcServerProtocolService.java:lambda$onCompleted$5(159)) - b7336ce2-a724-4c4a-8025-d323d27fa237: Completed APPEND_ENTRIES, lastReply: null
2024-05-12 17:46:40,894 [grpc-default-executor-13] INFO  server.GrpcLogAppender (GrpcLogAppender.java:onCompleted(546)) - 89a6d998-d419-473a-a6ed-8243f7f30d05@group-427D53FA2E43->b7336ce2-a724-4c4a-8025-d323d27fa237-AppendLogResponseHandler: follower responses appendEntries COMPLETED
2024-05-12 17:46:40,894 [grpc-default-executor-15] INFO  server.GrpcLogAppender (GrpcLogAppender.java:onCompleted(546)) - 89a6d998-d419-473a-a6ed-8243f7f30d05@group-427D53FA2E43->d0e7fafe-f667-41fb-a16a-ecd1bcb446b6-AppendLogResponseHandler: follower responses appendEntries COMPLETED
2024-05-12 17:46:40,894 [ForkJoinPool.commonPool-worker-2] INFO  server.GrpcService (GrpcService.java:closeImpl(320)) - b7336ce2-a724-4c4a-8025-d323d27fa237: shutdown server org.apache.ratis.grpc.server.GrpcClientProtocolService successfully
2024-05-12 17:46:40,895 [ForkJoinPool.commonPool-worker-2] INFO  server.GrpcService (GrpcService.java:closeImpl(311)) - b7336ce2-a724-4c4a-8025-d323d27fa237: shutdown server GrpcServerProtocolService now
2024-05-12 17:46:40,895 [Thread-6598] INFO  server.GrpcServerProtocolClient (GrpcServerProtocolClient.java:close(103)) - 3523888c-df3a-4c75-876a-f320dc6c9584 Close channels
2024-05-12 17:46:40,897 [grpc-default-executor-17] INFO  server.GrpcLogAppender (GrpcLogAppender.java:onCompleted(546)) - b7336ce2-a724-4c4a-8025-d323d27fa237@group-4DEECBE98265->d0e7fafe-f667-41fb-a16a-ecd1bcb446b6-AppendLogResponseHandler: follower responses appendEntries COMPLETED
2024-05-12 17:46:40,899 [Thread-6604] INFO  server.GrpcServerProtocolClient (GrpcServerProtocolClient.java:close(103)) - b7336ce2-a724-4c4a-8025-d323d27fa237 Close channels
2024-05-12 17:46:40,899 [Thread-6602] INFO  server.GrpcServerProtocolClient (GrpcServerProtocolClient.java:close(103)) - d0e7fafe-f667-41fb-a16a-ecd1bcb446b6 Close channels
2024-05-12 17:46:40,899 [grpc-default-executor-17] WARN  server.GrpcLogAppender (GrpcLogAppender.java:resetClient(226)) - b7336ce2-a724-4c4a-8025-d323d27fa237@group-4DEECBE98265->d0e7fafe-f667-41fb-a16a-ecd1bcb446b6-GrpcLogAppender: Failed to getClient for d0e7fafe-f667-41fb-a16a-ecd1bcb446b6
org.apache.ratis.protocol.exceptions.AlreadyClosedException: b7336ce2-a724-4c4a-8025-d323d27fa237 is already CLOSED
	at org.apache.ratis.util.PeerProxyMap$PeerAndProxy.getProxy(PeerProxyMap.java:65)
	at org.apache.ratis.util.PeerProxyMap.getProxy(PeerProxyMap.java:114)
	at org.apache.ratis.grpc.server.GrpcLogAppender.getClient(GrpcLogAppender.java:196)
	at org.apache.ratis.grpc.server.GrpcLogAppender.resetClient(GrpcLogAppender.java:201)
	at org.apache.ratis.grpc.server.GrpcLogAppender.access$800(GrpcLogAppender.java:62)
	at org.apache.ratis.grpc.server.GrpcLogAppender$AppendLogResponseHandler.onCompleted(GrpcLogAppender.java:547)
	at org.apache.ratis.thirdparty.io.grpc.stub.ClientCalls$StreamObserverToCallListenerAdapter.onClose(ClientCalls.java:479)
	at org.apache.ratis.thirdparty.io.grpc.internal.DelayedClientCall$DelayedListener$3.run(DelayedClientCall.java:489)
	at org.apache.ratis.thirdparty.io.grpc.internal.DelayedClientCall$DelayedListener.delayOrExecute(DelayedClientCall.java:453)
	at org.apache.ratis.thirdparty.io.grpc.internal.DelayedClientCall$DelayedListener.onClose(DelayedClientCall.java:486)
	at org.apache.ratis.thirdparty.io.grpc.internal.ClientCallImpl.closeObserver(ClientCallImpl.java:567)
	at org.apache.ratis.thirdparty.io.grpc.internal.ClientCallImpl.access$300(ClientCallImpl.java:71)
	at org.apache.ratis.thirdparty.io.grpc.internal.ClientCallImpl$ClientStreamListenerImpl$1StreamClosed.runInternal(ClientCallImpl.java:735)
	at org.apache.ratis.thirdparty.io.grpc.internal.ClientCallImpl$ClientStreamListenerImpl$1StreamClosed.runInContext(ClientCallImpl.java:716)
	at org.apache.ratis.thirdparty.io.grpc.internal.ContextRunnable.run(ContextRunnable.java:37)
	at org.apache.ratis.thirdparty.io.grpc.internal.SerializingExecutor.run(SerializingExecutor.java:133)
	at java.base/java.util.concurrent.ThreadPoolExecutor.runWorker(ThreadPoolExecutor.java:1136)
	at java.base/java.util.concurrent.ThreadPoolExecutor$Worker.run(ThreadPoolExecutor.java:635)
	at java.base/java.lang.Thread.run(Thread.java:840)
2024-05-12 17:46:40,900 [ForkJoinPool.commonPool-worker-11] INFO  ozoneimpl.OzoneContainer (OzoneContainer.java:stop(481)) - Attempting to stop container services.
2024-05-12 17:46:40,900 [ContainerMetadataScanner] WARN  ozoneimpl.AbstractBackgroundContainerScanner (AbstractBackgroundContainerScanner.java:handleRemainingSleep(134)) - Background container scan was interrupted.
2024-05-12 17:46:40,900 [ContainerMetadataScanner] INFO  ozoneimpl.AbstractBackgroundContainerScanner (AbstractBackgroundContainerScanner.java:run(61)) - Thread[ContainerMetadataScanner,5,main] exiting.
2024-05-12 17:46:40,900 [ForkJoinPool.commonPool-worker-11] INFO  ozoneimpl.BackgroundContainerDataScanner (BackgroundContainerDataScanner.java:shutdown(141)) - ContainerDataScanner(/home/runner/work/ozone/ozone/hadoop-ozone/integration-test/target/test-dir/MiniOzoneClusterImpl-71ef5771-1bca-432b-8888-38dc3c8d5d63/ozone-meta/datanode-4/data-0/hdds) is shutting down. 
2024-05-12 17:46:40,900 [ContainerDataScanner(/home/runner/work/ozone/ozone/hadoop-ozone/integration-test/target/test-dir/MiniOzoneClusterImpl-71ef5771-1bca-432b-8888-38dc3c8d5d63/ozone-meta/datanode-4/data-0/hdds)] WARN  ozoneimpl.AbstractBackgroundContainerScanner (AbstractBackgroundContainerScanner.java:handleRemainingSleep(134)) - Background container scan was interrupted.
2024-05-12 17:46:40,901 [ContainerDataScanner(/home/runner/work/ozone/ozone/hadoop-ozone/integration-test/target/test-dir/MiniOzoneClusterImpl-71ef5771-1bca-432b-8888-38dc3c8d5d63/ozone-meta/datanode-4/data-0/hdds)] INFO  ozoneimpl.AbstractBackgroundContainerScanner (AbstractBackgroundContainerScanner.java:run(61)) - ContainerDataScanner(/home/runner/work/ozone/ozone/hadoop-ozone/integration-test/target/test-dir/MiniOzoneClusterImpl-71ef5771-1bca-432b-8888-38dc3c8d5d63/ozone-meta/datanode-4/data-0/hdds, DS-bc911a75-08a8-46e6-b4ec-711ed4d0cd08) exiting.
2024-05-12 17:46:40,901 [ForkJoinPool.commonPool-worker-11] INFO  server.RaftServer (RaftServerProxy.java:lambda$close$9(416)) - 3523888c-df3a-4c75-876a-f320dc6c9584: close
2024-05-12 17:46:40,900 [Thread-6597] INFO  server.GrpcServerProtocolClient (GrpcServerProtocolClient.java:close(103)) - d999a49d-42de-484c-a75f-ffa132e9c3a5 Close channels
2024-05-12 17:46:40,901 [ForkJoinPool.commonPool-worker-7] INFO  server.GrpcService (GrpcService.java:closeImpl(320)) - 89a6d998-d419-473a-a6ed-8243f7f30d05: shutdown server org.apache.ratis.grpc.server.GrpcClientProtocolService successfully
2024-05-12 17:46:40,901 [ForkJoinPool.commonPool-worker-7] INFO  server.GrpcService (GrpcService.java:closeImpl(311)) - 89a6d998-d419-473a-a6ed-8243f7f30d05: shutdown server GrpcServerProtocolService now
2024-05-12 17:46:40,902 [ForkJoinPool.commonPool-worker-8] INFO  server.GrpcService (GrpcService.java:closeImpl(320)) - d999a49d-42de-484c-a75f-ffa132e9c3a5: shutdown server org.apache.ratis.grpc.server.GrpcClientProtocolService successfully
2024-05-12 17:46:40,902 [ForkJoinPool.commonPool-worker-8] INFO  server.GrpcService (GrpcService.java:closeImpl(311)) - d999a49d-42de-484c-a75f-ffa132e9c3a5: shutdown server GrpcServerProtocolService now
2024-05-12 17:46:40,903 [grpc-default-executor-11] WARN  server.GrpcServerProtocolService (LogUtils.java:warn(121)) - d999a49d-42de-484c-a75f-ffa132e9c3a5: APPEND_ENTRIES onError, lastRequest: null: org.apache.ratis.thirdparty.io.grpc.StatusRuntimeException: CANCELLED: client cancelled
2024-05-12 17:46:40,903 [grpc-default-executor-11] WARN  server.GrpcLogAppender (LogUtils.java:warn(121)) - 3523888c-df3a-4c75-876a-f320dc6c9584@group-F7FC422C7F28->d999a49d-42de-484c-a75f-ffa132e9c3a5-AppendLogResponseHandler: Failed appendEntries: org.apache.ratis.thirdparty.io.grpc.StatusRuntimeException: CANCELLED: RST_STREAM closed stream. HTTP/2 error code: CANCEL
2024-05-12 17:46:40,903 [grpc-default-executor-11] WARN  server.GrpcLogAppender (GrpcLogAppender.java:lambda$resetClient$1(217)) - 3523888c-df3a-4c75-876a-f320dc6c9584@group-F7FC422C7F28->d999a49d-42de-484c-a75f-ffa132e9c3a5-GrpcLogAppender: Follower failed (request=null, errorCount=1); keep nextIndex (1) unchanged and retry.
2024-05-12 17:46:40,904 [grpc-default-executor-18] WARN  server.GrpcServerProtocolService (LogUtils.java:warn(121)) - d999a49d-42de-484c-a75f-ffa132e9c3a5: APPEND_ENTRIES onError, lastRequest: 3523888c-df3a-4c75-876a-f320dc6c9584->d999a49d-42de-484c-a75f-ffa132e9c3a5#1-t1,previous=(t:0, i:0),leaderCommit=-1,initializing? false,entries: size=1, first=(t:1, i:0), CONFIGURATIONENTRY(current:id: "d999a49d-42de-484c-a75f-ffa132e9c3a5"
address: "127.0.0.1:15344"
dataStreamAddress: "127.0.0.1:15345"
clientAddress: "127.0.0.1:15342"
adminAddress: "127.0.0.1:15343"
startupRole: FOLLOWER
,id: "2ef8d649-4864-4b9a-81a6-122cf2174905"
address: "127.0.0.1:15353"
dataStreamAddress: "127.0.0.1:15354"
clientAddress: "127.0.0.1:15351"
adminAddress: "127.0.0.1:15352"
startupRole: FOLLOWER
,id: "3523888c-df3a-4c75-876a-f320dc6c9584"
address: "127.0.0.1:15335"
priority: 1
dataStreamAddress: "127.0.0.1:15336"
clientAddress: "127.0.0.1:15333"
adminAddress: "127.0.0.1:15334"
startupRole: FOLLOWER
, old:): org.apache.ratis.thirdparty.io.grpc.StatusRuntimeException: CANCELLED: client cancelled
2024-05-12 17:46:40,904 [ForkJoinPool.commonPool-worker-10] INFO  ozoneimpl.OzoneContainer (OzoneContainer.java:stop(481)) - Attempting to stop container services.
2024-05-12 17:46:40,904 [ContainerMetadataScanner] WARN  ozoneimpl.AbstractBackgroundContainerScanner (AbstractBackgroundContainerScanner.java:handleRemainingSleep(134)) - Background container scan was interrupted.
2024-05-12 17:46:40,904 [ContainerMetadataScanner] INFO  ozoneimpl.AbstractBackgroundContainerScanner (AbstractBackgroundContainerScanner.java:run(61)) - Thread[ContainerMetadataScanner,5,main] exiting.
2024-05-12 17:46:40,904 [ForkJoinPool.commonPool-worker-10] INFO  ozoneimpl.BackgroundContainerDataScanner (BackgroundContainerDataScanner.java:shutdown(141)) - ContainerDataScanner(/home/runner/work/ozone/ozone/hadoop-ozone/integration-test/target/test-dir/MiniOzoneClusterImpl-71ef5771-1bca-432b-8888-38dc3c8d5d63/ozone-meta/datanode-10/data-0/hdds) is shutting down. 
2024-05-12 17:46:40,904 [ContainerDataScanner(/home/runner/work/ozone/ozone/hadoop-ozone/integration-test/target/test-dir/MiniOzoneClusterImpl-71ef5771-1bca-432b-8888-38dc3c8d5d63/ozone-meta/datanode-10/data-0/hdds)] WARN  ozoneimpl.AbstractBackgroundContainerScanner (AbstractBackgroundContainerScanner.java:handleRemainingSleep(134)) - Background container scan was interrupted.
2024-05-12 17:46:40,904 [ContainerDataScanner(/home/runner/work/ozone/ozone/hadoop-ozone/integration-test/target/test-dir/MiniOzoneClusterImpl-71ef5771-1bca-432b-8888-38dc3c8d5d63/ozone-meta/datanode-10/data-0/hdds)] INFO  ozoneimpl.AbstractBackgroundContainerScanner (AbstractBackgroundContainerScanner.java:run(61)) - ContainerDataScanner(/home/runner/work/ozone/ozone/hadoop-ozone/integration-test/target/test-dir/MiniOzoneClusterImpl-71ef5771-1bca-432b-8888-38dc3c8d5d63/ozone-meta/datanode-10/data-0/hdds, DS-521af26a-43fe-470d-a4f0-2cdb7e20903c) exiting.
2024-05-12 17:46:40,905 [ForkJoinPool.commonPool-worker-10] INFO  server.RaftServer (RaftServerProxy.java:lambda$close$9(416)) - a33fd443-9c01-43ff-9618-b7376da7e75d: close
2024-05-12 17:46:40,908 [ForkJoinPool.commonPool-worker-2] INFO  server.GrpcService (GrpcService.java:closeImpl(320)) - b7336ce2-a724-4c4a-8025-d323d27fa237: shutdown server GrpcServerProtocolService successfully
2024-05-12 17:46:40,908 [ForkJoinPool.commonPool-worker-2] INFO  server.GrpcService (GrpcService.java:closeImpl(311)) - b7336ce2-a724-4c4a-8025-d323d27fa237: shutdown server org.apache.ratis.grpc.server.GrpcAdminProtocolService now
2024-05-12 17:46:40,909 [Thread-6616] INFO  server.GrpcServerProtocolClient (GrpcServerProtocolClient.java:close(103)) - 3523888c-df3a-4c75-876a-f320dc6c9584 Close channels
2024-05-12 17:46:40,909 [3523888c-df3a-4c75-876a-f320dc6c9584-impl-thread2] INFO  server.RaftServer$Division (RaftServerImpl.java:lambda$close$3(526)) - 3523888c-df3a-4c75-876a-f320dc6c9584@group-EE852451A390: shutdown
2024-05-12 17:46:40,910 [3523888c-df3a-4c75-876a-f320dc6c9584-impl-thread2] INFO  util.JmxRegister (JmxRegister.java:unregister(73)) - Successfully un-registered JMX Bean with object name Ratis:service=RaftServer,group=group-EE852451A390,id=3523888c-df3a-4c75-876a-f320dc6c9584
2024-05-12 17:46:40,910 [3523888c-df3a-4c75-876a-f320dc6c9584-impl-thread2] INFO  impl.RoleInfo (RoleInfo.java:shutdownFollowerState(110)) - 3523888c-df3a-4c75-876a-f320dc6c9584: shutdown 3523888c-df3a-4c75-876a-f320dc6c9584@group-EE852451A390-FollowerState
2024-05-12 17:46:40,910 [3523888c-df3a-4c75-876a-f320dc6c9584@group-EE852451A390-FollowerState] INFO  impl.FollowerState (FollowerState.java:run(152)) - 3523888c-df3a-4c75-876a-f320dc6c9584@group-EE852451A390-FollowerState was interrupted
2024-05-12 17:46:40,910 [3523888c-df3a-4c75-876a-f320dc6c9584-impl-thread2] INFO  impl.StateMachineUpdater (StateMachineUpdater.java:stopAndJoin(157)) - 3523888c-df3a-4c75-876a-f320dc6c9584@group-EE852451A390-StateMachineUpdater: set stopIndex = 0
2024-05-12 17:46:40,910 [3523888c-df3a-4c75-876a-f320dc6c9584@group-EE852451A390-StateMachineUpdater] INFO  ratis.ContainerStateMachine (ContainerStateMachine.java:takeSnapshot(355)) - group-EE852451A390: Taking a snapshot at:(t:1, i:0) file /home/runner/work/ozone/ozone/hadoop-ozone/integration-test/target/test-dir/MiniOzoneClusterImpl-71ef5771-1bca-432b-8888-38dc3c8d5d63/ozone-meta/datanode-4/ratis/be042fe2-0951-454f-affe-ee852451a390/sm/snapshot.1_0
2024-05-12 17:46:40,910 [main] INFO  server.GrpcService (GrpcService.java:closeImpl(320)) - 2ef8d649-4864-4b9a-81a6-122cf2174905: shutdown server org.apache.ratis.grpc.server.GrpcClientProtocolService successfully
2024-05-12 17:46:40,910 [main] INFO  server.GrpcService (GrpcService.java:closeImpl(311)) - 2ef8d649-4864-4b9a-81a6-122cf2174905: shutdown server GrpcServerProtocolService now
2024-05-12 17:46:40,910 [3523888c-df3a-4c75-876a-f320dc6c9584@group-EE852451A390-StateMachineUpdater] INFO  ratis.ContainerStateMachine (ContainerStateMachine.java:takeSnapshot(366)) - group-EE852451A390: Finished taking a snapshot at:(t:1, i:0) file:/home/runner/work/ozone/ozone/hadoop-ozone/integration-test/target/test-dir/MiniOzoneClusterImpl-71ef5771-1bca-432b-8888-38dc3c8d5d63/ozone-meta/datanode-4/ratis/be042fe2-0951-454f-affe-ee852451a390/sm/snapshot.1_0 took: 1 ms
2024-05-12 17:46:40,911 [3523888c-df3a-4c75-876a-f320dc6c9584@group-EE852451A390-StateMachineUpdater] INFO  impl.StateMachineUpdater (StateMachineUpdater.java:takeSnapshot(295)) - 3523888c-df3a-4c75-876a-f320dc6c9584@group-EE852451A390-StateMachineUpdater: Took a snapshot at index 0
2024-05-12 17:46:40,911 [3523888c-df3a-4c75-876a-f320dc6c9584@group-EE852451A390-StateMachineUpdater] INFO  impl.StateMachineUpdater (StateMachineUpdater.java:lambda$new$0(98)) - 3523888c-df3a-4c75-876a-f320dc6c9584@group-EE852451A390-StateMachineUpdater: snapshotIndex: updateIncreasingly -1 -> 0
2024-05-12 17:46:40,911 [3523888c-df3a-4c75-876a-f320dc6c9584-impl-thread2] INFO  server.RaftServer$Division (ServerState.java:close(427)) - 3523888c-df3a-4c75-876a-f320dc6c9584@group-EE852451A390: applyIndex: 0
2024-05-12 17:46:40,911 [3523888c-df3a-4c75-876a-f320dc6c9584@group-EE852451A390-cacheEviction-AwaitToRun] INFO  util.AwaitToRun (AwaitToRun.java:run(49)) - 3523888c-df3a-4c75-876a-f320dc6c9584@group-EE852451A390-cacheEviction-AwaitToRun-AwaitForSignal is interrupted
2024-05-12 17:46:40,913 [grpc-default-executor-18] WARN  server.GrpcServerProtocolService (LogUtils.java:warn(121)) - 2ef8d649-4864-4b9a-81a6-122cf2174905: APPEND_ENTRIES onError, lastRequest: 3523888c-df3a-4c75-876a-f320dc6c9584->2ef8d649-4864-4b9a-81a6-122cf2174905#1-t1,previous=(t:0, i:0),leaderCommit=-1,initializing? false,entries: size=1, first=(t:1, i:0), CONFIGURATIONENTRY(current:id: "d999a49d-42de-484c-a75f-ffa132e9c3a5"
address: "127.0.0.1:15344"
dataStreamAddress: "127.0.0.1:15345"
clientAddress: "127.0.0.1:15342"
adminAddress: "127.0.0.1:15343"
startupRole: FOLLOWER
,id: "2ef8d649-4864-4b9a-81a6-122cf2174905"
address: "127.0.0.1:15353"
dataStreamAddress: "127.0.0.1:15354"
clientAddress: "127.0.0.1:15351"
adminAddress: "127.0.0.1:15352"
startupRole: FOLLOWER
,id: "3523888c-df3a-4c75-876a-f320dc6c9584"
address: "127.0.0.1:15335"
priority: 1
dataStreamAddress: "127.0.0.1:15336"
clientAddress: "127.0.0.1:15333"
adminAddress: "127.0.0.1:15334"
startupRole: FOLLOWER
, old:): org.apache.ratis.thirdparty.io.grpc.StatusRuntimeException: CANCELLED: client cancelled
2024-05-12 17:46:40,913 [grpc-default-executor-10] WARN  server.GrpcServerProtocolService (LogUtils.java:warn(121)) - 2ef8d649-4864-4b9a-81a6-122cf2174905: APPEND_ENTRIES onError, lastRequest: null: org.apache.ratis.thirdparty.io.grpc.StatusRuntimeException: CANCELLED: client cancelled
2024-05-12 17:46:40,914 [grpc-default-executor-17] WARN  server.GrpcLogAppender (LogUtils.java:warn(121)) - 3523888c-df3a-4c75-876a-f320dc6c9584@group-F7FC422C7F28->2ef8d649-4864-4b9a-81a6-122cf2174905-AppendLogResponseHandler: Failed appendEntries: org.apache.ratis.thirdparty.io.grpc.StatusRuntimeException: CANCELLED: RST_STREAM closed stream. HTTP/2 error code: CANCEL
2024-05-12 17:46:40,914 [grpc-default-executor-17] WARN  server.GrpcLogAppender (GrpcLogAppender.java:lambda$resetClient$1(217)) - 3523888c-df3a-4c75-876a-f320dc6c9584@group-F7FC422C7F28->2ef8d649-4864-4b9a-81a6-122cf2174905-GrpcLogAppender: Follower failed (request=null, errorCount=1); keep nextIndex (1) unchanged and retry.
2024-05-12 17:46:40,919 [3523888c-df3a-4c75-876a-f320dc6c9584-impl-thread3] INFO  server.RaftServer$Division (RaftServerImpl.java:lambda$close$3(526)) - 3523888c-df3a-4c75-876a-f320dc6c9584@group-B8A71AF82CEC: shutdown
2024-05-12 17:46:40,919 [3523888c-df3a-4c75-876a-f320dc6c9584-impl-thread3] INFO  util.JmxRegister (JmxRegister.java:unregister(73)) - Successfully un-registered JMX Bean with object name Ratis:service=RaftServer,group=group-B8A71AF82CEC,id=3523888c-df3a-4c75-876a-f320dc6c9584
2024-05-12 17:46:40,919 [3523888c-df3a-4c75-876a-f320dc6c9584-impl-thread3] INFO  impl.RoleInfo (RoleInfo.java:shutdownLeaderState(94)) - 3523888c-df3a-4c75-876a-f320dc6c9584: shutdown 3523888c-df3a-4c75-876a-f320dc6c9584@group-B8A71AF82CEC-LeaderStateImpl
2024-05-12 17:46:40,919 [3523888c-df3a-4c75-876a-f320dc6c9584-impl-thread3] INFO  impl.PendingRequests (PendingRequests.java:sendNotLeaderResponses(289)) - 3523888c-df3a-4c75-876a-f320dc6c9584@group-B8A71AF82CEC-PendingRequests: sendNotLeaderResponses
2024-05-12 17:46:40,919 [3523888c-df3a-4c75-876a-f320dc6c9584-impl-thread3] INFO  impl.StateMachineUpdater (StateMachineUpdater.java:stopAndJoin(157)) - 3523888c-df3a-4c75-876a-f320dc6c9584@group-B8A71AF82CEC-StateMachineUpdater: set stopIndex = 0
2024-05-12 17:46:40,919 [3523888c-df3a-4c75-876a-f320dc6c9584@group-B8A71AF82CEC-StateMachineUpdater] INFO  ratis.ContainerStateMachine (ContainerStateMachine.java:takeSnapshot(355)) - group-B8A71AF82CEC: Taking a snapshot at:(t:1, i:0) file /home/runner/work/ozone/ozone/hadoop-ozone/integration-test/target/test-dir/MiniOzoneClusterImpl-71ef5771-1bca-432b-8888-38dc3c8d5d63/ozone-meta/datanode-4/ratis/37dce997-92ce-4f65-af64-b8a71af82cec/sm/snapshot.1_0
2024-05-12 17:46:40,920 [3523888c-df3a-4c75-876a-f320dc6c9584@group-B8A71AF82CEC-StateMachineUpdater] INFO  ratis.ContainerStateMachine (ContainerStateMachine.java:takeSnapshot(366)) - group-B8A71AF82CEC: Finished taking a snapshot at:(t:1, i:0) file:/home/runner/work/ozone/ozone/hadoop-ozone/integration-test/target/test-dir/MiniOzoneClusterImpl-71ef5771-1bca-432b-8888-38dc3c8d5d63/ozone-meta/datanode-4/ratis/37dce997-92ce-4f65-af64-b8a71af82cec/sm/snapshot.1_0 took: 1 ms
2024-05-12 17:46:40,920 [3523888c-df3a-4c75-876a-f320dc6c9584@group-B8A71AF82CEC-StateMachineUpdater] INFO  impl.StateMachineUpdater (StateMachineUpdater.java:takeSnapshot(295)) - 3523888c-df3a-4c75-876a-f320dc6c9584@group-B8A71AF82CEC-StateMachineUpdater: Took a snapshot at index 0
2024-05-12 17:46:40,920 [3523888c-df3a-4c75-876a-f320dc6c9584@group-B8A71AF82CEC-StateMachineUpdater] INFO  impl.StateMachineUpdater (StateMachineUpdater.java:lambda$new$0(98)) - 3523888c-df3a-4c75-876a-f320dc6c9584@group-B8A71AF82CEC-StateMachineUpdater: snapshotIndex: updateIncreasingly -1 -> 0
2024-05-12 17:46:40,920 [3523888c-df3a-4c75-876a-f320dc6c9584-impl-thread3] INFO  server.RaftServer$Division (ServerState.java:close(427)) - 3523888c-df3a-4c75-876a-f320dc6c9584@group-B8A71AF82CEC: applyIndex: 0
2024-05-12 17:46:40,920 [3523888c-df3a-4c75-876a-f320dc6c9584@group-B8A71AF82CEC-cacheEviction-AwaitToRun] INFO  util.AwaitToRun (AwaitToRun.java:run(49)) - 3523888c-df3a-4c75-876a-f320dc6c9584@group-B8A71AF82CEC-cacheEviction-AwaitToRun-AwaitForSignal is interrupted
2024-05-12 17:46:40,924 [ForkJoinPool.commonPool-worker-8] INFO  server.GrpcService (GrpcService.java:closeImpl(320)) - d999a49d-42de-484c-a75f-ffa132e9c3a5: shutdown server GrpcServerProtocolService successfully
2024-05-12 17:46:40,924 [ForkJoinPool.commonPool-worker-8] INFO  server.GrpcService (GrpcService.java:closeImpl(311)) - d999a49d-42de-484c-a75f-ffa132e9c3a5: shutdown server org.apache.ratis.grpc.server.GrpcAdminProtocolService now
2024-05-12 17:46:40,925 [a33fd443-9c01-43ff-9618-b7376da7e75d-impl-thread2] INFO  server.RaftServer$Division (RaftServerImpl.java:lambda$close$3(526)) - a33fd443-9c01-43ff-9618-b7376da7e75d@group-6F96808B8C5E: shutdown
2024-05-12 17:46:40,925 [a33fd443-9c01-43ff-9618-b7376da7e75d-impl-thread2] INFO  util.JmxRegister (JmxRegister.java:unregister(73)) - Successfully un-registered JMX Bean with object name Ratis:service=RaftServer,group=group-6F96808B8C5E,id=a33fd443-9c01-43ff-9618-b7376da7e75d
2024-05-12 17:46:40,925 [a33fd443-9c01-43ff-9618-b7376da7e75d-impl-thread2] INFO  impl.RoleInfo (RoleInfo.java:shutdownFollowerState(110)) - a33fd443-9c01-43ff-9618-b7376da7e75d: shutdown a33fd443-9c01-43ff-9618-b7376da7e75d@group-6F96808B8C5E-FollowerState
2024-05-12 17:46:40,925 [a33fd443-9c01-43ff-9618-b7376da7e75d-impl-thread3] INFO  server.RaftServer$Division (RaftServerImpl.java:lambda$close$3(526)) - a33fd443-9c01-43ff-9618-b7376da7e75d@group-29BBA51C16D7: shutdown
2024-05-12 17:46:40,925 [a33fd443-9c01-43ff-9618-b7376da7e75d@group-6F96808B8C5E-FollowerState] INFO  impl.FollowerState (FollowerState.java:run(152)) - a33fd443-9c01-43ff-9618-b7376da7e75d@group-6F96808B8C5E-FollowerState was interrupted
2024-05-12 17:46:40,925 [a33fd443-9c01-43ff-9618-b7376da7e75d@group-6F96808B8C5E-StateMachineUpdater] INFO  ratis.ContainerStateMachine (ContainerStateMachine.java:takeSnapshot(355)) - group-6F96808B8C5E: Taking a snapshot at:(t:1, i:0) file /home/runner/work/ozone/ozone/hadoop-ozone/integration-test/target/test-dir/MiniOzoneClusterImpl-71ef5771-1bca-432b-8888-38dc3c8d5d63/ozone-meta/datanode-10/ratis/28b3b979-6b86-4294-a0ef-6f96808b8c5e/sm/snapshot.1_0
2024-05-12 17:46:40,925 [a33fd443-9c01-43ff-9618-b7376da7e75d-impl-thread2] INFO  impl.StateMachineUpdater (StateMachineUpdater.java:stopAndJoin(157)) - a33fd443-9c01-43ff-9618-b7376da7e75d@group-6F96808B8C5E-StateMachineUpdater: set stopIndex = 0
2024-05-12 17:46:40,925 [a33fd443-9c01-43ff-9618-b7376da7e75d-impl-thread3] INFO  util.JmxRegister (JmxRegister.java:unregister(73)) - Successfully un-registered JMX Bean with object name Ratis:service=RaftServer,group=group-29BBA51C16D7,id=a33fd443-9c01-43ff-9618-b7376da7e75d
2024-05-12 17:46:40,925 [a33fd443-9c01-43ff-9618-b7376da7e75d-impl-thread3] INFO  impl.RoleInfo (RoleInfo.java:shutdownLeaderState(94)) - a33fd443-9c01-43ff-9618-b7376da7e75d: shutdown a33fd443-9c01-43ff-9618-b7376da7e75d@group-29BBA51C16D7-LeaderStateImpl
2024-05-12 17:46:40,925 [a33fd443-9c01-43ff-9618-b7376da7e75d@group-29BBA51C16D7->93bda13b-2c91-401a-a9f5-fc4ebb9220da-GrpcLogAppender-LogAppenderDaemon] WARN  server.GrpcLogAppender (GrpcLogAppender.java:mayWait(289)) - a33fd443-9c01-43ff-9618-b7376da7e75d@group-29BBA51C16D7->93bda13b-2c91-401a-a9f5-fc4ebb9220da-GrpcLogAppender: Wait interrupted by java.lang.InterruptedException
2024-05-12 17:46:40,925 [a33fd443-9c01-43ff-9618-b7376da7e75d@group-29BBA51C16D7->fa054618-3a8f-49b0-93d4-5933c936b659-GrpcLogAppender-LogAppenderDaemon] WARN  server.GrpcLogAppender (GrpcLogAppender.java:mayWait(289)) - a33fd443-9c01-43ff-9618-b7376da7e75d@group-29BBA51C16D7->fa054618-3a8f-49b0-93d4-5933c936b659-GrpcLogAppender: Wait interrupted by java.lang.InterruptedException
2024-05-12 17:46:40,925 [a33fd443-9c01-43ff-9618-b7376da7e75d-impl-thread3] INFO  impl.PendingRequests (PendingRequests.java:sendNotLeaderResponses(289)) - a33fd443-9c01-43ff-9618-b7376da7e75d@group-29BBA51C16D7-PendingRequests: sendNotLeaderResponses
2024-05-12 17:46:40,926 [a33fd443-9c01-43ff-9618-b7376da7e75d@group-6F96808B8C5E-StateMachineUpdater] INFO  ratis.ContainerStateMachine (ContainerStateMachine.java:takeSnapshot(366)) - group-6F96808B8C5E: Finished taking a snapshot at:(t:1, i:0) file:/home/runner/work/ozone/ozone/hadoop-ozone/integration-test/target/test-dir/MiniOzoneClusterImpl-71ef5771-1bca-432b-8888-38dc3c8d5d63/ozone-meta/datanode-10/ratis/28b3b979-6b86-4294-a0ef-6f96808b8c5e/sm/snapshot.1_0 took: 1 ms
2024-05-12 17:46:40,926 [grpc-default-executor-17] INFO  server.GrpcServerProtocolService (GrpcServerProtocolService.java:onCompleted(157)) - fa054618-3a8f-49b0-93d4-5933c936b659: Completed APPEND_ENTRIES, lastRequest: null
2024-05-12 17:46:40,926 [a33fd443-9c01-43ff-9618-b7376da7e75d@group-6F96808B8C5E-StateMachineUpdater] INFO  impl.StateMachineUpdater (StateMachineUpdater.java:takeSnapshot(295)) - a33fd443-9c01-43ff-9618-b7376da7e75d@group-6F96808B8C5E-StateMachineUpdater: Took a snapshot at index 0
2024-05-12 17:46:40,926 [a33fd443-9c01-43ff-9618-b7376da7e75d@group-6F96808B8C5E-StateMachineUpdater] INFO  impl.StateMachineUpdater (StateMachineUpdater.java:lambda$new$0(98)) - a33fd443-9c01-43ff-9618-b7376da7e75d@group-6F96808B8C5E-StateMachineUpdater: snapshotIndex: updateIncreasingly -1 -> 0
2024-05-12 17:46:40,926 [grpc-default-executor-12] INFO  server.GrpcServerProtocolService (GrpcServerProtocolService.java:onCompleted(157)) - fa054618-3a8f-49b0-93d4-5933c936b659: Completed APPEND_ENTRIES, lastRequest: a33fd443-9c01-43ff-9618-b7376da7e75d->fa054618-3a8f-49b0-93d4-5933c936b659#1-t1,previous=(t:0, i:0),leaderCommit=-1,initializing? false,entries: size=1, first=(t:1, i:0), CONFIGURATIONENTRY(current:id: "93bda13b-2c91-401a-a9f5-fc4ebb9220da"
address: "127.0.0.1:15362"
dataStreamAddress: "127.0.0.1:15363"
clientAddress: "127.0.0.1:15360"
adminAddress: "127.0.0.1:15361"
startupRole: FOLLOWER
,id: "fa054618-3a8f-49b0-93d4-5933c936b659"
address: "127.0.0.1:15371"
dataStreamAddress: "127.0.0.1:15372"
clientAddress: "127.0.0.1:15369"
adminAddress: "127.0.0.1:15370"
startupRole: FOLLOWER
,id: "a33fd443-9c01-43ff-9618-b7376da7e75d"
address: "127.0.0.1:15389"
priority: 1
dataStreamAddress: "127.0.0.1:15390"
clientAddress: "127.0.0.1:15387"
adminAddress: "127.0.0.1:15388"
startupRole: FOLLOWER
, old:)
2024-05-12 17:46:40,926 [a33fd443-9c01-43ff-9618-b7376da7e75d@group-29BBA51C16D7-StateMachineUpdater] INFO  ratis.ContainerStateMachine (ContainerStateMachine.java:takeSnapshot(355)) - group-29BBA51C16D7: Taking a snapshot at:(t:1, i:0) file /home/runner/work/ozone/ozone/hadoop-ozone/integration-test/target/test-dir/MiniOzoneClusterImpl-71ef5771-1bca-432b-8888-38dc3c8d5d63/ozone-meta/datanode-10/ratis/af9510f2-7e0e-4293-b97d-29bba51c16d7/sm/snapshot.1_0
2024-05-12 17:46:40,926 [grpc-default-executor-12] INFO  server.GrpcServerProtocolService (GrpcServerProtocolService.java:lambda$onCompleted$5(159)) - fa054618-3a8f-49b0-93d4-5933c936b659: Completed APPEND_ENTRIES, lastReply: null
2024-05-12 17:46:40,926 [grpc-default-executor-17] INFO  server.GrpcServerProtocolService (GrpcServerProtocolService.java:lambda$onCompleted$5(159)) - fa054618-3a8f-49b0-93d4-5933c936b659: Completed APPEND_ENTRIES, lastReply: serverReply {
  requestorId: "a33fd443-9c01-43ff-9618-b7376da7e75d"
  replyId: "fa054618-3a8f-49b0-93d4-5933c936b659"
  raftGroupId {
    id: "\257\225\020\362~\016B\223\271})\273\245\034\026\327"
  }
  callId: 373
  success: true
}
term: 1
nextIndex: 1
matchIndex: 18446744073709551615
isHearbeat: true

2024-05-12 17:46:40,926 [a33fd443-9c01-43ff-9618-b7376da7e75d-impl-thread3] INFO  impl.StateMachineUpdater (StateMachineUpdater.java:stopAndJoin(157)) - a33fd443-9c01-43ff-9618-b7376da7e75d@group-29BBA51C16D7-StateMachineUpdater: set stopIndex = 0
2024-05-12 17:46:40,927 [a33fd443-9c01-43ff-9618-b7376da7e75d-impl-thread2] INFO  server.RaftServer$Division (ServerState.java:close(427)) - a33fd443-9c01-43ff-9618-b7376da7e75d@group-6F96808B8C5E: applyIndex: 0
2024-05-12 17:46:40,927 [a33fd443-9c01-43ff-9618-b7376da7e75d@group-29BBA51C16D7-StateMachineUpdater] INFO  ratis.ContainerStateMachine (ContainerStateMachine.java:takeSnapshot(366)) - group-29BBA51C16D7: Finished taking a snapshot at:(t:1, i:0) file:/home/runner/work/ozone/ozone/hadoop-ozone/integration-test/target/test-dir/MiniOzoneClusterImpl-71ef5771-1bca-432b-8888-38dc3c8d5d63/ozone-meta/datanode-10/ratis/af9510f2-7e0e-4293-b97d-29bba51c16d7/sm/snapshot.1_0 took: 1 ms
2024-05-12 17:46:40,927 [a33fd443-9c01-43ff-9618-b7376da7e75d@group-29BBA51C16D7-StateMachineUpdater] INFO  impl.StateMachineUpdater (StateMachineUpdater.java:takeSnapshot(295)) - a33fd443-9c01-43ff-9618-b7376da7e75d@group-29BBA51C16D7-StateMachineUpdater: Took a snapshot at index 0
2024-05-12 17:46:40,927 [a33fd443-9c01-43ff-9618-b7376da7e75d@group-29BBA51C16D7-StateMachineUpdater] INFO  impl.StateMachineUpdater (StateMachineUpdater.java:lambda$new$0(98)) - a33fd443-9c01-43ff-9618-b7376da7e75d@group-29BBA51C16D7-StateMachineUpdater: snapshotIndex: updateIncreasingly -1 -> 0
2024-05-12 17:46:40,927 [a33fd443-9c01-43ff-9618-b7376da7e75d@group-6F96808B8C5E-cacheEviction-AwaitToRun] INFO  util.AwaitToRun (AwaitToRun.java:run(49)) - a33fd443-9c01-43ff-9618-b7376da7e75d@group-6F96808B8C5E-cacheEviction-AwaitToRun-AwaitForSignal is interrupted
2024-05-12 17:46:40,927 [grpc-default-executor-18] INFO  server.GrpcLogAppender (GrpcLogAppender.java:onCompleted(546)) - a33fd443-9c01-43ff-9618-b7376da7e75d@group-29BBA51C16D7->fa054618-3a8f-49b0-93d4-5933c936b659-AppendLogResponseHandler: follower responses appendEntries COMPLETED
2024-05-12 17:46:40,927 [a33fd443-9c01-43ff-9618-b7376da7e75d-impl-thread3] INFO  server.RaftServer$Division (ServerState.java:close(427)) - a33fd443-9c01-43ff-9618-b7376da7e75d@group-29BBA51C16D7: applyIndex: 0
2024-05-12 17:46:40,927 [a33fd443-9c01-43ff-9618-b7376da7e75d@group-29BBA51C16D7-cacheEviction-AwaitToRun] INFO  util.AwaitToRun (AwaitToRun.java:run(49)) - a33fd443-9c01-43ff-9618-b7376da7e75d@group-29BBA51C16D7-cacheEviction-AwaitToRun-AwaitForSignal is interrupted
2024-05-12 17:46:40,927 [grpc-default-executor-12] INFO  server.GrpcLogAppender (GrpcLogAppender.java:onCompleted(546)) - a33fd443-9c01-43ff-9618-b7376da7e75d@group-29BBA51C16D7->fa054618-3a8f-49b0-93d4-5933c936b659-AppendLogResponseHandler: follower responses appendEntries COMPLETED
2024-05-12 17:46:40,930 [d0e7fafe-f667-41fb-a16a-ecd1bcb446b6-impl-thread2] INFO  server.RaftServer$Division (RaftServerImpl.java:lambda$close$3(526)) - d0e7fafe-f667-41fb-a16a-ecd1bcb446b6@group-BEE6372A0EE9: shutdown
2024-05-12 17:46:40,931 [d0e7fafe-f667-41fb-a16a-ecd1bcb446b6-impl-thread2] INFO  util.JmxRegister (JmxRegister.java:unregister(73)) - Successfully un-registered JMX Bean with object name Ratis:service=RaftServer,group=group-BEE6372A0EE9,id=d0e7fafe-f667-41fb-a16a-ecd1bcb446b6
2024-05-12 17:46:40,931 [d0e7fafe-f667-41fb-a16a-ecd1bcb446b6-impl-thread2] INFO  impl.RoleInfo (RoleInfo.java:shutdownLeaderState(94)) - d0e7fafe-f667-41fb-a16a-ecd1bcb446b6: shutdown d0e7fafe-f667-41fb-a16a-ecd1bcb446b6@group-BEE6372A0EE9-LeaderStateImpl
2024-05-12 17:46:40,931 [d0e7fafe-f667-41fb-a16a-ecd1bcb446b6-impl-thread2] INFO  impl.PendingRequests (PendingRequests.java:sendNotLeaderResponses(289)) - d0e7fafe-f667-41fb-a16a-ecd1bcb446b6@group-BEE6372A0EE9-PendingRequests: sendNotLeaderResponses
2024-05-12 17:46:40,931 [d0e7fafe-f667-41fb-a16a-ecd1bcb446b6-impl-thread2] INFO  impl.StateMachineUpdater (StateMachineUpdater.java:stopAndJoin(157)) - d0e7fafe-f667-41fb-a16a-ecd1bcb446b6@group-BEE6372A0EE9-StateMachineUpdater: set stopIndex = 0
2024-05-12 17:46:40,931 [d0e7fafe-f667-41fb-a16a-ecd1bcb446b6@group-BEE6372A0EE9-StateMachineUpdater] INFO  ratis.ContainerStateMachine (ContainerStateMachine.java:takeSnapshot(355)) - group-BEE6372A0EE9: Taking a snapshot at:(t:1, i:0) file /home/runner/work/ozone/ozone/hadoop-ozone/integration-test/target/test-dir/MiniOzoneClusterImpl-71ef5771-1bca-432b-8888-38dc3c8d5d63/ozone-meta/datanode-1/ratis/0b97aa93-468b-43a6-94e7-bee6372a0ee9/sm/snapshot.1_0
2024-05-12 17:46:40,931 [d0e7fafe-f667-41fb-a16a-ecd1bcb446b6@group-BEE6372A0EE9-StateMachineUpdater] INFO  ratis.ContainerStateMachine (ContainerStateMachine.java:takeSnapshot(366)) - group-BEE6372A0EE9: Finished taking a snapshot at:(t:1, i:0) file:/home/runner/work/ozone/ozone/hadoop-ozone/integration-test/target/test-dir/MiniOzoneClusterImpl-71ef5771-1bca-432b-8888-38dc3c8d5d63/ozone-meta/datanode-1/ratis/0b97aa93-468b-43a6-94e7-bee6372a0ee9/sm/snapshot.1_0 took: 1 ms
2024-05-12 17:46:40,932 [d0e7fafe-f667-41fb-a16a-ecd1bcb446b6@group-BEE6372A0EE9-StateMachineUpdater] INFO  impl.StateMachineUpdater (StateMachineUpdater.java:takeSnapshot(295)) - d0e7fafe-f667-41fb-a16a-ecd1bcb446b6@group-BEE6372A0EE9-StateMachineUpdater: Took a snapshot at index 0
2024-05-12 17:46:40,932 [d0e7fafe-f667-41fb-a16a-ecd1bcb446b6@group-BEE6372A0EE9-StateMachineUpdater] INFO  impl.StateMachineUpdater (StateMachineUpdater.java:lambda$new$0(98)) - d0e7fafe-f667-41fb-a16a-ecd1bcb446b6@group-BEE6372A0EE9-StateMachineUpdater: snapshotIndex: updateIncreasingly -1 -> 0
2024-05-12 17:46:40,932 [d0e7fafe-f667-41fb-a16a-ecd1bcb446b6-impl-thread2] INFO  server.RaftServer$Division (ServerState.java:close(427)) - d0e7fafe-f667-41fb-a16a-ecd1bcb446b6@group-BEE6372A0EE9: applyIndex: 0
2024-05-12 17:46:40,932 [d0e7fafe-f667-41fb-a16a-ecd1bcb446b6@group-BEE6372A0EE9-cacheEviction-AwaitToRun] INFO  util.AwaitToRun (AwaitToRun.java:run(49)) - d0e7fafe-f667-41fb-a16a-ecd1bcb446b6@group-BEE6372A0EE9-cacheEviction-AwaitToRun-AwaitForSignal is interrupted
2024-05-12 17:46:40,938 [ForkJoinPool.commonPool-worker-2] INFO  server.GrpcService (GrpcService.java:closeImpl(320)) - b7336ce2-a724-4c4a-8025-d323d27fa237: shutdown server org.apache.ratis.grpc.server.GrpcAdminProtocolService successfully
2024-05-12 17:46:40,946 [ForkJoinPool.commonPool-worker-10] INFO  server.GrpcService (GrpcService.java:closeImpl(311)) - a33fd443-9c01-43ff-9618-b7376da7e75d: shutdown server org.apache.ratis.grpc.server.GrpcClientProtocolService now
2024-05-12 17:46:40,946 [a33fd443-9c01-43ff-9618-b7376da7e75d-impl-thread4] INFO  server.RaftServer$Division (RaftServerImpl.java:lambda$close$3(526)) - a33fd443-9c01-43ff-9618-b7376da7e75d@group-928AF1097415: shutdown
2024-05-12 17:46:40,947 [d0e7fafe-f667-41fb-a16a-ecd1bcb446b6-impl-thread4] INFO  server.RaftServer$Division (RaftServerImpl.java:lambda$close$3(526)) - d0e7fafe-f667-41fb-a16a-ecd1bcb446b6@group-427D53FA2E43: shutdown
2024-05-12 17:46:40,947 [ForkJoinPool.commonPool-worker-9] INFO  server.GrpcService (GrpcService.java:closeImpl(311)) - d0e7fafe-f667-41fb-a16a-ecd1bcb446b6: shutdown server org.apache.ratis.grpc.server.GrpcClientProtocolService now
2024-05-12 17:46:40,947 [d0e7fafe-f667-41fb-a16a-ecd1bcb446b6-impl-thread3] INFO  server.RaftServer$Division (RaftServerImpl.java:lambda$close$3(526)) - d0e7fafe-f667-41fb-a16a-ecd1bcb446b6@group-4DEECBE98265: shutdown
2024-05-12 17:46:40,947 [d0e7fafe-f667-41fb-a16a-ecd1bcb446b6-impl-thread3] INFO  util.JmxRegister (JmxRegister.java:unregister(73)) - Successfully un-registered JMX Bean with object name Ratis:service=RaftServer,group=group-4DEECBE98265,id=d0e7fafe-f667-41fb-a16a-ecd1bcb446b6
2024-05-12 17:46:40,947 [d0e7fafe-f667-41fb-a16a-ecd1bcb446b6-impl-thread3] INFO  impl.RoleInfo (RoleInfo.java:shutdownFollowerState(110)) - d0e7fafe-f667-41fb-a16a-ecd1bcb446b6: shutdown d0e7fafe-f667-41fb-a16a-ecd1bcb446b6@group-4DEECBE98265-FollowerState
2024-05-12 17:46:40,947 [d0e7fafe-f667-41fb-a16a-ecd1bcb446b6@group-4DEECBE98265-FollowerState] INFO  impl.FollowerState (FollowerState.java:run(152)) - d0e7fafe-f667-41fb-a16a-ecd1bcb446b6@group-4DEECBE98265-FollowerState was interrupted
2024-05-12 17:46:40,947 [d0e7fafe-f667-41fb-a16a-ecd1bcb446b6-impl-thread3] INFO  impl.StateMachineUpdater (StateMachineUpdater.java:stopAndJoin(157)) - d0e7fafe-f667-41fb-a16a-ecd1bcb446b6@group-4DEECBE98265-StateMachineUpdater: set stopIndex = 4
2024-05-12 17:46:40,947 [d0e7fafe-f667-41fb-a16a-ecd1bcb446b6-impl-thread4] INFO  util.JmxRegister (JmxRegister.java:unregister(73)) - Successfully un-registered JMX Bean with object name Ratis:service=RaftServer,group=group-427D53FA2E43,id=d0e7fafe-f667-41fb-a16a-ecd1bcb446b6
2024-05-12 17:46:40,947 [d0e7fafe-f667-41fb-a16a-ecd1bcb446b6-impl-thread4] INFO  impl.RoleInfo (RoleInfo.java:shutdownFollowerState(110)) - d0e7fafe-f667-41fb-a16a-ecd1bcb446b6: shutdown d0e7fafe-f667-41fb-a16a-ecd1bcb446b6@group-427D53FA2E43-FollowerState
2024-05-12 17:46:40,947 [a33fd443-9c01-43ff-9618-b7376da7e75d-impl-thread4] INFO  util.JmxRegister (JmxRegister.java:unregister(73)) - Successfully un-registered JMX Bean with object name Ratis:service=RaftServer,group=group-928AF1097415,id=a33fd443-9c01-43ff-9618-b7376da7e75d
2024-05-12 17:46:40,948 [a33fd443-9c01-43ff-9618-b7376da7e75d-impl-thread4] INFO  impl.RoleInfo (RoleInfo.java:shutdownLeaderState(94)) - a33fd443-9c01-43ff-9618-b7376da7e75d: shutdown a33fd443-9c01-43ff-9618-b7376da7e75d@group-928AF1097415-LeaderStateImpl
2024-05-12 17:46:40,948 [a33fd443-9c01-43ff-9618-b7376da7e75d-impl-thread4] INFO  impl.PendingRequests (PendingRequests.java:sendNotLeaderResponses(289)) - a33fd443-9c01-43ff-9618-b7376da7e75d@group-928AF1097415-PendingRequests: sendNotLeaderResponses
2024-05-12 17:46:40,948 [d0e7fafe-f667-41fb-a16a-ecd1bcb446b6@group-427D53FA2E43-FollowerState] INFO  impl.FollowerState (FollowerState.java:run(152)) - d0e7fafe-f667-41fb-a16a-ecd1bcb446b6@group-427D53FA2E43-FollowerState was interrupted
2024-05-12 17:46:40,948 [a33fd443-9c01-43ff-9618-b7376da7e75d-impl-thread4] INFO  impl.StateMachineUpdater (StateMachineUpdater.java:stopAndJoin(157)) - a33fd443-9c01-43ff-9618-b7376da7e75d@group-928AF1097415-StateMachineUpdater: set stopIndex = 0
2024-05-12 17:46:40,948 [d0e7fafe-f667-41fb-a16a-ecd1bcb446b6-impl-thread4] INFO  impl.StateMachineUpdater (StateMachineUpdater.java:stopAndJoin(157)) - d0e7fafe-f667-41fb-a16a-ecd1bcb446b6@group-427D53FA2E43-StateMachineUpdater: set stopIndex = 0
2024-05-12 17:46:40,948 [d0e7fafe-f667-41fb-a16a-ecd1bcb446b6@group-427D53FA2E43-StateMachineUpdater] INFO  ratis.ContainerStateMachine (ContainerStateMachine.java:takeSnapshot(355)) - group-427D53FA2E43: Taking a snapshot at:(t:1, i:0) file /home/runner/work/ozone/ozone/hadoop-ozone/integration-test/target/test-dir/MiniOzoneClusterImpl-71ef5771-1bca-432b-8888-38dc3c8d5d63/ozone-meta/datanode-1/ratis/8e046cd9-2b7e-4505-b18c-427d53fa2e43/sm/snapshot.1_0
2024-05-12 17:46:40,948 [d0e7fafe-f667-41fb-a16a-ecd1bcb446b6@group-4DEECBE98265-StateMachineUpdater] INFO  ratis.ContainerStateMachine (ContainerStateMachine.java:takeSnapshot(355)) - group-4DEECBE98265: Taking a snapshot at:(t:1, i:4) file /home/runner/work/ozone/ozone/hadoop-ozone/integration-test/target/test-dir/MiniOzoneClusterImpl-71ef5771-1bca-432b-8888-38dc3c8d5d63/ozone-meta/datanode-1/ratis/fe447605-f0fa-43ae-a4cb-4deecbe98265/sm/snapshot.1_4
2024-05-12 17:46:40,948 [Thread-6638] INFO  server.GrpcServerProtocolClient (GrpcServerProtocolClient.java:close(103)) - b7336ce2-a724-4c4a-8025-d323d27fa237 Close channels
2024-05-12 17:46:40,948 [a33fd443-9c01-43ff-9618-b7376da7e75d@group-928AF1097415-StateMachineUpdater] INFO  ratis.ContainerStateMachine (ContainerStateMachine.java:takeSnapshot(355)) - group-928AF1097415: Taking a snapshot at:(t:1, i:0) file /home/runner/work/ozone/ozone/hadoop-ozone/integration-test/target/test-dir/MiniOzoneClusterImpl-71ef5771-1bca-432b-8888-38dc3c8d5d63/ozone-meta/datanode-10/ratis/5697141d-af5f-42ed-8c31-928af1097415/sm/snapshot.1_0
2024-05-12 17:46:40,949 [d0e7fafe-f667-41fb-a16a-ecd1bcb446b6@group-427D53FA2E43-StateMachineUpdater] INFO  ratis.ContainerStateMachine (ContainerStateMachine.java:takeSnapshot(366)) - group-427D53FA2E43: Finished taking a snapshot at:(t:1, i:0) file:/home/runner/work/ozone/ozone/hadoop-ozone/integration-test/target/test-dir/MiniOzoneClusterImpl-71ef5771-1bca-432b-8888-38dc3c8d5d63/ozone-meta/datanode-1/ratis/8e046cd9-2b7e-4505-b18c-427d53fa2e43/sm/snapshot.1_0 took: 1 ms
2024-05-12 17:46:40,949 [d0e7fafe-f667-41fb-a16a-ecd1bcb446b6@group-427D53FA2E43-StateMachineUpdater] INFO  impl.StateMachineUpdater (StateMachineUpdater.java:takeSnapshot(295)) - d0e7fafe-f667-41fb-a16a-ecd1bcb446b6@group-427D53FA2E43-StateMachineUpdater: Took a snapshot at index 0
2024-05-12 17:46:40,949 [d0e7fafe-f667-41fb-a16a-ecd1bcb446b6@group-427D53FA2E43-StateMachineUpdater] INFO  impl.StateMachineUpdater (StateMachineUpdater.java:lambda$new$0(98)) - d0e7fafe-f667-41fb-a16a-ecd1bcb446b6@group-427D53FA2E43-StateMachineUpdater: snapshotIndex: updateIncreasingly -1 -> 0
2024-05-12 17:46:40,949 [a33fd443-9c01-43ff-9618-b7376da7e75d@group-928AF1097415-StateMachineUpdater] INFO  ratis.ContainerStateMachine (ContainerStateMachine.java:takeSnapshot(366)) - group-928AF1097415: Finished taking a snapshot at:(t:1, i:0) file:/home/runner/work/ozone/ozone/hadoop-ozone/integration-test/target/test-dir/MiniOzoneClusterImpl-71ef5771-1bca-432b-8888-38dc3c8d5d63/ozone-meta/datanode-10/ratis/5697141d-af5f-42ed-8c31-928af1097415/sm/snapshot.1_0 took: 2 ms
2024-05-12 17:46:40,949 [a33fd443-9c01-43ff-9618-b7376da7e75d@group-928AF1097415-StateMachineUpdater] INFO  impl.StateMachineUpdater (StateMachineUpdater.java:takeSnapshot(295)) - a33fd443-9c01-43ff-9618-b7376da7e75d@group-928AF1097415-StateMachineUpdater: Took a snapshot at index 0
2024-05-12 17:46:40,949 [a33fd443-9c01-43ff-9618-b7376da7e75d@group-928AF1097415-StateMachineUpdater] INFO  impl.StateMachineUpdater (StateMachineUpdater.java:lambda$new$0(98)) - a33fd443-9c01-43ff-9618-b7376da7e75d@group-928AF1097415-StateMachineUpdater: snapshotIndex: updateIncreasingly -1 -> 0
2024-05-12 17:46:40,950 [d0e7fafe-f667-41fb-a16a-ecd1bcb446b6@group-4DEECBE98265-StateMachineUpdater] INFO  ratis.ContainerStateMachine (ContainerStateMachine.java:takeSnapshot(366)) - group-4DEECBE98265: Finished taking a snapshot at:(t:1, i:4) file:/home/runner/work/ozone/ozone/hadoop-ozone/integration-test/target/test-dir/MiniOzoneClusterImpl-71ef5771-1bca-432b-8888-38dc3c8d5d63/ozone-meta/datanode-1/ratis/fe447605-f0fa-43ae-a4cb-4deecbe98265/sm/snapshot.1_4 took: 2 ms
2024-05-12 17:46:40,950 [d0e7fafe-f667-41fb-a16a-ecd1bcb446b6@group-4DEECBE98265-StateMachineUpdater] INFO  impl.StateMachineUpdater (StateMachineUpdater.java:takeSnapshot(295)) - d0e7fafe-f667-41fb-a16a-ecd1bcb446b6@group-4DEECBE98265-StateMachineUpdater: Took a snapshot at index 4
2024-05-12 17:46:40,950 [d0e7fafe-f667-41fb-a16a-ecd1bcb446b6@group-4DEECBE98265-StateMachineUpdater] INFO  impl.StateMachineUpdater (StateMachineUpdater.java:lambda$new$0(98)) - d0e7fafe-f667-41fb-a16a-ecd1bcb446b6@group-4DEECBE98265-StateMachineUpdater: snapshotIndex: updateIncreasingly -1 -> 4
2024-05-12 17:46:40,950 [a33fd443-9c01-43ff-9618-b7376da7e75d-impl-thread4] INFO  server.RaftServer$Division (ServerState.java:close(427)) - a33fd443-9c01-43ff-9618-b7376da7e75d@group-928AF1097415: applyIndex: 0
2024-05-12 17:46:40,950 [d0e7fafe-f667-41fb-a16a-ecd1bcb446b6-impl-thread4] INFO  server.RaftServer$Division (ServerState.java:close(427)) - d0e7fafe-f667-41fb-a16a-ecd1bcb446b6@group-427D53FA2E43: applyIndex: 0
2024-05-12 17:46:40,950 [d0e7fafe-f667-41fb-a16a-ecd1bcb446b6-impl-thread3] INFO  server.RaftServer$Division (ServerState.java:close(427)) - d0e7fafe-f667-41fb-a16a-ecd1bcb446b6@group-4DEECBE98265: applyIndex: 4
2024-05-12 17:46:40,950 [d0e7fafe-f667-41fb-a16a-ecd1bcb446b6@group-427D53FA2E43-cacheEviction-AwaitToRun] INFO  util.AwaitToRun (AwaitToRun.java:run(49)) - d0e7fafe-f667-41fb-a16a-ecd1bcb446b6@group-427D53FA2E43-cacheEviction-AwaitToRun-AwaitForSignal is interrupted
2024-05-12 17:46:40,950 [d0e7fafe-f667-41fb-a16a-ecd1bcb446b6@group-4DEECBE98265-cacheEviction-AwaitToRun] INFO  util.AwaitToRun (AwaitToRun.java:run(49)) - d0e7fafe-f667-41fb-a16a-ecd1bcb446b6@group-4DEECBE98265-cacheEviction-AwaitToRun-AwaitForSignal is interrupted
2024-05-12 17:46:40,950 [a33fd443-9c01-43ff-9618-b7376da7e75d@group-928AF1097415-cacheEviction-AwaitToRun] INFO  util.AwaitToRun (AwaitToRun.java:run(49)) - a33fd443-9c01-43ff-9618-b7376da7e75d@group-928AF1097415-cacheEviction-AwaitToRun-AwaitForSignal is interrupted
2024-05-12 17:46:40,950 [Thread-6639] INFO  server.GrpcServerProtocolClient (GrpcServerProtocolClient.java:close(103)) - 89a6d998-d419-473a-a6ed-8243f7f30d05 Close channels
2024-05-12 17:46:40,951 [ForkJoinPool.commonPool-worker-7] INFO  server.GrpcService (GrpcService.java:closeImpl(320)) - 89a6d998-d419-473a-a6ed-8243f7f30d05: shutdown server GrpcServerProtocolService successfully
2024-05-12 17:46:40,951 [ForkJoinPool.commonPool-worker-7] INFO  server.GrpcService (GrpcService.java:closeImpl(311)) - 89a6d998-d419-473a-a6ed-8243f7f30d05: shutdown server org.apache.ratis.grpc.server.GrpcAdminProtocolService now
2024-05-12 17:46:40,954 [ForkJoinPool.commonPool-worker-11] INFO  server.GrpcService (GrpcService.java:closeImpl(311)) - 3523888c-df3a-4c75-876a-f320dc6c9584: shutdown server org.apache.ratis.grpc.server.GrpcClientProtocolService now
2024-05-12 17:46:40,954 [main] INFO  server.GrpcService (GrpcService.java:closeImpl(320)) - 2ef8d649-4864-4b9a-81a6-122cf2174905: shutdown server GrpcServerProtocolService successfully
2024-05-12 17:46:40,954 [main] INFO  server.GrpcService (GrpcService.java:closeImpl(311)) - 2ef8d649-4864-4b9a-81a6-122cf2174905: shutdown server org.apache.ratis.grpc.server.GrpcAdminProtocolService now
2024-05-12 17:46:40,954 [ForkJoinPool.commonPool-worker-8] INFO  server.GrpcService (GrpcService.java:closeImpl(320)) - d999a49d-42de-484c-a75f-ffa132e9c3a5: shutdown server org.apache.ratis.grpc.server.GrpcAdminProtocolService successfully
2024-05-12 17:46:40,955 [3523888c-df3a-4c75-876a-f320dc6c9584-impl-thread4] INFO  server.RaftServer$Division (RaftServerImpl.java:lambda$close$3(526)) - 3523888c-df3a-4c75-876a-f320dc6c9584@group-F7FC422C7F28: shutdown
2024-05-12 17:46:40,955 [3523888c-df3a-4c75-876a-f320dc6c9584-impl-thread4] INFO  util.JmxRegister (JmxRegister.java:unregister(73)) - Successfully un-registered JMX Bean with object name Ratis:service=RaftServer,group=group-F7FC422C7F28,id=3523888c-df3a-4c75-876a-f320dc6c9584
2024-05-12 17:46:40,955 [3523888c-df3a-4c75-876a-f320dc6c9584-impl-thread4] INFO  impl.RoleInfo (RoleInfo.java:shutdownLeaderState(94)) - 3523888c-df3a-4c75-876a-f320dc6c9584: shutdown 3523888c-df3a-4c75-876a-f320dc6c9584@group-F7FC422C7F28-LeaderStateImpl
2024-05-12 17:46:40,955 [3523888c-df3a-4c75-876a-f320dc6c9584-impl-thread4] INFO  impl.PendingRequests (PendingRequests.java:sendNotLeaderResponses(289)) - 3523888c-df3a-4c75-876a-f320dc6c9584@group-F7FC422C7F28-PendingRequests: sendNotLeaderResponses
2024-05-12 17:46:40,955 [3523888c-df3a-4c75-876a-f320dc6c9584@group-F7FC422C7F28->2ef8d649-4864-4b9a-81a6-122cf2174905-GrpcLogAppender-LogAppenderDaemon] WARN  server.GrpcLogAppender (GrpcLogAppender.java:mayWait(289)) - 3523888c-df3a-4c75-876a-f320dc6c9584@group-F7FC422C7F28->2ef8d649-4864-4b9a-81a6-122cf2174905-GrpcLogAppender: Wait interrupted by java.lang.InterruptedException
2024-05-12 17:46:40,955 [3523888c-df3a-4c75-876a-f320dc6c9584@group-F7FC422C7F28->d999a49d-42de-484c-a75f-ffa132e9c3a5-GrpcLogAppender-LogAppenderDaemon] WARN  server.GrpcLogAppender (GrpcLogAppender.java:mayWait(289)) - 3523888c-df3a-4c75-876a-f320dc6c9584@group-F7FC422C7F28->d999a49d-42de-484c-a75f-ffa132e9c3a5-GrpcLogAppender: Wait interrupted by java.lang.InterruptedException
2024-05-12 17:46:40,956 [3523888c-df3a-4c75-876a-f320dc6c9584@group-F7FC422C7F28-StateMachineUpdater] INFO  ratis.ContainerStateMachine (ContainerStateMachine.java:takeSnapshot(355)) - group-F7FC422C7F28: Taking a snapshot at:(t:1, i:0) file /home/runner/work/ozone/ozone/hadoop-ozone/integration-test/target/test-dir/MiniOzoneClusterImpl-71ef5771-1bca-432b-8888-38dc3c8d5d63/ozone-meta/datanode-4/ratis/aea16cb5-2fb9-4400-8f02-f7fc422c7f28/sm/snapshot.1_0
2024-05-12 17:46:40,956 [3523888c-df3a-4c75-876a-f320dc6c9584-impl-thread4] INFO  impl.StateMachineUpdater (StateMachineUpdater.java:stopAndJoin(157)) - 3523888c-df3a-4c75-876a-f320dc6c9584@group-F7FC422C7F28-StateMachineUpdater: set stopIndex = 0
2024-05-12 17:46:40,956 [ForkJoinPool.commonPool-worker-9] INFO  server.GrpcService (GrpcService.java:closeImpl(320)) - d0e7fafe-f667-41fb-a16a-ecd1bcb446b6: shutdown server org.apache.ratis.grpc.server.GrpcClientProtocolService successfully
2024-05-12 17:46:40,956 [ForkJoinPool.commonPool-worker-9] INFO  server.GrpcService (GrpcService.java:closeImpl(311)) - d0e7fafe-f667-41fb-a16a-ecd1bcb446b6: shutdown server GrpcServerProtocolService now
2024-05-12 17:46:40,956 [3523888c-df3a-4c75-876a-f320dc6c9584@group-F7FC422C7F28-StateMachineUpdater] INFO  ratis.ContainerStateMachine (ContainerStateMachine.java:takeSnapshot(366)) - group-F7FC422C7F28: Finished taking a snapshot at:(t:1, i:0) file:/home/runner/work/ozone/ozone/hadoop-ozone/integration-test/target/test-dir/MiniOzoneClusterImpl-71ef5771-1bca-432b-8888-38dc3c8d5d63/ozone-meta/datanode-4/ratis/aea16cb5-2fb9-4400-8f02-f7fc422c7f28/sm/snapshot.1_0 took: 1 ms
2024-05-12 17:46:40,956 [3523888c-df3a-4c75-876a-f320dc6c9584@group-F7FC422C7F28-StateMachineUpdater] INFO  impl.StateMachineUpdater (StateMachineUpdater.java:takeSnapshot(295)) - 3523888c-df3a-4c75-876a-f320dc6c9584@group-F7FC422C7F28-StateMachineUpdater: Took a snapshot at index 0
2024-05-12 17:46:40,957 [3523888c-df3a-4c75-876a-f320dc6c9584@group-F7FC422C7F28-StateMachineUpdater] INFO  impl.StateMachineUpdater (StateMachineUpdater.java:lambda$new$0(98)) - 3523888c-df3a-4c75-876a-f320dc6c9584@group-F7FC422C7F28-StateMachineUpdater: snapshotIndex: updateIncreasingly -1 -> 0
2024-05-12 17:46:40,957 [3523888c-df3a-4c75-876a-f320dc6c9584-impl-thread4] INFO  server.RaftServer$Division (ServerState.java:close(427)) - 3523888c-df3a-4c75-876a-f320dc6c9584@group-F7FC422C7F28: applyIndex: 0
2024-05-12 17:46:40,957 [3523888c-df3a-4c75-876a-f320dc6c9584@group-F7FC422C7F28-cacheEviction-AwaitToRun] INFO  util.AwaitToRun (AwaitToRun.java:run(49)) - 3523888c-df3a-4c75-876a-f320dc6c9584@group-F7FC422C7F28-cacheEviction-AwaitToRun-AwaitForSignal is interrupted
2024-05-12 17:46:40,957 [Thread-6644] INFO  server.GrpcServerProtocolClient (GrpcServerProtocolClient.java:close(103)) - d999a49d-42de-484c-a75f-ffa132e9c3a5 Close channels
2024-05-12 17:46:40,957 [Thread-6635] INFO  server.GrpcServerProtocolClient (GrpcServerProtocolClient.java:close(103)) - 93bda13b-2c91-401a-a9f5-fc4ebb9220da Close channels
2024-05-12 17:46:40,957 [Thread-6653] INFO  server.GrpcServerProtocolClient (GrpcServerProtocolClient.java:close(103)) - 2ef8d649-4864-4b9a-81a6-122cf2174905 Close channels
2024-05-12 17:46:40,957 [Thread-6655] INFO  server.GrpcServerProtocolClient (GrpcServerProtocolClient.java:close(103)) - fa054618-3a8f-49b0-93d4-5933c936b659 Close channels
2024-05-12 17:46:40,958 [ForkJoinPool.commonPool-worker-10] INFO  server.GrpcService (GrpcService.java:closeImpl(320)) - a33fd443-9c01-43ff-9618-b7376da7e75d: shutdown server org.apache.ratis.grpc.server.GrpcClientProtocolService successfully
2024-05-12 17:46:40,958 [ForkJoinPool.commonPool-worker-10] INFO  server.GrpcService (GrpcService.java:closeImpl(311)) - a33fd443-9c01-43ff-9618-b7376da7e75d: shutdown server GrpcServerProtocolService now
2024-05-12 17:46:40,959 [grpc-default-executor-17] WARN  server.GrpcServerProtocolService (LogUtils.java:warn(121)) - a33fd443-9c01-43ff-9618-b7376da7e75d: APPEND_ENTRIES onError, lastRequest: null: org.apache.ratis.thirdparty.io.grpc.StatusRuntimeException: CANCELLED: client cancelled
2024-05-12 17:46:40,959 [grpc-default-executor-11] WARN  server.GrpcLogAppender (LogUtils.java:warn(121)) - fa054618-3a8f-49b0-93d4-5933c936b659@group-6F96808B8C5E->a33fd443-9c01-43ff-9618-b7376da7e75d-AppendLogResponseHandler: Failed appendEntries: org.apache.ratis.thirdparty.io.grpc.StatusRuntimeException: CANCELLED: RST_STREAM closed stream. HTTP/2 error code: CANCEL
2024-05-12 17:46:40,959 [grpc-default-executor-11] WARN  server.GrpcLogAppender (GrpcLogAppender.java:lambda$resetClient$1(217)) - fa054618-3a8f-49b0-93d4-5933c936b659@group-6F96808B8C5E->a33fd443-9c01-43ff-9618-b7376da7e75d-GrpcLogAppender: Follower failed (request=null, errorCount=1); keep nextIndex (1) unchanged and retry.
2024-05-12 17:46:40,960 [grpc-default-executor-11] WARN  server.GrpcServerProtocolService (LogUtils.java:warn(121)) - a33fd443-9c01-43ff-9618-b7376da7e75d: APPEND_ENTRIES onError, lastRequest: fa054618-3a8f-49b0-93d4-5933c936b659->a33fd443-9c01-43ff-9618-b7376da7e75d#1-t1,previous=(t:0, i:0),leaderCommit=-1,initializing? false,entries: size=1, first=(t:1, i:0), CONFIGURATIONENTRY(current:id: "93bda13b-2c91-401a-a9f5-fc4ebb9220da"
address: "127.0.0.1:15362"
dataStreamAddress: "127.0.0.1:15363"
clientAddress: "127.0.0.1:15360"
adminAddress: "127.0.0.1:15361"
startupRole: FOLLOWER
,id: "fa054618-3a8f-49b0-93d4-5933c936b659"
address: "127.0.0.1:15371"
priority: 1
dataStreamAddress: "127.0.0.1:15372"
clientAddress: "127.0.0.1:15369"
adminAddress: "127.0.0.1:15370"
startupRole: FOLLOWER
,id: "a33fd443-9c01-43ff-9618-b7376da7e75d"
address: "127.0.0.1:15389"
dataStreamAddress: "127.0.0.1:15390"
clientAddress: "127.0.0.1:15387"
adminAddress: "127.0.0.1:15388"
startupRole: FOLLOWER
, old:): org.apache.ratis.thirdparty.io.grpc.StatusRuntimeException: CANCELLED: client cancelled
2024-05-12 17:46:40,960 [ForkJoinPool.commonPool-worker-10] INFO  server.GrpcService (GrpcService.java:closeImpl(320)) - a33fd443-9c01-43ff-9618-b7376da7e75d: shutdown server GrpcServerProtocolService successfully
2024-05-12 17:46:40,960 [ForkJoinPool.commonPool-worker-10] INFO  server.GrpcService (GrpcService.java:closeImpl(311)) - a33fd443-9c01-43ff-9618-b7376da7e75d: shutdown server org.apache.ratis.grpc.server.GrpcAdminProtocolService now
2024-05-12 17:46:40,960 [ForkJoinPool.commonPool-worker-7] INFO  server.GrpcService (GrpcService.java:closeImpl(320)) - 89a6d998-d419-473a-a6ed-8243f7f30d05: shutdown server org.apache.ratis.grpc.server.GrpcAdminProtocolService successfully
2024-05-12 17:46:40,961 [ForkJoinPool.commonPool-worker-10] INFO  server.GrpcService (GrpcService.java:closeImpl(320)) - a33fd443-9c01-43ff-9618-b7376da7e75d: shutdown server org.apache.ratis.grpc.server.GrpcAdminProtocolService successfully
2024-05-12 17:46:40,962 [ForkJoinPool.commonPool-worker-9] INFO  server.GrpcService (GrpcService.java:closeImpl(320)) - d0e7fafe-f667-41fb-a16a-ecd1bcb446b6: shutdown server GrpcServerProtocolService successfully
2024-05-12 17:46:40,962 [ForkJoinPool.commonPool-worker-9] INFO  server.GrpcService (GrpcService.java:closeImpl(311)) - d0e7fafe-f667-41fb-a16a-ecd1bcb446b6: shutdown server org.apache.ratis.grpc.server.GrpcAdminProtocolService now
2024-05-12 17:46:40,963 [main] INFO  server.GrpcService (GrpcService.java:closeImpl(320)) - 2ef8d649-4864-4b9a-81a6-122cf2174905: shutdown server org.apache.ratis.grpc.server.GrpcAdminProtocolService successfully
2024-05-12 17:46:40,963 [ForkJoinPool.commonPool-worker-11] INFO  server.GrpcService (GrpcService.java:closeImpl(320)) - 3523888c-df3a-4c75-876a-f320dc6c9584: shutdown server org.apache.ratis.grpc.server.GrpcClientProtocolService successfully
2024-05-12 17:46:40,964 [ForkJoinPool.commonPool-worker-11] INFO  server.GrpcService (GrpcService.java:closeImpl(311)) - 3523888c-df3a-4c75-876a-f320dc6c9584: shutdown server GrpcServerProtocolService now
2024-05-12 17:46:40,965 [ForkJoinPool.commonPool-worker-9] INFO  server.GrpcService (GrpcService.java:closeImpl(320)) - d0e7fafe-f667-41fb-a16a-ecd1bcb446b6: shutdown server org.apache.ratis.grpc.server.GrpcAdminProtocolService successfully
2024-05-12 17:46:40,967 [ForkJoinPool.commonPool-worker-11] INFO  server.GrpcService (GrpcService.java:closeImpl(320)) - 3523888c-df3a-4c75-876a-f320dc6c9584: shutdown server GrpcServerProtocolService successfully
2024-05-12 17:46:40,967 [ForkJoinPool.commonPool-worker-11] INFO  server.GrpcService (GrpcService.java:closeImpl(311)) - 3523888c-df3a-4c75-876a-f320dc6c9584: shutdown server org.apache.ratis.grpc.server.GrpcAdminProtocolService now
2024-05-12 17:46:40,971 [b7336ce2-a724-4c4a-8025-d323d27fa237-NettyServerStreamRpc-bossGroup--thread1] INFO  logging.LoggingHandler (AbstractInternalLogger.java:log(148)) - [id: 0x0a7e64e3, L:/0.0.0.0:15318] CLOSE
2024-05-12 17:46:40,971 [b7336ce2-a724-4c4a-8025-d323d27fa237-NettyServerStreamRpc-bossGroup--thread1] INFO  logging.LoggingHandler (AbstractInternalLogger.java:log(148)) - [id: 0x0a7e64e3, L:/0.0.0.0:15318] INACTIVE
2024-05-12 17:46:40,971 [b7336ce2-a724-4c4a-8025-d323d27fa237-NettyServerStreamRpc-bossGroup--thread1] INFO  logging.LoggingHandler (AbstractInternalLogger.java:log(148)) - [id: 0x0a7e64e3, L:/0.0.0.0:15318] UNREGISTERED
2024-05-12 17:46:40,971 [ForkJoinPool.commonPool-worker-11] INFO  server.GrpcService (GrpcService.java:closeImpl(320)) - 3523888c-df3a-4c75-876a-f320dc6c9584: shutdown server org.apache.ratis.grpc.server.GrpcAdminProtocolService successfully
2024-05-12 17:46:40,999 [89a6d998-d419-473a-a6ed-8243f7f30d05-NettyServerStreamRpc-bossGroup--thread1] INFO  logging.LoggingHandler (AbstractInternalLogger.java:log(148)) - [id: 0x2bacab48, L:/0.0.0.0:15327] CLOSE
2024-05-12 17:46:40,999 [89a6d998-d419-473a-a6ed-8243f7f30d05-NettyServerStreamRpc-bossGroup--thread1] INFO  logging.LoggingHandler (AbstractInternalLogger.java:log(148)) - [id: 0x2bacab48, L:/0.0.0.0:15327] INACTIVE
2024-05-12 17:46:40,999 [89a6d998-d419-473a-a6ed-8243f7f30d05-NettyServerStreamRpc-bossGroup--thread1] INFO  logging.LoggingHandler (AbstractInternalLogger.java:log(148)) - [id: 0x2bacab48, L:/0.0.0.0:15327] UNREGISTERED
2024-05-12 17:46:41,000 [2ef8d649-4864-4b9a-81a6-122cf2174905-NettyServerStreamRpc-bossGroup--thread1] INFO  logging.LoggingHandler (AbstractInternalLogger.java:log(148)) - [id: 0xdf9b18be, L:/0.0.0.0:15354] CLOSE
2024-05-12 17:46:41,000 [2ef8d649-4864-4b9a-81a6-122cf2174905-NettyServerStreamRpc-bossGroup--thread1] INFO  logging.LoggingHandler (AbstractInternalLogger.java:log(148)) - [id: 0xdf9b18be, L:/0.0.0.0:15354] INACTIVE
2024-05-12 17:46:41,000 [2ef8d649-4864-4b9a-81a6-122cf2174905-NettyServerStreamRpc-bossGroup--thread1] INFO  logging.LoggingHandler (AbstractInternalLogger.java:log(148)) - [id: 0xdf9b18be, L:/0.0.0.0:15354] UNREGISTERED
2024-05-12 17:46:41,001 [d999a49d-42de-484c-a75f-ffa132e9c3a5-NettyServerStreamRpc-bossGroup--thread1] INFO  logging.LoggingHandler (AbstractInternalLogger.java:log(148)) - [id: 0x79002115, L:/0.0.0.0:15345] CLOSE
2024-05-12 17:46:41,001 [d999a49d-42de-484c-a75f-ffa132e9c3a5-NettyServerStreamRpc-bossGroup--thread1] INFO  logging.LoggingHandler (AbstractInternalLogger.java:log(148)) - [id: 0x79002115, L:/0.0.0.0:15345] INACTIVE
2024-05-12 17:46:41,001 [d999a49d-42de-484c-a75f-ffa132e9c3a5-NettyServerStreamRpc-bossGroup--thread1] INFO  logging.LoggingHandler (AbstractInternalLogger.java:log(148)) - [id: 0x79002115, L:/0.0.0.0:15345] UNREGISTERED
2024-05-12 17:46:41,008 [3523888c-df3a-4c75-876a-f320dc6c9584-NettyServerStreamRpc-bossGroup--thread1] INFO  logging.LoggingHandler (AbstractInternalLogger.java:log(148)) - [id: 0xcc1bbc75, L:/0.0.0.0:15336] CLOSE
2024-05-12 17:46:41,008 [3523888c-df3a-4c75-876a-f320dc6c9584-NettyServerStreamRpc-bossGroup--thread1] INFO  logging.LoggingHandler (AbstractInternalLogger.java:log(148)) - [id: 0xcc1bbc75, L:/0.0.0.0:15336] INACTIVE
2024-05-12 17:46:41,008 [3523888c-df3a-4c75-876a-f320dc6c9584-NettyServerStreamRpc-bossGroup--thread1] INFO  logging.LoggingHandler (AbstractInternalLogger.java:log(148)) - [id: 0xcc1bbc75, L:/0.0.0.0:15336] UNREGISTERED
2024-05-12 17:46:41,015 [d0e7fafe-f667-41fb-a16a-ecd1bcb446b6-NettyServerStreamRpc-bossGroup--thread1] INFO  logging.LoggingHandler (AbstractInternalLogger.java:log(148)) - [id: 0xe2a70c31, L:/0.0.0.0:15309] CLOSE
2024-05-12 17:46:41,015 [d0e7fafe-f667-41fb-a16a-ecd1bcb446b6-NettyServerStreamRpc-bossGroup--thread1] INFO  logging.LoggingHandler (AbstractInternalLogger.java:log(148)) - [id: 0xe2a70c31, L:/0.0.0.0:15309] INACTIVE
2024-05-12 17:46:41,015 [d0e7fafe-f667-41fb-a16a-ecd1bcb446b6-NettyServerStreamRpc-bossGroup--thread1] INFO  logging.LoggingHandler (AbstractInternalLogger.java:log(148)) - [id: 0xe2a70c31, L:/0.0.0.0:15309] UNREGISTERED
2024-05-12 17:46:41,018 [a33fd443-9c01-43ff-9618-b7376da7e75d-NettyServerStreamRpc-bossGroup--thread1] INFO  logging.LoggingHandler (AbstractInternalLogger.java:log(148)) - [id: 0xe4ffcd62, L:/0.0.0.0:15390] CLOSE
2024-05-12 17:46:41,019 [a33fd443-9c01-43ff-9618-b7376da7e75d-NettyServerStreamRpc-bossGroup--thread1] INFO  logging.LoggingHandler (AbstractInternalLogger.java:log(148)) - [id: 0xe4ffcd62, L:/0.0.0.0:15390] INACTIVE
2024-05-12 17:46:41,019 [a33fd443-9c01-43ff-9618-b7376da7e75d-NettyServerStreamRpc-bossGroup--thread1] INFO  logging.LoggingHandler (AbstractInternalLogger.java:log(148)) - [id: 0xe4ffcd62, L:/0.0.0.0:15390] UNREGISTERED
2024-05-12 17:46:41,025 [a33fd443-9c01-43ff-9618-b7376da7e75d-impl-thread2] INFO  segmented.SegmentedRaftLogWorker (SegmentedRaftLogWorker.java:close(245)) - a33fd443-9c01-43ff-9618-b7376da7e75d@group-6F96808B8C5E-SegmentedRaftLogWorker close()
2024-05-12 17:46:41,133 [d0e7fafe-f667-41fb-a16a-ecd1bcb446b6-impl-thread2] INFO  segmented.SegmentedRaftLogWorker (SegmentedRaftLogWorker.java:close(245)) - d0e7fafe-f667-41fb-a16a-ecd1bcb446b6@group-BEE6372A0EE9-SegmentedRaftLogWorker close()
2024-05-12 17:46:41,227 [b7336ce2-a724-4c4a-8025-d323d27fa237-impl-thread2] INFO  segmented.SegmentedRaftLogWorker (SegmentedRaftLogWorker.java:close(245)) - b7336ce2-a724-4c4a-8025-d323d27fa237@group-4DDFB6160DA4-SegmentedRaftLogWorker close()
2024-05-12 17:46:41,307 [89a6d998-d419-473a-a6ed-8243f7f30d05-impl-thread4] INFO  segmented.SegmentedRaftLogWorker (SegmentedRaftLogWorker.java:close(245)) - 89a6d998-d419-473a-a6ed-8243f7f30d05@group-427D53FA2E43-SegmentedRaftLogWorker close()
2024-05-12 17:46:41,313 [d0e7fafe-f667-41fb-a16a-ecd1bcb446b6-impl-thread4] INFO  segmented.SegmentedRaftLogWorker (SegmentedRaftLogWorker.java:close(245)) - d0e7fafe-f667-41fb-a16a-ecd1bcb446b6@group-427D53FA2E43-SegmentedRaftLogWorker close()
2024-05-12 17:46:41,314 [b7336ce2-a724-4c4a-8025-d323d27fa237-impl-thread4] INFO  segmented.SegmentedRaftLogWorker (SegmentedRaftLogWorker.java:close(245)) - b7336ce2-a724-4c4a-8025-d323d27fa237@group-427D53FA2E43-SegmentedRaftLogWorker close()
2024-05-12 17:46:41,334 [3523888c-df3a-4c75-876a-f320dc6c9584-impl-thread3] INFO  segmented.SegmentedRaftLogWorker (SegmentedRaftLogWorker.java:close(245)) - 3523888c-df3a-4c75-876a-f320dc6c9584@group-B8A71AF82CEC-SegmentedRaftLogWorker close()
2024-05-12 17:46:41,342 [89a6d998-d419-473a-a6ed-8243f7f30d05-impl-thread2] INFO  segmented.SegmentedRaftLogWorker (SegmentedRaftLogWorker.java:close(245)) - 89a6d998-d419-473a-a6ed-8243f7f30d05@group-D817E67D8269-SegmentedRaftLogWorker close()
2024-05-12 17:46:41,369 [d999a49d-42de-484c-a75f-ffa132e9c3a5-impl-thread2] INFO  segmented.SegmentedRaftLogWorker (SegmentedRaftLogWorker.java:close(245)) - d999a49d-42de-484c-a75f-ffa132e9c3a5@group-7FE7C0D455A4-SegmentedRaftLogWorker close()
2024-05-12 17:46:41,428 [3523888c-df3a-4c75-876a-f320dc6c9584-impl-thread4] INFO  segmented.SegmentedRaftLogWorker (SegmentedRaftLogWorker.java:close(245)) - 3523888c-df3a-4c75-876a-f320dc6c9584@group-F7FC422C7F28-SegmentedRaftLogWorker close()
2024-05-12 17:46:41,453 [2ef8d649-4864-4b9a-81a6-122cf2174905-impl-thread4] INFO  segmented.SegmentedRaftLogWorker (SegmentedRaftLogWorker.java:close(245)) - 2ef8d649-4864-4b9a-81a6-122cf2174905@group-F7FC422C7F28-SegmentedRaftLogWorker close()
2024-05-12 17:46:41,454 [d999a49d-42de-484c-a75f-ffa132e9c3a5-impl-thread4] INFO  segmented.SegmentedRaftLogWorker (SegmentedRaftLogWorker.java:close(245)) - d999a49d-42de-484c-a75f-ffa132e9c3a5@group-F7FC422C7F28-SegmentedRaftLogWorker close()
2024-05-12 17:46:41,456 [d999a49d-42de-484c-a75f-ffa132e9c3a5-impl-thread3] INFO  segmented.SegmentedRaftLogWorker (SegmentedRaftLogWorker.java:close(245)) - d999a49d-42de-484c-a75f-ffa132e9c3a5@group-EE852451A390-SegmentedRaftLogWorker close()
2024-05-12 17:46:41,456 [JvmPauseMonitor42] INFO  util.JvmPauseMonitor (JvmPauseMonitor.java:run(152)) - JvmPauseMonitor-d999a49d-42de-484c-a75f-ffa132e9c3a5: Stopped
2024-05-12 17:46:41,477 [2ef8d649-4864-4b9a-81a6-122cf2174905-impl-thread3] INFO  segmented.SegmentedRaftLogWorker (SegmentedRaftLogWorker.java:close(245)) - 2ef8d649-4864-4b9a-81a6-122cf2174905@group-3A7C072B2D7F-SegmentedRaftLogWorker close()
2024-05-12 17:46:41,478 [3523888c-df3a-4c75-876a-f320dc6c9584-impl-thread2] INFO  segmented.SegmentedRaftLogWorker (SegmentedRaftLogWorker.java:close(245)) - 3523888c-df3a-4c75-876a-f320dc6c9584@group-EE852451A390-SegmentedRaftLogWorker close()
2024-05-12 17:46:41,478 [JvmPauseMonitor41] INFO  util.JvmPauseMonitor (JvmPauseMonitor.java:run(152)) - JvmPauseMonitor-3523888c-df3a-4c75-876a-f320dc6c9584: Stopped
2024-05-12 17:46:41,490 [2ef8d649-4864-4b9a-81a6-122cf2174905-impl-thread2] INFO  segmented.SegmentedRaftLogWorker (SegmentedRaftLogWorker.java:close(245)) - 2ef8d649-4864-4b9a-81a6-122cf2174905@group-EE852451A390-SegmentedRaftLogWorker close()
2024-05-12 17:46:41,490 [JvmPauseMonitor43] INFO  util.JvmPauseMonitor (JvmPauseMonitor.java:run(152)) - JvmPauseMonitor-2ef8d649-4864-4b9a-81a6-122cf2174905: Stopped
2024-05-12 17:46:41,693 [a33fd443-9c01-43ff-9618-b7376da7e75d-impl-thread4] INFO  segmented.SegmentedRaftLogWorker (SegmentedRaftLogWorker.java:close(245)) - a33fd443-9c01-43ff-9618-b7376da7e75d@group-928AF1097415-SegmentedRaftLogWorker close()
2024-05-12 17:46:41,812 [a33fd443-9c01-43ff-9618-b7376da7e75d-impl-thread3] INFO  segmented.SegmentedRaftLogWorker (SegmentedRaftLogWorker.java:close(245)) - a33fd443-9c01-43ff-9618-b7376da7e75d@group-29BBA51C16D7-SegmentedRaftLogWorker close()
2024-05-12 17:46:41,813 [JvmPauseMonitor47] INFO  util.JvmPauseMonitor (JvmPauseMonitor.java:run(152)) - JvmPauseMonitor-a33fd443-9c01-43ff-9618-b7376da7e75d: Stopped
2024-05-12 17:46:41,844 [89a6d998-d419-473a-a6ed-8243f7f30d05-impl-thread3] INFO  segmented.SegmentedRaftLogWorker (SegmentedRaftLogWorker.java:close(245)) - 89a6d998-d419-473a-a6ed-8243f7f30d05@group-4DEECBE98265-SegmentedRaftLogWorker close()
2024-05-12 17:46:41,844 [b7336ce2-a724-4c4a-8025-d323d27fa237-impl-thread3] INFO  segmented.SegmentedRaftLogWorker (SegmentedRaftLogWorker.java:close(245)) - b7336ce2-a724-4c4a-8025-d323d27fa237@group-4DEECBE98265-SegmentedRaftLogWorker close()
2024-05-12 17:46:41,845 [JvmPauseMonitor39] INFO  util.JvmPauseMonitor (JvmPauseMonitor.java:run(152)) - JvmPauseMonitor-b7336ce2-a724-4c4a-8025-d323d27fa237: Stopped
2024-05-12 17:46:41,845 [JvmPauseMonitor40] INFO  util.JvmPauseMonitor (JvmPauseMonitor.java:run(152)) - JvmPauseMonitor-89a6d998-d419-473a-a6ed-8243f7f30d05: Stopped
2024-05-12 17:46:41,854 [d0e7fafe-f667-41fb-a16a-ecd1bcb446b6-impl-thread3] INFO  segmented.SegmentedRaftLogWorker (SegmentedRaftLogWorker.java:close(245)) - d0e7fafe-f667-41fb-a16a-ecd1bcb446b6@group-4DEECBE98265-SegmentedRaftLogWorker close()
2024-05-12 17:46:41,854 [JvmPauseMonitor38] INFO  util.JvmPauseMonitor (JvmPauseMonitor.java:run(152)) - JvmPauseMonitor-d0e7fafe-f667-41fb-a16a-ecd1bcb446b6: Stopped
2024-05-12 17:46:42,488 [fa054618-3a8f-49b0-93d4-5933c936b659@group-29BBA51C16D7-FollowerState] INFO  impl.FollowerState (FollowerState.java:run(143)) - fa054618-3a8f-49b0-93d4-5933c936b659@group-29BBA51C16D7-FollowerState: change to CANDIDATE, lastRpcElapsedTime:1851037225ns, electionTimeout:1045ms
2024-05-12 17:46:42,488 [fa054618-3a8f-49b0-93d4-5933c936b659@group-29BBA51C16D7-FollowerState] INFO  impl.RoleInfo (RoleInfo.java:shutdownFollowerState(110)) - fa054618-3a8f-49b0-93d4-5933c936b659: shutdown fa054618-3a8f-49b0-93d4-5933c936b659@group-29BBA51C16D7-FollowerState
2024-05-12 17:46:42,488 [fa054618-3a8f-49b0-93d4-5933c936b659@group-29BBA51C16D7-FollowerState] INFO  server.RaftServer$Division (RaftServerImpl.java:setRole(383)) - fa054618-3a8f-49b0-93d4-5933c936b659@group-29BBA51C16D7: changes role from  FOLLOWER to CANDIDATE at term 1 for changeToCandidate
2024-05-12 17:46:42,488 [fa054618-3a8f-49b0-93d4-5933c936b659@group-29BBA51C16D7-FollowerState] INFO  server.RaftServerConfigKeys (ConfUtils.java:logGet(46)) - raft.server.leaderelection.pre-vote = true (default)
2024-05-12 17:46:42,488 [fa054618-3a8f-49b0-93d4-5933c936b659@group-29BBA51C16D7-FollowerState] INFO  impl.RoleInfo (RoleInfo.java:updateAndGet(139)) - fa054618-3a8f-49b0-93d4-5933c936b659: start fa054618-3a8f-49b0-93d4-5933c936b659@group-29BBA51C16D7-LeaderElection290
2024-05-12 17:46:42,489 [fa054618-3a8f-49b0-93d4-5933c936b659@group-29BBA51C16D7-LeaderElection290] INFO  server.RaftServer$Division (ServerState.java:setLeader(269)) - fa054618-3a8f-49b0-93d4-5933c936b659@group-29BBA51C16D7: change Leader from a33fd443-9c01-43ff-9618-b7376da7e75d to null at term 1 for PRE_VOTE
2024-05-12 17:46:42,489 [fa054618-3a8f-49b0-93d4-5933c936b659@group-29BBA51C16D7-LeaderElection290] INFO  impl.LeaderElection (LeaderElection.java:askForVotes(321)) - fa054618-3a8f-49b0-93d4-5933c936b659@group-29BBA51C16D7-LeaderElection290 PRE_VOTE round 0: submit vote requests at term 1 for 0: peers:[93bda13b-2c91-401a-a9f5-fc4ebb9220da|127.0.0.1:15362, fa054618-3a8f-49b0-93d4-5933c936b659|127.0.0.1:15371, a33fd443-9c01-43ff-9618-b7376da7e75d|127.0.0.1:15389]|listeners:[], old=null
2024-05-12 17:46:42,489 [fa054618-3a8f-49b0-93d4-5933c936b659@group-29BBA51C16D7-LeaderElection290] INFO  impl.LeaderElection (LogUtils.java:infoOrTrace(136)) - fa054618-3a8f-49b0-93d4-5933c936b659@group-29BBA51C16D7-LeaderElection290 got exception when requesting votes: java.util.concurrent.ExecutionException: org.apache.ratis.thirdparty.io.grpc.StatusRuntimeException: UNAVAILABLE: io exception
2024-05-12 17:46:42,489 [fa054618-3a8f-49b0-93d4-5933c936b659@group-29BBA51C16D7-LeaderElection290] INFO  impl.LeaderElection (LogUtils.java:infoOrTrace(136)) - fa054618-3a8f-49b0-93d4-5933c936b659@group-29BBA51C16D7-LeaderElection290 got exception when requesting votes: java.util.concurrent.ExecutionException: org.apache.ratis.thirdparty.io.grpc.StatusRuntimeException: UNAVAILABLE: io exception
2024-05-12 17:46:42,489 [fa054618-3a8f-49b0-93d4-5933c936b659@group-29BBA51C16D7-LeaderElection290] INFO  impl.LeaderElection (LeaderElection.java:logAndReturn(89)) - fa054618-3a8f-49b0-93d4-5933c936b659@group-29BBA51C16D7-LeaderElection290: PRE_VOTE REJECTED received 0 response(s) and 2 exception(s):
2024-05-12 17:46:42,489 [fa054618-3a8f-49b0-93d4-5933c936b659@group-29BBA51C16D7-LeaderElection290] INFO  impl.LeaderElection (LogUtils.java:infoOrTrace(136)) -   Exception 0: java.util.concurrent.ExecutionException: org.apache.ratis.thirdparty.io.grpc.StatusRuntimeException: UNAVAILABLE: io exception
2024-05-12 17:46:42,489 [fa054618-3a8f-49b0-93d4-5933c936b659@group-29BBA51C16D7-LeaderElection290] INFO  impl.LeaderElection (LogUtils.java:infoOrTrace(136)) -   Exception 1: java.util.concurrent.ExecutionException: org.apache.ratis.thirdparty.io.grpc.StatusRuntimeException: UNAVAILABLE: io exception
2024-05-12 17:46:42,489 [fa054618-3a8f-49b0-93d4-5933c936b659@group-29BBA51C16D7-LeaderElection290] INFO  impl.LeaderElection (LeaderElection.java:askForVotes(323)) - fa054618-3a8f-49b0-93d4-5933c936b659@group-29BBA51C16D7-LeaderElection290 PRE_VOTE round 0: result REJECTED
2024-05-12 17:46:42,489 [fa054618-3a8f-49b0-93d4-5933c936b659@group-29BBA51C16D7-LeaderElection290] INFO  server.RaftServer$Division (RaftServerImpl.java:setRole(383)) - fa054618-3a8f-49b0-93d4-5933c936b659@group-29BBA51C16D7: changes role from CANDIDATE to FOLLOWER at term 1 for REJECTED
2024-05-12 17:46:42,490 [fa054618-3a8f-49b0-93d4-5933c936b659@group-29BBA51C16D7-LeaderElection290] INFO  impl.RoleInfo (RoleInfo.java:shutdownLeaderElection(130)) - fa054618-3a8f-49b0-93d4-5933c936b659: shutdown fa054618-3a8f-49b0-93d4-5933c936b659@group-29BBA51C16D7-LeaderElection290
2024-05-12 17:46:42,490 [fa054618-3a8f-49b0-93d4-5933c936b659@group-29BBA51C16D7-LeaderElection290] INFO  impl.RoleInfo (RoleInfo.java:updateAndGet(139)) - fa054618-3a8f-49b0-93d4-5933c936b659: start fa054618-3a8f-49b0-93d4-5933c936b659@group-29BBA51C16D7-FollowerState
2024-05-12 17:46:43,169 [fa054618-3a8f-49b0-93d4-5933c936b659@group-6F96808B8C5E-LeaderStateImpl] WARN  server.RaftServer$Division (LeaderStateImpl.java:checkLeadership(1107)) - fa054618-3a8f-49b0-93d4-5933c936b659@group-6F96808B8C5E-LeaderStateImpl: Lost leadership on term: 1. Election timeout: 1200ms. In charge for: 187244ms. Conf: 0: peers:[93bda13b-2c91-401a-a9f5-fc4ebb9220da|127.0.0.1:15362, fa054618-3a8f-49b0-93d4-5933c936b659|127.0.0.1:15371, a33fd443-9c01-43ff-9618-b7376da7e75d|127.0.0.1:15389]|listeners:[], old=null
2024-05-12 17:46:43,169 [fa054618-3a8f-49b0-93d4-5933c936b659@group-6F96808B8C5E-LeaderStateImpl] WARN  server.RaftServer$Division (LeaderStateImpl.java:lambda$checkLeadership$21(1111)) - Follower fa054618-3a8f-49b0-93d4-5933c936b659@group-6F96808B8C5E->93bda13b-2c91-401a-a9f5-fc4ebb9220da(c0,m0,n1, caughtUp=true, lastRpcSendTime=3887, lastRpcResponseTime=14900)
2024-05-12 17:46:43,169 [fa054618-3a8f-49b0-93d4-5933c936b659@group-6F96808B8C5E-LeaderStateImpl] WARN  server.RaftServer$Division (LeaderStateImpl.java:lambda$checkLeadership$21(1111)) - Follower fa054618-3a8f-49b0-93d4-5933c936b659@group-6F96808B8C5E->a33fd443-9c01-43ff-9618-b7376da7e75d(c0,m0,n1, caughtUp=true, lastRpcSendTime=869, lastRpcResponseTime=2378)
2024-05-12 17:46:43,169 [fa054618-3a8f-49b0-93d4-5933c936b659@group-6F96808B8C5E-LeaderStateImpl] INFO  server.RaftServer$Division (RaftServerImpl.java:setRole(383)) - fa054618-3a8f-49b0-93d4-5933c936b659@group-6F96808B8C5E: changes role from    LEADER to FOLLOWER at term 1 for StepDownReason:LOST_MAJORITY_HEARTBEATS
2024-05-12 17:46:43,169 [fa054618-3a8f-49b0-93d4-5933c936b659@group-6F96808B8C5E-LeaderStateImpl] INFO  impl.RoleInfo (RoleInfo.java:shutdownLeaderState(94)) - fa054618-3a8f-49b0-93d4-5933c936b659: shutdown fa054618-3a8f-49b0-93d4-5933c936b659@group-6F96808B8C5E-LeaderStateImpl
2024-05-12 17:46:43,169 [fa054618-3a8f-49b0-93d4-5933c936b659@group-6F96808B8C5E-LeaderStateImpl] INFO  impl.PendingRequests (PendingRequests.java:sendNotLeaderResponses(289)) - fa054618-3a8f-49b0-93d4-5933c936b659@group-6F96808B8C5E-PendingRequests: sendNotLeaderResponses
2024-05-12 17:46:43,170 [fa054618-3a8f-49b0-93d4-5933c936b659@group-6F96808B8C5E-LeaderStateImpl] INFO  server.RaftServer$Division (ServerState.java:setLeader(269)) - fa054618-3a8f-49b0-93d4-5933c936b659@group-6F96808B8C5E: change Leader from fa054618-3a8f-49b0-93d4-5933c936b659 to null at term 1 for StepDownReason:LOST_MAJORITY_HEARTBEATS
2024-05-12 17:46:43,170 [fa054618-3a8f-49b0-93d4-5933c936b659@group-6F96808B8C5E-LeaderStateImpl] INFO  impl.RoleInfo (RoleInfo.java:updateAndGet(139)) - fa054618-3a8f-49b0-93d4-5933c936b659: start fa054618-3a8f-49b0-93d4-5933c936b659@group-6F96808B8C5E-FollowerState
2024-05-12 17:46:43,170 [fa054618-3a8f-49b0-93d4-5933c936b659@group-6F96808B8C5E->a33fd443-9c01-43ff-9618-b7376da7e75d-GrpcLogAppender-LogAppenderDaemon] WARN  server.GrpcLogAppender (GrpcLogAppender.java:mayWait(289)) - fa054618-3a8f-49b0-93d4-5933c936b659@group-6F96808B8C5E->a33fd443-9c01-43ff-9618-b7376da7e75d-GrpcLogAppender: Wait interrupted by java.lang.InterruptedException
2024-05-12 17:46:43,170 [fa054618-3a8f-49b0-93d4-5933c936b659@group-6F96808B8C5E->93bda13b-2c91-401a-a9f5-fc4ebb9220da-GrpcLogAppender-LogAppenderDaemon] WARN  server.GrpcLogAppender (GrpcLogAppender.java:mayWait(289)) - fa054618-3a8f-49b0-93d4-5933c936b659@group-6F96808B8C5E->93bda13b-2c91-401a-a9f5-fc4ebb9220da-GrpcLogAppender: Wait interrupted by java.lang.InterruptedException
2024-05-12 17:46:43,458 [ForkJoinPool.commonPool-worker-8] INFO  utils.DatanodeStoreCache (DatanodeStoreCache.java:shutdownCache(116)) - Skip clearing cache in mini cluster mode. Entries left: [/home/runner/work/ozone/ozone/hadoop-ozone/integration-test/target/test-dir/MiniOzoneClusterImpl-71ef5771-1bca-432b-8888-38dc3c8d5d63/ozone-meta/datanode-1/data-0/hdds/71ef5771-1bca-432b-8888-38dc3c8d5d63/DS-022786f3-a330-4083-ad03-82fba0a20d5b/container.db, /home/runner/work/ozone/ozone/hadoop-ozone/integration-test/target/test-dir/MiniOzoneClusterImpl-71ef5771-1bca-432b-8888-38dc3c8d5d63/ozone-meta/datanode-10/data-0/hdds/71ef5771-1bca-432b-8888-38dc3c8d5d63/DS-521af26a-43fe-470d-a4f0-2cdb7e20903c/container.db, /home/runner/work/ozone/ozone/hadoop-ozone/integration-test/target/test-dir/MiniOzoneClusterImpl-71ef5771-1bca-432b-8888-38dc3c8d5d63/ozone-meta/datanode-2/data-0/hdds/71ef5771-1bca-432b-8888-38dc3c8d5d63/DS-ab6f7da1-2586-460e-903a-1a2713c9f9fa/container.db, /home/runner/work/ozone/ozone/hadoop-ozone/integration-test/target/test-dir/MiniOzoneClusterImpl-71ef5771-1bca-432b-8888-38dc3c8d5d63/ozone-meta/datanode-3/data-0/hdds/71ef5771-1bca-432b-8888-38dc3c8d5d63/DS-098c289b-f7b8-484e-85eb-c4e4b7b68464/container.db, /home/runner/work/ozone/ozone/hadoop-ozone/integration-test/target/test-dir/MiniOzoneClusterImpl-71ef5771-1bca-432b-8888-38dc3c8d5d63/ozone-meta/datanode-4/data-0/hdds/71ef5771-1bca-432b-8888-38dc3c8d5d63/DS-bc911a75-08a8-46e6-b4ec-711ed4d0cd08/container.db, /home/runner/work/ozone/ozone/hadoop-ozone/integration-test/target/test-dir/MiniOzoneClusterImpl-71ef5771-1bca-432b-8888-38dc3c8d5d63/ozone-meta/datanode-5/data-0/hdds/71ef5771-1bca-432b-8888-38dc3c8d5d63/DS-c36a734b-7558-4b36-8a60-6b60a15be8c4/container.db, /home/runner/work/ozone/ozone/hadoop-ozone/integration-test/target/test-dir/MiniOzoneClusterImpl-71ef5771-1bca-432b-8888-38dc3c8d5d63/ozone-meta/datanode-6/data-0/hdds/71ef5771-1bca-432b-8888-38dc3c8d5d63/DS-ecffac56-7014-40de-88fa-54768e642694/container.db, /home/runner/work/ozone/ozone/hadoop-ozone/integration-test/target/test-dir/MiniOzoneClusterImpl-71ef5771-1bca-432b-8888-38dc3c8d5d63/ozone-meta/datanode-8/data-0/hdds/71ef5771-1bca-432b-8888-38dc3c8d5d63/DS-cf25e66a-8e82-4720-a9cf-cb5d7a186b89/container.db, /home/runner/work/ozone/ozone/hadoop-ozone/integration-test/target/test-dir/MiniOzoneClusterImpl-71ef5771-1bca-432b-8888-38dc3c8d5d63/ozone-meta/datanode-9/data-0/hdds/71ef5771-1bca-432b-8888-38dc3c8d5d63/DS-c8a9aa30-8482-4ebe-a8c4-d8cb9066296b/container.db]
2024-05-12 17:46:43,459 [ForkJoinPool.commonPool-worker-8] INFO  utils.DatanodeStoreCache (DatanodeStoreCache.java:removeDB(110)) - Removed db /home/runner/work/ozone/ozone/hadoop-ozone/integration-test/target/test-dir/MiniOzoneClusterImpl-71ef5771-1bca-432b-8888-38dc3c8d5d63/ozone-meta/datanode-5/data-0/hdds/71ef5771-1bca-432b-8888-38dc3c8d5d63/DS-c36a734b-7558-4b36-8a60-6b60a15be8c4/container.db from cache
2024-05-12 17:46:43,459 [ForkJoinPool.commonPool-worker-8] INFO  volume.HddsVolume (HddsVolume.java:closeDbStore(470)) - SchemaV3 db is stopped at /home/runner/work/ozone/ozone/hadoop-ozone/integration-test/target/test-dir/MiniOzoneClusterImpl-71ef5771-1bca-432b-8888-38dc3c8d5d63/ozone-meta/datanode-5/data-0/hdds/71ef5771-1bca-432b-8888-38dc3c8d5d63/DS-c36a734b-7558-4b36-8a60-6b60a15be8c4/container.db for volume DS-c36a734b-7558-4b36-8a60-6b60a15be8c4
2024-05-12 17:46:43,460 [ForkJoinPool.commonPool-worker-8] INFO  utils.BackgroundService (BackgroundService.java:shutdown(160)) - Shutting down service BlockDeletingService
2024-05-12 17:46:43,460 [ForkJoinPool.commonPool-worker-8] INFO  utils.BackgroundService (BackgroundService.java:shutdown(160)) - Shutting down service StaleRecoveringContainerScrubbingService
2024-05-12 17:46:43,461 [ForkJoinPool.commonPool-worker-8] INFO  statemachine.DatanodeStateMachine (DatanodeStateMachine.java:stopDaemon(638)) - Ozone container server stopped.
2024-05-12 17:46:43,461 [ForkJoinPool.commonPool-worker-8] INFO  handler.ContextHandler (ContextHandler.java:doStop(1159)) - Stopped o.e.j.w.WebAppContext@58b4f4a{hddsDatanode,/,null,STOPPED}{file:/home/runner/work/ozone/ozone/hadoop-hdds/container-service/target/classes/webapps/hddsDatanode}
2024-05-12 17:46:43,461 [ForkJoinPool.commonPool-worker-8] INFO  server.AbstractConnector (AbstractConnector.java:doStop(383)) - Stopped ServerConnector@4bb51f15{HTTP/1.1, (http/1.1)}{0.0.0.0:15339}
2024-05-12 17:46:43,462 [ForkJoinPool.commonPool-worker-8] INFO  server.session (HouseKeeper.java:stopScavenging(149)) - node0 Stopped scavenging
2024-05-12 17:46:43,462 [ForkJoinPool.commonPool-worker-8] INFO  handler.ContextHandler (ContextHandler.java:doStop(1159)) - Stopped o.e.j.s.ServletContextHandler@7d31b371{static,/static,file:///home/runner/work/ozone/ozone/hadoop-hdds/container-service/target/classes/webapps/static,STOPPED}
2024-05-12 17:46:43,462 [ForkJoinPool.commonPool-worker-8] INFO  handler.ContextHandler (ContextHandler.java:doStop(1159)) - Stopped o.e.j.s.ServletContextHandler@2ad404c0{logs,/logs,file:///home/runner/work/ozone/ozone/hadoop-ozone/integration-test/target/log,STOPPED}
2024-05-12 17:46:43,462 [ForkJoinPool.commonPool-worker-8] INFO  ozone.HddsDatanodeClientProtocolServer (HddsDatanodeClientProtocolServer.java:stop(83)) - Stopping the RPC server for Client Protocol
2024-05-12 17:46:43,462 [ForkJoinPool.commonPool-worker-8] INFO  ipc.Server (Server.java:stop(3523)) - Stopping server on 15340
2024-05-12 17:46:43,463 [IPC Server listener on 15340] INFO  ipc.Server (Server.java:run(1434)) - Stopping IPC Server listener on 15340
2024-05-12 17:46:43,463 [IPC Server Responder] INFO  ipc.Server (Server.java:run(1567)) - Stopping IPC Server Responder
2024-05-12 17:46:43,464 [ForkJoinPool.commonPool-worker-8] INFO  ozoneimpl.OzoneContainer (OzoneContainer.java:stop(481)) - Attempting to stop container services.
2024-05-12 17:46:43,465 [ContainerMetadataScanner] WARN  ozoneimpl.AbstractBackgroundContainerScanner (AbstractBackgroundContainerScanner.java:handleRemainingSleep(134)) - Background container scan was interrupted.
2024-05-12 17:46:43,465 [ContainerMetadataScanner] INFO  ozoneimpl.AbstractBackgroundContainerScanner (AbstractBackgroundContainerScanner.java:run(61)) - Thread[ContainerMetadataScanner,5,main] exiting.
2024-05-12 17:46:43,465 [ForkJoinPool.commonPool-worker-8] INFO  ozoneimpl.BackgroundContainerDataScanner (BackgroundContainerDataScanner.java:shutdown(141)) - ContainerDataScanner(/home/runner/work/ozone/ozone/hadoop-ozone/integration-test/target/test-dir/MiniOzoneClusterImpl-71ef5771-1bca-432b-8888-38dc3c8d5d63/ozone-meta/datanode-8/data-0/hdds) is shutting down. 
2024-05-12 17:46:43,465 [ContainerDataScanner(/home/runner/work/ozone/ozone/hadoop-ozone/integration-test/target/test-dir/MiniOzoneClusterImpl-71ef5771-1bca-432b-8888-38dc3c8d5d63/ozone-meta/datanode-8/data-0/hdds)] WARN  ozoneimpl.AbstractBackgroundContainerScanner (AbstractBackgroundContainerScanner.java:handleRemainingSleep(134)) - Background container scan was interrupted.
2024-05-12 17:46:43,465 [ContainerDataScanner(/home/runner/work/ozone/ozone/hadoop-ozone/integration-test/target/test-dir/MiniOzoneClusterImpl-71ef5771-1bca-432b-8888-38dc3c8d5d63/ozone-meta/datanode-8/data-0/hdds)] INFO  ozoneimpl.AbstractBackgroundContainerScanner (AbstractBackgroundContainerScanner.java:run(61)) - ContainerDataScanner(/home/runner/work/ozone/ozone/hadoop-ozone/integration-test/target/test-dir/MiniOzoneClusterImpl-71ef5771-1bca-432b-8888-38dc3c8d5d63/ozone-meta/datanode-8/data-0/hdds, DS-cf25e66a-8e82-4720-a9cf-cb5d7a186b89) exiting.
2024-05-12 17:46:43,465 [ForkJoinPool.commonPool-worker-8] INFO  server.RaftServer (RaftServerProxy.java:lambda$close$9(416)) - fa054618-3a8f-49b0-93d4-5933c936b659: close
2024-05-12 17:46:43,466 [fa054618-3a8f-49b0-93d4-5933c936b659-impl-thread2] INFO  server.RaftServer$Division (RaftServerImpl.java:lambda$close$3(526)) - fa054618-3a8f-49b0-93d4-5933c936b659@group-6F96808B8C5E: shutdown
2024-05-12 17:46:43,466 [fa054618-3a8f-49b0-93d4-5933c936b659-impl-thread3] INFO  server.RaftServer$Division (RaftServerImpl.java:lambda$close$3(526)) - fa054618-3a8f-49b0-93d4-5933c936b659@group-29BBA51C16D7: shutdown
2024-05-12 17:46:43,466 [fa054618-3a8f-49b0-93d4-5933c936b659-impl-thread2] INFO  util.JmxRegister (JmxRegister.java:unregister(73)) - Successfully un-registered JMX Bean with object name Ratis:service=RaftServer,group=group-6F96808B8C5E,id=fa054618-3a8f-49b0-93d4-5933c936b659
2024-05-12 17:46:43,466 [fa054618-3a8f-49b0-93d4-5933c936b659-impl-thread2] INFO  impl.RoleInfo (RoleInfo.java:shutdownFollowerState(110)) - fa054618-3a8f-49b0-93d4-5933c936b659: shutdown fa054618-3a8f-49b0-93d4-5933c936b659@group-6F96808B8C5E-FollowerState
2024-05-12 17:46:43,466 [ForkJoinPool.commonPool-worker-8] INFO  server.GrpcService (GrpcService.java:closeImpl(311)) - fa054618-3a8f-49b0-93d4-5933c936b659: shutdown server org.apache.ratis.grpc.server.GrpcClientProtocolService now
2024-05-12 17:46:43,466 [fa054618-3a8f-49b0-93d4-5933c936b659@group-6F96808B8C5E-StateMachineUpdater] INFO  ratis.ContainerStateMachine (ContainerStateMachine.java:takeSnapshot(355)) - group-6F96808B8C5E: Taking a snapshot at:(t:1, i:0) file /home/runner/work/ozone/ozone/hadoop-ozone/integration-test/target/test-dir/MiniOzoneClusterImpl-71ef5771-1bca-432b-8888-38dc3c8d5d63/ozone-meta/datanode-8/ratis/28b3b979-6b86-4294-a0ef-6f96808b8c5e/sm/snapshot.1_0
2024-05-12 17:46:43,466 [fa054618-3a8f-49b0-93d4-5933c936b659-impl-thread3] INFO  util.JmxRegister (JmxRegister.java:unregister(73)) - Successfully un-registered JMX Bean with object name Ratis:service=RaftServer,group=group-29BBA51C16D7,id=fa054618-3a8f-49b0-93d4-5933c936b659
2024-05-12 17:46:43,466 [fa054618-3a8f-49b0-93d4-5933c936b659-impl-thread3] INFO  impl.RoleInfo (RoleInfo.java:shutdownFollowerState(110)) - fa054618-3a8f-49b0-93d4-5933c936b659: shutdown fa054618-3a8f-49b0-93d4-5933c936b659@group-29BBA51C16D7-FollowerState
2024-05-12 17:46:43,466 [Thread-6920] INFO  server.GrpcServerProtocolClient (GrpcServerProtocolClient.java:close(103)) - 93bda13b-2c91-401a-a9f5-fc4ebb9220da Close channels
2024-05-12 17:46:43,466 [Thread-6923] INFO  server.GrpcServerProtocolClient (GrpcServerProtocolClient.java:close(103)) - a33fd443-9c01-43ff-9618-b7376da7e75d Close channels
2024-05-12 17:46:43,466 [fa054618-3a8f-49b0-93d4-5933c936b659-impl-thread2] INFO  impl.StateMachineUpdater (StateMachineUpdater.java:stopAndJoin(157)) - fa054618-3a8f-49b0-93d4-5933c936b659@group-6F96808B8C5E-StateMachineUpdater: set stopIndex = 0
2024-05-12 17:46:43,466 [fa054618-3a8f-49b0-93d4-5933c936b659@group-6F96808B8C5E-FollowerState] INFO  impl.FollowerState (FollowerState.java:run(152)) - fa054618-3a8f-49b0-93d4-5933c936b659@group-6F96808B8C5E-FollowerState was interrupted
2024-05-12 17:46:43,466 [fa054618-3a8f-49b0-93d4-5933c936b659-impl-thread4] INFO  server.RaftServer$Division (RaftServerImpl.java:lambda$close$3(526)) - fa054618-3a8f-49b0-93d4-5933c936b659@group-3D405C2ACDC2: shutdown
2024-05-12 17:46:43,467 [fa054618-3a8f-49b0-93d4-5933c936b659@group-6F96808B8C5E-StateMachineUpdater] INFO  ratis.ContainerStateMachine (ContainerStateMachine.java:takeSnapshot(366)) - group-6F96808B8C5E: Finished taking a snapshot at:(t:1, i:0) file:/home/runner/work/ozone/ozone/hadoop-ozone/integration-test/target/test-dir/MiniOzoneClusterImpl-71ef5771-1bca-432b-8888-38dc3c8d5d63/ozone-meta/datanode-8/ratis/28b3b979-6b86-4294-a0ef-6f96808b8c5e/sm/snapshot.1_0 took: 2 ms
2024-05-12 17:46:43,466 [fa054618-3a8f-49b0-93d4-5933c936b659-impl-thread3] INFO  impl.StateMachineUpdater (StateMachineUpdater.java:stopAndJoin(157)) - fa054618-3a8f-49b0-93d4-5933c936b659@group-29BBA51C16D7-StateMachineUpdater: set stopIndex = 0
2024-05-12 17:46:43,467 [fa054618-3a8f-49b0-93d4-5933c936b659@group-6F96808B8C5E-StateMachineUpdater] INFO  impl.StateMachineUpdater (StateMachineUpdater.java:takeSnapshot(295)) - fa054618-3a8f-49b0-93d4-5933c936b659@group-6F96808B8C5E-StateMachineUpdater: Took a snapshot at index 0
2024-05-12 17:46:43,467 [fa054618-3a8f-49b0-93d4-5933c936b659@group-6F96808B8C5E-StateMachineUpdater] INFO  impl.StateMachineUpdater (StateMachineUpdater.java:lambda$new$0(98)) - fa054618-3a8f-49b0-93d4-5933c936b659@group-6F96808B8C5E-StateMachineUpdater: snapshotIndex: updateIncreasingly -1 -> 0
2024-05-12 17:46:43,468 [fa054618-3a8f-49b0-93d4-5933c936b659-impl-thread2] INFO  server.RaftServer$Division (ServerState.java:close(427)) - fa054618-3a8f-49b0-93d4-5933c936b659@group-6F96808B8C5E: applyIndex: 0
2024-05-12 17:46:43,466 [fa054618-3a8f-49b0-93d4-5933c936b659@group-29BBA51C16D7-FollowerState] INFO  impl.FollowerState (FollowerState.java:run(152)) - fa054618-3a8f-49b0-93d4-5933c936b659@group-29BBA51C16D7-FollowerState was interrupted
2024-05-12 17:46:43,466 [fa054618-3a8f-49b0-93d4-5933c936b659@group-29BBA51C16D7-StateMachineUpdater] INFO  ratis.ContainerStateMachine (ContainerStateMachine.java:takeSnapshot(355)) - group-29BBA51C16D7: Taking a snapshot at:(t:1, i:0) file /home/runner/work/ozone/ozone/hadoop-ozone/integration-test/target/test-dir/MiniOzoneClusterImpl-71ef5771-1bca-432b-8888-38dc3c8d5d63/ozone-meta/datanode-8/ratis/af9510f2-7e0e-4293-b97d-29bba51c16d7/sm/snapshot.1_0
2024-05-12 17:46:43,466 [Thread-6922] INFO  server.GrpcServerProtocolClient (GrpcServerProtocolClient.java:close(103)) - a0742c66-ae9f-48ce-9181-086e540b3b62 Close channels
2024-05-12 17:46:43,468 [fa054618-3a8f-49b0-93d4-5933c936b659@group-6F96808B8C5E-cacheEviction-AwaitToRun] INFO  util.AwaitToRun (AwaitToRun.java:run(49)) - fa054618-3a8f-49b0-93d4-5933c936b659@group-6F96808B8C5E-cacheEviction-AwaitToRun-AwaitForSignal is interrupted
2024-05-12 17:46:43,468 [ForkJoinPool.commonPool-worker-8] INFO  server.GrpcService (GrpcService.java:closeImpl(320)) - fa054618-3a8f-49b0-93d4-5933c936b659: shutdown server org.apache.ratis.grpc.server.GrpcClientProtocolService successfully
2024-05-12 17:46:43,468 [ForkJoinPool.commonPool-worker-8] INFO  server.GrpcService (GrpcService.java:closeImpl(311)) - fa054618-3a8f-49b0-93d4-5933c936b659: shutdown server GrpcServerProtocolService now
2024-05-12 17:46:43,467 [fa054618-3a8f-49b0-93d4-5933c936b659-impl-thread4] INFO  util.JmxRegister (JmxRegister.java:unregister(73)) - Successfully un-registered JMX Bean with object name Ratis:service=RaftServer,group=group-3D405C2ACDC2,id=fa054618-3a8f-49b0-93d4-5933c936b659
2024-05-12 17:46:43,468 [fa054618-3a8f-49b0-93d4-5933c936b659-impl-thread4] INFO  impl.RoleInfo (RoleInfo.java:shutdownLeaderState(94)) - fa054618-3a8f-49b0-93d4-5933c936b659: shutdown fa054618-3a8f-49b0-93d4-5933c936b659@group-3D405C2ACDC2-LeaderStateImpl
2024-05-12 17:46:43,468 [fa054618-3a8f-49b0-93d4-5933c936b659@group-29BBA51C16D7-StateMachineUpdater] INFO  ratis.ContainerStateMachine (ContainerStateMachine.java:takeSnapshot(366)) - group-29BBA51C16D7: Finished taking a snapshot at:(t:1, i:0) file:/home/runner/work/ozone/ozone/hadoop-ozone/integration-test/target/test-dir/MiniOzoneClusterImpl-71ef5771-1bca-432b-8888-38dc3c8d5d63/ozone-meta/datanode-8/ratis/af9510f2-7e0e-4293-b97d-29bba51c16d7/sm/snapshot.1_0 took: 2 ms
2024-05-12 17:46:43,468 [fa054618-3a8f-49b0-93d4-5933c936b659-impl-thread4] INFO  impl.PendingRequests (PendingRequests.java:sendNotLeaderResponses(289)) - fa054618-3a8f-49b0-93d4-5933c936b659@group-3D405C2ACDC2-PendingRequests: sendNotLeaderResponses
2024-05-12 17:46:43,469 [fa054618-3a8f-49b0-93d4-5933c936b659@group-29BBA51C16D7-StateMachineUpdater] INFO  impl.StateMachineUpdater (StateMachineUpdater.java:takeSnapshot(295)) - fa054618-3a8f-49b0-93d4-5933c936b659@group-29BBA51C16D7-StateMachineUpdater: Took a snapshot at index 0
2024-05-12 17:46:43,469 [fa054618-3a8f-49b0-93d4-5933c936b659@group-29BBA51C16D7-StateMachineUpdater] INFO  impl.StateMachineUpdater (StateMachineUpdater.java:lambda$new$0(98)) - fa054618-3a8f-49b0-93d4-5933c936b659@group-29BBA51C16D7-StateMachineUpdater: snapshotIndex: updateIncreasingly -1 -> 0
2024-05-12 17:46:43,469 [ForkJoinPool.commonPool-worker-8] INFO  server.GrpcService (GrpcService.java:closeImpl(320)) - fa054618-3a8f-49b0-93d4-5933c936b659: shutdown server GrpcServerProtocolService successfully
2024-05-12 17:46:43,469 [ForkJoinPool.commonPool-worker-8] INFO  server.GrpcService (GrpcService.java:closeImpl(311)) - fa054618-3a8f-49b0-93d4-5933c936b659: shutdown server org.apache.ratis.grpc.server.GrpcAdminProtocolService now
2024-05-12 17:46:43,469 [fa054618-3a8f-49b0-93d4-5933c936b659-impl-thread3] INFO  server.RaftServer$Division (ServerState.java:close(427)) - fa054618-3a8f-49b0-93d4-5933c936b659@group-29BBA51C16D7: applyIndex: 0
2024-05-12 17:46:43,470 [fa054618-3a8f-49b0-93d4-5933c936b659@group-29BBA51C16D7-cacheEviction-AwaitToRun] INFO  util.AwaitToRun (AwaitToRun.java:run(49)) - fa054618-3a8f-49b0-93d4-5933c936b659@group-29BBA51C16D7-cacheEviction-AwaitToRun-AwaitForSignal is interrupted
2024-05-12 17:46:43,470 [ForkJoinPool.commonPool-worker-8] INFO  server.GrpcService (GrpcService.java:closeImpl(320)) - fa054618-3a8f-49b0-93d4-5933c936b659: shutdown server org.apache.ratis.grpc.server.GrpcAdminProtocolService successfully
2024-05-12 17:46:43,470 [fa054618-3a8f-49b0-93d4-5933c936b659-impl-thread4] INFO  impl.StateMachineUpdater (StateMachineUpdater.java:stopAndJoin(157)) - fa054618-3a8f-49b0-93d4-5933c936b659@group-3D405C2ACDC2-StateMachineUpdater: set stopIndex = 0
2024-05-12 17:46:43,470 [fa054618-3a8f-49b0-93d4-5933c936b659@group-3D405C2ACDC2-StateMachineUpdater] INFO  ratis.ContainerStateMachine (ContainerStateMachine.java:takeSnapshot(355)) - group-3D405C2ACDC2: Taking a snapshot at:(t:1, i:0) file /home/runner/work/ozone/ozone/hadoop-ozone/integration-test/target/test-dir/MiniOzoneClusterImpl-71ef5771-1bca-432b-8888-38dc3c8d5d63/ozone-meta/datanode-8/ratis/bd86c3dd-9f5a-4fc5-b474-3d405c2acdc2/sm/snapshot.1_0
2024-05-12 17:46:43,471 [fa054618-3a8f-49b0-93d4-5933c936b659@group-3D405C2ACDC2-StateMachineUpdater] INFO  ratis.ContainerStateMachine (ContainerStateMachine.java:takeSnapshot(366)) - group-3D405C2ACDC2: Finished taking a snapshot at:(t:1, i:0) file:/home/runner/work/ozone/ozone/hadoop-ozone/integration-test/target/test-dir/MiniOzoneClusterImpl-71ef5771-1bca-432b-8888-38dc3c8d5d63/ozone-meta/datanode-8/ratis/bd86c3dd-9f5a-4fc5-b474-3d405c2acdc2/sm/snapshot.1_0 took: 1 ms
2024-05-12 17:46:43,471 [fa054618-3a8f-49b0-93d4-5933c936b659@group-3D405C2ACDC2-StateMachineUpdater] INFO  impl.StateMachineUpdater (StateMachineUpdater.java:takeSnapshot(295)) - fa054618-3a8f-49b0-93d4-5933c936b659@group-3D405C2ACDC2-StateMachineUpdater: Took a snapshot at index 0
2024-05-12 17:46:43,471 [fa054618-3a8f-49b0-93d4-5933c936b659@group-3D405C2ACDC2-StateMachineUpdater] INFO  impl.StateMachineUpdater (StateMachineUpdater.java:lambda$new$0(98)) - fa054618-3a8f-49b0-93d4-5933c936b659@group-3D405C2ACDC2-StateMachineUpdater: snapshotIndex: updateIncreasingly -1 -> 0
2024-05-12 17:46:43,471 [fa054618-3a8f-49b0-93d4-5933c936b659-impl-thread4] INFO  server.RaftServer$Division (ServerState.java:close(427)) - fa054618-3a8f-49b0-93d4-5933c936b659@group-3D405C2ACDC2: applyIndex: 0
2024-05-12 17:46:43,471 [fa054618-3a8f-49b0-93d4-5933c936b659@group-3D405C2ACDC2-cacheEviction-AwaitToRun] INFO  util.AwaitToRun (AwaitToRun.java:run(49)) - fa054618-3a8f-49b0-93d4-5933c936b659@group-3D405C2ACDC2-cacheEviction-AwaitToRun-AwaitForSignal is interrupted
2024-05-12 17:46:43,474 [fa054618-3a8f-49b0-93d4-5933c936b659-NettyServerStreamRpc-bossGroup--thread1] INFO  logging.LoggingHandler (AbstractInternalLogger.java:log(148)) - [id: 0x00b03ec4, L:/0.0.0.0:15372] CLOSE
2024-05-12 17:46:43,474 [fa054618-3a8f-49b0-93d4-5933c936b659-NettyServerStreamRpc-bossGroup--thread1] INFO  logging.LoggingHandler (AbstractInternalLogger.java:log(148)) - [id: 0x00b03ec4, L:/0.0.0.0:15372] INACTIVE
2024-05-12 17:46:43,474 [fa054618-3a8f-49b0-93d4-5933c936b659-NettyServerStreamRpc-bossGroup--thread1] INFO  logging.LoggingHandler (AbstractInternalLogger.java:log(148)) - [id: 0x00b03ec4, L:/0.0.0.0:15372] UNREGISTERED
2024-05-12 17:46:43,480 [ForkJoinPool.commonPool-worker-11] INFO  utils.DatanodeStoreCache (DatanodeStoreCache.java:shutdownCache(116)) - Skip clearing cache in mini cluster mode. Entries left: [/home/runner/work/ozone/ozone/hadoop-ozone/integration-test/target/test-dir/MiniOzoneClusterImpl-71ef5771-1bca-432b-8888-38dc3c8d5d63/ozone-meta/datanode-1/data-0/hdds/71ef5771-1bca-432b-8888-38dc3c8d5d63/DS-022786f3-a330-4083-ad03-82fba0a20d5b/container.db, /home/runner/work/ozone/ozone/hadoop-ozone/integration-test/target/test-dir/MiniOzoneClusterImpl-71ef5771-1bca-432b-8888-38dc3c8d5d63/ozone-meta/datanode-10/data-0/hdds/71ef5771-1bca-432b-8888-38dc3c8d5d63/DS-521af26a-43fe-470d-a4f0-2cdb7e20903c/container.db, /home/runner/work/ozone/ozone/hadoop-ozone/integration-test/target/test-dir/MiniOzoneClusterImpl-71ef5771-1bca-432b-8888-38dc3c8d5d63/ozone-meta/datanode-2/data-0/hdds/71ef5771-1bca-432b-8888-38dc3c8d5d63/DS-ab6f7da1-2586-460e-903a-1a2713c9f9fa/container.db, /home/runner/work/ozone/ozone/hadoop-ozone/integration-test/target/test-dir/MiniOzoneClusterImpl-71ef5771-1bca-432b-8888-38dc3c8d5d63/ozone-meta/datanode-3/data-0/hdds/71ef5771-1bca-432b-8888-38dc3c8d5d63/DS-098c289b-f7b8-484e-85eb-c4e4b7b68464/container.db, /home/runner/work/ozone/ozone/hadoop-ozone/integration-test/target/test-dir/MiniOzoneClusterImpl-71ef5771-1bca-432b-8888-38dc3c8d5d63/ozone-meta/datanode-4/data-0/hdds/71ef5771-1bca-432b-8888-38dc3c8d5d63/DS-bc911a75-08a8-46e6-b4ec-711ed4d0cd08/container.db, /home/runner/work/ozone/ozone/hadoop-ozone/integration-test/target/test-dir/MiniOzoneClusterImpl-71ef5771-1bca-432b-8888-38dc3c8d5d63/ozone-meta/datanode-6/data-0/hdds/71ef5771-1bca-432b-8888-38dc3c8d5d63/DS-ecffac56-7014-40de-88fa-54768e642694/container.db, /home/runner/work/ozone/ozone/hadoop-ozone/integration-test/target/test-dir/MiniOzoneClusterImpl-71ef5771-1bca-432b-8888-38dc3c8d5d63/ozone-meta/datanode-8/data-0/hdds/71ef5771-1bca-432b-8888-38dc3c8d5d63/DS-cf25e66a-8e82-4720-a9cf-cb5d7a186b89/container.db, /home/runner/work/ozone/ozone/hadoop-ozone/integration-test/target/test-dir/MiniOzoneClusterImpl-71ef5771-1bca-432b-8888-38dc3c8d5d63/ozone-meta/datanode-9/data-0/hdds/71ef5771-1bca-432b-8888-38dc3c8d5d63/DS-c8a9aa30-8482-4ebe-a8c4-d8cb9066296b/container.db]
2024-05-12 17:46:43,481 [ForkJoinPool.commonPool-worker-11] INFO  utils.DatanodeStoreCache (DatanodeStoreCache.java:removeDB(110)) - Removed db /home/runner/work/ozone/ozone/hadoop-ozone/integration-test/target/test-dir/MiniOzoneClusterImpl-71ef5771-1bca-432b-8888-38dc3c8d5d63/ozone-meta/datanode-4/data-0/hdds/71ef5771-1bca-432b-8888-38dc3c8d5d63/DS-bc911a75-08a8-46e6-b4ec-711ed4d0cd08/container.db from cache
2024-05-12 17:46:43,481 [ForkJoinPool.commonPool-worker-11] INFO  volume.HddsVolume (HddsVolume.java:closeDbStore(470)) - SchemaV3 db is stopped at /home/runner/work/ozone/ozone/hadoop-ozone/integration-test/target/test-dir/MiniOzoneClusterImpl-71ef5771-1bca-432b-8888-38dc3c8d5d63/ozone-meta/datanode-4/data-0/hdds/71ef5771-1bca-432b-8888-38dc3c8d5d63/DS-bc911a75-08a8-46e6-b4ec-711ed4d0cd08/container.db for volume DS-bc911a75-08a8-46e6-b4ec-711ed4d0cd08
2024-05-12 17:46:43,481 [ForkJoinPool.commonPool-worker-11] INFO  utils.BackgroundService (BackgroundService.java:shutdown(160)) - Shutting down service BlockDeletingService
2024-05-12 17:46:43,481 [ForkJoinPool.commonPool-worker-11] INFO  utils.BackgroundService (BackgroundService.java:shutdown(160)) - Shutting down service StaleRecoveringContainerScrubbingService
2024-05-12 17:46:43,482 [ForkJoinPool.commonPool-worker-11] INFO  statemachine.DatanodeStateMachine (DatanodeStateMachine.java:stopDaemon(638)) - Ozone container server stopped.
2024-05-12 17:46:43,482 [ForkJoinPool.commonPool-worker-11] INFO  handler.ContextHandler (ContextHandler.java:doStop(1159)) - Stopped o.e.j.w.WebAppContext@7bcccbd2{hddsDatanode,/,null,STOPPED}{file:/home/runner/work/ozone/ozone/hadoop-hdds/container-service/target/classes/webapps/hddsDatanode}
2024-05-12 17:46:43,482 [ForkJoinPool.commonPool-worker-11] INFO  server.AbstractConnector (AbstractConnector.java:doStop(383)) - Stopped ServerConnector@132e0e20{HTTP/1.1, (http/1.1)}{0.0.0.0:15330}
2024-05-12 17:46:43,483 [ForkJoinPool.commonPool-worker-11] INFO  server.session (HouseKeeper.java:stopScavenging(149)) - node0 Stopped scavenging
2024-05-12 17:46:43,483 [ForkJoinPool.commonPool-worker-11] INFO  handler.ContextHandler (ContextHandler.java:doStop(1159)) - Stopped o.e.j.s.ServletContextHandler@26c6e9d6{static,/static,file:///home/runner/work/ozone/ozone/hadoop-hdds/container-service/target/classes/webapps/static,STOPPED}
2024-05-12 17:46:43,483 [ForkJoinPool.commonPool-worker-11] INFO  handler.ContextHandler (ContextHandler.java:doStop(1159)) - Stopped o.e.j.s.ServletContextHandler@1ba311d0{logs,/logs,file:///home/runner/work/ozone/ozone/hadoop-ozone/integration-test/target/log,STOPPED}
2024-05-12 17:46:43,483 [ForkJoinPool.commonPool-worker-11] INFO  ozone.HddsDatanodeClientProtocolServer (HddsDatanodeClientProtocolServer.java:stop(83)) - Stopping the RPC server for Client Protocol
2024-05-12 17:46:43,483 [ForkJoinPool.commonPool-worker-11] INFO  ipc.Server (Server.java:stop(3523)) - Stopping server on 15331
2024-05-12 17:46:43,483 [IPC Server listener on 15331] INFO  ipc.Server (Server.java:run(1434)) - Stopping IPC Server listener on 15331
2024-05-12 17:46:43,484 [IPC Server Responder] INFO  ipc.Server (Server.java:run(1567)) - Stopping IPC Server Responder
2024-05-12 17:46:43,492 [main] INFO  utils.DatanodeStoreCache (DatanodeStoreCache.java:shutdownCache(116)) - Skip clearing cache in mini cluster mode. Entries left: [/home/runner/work/ozone/ozone/hadoop-ozone/integration-test/target/test-dir/MiniOzoneClusterImpl-71ef5771-1bca-432b-8888-38dc3c8d5d63/ozone-meta/datanode-1/data-0/hdds/71ef5771-1bca-432b-8888-38dc3c8d5d63/DS-022786f3-a330-4083-ad03-82fba0a20d5b/container.db, /home/runner/work/ozone/ozone/hadoop-ozone/integration-test/target/test-dir/MiniOzoneClusterImpl-71ef5771-1bca-432b-8888-38dc3c8d5d63/ozone-meta/datanode-10/data-0/hdds/71ef5771-1bca-432b-8888-38dc3c8d5d63/DS-521af26a-43fe-470d-a4f0-2cdb7e20903c/container.db, /home/runner/work/ozone/ozone/hadoop-ozone/integration-test/target/test-dir/MiniOzoneClusterImpl-71ef5771-1bca-432b-8888-38dc3c8d5d63/ozone-meta/datanode-2/data-0/hdds/71ef5771-1bca-432b-8888-38dc3c8d5d63/DS-ab6f7da1-2586-460e-903a-1a2713c9f9fa/container.db, /home/runner/work/ozone/ozone/hadoop-ozone/integration-test/target/test-dir/MiniOzoneClusterImpl-71ef5771-1bca-432b-8888-38dc3c8d5d63/ozone-meta/datanode-3/data-0/hdds/71ef5771-1bca-432b-8888-38dc3c8d5d63/DS-098c289b-f7b8-484e-85eb-c4e4b7b68464/container.db, /home/runner/work/ozone/ozone/hadoop-ozone/integration-test/target/test-dir/MiniOzoneClusterImpl-71ef5771-1bca-432b-8888-38dc3c8d5d63/ozone-meta/datanode-6/data-0/hdds/71ef5771-1bca-432b-8888-38dc3c8d5d63/DS-ecffac56-7014-40de-88fa-54768e642694/container.db, /home/runner/work/ozone/ozone/hadoop-ozone/integration-test/target/test-dir/MiniOzoneClusterImpl-71ef5771-1bca-432b-8888-38dc3c8d5d63/ozone-meta/datanode-8/data-0/hdds/71ef5771-1bca-432b-8888-38dc3c8d5d63/DS-cf25e66a-8e82-4720-a9cf-cb5d7a186b89/container.db, /home/runner/work/ozone/ozone/hadoop-ozone/integration-test/target/test-dir/MiniOzoneClusterImpl-71ef5771-1bca-432b-8888-38dc3c8d5d63/ozone-meta/datanode-9/data-0/hdds/71ef5771-1bca-432b-8888-38dc3c8d5d63/DS-c8a9aa30-8482-4ebe-a8c4-d8cb9066296b/container.db]
2024-05-12 17:46:43,493 [main] INFO  utils.DatanodeStoreCache (DatanodeStoreCache.java:removeDB(110)) - Removed db /home/runner/work/ozone/ozone/hadoop-ozone/integration-test/target/test-dir/MiniOzoneClusterImpl-71ef5771-1bca-432b-8888-38dc3c8d5d63/ozone-meta/datanode-6/data-0/hdds/71ef5771-1bca-432b-8888-38dc3c8d5d63/DS-ecffac56-7014-40de-88fa-54768e642694/container.db from cache
2024-05-12 17:46:43,493 [main] INFO  volume.HddsVolume (HddsVolume.java:closeDbStore(470)) - SchemaV3 db is stopped at /home/runner/work/ozone/ozone/hadoop-ozone/integration-test/target/test-dir/MiniOzoneClusterImpl-71ef5771-1bca-432b-8888-38dc3c8d5d63/ozone-meta/datanode-6/data-0/hdds/71ef5771-1bca-432b-8888-38dc3c8d5d63/DS-ecffac56-7014-40de-88fa-54768e642694/container.db for volume DS-ecffac56-7014-40de-88fa-54768e642694
2024-05-12 17:46:43,493 [main] INFO  utils.BackgroundService (BackgroundService.java:shutdown(160)) - Shutting down service BlockDeletingService
2024-05-12 17:46:43,493 [main] INFO  utils.BackgroundService (BackgroundService.java:shutdown(160)) - Shutting down service StaleRecoveringContainerScrubbingService
2024-05-12 17:46:43,494 [main] INFO  statemachine.DatanodeStateMachine (DatanodeStateMachine.java:stopDaemon(638)) - Ozone container server stopped.
2024-05-12 17:46:43,494 [main] INFO  handler.ContextHandler (ContextHandler.java:doStop(1159)) - Stopped o.e.j.w.WebAppContext@65babe35{hddsDatanode,/,null,STOPPED}{file:/home/runner/work/ozone/ozone/hadoop-hdds/container-service/target/classes/webapps/hddsDatanode}
2024-05-12 17:46:43,495 [main] INFO  server.AbstractConnector (AbstractConnector.java:doStop(383)) - Stopped ServerConnector@2c56d4ab{HTTP/1.1, (http/1.1)}{0.0.0.0:15348}
2024-05-12 17:46:43,495 [main] INFO  server.session (HouseKeeper.java:stopScavenging(149)) - node0 Stopped scavenging
2024-05-12 17:46:43,495 [main] INFO  handler.ContextHandler (ContextHandler.java:doStop(1159)) - Stopped o.e.j.s.ServletContextHandler@227f6796{static,/static,file:///home/runner/work/ozone/ozone/hadoop-hdds/container-service/target/classes/webapps/static,STOPPED}
2024-05-12 17:46:43,495 [main] INFO  handler.ContextHandler (ContextHandler.java:doStop(1159)) - Stopped o.e.j.s.ServletContextHandler@67dd1ef{logs,/logs,file:///home/runner/work/ozone/ozone/hadoop-ozone/integration-test/target/log,STOPPED}
2024-05-12 17:46:43,496 [main] INFO  ozone.HddsDatanodeClientProtocolServer (HddsDatanodeClientProtocolServer.java:stop(83)) - Stopping the RPC server for Client Protocol
2024-05-12 17:46:43,496 [main] INFO  ipc.Server (Server.java:stop(3523)) - Stopping server on 15349
2024-05-12 17:46:43,496 [IPC Server Responder] INFO  ipc.Server (Server.java:run(1567)) - Stopping IPC Server Responder
2024-05-12 17:46:43,496 [IPC Server listener on 15349] INFO  ipc.Server (Server.java:run(1434)) - Stopping IPC Server listener on 15349
2024-05-12 17:46:43,637 [fa054618-3a8f-49b0-93d4-5933c936b659-impl-thread4] INFO  segmented.SegmentedRaftLogWorker (SegmentedRaftLogWorker.java:close(245)) - fa054618-3a8f-49b0-93d4-5933c936b659@group-3D405C2ACDC2-SegmentedRaftLogWorker close()
2024-05-12 17:46:43,815 [ForkJoinPool.commonPool-worker-10] INFO  utils.DatanodeStoreCache (DatanodeStoreCache.java:shutdownCache(116)) - Skip clearing cache in mini cluster mode. Entries left: [/home/runner/work/ozone/ozone/hadoop-ozone/integration-test/target/test-dir/MiniOzoneClusterImpl-71ef5771-1bca-432b-8888-38dc3c8d5d63/ozone-meta/datanode-1/data-0/hdds/71ef5771-1bca-432b-8888-38dc3c8d5d63/DS-022786f3-a330-4083-ad03-82fba0a20d5b/container.db, /home/runner/work/ozone/ozone/hadoop-ozone/integration-test/target/test-dir/MiniOzoneClusterImpl-71ef5771-1bca-432b-8888-38dc3c8d5d63/ozone-meta/datanode-10/data-0/hdds/71ef5771-1bca-432b-8888-38dc3c8d5d63/DS-521af26a-43fe-470d-a4f0-2cdb7e20903c/container.db, /home/runner/work/ozone/ozone/hadoop-ozone/integration-test/target/test-dir/MiniOzoneClusterImpl-71ef5771-1bca-432b-8888-38dc3c8d5d63/ozone-meta/datanode-2/data-0/hdds/71ef5771-1bca-432b-8888-38dc3c8d5d63/DS-ab6f7da1-2586-460e-903a-1a2713c9f9fa/container.db, /home/runner/work/ozone/ozone/hadoop-ozone/integration-test/target/test-dir/MiniOzoneClusterImpl-71ef5771-1bca-432b-8888-38dc3c8d5d63/ozone-meta/datanode-3/data-0/hdds/71ef5771-1bca-432b-8888-38dc3c8d5d63/DS-098c289b-f7b8-484e-85eb-c4e4b7b68464/container.db, /home/runner/work/ozone/ozone/hadoop-ozone/integration-test/target/test-dir/MiniOzoneClusterImpl-71ef5771-1bca-432b-8888-38dc3c8d5d63/ozone-meta/datanode-8/data-0/hdds/71ef5771-1bca-432b-8888-38dc3c8d5d63/DS-cf25e66a-8e82-4720-a9cf-cb5d7a186b89/container.db, /home/runner/work/ozone/ozone/hadoop-ozone/integration-test/target/test-dir/MiniOzoneClusterImpl-71ef5771-1bca-432b-8888-38dc3c8d5d63/ozone-meta/datanode-9/data-0/hdds/71ef5771-1bca-432b-8888-38dc3c8d5d63/DS-c8a9aa30-8482-4ebe-a8c4-d8cb9066296b/container.db]
2024-05-12 17:46:43,816 [ForkJoinPool.commonPool-worker-10] INFO  utils.DatanodeStoreCache (DatanodeStoreCache.java:removeDB(110)) - Removed db /home/runner/work/ozone/ozone/hadoop-ozone/integration-test/target/test-dir/MiniOzoneClusterImpl-71ef5771-1bca-432b-8888-38dc3c8d5d63/ozone-meta/datanode-10/data-0/hdds/71ef5771-1bca-432b-8888-38dc3c8d5d63/DS-521af26a-43fe-470d-a4f0-2cdb7e20903c/container.db from cache
2024-05-12 17:46:43,816 [ForkJoinPool.commonPool-worker-10] INFO  volume.HddsVolume (HddsVolume.java:closeDbStore(470)) - SchemaV3 db is stopped at /home/runner/work/ozone/ozone/hadoop-ozone/integration-test/target/test-dir/MiniOzoneClusterImpl-71ef5771-1bca-432b-8888-38dc3c8d5d63/ozone-meta/datanode-10/data-0/hdds/71ef5771-1bca-432b-8888-38dc3c8d5d63/DS-521af26a-43fe-470d-a4f0-2cdb7e20903c/container.db for volume DS-521af26a-43fe-470d-a4f0-2cdb7e20903c
2024-05-12 17:46:43,816 [ForkJoinPool.commonPool-worker-10] INFO  utils.BackgroundService (BackgroundService.java:shutdown(160)) - Shutting down service BlockDeletingService
2024-05-12 17:46:43,817 [fa054618-3a8f-49b0-93d4-5933c936b659-impl-thread3] INFO  segmented.SegmentedRaftLogWorker (SegmentedRaftLogWorker.java:close(245)) - fa054618-3a8f-49b0-93d4-5933c936b659@group-29BBA51C16D7-SegmentedRaftLogWorker close()
2024-05-12 17:46:43,817 [ForkJoinPool.commonPool-worker-10] INFO  utils.BackgroundService (BackgroundService.java:shutdown(160)) - Shutting down service StaleRecoveringContainerScrubbingService
2024-05-12 17:46:43,818 [ForkJoinPool.commonPool-worker-10] INFO  statemachine.DatanodeStateMachine (DatanodeStateMachine.java:stopDaemon(638)) - Ozone container server stopped.
2024-05-12 17:46:43,818 [ForkJoinPool.commonPool-worker-10] INFO  handler.ContextHandler (ContextHandler.java:doStop(1159)) - Stopped o.e.j.w.WebAppContext@3eafe537{hddsDatanode,/,null,STOPPED}{file:/home/runner/work/ozone/ozone/hadoop-hdds/container-service/target/classes/webapps/hddsDatanode}
2024-05-12 17:46:43,819 [ForkJoinPool.commonPool-worker-10] INFO  server.AbstractConnector (AbstractConnector.java:doStop(383)) - Stopped ServerConnector@1464019a{HTTP/1.1, (http/1.1)}{0.0.0.0:15384}
2024-05-12 17:46:43,819 [ForkJoinPool.commonPool-worker-10] INFO  server.session (HouseKeeper.java:stopScavenging(149)) - node0 Stopped scavenging
2024-05-12 17:46:43,819 [ForkJoinPool.commonPool-worker-10] INFO  handler.ContextHandler (ContextHandler.java:doStop(1159)) - Stopped o.e.j.s.ServletContextHandler@5a21825d{static,/static,file:///home/runner/work/ozone/ozone/hadoop-hdds/container-service/target/classes/webapps/static,STOPPED}
2024-05-12 17:46:43,819 [ForkJoinPool.commonPool-worker-10] INFO  handler.ContextHandler (ContextHandler.java:doStop(1159)) - Stopped o.e.j.s.ServletContextHandler@639c8336{logs,/logs,file:///home/runner/work/ozone/ozone/hadoop-ozone/integration-test/target/log,STOPPED}
2024-05-12 17:46:43,820 [ForkJoinPool.commonPool-worker-10] INFO  ozone.HddsDatanodeClientProtocolServer (HddsDatanodeClientProtocolServer.java:stop(83)) - Stopping the RPC server for Client Protocol
2024-05-12 17:46:43,820 [ForkJoinPool.commonPool-worker-10] INFO  ipc.Server (Server.java:stop(3523)) - Stopping server on 15385
2024-05-12 17:46:43,820 [IPC Server listener on 15385] INFO  ipc.Server (Server.java:run(1434)) - Stopping IPC Server listener on 15385
2024-05-12 17:46:43,820 [IPC Server Responder] INFO  ipc.Server (Server.java:run(1567)) - Stopping IPC Server Responder
2024-05-12 17:46:43,847 [ForkJoinPool.commonPool-worker-2] INFO  utils.DatanodeStoreCache (DatanodeStoreCache.java:shutdownCache(116)) - Skip clearing cache in mini cluster mode. Entries left: [/home/runner/work/ozone/ozone/hadoop-ozone/integration-test/target/test-dir/MiniOzoneClusterImpl-71ef5771-1bca-432b-8888-38dc3c8d5d63/ozone-meta/datanode-1/data-0/hdds/71ef5771-1bca-432b-8888-38dc3c8d5d63/DS-022786f3-a330-4083-ad03-82fba0a20d5b/container.db, /home/runner/work/ozone/ozone/hadoop-ozone/integration-test/target/test-dir/MiniOzoneClusterImpl-71ef5771-1bca-432b-8888-38dc3c8d5d63/ozone-meta/datanode-2/data-0/hdds/71ef5771-1bca-432b-8888-38dc3c8d5d63/DS-ab6f7da1-2586-460e-903a-1a2713c9f9fa/container.db, /home/runner/work/ozone/ozone/hadoop-ozone/integration-test/target/test-dir/MiniOzoneClusterImpl-71ef5771-1bca-432b-8888-38dc3c8d5d63/ozone-meta/datanode-3/data-0/hdds/71ef5771-1bca-432b-8888-38dc3c8d5d63/DS-098c289b-f7b8-484e-85eb-c4e4b7b68464/container.db, /home/runner/work/ozone/ozone/hadoop-ozone/integration-test/target/test-dir/MiniOzoneClusterImpl-71ef5771-1bca-432b-8888-38dc3c8d5d63/ozone-meta/datanode-8/data-0/hdds/71ef5771-1bca-432b-8888-38dc3c8d5d63/DS-cf25e66a-8e82-4720-a9cf-cb5d7a186b89/container.db, /home/runner/work/ozone/ozone/hadoop-ozone/integration-test/target/test-dir/MiniOzoneClusterImpl-71ef5771-1bca-432b-8888-38dc3c8d5d63/ozone-meta/datanode-9/data-0/hdds/71ef5771-1bca-432b-8888-38dc3c8d5d63/DS-c8a9aa30-8482-4ebe-a8c4-d8cb9066296b/container.db]
2024-05-12 17:46:43,848 [ForkJoinPool.commonPool-worker-7] INFO  utils.DatanodeStoreCache (DatanodeStoreCache.java:shutdownCache(116)) - Skip clearing cache in mini cluster mode. Entries left: [/home/runner/work/ozone/ozone/hadoop-ozone/integration-test/target/test-dir/MiniOzoneClusterImpl-71ef5771-1bca-432b-8888-38dc3c8d5d63/ozone-meta/datanode-1/data-0/hdds/71ef5771-1bca-432b-8888-38dc3c8d5d63/DS-022786f3-a330-4083-ad03-82fba0a20d5b/container.db, /home/runner/work/ozone/ozone/hadoop-ozone/integration-test/target/test-dir/MiniOzoneClusterImpl-71ef5771-1bca-432b-8888-38dc3c8d5d63/ozone-meta/datanode-3/data-0/hdds/71ef5771-1bca-432b-8888-38dc3c8d5d63/DS-098c289b-f7b8-484e-85eb-c4e4b7b68464/container.db, /home/runner/work/ozone/ozone/hadoop-ozone/integration-test/target/test-dir/MiniOzoneClusterImpl-71ef5771-1bca-432b-8888-38dc3c8d5d63/ozone-meta/datanode-8/data-0/hdds/71ef5771-1bca-432b-8888-38dc3c8d5d63/DS-cf25e66a-8e82-4720-a9cf-cb5d7a186b89/container.db, /home/runner/work/ozone/ozone/hadoop-ozone/integration-test/target/test-dir/MiniOzoneClusterImpl-71ef5771-1bca-432b-8888-38dc3c8d5d63/ozone-meta/datanode-9/data-0/hdds/71ef5771-1bca-432b-8888-38dc3c8d5d63/DS-c8a9aa30-8482-4ebe-a8c4-d8cb9066296b/container.db]
2024-05-12 17:46:43,848 [ForkJoinPool.commonPool-worker-2] INFO  utils.DatanodeStoreCache (DatanodeStoreCache.java:removeDB(110)) - Removed db /home/runner/work/ozone/ozone/hadoop-ozone/integration-test/target/test-dir/MiniOzoneClusterImpl-71ef5771-1bca-432b-8888-38dc3c8d5d63/ozone-meta/datanode-2/data-0/hdds/71ef5771-1bca-432b-8888-38dc3c8d5d63/DS-ab6f7da1-2586-460e-903a-1a2713c9f9fa/container.db from cache
2024-05-12 17:46:43,848 [ForkJoinPool.commonPool-worker-2] INFO  volume.HddsVolume (HddsVolume.java:closeDbStore(470)) - SchemaV3 db is stopped at /home/runner/work/ozone/ozone/hadoop-ozone/integration-test/target/test-dir/MiniOzoneClusterImpl-71ef5771-1bca-432b-8888-38dc3c8d5d63/ozone-meta/datanode-2/data-0/hdds/71ef5771-1bca-432b-8888-38dc3c8d5d63/DS-ab6f7da1-2586-460e-903a-1a2713c9f9fa/container.db for volume DS-ab6f7da1-2586-460e-903a-1a2713c9f9fa
2024-05-12 17:46:43,848 [ForkJoinPool.commonPool-worker-2] INFO  utils.BackgroundService (BackgroundService.java:shutdown(160)) - Shutting down service BlockDeletingService
2024-05-12 17:46:43,848 [ForkJoinPool.commonPool-worker-2] INFO  utils.BackgroundService (BackgroundService.java:shutdown(160)) - Shutting down service StaleRecoveringContainerScrubbingService
2024-05-12 17:46:43,848 [ForkJoinPool.commonPool-worker-7] INFO  utils.DatanodeStoreCache (DatanodeStoreCache.java:removeDB(110)) - Removed db /home/runner/work/ozone/ozone/hadoop-ozone/integration-test/target/test-dir/MiniOzoneClusterImpl-71ef5771-1bca-432b-8888-38dc3c8d5d63/ozone-meta/datanode-3/data-0/hdds/71ef5771-1bca-432b-8888-38dc3c8d5d63/DS-098c289b-f7b8-484e-85eb-c4e4b7b68464/container.db from cache
2024-05-12 17:46:43,849 [ForkJoinPool.commonPool-worker-7] INFO  volume.HddsVolume (HddsVolume.java:closeDbStore(470)) - SchemaV3 db is stopped at /home/runner/work/ozone/ozone/hadoop-ozone/integration-test/target/test-dir/MiniOzoneClusterImpl-71ef5771-1bca-432b-8888-38dc3c8d5d63/ozone-meta/datanode-3/data-0/hdds/71ef5771-1bca-432b-8888-38dc3c8d5d63/DS-098c289b-f7b8-484e-85eb-c4e4b7b68464/container.db for volume DS-098c289b-f7b8-484e-85eb-c4e4b7b68464
2024-05-12 17:46:43,849 [ForkJoinPool.commonPool-worker-2] INFO  statemachine.DatanodeStateMachine (DatanodeStateMachine.java:stopDaemon(638)) - Ozone container server stopped.
2024-05-12 17:46:43,849 [ForkJoinPool.commonPool-worker-7] INFO  utils.BackgroundService (BackgroundService.java:shutdown(160)) - Shutting down service BlockDeletingService
2024-05-12 17:46:43,849 [ForkJoinPool.commonPool-worker-2] INFO  handler.ContextHandler (ContextHandler.java:doStop(1159)) - Stopped o.e.j.w.WebAppContext@4d98763f{hddsDatanode,/,null,STOPPED}{file:/home/runner/work/ozone/ozone/hadoop-hdds/container-service/target/classes/webapps/hddsDatanode}
2024-05-12 17:46:43,849 [ForkJoinPool.commonPool-worker-7] INFO  utils.BackgroundService (BackgroundService.java:shutdown(160)) - Shutting down service StaleRecoveringContainerScrubbingService
2024-05-12 17:46:43,850 [ForkJoinPool.commonPool-worker-7] INFO  statemachine.DatanodeStateMachine (DatanodeStateMachine.java:stopDaemon(638)) - Ozone container server stopped.
2024-05-12 17:46:43,850 [ForkJoinPool.commonPool-worker-2] INFO  server.AbstractConnector (AbstractConnector.java:doStop(383)) - Stopped ServerConnector@1277c623{HTTP/1.1, (http/1.1)}{0.0.0.0:15312}
2024-05-12 17:46:43,850 [ForkJoinPool.commonPool-worker-2] INFO  server.session (HouseKeeper.java:stopScavenging(149)) - node0 Stopped scavenging
2024-05-12 17:46:43,850 [ForkJoinPool.commonPool-worker-2] INFO  handler.ContextHandler (ContextHandler.java:doStop(1159)) - Stopped o.e.j.s.ServletContextHandler@25db0f54{static,/static,file:///home/runner/work/ozone/ozone/hadoop-hdds/container-service/target/classes/webapps/static,STOPPED}
2024-05-12 17:46:43,850 [ForkJoinPool.commonPool-worker-7] INFO  handler.ContextHandler (ContextHandler.java:doStop(1159)) - Stopped o.e.j.w.WebAppContext@436ef272{hddsDatanode,/,null,STOPPED}{file:/home/runner/work/ozone/ozone/hadoop-hdds/container-service/target/classes/webapps/hddsDatanode}
2024-05-12 17:46:43,850 [ForkJoinPool.commonPool-worker-2] INFO  handler.ContextHandler (ContextHandler.java:doStop(1159)) - Stopped o.e.j.s.ServletContextHandler@5eac24de{logs,/logs,file:///home/runner/work/ozone/ozone/hadoop-ozone/integration-test/target/log,STOPPED}
2024-05-12 17:46:43,851 [ForkJoinPool.commonPool-worker-7] INFO  server.AbstractConnector (AbstractConnector.java:doStop(383)) - Stopped ServerConnector@765e4ccc{HTTP/1.1, (http/1.1)}{0.0.0.0:15321}
2024-05-12 17:46:43,851 [ForkJoinPool.commonPool-worker-7] INFO  server.session (HouseKeeper.java:stopScavenging(149)) - node0 Stopped scavenging
2024-05-12 17:46:43,851 [ForkJoinPool.commonPool-worker-2] INFO  ozone.HddsDatanodeClientProtocolServer (HddsDatanodeClientProtocolServer.java:stop(83)) - Stopping the RPC server for Client Protocol
2024-05-12 17:46:43,851 [ForkJoinPool.commonPool-worker-2] INFO  ipc.Server (Server.java:stop(3523)) - Stopping server on 15313
2024-05-12 17:46:43,851 [ForkJoinPool.commonPool-worker-7] INFO  handler.ContextHandler (ContextHandler.java:doStop(1159)) - Stopped o.e.j.s.ServletContextHandler@45c20d8f{static,/static,file:///home/runner/work/ozone/ozone/hadoop-hdds/container-service/target/classes/webapps/static,STOPPED}
2024-05-12 17:46:43,851 [ForkJoinPool.commonPool-worker-7] INFO  handler.ContextHandler (ContextHandler.java:doStop(1159)) - Stopped o.e.j.s.ServletContextHandler@3af18a44{logs,/logs,file:///home/runner/work/ozone/ozone/hadoop-ozone/integration-test/target/log,STOPPED}
2024-05-12 17:46:43,852 [IPC Server listener on 15313] INFO  ipc.Server (Server.java:run(1434)) - Stopping IPC Server listener on 15313
2024-05-12 17:46:43,852 [IPC Server Responder] INFO  ipc.Server (Server.java:run(1567)) - Stopping IPC Server Responder
2024-05-12 17:46:43,852 [ForkJoinPool.commonPool-worker-7] INFO  ozone.HddsDatanodeClientProtocolServer (HddsDatanodeClientProtocolServer.java:stop(83)) - Stopping the RPC server for Client Protocol
2024-05-12 17:46:43,852 [ForkJoinPool.commonPool-worker-7] INFO  ipc.Server (Server.java:stop(3523)) - Stopping server on 15322
2024-05-12 17:46:43,852 [IPC Server Responder] INFO  ipc.Server (Server.java:run(1567)) - Stopping IPC Server Responder
2024-05-12 17:46:43,853 [IPC Server listener on 15322] INFO  ipc.Server (Server.java:run(1434)) - Stopping IPC Server listener on 15322
2024-05-12 17:46:43,856 [ForkJoinPool.commonPool-worker-9] INFO  utils.DatanodeStoreCache (DatanodeStoreCache.java:shutdownCache(116)) - Skip clearing cache in mini cluster mode. Entries left: [/home/runner/work/ozone/ozone/hadoop-ozone/integration-test/target/test-dir/MiniOzoneClusterImpl-71ef5771-1bca-432b-8888-38dc3c8d5d63/ozone-meta/datanode-1/data-0/hdds/71ef5771-1bca-432b-8888-38dc3c8d5d63/DS-022786f3-a330-4083-ad03-82fba0a20d5b/container.db, /home/runner/work/ozone/ozone/hadoop-ozone/integration-test/target/test-dir/MiniOzoneClusterImpl-71ef5771-1bca-432b-8888-38dc3c8d5d63/ozone-meta/datanode-8/data-0/hdds/71ef5771-1bca-432b-8888-38dc3c8d5d63/DS-cf25e66a-8e82-4720-a9cf-cb5d7a186b89/container.db, /home/runner/work/ozone/ozone/hadoop-ozone/integration-test/target/test-dir/MiniOzoneClusterImpl-71ef5771-1bca-432b-8888-38dc3c8d5d63/ozone-meta/datanode-9/data-0/hdds/71ef5771-1bca-432b-8888-38dc3c8d5d63/DS-c8a9aa30-8482-4ebe-a8c4-d8cb9066296b/container.db]
2024-05-12 17:46:43,856 [ForkJoinPool.commonPool-worker-9] INFO  utils.DatanodeStoreCache (DatanodeStoreCache.java:removeDB(110)) - Removed db /home/runner/work/ozone/ozone/hadoop-ozone/integration-test/target/test-dir/MiniOzoneClusterImpl-71ef5771-1bca-432b-8888-38dc3c8d5d63/ozone-meta/datanode-1/data-0/hdds/71ef5771-1bca-432b-8888-38dc3c8d5d63/DS-022786f3-a330-4083-ad03-82fba0a20d5b/container.db from cache
2024-05-12 17:46:43,857 [ForkJoinPool.commonPool-worker-9] INFO  volume.HddsVolume (HddsVolume.java:closeDbStore(470)) - SchemaV3 db is stopped at /home/runner/work/ozone/ozone/hadoop-ozone/integration-test/target/test-dir/MiniOzoneClusterImpl-71ef5771-1bca-432b-8888-38dc3c8d5d63/ozone-meta/datanode-1/data-0/hdds/71ef5771-1bca-432b-8888-38dc3c8d5d63/DS-022786f3-a330-4083-ad03-82fba0a20d5b/container.db for volume DS-022786f3-a330-4083-ad03-82fba0a20d5b
2024-05-12 17:46:43,857 [ForkJoinPool.commonPool-worker-9] INFO  utils.BackgroundService (BackgroundService.java:shutdown(160)) - Shutting down service BlockDeletingService
2024-05-12 17:46:43,857 [ForkJoinPool.commonPool-worker-9] INFO  utils.BackgroundService (BackgroundService.java:shutdown(160)) - Shutting down service StaleRecoveringContainerScrubbingService
2024-05-12 17:46:43,858 [ForkJoinPool.commonPool-worker-9] INFO  statemachine.DatanodeStateMachine (DatanodeStateMachine.java:stopDaemon(638)) - Ozone container server stopped.
2024-05-12 17:46:43,858 [ForkJoinPool.commonPool-worker-9] INFO  handler.ContextHandler (ContextHandler.java:doStop(1159)) - Stopped o.e.j.w.WebAppContext@5a68d4d6{hddsDatanode,/,null,STOPPED}{file:/home/runner/work/ozone/ozone/hadoop-hdds/container-service/target/classes/webapps/hddsDatanode}
2024-05-12 17:46:43,858 [ForkJoinPool.commonPool-worker-9] INFO  server.AbstractConnector (AbstractConnector.java:doStop(383)) - Stopped ServerConnector@9d518ef{HTTP/1.1, (http/1.1)}{0.0.0.0:15303}
2024-05-12 17:46:43,858 [ForkJoinPool.commonPool-worker-9] INFO  server.session (HouseKeeper.java:stopScavenging(149)) - node0 Stopped scavenging
2024-05-12 17:46:43,858 [ForkJoinPool.commonPool-worker-9] INFO  handler.ContextHandler (ContextHandler.java:doStop(1159)) - Stopped o.e.j.s.ServletContextHandler@2e7011b5{static,/static,file:///home/runner/work/ozone/ozone/hadoop-hdds/container-service/target/classes/webapps/static,STOPPED}
2024-05-12 17:46:43,858 [ForkJoinPool.commonPool-worker-9] INFO  handler.ContextHandler (ContextHandler.java:doStop(1159)) - Stopped o.e.j.s.ServletContextHandler@7db865a8{logs,/logs,file:///home/runner/work/ozone/ozone/hadoop-ozone/integration-test/target/log,STOPPED}
2024-05-12 17:46:43,859 [ForkJoinPool.commonPool-worker-9] INFO  ozone.HddsDatanodeClientProtocolServer (HddsDatanodeClientProtocolServer.java:stop(83)) - Stopping the RPC server for Client Protocol
2024-05-12 17:46:43,859 [ForkJoinPool.commonPool-worker-9] INFO  ipc.Server (Server.java:stop(3523)) - Stopping server on 15304
2024-05-12 17:46:43,859 [IPC Server listener on 15304] INFO  ipc.Server (Server.java:run(1434)) - Stopping IPC Server listener on 15304
2024-05-12 17:46:43,859 [IPC Server Responder] INFO  ipc.Server (Server.java:run(1567)) - Stopping IPC Server Responder
2024-05-12 17:46:44,025 [fa054618-3a8f-49b0-93d4-5933c936b659-impl-thread2] INFO  segmented.SegmentedRaftLogWorker (SegmentedRaftLogWorker.java:close(245)) - fa054618-3a8f-49b0-93d4-5933c936b659@group-6F96808B8C5E-SegmentedRaftLogWorker close()
2024-05-12 17:46:44,025 [JvmPauseMonitor45] INFO  util.JvmPauseMonitor (JvmPauseMonitor.java:run(152)) - JvmPauseMonitor-fa054618-3a8f-49b0-93d4-5933c936b659: Stopped
2024-05-12 17:46:44,280 [timer4] WARN  server.GrpcLogAppender (GrpcLogAppender.java:lambda$resetClient$1(217)) - a33fd443-9c01-43ff-9618-b7376da7e75d@group-29BBA51C16D7->93bda13b-2c91-401a-a9f5-fc4ebb9220da-GrpcLogAppender: Follower failed (request=null, errorCount=32); keep nextIndex (1) unchanged and retry. (Repeated 6 times in the last 4.999s)
2024-05-12 17:46:44,280 [timer3] WARN  server.GrpcLogAppender (LogUtils.java:warn(121)) - fa054618-3a8f-49b0-93d4-5933c936b659@group-6F96808B8C5E->93bda13b-2c91-401a-a9f5-fc4ebb9220da-AppendLogResponseHandler: Failed appendEntries (Repeated 2 times in the last 5.000s): org.apache.ratis.thirdparty.io.grpc.StatusRuntimeException: UNAVAILABLE: io exception
2024-05-12 17:46:44,352 [timer6] WARN  server.GrpcLogAppender (LogUtils.java:warn(121)) - a33fd443-9c01-43ff-9618-b7376da7e75d@group-29BBA51C16D7->93bda13b-2c91-401a-a9f5-fc4ebb9220da-AppendLogResponseHandler: Failed appendEntries (Repeated 4 times in the last 5.000s): org.apache.ratis.thirdparty.io.grpc.StatusRuntimeException: UNAVAILABLE: io exception
2024-05-12 17:46:45,903 [timer4] WARN  server.GrpcLogAppender (GrpcLogAppender.java:lambda$resetClient$1(217)) - 3523888c-df3a-4c75-876a-f320dc6c9584@group-F7FC422C7F28->d999a49d-42de-484c-a75f-ffa132e9c3a5-GrpcLogAppender: Follower failed (request=null, errorCount=2); keep nextIndex (1) unchanged and retry. (Repeated 2 times in the last 5.000s)
2024-05-12 17:46:45,903 [timer3] WARN  server.GrpcLogAppender (LogUtils.java:warn(121)) - 3523888c-df3a-4c75-876a-f320dc6c9584@group-F7FC422C7F28->d999a49d-42de-484c-a75f-ffa132e9c3a5-AppendLogResponseHandler: Failed appendEntries (Repeated 2 times in the last 5.000s): org.apache.ratis.thirdparty.io.grpc.StatusRuntimeException: CANCELLED: RST_STREAM closed stream. HTTP/2 error code: CANCEL
2024-05-12 17:46:45,914 [timer5] WARN  server.GrpcLogAppender (LogUtils.java:warn(121)) - 3523888c-df3a-4c75-876a-f320dc6c9584@group-F7FC422C7F28->2ef8d649-4864-4b9a-81a6-122cf2174905-AppendLogResponseHandler: Failed appendEntries (Repeated 2 times in the last 5.000s): org.apache.ratis.thirdparty.io.grpc.StatusRuntimeException: CANCELLED: RST_STREAM closed stream. HTTP/2 error code: CANCEL
2024-05-12 17:46:45,914 [timer6] WARN  server.GrpcLogAppender (GrpcLogAppender.java:lambda$resetClient$1(217)) - 3523888c-df3a-4c75-876a-f320dc6c9584@group-F7FC422C7F28->2ef8d649-4864-4b9a-81a6-122cf2174905-GrpcLogAppender: Follower failed (request=null, errorCount=2); keep nextIndex (1) unchanged and retry. (Repeated 2 times in the last 5.000s)
2024-05-12 17:46:45,959 [timer5] WARN  server.GrpcLogAppender (LogUtils.java:warn(121)) - fa054618-3a8f-49b0-93d4-5933c936b659@group-6F96808B8C5E->a33fd443-9c01-43ff-9618-b7376da7e75d-AppendLogResponseHandler: Failed appendEntries (Repeated 12 times in the last 5.000s): org.apache.ratis.thirdparty.io.grpc.StatusRuntimeException: UNAVAILABLE: io exception
2024-05-12 17:46:45,959 [timer6] WARN  server.GrpcLogAppender (GrpcLogAppender.java:lambda$resetClient$1(217)) - fa054618-3a8f-49b0-93d4-5933c936b659@group-6F96808B8C5E->a33fd443-9c01-43ff-9618-b7376da7e75d-GrpcLogAppender: Follower failed (request=null, errorCount=12); keep nextIndex (1) unchanged and retry. (Repeated 12 times in the last 5.000s)
2024-05-12 17:46:46,029 [ForkJoinPool.commonPool-worker-8] INFO  utils.DatanodeStoreCache (DatanodeStoreCache.java:shutdownCache(116)) - Skip clearing cache in mini cluster mode. Entries left: [/home/runner/work/ozone/ozone/hadoop-ozone/integration-test/target/test-dir/MiniOzoneClusterImpl-71ef5771-1bca-432b-8888-38dc3c8d5d63/ozone-meta/datanode-8/data-0/hdds/71ef5771-1bca-432b-8888-38dc3c8d5d63/DS-cf25e66a-8e82-4720-a9cf-cb5d7a186b89/container.db, /home/runner/work/ozone/ozone/hadoop-ozone/integration-test/target/test-dir/MiniOzoneClusterImpl-71ef5771-1bca-432b-8888-38dc3c8d5d63/ozone-meta/datanode-9/data-0/hdds/71ef5771-1bca-432b-8888-38dc3c8d5d63/DS-c8a9aa30-8482-4ebe-a8c4-d8cb9066296b/container.db]
2024-05-12 17:46:46,029 [ForkJoinPool.commonPool-worker-8] INFO  utils.DatanodeStoreCache (DatanodeStoreCache.java:removeDB(110)) - Removed db /home/runner/work/ozone/ozone/hadoop-ozone/integration-test/target/test-dir/MiniOzoneClusterImpl-71ef5771-1bca-432b-8888-38dc3c8d5d63/ozone-meta/datanode-8/data-0/hdds/71ef5771-1bca-432b-8888-38dc3c8d5d63/DS-cf25e66a-8e82-4720-a9cf-cb5d7a186b89/container.db from cache
2024-05-12 17:46:46,029 [ForkJoinPool.commonPool-worker-8] INFO  volume.HddsVolume (HddsVolume.java:closeDbStore(470)) - SchemaV3 db is stopped at /home/runner/work/ozone/ozone/hadoop-ozone/integration-test/target/test-dir/MiniOzoneClusterImpl-71ef5771-1bca-432b-8888-38dc3c8d5d63/ozone-meta/datanode-8/data-0/hdds/71ef5771-1bca-432b-8888-38dc3c8d5d63/DS-cf25e66a-8e82-4720-a9cf-cb5d7a186b89/container.db for volume DS-cf25e66a-8e82-4720-a9cf-cb5d7a186b89
2024-05-12 17:46:46,029 [ForkJoinPool.commonPool-worker-8] INFO  utils.BackgroundService (BackgroundService.java:shutdown(160)) - Shutting down service BlockDeletingService
2024-05-12 17:46:46,030 [ForkJoinPool.commonPool-worker-8] INFO  utils.BackgroundService (BackgroundService.java:shutdown(160)) - Shutting down service StaleRecoveringContainerScrubbingService
2024-05-12 17:46:46,031 [ForkJoinPool.commonPool-worker-8] INFO  statemachine.DatanodeStateMachine (DatanodeStateMachine.java:stopDaemon(638)) - Ozone container server stopped.
2024-05-12 17:46:46,031 [ForkJoinPool.commonPool-worker-8] INFO  handler.ContextHandler (ContextHandler.java:doStop(1159)) - Stopped o.e.j.w.WebAppContext@579f253{hddsDatanode,/,null,STOPPED}{file:/home/runner/work/ozone/ozone/hadoop-hdds/container-service/target/classes/webapps/hddsDatanode}
2024-05-12 17:46:46,031 [ForkJoinPool.commonPool-worker-8] INFO  server.AbstractConnector (AbstractConnector.java:doStop(383)) - Stopped ServerConnector@7defd5f5{HTTP/1.1, (http/1.1)}{0.0.0.0:15366}
2024-05-12 17:46:46,031 [ForkJoinPool.commonPool-worker-8] INFO  server.session (HouseKeeper.java:stopScavenging(149)) - node0 Stopped scavenging
2024-05-12 17:46:46,032 [ForkJoinPool.commonPool-worker-8] INFO  handler.ContextHandler (ContextHandler.java:doStop(1159)) - Stopped o.e.j.s.ServletContextHandler@62146774{static,/static,file:///home/runner/work/ozone/ozone/hadoop-hdds/container-service/target/classes/webapps/static,STOPPED}
2024-05-12 17:46:46,032 [ForkJoinPool.commonPool-worker-8] INFO  handler.ContextHandler (ContextHandler.java:doStop(1159)) - Stopped o.e.j.s.ServletContextHandler@7315587f{logs,/logs,file:///home/runner/work/ozone/ozone/hadoop-ozone/integration-test/target/log,STOPPED}
2024-05-12 17:46:46,032 [ForkJoinPool.commonPool-worker-8] INFO  ozone.HddsDatanodeClientProtocolServer (HddsDatanodeClientProtocolServer.java:stop(83)) - Stopping the RPC server for Client Protocol
2024-05-12 17:46:46,032 [ForkJoinPool.commonPool-worker-8] INFO  ipc.Server (Server.java:stop(3523)) - Stopping server on 15367
2024-05-12 17:46:46,032 [IPC Server listener on 15367] INFO  ipc.Server (Server.java:run(1434)) - Stopping IPC Server listener on 15367
2024-05-12 17:46:46,032 [IPC Server Responder] INFO  ipc.Server (Server.java:run(1567)) - Stopping IPC Server Responder
2024-05-12 17:46:46,033 [main] INFO  ozone.MiniOzoneClusterImpl (MiniOzoneClusterImpl.java:stopSCM(486)) - Stopping the StorageContainerManager
2024-05-12 17:46:46,033 [main] INFO  server.StorageContainerManager (StorageContainerManager.java:stop(1653)) - Container Balancer is not running.
2024-05-12 17:46:46,033 [main] INFO  server.StorageContainerManager (StorageContainerManager.java:stopReplicationManager(1786)) - Stopping Replication Manager Service.
2024-05-12 17:46:46,033 [main] INFO  replication.ReplicationManager (ReplicationManager.java:stop(329)) - Stopping Replication Monitor Thread.
2024-05-12 17:46:46,033 [main] INFO  server.StorageContainerManager (StorageContainerManager.java:stop(1662)) - Stopping the Datanode Admin Monitor.
2024-05-12 17:46:46,033 [OverReplicatedProcessor] WARN  replication.UnhealthyReplicationProcessor (UnhealthyReplicationProcessor.java:run(180)) - OverReplicatedProcessor interrupted. Exiting...
2024-05-12 17:46:46,033 [UnderReplicatedProcessor] WARN  replication.UnhealthyReplicationProcessor (UnhealthyReplicationProcessor.java:run(180)) - UnderReplicatedProcessor interrupted. Exiting...
2024-05-12 17:46:46,034 [ReplicationMonitor] INFO  replication.ReplicationManager (ReplicationManager.java:run(938)) - Replication Monitor Thread is stopped
2024-05-12 17:46:46,034 [main] INFO  server.StorageContainerManager (StorageContainerManager.java:stop(1669)) - Stopping datanode service RPC server
2024-05-12 17:46:46,034 [main] INFO  server.SCMDatanodeProtocolServer (SCMDatanodeProtocolServer.java:stop(425)) - Stopping the RPC server for DataNodes
2024-05-12 17:46:46,034 [main] INFO  ipc.Server (Server.java:stop(3523)) - Stopping server on 15296
2024-05-12 17:46:46,036 [IPC Server listener on 15296] INFO  ipc.Server (Server.java:run(1434)) - Stopping IPC Server listener on 15296
2024-05-12 17:46:46,036 [IPC Server Responder] INFO  ipc.Server (Server.java:run(1567)) - Stopping IPC Server Responder
2024-05-12 17:46:46,129 [SCMHeartbeatProcessor-0] WARN  node.NodeStateManager (NodeStateManager.java:scheduleNextHealthCheck(878)) - Current Thread is interrupted, shutting down HB processing thread for Node Manager.
2024-05-12 17:46:46,129 [main] INFO  server.StorageContainerManager (StorageContainerManager.java:stop(1677)) - Stopping block service RPC server
2024-05-12 17:46:46,129 [main] INFO  server.SCMBlockProtocolServer (SCMBlockProtocolServer.java:stop(171)) - Stopping the RPC server for Block Protocol
2024-05-12 17:46:46,129 [main] INFO  ipc.Server (Server.java:stop(3523)) - Stopping server on 15295
2024-05-12 17:46:46,131 [IPC Server listener on 15295] INFO  ipc.Server (Server.java:run(1434)) - Stopping IPC Server listener on 15295
2024-05-12 17:46:46,131 [main] INFO  server.StorageContainerManager (StorageContainerManager.java:stop(1684)) - Stopping the StorageContainerLocationProtocol RPC server
2024-05-12 17:46:46,131 [main] INFO  server.SCMClientProtocolServer (SCMClientProtocolServer.java:stop(213)) - Stopping the RPC server for Client Protocol
2024-05-12 17:46:46,132 [main] INFO  ipc.Server (Server.java:stop(3523)) - Stopping server on 15294
2024-05-12 17:46:46,131 [IPC Server Responder] INFO  ipc.Server (Server.java:run(1567)) - Stopping IPC Server Responder
2024-05-12 17:46:46,133 [IPC Server Responder] INFO  ipc.Server (Server.java:run(1567)) - Stopping IPC Server Responder
2024-05-12 17:46:46,133 [main] INFO  server.StorageContainerManager (StorageContainerManager.java:stop(1691)) - Stopping Storage Container Manager HTTP server.
2024-05-12 17:46:46,133 [IPC Server listener on 15294] INFO  ipc.Server (Server.java:run(1434)) - Stopping IPC Server listener on 15294
2024-05-12 17:46:46,133 [main] INFO  handler.ContextHandler (ContextHandler.java:doStop(1159)) - Stopped o.e.j.w.WebAppContext@6d54bb1{scm,/,null,STOPPED}{file:/home/runner/work/ozone/ozone/hadoop-ozone/integration-test/target/test-classes/webapps/scm}
2024-05-12 17:46:46,134 [main] INFO  server.AbstractConnector (AbstractConnector.java:doStop(383)) - Stopped ServerConnector@3256cd5a{HTTP/1.1, (http/1.1)}{0.0.0.0:15297}
2024-05-12 17:46:46,134 [main] INFO  server.session (HouseKeeper.java:stopScavenging(149)) - node0 Stopped scavenging
2024-05-12 17:46:46,134 [main] INFO  handler.ContextHandler (ContextHandler.java:doStop(1159)) - Stopped o.e.j.s.ServletContextHandler@2ca57834{static,/static,file:///home/runner/work/ozone/ozone/hadoop-ozone/integration-test/target/test-classes/webapps/static,STOPPED}
2024-05-12 17:46:46,134 [main] INFO  handler.ContextHandler (ContextHandler.java:doStop(1159)) - Stopped o.e.j.s.ServletContextHandler@11553864{logs,/logs,file:///home/runner/work/ozone/ozone/hadoop-ozone/integration-test/target/log,STOPPED}
2024-05-12 17:46:46,135 [main] INFO  server.StorageContainerManager (StorageContainerManager.java:stop(1699)) - Stopping SCM LayoutVersionManager Service.
2024-05-12 17:46:46,135 [main] INFO  server.StorageContainerManager (StorageContainerManager.java:stop(1711)) - Stopping Block Manager Service.
2024-05-12 17:46:46,135 [main] INFO  utils.BackgroundService (BackgroundService.java:shutdown(160)) - Shutting down service SCMBlockDeletingService
2024-05-12 17:46:46,136 [main] INFO  utils.BackgroundService (BackgroundService.java:shutdown(160)) - Shutting down service SCMBlockDeletingService
2024-05-12 17:46:46,136 [main] INFO  server.StorageContainerManager (StorageContainerManager.java:stop(1731)) - Stopping SCM Event Queue.
2024-05-12 17:46:46,137 [JvmPauseMonitor36] INFO  util.JvmPauseMonitor (JvmPauseMonitor.java:run(152)) - JvmPauseMonitor-31e6753d-9904-40dd-85d4-f046c834df38: Stopped
2024-05-12 17:46:46,137 [main] INFO  server.StorageContainerManager (StorageContainerManager.java:stop(1742)) - Stopping SCM HA services.
2024-05-12 17:46:46,137 [main] INFO  pipeline.BackgroundPipelineCreator (BackgroundPipelineCreator.java:stop(152)) - Stopping RatisPipelineUtilsThread.
2024-05-12 17:46:46,137 [RatisPipelineUtilsThread-0] WARN  pipeline.BackgroundPipelineCreator (BackgroundPipelineCreator.java:run(183)) - RatisPipelineUtilsThread is interrupted.
2024-05-12 17:46:46,137 [main] INFO  BackgroundPipelineScrubber (BackgroundSCMService.java:stop(128)) - Stopping BackgroundPipelineScrubber Service.
2024-05-12 17:46:46,137 [BackgroundPipelineScrubber] WARN  BackgroundPipelineScrubber (BackgroundSCMService.java:run(112)) - BackgroundPipelineScrubber is interrupted, exit
2024-05-12 17:46:46,138 [main] INFO  impl.MetricsSystemImpl (MetricsSystemImpl.java:stop(210)) - Stopping HddsDatanode metrics system...
2024-05-12 17:46:46,142 [prometheus] INFO  impl.MetricsSinkAdapter (MetricsSinkAdapter.java:publishMetricsFromQueue(141)) - prometheus thread interrupted.
2024-05-12 17:46:46,142 [main] INFO  impl.MetricsSystemImpl (MetricsSystemImpl.java:stop(216)) - HddsDatanode metrics system stopped.
2024-05-12 17:46:46,143 [main] WARN  pipeline.BackgroundPipelineCreator (BackgroundPipelineCreator.java:stop(148)) - RatisPipelineUtilsThread is not running, just ignore.
2024-05-12 17:46:46,143 [main] INFO  BackgroundPipelineScrubber (BackgroundSCMService.java:stop(123)) - BackgroundPipelineScrubber Service is not running, skip stop.
2024-05-12 17:46:46,143 [main] INFO  ExpiredContainerReplicaOpScrubber (BackgroundSCMService.java:stop(128)) - Stopping ExpiredContainerReplicaOpScrubber Service.
2024-05-12 17:46:46,143 [main] INFO  utils.BackgroundService (BackgroundService.java:shutdown(160)) - Shutting down service SCMBlockDeletingService
2024-05-12 17:46:46,143 [ExpiredContainerReplicaOpScrubber] WARN  ExpiredContainerReplicaOpScrubber (BackgroundSCMService.java:run(112)) - ExpiredContainerReplicaOpScrubber is interrupted, exit
2024-05-12 17:46:46,143 [main] INFO  replication.ReplicationManager (ReplicationManager.java:stop(339)) - Replication Monitor Thread is not running.
2024-05-12 17:46:46,143 [main] WARN  balancer.ContainerBalancer (ContainerBalancer.java:stop(327)) - Cannot stop Container Balancer because it's not running or stopping
2024-05-12 17:46:46,143 [LeaseManager#LeaseMonitor] WARN  lease.LeaseManager (LeaseManager.java:run(287)) - Lease manager is interrupted. Shutting down...
java.lang.InterruptedException
	at java.base/java.util.concurrent.locks.AbstractQueuedSynchronizer.tryAcquireSharedNanos(AbstractQueuedSynchronizer.java:1081)
	at java.base/java.util.concurrent.Semaphore.tryAcquire(Semaphore.java:415)
	at org.apache.hadoop.ozone.lease.LeaseManager$LeaseMonitor.run(LeaseManager.java:285)
	at java.base/java.lang.Thread.run(Thread.java:840)
2024-05-12 17:46:46,143 [main] INFO  server.StorageContainerManager (StorageContainerManager.java:stop(1777)) - Stopping SCM MetadataStore.
]]></system-out>
  </testcase>
  <testcase name="testDatanodeExclusionWithMajorityCommit" classname="org.apache.hadoop.ozone.client.rpc.TestFailureHandlingByClient" time="23.133"/>
</testsuite>