<?xml version="1.0" encoding="UTF-8"?>
<testsuite xmlns:xsi="http://www.w3.org/2001/XMLSchema-instance" xsi:noNamespaceSchemaLocation="https://maven.apache.org/surefire/maven-surefire-plugin/xsd/surefire-test-report.xsd" name="org.apache.hadoop.ozone.client.rpc.TestReadRetries" time="53.517" tests="1" errors="0" skipped="0" failures="1">
  <properties>
    <property name="awt.toolkit" value="sun.awt.X11.XToolkit"/>
    <property name="file.encoding.pkg" value="sun.io"/>
    <property name="java.specification.version" value="1.8"/>
    <property name="sun.cpu.isalist" value=""/>
    <property name="sun.jnu.encoding" value="ANSI_X3.4-1968"/>
    <property name="java.class.path" value="/github/workspace/mnt/ozone/hadoop-ozone/integration-test/target/test-classes:/github/workspace/mnt/ozone/hadoop-ozone/integration-test/target/classes:/home/user/.m2/repository/org/apache/hadoop/hadoop-ozone-common/0.6.0-SNAPSHOT/hadoop-ozone-common-0.6.0-SNAPSHOT.jar:/home/user/.m2/repository/org/apache/commons/commons-compress/1.4.1/commons-compress-1.4.1.jar:/home/user/.m2/repository/org/tukaani/xz/1.0/xz-1.0.jar:/home/user/.m2/repository/org/apache/hadoop/hadoop-hdds-common/0.6.0-SNAPSHOT/hadoop-hdds-common-0.6.0-SNAPSHOT.jar:/home/user/.m2/repository/info/picocli/picocli/3.9.6/picocli-3.9.6.jar:/home/user/.m2/repository/com/fasterxml/jackson/core/jackson-annotations/2.10.3/jackson-annotations-2.10.3.jar:/home/user/.m2/repository/javax/annotation/javax.annotation-api/1.2/javax.annotation-api-1.2.jar:/home/user/.m2/repository/org/apache/ratis/ratis-server/0.6.0-cac3336-SNAPSHOT/ratis-server-0.6.0-cac3336-SNAPSHOT.jar:/home/user/.m2/repository/org/apache/ratis/ratis-thirdparty-misc/0.4.0/ratis-thirdparty-misc-0.4.0.jar:/home/user/.m2/repository/org/apache/ratis/ratis-client/0.6.0-cac3336-SNAPSHOT/ratis-client-0.6.0-cac3336-SNAPSHOT.jar:/home/user/.m2/repository/org/apache/ratis/ratis-metrics/0.6.0-cac3336-SNAPSHOT/ratis-metrics-0.6.0-cac3336-SNAPSHOT.jar:/home/user/.m2/repository/org/apache/ratis/ratis-netty/0.6.0-cac3336-SNAPSHOT/ratis-netty-0.6.0-cac3336-SNAPSHOT.jar:/home/user/.m2/repository/org/apache/ratis/ratis-grpc/0.6.0-cac3336-SNAPSHOT/ratis-grpc-0.6.0-cac3336-SNAPSHOT.jar:/home/user/.m2/repository/org/apache/logging/log4j/log4j-api/2.11.0/log4j-api-2.11.0.jar:/home/user/.m2/repository/org/apache/logging/log4j/log4j-core/2.11.0/log4j-core-2.11.0.jar:/home/user/.m2/repository/com/lmax/disruptor/3.4.2/disruptor-3.4.2.jar:/home/user/.m2/repository/org/apache/commons/commons-pool2/2.6.0/commons-pool2-2.6.0.jar:/home/user/.m2/repository/org/bouncycastle/bcpkix-jdk15on/1.60/bcpkix-jdk15on-1.60.jar:/home/user/.m2/repository/commons-validator/commons-validator/1.6/commons-validator-1.6.jar:/home/user/.m2/repository/commons-digester/commons-digester/1.8.1/commons-digester-1.8.1.jar:/home/user/.m2/repository/io/jaegertracing/jaeger-client/1.2.0/jaeger-client-1.2.0.jar:/home/user/.m2/repository/io/jaegertracing/jaeger-thrift/1.2.0/jaeger-thrift-1.2.0.jar:/home/user/.m2/repository/org/apache/thrift/libthrift/0.13.0/libthrift-0.13.0.jar:/home/user/.m2/repository/com/squareup/okhttp3/okhttp/4.2.2/okhttp-4.2.2.jar:/home/user/.m2/repository/com/squareup/okio/okio/2.2.2/okio-2.2.2.jar:/home/user/.m2/repository/org/jetbrains/kotlin/kotlin-stdlib/1.3.50/kotlin-stdlib-1.3.50.jar:/home/user/.m2/repository/org/jetbrains/kotlin/kotlin-stdlib-common/1.3.50/kotlin-stdlib-common-1.3.50.jar:/home/user/.m2/repository/org/jetbrains/annotations/13.0/annotations-13.0.jar:/home/user/.m2/repository/io/jaegertracing/jaeger-core/1.2.0/jaeger-core-1.2.0.jar:/home/user/.m2/repository/io/jaegertracing/jaeger-tracerresolver/1.2.0/jaeger-tracerresolver-1.2.0.jar:/home/user/.m2/repository/io/opentracing/contrib/opentracing-tracerresolver/0.1.8/opentracing-tracerresolver-0.1.8.jar:/home/user/.m2/repository/io/opentracing/opentracing-util/0.33.0/opentracing-util-0.33.0.jar:/home/user/.m2/repository/io/opentracing/opentracing-api/0.33.0/opentracing-api-0.33.0.jar:/home/user/.m2/repository/io/opentracing/opentracing-noop/0.33.0/opentracing-noop-0.33.0.jar:/home/user/.m2/repository/org/apache/hadoop/hadoop-hdds-client/0.6.0-SNAPSHOT/hadoop-hdds-client-0.6.0-SNAPSHOT.jar:/home/user/.m2/repository/org/apache/hadoop/hadoop-hdds-test-utils/0.6.0-SNAPSHOT/hadoop-hdds-test-utils-0.6.0-SNAPSHOT.jar:/home/user/.m2/repository/com/google/guava/guava/28.2-jre/guava-28.2-jre.jar:/home/user/.m2/repository/com/google/guava/failureaccess/1.0.1/failureaccess-1.0.1.jar:/home/user/.m2/repository/com/google/guava/listenablefuture/9999.0-empty-to-avoid-conflict-with-guava/listenablefuture-9999.0-empty-to-avoid-conflict-with-guava.jar:/home/user/.m2/repository/com/google/code/findbugs/jsr305/3.0.0/jsr305-3.0.0.jar:/home/user/.m2/repository/org/checkerframework/checker-qual/2.10.0/checker-qual-2.10.0.jar:/home/user/.m2/repository/com/google/errorprone/error_prone_annotations/2.2.0/error_prone_annotations-2.2.0.jar:/home/user/.m2/repository/com/google/j2objc/j2objc-annotations/1.3/j2objc-annotations-1.3.jar:/home/user/.m2/repository/commons-io/commons-io/2.5/commons-io-2.5.jar:/home/user/.m2/repository/commons-logging/commons-logging/1.2/commons-logging-1.2.jar:/home/user/.m2/repository/log4j/log4j/1.2.17/log4j-1.2.17.jar:/home/user/.m2/repository/org/slf4j/slf4j-api/1.7.25/slf4j-api-1.7.25.jar:/home/user/.m2/repository/org/apache/hadoop/hadoop-hdds-server-scm/0.6.0-SNAPSHOT/hadoop-hdds-server-scm-0.6.0-SNAPSHOT.jar:/home/user/.m2/repository/org/apache/hadoop/hadoop-hdds-container-service/0.6.0-SNAPSHOT/hadoop-hdds-container-service-0.6.0-SNAPSHOT.jar:/home/user/.m2/repository/org/apache/hadoop/hadoop-hdds-hadoop-dependency-server/0.6.0-SNAPSHOT/hadoop-hdds-hadoop-dependency-server-0.6.0-SNAPSHOT.jar:/home/user/.m2/repository/org/apache/hadoop/hadoop-hdds-server-framework/0.6.0-SNAPSHOT/hadoop-hdds-server-framework-0.6.0-SNAPSHOT.jar:/home/user/.m2/repository/org/rocksdb/rocksdbjni/6.6.4/rocksdbjni-6.6.4.jar:/home/user/.m2/repository/io/prometheus/simpleclient_dropwizard/0.7.0/simpleclient_dropwizard-0.7.0.jar:/home/user/.m2/repository/io/prometheus/simpleclient/0.7.0/simpleclient-0.7.0.jar:/home/user/.m2/repository/io/prometheus/simpleclient_common/0.7.0/simpleclient_common-0.7.0.jar:/home/user/.m2/repository/com/fasterxml/jackson/datatype/jackson-datatype-jsr310/2.10.3/jackson-datatype-jsr310-2.10.3.jar:/home/user/.m2/repository/org/apache/hadoop/hadoop-hdds-docs/0.6.0-SNAPSHOT/hadoop-hdds-docs-0.6.0-SNAPSHOT.jar:/home/user/.m2/repository/io/dropwizard/metrics/metrics-core/3.2.4/metrics-core-3.2.4.jar:/home/user/.m2/repository/org/apache/hadoop/hadoop-hdfs-client/3.2.1/hadoop-hdfs-client-3.2.1.jar:/home/user/.m2/repository/org/bouncycastle/bcprov-jdk15on/1.60/bcprov-jdk15on-1.60.jar:/home/user/.m2/repository/org/apache/hadoop/hadoop-ozone-ozone-manager/0.6.0-SNAPSHOT/hadoop-ozone-ozone-manager-0.6.0-SNAPSHOT.jar:/home/user/.m2/repository/org/apache/hadoop/hadoop-minikdc/3.2.1/hadoop-minikdc-3.2.1.jar:/home/user/.m2/repository/org/apache/kerby/kerb-simplekdc/1.0.1/kerb-simplekdc-1.0.1.jar:/home/user/.m2/repository/org/apache/kerby/kerb-client/1.0.1/kerb-client-1.0.1.jar:/home/user/.m2/repository/org/apache/kerby/kerby-config/1.0.1/kerby-config-1.0.1.jar:/home/user/.m2/repository/org/apache/kerby/kerb-core/1.0.1/kerb-core-1.0.1.jar:/home/user/.m2/repository/org/apache/kerby/kerby-pkix/1.0.1/kerby-pkix-1.0.1.jar:/home/user/.m2/repository/org/apache/kerby/kerby-asn1/1.0.1/kerby-asn1-1.0.1.jar:/home/user/.m2/repository/org/apache/kerby/kerby-util/1.0.1/kerby-util-1.0.1.jar:/home/user/.m2/repository/org/apache/kerby/kerb-common/1.0.1/kerb-common-1.0.1.jar:/home/user/.m2/repository/org/apache/kerby/kerb-crypto/1.0.1/kerb-crypto-1.0.1.jar:/home/user/.m2/repository/org/apache/kerby/kerb-util/1.0.1/kerb-util-1.0.1.jar:/home/user/.m2/repository/org/apache/kerby/token-provider/1.0.1/token-provider-1.0.1.jar:/home/user/.m2/repository/org/apache/kerby/kerb-admin/1.0.1/kerb-admin-1.0.1.jar:/home/user/.m2/repository/org/apache/kerby/kerb-server/1.0.1/kerb-server-1.0.1.jar:/home/user/.m2/repository/org/apache/kerby/kerb-identity/1.0.1/kerb-identity-1.0.1.jar:/home/user/.m2/repository/org/apache/kerby/kerby-xdr/1.0.1/kerby-xdr-1.0.1.jar:/home/user/.m2/repository/org/slf4j/slf4j-log4j12/1.7.25/slf4j-log4j12-1.7.25.jar:/home/user/.m2/repository/org/apache/hadoop/hadoop-ozone-s3gateway/0.6.0-SNAPSHOT/hadoop-ozone-s3gateway-0.6.0-SNAPSHOT.jar:/home/user/.m2/repository/org/jboss/weld/servlet/weld-servlet/2.4.7.Final/weld-servlet-2.4.7.Final.jar:/home/user/.m2/repository/org/glassfish/jersey/containers/jersey-container-servlet-core/2.27/jersey-container-servlet-core-2.27.jar:/home/user/.m2/repository/org/glassfish/hk2/external/javax.inject/2.5.0-b42/javax.inject-2.5.0-b42.jar:/home/user/.m2/repository/org/glassfish/jersey/core/jersey-common/2.27/jersey-common-2.27.jar:/home/user/.m2/repository/org/glassfish/hk2/osgi-resource-locator/1.0.1/osgi-resource-locator-1.0.1.jar:/home/user/.m2/repository/javax/ws/rs/javax.ws.rs-api/2.1/javax.ws.rs-api-2.1.jar:/home/user/.m2/repository/org/glassfish/jersey/ext/cdi/jersey-cdi1x/2.27/jersey-cdi1x-2.27.jar:/home/user/.m2/repository/org/glassfish/jersey/inject/jersey-hk2/2.27/jersey-hk2-2.27.jar:/home/user/.m2/repository/org/glassfish/hk2/hk2-locator/2.5.0-b42/hk2-locator-2.5.0-b42.jar:/home/user/.m2/repository/org/javassist/javassist/3.22.0-CR2/javassist-3.22.0-CR2.jar:/home/user/.m2/repository/org/glassfish/hk2/hk2-api/2.5.0/hk2-api-2.5.0.jar:/home/user/.m2/repository/org/glassfish/hk2/external/jakarta.inject/2.5.0/jakarta.inject-2.5.0.jar:/home/user/.m2/repository/org/glassfish/hk2/hk2-utils/2.5.0/hk2-utils-2.5.0.jar:/home/user/.m2/repository/jakarta/annotation/jakarta.annotation-api/1.3.4/jakarta.annotation-api-1.3.4.jar:/home/user/.m2/repository/org/glassfish/hk2/external/aopalliance-repackaged/2.5.0/aopalliance-repackaged-2.5.0.jar:/home/user/.m2/repository/com/fasterxml/jackson/dataformat/jackson-dataformat-xml/2.10.3/jackson-dataformat-xml-2.10.3.jar:/home/user/.m2/repository/com/fasterxml/jackson/core/jackson-core/2.10.3/jackson-core-2.10.3.jar:/home/user/.m2/repository/com/fasterxml/jackson/module/jackson-module-jaxb-annotations/2.10.3/jackson-module-jaxb-annotations-2.10.3.jar:/home/user/.m2/repository/jakarta/xml/bind/jakarta.xml.bind-api/2.3.2/jakarta.xml.bind-api-2.3.2.jar:/home/user/.m2/repository/jakarta/activation/jakarta.activation-api/1.2.1/jakarta.activation-api-1.2.1.jar:/home/user/.m2/repository/org/codehaus/woodstox/stax2-api/3.1.4/stax2-api-3.1.4.jar:/home/user/.m2/repository/com/fasterxml/woodstox/woodstox-core/5.0.3/woodstox-core-5.0.3.jar:/home/user/.m2/repository/javax/enterprise/cdi-api/1.2/cdi-api-1.2.jar:/home/user/.m2/repository/javax/el/javax.el-api/3.0.0/javax.el-api-3.0.0.jar:/home/user/.m2/repository/javax/interceptor/javax.interceptor-api/1.2/javax.interceptor-api-1.2.jar:/home/user/.m2/repository/javax/inject/javax.inject/1/javax.inject-1.jar:/home/user/.m2/repository/com/sun/xml/bind/jaxb-impl/2.3.0.1/jaxb-impl-2.3.0.1.jar:/home/user/.m2/repository/com/sun/xml/bind/jaxb-core/2.3.0.1/jaxb-core-2.3.0.1.jar:/home/user/.m2/repository/javax/xml/bind/jaxb-api/2.3.0/jaxb-api-2.3.0.jar:/home/user/.m2/repository/javax/activation/activation/1.1.1/activation-1.1.1.jar:/home/user/.m2/repository/org/apache/hadoop/hadoop-ozone-csi/0.6.0-SNAPSHOT/hadoop-ozone-csi-0.6.0-SNAPSHOT.jar:/home/user/.m2/repository/com/google/protobuf/protobuf-java-util/3.11.0/protobuf-java-util-3.11.0.jar:/home/user/.m2/repository/com/google/code/gson/gson/2.2.4/gson-2.2.4.jar:/home/user/.m2/repository/org/apache/hadoop/hadoop-hdds-config/0.6.0-SNAPSHOT/hadoop-hdds-config-0.6.0-SNAPSHOT.jar:/home/user/.m2/repository/com/google/protobuf/protobuf-java/2.5.0/protobuf-java-2.5.0.jar:/home/user/.m2/repository/io/grpc/grpc-netty/1.28.1/grpc-netty-1.28.1.jar:/home/user/.m2/repository/io/grpc/grpc-core/1.28.1/grpc-core-1.28.1.jar:/home/user/.m2/repository/com/google/android/annotations/4.1.1.4/annotations-4.1.1.4.jar:/home/user/.m2/repository/io/perfmark/perfmark-api/0.19.0/perfmark-api-0.19.0.jar:/home/user/.m2/repository/io/netty/netty-codec-http2/4.1.45.Final/netty-codec-http2-4.1.45.Final.jar:/home/user/.m2/repository/io/netty/netty-codec/4.1.45.Final/netty-codec-4.1.45.Final.jar:/home/user/.m2/repository/io/netty/netty-handler/4.1.45.Final/netty-handler-4.1.45.Final.jar:/home/user/.m2/repository/io/netty/netty-codec-http/4.1.45.Final/netty-codec-http-4.1.45.Final.jar:/home/user/.m2/repository/io/netty/netty-handler-proxy/4.1.45.Final/netty-handler-proxy-4.1.45.Final.jar:/home/user/.m2/repository/io/netty/netty-codec-socks/4.1.45.Final/netty-codec-socks-4.1.45.Final.jar:/home/user/.m2/repository/io/netty/netty-transport-native-epoll/4.1.48.Final/netty-transport-native-epoll-4.1.48.Final.jar:/home/user/.m2/repository/io/netty/netty-common/4.1.48.Final/netty-common-4.1.48.Final.jar:/home/user/.m2/repository/io/netty/netty-buffer/4.1.48.Final/netty-buffer-4.1.48.Final.jar:/home/user/.m2/repository/io/netty/netty-transport/4.1.48.Final/netty-transport-4.1.48.Final.jar:/home/user/.m2/repository/io/netty/netty-resolver/4.1.48.Final/netty-resolver-4.1.48.Final.jar:/home/user/.m2/repository/io/netty/netty-transport-native-unix-common/4.1.48.Final/netty-transport-native-unix-common-4.1.48.Final.jar:/home/user/.m2/repository/io/grpc/grpc-protobuf/1.28.1/grpc-protobuf-1.28.1.jar:/home/user/.m2/repository/io/grpc/grpc-api/1.28.1/grpc-api-1.28.1.jar:/home/user/.m2/repository/io/grpc/grpc-context/1.28.1/grpc-context-1.28.1.jar:/home/user/.m2/repository/org/codehaus/mojo/animal-sniffer-annotations/1.18/animal-sniffer-annotations-1.18.jar:/home/user/.m2/repository/com/google/api/grpc/proto-google-common-protos/1.17.0/proto-google-common-protos-1.17.0.jar:/home/user/.m2/repository/io/grpc/grpc-protobuf-lite/1.28.1/grpc-protobuf-lite-1.28.1.jar:/home/user/.m2/repository/io/grpc/grpc-stub/1.28.1/grpc-stub-1.28.1.jar:/home/user/.m2/repository/org/apache/hadoop/hadoop-ozone-recon/0.6.0-SNAPSHOT/hadoop-ozone-recon-0.6.0-SNAPSHOT.jar:/home/user/.m2/repository/org/apache/hadoop/hadoop-ozone-reconcodegen/0.6.0-SNAPSHOT/hadoop-ozone-reconcodegen-0.6.0-SNAPSHOT.jar:/home/user/.m2/repository/com/google/inject/extensions/guice-multibindings/4.0/guice-multibindings-4.0.jar:/home/user/.m2/repository/com/google/inject/guice/4.0/guice-4.0.jar:/home/user/.m2/repository/aopalliance/aopalliance/1.0/aopalliance-1.0.jar:/home/user/.m2/repository/com/google/inject/extensions/guice-assistedinject/4.0/guice-assistedinject-4.0.jar:/home/user/.m2/repository/com/google/inject/extensions/guice-servlet/4.0/guice-servlet-4.0.jar:/home/user/.m2/repository/org/glassfish/jersey/containers/jersey-container-servlet/2.27/jersey-container-servlet-2.27.jar:/home/user/.m2/repository/org/glassfish/hk2/guice-bridge/2.5.0/guice-bridge-2.5.0.jar:/home/user/.m2/repository/org/glassfish/jersey/core/jersey-server/2.27/jersey-server-2.27.jar:/home/user/.m2/repository/org/glassfish/jersey/core/jersey-client/2.27/jersey-client-2.27.jar:/home/user/.m2/repository/org/glassfish/jersey/media/jersey-media-jaxb/2.27/jersey-media-jaxb-2.27.jar:/home/user/.m2/repository/javax/validation/validation-api/1.1.0.Final/validation-api-1.1.0.Final.jar:/home/user/.m2/repository/org/glassfish/jersey/media/jersey-media-json-jackson/2.27/jersey-media-json-jackson-2.27.jar:/home/user/.m2/repository/org/glassfish/jersey/ext/jersey-entity-filtering/2.27/jersey-entity-filtering-2.27.jar:/home/user/.m2/repository/org/jooq/jooq/3.11.10/jooq-3.11.10.jar:/home/user/.m2/repository/org/jooq/jooq-meta/3.11.10/jooq-meta-3.11.10.jar:/home/user/.m2/repository/org/jooq/jooq-codegen/3.11.10/jooq-codegen-3.11.10.jar:/home/user/.m2/repository/com/jolbox/bonecp/0.8.0.RELEASE/bonecp-0.8.0.RELEASE.jar:/home/user/.m2/repository/org/apache/derby/derby/10.14.2.0/derby-10.14.2.0.jar:/home/user/.m2/repository/org/xerial/sqlite-jdbc/3.25.2/sqlite-jdbc-3.25.2.jar:/home/user/.m2/repository/org/springframework/spring-jdbc/5.2.5.RELEASE/spring-jdbc-5.2.5.RELEASE.jar:/home/user/.m2/repository/org/springframework/spring-beans/5.2.5.RELEASE/spring-beans-5.2.5.RELEASE.jar:/home/user/.m2/repository/org/springframework/spring-core/5.2.5.RELEASE/spring-core-5.2.5.RELEASE.jar:/home/user/.m2/repository/org/springframework/spring-jcl/5.2.5.RELEASE/spring-jcl-5.2.5.RELEASE.jar:/home/user/.m2/repository/org/springframework/spring-tx/5.2.5.RELEASE/spring-tx-5.2.5.RELEASE.jar:/home/user/.m2/repository/org/apache/hadoop/hadoop-ozone-client/0.6.0-SNAPSHOT/hadoop-ozone-client-0.6.0-SNAPSHOT.jar:/home/user/.m2/repository/org/apache/hadoop/hadoop-ozone-filesystem/0.6.0-SNAPSHOT/hadoop-ozone-filesystem-0.6.0-SNAPSHOT.jar:/home/user/.m2/repository/org/apache/hadoop/hadoop-hdds-hadoop-dependency-client/0.6.0-SNAPSHOT/hadoop-hdds-hadoop-dependency-client-0.6.0-SNAPSHOT.jar:/home/user/.m2/repository/org/apache/hadoop/hadoop-ozone-tools/0.6.0-SNAPSHOT/hadoop-ozone-tools-0.6.0-SNAPSHOT.jar:/home/user/.m2/repository/org/apache/hadoop/hadoop-hdfs/3.2.1/hadoop-hdfs-3.2.1.jar:/home/user/.m2/repository/org/apache/ratis/ratis-tools/0.6.0-cac3336-SNAPSHOT/ratis-tools-0.6.0-cac3336-SNAPSHOT.jar:/home/user/.m2/repository/org/apache/ratis/ratis-proto/0.6.0-cac3336-SNAPSHOT/ratis-proto-0.6.0-cac3336-SNAPSHOT.jar:/home/user/.m2/repository/org/apache/ratis/ratis-common/0.6.0-cac3336-SNAPSHOT/ratis-common-0.6.0-cac3336-SNAPSHOT.jar:/home/user/.m2/repository/com/amazonaws/aws-java-sdk-core/1.11.615/aws-java-sdk-core-1.11.615.jar:/home/user/.m2/repository/org/apache/httpcomponents/httpclient/4.5.2/httpclient-4.5.2.jar:/home/user/.m2/repository/org/apache/httpcomponents/httpcore/4.4.4/httpcore-4.4.4.jar:/home/user/.m2/repository/software/amazon/ion/ion-java/1.0.2/ion-java-1.0.2.jar:/home/user/.m2/repository/com/fasterxml/jackson/dataformat/jackson-dataformat-cbor/2.10.3/jackson-dataformat-cbor-2.10.3.jar:/home/user/.m2/repository/joda-time/joda-time/2.8.1/joda-time-2.8.1.jar:/home/user/.m2/repository/com/amazonaws/aws-java-sdk-s3/1.11.615/aws-java-sdk-s3-1.11.615.jar:/home/user/.m2/repository/com/amazonaws/aws-java-sdk-kms/1.11.615/aws-java-sdk-kms-1.11.615.jar:/home/user/.m2/repository/com/amazonaws/jmespath-java/1.11.615/jmespath-java-1.11.615.jar:/home/user/.m2/repository/org/apache/hadoop/hadoop-hdds-tools/0.6.0-SNAPSHOT/hadoop-hdds-tools-0.6.0-SNAPSHOT.jar:/home/user/.m2/repository/commons-cli/commons-cli/1.2/commons-cli-1.2.jar:/home/user/.m2/repository/org/apache/commons/commons-lang3/3.7/commons-lang3-3.7.jar:/home/user/.m2/repository/org/apache/hadoop/hadoop-ozone-ozone-manager/0.6.0-SNAPSHOT/hadoop-ozone-ozone-manager-0.6.0-SNAPSHOT-tests.jar:/home/user/.m2/repository/junit/junit/4.11/junit-4.11.jar:/home/user/.m2/repository/org/hamcrest/hamcrest-core/1.3/hamcrest-core-1.3.jar:/home/user/.m2/repository/org/openjdk/jmh/jmh-core/1.19/jmh-core-1.19.jar:/home/user/.m2/repository/net/sf/jopt-simple/jopt-simple/4.6/jopt-simple-4.6.jar:/home/user/.m2/repository/org/apache/commons/commons-math3/3.1.1/commons-math3-3.1.1.jar:/home/user/.m2/repository/org/openjdk/jmh/jmh-generator-annprocess/1.19/jmh-generator-annprocess-1.19.jar:/home/user/.m2/repository/org/mockito/mockito-all/1.8.5/mockito-all-1.8.5.jar:/home/user/.m2/repository/org/apache/hadoop/hadoop-kms/3.2.1/hadoop-kms-3.2.1.jar:/home/user/.m2/repository/org/apache/hadoop/hadoop-auth/3.2.1/hadoop-auth-3.2.1.jar:/home/user/.m2/repository/com/nimbusds/nimbus-jose-jwt/7.9/nimbus-jose-jwt-7.9.jar:/home/user/.m2/repository/com/github/stephenc/jcip/jcip-annotations/1.0-1/jcip-annotations-1.0-1.jar:/home/user/.m2/repository/net/minidev/json-smart/2.3/json-smart-2.3.jar:/home/user/.m2/repository/net/minidev/accessors-smart/1.2/accessors-smart-1.2.jar:/home/user/.m2/repository/org/ow2/asm/asm/5.0.4/asm-5.0.4.jar:/home/user/.m2/repository/org/apache/zookeeper/zookeeper/3.4.13/zookeeper-3.4.13.jar:/home/user/.m2/repository/org/apache/yetus/audience-annotations/0.5.0/audience-annotations-0.5.0.jar:/home/user/.m2/repository/org/apache/curator/curator-framework/2.13.0/curator-framework-2.13.0.jar:/home/user/.m2/repository/com/sun/jersey/jersey-core/1.19/jersey-core-1.19.jar:/home/user/.m2/repository/javax/ws/rs/jsr311-api/1.1.1/jsr311-api-1.1.1.jar:/home/user/.m2/repository/com/sun/jersey/jersey-server/1.19/jersey-server-1.19.jar:/home/user/.m2/repository/javax/servlet/javax.servlet-api/3.1.0/javax.servlet-api-3.1.0.jar:/home/user/.m2/repository/org/eclipse/jetty/jetty-server/9.4.26.v20200117/jetty-server-9.4.26.v20200117.jar:/home/user/.m2/repository/org/eclipse/jetty/jetty-http/9.4.26.v20200117/jetty-http-9.4.26.v20200117.jar:/home/user/.m2/repository/org/eclipse/jetty/jetty-io/9.4.26.v20200117/jetty-io-9.4.26.v20200117.jar:/home/user/.m2/repository/org/eclipse/jetty/jetty-webapp/9.4.26.v20200117/jetty-webapp-9.4.26.v20200117.jar:/home/user/.m2/repository/org/eclipse/jetty/jetty-xml/9.4.26.v20200117/jetty-xml-9.4.26.v20200117.jar:/home/user/.m2/repository/org/eclipse/jetty/jetty-servlet/9.4.26.v20200117/jetty-servlet-9.4.26.v20200117.jar:/home/user/.m2/repository/org/eclipse/jetty/jetty-security/9.4.26.v20200117/jetty-security-9.4.26.v20200117.jar:/home/user/.m2/repository/org/apache/hadoop/hadoop-common/3.2.1/hadoop-common-3.2.1.jar:/home/user/.m2/repository/commons-net/commons-net/3.6/commons-net-3.6.jar:/home/user/.m2/repository/commons-collections/commons-collections/3.2.2/commons-collections-3.2.2.jar:/home/user/.m2/repository/com/sun/jersey/jersey-servlet/1.19/jersey-servlet-1.19.jar:/home/user/.m2/repository/com/sun/jersey/jersey-json/1.19/jersey-json-1.19.jar:/home/user/.m2/repository/org/codehaus/jettison/jettison/1.1/jettison-1.1.jar:/home/user/.m2/repository/org/codehaus/jackson/jackson-jaxrs/1.9.2/jackson-jaxrs-1.9.2.jar:/home/user/.m2/repository/org/codehaus/jackson/jackson-xc/1.9.2/jackson-xc-1.9.2.jar:/home/user/.m2/repository/commons-beanutils/commons-beanutils/1.9.4/commons-beanutils-1.9.4.jar:/home/user/.m2/repository/org/apache/commons/commons-configuration2/2.1.1/commons-configuration2-2.1.1.jar:/home/user/.m2/repository/org/apache/commons/commons-text/1.4/commons-text-1.4.jar:/home/user/.m2/repository/com/google/re2j/re2j/1.1/re2j-1.1.jar:/home/user/.m2/repository/com/jcraft/jsch/0.1.54/jsch-0.1.54.jar:/home/user/.m2/repository/org/apache/curator/curator-client/2.13.0/curator-client-2.13.0.jar:/home/user/.m2/repository/org/apache/curator/curator-recipes/2.13.0/curator-recipes-2.13.0.jar:/home/user/.m2/repository/dnsjava/dnsjava/2.1.7/dnsjava-2.1.7.jar:/home/user/.m2/repository/org/slf4j/jul-to-slf4j/1.7.25/jul-to-slf4j-1.7.25.jar:/home/user/.m2/repository/org/eclipse/jetty/jetty-util/9.4.26.v20200117/jetty-util-9.4.26.v20200117.jar:/home/user/.m2/repository/com/fasterxml/jackson/core/jackson-databind/2.10.3/jackson-databind-2.10.3.jar:/home/user/.m2/repository/org/apache/hadoop/hadoop-kms/3.2.1/hadoop-kms-3.2.1-tests.jar:/home/user/.m2/repository/org/apache/hadoop/hadoop-hdds-server-scm/0.6.0-SNAPSHOT/hadoop-hdds-server-scm-0.6.0-SNAPSHOT-tests.jar:/home/user/.m2/repository/org/apache/hadoop/hadoop-hdds-container-service/0.6.0-SNAPSHOT/hadoop-hdds-container-service-0.6.0-SNAPSHOT-tests.jar:/home/user/.m2/repository/org/apache/hadoop/hadoop-hdds-common/0.6.0-SNAPSHOT/hadoop-hdds-common-0.6.0-SNAPSHOT-tests.jar:/home/user/.m2/repository/org/yaml/snakeyaml/1.16/snakeyaml-1.16.jar:/home/user/.m2/repository/org/apache/hadoop/hadoop-hdds-hadoop-dependency-test/0.6.0-SNAPSHOT/hadoop-hdds-hadoop-dependency-test-0.6.0-SNAPSHOT.jar:/home/user/.m2/repository/org/apache/hadoop/hadoop-common/3.2.1/hadoop-common-3.2.1-tests.jar:/home/user/.m2/repository/javax/servlet/jsp/jsp-api/2.1/jsp-api-2.1.jar:/home/user/.m2/repository/org/apache/hadoop/hadoop-hdfs/3.2.1/hadoop-hdfs-3.2.1-tests.jar:/home/user/.m2/repository/org/eclipse/jetty/jetty-util-ajax/9.4.26.v20200117/jetty-util-ajax-9.4.26.v20200117.jar:/home/user/.m2/repository/commons-codec/commons-codec/1.11/commons-codec-1.11.jar:/home/user/.m2/repository/commons-daemon/commons-daemon/1.0.13/commons-daemon-1.0.13.jar:/home/user/.m2/repository/io/netty/netty/3.10.5.Final/netty-3.10.5.Final.jar:/home/user/.m2/repository/io/netty/netty-all/4.1.48.Final/netty-all-4.1.48.Final.jar:/home/user/.m2/repository/org/apache/htrace/htrace-core4/4.1.0-incubating/htrace-core4-4.1.0-incubating.jar:/home/user/.m2/repository/org/fusesource/leveldbjni/leveldbjni-all/1.8/leveldbjni-all-1.8.jar:/home/user/.m2/repository/org/apache/hadoop/hadoop-distcp/3.2.1/hadoop-distcp-3.2.1.jar:/home/user/.m2/repository/org/apache/hadoop/hadoop-mapreduce-client-jobclient/3.2.1/hadoop-mapreduce-client-jobclient-3.2.1.jar:/home/user/.m2/repository/org/apache/hadoop/hadoop-mapreduce-client-common/3.2.1/hadoop-mapreduce-client-common-3.2.1.jar:/home/user/.m2/repository/org/apache/hadoop/hadoop-yarn-common/3.2.1/hadoop-yarn-common-3.2.1.jar:/home/user/.m2/repository/org/apache/hadoop/hadoop-yarn-api/3.2.1/hadoop-yarn-api-3.2.1.jar:/home/user/.m2/repository/com/sun/jersey/jersey-client/1.19/jersey-client-1.19.jar:/home/user/.m2/repository/com/sun/jersey/contribs/jersey-guice/1.19/jersey-guice-1.19.jar:/home/user/.m2/repository/com/fasterxml/jackson/jaxrs/jackson-jaxrs-json-provider/2.10.3/jackson-jaxrs-json-provider-2.10.3.jar:/home/user/.m2/repository/com/fasterxml/jackson/jaxrs/jackson-jaxrs-base/2.10.3/jackson-jaxrs-base-2.10.3.jar:/home/user/.m2/repository/org/apache/hadoop/hadoop-yarn-client/3.2.1/hadoop-yarn-client-3.2.1.jar:/home/user/.m2/repository/org/apache/hadoop/hadoop-mapreduce-client-core/3.2.1/hadoop-mapreduce-client-core-3.2.1.jar:/home/user/.m2/repository/org/apache/avro/avro/1.7.7/avro-1.7.7.jar:/home/user/.m2/repository/org/codehaus/jackson/jackson-core-asl/1.9.13/jackson-core-asl-1.9.13.jar:/home/user/.m2/repository/org/codehaus/jackson/jackson-mapper-asl/1.9.13/jackson-mapper-asl-1.9.13.jar:/home/user/.m2/repository/com/thoughtworks/paranamer/paranamer/2.3/paranamer-2.3.jar:/home/user/.m2/repository/org/xerial/snappy/snappy-java/1.0.5/snappy-java-1.0.5.jar:/home/user/.m2/repository/org/apache/hadoop/hadoop-annotations/3.2.1/hadoop-annotations-3.2.1.jar:/usr/lib/jvm/java-1.8.0-openjdk-1.8.0.232.b09-0.el7_7.x86_64/jre/../lib/tools.jar:/home/user/.m2/repository/org/apache/hadoop/hadoop-distcp/3.2.1/hadoop-distcp-3.2.1-tests.jar:"/>
    <property name="java.vm.vendor" value="Oracle Corporation"/>
    <property name="sun.arch.data.model" value="64"/>
    <property name="test.build.dir" value="/github/workspace/mnt/ozone/hadoop-ozone/integration-test/target/test-dir"/>
    <property name="test.cache.data" value=""/>
    <property name="java.vendor.url" value="http://java.oracle.com/"/>
    <property name="user.timezone" value=""/>
    <property name="java.vm.specification.version" value="1.8"/>
    <property name="os.name" value="Linux"/>
    <property name="test.build.data" value="/github/workspace/mnt/ozone/hadoop-ozone/integration-test/target/test-dir"/>
    <property name="user.country" value="US"/>
    <property name="sun.java.launcher" value="SUN_STANDARD"/>
    <property name="sun.boot.library.path" value="/usr/lib/jvm/java-1.8.0-openjdk-1.8.0.232.b09-0.el7_7.x86_64/jre/lib/amd64"/>
    <property name="sun.java.command" value="/github/workspace/mnt/ozone/hadoop-ozone/integration-test/target/surefire/surefirebooter7664213610476223775.jar /github/workspace/mnt/ozone/hadoop-ozone/integration-test/target/surefire 2020-05-27T19-30-00_463-jvmRun1 surefire573029204411841672tmp surefire_22322600093961114323tmp"/>
    <property name="surefire.test.class.path" value="/github/workspace/mnt/ozone/hadoop-ozone/integration-test/target/test-classes:/github/workspace/mnt/ozone/hadoop-ozone/integration-test/target/classes:/home/user/.m2/repository/org/apache/hadoop/hadoop-ozone-common/0.6.0-SNAPSHOT/hadoop-ozone-common-0.6.0-SNAPSHOT.jar:/home/user/.m2/repository/org/apache/commons/commons-compress/1.4.1/commons-compress-1.4.1.jar:/home/user/.m2/repository/org/tukaani/xz/1.0/xz-1.0.jar:/home/user/.m2/repository/org/apache/hadoop/hadoop-hdds-common/0.6.0-SNAPSHOT/hadoop-hdds-common-0.6.0-SNAPSHOT.jar:/home/user/.m2/repository/info/picocli/picocli/3.9.6/picocli-3.9.6.jar:/home/user/.m2/repository/com/fasterxml/jackson/core/jackson-annotations/2.10.3/jackson-annotations-2.10.3.jar:/home/user/.m2/repository/javax/annotation/javax.annotation-api/1.2/javax.annotation-api-1.2.jar:/home/user/.m2/repository/org/apache/ratis/ratis-server/0.6.0-cac3336-SNAPSHOT/ratis-server-0.6.0-cac3336-SNAPSHOT.jar:/home/user/.m2/repository/org/apache/ratis/ratis-thirdparty-misc/0.4.0/ratis-thirdparty-misc-0.4.0.jar:/home/user/.m2/repository/org/apache/ratis/ratis-client/0.6.0-cac3336-SNAPSHOT/ratis-client-0.6.0-cac3336-SNAPSHOT.jar:/home/user/.m2/repository/org/apache/ratis/ratis-metrics/0.6.0-cac3336-SNAPSHOT/ratis-metrics-0.6.0-cac3336-SNAPSHOT.jar:/home/user/.m2/repository/org/apache/ratis/ratis-netty/0.6.0-cac3336-SNAPSHOT/ratis-netty-0.6.0-cac3336-SNAPSHOT.jar:/home/user/.m2/repository/org/apache/ratis/ratis-grpc/0.6.0-cac3336-SNAPSHOT/ratis-grpc-0.6.0-cac3336-SNAPSHOT.jar:/home/user/.m2/repository/org/apache/logging/log4j/log4j-api/2.11.0/log4j-api-2.11.0.jar:/home/user/.m2/repository/org/apache/logging/log4j/log4j-core/2.11.0/log4j-core-2.11.0.jar:/home/user/.m2/repository/com/lmax/disruptor/3.4.2/disruptor-3.4.2.jar:/home/user/.m2/repository/org/apache/commons/commons-pool2/2.6.0/commons-pool2-2.6.0.jar:/home/user/.m2/repository/org/bouncycastle/bcpkix-jdk15on/1.60/bcpkix-jdk15on-1.60.jar:/home/user/.m2/repository/commons-validator/commons-validator/1.6/commons-validator-1.6.jar:/home/user/.m2/repository/commons-digester/commons-digester/1.8.1/commons-digester-1.8.1.jar:/home/user/.m2/repository/io/jaegertracing/jaeger-client/1.2.0/jaeger-client-1.2.0.jar:/home/user/.m2/repository/io/jaegertracing/jaeger-thrift/1.2.0/jaeger-thrift-1.2.0.jar:/home/user/.m2/repository/org/apache/thrift/libthrift/0.13.0/libthrift-0.13.0.jar:/home/user/.m2/repository/com/squareup/okhttp3/okhttp/4.2.2/okhttp-4.2.2.jar:/home/user/.m2/repository/com/squareup/okio/okio/2.2.2/okio-2.2.2.jar:/home/user/.m2/repository/org/jetbrains/kotlin/kotlin-stdlib/1.3.50/kotlin-stdlib-1.3.50.jar:/home/user/.m2/repository/org/jetbrains/kotlin/kotlin-stdlib-common/1.3.50/kotlin-stdlib-common-1.3.50.jar:/home/user/.m2/repository/org/jetbrains/annotations/13.0/annotations-13.0.jar:/home/user/.m2/repository/io/jaegertracing/jaeger-core/1.2.0/jaeger-core-1.2.0.jar:/home/user/.m2/repository/io/jaegertracing/jaeger-tracerresolver/1.2.0/jaeger-tracerresolver-1.2.0.jar:/home/user/.m2/repository/io/opentracing/contrib/opentracing-tracerresolver/0.1.8/opentracing-tracerresolver-0.1.8.jar:/home/user/.m2/repository/io/opentracing/opentracing-util/0.33.0/opentracing-util-0.33.0.jar:/home/user/.m2/repository/io/opentracing/opentracing-api/0.33.0/opentracing-api-0.33.0.jar:/home/user/.m2/repository/io/opentracing/opentracing-noop/0.33.0/opentracing-noop-0.33.0.jar:/home/user/.m2/repository/org/apache/hadoop/hadoop-hdds-client/0.6.0-SNAPSHOT/hadoop-hdds-client-0.6.0-SNAPSHOT.jar:/home/user/.m2/repository/org/apache/hadoop/hadoop-hdds-test-utils/0.6.0-SNAPSHOT/hadoop-hdds-test-utils-0.6.0-SNAPSHOT.jar:/home/user/.m2/repository/com/google/guava/guava/28.2-jre/guava-28.2-jre.jar:/home/user/.m2/repository/com/google/guava/failureaccess/1.0.1/failureaccess-1.0.1.jar:/home/user/.m2/repository/com/google/guava/listenablefuture/9999.0-empty-to-avoid-conflict-with-guava/listenablefuture-9999.0-empty-to-avoid-conflict-with-guava.jar:/home/user/.m2/repository/com/google/code/findbugs/jsr305/3.0.0/jsr305-3.0.0.jar:/home/user/.m2/repository/org/checkerframework/checker-qual/2.10.0/checker-qual-2.10.0.jar:/home/user/.m2/repository/com/google/errorprone/error_prone_annotations/2.2.0/error_prone_annotations-2.2.0.jar:/home/user/.m2/repository/com/google/j2objc/j2objc-annotations/1.3/j2objc-annotations-1.3.jar:/home/user/.m2/repository/commons-io/commons-io/2.5/commons-io-2.5.jar:/home/user/.m2/repository/commons-logging/commons-logging/1.2/commons-logging-1.2.jar:/home/user/.m2/repository/log4j/log4j/1.2.17/log4j-1.2.17.jar:/home/user/.m2/repository/org/slf4j/slf4j-api/1.7.25/slf4j-api-1.7.25.jar:/home/user/.m2/repository/org/apache/hadoop/hadoop-hdds-server-scm/0.6.0-SNAPSHOT/hadoop-hdds-server-scm-0.6.0-SNAPSHOT.jar:/home/user/.m2/repository/org/apache/hadoop/hadoop-hdds-container-service/0.6.0-SNAPSHOT/hadoop-hdds-container-service-0.6.0-SNAPSHOT.jar:/home/user/.m2/repository/org/apache/hadoop/hadoop-hdds-hadoop-dependency-server/0.6.0-SNAPSHOT/hadoop-hdds-hadoop-dependency-server-0.6.0-SNAPSHOT.jar:/home/user/.m2/repository/org/apache/hadoop/hadoop-hdds-server-framework/0.6.0-SNAPSHOT/hadoop-hdds-server-framework-0.6.0-SNAPSHOT.jar:/home/user/.m2/repository/org/rocksdb/rocksdbjni/6.6.4/rocksdbjni-6.6.4.jar:/home/user/.m2/repository/io/prometheus/simpleclient_dropwizard/0.7.0/simpleclient_dropwizard-0.7.0.jar:/home/user/.m2/repository/io/prometheus/simpleclient/0.7.0/simpleclient-0.7.0.jar:/home/user/.m2/repository/io/prometheus/simpleclient_common/0.7.0/simpleclient_common-0.7.0.jar:/home/user/.m2/repository/com/fasterxml/jackson/datatype/jackson-datatype-jsr310/2.10.3/jackson-datatype-jsr310-2.10.3.jar:/home/user/.m2/repository/org/apache/hadoop/hadoop-hdds-docs/0.6.0-SNAPSHOT/hadoop-hdds-docs-0.6.0-SNAPSHOT.jar:/home/user/.m2/repository/io/dropwizard/metrics/metrics-core/3.2.4/metrics-core-3.2.4.jar:/home/user/.m2/repository/org/apache/hadoop/hadoop-hdfs-client/3.2.1/hadoop-hdfs-client-3.2.1.jar:/home/user/.m2/repository/org/bouncycastle/bcprov-jdk15on/1.60/bcprov-jdk15on-1.60.jar:/home/user/.m2/repository/org/apache/hadoop/hadoop-ozone-ozone-manager/0.6.0-SNAPSHOT/hadoop-ozone-ozone-manager-0.6.0-SNAPSHOT.jar:/home/user/.m2/repository/org/apache/hadoop/hadoop-minikdc/3.2.1/hadoop-minikdc-3.2.1.jar:/home/user/.m2/repository/org/apache/kerby/kerb-simplekdc/1.0.1/kerb-simplekdc-1.0.1.jar:/home/user/.m2/repository/org/apache/kerby/kerb-client/1.0.1/kerb-client-1.0.1.jar:/home/user/.m2/repository/org/apache/kerby/kerby-config/1.0.1/kerby-config-1.0.1.jar:/home/user/.m2/repository/org/apache/kerby/kerb-core/1.0.1/kerb-core-1.0.1.jar:/home/user/.m2/repository/org/apache/kerby/kerby-pkix/1.0.1/kerby-pkix-1.0.1.jar:/home/user/.m2/repository/org/apache/kerby/kerby-asn1/1.0.1/kerby-asn1-1.0.1.jar:/home/user/.m2/repository/org/apache/kerby/kerby-util/1.0.1/kerby-util-1.0.1.jar:/home/user/.m2/repository/org/apache/kerby/kerb-common/1.0.1/kerb-common-1.0.1.jar:/home/user/.m2/repository/org/apache/kerby/kerb-crypto/1.0.1/kerb-crypto-1.0.1.jar:/home/user/.m2/repository/org/apache/kerby/kerb-util/1.0.1/kerb-util-1.0.1.jar:/home/user/.m2/repository/org/apache/kerby/token-provider/1.0.1/token-provider-1.0.1.jar:/home/user/.m2/repository/org/apache/kerby/kerb-admin/1.0.1/kerb-admin-1.0.1.jar:/home/user/.m2/repository/org/apache/kerby/kerb-server/1.0.1/kerb-server-1.0.1.jar:/home/user/.m2/repository/org/apache/kerby/kerb-identity/1.0.1/kerb-identity-1.0.1.jar:/home/user/.m2/repository/org/apache/kerby/kerby-xdr/1.0.1/kerby-xdr-1.0.1.jar:/home/user/.m2/repository/org/slf4j/slf4j-log4j12/1.7.25/slf4j-log4j12-1.7.25.jar:/home/user/.m2/repository/org/apache/hadoop/hadoop-ozone-s3gateway/0.6.0-SNAPSHOT/hadoop-ozone-s3gateway-0.6.0-SNAPSHOT.jar:/home/user/.m2/repository/org/jboss/weld/servlet/weld-servlet/2.4.7.Final/weld-servlet-2.4.7.Final.jar:/home/user/.m2/repository/org/glassfish/jersey/containers/jersey-container-servlet-core/2.27/jersey-container-servlet-core-2.27.jar:/home/user/.m2/repository/org/glassfish/hk2/external/javax.inject/2.5.0-b42/javax.inject-2.5.0-b42.jar:/home/user/.m2/repository/org/glassfish/jersey/core/jersey-common/2.27/jersey-common-2.27.jar:/home/user/.m2/repository/org/glassfish/hk2/osgi-resource-locator/1.0.1/osgi-resource-locator-1.0.1.jar:/home/user/.m2/repository/javax/ws/rs/javax.ws.rs-api/2.1/javax.ws.rs-api-2.1.jar:/home/user/.m2/repository/org/glassfish/jersey/ext/cdi/jersey-cdi1x/2.27/jersey-cdi1x-2.27.jar:/home/user/.m2/repository/org/glassfish/jersey/inject/jersey-hk2/2.27/jersey-hk2-2.27.jar:/home/user/.m2/repository/org/glassfish/hk2/hk2-locator/2.5.0-b42/hk2-locator-2.5.0-b42.jar:/home/user/.m2/repository/org/javassist/javassist/3.22.0-CR2/javassist-3.22.0-CR2.jar:/home/user/.m2/repository/org/glassfish/hk2/hk2-api/2.5.0/hk2-api-2.5.0.jar:/home/user/.m2/repository/org/glassfish/hk2/external/jakarta.inject/2.5.0/jakarta.inject-2.5.0.jar:/home/user/.m2/repository/org/glassfish/hk2/hk2-utils/2.5.0/hk2-utils-2.5.0.jar:/home/user/.m2/repository/jakarta/annotation/jakarta.annotation-api/1.3.4/jakarta.annotation-api-1.3.4.jar:/home/user/.m2/repository/org/glassfish/hk2/external/aopalliance-repackaged/2.5.0/aopalliance-repackaged-2.5.0.jar:/home/user/.m2/repository/com/fasterxml/jackson/dataformat/jackson-dataformat-xml/2.10.3/jackson-dataformat-xml-2.10.3.jar:/home/user/.m2/repository/com/fasterxml/jackson/core/jackson-core/2.10.3/jackson-core-2.10.3.jar:/home/user/.m2/repository/com/fasterxml/jackson/module/jackson-module-jaxb-annotations/2.10.3/jackson-module-jaxb-annotations-2.10.3.jar:/home/user/.m2/repository/jakarta/xml/bind/jakarta.xml.bind-api/2.3.2/jakarta.xml.bind-api-2.3.2.jar:/home/user/.m2/repository/jakarta/activation/jakarta.activation-api/1.2.1/jakarta.activation-api-1.2.1.jar:/home/user/.m2/repository/org/codehaus/woodstox/stax2-api/3.1.4/stax2-api-3.1.4.jar:/home/user/.m2/repository/com/fasterxml/woodstox/woodstox-core/5.0.3/woodstox-core-5.0.3.jar:/home/user/.m2/repository/javax/enterprise/cdi-api/1.2/cdi-api-1.2.jar:/home/user/.m2/repository/javax/el/javax.el-api/3.0.0/javax.el-api-3.0.0.jar:/home/user/.m2/repository/javax/interceptor/javax.interceptor-api/1.2/javax.interceptor-api-1.2.jar:/home/user/.m2/repository/javax/inject/javax.inject/1/javax.inject-1.jar:/home/user/.m2/repository/com/sun/xml/bind/jaxb-impl/2.3.0.1/jaxb-impl-2.3.0.1.jar:/home/user/.m2/repository/com/sun/xml/bind/jaxb-core/2.3.0.1/jaxb-core-2.3.0.1.jar:/home/user/.m2/repository/javax/xml/bind/jaxb-api/2.3.0/jaxb-api-2.3.0.jar:/home/user/.m2/repository/javax/activation/activation/1.1.1/activation-1.1.1.jar:/home/user/.m2/repository/org/apache/hadoop/hadoop-ozone-csi/0.6.0-SNAPSHOT/hadoop-ozone-csi-0.6.0-SNAPSHOT.jar:/home/user/.m2/repository/com/google/protobuf/protobuf-java-util/3.11.0/protobuf-java-util-3.11.0.jar:/home/user/.m2/repository/com/google/code/gson/gson/2.2.4/gson-2.2.4.jar:/home/user/.m2/repository/org/apache/hadoop/hadoop-hdds-config/0.6.0-SNAPSHOT/hadoop-hdds-config-0.6.0-SNAPSHOT.jar:/home/user/.m2/repository/com/google/protobuf/protobuf-java/2.5.0/protobuf-java-2.5.0.jar:/home/user/.m2/repository/io/grpc/grpc-netty/1.28.1/grpc-netty-1.28.1.jar:/home/user/.m2/repository/io/grpc/grpc-core/1.28.1/grpc-core-1.28.1.jar:/home/user/.m2/repository/com/google/android/annotations/4.1.1.4/annotations-4.1.1.4.jar:/home/user/.m2/repository/io/perfmark/perfmark-api/0.19.0/perfmark-api-0.19.0.jar:/home/user/.m2/repository/io/netty/netty-codec-http2/4.1.45.Final/netty-codec-http2-4.1.45.Final.jar:/home/user/.m2/repository/io/netty/netty-codec/4.1.45.Final/netty-codec-4.1.45.Final.jar:/home/user/.m2/repository/io/netty/netty-handler/4.1.45.Final/netty-handler-4.1.45.Final.jar:/home/user/.m2/repository/io/netty/netty-codec-http/4.1.45.Final/netty-codec-http-4.1.45.Final.jar:/home/user/.m2/repository/io/netty/netty-handler-proxy/4.1.45.Final/netty-handler-proxy-4.1.45.Final.jar:/home/user/.m2/repository/io/netty/netty-codec-socks/4.1.45.Final/netty-codec-socks-4.1.45.Final.jar:/home/user/.m2/repository/io/netty/netty-transport-native-epoll/4.1.48.Final/netty-transport-native-epoll-4.1.48.Final.jar:/home/user/.m2/repository/io/netty/netty-common/4.1.48.Final/netty-common-4.1.48.Final.jar:/home/user/.m2/repository/io/netty/netty-buffer/4.1.48.Final/netty-buffer-4.1.48.Final.jar:/home/user/.m2/repository/io/netty/netty-transport/4.1.48.Final/netty-transport-4.1.48.Final.jar:/home/user/.m2/repository/io/netty/netty-resolver/4.1.48.Final/netty-resolver-4.1.48.Final.jar:/home/user/.m2/repository/io/netty/netty-transport-native-unix-common/4.1.48.Final/netty-transport-native-unix-common-4.1.48.Final.jar:/home/user/.m2/repository/io/grpc/grpc-protobuf/1.28.1/grpc-protobuf-1.28.1.jar:/home/user/.m2/repository/io/grpc/grpc-api/1.28.1/grpc-api-1.28.1.jar:/home/user/.m2/repository/io/grpc/grpc-context/1.28.1/grpc-context-1.28.1.jar:/home/user/.m2/repository/org/codehaus/mojo/animal-sniffer-annotations/1.18/animal-sniffer-annotations-1.18.jar:/home/user/.m2/repository/com/google/api/grpc/proto-google-common-protos/1.17.0/proto-google-common-protos-1.17.0.jar:/home/user/.m2/repository/io/grpc/grpc-protobuf-lite/1.28.1/grpc-protobuf-lite-1.28.1.jar:/home/user/.m2/repository/io/grpc/grpc-stub/1.28.1/grpc-stub-1.28.1.jar:/home/user/.m2/repository/org/apache/hadoop/hadoop-ozone-recon/0.6.0-SNAPSHOT/hadoop-ozone-recon-0.6.0-SNAPSHOT.jar:/home/user/.m2/repository/org/apache/hadoop/hadoop-ozone-reconcodegen/0.6.0-SNAPSHOT/hadoop-ozone-reconcodegen-0.6.0-SNAPSHOT.jar:/home/user/.m2/repository/com/google/inject/extensions/guice-multibindings/4.0/guice-multibindings-4.0.jar:/home/user/.m2/repository/com/google/inject/guice/4.0/guice-4.0.jar:/home/user/.m2/repository/aopalliance/aopalliance/1.0/aopalliance-1.0.jar:/home/user/.m2/repository/com/google/inject/extensions/guice-assistedinject/4.0/guice-assistedinject-4.0.jar:/home/user/.m2/repository/com/google/inject/extensions/guice-servlet/4.0/guice-servlet-4.0.jar:/home/user/.m2/repository/org/glassfish/jersey/containers/jersey-container-servlet/2.27/jersey-container-servlet-2.27.jar:/home/user/.m2/repository/org/glassfish/hk2/guice-bridge/2.5.0/guice-bridge-2.5.0.jar:/home/user/.m2/repository/org/glassfish/jersey/core/jersey-server/2.27/jersey-server-2.27.jar:/home/user/.m2/repository/org/glassfish/jersey/core/jersey-client/2.27/jersey-client-2.27.jar:/home/user/.m2/repository/org/glassfish/jersey/media/jersey-media-jaxb/2.27/jersey-media-jaxb-2.27.jar:/home/user/.m2/repository/javax/validation/validation-api/1.1.0.Final/validation-api-1.1.0.Final.jar:/home/user/.m2/repository/org/glassfish/jersey/media/jersey-media-json-jackson/2.27/jersey-media-json-jackson-2.27.jar:/home/user/.m2/repository/org/glassfish/jersey/ext/jersey-entity-filtering/2.27/jersey-entity-filtering-2.27.jar:/home/user/.m2/repository/org/jooq/jooq/3.11.10/jooq-3.11.10.jar:/home/user/.m2/repository/org/jooq/jooq-meta/3.11.10/jooq-meta-3.11.10.jar:/home/user/.m2/repository/org/jooq/jooq-codegen/3.11.10/jooq-codegen-3.11.10.jar:/home/user/.m2/repository/com/jolbox/bonecp/0.8.0.RELEASE/bonecp-0.8.0.RELEASE.jar:/home/user/.m2/repository/org/apache/derby/derby/10.14.2.0/derby-10.14.2.0.jar:/home/user/.m2/repository/org/xerial/sqlite-jdbc/3.25.2/sqlite-jdbc-3.25.2.jar:/home/user/.m2/repository/org/springframework/spring-jdbc/5.2.5.RELEASE/spring-jdbc-5.2.5.RELEASE.jar:/home/user/.m2/repository/org/springframework/spring-beans/5.2.5.RELEASE/spring-beans-5.2.5.RELEASE.jar:/home/user/.m2/repository/org/springframework/spring-core/5.2.5.RELEASE/spring-core-5.2.5.RELEASE.jar:/home/user/.m2/repository/org/springframework/spring-jcl/5.2.5.RELEASE/spring-jcl-5.2.5.RELEASE.jar:/home/user/.m2/repository/org/springframework/spring-tx/5.2.5.RELEASE/spring-tx-5.2.5.RELEASE.jar:/home/user/.m2/repository/org/apache/hadoop/hadoop-ozone-client/0.6.0-SNAPSHOT/hadoop-ozone-client-0.6.0-SNAPSHOT.jar:/home/user/.m2/repository/org/apache/hadoop/hadoop-ozone-filesystem/0.6.0-SNAPSHOT/hadoop-ozone-filesystem-0.6.0-SNAPSHOT.jar:/home/user/.m2/repository/org/apache/hadoop/hadoop-hdds-hadoop-dependency-client/0.6.0-SNAPSHOT/hadoop-hdds-hadoop-dependency-client-0.6.0-SNAPSHOT.jar:/home/user/.m2/repository/org/apache/hadoop/hadoop-ozone-tools/0.6.0-SNAPSHOT/hadoop-ozone-tools-0.6.0-SNAPSHOT.jar:/home/user/.m2/repository/org/apache/hadoop/hadoop-hdfs/3.2.1/hadoop-hdfs-3.2.1.jar:/home/user/.m2/repository/org/apache/ratis/ratis-tools/0.6.0-cac3336-SNAPSHOT/ratis-tools-0.6.0-cac3336-SNAPSHOT.jar:/home/user/.m2/repository/org/apache/ratis/ratis-proto/0.6.0-cac3336-SNAPSHOT/ratis-proto-0.6.0-cac3336-SNAPSHOT.jar:/home/user/.m2/repository/org/apache/ratis/ratis-common/0.6.0-cac3336-SNAPSHOT/ratis-common-0.6.0-cac3336-SNAPSHOT.jar:/home/user/.m2/repository/com/amazonaws/aws-java-sdk-core/1.11.615/aws-java-sdk-core-1.11.615.jar:/home/user/.m2/repository/org/apache/httpcomponents/httpclient/4.5.2/httpclient-4.5.2.jar:/home/user/.m2/repository/org/apache/httpcomponents/httpcore/4.4.4/httpcore-4.4.4.jar:/home/user/.m2/repository/software/amazon/ion/ion-java/1.0.2/ion-java-1.0.2.jar:/home/user/.m2/repository/com/fasterxml/jackson/dataformat/jackson-dataformat-cbor/2.10.3/jackson-dataformat-cbor-2.10.3.jar:/home/user/.m2/repository/joda-time/joda-time/2.8.1/joda-time-2.8.1.jar:/home/user/.m2/repository/com/amazonaws/aws-java-sdk-s3/1.11.615/aws-java-sdk-s3-1.11.615.jar:/home/user/.m2/repository/com/amazonaws/aws-java-sdk-kms/1.11.615/aws-java-sdk-kms-1.11.615.jar:/home/user/.m2/repository/com/amazonaws/jmespath-java/1.11.615/jmespath-java-1.11.615.jar:/home/user/.m2/repository/org/apache/hadoop/hadoop-hdds-tools/0.6.0-SNAPSHOT/hadoop-hdds-tools-0.6.0-SNAPSHOT.jar:/home/user/.m2/repository/commons-cli/commons-cli/1.2/commons-cli-1.2.jar:/home/user/.m2/repository/org/apache/commons/commons-lang3/3.7/commons-lang3-3.7.jar:/home/user/.m2/repository/org/apache/hadoop/hadoop-ozone-ozone-manager/0.6.0-SNAPSHOT/hadoop-ozone-ozone-manager-0.6.0-SNAPSHOT-tests.jar:/home/user/.m2/repository/junit/junit/4.11/junit-4.11.jar:/home/user/.m2/repository/org/hamcrest/hamcrest-core/1.3/hamcrest-core-1.3.jar:/home/user/.m2/repository/org/openjdk/jmh/jmh-core/1.19/jmh-core-1.19.jar:/home/user/.m2/repository/net/sf/jopt-simple/jopt-simple/4.6/jopt-simple-4.6.jar:/home/user/.m2/repository/org/apache/commons/commons-math3/3.1.1/commons-math3-3.1.1.jar:/home/user/.m2/repository/org/openjdk/jmh/jmh-generator-annprocess/1.19/jmh-generator-annprocess-1.19.jar:/home/user/.m2/repository/org/mockito/mockito-all/1.8.5/mockito-all-1.8.5.jar:/home/user/.m2/repository/org/apache/hadoop/hadoop-kms/3.2.1/hadoop-kms-3.2.1.jar:/home/user/.m2/repository/org/apache/hadoop/hadoop-auth/3.2.1/hadoop-auth-3.2.1.jar:/home/user/.m2/repository/com/nimbusds/nimbus-jose-jwt/7.9/nimbus-jose-jwt-7.9.jar:/home/user/.m2/repository/com/github/stephenc/jcip/jcip-annotations/1.0-1/jcip-annotations-1.0-1.jar:/home/user/.m2/repository/net/minidev/json-smart/2.3/json-smart-2.3.jar:/home/user/.m2/repository/net/minidev/accessors-smart/1.2/accessors-smart-1.2.jar:/home/user/.m2/repository/org/ow2/asm/asm/5.0.4/asm-5.0.4.jar:/home/user/.m2/repository/org/apache/zookeeper/zookeeper/3.4.13/zookeeper-3.4.13.jar:/home/user/.m2/repository/org/apache/yetus/audience-annotations/0.5.0/audience-annotations-0.5.0.jar:/home/user/.m2/repository/org/apache/curator/curator-framework/2.13.0/curator-framework-2.13.0.jar:/home/user/.m2/repository/com/sun/jersey/jersey-core/1.19/jersey-core-1.19.jar:/home/user/.m2/repository/javax/ws/rs/jsr311-api/1.1.1/jsr311-api-1.1.1.jar:/home/user/.m2/repository/com/sun/jersey/jersey-server/1.19/jersey-server-1.19.jar:/home/user/.m2/repository/javax/servlet/javax.servlet-api/3.1.0/javax.servlet-api-3.1.0.jar:/home/user/.m2/repository/org/eclipse/jetty/jetty-server/9.4.26.v20200117/jetty-server-9.4.26.v20200117.jar:/home/user/.m2/repository/org/eclipse/jetty/jetty-http/9.4.26.v20200117/jetty-http-9.4.26.v20200117.jar:/home/user/.m2/repository/org/eclipse/jetty/jetty-io/9.4.26.v20200117/jetty-io-9.4.26.v20200117.jar:/home/user/.m2/repository/org/eclipse/jetty/jetty-webapp/9.4.26.v20200117/jetty-webapp-9.4.26.v20200117.jar:/home/user/.m2/repository/org/eclipse/jetty/jetty-xml/9.4.26.v20200117/jetty-xml-9.4.26.v20200117.jar:/home/user/.m2/repository/org/eclipse/jetty/jetty-servlet/9.4.26.v20200117/jetty-servlet-9.4.26.v20200117.jar:/home/user/.m2/repository/org/eclipse/jetty/jetty-security/9.4.26.v20200117/jetty-security-9.4.26.v20200117.jar:/home/user/.m2/repository/org/apache/hadoop/hadoop-common/3.2.1/hadoop-common-3.2.1.jar:/home/user/.m2/repository/commons-net/commons-net/3.6/commons-net-3.6.jar:/home/user/.m2/repository/commons-collections/commons-collections/3.2.2/commons-collections-3.2.2.jar:/home/user/.m2/repository/com/sun/jersey/jersey-servlet/1.19/jersey-servlet-1.19.jar:/home/user/.m2/repository/com/sun/jersey/jersey-json/1.19/jersey-json-1.19.jar:/home/user/.m2/repository/org/codehaus/jettison/jettison/1.1/jettison-1.1.jar:/home/user/.m2/repository/org/codehaus/jackson/jackson-jaxrs/1.9.2/jackson-jaxrs-1.9.2.jar:/home/user/.m2/repository/org/codehaus/jackson/jackson-xc/1.9.2/jackson-xc-1.9.2.jar:/home/user/.m2/repository/commons-beanutils/commons-beanutils/1.9.4/commons-beanutils-1.9.4.jar:/home/user/.m2/repository/org/apache/commons/commons-configuration2/2.1.1/commons-configuration2-2.1.1.jar:/home/user/.m2/repository/org/apache/commons/commons-text/1.4/commons-text-1.4.jar:/home/user/.m2/repository/com/google/re2j/re2j/1.1/re2j-1.1.jar:/home/user/.m2/repository/com/jcraft/jsch/0.1.54/jsch-0.1.54.jar:/home/user/.m2/repository/org/apache/curator/curator-client/2.13.0/curator-client-2.13.0.jar:/home/user/.m2/repository/org/apache/curator/curator-recipes/2.13.0/curator-recipes-2.13.0.jar:/home/user/.m2/repository/dnsjava/dnsjava/2.1.7/dnsjava-2.1.7.jar:/home/user/.m2/repository/org/slf4j/jul-to-slf4j/1.7.25/jul-to-slf4j-1.7.25.jar:/home/user/.m2/repository/org/eclipse/jetty/jetty-util/9.4.26.v20200117/jetty-util-9.4.26.v20200117.jar:/home/user/.m2/repository/com/fasterxml/jackson/core/jackson-databind/2.10.3/jackson-databind-2.10.3.jar:/home/user/.m2/repository/org/apache/hadoop/hadoop-kms/3.2.1/hadoop-kms-3.2.1-tests.jar:/home/user/.m2/repository/org/apache/hadoop/hadoop-hdds-server-scm/0.6.0-SNAPSHOT/hadoop-hdds-server-scm-0.6.0-SNAPSHOT-tests.jar:/home/user/.m2/repository/org/apache/hadoop/hadoop-hdds-container-service/0.6.0-SNAPSHOT/hadoop-hdds-container-service-0.6.0-SNAPSHOT-tests.jar:/home/user/.m2/repository/org/apache/hadoop/hadoop-hdds-common/0.6.0-SNAPSHOT/hadoop-hdds-common-0.6.0-SNAPSHOT-tests.jar:/home/user/.m2/repository/org/yaml/snakeyaml/1.16/snakeyaml-1.16.jar:/home/user/.m2/repository/org/apache/hadoop/hadoop-hdds-hadoop-dependency-test/0.6.0-SNAPSHOT/hadoop-hdds-hadoop-dependency-test-0.6.0-SNAPSHOT.jar:/home/user/.m2/repository/org/apache/hadoop/hadoop-common/3.2.1/hadoop-common-3.2.1-tests.jar:/home/user/.m2/repository/javax/servlet/jsp/jsp-api/2.1/jsp-api-2.1.jar:/home/user/.m2/repository/org/apache/hadoop/hadoop-hdfs/3.2.1/hadoop-hdfs-3.2.1-tests.jar:/home/user/.m2/repository/org/eclipse/jetty/jetty-util-ajax/9.4.26.v20200117/jetty-util-ajax-9.4.26.v20200117.jar:/home/user/.m2/repository/commons-codec/commons-codec/1.11/commons-codec-1.11.jar:/home/user/.m2/repository/commons-daemon/commons-daemon/1.0.13/commons-daemon-1.0.13.jar:/home/user/.m2/repository/io/netty/netty/3.10.5.Final/netty-3.10.5.Final.jar:/home/user/.m2/repository/io/netty/netty-all/4.1.48.Final/netty-all-4.1.48.Final.jar:/home/user/.m2/repository/org/apache/htrace/htrace-core4/4.1.0-incubating/htrace-core4-4.1.0-incubating.jar:/home/user/.m2/repository/org/fusesource/leveldbjni/leveldbjni-all/1.8/leveldbjni-all-1.8.jar:/home/user/.m2/repository/org/apache/hadoop/hadoop-distcp/3.2.1/hadoop-distcp-3.2.1.jar:/home/user/.m2/repository/org/apache/hadoop/hadoop-mapreduce-client-jobclient/3.2.1/hadoop-mapreduce-client-jobclient-3.2.1.jar:/home/user/.m2/repository/org/apache/hadoop/hadoop-mapreduce-client-common/3.2.1/hadoop-mapreduce-client-common-3.2.1.jar:/home/user/.m2/repository/org/apache/hadoop/hadoop-yarn-common/3.2.1/hadoop-yarn-common-3.2.1.jar:/home/user/.m2/repository/org/apache/hadoop/hadoop-yarn-api/3.2.1/hadoop-yarn-api-3.2.1.jar:/home/user/.m2/repository/com/sun/jersey/jersey-client/1.19/jersey-client-1.19.jar:/home/user/.m2/repository/com/sun/jersey/contribs/jersey-guice/1.19/jersey-guice-1.19.jar:/home/user/.m2/repository/com/fasterxml/jackson/jaxrs/jackson-jaxrs-json-provider/2.10.3/jackson-jaxrs-json-provider-2.10.3.jar:/home/user/.m2/repository/com/fasterxml/jackson/jaxrs/jackson-jaxrs-base/2.10.3/jackson-jaxrs-base-2.10.3.jar:/home/user/.m2/repository/org/apache/hadoop/hadoop-yarn-client/3.2.1/hadoop-yarn-client-3.2.1.jar:/home/user/.m2/repository/org/apache/hadoop/hadoop-mapreduce-client-core/3.2.1/hadoop-mapreduce-client-core-3.2.1.jar:/home/user/.m2/repository/org/apache/avro/avro/1.7.7/avro-1.7.7.jar:/home/user/.m2/repository/org/codehaus/jackson/jackson-core-asl/1.9.13/jackson-core-asl-1.9.13.jar:/home/user/.m2/repository/org/codehaus/jackson/jackson-mapper-asl/1.9.13/jackson-mapper-asl-1.9.13.jar:/home/user/.m2/repository/com/thoughtworks/paranamer/paranamer/2.3/paranamer-2.3.jar:/home/user/.m2/repository/org/xerial/snappy/snappy-java/1.0.5/snappy-java-1.0.5.jar:/home/user/.m2/repository/org/apache/hadoop/hadoop-annotations/3.2.1/hadoop-annotations-3.2.1.jar:/usr/lib/jvm/java-1.8.0-openjdk-1.8.0.232.b09-0.el7_7.x86_64/jre/../lib/tools.jar:/home/user/.m2/repository/org/apache/hadoop/hadoop-distcp/3.2.1/hadoop-distcp-3.2.1-tests.jar:"/>
    <property name="sun.cpu.endian" value="little"/>
    <property name="user.home" value="/home/user"/>
    <property name="user.language" value="en"/>
    <property name="java.specification.vendor" value="Oracle Corporation"/>
    <property name="java.home" value="/usr/lib/jvm/java-1.8.0-openjdk-1.8.0.232.b09-0.el7_7.x86_64/jre"/>
    <property name="java.security.krb5.conf" value="/github/workspace/mnt/ozone/hadoop-ozone/integration-test/target/test-classes/krb5.conf"/>
    <property name="basedir" value="/github/workspace/mnt/ozone/hadoop-ozone/integration-test"/>
    <property name="file.separator" value="/"/>
    <property name="line.separator" value="&#10;"/>
    <property name="java.vm.specification.vendor" value="Oracle Corporation"/>
    <property name="java.specification.name" value="Java Platform API Specification"/>
    <property name="java.awt.graphicsenv" value="sun.awt.X11GraphicsEnvironment"/>
    <property name="surefire.real.class.path" value="/github/workspace/mnt/ozone/hadoop-ozone/integration-test/target/surefire/surefirebooter7664213610476223775.jar:/home/user/.m2/repository/org/jacoco/org.jacoco.agent/0.8.5/org.jacoco.agent-0.8.5-runtime.jar"/>
    <property name="hadoop.log.dir" value="/github/workspace/mnt/ozone/hadoop-ozone/integration-test/target/log"/>
    <property name="sun.boot.class.path" value="/usr/lib/jvm/java-1.8.0-openjdk-1.8.0.232.b09-0.el7_7.x86_64/jre/lib/resources.jar:/usr/lib/jvm/java-1.8.0-openjdk-1.8.0.232.b09-0.el7_7.x86_64/jre/lib/rt.jar:/usr/lib/jvm/java-1.8.0-openjdk-1.8.0.232.b09-0.el7_7.x86_64/jre/lib/sunrsasign.jar:/usr/lib/jvm/java-1.8.0-openjdk-1.8.0.232.b09-0.el7_7.x86_64/jre/lib/jsse.jar:/usr/lib/jvm/java-1.8.0-openjdk-1.8.0.232.b09-0.el7_7.x86_64/jre/lib/jce.jar:/usr/lib/jvm/java-1.8.0-openjdk-1.8.0.232.b09-0.el7_7.x86_64/jre/lib/charsets.jar:/usr/lib/jvm/java-1.8.0-openjdk-1.8.0.232.b09-0.el7_7.x86_64/jre/lib/jfr.jar:/usr/lib/jvm/java-1.8.0-openjdk-1.8.0.232.b09-0.el7_7.x86_64/jre/classes"/>
    <property name="sun.management.compiler" value="HotSpot 64-Bit Tiered Compilers"/>
    <property name="java.runtime.version" value="1.8.0_232-b09"/>
    <property name="java.net.preferIPv4Stack" value="true"/>
    <property name="user.name" value="jenkins1001"/>
    <property name="path.separator" value=":"/>
    <property name="java.security.egd" value="file:///dev/urandom"/>
    <property name="os.version" value="5.3.0-1020-azure"/>
    <property name="java.endorsed.dirs" value="/usr/lib/jvm/java-1.8.0-openjdk-1.8.0.232.b09-0.el7_7.x86_64/jre/lib/endorsed"/>
    <property name="java.runtime.name" value="OpenJDK Runtime Environment"/>
    <property name="file.encoding" value="ANSI_X3.4-1968"/>
    <property name="java.vm.name" value="OpenJDK 64-Bit Server VM"/>
    <property name="test.build.webapps" value=""/>
    <property name="localRepository" value="/home/user/.m2/repository"/>
    <property name="java.vendor.url.bug" value="http://bugreport.sun.com/bugreport/"/>
    <property name="java.io.tmpdir" value="/tmp"/>
    <property name="require.test.libhadoop" value=""/>
    <property name="java.version" value="1.8.0_232"/>
    <property name="user.dir" value="/github/workspace/mnt/ozone/hadoop-ozone/integration-test"/>
    <property name="os.arch" value="amd64"/>
    <property name="java.vm.specification.name" value="Java Virtual Machine Specification"/>
    <property name="test.build.classes" value="/github/workspace/mnt/ozone/hadoop-ozone/integration-test/target/test-classes"/>
    <property name="java.awt.printerjob" value="sun.print.PSPrinterJob"/>
    <property name="sun.os.patch.level" value="unknown"/>
    <property name="hadoop.tmp.dir" value="/github/workspace/mnt/ozone/hadoop-ozone/integration-test/target/tmp"/>
    <property name="java.library.path" value="/usr/lib:/usr/java/packages/lib/amd64:/usr/lib64:/lib64:/lib:/usr/lib"/>
    <property name="java.vm.info" value="mixed mode"/>
    <property name="java.vendor" value="Oracle Corporation"/>
    <property name="java.vm.version" value="25.232-b09"/>
    <property name="java.ext.dirs" value="/usr/lib/jvm/java-1.8.0-openjdk-1.8.0.232.b09-0.el7_7.x86_64/jre/lib/ext:/usr/java/packages/lib/ext"/>
    <property name="sun.io.unicode.encoding" value="UnicodeLittle"/>
    <property name="java.class.version" value="52.0"/>
  </properties>
  <testcase name="testPutKeyAndGetKeyThreeNodes" classname="org.apache.hadoop.ozone.client.rpc.TestReadRetries" time="9.899">
    <failure type="java.lang.AssertionError">java.lang.AssertionError
	at org.junit.Assert.fail(Assert.java:86)
	at org.junit.Assert.assertTrue(Assert.java:41)
	at org.junit.Assert.assertTrue(Assert.java:52)
	at org.apache.hadoop.ozone.client.rpc.TestReadRetries.testPutKeyAndGetKeyThreeNodes(TestReadRetries.java:181)
	at sun.reflect.NativeMethodAccessorImpl.invoke0(Native Method)
	at sun.reflect.NativeMethodAccessorImpl.invoke(NativeMethodAccessorImpl.java:62)
	at sun.reflect.DelegatingMethodAccessorImpl.invoke(DelegatingMethodAccessorImpl.java:43)
	at java.lang.reflect.Method.invoke(Method.java:498)
	at org.junit.runners.model.FrameworkMethod$1.runReflectiveCall(FrameworkMethod.java:47)
	at org.junit.internal.runners.model.ReflectiveCallable.run(ReflectiveCallable.java:12)
	at org.junit.runners.model.FrameworkMethod.invokeExplosively(FrameworkMethod.java:44)
	at org.junit.internal.runners.statements.InvokeMethod.evaluate(InvokeMethod.java:17)
	at org.junit.rules.ExpectedException$ExpectedExceptionStatement.evaluate(ExpectedException.java:168)
	at org.junit.rules.RunRules.evaluate(RunRules.java:20)
	at org.junit.runners.ParentRunner.runLeaf(ParentRunner.java:271)
	at org.junit.runners.BlockJUnit4ClassRunner.runChild(BlockJUnit4ClassRunner.java:70)
	at org.junit.runners.BlockJUnit4ClassRunner.runChild(BlockJUnit4ClassRunner.java:50)
	at org.junit.runners.ParentRunner$3.run(ParentRunner.java:238)
	at org.junit.runners.ParentRunner$1.schedule(ParentRunner.java:63)
	at org.junit.runners.ParentRunner.runChildren(ParentRunner.java:236)
	at org.junit.runners.ParentRunner.access$000(ParentRunner.java:53)
	at org.junit.runners.ParentRunner$2.evaluate(ParentRunner.java:229)
	at org.junit.internal.runners.statements.RunBefores.evaluate(RunBefores.java:26)
	at org.junit.internal.runners.statements.RunAfters.evaluate(RunAfters.java:27)
	at org.junit.runners.ParentRunner.run(ParentRunner.java:309)
	at org.apache.maven.surefire.junit4.JUnit4Provider.execute(JUnit4Provider.java:365)
	at org.apache.maven.surefire.junit4.JUnit4Provider.executeWithRerun(JUnit4Provider.java:273)
	at org.apache.maven.surefire.junit4.JUnit4Provider.executeTestSet(JUnit4Provider.java:238)
	at org.apache.maven.surefire.junit4.JUnit4Provider.invoke(JUnit4Provider.java:159)
	at org.apache.maven.surefire.booter.ForkedBooter.invokeProviderInSameClassLoader(ForkedBooter.java:384)
	at org.apache.maven.surefire.booter.ForkedBooter.runSuitesInProcess(ForkedBooter.java:345)
	at org.apache.maven.surefire.booter.ForkedBooter.execute(ForkedBooter.java:126)
	at org.apache.maven.surefire.booter.ForkedBooter.main(ForkedBooter.java:418)
</failure>
    <system-out><![CDATA[2020-05-27 19:49:40,723 [main] WARN  server.ServerUtils (ServerUtils.java:getScmDbDir(148)) - ozone.scm.db.dirs is not configured. We recommend adding this setting. Falling back to ozone.metadata.dirs instead.
2020-05-27 19:49:40,834 [main] WARN  server.ServerUtils (ServerUtils.java:getScmDbDir(148)) - ozone.scm.db.dirs is not configured. We recommend adding this setting. Falling back to ozone.metadata.dirs instead.
2020-05-27 19:49:40,971 [main] WARN  db.DBStoreBuilder (DBStoreBuilder.java:createDBStoreBuilder(277)) - ozone.scm.db.dirs is not configured. We recommend adding this setting. Falling back to ozone.metadata.dirs instead.
2020-05-27 19:49:41,129 [main] INFO  net.NodeSchemaLoader (NodeSchemaLoader.java:loadSchemaFromFile(126)) - Loading file from sun.misc.CompoundEnumeration@3abd581e
2020-05-27 19:49:41,131 [main] INFO  net.NodeSchemaLoader (NodeSchemaLoader.java:loadSchema(172)) - Loading network topology layer schema file
2020-05-27 19:49:41,212 [main] WARN  server.ServerUtils (ServerUtils.java:sanitizeUserArgs(73)) - ozone.scm.stale.node.interval value = 300000 is larger than max = 100000 based on the key value of ozone.scm.heartbeat.thread.interval, reset to the max value 100000.
2020-05-27 19:49:41,213 [main] WARN  server.ServerUtils (ServerUtils.java:sanitizeUserArgs(73)) - ozone.scm.stale.node.interval value = 300000 is larger than max = 100000 based on the key value of ozone.scm.heartbeat.thread.interval, reset to the max value 100000.
2020-05-27 19:49:41,217 [main] INFO  node.SCMNodeManager (SCMNodeManager.java:<init>(116)) - Entering startup safe mode.
2020-05-27 19:49:41,332 [main] INFO  algorithms.ContainerPlacementPolicyFactory (ContainerPlacementPolicyFactory.java:getPolicy(60)) - Create container placement policy of type org.apache.hadoop.hdds.scm.container.placement.algorithms.SCMContainerPlacementRandom
2020-05-27 19:49:41,359 [main] INFO  pipeline.SCMPipelineManager (SCMPipelineManager.java:initializePipelineState(158)) - No pipeline exists in current db
2020-05-27 19:49:41,436 [main] INFO  safemode.HealthyPipelineSafeModeRule (HealthyPipelineSafeModeRule.java:<init>(89)) - Total pipeline count is 0, healthy pipeline threshold count is 0
2020-05-27 19:49:41,439 [main] INFO  safemode.OneReplicaPipelineSafeModeRule (OneReplicaPipelineSafeModeRule.java:<init>(79)) - Total pipeline count is 0, pipeline's with at least one datanode reported threshold count is 0
2020-05-27 19:49:41,484 [RatisPipelineUtilsThread] ERROR pipeline.SCMPipelineManager (SCMPipelineManager.java:createPipeline(222)) - Failed to create pipeline of type RATIS and factor ONE. Exception: Cannot create pipeline of factor 1 using 0 nodes. Used 0 nodes. Healthy nodes 0
2020-05-27 19:49:41,885 [main] INFO  ipc.CallQueueManager (CallQueueManager.java:<init>(84)) - Using callQueue: class java.util.concurrent.LinkedBlockingQueue, queueCapacity: 2000, scheduler: class org.apache.hadoop.ipc.DefaultRpcScheduler, ipcBackoff: false.
2020-05-27 19:49:41,912 [Socket Reader #1 for port 0] INFO  ipc.Server (Server.java:run(1219)) - Starting Socket Reader #1 for port 0
2020-05-27 19:49:41,951 [Listener at 0.0.0.0/42287] INFO  ipc.CallQueueManager (CallQueueManager.java:<init>(84)) - Using callQueue: class java.util.concurrent.LinkedBlockingQueue, queueCapacity: 2000, scheduler: class org.apache.hadoop.ipc.DefaultRpcScheduler, ipcBackoff: false.
2020-05-27 19:49:41,952 [Socket Reader #1 for port 0] INFO  ipc.Server (Server.java:run(1219)) - Starting Socket Reader #1 for port 0
2020-05-27 19:49:41,966 [Listener at 0.0.0.0/34569] INFO  ipc.CallQueueManager (CallQueueManager.java:<init>(84)) - Using callQueue: class java.util.concurrent.LinkedBlockingQueue, queueCapacity: 2000, scheduler: class org.apache.hadoop.ipc.DefaultRpcScheduler, ipcBackoff: false.
2020-05-27 19:49:41,967 [Socket Reader #1 for port 0] INFO  ipc.Server (Server.java:run(1219)) - Starting Socket Reader #1 for port 0
2020-05-27 19:49:41,986 [Listener at 0.0.0.0/38855] INFO  http.BaseHttpServer (BaseHttpServer.java:newHttpServer2BuilderForOzone(205)) - Starting Web-server for scm at: http://0.0.0.0:0
2020-05-27 19:49:41,986 [Listener at 0.0.0.0/38855] INFO  http.BaseHttpServer (BaseHttpServer.java:<init>(106)) - Hadoop Security Enabled: false Ozone Security Enabled: false Ozone HTTP Security Enabled: false 
2020-05-27 19:49:42,012 [Listener at 0.0.0.0/38855] INFO  util.log (Log.java:initialized(169)) - Logging initialized @2475ms to org.eclipse.jetty.util.log.Slf4jLog
2020-05-27 19:49:42,141 [Listener at 0.0.0.0/38855] INFO  server.AuthenticationFilter (AuthenticationFilter.java:constructSecretProvider(240)) - Unable to initialize FileSignerSecretProvider, falling back to use random secrets.
2020-05-27 19:49:42,155 [Listener at 0.0.0.0/38855] WARN  http.HttpRequestLog (HttpRequestLog.java:getRequestLog(103)) - Jetty request log can only be enabled using Log4j
2020-05-27 19:49:42,160 [Listener at 0.0.0.0/38855] INFO  http.HttpServer2 (HttpServer2.java:addGlobalFilter(993)) - Added global filter 'safety' (class=org.apache.hadoop.hdds.server.http.HttpServer2$QuotingInputFilter)
2020-05-27 19:49:42,161 [Listener at 0.0.0.0/38855] INFO  http.HttpServer2 (HttpServer2.java:addFilter(969)) - Added filter authentication (class=org.apache.hadoop.security.authentication.server.AuthenticationFilter) to context scm
2020-05-27 19:49:42,162 [Listener at 0.0.0.0/38855] INFO  http.HttpServer2 (HttpServer2.java:addFilter(977)) - Added filter authentication (class=org.apache.hadoop.security.authentication.server.AuthenticationFilter) to context logs
2020-05-27 19:49:42,162 [Listener at 0.0.0.0/38855] INFO  http.HttpServer2 (HttpServer2.java:addFilter(977)) - Added filter authentication (class=org.apache.hadoop.security.authentication.server.AuthenticationFilter) to context static
2020-05-27 19:49:42,210 [Listener at 0.0.0.0/38855] INFO  server.StorageContainerManager (StorageContainerManager.java:start(781)) - StorageContainerLocationProtocol RPC server is listening at /0.0.0.0:38855
2020-05-27 19:49:42,269 [Listener at 0.0.0.0/38855] WARN  impl.MetricsConfig (MetricsConfig.java:loadFirst(134)) - Cannot locate configuration: tried hadoop-metrics2-storagecontainermanager.properties,hadoop-metrics2.properties
2020-05-27 19:49:42,281 [Listener at 0.0.0.0/38855] INFO  impl.MetricsSystemImpl (MetricsSystemImpl.java:startTimer(374)) - Scheduled Metric snapshot period at 10 second(s).
2020-05-27 19:49:42,281 [Listener at 0.0.0.0/38855] INFO  impl.MetricsSystemImpl (MetricsSystemImpl.java:start(191)) - StorageContainerManager metrics system started
2020-05-27 19:49:42,545 [Listener at 0.0.0.0/38855] INFO  server.SCMClientProtocolServer (SCMClientProtocolServer.java:start(157)) - RPC server for Client  is listening at /0.0.0.0:38855
2020-05-27 19:49:42,547 [IPC Server Responder] INFO  ipc.Server (Server.java:run(1460)) - IPC Server Responder: starting
2020-05-27 19:49:42,548 [IPC Server listener on 0] INFO  ipc.Server (Server.java:run(1298)) - IPC Server listener on 0: starting
2020-05-27 19:49:42,554 [Listener at 0.0.0.0/38855] INFO  server.StorageContainerManager (StorageContainerManager.java:start(793)) - ScmBlockLocationProtocol RPC server is listening at /0.0.0.0:34569
2020-05-27 19:49:42,555 [Listener at 0.0.0.0/38855] INFO  server.SCMBlockProtocolServer (SCMBlockProtocolServer.java:start(149)) - RPC server for Block Protocol is listening at /0.0.0.0:34569
2020-05-27 19:49:42,556 [IPC Server Responder] INFO  ipc.Server (Server.java:run(1460)) - IPC Server Responder: starting
2020-05-27 19:49:42,556 [IPC Server listener on 0] INFO  ipc.Server (Server.java:run(1298)) - IPC Server listener on 0: starting
2020-05-27 19:49:42,560 [Listener at 0.0.0.0/38855] INFO  server.StorageContainerManager (StorageContainerManager.java:start(799)) - ScmDatanodeProtocl RPC server is listening at /0.0.0.0:42287
2020-05-27 19:49:42,560 [Listener at 0.0.0.0/38855] INFO  server.SCMDatanodeProtocolServer (SCMDatanodeProtocolServer.java:start(172)) - RPC server for DataNodes is listening at /0.0.0.0:42287
2020-05-27 19:49:42,561 [IPC Server Responder] INFO  ipc.Server (Server.java:run(1460)) - IPC Server Responder: starting
2020-05-27 19:49:42,562 [IPC Server listener on 0] INFO  ipc.Server (Server.java:run(1298)) - IPC Server listener on 0: starting
2020-05-27 19:49:42,567 [Listener at 0.0.0.0/38855] INFO  http.HttpServer2 (HttpServer2.java:bindListener(1211)) - Jetty bound to port 34089
2020-05-27 19:49:42,569 [Listener at 0.0.0.0/38855] INFO  server.Server (Server.java:doStart(359)) - jetty-9.4.26.v20200117; built: 2020-01-17T12:35:33.676Z; git: 7b38981d25d14afb4a12ff1f2596756144edf695; jvm 1.8.0_232-b09
2020-05-27 19:49:42,609 [Listener at 0.0.0.0/38855] INFO  server.session (DefaultSessionIdManager.java:doStart(333)) - DefaultSessionIdManager workerName=node0
2020-05-27 19:49:42,609 [Listener at 0.0.0.0/38855] INFO  server.session (DefaultSessionIdManager.java:doStart(338)) - No SessionScavenger set, using defaults
2020-05-27 19:49:42,611 [Listener at 0.0.0.0/38855] INFO  server.session (HouseKeeper.java:startScavenging(140)) - node0 Scavenging every 660000ms
2020-05-27 19:49:42,627 [Listener at 0.0.0.0/38855] INFO  server.AuthenticationFilter (AuthenticationFilter.java:constructSecretProvider(240)) - Unable to initialize FileSignerSecretProvider, falling back to use random secrets.
2020-05-27 19:49:42,638 [Listener at 0.0.0.0/38855] INFO  handler.ContextHandler (ContextHandler.java:doStart(825)) - Started o.e.j.s.ServletContextHandler@45292ec1{logs,/logs,file:///github/workspace/mnt/ozone/hadoop-ozone/integration-test/target/log,AVAILABLE}
2020-05-27 19:49:42,639 [Listener at 0.0.0.0/38855] INFO  handler.ContextHandler (ContextHandler.java:doStart(825)) - Started o.e.j.s.ServletContextHandler@322204dc{static,/static,file:///github/workspace/mnt/ozone/hadoop-ozone/integration-test/target/test-classes/webapps/static,AVAILABLE}
2020-05-27 19:49:42,681 [Listener at 0.0.0.0/38855] INFO  handler.ContextHandler (ContextHandler.java:doStart(825)) - Started o.e.j.w.WebAppContext@2365ea38{scm,/,file:///github/workspace/mnt/ozone/hadoop-ozone/integration-test/target/test-classes/webapps/scm/,AVAILABLE}{file:/github/workspace/mnt/ozone/hadoop-ozone/integration-test/target/test-classes/webapps/scm}
2020-05-27 19:49:42,689 [Listener at 0.0.0.0/38855] INFO  server.AbstractConnector (AbstractConnector.java:doStart(330)) - Started ServerConnector@2d258eff{HTTP/1.1,[http/1.1]}{0.0.0.0:34089}
2020-05-27 19:49:42,690 [Listener at 0.0.0.0/38855] INFO  server.Server (Server.java:doStart(399)) - Started @3153ms
2020-05-27 19:49:42,692 [Listener at 0.0.0.0/38855] INFO  impl.MetricsSinkAdapter (MetricsSinkAdapter.java:start(204)) - Sink prometheus started
2020-05-27 19:49:42,692 [Listener at 0.0.0.0/38855] INFO  impl.MetricsSystemImpl (MetricsSystemImpl.java:registerSink(301)) - Registered sink prometheus
2020-05-27 19:49:42,696 [Listener at 0.0.0.0/38855] INFO  http.BaseHttpServer (BaseHttpServer.java:updateConnectorAddress(325)) - HTTP server of scm listening at http://0.0.0.0:34089
2020-05-27 19:49:42,704 [Listener at 0.0.0.0/38855] WARN  server.ServerUtils (ServerUtils.java:getDBPath(225)) - ozone.om.db.dirs is not configured. We recommend adding this setting. Falling back to ozone.metadata.dirs instead.
2020-05-27 19:49:42,712 [org.apache.hadoop.util.JvmPauseMonitor$Monitor@2d206a71] INFO  util.JvmPauseMonitor (JvmPauseMonitor.java:run(188)) - Starting JVM pause monitor
2020-05-27 19:49:42,795 [Listener at 0.0.0.0/38855] INFO  ha.OMHANodeDetails (OMHANodeDetails.java:loadOMHAConfig(104)) - ozone.om.internal.service.id is not defined, falling back to ozone.om.service.ids to find serviceID for OzoneManager if it is HA enabled cluster
2020-05-27 19:49:42,798 [Listener at 0.0.0.0/38855] INFO  ha.OMHANodeDetails (OMHANodeDetails.java:loadOMHAConfig(207)) - Configuration either no ozone.om.address set. Falling back to the default OM address /127.0.0.1:0
2020-05-27 19:49:42,798 [Listener at 0.0.0.0/38855] INFO  ha.OMHANodeDetails (OMHANodeDetails.java:getOMNodeDetails(237)) - OM Service ID is not set. Setting it to the default ID: omServiceIdDefault
2020-05-27 19:49:42,800 [Listener at 0.0.0.0/38855] WARN  server.ServerUtils (ServerUtils.java:getDBPath(225)) - ozone.om.db.dirs is not configured. We recommend adding this setting. Falling back to ozone.metadata.dirs instead.
2020-05-27 19:49:42,800 [Listener at 0.0.0.0/38855] WARN  server.ServerUtils (ServerUtils.java:getDBPath(225)) - ozone.om.db.dirs is not configured. We recommend adding this setting. Falling back to ozone.metadata.dirs instead.
2020-05-27 19:49:43,543 [Listener at 0.0.0.0/38855] WARN  server.ServerUtils (ServerUtils.java:getDBPath(225)) - ozone.om.db.dirs is not configured. We recommend adding this setting. Falling back to ozone.metadata.dirs instead.
2020-05-27 19:49:43,689 [Listener at 0.0.0.0/38855] INFO  ipc.CallQueueManager (CallQueueManager.java:<init>(84)) - Using callQueue: class java.util.concurrent.LinkedBlockingQueue, queueCapacity: 2000, scheduler: class org.apache.hadoop.ipc.DefaultRpcScheduler, ipcBackoff: false.
2020-05-27 19:49:43,692 [Socket Reader #1 for port 0] INFO  ipc.Server (Server.java:run(1219)) - Starting Socket Reader #1 for port 0
2020-05-27 19:49:43,723 [Listener at 127.0.0.1/39857] INFO  impl.MetricsSystemImpl (MetricsSystemImpl.java:init(158)) - OzoneManager metrics system started (again)
2020-05-27 19:49:43,726 [Listener at 127.0.0.1/39857] INFO  om.OzoneManager (OzoneManager.java:start(1097)) - OzoneManager RPC server is listening at localhost/127.0.0.1:39857
2020-05-27 19:49:43,746 [IPC Server Responder] INFO  ipc.Server (Server.java:run(1460)) - IPC Server Responder: starting
2020-05-27 19:49:43,746 [IPC Server listener on 0] INFO  ipc.Server (Server.java:run(1298)) - IPC Server listener on 0: starting
2020-05-27 19:49:43,756 [Listener at 127.0.0.1/39857] INFO  http.BaseHttpServer (BaseHttpServer.java:newHttpServer2BuilderForOzone(205)) - Starting Web-server for ozoneManager at: http://0.0.0.0:0
2020-05-27 19:49:43,757 [Listener at 127.0.0.1/39857] INFO  http.BaseHttpServer (BaseHttpServer.java:<init>(106)) - Hadoop Security Enabled: false Ozone Security Enabled: false Ozone HTTP Security Enabled: false 
2020-05-27 19:49:43,758 [Listener at 127.0.0.1/39857] INFO  server.AuthenticationFilter (AuthenticationFilter.java:constructSecretProvider(240)) - Unable to initialize FileSignerSecretProvider, falling back to use random secrets.
2020-05-27 19:49:43,759 [Listener at 127.0.0.1/39857] WARN  http.HttpRequestLog (HttpRequestLog.java:getRequestLog(103)) - Jetty request log can only be enabled using Log4j
2020-05-27 19:49:43,760 [Listener at 127.0.0.1/39857] INFO  http.HttpServer2 (HttpServer2.java:addGlobalFilter(993)) - Added global filter 'safety' (class=org.apache.hadoop.hdds.server.http.HttpServer2$QuotingInputFilter)
2020-05-27 19:49:43,761 [Listener at 127.0.0.1/39857] INFO  http.HttpServer2 (HttpServer2.java:addFilter(969)) - Added filter authentication (class=org.apache.hadoop.security.authentication.server.AuthenticationFilter) to context ozoneManager
2020-05-27 19:49:43,761 [Listener at 127.0.0.1/39857] INFO  http.HttpServer2 (HttpServer2.java:addFilter(977)) - Added filter authentication (class=org.apache.hadoop.security.authentication.server.AuthenticationFilter) to context logs
2020-05-27 19:49:43,762 [Listener at 127.0.0.1/39857] INFO  http.HttpServer2 (HttpServer2.java:addFilter(977)) - Added filter authentication (class=org.apache.hadoop.security.authentication.server.AuthenticationFilter) to context static
2020-05-27 19:49:43,764 [Listener at 127.0.0.1/39857] INFO  http.HttpServer2 (HttpServer2.java:bindListener(1211)) - Jetty bound to port 43147
2020-05-27 19:49:43,765 [Listener at 127.0.0.1/39857] INFO  server.Server (Server.java:doStart(359)) - jetty-9.4.26.v20200117; built: 2020-01-17T12:35:33.676Z; git: 7b38981d25d14afb4a12ff1f2596756144edf695; jvm 1.8.0_232-b09
2020-05-27 19:49:43,767 [Listener at 127.0.0.1/39857] INFO  server.session (DefaultSessionIdManager.java:doStart(333)) - DefaultSessionIdManager workerName=node0
2020-05-27 19:49:43,768 [Listener at 127.0.0.1/39857] INFO  server.session (DefaultSessionIdManager.java:doStart(338)) - No SessionScavenger set, using defaults
2020-05-27 19:49:43,768 [Listener at 127.0.0.1/39857] INFO  server.session (HouseKeeper.java:startScavenging(140)) - node0 Scavenging every 660000ms
2020-05-27 19:49:43,769 [Listener at 127.0.0.1/39857] INFO  server.AuthenticationFilter (AuthenticationFilter.java:constructSecretProvider(240)) - Unable to initialize FileSignerSecretProvider, falling back to use random secrets.
2020-05-27 19:49:43,770 [Listener at 127.0.0.1/39857] INFO  handler.ContextHandler (ContextHandler.java:doStart(825)) - Started o.e.j.s.ServletContextHandler@682d9f21{logs,/logs,file:///github/workspace/mnt/ozone/hadoop-ozone/integration-test/target/log,AVAILABLE}
2020-05-27 19:49:43,770 [Listener at 127.0.0.1/39857] INFO  handler.ContextHandler (ContextHandler.java:doStart(825)) - Started o.e.j.s.ServletContextHandler@6eadd342{static,/static,file:///github/workspace/mnt/ozone/hadoop-ozone/integration-test/target/test-classes/webapps/static,AVAILABLE}
2020-05-27 19:49:43,775 [Listener at 127.0.0.1/39857] INFO  handler.ContextHandler (ContextHandler.java:doStart(825)) - Started o.e.j.w.WebAppContext@250e8712{ozoneManager,/,file:///github/workspace/mnt/ozone/hadoop-ozone/integration-test/target/test-classes/webapps/ozoneManager/,AVAILABLE}{file:/github/workspace/mnt/ozone/hadoop-ozone/integration-test/target/test-classes/webapps/ozoneManager}
2020-05-27 19:49:43,777 [Listener at 127.0.0.1/39857] INFO  server.AbstractConnector (AbstractConnector.java:doStart(330)) - Started ServerConnector@3921e96f{HTTP/1.1,[http/1.1]}{0.0.0.0:43147}
2020-05-27 19:49:43,777 [Listener at 127.0.0.1/39857] INFO  server.Server (Server.java:doStart(399)) - Started @4241ms
2020-05-27 19:49:43,778 [Listener at 127.0.0.1/39857] WARN  impl.MetricsSystemImpl (MetricsSystemImpl.java:register(276)) - Sink prometheus already exists!
2020-05-27 19:49:43,780 [Listener at 127.0.0.1/39857] INFO  http.BaseHttpServer (BaseHttpServer.java:updateConnectorAddress(325)) - HTTP server of ozoneManager listening at http://0.0.0.0:43147
2020-05-27 19:49:43,792 [org.apache.hadoop.util.JvmPauseMonitor$Monitor@43ca96a0] INFO  util.JvmPauseMonitor (JvmPauseMonitor.java:run(188)) - Starting JVM pause monitor
2020-05-27 19:49:43,943 [Listener at 127.0.0.1/39857] INFO  metrics.MetricRegistries (MetricRegistriesLoader.java:load(64)) - Loaded MetricRegistries class org.apache.ratis.metrics.impl.MetricRegistriesImpl
2020-05-27 19:49:43,947 [Listener at 127.0.0.1/39857] INFO  impl.MetricsSystemImpl (MetricsSystemImpl.java:init(158)) - HddsDatanode metrics system started (again)
2020-05-27 19:49:43,953 [Listener at 127.0.0.1/39857] INFO  ozone.HddsDatanodeService (HddsDatanodeService.java:start(204)) - HddsDatanodeService host:d78c3f676a41 ip:172.17.0.2
2020-05-27 19:49:44,024 [Listener at 127.0.0.1/39857] INFO  volume.HddsVolume (HddsVolume.java:<init>(176)) - Creating Volume: /github/workspace/mnt/ozone/hadoop-ozone/integration-test/target/test-dir/MiniOzoneClusterImpl-087f03cc-a5a8-466d-ba79-9ca00bc8af49/datanode-0/data-0/containers/hdds of storage type : DISK and capacity : 9223372036854775807
2020-05-27 19:49:44,026 [Listener at 127.0.0.1/39857] INFO  volume.MutableVolumeSet (MutableVolumeSet.java:initializeVolumeSet(181)) - Added Volume : /github/workspace/mnt/ozone/hadoop-ozone/integration-test/target/test-dir/MiniOzoneClusterImpl-087f03cc-a5a8-466d-ba79-9ca00bc8af49/datanode-0/data-0/containers/hdds to VolumeSet
2020-05-27 19:49:44,027 [Listener at 127.0.0.1/39857] INFO  volume.ThrottledAsyncChecker (ThrottledAsyncChecker.java:schedule(141)) - Scheduling a check for /github/workspace/mnt/ozone/hadoop-ozone/integration-test/target/test-dir/MiniOzoneClusterImpl-087f03cc-a5a8-466d-ba79-9ca00bc8af49/datanode-0/data-0/containers/hdds
2020-05-27 19:49:44,047 [Listener at 127.0.0.1/39857] INFO  volume.HddsVolumeChecker (HddsVolumeChecker.java:checkAllVolumes(200)) - Scheduled health check for volume /github/workspace/mnt/ozone/hadoop-ozone/integration-test/target/test-dir/MiniOzoneClusterImpl-087f03cc-a5a8-466d-ba79-9ca00bc8af49/datanode-0/data-0/containers/hdds
2020-05-27 19:49:44,194 [Listener at 127.0.0.1/39857] INFO  impl.RaftServerProxy (ConfUtils.java:logGet(44)) - raft.rpc.type = GRPC (default)
2020-05-27 19:49:44,265 [Listener at 127.0.0.1/39857] INFO  grpc.GrpcFactory (GrpcFactory.java:checkPooledByteBufAllocatorUseCacheForAllThreads(45)) - PERFORMANCE WARNING: useCacheForAllThreads is true that may cause Netty to create a lot garbage objects and, as a result, trigger GC.
	It is recommended to disable useCacheForAllThreads by setting -Dorg.apache.ratis.thirdparty.io.netty.allocator.useCacheForAllThreads=false in command line.
2020-05-27 19:49:44,269 [Listener at 127.0.0.1/39857] INFO  grpc.GrpcConfigKeys (ConfUtils.java:logGet(44)) - raft.grpc.server.port = 0 (default)
2020-05-27 19:49:44,270 [Listener at 127.0.0.1/39857] INFO  server.GrpcService (ConfUtils.java:logGet(44)) - raft.grpc.message.size.max = 32MB (=33554432) (custom)
2020-05-27 19:49:44,271 [Listener at 127.0.0.1/39857] INFO  server.RaftServerConfigKeys (ConfUtils.java:logGet(44)) - raft.server.log.appender.buffer.byte-limit = 33554432 (custom)
2020-05-27 19:49:44,271 [Listener at 127.0.0.1/39857] INFO  server.GrpcService (ConfUtils.java:logGet(44)) - raft.grpc.flow.control.window = 5MB (=5242880) (custom)
2020-05-27 19:49:44,272 [Listener at 127.0.0.1/39857] INFO  server.RaftServerConfigKeys (ConfUtils.java:logGet(44)) - raft.server.rpc.request.timeout = 60s (custom)
2020-05-27 19:49:44,457 [Listener at 127.0.0.1/39857] INFO  server.RaftServerConfigKeys (ConfUtils.java:logGet(44)) - raft.server.storage.dir = [/github/workspace/mnt/ozone/hadoop-ozone/integration-test/target/test-dir/MiniOzoneClusterImpl-087f03cc-a5a8-466d-ba79-9ca00bc8af49/datanode-0/data/ratis] (custom)
2020-05-27 19:49:44,540 [Listener at 127.0.0.1/39857] INFO  http.BaseHttpServer (BaseHttpServer.java:newHttpServer2BuilderForOzone(205)) - Starting Web-server for hddsDatanode at: http://0.0.0.0:0
2020-05-27 19:49:44,540 [Listener at 127.0.0.1/39857] INFO  http.BaseHttpServer (BaseHttpServer.java:<init>(106)) - Hadoop Security Enabled: false Ozone Security Enabled: false Ozone HTTP Security Enabled: false 
2020-05-27 19:49:44,542 [Listener at 127.0.0.1/39857] INFO  server.AuthenticationFilter (AuthenticationFilter.java:constructSecretProvider(240)) - Unable to initialize FileSignerSecretProvider, falling back to use random secrets.
2020-05-27 19:49:44,542 [Listener at 127.0.0.1/39857] WARN  http.HttpRequestLog (HttpRequestLog.java:getRequestLog(103)) - Jetty request log can only be enabled using Log4j
2020-05-27 19:49:44,543 [Listener at 127.0.0.1/39857] INFO  http.HttpServer2 (HttpServer2.java:addGlobalFilter(993)) - Added global filter 'safety' (class=org.apache.hadoop.hdds.server.http.HttpServer2$QuotingInputFilter)
2020-05-27 19:49:44,544 [Listener at 127.0.0.1/39857] INFO  http.HttpServer2 (HttpServer2.java:addFilter(969)) - Added filter authentication (class=org.apache.hadoop.security.authentication.server.AuthenticationFilter) to context hddsDatanode
2020-05-27 19:49:44,544 [Listener at 127.0.0.1/39857] INFO  http.HttpServer2 (HttpServer2.java:addFilter(977)) - Added filter authentication (class=org.apache.hadoop.security.authentication.server.AuthenticationFilter) to context static
2020-05-27 19:49:44,544 [Listener at 127.0.0.1/39857] INFO  http.HttpServer2 (HttpServer2.java:addFilter(977)) - Added filter authentication (class=org.apache.hadoop.security.authentication.server.AuthenticationFilter) to context logs
2020-05-27 19:49:44,545 [Listener at 127.0.0.1/39857] INFO  http.HttpServer2 (HttpServer2.java:bindListener(1211)) - Jetty bound to port 45539
2020-05-27 19:49:44,545 [Listener at 127.0.0.1/39857] INFO  server.Server (Server.java:doStart(359)) - jetty-9.4.26.v20200117; built: 2020-01-17T12:35:33.676Z; git: 7b38981d25d14afb4a12ff1f2596756144edf695; jvm 1.8.0_232-b09
2020-05-27 19:49:44,547 [Listener at 127.0.0.1/39857] INFO  server.session (DefaultSessionIdManager.java:doStart(333)) - DefaultSessionIdManager workerName=node0
2020-05-27 19:49:44,547 [Listener at 127.0.0.1/39857] INFO  server.session (DefaultSessionIdManager.java:doStart(338)) - No SessionScavenger set, using defaults
2020-05-27 19:49:44,548 [Listener at 127.0.0.1/39857] INFO  server.session (HouseKeeper.java:startScavenging(140)) - node0 Scavenging every 660000ms
2020-05-27 19:49:44,551 [Listener at 127.0.0.1/39857] INFO  server.AuthenticationFilter (AuthenticationFilter.java:constructSecretProvider(240)) - Unable to initialize FileSignerSecretProvider, falling back to use random secrets.
2020-05-27 19:49:44,551 [Listener at 127.0.0.1/39857] INFO  handler.ContextHandler (ContextHandler.java:doStart(825)) - Started o.e.j.s.ServletContextHandler@14ecd835{logs,/logs,file:///github/workspace/mnt/ozone/hadoop-ozone/integration-test/target/log,AVAILABLE}
2020-05-27 19:49:44,552 [Listener at 127.0.0.1/39857] INFO  handler.ContextHandler (ContextHandler.java:doStart(825)) - Started o.e.j.s.ServletContextHandler@1eeb9e5c{static,/static,jar:file:/home/user/.m2/repository/org/apache/hadoop/hadoop-hdds-container-service/0.6.0-SNAPSHOT/hadoop-hdds-container-service-0.6.0-SNAPSHOT.jar!/webapps/static,AVAILABLE}
2020-05-27 19:49:44,619 [Listener at 127.0.0.1/39857] INFO  handler.ContextHandler (ContextHandler.java:doStart(825)) - Started o.e.j.w.WebAppContext@7b23aea2{hddsDatanode,/,file:///tmp/jetty-0_0_0_0-45539-hadoop-hdds-container-service-0_6_0-SNAPSHOT_jar-_-any-7809479386904060270.dir/webapp/,AVAILABLE}{jar:file:/home/user/.m2/repository/org/apache/hadoop/hadoop-hdds-container-service/0.6.0-SNAPSHOT/hadoop-hdds-container-service-0.6.0-SNAPSHOT.jar!/webapps/hddsDatanode}
2020-05-27 19:49:44,622 [Listener at 127.0.0.1/39857] INFO  server.AbstractConnector (AbstractConnector.java:doStart(330)) - Started ServerConnector@26edfa34{HTTP/1.1,[http/1.1]}{0.0.0.0:45539}
2020-05-27 19:49:44,622 [Listener at 127.0.0.1/39857] INFO  server.Server (Server.java:doStart(399)) - Started @5085ms
2020-05-27 19:49:44,622 [Listener at 127.0.0.1/39857] WARN  impl.MetricsSystemImpl (MetricsSystemImpl.java:register(276)) - Sink prometheus already exists!
2020-05-27 19:49:44,626 [Listener at 127.0.0.1/39857] INFO  http.BaseHttpServer (BaseHttpServer.java:updateConnectorAddress(325)) - HTTP server of hddsDatanode listening at http://0.0.0.0:45539
2020-05-27 19:49:44,628 [Listener at 127.0.0.1/39857] INFO  impl.MetricsSystemImpl (MetricsSystemImpl.java:init(158)) - HddsDatanode metrics system started (again)
2020-05-27 19:49:44,629 [Listener at 127.0.0.1/39857] INFO  ozone.HddsDatanodeService (HddsDatanodeService.java:start(204)) - HddsDatanodeService host:d78c3f676a41 ip:172.17.0.2
2020-05-27 19:49:44,636 [Listener at 127.0.0.1/39857] INFO  volume.HddsVolume (HddsVolume.java:<init>(176)) - Creating Volume: /github/workspace/mnt/ozone/hadoop-ozone/integration-test/target/test-dir/MiniOzoneClusterImpl-087f03cc-a5a8-466d-ba79-9ca00bc8af49/datanode-1/data-0/containers/hdds of storage type : DISK and capacity : 9223372036854775807
2020-05-27 19:49:44,636 [Listener at 127.0.0.1/39857] INFO  volume.MutableVolumeSet (MutableVolumeSet.java:initializeVolumeSet(181)) - Added Volume : /github/workspace/mnt/ozone/hadoop-ozone/integration-test/target/test-dir/MiniOzoneClusterImpl-087f03cc-a5a8-466d-ba79-9ca00bc8af49/datanode-1/data-0/containers/hdds to VolumeSet
2020-05-27 19:49:44,637 [Listener at 127.0.0.1/39857] INFO  volume.ThrottledAsyncChecker (ThrottledAsyncChecker.java:schedule(141)) - Scheduling a check for /github/workspace/mnt/ozone/hadoop-ozone/integration-test/target/test-dir/MiniOzoneClusterImpl-087f03cc-a5a8-466d-ba79-9ca00bc8af49/datanode-1/data-0/containers/hdds
2020-05-27 19:49:44,637 [Listener at 127.0.0.1/39857] INFO  volume.HddsVolumeChecker (HddsVolumeChecker.java:checkAllVolumes(200)) - Scheduled health check for volume /github/workspace/mnt/ozone/hadoop-ozone/integration-test/target/test-dir/MiniOzoneClusterImpl-087f03cc-a5a8-466d-ba79-9ca00bc8af49/datanode-1/data-0/containers/hdds
2020-05-27 19:49:44,659 [Listener at 127.0.0.1/39857] INFO  impl.RaftServerProxy (ConfUtils.java:logGet(44)) - raft.rpc.type = GRPC (default)
2020-05-27 19:49:44,660 [Listener at 127.0.0.1/39857] INFO  grpc.GrpcFactory (GrpcFactory.java:checkPooledByteBufAllocatorUseCacheForAllThreads(45)) - PERFORMANCE WARNING: useCacheForAllThreads is true that may cause Netty to create a lot garbage objects and, as a result, trigger GC.
	It is recommended to disable useCacheForAllThreads by setting -Dorg.apache.ratis.thirdparty.io.netty.allocator.useCacheForAllThreads=false in command line.
2020-05-27 19:49:44,660 [Listener at 127.0.0.1/39857] INFO  grpc.GrpcConfigKeys (ConfUtils.java:logGet(44)) - raft.grpc.server.port = 0 (default)
2020-05-27 19:49:44,660 [Listener at 127.0.0.1/39857] INFO  server.GrpcService (ConfUtils.java:logGet(44)) - raft.grpc.message.size.max = 32MB (=33554432) (custom)
2020-05-27 19:49:44,660 [Listener at 127.0.0.1/39857] INFO  server.RaftServerConfigKeys (ConfUtils.java:logGet(44)) - raft.server.log.appender.buffer.byte-limit = 33554432 (custom)
2020-05-27 19:49:44,661 [Listener at 127.0.0.1/39857] INFO  server.GrpcService (ConfUtils.java:logGet(44)) - raft.grpc.flow.control.window = 5MB (=5242880) (custom)
2020-05-27 19:49:44,661 [Listener at 127.0.0.1/39857] INFO  server.RaftServerConfigKeys (ConfUtils.java:logGet(44)) - raft.server.rpc.request.timeout = 60s (custom)
2020-05-27 19:49:44,662 [Listener at 127.0.0.1/39857] INFO  server.RaftServerConfigKeys (ConfUtils.java:logGet(44)) - raft.server.storage.dir = [/github/workspace/mnt/ozone/hadoop-ozone/integration-test/target/test-dir/MiniOzoneClusterImpl-087f03cc-a5a8-466d-ba79-9ca00bc8af49/datanode-1/data/ratis] (custom)
2020-05-27 19:49:44,667 [org.apache.hadoop.util.JvmPauseMonitor$Monitor@3059fe75] INFO  util.JvmPauseMonitor (JvmPauseMonitor.java:run(188)) - Starting JVM pause monitor
2020-05-27 19:49:44,668 [Listener at 127.0.0.1/39857] INFO  http.BaseHttpServer (BaseHttpServer.java:newHttpServer2BuilderForOzone(205)) - Starting Web-server for hddsDatanode at: http://0.0.0.0:0
2020-05-27 19:49:44,668 [Listener at 127.0.0.1/39857] INFO  http.BaseHttpServer (BaseHttpServer.java:<init>(106)) - Hadoop Security Enabled: false Ozone Security Enabled: false Ozone HTTP Security Enabled: false 
2020-05-27 19:49:44,670 [Listener at 127.0.0.1/39857] INFO  server.AuthenticationFilter (AuthenticationFilter.java:constructSecretProvider(240)) - Unable to initialize FileSignerSecretProvider, falling back to use random secrets.
2020-05-27 19:49:44,675 [Listener at 127.0.0.1/39857] WARN  http.HttpRequestLog (HttpRequestLog.java:getRequestLog(103)) - Jetty request log can only be enabled using Log4j
2020-05-27 19:49:44,676 [Listener at 127.0.0.1/39857] INFO  http.HttpServer2 (HttpServer2.java:addGlobalFilter(993)) - Added global filter 'safety' (class=org.apache.hadoop.hdds.server.http.HttpServer2$QuotingInputFilter)
2020-05-27 19:49:44,677 [Listener at 127.0.0.1/39857] INFO  http.HttpServer2 (HttpServer2.java:addFilter(969)) - Added filter authentication (class=org.apache.hadoop.security.authentication.server.AuthenticationFilter) to context hddsDatanode
2020-05-27 19:49:44,678 [Listener at 127.0.0.1/39857] INFO  http.HttpServer2 (HttpServer2.java:addFilter(977)) - Added filter authentication (class=org.apache.hadoop.security.authentication.server.AuthenticationFilter) to context logs
2020-05-27 19:49:44,678 [Listener at 127.0.0.1/39857] INFO  http.HttpServer2 (HttpServer2.java:addFilter(977)) - Added filter authentication (class=org.apache.hadoop.security.authentication.server.AuthenticationFilter) to context static
2020-05-27 19:49:44,678 [Listener at 127.0.0.1/39857] INFO  http.HttpServer2 (HttpServer2.java:bindListener(1211)) - Jetty bound to port 34867
2020-05-27 19:49:44,679 [Listener at 127.0.0.1/39857] INFO  server.Server (Server.java:doStart(359)) - jetty-9.4.26.v20200117; built: 2020-01-17T12:35:33.676Z; git: 7b38981d25d14afb4a12ff1f2596756144edf695; jvm 1.8.0_232-b09
2020-05-27 19:49:44,735 [Listener at 127.0.0.1/39857] INFO  server.session (DefaultSessionIdManager.java:doStart(333)) - DefaultSessionIdManager workerName=node0
2020-05-27 19:49:44,736 [Listener at 127.0.0.1/39857] INFO  server.session (DefaultSessionIdManager.java:doStart(338)) - No SessionScavenger set, using defaults
2020-05-27 19:49:44,736 [Listener at 127.0.0.1/39857] INFO  server.session (HouseKeeper.java:startScavenging(140)) - node0 Scavenging every 660000ms
2020-05-27 19:49:44,737 [Listener at 127.0.0.1/39857] INFO  server.AuthenticationFilter (AuthenticationFilter.java:constructSecretProvider(240)) - Unable to initialize FileSignerSecretProvider, falling back to use random secrets.
2020-05-27 19:49:44,738 [Listener at 127.0.0.1/39857] INFO  handler.ContextHandler (ContextHandler.java:doStart(825)) - Started o.e.j.s.ServletContextHandler@599cf2cd{logs,/logs,file:///github/workspace/mnt/ozone/hadoop-ozone/integration-test/target/log,AVAILABLE}
2020-05-27 19:49:44,738 [Listener at 127.0.0.1/39857] INFO  handler.ContextHandler (ContextHandler.java:doStart(825)) - Started o.e.j.s.ServletContextHandler@6dd59886{static,/static,jar:file:/home/user/.m2/repository/org/apache/hadoop/hadoop-hdds-container-service/0.6.0-SNAPSHOT/hadoop-hdds-container-service-0.6.0-SNAPSHOT.jar!/webapps/static,AVAILABLE}
2020-05-27 19:49:44,801 [Datanode State Machine Thread - 0] INFO  datanode.InitDatanodeState (InitDatanodeState.java:persistContainerDatanodeDetails(145)) - DatanodeDetails is persisted to /github/workspace/mnt/ozone/hadoop-ozone/integration-test/target/test-dir/MiniOzoneClusterImpl-087f03cc-a5a8-466d-ba79-9ca00bc8af49/datanode-0/meta/datanode.id
2020-05-27 19:49:44,808 [Listener at 127.0.0.1/39857] INFO  handler.ContextHandler (ContextHandler.java:doStart(825)) - Started o.e.j.w.WebAppContext@6a450cb5{hddsDatanode,/,file:///tmp/jetty-0_0_0_0-34867-hadoop-hdds-container-service-0_6_0-SNAPSHOT_jar-_-any-3173133308285908338.dir/webapp/,AVAILABLE}{jar:file:/home/user/.m2/repository/org/apache/hadoop/hadoop-hdds-container-service/0.6.0-SNAPSHOT/hadoop-hdds-container-service-0.6.0-SNAPSHOT.jar!/webapps/hddsDatanode}
2020-05-27 19:49:44,810 [Listener at 127.0.0.1/39857] INFO  server.AbstractConnector (AbstractConnector.java:doStart(330)) - Started ServerConnector@1001b435{HTTP/1.1,[http/1.1]}{0.0.0.0:34867}
2020-05-27 19:49:44,811 [Listener at 127.0.0.1/39857] INFO  server.Server (Server.java:doStart(399)) - Started @5274ms
2020-05-27 19:49:44,811 [Listener at 127.0.0.1/39857] WARN  impl.MetricsSystemImpl (MetricsSystemImpl.java:register(276)) - Sink prometheus already exists!
2020-05-27 19:49:44,814 [Listener at 127.0.0.1/39857] INFO  http.BaseHttpServer (BaseHttpServer.java:updateConnectorAddress(325)) - HTTP server of hddsDatanode listening at http://0.0.0.0:34867
2020-05-27 19:49:44,815 [Listener at 127.0.0.1/39857] INFO  impl.MetricsSystemImpl (MetricsSystemImpl.java:init(158)) - HddsDatanode metrics system started (again)
2020-05-27 19:49:44,816 [Listener at 127.0.0.1/39857] INFO  ozone.HddsDatanodeService (HddsDatanodeService.java:start(204)) - HddsDatanodeService host:d78c3f676a41 ip:172.17.0.2
2020-05-27 19:49:44,818 [Listener at 127.0.0.1/39857] INFO  volume.HddsVolume (HddsVolume.java:<init>(176)) - Creating Volume: /github/workspace/mnt/ozone/hadoop-ozone/integration-test/target/test-dir/MiniOzoneClusterImpl-087f03cc-a5a8-466d-ba79-9ca00bc8af49/datanode-2/data-0/containers/hdds of storage type : DISK and capacity : 9223372036854775807
2020-05-27 19:49:44,818 [Listener at 127.0.0.1/39857] INFO  volume.MutableVolumeSet (MutableVolumeSet.java:initializeVolumeSet(181)) - Added Volume : /github/workspace/mnt/ozone/hadoop-ozone/integration-test/target/test-dir/MiniOzoneClusterImpl-087f03cc-a5a8-466d-ba79-9ca00bc8af49/datanode-2/data-0/containers/hdds to VolumeSet
2020-05-27 19:49:44,818 [Listener at 127.0.0.1/39857] INFO  volume.ThrottledAsyncChecker (ThrottledAsyncChecker.java:schedule(141)) - Scheduling a check for /github/workspace/mnt/ozone/hadoop-ozone/integration-test/target/test-dir/MiniOzoneClusterImpl-087f03cc-a5a8-466d-ba79-9ca00bc8af49/datanode-2/data-0/containers/hdds
2020-05-27 19:49:44,821 [Listener at 127.0.0.1/39857] INFO  volume.HddsVolumeChecker (HddsVolumeChecker.java:checkAllVolumes(200)) - Scheduled health check for volume /github/workspace/mnt/ozone/hadoop-ozone/integration-test/target/test-dir/MiniOzoneClusterImpl-087f03cc-a5a8-466d-ba79-9ca00bc8af49/datanode-2/data-0/containers/hdds
2020-05-27 19:49:44,842 [org.apache.hadoop.util.JvmPauseMonitor$Monitor@6b349a2e] INFO  util.JvmPauseMonitor (JvmPauseMonitor.java:run(188)) - Starting JVM pause monitor
2020-05-27 19:49:44,856 [Listener at 127.0.0.1/39857] INFO  impl.RaftServerProxy (ConfUtils.java:logGet(44)) - raft.rpc.type = GRPC (default)
2020-05-27 19:49:44,856 [Listener at 127.0.0.1/39857] INFO  grpc.GrpcFactory (GrpcFactory.java:checkPooledByteBufAllocatorUseCacheForAllThreads(45)) - PERFORMANCE WARNING: useCacheForAllThreads is true that may cause Netty to create a lot garbage objects and, as a result, trigger GC.
	It is recommended to disable useCacheForAllThreads by setting -Dorg.apache.ratis.thirdparty.io.netty.allocator.useCacheForAllThreads=false in command line.
2020-05-27 19:49:44,857 [Listener at 127.0.0.1/39857] INFO  grpc.GrpcConfigKeys (ConfUtils.java:logGet(44)) - raft.grpc.server.port = 0 (default)
2020-05-27 19:49:44,857 [Listener at 127.0.0.1/39857] INFO  server.GrpcService (ConfUtils.java:logGet(44)) - raft.grpc.message.size.max = 32MB (=33554432) (custom)
2020-05-27 19:49:44,857 [Listener at 127.0.0.1/39857] INFO  server.RaftServerConfigKeys (ConfUtils.java:logGet(44)) - raft.server.log.appender.buffer.byte-limit = 33554432 (custom)
2020-05-27 19:49:44,857 [Listener at 127.0.0.1/39857] INFO  server.GrpcService (ConfUtils.java:logGet(44)) - raft.grpc.flow.control.window = 5MB (=5242880) (custom)
2020-05-27 19:49:44,857 [Listener at 127.0.0.1/39857] INFO  server.RaftServerConfigKeys (ConfUtils.java:logGet(44)) - raft.server.rpc.request.timeout = 60s (custom)
2020-05-27 19:49:44,858 [Listener at 127.0.0.1/39857] INFO  server.RaftServerConfigKeys (ConfUtils.java:logGet(44)) - raft.server.storage.dir = [/github/workspace/mnt/ozone/hadoop-ozone/integration-test/target/test-dir/MiniOzoneClusterImpl-087f03cc-a5a8-466d-ba79-9ca00bc8af49/datanode-2/data/ratis] (custom)
2020-05-27 19:49:44,867 [Datanode State Machine Thread - 0] INFO  datanode.InitDatanodeState (InitDatanodeState.java:persistContainerDatanodeDetails(145)) - DatanodeDetails is persisted to /github/workspace/mnt/ozone/hadoop-ozone/integration-test/target/test-dir/MiniOzoneClusterImpl-087f03cc-a5a8-466d-ba79-9ca00bc8af49/datanode-1/meta/datanode.id
2020-05-27 19:49:44,871 [Listener at 127.0.0.1/39857] INFO  http.BaseHttpServer (BaseHttpServer.java:newHttpServer2BuilderForOzone(205)) - Starting Web-server for hddsDatanode at: http://0.0.0.0:0
2020-05-27 19:49:44,871 [Listener at 127.0.0.1/39857] INFO  http.BaseHttpServer (BaseHttpServer.java:<init>(106)) - Hadoop Security Enabled: false Ozone Security Enabled: false Ozone HTTP Security Enabled: false 
2020-05-27 19:49:44,874 [Listener at 127.0.0.1/39857] INFO  server.AuthenticationFilter (AuthenticationFilter.java:constructSecretProvider(240)) - Unable to initialize FileSignerSecretProvider, falling back to use random secrets.
2020-05-27 19:49:44,880 [Listener at 127.0.0.1/39857] WARN  http.HttpRequestLog (HttpRequestLog.java:getRequestLog(103)) - Jetty request log can only be enabled using Log4j
2020-05-27 19:49:44,881 [Listener at 127.0.0.1/39857] INFO  http.HttpServer2 (HttpServer2.java:addGlobalFilter(993)) - Added global filter 'safety' (class=org.apache.hadoop.hdds.server.http.HttpServer2$QuotingInputFilter)
2020-05-27 19:49:44,883 [Listener at 127.0.0.1/39857] INFO  http.HttpServer2 (HttpServer2.java:addFilter(969)) - Added filter authentication (class=org.apache.hadoop.security.authentication.server.AuthenticationFilter) to context hddsDatanode
2020-05-27 19:49:44,883 [Listener at 127.0.0.1/39857] INFO  http.HttpServer2 (HttpServer2.java:addFilter(977)) - Added filter authentication (class=org.apache.hadoop.security.authentication.server.AuthenticationFilter) to context logs
2020-05-27 19:49:44,883 [Listener at 127.0.0.1/39857] INFO  http.HttpServer2 (HttpServer2.java:addFilter(977)) - Added filter authentication (class=org.apache.hadoop.security.authentication.server.AuthenticationFilter) to context static
2020-05-27 19:49:44,884 [Listener at 127.0.0.1/39857] INFO  http.HttpServer2 (HttpServer2.java:bindListener(1211)) - Jetty bound to port 36047
2020-05-27 19:49:44,885 [Listener at 127.0.0.1/39857] INFO  server.Server (Server.java:doStart(359)) - jetty-9.4.26.v20200117; built: 2020-01-17T12:35:33.676Z; git: 7b38981d25d14afb4a12ff1f2596756144edf695; jvm 1.8.0_232-b09
2020-05-27 19:49:44,888 [Listener at 127.0.0.1/39857] INFO  server.session (DefaultSessionIdManager.java:doStart(333)) - DefaultSessionIdManager workerName=node0
2020-05-27 19:49:44,888 [Listener at 127.0.0.1/39857] INFO  server.session (DefaultSessionIdManager.java:doStart(338)) - No SessionScavenger set, using defaults
2020-05-27 19:49:44,889 [Listener at 127.0.0.1/39857] INFO  server.session (HouseKeeper.java:startScavenging(140)) - node0 Scavenging every 600000ms
2020-05-27 19:49:44,890 [Listener at 127.0.0.1/39857] INFO  server.AuthenticationFilter (AuthenticationFilter.java:constructSecretProvider(240)) - Unable to initialize FileSignerSecretProvider, falling back to use random secrets.
2020-05-27 19:49:44,891 [Listener at 127.0.0.1/39857] INFO  handler.ContextHandler (ContextHandler.java:doStart(825)) - Started o.e.j.s.ServletContextHandler@48dfce5c{logs,/logs,file:///github/workspace/mnt/ozone/hadoop-ozone/integration-test/target/log,AVAILABLE}
2020-05-27 19:49:44,891 [Listener at 127.0.0.1/39857] INFO  handler.ContextHandler (ContextHandler.java:doStart(825)) - Started o.e.j.s.ServletContextHandler@3dceec83{static,/static,jar:file:/home/user/.m2/repository/org/apache/hadoop/hadoop-hdds-container-service/0.6.0-SNAPSHOT/hadoop-hdds-container-service-0.6.0-SNAPSHOT.jar!/webapps/static,AVAILABLE}
2020-05-27 19:49:44,927 [Listener at 127.0.0.1/39857] INFO  handler.ContextHandler (ContextHandler.java:doStart(825)) - Started o.e.j.w.WebAppContext@77d7d2d0{hddsDatanode,/,file:///tmp/jetty-0_0_0_0-36047-hadoop-hdds-container-service-0_6_0-SNAPSHOT_jar-_-any-3889984139994612717.dir/webapp/,AVAILABLE}{jar:file:/home/user/.m2/repository/org/apache/hadoop/hadoop-hdds-container-service/0.6.0-SNAPSHOT/hadoop-hdds-container-service-0.6.0-SNAPSHOT.jar!/webapps/hddsDatanode}
2020-05-27 19:49:44,931 [Listener at 127.0.0.1/39857] INFO  server.AbstractConnector (AbstractConnector.java:doStart(330)) - Started ServerConnector@7a02d760{HTTP/1.1,[http/1.1]}{0.0.0.0:36047}
2020-05-27 19:49:44,931 [Listener at 127.0.0.1/39857] INFO  server.Server (Server.java:doStart(399)) - Started @5394ms
2020-05-27 19:49:44,931 [Listener at 127.0.0.1/39857] WARN  impl.MetricsSystemImpl (MetricsSystemImpl.java:register(276)) - Sink prometheus already exists!
2020-05-27 19:49:44,934 [Listener at 127.0.0.1/39857] INFO  http.BaseHttpServer (BaseHttpServer.java:updateConnectorAddress(325)) - HTTP server of hddsDatanode listening at http://0.0.0.0:36047
2020-05-27 19:49:44,935 [Listener at 127.0.0.1/39857] INFO  impl.MetricsSystemImpl (MetricsSystemImpl.java:init(158)) - HddsDatanode metrics system started (again)
2020-05-27 19:49:44,936 [Listener at 127.0.0.1/39857] INFO  ozone.HddsDatanodeService (HddsDatanodeService.java:start(204)) - HddsDatanodeService host:d78c3f676a41 ip:172.17.0.2
2020-05-27 19:49:44,938 [Listener at 127.0.0.1/39857] INFO  volume.HddsVolume (HddsVolume.java:<init>(176)) - Creating Volume: /github/workspace/mnt/ozone/hadoop-ozone/integration-test/target/test-dir/MiniOzoneClusterImpl-087f03cc-a5a8-466d-ba79-9ca00bc8af49/datanode-3/data-0/containers/hdds of storage type : DISK and capacity : 9223372036854775807
2020-05-27 19:49:44,939 [Listener at 127.0.0.1/39857] INFO  volume.MutableVolumeSet (MutableVolumeSet.java:initializeVolumeSet(181)) - Added Volume : /github/workspace/mnt/ozone/hadoop-ozone/integration-test/target/test-dir/MiniOzoneClusterImpl-087f03cc-a5a8-466d-ba79-9ca00bc8af49/datanode-3/data-0/containers/hdds to VolumeSet
2020-05-27 19:49:44,939 [Listener at 127.0.0.1/39857] INFO  volume.ThrottledAsyncChecker (ThrottledAsyncChecker.java:schedule(141)) - Scheduling a check for /github/workspace/mnt/ozone/hadoop-ozone/integration-test/target/test-dir/MiniOzoneClusterImpl-087f03cc-a5a8-466d-ba79-9ca00bc8af49/datanode-3/data-0/containers/hdds
2020-05-27 19:49:44,940 [Listener at 127.0.0.1/39857] INFO  volume.HddsVolumeChecker (HddsVolumeChecker.java:checkAllVolumes(200)) - Scheduled health check for volume /github/workspace/mnt/ozone/hadoop-ozone/integration-test/target/test-dir/MiniOzoneClusterImpl-087f03cc-a5a8-466d-ba79-9ca00bc8af49/datanode-3/data-0/containers/hdds
2020-05-27 19:49:44,968 [org.apache.hadoop.util.JvmPauseMonitor$Monitor@6accb821] INFO  util.JvmPauseMonitor (JvmPauseMonitor.java:run(188)) - Starting JVM pause monitor
2020-05-27 19:49:44,970 [Datanode State Machine Thread - 0] INFO  datanode.InitDatanodeState (InitDatanodeState.java:persistContainerDatanodeDetails(145)) - DatanodeDetails is persisted to /github/workspace/mnt/ozone/hadoop-ozone/integration-test/target/test-dir/MiniOzoneClusterImpl-087f03cc-a5a8-466d-ba79-9ca00bc8af49/datanode-2/meta/datanode.id
2020-05-27 19:49:44,973 [Listener at 127.0.0.1/39857] INFO  impl.RaftServerProxy (ConfUtils.java:logGet(44)) - raft.rpc.type = GRPC (default)
2020-05-27 19:49:44,974 [Listener at 127.0.0.1/39857] INFO  grpc.GrpcFactory (GrpcFactory.java:checkPooledByteBufAllocatorUseCacheForAllThreads(45)) - PERFORMANCE WARNING: useCacheForAllThreads is true that may cause Netty to create a lot garbage objects and, as a result, trigger GC.
	It is recommended to disable useCacheForAllThreads by setting -Dorg.apache.ratis.thirdparty.io.netty.allocator.useCacheForAllThreads=false in command line.
2020-05-27 19:49:44,974 [Listener at 127.0.0.1/39857] INFO  grpc.GrpcConfigKeys (ConfUtils.java:logGet(44)) - raft.grpc.server.port = 0 (default)
2020-05-27 19:49:44,974 [Listener at 127.0.0.1/39857] INFO  server.GrpcService (ConfUtils.java:logGet(44)) - raft.grpc.message.size.max = 32MB (=33554432) (custom)
2020-05-27 19:49:44,974 [Listener at 127.0.0.1/39857] INFO  server.RaftServerConfigKeys (ConfUtils.java:logGet(44)) - raft.server.log.appender.buffer.byte-limit = 33554432 (custom)
2020-05-27 19:49:44,974 [Listener at 127.0.0.1/39857] INFO  server.GrpcService (ConfUtils.java:logGet(44)) - raft.grpc.flow.control.window = 5MB (=5242880) (custom)
2020-05-27 19:49:44,975 [Listener at 127.0.0.1/39857] INFO  server.RaftServerConfigKeys (ConfUtils.java:logGet(44)) - raft.server.rpc.request.timeout = 60s (custom)
2020-05-27 19:49:44,976 [Listener at 127.0.0.1/39857] INFO  server.RaftServerConfigKeys (ConfUtils.java:logGet(44)) - raft.server.storage.dir = [/github/workspace/mnt/ozone/hadoop-ozone/integration-test/target/test-dir/MiniOzoneClusterImpl-087f03cc-a5a8-466d-ba79-9ca00bc8af49/datanode-3/data/ratis] (custom)
2020-05-27 19:49:44,980 [Listener at 127.0.0.1/39857] INFO  http.BaseHttpServer (BaseHttpServer.java:newHttpServer2BuilderForOzone(205)) - Starting Web-server for hddsDatanode at: http://0.0.0.0:0
2020-05-27 19:49:44,980 [Listener at 127.0.0.1/39857] INFO  http.BaseHttpServer (BaseHttpServer.java:<init>(106)) - Hadoop Security Enabled: false Ozone Security Enabled: false Ozone HTTP Security Enabled: false 
2020-05-27 19:49:44,982 [Listener at 127.0.0.1/39857] INFO  server.AuthenticationFilter (AuthenticationFilter.java:constructSecretProvider(240)) - Unable to initialize FileSignerSecretProvider, falling back to use random secrets.
2020-05-27 19:49:44,982 [Listener at 127.0.0.1/39857] WARN  http.HttpRequestLog (HttpRequestLog.java:getRequestLog(103)) - Jetty request log can only be enabled using Log4j
2020-05-27 19:49:44,983 [Listener at 127.0.0.1/39857] INFO  http.HttpServer2 (HttpServer2.java:addGlobalFilter(993)) - Added global filter 'safety' (class=org.apache.hadoop.hdds.server.http.HttpServer2$QuotingInputFilter)
2020-05-27 19:49:44,984 [Listener at 127.0.0.1/39857] INFO  http.HttpServer2 (HttpServer2.java:addFilter(969)) - Added filter authentication (class=org.apache.hadoop.security.authentication.server.AuthenticationFilter) to context hddsDatanode
2020-05-27 19:49:44,984 [Listener at 127.0.0.1/39857] INFO  http.HttpServer2 (HttpServer2.java:addFilter(977)) - Added filter authentication (class=org.apache.hadoop.security.authentication.server.AuthenticationFilter) to context logs
2020-05-27 19:49:44,984 [Listener at 127.0.0.1/39857] INFO  http.HttpServer2 (HttpServer2.java:addFilter(977)) - Added filter authentication (class=org.apache.hadoop.security.authentication.server.AuthenticationFilter) to context static
2020-05-27 19:49:44,985 [Listener at 127.0.0.1/39857] INFO  http.HttpServer2 (HttpServer2.java:bindListener(1211)) - Jetty bound to port 34139
2020-05-27 19:49:44,985 [Listener at 127.0.0.1/39857] INFO  server.Server (Server.java:doStart(359)) - jetty-9.4.26.v20200117; built: 2020-01-17T12:35:33.676Z; git: 7b38981d25d14afb4a12ff1f2596756144edf695; jvm 1.8.0_232-b09
2020-05-27 19:49:44,996 [Listener at 127.0.0.1/39857] INFO  server.session (DefaultSessionIdManager.java:doStart(333)) - DefaultSessionIdManager workerName=node0
2020-05-27 19:49:44,996 [Listener at 127.0.0.1/39857] INFO  server.session (DefaultSessionIdManager.java:doStart(338)) - No SessionScavenger set, using defaults
2020-05-27 19:49:44,996 [Listener at 127.0.0.1/39857] INFO  server.session (HouseKeeper.java:startScavenging(140)) - node0 Scavenging every 660000ms
2020-05-27 19:49:44,997 [Listener at 127.0.0.1/39857] INFO  server.AuthenticationFilter (AuthenticationFilter.java:constructSecretProvider(240)) - Unable to initialize FileSignerSecretProvider, falling back to use random secrets.
2020-05-27 19:49:44,998 [Listener at 127.0.0.1/39857] INFO  handler.ContextHandler (ContextHandler.java:doStart(825)) - Started o.e.j.s.ServletContextHandler@54b313d6{logs,/logs,file:///github/workspace/mnt/ozone/hadoop-ozone/integration-test/target/log,AVAILABLE}
2020-05-27 19:49:44,998 [Listener at 127.0.0.1/39857] INFO  handler.ContextHandler (ContextHandler.java:doStart(825)) - Started o.e.j.s.ServletContextHandler@2b20caed{static,/static,jar:file:/home/user/.m2/repository/org/apache/hadoop/hadoop-hdds-container-service/0.6.0-SNAPSHOT/hadoop-hdds-container-service-0.6.0-SNAPSHOT.jar!/webapps/static,AVAILABLE}
2020-05-27 19:49:45,030 [Listener at 127.0.0.1/39857] INFO  handler.ContextHandler (ContextHandler.java:doStart(825)) - Started o.e.j.w.WebAppContext@668ea404{hddsDatanode,/,file:///tmp/jetty-0_0_0_0-34139-hadoop-hdds-container-service-0_6_0-SNAPSHOT_jar-_-any-3705427157329687084.dir/webapp/,AVAILABLE}{jar:file:/home/user/.m2/repository/org/apache/hadoop/hadoop-hdds-container-service/0.6.0-SNAPSHOT/hadoop-hdds-container-service-0.6.0-SNAPSHOT.jar!/webapps/hddsDatanode}
2020-05-27 19:49:45,032 [Listener at 127.0.0.1/39857] INFO  server.AbstractConnector (AbstractConnector.java:doStart(330)) - Started ServerConnector@29897daf{HTTP/1.1,[http/1.1]}{0.0.0.0:34139}
2020-05-27 19:49:45,032 [Listener at 127.0.0.1/39857] INFO  server.Server (Server.java:doStart(399)) - Started @5495ms
2020-05-27 19:49:45,032 [Listener at 127.0.0.1/39857] WARN  impl.MetricsSystemImpl (MetricsSystemImpl.java:register(276)) - Sink prometheus already exists!
2020-05-27 19:49:45,038 [Listener at 127.0.0.1/39857] INFO  http.BaseHttpServer (BaseHttpServer.java:updateConnectorAddress(325)) - HTTP server of hddsDatanode listening at http://0.0.0.0:34139
2020-05-27 19:49:45,038 [Listener at 127.0.0.1/39857] INFO  impl.MetricsSystemImpl (MetricsSystemImpl.java:init(158)) - HddsDatanode metrics system started (again)
2020-05-27 19:49:45,040 [Listener at 127.0.0.1/39857] INFO  ozone.HddsDatanodeService (HddsDatanodeService.java:start(204)) - HddsDatanodeService host:d78c3f676a41 ip:172.17.0.2
2020-05-27 19:49:45,041 [Listener at 127.0.0.1/39857] INFO  volume.HddsVolume (HddsVolume.java:<init>(176)) - Creating Volume: /github/workspace/mnt/ozone/hadoop-ozone/integration-test/target/test-dir/MiniOzoneClusterImpl-087f03cc-a5a8-466d-ba79-9ca00bc8af49/datanode-4/data-0/containers/hdds of storage type : DISK and capacity : 9223372036854775807
2020-05-27 19:49:45,042 [Listener at 127.0.0.1/39857] INFO  volume.MutableVolumeSet (MutableVolumeSet.java:initializeVolumeSet(181)) - Added Volume : /github/workspace/mnt/ozone/hadoop-ozone/integration-test/target/test-dir/MiniOzoneClusterImpl-087f03cc-a5a8-466d-ba79-9ca00bc8af49/datanode-4/data-0/containers/hdds to VolumeSet
2020-05-27 19:49:45,042 [Listener at 127.0.0.1/39857] INFO  volume.ThrottledAsyncChecker (ThrottledAsyncChecker.java:schedule(141)) - Scheduling a check for /github/workspace/mnt/ozone/hadoop-ozone/integration-test/target/test-dir/MiniOzoneClusterImpl-087f03cc-a5a8-466d-ba79-9ca00bc8af49/datanode-4/data-0/containers/hdds
2020-05-27 19:49:45,043 [Listener at 127.0.0.1/39857] INFO  volume.HddsVolumeChecker (HddsVolumeChecker.java:checkAllVolumes(200)) - Scheduled health check for volume /github/workspace/mnt/ozone/hadoop-ozone/integration-test/target/test-dir/MiniOzoneClusterImpl-087f03cc-a5a8-466d-ba79-9ca00bc8af49/datanode-4/data-0/containers/hdds
2020-05-27 19:49:45,068 [org.apache.hadoop.util.JvmPauseMonitor$Monitor@a30a4e8] INFO  util.JvmPauseMonitor (JvmPauseMonitor.java:run(188)) - Starting JVM pause monitor
2020-05-27 19:49:45,074 [Datanode State Machine Thread - 0] INFO  datanode.InitDatanodeState (InitDatanodeState.java:persistContainerDatanodeDetails(145)) - DatanodeDetails is persisted to /github/workspace/mnt/ozone/hadoop-ozone/integration-test/target/test-dir/MiniOzoneClusterImpl-087f03cc-a5a8-466d-ba79-9ca00bc8af49/datanode-3/meta/datanode.id
2020-05-27 19:49:45,078 [Listener at 127.0.0.1/39857] INFO  impl.RaftServerProxy (ConfUtils.java:logGet(44)) - raft.rpc.type = GRPC (default)
2020-05-27 19:49:45,078 [Listener at 127.0.0.1/39857] INFO  grpc.GrpcFactory (GrpcFactory.java:checkPooledByteBufAllocatorUseCacheForAllThreads(45)) - PERFORMANCE WARNING: useCacheForAllThreads is true that may cause Netty to create a lot garbage objects and, as a result, trigger GC.
	It is recommended to disable useCacheForAllThreads by setting -Dorg.apache.ratis.thirdparty.io.netty.allocator.useCacheForAllThreads=false in command line.
2020-05-27 19:49:45,078 [Listener at 127.0.0.1/39857] INFO  grpc.GrpcConfigKeys (ConfUtils.java:logGet(44)) - raft.grpc.server.port = 0 (default)
2020-05-27 19:49:45,078 [Listener at 127.0.0.1/39857] INFO  server.GrpcService (ConfUtils.java:logGet(44)) - raft.grpc.message.size.max = 32MB (=33554432) (custom)
2020-05-27 19:49:45,078 [Listener at 127.0.0.1/39857] INFO  server.RaftServerConfigKeys (ConfUtils.java:logGet(44)) - raft.server.log.appender.buffer.byte-limit = 33554432 (custom)
2020-05-27 19:49:45,078 [Listener at 127.0.0.1/39857] INFO  server.GrpcService (ConfUtils.java:logGet(44)) - raft.grpc.flow.control.window = 5MB (=5242880) (custom)
2020-05-27 19:49:45,079 [Listener at 127.0.0.1/39857] INFO  server.RaftServerConfigKeys (ConfUtils.java:logGet(44)) - raft.server.rpc.request.timeout = 60s (custom)
2020-05-27 19:49:45,081 [Listener at 127.0.0.1/39857] INFO  server.RaftServerConfigKeys (ConfUtils.java:logGet(44)) - raft.server.storage.dir = [/github/workspace/mnt/ozone/hadoop-ozone/integration-test/target/test-dir/MiniOzoneClusterImpl-087f03cc-a5a8-466d-ba79-9ca00bc8af49/datanode-4/data/ratis] (custom)
2020-05-27 19:49:45,093 [Listener at 127.0.0.1/39857] INFO  http.BaseHttpServer (BaseHttpServer.java:newHttpServer2BuilderForOzone(205)) - Starting Web-server for hddsDatanode at: http://0.0.0.0:0
2020-05-27 19:49:45,093 [Listener at 127.0.0.1/39857] INFO  http.BaseHttpServer (BaseHttpServer.java:<init>(106)) - Hadoop Security Enabled: false Ozone Security Enabled: false Ozone HTTP Security Enabled: false 
2020-05-27 19:49:45,094 [Listener at 127.0.0.1/39857] INFO  server.AuthenticationFilter (AuthenticationFilter.java:constructSecretProvider(240)) - Unable to initialize FileSignerSecretProvider, falling back to use random secrets.
2020-05-27 19:49:45,095 [Listener at 127.0.0.1/39857] WARN  http.HttpRequestLog (HttpRequestLog.java:getRequestLog(103)) - Jetty request log can only be enabled using Log4j
2020-05-27 19:49:45,098 [Listener at 127.0.0.1/39857] INFO  http.HttpServer2 (HttpServer2.java:addGlobalFilter(993)) - Added global filter 'safety' (class=org.apache.hadoop.hdds.server.http.HttpServer2$QuotingInputFilter)
2020-05-27 19:49:45,099 [Listener at 127.0.0.1/39857] INFO  http.HttpServer2 (HttpServer2.java:addFilter(969)) - Added filter authentication (class=org.apache.hadoop.security.authentication.server.AuthenticationFilter) to context hddsDatanode
2020-05-27 19:49:45,100 [Listener at 127.0.0.1/39857] INFO  http.HttpServer2 (HttpServer2.java:addFilter(977)) - Added filter authentication (class=org.apache.hadoop.security.authentication.server.AuthenticationFilter) to context static
2020-05-27 19:49:45,100 [Listener at 127.0.0.1/39857] INFO  http.HttpServer2 (HttpServer2.java:addFilter(977)) - Added filter authentication (class=org.apache.hadoop.security.authentication.server.AuthenticationFilter) to context logs
2020-05-27 19:49:45,101 [Listener at 127.0.0.1/39857] INFO  http.HttpServer2 (HttpServer2.java:bindListener(1211)) - Jetty bound to port 46721
2020-05-27 19:49:45,101 [Listener at 127.0.0.1/39857] INFO  server.Server (Server.java:doStart(359)) - jetty-9.4.26.v20200117; built: 2020-01-17T12:35:33.676Z; git: 7b38981d25d14afb4a12ff1f2596756144edf695; jvm 1.8.0_232-b09
2020-05-27 19:49:45,105 [Listener at 127.0.0.1/39857] INFO  server.session (DefaultSessionIdManager.java:doStart(333)) - DefaultSessionIdManager workerName=node0
2020-05-27 19:49:45,105 [Listener at 127.0.0.1/39857] INFO  server.session (DefaultSessionIdManager.java:doStart(338)) - No SessionScavenger set, using defaults
2020-05-27 19:49:45,105 [Listener at 127.0.0.1/39857] INFO  server.session (HouseKeeper.java:startScavenging(140)) - node0 Scavenging every 600000ms
2020-05-27 19:49:45,106 [Listener at 127.0.0.1/39857] INFO  server.AuthenticationFilter (AuthenticationFilter.java:constructSecretProvider(240)) - Unable to initialize FileSignerSecretProvider, falling back to use random secrets.
2020-05-27 19:49:45,107 [Listener at 127.0.0.1/39857] INFO  handler.ContextHandler (ContextHandler.java:doStart(825)) - Started o.e.j.s.ServletContextHandler@18f1631c{logs,/logs,file:///github/workspace/mnt/ozone/hadoop-ozone/integration-test/target/log,AVAILABLE}
2020-05-27 19:49:45,107 [Listener at 127.0.0.1/39857] INFO  handler.ContextHandler (ContextHandler.java:doStart(825)) - Started o.e.j.s.ServletContextHandler@72b4ecb2{static,/static,jar:file:/home/user/.m2/repository/org/apache/hadoop/hadoop-hdds-container-service/0.6.0-SNAPSHOT/hadoop-hdds-container-service-0.6.0-SNAPSHOT.jar!/webapps/static,AVAILABLE}
2020-05-27 19:49:45,140 [Listener at 127.0.0.1/39857] INFO  handler.ContextHandler (ContextHandler.java:doStart(825)) - Started o.e.j.w.WebAppContext@76a86677{hddsDatanode,/,file:///tmp/jetty-0_0_0_0-46721-hadoop-hdds-container-service-0_6_0-SNAPSHOT_jar-_-any-5226581559443798500.dir/webapp/,AVAILABLE}{jar:file:/home/user/.m2/repository/org/apache/hadoop/hadoop-hdds-container-service/0.6.0-SNAPSHOT/hadoop-hdds-container-service-0.6.0-SNAPSHOT.jar!/webapps/hddsDatanode}
2020-05-27 19:49:45,141 [Listener at 127.0.0.1/39857] INFO  server.AbstractConnector (AbstractConnector.java:doStart(330)) - Started ServerConnector@2a10407e{HTTP/1.1,[http/1.1]}{0.0.0.0:46721}
2020-05-27 19:49:45,142 [Listener at 127.0.0.1/39857] INFO  server.Server (Server.java:doStart(399)) - Started @5605ms
2020-05-27 19:49:45,142 [Listener at 127.0.0.1/39857] WARN  impl.MetricsSystemImpl (MetricsSystemImpl.java:register(276)) - Sink prometheus already exists!
2020-05-27 19:49:45,146 [Listener at 127.0.0.1/39857] INFO  http.BaseHttpServer (BaseHttpServer.java:updateConnectorAddress(325)) - HTTP server of hddsDatanode listening at http://0.0.0.0:46721
2020-05-27 19:49:45,147 [Listener at 127.0.0.1/39857] INFO  impl.MetricsSystemImpl (MetricsSystemImpl.java:init(158)) - HddsDatanode metrics system started (again)
2020-05-27 19:49:45,149 [Listener at 127.0.0.1/39857] INFO  ozone.HddsDatanodeService (HddsDatanodeService.java:start(204)) - HddsDatanodeService host:d78c3f676a41 ip:172.17.0.2
2020-05-27 19:49:45,153 [Listener at 127.0.0.1/39857] INFO  volume.HddsVolume (HddsVolume.java:<init>(176)) - Creating Volume: /github/workspace/mnt/ozone/hadoop-ozone/integration-test/target/test-dir/MiniOzoneClusterImpl-087f03cc-a5a8-466d-ba79-9ca00bc8af49/datanode-5/data-0/containers/hdds of storage type : DISK and capacity : 9223372036854775807
2020-05-27 19:49:45,153 [Listener at 127.0.0.1/39857] INFO  volume.MutableVolumeSet (MutableVolumeSet.java:initializeVolumeSet(181)) - Added Volume : /github/workspace/mnt/ozone/hadoop-ozone/integration-test/target/test-dir/MiniOzoneClusterImpl-087f03cc-a5a8-466d-ba79-9ca00bc8af49/datanode-5/data-0/containers/hdds to VolumeSet
2020-05-27 19:49:45,153 [Listener at 127.0.0.1/39857] INFO  volume.ThrottledAsyncChecker (ThrottledAsyncChecker.java:schedule(141)) - Scheduling a check for /github/workspace/mnt/ozone/hadoop-ozone/integration-test/target/test-dir/MiniOzoneClusterImpl-087f03cc-a5a8-466d-ba79-9ca00bc8af49/datanode-5/data-0/containers/hdds
2020-05-27 19:49:45,156 [Listener at 127.0.0.1/39857] INFO  volume.HddsVolumeChecker (HddsVolumeChecker.java:checkAllVolumes(200)) - Scheduled health check for volume /github/workspace/mnt/ozone/hadoop-ozone/integration-test/target/test-dir/MiniOzoneClusterImpl-087f03cc-a5a8-466d-ba79-9ca00bc8af49/datanode-5/data-0/containers/hdds
2020-05-27 19:49:45,165 [org.apache.hadoop.util.JvmPauseMonitor$Monitor@5b5f2915] INFO  util.JvmPauseMonitor (JvmPauseMonitor.java:run(188)) - Starting JVM pause monitor
2020-05-27 19:49:45,169 [Datanode State Machine Thread - 0] INFO  datanode.InitDatanodeState (InitDatanodeState.java:persistContainerDatanodeDetails(145)) - DatanodeDetails is persisted to /github/workspace/mnt/ozone/hadoop-ozone/integration-test/target/test-dir/MiniOzoneClusterImpl-087f03cc-a5a8-466d-ba79-9ca00bc8af49/datanode-4/meta/datanode.id
2020-05-27 19:49:45,180 [Listener at 127.0.0.1/39857] INFO  impl.RaftServerProxy (ConfUtils.java:logGet(44)) - raft.rpc.type = GRPC (default)
2020-05-27 19:49:45,181 [Listener at 127.0.0.1/39857] INFO  grpc.GrpcFactory (GrpcFactory.java:checkPooledByteBufAllocatorUseCacheForAllThreads(45)) - PERFORMANCE WARNING: useCacheForAllThreads is true that may cause Netty to create a lot garbage objects and, as a result, trigger GC.
	It is recommended to disable useCacheForAllThreads by setting -Dorg.apache.ratis.thirdparty.io.netty.allocator.useCacheForAllThreads=false in command line.
2020-05-27 19:49:45,181 [Listener at 127.0.0.1/39857] INFO  grpc.GrpcConfigKeys (ConfUtils.java:logGet(44)) - raft.grpc.server.port = 0 (default)
2020-05-27 19:49:45,182 [Listener at 127.0.0.1/39857] INFO  server.GrpcService (ConfUtils.java:logGet(44)) - raft.grpc.message.size.max = 32MB (=33554432) (custom)
2020-05-27 19:49:45,182 [Listener at 127.0.0.1/39857] INFO  server.RaftServerConfigKeys (ConfUtils.java:logGet(44)) - raft.server.log.appender.buffer.byte-limit = 33554432 (custom)
2020-05-27 19:49:45,182 [Listener at 127.0.0.1/39857] INFO  server.GrpcService (ConfUtils.java:logGet(44)) - raft.grpc.flow.control.window = 5MB (=5242880) (custom)
2020-05-27 19:49:45,183 [Listener at 127.0.0.1/39857] INFO  server.RaftServerConfigKeys (ConfUtils.java:logGet(44)) - raft.server.rpc.request.timeout = 60s (custom)
2020-05-27 19:49:45,184 [Listener at 127.0.0.1/39857] INFO  server.RaftServerConfigKeys (ConfUtils.java:logGet(44)) - raft.server.storage.dir = [/github/workspace/mnt/ozone/hadoop-ozone/integration-test/target/test-dir/MiniOzoneClusterImpl-087f03cc-a5a8-466d-ba79-9ca00bc8af49/datanode-5/data/ratis] (custom)
2020-05-27 19:49:45,188 [Listener at 127.0.0.1/39857] INFO  http.BaseHttpServer (BaseHttpServer.java:newHttpServer2BuilderForOzone(205)) - Starting Web-server for hddsDatanode at: http://0.0.0.0:0
2020-05-27 19:49:45,188 [Listener at 127.0.0.1/39857] INFO  http.BaseHttpServer (BaseHttpServer.java:<init>(106)) - Hadoop Security Enabled: false Ozone Security Enabled: false Ozone HTTP Security Enabled: false 
2020-05-27 19:49:45,190 [Listener at 127.0.0.1/39857] INFO  server.AuthenticationFilter (AuthenticationFilter.java:constructSecretProvider(240)) - Unable to initialize FileSignerSecretProvider, falling back to use random secrets.
2020-05-27 19:49:45,190 [Listener at 127.0.0.1/39857] WARN  http.HttpRequestLog (HttpRequestLog.java:getRequestLog(103)) - Jetty request log can only be enabled using Log4j
2020-05-27 19:49:45,191 [Listener at 127.0.0.1/39857] INFO  http.HttpServer2 (HttpServer2.java:addGlobalFilter(993)) - Added global filter 'safety' (class=org.apache.hadoop.hdds.server.http.HttpServer2$QuotingInputFilter)
2020-05-27 19:49:45,192 [Listener at 127.0.0.1/39857] INFO  http.HttpServer2 (HttpServer2.java:addFilter(969)) - Added filter authentication (class=org.apache.hadoop.security.authentication.server.AuthenticationFilter) to context hddsDatanode
2020-05-27 19:49:45,192 [Listener at 127.0.0.1/39857] INFO  http.HttpServer2 (HttpServer2.java:addFilter(977)) - Added filter authentication (class=org.apache.hadoop.security.authentication.server.AuthenticationFilter) to context static
2020-05-27 19:49:45,192 [Listener at 127.0.0.1/39857] INFO  http.HttpServer2 (HttpServer2.java:addFilter(977)) - Added filter authentication (class=org.apache.hadoop.security.authentication.server.AuthenticationFilter) to context logs
2020-05-27 19:49:45,192 [Listener at 127.0.0.1/39857] INFO  http.HttpServer2 (HttpServer2.java:bindListener(1211)) - Jetty bound to port 32881
2020-05-27 19:49:45,193 [Listener at 127.0.0.1/39857] INFO  server.Server (Server.java:doStart(359)) - jetty-9.4.26.v20200117; built: 2020-01-17T12:35:33.676Z; git: 7b38981d25d14afb4a12ff1f2596756144edf695; jvm 1.8.0_232-b09
2020-05-27 19:49:45,195 [Listener at 127.0.0.1/39857] INFO  server.session (DefaultSessionIdManager.java:doStart(333)) - DefaultSessionIdManager workerName=node0
2020-05-27 19:49:45,196 [Listener at 127.0.0.1/39857] INFO  server.session (DefaultSessionIdManager.java:doStart(338)) - No SessionScavenger set, using defaults
2020-05-27 19:49:45,196 [Listener at 127.0.0.1/39857] INFO  server.session (HouseKeeper.java:startScavenging(140)) - node0 Scavenging every 660000ms
2020-05-27 19:49:45,197 [Listener at 127.0.0.1/39857] INFO  server.AuthenticationFilter (AuthenticationFilter.java:constructSecretProvider(240)) - Unable to initialize FileSignerSecretProvider, falling back to use random secrets.
2020-05-27 19:49:45,198 [Listener at 127.0.0.1/39857] INFO  handler.ContextHandler (ContextHandler.java:doStart(825)) - Started o.e.j.s.ServletContextHandler@19370af1{logs,/logs,file:///github/workspace/mnt/ozone/hadoop-ozone/integration-test/target/log,AVAILABLE}
2020-05-27 19:49:45,198 [Listener at 127.0.0.1/39857] INFO  handler.ContextHandler (ContextHandler.java:doStart(825)) - Started o.e.j.s.ServletContextHandler@60515ab1{static,/static,jar:file:/home/user/.m2/repository/org/apache/hadoop/hadoop-hdds-container-service/0.6.0-SNAPSHOT/hadoop-hdds-container-service-0.6.0-SNAPSHOT.jar!/webapps/static,AVAILABLE}
2020-05-27 19:49:45,228 [Listener at 127.0.0.1/39857] INFO  handler.ContextHandler (ContextHandler.java:doStart(825)) - Started o.e.j.w.WebAppContext@486d1868{hddsDatanode,/,file:///tmp/jetty-0_0_0_0-32881-hadoop-hdds-container-service-0_6_0-SNAPSHOT_jar-_-any-550379375891777559.dir/webapp/,AVAILABLE}{jar:file:/home/user/.m2/repository/org/apache/hadoop/hadoop-hdds-container-service/0.6.0-SNAPSHOT/hadoop-hdds-container-service-0.6.0-SNAPSHOT.jar!/webapps/hddsDatanode}
2020-05-27 19:49:45,230 [Listener at 127.0.0.1/39857] INFO  server.AbstractConnector (AbstractConnector.java:doStart(330)) - Started ServerConnector@7d7d7b1a{HTTP/1.1,[http/1.1]}{0.0.0.0:32881}
2020-05-27 19:49:45,230 [Listener at 127.0.0.1/39857] INFO  server.Server (Server.java:doStart(399)) - Started @5694ms
2020-05-27 19:49:45,230 [Listener at 127.0.0.1/39857] WARN  impl.MetricsSystemImpl (MetricsSystemImpl.java:register(276)) - Sink prometheus already exists!
2020-05-27 19:49:45,233 [Listener at 127.0.0.1/39857] INFO  http.BaseHttpServer (BaseHttpServer.java:updateConnectorAddress(325)) - HTTP server of hddsDatanode listening at http://0.0.0.0:32881
2020-05-27 19:49:45,234 [Listener at 127.0.0.1/39857] INFO  impl.MetricsSystemImpl (MetricsSystemImpl.java:init(158)) - HddsDatanode metrics system started (again)
2020-05-27 19:49:45,236 [Listener at 127.0.0.1/39857] INFO  ozone.HddsDatanodeService (HddsDatanodeService.java:start(204)) - HddsDatanodeService host:d78c3f676a41 ip:172.17.0.2
2020-05-27 19:49:45,238 [Listener at 127.0.0.1/39857] INFO  volume.HddsVolume (HddsVolume.java:<init>(176)) - Creating Volume: /github/workspace/mnt/ozone/hadoop-ozone/integration-test/target/test-dir/MiniOzoneClusterImpl-087f03cc-a5a8-466d-ba79-9ca00bc8af49/datanode-6/data-0/containers/hdds of storage type : DISK and capacity : 9223372036854775807
2020-05-27 19:49:45,238 [Listener at 127.0.0.1/39857] INFO  volume.MutableVolumeSet (MutableVolumeSet.java:initializeVolumeSet(181)) - Added Volume : /github/workspace/mnt/ozone/hadoop-ozone/integration-test/target/test-dir/MiniOzoneClusterImpl-087f03cc-a5a8-466d-ba79-9ca00bc8af49/datanode-6/data-0/containers/hdds to VolumeSet
2020-05-27 19:49:45,238 [Listener at 127.0.0.1/39857] INFO  volume.ThrottledAsyncChecker (ThrottledAsyncChecker.java:schedule(141)) - Scheduling a check for /github/workspace/mnt/ozone/hadoop-ozone/integration-test/target/test-dir/MiniOzoneClusterImpl-087f03cc-a5a8-466d-ba79-9ca00bc8af49/datanode-6/data-0/containers/hdds
2020-05-27 19:49:45,240 [Listener at 127.0.0.1/39857] INFO  volume.HddsVolumeChecker (HddsVolumeChecker.java:checkAllVolumes(200)) - Scheduled health check for volume /github/workspace/mnt/ozone/hadoop-ozone/integration-test/target/test-dir/MiniOzoneClusterImpl-087f03cc-a5a8-466d-ba79-9ca00bc8af49/datanode-6/data-0/containers/hdds
2020-05-27 19:49:45,271 [Listener at 127.0.0.1/39857] INFO  impl.RaftServerProxy (ConfUtils.java:logGet(44)) - raft.rpc.type = GRPC (default)
2020-05-27 19:49:45,271 [Listener at 127.0.0.1/39857] INFO  grpc.GrpcFactory (GrpcFactory.java:checkPooledByteBufAllocatorUseCacheForAllThreads(45)) - PERFORMANCE WARNING: useCacheForAllThreads is true that may cause Netty to create a lot garbage objects and, as a result, trigger GC.
	It is recommended to disable useCacheForAllThreads by setting -Dorg.apache.ratis.thirdparty.io.netty.allocator.useCacheForAllThreads=false in command line.
2020-05-27 19:49:45,271 [Listener at 127.0.0.1/39857] INFO  grpc.GrpcConfigKeys (ConfUtils.java:logGet(44)) - raft.grpc.server.port = 0 (default)
2020-05-27 19:49:45,271 [Listener at 127.0.0.1/39857] INFO  server.GrpcService (ConfUtils.java:logGet(44)) - raft.grpc.message.size.max = 32MB (=33554432) (custom)
2020-05-27 19:49:45,272 [Listener at 127.0.0.1/39857] INFO  server.RaftServerConfigKeys (ConfUtils.java:logGet(44)) - raft.server.log.appender.buffer.byte-limit = 33554432 (custom)
2020-05-27 19:49:45,272 [Listener at 127.0.0.1/39857] INFO  server.GrpcService (ConfUtils.java:logGet(44)) - raft.grpc.flow.control.window = 5MB (=5242880) (custom)
2020-05-27 19:49:45,272 [Listener at 127.0.0.1/39857] INFO  server.RaftServerConfigKeys (ConfUtils.java:logGet(44)) - raft.server.rpc.request.timeout = 60s (custom)
2020-05-27 19:49:45,274 [Listener at 127.0.0.1/39857] INFO  server.RaftServerConfigKeys (ConfUtils.java:logGet(44)) - raft.server.storage.dir = [/github/workspace/mnt/ozone/hadoop-ozone/integration-test/target/test-dir/MiniOzoneClusterImpl-087f03cc-a5a8-466d-ba79-9ca00bc8af49/datanode-6/data/ratis] (custom)
2020-05-27 19:49:45,278 [Listener at 127.0.0.1/39857] INFO  http.BaseHttpServer (BaseHttpServer.java:newHttpServer2BuilderForOzone(205)) - Starting Web-server for hddsDatanode at: http://0.0.0.0:0
2020-05-27 19:49:45,278 [Listener at 127.0.0.1/39857] INFO  http.BaseHttpServer (BaseHttpServer.java:<init>(106)) - Hadoop Security Enabled: false Ozone Security Enabled: false Ozone HTTP Security Enabled: false 
2020-05-27 19:49:45,279 [Listener at 127.0.0.1/39857] INFO  server.AuthenticationFilter (AuthenticationFilter.java:constructSecretProvider(240)) - Unable to initialize FileSignerSecretProvider, falling back to use random secrets.
2020-05-27 19:49:45,284 [org.apache.hadoop.util.JvmPauseMonitor$Monitor@2c796ca2] INFO  util.JvmPauseMonitor (JvmPauseMonitor.java:run(188)) - Starting JVM pause monitor
2020-05-27 19:49:45,286 [Datanode State Machine Thread - 0] INFO  datanode.InitDatanodeState (InitDatanodeState.java:persistContainerDatanodeDetails(145)) - DatanodeDetails is persisted to /github/workspace/mnt/ozone/hadoop-ozone/integration-test/target/test-dir/MiniOzoneClusterImpl-087f03cc-a5a8-466d-ba79-9ca00bc8af49/datanode-5/meta/datanode.id
2020-05-27 19:49:45,286 [Listener at 127.0.0.1/39857] WARN  http.HttpRequestLog (HttpRequestLog.java:getRequestLog(103)) - Jetty request log can only be enabled using Log4j
2020-05-27 19:49:45,287 [Listener at 127.0.0.1/39857] INFO  http.HttpServer2 (HttpServer2.java:addGlobalFilter(993)) - Added global filter 'safety' (class=org.apache.hadoop.hdds.server.http.HttpServer2$QuotingInputFilter)
2020-05-27 19:49:45,288 [Listener at 127.0.0.1/39857] INFO  http.HttpServer2 (HttpServer2.java:addFilter(969)) - Added filter authentication (class=org.apache.hadoop.security.authentication.server.AuthenticationFilter) to context hddsDatanode
2020-05-27 19:49:45,288 [Listener at 127.0.0.1/39857] INFO  http.HttpServer2 (HttpServer2.java:addFilter(977)) - Added filter authentication (class=org.apache.hadoop.security.authentication.server.AuthenticationFilter) to context static
2020-05-27 19:49:45,288 [Listener at 127.0.0.1/39857] INFO  http.HttpServer2 (HttpServer2.java:addFilter(977)) - Added filter authentication (class=org.apache.hadoop.security.authentication.server.AuthenticationFilter) to context logs
2020-05-27 19:49:45,288 [Listener at 127.0.0.1/39857] INFO  http.HttpServer2 (HttpServer2.java:bindListener(1211)) - Jetty bound to port 34959
2020-05-27 19:49:45,289 [Listener at 127.0.0.1/39857] INFO  server.Server (Server.java:doStart(359)) - jetty-9.4.26.v20200117; built: 2020-01-17T12:35:33.676Z; git: 7b38981d25d14afb4a12ff1f2596756144edf695; jvm 1.8.0_232-b09
2020-05-27 19:49:45,290 [Listener at 127.0.0.1/39857] INFO  server.session (DefaultSessionIdManager.java:doStart(333)) - DefaultSessionIdManager workerName=node0
2020-05-27 19:49:45,291 [Listener at 127.0.0.1/39857] INFO  server.session (DefaultSessionIdManager.java:doStart(338)) - No SessionScavenger set, using defaults
2020-05-27 19:49:45,291 [Listener at 127.0.0.1/39857] INFO  server.session (HouseKeeper.java:startScavenging(140)) - node0 Scavenging every 600000ms
2020-05-27 19:49:45,292 [Listener at 127.0.0.1/39857] INFO  server.AuthenticationFilter (AuthenticationFilter.java:constructSecretProvider(240)) - Unable to initialize FileSignerSecretProvider, falling back to use random secrets.
2020-05-27 19:49:45,295 [Listener at 127.0.0.1/39857] INFO  handler.ContextHandler (ContextHandler.java:doStart(825)) - Started o.e.j.s.ServletContextHandler@ab11e76{logs,/logs,file:///github/workspace/mnt/ozone/hadoop-ozone/integration-test/target/log,AVAILABLE}
2020-05-27 19:49:45,295 [Listener at 127.0.0.1/39857] INFO  handler.ContextHandler (ContextHandler.java:doStart(825)) - Started o.e.j.s.ServletContextHandler@69d6fe75{static,/static,jar:file:/home/user/.m2/repository/org/apache/hadoop/hadoop-hdds-container-service/0.6.0-SNAPSHOT/hadoop-hdds-container-service-0.6.0-SNAPSHOT.jar!/webapps/static,AVAILABLE}
2020-05-27 19:49:45,325 [Listener at 127.0.0.1/39857] INFO  handler.ContextHandler (ContextHandler.java:doStart(825)) - Started o.e.j.w.WebAppContext@37d50217{hddsDatanode,/,file:///tmp/jetty-0_0_0_0-34959-hadoop-hdds-container-service-0_6_0-SNAPSHOT_jar-_-any-4346006342222374253.dir/webapp/,AVAILABLE}{jar:file:/home/user/.m2/repository/org/apache/hadoop/hadoop-hdds-container-service/0.6.0-SNAPSHOT/hadoop-hdds-container-service-0.6.0-SNAPSHOT.jar!/webapps/hddsDatanode}
2020-05-27 19:49:45,327 [Listener at 127.0.0.1/39857] INFO  server.AbstractConnector (AbstractConnector.java:doStart(330)) - Started ServerConnector@5e2525fe{HTTP/1.1,[http/1.1]}{0.0.0.0:34959}
2020-05-27 19:49:45,328 [Listener at 127.0.0.1/39857] INFO  server.Server (Server.java:doStart(399)) - Started @5791ms
2020-05-27 19:49:45,328 [Listener at 127.0.0.1/39857] WARN  impl.MetricsSystemImpl (MetricsSystemImpl.java:register(276)) - Sink prometheus already exists!
2020-05-27 19:49:45,330 [Listener at 127.0.0.1/39857] INFO  http.BaseHttpServer (BaseHttpServer.java:updateConnectorAddress(325)) - HTTP server of hddsDatanode listening at http://0.0.0.0:34959
2020-05-27 19:49:45,331 [Listener at 127.0.0.1/39857] INFO  impl.MetricsSystemImpl (MetricsSystemImpl.java:init(158)) - HddsDatanode metrics system started (again)
2020-05-27 19:49:45,333 [Listener at 127.0.0.1/39857] INFO  ozone.HddsDatanodeService (HddsDatanodeService.java:start(204)) - HddsDatanodeService host:d78c3f676a41 ip:172.17.0.2
2020-05-27 19:49:45,335 [Listener at 127.0.0.1/39857] INFO  volume.HddsVolume (HddsVolume.java:<init>(176)) - Creating Volume: /github/workspace/mnt/ozone/hadoop-ozone/integration-test/target/test-dir/MiniOzoneClusterImpl-087f03cc-a5a8-466d-ba79-9ca00bc8af49/datanode-7/data-0/containers/hdds of storage type : DISK and capacity : 9223372036854775807
2020-05-27 19:49:45,335 [Listener at 127.0.0.1/39857] INFO  volume.MutableVolumeSet (MutableVolumeSet.java:initializeVolumeSet(181)) - Added Volume : /github/workspace/mnt/ozone/hadoop-ozone/integration-test/target/test-dir/MiniOzoneClusterImpl-087f03cc-a5a8-466d-ba79-9ca00bc8af49/datanode-7/data-0/containers/hdds to VolumeSet
2020-05-27 19:49:45,335 [Listener at 127.0.0.1/39857] INFO  volume.ThrottledAsyncChecker (ThrottledAsyncChecker.java:schedule(141)) - Scheduling a check for /github/workspace/mnt/ozone/hadoop-ozone/integration-test/target/test-dir/MiniOzoneClusterImpl-087f03cc-a5a8-466d-ba79-9ca00bc8af49/datanode-7/data-0/containers/hdds
2020-05-27 19:49:45,336 [Listener at 127.0.0.1/39857] INFO  volume.HddsVolumeChecker (HddsVolumeChecker.java:checkAllVolumes(200)) - Scheduled health check for volume /github/workspace/mnt/ozone/hadoop-ozone/integration-test/target/test-dir/MiniOzoneClusterImpl-087f03cc-a5a8-466d-ba79-9ca00bc8af49/datanode-7/data-0/containers/hdds
2020-05-27 19:49:45,365 [org.apache.hadoop.util.JvmPauseMonitor$Monitor@1e6a6dca] INFO  util.JvmPauseMonitor (JvmPauseMonitor.java:run(188)) - Starting JVM pause monitor
2020-05-27 19:49:45,367 [Datanode State Machine Thread - 0] INFO  datanode.InitDatanodeState (InitDatanodeState.java:persistContainerDatanodeDetails(145)) - DatanodeDetails is persisted to /github/workspace/mnt/ozone/hadoop-ozone/integration-test/target/test-dir/MiniOzoneClusterImpl-087f03cc-a5a8-466d-ba79-9ca00bc8af49/datanode-6/meta/datanode.id
2020-05-27 19:49:45,374 [Listener at 127.0.0.1/39857] INFO  impl.RaftServerProxy (ConfUtils.java:logGet(44)) - raft.rpc.type = GRPC (default)
2020-05-27 19:49:45,374 [Listener at 127.0.0.1/39857] INFO  grpc.GrpcFactory (GrpcFactory.java:checkPooledByteBufAllocatorUseCacheForAllThreads(45)) - PERFORMANCE WARNING: useCacheForAllThreads is true that may cause Netty to create a lot garbage objects and, as a result, trigger GC.
	It is recommended to disable useCacheForAllThreads by setting -Dorg.apache.ratis.thirdparty.io.netty.allocator.useCacheForAllThreads=false in command line.
2020-05-27 19:49:45,374 [Listener at 127.0.0.1/39857] INFO  grpc.GrpcConfigKeys (ConfUtils.java:logGet(44)) - raft.grpc.server.port = 0 (default)
2020-05-27 19:49:45,375 [Listener at 127.0.0.1/39857] INFO  server.GrpcService (ConfUtils.java:logGet(44)) - raft.grpc.message.size.max = 32MB (=33554432) (custom)
2020-05-27 19:49:45,375 [Listener at 127.0.0.1/39857] INFO  server.RaftServerConfigKeys (ConfUtils.java:logGet(44)) - raft.server.log.appender.buffer.byte-limit = 33554432 (custom)
2020-05-27 19:49:45,375 [Listener at 127.0.0.1/39857] INFO  server.GrpcService (ConfUtils.java:logGet(44)) - raft.grpc.flow.control.window = 5MB (=5242880) (custom)
2020-05-27 19:49:45,375 [Listener at 127.0.0.1/39857] INFO  server.RaftServerConfigKeys (ConfUtils.java:logGet(44)) - raft.server.rpc.request.timeout = 60s (custom)
2020-05-27 19:49:45,376 [Listener at 127.0.0.1/39857] INFO  server.RaftServerConfigKeys (ConfUtils.java:logGet(44)) - raft.server.storage.dir = [/github/workspace/mnt/ozone/hadoop-ozone/integration-test/target/test-dir/MiniOzoneClusterImpl-087f03cc-a5a8-466d-ba79-9ca00bc8af49/datanode-7/data/ratis] (custom)
2020-05-27 19:49:45,386 [Listener at 127.0.0.1/39857] INFO  http.BaseHttpServer (BaseHttpServer.java:newHttpServer2BuilderForOzone(205)) - Starting Web-server for hddsDatanode at: http://0.0.0.0:0
2020-05-27 19:49:45,386 [Listener at 127.0.0.1/39857] INFO  http.BaseHttpServer (BaseHttpServer.java:<init>(106)) - Hadoop Security Enabled: false Ozone Security Enabled: false Ozone HTTP Security Enabled: false 
2020-05-27 19:49:45,388 [Listener at 127.0.0.1/39857] INFO  server.AuthenticationFilter (AuthenticationFilter.java:constructSecretProvider(240)) - Unable to initialize FileSignerSecretProvider, falling back to use random secrets.
2020-05-27 19:49:45,388 [Listener at 127.0.0.1/39857] WARN  http.HttpRequestLog (HttpRequestLog.java:getRequestLog(103)) - Jetty request log can only be enabled using Log4j
2020-05-27 19:49:45,389 [Listener at 127.0.0.1/39857] INFO  http.HttpServer2 (HttpServer2.java:addGlobalFilter(993)) - Added global filter 'safety' (class=org.apache.hadoop.hdds.server.http.HttpServer2$QuotingInputFilter)
2020-05-27 19:49:45,390 [Listener at 127.0.0.1/39857] INFO  http.HttpServer2 (HttpServer2.java:addFilter(969)) - Added filter authentication (class=org.apache.hadoop.security.authentication.server.AuthenticationFilter) to context hddsDatanode
2020-05-27 19:49:45,390 [Listener at 127.0.0.1/39857] INFO  http.HttpServer2 (HttpServer2.java:addFilter(977)) - Added filter authentication (class=org.apache.hadoop.security.authentication.server.AuthenticationFilter) to context static
2020-05-27 19:49:45,390 [Listener at 127.0.0.1/39857] INFO  http.HttpServer2 (HttpServer2.java:addFilter(977)) - Added filter authentication (class=org.apache.hadoop.security.authentication.server.AuthenticationFilter) to context logs
2020-05-27 19:49:45,391 [Listener at 127.0.0.1/39857] INFO  http.HttpServer2 (HttpServer2.java:bindListener(1211)) - Jetty bound to port 43591
2020-05-27 19:49:45,391 [Listener at 127.0.0.1/39857] INFO  server.Server (Server.java:doStart(359)) - jetty-9.4.26.v20200117; built: 2020-01-17T12:35:33.676Z; git: 7b38981d25d14afb4a12ff1f2596756144edf695; jvm 1.8.0_232-b09
2020-05-27 19:49:45,394 [Listener at 127.0.0.1/39857] INFO  server.session (DefaultSessionIdManager.java:doStart(333)) - DefaultSessionIdManager workerName=node0
2020-05-27 19:49:45,394 [Listener at 127.0.0.1/39857] INFO  server.session (DefaultSessionIdManager.java:doStart(338)) - No SessionScavenger set, using defaults
2020-05-27 19:49:45,394 [Listener at 127.0.0.1/39857] INFO  server.session (HouseKeeper.java:startScavenging(140)) - node0 Scavenging every 660000ms
2020-05-27 19:49:45,395 [Listener at 127.0.0.1/39857] INFO  server.AuthenticationFilter (AuthenticationFilter.java:constructSecretProvider(240)) - Unable to initialize FileSignerSecretProvider, falling back to use random secrets.
2020-05-27 19:49:45,396 [Listener at 127.0.0.1/39857] INFO  handler.ContextHandler (ContextHandler.java:doStart(825)) - Started o.e.j.s.ServletContextHandler@7212d3df{logs,/logs,file:///github/workspace/mnt/ozone/hadoop-ozone/integration-test/target/log,AVAILABLE}
2020-05-27 19:49:45,396 [Listener at 127.0.0.1/39857] INFO  handler.ContextHandler (ContextHandler.java:doStart(825)) - Started o.e.j.s.ServletContextHandler@6ff05f85{static,/static,jar:file:/home/user/.m2/repository/org/apache/hadoop/hadoop-hdds-container-service/0.6.0-SNAPSHOT/hadoop-hdds-container-service-0.6.0-SNAPSHOT.jar!/webapps/static,AVAILABLE}
2020-05-27 19:49:45,423 [Listener at 127.0.0.1/39857] INFO  handler.ContextHandler (ContextHandler.java:doStart(825)) - Started o.e.j.w.WebAppContext@51c0346d{hddsDatanode,/,file:///tmp/jetty-0_0_0_0-43591-hadoop-hdds-container-service-0_6_0-SNAPSHOT_jar-_-any-1117220609865800556.dir/webapp/,AVAILABLE}{jar:file:/home/user/.m2/repository/org/apache/hadoop/hadoop-hdds-container-service/0.6.0-SNAPSHOT/hadoop-hdds-container-service-0.6.0-SNAPSHOT.jar!/webapps/hddsDatanode}
2020-05-27 19:49:45,426 [Listener at 127.0.0.1/39857] INFO  server.AbstractConnector (AbstractConnector.java:doStart(330)) - Started ServerConnector@77a14911{HTTP/1.1,[http/1.1]}{0.0.0.0:43591}
2020-05-27 19:49:45,428 [Listener at 127.0.0.1/39857] INFO  server.Server (Server.java:doStart(399)) - Started @5891ms
2020-05-27 19:49:45,428 [Listener at 127.0.0.1/39857] WARN  impl.MetricsSystemImpl (MetricsSystemImpl.java:register(276)) - Sink prometheus already exists!
2020-05-27 19:49:45,431 [Listener at 127.0.0.1/39857] INFO  http.BaseHttpServer (BaseHttpServer.java:updateConnectorAddress(325)) - HTTP server of hddsDatanode listening at http://0.0.0.0:43591
2020-05-27 19:49:45,432 [Listener at 127.0.0.1/39857] INFO  impl.MetricsSystemImpl (MetricsSystemImpl.java:init(158)) - HddsDatanode metrics system started (again)
2020-05-27 19:49:45,434 [Listener at 127.0.0.1/39857] INFO  ozone.HddsDatanodeService (HddsDatanodeService.java:start(204)) - HddsDatanodeService host:d78c3f676a41 ip:172.17.0.2
2020-05-27 19:49:45,436 [Listener at 127.0.0.1/39857] INFO  volume.HddsVolume (HddsVolume.java:<init>(176)) - Creating Volume: /github/workspace/mnt/ozone/hadoop-ozone/integration-test/target/test-dir/MiniOzoneClusterImpl-087f03cc-a5a8-466d-ba79-9ca00bc8af49/datanode-8/data-0/containers/hdds of storage type : DISK and capacity : 9223372036854775807
2020-05-27 19:49:45,436 [Listener at 127.0.0.1/39857] INFO  volume.MutableVolumeSet (MutableVolumeSet.java:initializeVolumeSet(181)) - Added Volume : /github/workspace/mnt/ozone/hadoop-ozone/integration-test/target/test-dir/MiniOzoneClusterImpl-087f03cc-a5a8-466d-ba79-9ca00bc8af49/datanode-8/data-0/containers/hdds to VolumeSet
2020-05-27 19:49:45,436 [Listener at 127.0.0.1/39857] INFO  volume.ThrottledAsyncChecker (ThrottledAsyncChecker.java:schedule(141)) - Scheduling a check for /github/workspace/mnt/ozone/hadoop-ozone/integration-test/target/test-dir/MiniOzoneClusterImpl-087f03cc-a5a8-466d-ba79-9ca00bc8af49/datanode-8/data-0/containers/hdds
2020-05-27 19:49:45,437 [Listener at 127.0.0.1/39857] INFO  volume.HddsVolumeChecker (HddsVolumeChecker.java:checkAllVolumes(200)) - Scheduled health check for volume /github/workspace/mnt/ozone/hadoop-ozone/integration-test/target/test-dir/MiniOzoneClusterImpl-087f03cc-a5a8-466d-ba79-9ca00bc8af49/datanode-8/data-0/containers/hdds
2020-05-27 19:49:45,460 [org.apache.hadoop.util.JvmPauseMonitor$Monitor@8d657b1] INFO  util.JvmPauseMonitor (JvmPauseMonitor.java:run(188)) - Starting JVM pause monitor
2020-05-27 19:49:45,462 [Datanode State Machine Thread - 0] INFO  datanode.InitDatanodeState (InitDatanodeState.java:persistContainerDatanodeDetails(145)) - DatanodeDetails is persisted to /github/workspace/mnt/ozone/hadoop-ozone/integration-test/target/test-dir/MiniOzoneClusterImpl-087f03cc-a5a8-466d-ba79-9ca00bc8af49/datanode-7/meta/datanode.id
2020-05-27 19:49:45,466 [Listener at 127.0.0.1/39857] INFO  impl.RaftServerProxy (ConfUtils.java:logGet(44)) - raft.rpc.type = GRPC (default)
2020-05-27 19:49:45,466 [Listener at 127.0.0.1/39857] INFO  grpc.GrpcFactory (GrpcFactory.java:checkPooledByteBufAllocatorUseCacheForAllThreads(45)) - PERFORMANCE WARNING: useCacheForAllThreads is true that may cause Netty to create a lot garbage objects and, as a result, trigger GC.
	It is recommended to disable useCacheForAllThreads by setting -Dorg.apache.ratis.thirdparty.io.netty.allocator.useCacheForAllThreads=false in command line.
2020-05-27 19:49:45,466 [Listener at 127.0.0.1/39857] INFO  grpc.GrpcConfigKeys (ConfUtils.java:logGet(44)) - raft.grpc.server.port = 0 (default)
2020-05-27 19:49:45,467 [Listener at 127.0.0.1/39857] INFO  server.GrpcService (ConfUtils.java:logGet(44)) - raft.grpc.message.size.max = 32MB (=33554432) (custom)
2020-05-27 19:49:45,467 [Listener at 127.0.0.1/39857] INFO  server.RaftServerConfigKeys (ConfUtils.java:logGet(44)) - raft.server.log.appender.buffer.byte-limit = 33554432 (custom)
2020-05-27 19:49:45,468 [Listener at 127.0.0.1/39857] INFO  server.GrpcService (ConfUtils.java:logGet(44)) - raft.grpc.flow.control.window = 5MB (=5242880) (custom)
2020-05-27 19:49:45,468 [Listener at 127.0.0.1/39857] INFO  server.RaftServerConfigKeys (ConfUtils.java:logGet(44)) - raft.server.rpc.request.timeout = 60s (custom)
2020-05-27 19:49:45,470 [Listener at 127.0.0.1/39857] INFO  server.RaftServerConfigKeys (ConfUtils.java:logGet(44)) - raft.server.storage.dir = [/github/workspace/mnt/ozone/hadoop-ozone/integration-test/target/test-dir/MiniOzoneClusterImpl-087f03cc-a5a8-466d-ba79-9ca00bc8af49/datanode-8/data/ratis] (custom)
2020-05-27 19:49:45,474 [Listener at 127.0.0.1/39857] INFO  http.BaseHttpServer (BaseHttpServer.java:newHttpServer2BuilderForOzone(205)) - Starting Web-server for hddsDatanode at: http://0.0.0.0:0
2020-05-27 19:49:45,475 [Listener at 127.0.0.1/39857] INFO  http.BaseHttpServer (BaseHttpServer.java:<init>(106)) - Hadoop Security Enabled: false Ozone Security Enabled: false Ozone HTTP Security Enabled: false 
2020-05-27 19:49:45,476 [Listener at 127.0.0.1/39857] INFO  server.AuthenticationFilter (AuthenticationFilter.java:constructSecretProvider(240)) - Unable to initialize FileSignerSecretProvider, falling back to use random secrets.
2020-05-27 19:49:45,477 [Listener at 127.0.0.1/39857] WARN  http.HttpRequestLog (HttpRequestLog.java:getRequestLog(103)) - Jetty request log can only be enabled using Log4j
2020-05-27 19:49:45,477 [Listener at 127.0.0.1/39857] INFO  http.HttpServer2 (HttpServer2.java:addGlobalFilter(993)) - Added global filter 'safety' (class=org.apache.hadoop.hdds.server.http.HttpServer2$QuotingInputFilter)
2020-05-27 19:49:45,478 [Listener at 127.0.0.1/39857] INFO  http.HttpServer2 (HttpServer2.java:addFilter(969)) - Added filter authentication (class=org.apache.hadoop.security.authentication.server.AuthenticationFilter) to context hddsDatanode
2020-05-27 19:49:45,478 [Listener at 127.0.0.1/39857] INFO  http.HttpServer2 (HttpServer2.java:addFilter(977)) - Added filter authentication (class=org.apache.hadoop.security.authentication.server.AuthenticationFilter) to context logs
2020-05-27 19:49:45,478 [Listener at 127.0.0.1/39857] INFO  http.HttpServer2 (HttpServer2.java:addFilter(977)) - Added filter authentication (class=org.apache.hadoop.security.authentication.server.AuthenticationFilter) to context static
2020-05-27 19:49:45,479 [Listener at 127.0.0.1/39857] INFO  http.HttpServer2 (HttpServer2.java:bindListener(1211)) - Jetty bound to port 45973
2020-05-27 19:49:45,479 [Listener at 127.0.0.1/39857] INFO  server.Server (Server.java:doStart(359)) - jetty-9.4.26.v20200117; built: 2020-01-17T12:35:33.676Z; git: 7b38981d25d14afb4a12ff1f2596756144edf695; jvm 1.8.0_232-b09
2020-05-27 19:49:45,482 [Listener at 127.0.0.1/39857] INFO  server.session (DefaultSessionIdManager.java:doStart(333)) - DefaultSessionIdManager workerName=node0
2020-05-27 19:49:45,482 [Listener at 127.0.0.1/39857] INFO  server.session (DefaultSessionIdManager.java:doStart(338)) - No SessionScavenger set, using defaults
2020-05-27 19:49:45,482 [Listener at 127.0.0.1/39857] INFO  server.session (HouseKeeper.java:startScavenging(140)) - node0 Scavenging every 660000ms
2020-05-27 19:49:45,484 [Listener at 127.0.0.1/39857] INFO  server.AuthenticationFilter (AuthenticationFilter.java:constructSecretProvider(240)) - Unable to initialize FileSignerSecretProvider, falling back to use random secrets.
2020-05-27 19:49:45,485 [Listener at 127.0.0.1/39857] INFO  handler.ContextHandler (ContextHandler.java:doStart(825)) - Started o.e.j.s.ServletContextHandler@5ab7e997{logs,/logs,file:///github/workspace/mnt/ozone/hadoop-ozone/integration-test/target/log,AVAILABLE}
2020-05-27 19:49:45,485 [Listener at 127.0.0.1/39857] INFO  handler.ContextHandler (ContextHandler.java:doStart(825)) - Started o.e.j.s.ServletContextHandler@1b3b5252{static,/static,jar:file:/home/user/.m2/repository/org/apache/hadoop/hadoop-hdds-container-service/0.6.0-SNAPSHOT/hadoop-hdds-container-service-0.6.0-SNAPSHOT.jar!/webapps/static,AVAILABLE}
2020-05-27 19:49:45,512 [Listener at 127.0.0.1/39857] INFO  handler.ContextHandler (ContextHandler.java:doStart(825)) - Started o.e.j.w.WebAppContext@5f1eff72{hddsDatanode,/,file:///tmp/jetty-0_0_0_0-45973-hadoop-hdds-container-service-0_6_0-SNAPSHOT_jar-_-any-2335636786100553653.dir/webapp/,AVAILABLE}{jar:file:/home/user/.m2/repository/org/apache/hadoop/hadoop-hdds-container-service/0.6.0-SNAPSHOT/hadoop-hdds-container-service-0.6.0-SNAPSHOT.jar!/webapps/hddsDatanode}
2020-05-27 19:49:45,516 [Listener at 127.0.0.1/39857] INFO  server.AbstractConnector (AbstractConnector.java:doStart(330)) - Started ServerConnector@dc28d74{HTTP/1.1,[http/1.1]}{0.0.0.0:45973}
2020-05-27 19:49:45,516 [Listener at 127.0.0.1/39857] INFO  server.Server (Server.java:doStart(399)) - Started @5979ms
2020-05-27 19:49:45,516 [Listener at 127.0.0.1/39857] WARN  impl.MetricsSystemImpl (MetricsSystemImpl.java:register(276)) - Sink prometheus already exists!
2020-05-27 19:49:45,519 [Listener at 127.0.0.1/39857] INFO  http.BaseHttpServer (BaseHttpServer.java:updateConnectorAddress(325)) - HTTP server of hddsDatanode listening at http://0.0.0.0:45973
2020-05-27 19:49:45,519 [Listener at 127.0.0.1/39857] INFO  impl.MetricsSystemImpl (MetricsSystemImpl.java:init(158)) - HddsDatanode metrics system started (again)
2020-05-27 19:49:45,522 [Listener at 127.0.0.1/39857] INFO  ozone.HddsDatanodeService (HddsDatanodeService.java:start(204)) - HddsDatanodeService host:d78c3f676a41 ip:172.17.0.2
2020-05-27 19:49:45,525 [Listener at 127.0.0.1/39857] INFO  volume.HddsVolume (HddsVolume.java:<init>(176)) - Creating Volume: /github/workspace/mnt/ozone/hadoop-ozone/integration-test/target/test-dir/MiniOzoneClusterImpl-087f03cc-a5a8-466d-ba79-9ca00bc8af49/datanode-9/data-0/containers/hdds of storage type : DISK and capacity : 9223372036854775807
2020-05-27 19:49:45,525 [Listener at 127.0.0.1/39857] INFO  volume.MutableVolumeSet (MutableVolumeSet.java:initializeVolumeSet(181)) - Added Volume : /github/workspace/mnt/ozone/hadoop-ozone/integration-test/target/test-dir/MiniOzoneClusterImpl-087f03cc-a5a8-466d-ba79-9ca00bc8af49/datanode-9/data-0/containers/hdds to VolumeSet
2020-05-27 19:49:45,525 [Listener at 127.0.0.1/39857] INFO  volume.ThrottledAsyncChecker (ThrottledAsyncChecker.java:schedule(141)) - Scheduling a check for /github/workspace/mnt/ozone/hadoop-ozone/integration-test/target/test-dir/MiniOzoneClusterImpl-087f03cc-a5a8-466d-ba79-9ca00bc8af49/datanode-9/data-0/containers/hdds
2020-05-27 19:49:45,526 [Listener at 127.0.0.1/39857] INFO  volume.HddsVolumeChecker (HddsVolumeChecker.java:checkAllVolumes(200)) - Scheduled health check for volume /github/workspace/mnt/ozone/hadoop-ozone/integration-test/target/test-dir/MiniOzoneClusterImpl-087f03cc-a5a8-466d-ba79-9ca00bc8af49/datanode-9/data-0/containers/hdds
2020-05-27 19:49:45,534 [org.apache.hadoop.util.JvmPauseMonitor$Monitor@688ea6ea] INFO  util.JvmPauseMonitor (JvmPauseMonitor.java:run(188)) - Starting JVM pause monitor
2020-05-27 19:49:45,538 [Datanode State Machine Thread - 0] INFO  datanode.InitDatanodeState (InitDatanodeState.java:persistContainerDatanodeDetails(145)) - DatanodeDetails is persisted to /github/workspace/mnt/ozone/hadoop-ozone/integration-test/target/test-dir/MiniOzoneClusterImpl-087f03cc-a5a8-466d-ba79-9ca00bc8af49/datanode-8/meta/datanode.id
2020-05-27 19:49:45,546 [Listener at 127.0.0.1/39857] INFO  impl.RaftServerProxy (ConfUtils.java:logGet(44)) - raft.rpc.type = GRPC (default)
2020-05-27 19:49:45,547 [Listener at 127.0.0.1/39857] INFO  grpc.GrpcFactory (GrpcFactory.java:checkPooledByteBufAllocatorUseCacheForAllThreads(45)) - PERFORMANCE WARNING: useCacheForAllThreads is true that may cause Netty to create a lot garbage objects and, as a result, trigger GC.
	It is recommended to disable useCacheForAllThreads by setting -Dorg.apache.ratis.thirdparty.io.netty.allocator.useCacheForAllThreads=false in command line.
2020-05-27 19:49:45,547 [Listener at 127.0.0.1/39857] INFO  grpc.GrpcConfigKeys (ConfUtils.java:logGet(44)) - raft.grpc.server.port = 0 (default)
2020-05-27 19:49:45,547 [Listener at 127.0.0.1/39857] INFO  server.GrpcService (ConfUtils.java:logGet(44)) - raft.grpc.message.size.max = 32MB (=33554432) (custom)
2020-05-27 19:49:45,548 [Listener at 127.0.0.1/39857] INFO  server.RaftServerConfigKeys (ConfUtils.java:logGet(44)) - raft.server.log.appender.buffer.byte-limit = 33554432 (custom)
2020-05-27 19:49:45,548 [Listener at 127.0.0.1/39857] INFO  server.GrpcService (ConfUtils.java:logGet(44)) - raft.grpc.flow.control.window = 5MB (=5242880) (custom)
2020-05-27 19:49:45,552 [Listener at 127.0.0.1/39857] INFO  server.RaftServerConfigKeys (ConfUtils.java:logGet(44)) - raft.server.rpc.request.timeout = 60s (custom)
2020-05-27 19:49:45,553 [Listener at 127.0.0.1/39857] INFO  server.RaftServerConfigKeys (ConfUtils.java:logGet(44)) - raft.server.storage.dir = [/github/workspace/mnt/ozone/hadoop-ozone/integration-test/target/test-dir/MiniOzoneClusterImpl-087f03cc-a5a8-466d-ba79-9ca00bc8af49/datanode-9/data/ratis] (custom)
2020-05-27 19:49:45,564 [Listener at 127.0.0.1/39857] INFO  http.BaseHttpServer (BaseHttpServer.java:newHttpServer2BuilderForOzone(205)) - Starting Web-server for hddsDatanode at: http://0.0.0.0:0
2020-05-27 19:49:45,564 [Listener at 127.0.0.1/39857] INFO  http.BaseHttpServer (BaseHttpServer.java:<init>(106)) - Hadoop Security Enabled: false Ozone Security Enabled: false Ozone HTTP Security Enabled: false 
2020-05-27 19:49:45,566 [Listener at 127.0.0.1/39857] INFO  server.AuthenticationFilter (AuthenticationFilter.java:constructSecretProvider(240)) - Unable to initialize FileSignerSecretProvider, falling back to use random secrets.
2020-05-27 19:49:45,567 [Listener at 127.0.0.1/39857] WARN  http.HttpRequestLog (HttpRequestLog.java:getRequestLog(103)) - Jetty request log can only be enabled using Log4j
2020-05-27 19:49:45,568 [Listener at 127.0.0.1/39857] INFO  http.HttpServer2 (HttpServer2.java:addGlobalFilter(993)) - Added global filter 'safety' (class=org.apache.hadoop.hdds.server.http.HttpServer2$QuotingInputFilter)
2020-05-27 19:49:45,569 [Listener at 127.0.0.1/39857] INFO  http.HttpServer2 (HttpServer2.java:addFilter(969)) - Added filter authentication (class=org.apache.hadoop.security.authentication.server.AuthenticationFilter) to context hddsDatanode
2020-05-27 19:49:45,570 [Listener at 127.0.0.1/39857] INFO  http.HttpServer2 (HttpServer2.java:addFilter(977)) - Added filter authentication (class=org.apache.hadoop.security.authentication.server.AuthenticationFilter) to context logs
2020-05-27 19:49:45,570 [Listener at 127.0.0.1/39857] INFO  http.HttpServer2 (HttpServer2.java:addFilter(977)) - Added filter authentication (class=org.apache.hadoop.security.authentication.server.AuthenticationFilter) to context static
2020-05-27 19:49:45,570 [Listener at 127.0.0.1/39857] INFO  http.HttpServer2 (HttpServer2.java:bindListener(1211)) - Jetty bound to port 40869
2020-05-27 19:49:45,570 [Listener at 127.0.0.1/39857] INFO  server.Server (Server.java:doStart(359)) - jetty-9.4.26.v20200117; built: 2020-01-17T12:35:33.676Z; git: 7b38981d25d14afb4a12ff1f2596756144edf695; jvm 1.8.0_232-b09
2020-05-27 19:49:45,573 [Listener at 127.0.0.1/39857] INFO  server.session (DefaultSessionIdManager.java:doStart(333)) - DefaultSessionIdManager workerName=node0
2020-05-27 19:49:45,573 [Listener at 127.0.0.1/39857] INFO  server.session (DefaultSessionIdManager.java:doStart(338)) - No SessionScavenger set, using defaults
2020-05-27 19:49:45,573 [Listener at 127.0.0.1/39857] INFO  server.session (HouseKeeper.java:startScavenging(140)) - node0 Scavenging every 600000ms
2020-05-27 19:49:45,574 [Listener at 127.0.0.1/39857] INFO  server.AuthenticationFilter (AuthenticationFilter.java:constructSecretProvider(240)) - Unable to initialize FileSignerSecretProvider, falling back to use random secrets.
2020-05-27 19:49:45,575 [Listener at 127.0.0.1/39857] INFO  handler.ContextHandler (ContextHandler.java:doStart(825)) - Started o.e.j.s.ServletContextHandler@480d3c40{logs,/logs,file:///github/workspace/mnt/ozone/hadoop-ozone/integration-test/target/log,AVAILABLE}
2020-05-27 19:49:45,576 [Listener at 127.0.0.1/39857] INFO  handler.ContextHandler (ContextHandler.java:doStart(825)) - Started o.e.j.s.ServletContextHandler@4e7e7763{static,/static,jar:file:/home/user/.m2/repository/org/apache/hadoop/hadoop-hdds-container-service/0.6.0-SNAPSHOT/hadoop-hdds-container-service-0.6.0-SNAPSHOT.jar!/webapps/static,AVAILABLE}
2020-05-27 19:49:45,607 [Listener at 127.0.0.1/39857] INFO  handler.ContextHandler (ContextHandler.java:doStart(825)) - Started o.e.j.w.WebAppContext@17e2ad13{hddsDatanode,/,file:///tmp/jetty-0_0_0_0-40869-hadoop-hdds-container-service-0_6_0-SNAPSHOT_jar-_-any-736344453493344512.dir/webapp/,AVAILABLE}{jar:file:/home/user/.m2/repository/org/apache/hadoop/hadoop-hdds-container-service/0.6.0-SNAPSHOT/hadoop-hdds-container-service-0.6.0-SNAPSHOT.jar!/webapps/hddsDatanode}
2020-05-27 19:49:45,608 [Listener at 127.0.0.1/39857] INFO  server.AbstractConnector (AbstractConnector.java:doStart(330)) - Started ServerConnector@77a6aa9f{HTTP/1.1,[http/1.1]}{0.0.0.0:40869}
2020-05-27 19:49:45,609 [Listener at 127.0.0.1/39857] INFO  server.Server (Server.java:doStart(399)) - Started @6072ms
2020-05-27 19:49:45,609 [Listener at 127.0.0.1/39857] WARN  impl.MetricsSystemImpl (MetricsSystemImpl.java:register(276)) - Sink prometheus already exists!
2020-05-27 19:49:45,612 [Listener at 127.0.0.1/39857] INFO  http.BaseHttpServer (BaseHttpServer.java:updateConnectorAddress(325)) - HTTP server of hddsDatanode listening at http://0.0.0.0:40869
2020-05-27 19:49:45,613 [Listener at 127.0.0.1/39857] INFO  ozone.MiniOzoneClusterImpl (MiniOzoneClusterImpl.java:lambda$waitForClusterToBeReady$0(177)) - Waiting for nodes to be ready. Got 0 of 10 DN Heartbeats.
2020-05-27 19:49:45,613 [Listener at 127.0.0.1/39857] INFO  ozone.MiniOzoneClusterImpl (MiniOzoneClusterImpl.java:lambda$waitForClusterToBeReady$0(180)) - Waiting for cluster to exit safe mode
2020-05-27 19:49:45,622 [org.apache.hadoop.util.JvmPauseMonitor$Monitor@516a184f] INFO  util.JvmPauseMonitor (JvmPauseMonitor.java:run(188)) - Starting JVM pause monitor
2020-05-27 19:49:45,623 [Datanode State Machine Thread - 0] INFO  datanode.InitDatanodeState (InitDatanodeState.java:persistContainerDatanodeDetails(145)) - DatanodeDetails is persisted to /github/workspace/mnt/ozone/hadoop-ozone/integration-test/target/test-dir/MiniOzoneClusterImpl-087f03cc-a5a8-466d-ba79-9ca00bc8af49/datanode-9/meta/datanode.id
2020-05-27 19:49:46,613 [Listener at 127.0.0.1/39857] INFO  ozone.MiniOzoneClusterImpl (MiniOzoneClusterImpl.java:lambda$waitForClusterToBeReady$0(177)) - Waiting for nodes to be ready. Got 0 of 10 DN Heartbeats.
2020-05-27 19:49:46,614 [Listener at 127.0.0.1/39857] INFO  ozone.MiniOzoneClusterImpl (MiniOzoneClusterImpl.java:lambda$waitForClusterToBeReady$0(180)) - Waiting for cluster to exit safe mode
2020-05-27 19:49:46,742 [Datanode State Machine Thread - 0] INFO  ozoneimpl.OzoneContainer (OzoneContainer.java:start(232)) - Attempting to start container services.
2020-05-27 19:49:46,744 [Datanode State Machine Thread - 0] INFO  ozoneimpl.OzoneContainer (OzoneContainer.java:startContainerScrub(196)) - Background container scanner has been disabled.
2020-05-27 19:49:46,745 [Datanode State Machine Thread - 0] INFO  ratis.XceiverServerRatis (XceiverServerRatis.java:start(425)) - Starting XceiverServerRatis af513c94-01c3-4855-98d9-113503fe5dde at port 0
2020-05-27 19:49:46,758 [Datanode State Machine Thread - 0] INFO  impl.RaftServerProxy (RaftServerProxy.java:lambda$start$3(299)) - af513c94-01c3-4855-98d9-113503fe5dde: start RPC server
2020-05-27 19:49:46,813 [Datanode State Machine Thread - 0] INFO  server.GrpcService (GrpcService.java:startImpl(159)) - af513c94-01c3-4855-98d9-113503fe5dde: GrpcService started, listening on 0.0.0.0/0.0.0.0:38851
2020-05-27 19:49:46,814 [Datanode State Machine Thread - 0] INFO  ratis.XceiverServerRatis (XceiverServerRatis.java:start(437)) - XceiverServerRatis af513c94-01c3-4855-98d9-113503fe5dde is started using port 38851
2020-05-27 19:49:46,818 [Datanode State Machine Thread - 0] INFO  server.XceiverServerGrpc (XceiverServerGrpc.java:start(145)) - XceiverServerGrpc af513c94-01c3-4855-98d9-113503fe5dde is started using port 39661
2020-05-27 19:49:46,845 [Datanode State Machine Thread - 0] INFO  ozoneimpl.OzoneContainer (OzoneContainer.java:start(232)) - Attempting to start container services.
2020-05-27 19:49:46,850 [Datanode State Machine Thread - 0] INFO  ozoneimpl.OzoneContainer (OzoneContainer.java:startContainerScrub(196)) - Background container scanner has been disabled.
2020-05-27 19:49:46,850 [Datanode State Machine Thread - 0] INFO  ratis.XceiverServerRatis (XceiverServerRatis.java:start(425)) - Starting XceiverServerRatis 11818299-8fcf-4dd1-9a9c-009f994fa618 at port 0
2020-05-27 19:49:46,852 [Datanode State Machine Thread - 0] INFO  impl.RaftServerProxy (RaftServerProxy.java:lambda$start$3(299)) - 11818299-8fcf-4dd1-9a9c-009f994fa618: start RPC server
2020-05-27 19:49:46,868 [Datanode State Machine Thread - 0] INFO  server.GrpcService (GrpcService.java:startImpl(159)) - 11818299-8fcf-4dd1-9a9c-009f994fa618: GrpcService started, listening on 0.0.0.0/0.0.0.0:36841
2020-05-27 19:49:46,868 [Datanode State Machine Thread - 0] INFO  ratis.XceiverServerRatis (XceiverServerRatis.java:start(437)) - XceiverServerRatis 11818299-8fcf-4dd1-9a9c-009f994fa618 is started using port 36841
2020-05-27 19:49:46,870 [Datanode State Machine Thread - 0] INFO  server.XceiverServerGrpc (XceiverServerGrpc.java:start(145)) - XceiverServerGrpc 11818299-8fcf-4dd1-9a9c-009f994fa618 is started using port 36973
2020-05-27 19:49:46,973 [Datanode State Machine Thread - 0] INFO  ozoneimpl.OzoneContainer (OzoneContainer.java:start(232)) - Attempting to start container services.
2020-05-27 19:49:46,974 [Datanode State Machine Thread - 0] INFO  ozoneimpl.OzoneContainer (OzoneContainer.java:startContainerScrub(196)) - Background container scanner has been disabled.
2020-05-27 19:49:46,974 [Datanode State Machine Thread - 0] INFO  ratis.XceiverServerRatis (XceiverServerRatis.java:start(425)) - Starting XceiverServerRatis 1c4024eb-e8ae-4853-a4fd-b82bf2e3801f at port 0
2020-05-27 19:49:46,977 [Datanode State Machine Thread - 0] INFO  impl.RaftServerProxy (RaftServerProxy.java:lambda$start$3(299)) - 1c4024eb-e8ae-4853-a4fd-b82bf2e3801f: start RPC server
2020-05-27 19:49:46,996 [Datanode State Machine Thread - 0] INFO  server.GrpcService (GrpcService.java:startImpl(159)) - 1c4024eb-e8ae-4853-a4fd-b82bf2e3801f: GrpcService started, listening on 0.0.0.0/0.0.0.0:36233
2020-05-27 19:49:46,996 [Datanode State Machine Thread - 0] INFO  ratis.XceiverServerRatis (XceiverServerRatis.java:start(437)) - XceiverServerRatis 1c4024eb-e8ae-4853-a4fd-b82bf2e3801f is started using port 36233
2020-05-27 19:49:46,998 [Datanode State Machine Thread - 0] INFO  server.XceiverServerGrpc (XceiverServerGrpc.java:start(145)) - XceiverServerGrpc 1c4024eb-e8ae-4853-a4fd-b82bf2e3801f is started using port 36895
2020-05-27 19:49:47,072 [Datanode State Machine Thread - 0] INFO  ozoneimpl.OzoneContainer (OzoneContainer.java:start(232)) - Attempting to start container services.
2020-05-27 19:49:47,072 [Datanode State Machine Thread - 0] INFO  ozoneimpl.OzoneContainer (OzoneContainer.java:startContainerScrub(196)) - Background container scanner has been disabled.
2020-05-27 19:49:47,072 [Datanode State Machine Thread - 0] INFO  ratis.XceiverServerRatis (XceiverServerRatis.java:start(425)) - Starting XceiverServerRatis 87450af1-8bb1-47ca-8fff-c762ff1b8a7d at port 0
2020-05-27 19:49:47,075 [Datanode State Machine Thread - 0] INFO  impl.RaftServerProxy (RaftServerProxy.java:lambda$start$3(299)) - 87450af1-8bb1-47ca-8fff-c762ff1b8a7d: start RPC server
2020-05-27 19:49:47,089 [Datanode State Machine Thread - 0] INFO  server.GrpcService (GrpcService.java:startImpl(159)) - 87450af1-8bb1-47ca-8fff-c762ff1b8a7d: GrpcService started, listening on 0.0.0.0/0.0.0.0:40269
2020-05-27 19:49:47,089 [Datanode State Machine Thread - 0] INFO  ratis.XceiverServerRatis (XceiverServerRatis.java:start(437)) - XceiverServerRatis 87450af1-8bb1-47ca-8fff-c762ff1b8a7d is started using port 40269
2020-05-27 19:49:47,090 [Datanode State Machine Thread - 0] INFO  server.XceiverServerGrpc (XceiverServerGrpc.java:start(145)) - XceiverServerGrpc 87450af1-8bb1-47ca-8fff-c762ff1b8a7d is started using port 43663
2020-05-27 19:49:47,168 [Datanode State Machine Thread - 0] INFO  ozoneimpl.OzoneContainer (OzoneContainer.java:start(232)) - Attempting to start container services.
2020-05-27 19:49:47,169 [Datanode State Machine Thread - 0] INFO  ozoneimpl.OzoneContainer (OzoneContainer.java:startContainerScrub(196)) - Background container scanner has been disabled.
2020-05-27 19:49:47,169 [Datanode State Machine Thread - 0] INFO  ratis.XceiverServerRatis (XceiverServerRatis.java:start(425)) - Starting XceiverServerRatis 2688bacc-2ecf-4914-892d-45c47335b8b0 at port 0
2020-05-27 19:49:47,170 [Datanode State Machine Thread - 0] INFO  impl.RaftServerProxy (RaftServerProxy.java:lambda$start$3(299)) - 2688bacc-2ecf-4914-892d-45c47335b8b0: start RPC server
2020-05-27 19:49:47,177 [Datanode State Machine Thread - 0] INFO  server.GrpcService (GrpcService.java:startImpl(159)) - 2688bacc-2ecf-4914-892d-45c47335b8b0: GrpcService started, listening on 0.0.0.0/0.0.0.0:36383
2020-05-27 19:49:47,177 [Datanode State Machine Thread - 0] INFO  ratis.XceiverServerRatis (XceiverServerRatis.java:start(437)) - XceiverServerRatis 2688bacc-2ecf-4914-892d-45c47335b8b0 is started using port 36383
2020-05-27 19:49:47,178 [Datanode State Machine Thread - 0] INFO  server.XceiverServerGrpc (XceiverServerGrpc.java:start(145)) - XceiverServerGrpc 2688bacc-2ecf-4914-892d-45c47335b8b0 is started using port 38879
2020-05-27 19:49:47,287 [Datanode State Machine Thread - 0] INFO  ozoneimpl.OzoneContainer (OzoneContainer.java:start(232)) - Attempting to start container services.
2020-05-27 19:49:47,287 [Datanode State Machine Thread - 0] INFO  ozoneimpl.OzoneContainer (OzoneContainer.java:startContainerScrub(196)) - Background container scanner has been disabled.
2020-05-27 19:49:47,288 [Datanode State Machine Thread - 0] INFO  ratis.XceiverServerRatis (XceiverServerRatis.java:start(425)) - Starting XceiverServerRatis a0e9232a-3916-470b-b2b7-a7f4d4e85528 at port 0
2020-05-27 19:49:47,289 [Datanode State Machine Thread - 0] INFO  impl.RaftServerProxy (RaftServerProxy.java:lambda$start$3(299)) - a0e9232a-3916-470b-b2b7-a7f4d4e85528: start RPC server
2020-05-27 19:49:47,292 [Datanode State Machine Thread - 0] INFO  server.GrpcService (GrpcService.java:startImpl(159)) - a0e9232a-3916-470b-b2b7-a7f4d4e85528: GrpcService started, listening on 0.0.0.0/0.0.0.0:37069
2020-05-27 19:49:47,292 [Datanode State Machine Thread - 0] INFO  ratis.XceiverServerRatis (XceiverServerRatis.java:start(437)) - XceiverServerRatis a0e9232a-3916-470b-b2b7-a7f4d4e85528 is started using port 37069
2020-05-27 19:49:47,294 [Datanode State Machine Thread - 0] INFO  server.XceiverServerGrpc (XceiverServerGrpc.java:start(145)) - XceiverServerGrpc a0e9232a-3916-470b-b2b7-a7f4d4e85528 is started using port 36839
2020-05-27 19:49:47,358 [Datanode State Machine Thread - 0] INFO  ozoneimpl.OzoneContainer (OzoneContainer.java:start(232)) - Attempting to start container services.
2020-05-27 19:49:47,359 [Datanode State Machine Thread - 0] INFO  ozoneimpl.OzoneContainer (OzoneContainer.java:startContainerScrub(196)) - Background container scanner has been disabled.
2020-05-27 19:49:47,359 [Datanode State Machine Thread - 0] INFO  ratis.XceiverServerRatis (XceiverServerRatis.java:start(425)) - Starting XceiverServerRatis 9d7d5f46-81d4-46e0-8077-1e8e3e04f00a at port 0
2020-05-27 19:49:47,362 [Datanode State Machine Thread - 0] INFO  impl.RaftServerProxy (RaftServerProxy.java:lambda$start$3(299)) - 9d7d5f46-81d4-46e0-8077-1e8e3e04f00a: start RPC server
2020-05-27 19:49:47,364 [Datanode State Machine Thread - 0] INFO  server.GrpcService (GrpcService.java:startImpl(159)) - 9d7d5f46-81d4-46e0-8077-1e8e3e04f00a: GrpcService started, listening on 0.0.0.0/0.0.0.0:46303
2020-05-27 19:49:47,364 [Datanode State Machine Thread - 0] INFO  ratis.XceiverServerRatis (XceiverServerRatis.java:start(437)) - XceiverServerRatis 9d7d5f46-81d4-46e0-8077-1e8e3e04f00a is started using port 46303
2020-05-27 19:49:47,366 [Datanode State Machine Thread - 0] INFO  server.XceiverServerGrpc (XceiverServerGrpc.java:start(145)) - XceiverServerGrpc 9d7d5f46-81d4-46e0-8077-1e8e3e04f00a is started using port 39647
2020-05-27 19:49:47,464 [Datanode State Machine Thread - 0] INFO  ozoneimpl.OzoneContainer (OzoneContainer.java:start(232)) - Attempting to start container services.
2020-05-27 19:49:47,464 [Datanode State Machine Thread - 0] INFO  ozoneimpl.OzoneContainer (OzoneContainer.java:startContainerScrub(196)) - Background container scanner has been disabled.
2020-05-27 19:49:47,464 [Datanode State Machine Thread - 0] INFO  ratis.XceiverServerRatis (XceiverServerRatis.java:start(425)) - Starting XceiverServerRatis ff44f4ae-b3a8-475e-bd25-fde191a4fa4e at port 0
2020-05-27 19:49:47,470 [Datanode State Machine Thread - 0] INFO  impl.RaftServerProxy (RaftServerProxy.java:lambda$start$3(299)) - ff44f4ae-b3a8-475e-bd25-fde191a4fa4e: start RPC server
2020-05-27 19:49:47,471 [Datanode State Machine Thread - 0] INFO  server.GrpcService (GrpcService.java:startImpl(159)) - ff44f4ae-b3a8-475e-bd25-fde191a4fa4e: GrpcService started, listening on 0.0.0.0/0.0.0.0:41523
2020-05-27 19:49:47,471 [Datanode State Machine Thread - 0] INFO  ratis.XceiverServerRatis (XceiverServerRatis.java:start(437)) - XceiverServerRatis ff44f4ae-b3a8-475e-bd25-fde191a4fa4e is started using port 41523
2020-05-27 19:49:47,473 [Datanode State Machine Thread - 0] INFO  server.XceiverServerGrpc (XceiverServerGrpc.java:start(145)) - XceiverServerGrpc ff44f4ae-b3a8-475e-bd25-fde191a4fa4e is started using port 43647
2020-05-27 19:49:47,538 [Datanode State Machine Thread - 0] INFO  ozoneimpl.OzoneContainer (OzoneContainer.java:start(232)) - Attempting to start container services.
2020-05-27 19:49:47,539 [Datanode State Machine Thread - 0] INFO  ozoneimpl.OzoneContainer (OzoneContainer.java:startContainerScrub(196)) - Background container scanner has been disabled.
2020-05-27 19:49:47,539 [Datanode State Machine Thread - 0] INFO  ratis.XceiverServerRatis (XceiverServerRatis.java:start(425)) - Starting XceiverServerRatis 11738693-eadc-4301-85a7-a3a14bdb5207 at port 0
2020-05-27 19:49:47,539 [Datanode State Machine Thread - 0] INFO  impl.RaftServerProxy (RaftServerProxy.java:lambda$start$3(299)) - 11738693-eadc-4301-85a7-a3a14bdb5207: start RPC server
2020-05-27 19:49:47,542 [Datanode State Machine Thread - 0] INFO  server.GrpcService (GrpcService.java:startImpl(159)) - 11738693-eadc-4301-85a7-a3a14bdb5207: GrpcService started, listening on 0.0.0.0/0.0.0.0:41983
2020-05-27 19:49:47,543 [Datanode State Machine Thread - 0] INFO  ratis.XceiverServerRatis (XceiverServerRatis.java:start(437)) - XceiverServerRatis 11738693-eadc-4301-85a7-a3a14bdb5207 is started using port 41983
2020-05-27 19:49:47,544 [Datanode State Machine Thread - 0] INFO  server.XceiverServerGrpc (XceiverServerGrpc.java:start(145)) - XceiverServerGrpc 11738693-eadc-4301-85a7-a3a14bdb5207 is started using port 36729
2020-05-27 19:49:47,614 [Listener at 127.0.0.1/39857] INFO  ozone.MiniOzoneClusterImpl (MiniOzoneClusterImpl.java:lambda$waitForClusterToBeReady$0(177)) - Waiting for nodes to be ready. Got 0 of 10 DN Heartbeats.
2020-05-27 19:49:47,614 [Listener at 127.0.0.1/39857] INFO  ozone.MiniOzoneClusterImpl (MiniOzoneClusterImpl.java:lambda$waitForClusterToBeReady$0(180)) - Waiting for cluster to exit safe mode
2020-05-27 19:49:47,623 [Datanode State Machine Thread - 0] INFO  ozoneimpl.OzoneContainer (OzoneContainer.java:start(232)) - Attempting to start container services.
2020-05-27 19:49:47,623 [Datanode State Machine Thread - 0] INFO  ozoneimpl.OzoneContainer (OzoneContainer.java:startContainerScrub(196)) - Background container scanner has been disabled.
2020-05-27 19:49:47,623 [Datanode State Machine Thread - 0] INFO  ratis.XceiverServerRatis (XceiverServerRatis.java:start(425)) - Starting XceiverServerRatis 2249a830-3dc3-4d6a-99bf-b20cbb6e14c2 at port 0
2020-05-27 19:49:47,624 [Datanode State Machine Thread - 0] INFO  impl.RaftServerProxy (RaftServerProxy.java:lambda$start$3(299)) - 2249a830-3dc3-4d6a-99bf-b20cbb6e14c2: start RPC server
2020-05-27 19:49:47,629 [Datanode State Machine Thread - 0] INFO  server.GrpcService (GrpcService.java:startImpl(159)) - 2249a830-3dc3-4d6a-99bf-b20cbb6e14c2: GrpcService started, listening on 0.0.0.0/0.0.0.0:43245
2020-05-27 19:49:47,629 [Datanode State Machine Thread - 0] INFO  ratis.XceiverServerRatis (XceiverServerRatis.java:start(437)) - XceiverServerRatis 2249a830-3dc3-4d6a-99bf-b20cbb6e14c2 is started using port 43245
2020-05-27 19:49:47,633 [Datanode State Machine Thread - 0] INFO  server.XceiverServerGrpc (XceiverServerGrpc.java:start(145)) - XceiverServerGrpc 2249a830-3dc3-4d6a-99bf-b20cbb6e14c2 is started using port 34269
2020-05-27 19:49:48,615 [Listener at 127.0.0.1/39857] INFO  ozone.MiniOzoneClusterImpl (MiniOzoneClusterImpl.java:lambda$waitForClusterToBeReady$0(177)) - Waiting for nodes to be ready. Got 0 of 10 DN Heartbeats.
2020-05-27 19:49:48,615 [Listener at 127.0.0.1/39857] INFO  ozone.MiniOzoneClusterImpl (MiniOzoneClusterImpl.java:lambda$waitForClusterToBeReady$0(180)) - Waiting for cluster to exit safe mode
2020-05-27 19:49:48,695 [IPC Server handler 18 on default port 42287] INFO  net.NetworkTopology (NetworkTopologyImpl.java:add(111)) - Added a new node: /default-rack/af513c94-01c3-4855-98d9-113503fe5dde
2020-05-27 19:49:48,696 [IPC Server handler 18 on default port 42287] INFO  node.SCMNodeManager (SCMNodeManager.java:register(268)) - Registered Data node : af513c94-01c3-4855-98d9-113503fe5dde{ip: 172.17.0.2, host: d78c3f676a41, networkLocation: /default-rack, certSerialId: null}
2020-05-27 19:49:48,710 [RatisPipelineUtilsThread] INFO  pipeline.RatisPipelineProvider (RatisPipelineProvider.java:lambda$create$0(138)) - Sending CreatePipelineCommand for pipeline:PipelineID=01be4b59-a64c-43bf-8c26-70adc2bbb336 to datanode:af513c94-01c3-4855-98d9-113503fe5dde
2020-05-27 19:49:48,711 [EventQueue-NodeRegistrationContainerReportForDataNodeSafeModeRule] INFO  safemode.SCMSafeModeManager (DataNodeSafeModeRule.java:process(71)) - SCM in safe mode. 1 DataNodes registered, 1 required.
2020-05-27 19:49:48,711 [EventQueue-NodeRegistrationContainerReportForDataNodeSafeModeRule] INFO  safemode.SCMSafeModeManager (SCMSafeModeManager.java:validateSafeModeExitRules(213)) - DataNodeSafeModeRule rule is successfully validated
2020-05-27 19:49:48,711 [EventQueue-NodeRegistrationContainerReportForDataNodeSafeModeRule] INFO  safemode.SCMSafeModeManager (SCMSafeModeManager.java:completePreCheck(241)) - All SCM safe mode pre check rules have passed
2020-05-27 19:49:48,716 [EventQueue-NodeRegistrationContainerReportForContainerSafeModeRule] INFO  safemode.SCMSafeModeManager (SCMSafeModeManager.java:validateSafeModeExitRules(213)) - ContainerSafeModeRule rule is successfully validated
2020-05-27 19:49:48,724 [RatisPipelineUtilsThread] INFO  pipeline.PipelineStateManager (PipelineStateManager.java:addPipeline(54)) - Created pipeline Pipeline[ Id: 01be4b59-a64c-43bf-8c26-70adc2bbb336, Nodes: af513c94-01c3-4855-98d9-113503fe5dde{ip: 172.17.0.2, host: d78c3f676a41, networkLocation: /default-rack, certSerialId: null}, Type:RATIS, Factor:ONE, State:ALLOCATED, leaderId:null, CreationTimestamp2020-05-27T19:49:48.707Z]
2020-05-27 19:49:48,727 [RatisPipelineUtilsThread] ERROR pipeline.SCMPipelineManager (SCMPipelineManager.java:createPipeline(222)) - Failed to create pipeline of type RATIS and factor ONE. Exception: Cannot create pipeline of factor 1 using 0 nodes. Used 1 nodes. Healthy nodes 1
2020-05-27 19:49:48,727 [RatisPipelineUtilsThread] WARN  pipeline.PipelinePlacementPolicy (PipelinePlacementPolicy.java:filterViableNodes(133)) - Pipeline creation failed due to no sufficient healthy datanodes. Required 3. Found 1.
2020-05-27 19:49:48,728 [RatisPipelineUtilsThread] ERROR pipeline.SCMPipelineManager (SCMPipelineManager.java:createPipeline(222)) - Failed to create pipeline of type RATIS and factor THREE. Exception: Pipeline creation failed due to no sufficient healthy datanodes. Required 3. Found 1.
2020-05-27 19:49:48,844 [IPC Server handler 17 on default port 42287] INFO  net.NetworkTopology (NetworkTopologyImpl.java:add(111)) - Added a new node: /default-rack/11818299-8fcf-4dd1-9a9c-009f994fa618
2020-05-27 19:49:48,844 [IPC Server handler 17 on default port 42287] INFO  node.SCMNodeManager (SCMNodeManager.java:register(268)) - Registered Data node : 11818299-8fcf-4dd1-9a9c-009f994fa618{ip: 172.17.0.2, host: d78c3f676a41, networkLocation: /default-rack, certSerialId: null}
2020-05-27 19:49:48,845 [EventQueue-NodeRegistrationContainerReportForContainerSafeModeRule] INFO  safemode.SCMSafeModeManager (SCMSafeModeManager.java:validateSafeModeExitRules(213)) - ContainerSafeModeRule rule is successfully validated
2020-05-27 19:49:48,845 [EventQueue-NodeRegistrationContainerReportForDataNodeSafeModeRule] INFO  safemode.SCMSafeModeManager (SCMSafeModeManager.java:validateSafeModeExitRules(213)) - DataNodeSafeModeRule rule is successfully validated
2020-05-27 19:49:48,848 [RatisPipelineUtilsThread] INFO  pipeline.RatisPipelineProvider (RatisPipelineProvider.java:lambda$create$0(138)) - Sending CreatePipelineCommand for pipeline:PipelineID=0bda8d4f-a7bc-45ac-adc1-d5f6de7a92ec to datanode:11818299-8fcf-4dd1-9a9c-009f994fa618
2020-05-27 19:49:48,848 [RatisPipelineUtilsThread] INFO  pipeline.PipelineStateManager (PipelineStateManager.java:addPipeline(54)) - Created pipeline Pipeline[ Id: 0bda8d4f-a7bc-45ac-adc1-d5f6de7a92ec, Nodes: 11818299-8fcf-4dd1-9a9c-009f994fa618{ip: 172.17.0.2, host: d78c3f676a41, networkLocation: /default-rack, certSerialId: null}, Type:RATIS, Factor:ONE, State:ALLOCATED, leaderId:null, CreationTimestamp2020-05-27T19:49:48.848Z]
2020-05-27 19:49:48,849 [RatisPipelineUtilsThread] ERROR pipeline.SCMPipelineManager (SCMPipelineManager.java:createPipeline(222)) - Failed to create pipeline of type RATIS and factor ONE. Exception: Cannot create pipeline of factor 1 using 0 nodes. Used 2 nodes. Healthy nodes 2
2020-05-27 19:49:48,849 [RatisPipelineUtilsThread] WARN  pipeline.PipelinePlacementPolicy (PipelinePlacementPolicy.java:filterViableNodes(133)) - Pipeline creation failed due to no sufficient healthy datanodes. Required 3. Found 2.
2020-05-27 19:49:48,849 [RatisPipelineUtilsThread] ERROR pipeline.SCMPipelineManager (SCMPipelineManager.java:createPipeline(222)) - Failed to create pipeline of type RATIS and factor THREE. Exception: Pipeline creation failed due to no sufficient healthy datanodes. Required 3. Found 2.
2020-05-27 19:49:48,971 [IPC Server handler 16 on default port 42287] INFO  net.NetworkTopology (NetworkTopologyImpl.java:add(111)) - Added a new node: /default-rack/1c4024eb-e8ae-4853-a4fd-b82bf2e3801f
2020-05-27 19:49:48,971 [IPC Server handler 16 on default port 42287] INFO  node.SCMNodeManager (SCMNodeManager.java:register(268)) - Registered Data node : 1c4024eb-e8ae-4853-a4fd-b82bf2e3801f{ip: 172.17.0.2, host: d78c3f676a41, networkLocation: /default-rack, certSerialId: null}
2020-05-27 19:49:48,972 [EventQueue-NodeRegistrationContainerReportForContainerSafeModeRule] INFO  safemode.SCMSafeModeManager (SCMSafeModeManager.java:validateSafeModeExitRules(213)) - ContainerSafeModeRule rule is successfully validated
2020-05-27 19:49:48,972 [EventQueue-NodeRegistrationContainerReportForDataNodeSafeModeRule] INFO  safemode.SCMSafeModeManager (SCMSafeModeManager.java:validateSafeModeExitRules(213)) - DataNodeSafeModeRule rule is successfully validated
2020-05-27 19:49:48,972 [RatisPipelineUtilsThread] INFO  pipeline.RatisPipelineProvider (RatisPipelineProvider.java:lambda$create$0(138)) - Sending CreatePipelineCommand for pipeline:PipelineID=2c179cbd-708b-4479-9218-9b7fd9591db0 to datanode:1c4024eb-e8ae-4853-a4fd-b82bf2e3801f
2020-05-27 19:49:48,973 [RatisPipelineUtilsThread] INFO  pipeline.PipelineStateManager (PipelineStateManager.java:addPipeline(54)) - Created pipeline Pipeline[ Id: 2c179cbd-708b-4479-9218-9b7fd9591db0, Nodes: 1c4024eb-e8ae-4853-a4fd-b82bf2e3801f{ip: 172.17.0.2, host: d78c3f676a41, networkLocation: /default-rack, certSerialId: null}, Type:RATIS, Factor:ONE, State:ALLOCATED, leaderId:null, CreationTimestamp2020-05-27T19:49:48.972Z]
2020-05-27 19:49:48,973 [RatisPipelineUtilsThread] ERROR pipeline.SCMPipelineManager (SCMPipelineManager.java:createPipeline(222)) - Failed to create pipeline of type RATIS and factor ONE. Exception: Cannot create pipeline of factor 1 using 0 nodes. Used 3 nodes. Healthy nodes 3
2020-05-27 19:49:48,983 [RatisPipelineUtilsThread] INFO  pipeline.RatisPipelineProvider (RatisPipelineProvider.java:lambda$create$0(138)) - Sending CreatePipelineCommand for pipeline:PipelineID=9ef361f0-27af-4cee-adcb-bd5830931e37 to datanode:11818299-8fcf-4dd1-9a9c-009f994fa618
2020-05-27 19:49:48,983 [RatisPipelineUtilsThread] INFO  pipeline.RatisPipelineProvider (RatisPipelineProvider.java:lambda$create$0(138)) - Sending CreatePipelineCommand for pipeline:PipelineID=9ef361f0-27af-4cee-adcb-bd5830931e37 to datanode:1c4024eb-e8ae-4853-a4fd-b82bf2e3801f
2020-05-27 19:49:48,984 [RatisPipelineUtilsThread] INFO  pipeline.RatisPipelineProvider (RatisPipelineProvider.java:lambda$create$0(138)) - Sending CreatePipelineCommand for pipeline:PipelineID=9ef361f0-27af-4cee-adcb-bd5830931e37 to datanode:af513c94-01c3-4855-98d9-113503fe5dde
2020-05-27 19:49:48,984 [RatisPipelineUtilsThread] INFO  pipeline.PipelineStateManager (PipelineStateManager.java:addPipeline(54)) - Created pipeline Pipeline[ Id: 9ef361f0-27af-4cee-adcb-bd5830931e37, Nodes: 11818299-8fcf-4dd1-9a9c-009f994fa618{ip: 172.17.0.2, host: d78c3f676a41, networkLocation: /default-rack, certSerialId: null}1c4024eb-e8ae-4853-a4fd-b82bf2e3801f{ip: 172.17.0.2, host: d78c3f676a41, networkLocation: /default-rack, certSerialId: null}af513c94-01c3-4855-98d9-113503fe5dde{ip: 172.17.0.2, host: d78c3f676a41, networkLocation: /default-rack, certSerialId: null}, Type:RATIS, Factor:THREE, State:ALLOCATED, leaderId:null, CreationTimestamp2020-05-27T19:49:48.983Z]
2020-05-27 19:49:48,985 [RatisPipelineUtilsThread] ERROR pipeline.SCMPipelineManager (SCMPipelineManager.java:createPipeline(222)) - Failed to create pipeline of type RATIS and factor THREE. Exception: Pipeline creation failed because nodes are engaged in other pipelines and every node can only be engaged in max 2 pipelines. Required 3. Found 0
2020-05-27 19:49:49,070 [IPC Server handler 15 on default port 42287] INFO  net.NetworkTopology (NetworkTopologyImpl.java:add(111)) - Added a new node: /default-rack/87450af1-8bb1-47ca-8fff-c762ff1b8a7d
2020-05-27 19:49:49,071 [IPC Server handler 15 on default port 42287] INFO  node.SCMNodeManager (SCMNodeManager.java:register(268)) - Registered Data node : 87450af1-8bb1-47ca-8fff-c762ff1b8a7d{ip: 172.17.0.2, host: d78c3f676a41, networkLocation: /default-rack, certSerialId: null}
2020-05-27 19:49:49,072 [EventQueue-NodeRegistrationContainerReportForContainerSafeModeRule] INFO  safemode.SCMSafeModeManager (SCMSafeModeManager.java:validateSafeModeExitRules(213)) - ContainerSafeModeRule rule is successfully validated
2020-05-27 19:49:49,072 [EventQueue-NodeRegistrationContainerReportForDataNodeSafeModeRule] INFO  safemode.SCMSafeModeManager (SCMSafeModeManager.java:validateSafeModeExitRules(213)) - DataNodeSafeModeRule rule is successfully validated
2020-05-27 19:49:49,073 [RatisPipelineUtilsThread] INFO  pipeline.RatisPipelineProvider (RatisPipelineProvider.java:lambda$create$0(138)) - Sending CreatePipelineCommand for pipeline:PipelineID=2d8a86db-11b1-4754-820e-4967bdbecd9d to datanode:87450af1-8bb1-47ca-8fff-c762ff1b8a7d
2020-05-27 19:49:49,073 [RatisPipelineUtilsThread] INFO  pipeline.PipelineStateManager (PipelineStateManager.java:addPipeline(54)) - Created pipeline Pipeline[ Id: 2d8a86db-11b1-4754-820e-4967bdbecd9d, Nodes: 87450af1-8bb1-47ca-8fff-c762ff1b8a7d{ip: 172.17.0.2, host: d78c3f676a41, networkLocation: /default-rack, certSerialId: null}, Type:RATIS, Factor:ONE, State:ALLOCATED, leaderId:null, CreationTimestamp2020-05-27T19:49:49.073Z]
2020-05-27 19:49:49,074 [RatisPipelineUtilsThread] ERROR pipeline.SCMPipelineManager (SCMPipelineManager.java:createPipeline(222)) - Failed to create pipeline of type RATIS and factor ONE. Exception: Cannot create pipeline of factor 1 using 0 nodes. Used 4 nodes. Healthy nodes 4
2020-05-27 19:49:49,075 [RatisPipelineUtilsThread] ERROR pipeline.SCMPipelineManager (SCMPipelineManager.java:createPipeline(222)) - Failed to create pipeline of type RATIS and factor THREE. Exception: Pipeline creation failed because nodes are engaged in other pipelines and every node can only be engaged in max 2 pipelines. Required 3. Found 1
2020-05-27 19:49:49,167 [IPC Server handler 5 on default port 42287] INFO  net.NetworkTopology (NetworkTopologyImpl.java:add(111)) - Added a new node: /default-rack/2688bacc-2ecf-4914-892d-45c47335b8b0
2020-05-27 19:49:49,167 [IPC Server handler 5 on default port 42287] INFO  node.SCMNodeManager (SCMNodeManager.java:register(268)) - Registered Data node : 2688bacc-2ecf-4914-892d-45c47335b8b0{ip: 172.17.0.2, host: d78c3f676a41, networkLocation: /default-rack, certSerialId: null}
2020-05-27 19:49:49,168 [EventQueue-NodeRegistrationContainerReportForContainerSafeModeRule] INFO  safemode.SCMSafeModeManager (SCMSafeModeManager.java:validateSafeModeExitRules(213)) - ContainerSafeModeRule rule is successfully validated
2020-05-27 19:49:49,168 [EventQueue-NodeRegistrationContainerReportForDataNodeSafeModeRule] INFO  safemode.SCMSafeModeManager (SCMSafeModeManager.java:validateSafeModeExitRules(213)) - DataNodeSafeModeRule rule is successfully validated
2020-05-27 19:49:49,172 [RatisPipelineUtilsThread] INFO  pipeline.RatisPipelineProvider (RatisPipelineProvider.java:lambda$create$0(138)) - Sending CreatePipelineCommand for pipeline:PipelineID=c0c31bce-0a6c-43b6-ac3f-7b2921e3a2aa to datanode:2688bacc-2ecf-4914-892d-45c47335b8b0
2020-05-27 19:49:49,174 [RatisPipelineUtilsThread] INFO  pipeline.PipelineStateManager (PipelineStateManager.java:addPipeline(54)) - Created pipeline Pipeline[ Id: c0c31bce-0a6c-43b6-ac3f-7b2921e3a2aa, Nodes: 2688bacc-2ecf-4914-892d-45c47335b8b0{ip: 172.17.0.2, host: d78c3f676a41, networkLocation: /default-rack, certSerialId: null}, Type:RATIS, Factor:ONE, State:ALLOCATED, leaderId:null, CreationTimestamp2020-05-27T19:49:49.172Z]
2020-05-27 19:49:49,175 [RatisPipelineUtilsThread] ERROR pipeline.SCMPipelineManager (SCMPipelineManager.java:createPipeline(222)) - Failed to create pipeline of type RATIS and factor ONE. Exception: Cannot create pipeline of factor 1 using 0 nodes. Used 5 nodes. Healthy nodes 5
2020-05-27 19:49:49,175 [RatisPipelineUtilsThread] ERROR pipeline.SCMPipelineManager (SCMPipelineManager.java:createPipeline(222)) - Failed to create pipeline of type RATIS and factor THREE. Exception: Pipeline creation failed because nodes are engaged in other pipelines and every node can only be engaged in max 2 pipelines. Required 3. Found 2
2020-05-27 19:49:49,286 [IPC Server handler 4 on default port 42287] INFO  net.NetworkTopology (NetworkTopologyImpl.java:add(111)) - Added a new node: /default-rack/a0e9232a-3916-470b-b2b7-a7f4d4e85528
2020-05-27 19:49:49,286 [IPC Server handler 4 on default port 42287] INFO  node.SCMNodeManager (SCMNodeManager.java:register(268)) - Registered Data node : a0e9232a-3916-470b-b2b7-a7f4d4e85528{ip: 172.17.0.2, host: d78c3f676a41, networkLocation: /default-rack, certSerialId: null}
2020-05-27 19:49:49,287 [EventQueue-NodeRegistrationContainerReportForContainerSafeModeRule] INFO  safemode.SCMSafeModeManager (SCMSafeModeManager.java:validateSafeModeExitRules(213)) - ContainerSafeModeRule rule is successfully validated
2020-05-27 19:49:49,287 [EventQueue-NodeRegistrationContainerReportForDataNodeSafeModeRule] INFO  safemode.SCMSafeModeManager (SCMSafeModeManager.java:validateSafeModeExitRules(213)) - DataNodeSafeModeRule rule is successfully validated
2020-05-27 19:49:49,288 [RatisPipelineUtilsThread] INFO  pipeline.RatisPipelineProvider (RatisPipelineProvider.java:lambda$create$0(138)) - Sending CreatePipelineCommand for pipeline:PipelineID=656a7a89-bc9b-4583-8faa-0c2843412823 to datanode:a0e9232a-3916-470b-b2b7-a7f4d4e85528
2020-05-27 19:49:49,289 [RatisPipelineUtilsThread] INFO  pipeline.PipelineStateManager (PipelineStateManager.java:addPipeline(54)) - Created pipeline Pipeline[ Id: 656a7a89-bc9b-4583-8faa-0c2843412823, Nodes: a0e9232a-3916-470b-b2b7-a7f4d4e85528{ip: 172.17.0.2, host: d78c3f676a41, networkLocation: /default-rack, certSerialId: null}, Type:RATIS, Factor:ONE, State:ALLOCATED, leaderId:null, CreationTimestamp2020-05-27T19:49:49.287Z]
2020-05-27 19:49:49,289 [RatisPipelineUtilsThread] ERROR pipeline.SCMPipelineManager (SCMPipelineManager.java:createPipeline(222)) - Failed to create pipeline of type RATIS and factor ONE. Exception: Cannot create pipeline of factor 1 using 0 nodes. Used 6 nodes. Healthy nodes 6
2020-05-27 19:49:49,290 [RatisPipelineUtilsThread] INFO  pipeline.RatisPipelineProvider (RatisPipelineProvider.java:lambda$create$0(138)) - Sending CreatePipelineCommand for pipeline:PipelineID=8ade6f36-bcb4-426f-a0a0-6396f5342f23 to datanode:2688bacc-2ecf-4914-892d-45c47335b8b0
2020-05-27 19:49:49,290 [RatisPipelineUtilsThread] INFO  pipeline.RatisPipelineProvider (RatisPipelineProvider.java:lambda$create$0(138)) - Sending CreatePipelineCommand for pipeline:PipelineID=8ade6f36-bcb4-426f-a0a0-6396f5342f23 to datanode:87450af1-8bb1-47ca-8fff-c762ff1b8a7d
2020-05-27 19:49:49,290 [RatisPipelineUtilsThread] INFO  pipeline.RatisPipelineProvider (RatisPipelineProvider.java:lambda$create$0(138)) - Sending CreatePipelineCommand for pipeline:PipelineID=8ade6f36-bcb4-426f-a0a0-6396f5342f23 to datanode:a0e9232a-3916-470b-b2b7-a7f4d4e85528
2020-05-27 19:49:49,290 [RatisPipelineUtilsThread] INFO  pipeline.PipelineStateManager (PipelineStateManager.java:addPipeline(54)) - Created pipeline Pipeline[ Id: 8ade6f36-bcb4-426f-a0a0-6396f5342f23, Nodes: 2688bacc-2ecf-4914-892d-45c47335b8b0{ip: 172.17.0.2, host: d78c3f676a41, networkLocation: /default-rack, certSerialId: null}87450af1-8bb1-47ca-8fff-c762ff1b8a7d{ip: 172.17.0.2, host: d78c3f676a41, networkLocation: /default-rack, certSerialId: null}a0e9232a-3916-470b-b2b7-a7f4d4e85528{ip: 172.17.0.2, host: d78c3f676a41, networkLocation: /default-rack, certSerialId: null}, Type:RATIS, Factor:THREE, State:ALLOCATED, leaderId:null, CreationTimestamp2020-05-27T19:49:49.290Z]
2020-05-27 19:49:49,294 [RatisPipelineUtilsThread] ERROR pipeline.SCMPipelineManager (SCMPipelineManager.java:createPipeline(222)) - Failed to create pipeline of type RATIS and factor THREE. Exception: Pipeline creation failed because nodes are engaged in other pipelines and every node can only be engaged in max 2 pipelines. Required 3. Found 0
2020-05-27 19:49:49,358 [IPC Server handler 6 on default port 42287] INFO  net.NetworkTopology (NetworkTopologyImpl.java:add(111)) - Added a new node: /default-rack/9d7d5f46-81d4-46e0-8077-1e8e3e04f00a
2020-05-27 19:49:49,358 [IPC Server handler 6 on default port 42287] INFO  node.SCMNodeManager (SCMNodeManager.java:register(268)) - Registered Data node : 9d7d5f46-81d4-46e0-8077-1e8e3e04f00a{ip: 172.17.0.2, host: d78c3f676a41, networkLocation: /default-rack, certSerialId: null}
2020-05-27 19:49:49,359 [EventQueue-NodeRegistrationContainerReportForContainerSafeModeRule] INFO  safemode.SCMSafeModeManager (SCMSafeModeManager.java:validateSafeModeExitRules(213)) - ContainerSafeModeRule rule is successfully validated
2020-05-27 19:49:49,359 [EventQueue-NodeRegistrationContainerReportForDataNodeSafeModeRule] INFO  safemode.SCMSafeModeManager (SCMSafeModeManager.java:validateSafeModeExitRules(213)) - DataNodeSafeModeRule rule is successfully validated
2020-05-27 19:49:49,359 [RatisPipelineUtilsThread] INFO  pipeline.RatisPipelineProvider (RatisPipelineProvider.java:lambda$create$0(138)) - Sending CreatePipelineCommand for pipeline:PipelineID=b3d8e818-45d5-49de-aa32-ac89d3534f6d to datanode:9d7d5f46-81d4-46e0-8077-1e8e3e04f00a
2020-05-27 19:49:49,359 [RatisPipelineUtilsThread] INFO  pipeline.PipelineStateManager (PipelineStateManager.java:addPipeline(54)) - Created pipeline Pipeline[ Id: b3d8e818-45d5-49de-aa32-ac89d3534f6d, Nodes: 9d7d5f46-81d4-46e0-8077-1e8e3e04f00a{ip: 172.17.0.2, host: d78c3f676a41, networkLocation: /default-rack, certSerialId: null}, Type:RATIS, Factor:ONE, State:ALLOCATED, leaderId:null, CreationTimestamp2020-05-27T19:49:49.359Z]
2020-05-27 19:49:49,360 [RatisPipelineUtilsThread] ERROR pipeline.SCMPipelineManager (SCMPipelineManager.java:createPipeline(222)) - Failed to create pipeline of type RATIS and factor ONE. Exception: Cannot create pipeline of factor 1 using 0 nodes. Used 7 nodes. Healthy nodes 7
2020-05-27 19:49:49,360 [RatisPipelineUtilsThread] ERROR pipeline.SCMPipelineManager (SCMPipelineManager.java:createPipeline(222)) - Failed to create pipeline of type RATIS and factor THREE. Exception: Pipeline creation failed because nodes are engaged in other pipelines and every node can only be engaged in max 2 pipelines. Required 3. Found 1
2020-05-27 19:49:49,464 [IPC Server handler 3 on default port 42287] INFO  net.NetworkTopology (NetworkTopologyImpl.java:add(111)) - Added a new node: /default-rack/ff44f4ae-b3a8-475e-bd25-fde191a4fa4e
2020-05-27 19:49:49,464 [IPC Server handler 3 on default port 42287] INFO  node.SCMNodeManager (SCMNodeManager.java:register(268)) - Registered Data node : ff44f4ae-b3a8-475e-bd25-fde191a4fa4e{ip: 172.17.0.2, host: d78c3f676a41, networkLocation: /default-rack, certSerialId: null}
2020-05-27 19:49:49,464 [EventQueue-NodeRegistrationContainerReportForContainerSafeModeRule] INFO  safemode.SCMSafeModeManager (SCMSafeModeManager.java:validateSafeModeExitRules(213)) - ContainerSafeModeRule rule is successfully validated
2020-05-27 19:49:49,464 [EventQueue-NodeRegistrationContainerReportForDataNodeSafeModeRule] INFO  safemode.SCMSafeModeManager (SCMSafeModeManager.java:validateSafeModeExitRules(213)) - DataNodeSafeModeRule rule is successfully validated
2020-05-27 19:49:49,466 [RatisPipelineUtilsThread] INFO  pipeline.RatisPipelineProvider (RatisPipelineProvider.java:lambda$create$0(138)) - Sending CreatePipelineCommand for pipeline:PipelineID=e1ec049e-9957-45cd-8376-a4c97e42b0dd to datanode:ff44f4ae-b3a8-475e-bd25-fde191a4fa4e
2020-05-27 19:49:49,466 [RatisPipelineUtilsThread] INFO  pipeline.PipelineStateManager (PipelineStateManager.java:addPipeline(54)) - Created pipeline Pipeline[ Id: e1ec049e-9957-45cd-8376-a4c97e42b0dd, Nodes: ff44f4ae-b3a8-475e-bd25-fde191a4fa4e{ip: 172.17.0.2, host: d78c3f676a41, networkLocation: /default-rack, certSerialId: null}, Type:RATIS, Factor:ONE, State:ALLOCATED, leaderId:null, CreationTimestamp2020-05-27T19:49:49.466Z]
2020-05-27 19:49:49,467 [RatisPipelineUtilsThread] ERROR pipeline.SCMPipelineManager (SCMPipelineManager.java:createPipeline(222)) - Failed to create pipeline of type RATIS and factor ONE. Exception: Cannot create pipeline of factor 1 using 0 nodes. Used 8 nodes. Healthy nodes 8
2020-05-27 19:49:49,467 [RatisPipelineUtilsThread] ERROR pipeline.SCMPipelineManager (SCMPipelineManager.java:createPipeline(222)) - Failed to create pipeline of type RATIS and factor THREE. Exception: Pipeline creation failed because nodes are engaged in other pipelines and every node can only be engaged in max 2 pipelines. Required 3. Found 2
2020-05-27 19:49:49,537 [IPC Server handler 7 on default port 42287] INFO  net.NetworkTopology (NetworkTopologyImpl.java:add(111)) - Added a new node: /default-rack/11738693-eadc-4301-85a7-a3a14bdb5207
2020-05-27 19:49:49,537 [IPC Server handler 7 on default port 42287] INFO  node.SCMNodeManager (SCMNodeManager.java:register(268)) - Registered Data node : 11738693-eadc-4301-85a7-a3a14bdb5207{ip: 172.17.0.2, host: d78c3f676a41, networkLocation: /default-rack, certSerialId: null}
2020-05-27 19:49:49,537 [RatisPipelineUtilsThread] INFO  pipeline.RatisPipelineProvider (RatisPipelineProvider.java:lambda$create$0(138)) - Sending CreatePipelineCommand for pipeline:PipelineID=b224b5c5-f498-4966-9600-c3aa7d86bd94 to datanode:11738693-eadc-4301-85a7-a3a14bdb5207
2020-05-27 19:49:49,538 [EventQueue-NodeRegistrationContainerReportForContainerSafeModeRule] INFO  safemode.SCMSafeModeManager (SCMSafeModeManager.java:validateSafeModeExitRules(213)) - ContainerSafeModeRule rule is successfully validated
2020-05-27 19:49:49,538 [EventQueue-NodeRegistrationContainerReportForDataNodeSafeModeRule] INFO  safemode.SCMSafeModeManager (SCMSafeModeManager.java:validateSafeModeExitRules(213)) - DataNodeSafeModeRule rule is successfully validated
2020-05-27 19:49:49,538 [RatisPipelineUtilsThread] INFO  pipeline.PipelineStateManager (PipelineStateManager.java:addPipeline(54)) - Created pipeline Pipeline[ Id: b224b5c5-f498-4966-9600-c3aa7d86bd94, Nodes: 11738693-eadc-4301-85a7-a3a14bdb5207{ip: 172.17.0.2, host: d78c3f676a41, networkLocation: /default-rack, certSerialId: null}, Type:RATIS, Factor:ONE, State:ALLOCATED, leaderId:null, CreationTimestamp2020-05-27T19:49:49.537Z]
2020-05-27 19:49:49,538 [RatisPipelineUtilsThread] ERROR pipeline.SCMPipelineManager (SCMPipelineManager.java:createPipeline(222)) - Failed to create pipeline of type RATIS and factor ONE. Exception: Cannot create pipeline of factor 1 using 0 nodes. Used 9 nodes. Healthy nodes 9
2020-05-27 19:49:49,539 [RatisPipelineUtilsThread] INFO  pipeline.RatisPipelineProvider (RatisPipelineProvider.java:lambda$create$0(138)) - Sending CreatePipelineCommand for pipeline:PipelineID=d125cbeb-4fc9-47e5-974a-24711cf77bb7 to datanode:ff44f4ae-b3a8-475e-bd25-fde191a4fa4e
2020-05-27 19:49:49,539 [RatisPipelineUtilsThread] INFO  pipeline.RatisPipelineProvider (RatisPipelineProvider.java:lambda$create$0(138)) - Sending CreatePipelineCommand for pipeline:PipelineID=d125cbeb-4fc9-47e5-974a-24711cf77bb7 to datanode:11738693-eadc-4301-85a7-a3a14bdb5207
2020-05-27 19:49:49,539 [RatisPipelineUtilsThread] INFO  pipeline.RatisPipelineProvider (RatisPipelineProvider.java:lambda$create$0(138)) - Sending CreatePipelineCommand for pipeline:PipelineID=d125cbeb-4fc9-47e5-974a-24711cf77bb7 to datanode:9d7d5f46-81d4-46e0-8077-1e8e3e04f00a
2020-05-27 19:49:49,539 [RatisPipelineUtilsThread] INFO  pipeline.PipelineStateManager (PipelineStateManager.java:addPipeline(54)) - Created pipeline Pipeline[ Id: d125cbeb-4fc9-47e5-974a-24711cf77bb7, Nodes: ff44f4ae-b3a8-475e-bd25-fde191a4fa4e{ip: 172.17.0.2, host: d78c3f676a41, networkLocation: /default-rack, certSerialId: null}11738693-eadc-4301-85a7-a3a14bdb5207{ip: 172.17.0.2, host: d78c3f676a41, networkLocation: /default-rack, certSerialId: null}9d7d5f46-81d4-46e0-8077-1e8e3e04f00a{ip: 172.17.0.2, host: d78c3f676a41, networkLocation: /default-rack, certSerialId: null}, Type:RATIS, Factor:THREE, State:ALLOCATED, leaderId:null, CreationTimestamp2020-05-27T19:49:49.539Z]
2020-05-27 19:49:49,540 [RatisPipelineUtilsThread] ERROR pipeline.SCMPipelineManager (SCMPipelineManager.java:createPipeline(222)) - Failed to create pipeline of type RATIS and factor THREE. Exception: Pipeline creation failed because nodes are engaged in other pipelines and every node can only be engaged in max 2 pipelines. Required 3. Found 0
2020-05-27 19:49:49,615 [Listener at 127.0.0.1/39857] INFO  ozone.MiniOzoneClusterImpl (MiniOzoneClusterImpl.java:lambda$waitForClusterToBeReady$0(177)) - Waiting for nodes to be ready. Got 9 of 10 DN Heartbeats.
2020-05-27 19:49:49,616 [Listener at 127.0.0.1/39857] INFO  ozone.MiniOzoneClusterImpl (MiniOzoneClusterImpl.java:lambda$waitForClusterToBeReady$0(180)) - Waiting for cluster to exit safe mode
2020-05-27 19:49:49,622 [IPC Server handler 18 on default port 42287] INFO  net.NetworkTopology (NetworkTopologyImpl.java:add(111)) - Added a new node: /default-rack/2249a830-3dc3-4d6a-99bf-b20cbb6e14c2
2020-05-27 19:49:49,622 [IPC Server handler 18 on default port 42287] INFO  node.SCMNodeManager (SCMNodeManager.java:register(268)) - Registered Data node : 2249a830-3dc3-4d6a-99bf-b20cbb6e14c2{ip: 172.17.0.2, host: d78c3f676a41, networkLocation: /default-rack, certSerialId: null}
2020-05-27 19:49:49,623 [EventQueue-NodeRegistrationContainerReportForContainerSafeModeRule] INFO  safemode.SCMSafeModeManager (SCMSafeModeManager.java:validateSafeModeExitRules(213)) - ContainerSafeModeRule rule is successfully validated
2020-05-27 19:49:49,624 [RatisPipelineUtilsThread] INFO  pipeline.RatisPipelineProvider (RatisPipelineProvider.java:lambda$create$0(138)) - Sending CreatePipelineCommand for pipeline:PipelineID=b80d94cb-4322-4727-b73e-b617e0968a6d to datanode:2249a830-3dc3-4d6a-99bf-b20cbb6e14c2
2020-05-27 19:49:49,624 [EventQueue-NodeRegistrationContainerReportForDataNodeSafeModeRule] INFO  safemode.SCMSafeModeManager (SCMSafeModeManager.java:validateSafeModeExitRules(213)) - DataNodeSafeModeRule rule is successfully validated
2020-05-27 19:49:49,624 [RatisPipelineUtilsThread] INFO  pipeline.PipelineStateManager (PipelineStateManager.java:addPipeline(54)) - Created pipeline Pipeline[ Id: b80d94cb-4322-4727-b73e-b617e0968a6d, Nodes: 2249a830-3dc3-4d6a-99bf-b20cbb6e14c2{ip: 172.17.0.2, host: d78c3f676a41, networkLocation: /default-rack, certSerialId: null}, Type:RATIS, Factor:ONE, State:ALLOCATED, leaderId:null, CreationTimestamp2020-05-27T19:49:49.624Z]
2020-05-27 19:49:49,625 [RatisPipelineUtilsThread] ERROR pipeline.SCMPipelineManager (SCMPipelineManager.java:createPipeline(222)) - Failed to create pipeline of type RATIS and factor ONE. Exception: Cannot create pipeline of factor 1 using 0 nodes. Used 10 nodes. Healthy nodes 10
2020-05-27 19:49:49,625 [RatisPipelineUtilsThread] ERROR pipeline.SCMPipelineManager (SCMPipelineManager.java:createPipeline(222)) - Failed to create pipeline of type RATIS and factor THREE. Exception: Pipeline creation failed because nodes are engaged in other pipelines and every node can only be engaged in max 2 pipelines. Required 3. Found 1
2020-05-27 19:49:50,616 [Listener at 127.0.0.1/39857] INFO  ozone.MiniOzoneClusterImpl (MiniOzoneClusterImpl.java:lambda$waitForClusterToBeReady$0(177)) - Nodes are ready. Got 10 of 10 DN Heartbeats.
2020-05-27 19:49:50,617 [Listener at 127.0.0.1/39857] INFO  ozone.MiniOzoneClusterImpl (MiniOzoneClusterImpl.java:lambda$waitForClusterToBeReady$0(180)) - Waiting for cluster to exit safe mode
2020-05-27 19:49:51,617 [Listener at 127.0.0.1/39857] INFO  ozone.MiniOzoneClusterImpl (MiniOzoneClusterImpl.java:lambda$waitForClusterToBeReady$0(177)) - Nodes are ready. Got 10 of 10 DN Heartbeats.
2020-05-27 19:49:51,617 [Listener at 127.0.0.1/39857] INFO  ozone.MiniOzoneClusterImpl (MiniOzoneClusterImpl.java:lambda$waitForClusterToBeReady$0(180)) - Waiting for cluster to exit safe mode
2020-05-27 19:49:51,687 [Command processor thread] INFO  impl.RaftServerProxy (RaftServerProxy.java:addNew(89)) - af513c94-01c3-4855-98d9-113503fe5dde: addNew group-70ADC2BBB336:[af513c94-01c3-4855-98d9-113503fe5dde:172.17.0.2:38851] returns group-70ADC2BBB336:java.util.concurrent.CompletableFuture@57b039d4[Not completed]
2020-05-27 19:49:51,718 [pool-35-thread-1] INFO  impl.RaftServerImpl (RaftServerImpl.java:<init>(98)) - af513c94-01c3-4855-98d9-113503fe5dde: new RaftServerImpl for group-70ADC2BBB336:[af513c94-01c3-4855-98d9-113503fe5dde:172.17.0.2:38851] with ContainerStateMachine:uninitialized
2020-05-27 19:49:51,720 [pool-35-thread-1] INFO  server.RaftServerConfigKeys (ConfUtils.java:logGet(44)) - raft.server.rpc.timeout.min = 5s (custom)
2020-05-27 19:49:51,720 [pool-35-thread-1] INFO  server.RaftServerConfigKeys (ConfUtils.java:logGet(44)) - raft.server.rpc.timeout.max = 5200ms (custom)
2020-05-27 19:49:51,721 [pool-35-thread-1] INFO  server.RaftServerConfigKeys (ConfUtils.java:logGet(44)) - raft.server.rpcslowness.timeout = 300s (custom)
2020-05-27 19:49:51,721 [pool-35-thread-1] INFO  server.RaftServerConfigKeys (ConfUtils.java:logGet(44)) - raft.server.sleep.deviation.threshold = 300 (default)
2020-05-27 19:49:51,722 [pool-35-thread-1] INFO  server.RaftServerConfigKeys (ConfUtils.java:logGet(44)) - raft.server.log.appender.install.snapshot.enabled = false (custom)
2020-05-27 19:49:51,728 [pool-35-thread-1] INFO  impl.RaftServerImpl (ServerState.java:<init>(103)) - af513c94-01c3-4855-98d9-113503fe5dde@group-70ADC2BBB336: ConfigurationManager, init=-1: [af513c94-01c3-4855-98d9-113503fe5dde:172.17.0.2:38851], old=null, confs=<EMPTY_MAP>
2020-05-27 19:49:51,728 [pool-35-thread-1] INFO  server.RaftServerConfigKeys (ConfUtils.java:logGet(44)) - raft.server.storage.dir = [/github/workspace/mnt/ozone/hadoop-ozone/integration-test/target/test-dir/MiniOzoneClusterImpl-087f03cc-a5a8-466d-ba79-9ca00bc8af49/datanode-0/data/ratis] (custom)
2020-05-27 19:49:51,734 [pool-35-thread-1] INFO  server.RaftServerConfigKeys (ConfUtils.java:logGet(44)) - raft.server.log.corruption.policy = EXCEPTION (default)
2020-05-27 19:49:51,754 [pool-35-thread-1] INFO  storage.RaftStorageDirectory (RaftStorageDirectory.java:analyzeStorage(261)) - The storage directory /github/workspace/mnt/ozone/hadoop-ozone/integration-test/target/test-dir/MiniOzoneClusterImpl-087f03cc-a5a8-466d-ba79-9ca00bc8af49/datanode-0/data/ratis/01be4b59-a64c-43bf-8c26-70adc2bbb336 does not exist. Creating ...
2020-05-27 19:49:51,768 [pool-35-thread-1] INFO  storage.RaftStorageDirectory (RaftStorageDirectory.java:tryLock(343)) - Lock on /github/workspace/mnt/ozone/hadoop-ozone/integration-test/target/test-dir/MiniOzoneClusterImpl-087f03cc-a5a8-466d-ba79-9ca00bc8af49/datanode-0/data/ratis/01be4b59-a64c-43bf-8c26-70adc2bbb336/in_use.lock acquired by nodename 23699@d78c3f676a41
2020-05-27 19:49:51,781 [pool-35-thread-1] INFO  storage.RaftStorage (RaftStorage.java:format(84)) - Storage directory /github/workspace/mnt/ozone/hadoop-ozone/integration-test/target/test-dir/MiniOzoneClusterImpl-087f03cc-a5a8-466d-ba79-9ca00bc8af49/datanode-0/data/ratis/01be4b59-a64c-43bf-8c26-70adc2bbb336 has been successfully formatted.
2020-05-27 19:49:51,792 [pool-35-thread-1] INFO  ratis.ContainerStateMachine (ContainerStateMachine.java:loadSnapshot(226)) - group-70ADC2BBB336: The snapshot info is null. Setting the last applied indexto:(t:0, i:~)
2020-05-27 19:49:51,796 [pool-35-thread-1] INFO  server.RaftServerConfigKeys (ConfUtils.java:logGet(44)) - raft.server.notification.no-leader.timeout = 60s (default)
2020-05-27 19:49:51,798 [pool-35-thread-1] INFO  server.RaftServerConfigKeys (ConfUtils.java:logGet(44)) - raft.server.log.use.memory = false (default)
2020-05-27 19:49:51,802 [pool-35-thread-1] INFO  server.RaftServerConfigKeys (ConfUtils.java:logGet(44)) - raft.server.log.purge.gap = 1000000 (custom)
2020-05-27 19:49:51,811 [pool-35-thread-1] INFO  server.RaftServerConfigKeys (ConfUtils.java:logGet(44)) - raft.server.log.appender.buffer.byte-limit = 33554432 (custom)
2020-05-27 19:49:51,812 [EventQueue-PipelineReportForPipelineReportHandler] INFO  pipeline.PipelineStateManager (PipelineStateManager.java:openPipeline(131)) - Pipeline Pipeline[ Id: 01be4b59-a64c-43bf-8c26-70adc2bbb336, Nodes: af513c94-01c3-4855-98d9-113503fe5dde{ip: 172.17.0.2, host: d78c3f676a41, networkLocation: /default-rack, certSerialId: null}, Type:RATIS, Factor:ONE, State:ALLOCATED, leaderId:af513c94-01c3-4855-98d9-113503fe5dde, CreationTimestamp2020-05-27T19:49:48.707Z] moved to OPEN state
2020-05-27 19:49:51,812 [pool-35-thread-1] INFO  server.RaftServerConfigKeys (ConfUtils.java:logGet(44)) - raft.server.log.segment.size.max = 1048576 (custom)
2020-05-27 19:49:51,817 [pool-35-thread-1] INFO  metrics.RatisMetrics (RatisMetrics.java:lambda$create$0(39)) - Creating Metrics Registry : ratis.log_worker.af513c94-01c3-4855-98d9-113503fe5dde
2020-05-27 19:49:51,828 [EventQueue-OpenPipelineForOneReplicaPipelineSafeModeRule] INFO  safemode.SCMSafeModeManager (SCMSafeModeManager.java:validateSafeModeExitRules(213)) - AtleastOneDatanodeReportedRule rule is successfully validated
2020-05-27 19:49:51,828 [pool-35-thread-1] INFO  server.RaftServerConfigKeys (ConfUtils.java:logGet(44)) - raft.server.log.segment.cache.num.max = 2 (custom)
2020-05-27 19:49:51,833 [pool-35-thread-1] INFO  segmented.SegmentedRaftLogWorker (SegmentedRaftLogWorker.java:<init>(176)) - new af513c94-01c3-4855-98d9-113503fe5dde@group-70ADC2BBB336-SegmentedRaftLogWorker for RaftStorage:Storage Directory /github/workspace/mnt/ozone/hadoop-ozone/integration-test/target/test-dir/MiniOzoneClusterImpl-087f03cc-a5a8-466d-ba79-9ca00bc8af49/datanode-0/data/ratis/01be4b59-a64c-43bf-8c26-70adc2bbb336
2020-05-27 19:49:51,833 [pool-35-thread-1] INFO  server.RaftServerConfigKeys (ConfUtils.java:logGet(44)) - raft.server.log.queue.byte-limit = 2147483647 (custom)
2020-05-27 19:49:51,834 [pool-35-thread-1] INFO  server.RaftServerConfigKeys (ConfUtils.java:logGet(44)) - raft.server.log.queue.element-limit = 1024 (custom)
2020-05-27 19:49:51,835 [pool-35-thread-1] INFO  server.RaftServerConfigKeys (ConfUtils.java:logGet(44)) - raft.server.log.segment.size.max = 1048576 (custom)
2020-05-27 19:49:51,833 [EventQueue-OpenPipelineForHealthyPipelineSafeModeRule] INFO  safemode.SCMSafeModeManager (HealthyPipelineSafeModeRule.java:process(132)) - SCM in safe mode. Healthy pipelines reported count is 0, required healthy pipeline reported count is 1
2020-05-27 19:49:51,835 [pool-35-thread-1] INFO  server.RaftServerConfigKeys (ConfUtils.java:logGet(44)) - raft.server.log.preallocated.size = 16384 (custom)
2020-05-27 19:49:51,836 [pool-35-thread-1] INFO  server.RaftServerConfigKeys (ConfUtils.java:logGet(44)) - raft.server.log.write.buffer.size = 1048576 (custom)
2020-05-27 19:49:51,836 [pool-35-thread-1] INFO  server.RaftServerConfigKeys (ConfUtils.java:logGet(44)) - raft.server.log.force.sync.num = 128 (default)
2020-05-27 19:49:51,837 [pool-35-thread-1] INFO  server.RaftServerConfigKeys (ConfUtils.java:logGet(44)) - raft.server.log.statemachine.data.sync = true (default)
2020-05-27 19:49:51,838 [pool-35-thread-1] INFO  server.RaftServerConfigKeys (ConfUtils.java:logGet(44)) - raft.server.log.statemachine.data.sync.timeout = 10s (default)
2020-05-27 19:49:51,838 [pool-35-thread-1] INFO  server.RaftServerConfigKeys (ConfUtils.java:logGet(44)) - raft.server.log.statemachine.data.sync.timeout.retry = -1 (default)
2020-05-27 19:49:51,845 [Command processor thread] INFO  impl.RaftServerProxy (RaftServerProxy.java:addNew(89)) - 11818299-8fcf-4dd1-9a9c-009f994fa618: addNew group-D5F6DE7A92EC:[11818299-8fcf-4dd1-9a9c-009f994fa618:172.17.0.2:36841] returns group-D5F6DE7A92EC:java.util.concurrent.CompletableFuture@173faf39[Not completed]
2020-05-27 19:49:51,868 [pool-35-thread-1] INFO  server.RaftServerConfigKeys (ConfUtils.java:logGet(44)) - raft.server.log.statemachine.data.caching.enabled = true (custom)
2020-05-27 19:49:51,862 [pool-51-thread-1] INFO  impl.RaftServerImpl (RaftServerImpl.java:<init>(98)) - 11818299-8fcf-4dd1-9a9c-009f994fa618: new RaftServerImpl for group-D5F6DE7A92EC:[11818299-8fcf-4dd1-9a9c-009f994fa618:172.17.0.2:36841] with ContainerStateMachine:uninitialized
2020-05-27 19:49:51,868 [pool-51-thread-1] INFO  server.RaftServerConfigKeys (ConfUtils.java:logGet(44)) - raft.server.rpc.timeout.min = 5s (custom)
2020-05-27 19:49:51,868 [pool-51-thread-1] INFO  server.RaftServerConfigKeys (ConfUtils.java:logGet(44)) - raft.server.rpc.timeout.max = 5200ms (custom)
2020-05-27 19:49:51,869 [pool-51-thread-1] INFO  server.RaftServerConfigKeys (ConfUtils.java:logGet(44)) - raft.server.rpcslowness.timeout = 300s (custom)
2020-05-27 19:49:51,869 [pool-51-thread-1] INFO  server.RaftServerConfigKeys (ConfUtils.java:logGet(44)) - raft.server.sleep.deviation.threshold = 300 (default)
2020-05-27 19:49:51,869 [pool-51-thread-1] INFO  server.RaftServerConfigKeys (ConfUtils.java:logGet(44)) - raft.server.log.appender.install.snapshot.enabled = false (custom)
2020-05-27 19:49:51,869 [pool-51-thread-1] INFO  impl.RaftServerImpl (ServerState.java:<init>(103)) - 11818299-8fcf-4dd1-9a9c-009f994fa618@group-D5F6DE7A92EC: ConfigurationManager, init=-1: [11818299-8fcf-4dd1-9a9c-009f994fa618:172.17.0.2:36841], old=null, confs=<EMPTY_MAP>
2020-05-27 19:49:51,869 [pool-51-thread-1] INFO  server.RaftServerConfigKeys (ConfUtils.java:logGet(44)) - raft.server.storage.dir = [/github/workspace/mnt/ozone/hadoop-ozone/integration-test/target/test-dir/MiniOzoneClusterImpl-087f03cc-a5a8-466d-ba79-9ca00bc8af49/datanode-1/data/ratis] (custom)
2020-05-27 19:49:51,869 [pool-51-thread-1] INFO  server.RaftServerConfigKeys (ConfUtils.java:logGet(44)) - raft.server.log.corruption.policy = EXCEPTION (default)
2020-05-27 19:49:51,869 [pool-51-thread-1] INFO  storage.RaftStorageDirectory (RaftStorageDirectory.java:analyzeStorage(261)) - The storage directory /github/workspace/mnt/ozone/hadoop-ozone/integration-test/target/test-dir/MiniOzoneClusterImpl-087f03cc-a5a8-466d-ba79-9ca00bc8af49/datanode-1/data/ratis/0bda8d4f-a7bc-45ac-adc1-d5f6de7a92ec does not exist. Creating ...
2020-05-27 19:49:51,871 [pool-51-thread-1] INFO  storage.RaftStorageDirectory (RaftStorageDirectory.java:tryLock(343)) - Lock on /github/workspace/mnt/ozone/hadoop-ozone/integration-test/target/test-dir/MiniOzoneClusterImpl-087f03cc-a5a8-466d-ba79-9ca00bc8af49/datanode-1/data/ratis/0bda8d4f-a7bc-45ac-adc1-d5f6de7a92ec/in_use.lock acquired by nodename 23699@d78c3f676a41
2020-05-27 19:49:51,872 [pool-51-thread-1] INFO  storage.RaftStorage (RaftStorage.java:format(84)) - Storage directory /github/workspace/mnt/ozone/hadoop-ozone/integration-test/target/test-dir/MiniOzoneClusterImpl-087f03cc-a5a8-466d-ba79-9ca00bc8af49/datanode-1/data/ratis/0bda8d4f-a7bc-45ac-adc1-d5f6de7a92ec has been successfully formatted.
2020-05-27 19:49:51,873 [pool-51-thread-1] INFO  ratis.ContainerStateMachine (ContainerStateMachine.java:loadSnapshot(226)) - group-D5F6DE7A92EC: The snapshot info is null. Setting the last applied indexto:(t:0, i:~)
2020-05-27 19:49:51,874 [pool-51-thread-1] INFO  server.RaftServerConfigKeys (ConfUtils.java:logGet(44)) - raft.server.notification.no-leader.timeout = 60s (default)
2020-05-27 19:49:51,874 [pool-51-thread-1] INFO  server.RaftServerConfigKeys (ConfUtils.java:logGet(44)) - raft.server.log.use.memory = false (default)
2020-05-27 19:49:51,875 [pool-51-thread-1] INFO  server.RaftServerConfigKeys (ConfUtils.java:logGet(44)) - raft.server.log.purge.gap = 1000000 (custom)
2020-05-27 19:49:51,875 [pool-51-thread-1] INFO  server.RaftServerConfigKeys (ConfUtils.java:logGet(44)) - raft.server.log.appender.buffer.byte-limit = 33554432 (custom)
2020-05-27 19:49:51,875 [pool-51-thread-1] INFO  server.RaftServerConfigKeys (ConfUtils.java:logGet(44)) - raft.server.log.segment.size.max = 1048576 (custom)
2020-05-27 19:49:51,875 [pool-51-thread-1] INFO  metrics.RatisMetrics (RatisMetrics.java:lambda$create$0(39)) - Creating Metrics Registry : ratis.log_worker.11818299-8fcf-4dd1-9a9c-009f994fa618
2020-05-27 19:49:51,876 [pool-51-thread-1] INFO  server.RaftServerConfigKeys (ConfUtils.java:logGet(44)) - raft.server.log.segment.cache.num.max = 2 (custom)
2020-05-27 19:49:51,876 [pool-51-thread-1] INFO  segmented.SegmentedRaftLogWorker (SegmentedRaftLogWorker.java:<init>(176)) - new 11818299-8fcf-4dd1-9a9c-009f994fa618@group-D5F6DE7A92EC-SegmentedRaftLogWorker for RaftStorage:Storage Directory /github/workspace/mnt/ozone/hadoop-ozone/integration-test/target/test-dir/MiniOzoneClusterImpl-087f03cc-a5a8-466d-ba79-9ca00bc8af49/datanode-1/data/ratis/0bda8d4f-a7bc-45ac-adc1-d5f6de7a92ec
2020-05-27 19:49:51,876 [pool-51-thread-1] INFO  server.RaftServerConfigKeys (ConfUtils.java:logGet(44)) - raft.server.log.queue.byte-limit = 2147483647 (custom)
2020-05-27 19:49:51,876 [pool-51-thread-1] INFO  server.RaftServerConfigKeys (ConfUtils.java:logGet(44)) - raft.server.log.queue.element-limit = 1024 (custom)
2020-05-27 19:49:51,876 [pool-51-thread-1] INFO  server.RaftServerConfigKeys (ConfUtils.java:logGet(44)) - raft.server.log.segment.size.max = 1048576 (custom)
2020-05-27 19:49:51,876 [pool-51-thread-1] INFO  server.RaftServerConfigKeys (ConfUtils.java:logGet(44)) - raft.server.log.preallocated.size = 16384 (custom)
2020-05-27 19:49:51,876 [pool-51-thread-1] INFO  server.RaftServerConfigKeys (ConfUtils.java:logGet(44)) - raft.server.log.write.buffer.size = 1048576 (custom)
2020-05-27 19:49:51,876 [pool-51-thread-1] INFO  server.RaftServerConfigKeys (ConfUtils.java:logGet(44)) - raft.server.log.force.sync.num = 128 (default)
2020-05-27 19:49:51,876 [pool-51-thread-1] INFO  server.RaftServerConfigKeys (ConfUtils.java:logGet(44)) - raft.server.log.statemachine.data.sync = true (default)
2020-05-27 19:49:51,877 [pool-51-thread-1] INFO  server.RaftServerConfigKeys (ConfUtils.java:logGet(44)) - raft.server.log.statemachine.data.sync.timeout = 10s (default)
2020-05-27 19:49:51,877 [pool-51-thread-1] INFO  server.RaftServerConfigKeys (ConfUtils.java:logGet(44)) - raft.server.log.statemachine.data.sync.timeout.retry = -1 (default)
2020-05-27 19:49:51,884 [EventQueue-PipelineReportForPipelineReportHandler] INFO  pipeline.PipelineStateManager (PipelineStateManager.java:openPipeline(131)) - Pipeline Pipeline[ Id: 0bda8d4f-a7bc-45ac-adc1-d5f6de7a92ec, Nodes: 11818299-8fcf-4dd1-9a9c-009f994fa618{ip: 172.17.0.2, host: d78c3f676a41, networkLocation: /default-rack, certSerialId: null}, Type:RATIS, Factor:ONE, State:ALLOCATED, leaderId:11818299-8fcf-4dd1-9a9c-009f994fa618, CreationTimestamp2020-05-27T19:49:48.848Z] moved to OPEN state
2020-05-27 19:49:51,890 [pool-51-thread-1] INFO  server.RaftServerConfigKeys (ConfUtils.java:logGet(44)) - raft.server.log.statemachine.data.caching.enabled = true (custom)
2020-05-27 19:49:51,895 [pool-51-thread-1] INFO  segmented.SegmentedRaftLogWorker (SegmentedRaftLogWorker.java:lambda$new$0(129)) - 11818299-8fcf-4dd1-9a9c-009f994fa618@group-D5F6DE7A92EC-SegmentedRaftLogWorker: flushIndex: setUnconditionally 0 -> -1
2020-05-27 19:49:51,896 [pool-35-thread-1] INFO  segmented.SegmentedRaftLogWorker (SegmentedRaftLogWorker.java:lambda$new$0(129)) - af513c94-01c3-4855-98d9-113503fe5dde@group-70ADC2BBB336-SegmentedRaftLogWorker: flushIndex: setUnconditionally 0 -> -1
2020-05-27 19:49:51,896 [EventQueue-OpenPipelineForHealthyPipelineSafeModeRule] INFO  safemode.SCMSafeModeManager (HealthyPipelineSafeModeRule.java:process(132)) - SCM in safe mode. Healthy pipelines reported count is 0, required healthy pipeline reported count is 1
2020-05-27 19:49:51,896 [EventQueue-OpenPipelineForOneReplicaPipelineSafeModeRule] INFO  safemode.SCMSafeModeManager (SCMSafeModeManager.java:validateSafeModeExitRules(213)) - AtleastOneDatanodeReportedRule rule is successfully validated
2020-05-27 19:49:51,903 [pool-51-thread-1] INFO  server.RaftServerConfigKeys (ConfUtils.java:logGet(44)) - raft.server.snapshot.auto.trigger.enabled = true (custom)
2020-05-27 19:49:51,904 [pool-35-thread-1] INFO  server.RaftServerConfigKeys (ConfUtils.java:logGet(44)) - raft.server.snapshot.auto.trigger.enabled = true (custom)
2020-05-27 19:49:51,905 [pool-51-thread-1] INFO  server.RaftServerConfigKeys (ConfUtils.java:logGet(44)) - raft.server.snapshot.auto.trigger.threshold = 10000 (custom)
2020-05-27 19:49:51,905 [pool-51-thread-1] INFO  server.RaftServerConfigKeys (ConfUtils.java:logGet(44)) - raft.server.snapshot.retention.file.num = 5 (custom)
2020-05-27 19:49:51,906 [pool-51-thread-1] INFO  server.RaftServerConfigKeys (ConfUtils.java:logGet(44)) - raft.server.log.purge.upto.snapshot.index = false (default)
2020-05-27 19:49:51,906 [pool-51-thread-1] INFO  server.RaftServerConfigKeys (ConfUtils.java:logGet(44)) - raft.server.retrycache.expirytime = 600000ms (custom)
2020-05-27 19:49:51,908 [pool-35-thread-1] INFO  server.RaftServerConfigKeys (ConfUtils.java:logGet(44)) - raft.server.snapshot.auto.trigger.threshold = 10000 (custom)
2020-05-27 19:49:51,908 [pool-35-thread-1] INFO  server.RaftServerConfigKeys (ConfUtils.java:logGet(44)) - raft.server.snapshot.retention.file.num = 5 (custom)
2020-05-27 19:49:51,908 [pool-35-thread-1] INFO  server.RaftServerConfigKeys (ConfUtils.java:logGet(44)) - raft.server.log.purge.upto.snapshot.index = false (default)
2020-05-27 19:49:51,909 [pool-35-thread-1] INFO  server.RaftServerConfigKeys (ConfUtils.java:logGet(44)) - raft.server.retrycache.expirytime = 600000ms (custom)
2020-05-27 19:49:51,926 [pool-51-thread-1] INFO  metrics.RatisMetrics (RatisMetrics.java:lambda$create$0(39)) - Creating Metrics Registry : ratis.leader_election.11818299-8fcf-4dd1-9a9c-009f994fa618@group-D5F6DE7A92EC
2020-05-27 19:49:51,926 [pool-35-thread-1] INFO  metrics.RatisMetrics (RatisMetrics.java:lambda$create$0(39)) - Creating Metrics Registry : ratis.leader_election.af513c94-01c3-4855-98d9-113503fe5dde@group-70ADC2BBB336
2020-05-27 19:49:51,929 [pool-35-thread-1] INFO  metrics.RatisMetrics (RatisMetrics.java:lambda$create$0(39)) - Creating Metrics Registry : ratis.server.af513c94-01c3-4855-98d9-113503fe5dde@group-70ADC2BBB336
2020-05-27 19:49:51,940 [pool-51-thread-1] INFO  metrics.RatisMetrics (RatisMetrics.java:lambda$create$0(39)) - Creating Metrics Registry : ratis.server.11818299-8fcf-4dd1-9a9c-009f994fa618@group-D5F6DE7A92EC
2020-05-27 19:49:51,948 [pool-51-thread-1] INFO  impl.RaftServerImpl (RaftServerImpl.java:start(184)) - 11818299-8fcf-4dd1-9a9c-009f994fa618@group-D5F6DE7A92EC: start as a follower, conf=-1: [11818299-8fcf-4dd1-9a9c-009f994fa618:172.17.0.2:36841], old=null
2020-05-27 19:49:51,956 [pool-51-thread-1] INFO  impl.RaftServerImpl (RaftServerImpl.java:setRole(173)) - 11818299-8fcf-4dd1-9a9c-009f994fa618@group-D5F6DE7A92EC: changes role from      null to FOLLOWER at term 0 for startAsFollower
2020-05-27 19:49:51,957 [pool-51-thread-1] INFO  impl.RoleInfo (RoleInfo.java:updateAndGet(143)) - 11818299-8fcf-4dd1-9a9c-009f994fa618: start FollowerState
2020-05-27 19:49:51,954 [pool-35-thread-1] INFO  impl.RaftServerImpl (RaftServerImpl.java:start(184)) - af513c94-01c3-4855-98d9-113503fe5dde@group-70ADC2BBB336: start as a follower, conf=-1: [af513c94-01c3-4855-98d9-113503fe5dde:172.17.0.2:38851], old=null
2020-05-27 19:49:51,957 [pool-35-thread-1] INFO  impl.RaftServerImpl (RaftServerImpl.java:setRole(173)) - af513c94-01c3-4855-98d9-113503fe5dde@group-70ADC2BBB336: changes role from      null to FOLLOWER at term 0 for startAsFollower
2020-05-27 19:49:51,963 [pool-51-thread-1] INFO  util.JmxRegister (JmxRegister.java:tryRegister(44)) - Successfully registered JMX Bean with object name Ratis:service=RaftServer,group=group-D5F6DE7A92EC,id=11818299-8fcf-4dd1-9a9c-009f994fa618
2020-05-27 19:49:51,974 [pool-51-thread-1] INFO  metrics.RatisMetrics (RatisMetrics.java:lambda$create$0(39)) - Creating Metrics Registry : ratis.state_machine.11818299-8fcf-4dd1-9a9c-009f994fa618@group-D5F6DE7A92EC
2020-05-27 19:49:51,963 [pool-35-thread-1] INFO  impl.RoleInfo (RoleInfo.java:updateAndGet(143)) - af513c94-01c3-4855-98d9-113503fe5dde: start FollowerState
2020-05-27 19:49:51,988 [pool-35-thread-1] INFO  util.JmxRegister (JmxRegister.java:tryRegister(44)) - Successfully registered JMX Bean with object name Ratis:service=RaftServer,group=group-70ADC2BBB336,id=af513c94-01c3-4855-98d9-113503fe5dde
2020-05-27 19:49:51,988 [pool-35-thread-1] INFO  metrics.RatisMetrics (RatisMetrics.java:lambda$create$0(39)) - Creating Metrics Registry : ratis.state_machine.af513c94-01c3-4855-98d9-113503fe5dde@group-70ADC2BBB336
2020-05-27 19:49:51,990 [Command processor thread] INFO  commandhandler.CreatePipelineCommandHandler (CreatePipelineCommandHandler.java:handle(109)) - Created Pipeline RATIS ONE #id: "01be4b59-a64c-43bf-8c26-70adc2bbb336"
.
2020-05-27 19:49:51,991 [Command processor thread] INFO  impl.RaftServerProxy (RaftServerProxy.java:addNew(89)) - af513c94-01c3-4855-98d9-113503fe5dde: addNew group-BD5830931E37:[11818299-8fcf-4dd1-9a9c-009f994fa618:172.17.0.2:36841, 1c4024eb-e8ae-4853-a4fd-b82bf2e3801f:172.17.0.2:36233, af513c94-01c3-4855-98d9-113503fe5dde:172.17.0.2:38851] returns group-BD5830931E37:java.util.concurrent.CompletableFuture@10b9a8e2[Not completed]
2020-05-27 19:49:51,994 [Command processor thread] INFO  impl.RaftServerProxy (RaftServerProxy.java:addNew(89)) - 1c4024eb-e8ae-4853-a4fd-b82bf2e3801f: addNew group-9B7FD9591DB0:[1c4024eb-e8ae-4853-a4fd-b82bf2e3801f:172.17.0.2:36233] returns group-9B7FD9591DB0:java.util.concurrent.CompletableFuture@58835a5d[Not completed]
2020-05-27 19:49:51,994 [Command processor thread] INFO  commandhandler.CreatePipelineCommandHandler (CreatePipelineCommandHandler.java:handle(109)) - Created Pipeline RATIS ONE #id: "0bda8d4f-a7bc-45ac-adc1-d5f6de7a92ec"
.
2020-05-27 19:49:51,996 [Command processor thread] INFO  impl.RaftServerProxy (RaftServerProxy.java:addNew(89)) - 11818299-8fcf-4dd1-9a9c-009f994fa618: addNew group-BD5830931E37:[11818299-8fcf-4dd1-9a9c-009f994fa618:172.17.0.2:36841, 1c4024eb-e8ae-4853-a4fd-b82bf2e3801f:172.17.0.2:36233, af513c94-01c3-4855-98d9-113503fe5dde:172.17.0.2:38851] returns group-BD5830931E37:java.util.concurrent.CompletableFuture@13003906[Not completed]
2020-05-27 19:49:52,001 [pool-35-thread-1] INFO  impl.RaftServerImpl (RaftServerImpl.java:<init>(98)) - af513c94-01c3-4855-98d9-113503fe5dde: new RaftServerImpl for group-BD5830931E37:[11818299-8fcf-4dd1-9a9c-009f994fa618:172.17.0.2:36841, 1c4024eb-e8ae-4853-a4fd-b82bf2e3801f:172.17.0.2:36233, af513c94-01c3-4855-98d9-113503fe5dde:172.17.0.2:38851] with ContainerStateMachine:uninitialized
2020-05-27 19:49:52,001 [pool-35-thread-1] INFO  server.RaftServerConfigKeys (ConfUtils.java:logGet(44)) - raft.server.rpc.timeout.min = 5s (custom)
2020-05-27 19:49:52,002 [pool-35-thread-1] INFO  server.RaftServerConfigKeys (ConfUtils.java:logGet(44)) - raft.server.rpc.timeout.max = 5200ms (custom)
2020-05-27 19:49:52,002 [pool-35-thread-1] INFO  server.RaftServerConfigKeys (ConfUtils.java:logGet(44)) - raft.server.rpcslowness.timeout = 300s (custom)
2020-05-27 19:49:52,002 [pool-35-thread-1] INFO  server.RaftServerConfigKeys (ConfUtils.java:logGet(44)) - raft.server.sleep.deviation.threshold = 300 (default)
2020-05-27 19:49:52,002 [pool-35-thread-1] INFO  server.RaftServerConfigKeys (ConfUtils.java:logGet(44)) - raft.server.log.appender.install.snapshot.enabled = false (custom)
2020-05-27 19:49:52,002 [pool-51-thread-1] INFO  impl.RaftServerImpl (RaftServerImpl.java:<init>(98)) - 11818299-8fcf-4dd1-9a9c-009f994fa618: new RaftServerImpl for group-BD5830931E37:[11818299-8fcf-4dd1-9a9c-009f994fa618:172.17.0.2:36841, 1c4024eb-e8ae-4853-a4fd-b82bf2e3801f:172.17.0.2:36233, af513c94-01c3-4855-98d9-113503fe5dde:172.17.0.2:38851] with ContainerStateMachine:uninitialized
2020-05-27 19:49:52,002 [pool-51-thread-1] INFO  server.RaftServerConfigKeys (ConfUtils.java:logGet(44)) - raft.server.rpc.timeout.min = 5s (custom)
2020-05-27 19:49:52,002 [pool-51-thread-1] INFO  server.RaftServerConfigKeys (ConfUtils.java:logGet(44)) - raft.server.rpc.timeout.max = 5200ms (custom)
2020-05-27 19:49:52,002 [pool-51-thread-1] INFO  server.RaftServerConfigKeys (ConfUtils.java:logGet(44)) - raft.server.rpcslowness.timeout = 300s (custom)
2020-05-27 19:49:52,002 [pool-51-thread-1] INFO  server.RaftServerConfigKeys (ConfUtils.java:logGet(44)) - raft.server.sleep.deviation.threshold = 300 (default)
2020-05-27 19:49:52,002 [pool-51-thread-1] INFO  server.RaftServerConfigKeys (ConfUtils.java:logGet(44)) - raft.server.log.appender.install.snapshot.enabled = false (custom)
2020-05-27 19:49:52,002 [pool-51-thread-1] INFO  impl.RaftServerImpl (ServerState.java:<init>(103)) - 11818299-8fcf-4dd1-9a9c-009f994fa618@group-BD5830931E37: ConfigurationManager, init=-1: [11818299-8fcf-4dd1-9a9c-009f994fa618:172.17.0.2:36841, 1c4024eb-e8ae-4853-a4fd-b82bf2e3801f:172.17.0.2:36233, af513c94-01c3-4855-98d9-113503fe5dde:172.17.0.2:38851], old=null, confs=<EMPTY_MAP>
2020-05-27 19:49:52,002 [pool-51-thread-1] INFO  server.RaftServerConfigKeys (ConfUtils.java:logGet(44)) - raft.server.storage.dir = [/github/workspace/mnt/ozone/hadoop-ozone/integration-test/target/test-dir/MiniOzoneClusterImpl-087f03cc-a5a8-466d-ba79-9ca00bc8af49/datanode-1/data/ratis] (custom)
2020-05-27 19:49:52,003 [pool-51-thread-1] INFO  server.RaftServerConfigKeys (ConfUtils.java:logGet(44)) - raft.server.log.corruption.policy = EXCEPTION (default)
2020-05-27 19:49:52,003 [pool-51-thread-1] INFO  storage.RaftStorageDirectory (RaftStorageDirectory.java:analyzeStorage(261)) - The storage directory /github/workspace/mnt/ozone/hadoop-ozone/integration-test/target/test-dir/MiniOzoneClusterImpl-087f03cc-a5a8-466d-ba79-9ca00bc8af49/datanode-1/data/ratis/9ef361f0-27af-4cee-adcb-bd5830931e37 does not exist. Creating ...
2020-05-27 19:49:52,002 [pool-35-thread-1] INFO  impl.RaftServerImpl (ServerState.java:<init>(103)) - af513c94-01c3-4855-98d9-113503fe5dde@group-BD5830931E37: ConfigurationManager, init=-1: [11818299-8fcf-4dd1-9a9c-009f994fa618:172.17.0.2:36841, 1c4024eb-e8ae-4853-a4fd-b82bf2e3801f:172.17.0.2:36233, af513c94-01c3-4855-98d9-113503fe5dde:172.17.0.2:38851], old=null, confs=<EMPTY_MAP>
2020-05-27 19:49:52,003 [pool-35-thread-1] INFO  server.RaftServerConfigKeys (ConfUtils.java:logGet(44)) - raft.server.storage.dir = [/github/workspace/mnt/ozone/hadoop-ozone/integration-test/target/test-dir/MiniOzoneClusterImpl-087f03cc-a5a8-466d-ba79-9ca00bc8af49/datanode-0/data/ratis] (custom)
2020-05-27 19:49:52,004 [pool-35-thread-1] INFO  server.RaftServerConfigKeys (ConfUtils.java:logGet(44)) - raft.server.log.corruption.policy = EXCEPTION (default)
2020-05-27 19:49:52,004 [pool-35-thread-1] INFO  storage.RaftStorageDirectory (RaftStorageDirectory.java:analyzeStorage(261)) - The storage directory /github/workspace/mnt/ozone/hadoop-ozone/integration-test/target/test-dir/MiniOzoneClusterImpl-087f03cc-a5a8-466d-ba79-9ca00bc8af49/datanode-0/data/ratis/9ef361f0-27af-4cee-adcb-bd5830931e37 does not exist. Creating ...
2020-05-27 19:49:52,005 [pool-35-thread-1] INFO  storage.RaftStorageDirectory (RaftStorageDirectory.java:tryLock(343)) - Lock on /github/workspace/mnt/ozone/hadoop-ozone/integration-test/target/test-dir/MiniOzoneClusterImpl-087f03cc-a5a8-466d-ba79-9ca00bc8af49/datanode-0/data/ratis/9ef361f0-27af-4cee-adcb-bd5830931e37/in_use.lock acquired by nodename 23699@d78c3f676a41
2020-05-27 19:49:52,005 [pool-51-thread-1] INFO  storage.RaftStorageDirectory (RaftStorageDirectory.java:tryLock(343)) - Lock on /github/workspace/mnt/ozone/hadoop-ozone/integration-test/target/test-dir/MiniOzoneClusterImpl-087f03cc-a5a8-466d-ba79-9ca00bc8af49/datanode-1/data/ratis/9ef361f0-27af-4cee-adcb-bd5830931e37/in_use.lock acquired by nodename 23699@d78c3f676a41
2020-05-27 19:49:52,006 [pool-35-thread-1] INFO  storage.RaftStorage (RaftStorage.java:format(84)) - Storage directory /github/workspace/mnt/ozone/hadoop-ozone/integration-test/target/test-dir/MiniOzoneClusterImpl-087f03cc-a5a8-466d-ba79-9ca00bc8af49/datanode-0/data/ratis/9ef361f0-27af-4cee-adcb-bd5830931e37 has been successfully formatted.
2020-05-27 19:49:52,007 [pool-35-thread-1] INFO  ratis.ContainerStateMachine (ContainerStateMachine.java:loadSnapshot(226)) - group-BD5830931E37: The snapshot info is null. Setting the last applied indexto:(t:0, i:~)
2020-05-27 19:49:52,007 [pool-35-thread-1] INFO  server.RaftServerConfigKeys (ConfUtils.java:logGet(44)) - raft.server.notification.no-leader.timeout = 60s (default)
2020-05-27 19:49:52,007 [pool-35-thread-1] INFO  server.RaftServerConfigKeys (ConfUtils.java:logGet(44)) - raft.server.log.use.memory = false (default)
2020-05-27 19:49:52,007 [pool-35-thread-1] INFO  server.RaftServerConfigKeys (ConfUtils.java:logGet(44)) - raft.server.log.purge.gap = 1000000 (custom)
2020-05-27 19:49:52,007 [pool-35-thread-1] INFO  server.RaftServerConfigKeys (ConfUtils.java:logGet(44)) - raft.server.log.appender.buffer.byte-limit = 33554432 (custom)
2020-05-27 19:49:52,007 [pool-35-thread-1] INFO  server.RaftServerConfigKeys (ConfUtils.java:logGet(44)) - raft.server.log.segment.size.max = 1048576 (custom)
2020-05-27 19:49:52,007 [pool-35-thread-1] INFO  server.RaftServerConfigKeys (ConfUtils.java:logGet(44)) - raft.server.log.segment.cache.num.max = 2 (custom)
2020-05-27 19:49:52,008 [pool-35-thread-1] INFO  segmented.SegmentedRaftLogWorker (SegmentedRaftLogWorker.java:<init>(176)) - new af513c94-01c3-4855-98d9-113503fe5dde@group-BD5830931E37-SegmentedRaftLogWorker for RaftStorage:Storage Directory /github/workspace/mnt/ozone/hadoop-ozone/integration-test/target/test-dir/MiniOzoneClusterImpl-087f03cc-a5a8-466d-ba79-9ca00bc8af49/datanode-0/data/ratis/9ef361f0-27af-4cee-adcb-bd5830931e37
2020-05-27 19:49:52,008 [pool-35-thread-1] INFO  server.RaftServerConfigKeys (ConfUtils.java:logGet(44)) - raft.server.log.queue.byte-limit = 2147483647 (custom)
2020-05-27 19:49:52,008 [pool-35-thread-1] INFO  server.RaftServerConfigKeys (ConfUtils.java:logGet(44)) - raft.server.log.queue.element-limit = 1024 (custom)
2020-05-27 19:49:52,008 [pool-35-thread-1] INFO  server.RaftServerConfigKeys (ConfUtils.java:logGet(44)) - raft.server.log.segment.size.max = 1048576 (custom)
2020-05-27 19:49:52,008 [pool-35-thread-1] INFO  server.RaftServerConfigKeys (ConfUtils.java:logGet(44)) - raft.server.log.preallocated.size = 16384 (custom)
2020-05-27 19:49:52,008 [pool-35-thread-1] INFO  server.RaftServerConfigKeys (ConfUtils.java:logGet(44)) - raft.server.log.write.buffer.size = 1048576 (custom)
2020-05-27 19:49:52,008 [pool-35-thread-1] INFO  server.RaftServerConfigKeys (ConfUtils.java:logGet(44)) - raft.server.log.force.sync.num = 128 (default)
2020-05-27 19:49:52,008 [pool-35-thread-1] INFO  server.RaftServerConfigKeys (ConfUtils.java:logGet(44)) - raft.server.log.statemachine.data.sync = true (default)
2020-05-27 19:49:52,008 [pool-35-thread-1] INFO  server.RaftServerConfigKeys (ConfUtils.java:logGet(44)) - raft.server.log.statemachine.data.sync.timeout = 10s (default)
2020-05-27 19:49:52,008 [pool-35-thread-1] INFO  server.RaftServerConfigKeys (ConfUtils.java:logGet(44)) - raft.server.log.statemachine.data.sync.timeout.retry = -1 (default)
2020-05-27 19:49:52,009 [pool-35-thread-1] INFO  server.RaftServerConfigKeys (ConfUtils.java:logGet(44)) - raft.server.log.statemachine.data.caching.enabled = true (custom)
2020-05-27 19:49:52,009 [pool-35-thread-1] INFO  segmented.SegmentedRaftLogWorker (SegmentedRaftLogWorker.java:lambda$new$0(129)) - af513c94-01c3-4855-98d9-113503fe5dde@group-BD5830931E37-SegmentedRaftLogWorker: flushIndex: setUnconditionally 0 -> -1
2020-05-27 19:49:52,013 [pool-35-thread-1] INFO  server.RaftServerConfigKeys (ConfUtils.java:logGet(44)) - raft.server.snapshot.auto.trigger.enabled = true (custom)
2020-05-27 19:49:52,013 [pool-35-thread-1] INFO  server.RaftServerConfigKeys (ConfUtils.java:logGet(44)) - raft.server.snapshot.auto.trigger.threshold = 10000 (custom)
2020-05-27 19:49:52,013 [pool-35-thread-1] INFO  server.RaftServerConfigKeys (ConfUtils.java:logGet(44)) - raft.server.snapshot.retention.file.num = 5 (custom)
2020-05-27 19:49:52,013 [pool-35-thread-1] INFO  server.RaftServerConfigKeys (ConfUtils.java:logGet(44)) - raft.server.log.purge.upto.snapshot.index = false (default)
2020-05-27 19:49:52,013 [pool-35-thread-1] INFO  server.RaftServerConfigKeys (ConfUtils.java:logGet(44)) - raft.server.retrycache.expirytime = 600000ms (custom)
2020-05-27 19:49:52,014 [pool-35-thread-1] INFO  metrics.RatisMetrics (RatisMetrics.java:lambda$create$0(39)) - Creating Metrics Registry : ratis.leader_election.af513c94-01c3-4855-98d9-113503fe5dde@group-BD5830931E37
2020-05-27 19:49:52,014 [pool-35-thread-1] INFO  metrics.RatisMetrics (RatisMetrics.java:lambda$create$0(39)) - Creating Metrics Registry : ratis.server.af513c94-01c3-4855-98d9-113503fe5dde@group-BD5830931E37
2020-05-27 19:49:52,017 [pool-35-thread-1] INFO  impl.RaftServerImpl (RaftServerImpl.java:start(184)) - af513c94-01c3-4855-98d9-113503fe5dde@group-BD5830931E37: start as a follower, conf=-1: [11818299-8fcf-4dd1-9a9c-009f994fa618:172.17.0.2:36841, 1c4024eb-e8ae-4853-a4fd-b82bf2e3801f:172.17.0.2:36233, af513c94-01c3-4855-98d9-113503fe5dde:172.17.0.2:38851], old=null
2020-05-27 19:49:52,017 [pool-35-thread-1] INFO  impl.RaftServerImpl (RaftServerImpl.java:setRole(173)) - af513c94-01c3-4855-98d9-113503fe5dde@group-BD5830931E37: changes role from      null to FOLLOWER at term 0 for startAsFollower
2020-05-27 19:49:52,017 [pool-35-thread-1] INFO  impl.RoleInfo (RoleInfo.java:updateAndGet(143)) - af513c94-01c3-4855-98d9-113503fe5dde: start FollowerState
2020-05-27 19:49:52,028 [pool-35-thread-1] INFO  util.JmxRegister (JmxRegister.java:tryRegister(44)) - Successfully registered JMX Bean with object name Ratis:service=RaftServer,group=group-BD5830931E37,id=af513c94-01c3-4855-98d9-113503fe5dde
2020-05-27 19:49:52,028 [pool-35-thread-1] INFO  metrics.RatisMetrics (RatisMetrics.java:lambda$create$0(39)) - Creating Metrics Registry : ratis.state_machine.af513c94-01c3-4855-98d9-113503fe5dde@group-BD5830931E37
2020-05-27 19:49:52,032 [pool-67-thread-1] INFO  impl.RaftServerImpl (RaftServerImpl.java:<init>(98)) - 1c4024eb-e8ae-4853-a4fd-b82bf2e3801f: new RaftServerImpl for group-9B7FD9591DB0:[1c4024eb-e8ae-4853-a4fd-b82bf2e3801f:172.17.0.2:36233] with ContainerStateMachine:uninitialized
2020-05-27 19:49:52,036 [pool-67-thread-1] INFO  server.RaftServerConfigKeys (ConfUtils.java:logGet(44)) - raft.server.rpc.timeout.min = 5s (custom)
2020-05-27 19:49:52,036 [pool-67-thread-1] INFO  server.RaftServerConfigKeys (ConfUtils.java:logGet(44)) - raft.server.rpc.timeout.max = 5200ms (custom)
2020-05-27 19:49:52,036 [pool-67-thread-1] INFO  server.RaftServerConfigKeys (ConfUtils.java:logGet(44)) - raft.server.rpcslowness.timeout = 300s (custom)
2020-05-27 19:49:52,036 [pool-67-thread-1] INFO  server.RaftServerConfigKeys (ConfUtils.java:logGet(44)) - raft.server.sleep.deviation.threshold = 300 (default)
2020-05-27 19:49:52,037 [pool-67-thread-1] INFO  server.RaftServerConfigKeys (ConfUtils.java:logGet(44)) - raft.server.log.appender.install.snapshot.enabled = false (custom)
2020-05-27 19:49:52,037 [pool-67-thread-1] INFO  impl.RaftServerImpl (ServerState.java:<init>(103)) - 1c4024eb-e8ae-4853-a4fd-b82bf2e3801f@group-9B7FD9591DB0: ConfigurationManager, init=-1: [1c4024eb-e8ae-4853-a4fd-b82bf2e3801f:172.17.0.2:36233], old=null, confs=<EMPTY_MAP>
2020-05-27 19:49:52,037 [pool-67-thread-1] INFO  server.RaftServerConfigKeys (ConfUtils.java:logGet(44)) - raft.server.storage.dir = [/github/workspace/mnt/ozone/hadoop-ozone/integration-test/target/test-dir/MiniOzoneClusterImpl-087f03cc-a5a8-466d-ba79-9ca00bc8af49/datanode-2/data/ratis] (custom)
2020-05-27 19:49:52,037 [pool-67-thread-1] INFO  server.RaftServerConfigKeys (ConfUtils.java:logGet(44)) - raft.server.log.corruption.policy = EXCEPTION (default)
2020-05-27 19:49:52,037 [pool-67-thread-1] INFO  storage.RaftStorageDirectory (RaftStorageDirectory.java:analyzeStorage(261)) - The storage directory /github/workspace/mnt/ozone/hadoop-ozone/integration-test/target/test-dir/MiniOzoneClusterImpl-087f03cc-a5a8-466d-ba79-9ca00bc8af49/datanode-2/data/ratis/2c179cbd-708b-4479-9218-9b7fd9591db0 does not exist. Creating ...
2020-05-27 19:49:52,037 [pool-51-thread-1] INFO  storage.RaftStorage (RaftStorage.java:format(84)) - Storage directory /github/workspace/mnt/ozone/hadoop-ozone/integration-test/target/test-dir/MiniOzoneClusterImpl-087f03cc-a5a8-466d-ba79-9ca00bc8af49/datanode-1/data/ratis/9ef361f0-27af-4cee-adcb-bd5830931e37 has been successfully formatted.
2020-05-27 19:49:52,038 [pool-51-thread-1] INFO  ratis.ContainerStateMachine (ContainerStateMachine.java:loadSnapshot(226)) - group-BD5830931E37: The snapshot info is null. Setting the last applied indexto:(t:0, i:~)
2020-05-27 19:49:52,038 [pool-51-thread-1] INFO  server.RaftServerConfigKeys (ConfUtils.java:logGet(44)) - raft.server.notification.no-leader.timeout = 60s (default)
2020-05-27 19:49:52,038 [pool-51-thread-1] INFO  server.RaftServerConfigKeys (ConfUtils.java:logGet(44)) - raft.server.log.use.memory = false (default)
2020-05-27 19:49:52,038 [pool-51-thread-1] INFO  server.RaftServerConfigKeys (ConfUtils.java:logGet(44)) - raft.server.log.purge.gap = 1000000 (custom)
2020-05-27 19:49:52,038 [pool-51-thread-1] INFO  server.RaftServerConfigKeys (ConfUtils.java:logGet(44)) - raft.server.log.appender.buffer.byte-limit = 33554432 (custom)
2020-05-27 19:49:52,038 [pool-51-thread-1] INFO  server.RaftServerConfigKeys (ConfUtils.java:logGet(44)) - raft.server.log.segment.size.max = 1048576 (custom)
2020-05-27 19:49:52,038 [pool-51-thread-1] INFO  server.RaftServerConfigKeys (ConfUtils.java:logGet(44)) - raft.server.log.segment.cache.num.max = 2 (custom)
2020-05-27 19:49:52,038 [pool-51-thread-1] INFO  segmented.SegmentedRaftLogWorker (SegmentedRaftLogWorker.java:<init>(176)) - new 11818299-8fcf-4dd1-9a9c-009f994fa618@group-BD5830931E37-SegmentedRaftLogWorker for RaftStorage:Storage Directory /github/workspace/mnt/ozone/hadoop-ozone/integration-test/target/test-dir/MiniOzoneClusterImpl-087f03cc-a5a8-466d-ba79-9ca00bc8af49/datanode-1/data/ratis/9ef361f0-27af-4cee-adcb-bd5830931e37
2020-05-27 19:49:52,038 [pool-51-thread-1] INFO  server.RaftServerConfigKeys (ConfUtils.java:logGet(44)) - raft.server.log.queue.byte-limit = 2147483647 (custom)
2020-05-27 19:49:52,039 [pool-51-thread-1] INFO  server.RaftServerConfigKeys (ConfUtils.java:logGet(44)) - raft.server.log.queue.element-limit = 1024 (custom)
2020-05-27 19:49:52,039 [pool-51-thread-1] INFO  server.RaftServerConfigKeys (ConfUtils.java:logGet(44)) - raft.server.log.segment.size.max = 1048576 (custom)
2020-05-27 19:49:52,039 [pool-51-thread-1] INFO  server.RaftServerConfigKeys (ConfUtils.java:logGet(44)) - raft.server.log.preallocated.size = 16384 (custom)
2020-05-27 19:49:52,039 [pool-51-thread-1] INFO  server.RaftServerConfigKeys (ConfUtils.java:logGet(44)) - raft.server.log.write.buffer.size = 1048576 (custom)
2020-05-27 19:49:52,039 [pool-51-thread-1] INFO  server.RaftServerConfigKeys (ConfUtils.java:logGet(44)) - raft.server.log.force.sync.num = 128 (default)
2020-05-27 19:49:52,039 [pool-51-thread-1] INFO  server.RaftServerConfigKeys (ConfUtils.java:logGet(44)) - raft.server.log.statemachine.data.sync = true (default)
2020-05-27 19:49:52,039 [pool-51-thread-1] INFO  server.RaftServerConfigKeys (ConfUtils.java:logGet(44)) - raft.server.log.statemachine.data.sync.timeout = 10s (default)
2020-05-27 19:49:52,039 [pool-51-thread-1] INFO  server.RaftServerConfigKeys (ConfUtils.java:logGet(44)) - raft.server.log.statemachine.data.sync.timeout.retry = -1 (default)
2020-05-27 19:49:52,042 [pool-51-thread-1] INFO  server.RaftServerConfigKeys (ConfUtils.java:logGet(44)) - raft.server.log.statemachine.data.caching.enabled = true (custom)
2020-05-27 19:49:52,042 [pool-51-thread-1] INFO  segmented.SegmentedRaftLogWorker (SegmentedRaftLogWorker.java:lambda$new$0(129)) - 11818299-8fcf-4dd1-9a9c-009f994fa618@group-BD5830931E37-SegmentedRaftLogWorker: flushIndex: setUnconditionally 0 -> -1
2020-05-27 19:49:52,042 [pool-51-thread-1] INFO  server.RaftServerConfigKeys (ConfUtils.java:logGet(44)) - raft.server.snapshot.auto.trigger.enabled = true (custom)
2020-05-27 19:49:52,042 [pool-51-thread-1] INFO  server.RaftServerConfigKeys (ConfUtils.java:logGet(44)) - raft.server.snapshot.auto.trigger.threshold = 10000 (custom)
2020-05-27 19:49:52,042 [pool-51-thread-1] INFO  server.RaftServerConfigKeys (ConfUtils.java:logGet(44)) - raft.server.snapshot.retention.file.num = 5 (custom)
2020-05-27 19:49:52,042 [pool-51-thread-1] INFO  server.RaftServerConfigKeys (ConfUtils.java:logGet(44)) - raft.server.log.purge.upto.snapshot.index = false (default)
2020-05-27 19:49:52,042 [pool-51-thread-1] INFO  server.RaftServerConfigKeys (ConfUtils.java:logGet(44)) - raft.server.retrycache.expirytime = 600000ms (custom)
2020-05-27 19:49:52,043 [pool-51-thread-1] INFO  metrics.RatisMetrics (RatisMetrics.java:lambda$create$0(39)) - Creating Metrics Registry : ratis.leader_election.11818299-8fcf-4dd1-9a9c-009f994fa618@group-BD5830931E37
2020-05-27 19:49:52,044 [pool-51-thread-1] INFO  metrics.RatisMetrics (RatisMetrics.java:lambda$create$0(39)) - Creating Metrics Registry : ratis.server.11818299-8fcf-4dd1-9a9c-009f994fa618@group-BD5830931E37
2020-05-27 19:49:52,043 [pool-67-thread-1] INFO  storage.RaftStorageDirectory (RaftStorageDirectory.java:tryLock(343)) - Lock on /github/workspace/mnt/ozone/hadoop-ozone/integration-test/target/test-dir/MiniOzoneClusterImpl-087f03cc-a5a8-466d-ba79-9ca00bc8af49/datanode-2/data/ratis/2c179cbd-708b-4479-9218-9b7fd9591db0/in_use.lock acquired by nodename 23699@d78c3f676a41
2020-05-27 19:49:52,047 [pool-51-thread-1] INFO  impl.RaftServerImpl (RaftServerImpl.java:start(184)) - 11818299-8fcf-4dd1-9a9c-009f994fa618@group-BD5830931E37: start as a follower, conf=-1: [11818299-8fcf-4dd1-9a9c-009f994fa618:172.17.0.2:36841, 1c4024eb-e8ae-4853-a4fd-b82bf2e3801f:172.17.0.2:36233, af513c94-01c3-4855-98d9-113503fe5dde:172.17.0.2:38851], old=null
2020-05-27 19:49:52,051 [pool-51-thread-1] INFO  impl.RaftServerImpl (RaftServerImpl.java:setRole(173)) - 11818299-8fcf-4dd1-9a9c-009f994fa618@group-BD5830931E37: changes role from      null to FOLLOWER at term 0 for startAsFollower
2020-05-27 19:49:52,051 [pool-51-thread-1] INFO  impl.RoleInfo (RoleInfo.java:updateAndGet(143)) - 11818299-8fcf-4dd1-9a9c-009f994fa618: start FollowerState
2020-05-27 19:49:52,051 [pool-51-thread-1] INFO  util.JmxRegister (JmxRegister.java:tryRegister(44)) - Successfully registered JMX Bean with object name Ratis:service=RaftServer,group=group-BD5830931E37,id=11818299-8fcf-4dd1-9a9c-009f994fa618
2020-05-27 19:49:52,052 [pool-51-thread-1] INFO  metrics.RatisMetrics (RatisMetrics.java:lambda$create$0(39)) - Creating Metrics Registry : ratis.state_machine.11818299-8fcf-4dd1-9a9c-009f994fa618@group-BD5830931E37
2020-05-27 19:49:52,054 [pool-67-thread-1] INFO  storage.RaftStorage (RaftStorage.java:format(84)) - Storage directory /github/workspace/mnt/ozone/hadoop-ozone/integration-test/target/test-dir/MiniOzoneClusterImpl-087f03cc-a5a8-466d-ba79-9ca00bc8af49/datanode-2/data/ratis/2c179cbd-708b-4479-9218-9b7fd9591db0 has been successfully formatted.
2020-05-27 19:49:52,060 [pool-67-thread-1] INFO  ratis.ContainerStateMachine (ContainerStateMachine.java:loadSnapshot(226)) - group-9B7FD9591DB0: The snapshot info is null. Setting the last applied indexto:(t:0, i:~)
2020-05-27 19:49:52,060 [pool-67-thread-1] INFO  server.RaftServerConfigKeys (ConfUtils.java:logGet(44)) - raft.server.notification.no-leader.timeout = 60s (default)
2020-05-27 19:49:52,060 [pool-67-thread-1] INFO  server.RaftServerConfigKeys (ConfUtils.java:logGet(44)) - raft.server.log.use.memory = false (default)
2020-05-27 19:49:52,060 [pool-67-thread-1] INFO  server.RaftServerConfigKeys (ConfUtils.java:logGet(44)) - raft.server.log.purge.gap = 1000000 (custom)
2020-05-27 19:49:52,060 [pool-67-thread-1] INFO  server.RaftServerConfigKeys (ConfUtils.java:logGet(44)) - raft.server.log.appender.buffer.byte-limit = 33554432 (custom)
2020-05-27 19:49:52,061 [pool-67-thread-1] INFO  server.RaftServerConfigKeys (ConfUtils.java:logGet(44)) - raft.server.log.segment.size.max = 1048576 (custom)
2020-05-27 19:49:52,061 [pool-67-thread-1] INFO  metrics.RatisMetrics (RatisMetrics.java:lambda$create$0(39)) - Creating Metrics Registry : ratis.log_worker.1c4024eb-e8ae-4853-a4fd-b82bf2e3801f
2020-05-27 19:49:52,062 [pool-67-thread-1] INFO  server.RaftServerConfigKeys (ConfUtils.java:logGet(44)) - raft.server.log.segment.cache.num.max = 2 (custom)
2020-05-27 19:49:52,062 [pool-67-thread-1] INFO  segmented.SegmentedRaftLogWorker (SegmentedRaftLogWorker.java:<init>(176)) - new 1c4024eb-e8ae-4853-a4fd-b82bf2e3801f@group-9B7FD9591DB0-SegmentedRaftLogWorker for RaftStorage:Storage Directory /github/workspace/mnt/ozone/hadoop-ozone/integration-test/target/test-dir/MiniOzoneClusterImpl-087f03cc-a5a8-466d-ba79-9ca00bc8af49/datanode-2/data/ratis/2c179cbd-708b-4479-9218-9b7fd9591db0
2020-05-27 19:49:52,062 [pool-67-thread-1] INFO  server.RaftServerConfigKeys (ConfUtils.java:logGet(44)) - raft.server.log.queue.byte-limit = 2147483647 (custom)
2020-05-27 19:49:52,062 [pool-67-thread-1] INFO  server.RaftServerConfigKeys (ConfUtils.java:logGet(44)) - raft.server.log.queue.element-limit = 1024 (custom)
2020-05-27 19:49:52,062 [pool-67-thread-1] INFO  server.RaftServerConfigKeys (ConfUtils.java:logGet(44)) - raft.server.log.segment.size.max = 1048576 (custom)
2020-05-27 19:49:52,062 [pool-67-thread-1] INFO  server.RaftServerConfigKeys (ConfUtils.java:logGet(44)) - raft.server.log.preallocated.size = 16384 (custom)
2020-05-27 19:49:52,062 [pool-67-thread-1] INFO  server.RaftServerConfigKeys (ConfUtils.java:logGet(44)) - raft.server.log.write.buffer.size = 1048576 (custom)
2020-05-27 19:49:52,062 [pool-67-thread-1] INFO  server.RaftServerConfigKeys (ConfUtils.java:logGet(44)) - raft.server.log.force.sync.num = 128 (default)
2020-05-27 19:49:52,062 [pool-67-thread-1] INFO  server.RaftServerConfigKeys (ConfUtils.java:logGet(44)) - raft.server.log.statemachine.data.sync = true (default)
2020-05-27 19:49:52,062 [pool-67-thread-1] INFO  server.RaftServerConfigKeys (ConfUtils.java:logGet(44)) - raft.server.log.statemachine.data.sync.timeout = 10s (default)
2020-05-27 19:49:52,062 [pool-67-thread-1] INFO  server.RaftServerConfigKeys (ConfUtils.java:logGet(44)) - raft.server.log.statemachine.data.sync.timeout.retry = -1 (default)
2020-05-27 19:49:52,065 [pool-67-thread-1] INFO  server.RaftServerConfigKeys (ConfUtils.java:logGet(44)) - raft.server.log.statemachine.data.caching.enabled = true (custom)
2020-05-27 19:49:52,065 [pool-67-thread-1] INFO  segmented.SegmentedRaftLogWorker (SegmentedRaftLogWorker.java:lambda$new$0(129)) - 1c4024eb-e8ae-4853-a4fd-b82bf2e3801f@group-9B7FD9591DB0-SegmentedRaftLogWorker: flushIndex: setUnconditionally 0 -> -1
2020-05-27 19:49:52,065 [pool-67-thread-1] INFO  server.RaftServerConfigKeys (ConfUtils.java:logGet(44)) - raft.server.snapshot.auto.trigger.enabled = true (custom)
2020-05-27 19:49:52,065 [pool-67-thread-1] INFO  server.RaftServerConfigKeys (ConfUtils.java:logGet(44)) - raft.server.snapshot.auto.trigger.threshold = 10000 (custom)
2020-05-27 19:49:52,065 [pool-67-thread-1] INFO  server.RaftServerConfigKeys (ConfUtils.java:logGet(44)) - raft.server.snapshot.retention.file.num = 5 (custom)
2020-05-27 19:49:52,065 [pool-67-thread-1] INFO  server.RaftServerConfigKeys (ConfUtils.java:logGet(44)) - raft.server.log.purge.upto.snapshot.index = false (default)
2020-05-27 19:49:52,066 [pool-67-thread-1] INFO  server.RaftServerConfigKeys (ConfUtils.java:logGet(44)) - raft.server.retrycache.expirytime = 600000ms (custom)
2020-05-27 19:49:52,066 [pool-67-thread-1] INFO  metrics.RatisMetrics (RatisMetrics.java:lambda$create$0(39)) - Creating Metrics Registry : ratis.leader_election.1c4024eb-e8ae-4853-a4fd-b82bf2e3801f@group-9B7FD9591DB0
2020-05-27 19:49:52,067 [pool-67-thread-1] INFO  metrics.RatisMetrics (RatisMetrics.java:lambda$create$0(39)) - Creating Metrics Registry : ratis.server.1c4024eb-e8ae-4853-a4fd-b82bf2e3801f@group-9B7FD9591DB0
2020-05-27 19:49:52,073 [EventQueue-PipelineReportForPipelineReportHandler] INFO  pipeline.PipelineStateManager (PipelineStateManager.java:openPipeline(131)) - Pipeline Pipeline[ Id: 2c179cbd-708b-4479-9218-9b7fd9591db0, Nodes: 1c4024eb-e8ae-4853-a4fd-b82bf2e3801f{ip: 172.17.0.2, host: d78c3f676a41, networkLocation: /default-rack, certSerialId: null}, Type:RATIS, Factor:ONE, State:ALLOCATED, leaderId:1c4024eb-e8ae-4853-a4fd-b82bf2e3801f, CreationTimestamp2020-05-27T19:49:48.972Z] moved to OPEN state
2020-05-27 19:49:52,073 [EventQueue-OpenPipelineForOneReplicaPipelineSafeModeRule] INFO  safemode.SCMSafeModeManager (SCMSafeModeManager.java:validateSafeModeExitRules(213)) - AtleastOneDatanodeReportedRule rule is successfully validated
2020-05-27 19:49:52,073 [EventQueue-OpenPipelineForHealthyPipelineSafeModeRule] INFO  safemode.SCMSafeModeManager (HealthyPipelineSafeModeRule.java:process(132)) - SCM in safe mode. Healthy pipelines reported count is 0, required healthy pipeline reported count is 1
2020-05-27 19:49:52,074 [pool-67-thread-1] INFO  impl.RaftServerImpl (RaftServerImpl.java:start(184)) - 1c4024eb-e8ae-4853-a4fd-b82bf2e3801f@group-9B7FD9591DB0: start as a follower, conf=-1: [1c4024eb-e8ae-4853-a4fd-b82bf2e3801f:172.17.0.2:36233], old=null
2020-05-27 19:49:52,074 [pool-67-thread-1] INFO  impl.RaftServerImpl (RaftServerImpl.java:setRole(173)) - 1c4024eb-e8ae-4853-a4fd-b82bf2e3801f@group-9B7FD9591DB0: changes role from      null to FOLLOWER at term 0 for startAsFollower
2020-05-27 19:49:52,074 [pool-67-thread-1] INFO  impl.RoleInfo (RoleInfo.java:updateAndGet(143)) - 1c4024eb-e8ae-4853-a4fd-b82bf2e3801f: start FollowerState
2020-05-27 19:49:52,074 [pool-67-thread-1] INFO  util.JmxRegister (JmxRegister.java:tryRegister(44)) - Successfully registered JMX Bean with object name Ratis:service=RaftServer,group=group-9B7FD9591DB0,id=1c4024eb-e8ae-4853-a4fd-b82bf2e3801f
2020-05-27 19:49:52,074 [pool-67-thread-1] INFO  metrics.RatisMetrics (RatisMetrics.java:lambda$create$0(39)) - Creating Metrics Registry : ratis.state_machine.1c4024eb-e8ae-4853-a4fd-b82bf2e3801f@group-9B7FD9591DB0
2020-05-27 19:49:52,076 [Command processor thread] INFO  commandhandler.CreatePipelineCommandHandler (CreatePipelineCommandHandler.java:handle(109)) - Created Pipeline RATIS ONE #id: "2c179cbd-708b-4479-9218-9b7fd9591db0"
.
2020-05-27 19:49:52,076 [Command processor thread] INFO  impl.RaftServerProxy (RaftServerProxy.java:addNew(89)) - 1c4024eb-e8ae-4853-a4fd-b82bf2e3801f: addNew group-BD5830931E37:[11818299-8fcf-4dd1-9a9c-009f994fa618:172.17.0.2:36841, 1c4024eb-e8ae-4853-a4fd-b82bf2e3801f:172.17.0.2:36233, af513c94-01c3-4855-98d9-113503fe5dde:172.17.0.2:38851] returns group-BD5830931E37:java.util.concurrent.CompletableFuture@5cbcc595[Not completed]
2020-05-27 19:49:52,077 [pool-67-thread-1] INFO  impl.RaftServerImpl (RaftServerImpl.java:<init>(98)) - 1c4024eb-e8ae-4853-a4fd-b82bf2e3801f: new RaftServerImpl for group-BD5830931E37:[11818299-8fcf-4dd1-9a9c-009f994fa618:172.17.0.2:36841, 1c4024eb-e8ae-4853-a4fd-b82bf2e3801f:172.17.0.2:36233, af513c94-01c3-4855-98d9-113503fe5dde:172.17.0.2:38851] with ContainerStateMachine:uninitialized
2020-05-27 19:49:52,078 [pool-67-thread-1] INFO  server.RaftServerConfigKeys (ConfUtils.java:logGet(44)) - raft.server.rpc.timeout.min = 5s (custom)
2020-05-27 19:49:52,078 [pool-67-thread-1] INFO  server.RaftServerConfigKeys (ConfUtils.java:logGet(44)) - raft.server.rpc.timeout.max = 5200ms (custom)
2020-05-27 19:49:52,078 [pool-67-thread-1] INFO  server.RaftServerConfigKeys (ConfUtils.java:logGet(44)) - raft.server.rpcslowness.timeout = 300s (custom)
2020-05-27 19:49:52,078 [pool-67-thread-1] INFO  server.RaftServerConfigKeys (ConfUtils.java:logGet(44)) - raft.server.sleep.deviation.threshold = 300 (default)
2020-05-27 19:49:52,078 [pool-67-thread-1] INFO  server.RaftServerConfigKeys (ConfUtils.java:logGet(44)) - raft.server.log.appender.install.snapshot.enabled = false (custom)
2020-05-27 19:49:52,078 [pool-67-thread-1] INFO  impl.RaftServerImpl (ServerState.java:<init>(103)) - 1c4024eb-e8ae-4853-a4fd-b82bf2e3801f@group-BD5830931E37: ConfigurationManager, init=-1: [11818299-8fcf-4dd1-9a9c-009f994fa618:172.17.0.2:36841, 1c4024eb-e8ae-4853-a4fd-b82bf2e3801f:172.17.0.2:36233, af513c94-01c3-4855-98d9-113503fe5dde:172.17.0.2:38851], old=null, confs=<EMPTY_MAP>
2020-05-27 19:49:52,078 [pool-67-thread-1] INFO  server.RaftServerConfigKeys (ConfUtils.java:logGet(44)) - raft.server.storage.dir = [/github/workspace/mnt/ozone/hadoop-ozone/integration-test/target/test-dir/MiniOzoneClusterImpl-087f03cc-a5a8-466d-ba79-9ca00bc8af49/datanode-2/data/ratis] (custom)
2020-05-27 19:49:52,078 [pool-67-thread-1] INFO  server.RaftServerConfigKeys (ConfUtils.java:logGet(44)) - raft.server.log.corruption.policy = EXCEPTION (default)
2020-05-27 19:49:52,079 [pool-67-thread-1] INFO  storage.RaftStorageDirectory (RaftStorageDirectory.java:analyzeStorage(261)) - The storage directory /github/workspace/mnt/ozone/hadoop-ozone/integration-test/target/test-dir/MiniOzoneClusterImpl-087f03cc-a5a8-466d-ba79-9ca00bc8af49/datanode-2/data/ratis/9ef361f0-27af-4cee-adcb-bd5830931e37 does not exist. Creating ...
2020-05-27 19:49:52,080 [pool-67-thread-1] INFO  storage.RaftStorageDirectory (RaftStorageDirectory.java:tryLock(343)) - Lock on /github/workspace/mnt/ozone/hadoop-ozone/integration-test/target/test-dir/MiniOzoneClusterImpl-087f03cc-a5a8-466d-ba79-9ca00bc8af49/datanode-2/data/ratis/9ef361f0-27af-4cee-adcb-bd5830931e37/in_use.lock acquired by nodename 23699@d78c3f676a41
2020-05-27 19:49:52,081 [pool-67-thread-1] INFO  storage.RaftStorage (RaftStorage.java:format(84)) - Storage directory /github/workspace/mnt/ozone/hadoop-ozone/integration-test/target/test-dir/MiniOzoneClusterImpl-087f03cc-a5a8-466d-ba79-9ca00bc8af49/datanode-2/data/ratis/9ef361f0-27af-4cee-adcb-bd5830931e37 has been successfully formatted.
2020-05-27 19:49:52,081 [pool-67-thread-1] INFO  ratis.ContainerStateMachine (ContainerStateMachine.java:loadSnapshot(226)) - group-BD5830931E37: The snapshot info is null. Setting the last applied indexto:(t:0, i:~)
2020-05-27 19:49:52,081 [pool-67-thread-1] INFO  server.RaftServerConfigKeys (ConfUtils.java:logGet(44)) - raft.server.notification.no-leader.timeout = 60s (default)
2020-05-27 19:49:52,081 [pool-67-thread-1] INFO  server.RaftServerConfigKeys (ConfUtils.java:logGet(44)) - raft.server.log.use.memory = false (default)
2020-05-27 19:49:52,081 [pool-67-thread-1] INFO  server.RaftServerConfigKeys (ConfUtils.java:logGet(44)) - raft.server.log.purge.gap = 1000000 (custom)
2020-05-27 19:49:52,081 [pool-67-thread-1] INFO  server.RaftServerConfigKeys (ConfUtils.java:logGet(44)) - raft.server.log.appender.buffer.byte-limit = 33554432 (custom)
2020-05-27 19:49:52,081 [pool-67-thread-1] INFO  server.RaftServerConfigKeys (ConfUtils.java:logGet(44)) - raft.server.log.segment.size.max = 1048576 (custom)
2020-05-27 19:49:52,082 [pool-67-thread-1] INFO  server.RaftServerConfigKeys (ConfUtils.java:logGet(44)) - raft.server.log.segment.cache.num.max = 2 (custom)
2020-05-27 19:49:52,082 [pool-67-thread-1] INFO  segmented.SegmentedRaftLogWorker (SegmentedRaftLogWorker.java:<init>(176)) - new 1c4024eb-e8ae-4853-a4fd-b82bf2e3801f@group-BD5830931E37-SegmentedRaftLogWorker for RaftStorage:Storage Directory /github/workspace/mnt/ozone/hadoop-ozone/integration-test/target/test-dir/MiniOzoneClusterImpl-087f03cc-a5a8-466d-ba79-9ca00bc8af49/datanode-2/data/ratis/9ef361f0-27af-4cee-adcb-bd5830931e37
2020-05-27 19:49:52,082 [pool-67-thread-1] INFO  server.RaftServerConfigKeys (ConfUtils.java:logGet(44)) - raft.server.log.queue.byte-limit = 2147483647 (custom)
2020-05-27 19:49:52,083 [Command processor thread] INFO  impl.RaftServerProxy (RaftServerProxy.java:addNew(89)) - 87450af1-8bb1-47ca-8fff-c762ff1b8a7d: addNew group-4967BDBECD9D:[87450af1-8bb1-47ca-8fff-c762ff1b8a7d:172.17.0.2:40269] returns group-4967BDBECD9D:java.util.concurrent.CompletableFuture@5a38c9bb[Not completed]
2020-05-27 19:49:52,100 [pool-67-thread-1] INFO  server.RaftServerConfigKeys (ConfUtils.java:logGet(44)) - raft.server.log.queue.element-limit = 1024 (custom)
2020-05-27 19:49:52,100 [pool-67-thread-1] INFO  server.RaftServerConfigKeys (ConfUtils.java:logGet(44)) - raft.server.log.segment.size.max = 1048576 (custom)
2020-05-27 19:49:52,100 [pool-67-thread-1] INFO  server.RaftServerConfigKeys (ConfUtils.java:logGet(44)) - raft.server.log.preallocated.size = 16384 (custom)
2020-05-27 19:49:52,100 [pool-67-thread-1] INFO  server.RaftServerConfigKeys (ConfUtils.java:logGet(44)) - raft.server.log.write.buffer.size = 1048576 (custom)
2020-05-27 19:49:52,100 [pool-67-thread-1] INFO  server.RaftServerConfigKeys (ConfUtils.java:logGet(44)) - raft.server.log.force.sync.num = 128 (default)
2020-05-27 19:49:52,100 [pool-67-thread-1] INFO  server.RaftServerConfigKeys (ConfUtils.java:logGet(44)) - raft.server.log.statemachine.data.sync = true (default)
2020-05-27 19:49:52,100 [pool-83-thread-1] INFO  impl.RaftServerImpl (RaftServerImpl.java:<init>(98)) - 87450af1-8bb1-47ca-8fff-c762ff1b8a7d: new RaftServerImpl for group-4967BDBECD9D:[87450af1-8bb1-47ca-8fff-c762ff1b8a7d:172.17.0.2:40269] with ContainerStateMachine:uninitialized
2020-05-27 19:49:52,102 [pool-83-thread-1] INFO  server.RaftServerConfigKeys (ConfUtils.java:logGet(44)) - raft.server.rpc.timeout.min = 5s (custom)
2020-05-27 19:49:52,102 [pool-83-thread-1] INFO  server.RaftServerConfigKeys (ConfUtils.java:logGet(44)) - raft.server.rpc.timeout.max = 5200ms (custom)
2020-05-27 19:49:52,102 [pool-67-thread-1] INFO  server.RaftServerConfigKeys (ConfUtils.java:logGet(44)) - raft.server.log.statemachine.data.sync.timeout = 10s (default)
2020-05-27 19:49:52,102 [pool-67-thread-1] INFO  server.RaftServerConfigKeys (ConfUtils.java:logGet(44)) - raft.server.log.statemachine.data.sync.timeout.retry = -1 (default)
2020-05-27 19:49:52,103 [pool-67-thread-1] INFO  server.RaftServerConfigKeys (ConfUtils.java:logGet(44)) - raft.server.log.statemachine.data.caching.enabled = true (custom)
2020-05-27 19:49:52,103 [pool-67-thread-1] INFO  segmented.SegmentedRaftLogWorker (SegmentedRaftLogWorker.java:lambda$new$0(129)) - 1c4024eb-e8ae-4853-a4fd-b82bf2e3801f@group-BD5830931E37-SegmentedRaftLogWorker: flushIndex: setUnconditionally 0 -> -1
2020-05-27 19:49:52,104 [pool-83-thread-1] INFO  server.RaftServerConfigKeys (ConfUtils.java:logGet(44)) - raft.server.rpcslowness.timeout = 300s (custom)
2020-05-27 19:49:52,104 [pool-83-thread-1] INFO  server.RaftServerConfigKeys (ConfUtils.java:logGet(44)) - raft.server.sleep.deviation.threshold = 300 (default)
2020-05-27 19:49:52,104 [pool-83-thread-1] INFO  server.RaftServerConfigKeys (ConfUtils.java:logGet(44)) - raft.server.log.appender.install.snapshot.enabled = false (custom)
2020-05-27 19:49:52,120 [pool-83-thread-1] INFO  impl.RaftServerImpl (ServerState.java:<init>(103)) - 87450af1-8bb1-47ca-8fff-c762ff1b8a7d@group-4967BDBECD9D: ConfigurationManager, init=-1: [87450af1-8bb1-47ca-8fff-c762ff1b8a7d:172.17.0.2:40269], old=null, confs=<EMPTY_MAP>
2020-05-27 19:49:52,120 [pool-83-thread-1] INFO  server.RaftServerConfigKeys (ConfUtils.java:logGet(44)) - raft.server.storage.dir = [/github/workspace/mnt/ozone/hadoop-ozone/integration-test/target/test-dir/MiniOzoneClusterImpl-087f03cc-a5a8-466d-ba79-9ca00bc8af49/datanode-3/data/ratis] (custom)
2020-05-27 19:49:52,120 [pool-83-thread-1] INFO  server.RaftServerConfigKeys (ConfUtils.java:logGet(44)) - raft.server.log.corruption.policy = EXCEPTION (default)
2020-05-27 19:49:52,121 [pool-83-thread-1] INFO  storage.RaftStorageDirectory (RaftStorageDirectory.java:analyzeStorage(261)) - The storage directory /github/workspace/mnt/ozone/hadoop-ozone/integration-test/target/test-dir/MiniOzoneClusterImpl-087f03cc-a5a8-466d-ba79-9ca00bc8af49/datanode-3/data/ratis/2d8a86db-11b1-4754-820e-4967bdbecd9d does not exist. Creating ...
2020-05-27 19:49:52,113 [pool-67-thread-1] INFO  server.RaftServerConfigKeys (ConfUtils.java:logGet(44)) - raft.server.snapshot.auto.trigger.enabled = true (custom)
2020-05-27 19:49:52,121 [pool-67-thread-1] INFO  server.RaftServerConfigKeys (ConfUtils.java:logGet(44)) - raft.server.snapshot.auto.trigger.threshold = 10000 (custom)
2020-05-27 19:49:52,121 [pool-67-thread-1] INFO  server.RaftServerConfigKeys (ConfUtils.java:logGet(44)) - raft.server.snapshot.retention.file.num = 5 (custom)
2020-05-27 19:49:52,122 [pool-67-thread-1] INFO  server.RaftServerConfigKeys (ConfUtils.java:logGet(44)) - raft.server.log.purge.upto.snapshot.index = false (default)
2020-05-27 19:49:52,122 [pool-67-thread-1] INFO  server.RaftServerConfigKeys (ConfUtils.java:logGet(44)) - raft.server.retrycache.expirytime = 600000ms (custom)
2020-05-27 19:49:52,122 [pool-67-thread-1] INFO  metrics.RatisMetrics (RatisMetrics.java:lambda$create$0(39)) - Creating Metrics Registry : ratis.leader_election.1c4024eb-e8ae-4853-a4fd-b82bf2e3801f@group-BD5830931E37
2020-05-27 19:49:52,123 [pool-67-thread-1] INFO  metrics.RatisMetrics (RatisMetrics.java:lambda$create$0(39)) - Creating Metrics Registry : ratis.server.1c4024eb-e8ae-4853-a4fd-b82bf2e3801f@group-BD5830931E37
2020-05-27 19:49:52,126 [pool-67-thread-1] INFO  impl.RaftServerImpl (RaftServerImpl.java:start(184)) - 1c4024eb-e8ae-4853-a4fd-b82bf2e3801f@group-BD5830931E37: start as a follower, conf=-1: [11818299-8fcf-4dd1-9a9c-009f994fa618:172.17.0.2:36841, 1c4024eb-e8ae-4853-a4fd-b82bf2e3801f:172.17.0.2:36233, af513c94-01c3-4855-98d9-113503fe5dde:172.17.0.2:38851], old=null
2020-05-27 19:49:52,124 [pool-83-thread-1] INFO  storage.RaftStorageDirectory (RaftStorageDirectory.java:tryLock(343)) - Lock on /github/workspace/mnt/ozone/hadoop-ozone/integration-test/target/test-dir/MiniOzoneClusterImpl-087f03cc-a5a8-466d-ba79-9ca00bc8af49/datanode-3/data/ratis/2d8a86db-11b1-4754-820e-4967bdbecd9d/in_use.lock acquired by nodename 23699@d78c3f676a41
2020-05-27 19:49:52,132 [pool-67-thread-1] INFO  impl.RaftServerImpl (RaftServerImpl.java:setRole(173)) - 1c4024eb-e8ae-4853-a4fd-b82bf2e3801f@group-BD5830931E37: changes role from      null to FOLLOWER at term 0 for startAsFollower
2020-05-27 19:49:52,132 [pool-67-thread-1] INFO  impl.RoleInfo (RoleInfo.java:updateAndGet(143)) - 1c4024eb-e8ae-4853-a4fd-b82bf2e3801f: start FollowerState
2020-05-27 19:49:52,133 [pool-83-thread-1] INFO  storage.RaftStorage (RaftStorage.java:format(84)) - Storage directory /github/workspace/mnt/ozone/hadoop-ozone/integration-test/target/test-dir/MiniOzoneClusterImpl-087f03cc-a5a8-466d-ba79-9ca00bc8af49/datanode-3/data/ratis/2d8a86db-11b1-4754-820e-4967bdbecd9d has been successfully formatted.
2020-05-27 19:49:52,144 [pool-83-thread-1] INFO  ratis.ContainerStateMachine (ContainerStateMachine.java:loadSnapshot(226)) - group-4967BDBECD9D: The snapshot info is null. Setting the last applied indexto:(t:0, i:~)
2020-05-27 19:49:52,144 [pool-83-thread-1] INFO  server.RaftServerConfigKeys (ConfUtils.java:logGet(44)) - raft.server.notification.no-leader.timeout = 60s (default)
2020-05-27 19:49:52,144 [pool-83-thread-1] INFO  server.RaftServerConfigKeys (ConfUtils.java:logGet(44)) - raft.server.log.use.memory = false (default)
2020-05-27 19:49:52,144 [pool-83-thread-1] INFO  server.RaftServerConfigKeys (ConfUtils.java:logGet(44)) - raft.server.log.purge.gap = 1000000 (custom)
2020-05-27 19:49:52,145 [pool-83-thread-1] INFO  server.RaftServerConfigKeys (ConfUtils.java:logGet(44)) - raft.server.log.appender.buffer.byte-limit = 33554432 (custom)
2020-05-27 19:49:52,145 [pool-83-thread-1] INFO  server.RaftServerConfigKeys (ConfUtils.java:logGet(44)) - raft.server.log.segment.size.max = 1048576 (custom)
2020-05-27 19:49:52,145 [pool-83-thread-1] INFO  metrics.RatisMetrics (RatisMetrics.java:lambda$create$0(39)) - Creating Metrics Registry : ratis.log_worker.87450af1-8bb1-47ca-8fff-c762ff1b8a7d
2020-05-27 19:49:52,145 [pool-83-thread-1] INFO  server.RaftServerConfigKeys (ConfUtils.java:logGet(44)) - raft.server.log.segment.cache.num.max = 2 (custom)
2020-05-27 19:49:52,145 [pool-83-thread-1] INFO  segmented.SegmentedRaftLogWorker (SegmentedRaftLogWorker.java:<init>(176)) - new 87450af1-8bb1-47ca-8fff-c762ff1b8a7d@group-4967BDBECD9D-SegmentedRaftLogWorker for RaftStorage:Storage Directory /github/workspace/mnt/ozone/hadoop-ozone/integration-test/target/test-dir/MiniOzoneClusterImpl-087f03cc-a5a8-466d-ba79-9ca00bc8af49/datanode-3/data/ratis/2d8a86db-11b1-4754-820e-4967bdbecd9d
2020-05-27 19:49:52,145 [pool-83-thread-1] INFO  server.RaftServerConfigKeys (ConfUtils.java:logGet(44)) - raft.server.log.queue.byte-limit = 2147483647 (custom)
2020-05-27 19:49:52,145 [pool-83-thread-1] INFO  server.RaftServerConfigKeys (ConfUtils.java:logGet(44)) - raft.server.log.queue.element-limit = 1024 (custom)
2020-05-27 19:49:52,145 [pool-83-thread-1] INFO  server.RaftServerConfigKeys (ConfUtils.java:logGet(44)) - raft.server.log.segment.size.max = 1048576 (custom)
2020-05-27 19:49:52,145 [pool-83-thread-1] INFO  server.RaftServerConfigKeys (ConfUtils.java:logGet(44)) - raft.server.log.preallocated.size = 16384 (custom)
2020-05-27 19:49:52,145 [pool-83-thread-1] INFO  server.RaftServerConfigKeys (ConfUtils.java:logGet(44)) - raft.server.log.write.buffer.size = 1048576 (custom)
2020-05-27 19:49:52,145 [pool-83-thread-1] INFO  server.RaftServerConfigKeys (ConfUtils.java:logGet(44)) - raft.server.log.force.sync.num = 128 (default)
2020-05-27 19:49:52,146 [pool-83-thread-1] INFO  server.RaftServerConfigKeys (ConfUtils.java:logGet(44)) - raft.server.log.statemachine.data.sync = true (default)
2020-05-27 19:49:52,146 [pool-83-thread-1] INFO  server.RaftServerConfigKeys (ConfUtils.java:logGet(44)) - raft.server.log.statemachine.data.sync.timeout = 10s (default)
2020-05-27 19:49:52,146 [pool-83-thread-1] INFO  server.RaftServerConfigKeys (ConfUtils.java:logGet(44)) - raft.server.log.statemachine.data.sync.timeout.retry = -1 (default)
2020-05-27 19:49:52,148 [pool-83-thread-1] INFO  server.RaftServerConfigKeys (ConfUtils.java:logGet(44)) - raft.server.log.statemachine.data.caching.enabled = true (custom)
2020-05-27 19:49:52,149 [pool-83-thread-1] INFO  segmented.SegmentedRaftLogWorker (SegmentedRaftLogWorker.java:lambda$new$0(129)) - 87450af1-8bb1-47ca-8fff-c762ff1b8a7d@group-4967BDBECD9D-SegmentedRaftLogWorker: flushIndex: setUnconditionally 0 -> -1
2020-05-27 19:49:52,149 [EventQueue-PipelineReportForPipelineReportHandler] INFO  pipeline.PipelineStateManager (PipelineStateManager.java:openPipeline(131)) - Pipeline Pipeline[ Id: 2d8a86db-11b1-4754-820e-4967bdbecd9d, Nodes: 87450af1-8bb1-47ca-8fff-c762ff1b8a7d{ip: 172.17.0.2, host: d78c3f676a41, networkLocation: /default-rack, certSerialId: null}, Type:RATIS, Factor:ONE, State:ALLOCATED, leaderId:87450af1-8bb1-47ca-8fff-c762ff1b8a7d, CreationTimestamp2020-05-27T19:49:49.073Z] moved to OPEN state
2020-05-27 19:49:52,149 [EventQueue-OpenPipelineForOneReplicaPipelineSafeModeRule] INFO  safemode.SCMSafeModeManager (SCMSafeModeManager.java:validateSafeModeExitRules(213)) - AtleastOneDatanodeReportedRule rule is successfully validated
2020-05-27 19:49:52,149 [EventQueue-OpenPipelineForHealthyPipelineSafeModeRule] INFO  safemode.SCMSafeModeManager (HealthyPipelineSafeModeRule.java:process(132)) - SCM in safe mode. Healthy pipelines reported count is 0, required healthy pipeline reported count is 1
2020-05-27 19:49:52,151 [pool-83-thread-1] INFO  server.RaftServerConfigKeys (ConfUtils.java:logGet(44)) - raft.server.snapshot.auto.trigger.enabled = true (custom)
2020-05-27 19:49:52,152 [pool-83-thread-1] INFO  server.RaftServerConfigKeys (ConfUtils.java:logGet(44)) - raft.server.snapshot.auto.trigger.threshold = 10000 (custom)
2020-05-27 19:49:52,152 [pool-83-thread-1] INFO  server.RaftServerConfigKeys (ConfUtils.java:logGet(44)) - raft.server.snapshot.retention.file.num = 5 (custom)
2020-05-27 19:49:52,152 [pool-83-thread-1] INFO  server.RaftServerConfigKeys (ConfUtils.java:logGet(44)) - raft.server.log.purge.upto.snapshot.index = false (default)
2020-05-27 19:49:52,152 [pool-83-thread-1] INFO  server.RaftServerConfigKeys (ConfUtils.java:logGet(44)) - raft.server.retrycache.expirytime = 600000ms (custom)
2020-05-27 19:49:52,152 [pool-83-thread-1] INFO  metrics.RatisMetrics (RatisMetrics.java:lambda$create$0(39)) - Creating Metrics Registry : ratis.leader_election.87450af1-8bb1-47ca-8fff-c762ff1b8a7d@group-4967BDBECD9D
2020-05-27 19:49:52,153 [pool-83-thread-1] INFO  metrics.RatisMetrics (RatisMetrics.java:lambda$create$0(39)) - Creating Metrics Registry : ratis.server.87450af1-8bb1-47ca-8fff-c762ff1b8a7d@group-4967BDBECD9D
2020-05-27 19:49:52,154 [pool-83-thread-1] INFO  impl.RaftServerImpl (RaftServerImpl.java:start(184)) - 87450af1-8bb1-47ca-8fff-c762ff1b8a7d@group-4967BDBECD9D: start as a follower, conf=-1: [87450af1-8bb1-47ca-8fff-c762ff1b8a7d:172.17.0.2:40269], old=null
2020-05-27 19:49:52,155 [pool-67-thread-1] INFO  util.JmxRegister (JmxRegister.java:tryRegister(44)) - Successfully registered JMX Bean with object name Ratis:service=RaftServer,group=group-BD5830931E37,id=1c4024eb-e8ae-4853-a4fd-b82bf2e3801f
2020-05-27 19:49:52,161 [pool-67-thread-1] INFO  metrics.RatisMetrics (RatisMetrics.java:lambda$create$0(39)) - Creating Metrics Registry : ratis.state_machine.1c4024eb-e8ae-4853-a4fd-b82bf2e3801f@group-BD5830931E37
2020-05-27 19:49:52,162 [pool-83-thread-1] INFO  impl.RaftServerImpl (RaftServerImpl.java:setRole(173)) - 87450af1-8bb1-47ca-8fff-c762ff1b8a7d@group-4967BDBECD9D: changes role from      null to FOLLOWER at term 0 for startAsFollower
2020-05-27 19:49:52,176 [pool-83-thread-1] INFO  impl.RoleInfo (RoleInfo.java:updateAndGet(143)) - 87450af1-8bb1-47ca-8fff-c762ff1b8a7d: start FollowerState
2020-05-27 19:49:52,176 [Command processor thread] INFO  impl.RaftServerProxy (RaftServerProxy.java:addNew(89)) - 2688bacc-2ecf-4914-892d-45c47335b8b0: addNew group-7B2921E3A2AA:[2688bacc-2ecf-4914-892d-45c47335b8b0:172.17.0.2:36383] returns group-7B2921E3A2AA:java.util.concurrent.CompletableFuture@43f81db5[Not completed]
2020-05-27 19:49:52,178 [pool-99-thread-1] INFO  impl.RaftServerImpl (RaftServerImpl.java:<init>(98)) - 2688bacc-2ecf-4914-892d-45c47335b8b0: new RaftServerImpl for group-7B2921E3A2AA:[2688bacc-2ecf-4914-892d-45c47335b8b0:172.17.0.2:36383] with ContainerStateMachine:uninitialized
2020-05-27 19:49:52,185 [pool-83-thread-1] INFO  util.JmxRegister (JmxRegister.java:tryRegister(44)) - Successfully registered JMX Bean with object name Ratis:service=RaftServer,group=group-4967BDBECD9D,id=87450af1-8bb1-47ca-8fff-c762ff1b8a7d
2020-05-27 19:49:52,185 [pool-83-thread-1] INFO  metrics.RatisMetrics (RatisMetrics.java:lambda$create$0(39)) - Creating Metrics Registry : ratis.state_machine.87450af1-8bb1-47ca-8fff-c762ff1b8a7d@group-4967BDBECD9D
2020-05-27 19:49:52,192 [pool-99-thread-1] INFO  server.RaftServerConfigKeys (ConfUtils.java:logGet(44)) - raft.server.rpc.timeout.min = 5s (custom)
2020-05-27 19:49:52,192 [Command processor thread] INFO  commandhandler.CreatePipelineCommandHandler (CreatePipelineCommandHandler.java:handle(109)) - Created Pipeline RATIS ONE #id: "2d8a86db-11b1-4754-820e-4967bdbecd9d"
.
2020-05-27 19:49:52,192 [Command processor thread] INFO  impl.RaftServerProxy (RaftServerProxy.java:addNew(89)) - 87450af1-8bb1-47ca-8fff-c762ff1b8a7d: addNew group-6396F5342F23:[a0e9232a-3916-470b-b2b7-a7f4d4e85528:172.17.0.2:37069, 87450af1-8bb1-47ca-8fff-c762ff1b8a7d:172.17.0.2:40269, 2688bacc-2ecf-4914-892d-45c47335b8b0:172.17.0.2:36383] returns group-6396F5342F23:java.util.concurrent.CompletableFuture@5e075624[Not completed]
2020-05-27 19:49:52,193 [pool-83-thread-1] INFO  impl.RaftServerImpl (RaftServerImpl.java:<init>(98)) - 87450af1-8bb1-47ca-8fff-c762ff1b8a7d: new RaftServerImpl for group-6396F5342F23:[a0e9232a-3916-470b-b2b7-a7f4d4e85528:172.17.0.2:37069, 87450af1-8bb1-47ca-8fff-c762ff1b8a7d:172.17.0.2:40269, 2688bacc-2ecf-4914-892d-45c47335b8b0:172.17.0.2:36383] with ContainerStateMachine:uninitialized
2020-05-27 19:49:52,193 [pool-83-thread-1] INFO  server.RaftServerConfigKeys (ConfUtils.java:logGet(44)) - raft.server.rpc.timeout.min = 5s (custom)
2020-05-27 19:49:52,193 [pool-83-thread-1] INFO  server.RaftServerConfigKeys (ConfUtils.java:logGet(44)) - raft.server.rpc.timeout.max = 5200ms (custom)
2020-05-27 19:49:52,193 [pool-83-thread-1] INFO  server.RaftServerConfigKeys (ConfUtils.java:logGet(44)) - raft.server.rpcslowness.timeout = 300s (custom)
2020-05-27 19:49:52,193 [pool-83-thread-1] INFO  server.RaftServerConfigKeys (ConfUtils.java:logGet(44)) - raft.server.sleep.deviation.threshold = 300 (default)
2020-05-27 19:49:52,194 [pool-83-thread-1] INFO  server.RaftServerConfigKeys (ConfUtils.java:logGet(44)) - raft.server.log.appender.install.snapshot.enabled = false (custom)
2020-05-27 19:49:52,194 [pool-83-thread-1] INFO  impl.RaftServerImpl (ServerState.java:<init>(103)) - 87450af1-8bb1-47ca-8fff-c762ff1b8a7d@group-6396F5342F23: ConfigurationManager, init=-1: [a0e9232a-3916-470b-b2b7-a7f4d4e85528:172.17.0.2:37069, 87450af1-8bb1-47ca-8fff-c762ff1b8a7d:172.17.0.2:40269, 2688bacc-2ecf-4914-892d-45c47335b8b0:172.17.0.2:36383], old=null, confs=<EMPTY_MAP>
2020-05-27 19:49:52,194 [pool-83-thread-1] INFO  server.RaftServerConfigKeys (ConfUtils.java:logGet(44)) - raft.server.storage.dir = [/github/workspace/mnt/ozone/hadoop-ozone/integration-test/target/test-dir/MiniOzoneClusterImpl-087f03cc-a5a8-466d-ba79-9ca00bc8af49/datanode-3/data/ratis] (custom)
2020-05-27 19:49:52,194 [pool-83-thread-1] INFO  server.RaftServerConfigKeys (ConfUtils.java:logGet(44)) - raft.server.log.corruption.policy = EXCEPTION (default)
2020-05-27 19:49:52,194 [pool-83-thread-1] INFO  storage.RaftStorageDirectory (RaftStorageDirectory.java:analyzeStorage(261)) - The storage directory /github/workspace/mnt/ozone/hadoop-ozone/integration-test/target/test-dir/MiniOzoneClusterImpl-087f03cc-a5a8-466d-ba79-9ca00bc8af49/datanode-3/data/ratis/8ade6f36-bcb4-426f-a0a0-6396f5342f23 does not exist. Creating ...
2020-05-27 19:49:52,192 [pool-99-thread-1] INFO  server.RaftServerConfigKeys (ConfUtils.java:logGet(44)) - raft.server.rpc.timeout.max = 5200ms (custom)
2020-05-27 19:49:52,195 [pool-99-thread-1] INFO  server.RaftServerConfigKeys (ConfUtils.java:logGet(44)) - raft.server.rpcslowness.timeout = 300s (custom)
2020-05-27 19:49:52,195 [pool-99-thread-1] INFO  server.RaftServerConfigKeys (ConfUtils.java:logGet(44)) - raft.server.sleep.deviation.threshold = 300 (default)
2020-05-27 19:49:52,195 [pool-99-thread-1] INFO  server.RaftServerConfigKeys (ConfUtils.java:logGet(44)) - raft.server.log.appender.install.snapshot.enabled = false (custom)
2020-05-27 19:49:52,195 [pool-99-thread-1] INFO  impl.RaftServerImpl (ServerState.java:<init>(103)) - 2688bacc-2ecf-4914-892d-45c47335b8b0@group-7B2921E3A2AA: ConfigurationManager, init=-1: [2688bacc-2ecf-4914-892d-45c47335b8b0:172.17.0.2:36383], old=null, confs=<EMPTY_MAP>
2020-05-27 19:49:52,195 [pool-99-thread-1] INFO  server.RaftServerConfigKeys (ConfUtils.java:logGet(44)) - raft.server.storage.dir = [/github/workspace/mnt/ozone/hadoop-ozone/integration-test/target/test-dir/MiniOzoneClusterImpl-087f03cc-a5a8-466d-ba79-9ca00bc8af49/datanode-4/data/ratis] (custom)
2020-05-27 19:49:52,195 [pool-99-thread-1] INFO  server.RaftServerConfigKeys (ConfUtils.java:logGet(44)) - raft.server.log.corruption.policy = EXCEPTION (default)
2020-05-27 19:49:52,195 [pool-99-thread-1] INFO  storage.RaftStorageDirectory (RaftStorageDirectory.java:analyzeStorage(261)) - The storage directory /github/workspace/mnt/ozone/hadoop-ozone/integration-test/target/test-dir/MiniOzoneClusterImpl-087f03cc-a5a8-466d-ba79-9ca00bc8af49/datanode-4/data/ratis/c0c31bce-0a6c-43b6-ac3f-7b2921e3a2aa does not exist. Creating ...
2020-05-27 19:49:52,195 [pool-83-thread-1] INFO  storage.RaftStorageDirectory (RaftStorageDirectory.java:tryLock(343)) - Lock on /github/workspace/mnt/ozone/hadoop-ozone/integration-test/target/test-dir/MiniOzoneClusterImpl-087f03cc-a5a8-466d-ba79-9ca00bc8af49/datanode-3/data/ratis/8ade6f36-bcb4-426f-a0a0-6396f5342f23/in_use.lock acquired by nodename 23699@d78c3f676a41
2020-05-27 19:49:52,197 [pool-83-thread-1] INFO  storage.RaftStorage (RaftStorage.java:format(84)) - Storage directory /github/workspace/mnt/ozone/hadoop-ozone/integration-test/target/test-dir/MiniOzoneClusterImpl-087f03cc-a5a8-466d-ba79-9ca00bc8af49/datanode-3/data/ratis/8ade6f36-bcb4-426f-a0a0-6396f5342f23 has been successfully formatted.
2020-05-27 19:49:52,197 [pool-99-thread-1] INFO  storage.RaftStorageDirectory (RaftStorageDirectory.java:tryLock(343)) - Lock on /github/workspace/mnt/ozone/hadoop-ozone/integration-test/target/test-dir/MiniOzoneClusterImpl-087f03cc-a5a8-466d-ba79-9ca00bc8af49/datanode-4/data/ratis/c0c31bce-0a6c-43b6-ac3f-7b2921e3a2aa/in_use.lock acquired by nodename 23699@d78c3f676a41
2020-05-27 19:49:52,198 [pool-83-thread-1] INFO  ratis.ContainerStateMachine (ContainerStateMachine.java:loadSnapshot(226)) - group-6396F5342F23: The snapshot info is null. Setting the last applied indexto:(t:0, i:~)
2020-05-27 19:49:52,198 [pool-83-thread-1] INFO  server.RaftServerConfigKeys (ConfUtils.java:logGet(44)) - raft.server.notification.no-leader.timeout = 60s (default)
2020-05-27 19:49:52,199 [pool-83-thread-1] INFO  server.RaftServerConfigKeys (ConfUtils.java:logGet(44)) - raft.server.log.use.memory = false (default)
2020-05-27 19:49:52,199 [pool-83-thread-1] INFO  server.RaftServerConfigKeys (ConfUtils.java:logGet(44)) - raft.server.log.purge.gap = 1000000 (custom)
2020-05-27 19:49:52,199 [pool-83-thread-1] INFO  server.RaftServerConfigKeys (ConfUtils.java:logGet(44)) - raft.server.log.appender.buffer.byte-limit = 33554432 (custom)
2020-05-27 19:49:52,199 [pool-83-thread-1] INFO  server.RaftServerConfigKeys (ConfUtils.java:logGet(44)) - raft.server.log.segment.size.max = 1048576 (custom)
2020-05-27 19:49:52,200 [pool-83-thread-1] INFO  server.RaftServerConfigKeys (ConfUtils.java:logGet(44)) - raft.server.log.segment.cache.num.max = 2 (custom)
2020-05-27 19:49:52,200 [pool-99-thread-1] INFO  storage.RaftStorage (RaftStorage.java:format(84)) - Storage directory /github/workspace/mnt/ozone/hadoop-ozone/integration-test/target/test-dir/MiniOzoneClusterImpl-087f03cc-a5a8-466d-ba79-9ca00bc8af49/datanode-4/data/ratis/c0c31bce-0a6c-43b6-ac3f-7b2921e3a2aa has been successfully formatted.
2020-05-27 19:49:52,200 [pool-83-thread-1] INFO  segmented.SegmentedRaftLogWorker (SegmentedRaftLogWorker.java:<init>(176)) - new 87450af1-8bb1-47ca-8fff-c762ff1b8a7d@group-6396F5342F23-SegmentedRaftLogWorker for RaftStorage:Storage Directory /github/workspace/mnt/ozone/hadoop-ozone/integration-test/target/test-dir/MiniOzoneClusterImpl-087f03cc-a5a8-466d-ba79-9ca00bc8af49/datanode-3/data/ratis/8ade6f36-bcb4-426f-a0a0-6396f5342f23
2020-05-27 19:49:52,201 [pool-83-thread-1] INFO  server.RaftServerConfigKeys (ConfUtils.java:logGet(44)) - raft.server.log.queue.byte-limit = 2147483647 (custom)
2020-05-27 19:49:52,201 [pool-83-thread-1] INFO  server.RaftServerConfigKeys (ConfUtils.java:logGet(44)) - raft.server.log.queue.element-limit = 1024 (custom)
2020-05-27 19:49:52,201 [pool-83-thread-1] INFO  server.RaftServerConfigKeys (ConfUtils.java:logGet(44)) - raft.server.log.segment.size.max = 1048576 (custom)
2020-05-27 19:49:52,201 [pool-83-thread-1] INFO  server.RaftServerConfigKeys (ConfUtils.java:logGet(44)) - raft.server.log.preallocated.size = 16384 (custom)
2020-05-27 19:49:52,201 [pool-83-thread-1] INFO  server.RaftServerConfigKeys (ConfUtils.java:logGet(44)) - raft.server.log.write.buffer.size = 1048576 (custom)
2020-05-27 19:49:52,201 [pool-83-thread-1] INFO  server.RaftServerConfigKeys (ConfUtils.java:logGet(44)) - raft.server.log.force.sync.num = 128 (default)
2020-05-27 19:49:52,200 [pool-99-thread-1] INFO  ratis.ContainerStateMachine (ContainerStateMachine.java:loadSnapshot(226)) - group-7B2921E3A2AA: The snapshot info is null. Setting the last applied indexto:(t:0, i:~)
2020-05-27 19:49:52,201 [EventQueue-PipelineReportForPipelineReportHandler] INFO  pipeline.PipelineStateManager (PipelineStateManager.java:openPipeline(131)) - Pipeline Pipeline[ Id: c0c31bce-0a6c-43b6-ac3f-7b2921e3a2aa, Nodes: 2688bacc-2ecf-4914-892d-45c47335b8b0{ip: 172.17.0.2, host: d78c3f676a41, networkLocation: /default-rack, certSerialId: null}, Type:RATIS, Factor:ONE, State:ALLOCATED, leaderId:2688bacc-2ecf-4914-892d-45c47335b8b0, CreationTimestamp2020-05-27T19:49:49.172Z] moved to OPEN state
2020-05-27 19:49:52,202 [EventQueue-OpenPipelineForOneReplicaPipelineSafeModeRule] INFO  safemode.SCMSafeModeManager (SCMSafeModeManager.java:validateSafeModeExitRules(213)) - AtleastOneDatanodeReportedRule rule is successfully validated
2020-05-27 19:49:52,202 [EventQueue-OpenPipelineForHealthyPipelineSafeModeRule] INFO  safemode.SCMSafeModeManager (HealthyPipelineSafeModeRule.java:process(132)) - SCM in safe mode. Healthy pipelines reported count is 0, required healthy pipeline reported count is 1
2020-05-27 19:49:52,202 [pool-83-thread-1] INFO  server.RaftServerConfigKeys (ConfUtils.java:logGet(44)) - raft.server.log.statemachine.data.sync = true (default)
2020-05-27 19:49:52,202 [pool-99-thread-1] INFO  server.RaftServerConfigKeys (ConfUtils.java:logGet(44)) - raft.server.notification.no-leader.timeout = 60s (default)
2020-05-27 19:49:52,202 [pool-99-thread-1] INFO  server.RaftServerConfigKeys (ConfUtils.java:logGet(44)) - raft.server.log.use.memory = false (default)
2020-05-27 19:49:52,202 [pool-99-thread-1] INFO  server.RaftServerConfigKeys (ConfUtils.java:logGet(44)) - raft.server.log.purge.gap = 1000000 (custom)
2020-05-27 19:49:52,202 [pool-99-thread-1] INFO  server.RaftServerConfigKeys (ConfUtils.java:logGet(44)) - raft.server.log.appender.buffer.byte-limit = 33554432 (custom)
2020-05-27 19:49:52,203 [pool-99-thread-1] INFO  server.RaftServerConfigKeys (ConfUtils.java:logGet(44)) - raft.server.log.segment.size.max = 1048576 (custom)
2020-05-27 19:49:52,203 [pool-99-thread-1] INFO  metrics.RatisMetrics (RatisMetrics.java:lambda$create$0(39)) - Creating Metrics Registry : ratis.log_worker.2688bacc-2ecf-4914-892d-45c47335b8b0
2020-05-27 19:49:52,203 [pool-99-thread-1] INFO  server.RaftServerConfigKeys (ConfUtils.java:logGet(44)) - raft.server.log.segment.cache.num.max = 2 (custom)
2020-05-27 19:49:52,203 [pool-83-thread-1] INFO  server.RaftServerConfigKeys (ConfUtils.java:logGet(44)) - raft.server.log.statemachine.data.sync.timeout = 10s (default)
2020-05-27 19:49:52,203 [pool-83-thread-1] INFO  server.RaftServerConfigKeys (ConfUtils.java:logGet(44)) - raft.server.log.statemachine.data.sync.timeout.retry = -1 (default)
2020-05-27 19:49:52,203 [pool-99-thread-1] INFO  segmented.SegmentedRaftLogWorker (SegmentedRaftLogWorker.java:<init>(176)) - new 2688bacc-2ecf-4914-892d-45c47335b8b0@group-7B2921E3A2AA-SegmentedRaftLogWorker for RaftStorage:Storage Directory /github/workspace/mnt/ozone/hadoop-ozone/integration-test/target/test-dir/MiniOzoneClusterImpl-087f03cc-a5a8-466d-ba79-9ca00bc8af49/datanode-4/data/ratis/c0c31bce-0a6c-43b6-ac3f-7b2921e3a2aa
2020-05-27 19:49:52,204 [pool-99-thread-1] INFO  server.RaftServerConfigKeys (ConfUtils.java:logGet(44)) - raft.server.log.queue.byte-limit = 2147483647 (custom)
2020-05-27 19:49:52,204 [pool-99-thread-1] INFO  server.RaftServerConfigKeys (ConfUtils.java:logGet(44)) - raft.server.log.queue.element-limit = 1024 (custom)
2020-05-27 19:49:52,204 [pool-99-thread-1] INFO  server.RaftServerConfigKeys (ConfUtils.java:logGet(44)) - raft.server.log.segment.size.max = 1048576 (custom)
2020-05-27 19:49:52,204 [pool-99-thread-1] INFO  server.RaftServerConfigKeys (ConfUtils.java:logGet(44)) - raft.server.log.preallocated.size = 16384 (custom)
2020-05-27 19:49:52,204 [pool-99-thread-1] INFO  server.RaftServerConfigKeys (ConfUtils.java:logGet(44)) - raft.server.log.write.buffer.size = 1048576 (custom)
2020-05-27 19:49:52,204 [pool-99-thread-1] INFO  server.RaftServerConfigKeys (ConfUtils.java:logGet(44)) - raft.server.log.force.sync.num = 128 (default)
2020-05-27 19:49:52,204 [pool-99-thread-1] INFO  server.RaftServerConfigKeys (ConfUtils.java:logGet(44)) - raft.server.log.statemachine.data.sync = true (default)
2020-05-27 19:49:52,204 [pool-99-thread-1] INFO  server.RaftServerConfigKeys (ConfUtils.java:logGet(44)) - raft.server.log.statemachine.data.sync.timeout = 10s (default)
2020-05-27 19:49:52,204 [pool-99-thread-1] INFO  server.RaftServerConfigKeys (ConfUtils.java:logGet(44)) - raft.server.log.statemachine.data.sync.timeout.retry = -1 (default)
2020-05-27 19:49:52,206 [pool-99-thread-1] INFO  server.RaftServerConfigKeys (ConfUtils.java:logGet(44)) - raft.server.log.statemachine.data.caching.enabled = true (custom)
2020-05-27 19:49:52,206 [pool-99-thread-1] INFO  segmented.SegmentedRaftLogWorker (SegmentedRaftLogWorker.java:lambda$new$0(129)) - 2688bacc-2ecf-4914-892d-45c47335b8b0@group-7B2921E3A2AA-SegmentedRaftLogWorker: flushIndex: setUnconditionally 0 -> -1
2020-05-27 19:49:52,207 [pool-83-thread-1] INFO  server.RaftServerConfigKeys (ConfUtils.java:logGet(44)) - raft.server.log.statemachine.data.caching.enabled = true (custom)
2020-05-27 19:49:52,207 [pool-83-thread-1] INFO  segmented.SegmentedRaftLogWorker (SegmentedRaftLogWorker.java:lambda$new$0(129)) - 87450af1-8bb1-47ca-8fff-c762ff1b8a7d@group-6396F5342F23-SegmentedRaftLogWorker: flushIndex: setUnconditionally 0 -> -1
2020-05-27 19:49:52,212 [pool-99-thread-1] INFO  server.RaftServerConfigKeys (ConfUtils.java:logGet(44)) - raft.server.snapshot.auto.trigger.enabled = true (custom)
2020-05-27 19:49:52,212 [pool-99-thread-1] INFO  server.RaftServerConfigKeys (ConfUtils.java:logGet(44)) - raft.server.snapshot.auto.trigger.threshold = 10000 (custom)
2020-05-27 19:49:52,212 [pool-99-thread-1] INFO  server.RaftServerConfigKeys (ConfUtils.java:logGet(44)) - raft.server.snapshot.retention.file.num = 5 (custom)
2020-05-27 19:49:52,212 [pool-99-thread-1] INFO  server.RaftServerConfigKeys (ConfUtils.java:logGet(44)) - raft.server.log.purge.upto.snapshot.index = false (default)
2020-05-27 19:49:52,220 [pool-83-thread-1] INFO  server.RaftServerConfigKeys (ConfUtils.java:logGet(44)) - raft.server.snapshot.auto.trigger.enabled = true (custom)
2020-05-27 19:49:52,220 [pool-83-thread-1] INFO  server.RaftServerConfigKeys (ConfUtils.java:logGet(44)) - raft.server.snapshot.auto.trigger.threshold = 10000 (custom)
2020-05-27 19:49:52,220 [pool-83-thread-1] INFO  server.RaftServerConfigKeys (ConfUtils.java:logGet(44)) - raft.server.snapshot.retention.file.num = 5 (custom)
2020-05-27 19:49:52,220 [pool-83-thread-1] INFO  server.RaftServerConfigKeys (ConfUtils.java:logGet(44)) - raft.server.log.purge.upto.snapshot.index = false (default)
2020-05-27 19:49:52,220 [pool-83-thread-1] INFO  server.RaftServerConfigKeys (ConfUtils.java:logGet(44)) - raft.server.retrycache.expirytime = 600000ms (custom)
2020-05-27 19:49:52,220 [pool-83-thread-1] INFO  metrics.RatisMetrics (RatisMetrics.java:lambda$create$0(39)) - Creating Metrics Registry : ratis.leader_election.87450af1-8bb1-47ca-8fff-c762ff1b8a7d@group-6396F5342F23
2020-05-27 19:49:52,221 [pool-83-thread-1] INFO  metrics.RatisMetrics (RatisMetrics.java:lambda$create$0(39)) - Creating Metrics Registry : ratis.server.87450af1-8bb1-47ca-8fff-c762ff1b8a7d@group-6396F5342F23
2020-05-27 19:49:52,222 [pool-83-thread-1] INFO  impl.RaftServerImpl (RaftServerImpl.java:start(184)) - 87450af1-8bb1-47ca-8fff-c762ff1b8a7d@group-6396F5342F23: start as a follower, conf=-1: [a0e9232a-3916-470b-b2b7-a7f4d4e85528:172.17.0.2:37069, 87450af1-8bb1-47ca-8fff-c762ff1b8a7d:172.17.0.2:40269, 2688bacc-2ecf-4914-892d-45c47335b8b0:172.17.0.2:36383], old=null
2020-05-27 19:49:52,222 [pool-83-thread-1] INFO  impl.RaftServerImpl (RaftServerImpl.java:setRole(173)) - 87450af1-8bb1-47ca-8fff-c762ff1b8a7d@group-6396F5342F23: changes role from      null to FOLLOWER at term 0 for startAsFollower
2020-05-27 19:49:52,222 [pool-83-thread-1] INFO  impl.RoleInfo (RoleInfo.java:updateAndGet(143)) - 87450af1-8bb1-47ca-8fff-c762ff1b8a7d: start FollowerState
2020-05-27 19:49:52,229 [pool-83-thread-1] INFO  util.JmxRegister (JmxRegister.java:tryRegister(44)) - Successfully registered JMX Bean with object name Ratis:service=RaftServer,group=group-6396F5342F23,id=87450af1-8bb1-47ca-8fff-c762ff1b8a7d
2020-05-27 19:49:52,229 [pool-83-thread-1] INFO  metrics.RatisMetrics (RatisMetrics.java:lambda$create$0(39)) - Creating Metrics Registry : ratis.state_machine.87450af1-8bb1-47ca-8fff-c762ff1b8a7d@group-6396F5342F23
2020-05-27 19:49:52,235 [pool-99-thread-1] INFO  server.RaftServerConfigKeys (ConfUtils.java:logGet(44)) - raft.server.retrycache.expirytime = 600000ms (custom)
2020-05-27 19:49:52,235 [pool-99-thread-1] INFO  metrics.RatisMetrics (RatisMetrics.java:lambda$create$0(39)) - Creating Metrics Registry : ratis.leader_election.2688bacc-2ecf-4914-892d-45c47335b8b0@group-7B2921E3A2AA
2020-05-27 19:49:52,236 [pool-99-thread-1] INFO  metrics.RatisMetrics (RatisMetrics.java:lambda$create$0(39)) - Creating Metrics Registry : ratis.server.2688bacc-2ecf-4914-892d-45c47335b8b0@group-7B2921E3A2AA
2020-05-27 19:49:52,237 [pool-99-thread-1] INFO  impl.RaftServerImpl (RaftServerImpl.java:start(184)) - 2688bacc-2ecf-4914-892d-45c47335b8b0@group-7B2921E3A2AA: start as a follower, conf=-1: [2688bacc-2ecf-4914-892d-45c47335b8b0:172.17.0.2:36383], old=null
2020-05-27 19:49:52,237 [pool-99-thread-1] INFO  impl.RaftServerImpl (RaftServerImpl.java:setRole(173)) - 2688bacc-2ecf-4914-892d-45c47335b8b0@group-7B2921E3A2AA: changes role from      null to FOLLOWER at term 0 for startAsFollower
2020-05-27 19:49:52,237 [pool-99-thread-1] INFO  impl.RoleInfo (RoleInfo.java:updateAndGet(143)) - 2688bacc-2ecf-4914-892d-45c47335b8b0: start FollowerState
2020-05-27 19:49:52,240 [pool-99-thread-1] INFO  util.JmxRegister (JmxRegister.java:tryRegister(44)) - Successfully registered JMX Bean with object name Ratis:service=RaftServer,group=group-7B2921E3A2AA,id=2688bacc-2ecf-4914-892d-45c47335b8b0
2020-05-27 19:49:52,240 [pool-99-thread-1] INFO  metrics.RatisMetrics (RatisMetrics.java:lambda$create$0(39)) - Creating Metrics Registry : ratis.state_machine.2688bacc-2ecf-4914-892d-45c47335b8b0@group-7B2921E3A2AA
2020-05-27 19:49:52,241 [Command processor thread] INFO  commandhandler.CreatePipelineCommandHandler (CreatePipelineCommandHandler.java:handle(109)) - Created Pipeline RATIS ONE #id: "c0c31bce-0a6c-43b6-ac3f-7b2921e3a2aa"
.
2020-05-27 19:49:52,264 [Command processor thread] INFO  impl.RaftServerProxy (RaftServerProxy.java:addNew(89)) - 2688bacc-2ecf-4914-892d-45c47335b8b0: addNew group-6396F5342F23:[a0e9232a-3916-470b-b2b7-a7f4d4e85528:172.17.0.2:37069, 87450af1-8bb1-47ca-8fff-c762ff1b8a7d:172.17.0.2:40269, 2688bacc-2ecf-4914-892d-45c47335b8b0:172.17.0.2:36383] returns group-6396F5342F23:java.util.concurrent.CompletableFuture@47c78112[Not completed]
2020-05-27 19:49:52,265 [pool-99-thread-1] INFO  impl.RaftServerImpl (RaftServerImpl.java:<init>(98)) - 2688bacc-2ecf-4914-892d-45c47335b8b0: new RaftServerImpl for group-6396F5342F23:[a0e9232a-3916-470b-b2b7-a7f4d4e85528:172.17.0.2:37069, 87450af1-8bb1-47ca-8fff-c762ff1b8a7d:172.17.0.2:40269, 2688bacc-2ecf-4914-892d-45c47335b8b0:172.17.0.2:36383] with ContainerStateMachine:uninitialized
2020-05-27 19:49:52,266 [pool-99-thread-1] INFO  server.RaftServerConfigKeys (ConfUtils.java:logGet(44)) - raft.server.rpc.timeout.min = 5s (custom)
2020-05-27 19:49:52,266 [pool-99-thread-1] INFO  server.RaftServerConfigKeys (ConfUtils.java:logGet(44)) - raft.server.rpc.timeout.max = 5200ms (custom)
2020-05-27 19:49:52,266 [pool-99-thread-1] INFO  server.RaftServerConfigKeys (ConfUtils.java:logGet(44)) - raft.server.rpcslowness.timeout = 300s (custom)
2020-05-27 19:49:52,266 [pool-99-thread-1] INFO  server.RaftServerConfigKeys (ConfUtils.java:logGet(44)) - raft.server.sleep.deviation.threshold = 300 (default)
2020-05-27 19:49:52,266 [pool-99-thread-1] INFO  server.RaftServerConfigKeys (ConfUtils.java:logGet(44)) - raft.server.log.appender.install.snapshot.enabled = false (custom)
2020-05-27 19:49:52,266 [pool-99-thread-1] INFO  impl.RaftServerImpl (ServerState.java:<init>(103)) - 2688bacc-2ecf-4914-892d-45c47335b8b0@group-6396F5342F23: ConfigurationManager, init=-1: [a0e9232a-3916-470b-b2b7-a7f4d4e85528:172.17.0.2:37069, 87450af1-8bb1-47ca-8fff-c762ff1b8a7d:172.17.0.2:40269, 2688bacc-2ecf-4914-892d-45c47335b8b0:172.17.0.2:36383], old=null, confs=<EMPTY_MAP>
2020-05-27 19:49:52,266 [pool-99-thread-1] INFO  server.RaftServerConfigKeys (ConfUtils.java:logGet(44)) - raft.server.storage.dir = [/github/workspace/mnt/ozone/hadoop-ozone/integration-test/target/test-dir/MiniOzoneClusterImpl-087f03cc-a5a8-466d-ba79-9ca00bc8af49/datanode-4/data/ratis] (custom)
2020-05-27 19:49:52,266 [pool-99-thread-1] INFO  server.RaftServerConfigKeys (ConfUtils.java:logGet(44)) - raft.server.log.corruption.policy = EXCEPTION (default)
2020-05-27 19:49:52,266 [pool-99-thread-1] INFO  storage.RaftStorageDirectory (RaftStorageDirectory.java:analyzeStorage(261)) - The storage directory /github/workspace/mnt/ozone/hadoop-ozone/integration-test/target/test-dir/MiniOzoneClusterImpl-087f03cc-a5a8-466d-ba79-9ca00bc8af49/datanode-4/data/ratis/8ade6f36-bcb4-426f-a0a0-6396f5342f23 does not exist. Creating ...
2020-05-27 19:49:52,268 [pool-99-thread-1] INFO  storage.RaftStorageDirectory (RaftStorageDirectory.java:tryLock(343)) - Lock on /github/workspace/mnt/ozone/hadoop-ozone/integration-test/target/test-dir/MiniOzoneClusterImpl-087f03cc-a5a8-466d-ba79-9ca00bc8af49/datanode-4/data/ratis/8ade6f36-bcb4-426f-a0a0-6396f5342f23/in_use.lock acquired by nodename 23699@d78c3f676a41
2020-05-27 19:49:52,270 [pool-99-thread-1] INFO  storage.RaftStorage (RaftStorage.java:format(84)) - Storage directory /github/workspace/mnt/ozone/hadoop-ozone/integration-test/target/test-dir/MiniOzoneClusterImpl-087f03cc-a5a8-466d-ba79-9ca00bc8af49/datanode-4/data/ratis/8ade6f36-bcb4-426f-a0a0-6396f5342f23 has been successfully formatted.
2020-05-27 19:49:52,271 [pool-99-thread-1] INFO  ratis.ContainerStateMachine (ContainerStateMachine.java:loadSnapshot(226)) - group-6396F5342F23: The snapshot info is null. Setting the last applied indexto:(t:0, i:~)
2020-05-27 19:49:52,272 [pool-99-thread-1] INFO  server.RaftServerConfigKeys (ConfUtils.java:logGet(44)) - raft.server.notification.no-leader.timeout = 60s (default)
2020-05-27 19:49:52,272 [pool-99-thread-1] INFO  server.RaftServerConfigKeys (ConfUtils.java:logGet(44)) - raft.server.log.use.memory = false (default)
2020-05-27 19:49:52,273 [pool-99-thread-1] INFO  server.RaftServerConfigKeys (ConfUtils.java:logGet(44)) - raft.server.log.purge.gap = 1000000 (custom)
2020-05-27 19:49:52,273 [pool-99-thread-1] INFO  server.RaftServerConfigKeys (ConfUtils.java:logGet(44)) - raft.server.log.appender.buffer.byte-limit = 33554432 (custom)
2020-05-27 19:49:52,273 [pool-99-thread-1] INFO  server.RaftServerConfigKeys (ConfUtils.java:logGet(44)) - raft.server.log.segment.size.max = 1048576 (custom)
2020-05-27 19:49:52,273 [pool-99-thread-1] INFO  server.RaftServerConfigKeys (ConfUtils.java:logGet(44)) - raft.server.log.segment.cache.num.max = 2 (custom)
2020-05-27 19:49:52,273 [pool-99-thread-1] INFO  segmented.SegmentedRaftLogWorker (SegmentedRaftLogWorker.java:<init>(176)) - new 2688bacc-2ecf-4914-892d-45c47335b8b0@group-6396F5342F23-SegmentedRaftLogWorker for RaftStorage:Storage Directory /github/workspace/mnt/ozone/hadoop-ozone/integration-test/target/test-dir/MiniOzoneClusterImpl-087f03cc-a5a8-466d-ba79-9ca00bc8af49/datanode-4/data/ratis/8ade6f36-bcb4-426f-a0a0-6396f5342f23
2020-05-27 19:49:52,273 [pool-99-thread-1] INFO  server.RaftServerConfigKeys (ConfUtils.java:logGet(44)) - raft.server.log.queue.byte-limit = 2147483647 (custom)
2020-05-27 19:49:52,273 [pool-99-thread-1] INFO  server.RaftServerConfigKeys (ConfUtils.java:logGet(44)) - raft.server.log.queue.element-limit = 1024 (custom)
2020-05-27 19:49:52,273 [pool-99-thread-1] INFO  server.RaftServerConfigKeys (ConfUtils.java:logGet(44)) - raft.server.log.segment.size.max = 1048576 (custom)
2020-05-27 19:49:52,273 [pool-99-thread-1] INFO  server.RaftServerConfigKeys (ConfUtils.java:logGet(44)) - raft.server.log.preallocated.size = 16384 (custom)
2020-05-27 19:49:52,273 [pool-99-thread-1] INFO  server.RaftServerConfigKeys (ConfUtils.java:logGet(44)) - raft.server.log.write.buffer.size = 1048576 (custom)
2020-05-27 19:49:52,273 [pool-99-thread-1] INFO  server.RaftServerConfigKeys (ConfUtils.java:logGet(44)) - raft.server.log.force.sync.num = 128 (default)
2020-05-27 19:49:52,273 [pool-99-thread-1] INFO  server.RaftServerConfigKeys (ConfUtils.java:logGet(44)) - raft.server.log.statemachine.data.sync = true (default)
2020-05-27 19:49:52,273 [pool-99-thread-1] INFO  server.RaftServerConfigKeys (ConfUtils.java:logGet(44)) - raft.server.log.statemachine.data.sync.timeout = 10s (default)
2020-05-27 19:49:52,274 [pool-99-thread-1] INFO  server.RaftServerConfigKeys (ConfUtils.java:logGet(44)) - raft.server.log.statemachine.data.sync.timeout.retry = -1 (default)
2020-05-27 19:49:52,274 [pool-99-thread-1] INFO  server.RaftServerConfigKeys (ConfUtils.java:logGet(44)) - raft.server.log.statemachine.data.caching.enabled = true (custom)
2020-05-27 19:49:52,274 [pool-99-thread-1] INFO  segmented.SegmentedRaftLogWorker (SegmentedRaftLogWorker.java:lambda$new$0(129)) - 2688bacc-2ecf-4914-892d-45c47335b8b0@group-6396F5342F23-SegmentedRaftLogWorker: flushIndex: setUnconditionally 0 -> -1
2020-05-27 19:49:52,275 [pool-99-thread-1] INFO  server.RaftServerConfigKeys (ConfUtils.java:logGet(44)) - raft.server.snapshot.auto.trigger.enabled = true (custom)
2020-05-27 19:49:52,275 [pool-99-thread-1] INFO  server.RaftServerConfigKeys (ConfUtils.java:logGet(44)) - raft.server.snapshot.auto.trigger.threshold = 10000 (custom)
2020-05-27 19:49:52,275 [pool-99-thread-1] INFO  server.RaftServerConfigKeys (ConfUtils.java:logGet(44)) - raft.server.snapshot.retention.file.num = 5 (custom)
2020-05-27 19:49:52,275 [pool-99-thread-1] INFO  server.RaftServerConfigKeys (ConfUtils.java:logGet(44)) - raft.server.log.purge.upto.snapshot.index = false (default)
2020-05-27 19:49:52,275 [pool-99-thread-1] INFO  server.RaftServerConfigKeys (ConfUtils.java:logGet(44)) - raft.server.retrycache.expirytime = 600000ms (custom)
2020-05-27 19:49:52,275 [pool-99-thread-1] INFO  metrics.RatisMetrics (RatisMetrics.java:lambda$create$0(39)) - Creating Metrics Registry : ratis.leader_election.2688bacc-2ecf-4914-892d-45c47335b8b0@group-6396F5342F23
2020-05-27 19:49:52,277 [pool-99-thread-1] INFO  metrics.RatisMetrics (RatisMetrics.java:lambda$create$0(39)) - Creating Metrics Registry : ratis.server.2688bacc-2ecf-4914-892d-45c47335b8b0@group-6396F5342F23
2020-05-27 19:49:52,279 [pool-99-thread-1] INFO  impl.RaftServerImpl (RaftServerImpl.java:start(184)) - 2688bacc-2ecf-4914-892d-45c47335b8b0@group-6396F5342F23: start as a follower, conf=-1: [a0e9232a-3916-470b-b2b7-a7f4d4e85528:172.17.0.2:37069, 87450af1-8bb1-47ca-8fff-c762ff1b8a7d:172.17.0.2:40269, 2688bacc-2ecf-4914-892d-45c47335b8b0:172.17.0.2:36383], old=null
2020-05-27 19:49:52,279 [pool-99-thread-1] INFO  impl.RaftServerImpl (RaftServerImpl.java:setRole(173)) - 2688bacc-2ecf-4914-892d-45c47335b8b0@group-6396F5342F23: changes role from      null to FOLLOWER at term 0 for startAsFollower
2020-05-27 19:49:52,279 [pool-99-thread-1] INFO  impl.RoleInfo (RoleInfo.java:updateAndGet(143)) - 2688bacc-2ecf-4914-892d-45c47335b8b0: start FollowerState
2020-05-27 19:49:52,280 [pool-99-thread-1] INFO  util.JmxRegister (JmxRegister.java:tryRegister(44)) - Successfully registered JMX Bean with object name Ratis:service=RaftServer,group=group-6396F5342F23,id=2688bacc-2ecf-4914-892d-45c47335b8b0
2020-05-27 19:49:52,280 [pool-99-thread-1] INFO  metrics.RatisMetrics (RatisMetrics.java:lambda$create$0(39)) - Creating Metrics Registry : ratis.state_machine.2688bacc-2ecf-4914-892d-45c47335b8b0@group-6396F5342F23
2020-05-27 19:49:52,288 [Command processor thread] INFO  impl.RaftServerProxy (RaftServerProxy.java:addNew(89)) - a0e9232a-3916-470b-b2b7-a7f4d4e85528: addNew group-0C2843412823:[a0e9232a-3916-470b-b2b7-a7f4d4e85528:172.17.0.2:37069] returns group-0C2843412823:java.util.concurrent.CompletableFuture@29d1b72f[Not completed]
2020-05-27 19:49:52,372 [Command processor thread] INFO  impl.RaftServerProxy (RaftServerProxy.java:addNew(89)) - 9d7d5f46-81d4-46e0-8077-1e8e3e04f00a: addNew group-AC89D3534F6D:[9d7d5f46-81d4-46e0-8077-1e8e3e04f00a:172.17.0.2:46303] returns group-AC89D3534F6D:java.util.concurrent.CompletableFuture@5d3fff5e[Not completed]
2020-05-27 19:49:52,472 [Command processor thread] INFO  impl.RaftServerProxy (RaftServerProxy.java:addNew(89)) - ff44f4ae-b3a8-475e-bd25-fde191a4fa4e: addNew group-A4C97E42B0DD:[ff44f4ae-b3a8-475e-bd25-fde191a4fa4e:172.17.0.2:41523] returns group-A4C97E42B0DD:java.util.concurrent.CompletableFuture@4cdbaf50[Not completed]
2020-05-27 19:49:52,493 [pool-147-thread-1] INFO  impl.RaftServerImpl (RaftServerImpl.java:<init>(98)) - ff44f4ae-b3a8-475e-bd25-fde191a4fa4e: new RaftServerImpl for group-A4C97E42B0DD:[ff44f4ae-b3a8-475e-bd25-fde191a4fa4e:172.17.0.2:41523] with ContainerStateMachine:uninitialized
2020-05-27 19:49:52,494 [pool-131-thread-1] INFO  impl.RaftServerImpl (RaftServerImpl.java:<init>(98)) - 9d7d5f46-81d4-46e0-8077-1e8e3e04f00a: new RaftServerImpl for group-AC89D3534F6D:[9d7d5f46-81d4-46e0-8077-1e8e3e04f00a:172.17.0.2:46303] with ContainerStateMachine:uninitialized
2020-05-27 19:49:52,494 [pool-115-thread-1] INFO  impl.RaftServerImpl (RaftServerImpl.java:<init>(98)) - a0e9232a-3916-470b-b2b7-a7f4d4e85528: new RaftServerImpl for group-0C2843412823:[a0e9232a-3916-470b-b2b7-a7f4d4e85528:172.17.0.2:37069] with ContainerStateMachine:uninitialized
2020-05-27 19:49:52,495 [pool-115-thread-1] INFO  server.RaftServerConfigKeys (ConfUtils.java:logGet(44)) - raft.server.rpc.timeout.min = 5s (custom)
2020-05-27 19:49:52,495 [pool-115-thread-1] INFO  server.RaftServerConfigKeys (ConfUtils.java:logGet(44)) - raft.server.rpc.timeout.max = 5200ms (custom)
2020-05-27 19:49:52,495 [pool-115-thread-1] INFO  server.RaftServerConfigKeys (ConfUtils.java:logGet(44)) - raft.server.rpcslowness.timeout = 300s (custom)
2020-05-27 19:49:52,495 [pool-115-thread-1] INFO  server.RaftServerConfigKeys (ConfUtils.java:logGet(44)) - raft.server.sleep.deviation.threshold = 300 (default)
2020-05-27 19:49:52,496 [pool-115-thread-1] INFO  server.RaftServerConfigKeys (ConfUtils.java:logGet(44)) - raft.server.log.appender.install.snapshot.enabled = false (custom)
2020-05-27 19:49:52,496 [pool-115-thread-1] INFO  impl.RaftServerImpl (ServerState.java:<init>(103)) - a0e9232a-3916-470b-b2b7-a7f4d4e85528@group-0C2843412823: ConfigurationManager, init=-1: [a0e9232a-3916-470b-b2b7-a7f4d4e85528:172.17.0.2:37069], old=null, confs=<EMPTY_MAP>
2020-05-27 19:49:52,496 [pool-115-thread-1] INFO  server.RaftServerConfigKeys (ConfUtils.java:logGet(44)) - raft.server.storage.dir = [/github/workspace/mnt/ozone/hadoop-ozone/integration-test/target/test-dir/MiniOzoneClusterImpl-087f03cc-a5a8-466d-ba79-9ca00bc8af49/datanode-5/data/ratis] (custom)
2020-05-27 19:49:52,496 [pool-115-thread-1] INFO  server.RaftServerConfigKeys (ConfUtils.java:logGet(44)) - raft.server.log.corruption.policy = EXCEPTION (default)
2020-05-27 19:49:52,496 [pool-115-thread-1] INFO  storage.RaftStorageDirectory (RaftStorageDirectory.java:analyzeStorage(261)) - The storage directory /github/workspace/mnt/ozone/hadoop-ozone/integration-test/target/test-dir/MiniOzoneClusterImpl-087f03cc-a5a8-466d-ba79-9ca00bc8af49/datanode-5/data/ratis/656a7a89-bc9b-4583-8faa-0c2843412823 does not exist. Creating ...
2020-05-27 19:49:52,497 [pool-131-thread-1] INFO  server.RaftServerConfigKeys (ConfUtils.java:logGet(44)) - raft.server.rpc.timeout.min = 5s (custom)
2020-05-27 19:49:52,497 [pool-131-thread-1] INFO  server.RaftServerConfigKeys (ConfUtils.java:logGet(44)) - raft.server.rpc.timeout.max = 5200ms (custom)
2020-05-27 19:49:52,497 [pool-131-thread-1] INFO  server.RaftServerConfigKeys (ConfUtils.java:logGet(44)) - raft.server.rpcslowness.timeout = 300s (custom)
2020-05-27 19:49:52,497 [pool-131-thread-1] INFO  server.RaftServerConfigKeys (ConfUtils.java:logGet(44)) - raft.server.sleep.deviation.threshold = 300 (default)
2020-05-27 19:49:52,497 [pool-131-thread-1] INFO  server.RaftServerConfigKeys (ConfUtils.java:logGet(44)) - raft.server.log.appender.install.snapshot.enabled = false (custom)
2020-05-27 19:49:52,497 [pool-131-thread-1] INFO  impl.RaftServerImpl (ServerState.java:<init>(103)) - 9d7d5f46-81d4-46e0-8077-1e8e3e04f00a@group-AC89D3534F6D: ConfigurationManager, init=-1: [9d7d5f46-81d4-46e0-8077-1e8e3e04f00a:172.17.0.2:46303], old=null, confs=<EMPTY_MAP>
2020-05-27 19:49:52,497 [pool-131-thread-1] INFO  server.RaftServerConfigKeys (ConfUtils.java:logGet(44)) - raft.server.storage.dir = [/github/workspace/mnt/ozone/hadoop-ozone/integration-test/target/test-dir/MiniOzoneClusterImpl-087f03cc-a5a8-466d-ba79-9ca00bc8af49/datanode-6/data/ratis] (custom)
2020-05-27 19:49:52,497 [pool-131-thread-1] INFO  server.RaftServerConfigKeys (ConfUtils.java:logGet(44)) - raft.server.log.corruption.policy = EXCEPTION (default)
2020-05-27 19:49:52,498 [pool-131-thread-1] INFO  storage.RaftStorageDirectory (RaftStorageDirectory.java:analyzeStorage(261)) - The storage directory /github/workspace/mnt/ozone/hadoop-ozone/integration-test/target/test-dir/MiniOzoneClusterImpl-087f03cc-a5a8-466d-ba79-9ca00bc8af49/datanode-6/data/ratis/b3d8e818-45d5-49de-aa32-ac89d3534f6d does not exist. Creating ...
2020-05-27 19:49:52,498 [pool-147-thread-1] INFO  server.RaftServerConfigKeys (ConfUtils.java:logGet(44)) - raft.server.rpc.timeout.min = 5s (custom)
2020-05-27 19:49:52,498 [pool-147-thread-1] INFO  server.RaftServerConfigKeys (ConfUtils.java:logGet(44)) - raft.server.rpc.timeout.max = 5200ms (custom)
2020-05-27 19:49:52,498 [pool-147-thread-1] INFO  server.RaftServerConfigKeys (ConfUtils.java:logGet(44)) - raft.server.rpcslowness.timeout = 300s (custom)
2020-05-27 19:49:52,498 [pool-147-thread-1] INFO  server.RaftServerConfigKeys (ConfUtils.java:logGet(44)) - raft.server.sleep.deviation.threshold = 300 (default)
2020-05-27 19:49:52,498 [pool-147-thread-1] INFO  server.RaftServerConfigKeys (ConfUtils.java:logGet(44)) - raft.server.log.appender.install.snapshot.enabled = false (custom)
2020-05-27 19:49:52,498 [pool-147-thread-1] INFO  impl.RaftServerImpl (ServerState.java:<init>(103)) - ff44f4ae-b3a8-475e-bd25-fde191a4fa4e@group-A4C97E42B0DD: ConfigurationManager, init=-1: [ff44f4ae-b3a8-475e-bd25-fde191a4fa4e:172.17.0.2:41523], old=null, confs=<EMPTY_MAP>
2020-05-27 19:49:52,499 [pool-147-thread-1] INFO  server.RaftServerConfigKeys (ConfUtils.java:logGet(44)) - raft.server.storage.dir = [/github/workspace/mnt/ozone/hadoop-ozone/integration-test/target/test-dir/MiniOzoneClusterImpl-087f03cc-a5a8-466d-ba79-9ca00bc8af49/datanode-7/data/ratis] (custom)
2020-05-27 19:49:52,499 [pool-147-thread-1] INFO  server.RaftServerConfigKeys (ConfUtils.java:logGet(44)) - raft.server.log.corruption.policy = EXCEPTION (default)
2020-05-27 19:49:52,499 [pool-147-thread-1] INFO  storage.RaftStorageDirectory (RaftStorageDirectory.java:analyzeStorage(261)) - The storage directory /github/workspace/mnt/ozone/hadoop-ozone/integration-test/target/test-dir/MiniOzoneClusterImpl-087f03cc-a5a8-466d-ba79-9ca00bc8af49/datanode-7/data/ratis/e1ec049e-9957-45cd-8376-a4c97e42b0dd does not exist. Creating ...
2020-05-27 19:49:52,500 [pool-131-thread-1] INFO  storage.RaftStorageDirectory (RaftStorageDirectory.java:tryLock(343)) - Lock on /github/workspace/mnt/ozone/hadoop-ozone/integration-test/target/test-dir/MiniOzoneClusterImpl-087f03cc-a5a8-466d-ba79-9ca00bc8af49/datanode-6/data/ratis/b3d8e818-45d5-49de-aa32-ac89d3534f6d/in_use.lock acquired by nodename 23699@d78c3f676a41
2020-05-27 19:49:52,501 [pool-147-thread-1] INFO  storage.RaftStorageDirectory (RaftStorageDirectory.java:tryLock(343)) - Lock on /github/workspace/mnt/ozone/hadoop-ozone/integration-test/target/test-dir/MiniOzoneClusterImpl-087f03cc-a5a8-466d-ba79-9ca00bc8af49/datanode-7/data/ratis/e1ec049e-9957-45cd-8376-a4c97e42b0dd/in_use.lock acquired by nodename 23699@d78c3f676a41
2020-05-27 19:49:52,501 [pool-115-thread-1] INFO  storage.RaftStorageDirectory (RaftStorageDirectory.java:tryLock(343)) - Lock on /github/workspace/mnt/ozone/hadoop-ozone/integration-test/target/test-dir/MiniOzoneClusterImpl-087f03cc-a5a8-466d-ba79-9ca00bc8af49/datanode-5/data/ratis/656a7a89-bc9b-4583-8faa-0c2843412823/in_use.lock acquired by nodename 23699@d78c3f676a41
2020-05-27 19:49:52,502 [pool-131-thread-1] INFO  storage.RaftStorage (RaftStorage.java:format(84)) - Storage directory /github/workspace/mnt/ozone/hadoop-ozone/integration-test/target/test-dir/MiniOzoneClusterImpl-087f03cc-a5a8-466d-ba79-9ca00bc8af49/datanode-6/data/ratis/b3d8e818-45d5-49de-aa32-ac89d3534f6d has been successfully formatted.
2020-05-27 19:49:52,503 [pool-147-thread-1] INFO  storage.RaftStorage (RaftStorage.java:format(84)) - Storage directory /github/workspace/mnt/ozone/hadoop-ozone/integration-test/target/test-dir/MiniOzoneClusterImpl-087f03cc-a5a8-466d-ba79-9ca00bc8af49/datanode-7/data/ratis/e1ec049e-9957-45cd-8376-a4c97e42b0dd has been successfully formatted.
2020-05-27 19:49:52,503 [pool-115-thread-1] INFO  storage.RaftStorage (RaftStorage.java:format(84)) - Storage directory /github/workspace/mnt/ozone/hadoop-ozone/integration-test/target/test-dir/MiniOzoneClusterImpl-087f03cc-a5a8-466d-ba79-9ca00bc8af49/datanode-5/data/ratis/656a7a89-bc9b-4583-8faa-0c2843412823 has been successfully formatted.
2020-05-27 19:49:52,512 [pool-131-thread-1] INFO  ratis.ContainerStateMachine (ContainerStateMachine.java:loadSnapshot(226)) - group-AC89D3534F6D: The snapshot info is null. Setting the last applied indexto:(t:0, i:~)
2020-05-27 19:49:52,513 [pool-131-thread-1] INFO  server.RaftServerConfigKeys (ConfUtils.java:logGet(44)) - raft.server.notification.no-leader.timeout = 60s (default)
2020-05-27 19:49:52,513 [pool-131-thread-1] INFO  server.RaftServerConfigKeys (ConfUtils.java:logGet(44)) - raft.server.log.use.memory = false (default)
2020-05-27 19:49:52,513 [pool-131-thread-1] INFO  server.RaftServerConfigKeys (ConfUtils.java:logGet(44)) - raft.server.log.purge.gap = 1000000 (custom)
2020-05-27 19:49:52,513 [pool-131-thread-1] INFO  server.RaftServerConfigKeys (ConfUtils.java:logGet(44)) - raft.server.log.appender.buffer.byte-limit = 33554432 (custom)
2020-05-27 19:49:52,513 [pool-131-thread-1] INFO  server.RaftServerConfigKeys (ConfUtils.java:logGet(44)) - raft.server.log.segment.size.max = 1048576 (custom)
2020-05-27 19:49:52,513 [pool-131-thread-1] INFO  metrics.RatisMetrics (RatisMetrics.java:lambda$create$0(39)) - Creating Metrics Registry : ratis.log_worker.9d7d5f46-81d4-46e0-8077-1e8e3e04f00a
2020-05-27 19:49:52,513 [pool-131-thread-1] INFO  server.RaftServerConfigKeys (ConfUtils.java:logGet(44)) - raft.server.log.segment.cache.num.max = 2 (custom)
2020-05-27 19:49:52,513 [pool-131-thread-1] INFO  segmented.SegmentedRaftLogWorker (SegmentedRaftLogWorker.java:<init>(176)) - new 9d7d5f46-81d4-46e0-8077-1e8e3e04f00a@group-AC89D3534F6D-SegmentedRaftLogWorker for RaftStorage:Storage Directory /github/workspace/mnt/ozone/hadoop-ozone/integration-test/target/test-dir/MiniOzoneClusterImpl-087f03cc-a5a8-466d-ba79-9ca00bc8af49/datanode-6/data/ratis/b3d8e818-45d5-49de-aa32-ac89d3534f6d
2020-05-27 19:49:52,513 [pool-131-thread-1] INFO  server.RaftServerConfigKeys (ConfUtils.java:logGet(44)) - raft.server.log.queue.byte-limit = 2147483647 (custom)
2020-05-27 19:49:52,513 [pool-131-thread-1] INFO  server.RaftServerConfigKeys (ConfUtils.java:logGet(44)) - raft.server.log.queue.element-limit = 1024 (custom)
2020-05-27 19:49:52,514 [pool-131-thread-1] INFO  server.RaftServerConfigKeys (ConfUtils.java:logGet(44)) - raft.server.log.segment.size.max = 1048576 (custom)
2020-05-27 19:49:52,514 [pool-131-thread-1] INFO  server.RaftServerConfigKeys (ConfUtils.java:logGet(44)) - raft.server.log.preallocated.size = 16384 (custom)
2020-05-27 19:49:52,514 [pool-131-thread-1] INFO  server.RaftServerConfigKeys (ConfUtils.java:logGet(44)) - raft.server.log.write.buffer.size = 1048576 (custom)
2020-05-27 19:49:52,514 [pool-131-thread-1] INFO  server.RaftServerConfigKeys (ConfUtils.java:logGet(44)) - raft.server.log.force.sync.num = 128 (default)
2020-05-27 19:49:52,514 [pool-131-thread-1] INFO  server.RaftServerConfigKeys (ConfUtils.java:logGet(44)) - raft.server.log.statemachine.data.sync = true (default)
2020-05-27 19:49:52,514 [pool-131-thread-1] INFO  server.RaftServerConfigKeys (ConfUtils.java:logGet(44)) - raft.server.log.statemachine.data.sync.timeout = 10s (default)
2020-05-27 19:49:52,514 [pool-131-thread-1] INFO  server.RaftServerConfigKeys (ConfUtils.java:logGet(44)) - raft.server.log.statemachine.data.sync.timeout.retry = -1 (default)
2020-05-27 19:49:52,514 [EventQueue-PipelineReportForPipelineReportHandler] INFO  pipeline.PipelineStateManager (PipelineStateManager.java:openPipeline(131)) - Pipeline Pipeline[ Id: b3d8e818-45d5-49de-aa32-ac89d3534f6d, Nodes: 9d7d5f46-81d4-46e0-8077-1e8e3e04f00a{ip: 172.17.0.2, host: d78c3f676a41, networkLocation: /default-rack, certSerialId: null}, Type:RATIS, Factor:ONE, State:ALLOCATED, leaderId:9d7d5f46-81d4-46e0-8077-1e8e3e04f00a, CreationTimestamp2020-05-27T19:49:49.359Z] moved to OPEN state
2020-05-27 19:49:52,514 [EventQueue-OpenPipelineForOneReplicaPipelineSafeModeRule] INFO  safemode.SCMSafeModeManager (SCMSafeModeManager.java:validateSafeModeExitRules(213)) - AtleastOneDatanodeReportedRule rule is successfully validated
2020-05-27 19:49:52,515 [EventQueue-OpenPipelineForHealthyPipelineSafeModeRule] INFO  safemode.SCMSafeModeManager (HealthyPipelineSafeModeRule.java:process(132)) - SCM in safe mode. Healthy pipelines reported count is 0, required healthy pipeline reported count is 1
2020-05-27 19:49:52,515 [pool-147-thread-1] INFO  ratis.ContainerStateMachine (ContainerStateMachine.java:loadSnapshot(226)) - group-A4C97E42B0DD: The snapshot info is null. Setting the last applied indexto:(t:0, i:~)
2020-05-27 19:49:52,516 [pool-147-thread-1] INFO  server.RaftServerConfigKeys (ConfUtils.java:logGet(44)) - raft.server.notification.no-leader.timeout = 60s (default)
2020-05-27 19:49:52,516 [pool-147-thread-1] INFO  server.RaftServerConfigKeys (ConfUtils.java:logGet(44)) - raft.server.log.use.memory = false (default)
2020-05-27 19:49:52,516 [pool-147-thread-1] INFO  server.RaftServerConfigKeys (ConfUtils.java:logGet(44)) - raft.server.log.purge.gap = 1000000 (custom)
2020-05-27 19:49:52,516 [pool-147-thread-1] INFO  server.RaftServerConfigKeys (ConfUtils.java:logGet(44)) - raft.server.log.appender.buffer.byte-limit = 33554432 (custom)
2020-05-27 19:49:52,516 [pool-147-thread-1] INFO  server.RaftServerConfigKeys (ConfUtils.java:logGet(44)) - raft.server.log.segment.size.max = 1048576 (custom)
2020-05-27 19:49:52,516 [pool-147-thread-1] INFO  metrics.RatisMetrics (RatisMetrics.java:lambda$create$0(39)) - Creating Metrics Registry : ratis.log_worker.ff44f4ae-b3a8-475e-bd25-fde191a4fa4e
2020-05-27 19:49:52,516 [pool-147-thread-1] INFO  server.RaftServerConfigKeys (ConfUtils.java:logGet(44)) - raft.server.log.segment.cache.num.max = 2 (custom)
2020-05-27 19:49:52,516 [pool-147-thread-1] INFO  segmented.SegmentedRaftLogWorker (SegmentedRaftLogWorker.java:<init>(176)) - new ff44f4ae-b3a8-475e-bd25-fde191a4fa4e@group-A4C97E42B0DD-SegmentedRaftLogWorker for RaftStorage:Storage Directory /github/workspace/mnt/ozone/hadoop-ozone/integration-test/target/test-dir/MiniOzoneClusterImpl-087f03cc-a5a8-466d-ba79-9ca00bc8af49/datanode-7/data/ratis/e1ec049e-9957-45cd-8376-a4c97e42b0dd
2020-05-27 19:49:52,516 [pool-147-thread-1] INFO  server.RaftServerConfigKeys (ConfUtils.java:logGet(44)) - raft.server.log.queue.byte-limit = 2147483647 (custom)
2020-05-27 19:49:52,516 [pool-147-thread-1] INFO  server.RaftServerConfigKeys (ConfUtils.java:logGet(44)) - raft.server.log.queue.element-limit = 1024 (custom)
2020-05-27 19:49:52,517 [pool-147-thread-1] INFO  server.RaftServerConfigKeys (ConfUtils.java:logGet(44)) - raft.server.log.segment.size.max = 1048576 (custom)
2020-05-27 19:49:52,517 [EventQueue-PipelineReportForPipelineReportHandler] INFO  pipeline.PipelineStateManager (PipelineStateManager.java:openPipeline(131)) - Pipeline Pipeline[ Id: e1ec049e-9957-45cd-8376-a4c97e42b0dd, Nodes: ff44f4ae-b3a8-475e-bd25-fde191a4fa4e{ip: 172.17.0.2, host: d78c3f676a41, networkLocation: /default-rack, certSerialId: null}, Type:RATIS, Factor:ONE, State:ALLOCATED, leaderId:ff44f4ae-b3a8-475e-bd25-fde191a4fa4e, CreationTimestamp2020-05-27T19:49:49.466Z] moved to OPEN state
2020-05-27 19:49:52,517 [pool-115-thread-1] INFO  ratis.ContainerStateMachine (ContainerStateMachine.java:loadSnapshot(226)) - group-0C2843412823: The snapshot info is null. Setting the last applied indexto:(t:0, i:~)
2020-05-27 19:49:52,517 [EventQueue-OpenPipelineForOneReplicaPipelineSafeModeRule] INFO  safemode.SCMSafeModeManager (SCMSafeModeManager.java:validateSafeModeExitRules(213)) - AtleastOneDatanodeReportedRule rule is successfully validated
2020-05-27 19:49:52,517 [EventQueue-OpenPipelineForHealthyPipelineSafeModeRule] INFO  safemode.SCMSafeModeManager (HealthyPipelineSafeModeRule.java:process(132)) - SCM in safe mode. Healthy pipelines reported count is 0, required healthy pipeline reported count is 1
2020-05-27 19:49:52,517 [pool-147-thread-1] INFO  server.RaftServerConfigKeys (ConfUtils.java:logGet(44)) - raft.server.log.preallocated.size = 16384 (custom)
2020-05-27 19:49:52,518 [pool-147-thread-1] INFO  server.RaftServerConfigKeys (ConfUtils.java:logGet(44)) - raft.server.log.write.buffer.size = 1048576 (custom)
2020-05-27 19:49:52,518 [pool-147-thread-1] INFO  server.RaftServerConfigKeys (ConfUtils.java:logGet(44)) - raft.server.log.force.sync.num = 128 (default)
2020-05-27 19:49:52,518 [pool-147-thread-1] INFO  server.RaftServerConfigKeys (ConfUtils.java:logGet(44)) - raft.server.log.statemachine.data.sync = true (default)
2020-05-27 19:49:52,518 [pool-147-thread-1] INFO  server.RaftServerConfigKeys (ConfUtils.java:logGet(44)) - raft.server.log.statemachine.data.sync.timeout = 10s (default)
2020-05-27 19:49:52,518 [pool-147-thread-1] INFO  server.RaftServerConfigKeys (ConfUtils.java:logGet(44)) - raft.server.log.statemachine.data.sync.timeout.retry = -1 (default)
2020-05-27 19:49:52,518 [EventQueue-PipelineReportForPipelineReportHandler] INFO  pipeline.PipelineStateManager (PipelineStateManager.java:openPipeline(131)) - Pipeline Pipeline[ Id: 656a7a89-bc9b-4583-8faa-0c2843412823, Nodes: a0e9232a-3916-470b-b2b7-a7f4d4e85528{ip: 172.17.0.2, host: d78c3f676a41, networkLocation: /default-rack, certSerialId: null}, Type:RATIS, Factor:ONE, State:ALLOCATED, leaderId:a0e9232a-3916-470b-b2b7-a7f4d4e85528, CreationTimestamp2020-05-27T19:49:49.287Z] moved to OPEN state
2020-05-27 19:49:52,518 [EventQueue-OpenPipelineForOneReplicaPipelineSafeModeRule] INFO  safemode.SCMSafeModeManager (SCMSafeModeManager.java:validateSafeModeExitRules(213)) - AtleastOneDatanodeReportedRule rule is successfully validated
2020-05-27 19:49:52,518 [EventQueue-OpenPipelineForHealthyPipelineSafeModeRule] INFO  safemode.SCMSafeModeManager (HealthyPipelineSafeModeRule.java:process(132)) - SCM in safe mode. Healthy pipelines reported count is 0, required healthy pipeline reported count is 1
2020-05-27 19:49:52,517 [pool-115-thread-1] INFO  server.RaftServerConfigKeys (ConfUtils.java:logGet(44)) - raft.server.notification.no-leader.timeout = 60s (default)
2020-05-27 19:49:52,520 [pool-115-thread-1] INFO  server.RaftServerConfigKeys (ConfUtils.java:logGet(44)) - raft.server.log.use.memory = false (default)
2020-05-27 19:49:52,520 [pool-115-thread-1] INFO  server.RaftServerConfigKeys (ConfUtils.java:logGet(44)) - raft.server.log.purge.gap = 1000000 (custom)
2020-05-27 19:49:52,520 [pool-115-thread-1] INFO  server.RaftServerConfigKeys (ConfUtils.java:logGet(44)) - raft.server.log.appender.buffer.byte-limit = 33554432 (custom)
2020-05-27 19:49:52,520 [pool-115-thread-1] INFO  server.RaftServerConfigKeys (ConfUtils.java:logGet(44)) - raft.server.log.segment.size.max = 1048576 (custom)
2020-05-27 19:49:52,520 [pool-115-thread-1] INFO  metrics.RatisMetrics (RatisMetrics.java:lambda$create$0(39)) - Creating Metrics Registry : ratis.log_worker.a0e9232a-3916-470b-b2b7-a7f4d4e85528
2020-05-27 19:49:52,520 [pool-115-thread-1] INFO  server.RaftServerConfigKeys (ConfUtils.java:logGet(44)) - raft.server.log.segment.cache.num.max = 2 (custom)
2020-05-27 19:49:52,520 [pool-115-thread-1] INFO  segmented.SegmentedRaftLogWorker (SegmentedRaftLogWorker.java:<init>(176)) - new a0e9232a-3916-470b-b2b7-a7f4d4e85528@group-0C2843412823-SegmentedRaftLogWorker for RaftStorage:Storage Directory /github/workspace/mnt/ozone/hadoop-ozone/integration-test/target/test-dir/MiniOzoneClusterImpl-087f03cc-a5a8-466d-ba79-9ca00bc8af49/datanode-5/data/ratis/656a7a89-bc9b-4583-8faa-0c2843412823
2020-05-27 19:49:52,520 [pool-115-thread-1] INFO  server.RaftServerConfigKeys (ConfUtils.java:logGet(44)) - raft.server.log.queue.byte-limit = 2147483647 (custom)
2020-05-27 19:49:52,521 [pool-115-thread-1] INFO  server.RaftServerConfigKeys (ConfUtils.java:logGet(44)) - raft.server.log.queue.element-limit = 1024 (custom)
2020-05-27 19:49:52,521 [pool-115-thread-1] INFO  server.RaftServerConfigKeys (ConfUtils.java:logGet(44)) - raft.server.log.segment.size.max = 1048576 (custom)
2020-05-27 19:49:52,521 [pool-115-thread-1] INFO  server.RaftServerConfigKeys (ConfUtils.java:logGet(44)) - raft.server.log.preallocated.size = 16384 (custom)
2020-05-27 19:49:52,521 [pool-115-thread-1] INFO  server.RaftServerConfigKeys (ConfUtils.java:logGet(44)) - raft.server.log.write.buffer.size = 1048576 (custom)
2020-05-27 19:49:52,521 [pool-115-thread-1] INFO  server.RaftServerConfigKeys (ConfUtils.java:logGet(44)) - raft.server.log.force.sync.num = 128 (default)
2020-05-27 19:49:52,521 [pool-115-thread-1] INFO  server.RaftServerConfigKeys (ConfUtils.java:logGet(44)) - raft.server.log.statemachine.data.sync = true (default)
2020-05-27 19:49:52,522 [pool-115-thread-1] INFO  server.RaftServerConfigKeys (ConfUtils.java:logGet(44)) - raft.server.log.statemachine.data.sync.timeout = 10s (default)
2020-05-27 19:49:52,522 [pool-147-thread-1] INFO  server.RaftServerConfigKeys (ConfUtils.java:logGet(44)) - raft.server.log.statemachine.data.caching.enabled = true (custom)
2020-05-27 19:49:52,522 [pool-115-thread-1] INFO  server.RaftServerConfigKeys (ConfUtils.java:logGet(44)) - raft.server.log.statemachine.data.sync.timeout.retry = -1 (default)
2020-05-27 19:49:52,523 [pool-147-thread-1] INFO  segmented.SegmentedRaftLogWorker (SegmentedRaftLogWorker.java:lambda$new$0(129)) - ff44f4ae-b3a8-475e-bd25-fde191a4fa4e@group-A4C97E42B0DD-SegmentedRaftLogWorker: flushIndex: setUnconditionally 0 -> -1
2020-05-27 19:49:52,524 [pool-147-thread-1] INFO  server.RaftServerConfigKeys (ConfUtils.java:logGet(44)) - raft.server.snapshot.auto.trigger.enabled = true (custom)
2020-05-27 19:49:52,524 [pool-147-thread-1] INFO  server.RaftServerConfigKeys (ConfUtils.java:logGet(44)) - raft.server.snapshot.auto.trigger.threshold = 10000 (custom)
2020-05-27 19:49:52,524 [pool-147-thread-1] INFO  server.RaftServerConfigKeys (ConfUtils.java:logGet(44)) - raft.server.snapshot.retention.file.num = 5 (custom)
2020-05-27 19:49:52,524 [pool-147-thread-1] INFO  server.RaftServerConfigKeys (ConfUtils.java:logGet(44)) - raft.server.log.purge.upto.snapshot.index = false (default)
2020-05-27 19:49:52,524 [pool-147-thread-1] INFO  server.RaftServerConfigKeys (ConfUtils.java:logGet(44)) - raft.server.retrycache.expirytime = 600000ms (custom)
2020-05-27 19:49:52,524 [pool-147-thread-1] INFO  metrics.RatisMetrics (RatisMetrics.java:lambda$create$0(39)) - Creating Metrics Registry : ratis.leader_election.ff44f4ae-b3a8-475e-bd25-fde191a4fa4e@group-A4C97E42B0DD
2020-05-27 19:49:52,529 [pool-131-thread-1] INFO  server.RaftServerConfigKeys (ConfUtils.java:logGet(44)) - raft.server.log.statemachine.data.caching.enabled = true (custom)
2020-05-27 19:49:52,529 [pool-131-thread-1] INFO  segmented.SegmentedRaftLogWorker (SegmentedRaftLogWorker.java:lambda$new$0(129)) - 9d7d5f46-81d4-46e0-8077-1e8e3e04f00a@group-AC89D3534F6D-SegmentedRaftLogWorker: flushIndex: setUnconditionally 0 -> -1
2020-05-27 19:49:52,530 [pool-115-thread-1] INFO  server.RaftServerConfigKeys (ConfUtils.java:logGet(44)) - raft.server.log.statemachine.data.caching.enabled = true (custom)
2020-05-27 19:49:52,530 [pool-115-thread-1] INFO  segmented.SegmentedRaftLogWorker (SegmentedRaftLogWorker.java:lambda$new$0(129)) - a0e9232a-3916-470b-b2b7-a7f4d4e85528@group-0C2843412823-SegmentedRaftLogWorker: flushIndex: setUnconditionally 0 -> -1
2020-05-27 19:49:52,530 [pool-147-thread-1] INFO  metrics.RatisMetrics (RatisMetrics.java:lambda$create$0(39)) - Creating Metrics Registry : ratis.server.ff44f4ae-b3a8-475e-bd25-fde191a4fa4e@group-A4C97E42B0DD
2020-05-27 19:49:52,531 [pool-147-thread-1] INFO  impl.RaftServerImpl (RaftServerImpl.java:start(184)) - ff44f4ae-b3a8-475e-bd25-fde191a4fa4e@group-A4C97E42B0DD: start as a follower, conf=-1: [ff44f4ae-b3a8-475e-bd25-fde191a4fa4e:172.17.0.2:41523], old=null
2020-05-27 19:49:52,532 [pool-147-thread-1] INFO  impl.RaftServerImpl (RaftServerImpl.java:setRole(173)) - ff44f4ae-b3a8-475e-bd25-fde191a4fa4e@group-A4C97E42B0DD: changes role from      null to FOLLOWER at term 0 for startAsFollower
2020-05-27 19:49:52,532 [pool-131-thread-1] INFO  server.RaftServerConfigKeys (ConfUtils.java:logGet(44)) - raft.server.snapshot.auto.trigger.enabled = true (custom)
2020-05-27 19:49:52,532 [pool-131-thread-1] INFO  server.RaftServerConfigKeys (ConfUtils.java:logGet(44)) - raft.server.snapshot.auto.trigger.threshold = 10000 (custom)
2020-05-27 19:49:52,532 [pool-131-thread-1] INFO  server.RaftServerConfigKeys (ConfUtils.java:logGet(44)) - raft.server.snapshot.retention.file.num = 5 (custom)
2020-05-27 19:49:52,532 [pool-131-thread-1] INFO  server.RaftServerConfigKeys (ConfUtils.java:logGet(44)) - raft.server.log.purge.upto.snapshot.index = false (default)
2020-05-27 19:49:52,532 [pool-131-thread-1] INFO  server.RaftServerConfigKeys (ConfUtils.java:logGet(44)) - raft.server.retrycache.expirytime = 600000ms (custom)
2020-05-27 19:49:52,532 [pool-131-thread-1] INFO  metrics.RatisMetrics (RatisMetrics.java:lambda$create$0(39)) - Creating Metrics Registry : ratis.leader_election.9d7d5f46-81d4-46e0-8077-1e8e3e04f00a@group-AC89D3534F6D
2020-05-27 19:49:52,533 [pool-131-thread-1] INFO  metrics.RatisMetrics (RatisMetrics.java:lambda$create$0(39)) - Creating Metrics Registry : ratis.server.9d7d5f46-81d4-46e0-8077-1e8e3e04f00a@group-AC89D3534F6D
2020-05-27 19:49:52,534 [pool-131-thread-1] INFO  impl.RaftServerImpl (RaftServerImpl.java:start(184)) - 9d7d5f46-81d4-46e0-8077-1e8e3e04f00a@group-AC89D3534F6D: start as a follower, conf=-1: [9d7d5f46-81d4-46e0-8077-1e8e3e04f00a:172.17.0.2:46303], old=null
2020-05-27 19:49:52,534 [pool-131-thread-1] INFO  impl.RaftServerImpl (RaftServerImpl.java:setRole(173)) - 9d7d5f46-81d4-46e0-8077-1e8e3e04f00a@group-AC89D3534F6D: changes role from      null to FOLLOWER at term 0 for startAsFollower
2020-05-27 19:49:52,534 [pool-131-thread-1] INFO  impl.RoleInfo (RoleInfo.java:updateAndGet(143)) - 9d7d5f46-81d4-46e0-8077-1e8e3e04f00a: start FollowerState
2020-05-27 19:49:52,534 [pool-131-thread-1] INFO  util.JmxRegister (JmxRegister.java:tryRegister(44)) - Successfully registered JMX Bean with object name Ratis:service=RaftServer,group=group-AC89D3534F6D,id=9d7d5f46-81d4-46e0-8077-1e8e3e04f00a
2020-05-27 19:49:52,534 [pool-131-thread-1] INFO  metrics.RatisMetrics (RatisMetrics.java:lambda$create$0(39)) - Creating Metrics Registry : ratis.state_machine.9d7d5f46-81d4-46e0-8077-1e8e3e04f00a@group-AC89D3534F6D
2020-05-27 19:49:52,536 [Command processor thread] INFO  commandhandler.CreatePipelineCommandHandler (CreatePipelineCommandHandler.java:handle(109)) - Created Pipeline RATIS ONE #id: "b3d8e818-45d5-49de-aa32-ac89d3534f6d"
.
2020-05-27 19:49:52,537 [Command processor thread] INFO  impl.RaftServerProxy (RaftServerProxy.java:addNew(89)) - 9d7d5f46-81d4-46e0-8077-1e8e3e04f00a: addNew group-24711CF77BB7:[9d7d5f46-81d4-46e0-8077-1e8e3e04f00a:172.17.0.2:46303, ff44f4ae-b3a8-475e-bd25-fde191a4fa4e:172.17.0.2:41523, 11738693-eadc-4301-85a7-a3a14bdb5207:172.17.0.2:41983] returns group-24711CF77BB7:java.util.concurrent.CompletableFuture@59007021[Not completed]
2020-05-27 19:49:52,537 [pool-147-thread-1] INFO  impl.RoleInfo (RoleInfo.java:updateAndGet(143)) - ff44f4ae-b3a8-475e-bd25-fde191a4fa4e: start FollowerState
2020-05-27 19:49:52,538 [pool-131-thread-1] INFO  impl.RaftServerImpl (RaftServerImpl.java:<init>(98)) - 9d7d5f46-81d4-46e0-8077-1e8e3e04f00a: new RaftServerImpl for group-24711CF77BB7:[9d7d5f46-81d4-46e0-8077-1e8e3e04f00a:172.17.0.2:46303, ff44f4ae-b3a8-475e-bd25-fde191a4fa4e:172.17.0.2:41523, 11738693-eadc-4301-85a7-a3a14bdb5207:172.17.0.2:41983] with ContainerStateMachine:uninitialized
2020-05-27 19:49:52,538 [pool-131-thread-1] INFO  server.RaftServerConfigKeys (ConfUtils.java:logGet(44)) - raft.server.rpc.timeout.min = 5s (custom)
2020-05-27 19:49:52,538 [pool-131-thread-1] INFO  server.RaftServerConfigKeys (ConfUtils.java:logGet(44)) - raft.server.rpc.timeout.max = 5200ms (custom)
2020-05-27 19:49:52,538 [pool-131-thread-1] INFO  server.RaftServerConfigKeys (ConfUtils.java:logGet(44)) - raft.server.rpcslowness.timeout = 300s (custom)
2020-05-27 19:49:52,538 [pool-131-thread-1] INFO  server.RaftServerConfigKeys (ConfUtils.java:logGet(44)) - raft.server.sleep.deviation.threshold = 300 (default)
2020-05-27 19:49:52,538 [pool-131-thread-1] INFO  server.RaftServerConfigKeys (ConfUtils.java:logGet(44)) - raft.server.log.appender.install.snapshot.enabled = false (custom)
2020-05-27 19:49:52,539 [pool-131-thread-1] INFO  impl.RaftServerImpl (ServerState.java:<init>(103)) - 9d7d5f46-81d4-46e0-8077-1e8e3e04f00a@group-24711CF77BB7: ConfigurationManager, init=-1: [9d7d5f46-81d4-46e0-8077-1e8e3e04f00a:172.17.0.2:46303, ff44f4ae-b3a8-475e-bd25-fde191a4fa4e:172.17.0.2:41523, 11738693-eadc-4301-85a7-a3a14bdb5207:172.17.0.2:41983], old=null, confs=<EMPTY_MAP>
2020-05-27 19:49:52,539 [pool-131-thread-1] INFO  server.RaftServerConfigKeys (ConfUtils.java:logGet(44)) - raft.server.storage.dir = [/github/workspace/mnt/ozone/hadoop-ozone/integration-test/target/test-dir/MiniOzoneClusterImpl-087f03cc-a5a8-466d-ba79-9ca00bc8af49/datanode-6/data/ratis] (custom)
2020-05-27 19:49:52,539 [pool-131-thread-1] INFO  server.RaftServerConfigKeys (ConfUtils.java:logGet(44)) - raft.server.log.corruption.policy = EXCEPTION (default)
2020-05-27 19:49:52,539 [pool-131-thread-1] INFO  storage.RaftStorageDirectory (RaftStorageDirectory.java:analyzeStorage(261)) - The storage directory /github/workspace/mnt/ozone/hadoop-ozone/integration-test/target/test-dir/MiniOzoneClusterImpl-087f03cc-a5a8-466d-ba79-9ca00bc8af49/datanode-6/data/ratis/d125cbeb-4fc9-47e5-974a-24711cf77bb7 does not exist. Creating ...
2020-05-27 19:49:52,540 [pool-131-thread-1] INFO  storage.RaftStorageDirectory (RaftStorageDirectory.java:tryLock(343)) - Lock on /github/workspace/mnt/ozone/hadoop-ozone/integration-test/target/test-dir/MiniOzoneClusterImpl-087f03cc-a5a8-466d-ba79-9ca00bc8af49/datanode-6/data/ratis/d125cbeb-4fc9-47e5-974a-24711cf77bb7/in_use.lock acquired by nodename 23699@d78c3f676a41
2020-05-27 19:49:52,548 [pool-115-thread-1] INFO  server.RaftServerConfigKeys (ConfUtils.java:logGet(44)) - raft.server.snapshot.auto.trigger.enabled = true (custom)
2020-05-27 19:49:52,548 [pool-115-thread-1] INFO  server.RaftServerConfigKeys (ConfUtils.java:logGet(44)) - raft.server.snapshot.auto.trigger.threshold = 10000 (custom)
2020-05-27 19:49:52,548 [pool-115-thread-1] INFO  server.RaftServerConfigKeys (ConfUtils.java:logGet(44)) - raft.server.snapshot.retention.file.num = 5 (custom)
2020-05-27 19:49:52,548 [pool-115-thread-1] INFO  server.RaftServerConfigKeys (ConfUtils.java:logGet(44)) - raft.server.log.purge.upto.snapshot.index = false (default)
2020-05-27 19:49:52,551 [Command processor thread] INFO  impl.RaftServerProxy (RaftServerProxy.java:addNew(89)) - 11738693-eadc-4301-85a7-a3a14bdb5207: addNew group-C3AA7D86BD94:[11738693-eadc-4301-85a7-a3a14bdb5207:172.17.0.2:41983] returns group-C3AA7D86BD94:java.util.concurrent.CompletableFuture@2ca3e432[Not completed]
2020-05-27 19:49:52,551 [pool-147-thread-1] INFO  util.JmxRegister (JmxRegister.java:tryRegister(44)) - Successfully registered JMX Bean with object name Ratis:service=RaftServer,group=group-A4C97E42B0DD,id=ff44f4ae-b3a8-475e-bd25-fde191a4fa4e
2020-05-27 19:49:52,551 [pool-147-thread-1] INFO  metrics.RatisMetrics (RatisMetrics.java:lambda$create$0(39)) - Creating Metrics Registry : ratis.state_machine.ff44f4ae-b3a8-475e-bd25-fde191a4fa4e@group-A4C97E42B0DD
2020-05-27 19:49:52,557 [Command processor thread] INFO  commandhandler.CreatePipelineCommandHandler (CreatePipelineCommandHandler.java:handle(109)) - Created Pipeline RATIS ONE #id: "e1ec049e-9957-45cd-8376-a4c97e42b0dd"
.
2020-05-27 19:49:52,557 [Command processor thread] INFO  impl.RaftServerProxy (RaftServerProxy.java:addNew(89)) - ff44f4ae-b3a8-475e-bd25-fde191a4fa4e: addNew group-24711CF77BB7:[9d7d5f46-81d4-46e0-8077-1e8e3e04f00a:172.17.0.2:46303, ff44f4ae-b3a8-475e-bd25-fde191a4fa4e:172.17.0.2:41523, 11738693-eadc-4301-85a7-a3a14bdb5207:172.17.0.2:41983] returns group-24711CF77BB7:java.util.concurrent.CompletableFuture@48e42213[Not completed]
2020-05-27 19:49:52,558 [pool-115-thread-1] INFO  server.RaftServerConfigKeys (ConfUtils.java:logGet(44)) - raft.server.retrycache.expirytime = 600000ms (custom)
2020-05-27 19:49:52,558 [pool-115-thread-1] INFO  metrics.RatisMetrics (RatisMetrics.java:lambda$create$0(39)) - Creating Metrics Registry : ratis.leader_election.a0e9232a-3916-470b-b2b7-a7f4d4e85528@group-0C2843412823
2020-05-27 19:49:52,559 [pool-115-thread-1] INFO  metrics.RatisMetrics (RatisMetrics.java:lambda$create$0(39)) - Creating Metrics Registry : ratis.server.a0e9232a-3916-470b-b2b7-a7f4d4e85528@group-0C2843412823
2020-05-27 19:49:52,560 [pool-115-thread-1] INFO  impl.RaftServerImpl (RaftServerImpl.java:start(184)) - a0e9232a-3916-470b-b2b7-a7f4d4e85528@group-0C2843412823: start as a follower, conf=-1: [a0e9232a-3916-470b-b2b7-a7f4d4e85528:172.17.0.2:37069], old=null
2020-05-27 19:49:52,560 [pool-115-thread-1] INFO  impl.RaftServerImpl (RaftServerImpl.java:setRole(173)) - a0e9232a-3916-470b-b2b7-a7f4d4e85528@group-0C2843412823: changes role from      null to FOLLOWER at term 0 for startAsFollower
2020-05-27 19:49:52,560 [pool-115-thread-1] INFO  impl.RoleInfo (RoleInfo.java:updateAndGet(143)) - a0e9232a-3916-470b-b2b7-a7f4d4e85528: start FollowerState
2020-05-27 19:49:52,564 [pool-147-thread-1] INFO  impl.RaftServerImpl (RaftServerImpl.java:<init>(98)) - ff44f4ae-b3a8-475e-bd25-fde191a4fa4e: new RaftServerImpl for group-24711CF77BB7:[9d7d5f46-81d4-46e0-8077-1e8e3e04f00a:172.17.0.2:46303, ff44f4ae-b3a8-475e-bd25-fde191a4fa4e:172.17.0.2:41523, 11738693-eadc-4301-85a7-a3a14bdb5207:172.17.0.2:41983] with ContainerStateMachine:uninitialized
2020-05-27 19:49:52,564 [pool-147-thread-1] INFO  server.RaftServerConfigKeys (ConfUtils.java:logGet(44)) - raft.server.rpc.timeout.min = 5s (custom)
2020-05-27 19:49:52,565 [pool-147-thread-1] INFO  server.RaftServerConfigKeys (ConfUtils.java:logGet(44)) - raft.server.rpc.timeout.max = 5200ms (custom)
2020-05-27 19:49:52,565 [pool-147-thread-1] INFO  server.RaftServerConfigKeys (ConfUtils.java:logGet(44)) - raft.server.rpcslowness.timeout = 300s (custom)
2020-05-27 19:49:52,565 [pool-147-thread-1] INFO  server.RaftServerConfigKeys (ConfUtils.java:logGet(44)) - raft.server.sleep.deviation.threshold = 300 (default)
2020-05-27 19:49:52,565 [pool-147-thread-1] INFO  server.RaftServerConfigKeys (ConfUtils.java:logGet(44)) - raft.server.log.appender.install.snapshot.enabled = false (custom)
2020-05-27 19:49:52,565 [pool-147-thread-1] INFO  impl.RaftServerImpl (ServerState.java:<init>(103)) - ff44f4ae-b3a8-475e-bd25-fde191a4fa4e@group-24711CF77BB7: ConfigurationManager, init=-1: [9d7d5f46-81d4-46e0-8077-1e8e3e04f00a:172.17.0.2:46303, ff44f4ae-b3a8-475e-bd25-fde191a4fa4e:172.17.0.2:41523, 11738693-eadc-4301-85a7-a3a14bdb5207:172.17.0.2:41983], old=null, confs=<EMPTY_MAP>
2020-05-27 19:49:52,565 [pool-147-thread-1] INFO  server.RaftServerConfigKeys (ConfUtils.java:logGet(44)) - raft.server.storage.dir = [/github/workspace/mnt/ozone/hadoop-ozone/integration-test/target/test-dir/MiniOzoneClusterImpl-087f03cc-a5a8-466d-ba79-9ca00bc8af49/datanode-7/data/ratis] (custom)
2020-05-27 19:49:52,565 [pool-147-thread-1] INFO  server.RaftServerConfigKeys (ConfUtils.java:logGet(44)) - raft.server.log.corruption.policy = EXCEPTION (default)
2020-05-27 19:49:52,565 [pool-131-thread-1] INFO  storage.RaftStorage (RaftStorage.java:format(84)) - Storage directory /github/workspace/mnt/ozone/hadoop-ozone/integration-test/target/test-dir/MiniOzoneClusterImpl-087f03cc-a5a8-466d-ba79-9ca00bc8af49/datanode-6/data/ratis/d125cbeb-4fc9-47e5-974a-24711cf77bb7 has been successfully formatted.
2020-05-27 19:49:52,566 [pool-147-thread-1] INFO  storage.RaftStorageDirectory (RaftStorageDirectory.java:analyzeStorage(261)) - The storage directory /github/workspace/mnt/ozone/hadoop-ozone/integration-test/target/test-dir/MiniOzoneClusterImpl-087f03cc-a5a8-466d-ba79-9ca00bc8af49/datanode-7/data/ratis/d125cbeb-4fc9-47e5-974a-24711cf77bb7 does not exist. Creating ...
2020-05-27 19:49:52,567 [pool-115-thread-1] INFO  util.JmxRegister (JmxRegister.java:tryRegister(44)) - Successfully registered JMX Bean with object name Ratis:service=RaftServer,group=group-0C2843412823,id=a0e9232a-3916-470b-b2b7-a7f4d4e85528
2020-05-27 19:49:52,567 [pool-115-thread-1] INFO  metrics.RatisMetrics (RatisMetrics.java:lambda$create$0(39)) - Creating Metrics Registry : ratis.state_machine.a0e9232a-3916-470b-b2b7-a7f4d4e85528@group-0C2843412823
2020-05-27 19:49:52,570 [pool-147-thread-1] INFO  storage.RaftStorageDirectory (RaftStorageDirectory.java:tryLock(343)) - Lock on /github/workspace/mnt/ozone/hadoop-ozone/integration-test/target/test-dir/MiniOzoneClusterImpl-087f03cc-a5a8-466d-ba79-9ca00bc8af49/datanode-7/data/ratis/d125cbeb-4fc9-47e5-974a-24711cf77bb7/in_use.lock acquired by nodename 23699@d78c3f676a41
2020-05-27 19:49:52,573 [pool-147-thread-1] INFO  storage.RaftStorage (RaftStorage.java:format(84)) - Storage directory /github/workspace/mnt/ozone/hadoop-ozone/integration-test/target/test-dir/MiniOzoneClusterImpl-087f03cc-a5a8-466d-ba79-9ca00bc8af49/datanode-7/data/ratis/d125cbeb-4fc9-47e5-974a-24711cf77bb7 has been successfully formatted.
2020-05-27 19:49:52,574 [pool-131-thread-1] INFO  ratis.ContainerStateMachine (ContainerStateMachine.java:loadSnapshot(226)) - group-24711CF77BB7: The snapshot info is null. Setting the last applied indexto:(t:0, i:~)
2020-05-27 19:49:52,574 [pool-131-thread-1] INFO  server.RaftServerConfigKeys (ConfUtils.java:logGet(44)) - raft.server.notification.no-leader.timeout = 60s (default)
2020-05-27 19:49:52,574 [pool-131-thread-1] INFO  server.RaftServerConfigKeys (ConfUtils.java:logGet(44)) - raft.server.log.use.memory = false (default)
2020-05-27 19:49:52,574 [pool-131-thread-1] INFO  server.RaftServerConfigKeys (ConfUtils.java:logGet(44)) - raft.server.log.purge.gap = 1000000 (custom)
2020-05-27 19:49:52,574 [pool-131-thread-1] INFO  server.RaftServerConfigKeys (ConfUtils.java:logGet(44)) - raft.server.log.appender.buffer.byte-limit = 33554432 (custom)
2020-05-27 19:49:52,574 [pool-131-thread-1] INFO  server.RaftServerConfigKeys (ConfUtils.java:logGet(44)) - raft.server.log.segment.size.max = 1048576 (custom)
2020-05-27 19:49:52,574 [pool-131-thread-1] INFO  server.RaftServerConfigKeys (ConfUtils.java:logGet(44)) - raft.server.log.segment.cache.num.max = 2 (custom)
2020-05-27 19:49:52,574 [pool-131-thread-1] INFO  segmented.SegmentedRaftLogWorker (SegmentedRaftLogWorker.java:<init>(176)) - new 9d7d5f46-81d4-46e0-8077-1e8e3e04f00a@group-24711CF77BB7-SegmentedRaftLogWorker for RaftStorage:Storage Directory /github/workspace/mnt/ozone/hadoop-ozone/integration-test/target/test-dir/MiniOzoneClusterImpl-087f03cc-a5a8-466d-ba79-9ca00bc8af49/datanode-6/data/ratis/d125cbeb-4fc9-47e5-974a-24711cf77bb7
2020-05-27 19:49:52,574 [pool-131-thread-1] INFO  server.RaftServerConfigKeys (ConfUtils.java:logGet(44)) - raft.server.log.queue.byte-limit = 2147483647 (custom)
2020-05-27 19:49:52,575 [pool-131-thread-1] INFO  server.RaftServerConfigKeys (ConfUtils.java:logGet(44)) - raft.server.log.queue.element-limit = 1024 (custom)
2020-05-27 19:49:52,575 [pool-131-thread-1] INFO  server.RaftServerConfigKeys (ConfUtils.java:logGet(44)) - raft.server.log.segment.size.max = 1048576 (custom)
2020-05-27 19:49:52,575 [pool-131-thread-1] INFO  server.RaftServerConfigKeys (ConfUtils.java:logGet(44)) - raft.server.log.preallocated.size = 16384 (custom)
2020-05-27 19:49:52,575 [pool-131-thread-1] INFO  server.RaftServerConfigKeys (ConfUtils.java:logGet(44)) - raft.server.log.write.buffer.size = 1048576 (custom)
2020-05-27 19:49:52,575 [pool-131-thread-1] INFO  server.RaftServerConfigKeys (ConfUtils.java:logGet(44)) - raft.server.log.force.sync.num = 128 (default)
2020-05-27 19:49:52,575 [pool-131-thread-1] INFO  server.RaftServerConfigKeys (ConfUtils.java:logGet(44)) - raft.server.log.statemachine.data.sync = true (default)
2020-05-27 19:49:52,575 [pool-131-thread-1] INFO  server.RaftServerConfigKeys (ConfUtils.java:logGet(44)) - raft.server.log.statemachine.data.sync.timeout = 10s (default)
2020-05-27 19:49:52,575 [pool-131-thread-1] INFO  server.RaftServerConfigKeys (ConfUtils.java:logGet(44)) - raft.server.log.statemachine.data.sync.timeout.retry = -1 (default)
2020-05-27 19:49:52,576 [pool-131-thread-1] INFO  server.RaftServerConfigKeys (ConfUtils.java:logGet(44)) - raft.server.log.statemachine.data.caching.enabled = true (custom)
2020-05-27 19:49:52,576 [pool-163-thread-1] INFO  impl.RaftServerImpl (RaftServerImpl.java:<init>(98)) - 11738693-eadc-4301-85a7-a3a14bdb5207: new RaftServerImpl for group-C3AA7D86BD94:[11738693-eadc-4301-85a7-a3a14bdb5207:172.17.0.2:41983] with ContainerStateMachine:uninitialized
2020-05-27 19:49:52,577 [pool-147-thread-1] INFO  ratis.ContainerStateMachine (ContainerStateMachine.java:loadSnapshot(226)) - group-24711CF77BB7: The snapshot info is null. Setting the last applied indexto:(t:0, i:~)
2020-05-27 19:49:52,580 [pool-147-thread-1] INFO  server.RaftServerConfigKeys (ConfUtils.java:logGet(44)) - raft.server.notification.no-leader.timeout = 60s (default)
2020-05-27 19:49:52,580 [pool-147-thread-1] INFO  server.RaftServerConfigKeys (ConfUtils.java:logGet(44)) - raft.server.log.use.memory = false (default)
2020-05-27 19:49:52,580 [pool-147-thread-1] INFO  server.RaftServerConfigKeys (ConfUtils.java:logGet(44)) - raft.server.log.purge.gap = 1000000 (custom)
2020-05-27 19:49:52,580 [pool-147-thread-1] INFO  server.RaftServerConfigKeys (ConfUtils.java:logGet(44)) - raft.server.log.appender.buffer.byte-limit = 33554432 (custom)
2020-05-27 19:49:52,581 [pool-147-thread-1] INFO  server.RaftServerConfigKeys (ConfUtils.java:logGet(44)) - raft.server.log.segment.size.max = 1048576 (custom)
2020-05-27 19:49:52,581 [pool-147-thread-1] INFO  server.RaftServerConfigKeys (ConfUtils.java:logGet(44)) - raft.server.log.segment.cache.num.max = 2 (custom)
2020-05-27 19:49:52,581 [pool-147-thread-1] INFO  segmented.SegmentedRaftLogWorker (SegmentedRaftLogWorker.java:<init>(176)) - new ff44f4ae-b3a8-475e-bd25-fde191a4fa4e@group-24711CF77BB7-SegmentedRaftLogWorker for RaftStorage:Storage Directory /github/workspace/mnt/ozone/hadoop-ozone/integration-test/target/test-dir/MiniOzoneClusterImpl-087f03cc-a5a8-466d-ba79-9ca00bc8af49/datanode-7/data/ratis/d125cbeb-4fc9-47e5-974a-24711cf77bb7
2020-05-27 19:49:52,581 [pool-147-thread-1] INFO  server.RaftServerConfigKeys (ConfUtils.java:logGet(44)) - raft.server.log.queue.byte-limit = 2147483647 (custom)
2020-05-27 19:49:52,581 [pool-147-thread-1] INFO  server.RaftServerConfigKeys (ConfUtils.java:logGet(44)) - raft.server.log.queue.element-limit = 1024 (custom)
2020-05-27 19:49:52,581 [pool-147-thread-1] INFO  server.RaftServerConfigKeys (ConfUtils.java:logGet(44)) - raft.server.log.segment.size.max = 1048576 (custom)
2020-05-27 19:49:52,581 [pool-147-thread-1] INFO  server.RaftServerConfigKeys (ConfUtils.java:logGet(44)) - raft.server.log.preallocated.size = 16384 (custom)
2020-05-27 19:49:52,581 [pool-147-thread-1] INFO  server.RaftServerConfigKeys (ConfUtils.java:logGet(44)) - raft.server.log.write.buffer.size = 1048576 (custom)
2020-05-27 19:49:52,581 [pool-147-thread-1] INFO  server.RaftServerConfigKeys (ConfUtils.java:logGet(44)) - raft.server.log.force.sync.num = 128 (default)
2020-05-27 19:49:52,581 [pool-147-thread-1] INFO  server.RaftServerConfigKeys (ConfUtils.java:logGet(44)) - raft.server.log.statemachine.data.sync = true (default)
2020-05-27 19:49:52,582 [pool-147-thread-1] INFO  server.RaftServerConfigKeys (ConfUtils.java:logGet(44)) - raft.server.log.statemachine.data.sync.timeout = 10s (default)
2020-05-27 19:49:52,582 [pool-147-thread-1] INFO  server.RaftServerConfigKeys (ConfUtils.java:logGet(44)) - raft.server.log.statemachine.data.sync.timeout.retry = -1 (default)
2020-05-27 19:49:52,583 [pool-147-thread-1] INFO  server.RaftServerConfigKeys (ConfUtils.java:logGet(44)) - raft.server.log.statemachine.data.caching.enabled = true (custom)
2020-05-27 19:49:52,583 [pool-147-thread-1] INFO  segmented.SegmentedRaftLogWorker (SegmentedRaftLogWorker.java:lambda$new$0(129)) - ff44f4ae-b3a8-475e-bd25-fde191a4fa4e@group-24711CF77BB7-SegmentedRaftLogWorker: flushIndex: setUnconditionally 0 -> -1
2020-05-27 19:49:52,576 [Command processor thread] INFO  commandhandler.CreatePipelineCommandHandler (CreatePipelineCommandHandler.java:handle(109)) - Created Pipeline RATIS ONE #id: "656a7a89-bc9b-4583-8faa-0c2843412823"
.
2020-05-27 19:49:52,584 [Command processor thread] INFO  impl.RaftServerProxy (RaftServerProxy.java:addNew(89)) - a0e9232a-3916-470b-b2b7-a7f4d4e85528: addNew group-6396F5342F23:[a0e9232a-3916-470b-b2b7-a7f4d4e85528:172.17.0.2:37069, 87450af1-8bb1-47ca-8fff-c762ff1b8a7d:172.17.0.2:40269, 2688bacc-2ecf-4914-892d-45c47335b8b0:172.17.0.2:36383] returns group-6396F5342F23:java.util.concurrent.CompletableFuture@2dee26cd[Not completed]
2020-05-27 19:49:52,585 [pool-115-thread-1] INFO  impl.RaftServerImpl (RaftServerImpl.java:<init>(98)) - a0e9232a-3916-470b-b2b7-a7f4d4e85528: new RaftServerImpl for group-6396F5342F23:[a0e9232a-3916-470b-b2b7-a7f4d4e85528:172.17.0.2:37069, 87450af1-8bb1-47ca-8fff-c762ff1b8a7d:172.17.0.2:40269, 2688bacc-2ecf-4914-892d-45c47335b8b0:172.17.0.2:36383] with ContainerStateMachine:uninitialized
2020-05-27 19:49:52,576 [pool-131-thread-1] INFO  segmented.SegmentedRaftLogWorker (SegmentedRaftLogWorker.java:lambda$new$0(129)) - 9d7d5f46-81d4-46e0-8077-1e8e3e04f00a@group-24711CF77BB7-SegmentedRaftLogWorker: flushIndex: setUnconditionally 0 -> -1
2020-05-27 19:49:52,587 [pool-115-thread-1] INFO  server.RaftServerConfigKeys (ConfUtils.java:logGet(44)) - raft.server.rpc.timeout.min = 5s (custom)
2020-05-27 19:49:52,587 [pool-115-thread-1] INFO  server.RaftServerConfigKeys (ConfUtils.java:logGet(44)) - raft.server.rpc.timeout.max = 5200ms (custom)
2020-05-27 19:49:52,587 [pool-115-thread-1] INFO  server.RaftServerConfigKeys (ConfUtils.java:logGet(44)) - raft.server.rpcslowness.timeout = 300s (custom)
2020-05-27 19:49:52,588 [pool-115-thread-1] INFO  server.RaftServerConfigKeys (ConfUtils.java:logGet(44)) - raft.server.sleep.deviation.threshold = 300 (default)
2020-05-27 19:49:52,588 [pool-115-thread-1] INFO  server.RaftServerConfigKeys (ConfUtils.java:logGet(44)) - raft.server.log.appender.install.snapshot.enabled = false (custom)
2020-05-27 19:49:52,588 [pool-115-thread-1] INFO  impl.RaftServerImpl (ServerState.java:<init>(103)) - a0e9232a-3916-470b-b2b7-a7f4d4e85528@group-6396F5342F23: ConfigurationManager, init=-1: [a0e9232a-3916-470b-b2b7-a7f4d4e85528:172.17.0.2:37069, 87450af1-8bb1-47ca-8fff-c762ff1b8a7d:172.17.0.2:40269, 2688bacc-2ecf-4914-892d-45c47335b8b0:172.17.0.2:36383], old=null, confs=<EMPTY_MAP>
2020-05-27 19:49:52,588 [pool-115-thread-1] INFO  server.RaftServerConfigKeys (ConfUtils.java:logGet(44)) - raft.server.storage.dir = [/github/workspace/mnt/ozone/hadoop-ozone/integration-test/target/test-dir/MiniOzoneClusterImpl-087f03cc-a5a8-466d-ba79-9ca00bc8af49/datanode-5/data/ratis] (custom)
2020-05-27 19:49:52,588 [pool-115-thread-1] INFO  server.RaftServerConfigKeys (ConfUtils.java:logGet(44)) - raft.server.log.corruption.policy = EXCEPTION (default)
2020-05-27 19:49:52,588 [pool-115-thread-1] INFO  storage.RaftStorageDirectory (RaftStorageDirectory.java:analyzeStorage(261)) - The storage directory /github/workspace/mnt/ozone/hadoop-ozone/integration-test/target/test-dir/MiniOzoneClusterImpl-087f03cc-a5a8-466d-ba79-9ca00bc8af49/datanode-5/data/ratis/8ade6f36-bcb4-426f-a0a0-6396f5342f23 does not exist. Creating ...
2020-05-27 19:49:52,589 [pool-147-thread-1] INFO  server.RaftServerConfigKeys (ConfUtils.java:logGet(44)) - raft.server.snapshot.auto.trigger.enabled = true (custom)
2020-05-27 19:49:52,589 [pool-147-thread-1] INFO  server.RaftServerConfigKeys (ConfUtils.java:logGet(44)) - raft.server.snapshot.auto.trigger.threshold = 10000 (custom)
2020-05-27 19:49:52,589 [pool-147-thread-1] INFO  server.RaftServerConfigKeys (ConfUtils.java:logGet(44)) - raft.server.snapshot.retention.file.num = 5 (custom)
2020-05-27 19:49:52,589 [pool-147-thread-1] INFO  server.RaftServerConfigKeys (ConfUtils.java:logGet(44)) - raft.server.log.purge.upto.snapshot.index = false (default)
2020-05-27 19:49:52,589 [pool-147-thread-1] INFO  server.RaftServerConfigKeys (ConfUtils.java:logGet(44)) - raft.server.retrycache.expirytime = 600000ms (custom)
2020-05-27 19:49:52,589 [pool-147-thread-1] INFO  metrics.RatisMetrics (RatisMetrics.java:lambda$create$0(39)) - Creating Metrics Registry : ratis.leader_election.ff44f4ae-b3a8-475e-bd25-fde191a4fa4e@group-24711CF77BB7
2020-05-27 19:49:52,590 [pool-147-thread-1] INFO  metrics.RatisMetrics (RatisMetrics.java:lambda$create$0(39)) - Creating Metrics Registry : ratis.server.ff44f4ae-b3a8-475e-bd25-fde191a4fa4e@group-24711CF77BB7
2020-05-27 19:49:52,591 [pool-147-thread-1] INFO  impl.RaftServerImpl (RaftServerImpl.java:start(184)) - ff44f4ae-b3a8-475e-bd25-fde191a4fa4e@group-24711CF77BB7: start as a follower, conf=-1: [9d7d5f46-81d4-46e0-8077-1e8e3e04f00a:172.17.0.2:46303, ff44f4ae-b3a8-475e-bd25-fde191a4fa4e:172.17.0.2:41523, 11738693-eadc-4301-85a7-a3a14bdb5207:172.17.0.2:41983], old=null
2020-05-27 19:49:52,591 [pool-147-thread-1] INFO  impl.RaftServerImpl (RaftServerImpl.java:setRole(173)) - ff44f4ae-b3a8-475e-bd25-fde191a4fa4e@group-24711CF77BB7: changes role from      null to FOLLOWER at term 0 for startAsFollower
2020-05-27 19:49:52,591 [pool-147-thread-1] INFO  impl.RoleInfo (RoleInfo.java:updateAndGet(143)) - ff44f4ae-b3a8-475e-bd25-fde191a4fa4e: start FollowerState
2020-05-27 19:49:52,592 [pool-147-thread-1] INFO  util.JmxRegister (JmxRegister.java:tryRegister(44)) - Successfully registered JMX Bean with object name Ratis:service=RaftServer,group=group-24711CF77BB7,id=ff44f4ae-b3a8-475e-bd25-fde191a4fa4e
2020-05-27 19:49:52,592 [pool-147-thread-1] INFO  metrics.RatisMetrics (RatisMetrics.java:lambda$create$0(39)) - Creating Metrics Registry : ratis.state_machine.ff44f4ae-b3a8-475e-bd25-fde191a4fa4e@group-24711CF77BB7
2020-05-27 19:49:52,592 [pool-115-thread-1] INFO  storage.RaftStorageDirectory (RaftStorageDirectory.java:tryLock(343)) - Lock on /github/workspace/mnt/ozone/hadoop-ozone/integration-test/target/test-dir/MiniOzoneClusterImpl-087f03cc-a5a8-466d-ba79-9ca00bc8af49/datanode-5/data/ratis/8ade6f36-bcb4-426f-a0a0-6396f5342f23/in_use.lock acquired by nodename 23699@d78c3f676a41
2020-05-27 19:49:52,593 [pool-115-thread-1] INFO  storage.RaftStorage (RaftStorage.java:format(84)) - Storage directory /github/workspace/mnt/ozone/hadoop-ozone/integration-test/target/test-dir/MiniOzoneClusterImpl-087f03cc-a5a8-466d-ba79-9ca00bc8af49/datanode-5/data/ratis/8ade6f36-bcb4-426f-a0a0-6396f5342f23 has been successfully formatted.
2020-05-27 19:49:52,594 [pool-131-thread-1] INFO  server.RaftServerConfigKeys (ConfUtils.java:logGet(44)) - raft.server.snapshot.auto.trigger.enabled = true (custom)
2020-05-27 19:49:52,594 [pool-131-thread-1] INFO  server.RaftServerConfigKeys (ConfUtils.java:logGet(44)) - raft.server.snapshot.auto.trigger.threshold = 10000 (custom)
2020-05-27 19:49:52,594 [pool-131-thread-1] INFO  server.RaftServerConfigKeys (ConfUtils.java:logGet(44)) - raft.server.snapshot.retention.file.num = 5 (custom)
2020-05-27 19:49:52,594 [pool-131-thread-1] INFO  server.RaftServerConfigKeys (ConfUtils.java:logGet(44)) - raft.server.log.purge.upto.snapshot.index = false (default)
2020-05-27 19:49:52,594 [pool-131-thread-1] INFO  server.RaftServerConfigKeys (ConfUtils.java:logGet(44)) - raft.server.retrycache.expirytime = 600000ms (custom)
2020-05-27 19:49:52,594 [pool-131-thread-1] INFO  metrics.RatisMetrics (RatisMetrics.java:lambda$create$0(39)) - Creating Metrics Registry : ratis.leader_election.9d7d5f46-81d4-46e0-8077-1e8e3e04f00a@group-24711CF77BB7
2020-05-27 19:49:52,595 [pool-131-thread-1] INFO  metrics.RatisMetrics (RatisMetrics.java:lambda$create$0(39)) - Creating Metrics Registry : ratis.server.9d7d5f46-81d4-46e0-8077-1e8e3e04f00a@group-24711CF77BB7
2020-05-27 19:49:52,596 [pool-131-thread-1] INFO  impl.RaftServerImpl (RaftServerImpl.java:start(184)) - 9d7d5f46-81d4-46e0-8077-1e8e3e04f00a@group-24711CF77BB7: start as a follower, conf=-1: [9d7d5f46-81d4-46e0-8077-1e8e3e04f00a:172.17.0.2:46303, ff44f4ae-b3a8-475e-bd25-fde191a4fa4e:172.17.0.2:41523, 11738693-eadc-4301-85a7-a3a14bdb5207:172.17.0.2:41983], old=null
2020-05-27 19:49:52,597 [pool-131-thread-1] INFO  impl.RaftServerImpl (RaftServerImpl.java:setRole(173)) - 9d7d5f46-81d4-46e0-8077-1e8e3e04f00a@group-24711CF77BB7: changes role from      null to FOLLOWER at term 0 for startAsFollower
2020-05-27 19:49:52,597 [pool-131-thread-1] INFO  impl.RoleInfo (RoleInfo.java:updateAndGet(143)) - 9d7d5f46-81d4-46e0-8077-1e8e3e04f00a: start FollowerState
2020-05-27 19:49:52,597 [pool-131-thread-1] INFO  util.JmxRegister (JmxRegister.java:tryRegister(44)) - Successfully registered JMX Bean with object name Ratis:service=RaftServer,group=group-24711CF77BB7,id=9d7d5f46-81d4-46e0-8077-1e8e3e04f00a
2020-05-27 19:49:52,597 [pool-131-thread-1] INFO  metrics.RatisMetrics (RatisMetrics.java:lambda$create$0(39)) - Creating Metrics Registry : ratis.state_machine.9d7d5f46-81d4-46e0-8077-1e8e3e04f00a@group-24711CF77BB7
2020-05-27 19:49:52,600 [pool-163-thread-1] INFO  server.RaftServerConfigKeys (ConfUtils.java:logGet(44)) - raft.server.rpc.timeout.min = 5s (custom)
2020-05-27 19:49:52,600 [pool-163-thread-1] INFO  server.RaftServerConfigKeys (ConfUtils.java:logGet(44)) - raft.server.rpc.timeout.max = 5200ms (custom)
2020-05-27 19:49:52,601 [pool-163-thread-1] INFO  server.RaftServerConfigKeys (ConfUtils.java:logGet(44)) - raft.server.rpcslowness.timeout = 300s (custom)
2020-05-27 19:49:52,601 [pool-163-thread-1] INFO  server.RaftServerConfigKeys (ConfUtils.java:logGet(44)) - raft.server.sleep.deviation.threshold = 300 (default)
2020-05-27 19:49:52,601 [pool-163-thread-1] INFO  server.RaftServerConfigKeys (ConfUtils.java:logGet(44)) - raft.server.log.appender.install.snapshot.enabled = false (custom)
2020-05-27 19:49:52,601 [pool-163-thread-1] INFO  impl.RaftServerImpl (ServerState.java:<init>(103)) - 11738693-eadc-4301-85a7-a3a14bdb5207@group-C3AA7D86BD94: ConfigurationManager, init=-1: [11738693-eadc-4301-85a7-a3a14bdb5207:172.17.0.2:41983], old=null, confs=<EMPTY_MAP>
2020-05-27 19:49:52,601 [pool-163-thread-1] INFO  server.RaftServerConfigKeys (ConfUtils.java:logGet(44)) - raft.server.storage.dir = [/github/workspace/mnt/ozone/hadoop-ozone/integration-test/target/test-dir/MiniOzoneClusterImpl-087f03cc-a5a8-466d-ba79-9ca00bc8af49/datanode-8/data/ratis] (custom)
2020-05-27 19:49:52,601 [pool-163-thread-1] INFO  server.RaftServerConfigKeys (ConfUtils.java:logGet(44)) - raft.server.log.corruption.policy = EXCEPTION (default)
2020-05-27 19:49:52,601 [pool-163-thread-1] INFO  storage.RaftStorageDirectory (RaftStorageDirectory.java:analyzeStorage(261)) - The storage directory /github/workspace/mnt/ozone/hadoop-ozone/integration-test/target/test-dir/MiniOzoneClusterImpl-087f03cc-a5a8-466d-ba79-9ca00bc8af49/datanode-8/data/ratis/b224b5c5-f498-4966-9600-c3aa7d86bd94 does not exist. Creating ...
2020-05-27 19:49:52,604 [pool-163-thread-1] INFO  storage.RaftStorageDirectory (RaftStorageDirectory.java:tryLock(343)) - Lock on /github/workspace/mnt/ozone/hadoop-ozone/integration-test/target/test-dir/MiniOzoneClusterImpl-087f03cc-a5a8-466d-ba79-9ca00bc8af49/datanode-8/data/ratis/b224b5c5-f498-4966-9600-c3aa7d86bd94/in_use.lock acquired by nodename 23699@d78c3f676a41
2020-05-27 19:49:52,606 [pool-115-thread-1] INFO  ratis.ContainerStateMachine (ContainerStateMachine.java:loadSnapshot(226)) - group-6396F5342F23: The snapshot info is null. Setting the last applied indexto:(t:0, i:~)
2020-05-27 19:49:52,606 [pool-115-thread-1] INFO  server.RaftServerConfigKeys (ConfUtils.java:logGet(44)) - raft.server.notification.no-leader.timeout = 60s (default)
2020-05-27 19:49:52,606 [pool-115-thread-1] INFO  server.RaftServerConfigKeys (ConfUtils.java:logGet(44)) - raft.server.log.use.memory = false (default)
2020-05-27 19:49:52,607 [pool-115-thread-1] INFO  server.RaftServerConfigKeys (ConfUtils.java:logGet(44)) - raft.server.log.purge.gap = 1000000 (custom)
2020-05-27 19:49:52,607 [pool-115-thread-1] INFO  server.RaftServerConfigKeys (ConfUtils.java:logGet(44)) - raft.server.log.appender.buffer.byte-limit = 33554432 (custom)
2020-05-27 19:49:52,607 [pool-115-thread-1] INFO  server.RaftServerConfigKeys (ConfUtils.java:logGet(44)) - raft.server.log.segment.size.max = 1048576 (custom)
2020-05-27 19:49:52,607 [pool-115-thread-1] INFO  server.RaftServerConfigKeys (ConfUtils.java:logGet(44)) - raft.server.log.segment.cache.num.max = 2 (custom)
2020-05-27 19:49:52,607 [pool-115-thread-1] INFO  segmented.SegmentedRaftLogWorker (SegmentedRaftLogWorker.java:<init>(176)) - new a0e9232a-3916-470b-b2b7-a7f4d4e85528@group-6396F5342F23-SegmentedRaftLogWorker for RaftStorage:Storage Directory /github/workspace/mnt/ozone/hadoop-ozone/integration-test/target/test-dir/MiniOzoneClusterImpl-087f03cc-a5a8-466d-ba79-9ca00bc8af49/datanode-5/data/ratis/8ade6f36-bcb4-426f-a0a0-6396f5342f23
2020-05-27 19:49:52,607 [pool-115-thread-1] INFO  server.RaftServerConfigKeys (ConfUtils.java:logGet(44)) - raft.server.log.queue.byte-limit = 2147483647 (custom)
2020-05-27 19:49:52,607 [pool-115-thread-1] INFO  server.RaftServerConfigKeys (ConfUtils.java:logGet(44)) - raft.server.log.queue.element-limit = 1024 (custom)
2020-05-27 19:49:52,607 [pool-115-thread-1] INFO  server.RaftServerConfigKeys (ConfUtils.java:logGet(44)) - raft.server.log.segment.size.max = 1048576 (custom)
2020-05-27 19:49:52,607 [pool-115-thread-1] INFO  server.RaftServerConfigKeys (ConfUtils.java:logGet(44)) - raft.server.log.preallocated.size = 16384 (custom)
2020-05-27 19:49:52,607 [pool-115-thread-1] INFO  server.RaftServerConfigKeys (ConfUtils.java:logGet(44)) - raft.server.log.write.buffer.size = 1048576 (custom)
2020-05-27 19:49:52,607 [pool-115-thread-1] INFO  server.RaftServerConfigKeys (ConfUtils.java:logGet(44)) - raft.server.log.force.sync.num = 128 (default)
2020-05-27 19:49:52,607 [pool-115-thread-1] INFO  server.RaftServerConfigKeys (ConfUtils.java:logGet(44)) - raft.server.log.statemachine.data.sync = true (default)
2020-05-27 19:49:52,607 [pool-115-thread-1] INFO  server.RaftServerConfigKeys (ConfUtils.java:logGet(44)) - raft.server.log.statemachine.data.sync.timeout = 10s (default)
2020-05-27 19:49:52,607 [pool-115-thread-1] INFO  server.RaftServerConfigKeys (ConfUtils.java:logGet(44)) - raft.server.log.statemachine.data.sync.timeout.retry = -1 (default)
2020-05-27 19:49:52,608 [pool-115-thread-1] INFO  server.RaftServerConfigKeys (ConfUtils.java:logGet(44)) - raft.server.log.statemachine.data.caching.enabled = true (custom)
2020-05-27 19:49:52,608 [pool-115-thread-1] INFO  segmented.SegmentedRaftLogWorker (SegmentedRaftLogWorker.java:lambda$new$0(129)) - a0e9232a-3916-470b-b2b7-a7f4d4e85528@group-6396F5342F23-SegmentedRaftLogWorker: flushIndex: setUnconditionally 0 -> -1
2020-05-27 19:49:52,612 [pool-115-thread-1] INFO  server.RaftServerConfigKeys (ConfUtils.java:logGet(44)) - raft.server.snapshot.auto.trigger.enabled = true (custom)
2020-05-27 19:49:52,612 [pool-115-thread-1] INFO  server.RaftServerConfigKeys (ConfUtils.java:logGet(44)) - raft.server.snapshot.auto.trigger.threshold = 10000 (custom)
2020-05-27 19:49:52,612 [pool-115-thread-1] INFO  server.RaftServerConfigKeys (ConfUtils.java:logGet(44)) - raft.server.snapshot.retention.file.num = 5 (custom)
2020-05-27 19:49:52,612 [pool-115-thread-1] INFO  server.RaftServerConfigKeys (ConfUtils.java:logGet(44)) - raft.server.log.purge.upto.snapshot.index = false (default)
2020-05-27 19:49:52,612 [pool-115-thread-1] INFO  server.RaftServerConfigKeys (ConfUtils.java:logGet(44)) - raft.server.retrycache.expirytime = 600000ms (custom)
2020-05-27 19:49:52,612 [pool-115-thread-1] INFO  metrics.RatisMetrics (RatisMetrics.java:lambda$create$0(39)) - Creating Metrics Registry : ratis.leader_election.a0e9232a-3916-470b-b2b7-a7f4d4e85528@group-6396F5342F23
2020-05-27 19:49:52,613 [pool-115-thread-1] INFO  metrics.RatisMetrics (RatisMetrics.java:lambda$create$0(39)) - Creating Metrics Registry : ratis.server.a0e9232a-3916-470b-b2b7-a7f4d4e85528@group-6396F5342F23
2020-05-27 19:49:52,614 [pool-115-thread-1] INFO  impl.RaftServerImpl (RaftServerImpl.java:start(184)) - a0e9232a-3916-470b-b2b7-a7f4d4e85528@group-6396F5342F23: start as a follower, conf=-1: [a0e9232a-3916-470b-b2b7-a7f4d4e85528:172.17.0.2:37069, 87450af1-8bb1-47ca-8fff-c762ff1b8a7d:172.17.0.2:40269, 2688bacc-2ecf-4914-892d-45c47335b8b0:172.17.0.2:36383], old=null
2020-05-27 19:49:52,614 [pool-115-thread-1] INFO  impl.RaftServerImpl (RaftServerImpl.java:setRole(173)) - a0e9232a-3916-470b-b2b7-a7f4d4e85528@group-6396F5342F23: changes role from      null to FOLLOWER at term 0 for startAsFollower
2020-05-27 19:49:52,614 [pool-115-thread-1] INFO  impl.RoleInfo (RoleInfo.java:updateAndGet(143)) - a0e9232a-3916-470b-b2b7-a7f4d4e85528: start FollowerState
2020-05-27 19:49:52,618 [Listener at 127.0.0.1/39857] INFO  ozone.MiniOzoneClusterImpl (MiniOzoneClusterImpl.java:lambda$waitForClusterToBeReady$0(177)) - Nodes are ready. Got 10 of 10 DN Heartbeats.
2020-05-27 19:49:52,618 [Listener at 127.0.0.1/39857] INFO  ozone.MiniOzoneClusterImpl (MiniOzoneClusterImpl.java:lambda$waitForClusterToBeReady$0(180)) - Waiting for cluster to exit safe mode
2020-05-27 19:49:52,620 [pool-163-thread-1] INFO  storage.RaftStorage (RaftStorage.java:format(84)) - Storage directory /github/workspace/mnt/ozone/hadoop-ozone/integration-test/target/test-dir/MiniOzoneClusterImpl-087f03cc-a5a8-466d-ba79-9ca00bc8af49/datanode-8/data/ratis/b224b5c5-f498-4966-9600-c3aa7d86bd94 has been successfully formatted.
2020-05-27 19:49:52,628 [pool-115-thread-1] INFO  util.JmxRegister (JmxRegister.java:tryRegister(44)) - Successfully registered JMX Bean with object name Ratis:service=RaftServer,group=group-6396F5342F23,id=a0e9232a-3916-470b-b2b7-a7f4d4e85528
2020-05-27 19:49:52,628 [pool-115-thread-1] INFO  metrics.RatisMetrics (RatisMetrics.java:lambda$create$0(39)) - Creating Metrics Registry : ratis.state_machine.a0e9232a-3916-470b-b2b7-a7f4d4e85528@group-6396F5342F23
2020-05-27 19:49:52,636 [Command processor thread] INFO  impl.RaftServerProxy (RaftServerProxy.java:addNew(89)) - 2249a830-3dc3-4d6a-99bf-b20cbb6e14c2: addNew group-B617E0968A6D:[2249a830-3dc3-4d6a-99bf-b20cbb6e14c2:172.17.0.2:43245] returns group-B617E0968A6D:java.util.concurrent.CompletableFuture@7f5868bd[Not completed]
2020-05-27 19:49:52,637 [pool-163-thread-1] INFO  ratis.ContainerStateMachine (ContainerStateMachine.java:loadSnapshot(226)) - group-C3AA7D86BD94: The snapshot info is null. Setting the last applied indexto:(t:0, i:~)
2020-05-27 19:49:52,637 [pool-163-thread-1] INFO  server.RaftServerConfigKeys (ConfUtils.java:logGet(44)) - raft.server.notification.no-leader.timeout = 60s (default)
2020-05-27 19:49:52,637 [pool-163-thread-1] INFO  server.RaftServerConfigKeys (ConfUtils.java:logGet(44)) - raft.server.log.use.memory = false (default)
2020-05-27 19:49:52,637 [pool-163-thread-1] INFO  server.RaftServerConfigKeys (ConfUtils.java:logGet(44)) - raft.server.log.purge.gap = 1000000 (custom)
2020-05-27 19:49:52,637 [pool-163-thread-1] INFO  server.RaftServerConfigKeys (ConfUtils.java:logGet(44)) - raft.server.log.appender.buffer.byte-limit = 33554432 (custom)
2020-05-27 19:49:52,637 [pool-163-thread-1] INFO  server.RaftServerConfigKeys (ConfUtils.java:logGet(44)) - raft.server.log.segment.size.max = 1048576 (custom)
2020-05-27 19:49:52,637 [pool-163-thread-1] INFO  metrics.RatisMetrics (RatisMetrics.java:lambda$create$0(39)) - Creating Metrics Registry : ratis.log_worker.11738693-eadc-4301-85a7-a3a14bdb5207
2020-05-27 19:49:52,638 [pool-163-thread-1] INFO  server.RaftServerConfigKeys (ConfUtils.java:logGet(44)) - raft.server.log.segment.cache.num.max = 2 (custom)
2020-05-27 19:49:52,638 [pool-163-thread-1] INFO  segmented.SegmentedRaftLogWorker (SegmentedRaftLogWorker.java:<init>(176)) - new 11738693-eadc-4301-85a7-a3a14bdb5207@group-C3AA7D86BD94-SegmentedRaftLogWorker for RaftStorage:Storage Directory /github/workspace/mnt/ozone/hadoop-ozone/integration-test/target/test-dir/MiniOzoneClusterImpl-087f03cc-a5a8-466d-ba79-9ca00bc8af49/datanode-8/data/ratis/b224b5c5-f498-4966-9600-c3aa7d86bd94
2020-05-27 19:49:52,638 [pool-163-thread-1] INFO  server.RaftServerConfigKeys (ConfUtils.java:logGet(44)) - raft.server.log.queue.byte-limit = 2147483647 (custom)
2020-05-27 19:49:52,638 [pool-163-thread-1] INFO  server.RaftServerConfigKeys (ConfUtils.java:logGet(44)) - raft.server.log.queue.element-limit = 1024 (custom)
2020-05-27 19:49:52,638 [pool-163-thread-1] INFO  server.RaftServerConfigKeys (ConfUtils.java:logGet(44)) - raft.server.log.segment.size.max = 1048576 (custom)
2020-05-27 19:49:52,638 [pool-163-thread-1] INFO  server.RaftServerConfigKeys (ConfUtils.java:logGet(44)) - raft.server.log.preallocated.size = 16384 (custom)
2020-05-27 19:49:52,638 [pool-163-thread-1] INFO  server.RaftServerConfigKeys (ConfUtils.java:logGet(44)) - raft.server.log.write.buffer.size = 1048576 (custom)
2020-05-27 19:49:52,638 [pool-163-thread-1] INFO  server.RaftServerConfigKeys (ConfUtils.java:logGet(44)) - raft.server.log.force.sync.num = 128 (default)
2020-05-27 19:49:52,638 [pool-163-thread-1] INFO  server.RaftServerConfigKeys (ConfUtils.java:logGet(44)) - raft.server.log.statemachine.data.sync = true (default)
2020-05-27 19:49:52,638 [pool-163-thread-1] INFO  server.RaftServerConfigKeys (ConfUtils.java:logGet(44)) - raft.server.log.statemachine.data.sync.timeout = 10s (default)
2020-05-27 19:49:52,638 [pool-163-thread-1] INFO  server.RaftServerConfigKeys (ConfUtils.java:logGet(44)) - raft.server.log.statemachine.data.sync.timeout.retry = -1 (default)
2020-05-27 19:49:52,648 [pool-163-thread-1] INFO  server.RaftServerConfigKeys (ConfUtils.java:logGet(44)) - raft.server.log.statemachine.data.caching.enabled = true (custom)
2020-05-27 19:49:52,649 [pool-163-thread-1] INFO  segmented.SegmentedRaftLogWorker (SegmentedRaftLogWorker.java:lambda$new$0(129)) - 11738693-eadc-4301-85a7-a3a14bdb5207@group-C3AA7D86BD94-SegmentedRaftLogWorker: flushIndex: setUnconditionally 0 -> -1
2020-05-27 19:49:52,651 [pool-163-thread-1] INFO  server.RaftServerConfigKeys (ConfUtils.java:logGet(44)) - raft.server.snapshot.auto.trigger.enabled = true (custom)
2020-05-27 19:49:52,651 [pool-163-thread-1] INFO  server.RaftServerConfigKeys (ConfUtils.java:logGet(44)) - raft.server.snapshot.auto.trigger.threshold = 10000 (custom)
2020-05-27 19:49:52,651 [pool-163-thread-1] INFO  server.RaftServerConfigKeys (ConfUtils.java:logGet(44)) - raft.server.snapshot.retention.file.num = 5 (custom)
2020-05-27 19:49:52,651 [pool-163-thread-1] INFO  server.RaftServerConfigKeys (ConfUtils.java:logGet(44)) - raft.server.log.purge.upto.snapshot.index = false (default)
2020-05-27 19:49:52,651 [pool-163-thread-1] INFO  server.RaftServerConfigKeys (ConfUtils.java:logGet(44)) - raft.server.retrycache.expirytime = 600000ms (custom)
2020-05-27 19:49:52,651 [pool-163-thread-1] INFO  metrics.RatisMetrics (RatisMetrics.java:lambda$create$0(39)) - Creating Metrics Registry : ratis.leader_election.11738693-eadc-4301-85a7-a3a14bdb5207@group-C3AA7D86BD94
2020-05-27 19:49:52,652 [pool-163-thread-1] INFO  metrics.RatisMetrics (RatisMetrics.java:lambda$create$0(39)) - Creating Metrics Registry : ratis.server.11738693-eadc-4301-85a7-a3a14bdb5207@group-C3AA7D86BD94
2020-05-27 19:49:52,653 [pool-163-thread-1] INFO  impl.RaftServerImpl (RaftServerImpl.java:start(184)) - 11738693-eadc-4301-85a7-a3a14bdb5207@group-C3AA7D86BD94: start as a follower, conf=-1: [11738693-eadc-4301-85a7-a3a14bdb5207:172.17.0.2:41983], old=null
2020-05-27 19:49:52,653 [pool-163-thread-1] INFO  impl.RaftServerImpl (RaftServerImpl.java:setRole(173)) - 11738693-eadc-4301-85a7-a3a14bdb5207@group-C3AA7D86BD94: changes role from      null to FOLLOWER at term 0 for startAsFollower
2020-05-27 19:49:52,653 [pool-163-thread-1] INFO  impl.RoleInfo (RoleInfo.java:updateAndGet(143)) - 11738693-eadc-4301-85a7-a3a14bdb5207: start FollowerState
2020-05-27 19:49:52,653 [pool-163-thread-1] INFO  util.JmxRegister (JmxRegister.java:tryRegister(44)) - Successfully registered JMX Bean with object name Ratis:service=RaftServer,group=group-C3AA7D86BD94,id=11738693-eadc-4301-85a7-a3a14bdb5207
2020-05-27 19:49:52,653 [pool-163-thread-1] INFO  metrics.RatisMetrics (RatisMetrics.java:lambda$create$0(39)) - Creating Metrics Registry : ratis.state_machine.11738693-eadc-4301-85a7-a3a14bdb5207@group-C3AA7D86BD94
2020-05-27 19:49:52,654 [Command processor thread] INFO  commandhandler.CreatePipelineCommandHandler (CreatePipelineCommandHandler.java:handle(109)) - Created Pipeline RATIS ONE #id: "b224b5c5-f498-4966-9600-c3aa7d86bd94"
.
2020-05-27 19:49:52,655 [Command processor thread] INFO  impl.RaftServerProxy (RaftServerProxy.java:addNew(89)) - 11738693-eadc-4301-85a7-a3a14bdb5207: addNew group-24711CF77BB7:[9d7d5f46-81d4-46e0-8077-1e8e3e04f00a:172.17.0.2:46303, ff44f4ae-b3a8-475e-bd25-fde191a4fa4e:172.17.0.2:41523, 11738693-eadc-4301-85a7-a3a14bdb5207:172.17.0.2:41983] returns group-24711CF77BB7:java.util.concurrent.CompletableFuture@289c657e[Not completed]
2020-05-27 19:49:52,659 [EventQueue-PipelineReportForPipelineReportHandler] INFO  pipeline.PipelineStateManager (PipelineStateManager.java:openPipeline(131)) - Pipeline Pipeline[ Id: b224b5c5-f498-4966-9600-c3aa7d86bd94, Nodes: 11738693-eadc-4301-85a7-a3a14bdb5207{ip: 172.17.0.2, host: d78c3f676a41, networkLocation: /default-rack, certSerialId: null}, Type:RATIS, Factor:ONE, State:ALLOCATED, leaderId:11738693-eadc-4301-85a7-a3a14bdb5207, CreationTimestamp2020-05-27T19:49:49.537Z] moved to OPEN state
2020-05-27 19:49:52,659 [EventQueue-OpenPipelineForOneReplicaPipelineSafeModeRule] INFO  safemode.SCMSafeModeManager (SCMSafeModeManager.java:validateSafeModeExitRules(213)) - AtleastOneDatanodeReportedRule rule is successfully validated
2020-05-27 19:49:52,662 [EventQueue-OpenPipelineForHealthyPipelineSafeModeRule] INFO  safemode.SCMSafeModeManager (HealthyPipelineSafeModeRule.java:process(132)) - SCM in safe mode. Healthy pipelines reported count is 0, required healthy pipeline reported count is 1
2020-05-27 19:49:52,661 [pool-163-thread-1] INFO  impl.RaftServerImpl (RaftServerImpl.java:<init>(98)) - 11738693-eadc-4301-85a7-a3a14bdb5207: new RaftServerImpl for group-24711CF77BB7:[9d7d5f46-81d4-46e0-8077-1e8e3e04f00a:172.17.0.2:46303, ff44f4ae-b3a8-475e-bd25-fde191a4fa4e:172.17.0.2:41523, 11738693-eadc-4301-85a7-a3a14bdb5207:172.17.0.2:41983] with ContainerStateMachine:uninitialized
2020-05-27 19:49:52,663 [pool-163-thread-1] INFO  server.RaftServerConfigKeys (ConfUtils.java:logGet(44)) - raft.server.rpc.timeout.min = 5s (custom)
2020-05-27 19:49:52,663 [pool-163-thread-1] INFO  server.RaftServerConfigKeys (ConfUtils.java:logGet(44)) - raft.server.rpc.timeout.max = 5200ms (custom)
2020-05-27 19:49:52,663 [pool-163-thread-1] INFO  server.RaftServerConfigKeys (ConfUtils.java:logGet(44)) - raft.server.rpcslowness.timeout = 300s (custom)
2020-05-27 19:49:52,663 [pool-163-thread-1] INFO  server.RaftServerConfigKeys (ConfUtils.java:logGet(44)) - raft.server.sleep.deviation.threshold = 300 (default)
2020-05-27 19:49:52,663 [pool-163-thread-1] INFO  server.RaftServerConfigKeys (ConfUtils.java:logGet(44)) - raft.server.log.appender.install.snapshot.enabled = false (custom)
2020-05-27 19:49:52,663 [pool-163-thread-1] INFO  impl.RaftServerImpl (ServerState.java:<init>(103)) - 11738693-eadc-4301-85a7-a3a14bdb5207@group-24711CF77BB7: ConfigurationManager, init=-1: [9d7d5f46-81d4-46e0-8077-1e8e3e04f00a:172.17.0.2:46303, ff44f4ae-b3a8-475e-bd25-fde191a4fa4e:172.17.0.2:41523, 11738693-eadc-4301-85a7-a3a14bdb5207:172.17.0.2:41983], old=null, confs=<EMPTY_MAP>
2020-05-27 19:49:52,664 [pool-163-thread-1] INFO  server.RaftServerConfigKeys (ConfUtils.java:logGet(44)) - raft.server.storage.dir = [/github/workspace/mnt/ozone/hadoop-ozone/integration-test/target/test-dir/MiniOzoneClusterImpl-087f03cc-a5a8-466d-ba79-9ca00bc8af49/datanode-8/data/ratis] (custom)
2020-05-27 19:49:52,665 [pool-179-thread-1] INFO  impl.RaftServerImpl (RaftServerImpl.java:<init>(98)) - 2249a830-3dc3-4d6a-99bf-b20cbb6e14c2: new RaftServerImpl for group-B617E0968A6D:[2249a830-3dc3-4d6a-99bf-b20cbb6e14c2:172.17.0.2:43245] with ContainerStateMachine:uninitialized
2020-05-27 19:49:52,672 [pool-163-thread-1] INFO  server.RaftServerConfigKeys (ConfUtils.java:logGet(44)) - raft.server.log.corruption.policy = EXCEPTION (default)
2020-05-27 19:49:52,673 [pool-163-thread-1] INFO  storage.RaftStorageDirectory (RaftStorageDirectory.java:analyzeStorage(261)) - The storage directory /github/workspace/mnt/ozone/hadoop-ozone/integration-test/target/test-dir/MiniOzoneClusterImpl-087f03cc-a5a8-466d-ba79-9ca00bc8af49/datanode-8/data/ratis/d125cbeb-4fc9-47e5-974a-24711cf77bb7 does not exist. Creating ...
2020-05-27 19:49:52,676 [pool-179-thread-1] INFO  server.RaftServerConfigKeys (ConfUtils.java:logGet(44)) - raft.server.rpc.timeout.min = 5s (custom)
2020-05-27 19:49:52,676 [pool-179-thread-1] INFO  server.RaftServerConfigKeys (ConfUtils.java:logGet(44)) - raft.server.rpc.timeout.max = 5200ms (custom)
2020-05-27 19:49:52,676 [pool-179-thread-1] INFO  server.RaftServerConfigKeys (ConfUtils.java:logGet(44)) - raft.server.rpcslowness.timeout = 300s (custom)
2020-05-27 19:49:52,676 [pool-179-thread-1] INFO  server.RaftServerConfigKeys (ConfUtils.java:logGet(44)) - raft.server.sleep.deviation.threshold = 300 (default)
2020-05-27 19:49:52,676 [pool-179-thread-1] INFO  server.RaftServerConfigKeys (ConfUtils.java:logGet(44)) - raft.server.log.appender.install.snapshot.enabled = false (custom)
2020-05-27 19:49:52,677 [pool-179-thread-1] INFO  impl.RaftServerImpl (ServerState.java:<init>(103)) - 2249a830-3dc3-4d6a-99bf-b20cbb6e14c2@group-B617E0968A6D: ConfigurationManager, init=-1: [2249a830-3dc3-4d6a-99bf-b20cbb6e14c2:172.17.0.2:43245], old=null, confs=<EMPTY_MAP>
2020-05-27 19:49:52,677 [pool-179-thread-1] INFO  server.RaftServerConfigKeys (ConfUtils.java:logGet(44)) - raft.server.storage.dir = [/github/workspace/mnt/ozone/hadoop-ozone/integration-test/target/test-dir/MiniOzoneClusterImpl-087f03cc-a5a8-466d-ba79-9ca00bc8af49/datanode-9/data/ratis] (custom)
2020-05-27 19:49:52,677 [pool-179-thread-1] INFO  server.RaftServerConfigKeys (ConfUtils.java:logGet(44)) - raft.server.log.corruption.policy = EXCEPTION (default)
2020-05-27 19:49:52,677 [pool-163-thread-1] INFO  storage.RaftStorageDirectory (RaftStorageDirectory.java:tryLock(343)) - Lock on /github/workspace/mnt/ozone/hadoop-ozone/integration-test/target/test-dir/MiniOzoneClusterImpl-087f03cc-a5a8-466d-ba79-9ca00bc8af49/datanode-8/data/ratis/d125cbeb-4fc9-47e5-974a-24711cf77bb7/in_use.lock acquired by nodename 23699@d78c3f676a41
2020-05-27 19:49:52,677 [pool-179-thread-1] INFO  storage.RaftStorageDirectory (RaftStorageDirectory.java:analyzeStorage(261)) - The storage directory /github/workspace/mnt/ozone/hadoop-ozone/integration-test/target/test-dir/MiniOzoneClusterImpl-087f03cc-a5a8-466d-ba79-9ca00bc8af49/datanode-9/data/ratis/b80d94cb-4322-4727-b73e-b617e0968a6d does not exist. Creating ...
2020-05-27 19:49:52,679 [pool-179-thread-1] INFO  storage.RaftStorageDirectory (RaftStorageDirectory.java:tryLock(343)) - Lock on /github/workspace/mnt/ozone/hadoop-ozone/integration-test/target/test-dir/MiniOzoneClusterImpl-087f03cc-a5a8-466d-ba79-9ca00bc8af49/datanode-9/data/ratis/b80d94cb-4322-4727-b73e-b617e0968a6d/in_use.lock acquired by nodename 23699@d78c3f676a41
2020-05-27 19:49:52,679 [pool-163-thread-1] INFO  storage.RaftStorage (RaftStorage.java:format(84)) - Storage directory /github/workspace/mnt/ozone/hadoop-ozone/integration-test/target/test-dir/MiniOzoneClusterImpl-087f03cc-a5a8-466d-ba79-9ca00bc8af49/datanode-8/data/ratis/d125cbeb-4fc9-47e5-974a-24711cf77bb7 has been successfully formatted.
2020-05-27 19:49:52,680 [pool-163-thread-1] INFO  ratis.ContainerStateMachine (ContainerStateMachine.java:loadSnapshot(226)) - group-24711CF77BB7: The snapshot info is null. Setting the last applied indexto:(t:0, i:~)
2020-05-27 19:49:52,680 [pool-163-thread-1] INFO  server.RaftServerConfigKeys (ConfUtils.java:logGet(44)) - raft.server.notification.no-leader.timeout = 60s (default)
2020-05-27 19:49:52,680 [pool-163-thread-1] INFO  server.RaftServerConfigKeys (ConfUtils.java:logGet(44)) - raft.server.log.use.memory = false (default)
2020-05-27 19:49:52,680 [pool-163-thread-1] INFO  server.RaftServerConfigKeys (ConfUtils.java:logGet(44)) - raft.server.log.purge.gap = 1000000 (custom)
2020-05-27 19:49:52,680 [pool-163-thread-1] INFO  server.RaftServerConfigKeys (ConfUtils.java:logGet(44)) - raft.server.log.appender.buffer.byte-limit = 33554432 (custom)
2020-05-27 19:49:52,680 [pool-163-thread-1] INFO  server.RaftServerConfigKeys (ConfUtils.java:logGet(44)) - raft.server.log.segment.size.max = 1048576 (custom)
2020-05-27 19:49:52,680 [pool-163-thread-1] INFO  server.RaftServerConfigKeys (ConfUtils.java:logGet(44)) - raft.server.log.segment.cache.num.max = 2 (custom)
2020-05-27 19:49:52,680 [pool-163-thread-1] INFO  segmented.SegmentedRaftLogWorker (SegmentedRaftLogWorker.java:<init>(176)) - new 11738693-eadc-4301-85a7-a3a14bdb5207@group-24711CF77BB7-SegmentedRaftLogWorker for RaftStorage:Storage Directory /github/workspace/mnt/ozone/hadoop-ozone/integration-test/target/test-dir/MiniOzoneClusterImpl-087f03cc-a5a8-466d-ba79-9ca00bc8af49/datanode-8/data/ratis/d125cbeb-4fc9-47e5-974a-24711cf77bb7
2020-05-27 19:49:52,680 [pool-163-thread-1] INFO  server.RaftServerConfigKeys (ConfUtils.java:logGet(44)) - raft.server.log.queue.byte-limit = 2147483647 (custom)
2020-05-27 19:49:52,680 [pool-163-thread-1] INFO  server.RaftServerConfigKeys (ConfUtils.java:logGet(44)) - raft.server.log.queue.element-limit = 1024 (custom)
2020-05-27 19:49:52,681 [pool-163-thread-1] INFO  server.RaftServerConfigKeys (ConfUtils.java:logGet(44)) - raft.server.log.segment.size.max = 1048576 (custom)
2020-05-27 19:49:52,681 [pool-163-thread-1] INFO  server.RaftServerConfigKeys (ConfUtils.java:logGet(44)) - raft.server.log.preallocated.size = 16384 (custom)
2020-05-27 19:49:52,681 [pool-163-thread-1] INFO  server.RaftServerConfigKeys (ConfUtils.java:logGet(44)) - raft.server.log.write.buffer.size = 1048576 (custom)
2020-05-27 19:49:52,681 [pool-163-thread-1] INFO  server.RaftServerConfigKeys (ConfUtils.java:logGet(44)) - raft.server.log.force.sync.num = 128 (default)
2020-05-27 19:49:52,681 [pool-163-thread-1] INFO  server.RaftServerConfigKeys (ConfUtils.java:logGet(44)) - raft.server.log.statemachine.data.sync = true (default)
2020-05-27 19:49:52,681 [pool-163-thread-1] INFO  server.RaftServerConfigKeys (ConfUtils.java:logGet(44)) - raft.server.log.statemachine.data.sync.timeout = 10s (default)
2020-05-27 19:49:52,681 [pool-163-thread-1] INFO  server.RaftServerConfigKeys (ConfUtils.java:logGet(44)) - raft.server.log.statemachine.data.sync.timeout.retry = -1 (default)
2020-05-27 19:49:52,684 [pool-163-thread-1] INFO  server.RaftServerConfigKeys (ConfUtils.java:logGet(44)) - raft.server.log.statemachine.data.caching.enabled = true (custom)
2020-05-27 19:49:52,684 [pool-163-thread-1] INFO  segmented.SegmentedRaftLogWorker (SegmentedRaftLogWorker.java:lambda$new$0(129)) - 11738693-eadc-4301-85a7-a3a14bdb5207@group-24711CF77BB7-SegmentedRaftLogWorker: flushIndex: setUnconditionally 0 -> -1
2020-05-27 19:49:52,684 [pool-163-thread-1] INFO  server.RaftServerConfigKeys (ConfUtils.java:logGet(44)) - raft.server.snapshot.auto.trigger.enabled = true (custom)
2020-05-27 19:49:52,684 [pool-163-thread-1] INFO  server.RaftServerConfigKeys (ConfUtils.java:logGet(44)) - raft.server.snapshot.auto.trigger.threshold = 10000 (custom)
2020-05-27 19:49:52,684 [pool-163-thread-1] INFO  server.RaftServerConfigKeys (ConfUtils.java:logGet(44)) - raft.server.snapshot.retention.file.num = 5 (custom)
2020-05-27 19:49:52,684 [pool-163-thread-1] INFO  server.RaftServerConfigKeys (ConfUtils.java:logGet(44)) - raft.server.log.purge.upto.snapshot.index = false (default)
2020-05-27 19:49:52,685 [pool-163-thread-1] INFO  server.RaftServerConfigKeys (ConfUtils.java:logGet(44)) - raft.server.retrycache.expirytime = 600000ms (custom)
2020-05-27 19:49:52,685 [pool-163-thread-1] INFO  metrics.RatisMetrics (RatisMetrics.java:lambda$create$0(39)) - Creating Metrics Registry : ratis.leader_election.11738693-eadc-4301-85a7-a3a14bdb5207@group-24711CF77BB7
2020-05-27 19:49:52,685 [pool-163-thread-1] INFO  metrics.RatisMetrics (RatisMetrics.java:lambda$create$0(39)) - Creating Metrics Registry : ratis.server.11738693-eadc-4301-85a7-a3a14bdb5207@group-24711CF77BB7
2020-05-27 19:49:52,686 [pool-163-thread-1] INFO  impl.RaftServerImpl (RaftServerImpl.java:start(184)) - 11738693-eadc-4301-85a7-a3a14bdb5207@group-24711CF77BB7: start as a follower, conf=-1: [9d7d5f46-81d4-46e0-8077-1e8e3e04f00a:172.17.0.2:46303, ff44f4ae-b3a8-475e-bd25-fde191a4fa4e:172.17.0.2:41523, 11738693-eadc-4301-85a7-a3a14bdb5207:172.17.0.2:41983], old=null
2020-05-27 19:49:52,686 [pool-163-thread-1] INFO  impl.RaftServerImpl (RaftServerImpl.java:setRole(173)) - 11738693-eadc-4301-85a7-a3a14bdb5207@group-24711CF77BB7: changes role from      null to FOLLOWER at term 0 for startAsFollower
2020-05-27 19:49:52,686 [pool-163-thread-1] INFO  impl.RoleInfo (RoleInfo.java:updateAndGet(143)) - 11738693-eadc-4301-85a7-a3a14bdb5207: start FollowerState
2020-05-27 19:49:52,687 [pool-163-thread-1] INFO  util.JmxRegister (JmxRegister.java:tryRegister(44)) - Successfully registered JMX Bean with object name Ratis:service=RaftServer,group=group-24711CF77BB7,id=11738693-eadc-4301-85a7-a3a14bdb5207
2020-05-27 19:49:52,687 [pool-163-thread-1] INFO  metrics.RatisMetrics (RatisMetrics.java:lambda$create$0(39)) - Creating Metrics Registry : ratis.state_machine.11738693-eadc-4301-85a7-a3a14bdb5207@group-24711CF77BB7
2020-05-27 19:49:52,695 [pool-179-thread-1] INFO  storage.RaftStorage (RaftStorage.java:format(84)) - Storage directory /github/workspace/mnt/ozone/hadoop-ozone/integration-test/target/test-dir/MiniOzoneClusterImpl-087f03cc-a5a8-466d-ba79-9ca00bc8af49/datanode-9/data/ratis/b80d94cb-4322-4727-b73e-b617e0968a6d has been successfully formatted.
2020-05-27 19:49:52,700 [pool-179-thread-1] INFO  ratis.ContainerStateMachine (ContainerStateMachine.java:loadSnapshot(226)) - group-B617E0968A6D: The snapshot info is null. Setting the last applied indexto:(t:0, i:~)
2020-05-27 19:49:52,700 [pool-179-thread-1] INFO  server.RaftServerConfigKeys (ConfUtils.java:logGet(44)) - raft.server.notification.no-leader.timeout = 60s (default)
2020-05-27 19:49:52,700 [pool-179-thread-1] INFO  server.RaftServerConfigKeys (ConfUtils.java:logGet(44)) - raft.server.log.use.memory = false (default)
2020-05-27 19:49:52,700 [pool-179-thread-1] INFO  server.RaftServerConfigKeys (ConfUtils.java:logGet(44)) - raft.server.log.purge.gap = 1000000 (custom)
2020-05-27 19:49:52,706 [pool-179-thread-1] INFO  server.RaftServerConfigKeys (ConfUtils.java:logGet(44)) - raft.server.log.appender.buffer.byte-limit = 33554432 (custom)
2020-05-27 19:49:52,706 [pool-179-thread-1] INFO  server.RaftServerConfigKeys (ConfUtils.java:logGet(44)) - raft.server.log.segment.size.max = 1048576 (custom)
2020-05-27 19:49:52,706 [pool-179-thread-1] INFO  metrics.RatisMetrics (RatisMetrics.java:lambda$create$0(39)) - Creating Metrics Registry : ratis.log_worker.2249a830-3dc3-4d6a-99bf-b20cbb6e14c2
2020-05-27 19:49:52,709 [pool-179-thread-1] INFO  server.RaftServerConfigKeys (ConfUtils.java:logGet(44)) - raft.server.log.segment.cache.num.max = 2 (custom)
2020-05-27 19:49:52,709 [pool-179-thread-1] INFO  segmented.SegmentedRaftLogWorker (SegmentedRaftLogWorker.java:<init>(176)) - new 2249a830-3dc3-4d6a-99bf-b20cbb6e14c2@group-B617E0968A6D-SegmentedRaftLogWorker for RaftStorage:Storage Directory /github/workspace/mnt/ozone/hadoop-ozone/integration-test/target/test-dir/MiniOzoneClusterImpl-087f03cc-a5a8-466d-ba79-9ca00bc8af49/datanode-9/data/ratis/b80d94cb-4322-4727-b73e-b617e0968a6d
2020-05-27 19:49:52,709 [pool-179-thread-1] INFO  server.RaftServerConfigKeys (ConfUtils.java:logGet(44)) - raft.server.log.queue.byte-limit = 2147483647 (custom)
2020-05-27 19:49:52,709 [pool-179-thread-1] INFO  server.RaftServerConfigKeys (ConfUtils.java:logGet(44)) - raft.server.log.queue.element-limit = 1024 (custom)
2020-05-27 19:49:52,709 [pool-179-thread-1] INFO  server.RaftServerConfigKeys (ConfUtils.java:logGet(44)) - raft.server.log.segment.size.max = 1048576 (custom)
2020-05-27 19:49:52,709 [pool-179-thread-1] INFO  server.RaftServerConfigKeys (ConfUtils.java:logGet(44)) - raft.server.log.preallocated.size = 16384 (custom)
2020-05-27 19:49:52,709 [pool-179-thread-1] INFO  server.RaftServerConfigKeys (ConfUtils.java:logGet(44)) - raft.server.log.write.buffer.size = 1048576 (custom)
2020-05-27 19:49:52,709 [pool-179-thread-1] INFO  server.RaftServerConfigKeys (ConfUtils.java:logGet(44)) - raft.server.log.force.sync.num = 128 (default)
2020-05-27 19:49:52,710 [pool-179-thread-1] INFO  server.RaftServerConfigKeys (ConfUtils.java:logGet(44)) - raft.server.log.statemachine.data.sync = true (default)
2020-05-27 19:49:52,710 [pool-179-thread-1] INFO  server.RaftServerConfigKeys (ConfUtils.java:logGet(44)) - raft.server.log.statemachine.data.sync.timeout = 10s (default)
2020-05-27 19:49:52,710 [pool-179-thread-1] INFO  server.RaftServerConfigKeys (ConfUtils.java:logGet(44)) - raft.server.log.statemachine.data.sync.timeout.retry = -1 (default)
2020-05-27 19:49:52,713 [pool-179-thread-1] INFO  server.RaftServerConfigKeys (ConfUtils.java:logGet(44)) - raft.server.log.statemachine.data.caching.enabled = true (custom)
2020-05-27 19:49:52,713 [pool-179-thread-1] INFO  segmented.SegmentedRaftLogWorker (SegmentedRaftLogWorker.java:lambda$new$0(129)) - 2249a830-3dc3-4d6a-99bf-b20cbb6e14c2@group-B617E0968A6D-SegmentedRaftLogWorker: flushIndex: setUnconditionally 0 -> -1
2020-05-27 19:49:52,714 [pool-179-thread-1] INFO  server.RaftServerConfigKeys (ConfUtils.java:logGet(44)) - raft.server.snapshot.auto.trigger.enabled = true (custom)
2020-05-27 19:49:52,714 [pool-179-thread-1] INFO  server.RaftServerConfigKeys (ConfUtils.java:logGet(44)) - raft.server.snapshot.auto.trigger.threshold = 10000 (custom)
2020-05-27 19:49:52,714 [pool-179-thread-1] INFO  server.RaftServerConfigKeys (ConfUtils.java:logGet(44)) - raft.server.snapshot.retention.file.num = 5 (custom)
2020-05-27 19:49:52,714 [pool-179-thread-1] INFO  server.RaftServerConfigKeys (ConfUtils.java:logGet(44)) - raft.server.log.purge.upto.snapshot.index = false (default)
2020-05-27 19:49:52,714 [pool-179-thread-1] INFO  server.RaftServerConfigKeys (ConfUtils.java:logGet(44)) - raft.server.retrycache.expirytime = 600000ms (custom)
2020-05-27 19:49:52,714 [pool-179-thread-1] INFO  metrics.RatisMetrics (RatisMetrics.java:lambda$create$0(39)) - Creating Metrics Registry : ratis.leader_election.2249a830-3dc3-4d6a-99bf-b20cbb6e14c2@group-B617E0968A6D
2020-05-27 19:49:52,715 [pool-179-thread-1] INFO  metrics.RatisMetrics (RatisMetrics.java:lambda$create$0(39)) - Creating Metrics Registry : ratis.server.2249a830-3dc3-4d6a-99bf-b20cbb6e14c2@group-B617E0968A6D
2020-05-27 19:49:52,717 [pool-179-thread-1] INFO  impl.RaftServerImpl (RaftServerImpl.java:start(184)) - 2249a830-3dc3-4d6a-99bf-b20cbb6e14c2@group-B617E0968A6D: start as a follower, conf=-1: [2249a830-3dc3-4d6a-99bf-b20cbb6e14c2:172.17.0.2:43245], old=null
2020-05-27 19:49:52,717 [pool-179-thread-1] INFO  impl.RaftServerImpl (RaftServerImpl.java:setRole(173)) - 2249a830-3dc3-4d6a-99bf-b20cbb6e14c2@group-B617E0968A6D: changes role from      null to FOLLOWER at term 0 for startAsFollower
2020-05-27 19:49:52,717 [pool-179-thread-1] INFO  impl.RoleInfo (RoleInfo.java:updateAndGet(143)) - 2249a830-3dc3-4d6a-99bf-b20cbb6e14c2: start FollowerState
2020-05-27 19:49:52,723 [pool-179-thread-1] INFO  util.JmxRegister (JmxRegister.java:tryRegister(44)) - Successfully registered JMX Bean with object name Ratis:service=RaftServer,group=group-B617E0968A6D,id=2249a830-3dc3-4d6a-99bf-b20cbb6e14c2
2020-05-27 19:49:52,723 [pool-179-thread-1] INFO  metrics.RatisMetrics (RatisMetrics.java:lambda$create$0(39)) - Creating Metrics Registry : ratis.state_machine.2249a830-3dc3-4d6a-99bf-b20cbb6e14c2@group-B617E0968A6D
2020-05-27 19:49:52,723 [EventQueue-PipelineReportForPipelineReportHandler] INFO  pipeline.PipelineStateManager (PipelineStateManager.java:openPipeline(131)) - Pipeline Pipeline[ Id: b80d94cb-4322-4727-b73e-b617e0968a6d, Nodes: 2249a830-3dc3-4d6a-99bf-b20cbb6e14c2{ip: 172.17.0.2, host: d78c3f676a41, networkLocation: /default-rack, certSerialId: null}, Type:RATIS, Factor:ONE, State:ALLOCATED, leaderId:2249a830-3dc3-4d6a-99bf-b20cbb6e14c2, CreationTimestamp2020-05-27T19:49:49.624Z] moved to OPEN state
2020-05-27 19:49:52,723 [EventQueue-OpenPipelineForHealthyPipelineSafeModeRule] INFO  safemode.SCMSafeModeManager (HealthyPipelineSafeModeRule.java:process(132)) - SCM in safe mode. Healthy pipelines reported count is 0, required healthy pipeline reported count is 1
2020-05-27 19:49:52,723 [EventQueue-OpenPipelineForOneReplicaPipelineSafeModeRule] INFO  safemode.SCMSafeModeManager (SCMSafeModeManager.java:validateSafeModeExitRules(213)) - AtleastOneDatanodeReportedRule rule is successfully validated
2020-05-27 19:49:52,726 [Command processor thread] INFO  commandhandler.CreatePipelineCommandHandler (CreatePipelineCommandHandler.java:handle(109)) - Created Pipeline RATIS ONE #id: "b80d94cb-4322-4727-b73e-b617e0968a6d"
.
2020-05-27 19:49:52,933 [Command processor thread] INFO  commandhandler.CreatePipelineCommandHandler (CreatePipelineCommandHandler.java:handle(109)) - Created Pipeline RATIS THREE #id: "8ade6f36-bcb4-426f-a0a0-6396f5342f23"
.
2020-05-27 19:49:52,971 [Command processor thread] INFO  commandhandler.CreatePipelineCommandHandler (CreatePipelineCommandHandler.java:handle(109)) - Created Pipeline RATIS THREE #id: "8ade6f36-bcb4-426f-a0a0-6396f5342f23"
.
2020-05-27 19:49:52,975 [Command processor thread] INFO  commandhandler.CreatePipelineCommandHandler (CreatePipelineCommandHandler.java:handle(109)) - Created Pipeline RATIS THREE #id: "d125cbeb-4fc9-47e5-974a-24711cf77bb7"
.
2020-05-27 19:49:52,981 [Command processor thread] INFO  commandhandler.CreatePipelineCommandHandler (CreatePipelineCommandHandler.java:handle(109)) - Created Pipeline RATIS THREE #id: "9ef361f0-27af-4cee-adcb-bd5830931e37"
.
2020-05-27 19:49:52,984 [Command processor thread] INFO  commandhandler.CreatePipelineCommandHandler (CreatePipelineCommandHandler.java:handle(109)) - Created Pipeline RATIS THREE #id: "8ade6f36-bcb4-426f-a0a0-6396f5342f23"
.
2020-05-27 19:49:52,986 [Command processor thread] INFO  commandhandler.CreatePipelineCommandHandler (CreatePipelineCommandHandler.java:handle(109)) - Created Pipeline RATIS THREE #id: "9ef361f0-27af-4cee-adcb-bd5830931e37"
.
2020-05-27 19:49:52,989 [Command processor thread] INFO  commandhandler.CreatePipelineCommandHandler (CreatePipelineCommandHandler.java:handle(109)) - Created Pipeline RATIS THREE #id: "d125cbeb-4fc9-47e5-974a-24711cf77bb7"
.
2020-05-27 19:49:52,992 [Command processor thread] INFO  commandhandler.CreatePipelineCommandHandler (CreatePipelineCommandHandler.java:handle(109)) - Created Pipeline RATIS THREE #id: "d125cbeb-4fc9-47e5-974a-24711cf77bb7"
.
2020-05-27 19:49:52,993 [Command processor thread] INFO  commandhandler.CreatePipelineCommandHandler (CreatePipelineCommandHandler.java:handle(109)) - Created Pipeline RATIS THREE #id: "9ef361f0-27af-4cee-adcb-bd5830931e37"
.
2020-05-27 19:49:53,618 [Listener at 127.0.0.1/39857] INFO  ozone.MiniOzoneClusterImpl (MiniOzoneClusterImpl.java:lambda$waitForClusterToBeReady$0(177)) - Nodes are ready. Got 10 of 10 DN Heartbeats.
2020-05-27 19:49:53,618 [Listener at 127.0.0.1/39857] INFO  ozone.MiniOzoneClusterImpl (MiniOzoneClusterImpl.java:lambda$waitForClusterToBeReady$0(180)) - Waiting for cluster to exit safe mode
2020-05-27 19:49:54,618 [Listener at 127.0.0.1/39857] INFO  ozone.MiniOzoneClusterImpl (MiniOzoneClusterImpl.java:lambda$waitForClusterToBeReady$0(177)) - Nodes are ready. Got 10 of 10 DN Heartbeats.
2020-05-27 19:49:54,619 [Listener at 127.0.0.1/39857] INFO  ozone.MiniOzoneClusterImpl (MiniOzoneClusterImpl.java:lambda$waitForClusterToBeReady$0(180)) - Waiting for cluster to exit safe mode
2020-05-27 19:49:55,619 [Listener at 127.0.0.1/39857] INFO  ozone.MiniOzoneClusterImpl (MiniOzoneClusterImpl.java:lambda$waitForClusterToBeReady$0(177)) - Nodes are ready. Got 10 of 10 DN Heartbeats.
2020-05-27 19:49:55,619 [Listener at 127.0.0.1/39857] INFO  ozone.MiniOzoneClusterImpl (MiniOzoneClusterImpl.java:lambda$waitForClusterToBeReady$0(180)) - Waiting for cluster to exit safe mode
2020-05-27 19:49:56,619 [Listener at 127.0.0.1/39857] INFO  ozone.MiniOzoneClusterImpl (MiniOzoneClusterImpl.java:lambda$waitForClusterToBeReady$0(177)) - Nodes are ready. Got 10 of 10 DN Heartbeats.
2020-05-27 19:49:56,619 [Listener at 127.0.0.1/39857] INFO  ozone.MiniOzoneClusterImpl (MiniOzoneClusterImpl.java:lambda$waitForClusterToBeReady$0(180)) - Waiting for cluster to exit safe mode
2020-05-27 19:49:57,011 [Thread-271] INFO  impl.FollowerState (FollowerState.java:run(108)) - af513c94-01c3-4855-98d9-113503fe5dde@group-70ADC2BBB336-FollowerState: change to CANDIDATE, lastRpcTime:5047ms, electionTimeout:5015ms
2020-05-27 19:49:57,014 [Thread-271] INFO  impl.RoleInfo (RoleInfo.java:shutdownFollowerState(121)) - af513c94-01c3-4855-98d9-113503fe5dde: shutdown FollowerState
2020-05-27 19:49:57,014 [Thread-271] INFO  impl.RaftServerImpl (RaftServerImpl.java:setRole(173)) - af513c94-01c3-4855-98d9-113503fe5dde@group-70ADC2BBB336: changes role from  FOLLOWER to CANDIDATE at term 0 for changeToCandidate
2020-05-27 19:49:57,016 [Thread-271] INFO  impl.RoleInfo (RoleInfo.java:updateAndGet(143)) - af513c94-01c3-4855-98d9-113503fe5dde: start LeaderElection
2020-05-27 19:49:57,026 [af513c94-01c3-4855-98d9-113503fe5dde@group-70ADC2BBB336-LeaderElection1] INFO  impl.LeaderElection (LeaderElection.java:askForVotes(206)) - af513c94-01c3-4855-98d9-113503fe5dde@group-70ADC2BBB336-LeaderElection1: begin an election at term 1 for -1: [af513c94-01c3-4855-98d9-113503fe5dde:172.17.0.2:38851], old=null
2020-05-27 19:49:57,027 [af513c94-01c3-4855-98d9-113503fe5dde@group-70ADC2BBB336-LeaderElection1] INFO  impl.RoleInfo (RoleInfo.java:shutdownLeaderElection(134)) - af513c94-01c3-4855-98d9-113503fe5dde: shutdown LeaderElection
2020-05-27 19:49:57,028 [af513c94-01c3-4855-98d9-113503fe5dde@group-70ADC2BBB336-LeaderElection1] INFO  impl.RaftServerImpl (RaftServerImpl.java:setRole(173)) - af513c94-01c3-4855-98d9-113503fe5dde@group-70ADC2BBB336: changes role from CANDIDATE to LEADER at term 1 for changeToLeader
2020-05-27 19:49:57,028 [af513c94-01c3-4855-98d9-113503fe5dde@group-70ADC2BBB336-LeaderElection1] INFO  ratis.XceiverServerRatis (XceiverServerRatis.java:handleLeaderChangedNotification(762)) - Leader change notification received for group: group-70ADC2BBB336 with new leaderId: af513c94-01c3-4855-98d9-113503fe5dde
2020-05-27 19:49:57,028 [af513c94-01c3-4855-98d9-113503fe5dde@group-70ADC2BBB336-LeaderElection1] INFO  impl.RaftServerImpl (ServerState.java:setLeader(255)) - af513c94-01c3-4855-98d9-113503fe5dde@group-70ADC2BBB336: change Leader from null to af513c94-01c3-4855-98d9-113503fe5dde at term 1 for becomeLeader, leader elected after 5232ms
2020-05-27 19:49:57,032 [af513c94-01c3-4855-98d9-113503fe5dde@group-70ADC2BBB336-LeaderElection1] INFO  server.RaftServerConfigKeys (ConfUtils.java:logGet(44)) - raft.server.staging.catchup.gap = 1000 (default)
2020-05-27 19:49:57,032 [af513c94-01c3-4855-98d9-113503fe5dde@group-70ADC2BBB336-LeaderElection1] INFO  server.RaftServerConfigKeys (ConfUtils.java:logGet(44)) - raft.server.rpc.sleep.time = 25ms (default)
2020-05-27 19:49:57,034 [af513c94-01c3-4855-98d9-113503fe5dde@group-70ADC2BBB336-LeaderElection1] INFO  metrics.RatisMetrics (RatisMetrics.java:lambda$create$0(39)) - Creating Metrics Registry : ratis.log_appender.af513c94-01c3-4855-98d9-113503fe5dde@group-70ADC2BBB336
2020-05-27 19:49:57,036 [af513c94-01c3-4855-98d9-113503fe5dde@group-70ADC2BBB336-LeaderElection1] INFO  server.RaftServerConfigKeys (ConfUtils.java:logGet(44)) - raft.server.write.element-limit = 1024 (custom)
2020-05-27 19:49:57,036 [af513c94-01c3-4855-98d9-113503fe5dde@group-70ADC2BBB336-LeaderElection1] INFO  server.RaftServerConfigKeys (ConfUtils.java:logGet(44)) - raft.server.write.byte-limit = 1073741824 (custom)
2020-05-27 19:49:57,042 [af513c94-01c3-4855-98d9-113503fe5dde@group-70ADC2BBB336-LeaderElection1] INFO  server.RaftServerConfigKeys (ConfUtils.java:logGet(44)) - raft.server.watch.timeout = 180s (custom)
2020-05-27 19:49:57,042 [af513c94-01c3-4855-98d9-113503fe5dde@group-70ADC2BBB336-LeaderElection1] INFO  server.RaftServerConfigKeys (ConfUtils.java:logGet(44)) - raft.server.watch.timeout.denomination = 1s (default)
2020-05-27 19:49:57,043 [af513c94-01c3-4855-98d9-113503fe5dde@group-70ADC2BBB336-LeaderElection1] INFO  server.RaftServerConfigKeys (ConfUtils.java:logGet(44)) - raft.server.watch.element-limit = 65536 (default)
2020-05-27 19:49:57,049 [af513c94-01c3-4855-98d9-113503fe5dde@group-70ADC2BBB336-LeaderElection1] INFO  impl.RoleInfo (RoleInfo.java:updateAndGet(143)) - af513c94-01c3-4855-98d9-113503fe5dde: start LeaderState
2020-05-27 19:49:57,065 [af513c94-01c3-4855-98d9-113503fe5dde@group-70ADC2BBB336-LeaderElection1] INFO  segmented.SegmentedRaftLogWorker (SegmentedRaftLogWorker.java:startLogSegment(391)) - af513c94-01c3-4855-98d9-113503fe5dde@group-70ADC2BBB336-SegmentedRaftLogWorker: Starting segment from index:0
2020-05-27 19:49:57,081 [af513c94-01c3-4855-98d9-113503fe5dde@group-70ADC2BBB336-LeaderElection1] INFO  impl.RaftServerImpl (ServerState.java:setRaftConf(356)) - af513c94-01c3-4855-98d9-113503fe5dde@group-70ADC2BBB336: set configuration 0: [af513c94-01c3-4855-98d9-113503fe5dde:172.17.0.2:38851], old=null at 0
2020-05-27 19:49:57,153 [Thread-270] INFO  impl.FollowerState (FollowerState.java:run(108)) - 11818299-8fcf-4dd1-9a9c-009f994fa618@group-D5F6DE7A92EC-FollowerState: change to CANDIDATE, lastRpcTime:5197ms, electionTimeout:5181ms
2020-05-27 19:49:57,155 [Thread-270] INFO  impl.RoleInfo (RoleInfo.java:shutdownFollowerState(121)) - 11818299-8fcf-4dd1-9a9c-009f994fa618: shutdown FollowerState
2020-05-27 19:49:57,155 [Thread-270] INFO  impl.RaftServerImpl (RaftServerImpl.java:setRole(173)) - 11818299-8fcf-4dd1-9a9c-009f994fa618@group-D5F6DE7A92EC: changes role from  FOLLOWER to CANDIDATE at term 0 for changeToCandidate
2020-05-27 19:49:57,155 [Thread-270] INFO  impl.RoleInfo (RoleInfo.java:updateAndGet(143)) - 11818299-8fcf-4dd1-9a9c-009f994fa618: start LeaderElection
2020-05-27 19:49:57,164 [af513c94-01c3-4855-98d9-113503fe5dde@group-70ADC2BBB336-SegmentedRaftLogWorker] INFO  segmented.SegmentedRaftLogWorker (SegmentedRaftLogWorker.java:execute(583)) - af513c94-01c3-4855-98d9-113503fe5dde@group-70ADC2BBB336-SegmentedRaftLogWorker: created new log segment /github/workspace/mnt/ozone/hadoop-ozone/integration-test/target/test-dir/MiniOzoneClusterImpl-087f03cc-a5a8-466d-ba79-9ca00bc8af49/datanode-0/data/ratis/01be4b59-a64c-43bf-8c26-70adc2bbb336/current/log_inprogress_0
2020-05-27 19:49:57,170 [11818299-8fcf-4dd1-9a9c-009f994fa618@group-D5F6DE7A92EC-LeaderElection2] INFO  impl.LeaderElection (LeaderElection.java:askForVotes(206)) - 11818299-8fcf-4dd1-9a9c-009f994fa618@group-D5F6DE7A92EC-LeaderElection2: begin an election at term 1 for -1: [11818299-8fcf-4dd1-9a9c-009f994fa618:172.17.0.2:36841], old=null
2020-05-27 19:49:57,171 [11818299-8fcf-4dd1-9a9c-009f994fa618@group-D5F6DE7A92EC-LeaderElection2] INFO  impl.RoleInfo (RoleInfo.java:shutdownLeaderElection(134)) - 11818299-8fcf-4dd1-9a9c-009f994fa618: shutdown LeaderElection
2020-05-27 19:49:57,171 [11818299-8fcf-4dd1-9a9c-009f994fa618@group-D5F6DE7A92EC-LeaderElection2] INFO  impl.RaftServerImpl (RaftServerImpl.java:setRole(173)) - 11818299-8fcf-4dd1-9a9c-009f994fa618@group-D5F6DE7A92EC: changes role from CANDIDATE to LEADER at term 1 for changeToLeader
2020-05-27 19:49:57,171 [11818299-8fcf-4dd1-9a9c-009f994fa618@group-D5F6DE7A92EC-LeaderElection2] INFO  ratis.XceiverServerRatis (XceiverServerRatis.java:handleLeaderChangedNotification(762)) - Leader change notification received for group: group-D5F6DE7A92EC with new leaderId: 11818299-8fcf-4dd1-9a9c-009f994fa618
2020-05-27 19:49:57,172 [11818299-8fcf-4dd1-9a9c-009f994fa618@group-D5F6DE7A92EC-LeaderElection2] INFO  impl.RaftServerImpl (ServerState.java:setLeader(255)) - 11818299-8fcf-4dd1-9a9c-009f994fa618@group-D5F6DE7A92EC: change Leader from null to 11818299-8fcf-4dd1-9a9c-009f994fa618 at term 1 for becomeLeader, leader elected after 5296ms
2020-05-27 19:49:57,172 [11818299-8fcf-4dd1-9a9c-009f994fa618@group-D5F6DE7A92EC-LeaderElection2] INFO  server.RaftServerConfigKeys (ConfUtils.java:logGet(44)) - raft.server.staging.catchup.gap = 1000 (default)
2020-05-27 19:49:57,172 [11818299-8fcf-4dd1-9a9c-009f994fa618@group-D5F6DE7A92EC-LeaderElection2] INFO  server.RaftServerConfigKeys (ConfUtils.java:logGet(44)) - raft.server.rpc.sleep.time = 25ms (default)
2020-05-27 19:49:57,172 [11818299-8fcf-4dd1-9a9c-009f994fa618@group-D5F6DE7A92EC-LeaderElection2] INFO  metrics.RatisMetrics (RatisMetrics.java:lambda$create$0(39)) - Creating Metrics Registry : ratis.log_appender.11818299-8fcf-4dd1-9a9c-009f994fa618@group-D5F6DE7A92EC
2020-05-27 19:49:57,172 [11818299-8fcf-4dd1-9a9c-009f994fa618@group-D5F6DE7A92EC-LeaderElection2] INFO  server.RaftServerConfigKeys (ConfUtils.java:logGet(44)) - raft.server.write.element-limit = 1024 (custom)
2020-05-27 19:49:57,172 [11818299-8fcf-4dd1-9a9c-009f994fa618@group-D5F6DE7A92EC-LeaderElection2] INFO  server.RaftServerConfigKeys (ConfUtils.java:logGet(44)) - raft.server.write.byte-limit = 1073741824 (custom)
2020-05-27 19:49:57,173 [11818299-8fcf-4dd1-9a9c-009f994fa618@group-D5F6DE7A92EC-LeaderElection2] INFO  server.RaftServerConfigKeys (ConfUtils.java:logGet(44)) - raft.server.watch.timeout = 180s (custom)
2020-05-27 19:49:57,173 [11818299-8fcf-4dd1-9a9c-009f994fa618@group-D5F6DE7A92EC-LeaderElection2] INFO  server.RaftServerConfigKeys (ConfUtils.java:logGet(44)) - raft.server.watch.timeout.denomination = 1s (default)
2020-05-27 19:49:57,173 [11818299-8fcf-4dd1-9a9c-009f994fa618@group-D5F6DE7A92EC-LeaderElection2] INFO  server.RaftServerConfigKeys (ConfUtils.java:logGet(44)) - raft.server.watch.element-limit = 65536 (default)
2020-05-27 19:49:57,173 [11818299-8fcf-4dd1-9a9c-009f994fa618@group-D5F6DE7A92EC-LeaderElection2] INFO  impl.RoleInfo (RoleInfo.java:updateAndGet(143)) - 11818299-8fcf-4dd1-9a9c-009f994fa618: start LeaderState
2020-05-27 19:49:57,173 [11818299-8fcf-4dd1-9a9c-009f994fa618@group-D5F6DE7A92EC-LeaderElection2] INFO  segmented.SegmentedRaftLogWorker (SegmentedRaftLogWorker.java:startLogSegment(391)) - 11818299-8fcf-4dd1-9a9c-009f994fa618@group-D5F6DE7A92EC-SegmentedRaftLogWorker: Starting segment from index:0
2020-05-27 19:49:57,175 [11818299-8fcf-4dd1-9a9c-009f994fa618@group-D5F6DE7A92EC-SegmentedRaftLogWorker] INFO  segmented.SegmentedRaftLogWorker (SegmentedRaftLogWorker.java:execute(583)) - 11818299-8fcf-4dd1-9a9c-009f994fa618@group-D5F6DE7A92EC-SegmentedRaftLogWorker: created new log segment /github/workspace/mnt/ozone/hadoop-ozone/integration-test/target/test-dir/MiniOzoneClusterImpl-087f03cc-a5a8-466d-ba79-9ca00bc8af49/datanode-1/data/ratis/0bda8d4f-a7bc-45ac-adc1-d5f6de7a92ec/current/log_inprogress_0
2020-05-27 19:49:57,181 [11818299-8fcf-4dd1-9a9c-009f994fa618@group-D5F6DE7A92EC-LeaderElection2] INFO  impl.RaftServerImpl (ServerState.java:setRaftConf(356)) - 11818299-8fcf-4dd1-9a9c-009f994fa618@group-D5F6DE7A92EC: set configuration 0: [11818299-8fcf-4dd1-9a9c-009f994fa618:172.17.0.2:36841], old=null at 0
2020-05-27 19:49:57,215 [Thread-277] INFO  impl.FollowerState (FollowerState.java:run(108)) - 1c4024eb-e8ae-4853-a4fd-b82bf2e3801f@group-9B7FD9591DB0-FollowerState: change to CANDIDATE, lastRpcTime:5140ms, electionTimeout:5132ms
2020-05-27 19:49:57,215 [Thread-277] INFO  impl.RoleInfo (RoleInfo.java:shutdownFollowerState(121)) - 1c4024eb-e8ae-4853-a4fd-b82bf2e3801f: shutdown FollowerState
2020-05-27 19:49:57,215 [Thread-277] INFO  impl.RaftServerImpl (RaftServerImpl.java:setRole(173)) - 1c4024eb-e8ae-4853-a4fd-b82bf2e3801f@group-9B7FD9591DB0: changes role from  FOLLOWER to CANDIDATE at term 0 for changeToCandidate
2020-05-27 19:49:57,215 [Thread-277] INFO  impl.RoleInfo (RoleInfo.java:updateAndGet(143)) - 1c4024eb-e8ae-4853-a4fd-b82bf2e3801f: start LeaderElection
2020-05-27 19:49:57,218 [1c4024eb-e8ae-4853-a4fd-b82bf2e3801f@group-9B7FD9591DB0-LeaderElection3] INFO  impl.LeaderElection (LeaderElection.java:askForVotes(206)) - 1c4024eb-e8ae-4853-a4fd-b82bf2e3801f@group-9B7FD9591DB0-LeaderElection3: begin an election at term 1 for -1: [1c4024eb-e8ae-4853-a4fd-b82bf2e3801f:172.17.0.2:36233], old=null
2020-05-27 19:49:57,219 [1c4024eb-e8ae-4853-a4fd-b82bf2e3801f@group-9B7FD9591DB0-LeaderElection3] INFO  impl.RoleInfo (RoleInfo.java:shutdownLeaderElection(134)) - 1c4024eb-e8ae-4853-a4fd-b82bf2e3801f: shutdown LeaderElection
2020-05-27 19:49:57,219 [1c4024eb-e8ae-4853-a4fd-b82bf2e3801f@group-9B7FD9591DB0-LeaderElection3] INFO  impl.RaftServerImpl (RaftServerImpl.java:setRole(173)) - 1c4024eb-e8ae-4853-a4fd-b82bf2e3801f@group-9B7FD9591DB0: changes role from CANDIDATE to LEADER at term 1 for changeToLeader
2020-05-27 19:49:57,219 [1c4024eb-e8ae-4853-a4fd-b82bf2e3801f@group-9B7FD9591DB0-LeaderElection3] INFO  ratis.XceiverServerRatis (XceiverServerRatis.java:handleLeaderChangedNotification(762)) - Leader change notification received for group: group-9B7FD9591DB0 with new leaderId: 1c4024eb-e8ae-4853-a4fd-b82bf2e3801f
2020-05-27 19:49:57,219 [1c4024eb-e8ae-4853-a4fd-b82bf2e3801f@group-9B7FD9591DB0-LeaderElection3] INFO  impl.RaftServerImpl (ServerState.java:setLeader(255)) - 1c4024eb-e8ae-4853-a4fd-b82bf2e3801f@group-9B7FD9591DB0: change Leader from null to 1c4024eb-e8ae-4853-a4fd-b82bf2e3801f at term 1 for becomeLeader, leader elected after 5158ms
2020-05-27 19:49:57,219 [1c4024eb-e8ae-4853-a4fd-b82bf2e3801f@group-9B7FD9591DB0-LeaderElection3] INFO  server.RaftServerConfigKeys (ConfUtils.java:logGet(44)) - raft.server.staging.catchup.gap = 1000 (default)
2020-05-27 19:49:57,219 [1c4024eb-e8ae-4853-a4fd-b82bf2e3801f@group-9B7FD9591DB0-LeaderElection3] INFO  server.RaftServerConfigKeys (ConfUtils.java:logGet(44)) - raft.server.rpc.sleep.time = 25ms (default)
2020-05-27 19:49:57,219 [1c4024eb-e8ae-4853-a4fd-b82bf2e3801f@group-9B7FD9591DB0-LeaderElection3] INFO  metrics.RatisMetrics (RatisMetrics.java:lambda$create$0(39)) - Creating Metrics Registry : ratis.log_appender.1c4024eb-e8ae-4853-a4fd-b82bf2e3801f@group-9B7FD9591DB0
2020-05-27 19:49:57,219 [1c4024eb-e8ae-4853-a4fd-b82bf2e3801f@group-9B7FD9591DB0-LeaderElection3] INFO  server.RaftServerConfigKeys (ConfUtils.java:logGet(44)) - raft.server.write.element-limit = 1024 (custom)
2020-05-27 19:49:57,220 [1c4024eb-e8ae-4853-a4fd-b82bf2e3801f@group-9B7FD9591DB0-LeaderElection3] INFO  server.RaftServerConfigKeys (ConfUtils.java:logGet(44)) - raft.server.write.byte-limit = 1073741824 (custom)
2020-05-27 19:49:57,220 [1c4024eb-e8ae-4853-a4fd-b82bf2e3801f@group-9B7FD9591DB0-LeaderElection3] INFO  server.RaftServerConfigKeys (ConfUtils.java:logGet(44)) - raft.server.watch.timeout = 180s (custom)
2020-05-27 19:49:57,220 [1c4024eb-e8ae-4853-a4fd-b82bf2e3801f@group-9B7FD9591DB0-LeaderElection3] INFO  server.RaftServerConfigKeys (ConfUtils.java:logGet(44)) - raft.server.watch.timeout.denomination = 1s (default)
2020-05-27 19:49:57,220 [1c4024eb-e8ae-4853-a4fd-b82bf2e3801f@group-9B7FD9591DB0-LeaderElection3] INFO  server.RaftServerConfigKeys (ConfUtils.java:logGet(44)) - raft.server.watch.element-limit = 65536 (default)
2020-05-27 19:49:57,221 [1c4024eb-e8ae-4853-a4fd-b82bf2e3801f@group-9B7FD9591DB0-LeaderElection3] INFO  impl.RoleInfo (RoleInfo.java:updateAndGet(143)) - 1c4024eb-e8ae-4853-a4fd-b82bf2e3801f: start LeaderState
2020-05-27 19:49:57,221 [1c4024eb-e8ae-4853-a4fd-b82bf2e3801f@group-9B7FD9591DB0-LeaderElection3] INFO  segmented.SegmentedRaftLogWorker (SegmentedRaftLogWorker.java:startLogSegment(391)) - 1c4024eb-e8ae-4853-a4fd-b82bf2e3801f@group-9B7FD9591DB0-SegmentedRaftLogWorker: Starting segment from index:0
2020-05-27 19:49:57,222 [1c4024eb-e8ae-4853-a4fd-b82bf2e3801f@group-9B7FD9591DB0-LeaderElection3] INFO  impl.RaftServerImpl (ServerState.java:setRaftConf(356)) - 1c4024eb-e8ae-4853-a4fd-b82bf2e3801f@group-9B7FD9591DB0: set configuration 0: [1c4024eb-e8ae-4853-a4fd-b82bf2e3801f:172.17.0.2:36233], old=null at 0
2020-05-27 19:49:57,223 [1c4024eb-e8ae-4853-a4fd-b82bf2e3801f@group-9B7FD9591DB0-SegmentedRaftLogWorker] INFO  segmented.SegmentedRaftLogWorker (SegmentedRaftLogWorker.java:execute(583)) - 1c4024eb-e8ae-4853-a4fd-b82bf2e3801f@group-9B7FD9591DB0-SegmentedRaftLogWorker: created new log segment /github/workspace/mnt/ozone/hadoop-ozone/integration-test/target/test-dir/MiniOzoneClusterImpl-087f03cc-a5a8-466d-ba79-9ca00bc8af49/datanode-2/data/ratis/2c179cbd-708b-4479-9218-9b7fd9591db0/current/log_inprogress_0
2020-05-27 19:49:57,223 [Thread-273] INFO  impl.FollowerState (FollowerState.java:run(108)) - af513c94-01c3-4855-98d9-113503fe5dde@group-BD5830931E37-FollowerState: change to CANDIDATE, lastRpcTime:5206ms, electionTimeout:5195ms
2020-05-27 19:49:57,224 [Thread-273] INFO  impl.RoleInfo (RoleInfo.java:shutdownFollowerState(121)) - af513c94-01c3-4855-98d9-113503fe5dde: shutdown FollowerState
2020-05-27 19:49:57,224 [Thread-273] INFO  impl.RaftServerImpl (RaftServerImpl.java:setRole(173)) - af513c94-01c3-4855-98d9-113503fe5dde@group-BD5830931E37: changes role from  FOLLOWER to CANDIDATE at term 0 for changeToCandidate
2020-05-27 19:49:57,224 [Thread-273] INFO  impl.RoleInfo (RoleInfo.java:updateAndGet(143)) - af513c94-01c3-4855-98d9-113503fe5dde: start LeaderElection
2020-05-27 19:49:57,227 [af513c94-01c3-4855-98d9-113503fe5dde@group-BD5830931E37-LeaderElection4] INFO  impl.LeaderElection (LeaderElection.java:askForVotes(206)) - af513c94-01c3-4855-98d9-113503fe5dde@group-BD5830931E37-LeaderElection4: begin an election at term 1 for -1: [11818299-8fcf-4dd1-9a9c-009f994fa618:172.17.0.2:36841, 1c4024eb-e8ae-4853-a4fd-b82bf2e3801f:172.17.0.2:36233, af513c94-01c3-4855-98d9-113503fe5dde:172.17.0.2:38851], old=null
2020-05-27 19:49:57,233 [Thread-275] INFO  impl.FollowerState (FollowerState.java:run(108)) - 11818299-8fcf-4dd1-9a9c-009f994fa618@group-BD5830931E37-FollowerState: change to CANDIDATE, lastRpcTime:5181ms, electionTimeout:5179ms
2020-05-27 19:49:57,233 [Thread-275] INFO  impl.RoleInfo (RoleInfo.java:shutdownFollowerState(121)) - 11818299-8fcf-4dd1-9a9c-009f994fa618: shutdown FollowerState
2020-05-27 19:49:57,233 [Thread-275] INFO  impl.RaftServerImpl (RaftServerImpl.java:setRole(173)) - 11818299-8fcf-4dd1-9a9c-009f994fa618@group-BD5830931E37: changes role from  FOLLOWER to CANDIDATE at term 0 for changeToCandidate
2020-05-27 19:49:57,233 [Thread-275] INFO  impl.RoleInfo (RoleInfo.java:updateAndGet(143)) - 11818299-8fcf-4dd1-9a9c-009f994fa618: start LeaderElection
2020-05-27 19:49:57,244 [Thread-285] INFO  impl.FollowerState (FollowerState.java:run(108)) - 2688bacc-2ecf-4914-892d-45c47335b8b0@group-7B2921E3A2AA-FollowerState: change to CANDIDATE, lastRpcTime:5006ms, electionTimeout:5001ms
2020-05-27 19:49:57,244 [Thread-285] INFO  impl.RoleInfo (RoleInfo.java:shutdownFollowerState(121)) - 2688bacc-2ecf-4914-892d-45c47335b8b0: shutdown FollowerState
2020-05-27 19:49:57,244 [Thread-285] INFO  impl.RaftServerImpl (RaftServerImpl.java:setRole(173)) - 2688bacc-2ecf-4914-892d-45c47335b8b0@group-7B2921E3A2AA: changes role from  FOLLOWER to CANDIDATE at term 0 for changeToCandidate
2020-05-27 19:49:57,244 [Thread-285] INFO  impl.RoleInfo (RoleInfo.java:updateAndGet(143)) - 2688bacc-2ecf-4914-892d-45c47335b8b0: start LeaderElection
2020-05-27 19:49:57,249 [Thread-281] INFO  impl.FollowerState (FollowerState.java:run(108)) - 87450af1-8bb1-47ca-8fff-c762ff1b8a7d@group-4967BDBECD9D-FollowerState: change to CANDIDATE, lastRpcTime:5072ms, electionTimeout:5062ms
2020-05-27 19:49:57,249 [Thread-281] INFO  impl.RoleInfo (RoleInfo.java:shutdownFollowerState(121)) - 87450af1-8bb1-47ca-8fff-c762ff1b8a7d: shutdown FollowerState
2020-05-27 19:49:57,249 [Thread-281] INFO  impl.RaftServerImpl (RaftServerImpl.java:setRole(173)) - 87450af1-8bb1-47ca-8fff-c762ff1b8a7d@group-4967BDBECD9D: changes role from  FOLLOWER to CANDIDATE at term 0 for changeToCandidate
2020-05-27 19:49:57,249 [Thread-281] INFO  impl.RoleInfo (RoleInfo.java:updateAndGet(143)) - 87450af1-8bb1-47ca-8fff-c762ff1b8a7d: start LeaderElection
2020-05-27 19:49:57,258 [grpc-default-executor-5] INFO  impl.RaftServerImpl (RaftServerImpl.java:setRole(173)) - 1c4024eb-e8ae-4853-a4fd-b82bf2e3801f@group-BD5830931E37: changes role from  FOLLOWER to FOLLOWER at term 1 for recognizeCandidate:af513c94-01c3-4855-98d9-113503fe5dde
2020-05-27 19:49:57,258 [grpc-default-executor-5] INFO  impl.RoleInfo (RoleInfo.java:shutdownFollowerState(121)) - 1c4024eb-e8ae-4853-a4fd-b82bf2e3801f: shutdown FollowerState
2020-05-27 19:49:57,258 [grpc-default-executor-5] INFO  impl.RoleInfo (RoleInfo.java:updateAndGet(143)) - 1c4024eb-e8ae-4853-a4fd-b82bf2e3801f: start FollowerState
2020-05-27 19:49:57,259 [Thread-279] INFO  impl.FollowerState (FollowerState.java:run(117)) - 1c4024eb-e8ae-4853-a4fd-b82bf2e3801f@group-BD5830931E37-FollowerState was interrupted: java.lang.InterruptedException: sleep interrupted
2020-05-27 19:49:57,259 [grpc-default-executor-0] INFO  impl.RaftServerImpl (RaftServerImpl.java:setRole(173)) - 11818299-8fcf-4dd1-9a9c-009f994fa618@group-BD5830931E37: changes role from CANDIDATE to FOLLOWER at term 1 for recognizeCandidate:af513c94-01c3-4855-98d9-113503fe5dde
2020-05-27 19:49:57,259 [grpc-default-executor-0] INFO  impl.RoleInfo (RoleInfo.java:shutdownLeaderElection(134)) - 11818299-8fcf-4dd1-9a9c-009f994fa618: shutdown LeaderElection
2020-05-27 19:49:57,260 [2688bacc-2ecf-4914-892d-45c47335b8b0@group-7B2921E3A2AA-LeaderElection6] INFO  impl.LeaderElection (LeaderElection.java:askForVotes(206)) - 2688bacc-2ecf-4914-892d-45c47335b8b0@group-7B2921E3A2AA-LeaderElection6: begin an election at term 1 for -1: [2688bacc-2ecf-4914-892d-45c47335b8b0:172.17.0.2:36383], old=null
2020-05-27 19:49:57,260 [2688bacc-2ecf-4914-892d-45c47335b8b0@group-7B2921E3A2AA-LeaderElection6] INFO  impl.RoleInfo (RoleInfo.java:shutdownLeaderElection(134)) - 2688bacc-2ecf-4914-892d-45c47335b8b0: shutdown LeaderElection
2020-05-27 19:49:57,260 [2688bacc-2ecf-4914-892d-45c47335b8b0@group-7B2921E3A2AA-LeaderElection6] INFO  impl.RaftServerImpl (RaftServerImpl.java:setRole(173)) - 2688bacc-2ecf-4914-892d-45c47335b8b0@group-7B2921E3A2AA: changes role from CANDIDATE to LEADER at term 1 for changeToLeader
2020-05-27 19:49:57,260 [2688bacc-2ecf-4914-892d-45c47335b8b0@group-7B2921E3A2AA-LeaderElection6] INFO  ratis.XceiverServerRatis (XceiverServerRatis.java:handleLeaderChangedNotification(762)) - Leader change notification received for group: group-7B2921E3A2AA with new leaderId: 2688bacc-2ecf-4914-892d-45c47335b8b0
2020-05-27 19:49:57,265 [2688bacc-2ecf-4914-892d-45c47335b8b0@group-7B2921E3A2AA-LeaderElection6] INFO  impl.RaftServerImpl (ServerState.java:setLeader(255)) - 2688bacc-2ecf-4914-892d-45c47335b8b0@group-7B2921E3A2AA: change Leader from null to 2688bacc-2ecf-4914-892d-45c47335b8b0 at term 1 for becomeLeader, leader elected after 5058ms
2020-05-27 19:49:57,265 [2688bacc-2ecf-4914-892d-45c47335b8b0@group-7B2921E3A2AA-LeaderElection6] INFO  server.RaftServerConfigKeys (ConfUtils.java:logGet(44)) - raft.server.staging.catchup.gap = 1000 (default)
2020-05-27 19:49:57,265 [2688bacc-2ecf-4914-892d-45c47335b8b0@group-7B2921E3A2AA-LeaderElection6] INFO  server.RaftServerConfigKeys (ConfUtils.java:logGet(44)) - raft.server.rpc.sleep.time = 25ms (default)
2020-05-27 19:49:57,265 [2688bacc-2ecf-4914-892d-45c47335b8b0@group-7B2921E3A2AA-LeaderElection6] INFO  metrics.RatisMetrics (RatisMetrics.java:lambda$create$0(39)) - Creating Metrics Registry : ratis.log_appender.2688bacc-2ecf-4914-892d-45c47335b8b0@group-7B2921E3A2AA
2020-05-27 19:49:57,266 [2688bacc-2ecf-4914-892d-45c47335b8b0@group-7B2921E3A2AA-LeaderElection6] INFO  server.RaftServerConfigKeys (ConfUtils.java:logGet(44)) - raft.server.write.element-limit = 1024 (custom)
2020-05-27 19:49:57,266 [2688bacc-2ecf-4914-892d-45c47335b8b0@group-7B2921E3A2AA-LeaderElection6] INFO  server.RaftServerConfigKeys (ConfUtils.java:logGet(44)) - raft.server.write.byte-limit = 1073741824 (custom)
2020-05-27 19:49:57,266 [2688bacc-2ecf-4914-892d-45c47335b8b0@group-7B2921E3A2AA-LeaderElection6] INFO  server.RaftServerConfigKeys (ConfUtils.java:logGet(44)) - raft.server.watch.timeout = 180s (custom)
2020-05-27 19:49:57,266 [2688bacc-2ecf-4914-892d-45c47335b8b0@group-7B2921E3A2AA-LeaderElection6] INFO  server.RaftServerConfigKeys (ConfUtils.java:logGet(44)) - raft.server.watch.timeout.denomination = 1s (default)
2020-05-27 19:49:57,266 [2688bacc-2ecf-4914-892d-45c47335b8b0@group-7B2921E3A2AA-LeaderElection6] INFO  server.RaftServerConfigKeys (ConfUtils.java:logGet(44)) - raft.server.watch.element-limit = 65536 (default)
2020-05-27 19:49:57,266 [2688bacc-2ecf-4914-892d-45c47335b8b0@group-7B2921E3A2AA-LeaderElection6] INFO  impl.RoleInfo (RoleInfo.java:updateAndGet(143)) - 2688bacc-2ecf-4914-892d-45c47335b8b0: start LeaderState
2020-05-27 19:49:57,267 [2688bacc-2ecf-4914-892d-45c47335b8b0@group-7B2921E3A2AA-LeaderElection6] INFO  segmented.SegmentedRaftLogWorker (SegmentedRaftLogWorker.java:startLogSegment(391)) - 2688bacc-2ecf-4914-892d-45c47335b8b0@group-7B2921E3A2AA-SegmentedRaftLogWorker: Starting segment from index:0
2020-05-27 19:49:57,270 [2688bacc-2ecf-4914-892d-45c47335b8b0@group-7B2921E3A2AA-LeaderElection6] INFO  impl.RaftServerImpl (ServerState.java:setRaftConf(356)) - 2688bacc-2ecf-4914-892d-45c47335b8b0@group-7B2921E3A2AA: set configuration 0: [2688bacc-2ecf-4914-892d-45c47335b8b0:172.17.0.2:36383], old=null at 0
2020-05-27 19:49:57,271 [grpc-default-executor-0] INFO  impl.RoleInfo (RoleInfo.java:updateAndGet(143)) - 11818299-8fcf-4dd1-9a9c-009f994fa618: start FollowerState
2020-05-27 19:49:57,271 [2688bacc-2ecf-4914-892d-45c47335b8b0@group-7B2921E3A2AA-SegmentedRaftLogWorker] INFO  segmented.SegmentedRaftLogWorker (SegmentedRaftLogWorker.java:execute(583)) - 2688bacc-2ecf-4914-892d-45c47335b8b0@group-7B2921E3A2AA-SegmentedRaftLogWorker: created new log segment /github/workspace/mnt/ozone/hadoop-ozone/integration-test/target/test-dir/MiniOzoneClusterImpl-087f03cc-a5a8-466d-ba79-9ca00bc8af49/datanode-4/data/ratis/c0c31bce-0a6c-43b6-ac3f-7b2921e3a2aa/current/log_inprogress_0
2020-05-27 19:49:57,274 [87450af1-8bb1-47ca-8fff-c762ff1b8a7d@group-4967BDBECD9D-LeaderElection7] INFO  impl.LeaderElection (LeaderElection.java:askForVotes(206)) - 87450af1-8bb1-47ca-8fff-c762ff1b8a7d@group-4967BDBECD9D-LeaderElection7: begin an election at term 1 for -1: [87450af1-8bb1-47ca-8fff-c762ff1b8a7d:172.17.0.2:40269], old=null
2020-05-27 19:49:57,274 [87450af1-8bb1-47ca-8fff-c762ff1b8a7d@group-4967BDBECD9D-LeaderElection7] INFO  impl.RoleInfo (RoleInfo.java:shutdownLeaderElection(134)) - 87450af1-8bb1-47ca-8fff-c762ff1b8a7d: shutdown LeaderElection
2020-05-27 19:49:57,274 [87450af1-8bb1-47ca-8fff-c762ff1b8a7d@group-4967BDBECD9D-LeaderElection7] INFO  impl.RaftServerImpl (RaftServerImpl.java:setRole(173)) - 87450af1-8bb1-47ca-8fff-c762ff1b8a7d@group-4967BDBECD9D: changes role from CANDIDATE to LEADER at term 1 for changeToLeader
2020-05-27 19:49:57,274 [87450af1-8bb1-47ca-8fff-c762ff1b8a7d@group-4967BDBECD9D-LeaderElection7] INFO  ratis.XceiverServerRatis (XceiverServerRatis.java:handleLeaderChangedNotification(762)) - Leader change notification received for group: group-4967BDBECD9D with new leaderId: 87450af1-8bb1-47ca-8fff-c762ff1b8a7d
2020-05-27 19:49:57,275 [87450af1-8bb1-47ca-8fff-c762ff1b8a7d@group-4967BDBECD9D-LeaderElection7] INFO  impl.RaftServerImpl (ServerState.java:setLeader(255)) - 87450af1-8bb1-47ca-8fff-c762ff1b8a7d@group-4967BDBECD9D: change Leader from null to 87450af1-8bb1-47ca-8fff-c762ff1b8a7d at term 1 for becomeLeader, leader elected after 5130ms
2020-05-27 19:49:57,275 [87450af1-8bb1-47ca-8fff-c762ff1b8a7d@group-4967BDBECD9D-LeaderElection7] INFO  server.RaftServerConfigKeys (ConfUtils.java:logGet(44)) - raft.server.staging.catchup.gap = 1000 (default)
2020-05-27 19:49:57,275 [87450af1-8bb1-47ca-8fff-c762ff1b8a7d@group-4967BDBECD9D-LeaderElection7] INFO  server.RaftServerConfigKeys (ConfUtils.java:logGet(44)) - raft.server.rpc.sleep.time = 25ms (default)
2020-05-27 19:49:57,275 [87450af1-8bb1-47ca-8fff-c762ff1b8a7d@group-4967BDBECD9D-LeaderElection7] INFO  metrics.RatisMetrics (RatisMetrics.java:lambda$create$0(39)) - Creating Metrics Registry : ratis.log_appender.87450af1-8bb1-47ca-8fff-c762ff1b8a7d@group-4967BDBECD9D
2020-05-27 19:49:57,275 [87450af1-8bb1-47ca-8fff-c762ff1b8a7d@group-4967BDBECD9D-LeaderElection7] INFO  server.RaftServerConfigKeys (ConfUtils.java:logGet(44)) - raft.server.write.element-limit = 1024 (custom)
2020-05-27 19:49:57,276 [87450af1-8bb1-47ca-8fff-c762ff1b8a7d@group-4967BDBECD9D-LeaderElection7] INFO  server.RaftServerConfigKeys (ConfUtils.java:logGet(44)) - raft.server.write.byte-limit = 1073741824 (custom)
2020-05-27 19:49:57,276 [87450af1-8bb1-47ca-8fff-c762ff1b8a7d@group-4967BDBECD9D-LeaderElection7] INFO  server.RaftServerConfigKeys (ConfUtils.java:logGet(44)) - raft.server.watch.timeout = 180s (custom)
2020-05-27 19:49:57,276 [87450af1-8bb1-47ca-8fff-c762ff1b8a7d@group-4967BDBECD9D-LeaderElection7] INFO  server.RaftServerConfigKeys (ConfUtils.java:logGet(44)) - raft.server.watch.timeout.denomination = 1s (default)
2020-05-27 19:49:57,276 [87450af1-8bb1-47ca-8fff-c762ff1b8a7d@group-4967BDBECD9D-LeaderElection7] INFO  server.RaftServerConfigKeys (ConfUtils.java:logGet(44)) - raft.server.watch.element-limit = 65536 (default)
2020-05-27 19:49:57,276 [87450af1-8bb1-47ca-8fff-c762ff1b8a7d@group-4967BDBECD9D-LeaderElection7] INFO  impl.RoleInfo (RoleInfo.java:updateAndGet(143)) - 87450af1-8bb1-47ca-8fff-c762ff1b8a7d: start LeaderState
2020-05-27 19:49:57,277 [87450af1-8bb1-47ca-8fff-c762ff1b8a7d@group-4967BDBECD9D-LeaderElection7] INFO  segmented.SegmentedRaftLogWorker (SegmentedRaftLogWorker.java:startLogSegment(391)) - 87450af1-8bb1-47ca-8fff-c762ff1b8a7d@group-4967BDBECD9D-SegmentedRaftLogWorker: Starting segment from index:0
2020-05-27 19:49:57,278 [87450af1-8bb1-47ca-8fff-c762ff1b8a7d@group-4967BDBECD9D-SegmentedRaftLogWorker] INFO  segmented.SegmentedRaftLogWorker (SegmentedRaftLogWorker.java:execute(583)) - 87450af1-8bb1-47ca-8fff-c762ff1b8a7d@group-4967BDBECD9D-SegmentedRaftLogWorker: created new log segment /github/workspace/mnt/ozone/hadoop-ozone/integration-test/target/test-dir/MiniOzoneClusterImpl-087f03cc-a5a8-466d-ba79-9ca00bc8af49/datanode-3/data/ratis/2d8a86db-11b1-4754-820e-4967bdbecd9d/current/log_inprogress_0
2020-05-27 19:49:57,279 [11818299-8fcf-4dd1-9a9c-009f994fa618@group-BD5830931E37-LeaderElection5] INFO  impl.LeaderElection (LeaderElection.java:askForVotes(206)) - 11818299-8fcf-4dd1-9a9c-009f994fa618@group-BD5830931E37-LeaderElection5: begin an election at term 2 for -1: [11818299-8fcf-4dd1-9a9c-009f994fa618:172.17.0.2:36841, 1c4024eb-e8ae-4853-a4fd-b82bf2e3801f:172.17.0.2:36233, af513c94-01c3-4855-98d9-113503fe5dde:172.17.0.2:38851], old=null
2020-05-27 19:49:57,291 [87450af1-8bb1-47ca-8fff-c762ff1b8a7d@group-4967BDBECD9D-LeaderElection7] INFO  impl.RaftServerImpl (ServerState.java:setRaftConf(356)) - 87450af1-8bb1-47ca-8fff-c762ff1b8a7d@group-4967BDBECD9D: set configuration 0: [87450af1-8bb1-47ca-8fff-c762ff1b8a7d:172.17.0.2:40269], old=null at 0
2020-05-27 19:49:57,294 [11818299-8fcf-4dd1-9a9c-009f994fa618@group-BD5830931E37-LeaderElection5] INFO  impl.LeaderElection (LeaderElection.java:logAndReturn(61)) - 11818299-8fcf-4dd1-9a9c-009f994fa618@group-BD5830931E37-LeaderElection5: Election REJECTED; received 0 response(s) [] and 0 exception(s); 11818299-8fcf-4dd1-9a9c-009f994fa618@group-BD5830931E37:t2, leader=null, voted=11818299-8fcf-4dd1-9a9c-009f994fa618, raftlog=11818299-8fcf-4dd1-9a9c-009f994fa618@group-BD5830931E37-SegmentedRaftLog:OPENED:c-1,f-1,i0, conf=-1: [11818299-8fcf-4dd1-9a9c-009f994fa618:172.17.0.2:36841, 1c4024eb-e8ae-4853-a4fd-b82bf2e3801f:172.17.0.2:36233, af513c94-01c3-4855-98d9-113503fe5dde:172.17.0.2:38851], old=null
2020-05-27 19:49:57,303 [af513c94-01c3-4855-98d9-113503fe5dde@group-BD5830931E37-LeaderElection4] INFO  impl.LeaderElection (LeaderElection.java:logAndReturn(61)) - af513c94-01c3-4855-98d9-113503fe5dde@group-BD5830931E37-LeaderElection4: Election PASSED; received 2 response(s) [af513c94-01c3-4855-98d9-113503fe5dde<-11818299-8fcf-4dd1-9a9c-009f994fa618#0:FAIL-t1, af513c94-01c3-4855-98d9-113503fe5dde<-1c4024eb-e8ae-4853-a4fd-b82bf2e3801f#0:OK-t1] and 0 exception(s); af513c94-01c3-4855-98d9-113503fe5dde@group-BD5830931E37:t1, leader=null, voted=af513c94-01c3-4855-98d9-113503fe5dde, raftlog=af513c94-01c3-4855-98d9-113503fe5dde@group-BD5830931E37-SegmentedRaftLog:OPENED:c-1,f-1,i0, conf=-1: [11818299-8fcf-4dd1-9a9c-009f994fa618:172.17.0.2:36841, 1c4024eb-e8ae-4853-a4fd-b82bf2e3801f:172.17.0.2:36233, af513c94-01c3-4855-98d9-113503fe5dde:172.17.0.2:38851], old=null
2020-05-27 19:49:57,303 [af513c94-01c3-4855-98d9-113503fe5dde@group-BD5830931E37-LeaderElection4] INFO  impl.RoleInfo (RoleInfo.java:shutdownLeaderElection(134)) - af513c94-01c3-4855-98d9-113503fe5dde: shutdown LeaderElection
2020-05-27 19:49:57,303 [af513c94-01c3-4855-98d9-113503fe5dde@group-BD5830931E37-LeaderElection4] INFO  impl.RaftServerImpl (RaftServerImpl.java:setRole(173)) - af513c94-01c3-4855-98d9-113503fe5dde@group-BD5830931E37: changes role from CANDIDATE to LEADER at term 1 for changeToLeader
2020-05-27 19:49:57,304 [af513c94-01c3-4855-98d9-113503fe5dde@group-BD5830931E37-LeaderElection4] INFO  ratis.XceiverServerRatis (XceiverServerRatis.java:handleLeaderChangedNotification(762)) - Leader change notification received for group: group-BD5830931E37 with new leaderId: af513c94-01c3-4855-98d9-113503fe5dde
2020-05-27 19:49:57,304 [af513c94-01c3-4855-98d9-113503fe5dde@group-BD5830931E37-LeaderElection4] INFO  impl.RaftServerImpl (ServerState.java:setLeader(255)) - af513c94-01c3-4855-98d9-113503fe5dde@group-BD5830931E37: change Leader from null to af513c94-01c3-4855-98d9-113503fe5dde at term 1 for becomeLeader, leader elected after 5297ms
2020-05-27 19:49:57,304 [af513c94-01c3-4855-98d9-113503fe5dde@group-BD5830931E37-LeaderElection4] INFO  server.RaftServerConfigKeys (ConfUtils.java:logGet(44)) - raft.server.staging.catchup.gap = 1000 (default)
2020-05-27 19:49:57,304 [af513c94-01c3-4855-98d9-113503fe5dde@group-BD5830931E37-LeaderElection4] INFO  server.RaftServerConfigKeys (ConfUtils.java:logGet(44)) - raft.server.rpc.sleep.time = 25ms (default)
2020-05-27 19:49:57,304 [af513c94-01c3-4855-98d9-113503fe5dde@group-BD5830931E37-LeaderElection4] INFO  metrics.RatisMetrics (RatisMetrics.java:lambda$create$0(39)) - Creating Metrics Registry : ratis.log_appender.af513c94-01c3-4855-98d9-113503fe5dde@group-BD5830931E37
2020-05-27 19:49:57,305 [af513c94-01c3-4855-98d9-113503fe5dde@group-BD5830931E37-LeaderElection4] INFO  server.RaftServerConfigKeys (ConfUtils.java:logGet(44)) - raft.server.write.element-limit = 1024 (custom)
2020-05-27 19:49:57,305 [af513c94-01c3-4855-98d9-113503fe5dde@group-BD5830931E37-LeaderElection4] INFO  server.RaftServerConfigKeys (ConfUtils.java:logGet(44)) - raft.server.write.byte-limit = 1073741824 (custom)
2020-05-27 19:49:57,306 [EventQueue-PipelineReportForPipelineReportHandler] INFO  pipeline.PipelineStateManager (PipelineStateManager.java:openPipeline(131)) - Pipeline Pipeline[ Id: 9ef361f0-27af-4cee-adcb-bd5830931e37, Nodes: 11818299-8fcf-4dd1-9a9c-009f994fa618{ip: 172.17.0.2, host: d78c3f676a41, networkLocation: /default-rack, certSerialId: null}1c4024eb-e8ae-4853-a4fd-b82bf2e3801f{ip: 172.17.0.2, host: d78c3f676a41, networkLocation: /default-rack, certSerialId: null}af513c94-01c3-4855-98d9-113503fe5dde{ip: 172.17.0.2, host: d78c3f676a41, networkLocation: /default-rack, certSerialId: null}, Type:RATIS, Factor:THREE, State:ALLOCATED, leaderId:af513c94-01c3-4855-98d9-113503fe5dde, CreationTimestamp2020-05-27T19:49:48.983Z] moved to OPEN state
2020-05-27 19:49:57,306 [af513c94-01c3-4855-98d9-113503fe5dde@group-BD5830931E37-LeaderElection4] INFO  server.RaftServerConfigKeys (ConfUtils.java:logGet(44)) - raft.server.watch.timeout = 180s (custom)
2020-05-27 19:49:57,307 [af513c94-01c3-4855-98d9-113503fe5dde@group-BD5830931E37-LeaderElection4] INFO  server.RaftServerConfigKeys (ConfUtils.java:logGet(44)) - raft.server.watch.timeout.denomination = 1s (default)
2020-05-27 19:49:57,307 [EventQueue-OpenPipelineForHealthyPipelineSafeModeRule] INFO  safemode.SCMSafeModeManager (HealthyPipelineSafeModeRule.java:process(132)) - SCM in safe mode. Healthy pipelines reported count is 1, required healthy pipeline reported count is 1
2020-05-27 19:49:57,307 [EventQueue-OpenPipelineForOneReplicaPipelineSafeModeRule] INFO  safemode.SCMSafeModeManager (SCMSafeModeManager.java:validateSafeModeExitRules(213)) - AtleastOneDatanodeReportedRule rule is successfully validated
2020-05-27 19:49:57,307 [EventQueue-OpenPipelineForHealthyPipelineSafeModeRule] INFO  safemode.SCMSafeModeManager (SCMSafeModeManager.java:validateSafeModeExitRules(213)) - HealthyPipelineSafeModeRule rule is successfully validated
2020-05-27 19:49:57,307 [EventQueue-OpenPipelineForHealthyPipelineSafeModeRule] INFO  safemode.SCMSafeModeManager (SCMSafeModeManager.java:validateSafeModeExitRules(227)) - ScmSafeModeManager, all rules are successfully validated
2020-05-27 19:49:57,307 [EventQueue-OpenPipelineForHealthyPipelineSafeModeRule] INFO  safemode.SCMSafeModeManager (SCMSafeModeManager.java:exitSafeMode(256)) - SCM exiting safe mode.
2020-05-27 19:49:57,307 [af513c94-01c3-4855-98d9-113503fe5dde@group-BD5830931E37-LeaderElection4] INFO  server.RaftServerConfigKeys (ConfUtils.java:logGet(44)) - raft.server.watch.element-limit = 65536 (default)
2020-05-27 19:49:57,316 [af513c94-01c3-4855-98d9-113503fe5dde@group-BD5830931E37-LeaderElection4] INFO  server.RaftServerConfigKeys (ConfUtils.java:logGet(44)) - raft.server.log.appender.snapshot.chunk.size.max = 16MB (=16777216) (default)
2020-05-27 19:49:57,317 [af513c94-01c3-4855-98d9-113503fe5dde@group-BD5830931E37-LeaderElection4] INFO  server.RaftServerConfigKeys (ConfUtils.java:logGet(44)) - raft.server.log.appender.buffer.byte-limit = 33554432 (custom)
2020-05-27 19:49:57,317 [af513c94-01c3-4855-98d9-113503fe5dde@group-BD5830931E37-LeaderElection4] INFO  server.RaftServerConfigKeys (ConfUtils.java:logGet(44)) - raft.server.log.appender.buffer.element-limit = 1 (custom)
2020-05-27 19:49:57,319 [af513c94-01c3-4855-98d9-113503fe5dde@group-BD5830931E37-LeaderElection4] INFO  grpc.GrpcConfigKeys (ConfUtils.java:logGet(44)) - raft.grpc.server.leader.outstanding.appends.max = 128 (default)
2020-05-27 19:49:57,320 [af513c94-01c3-4855-98d9-113503fe5dde@group-BD5830931E37-LeaderElection4] INFO  server.RaftServerConfigKeys (ConfUtils.java:logGet(44)) - raft.server.rpc.request.timeout = 60s (custom)
2020-05-27 19:49:57,320 [af513c94-01c3-4855-98d9-113503fe5dde@group-BD5830931E37-LeaderElection4] INFO  server.RaftServerConfigKeys (ConfUtils.java:logGet(44)) - raft.server.log.appender.install.snapshot.enabled = false (custom)
2020-05-27 19:49:57,331 [Thread-284] INFO  impl.FollowerState (FollowerState.java:run(108)) - 87450af1-8bb1-47ca-8fff-c762ff1b8a7d@group-6396F5342F23-FollowerState: change to CANDIDATE, lastRpcTime:5109ms, electionTimeout:5102ms
2020-05-27 19:49:57,332 [Thread-284] INFO  impl.RoleInfo (RoleInfo.java:shutdownFollowerState(121)) - 87450af1-8bb1-47ca-8fff-c762ff1b8a7d: shutdown FollowerState
2020-05-27 19:49:57,332 [Thread-284] INFO  impl.RaftServerImpl (RaftServerImpl.java:setRole(173)) - 87450af1-8bb1-47ca-8fff-c762ff1b8a7d@group-6396F5342F23: changes role from  FOLLOWER to CANDIDATE at term 0 for changeToCandidate
2020-05-27 19:49:57,332 [Thread-284] INFO  impl.RoleInfo (RoleInfo.java:updateAndGet(143)) - 87450af1-8bb1-47ca-8fff-c762ff1b8a7d: start LeaderElection
2020-05-27 19:49:57,341 [af513c94-01c3-4855-98d9-113503fe5dde@group-BD5830931E37-LeaderElection4] INFO  server.RaftServerConfigKeys (ConfUtils.java:logGet(44)) - raft.server.log.appender.snapshot.chunk.size.max = 16MB (=16777216) (default)
2020-05-27 19:49:57,341 [af513c94-01c3-4855-98d9-113503fe5dde@group-BD5830931E37-LeaderElection4] INFO  server.RaftServerConfigKeys (ConfUtils.java:logGet(44)) - raft.server.log.appender.buffer.byte-limit = 33554432 (custom)
2020-05-27 19:49:57,341 [af513c94-01c3-4855-98d9-113503fe5dde@group-BD5830931E37-LeaderElection4] INFO  server.RaftServerConfigKeys (ConfUtils.java:logGet(44)) - raft.server.log.appender.buffer.element-limit = 1 (custom)
2020-05-27 19:49:57,341 [af513c94-01c3-4855-98d9-113503fe5dde@group-BD5830931E37-LeaderElection4] INFO  grpc.GrpcConfigKeys (ConfUtils.java:logGet(44)) - raft.grpc.server.leader.outstanding.appends.max = 128 (default)
2020-05-27 19:49:57,341 [af513c94-01c3-4855-98d9-113503fe5dde@group-BD5830931E37-LeaderElection4] INFO  server.RaftServerConfigKeys (ConfUtils.java:logGet(44)) - raft.server.rpc.request.timeout = 60s (custom)
2020-05-27 19:49:57,341 [af513c94-01c3-4855-98d9-113503fe5dde@group-BD5830931E37-LeaderElection4] INFO  server.RaftServerConfigKeys (ConfUtils.java:logGet(44)) - raft.server.log.appender.install.snapshot.enabled = false (custom)
2020-05-27 19:49:57,343 [af513c94-01c3-4855-98d9-113503fe5dde@group-BD5830931E37-LeaderElection4] INFO  impl.RoleInfo (RoleInfo.java:updateAndGet(143)) - af513c94-01c3-4855-98d9-113503fe5dde: start LeaderState
2020-05-27 19:49:57,343 [af513c94-01c3-4855-98d9-113503fe5dde@group-BD5830931E37-LeaderElection4] INFO  segmented.SegmentedRaftLogWorker (SegmentedRaftLogWorker.java:startLogSegment(391)) - af513c94-01c3-4855-98d9-113503fe5dde@group-BD5830931E37-SegmentedRaftLogWorker: Starting segment from index:0
2020-05-27 19:49:57,346 [grpc-default-executor-5] INFO  impl.RaftServerImpl (RaftServerImpl.java:setRole(173)) - 1c4024eb-e8ae-4853-a4fd-b82bf2e3801f@group-BD5830931E37: changes role from  FOLLOWER to FOLLOWER at term 2 for recognizeCandidate:11818299-8fcf-4dd1-9a9c-009f994fa618
2020-05-27 19:49:57,346 [grpc-default-executor-5] INFO  impl.RoleInfo (RoleInfo.java:shutdownFollowerState(121)) - 1c4024eb-e8ae-4853-a4fd-b82bf2e3801f: shutdown FollowerState
2020-05-27 19:49:57,346 [grpc-default-executor-5] INFO  impl.RoleInfo (RoleInfo.java:updateAndGet(143)) - 1c4024eb-e8ae-4853-a4fd-b82bf2e3801f: start FollowerState
2020-05-27 19:49:57,346 [Thread-336] INFO  impl.FollowerState (FollowerState.java:run(117)) - 1c4024eb-e8ae-4853-a4fd-b82bf2e3801f@group-BD5830931E37-FollowerState was interrupted: java.lang.InterruptedException: sleep interrupted
2020-05-27 19:49:57,347 [87450af1-8bb1-47ca-8fff-c762ff1b8a7d@group-6396F5342F23-LeaderElection8] INFO  impl.LeaderElection (LeaderElection.java:askForVotes(206)) - 87450af1-8bb1-47ca-8fff-c762ff1b8a7d@group-6396F5342F23-LeaderElection8: begin an election at term 1 for -1: [a0e9232a-3916-470b-b2b7-a7f4d4e85528:172.17.0.2:37069, 87450af1-8bb1-47ca-8fff-c762ff1b8a7d:172.17.0.2:40269, 2688bacc-2ecf-4914-892d-45c47335b8b0:172.17.0.2:36383], old=null
2020-05-27 19:49:57,352 [af513c94-01c3-4855-98d9-113503fe5dde@group-BD5830931E37-LeaderElection4] INFO  impl.RaftServerImpl (ServerState.java:setRaftConf(356)) - af513c94-01c3-4855-98d9-113503fe5dde@group-BD5830931E37: set configuration 0: [11818299-8fcf-4dd1-9a9c-009f994fa618:172.17.0.2:36841, 1c4024eb-e8ae-4853-a4fd-b82bf2e3801f:172.17.0.2:36233, af513c94-01c3-4855-98d9-113503fe5dde:172.17.0.2:38851], old=null at 0
2020-05-27 19:49:57,352 [af513c94-01c3-4855-98d9-113503fe5dde@group-BD5830931E37-SegmentedRaftLogWorker] INFO  segmented.SegmentedRaftLogWorker (SegmentedRaftLogWorker.java:execute(583)) - af513c94-01c3-4855-98d9-113503fe5dde@group-BD5830931E37-SegmentedRaftLogWorker: created new log segment /github/workspace/mnt/ozone/hadoop-ozone/integration-test/target/test-dir/MiniOzoneClusterImpl-087f03cc-a5a8-466d-ba79-9ca00bc8af49/datanode-0/data/ratis/9ef361f0-27af-4cee-adcb-bd5830931e37/current/log_inprogress_0
2020-05-27 19:49:57,388 [grpc-default-executor-5] INFO  impl.RaftServerImpl (ServerState.java:setLeader(255)) - af513c94-01c3-4855-98d9-113503fe5dde@group-BD5830931E37: change Leader from af513c94-01c3-4855-98d9-113503fe5dde to null at term 2 for updateCurrentTerm
2020-05-27 19:49:57,388 [grpc-default-executor-5] INFO  impl.RaftServerImpl (RaftServerImpl.java:setRole(173)) - af513c94-01c3-4855-98d9-113503fe5dde@group-BD5830931E37: changes role from    LEADER to FOLLOWER at term 2 for recognizeCandidate:11818299-8fcf-4dd1-9a9c-009f994fa618
2020-05-27 19:49:57,388 [grpc-default-executor-5] INFO  impl.RoleInfo (RoleInfo.java:shutdownLeaderState(104)) - af513c94-01c3-4855-98d9-113503fe5dde: shutdown LeaderState
2020-05-27 19:49:57,396 [Thread-287] INFO  impl.FollowerState (FollowerState.java:run(108)) - 2688bacc-2ecf-4914-892d-45c47335b8b0@group-6396F5342F23-FollowerState: change to CANDIDATE, lastRpcTime:5116ms, electionTimeout:5115ms
2020-05-27 19:49:57,396 [Thread-287] INFO  impl.RoleInfo (RoleInfo.java:shutdownFollowerState(121)) - 2688bacc-2ecf-4914-892d-45c47335b8b0: shutdown FollowerState
2020-05-27 19:49:57,396 [Thread-287] INFO  impl.RaftServerImpl (RaftServerImpl.java:setRole(173)) - 2688bacc-2ecf-4914-892d-45c47335b8b0@group-6396F5342F23: changes role from  FOLLOWER to CANDIDATE at term 0 for changeToCandidate
2020-05-27 19:49:57,396 [Thread-287] INFO  impl.RoleInfo (RoleInfo.java:updateAndGet(143)) - 2688bacc-2ecf-4914-892d-45c47335b8b0: start LeaderElection
2020-05-27 19:49:57,401 [org.apache.ratis.server.impl.LogAppender$AppenderDaemon$$Lambda$453/1449316980@530a6d75] WARN  server.GrpcLogAppender (GrpcLogAppender.java:mayWait(153)) - af513c94-01c3-4855-98d9-113503fe5dde@group-BD5830931E37->11818299-8fcf-4dd1-9a9c-009f994fa618-GrpcLogAppender: Wait interrupted by java.lang.InterruptedException
2020-05-27 19:49:57,404 [grpc-default-executor-5] INFO  impl.PendingRequests (PendingRequests.java:sendNotLeaderResponses(242)) - af513c94-01c3-4855-98d9-113503fe5dde@group-BD5830931E37-PendingRequests: sendNotLeaderResponses
2020-05-27 19:49:57,404 [grpc-default-executor-5] INFO  metrics.RatisMetrics (RatisMetrics.java:unregister(46)) - Unregistering Metrics Registry : ratis.log_appender.af513c94-01c3-4855-98d9-113503fe5dde@group-BD5830931E37
2020-05-27 19:49:57,405 [grpc-default-executor-5] INFO  impl.RoleInfo (RoleInfo.java:updateAndGet(143)) - af513c94-01c3-4855-98d9-113503fe5dde: start FollowerState
2020-05-27 19:49:57,405 [grpc-default-executor-0] INFO  impl.RaftServerImpl (RaftServerImpl.java:setRole(173)) - a0e9232a-3916-470b-b2b7-a7f4d4e85528@group-6396F5342F23: changes role from  FOLLOWER to FOLLOWER at term 1 for recognizeCandidate:87450af1-8bb1-47ca-8fff-c762ff1b8a7d
2020-05-27 19:49:57,405 [grpc-default-executor-0] INFO  impl.RoleInfo (RoleInfo.java:shutdownFollowerState(121)) - a0e9232a-3916-470b-b2b7-a7f4d4e85528: shutdown FollowerState
2020-05-27 19:49:57,405 [grpc-default-executor-6] INFO  impl.RaftServerImpl (RaftServerImpl.java:setRole(173)) - 2688bacc-2ecf-4914-892d-45c47335b8b0@group-6396F5342F23: changes role from CANDIDATE to FOLLOWER at term 1 for recognizeCandidate:87450af1-8bb1-47ca-8fff-c762ff1b8a7d
2020-05-27 19:49:57,405 [grpc-default-executor-6] INFO  impl.RoleInfo (RoleInfo.java:shutdownLeaderElection(134)) - 2688bacc-2ecf-4914-892d-45c47335b8b0: shutdown LeaderElection
2020-05-27 19:49:57,412 [grpc-default-executor-4] INFO  server.GrpcServerProtocolService (GrpcServerProtocolService.java:onCompleted(137)) - 11818299-8fcf-4dd1-9a9c-009f994fa618: Completed APPEND_ENTRIES, lastRequest: af513c94-01c3-4855-98d9-113503fe5dde->11818299-8fcf-4dd1-9a9c-009f994fa618#1-t1, previous=(t:0, i:0), leaderCommit=0, initializing? false, entries: size=1, first=(t:1, i:0), CONFIGURATIONENTRY
2020-05-27 19:49:57,404 [org.apache.ratis.server.impl.LogAppender$AppenderDaemon$$Lambda$453/1449316980@34dd6838] WARN  server.GrpcLogAppender (GrpcLogAppender.java:mayWait(153)) - af513c94-01c3-4855-98d9-113503fe5dde@group-BD5830931E37->1c4024eb-e8ae-4853-a4fd-b82bf2e3801f-GrpcLogAppender: Wait interrupted by java.lang.InterruptedException
2020-05-27 19:49:57,419 [grpc-default-executor-0] INFO  impl.RoleInfo (RoleInfo.java:updateAndGet(143)) - a0e9232a-3916-470b-b2b7-a7f4d4e85528: start FollowerState
2020-05-27 19:49:57,419 [Thread-299] INFO  impl.FollowerState (FollowerState.java:run(117)) - a0e9232a-3916-470b-b2b7-a7f4d4e85528@group-6396F5342F23-FollowerState was interrupted: java.lang.InterruptedException: sleep interrupted
2020-05-27 19:49:57,419 [grpc-default-executor-6] INFO  impl.RoleInfo (RoleInfo.java:updateAndGet(143)) - 2688bacc-2ecf-4914-892d-45c47335b8b0: start FollowerState
2020-05-27 19:49:57,419 [grpc-default-executor-4] INFO  server.GrpcServerProtocolService (GrpcServerProtocolService.java:onCompleted(137)) - 1c4024eb-e8ae-4853-a4fd-b82bf2e3801f: Completed APPEND_ENTRIES, lastRequest: af513c94-01c3-4855-98d9-113503fe5dde->1c4024eb-e8ae-4853-a4fd-b82bf2e3801f#1-t1, previous=(t:0, i:0), leaderCommit=0, initializing? false, entries: size=1, first=(t:1, i:0), CONFIGURATIONENTRY
2020-05-27 19:49:57,427 [2688bacc-2ecf-4914-892d-45c47335b8b0@group-6396F5342F23-LeaderElection9] INFO  impl.LeaderElection (LeaderElection.java:askForVotes(206)) - 2688bacc-2ecf-4914-892d-45c47335b8b0@group-6396F5342F23-LeaderElection9: begin an election at term 2 for -1: [a0e9232a-3916-470b-b2b7-a7f4d4e85528:172.17.0.2:37069, 87450af1-8bb1-47ca-8fff-c762ff1b8a7d:172.17.0.2:40269, 2688bacc-2ecf-4914-892d-45c47335b8b0:172.17.0.2:36383], old=null
2020-05-27 19:49:57,430 [2688bacc-2ecf-4914-892d-45c47335b8b0@group-6396F5342F23-LeaderElection9] INFO  impl.LeaderElection (LeaderElection.java:logAndReturn(61)) - 2688bacc-2ecf-4914-892d-45c47335b8b0@group-6396F5342F23-LeaderElection9: Election REJECTED; received 0 response(s) [] and 0 exception(s); 2688bacc-2ecf-4914-892d-45c47335b8b0@group-6396F5342F23:t2, leader=null, voted=2688bacc-2ecf-4914-892d-45c47335b8b0, raftlog=2688bacc-2ecf-4914-892d-45c47335b8b0@group-6396F5342F23-SegmentedRaftLog:OPENED:c-1,f-1,i0, conf=-1: [a0e9232a-3916-470b-b2b7-a7f4d4e85528:172.17.0.2:37069, 87450af1-8bb1-47ca-8fff-c762ff1b8a7d:172.17.0.2:40269, 2688bacc-2ecf-4914-892d-45c47335b8b0:172.17.0.2:36383], old=null
2020-05-27 19:49:57,427 [grpc-default-executor-6] INFO  server.GrpcLogAppender (GrpcLogAppender.java:onCompleted(309)) - af513c94-01c3-4855-98d9-113503fe5dde@group-BD5830931E37->11818299-8fcf-4dd1-9a9c-009f994fa618-AppendLogResponseHandler: follower responses appendEntries COMPLETED
2020-05-27 19:49:57,435 [87450af1-8bb1-47ca-8fff-c762ff1b8a7d@group-6396F5342F23-LeaderElection8] INFO  impl.LeaderElection (LeaderElection.java:logAndReturn(61)) - 87450af1-8bb1-47ca-8fff-c762ff1b8a7d@group-6396F5342F23-LeaderElection8: Election PASSED; received 1 response(s) [87450af1-8bb1-47ca-8fff-c762ff1b8a7d<-a0e9232a-3916-470b-b2b7-a7f4d4e85528#0:OK-t1] and 0 exception(s); 87450af1-8bb1-47ca-8fff-c762ff1b8a7d@group-6396F5342F23:t1, leader=null, voted=87450af1-8bb1-47ca-8fff-c762ff1b8a7d, raftlog=87450af1-8bb1-47ca-8fff-c762ff1b8a7d@group-6396F5342F23-SegmentedRaftLog:OPENED:c-1,f-1,i0, conf=-1: [a0e9232a-3916-470b-b2b7-a7f4d4e85528:172.17.0.2:37069, 87450af1-8bb1-47ca-8fff-c762ff1b8a7d:172.17.0.2:40269, 2688bacc-2ecf-4914-892d-45c47335b8b0:172.17.0.2:36383], old=null
2020-05-27 19:49:57,438 [87450af1-8bb1-47ca-8fff-c762ff1b8a7d@group-6396F5342F23-LeaderElection8] INFO  impl.RoleInfo (RoleInfo.java:shutdownLeaderElection(134)) - 87450af1-8bb1-47ca-8fff-c762ff1b8a7d: shutdown LeaderElection
2020-05-27 19:49:57,436 [grpc-default-executor-0] INFO  server.GrpcLogAppender (GrpcLogAppender.java:onCompleted(309)) - af513c94-01c3-4855-98d9-113503fe5dde@group-BD5830931E37->1c4024eb-e8ae-4853-a4fd-b82bf2e3801f-AppendLogResponseHandler: follower responses appendEntries COMPLETED
2020-05-27 19:49:57,439 [87450af1-8bb1-47ca-8fff-c762ff1b8a7d@group-6396F5342F23-LeaderElection8] INFO  impl.RaftServerImpl (RaftServerImpl.java:setRole(173)) - 87450af1-8bb1-47ca-8fff-c762ff1b8a7d@group-6396F5342F23: changes role from CANDIDATE to LEADER at term 1 for changeToLeader
2020-05-27 19:49:57,445 [87450af1-8bb1-47ca-8fff-c762ff1b8a7d@group-6396F5342F23-LeaderElection8] INFO  ratis.XceiverServerRatis (XceiverServerRatis.java:handleLeaderChangedNotification(762)) - Leader change notification received for group: group-6396F5342F23 with new leaderId: 87450af1-8bb1-47ca-8fff-c762ff1b8a7d
2020-05-27 19:49:57,445 [87450af1-8bb1-47ca-8fff-c762ff1b8a7d@group-6396F5342F23-LeaderElection8] INFO  impl.RaftServerImpl (ServerState.java:setLeader(255)) - 87450af1-8bb1-47ca-8fff-c762ff1b8a7d@group-6396F5342F23: change Leader from null to 87450af1-8bb1-47ca-8fff-c762ff1b8a7d at term 1 for becomeLeader, leader elected after 5246ms
2020-05-27 19:49:57,445 [87450af1-8bb1-47ca-8fff-c762ff1b8a7d@group-6396F5342F23-LeaderElection8] INFO  server.RaftServerConfigKeys (ConfUtils.java:logGet(44)) - raft.server.staging.catchup.gap = 1000 (default)
2020-05-27 19:49:57,445 [87450af1-8bb1-47ca-8fff-c762ff1b8a7d@group-6396F5342F23-LeaderElection8] INFO  server.RaftServerConfigKeys (ConfUtils.java:logGet(44)) - raft.server.rpc.sleep.time = 25ms (default)
2020-05-27 19:49:57,445 [87450af1-8bb1-47ca-8fff-c762ff1b8a7d@group-6396F5342F23-LeaderElection8] INFO  metrics.RatisMetrics (RatisMetrics.java:lambda$create$0(39)) - Creating Metrics Registry : ratis.log_appender.87450af1-8bb1-47ca-8fff-c762ff1b8a7d@group-6396F5342F23
2020-05-27 19:49:57,446 [grpc-default-executor-6] INFO  impl.FollowerInfo (FollowerInfo.java:lambda$new$0(50)) - af513c94-01c3-4855-98d9-113503fe5dde@group-BD5830931E37->11818299-8fcf-4dd1-9a9c-009f994fa618: nextIndex: updateUnconditionally 1 -> 0
2020-05-27 19:49:57,446 [87450af1-8bb1-47ca-8fff-c762ff1b8a7d@group-6396F5342F23-LeaderElection8] INFO  server.RaftServerConfigKeys (ConfUtils.java:logGet(44)) - raft.server.write.element-limit = 1024 (custom)
2020-05-27 19:49:57,447 [87450af1-8bb1-47ca-8fff-c762ff1b8a7d@group-6396F5342F23-LeaderElection8] INFO  server.RaftServerConfigKeys (ConfUtils.java:logGet(44)) - raft.server.write.byte-limit = 1073741824 (custom)
2020-05-27 19:49:57,447 [87450af1-8bb1-47ca-8fff-c762ff1b8a7d@group-6396F5342F23-LeaderElection8] INFO  server.RaftServerConfigKeys (ConfUtils.java:logGet(44)) - raft.server.watch.timeout = 180s (custom)
2020-05-27 19:49:57,447 [87450af1-8bb1-47ca-8fff-c762ff1b8a7d@group-6396F5342F23-LeaderElection8] INFO  server.RaftServerConfigKeys (ConfUtils.java:logGet(44)) - raft.server.watch.timeout.denomination = 1s (default)
2020-05-27 19:49:57,447 [87450af1-8bb1-47ca-8fff-c762ff1b8a7d@group-6396F5342F23-LeaderElection8] INFO  server.RaftServerConfigKeys (ConfUtils.java:logGet(44)) - raft.server.watch.element-limit = 65536 (default)
2020-05-27 19:49:57,447 [87450af1-8bb1-47ca-8fff-c762ff1b8a7d@group-6396F5342F23-LeaderElection8] INFO  server.RaftServerConfigKeys (ConfUtils.java:logGet(44)) - raft.server.log.appender.snapshot.chunk.size.max = 16MB (=16777216) (default)
2020-05-27 19:49:57,447 [87450af1-8bb1-47ca-8fff-c762ff1b8a7d@group-6396F5342F23-LeaderElection8] INFO  server.RaftServerConfigKeys (ConfUtils.java:logGet(44)) - raft.server.log.appender.buffer.byte-limit = 33554432 (custom)
2020-05-27 19:49:57,447 [87450af1-8bb1-47ca-8fff-c762ff1b8a7d@group-6396F5342F23-LeaderElection8] INFO  server.RaftServerConfigKeys (ConfUtils.java:logGet(44)) - raft.server.log.appender.buffer.element-limit = 1 (custom)
2020-05-27 19:49:57,448 [87450af1-8bb1-47ca-8fff-c762ff1b8a7d@group-6396F5342F23-LeaderElection8] INFO  grpc.GrpcConfigKeys (ConfUtils.java:logGet(44)) - raft.grpc.server.leader.outstanding.appends.max = 128 (default)
2020-05-27 19:49:57,448 [87450af1-8bb1-47ca-8fff-c762ff1b8a7d@group-6396F5342F23-LeaderElection8] INFO  server.RaftServerConfigKeys (ConfUtils.java:logGet(44)) - raft.server.rpc.request.timeout = 60s (custom)
2020-05-27 19:49:57,448 [87450af1-8bb1-47ca-8fff-c762ff1b8a7d@group-6396F5342F23-LeaderElection8] INFO  server.RaftServerConfigKeys (ConfUtils.java:logGet(44)) - raft.server.log.appender.install.snapshot.enabled = false (custom)
2020-05-27 19:49:57,449 [87450af1-8bb1-47ca-8fff-c762ff1b8a7d@group-6396F5342F23-LeaderElection8] INFO  server.RaftServerConfigKeys (ConfUtils.java:logGet(44)) - raft.server.log.appender.snapshot.chunk.size.max = 16MB (=16777216) (default)
2020-05-27 19:49:57,449 [87450af1-8bb1-47ca-8fff-c762ff1b8a7d@group-6396F5342F23-LeaderElection8] INFO  server.RaftServerConfigKeys (ConfUtils.java:logGet(44)) - raft.server.log.appender.buffer.byte-limit = 33554432 (custom)
2020-05-27 19:49:57,449 [87450af1-8bb1-47ca-8fff-c762ff1b8a7d@group-6396F5342F23-LeaderElection8] INFO  server.RaftServerConfigKeys (ConfUtils.java:logGet(44)) - raft.server.log.appender.buffer.element-limit = 1 (custom)
2020-05-27 19:49:57,449 [87450af1-8bb1-47ca-8fff-c762ff1b8a7d@group-6396F5342F23-LeaderElection8] INFO  grpc.GrpcConfigKeys (ConfUtils.java:logGet(44)) - raft.grpc.server.leader.outstanding.appends.max = 128 (default)
2020-05-27 19:49:57,449 [87450af1-8bb1-47ca-8fff-c762ff1b8a7d@group-6396F5342F23-LeaderElection8] INFO  server.RaftServerConfigKeys (ConfUtils.java:logGet(44)) - raft.server.rpc.request.timeout = 60s (custom)
2020-05-27 19:49:57,450 [87450af1-8bb1-47ca-8fff-c762ff1b8a7d@group-6396F5342F23-LeaderElection8] INFO  server.RaftServerConfigKeys (ConfUtils.java:logGet(44)) - raft.server.log.appender.install.snapshot.enabled = false (custom)
2020-05-27 19:49:57,451 [87450af1-8bb1-47ca-8fff-c762ff1b8a7d@group-6396F5342F23-LeaderElection8] INFO  impl.RoleInfo (RoleInfo.java:updateAndGet(143)) - 87450af1-8bb1-47ca-8fff-c762ff1b8a7d: start LeaderState
2020-05-27 19:49:57,451 [87450af1-8bb1-47ca-8fff-c762ff1b8a7d@group-6396F5342F23-LeaderElection8] INFO  segmented.SegmentedRaftLogWorker (SegmentedRaftLogWorker.java:startLogSegment(391)) - 87450af1-8bb1-47ca-8fff-c762ff1b8a7d@group-6396F5342F23-SegmentedRaftLogWorker: Starting segment from index:0
2020-05-27 19:49:57,455 [EventQueue-PipelineReportForPipelineReportHandler] INFO  pipeline.PipelineStateManager (PipelineStateManager.java:openPipeline(131)) - Pipeline Pipeline[ Id: 8ade6f36-bcb4-426f-a0a0-6396f5342f23, Nodes: 2688bacc-2ecf-4914-892d-45c47335b8b0{ip: 172.17.0.2, host: d78c3f676a41, networkLocation: /default-rack, certSerialId: null}87450af1-8bb1-47ca-8fff-c762ff1b8a7d{ip: 172.17.0.2, host: d78c3f676a41, networkLocation: /default-rack, certSerialId: null}a0e9232a-3916-470b-b2b7-a7f4d4e85528{ip: 172.17.0.2, host: d78c3f676a41, networkLocation: /default-rack, certSerialId: null}, Type:RATIS, Factor:THREE, State:ALLOCATED, leaderId:87450af1-8bb1-47ca-8fff-c762ff1b8a7d, CreationTimestamp2020-05-27T19:49:49.290Z] moved to OPEN state
2020-05-27 19:49:57,456 [87450af1-8bb1-47ca-8fff-c762ff1b8a7d@group-6396F5342F23-SegmentedRaftLogWorker] INFO  segmented.SegmentedRaftLogWorker (SegmentedRaftLogWorker.java:execute(583)) - 87450af1-8bb1-47ca-8fff-c762ff1b8a7d@group-6396F5342F23-SegmentedRaftLogWorker: created new log segment /github/workspace/mnt/ozone/hadoop-ozone/integration-test/target/test-dir/MiniOzoneClusterImpl-087f03cc-a5a8-466d-ba79-9ca00bc8af49/datanode-3/data/ratis/8ade6f36-bcb4-426f-a0a0-6396f5342f23/current/log_inprogress_0
2020-05-27 19:49:57,458 [87450af1-8bb1-47ca-8fff-c762ff1b8a7d@group-6396F5342F23-LeaderElection8] INFO  impl.RaftServerImpl (ServerState.java:setRaftConf(356)) - 87450af1-8bb1-47ca-8fff-c762ff1b8a7d@group-6396F5342F23: set configuration 0: [a0e9232a-3916-470b-b2b7-a7f4d4e85528:172.17.0.2:37069, 87450af1-8bb1-47ca-8fff-c762ff1b8a7d:172.17.0.2:40269, 2688bacc-2ecf-4914-892d-45c47335b8b0:172.17.0.2:36383], old=null at 0
2020-05-27 19:49:57,462 [grpc-default-executor-0] INFO  impl.FollowerInfo (FollowerInfo.java:lambda$new$0(50)) - af513c94-01c3-4855-98d9-113503fe5dde@group-BD5830931E37->1c4024eb-e8ae-4853-a4fd-b82bf2e3801f: nextIndex: updateUnconditionally 1 -> 0
2020-05-27 19:49:57,472 [grpc-default-executor-6] INFO  impl.RaftServerImpl (ServerState.java:setLeader(255)) - 87450af1-8bb1-47ca-8fff-c762ff1b8a7d@group-6396F5342F23: change Leader from 87450af1-8bb1-47ca-8fff-c762ff1b8a7d to null at term 2 for updateCurrentTerm
2020-05-27 19:49:57,472 [grpc-default-executor-6] INFO  impl.RaftServerImpl (RaftServerImpl.java:setRole(173)) - 87450af1-8bb1-47ca-8fff-c762ff1b8a7d@group-6396F5342F23: changes role from    LEADER to FOLLOWER at term 2 for recognizeCandidate:2688bacc-2ecf-4914-892d-45c47335b8b0
2020-05-27 19:49:57,473 [grpc-default-executor-6] INFO  impl.RoleInfo (RoleInfo.java:shutdownLeaderState(104)) - 87450af1-8bb1-47ca-8fff-c762ff1b8a7d: shutdown LeaderState
2020-05-27 19:49:57,474 [grpc-default-executor-6] INFO  impl.PendingRequests (PendingRequests.java:sendNotLeaderResponses(242)) - 87450af1-8bb1-47ca-8fff-c762ff1b8a7d@group-6396F5342F23-PendingRequests: sendNotLeaderResponses
2020-05-27 19:49:57,474 [grpc-default-executor-6] INFO  metrics.RatisMetrics (RatisMetrics.java:unregister(46)) - Unregistering Metrics Registry : ratis.log_appender.87450af1-8bb1-47ca-8fff-c762ff1b8a7d@group-6396F5342F23
2020-05-27 19:49:57,474 [grpc-default-executor-6] INFO  impl.RoleInfo (RoleInfo.java:updateAndGet(143)) - 87450af1-8bb1-47ca-8fff-c762ff1b8a7d: start FollowerState
2020-05-27 19:49:57,477 [grpc-default-executor-0] INFO  impl.RaftServerImpl (RaftServerImpl.java:setRole(173)) - a0e9232a-3916-470b-b2b7-a7f4d4e85528@group-6396F5342F23: changes role from  FOLLOWER to FOLLOWER at term 2 for recognizeCandidate:2688bacc-2ecf-4914-892d-45c47335b8b0
2020-05-27 19:49:57,477 [grpc-default-executor-0] INFO  impl.RoleInfo (RoleInfo.java:shutdownFollowerState(121)) - a0e9232a-3916-470b-b2b7-a7f4d4e85528: shutdown FollowerState
2020-05-27 19:49:57,477 [grpc-default-executor-0] INFO  impl.RoleInfo (RoleInfo.java:updateAndGet(143)) - a0e9232a-3916-470b-b2b7-a7f4d4e85528: start FollowerState
2020-05-27 19:49:57,477 [Thread-354] INFO  impl.FollowerState (FollowerState.java:run(117)) - a0e9232a-3916-470b-b2b7-a7f4d4e85528@group-6396F5342F23-FollowerState was interrupted: java.lang.InterruptedException: sleep interrupted
2020-05-27 19:49:57,478 [org.apache.ratis.server.impl.LogAppender$AppenderDaemon$$Lambda$453/1449316980@29a7d195] WARN  server.GrpcLogAppender (GrpcLogAppender.java:mayWait(153)) - 87450af1-8bb1-47ca-8fff-c762ff1b8a7d@group-6396F5342F23->2688bacc-2ecf-4914-892d-45c47335b8b0-GrpcLogAppender: Wait interrupted by java.lang.InterruptedException
2020-05-27 19:49:57,484 [org.apache.ratis.server.impl.LogAppender$AppenderDaemon$$Lambda$453/1449316980@43977e20] WARN  server.GrpcLogAppender (GrpcLogAppender.java:mayWait(153)) - 87450af1-8bb1-47ca-8fff-c762ff1b8a7d@group-6396F5342F23->a0e9232a-3916-470b-b2b7-a7f4d4e85528-GrpcLogAppender: Wait interrupted by java.lang.InterruptedException
2020-05-27 19:49:57,481 [grpc-default-executor-5] INFO  server.GrpcServerProtocolService (GrpcServerProtocolService.java:onCompleted(137)) - 2688bacc-2ecf-4914-892d-45c47335b8b0: Completed APPEND_ENTRIES, lastRequest: 87450af1-8bb1-47ca-8fff-c762ff1b8a7d->2688bacc-2ecf-4914-892d-45c47335b8b0#1-t1, previous=(t:0, i:0), leaderCommit=0, initializing? false, entries: size=1, first=(t:1, i:0), CONFIGURATIONENTRY
2020-05-27 19:49:57,499 [grpc-default-executor-2] INFO  server.GrpcLogAppender (GrpcLogAppender.java:onCompleted(309)) - 87450af1-8bb1-47ca-8fff-c762ff1b8a7d@group-6396F5342F23->2688bacc-2ecf-4914-892d-45c47335b8b0-AppendLogResponseHandler: follower responses appendEntries COMPLETED
2020-05-27 19:49:57,500 [grpc-default-executor-2] INFO  impl.FollowerInfo (FollowerInfo.java:lambda$new$0(50)) - 87450af1-8bb1-47ca-8fff-c762ff1b8a7d@group-6396F5342F23->2688bacc-2ecf-4914-892d-45c47335b8b0: nextIndex: updateUnconditionally 1 -> 0
2020-05-27 19:49:57,502 [grpc-default-executor-2] INFO  server.GrpcServerProtocolService (GrpcServerProtocolService.java:onCompleted(137)) - a0e9232a-3916-470b-b2b7-a7f4d4e85528: Completed APPEND_ENTRIES, lastRequest: 87450af1-8bb1-47ca-8fff-c762ff1b8a7d->a0e9232a-3916-470b-b2b7-a7f4d4e85528#1-t1, previous=(t:0, i:0), leaderCommit=-1, initializing? false, entries: size=1, first=(t:1, i:0), CONFIGURATIONENTRY
2020-05-27 19:49:57,508 [grpc-default-executor-2] INFO  server.GrpcLogAppender (GrpcLogAppender.java:onCompleted(309)) - 87450af1-8bb1-47ca-8fff-c762ff1b8a7d@group-6396F5342F23->a0e9232a-3916-470b-b2b7-a7f4d4e85528-AppendLogResponseHandler: follower responses appendEntries COMPLETED
2020-05-27 19:49:57,509 [grpc-default-executor-2] INFO  impl.FollowerInfo (FollowerInfo.java:lambda$new$0(50)) - 87450af1-8bb1-47ca-8fff-c762ff1b8a7d@group-6396F5342F23->a0e9232a-3916-470b-b2b7-a7f4d4e85528: nextIndex: updateUnconditionally 1 -> 0
2020-05-27 19:49:57,607 [Thread-297] INFO  impl.FollowerState (FollowerState.java:run(108)) - 9d7d5f46-81d4-46e0-8077-1e8e3e04f00a@group-24711CF77BB7-FollowerState: change to CANDIDATE, lastRpcTime:5010ms, electionTimeout:5009ms
2020-05-27 19:49:57,607 [Thread-297] INFO  impl.RoleInfo (RoleInfo.java:shutdownFollowerState(121)) - 9d7d5f46-81d4-46e0-8077-1e8e3e04f00a: shutdown FollowerState
2020-05-27 19:49:57,607 [Thread-297] INFO  impl.RaftServerImpl (RaftServerImpl.java:setRole(173)) - 9d7d5f46-81d4-46e0-8077-1e8e3e04f00a@group-24711CF77BB7: changes role from  FOLLOWER to CANDIDATE at term 0 for changeToCandidate
2020-05-27 19:49:57,607 [Thread-297] INFO  impl.RoleInfo (RoleInfo.java:updateAndGet(143)) - 9d7d5f46-81d4-46e0-8077-1e8e3e04f00a: start LeaderElection
2020-05-27 19:49:57,614 [9d7d5f46-81d4-46e0-8077-1e8e3e04f00a@group-24711CF77BB7-LeaderElection10] INFO  impl.LeaderElection (LeaderElection.java:askForVotes(206)) - 9d7d5f46-81d4-46e0-8077-1e8e3e04f00a@group-24711CF77BB7-LeaderElection10: begin an election at term 1 for -1: [9d7d5f46-81d4-46e0-8077-1e8e3e04f00a:172.17.0.2:46303, ff44f4ae-b3a8-475e-bd25-fde191a4fa4e:172.17.0.2:41523, 11738693-eadc-4301-85a7-a3a14bdb5207:172.17.0.2:41983], old=null
2020-05-27 19:49:57,620 [Listener at 127.0.0.1/39857] INFO  ozone.MiniOzoneClusterImpl (MiniOzoneClusterImpl.java:lambda$waitForClusterToBeReady$0(177)) - Nodes are ready. Got 10 of 10 DN Heartbeats.
2020-05-27 19:49:57,620 [Listener at 127.0.0.1/39857] INFO  ozone.MiniOzoneClusterImpl (MiniOzoneClusterImpl.java:lambda$waitForClusterToBeReady$0(180)) - Cluster exits safe mode
2020-05-27 19:49:57,627 [Thread-293] INFO  impl.FollowerState (FollowerState.java:run(108)) - a0e9232a-3916-470b-b2b7-a7f4d4e85528@group-0C2843412823-FollowerState: change to CANDIDATE, lastRpcTime:5066ms, electionTimeout:5053ms
2020-05-27 19:49:57,627 [Thread-293] INFO  impl.RoleInfo (RoleInfo.java:shutdownFollowerState(121)) - a0e9232a-3916-470b-b2b7-a7f4d4e85528: shutdown FollowerState
2020-05-27 19:49:57,627 [Thread-293] INFO  impl.RaftServerImpl (RaftServerImpl.java:setRole(173)) - a0e9232a-3916-470b-b2b7-a7f4d4e85528@group-0C2843412823: changes role from  FOLLOWER to CANDIDATE at term 0 for changeToCandidate
2020-05-27 19:49:57,632 [Thread-293] INFO  impl.RoleInfo (RoleInfo.java:updateAndGet(143)) - a0e9232a-3916-470b-b2b7-a7f4d4e85528: start LeaderElection
2020-05-27 19:49:57,635 [grpc-default-executor-2] INFO  impl.RaftServerImpl (RaftServerImpl.java:setRole(173)) - ff44f4ae-b3a8-475e-bd25-fde191a4fa4e@group-24711CF77BB7: changes role from  FOLLOWER to FOLLOWER at term 1 for recognizeCandidate:9d7d5f46-81d4-46e0-8077-1e8e3e04f00a
2020-05-27 19:49:57,635 [grpc-default-executor-2] INFO  impl.RoleInfo (RoleInfo.java:shutdownFollowerState(121)) - ff44f4ae-b3a8-475e-bd25-fde191a4fa4e: shutdown FollowerState
2020-05-27 19:49:57,635 [grpc-default-executor-2] INFO  impl.RoleInfo (RoleInfo.java:updateAndGet(143)) - ff44f4ae-b3a8-475e-bd25-fde191a4fa4e: start FollowerState
2020-05-27 19:49:57,635 [Thread-295] INFO  impl.FollowerState (FollowerState.java:run(117)) - ff44f4ae-b3a8-475e-bd25-fde191a4fa4e@group-24711CF77BB7-FollowerState was interrupted: java.lang.InterruptedException: sleep interrupted
2020-05-27 19:49:57,645 [9d7d5f46-81d4-46e0-8077-1e8e3e04f00a@group-24711CF77BB7-LeaderElection10] INFO  impl.LeaderElection (LeaderElection.java:logAndReturn(61)) - 9d7d5f46-81d4-46e0-8077-1e8e3e04f00a@group-24711CF77BB7-LeaderElection10: Election PASSED; received 1 response(s) [9d7d5f46-81d4-46e0-8077-1e8e3e04f00a<-ff44f4ae-b3a8-475e-bd25-fde191a4fa4e#0:OK-t1] and 0 exception(s); 9d7d5f46-81d4-46e0-8077-1e8e3e04f00a@group-24711CF77BB7:t1, leader=null, voted=9d7d5f46-81d4-46e0-8077-1e8e3e04f00a, raftlog=9d7d5f46-81d4-46e0-8077-1e8e3e04f00a@group-24711CF77BB7-SegmentedRaftLog:OPENED:c-1,f-1,i0, conf=-1: [9d7d5f46-81d4-46e0-8077-1e8e3e04f00a:172.17.0.2:46303, ff44f4ae-b3a8-475e-bd25-fde191a4fa4e:172.17.0.2:41523, 11738693-eadc-4301-85a7-a3a14bdb5207:172.17.0.2:41983], old=null
2020-05-27 19:49:57,645 [9d7d5f46-81d4-46e0-8077-1e8e3e04f00a@group-24711CF77BB7-LeaderElection10] INFO  impl.RoleInfo (RoleInfo.java:shutdownLeaderElection(134)) - 9d7d5f46-81d4-46e0-8077-1e8e3e04f00a: shutdown LeaderElection
2020-05-27 19:49:57,645 [9d7d5f46-81d4-46e0-8077-1e8e3e04f00a@group-24711CF77BB7-LeaderElection10] INFO  impl.RaftServerImpl (RaftServerImpl.java:setRole(173)) - 9d7d5f46-81d4-46e0-8077-1e8e3e04f00a@group-24711CF77BB7: changes role from CANDIDATE to LEADER at term 1 for changeToLeader
2020-05-27 19:49:57,645 [9d7d5f46-81d4-46e0-8077-1e8e3e04f00a@group-24711CF77BB7-LeaderElection10] INFO  ratis.XceiverServerRatis (XceiverServerRatis.java:handleLeaderChangedNotification(762)) - Leader change notification received for group: group-24711CF77BB7 with new leaderId: 9d7d5f46-81d4-46e0-8077-1e8e3e04f00a
2020-05-27 19:49:57,646 [9d7d5f46-81d4-46e0-8077-1e8e3e04f00a@group-24711CF77BB7-LeaderElection10] INFO  impl.RaftServerImpl (ServerState.java:setLeader(255)) - 9d7d5f46-81d4-46e0-8077-1e8e3e04f00a@group-24711CF77BB7: change Leader from null to 9d7d5f46-81d4-46e0-8077-1e8e3e04f00a at term 1 for becomeLeader, leader elected after 5071ms
2020-05-27 19:49:57,646 [9d7d5f46-81d4-46e0-8077-1e8e3e04f00a@group-24711CF77BB7-LeaderElection10] INFO  server.RaftServerConfigKeys (ConfUtils.java:logGet(44)) - raft.server.staging.catchup.gap = 1000 (default)
2020-05-27 19:49:57,646 [9d7d5f46-81d4-46e0-8077-1e8e3e04f00a@group-24711CF77BB7-LeaderElection10] INFO  server.RaftServerConfigKeys (ConfUtils.java:logGet(44)) - raft.server.rpc.sleep.time = 25ms (default)
2020-05-27 19:49:57,646 [9d7d5f46-81d4-46e0-8077-1e8e3e04f00a@group-24711CF77BB7-LeaderElection10] INFO  metrics.RatisMetrics (RatisMetrics.java:lambda$create$0(39)) - Creating Metrics Registry : ratis.log_appender.9d7d5f46-81d4-46e0-8077-1e8e3e04f00a@group-24711CF77BB7
2020-05-27 19:49:57,646 [9d7d5f46-81d4-46e0-8077-1e8e3e04f00a@group-24711CF77BB7-LeaderElection10] INFO  server.RaftServerConfigKeys (ConfUtils.java:logGet(44)) - raft.server.write.element-limit = 1024 (custom)
2020-05-27 19:49:57,646 [9d7d5f46-81d4-46e0-8077-1e8e3e04f00a@group-24711CF77BB7-LeaderElection10] INFO  server.RaftServerConfigKeys (ConfUtils.java:logGet(44)) - raft.server.write.byte-limit = 1073741824 (custom)
2020-05-27 19:49:57,647 [9d7d5f46-81d4-46e0-8077-1e8e3e04f00a@group-24711CF77BB7-LeaderElection10] INFO  server.RaftServerConfigKeys (ConfUtils.java:logGet(44)) - raft.server.watch.timeout = 180s (custom)
2020-05-27 19:49:57,647 [9d7d5f46-81d4-46e0-8077-1e8e3e04f00a@group-24711CF77BB7-LeaderElection10] INFO  server.RaftServerConfigKeys (ConfUtils.java:logGet(44)) - raft.server.watch.timeout.denomination = 1s (default)
2020-05-27 19:49:57,647 [9d7d5f46-81d4-46e0-8077-1e8e3e04f00a@group-24711CF77BB7-LeaderElection10] INFO  server.RaftServerConfigKeys (ConfUtils.java:logGet(44)) - raft.server.watch.element-limit = 65536 (default)
2020-05-27 19:49:57,647 [9d7d5f46-81d4-46e0-8077-1e8e3e04f00a@group-24711CF77BB7-LeaderElection10] INFO  server.RaftServerConfigKeys (ConfUtils.java:logGet(44)) - raft.server.log.appender.snapshot.chunk.size.max = 16MB (=16777216) (default)
2020-05-27 19:49:57,647 [9d7d5f46-81d4-46e0-8077-1e8e3e04f00a@group-24711CF77BB7-LeaderElection10] INFO  server.RaftServerConfigKeys (ConfUtils.java:logGet(44)) - raft.server.log.appender.buffer.byte-limit = 33554432 (custom)
2020-05-27 19:49:57,647 [9d7d5f46-81d4-46e0-8077-1e8e3e04f00a@group-24711CF77BB7-LeaderElection10] INFO  server.RaftServerConfigKeys (ConfUtils.java:logGet(44)) - raft.server.log.appender.buffer.element-limit = 1 (custom)
2020-05-27 19:49:57,647 [9d7d5f46-81d4-46e0-8077-1e8e3e04f00a@group-24711CF77BB7-LeaderElection10] INFO  grpc.GrpcConfigKeys (ConfUtils.java:logGet(44)) - raft.grpc.server.leader.outstanding.appends.max = 128 (default)
2020-05-27 19:49:57,647 [9d7d5f46-81d4-46e0-8077-1e8e3e04f00a@group-24711CF77BB7-LeaderElection10] INFO  server.RaftServerConfigKeys (ConfUtils.java:logGet(44)) - raft.server.rpc.request.timeout = 60s (custom)
2020-05-27 19:49:57,648 [9d7d5f46-81d4-46e0-8077-1e8e3e04f00a@group-24711CF77BB7-LeaderElection10] INFO  server.RaftServerConfigKeys (ConfUtils.java:logGet(44)) - raft.server.log.appender.install.snapshot.enabled = false (custom)
2020-05-27 19:49:57,649 [EventQueue-PipelineReportForPipelineReportHandler] INFO  pipeline.PipelineStateManager (PipelineStateManager.java:openPipeline(131)) - Pipeline Pipeline[ Id: d125cbeb-4fc9-47e5-974a-24711cf77bb7, Nodes: ff44f4ae-b3a8-475e-bd25-fde191a4fa4e{ip: 172.17.0.2, host: d78c3f676a41, networkLocation: /default-rack, certSerialId: null}11738693-eadc-4301-85a7-a3a14bdb5207{ip: 172.17.0.2, host: d78c3f676a41, networkLocation: /default-rack, certSerialId: null}9d7d5f46-81d4-46e0-8077-1e8e3e04f00a{ip: 172.17.0.2, host: d78c3f676a41, networkLocation: /default-rack, certSerialId: null}, Type:RATIS, Factor:THREE, State:ALLOCATED, leaderId:9d7d5f46-81d4-46e0-8077-1e8e3e04f00a, CreationTimestamp2020-05-27T19:49:49.539Z] moved to OPEN state
2020-05-27 19:49:57,649 [grpc-default-executor-2] INFO  impl.RaftServerImpl (RaftServerImpl.java:setRole(173)) - 11738693-eadc-4301-85a7-a3a14bdb5207@group-24711CF77BB7: changes role from  FOLLOWER to FOLLOWER at term 1 for recognizeCandidate:9d7d5f46-81d4-46e0-8077-1e8e3e04f00a
2020-05-27 19:49:57,654 [grpc-default-executor-2] INFO  impl.RoleInfo (RoleInfo.java:shutdownFollowerState(121)) - 11738693-eadc-4301-85a7-a3a14bdb5207: shutdown FollowerState
2020-05-27 19:49:57,654 [grpc-default-executor-2] INFO  impl.RoleInfo (RoleInfo.java:updateAndGet(143)) - 11738693-eadc-4301-85a7-a3a14bdb5207: start FollowerState
2020-05-27 19:49:57,649 [9d7d5f46-81d4-46e0-8077-1e8e3e04f00a@group-24711CF77BB7-LeaderElection10] INFO  server.RaftServerConfigKeys (ConfUtils.java:logGet(44)) - raft.server.log.appender.snapshot.chunk.size.max = 16MB (=16777216) (default)
2020-05-27 19:49:57,660 [a0e9232a-3916-470b-b2b7-a7f4d4e85528@group-0C2843412823-LeaderElection11] INFO  impl.LeaderElection (LeaderElection.java:askForVotes(206)) - a0e9232a-3916-470b-b2b7-a7f4d4e85528@group-0C2843412823-LeaderElection11: begin an election at term 1 for -1: [a0e9232a-3916-470b-b2b7-a7f4d4e85528:172.17.0.2:37069], old=null
2020-05-27 19:49:57,668 [a0e9232a-3916-470b-b2b7-a7f4d4e85528@group-0C2843412823-LeaderElection11] INFO  impl.RoleInfo (RoleInfo.java:shutdownLeaderElection(134)) - a0e9232a-3916-470b-b2b7-a7f4d4e85528: shutdown LeaderElection
2020-05-27 19:49:57,668 [a0e9232a-3916-470b-b2b7-a7f4d4e85528@group-0C2843412823-LeaderElection11] INFO  impl.RaftServerImpl (RaftServerImpl.java:setRole(173)) - a0e9232a-3916-470b-b2b7-a7f4d4e85528@group-0C2843412823: changes role from CANDIDATE to LEADER at term 1 for changeToLeader
2020-05-27 19:49:57,668 [a0e9232a-3916-470b-b2b7-a7f4d4e85528@group-0C2843412823-LeaderElection11] INFO  ratis.XceiverServerRatis (XceiverServerRatis.java:handleLeaderChangedNotification(762)) - Leader change notification received for group: group-0C2843412823 with new leaderId: a0e9232a-3916-470b-b2b7-a7f4d4e85528
2020-05-27 19:49:57,669 [a0e9232a-3916-470b-b2b7-a7f4d4e85528@group-0C2843412823-LeaderElection11] INFO  impl.RaftServerImpl (ServerState.java:setLeader(255)) - a0e9232a-3916-470b-b2b7-a7f4d4e85528@group-0C2843412823: change Leader from null to a0e9232a-3916-470b-b2b7-a7f4d4e85528 at term 1 for becomeLeader, leader elected after 5151ms
2020-05-27 19:49:57,669 [a0e9232a-3916-470b-b2b7-a7f4d4e85528@group-0C2843412823-LeaderElection11] INFO  server.RaftServerConfigKeys (ConfUtils.java:logGet(44)) - raft.server.staging.catchup.gap = 1000 (default)
2020-05-27 19:49:57,669 [a0e9232a-3916-470b-b2b7-a7f4d4e85528@group-0C2843412823-LeaderElection11] INFO  server.RaftServerConfigKeys (ConfUtils.java:logGet(44)) - raft.server.rpc.sleep.time = 25ms (default)
2020-05-27 19:49:57,669 [a0e9232a-3916-470b-b2b7-a7f4d4e85528@group-0C2843412823-LeaderElection11] INFO  metrics.RatisMetrics (RatisMetrics.java:lambda$create$0(39)) - Creating Metrics Registry : ratis.log_appender.a0e9232a-3916-470b-b2b7-a7f4d4e85528@group-0C2843412823
2020-05-27 19:49:57,669 [a0e9232a-3916-470b-b2b7-a7f4d4e85528@group-0C2843412823-LeaderElection11] INFO  server.RaftServerConfigKeys (ConfUtils.java:logGet(44)) - raft.server.write.element-limit = 1024 (custom)
2020-05-27 19:49:57,669 [a0e9232a-3916-470b-b2b7-a7f4d4e85528@group-0C2843412823-LeaderElection11] INFO  server.RaftServerConfigKeys (ConfUtils.java:logGet(44)) - raft.server.write.byte-limit = 1073741824 (custom)
2020-05-27 19:49:57,669 [a0e9232a-3916-470b-b2b7-a7f4d4e85528@group-0C2843412823-LeaderElection11] INFO  server.RaftServerConfigKeys (ConfUtils.java:logGet(44)) - raft.server.watch.timeout = 180s (custom)
2020-05-27 19:49:57,670 [a0e9232a-3916-470b-b2b7-a7f4d4e85528@group-0C2843412823-LeaderElection11] INFO  server.RaftServerConfigKeys (ConfUtils.java:logGet(44)) - raft.server.watch.timeout.denomination = 1s (default)
2020-05-27 19:49:57,670 [a0e9232a-3916-470b-b2b7-a7f4d4e85528@group-0C2843412823-LeaderElection11] INFO  server.RaftServerConfigKeys (ConfUtils.java:logGet(44)) - raft.server.watch.element-limit = 65536 (default)
2020-05-27 19:49:57,670 [a0e9232a-3916-470b-b2b7-a7f4d4e85528@group-0C2843412823-LeaderElection11] INFO  impl.RoleInfo (RoleInfo.java:updateAndGet(143)) - a0e9232a-3916-470b-b2b7-a7f4d4e85528: start LeaderState
2020-05-27 19:49:57,670 [a0e9232a-3916-470b-b2b7-a7f4d4e85528@group-0C2843412823-LeaderElection11] INFO  segmented.SegmentedRaftLogWorker (SegmentedRaftLogWorker.java:startLogSegment(391)) - a0e9232a-3916-470b-b2b7-a7f4d4e85528@group-0C2843412823-SegmentedRaftLogWorker: Starting segment from index:0
2020-05-27 19:49:57,654 [Thread-303] INFO  impl.FollowerState (FollowerState.java:run(117)) - 11738693-eadc-4301-85a7-a3a14bdb5207@group-24711CF77BB7-FollowerState was interrupted: java.lang.InterruptedException: sleep interrupted
2020-05-27 19:49:57,668 [9d7d5f46-81d4-46e0-8077-1e8e3e04f00a@group-24711CF77BB7-LeaderElection10] INFO  server.RaftServerConfigKeys (ConfUtils.java:logGet(44)) - raft.server.log.appender.buffer.byte-limit = 33554432 (custom)
2020-05-27 19:49:57,671 [9d7d5f46-81d4-46e0-8077-1e8e3e04f00a@group-24711CF77BB7-LeaderElection10] INFO  server.RaftServerConfigKeys (ConfUtils.java:logGet(44)) - raft.server.log.appender.buffer.element-limit = 1 (custom)
2020-05-27 19:49:57,671 [9d7d5f46-81d4-46e0-8077-1e8e3e04f00a@group-24711CF77BB7-LeaderElection10] INFO  grpc.GrpcConfigKeys (ConfUtils.java:logGet(44)) - raft.grpc.server.leader.outstanding.appends.max = 128 (default)
2020-05-27 19:49:57,671 [9d7d5f46-81d4-46e0-8077-1e8e3e04f00a@group-24711CF77BB7-LeaderElection10] INFO  server.RaftServerConfigKeys (ConfUtils.java:logGet(44)) - raft.server.rpc.request.timeout = 60s (custom)
2020-05-27 19:49:57,671 [9d7d5f46-81d4-46e0-8077-1e8e3e04f00a@group-24711CF77BB7-LeaderElection10] INFO  server.RaftServerConfigKeys (ConfUtils.java:logGet(44)) - raft.server.log.appender.install.snapshot.enabled = false (custom)
2020-05-27 19:49:57,672 [9d7d5f46-81d4-46e0-8077-1e8e3e04f00a@group-24711CF77BB7-LeaderElection10] INFO  impl.RoleInfo (RoleInfo.java:updateAndGet(143)) - 9d7d5f46-81d4-46e0-8077-1e8e3e04f00a: start LeaderState
2020-05-27 19:49:57,672 [9d7d5f46-81d4-46e0-8077-1e8e3e04f00a@group-24711CF77BB7-LeaderElection10] INFO  segmented.SegmentedRaftLogWorker (SegmentedRaftLogWorker.java:startLogSegment(391)) - 9d7d5f46-81d4-46e0-8077-1e8e3e04f00a@group-24711CF77BB7-SegmentedRaftLogWorker: Starting segment from index:0
2020-05-27 19:49:57,674 [a0e9232a-3916-470b-b2b7-a7f4d4e85528@group-0C2843412823-SegmentedRaftLogWorker] INFO  segmented.SegmentedRaftLogWorker (SegmentedRaftLogWorker.java:execute(583)) - a0e9232a-3916-470b-b2b7-a7f4d4e85528@group-0C2843412823-SegmentedRaftLogWorker: created new log segment /github/workspace/mnt/ozone/hadoop-ozone/integration-test/target/test-dir/MiniOzoneClusterImpl-087f03cc-a5a8-466d-ba79-9ca00bc8af49/datanode-5/data/ratis/656a7a89-bc9b-4583-8faa-0c2843412823/current/log_inprogress_0
2020-05-27 19:49:57,675 [9d7d5f46-81d4-46e0-8077-1e8e3e04f00a@group-24711CF77BB7-SegmentedRaftLogWorker] INFO  segmented.SegmentedRaftLogWorker (SegmentedRaftLogWorker.java:execute(583)) - 9d7d5f46-81d4-46e0-8077-1e8e3e04f00a@group-24711CF77BB7-SegmentedRaftLogWorker: created new log segment /github/workspace/mnt/ozone/hadoop-ozone/integration-test/target/test-dir/MiniOzoneClusterImpl-087f03cc-a5a8-466d-ba79-9ca00bc8af49/datanode-6/data/ratis/d125cbeb-4fc9-47e5-974a-24711cf77bb7/current/log_inprogress_0
2020-05-27 19:49:57,691 [9d7d5f46-81d4-46e0-8077-1e8e3e04f00a@group-24711CF77BB7-LeaderElection10] INFO  impl.RaftServerImpl (ServerState.java:setRaftConf(356)) - 9d7d5f46-81d4-46e0-8077-1e8e3e04f00a@group-24711CF77BB7: set configuration 0: [9d7d5f46-81d4-46e0-8077-1e8e3e04f00a:172.17.0.2:46303, ff44f4ae-b3a8-475e-bd25-fde191a4fa4e:172.17.0.2:41523, 11738693-eadc-4301-85a7-a3a14bdb5207:172.17.0.2:41983], old=null at 0
2020-05-27 19:49:57,888 [Thread-301] INFO  impl.FollowerState (FollowerState.java:run(108)) - 11738693-eadc-4301-85a7-a3a14bdb5207@group-C3AA7D86BD94-FollowerState: change to CANDIDATE, lastRpcTime:5234ms, electionTimeout:5132ms
2020-05-27 19:49:57,892 [Thread-305] INFO  impl.FollowerState (FollowerState.java:run(108)) - 2249a830-3dc3-4d6a-99bf-b20cbb6e14c2@group-B617E0968A6D-FollowerState: change to CANDIDATE, lastRpcTime:5175ms, electionTimeout:5016ms
2020-05-27 19:49:57,892 [Thread-291] INFO  impl.FollowerState (FollowerState.java:run(108)) - 9d7d5f46-81d4-46e0-8077-1e8e3e04f00a@group-AC89D3534F6D-FollowerState: change to CANDIDATE, lastRpcTime:5358ms, electionTimeout:5195ms
2020-05-27 19:49:57,894 [Thread-289] INFO  impl.FollowerState (FollowerState.java:run(108)) - ff44f4ae-b3a8-475e-bd25-fde191a4fa4e@group-A4C97E42B0DD-FollowerState: change to CANDIDATE, lastRpcTime:5357ms, electionTimeout:5160ms
2020-05-27 19:49:57,896 [a0e9232a-3916-470b-b2b7-a7f4d4e85528@group-0C2843412823-LeaderElection11] INFO  impl.RaftServerImpl (ServerState.java:setRaftConf(356)) - a0e9232a-3916-470b-b2b7-a7f4d4e85528@group-0C2843412823: set configuration 0: [a0e9232a-3916-470b-b2b7-a7f4d4e85528:172.17.0.2:37069], old=null at 0
2020-05-27 19:49:57,897 [Thread-301] INFO  impl.RoleInfo (RoleInfo.java:shutdownFollowerState(121)) - 11738693-eadc-4301-85a7-a3a14bdb5207: shutdown FollowerState
2020-05-27 19:49:57,898 [Thread-301] INFO  impl.RaftServerImpl (RaftServerImpl.java:setRole(173)) - 11738693-eadc-4301-85a7-a3a14bdb5207@group-C3AA7D86BD94: changes role from  FOLLOWER to CANDIDATE at term 0 for changeToCandidate
2020-05-27 19:49:57,898 [Thread-301] INFO  impl.RoleInfo (RoleInfo.java:updateAndGet(143)) - 11738693-eadc-4301-85a7-a3a14bdb5207: start LeaderElection
2020-05-27 19:49:57,898 [Thread-305] INFO  impl.RoleInfo (RoleInfo.java:shutdownFollowerState(121)) - 2249a830-3dc3-4d6a-99bf-b20cbb6e14c2: shutdown FollowerState
2020-05-27 19:49:57,898 [Thread-305] INFO  impl.RaftServerImpl (RaftServerImpl.java:setRole(173)) - 2249a830-3dc3-4d6a-99bf-b20cbb6e14c2@group-B617E0968A6D: changes role from  FOLLOWER to CANDIDATE at term 0 for changeToCandidate
2020-05-27 19:49:57,898 [Thread-291] INFO  impl.RoleInfo (RoleInfo.java:shutdownFollowerState(121)) - 9d7d5f46-81d4-46e0-8077-1e8e3e04f00a: shutdown FollowerState
2020-05-27 19:49:57,898 [Thread-291] INFO  impl.RaftServerImpl (RaftServerImpl.java:setRole(173)) - 9d7d5f46-81d4-46e0-8077-1e8e3e04f00a@group-AC89D3534F6D: changes role from  FOLLOWER to CANDIDATE at term 0 for changeToCandidate
2020-05-27 19:49:57,898 [Thread-289] INFO  impl.RoleInfo (RoleInfo.java:shutdownFollowerState(121)) - ff44f4ae-b3a8-475e-bd25-fde191a4fa4e: shutdown FollowerState
2020-05-27 19:49:57,898 [Thread-289] INFO  impl.RaftServerImpl (RaftServerImpl.java:setRole(173)) - ff44f4ae-b3a8-475e-bd25-fde191a4fa4e@group-A4C97E42B0DD: changes role from  FOLLOWER to CANDIDATE at term 0 for changeToCandidate
2020-05-27 19:49:57,904 [Thread-289] INFO  impl.RoleInfo (RoleInfo.java:updateAndGet(143)) - ff44f4ae-b3a8-475e-bd25-fde191a4fa4e: start LeaderElection
2020-05-27 19:49:57,905 [Thread-291] INFO  impl.RoleInfo (RoleInfo.java:updateAndGet(143)) - 9d7d5f46-81d4-46e0-8077-1e8e3e04f00a: start LeaderElection
2020-05-27 19:49:57,910 [Thread-305] INFO  impl.RoleInfo (RoleInfo.java:updateAndGet(143)) - 2249a830-3dc3-4d6a-99bf-b20cbb6e14c2: start LeaderElection
2020-05-27 19:49:57,911 [grpc-default-executor-0] INFO  ratis.XceiverServerRatis (XceiverServerRatis.java:handleLeaderChangedNotification(762)) - Leader change notification received for group: group-24711CF77BB7 with new leaderId: 9d7d5f46-81d4-46e0-8077-1e8e3e04f00a
2020-05-27 19:49:57,911 [grpc-default-executor-0] INFO  impl.RaftServerImpl (ServerState.java:setLeader(255)) - 11738693-eadc-4301-85a7-a3a14bdb5207@group-24711CF77BB7: change Leader from null to 9d7d5f46-81d4-46e0-8077-1e8e3e04f00a at term 1 for appendEntries, leader elected after 5230ms
2020-05-27 19:49:57,911 [grpc-default-executor-3] INFO  ratis.XceiverServerRatis (XceiverServerRatis.java:handleLeaderChangedNotification(762)) - Leader change notification received for group: group-24711CF77BB7 with new leaderId: 9d7d5f46-81d4-46e0-8077-1e8e3e04f00a
2020-05-27 19:49:57,911 [grpc-default-executor-3] INFO  impl.RaftServerImpl (ServerState.java:setLeader(255)) - ff44f4ae-b3a8-475e-bd25-fde191a4fa4e@group-24711CF77BB7: change Leader from null to 9d7d5f46-81d4-46e0-8077-1e8e3e04f00a at term 1 for appendEntries, leader elected after 5330ms
2020-05-27 19:49:57,948 [11738693-eadc-4301-85a7-a3a14bdb5207@group-C3AA7D86BD94-LeaderElection12] INFO  impl.LeaderElection (LeaderElection.java:askForVotes(206)) - 11738693-eadc-4301-85a7-a3a14bdb5207@group-C3AA7D86BD94-LeaderElection12: begin an election at term 1 for -1: [11738693-eadc-4301-85a7-a3a14bdb5207:172.17.0.2:41983], old=null
2020-05-27 19:49:57,948 [11738693-eadc-4301-85a7-a3a14bdb5207@group-C3AA7D86BD94-LeaderElection12] INFO  impl.RoleInfo (RoleInfo.java:shutdownLeaderElection(134)) - 11738693-eadc-4301-85a7-a3a14bdb5207: shutdown LeaderElection
2020-05-27 19:49:57,948 [11738693-eadc-4301-85a7-a3a14bdb5207@group-C3AA7D86BD94-LeaderElection12] INFO  impl.RaftServerImpl (RaftServerImpl.java:setRole(173)) - 11738693-eadc-4301-85a7-a3a14bdb5207@group-C3AA7D86BD94: changes role from CANDIDATE to LEADER at term 1 for changeToLeader
2020-05-27 19:49:57,948 [11738693-eadc-4301-85a7-a3a14bdb5207@group-C3AA7D86BD94-LeaderElection12] INFO  ratis.XceiverServerRatis (XceiverServerRatis.java:handleLeaderChangedNotification(762)) - Leader change notification received for group: group-C3AA7D86BD94 with new leaderId: 11738693-eadc-4301-85a7-a3a14bdb5207
2020-05-27 19:49:57,949 [11738693-eadc-4301-85a7-a3a14bdb5207@group-C3AA7D86BD94-LeaderElection12] INFO  impl.RaftServerImpl (ServerState.java:setLeader(255)) - 11738693-eadc-4301-85a7-a3a14bdb5207@group-C3AA7D86BD94: change Leader from null to 11738693-eadc-4301-85a7-a3a14bdb5207 at term 1 for becomeLeader, leader elected after 5311ms
2020-05-27 19:49:57,949 [11738693-eadc-4301-85a7-a3a14bdb5207@group-C3AA7D86BD94-LeaderElection12] INFO  server.RaftServerConfigKeys (ConfUtils.java:logGet(44)) - raft.server.staging.catchup.gap = 1000 (default)
2020-05-27 19:49:57,949 [11738693-eadc-4301-85a7-a3a14bdb5207@group-C3AA7D86BD94-LeaderElection12] INFO  server.RaftServerConfigKeys (ConfUtils.java:logGet(44)) - raft.server.rpc.sleep.time = 25ms (default)
2020-05-27 19:49:57,949 [11738693-eadc-4301-85a7-a3a14bdb5207@group-C3AA7D86BD94-LeaderElection12] INFO  metrics.RatisMetrics (RatisMetrics.java:lambda$create$0(39)) - Creating Metrics Registry : ratis.log_appender.11738693-eadc-4301-85a7-a3a14bdb5207@group-C3AA7D86BD94
2020-05-27 19:49:57,951 [grpc-default-executor-2] INFO  impl.RaftServerImpl (ServerState.java:setRaftConf(356)) - ff44f4ae-b3a8-475e-bd25-fde191a4fa4e@group-24711CF77BB7: set configuration 0: [9d7d5f46-81d4-46e0-8077-1e8e3e04f00a:172.17.0.2:46303, ff44f4ae-b3a8-475e-bd25-fde191a4fa4e:172.17.0.2:41523, 11738693-eadc-4301-85a7-a3a14bdb5207:172.17.0.2:41983], old=null at 0
2020-05-27 19:49:57,951 [grpc-default-executor-2] INFO  segmented.SegmentedRaftLogWorker (SegmentedRaftLogWorker.java:startLogSegment(391)) - ff44f4ae-b3a8-475e-bd25-fde191a4fa4e@group-24711CF77BB7-SegmentedRaftLogWorker: Starting segment from index:0
2020-05-27 19:49:57,953 [ff44f4ae-b3a8-475e-bd25-fde191a4fa4e@group-A4C97E42B0DD-LeaderElection15] INFO  impl.LeaderElection (LeaderElection.java:askForVotes(206)) - ff44f4ae-b3a8-475e-bd25-fde191a4fa4e@group-A4C97E42B0DD-LeaderElection15: begin an election at term 1 for -1: [ff44f4ae-b3a8-475e-bd25-fde191a4fa4e:172.17.0.2:41523], old=null
2020-05-27 19:49:57,953 [ff44f4ae-b3a8-475e-bd25-fde191a4fa4e@group-A4C97E42B0DD-LeaderElection15] INFO  impl.RoleInfo (RoleInfo.java:shutdownLeaderElection(134)) - ff44f4ae-b3a8-475e-bd25-fde191a4fa4e: shutdown LeaderElection
2020-05-27 19:49:57,954 [ff44f4ae-b3a8-475e-bd25-fde191a4fa4e@group-A4C97E42B0DD-LeaderElection15] INFO  impl.RaftServerImpl (RaftServerImpl.java:setRole(173)) - ff44f4ae-b3a8-475e-bd25-fde191a4fa4e@group-A4C97E42B0DD: changes role from CANDIDATE to LEADER at term 1 for changeToLeader
2020-05-27 19:49:57,954 [ff44f4ae-b3a8-475e-bd25-fde191a4fa4e@group-A4C97E42B0DD-LeaderElection15] INFO  ratis.XceiverServerRatis (XceiverServerRatis.java:handleLeaderChangedNotification(762)) - Leader change notification received for group: group-A4C97E42B0DD with new leaderId: ff44f4ae-b3a8-475e-bd25-fde191a4fa4e
2020-05-27 19:49:57,954 [ff44f4ae-b3a8-475e-bd25-fde191a4fa4e@group-A4C97E42B0DD-LeaderElection15] INFO  impl.RaftServerImpl (ServerState.java:setLeader(255)) - ff44f4ae-b3a8-475e-bd25-fde191a4fa4e@group-A4C97E42B0DD: change Leader from null to ff44f4ae-b3a8-475e-bd25-fde191a4fa4e at term 1 for becomeLeader, leader elected after 5438ms
2020-05-27 19:49:57,954 [ff44f4ae-b3a8-475e-bd25-fde191a4fa4e@group-A4C97E42B0DD-LeaderElection15] INFO  server.RaftServerConfigKeys (ConfUtils.java:logGet(44)) - raft.server.staging.catchup.gap = 1000 (default)
2020-05-27 19:49:57,954 [ff44f4ae-b3a8-475e-bd25-fde191a4fa4e@group-A4C97E42B0DD-LeaderElection15] INFO  server.RaftServerConfigKeys (ConfUtils.java:logGet(44)) - raft.server.rpc.sleep.time = 25ms (default)
2020-05-27 19:49:57,954 [ff44f4ae-b3a8-475e-bd25-fde191a4fa4e@group-A4C97E42B0DD-LeaderElection15] INFO  metrics.RatisMetrics (RatisMetrics.java:lambda$create$0(39)) - Creating Metrics Registry : ratis.log_appender.ff44f4ae-b3a8-475e-bd25-fde191a4fa4e@group-A4C97E42B0DD
2020-05-27 19:49:57,954 [ff44f4ae-b3a8-475e-bd25-fde191a4fa4e@group-24711CF77BB7-SegmentedRaftLogWorker] INFO  segmented.SegmentedRaftLogWorker (SegmentedRaftLogWorker.java:execute(583)) - ff44f4ae-b3a8-475e-bd25-fde191a4fa4e@group-24711CF77BB7-SegmentedRaftLogWorker: created new log segment /github/workspace/mnt/ozone/hadoop-ozone/integration-test/target/test-dir/MiniOzoneClusterImpl-087f03cc-a5a8-466d-ba79-9ca00bc8af49/datanode-7/data/ratis/d125cbeb-4fc9-47e5-974a-24711cf77bb7/current/log_inprogress_0
2020-05-27 19:49:57,954 [grpc-default-executor-3] INFO  impl.RaftServerImpl (ServerState.java:setRaftConf(356)) - 11738693-eadc-4301-85a7-a3a14bdb5207@group-24711CF77BB7: set configuration 0: [9d7d5f46-81d4-46e0-8077-1e8e3e04f00a:172.17.0.2:46303, ff44f4ae-b3a8-475e-bd25-fde191a4fa4e:172.17.0.2:41523, 11738693-eadc-4301-85a7-a3a14bdb5207:172.17.0.2:41983], old=null at 0
2020-05-27 19:49:57,955 [11738693-eadc-4301-85a7-a3a14bdb5207@group-C3AA7D86BD94-LeaderElection12] INFO  server.RaftServerConfigKeys (ConfUtils.java:logGet(44)) - raft.server.write.element-limit = 1024 (custom)
2020-05-27 19:49:57,955 [11738693-eadc-4301-85a7-a3a14bdb5207@group-C3AA7D86BD94-LeaderElection12] INFO  server.RaftServerConfigKeys (ConfUtils.java:logGet(44)) - raft.server.write.byte-limit = 1073741824 (custom)
2020-05-27 19:49:57,956 [ff44f4ae-b3a8-475e-bd25-fde191a4fa4e@group-A4C97E42B0DD-LeaderElection15] INFO  server.RaftServerConfigKeys (ConfUtils.java:logGet(44)) - raft.server.write.element-limit = 1024 (custom)
2020-05-27 19:49:57,956 [ff44f4ae-b3a8-475e-bd25-fde191a4fa4e@group-A4C97E42B0DD-LeaderElection15] INFO  server.RaftServerConfigKeys (ConfUtils.java:logGet(44)) - raft.server.write.byte-limit = 1073741824 (custom)
2020-05-27 19:49:57,956 [9d7d5f46-81d4-46e0-8077-1e8e3e04f00a@group-AC89D3534F6D-LeaderElection14] INFO  impl.LeaderElection (LeaderElection.java:askForVotes(206)) - 9d7d5f46-81d4-46e0-8077-1e8e3e04f00a@group-AC89D3534F6D-LeaderElection14: begin an election at term 1 for -1: [9d7d5f46-81d4-46e0-8077-1e8e3e04f00a:172.17.0.2:46303], old=null
2020-05-27 19:49:57,956 [9d7d5f46-81d4-46e0-8077-1e8e3e04f00a@group-AC89D3534F6D-LeaderElection14] INFO  impl.RoleInfo (RoleInfo.java:shutdownLeaderElection(134)) - 9d7d5f46-81d4-46e0-8077-1e8e3e04f00a: shutdown LeaderElection
2020-05-27 19:49:57,956 [2249a830-3dc3-4d6a-99bf-b20cbb6e14c2@group-B617E0968A6D-LeaderElection13] INFO  impl.LeaderElection (LeaderElection.java:askForVotes(206)) - 2249a830-3dc3-4d6a-99bf-b20cbb6e14c2@group-B617E0968A6D-LeaderElection13: begin an election at term 1 for -1: [2249a830-3dc3-4d6a-99bf-b20cbb6e14c2:172.17.0.2:43245], old=null
2020-05-27 19:49:57,956 [9d7d5f46-81d4-46e0-8077-1e8e3e04f00a@group-AC89D3534F6D-LeaderElection14] INFO  impl.RaftServerImpl (RaftServerImpl.java:setRole(173)) - 9d7d5f46-81d4-46e0-8077-1e8e3e04f00a@group-AC89D3534F6D: changes role from CANDIDATE to LEADER at term 1 for changeToLeader
2020-05-27 19:49:57,957 [2249a830-3dc3-4d6a-99bf-b20cbb6e14c2@group-B617E0968A6D-LeaderElection13] INFO  impl.RoleInfo (RoleInfo.java:shutdownLeaderElection(134)) - 2249a830-3dc3-4d6a-99bf-b20cbb6e14c2: shutdown LeaderElection
2020-05-27 19:49:57,957 [9d7d5f46-81d4-46e0-8077-1e8e3e04f00a@group-AC89D3534F6D-LeaderElection14] INFO  ratis.XceiverServerRatis (XceiverServerRatis.java:handleLeaderChangedNotification(762)) - Leader change notification received for group: group-AC89D3534F6D with new leaderId: 9d7d5f46-81d4-46e0-8077-1e8e3e04f00a
2020-05-27 19:49:57,957 [2249a830-3dc3-4d6a-99bf-b20cbb6e14c2@group-B617E0968A6D-LeaderElection13] INFO  impl.RaftServerImpl (RaftServerImpl.java:setRole(173)) - 2249a830-3dc3-4d6a-99bf-b20cbb6e14c2@group-B617E0968A6D: changes role from CANDIDATE to LEADER at term 1 for changeToLeader
2020-05-27 19:49:57,957 [2249a830-3dc3-4d6a-99bf-b20cbb6e14c2@group-B617E0968A6D-LeaderElection13] INFO  ratis.XceiverServerRatis (XceiverServerRatis.java:handleLeaderChangedNotification(762)) - Leader change notification received for group: group-B617E0968A6D with new leaderId: 2249a830-3dc3-4d6a-99bf-b20cbb6e14c2
2020-05-27 19:49:57,957 [2249a830-3dc3-4d6a-99bf-b20cbb6e14c2@group-B617E0968A6D-LeaderElection13] INFO  impl.RaftServerImpl (ServerState.java:setLeader(255)) - 2249a830-3dc3-4d6a-99bf-b20cbb6e14c2@group-B617E0968A6D: change Leader from null to 2249a830-3dc3-4d6a-99bf-b20cbb6e14c2 at term 1 for becomeLeader, leader elected after 5256ms
2020-05-27 19:49:57,957 [2249a830-3dc3-4d6a-99bf-b20cbb6e14c2@group-B617E0968A6D-LeaderElection13] INFO  server.RaftServerConfigKeys (ConfUtils.java:logGet(44)) - raft.server.staging.catchup.gap = 1000 (default)
2020-05-27 19:49:57,957 [2249a830-3dc3-4d6a-99bf-b20cbb6e14c2@group-B617E0968A6D-LeaderElection13] INFO  server.RaftServerConfigKeys (ConfUtils.java:logGet(44)) - raft.server.rpc.sleep.time = 25ms (default)
2020-05-27 19:49:57,957 [2249a830-3dc3-4d6a-99bf-b20cbb6e14c2@group-B617E0968A6D-LeaderElection13] INFO  metrics.RatisMetrics (RatisMetrics.java:lambda$create$0(39)) - Creating Metrics Registry : ratis.log_appender.2249a830-3dc3-4d6a-99bf-b20cbb6e14c2@group-B617E0968A6D
2020-05-27 19:49:57,957 [2249a830-3dc3-4d6a-99bf-b20cbb6e14c2@group-B617E0968A6D-LeaderElection13] INFO  server.RaftServerConfigKeys (ConfUtils.java:logGet(44)) - raft.server.write.element-limit = 1024 (custom)
2020-05-27 19:49:57,957 [2249a830-3dc3-4d6a-99bf-b20cbb6e14c2@group-B617E0968A6D-LeaderElection13] INFO  server.RaftServerConfigKeys (ConfUtils.java:logGet(44)) - raft.server.write.byte-limit = 1073741824 (custom)
2020-05-27 19:49:57,957 [9d7d5f46-81d4-46e0-8077-1e8e3e04f00a@group-AC89D3534F6D-LeaderElection14] INFO  impl.RaftServerImpl (ServerState.java:setLeader(255)) - 9d7d5f46-81d4-46e0-8077-1e8e3e04f00a@group-AC89D3534F6D: change Leader from null to 9d7d5f46-81d4-46e0-8077-1e8e3e04f00a at term 1 for becomeLeader, leader elected after 5444ms
2020-05-27 19:49:57,958 [9d7d5f46-81d4-46e0-8077-1e8e3e04f00a@group-AC89D3534F6D-LeaderElection14] INFO  server.RaftServerConfigKeys (ConfUtils.java:logGet(44)) - raft.server.staging.catchup.gap = 1000 (default)
2020-05-27 19:49:57,958 [9d7d5f46-81d4-46e0-8077-1e8e3e04f00a@group-AC89D3534F6D-LeaderElection14] INFO  server.RaftServerConfigKeys (ConfUtils.java:logGet(44)) - raft.server.rpc.sleep.time = 25ms (default)
2020-05-27 19:49:57,958 [9d7d5f46-81d4-46e0-8077-1e8e3e04f00a@group-AC89D3534F6D-LeaderElection14] INFO  metrics.RatisMetrics (RatisMetrics.java:lambda$create$0(39)) - Creating Metrics Registry : ratis.log_appender.9d7d5f46-81d4-46e0-8077-1e8e3e04f00a@group-AC89D3534F6D
2020-05-27 19:49:57,958 [9d7d5f46-81d4-46e0-8077-1e8e3e04f00a@group-AC89D3534F6D-LeaderElection14] INFO  server.RaftServerConfigKeys (ConfUtils.java:logGet(44)) - raft.server.write.element-limit = 1024 (custom)
2020-05-27 19:49:57,958 [9d7d5f46-81d4-46e0-8077-1e8e3e04f00a@group-AC89D3534F6D-LeaderElection14] INFO  server.RaftServerConfigKeys (ConfUtils.java:logGet(44)) - raft.server.write.byte-limit = 1073741824 (custom)
2020-05-27 19:49:57,962 [grpc-default-executor-3] INFO  segmented.SegmentedRaftLogWorker (SegmentedRaftLogWorker.java:startLogSegment(391)) - 11738693-eadc-4301-85a7-a3a14bdb5207@group-24711CF77BB7-SegmentedRaftLogWorker: Starting segment from index:0
2020-05-27 19:49:57,964 [11738693-eadc-4301-85a7-a3a14bdb5207@group-C3AA7D86BD94-LeaderElection12] INFO  server.RaftServerConfigKeys (ConfUtils.java:logGet(44)) - raft.server.watch.timeout = 180s (custom)
2020-05-27 19:49:57,965 [11738693-eadc-4301-85a7-a3a14bdb5207@group-C3AA7D86BD94-LeaderElection12] INFO  server.RaftServerConfigKeys (ConfUtils.java:logGet(44)) - raft.server.watch.timeout.denomination = 1s (default)
2020-05-27 19:49:57,965 [9d7d5f46-81d4-46e0-8077-1e8e3e04f00a@group-AC89D3534F6D-LeaderElection14] INFO  server.RaftServerConfigKeys (ConfUtils.java:logGet(44)) - raft.server.watch.timeout = 180s (custom)
2020-05-27 19:49:57,965 [9d7d5f46-81d4-46e0-8077-1e8e3e04f00a@group-AC89D3534F6D-LeaderElection14] INFO  server.RaftServerConfigKeys (ConfUtils.java:logGet(44)) - raft.server.watch.timeout.denomination = 1s (default)
2020-05-27 19:49:57,964 [ff44f4ae-b3a8-475e-bd25-fde191a4fa4e@group-A4C97E42B0DD-LeaderElection15] INFO  server.RaftServerConfigKeys (ConfUtils.java:logGet(44)) - raft.server.watch.timeout = 180s (custom)
2020-05-27 19:49:57,965 [9d7d5f46-81d4-46e0-8077-1e8e3e04f00a@group-AC89D3534F6D-LeaderElection14] INFO  server.RaftServerConfigKeys (ConfUtils.java:logGet(44)) - raft.server.watch.element-limit = 65536 (default)
2020-05-27 19:49:57,965 [11738693-eadc-4301-85a7-a3a14bdb5207@group-C3AA7D86BD94-LeaderElection12] INFO  server.RaftServerConfigKeys (ConfUtils.java:logGet(44)) - raft.server.watch.element-limit = 65536 (default)
2020-05-27 19:49:57,965 [9d7d5f46-81d4-46e0-8077-1e8e3e04f00a@group-AC89D3534F6D-LeaderElection14] INFO  impl.RoleInfo (RoleInfo.java:updateAndGet(143)) - 9d7d5f46-81d4-46e0-8077-1e8e3e04f00a: start LeaderState
2020-05-27 19:49:57,965 [9d7d5f46-81d4-46e0-8077-1e8e3e04f00a@group-AC89D3534F6D-LeaderElection14] INFO  segmented.SegmentedRaftLogWorker (SegmentedRaftLogWorker.java:startLogSegment(391)) - 9d7d5f46-81d4-46e0-8077-1e8e3e04f00a@group-AC89D3534F6D-SegmentedRaftLogWorker: Starting segment from index:0
2020-05-27 19:49:57,965 [2249a830-3dc3-4d6a-99bf-b20cbb6e14c2@group-B617E0968A6D-LeaderElection13] INFO  server.RaftServerConfigKeys (ConfUtils.java:logGet(44)) - raft.server.watch.timeout = 180s (custom)
2020-05-27 19:49:57,965 [11738693-eadc-4301-85a7-a3a14bdb5207@group-24711CF77BB7-SegmentedRaftLogWorker] INFO  segmented.SegmentedRaftLogWorker (SegmentedRaftLogWorker.java:execute(583)) - 11738693-eadc-4301-85a7-a3a14bdb5207@group-24711CF77BB7-SegmentedRaftLogWorker: created new log segment /github/workspace/mnt/ozone/hadoop-ozone/integration-test/target/test-dir/MiniOzoneClusterImpl-087f03cc-a5a8-466d-ba79-9ca00bc8af49/datanode-8/data/ratis/d125cbeb-4fc9-47e5-974a-24711cf77bb7/current/log_inprogress_0
2020-05-27 19:49:57,965 [11738693-eadc-4301-85a7-a3a14bdb5207@group-C3AA7D86BD94-LeaderElection12] INFO  impl.RoleInfo (RoleInfo.java:updateAndGet(143)) - 11738693-eadc-4301-85a7-a3a14bdb5207: start LeaderState
2020-05-27 19:49:57,965 [ff44f4ae-b3a8-475e-bd25-fde191a4fa4e@group-A4C97E42B0DD-LeaderElection15] INFO  server.RaftServerConfigKeys (ConfUtils.java:logGet(44)) - raft.server.watch.timeout.denomination = 1s (default)
2020-05-27 19:49:57,966 [ff44f4ae-b3a8-475e-bd25-fde191a4fa4e@group-A4C97E42B0DD-LeaderElection15] INFO  server.RaftServerConfigKeys (ConfUtils.java:logGet(44)) - raft.server.watch.element-limit = 65536 (default)
2020-05-27 19:49:57,966 [ff44f4ae-b3a8-475e-bd25-fde191a4fa4e@group-A4C97E42B0DD-LeaderElection15] INFO  impl.RoleInfo (RoleInfo.java:updateAndGet(143)) - ff44f4ae-b3a8-475e-bd25-fde191a4fa4e: start LeaderState
2020-05-27 19:49:57,966 [ff44f4ae-b3a8-475e-bd25-fde191a4fa4e@group-A4C97E42B0DD-LeaderElection15] INFO  segmented.SegmentedRaftLogWorker (SegmentedRaftLogWorker.java:startLogSegment(391)) - ff44f4ae-b3a8-475e-bd25-fde191a4fa4e@group-A4C97E42B0DD-SegmentedRaftLogWorker: Starting segment from index:0
2020-05-27 19:49:57,965 [2249a830-3dc3-4d6a-99bf-b20cbb6e14c2@group-B617E0968A6D-LeaderElection13] INFO  server.RaftServerConfigKeys (ConfUtils.java:logGet(44)) - raft.server.watch.timeout.denomination = 1s (default)
2020-05-27 19:49:57,966 [2249a830-3dc3-4d6a-99bf-b20cbb6e14c2@group-B617E0968A6D-LeaderElection13] INFO  server.RaftServerConfigKeys (ConfUtils.java:logGet(44)) - raft.server.watch.element-limit = 65536 (default)
2020-05-27 19:49:57,966 [2249a830-3dc3-4d6a-99bf-b20cbb6e14c2@group-B617E0968A6D-LeaderElection13] INFO  impl.RoleInfo (RoleInfo.java:updateAndGet(143)) - 2249a830-3dc3-4d6a-99bf-b20cbb6e14c2: start LeaderState
2020-05-27 19:49:57,966 [2249a830-3dc3-4d6a-99bf-b20cbb6e14c2@group-B617E0968A6D-LeaderElection13] INFO  segmented.SegmentedRaftLogWorker (SegmentedRaftLogWorker.java:startLogSegment(391)) - 2249a830-3dc3-4d6a-99bf-b20cbb6e14c2@group-B617E0968A6D-SegmentedRaftLogWorker: Starting segment from index:0
2020-05-27 19:49:57,966 [11738693-eadc-4301-85a7-a3a14bdb5207@group-C3AA7D86BD94-LeaderElection12] INFO  segmented.SegmentedRaftLogWorker (SegmentedRaftLogWorker.java:startLogSegment(391)) - 11738693-eadc-4301-85a7-a3a14bdb5207@group-C3AA7D86BD94-SegmentedRaftLogWorker: Starting segment from index:0
2020-05-27 19:49:57,968 [11738693-eadc-4301-85a7-a3a14bdb5207@group-C3AA7D86BD94-SegmentedRaftLogWorker] INFO  segmented.SegmentedRaftLogWorker (SegmentedRaftLogWorker.java:execute(583)) - 11738693-eadc-4301-85a7-a3a14bdb5207@group-C3AA7D86BD94-SegmentedRaftLogWorker: created new log segment /github/workspace/mnt/ozone/hadoop-ozone/integration-test/target/test-dir/MiniOzoneClusterImpl-087f03cc-a5a8-466d-ba79-9ca00bc8af49/datanode-8/data/ratis/b224b5c5-f498-4966-9600-c3aa7d86bd94/current/log_inprogress_0
2020-05-27 19:49:57,980 [11738693-eadc-4301-85a7-a3a14bdb5207@group-C3AA7D86BD94-LeaderElection12] INFO  impl.RaftServerImpl (ServerState.java:setRaftConf(356)) - 11738693-eadc-4301-85a7-a3a14bdb5207@group-C3AA7D86BD94: set configuration 0: [11738693-eadc-4301-85a7-a3a14bdb5207:172.17.0.2:41983], old=null at 0
2020-05-27 19:49:57,988 [2249a830-3dc3-4d6a-99bf-b20cbb6e14c2@group-B617E0968A6D-LeaderElection13] INFO  impl.RaftServerImpl (ServerState.java:setRaftConf(356)) - 2249a830-3dc3-4d6a-99bf-b20cbb6e14c2@group-B617E0968A6D: set configuration 0: [2249a830-3dc3-4d6a-99bf-b20cbb6e14c2:172.17.0.2:43245], old=null at 0
2020-05-27 19:49:57,989 [ff44f4ae-b3a8-475e-bd25-fde191a4fa4e@group-A4C97E42B0DD-SegmentedRaftLogWorker] INFO  segmented.SegmentedRaftLogWorker (SegmentedRaftLogWorker.java:execute(583)) - ff44f4ae-b3a8-475e-bd25-fde191a4fa4e@group-A4C97E42B0DD-SegmentedRaftLogWorker: created new log segment /github/workspace/mnt/ozone/hadoop-ozone/integration-test/target/test-dir/MiniOzoneClusterImpl-087f03cc-a5a8-466d-ba79-9ca00bc8af49/datanode-7/data/ratis/e1ec049e-9957-45cd-8376-a4c97e42b0dd/current/log_inprogress_0
2020-05-27 19:49:57,996 [ff44f4ae-b3a8-475e-bd25-fde191a4fa4e@group-A4C97E42B0DD-LeaderElection15] INFO  impl.RaftServerImpl (ServerState.java:setRaftConf(356)) - ff44f4ae-b3a8-475e-bd25-fde191a4fa4e@group-A4C97E42B0DD: set configuration 0: [ff44f4ae-b3a8-475e-bd25-fde191a4fa4e:172.17.0.2:41523], old=null at 0
2020-05-27 19:49:57,998 [9d7d5f46-81d4-46e0-8077-1e8e3e04f00a@group-AC89D3534F6D-SegmentedRaftLogWorker] INFO  segmented.SegmentedRaftLogWorker (SegmentedRaftLogWorker.java:execute(583)) - 9d7d5f46-81d4-46e0-8077-1e8e3e04f00a@group-AC89D3534F6D-SegmentedRaftLogWorker: created new log segment /github/workspace/mnt/ozone/hadoop-ozone/integration-test/target/test-dir/MiniOzoneClusterImpl-087f03cc-a5a8-466d-ba79-9ca00bc8af49/datanode-6/data/ratis/b3d8e818-45d5-49de-aa32-ac89d3534f6d/current/log_inprogress_0
2020-05-27 19:49:58,000 [9d7d5f46-81d4-46e0-8077-1e8e3e04f00a@group-AC89D3534F6D-LeaderElection14] INFO  impl.RaftServerImpl (ServerState.java:setRaftConf(356)) - 9d7d5f46-81d4-46e0-8077-1e8e3e04f00a@group-AC89D3534F6D: set configuration 0: [9d7d5f46-81d4-46e0-8077-1e8e3e04f00a:172.17.0.2:46303], old=null at 0
2020-05-27 19:49:58,009 [2249a830-3dc3-4d6a-99bf-b20cbb6e14c2@group-B617E0968A6D-SegmentedRaftLogWorker] INFO  segmented.SegmentedRaftLogWorker (SegmentedRaftLogWorker.java:execute(583)) - 2249a830-3dc3-4d6a-99bf-b20cbb6e14c2@group-B617E0968A6D-SegmentedRaftLogWorker: created new log segment /github/workspace/mnt/ozone/hadoop-ozone/integration-test/target/test-dir/MiniOzoneClusterImpl-087f03cc-a5a8-466d-ba79-9ca00bc8af49/datanode-9/data/ratis/b80d94cb-4322-4727-b73e-b617e0968a6d/current/log_inprogress_0
2020-05-27 19:49:58,460 [Listener at 127.0.0.1/39857] INFO  ozone.MiniOzoneClusterImpl (MiniOzoneClusterImpl.java:getStorageContainerLocationClient(289)) - Creating StorageContainerLocationProtocol RPC client with address /0.0.0.0:38855
2020-05-27 19:49:58,482 [Listener at 127.0.0.1/39857] INFO  rpc.RpcClient (RpcClient.java:createVolume(310)) - Creating Volume: b97ca702-6405-402a-92aa-a13885b77e68, with jenkins1001 as owner.
2020-05-27 19:49:58,551 [IPC Server handler 2 on default port 39857] INFO  volume.OMVolumeCreateRequest (OMVolumeCreateRequest.java:validateAndUpdateCache(204)) - created volume:b97ca702-6405-402a-92aa-a13885b77e68 for user:jenkins1001
2020-05-27 19:49:58,574 [Listener at 127.0.0.1/39857] INFO  rpc.RpcClient (RpcClient.java:createBucket(450)) - Creating Bucket: b97ca702-6405-402a-92aa-a13885b77e68/40e9b220-692f-4831-a63d-66a9ceebe5c3, with Versioning false and Storage Type set to DISK and Encryption set to false 
2020-05-27 19:49:58,709 [Listener at 127.0.0.1/39857] INFO  impl.MetricsSystemImpl (MetricsSystemImpl.java:init(158)) - XceiverClientMetrics metrics system started (again)
2020-05-27 19:50:00,324 [EventQueue-Delayed safe mode statusForReplicationManager] INFO  container.ReplicationManager (ReplicationManager.java:start(167)) - Starting Replication Monitor Thread.
2020-05-27 19:50:00,331 [ReplicationMonitor] INFO  container.ReplicationManager (ReplicationManager.java:run(230)) - Replication Monitor Thread took 6 milliseconds for processing 1 containers.
2020-05-27 19:50:00,331 [EventQueue-CloseContainerForCloseContainerEventHandler] INFO  container.CloseContainerEventHandler (CloseContainerEventHandler.java:onMessage(61)) - Close container Event triggered for container : #1
2020-05-27 19:50:02,171 [Command processor thread] ERROR commandhandler.CloseContainerCommandHandler (CloseContainerCommandHandler.java:handle(85)) - Container #1 does not exist in datanode. Container close failed.
2020-05-27 19:50:02,221 [Command processor thread] ERROR commandhandler.CloseContainerCommandHandler (CloseContainerCommandHandler.java:handle(85)) - Container #1 does not exist in datanode. Container close failed.
2020-05-27 19:50:02,305 [Command processor thread] ERROR commandhandler.CloseContainerCommandHandler (CloseContainerCommandHandler.java:handle(85)) - Container #1 does not exist in datanode. Container close failed.
2020-05-27 19:50:02,398 [Thread-347] INFO  impl.FollowerState (FollowerState.java:run(108)) - 1c4024eb-e8ae-4853-a4fd-b82bf2e3801f@group-BD5830931E37-FollowerState: change to CANDIDATE, lastRpcTime:5051ms, electionTimeout:5046ms
2020-05-27 19:50:02,398 [Thread-347] INFO  impl.RoleInfo (RoleInfo.java:shutdownFollowerState(121)) - 1c4024eb-e8ae-4853-a4fd-b82bf2e3801f: shutdown FollowerState
2020-05-27 19:50:02,398 [Thread-347] INFO  impl.RaftServerImpl (RaftServerImpl.java:setRole(173)) - 1c4024eb-e8ae-4853-a4fd-b82bf2e3801f@group-BD5830931E37: changes role from  FOLLOWER to CANDIDATE at term 2 for changeToCandidate
2020-05-27 19:50:02,398 [Thread-347] INFO  impl.RoleInfo (RoleInfo.java:updateAndGet(143)) - 1c4024eb-e8ae-4853-a4fd-b82bf2e3801f: start LeaderElection
2020-05-27 19:50:02,405 [1c4024eb-e8ae-4853-a4fd-b82bf2e3801f@group-BD5830931E37-LeaderElection16] INFO  impl.LeaderElection (LeaderElection.java:askForVotes(206)) - 1c4024eb-e8ae-4853-a4fd-b82bf2e3801f@group-BD5830931E37-LeaderElection16: begin an election at term 3 for -1: [11818299-8fcf-4dd1-9a9c-009f994fa618:172.17.0.2:36841, 1c4024eb-e8ae-4853-a4fd-b82bf2e3801f:172.17.0.2:36233, af513c94-01c3-4855-98d9-113503fe5dde:172.17.0.2:38851], old=null
2020-05-27 19:50:02,417 [grpc-default-executor-0] INFO  impl.RaftServerImpl (RaftServerImpl.java:setRole(173)) - 11818299-8fcf-4dd1-9a9c-009f994fa618@group-BD5830931E37: changes role from  FOLLOWER to FOLLOWER at term 3 for recognizeCandidate:1c4024eb-e8ae-4853-a4fd-b82bf2e3801f
2020-05-27 19:50:02,417 [grpc-default-executor-0] INFO  impl.RoleInfo (RoleInfo.java:shutdownFollowerState(121)) - 11818299-8fcf-4dd1-9a9c-009f994fa618: shutdown FollowerState
2020-05-27 19:50:02,418 [grpc-default-executor-0] INFO  impl.RoleInfo (RoleInfo.java:updateAndGet(143)) - 11818299-8fcf-4dd1-9a9c-009f994fa618: start FollowerState
2020-05-27 19:50:02,418 [Thread-337] INFO  impl.FollowerState (FollowerState.java:run(117)) - 11818299-8fcf-4dd1-9a9c-009f994fa618@group-BD5830931E37-FollowerState was interrupted: java.lang.InterruptedException: sleep interrupted
2020-05-27 19:50:02,427 [1c4024eb-e8ae-4853-a4fd-b82bf2e3801f@group-BD5830931E37-LeaderElection16] INFO  impl.LeaderElection (LeaderElection.java:logAndReturn(61)) - 1c4024eb-e8ae-4853-a4fd-b82bf2e3801f@group-BD5830931E37-LeaderElection16: Election PASSED; received 1 response(s) [1c4024eb-e8ae-4853-a4fd-b82bf2e3801f<-11818299-8fcf-4dd1-9a9c-009f994fa618#0:OK-t3] and 0 exception(s); 1c4024eb-e8ae-4853-a4fd-b82bf2e3801f@group-BD5830931E37:t3, leader=null, voted=1c4024eb-e8ae-4853-a4fd-b82bf2e3801f, raftlog=1c4024eb-e8ae-4853-a4fd-b82bf2e3801f@group-BD5830931E37-SegmentedRaftLog:OPENED:c-1,f-1,i0, conf=-1: [11818299-8fcf-4dd1-9a9c-009f994fa618:172.17.0.2:36841, 1c4024eb-e8ae-4853-a4fd-b82bf2e3801f:172.17.0.2:36233, af513c94-01c3-4855-98d9-113503fe5dde:172.17.0.2:38851], old=null
2020-05-27 19:50:02,427 [1c4024eb-e8ae-4853-a4fd-b82bf2e3801f@group-BD5830931E37-LeaderElection16] INFO  impl.RoleInfo (RoleInfo.java:shutdownLeaderElection(134)) - 1c4024eb-e8ae-4853-a4fd-b82bf2e3801f: shutdown LeaderElection
2020-05-27 19:50:02,427 [1c4024eb-e8ae-4853-a4fd-b82bf2e3801f@group-BD5830931E37-LeaderElection16] INFO  impl.RaftServerImpl (RaftServerImpl.java:setRole(173)) - 1c4024eb-e8ae-4853-a4fd-b82bf2e3801f@group-BD5830931E37: changes role from CANDIDATE to LEADER at term 3 for changeToLeader
2020-05-27 19:50:02,427 [grpc-default-executor-0] INFO  impl.RaftServerImpl (RaftServerImpl.java:setRole(173)) - af513c94-01c3-4855-98d9-113503fe5dde@group-BD5830931E37: changes role from  FOLLOWER to FOLLOWER at term 3 for recognizeCandidate:1c4024eb-e8ae-4853-a4fd-b82bf2e3801f
2020-05-27 19:50:02,432 [grpc-default-executor-0] INFO  impl.RoleInfo (RoleInfo.java:shutdownFollowerState(121)) - af513c94-01c3-4855-98d9-113503fe5dde: shutdown FollowerState
2020-05-27 19:50:02,432 [grpc-default-executor-0] INFO  impl.RoleInfo (RoleInfo.java:updateAndGet(143)) - af513c94-01c3-4855-98d9-113503fe5dde: start FollowerState
2020-05-27 19:50:02,427 [1c4024eb-e8ae-4853-a4fd-b82bf2e3801f@group-BD5830931E37-LeaderElection16] INFO  ratis.XceiverServerRatis (XceiverServerRatis.java:handleLeaderChangedNotification(762)) - Leader change notification received for group: group-BD5830931E37 with new leaderId: 1c4024eb-e8ae-4853-a4fd-b82bf2e3801f
2020-05-27 19:50:02,433 [1c4024eb-e8ae-4853-a4fd-b82bf2e3801f@group-BD5830931E37-LeaderElection16] INFO  impl.RaftServerImpl (ServerState.java:setLeader(255)) - 1c4024eb-e8ae-4853-a4fd-b82bf2e3801f@group-BD5830931E37: change Leader from null to 1c4024eb-e8ae-4853-a4fd-b82bf2e3801f at term 3 for becomeLeader, leader elected after 10345ms
2020-05-27 19:50:02,433 [1c4024eb-e8ae-4853-a4fd-b82bf2e3801f@group-BD5830931E37-LeaderElection16] INFO  server.RaftServerConfigKeys (ConfUtils.java:logGet(44)) - raft.server.staging.catchup.gap = 1000 (default)
2020-05-27 19:50:02,433 [1c4024eb-e8ae-4853-a4fd-b82bf2e3801f@group-BD5830931E37-LeaderElection16] INFO  server.RaftServerConfigKeys (ConfUtils.java:logGet(44)) - raft.server.rpc.sleep.time = 25ms (default)
2020-05-27 19:50:02,433 [1c4024eb-e8ae-4853-a4fd-b82bf2e3801f@group-BD5830931E37-LeaderElection16] INFO  metrics.RatisMetrics (RatisMetrics.java:lambda$create$0(39)) - Creating Metrics Registry : ratis.log_appender.1c4024eb-e8ae-4853-a4fd-b82bf2e3801f@group-BD5830931E37
2020-05-27 19:50:02,433 [1c4024eb-e8ae-4853-a4fd-b82bf2e3801f@group-BD5830931E37-LeaderElection16] INFO  server.RaftServerConfigKeys (ConfUtils.java:logGet(44)) - raft.server.write.element-limit = 1024 (custom)
2020-05-27 19:50:02,433 [1c4024eb-e8ae-4853-a4fd-b82bf2e3801f@group-BD5830931E37-LeaderElection16] INFO  server.RaftServerConfigKeys (ConfUtils.java:logGet(44)) - raft.server.write.byte-limit = 1073741824 (custom)
2020-05-27 19:50:02,434 [1c4024eb-e8ae-4853-a4fd-b82bf2e3801f@group-BD5830931E37-LeaderElection16] INFO  server.RaftServerConfigKeys (ConfUtils.java:logGet(44)) - raft.server.watch.timeout = 180s (custom)
2020-05-27 19:50:02,434 [1c4024eb-e8ae-4853-a4fd-b82bf2e3801f@group-BD5830931E37-LeaderElection16] INFO  server.RaftServerConfigKeys (ConfUtils.java:logGet(44)) - raft.server.watch.timeout.denomination = 1s (default)
2020-05-27 19:50:02,434 [1c4024eb-e8ae-4853-a4fd-b82bf2e3801f@group-BD5830931E37-LeaderElection16] INFO  server.RaftServerConfigKeys (ConfUtils.java:logGet(44)) - raft.server.watch.element-limit = 65536 (default)
2020-05-27 19:50:02,432 [Thread-352] INFO  impl.FollowerState (FollowerState.java:run(117)) - af513c94-01c3-4855-98d9-113503fe5dde@group-BD5830931E37-FollowerState was interrupted: java.lang.InterruptedException: sleep interrupted
2020-05-27 19:50:02,435 [1c4024eb-e8ae-4853-a4fd-b82bf2e3801f@group-BD5830931E37-LeaderElection16] INFO  server.RaftServerConfigKeys (ConfUtils.java:logGet(44)) - raft.server.log.appender.snapshot.chunk.size.max = 16MB (=16777216) (default)
2020-05-27 19:50:02,435 [1c4024eb-e8ae-4853-a4fd-b82bf2e3801f@group-BD5830931E37-LeaderElection16] INFO  server.RaftServerConfigKeys (ConfUtils.java:logGet(44)) - raft.server.log.appender.buffer.byte-limit = 33554432 (custom)
2020-05-27 19:50:02,436 [1c4024eb-e8ae-4853-a4fd-b82bf2e3801f@group-BD5830931E37-LeaderElection16] INFO  server.RaftServerConfigKeys (ConfUtils.java:logGet(44)) - raft.server.log.appender.buffer.element-limit = 1 (custom)
2020-05-27 19:50:02,436 [1c4024eb-e8ae-4853-a4fd-b82bf2e3801f@group-BD5830931E37-LeaderElection16] INFO  grpc.GrpcConfigKeys (ConfUtils.java:logGet(44)) - raft.grpc.server.leader.outstanding.appends.max = 128 (default)
2020-05-27 19:50:02,436 [1c4024eb-e8ae-4853-a4fd-b82bf2e3801f@group-BD5830931E37-LeaderElection16] INFO  server.RaftServerConfigKeys (ConfUtils.java:logGet(44)) - raft.server.rpc.request.timeout = 60s (custom)
2020-05-27 19:50:02,436 [1c4024eb-e8ae-4853-a4fd-b82bf2e3801f@group-BD5830931E37-LeaderElection16] INFO  server.RaftServerConfigKeys (ConfUtils.java:logGet(44)) - raft.server.log.appender.install.snapshot.enabled = false (custom)
2020-05-27 19:50:02,437 [1c4024eb-e8ae-4853-a4fd-b82bf2e3801f@group-BD5830931E37-LeaderElection16] INFO  server.RaftServerConfigKeys (ConfUtils.java:logGet(44)) - raft.server.log.appender.snapshot.chunk.size.max = 16MB (=16777216) (default)
2020-05-27 19:50:02,437 [1c4024eb-e8ae-4853-a4fd-b82bf2e3801f@group-BD5830931E37-LeaderElection16] INFO  server.RaftServerConfigKeys (ConfUtils.java:logGet(44)) - raft.server.log.appender.buffer.byte-limit = 33554432 (custom)
2020-05-27 19:50:02,437 [1c4024eb-e8ae-4853-a4fd-b82bf2e3801f@group-BD5830931E37-LeaderElection16] INFO  server.RaftServerConfigKeys (ConfUtils.java:logGet(44)) - raft.server.log.appender.buffer.element-limit = 1 (custom)
2020-05-27 19:50:02,437 [1c4024eb-e8ae-4853-a4fd-b82bf2e3801f@group-BD5830931E37-LeaderElection16] INFO  grpc.GrpcConfigKeys (ConfUtils.java:logGet(44)) - raft.grpc.server.leader.outstanding.appends.max = 128 (default)
2020-05-27 19:50:02,437 [1c4024eb-e8ae-4853-a4fd-b82bf2e3801f@group-BD5830931E37-LeaderElection16] INFO  server.RaftServerConfigKeys (ConfUtils.java:logGet(44)) - raft.server.rpc.request.timeout = 60s (custom)
2020-05-27 19:50:02,437 [1c4024eb-e8ae-4853-a4fd-b82bf2e3801f@group-BD5830931E37-LeaderElection16] INFO  server.RaftServerConfigKeys (ConfUtils.java:logGet(44)) - raft.server.log.appender.install.snapshot.enabled = false (custom)
2020-05-27 19:50:02,438 [1c4024eb-e8ae-4853-a4fd-b82bf2e3801f@group-BD5830931E37-LeaderElection16] INFO  impl.RoleInfo (RoleInfo.java:updateAndGet(143)) - 1c4024eb-e8ae-4853-a4fd-b82bf2e3801f: start LeaderState
2020-05-27 19:50:02,439 [1c4024eb-e8ae-4853-a4fd-b82bf2e3801f@group-BD5830931E37-LeaderElection16] INFO  segmented.SegmentedRaftLogWorker (SegmentedRaftLogWorker.java:startLogSegment(391)) - 1c4024eb-e8ae-4853-a4fd-b82bf2e3801f@group-BD5830931E37-SegmentedRaftLogWorker: Starting segment from index:0
2020-05-27 19:50:02,447 [1c4024eb-e8ae-4853-a4fd-b82bf2e3801f@group-BD5830931E37-LeaderElection16] INFO  impl.RaftServerImpl (ServerState.java:setRaftConf(356)) - 1c4024eb-e8ae-4853-a4fd-b82bf2e3801f@group-BD5830931E37: set configuration 0: [11818299-8fcf-4dd1-9a9c-009f994fa618:172.17.0.2:36841, 1c4024eb-e8ae-4853-a4fd-b82bf2e3801f:172.17.0.2:36233, af513c94-01c3-4855-98d9-113503fe5dde:172.17.0.2:38851], old=null at 0
2020-05-27 19:50:02,462 [grpc-default-executor-3] INFO  ratis.XceiverServerRatis (XceiverServerRatis.java:handleLeaderChangedNotification(762)) - Leader change notification received for group: group-BD5830931E37 with new leaderId: 1c4024eb-e8ae-4853-a4fd-b82bf2e3801f
2020-05-27 19:50:02,462 [grpc-default-executor-3] INFO  impl.RaftServerImpl (ServerState.java:setLeader(255)) - 11818299-8fcf-4dd1-9a9c-009f994fa618@group-BD5830931E37: change Leader from null to 1c4024eb-e8ae-4853-a4fd-b82bf2e3801f at term 3 for appendEntries, leader elected after 10423ms
2020-05-27 19:50:02,464 [grpc-default-executor-0] INFO  ratis.XceiverServerRatis (XceiverServerRatis.java:handleLeaderChangedNotification(762)) - Leader change notification received for group: group-BD5830931E37 with new leaderId: 1c4024eb-e8ae-4853-a4fd-b82bf2e3801f
2020-05-27 19:50:02,464 [grpc-default-executor-0] INFO  impl.RaftServerImpl (ServerState.java:setLeader(255)) - af513c94-01c3-4855-98d9-113503fe5dde@group-BD5830931E37: change Leader from null to 1c4024eb-e8ae-4853-a4fd-b82bf2e3801f at term 3 for appendEntries, leader elected after 5075ms
2020-05-27 19:50:02,467 [1c4024eb-e8ae-4853-a4fd-b82bf2e3801f@group-BD5830931E37-SegmentedRaftLogWorker] INFO  segmented.SegmentedRaftLogWorker (SegmentedRaftLogWorker.java:execute(583)) - 1c4024eb-e8ae-4853-a4fd-b82bf2e3801f@group-BD5830931E37-SegmentedRaftLogWorker: created new log segment /github/workspace/mnt/ozone/hadoop-ozone/integration-test/target/test-dir/MiniOzoneClusterImpl-087f03cc-a5a8-466d-ba79-9ca00bc8af49/datanode-2/data/ratis/9ef361f0-27af-4cee-adcb-bd5830931e37/current/log_inprogress_0
2020-05-27 19:50:02,467 [grpc-default-executor-3] INFO  impl.RaftServerImpl (ServerState.java:setRaftConf(356)) - 11818299-8fcf-4dd1-9a9c-009f994fa618@group-BD5830931E37: set configuration 0: [11818299-8fcf-4dd1-9a9c-009f994fa618:172.17.0.2:36841, 1c4024eb-e8ae-4853-a4fd-b82bf2e3801f:172.17.0.2:36233, af513c94-01c3-4855-98d9-113503fe5dde:172.17.0.2:38851], old=null at 0
2020-05-27 19:50:02,468 [grpc-default-executor-3] INFO  segmented.SegmentedRaftLogWorker (SegmentedRaftLogWorker.java:startLogSegment(391)) - 11818299-8fcf-4dd1-9a9c-009f994fa618@group-BD5830931E37-SegmentedRaftLogWorker: Starting segment from index:0
2020-05-27 19:50:02,472 [11818299-8fcf-4dd1-9a9c-009f994fa618@group-BD5830931E37-SegmentedRaftLogWorker] INFO  segmented.SegmentedRaftLogWorker (SegmentedRaftLogWorker.java:execute(583)) - 11818299-8fcf-4dd1-9a9c-009f994fa618@group-BD5830931E37-SegmentedRaftLogWorker: created new log segment /github/workspace/mnt/ozone/hadoop-ozone/integration-test/target/test-dir/MiniOzoneClusterImpl-087f03cc-a5a8-466d-ba79-9ca00bc8af49/datanode-1/data/ratis/9ef361f0-27af-4cee-adcb-bd5830931e37/current/log_inprogress_0
2020-05-27 19:50:02,477 [grpc-default-executor-0] INFO  impl.RaftServerImpl (ServerState.java:setRaftConf(356)) - af513c94-01c3-4855-98d9-113503fe5dde@group-BD5830931E37: set configuration 0: [11818299-8fcf-4dd1-9a9c-009f994fa618:172.17.0.2:36841, 1c4024eb-e8ae-4853-a4fd-b82bf2e3801f:172.17.0.2:36233, af513c94-01c3-4855-98d9-113503fe5dde:172.17.0.2:38851], old=null at 0
2020-05-27 19:50:02,479 [Thread-353] INFO  impl.FollowerState (FollowerState.java:run(108)) - 2688bacc-2ecf-4914-892d-45c47335b8b0@group-6396F5342F23-FollowerState: change to CANDIDATE, lastRpcTime:5060ms, electionTimeout:5054ms
2020-05-27 19:50:02,479 [Thread-353] INFO  impl.RoleInfo (RoleInfo.java:shutdownFollowerState(121)) - 2688bacc-2ecf-4914-892d-45c47335b8b0: shutdown FollowerState
2020-05-27 19:50:02,479 [grpc-default-executor-0] INFO  segmented.SegmentedRaftLogWorker (SegmentedRaftLogWorker.java:truncate(407)) - af513c94-01c3-4855-98d9-113503fe5dde@group-BD5830931E37-SegmentedRaftLogWorker: Truncating segments toTruncate: null
  toDelete: [(0, 0) isOpen? true, length=0, newEndIndex=-1], start index 0
2020-05-27 19:50:02,479 [Thread-353] INFO  impl.RaftServerImpl (RaftServerImpl.java:setRole(173)) - 2688bacc-2ecf-4914-892d-45c47335b8b0@group-6396F5342F23: changes role from  FOLLOWER to CANDIDATE at term 2 for changeToCandidate
2020-05-27 19:50:02,481 [af513c94-01c3-4855-98d9-113503fe5dde@group-BD5830931E37-SegmentedRaftLogWorker] INFO  segmented.SegmentedRaftLogWorker (SegmentedRaftLogWorker.java:execute(650)) - af513c94-01c3-4855-98d9-113503fe5dde@group-BD5830931E37-SegmentedRaftLogWorker: Deleted log file /github/workspace/mnt/ozone/hadoop-ozone/integration-test/target/test-dir/MiniOzoneClusterImpl-087f03cc-a5a8-466d-ba79-9ca00bc8af49/datanode-0/data/ratis/9ef361f0-27af-4cee-adcb-bd5830931e37/current/log_inprogress_0
2020-05-27 19:50:02,481 [af513c94-01c3-4855-98d9-113503fe5dde@group-BD5830931E37-SegmentedRaftLogWorker] INFO  segmented.SegmentedRaftLogWorker (SegmentedRaftLogWorker.java:lambda$new$0(129)) - af513c94-01c3-4855-98d9-113503fe5dde@group-BD5830931E37-SegmentedRaftLogWorker: flushIndex: setUnconditionally 0 -> -1
2020-05-27 19:50:02,481 [Thread-353] INFO  impl.RoleInfo (RoleInfo.java:updateAndGet(143)) - 2688bacc-2ecf-4914-892d-45c47335b8b0: start LeaderElection
2020-05-27 19:50:02,482 [grpc-default-executor-0] INFO  segmented.SegmentedRaftLogWorker (SegmentedRaftLogWorker.java:startLogSegment(391)) - af513c94-01c3-4855-98d9-113503fe5dde@group-BD5830931E37-SegmentedRaftLogWorker: Starting segment from index:0
2020-05-27 19:50:02,484 [af513c94-01c3-4855-98d9-113503fe5dde@group-BD5830931E37-SegmentedRaftLogWorker] INFO  segmented.SegmentedRaftLogWorker (SegmentedRaftLogWorker.java:execute(583)) - af513c94-01c3-4855-98d9-113503fe5dde@group-BD5830931E37-SegmentedRaftLogWorker: created new log segment /github/workspace/mnt/ozone/hadoop-ozone/integration-test/target/test-dir/MiniOzoneClusterImpl-087f03cc-a5a8-466d-ba79-9ca00bc8af49/datanode-0/data/ratis/9ef361f0-27af-4cee-adcb-bd5830931e37/current/log_inprogress_0
2020-05-27 19:50:02,495 [2688bacc-2ecf-4914-892d-45c47335b8b0@group-6396F5342F23-LeaderElection17] INFO  impl.LeaderElection (LeaderElection.java:askForVotes(206)) - 2688bacc-2ecf-4914-892d-45c47335b8b0@group-6396F5342F23-LeaderElection17: begin an election at term 3 for -1: [a0e9232a-3916-470b-b2b7-a7f4d4e85528:172.17.0.2:37069, 87450af1-8bb1-47ca-8fff-c762ff1b8a7d:172.17.0.2:40269, 2688bacc-2ecf-4914-892d-45c47335b8b0:172.17.0.2:36383], old=null
2020-05-27 19:50:02,502 [grpc-default-executor-0] INFO  impl.RaftServerImpl (RaftServerImpl.java:setRole(173)) - 87450af1-8bb1-47ca-8fff-c762ff1b8a7d@group-6396F5342F23: changes role from  FOLLOWER to FOLLOWER at term 3 for recognizeCandidate:2688bacc-2ecf-4914-892d-45c47335b8b0
2020-05-27 19:50:02,502 [grpc-default-executor-0] INFO  impl.RoleInfo (RoleInfo.java:shutdownFollowerState(121)) - 87450af1-8bb1-47ca-8fff-c762ff1b8a7d: shutdown FollowerState
2020-05-27 19:50:02,502 [grpc-default-executor-0] INFO  impl.RoleInfo (RoleInfo.java:updateAndGet(143)) - 87450af1-8bb1-47ca-8fff-c762ff1b8a7d: start FollowerState
2020-05-27 19:50:02,502 [Thread-360] INFO  impl.FollowerState (FollowerState.java:run(117)) - 87450af1-8bb1-47ca-8fff-c762ff1b8a7d@group-6396F5342F23-FollowerState was interrupted: java.lang.InterruptedException: sleep interrupted
2020-05-27 19:50:02,502 [grpc-default-executor-3] INFO  impl.RaftServerImpl (RaftServerImpl.java:setRole(173)) - a0e9232a-3916-470b-b2b7-a7f4d4e85528@group-6396F5342F23: changes role from  FOLLOWER to FOLLOWER at term 3 for recognizeCandidate:2688bacc-2ecf-4914-892d-45c47335b8b0
2020-05-27 19:50:02,502 [grpc-default-executor-3] INFO  impl.RoleInfo (RoleInfo.java:shutdownFollowerState(121)) - a0e9232a-3916-470b-b2b7-a7f4d4e85528: shutdown FollowerState
2020-05-27 19:50:02,503 [grpc-default-executor-3] INFO  impl.RoleInfo (RoleInfo.java:updateAndGet(143)) - a0e9232a-3916-470b-b2b7-a7f4d4e85528: start FollowerState
2020-05-27 19:50:02,503 [Thread-361] INFO  impl.FollowerState (FollowerState.java:run(117)) - a0e9232a-3916-470b-b2b7-a7f4d4e85528@group-6396F5342F23-FollowerState was interrupted: java.lang.InterruptedException: sleep interrupted
2020-05-27 19:50:02,509 [2688bacc-2ecf-4914-892d-45c47335b8b0@group-6396F5342F23-LeaderElection17] INFO  impl.LeaderElection (LeaderElection.java:logAndReturn(61)) - 2688bacc-2ecf-4914-892d-45c47335b8b0@group-6396F5342F23-LeaderElection17: Election PASSED; received 2 response(s) [2688bacc-2ecf-4914-892d-45c47335b8b0<-a0e9232a-3916-470b-b2b7-a7f4d4e85528#0:OK-t3, 2688bacc-2ecf-4914-892d-45c47335b8b0<-87450af1-8bb1-47ca-8fff-c762ff1b8a7d#0:FAIL-t3] and 0 exception(s); 2688bacc-2ecf-4914-892d-45c47335b8b0@group-6396F5342F23:t3, leader=null, voted=2688bacc-2ecf-4914-892d-45c47335b8b0, raftlog=2688bacc-2ecf-4914-892d-45c47335b8b0@group-6396F5342F23-SegmentedRaftLog:OPENED:c-1,f-1,i0, conf=-1: [a0e9232a-3916-470b-b2b7-a7f4d4e85528:172.17.0.2:37069, 87450af1-8bb1-47ca-8fff-c762ff1b8a7d:172.17.0.2:40269, 2688bacc-2ecf-4914-892d-45c47335b8b0:172.17.0.2:36383], old=null
2020-05-27 19:50:02,509 [2688bacc-2ecf-4914-892d-45c47335b8b0@group-6396F5342F23-LeaderElection17] INFO  impl.RoleInfo (RoleInfo.java:shutdownLeaderElection(134)) - 2688bacc-2ecf-4914-892d-45c47335b8b0: shutdown LeaderElection
2020-05-27 19:50:02,509 [2688bacc-2ecf-4914-892d-45c47335b8b0@group-6396F5342F23-LeaderElection17] INFO  impl.RaftServerImpl (RaftServerImpl.java:setRole(173)) - 2688bacc-2ecf-4914-892d-45c47335b8b0@group-6396F5342F23: changes role from CANDIDATE to LEADER at term 3 for changeToLeader
2020-05-27 19:50:02,509 [2688bacc-2ecf-4914-892d-45c47335b8b0@group-6396F5342F23-LeaderElection17] INFO  ratis.XceiverServerRatis (XceiverServerRatis.java:handleLeaderChangedNotification(762)) - Leader change notification received for group: group-6396F5342F23 with new leaderId: 2688bacc-2ecf-4914-892d-45c47335b8b0
2020-05-27 19:50:02,509 [2688bacc-2ecf-4914-892d-45c47335b8b0@group-6396F5342F23-LeaderElection17] INFO  impl.RaftServerImpl (ServerState.java:setLeader(255)) - 2688bacc-2ecf-4914-892d-45c47335b8b0@group-6396F5342F23: change Leader from null to 2688bacc-2ecf-4914-892d-45c47335b8b0 at term 3 for becomeLeader, leader elected after 10237ms
2020-05-27 19:50:02,509 [2688bacc-2ecf-4914-892d-45c47335b8b0@group-6396F5342F23-LeaderElection17] INFO  server.RaftServerConfigKeys (ConfUtils.java:logGet(44)) - raft.server.staging.catchup.gap = 1000 (default)
2020-05-27 19:50:02,509 [2688bacc-2ecf-4914-892d-45c47335b8b0@group-6396F5342F23-LeaderElection17] INFO  server.RaftServerConfigKeys (ConfUtils.java:logGet(44)) - raft.server.rpc.sleep.time = 25ms (default)
2020-05-27 19:50:02,509 [2688bacc-2ecf-4914-892d-45c47335b8b0@group-6396F5342F23-LeaderElection17] INFO  metrics.RatisMetrics (RatisMetrics.java:lambda$create$0(39)) - Creating Metrics Registry : ratis.log_appender.2688bacc-2ecf-4914-892d-45c47335b8b0@group-6396F5342F23
2020-05-27 19:50:02,509 [2688bacc-2ecf-4914-892d-45c47335b8b0@group-6396F5342F23-LeaderElection17] INFO  server.RaftServerConfigKeys (ConfUtils.java:logGet(44)) - raft.server.write.element-limit = 1024 (custom)
2020-05-27 19:50:02,509 [2688bacc-2ecf-4914-892d-45c47335b8b0@group-6396F5342F23-LeaderElection17] INFO  server.RaftServerConfigKeys (ConfUtils.java:logGet(44)) - raft.server.write.byte-limit = 1073741824 (custom)
2020-05-27 19:50:02,510 [2688bacc-2ecf-4914-892d-45c47335b8b0@group-6396F5342F23-LeaderElection17] INFO  server.RaftServerConfigKeys (ConfUtils.java:logGet(44)) - raft.server.watch.timeout = 180s (custom)
2020-05-27 19:50:02,510 [2688bacc-2ecf-4914-892d-45c47335b8b0@group-6396F5342F23-LeaderElection17] INFO  server.RaftServerConfigKeys (ConfUtils.java:logGet(44)) - raft.server.watch.timeout.denomination = 1s (default)
2020-05-27 19:50:02,510 [2688bacc-2ecf-4914-892d-45c47335b8b0@group-6396F5342F23-LeaderElection17] INFO  server.RaftServerConfigKeys (ConfUtils.java:logGet(44)) - raft.server.watch.element-limit = 65536 (default)
2020-05-27 19:50:02,510 [2688bacc-2ecf-4914-892d-45c47335b8b0@group-6396F5342F23-LeaderElection17] INFO  server.RaftServerConfigKeys (ConfUtils.java:logGet(44)) - raft.server.log.appender.snapshot.chunk.size.max = 16MB (=16777216) (default)
2020-05-27 19:50:02,510 [2688bacc-2ecf-4914-892d-45c47335b8b0@group-6396F5342F23-LeaderElection17] INFO  server.RaftServerConfigKeys (ConfUtils.java:logGet(44)) - raft.server.log.appender.buffer.byte-limit = 33554432 (custom)
2020-05-27 19:50:02,510 [2688bacc-2ecf-4914-892d-45c47335b8b0@group-6396F5342F23-LeaderElection17] INFO  server.RaftServerConfigKeys (ConfUtils.java:logGet(44)) - raft.server.log.appender.buffer.element-limit = 1 (custom)
2020-05-27 19:50:02,510 [2688bacc-2ecf-4914-892d-45c47335b8b0@group-6396F5342F23-LeaderElection17] INFO  grpc.GrpcConfigKeys (ConfUtils.java:logGet(44)) - raft.grpc.server.leader.outstanding.appends.max = 128 (default)
2020-05-27 19:50:02,511 [2688bacc-2ecf-4914-892d-45c47335b8b0@group-6396F5342F23-LeaderElection17] INFO  server.RaftServerConfigKeys (ConfUtils.java:logGet(44)) - raft.server.rpc.request.timeout = 60s (custom)
2020-05-27 19:50:02,511 [2688bacc-2ecf-4914-892d-45c47335b8b0@group-6396F5342F23-LeaderElection17] INFO  server.RaftServerConfigKeys (ConfUtils.java:logGet(44)) - raft.server.log.appender.install.snapshot.enabled = false (custom)
2020-05-27 19:50:02,514 [2688bacc-2ecf-4914-892d-45c47335b8b0@group-6396F5342F23-LeaderElection17] INFO  server.RaftServerConfigKeys (ConfUtils.java:logGet(44)) - raft.server.log.appender.snapshot.chunk.size.max = 16MB (=16777216) (default)
2020-05-27 19:50:02,514 [2688bacc-2ecf-4914-892d-45c47335b8b0@group-6396F5342F23-LeaderElection17] INFO  server.RaftServerConfigKeys (ConfUtils.java:logGet(44)) - raft.server.log.appender.buffer.byte-limit = 33554432 (custom)
2020-05-27 19:50:02,515 [2688bacc-2ecf-4914-892d-45c47335b8b0@group-6396F5342F23-LeaderElection17] INFO  server.RaftServerConfigKeys (ConfUtils.java:logGet(44)) - raft.server.log.appender.buffer.element-limit = 1 (custom)
2020-05-27 19:50:02,515 [2688bacc-2ecf-4914-892d-45c47335b8b0@group-6396F5342F23-LeaderElection17] INFO  grpc.GrpcConfigKeys (ConfUtils.java:logGet(44)) - raft.grpc.server.leader.outstanding.appends.max = 128 (default)
2020-05-27 19:50:02,515 [2688bacc-2ecf-4914-892d-45c47335b8b0@group-6396F5342F23-LeaderElection17] INFO  server.RaftServerConfigKeys (ConfUtils.java:logGet(44)) - raft.server.rpc.request.timeout = 60s (custom)
2020-05-27 19:50:02,515 [2688bacc-2ecf-4914-892d-45c47335b8b0@group-6396F5342F23-LeaderElection17] INFO  server.RaftServerConfigKeys (ConfUtils.java:logGet(44)) - raft.server.log.appender.install.snapshot.enabled = false (custom)
2020-05-27 19:50:02,516 [2688bacc-2ecf-4914-892d-45c47335b8b0@group-6396F5342F23-LeaderElection17] INFO  impl.RoleInfo (RoleInfo.java:updateAndGet(143)) - 2688bacc-2ecf-4914-892d-45c47335b8b0: start LeaderState
2020-05-27 19:50:02,516 [2688bacc-2ecf-4914-892d-45c47335b8b0@group-6396F5342F23-LeaderElection17] INFO  segmented.SegmentedRaftLogWorker (SegmentedRaftLogWorker.java:startLogSegment(391)) - 2688bacc-2ecf-4914-892d-45c47335b8b0@group-6396F5342F23-SegmentedRaftLogWorker: Starting segment from index:0
2020-05-27 19:50:02,519 [2688bacc-2ecf-4914-892d-45c47335b8b0@group-6396F5342F23-LeaderElection17] INFO  impl.RaftServerImpl (ServerState.java:setRaftConf(356)) - 2688bacc-2ecf-4914-892d-45c47335b8b0@group-6396F5342F23: set configuration 0: [a0e9232a-3916-470b-b2b7-a7f4d4e85528:172.17.0.2:37069, 87450af1-8bb1-47ca-8fff-c762ff1b8a7d:172.17.0.2:40269, 2688bacc-2ecf-4914-892d-45c47335b8b0:172.17.0.2:36383], old=null at 0
2020-05-27 19:50:02,524 [grpc-default-executor-0] INFO  ratis.XceiverServerRatis (XceiverServerRatis.java:handleLeaderChangedNotification(762)) - Leader change notification received for group: group-6396F5342F23 with new leaderId: 2688bacc-2ecf-4914-892d-45c47335b8b0
2020-05-27 19:50:02,533 [grpc-default-executor-0] INFO  impl.RaftServerImpl (ServerState.java:setLeader(255)) - a0e9232a-3916-470b-b2b7-a7f4d4e85528@group-6396F5342F23: change Leader from null to 2688bacc-2ecf-4914-892d-45c47335b8b0 at term 3 for appendEntries, leader elected after 9917ms
2020-05-27 19:50:02,533 [2688bacc-2ecf-4914-892d-45c47335b8b0@group-6396F5342F23-SegmentedRaftLogWorker] INFO  segmented.SegmentedRaftLogWorker (SegmentedRaftLogWorker.java:execute(583)) - 2688bacc-2ecf-4914-892d-45c47335b8b0@group-6396F5342F23-SegmentedRaftLogWorker: created new log segment /github/workspace/mnt/ozone/hadoop-ozone/integration-test/target/test-dir/MiniOzoneClusterImpl-087f03cc-a5a8-466d-ba79-9ca00bc8af49/datanode-4/data/ratis/8ade6f36-bcb4-426f-a0a0-6396f5342f23/current/log_inprogress_0
2020-05-27 19:50:02,536 [grpc-default-executor-5] INFO  ratis.XceiverServerRatis (XceiverServerRatis.java:handleLeaderChangedNotification(762)) - Leader change notification received for group: group-6396F5342F23 with new leaderId: 2688bacc-2ecf-4914-892d-45c47335b8b0
2020-05-27 19:50:02,536 [grpc-default-executor-5] INFO  impl.RaftServerImpl (ServerState.java:setLeader(255)) - 87450af1-8bb1-47ca-8fff-c762ff1b8a7d@group-6396F5342F23: change Leader from null to 2688bacc-2ecf-4914-892d-45c47335b8b0 at term 3 for appendEntries, leader elected after 5063ms
2020-05-27 19:50:02,537 [grpc-default-executor-0] INFO  impl.RaftServerImpl (ServerState.java:setRaftConf(356)) - a0e9232a-3916-470b-b2b7-a7f4d4e85528@group-6396F5342F23: set configuration 0: [a0e9232a-3916-470b-b2b7-a7f4d4e85528:172.17.0.2:37069, 87450af1-8bb1-47ca-8fff-c762ff1b8a7d:172.17.0.2:40269, 2688bacc-2ecf-4914-892d-45c47335b8b0:172.17.0.2:36383], old=null at 0
2020-05-27 19:50:02,537 [grpc-default-executor-0] INFO  segmented.SegmentedRaftLogWorker (SegmentedRaftLogWorker.java:startLogSegment(391)) - a0e9232a-3916-470b-b2b7-a7f4d4e85528@group-6396F5342F23-SegmentedRaftLogWorker: Starting segment from index:0
2020-05-27 19:50:02,544 [a0e9232a-3916-470b-b2b7-a7f4d4e85528@group-6396F5342F23-SegmentedRaftLogWorker] INFO  segmented.SegmentedRaftLogWorker (SegmentedRaftLogWorker.java:execute(583)) - a0e9232a-3916-470b-b2b7-a7f4d4e85528@group-6396F5342F23-SegmentedRaftLogWorker: created new log segment /github/workspace/mnt/ozone/hadoop-ozone/integration-test/target/test-dir/MiniOzoneClusterImpl-087f03cc-a5a8-466d-ba79-9ca00bc8af49/datanode-5/data/ratis/8ade6f36-bcb4-426f-a0a0-6396f5342f23/current/log_inprogress_0
2020-05-27 19:50:02,546 [grpc-default-executor-0] INFO  impl.RaftServerImpl (ServerState.java:setRaftConf(356)) - 87450af1-8bb1-47ca-8fff-c762ff1b8a7d@group-6396F5342F23: set configuration 0: [a0e9232a-3916-470b-b2b7-a7f4d4e85528:172.17.0.2:37069, 87450af1-8bb1-47ca-8fff-c762ff1b8a7d:172.17.0.2:40269, 2688bacc-2ecf-4914-892d-45c47335b8b0:172.17.0.2:36383], old=null at 0
2020-05-27 19:50:02,546 [grpc-default-executor-0] INFO  segmented.SegmentedRaftLogWorker (SegmentedRaftLogWorker.java:truncate(407)) - 87450af1-8bb1-47ca-8fff-c762ff1b8a7d@group-6396F5342F23-SegmentedRaftLogWorker: Truncating segments toTruncate: null
  toDelete: [(0, 0) isOpen? true, length=0, newEndIndex=-1], start index 0
2020-05-27 19:50:02,547 [grpc-default-executor-0] INFO  segmented.SegmentedRaftLogWorker (SegmentedRaftLogWorker.java:startLogSegment(391)) - 87450af1-8bb1-47ca-8fff-c762ff1b8a7d@group-6396F5342F23-SegmentedRaftLogWorker: Starting segment from index:0
2020-05-27 19:50:02,547 [87450af1-8bb1-47ca-8fff-c762ff1b8a7d@group-6396F5342F23-SegmentedRaftLogWorker] INFO  segmented.SegmentedRaftLogWorker (SegmentedRaftLogWorker.java:execute(650)) - 87450af1-8bb1-47ca-8fff-c762ff1b8a7d@group-6396F5342F23-SegmentedRaftLogWorker: Deleted log file /github/workspace/mnt/ozone/hadoop-ozone/integration-test/target/test-dir/MiniOzoneClusterImpl-087f03cc-a5a8-466d-ba79-9ca00bc8af49/datanode-3/data/ratis/8ade6f36-bcb4-426f-a0a0-6396f5342f23/current/log_inprogress_0
2020-05-27 19:50:02,547 [87450af1-8bb1-47ca-8fff-c762ff1b8a7d@group-6396F5342F23-SegmentedRaftLogWorker] INFO  segmented.SegmentedRaftLogWorker (SegmentedRaftLogWorker.java:lambda$new$0(129)) - 87450af1-8bb1-47ca-8fff-c762ff1b8a7d@group-6396F5342F23-SegmentedRaftLogWorker: flushIndex: setUnconditionally 0 -> -1
2020-05-27 19:50:02,548 [87450af1-8bb1-47ca-8fff-c762ff1b8a7d@group-6396F5342F23-SegmentedRaftLogWorker] INFO  segmented.SegmentedRaftLogWorker (SegmentedRaftLogWorker.java:execute(583)) - 87450af1-8bb1-47ca-8fff-c762ff1b8a7d@group-6396F5342F23-SegmentedRaftLogWorker: created new log segment /github/workspace/mnt/ozone/hadoop-ozone/integration-test/target/test-dir/MiniOzoneClusterImpl-087f03cc-a5a8-466d-ba79-9ca00bc8af49/datanode-3/data/ratis/8ade6f36-bcb4-426f-a0a0-6396f5342f23/current/log_inprogress_0
2020-05-27 19:50:04,136 [Datanode State Machine Thread - 0] INFO  statemachine.DatanodeStateMachine (DatanodeStateMachine.java:lambda$startDaemon$0(376)) - Ozone container server started.
2020-05-27 19:50:08,289 [Listener at 127.0.0.1/39857] INFO  ozoneimpl.OzoneContainer (OzoneContainer.java:stop(246)) - Attempting to stop container services.
2020-05-27 19:50:08,289 [Listener at 127.0.0.1/39857] INFO  impl.RaftServerProxy (RaftServerProxy.java:lambda$close$4(314)) - 11818299-8fcf-4dd1-9a9c-009f994fa618: close
2020-05-27 19:50:08,291 [Listener at 127.0.0.1/39857] INFO  impl.RaftServerImpl (RaftServerImpl.java:lambda$shutdown$3(250)) - 11818299-8fcf-4dd1-9a9c-009f994fa618@group-D5F6DE7A92EC: shutdown
2020-05-27 19:50:08,291 [Listener at 127.0.0.1/39857] INFO  util.JmxRegister (JmxRegister.java:unregister(73)) - Successfully un-registered JMX Bean with object name Ratis:service=RaftServer,group=group-D5F6DE7A92EC,id=11818299-8fcf-4dd1-9a9c-009f994fa618
2020-05-27 19:50:08,291 [Listener at 127.0.0.1/39857] INFO  impl.RoleInfo (RoleInfo.java:shutdownLeaderState(104)) - 11818299-8fcf-4dd1-9a9c-009f994fa618: shutdown LeaderState
2020-05-27 19:50:08,292 [Listener at 127.0.0.1/39857] INFO  impl.PendingRequests (PendingRequests.java:sendNotLeaderResponses(242)) - 11818299-8fcf-4dd1-9a9c-009f994fa618@group-D5F6DE7A92EC-PendingRequests: sendNotLeaderResponses
2020-05-27 19:50:08,293 [Listener at 127.0.0.1/39857] INFO  metrics.RatisMetrics (RatisMetrics.java:unregister(46)) - Unregistering Metrics Registry : ratis.log_appender.11818299-8fcf-4dd1-9a9c-009f994fa618@group-D5F6DE7A92EC
2020-05-27 19:50:08,294 [11818299-8fcf-4dd1-9a9c-009f994fa618@group-D5F6DE7A92EC-StateMachineUpdater] INFO  ratis.ContainerStateMachine (ContainerStateMachine.java:takeSnapshot(288)) - group-D5F6DE7A92EC: Taking a snapshot at:(t:1, i:0) file /github/workspace/mnt/ozone/hadoop-ozone/integration-test/target/test-dir/MiniOzoneClusterImpl-087f03cc-a5a8-466d-ba79-9ca00bc8af49/datanode-1/data/ratis/0bda8d4f-a7bc-45ac-adc1-d5f6de7a92ec/sm/snapshot.1_0
2020-05-27 19:50:08,296 [Listener at 127.0.0.1/39857] INFO  impl.StateMachineUpdater (StateMachineUpdater.java:stopAndJoin(142)) - 11818299-8fcf-4dd1-9a9c-009f994fa618@group-D5F6DE7A92EC-StateMachineUpdater: set stopIndex = 0
2020-05-27 19:50:08,304 [11818299-8fcf-4dd1-9a9c-009f994fa618@group-D5F6DE7A92EC-StateMachineUpdater] INFO  ratis.ContainerStateMachine (ContainerStateMachine.java:takeSnapshot(299)) - group-D5F6DE7A92EC: Finished taking a snapshot at:(t:1, i:0) file:/github/workspace/mnt/ozone/hadoop-ozone/integration-test/target/test-dir/MiniOzoneClusterImpl-087f03cc-a5a8-466d-ba79-9ca00bc8af49/datanode-1/data/ratis/0bda8d4f-a7bc-45ac-adc1-d5f6de7a92ec/sm/snapshot.1_0 time:11
2020-05-27 19:50:08,305 [11818299-8fcf-4dd1-9a9c-009f994fa618@group-D5F6DE7A92EC-StateMachineUpdater] INFO  impl.StateMachineUpdater (StateMachineUpdater.java:takeSnapshot(277)) - 11818299-8fcf-4dd1-9a9c-009f994fa618@group-D5F6DE7A92EC-StateMachineUpdater: Took a snapshot at index 0
2020-05-27 19:50:08,308 [11818299-8fcf-4dd1-9a9c-009f994fa618@group-D5F6DE7A92EC-StateMachineUpdater] INFO  impl.StateMachineUpdater (StateMachineUpdater.java:lambda$new$0(87)) - 11818299-8fcf-4dd1-9a9c-009f994fa618@group-D5F6DE7A92EC-StateMachineUpdater: snapshotIndex: updateIncreasingly -1 -> 0
2020-05-27 19:50:08,310 [11818299-8fcf-4dd1-9a9c-009f994fa618@group-D5F6DE7A92EC-StateMachineUpdater] INFO  metrics.RatisMetrics (RatisMetrics.java:unregister(46)) - Unregistering Metrics Registry : ratis.state_machine.11818299-8fcf-4dd1-9a9c-009f994fa618@group-D5F6DE7A92EC
2020-05-27 19:50:08,310 [Listener at 127.0.0.1/39857] INFO  impl.RaftServerImpl (ServerState.java:close(387)) - 11818299-8fcf-4dd1-9a9c-009f994fa618@group-D5F6DE7A92EC: closes. applyIndex: 0
2020-05-27 19:50:08,312 [11818299-8fcf-4dd1-9a9c-009f994fa618@group-D5F6DE7A92EC-SegmentedRaftLogWorker] INFO  segmented.SegmentedRaftLogWorker (SegmentedRaftLogWorker.java:run(321)) - 11818299-8fcf-4dd1-9a9c-009f994fa618@group-D5F6DE7A92EC-SegmentedRaftLogWorker was interrupted, exiting. There are 0 tasks remaining in the queue.
2020-05-27 19:50:08,313 [Listener at 127.0.0.1/39857] INFO  segmented.SegmentedRaftLogWorker (SegmentedRaftLogWorker.java:close(229)) - 11818299-8fcf-4dd1-9a9c-009f994fa618@group-D5F6DE7A92EC-SegmentedRaftLogWorker close()
2020-05-27 19:50:08,314 [Listener at 127.0.0.1/39857] INFO  metrics.RatisMetrics (RatisMetrics.java:unregister(46)) - Unregistering Metrics Registry : ratis.log_worker.11818299-8fcf-4dd1-9a9c-009f994fa618
2020-05-27 19:50:08,315 [Listener at 127.0.0.1/39857] INFO  metrics.RatisMetrics (RatisMetrics.java:unregister(46)) - Unregistering Metrics Registry : ratis.leader_election.11818299-8fcf-4dd1-9a9c-009f994fa618@group-D5F6DE7A92EC
2020-05-27 19:50:08,315 [Listener at 127.0.0.1/39857] INFO  metrics.RatisMetrics (RatisMetrics.java:unregister(46)) - Unregistering Metrics Registry : ratis.server.11818299-8fcf-4dd1-9a9c-009f994fa618@group-D5F6DE7A92EC
2020-05-27 19:50:08,315 [Listener at 127.0.0.1/39857] INFO  impl.RaftServerImpl (RaftServerImpl.java:lambda$shutdown$3(250)) - 11818299-8fcf-4dd1-9a9c-009f994fa618@group-BD5830931E37: shutdown
2020-05-27 19:50:08,315 [Listener at 127.0.0.1/39857] INFO  util.JmxRegister (JmxRegister.java:unregister(73)) - Successfully un-registered JMX Bean with object name Ratis:service=RaftServer,group=group-BD5830931E37,id=11818299-8fcf-4dd1-9a9c-009f994fa618
2020-05-27 19:50:08,316 [Listener at 127.0.0.1/39857] INFO  impl.RoleInfo (RoleInfo.java:shutdownFollowerState(121)) - 11818299-8fcf-4dd1-9a9c-009f994fa618: shutdown FollowerState
2020-05-27 19:50:08,316 [Thread-403] INFO  impl.FollowerState (FollowerState.java:run(117)) - 11818299-8fcf-4dd1-9a9c-009f994fa618@group-BD5830931E37-FollowerState was interrupted: java.lang.InterruptedException: sleep interrupted
2020-05-27 19:50:08,316 [Listener at 127.0.0.1/39857] INFO  impl.StateMachineUpdater (StateMachineUpdater.java:stopAndJoin(142)) - 11818299-8fcf-4dd1-9a9c-009f994fa618@group-BD5830931E37-StateMachineUpdater: set stopIndex = 4
2020-05-27 19:50:08,317 [11818299-8fcf-4dd1-9a9c-009f994fa618@group-BD5830931E37-StateMachineUpdater] INFO  ratis.ContainerStateMachine (ContainerStateMachine.java:takeSnapshot(288)) - group-BD5830931E37: Taking a snapshot at:(t:3, i:4) file /github/workspace/mnt/ozone/hadoop-ozone/integration-test/target/test-dir/MiniOzoneClusterImpl-087f03cc-a5a8-466d-ba79-9ca00bc8af49/datanode-1/data/ratis/9ef361f0-27af-4cee-adcb-bd5830931e37/sm/snapshot.3_4
2020-05-27 19:50:08,320 [11818299-8fcf-4dd1-9a9c-009f994fa618@group-BD5830931E37-StateMachineUpdater] INFO  ratis.ContainerStateMachine (ContainerStateMachine.java:takeSnapshot(299)) - group-BD5830931E37: Finished taking a snapshot at:(t:3, i:4) file:/github/workspace/mnt/ozone/hadoop-ozone/integration-test/target/test-dir/MiniOzoneClusterImpl-087f03cc-a5a8-466d-ba79-9ca00bc8af49/datanode-1/data/ratis/9ef361f0-27af-4cee-adcb-bd5830931e37/sm/snapshot.3_4 time:4
2020-05-27 19:50:08,320 [11818299-8fcf-4dd1-9a9c-009f994fa618@group-BD5830931E37-StateMachineUpdater] INFO  impl.StateMachineUpdater (StateMachineUpdater.java:takeSnapshot(277)) - 11818299-8fcf-4dd1-9a9c-009f994fa618@group-BD5830931E37-StateMachineUpdater: Took a snapshot at index 4
2020-05-27 19:50:08,320 [11818299-8fcf-4dd1-9a9c-009f994fa618@group-BD5830931E37-StateMachineUpdater] INFO  impl.StateMachineUpdater (StateMachineUpdater.java:lambda$new$0(87)) - 11818299-8fcf-4dd1-9a9c-009f994fa618@group-BD5830931E37-StateMachineUpdater: snapshotIndex: updateIncreasingly -1 -> 4
2020-05-27 19:50:08,320 [11818299-8fcf-4dd1-9a9c-009f994fa618@group-BD5830931E37-StateMachineUpdater] INFO  metrics.RatisMetrics (RatisMetrics.java:unregister(46)) - Unregistering Metrics Registry : ratis.state_machine.11818299-8fcf-4dd1-9a9c-009f994fa618@group-BD5830931E37
2020-05-27 19:50:08,321 [Listener at 127.0.0.1/39857] INFO  impl.RaftServerImpl (ServerState.java:close(387)) - 11818299-8fcf-4dd1-9a9c-009f994fa618@group-BD5830931E37: closes. applyIndex: 4
2020-05-27 19:50:08,321 [11818299-8fcf-4dd1-9a9c-009f994fa618@group-BD5830931E37-SegmentedRaftLogWorker] INFO  segmented.SegmentedRaftLogWorker (SegmentedRaftLogWorker.java:run(321)) - 11818299-8fcf-4dd1-9a9c-009f994fa618@group-BD5830931E37-SegmentedRaftLogWorker was interrupted, exiting. There are 0 tasks remaining in the queue.
2020-05-27 19:50:08,321 [Listener at 127.0.0.1/39857] INFO  segmented.SegmentedRaftLogWorker (SegmentedRaftLogWorker.java:close(229)) - 11818299-8fcf-4dd1-9a9c-009f994fa618@group-BD5830931E37-SegmentedRaftLogWorker close()
2020-05-27 19:50:08,323 [Listener at 127.0.0.1/39857] INFO  metrics.RatisMetrics (RatisMetrics.java:unregister(46)) - Unregistering Metrics Registry : ratis.log_worker.11818299-8fcf-4dd1-9a9c-009f994fa618
2020-05-27 19:50:08,323 [Listener at 127.0.0.1/39857] INFO  metrics.RatisMetrics (RatisMetrics.java:unregister(46)) - Unregistering Metrics Registry : ratis.leader_election.11818299-8fcf-4dd1-9a9c-009f994fa618@group-BD5830931E37
2020-05-27 19:50:08,323 [Listener at 127.0.0.1/39857] INFO  metrics.RatisMetrics (RatisMetrics.java:unregister(46)) - Unregistering Metrics Registry : ratis.server.11818299-8fcf-4dd1-9a9c-009f994fa618@group-BD5830931E37
2020-05-27 19:50:08,323 [Listener at 127.0.0.1/39857] INFO  server.GrpcService (GrpcService.java:closeImpl(165)) - 11818299-8fcf-4dd1-9a9c-009f994fa618: shutdown server with port 36841 now
2020-05-27 19:50:08,330 [grpc-default-executor-0] WARN  server.GrpcServerProtocolService (LogUtils.java:warn(122)) - 11818299-8fcf-4dd1-9a9c-009f994fa618: installSnapshot onError, lastRequest: 1c4024eb-e8ae-4853-a4fd-b82bf2e3801f->11818299-8fcf-4dd1-9a9c-009f994fa618#5-t3, previous=(t:3, i:3), leaderCommit=2, initializing? false, entries: size=1, first=(t:3, i:4), METADATAENTRY(c:2): org.apache.ratis.thirdparty.io.grpc.StatusRuntimeException: CANCELLED: cancelled before receiving half close
2020-05-27 19:50:08,331 [grpc-default-executor-3] WARN  server.GrpcLogAppender (LogUtils.java:warn(122)) - 1c4024eb-e8ae-4853-a4fd-b82bf2e3801f@group-BD5830931E37->11818299-8fcf-4dd1-9a9c-009f994fa618-AppendLogResponseHandler: Failed appendEntries: org.apache.ratis.thirdparty.io.grpc.StatusRuntimeException: CANCELLED: HTTP/2 error code: CANCEL
Received Rst Stream
2020-05-27 19:50:08,341 [Listener at 127.0.0.1/39857] INFO  server.GrpcService (GrpcService.java:closeImpl(173)) - 11818299-8fcf-4dd1-9a9c-009f994fa618: shutdown server with port 36841 successfully
2020-05-27 19:50:08,343 [Listener at 127.0.0.1/39857] INFO  utils.BackgroundService (BackgroundService.java:shutdown(157)) - Shutting down service BlockDeletingService
2020-05-27 19:50:08,344 [grpc-default-executor-3] INFO  impl.FollowerInfo (FollowerInfo.java:lambda$new$0(50)) - 1c4024eb-e8ae-4853-a4fd-b82bf2e3801f@group-BD5830931E37->11818299-8fcf-4dd1-9a9c-009f994fa618: nextIndex: updateUnconditionally 5 -> 4
2020-05-27 19:50:08,345 [Listener at 127.0.0.1/39857] INFO  statemachine.DatanodeStateMachine (DatanodeStateMachine.java:stopDaemon(424)) - Ozone container server stopped.
2020-05-27 19:50:08,350 [Listener at 127.0.0.1/39857] INFO  handler.ContextHandler (ContextHandler.java:doStop(1016)) - Stopped o.e.j.w.WebAppContext@6a450cb5{hddsDatanode,/,null,UNAVAILABLE}{jar:file:/home/user/.m2/repository/org/apache/hadoop/hadoop-hdds-container-service/0.6.0-SNAPSHOT/hadoop-hdds-container-service-0.6.0-SNAPSHOT.jar!/webapps/hddsDatanode}
2020-05-27 19:50:08,353 [Listener at 127.0.0.1/39857] INFO  server.AbstractConnector (AbstractConnector.java:doStop(380)) - Stopped ServerConnector@1001b435{HTTP/1.1,[http/1.1]}{0.0.0.0:0}
2020-05-27 19:50:08,354 [Listener at 127.0.0.1/39857] INFO  server.session (HouseKeeper.java:stopScavenging(158)) - node0 Stopped scavenging
2020-05-27 19:50:08,354 [Listener at 127.0.0.1/39857] INFO  handler.ContextHandler (ContextHandler.java:doStop(1016)) - Stopped o.e.j.s.ServletContextHandler@6dd59886{static,/static,jar:file:/home/user/.m2/repository/org/apache/hadoop/hadoop-hdds-container-service/0.6.0-SNAPSHOT/hadoop-hdds-container-service-0.6.0-SNAPSHOT.jar!/webapps/static,UNAVAILABLE}
2020-05-27 19:50:08,354 [Listener at 127.0.0.1/39857] INFO  handler.ContextHandler (ContextHandler.java:doStop(1016)) - Stopped o.e.j.s.ServletContextHandler@599cf2cd{logs,/logs,file:///github/workspace/mnt/ozone/hadoop-ozone/integration-test/target/log,UNAVAILABLE}
]]></system-out>
    <system-err><![CDATA[ERROR StatusLogger No Log4j 2 configuration file found. Using default configuration (logging only errors to the console), or user programmatically provided configurations. Set system property 'log4j2.debug' to show Log4j 2 internal initialization logging. See https://logging.apache.org/log4j/2.x/manual/configuration.html for instructions on how to configure Log4j 2
May 27, 2020 7:50:08 PM org.apache.ratis.thirdparty.io.grpc.internal.SerializingExecutor run
SEVERE: Exception while executing runnable org.apache.ratis.thirdparty.io.grpc.internal.ServerImpl$JumpToApplicationThreadServerStreamListener$1Closed@5a1acf1d
org.apache.ratis.thirdparty.io.grpc.StatusRuntimeException: CANCELLED: call already cancelled
	at org.apache.ratis.thirdparty.io.grpc.Status.asRuntimeException(Status.java:524)
	at org.apache.ratis.thirdparty.io.grpc.stub.ServerCalls$ServerCallStreamObserverImpl.onCompleted(ServerCalls.java:368)
	at org.apache.ratis.grpc.server.GrpcServerProtocolService$ServerRequestStreamObserver.onError(GrpcServerProtocolService.java:145)
	at org.apache.ratis.thirdparty.io.grpc.stub.ServerCalls$StreamingServerCallHandler$StreamingServerCallListener.onCancel(ServerCalls.java:272)
	at org.apache.ratis.thirdparty.io.grpc.internal.ServerCallImpl$ServerStreamListenerImpl.closedInternal(ServerCallImpl.java:353)
	at org.apache.ratis.thirdparty.io.grpc.internal.ServerCallImpl$ServerStreamListenerImpl.closed(ServerCallImpl.java:341)
	at org.apache.ratis.thirdparty.io.grpc.internal.ServerImpl$JumpToApplicationThreadServerStreamListener$1Closed.runInContext(ServerImpl.java:867)
	at org.apache.ratis.thirdparty.io.grpc.internal.ContextRunnable.run(ContextRunnable.java:37)
	at org.apache.ratis.thirdparty.io.grpc.internal.SerializingExecutor.run(SerializingExecutor.java:123)
	at java.util.concurrent.ThreadPoolExecutor.runWorker(ThreadPoolExecutor.java:1149)
	at java.util.concurrent.ThreadPoolExecutor$Worker.run(ThreadPoolExecutor.java:624)
	at java.lang.Thread.run(Thread.java:748)

]]></system-err>
  </testcase>
</testsuite>