<?xml version="1.0" encoding="UTF-8"?>
<testsuite xmlns:xsi="http://www.w3.org/2001/XMLSchema-instance" xsi:noNamespaceSchemaLocation="https://maven.apache.org/surefire/maven-surefire-plugin/xsd/surefire-test-report-3.0.xsd" version="3.0" name="org.apache.hadoop.ozone.client.rpc.TestWatchForCommit" time="24.761" tests="1" errors="0" skipped="0" failures="0">
  <properties>
    <property name="awt.toolkit" value="sun.awt.X11.XToolkit"/>
    <property name="file.encoding.pkg" value="sun.io"/>
    <property name="java.specification.version" value="1.8"/>
    <property name="sun.cpu.isalist" value=""/>
    <property name="sun.jnu.encoding" value="UTF-8"/>
    <property name="gradle.enterprise.listener.surefire.forkId" value="1"/>
    <property name="java.class.path" value="/home/runner/work/ozone/ozone/hadoop-ozone/integration-test/target/test-classes:/home/runner/work/ozone/ozone/hadoop-ozone/integration-test/target/classes:/home/runner/.m2/repository/org/apache/ozone/ozone-common/1.5.0-SNAPSHOT/ozone-common-1.5.0-SNAPSHOT.jar:/home/runner/.m2/repository/io/grpc/grpc-netty/1.58.0/grpc-netty-1.58.0.jar:/home/runner/.m2/repository/io/grpc/grpc-core/1.58.0/grpc-core-1.58.0.jar:/home/runner/.m2/repository/com/google/android/annotations/4.1.1.4/annotations-4.1.1.4.jar:/home/runner/.m2/repository/org/codehaus/mojo/animal-sniffer-annotations/1.23/animal-sniffer-annotations-1.23.jar:/home/runner/.m2/repository/io/grpc/grpc-context/1.58.0/grpc-context-1.58.0.jar:/home/runner/.m2/repository/io/grpc/grpc-util/1.58.0/grpc-util-1.58.0.jar:/home/runner/.m2/repository/com/google/errorprone/error_prone_annotations/2.2.0/error_prone_annotations-2.2.0.jar:/home/runner/.m2/repository/io/perfmark/perfmark-api/0.26.0/perfmark-api-0.26.0.jar:/home/runner/.m2/repository/io/netty/netty-codec-http2/4.1.100.Final/netty-codec-http2-4.1.100.Final.jar:/home/runner/.m2/repository/io/netty/netty-common/4.1.100.Final/netty-common-4.1.100.Final.jar:/home/runner/.m2/repository/io/netty/netty-buffer/4.1.100.Final/netty-buffer-4.1.100.Final.jar:/home/runner/.m2/repository/io/netty/netty-codec-http/4.1.100.Final/netty-codec-http-4.1.100.Final.jar:/home/runner/.m2/repository/io/netty/netty-handler-proxy/4.1.100.Final/netty-handler-proxy-4.1.100.Final.jar:/home/runner/.m2/repository/io/netty/netty-codec-socks/4.1.100.Final/netty-codec-socks-4.1.100.Final.jar:/home/runner/.m2/repository/io/netty/netty-tcnative-boringssl-static/2.0.61.Final/netty-tcnative-boringssl-static-2.0.61.Final.jar:/home/runner/.m2/repository/io/netty/netty-tcnative-classes/2.0.61.Final/netty-tcnative-classes-2.0.61.Final.jar:/home/runner/.m2/repository/io/netty/netty-tcnative-boringssl-static/2.0.61.Final/netty-tcnative-boringssl-static-2.0.61.Final-linux-x86_64.jar:/home/runner/.m2/repository/io/netty/netty-tcnative-boringssl-static/2.0.61.Final/netty-tcnative-boringssl-static-2.0.61.Final-linux-aarch_64.jar:/home/runner/.m2/repository/io/netty/netty-tcnative-boringssl-static/2.0.61.Final/netty-tcnative-boringssl-static-2.0.61.Final-osx-x86_64.jar:/home/runner/.m2/repository/io/netty/netty-tcnative-boringssl-static/2.0.61.Final/netty-tcnative-boringssl-static-2.0.61.Final-osx-aarch_64.jar:/home/runner/.m2/repository/io/netty/netty-tcnative-boringssl-static/2.0.61.Final/netty-tcnative-boringssl-static-2.0.61.Final-windows-x86_64.jar:/home/runner/.m2/repository/org/apache/commons/commons-compress/1.25.0/commons-compress-1.25.0.jar:/home/runner/.m2/repository/org/apache/ozone/hdds-common/1.5.0-SNAPSHOT/hdds-common-1.5.0-SNAPSHOT.jar:/home/runner/.m2/repository/org/apache/ozone/hdds-client/1.5.0-SNAPSHOT/hdds-client-1.5.0-SNAPSHOT.jar:/home/runner/.m2/repository/org/apache/ozone/ozone-interface-client/1.5.0-SNAPSHOT/ozone-interface-client-1.5.0-SNAPSHOT.jar:/home/runner/.m2/repository/org/apache/hadoop/hadoop-hdfs-client/3.3.6/hadoop-hdfs-client-3.3.6.jar:/home/runner/.m2/repository/com/squareup/okhttp3/okhttp/4.12.0/okhttp-4.12.0.jar:/home/runner/.m2/repository/com/squareup/okio/okio/3.6.0/okio-3.6.0.jar:/home/runner/.m2/repository/com/squareup/okio/okio-jvm/3.6.0/okio-jvm-3.6.0.jar:/home/runner/.m2/repository/org/jetbrains/kotlin/kotlin-stdlib-jdk8/1.9.22/kotlin-stdlib-jdk8-1.9.22.jar:/home/runner/.m2/repository/org/jetbrains/kotlin/kotlin-stdlib-jdk7/1.9.22/kotlin-stdlib-jdk7-1.9.22.jar:/home/runner/.m2/repository/org/jetbrains/kotlin/kotlin-stdlib-common/1.9.22/kotlin-stdlib-common-1.9.22.jar:/home/runner/.m2/repository/org/apache/ozone/hdds-test-utils/1.5.0-SNAPSHOT/hdds-test-utils-1.5.0-SNAPSHOT.jar:/home/runner/.m2/repository/org/assertj/assertj-core/3.12.2/assertj-core-3.12.2.jar:/home/runner/.m2/repository/com/google/guava/guava/32.0.0-jre/guava-32.0.0-jre.jar:/home/runner/.m2/repository/com/google/guava/failureaccess/1.0.1/failureaccess-1.0.1.jar:/home/runner/.m2/repository/com/google/guava/listenablefuture/9999.0-empty-to-avoid-conflict-with-guava/listenablefuture-9999.0-empty-to-avoid-conflict-with-guava.jar:/home/runner/.m2/repository/com/google/code/findbugs/jsr305/3.0.0/jsr305-3.0.0.jar:/home/runner/.m2/repository/org/checkerframework/checker-qual/3.33.0/checker-qual-3.33.0.jar:/home/runner/.m2/repository/com/google/j2objc/j2objc-annotations/2.8/j2objc-annotations-2.8.jar:/home/runner/.m2/repository/commons-io/commons-io/2.11.0/commons-io-2.11.0.jar:/home/runner/.m2/repository/commons-logging/commons-logging/1.2/commons-logging-1.2.jar:/home/runner/.m2/repository/org/junit/jupiter/junit-jupiter-api/5.10.1/junit-jupiter-api-5.10.1.jar:/home/runner/.m2/repository/org/opentest4j/opentest4j/1.3.0/opentest4j-1.3.0.jar:/home/runner/.m2/repository/org/junit/platform/junit-platform-commons/1.10.1/junit-platform-commons-1.10.1.jar:/home/runner/.m2/repository/ch/qos/reload4j/reload4j/1.2.25/reload4j-1.2.25.jar:/home/runner/.m2/repository/jakarta/annotation/jakarta.annotation-api/2.1.1/jakarta.annotation-api-2.1.1.jar:/home/runner/.m2/repository/org/slf4j/slf4j-api/2.0.10/slf4j-api-2.0.10.jar:/home/runner/.m2/repository/org/apache/logging/log4j/log4j-api/2.17.1/log4j-api-2.17.1.jar:/home/runner/.m2/repository/org/apache/ozone/hdds-server-scm/1.5.0-SNAPSHOT/hdds-server-scm-1.5.0-SNAPSHOT.jar:/home/runner/.m2/repository/com/google/protobuf/protobuf-java/2.5.0/protobuf-java-2.5.0.jar:/home/runner/.m2/repository/org/apache/ozone/hdds-container-service/1.5.0-SNAPSHOT/hdds-container-service-1.5.0-SNAPSHOT.jar:/home/runner/.m2/repository/org/apache/ozone/hdds-hadoop-dependency-server/1.5.0-SNAPSHOT/hdds-hadoop-dependency-server-1.5.0-SNAPSHOT.jar:/home/runner/.m2/repository/org/apache/hadoop/hadoop-hdfs/3.3.6/hadoop-hdfs-3.3.6.jar:/home/runner/.m2/repository/commons-daemon/commons-daemon/1.0.13/commons-daemon-1.0.13.jar:/home/runner/.m2/repository/org/apache/ozone/hdds-server-framework/1.5.0-SNAPSHOT/hdds-server-framework-1.5.0-SNAPSHOT.jar:/home/runner/.m2/repository/org/bouncycastle/bcprov-jdk18on/1.77/bcprov-jdk18on-1.77.jar:/home/runner/.m2/repository/io/dropwizard/metrics/metrics-core/3.2.4/metrics-core-3.2.4.jar:/home/runner/.m2/repository/org/apache/commons/commons-text/1.11.0/commons-text-1.11.0.jar:/home/runner/.m2/repository/org/apache/ozone/hdds-server-framework/1.5.0-SNAPSHOT/hdds-server-framework-1.5.0-SNAPSHOT-tests.jar:/home/runner/.m2/repository/org/apache/ozone/hdds-interface-server/1.5.0-SNAPSHOT/hdds-interface-server-1.5.0-SNAPSHOT.jar:/home/runner/.m2/repository/org/apache/ozone/hdds-interface-admin/1.5.0-SNAPSHOT/hdds-interface-admin-1.5.0-SNAPSHOT.jar:/home/runner/.m2/repository/org/apache/ozone/hdds-managed-rocksdb/1.5.0-SNAPSHOT/hdds-managed-rocksdb-1.5.0-SNAPSHOT.jar:/home/runner/.m2/repository/org/rocksdb/rocksdbjni/7.7.3/rocksdbjni-7.7.3.jar:/home/runner/.m2/repository/org/slf4j/slf4j-reload4j/2.0.10/slf4j-reload4j-2.0.10.jar:/home/runner/.m2/repository/org/apache/commons/commons-configuration2/2.8.0/commons-configuration2-2.8.0.jar:/home/runner/.m2/repository/commons-fileupload/commons-fileupload/1.5/commons-fileupload-1.5.jar:/home/runner/.m2/repository/org/apache/logging/log4j/log4j-core/2.17.1/log4j-core-2.17.1.jar:/home/runner/.m2/repository/com/lmax/disruptor/3.4.2/disruptor-3.4.2.jar:/home/runner/.m2/repository/org/eclipse/jetty/jetty-util/9.4.53.v20231009/jetty-util-9.4.53.v20231009.jar:/home/runner/.m2/repository/org/eclipse/jetty/jetty-server/9.4.53.v20231009/jetty-server-9.4.53.v20231009.jar:/home/runner/.m2/repository/org/eclipse/jetty/jetty-http/9.4.53.v20231009/jetty-http-9.4.53.v20231009.jar:/home/runner/.m2/repository/org/eclipse/jetty/jetty-io/9.4.53.v20231009/jetty-io-9.4.53.v20231009.jar:/home/runner/.m2/repository/org/eclipse/jetty/jetty-servlet/9.4.53.v20231009/jetty-servlet-9.4.53.v20231009.jar:/home/runner/.m2/repository/org/eclipse/jetty/jetty-security/9.4.53.v20231009/jetty-security-9.4.53.v20231009.jar:/home/runner/.m2/repository/org/eclipse/jetty/jetty-util-ajax/9.4.53.v20231009/jetty-util-ajax-9.4.53.v20231009.jar:/home/runner/.m2/repository/org/eclipse/jetty/jetty-webapp/9.4.53.v20231009/jetty-webapp-9.4.53.v20231009.jar:/home/runner/.m2/repository/org/eclipse/jetty/jetty-xml/9.4.53.v20231009/jetty-xml-9.4.53.v20231009.jar:/home/runner/.m2/repository/org/apache/ratis/ratis-server/3.0.1/ratis-server-3.0.1.jar:/home/runner/.m2/repository/org/apache/ratis/ratis-thirdparty-misc/1.0.5/ratis-thirdparty-misc-1.0.5.jar:/home/runner/.m2/repository/org/apache/ratis/ratis-proto/3.0.1/ratis-proto-3.0.1.jar:/home/runner/.m2/repository/org/apache/ratis/ratis-common/3.0.1/ratis-common-3.0.1.jar:/home/runner/.m2/repository/org/apache/ratis/ratis-client/3.0.1/ratis-client-3.0.1.jar:/home/runner/.m2/repository/org/apache/ratis/ratis-server-api/3.0.1/ratis-server-api-3.0.1.jar:/home/runner/.m2/repository/org/apache/ratis/ratis-metrics-api/3.0.1/ratis-metrics-api-3.0.1.jar:/home/runner/.m2/repository/org/apache/ratis/ratis-metrics-dropwizard3/3.0.1/ratis-metrics-dropwizard3-3.0.1.jar:/home/runner/.m2/repository/io/prometheus/simpleclient_dropwizard/0.16.0/simpleclient_dropwizard-0.16.0.jar:/home/runner/.m2/repository/io/prometheus/simpleclient/0.16.0/simpleclient-0.16.0.jar:/home/runner/.m2/repository/io/prometheus/simpleclient_common/0.16.0/simpleclient_common-0.16.0.jar:/home/runner/.m2/repository/com/fasterxml/jackson/datatype/jackson-datatype-jsr310/2.13.4/jackson-datatype-jsr310-2.13.4.jar:/home/runner/.m2/repository/com/fasterxml/jackson/core/jackson-core/2.13.4/jackson-core-2.13.4.jar:/home/runner/.m2/repository/org/apache/ozone/rocksdb-checkpoint-differ/1.5.0-SNAPSHOT/rocksdb-checkpoint-differ-1.5.0-SNAPSHOT.jar:/home/runner/.m2/repository/org/jgrapht/jgrapht-core/1.0.1/jgrapht-core-1.0.1.jar:/home/runner/.m2/repository/org/jgrapht/jgrapht-ext/1.0.1/jgrapht-ext-1.0.1.jar:/home/runner/.m2/repository/org/tinyjee/jgraphx/jgraphx/2.0.0.1/jgraphx-2.0.0.1.jar:/home/runner/.m2/repository/jgraph/jgraph/5.13.0.0/jgraph-5.13.0.0.jar:/home/runner/.m2/repository/org/antlr/antlr4-runtime/4.5.3/antlr4-runtime-4.5.3.jar:/home/runner/.m2/repository/org/apache/ozone/ozone-manager/1.5.0-SNAPSHOT/ozone-manager-1.5.0-SNAPSHOT.jar:/home/runner/.m2/repository/org/aspectj/aspectjrt/1.9.7/aspectjrt-1.9.7.jar:/home/runner/.m2/repository/org/aspectj/aspectjweaver/1.9.7/aspectjweaver-1.9.7.jar:/home/runner/.m2/repository/org/apache/ozone/hdds-interface-client/1.5.0-SNAPSHOT/hdds-interface-client-1.5.0-SNAPSHOT.jar:/home/runner/.m2/repository/org/apache/hadoop/thirdparty/hadoop-shaded-protobuf_3_7/1.1.1/hadoop-shaded-protobuf_3_7-1.1.1.jar:/home/runner/.m2/repository/org/apache/ozone/ozone-interface-storage/1.5.0-SNAPSHOT/ozone-interface-storage-1.5.0-SNAPSHOT.jar:/home/runner/.m2/repository/org/reflections/reflections/0.9.11/reflections-0.9.11.jar:/home/runner/.m2/repository/com/sun/jersey/jersey-client/1.19.4/jersey-client-1.19.4.jar:/home/runner/.m2/repository/org/codehaus/jackson/jackson-core-asl/1.9.13/jackson-core-asl-1.9.13.jar:/home/runner/.m2/repository/org/codehaus/jackson/jackson-mapper-asl/1.9.13/jackson-mapper-asl-1.9.13.jar:/home/runner/.m2/repository/org/codehaus/jackson/jackson-jaxrs/1.9.13/jackson-jaxrs-1.9.13.jar:/home/runner/.m2/repository/org/apache/ranger/ranger-intg/2.3.0/ranger-intg-2.3.0.jar:/home/runner/.m2/repository/org/apache/ranger/ranger-plugins-common/2.3.0/ranger-plugins-common-2.3.0.jar:/home/runner/.m2/repository/commons-lang/commons-lang/2.6/commons-lang-2.6.jar:/home/runner/.m2/repository/org/apache/ranger/ranger-plugins-cred/2.3.0/ranger-plugins-cred-2.3.0.jar:/home/runner/.m2/repository/org/apache/ranger/ranger-plugins-audit/2.3.0/ranger-plugins-audit-2.3.0.jar:/home/runner/.m2/repository/org/eclipse/jetty/jetty-client/9.4.53.v20231009/jetty-client-9.4.53.v20231009.jar:/home/runner/.m2/repository/org/apache/httpcomponents/httpmime/4.5.6/httpmime-4.5.6.jar:/home/runner/.m2/repository/org/apache/httpcomponents/httpcore-nio/4.4.16/httpcore-nio-4.4.16.jar:/home/runner/.m2/repository/org/apache/httpcomponents/httpasyncclient/4.1.3/httpasyncclient-4.1.3.jar:/home/runner/.m2/repository/com/carrotsearch/hppc/0.8.0/hppc-0.8.0.jar:/home/runner/.m2/repository/org/apache/orc/orc-core/1.5.8/orc-core-1.5.8.jar:/home/runner/.m2/repository/net/java/dev/jna/jna/5.2.0/jna-5.2.0.jar:/home/runner/.m2/repository/net/java/dev/jna/jna-platform/5.2.0/jna-platform-5.2.0.jar:/home/runner/.m2/repository/com/kstruct/gethostname4j/0.0.2/gethostname4j-0.0.2.jar:/home/runner/.m2/repository/org/apache/ranger/ranger-plugin-classloader/2.3.0/ranger-plugin-classloader-2.3.0.jar:/home/runner/.m2/repository/org/apache/ozone/hdds-rocks-native/1.5.0-SNAPSHOT/hdds-rocks-native-1.5.0-SNAPSHOT.jar:/home/runner/.m2/repository/org/apache/hadoop/hadoop-minikdc/3.3.6/hadoop-minikdc-3.3.6.jar:/home/runner/.m2/repository/org/apache/kerby/kerb-simplekdc/1.0.1/kerb-simplekdc-1.0.1.jar:/home/runner/.m2/repository/org/apache/kerby/kerb-client/1.0.1/kerb-client-1.0.1.jar:/home/runner/.m2/repository/org/apache/kerby/kerby-config/1.0.1/kerby-config-1.0.1.jar:/home/runner/.m2/repository/org/apache/kerby/kerb-common/1.0.1/kerb-common-1.0.1.jar:/home/runner/.m2/repository/org/apache/kerby/kerb-crypto/1.0.1/kerb-crypto-1.0.1.jar:/home/runner/.m2/repository/org/apache/kerby/kerb-util/1.0.1/kerb-util-1.0.1.jar:/home/runner/.m2/repository/org/apache/kerby/token-provider/1.0.1/token-provider-1.0.1.jar:/home/runner/.m2/repository/org/apache/kerby/kerb-admin/1.0.1/kerb-admin-1.0.1.jar:/home/runner/.m2/repository/org/apache/kerby/kerb-server/1.0.1/kerb-server-1.0.1.jar:/home/runner/.m2/repository/org/apache/kerby/kerb-identity/1.0.1/kerb-identity-1.0.1.jar:/home/runner/.m2/repository/org/apache/kerby/kerby-xdr/1.0.1/kerby-xdr-1.0.1.jar:/home/runner/.m2/repository/junit/junit/4.13.2/junit-4.13.2.jar:/home/runner/.m2/repository/org/hamcrest/hamcrest-core/1.3/hamcrest-core-1.3.jar:/home/runner/.m2/repository/org/apache/ozone/ozone-s3gateway/1.5.0-SNAPSHOT/ozone-s3gateway-1.5.0-SNAPSHOT.jar:/home/runner/.m2/repository/org/javassist/javassist/3.21.0-GA/javassist-3.21.0-GA.jar:/home/runner/.m2/repository/org/jboss/weld/servlet/weld-servlet-shaded/3.1.9.Final/weld-servlet-shaded-3.1.9.Final.jar:/home/runner/.m2/repository/org/glassfish/jersey/containers/jersey-container-servlet-core/2.41/jersey-container-servlet-core-2.41.jar:/home/runner/.m2/repository/org/glassfish/hk2/external/jakarta.inject/2.6.1/jakarta.inject-2.6.1.jar:/home/runner/.m2/repository/org/glassfish/jersey/core/jersey-common/2.41/jersey-common-2.41.jar:/home/runner/.m2/repository/jakarta/ws/rs/jakarta.ws.rs-api/2.1.6/jakarta.ws.rs-api-2.1.6.jar:/home/runner/.m2/repository/org/glassfish/jersey/ext/cdi/jersey-cdi1x/2.41/jersey-cdi1x-2.41.jar:/home/runner/.m2/repository/org/glassfish/jersey/inject/jersey-hk2/2.41/jersey-hk2-2.41.jar:/home/runner/.m2/repository/org/glassfish/hk2/hk2-locator/2.6.1/hk2-locator-2.6.1.jar:/home/runner/.m2/repository/org/glassfish/jersey/media/jersey-media-jaxb/2.41/jersey-media-jaxb-2.41.jar:/home/runner/.m2/repository/org/glassfish/hk2/osgi-resource-locator/1.0.3/osgi-resource-locator-1.0.3.jar:/home/runner/.m2/repository/org/glassfish/hk2/hk2-api/2.6.1/hk2-api-2.6.1.jar:/home/runner/.m2/repository/org/glassfish/hk2/hk2-utils/2.6.1/hk2-utils-2.6.1.jar:/home/runner/.m2/repository/org/glassfish/hk2/external/aopalliance-repackaged/2.6.1/aopalliance-repackaged-2.6.1.jar:/home/runner/.m2/repository/com/fasterxml/jackson/dataformat/jackson-dataformat-xml/2.13.4/jackson-dataformat-xml-2.13.4.jar:/home/runner/.m2/repository/org/codehaus/woodstox/stax2-api/4.2.2/stax2-api-4.2.2.jar:/home/runner/.m2/repository/com/fasterxml/woodstox/woodstox-core/5.4.0/woodstox-core-5.4.0.jar:/home/runner/.m2/repository/com/fasterxml/jackson/module/jackson-module-jaxb-annotations/2.13.4/jackson-module-jaxb-annotations-2.13.4.jar:/home/runner/.m2/repository/javax/enterprise/cdi-api/2.0/cdi-api-2.0.jar:/home/runner/.m2/repository/javax/el/javax.el-api/3.0.0/javax.el-api-3.0.0.jar:/home/runner/.m2/repository/javax/interceptor/javax.interceptor-api/1.2/javax.interceptor-api-1.2.jar:/home/runner/.m2/repository/javax/inject/javax.inject/1/javax.inject-1.jar:/home/runner/.m2/repository/jakarta/xml/bind/jakarta.xml.bind-api/2.3.3/jakarta.xml.bind-api-2.3.3.jar:/home/runner/.m2/repository/org/glassfish/jaxb/jaxb-runtime/2.3.9/jaxb-runtime-2.3.9.jar:/home/runner/.m2/repository/org/glassfish/jaxb/txw2/2.3.9/txw2-2.3.9.jar:/home/runner/.m2/repository/com/sun/istack/istack-commons-runtime/3.0.12/istack-commons-runtime-3.0.12.jar:/home/runner/.m2/repository/com/sun/activation/jakarta.activation/1.2.2/jakarta.activation-1.2.2.jar:/home/runner/.m2/repository/jakarta/activation/jakarta.activation-api/1.2.2/jakarta.activation-api-1.2.2.jar:/home/runner/.m2/repository/io/grpc/grpc-protobuf/1.58.0/grpc-protobuf-1.58.0.jar:/home/runner/.m2/repository/com/google/api/grpc/proto-google-common-protos/2.22.0/proto-google-common-protos-2.22.0.jar:/home/runner/.m2/repository/io/grpc/grpc-protobuf-lite/1.58.0/grpc-protobuf-lite-1.58.0.jar:/home/runner/.m2/repository/io/grpc/grpc-stub/1.58.0/grpc-stub-1.58.0.jar:/home/runner/.m2/repository/io/netty/netty-transport/4.1.100.Final/netty-transport-4.1.100.Final.jar:/home/runner/.m2/repository/io/netty/netty-resolver/4.1.100.Final/netty-resolver-4.1.100.Final.jar:/home/runner/.m2/repository/org/apache/ozone/ozone-csi/1.5.0-SNAPSHOT/ozone-csi-1.5.0-SNAPSHOT.jar:/home/runner/.m2/repository/com/google/protobuf/protobuf-java-util/3.19.6/protobuf-java-util-3.19.6.jar:/home/runner/.m2/repository/com/google/code/gson/gson/2.9.0/gson-2.9.0.jar:/home/runner/.m2/repository/org/apache/ozone/hdds-config/1.5.0-SNAPSHOT/hdds-config-1.5.0-SNAPSHOT.jar:/home/runner/.m2/repository/io/netty/netty-transport-native-epoll/4.1.100.Final/netty-transport-native-epoll-4.1.100.Final-linux-x86_64.jar:/home/runner/.m2/repository/io/netty/netty-transport-classes-epoll/4.1.100.Final/netty-transport-classes-epoll-4.1.100.Final.jar:/home/runner/.m2/repository/io/netty/netty-transport-native-unix-common/4.1.100.Final/netty-transport-native-unix-common-4.1.100.Final.jar:/home/runner/.m2/repository/org/apache/ozone/ozone-recon/1.5.0-SNAPSHOT/ozone-recon-1.5.0-SNAPSHOT.jar:/home/runner/.m2/repository/org/apache/ozone/ozone-reconcodegen/1.5.0-SNAPSHOT/ozone-reconcodegen-1.5.0-SNAPSHOT.jar:/home/runner/.m2/repository/com/google/inject/guice/5.1.0/guice-5.1.0.jar:/home/runner/.m2/repository/aopalliance/aopalliance/1.0/aopalliance-1.0.jar:/home/runner/.m2/repository/com/google/inject/extensions/guice-assistedinject/5.1.0/guice-assistedinject-5.1.0.jar:/home/runner/.m2/repository/com/google/inject/extensions/guice-servlet/5.1.0/guice-servlet-5.1.0.jar:/home/runner/.m2/repository/org/glassfish/jersey/containers/jersey-container-servlet/2.41/jersey-container-servlet-2.41.jar:/home/runner/.m2/repository/org/glassfish/hk2/guice-bridge/2.6.1/guice-bridge-2.6.1.jar:/home/runner/.m2/repository/org/glassfish/jersey/core/jersey-server/2.41/jersey-server-2.41.jar:/home/runner/.m2/repository/org/glassfish/jersey/core/jersey-client/2.41/jersey-client-2.41.jar:/home/runner/.m2/repository/jakarta/validation/jakarta.validation-api/2.0.2/jakarta.validation-api-2.0.2.jar:/home/runner/.m2/repository/org/glassfish/jersey/media/jersey-media-json-jackson/2.41/jersey-media-json-jackson-2.41.jar:/home/runner/.m2/repository/org/glassfish/jersey/ext/jersey-entity-filtering/2.41/jersey-entity-filtering-2.41.jar:/home/runner/.m2/repository/org/jooq/jooq/3.11.10/jooq-3.11.10.jar:/home/runner/.m2/repository/org/jooq/jooq-meta/3.11.10/jooq-meta-3.11.10.jar:/home/runner/.m2/repository/org/jooq/jooq-codegen/3.11.10/jooq-codegen-3.11.10.jar:/home/runner/.m2/repository/com/jolbox/bonecp/0.8.0.RELEASE/bonecp-0.8.0.RELEASE.jar:/home/runner/.m2/repository/org/apache/derby/derby/10.14.2.0/derby-10.14.2.0.jar:/home/runner/.m2/repository/org/xerial/sqlite-jdbc/3.44.1.0/sqlite-jdbc-3.44.1.0.jar:/home/runner/.m2/repository/org/springframework/spring-jdbc/5.3.27/spring-jdbc-5.3.27.jar:/home/runner/.m2/repository/org/springframework/spring-beans/5.3.27/spring-beans-5.3.27.jar:/home/runner/.m2/repository/org/springframework/spring-core/5.3.27/spring-core-5.3.27.jar:/home/runner/.m2/repository/org/springframework/spring-tx/5.3.27/spring-tx-5.3.27.jar:/home/runner/.m2/repository/org/apache/ozone/ozone-client/1.5.0-SNAPSHOT/ozone-client-1.5.0-SNAPSHOT.jar:/home/runner/.m2/repository/org/apache/ozone/hdds-erasurecode/1.5.0-SNAPSHOT/hdds-erasurecode-1.5.0-SNAPSHOT.jar:/home/runner/.m2/repository/org/apache/ozone/ozone-filesystem/1.5.0-SNAPSHOT/ozone-filesystem-1.5.0-SNAPSHOT.jar:/home/runner/.m2/repository/org/apache/ozone/ozone-filesystem-common/1.5.0-SNAPSHOT/ozone-filesystem-common-1.5.0-SNAPSHOT.jar:/home/runner/.m2/repository/org/apache/ozone/ozone-tools/1.5.0-SNAPSHOT/ozone-tools-1.5.0-SNAPSHOT.jar:/home/runner/.m2/repository/com/amazonaws/aws-java-sdk-core/1.12.632/aws-java-sdk-core-1.12.632.jar:/home/runner/.m2/repository/org/apache/httpcomponents/httpclient/4.5.13/httpclient-4.5.13.jar:/home/runner/.m2/repository/org/apache/httpcomponents/httpcore/4.4.16/httpcore-4.4.16.jar:/home/runner/.m2/repository/software/amazon/ion/ion-java/1.0.2/ion-java-1.0.2.jar:/home/runner/.m2/repository/com/fasterxml/jackson/dataformat/jackson-dataformat-cbor/2.13.4/jackson-dataformat-cbor-2.13.4.jar:/home/runner/.m2/repository/joda-time/joda-time/2.12.5/joda-time-2.12.5.jar:/home/runner/.m2/repository/com/amazonaws/aws-java-sdk-s3/1.12.632/aws-java-sdk-s3-1.12.632.jar:/home/runner/.m2/repository/com/amazonaws/aws-java-sdk-kms/1.12.632/aws-java-sdk-kms-1.12.632.jar:/home/runner/.m2/repository/com/amazonaws/jmespath-java/1.12.632/jmespath-java-1.12.632.jar:/home/runner/.m2/repository/org/kohsuke/metainf-services/metainf-services/1.8/metainf-services-1.8.jar:/home/runner/.m2/repository/org/apache/ozone/hdds-tools/1.5.0-SNAPSHOT/hdds-tools-1.5.0-SNAPSHOT.jar:/home/runner/.m2/repository/org/apache/ratis/ratis-tools/3.0.1/ratis-tools-3.0.1.jar:/home/runner/.m2/repository/commons-cli/commons-cli/1.6.0/commons-cli-1.6.0.jar:/home/runner/.m2/repository/org/apache/commons/commons-lang3/3.14.0/commons-lang3-3.14.0.jar:/home/runner/.m2/repository/org/apache/ozone/ozone-manager/1.5.0-SNAPSHOT/ozone-manager-1.5.0-SNAPSHOT-tests.jar:/home/runner/.m2/repository/org/apache/ozone/hdds-common/1.5.0-SNAPSHOT/hdds-common-1.5.0-SNAPSHOT-tests.jar:/home/runner/.m2/repository/org/apache/ozone/hdds-hadoop-dependency-client/1.5.0-SNAPSHOT/hdds-hadoop-dependency-client-1.5.0-SNAPSHOT.jar:/home/runner/.m2/repository/info/picocli/picocli/4.7.5/picocli-4.7.5.jar:/home/runner/.m2/repository/com/fasterxml/jackson/core/jackson-annotations/2.13.4/jackson-annotations-2.13.4.jar:/home/runner/.m2/repository/org/apache/ozone/hdds-annotation-processing/1.5.0-SNAPSHOT/hdds-annotation-processing-1.5.0-SNAPSHOT.jar:/home/runner/.m2/repository/javax/annotation/javax.annotation-api/1.3.2/javax.annotation-api-1.3.2.jar:/home/runner/.m2/repository/org/apache/ratis/ratis-netty/3.0.1/ratis-netty-3.0.1.jar:/home/runner/.m2/repository/org/apache/ratis/ratis-grpc/3.0.1/ratis-grpc-3.0.1.jar:/home/runner/.m2/repository/org/apache/commons/commons-pool2/2.6.0/commons-pool2-2.6.0.jar:/home/runner/.m2/repository/org/bouncycastle/bcpkix-jdk18on/1.77/bcpkix-jdk18on-1.77.jar:/home/runner/.m2/repository/org/bouncycastle/bcutil-jdk18on/1.77/bcutil-jdk18on-1.77.jar:/home/runner/.m2/repository/commons-validator/commons-validator/1.6/commons-validator-1.6.jar:/home/runner/.m2/repository/commons-beanutils/commons-beanutils/1.9.4/commons-beanutils-1.9.4.jar:/home/runner/.m2/repository/commons-digester/commons-digester/1.8.1/commons-digester-1.8.1.jar:/home/runner/.m2/repository/commons-collections/commons-collections/3.2.2/commons-collections-3.2.2.jar:/home/runner/.m2/repository/io/jaegertracing/jaeger-client/1.8.1/jaeger-client-1.8.1.jar:/home/runner/.m2/repository/io/jaegertracing/jaeger-thrift/1.8.1/jaeger-thrift-1.8.1.jar:/home/runner/.m2/repository/org/apache/thrift/libthrift/0.15.0/libthrift-0.15.0.jar:/home/runner/.m2/repository/io/jaegertracing/jaeger-core/1.8.1/jaeger-core-1.8.1.jar:/home/runner/.m2/repository/io/jaegertracing/jaeger-tracerresolver/1.8.1/jaeger-tracerresolver-1.8.1.jar:/home/runner/.m2/repository/io/opentracing/contrib/opentracing-tracerresolver/0.1.8/opentracing-tracerresolver-0.1.8.jar:/home/runner/.m2/repository/org/jetbrains/kotlin/kotlin-stdlib/1.9.22/kotlin-stdlib-1.9.22.jar:/home/runner/.m2/repository/org/jetbrains/annotations/13.0/annotations-13.0.jar:/home/runner/.m2/repository/io/opentracing/opentracing-util/0.33.0/opentracing-util-0.33.0.jar:/home/runner/.m2/repository/io/opentracing/opentracing-api/0.33.0/opentracing-api-0.33.0.jar:/home/runner/.m2/repository/io/opentracing/opentracing-noop/0.33.0/opentracing-noop-0.33.0.jar:/home/runner/.m2/repository/org/yaml/snakeyaml/2.0/snakeyaml-2.0.jar:/home/runner/.m2/repository/io/grpc/grpc-api/1.58.0/grpc-api-1.58.0.jar:/home/runner/.m2/repository/org/junit/jupiter/junit-jupiter-engine/5.10.1/junit-jupiter-engine-5.10.1.jar:/home/runner/.m2/repository/org/junit/platform/junit-platform-engine/1.10.1/junit-platform-engine-1.10.1.jar:/home/runner/.m2/repository/org/apiguardian/apiguardian-api/1.1.2/apiguardian-api-1.1.2.jar:/home/runner/.m2/repository/org/junit/platform/junit-platform-launcher/1.10.1/junit-platform-launcher-1.10.1.jar:/home/runner/.m2/repository/org/apache/hadoop/hadoop-kms/3.3.6/hadoop-kms-3.3.6.jar:/home/runner/.m2/repository/org/apache/hadoop/hadoop-auth/3.3.6/hadoop-auth-3.3.6.jar:/home/runner/.m2/repository/com/nimbusds/nimbus-jose-jwt/9.8.1/nimbus-jose-jwt-9.8.1.jar:/home/runner/.m2/repository/com/github/stephenc/jcip/jcip-annotations/1.0-1/jcip-annotations-1.0-1.jar:/home/runner/.m2/repository/org/apache/zookeeper/zookeeper/3.7.2/zookeeper-3.7.2.jar:/home/runner/.m2/repository/org/apache/zookeeper/zookeeper-jute/3.7.2/zookeeper-jute-3.7.2.jar:/home/runner/.m2/repository/org/apache/yetus/audience-annotations/0.12.0/audience-annotations-0.12.0.jar:/home/runner/.m2/repository/org/apache/curator/curator-framework/4.2.0/curator-framework-4.2.0.jar:/home/runner/.m2/repository/org/apache/hadoop/thirdparty/hadoop-shaded-guava/1.1.1/hadoop-shaded-guava-1.1.1.jar:/home/runner/.m2/repository/com/sun/jersey/jersey-core/1.19.4/jersey-core-1.19.4.jar:/home/runner/.m2/repository/javax/ws/rs/jsr311-api/1.1.1/jsr311-api-1.1.1.jar:/home/runner/.m2/repository/com/sun/jersey/jersey-server/1.19.4/jersey-server-1.19.4.jar:/home/runner/.m2/repository/javax/servlet/javax.servlet-api/3.1.0/javax.servlet-api-3.1.0.jar:/home/runner/.m2/repository/org/apache/hadoop/hadoop-common/3.3.6/hadoop-common-3.3.6.jar:/home/runner/.m2/repository/org/apache/commons/commons-math3/3.6.1/commons-math3-3.6.1.jar:/home/runner/.m2/repository/commons-net/commons-net/3.10.0/commons-net-3.10.0.jar:/home/runner/.m2/repository/com/sun/jersey/jersey-servlet/1.19.4/jersey-servlet-1.19.4.jar:/home/runner/.m2/repository/com/github/pjfanning/jersey-json/1.20/jersey-json-1.20.jar:/home/runner/.m2/repository/org/codehaus/jettison/jettison/1.1/jettison-1.1.jar:/home/runner/.m2/repository/com/sun/xml/bind/jaxb-impl/2.2.3-1/jaxb-impl-2.2.3-1.jar:/home/runner/.m2/repository/com/google/re2j/re2j/1.7/re2j-1.7.jar:/home/runner/.m2/repository/com/jcraft/jsch/0.1.54/jsch-0.1.54.jar:/home/runner/.m2/repository/org/apache/curator/curator-client/4.2.0/curator-client-4.2.0.jar:/home/runner/.m2/repository/org/apache/curator/curator-recipes/5.2.0/curator-recipes-5.2.0.jar:/home/runner/.m2/repository/org/apache/kerby/kerb-core/1.0.1/kerb-core-1.0.1.jar:/home/runner/.m2/repository/org/apache/kerby/kerby-pkix/1.0.1/kerby-pkix-1.0.1.jar:/home/runner/.m2/repository/org/apache/kerby/kerby-asn1/1.0.1/kerby-asn1-1.0.1.jar:/home/runner/.m2/repository/org/apache/kerby/kerby-util/1.0.1/kerby-util-1.0.1.jar:/home/runner/.m2/repository/dnsjava/dnsjava/2.1.7/dnsjava-2.1.7.jar:/home/runner/.m2/repository/org/xerial/snappy/snappy-java/1.1.8.2/snappy-java-1.1.8.2.jar:/home/runner/.m2/repository/com/fasterxml/jackson/core/jackson-databind/2.13.4.2/jackson-databind-2.13.4.2.jar:/home/runner/.m2/repository/org/apache/hadoop/hadoop-kms/3.3.6/hadoop-kms-3.3.6-tests.jar:/home/runner/.m2/repository/org/apache/ozone/hdds-server-scm/1.5.0-SNAPSHOT/hdds-server-scm-1.5.0-SNAPSHOT-tests.jar:/home/runner/.m2/repository/org/apache/ozone/hdds-container-service/1.5.0-SNAPSHOT/hdds-container-service-1.5.0-SNAPSHOT-tests.jar:/home/runner/.m2/repository/com/github/luben/zstd-jni/1.5.2-5/zstd-jni-1.5.2-5.jar:/home/runner/.m2/repository/commons-codec/commons-codec/1.15/commons-codec-1.15.jar:/home/runner/.m2/repository/io/netty/netty-codec/4.1.100.Final/netty-codec-4.1.100.Final.jar:/home/runner/.m2/repository/io/netty/netty-handler/4.1.100.Final/netty-handler-4.1.100.Final.jar:/home/runner/.m2/repository/org/apache/ozone/hdds-hadoop-dependency-test/1.5.0-SNAPSHOT/hdds-hadoop-dependency-test-1.5.0-SNAPSHOT.jar:/home/runner/.m2/repository/org/apache/hadoop/hadoop-common/3.3.6/hadoop-common-3.3.6-tests.jar:/home/runner/.m2/repository/org/apache/hadoop/hadoop-hdfs/3.3.6/hadoop-hdfs-3.3.6-tests.jar:/home/runner/.m2/repository/org/junit/jupiter/junit-jupiter-params/5.10.1/junit-jupiter-params-5.10.1.jar:/home/runner/.m2/repository/org/mockito/mockito-core/4.11.0/mockito-core-4.11.0.jar:/home/runner/.m2/repository/net/bytebuddy/byte-buddy/1.12.19/byte-buddy-1.12.19.jar:/home/runner/.m2/repository/net/bytebuddy/byte-buddy-agent/1.12.19/byte-buddy-agent-1.12.19.jar:/home/runner/.m2/repository/org/objenesis/objenesis/1.0/objenesis-1.0.jar:/home/runner/.m2/repository/org/mockito/mockito-junit-jupiter/4.11.0/mockito-junit-jupiter-4.11.0.jar:/home/runner/.m2/repository/org/apache/hadoop/hadoop-distcp/3.3.6/hadoop-distcp-3.3.6.jar:/home/runner/.m2/repository/org/apache/hadoop/hadoop-mapreduce-client-jobclient/3.3.6/hadoop-mapreduce-client-jobclient-3.3.6.jar:/home/runner/.m2/repository/org/apache/hadoop/hadoop-mapreduce-client-common/3.3.6/hadoop-mapreduce-client-common-3.3.6.jar:/home/runner/.m2/repository/org/apache/hadoop/hadoop-yarn-common/3.3.6/hadoop-yarn-common-3.3.6.jar:/home/runner/.m2/repository/org/apache/hadoop/hadoop-yarn-api/3.3.6/hadoop-yarn-api-3.3.6.jar:/home/runner/.m2/repository/javax/xml/bind/jaxb-api/2.2.11/jaxb-api-2.2.11.jar:/home/runner/.m2/repository/com/sun/jersey/contribs/jersey-guice/1.19.4/jersey-guice-1.19.4.jar:/home/runner/.m2/repository/com/fasterxml/jackson/jaxrs/jackson-jaxrs-json-provider/2.13.4/jackson-jaxrs-json-provider-2.13.4.jar:/home/runner/.m2/repository/com/fasterxml/jackson/jaxrs/jackson-jaxrs-base/2.13.4/jackson-jaxrs-base-2.13.4.jar:/home/runner/.m2/repository/org/apache/hadoop/hadoop-yarn-client/3.3.6/hadoop-yarn-client-3.3.6.jar:/home/runner/.m2/repository/org/eclipse/jetty/websocket/websocket-client/9.4.51.v20230217/websocket-client-9.4.51.v20230217.jar:/home/runner/.m2/repository/org/eclipse/jetty/websocket/websocket-common/9.4.51.v20230217/websocket-common-9.4.51.v20230217.jar:/home/runner/.m2/repository/org/eclipse/jetty/websocket/websocket-api/9.4.51.v20230217/websocket-api-9.4.51.v20230217.jar:/home/runner/.m2/repository/org/jline/jline/3.9.0/jline-3.9.0.jar:/home/runner/.m2/repository/org/apache/hadoop/hadoop-mapreduce-client-core/3.3.6/hadoop-mapreduce-client-core-3.3.6.jar:/home/runner/.m2/repository/org/apache/avro/avro/1.7.7/avro-1.7.7.jar:/home/runner/.m2/repository/com/thoughtworks/paranamer/paranamer/2.3/paranamer-2.3.jar:/home/runner/.m2/repository/org/apache/hadoop/hadoop-annotations/3.3.6/hadoop-annotations-3.3.6.jar:/usr/lib/jvm/temurin-8-jdk-amd64/jre/../lib/tools.jar:/home/runner/.m2/repository/io/netty/netty/3.10.6.Final/netty-3.10.6.Final.jar:/home/runner/.m2/repository/org/apache/hadoop/hadoop-distcp/3.3.6/hadoop-distcp-3.3.6-tests.jar:/home/runner/.m2/repository/org/hamcrest/hamcrest/2.2/hamcrest-2.2.jar:/home/runner/.m2/repository/org/slf4j/jul-to-slf4j/2.0.10/jul-to-slf4j-2.0.10.jar:/home/runner/work/ozone/ozone/hadoop-ozone/integration-test/target/gradle-enterprise/test-listeners.jar:"/>
    <property name="java.vm.vendor" value="Temurin"/>
    <property name="sun.arch.data.model" value="64"/>
    <property name="test.build.dir" value="/home/runner/work/ozone/ozone/hadoop-ozone/integration-test/target/test-dir"/>
    <property name="test.cache.data" value=""/>
    <property name="java.vendor.url" value="https://adoptium.net/"/>
    <property name="user.timezone" value="Etc/UTC"/>
    <property name="maven-surefire-plugin.argLineAccessArgs" value=""/>
    <property name="os.name" value="Linux"/>
    <property name="java.vm.specification.version" value="1.8"/>
    <property name="test.build.data" value="/home/runner/work/ozone/ozone/hadoop-ozone/integration-test/target/test-dir"/>
    <property name="sun.java.launcher" value="SUN_STANDARD"/>
    <property name="sun.boot.library.path" value="/usr/lib/jvm/temurin-8-jdk-amd64/jre/lib/amd64"/>
    <property name="sun.java.command" value="/home/runner/work/ozone/ozone/hadoop-ozone/integration-test/target/surefire/surefirebooter1286797029454747506.jar /home/runner/work/ozone/ozone/hadoop-ozone/integration-test/target/surefire 2024-02-10T22-32-58_069-jvmRun1 surefire3363020327636539875tmp surefire_10860734745847113526tmp"/>
    <property name="native.lib.tmp.dir" value="/tmp"/>
    <property name="surefire.test.class.path" value="/home/runner/work/ozone/ozone/hadoop-ozone/integration-test/target/test-classes:/home/runner/work/ozone/ozone/hadoop-ozone/integration-test/target/classes:/home/runner/.m2/repository/org/apache/ozone/ozone-common/1.5.0-SNAPSHOT/ozone-common-1.5.0-SNAPSHOT.jar:/home/runner/.m2/repository/io/grpc/grpc-netty/1.58.0/grpc-netty-1.58.0.jar:/home/runner/.m2/repository/io/grpc/grpc-core/1.58.0/grpc-core-1.58.0.jar:/home/runner/.m2/repository/com/google/android/annotations/4.1.1.4/annotations-4.1.1.4.jar:/home/runner/.m2/repository/org/codehaus/mojo/animal-sniffer-annotations/1.23/animal-sniffer-annotations-1.23.jar:/home/runner/.m2/repository/io/grpc/grpc-context/1.58.0/grpc-context-1.58.0.jar:/home/runner/.m2/repository/io/grpc/grpc-util/1.58.0/grpc-util-1.58.0.jar:/home/runner/.m2/repository/com/google/errorprone/error_prone_annotations/2.2.0/error_prone_annotations-2.2.0.jar:/home/runner/.m2/repository/io/perfmark/perfmark-api/0.26.0/perfmark-api-0.26.0.jar:/home/runner/.m2/repository/io/netty/netty-codec-http2/4.1.100.Final/netty-codec-http2-4.1.100.Final.jar:/home/runner/.m2/repository/io/netty/netty-common/4.1.100.Final/netty-common-4.1.100.Final.jar:/home/runner/.m2/repository/io/netty/netty-buffer/4.1.100.Final/netty-buffer-4.1.100.Final.jar:/home/runner/.m2/repository/io/netty/netty-codec-http/4.1.100.Final/netty-codec-http-4.1.100.Final.jar:/home/runner/.m2/repository/io/netty/netty-handler-proxy/4.1.100.Final/netty-handler-proxy-4.1.100.Final.jar:/home/runner/.m2/repository/io/netty/netty-codec-socks/4.1.100.Final/netty-codec-socks-4.1.100.Final.jar:/home/runner/.m2/repository/io/netty/netty-tcnative-boringssl-static/2.0.61.Final/netty-tcnative-boringssl-static-2.0.61.Final.jar:/home/runner/.m2/repository/io/netty/netty-tcnative-classes/2.0.61.Final/netty-tcnative-classes-2.0.61.Final.jar:/home/runner/.m2/repository/io/netty/netty-tcnative-boringssl-static/2.0.61.Final/netty-tcnative-boringssl-static-2.0.61.Final-linux-x86_64.jar:/home/runner/.m2/repository/io/netty/netty-tcnative-boringssl-static/2.0.61.Final/netty-tcnative-boringssl-static-2.0.61.Final-linux-aarch_64.jar:/home/runner/.m2/repository/io/netty/netty-tcnative-boringssl-static/2.0.61.Final/netty-tcnative-boringssl-static-2.0.61.Final-osx-x86_64.jar:/home/runner/.m2/repository/io/netty/netty-tcnative-boringssl-static/2.0.61.Final/netty-tcnative-boringssl-static-2.0.61.Final-osx-aarch_64.jar:/home/runner/.m2/repository/io/netty/netty-tcnative-boringssl-static/2.0.61.Final/netty-tcnative-boringssl-static-2.0.61.Final-windows-x86_64.jar:/home/runner/.m2/repository/org/apache/commons/commons-compress/1.25.0/commons-compress-1.25.0.jar:/home/runner/.m2/repository/org/apache/ozone/hdds-common/1.5.0-SNAPSHOT/hdds-common-1.5.0-SNAPSHOT.jar:/home/runner/.m2/repository/org/apache/ozone/hdds-client/1.5.0-SNAPSHOT/hdds-client-1.5.0-SNAPSHOT.jar:/home/runner/.m2/repository/org/apache/ozone/ozone-interface-client/1.5.0-SNAPSHOT/ozone-interface-client-1.5.0-SNAPSHOT.jar:/home/runner/.m2/repository/org/apache/hadoop/hadoop-hdfs-client/3.3.6/hadoop-hdfs-client-3.3.6.jar:/home/runner/.m2/repository/com/squareup/okhttp3/okhttp/4.12.0/okhttp-4.12.0.jar:/home/runner/.m2/repository/com/squareup/okio/okio/3.6.0/okio-3.6.0.jar:/home/runner/.m2/repository/com/squareup/okio/okio-jvm/3.6.0/okio-jvm-3.6.0.jar:/home/runner/.m2/repository/org/jetbrains/kotlin/kotlin-stdlib-jdk8/1.9.22/kotlin-stdlib-jdk8-1.9.22.jar:/home/runner/.m2/repository/org/jetbrains/kotlin/kotlin-stdlib-jdk7/1.9.22/kotlin-stdlib-jdk7-1.9.22.jar:/home/runner/.m2/repository/org/jetbrains/kotlin/kotlin-stdlib-common/1.9.22/kotlin-stdlib-common-1.9.22.jar:/home/runner/.m2/repository/org/apache/ozone/hdds-test-utils/1.5.0-SNAPSHOT/hdds-test-utils-1.5.0-SNAPSHOT.jar:/home/runner/.m2/repository/org/assertj/assertj-core/3.12.2/assertj-core-3.12.2.jar:/home/runner/.m2/repository/com/google/guava/guava/32.0.0-jre/guava-32.0.0-jre.jar:/home/runner/.m2/repository/com/google/guava/failureaccess/1.0.1/failureaccess-1.0.1.jar:/home/runner/.m2/repository/com/google/guava/listenablefuture/9999.0-empty-to-avoid-conflict-with-guava/listenablefuture-9999.0-empty-to-avoid-conflict-with-guava.jar:/home/runner/.m2/repository/com/google/code/findbugs/jsr305/3.0.0/jsr305-3.0.0.jar:/home/runner/.m2/repository/org/checkerframework/checker-qual/3.33.0/checker-qual-3.33.0.jar:/home/runner/.m2/repository/com/google/j2objc/j2objc-annotations/2.8/j2objc-annotations-2.8.jar:/home/runner/.m2/repository/commons-io/commons-io/2.11.0/commons-io-2.11.0.jar:/home/runner/.m2/repository/commons-logging/commons-logging/1.2/commons-logging-1.2.jar:/home/runner/.m2/repository/org/junit/jupiter/junit-jupiter-api/5.10.1/junit-jupiter-api-5.10.1.jar:/home/runner/.m2/repository/org/opentest4j/opentest4j/1.3.0/opentest4j-1.3.0.jar:/home/runner/.m2/repository/org/junit/platform/junit-platform-commons/1.10.1/junit-platform-commons-1.10.1.jar:/home/runner/.m2/repository/ch/qos/reload4j/reload4j/1.2.25/reload4j-1.2.25.jar:/home/runner/.m2/repository/jakarta/annotation/jakarta.annotation-api/2.1.1/jakarta.annotation-api-2.1.1.jar:/home/runner/.m2/repository/org/slf4j/slf4j-api/2.0.10/slf4j-api-2.0.10.jar:/home/runner/.m2/repository/org/apache/logging/log4j/log4j-api/2.17.1/log4j-api-2.17.1.jar:/home/runner/.m2/repository/org/apache/ozone/hdds-server-scm/1.5.0-SNAPSHOT/hdds-server-scm-1.5.0-SNAPSHOT.jar:/home/runner/.m2/repository/com/google/protobuf/protobuf-java/2.5.0/protobuf-java-2.5.0.jar:/home/runner/.m2/repository/org/apache/ozone/hdds-container-service/1.5.0-SNAPSHOT/hdds-container-service-1.5.0-SNAPSHOT.jar:/home/runner/.m2/repository/org/apache/ozone/hdds-hadoop-dependency-server/1.5.0-SNAPSHOT/hdds-hadoop-dependency-server-1.5.0-SNAPSHOT.jar:/home/runner/.m2/repository/org/apache/hadoop/hadoop-hdfs/3.3.6/hadoop-hdfs-3.3.6.jar:/home/runner/.m2/repository/commons-daemon/commons-daemon/1.0.13/commons-daemon-1.0.13.jar:/home/runner/.m2/repository/org/apache/ozone/hdds-server-framework/1.5.0-SNAPSHOT/hdds-server-framework-1.5.0-SNAPSHOT.jar:/home/runner/.m2/repository/org/bouncycastle/bcprov-jdk18on/1.77/bcprov-jdk18on-1.77.jar:/home/runner/.m2/repository/io/dropwizard/metrics/metrics-core/3.2.4/metrics-core-3.2.4.jar:/home/runner/.m2/repository/org/apache/commons/commons-text/1.11.0/commons-text-1.11.0.jar:/home/runner/.m2/repository/org/apache/ozone/hdds-server-framework/1.5.0-SNAPSHOT/hdds-server-framework-1.5.0-SNAPSHOT-tests.jar:/home/runner/.m2/repository/org/apache/ozone/hdds-interface-server/1.5.0-SNAPSHOT/hdds-interface-server-1.5.0-SNAPSHOT.jar:/home/runner/.m2/repository/org/apache/ozone/hdds-interface-admin/1.5.0-SNAPSHOT/hdds-interface-admin-1.5.0-SNAPSHOT.jar:/home/runner/.m2/repository/org/apache/ozone/hdds-managed-rocksdb/1.5.0-SNAPSHOT/hdds-managed-rocksdb-1.5.0-SNAPSHOT.jar:/home/runner/.m2/repository/org/rocksdb/rocksdbjni/7.7.3/rocksdbjni-7.7.3.jar:/home/runner/.m2/repository/org/slf4j/slf4j-reload4j/2.0.10/slf4j-reload4j-2.0.10.jar:/home/runner/.m2/repository/org/apache/commons/commons-configuration2/2.8.0/commons-configuration2-2.8.0.jar:/home/runner/.m2/repository/commons-fileupload/commons-fileupload/1.5/commons-fileupload-1.5.jar:/home/runner/.m2/repository/org/apache/logging/log4j/log4j-core/2.17.1/log4j-core-2.17.1.jar:/home/runner/.m2/repository/com/lmax/disruptor/3.4.2/disruptor-3.4.2.jar:/home/runner/.m2/repository/org/eclipse/jetty/jetty-util/9.4.53.v20231009/jetty-util-9.4.53.v20231009.jar:/home/runner/.m2/repository/org/eclipse/jetty/jetty-server/9.4.53.v20231009/jetty-server-9.4.53.v20231009.jar:/home/runner/.m2/repository/org/eclipse/jetty/jetty-http/9.4.53.v20231009/jetty-http-9.4.53.v20231009.jar:/home/runner/.m2/repository/org/eclipse/jetty/jetty-io/9.4.53.v20231009/jetty-io-9.4.53.v20231009.jar:/home/runner/.m2/repository/org/eclipse/jetty/jetty-servlet/9.4.53.v20231009/jetty-servlet-9.4.53.v20231009.jar:/home/runner/.m2/repository/org/eclipse/jetty/jetty-security/9.4.53.v20231009/jetty-security-9.4.53.v20231009.jar:/home/runner/.m2/repository/org/eclipse/jetty/jetty-util-ajax/9.4.53.v20231009/jetty-util-ajax-9.4.53.v20231009.jar:/home/runner/.m2/repository/org/eclipse/jetty/jetty-webapp/9.4.53.v20231009/jetty-webapp-9.4.53.v20231009.jar:/home/runner/.m2/repository/org/eclipse/jetty/jetty-xml/9.4.53.v20231009/jetty-xml-9.4.53.v20231009.jar:/home/runner/.m2/repository/org/apache/ratis/ratis-server/3.0.1/ratis-server-3.0.1.jar:/home/runner/.m2/repository/org/apache/ratis/ratis-thirdparty-misc/1.0.5/ratis-thirdparty-misc-1.0.5.jar:/home/runner/.m2/repository/org/apache/ratis/ratis-proto/3.0.1/ratis-proto-3.0.1.jar:/home/runner/.m2/repository/org/apache/ratis/ratis-common/3.0.1/ratis-common-3.0.1.jar:/home/runner/.m2/repository/org/apache/ratis/ratis-client/3.0.1/ratis-client-3.0.1.jar:/home/runner/.m2/repository/org/apache/ratis/ratis-server-api/3.0.1/ratis-server-api-3.0.1.jar:/home/runner/.m2/repository/org/apache/ratis/ratis-metrics-api/3.0.1/ratis-metrics-api-3.0.1.jar:/home/runner/.m2/repository/org/apache/ratis/ratis-metrics-dropwizard3/3.0.1/ratis-metrics-dropwizard3-3.0.1.jar:/home/runner/.m2/repository/io/prometheus/simpleclient_dropwizard/0.16.0/simpleclient_dropwizard-0.16.0.jar:/home/runner/.m2/repository/io/prometheus/simpleclient/0.16.0/simpleclient-0.16.0.jar:/home/runner/.m2/repository/io/prometheus/simpleclient_common/0.16.0/simpleclient_common-0.16.0.jar:/home/runner/.m2/repository/com/fasterxml/jackson/datatype/jackson-datatype-jsr310/2.13.4/jackson-datatype-jsr310-2.13.4.jar:/home/runner/.m2/repository/com/fasterxml/jackson/core/jackson-core/2.13.4/jackson-core-2.13.4.jar:/home/runner/.m2/repository/org/apache/ozone/rocksdb-checkpoint-differ/1.5.0-SNAPSHOT/rocksdb-checkpoint-differ-1.5.0-SNAPSHOT.jar:/home/runner/.m2/repository/org/jgrapht/jgrapht-core/1.0.1/jgrapht-core-1.0.1.jar:/home/runner/.m2/repository/org/jgrapht/jgrapht-ext/1.0.1/jgrapht-ext-1.0.1.jar:/home/runner/.m2/repository/org/tinyjee/jgraphx/jgraphx/2.0.0.1/jgraphx-2.0.0.1.jar:/home/runner/.m2/repository/jgraph/jgraph/5.13.0.0/jgraph-5.13.0.0.jar:/home/runner/.m2/repository/org/antlr/antlr4-runtime/4.5.3/antlr4-runtime-4.5.3.jar:/home/runner/.m2/repository/org/apache/ozone/ozone-manager/1.5.0-SNAPSHOT/ozone-manager-1.5.0-SNAPSHOT.jar:/home/runner/.m2/repository/org/aspectj/aspectjrt/1.9.7/aspectjrt-1.9.7.jar:/home/runner/.m2/repository/org/aspectj/aspectjweaver/1.9.7/aspectjweaver-1.9.7.jar:/home/runner/.m2/repository/org/apache/ozone/hdds-interface-client/1.5.0-SNAPSHOT/hdds-interface-client-1.5.0-SNAPSHOT.jar:/home/runner/.m2/repository/org/apache/hadoop/thirdparty/hadoop-shaded-protobuf_3_7/1.1.1/hadoop-shaded-protobuf_3_7-1.1.1.jar:/home/runner/.m2/repository/org/apache/ozone/ozone-interface-storage/1.5.0-SNAPSHOT/ozone-interface-storage-1.5.0-SNAPSHOT.jar:/home/runner/.m2/repository/org/reflections/reflections/0.9.11/reflections-0.9.11.jar:/home/runner/.m2/repository/com/sun/jersey/jersey-client/1.19.4/jersey-client-1.19.4.jar:/home/runner/.m2/repository/org/codehaus/jackson/jackson-core-asl/1.9.13/jackson-core-asl-1.9.13.jar:/home/runner/.m2/repository/org/codehaus/jackson/jackson-mapper-asl/1.9.13/jackson-mapper-asl-1.9.13.jar:/home/runner/.m2/repository/org/codehaus/jackson/jackson-jaxrs/1.9.13/jackson-jaxrs-1.9.13.jar:/home/runner/.m2/repository/org/apache/ranger/ranger-intg/2.3.0/ranger-intg-2.3.0.jar:/home/runner/.m2/repository/org/apache/ranger/ranger-plugins-common/2.3.0/ranger-plugins-common-2.3.0.jar:/home/runner/.m2/repository/commons-lang/commons-lang/2.6/commons-lang-2.6.jar:/home/runner/.m2/repository/org/apache/ranger/ranger-plugins-cred/2.3.0/ranger-plugins-cred-2.3.0.jar:/home/runner/.m2/repository/org/apache/ranger/ranger-plugins-audit/2.3.0/ranger-plugins-audit-2.3.0.jar:/home/runner/.m2/repository/org/eclipse/jetty/jetty-client/9.4.53.v20231009/jetty-client-9.4.53.v20231009.jar:/home/runner/.m2/repository/org/apache/httpcomponents/httpmime/4.5.6/httpmime-4.5.6.jar:/home/runner/.m2/repository/org/apache/httpcomponents/httpcore-nio/4.4.16/httpcore-nio-4.4.16.jar:/home/runner/.m2/repository/org/apache/httpcomponents/httpasyncclient/4.1.3/httpasyncclient-4.1.3.jar:/home/runner/.m2/repository/com/carrotsearch/hppc/0.8.0/hppc-0.8.0.jar:/home/runner/.m2/repository/org/apache/orc/orc-core/1.5.8/orc-core-1.5.8.jar:/home/runner/.m2/repository/net/java/dev/jna/jna/5.2.0/jna-5.2.0.jar:/home/runner/.m2/repository/net/java/dev/jna/jna-platform/5.2.0/jna-platform-5.2.0.jar:/home/runner/.m2/repository/com/kstruct/gethostname4j/0.0.2/gethostname4j-0.0.2.jar:/home/runner/.m2/repository/org/apache/ranger/ranger-plugin-classloader/2.3.0/ranger-plugin-classloader-2.3.0.jar:/home/runner/.m2/repository/org/apache/ozone/hdds-rocks-native/1.5.0-SNAPSHOT/hdds-rocks-native-1.5.0-SNAPSHOT.jar:/home/runner/.m2/repository/org/apache/hadoop/hadoop-minikdc/3.3.6/hadoop-minikdc-3.3.6.jar:/home/runner/.m2/repository/org/apache/kerby/kerb-simplekdc/1.0.1/kerb-simplekdc-1.0.1.jar:/home/runner/.m2/repository/org/apache/kerby/kerb-client/1.0.1/kerb-client-1.0.1.jar:/home/runner/.m2/repository/org/apache/kerby/kerby-config/1.0.1/kerby-config-1.0.1.jar:/home/runner/.m2/repository/org/apache/kerby/kerb-common/1.0.1/kerb-common-1.0.1.jar:/home/runner/.m2/repository/org/apache/kerby/kerb-crypto/1.0.1/kerb-crypto-1.0.1.jar:/home/runner/.m2/repository/org/apache/kerby/kerb-util/1.0.1/kerb-util-1.0.1.jar:/home/runner/.m2/repository/org/apache/kerby/token-provider/1.0.1/token-provider-1.0.1.jar:/home/runner/.m2/repository/org/apache/kerby/kerb-admin/1.0.1/kerb-admin-1.0.1.jar:/home/runner/.m2/repository/org/apache/kerby/kerb-server/1.0.1/kerb-server-1.0.1.jar:/home/runner/.m2/repository/org/apache/kerby/kerb-identity/1.0.1/kerb-identity-1.0.1.jar:/home/runner/.m2/repository/org/apache/kerby/kerby-xdr/1.0.1/kerby-xdr-1.0.1.jar:/home/runner/.m2/repository/junit/junit/4.13.2/junit-4.13.2.jar:/home/runner/.m2/repository/org/hamcrest/hamcrest-core/1.3/hamcrest-core-1.3.jar:/home/runner/.m2/repository/org/apache/ozone/ozone-s3gateway/1.5.0-SNAPSHOT/ozone-s3gateway-1.5.0-SNAPSHOT.jar:/home/runner/.m2/repository/org/javassist/javassist/3.21.0-GA/javassist-3.21.0-GA.jar:/home/runner/.m2/repository/org/jboss/weld/servlet/weld-servlet-shaded/3.1.9.Final/weld-servlet-shaded-3.1.9.Final.jar:/home/runner/.m2/repository/org/glassfish/jersey/containers/jersey-container-servlet-core/2.41/jersey-container-servlet-core-2.41.jar:/home/runner/.m2/repository/org/glassfish/hk2/external/jakarta.inject/2.6.1/jakarta.inject-2.6.1.jar:/home/runner/.m2/repository/org/glassfish/jersey/core/jersey-common/2.41/jersey-common-2.41.jar:/home/runner/.m2/repository/jakarta/ws/rs/jakarta.ws.rs-api/2.1.6/jakarta.ws.rs-api-2.1.6.jar:/home/runner/.m2/repository/org/glassfish/jersey/ext/cdi/jersey-cdi1x/2.41/jersey-cdi1x-2.41.jar:/home/runner/.m2/repository/org/glassfish/jersey/inject/jersey-hk2/2.41/jersey-hk2-2.41.jar:/home/runner/.m2/repository/org/glassfish/hk2/hk2-locator/2.6.1/hk2-locator-2.6.1.jar:/home/runner/.m2/repository/org/glassfish/jersey/media/jersey-media-jaxb/2.41/jersey-media-jaxb-2.41.jar:/home/runner/.m2/repository/org/glassfish/hk2/osgi-resource-locator/1.0.3/osgi-resource-locator-1.0.3.jar:/home/runner/.m2/repository/org/glassfish/hk2/hk2-api/2.6.1/hk2-api-2.6.1.jar:/home/runner/.m2/repository/org/glassfish/hk2/hk2-utils/2.6.1/hk2-utils-2.6.1.jar:/home/runner/.m2/repository/org/glassfish/hk2/external/aopalliance-repackaged/2.6.1/aopalliance-repackaged-2.6.1.jar:/home/runner/.m2/repository/com/fasterxml/jackson/dataformat/jackson-dataformat-xml/2.13.4/jackson-dataformat-xml-2.13.4.jar:/home/runner/.m2/repository/org/codehaus/woodstox/stax2-api/4.2.2/stax2-api-4.2.2.jar:/home/runner/.m2/repository/com/fasterxml/woodstox/woodstox-core/5.4.0/woodstox-core-5.4.0.jar:/home/runner/.m2/repository/com/fasterxml/jackson/module/jackson-module-jaxb-annotations/2.13.4/jackson-module-jaxb-annotations-2.13.4.jar:/home/runner/.m2/repository/javax/enterprise/cdi-api/2.0/cdi-api-2.0.jar:/home/runner/.m2/repository/javax/el/javax.el-api/3.0.0/javax.el-api-3.0.0.jar:/home/runner/.m2/repository/javax/interceptor/javax.interceptor-api/1.2/javax.interceptor-api-1.2.jar:/home/runner/.m2/repository/javax/inject/javax.inject/1/javax.inject-1.jar:/home/runner/.m2/repository/jakarta/xml/bind/jakarta.xml.bind-api/2.3.3/jakarta.xml.bind-api-2.3.3.jar:/home/runner/.m2/repository/org/glassfish/jaxb/jaxb-runtime/2.3.9/jaxb-runtime-2.3.9.jar:/home/runner/.m2/repository/org/glassfish/jaxb/txw2/2.3.9/txw2-2.3.9.jar:/home/runner/.m2/repository/com/sun/istack/istack-commons-runtime/3.0.12/istack-commons-runtime-3.0.12.jar:/home/runner/.m2/repository/com/sun/activation/jakarta.activation/1.2.2/jakarta.activation-1.2.2.jar:/home/runner/.m2/repository/jakarta/activation/jakarta.activation-api/1.2.2/jakarta.activation-api-1.2.2.jar:/home/runner/.m2/repository/io/grpc/grpc-protobuf/1.58.0/grpc-protobuf-1.58.0.jar:/home/runner/.m2/repository/com/google/api/grpc/proto-google-common-protos/2.22.0/proto-google-common-protos-2.22.0.jar:/home/runner/.m2/repository/io/grpc/grpc-protobuf-lite/1.58.0/grpc-protobuf-lite-1.58.0.jar:/home/runner/.m2/repository/io/grpc/grpc-stub/1.58.0/grpc-stub-1.58.0.jar:/home/runner/.m2/repository/io/netty/netty-transport/4.1.100.Final/netty-transport-4.1.100.Final.jar:/home/runner/.m2/repository/io/netty/netty-resolver/4.1.100.Final/netty-resolver-4.1.100.Final.jar:/home/runner/.m2/repository/org/apache/ozone/ozone-csi/1.5.0-SNAPSHOT/ozone-csi-1.5.0-SNAPSHOT.jar:/home/runner/.m2/repository/com/google/protobuf/protobuf-java-util/3.19.6/protobuf-java-util-3.19.6.jar:/home/runner/.m2/repository/com/google/code/gson/gson/2.9.0/gson-2.9.0.jar:/home/runner/.m2/repository/org/apache/ozone/hdds-config/1.5.0-SNAPSHOT/hdds-config-1.5.0-SNAPSHOT.jar:/home/runner/.m2/repository/io/netty/netty-transport-native-epoll/4.1.100.Final/netty-transport-native-epoll-4.1.100.Final-linux-x86_64.jar:/home/runner/.m2/repository/io/netty/netty-transport-classes-epoll/4.1.100.Final/netty-transport-classes-epoll-4.1.100.Final.jar:/home/runner/.m2/repository/io/netty/netty-transport-native-unix-common/4.1.100.Final/netty-transport-native-unix-common-4.1.100.Final.jar:/home/runner/.m2/repository/org/apache/ozone/ozone-recon/1.5.0-SNAPSHOT/ozone-recon-1.5.0-SNAPSHOT.jar:/home/runner/.m2/repository/org/apache/ozone/ozone-reconcodegen/1.5.0-SNAPSHOT/ozone-reconcodegen-1.5.0-SNAPSHOT.jar:/home/runner/.m2/repository/com/google/inject/guice/5.1.0/guice-5.1.0.jar:/home/runner/.m2/repository/aopalliance/aopalliance/1.0/aopalliance-1.0.jar:/home/runner/.m2/repository/com/google/inject/extensions/guice-assistedinject/5.1.0/guice-assistedinject-5.1.0.jar:/home/runner/.m2/repository/com/google/inject/extensions/guice-servlet/5.1.0/guice-servlet-5.1.0.jar:/home/runner/.m2/repository/org/glassfish/jersey/containers/jersey-container-servlet/2.41/jersey-container-servlet-2.41.jar:/home/runner/.m2/repository/org/glassfish/hk2/guice-bridge/2.6.1/guice-bridge-2.6.1.jar:/home/runner/.m2/repository/org/glassfish/jersey/core/jersey-server/2.41/jersey-server-2.41.jar:/home/runner/.m2/repository/org/glassfish/jersey/core/jersey-client/2.41/jersey-client-2.41.jar:/home/runner/.m2/repository/jakarta/validation/jakarta.validation-api/2.0.2/jakarta.validation-api-2.0.2.jar:/home/runner/.m2/repository/org/glassfish/jersey/media/jersey-media-json-jackson/2.41/jersey-media-json-jackson-2.41.jar:/home/runner/.m2/repository/org/glassfish/jersey/ext/jersey-entity-filtering/2.41/jersey-entity-filtering-2.41.jar:/home/runner/.m2/repository/org/jooq/jooq/3.11.10/jooq-3.11.10.jar:/home/runner/.m2/repository/org/jooq/jooq-meta/3.11.10/jooq-meta-3.11.10.jar:/home/runner/.m2/repository/org/jooq/jooq-codegen/3.11.10/jooq-codegen-3.11.10.jar:/home/runner/.m2/repository/com/jolbox/bonecp/0.8.0.RELEASE/bonecp-0.8.0.RELEASE.jar:/home/runner/.m2/repository/org/apache/derby/derby/10.14.2.0/derby-10.14.2.0.jar:/home/runner/.m2/repository/org/xerial/sqlite-jdbc/3.44.1.0/sqlite-jdbc-3.44.1.0.jar:/home/runner/.m2/repository/org/springframework/spring-jdbc/5.3.27/spring-jdbc-5.3.27.jar:/home/runner/.m2/repository/org/springframework/spring-beans/5.3.27/spring-beans-5.3.27.jar:/home/runner/.m2/repository/org/springframework/spring-core/5.3.27/spring-core-5.3.27.jar:/home/runner/.m2/repository/org/springframework/spring-tx/5.3.27/spring-tx-5.3.27.jar:/home/runner/.m2/repository/org/apache/ozone/ozone-client/1.5.0-SNAPSHOT/ozone-client-1.5.0-SNAPSHOT.jar:/home/runner/.m2/repository/org/apache/ozone/hdds-erasurecode/1.5.0-SNAPSHOT/hdds-erasurecode-1.5.0-SNAPSHOT.jar:/home/runner/.m2/repository/org/apache/ozone/ozone-filesystem/1.5.0-SNAPSHOT/ozone-filesystem-1.5.0-SNAPSHOT.jar:/home/runner/.m2/repository/org/apache/ozone/ozone-filesystem-common/1.5.0-SNAPSHOT/ozone-filesystem-common-1.5.0-SNAPSHOT.jar:/home/runner/.m2/repository/org/apache/ozone/ozone-tools/1.5.0-SNAPSHOT/ozone-tools-1.5.0-SNAPSHOT.jar:/home/runner/.m2/repository/com/amazonaws/aws-java-sdk-core/1.12.632/aws-java-sdk-core-1.12.632.jar:/home/runner/.m2/repository/org/apache/httpcomponents/httpclient/4.5.13/httpclient-4.5.13.jar:/home/runner/.m2/repository/org/apache/httpcomponents/httpcore/4.4.16/httpcore-4.4.16.jar:/home/runner/.m2/repository/software/amazon/ion/ion-java/1.0.2/ion-java-1.0.2.jar:/home/runner/.m2/repository/com/fasterxml/jackson/dataformat/jackson-dataformat-cbor/2.13.4/jackson-dataformat-cbor-2.13.4.jar:/home/runner/.m2/repository/joda-time/joda-time/2.12.5/joda-time-2.12.5.jar:/home/runner/.m2/repository/com/amazonaws/aws-java-sdk-s3/1.12.632/aws-java-sdk-s3-1.12.632.jar:/home/runner/.m2/repository/com/amazonaws/aws-java-sdk-kms/1.12.632/aws-java-sdk-kms-1.12.632.jar:/home/runner/.m2/repository/com/amazonaws/jmespath-java/1.12.632/jmespath-java-1.12.632.jar:/home/runner/.m2/repository/org/kohsuke/metainf-services/metainf-services/1.8/metainf-services-1.8.jar:/home/runner/.m2/repository/org/apache/ozone/hdds-tools/1.5.0-SNAPSHOT/hdds-tools-1.5.0-SNAPSHOT.jar:/home/runner/.m2/repository/org/apache/ratis/ratis-tools/3.0.1/ratis-tools-3.0.1.jar:/home/runner/.m2/repository/commons-cli/commons-cli/1.6.0/commons-cli-1.6.0.jar:/home/runner/.m2/repository/org/apache/commons/commons-lang3/3.14.0/commons-lang3-3.14.0.jar:/home/runner/.m2/repository/org/apache/ozone/ozone-manager/1.5.0-SNAPSHOT/ozone-manager-1.5.0-SNAPSHOT-tests.jar:/home/runner/.m2/repository/org/apache/ozone/hdds-common/1.5.0-SNAPSHOT/hdds-common-1.5.0-SNAPSHOT-tests.jar:/home/runner/.m2/repository/org/apache/ozone/hdds-hadoop-dependency-client/1.5.0-SNAPSHOT/hdds-hadoop-dependency-client-1.5.0-SNAPSHOT.jar:/home/runner/.m2/repository/info/picocli/picocli/4.7.5/picocli-4.7.5.jar:/home/runner/.m2/repository/com/fasterxml/jackson/core/jackson-annotations/2.13.4/jackson-annotations-2.13.4.jar:/home/runner/.m2/repository/org/apache/ozone/hdds-annotation-processing/1.5.0-SNAPSHOT/hdds-annotation-processing-1.5.0-SNAPSHOT.jar:/home/runner/.m2/repository/javax/annotation/javax.annotation-api/1.3.2/javax.annotation-api-1.3.2.jar:/home/runner/.m2/repository/org/apache/ratis/ratis-netty/3.0.1/ratis-netty-3.0.1.jar:/home/runner/.m2/repository/org/apache/ratis/ratis-grpc/3.0.1/ratis-grpc-3.0.1.jar:/home/runner/.m2/repository/org/apache/commons/commons-pool2/2.6.0/commons-pool2-2.6.0.jar:/home/runner/.m2/repository/org/bouncycastle/bcpkix-jdk18on/1.77/bcpkix-jdk18on-1.77.jar:/home/runner/.m2/repository/org/bouncycastle/bcutil-jdk18on/1.77/bcutil-jdk18on-1.77.jar:/home/runner/.m2/repository/commons-validator/commons-validator/1.6/commons-validator-1.6.jar:/home/runner/.m2/repository/commons-beanutils/commons-beanutils/1.9.4/commons-beanutils-1.9.4.jar:/home/runner/.m2/repository/commons-digester/commons-digester/1.8.1/commons-digester-1.8.1.jar:/home/runner/.m2/repository/commons-collections/commons-collections/3.2.2/commons-collections-3.2.2.jar:/home/runner/.m2/repository/io/jaegertracing/jaeger-client/1.8.1/jaeger-client-1.8.1.jar:/home/runner/.m2/repository/io/jaegertracing/jaeger-thrift/1.8.1/jaeger-thrift-1.8.1.jar:/home/runner/.m2/repository/org/apache/thrift/libthrift/0.15.0/libthrift-0.15.0.jar:/home/runner/.m2/repository/io/jaegertracing/jaeger-core/1.8.1/jaeger-core-1.8.1.jar:/home/runner/.m2/repository/io/jaegertracing/jaeger-tracerresolver/1.8.1/jaeger-tracerresolver-1.8.1.jar:/home/runner/.m2/repository/io/opentracing/contrib/opentracing-tracerresolver/0.1.8/opentracing-tracerresolver-0.1.8.jar:/home/runner/.m2/repository/org/jetbrains/kotlin/kotlin-stdlib/1.9.22/kotlin-stdlib-1.9.22.jar:/home/runner/.m2/repository/org/jetbrains/annotations/13.0/annotations-13.0.jar:/home/runner/.m2/repository/io/opentracing/opentracing-util/0.33.0/opentracing-util-0.33.0.jar:/home/runner/.m2/repository/io/opentracing/opentracing-api/0.33.0/opentracing-api-0.33.0.jar:/home/runner/.m2/repository/io/opentracing/opentracing-noop/0.33.0/opentracing-noop-0.33.0.jar:/home/runner/.m2/repository/org/yaml/snakeyaml/2.0/snakeyaml-2.0.jar:/home/runner/.m2/repository/io/grpc/grpc-api/1.58.0/grpc-api-1.58.0.jar:/home/runner/.m2/repository/org/junit/jupiter/junit-jupiter-engine/5.10.1/junit-jupiter-engine-5.10.1.jar:/home/runner/.m2/repository/org/junit/platform/junit-platform-engine/1.10.1/junit-platform-engine-1.10.1.jar:/home/runner/.m2/repository/org/apiguardian/apiguardian-api/1.1.2/apiguardian-api-1.1.2.jar:/home/runner/.m2/repository/org/junit/platform/junit-platform-launcher/1.10.1/junit-platform-launcher-1.10.1.jar:/home/runner/.m2/repository/org/apache/hadoop/hadoop-kms/3.3.6/hadoop-kms-3.3.6.jar:/home/runner/.m2/repository/org/apache/hadoop/hadoop-auth/3.3.6/hadoop-auth-3.3.6.jar:/home/runner/.m2/repository/com/nimbusds/nimbus-jose-jwt/9.8.1/nimbus-jose-jwt-9.8.1.jar:/home/runner/.m2/repository/com/github/stephenc/jcip/jcip-annotations/1.0-1/jcip-annotations-1.0-1.jar:/home/runner/.m2/repository/org/apache/zookeeper/zookeeper/3.7.2/zookeeper-3.7.2.jar:/home/runner/.m2/repository/org/apache/zookeeper/zookeeper-jute/3.7.2/zookeeper-jute-3.7.2.jar:/home/runner/.m2/repository/org/apache/yetus/audience-annotations/0.12.0/audience-annotations-0.12.0.jar:/home/runner/.m2/repository/org/apache/curator/curator-framework/4.2.0/curator-framework-4.2.0.jar:/home/runner/.m2/repository/org/apache/hadoop/thirdparty/hadoop-shaded-guava/1.1.1/hadoop-shaded-guava-1.1.1.jar:/home/runner/.m2/repository/com/sun/jersey/jersey-core/1.19.4/jersey-core-1.19.4.jar:/home/runner/.m2/repository/javax/ws/rs/jsr311-api/1.1.1/jsr311-api-1.1.1.jar:/home/runner/.m2/repository/com/sun/jersey/jersey-server/1.19.4/jersey-server-1.19.4.jar:/home/runner/.m2/repository/javax/servlet/javax.servlet-api/3.1.0/javax.servlet-api-3.1.0.jar:/home/runner/.m2/repository/org/apache/hadoop/hadoop-common/3.3.6/hadoop-common-3.3.6.jar:/home/runner/.m2/repository/org/apache/commons/commons-math3/3.6.1/commons-math3-3.6.1.jar:/home/runner/.m2/repository/commons-net/commons-net/3.10.0/commons-net-3.10.0.jar:/home/runner/.m2/repository/com/sun/jersey/jersey-servlet/1.19.4/jersey-servlet-1.19.4.jar:/home/runner/.m2/repository/com/github/pjfanning/jersey-json/1.20/jersey-json-1.20.jar:/home/runner/.m2/repository/org/codehaus/jettison/jettison/1.1/jettison-1.1.jar:/home/runner/.m2/repository/com/sun/xml/bind/jaxb-impl/2.2.3-1/jaxb-impl-2.2.3-1.jar:/home/runner/.m2/repository/com/google/re2j/re2j/1.7/re2j-1.7.jar:/home/runner/.m2/repository/com/jcraft/jsch/0.1.54/jsch-0.1.54.jar:/home/runner/.m2/repository/org/apache/curator/curator-client/4.2.0/curator-client-4.2.0.jar:/home/runner/.m2/repository/org/apache/curator/curator-recipes/5.2.0/curator-recipes-5.2.0.jar:/home/runner/.m2/repository/org/apache/kerby/kerb-core/1.0.1/kerb-core-1.0.1.jar:/home/runner/.m2/repository/org/apache/kerby/kerby-pkix/1.0.1/kerby-pkix-1.0.1.jar:/home/runner/.m2/repository/org/apache/kerby/kerby-asn1/1.0.1/kerby-asn1-1.0.1.jar:/home/runner/.m2/repository/org/apache/kerby/kerby-util/1.0.1/kerby-util-1.0.1.jar:/home/runner/.m2/repository/dnsjava/dnsjava/2.1.7/dnsjava-2.1.7.jar:/home/runner/.m2/repository/org/xerial/snappy/snappy-java/1.1.8.2/snappy-java-1.1.8.2.jar:/home/runner/.m2/repository/com/fasterxml/jackson/core/jackson-databind/2.13.4.2/jackson-databind-2.13.4.2.jar:/home/runner/.m2/repository/org/apache/hadoop/hadoop-kms/3.3.6/hadoop-kms-3.3.6-tests.jar:/home/runner/.m2/repository/org/apache/ozone/hdds-server-scm/1.5.0-SNAPSHOT/hdds-server-scm-1.5.0-SNAPSHOT-tests.jar:/home/runner/.m2/repository/org/apache/ozone/hdds-container-service/1.5.0-SNAPSHOT/hdds-container-service-1.5.0-SNAPSHOT-tests.jar:/home/runner/.m2/repository/com/github/luben/zstd-jni/1.5.2-5/zstd-jni-1.5.2-5.jar:/home/runner/.m2/repository/commons-codec/commons-codec/1.15/commons-codec-1.15.jar:/home/runner/.m2/repository/io/netty/netty-codec/4.1.100.Final/netty-codec-4.1.100.Final.jar:/home/runner/.m2/repository/io/netty/netty-handler/4.1.100.Final/netty-handler-4.1.100.Final.jar:/home/runner/.m2/repository/org/apache/ozone/hdds-hadoop-dependency-test/1.5.0-SNAPSHOT/hdds-hadoop-dependency-test-1.5.0-SNAPSHOT.jar:/home/runner/.m2/repository/org/apache/hadoop/hadoop-common/3.3.6/hadoop-common-3.3.6-tests.jar:/home/runner/.m2/repository/org/apache/hadoop/hadoop-hdfs/3.3.6/hadoop-hdfs-3.3.6-tests.jar:/home/runner/.m2/repository/org/junit/jupiter/junit-jupiter-params/5.10.1/junit-jupiter-params-5.10.1.jar:/home/runner/.m2/repository/org/mockito/mockito-core/4.11.0/mockito-core-4.11.0.jar:/home/runner/.m2/repository/net/bytebuddy/byte-buddy/1.12.19/byte-buddy-1.12.19.jar:/home/runner/.m2/repository/net/bytebuddy/byte-buddy-agent/1.12.19/byte-buddy-agent-1.12.19.jar:/home/runner/.m2/repository/org/objenesis/objenesis/1.0/objenesis-1.0.jar:/home/runner/.m2/repository/org/mockito/mockito-junit-jupiter/4.11.0/mockito-junit-jupiter-4.11.0.jar:/home/runner/.m2/repository/org/apache/hadoop/hadoop-distcp/3.3.6/hadoop-distcp-3.3.6.jar:/home/runner/.m2/repository/org/apache/hadoop/hadoop-mapreduce-client-jobclient/3.3.6/hadoop-mapreduce-client-jobclient-3.3.6.jar:/home/runner/.m2/repository/org/apache/hadoop/hadoop-mapreduce-client-common/3.3.6/hadoop-mapreduce-client-common-3.3.6.jar:/home/runner/.m2/repository/org/apache/hadoop/hadoop-yarn-common/3.3.6/hadoop-yarn-common-3.3.6.jar:/home/runner/.m2/repository/org/apache/hadoop/hadoop-yarn-api/3.3.6/hadoop-yarn-api-3.3.6.jar:/home/runner/.m2/repository/javax/xml/bind/jaxb-api/2.2.11/jaxb-api-2.2.11.jar:/home/runner/.m2/repository/com/sun/jersey/contribs/jersey-guice/1.19.4/jersey-guice-1.19.4.jar:/home/runner/.m2/repository/com/fasterxml/jackson/jaxrs/jackson-jaxrs-json-provider/2.13.4/jackson-jaxrs-json-provider-2.13.4.jar:/home/runner/.m2/repository/com/fasterxml/jackson/jaxrs/jackson-jaxrs-base/2.13.4/jackson-jaxrs-base-2.13.4.jar:/home/runner/.m2/repository/org/apache/hadoop/hadoop-yarn-client/3.3.6/hadoop-yarn-client-3.3.6.jar:/home/runner/.m2/repository/org/eclipse/jetty/websocket/websocket-client/9.4.51.v20230217/websocket-client-9.4.51.v20230217.jar:/home/runner/.m2/repository/org/eclipse/jetty/websocket/websocket-common/9.4.51.v20230217/websocket-common-9.4.51.v20230217.jar:/home/runner/.m2/repository/org/eclipse/jetty/websocket/websocket-api/9.4.51.v20230217/websocket-api-9.4.51.v20230217.jar:/home/runner/.m2/repository/org/jline/jline/3.9.0/jline-3.9.0.jar:/home/runner/.m2/repository/org/apache/hadoop/hadoop-mapreduce-client-core/3.3.6/hadoop-mapreduce-client-core-3.3.6.jar:/home/runner/.m2/repository/org/apache/avro/avro/1.7.7/avro-1.7.7.jar:/home/runner/.m2/repository/com/thoughtworks/paranamer/paranamer/2.3/paranamer-2.3.jar:/home/runner/.m2/repository/org/apache/hadoop/hadoop-annotations/3.3.6/hadoop-annotations-3.3.6.jar:/usr/lib/jvm/temurin-8-jdk-amd64/jre/../lib/tools.jar:/home/runner/.m2/repository/io/netty/netty/3.10.6.Final/netty-3.10.6.Final.jar:/home/runner/.m2/repository/org/apache/hadoop/hadoop-distcp/3.3.6/hadoop-distcp-3.3.6-tests.jar:/home/runner/.m2/repository/org/hamcrest/hamcrest/2.2/hamcrest-2.2.jar:/home/runner/.m2/repository/org/slf4j/jul-to-slf4j/2.0.10/jul-to-slf4j-2.0.10.jar:/home/runner/work/ozone/ozone/hadoop-ozone/integration-test/target/gradle-enterprise/test-listeners.jar:"/>
    <property name="sun.cpu.endian" value="little"/>
    <property name="user.home" value="/home/runner"/>
    <property name="user.language" value="en"/>
    <property name="java.specification.vendor" value="Oracle Corporation"/>
    <property name="java.home" value="/usr/lib/jvm/temurin-8-jdk-amd64/jre"/>
    <property name="java.security.krb5.conf" value="/home/runner/work/ozone/ozone/hadoop-ozone/integration-test/target/test-classes/krb5.conf"/>
    <property name="file.separator" value="/"/>
    <property name="basedir" value="/home/runner/work/ozone/ozone/hadoop-ozone/integration-test"/>
    <property name="line.separator" value="&#10;"/>
    <property name="java.vm.specification.vendor" value="Oracle Corporation"/>
    <property name="java.specification.name" value="Java Platform API Specification"/>
    <property name="skip.installnpx" value="true"/>
    <property name="java.awt.graphicsenv" value="sun.awt.X11GraphicsEnvironment"/>
    <property name="surefire.fork.timeout" value="3600"/>
    <property name="surefire.real.class.path" value="/home/runner/work/ozone/ozone/hadoop-ozone/integration-test/target/surefire/surefirebooter1286797029454747506.jar:/home/runner/.m2/repository/org/jacoco/org.jacoco.agent/0.8.5/org.jacoco.agent-0.8.5-runtime.jar"/>
    <property name="sun.boot.class.path" value="/usr/lib/jvm/temurin-8-jdk-amd64/jre/lib/resources.jar:/usr/lib/jvm/temurin-8-jdk-amd64/jre/lib/rt.jar:/usr/lib/jvm/temurin-8-jdk-amd64/jre/lib/sunrsasign.jar:/usr/lib/jvm/temurin-8-jdk-amd64/jre/lib/jsse.jar:/usr/lib/jvm/temurin-8-jdk-amd64/jre/lib/jce.jar:/usr/lib/jvm/temurin-8-jdk-amd64/jre/lib/charsets.jar:/usr/lib/jvm/temurin-8-jdk-amd64/jre/lib/jfr.jar:/usr/lib/jvm/temurin-8-jdk-amd64/jre/classes"/>
    <property name="hadoop.log.dir" value="/home/runner/work/ozone/ozone/hadoop-ozone/integration-test/target/log"/>
    <property name="sun.management.compiler" value="HotSpot 64-Bit Tiered Compilers"/>
    <property name="java.runtime.version" value="1.8.0_402-b06"/>
    <property name="skip.npx" value="true"/>
    <property name="user.name" value="runner"/>
    <property name="java.net.preferIPv4Stack" value="true"/>
    <property name="path.separator" value=":"/>
    <property name="java.security.egd" value="file:///dev/urandom"/>
    <property name="os.version" value="5.15.0-1054-azure"/>
    <property name="java.endorsed.dirs" value="/usr/lib/jvm/temurin-8-jdk-amd64/jre/lib/endorsed"/>
    <property name="java.runtime.name" value="OpenJDK Runtime Environment"/>
    <property name="com.gradle.maven.scan.extension.test.listener.junitplatform.NestedExecutionSafeDelegatingTestExecutionListener" value="5718429b"/>
    <property name="file.encoding" value="UTF-8"/>
    <property name="java.vm.name" value="OpenJDK 64-Bit Server VM"/>
    <property name="test.build.webapps" value=""/>
    <property name="localRepository" value="/home/runner/.m2/repository"/>
    <property name="gradle.enterprise.listener.port" value="44497"/>
    <property name="jetty.git.hash" value="27bde00a0b95a1d5bbee0eae7984f891d2d0f8c9"/>
    <property name="java.vendor.url.bug" value="https://github.com/adoptium/adoptium-support/issues"/>
    <property name="require.test.libhadoop" value=""/>
    <property name="java.io.tmpdir" value="/tmp"/>
    <property name="java.version" value="1.8.0_402"/>
    <property name="surefire.rerunFailingTestsCount" value="5"/>
    <property name="user.dir" value="/home/runner/work/ozone/ozone/hadoop-ozone/integration-test"/>
    <property name="os.arch" value="amd64"/>
    <property name="test.build.classes" value="/home/runner/work/ozone/ozone/hadoop-ozone/integration-test/target/test-classes"/>
    <property name="java.vm.specification.name" value="Java Virtual Machine Specification"/>
    <property name="java.awt.printerjob" value="sun.print.PSPrinterJob"/>
    <property name="sun.os.patch.level" value="unknown"/>
    <property name="org.apache.ratis.thirdparty.io.netty.allocator.useCacheForAllThreads" value="false"/>
    <property name="hadoop.tmp.dir" value="/home/runner/work/ozone/ozone/hadoop-ozone/integration-test/target/tmp"/>
    <property name="java.library.path" value="/usr/java/packages/lib/amd64:/usr/lib64:/lib64:/lib:/usr/lib"/>
    <property name="java.vendor" value="Temurin"/>
    <property name="java.vm.info" value="mixed mode"/>
    <property name="java.vm.version" value="25.402-b06"/>
    <property name="java.specification.maintenance.version" value="5"/>
    <property name="sun.io.unicode.encoding" value="UnicodeLittle"/>
    <property name="java.ext.dirs" value="/usr/lib/jvm/temurin-8-jdk-amd64/jre/lib/ext:/usr/java/packages/lib/ext"/>
    <property name="java.class.version" value="52.0"/>
  </properties>
  <testcase name="testWatchForCommitWithKeyWrite" classname="org.apache.hadoop.ozone.client.rpc.TestWatchForCommit" time="40.335"/>
  <testcase name="testWatchForCommitForRetryfailure" classname="org.apache.hadoop.ozone.client.rpc.TestWatchForCommit" time="42.942"/>
  <testcase name="testWatchForCommitForGroupMismatchException" classname="org.apache.hadoop.ozone.client.rpc.TestWatchForCommit" time="30.034"/>
  <testcase name="test2WayCommitForTimeoutException" classname="org.apache.hadoop.ozone.client.rpc.TestWatchForCommit" time="24.76">
    <flakyError type="java.util.concurrent.ExecutionException">
      <stackTrace><![CDATA[java.util.concurrent.ExecutionException: org.apache.ratis.protocol.exceptions.AlreadyClosedException: SlidingWindow$Client:client-C9B12915CFDF->RAFT is closed.
	at java.util.concurrent.CompletableFuture.reportGet(CompletableFuture.java:357)
	at java.util.concurrent.CompletableFuture.get(CompletableFuture.java:1908)
	at org.apache.hadoop.ozone.client.rpc.TestWatchForCommit.test2WayCommitForTimeoutException(TestWatchForCommit.java:321)
	at java.lang.reflect.Method.invoke(Method.java:498)
	at java.util.ArrayList.forEach(ArrayList.java:1259)
	at java.util.ArrayList.forEach(ArrayList.java:1259)
Caused by: org.apache.ratis.protocol.exceptions.AlreadyClosedException: SlidingWindow$Client:client-C9B12915CFDF->RAFT is closed.
	at org.apache.ratis.util.SlidingWindow$Client.alreadyClosed(SlidingWindow.java:406)
	at org.apache.ratis.util.SlidingWindow$Client.fail(SlidingWindow.java:394)
	at org.apache.ratis.client.impl.OrderedAsync.failAllAsyncRequests(OrderedAsync.java:149)
	at org.apache.ratis.client.impl.OrderedAsync.handleAsyncRetryFailure(OrderedAsync.java:153)
	at org.apache.ratis.client.impl.OrderedAsync.lambda$sendRequest$9(OrderedAsync.java:253)
	at java.util.concurrent.CompletableFuture.uniExceptionally(CompletableFuture.java:884)
	at java.util.concurrent.CompletableFuture$UniExceptionally.tryFire(CompletableFuture.java:866)
	at java.util.concurrent.CompletableFuture.postComplete(CompletableFuture.java:488)
	at java.util.concurrent.CompletableFuture.completeExceptionally(CompletableFuture.java:1990)
	at org.apache.ratis.grpc.client.GrpcClientProtocolClient$AsyncStreamObservers.completeReplyExceptionally(GrpcClientProtocolClient.java:394)
	at org.apache.ratis.grpc.client.GrpcClientProtocolClient$AsyncStreamObservers.access$000(GrpcClientProtocolClient.java:300)
	at org.apache.ratis.grpc.client.GrpcClientProtocolClient$AsyncStreamObservers$1.onNext(GrpcClientProtocolClient.java:314)
	at org.apache.ratis.grpc.client.GrpcClientProtocolClient$AsyncStreamObservers$1.onNext(GrpcClientProtocolClient.java:305)
	at org.apache.ratis.thirdparty.io.grpc.stub.ClientCalls$StreamObserverToCallListenerAdapter.onMessage(ClientCalls.java:468)
	at org.apache.ratis.thirdparty.io.grpc.ForwardingClientCallListener.onMessage(ForwardingClientCallListener.java:33)
	at org.apache.ratis.thirdparty.io.grpc.internal.ClientCallImpl$ClientStreamListenerImpl$1MessagesAvailable.runInternal(ClientCallImpl.java:660)
	at org.apache.ratis.thirdparty.io.grpc.internal.ClientCallImpl$ClientStreamListenerImpl$1MessagesAvailable.runInContext(ClientCallImpl.java:647)
	at org.apache.ratis.thirdparty.io.grpc.internal.ContextRunnable.run(ContextRunnable.java:37)
	at org.apache.ratis.thirdparty.io.grpc.internal.SerializingExecutor.run(SerializingExecutor.java:133)
	at java.util.concurrent.ThreadPoolExecutor.runWorker(ThreadPoolExecutor.java:1149)
	at java.util.concurrent.ThreadPoolExecutor$Worker.run(ThreadPoolExecutor.java:624)
	at java.lang.Thread.run(Thread.java:750)
Caused by: org.apache.ratis.protocol.exceptions.RaftRetryFailureException: Failed RaftClientRequest:client-C9B12915CFDF->64168508-e903-4327-b7bc-0572c2109e1a@group-50E16CFB81C8, cid=62, seq=1*, Watch(0), null for 3 attempts with RequestTypeDependentRetryPolicy{WRITE->ExceptionDependentRetry(maxAttempts=2147483647; defaultPolicy=MultipleLinearRandomRetry[5x5s, 5x10s, 5x15s, 5x20s, 5x25s, 10x60s]; map={org.apache.ratis.protocol.exceptions.GroupMismatchException->NoRetry, org.apache.ratis.protocol.exceptions.NotReplicatedException->NoRetry, org.apache.ratis.protocol.exceptions.ResourceUnavailableException->org.apache.ratis.retry.ExponentialBackoffRetry@505a6727, org.apache.ratis.protocol.exceptions.StateMachineException->NoRetry, org.apache.ratis.protocol.exceptions.TimeoutIOException->org.apache.ratis.retry.ExponentialBackoffRetry@505a6727}), WATCH->ExceptionDependentRetry(maxAttempts=2147483647; defaultPolicy=MultipleLinearRandomRetry[5x5s, 5x10s, 5x15s, 5x20s, 5x25s, 10x60s]; map={org.apache.ratis.protocol.exceptions.GroupMismatchException->NoRetry, org.apache.ratis.protocol.exceptions.NotReplicatedException->NoRetry, org.apache.ratis.protocol.exceptions.ResourceUnavailableException->org.apache.ratis.retry.ExponentialBackoffRetry@505a6727, org.apache.ratis.protocol.exceptions.StateMachineException->NoRetry, org.apache.ratis.protocol.exceptions.TimeoutIOException->NoRetry})}
	at org.apache.ratis.client.impl.RaftClientImpl.noMoreRetries(RaftClientImpl.java:353)
	... 19 more
Caused by: org.apache.ratis.protocol.exceptions.NotLeaderException: Server 64168508-e903-4327-b7bc-0572c2109e1a@group-50E16CFB81C8 is not the leader e6303cd0-aa6e-4f0b-8227-f9fc00433fb7|10.1.0.12:15344
	at org.apache.ratis.client.impl.ClientProtoUtils.toRaftClientReply(ClientProtoUtils.java:397)
	at org.apache.ratis.grpc.client.GrpcClientProtocolClient$AsyncStreamObservers$1.onNext(GrpcClientProtocolClient.java:310)
	... 10 more
]]></stackTrace>
      <system-out><![CDATA[2024-02-10 23:48:10,673 [main] WARN  server.ServerUtils (ServerUtils.java:getScmDbDir(143)) - ozone.scm.db.dirs is not configured. We recommend adding this setting. Falling back to ozone.metadata.dirs instead.
2024-02-10 23:48:10,675 [main] WARN  server.ServerUtils (ServerUtils.java:getScmDbDir(143)) - ozone.scm.db.dirs is not configured. We recommend adding this setting. Falling back to ozone.metadata.dirs instead.
2024-02-10 23:48:10,675 [main] INFO  ha.SCMHANodeDetails (SCMHANodeDetails.java:loadSCMHAConfig(207)) - ServiceID for StorageContainerManager is null
2024-02-10 23:48:10,676 [main] INFO  ha.SCMHANodeDetails (SCMHANodeDetails.java:loadSCMHAConfig(212)) - ozone.scm.default.service.id is not defined, falling back to ozone.scm.service.ids to find serviceID for StorageContainerManager if it is HA enabled cluster
2024-02-10 23:48:10,676 [main] WARN  utils.HAUtils (HAUtils.java:getMetaDir(339)) - ozone.scm.db.dirs is not configured. We recommend adding this setting. Falling back to ozone.metadata.dirs instead.
2024-02-10 23:48:10,676 [main] WARN  db.DBStoreBuilder (DBStoreBuilder.java:applyDBDefinition(171)) - ozone.scm.db.dirs is not configured. We recommend adding this setting. Falling back to ozone.metadata.dirs instead.
2024-02-10 23:48:10,745 [main] INFO  net.NodeSchemaLoader (NodeSchemaLoader.java:loadSchemaFromFile(129)) - Loading schema from [jar:file:/home/runner/.m2/repository/org/apache/ozone/hdds-common/1.5.0-SNAPSHOT/hdds-common-1.5.0-SNAPSHOT.jar!/network-topology-default.xml]
2024-02-10 23:48:10,746 [main] INFO  net.NodeSchemaLoader (NodeSchemaLoader.java:loadSchema(176)) - Loading network topology layer schema file
2024-02-10 23:48:10,748 [main] INFO  upgrade.AbstractLayoutVersionManager (AbstractLayoutVersionManager.java:init(83)) - Initializing Layout version manager with metadata layout = HADOOP_PRC_PORTS_IN_DATANODEDETAILS (version = 7), software layout = HADOOP_PRC_PORTS_IN_DATANODEDETAILS (version = 7)
2024-02-10 23:48:10,749 [main] INFO  ha.SequenceIdGenerator (SequenceIdGenerator.java:upgradeToSequenceId(370)) - upgrade localId to 113750153625600000
2024-02-10 23:48:10,750 [main] INFO  ha.SequenceIdGenerator (SequenceIdGenerator.java:upgradeToSequenceId(380)) - upgrade delTxnId to 0
2024-02-10 23:48:10,751 [main] INFO  ha.SequenceIdGenerator (SequenceIdGenerator.java:upgradeToSequenceId(397)) - upgrade containerId to 0
2024-02-10 23:48:10,752 [main] INFO  ha.SequenceIdGenerator (SequenceIdGenerator.java:upgradeToCertificateSequenceId(444)) - upgrade CertificateId to 2
2024-02-10 23:48:10,752 [main] INFO  ha.SequenceIdGenerator (SequenceIdGenerator.java:<init>(241)) - Init the HA SequenceIdGenerator.
2024-02-10 23:48:10,753 [main] INFO  node.SCMNodeManager (SCMNodeManager.java:<init>(177)) - Entering startup safe mode.
2024-02-10 23:48:10,753 [main] INFO  algorithms.ContainerPlacementPolicyFactory (ContainerPlacementPolicyFactory.java:getPolicyInternal(86)) - Create container placement policy of type org.apache.hadoop.hdds.scm.container.placement.algorithms.SCMContainerPlacementRackAware
2024-02-10 23:48:10,753 [main] INFO  algorithms.ContainerPlacementPolicyFactory (ContainerPlacementPolicyFactory.java:getPolicyInternal(86)) - Create container placement policy of type org.apache.hadoop.hdds.scm.container.placement.algorithms.SCMContainerPlacementRackScatter
2024-02-10 23:48:10,754 [main] INFO  pipeline.PipelineStateManagerImpl (PipelineStateManagerImpl.java:initialize(78)) - No pipeline exists in current db
2024-02-10 23:48:10,754 [main] INFO  algorithms.LeaderChoosePolicyFactory (LeaderChoosePolicyFactory.java:getPolicy(57)) - Create leader choose policy of type org.apache.hadoop.hdds.scm.pipeline.leader.choose.algorithms.MinLeaderCountChoosePolicy
2024-02-10 23:48:10,754 [main] INFO  algorithms.ContainerPlacementPolicyFactory (ContainerPlacementPolicyFactory.java:getPolicyInternal(86)) - Create container placement policy of type org.apache.hadoop.hdds.scm.container.placement.algorithms.SCMContainerPlacementRackScatter
2024-02-10 23:48:10,754 [main] INFO  ha.SCMServiceManager (SCMServiceManager.java:register(42)) - Registering service BackgroundPipelineCreator.
2024-02-10 23:48:10,754 [main] INFO  pipeline.BackgroundPipelineCreator (BackgroundPipelineCreator.java:start(127)) - Starting RatisPipelineUtilsThread.
2024-02-10 23:48:10,754 [main] INFO  BackgroundPipelineScrubber (BackgroundSCMService.java:start(65)) - Starting BackgroundPipelineScrubber Service.
2024-02-10 23:48:10,755 [main] INFO  ha.SCMServiceManager (SCMServiceManager.java:register(42)) - Registering service BackgroundPipelineScrubber.
2024-02-10 23:48:10,755 [main] INFO  ExpiredContainerReplicaOpScrubber (BackgroundSCMService.java:start(65)) - Starting ExpiredContainerReplicaOpScrubber Service.
2024-02-10 23:48:10,755 [main] INFO  ha.SCMServiceManager (SCMServiceManager.java:register(42)) - Registering service ExpiredContainerReplicaOpScrubber.
2024-02-10 23:48:10,756 [main] INFO  algorithms.PipelineChoosePolicyFactory (PipelineChoosePolicyFactory.java:createPipelineChoosePolicyFromClass(80)) - Create pipeline choose policy of type org.apache.hadoop.hdds.scm.pipeline.choose.algorithms.RandomPipelineChoosePolicy
2024-02-10 23:48:10,756 [main] INFO  algorithms.PipelineChoosePolicyFactory (PipelineChoosePolicyFactory.java:createPipelineChoosePolicyFromClass(80)) - Create pipeline choose policy of type org.apache.hadoop.hdds.scm.pipeline.choose.algorithms.RandomPipelineChoosePolicy
2024-02-10 23:48:10,756 [main] INFO  ha.SCMServiceManager (SCMServiceManager.java:register(42)) - Registering service SCMBlockDeletingService.
2024-02-10 23:48:10,757 [main] INFO  replication.ReplicationManager (ReplicationManager.java:start(295)) - Starting Replication Monitor Thread.
2024-02-10 23:48:10,757 [ReplicationMonitor] INFO  replication.ReplicationManager (ReplicationManager.java:processAll(370)) - Replication Manager is not ready to run until 3000ms after safemode exit
2024-02-10 23:48:10,757 [main] INFO  ha.SCMServiceManager (SCMServiceManager.java:register(42)) - Registering service ReplicationManager.
2024-02-10 23:48:10,758 [main] INFO  safemode.ContainerSafeModeRule (ContainerSafeModeRule.java:<init>(91)) - containers with one replica threshold count 0
2024-02-10 23:48:10,758 [main] INFO  safemode.HealthyPipelineSafeModeRule (HealthyPipelineSafeModeRule.java:initializeRule(176)) - Total pipeline count is 0, healthy pipeline threshold count is 1
2024-02-10 23:48:10,758 [main] INFO  safemode.OneReplicaPipelineSafeModeRule (OneReplicaPipelineSafeModeRule.java:initializeRule(193)) - Total pipeline count is 0, pipeline's with at least one datanode reported threshold count is 0
2024-02-10 23:48:10,758 [main] INFO  server.StorageContainerManager (StorageContainerManager.java:<init>(440)) - SCM start with adminUsers: [runner]
2024-02-10 23:48:10,759 [main] INFO  ipc.CallQueueManager (CallQueueManager.java:<init>(90)) - Using callQueue: class java.util.concurrent.LinkedBlockingQueue, queueCapacity: 10000, scheduler: class org.apache.hadoop.ipc.DefaultRpcScheduler, ipcBackoff: false.
2024-02-10 23:48:10,759 [main] INFO  ipc.Server (Server.java:<init>(1287)) - Listener at 0.0.0.0:15269
2024-02-10 23:48:10,759 [Socket Reader #1 for port 15269] INFO  ipc.Server (Server.java:run(1323)) - Starting Socket Reader #1 for port 15269
2024-02-10 23:48:10,760 [main] INFO  ipc.CallQueueManager (CallQueueManager.java:<init>(90)) - Using callQueue: class java.util.concurrent.LinkedBlockingQueue, queueCapacity: 10000, scheduler: class org.apache.hadoop.ipc.DefaultRpcScheduler, ipcBackoff: false.
2024-02-10 23:48:10,760 [main] INFO  ipc.Server (Server.java:<init>(1287)) - Listener at 0.0.0.0:15268
2024-02-10 23:48:10,760 [Socket Reader #1 for port 15268] INFO  ipc.Server (Server.java:run(1323)) - Starting Socket Reader #1 for port 15268
2024-02-10 23:48:10,762 [main] INFO  ipc.CallQueueManager (CallQueueManager.java:<init>(90)) - Using callQueue: class java.util.concurrent.LinkedBlockingQueue, queueCapacity: 10000, scheduler: class org.apache.hadoop.ipc.DefaultRpcScheduler, ipcBackoff: false.
2024-02-10 23:48:10,762 [main] INFO  ipc.Server (Server.java:<init>(1287)) - Listener at 0.0.0.0:15267
2024-02-10 23:48:10,762 [Socket Reader #1 for port 15267] INFO  ipc.Server (Server.java:run(1323)) - Starting Socket Reader #1 for port 15267
2024-02-10 23:48:10,765 [main] INFO  ha.SCMServiceManager (SCMServiceManager.java:register(42)) - Registering service ContainerBalancer.
2024-02-10 23:48:10,765 [main] INFO  ha.SCMContext (SCMContext.java:updateSafeModeStatus(225)) - Update SafeModeStatus from SafeModeStatus{safeModeStatus=true, preCheckPassed=false} to SafeModeStatus{safeModeStatus=true, preCheckPassed=false}.
2024-02-10 23:48:10,765 [main] INFO  server.StorageContainerManager (StorageContainerManager.java:start(1545)) - StorageContainerLocationProtocol RPC server is listening at /0.0.0.0:15267
2024-02-10 23:48:10,767 [main] WARN  impl.MetricsConfig (MetricsConfig.java:loadFirst(136)) - Cannot locate configuration: tried hadoop-metrics2-storagecontainermanager.properties,hadoop-metrics2.properties
2024-02-10 23:48:10,767 [main] INFO  impl.MetricsSystemImpl (MetricsSystemImpl.java:startTimer(378)) - Scheduled Metric snapshot period at 10 second(s).
2024-02-10 23:48:10,767 [main] INFO  impl.MetricsSystemImpl (MetricsSystemImpl.java:start(191)) - StorageContainerManager metrics system started
2024-02-10 23:48:10,781 [main] INFO  impl.MetricsSinkAdapter (MetricsSinkAdapter.java:start(204)) - Sink prometheus started
2024-02-10 23:48:10,781 [main] INFO  impl.MetricsSystemImpl (MetricsSystemImpl.java:registerSink(305)) - Registered sink prometheus
2024-02-10 23:48:10,794 [main] INFO  server.SCMClientProtocolServer (SCMClientProtocolServer.java:start(203)) - RPC server for Client  is listening at /0.0.0.0:15267
2024-02-10 23:48:10,794 [IPC Server Responder] INFO  ipc.Server (Server.java:run(1562)) - IPC Server Responder: starting
2024-02-10 23:48:10,800 [IPC Server listener on 15267] INFO  ipc.Server (Server.java:run(1402)) - IPC Server listener on 15267: starting
2024-02-10 23:48:10,801 [main] INFO  server.StorageContainerManager (StorageContainerManager.java:start(1558)) - ScmBlockLocationProtocol RPC server is listening at /0.0.0.0:15268
2024-02-10 23:48:10,801 [main] INFO  server.SCMBlockProtocolServer (SCMBlockProtocolServer.java:start(160)) - RPC server for Block Protocol is listening at /0.0.0.0:15268
2024-02-10 23:48:10,802 [IPC Server Responder] INFO  ipc.Server (Server.java:run(1562)) - IPC Server Responder: starting
2024-02-10 23:48:10,802 [IPC Server listener on 15268] INFO  ipc.Server (Server.java:run(1402)) - IPC Server listener on 15268: starting
2024-02-10 23:48:10,813 [main] INFO  server.SCMDatanodeProtocolServer (SCMDatanodeProtocolServer.java:start(194)) - ScmDatanodeProtocol RPC server for DataNodes is listening at /0.0.0.0:15269
2024-02-10 23:48:10,813 [IPC Server Responder] INFO  ipc.Server (Server.java:run(1562)) - IPC Server Responder: starting
2024-02-10 23:48:10,813 [IPC Server listener on 15269] INFO  ipc.Server (Server.java:run(1402)) - IPC Server listener on 15269: starting
2024-02-10 23:48:10,821 [JvmPauseMonitor33] INFO  util.JvmPauseMonitor (JvmPauseMonitor.java:run(146)) - JvmPauseMonitor-c95c8392-c957-41d1-8bc6-12272b177e93: Started
2024-02-10 23:48:10,822 [main] INFO  http.BaseHttpServer (BaseHttpServer.java:newHttpServer2BuilderForOzone(223)) - Starting Web-server for scm at: http://0.0.0.0:15270
2024-02-10 23:48:10,822 [main] INFO  http.BaseHttpServer (BaseHttpServer.java:<init>(110)) - Hadoop Security Enabled: false Ozone Security Enabled: false Ozone HTTP Security Enabled: false 
2024-02-10 23:48:10,823 [main] WARN  server.AuthenticationFilter (AuthenticationFilter.java:constructSecretProvider(240)) - Unable to initialize FileSignerSecretProvider, falling back to use random secrets. Reason: Could not read signature secret file: /home/runner/hadoop-http-auth-signature-secret
2024-02-10 23:48:10,823 [main] INFO  http.HttpRequestLog (HttpRequestLog.java:getRequestLog(86)) - Http request log for http.requests.scm is not defined
2024-02-10 23:48:10,824 [main] INFO  http.HttpServer2 (HttpServer2.java:addGlobalFilter(1036)) - Added global filter 'safety' (class=org.apache.hadoop.hdds.server.http.HttpServer2$QuotingInputFilter)
2024-02-10 23:48:10,825 [main] INFO  http.HttpServer2 (HttpServer2.java:addFilter(1012)) - Added filter static_user_filter (class=org.apache.hadoop.http.lib.StaticUserWebFilter$StaticUserFilter) to context scm
2024-02-10 23:48:10,825 [main] INFO  http.HttpServer2 (HttpServer2.java:addFilter(1020)) - Added filter static_user_filter (class=org.apache.hadoop.http.lib.StaticUserWebFilter$StaticUserFilter) to context static
2024-02-10 23:48:10,825 [main] INFO  http.HttpServer2 (HttpServer2.java:addFilter(1020)) - Added filter static_user_filter (class=org.apache.hadoop.http.lib.StaticUserWebFilter$StaticUserFilter) to context logs
2024-02-10 23:48:10,826 [main] INFO  http.BaseHttpServer (BaseHttpServer.java:<init>(189)) - HTTP server of scm uses base directory /home/runner/work/ozone/ozone/hadoop-ozone/integration-test/target/test-dir/MiniOzoneClusterImpl-da04a438-6ec0-4fc9-9b2e-e93c90459920/ozone-meta/webserver
2024-02-10 23:48:10,826 [main] INFO  http.HttpServer2 (HttpServer2.java:bindListener(1236)) - Jetty bound to port 15270
2024-02-10 23:48:10,826 [main] INFO  server.Server (Server.java:doStart(375)) - jetty-9.4.53.v20231009; built: 2023-10-09T12:29:09.265Z; git: 27bde00a0b95a1d5bbee0eae7984f891d2d0f8c9; jvm 1.8.0_402-b06
2024-02-10 23:48:10,827 [main] INFO  server.session (DefaultSessionIdManager.java:doStart(334)) - DefaultSessionIdManager workerName=node0
2024-02-10 23:48:10,827 [main] INFO  server.session (DefaultSessionIdManager.java:doStart(339)) - No SessionScavenger set, using defaults
2024-02-10 23:48:10,827 [main] INFO  server.session (HouseKeeper.java:startScavenging(132)) - node0 Scavenging every 600000ms
2024-02-10 23:48:10,828 [main] INFO  handler.ContextHandler (ContextHandler.java:doStart(921)) - Started o.e.j.s.ServletContextHandler@2b1398dd{logs,/logs,file:///home/runner/work/ozone/ozone/hadoop-ozone/integration-test/target/log,AVAILABLE}
2024-02-10 23:48:10,828 [main] INFO  handler.ContextHandler (ContextHandler.java:doStart(921)) - Started o.e.j.s.ServletContextHandler@7d201db5{static,/static,file:///home/runner/work/ozone/ozone/hadoop-ozone/integration-test/target/test-classes/webapps/static,AVAILABLE}
2024-02-10 23:48:10,830 [main] INFO  handler.ContextHandler (ContextHandler.java:doStart(921)) - Started o.e.j.w.WebAppContext@2b2bc71a{scm,/,file:///home/runner/work/ozone/ozone/hadoop-ozone/integration-test/target/test-classes/webapps/scm/,AVAILABLE}{file:/home/runner/work/ozone/ozone/hadoop-ozone/integration-test/target/test-classes/webapps/scm}
2024-02-10 23:48:10,831 [main] INFO  server.AbstractConnector (AbstractConnector.java:doStart(333)) - Started ServerConnector@4307fd63{HTTP/1.1, (http/1.1)}{0.0.0.0:15270}
2024-02-10 23:48:10,831 [main] INFO  server.Server (Server.java:doStart(415)) - Started @114387ms
2024-02-10 23:48:10,831 [main] WARN  impl.MetricsSystemImpl (MetricsSystemImpl.java:register(279)) - Sink prometheus already exists!
2024-02-10 23:48:10,832 [main] INFO  http.BaseHttpServer (BaseHttpServer.java:updateConnectorAddress(354)) - HTTP server of scm listening at http://0.0.0.0:15270
2024-02-10 23:48:10,832 [main] WARN  server.ServerUtils (ServerUtils.java:getDBPath(299)) - ozone.om.db.dirs is not configured. We recommend adding this setting. Falling back to ozone.metadata.dirs instead.
2024-02-10 23:48:10,833 [main] INFO  ha.OMHANodeDetails (OMHANodeDetails.java:loadOMHAConfig(115)) - ozone.om.internal.service.id is not defined, falling back to ozone.om.service.ids to find serviceID for OzoneManager if it is HA enabled cluster
2024-02-10 23:48:10,834 [main] INFO  ha.OMHANodeDetails (OMHANodeDetails.java:loadOMHAConfig(226)) - Configuration does not have ozone.om.address set. Falling back to the default OM address /127.0.0.1:15271
2024-02-10 23:48:10,834 [main] INFO  ha.OMHANodeDetails (OMHANodeDetails.java:getOMNodeDetailsForNonHA(254)) - OM Service ID is not set. Setting it to the default ID: omServiceIdDefault
2024-02-10 23:48:10,834 [main] INFO  ha.OMHANodeDetails (OMHANodeDetails.java:getOMNodeDetailsForNonHA(261)) - OM Node ID is not set. Setting it to the default ID: om1
2024-02-10 23:48:10,834 [main] WARN  server.ServerUtils (ServerUtils.java:getDBPath(299)) - ozone.om.db.dirs is not configured. We recommend adding this setting. Falling back to ozone.metadata.dirs instead.
2024-02-10 23:48:10,835 [main] INFO  upgrade.AbstractLayoutVersionManager (AbstractLayoutVersionManager.java:init(83)) - Initializing Layout version manager with metadata layout = QUOTA (version = 6), software layout = QUOTA (version = 6)
2024-02-10 23:48:10,877 [main] INFO  upgrade.OMLayoutVersionManager (OMLayoutVersionManager.java:lambda$0(113)) - Skipping Upgrade Action QuotaRepairUpgradeAction since it has been finalized.
2024-02-10 23:48:10,878 [main] INFO  upgrade.OMLayoutVersionManager (OMLayoutVersionManager.java:lambda$0(113)) - Skipping Upgrade Action MockOmUpgradeAction since it has been finalized.
2024-02-10 23:48:10,878 [main] WARN  server.ServerUtils (ServerUtils.java:getDBPath(299)) - ozone.om.db.dirs is not configured. We recommend adding this setting. Falling back to ozone.metadata.dirs instead.
2024-02-10 23:48:10,878 [main] INFO  proxy.SCMBlockLocationFailoverProxyProvider (SCMBlockLocationFailoverProxyProvider.java:<init>(115)) - Created block location fail-over proxy with 1 nodes: [nodeId=scmNodeId,nodeAddress=/0.0.0.0:15268]
2024-02-10 23:48:10,879 [main] INFO  proxy.SCMBlockLocationFailoverProxyProvider (SCMBlockLocationFailoverProxyProvider.java:<init>(115)) - Created block location fail-over proxy with 1 nodes: [nodeId=scmNodeId,nodeAddress=/0.0.0.0:15268]
2024-02-10 23:48:10,884 [main] INFO  om.OzoneManager (OzoneManager.java:<init>(672)) - OM start with adminUsers: [runner]
2024-02-10 23:48:10,885 [main] WARN  server.ServerUtils (ServerUtils.java:getDBPath(299)) - ozone.om.db.dirs is not configured. We recommend adding this setting. Falling back to ozone.metadata.dirs instead.
2024-02-10 23:48:10,885 [main] INFO  helpers.OmKeyInfo (OmKeyInfo.java:getCodec(71)) - OmKeyInfo.getCodec ignorePipeline = true
2024-02-10 23:48:11,020 [main] INFO  om.OzoneManager (OzoneManager.java:instantiateServices(804)) - S3 Multi-Tenancy is disabled
2024-02-10 23:48:11,021 [main] INFO  om.OmSnapshotManager (OmSnapshotManager.java:<init>(177)) - Ozone filesystem snapshot feature is enabled.
2024-02-10 23:48:11,021 [main] WARN  server.ServerUtils (ServerUtils.java:getDBPath(299)) - ozone.om.snapshot.diff.db.dir is not configured. We recommend adding this setting. Falling back to ozone.metadata.dirs instead.
2024-02-10 23:48:11,040 [main] INFO  utils.NativeLibraryLoader (NativeLibraryLoader.java:loadLibrary(108)) - Loading Library: ozone_rocksdb_tools
2024-02-10 23:48:11,041 [main] INFO  snapshot.SnapshotDiffManager (SnapshotDiffManager.java:closeExecutorService(1684)) - Shutting down executorService: 'SstDumpToolExecutor'
2024-02-10 23:48:11,043 [main] INFO  om.OzoneManager (OzoneManager.java:addS3GVolumeToDB(4425)) - Created Volume s3v With Owner runner required for S3Gateway operations.
2024-02-10 23:48:11,044 [main] WARN  server.ServerUtils (ServerUtils.java:getDefaultRatisDirectory(311)) - Storage directory for Ratis is not configured. It is a good idea to map this to an SSD disk. Falling back to ozone.metadata.dirs
2024-02-10 23:48:11,044 [main] WARN  utils.OzoneManagerRatisUtils (OzoneManagerRatisUtils.java:getOMRatisSnapshotDirectory(473)) - ozone.om.ratis.snapshot.dir is not configured. Falling back to ozone.metadata.dirs config
2024-02-10 23:48:11,044 [main] WARN  server.ServerUtils (ServerUtils.java:getDefaultRatisDirectory(311)) - Storage directory for Ratis is not configured. It is a good idea to map this to an SSD disk. Falling back to ozone.metadata.dirs
2024-02-10 23:48:11,045 [main] INFO  ratis.OzoneManagerRatisServer (OzoneManagerRatisServer.java:<init>(167)) - Instantiating OM Ratis server with groupID: omServiceIdDefault and peers: localhost:15274
2024-02-10 23:48:11,046 [main] INFO  ratis.OzoneManagerStateMachine (OzoneManagerStateMachine.java:loadSnapshotInfoFromDB(576)) - TransactionInfo not found in OM DB.
2024-02-10 23:48:11,046 [main] INFO  server.RaftServer (ConfUtils.java:logGet(46)) - raft.rpc.type = GRPC (default)
2024-02-10 23:48:11,047 [main] INFO  grpc.GrpcConfigKeys (ConfUtils.java:logFallback(53)) - raft.grpc.admin.host = null (fallback to raft.grpc.server.host)
2024-02-10 23:48:11,047 [main] INFO  grpc.GrpcConfigKeys (ConfUtils.java:logFallback(53)) - raft.grpc.admin.port = 15274 (fallback to raft.grpc.server.port)
2024-02-10 23:48:11,047 [main] INFO  grpc.GrpcConfigKeys (ConfUtils.java:logFallback(53)) - raft.grpc.client.host = null (fallback to raft.grpc.server.host)
2024-02-10 23:48:11,047 [main] INFO  grpc.GrpcConfigKeys (ConfUtils.java:logFallback(53)) - raft.grpc.client.port = 15274 (fallback to raft.grpc.server.port)
2024-02-10 23:48:11,047 [main] INFO  grpc.GrpcConfigKeys (ConfUtils.java:logGet(46)) - raft.grpc.server.host = null (default)
2024-02-10 23:48:11,047 [main] INFO  grpc.GrpcConfigKeys (ConfUtils.java:logGet(46)) - raft.grpc.server.port = 15274 (custom)
2024-02-10 23:48:11,048 [main] INFO  server.GrpcService (ConfUtils.java:logGet(46)) - raft.grpc.message.size.max = 4194304 (custom)
2024-02-10 23:48:11,048 [main] INFO  server.RaftServerConfigKeys (ConfUtils.java:logGet(46)) - raft.server.log.appender.buffer.byte-limit = 4194304 (custom)
2024-02-10 23:48:11,048 [main] INFO  server.GrpcService (ConfUtils.java:logGet(46)) - raft.grpc.flow.control.window = 1MB (=1048576) (default)
2024-02-10 23:48:11,048 [main] INFO  server.RaftServerConfigKeys (ConfUtils.java:logGet(46)) - raft.server.rpc.request.timeout = 3000ms (default)
2024-02-10 23:48:11,048 [main] INFO  grpc.GrpcConfigKeys (ConfUtils.java:logGet(46)) - raft.grpc.server.heartbeat.channel = true (default)
2024-02-10 23:48:11,049 [main] INFO  grpc.GrpcConfigKeys (ConfUtils.java:logGet(46)) - raft.grpc.server.async.request.thread.pool.cached = true (default)
2024-02-10 23:48:11,049 [main] INFO  grpc.GrpcConfigKeys (ConfUtils.java:logGet(46)) - raft.grpc.server.async.request.thread.pool.size = 32 (default)
2024-02-10 23:48:11,050 [main] INFO  impl.DataStreamServerImpl (ConfUtils.java:logGet(46)) - raft.datastream.type = DISABLED (default)
2024-02-10 23:48:11,050 [main] INFO  server.RaftServerConfigKeys (ConfUtils.java:logGet(46)) - raft.server.sleep.deviation.threshold = 300ms (default)
2024-02-10 23:48:11,050 [main] INFO  server.RaftServerConfigKeys (ConfUtils.java:logGet(46)) - raft.server.close.threshold = 60s (default)
2024-02-10 23:48:11,050 [main] INFO  server.RaftServerConfigKeys (ConfUtils.java:logGet(46)) - raft.server.leaderelection.leader.step-down.wait-time = 10s (default)
2024-02-10 23:48:11,051 [main] INFO  server.RaftServerConfigKeys (ConfUtils.java:logGet(46)) - raft.server.storage.dir = [/home/runner/work/ozone/ozone/hadoop-ozone/integration-test/target/test-dir/MiniOzoneClusterImpl-da04a438-6ec0-4fc9-9b2e-e93c90459920/ozone-meta/ratis] (custom)
2024-02-10 23:48:11,051 [main] INFO  server.RaftServerConfigKeys (ConfUtils.java:logGet(46)) - raft.server.threadpool.proxy.cached = true (default)
2024-02-10 23:48:11,051 [main] INFO  server.RaftServerConfigKeys (ConfUtils.java:logGet(46)) - raft.server.threadpool.proxy.size = 0 (default)
2024-02-10 23:48:11,052 [main] INFO  server.RaftServer (RaftServerProxy.java:addNew(100)) - om1: addNew group-C5BA1605619E:[om1|localhost:15274] returns group-C5BA1605619E:java.util.concurrent.CompletableFuture@2e97d29[Not completed]
2024-02-10 23:48:11,052 [om1-groupManagement] INFO  server.RaftServer$Division (RaftServerImpl.java:<init>(256)) - om1: new RaftServerImpl for group-C5BA1605619E:[om1|localhost:15274] with OzoneManagerStateMachine:uninitialized
2024-02-10 23:48:11,052 [main] INFO  om.OzoneManager (OzoneManager.java:initializeRatisServer(2140)) - OzoneManager Ratis server initialized at port 15274
2024-02-10 23:48:11,052 [main] INFO  om.OzoneManager (OzoneManager.java:getRpcServer(1206)) - Creating RPC Server
2024-02-10 23:48:11,052 [om1-groupManagement] INFO  server.RaftServerConfigKeys (ConfUtils.java:logGet(46)) - raft.server.rpc.timeout.min = 1s (custom)
2024-02-10 23:48:11,053 [om1-groupManagement] INFO  server.RaftServerConfigKeys (ConfUtils.java:logGet(46)) - raft.server.rpc.timeout.max = 1200ms (custom)
2024-02-10 23:48:11,053 [om1-groupManagement] INFO  server.RaftServerConfigKeys (ConfUtils.java:logGet(46)) - raft.server.rpc.sleep.time = 25ms (default)
2024-02-10 23:48:11,053 [om1-groupManagement] INFO  server.RaftServerConfigKeys (ConfUtils.java:logGet(46)) - raft.server.rpc.slowness.timeout = 120s (custom)
2024-02-10 23:48:11,053 [om1-groupManagement] INFO  server.RaftServerConfigKeys (ConfUtils.java:logGet(46)) - raft.server.leaderelection.leader.step-down.wait-time = 10s (default)
2024-02-10 23:48:11,053 [om1-groupManagement] INFO  server.RaftServerConfigKeys (ConfUtils.java:logGet(46)) - raft.server.leaderelection.member.majority-add = false (default)
2024-02-10 23:48:11,054 [om1-groupManagement] INFO  server.RaftServerConfigKeys (ConfUtils.java:logGet(46)) - raft.server.sleep.deviation.threshold = 300ms (default)
2024-02-10 23:48:11,054 [om1-groupManagement] INFO  server.RaftServer$Division (ServerState.java:<init>(113)) - om1@group-C5BA1605619E: ConfigurationManager, init=-1: peers:[om1|localhost:15274]|listeners:[], old=null, confs=<EMPTY_MAP>
2024-02-10 23:48:11,054 [om1-groupManagement] INFO  server.RaftServerConfigKeys (ConfUtils.java:logGet(46)) - raft.server.notification.no-leader.timeout = 120s (custom)
2024-02-10 23:48:11,054 [om1-groupManagement] INFO  server.RaftServerConfigKeys (ConfUtils.java:logGet(46)) - raft.server.read.timeout = 10s (default)
2024-02-10 23:48:11,054 [om1-groupManagement] INFO  server.RaftServerConfigKeys (ConfUtils.java:logGet(46)) - raft.server.retrycache.expirytime = 300s (custom)
2024-02-10 23:48:11,054 [om1-groupManagement] INFO  server.RaftServerConfigKeys (ConfUtils.java:logGet(46)) - raft.server.retrycache.statistics.expirytime = 100ms (default)
2024-02-10 23:48:11,054 [om1-groupManagement] INFO  server.RaftServerConfigKeys (ConfUtils.java:logGet(46)) - raft.server.read.option = DEFAULT (default)
2024-02-10 23:48:11,054 [om1-groupManagement] INFO  server.RaftServerConfigKeys (ConfUtils.java:logGet(46)) - raft.server.read.read-after-write-consistent.write-index-cache.expiry-time = 60s (default)
2024-02-10 23:48:11,055 [om1-groupManagement] INFO  server.RaftServerConfigKeys (ConfUtils.java:logGet(46)) - raft.server.rpc.request.timeout = 3000ms (default)
2024-02-10 23:48:11,055 [om1-groupManagement] INFO  server.RaftServerConfigKeys (ConfUtils.java:logGet(46)) - raft.server.log.appender.install.snapshot.enabled = false (custom)
2024-02-10 23:48:11,055 [om1-groupManagement] INFO  server.RaftServerConfigKeys (ConfUtils.java:logGet(46)) - raft.server.threadpool.server.cached = true (default)
2024-02-10 23:48:11,055 [om1-groupManagement] INFO  server.RaftServerConfigKeys (ConfUtils.java:logGet(46)) - raft.server.threadpool.server.size = 0 (default)
2024-02-10 23:48:11,055 [om1-groupManagement] INFO  server.RaftServerConfigKeys (ConfUtils.java:logGet(46)) - raft.server.threadpool.client.cached = true (default)
2024-02-10 23:48:11,055 [om1-groupManagement] INFO  server.RaftServerConfigKeys (ConfUtils.java:logGet(46)) - raft.server.threadpool.client.size = 0 (default)
2024-02-10 23:48:11,281 [main] INFO  ipc.CallQueueManager (CallQueueManager.java:<init>(90)) - Using callQueue: class java.util.concurrent.LinkedBlockingQueue, queueCapacity: 2000, scheduler: class org.apache.hadoop.ipc.DefaultRpcScheduler, ipcBackoff: false.
2024-02-10 23:48:11,281 [main] INFO  ipc.Server (Server.java:<init>(1287)) - Listener at 127.0.0.1:15271
2024-02-10 23:48:11,282 [Socket Reader #1 for port 15271] INFO  ipc.Server (Server.java:run(1323)) - Starting Socket Reader #1 for port 15271
2024-02-10 23:48:11,296 [main] INFO  impl.MetricsSystemImpl (MetricsSystemImpl.java:init(158)) - OzoneManager metrics system started (again)
2024-02-10 23:48:11,303 [main] INFO  om.OzoneManager (OzoneManager.java:start(1628)) - OzoneManager RPC server is listening at localhost/127.0.0.1:15271
2024-02-10 23:48:11,303 [main] INFO  ratis.OzoneManagerRatisServer (OzoneManagerRatisServer.java:start(588)) - Starting OzoneManagerRatisServer om1 at port 15274
2024-02-10 23:48:11,303 [om1-impl-thread1] INFO  server.RaftServerConfigKeys (ConfUtils.java:logGet(46)) - raft.server.storage.free-space.min = 0MB (=0) (default)
2024-02-10 23:48:11,303 [om1-impl-thread1] INFO  server.RaftServerConfigKeys (ConfUtils.java:logGet(46)) - raft.server.log.corruption.policy = EXCEPTION (default)
2024-02-10 23:48:11,303 [om1-impl-thread1] INFO  server.RaftServerConfigKeys (ConfUtils.java:logGet(46)) - raft.server.storage.dir = [/home/runner/work/ozone/ozone/hadoop-ozone/integration-test/target/test-dir/MiniOzoneClusterImpl-da04a438-6ec0-4fc9-9b2e-e93c90459920/ozone-meta/ratis] (custom)
2024-02-10 23:48:11,304 [om1-impl-thread1] INFO  storage.RaftStorageDirectory (RaftStorageDirectoryImpl.java:analyzeStorage(138)) - The storage directory /home/runner/work/ozone/ozone/hadoop-ozone/integration-test/target/test-dir/MiniOzoneClusterImpl-da04a438-6ec0-4fc9-9b2e-e93c90459920/ozone-meta/ratis/bf265839-605b-3f16-9796-c5ba1605619e does not exist. Creating ...
2024-02-10 23:48:11,305 [om1-impl-thread1] INFO  storage.RaftStorageDirectory (RaftStorageDirectoryImpl.java:tryLock(228)) - Lock on /home/runner/work/ozone/ozone/hadoop-ozone/integration-test/target/test-dir/MiniOzoneClusterImpl-da04a438-6ec0-4fc9-9b2e-e93c90459920/ozone-meta/ratis/bf265839-605b-3f16-9796-c5ba1605619e/in_use.lock acquired by nodename 48413@fv-az886-285
2024-02-10 23:48:11,306 [om1-impl-thread1] INFO  storage.RaftStorage (RaftStorageImpl.java:format(99)) - Storage directory /home/runner/work/ozone/ozone/hadoop-ozone/integration-test/target/test-dir/MiniOzoneClusterImpl-da04a438-6ec0-4fc9-9b2e-e93c90459920/ozone-meta/ratis/bf265839-605b-3f16-9796-c5ba1605619e has been successfully formatted.
2024-02-10 23:48:11,306 [om1-impl-thread1] WARN  util.FileUtils (LogUtils.java:supplyAndLog(63)) - Failed to Files.newInputStream /home/runner/work/ozone/ozone/hadoop-ozone/integration-test/target/test-dir/MiniOzoneClusterImpl-da04a438-6ec0-4fc9-9b2e-e93c90459920/ozone-meta/ratis/bf265839-605b-3f16-9796-c5ba1605619e/current/raft-meta.conf with options []: java.nio.file.NoSuchFileException: /home/runner/work/ozone/ozone/hadoop-ozone/integration-test/target/test-dir/MiniOzoneClusterImpl-da04a438-6ec0-4fc9-9b2e-e93c90459920/ozone-meta/ratis/bf265839-605b-3f16-9796-c5ba1605619e/current/raft-meta.conf
2024-02-10 23:48:11,306 [om1-impl-thread1] INFO  server.RaftServerConfigKeys (ConfUtils.java:logGet(46)) - raft.server.log.use.memory = false (default)
2024-02-10 23:48:11,306 [om1-impl-thread1] INFO  server.RaftServerConfigKeys (ConfUtils.java:logGet(46)) - raft.server.log.purge.gap = 1000000 (custom)
2024-02-10 23:48:11,306 [om1-impl-thread1] INFO  server.RaftServerConfigKeys (ConfUtils.java:logGet(46)) - raft.server.log.appender.buffer.byte-limit = 4194304 (custom)
2024-02-10 23:48:11,306 [om1-impl-thread1] INFO  server.RaftServerConfigKeys (ConfUtils.java:logGet(46)) - raft.server.log.statemachine.data.read.timeout = 1000ms (default)
2024-02-10 23:48:11,306 [om1-impl-thread1] INFO  server.RaftServerConfigKeys (ConfUtils.java:logGet(46)) - raft.server.log.purge.preservation.log.num = 0 (default)
2024-02-10 23:48:11,306 [om1-impl-thread1] INFO  server.RaftServerConfigKeys (ConfUtils.java:logGet(46)) - raft.server.log.segment.size.max = 4194304 (custom)
2024-02-10 23:48:11,307 [om1-impl-thread1] INFO  server.RaftServerConfigKeys (ConfUtils.java:logGet(46)) - raft.server.log.segment.cache.num.max = 2 (custom)
2024-02-10 23:48:11,307 [om1-impl-thread1] INFO  server.RaftServerConfigKeys (ConfUtils.java:logGet(46)) - raft.server.log.segment.cache.size.max = 200MB (=209715200) (default)
2024-02-10 23:48:11,307 [om1-impl-thread1] INFO  server.RaftServerConfigKeys (ConfUtils.java:logGet(46)) - raft.server.log.appender.buffer.byte-limit = 4194304 (custom)
2024-02-10 23:48:11,307 [om1-impl-thread1] INFO  util.AwaitToRun (AwaitToRun.java:start(81)) - Thread[om1@group-C5BA1605619E-cacheEviction-AwaitToRun,5,main] started
2024-02-10 23:48:11,307 [om1-impl-thread1] INFO  segmented.SegmentedRaftLogWorker (SegmentedRaftLogWorker.java:<init>(182)) - new om1@group-C5BA1605619E-SegmentedRaftLogWorker for RaftStorageImpl:Storage Directory /home/runner/work/ozone/ozone/hadoop-ozone/integration-test/target/test-dir/MiniOzoneClusterImpl-da04a438-6ec0-4fc9-9b2e-e93c90459920/ozone-meta/ratis/bf265839-605b-3f16-9796-c5ba1605619e
2024-02-10 23:48:11,307 [om1-impl-thread1] INFO  server.RaftServerConfigKeys (ConfUtils.java:logGet(46)) - raft.server.log.queue.byte-limit = 64MB (=67108864) (default)
2024-02-10 23:48:11,307 [om1-impl-thread1] INFO  server.RaftServerConfigKeys (ConfUtils.java:logGet(46)) - raft.server.log.queue.element-limit = 4096 (default)
2024-02-10 23:48:11,307 [om1-impl-thread1] INFO  server.RaftServerConfigKeys (ConfUtils.java:logGet(46)) - raft.server.log.segment.size.max = 4194304 (custom)
2024-02-10 23:48:11,307 [om1-impl-thread1] INFO  server.RaftServerConfigKeys (ConfUtils.java:logGet(46)) - raft.server.log.preallocated.size = 4194304 (custom)
2024-02-10 23:48:11,307 [om1-impl-thread1] INFO  server.RaftServerConfigKeys (ConfUtils.java:logGet(46)) - raft.server.log.force.sync.num = 128 (default)
2024-02-10 23:48:11,307 [om1-impl-thread1] INFO  server.RaftServerConfigKeys (ConfUtils.java:logGet(46)) - raft.server.log.statemachine.data.sync = true (default)
2024-02-10 23:48:11,307 [om1-impl-thread1] INFO  server.RaftServerConfigKeys (ConfUtils.java:logGet(46)) - raft.server.log.statemachine.data.sync.timeout = 10s (default)
2024-02-10 23:48:11,307 [om1-impl-thread1] INFO  server.RaftServerConfigKeys (ConfUtils.java:logGet(46)) - raft.server.log.statemachine.data.sync.timeout.retry = -1 (default)
2024-02-10 23:48:11,307 [om1-impl-thread1] INFO  server.RaftServerConfigKeys (ConfUtils.java:logGet(46)) - raft.server.log.write.buffer.size = 4194312 (custom)
2024-02-10 23:48:11,308 [om1-impl-thread1] INFO  server.RaftServerConfigKeys (ConfUtils.java:logGet(46)) - raft.server.log.appender.buffer.byte-limit = 4194304 (custom)
2024-02-10 23:48:11,308 [om1-impl-thread1] INFO  server.RaftServerConfigKeys (ConfUtils.java:logGet(46)) - raft.server.log.unsafe-flush.enabled = false (default)
2024-02-10 23:48:11,308 [om1-impl-thread1] INFO  server.RaftServerConfigKeys (ConfUtils.java:logGet(46)) - raft.server.log.async-flush.enabled = false (default)
2024-02-10 23:48:11,308 [om1-impl-thread1] INFO  server.RaftServerConfigKeys (ConfUtils.java:logGet(46)) - raft.server.log.statemachine.data.caching.enabled = false (default)
2024-02-10 23:48:11,309 [om1-impl-thread1] INFO  segmented.SegmentedRaftLogWorker (SegmentedRaftLogWorker.java:lambda$new$0(134)) - om1@group-C5BA1605619E-SegmentedRaftLogWorker: flushIndex: setUnconditionally 0 -> -1
2024-02-10 23:48:11,309 [om1-impl-thread1] INFO  segmented.SegmentedRaftLogWorker (SegmentedRaftLogWorker.java:lambda$new$0(134)) - om1@group-C5BA1605619E-SegmentedRaftLogWorker: safeCacheEvictIndex: setUnconditionally 0 -> -1
2024-02-10 23:48:11,309 [om1-impl-thread1] INFO  server.RaftServer$Division (RaftServerImpl.java:start(396)) - om1@group-C5BA1605619E: start as a follower, conf=-1: peers:[om1|localhost:15274]|listeners:[], old=null
2024-02-10 23:48:11,309 [om1-impl-thread1] INFO  server.RaftServer$Division (RaftServerImpl.java:setRole(383)) - om1@group-C5BA1605619E: changes role from      null to FOLLOWER at term 0 for startAsFollower
2024-02-10 23:48:11,309 [om1-impl-thread1] INFO  impl.RoleInfo (RoleInfo.java:updateAndGet(139)) - om1: start om1@group-C5BA1605619E-FollowerState
2024-02-10 23:48:11,310 [om1-impl-thread1] INFO  util.JmxRegister (JmxRegister.java:tryRegister(44)) - Successfully registered JMX Bean with object name Ratis:service=RaftServer,group=group-C5BA1605619E,id=om1
2024-02-10 23:48:11,310 [om1@group-C5BA1605619E-FollowerState] INFO  server.RaftServerConfigKeys (ConfUtils.java:logFallback(53)) - raft.server.rpc.first-election.timeout.min = 1s (fallback to raft.server.rpc.timeout.min)
2024-02-10 23:48:11,310 [om1-impl-thread1] INFO  server.RaftServerConfigKeys (ConfUtils.java:logGet(46)) - raft.server.snapshot.trigger-when-stop.enabled = true (default)
2024-02-10 23:48:11,310 [om1@group-C5BA1605619E-FollowerState] INFO  server.RaftServerConfigKeys (ConfUtils.java:logFallback(53)) - raft.server.rpc.first-election.timeout.max = 1200ms (fallback to raft.server.rpc.timeout.max)
2024-02-10 23:48:11,311 [om1-impl-thread1] INFO  server.RaftServerConfigKeys (ConfUtils.java:logGet(46)) - raft.server.snapshot.auto.trigger.enabled = true (custom)
2024-02-10 23:48:11,311 [om1-impl-thread1] INFO  server.RaftServerConfigKeys (ConfUtils.java:logGet(46)) - raft.server.snapshot.auto.trigger.threshold = 400000 (default)
2024-02-10 23:48:11,311 [om1-impl-thread1] INFO  server.RaftServerConfigKeys (ConfUtils.java:logGet(46)) - raft.server.snapshot.retention.file.num = -1 (default)
2024-02-10 23:48:11,311 [om1-impl-thread1] INFO  server.RaftServerConfigKeys (ConfUtils.java:logGet(46)) - raft.server.log.purge.upto.snapshot.index = true (custom)
2024-02-10 23:48:11,311 [main] INFO  server.RaftServer (RaftServerProxy.java:startImpl(406)) - om1: start RPC server
2024-02-10 23:48:11,312 [main] INFO  server.GrpcService (GrpcService.java:startImpl(302)) - om1: GrpcService started, listening on 15274
2024-02-10 23:48:11,312 [JvmPauseMonitor34] INFO  util.JvmPauseMonitor (JvmPauseMonitor.java:run(146)) - JvmPauseMonitor-om1: Started
2024-02-10 23:48:11,312 [main] INFO  om.OzoneManager (OzoneManager.java:start(1644)) - Version File has different layout version (6) than OM DB (null). That is expected if this OM has never been finalized to a newer layout version.
2024-02-10 23:48:11,315 [main] INFO  http.BaseHttpServer (BaseHttpServer.java:newHttpServer2BuilderForOzone(223)) - Starting Web-server for ozoneManager at: http://0.0.0.0:15272
2024-02-10 23:48:11,315 [main] INFO  http.BaseHttpServer (BaseHttpServer.java:<init>(110)) - Hadoop Security Enabled: false Ozone Security Enabled: false Ozone HTTP Security Enabled: false 
2024-02-10 23:48:11,316 [main] WARN  server.AuthenticationFilter (AuthenticationFilter.java:constructSecretProvider(240)) - Unable to initialize FileSignerSecretProvider, falling back to use random secrets. Reason: Could not read signature secret file: /home/runner/hadoop-http-auth-signature-secret
2024-02-10 23:48:11,316 [main] INFO  http.HttpRequestLog (HttpRequestLog.java:getRequestLog(86)) - Http request log for http.requests.ozoneManager is not defined
2024-02-10 23:48:11,317 [main] INFO  http.HttpServer2 (HttpServer2.java:addGlobalFilter(1036)) - Added global filter 'safety' (class=org.apache.hadoop.hdds.server.http.HttpServer2$QuotingInputFilter)
2024-02-10 23:48:11,317 [main] INFO  http.HttpServer2 (HttpServer2.java:addFilter(1012)) - Added filter static_user_filter (class=org.apache.hadoop.http.lib.StaticUserWebFilter$StaticUserFilter) to context ozoneManager
2024-02-10 23:48:11,317 [main] INFO  http.HttpServer2 (HttpServer2.java:addFilter(1020)) - Added filter static_user_filter (class=org.apache.hadoop.http.lib.StaticUserWebFilter$StaticUserFilter) to context logs
2024-02-10 23:48:11,318 [main] INFO  http.HttpServer2 (HttpServer2.java:addFilter(1020)) - Added filter static_user_filter (class=org.apache.hadoop.http.lib.StaticUserWebFilter$StaticUserFilter) to context static
2024-02-10 23:48:11,319 [main] INFO  http.BaseHttpServer (BaseHttpServer.java:<init>(189)) - HTTP server of ozoneManager uses base directory /home/runner/work/ozone/ozone/hadoop-ozone/integration-test/target/test-dir/MiniOzoneClusterImpl-da04a438-6ec0-4fc9-9b2e-e93c90459920/ozone-meta/webserver
2024-02-10 23:48:11,320 [main] INFO  http.HttpServer2 (HttpServer2.java:bindListener(1236)) - Jetty bound to port 15272
2024-02-10 23:48:11,320 [main] INFO  server.Server (Server.java:doStart(375)) - jetty-9.4.53.v20231009; built: 2023-10-09T12:29:09.265Z; git: 27bde00a0b95a1d5bbee0eae7984f891d2d0f8c9; jvm 1.8.0_402-b06
2024-02-10 23:48:11,321 [main] INFO  server.session (DefaultSessionIdManager.java:doStart(334)) - DefaultSessionIdManager workerName=node0
2024-02-10 23:48:11,321 [main] INFO  server.session (DefaultSessionIdManager.java:doStart(339)) - No SessionScavenger set, using defaults
2024-02-10 23:48:11,321 [main] INFO  server.session (HouseKeeper.java:startScavenging(132)) - node0 Scavenging every 600000ms
2024-02-10 23:48:11,322 [main] INFO  handler.ContextHandler (ContextHandler.java:doStart(921)) - Started o.e.j.s.ServletContextHandler@40c9bcaa{logs,/logs,file:///home/runner/work/ozone/ozone/hadoop-ozone/integration-test/target/log,AVAILABLE}
2024-02-10 23:48:11,322 [main] INFO  handler.ContextHandler (ContextHandler.java:doStart(921)) - Started o.e.j.s.ServletContextHandler@41825c0{static,/static,file:///home/runner/work/ozone/ozone/hadoop-ozone/integration-test/target/test-classes/webapps/static,AVAILABLE}
2024-02-10 23:48:11,324 [main] INFO  handler.ContextHandler (ContextHandler.java:doStart(921)) - Started o.e.j.w.WebAppContext@78c84e0b{ozoneManager,/,file:///home/runner/work/ozone/ozone/hadoop-ozone/integration-test/target/test-classes/webapps/ozoneManager/,AVAILABLE}{file:/home/runner/work/ozone/ozone/hadoop-ozone/integration-test/target/test-classes/webapps/ozoneManager}
2024-02-10 23:48:11,326 [main] INFO  server.AbstractConnector (AbstractConnector.java:doStart(333)) - Started ServerConnector@3493ca6f{HTTP/1.1, (http/1.1)}{0.0.0.0:15272}
2024-02-10 23:48:11,327 [main] INFO  server.Server (Server.java:doStart(415)) - Started @114882ms
2024-02-10 23:48:11,327 [main] WARN  impl.MetricsSystemImpl (MetricsSystemImpl.java:register(279)) - Sink prometheus already exists!
2024-02-10 23:48:11,327 [main] INFO  http.BaseHttpServer (BaseHttpServer.java:updateConnectorAddress(354)) - HTTP server of ozoneManager listening at http://0.0.0.0:15272
2024-02-10 23:48:11,327 [IPC Server Responder] INFO  ipc.Server (Server.java:run(1562)) - IPC Server Responder: starting
2024-02-10 23:48:11,327 [IPC Server listener on 15271] INFO  ipc.Server (Server.java:run(1402)) - IPC Server listener on 15271: starting
2024-02-10 23:48:11,329 [main] INFO  om.OzoneManager (OzoneManager.java:startTrashEmptier(2093)) - Trash Interval set to 0. Files deleted won't move to trash
2024-02-10 23:48:11,348 [main] WARN  dropwizard3.Dm3MetricRegistriesImpl (Dm3MetricRegistriesImpl.java:addReporterRegistration(113)) - New reporters are added after registries were created. Some metrics will be missing from the reporter. Please add reporter before adding any new registry.
2024-02-10 23:48:11,348 [main] WARN  dropwizard3.Dm3MetricRegistriesImpl (Dm3MetricRegistriesImpl.java:addReporterRegistration(113)) - New reporters are added after registries were created. Some metrics will be missing from the reporter. Please add reporter before adding any new registry.
2024-02-10 23:48:11,348 [main] INFO  impl.MetricsSystemImpl (MetricsSystemImpl.java:init(158)) - HddsDatanode metrics system started (again)
2024-02-10 23:48:11,357 [main] INFO  ozone.HddsDatanodeService (HddsDatanodeService.java:start(240)) - HddsDatanodeService host:fv-az886-285.zcyxlggriy4uppruju113mie5f.cx.internal.cloudapp.net ip:10.1.0.12
2024-02-10 23:48:11,373 [main] INFO  upgrade.AbstractLayoutVersionManager (AbstractLayoutVersionManager.java:init(83)) - Initializing Layout version manager with metadata layout = HADOOP_PRC_PORTS_IN_DATANODEDETAILS (version = 7), software layout = HADOOP_PRC_PORTS_IN_DATANODEDETAILS (version = 7)
2024-02-10 23:48:11,373 [main] INFO  statemachine.DatanodeStateMachine (DatanodeStateMachine.java:getEndPointTaskThreadPoolSize(299)) - Datanode State Machine Task Thread Pool size 2
2024-02-10 23:48:11,375 [main] INFO  volume.HddsVolume (HddsVolume.java:<init>(125)) - Creating HddsVolume: /home/runner/work/ozone/ozone/hadoop-ozone/integration-test/target/test-dir/MiniOzoneClusterImpl-da04a438-6ec0-4fc9-9b2e-e93c90459920/datanode-0/data-0/containers/hdds of storage type : DISK capacity : 9223372036854775807
2024-02-10 23:48:11,375 [main] INFO  volume.MutableVolumeSet (MutableVolumeSet.java:initializeVolumeSet(173)) - Added Volume : /home/runner/work/ozone/ozone/hadoop-ozone/integration-test/target/test-dir/MiniOzoneClusterImpl-da04a438-6ec0-4fc9-9b2e-e93c90459920/datanode-0/data-0/containers/hdds to VolumeSet
2024-02-10 23:48:11,375 [main] INFO  volume.MutableVolumeSet (MutableVolumeSet.java:initializeVolumeSet(173)) - Added Volume : /home/runner/work/ozone/ozone/hadoop-ozone/integration-test/target/test-dir/MiniOzoneClusterImpl-da04a438-6ec0-4fc9-9b2e-e93c90459920/datanode-0/data/ratis to VolumeSet
2024-02-10 23:48:11,376 [main] INFO  ozoneimpl.OzoneContainer (HddsVolumeUtil.java:loadAllHddsVolumeDbStore(103)) - Load 1 volumes DbStore cost: 0ms
2024-02-10 23:48:11,377 [main] INFO  server.RaftServer (ConfUtils.java:logGet(46)) - raft.rpc.type = GRPC (default)
2024-02-10 23:48:11,377 [main] INFO  grpc.GrpcConfigKeys (ConfUtils.java:logFallback(53)) - raft.grpc.admin.host = null (fallback to raft.grpc.server.host)
2024-02-10 23:48:11,378 [main] INFO  grpc.GrpcConfigKeys (ConfUtils.java:logGet(46)) - raft.grpc.admin.port = 15280 (custom)
2024-02-10 23:48:11,378 [main] INFO  grpc.GrpcConfigKeys (ConfUtils.java:logFallback(53)) - raft.grpc.client.host = null (fallback to raft.grpc.server.host)
2024-02-10 23:48:11,378 [main] INFO  grpc.GrpcConfigKeys (ConfUtils.java:logGet(46)) - raft.grpc.client.port = 15279 (custom)
2024-02-10 23:48:11,378 [main] INFO  grpc.GrpcConfigKeys (ConfUtils.java:logGet(46)) - raft.grpc.server.host = null (default)
2024-02-10 23:48:11,378 [main] INFO  grpc.GrpcConfigKeys (ConfUtils.java:logGet(46)) - raft.grpc.server.port = 15281 (custom)
2024-02-10 23:48:11,379 [main] INFO  server.GrpcService (ConfUtils.java:logGet(46)) - raft.grpc.message.size.max = 32MB (=33554432) (custom)
2024-02-10 23:48:11,379 [main] INFO  server.RaftServerConfigKeys (ConfUtils.java:logGet(46)) - raft.server.log.appender.buffer.byte-limit = 8388608 (custom)
2024-02-10 23:48:11,379 [main] INFO  server.GrpcService (ConfUtils.java:logGet(46)) - raft.grpc.flow.control.window = 5MB (=5242880) (custom)
2024-02-10 23:48:11,379 [main] INFO  server.RaftServerConfigKeys (ConfUtils.java:logGet(46)) - raft.server.rpc.request.timeout = 3000ms (default)
2024-02-10 23:48:11,379 [main] INFO  grpc.GrpcConfigKeys (ConfUtils.java:logGet(46)) - raft.grpc.server.heartbeat.channel = true (default)
2024-02-10 23:48:11,380 [main] INFO  grpc.GrpcConfigKeys (ConfUtils.java:logGet(46)) - raft.grpc.server.async.request.thread.pool.cached = true (default)
2024-02-10 23:48:11,380 [main] INFO  grpc.GrpcConfigKeys (ConfUtils.java:logGet(46)) - raft.grpc.server.async.request.thread.pool.size = 32 (default)
2024-02-10 23:48:11,382 [main] INFO  impl.DataStreamServerImpl (ConfUtils.java:logGet(46)) - raft.datastream.type = NETTY (custom)
2024-02-10 23:48:11,382 [main] INFO  server.RaftServerConfigKeys (ConfUtils.java:logGet(46)) - raft.server.data-stream.async.request.thread.pool.cached = false (default)
2024-02-10 23:48:11,382 [main] INFO  server.RaftServerConfigKeys (ConfUtils.java:logGet(46)) - raft.server.data-stream.async.request.thread.pool.size = 20 (custom)
2024-02-10 23:48:11,382 [main] INFO  server.RaftServerConfigKeys (ConfUtils.java:logGet(46)) - raft.server.data-stream.async.write.thread.pool.size = 16 (default)
2024-02-10 23:48:11,382 [main] INFO  netty.NettyConfigKeys$DataStream (ConfUtils.java:logGet(46)) - raft.netty.dataStream.server.channel.inactive.grace-period = 10min (default)
2024-02-10 23:48:11,383 [main] INFO  server.RaftServerConfigKeys (ConfUtils.java:logGet(46)) - raft.server.data-stream.client.pool.size = 10 (default)
2024-02-10 23:48:11,383 [main] INFO  netty.NettyConfigKeys$DataStream (ConfUtils.java:logGet(46)) - raft.netty.dataStream.server.use-epoll = true (default)
2024-02-10 23:48:11,383 [main] INFO  netty.NettyConfigKeys$DataStream (ConfUtils.java:logGet(46)) - raft.netty.dataStream.server.boss-group.size = 0 (default)
2024-02-10 23:48:11,383 [main] INFO  netty.NettyUtils (NettyUtils.java:newEventLoopGroup(69)) - Create EpollEventLoopGroup for f41b6dce-8722-4706-80fd-a8b218830cd7-NettyServerStreamRpc-bossGroup; Thread size is 0.
2024-02-10 23:48:11,383 [main] INFO  netty.NettyConfigKeys$DataStream (ConfUtils.java:logGet(46)) - raft.netty.dataStream.server.worker-group.size = 0 (default)
2024-02-10 23:48:11,383 [main] INFO  netty.NettyUtils (NettyUtils.java:newEventLoopGroup(69)) - Create EpollEventLoopGroup for f41b6dce-8722-4706-80fd-a8b218830cd7-NettyServerStreamRpc-workerGroup; Thread size is 0.
2024-02-10 23:48:11,384 [main] INFO  netty.NettyConfigKeys$DataStream (ConfUtils.java:logGet(46)) - raft.netty.dataStream.server.tls.conf = null (default)
2024-02-10 23:48:11,384 [main] INFO  netty.NettyConfigKeys$DataStream (ConfUtils.java:logGet(46)) - raft.netty.dataStream.host = null (default)
2024-02-10 23:48:11,384 [main] INFO  netty.NettyConfigKeys$DataStream (ConfUtils.java:logGet(46)) - raft.netty.dataStream.port = 15282 (custom)
2024-02-10 23:48:11,384 [main] INFO  server.RaftServerConfigKeys (ConfUtils.java:logGet(46)) - raft.server.sleep.deviation.threshold = 300ms (default)
2024-02-10 23:48:11,384 [main] INFO  server.RaftServerConfigKeys (ConfUtils.java:logGet(46)) - raft.server.close.threshold = 60s (default)
2024-02-10 23:48:11,385 [main] INFO  server.RaftServerConfigKeys (ConfUtils.java:logGet(46)) - raft.server.leaderelection.leader.step-down.wait-time = 10s (default)
2024-02-10 23:48:11,385 [main] INFO  server.RaftServerConfigKeys (ConfUtils.java:logGet(46)) - raft.server.storage.dir = [/home/runner/work/ozone/ozone/hadoop-ozone/integration-test/target/test-dir/MiniOzoneClusterImpl-da04a438-6ec0-4fc9-9b2e-e93c90459920/datanode-0/data/ratis] (custom)
2024-02-10 23:48:11,385 [main] INFO  server.RaftServerConfigKeys (ConfUtils.java:logGet(46)) - raft.server.threadpool.proxy.cached = true (default)
2024-02-10 23:48:11,385 [main] INFO  server.RaftServerConfigKeys (ConfUtils.java:logGet(46)) - raft.server.threadpool.proxy.size = 0 (default)
2024-02-10 23:48:11,384 [f41b6dce-8722-4706-80fd-a8b218830cd7-NettyServerStreamRpc-bossGroup--thread1] INFO  logging.LoggingHandler (AbstractInternalLogger.java:log(148)) - [id: 0x27f35658] REGISTERED
2024-02-10 23:48:11,385 [f41b6dce-8722-4706-80fd-a8b218830cd7-NettyServerStreamRpc-bossGroup--thread1] INFO  logging.LoggingHandler (AbstractInternalLogger.java:log(148)) - [id: 0x27f35658] BIND: 0.0.0.0/0.0.0.0:15282
2024-02-10 23:48:11,385 [f41b6dce-8722-4706-80fd-a8b218830cd7-NettyServerStreamRpc-bossGroup--thread1] INFO  logging.LoggingHandler (AbstractInternalLogger.java:log(148)) - [id: 0x27f35658, L:/0.0.0.0:15282] ACTIVE
2024-02-10 23:48:11,392 [f41b6dce-8722-4706-80fd-a8b218830cd7-impl-thread1] INFO  server.RaftServer (RaftServerProxy.java:initGroupDir(264)) - f41b6dce-8722-4706-80fd-a8b218830cd7: found a subdirectory /home/runner/work/ozone/ozone/hadoop-ozone/integration-test/target/test-dir/MiniOzoneClusterImpl-da04a438-6ec0-4fc9-9b2e-e93c90459920/datanode-0/data/ratis/tmp
2024-02-10 23:48:11,392 [f41b6dce-8722-4706-80fd-a8b218830cd7-impl-thread1] INFO  server.RaftServer (RaftServerProxy.java:initGroupDir(269)) - f41b6dce-8722-4706-80fd-a8b218830cd7: The directory /home/runner/work/ozone/ozone/hadoop-ozone/integration-test/target/test-dir/MiniOzoneClusterImpl-da04a438-6ec0-4fc9-9b2e-e93c90459920/datanode-0/data/ratis/tmp is not a group directory; ignoring it. 
2024-02-10 23:48:11,392 [main] INFO  replication.ReplicationServer (ReplicationServer.java:<init>(86)) - Initializing replication server with thread count = 10 queue length = 4096
2024-02-10 23:48:11,393 [main] INFO  server.XceiverServerGrpc (XceiverServerGrpc.java:<init>(141)) - GrpcServer channel type EpollServerSocketChannel
2024-02-10 23:48:11,395 [main] INFO  replication.ReplicationSupervisor (ReplicationSupervisor.java:build(163)) - Initializing replication supervisor with thread count = 10
2024-02-10 23:48:11,395 [main] INFO  replication.ReplicationSupervisor (ReplicationSupervisor.java:nodeStateUpdated(317)) - Node state updated to IN_SERVICE, scaling executor pool size to 10
2024-02-10 23:48:11,396 [main] INFO  http.BaseHttpServer (BaseHttpServer.java:newHttpServer2BuilderForOzone(223)) - Starting Web-server for hddsDatanode at: http://0.0.0.0:15276
2024-02-10 23:48:11,397 [main] INFO  http.BaseHttpServer (BaseHttpServer.java:<init>(110)) - Hadoop Security Enabled: false Ozone Security Enabled: false Ozone HTTP Security Enabled: false 
2024-02-10 23:48:11,397 [main] WARN  server.AuthenticationFilter (AuthenticationFilter.java:constructSecretProvider(240)) - Unable to initialize FileSignerSecretProvider, falling back to use random secrets. Reason: Could not read signature secret file: /home/runner/hadoop-http-auth-signature-secret
2024-02-10 23:48:11,398 [main] INFO  http.HttpRequestLog (HttpRequestLog.java:getRequestLog(86)) - Http request log for http.requests.hddsDatanode is not defined
2024-02-10 23:48:11,399 [main] INFO  http.HttpServer2 (HttpServer2.java:addGlobalFilter(1036)) - Added global filter 'safety' (class=org.apache.hadoop.hdds.server.http.HttpServer2$QuotingInputFilter)
2024-02-10 23:48:11,399 [main] INFO  http.HttpServer2 (HttpServer2.java:addFilter(1012)) - Added filter static_user_filter (class=org.apache.hadoop.http.lib.StaticUserWebFilter$StaticUserFilter) to context hddsDatanode
2024-02-10 23:48:11,399 [main] INFO  http.HttpServer2 (HttpServer2.java:addFilter(1020)) - Added filter static_user_filter (class=org.apache.hadoop.http.lib.StaticUserWebFilter$StaticUserFilter) to context static
2024-02-10 23:48:11,400 [main] INFO  http.HttpServer2 (HttpServer2.java:addFilter(1020)) - Added filter static_user_filter (class=org.apache.hadoop.http.lib.StaticUserWebFilter$StaticUserFilter) to context logs
2024-02-10 23:48:11,400 [main] INFO  http.BaseHttpServer (BaseHttpServer.java:<init>(189)) - HTTP server of hddsDatanode uses base directory /home/runner/work/ozone/ozone/hadoop-ozone/integration-test/target/test-dir/MiniOzoneClusterImpl-da04a438-6ec0-4fc9-9b2e-e93c90459920/datanode-0/meta/webserver
2024-02-10 23:48:11,401 [main] INFO  http.HttpServer2 (HttpServer2.java:bindListener(1236)) - Jetty bound to port 15276
2024-02-10 23:48:11,401 [main] INFO  server.Server (Server.java:doStart(375)) - jetty-9.4.53.v20231009; built: 2023-10-09T12:29:09.265Z; git: 27bde00a0b95a1d5bbee0eae7984f891d2d0f8c9; jvm 1.8.0_402-b06
2024-02-10 23:48:11,402 [main] INFO  server.session (DefaultSessionIdManager.java:doStart(334)) - DefaultSessionIdManager workerName=node0
2024-02-10 23:48:11,402 [main] INFO  server.session (DefaultSessionIdManager.java:doStart(339)) - No SessionScavenger set, using defaults
2024-02-10 23:48:11,402 [main] INFO  server.session (HouseKeeper.java:startScavenging(132)) - node0 Scavenging every 660000ms
2024-02-10 23:48:11,403 [main] INFO  handler.ContextHandler (ContextHandler.java:doStart(921)) - Started o.e.j.s.ServletContextHandler@62824af7{logs,/logs,file:///home/runner/work/ozone/ozone/hadoop-ozone/integration-test/target/log,AVAILABLE}
2024-02-10 23:48:11,403 [main] INFO  handler.ContextHandler (ContextHandler.java:doStart(921)) - Started o.e.j.s.ServletContextHandler@70222dd0{static,/static,jar:file:/home/runner/.m2/repository/org/apache/ozone/hdds-container-service/1.5.0-SNAPSHOT/hdds-container-service-1.5.0-SNAPSHOT.jar!/webapps/static,AVAILABLE}
2024-02-10 23:48:11,435 [main] INFO  handler.ContextHandler (ContextHandler.java:doStart(921)) - Started o.e.j.w.WebAppContext@3619bceb{hddsDatanode,/,file:///home/runner/work/ozone/ozone/hadoop-ozone/integration-test/target/test-dir/MiniOzoneClusterImpl-da04a438-6ec0-4fc9-9b2e-e93c90459920/datanode-0/meta/webserver/jetty-0_0_0_0-15276-hdds-container-service-1_5_0-SNAPSHOT_jar-_-any-8598588805238384308/webapp/,AVAILABLE}{jar:file:/home/runner/.m2/repository/org/apache/ozone/hdds-container-service/1.5.0-SNAPSHOT/hdds-container-service-1.5.0-SNAPSHOT.jar!/webapps/hddsDatanode}
2024-02-10 23:48:11,436 [main] INFO  server.AbstractConnector (AbstractConnector.java:doStart(333)) - Started ServerConnector@373ac817{HTTP/1.1, (http/1.1)}{0.0.0.0:15276}
2024-02-10 23:48:11,436 [main] INFO  server.Server (Server.java:doStart(415)) - Started @114992ms
2024-02-10 23:48:11,437 [main] WARN  impl.MetricsSystemImpl (MetricsSystemImpl.java:register(279)) - Sink prometheus already exists!
2024-02-10 23:48:11,437 [main] INFO  http.BaseHttpServer (BaseHttpServer.java:updateConnectorAddress(354)) - HTTP server of hddsDatanode listening at http://0.0.0.0:15276
2024-02-10 23:48:11,437 [main] INFO  ipc.CallQueueManager (CallQueueManager.java:<init>(90)) - Using callQueue: class java.util.concurrent.LinkedBlockingQueue, queueCapacity: 100, scheduler: class org.apache.hadoop.ipc.DefaultRpcScheduler, ipcBackoff: false.
2024-02-10 23:48:11,437 [main] INFO  ipc.Server (Server.java:<init>(1287)) - Listener at 0.0.0.0:15277
2024-02-10 23:48:11,438 [Socket Reader #1 for port 15277] INFO  ipc.Server (Server.java:run(1323)) - Starting Socket Reader #1 for port 15277
2024-02-10 23:48:11,441 [main] INFO  ozone.HddsDatanodeService (HddsDatanodeService.java:start(327)) - Datanode start with admins: [runner]
2024-02-10 23:48:11,441 [main] INFO  ozone.HddsDatanodeClientProtocolServer (HddsDatanodeClientProtocolServer.java:start(72)) - RPC server for Client /0.0.0.0:15277
2024-02-10 23:48:11,441 [IPC Server Responder] INFO  ipc.Server (Server.java:run(1562)) - IPC Server Responder: starting
2024-02-10 23:48:11,441 [IPC Server listener on 15277] INFO  ipc.Server (Server.java:run(1402)) - IPC Server listener on 15277: starting
2024-02-10 23:48:11,446 [f41b6dce-8722-4706-80fd-a8b218830cd7-DatanodeStateMachineDaemonThread] INFO  statemachine.DatanodeStateMachine (DatanodeStateMachine.java:lambda$startDaemon$1(555)) - Ozone container server started.
2024-02-10 23:48:11,446 [main] WARN  dropwizard3.Dm3MetricRegistriesImpl (Dm3MetricRegistriesImpl.java:addReporterRegistration(113)) - New reporters are added after registries were created. Some metrics will be missing from the reporter. Please add reporter before adding any new registry.
2024-02-10 23:48:11,447 [main] WARN  dropwizard3.Dm3MetricRegistriesImpl (Dm3MetricRegistriesImpl.java:addReporterRegistration(113)) - New reporters are added after registries were created. Some metrics will be missing from the reporter. Please add reporter before adding any new registry.
2024-02-10 23:48:11,447 [main] INFO  impl.MetricsSystemImpl (MetricsSystemImpl.java:init(158)) - HddsDatanode metrics system started (again)
2024-02-10 23:48:11,449 [f41b6dce-8722-4706-80fd-a8b218830cd7-DatanodeStateMachineTaskThread-0] INFO  datanode.InitDatanodeState (InitDatanodeState.java:persistContainerDatanodeDetails(139)) - DatanodeDetails is persisted to /home/runner/work/ozone/ozone/hadoop-ozone/integration-test/target/test-dir/MiniOzoneClusterImpl-da04a438-6ec0-4fc9-9b2e-e93c90459920/datanode-0/meta/datanode.id
2024-02-10 23:48:11,456 [main] INFO  ozone.HddsDatanodeService (HddsDatanodeService.java:start(240)) - HddsDatanodeService host:fv-az886-285.zcyxlggriy4uppruju113mie5f.cx.internal.cloudapp.net ip:10.1.0.12
2024-02-10 23:48:11,472 [main] INFO  upgrade.AbstractLayoutVersionManager (AbstractLayoutVersionManager.java:init(83)) - Initializing Layout version manager with metadata layout = HADOOP_PRC_PORTS_IN_DATANODEDETAILS (version = 7), software layout = HADOOP_PRC_PORTS_IN_DATANODEDETAILS (version = 7)
2024-02-10 23:48:11,472 [main] INFO  statemachine.DatanodeStateMachine (DatanodeStateMachine.java:getEndPointTaskThreadPoolSize(299)) - Datanode State Machine Task Thread Pool size 2
2024-02-10 23:48:11,473 [main] INFO  volume.HddsVolume (HddsVolume.java:<init>(125)) - Creating HddsVolume: /home/runner/work/ozone/ozone/hadoop-ozone/integration-test/target/test-dir/MiniOzoneClusterImpl-da04a438-6ec0-4fc9-9b2e-e93c90459920/datanode-1/data-0/containers/hdds of storage type : DISK capacity : 9223372036854775807
2024-02-10 23:48:11,473 [main] INFO  volume.MutableVolumeSet (MutableVolumeSet.java:initializeVolumeSet(173)) - Added Volume : /home/runner/work/ozone/ozone/hadoop-ozone/integration-test/target/test-dir/MiniOzoneClusterImpl-da04a438-6ec0-4fc9-9b2e-e93c90459920/datanode-1/data-0/containers/hdds to VolumeSet
2024-02-10 23:48:11,474 [main] INFO  volume.MutableVolumeSet (MutableVolumeSet.java:initializeVolumeSet(173)) - Added Volume : /home/runner/work/ozone/ozone/hadoop-ozone/integration-test/target/test-dir/MiniOzoneClusterImpl-da04a438-6ec0-4fc9-9b2e-e93c90459920/datanode-1/data/ratis to VolumeSet
2024-02-10 23:48:11,474 [main] INFO  ozoneimpl.OzoneContainer (HddsVolumeUtil.java:loadAllHddsVolumeDbStore(103)) - Load 1 volumes DbStore cost: 0ms
2024-02-10 23:48:11,476 [main] INFO  server.RaftServer (ConfUtils.java:logGet(46)) - raft.rpc.type = GRPC (default)
2024-02-10 23:48:11,476 [main] INFO  grpc.GrpcConfigKeys (ConfUtils.java:logFallback(53)) - raft.grpc.admin.host = null (fallback to raft.grpc.server.host)
2024-02-10 23:48:11,477 [main] INFO  grpc.GrpcConfigKeys (ConfUtils.java:logGet(46)) - raft.grpc.admin.port = 15289 (custom)
2024-02-10 23:48:11,477 [main] INFO  grpc.GrpcConfigKeys (ConfUtils.java:logFallback(53)) - raft.grpc.client.host = null (fallback to raft.grpc.server.host)
2024-02-10 23:48:11,477 [main] INFO  grpc.GrpcConfigKeys (ConfUtils.java:logGet(46)) - raft.grpc.client.port = 15288 (custom)
2024-02-10 23:48:11,477 [main] INFO  grpc.GrpcConfigKeys (ConfUtils.java:logGet(46)) - raft.grpc.server.host = null (default)
2024-02-10 23:48:11,477 [main] INFO  grpc.GrpcConfigKeys (ConfUtils.java:logGet(46)) - raft.grpc.server.port = 15290 (custom)
2024-02-10 23:48:11,477 [main] INFO  server.GrpcService (ConfUtils.java:logGet(46)) - raft.grpc.message.size.max = 32MB (=33554432) (custom)
2024-02-10 23:48:11,478 [main] INFO  server.RaftServerConfigKeys (ConfUtils.java:logGet(46)) - raft.server.log.appender.buffer.byte-limit = 8388608 (custom)
2024-02-10 23:48:11,478 [main] INFO  server.GrpcService (ConfUtils.java:logGet(46)) - raft.grpc.flow.control.window = 5MB (=5242880) (custom)
2024-02-10 23:48:11,478 [main] INFO  server.RaftServerConfigKeys (ConfUtils.java:logGet(46)) - raft.server.rpc.request.timeout = 3000ms (default)
2024-02-10 23:48:11,478 [main] INFO  grpc.GrpcConfigKeys (ConfUtils.java:logGet(46)) - raft.grpc.server.heartbeat.channel = true (default)
2024-02-10 23:48:11,478 [main] INFO  grpc.GrpcConfigKeys (ConfUtils.java:logGet(46)) - raft.grpc.server.async.request.thread.pool.cached = true (default)
2024-02-10 23:48:11,479 [main] INFO  grpc.GrpcConfigKeys (ConfUtils.java:logGet(46)) - raft.grpc.server.async.request.thread.pool.size = 32 (default)
2024-02-10 23:48:11,481 [main] INFO  impl.DataStreamServerImpl (ConfUtils.java:logGet(46)) - raft.datastream.type = NETTY (custom)
2024-02-10 23:48:11,481 [main] INFO  server.RaftServerConfigKeys (ConfUtils.java:logGet(46)) - raft.server.data-stream.async.request.thread.pool.cached = false (default)
2024-02-10 23:48:11,481 [main] INFO  server.RaftServerConfigKeys (ConfUtils.java:logGet(46)) - raft.server.data-stream.async.request.thread.pool.size = 20 (custom)
2024-02-10 23:48:11,481 [main] INFO  server.RaftServerConfigKeys (ConfUtils.java:logGet(46)) - raft.server.data-stream.async.write.thread.pool.size = 16 (default)
2024-02-10 23:48:11,481 [main] INFO  netty.NettyConfigKeys$DataStream (ConfUtils.java:logGet(46)) - raft.netty.dataStream.server.channel.inactive.grace-period = 10min (default)
2024-02-10 23:48:11,482 [main] INFO  server.RaftServerConfigKeys (ConfUtils.java:logGet(46)) - raft.server.data-stream.client.pool.size = 10 (default)
2024-02-10 23:48:11,482 [main] INFO  netty.NettyConfigKeys$DataStream (ConfUtils.java:logGet(46)) - raft.netty.dataStream.server.use-epoll = true (default)
2024-02-10 23:48:11,482 [main] INFO  netty.NettyConfigKeys$DataStream (ConfUtils.java:logGet(46)) - raft.netty.dataStream.server.boss-group.size = 0 (default)
2024-02-10 23:48:11,482 [main] INFO  netty.NettyUtils (NettyUtils.java:newEventLoopGroup(69)) - Create EpollEventLoopGroup for 73a2e683-eab9-4fa9-bf1b-2a740f4e4743-NettyServerStreamRpc-bossGroup; Thread size is 0.
2024-02-10 23:48:11,483 [main] INFO  netty.NettyConfigKeys$DataStream (ConfUtils.java:logGet(46)) - raft.netty.dataStream.server.worker-group.size = 0 (default)
2024-02-10 23:48:11,483 [main] INFO  netty.NettyUtils (NettyUtils.java:newEventLoopGroup(69)) - Create EpollEventLoopGroup for 73a2e683-eab9-4fa9-bf1b-2a740f4e4743-NettyServerStreamRpc-workerGroup; Thread size is 0.
2024-02-10 23:48:11,483 [main] INFO  netty.NettyConfigKeys$DataStream (ConfUtils.java:logGet(46)) - raft.netty.dataStream.server.tls.conf = null (default)
2024-02-10 23:48:11,483 [main] INFO  netty.NettyConfigKeys$DataStream (ConfUtils.java:logGet(46)) - raft.netty.dataStream.host = null (default)
2024-02-10 23:48:11,484 [main] INFO  netty.NettyConfigKeys$DataStream (ConfUtils.java:logGet(46)) - raft.netty.dataStream.port = 15291 (custom)
2024-02-10 23:48:11,484 [main] INFO  server.RaftServerConfigKeys (ConfUtils.java:logGet(46)) - raft.server.sleep.deviation.threshold = 300ms (default)
2024-02-10 23:48:11,484 [main] INFO  server.RaftServerConfigKeys (ConfUtils.java:logGet(46)) - raft.server.close.threshold = 60s (default)
2024-02-10 23:48:11,484 [main] INFO  server.RaftServerConfigKeys (ConfUtils.java:logGet(46)) - raft.server.leaderelection.leader.step-down.wait-time = 10s (default)
2024-02-10 23:48:11,484 [73a2e683-eab9-4fa9-bf1b-2a740f4e4743-NettyServerStreamRpc-bossGroup--thread1] INFO  logging.LoggingHandler (AbstractInternalLogger.java:log(148)) - [id: 0xe3f81f85] REGISTERED
2024-02-10 23:48:11,485 [main] INFO  server.RaftServerConfigKeys (ConfUtils.java:logGet(46)) - raft.server.storage.dir = [/home/runner/work/ozone/ozone/hadoop-ozone/integration-test/target/test-dir/MiniOzoneClusterImpl-da04a438-6ec0-4fc9-9b2e-e93c90459920/datanode-1/data/ratis] (custom)
2024-02-10 23:48:11,485 [73a2e683-eab9-4fa9-bf1b-2a740f4e4743-NettyServerStreamRpc-bossGroup--thread1] INFO  logging.LoggingHandler (AbstractInternalLogger.java:log(148)) - [id: 0xe3f81f85] BIND: 0.0.0.0/0.0.0.0:15291
2024-02-10 23:48:11,485 [main] INFO  server.RaftServerConfigKeys (ConfUtils.java:logGet(46)) - raft.server.threadpool.proxy.cached = true (default)
2024-02-10 23:48:11,485 [73a2e683-eab9-4fa9-bf1b-2a740f4e4743-NettyServerStreamRpc-bossGroup--thread1] INFO  logging.LoggingHandler (AbstractInternalLogger.java:log(148)) - [id: 0xe3f81f85, L:/0.0.0.0:15291] ACTIVE
2024-02-10 23:48:11,485 [main] INFO  server.RaftServerConfigKeys (ConfUtils.java:logGet(46)) - raft.server.threadpool.proxy.size = 0 (default)
2024-02-10 23:48:11,486 [73a2e683-eab9-4fa9-bf1b-2a740f4e4743-impl-thread1] INFO  server.RaftServer (RaftServerProxy.java:initGroupDir(264)) - 73a2e683-eab9-4fa9-bf1b-2a740f4e4743: found a subdirectory /home/runner/work/ozone/ozone/hadoop-ozone/integration-test/target/test-dir/MiniOzoneClusterImpl-da04a438-6ec0-4fc9-9b2e-e93c90459920/datanode-1/data/ratis/tmp
2024-02-10 23:48:11,486 [73a2e683-eab9-4fa9-bf1b-2a740f4e4743-impl-thread1] INFO  server.RaftServer (RaftServerProxy.java:initGroupDir(269)) - 73a2e683-eab9-4fa9-bf1b-2a740f4e4743: The directory /home/runner/work/ozone/ozone/hadoop-ozone/integration-test/target/test-dir/MiniOzoneClusterImpl-da04a438-6ec0-4fc9-9b2e-e93c90459920/datanode-1/data/ratis/tmp is not a group directory; ignoring it. 
2024-02-10 23:48:11,486 [main] INFO  replication.ReplicationServer (ReplicationServer.java:<init>(86)) - Initializing replication server with thread count = 10 queue length = 4096
2024-02-10 23:48:11,487 [main] INFO  server.XceiverServerGrpc (XceiverServerGrpc.java:<init>(141)) - GrpcServer channel type EpollServerSocketChannel
2024-02-10 23:48:11,488 [main] INFO  replication.ReplicationSupervisor (ReplicationSupervisor.java:build(163)) - Initializing replication supervisor with thread count = 10
2024-02-10 23:48:11,488 [main] INFO  replication.ReplicationSupervisor (ReplicationSupervisor.java:nodeStateUpdated(317)) - Node state updated to IN_SERVICE, scaling executor pool size to 10
2024-02-10 23:48:11,489 [main] INFO  http.BaseHttpServer (BaseHttpServer.java:newHttpServer2BuilderForOzone(223)) - Starting Web-server for hddsDatanode at: http://0.0.0.0:15285
2024-02-10 23:48:11,490 [main] INFO  http.BaseHttpServer (BaseHttpServer.java:<init>(110)) - Hadoop Security Enabled: false Ozone Security Enabled: false Ozone HTTP Security Enabled: false 
2024-02-10 23:48:11,490 [main] WARN  server.AuthenticationFilter (AuthenticationFilter.java:constructSecretProvider(240)) - Unable to initialize FileSignerSecretProvider, falling back to use random secrets. Reason: Could not read signature secret file: /home/runner/hadoop-http-auth-signature-secret
2024-02-10 23:48:11,491 [main] INFO  http.HttpRequestLog (HttpRequestLog.java:getRequestLog(86)) - Http request log for http.requests.hddsDatanode is not defined
2024-02-10 23:48:11,491 [main] INFO  http.HttpServer2 (HttpServer2.java:addGlobalFilter(1036)) - Added global filter 'safety' (class=org.apache.hadoop.hdds.server.http.HttpServer2$QuotingInputFilter)
2024-02-10 23:48:11,492 [main] INFO  http.HttpServer2 (HttpServer2.java:addFilter(1012)) - Added filter static_user_filter (class=org.apache.hadoop.http.lib.StaticUserWebFilter$StaticUserFilter) to context hddsDatanode
2024-02-10 23:48:11,492 [main] INFO  http.HttpServer2 (HttpServer2.java:addFilter(1020)) - Added filter static_user_filter (class=org.apache.hadoop.http.lib.StaticUserWebFilter$StaticUserFilter) to context logs
2024-02-10 23:48:11,492 [main] INFO  http.HttpServer2 (HttpServer2.java:addFilter(1020)) - Added filter static_user_filter (class=org.apache.hadoop.http.lib.StaticUserWebFilter$StaticUserFilter) to context static
2024-02-10 23:48:11,493 [main] INFO  http.BaseHttpServer (BaseHttpServer.java:<init>(189)) - HTTP server of hddsDatanode uses base directory /home/runner/work/ozone/ozone/hadoop-ozone/integration-test/target/test-dir/MiniOzoneClusterImpl-da04a438-6ec0-4fc9-9b2e-e93c90459920/datanode-1/meta/webserver
2024-02-10 23:48:11,493 [main] INFO  http.HttpServer2 (HttpServer2.java:bindListener(1236)) - Jetty bound to port 15285
2024-02-10 23:48:11,493 [main] INFO  server.Server (Server.java:doStart(375)) - jetty-9.4.53.v20231009; built: 2023-10-09T12:29:09.265Z; git: 27bde00a0b95a1d5bbee0eae7984f891d2d0f8c9; jvm 1.8.0_402-b06
2024-02-10 23:48:11,494 [main] INFO  server.session (DefaultSessionIdManager.java:doStart(334)) - DefaultSessionIdManager workerName=node0
2024-02-10 23:48:11,494 [main] INFO  server.session (DefaultSessionIdManager.java:doStart(339)) - No SessionScavenger set, using defaults
2024-02-10 23:48:11,494 [main] INFO  server.session (HouseKeeper.java:startScavenging(132)) - node0 Scavenging every 660000ms
2024-02-10 23:48:11,495 [main] INFO  handler.ContextHandler (ContextHandler.java:doStart(921)) - Started o.e.j.s.ServletContextHandler@310450cd{logs,/logs,file:///home/runner/work/ozone/ozone/hadoop-ozone/integration-test/target/log,AVAILABLE}
2024-02-10 23:48:11,495 [main] INFO  handler.ContextHandler (ContextHandler.java:doStart(921)) - Started o.e.j.s.ServletContextHandler@f15218e{static,/static,jar:file:/home/runner/.m2/repository/org/apache/ozone/hdds-container-service/1.5.0-SNAPSHOT/hdds-container-service-1.5.0-SNAPSHOT.jar!/webapps/static,AVAILABLE}
2024-02-10 23:48:11,526 [main] INFO  handler.ContextHandler (ContextHandler.java:doStart(921)) - Started o.e.j.w.WebAppContext@1580163d{hddsDatanode,/,file:///home/runner/work/ozone/ozone/hadoop-ozone/integration-test/target/test-dir/MiniOzoneClusterImpl-da04a438-6ec0-4fc9-9b2e-e93c90459920/datanode-1/meta/webserver/jetty-0_0_0_0-15285-hdds-container-service-1_5_0-SNAPSHOT_jar-_-any-141231395476698575/webapp/,AVAILABLE}{jar:file:/home/runner/.m2/repository/org/apache/ozone/hdds-container-service/1.5.0-SNAPSHOT/hdds-container-service-1.5.0-SNAPSHOT.jar!/webapps/hddsDatanode}
2024-02-10 23:48:11,527 [main] INFO  server.AbstractConnector (AbstractConnector.java:doStart(333)) - Started ServerConnector@50ad67bd{HTTP/1.1, (http/1.1)}{0.0.0.0:15285}
2024-02-10 23:48:11,527 [main] INFO  server.Server (Server.java:doStart(415)) - Started @115083ms
2024-02-10 23:48:11,528 [main] WARN  impl.MetricsSystemImpl (MetricsSystemImpl.java:register(279)) - Sink prometheus already exists!
2024-02-10 23:48:11,528 [main] INFO  http.BaseHttpServer (BaseHttpServer.java:updateConnectorAddress(354)) - HTTP server of hddsDatanode listening at http://0.0.0.0:15285
2024-02-10 23:48:11,528 [main] INFO  ipc.CallQueueManager (CallQueueManager.java:<init>(90)) - Using callQueue: class java.util.concurrent.LinkedBlockingQueue, queueCapacity: 100, scheduler: class org.apache.hadoop.ipc.DefaultRpcScheduler, ipcBackoff: false.
2024-02-10 23:48:11,528 [main] INFO  ipc.Server (Server.java:<init>(1287)) - Listener at 0.0.0.0:15286
2024-02-10 23:48:11,529 [Socket Reader #1 for port 15286] INFO  ipc.Server (Server.java:run(1323)) - Starting Socket Reader #1 for port 15286
2024-02-10 23:48:11,531 [main] INFO  ozone.HddsDatanodeService (HddsDatanodeService.java:start(327)) - Datanode start with admins: [runner]
2024-02-10 23:48:11,531 [main] INFO  ozone.HddsDatanodeClientProtocolServer (HddsDatanodeClientProtocolServer.java:start(72)) - RPC server for Client /0.0.0.0:15286
2024-02-10 23:48:11,531 [IPC Server Responder] INFO  ipc.Server (Server.java:run(1562)) - IPC Server Responder: starting
2024-02-10 23:48:11,531 [IPC Server listener on 15286] INFO  ipc.Server (Server.java:run(1402)) - IPC Server listener on 15286: starting
2024-02-10 23:48:11,533 [73a2e683-eab9-4fa9-bf1b-2a740f4e4743-DatanodeStateMachineDaemonThread] INFO  statemachine.DatanodeStateMachine (DatanodeStateMachine.java:lambda$startDaemon$1(555)) - Ozone container server started.
2024-02-10 23:48:11,533 [main] WARN  dropwizard3.Dm3MetricRegistriesImpl (Dm3MetricRegistriesImpl.java:addReporterRegistration(113)) - New reporters are added after registries were created. Some metrics will be missing from the reporter. Please add reporter before adding any new registry.
2024-02-10 23:48:11,533 [main] WARN  dropwizard3.Dm3MetricRegistriesImpl (Dm3MetricRegistriesImpl.java:addReporterRegistration(113)) - New reporters are added after registries were created. Some metrics will be missing from the reporter. Please add reporter before adding any new registry.
2024-02-10 23:48:11,534 [main] INFO  impl.MetricsSystemImpl (MetricsSystemImpl.java:init(158)) - HddsDatanode metrics system started (again)
2024-02-10 23:48:11,537 [73a2e683-eab9-4fa9-bf1b-2a740f4e4743-DatanodeStateMachineTaskThread-0] INFO  datanode.InitDatanodeState (InitDatanodeState.java:persistContainerDatanodeDetails(139)) - DatanodeDetails is persisted to /home/runner/work/ozone/ozone/hadoop-ozone/integration-test/target/test-dir/MiniOzoneClusterImpl-da04a438-6ec0-4fc9-9b2e-e93c90459920/datanode-1/meta/datanode.id
2024-02-10 23:48:11,543 [main] INFO  ozone.HddsDatanodeService (HddsDatanodeService.java:start(240)) - HddsDatanodeService host:fv-az886-285.zcyxlggriy4uppruju113mie5f.cx.internal.cloudapp.net ip:10.1.0.12
2024-02-10 23:48:11,558 [main] INFO  upgrade.AbstractLayoutVersionManager (AbstractLayoutVersionManager.java:init(83)) - Initializing Layout version manager with metadata layout = HADOOP_PRC_PORTS_IN_DATANODEDETAILS (version = 7), software layout = HADOOP_PRC_PORTS_IN_DATANODEDETAILS (version = 7)
2024-02-10 23:48:11,558 [main] INFO  statemachine.DatanodeStateMachine (DatanodeStateMachine.java:getEndPointTaskThreadPoolSize(299)) - Datanode State Machine Task Thread Pool size 2
2024-02-10 23:48:11,559 [main] INFO  volume.HddsVolume (HddsVolume.java:<init>(125)) - Creating HddsVolume: /home/runner/work/ozone/ozone/hadoop-ozone/integration-test/target/test-dir/MiniOzoneClusterImpl-da04a438-6ec0-4fc9-9b2e-e93c90459920/datanode-2/data-0/containers/hdds of storage type : DISK capacity : 9223372036854775807
2024-02-10 23:48:11,559 [main] INFO  volume.MutableVolumeSet (MutableVolumeSet.java:initializeVolumeSet(173)) - Added Volume : /home/runner/work/ozone/ozone/hadoop-ozone/integration-test/target/test-dir/MiniOzoneClusterImpl-da04a438-6ec0-4fc9-9b2e-e93c90459920/datanode-2/data-0/containers/hdds to VolumeSet
2024-02-10 23:48:11,560 [main] INFO  volume.MutableVolumeSet (MutableVolumeSet.java:initializeVolumeSet(173)) - Added Volume : /home/runner/work/ozone/ozone/hadoop-ozone/integration-test/target/test-dir/MiniOzoneClusterImpl-da04a438-6ec0-4fc9-9b2e-e93c90459920/datanode-2/data/ratis to VolumeSet
2024-02-10 23:48:11,561 [main] INFO  ozoneimpl.OzoneContainer (HddsVolumeUtil.java:loadAllHddsVolumeDbStore(103)) - Load 1 volumes DbStore cost: 0ms
2024-02-10 23:48:11,562 [main] INFO  server.RaftServer (ConfUtils.java:logGet(46)) - raft.rpc.type = GRPC (default)
2024-02-10 23:48:11,563 [main] INFO  grpc.GrpcConfigKeys (ConfUtils.java:logFallback(53)) - raft.grpc.admin.host = null (fallback to raft.grpc.server.host)
2024-02-10 23:48:11,563 [main] INFO  grpc.GrpcConfigKeys (ConfUtils.java:logGet(46)) - raft.grpc.admin.port = 15298 (custom)
2024-02-10 23:48:11,563 [main] INFO  grpc.GrpcConfigKeys (ConfUtils.java:logFallback(53)) - raft.grpc.client.host = null (fallback to raft.grpc.server.host)
2024-02-10 23:48:11,563 [main] INFO  grpc.GrpcConfigKeys (ConfUtils.java:logGet(46)) - raft.grpc.client.port = 15297 (custom)
2024-02-10 23:48:11,563 [main] INFO  grpc.GrpcConfigKeys (ConfUtils.java:logGet(46)) - raft.grpc.server.host = null (default)
2024-02-10 23:48:11,564 [main] INFO  grpc.GrpcConfigKeys (ConfUtils.java:logGet(46)) - raft.grpc.server.port = 15299 (custom)
2024-02-10 23:48:11,564 [main] INFO  server.GrpcService (ConfUtils.java:logGet(46)) - raft.grpc.message.size.max = 32MB (=33554432) (custom)
2024-02-10 23:48:11,564 [main] INFO  server.RaftServerConfigKeys (ConfUtils.java:logGet(46)) - raft.server.log.appender.buffer.byte-limit = 8388608 (custom)
2024-02-10 23:48:11,564 [main] INFO  server.GrpcService (ConfUtils.java:logGet(46)) - raft.grpc.flow.control.window = 5MB (=5242880) (custom)
2024-02-10 23:48:11,564 [main] INFO  server.RaftServerConfigKeys (ConfUtils.java:logGet(46)) - raft.server.rpc.request.timeout = 3000ms (default)
2024-02-10 23:48:11,565 [main] INFO  grpc.GrpcConfigKeys (ConfUtils.java:logGet(46)) - raft.grpc.server.heartbeat.channel = true (default)
2024-02-10 23:48:11,565 [main] INFO  grpc.GrpcConfigKeys (ConfUtils.java:logGet(46)) - raft.grpc.server.async.request.thread.pool.cached = true (default)
2024-02-10 23:48:11,565 [main] INFO  grpc.GrpcConfigKeys (ConfUtils.java:logGet(46)) - raft.grpc.server.async.request.thread.pool.size = 32 (default)
2024-02-10 23:48:11,567 [main] INFO  impl.DataStreamServerImpl (ConfUtils.java:logGet(46)) - raft.datastream.type = NETTY (custom)
2024-02-10 23:48:11,567 [main] INFO  server.RaftServerConfigKeys (ConfUtils.java:logGet(46)) - raft.server.data-stream.async.request.thread.pool.cached = false (default)
2024-02-10 23:48:11,568 [main] INFO  server.RaftServerConfigKeys (ConfUtils.java:logGet(46)) - raft.server.data-stream.async.request.thread.pool.size = 20 (custom)
2024-02-10 23:48:11,568 [main] INFO  server.RaftServerConfigKeys (ConfUtils.java:logGet(46)) - raft.server.data-stream.async.write.thread.pool.size = 16 (default)
2024-02-10 23:48:11,568 [main] INFO  netty.NettyConfigKeys$DataStream (ConfUtils.java:logGet(46)) - raft.netty.dataStream.server.channel.inactive.grace-period = 10min (default)
2024-02-10 23:48:11,568 [main] INFO  server.RaftServerConfigKeys (ConfUtils.java:logGet(46)) - raft.server.data-stream.client.pool.size = 10 (default)
2024-02-10 23:48:11,569 [main] INFO  netty.NettyConfigKeys$DataStream (ConfUtils.java:logGet(46)) - raft.netty.dataStream.server.use-epoll = true (default)
2024-02-10 23:48:11,569 [main] INFO  netty.NettyConfigKeys$DataStream (ConfUtils.java:logGet(46)) - raft.netty.dataStream.server.boss-group.size = 0 (default)
2024-02-10 23:48:11,569 [main] INFO  netty.NettyUtils (NettyUtils.java:newEventLoopGroup(69)) - Create EpollEventLoopGroup for 5708a1f9-d8fb-4b3a-b759-64b1395b16e1-NettyServerStreamRpc-bossGroup; Thread size is 0.
2024-02-10 23:48:11,569 [main] INFO  netty.NettyConfigKeys$DataStream (ConfUtils.java:logGet(46)) - raft.netty.dataStream.server.worker-group.size = 0 (default)
2024-02-10 23:48:11,570 [main] INFO  netty.NettyUtils (NettyUtils.java:newEventLoopGroup(69)) - Create EpollEventLoopGroup for 5708a1f9-d8fb-4b3a-b759-64b1395b16e1-NettyServerStreamRpc-workerGroup; Thread size is 0.
2024-02-10 23:48:11,570 [main] INFO  netty.NettyConfigKeys$DataStream (ConfUtils.java:logGet(46)) - raft.netty.dataStream.server.tls.conf = null (default)
2024-02-10 23:48:11,570 [main] INFO  netty.NettyConfigKeys$DataStream (ConfUtils.java:logGet(46)) - raft.netty.dataStream.host = null (default)
2024-02-10 23:48:11,570 [main] INFO  netty.NettyConfigKeys$DataStream (ConfUtils.java:logGet(46)) - raft.netty.dataStream.port = 15300 (custom)
2024-02-10 23:48:11,572 [main] INFO  server.RaftServerConfigKeys (ConfUtils.java:logGet(46)) - raft.server.sleep.deviation.threshold = 300ms (default)
2024-02-10 23:48:11,572 [main] INFO  server.RaftServerConfigKeys (ConfUtils.java:logGet(46)) - raft.server.close.threshold = 60s (default)
2024-02-10 23:48:11,572 [main] INFO  server.RaftServerConfigKeys (ConfUtils.java:logGet(46)) - raft.server.leaderelection.leader.step-down.wait-time = 10s (default)
2024-02-10 23:48:11,572 [main] INFO  server.RaftServerConfigKeys (ConfUtils.java:logGet(46)) - raft.server.storage.dir = [/home/runner/work/ozone/ozone/hadoop-ozone/integration-test/target/test-dir/MiniOzoneClusterImpl-da04a438-6ec0-4fc9-9b2e-e93c90459920/datanode-2/data/ratis] (custom)
2024-02-10 23:48:11,573 [main] INFO  server.RaftServerConfigKeys (ConfUtils.java:logGet(46)) - raft.server.threadpool.proxy.cached = true (default)
2024-02-10 23:48:11,573 [main] INFO  server.RaftServerConfigKeys (ConfUtils.java:logGet(46)) - raft.server.threadpool.proxy.size = 0 (default)
2024-02-10 23:48:11,573 [5708a1f9-d8fb-4b3a-b759-64b1395b16e1-impl-thread1] INFO  server.RaftServer (RaftServerProxy.java:initGroupDir(264)) - 5708a1f9-d8fb-4b3a-b759-64b1395b16e1: found a subdirectory /home/runner/work/ozone/ozone/hadoop-ozone/integration-test/target/test-dir/MiniOzoneClusterImpl-da04a438-6ec0-4fc9-9b2e-e93c90459920/datanode-2/data/ratis/tmp
2024-02-10 23:48:11,573 [5708a1f9-d8fb-4b3a-b759-64b1395b16e1-NettyServerStreamRpc-bossGroup--thread1] INFO  logging.LoggingHandler (AbstractInternalLogger.java:log(148)) - [id: 0xf7f67b0a] REGISTERED
2024-02-10 23:48:11,574 [5708a1f9-d8fb-4b3a-b759-64b1395b16e1-NettyServerStreamRpc-bossGroup--thread1] INFO  logging.LoggingHandler (AbstractInternalLogger.java:log(148)) - [id: 0xf7f67b0a] BIND: 0.0.0.0/0.0.0.0:15300
2024-02-10 23:48:11,574 [5708a1f9-d8fb-4b3a-b759-64b1395b16e1-NettyServerStreamRpc-bossGroup--thread1] INFO  logging.LoggingHandler (AbstractInternalLogger.java:log(148)) - [id: 0xf7f67b0a, L:/0.0.0.0:15300] ACTIVE
2024-02-10 23:48:11,573 [5708a1f9-d8fb-4b3a-b759-64b1395b16e1-impl-thread1] INFO  server.RaftServer (RaftServerProxy.java:initGroupDir(269)) - 5708a1f9-d8fb-4b3a-b759-64b1395b16e1: The directory /home/runner/work/ozone/ozone/hadoop-ozone/integration-test/target/test-dir/MiniOzoneClusterImpl-da04a438-6ec0-4fc9-9b2e-e93c90459920/datanode-2/data/ratis/tmp is not a group directory; ignoring it. 
2024-02-10 23:48:11,574 [main] INFO  replication.ReplicationServer (ReplicationServer.java:<init>(86)) - Initializing replication server with thread count = 10 queue length = 4096
2024-02-10 23:48:11,575 [main] INFO  server.XceiverServerGrpc (XceiverServerGrpc.java:<init>(141)) - GrpcServer channel type EpollServerSocketChannel
2024-02-10 23:48:11,576 [main] INFO  replication.ReplicationSupervisor (ReplicationSupervisor.java:build(163)) - Initializing replication supervisor with thread count = 10
2024-02-10 23:48:11,576 [main] INFO  replication.ReplicationSupervisor (ReplicationSupervisor.java:nodeStateUpdated(317)) - Node state updated to IN_SERVICE, scaling executor pool size to 10
2024-02-10 23:48:11,581 [main] INFO  http.BaseHttpServer (BaseHttpServer.java:newHttpServer2BuilderForOzone(223)) - Starting Web-server for hddsDatanode at: http://0.0.0.0:15294
2024-02-10 23:48:11,581 [main] INFO  http.BaseHttpServer (BaseHttpServer.java:<init>(110)) - Hadoop Security Enabled: false Ozone Security Enabled: false Ozone HTTP Security Enabled: false 
2024-02-10 23:48:11,582 [main] WARN  server.AuthenticationFilter (AuthenticationFilter.java:constructSecretProvider(240)) - Unable to initialize FileSignerSecretProvider, falling back to use random secrets. Reason: Could not read signature secret file: /home/runner/hadoop-http-auth-signature-secret
2024-02-10 23:48:11,584 [main] INFO  http.HttpRequestLog (HttpRequestLog.java:getRequestLog(86)) - Http request log for http.requests.hddsDatanode is not defined
2024-02-10 23:48:11,585 [main] INFO  http.HttpServer2 (HttpServer2.java:addGlobalFilter(1036)) - Added global filter 'safety' (class=org.apache.hadoop.hdds.server.http.HttpServer2$QuotingInputFilter)
2024-02-10 23:48:11,585 [main] INFO  http.HttpServer2 (HttpServer2.java:addFilter(1012)) - Added filter static_user_filter (class=org.apache.hadoop.http.lib.StaticUserWebFilter$StaticUserFilter) to context hddsDatanode
2024-02-10 23:48:11,586 [main] INFO  http.HttpServer2 (HttpServer2.java:addFilter(1020)) - Added filter static_user_filter (class=org.apache.hadoop.http.lib.StaticUserWebFilter$StaticUserFilter) to context static
2024-02-10 23:48:11,586 [main] INFO  http.HttpServer2 (HttpServer2.java:addFilter(1020)) - Added filter static_user_filter (class=org.apache.hadoop.http.lib.StaticUserWebFilter$StaticUserFilter) to context logs
2024-02-10 23:48:11,586 [main] INFO  http.BaseHttpServer (BaseHttpServer.java:<init>(189)) - HTTP server of hddsDatanode uses base directory /home/runner/work/ozone/ozone/hadoop-ozone/integration-test/target/test-dir/MiniOzoneClusterImpl-da04a438-6ec0-4fc9-9b2e-e93c90459920/datanode-2/meta/webserver
2024-02-10 23:48:11,587 [main] INFO  http.HttpServer2 (HttpServer2.java:bindListener(1236)) - Jetty bound to port 15294
2024-02-10 23:48:11,587 [main] INFO  server.Server (Server.java:doStart(375)) - jetty-9.4.53.v20231009; built: 2023-10-09T12:29:09.265Z; git: 27bde00a0b95a1d5bbee0eae7984f891d2d0f8c9; jvm 1.8.0_402-b06
2024-02-10 23:48:11,588 [main] INFO  server.session (DefaultSessionIdManager.java:doStart(334)) - DefaultSessionIdManager workerName=node0
2024-02-10 23:48:11,588 [main] INFO  server.session (DefaultSessionIdManager.java:doStart(339)) - No SessionScavenger set, using defaults
2024-02-10 23:48:11,588 [main] INFO  server.session (HouseKeeper.java:startScavenging(132)) - node0 Scavenging every 660000ms
2024-02-10 23:48:11,593 [main] INFO  handler.ContextHandler (ContextHandler.java:doStart(921)) - Started o.e.j.s.ServletContextHandler@126d6f18{logs,/logs,file:///home/runner/work/ozone/ozone/hadoop-ozone/integration-test/target/log,AVAILABLE}
2024-02-10 23:48:11,593 [main] INFO  handler.ContextHandler (ContextHandler.java:doStart(921)) - Started o.e.j.s.ServletContextHandler@415d089d{static,/static,jar:file:/home/runner/.m2/repository/org/apache/ozone/hdds-container-service/1.5.0-SNAPSHOT/hdds-container-service-1.5.0-SNAPSHOT.jar!/webapps/static,AVAILABLE}
2024-02-10 23:48:11,639 [main] INFO  handler.ContextHandler (ContextHandler.java:doStart(921)) - Started o.e.j.w.WebAppContext@1131112f{hddsDatanode,/,file:///home/runner/work/ozone/ozone/hadoop-ozone/integration-test/target/test-dir/MiniOzoneClusterImpl-da04a438-6ec0-4fc9-9b2e-e93c90459920/datanode-2/meta/webserver/jetty-0_0_0_0-15294-hdds-container-service-1_5_0-SNAPSHOT_jar-_-any-5111107692269200492/webapp/,AVAILABLE}{jar:file:/home/runner/.m2/repository/org/apache/ozone/hdds-container-service/1.5.0-SNAPSHOT/hdds-container-service-1.5.0-SNAPSHOT.jar!/webapps/hddsDatanode}
2024-02-10 23:48:11,641 [main] INFO  server.AbstractConnector (AbstractConnector.java:doStart(333)) - Started ServerConnector@3286f6eb{HTTP/1.1, (http/1.1)}{0.0.0.0:15294}
2024-02-10 23:48:11,641 [main] INFO  server.Server (Server.java:doStart(415)) - Started @115197ms
2024-02-10 23:48:11,641 [main] WARN  impl.MetricsSystemImpl (MetricsSystemImpl.java:register(279)) - Sink prometheus already exists!
2024-02-10 23:48:11,642 [main] INFO  http.BaseHttpServer (BaseHttpServer.java:updateConnectorAddress(354)) - HTTP server of hddsDatanode listening at http://0.0.0.0:15294
2024-02-10 23:48:11,642 [main] INFO  ipc.CallQueueManager (CallQueueManager.java:<init>(90)) - Using callQueue: class java.util.concurrent.LinkedBlockingQueue, queueCapacity: 100, scheduler: class org.apache.hadoop.ipc.DefaultRpcScheduler, ipcBackoff: false.
2024-02-10 23:48:11,642 [main] INFO  ipc.Server (Server.java:<init>(1287)) - Listener at 0.0.0.0:15295
2024-02-10 23:48:11,644 [Socket Reader #1 for port 15295] INFO  ipc.Server (Server.java:run(1323)) - Starting Socket Reader #1 for port 15295
2024-02-10 23:48:11,652 [main] INFO  ozone.HddsDatanodeService (HddsDatanodeService.java:start(327)) - Datanode start with admins: [runner]
2024-02-10 23:48:11,652 [main] INFO  ozone.HddsDatanodeClientProtocolServer (HddsDatanodeClientProtocolServer.java:start(72)) - RPC server for Client /0.0.0.0:15295
2024-02-10 23:48:11,652 [IPC Server Responder] INFO  ipc.Server (Server.java:run(1562)) - IPC Server Responder: starting
2024-02-10 23:48:11,653 [IPC Server listener on 15295] INFO  ipc.Server (Server.java:run(1402)) - IPC Server listener on 15295: starting
2024-02-10 23:48:11,653 [5708a1f9-d8fb-4b3a-b759-64b1395b16e1-DatanodeStateMachineDaemonThread] INFO  statemachine.DatanodeStateMachine (DatanodeStateMachine.java:lambda$startDaemon$1(555)) - Ozone container server started.
2024-02-10 23:48:11,653 [main] WARN  dropwizard3.Dm3MetricRegistriesImpl (Dm3MetricRegistriesImpl.java:addReporterRegistration(113)) - New reporters are added after registries were created. Some metrics will be missing from the reporter. Please add reporter before adding any new registry.
2024-02-10 23:48:11,655 [main] WARN  dropwizard3.Dm3MetricRegistriesImpl (Dm3MetricRegistriesImpl.java:addReporterRegistration(113)) - New reporters are added after registries were created. Some metrics will be missing from the reporter. Please add reporter before adding any new registry.
2024-02-10 23:48:11,655 [main] INFO  impl.MetricsSystemImpl (MetricsSystemImpl.java:init(158)) - HddsDatanode metrics system started (again)
2024-02-10 23:48:11,666 [main] INFO  ozone.HddsDatanodeService (HddsDatanodeService.java:start(240)) - HddsDatanodeService host:fv-az886-285.zcyxlggriy4uppruju113mie5f.cx.internal.cloudapp.net ip:10.1.0.12
2024-02-10 23:48:11,667 [5708a1f9-d8fb-4b3a-b759-64b1395b16e1-DatanodeStateMachineTaskThread-0] INFO  datanode.InitDatanodeState (InitDatanodeState.java:persistContainerDatanodeDetails(139)) - DatanodeDetails is persisted to /home/runner/work/ozone/ozone/hadoop-ozone/integration-test/target/test-dir/MiniOzoneClusterImpl-da04a438-6ec0-4fc9-9b2e-e93c90459920/datanode-2/meta/datanode.id
2024-02-10 23:48:11,688 [main] INFO  upgrade.AbstractLayoutVersionManager (AbstractLayoutVersionManager.java:init(83)) - Initializing Layout version manager with metadata layout = HADOOP_PRC_PORTS_IN_DATANODEDETAILS (version = 7), software layout = HADOOP_PRC_PORTS_IN_DATANODEDETAILS (version = 7)
2024-02-10 23:48:11,689 [main] INFO  statemachine.DatanodeStateMachine (DatanodeStateMachine.java:getEndPointTaskThreadPoolSize(299)) - Datanode State Machine Task Thread Pool size 2
2024-02-10 23:48:11,690 [main] INFO  volume.HddsVolume (HddsVolume.java:<init>(125)) - Creating HddsVolume: /home/runner/work/ozone/ozone/hadoop-ozone/integration-test/target/test-dir/MiniOzoneClusterImpl-da04a438-6ec0-4fc9-9b2e-e93c90459920/datanode-3/data-0/containers/hdds of storage type : DISK capacity : 9223372036854775807
2024-02-10 23:48:11,690 [main] INFO  volume.MutableVolumeSet (MutableVolumeSet.java:initializeVolumeSet(173)) - Added Volume : /home/runner/work/ozone/ozone/hadoop-ozone/integration-test/target/test-dir/MiniOzoneClusterImpl-da04a438-6ec0-4fc9-9b2e-e93c90459920/datanode-3/data-0/containers/hdds to VolumeSet
2024-02-10 23:48:11,690 [main] INFO  volume.MutableVolumeSet (MutableVolumeSet.java:initializeVolumeSet(173)) - Added Volume : /home/runner/work/ozone/ozone/hadoop-ozone/integration-test/target/test-dir/MiniOzoneClusterImpl-da04a438-6ec0-4fc9-9b2e-e93c90459920/datanode-3/data/ratis to VolumeSet
2024-02-10 23:48:11,691 [main] INFO  ozoneimpl.OzoneContainer (HddsVolumeUtil.java:loadAllHddsVolumeDbStore(103)) - Load 1 volumes DbStore cost: 0ms
2024-02-10 23:48:11,692 [main] INFO  server.RaftServer (ConfUtils.java:logGet(46)) - raft.rpc.type = GRPC (default)
2024-02-10 23:48:11,693 [main] INFO  grpc.GrpcConfigKeys (ConfUtils.java:logFallback(53)) - raft.grpc.admin.host = null (fallback to raft.grpc.server.host)
2024-02-10 23:48:11,693 [main] INFO  grpc.GrpcConfigKeys (ConfUtils.java:logGet(46)) - raft.grpc.admin.port = 15307 (custom)
2024-02-10 23:48:11,693 [main] INFO  grpc.GrpcConfigKeys (ConfUtils.java:logFallback(53)) - raft.grpc.client.host = null (fallback to raft.grpc.server.host)
2024-02-10 23:48:11,693 [main] INFO  grpc.GrpcConfigKeys (ConfUtils.java:logGet(46)) - raft.grpc.client.port = 15306 (custom)
2024-02-10 23:48:11,693 [main] INFO  grpc.GrpcConfigKeys (ConfUtils.java:logGet(46)) - raft.grpc.server.host = null (default)
2024-02-10 23:48:11,694 [main] INFO  grpc.GrpcConfigKeys (ConfUtils.java:logGet(46)) - raft.grpc.server.port = 15308 (custom)
2024-02-10 23:48:11,694 [main] INFO  server.GrpcService (ConfUtils.java:logGet(46)) - raft.grpc.message.size.max = 32MB (=33554432) (custom)
2024-02-10 23:48:11,694 [main] INFO  server.RaftServerConfigKeys (ConfUtils.java:logGet(46)) - raft.server.log.appender.buffer.byte-limit = 8388608 (custom)
2024-02-10 23:48:11,694 [main] INFO  server.GrpcService (ConfUtils.java:logGet(46)) - raft.grpc.flow.control.window = 5MB (=5242880) (custom)
2024-02-10 23:48:11,694 [main] INFO  server.RaftServerConfigKeys (ConfUtils.java:logGet(46)) - raft.server.rpc.request.timeout = 3000ms (default)
2024-02-10 23:48:11,695 [main] INFO  grpc.GrpcConfigKeys (ConfUtils.java:logGet(46)) - raft.grpc.server.heartbeat.channel = true (default)
2024-02-10 23:48:11,695 [main] INFO  grpc.GrpcConfigKeys (ConfUtils.java:logGet(46)) - raft.grpc.server.async.request.thread.pool.cached = true (default)
2024-02-10 23:48:11,695 [main] INFO  grpc.GrpcConfigKeys (ConfUtils.java:logGet(46)) - raft.grpc.server.async.request.thread.pool.size = 32 (default)
2024-02-10 23:48:11,697 [main] INFO  impl.DataStreamServerImpl (ConfUtils.java:logGet(46)) - raft.datastream.type = NETTY (custom)
2024-02-10 23:48:11,697 [main] INFO  server.RaftServerConfigKeys (ConfUtils.java:logGet(46)) - raft.server.data-stream.async.request.thread.pool.cached = false (default)
2024-02-10 23:48:11,697 [main] INFO  server.RaftServerConfigKeys (ConfUtils.java:logGet(46)) - raft.server.data-stream.async.request.thread.pool.size = 20 (custom)
2024-02-10 23:48:11,698 [main] INFO  server.RaftServerConfigKeys (ConfUtils.java:logGet(46)) - raft.server.data-stream.async.write.thread.pool.size = 16 (default)
2024-02-10 23:48:11,698 [main] INFO  netty.NettyConfigKeys$DataStream (ConfUtils.java:logGet(46)) - raft.netty.dataStream.server.channel.inactive.grace-period = 10min (default)
2024-02-10 23:48:11,698 [main] INFO  server.RaftServerConfigKeys (ConfUtils.java:logGet(46)) - raft.server.data-stream.client.pool.size = 10 (default)
2024-02-10 23:48:11,698 [main] INFO  netty.NettyConfigKeys$DataStream (ConfUtils.java:logGet(46)) - raft.netty.dataStream.server.use-epoll = true (default)
2024-02-10 23:48:11,698 [main] INFO  netty.NettyConfigKeys$DataStream (ConfUtils.java:logGet(46)) - raft.netty.dataStream.server.boss-group.size = 0 (default)
2024-02-10 23:48:11,699 [main] INFO  netty.NettyUtils (NettyUtils.java:newEventLoopGroup(69)) - Create EpollEventLoopGroup for d68bdd40-ff61-48f9-926d-424a561bf72d-NettyServerStreamRpc-bossGroup; Thread size is 0.
2024-02-10 23:48:11,699 [main] INFO  netty.NettyConfigKeys$DataStream (ConfUtils.java:logGet(46)) - raft.netty.dataStream.server.worker-group.size = 0 (default)
2024-02-10 23:48:11,699 [main] INFO  netty.NettyUtils (NettyUtils.java:newEventLoopGroup(69)) - Create EpollEventLoopGroup for d68bdd40-ff61-48f9-926d-424a561bf72d-NettyServerStreamRpc-workerGroup; Thread size is 0.
2024-02-10 23:48:11,700 [main] INFO  netty.NettyConfigKeys$DataStream (ConfUtils.java:logGet(46)) - raft.netty.dataStream.server.tls.conf = null (default)
2024-02-10 23:48:11,700 [main] INFO  netty.NettyConfigKeys$DataStream (ConfUtils.java:logGet(46)) - raft.netty.dataStream.host = null (default)
2024-02-10 23:48:11,700 [main] INFO  netty.NettyConfigKeys$DataStream (ConfUtils.java:logGet(46)) - raft.netty.dataStream.port = 15309 (custom)
2024-02-10 23:48:11,700 [main] INFO  server.RaftServerConfigKeys (ConfUtils.java:logGet(46)) - raft.server.sleep.deviation.threshold = 300ms (default)
2024-02-10 23:48:11,701 [main] INFO  server.RaftServerConfigKeys (ConfUtils.java:logGet(46)) - raft.server.close.threshold = 60s (default)
2024-02-10 23:48:11,701 [d68bdd40-ff61-48f9-926d-424a561bf72d-NettyServerStreamRpc-bossGroup--thread1] INFO  logging.LoggingHandler (AbstractInternalLogger.java:log(148)) - [id: 0x13d2cb58] REGISTERED
2024-02-10 23:48:11,701 [d68bdd40-ff61-48f9-926d-424a561bf72d-NettyServerStreamRpc-bossGroup--thread1] INFO  logging.LoggingHandler (AbstractInternalLogger.java:log(148)) - [id: 0x13d2cb58] BIND: 0.0.0.0/0.0.0.0:15309
2024-02-10 23:48:11,701 [d68bdd40-ff61-48f9-926d-424a561bf72d-NettyServerStreamRpc-bossGroup--thread1] INFO  logging.LoggingHandler (AbstractInternalLogger.java:log(148)) - [id: 0x13d2cb58, L:/0.0.0.0:15309] ACTIVE
2024-02-10 23:48:11,701 [main] INFO  server.RaftServerConfigKeys (ConfUtils.java:logGet(46)) - raft.server.leaderelection.leader.step-down.wait-time = 10s (default)
2024-02-10 23:48:11,702 [main] INFO  server.RaftServerConfigKeys (ConfUtils.java:logGet(46)) - raft.server.storage.dir = [/home/runner/work/ozone/ozone/hadoop-ozone/integration-test/target/test-dir/MiniOzoneClusterImpl-da04a438-6ec0-4fc9-9b2e-e93c90459920/datanode-3/data/ratis] (custom)
2024-02-10 23:48:11,702 [main] INFO  server.RaftServerConfigKeys (ConfUtils.java:logGet(46)) - raft.server.threadpool.proxy.cached = true (default)
2024-02-10 23:48:11,702 [main] INFO  server.RaftServerConfigKeys (ConfUtils.java:logGet(46)) - raft.server.threadpool.proxy.size = 0 (default)
2024-02-10 23:48:11,702 [d68bdd40-ff61-48f9-926d-424a561bf72d-impl-thread1] INFO  server.RaftServer (RaftServerProxy.java:initGroupDir(264)) - d68bdd40-ff61-48f9-926d-424a561bf72d: found a subdirectory /home/runner/work/ozone/ozone/hadoop-ozone/integration-test/target/test-dir/MiniOzoneClusterImpl-da04a438-6ec0-4fc9-9b2e-e93c90459920/datanode-3/data/ratis/tmp
2024-02-10 23:48:11,702 [d68bdd40-ff61-48f9-926d-424a561bf72d-impl-thread1] INFO  server.RaftServer (RaftServerProxy.java:initGroupDir(269)) - d68bdd40-ff61-48f9-926d-424a561bf72d: The directory /home/runner/work/ozone/ozone/hadoop-ozone/integration-test/target/test-dir/MiniOzoneClusterImpl-da04a438-6ec0-4fc9-9b2e-e93c90459920/datanode-3/data/ratis/tmp is not a group directory; ignoring it. 
2024-02-10 23:48:11,703 [main] INFO  replication.ReplicationServer (ReplicationServer.java:<init>(86)) - Initializing replication server with thread count = 10 queue length = 4096
2024-02-10 23:48:11,703 [main] INFO  server.XceiverServerGrpc (XceiverServerGrpc.java:<init>(141)) - GrpcServer channel type EpollServerSocketChannel
2024-02-10 23:48:11,704 [main] INFO  replication.ReplicationSupervisor (ReplicationSupervisor.java:build(163)) - Initializing replication supervisor with thread count = 10
2024-02-10 23:48:11,704 [main] INFO  replication.ReplicationSupervisor (ReplicationSupervisor.java:nodeStateUpdated(317)) - Node state updated to IN_SERVICE, scaling executor pool size to 10
2024-02-10 23:48:11,706 [main] INFO  http.BaseHttpServer (BaseHttpServer.java:newHttpServer2BuilderForOzone(223)) - Starting Web-server for hddsDatanode at: http://0.0.0.0:15303
2024-02-10 23:48:11,706 [main] INFO  http.BaseHttpServer (BaseHttpServer.java:<init>(110)) - Hadoop Security Enabled: false Ozone Security Enabled: false Ozone HTTP Security Enabled: false 
2024-02-10 23:48:11,707 [main] WARN  server.AuthenticationFilter (AuthenticationFilter.java:constructSecretProvider(240)) - Unable to initialize FileSignerSecretProvider, falling back to use random secrets. Reason: Could not read signature secret file: /home/runner/hadoop-http-auth-signature-secret
2024-02-10 23:48:11,707 [main] INFO  http.HttpRequestLog (HttpRequestLog.java:getRequestLog(86)) - Http request log for http.requests.hddsDatanode is not defined
2024-02-10 23:48:11,708 [main] INFO  http.HttpServer2 (HttpServer2.java:addGlobalFilter(1036)) - Added global filter 'safety' (class=org.apache.hadoop.hdds.server.http.HttpServer2$QuotingInputFilter)
2024-02-10 23:48:11,708 [main] INFO  http.HttpServer2 (HttpServer2.java:addFilter(1012)) - Added filter static_user_filter (class=org.apache.hadoop.http.lib.StaticUserWebFilter$StaticUserFilter) to context hddsDatanode
2024-02-10 23:48:11,709 [main] INFO  http.HttpServer2 (HttpServer2.java:addFilter(1020)) - Added filter static_user_filter (class=org.apache.hadoop.http.lib.StaticUserWebFilter$StaticUserFilter) to context static
2024-02-10 23:48:11,709 [main] INFO  http.HttpServer2 (HttpServer2.java:addFilter(1020)) - Added filter static_user_filter (class=org.apache.hadoop.http.lib.StaticUserWebFilter$StaticUserFilter) to context logs
2024-02-10 23:48:11,709 [main] INFO  http.BaseHttpServer (BaseHttpServer.java:<init>(189)) - HTTP server of hddsDatanode uses base directory /home/runner/work/ozone/ozone/hadoop-ozone/integration-test/target/test-dir/MiniOzoneClusterImpl-da04a438-6ec0-4fc9-9b2e-e93c90459920/datanode-3/meta/webserver
2024-02-10 23:48:11,710 [main] INFO  http.HttpServer2 (HttpServer2.java:bindListener(1236)) - Jetty bound to port 15303
2024-02-10 23:48:11,710 [main] INFO  server.Server (Server.java:doStart(375)) - jetty-9.4.53.v20231009; built: 2023-10-09T12:29:09.265Z; git: 27bde00a0b95a1d5bbee0eae7984f891d2d0f8c9; jvm 1.8.0_402-b06
2024-02-10 23:48:11,711 [main] INFO  server.session (DefaultSessionIdManager.java:doStart(334)) - DefaultSessionIdManager workerName=node0
2024-02-10 23:48:11,711 [main] INFO  server.session (DefaultSessionIdManager.java:doStart(339)) - No SessionScavenger set, using defaults
2024-02-10 23:48:11,712 [main] INFO  server.session (HouseKeeper.java:startScavenging(132)) - node0 Scavenging every 660000ms
2024-02-10 23:48:11,712 [main] INFO  handler.ContextHandler (ContextHandler.java:doStart(921)) - Started o.e.j.s.ServletContextHandler@74865c8a{logs,/logs,file:///home/runner/work/ozone/ozone/hadoop-ozone/integration-test/target/log,AVAILABLE}
2024-02-10 23:48:11,712 [main] INFO  handler.ContextHandler (ContextHandler.java:doStart(921)) - Started o.e.j.s.ServletContextHandler@62869abc{static,/static,jar:file:/home/runner/.m2/repository/org/apache/ozone/hdds-container-service/1.5.0-SNAPSHOT/hdds-container-service-1.5.0-SNAPSHOT.jar!/webapps/static,AVAILABLE}
2024-02-10 23:48:11,744 [main] INFO  handler.ContextHandler (ContextHandler.java:doStart(921)) - Started o.e.j.w.WebAppContext@c38b88{hddsDatanode,/,file:///home/runner/work/ozone/ozone/hadoop-ozone/integration-test/target/test-dir/MiniOzoneClusterImpl-da04a438-6ec0-4fc9-9b2e-e93c90459920/datanode-3/meta/webserver/jetty-0_0_0_0-15303-hdds-container-service-1_5_0-SNAPSHOT_jar-_-any-7002418975720496491/webapp/,AVAILABLE}{jar:file:/home/runner/.m2/repository/org/apache/ozone/hdds-container-service/1.5.0-SNAPSHOT/hdds-container-service-1.5.0-SNAPSHOT.jar!/webapps/hddsDatanode}
2024-02-10 23:48:11,746 [main] INFO  server.AbstractConnector (AbstractConnector.java:doStart(333)) - Started ServerConnector@5b9d55db{HTTP/1.1, (http/1.1)}{0.0.0.0:15303}
2024-02-10 23:48:11,746 [main] INFO  server.Server (Server.java:doStart(415)) - Started @115302ms
2024-02-10 23:48:11,746 [main] WARN  impl.MetricsSystemImpl (MetricsSystemImpl.java:register(279)) - Sink prometheus already exists!
2024-02-10 23:48:11,747 [main] INFO  http.BaseHttpServer (BaseHttpServer.java:updateConnectorAddress(354)) - HTTP server of hddsDatanode listening at http://0.0.0.0:15303
2024-02-10 23:48:11,747 [main] INFO  ipc.CallQueueManager (CallQueueManager.java:<init>(90)) - Using callQueue: class java.util.concurrent.LinkedBlockingQueue, queueCapacity: 100, scheduler: class org.apache.hadoop.ipc.DefaultRpcScheduler, ipcBackoff: false.
2024-02-10 23:48:11,747 [main] INFO  ipc.Server (Server.java:<init>(1287)) - Listener at 0.0.0.0:15304
2024-02-10 23:48:11,747 [Socket Reader #1 for port 15304] INFO  ipc.Server (Server.java:run(1323)) - Starting Socket Reader #1 for port 15304
2024-02-10 23:48:11,749 [main] INFO  ozone.HddsDatanodeService (HddsDatanodeService.java:start(327)) - Datanode start with admins: [runner]
2024-02-10 23:48:11,749 [main] INFO  ozone.HddsDatanodeClientProtocolServer (HddsDatanodeClientProtocolServer.java:start(72)) - RPC server for Client /0.0.0.0:15304
2024-02-10 23:48:11,750 [IPC Server Responder] INFO  ipc.Server (Server.java:run(1562)) - IPC Server Responder: starting
2024-02-10 23:48:11,750 [IPC Server listener on 15304] INFO  ipc.Server (Server.java:run(1402)) - IPC Server listener on 15304: starting
2024-02-10 23:48:11,751 [d68bdd40-ff61-48f9-926d-424a561bf72d-DatanodeStateMachineDaemonThread] INFO  statemachine.DatanodeStateMachine (DatanodeStateMachine.java:lambda$startDaemon$1(555)) - Ozone container server started.
2024-02-10 23:48:11,751 [main] WARN  dropwizard3.Dm3MetricRegistriesImpl (Dm3MetricRegistriesImpl.java:addReporterRegistration(113)) - New reporters are added after registries were created. Some metrics will be missing from the reporter. Please add reporter before adding any new registry.
2024-02-10 23:48:11,752 [main] WARN  dropwizard3.Dm3MetricRegistriesImpl (Dm3MetricRegistriesImpl.java:addReporterRegistration(113)) - New reporters are added after registries were created. Some metrics will be missing from the reporter. Please add reporter before adding any new registry.
2024-02-10 23:48:11,753 [main] INFO  impl.MetricsSystemImpl (MetricsSystemImpl.java:init(158)) - HddsDatanode metrics system started (again)
2024-02-10 23:48:11,761 [d68bdd40-ff61-48f9-926d-424a561bf72d-DatanodeStateMachineTaskThread-0] INFO  datanode.InitDatanodeState (InitDatanodeState.java:persistContainerDatanodeDetails(139)) - DatanodeDetails is persisted to /home/runner/work/ozone/ozone/hadoop-ozone/integration-test/target/test-dir/MiniOzoneClusterImpl-da04a438-6ec0-4fc9-9b2e-e93c90459920/datanode-3/meta/datanode.id
2024-02-10 23:48:11,762 [main] INFO  ozone.HddsDatanodeService (HddsDatanodeService.java:start(240)) - HddsDatanodeService host:fv-az886-285.zcyxlggriy4uppruju113mie5f.cx.internal.cloudapp.net ip:10.1.0.12
2024-02-10 23:48:11,779 [main] INFO  upgrade.AbstractLayoutVersionManager (AbstractLayoutVersionManager.java:init(83)) - Initializing Layout version manager with metadata layout = HADOOP_PRC_PORTS_IN_DATANODEDETAILS (version = 7), software layout = HADOOP_PRC_PORTS_IN_DATANODEDETAILS (version = 7)
2024-02-10 23:48:11,779 [main] INFO  statemachine.DatanodeStateMachine (DatanodeStateMachine.java:getEndPointTaskThreadPoolSize(299)) - Datanode State Machine Task Thread Pool size 2
2024-02-10 23:48:11,780 [main] INFO  volume.HddsVolume (HddsVolume.java:<init>(125)) - Creating HddsVolume: /home/runner/work/ozone/ozone/hadoop-ozone/integration-test/target/test-dir/MiniOzoneClusterImpl-da04a438-6ec0-4fc9-9b2e-e93c90459920/datanode-4/data-0/containers/hdds of storage type : DISK capacity : 9223372036854775807
2024-02-10 23:48:11,780 [main] INFO  volume.MutableVolumeSet (MutableVolumeSet.java:initializeVolumeSet(173)) - Added Volume : /home/runner/work/ozone/ozone/hadoop-ozone/integration-test/target/test-dir/MiniOzoneClusterImpl-da04a438-6ec0-4fc9-9b2e-e93c90459920/datanode-4/data-0/containers/hdds to VolumeSet
2024-02-10 23:48:11,781 [main] INFO  volume.MutableVolumeSet (MutableVolumeSet.java:initializeVolumeSet(173)) - Added Volume : /home/runner/work/ozone/ozone/hadoop-ozone/integration-test/target/test-dir/MiniOzoneClusterImpl-da04a438-6ec0-4fc9-9b2e-e93c90459920/datanode-4/data/ratis to VolumeSet
2024-02-10 23:48:11,781 [main] INFO  ozoneimpl.OzoneContainer (HddsVolumeUtil.java:loadAllHddsVolumeDbStore(103)) - Load 1 volumes DbStore cost: 0ms
2024-02-10 23:48:11,783 [main] INFO  server.RaftServer (ConfUtils.java:logGet(46)) - raft.rpc.type = GRPC (default)
2024-02-10 23:48:11,783 [main] INFO  grpc.GrpcConfigKeys (ConfUtils.java:logFallback(53)) - raft.grpc.admin.host = null (fallback to raft.grpc.server.host)
2024-02-10 23:48:11,783 [main] INFO  grpc.GrpcConfigKeys (ConfUtils.java:logGet(46)) - raft.grpc.admin.port = 15316 (custom)
2024-02-10 23:48:11,783 [main] INFO  grpc.GrpcConfigKeys (ConfUtils.java:logFallback(53)) - raft.grpc.client.host = null (fallback to raft.grpc.server.host)
2024-02-10 23:48:11,784 [main] INFO  grpc.GrpcConfigKeys (ConfUtils.java:logGet(46)) - raft.grpc.client.port = 15315 (custom)
2024-02-10 23:48:11,784 [main] INFO  grpc.GrpcConfigKeys (ConfUtils.java:logGet(46)) - raft.grpc.server.host = null (default)
2024-02-10 23:48:11,784 [main] INFO  grpc.GrpcConfigKeys (ConfUtils.java:logGet(46)) - raft.grpc.server.port = 15317 (custom)
2024-02-10 23:48:11,784 [main] INFO  server.GrpcService (ConfUtils.java:logGet(46)) - raft.grpc.message.size.max = 32MB (=33554432) (custom)
2024-02-10 23:48:11,784 [main] INFO  server.RaftServerConfigKeys (ConfUtils.java:logGet(46)) - raft.server.log.appender.buffer.byte-limit = 8388608 (custom)
2024-02-10 23:48:11,785 [main] INFO  server.GrpcService (ConfUtils.java:logGet(46)) - raft.grpc.flow.control.window = 5MB (=5242880) (custom)
2024-02-10 23:48:11,785 [main] INFO  server.RaftServerConfigKeys (ConfUtils.java:logGet(46)) - raft.server.rpc.request.timeout = 3000ms (default)
2024-02-10 23:48:11,785 [main] INFO  grpc.GrpcConfigKeys (ConfUtils.java:logGet(46)) - raft.grpc.server.heartbeat.channel = true (default)
2024-02-10 23:48:11,785 [main] INFO  grpc.GrpcConfigKeys (ConfUtils.java:logGet(46)) - raft.grpc.server.async.request.thread.pool.cached = true (default)
2024-02-10 23:48:11,785 [main] INFO  grpc.GrpcConfigKeys (ConfUtils.java:logGet(46)) - raft.grpc.server.async.request.thread.pool.size = 32 (default)
2024-02-10 23:48:11,787 [main] INFO  impl.DataStreamServerImpl (ConfUtils.java:logGet(46)) - raft.datastream.type = NETTY (custom)
2024-02-10 23:48:11,787 [main] INFO  server.RaftServerConfigKeys (ConfUtils.java:logGet(46)) - raft.server.data-stream.async.request.thread.pool.cached = false (default)
2024-02-10 23:48:11,788 [main] INFO  server.RaftServerConfigKeys (ConfUtils.java:logGet(46)) - raft.server.data-stream.async.request.thread.pool.size = 20 (custom)
2024-02-10 23:48:11,788 [main] INFO  server.RaftServerConfigKeys (ConfUtils.java:logGet(46)) - raft.server.data-stream.async.write.thread.pool.size = 16 (default)
2024-02-10 23:48:11,788 [main] INFO  netty.NettyConfigKeys$DataStream (ConfUtils.java:logGet(46)) - raft.netty.dataStream.server.channel.inactive.grace-period = 10min (default)
2024-02-10 23:48:11,788 [main] INFO  server.RaftServerConfigKeys (ConfUtils.java:logGet(46)) - raft.server.data-stream.client.pool.size = 10 (default)
2024-02-10 23:48:11,788 [main] INFO  netty.NettyConfigKeys$DataStream (ConfUtils.java:logGet(46)) - raft.netty.dataStream.server.use-epoll = true (default)
2024-02-10 23:48:11,789 [main] INFO  netty.NettyConfigKeys$DataStream (ConfUtils.java:logGet(46)) - raft.netty.dataStream.server.boss-group.size = 0 (default)
2024-02-10 23:48:11,789 [main] INFO  netty.NettyUtils (NettyUtils.java:newEventLoopGroup(69)) - Create EpollEventLoopGroup for 5d086814-e92a-437f-854d-775872ea30b8-NettyServerStreamRpc-bossGroup; Thread size is 0.
2024-02-10 23:48:11,789 [main] INFO  netty.NettyConfigKeys$DataStream (ConfUtils.java:logGet(46)) - raft.netty.dataStream.server.worker-group.size = 0 (default)
2024-02-10 23:48:11,789 [main] INFO  netty.NettyUtils (NettyUtils.java:newEventLoopGroup(69)) - Create EpollEventLoopGroup for 5d086814-e92a-437f-854d-775872ea30b8-NettyServerStreamRpc-workerGroup; Thread size is 0.
2024-02-10 23:48:11,790 [main] INFO  netty.NettyConfigKeys$DataStream (ConfUtils.java:logGet(46)) - raft.netty.dataStream.server.tls.conf = null (default)
2024-02-10 23:48:11,790 [main] INFO  netty.NettyConfigKeys$DataStream (ConfUtils.java:logGet(46)) - raft.netty.dataStream.host = null (default)
2024-02-10 23:48:11,790 [main] INFO  netty.NettyConfigKeys$DataStream (ConfUtils.java:logGet(46)) - raft.netty.dataStream.port = 15318 (custom)
2024-02-10 23:48:11,790 [main] INFO  server.RaftServerConfigKeys (ConfUtils.java:logGet(46)) - raft.server.sleep.deviation.threshold = 300ms (default)
2024-02-10 23:48:11,791 [main] INFO  server.RaftServerConfigKeys (ConfUtils.java:logGet(46)) - raft.server.close.threshold = 60s (default)
2024-02-10 23:48:11,791 [main] INFO  server.RaftServerConfigKeys (ConfUtils.java:logGet(46)) - raft.server.leaderelection.leader.step-down.wait-time = 10s (default)
2024-02-10 23:48:11,791 [5d086814-e92a-437f-854d-775872ea30b8-NettyServerStreamRpc-bossGroup--thread1] INFO  logging.LoggingHandler (AbstractInternalLogger.java:log(148)) - [id: 0xe2b9c3bb] REGISTERED
2024-02-10 23:48:11,791 [main] INFO  server.RaftServerConfigKeys (ConfUtils.java:logGet(46)) - raft.server.storage.dir = [/home/runner/work/ozone/ozone/hadoop-ozone/integration-test/target/test-dir/MiniOzoneClusterImpl-da04a438-6ec0-4fc9-9b2e-e93c90459920/datanode-4/data/ratis] (custom)
2024-02-10 23:48:11,791 [5d086814-e92a-437f-854d-775872ea30b8-NettyServerStreamRpc-bossGroup--thread1] INFO  logging.LoggingHandler (AbstractInternalLogger.java:log(148)) - [id: 0xe2b9c3bb] BIND: 0.0.0.0/0.0.0.0:15318
2024-02-10 23:48:11,791 [main] INFO  server.RaftServerConfigKeys (ConfUtils.java:logGet(46)) - raft.server.threadpool.proxy.cached = true (default)
2024-02-10 23:48:11,791 [main] INFO  server.RaftServerConfigKeys (ConfUtils.java:logGet(46)) - raft.server.threadpool.proxy.size = 0 (default)
2024-02-10 23:48:11,791 [5d086814-e92a-437f-854d-775872ea30b8-NettyServerStreamRpc-bossGroup--thread1] INFO  logging.LoggingHandler (AbstractInternalLogger.java:log(148)) - [id: 0xe2b9c3bb, L:/0.0.0.0:15318] ACTIVE
2024-02-10 23:48:11,792 [5d086814-e92a-437f-854d-775872ea30b8-impl-thread1] INFO  server.RaftServer (RaftServerProxy.java:initGroupDir(264)) - 5d086814-e92a-437f-854d-775872ea30b8: found a subdirectory /home/runner/work/ozone/ozone/hadoop-ozone/integration-test/target/test-dir/MiniOzoneClusterImpl-da04a438-6ec0-4fc9-9b2e-e93c90459920/datanode-4/data/ratis/tmp
2024-02-10 23:48:11,792 [5d086814-e92a-437f-854d-775872ea30b8-impl-thread1] INFO  server.RaftServer (RaftServerProxy.java:initGroupDir(269)) - 5d086814-e92a-437f-854d-775872ea30b8: The directory /home/runner/work/ozone/ozone/hadoop-ozone/integration-test/target/test-dir/MiniOzoneClusterImpl-da04a438-6ec0-4fc9-9b2e-e93c90459920/datanode-4/data/ratis/tmp is not a group directory; ignoring it. 
2024-02-10 23:48:11,792 [main] INFO  replication.ReplicationServer (ReplicationServer.java:<init>(86)) - Initializing replication server with thread count = 10 queue length = 4096
2024-02-10 23:48:11,793 [main] INFO  server.XceiverServerGrpc (XceiverServerGrpc.java:<init>(141)) - GrpcServer channel type EpollServerSocketChannel
2024-02-10 23:48:11,794 [main] INFO  replication.ReplicationSupervisor (ReplicationSupervisor.java:build(163)) - Initializing replication supervisor with thread count = 10
2024-02-10 23:48:11,794 [main] INFO  replication.ReplicationSupervisor (ReplicationSupervisor.java:nodeStateUpdated(317)) - Node state updated to IN_SERVICE, scaling executor pool size to 10
2024-02-10 23:48:11,795 [main] INFO  http.BaseHttpServer (BaseHttpServer.java:newHttpServer2BuilderForOzone(223)) - Starting Web-server for hddsDatanode at: http://0.0.0.0:15312
2024-02-10 23:48:11,795 [main] INFO  http.BaseHttpServer (BaseHttpServer.java:<init>(110)) - Hadoop Security Enabled: false Ozone Security Enabled: false Ozone HTTP Security Enabled: false 
2024-02-10 23:48:11,796 [main] WARN  server.AuthenticationFilter (AuthenticationFilter.java:constructSecretProvider(240)) - Unable to initialize FileSignerSecretProvider, falling back to use random secrets. Reason: Could not read signature secret file: /home/runner/hadoop-http-auth-signature-secret
2024-02-10 23:48:11,796 [main] INFO  http.HttpRequestLog (HttpRequestLog.java:getRequestLog(86)) - Http request log for http.requests.hddsDatanode is not defined
2024-02-10 23:48:11,797 [main] INFO  http.HttpServer2 (HttpServer2.java:addGlobalFilter(1036)) - Added global filter 'safety' (class=org.apache.hadoop.hdds.server.http.HttpServer2$QuotingInputFilter)
2024-02-10 23:48:11,797 [main] INFO  http.HttpServer2 (HttpServer2.java:addFilter(1012)) - Added filter static_user_filter (class=org.apache.hadoop.http.lib.StaticUserWebFilter$StaticUserFilter) to context hddsDatanode
2024-02-10 23:48:11,798 [main] INFO  http.HttpServer2 (HttpServer2.java:addFilter(1020)) - Added filter static_user_filter (class=org.apache.hadoop.http.lib.StaticUserWebFilter$StaticUserFilter) to context logs
2024-02-10 23:48:11,798 [main] INFO  http.HttpServer2 (HttpServer2.java:addFilter(1020)) - Added filter static_user_filter (class=org.apache.hadoop.http.lib.StaticUserWebFilter$StaticUserFilter) to context static
2024-02-10 23:48:11,798 [main] INFO  http.BaseHttpServer (BaseHttpServer.java:<init>(189)) - HTTP server of hddsDatanode uses base directory /home/runner/work/ozone/ozone/hadoop-ozone/integration-test/target/test-dir/MiniOzoneClusterImpl-da04a438-6ec0-4fc9-9b2e-e93c90459920/datanode-4/meta/webserver
2024-02-10 23:48:11,798 [main] INFO  http.HttpServer2 (HttpServer2.java:bindListener(1236)) - Jetty bound to port 15312
2024-02-10 23:48:11,799 [main] INFO  server.Server (Server.java:doStart(375)) - jetty-9.4.53.v20231009; built: 2023-10-09T12:29:09.265Z; git: 27bde00a0b95a1d5bbee0eae7984f891d2d0f8c9; jvm 1.8.0_402-b06
2024-02-10 23:48:11,799 [main] INFO  server.session (DefaultSessionIdManager.java:doStart(334)) - DefaultSessionIdManager workerName=node0
2024-02-10 23:48:11,800 [main] INFO  server.session (DefaultSessionIdManager.java:doStart(339)) - No SessionScavenger set, using defaults
2024-02-10 23:48:11,800 [main] INFO  server.session (HouseKeeper.java:startScavenging(132)) - node0 Scavenging every 660000ms
2024-02-10 23:48:11,800 [main] INFO  handler.ContextHandler (ContextHandler.java:doStart(921)) - Started o.e.j.s.ServletContextHandler@627dcc9f{logs,/logs,file:///home/runner/work/ozone/ozone/hadoop-ozone/integration-test/target/log,AVAILABLE}
2024-02-10 23:48:11,801 [main] INFO  handler.ContextHandler (ContextHandler.java:doStart(921)) - Started o.e.j.s.ServletContextHandler@50166cc{static,/static,jar:file:/home/runner/.m2/repository/org/apache/ozone/hdds-container-service/1.5.0-SNAPSHOT/hdds-container-service-1.5.0-SNAPSHOT.jar!/webapps/static,AVAILABLE}
2024-02-10 23:48:11,833 [main] INFO  handler.ContextHandler (ContextHandler.java:doStart(921)) - Started o.e.j.w.WebAppContext@56c2813e{hddsDatanode,/,file:///home/runner/work/ozone/ozone/hadoop-ozone/integration-test/target/test-dir/MiniOzoneClusterImpl-da04a438-6ec0-4fc9-9b2e-e93c90459920/datanode-4/meta/webserver/jetty-0_0_0_0-15312-hdds-container-service-1_5_0-SNAPSHOT_jar-_-any-6217298775477178574/webapp/,AVAILABLE}{jar:file:/home/runner/.m2/repository/org/apache/ozone/hdds-container-service/1.5.0-SNAPSHOT/hdds-container-service-1.5.0-SNAPSHOT.jar!/webapps/hddsDatanode}
2024-02-10 23:48:11,837 [main] INFO  server.AbstractConnector (AbstractConnector.java:doStart(333)) - Started ServerConnector@84f970a{HTTP/1.1, (http/1.1)}{0.0.0.0:15312}
2024-02-10 23:48:11,837 [main] INFO  server.Server (Server.java:doStart(415)) - Started @115393ms
2024-02-10 23:48:11,838 [main] WARN  impl.MetricsSystemImpl (MetricsSystemImpl.java:register(279)) - Sink prometheus already exists!
2024-02-10 23:48:11,838 [main] INFO  http.BaseHttpServer (BaseHttpServer.java:updateConnectorAddress(354)) - HTTP server of hddsDatanode listening at http://0.0.0.0:15312
2024-02-10 23:48:11,838 [main] INFO  ipc.CallQueueManager (CallQueueManager.java:<init>(90)) - Using callQueue: class java.util.concurrent.LinkedBlockingQueue, queueCapacity: 100, scheduler: class org.apache.hadoop.ipc.DefaultRpcScheduler, ipcBackoff: false.
2024-02-10 23:48:11,839 [main] INFO  ipc.Server (Server.java:<init>(1287)) - Listener at 0.0.0.0:15313
2024-02-10 23:48:11,839 [Socket Reader #1 for port 15313] INFO  ipc.Server (Server.java:run(1323)) - Starting Socket Reader #1 for port 15313
2024-02-10 23:48:11,845 [main] INFO  ozone.HddsDatanodeService (HddsDatanodeService.java:start(327)) - Datanode start with admins: [runner]
2024-02-10 23:48:11,845 [main] INFO  ozone.HddsDatanodeClientProtocolServer (HddsDatanodeClientProtocolServer.java:start(72)) - RPC server for Client /0.0.0.0:15313
2024-02-10 23:48:11,846 [IPC Server Responder] INFO  ipc.Server (Server.java:run(1562)) - IPC Server Responder: starting
2024-02-10 23:48:11,846 [IPC Server listener on 15313] INFO  ipc.Server (Server.java:run(1402)) - IPC Server listener on 15313: starting
2024-02-10 23:48:11,847 [5d086814-e92a-437f-854d-775872ea30b8-DatanodeStateMachineDaemonThread] INFO  statemachine.DatanodeStateMachine (DatanodeStateMachine.java:lambda$startDaemon$1(555)) - Ozone container server started.
2024-02-10 23:48:11,847 [main] WARN  dropwizard3.Dm3MetricRegistriesImpl (Dm3MetricRegistriesImpl.java:addReporterRegistration(113)) - New reporters are added after registries were created. Some metrics will be missing from the reporter. Please add reporter before adding any new registry.
2024-02-10 23:48:11,849 [main] WARN  dropwizard3.Dm3MetricRegistriesImpl (Dm3MetricRegistriesImpl.java:addReporterRegistration(113)) - New reporters are added after registries were created. Some metrics will be missing from the reporter. Please add reporter before adding any new registry.
2024-02-10 23:48:11,849 [main] INFO  impl.MetricsSystemImpl (MetricsSystemImpl.java:init(158)) - HddsDatanode metrics system started (again)
2024-02-10 23:48:11,853 [5d086814-e92a-437f-854d-775872ea30b8-DatanodeStateMachineTaskThread-0] INFO  datanode.InitDatanodeState (InitDatanodeState.java:persistContainerDatanodeDetails(139)) - DatanodeDetails is persisted to /home/runner/work/ozone/ozone/hadoop-ozone/integration-test/target/test-dir/MiniOzoneClusterImpl-da04a438-6ec0-4fc9-9b2e-e93c90459920/datanode-4/meta/datanode.id
2024-02-10 23:48:11,859 [main] INFO  ozone.HddsDatanodeService (HddsDatanodeService.java:start(240)) - HddsDatanodeService host:fv-az886-285.zcyxlggriy4uppruju113mie5f.cx.internal.cloudapp.net ip:10.1.0.12
2024-02-10 23:48:11,874 [main] INFO  upgrade.AbstractLayoutVersionManager (AbstractLayoutVersionManager.java:init(83)) - Initializing Layout version manager with metadata layout = HADOOP_PRC_PORTS_IN_DATANODEDETAILS (version = 7), software layout = HADOOP_PRC_PORTS_IN_DATANODEDETAILS (version = 7)
2024-02-10 23:48:11,875 [main] INFO  statemachine.DatanodeStateMachine (DatanodeStateMachine.java:getEndPointTaskThreadPoolSize(299)) - Datanode State Machine Task Thread Pool size 2
2024-02-10 23:48:11,876 [main] INFO  volume.HddsVolume (HddsVolume.java:<init>(125)) - Creating HddsVolume: /home/runner/work/ozone/ozone/hadoop-ozone/integration-test/target/test-dir/MiniOzoneClusterImpl-da04a438-6ec0-4fc9-9b2e-e93c90459920/datanode-5/data-0/containers/hdds of storage type : DISK capacity : 9223372036854775807
2024-02-10 23:48:11,876 [main] INFO  volume.MutableVolumeSet (MutableVolumeSet.java:initializeVolumeSet(173)) - Added Volume : /home/runner/work/ozone/ozone/hadoop-ozone/integration-test/target/test-dir/MiniOzoneClusterImpl-da04a438-6ec0-4fc9-9b2e-e93c90459920/datanode-5/data-0/containers/hdds to VolumeSet
2024-02-10 23:48:11,877 [main] INFO  volume.MutableVolumeSet (MutableVolumeSet.java:initializeVolumeSet(173)) - Added Volume : /home/runner/work/ozone/ozone/hadoop-ozone/integration-test/target/test-dir/MiniOzoneClusterImpl-da04a438-6ec0-4fc9-9b2e-e93c90459920/datanode-5/data/ratis to VolumeSet
2024-02-10 23:48:11,877 [main] INFO  ozoneimpl.OzoneContainer (HddsVolumeUtil.java:loadAllHddsVolumeDbStore(103)) - Load 1 volumes DbStore cost: 0ms
2024-02-10 23:48:11,879 [main] INFO  server.RaftServer (ConfUtils.java:logGet(46)) - raft.rpc.type = GRPC (default)
2024-02-10 23:48:11,879 [main] INFO  grpc.GrpcConfigKeys (ConfUtils.java:logFallback(53)) - raft.grpc.admin.host = null (fallback to raft.grpc.server.host)
2024-02-10 23:48:11,879 [main] INFO  grpc.GrpcConfigKeys (ConfUtils.java:logGet(46)) - raft.grpc.admin.port = 15325 (custom)
2024-02-10 23:48:11,879 [main] INFO  grpc.GrpcConfigKeys (ConfUtils.java:logFallback(53)) - raft.grpc.client.host = null (fallback to raft.grpc.server.host)
2024-02-10 23:48:11,879 [main] INFO  grpc.GrpcConfigKeys (ConfUtils.java:logGet(46)) - raft.grpc.client.port = 15324 (custom)
2024-02-10 23:48:11,880 [main] INFO  grpc.GrpcConfigKeys (ConfUtils.java:logGet(46)) - raft.grpc.server.host = null (default)
2024-02-10 23:48:11,880 [main] INFO  grpc.GrpcConfigKeys (ConfUtils.java:logGet(46)) - raft.grpc.server.port = 15326 (custom)
2024-02-10 23:48:11,880 [main] INFO  server.GrpcService (ConfUtils.java:logGet(46)) - raft.grpc.message.size.max = 32MB (=33554432) (custom)
2024-02-10 23:48:11,880 [main] INFO  server.RaftServerConfigKeys (ConfUtils.java:logGet(46)) - raft.server.log.appender.buffer.byte-limit = 8388608 (custom)
2024-02-10 23:48:11,880 [main] INFO  server.GrpcService (ConfUtils.java:logGet(46)) - raft.grpc.flow.control.window = 5MB (=5242880) (custom)
2024-02-10 23:48:11,880 [main] INFO  server.RaftServerConfigKeys (ConfUtils.java:logGet(46)) - raft.server.rpc.request.timeout = 3000ms (default)
2024-02-10 23:48:11,880 [main] INFO  grpc.GrpcConfigKeys (ConfUtils.java:logGet(46)) - raft.grpc.server.heartbeat.channel = true (default)
2024-02-10 23:48:11,881 [main] INFO  grpc.GrpcConfigKeys (ConfUtils.java:logGet(46)) - raft.grpc.server.async.request.thread.pool.cached = true (default)
2024-02-10 23:48:11,881 [main] INFO  grpc.GrpcConfigKeys (ConfUtils.java:logGet(46)) - raft.grpc.server.async.request.thread.pool.size = 32 (default)
2024-02-10 23:48:11,882 [main] INFO  impl.DataStreamServerImpl (ConfUtils.java:logGet(46)) - raft.datastream.type = NETTY (custom)
2024-02-10 23:48:11,882 [main] INFO  server.RaftServerConfigKeys (ConfUtils.java:logGet(46)) - raft.server.data-stream.async.request.thread.pool.cached = false (default)
2024-02-10 23:48:11,883 [main] INFO  server.RaftServerConfigKeys (ConfUtils.java:logGet(46)) - raft.server.data-stream.async.request.thread.pool.size = 20 (custom)
2024-02-10 23:48:11,883 [main] INFO  server.RaftServerConfigKeys (ConfUtils.java:logGet(46)) - raft.server.data-stream.async.write.thread.pool.size = 16 (default)
2024-02-10 23:48:11,883 [main] INFO  netty.NettyConfigKeys$DataStream (ConfUtils.java:logGet(46)) - raft.netty.dataStream.server.channel.inactive.grace-period = 10min (default)
2024-02-10 23:48:11,883 [main] INFO  server.RaftServerConfigKeys (ConfUtils.java:logGet(46)) - raft.server.data-stream.client.pool.size = 10 (default)
2024-02-10 23:48:11,883 [main] INFO  netty.NettyConfigKeys$DataStream (ConfUtils.java:logGet(46)) - raft.netty.dataStream.server.use-epoll = true (default)
2024-02-10 23:48:11,883 [main] INFO  netty.NettyConfigKeys$DataStream (ConfUtils.java:logGet(46)) - raft.netty.dataStream.server.boss-group.size = 0 (default)
2024-02-10 23:48:11,883 [main] INFO  netty.NettyUtils (NettyUtils.java:newEventLoopGroup(69)) - Create EpollEventLoopGroup for 33d73e87-4323-4d41-88d5-bb014deecef0-NettyServerStreamRpc-bossGroup; Thread size is 0.
2024-02-10 23:48:11,883 [main] INFO  netty.NettyConfigKeys$DataStream (ConfUtils.java:logGet(46)) - raft.netty.dataStream.server.worker-group.size = 0 (default)
2024-02-10 23:48:11,884 [main] INFO  netty.NettyUtils (NettyUtils.java:newEventLoopGroup(69)) - Create EpollEventLoopGroup for 33d73e87-4323-4d41-88d5-bb014deecef0-NettyServerStreamRpc-workerGroup; Thread size is 0.
2024-02-10 23:48:11,884 [main] INFO  netty.NettyConfigKeys$DataStream (ConfUtils.java:logGet(46)) - raft.netty.dataStream.server.tls.conf = null (default)
2024-02-10 23:48:11,884 [main] INFO  netty.NettyConfigKeys$DataStream (ConfUtils.java:logGet(46)) - raft.netty.dataStream.host = null (default)
2024-02-10 23:48:11,884 [main] INFO  netty.NettyConfigKeys$DataStream (ConfUtils.java:logGet(46)) - raft.netty.dataStream.port = 15327 (custom)
2024-02-10 23:48:11,888 [main] INFO  server.RaftServerConfigKeys (ConfUtils.java:logGet(46)) - raft.server.sleep.deviation.threshold = 300ms (default)
2024-02-10 23:48:11,888 [main] INFO  server.RaftServerConfigKeys (ConfUtils.java:logGet(46)) - raft.server.close.threshold = 60s (default)
2024-02-10 23:48:11,888 [main] INFO  server.RaftServerConfigKeys (ConfUtils.java:logGet(46)) - raft.server.leaderelection.leader.step-down.wait-time = 10s (default)
2024-02-10 23:48:11,888 [main] INFO  server.RaftServerConfigKeys (ConfUtils.java:logGet(46)) - raft.server.storage.dir = [/home/runner/work/ozone/ozone/hadoop-ozone/integration-test/target/test-dir/MiniOzoneClusterImpl-da04a438-6ec0-4fc9-9b2e-e93c90459920/datanode-5/data/ratis] (custom)
2024-02-10 23:48:11,889 [main] INFO  server.RaftServerConfigKeys (ConfUtils.java:logGet(46)) - raft.server.threadpool.proxy.cached = true (default)
2024-02-10 23:48:11,889 [main] INFO  server.RaftServerConfigKeys (ConfUtils.java:logGet(46)) - raft.server.threadpool.proxy.size = 0 (default)
2024-02-10 23:48:11,889 [33d73e87-4323-4d41-88d5-bb014deecef0-NettyServerStreamRpc-bossGroup--thread1] INFO  logging.LoggingHandler (AbstractInternalLogger.java:log(148)) - [id: 0xa5255ab1] REGISTERED
2024-02-10 23:48:11,889 [33d73e87-4323-4d41-88d5-bb014deecef0-NettyServerStreamRpc-bossGroup--thread1] INFO  logging.LoggingHandler (AbstractInternalLogger.java:log(148)) - [id: 0xa5255ab1] BIND: 0.0.0.0/0.0.0.0:15327
2024-02-10 23:48:11,889 [33d73e87-4323-4d41-88d5-bb014deecef0-NettyServerStreamRpc-bossGroup--thread1] INFO  logging.LoggingHandler (AbstractInternalLogger.java:log(148)) - [id: 0xa5255ab1, L:/0.0.0.0:15327] ACTIVE
2024-02-10 23:48:11,890 [33d73e87-4323-4d41-88d5-bb014deecef0-impl-thread1] INFO  server.RaftServer (RaftServerProxy.java:initGroupDir(264)) - 33d73e87-4323-4d41-88d5-bb014deecef0: found a subdirectory /home/runner/work/ozone/ozone/hadoop-ozone/integration-test/target/test-dir/MiniOzoneClusterImpl-da04a438-6ec0-4fc9-9b2e-e93c90459920/datanode-5/data/ratis/tmp
2024-02-10 23:48:11,890 [33d73e87-4323-4d41-88d5-bb014deecef0-impl-thread1] INFO  server.RaftServer (RaftServerProxy.java:initGroupDir(269)) - 33d73e87-4323-4d41-88d5-bb014deecef0: The directory /home/runner/work/ozone/ozone/hadoop-ozone/integration-test/target/test-dir/MiniOzoneClusterImpl-da04a438-6ec0-4fc9-9b2e-e93c90459920/datanode-5/data/ratis/tmp is not a group directory; ignoring it. 
2024-02-10 23:48:11,891 [main] INFO  replication.ReplicationServer (ReplicationServer.java:<init>(86)) - Initializing replication server with thread count = 10 queue length = 4096
2024-02-10 23:48:11,891 [main] INFO  server.XceiverServerGrpc (XceiverServerGrpc.java:<init>(141)) - GrpcServer channel type EpollServerSocketChannel
2024-02-10 23:48:11,893 [main] INFO  replication.ReplicationSupervisor (ReplicationSupervisor.java:build(163)) - Initializing replication supervisor with thread count = 10
2024-02-10 23:48:11,893 [main] INFO  replication.ReplicationSupervisor (ReplicationSupervisor.java:nodeStateUpdated(317)) - Node state updated to IN_SERVICE, scaling executor pool size to 10
2024-02-10 23:48:11,894 [main] INFO  http.BaseHttpServer (BaseHttpServer.java:newHttpServer2BuilderForOzone(223)) - Starting Web-server for hddsDatanode at: http://0.0.0.0:15321
2024-02-10 23:48:11,895 [main] INFO  http.BaseHttpServer (BaseHttpServer.java:<init>(110)) - Hadoop Security Enabled: false Ozone Security Enabled: false Ozone HTTP Security Enabled: false 
2024-02-10 23:48:11,896 [main] WARN  server.AuthenticationFilter (AuthenticationFilter.java:constructSecretProvider(240)) - Unable to initialize FileSignerSecretProvider, falling back to use random secrets. Reason: Could not read signature secret file: /home/runner/hadoop-http-auth-signature-secret
2024-02-10 23:48:11,896 [main] INFO  http.HttpRequestLog (HttpRequestLog.java:getRequestLog(86)) - Http request log for http.requests.hddsDatanode is not defined
2024-02-10 23:48:11,897 [main] INFO  http.HttpServer2 (HttpServer2.java:addGlobalFilter(1036)) - Added global filter 'safety' (class=org.apache.hadoop.hdds.server.http.HttpServer2$QuotingInputFilter)
2024-02-10 23:48:11,897 [main] INFO  http.HttpServer2 (HttpServer2.java:addFilter(1012)) - Added filter static_user_filter (class=org.apache.hadoop.http.lib.StaticUserWebFilter$StaticUserFilter) to context hddsDatanode
2024-02-10 23:48:11,898 [main] INFO  http.HttpServer2 (HttpServer2.java:addFilter(1020)) - Added filter static_user_filter (class=org.apache.hadoop.http.lib.StaticUserWebFilter$StaticUserFilter) to context static
2024-02-10 23:48:11,898 [main] INFO  http.HttpServer2 (HttpServer2.java:addFilter(1020)) - Added filter static_user_filter (class=org.apache.hadoop.http.lib.StaticUserWebFilter$StaticUserFilter) to context logs
2024-02-10 23:48:11,898 [main] INFO  http.BaseHttpServer (BaseHttpServer.java:<init>(189)) - HTTP server of hddsDatanode uses base directory /home/runner/work/ozone/ozone/hadoop-ozone/integration-test/target/test-dir/MiniOzoneClusterImpl-da04a438-6ec0-4fc9-9b2e-e93c90459920/datanode-5/meta/webserver
2024-02-10 23:48:11,898 [main] INFO  http.HttpServer2 (HttpServer2.java:bindListener(1236)) - Jetty bound to port 15321
2024-02-10 23:48:11,898 [main] INFO  server.Server (Server.java:doStart(375)) - jetty-9.4.53.v20231009; built: 2023-10-09T12:29:09.265Z; git: 27bde00a0b95a1d5bbee0eae7984f891d2d0f8c9; jvm 1.8.0_402-b06
2024-02-10 23:48:11,899 [main] INFO  server.session (DefaultSessionIdManager.java:doStart(334)) - DefaultSessionIdManager workerName=node0
2024-02-10 23:48:11,900 [main] INFO  server.session (DefaultSessionIdManager.java:doStart(339)) - No SessionScavenger set, using defaults
2024-02-10 23:48:11,900 [main] INFO  server.session (HouseKeeper.java:startScavenging(132)) - node0 Scavenging every 660000ms
2024-02-10 23:48:11,900 [main] INFO  handler.ContextHandler (ContextHandler.java:doStart(921)) - Started o.e.j.s.ServletContextHandler@5cb9f193{logs,/logs,file:///home/runner/work/ozone/ozone/hadoop-ozone/integration-test/target/log,AVAILABLE}
2024-02-10 23:48:11,900 [main] INFO  handler.ContextHandler (ContextHandler.java:doStart(921)) - Started o.e.j.s.ServletContextHandler@a0374ab{static,/static,jar:file:/home/runner/.m2/repository/org/apache/ozone/hdds-container-service/1.5.0-SNAPSHOT/hdds-container-service-1.5.0-SNAPSHOT.jar!/webapps/static,AVAILABLE}
2024-02-10 23:48:11,932 [main] INFO  handler.ContextHandler (ContextHandler.java:doStart(921)) - Started o.e.j.w.WebAppContext@4368104b{hddsDatanode,/,file:///home/runner/work/ozone/ozone/hadoop-ozone/integration-test/target/test-dir/MiniOzoneClusterImpl-da04a438-6ec0-4fc9-9b2e-e93c90459920/datanode-5/meta/webserver/jetty-0_0_0_0-15321-hdds-container-service-1_5_0-SNAPSHOT_jar-_-any-2468719101123774001/webapp/,AVAILABLE}{jar:file:/home/runner/.m2/repository/org/apache/ozone/hdds-container-service/1.5.0-SNAPSHOT/hdds-container-service-1.5.0-SNAPSHOT.jar!/webapps/hddsDatanode}
2024-02-10 23:48:11,933 [main] INFO  server.AbstractConnector (AbstractConnector.java:doStart(333)) - Started ServerConnector@19a5d308{HTTP/1.1, (http/1.1)}{0.0.0.0:15321}
2024-02-10 23:48:11,934 [main] INFO  server.Server (Server.java:doStart(415)) - Started @115489ms
2024-02-10 23:48:11,934 [main] WARN  impl.MetricsSystemImpl (MetricsSystemImpl.java:register(279)) - Sink prometheus already exists!
2024-02-10 23:48:11,934 [main] INFO  http.BaseHttpServer (BaseHttpServer.java:updateConnectorAddress(354)) - HTTP server of hddsDatanode listening at http://0.0.0.0:15321
2024-02-10 23:48:11,935 [main] INFO  ipc.CallQueueManager (CallQueueManager.java:<init>(90)) - Using callQueue: class java.util.concurrent.LinkedBlockingQueue, queueCapacity: 100, scheduler: class org.apache.hadoop.ipc.DefaultRpcScheduler, ipcBackoff: false.
2024-02-10 23:48:11,935 [main] INFO  ipc.Server (Server.java:<init>(1287)) - Listener at 0.0.0.0:15322
2024-02-10 23:48:11,935 [Socket Reader #1 for port 15322] INFO  ipc.Server (Server.java:run(1323)) - Starting Socket Reader #1 for port 15322
2024-02-10 23:48:11,937 [main] INFO  ozone.HddsDatanodeService (HddsDatanodeService.java:start(327)) - Datanode start with admins: [runner]
2024-02-10 23:48:11,937 [main] INFO  ozone.HddsDatanodeClientProtocolServer (HddsDatanodeClientProtocolServer.java:start(72)) - RPC server for Client /0.0.0.0:15322
2024-02-10 23:48:11,937 [IPC Server Responder] INFO  ipc.Server (Server.java:run(1562)) - IPC Server Responder: starting
2024-02-10 23:48:11,937 [IPC Server listener on 15322] INFO  ipc.Server (Server.java:run(1402)) - IPC Server listener on 15322: starting
2024-02-10 23:48:11,939 [33d73e87-4323-4d41-88d5-bb014deecef0-DatanodeStateMachineDaemonThread] INFO  statemachine.DatanodeStateMachine (DatanodeStateMachine.java:lambda$startDaemon$1(555)) - Ozone container server started.
2024-02-10 23:48:11,939 [main] WARN  dropwizard3.Dm3MetricRegistriesImpl (Dm3MetricRegistriesImpl.java:addReporterRegistration(113)) - New reporters are added after registries were created. Some metrics will be missing from the reporter. Please add reporter before adding any new registry.
2024-02-10 23:48:11,940 [main] WARN  dropwizard3.Dm3MetricRegistriesImpl (Dm3MetricRegistriesImpl.java:addReporterRegistration(113)) - New reporters are added after registries were created. Some metrics will be missing from the reporter. Please add reporter before adding any new registry.
2024-02-10 23:48:11,940 [main] INFO  impl.MetricsSystemImpl (MetricsSystemImpl.java:init(158)) - HddsDatanode metrics system started (again)
2024-02-10 23:48:11,942 [33d73e87-4323-4d41-88d5-bb014deecef0-DatanodeStateMachineTaskThread-0] INFO  datanode.InitDatanodeState (InitDatanodeState.java:persistContainerDatanodeDetails(139)) - DatanodeDetails is persisted to /home/runner/work/ozone/ozone/hadoop-ozone/integration-test/target/test-dir/MiniOzoneClusterImpl-da04a438-6ec0-4fc9-9b2e-e93c90459920/datanode-5/meta/datanode.id
2024-02-10 23:48:11,948 [main] INFO  ozone.HddsDatanodeService (HddsDatanodeService.java:start(240)) - HddsDatanodeService host:fv-az886-285.zcyxlggriy4uppruju113mie5f.cx.internal.cloudapp.net ip:10.1.0.12
2024-02-10 23:48:11,964 [main] INFO  upgrade.AbstractLayoutVersionManager (AbstractLayoutVersionManager.java:init(83)) - Initializing Layout version manager with metadata layout = HADOOP_PRC_PORTS_IN_DATANODEDETAILS (version = 7), software layout = HADOOP_PRC_PORTS_IN_DATANODEDETAILS (version = 7)
2024-02-10 23:48:11,964 [main] INFO  statemachine.DatanodeStateMachine (DatanodeStateMachine.java:getEndPointTaskThreadPoolSize(299)) - Datanode State Machine Task Thread Pool size 2
2024-02-10 23:48:11,965 [main] INFO  volume.HddsVolume (HddsVolume.java:<init>(125)) - Creating HddsVolume: /home/runner/work/ozone/ozone/hadoop-ozone/integration-test/target/test-dir/MiniOzoneClusterImpl-da04a438-6ec0-4fc9-9b2e-e93c90459920/datanode-6/data-0/containers/hdds of storage type : DISK capacity : 9223372036854775807
2024-02-10 23:48:11,965 [main] INFO  volume.MutableVolumeSet (MutableVolumeSet.java:initializeVolumeSet(173)) - Added Volume : /home/runner/work/ozone/ozone/hadoop-ozone/integration-test/target/test-dir/MiniOzoneClusterImpl-da04a438-6ec0-4fc9-9b2e-e93c90459920/datanode-6/data-0/containers/hdds to VolumeSet
2024-02-10 23:48:11,966 [main] INFO  volume.MutableVolumeSet (MutableVolumeSet.java:initializeVolumeSet(173)) - Added Volume : /home/runner/work/ozone/ozone/hadoop-ozone/integration-test/target/test-dir/MiniOzoneClusterImpl-da04a438-6ec0-4fc9-9b2e-e93c90459920/datanode-6/data/ratis to VolumeSet
2024-02-10 23:48:11,966 [main] INFO  ozoneimpl.OzoneContainer (HddsVolumeUtil.java:loadAllHddsVolumeDbStore(103)) - Load 1 volumes DbStore cost: 0ms
2024-02-10 23:48:11,968 [main] INFO  server.RaftServer (ConfUtils.java:logGet(46)) - raft.rpc.type = GRPC (default)
2024-02-10 23:48:11,968 [main] INFO  grpc.GrpcConfigKeys (ConfUtils.java:logFallback(53)) - raft.grpc.admin.host = null (fallback to raft.grpc.server.host)
2024-02-10 23:48:11,968 [main] INFO  grpc.GrpcConfigKeys (ConfUtils.java:logGet(46)) - raft.grpc.admin.port = 15334 (custom)
2024-02-10 23:48:11,969 [main] INFO  grpc.GrpcConfigKeys (ConfUtils.java:logFallback(53)) - raft.grpc.client.host = null (fallback to raft.grpc.server.host)
2024-02-10 23:48:11,969 [main] INFO  grpc.GrpcConfigKeys (ConfUtils.java:logGet(46)) - raft.grpc.client.port = 15333 (custom)
2024-02-10 23:48:11,969 [main] INFO  grpc.GrpcConfigKeys (ConfUtils.java:logGet(46)) - raft.grpc.server.host = null (default)
2024-02-10 23:48:11,969 [main] INFO  grpc.GrpcConfigKeys (ConfUtils.java:logGet(46)) - raft.grpc.server.port = 15335 (custom)
2024-02-10 23:48:11,969 [main] INFO  server.GrpcService (ConfUtils.java:logGet(46)) - raft.grpc.message.size.max = 32MB (=33554432) (custom)
2024-02-10 23:48:11,969 [main] INFO  server.RaftServerConfigKeys (ConfUtils.java:logGet(46)) - raft.server.log.appender.buffer.byte-limit = 8388608 (custom)
2024-02-10 23:48:11,970 [main] INFO  server.GrpcService (ConfUtils.java:logGet(46)) - raft.grpc.flow.control.window = 5MB (=5242880) (custom)
2024-02-10 23:48:11,970 [main] INFO  server.RaftServerConfigKeys (ConfUtils.java:logGet(46)) - raft.server.rpc.request.timeout = 3000ms (default)
2024-02-10 23:48:11,970 [main] INFO  grpc.GrpcConfigKeys (ConfUtils.java:logGet(46)) - raft.grpc.server.heartbeat.channel = true (default)
2024-02-10 23:48:11,970 [main] INFO  grpc.GrpcConfigKeys (ConfUtils.java:logGet(46)) - raft.grpc.server.async.request.thread.pool.cached = true (default)
2024-02-10 23:48:11,970 [main] INFO  grpc.GrpcConfigKeys (ConfUtils.java:logGet(46)) - raft.grpc.server.async.request.thread.pool.size = 32 (default)
2024-02-10 23:48:11,972 [main] INFO  impl.DataStreamServerImpl (ConfUtils.java:logGet(46)) - raft.datastream.type = NETTY (custom)
2024-02-10 23:48:11,972 [main] INFO  server.RaftServerConfigKeys (ConfUtils.java:logGet(46)) - raft.server.data-stream.async.request.thread.pool.cached = false (default)
2024-02-10 23:48:11,972 [main] INFO  server.RaftServerConfigKeys (ConfUtils.java:logGet(46)) - raft.server.data-stream.async.request.thread.pool.size = 20 (custom)
2024-02-10 23:48:11,973 [main] INFO  server.RaftServerConfigKeys (ConfUtils.java:logGet(46)) - raft.server.data-stream.async.write.thread.pool.size = 16 (default)
2024-02-10 23:48:11,973 [main] INFO  netty.NettyConfigKeys$DataStream (ConfUtils.java:logGet(46)) - raft.netty.dataStream.server.channel.inactive.grace-period = 10min (default)
2024-02-10 23:48:11,973 [main] INFO  server.RaftServerConfigKeys (ConfUtils.java:logGet(46)) - raft.server.data-stream.client.pool.size = 10 (default)
2024-02-10 23:48:11,973 [main] INFO  netty.NettyConfigKeys$DataStream (ConfUtils.java:logGet(46)) - raft.netty.dataStream.server.use-epoll = true (default)
2024-02-10 23:48:11,973 [main] INFO  netty.NettyConfigKeys$DataStream (ConfUtils.java:logGet(46)) - raft.netty.dataStream.server.boss-group.size = 0 (default)
2024-02-10 23:48:11,973 [main] INFO  netty.NettyUtils (NettyUtils.java:newEventLoopGroup(69)) - Create EpollEventLoopGroup for 64168508-e903-4327-b7bc-0572c2109e1a-NettyServerStreamRpc-bossGroup; Thread size is 0.
2024-02-10 23:48:11,974 [main] INFO  netty.NettyConfigKeys$DataStream (ConfUtils.java:logGet(46)) - raft.netty.dataStream.server.worker-group.size = 0 (default)
2024-02-10 23:48:11,974 [main] INFO  netty.NettyUtils (NettyUtils.java:newEventLoopGroup(69)) - Create EpollEventLoopGroup for 64168508-e903-4327-b7bc-0572c2109e1a-NettyServerStreamRpc-workerGroup; Thread size is 0.
2024-02-10 23:48:11,974 [main] INFO  netty.NettyConfigKeys$DataStream (ConfUtils.java:logGet(46)) - raft.netty.dataStream.server.tls.conf = null (default)
2024-02-10 23:48:11,974 [main] INFO  netty.NettyConfigKeys$DataStream (ConfUtils.java:logGet(46)) - raft.netty.dataStream.host = null (default)
2024-02-10 23:48:11,974 [main] INFO  netty.NettyConfigKeys$DataStream (ConfUtils.java:logGet(46)) - raft.netty.dataStream.port = 15336 (custom)
2024-02-10 23:48:11,975 [main] INFO  server.RaftServerConfigKeys (ConfUtils.java:logGet(46)) - raft.server.sleep.deviation.threshold = 300ms (default)
2024-02-10 23:48:11,975 [main] INFO  server.RaftServerConfigKeys (ConfUtils.java:logGet(46)) - raft.server.close.threshold = 60s (default)
2024-02-10 23:48:11,975 [64168508-e903-4327-b7bc-0572c2109e1a-NettyServerStreamRpc-bossGroup--thread1] INFO  logging.LoggingHandler (AbstractInternalLogger.java:log(148)) - [id: 0xf02b8fec] REGISTERED
2024-02-10 23:48:11,975 [main] INFO  server.RaftServerConfigKeys (ConfUtils.java:logGet(46)) - raft.server.leaderelection.leader.step-down.wait-time = 10s (default)
2024-02-10 23:48:11,975 [64168508-e903-4327-b7bc-0572c2109e1a-NettyServerStreamRpc-bossGroup--thread1] INFO  logging.LoggingHandler (AbstractInternalLogger.java:log(148)) - [id: 0xf02b8fec] BIND: 0.0.0.0/0.0.0.0:15336
2024-02-10 23:48:11,975 [main] INFO  server.RaftServerConfigKeys (ConfUtils.java:logGet(46)) - raft.server.storage.dir = [/home/runner/work/ozone/ozone/hadoop-ozone/integration-test/target/test-dir/MiniOzoneClusterImpl-da04a438-6ec0-4fc9-9b2e-e93c90459920/datanode-6/data/ratis] (custom)
2024-02-10 23:48:11,975 [64168508-e903-4327-b7bc-0572c2109e1a-NettyServerStreamRpc-bossGroup--thread1] INFO  logging.LoggingHandler (AbstractInternalLogger.java:log(148)) - [id: 0xf02b8fec, L:/0.0.0.0:15336] ACTIVE
2024-02-10 23:48:11,976 [main] INFO  server.RaftServerConfigKeys (ConfUtils.java:logGet(46)) - raft.server.threadpool.proxy.cached = true (default)
2024-02-10 23:48:11,976 [main] INFO  server.RaftServerConfigKeys (ConfUtils.java:logGet(46)) - raft.server.threadpool.proxy.size = 0 (default)
2024-02-10 23:48:11,976 [64168508-e903-4327-b7bc-0572c2109e1a-impl-thread1] INFO  server.RaftServer (RaftServerProxy.java:initGroupDir(264)) - 64168508-e903-4327-b7bc-0572c2109e1a: found a subdirectory /home/runner/work/ozone/ozone/hadoop-ozone/integration-test/target/test-dir/MiniOzoneClusterImpl-da04a438-6ec0-4fc9-9b2e-e93c90459920/datanode-6/data/ratis/tmp
2024-02-10 23:48:11,976 [64168508-e903-4327-b7bc-0572c2109e1a-impl-thread1] INFO  server.RaftServer (RaftServerProxy.java:initGroupDir(269)) - 64168508-e903-4327-b7bc-0572c2109e1a: The directory /home/runner/work/ozone/ozone/hadoop-ozone/integration-test/target/test-dir/MiniOzoneClusterImpl-da04a438-6ec0-4fc9-9b2e-e93c90459920/datanode-6/data/ratis/tmp is not a group directory; ignoring it. 
2024-02-10 23:48:11,976 [main] INFO  replication.ReplicationServer (ReplicationServer.java:<init>(86)) - Initializing replication server with thread count = 10 queue length = 4096
2024-02-10 23:48:11,977 [main] INFO  server.XceiverServerGrpc (XceiverServerGrpc.java:<init>(141)) - GrpcServer channel type EpollServerSocketChannel
2024-02-10 23:48:11,978 [main] INFO  replication.ReplicationSupervisor (ReplicationSupervisor.java:build(163)) - Initializing replication supervisor with thread count = 10
2024-02-10 23:48:11,978 [main] INFO  replication.ReplicationSupervisor (ReplicationSupervisor.java:nodeStateUpdated(317)) - Node state updated to IN_SERVICE, scaling executor pool size to 10
2024-02-10 23:48:11,979 [main] INFO  http.BaseHttpServer (BaseHttpServer.java:newHttpServer2BuilderForOzone(223)) - Starting Web-server for hddsDatanode at: http://0.0.0.0:15330
2024-02-10 23:48:11,979 [main] INFO  http.BaseHttpServer (BaseHttpServer.java:<init>(110)) - Hadoop Security Enabled: false Ozone Security Enabled: false Ozone HTTP Security Enabled: false 
2024-02-10 23:48:11,983 [main] WARN  server.AuthenticationFilter (AuthenticationFilter.java:constructSecretProvider(240)) - Unable to initialize FileSignerSecretProvider, falling back to use random secrets. Reason: Could not read signature secret file: /home/runner/hadoop-http-auth-signature-secret
2024-02-10 23:48:11,983 [main] INFO  http.HttpRequestLog (HttpRequestLog.java:getRequestLog(86)) - Http request log for http.requests.hddsDatanode is not defined
2024-02-10 23:48:11,984 [main] INFO  http.HttpServer2 (HttpServer2.java:addGlobalFilter(1036)) - Added global filter 'safety' (class=org.apache.hadoop.hdds.server.http.HttpServer2$QuotingInputFilter)
2024-02-10 23:48:11,984 [main] INFO  http.HttpServer2 (HttpServer2.java:addFilter(1012)) - Added filter static_user_filter (class=org.apache.hadoop.http.lib.StaticUserWebFilter$StaticUserFilter) to context hddsDatanode
2024-02-10 23:48:11,985 [main] INFO  http.HttpServer2 (HttpServer2.java:addFilter(1020)) - Added filter static_user_filter (class=org.apache.hadoop.http.lib.StaticUserWebFilter$StaticUserFilter) to context logs
2024-02-10 23:48:11,985 [main] INFO  http.HttpServer2 (HttpServer2.java:addFilter(1020)) - Added filter static_user_filter (class=org.apache.hadoop.http.lib.StaticUserWebFilter$StaticUserFilter) to context static
2024-02-10 23:48:11,985 [main] INFO  http.BaseHttpServer (BaseHttpServer.java:<init>(189)) - HTTP server of hddsDatanode uses base directory /home/runner/work/ozone/ozone/hadoop-ozone/integration-test/target/test-dir/MiniOzoneClusterImpl-da04a438-6ec0-4fc9-9b2e-e93c90459920/datanode-6/meta/webserver
2024-02-10 23:48:11,985 [main] INFO  http.HttpServer2 (HttpServer2.java:bindListener(1236)) - Jetty bound to port 15330
2024-02-10 23:48:11,986 [main] INFO  server.Server (Server.java:doStart(375)) - jetty-9.4.53.v20231009; built: 2023-10-09T12:29:09.265Z; git: 27bde00a0b95a1d5bbee0eae7984f891d2d0f8c9; jvm 1.8.0_402-b06
2024-02-10 23:48:11,986 [main] INFO  server.session (DefaultSessionIdManager.java:doStart(334)) - DefaultSessionIdManager workerName=node0
2024-02-10 23:48:11,987 [main] INFO  server.session (DefaultSessionIdManager.java:doStart(339)) - No SessionScavenger set, using defaults
2024-02-10 23:48:11,989 [main] INFO  server.session (HouseKeeper.java:startScavenging(132)) - node0 Scavenging every 600000ms
2024-02-10 23:48:11,989 [main] INFO  handler.ContextHandler (ContextHandler.java:doStart(921)) - Started o.e.j.s.ServletContextHandler@c4b4f68{logs,/logs,file:///home/runner/work/ozone/ozone/hadoop-ozone/integration-test/target/log,AVAILABLE}
2024-02-10 23:48:11,989 [main] INFO  handler.ContextHandler (ContextHandler.java:doStart(921)) - Started o.e.j.s.ServletContextHandler@511e1d04{static,/static,jar:file:/home/runner/.m2/repository/org/apache/ozone/hdds-container-service/1.5.0-SNAPSHOT/hdds-container-service-1.5.0-SNAPSHOT.jar!/webapps/static,AVAILABLE}
2024-02-10 23:48:12,020 [main] INFO  handler.ContextHandler (ContextHandler.java:doStart(921)) - Started o.e.j.w.WebAppContext@1a52611a{hddsDatanode,/,file:///home/runner/work/ozone/ozone/hadoop-ozone/integration-test/target/test-dir/MiniOzoneClusterImpl-da04a438-6ec0-4fc9-9b2e-e93c90459920/datanode-6/meta/webserver/jetty-0_0_0_0-15330-hdds-container-service-1_5_0-SNAPSHOT_jar-_-any-6354811779655239667/webapp/,AVAILABLE}{jar:file:/home/runner/.m2/repository/org/apache/ozone/hdds-container-service/1.5.0-SNAPSHOT/hdds-container-service-1.5.0-SNAPSHOT.jar!/webapps/hddsDatanode}
2024-02-10 23:48:12,021 [main] INFO  server.AbstractConnector (AbstractConnector.java:doStart(333)) - Started ServerConnector@3b0c1c05{HTTP/1.1, (http/1.1)}{0.0.0.0:15330}
2024-02-10 23:48:12,021 [main] INFO  server.Server (Server.java:doStart(415)) - Started @115577ms
2024-02-10 23:48:12,021 [main] WARN  impl.MetricsSystemImpl (MetricsSystemImpl.java:register(279)) - Sink prometheus already exists!
2024-02-10 23:48:12,022 [main] INFO  http.BaseHttpServer (BaseHttpServer.java:updateConnectorAddress(354)) - HTTP server of hddsDatanode listening at http://0.0.0.0:15330
2024-02-10 23:48:12,022 [main] INFO  ipc.CallQueueManager (CallQueueManager.java:<init>(90)) - Using callQueue: class java.util.concurrent.LinkedBlockingQueue, queueCapacity: 100, scheduler: class org.apache.hadoop.ipc.DefaultRpcScheduler, ipcBackoff: false.
2024-02-10 23:48:12,022 [main] INFO  ipc.Server (Server.java:<init>(1287)) - Listener at 0.0.0.0:15331
2024-02-10 23:48:12,022 [Socket Reader #1 for port 15331] INFO  ipc.Server (Server.java:run(1323)) - Starting Socket Reader #1 for port 15331
2024-02-10 23:48:12,024 [main] INFO  ozone.HddsDatanodeService (HddsDatanodeService.java:start(327)) - Datanode start with admins: [runner]
2024-02-10 23:48:12,024 [main] INFO  ozone.HddsDatanodeClientProtocolServer (HddsDatanodeClientProtocolServer.java:start(72)) - RPC server for Client /0.0.0.0:15331
2024-02-10 23:48:12,024 [IPC Server Responder] INFO  ipc.Server (Server.java:run(1562)) - IPC Server Responder: starting
2024-02-10 23:48:12,024 [IPC Server listener on 15331] INFO  ipc.Server (Server.java:run(1402)) - IPC Server listener on 15331: starting
2024-02-10 23:48:12,026 [64168508-e903-4327-b7bc-0572c2109e1a-DatanodeStateMachineDaemonThread] INFO  statemachine.DatanodeStateMachine (DatanodeStateMachine.java:lambda$startDaemon$1(555)) - Ozone container server started.
2024-02-10 23:48:12,026 [main] WARN  dropwizard3.Dm3MetricRegistriesImpl (Dm3MetricRegistriesImpl.java:addReporterRegistration(113)) - New reporters are added after registries were created. Some metrics will be missing from the reporter. Please add reporter before adding any new registry.
2024-02-10 23:48:12,027 [main] WARN  dropwizard3.Dm3MetricRegistriesImpl (Dm3MetricRegistriesImpl.java:addReporterRegistration(113)) - New reporters are added after registries were created. Some metrics will be missing from the reporter. Please add reporter before adding any new registry.
2024-02-10 23:48:12,027 [main] INFO  impl.MetricsSystemImpl (MetricsSystemImpl.java:init(158)) - HddsDatanode metrics system started (again)
2024-02-10 23:48:12,029 [64168508-e903-4327-b7bc-0572c2109e1a-DatanodeStateMachineTaskThread-0] INFO  datanode.InitDatanodeState (InitDatanodeState.java:persistContainerDatanodeDetails(139)) - DatanodeDetails is persisted to /home/runner/work/ozone/ozone/hadoop-ozone/integration-test/target/test-dir/MiniOzoneClusterImpl-da04a438-6ec0-4fc9-9b2e-e93c90459920/datanode-6/meta/datanode.id
2024-02-10 23:48:12,035 [main] INFO  ozone.HddsDatanodeService (HddsDatanodeService.java:start(240)) - HddsDatanodeService host:fv-az886-285.zcyxlggriy4uppruju113mie5f.cx.internal.cloudapp.net ip:10.1.0.12
2024-02-10 23:48:12,052 [main] INFO  upgrade.AbstractLayoutVersionManager (AbstractLayoutVersionManager.java:init(83)) - Initializing Layout version manager with metadata layout = HADOOP_PRC_PORTS_IN_DATANODEDETAILS (version = 7), software layout = HADOOP_PRC_PORTS_IN_DATANODEDETAILS (version = 7)
2024-02-10 23:48:12,052 [main] INFO  statemachine.DatanodeStateMachine (DatanodeStateMachine.java:getEndPointTaskThreadPoolSize(299)) - Datanode State Machine Task Thread Pool size 2
2024-02-10 23:48:12,053 [main] INFO  volume.HddsVolume (HddsVolume.java:<init>(125)) - Creating HddsVolume: /home/runner/work/ozone/ozone/hadoop-ozone/integration-test/target/test-dir/MiniOzoneClusterImpl-da04a438-6ec0-4fc9-9b2e-e93c90459920/datanode-7/data-0/containers/hdds of storage type : DISK capacity : 9223372036854775807
2024-02-10 23:48:12,053 [main] INFO  volume.MutableVolumeSet (MutableVolumeSet.java:initializeVolumeSet(173)) - Added Volume : /home/runner/work/ozone/ozone/hadoop-ozone/integration-test/target/test-dir/MiniOzoneClusterImpl-da04a438-6ec0-4fc9-9b2e-e93c90459920/datanode-7/data-0/containers/hdds to VolumeSet
2024-02-10 23:48:12,054 [main] INFO  volume.MutableVolumeSet (MutableVolumeSet.java:initializeVolumeSet(173)) - Added Volume : /home/runner/work/ozone/ozone/hadoop-ozone/integration-test/target/test-dir/MiniOzoneClusterImpl-da04a438-6ec0-4fc9-9b2e-e93c90459920/datanode-7/data/ratis to VolumeSet
2024-02-10 23:48:12,056 [main] INFO  ozoneimpl.OzoneContainer (HddsVolumeUtil.java:loadAllHddsVolumeDbStore(103)) - Load 1 volumes DbStore cost: 2ms
2024-02-10 23:48:12,058 [main] INFO  server.RaftServer (ConfUtils.java:logGet(46)) - raft.rpc.type = GRPC (default)
2024-02-10 23:48:12,058 [main] INFO  grpc.GrpcConfigKeys (ConfUtils.java:logFallback(53)) - raft.grpc.admin.host = null (fallback to raft.grpc.server.host)
2024-02-10 23:48:12,058 [main] INFO  grpc.GrpcConfigKeys (ConfUtils.java:logGet(46)) - raft.grpc.admin.port = 15343 (custom)
2024-02-10 23:48:12,058 [main] INFO  grpc.GrpcConfigKeys (ConfUtils.java:logFallback(53)) - raft.grpc.client.host = null (fallback to raft.grpc.server.host)
2024-02-10 23:48:12,058 [main] INFO  grpc.GrpcConfigKeys (ConfUtils.java:logGet(46)) - raft.grpc.client.port = 15342 (custom)
2024-02-10 23:48:12,059 [main] INFO  grpc.GrpcConfigKeys (ConfUtils.java:logGet(46)) - raft.grpc.server.host = null (default)
2024-02-10 23:48:12,059 [main] INFO  grpc.GrpcConfigKeys (ConfUtils.java:logGet(46)) - raft.grpc.server.port = 15344 (custom)
2024-02-10 23:48:12,059 [main] INFO  server.GrpcService (ConfUtils.java:logGet(46)) - raft.grpc.message.size.max = 32MB (=33554432) (custom)
2024-02-10 23:48:12,059 [main] INFO  server.RaftServerConfigKeys (ConfUtils.java:logGet(46)) - raft.server.log.appender.buffer.byte-limit = 8388608 (custom)
2024-02-10 23:48:12,059 [main] INFO  server.GrpcService (ConfUtils.java:logGet(46)) - raft.grpc.flow.control.window = 5MB (=5242880) (custom)
2024-02-10 23:48:12,059 [main] INFO  server.RaftServerConfigKeys (ConfUtils.java:logGet(46)) - raft.server.rpc.request.timeout = 3000ms (default)
2024-02-10 23:48:12,059 [main] INFO  grpc.GrpcConfigKeys (ConfUtils.java:logGet(46)) - raft.grpc.server.heartbeat.channel = true (default)
2024-02-10 23:48:12,059 [main] INFO  grpc.GrpcConfigKeys (ConfUtils.java:logGet(46)) - raft.grpc.server.async.request.thread.pool.cached = true (default)
2024-02-10 23:48:12,060 [main] INFO  grpc.GrpcConfigKeys (ConfUtils.java:logGet(46)) - raft.grpc.server.async.request.thread.pool.size = 32 (default)
2024-02-10 23:48:12,061 [main] INFO  impl.DataStreamServerImpl (ConfUtils.java:logGet(46)) - raft.datastream.type = NETTY (custom)
2024-02-10 23:48:12,061 [main] INFO  server.RaftServerConfigKeys (ConfUtils.java:logGet(46)) - raft.server.data-stream.async.request.thread.pool.cached = false (default)
2024-02-10 23:48:12,062 [main] INFO  server.RaftServerConfigKeys (ConfUtils.java:logGet(46)) - raft.server.data-stream.async.request.thread.pool.size = 20 (custom)
2024-02-10 23:48:12,062 [main] INFO  server.RaftServerConfigKeys (ConfUtils.java:logGet(46)) - raft.server.data-stream.async.write.thread.pool.size = 16 (default)
2024-02-10 23:48:12,062 [main] INFO  netty.NettyConfigKeys$DataStream (ConfUtils.java:logGet(46)) - raft.netty.dataStream.server.channel.inactive.grace-period = 10min (default)
2024-02-10 23:48:12,062 [main] INFO  server.RaftServerConfigKeys (ConfUtils.java:logGet(46)) - raft.server.data-stream.client.pool.size = 10 (default)
2024-02-10 23:48:12,062 [main] INFO  netty.NettyConfigKeys$DataStream (ConfUtils.java:logGet(46)) - raft.netty.dataStream.server.use-epoll = true (default)
2024-02-10 23:48:12,062 [main] INFO  netty.NettyConfigKeys$DataStream (ConfUtils.java:logGet(46)) - raft.netty.dataStream.server.boss-group.size = 0 (default)
2024-02-10 23:48:12,062 [main] INFO  netty.NettyUtils (NettyUtils.java:newEventLoopGroup(69)) - Create EpollEventLoopGroup for e6303cd0-aa6e-4f0b-8227-f9fc00433fb7-NettyServerStreamRpc-bossGroup; Thread size is 0.
2024-02-10 23:48:12,063 [main] INFO  netty.NettyConfigKeys$DataStream (ConfUtils.java:logGet(46)) - raft.netty.dataStream.server.worker-group.size = 0 (default)
2024-02-10 23:48:12,063 [main] INFO  netty.NettyUtils (NettyUtils.java:newEventLoopGroup(69)) - Create EpollEventLoopGroup for e6303cd0-aa6e-4f0b-8227-f9fc00433fb7-NettyServerStreamRpc-workerGroup; Thread size is 0.
2024-02-10 23:48:12,063 [main] INFO  netty.NettyConfigKeys$DataStream (ConfUtils.java:logGet(46)) - raft.netty.dataStream.server.tls.conf = null (default)
2024-02-10 23:48:12,063 [main] INFO  netty.NettyConfigKeys$DataStream (ConfUtils.java:logGet(46)) - raft.netty.dataStream.host = null (default)
2024-02-10 23:48:12,063 [main] INFO  netty.NettyConfigKeys$DataStream (ConfUtils.java:logGet(46)) - raft.netty.dataStream.port = 15345 (custom)
2024-02-10 23:48:12,064 [main] INFO  server.RaftServerConfigKeys (ConfUtils.java:logGet(46)) - raft.server.sleep.deviation.threshold = 300ms (default)
2024-02-10 23:48:12,064 [main] INFO  server.RaftServerConfigKeys (ConfUtils.java:logGet(46)) - raft.server.close.threshold = 60s (default)
2024-02-10 23:48:12,064 [main] INFO  server.RaftServerConfigKeys (ConfUtils.java:logGet(46)) - raft.server.leaderelection.leader.step-down.wait-time = 10s (default)
2024-02-10 23:48:12,064 [e6303cd0-aa6e-4f0b-8227-f9fc00433fb7-NettyServerStreamRpc-bossGroup--thread1] INFO  logging.LoggingHandler (AbstractInternalLogger.java:log(148)) - [id: 0xd997e9fb] REGISTERED
2024-02-10 23:48:12,064 [main] INFO  server.RaftServerConfigKeys (ConfUtils.java:logGet(46)) - raft.server.storage.dir = [/home/runner/work/ozone/ozone/hadoop-ozone/integration-test/target/test-dir/MiniOzoneClusterImpl-da04a438-6ec0-4fc9-9b2e-e93c90459920/datanode-7/data/ratis] (custom)
2024-02-10 23:48:12,064 [main] INFO  server.RaftServerConfigKeys (ConfUtils.java:logGet(46)) - raft.server.threadpool.proxy.cached = true (default)
2024-02-10 23:48:12,065 [main] INFO  server.RaftServerConfigKeys (ConfUtils.java:logGet(46)) - raft.server.threadpool.proxy.size = 0 (default)
2024-02-10 23:48:12,064 [e6303cd0-aa6e-4f0b-8227-f9fc00433fb7-NettyServerStreamRpc-bossGroup--thread1] INFO  logging.LoggingHandler (AbstractInternalLogger.java:log(148)) - [id: 0xd997e9fb] BIND: 0.0.0.0/0.0.0.0:15345
2024-02-10 23:48:12,065 [e6303cd0-aa6e-4f0b-8227-f9fc00433fb7-NettyServerStreamRpc-bossGroup--thread1] INFO  logging.LoggingHandler (AbstractInternalLogger.java:log(148)) - [id: 0xd997e9fb, L:/0.0.0.0:15345] ACTIVE
2024-02-10 23:48:12,065 [e6303cd0-aa6e-4f0b-8227-f9fc00433fb7-impl-thread1] INFO  server.RaftServer (RaftServerProxy.java:initGroupDir(264)) - e6303cd0-aa6e-4f0b-8227-f9fc00433fb7: found a subdirectory /home/runner/work/ozone/ozone/hadoop-ozone/integration-test/target/test-dir/MiniOzoneClusterImpl-da04a438-6ec0-4fc9-9b2e-e93c90459920/datanode-7/data/ratis/tmp
2024-02-10 23:48:12,065 [e6303cd0-aa6e-4f0b-8227-f9fc00433fb7-impl-thread1] INFO  server.RaftServer (RaftServerProxy.java:initGroupDir(269)) - e6303cd0-aa6e-4f0b-8227-f9fc00433fb7: The directory /home/runner/work/ozone/ozone/hadoop-ozone/integration-test/target/test-dir/MiniOzoneClusterImpl-da04a438-6ec0-4fc9-9b2e-e93c90459920/datanode-7/data/ratis/tmp is not a group directory; ignoring it. 
2024-02-10 23:48:12,065 [main] INFO  replication.ReplicationServer (ReplicationServer.java:<init>(86)) - Initializing replication server with thread count = 10 queue length = 4096
2024-02-10 23:48:12,066 [main] INFO  server.XceiverServerGrpc (XceiverServerGrpc.java:<init>(141)) - GrpcServer channel type EpollServerSocketChannel
2024-02-10 23:48:12,068 [main] INFO  replication.ReplicationSupervisor (ReplicationSupervisor.java:build(163)) - Initializing replication supervisor with thread count = 10
2024-02-10 23:48:12,068 [main] INFO  replication.ReplicationSupervisor (ReplicationSupervisor.java:nodeStateUpdated(317)) - Node state updated to IN_SERVICE, scaling executor pool size to 10
2024-02-10 23:48:12,069 [main] INFO  http.BaseHttpServer (BaseHttpServer.java:newHttpServer2BuilderForOzone(223)) - Starting Web-server for hddsDatanode at: http://0.0.0.0:15339
2024-02-10 23:48:12,069 [main] INFO  http.BaseHttpServer (BaseHttpServer.java:<init>(110)) - Hadoop Security Enabled: false Ozone Security Enabled: false Ozone HTTP Security Enabled: false 
2024-02-10 23:48:12,070 [main] WARN  server.AuthenticationFilter (AuthenticationFilter.java:constructSecretProvider(240)) - Unable to initialize FileSignerSecretProvider, falling back to use random secrets. Reason: Could not read signature secret file: /home/runner/hadoop-http-auth-signature-secret
2024-02-10 23:48:12,071 [main] INFO  http.HttpRequestLog (HttpRequestLog.java:getRequestLog(86)) - Http request log for http.requests.hddsDatanode is not defined
2024-02-10 23:48:12,071 [main] INFO  http.HttpServer2 (HttpServer2.java:addGlobalFilter(1036)) - Added global filter 'safety' (class=org.apache.hadoop.hdds.server.http.HttpServer2$QuotingInputFilter)
2024-02-10 23:48:12,072 [main] INFO  http.HttpServer2 (HttpServer2.java:addFilter(1012)) - Added filter static_user_filter (class=org.apache.hadoop.http.lib.StaticUserWebFilter$StaticUserFilter) to context hddsDatanode
2024-02-10 23:48:12,072 [main] INFO  http.HttpServer2 (HttpServer2.java:addFilter(1020)) - Added filter static_user_filter (class=org.apache.hadoop.http.lib.StaticUserWebFilter$StaticUserFilter) to context static
2024-02-10 23:48:12,072 [main] INFO  http.HttpServer2 (HttpServer2.java:addFilter(1020)) - Added filter static_user_filter (class=org.apache.hadoop.http.lib.StaticUserWebFilter$StaticUserFilter) to context logs
2024-02-10 23:48:12,072 [main] INFO  http.BaseHttpServer (BaseHttpServer.java:<init>(189)) - HTTP server of hddsDatanode uses base directory /home/runner/work/ozone/ozone/hadoop-ozone/integration-test/target/test-dir/MiniOzoneClusterImpl-da04a438-6ec0-4fc9-9b2e-e93c90459920/datanode-7/meta/webserver
2024-02-10 23:48:12,073 [main] INFO  http.HttpServer2 (HttpServer2.java:bindListener(1236)) - Jetty bound to port 15339
2024-02-10 23:48:12,073 [main] INFO  server.Server (Server.java:doStart(375)) - jetty-9.4.53.v20231009; built: 2023-10-09T12:29:09.265Z; git: 27bde00a0b95a1d5bbee0eae7984f891d2d0f8c9; jvm 1.8.0_402-b06
2024-02-10 23:48:12,074 [main] INFO  server.session (DefaultSessionIdManager.java:doStart(334)) - DefaultSessionIdManager workerName=node0
2024-02-10 23:48:12,074 [main] INFO  server.session (DefaultSessionIdManager.java:doStart(339)) - No SessionScavenger set, using defaults
2024-02-10 23:48:12,074 [main] INFO  server.session (HouseKeeper.java:startScavenging(132)) - node0 Scavenging every 660000ms
2024-02-10 23:48:12,074 [main] INFO  handler.ContextHandler (ContextHandler.java:doStart(921)) - Started o.e.j.s.ServletContextHandler@c870a68{logs,/logs,file:///home/runner/work/ozone/ozone/hadoop-ozone/integration-test/target/log,AVAILABLE}
2024-02-10 23:48:12,075 [main] INFO  handler.ContextHandler (ContextHandler.java:doStart(921)) - Started o.e.j.s.ServletContextHandler@3e79490{static,/static,jar:file:/home/runner/.m2/repository/org/apache/ozone/hdds-container-service/1.5.0-SNAPSHOT/hdds-container-service-1.5.0-SNAPSHOT.jar!/webapps/static,AVAILABLE}
2024-02-10 23:48:12,105 [main] INFO  handler.ContextHandler (ContextHandler.java:doStart(921)) - Started o.e.j.w.WebAppContext@3819197c{hddsDatanode,/,file:///home/runner/work/ozone/ozone/hadoop-ozone/integration-test/target/test-dir/MiniOzoneClusterImpl-da04a438-6ec0-4fc9-9b2e-e93c90459920/datanode-7/meta/webserver/jetty-0_0_0_0-15339-hdds-container-service-1_5_0-SNAPSHOT_jar-_-any-7139416152146180962/webapp/,AVAILABLE}{jar:file:/home/runner/.m2/repository/org/apache/ozone/hdds-container-service/1.5.0-SNAPSHOT/hdds-container-service-1.5.0-SNAPSHOT.jar!/webapps/hddsDatanode}
2024-02-10 23:48:12,109 [main] INFO  server.AbstractConnector (AbstractConnector.java:doStart(333)) - Started ServerConnector@6a11559e{HTTP/1.1, (http/1.1)}{0.0.0.0:15339}
2024-02-10 23:48:12,109 [main] INFO  server.Server (Server.java:doStart(415)) - Started @115665ms
2024-02-10 23:48:12,109 [main] WARN  impl.MetricsSystemImpl (MetricsSystemImpl.java:register(279)) - Sink prometheus already exists!
2024-02-10 23:48:12,109 [main] INFO  http.BaseHttpServer (BaseHttpServer.java:updateConnectorAddress(354)) - HTTP server of hddsDatanode listening at http://0.0.0.0:15339
2024-02-10 23:48:12,110 [main] INFO  ipc.CallQueueManager (CallQueueManager.java:<init>(90)) - Using callQueue: class java.util.concurrent.LinkedBlockingQueue, queueCapacity: 100, scheduler: class org.apache.hadoop.ipc.DefaultRpcScheduler, ipcBackoff: false.
2024-02-10 23:48:12,110 [main] INFO  ipc.Server (Server.java:<init>(1287)) - Listener at 0.0.0.0:15340
2024-02-10 23:48:12,110 [Socket Reader #1 for port 15340] INFO  ipc.Server (Server.java:run(1323)) - Starting Socket Reader #1 for port 15340
2024-02-10 23:48:12,112 [main] INFO  ozone.HddsDatanodeService (HddsDatanodeService.java:start(327)) - Datanode start with admins: [runner]
2024-02-10 23:48:12,112 [main] INFO  ozone.HddsDatanodeClientProtocolServer (HddsDatanodeClientProtocolServer.java:start(72)) - RPC server for Client /0.0.0.0:15340
2024-02-10 23:48:12,112 [IPC Server Responder] INFO  ipc.Server (Server.java:run(1562)) - IPC Server Responder: starting
2024-02-10 23:48:12,112 [IPC Server listener on 15340] INFO  ipc.Server (Server.java:run(1402)) - IPC Server listener on 15340: starting
2024-02-10 23:48:12,114 [e6303cd0-aa6e-4f0b-8227-f9fc00433fb7-DatanodeStateMachineDaemonThread] INFO  statemachine.DatanodeStateMachine (DatanodeStateMachine.java:lambda$startDaemon$1(555)) - Ozone container server started.
2024-02-10 23:48:12,114 [main] WARN  dropwizard3.Dm3MetricRegistriesImpl (Dm3MetricRegistriesImpl.java:addReporterRegistration(113)) - New reporters are added after registries were created. Some metrics will be missing from the reporter. Please add reporter before adding any new registry.
2024-02-10 23:48:12,115 [main] WARN  dropwizard3.Dm3MetricRegistriesImpl (Dm3MetricRegistriesImpl.java:addReporterRegistration(113)) - New reporters are added after registries were created. Some metrics will be missing from the reporter. Please add reporter before adding any new registry.
2024-02-10 23:48:12,115 [main] INFO  impl.MetricsSystemImpl (MetricsSystemImpl.java:init(158)) - HddsDatanode metrics system started (again)
2024-02-10 23:48:12,117 [e6303cd0-aa6e-4f0b-8227-f9fc00433fb7-DatanodeStateMachineTaskThread-0] INFO  datanode.InitDatanodeState (InitDatanodeState.java:persistContainerDatanodeDetails(139)) - DatanodeDetails is persisted to /home/runner/work/ozone/ozone/hadoop-ozone/integration-test/target/test-dir/MiniOzoneClusterImpl-da04a438-6ec0-4fc9-9b2e-e93c90459920/datanode-7/meta/datanode.id
2024-02-10 23:48:12,126 [main] INFO  ozone.HddsDatanodeService (HddsDatanodeService.java:start(240)) - HddsDatanodeService host:fv-az886-285.zcyxlggriy4uppruju113mie5f.cx.internal.cloudapp.net ip:10.1.0.12
2024-02-10 23:48:12,142 [main] INFO  upgrade.AbstractLayoutVersionManager (AbstractLayoutVersionManager.java:init(83)) - Initializing Layout version manager with metadata layout = HADOOP_PRC_PORTS_IN_DATANODEDETAILS (version = 7), software layout = HADOOP_PRC_PORTS_IN_DATANODEDETAILS (version = 7)
2024-02-10 23:48:12,143 [main] INFO  statemachine.DatanodeStateMachine (DatanodeStateMachine.java:getEndPointTaskThreadPoolSize(299)) - Datanode State Machine Task Thread Pool size 2
2024-02-10 23:48:12,143 [main] INFO  volume.HddsVolume (HddsVolume.java:<init>(125)) - Creating HddsVolume: /home/runner/work/ozone/ozone/hadoop-ozone/integration-test/target/test-dir/MiniOzoneClusterImpl-da04a438-6ec0-4fc9-9b2e-e93c90459920/datanode-8/data-0/containers/hdds of storage type : DISK capacity : 9223372036854775807
2024-02-10 23:48:12,144 [main] INFO  volume.MutableVolumeSet (MutableVolumeSet.java:initializeVolumeSet(173)) - Added Volume : /home/runner/work/ozone/ozone/hadoop-ozone/integration-test/target/test-dir/MiniOzoneClusterImpl-da04a438-6ec0-4fc9-9b2e-e93c90459920/datanode-8/data-0/containers/hdds to VolumeSet
2024-02-10 23:48:12,144 [main] INFO  volume.MutableVolumeSet (MutableVolumeSet.java:initializeVolumeSet(173)) - Added Volume : /home/runner/work/ozone/ozone/hadoop-ozone/integration-test/target/test-dir/MiniOzoneClusterImpl-da04a438-6ec0-4fc9-9b2e-e93c90459920/datanode-8/data/ratis to VolumeSet
2024-02-10 23:48:12,144 [main] INFO  ozoneimpl.OzoneContainer (HddsVolumeUtil.java:loadAllHddsVolumeDbStore(103)) - Load 1 volumes DbStore cost: 0ms
2024-02-10 23:48:12,145 [main] INFO  server.RaftServer (ConfUtils.java:logGet(46)) - raft.rpc.type = GRPC (default)
2024-02-10 23:48:12,146 [main] INFO  grpc.GrpcConfigKeys (ConfUtils.java:logFallback(53)) - raft.grpc.admin.host = null (fallback to raft.grpc.server.host)
2024-02-10 23:48:12,146 [main] INFO  grpc.GrpcConfigKeys (ConfUtils.java:logGet(46)) - raft.grpc.admin.port = 15352 (custom)
2024-02-10 23:48:12,146 [main] INFO  grpc.GrpcConfigKeys (ConfUtils.java:logFallback(53)) - raft.grpc.client.host = null (fallback to raft.grpc.server.host)
2024-02-10 23:48:12,146 [main] INFO  grpc.GrpcConfigKeys (ConfUtils.java:logGet(46)) - raft.grpc.client.port = 15351 (custom)
2024-02-10 23:48:12,146 [main] INFO  grpc.GrpcConfigKeys (ConfUtils.java:logGet(46)) - raft.grpc.server.host = null (default)
2024-02-10 23:48:12,146 [main] INFO  grpc.GrpcConfigKeys (ConfUtils.java:logGet(46)) - raft.grpc.server.port = 15353 (custom)
2024-02-10 23:48:12,146 [main] INFO  server.GrpcService (ConfUtils.java:logGet(46)) - raft.grpc.message.size.max = 32MB (=33554432) (custom)
2024-02-10 23:48:12,146 [main] INFO  server.RaftServerConfigKeys (ConfUtils.java:logGet(46)) - raft.server.log.appender.buffer.byte-limit = 8388608 (custom)
2024-02-10 23:48:12,147 [main] INFO  server.GrpcService (ConfUtils.java:logGet(46)) - raft.grpc.flow.control.window = 5MB (=5242880) (custom)
2024-02-10 23:48:12,147 [main] INFO  server.RaftServerConfigKeys (ConfUtils.java:logGet(46)) - raft.server.rpc.request.timeout = 3000ms (default)
2024-02-10 23:48:12,147 [main] INFO  grpc.GrpcConfigKeys (ConfUtils.java:logGet(46)) - raft.grpc.server.heartbeat.channel = true (default)
2024-02-10 23:48:12,147 [main] INFO  grpc.GrpcConfigKeys (ConfUtils.java:logGet(46)) - raft.grpc.server.async.request.thread.pool.cached = true (default)
2024-02-10 23:48:12,147 [main] INFO  grpc.GrpcConfigKeys (ConfUtils.java:logGet(46)) - raft.grpc.server.async.request.thread.pool.size = 32 (default)
2024-02-10 23:48:12,149 [main] INFO  impl.DataStreamServerImpl (ConfUtils.java:logGet(46)) - raft.datastream.type = NETTY (custom)
2024-02-10 23:48:12,149 [main] INFO  server.RaftServerConfigKeys (ConfUtils.java:logGet(46)) - raft.server.data-stream.async.request.thread.pool.cached = false (default)
2024-02-10 23:48:12,149 [main] INFO  server.RaftServerConfigKeys (ConfUtils.java:logGet(46)) - raft.server.data-stream.async.request.thread.pool.size = 20 (custom)
2024-02-10 23:48:12,149 [main] INFO  server.RaftServerConfigKeys (ConfUtils.java:logGet(46)) - raft.server.data-stream.async.write.thread.pool.size = 16 (default)
2024-02-10 23:48:12,149 [main] INFO  netty.NettyConfigKeys$DataStream (ConfUtils.java:logGet(46)) - raft.netty.dataStream.server.channel.inactive.grace-period = 10min (default)
2024-02-10 23:48:12,149 [main] INFO  server.RaftServerConfigKeys (ConfUtils.java:logGet(46)) - raft.server.data-stream.client.pool.size = 10 (default)
2024-02-10 23:48:12,149 [main] INFO  netty.NettyConfigKeys$DataStream (ConfUtils.java:logGet(46)) - raft.netty.dataStream.server.use-epoll = true (default)
2024-02-10 23:48:12,150 [main] INFO  netty.NettyConfigKeys$DataStream (ConfUtils.java:logGet(46)) - raft.netty.dataStream.server.boss-group.size = 0 (default)
2024-02-10 23:48:12,150 [main] INFO  netty.NettyUtils (NettyUtils.java:newEventLoopGroup(69)) - Create EpollEventLoopGroup for f4d36fa5-ed0e-4d34-ba3c-8c17cce67bcd-NettyServerStreamRpc-bossGroup; Thread size is 0.
2024-02-10 23:48:12,150 [main] INFO  netty.NettyConfigKeys$DataStream (ConfUtils.java:logGet(46)) - raft.netty.dataStream.server.worker-group.size = 0 (default)
2024-02-10 23:48:12,150 [main] INFO  netty.NettyUtils (NettyUtils.java:newEventLoopGroup(69)) - Create EpollEventLoopGroup for f4d36fa5-ed0e-4d34-ba3c-8c17cce67bcd-NettyServerStreamRpc-workerGroup; Thread size is 0.
2024-02-10 23:48:12,150 [main] INFO  netty.NettyConfigKeys$DataStream (ConfUtils.java:logGet(46)) - raft.netty.dataStream.server.tls.conf = null (default)
2024-02-10 23:48:12,150 [main] INFO  netty.NettyConfigKeys$DataStream (ConfUtils.java:logGet(46)) - raft.netty.dataStream.host = null (default)
2024-02-10 23:48:12,150 [main] INFO  netty.NettyConfigKeys$DataStream (ConfUtils.java:logGet(46)) - raft.netty.dataStream.port = 15354 (custom)
2024-02-10 23:48:12,151 [main] INFO  server.RaftServerConfigKeys (ConfUtils.java:logGet(46)) - raft.server.sleep.deviation.threshold = 300ms (default)
2024-02-10 23:48:12,151 [f4d36fa5-ed0e-4d34-ba3c-8c17cce67bcd-NettyServerStreamRpc-bossGroup--thread1] INFO  logging.LoggingHandler (AbstractInternalLogger.java:log(148)) - [id: 0x37a590b9] REGISTERED
2024-02-10 23:48:12,151 [main] INFO  server.RaftServerConfigKeys (ConfUtils.java:logGet(46)) - raft.server.close.threshold = 60s (default)
2024-02-10 23:48:12,151 [f4d36fa5-ed0e-4d34-ba3c-8c17cce67bcd-NettyServerStreamRpc-bossGroup--thread1] INFO  logging.LoggingHandler (AbstractInternalLogger.java:log(148)) - [id: 0x37a590b9] BIND: 0.0.0.0/0.0.0.0:15354
2024-02-10 23:48:12,151 [main] INFO  server.RaftServerConfigKeys (ConfUtils.java:logGet(46)) - raft.server.leaderelection.leader.step-down.wait-time = 10s (default)
2024-02-10 23:48:12,151 [f4d36fa5-ed0e-4d34-ba3c-8c17cce67bcd-NettyServerStreamRpc-bossGroup--thread1] INFO  logging.LoggingHandler (AbstractInternalLogger.java:log(148)) - [id: 0x37a590b9, L:/0.0.0.0:15354] ACTIVE
2024-02-10 23:48:12,151 [main] INFO  server.RaftServerConfigKeys (ConfUtils.java:logGet(46)) - raft.server.storage.dir = [/home/runner/work/ozone/ozone/hadoop-ozone/integration-test/target/test-dir/MiniOzoneClusterImpl-da04a438-6ec0-4fc9-9b2e-e93c90459920/datanode-8/data/ratis] (custom)
2024-02-10 23:48:12,152 [main] INFO  server.RaftServerConfigKeys (ConfUtils.java:logGet(46)) - raft.server.threadpool.proxy.cached = true (default)
2024-02-10 23:48:12,152 [main] INFO  server.RaftServerConfigKeys (ConfUtils.java:logGet(46)) - raft.server.threadpool.proxy.size = 0 (default)
2024-02-10 23:48:12,152 [f4d36fa5-ed0e-4d34-ba3c-8c17cce67bcd-impl-thread1] INFO  server.RaftServer (RaftServerProxy.java:initGroupDir(264)) - f4d36fa5-ed0e-4d34-ba3c-8c17cce67bcd: found a subdirectory /home/runner/work/ozone/ozone/hadoop-ozone/integration-test/target/test-dir/MiniOzoneClusterImpl-da04a438-6ec0-4fc9-9b2e-e93c90459920/datanode-8/data/ratis/tmp
2024-02-10 23:48:12,152 [f4d36fa5-ed0e-4d34-ba3c-8c17cce67bcd-impl-thread1] INFO  server.RaftServer (RaftServerProxy.java:initGroupDir(269)) - f4d36fa5-ed0e-4d34-ba3c-8c17cce67bcd: The directory /home/runner/work/ozone/ozone/hadoop-ozone/integration-test/target/test-dir/MiniOzoneClusterImpl-da04a438-6ec0-4fc9-9b2e-e93c90459920/datanode-8/data/ratis/tmp is not a group directory; ignoring it. 
2024-02-10 23:48:12,152 [main] INFO  replication.ReplicationServer (ReplicationServer.java:<init>(86)) - Initializing replication server with thread count = 10 queue length = 4096
2024-02-10 23:48:12,153 [main] INFO  server.XceiverServerGrpc (XceiverServerGrpc.java:<init>(141)) - GrpcServer channel type EpollServerSocketChannel
2024-02-10 23:48:12,154 [main] INFO  replication.ReplicationSupervisor (ReplicationSupervisor.java:build(163)) - Initializing replication supervisor with thread count = 10
2024-02-10 23:48:12,154 [main] INFO  replication.ReplicationSupervisor (ReplicationSupervisor.java:nodeStateUpdated(317)) - Node state updated to IN_SERVICE, scaling executor pool size to 10
2024-02-10 23:48:12,155 [main] INFO  http.BaseHttpServer (BaseHttpServer.java:newHttpServer2BuilderForOzone(223)) - Starting Web-server for hddsDatanode at: http://0.0.0.0:15348
2024-02-10 23:48:12,155 [main] INFO  http.BaseHttpServer (BaseHttpServer.java:<init>(110)) - Hadoop Security Enabled: false Ozone Security Enabled: false Ozone HTTP Security Enabled: false 
2024-02-10 23:48:12,156 [main] WARN  server.AuthenticationFilter (AuthenticationFilter.java:constructSecretProvider(240)) - Unable to initialize FileSignerSecretProvider, falling back to use random secrets. Reason: Could not read signature secret file: /home/runner/hadoop-http-auth-signature-secret
2024-02-10 23:48:12,156 [main] INFO  http.HttpRequestLog (HttpRequestLog.java:getRequestLog(86)) - Http request log for http.requests.hddsDatanode is not defined
2024-02-10 23:48:12,157 [main] INFO  http.HttpServer2 (HttpServer2.java:addGlobalFilter(1036)) - Added global filter 'safety' (class=org.apache.hadoop.hdds.server.http.HttpServer2$QuotingInputFilter)
2024-02-10 23:48:12,157 [main] INFO  http.HttpServer2 (HttpServer2.java:addFilter(1012)) - Added filter static_user_filter (class=org.apache.hadoop.http.lib.StaticUserWebFilter$StaticUserFilter) to context hddsDatanode
2024-02-10 23:48:12,157 [main] INFO  http.HttpServer2 (HttpServer2.java:addFilter(1020)) - Added filter static_user_filter (class=org.apache.hadoop.http.lib.StaticUserWebFilter$StaticUserFilter) to context logs
2024-02-10 23:48:12,157 [main] INFO  http.HttpServer2 (HttpServer2.java:addFilter(1020)) - Added filter static_user_filter (class=org.apache.hadoop.http.lib.StaticUserWebFilter$StaticUserFilter) to context static
2024-02-10 23:48:12,158 [main] INFO  http.BaseHttpServer (BaseHttpServer.java:<init>(189)) - HTTP server of hddsDatanode uses base directory /home/runner/work/ozone/ozone/hadoop-ozone/integration-test/target/test-dir/MiniOzoneClusterImpl-da04a438-6ec0-4fc9-9b2e-e93c90459920/datanode-8/meta/webserver
2024-02-10 23:48:12,158 [main] INFO  http.HttpServer2 (HttpServer2.java:bindListener(1236)) - Jetty bound to port 15348
2024-02-10 23:48:12,158 [main] INFO  server.Server (Server.java:doStart(375)) - jetty-9.4.53.v20231009; built: 2023-10-09T12:29:09.265Z; git: 27bde00a0b95a1d5bbee0eae7984f891d2d0f8c9; jvm 1.8.0_402-b06
2024-02-10 23:48:12,159 [main] INFO  server.session (DefaultSessionIdManager.java:doStart(334)) - DefaultSessionIdManager workerName=node0
2024-02-10 23:48:12,159 [main] INFO  server.session (DefaultSessionIdManager.java:doStart(339)) - No SessionScavenger set, using defaults
2024-02-10 23:48:12,159 [main] INFO  server.session (HouseKeeper.java:startScavenging(132)) - node0 Scavenging every 600000ms
2024-02-10 23:48:12,159 [main] INFO  handler.ContextHandler (ContextHandler.java:doStart(921)) - Started o.e.j.s.ServletContextHandler@17587c5d{logs,/logs,file:///home/runner/work/ozone/ozone/hadoop-ozone/integration-test/target/log,AVAILABLE}
2024-02-10 23:48:12,160 [main] INFO  handler.ContextHandler (ContextHandler.java:doStart(921)) - Started o.e.j.s.ServletContextHandler@14df6836{static,/static,jar:file:/home/runner/.m2/repository/org/apache/ozone/hdds-container-service/1.5.0-SNAPSHOT/hdds-container-service-1.5.0-SNAPSHOT.jar!/webapps/static,AVAILABLE}
2024-02-10 23:48:12,190 [main] INFO  handler.ContextHandler (ContextHandler.java:doStart(921)) - Started o.e.j.w.WebAppContext@7cb17d00{hddsDatanode,/,file:///home/runner/work/ozone/ozone/hadoop-ozone/integration-test/target/test-dir/MiniOzoneClusterImpl-da04a438-6ec0-4fc9-9b2e-e93c90459920/datanode-8/meta/webserver/jetty-0_0_0_0-15348-hdds-container-service-1_5_0-SNAPSHOT_jar-_-any-2808382815093139308/webapp/,AVAILABLE}{jar:file:/home/runner/.m2/repository/org/apache/ozone/hdds-container-service/1.5.0-SNAPSHOT/hdds-container-service-1.5.0-SNAPSHOT.jar!/webapps/hddsDatanode}
2024-02-10 23:48:12,192 [main] INFO  server.AbstractConnector (AbstractConnector.java:doStart(333)) - Started ServerConnector@611de70f{HTTP/1.1, (http/1.1)}{0.0.0.0:15348}
2024-02-10 23:48:12,192 [main] INFO  server.Server (Server.java:doStart(415)) - Started @115748ms
2024-02-10 23:48:12,193 [main] WARN  impl.MetricsSystemImpl (MetricsSystemImpl.java:register(279)) - Sink prometheus already exists!
2024-02-10 23:48:12,193 [main] INFO  http.BaseHttpServer (BaseHttpServer.java:updateConnectorAddress(354)) - HTTP server of hddsDatanode listening at http://0.0.0.0:15348
2024-02-10 23:48:12,194 [main] INFO  ipc.CallQueueManager (CallQueueManager.java:<init>(90)) - Using callQueue: class java.util.concurrent.LinkedBlockingQueue, queueCapacity: 100, scheduler: class org.apache.hadoop.ipc.DefaultRpcScheduler, ipcBackoff: false.
2024-02-10 23:48:12,194 [main] INFO  ipc.Server (Server.java:<init>(1287)) - Listener at 0.0.0.0:15349
2024-02-10 23:48:12,194 [Socket Reader #1 for port 15349] INFO  ipc.Server (Server.java:run(1323)) - Starting Socket Reader #1 for port 15349
2024-02-10 23:48:12,195 [main] INFO  ozone.HddsDatanodeService (HddsDatanodeService.java:start(327)) - Datanode start with admins: [runner]
2024-02-10 23:48:12,196 [main] INFO  ozone.HddsDatanodeClientProtocolServer (HddsDatanodeClientProtocolServer.java:start(72)) - RPC server for Client /0.0.0.0:15349
2024-02-10 23:48:12,196 [IPC Server Responder] INFO  ipc.Server (Server.java:run(1562)) - IPC Server Responder: starting
2024-02-10 23:48:12,196 [IPC Server listener on 15349] INFO  ipc.Server (Server.java:run(1402)) - IPC Server listener on 15349: starting
2024-02-10 23:48:12,201 [f4d36fa5-ed0e-4d34-ba3c-8c17cce67bcd-DatanodeStateMachineDaemonThread] INFO  statemachine.DatanodeStateMachine (DatanodeStateMachine.java:lambda$startDaemon$1(555)) - Ozone container server started.
2024-02-10 23:48:12,201 [main] INFO  ozone.MiniOzoneClusterImpl (MiniOzoneClusterImpl.java:lambda$waitForClusterToBeReady$0(221)) - Waiting for nodes to be ready. Got 0 of 9 DN Heartbeats.
2024-02-10 23:48:12,203 [main] INFO  ozone.MiniOzoneClusterImpl (MiniOzoneClusterImpl.java:lambda$waitForClusterToBeReady$0(224)) - Waiting for cluster to exit safe mode
2024-02-10 23:48:12,204 [main] INFO  ozone.MiniOzoneClusterImpl (MiniOzoneClusterImpl.java:lambda$waitForClusterToBeReady$0(226)) - SCM became leader
2024-02-10 23:48:12,206 [f4d36fa5-ed0e-4d34-ba3c-8c17cce67bcd-DatanodeStateMachineTaskThread-0] INFO  datanode.InitDatanodeState (InitDatanodeState.java:persistContainerDatanodeDetails(139)) - DatanodeDetails is persisted to /home/runner/work/ozone/ozone/hadoop-ozone/integration-test/target/test-dir/MiniOzoneClusterImpl-da04a438-6ec0-4fc9-9b2e-e93c90459920/datanode-8/meta/datanode.id
2024-02-10 23:48:12,418 [om1@group-C5BA1605619E-FollowerState] INFO  impl.FollowerState (FollowerState.java:run(143)) - om1@group-C5BA1605619E-FollowerState: change to CANDIDATE, lastRpcElapsedTime:1108709582ns, electionTimeout:1107ms
2024-02-10 23:48:12,418 [om1@group-C5BA1605619E-FollowerState] INFO  impl.RoleInfo (RoleInfo.java:shutdownFollowerState(110)) - om1: shutdown om1@group-C5BA1605619E-FollowerState
2024-02-10 23:48:12,418 [om1@group-C5BA1605619E-FollowerState] INFO  server.RaftServer$Division (RaftServerImpl.java:setRole(383)) - om1@group-C5BA1605619E: changes role from  FOLLOWER to CANDIDATE at term 0 for changeToCandidate
2024-02-10 23:48:12,418 [om1@group-C5BA1605619E-FollowerState] INFO  server.RaftServerConfigKeys (ConfUtils.java:logGet(46)) - raft.server.leaderelection.pre-vote = true (default)
2024-02-10 23:48:12,418 [om1@group-C5BA1605619E-FollowerState] INFO  impl.RoleInfo (RoleInfo.java:updateAndGet(139)) - om1: start om1@group-C5BA1605619E-LeaderElection49
2024-02-10 23:48:12,421 [om1@group-C5BA1605619E-LeaderElection49] INFO  impl.LeaderElection (LeaderElection.java:askForVotes(321)) - om1@group-C5BA1605619E-LeaderElection49 PRE_VOTE round 0: submit vote requests at term 0 for -1: peers:[om1|localhost:15274]|listeners:[], old=null
2024-02-10 23:48:12,421 [om1@group-C5BA1605619E-LeaderElection49] INFO  impl.LeaderElection (LeaderElection.java:askForVotes(323)) - om1@group-C5BA1605619E-LeaderElection49 PRE_VOTE round 0: result PASSED (term=0)
2024-02-10 23:48:12,423 [om1@group-C5BA1605619E-LeaderElection49] INFO  impl.LeaderElection (LeaderElection.java:askForVotes(321)) - om1@group-C5BA1605619E-LeaderElection49 ELECTION round 0: submit vote requests at term 1 for -1: peers:[om1|localhost:15274]|listeners:[], old=null
2024-02-10 23:48:12,423 [om1@group-C5BA1605619E-LeaderElection49] INFO  impl.LeaderElection (LeaderElection.java:askForVotes(323)) - om1@group-C5BA1605619E-LeaderElection49 ELECTION round 0: result PASSED (term=1)
2024-02-10 23:48:12,423 [om1@group-C5BA1605619E-LeaderElection49] INFO  impl.RoleInfo (RoleInfo.java:shutdownLeaderElection(130)) - om1: shutdown om1@group-C5BA1605619E-LeaderElection49
2024-02-10 23:48:12,423 [om1@group-C5BA1605619E-LeaderElection49] INFO  server.RaftServer$Division (RaftServerImpl.java:setRole(383)) - om1@group-C5BA1605619E: changes role from CANDIDATE to LEADER at term 1 for changeToLeader
2024-02-10 23:48:12,423 [om1@group-C5BA1605619E-LeaderElection49] INFO  server.RaftServerConfigKeys (ConfUtils.java:logGet(46)) - raft.server.staging.catchup.gap = 1000 (default)
2024-02-10 23:48:12,423 [om1@group-C5BA1605619E-LeaderElection49] INFO  server.RaftServerConfigKeys (ConfUtils.java:logGet(46)) - raft.server.write.element-limit = 4096 (default)
2024-02-10 23:48:12,423 [om1@group-C5BA1605619E-LeaderElection49] INFO  server.RaftServerConfigKeys (ConfUtils.java:logGet(46)) - raft.server.write.byte-limit = 64MB (=67108864) (default)
2024-02-10 23:48:12,423 [om1@group-C5BA1605619E-LeaderElection49] INFO  server.RaftServerConfigKeys (ConfUtils.java:logGet(46)) - raft.server.watch.timeout = 10s (default)
2024-02-10 23:48:12,423 [om1@group-C5BA1605619E-LeaderElection49] INFO  server.RaftServerConfigKeys (ConfUtils.java:logGet(46)) - raft.server.watch.timeout.denomination = 1s (default)
2024-02-10 23:48:12,424 [om1@group-C5BA1605619E-LeaderElection49] INFO  server.RaftServerConfigKeys (ConfUtils.java:logGet(46)) - raft.server.watch.element-limit = 65536 (default)
2024-02-10 23:48:12,424 [om1@group-C5BA1605619E-LeaderElection49] INFO  server.RaftServerConfigKeys (ConfUtils.java:logGet(46)) - raft.server.read.leader.lease.enabled = false (default)
2024-02-10 23:48:12,424 [om1@group-C5BA1605619E-LeaderElection49] INFO  server.RaftServerConfigKeys (ConfUtils.java:logGet(46)) - raft.server.read.leader.lease.timeout.ratio = 0.9 (default)
2024-02-10 23:48:12,424 [om1@group-C5BA1605619E-LeaderElection49] INFO  server.RaftServerConfigKeys (ConfUtils.java:logGet(46)) - raft.server.rpc.timeout.min = 1s (custom)
2024-02-10 23:48:12,424 [om1@group-C5BA1605619E-LeaderElection49] INFO  server.RaftServerConfigKeys (ConfUtils.java:logGet(46)) - raft.server.write.element-limit = 4096 (default)
2024-02-10 23:48:12,424 [om1@group-C5BA1605619E-LeaderElection49] INFO  server.RaftServerConfigKeys (ConfUtils.java:logGet(46)) - raft.server.write.follower.gap.ratio.max = -1.0 (default)
2024-02-10 23:48:12,424 [om1@group-C5BA1605619E-LeaderElection49] INFO  impl.RoleInfo (RoleInfo.java:updateAndGet(139)) - om1: start om1@group-C5BA1605619E-LeaderStateImpl
2024-02-10 23:48:12,424 [om1@group-C5BA1605619E-LeaderElection49] INFO  server.RaftServer$Division (RaftServerImpl.java:setFirstElection(574)) - om1@group-C5BA1605619E: set firstElectionSinceStartup to false for becomeLeader
2024-02-10 23:48:12,424 [om1@group-C5BA1605619E-LeaderElection49] INFO  server.RaftServer$Division (ServerState.java:setLeader(269)) - om1@group-C5BA1605619E: change Leader from null to om1 at term 1 for becomeLeader, leader elected after 1370ms
2024-02-10 23:48:12,424 [om1@group-C5BA1605619E-LeaderElection49] INFO  segmented.SegmentedRaftLogWorker (SegmentedRaftLogWorker.java:startLogSegment(430)) - om1@group-C5BA1605619E-SegmentedRaftLogWorker: Starting segment from index:0
2024-02-10 23:48:12,426 [om1@group-C5BA1605619E-LeaderElection49] INFO  server.RaftServer$Division (ServerState.java:setRaftConf(386)) - om1@group-C5BA1605619E: set configuration 0: peers:[om1|localhost:15274]|listeners:[], old=null
2024-02-10 23:48:12,427 [om1@group-C5BA1605619E-SegmentedRaftLogWorker] INFO  segmented.BufferedWriteChannel (BufferedWriteChannel.java:open(62)) - open log_inprogress_0 at position 0
2024-02-10 23:48:12,434 [om1@group-C5BA1605619E-SegmentedRaftLogWorker] INFO  segmented.SegmentedRaftLogWorker (SegmentedRaftLogWorker.java:execute(634)) - om1@group-C5BA1605619E-SegmentedRaftLogWorker: created new log segment /home/runner/work/ozone/ozone/hadoop-ozone/integration-test/target/test-dir/MiniOzoneClusterImpl-da04a438-6ec0-4fc9-9b2e-e93c90459920/ozone-meta/ratis/bf265839-605b-3f16-9796-c5ba1605619e/current/log_inprogress_0
2024-02-10 23:48:12,435 [om1@group-C5BA1605619E-StateMachineUpdater] INFO  ratis.OzoneManagerStateMachine (OzoneManagerStateMachine.java:notifyConfigurationChanged(200)) - Received Configuration change notification from Ratis. New Peer list:
[id: "om1"
address: "localhost:15274"
startupRole: FOLLOWER
]
2024-02-10 23:48:12,435 [om1@group-C5BA1605619E-StateMachineUpdater] INFO  server.RaftServer$Division (LeaderStateImpl.java:isApplied(320)) - leader is ready since appliedIndex == 0 >= startIndex == 0
2024-02-10 23:48:12,673 [timer4] WARN  server.GrpcLogAppender (GrpcLogAppender.java:lambda$resetClient$1(217)) - 00f79fd8-53dd-4414-aaef-f132ba58a2e3@group-2C8964B3E966->429187dc-4ed8-447c-8245-7f400e16bb1c-GrpcLogAppender: Follower failed (request=null, errorCount=2); keep nextIndex (1) unchanged and retry. (Repeated 2 times in the last 5.000s)
2024-02-10 23:48:12,673 [timer3] WARN  server.GrpcLogAppender (LogUtils.java:warn(121)) - 00f79fd8-53dd-4414-aaef-f132ba58a2e3@group-2C8964B3E966->429187dc-4ed8-447c-8245-7f400e16bb1c-AppendLogResponseHandler: Failed appendEntries (Repeated 2 times in the last 5.000s): org.apache.ratis.thirdparty.io.grpc.StatusRuntimeException: CANCELLED: RST_STREAM closed stream. HTTP/2 error code: CANCEL
2024-02-10 23:48:13,204 [main] INFO  ozone.MiniOzoneClusterImpl (MiniOzoneClusterImpl.java:lambda$waitForClusterToBeReady$0(221)) - Waiting for nodes to be ready. Got 0 of 9 DN Heartbeats.
2024-02-10 23:48:13,204 [main] INFO  ozone.MiniOzoneClusterImpl (MiniOzoneClusterImpl.java:lambda$waitForClusterToBeReady$0(224)) - Waiting for cluster to exit safe mode
2024-02-10 23:48:13,204 [main] INFO  ozone.MiniOzoneClusterImpl (MiniOzoneClusterImpl.java:lambda$waitForClusterToBeReady$0(226)) - SCM became leader
2024-02-10 23:48:13,473 [f41b6dce-8722-4706-80fd-a8b218830cd7-EndpointStateMachineTaskThread-/0.0.0.0:15269-0 ] INFO  utils.DatanodeStoreCache (DatanodeStoreCache.java:addDB(72)) - Added db /home/runner/work/ozone/ozone/hadoop-ozone/integration-test/target/test-dir/MiniOzoneClusterImpl-da04a438-6ec0-4fc9-9b2e-e93c90459920/datanode-0/data-0/containers/hdds/da04a438-6ec0-4fc9-9b2e-e93c90459920/DS-9d938c8f-2b5b-4233-9c4b-c2391e48c6ae/container.db to cache
2024-02-10 23:48:13,473 [f41b6dce-8722-4706-80fd-a8b218830cd7-EndpointStateMachineTaskThread-/0.0.0.0:15269-0 ] INFO  volume.HddsVolume (HddsVolume.java:createDbStore(420)) - SchemaV3 db is created and loaded at /home/runner/work/ozone/ozone/hadoop-ozone/integration-test/target/test-dir/MiniOzoneClusterImpl-da04a438-6ec0-4fc9-9b2e-e93c90459920/datanode-0/data-0/containers/hdds/da04a438-6ec0-4fc9-9b2e-e93c90459920/DS-9d938c8f-2b5b-4233-9c4b-c2391e48c6ae/container.db for volume DS-9d938c8f-2b5b-4233-9c4b-c2391e48c6ae
2024-02-10 23:48:13,474 [f41b6dce-8722-4706-80fd-a8b218830cd7-ContainerReader-0] INFO  ozoneimpl.ContainerReader (ContainerReader.java:readVolume(148)) - Start to verify containers on volume /home/runner/work/ozone/ozone/hadoop-ozone/integration-test/target/test-dir/MiniOzoneClusterImpl-da04a438-6ec0-4fc9-9b2e-e93c90459920/datanode-0/data-0/containers/hdds
2024-02-10 23:48:13,474 [f41b6dce-8722-4706-80fd-a8b218830cd7-ContainerReader-0] INFO  ozoneimpl.ContainerReader (ContainerReader.java:readVolume(178)) - Finish verifying containers on volume /home/runner/work/ozone/ozone/hadoop-ozone/integration-test/target/test-dir/MiniOzoneClusterImpl-da04a438-6ec0-4fc9-9b2e-e93c90459920/datanode-0/data-0/containers/hdds
2024-02-10 23:48:13,474 [f41b6dce-8722-4706-80fd-a8b218830cd7-EndpointStateMachineTaskThread-/0.0.0.0:15269-0 ] INFO  ozoneimpl.OzoneContainer (OzoneContainer.java:buildContainerSet(328)) - Build ContainerSet costs 0s
2024-02-10 23:48:13,475 [f41b6dce-8722-4706-80fd-a8b218830cd7-EndpointStateMachineTaskThread-/0.0.0.0:15269-0 ] INFO  volume.ThrottledAsyncChecker (ThrottledAsyncChecker.java:schedule(141)) - Scheduling a check for /home/runner/work/ozone/ozone/hadoop-ozone/integration-test/target/test-dir/MiniOzoneClusterImpl-da04a438-6ec0-4fc9-9b2e-e93c90459920/datanode-0/data-0/containers/hdds
2024-02-10 23:48:13,475 [f41b6dce-8722-4706-80fd-a8b218830cd7-EndpointStateMachineTaskThread-/0.0.0.0:15269-0 ] INFO  volume.StorageVolumeChecker (StorageVolumeChecker.java:checkAllVolumes(218)) - Scheduled health check for volume /home/runner/work/ozone/ozone/hadoop-ozone/integration-test/target/test-dir/MiniOzoneClusterImpl-da04a438-6ec0-4fc9-9b2e-e93c90459920/datanode-0/data-0/containers/hdds
2024-02-10 23:48:13,476 [f41b6dce-8722-4706-80fd-a8b218830cd7-EndpointStateMachineTaskThread-/0.0.0.0:15269-0 ] INFO  volume.ThrottledAsyncChecker (ThrottledAsyncChecker.java:schedule(141)) - Scheduling a check for /home/runner/work/ozone/ozone/hadoop-ozone/integration-test/target/test-dir/MiniOzoneClusterImpl-da04a438-6ec0-4fc9-9b2e-e93c90459920/datanode-0/data/ratis
2024-02-10 23:48:13,476 [f41b6dce-8722-4706-80fd-a8b218830cd7-EndpointStateMachineTaskThread-/0.0.0.0:15269-0 ] INFO  volume.StorageVolumeChecker (StorageVolumeChecker.java:checkAllVolumes(218)) - Scheduled health check for volume /home/runner/work/ozone/ozone/hadoop-ozone/integration-test/target/test-dir/MiniOzoneClusterImpl-da04a438-6ec0-4fc9-9b2e-e93c90459920/datanode-0/data/ratis
2024-02-10 23:48:13,477 [f41b6dce-8722-4706-80fd-a8b218830cd7-EndpointStateMachineTaskThread-/0.0.0.0:15269-0 ] INFO  ozoneimpl.OzoneContainer (OzoneContainer.java:start(459)) - Attempting to start container services.
2024-02-10 23:48:13,477 [f41b6dce-8722-4706-80fd-a8b218830cd7-EndpointStateMachineTaskThread-/0.0.0.0:15269-0 ] INFO  ozoneimpl.OzoneContainer (OzoneContainer.java:startContainerScrub(339)) - Scheduled background container scanners and the on-demand container scanner have been disabled.
2024-02-10 23:48:13,479 [f41b6dce-8722-4706-80fd-a8b218830cd7-EndpointStateMachineTaskThread-/0.0.0.0:15269-0 ] INFO  replication.ReplicationServer (ReplicationServer.java:start(140)) - ReplicationServer is started using port 15283
2024-02-10 23:48:13,479 [f41b6dce-8722-4706-80fd-a8b218830cd7-EndpointStateMachineTaskThread-/0.0.0.0:15269-0 ] INFO  ratis.XceiverServerRatis (XceiverServerRatis.java:start(566)) - Starting XceiverServerRatis f41b6dce-8722-4706-80fd-a8b218830cd7
2024-02-10 23:48:13,480 [f41b6dce-8722-4706-80fd-a8b218830cd7-EndpointStateMachineTaskThread-/0.0.0.0:15269-0 ] INFO  server.RaftServer (RaftServerProxy.java:startImpl(406)) - f41b6dce-8722-4706-80fd-a8b218830cd7: start RPC server
2024-02-10 23:48:13,480 [f41b6dce-8722-4706-80fd-a8b218830cd7-EndpointStateMachineTaskThread-/0.0.0.0:15269-0 ] INFO  server.GrpcService (GrpcService.java:startImpl(302)) - f41b6dce-8722-4706-80fd-a8b218830cd7: GrpcService started, listening on 15279
2024-02-10 23:48:13,480 [f41b6dce-8722-4706-80fd-a8b218830cd7-EndpointStateMachineTaskThread-/0.0.0.0:15269-0 ] INFO  server.GrpcService (GrpcService.java:startImpl(302)) - f41b6dce-8722-4706-80fd-a8b218830cd7: GrpcService started, listening on 15281
2024-02-10 23:48:13,481 [f41b6dce-8722-4706-80fd-a8b218830cd7-EndpointStateMachineTaskThread-/0.0.0.0:15269-0 ] INFO  server.GrpcService (GrpcService.java:startImpl(302)) - f41b6dce-8722-4706-80fd-a8b218830cd7: GrpcService started, listening on 15280
2024-02-10 23:48:13,481 [f41b6dce-8722-4706-80fd-a8b218830cd7-EndpointStateMachineTaskThread-/0.0.0.0:15269-0 ] INFO  ratis.XceiverServerRatis (XceiverServerRatis.java:getRealPort(592)) - XceiverServerRatis f41b6dce-8722-4706-80fd-a8b218830cd7 is started using port 15279 for RATIS
2024-02-10 23:48:13,481 [JvmPauseMonitor35] INFO  util.JvmPauseMonitor (JvmPauseMonitor.java:run(146)) - JvmPauseMonitor-f41b6dce-8722-4706-80fd-a8b218830cd7: Started
2024-02-10 23:48:13,481 [f41b6dce-8722-4706-80fd-a8b218830cd7-EndpointStateMachineTaskThread-/0.0.0.0:15269-0 ] INFO  ratis.XceiverServerRatis (XceiverServerRatis.java:getRealPort(592)) - XceiverServerRatis f41b6dce-8722-4706-80fd-a8b218830cd7 is started using port 15280 for RATIS_ADMIN
2024-02-10 23:48:13,483 [f41b6dce-8722-4706-80fd-a8b218830cd7-EndpointStateMachineTaskThread-/0.0.0.0:15269-0 ] INFO  ratis.XceiverServerRatis (XceiverServerRatis.java:getRealPort(592)) - XceiverServerRatis f41b6dce-8722-4706-80fd-a8b218830cd7 is started using port 15281 for RATIS_SERVER
2024-02-10 23:48:13,483 [f41b6dce-8722-4706-80fd-a8b218830cd7-EndpointStateMachineTaskThread-/0.0.0.0:15269-0 ] INFO  ratis.XceiverServerRatis (XceiverServerRatis.java:getRealPort(592)) - XceiverServerRatis f41b6dce-8722-4706-80fd-a8b218830cd7 is started using port 15282 for RATIS_DATASTREAM
2024-02-10 23:48:13,483 [f41b6dce-8722-4706-80fd-a8b218830cd7-BlockDeletingService#0] INFO  interfaces.ContainerDeletionChoosingPolicyTemplate (ContainerDeletionChoosingPolicyTemplate.java:chooseContainerForBlockDeletion(85)) - Chosen 0/5000 blocks from 0 candidate containers.
2024-02-10 23:48:13,562 [73a2e683-eab9-4fa9-bf1b-2a740f4e4743-EndpointStateMachineTaskThread-/0.0.0.0:15269-0 ] INFO  utils.DatanodeStoreCache (DatanodeStoreCache.java:addDB(72)) - Added db /home/runner/work/ozone/ozone/hadoop-ozone/integration-test/target/test-dir/MiniOzoneClusterImpl-da04a438-6ec0-4fc9-9b2e-e93c90459920/datanode-1/data-0/containers/hdds/da04a438-6ec0-4fc9-9b2e-e93c90459920/DS-87668445-779c-41b9-88bc-92c44fe600ca/container.db to cache
2024-02-10 23:48:13,562 [73a2e683-eab9-4fa9-bf1b-2a740f4e4743-EndpointStateMachineTaskThread-/0.0.0.0:15269-0 ] INFO  volume.HddsVolume (HddsVolume.java:createDbStore(420)) - SchemaV3 db is created and loaded at /home/runner/work/ozone/ozone/hadoop-ozone/integration-test/target/test-dir/MiniOzoneClusterImpl-da04a438-6ec0-4fc9-9b2e-e93c90459920/datanode-1/data-0/containers/hdds/da04a438-6ec0-4fc9-9b2e-e93c90459920/DS-87668445-779c-41b9-88bc-92c44fe600ca/container.db for volume DS-87668445-779c-41b9-88bc-92c44fe600ca
2024-02-10 23:48:13,563 [73a2e683-eab9-4fa9-bf1b-2a740f4e4743-ContainerReader-0] INFO  ozoneimpl.ContainerReader (ContainerReader.java:readVolume(148)) - Start to verify containers on volume /home/runner/work/ozone/ozone/hadoop-ozone/integration-test/target/test-dir/MiniOzoneClusterImpl-da04a438-6ec0-4fc9-9b2e-e93c90459920/datanode-1/data-0/containers/hdds
2024-02-10 23:48:13,563 [73a2e683-eab9-4fa9-bf1b-2a740f4e4743-ContainerReader-0] INFO  ozoneimpl.ContainerReader (ContainerReader.java:readVolume(178)) - Finish verifying containers on volume /home/runner/work/ozone/ozone/hadoop-ozone/integration-test/target/test-dir/MiniOzoneClusterImpl-da04a438-6ec0-4fc9-9b2e-e93c90459920/datanode-1/data-0/containers/hdds
2024-02-10 23:48:13,563 [73a2e683-eab9-4fa9-bf1b-2a740f4e4743-EndpointStateMachineTaskThread-/0.0.0.0:15269-0 ] INFO  ozoneimpl.OzoneContainer (OzoneContainer.java:buildContainerSet(328)) - Build ContainerSet costs 0s
2024-02-10 23:48:13,563 [73a2e683-eab9-4fa9-bf1b-2a740f4e4743-EndpointStateMachineTaskThread-/0.0.0.0:15269-0 ] INFO  volume.ThrottledAsyncChecker (ThrottledAsyncChecker.java:schedule(141)) - Scheduling a check for /home/runner/work/ozone/ozone/hadoop-ozone/integration-test/target/test-dir/MiniOzoneClusterImpl-da04a438-6ec0-4fc9-9b2e-e93c90459920/datanode-1/data-0/containers/hdds
2024-02-10 23:48:13,564 [73a2e683-eab9-4fa9-bf1b-2a740f4e4743-EndpointStateMachineTaskThread-/0.0.0.0:15269-0 ] INFO  volume.StorageVolumeChecker (StorageVolumeChecker.java:checkAllVolumes(218)) - Scheduled health check for volume /home/runner/work/ozone/ozone/hadoop-ozone/integration-test/target/test-dir/MiniOzoneClusterImpl-da04a438-6ec0-4fc9-9b2e-e93c90459920/datanode-1/data-0/containers/hdds
2024-02-10 23:48:13,565 [73a2e683-eab9-4fa9-bf1b-2a740f4e4743-EndpointStateMachineTaskThread-/0.0.0.0:15269-0 ] INFO  volume.ThrottledAsyncChecker (ThrottledAsyncChecker.java:schedule(141)) - Scheduling a check for /home/runner/work/ozone/ozone/hadoop-ozone/integration-test/target/test-dir/MiniOzoneClusterImpl-da04a438-6ec0-4fc9-9b2e-e93c90459920/datanode-1/data/ratis
2024-02-10 23:48:13,565 [73a2e683-eab9-4fa9-bf1b-2a740f4e4743-EndpointStateMachineTaskThread-/0.0.0.0:15269-0 ] INFO  volume.StorageVolumeChecker (StorageVolumeChecker.java:checkAllVolumes(218)) - Scheduled health check for volume /home/runner/work/ozone/ozone/hadoop-ozone/integration-test/target/test-dir/MiniOzoneClusterImpl-da04a438-6ec0-4fc9-9b2e-e93c90459920/datanode-1/data/ratis
2024-02-10 23:48:13,566 [73a2e683-eab9-4fa9-bf1b-2a740f4e4743-EndpointStateMachineTaskThread-/0.0.0.0:15269-0 ] INFO  ozoneimpl.OzoneContainer (OzoneContainer.java:start(459)) - Attempting to start container services.
2024-02-10 23:48:13,566 [73a2e683-eab9-4fa9-bf1b-2a740f4e4743-EndpointStateMachineTaskThread-/0.0.0.0:15269-0 ] INFO  ozoneimpl.OzoneContainer (OzoneContainer.java:startContainerScrub(339)) - Scheduled background container scanners and the on-demand container scanner have been disabled.
2024-02-10 23:48:13,566 [73a2e683-eab9-4fa9-bf1b-2a740f4e4743-EndpointStateMachineTaskThread-/0.0.0.0:15269-0 ] INFO  replication.ReplicationServer (ReplicationServer.java:start(140)) - ReplicationServer is started using port 15292
2024-02-10 23:48:13,566 [73a2e683-eab9-4fa9-bf1b-2a740f4e4743-EndpointStateMachineTaskThread-/0.0.0.0:15269-0 ] INFO  ratis.XceiverServerRatis (XceiverServerRatis.java:start(566)) - Starting XceiverServerRatis 73a2e683-eab9-4fa9-bf1b-2a740f4e4743
2024-02-10 23:48:13,566 [73a2e683-eab9-4fa9-bf1b-2a740f4e4743-EndpointStateMachineTaskThread-/0.0.0.0:15269-0 ] INFO  server.RaftServer (RaftServerProxy.java:startImpl(406)) - 73a2e683-eab9-4fa9-bf1b-2a740f4e4743: start RPC server
2024-02-10 23:48:13,567 [73a2e683-eab9-4fa9-bf1b-2a740f4e4743-EndpointStateMachineTaskThread-/0.0.0.0:15269-0 ] INFO  server.GrpcService (GrpcService.java:startImpl(302)) - 73a2e683-eab9-4fa9-bf1b-2a740f4e4743: GrpcService started, listening on 15288
2024-02-10 23:48:13,567 [73a2e683-eab9-4fa9-bf1b-2a740f4e4743-EndpointStateMachineTaskThread-/0.0.0.0:15269-0 ] INFO  server.GrpcService (GrpcService.java:startImpl(302)) - 73a2e683-eab9-4fa9-bf1b-2a740f4e4743: GrpcService started, listening on 15290
2024-02-10 23:48:13,567 [73a2e683-eab9-4fa9-bf1b-2a740f4e4743-EndpointStateMachineTaskThread-/0.0.0.0:15269-0 ] INFO  server.GrpcService (GrpcService.java:startImpl(302)) - 73a2e683-eab9-4fa9-bf1b-2a740f4e4743: GrpcService started, listening on 15289
2024-02-10 23:48:13,567 [73a2e683-eab9-4fa9-bf1b-2a740f4e4743-EndpointStateMachineTaskThread-/0.0.0.0:15269-0 ] INFO  ratis.XceiverServerRatis (XceiverServerRatis.java:getRealPort(592)) - XceiverServerRatis 73a2e683-eab9-4fa9-bf1b-2a740f4e4743 is started using port 15288 for RATIS
2024-02-10 23:48:13,567 [JvmPauseMonitor36] INFO  util.JvmPauseMonitor (JvmPauseMonitor.java:run(146)) - JvmPauseMonitor-73a2e683-eab9-4fa9-bf1b-2a740f4e4743: Started
2024-02-10 23:48:13,567 [73a2e683-eab9-4fa9-bf1b-2a740f4e4743-EndpointStateMachineTaskThread-/0.0.0.0:15269-0 ] INFO  ratis.XceiverServerRatis (XceiverServerRatis.java:getRealPort(592)) - XceiverServerRatis 73a2e683-eab9-4fa9-bf1b-2a740f4e4743 is started using port 15289 for RATIS_ADMIN
2024-02-10 23:48:13,568 [73a2e683-eab9-4fa9-bf1b-2a740f4e4743-EndpointStateMachineTaskThread-/0.0.0.0:15269-0 ] INFO  ratis.XceiverServerRatis (XceiverServerRatis.java:getRealPort(592)) - XceiverServerRatis 73a2e683-eab9-4fa9-bf1b-2a740f4e4743 is started using port 15290 for RATIS_SERVER
2024-02-10 23:48:13,568 [73a2e683-eab9-4fa9-bf1b-2a740f4e4743-EndpointStateMachineTaskThread-/0.0.0.0:15269-0 ] INFO  ratis.XceiverServerRatis (XceiverServerRatis.java:getRealPort(592)) - XceiverServerRatis 73a2e683-eab9-4fa9-bf1b-2a740f4e4743 is started using port 15291 for RATIS_DATASTREAM
2024-02-10 23:48:13,569 [73a2e683-eab9-4fa9-bf1b-2a740f4e4743-BlockDeletingService#0] INFO  interfaces.ContainerDeletionChoosingPolicyTemplate (ContainerDeletionChoosingPolicyTemplate.java:chooseContainerForBlockDeletion(85)) - Chosen 0/5000 blocks from 0 candidate containers.
2024-02-10 23:48:13,690 [5708a1f9-d8fb-4b3a-b759-64b1395b16e1-EndpointStateMachineTaskThread-/0.0.0.0:15269-0 ] INFO  utils.DatanodeStoreCache (DatanodeStoreCache.java:addDB(72)) - Added db /home/runner/work/ozone/ozone/hadoop-ozone/integration-test/target/test-dir/MiniOzoneClusterImpl-da04a438-6ec0-4fc9-9b2e-e93c90459920/datanode-2/data-0/containers/hdds/da04a438-6ec0-4fc9-9b2e-e93c90459920/DS-e543c97f-0816-4262-af95-27e07467ebc9/container.db to cache
2024-02-10 23:48:13,690 [5708a1f9-d8fb-4b3a-b759-64b1395b16e1-EndpointStateMachineTaskThread-/0.0.0.0:15269-0 ] INFO  volume.HddsVolume (HddsVolume.java:createDbStore(420)) - SchemaV3 db is created and loaded at /home/runner/work/ozone/ozone/hadoop-ozone/integration-test/target/test-dir/MiniOzoneClusterImpl-da04a438-6ec0-4fc9-9b2e-e93c90459920/datanode-2/data-0/containers/hdds/da04a438-6ec0-4fc9-9b2e-e93c90459920/DS-e543c97f-0816-4262-af95-27e07467ebc9/container.db for volume DS-e543c97f-0816-4262-af95-27e07467ebc9
2024-02-10 23:48:13,691 [5708a1f9-d8fb-4b3a-b759-64b1395b16e1-ContainerReader-0] INFO  ozoneimpl.ContainerReader (ContainerReader.java:readVolume(148)) - Start to verify containers on volume /home/runner/work/ozone/ozone/hadoop-ozone/integration-test/target/test-dir/MiniOzoneClusterImpl-da04a438-6ec0-4fc9-9b2e-e93c90459920/datanode-2/data-0/containers/hdds
2024-02-10 23:48:13,691 [5708a1f9-d8fb-4b3a-b759-64b1395b16e1-ContainerReader-0] INFO  ozoneimpl.ContainerReader (ContainerReader.java:readVolume(178)) - Finish verifying containers on volume /home/runner/work/ozone/ozone/hadoop-ozone/integration-test/target/test-dir/MiniOzoneClusterImpl-da04a438-6ec0-4fc9-9b2e-e93c90459920/datanode-2/data-0/containers/hdds
2024-02-10 23:48:13,691 [5708a1f9-d8fb-4b3a-b759-64b1395b16e1-EndpointStateMachineTaskThread-/0.0.0.0:15269-0 ] INFO  ozoneimpl.OzoneContainer (OzoneContainer.java:buildContainerSet(328)) - Build ContainerSet costs 0s
2024-02-10 23:48:13,692 [5708a1f9-d8fb-4b3a-b759-64b1395b16e1-EndpointStateMachineTaskThread-/0.0.0.0:15269-0 ] INFO  volume.ThrottledAsyncChecker (ThrottledAsyncChecker.java:schedule(141)) - Scheduling a check for /home/runner/work/ozone/ozone/hadoop-ozone/integration-test/target/test-dir/MiniOzoneClusterImpl-da04a438-6ec0-4fc9-9b2e-e93c90459920/datanode-2/data-0/containers/hdds
2024-02-10 23:48:13,692 [5708a1f9-d8fb-4b3a-b759-64b1395b16e1-EndpointStateMachineTaskThread-/0.0.0.0:15269-0 ] INFO  volume.StorageVolumeChecker (StorageVolumeChecker.java:checkAllVolumes(218)) - Scheduled health check for volume /home/runner/work/ozone/ozone/hadoop-ozone/integration-test/target/test-dir/MiniOzoneClusterImpl-da04a438-6ec0-4fc9-9b2e-e93c90459920/datanode-2/data-0/containers/hdds
2024-02-10 23:48:13,693 [5708a1f9-d8fb-4b3a-b759-64b1395b16e1-EndpointStateMachineTaskThread-/0.0.0.0:15269-0 ] INFO  volume.ThrottledAsyncChecker (ThrottledAsyncChecker.java:schedule(141)) - Scheduling a check for /home/runner/work/ozone/ozone/hadoop-ozone/integration-test/target/test-dir/MiniOzoneClusterImpl-da04a438-6ec0-4fc9-9b2e-e93c90459920/datanode-2/data/ratis
2024-02-10 23:48:13,694 [5708a1f9-d8fb-4b3a-b759-64b1395b16e1-EndpointStateMachineTaskThread-/0.0.0.0:15269-0 ] INFO  volume.StorageVolumeChecker (StorageVolumeChecker.java:checkAllVolumes(218)) - Scheduled health check for volume /home/runner/work/ozone/ozone/hadoop-ozone/integration-test/target/test-dir/MiniOzoneClusterImpl-da04a438-6ec0-4fc9-9b2e-e93c90459920/datanode-2/data/ratis
2024-02-10 23:48:13,694 [5708a1f9-d8fb-4b3a-b759-64b1395b16e1-EndpointStateMachineTaskThread-/0.0.0.0:15269-0 ] INFO  ozoneimpl.OzoneContainer (OzoneContainer.java:start(459)) - Attempting to start container services.
2024-02-10 23:48:13,694 [5708a1f9-d8fb-4b3a-b759-64b1395b16e1-EndpointStateMachineTaskThread-/0.0.0.0:15269-0 ] INFO  ozoneimpl.OzoneContainer (OzoneContainer.java:startContainerScrub(339)) - Scheduled background container scanners and the on-demand container scanner have been disabled.
2024-02-10 23:48:13,695 [5708a1f9-d8fb-4b3a-b759-64b1395b16e1-EndpointStateMachineTaskThread-/0.0.0.0:15269-0 ] INFO  replication.ReplicationServer (ReplicationServer.java:start(140)) - ReplicationServer is started using port 15301
2024-02-10 23:48:13,695 [5708a1f9-d8fb-4b3a-b759-64b1395b16e1-EndpointStateMachineTaskThread-/0.0.0.0:15269-0 ] INFO  ratis.XceiverServerRatis (XceiverServerRatis.java:start(566)) - Starting XceiverServerRatis 5708a1f9-d8fb-4b3a-b759-64b1395b16e1
2024-02-10 23:48:13,695 [5708a1f9-d8fb-4b3a-b759-64b1395b16e1-EndpointStateMachineTaskThread-/0.0.0.0:15269-0 ] INFO  server.RaftServer (RaftServerProxy.java:startImpl(406)) - 5708a1f9-d8fb-4b3a-b759-64b1395b16e1: start RPC server
2024-02-10 23:48:13,695 [5708a1f9-d8fb-4b3a-b759-64b1395b16e1-EndpointStateMachineTaskThread-/0.0.0.0:15269-0 ] INFO  server.GrpcService (GrpcService.java:startImpl(302)) - 5708a1f9-d8fb-4b3a-b759-64b1395b16e1: GrpcService started, listening on 15297
2024-02-10 23:48:13,695 [5708a1f9-d8fb-4b3a-b759-64b1395b16e1-EndpointStateMachineTaskThread-/0.0.0.0:15269-0 ] INFO  server.GrpcService (GrpcService.java:startImpl(302)) - 5708a1f9-d8fb-4b3a-b759-64b1395b16e1: GrpcService started, listening on 15299
2024-02-10 23:48:13,696 [5708a1f9-d8fb-4b3a-b759-64b1395b16e1-EndpointStateMachineTaskThread-/0.0.0.0:15269-0 ] INFO  server.GrpcService (GrpcService.java:startImpl(302)) - 5708a1f9-d8fb-4b3a-b759-64b1395b16e1: GrpcService started, listening on 15298
2024-02-10 23:48:13,696 [5708a1f9-d8fb-4b3a-b759-64b1395b16e1-EndpointStateMachineTaskThread-/0.0.0.0:15269-0 ] INFO  ratis.XceiverServerRatis (XceiverServerRatis.java:getRealPort(592)) - XceiverServerRatis 5708a1f9-d8fb-4b3a-b759-64b1395b16e1 is started using port 15297 for RATIS
2024-02-10 23:48:13,696 [JvmPauseMonitor37] INFO  util.JvmPauseMonitor (JvmPauseMonitor.java:run(146)) - JvmPauseMonitor-5708a1f9-d8fb-4b3a-b759-64b1395b16e1: Started
2024-02-10 23:48:13,696 [5708a1f9-d8fb-4b3a-b759-64b1395b16e1-EndpointStateMachineTaskThread-/0.0.0.0:15269-0 ] INFO  ratis.XceiverServerRatis (XceiverServerRatis.java:getRealPort(592)) - XceiverServerRatis 5708a1f9-d8fb-4b3a-b759-64b1395b16e1 is started using port 15298 for RATIS_ADMIN
2024-02-10 23:48:13,696 [5708a1f9-d8fb-4b3a-b759-64b1395b16e1-EndpointStateMachineTaskThread-/0.0.0.0:15269-0 ] INFO  ratis.XceiverServerRatis (XceiverServerRatis.java:getRealPort(592)) - XceiverServerRatis 5708a1f9-d8fb-4b3a-b759-64b1395b16e1 is started using port 15299 for RATIS_SERVER
2024-02-10 23:48:13,696 [5708a1f9-d8fb-4b3a-b759-64b1395b16e1-EndpointStateMachineTaskThread-/0.0.0.0:15269-0 ] INFO  ratis.XceiverServerRatis (XceiverServerRatis.java:getRealPort(592)) - XceiverServerRatis 5708a1f9-d8fb-4b3a-b759-64b1395b16e1 is started using port 15300 for RATIS_DATASTREAM
2024-02-10 23:48:13,697 [5708a1f9-d8fb-4b3a-b759-64b1395b16e1-BlockDeletingService#0] INFO  interfaces.ContainerDeletionChoosingPolicyTemplate (ContainerDeletionChoosingPolicyTemplate.java:chooseContainerForBlockDeletion(85)) - Chosen 0/5000 blocks from 0 candidate containers.
2024-02-10 23:48:13,781 [d68bdd40-ff61-48f9-926d-424a561bf72d-EndpointStateMachineTaskThread-/0.0.0.0:15269-0 ] INFO  utils.DatanodeStoreCache (DatanodeStoreCache.java:addDB(72)) - Added db /home/runner/work/ozone/ozone/hadoop-ozone/integration-test/target/test-dir/MiniOzoneClusterImpl-da04a438-6ec0-4fc9-9b2e-e93c90459920/datanode-3/data-0/containers/hdds/da04a438-6ec0-4fc9-9b2e-e93c90459920/DS-1f0b3235-4701-438c-a94d-9cf07a801e93/container.db to cache
2024-02-10 23:48:13,781 [d68bdd40-ff61-48f9-926d-424a561bf72d-EndpointStateMachineTaskThread-/0.0.0.0:15269-0 ] INFO  volume.HddsVolume (HddsVolume.java:createDbStore(420)) - SchemaV3 db is created and loaded at /home/runner/work/ozone/ozone/hadoop-ozone/integration-test/target/test-dir/MiniOzoneClusterImpl-da04a438-6ec0-4fc9-9b2e-e93c90459920/datanode-3/data-0/containers/hdds/da04a438-6ec0-4fc9-9b2e-e93c90459920/DS-1f0b3235-4701-438c-a94d-9cf07a801e93/container.db for volume DS-1f0b3235-4701-438c-a94d-9cf07a801e93
2024-02-10 23:48:13,782 [d68bdd40-ff61-48f9-926d-424a561bf72d-ContainerReader-0] INFO  ozoneimpl.ContainerReader (ContainerReader.java:readVolume(148)) - Start to verify containers on volume /home/runner/work/ozone/ozone/hadoop-ozone/integration-test/target/test-dir/MiniOzoneClusterImpl-da04a438-6ec0-4fc9-9b2e-e93c90459920/datanode-3/data-0/containers/hdds
2024-02-10 23:48:13,782 [d68bdd40-ff61-48f9-926d-424a561bf72d-ContainerReader-0] INFO  ozoneimpl.ContainerReader (ContainerReader.java:readVolume(178)) - Finish verifying containers on volume /home/runner/work/ozone/ozone/hadoop-ozone/integration-test/target/test-dir/MiniOzoneClusterImpl-da04a438-6ec0-4fc9-9b2e-e93c90459920/datanode-3/data-0/containers/hdds
2024-02-10 23:48:13,782 [d68bdd40-ff61-48f9-926d-424a561bf72d-EndpointStateMachineTaskThread-/0.0.0.0:15269-0 ] INFO  ozoneimpl.OzoneContainer (OzoneContainer.java:buildContainerSet(328)) - Build ContainerSet costs 0s
2024-02-10 23:48:13,783 [d68bdd40-ff61-48f9-926d-424a561bf72d-EndpointStateMachineTaskThread-/0.0.0.0:15269-0 ] INFO  volume.ThrottledAsyncChecker (ThrottledAsyncChecker.java:schedule(141)) - Scheduling a check for /home/runner/work/ozone/ozone/hadoop-ozone/integration-test/target/test-dir/MiniOzoneClusterImpl-da04a438-6ec0-4fc9-9b2e-e93c90459920/datanode-3/data-0/containers/hdds
2024-02-10 23:48:13,783 [d68bdd40-ff61-48f9-926d-424a561bf72d-EndpointStateMachineTaskThread-/0.0.0.0:15269-0 ] INFO  volume.StorageVolumeChecker (StorageVolumeChecker.java:checkAllVolumes(218)) - Scheduled health check for volume /home/runner/work/ozone/ozone/hadoop-ozone/integration-test/target/test-dir/MiniOzoneClusterImpl-da04a438-6ec0-4fc9-9b2e-e93c90459920/datanode-3/data-0/containers/hdds
2024-02-10 23:48:13,784 [d68bdd40-ff61-48f9-926d-424a561bf72d-EndpointStateMachineTaskThread-/0.0.0.0:15269-0 ] INFO  volume.ThrottledAsyncChecker (ThrottledAsyncChecker.java:schedule(141)) - Scheduling a check for /home/runner/work/ozone/ozone/hadoop-ozone/integration-test/target/test-dir/MiniOzoneClusterImpl-da04a438-6ec0-4fc9-9b2e-e93c90459920/datanode-3/data/ratis
2024-02-10 23:48:13,784 [d68bdd40-ff61-48f9-926d-424a561bf72d-EndpointStateMachineTaskThread-/0.0.0.0:15269-0 ] INFO  volume.StorageVolumeChecker (StorageVolumeChecker.java:checkAllVolumes(218)) - Scheduled health check for volume /home/runner/work/ozone/ozone/hadoop-ozone/integration-test/target/test-dir/MiniOzoneClusterImpl-da04a438-6ec0-4fc9-9b2e-e93c90459920/datanode-3/data/ratis
2024-02-10 23:48:13,786 [d68bdd40-ff61-48f9-926d-424a561bf72d-EndpointStateMachineTaskThread-/0.0.0.0:15269-0 ] INFO  ozoneimpl.OzoneContainer (OzoneContainer.java:start(459)) - Attempting to start container services.
2024-02-10 23:48:13,786 [d68bdd40-ff61-48f9-926d-424a561bf72d-EndpointStateMachineTaskThread-/0.0.0.0:15269-0 ] INFO  ozoneimpl.OzoneContainer (OzoneContainer.java:startContainerScrub(339)) - Scheduled background container scanners and the on-demand container scanner have been disabled.
2024-02-10 23:48:13,787 [d68bdd40-ff61-48f9-926d-424a561bf72d-EndpointStateMachineTaskThread-/0.0.0.0:15269-0 ] INFO  replication.ReplicationServer (ReplicationServer.java:start(140)) - ReplicationServer is started using port 15310
2024-02-10 23:48:13,787 [d68bdd40-ff61-48f9-926d-424a561bf72d-EndpointStateMachineTaskThread-/0.0.0.0:15269-0 ] INFO  ratis.XceiverServerRatis (XceiverServerRatis.java:start(566)) - Starting XceiverServerRatis d68bdd40-ff61-48f9-926d-424a561bf72d
2024-02-10 23:48:13,787 [d68bdd40-ff61-48f9-926d-424a561bf72d-EndpointStateMachineTaskThread-/0.0.0.0:15269-0 ] INFO  server.RaftServer (RaftServerProxy.java:startImpl(406)) - d68bdd40-ff61-48f9-926d-424a561bf72d: start RPC server
2024-02-10 23:48:13,787 [d68bdd40-ff61-48f9-926d-424a561bf72d-EndpointStateMachineTaskThread-/0.0.0.0:15269-0 ] INFO  server.GrpcService (GrpcService.java:startImpl(302)) - d68bdd40-ff61-48f9-926d-424a561bf72d: GrpcService started, listening on 15306
2024-02-10 23:48:13,787 [d68bdd40-ff61-48f9-926d-424a561bf72d-EndpointStateMachineTaskThread-/0.0.0.0:15269-0 ] INFO  server.GrpcService (GrpcService.java:startImpl(302)) - d68bdd40-ff61-48f9-926d-424a561bf72d: GrpcService started, listening on 15308
2024-02-10 23:48:13,788 [d68bdd40-ff61-48f9-926d-424a561bf72d-EndpointStateMachineTaskThread-/0.0.0.0:15269-0 ] INFO  server.GrpcService (GrpcService.java:startImpl(302)) - d68bdd40-ff61-48f9-926d-424a561bf72d: GrpcService started, listening on 15307
2024-02-10 23:48:13,788 [d68bdd40-ff61-48f9-926d-424a561bf72d-EndpointStateMachineTaskThread-/0.0.0.0:15269-0 ] INFO  ratis.XceiverServerRatis (XceiverServerRatis.java:getRealPort(592)) - XceiverServerRatis d68bdd40-ff61-48f9-926d-424a561bf72d is started using port 15306 for RATIS
2024-02-10 23:48:13,788 [d68bdd40-ff61-48f9-926d-424a561bf72d-EndpointStateMachineTaskThread-/0.0.0.0:15269-0 ] INFO  ratis.XceiverServerRatis (XceiverServerRatis.java:getRealPort(592)) - XceiverServerRatis d68bdd40-ff61-48f9-926d-424a561bf72d is started using port 15307 for RATIS_ADMIN
2024-02-10 23:48:13,788 [d68bdd40-ff61-48f9-926d-424a561bf72d-EndpointStateMachineTaskThread-/0.0.0.0:15269-0 ] INFO  ratis.XceiverServerRatis (XceiverServerRatis.java:getRealPort(592)) - XceiverServerRatis d68bdd40-ff61-48f9-926d-424a561bf72d is started using port 15308 for RATIS_SERVER
2024-02-10 23:48:13,788 [d68bdd40-ff61-48f9-926d-424a561bf72d-EndpointStateMachineTaskThread-/0.0.0.0:15269-0 ] INFO  ratis.XceiverServerRatis (XceiverServerRatis.java:getRealPort(592)) - XceiverServerRatis d68bdd40-ff61-48f9-926d-424a561bf72d is started using port 15309 for RATIS_DATASTREAM
2024-02-10 23:48:13,788 [JvmPauseMonitor38] INFO  util.JvmPauseMonitor (JvmPauseMonitor.java:run(146)) - JvmPauseMonitor-d68bdd40-ff61-48f9-926d-424a561bf72d: Started
2024-02-10 23:48:13,789 [d68bdd40-ff61-48f9-926d-424a561bf72d-BlockDeletingService#0] INFO  interfaces.ContainerDeletionChoosingPolicyTemplate (ContainerDeletionChoosingPolicyTemplate.java:chooseContainerForBlockDeletion(85)) - Chosen 0/5000 blocks from 0 candidate containers.
2024-02-10 23:48:13,870 [5d086814-e92a-437f-854d-775872ea30b8-EndpointStateMachineTaskThread-/0.0.0.0:15269-0 ] INFO  utils.DatanodeStoreCache (DatanodeStoreCache.java:addDB(72)) - Added db /home/runner/work/ozone/ozone/hadoop-ozone/integration-test/target/test-dir/MiniOzoneClusterImpl-da04a438-6ec0-4fc9-9b2e-e93c90459920/datanode-4/data-0/containers/hdds/da04a438-6ec0-4fc9-9b2e-e93c90459920/DS-b68f16c1-0822-4e89-b3a8-eb9f0ed5b257/container.db to cache
2024-02-10 23:48:13,870 [5d086814-e92a-437f-854d-775872ea30b8-EndpointStateMachineTaskThread-/0.0.0.0:15269-0 ] INFO  volume.HddsVolume (HddsVolume.java:createDbStore(420)) - SchemaV3 db is created and loaded at /home/runner/work/ozone/ozone/hadoop-ozone/integration-test/target/test-dir/MiniOzoneClusterImpl-da04a438-6ec0-4fc9-9b2e-e93c90459920/datanode-4/data-0/containers/hdds/da04a438-6ec0-4fc9-9b2e-e93c90459920/DS-b68f16c1-0822-4e89-b3a8-eb9f0ed5b257/container.db for volume DS-b68f16c1-0822-4e89-b3a8-eb9f0ed5b257
2024-02-10 23:48:13,872 [5d086814-e92a-437f-854d-775872ea30b8-ContainerReader-0] INFO  ozoneimpl.ContainerReader (ContainerReader.java:readVolume(148)) - Start to verify containers on volume /home/runner/work/ozone/ozone/hadoop-ozone/integration-test/target/test-dir/MiniOzoneClusterImpl-da04a438-6ec0-4fc9-9b2e-e93c90459920/datanode-4/data-0/containers/hdds
2024-02-10 23:48:13,872 [5d086814-e92a-437f-854d-775872ea30b8-ContainerReader-0] INFO  ozoneimpl.ContainerReader (ContainerReader.java:readVolume(178)) - Finish verifying containers on volume /home/runner/work/ozone/ozone/hadoop-ozone/integration-test/target/test-dir/MiniOzoneClusterImpl-da04a438-6ec0-4fc9-9b2e-e93c90459920/datanode-4/data-0/containers/hdds
2024-02-10 23:48:13,872 [5d086814-e92a-437f-854d-775872ea30b8-EndpointStateMachineTaskThread-/0.0.0.0:15269-0 ] INFO  ozoneimpl.OzoneContainer (OzoneContainer.java:buildContainerSet(328)) - Build ContainerSet costs 0s
2024-02-10 23:48:13,872 [5d086814-e92a-437f-854d-775872ea30b8-EndpointStateMachineTaskThread-/0.0.0.0:15269-0 ] INFO  volume.ThrottledAsyncChecker (ThrottledAsyncChecker.java:schedule(141)) - Scheduling a check for /home/runner/work/ozone/ozone/hadoop-ozone/integration-test/target/test-dir/MiniOzoneClusterImpl-da04a438-6ec0-4fc9-9b2e-e93c90459920/datanode-4/data-0/containers/hdds
2024-02-10 23:48:13,872 [5d086814-e92a-437f-854d-775872ea30b8-EndpointStateMachineTaskThread-/0.0.0.0:15269-0 ] INFO  volume.StorageVolumeChecker (StorageVolumeChecker.java:checkAllVolumes(218)) - Scheduled health check for volume /home/runner/work/ozone/ozone/hadoop-ozone/integration-test/target/test-dir/MiniOzoneClusterImpl-da04a438-6ec0-4fc9-9b2e-e93c90459920/datanode-4/data-0/containers/hdds
2024-02-10 23:48:13,874 [5d086814-e92a-437f-854d-775872ea30b8-EndpointStateMachineTaskThread-/0.0.0.0:15269-0 ] INFO  volume.ThrottledAsyncChecker (ThrottledAsyncChecker.java:schedule(141)) - Scheduling a check for /home/runner/work/ozone/ozone/hadoop-ozone/integration-test/target/test-dir/MiniOzoneClusterImpl-da04a438-6ec0-4fc9-9b2e-e93c90459920/datanode-4/data/ratis
2024-02-10 23:48:13,874 [5d086814-e92a-437f-854d-775872ea30b8-EndpointStateMachineTaskThread-/0.0.0.0:15269-0 ] INFO  volume.StorageVolumeChecker (StorageVolumeChecker.java:checkAllVolumes(218)) - Scheduled health check for volume /home/runner/work/ozone/ozone/hadoop-ozone/integration-test/target/test-dir/MiniOzoneClusterImpl-da04a438-6ec0-4fc9-9b2e-e93c90459920/datanode-4/data/ratis
2024-02-10 23:48:13,875 [5d086814-e92a-437f-854d-775872ea30b8-EndpointStateMachineTaskThread-/0.0.0.0:15269-0 ] INFO  ozoneimpl.OzoneContainer (OzoneContainer.java:start(459)) - Attempting to start container services.
2024-02-10 23:48:13,875 [5d086814-e92a-437f-854d-775872ea30b8-EndpointStateMachineTaskThread-/0.0.0.0:15269-0 ] INFO  ozoneimpl.OzoneContainer (OzoneContainer.java:startContainerScrub(339)) - Scheduled background container scanners and the on-demand container scanner have been disabled.
2024-02-10 23:48:13,875 [5d086814-e92a-437f-854d-775872ea30b8-EndpointStateMachineTaskThread-/0.0.0.0:15269-0 ] INFO  replication.ReplicationServer (ReplicationServer.java:start(140)) - ReplicationServer is started using port 15319
2024-02-10 23:48:13,875 [5d086814-e92a-437f-854d-775872ea30b8-EndpointStateMachineTaskThread-/0.0.0.0:15269-0 ] INFO  ratis.XceiverServerRatis (XceiverServerRatis.java:start(566)) - Starting XceiverServerRatis 5d086814-e92a-437f-854d-775872ea30b8
2024-02-10 23:48:13,875 [5d086814-e92a-437f-854d-775872ea30b8-EndpointStateMachineTaskThread-/0.0.0.0:15269-0 ] INFO  server.RaftServer (RaftServerProxy.java:startImpl(406)) - 5d086814-e92a-437f-854d-775872ea30b8: start RPC server
2024-02-10 23:48:13,876 [5d086814-e92a-437f-854d-775872ea30b8-EndpointStateMachineTaskThread-/0.0.0.0:15269-0 ] INFO  server.GrpcService (GrpcService.java:startImpl(302)) - 5d086814-e92a-437f-854d-775872ea30b8: GrpcService started, listening on 15315
2024-02-10 23:48:13,876 [5d086814-e92a-437f-854d-775872ea30b8-EndpointStateMachineTaskThread-/0.0.0.0:15269-0 ] INFO  server.GrpcService (GrpcService.java:startImpl(302)) - 5d086814-e92a-437f-854d-775872ea30b8: GrpcService started, listening on 15317
2024-02-10 23:48:13,876 [5d086814-e92a-437f-854d-775872ea30b8-EndpointStateMachineTaskThread-/0.0.0.0:15269-0 ] INFO  server.GrpcService (GrpcService.java:startImpl(302)) - 5d086814-e92a-437f-854d-775872ea30b8: GrpcService started, listening on 15316
2024-02-10 23:48:13,876 [5d086814-e92a-437f-854d-775872ea30b8-EndpointStateMachineTaskThread-/0.0.0.0:15269-0 ] INFO  ratis.XceiverServerRatis (XceiverServerRatis.java:getRealPort(592)) - XceiverServerRatis 5d086814-e92a-437f-854d-775872ea30b8 is started using port 15315 for RATIS
2024-02-10 23:48:13,876 [JvmPauseMonitor39] INFO  util.JvmPauseMonitor (JvmPauseMonitor.java:run(146)) - JvmPauseMonitor-5d086814-e92a-437f-854d-775872ea30b8: Started
2024-02-10 23:48:13,876 [5d086814-e92a-437f-854d-775872ea30b8-EndpointStateMachineTaskThread-/0.0.0.0:15269-0 ] INFO  ratis.XceiverServerRatis (XceiverServerRatis.java:getRealPort(592)) - XceiverServerRatis 5d086814-e92a-437f-854d-775872ea30b8 is started using port 15316 for RATIS_ADMIN
2024-02-10 23:48:13,876 [5d086814-e92a-437f-854d-775872ea30b8-EndpointStateMachineTaskThread-/0.0.0.0:15269-0 ] INFO  ratis.XceiverServerRatis (XceiverServerRatis.java:getRealPort(592)) - XceiverServerRatis 5d086814-e92a-437f-854d-775872ea30b8 is started using port 15317 for RATIS_SERVER
2024-02-10 23:48:13,877 [5d086814-e92a-437f-854d-775872ea30b8-EndpointStateMachineTaskThread-/0.0.0.0:15269-0 ] INFO  ratis.XceiverServerRatis (XceiverServerRatis.java:getRealPort(592)) - XceiverServerRatis 5d086814-e92a-437f-854d-775872ea30b8 is started using port 15318 for RATIS_DATASTREAM
2024-02-10 23:48:13,877 [5d086814-e92a-437f-854d-775872ea30b8-BlockDeletingService#0] INFO  interfaces.ContainerDeletionChoosingPolicyTemplate (ContainerDeletionChoosingPolicyTemplate.java:chooseContainerForBlockDeletion(85)) - Chosen 0/5000 blocks from 0 candidate containers.
2024-02-10 23:48:13,964 [33d73e87-4323-4d41-88d5-bb014deecef0-EndpointStateMachineTaskThread-/0.0.0.0:15269-0 ] INFO  utils.DatanodeStoreCache (DatanodeStoreCache.java:addDB(72)) - Added db /home/runner/work/ozone/ozone/hadoop-ozone/integration-test/target/test-dir/MiniOzoneClusterImpl-da04a438-6ec0-4fc9-9b2e-e93c90459920/datanode-5/data-0/containers/hdds/da04a438-6ec0-4fc9-9b2e-e93c90459920/DS-ab50c196-2192-460c-92f0-63d01e77ce48/container.db to cache
2024-02-10 23:48:13,964 [33d73e87-4323-4d41-88d5-bb014deecef0-EndpointStateMachineTaskThread-/0.0.0.0:15269-0 ] INFO  volume.HddsVolume (HddsVolume.java:createDbStore(420)) - SchemaV3 db is created and loaded at /home/runner/work/ozone/ozone/hadoop-ozone/integration-test/target/test-dir/MiniOzoneClusterImpl-da04a438-6ec0-4fc9-9b2e-e93c90459920/datanode-5/data-0/containers/hdds/da04a438-6ec0-4fc9-9b2e-e93c90459920/DS-ab50c196-2192-460c-92f0-63d01e77ce48/container.db for volume DS-ab50c196-2192-460c-92f0-63d01e77ce48
2024-02-10 23:48:13,966 [33d73e87-4323-4d41-88d5-bb014deecef0-ContainerReader-0] INFO  ozoneimpl.ContainerReader (ContainerReader.java:readVolume(148)) - Start to verify containers on volume /home/runner/work/ozone/ozone/hadoop-ozone/integration-test/target/test-dir/MiniOzoneClusterImpl-da04a438-6ec0-4fc9-9b2e-e93c90459920/datanode-5/data-0/containers/hdds
2024-02-10 23:48:13,966 [33d73e87-4323-4d41-88d5-bb014deecef0-ContainerReader-0] INFO  ozoneimpl.ContainerReader (ContainerReader.java:readVolume(178)) - Finish verifying containers on volume /home/runner/work/ozone/ozone/hadoop-ozone/integration-test/target/test-dir/MiniOzoneClusterImpl-da04a438-6ec0-4fc9-9b2e-e93c90459920/datanode-5/data-0/containers/hdds
2024-02-10 23:48:13,966 [33d73e87-4323-4d41-88d5-bb014deecef0-EndpointStateMachineTaskThread-/0.0.0.0:15269-0 ] INFO  ozoneimpl.OzoneContainer (OzoneContainer.java:buildContainerSet(328)) - Build ContainerSet costs 0s
2024-02-10 23:48:13,966 [33d73e87-4323-4d41-88d5-bb014deecef0-EndpointStateMachineTaskThread-/0.0.0.0:15269-0 ] INFO  volume.ThrottledAsyncChecker (ThrottledAsyncChecker.java:schedule(141)) - Scheduling a check for /home/runner/work/ozone/ozone/hadoop-ozone/integration-test/target/test-dir/MiniOzoneClusterImpl-da04a438-6ec0-4fc9-9b2e-e93c90459920/datanode-5/data-0/containers/hdds
2024-02-10 23:48:13,966 [33d73e87-4323-4d41-88d5-bb014deecef0-EndpointStateMachineTaskThread-/0.0.0.0:15269-0 ] INFO  volume.StorageVolumeChecker (StorageVolumeChecker.java:checkAllVolumes(218)) - Scheduled health check for volume /home/runner/work/ozone/ozone/hadoop-ozone/integration-test/target/test-dir/MiniOzoneClusterImpl-da04a438-6ec0-4fc9-9b2e-e93c90459920/datanode-5/data-0/containers/hdds
2024-02-10 23:48:13,968 [33d73e87-4323-4d41-88d5-bb014deecef0-EndpointStateMachineTaskThread-/0.0.0.0:15269-0 ] INFO  volume.ThrottledAsyncChecker (ThrottledAsyncChecker.java:schedule(141)) - Scheduling a check for /home/runner/work/ozone/ozone/hadoop-ozone/integration-test/target/test-dir/MiniOzoneClusterImpl-da04a438-6ec0-4fc9-9b2e-e93c90459920/datanode-5/data/ratis
2024-02-10 23:48:13,968 [33d73e87-4323-4d41-88d5-bb014deecef0-EndpointStateMachineTaskThread-/0.0.0.0:15269-0 ] INFO  volume.StorageVolumeChecker (StorageVolumeChecker.java:checkAllVolumes(218)) - Scheduled health check for volume /home/runner/work/ozone/ozone/hadoop-ozone/integration-test/target/test-dir/MiniOzoneClusterImpl-da04a438-6ec0-4fc9-9b2e-e93c90459920/datanode-5/data/ratis
2024-02-10 23:48:13,969 [33d73e87-4323-4d41-88d5-bb014deecef0-EndpointStateMachineTaskThread-/0.0.0.0:15269-0 ] INFO  ozoneimpl.OzoneContainer (OzoneContainer.java:start(459)) - Attempting to start container services.
2024-02-10 23:48:13,969 [33d73e87-4323-4d41-88d5-bb014deecef0-EndpointStateMachineTaskThread-/0.0.0.0:15269-0 ] INFO  ozoneimpl.OzoneContainer (OzoneContainer.java:startContainerScrub(339)) - Scheduled background container scanners and the on-demand container scanner have been disabled.
2024-02-10 23:48:13,969 [33d73e87-4323-4d41-88d5-bb014deecef0-EndpointStateMachineTaskThread-/0.0.0.0:15269-0 ] INFO  replication.ReplicationServer (ReplicationServer.java:start(140)) - ReplicationServer is started using port 15328
2024-02-10 23:48:13,969 [33d73e87-4323-4d41-88d5-bb014deecef0-EndpointStateMachineTaskThread-/0.0.0.0:15269-0 ] INFO  ratis.XceiverServerRatis (XceiverServerRatis.java:start(566)) - Starting XceiverServerRatis 33d73e87-4323-4d41-88d5-bb014deecef0
2024-02-10 23:48:13,969 [33d73e87-4323-4d41-88d5-bb014deecef0-EndpointStateMachineTaskThread-/0.0.0.0:15269-0 ] INFO  server.RaftServer (RaftServerProxy.java:startImpl(406)) - 33d73e87-4323-4d41-88d5-bb014deecef0: start RPC server
2024-02-10 23:48:13,970 [33d73e87-4323-4d41-88d5-bb014deecef0-EndpointStateMachineTaskThread-/0.0.0.0:15269-0 ] INFO  server.GrpcService (GrpcService.java:startImpl(302)) - 33d73e87-4323-4d41-88d5-bb014deecef0: GrpcService started, listening on 15324
2024-02-10 23:48:13,970 [33d73e87-4323-4d41-88d5-bb014deecef0-EndpointStateMachineTaskThread-/0.0.0.0:15269-0 ] INFO  server.GrpcService (GrpcService.java:startImpl(302)) - 33d73e87-4323-4d41-88d5-bb014deecef0: GrpcService started, listening on 15326
2024-02-10 23:48:13,970 [33d73e87-4323-4d41-88d5-bb014deecef0-EndpointStateMachineTaskThread-/0.0.0.0:15269-0 ] INFO  server.GrpcService (GrpcService.java:startImpl(302)) - 33d73e87-4323-4d41-88d5-bb014deecef0: GrpcService started, listening on 15325
2024-02-10 23:48:13,970 [33d73e87-4323-4d41-88d5-bb014deecef0-EndpointStateMachineTaskThread-/0.0.0.0:15269-0 ] INFO  ratis.XceiverServerRatis (XceiverServerRatis.java:getRealPort(592)) - XceiverServerRatis 33d73e87-4323-4d41-88d5-bb014deecef0 is started using port 15324 for RATIS
2024-02-10 23:48:13,970 [JvmPauseMonitor40] INFO  util.JvmPauseMonitor (JvmPauseMonitor.java:run(146)) - JvmPauseMonitor-33d73e87-4323-4d41-88d5-bb014deecef0: Started
2024-02-10 23:48:13,970 [33d73e87-4323-4d41-88d5-bb014deecef0-EndpointStateMachineTaskThread-/0.0.0.0:15269-0 ] INFO  ratis.XceiverServerRatis (XceiverServerRatis.java:getRealPort(592)) - XceiverServerRatis 33d73e87-4323-4d41-88d5-bb014deecef0 is started using port 15325 for RATIS_ADMIN
2024-02-10 23:48:13,970 [33d73e87-4323-4d41-88d5-bb014deecef0-EndpointStateMachineTaskThread-/0.0.0.0:15269-0 ] INFO  ratis.XceiverServerRatis (XceiverServerRatis.java:getRealPort(592)) - XceiverServerRatis 33d73e87-4323-4d41-88d5-bb014deecef0 is started using port 15326 for RATIS_SERVER
2024-02-10 23:48:13,970 [33d73e87-4323-4d41-88d5-bb014deecef0-EndpointStateMachineTaskThread-/0.0.0.0:15269-0 ] INFO  ratis.XceiverServerRatis (XceiverServerRatis.java:getRealPort(592)) - XceiverServerRatis 33d73e87-4323-4d41-88d5-bb014deecef0 is started using port 15327 for RATIS_DATASTREAM
2024-02-10 23:48:13,971 [33d73e87-4323-4d41-88d5-bb014deecef0-BlockDeletingService#0] INFO  interfaces.ContainerDeletionChoosingPolicyTemplate (ContainerDeletionChoosingPolicyTemplate.java:chooseContainerForBlockDeletion(85)) - Chosen 0/5000 blocks from 0 candidate containers.
2024-02-10 23:48:14,050 [64168508-e903-4327-b7bc-0572c2109e1a-EndpointStateMachineTaskThread-/0.0.0.0:15269-0 ] INFO  utils.DatanodeStoreCache (DatanodeStoreCache.java:addDB(72)) - Added db /home/runner/work/ozone/ozone/hadoop-ozone/integration-test/target/test-dir/MiniOzoneClusterImpl-da04a438-6ec0-4fc9-9b2e-e93c90459920/datanode-6/data-0/containers/hdds/da04a438-6ec0-4fc9-9b2e-e93c90459920/DS-52f66abf-c315-4042-a3fe-e702385aa2cc/container.db to cache
2024-02-10 23:48:14,050 [64168508-e903-4327-b7bc-0572c2109e1a-EndpointStateMachineTaskThread-/0.0.0.0:15269-0 ] INFO  volume.HddsVolume (HddsVolume.java:createDbStore(420)) - SchemaV3 db is created and loaded at /home/runner/work/ozone/ozone/hadoop-ozone/integration-test/target/test-dir/MiniOzoneClusterImpl-da04a438-6ec0-4fc9-9b2e-e93c90459920/datanode-6/data-0/containers/hdds/da04a438-6ec0-4fc9-9b2e-e93c90459920/DS-52f66abf-c315-4042-a3fe-e702385aa2cc/container.db for volume DS-52f66abf-c315-4042-a3fe-e702385aa2cc
2024-02-10 23:48:14,051 [64168508-e903-4327-b7bc-0572c2109e1a-ContainerReader-0] INFO  ozoneimpl.ContainerReader (ContainerReader.java:readVolume(148)) - Start to verify containers on volume /home/runner/work/ozone/ozone/hadoop-ozone/integration-test/target/test-dir/MiniOzoneClusterImpl-da04a438-6ec0-4fc9-9b2e-e93c90459920/datanode-6/data-0/containers/hdds
2024-02-10 23:48:14,051 [64168508-e903-4327-b7bc-0572c2109e1a-ContainerReader-0] INFO  ozoneimpl.ContainerReader (ContainerReader.java:readVolume(178)) - Finish verifying containers on volume /home/runner/work/ozone/ozone/hadoop-ozone/integration-test/target/test-dir/MiniOzoneClusterImpl-da04a438-6ec0-4fc9-9b2e-e93c90459920/datanode-6/data-0/containers/hdds
2024-02-10 23:48:14,051 [64168508-e903-4327-b7bc-0572c2109e1a-EndpointStateMachineTaskThread-/0.0.0.0:15269-0 ] INFO  ozoneimpl.OzoneContainer (OzoneContainer.java:buildContainerSet(328)) - Build ContainerSet costs 0s
2024-02-10 23:48:14,051 [64168508-e903-4327-b7bc-0572c2109e1a-EndpointStateMachineTaskThread-/0.0.0.0:15269-0 ] INFO  volume.ThrottledAsyncChecker (ThrottledAsyncChecker.java:schedule(141)) - Scheduling a check for /home/runner/work/ozone/ozone/hadoop-ozone/integration-test/target/test-dir/MiniOzoneClusterImpl-da04a438-6ec0-4fc9-9b2e-e93c90459920/datanode-6/data-0/containers/hdds
2024-02-10 23:48:14,052 [64168508-e903-4327-b7bc-0572c2109e1a-EndpointStateMachineTaskThread-/0.0.0.0:15269-0 ] INFO  volume.StorageVolumeChecker (StorageVolumeChecker.java:checkAllVolumes(218)) - Scheduled health check for volume /home/runner/work/ozone/ozone/hadoop-ozone/integration-test/target/test-dir/MiniOzoneClusterImpl-da04a438-6ec0-4fc9-9b2e-e93c90459920/datanode-6/data-0/containers/hdds
2024-02-10 23:48:14,053 [64168508-e903-4327-b7bc-0572c2109e1a-EndpointStateMachineTaskThread-/0.0.0.0:15269-0 ] INFO  volume.ThrottledAsyncChecker (ThrottledAsyncChecker.java:schedule(141)) - Scheduling a check for /home/runner/work/ozone/ozone/hadoop-ozone/integration-test/target/test-dir/MiniOzoneClusterImpl-da04a438-6ec0-4fc9-9b2e-e93c90459920/datanode-6/data/ratis
2024-02-10 23:48:14,053 [64168508-e903-4327-b7bc-0572c2109e1a-EndpointStateMachineTaskThread-/0.0.0.0:15269-0 ] INFO  volume.StorageVolumeChecker (StorageVolumeChecker.java:checkAllVolumes(218)) - Scheduled health check for volume /home/runner/work/ozone/ozone/hadoop-ozone/integration-test/target/test-dir/MiniOzoneClusterImpl-da04a438-6ec0-4fc9-9b2e-e93c90459920/datanode-6/data/ratis
2024-02-10 23:48:14,054 [64168508-e903-4327-b7bc-0572c2109e1a-EndpointStateMachineTaskThread-/0.0.0.0:15269-0 ] INFO  ozoneimpl.OzoneContainer (OzoneContainer.java:start(459)) - Attempting to start container services.
2024-02-10 23:48:14,054 [64168508-e903-4327-b7bc-0572c2109e1a-EndpointStateMachineTaskThread-/0.0.0.0:15269-0 ] INFO  ozoneimpl.OzoneContainer (OzoneContainer.java:startContainerScrub(339)) - Scheduled background container scanners and the on-demand container scanner have been disabled.
2024-02-10 23:48:14,054 [64168508-e903-4327-b7bc-0572c2109e1a-EndpointStateMachineTaskThread-/0.0.0.0:15269-0 ] INFO  replication.ReplicationServer (ReplicationServer.java:start(140)) - ReplicationServer is started using port 15337
2024-02-10 23:48:14,054 [64168508-e903-4327-b7bc-0572c2109e1a-EndpointStateMachineTaskThread-/0.0.0.0:15269-0 ] INFO  ratis.XceiverServerRatis (XceiverServerRatis.java:start(566)) - Starting XceiverServerRatis 64168508-e903-4327-b7bc-0572c2109e1a
2024-02-10 23:48:14,055 [64168508-e903-4327-b7bc-0572c2109e1a-EndpointStateMachineTaskThread-/0.0.0.0:15269-0 ] INFO  server.RaftServer (RaftServerProxy.java:startImpl(406)) - 64168508-e903-4327-b7bc-0572c2109e1a: start RPC server
2024-02-10 23:48:14,055 [64168508-e903-4327-b7bc-0572c2109e1a-EndpointStateMachineTaskThread-/0.0.0.0:15269-0 ] INFO  server.GrpcService (GrpcService.java:startImpl(302)) - 64168508-e903-4327-b7bc-0572c2109e1a: GrpcService started, listening on 15333
2024-02-10 23:48:14,055 [64168508-e903-4327-b7bc-0572c2109e1a-EndpointStateMachineTaskThread-/0.0.0.0:15269-0 ] INFO  server.GrpcService (GrpcService.java:startImpl(302)) - 64168508-e903-4327-b7bc-0572c2109e1a: GrpcService started, listening on 15335
2024-02-10 23:48:14,055 [64168508-e903-4327-b7bc-0572c2109e1a-EndpointStateMachineTaskThread-/0.0.0.0:15269-0 ] INFO  server.GrpcService (GrpcService.java:startImpl(302)) - 64168508-e903-4327-b7bc-0572c2109e1a: GrpcService started, listening on 15334
2024-02-10 23:48:14,056 [64168508-e903-4327-b7bc-0572c2109e1a-EndpointStateMachineTaskThread-/0.0.0.0:15269-0 ] INFO  ratis.XceiverServerRatis (XceiverServerRatis.java:getRealPort(592)) - XceiverServerRatis 64168508-e903-4327-b7bc-0572c2109e1a is started using port 15333 for RATIS
2024-02-10 23:48:14,056 [64168508-e903-4327-b7bc-0572c2109e1a-EndpointStateMachineTaskThread-/0.0.0.0:15269-0 ] INFO  ratis.XceiverServerRatis (XceiverServerRatis.java:getRealPort(592)) - XceiverServerRatis 64168508-e903-4327-b7bc-0572c2109e1a is started using port 15334 for RATIS_ADMIN
2024-02-10 23:48:14,056 [64168508-e903-4327-b7bc-0572c2109e1a-EndpointStateMachineTaskThread-/0.0.0.0:15269-0 ] INFO  ratis.XceiverServerRatis (XceiverServerRatis.java:getRealPort(592)) - XceiverServerRatis 64168508-e903-4327-b7bc-0572c2109e1a is started using port 15335 for RATIS_SERVER
2024-02-10 23:48:14,056 [64168508-e903-4327-b7bc-0572c2109e1a-EndpointStateMachineTaskThread-/0.0.0.0:15269-0 ] INFO  ratis.XceiverServerRatis (XceiverServerRatis.java:getRealPort(592)) - XceiverServerRatis 64168508-e903-4327-b7bc-0572c2109e1a is started using port 15336 for RATIS_DATASTREAM
2024-02-10 23:48:14,056 [JvmPauseMonitor41] INFO  util.JvmPauseMonitor (JvmPauseMonitor.java:run(146)) - JvmPauseMonitor-64168508-e903-4327-b7bc-0572c2109e1a: Started
2024-02-10 23:48:14,058 [64168508-e903-4327-b7bc-0572c2109e1a-BlockDeletingService#0] INFO  interfaces.ContainerDeletionChoosingPolicyTemplate (ContainerDeletionChoosingPolicyTemplate.java:chooseContainerForBlockDeletion(85)) - Chosen 0/5000 blocks from 0 candidate containers.
2024-02-10 23:48:14,136 [e6303cd0-aa6e-4f0b-8227-f9fc00433fb7-EndpointStateMachineTaskThread-/0.0.0.0:15269-0 ] INFO  utils.DatanodeStoreCache (DatanodeStoreCache.java:addDB(72)) - Added db /home/runner/work/ozone/ozone/hadoop-ozone/integration-test/target/test-dir/MiniOzoneClusterImpl-da04a438-6ec0-4fc9-9b2e-e93c90459920/datanode-7/data-0/containers/hdds/da04a438-6ec0-4fc9-9b2e-e93c90459920/DS-58ee1ca2-f0b7-4cc0-9f08-19bce819fa2a/container.db to cache
2024-02-10 23:48:14,136 [e6303cd0-aa6e-4f0b-8227-f9fc00433fb7-EndpointStateMachineTaskThread-/0.0.0.0:15269-0 ] INFO  volume.HddsVolume (HddsVolume.java:createDbStore(420)) - SchemaV3 db is created and loaded at /home/runner/work/ozone/ozone/hadoop-ozone/integration-test/target/test-dir/MiniOzoneClusterImpl-da04a438-6ec0-4fc9-9b2e-e93c90459920/datanode-7/data-0/containers/hdds/da04a438-6ec0-4fc9-9b2e-e93c90459920/DS-58ee1ca2-f0b7-4cc0-9f08-19bce819fa2a/container.db for volume DS-58ee1ca2-f0b7-4cc0-9f08-19bce819fa2a
2024-02-10 23:48:14,137 [e6303cd0-aa6e-4f0b-8227-f9fc00433fb7-ContainerReader-0] INFO  ozoneimpl.ContainerReader (ContainerReader.java:readVolume(148)) - Start to verify containers on volume /home/runner/work/ozone/ozone/hadoop-ozone/integration-test/target/test-dir/MiniOzoneClusterImpl-da04a438-6ec0-4fc9-9b2e-e93c90459920/datanode-7/data-0/containers/hdds
2024-02-10 23:48:14,137 [e6303cd0-aa6e-4f0b-8227-f9fc00433fb7-ContainerReader-0] INFO  ozoneimpl.ContainerReader (ContainerReader.java:readVolume(178)) - Finish verifying containers on volume /home/runner/work/ozone/ozone/hadoop-ozone/integration-test/target/test-dir/MiniOzoneClusterImpl-da04a438-6ec0-4fc9-9b2e-e93c90459920/datanode-7/data-0/containers/hdds
2024-02-10 23:48:14,137 [e6303cd0-aa6e-4f0b-8227-f9fc00433fb7-EndpointStateMachineTaskThread-/0.0.0.0:15269-0 ] INFO  ozoneimpl.OzoneContainer (OzoneContainer.java:buildContainerSet(328)) - Build ContainerSet costs 0s
2024-02-10 23:48:14,137 [e6303cd0-aa6e-4f0b-8227-f9fc00433fb7-EndpointStateMachineTaskThread-/0.0.0.0:15269-0 ] INFO  volume.ThrottledAsyncChecker (ThrottledAsyncChecker.java:schedule(141)) - Scheduling a check for /home/runner/work/ozone/ozone/hadoop-ozone/integration-test/target/test-dir/MiniOzoneClusterImpl-da04a438-6ec0-4fc9-9b2e-e93c90459920/datanode-7/data-0/containers/hdds
2024-02-10 23:48:14,138 [e6303cd0-aa6e-4f0b-8227-f9fc00433fb7-EndpointStateMachineTaskThread-/0.0.0.0:15269-0 ] INFO  volume.StorageVolumeChecker (StorageVolumeChecker.java:checkAllVolumes(218)) - Scheduled health check for volume /home/runner/work/ozone/ozone/hadoop-ozone/integration-test/target/test-dir/MiniOzoneClusterImpl-da04a438-6ec0-4fc9-9b2e-e93c90459920/datanode-7/data-0/containers/hdds
2024-02-10 23:48:14,139 [e6303cd0-aa6e-4f0b-8227-f9fc00433fb7-EndpointStateMachineTaskThread-/0.0.0.0:15269-0 ] INFO  volume.ThrottledAsyncChecker (ThrottledAsyncChecker.java:schedule(141)) - Scheduling a check for /home/runner/work/ozone/ozone/hadoop-ozone/integration-test/target/test-dir/MiniOzoneClusterImpl-da04a438-6ec0-4fc9-9b2e-e93c90459920/datanode-7/data/ratis
2024-02-10 23:48:14,139 [e6303cd0-aa6e-4f0b-8227-f9fc00433fb7-EndpointStateMachineTaskThread-/0.0.0.0:15269-0 ] INFO  volume.StorageVolumeChecker (StorageVolumeChecker.java:checkAllVolumes(218)) - Scheduled health check for volume /home/runner/work/ozone/ozone/hadoop-ozone/integration-test/target/test-dir/MiniOzoneClusterImpl-da04a438-6ec0-4fc9-9b2e-e93c90459920/datanode-7/data/ratis
2024-02-10 23:48:14,140 [e6303cd0-aa6e-4f0b-8227-f9fc00433fb7-EndpointStateMachineTaskThread-/0.0.0.0:15269-0 ] INFO  ozoneimpl.OzoneContainer (OzoneContainer.java:start(459)) - Attempting to start container services.
2024-02-10 23:48:14,140 [e6303cd0-aa6e-4f0b-8227-f9fc00433fb7-EndpointStateMachineTaskThread-/0.0.0.0:15269-0 ] INFO  ozoneimpl.OzoneContainer (OzoneContainer.java:startContainerScrub(339)) - Scheduled background container scanners and the on-demand container scanner have been disabled.
2024-02-10 23:48:14,141 [e6303cd0-aa6e-4f0b-8227-f9fc00433fb7-EndpointStateMachineTaskThread-/0.0.0.0:15269-0 ] INFO  replication.ReplicationServer (ReplicationServer.java:start(140)) - ReplicationServer is started using port 15346
2024-02-10 23:48:14,141 [e6303cd0-aa6e-4f0b-8227-f9fc00433fb7-EndpointStateMachineTaskThread-/0.0.0.0:15269-0 ] INFO  ratis.XceiverServerRatis (XceiverServerRatis.java:start(566)) - Starting XceiverServerRatis e6303cd0-aa6e-4f0b-8227-f9fc00433fb7
2024-02-10 23:48:14,141 [e6303cd0-aa6e-4f0b-8227-f9fc00433fb7-EndpointStateMachineTaskThread-/0.0.0.0:15269-0 ] INFO  server.RaftServer (RaftServerProxy.java:startImpl(406)) - e6303cd0-aa6e-4f0b-8227-f9fc00433fb7: start RPC server
2024-02-10 23:48:14,141 [e6303cd0-aa6e-4f0b-8227-f9fc00433fb7-EndpointStateMachineTaskThread-/0.0.0.0:15269-0 ] INFO  server.GrpcService (GrpcService.java:startImpl(302)) - e6303cd0-aa6e-4f0b-8227-f9fc00433fb7: GrpcService started, listening on 15342
2024-02-10 23:48:14,142 [e6303cd0-aa6e-4f0b-8227-f9fc00433fb7-EndpointStateMachineTaskThread-/0.0.0.0:15269-0 ] INFO  server.GrpcService (GrpcService.java:startImpl(302)) - e6303cd0-aa6e-4f0b-8227-f9fc00433fb7: GrpcService started, listening on 15344
2024-02-10 23:48:14,142 [e6303cd0-aa6e-4f0b-8227-f9fc00433fb7-EndpointStateMachineTaskThread-/0.0.0.0:15269-0 ] INFO  server.GrpcService (GrpcService.java:startImpl(302)) - e6303cd0-aa6e-4f0b-8227-f9fc00433fb7: GrpcService started, listening on 15343
2024-02-10 23:48:14,142 [e6303cd0-aa6e-4f0b-8227-f9fc00433fb7-EndpointStateMachineTaskThread-/0.0.0.0:15269-0 ] INFO  ratis.XceiverServerRatis (XceiverServerRatis.java:getRealPort(592)) - XceiverServerRatis e6303cd0-aa6e-4f0b-8227-f9fc00433fb7 is started using port 15342 for RATIS
2024-02-10 23:48:14,142 [JvmPauseMonitor42] INFO  util.JvmPauseMonitor (JvmPauseMonitor.java:run(146)) - JvmPauseMonitor-e6303cd0-aa6e-4f0b-8227-f9fc00433fb7: Started
2024-02-10 23:48:14,142 [e6303cd0-aa6e-4f0b-8227-f9fc00433fb7-EndpointStateMachineTaskThread-/0.0.0.0:15269-0 ] INFO  ratis.XceiverServerRatis (XceiverServerRatis.java:getRealPort(592)) - XceiverServerRatis e6303cd0-aa6e-4f0b-8227-f9fc00433fb7 is started using port 15343 for RATIS_ADMIN
2024-02-10 23:48:14,142 [e6303cd0-aa6e-4f0b-8227-f9fc00433fb7-EndpointStateMachineTaskThread-/0.0.0.0:15269-0 ] INFO  ratis.XceiverServerRatis (XceiverServerRatis.java:getRealPort(592)) - XceiverServerRatis e6303cd0-aa6e-4f0b-8227-f9fc00433fb7 is started using port 15344 for RATIS_SERVER
2024-02-10 23:48:14,142 [e6303cd0-aa6e-4f0b-8227-f9fc00433fb7-EndpointStateMachineTaskThread-/0.0.0.0:15269-0 ] INFO  ratis.XceiverServerRatis (XceiverServerRatis.java:getRealPort(592)) - XceiverServerRatis e6303cd0-aa6e-4f0b-8227-f9fc00433fb7 is started using port 15345 for RATIS_DATASTREAM
2024-02-10 23:48:14,143 [e6303cd0-aa6e-4f0b-8227-f9fc00433fb7-BlockDeletingService#0] INFO  interfaces.ContainerDeletionChoosingPolicyTemplate (ContainerDeletionChoosingPolicyTemplate.java:chooseContainerForBlockDeletion(85)) - Chosen 0/5000 blocks from 0 candidate containers.
2024-02-10 23:48:14,204 [main] INFO  ozone.MiniOzoneClusterImpl (MiniOzoneClusterImpl.java:lambda$waitForClusterToBeReady$0(221)) - Waiting for nodes to be ready. Got 0 of 9 DN Heartbeats.
2024-02-10 23:48:14,205 [main] INFO  ozone.MiniOzoneClusterImpl (MiniOzoneClusterImpl.java:lambda$waitForClusterToBeReady$0(224)) - Waiting for cluster to exit safe mode
2024-02-10 23:48:14,205 [main] INFO  ozone.MiniOzoneClusterImpl (MiniOzoneClusterImpl.java:lambda$waitForClusterToBeReady$0(226)) - SCM became leader
2024-02-10 23:48:14,226 [f4d36fa5-ed0e-4d34-ba3c-8c17cce67bcd-EndpointStateMachineTaskThread-/0.0.0.0:15269-0 ] INFO  utils.DatanodeStoreCache (DatanodeStoreCache.java:addDB(72)) - Added db /home/runner/work/ozone/ozone/hadoop-ozone/integration-test/target/test-dir/MiniOzoneClusterImpl-da04a438-6ec0-4fc9-9b2e-e93c90459920/datanode-8/data-0/containers/hdds/da04a438-6ec0-4fc9-9b2e-e93c90459920/DS-e8ff4a26-b5ca-4fde-b91a-762e0afeeafa/container.db to cache
2024-02-10 23:48:14,226 [f4d36fa5-ed0e-4d34-ba3c-8c17cce67bcd-EndpointStateMachineTaskThread-/0.0.0.0:15269-0 ] INFO  volume.HddsVolume (HddsVolume.java:createDbStore(420)) - SchemaV3 db is created and loaded at /home/runner/work/ozone/ozone/hadoop-ozone/integration-test/target/test-dir/MiniOzoneClusterImpl-da04a438-6ec0-4fc9-9b2e-e93c90459920/datanode-8/data-0/containers/hdds/da04a438-6ec0-4fc9-9b2e-e93c90459920/DS-e8ff4a26-b5ca-4fde-b91a-762e0afeeafa/container.db for volume DS-e8ff4a26-b5ca-4fde-b91a-762e0afeeafa
2024-02-10 23:48:14,227 [f4d36fa5-ed0e-4d34-ba3c-8c17cce67bcd-ContainerReader-0] INFO  ozoneimpl.ContainerReader (ContainerReader.java:readVolume(148)) - Start to verify containers on volume /home/runner/work/ozone/ozone/hadoop-ozone/integration-test/target/test-dir/MiniOzoneClusterImpl-da04a438-6ec0-4fc9-9b2e-e93c90459920/datanode-8/data-0/containers/hdds
2024-02-10 23:48:14,227 [f4d36fa5-ed0e-4d34-ba3c-8c17cce67bcd-ContainerReader-0] INFO  ozoneimpl.ContainerReader (ContainerReader.java:readVolume(178)) - Finish verifying containers on volume /home/runner/work/ozone/ozone/hadoop-ozone/integration-test/target/test-dir/MiniOzoneClusterImpl-da04a438-6ec0-4fc9-9b2e-e93c90459920/datanode-8/data-0/containers/hdds
2024-02-10 23:48:14,227 [f4d36fa5-ed0e-4d34-ba3c-8c17cce67bcd-EndpointStateMachineTaskThread-/0.0.0.0:15269-0 ] INFO  ozoneimpl.OzoneContainer (OzoneContainer.java:buildContainerSet(328)) - Build ContainerSet costs 0s
2024-02-10 23:48:14,227 [f4d36fa5-ed0e-4d34-ba3c-8c17cce67bcd-EndpointStateMachineTaskThread-/0.0.0.0:15269-0 ] INFO  volume.ThrottledAsyncChecker (ThrottledAsyncChecker.java:schedule(141)) - Scheduling a check for /home/runner/work/ozone/ozone/hadoop-ozone/integration-test/target/test-dir/MiniOzoneClusterImpl-da04a438-6ec0-4fc9-9b2e-e93c90459920/datanode-8/data-0/containers/hdds
2024-02-10 23:48:14,227 [f4d36fa5-ed0e-4d34-ba3c-8c17cce67bcd-EndpointStateMachineTaskThread-/0.0.0.0:15269-0 ] INFO  volume.StorageVolumeChecker (StorageVolumeChecker.java:checkAllVolumes(218)) - Scheduled health check for volume /home/runner/work/ozone/ozone/hadoop-ozone/integration-test/target/test-dir/MiniOzoneClusterImpl-da04a438-6ec0-4fc9-9b2e-e93c90459920/datanode-8/data-0/containers/hdds
2024-02-10 23:48:14,229 [f4d36fa5-ed0e-4d34-ba3c-8c17cce67bcd-EndpointStateMachineTaskThread-/0.0.0.0:15269-0 ] INFO  volume.ThrottledAsyncChecker (ThrottledAsyncChecker.java:schedule(141)) - Scheduling a check for /home/runner/work/ozone/ozone/hadoop-ozone/integration-test/target/test-dir/MiniOzoneClusterImpl-da04a438-6ec0-4fc9-9b2e-e93c90459920/datanode-8/data/ratis
2024-02-10 23:48:14,229 [f4d36fa5-ed0e-4d34-ba3c-8c17cce67bcd-EndpointStateMachineTaskThread-/0.0.0.0:15269-0 ] INFO  volume.StorageVolumeChecker (StorageVolumeChecker.java:checkAllVolumes(218)) - Scheduled health check for volume /home/runner/work/ozone/ozone/hadoop-ozone/integration-test/target/test-dir/MiniOzoneClusterImpl-da04a438-6ec0-4fc9-9b2e-e93c90459920/datanode-8/data/ratis
2024-02-10 23:48:14,229 [f4d36fa5-ed0e-4d34-ba3c-8c17cce67bcd-EndpointStateMachineTaskThread-/0.0.0.0:15269-0 ] INFO  ozoneimpl.OzoneContainer (OzoneContainer.java:start(459)) - Attempting to start container services.
2024-02-10 23:48:14,230 [f4d36fa5-ed0e-4d34-ba3c-8c17cce67bcd-EndpointStateMachineTaskThread-/0.0.0.0:15269-0 ] INFO  ozoneimpl.OzoneContainer (OzoneContainer.java:startContainerScrub(339)) - Scheduled background container scanners and the on-demand container scanner have been disabled.
2024-02-10 23:48:14,230 [f4d36fa5-ed0e-4d34-ba3c-8c17cce67bcd-EndpointStateMachineTaskThread-/0.0.0.0:15269-0 ] INFO  replication.ReplicationServer (ReplicationServer.java:start(140)) - ReplicationServer is started using port 15355
2024-02-10 23:48:14,230 [f4d36fa5-ed0e-4d34-ba3c-8c17cce67bcd-EndpointStateMachineTaskThread-/0.0.0.0:15269-0 ] INFO  ratis.XceiverServerRatis (XceiverServerRatis.java:start(566)) - Starting XceiverServerRatis f4d36fa5-ed0e-4d34-ba3c-8c17cce67bcd
2024-02-10 23:48:14,230 [f4d36fa5-ed0e-4d34-ba3c-8c17cce67bcd-EndpointStateMachineTaskThread-/0.0.0.0:15269-0 ] INFO  server.RaftServer (RaftServerProxy.java:startImpl(406)) - f4d36fa5-ed0e-4d34-ba3c-8c17cce67bcd: start RPC server
2024-02-10 23:48:14,230 [f4d36fa5-ed0e-4d34-ba3c-8c17cce67bcd-EndpointStateMachineTaskThread-/0.0.0.0:15269-0 ] INFO  server.GrpcService (GrpcService.java:startImpl(302)) - f4d36fa5-ed0e-4d34-ba3c-8c17cce67bcd: GrpcService started, listening on 15351
2024-02-10 23:48:14,231 [f4d36fa5-ed0e-4d34-ba3c-8c17cce67bcd-EndpointStateMachineTaskThread-/0.0.0.0:15269-0 ] INFO  server.GrpcService (GrpcService.java:startImpl(302)) - f4d36fa5-ed0e-4d34-ba3c-8c17cce67bcd: GrpcService started, listening on 15353
2024-02-10 23:48:14,231 [f4d36fa5-ed0e-4d34-ba3c-8c17cce67bcd-EndpointStateMachineTaskThread-/0.0.0.0:15269-0 ] INFO  server.GrpcService (GrpcService.java:startImpl(302)) - f4d36fa5-ed0e-4d34-ba3c-8c17cce67bcd: GrpcService started, listening on 15352
2024-02-10 23:48:14,231 [f4d36fa5-ed0e-4d34-ba3c-8c17cce67bcd-EndpointStateMachineTaskThread-/0.0.0.0:15269-0 ] INFO  ratis.XceiverServerRatis (XceiverServerRatis.java:getRealPort(592)) - XceiverServerRatis f4d36fa5-ed0e-4d34-ba3c-8c17cce67bcd is started using port 15351 for RATIS
2024-02-10 23:48:14,231 [JvmPauseMonitor43] INFO  util.JvmPauseMonitor (JvmPauseMonitor.java:run(146)) - JvmPauseMonitor-f4d36fa5-ed0e-4d34-ba3c-8c17cce67bcd: Started
2024-02-10 23:48:14,231 [f4d36fa5-ed0e-4d34-ba3c-8c17cce67bcd-EndpointStateMachineTaskThread-/0.0.0.0:15269-0 ] INFO  ratis.XceiverServerRatis (XceiverServerRatis.java:getRealPort(592)) - XceiverServerRatis f4d36fa5-ed0e-4d34-ba3c-8c17cce67bcd is started using port 15352 for RATIS_ADMIN
2024-02-10 23:48:14,231 [f4d36fa5-ed0e-4d34-ba3c-8c17cce67bcd-EndpointStateMachineTaskThread-/0.0.0.0:15269-0 ] INFO  ratis.XceiverServerRatis (XceiverServerRatis.java:getRealPort(592)) - XceiverServerRatis f4d36fa5-ed0e-4d34-ba3c-8c17cce67bcd is started using port 15353 for RATIS_SERVER
2024-02-10 23:48:14,231 [f4d36fa5-ed0e-4d34-ba3c-8c17cce67bcd-EndpointStateMachineTaskThread-/0.0.0.0:15269-0 ] INFO  ratis.XceiverServerRatis (XceiverServerRatis.java:getRealPort(592)) - XceiverServerRatis f4d36fa5-ed0e-4d34-ba3c-8c17cce67bcd is started using port 15354 for RATIS_DATASTREAM
2024-02-10 23:48:14,232 [f4d36fa5-ed0e-4d34-ba3c-8c17cce67bcd-BlockDeletingService#0] INFO  interfaces.ContainerDeletionChoosingPolicyTemplate (ContainerDeletionChoosingPolicyTemplate.java:chooseContainerForBlockDeletion(85)) - Chosen 0/5000 blocks from 0 candidate containers.
2024-02-10 23:48:15,205 [main] INFO  ozone.MiniOzoneClusterImpl (MiniOzoneClusterImpl.java:lambda$waitForClusterToBeReady$0(221)) - Waiting for nodes to be ready. Got 0 of 9 DN Heartbeats.
2024-02-10 23:48:15,205 [main] INFO  ozone.MiniOzoneClusterImpl (MiniOzoneClusterImpl.java:lambda$waitForClusterToBeReady$0(224)) - Waiting for cluster to exit safe mode
2024-02-10 23:48:15,205 [main] INFO  ozone.MiniOzoneClusterImpl (MiniOzoneClusterImpl.java:lambda$waitForClusterToBeReady$0(226)) - SCM became leader
2024-02-10 23:48:15,448 [IPC Server handler 5 on default port 15269] INFO  net.NetworkTopologyImpl (NetworkTopologyImpl.java:add(124)) - Added a new node: /default-rack/f41b6dce-8722-4706-80fd-a8b218830cd7
2024-02-10 23:48:15,449 [IPC Server handler 5 on default port 15269] INFO  node.SCMNodeManager (SCMNodeManager.java:register(421)) - Registered datanode: f41b6dce-8722-4706-80fd-a8b218830cd7{ip: 10.1.0.12, host: fv-az886-285.zcyxlggriy4uppruju113mie5f.cx.internal.cloudapp.net, ports: [HTTP=15276, CLIENT_RPC=15277, REPLICATION=15283, RATIS=15279, RATIS_ADMIN=15280, RATIS_SERVER=15281, RATIS_DATASTREAM=15282, STANDALONE=15278], networkLocation: /default-rack, certSerialId: null, persistedOpState: null, persistedOpStateExpiryEpochSec: 0}
2024-02-10 23:48:15,451 [EventQueue-NewNodeForNewNodeHandler] INFO  pipeline.BackgroundPipelineCreator (BackgroundPipelineCreator.java:notifyEventTriggered(280)) - trigger a one-shot run on RatisPipelineUtilsThread.
2024-02-10 23:48:15,451 [EventQueue-NodeRegistrationContainerReportForDataNodeSafeModeRule] INFO  safemode.SCMSafeModeManager (DataNodeSafeModeRule.java:process(71)) - SCM in safe mode. 1 DataNodes registered, 3 required.
2024-02-10 23:48:15,452 [RatisPipelineUtilsThread-0] INFO  pipeline.RatisPipelineProvider (RatisPipelineProvider.java:lambda$create$0(206)) - Sending CreatePipelineCommand for pipeline:PipelineID=a794de41-7f69-42c0-b73b-73283bf56c0b to datanode:f41b6dce-8722-4706-80fd-a8b218830cd7
2024-02-10 23:48:15,452 [EventQueue-PipelineReportForOneReplicaPipelineSafeModeRule] INFO  safemode.SCMSafeModeManager (SCMSafeModeManager.java:validateSafeModeExitRules(200)) - AtleastOneDatanodeReportedRule rule is successfully validated
2024-02-10 23:48:15,453 [EventQueue-NodeRegistrationContainerReportForContainerSafeModeRule] INFO  safemode.SCMSafeModeManager (SCMSafeModeManager.java:validateSafeModeExitRules(200)) - ContainerSafeModeRule rule is successfully validated
2024-02-10 23:48:15,454 [RatisPipelineUtilsThread-0] INFO  pipeline.BackgroundPipelineCreator (BackgroundPipelineCreator.java:createPipelines(236)) - Created new pipeline Pipeline[ Id: a794de41-7f69-42c0-b73b-73283bf56c0b, Nodes: f41b6dce-8722-4706-80fd-a8b218830cd7(fv-az886-285.zcyxlggriy4uppruju113mie5f.cx.internal.cloudapp.net/10.1.0.12), ReplicationConfig: RATIS/ONE, State:ALLOCATED, leaderId:, CreationTimestamp2024-02-10T23:48:15.452Z[Etc/UTC]]
2024-02-10 23:48:15,537 [IPC Server handler 6 on default port 15269] INFO  net.NetworkTopologyImpl (NetworkTopologyImpl.java:add(124)) - Added a new node: /default-rack/73a2e683-eab9-4fa9-bf1b-2a740f4e4743
2024-02-10 23:48:15,537 [IPC Server handler 6 on default port 15269] INFO  node.SCMNodeManager (SCMNodeManager.java:register(421)) - Registered datanode: 73a2e683-eab9-4fa9-bf1b-2a740f4e4743{ip: 10.1.0.12, host: fv-az886-285.zcyxlggriy4uppruju113mie5f.cx.internal.cloudapp.net, ports: [HTTP=15285, CLIENT_RPC=15286, REPLICATION=15292, RATIS=15288, RATIS_ADMIN=15289, RATIS_SERVER=15290, RATIS_DATASTREAM=15291, STANDALONE=15287], networkLocation: /default-rack, certSerialId: null, persistedOpState: null, persistedOpStateExpiryEpochSec: 0}
2024-02-10 23:48:15,537 [EventQueue-NodeRegistrationContainerReportForDataNodeSafeModeRule] INFO  safemode.SCMSafeModeManager (DataNodeSafeModeRule.java:process(71)) - SCM in safe mode. 2 DataNodes registered, 3 required.
2024-02-10 23:48:15,537 [EventQueue-NewNodeForNewNodeHandler] INFO  pipeline.BackgroundPipelineCreator (BackgroundPipelineCreator.java:notifyEventTriggered(280)) - trigger a one-shot run on RatisPipelineUtilsThread.
2024-02-10 23:48:15,537 [RatisPipelineUtilsThread-0] INFO  pipeline.RatisPipelineProvider (RatisPipelineProvider.java:lambda$create$0(206)) - Sending CreatePipelineCommand for pipeline:PipelineID=0924d68a-fb35-4c58-85a1-05deaa5c2e1f to datanode:73a2e683-eab9-4fa9-bf1b-2a740f4e4743
2024-02-10 23:48:15,537 [RatisPipelineUtilsThread-0] INFO  pipeline.BackgroundPipelineCreator (BackgroundPipelineCreator.java:createPipelines(236)) - Created new pipeline Pipeline[ Id: 0924d68a-fb35-4c58-85a1-05deaa5c2e1f, Nodes: 73a2e683-eab9-4fa9-bf1b-2a740f4e4743(fv-az886-285.zcyxlggriy4uppruju113mie5f.cx.internal.cloudapp.net/10.1.0.12), ReplicationConfig: RATIS/ONE, State:ALLOCATED, leaderId:, CreationTimestamp2024-02-10T23:48:15.537Z[Etc/UTC]]
2024-02-10 23:48:15,664 [IPC Server handler 7 on default port 15269] INFO  net.NetworkTopologyImpl (NetworkTopologyImpl.java:add(124)) - Added a new node: /default-rack/5708a1f9-d8fb-4b3a-b759-64b1395b16e1
2024-02-10 23:48:15,664 [IPC Server handler 7 on default port 15269] INFO  node.SCMNodeManager (SCMNodeManager.java:register(421)) - Registered datanode: 5708a1f9-d8fb-4b3a-b759-64b1395b16e1{ip: 10.1.0.12, host: fv-az886-285.zcyxlggriy4uppruju113mie5f.cx.internal.cloudapp.net, ports: [HTTP=15294, CLIENT_RPC=15295, REPLICATION=15301, RATIS=15297, RATIS_ADMIN=15298, RATIS_SERVER=15299, RATIS_DATASTREAM=15300, STANDALONE=15296], networkLocation: /default-rack, certSerialId: null, persistedOpState: null, persistedOpStateExpiryEpochSec: 0}
2024-02-10 23:48:15,665 [EventQueue-NodeRegistrationContainerReportForDataNodeSafeModeRule] INFO  safemode.SCMSafeModeManager (DataNodeSafeModeRule.java:process(71)) - SCM in safe mode. 3 DataNodes registered, 3 required.
2024-02-10 23:48:15,665 [EventQueue-NodeRegistrationContainerReportForDataNodeSafeModeRule] INFO  safemode.SCMSafeModeManager (SCMSafeModeManager.java:validateSafeModeExitRules(200)) - DataNodeSafeModeRule rule is successfully validated
2024-02-10 23:48:15,665 [EventQueue-NodeRegistrationContainerReportForDataNodeSafeModeRule] INFO  safemode.SCMSafeModeManager (SCMSafeModeManager.java:completePreCheck(229)) - All SCM safe mode pre check rules have passed
2024-02-10 23:48:15,665 [EventQueue-NodeRegistrationContainerReportForDataNodeSafeModeRule] INFO  ha.SCMContext (SCMContext.java:updateSafeModeStatus(225)) - Update SafeModeStatus from SafeModeStatus{safeModeStatus=true, preCheckPassed=false} to SafeModeStatus{safeModeStatus=true, preCheckPassed=true}.
2024-02-10 23:48:15,665 [EventQueue-NodeRegistrationContainerReportForDataNodeSafeModeRule] INFO  pipeline.BackgroundPipelineCreator (BackgroundPipelineCreator.java:notifyEventTriggered(280)) - trigger a one-shot run on RatisPipelineUtilsThread.
2024-02-10 23:48:15,666 [EventQueue-NewNodeForNewNodeHandler] INFO  pipeline.BackgroundPipelineCreator (BackgroundPipelineCreator.java:notifyEventTriggered(280)) - trigger a one-shot run on RatisPipelineUtilsThread.
2024-02-10 23:48:15,666 [RatisPipelineUtilsThread-0] INFO  pipeline.RatisPipelineProvider (RatisPipelineProvider.java:lambda$create$0(206)) - Sending CreatePipelineCommand for pipeline:PipelineID=7c7c5023-aee7-4948-b3b1-eb083675f544 to datanode:5708a1f9-d8fb-4b3a-b759-64b1395b16e1
2024-02-10 23:48:15,666 [RatisPipelineUtilsThread-0] INFO  pipeline.BackgroundPipelineCreator (BackgroundPipelineCreator.java:createPipelines(236)) - Created new pipeline Pipeline[ Id: 7c7c5023-aee7-4948-b3b1-eb083675f544, Nodes: 5708a1f9-d8fb-4b3a-b759-64b1395b16e1(fv-az886-285.zcyxlggriy4uppruju113mie5f.cx.internal.cloudapp.net/10.1.0.12), ReplicationConfig: RATIS/ONE, State:ALLOCATED, leaderId:, CreationTimestamp2024-02-10T23:48:15.666Z[Etc/UTC]]
2024-02-10 23:48:15,666 [RatisPipelineUtilsThread-0] INFO  pipeline.RatisPipelineProvider (RatisPipelineProvider.java:lambda$create$0(206)) - Sending CreatePipelineCommand for pipeline:PipelineID=7d247535-67c6-479f-9f3e-3c9e2fd7329a to datanode:73a2e683-eab9-4fa9-bf1b-2a740f4e4743
2024-02-10 23:48:15,666 [RatisPipelineUtilsThread-0] INFO  pipeline.RatisPipelineProvider (RatisPipelineProvider.java:lambda$create$0(206)) - Sending CreatePipelineCommand for pipeline:PipelineID=7d247535-67c6-479f-9f3e-3c9e2fd7329a to datanode:f41b6dce-8722-4706-80fd-a8b218830cd7
2024-02-10 23:48:15,667 [RatisPipelineUtilsThread-0] INFO  pipeline.RatisPipelineProvider (RatisPipelineProvider.java:lambda$create$0(206)) - Sending CreatePipelineCommand for pipeline:PipelineID=7d247535-67c6-479f-9f3e-3c9e2fd7329a to datanode:5708a1f9-d8fb-4b3a-b759-64b1395b16e1
2024-02-10 23:48:15,667 [RatisPipelineUtilsThread-0] INFO  pipeline.BackgroundPipelineCreator (BackgroundPipelineCreator.java:createPipelines(236)) - Created new pipeline Pipeline[ Id: 7d247535-67c6-479f-9f3e-3c9e2fd7329a, Nodes: 73a2e683-eab9-4fa9-bf1b-2a740f4e4743(fv-az886-285.zcyxlggriy4uppruju113mie5f.cx.internal.cloudapp.net/10.1.0.12)f41b6dce-8722-4706-80fd-a8b218830cd7(fv-az886-285.zcyxlggriy4uppruju113mie5f.cx.internal.cloudapp.net/10.1.0.12)5708a1f9-d8fb-4b3a-b759-64b1395b16e1(fv-az886-285.zcyxlggriy4uppruju113mie5f.cx.internal.cloudapp.net/10.1.0.12), ReplicationConfig: RATIS/THREE, State:ALLOCATED, leaderId:, CreationTimestamp2024-02-10T23:48:15.666Z[Etc/UTC]]
2024-02-10 23:48:15,760 [IPC Server handler 8 on default port 15269] INFO  net.NetworkTopologyImpl (NetworkTopologyImpl.java:add(124)) - Added a new node: /default-rack/d68bdd40-ff61-48f9-926d-424a561bf72d
2024-02-10 23:48:15,760 [IPC Server handler 8 on default port 15269] INFO  node.SCMNodeManager (SCMNodeManager.java:register(421)) - Registered datanode: d68bdd40-ff61-48f9-926d-424a561bf72d{ip: 10.1.0.12, host: fv-az886-285.zcyxlggriy4uppruju113mie5f.cx.internal.cloudapp.net, ports: [HTTP=15303, CLIENT_RPC=15304, REPLICATION=15310, RATIS=15306, RATIS_ADMIN=15307, RATIS_SERVER=15308, RATIS_DATASTREAM=15309, STANDALONE=15305], networkLocation: /default-rack, certSerialId: null, persistedOpState: null, persistedOpStateExpiryEpochSec: 0}
2024-02-10 23:48:15,762 [EventQueue-NewNodeForNewNodeHandler] INFO  pipeline.BackgroundPipelineCreator (BackgroundPipelineCreator.java:notifyEventTriggered(280)) - trigger a one-shot run on RatisPipelineUtilsThread.
2024-02-10 23:48:15,762 [RatisPipelineUtilsThread-0] INFO  pipeline.RatisPipelineProvider (RatisPipelineProvider.java:lambda$create$0(206)) - Sending CreatePipelineCommand for pipeline:PipelineID=567ba971-0fa8-4757-bde9-e8eb5dd20637 to datanode:d68bdd40-ff61-48f9-926d-424a561bf72d
2024-02-10 23:48:15,762 [RatisPipelineUtilsThread-0] INFO  pipeline.BackgroundPipelineCreator (BackgroundPipelineCreator.java:createPipelines(236)) - Created new pipeline Pipeline[ Id: 567ba971-0fa8-4757-bde9-e8eb5dd20637, Nodes: d68bdd40-ff61-48f9-926d-424a561bf72d(fv-az886-285.zcyxlggriy4uppruju113mie5f.cx.internal.cloudapp.net/10.1.0.12), ReplicationConfig: RATIS/ONE, State:ALLOCATED, leaderId:, CreationTimestamp2024-02-10T23:48:15.762Z[Etc/UTC]]
2024-02-10 23:48:15,849 [IPC Server handler 0 on default port 15269] INFO  net.NetworkTopologyImpl (NetworkTopologyImpl.java:add(124)) - Added a new node: /default-rack/5d086814-e92a-437f-854d-775872ea30b8
2024-02-10 23:48:15,849 [IPC Server handler 0 on default port 15269] INFO  node.SCMNodeManager (SCMNodeManager.java:register(421)) - Registered datanode: 5d086814-e92a-437f-854d-775872ea30b8{ip: 10.1.0.12, host: fv-az886-285.zcyxlggriy4uppruju113mie5f.cx.internal.cloudapp.net, ports: [HTTP=15312, CLIENT_RPC=15313, REPLICATION=15319, RATIS=15315, RATIS_ADMIN=15316, RATIS_SERVER=15317, RATIS_DATASTREAM=15318, STANDALONE=15314], networkLocation: /default-rack, certSerialId: null, persistedOpState: null, persistedOpStateExpiryEpochSec: 0}
2024-02-10 23:48:15,850 [EventQueue-NewNodeForNewNodeHandler] INFO  pipeline.BackgroundPipelineCreator (BackgroundPipelineCreator.java:notifyEventTriggered(280)) - trigger a one-shot run on RatisPipelineUtilsThread.
2024-02-10 23:48:15,851 [RatisPipelineUtilsThread-0] INFO  pipeline.RatisPipelineProvider (RatisPipelineProvider.java:lambda$create$0(206)) - Sending CreatePipelineCommand for pipeline:PipelineID=289f0b1f-0fe7-40e2-a54a-6e27f47d06a0 to datanode:5d086814-e92a-437f-854d-775872ea30b8
2024-02-10 23:48:15,852 [RatisPipelineUtilsThread-0] INFO  pipeline.BackgroundPipelineCreator (BackgroundPipelineCreator.java:createPipelines(236)) - Created new pipeline Pipeline[ Id: 289f0b1f-0fe7-40e2-a54a-6e27f47d06a0, Nodes: 5d086814-e92a-437f-854d-775872ea30b8(fv-az886-285.zcyxlggriy4uppruju113mie5f.cx.internal.cloudapp.net/10.1.0.12), ReplicationConfig: RATIS/ONE, State:ALLOCATED, leaderId:, CreationTimestamp2024-02-10T23:48:15.851Z[Etc/UTC]]
2024-02-10 23:48:15,941 [IPC Server handler 2 on default port 15269] INFO  net.NetworkTopologyImpl (NetworkTopologyImpl.java:add(124)) - Added a new node: /default-rack/33d73e87-4323-4d41-88d5-bb014deecef0
2024-02-10 23:48:15,941 [IPC Server handler 2 on default port 15269] INFO  node.SCMNodeManager (SCMNodeManager.java:register(421)) - Registered datanode: 33d73e87-4323-4d41-88d5-bb014deecef0{ip: 10.1.0.12, host: fv-az886-285.zcyxlggriy4uppruju113mie5f.cx.internal.cloudapp.net, ports: [HTTP=15321, CLIENT_RPC=15322, REPLICATION=15328, RATIS=15324, RATIS_ADMIN=15325, RATIS_SERVER=15326, RATIS_DATASTREAM=15327, STANDALONE=15323], networkLocation: /default-rack, certSerialId: null, persistedOpState: null, persistedOpStateExpiryEpochSec: 0}
2024-02-10 23:48:15,941 [EventQueue-NewNodeForNewNodeHandler] INFO  pipeline.BackgroundPipelineCreator (BackgroundPipelineCreator.java:notifyEventTriggered(280)) - trigger a one-shot run on RatisPipelineUtilsThread.
2024-02-10 23:48:15,941 [RatisPipelineUtilsThread-0] INFO  pipeline.RatisPipelineProvider (RatisPipelineProvider.java:lambda$create$0(206)) - Sending CreatePipelineCommand for pipeline:PipelineID=4c8ac1ff-2410-4c7c-b077-580b5a2d7cdc to datanode:33d73e87-4323-4d41-88d5-bb014deecef0
2024-02-10 23:48:15,942 [RatisPipelineUtilsThread-0] INFO  pipeline.BackgroundPipelineCreator (BackgroundPipelineCreator.java:createPipelines(236)) - Created new pipeline Pipeline[ Id: 4c8ac1ff-2410-4c7c-b077-580b5a2d7cdc, Nodes: 33d73e87-4323-4d41-88d5-bb014deecef0(fv-az886-285.zcyxlggriy4uppruju113mie5f.cx.internal.cloudapp.net/10.1.0.12), ReplicationConfig: RATIS/ONE, State:ALLOCATED, leaderId:, CreationTimestamp2024-02-10T23:48:15.941Z[Etc/UTC]]
2024-02-10 23:48:15,942 [RatisPipelineUtilsThread-0] INFO  pipeline.RatisPipelineProvider (RatisPipelineProvider.java:lambda$create$0(206)) - Sending CreatePipelineCommand for pipeline:PipelineID=32b725d0-7e3c-45d5-a6fc-21e4e35bf4d7 to datanode:33d73e87-4323-4d41-88d5-bb014deecef0
2024-02-10 23:48:15,942 [RatisPipelineUtilsThread-0] INFO  pipeline.RatisPipelineProvider (RatisPipelineProvider.java:lambda$create$0(206)) - Sending CreatePipelineCommand for pipeline:PipelineID=32b725d0-7e3c-45d5-a6fc-21e4e35bf4d7 to datanode:d68bdd40-ff61-48f9-926d-424a561bf72d
2024-02-10 23:48:15,942 [RatisPipelineUtilsThread-0] INFO  pipeline.RatisPipelineProvider (RatisPipelineProvider.java:lambda$create$0(206)) - Sending CreatePipelineCommand for pipeline:PipelineID=32b725d0-7e3c-45d5-a6fc-21e4e35bf4d7 to datanode:5d086814-e92a-437f-854d-775872ea30b8
2024-02-10 23:48:15,943 [RatisPipelineUtilsThread-0] INFO  pipeline.BackgroundPipelineCreator (BackgroundPipelineCreator.java:createPipelines(236)) - Created new pipeline Pipeline[ Id: 32b725d0-7e3c-45d5-a6fc-21e4e35bf4d7, Nodes: 33d73e87-4323-4d41-88d5-bb014deecef0(fv-az886-285.zcyxlggriy4uppruju113mie5f.cx.internal.cloudapp.net/10.1.0.12)d68bdd40-ff61-48f9-926d-424a561bf72d(fv-az886-285.zcyxlggriy4uppruju113mie5f.cx.internal.cloudapp.net/10.1.0.12)5d086814-e92a-437f-854d-775872ea30b8(fv-az886-285.zcyxlggriy4uppruju113mie5f.cx.internal.cloudapp.net/10.1.0.12), ReplicationConfig: RATIS/THREE, State:ALLOCATED, leaderId:, CreationTimestamp2024-02-10T23:48:15.942Z[Etc/UTC]]
2024-02-10 23:48:16,029 [IPC Server handler 3 on default port 15269] INFO  net.NetworkTopologyImpl (NetworkTopologyImpl.java:add(124)) - Added a new node: /default-rack/64168508-e903-4327-b7bc-0572c2109e1a
2024-02-10 23:48:16,029 [IPC Server handler 3 on default port 15269] INFO  node.SCMNodeManager (SCMNodeManager.java:register(421)) - Registered datanode: 64168508-e903-4327-b7bc-0572c2109e1a{ip: 10.1.0.12, host: fv-az886-285.zcyxlggriy4uppruju113mie5f.cx.internal.cloudapp.net, ports: [HTTP=15330, CLIENT_RPC=15331, REPLICATION=15337, RATIS=15333, RATIS_ADMIN=15334, RATIS_SERVER=15335, RATIS_DATASTREAM=15336, STANDALONE=15332], networkLocation: /default-rack, certSerialId: null, persistedOpState: null, persistedOpStateExpiryEpochSec: 0}
2024-02-10 23:48:16,029 [EventQueue-NewNodeForNewNodeHandler] INFO  pipeline.BackgroundPipelineCreator (BackgroundPipelineCreator.java:notifyEventTriggered(280)) - trigger a one-shot run on RatisPipelineUtilsThread.
2024-02-10 23:48:16,029 [RatisPipelineUtilsThread-0] INFO  pipeline.RatisPipelineProvider (RatisPipelineProvider.java:lambda$create$0(206)) - Sending CreatePipelineCommand for pipeline:PipelineID=6806e11f-15cb-4c0a-9275-ac5d874349e8 to datanode:64168508-e903-4327-b7bc-0572c2109e1a
2024-02-10 23:48:16,030 [RatisPipelineUtilsThread-0] INFO  pipeline.BackgroundPipelineCreator (BackgroundPipelineCreator.java:createPipelines(236)) - Created new pipeline Pipeline[ Id: 6806e11f-15cb-4c0a-9275-ac5d874349e8, Nodes: 64168508-e903-4327-b7bc-0572c2109e1a(fv-az886-285.zcyxlggriy4uppruju113mie5f.cx.internal.cloudapp.net/10.1.0.12), ReplicationConfig: RATIS/ONE, State:ALLOCATED, leaderId:, CreationTimestamp2024-02-10T23:48:16.029Z[Etc/UTC]]
2024-02-10 23:48:16,116 [IPC Server handler 1 on default port 15269] INFO  net.NetworkTopologyImpl (NetworkTopologyImpl.java:add(124)) - Added a new node: /default-rack/e6303cd0-aa6e-4f0b-8227-f9fc00433fb7
2024-02-10 23:48:16,116 [IPC Server handler 1 on default port 15269] INFO  node.SCMNodeManager (SCMNodeManager.java:register(421)) - Registered datanode: e6303cd0-aa6e-4f0b-8227-f9fc00433fb7{ip: 10.1.0.12, host: fv-az886-285.zcyxlggriy4uppruju113mie5f.cx.internal.cloudapp.net, ports: [HTTP=15339, CLIENT_RPC=15340, REPLICATION=15346, RATIS=15342, RATIS_ADMIN=15343, RATIS_SERVER=15344, RATIS_DATASTREAM=15345, STANDALONE=15341], networkLocation: /default-rack, certSerialId: null, persistedOpState: null, persistedOpStateExpiryEpochSec: 0}
2024-02-10 23:48:16,121 [EventQueue-NewNodeForNewNodeHandler] INFO  pipeline.BackgroundPipelineCreator (BackgroundPipelineCreator.java:notifyEventTriggered(280)) - trigger a one-shot run on RatisPipelineUtilsThread.
2024-02-10 23:48:16,121 [RatisPipelineUtilsThread-0] INFO  pipeline.RatisPipelineProvider (RatisPipelineProvider.java:lambda$create$0(206)) - Sending CreatePipelineCommand for pipeline:PipelineID=164a1b73-9984-445d-a676-cd69da698925 to datanode:e6303cd0-aa6e-4f0b-8227-f9fc00433fb7
2024-02-10 23:48:16,122 [RatisPipelineUtilsThread-0] INFO  pipeline.BackgroundPipelineCreator (BackgroundPipelineCreator.java:createPipelines(236)) - Created new pipeline Pipeline[ Id: 164a1b73-9984-445d-a676-cd69da698925, Nodes: e6303cd0-aa6e-4f0b-8227-f9fc00433fb7(fv-az886-285.zcyxlggriy4uppruju113mie5f.cx.internal.cloudapp.net/10.1.0.12), ReplicationConfig: RATIS/ONE, State:ALLOCATED, leaderId:, CreationTimestamp2024-02-10T23:48:16.121Z[Etc/UTC]]
2024-02-10 23:48:16,205 [IPC Server handler 4 on default port 15269] INFO  net.NetworkTopologyImpl (NetworkTopologyImpl.java:add(124)) - Added a new node: /default-rack/f4d36fa5-ed0e-4d34-ba3c-8c17cce67bcd
2024-02-10 23:48:16,205 [IPC Server handler 4 on default port 15269] INFO  node.SCMNodeManager (SCMNodeManager.java:register(421)) - Registered datanode: f4d36fa5-ed0e-4d34-ba3c-8c17cce67bcd{ip: 10.1.0.12, host: fv-az886-285.zcyxlggriy4uppruju113mie5f.cx.internal.cloudapp.net, ports: [HTTP=15348, CLIENT_RPC=15349, REPLICATION=15355, RATIS=15351, RATIS_ADMIN=15352, RATIS_SERVER=15353, RATIS_DATASTREAM=15354, STANDALONE=15350], networkLocation: /default-rack, certSerialId: null, persistedOpState: null, persistedOpStateExpiryEpochSec: 0}
2024-02-10 23:48:16,205 [EventQueue-NewNodeForNewNodeHandler] INFO  pipeline.BackgroundPipelineCreator (BackgroundPipelineCreator.java:notifyEventTriggered(280)) - trigger a one-shot run on RatisPipelineUtilsThread.
2024-02-10 23:48:16,205 [main] INFO  ozone.MiniOzoneClusterImpl (MiniOzoneClusterImpl.java:lambda$waitForClusterToBeReady$0(221)) - Nodes are ready. Got 9 of 9 DN Heartbeats.
2024-02-10 23:48:16,206 [RatisPipelineUtilsThread-0] INFO  pipeline.RatisPipelineProvider (RatisPipelineProvider.java:lambda$create$0(206)) - Sending CreatePipelineCommand for pipeline:PipelineID=05e21327-1fc5-4ba8-9950-143d6b5c3889 to datanode:f4d36fa5-ed0e-4d34-ba3c-8c17cce67bcd
2024-02-10 23:48:16,206 [main] INFO  ozone.MiniOzoneClusterImpl (MiniOzoneClusterImpl.java:lambda$waitForClusterToBeReady$0(224)) - Waiting for cluster to exit safe mode
2024-02-10 23:48:16,206 [main] INFO  ozone.MiniOzoneClusterImpl (MiniOzoneClusterImpl.java:lambda$waitForClusterToBeReady$0(226)) - SCM became leader
2024-02-10 23:48:16,206 [RatisPipelineUtilsThread-0] INFO  pipeline.BackgroundPipelineCreator (BackgroundPipelineCreator.java:createPipelines(236)) - Created new pipeline Pipeline[ Id: 05e21327-1fc5-4ba8-9950-143d6b5c3889, Nodes: f4d36fa5-ed0e-4d34-ba3c-8c17cce67bcd(fv-az886-285.zcyxlggriy4uppruju113mie5f.cx.internal.cloudapp.net/10.1.0.12), ReplicationConfig: RATIS/ONE, State:ALLOCATED, leaderId:, CreationTimestamp2024-02-10T23:48:16.206Z[Etc/UTC]]
2024-02-10 23:48:16,207 [RatisPipelineUtilsThread-0] INFO  pipeline.RatisPipelineProvider (RatisPipelineProvider.java:lambda$create$0(206)) - Sending CreatePipelineCommand for pipeline:PipelineID=6f4d2cd4-5cfc-44ba-abd0-50e16cfb81c8 to datanode:e6303cd0-aa6e-4f0b-8227-f9fc00433fb7
2024-02-10 23:48:16,207 [RatisPipelineUtilsThread-0] INFO  pipeline.RatisPipelineProvider (RatisPipelineProvider.java:lambda$create$0(206)) - Sending CreatePipelineCommand for pipeline:PipelineID=6f4d2cd4-5cfc-44ba-abd0-50e16cfb81c8 to datanode:64168508-e903-4327-b7bc-0572c2109e1a
2024-02-10 23:48:16,207 [RatisPipelineUtilsThread-0] INFO  pipeline.RatisPipelineProvider (RatisPipelineProvider.java:lambda$create$0(206)) - Sending CreatePipelineCommand for pipeline:PipelineID=6f4d2cd4-5cfc-44ba-abd0-50e16cfb81c8 to datanode:f4d36fa5-ed0e-4d34-ba3c-8c17cce67bcd
2024-02-10 23:48:16,207 [RatisPipelineUtilsThread-0] INFO  pipeline.BackgroundPipelineCreator (BackgroundPipelineCreator.java:createPipelines(236)) - Created new pipeline Pipeline[ Id: 6f4d2cd4-5cfc-44ba-abd0-50e16cfb81c8, Nodes: e6303cd0-aa6e-4f0b-8227-f9fc00433fb7(fv-az886-285.zcyxlggriy4uppruju113mie5f.cx.internal.cloudapp.net/10.1.0.12)64168508-e903-4327-b7bc-0572c2109e1a(fv-az886-285.zcyxlggriy4uppruju113mie5f.cx.internal.cloudapp.net/10.1.0.12)f4d36fa5-ed0e-4d34-ba3c-8c17cce67bcd(fv-az886-285.zcyxlggriy4uppruju113mie5f.cx.internal.cloudapp.net/10.1.0.12), ReplicationConfig: RATIS/THREE, State:ALLOCATED, leaderId:, CreationTimestamp2024-02-10T23:48:16.207Z[Etc/UTC]]
2024-02-10 23:48:17,206 [main] INFO  ozone.MiniOzoneClusterImpl (MiniOzoneClusterImpl.java:lambda$waitForClusterToBeReady$0(221)) - Nodes are ready. Got 9 of 9 DN Heartbeats.
2024-02-10 23:48:17,206 [main] INFO  ozone.MiniOzoneClusterImpl (MiniOzoneClusterImpl.java:lambda$waitForClusterToBeReady$0(224)) - Waiting for cluster to exit safe mode
2024-02-10 23:48:17,207 [main] INFO  ozone.MiniOzoneClusterImpl (MiniOzoneClusterImpl.java:lambda$waitForClusterToBeReady$0(226)) - SCM became leader
2024-02-10 23:48:18,207 [main] INFO  ozone.MiniOzoneClusterImpl (MiniOzoneClusterImpl.java:lambda$waitForClusterToBeReady$0(221)) - Nodes are ready. Got 9 of 9 DN Heartbeats.
2024-02-10 23:48:18,207 [main] INFO  ozone.MiniOzoneClusterImpl (MiniOzoneClusterImpl.java:lambda$waitForClusterToBeReady$0(224)) - Waiting for cluster to exit safe mode
2024-02-10 23:48:18,207 [main] INFO  ozone.MiniOzoneClusterImpl (MiniOzoneClusterImpl.java:lambda$waitForClusterToBeReady$0(226)) - SCM became leader
2024-02-10 23:48:18,449 [f41b6dce-8722-4706-80fd-a8b218830cd7-PipelineCommandHandlerThread-0] INFO  server.RaftServer (RaftServerProxy.java:addNew(100)) - f41b6dce-8722-4706-80fd-a8b218830cd7: addNew group-73283BF56C0B:[f41b6dce-8722-4706-80fd-a8b218830cd7|10.1.0.12:15281] returns group-73283BF56C0B:java.util.concurrent.CompletableFuture@b32efab[Not completed]
2024-02-10 23:48:18,450 [f41b6dce-8722-4706-80fd-a8b218830cd7-groupManagement] INFO  server.RaftServer$Division (RaftServerImpl.java:<init>(256)) - f41b6dce-8722-4706-80fd-a8b218830cd7: new RaftServerImpl for group-73283BF56C0B:[f41b6dce-8722-4706-80fd-a8b218830cd7|10.1.0.12:15281] with ContainerStateMachine:uninitialized
2024-02-10 23:48:18,450 [f41b6dce-8722-4706-80fd-a8b218830cd7-groupManagement] INFO  server.RaftServerConfigKeys (ConfUtils.java:logGet(46)) - raft.server.rpc.timeout.min = 5s (custom)
2024-02-10 23:48:18,450 [f41b6dce-8722-4706-80fd-a8b218830cd7-groupManagement] INFO  server.RaftServerConfigKeys (ConfUtils.java:logGet(46)) - raft.server.rpc.timeout.max = 5200ms (custom)
2024-02-10 23:48:18,450 [f41b6dce-8722-4706-80fd-a8b218830cd7-groupManagement] INFO  server.RaftServerConfigKeys (ConfUtils.java:logGet(46)) - raft.server.rpc.sleep.time = 25ms (default)
2024-02-10 23:48:18,450 [f41b6dce-8722-4706-80fd-a8b218830cd7-groupManagement] INFO  server.RaftServerConfigKeys (ConfUtils.java:logGet(46)) - raft.server.rpc.slowness.timeout = 300000ms (custom)
2024-02-10 23:48:18,450 [f41b6dce-8722-4706-80fd-a8b218830cd7-groupManagement] INFO  server.RaftServerConfigKeys (ConfUtils.java:logGet(46)) - raft.server.leaderelection.leader.step-down.wait-time = 10s (default)
2024-02-10 23:48:18,450 [f41b6dce-8722-4706-80fd-a8b218830cd7-groupManagement] INFO  server.RaftServerConfigKeys (ConfUtils.java:logGet(46)) - raft.server.leaderelection.member.majority-add = false (default)
2024-02-10 23:48:18,450 [f41b6dce-8722-4706-80fd-a8b218830cd7-groupManagement] INFO  server.RaftServerConfigKeys (ConfUtils.java:logGet(46)) - raft.server.sleep.deviation.threshold = 300ms (default)
2024-02-10 23:48:18,450 [f41b6dce-8722-4706-80fd-a8b218830cd7-groupManagement] INFO  server.RaftServer$Division (ServerState.java:<init>(113)) - f41b6dce-8722-4706-80fd-a8b218830cd7@group-73283BF56C0B: ConfigurationManager, init=-1: peers:[f41b6dce-8722-4706-80fd-a8b218830cd7|10.1.0.12:15281]|listeners:[], old=null, confs=<EMPTY_MAP>
2024-02-10 23:48:18,450 [f41b6dce-8722-4706-80fd-a8b218830cd7-groupManagement] INFO  server.RaftServerConfigKeys (ConfUtils.java:logGet(46)) - raft.server.notification.no-leader.timeout = 300000ms (custom)
2024-02-10 23:48:18,450 [f41b6dce-8722-4706-80fd-a8b218830cd7-groupManagement] INFO  server.RaftServerConfigKeys (ConfUtils.java:logGet(46)) - raft.server.read.timeout = 10s (default)
2024-02-10 23:48:18,450 [f41b6dce-8722-4706-80fd-a8b218830cd7-groupManagement] INFO  server.RaftServerConfigKeys (ConfUtils.java:logGet(46)) - raft.server.retrycache.expirytime = 600000ms (custom)
2024-02-10 23:48:18,450 [f41b6dce-8722-4706-80fd-a8b218830cd7-groupManagement] INFO  server.RaftServerConfigKeys (ConfUtils.java:logGet(46)) - raft.server.retrycache.statistics.expirytime = 100ms (default)
2024-02-10 23:48:18,450 [f41b6dce-8722-4706-80fd-a8b218830cd7-groupManagement] INFO  server.RaftServerConfigKeys (ConfUtils.java:logGet(46)) - raft.server.read.option = DEFAULT (default)
2024-02-10 23:48:18,451 [f41b6dce-8722-4706-80fd-a8b218830cd7-groupManagement] INFO  server.RaftServerConfigKeys (ConfUtils.java:logGet(46)) - raft.server.read.read-after-write-consistent.write-index-cache.expiry-time = 60s (default)
2024-02-10 23:48:18,452 [f41b6dce-8722-4706-80fd-a8b218830cd7-groupManagement] INFO  server.RaftServerConfigKeys (ConfUtils.java:logGet(46)) - raft.server.rpc.request.timeout = 3000ms (default)
2024-02-10 23:48:18,453 [f41b6dce-8722-4706-80fd-a8b218830cd7-groupManagement] INFO  server.RaftServerConfigKeys (ConfUtils.java:logGet(46)) - raft.server.log.appender.install.snapshot.enabled = false (custom)
2024-02-10 23:48:18,453 [f41b6dce-8722-4706-80fd-a8b218830cd7-groupManagement] INFO  server.RaftServerConfigKeys (ConfUtils.java:logGet(46)) - raft.server.threadpool.server.cached = true (default)
2024-02-10 23:48:18,453 [f41b6dce-8722-4706-80fd-a8b218830cd7-groupManagement] INFO  server.RaftServerConfigKeys (ConfUtils.java:logGet(46)) - raft.server.threadpool.server.size = 0 (default)
2024-02-10 23:48:18,453 [f41b6dce-8722-4706-80fd-a8b218830cd7-groupManagement] INFO  server.RaftServerConfigKeys (ConfUtils.java:logGet(46)) - raft.server.threadpool.client.cached = true (default)
2024-02-10 23:48:18,453 [f41b6dce-8722-4706-80fd-a8b218830cd7-groupManagement] INFO  server.RaftServerConfigKeys (ConfUtils.java:logGet(46)) - raft.server.threadpool.client.size = 0 (default)
2024-02-10 23:48:18,453 [f41b6dce-8722-4706-80fd-a8b218830cd7-groupManagement] INFO  server.RaftServerConfigKeys (ConfUtils.java:logGet(46)) - raft.server.storage.free-space.min = 0MB (=0) (default)
2024-02-10 23:48:18,453 [f41b6dce-8722-4706-80fd-a8b218830cd7-groupManagement] INFO  server.RaftServerConfigKeys (ConfUtils.java:logGet(46)) - raft.server.log.corruption.policy = EXCEPTION (default)
2024-02-10 23:48:18,453 [f41b6dce-8722-4706-80fd-a8b218830cd7-groupManagement] INFO  server.RaftServerConfigKeys (ConfUtils.java:logGet(46)) - raft.server.storage.dir = [/home/runner/work/ozone/ozone/hadoop-ozone/integration-test/target/test-dir/MiniOzoneClusterImpl-da04a438-6ec0-4fc9-9b2e-e93c90459920/datanode-0/data/ratis] (custom)
2024-02-10 23:48:18,453 [f41b6dce-8722-4706-80fd-a8b218830cd7-groupManagement] INFO  storage.RaftStorageDirectory (RaftStorageDirectoryImpl.java:analyzeStorage(138)) - The storage directory /home/runner/work/ozone/ozone/hadoop-ozone/integration-test/target/test-dir/MiniOzoneClusterImpl-da04a438-6ec0-4fc9-9b2e-e93c90459920/datanode-0/data/ratis/a794de41-7f69-42c0-b73b-73283bf56c0b does not exist. Creating ...
2024-02-10 23:48:18,454 [f41b6dce-8722-4706-80fd-a8b218830cd7-groupManagement] INFO  storage.RaftStorageDirectory (RaftStorageDirectoryImpl.java:tryLock(228)) - Lock on /home/runner/work/ozone/ozone/hadoop-ozone/integration-test/target/test-dir/MiniOzoneClusterImpl-da04a438-6ec0-4fc9-9b2e-e93c90459920/datanode-0/data/ratis/a794de41-7f69-42c0-b73b-73283bf56c0b/in_use.lock acquired by nodename 48413@fv-az886-285
2024-02-10 23:48:18,455 [f41b6dce-8722-4706-80fd-a8b218830cd7-groupManagement] INFO  storage.RaftStorage (RaftStorageImpl.java:format(99)) - Storage directory /home/runner/work/ozone/ozone/hadoop-ozone/integration-test/target/test-dir/MiniOzoneClusterImpl-da04a438-6ec0-4fc9-9b2e-e93c90459920/datanode-0/data/ratis/a794de41-7f69-42c0-b73b-73283bf56c0b has been successfully formatted.
2024-02-10 23:48:18,455 [f41b6dce-8722-4706-80fd-a8b218830cd7-groupManagement] WARN  util.FileUtils (LogUtils.java:supplyAndLog(63)) - Failed to Files.newInputStream /home/runner/work/ozone/ozone/hadoop-ozone/integration-test/target/test-dir/MiniOzoneClusterImpl-da04a438-6ec0-4fc9-9b2e-e93c90459920/datanode-0/data/ratis/a794de41-7f69-42c0-b73b-73283bf56c0b/current/raft-meta.conf with options []: java.nio.file.NoSuchFileException: /home/runner/work/ozone/ozone/hadoop-ozone/integration-test/target/test-dir/MiniOzoneClusterImpl-da04a438-6ec0-4fc9-9b2e-e93c90459920/datanode-0/data/ratis/a794de41-7f69-42c0-b73b-73283bf56c0b/current/raft-meta.conf
2024-02-10 23:48:18,456 [f41b6dce-8722-4706-80fd-a8b218830cd7-groupManagement] INFO  ratis.ContainerStateMachine (ContainerStateMachine.java:loadSnapshot(287)) - group-73283BF56C0B: The snapshot info is null. Setting the last applied index to:(t:0, i:~)
2024-02-10 23:48:18,456 [f41b6dce-8722-4706-80fd-a8b218830cd7-groupManagement] INFO  server.RaftServerConfigKeys (ConfUtils.java:logGet(46)) - raft.server.log.use.memory = false (default)
2024-02-10 23:48:18,456 [f41b6dce-8722-4706-80fd-a8b218830cd7-groupManagement] INFO  server.RaftServerConfigKeys (ConfUtils.java:logGet(46)) - raft.server.log.purge.gap = 1000000 (custom)
2024-02-10 23:48:18,456 [f41b6dce-8722-4706-80fd-a8b218830cd7-groupManagement] INFO  server.RaftServerConfigKeys (ConfUtils.java:logGet(46)) - raft.server.log.appender.buffer.byte-limit = 8388608 (custom)
2024-02-10 23:48:18,456 [f41b6dce-8722-4706-80fd-a8b218830cd7-groupManagement] INFO  server.RaftServerConfigKeys (ConfUtils.java:logGet(46)) - raft.server.log.statemachine.data.read.timeout = 1000ms (default)
2024-02-10 23:48:18,456 [f41b6dce-8722-4706-80fd-a8b218830cd7-groupManagement] INFO  server.RaftServerConfigKeys (ConfUtils.java:logGet(46)) - raft.server.log.purge.preservation.log.num = 0 (default)
2024-02-10 23:48:18,457 [EventQueue-PipelineReportForPipelineReportHandler] INFO  pipeline.PipelineReportHandler (PipelineReportHandler.java:processPipelineReport(136)) - Opened pipeline PipelineID=a794de41-7f69-42c0-b73b-73283bf56c0b
2024-02-10 23:48:18,458 [EventQueue-OpenPipelineForHealthyPipelineSafeModeRule] INFO  safemode.SCMSafeModeManager (HealthyPipelineSafeModeRule.java:process(140)) - SCM in safe mode. Healthy pipelines reported count is 0, required healthy pipeline reported count is 1
2024-02-10 23:48:18,459 [f41b6dce-8722-4706-80fd-a8b218830cd7-groupManagement] INFO  server.RaftServerConfigKeys (ConfUtils.java:logGet(46)) - raft.server.log.segment.size.max = 67108864 (custom)
2024-02-10 23:48:18,459 [f41b6dce-8722-4706-80fd-a8b218830cd7-groupManagement] INFO  server.RaftServerConfigKeys (ConfUtils.java:logGet(46)) - raft.server.log.segment.cache.num.max = 2 (custom)
2024-02-10 23:48:18,459 [f41b6dce-8722-4706-80fd-a8b218830cd7-groupManagement] INFO  server.RaftServerConfigKeys (ConfUtils.java:logGet(46)) - raft.server.log.segment.cache.size.max = 200MB (=209715200) (default)
2024-02-10 23:48:18,459 [f41b6dce-8722-4706-80fd-a8b218830cd7-groupManagement] INFO  server.RaftServerConfigKeys (ConfUtils.java:logGet(46)) - raft.server.log.appender.buffer.byte-limit = 8388608 (custom)
2024-02-10 23:48:18,459 [f41b6dce-8722-4706-80fd-a8b218830cd7-groupManagement] INFO  util.AwaitToRun (AwaitToRun.java:start(81)) - Thread[f41b6dce-8722-4706-80fd-a8b218830cd7@group-73283BF56C0B-cacheEviction-AwaitToRun,5,main] started
2024-02-10 23:48:18,459 [f41b6dce-8722-4706-80fd-a8b218830cd7-groupManagement] INFO  segmented.SegmentedRaftLogWorker (SegmentedRaftLogWorker.java:<init>(182)) - new f41b6dce-8722-4706-80fd-a8b218830cd7@group-73283BF56C0B-SegmentedRaftLogWorker for RaftStorageImpl:Storage Directory /home/runner/work/ozone/ozone/hadoop-ozone/integration-test/target/test-dir/MiniOzoneClusterImpl-da04a438-6ec0-4fc9-9b2e-e93c90459920/datanode-0/data/ratis/a794de41-7f69-42c0-b73b-73283bf56c0b
2024-02-10 23:48:18,459 [f41b6dce-8722-4706-80fd-a8b218830cd7-groupManagement] INFO  server.RaftServerConfigKeys (ConfUtils.java:logGet(46)) - raft.server.log.queue.byte-limit = 4294967296 (custom)
2024-02-10 23:48:18,459 [f41b6dce-8722-4706-80fd-a8b218830cd7-groupManagement] INFO  server.RaftServerConfigKeys (ConfUtils.java:logGet(46)) - raft.server.log.queue.element-limit = 1024 (custom)
2024-02-10 23:48:18,459 [f41b6dce-8722-4706-80fd-a8b218830cd7-groupManagement] INFO  server.RaftServerConfigKeys (ConfUtils.java:logGet(46)) - raft.server.log.segment.size.max = 67108864 (custom)
2024-02-10 23:48:18,459 [f41b6dce-8722-4706-80fd-a8b218830cd7-groupManagement] INFO  server.RaftServerConfigKeys (ConfUtils.java:logGet(46)) - raft.server.log.preallocated.size = 4194304 (custom)
2024-02-10 23:48:18,459 [f41b6dce-8722-4706-80fd-a8b218830cd7-groupManagement] INFO  server.RaftServerConfigKeys (ConfUtils.java:logGet(46)) - raft.server.log.force.sync.num = 128 (default)
2024-02-10 23:48:18,459 [f41b6dce-8722-4706-80fd-a8b218830cd7-groupManagement] INFO  server.RaftServerConfigKeys (ConfUtils.java:logGet(46)) - raft.server.log.statemachine.data.sync = true (default)
2024-02-10 23:48:18,459 [f41b6dce-8722-4706-80fd-a8b218830cd7-groupManagement] INFO  server.RaftServerConfigKeys (ConfUtils.java:logGet(46)) - raft.server.log.statemachine.data.sync.timeout = 10s (default)
2024-02-10 23:48:18,460 [f41b6dce-8722-4706-80fd-a8b218830cd7-groupManagement] INFO  server.RaftServerConfigKeys (ConfUtils.java:logGet(46)) - raft.server.log.statemachine.data.sync.timeout.retry = 0 (custom)
2024-02-10 23:48:18,460 [f41b6dce-8722-4706-80fd-a8b218830cd7-groupManagement] INFO  server.RaftServerConfigKeys (ConfUtils.java:logGet(46)) - raft.server.log.write.buffer.size = 8388616 (custom)
2024-02-10 23:48:18,461 [f41b6dce-8722-4706-80fd-a8b218830cd7-groupManagement] INFO  server.RaftServerConfigKeys (ConfUtils.java:logGet(46)) - raft.server.log.appender.buffer.byte-limit = 8388608 (custom)
2024-02-10 23:48:18,461 [f41b6dce-8722-4706-80fd-a8b218830cd7-groupManagement] INFO  server.RaftServerConfigKeys (ConfUtils.java:logGet(46)) - raft.server.log.unsafe-flush.enabled = false (default)
2024-02-10 23:48:18,461 [f41b6dce-8722-4706-80fd-a8b218830cd7-groupManagement] INFO  server.RaftServerConfigKeys (ConfUtils.java:logGet(46)) - raft.server.log.async-flush.enabled = false (default)
2024-02-10 23:48:18,461 [f41b6dce-8722-4706-80fd-a8b218830cd7-groupManagement] INFO  server.RaftServerConfigKeys (ConfUtils.java:logGet(46)) - raft.server.log.statemachine.data.caching.enabled = true (custom)
2024-02-10 23:48:18,461 [f41b6dce-8722-4706-80fd-a8b218830cd7-groupManagement] INFO  segmented.SegmentedRaftLogWorker (SegmentedRaftLogWorker.java:lambda$new$0(134)) - f41b6dce-8722-4706-80fd-a8b218830cd7@group-73283BF56C0B-SegmentedRaftLogWorker: flushIndex: setUnconditionally 0 -> -1
2024-02-10 23:48:18,461 [f41b6dce-8722-4706-80fd-a8b218830cd7-groupManagement] INFO  segmented.SegmentedRaftLogWorker (SegmentedRaftLogWorker.java:lambda$new$0(134)) - f41b6dce-8722-4706-80fd-a8b218830cd7@group-73283BF56C0B-SegmentedRaftLogWorker: safeCacheEvictIndex: setUnconditionally 0 -> -1
2024-02-10 23:48:18,461 [f41b6dce-8722-4706-80fd-a8b218830cd7-groupManagement] INFO  server.RaftServer$Division (RaftServerImpl.java:start(396)) - f41b6dce-8722-4706-80fd-a8b218830cd7@group-73283BF56C0B: start as a follower, conf=-1: peers:[f41b6dce-8722-4706-80fd-a8b218830cd7|10.1.0.12:15281]|listeners:[], old=null
2024-02-10 23:48:18,461 [f41b6dce-8722-4706-80fd-a8b218830cd7-groupManagement] INFO  server.RaftServer$Division (RaftServerImpl.java:setRole(383)) - f41b6dce-8722-4706-80fd-a8b218830cd7@group-73283BF56C0B: changes role from      null to FOLLOWER at term 0 for startAsFollower
2024-02-10 23:48:18,461 [f41b6dce-8722-4706-80fd-a8b218830cd7-groupManagement] INFO  impl.RoleInfo (RoleInfo.java:updateAndGet(139)) - f41b6dce-8722-4706-80fd-a8b218830cd7: start f41b6dce-8722-4706-80fd-a8b218830cd7@group-73283BF56C0B-FollowerState
2024-02-10 23:48:18,462 [f41b6dce-8722-4706-80fd-a8b218830cd7@group-73283BF56C0B-FollowerState] INFO  server.RaftServerConfigKeys (ConfUtils.java:logFallback(53)) - raft.server.rpc.first-election.timeout.min = 5s (fallback to raft.server.rpc.timeout.min)
2024-02-10 23:48:18,462 [f41b6dce-8722-4706-80fd-a8b218830cd7-groupManagement] INFO  util.JmxRegister (JmxRegister.java:tryRegister(44)) - Successfully registered JMX Bean with object name Ratis:service=RaftServer,group=group-73283BF56C0B,id=f41b6dce-8722-4706-80fd-a8b218830cd7
2024-02-10 23:48:18,462 [f41b6dce-8722-4706-80fd-a8b218830cd7@group-73283BF56C0B-FollowerState] INFO  server.RaftServerConfigKeys (ConfUtils.java:logFallback(53)) - raft.server.rpc.first-election.timeout.max = 5200ms (fallback to raft.server.rpc.timeout.max)
2024-02-10 23:48:18,462 [f41b6dce-8722-4706-80fd-a8b218830cd7-groupManagement] INFO  server.RaftServerConfigKeys (ConfUtils.java:logGet(46)) - raft.server.snapshot.trigger-when-stop.enabled = true (default)
2024-02-10 23:48:18,462 [f41b6dce-8722-4706-80fd-a8b218830cd7-groupManagement] INFO  server.RaftServerConfigKeys (ConfUtils.java:logGet(46)) - raft.server.snapshot.auto.trigger.enabled = true (custom)
2024-02-10 23:48:18,462 [f41b6dce-8722-4706-80fd-a8b218830cd7-groupManagement] INFO  server.RaftServerConfigKeys (ConfUtils.java:logGet(46)) - raft.server.snapshot.auto.trigger.threshold = 10000 (custom)
2024-02-10 23:48:18,462 [f41b6dce-8722-4706-80fd-a8b218830cd7-groupManagement] INFO  server.RaftServerConfigKeys (ConfUtils.java:logGet(46)) - raft.server.snapshot.retention.file.num = 5 (custom)
2024-02-10 23:48:18,462 [f41b6dce-8722-4706-80fd-a8b218830cd7-groupManagement] INFO  server.RaftServerConfigKeys (ConfUtils.java:logGet(46)) - raft.server.log.purge.upto.snapshot.index = false (default)
2024-02-10 23:48:18,463 [f41b6dce-8722-4706-80fd-a8b218830cd7-PipelineCommandHandlerThread-0] INFO  ratis.XceiverServerRatis (XceiverServerRatis.java:addGroup(864)) - Created group PipelineID=a794de41-7f69-42c0-b73b-73283bf56c0b
2024-02-10 23:48:18,463 [f41b6dce-8722-4706-80fd-a8b218830cd7-PipelineCommandHandlerThread-0] INFO  commandhandler.CreatePipelineCommandHandler (CreatePipelineCommandHandler.java:lambda$handle$2(124)) - Created Pipeline RATIS ONE PipelineID=a794de41-7f69-42c0-b73b-73283bf56c0b.
2024-02-10 23:48:18,463 [f41b6dce-8722-4706-80fd-a8b218830cd7-PipelineCommandHandlerThread-0] INFO  server.RaftServer (RaftServerProxy.java:addNew(100)) - f41b6dce-8722-4706-80fd-a8b218830cd7: addNew group-3C9E2FD7329A:[f41b6dce-8722-4706-80fd-a8b218830cd7|10.1.0.12:15281, 73a2e683-eab9-4fa9-bf1b-2a740f4e4743|10.1.0.12:15290, 5708a1f9-d8fb-4b3a-b759-64b1395b16e1|10.1.0.12:15299] returns group-3C9E2FD7329A:java.util.concurrent.CompletableFuture@f0d7a15[Not completed]
2024-02-10 23:48:18,464 [f41b6dce-8722-4706-80fd-a8b218830cd7-groupManagement] INFO  server.RaftServer$Division (RaftServerImpl.java:<init>(256)) - f41b6dce-8722-4706-80fd-a8b218830cd7: new RaftServerImpl for group-3C9E2FD7329A:[f41b6dce-8722-4706-80fd-a8b218830cd7|10.1.0.12:15281, 73a2e683-eab9-4fa9-bf1b-2a740f4e4743|10.1.0.12:15290, 5708a1f9-d8fb-4b3a-b759-64b1395b16e1|10.1.0.12:15299] with ContainerStateMachine:uninitialized
2024-02-10 23:48:18,464 [f41b6dce-8722-4706-80fd-a8b218830cd7-groupManagement] INFO  server.RaftServerConfigKeys (ConfUtils.java:logGet(46)) - raft.server.rpc.timeout.min = 5s (custom)
2024-02-10 23:48:18,464 [f41b6dce-8722-4706-80fd-a8b218830cd7-groupManagement] INFO  server.RaftServerConfigKeys (ConfUtils.java:logGet(46)) - raft.server.rpc.timeout.max = 5200ms (custom)
2024-02-10 23:48:18,464 [f41b6dce-8722-4706-80fd-a8b218830cd7-groupManagement] INFO  server.RaftServerConfigKeys (ConfUtils.java:logGet(46)) - raft.server.rpc.sleep.time = 25ms (default)
2024-02-10 23:48:18,464 [f41b6dce-8722-4706-80fd-a8b218830cd7-groupManagement] INFO  server.RaftServerConfigKeys (ConfUtils.java:logGet(46)) - raft.server.rpc.slowness.timeout = 300000ms (custom)
2024-02-10 23:48:18,464 [f41b6dce-8722-4706-80fd-a8b218830cd7-groupManagement] INFO  server.RaftServerConfigKeys (ConfUtils.java:logGet(46)) - raft.server.leaderelection.leader.step-down.wait-time = 10s (default)
2024-02-10 23:48:18,464 [f41b6dce-8722-4706-80fd-a8b218830cd7-groupManagement] INFO  server.RaftServerConfigKeys (ConfUtils.java:logGet(46)) - raft.server.leaderelection.member.majority-add = false (default)
2024-02-10 23:48:18,464 [f41b6dce-8722-4706-80fd-a8b218830cd7-groupManagement] INFO  server.RaftServerConfigKeys (ConfUtils.java:logGet(46)) - raft.server.sleep.deviation.threshold = 300ms (default)
2024-02-10 23:48:18,464 [f41b6dce-8722-4706-80fd-a8b218830cd7-groupManagement] INFO  server.RaftServer$Division (ServerState.java:<init>(113)) - f41b6dce-8722-4706-80fd-a8b218830cd7@group-3C9E2FD7329A: ConfigurationManager, init=-1: peers:[f41b6dce-8722-4706-80fd-a8b218830cd7|10.1.0.12:15281, 73a2e683-eab9-4fa9-bf1b-2a740f4e4743|10.1.0.12:15290, 5708a1f9-d8fb-4b3a-b759-64b1395b16e1|10.1.0.12:15299]|listeners:[], old=null, confs=<EMPTY_MAP>
2024-02-10 23:48:18,464 [f41b6dce-8722-4706-80fd-a8b218830cd7-groupManagement] INFO  server.RaftServerConfigKeys (ConfUtils.java:logGet(46)) - raft.server.notification.no-leader.timeout = 300000ms (custom)
2024-02-10 23:48:18,464 [f41b6dce-8722-4706-80fd-a8b218830cd7-groupManagement] INFO  server.RaftServerConfigKeys (ConfUtils.java:logGet(46)) - raft.server.read.timeout = 10s (default)
2024-02-10 23:48:18,464 [f41b6dce-8722-4706-80fd-a8b218830cd7-groupManagement] INFO  server.RaftServerConfigKeys (ConfUtils.java:logGet(46)) - raft.server.retrycache.expirytime = 600000ms (custom)
2024-02-10 23:48:18,464 [f41b6dce-8722-4706-80fd-a8b218830cd7-groupManagement] INFO  server.RaftServerConfigKeys (ConfUtils.java:logGet(46)) - raft.server.retrycache.statistics.expirytime = 100ms (default)
2024-02-10 23:48:18,464 [f41b6dce-8722-4706-80fd-a8b218830cd7-groupManagement] INFO  server.RaftServerConfigKeys (ConfUtils.java:logGet(46)) - raft.server.read.option = DEFAULT (default)
2024-02-10 23:48:18,464 [f41b6dce-8722-4706-80fd-a8b218830cd7-groupManagement] INFO  server.RaftServerConfigKeys (ConfUtils.java:logGet(46)) - raft.server.read.read-after-write-consistent.write-index-cache.expiry-time = 60s (default)
2024-02-10 23:48:18,466 [f41b6dce-8722-4706-80fd-a8b218830cd7-groupManagement] INFO  server.RaftServerConfigKeys (ConfUtils.java:logGet(46)) - raft.server.rpc.request.timeout = 3000ms (default)
2024-02-10 23:48:18,466 [f41b6dce-8722-4706-80fd-a8b218830cd7-groupManagement] INFO  server.RaftServerConfigKeys (ConfUtils.java:logGet(46)) - raft.server.log.appender.install.snapshot.enabled = false (custom)
2024-02-10 23:48:18,466 [f41b6dce-8722-4706-80fd-a8b218830cd7-groupManagement] INFO  server.RaftServerConfigKeys (ConfUtils.java:logGet(46)) - raft.server.threadpool.server.cached = true (default)
2024-02-10 23:48:18,467 [f41b6dce-8722-4706-80fd-a8b218830cd7-groupManagement] INFO  server.RaftServerConfigKeys (ConfUtils.java:logGet(46)) - raft.server.threadpool.server.size = 0 (default)
2024-02-10 23:48:18,467 [f41b6dce-8722-4706-80fd-a8b218830cd7-groupManagement] INFO  server.RaftServerConfigKeys (ConfUtils.java:logGet(46)) - raft.server.threadpool.client.cached = true (default)
2024-02-10 23:48:18,467 [f41b6dce-8722-4706-80fd-a8b218830cd7-groupManagement] INFO  server.RaftServerConfigKeys (ConfUtils.java:logGet(46)) - raft.server.threadpool.client.size = 0 (default)
2024-02-10 23:48:18,467 [f41b6dce-8722-4706-80fd-a8b218830cd7-groupManagement] INFO  server.RaftServerConfigKeys (ConfUtils.java:logGet(46)) - raft.server.storage.free-space.min = 0MB (=0) (default)
2024-02-10 23:48:18,467 [f41b6dce-8722-4706-80fd-a8b218830cd7-groupManagement] INFO  server.RaftServerConfigKeys (ConfUtils.java:logGet(46)) - raft.server.log.corruption.policy = EXCEPTION (default)
2024-02-10 23:48:18,467 [f41b6dce-8722-4706-80fd-a8b218830cd7-groupManagement] INFO  server.RaftServerConfigKeys (ConfUtils.java:logGet(46)) - raft.server.storage.dir = [/home/runner/work/ozone/ozone/hadoop-ozone/integration-test/target/test-dir/MiniOzoneClusterImpl-da04a438-6ec0-4fc9-9b2e-e93c90459920/datanode-0/data/ratis] (custom)
2024-02-10 23:48:18,467 [f41b6dce-8722-4706-80fd-a8b218830cd7-groupManagement] INFO  storage.RaftStorageDirectory (RaftStorageDirectoryImpl.java:analyzeStorage(138)) - The storage directory /home/runner/work/ozone/ozone/hadoop-ozone/integration-test/target/test-dir/MiniOzoneClusterImpl-da04a438-6ec0-4fc9-9b2e-e93c90459920/datanode-0/data/ratis/7d247535-67c6-479f-9f3e-3c9e2fd7329a does not exist. Creating ...
2024-02-10 23:48:18,468 [f41b6dce-8722-4706-80fd-a8b218830cd7-groupManagement] INFO  storage.RaftStorageDirectory (RaftStorageDirectoryImpl.java:tryLock(228)) - Lock on /home/runner/work/ozone/ozone/hadoop-ozone/integration-test/target/test-dir/MiniOzoneClusterImpl-da04a438-6ec0-4fc9-9b2e-e93c90459920/datanode-0/data/ratis/7d247535-67c6-479f-9f3e-3c9e2fd7329a/in_use.lock acquired by nodename 48413@fv-az886-285
2024-02-10 23:48:18,469 [f41b6dce-8722-4706-80fd-a8b218830cd7-groupManagement] INFO  storage.RaftStorage (RaftStorageImpl.java:format(99)) - Storage directory /home/runner/work/ozone/ozone/hadoop-ozone/integration-test/target/test-dir/MiniOzoneClusterImpl-da04a438-6ec0-4fc9-9b2e-e93c90459920/datanode-0/data/ratis/7d247535-67c6-479f-9f3e-3c9e2fd7329a has been successfully formatted.
2024-02-10 23:48:18,469 [f41b6dce-8722-4706-80fd-a8b218830cd7-groupManagement] WARN  util.FileUtils (LogUtils.java:supplyAndLog(63)) - Failed to Files.newInputStream /home/runner/work/ozone/ozone/hadoop-ozone/integration-test/target/test-dir/MiniOzoneClusterImpl-da04a438-6ec0-4fc9-9b2e-e93c90459920/datanode-0/data/ratis/7d247535-67c6-479f-9f3e-3c9e2fd7329a/current/raft-meta.conf with options []: java.nio.file.NoSuchFileException: /home/runner/work/ozone/ozone/hadoop-ozone/integration-test/target/test-dir/MiniOzoneClusterImpl-da04a438-6ec0-4fc9-9b2e-e93c90459920/datanode-0/data/ratis/7d247535-67c6-479f-9f3e-3c9e2fd7329a/current/raft-meta.conf
2024-02-10 23:48:18,469 [f41b6dce-8722-4706-80fd-a8b218830cd7-groupManagement] INFO  ratis.ContainerStateMachine (ContainerStateMachine.java:loadSnapshot(287)) - group-3C9E2FD7329A: The snapshot info is null. Setting the last applied index to:(t:0, i:~)
2024-02-10 23:48:18,469 [f41b6dce-8722-4706-80fd-a8b218830cd7-groupManagement] INFO  server.RaftServerConfigKeys (ConfUtils.java:logGet(46)) - raft.server.log.use.memory = false (default)
2024-02-10 23:48:18,469 [f41b6dce-8722-4706-80fd-a8b218830cd7-groupManagement] INFO  server.RaftServerConfigKeys (ConfUtils.java:logGet(46)) - raft.server.log.purge.gap = 1000000 (custom)
2024-02-10 23:48:18,469 [f41b6dce-8722-4706-80fd-a8b218830cd7-groupManagement] INFO  server.RaftServerConfigKeys (ConfUtils.java:logGet(46)) - raft.server.log.appender.buffer.byte-limit = 8388608 (custom)
2024-02-10 23:48:18,470 [f41b6dce-8722-4706-80fd-a8b218830cd7-groupManagement] INFO  server.RaftServerConfigKeys (ConfUtils.java:logGet(46)) - raft.server.log.statemachine.data.read.timeout = 1000ms (default)
2024-02-10 23:48:18,470 [f41b6dce-8722-4706-80fd-a8b218830cd7-groupManagement] INFO  server.RaftServerConfigKeys (ConfUtils.java:logGet(46)) - raft.server.log.purge.preservation.log.num = 0 (default)
2024-02-10 23:48:18,470 [EventQueue-OpenPipelineForHealthyPipelineSafeModeRule] INFO  safemode.SCMSafeModeManager (HealthyPipelineSafeModeRule.java:process(140)) - SCM in safe mode. Healthy pipelines reported count is 0, required healthy pipeline reported count is 1
2024-02-10 23:48:18,471 [f41b6dce-8722-4706-80fd-a8b218830cd7-groupManagement] INFO  server.RaftServerConfigKeys (ConfUtils.java:logGet(46)) - raft.server.log.segment.size.max = 67108864 (custom)
2024-02-10 23:48:18,471 [f41b6dce-8722-4706-80fd-a8b218830cd7-groupManagement] INFO  server.RaftServerConfigKeys (ConfUtils.java:logGet(46)) - raft.server.log.segment.cache.num.max = 2 (custom)
2024-02-10 23:48:18,471 [f41b6dce-8722-4706-80fd-a8b218830cd7-groupManagement] INFO  server.RaftServerConfigKeys (ConfUtils.java:logGet(46)) - raft.server.log.segment.cache.size.max = 200MB (=209715200) (default)
2024-02-10 23:48:18,471 [f41b6dce-8722-4706-80fd-a8b218830cd7-groupManagement] INFO  server.RaftServerConfigKeys (ConfUtils.java:logGet(46)) - raft.server.log.appender.buffer.byte-limit = 8388608 (custom)
2024-02-10 23:48:18,471 [f41b6dce-8722-4706-80fd-a8b218830cd7-groupManagement] INFO  util.AwaitToRun (AwaitToRun.java:start(81)) - Thread[f41b6dce-8722-4706-80fd-a8b218830cd7@group-3C9E2FD7329A-cacheEviction-AwaitToRun,5,main] started
2024-02-10 23:48:18,471 [f41b6dce-8722-4706-80fd-a8b218830cd7-groupManagement] INFO  segmented.SegmentedRaftLogWorker (SegmentedRaftLogWorker.java:<init>(182)) - new f41b6dce-8722-4706-80fd-a8b218830cd7@group-3C9E2FD7329A-SegmentedRaftLogWorker for RaftStorageImpl:Storage Directory /home/runner/work/ozone/ozone/hadoop-ozone/integration-test/target/test-dir/MiniOzoneClusterImpl-da04a438-6ec0-4fc9-9b2e-e93c90459920/datanode-0/data/ratis/7d247535-67c6-479f-9f3e-3c9e2fd7329a
2024-02-10 23:48:18,471 [f41b6dce-8722-4706-80fd-a8b218830cd7-groupManagement] INFO  server.RaftServerConfigKeys (ConfUtils.java:logGet(46)) - raft.server.log.queue.byte-limit = 4294967296 (custom)
2024-02-10 23:48:18,471 [f41b6dce-8722-4706-80fd-a8b218830cd7-groupManagement] INFO  server.RaftServerConfigKeys (ConfUtils.java:logGet(46)) - raft.server.log.queue.element-limit = 1024 (custom)
2024-02-10 23:48:18,472 [f41b6dce-8722-4706-80fd-a8b218830cd7-groupManagement] INFO  server.RaftServerConfigKeys (ConfUtils.java:logGet(46)) - raft.server.log.segment.size.max = 67108864 (custom)
2024-02-10 23:48:18,472 [f41b6dce-8722-4706-80fd-a8b218830cd7-groupManagement] INFO  server.RaftServerConfigKeys (ConfUtils.java:logGet(46)) - raft.server.log.preallocated.size = 4194304 (custom)
2024-02-10 23:48:18,472 [f41b6dce-8722-4706-80fd-a8b218830cd7-groupManagement] INFO  server.RaftServerConfigKeys (ConfUtils.java:logGet(46)) - raft.server.log.force.sync.num = 128 (default)
2024-02-10 23:48:18,472 [f41b6dce-8722-4706-80fd-a8b218830cd7-groupManagement] INFO  server.RaftServerConfigKeys (ConfUtils.java:logGet(46)) - raft.server.log.statemachine.data.sync = true (default)
2024-02-10 23:48:18,472 [f41b6dce-8722-4706-80fd-a8b218830cd7-groupManagement] INFO  server.RaftServerConfigKeys (ConfUtils.java:logGet(46)) - raft.server.log.statemachine.data.sync.timeout = 10s (default)
2024-02-10 23:48:18,472 [f41b6dce-8722-4706-80fd-a8b218830cd7-groupManagement] INFO  server.RaftServerConfigKeys (ConfUtils.java:logGet(46)) - raft.server.log.statemachine.data.sync.timeout.retry = 0 (custom)
2024-02-10 23:48:18,472 [f41b6dce-8722-4706-80fd-a8b218830cd7-groupManagement] INFO  server.RaftServerConfigKeys (ConfUtils.java:logGet(46)) - raft.server.log.write.buffer.size = 8388616 (custom)
2024-02-10 23:48:18,474 [f41b6dce-8722-4706-80fd-a8b218830cd7-groupManagement] INFO  server.RaftServerConfigKeys (ConfUtils.java:logGet(46)) - raft.server.log.appender.buffer.byte-limit = 8388608 (custom)
2024-02-10 23:48:18,474 [f41b6dce-8722-4706-80fd-a8b218830cd7-groupManagement] INFO  server.RaftServerConfigKeys (ConfUtils.java:logGet(46)) - raft.server.log.unsafe-flush.enabled = false (default)
2024-02-10 23:48:18,474 [f41b6dce-8722-4706-80fd-a8b218830cd7-groupManagement] INFO  server.RaftServerConfigKeys (ConfUtils.java:logGet(46)) - raft.server.log.async-flush.enabled = false (default)
2024-02-10 23:48:18,474 [f41b6dce-8722-4706-80fd-a8b218830cd7-groupManagement] INFO  server.RaftServerConfigKeys (ConfUtils.java:logGet(46)) - raft.server.log.statemachine.data.caching.enabled = true (custom)
2024-02-10 23:48:18,474 [f41b6dce-8722-4706-80fd-a8b218830cd7-groupManagement] INFO  segmented.SegmentedRaftLogWorker (SegmentedRaftLogWorker.java:lambda$new$0(134)) - f41b6dce-8722-4706-80fd-a8b218830cd7@group-3C9E2FD7329A-SegmentedRaftLogWorker: flushIndex: setUnconditionally 0 -> -1
2024-02-10 23:48:18,474 [f41b6dce-8722-4706-80fd-a8b218830cd7-groupManagement] INFO  segmented.SegmentedRaftLogWorker (SegmentedRaftLogWorker.java:lambda$new$0(134)) - f41b6dce-8722-4706-80fd-a8b218830cd7@group-3C9E2FD7329A-SegmentedRaftLogWorker: safeCacheEvictIndex: setUnconditionally 0 -> -1
2024-02-10 23:48:18,474 [f41b6dce-8722-4706-80fd-a8b218830cd7-groupManagement] INFO  server.RaftServer$Division (RaftServerImpl.java:start(396)) - f41b6dce-8722-4706-80fd-a8b218830cd7@group-3C9E2FD7329A: start as a follower, conf=-1: peers:[f41b6dce-8722-4706-80fd-a8b218830cd7|10.1.0.12:15281, 73a2e683-eab9-4fa9-bf1b-2a740f4e4743|10.1.0.12:15290, 5708a1f9-d8fb-4b3a-b759-64b1395b16e1|10.1.0.12:15299]|listeners:[], old=null
2024-02-10 23:48:18,474 [f41b6dce-8722-4706-80fd-a8b218830cd7-groupManagement] INFO  server.RaftServer$Division (RaftServerImpl.java:setRole(383)) - f41b6dce-8722-4706-80fd-a8b218830cd7@group-3C9E2FD7329A: changes role from      null to FOLLOWER at term 0 for startAsFollower
2024-02-10 23:48:18,474 [f41b6dce-8722-4706-80fd-a8b218830cd7-groupManagement] INFO  impl.RoleInfo (RoleInfo.java:updateAndGet(139)) - f41b6dce-8722-4706-80fd-a8b218830cd7: start f41b6dce-8722-4706-80fd-a8b218830cd7@group-3C9E2FD7329A-FollowerState
2024-02-10 23:48:18,474 [f41b6dce-8722-4706-80fd-a8b218830cd7@group-3C9E2FD7329A-FollowerState] INFO  server.RaftServerConfigKeys (ConfUtils.java:logFallback(53)) - raft.server.rpc.first-election.timeout.min = 5s (fallback to raft.server.rpc.timeout.min)
2024-02-10 23:48:18,475 [f41b6dce-8722-4706-80fd-a8b218830cd7-groupManagement] INFO  util.JmxRegister (JmxRegister.java:tryRegister(44)) - Successfully registered JMX Bean with object name Ratis:service=RaftServer,group=group-3C9E2FD7329A,id=f41b6dce-8722-4706-80fd-a8b218830cd7
2024-02-10 23:48:18,475 [f41b6dce-8722-4706-80fd-a8b218830cd7@group-3C9E2FD7329A-FollowerState] INFO  server.RaftServerConfigKeys (ConfUtils.java:logFallback(53)) - raft.server.rpc.first-election.timeout.max = 5200ms (fallback to raft.server.rpc.timeout.max)
2024-02-10 23:48:18,475 [f41b6dce-8722-4706-80fd-a8b218830cd7-groupManagement] INFO  server.RaftServerConfigKeys (ConfUtils.java:logGet(46)) - raft.server.snapshot.trigger-when-stop.enabled = true (default)
2024-02-10 23:48:18,475 [f41b6dce-8722-4706-80fd-a8b218830cd7-groupManagement] INFO  server.RaftServerConfigKeys (ConfUtils.java:logGet(46)) - raft.server.snapshot.auto.trigger.enabled = true (custom)
2024-02-10 23:48:18,475 [f41b6dce-8722-4706-80fd-a8b218830cd7-groupManagement] INFO  server.RaftServerConfigKeys (ConfUtils.java:logGet(46)) - raft.server.snapshot.auto.trigger.threshold = 10000 (custom)
2024-02-10 23:48:18,475 [f41b6dce-8722-4706-80fd-a8b218830cd7-groupManagement] INFO  server.RaftServerConfigKeys (ConfUtils.java:logGet(46)) - raft.server.snapshot.retention.file.num = 5 (custom)
2024-02-10 23:48:18,475 [f41b6dce-8722-4706-80fd-a8b218830cd7-groupManagement] INFO  server.RaftServerConfigKeys (ConfUtils.java:logGet(46)) - raft.server.log.purge.upto.snapshot.index = false (default)
2024-02-10 23:48:18,475 [f41b6dce-8722-4706-80fd-a8b218830cd7-PipelineCommandHandlerThread-0] INFO  ratis.XceiverServerRatis (XceiverServerRatis.java:addGroup(864)) - Created group PipelineID=7d247535-67c6-479f-9f3e-3c9e2fd7329a
2024-02-10 23:48:18,482 [grpc-default-executor-0] INFO  server.RaftServer (RaftServerProxy.java:addNew(100)) - 73a2e683-eab9-4fa9-bf1b-2a740f4e4743: addNew group-3C9E2FD7329A:[f41b6dce-8722-4706-80fd-a8b218830cd7|10.1.0.12:15281, 73a2e683-eab9-4fa9-bf1b-2a740f4e4743|10.1.0.12:15290, 5708a1f9-d8fb-4b3a-b759-64b1395b16e1|10.1.0.12:15299] returns group-3C9E2FD7329A:java.util.concurrent.CompletableFuture@6d5618dd[Not completed]
2024-02-10 23:48:18,483 [73a2e683-eab9-4fa9-bf1b-2a740f4e4743-groupManagement] INFO  server.RaftServer$Division (RaftServerImpl.java:<init>(256)) - 73a2e683-eab9-4fa9-bf1b-2a740f4e4743: new RaftServerImpl for group-3C9E2FD7329A:[f41b6dce-8722-4706-80fd-a8b218830cd7|10.1.0.12:15281, 73a2e683-eab9-4fa9-bf1b-2a740f4e4743|10.1.0.12:15290, 5708a1f9-d8fb-4b3a-b759-64b1395b16e1|10.1.0.12:15299] with ContainerStateMachine:uninitialized
2024-02-10 23:48:18,483 [73a2e683-eab9-4fa9-bf1b-2a740f4e4743-groupManagement] INFO  server.RaftServerConfigKeys (ConfUtils.java:logGet(46)) - raft.server.rpc.timeout.min = 5s (custom)
2024-02-10 23:48:18,483 [73a2e683-eab9-4fa9-bf1b-2a740f4e4743-groupManagement] INFO  server.RaftServerConfigKeys (ConfUtils.java:logGet(46)) - raft.server.rpc.timeout.max = 5200ms (custom)
2024-02-10 23:48:18,483 [73a2e683-eab9-4fa9-bf1b-2a740f4e4743-groupManagement] INFO  server.RaftServerConfigKeys (ConfUtils.java:logGet(46)) - raft.server.rpc.sleep.time = 25ms (default)
2024-02-10 23:48:18,483 [73a2e683-eab9-4fa9-bf1b-2a740f4e4743-groupManagement] INFO  server.RaftServerConfigKeys (ConfUtils.java:logGet(46)) - raft.server.rpc.slowness.timeout = 300000ms (custom)
2024-02-10 23:48:18,483 [73a2e683-eab9-4fa9-bf1b-2a740f4e4743-groupManagement] INFO  server.RaftServerConfigKeys (ConfUtils.java:logGet(46)) - raft.server.leaderelection.leader.step-down.wait-time = 10s (default)
2024-02-10 23:48:18,483 [73a2e683-eab9-4fa9-bf1b-2a740f4e4743-groupManagement] INFO  server.RaftServerConfigKeys (ConfUtils.java:logGet(46)) - raft.server.leaderelection.member.majority-add = false (default)
2024-02-10 23:48:18,483 [73a2e683-eab9-4fa9-bf1b-2a740f4e4743-groupManagement] INFO  server.RaftServerConfigKeys (ConfUtils.java:logGet(46)) - raft.server.sleep.deviation.threshold = 300ms (default)
2024-02-10 23:48:18,483 [73a2e683-eab9-4fa9-bf1b-2a740f4e4743-groupManagement] INFO  server.RaftServer$Division (ServerState.java:<init>(113)) - 73a2e683-eab9-4fa9-bf1b-2a740f4e4743@group-3C9E2FD7329A: ConfigurationManager, init=-1: peers:[f41b6dce-8722-4706-80fd-a8b218830cd7|10.1.0.12:15281, 73a2e683-eab9-4fa9-bf1b-2a740f4e4743|10.1.0.12:15290, 5708a1f9-d8fb-4b3a-b759-64b1395b16e1|10.1.0.12:15299]|listeners:[], old=null, confs=<EMPTY_MAP>
2024-02-10 23:48:18,483 [73a2e683-eab9-4fa9-bf1b-2a740f4e4743-groupManagement] INFO  server.RaftServerConfigKeys (ConfUtils.java:logGet(46)) - raft.server.notification.no-leader.timeout = 300000ms (custom)
2024-02-10 23:48:18,483 [73a2e683-eab9-4fa9-bf1b-2a740f4e4743-groupManagement] INFO  server.RaftServerConfigKeys (ConfUtils.java:logGet(46)) - raft.server.read.timeout = 10s (default)
2024-02-10 23:48:18,483 [73a2e683-eab9-4fa9-bf1b-2a740f4e4743-groupManagement] INFO  server.RaftServerConfigKeys (ConfUtils.java:logGet(46)) - raft.server.retrycache.expirytime = 600000ms (custom)
2024-02-10 23:48:18,483 [73a2e683-eab9-4fa9-bf1b-2a740f4e4743-groupManagement] INFO  server.RaftServerConfigKeys (ConfUtils.java:logGet(46)) - raft.server.retrycache.statistics.expirytime = 100ms (default)
2024-02-10 23:48:18,483 [73a2e683-eab9-4fa9-bf1b-2a740f4e4743-groupManagement] INFO  server.RaftServerConfigKeys (ConfUtils.java:logGet(46)) - raft.server.read.option = DEFAULT (default)
2024-02-10 23:48:18,483 [73a2e683-eab9-4fa9-bf1b-2a740f4e4743-groupManagement] INFO  server.RaftServerConfigKeys (ConfUtils.java:logGet(46)) - raft.server.read.read-after-write-consistent.write-index-cache.expiry-time = 60s (default)
2024-02-10 23:48:18,485 [73a2e683-eab9-4fa9-bf1b-2a740f4e4743-groupManagement] INFO  server.RaftServerConfigKeys (ConfUtils.java:logGet(46)) - raft.server.rpc.request.timeout = 3000ms (default)
2024-02-10 23:48:18,485 [73a2e683-eab9-4fa9-bf1b-2a740f4e4743-groupManagement] INFO  server.RaftServerConfigKeys (ConfUtils.java:logGet(46)) - raft.server.log.appender.install.snapshot.enabled = false (custom)
2024-02-10 23:48:18,485 [73a2e683-eab9-4fa9-bf1b-2a740f4e4743-groupManagement] INFO  server.RaftServerConfigKeys (ConfUtils.java:logGet(46)) - raft.server.threadpool.server.cached = true (default)
2024-02-10 23:48:18,485 [73a2e683-eab9-4fa9-bf1b-2a740f4e4743-groupManagement] INFO  server.RaftServerConfigKeys (ConfUtils.java:logGet(46)) - raft.server.threadpool.server.size = 0 (default)
2024-02-10 23:48:18,485 [73a2e683-eab9-4fa9-bf1b-2a740f4e4743-groupManagement] INFO  server.RaftServerConfigKeys (ConfUtils.java:logGet(46)) - raft.server.threadpool.client.cached = true (default)
2024-02-10 23:48:18,485 [73a2e683-eab9-4fa9-bf1b-2a740f4e4743-groupManagement] INFO  server.RaftServerConfigKeys (ConfUtils.java:logGet(46)) - raft.server.threadpool.client.size = 0 (default)
2024-02-10 23:48:18,485 [73a2e683-eab9-4fa9-bf1b-2a740f4e4743-groupManagement] INFO  server.RaftServerConfigKeys (ConfUtils.java:logGet(46)) - raft.server.storage.free-space.min = 0MB (=0) (default)
2024-02-10 23:48:18,485 [73a2e683-eab9-4fa9-bf1b-2a740f4e4743-groupManagement] INFO  server.RaftServerConfigKeys (ConfUtils.java:logGet(46)) - raft.server.log.corruption.policy = EXCEPTION (default)
2024-02-10 23:48:18,485 [73a2e683-eab9-4fa9-bf1b-2a740f4e4743-groupManagement] INFO  server.RaftServerConfigKeys (ConfUtils.java:logGet(46)) - raft.server.storage.dir = [/home/runner/work/ozone/ozone/hadoop-ozone/integration-test/target/test-dir/MiniOzoneClusterImpl-da04a438-6ec0-4fc9-9b2e-e93c90459920/datanode-1/data/ratis] (custom)
2024-02-10 23:48:18,485 [73a2e683-eab9-4fa9-bf1b-2a740f4e4743-groupManagement] INFO  storage.RaftStorageDirectory (RaftStorageDirectoryImpl.java:analyzeStorage(138)) - The storage directory /home/runner/work/ozone/ozone/hadoop-ozone/integration-test/target/test-dir/MiniOzoneClusterImpl-da04a438-6ec0-4fc9-9b2e-e93c90459920/datanode-1/data/ratis/7d247535-67c6-479f-9f3e-3c9e2fd7329a does not exist. Creating ...
2024-02-10 23:48:18,486 [73a2e683-eab9-4fa9-bf1b-2a740f4e4743-groupManagement] INFO  storage.RaftStorageDirectory (RaftStorageDirectoryImpl.java:tryLock(228)) - Lock on /home/runner/work/ozone/ozone/hadoop-ozone/integration-test/target/test-dir/MiniOzoneClusterImpl-da04a438-6ec0-4fc9-9b2e-e93c90459920/datanode-1/data/ratis/7d247535-67c6-479f-9f3e-3c9e2fd7329a/in_use.lock acquired by nodename 48413@fv-az886-285
2024-02-10 23:48:18,487 [73a2e683-eab9-4fa9-bf1b-2a740f4e4743-groupManagement] INFO  storage.RaftStorage (RaftStorageImpl.java:format(99)) - Storage directory /home/runner/work/ozone/ozone/hadoop-ozone/integration-test/target/test-dir/MiniOzoneClusterImpl-da04a438-6ec0-4fc9-9b2e-e93c90459920/datanode-1/data/ratis/7d247535-67c6-479f-9f3e-3c9e2fd7329a has been successfully formatted.
2024-02-10 23:48:18,488 [73a2e683-eab9-4fa9-bf1b-2a740f4e4743-groupManagement] WARN  util.FileUtils (LogUtils.java:supplyAndLog(63)) - Failed to Files.newInputStream /home/runner/work/ozone/ozone/hadoop-ozone/integration-test/target/test-dir/MiniOzoneClusterImpl-da04a438-6ec0-4fc9-9b2e-e93c90459920/datanode-1/data/ratis/7d247535-67c6-479f-9f3e-3c9e2fd7329a/current/raft-meta.conf with options []: java.nio.file.NoSuchFileException: /home/runner/work/ozone/ozone/hadoop-ozone/integration-test/target/test-dir/MiniOzoneClusterImpl-da04a438-6ec0-4fc9-9b2e-e93c90459920/datanode-1/data/ratis/7d247535-67c6-479f-9f3e-3c9e2fd7329a/current/raft-meta.conf
2024-02-10 23:48:18,488 [73a2e683-eab9-4fa9-bf1b-2a740f4e4743-groupManagement] INFO  ratis.ContainerStateMachine (ContainerStateMachine.java:loadSnapshot(287)) - group-3C9E2FD7329A: The snapshot info is null. Setting the last applied index to:(t:0, i:~)
2024-02-10 23:48:18,489 [73a2e683-eab9-4fa9-bf1b-2a740f4e4743-groupManagement] INFO  server.RaftServerConfigKeys (ConfUtils.java:logGet(46)) - raft.server.log.use.memory = false (default)
2024-02-10 23:48:18,489 [73a2e683-eab9-4fa9-bf1b-2a740f4e4743-groupManagement] INFO  server.RaftServerConfigKeys (ConfUtils.java:logGet(46)) - raft.server.log.purge.gap = 1000000 (custom)
2024-02-10 23:48:18,489 [73a2e683-eab9-4fa9-bf1b-2a740f4e4743-groupManagement] INFO  server.RaftServerConfigKeys (ConfUtils.java:logGet(46)) - raft.server.log.appender.buffer.byte-limit = 8388608 (custom)
2024-02-10 23:48:18,489 [73a2e683-eab9-4fa9-bf1b-2a740f4e4743-groupManagement] INFO  server.RaftServerConfigKeys (ConfUtils.java:logGet(46)) - raft.server.log.statemachine.data.read.timeout = 1000ms (default)
2024-02-10 23:48:18,489 [73a2e683-eab9-4fa9-bf1b-2a740f4e4743-groupManagement] INFO  server.RaftServerConfigKeys (ConfUtils.java:logGet(46)) - raft.server.log.purge.preservation.log.num = 0 (default)
2024-02-10 23:48:18,490 [73a2e683-eab9-4fa9-bf1b-2a740f4e4743-groupManagement] INFO  server.RaftServerConfigKeys (ConfUtils.java:logGet(46)) - raft.server.log.segment.size.max = 67108864 (custom)
2024-02-10 23:48:18,491 [73a2e683-eab9-4fa9-bf1b-2a740f4e4743-groupManagement] INFO  server.RaftServerConfigKeys (ConfUtils.java:logGet(46)) - raft.server.log.segment.cache.num.max = 2 (custom)
2024-02-10 23:48:18,491 [73a2e683-eab9-4fa9-bf1b-2a740f4e4743-groupManagement] INFO  server.RaftServerConfigKeys (ConfUtils.java:logGet(46)) - raft.server.log.segment.cache.size.max = 200MB (=209715200) (default)
2024-02-10 23:48:18,491 [73a2e683-eab9-4fa9-bf1b-2a740f4e4743-groupManagement] INFO  server.RaftServerConfigKeys (ConfUtils.java:logGet(46)) - raft.server.log.appender.buffer.byte-limit = 8388608 (custom)
2024-02-10 23:48:18,491 [73a2e683-eab9-4fa9-bf1b-2a740f4e4743-groupManagement] INFO  util.AwaitToRun (AwaitToRun.java:start(81)) - Thread[73a2e683-eab9-4fa9-bf1b-2a740f4e4743@group-3C9E2FD7329A-cacheEviction-AwaitToRun,5,main] started
2024-02-10 23:48:18,491 [73a2e683-eab9-4fa9-bf1b-2a740f4e4743-groupManagement] INFO  segmented.SegmentedRaftLogWorker (SegmentedRaftLogWorker.java:<init>(182)) - new 73a2e683-eab9-4fa9-bf1b-2a740f4e4743@group-3C9E2FD7329A-SegmentedRaftLogWorker for RaftStorageImpl:Storage Directory /home/runner/work/ozone/ozone/hadoop-ozone/integration-test/target/test-dir/MiniOzoneClusterImpl-da04a438-6ec0-4fc9-9b2e-e93c90459920/datanode-1/data/ratis/7d247535-67c6-479f-9f3e-3c9e2fd7329a
2024-02-10 23:48:18,491 [73a2e683-eab9-4fa9-bf1b-2a740f4e4743-groupManagement] INFO  server.RaftServerConfigKeys (ConfUtils.java:logGet(46)) - raft.server.log.queue.byte-limit = 4294967296 (custom)
2024-02-10 23:48:18,491 [73a2e683-eab9-4fa9-bf1b-2a740f4e4743-groupManagement] INFO  server.RaftServerConfigKeys (ConfUtils.java:logGet(46)) - raft.server.log.queue.element-limit = 1024 (custom)
2024-02-10 23:48:18,491 [73a2e683-eab9-4fa9-bf1b-2a740f4e4743-groupManagement] INFO  server.RaftServerConfigKeys (ConfUtils.java:logGet(46)) - raft.server.log.segment.size.max = 67108864 (custom)
2024-02-10 23:48:18,491 [73a2e683-eab9-4fa9-bf1b-2a740f4e4743-groupManagement] INFO  server.RaftServerConfigKeys (ConfUtils.java:logGet(46)) - raft.server.log.preallocated.size = 4194304 (custom)
2024-02-10 23:48:18,491 [73a2e683-eab9-4fa9-bf1b-2a740f4e4743-groupManagement] INFO  server.RaftServerConfigKeys (ConfUtils.java:logGet(46)) - raft.server.log.force.sync.num = 128 (default)
2024-02-10 23:48:18,491 [73a2e683-eab9-4fa9-bf1b-2a740f4e4743-groupManagement] INFO  server.RaftServerConfigKeys (ConfUtils.java:logGet(46)) - raft.server.log.statemachine.data.sync = true (default)
2024-02-10 23:48:18,491 [73a2e683-eab9-4fa9-bf1b-2a740f4e4743-groupManagement] INFO  server.RaftServerConfigKeys (ConfUtils.java:logGet(46)) - raft.server.log.statemachine.data.sync.timeout = 10s (default)
2024-02-10 23:48:18,491 [73a2e683-eab9-4fa9-bf1b-2a740f4e4743-groupManagement] INFO  server.RaftServerConfigKeys (ConfUtils.java:logGet(46)) - raft.server.log.statemachine.data.sync.timeout.retry = 0 (custom)
2024-02-10 23:48:18,491 [73a2e683-eab9-4fa9-bf1b-2a740f4e4743-groupManagement] INFO  server.RaftServerConfigKeys (ConfUtils.java:logGet(46)) - raft.server.log.write.buffer.size = 8388616 (custom)
2024-02-10 23:48:18,493 [73a2e683-eab9-4fa9-bf1b-2a740f4e4743-groupManagement] INFO  server.RaftServerConfigKeys (ConfUtils.java:logGet(46)) - raft.server.log.appender.buffer.byte-limit = 8388608 (custom)
2024-02-10 23:48:18,493 [73a2e683-eab9-4fa9-bf1b-2a740f4e4743-groupManagement] INFO  server.RaftServerConfigKeys (ConfUtils.java:logGet(46)) - raft.server.log.unsafe-flush.enabled = false (default)
2024-02-10 23:48:18,493 [73a2e683-eab9-4fa9-bf1b-2a740f4e4743-groupManagement] INFO  server.RaftServerConfigKeys (ConfUtils.java:logGet(46)) - raft.server.log.async-flush.enabled = false (default)
2024-02-10 23:48:18,493 [73a2e683-eab9-4fa9-bf1b-2a740f4e4743-groupManagement] INFO  server.RaftServerConfigKeys (ConfUtils.java:logGet(46)) - raft.server.log.statemachine.data.caching.enabled = true (custom)
2024-02-10 23:48:18,493 [73a2e683-eab9-4fa9-bf1b-2a740f4e4743-groupManagement] INFO  segmented.SegmentedRaftLogWorker (SegmentedRaftLogWorker.java:lambda$new$0(134)) - 73a2e683-eab9-4fa9-bf1b-2a740f4e4743@group-3C9E2FD7329A-SegmentedRaftLogWorker: flushIndex: setUnconditionally 0 -> -1
2024-02-10 23:48:18,493 [73a2e683-eab9-4fa9-bf1b-2a740f4e4743-groupManagement] INFO  segmented.SegmentedRaftLogWorker (SegmentedRaftLogWorker.java:lambda$new$0(134)) - 73a2e683-eab9-4fa9-bf1b-2a740f4e4743@group-3C9E2FD7329A-SegmentedRaftLogWorker: safeCacheEvictIndex: setUnconditionally 0 -> -1
2024-02-10 23:48:18,493 [73a2e683-eab9-4fa9-bf1b-2a740f4e4743-groupManagement] INFO  server.RaftServer$Division (RaftServerImpl.java:start(396)) - 73a2e683-eab9-4fa9-bf1b-2a740f4e4743@group-3C9E2FD7329A: start as a follower, conf=-1: peers:[f41b6dce-8722-4706-80fd-a8b218830cd7|10.1.0.12:15281, 73a2e683-eab9-4fa9-bf1b-2a740f4e4743|10.1.0.12:15290, 5708a1f9-d8fb-4b3a-b759-64b1395b16e1|10.1.0.12:15299]|listeners:[], old=null
2024-02-10 23:48:18,493 [73a2e683-eab9-4fa9-bf1b-2a740f4e4743-groupManagement] INFO  server.RaftServer$Division (RaftServerImpl.java:setRole(383)) - 73a2e683-eab9-4fa9-bf1b-2a740f4e4743@group-3C9E2FD7329A: changes role from      null to FOLLOWER at term 0 for startAsFollower
2024-02-10 23:48:18,493 [73a2e683-eab9-4fa9-bf1b-2a740f4e4743-groupManagement] INFO  impl.RoleInfo (RoleInfo.java:updateAndGet(139)) - 73a2e683-eab9-4fa9-bf1b-2a740f4e4743: start 73a2e683-eab9-4fa9-bf1b-2a740f4e4743@group-3C9E2FD7329A-FollowerState
2024-02-10 23:48:18,494 [73a2e683-eab9-4fa9-bf1b-2a740f4e4743@group-3C9E2FD7329A-FollowerState] INFO  server.RaftServerConfigKeys (ConfUtils.java:logFallback(53)) - raft.server.rpc.first-election.timeout.min = 5s (fallback to raft.server.rpc.timeout.min)
2024-02-10 23:48:18,494 [73a2e683-eab9-4fa9-bf1b-2a740f4e4743-groupManagement] INFO  util.JmxRegister (JmxRegister.java:tryRegister(44)) - Successfully registered JMX Bean with object name Ratis:service=RaftServer,group=group-3C9E2FD7329A,id=73a2e683-eab9-4fa9-bf1b-2a740f4e4743
2024-02-10 23:48:18,494 [73a2e683-eab9-4fa9-bf1b-2a740f4e4743@group-3C9E2FD7329A-FollowerState] INFO  server.RaftServerConfigKeys (ConfUtils.java:logFallback(53)) - raft.server.rpc.first-election.timeout.max = 5200ms (fallback to raft.server.rpc.timeout.max)
2024-02-10 23:48:18,494 [73a2e683-eab9-4fa9-bf1b-2a740f4e4743-groupManagement] INFO  server.RaftServerConfigKeys (ConfUtils.java:logGet(46)) - raft.server.snapshot.trigger-when-stop.enabled = true (default)
2024-02-10 23:48:18,494 [73a2e683-eab9-4fa9-bf1b-2a740f4e4743-groupManagement] INFO  server.RaftServerConfigKeys (ConfUtils.java:logGet(46)) - raft.server.snapshot.auto.trigger.enabled = true (custom)
2024-02-10 23:48:18,494 [73a2e683-eab9-4fa9-bf1b-2a740f4e4743-groupManagement] INFO  server.RaftServerConfigKeys (ConfUtils.java:logGet(46)) - raft.server.snapshot.auto.trigger.threshold = 10000 (custom)
2024-02-10 23:48:18,494 [73a2e683-eab9-4fa9-bf1b-2a740f4e4743-groupManagement] INFO  server.RaftServerConfigKeys (ConfUtils.java:logGet(46)) - raft.server.snapshot.retention.file.num = 5 (custom)
2024-02-10 23:48:18,494 [73a2e683-eab9-4fa9-bf1b-2a740f4e4743-groupManagement] INFO  server.RaftServerConfigKeys (ConfUtils.java:logGet(46)) - raft.server.log.purge.upto.snapshot.index = false (default)
2024-02-10 23:48:18,503 [grpc-default-executor-0] INFO  server.RaftServer (RaftServerProxy.java:addNew(100)) - 5708a1f9-d8fb-4b3a-b759-64b1395b16e1: addNew group-3C9E2FD7329A:[f41b6dce-8722-4706-80fd-a8b218830cd7|10.1.0.12:15281, 73a2e683-eab9-4fa9-bf1b-2a740f4e4743|10.1.0.12:15290, 5708a1f9-d8fb-4b3a-b759-64b1395b16e1|10.1.0.12:15299] returns group-3C9E2FD7329A:java.util.concurrent.CompletableFuture@230424eb[Not completed]
2024-02-10 23:48:18,503 [5708a1f9-d8fb-4b3a-b759-64b1395b16e1-groupManagement] INFO  server.RaftServer$Division (RaftServerImpl.java:<init>(256)) - 5708a1f9-d8fb-4b3a-b759-64b1395b16e1: new RaftServerImpl for group-3C9E2FD7329A:[f41b6dce-8722-4706-80fd-a8b218830cd7|10.1.0.12:15281, 73a2e683-eab9-4fa9-bf1b-2a740f4e4743|10.1.0.12:15290, 5708a1f9-d8fb-4b3a-b759-64b1395b16e1|10.1.0.12:15299] with ContainerStateMachine:uninitialized
2024-02-10 23:48:18,504 [5708a1f9-d8fb-4b3a-b759-64b1395b16e1-groupManagement] INFO  server.RaftServerConfigKeys (ConfUtils.java:logGet(46)) - raft.server.rpc.timeout.min = 5s (custom)
2024-02-10 23:48:18,504 [5708a1f9-d8fb-4b3a-b759-64b1395b16e1-groupManagement] INFO  server.RaftServerConfigKeys (ConfUtils.java:logGet(46)) - raft.server.rpc.timeout.max = 5200ms (custom)
2024-02-10 23:48:18,504 [5708a1f9-d8fb-4b3a-b759-64b1395b16e1-groupManagement] INFO  server.RaftServerConfigKeys (ConfUtils.java:logGet(46)) - raft.server.rpc.sleep.time = 25ms (default)
2024-02-10 23:48:18,504 [5708a1f9-d8fb-4b3a-b759-64b1395b16e1-groupManagement] INFO  server.RaftServerConfigKeys (ConfUtils.java:logGet(46)) - raft.server.rpc.slowness.timeout = 300000ms (custom)
2024-02-10 23:48:18,504 [5708a1f9-d8fb-4b3a-b759-64b1395b16e1-groupManagement] INFO  server.RaftServerConfigKeys (ConfUtils.java:logGet(46)) - raft.server.leaderelection.leader.step-down.wait-time = 10s (default)
2024-02-10 23:48:18,504 [5708a1f9-d8fb-4b3a-b759-64b1395b16e1-groupManagement] INFO  server.RaftServerConfigKeys (ConfUtils.java:logGet(46)) - raft.server.leaderelection.member.majority-add = false (default)
2024-02-10 23:48:18,504 [5708a1f9-d8fb-4b3a-b759-64b1395b16e1-groupManagement] INFO  server.RaftServerConfigKeys (ConfUtils.java:logGet(46)) - raft.server.sleep.deviation.threshold = 300ms (default)
2024-02-10 23:48:18,504 [5708a1f9-d8fb-4b3a-b759-64b1395b16e1-groupManagement] INFO  server.RaftServer$Division (ServerState.java:<init>(113)) - 5708a1f9-d8fb-4b3a-b759-64b1395b16e1@group-3C9E2FD7329A: ConfigurationManager, init=-1: peers:[f41b6dce-8722-4706-80fd-a8b218830cd7|10.1.0.12:15281, 73a2e683-eab9-4fa9-bf1b-2a740f4e4743|10.1.0.12:15290, 5708a1f9-d8fb-4b3a-b759-64b1395b16e1|10.1.0.12:15299]|listeners:[], old=null, confs=<EMPTY_MAP>
2024-02-10 23:48:18,504 [5708a1f9-d8fb-4b3a-b759-64b1395b16e1-groupManagement] INFO  server.RaftServerConfigKeys (ConfUtils.java:logGet(46)) - raft.server.notification.no-leader.timeout = 300000ms (custom)
2024-02-10 23:48:18,504 [5708a1f9-d8fb-4b3a-b759-64b1395b16e1-groupManagement] INFO  server.RaftServerConfigKeys (ConfUtils.java:logGet(46)) - raft.server.read.timeout = 10s (default)
2024-02-10 23:48:18,504 [5708a1f9-d8fb-4b3a-b759-64b1395b16e1-groupManagement] INFO  server.RaftServerConfigKeys (ConfUtils.java:logGet(46)) - raft.server.retrycache.expirytime = 600000ms (custom)
2024-02-10 23:48:18,504 [5708a1f9-d8fb-4b3a-b759-64b1395b16e1-groupManagement] INFO  server.RaftServerConfigKeys (ConfUtils.java:logGet(46)) - raft.server.retrycache.statistics.expirytime = 100ms (default)
2024-02-10 23:48:18,504 [5708a1f9-d8fb-4b3a-b759-64b1395b16e1-groupManagement] INFO  server.RaftServerConfigKeys (ConfUtils.java:logGet(46)) - raft.server.read.option = DEFAULT (default)
2024-02-10 23:48:18,505 [5708a1f9-d8fb-4b3a-b759-64b1395b16e1-groupManagement] INFO  server.RaftServerConfigKeys (ConfUtils.java:logGet(46)) - raft.server.read.read-after-write-consistent.write-index-cache.expiry-time = 60s (default)
2024-02-10 23:48:18,506 [5708a1f9-d8fb-4b3a-b759-64b1395b16e1-groupManagement] INFO  server.RaftServerConfigKeys (ConfUtils.java:logGet(46)) - raft.server.rpc.request.timeout = 3000ms (default)
2024-02-10 23:48:18,506 [5708a1f9-d8fb-4b3a-b759-64b1395b16e1-groupManagement] INFO  server.RaftServerConfigKeys (ConfUtils.java:logGet(46)) - raft.server.log.appender.install.snapshot.enabled = false (custom)
2024-02-10 23:48:18,506 [5708a1f9-d8fb-4b3a-b759-64b1395b16e1-groupManagement] INFO  server.RaftServerConfigKeys (ConfUtils.java:logGet(46)) - raft.server.threadpool.server.cached = true (default)
2024-02-10 23:48:18,506 [5708a1f9-d8fb-4b3a-b759-64b1395b16e1-groupManagement] INFO  server.RaftServerConfigKeys (ConfUtils.java:logGet(46)) - raft.server.threadpool.server.size = 0 (default)
2024-02-10 23:48:18,506 [5708a1f9-d8fb-4b3a-b759-64b1395b16e1-groupManagement] INFO  server.RaftServerConfigKeys (ConfUtils.java:logGet(46)) - raft.server.threadpool.client.cached = true (default)
2024-02-10 23:48:18,506 [5708a1f9-d8fb-4b3a-b759-64b1395b16e1-groupManagement] INFO  server.RaftServerConfigKeys (ConfUtils.java:logGet(46)) - raft.server.threadpool.client.size = 0 (default)
2024-02-10 23:48:18,507 [5708a1f9-d8fb-4b3a-b759-64b1395b16e1-groupManagement] INFO  server.RaftServerConfigKeys (ConfUtils.java:logGet(46)) - raft.server.storage.free-space.min = 0MB (=0) (default)
2024-02-10 23:48:18,507 [5708a1f9-d8fb-4b3a-b759-64b1395b16e1-groupManagement] INFO  server.RaftServerConfigKeys (ConfUtils.java:logGet(46)) - raft.server.log.corruption.policy = EXCEPTION (default)
2024-02-10 23:48:18,507 [5708a1f9-d8fb-4b3a-b759-64b1395b16e1-groupManagement] INFO  server.RaftServerConfigKeys (ConfUtils.java:logGet(46)) - raft.server.storage.dir = [/home/runner/work/ozone/ozone/hadoop-ozone/integration-test/target/test-dir/MiniOzoneClusterImpl-da04a438-6ec0-4fc9-9b2e-e93c90459920/datanode-2/data/ratis] (custom)
2024-02-10 23:48:18,507 [5708a1f9-d8fb-4b3a-b759-64b1395b16e1-groupManagement] INFO  storage.RaftStorageDirectory (RaftStorageDirectoryImpl.java:analyzeStorage(138)) - The storage directory /home/runner/work/ozone/ozone/hadoop-ozone/integration-test/target/test-dir/MiniOzoneClusterImpl-da04a438-6ec0-4fc9-9b2e-e93c90459920/datanode-2/data/ratis/7d247535-67c6-479f-9f3e-3c9e2fd7329a does not exist. Creating ...
2024-02-10 23:48:18,508 [5708a1f9-d8fb-4b3a-b759-64b1395b16e1-groupManagement] INFO  storage.RaftStorageDirectory (RaftStorageDirectoryImpl.java:tryLock(228)) - Lock on /home/runner/work/ozone/ozone/hadoop-ozone/integration-test/target/test-dir/MiniOzoneClusterImpl-da04a438-6ec0-4fc9-9b2e-e93c90459920/datanode-2/data/ratis/7d247535-67c6-479f-9f3e-3c9e2fd7329a/in_use.lock acquired by nodename 48413@fv-az886-285
2024-02-10 23:48:18,509 [5708a1f9-d8fb-4b3a-b759-64b1395b16e1-groupManagement] INFO  storage.RaftStorage (RaftStorageImpl.java:format(99)) - Storage directory /home/runner/work/ozone/ozone/hadoop-ozone/integration-test/target/test-dir/MiniOzoneClusterImpl-da04a438-6ec0-4fc9-9b2e-e93c90459920/datanode-2/data/ratis/7d247535-67c6-479f-9f3e-3c9e2fd7329a has been successfully formatted.
2024-02-10 23:48:18,509 [5708a1f9-d8fb-4b3a-b759-64b1395b16e1-groupManagement] WARN  util.FileUtils (LogUtils.java:supplyAndLog(63)) - Failed to Files.newInputStream /home/runner/work/ozone/ozone/hadoop-ozone/integration-test/target/test-dir/MiniOzoneClusterImpl-da04a438-6ec0-4fc9-9b2e-e93c90459920/datanode-2/data/ratis/7d247535-67c6-479f-9f3e-3c9e2fd7329a/current/raft-meta.conf with options []: java.nio.file.NoSuchFileException: /home/runner/work/ozone/ozone/hadoop-ozone/integration-test/target/test-dir/MiniOzoneClusterImpl-da04a438-6ec0-4fc9-9b2e-e93c90459920/datanode-2/data/ratis/7d247535-67c6-479f-9f3e-3c9e2fd7329a/current/raft-meta.conf
2024-02-10 23:48:18,510 [5708a1f9-d8fb-4b3a-b759-64b1395b16e1-groupManagement] INFO  ratis.ContainerStateMachine (ContainerStateMachine.java:loadSnapshot(287)) - group-3C9E2FD7329A: The snapshot info is null. Setting the last applied index to:(t:0, i:~)
2024-02-10 23:48:18,510 [5708a1f9-d8fb-4b3a-b759-64b1395b16e1-groupManagement] INFO  server.RaftServerConfigKeys (ConfUtils.java:logGet(46)) - raft.server.log.use.memory = false (default)
2024-02-10 23:48:18,510 [5708a1f9-d8fb-4b3a-b759-64b1395b16e1-groupManagement] INFO  server.RaftServerConfigKeys (ConfUtils.java:logGet(46)) - raft.server.log.purge.gap = 1000000 (custom)
2024-02-10 23:48:18,510 [5708a1f9-d8fb-4b3a-b759-64b1395b16e1-groupManagement] INFO  server.RaftServerConfigKeys (ConfUtils.java:logGet(46)) - raft.server.log.appender.buffer.byte-limit = 8388608 (custom)
2024-02-10 23:48:18,510 [5708a1f9-d8fb-4b3a-b759-64b1395b16e1-groupManagement] INFO  server.RaftServerConfigKeys (ConfUtils.java:logGet(46)) - raft.server.log.statemachine.data.read.timeout = 1000ms (default)
2024-02-10 23:48:18,510 [5708a1f9-d8fb-4b3a-b759-64b1395b16e1-groupManagement] INFO  server.RaftServerConfigKeys (ConfUtils.java:logGet(46)) - raft.server.log.purge.preservation.log.num = 0 (default)
2024-02-10 23:48:18,511 [5708a1f9-d8fb-4b3a-b759-64b1395b16e1-groupManagement] INFO  server.RaftServerConfigKeys (ConfUtils.java:logGet(46)) - raft.server.log.segment.size.max = 67108864 (custom)
2024-02-10 23:48:18,512 [5708a1f9-d8fb-4b3a-b759-64b1395b16e1-groupManagement] INFO  server.RaftServerConfigKeys (ConfUtils.java:logGet(46)) - raft.server.log.segment.cache.num.max = 2 (custom)
2024-02-10 23:48:18,512 [5708a1f9-d8fb-4b3a-b759-64b1395b16e1-groupManagement] INFO  server.RaftServerConfigKeys (ConfUtils.java:logGet(46)) - raft.server.log.segment.cache.size.max = 200MB (=209715200) (default)
2024-02-10 23:48:18,512 [5708a1f9-d8fb-4b3a-b759-64b1395b16e1-groupManagement] INFO  server.RaftServerConfigKeys (ConfUtils.java:logGet(46)) - raft.server.log.appender.buffer.byte-limit = 8388608 (custom)
2024-02-10 23:48:18,512 [5708a1f9-d8fb-4b3a-b759-64b1395b16e1-groupManagement] INFO  util.AwaitToRun (AwaitToRun.java:start(81)) - Thread[5708a1f9-d8fb-4b3a-b759-64b1395b16e1@group-3C9E2FD7329A-cacheEviction-AwaitToRun,5,main] started
2024-02-10 23:48:18,512 [5708a1f9-d8fb-4b3a-b759-64b1395b16e1-groupManagement] INFO  segmented.SegmentedRaftLogWorker (SegmentedRaftLogWorker.java:<init>(182)) - new 5708a1f9-d8fb-4b3a-b759-64b1395b16e1@group-3C9E2FD7329A-SegmentedRaftLogWorker for RaftStorageImpl:Storage Directory /home/runner/work/ozone/ozone/hadoop-ozone/integration-test/target/test-dir/MiniOzoneClusterImpl-da04a438-6ec0-4fc9-9b2e-e93c90459920/datanode-2/data/ratis/7d247535-67c6-479f-9f3e-3c9e2fd7329a
2024-02-10 23:48:18,512 [5708a1f9-d8fb-4b3a-b759-64b1395b16e1-groupManagement] INFO  server.RaftServerConfigKeys (ConfUtils.java:logGet(46)) - raft.server.log.queue.byte-limit = 4294967296 (custom)
2024-02-10 23:48:18,512 [5708a1f9-d8fb-4b3a-b759-64b1395b16e1-groupManagement] INFO  server.RaftServerConfigKeys (ConfUtils.java:logGet(46)) - raft.server.log.queue.element-limit = 1024 (custom)
2024-02-10 23:48:18,512 [5708a1f9-d8fb-4b3a-b759-64b1395b16e1-groupManagement] INFO  server.RaftServerConfigKeys (ConfUtils.java:logGet(46)) - raft.server.log.segment.size.max = 67108864 (custom)
2024-02-10 23:48:18,512 [5708a1f9-d8fb-4b3a-b759-64b1395b16e1-groupManagement] INFO  server.RaftServerConfigKeys (ConfUtils.java:logGet(46)) - raft.server.log.preallocated.size = 4194304 (custom)
2024-02-10 23:48:18,512 [5708a1f9-d8fb-4b3a-b759-64b1395b16e1-groupManagement] INFO  server.RaftServerConfigKeys (ConfUtils.java:logGet(46)) - raft.server.log.force.sync.num = 128 (default)
2024-02-10 23:48:18,512 [5708a1f9-d8fb-4b3a-b759-64b1395b16e1-groupManagement] INFO  server.RaftServerConfigKeys (ConfUtils.java:logGet(46)) - raft.server.log.statemachine.data.sync = true (default)
2024-02-10 23:48:18,513 [5708a1f9-d8fb-4b3a-b759-64b1395b16e1-groupManagement] INFO  server.RaftServerConfigKeys (ConfUtils.java:logGet(46)) - raft.server.log.statemachine.data.sync.timeout = 10s (default)
2024-02-10 23:48:18,513 [5708a1f9-d8fb-4b3a-b759-64b1395b16e1-groupManagement] INFO  server.RaftServerConfigKeys (ConfUtils.java:logGet(46)) - raft.server.log.statemachine.data.sync.timeout.retry = 0 (custom)
2024-02-10 23:48:18,513 [5708a1f9-d8fb-4b3a-b759-64b1395b16e1-groupManagement] INFO  server.RaftServerConfigKeys (ConfUtils.java:logGet(46)) - raft.server.log.write.buffer.size = 8388616 (custom)
2024-02-10 23:48:18,514 [5708a1f9-d8fb-4b3a-b759-64b1395b16e1-groupManagement] INFO  server.RaftServerConfigKeys (ConfUtils.java:logGet(46)) - raft.server.log.appender.buffer.byte-limit = 8388608 (custom)
2024-02-10 23:48:18,514 [5708a1f9-d8fb-4b3a-b759-64b1395b16e1-groupManagement] INFO  server.RaftServerConfigKeys (ConfUtils.java:logGet(46)) - raft.server.log.unsafe-flush.enabled = false (default)
2024-02-10 23:48:18,514 [5708a1f9-d8fb-4b3a-b759-64b1395b16e1-groupManagement] INFO  server.RaftServerConfigKeys (ConfUtils.java:logGet(46)) - raft.server.log.async-flush.enabled = false (default)
2024-02-10 23:48:18,514 [5708a1f9-d8fb-4b3a-b759-64b1395b16e1-groupManagement] INFO  server.RaftServerConfigKeys (ConfUtils.java:logGet(46)) - raft.server.log.statemachine.data.caching.enabled = true (custom)
2024-02-10 23:48:18,514 [5708a1f9-d8fb-4b3a-b759-64b1395b16e1-groupManagement] INFO  segmented.SegmentedRaftLogWorker (SegmentedRaftLogWorker.java:lambda$new$0(134)) - 5708a1f9-d8fb-4b3a-b759-64b1395b16e1@group-3C9E2FD7329A-SegmentedRaftLogWorker: flushIndex: setUnconditionally 0 -> -1
2024-02-10 23:48:18,515 [5708a1f9-d8fb-4b3a-b759-64b1395b16e1-groupManagement] INFO  segmented.SegmentedRaftLogWorker (SegmentedRaftLogWorker.java:lambda$new$0(134)) - 5708a1f9-d8fb-4b3a-b759-64b1395b16e1@group-3C9E2FD7329A-SegmentedRaftLogWorker: safeCacheEvictIndex: setUnconditionally 0 -> -1
2024-02-10 23:48:18,515 [5708a1f9-d8fb-4b3a-b759-64b1395b16e1-groupManagement] INFO  server.RaftServer$Division (RaftServerImpl.java:start(396)) - 5708a1f9-d8fb-4b3a-b759-64b1395b16e1@group-3C9E2FD7329A: start as a follower, conf=-1: peers:[f41b6dce-8722-4706-80fd-a8b218830cd7|10.1.0.12:15281, 73a2e683-eab9-4fa9-bf1b-2a740f4e4743|10.1.0.12:15290, 5708a1f9-d8fb-4b3a-b759-64b1395b16e1|10.1.0.12:15299]|listeners:[], old=null
2024-02-10 23:48:18,515 [5708a1f9-d8fb-4b3a-b759-64b1395b16e1-groupManagement] INFO  server.RaftServer$Division (RaftServerImpl.java:setRole(383)) - 5708a1f9-d8fb-4b3a-b759-64b1395b16e1@group-3C9E2FD7329A: changes role from      null to FOLLOWER at term 0 for startAsFollower
2024-02-10 23:48:18,515 [5708a1f9-d8fb-4b3a-b759-64b1395b16e1-groupManagement] INFO  impl.RoleInfo (RoleInfo.java:updateAndGet(139)) - 5708a1f9-d8fb-4b3a-b759-64b1395b16e1: start 5708a1f9-d8fb-4b3a-b759-64b1395b16e1@group-3C9E2FD7329A-FollowerState
2024-02-10 23:48:18,515 [5708a1f9-d8fb-4b3a-b759-64b1395b16e1@group-3C9E2FD7329A-FollowerState] INFO  server.RaftServerConfigKeys (ConfUtils.java:logFallback(53)) - raft.server.rpc.first-election.timeout.min = 5s (fallback to raft.server.rpc.timeout.min)
2024-02-10 23:48:18,515 [5708a1f9-d8fb-4b3a-b759-64b1395b16e1-groupManagement] INFO  util.JmxRegister (JmxRegister.java:tryRegister(44)) - Successfully registered JMX Bean with object name Ratis:service=RaftServer,group=group-3C9E2FD7329A,id=5708a1f9-d8fb-4b3a-b759-64b1395b16e1
2024-02-10 23:48:18,515 [5708a1f9-d8fb-4b3a-b759-64b1395b16e1@group-3C9E2FD7329A-FollowerState] INFO  server.RaftServerConfigKeys (ConfUtils.java:logFallback(53)) - raft.server.rpc.first-election.timeout.max = 5200ms (fallback to raft.server.rpc.timeout.max)
2024-02-10 23:48:18,515 [5708a1f9-d8fb-4b3a-b759-64b1395b16e1-groupManagement] INFO  server.RaftServerConfigKeys (ConfUtils.java:logGet(46)) - raft.server.snapshot.trigger-when-stop.enabled = true (default)
2024-02-10 23:48:18,515 [5708a1f9-d8fb-4b3a-b759-64b1395b16e1-groupManagement] INFO  server.RaftServerConfigKeys (ConfUtils.java:logGet(46)) - raft.server.snapshot.auto.trigger.enabled = true (custom)
2024-02-10 23:48:18,515 [5708a1f9-d8fb-4b3a-b759-64b1395b16e1-groupManagement] INFO  server.RaftServerConfigKeys (ConfUtils.java:logGet(46)) - raft.server.snapshot.auto.trigger.threshold = 10000 (custom)
2024-02-10 23:48:18,516 [5708a1f9-d8fb-4b3a-b759-64b1395b16e1-groupManagement] INFO  server.RaftServerConfigKeys (ConfUtils.java:logGet(46)) - raft.server.snapshot.retention.file.num = 5 (custom)
2024-02-10 23:48:18,516 [5708a1f9-d8fb-4b3a-b759-64b1395b16e1-groupManagement] INFO  server.RaftServerConfigKeys (ConfUtils.java:logGet(46)) - raft.server.log.purge.upto.snapshot.index = false (default)
2024-02-10 23:48:18,520 [f41b6dce-8722-4706-80fd-a8b218830cd7-PipelineCommandHandlerThread-0] INFO  commandhandler.CreatePipelineCommandHandler (CreatePipelineCommandHandler.java:lambda$handle$2(124)) - Created Pipeline RATIS THREE PipelineID=7d247535-67c6-479f-9f3e-3c9e2fd7329a.
2024-02-10 23:48:18,537 [73a2e683-eab9-4fa9-bf1b-2a740f4e4743-PipelineCommandHandlerThread-0] INFO  server.RaftServer (RaftServerProxy.java:addNew(100)) - 73a2e683-eab9-4fa9-bf1b-2a740f4e4743: addNew group-05DEAA5C2E1F:[73a2e683-eab9-4fa9-bf1b-2a740f4e4743|10.1.0.12:15290] returns group-05DEAA5C2E1F:java.util.concurrent.CompletableFuture@30b5acb8[Not completed]
2024-02-10 23:48:18,537 [73a2e683-eab9-4fa9-bf1b-2a740f4e4743-groupManagement] INFO  server.RaftServer$Division (RaftServerImpl.java:<init>(256)) - 73a2e683-eab9-4fa9-bf1b-2a740f4e4743: new RaftServerImpl for group-05DEAA5C2E1F:[73a2e683-eab9-4fa9-bf1b-2a740f4e4743|10.1.0.12:15290] with ContainerStateMachine:uninitialized
2024-02-10 23:48:18,537 [73a2e683-eab9-4fa9-bf1b-2a740f4e4743-groupManagement] INFO  server.RaftServerConfigKeys (ConfUtils.java:logGet(46)) - raft.server.rpc.timeout.min = 5s (custom)
2024-02-10 23:48:18,538 [73a2e683-eab9-4fa9-bf1b-2a740f4e4743-groupManagement] INFO  server.RaftServerConfigKeys (ConfUtils.java:logGet(46)) - raft.server.rpc.timeout.max = 5200ms (custom)
2024-02-10 23:48:18,538 [73a2e683-eab9-4fa9-bf1b-2a740f4e4743-groupManagement] INFO  server.RaftServerConfigKeys (ConfUtils.java:logGet(46)) - raft.server.rpc.sleep.time = 25ms (default)
2024-02-10 23:48:18,538 [73a2e683-eab9-4fa9-bf1b-2a740f4e4743-groupManagement] INFO  server.RaftServerConfigKeys (ConfUtils.java:logGet(46)) - raft.server.rpc.slowness.timeout = 300000ms (custom)
2024-02-10 23:48:18,538 [73a2e683-eab9-4fa9-bf1b-2a740f4e4743-groupManagement] INFO  server.RaftServerConfigKeys (ConfUtils.java:logGet(46)) - raft.server.leaderelection.leader.step-down.wait-time = 10s (default)
2024-02-10 23:48:18,538 [73a2e683-eab9-4fa9-bf1b-2a740f4e4743-groupManagement] INFO  server.RaftServerConfigKeys (ConfUtils.java:logGet(46)) - raft.server.leaderelection.member.majority-add = false (default)
2024-02-10 23:48:18,538 [73a2e683-eab9-4fa9-bf1b-2a740f4e4743-groupManagement] INFO  server.RaftServerConfigKeys (ConfUtils.java:logGet(46)) - raft.server.sleep.deviation.threshold = 300ms (default)
2024-02-10 23:48:18,538 [73a2e683-eab9-4fa9-bf1b-2a740f4e4743-groupManagement] INFO  server.RaftServer$Division (ServerState.java:<init>(113)) - 73a2e683-eab9-4fa9-bf1b-2a740f4e4743@group-05DEAA5C2E1F: ConfigurationManager, init=-1: peers:[73a2e683-eab9-4fa9-bf1b-2a740f4e4743|10.1.0.12:15290]|listeners:[], old=null, confs=<EMPTY_MAP>
2024-02-10 23:48:18,538 [73a2e683-eab9-4fa9-bf1b-2a740f4e4743-groupManagement] INFO  server.RaftServerConfigKeys (ConfUtils.java:logGet(46)) - raft.server.notification.no-leader.timeout = 300000ms (custom)
2024-02-10 23:48:18,538 [73a2e683-eab9-4fa9-bf1b-2a740f4e4743-groupManagement] INFO  server.RaftServerConfigKeys (ConfUtils.java:logGet(46)) - raft.server.read.timeout = 10s (default)
2024-02-10 23:48:18,538 [73a2e683-eab9-4fa9-bf1b-2a740f4e4743-groupManagement] INFO  server.RaftServerConfigKeys (ConfUtils.java:logGet(46)) - raft.server.retrycache.expirytime = 600000ms (custom)
2024-02-10 23:48:18,538 [73a2e683-eab9-4fa9-bf1b-2a740f4e4743-groupManagement] INFO  server.RaftServerConfigKeys (ConfUtils.java:logGet(46)) - raft.server.retrycache.statistics.expirytime = 100ms (default)
2024-02-10 23:48:18,538 [73a2e683-eab9-4fa9-bf1b-2a740f4e4743-groupManagement] INFO  server.RaftServerConfigKeys (ConfUtils.java:logGet(46)) - raft.server.read.option = DEFAULT (default)
2024-02-10 23:48:18,538 [73a2e683-eab9-4fa9-bf1b-2a740f4e4743-groupManagement] INFO  server.RaftServerConfigKeys (ConfUtils.java:logGet(46)) - raft.server.read.read-after-write-consistent.write-index-cache.expiry-time = 60s (default)
2024-02-10 23:48:18,540 [73a2e683-eab9-4fa9-bf1b-2a740f4e4743-groupManagement] INFO  server.RaftServerConfigKeys (ConfUtils.java:logGet(46)) - raft.server.rpc.request.timeout = 3000ms (default)
2024-02-10 23:48:18,540 [73a2e683-eab9-4fa9-bf1b-2a740f4e4743-groupManagement] INFO  server.RaftServerConfigKeys (ConfUtils.java:logGet(46)) - raft.server.log.appender.install.snapshot.enabled = false (custom)
2024-02-10 23:48:18,540 [73a2e683-eab9-4fa9-bf1b-2a740f4e4743-groupManagement] INFO  server.RaftServerConfigKeys (ConfUtils.java:logGet(46)) - raft.server.threadpool.server.cached = true (default)
2024-02-10 23:48:18,540 [73a2e683-eab9-4fa9-bf1b-2a740f4e4743-groupManagement] INFO  server.RaftServerConfigKeys (ConfUtils.java:logGet(46)) - raft.server.threadpool.server.size = 0 (default)
2024-02-10 23:48:18,541 [73a2e683-eab9-4fa9-bf1b-2a740f4e4743-groupManagement] INFO  server.RaftServerConfigKeys (ConfUtils.java:logGet(46)) - raft.server.threadpool.client.cached = true (default)
2024-02-10 23:48:18,541 [73a2e683-eab9-4fa9-bf1b-2a740f4e4743-groupManagement] INFO  server.RaftServerConfigKeys (ConfUtils.java:logGet(46)) - raft.server.threadpool.client.size = 0 (default)
2024-02-10 23:48:18,541 [73a2e683-eab9-4fa9-bf1b-2a740f4e4743-groupManagement] INFO  server.RaftServerConfigKeys (ConfUtils.java:logGet(46)) - raft.server.storage.free-space.min = 0MB (=0) (default)
2024-02-10 23:48:18,541 [73a2e683-eab9-4fa9-bf1b-2a740f4e4743-groupManagement] INFO  server.RaftServerConfigKeys (ConfUtils.java:logGet(46)) - raft.server.log.corruption.policy = EXCEPTION (default)
2024-02-10 23:48:18,541 [73a2e683-eab9-4fa9-bf1b-2a740f4e4743-groupManagement] INFO  server.RaftServerConfigKeys (ConfUtils.java:logGet(46)) - raft.server.storage.dir = [/home/runner/work/ozone/ozone/hadoop-ozone/integration-test/target/test-dir/MiniOzoneClusterImpl-da04a438-6ec0-4fc9-9b2e-e93c90459920/datanode-1/data/ratis] (custom)
2024-02-10 23:48:18,541 [73a2e683-eab9-4fa9-bf1b-2a740f4e4743-groupManagement] INFO  storage.RaftStorageDirectory (RaftStorageDirectoryImpl.java:analyzeStorage(138)) - The storage directory /home/runner/work/ozone/ozone/hadoop-ozone/integration-test/target/test-dir/MiniOzoneClusterImpl-da04a438-6ec0-4fc9-9b2e-e93c90459920/datanode-1/data/ratis/0924d68a-fb35-4c58-85a1-05deaa5c2e1f does not exist. Creating ...
2024-02-10 23:48:18,542 [73a2e683-eab9-4fa9-bf1b-2a740f4e4743-groupManagement] INFO  storage.RaftStorageDirectory (RaftStorageDirectoryImpl.java:tryLock(228)) - Lock on /home/runner/work/ozone/ozone/hadoop-ozone/integration-test/target/test-dir/MiniOzoneClusterImpl-da04a438-6ec0-4fc9-9b2e-e93c90459920/datanode-1/data/ratis/0924d68a-fb35-4c58-85a1-05deaa5c2e1f/in_use.lock acquired by nodename 48413@fv-az886-285
2024-02-10 23:48:18,543 [73a2e683-eab9-4fa9-bf1b-2a740f4e4743-groupManagement] INFO  storage.RaftStorage (RaftStorageImpl.java:format(99)) - Storage directory /home/runner/work/ozone/ozone/hadoop-ozone/integration-test/target/test-dir/MiniOzoneClusterImpl-da04a438-6ec0-4fc9-9b2e-e93c90459920/datanode-1/data/ratis/0924d68a-fb35-4c58-85a1-05deaa5c2e1f has been successfully formatted.
2024-02-10 23:48:18,543 [73a2e683-eab9-4fa9-bf1b-2a740f4e4743-groupManagement] WARN  util.FileUtils (LogUtils.java:supplyAndLog(63)) - Failed to Files.newInputStream /home/runner/work/ozone/ozone/hadoop-ozone/integration-test/target/test-dir/MiniOzoneClusterImpl-da04a438-6ec0-4fc9-9b2e-e93c90459920/datanode-1/data/ratis/0924d68a-fb35-4c58-85a1-05deaa5c2e1f/current/raft-meta.conf with options []: java.nio.file.NoSuchFileException: /home/runner/work/ozone/ozone/hadoop-ozone/integration-test/target/test-dir/MiniOzoneClusterImpl-da04a438-6ec0-4fc9-9b2e-e93c90459920/datanode-1/data/ratis/0924d68a-fb35-4c58-85a1-05deaa5c2e1f/current/raft-meta.conf
2024-02-10 23:48:18,543 [73a2e683-eab9-4fa9-bf1b-2a740f4e4743-groupManagement] INFO  ratis.ContainerStateMachine (ContainerStateMachine.java:loadSnapshot(287)) - group-05DEAA5C2E1F: The snapshot info is null. Setting the last applied index to:(t:0, i:~)
2024-02-10 23:48:18,543 [73a2e683-eab9-4fa9-bf1b-2a740f4e4743-groupManagement] INFO  server.RaftServerConfigKeys (ConfUtils.java:logGet(46)) - raft.server.log.use.memory = false (default)
2024-02-10 23:48:18,543 [73a2e683-eab9-4fa9-bf1b-2a740f4e4743-groupManagement] INFO  server.RaftServerConfigKeys (ConfUtils.java:logGet(46)) - raft.server.log.purge.gap = 1000000 (custom)
2024-02-10 23:48:18,543 [73a2e683-eab9-4fa9-bf1b-2a740f4e4743-groupManagement] INFO  server.RaftServerConfigKeys (ConfUtils.java:logGet(46)) - raft.server.log.appender.buffer.byte-limit = 8388608 (custom)
2024-02-10 23:48:18,543 [73a2e683-eab9-4fa9-bf1b-2a740f4e4743-groupManagement] INFO  server.RaftServerConfigKeys (ConfUtils.java:logGet(46)) - raft.server.log.statemachine.data.read.timeout = 1000ms (default)
2024-02-10 23:48:18,543 [73a2e683-eab9-4fa9-bf1b-2a740f4e4743-groupManagement] INFO  server.RaftServerConfigKeys (ConfUtils.java:logGet(46)) - raft.server.log.purge.preservation.log.num = 0 (default)
2024-02-10 23:48:18,544 [EventQueue-PipelineReportForPipelineReportHandler] INFO  pipeline.PipelineReportHandler (PipelineReportHandler.java:processPipelineReport(136)) - Opened pipeline PipelineID=0924d68a-fb35-4c58-85a1-05deaa5c2e1f
2024-02-10 23:48:18,544 [EventQueue-OpenPipelineForHealthyPipelineSafeModeRule] INFO  safemode.SCMSafeModeManager (HealthyPipelineSafeModeRule.java:process(140)) - SCM in safe mode. Healthy pipelines reported count is 0, required healthy pipeline reported count is 1
2024-02-10 23:48:18,545 [73a2e683-eab9-4fa9-bf1b-2a740f4e4743-groupManagement] INFO  server.RaftServerConfigKeys (ConfUtils.java:logGet(46)) - raft.server.log.segment.size.max = 67108864 (custom)
2024-02-10 23:48:18,545 [73a2e683-eab9-4fa9-bf1b-2a740f4e4743-groupManagement] INFO  server.RaftServerConfigKeys (ConfUtils.java:logGet(46)) - raft.server.log.segment.cache.num.max = 2 (custom)
2024-02-10 23:48:18,545 [73a2e683-eab9-4fa9-bf1b-2a740f4e4743-groupManagement] INFO  server.RaftServerConfigKeys (ConfUtils.java:logGet(46)) - raft.server.log.segment.cache.size.max = 200MB (=209715200) (default)
2024-02-10 23:48:18,545 [73a2e683-eab9-4fa9-bf1b-2a740f4e4743-groupManagement] INFO  server.RaftServerConfigKeys (ConfUtils.java:logGet(46)) - raft.server.log.appender.buffer.byte-limit = 8388608 (custom)
2024-02-10 23:48:18,545 [73a2e683-eab9-4fa9-bf1b-2a740f4e4743-groupManagement] INFO  util.AwaitToRun (AwaitToRun.java:start(81)) - Thread[73a2e683-eab9-4fa9-bf1b-2a740f4e4743@group-05DEAA5C2E1F-cacheEviction-AwaitToRun,5,main] started
2024-02-10 23:48:18,545 [73a2e683-eab9-4fa9-bf1b-2a740f4e4743-groupManagement] INFO  segmented.SegmentedRaftLogWorker (SegmentedRaftLogWorker.java:<init>(182)) - new 73a2e683-eab9-4fa9-bf1b-2a740f4e4743@group-05DEAA5C2E1F-SegmentedRaftLogWorker for RaftStorageImpl:Storage Directory /home/runner/work/ozone/ozone/hadoop-ozone/integration-test/target/test-dir/MiniOzoneClusterImpl-da04a438-6ec0-4fc9-9b2e-e93c90459920/datanode-1/data/ratis/0924d68a-fb35-4c58-85a1-05deaa5c2e1f
2024-02-10 23:48:18,545 [73a2e683-eab9-4fa9-bf1b-2a740f4e4743-groupManagement] INFO  server.RaftServerConfigKeys (ConfUtils.java:logGet(46)) - raft.server.log.queue.byte-limit = 4294967296 (custom)
2024-02-10 23:48:18,545 [73a2e683-eab9-4fa9-bf1b-2a740f4e4743-groupManagement] INFO  server.RaftServerConfigKeys (ConfUtils.java:logGet(46)) - raft.server.log.queue.element-limit = 1024 (custom)
2024-02-10 23:48:18,545 [73a2e683-eab9-4fa9-bf1b-2a740f4e4743-groupManagement] INFO  server.RaftServerConfigKeys (ConfUtils.java:logGet(46)) - raft.server.log.segment.size.max = 67108864 (custom)
2024-02-10 23:48:18,546 [73a2e683-eab9-4fa9-bf1b-2a740f4e4743-groupManagement] INFO  server.RaftServerConfigKeys (ConfUtils.java:logGet(46)) - raft.server.log.preallocated.size = 4194304 (custom)
2024-02-10 23:48:18,546 [73a2e683-eab9-4fa9-bf1b-2a740f4e4743-groupManagement] INFO  server.RaftServerConfigKeys (ConfUtils.java:logGet(46)) - raft.server.log.force.sync.num = 128 (default)
2024-02-10 23:48:18,546 [73a2e683-eab9-4fa9-bf1b-2a740f4e4743-groupManagement] INFO  server.RaftServerConfigKeys (ConfUtils.java:logGet(46)) - raft.server.log.statemachine.data.sync = true (default)
2024-02-10 23:48:18,546 [73a2e683-eab9-4fa9-bf1b-2a740f4e4743-groupManagement] INFO  server.RaftServerConfigKeys (ConfUtils.java:logGet(46)) - raft.server.log.statemachine.data.sync.timeout = 10s (default)
2024-02-10 23:48:18,546 [73a2e683-eab9-4fa9-bf1b-2a740f4e4743-groupManagement] INFO  server.RaftServerConfigKeys (ConfUtils.java:logGet(46)) - raft.server.log.statemachine.data.sync.timeout.retry = 0 (custom)
2024-02-10 23:48:18,546 [73a2e683-eab9-4fa9-bf1b-2a740f4e4743-groupManagement] INFO  server.RaftServerConfigKeys (ConfUtils.java:logGet(46)) - raft.server.log.write.buffer.size = 8388616 (custom)
2024-02-10 23:48:18,547 [73a2e683-eab9-4fa9-bf1b-2a740f4e4743-groupManagement] INFO  server.RaftServerConfigKeys (ConfUtils.java:logGet(46)) - raft.server.log.appender.buffer.byte-limit = 8388608 (custom)
2024-02-10 23:48:18,548 [73a2e683-eab9-4fa9-bf1b-2a740f4e4743-groupManagement] INFO  server.RaftServerConfigKeys (ConfUtils.java:logGet(46)) - raft.server.log.unsafe-flush.enabled = false (default)
2024-02-10 23:48:18,548 [73a2e683-eab9-4fa9-bf1b-2a740f4e4743-groupManagement] INFO  server.RaftServerConfigKeys (ConfUtils.java:logGet(46)) - raft.server.log.async-flush.enabled = false (default)
2024-02-10 23:48:18,548 [73a2e683-eab9-4fa9-bf1b-2a740f4e4743-groupManagement] INFO  server.RaftServerConfigKeys (ConfUtils.java:logGet(46)) - raft.server.log.statemachine.data.caching.enabled = true (custom)
2024-02-10 23:48:18,548 [73a2e683-eab9-4fa9-bf1b-2a740f4e4743-groupManagement] INFO  segmented.SegmentedRaftLogWorker (SegmentedRaftLogWorker.java:lambda$new$0(134)) - 73a2e683-eab9-4fa9-bf1b-2a740f4e4743@group-05DEAA5C2E1F-SegmentedRaftLogWorker: flushIndex: setUnconditionally 0 -> -1
2024-02-10 23:48:18,548 [73a2e683-eab9-4fa9-bf1b-2a740f4e4743-groupManagement] INFO  segmented.SegmentedRaftLogWorker (SegmentedRaftLogWorker.java:lambda$new$0(134)) - 73a2e683-eab9-4fa9-bf1b-2a740f4e4743@group-05DEAA5C2E1F-SegmentedRaftLogWorker: safeCacheEvictIndex: setUnconditionally 0 -> -1
2024-02-10 23:48:18,548 [73a2e683-eab9-4fa9-bf1b-2a740f4e4743-groupManagement] INFO  server.RaftServer$Division (RaftServerImpl.java:start(396)) - 73a2e683-eab9-4fa9-bf1b-2a740f4e4743@group-05DEAA5C2E1F: start as a follower, conf=-1: peers:[73a2e683-eab9-4fa9-bf1b-2a740f4e4743|10.1.0.12:15290]|listeners:[], old=null
2024-02-10 23:48:18,548 [73a2e683-eab9-4fa9-bf1b-2a740f4e4743-groupManagement] INFO  server.RaftServer$Division (RaftServerImpl.java:setRole(383)) - 73a2e683-eab9-4fa9-bf1b-2a740f4e4743@group-05DEAA5C2E1F: changes role from      null to FOLLOWER at term 0 for startAsFollower
2024-02-10 23:48:18,548 [73a2e683-eab9-4fa9-bf1b-2a740f4e4743-groupManagement] INFO  impl.RoleInfo (RoleInfo.java:updateAndGet(139)) - 73a2e683-eab9-4fa9-bf1b-2a740f4e4743: start 73a2e683-eab9-4fa9-bf1b-2a740f4e4743@group-05DEAA5C2E1F-FollowerState
2024-02-10 23:48:18,548 [73a2e683-eab9-4fa9-bf1b-2a740f4e4743@group-05DEAA5C2E1F-FollowerState] INFO  server.RaftServerConfigKeys (ConfUtils.java:logFallback(53)) - raft.server.rpc.first-election.timeout.min = 5s (fallback to raft.server.rpc.timeout.min)
2024-02-10 23:48:18,548 [73a2e683-eab9-4fa9-bf1b-2a740f4e4743-groupManagement] INFO  util.JmxRegister (JmxRegister.java:tryRegister(44)) - Successfully registered JMX Bean with object name Ratis:service=RaftServer,group=group-05DEAA5C2E1F,id=73a2e683-eab9-4fa9-bf1b-2a740f4e4743
2024-02-10 23:48:18,548 [73a2e683-eab9-4fa9-bf1b-2a740f4e4743@group-05DEAA5C2E1F-FollowerState] INFO  server.RaftServerConfigKeys (ConfUtils.java:logFallback(53)) - raft.server.rpc.first-election.timeout.max = 5200ms (fallback to raft.server.rpc.timeout.max)
2024-02-10 23:48:18,549 [73a2e683-eab9-4fa9-bf1b-2a740f4e4743-groupManagement] INFO  server.RaftServerConfigKeys (ConfUtils.java:logGet(46)) - raft.server.snapshot.trigger-when-stop.enabled = true (default)
2024-02-10 23:48:18,549 [73a2e683-eab9-4fa9-bf1b-2a740f4e4743-groupManagement] INFO  server.RaftServerConfigKeys (ConfUtils.java:logGet(46)) - raft.server.snapshot.auto.trigger.enabled = true (custom)
2024-02-10 23:48:18,549 [73a2e683-eab9-4fa9-bf1b-2a740f4e4743-groupManagement] INFO  server.RaftServerConfigKeys (ConfUtils.java:logGet(46)) - raft.server.snapshot.auto.trigger.threshold = 10000 (custom)
2024-02-10 23:48:18,549 [73a2e683-eab9-4fa9-bf1b-2a740f4e4743-groupManagement] INFO  server.RaftServerConfigKeys (ConfUtils.java:logGet(46)) - raft.server.snapshot.retention.file.num = 5 (custom)
2024-02-10 23:48:18,549 [73a2e683-eab9-4fa9-bf1b-2a740f4e4743-groupManagement] INFO  server.RaftServerConfigKeys (ConfUtils.java:logGet(46)) - raft.server.log.purge.upto.snapshot.index = false (default)
2024-02-10 23:48:18,549 [73a2e683-eab9-4fa9-bf1b-2a740f4e4743-PipelineCommandHandlerThread-0] INFO  ratis.XceiverServerRatis (XceiverServerRatis.java:addGroup(864)) - Created group PipelineID=0924d68a-fb35-4c58-85a1-05deaa5c2e1f
2024-02-10 23:48:18,549 [73a2e683-eab9-4fa9-bf1b-2a740f4e4743-PipelineCommandHandlerThread-0] INFO  commandhandler.CreatePipelineCommandHandler (CreatePipelineCommandHandler.java:lambda$handle$2(124)) - Created Pipeline RATIS ONE PipelineID=0924d68a-fb35-4c58-85a1-05deaa5c2e1f.
2024-02-10 23:48:18,663 [5708a1f9-d8fb-4b3a-b759-64b1395b16e1-PipelineCommandHandlerThread-0] INFO  server.RaftServer (RaftServerProxy.java:addNew(100)) - 5708a1f9-d8fb-4b3a-b759-64b1395b16e1: addNew group-EB083675F544:[5708a1f9-d8fb-4b3a-b759-64b1395b16e1|10.1.0.12:15299] returns group-EB083675F544:java.util.concurrent.CompletableFuture@17fba799[Not completed]
2024-02-10 23:48:18,664 [5708a1f9-d8fb-4b3a-b759-64b1395b16e1-groupManagement] INFO  server.RaftServer$Division (RaftServerImpl.java:<init>(256)) - 5708a1f9-d8fb-4b3a-b759-64b1395b16e1: new RaftServerImpl for group-EB083675F544:[5708a1f9-d8fb-4b3a-b759-64b1395b16e1|10.1.0.12:15299] with ContainerStateMachine:uninitialized
2024-02-10 23:48:18,664 [5708a1f9-d8fb-4b3a-b759-64b1395b16e1-groupManagement] INFO  server.RaftServerConfigKeys (ConfUtils.java:logGet(46)) - raft.server.rpc.timeout.min = 5s (custom)
2024-02-10 23:48:18,664 [5708a1f9-d8fb-4b3a-b759-64b1395b16e1-groupManagement] INFO  server.RaftServerConfigKeys (ConfUtils.java:logGet(46)) - raft.server.rpc.timeout.max = 5200ms (custom)
2024-02-10 23:48:18,664 [5708a1f9-d8fb-4b3a-b759-64b1395b16e1-groupManagement] INFO  server.RaftServerConfigKeys (ConfUtils.java:logGet(46)) - raft.server.rpc.sleep.time = 25ms (default)
2024-02-10 23:48:18,664 [5708a1f9-d8fb-4b3a-b759-64b1395b16e1-groupManagement] INFO  server.RaftServerConfigKeys (ConfUtils.java:logGet(46)) - raft.server.rpc.slowness.timeout = 300000ms (custom)
2024-02-10 23:48:18,664 [5708a1f9-d8fb-4b3a-b759-64b1395b16e1-groupManagement] INFO  server.RaftServerConfigKeys (ConfUtils.java:logGet(46)) - raft.server.leaderelection.leader.step-down.wait-time = 10s (default)
2024-02-10 23:48:18,664 [5708a1f9-d8fb-4b3a-b759-64b1395b16e1-groupManagement] INFO  server.RaftServerConfigKeys (ConfUtils.java:logGet(46)) - raft.server.leaderelection.member.majority-add = false (default)
2024-02-10 23:48:18,664 [5708a1f9-d8fb-4b3a-b759-64b1395b16e1-groupManagement] INFO  server.RaftServerConfigKeys (ConfUtils.java:logGet(46)) - raft.server.sleep.deviation.threshold = 300ms (default)
2024-02-10 23:48:18,664 [5708a1f9-d8fb-4b3a-b759-64b1395b16e1-groupManagement] INFO  server.RaftServer$Division (ServerState.java:<init>(113)) - 5708a1f9-d8fb-4b3a-b759-64b1395b16e1@group-EB083675F544: ConfigurationManager, init=-1: peers:[5708a1f9-d8fb-4b3a-b759-64b1395b16e1|10.1.0.12:15299]|listeners:[], old=null, confs=<EMPTY_MAP>
2024-02-10 23:48:18,664 [5708a1f9-d8fb-4b3a-b759-64b1395b16e1-groupManagement] INFO  server.RaftServerConfigKeys (ConfUtils.java:logGet(46)) - raft.server.notification.no-leader.timeout = 300000ms (custom)
2024-02-10 23:48:18,664 [5708a1f9-d8fb-4b3a-b759-64b1395b16e1-groupManagement] INFO  server.RaftServerConfigKeys (ConfUtils.java:logGet(46)) - raft.server.read.timeout = 10s (default)
2024-02-10 23:48:18,665 [5708a1f9-d8fb-4b3a-b759-64b1395b16e1-groupManagement] INFO  server.RaftServerConfigKeys (ConfUtils.java:logGet(46)) - raft.server.retrycache.expirytime = 600000ms (custom)
2024-02-10 23:48:18,665 [5708a1f9-d8fb-4b3a-b759-64b1395b16e1-groupManagement] INFO  server.RaftServerConfigKeys (ConfUtils.java:logGet(46)) - raft.server.retrycache.statistics.expirytime = 100ms (default)
2024-02-10 23:48:18,665 [5708a1f9-d8fb-4b3a-b759-64b1395b16e1-groupManagement] INFO  server.RaftServerConfigKeys (ConfUtils.java:logGet(46)) - raft.server.read.option = DEFAULT (default)
2024-02-10 23:48:18,665 [5708a1f9-d8fb-4b3a-b759-64b1395b16e1-groupManagement] INFO  server.RaftServerConfigKeys (ConfUtils.java:logGet(46)) - raft.server.read.read-after-write-consistent.write-index-cache.expiry-time = 60s (default)
2024-02-10 23:48:18,667 [5708a1f9-d8fb-4b3a-b759-64b1395b16e1-groupManagement] INFO  server.RaftServerConfigKeys (ConfUtils.java:logGet(46)) - raft.server.rpc.request.timeout = 3000ms (default)
2024-02-10 23:48:18,667 [5708a1f9-d8fb-4b3a-b759-64b1395b16e1-groupManagement] INFO  server.RaftServerConfigKeys (ConfUtils.java:logGet(46)) - raft.server.log.appender.install.snapshot.enabled = false (custom)
2024-02-10 23:48:18,667 [5708a1f9-d8fb-4b3a-b759-64b1395b16e1-groupManagement] INFO  server.RaftServerConfigKeys (ConfUtils.java:logGet(46)) - raft.server.threadpool.server.cached = true (default)
2024-02-10 23:48:18,667 [5708a1f9-d8fb-4b3a-b759-64b1395b16e1-groupManagement] INFO  server.RaftServerConfigKeys (ConfUtils.java:logGet(46)) - raft.server.threadpool.server.size = 0 (default)
2024-02-10 23:48:18,667 [5708a1f9-d8fb-4b3a-b759-64b1395b16e1-groupManagement] INFO  server.RaftServerConfigKeys (ConfUtils.java:logGet(46)) - raft.server.threadpool.client.cached = true (default)
2024-02-10 23:48:18,667 [5708a1f9-d8fb-4b3a-b759-64b1395b16e1-groupManagement] INFO  server.RaftServerConfigKeys (ConfUtils.java:logGet(46)) - raft.server.threadpool.client.size = 0 (default)
2024-02-10 23:48:18,667 [5708a1f9-d8fb-4b3a-b759-64b1395b16e1-groupManagement] INFO  server.RaftServerConfigKeys (ConfUtils.java:logGet(46)) - raft.server.storage.free-space.min = 0MB (=0) (default)
2024-02-10 23:48:18,667 [5708a1f9-d8fb-4b3a-b759-64b1395b16e1-groupManagement] INFO  server.RaftServerConfigKeys (ConfUtils.java:logGet(46)) - raft.server.log.corruption.policy = EXCEPTION (default)
2024-02-10 23:48:18,667 [5708a1f9-d8fb-4b3a-b759-64b1395b16e1-groupManagement] INFO  server.RaftServerConfigKeys (ConfUtils.java:logGet(46)) - raft.server.storage.dir = [/home/runner/work/ozone/ozone/hadoop-ozone/integration-test/target/test-dir/MiniOzoneClusterImpl-da04a438-6ec0-4fc9-9b2e-e93c90459920/datanode-2/data/ratis] (custom)
2024-02-10 23:48:18,667 [5708a1f9-d8fb-4b3a-b759-64b1395b16e1-groupManagement] INFO  storage.RaftStorageDirectory (RaftStorageDirectoryImpl.java:analyzeStorage(138)) - The storage directory /home/runner/work/ozone/ozone/hadoop-ozone/integration-test/target/test-dir/MiniOzoneClusterImpl-da04a438-6ec0-4fc9-9b2e-e93c90459920/datanode-2/data/ratis/7c7c5023-aee7-4948-b3b1-eb083675f544 does not exist. Creating ...
2024-02-10 23:48:18,668 [5708a1f9-d8fb-4b3a-b759-64b1395b16e1-groupManagement] INFO  storage.RaftStorageDirectory (RaftStorageDirectoryImpl.java:tryLock(228)) - Lock on /home/runner/work/ozone/ozone/hadoop-ozone/integration-test/target/test-dir/MiniOzoneClusterImpl-da04a438-6ec0-4fc9-9b2e-e93c90459920/datanode-2/data/ratis/7c7c5023-aee7-4948-b3b1-eb083675f544/in_use.lock acquired by nodename 48413@fv-az886-285
2024-02-10 23:48:18,669 [5708a1f9-d8fb-4b3a-b759-64b1395b16e1-groupManagement] INFO  storage.RaftStorage (RaftStorageImpl.java:format(99)) - Storage directory /home/runner/work/ozone/ozone/hadoop-ozone/integration-test/target/test-dir/MiniOzoneClusterImpl-da04a438-6ec0-4fc9-9b2e-e93c90459920/datanode-2/data/ratis/7c7c5023-aee7-4948-b3b1-eb083675f544 has been successfully formatted.
2024-02-10 23:48:18,670 [5708a1f9-d8fb-4b3a-b759-64b1395b16e1-groupManagement] WARN  util.FileUtils (LogUtils.java:supplyAndLog(63)) - Failed to Files.newInputStream /home/runner/work/ozone/ozone/hadoop-ozone/integration-test/target/test-dir/MiniOzoneClusterImpl-da04a438-6ec0-4fc9-9b2e-e93c90459920/datanode-2/data/ratis/7c7c5023-aee7-4948-b3b1-eb083675f544/current/raft-meta.conf with options []: java.nio.file.NoSuchFileException: /home/runner/work/ozone/ozone/hadoop-ozone/integration-test/target/test-dir/MiniOzoneClusterImpl-da04a438-6ec0-4fc9-9b2e-e93c90459920/datanode-2/data/ratis/7c7c5023-aee7-4948-b3b1-eb083675f544/current/raft-meta.conf
2024-02-10 23:48:18,670 [5708a1f9-d8fb-4b3a-b759-64b1395b16e1-groupManagement] INFO  ratis.ContainerStateMachine (ContainerStateMachine.java:loadSnapshot(287)) - group-EB083675F544: The snapshot info is null. Setting the last applied index to:(t:0, i:~)
2024-02-10 23:48:18,670 [5708a1f9-d8fb-4b3a-b759-64b1395b16e1-groupManagement] INFO  server.RaftServerConfigKeys (ConfUtils.java:logGet(46)) - raft.server.log.use.memory = false (default)
2024-02-10 23:48:18,670 [5708a1f9-d8fb-4b3a-b759-64b1395b16e1-groupManagement] INFO  server.RaftServerConfigKeys (ConfUtils.java:logGet(46)) - raft.server.log.purge.gap = 1000000 (custom)
2024-02-10 23:48:18,670 [5708a1f9-d8fb-4b3a-b759-64b1395b16e1-groupManagement] INFO  server.RaftServerConfigKeys (ConfUtils.java:logGet(46)) - raft.server.log.appender.buffer.byte-limit = 8388608 (custom)
2024-02-10 23:48:18,670 [5708a1f9-d8fb-4b3a-b759-64b1395b16e1-groupManagement] INFO  server.RaftServerConfigKeys (ConfUtils.java:logGet(46)) - raft.server.log.statemachine.data.read.timeout = 1000ms (default)
2024-02-10 23:48:18,670 [5708a1f9-d8fb-4b3a-b759-64b1395b16e1-groupManagement] INFO  server.RaftServerConfigKeys (ConfUtils.java:logGet(46)) - raft.server.log.purge.preservation.log.num = 0 (default)
2024-02-10 23:48:18,671 [EventQueue-PipelineReportForPipelineReportHandler] INFO  pipeline.PipelineReportHandler (PipelineReportHandler.java:processPipelineReport(136)) - Opened pipeline PipelineID=7c7c5023-aee7-4948-b3b1-eb083675f544
2024-02-10 23:48:18,671 [EventQueue-OpenPipelineForHealthyPipelineSafeModeRule] INFO  safemode.SCMSafeModeManager (HealthyPipelineSafeModeRule.java:process(140)) - SCM in safe mode. Healthy pipelines reported count is 0, required healthy pipeline reported count is 1
2024-02-10 23:48:18,672 [5708a1f9-d8fb-4b3a-b759-64b1395b16e1-groupManagement] INFO  server.RaftServerConfigKeys (ConfUtils.java:logGet(46)) - raft.server.log.segment.size.max = 67108864 (custom)
2024-02-10 23:48:18,672 [5708a1f9-d8fb-4b3a-b759-64b1395b16e1-groupManagement] INFO  server.RaftServerConfigKeys (ConfUtils.java:logGet(46)) - raft.server.log.segment.cache.num.max = 2 (custom)
2024-02-10 23:48:18,672 [5708a1f9-d8fb-4b3a-b759-64b1395b16e1-groupManagement] INFO  server.RaftServerConfigKeys (ConfUtils.java:logGet(46)) - raft.server.log.segment.cache.size.max = 200MB (=209715200) (default)
2024-02-10 23:48:18,672 [5708a1f9-d8fb-4b3a-b759-64b1395b16e1-groupManagement] INFO  server.RaftServerConfigKeys (ConfUtils.java:logGet(46)) - raft.server.log.appender.buffer.byte-limit = 8388608 (custom)
2024-02-10 23:48:18,672 [5708a1f9-d8fb-4b3a-b759-64b1395b16e1-groupManagement] INFO  util.AwaitToRun (AwaitToRun.java:start(81)) - Thread[5708a1f9-d8fb-4b3a-b759-64b1395b16e1@group-EB083675F544-cacheEviction-AwaitToRun,5,main] started
2024-02-10 23:48:18,672 [5708a1f9-d8fb-4b3a-b759-64b1395b16e1-groupManagement] INFO  segmented.SegmentedRaftLogWorker (SegmentedRaftLogWorker.java:<init>(182)) - new 5708a1f9-d8fb-4b3a-b759-64b1395b16e1@group-EB083675F544-SegmentedRaftLogWorker for RaftStorageImpl:Storage Directory /home/runner/work/ozone/ozone/hadoop-ozone/integration-test/target/test-dir/MiniOzoneClusterImpl-da04a438-6ec0-4fc9-9b2e-e93c90459920/datanode-2/data/ratis/7c7c5023-aee7-4948-b3b1-eb083675f544
2024-02-10 23:48:18,672 [5708a1f9-d8fb-4b3a-b759-64b1395b16e1-groupManagement] INFO  server.RaftServerConfigKeys (ConfUtils.java:logGet(46)) - raft.server.log.queue.byte-limit = 4294967296 (custom)
2024-02-10 23:48:18,672 [5708a1f9-d8fb-4b3a-b759-64b1395b16e1-groupManagement] INFO  server.RaftServerConfigKeys (ConfUtils.java:logGet(46)) - raft.server.log.queue.element-limit = 1024 (custom)
2024-02-10 23:48:18,672 [5708a1f9-d8fb-4b3a-b759-64b1395b16e1-groupManagement] INFO  server.RaftServerConfigKeys (ConfUtils.java:logGet(46)) - raft.server.log.segment.size.max = 67108864 (custom)
2024-02-10 23:48:18,672 [5708a1f9-d8fb-4b3a-b759-64b1395b16e1-groupManagement] INFO  server.RaftServerConfigKeys (ConfUtils.java:logGet(46)) - raft.server.log.preallocated.size = 4194304 (custom)
2024-02-10 23:48:18,672 [5708a1f9-d8fb-4b3a-b759-64b1395b16e1-groupManagement] INFO  server.RaftServerConfigKeys (ConfUtils.java:logGet(46)) - raft.server.log.force.sync.num = 128 (default)
2024-02-10 23:48:18,672 [5708a1f9-d8fb-4b3a-b759-64b1395b16e1-groupManagement] INFO  server.RaftServerConfigKeys (ConfUtils.java:logGet(46)) - raft.server.log.statemachine.data.sync = true (default)
2024-02-10 23:48:18,673 [5708a1f9-d8fb-4b3a-b759-64b1395b16e1-groupManagement] INFO  server.RaftServerConfigKeys (ConfUtils.java:logGet(46)) - raft.server.log.statemachine.data.sync.timeout = 10s (default)
2024-02-10 23:48:18,673 [5708a1f9-d8fb-4b3a-b759-64b1395b16e1-groupManagement] INFO  server.RaftServerConfigKeys (ConfUtils.java:logGet(46)) - raft.server.log.statemachine.data.sync.timeout.retry = 0 (custom)
2024-02-10 23:48:18,673 [5708a1f9-d8fb-4b3a-b759-64b1395b16e1-groupManagement] INFO  server.RaftServerConfigKeys (ConfUtils.java:logGet(46)) - raft.server.log.write.buffer.size = 8388616 (custom)
2024-02-10 23:48:18,674 [5708a1f9-d8fb-4b3a-b759-64b1395b16e1-groupManagement] INFO  server.RaftServerConfigKeys (ConfUtils.java:logGet(46)) - raft.server.log.appender.buffer.byte-limit = 8388608 (custom)
2024-02-10 23:48:18,674 [5708a1f9-d8fb-4b3a-b759-64b1395b16e1-groupManagement] INFO  server.RaftServerConfigKeys (ConfUtils.java:logGet(46)) - raft.server.log.unsafe-flush.enabled = false (default)
2024-02-10 23:48:18,674 [5708a1f9-d8fb-4b3a-b759-64b1395b16e1-groupManagement] INFO  server.RaftServerConfigKeys (ConfUtils.java:logGet(46)) - raft.server.log.async-flush.enabled = false (default)
2024-02-10 23:48:18,674 [5708a1f9-d8fb-4b3a-b759-64b1395b16e1-groupManagement] INFO  server.RaftServerConfigKeys (ConfUtils.java:logGet(46)) - raft.server.log.statemachine.data.caching.enabled = true (custom)
2024-02-10 23:48:18,674 [5708a1f9-d8fb-4b3a-b759-64b1395b16e1-groupManagement] INFO  segmented.SegmentedRaftLogWorker (SegmentedRaftLogWorker.java:lambda$new$0(134)) - 5708a1f9-d8fb-4b3a-b759-64b1395b16e1@group-EB083675F544-SegmentedRaftLogWorker: flushIndex: setUnconditionally 0 -> -1
2024-02-10 23:48:18,675 [5708a1f9-d8fb-4b3a-b759-64b1395b16e1-groupManagement] INFO  segmented.SegmentedRaftLogWorker (SegmentedRaftLogWorker.java:lambda$new$0(134)) - 5708a1f9-d8fb-4b3a-b759-64b1395b16e1@group-EB083675F544-SegmentedRaftLogWorker: safeCacheEvictIndex: setUnconditionally 0 -> -1
2024-02-10 23:48:18,675 [5708a1f9-d8fb-4b3a-b759-64b1395b16e1-groupManagement] INFO  server.RaftServer$Division (RaftServerImpl.java:start(396)) - 5708a1f9-d8fb-4b3a-b759-64b1395b16e1@group-EB083675F544: start as a follower, conf=-1: peers:[5708a1f9-d8fb-4b3a-b759-64b1395b16e1|10.1.0.12:15299]|listeners:[], old=null
2024-02-10 23:48:18,675 [5708a1f9-d8fb-4b3a-b759-64b1395b16e1-groupManagement] INFO  server.RaftServer$Division (RaftServerImpl.java:setRole(383)) - 5708a1f9-d8fb-4b3a-b759-64b1395b16e1@group-EB083675F544: changes role from      null to FOLLOWER at term 0 for startAsFollower
2024-02-10 23:48:18,675 [5708a1f9-d8fb-4b3a-b759-64b1395b16e1-groupManagement] INFO  impl.RoleInfo (RoleInfo.java:updateAndGet(139)) - 5708a1f9-d8fb-4b3a-b759-64b1395b16e1: start 5708a1f9-d8fb-4b3a-b759-64b1395b16e1@group-EB083675F544-FollowerState
2024-02-10 23:48:18,675 [5708a1f9-d8fb-4b3a-b759-64b1395b16e1@group-EB083675F544-FollowerState] INFO  server.RaftServerConfigKeys (ConfUtils.java:logFallback(53)) - raft.server.rpc.first-election.timeout.min = 5s (fallback to raft.server.rpc.timeout.min)
2024-02-10 23:48:18,675 [5708a1f9-d8fb-4b3a-b759-64b1395b16e1-groupManagement] INFO  util.JmxRegister (JmxRegister.java:tryRegister(44)) - Successfully registered JMX Bean with object name Ratis:service=RaftServer,group=group-EB083675F544,id=5708a1f9-d8fb-4b3a-b759-64b1395b16e1
2024-02-10 23:48:18,675 [5708a1f9-d8fb-4b3a-b759-64b1395b16e1-groupManagement] INFO  server.RaftServerConfigKeys (ConfUtils.java:logGet(46)) - raft.server.snapshot.trigger-when-stop.enabled = true (default)
2024-02-10 23:48:18,675 [5708a1f9-d8fb-4b3a-b759-64b1395b16e1-groupManagement] INFO  server.RaftServerConfigKeys (ConfUtils.java:logGet(46)) - raft.server.snapshot.auto.trigger.enabled = true (custom)
2024-02-10 23:48:18,675 [5708a1f9-d8fb-4b3a-b759-64b1395b16e1-groupManagement] INFO  server.RaftServerConfigKeys (ConfUtils.java:logGet(46)) - raft.server.snapshot.auto.trigger.threshold = 10000 (custom)
2024-02-10 23:48:18,675 [5708a1f9-d8fb-4b3a-b759-64b1395b16e1-groupManagement] INFO  server.RaftServerConfigKeys (ConfUtils.java:logGet(46)) - raft.server.snapshot.retention.file.num = 5 (custom)
2024-02-10 23:48:18,675 [5708a1f9-d8fb-4b3a-b759-64b1395b16e1-groupManagement] INFO  server.RaftServerConfigKeys (ConfUtils.java:logGet(46)) - raft.server.log.purge.upto.snapshot.index = false (default)
2024-02-10 23:48:18,676 [5708a1f9-d8fb-4b3a-b759-64b1395b16e1@group-EB083675F544-FollowerState] INFO  server.RaftServerConfigKeys (ConfUtils.java:logFallback(53)) - raft.server.rpc.first-election.timeout.max = 5200ms (fallback to raft.server.rpc.timeout.max)
2024-02-10 23:48:18,676 [5708a1f9-d8fb-4b3a-b759-64b1395b16e1-PipelineCommandHandlerThread-0] INFO  ratis.XceiverServerRatis (XceiverServerRatis.java:addGroup(864)) - Created group PipelineID=7c7c5023-aee7-4948-b3b1-eb083675f544
2024-02-10 23:48:18,676 [5708a1f9-d8fb-4b3a-b759-64b1395b16e1-PipelineCommandHandlerThread-0] INFO  commandhandler.CreatePipelineCommandHandler (CreatePipelineCommandHandler.java:lambda$handle$2(124)) - Created Pipeline RATIS ONE PipelineID=7c7c5023-aee7-4948-b3b1-eb083675f544.
2024-02-10 23:48:18,761 [d68bdd40-ff61-48f9-926d-424a561bf72d-PipelineCommandHandlerThread-0] INFO  server.RaftServer (RaftServerProxy.java:addNew(100)) - d68bdd40-ff61-48f9-926d-424a561bf72d: addNew group-E8EB5DD20637:[d68bdd40-ff61-48f9-926d-424a561bf72d|10.1.0.12:15308] returns group-E8EB5DD20637:java.util.concurrent.CompletableFuture@cdf76c3[Not completed]
2024-02-10 23:48:18,762 [d68bdd40-ff61-48f9-926d-424a561bf72d-groupManagement] INFO  server.RaftServer$Division (RaftServerImpl.java:<init>(256)) - d68bdd40-ff61-48f9-926d-424a561bf72d: new RaftServerImpl for group-E8EB5DD20637:[d68bdd40-ff61-48f9-926d-424a561bf72d|10.1.0.12:15308] with ContainerStateMachine:uninitialized
2024-02-10 23:48:18,762 [d68bdd40-ff61-48f9-926d-424a561bf72d-groupManagement] INFO  server.RaftServerConfigKeys (ConfUtils.java:logGet(46)) - raft.server.rpc.timeout.min = 5s (custom)
2024-02-10 23:48:18,762 [d68bdd40-ff61-48f9-926d-424a561bf72d-groupManagement] INFO  server.RaftServerConfigKeys (ConfUtils.java:logGet(46)) - raft.server.rpc.timeout.max = 5200ms (custom)
2024-02-10 23:48:18,762 [d68bdd40-ff61-48f9-926d-424a561bf72d-groupManagement] INFO  server.RaftServerConfigKeys (ConfUtils.java:logGet(46)) - raft.server.rpc.sleep.time = 25ms (default)
2024-02-10 23:48:18,763 [d68bdd40-ff61-48f9-926d-424a561bf72d-groupManagement] INFO  server.RaftServerConfigKeys (ConfUtils.java:logGet(46)) - raft.server.rpc.slowness.timeout = 300000ms (custom)
2024-02-10 23:48:18,763 [d68bdd40-ff61-48f9-926d-424a561bf72d-groupManagement] INFO  server.RaftServerConfigKeys (ConfUtils.java:logGet(46)) - raft.server.leaderelection.leader.step-down.wait-time = 10s (default)
2024-02-10 23:48:18,763 [d68bdd40-ff61-48f9-926d-424a561bf72d-groupManagement] INFO  server.RaftServerConfigKeys (ConfUtils.java:logGet(46)) - raft.server.leaderelection.member.majority-add = false (default)
2024-02-10 23:48:18,763 [d68bdd40-ff61-48f9-926d-424a561bf72d-groupManagement] INFO  server.RaftServerConfigKeys (ConfUtils.java:logGet(46)) - raft.server.sleep.deviation.threshold = 300ms (default)
2024-02-10 23:48:18,763 [d68bdd40-ff61-48f9-926d-424a561bf72d-groupManagement] INFO  server.RaftServer$Division (ServerState.java:<init>(113)) - d68bdd40-ff61-48f9-926d-424a561bf72d@group-E8EB5DD20637: ConfigurationManager, init=-1: peers:[d68bdd40-ff61-48f9-926d-424a561bf72d|10.1.0.12:15308]|listeners:[], old=null, confs=<EMPTY_MAP>
2024-02-10 23:48:18,763 [d68bdd40-ff61-48f9-926d-424a561bf72d-groupManagement] INFO  server.RaftServerConfigKeys (ConfUtils.java:logGet(46)) - raft.server.notification.no-leader.timeout = 300000ms (custom)
2024-02-10 23:48:18,763 [d68bdd40-ff61-48f9-926d-424a561bf72d-groupManagement] INFO  server.RaftServerConfigKeys (ConfUtils.java:logGet(46)) - raft.server.read.timeout = 10s (default)
2024-02-10 23:48:18,763 [d68bdd40-ff61-48f9-926d-424a561bf72d-groupManagement] INFO  server.RaftServerConfigKeys (ConfUtils.java:logGet(46)) - raft.server.retrycache.expirytime = 600000ms (custom)
2024-02-10 23:48:18,763 [d68bdd40-ff61-48f9-926d-424a561bf72d-groupManagement] INFO  server.RaftServerConfigKeys (ConfUtils.java:logGet(46)) - raft.server.retrycache.statistics.expirytime = 100ms (default)
2024-02-10 23:48:18,763 [d68bdd40-ff61-48f9-926d-424a561bf72d-groupManagement] INFO  server.RaftServerConfigKeys (ConfUtils.java:logGet(46)) - raft.server.read.option = DEFAULT (default)
2024-02-10 23:48:18,763 [d68bdd40-ff61-48f9-926d-424a561bf72d-groupManagement] INFO  server.RaftServerConfigKeys (ConfUtils.java:logGet(46)) - raft.server.read.read-after-write-consistent.write-index-cache.expiry-time = 60s (default)
2024-02-10 23:48:18,766 [d68bdd40-ff61-48f9-926d-424a561bf72d-groupManagement] INFO  server.RaftServerConfigKeys (ConfUtils.java:logGet(46)) - raft.server.rpc.request.timeout = 3000ms (default)
2024-02-10 23:48:18,766 [d68bdd40-ff61-48f9-926d-424a561bf72d-groupManagement] INFO  server.RaftServerConfigKeys (ConfUtils.java:logGet(46)) - raft.server.log.appender.install.snapshot.enabled = false (custom)
2024-02-10 23:48:18,766 [d68bdd40-ff61-48f9-926d-424a561bf72d-groupManagement] INFO  server.RaftServerConfigKeys (ConfUtils.java:logGet(46)) - raft.server.threadpool.server.cached = true (default)
2024-02-10 23:48:18,766 [d68bdd40-ff61-48f9-926d-424a561bf72d-groupManagement] INFO  server.RaftServerConfigKeys (ConfUtils.java:logGet(46)) - raft.server.threadpool.server.size = 0 (default)
2024-02-10 23:48:18,766 [d68bdd40-ff61-48f9-926d-424a561bf72d-groupManagement] INFO  server.RaftServerConfigKeys (ConfUtils.java:logGet(46)) - raft.server.threadpool.client.cached = true (default)
2024-02-10 23:48:18,766 [d68bdd40-ff61-48f9-926d-424a561bf72d-groupManagement] INFO  server.RaftServerConfigKeys (ConfUtils.java:logGet(46)) - raft.server.threadpool.client.size = 0 (default)
2024-02-10 23:48:18,766 [d68bdd40-ff61-48f9-926d-424a561bf72d-groupManagement] INFO  server.RaftServerConfigKeys (ConfUtils.java:logGet(46)) - raft.server.storage.free-space.min = 0MB (=0) (default)
2024-02-10 23:48:18,766 [d68bdd40-ff61-48f9-926d-424a561bf72d-groupManagement] INFO  server.RaftServerConfigKeys (ConfUtils.java:logGet(46)) - raft.server.log.corruption.policy = EXCEPTION (default)
2024-02-10 23:48:18,766 [d68bdd40-ff61-48f9-926d-424a561bf72d-groupManagement] INFO  server.RaftServerConfigKeys (ConfUtils.java:logGet(46)) - raft.server.storage.dir = [/home/runner/work/ozone/ozone/hadoop-ozone/integration-test/target/test-dir/MiniOzoneClusterImpl-da04a438-6ec0-4fc9-9b2e-e93c90459920/datanode-3/data/ratis] (custom)
2024-02-10 23:48:18,767 [d68bdd40-ff61-48f9-926d-424a561bf72d-groupManagement] INFO  storage.RaftStorageDirectory (RaftStorageDirectoryImpl.java:analyzeStorage(138)) - The storage directory /home/runner/work/ozone/ozone/hadoop-ozone/integration-test/target/test-dir/MiniOzoneClusterImpl-da04a438-6ec0-4fc9-9b2e-e93c90459920/datanode-3/data/ratis/567ba971-0fa8-4757-bde9-e8eb5dd20637 does not exist. Creating ...
2024-02-10 23:48:18,767 [d68bdd40-ff61-48f9-926d-424a561bf72d-groupManagement] INFO  storage.RaftStorageDirectory (RaftStorageDirectoryImpl.java:tryLock(228)) - Lock on /home/runner/work/ozone/ozone/hadoop-ozone/integration-test/target/test-dir/MiniOzoneClusterImpl-da04a438-6ec0-4fc9-9b2e-e93c90459920/datanode-3/data/ratis/567ba971-0fa8-4757-bde9-e8eb5dd20637/in_use.lock acquired by nodename 48413@fv-az886-285
2024-02-10 23:48:18,768 [d68bdd40-ff61-48f9-926d-424a561bf72d-groupManagement] INFO  storage.RaftStorage (RaftStorageImpl.java:format(99)) - Storage directory /home/runner/work/ozone/ozone/hadoop-ozone/integration-test/target/test-dir/MiniOzoneClusterImpl-da04a438-6ec0-4fc9-9b2e-e93c90459920/datanode-3/data/ratis/567ba971-0fa8-4757-bde9-e8eb5dd20637 has been successfully formatted.
2024-02-10 23:48:18,768 [d68bdd40-ff61-48f9-926d-424a561bf72d-groupManagement] WARN  util.FileUtils (LogUtils.java:supplyAndLog(63)) - Failed to Files.newInputStream /home/runner/work/ozone/ozone/hadoop-ozone/integration-test/target/test-dir/MiniOzoneClusterImpl-da04a438-6ec0-4fc9-9b2e-e93c90459920/datanode-3/data/ratis/567ba971-0fa8-4757-bde9-e8eb5dd20637/current/raft-meta.conf with options []: java.nio.file.NoSuchFileException: /home/runner/work/ozone/ozone/hadoop-ozone/integration-test/target/test-dir/MiniOzoneClusterImpl-da04a438-6ec0-4fc9-9b2e-e93c90459920/datanode-3/data/ratis/567ba971-0fa8-4757-bde9-e8eb5dd20637/current/raft-meta.conf
2024-02-10 23:48:18,770 [d68bdd40-ff61-48f9-926d-424a561bf72d-groupManagement] INFO  ratis.ContainerStateMachine (ContainerStateMachine.java:loadSnapshot(287)) - group-E8EB5DD20637: The snapshot info is null. Setting the last applied index to:(t:0, i:~)
2024-02-10 23:48:18,770 [d68bdd40-ff61-48f9-926d-424a561bf72d-groupManagement] INFO  server.RaftServerConfigKeys (ConfUtils.java:logGet(46)) - raft.server.log.use.memory = false (default)
2024-02-10 23:48:18,770 [d68bdd40-ff61-48f9-926d-424a561bf72d-groupManagement] INFO  server.RaftServerConfigKeys (ConfUtils.java:logGet(46)) - raft.server.log.purge.gap = 1000000 (custom)
2024-02-10 23:48:18,770 [d68bdd40-ff61-48f9-926d-424a561bf72d-groupManagement] INFO  server.RaftServerConfigKeys (ConfUtils.java:logGet(46)) - raft.server.log.appender.buffer.byte-limit = 8388608 (custom)
2024-02-10 23:48:18,770 [d68bdd40-ff61-48f9-926d-424a561bf72d-groupManagement] INFO  server.RaftServerConfigKeys (ConfUtils.java:logGet(46)) - raft.server.log.statemachine.data.read.timeout = 1000ms (default)
2024-02-10 23:48:18,770 [d68bdd40-ff61-48f9-926d-424a561bf72d-groupManagement] INFO  server.RaftServerConfigKeys (ConfUtils.java:logGet(46)) - raft.server.log.purge.preservation.log.num = 0 (default)
2024-02-10 23:48:18,771 [EventQueue-PipelineReportForPipelineReportHandler] INFO  pipeline.PipelineReportHandler (PipelineReportHandler.java:processPipelineReport(136)) - Opened pipeline PipelineID=567ba971-0fa8-4757-bde9-e8eb5dd20637
2024-02-10 23:48:18,771 [EventQueue-OpenPipelineForHealthyPipelineSafeModeRule] INFO  safemode.SCMSafeModeManager (HealthyPipelineSafeModeRule.java:process(140)) - SCM in safe mode. Healthy pipelines reported count is 0, required healthy pipeline reported count is 1
2024-02-10 23:48:18,771 [d68bdd40-ff61-48f9-926d-424a561bf72d-groupManagement] INFO  server.RaftServerConfigKeys (ConfUtils.java:logGet(46)) - raft.server.log.segment.size.max = 67108864 (custom)
2024-02-10 23:48:18,772 [d68bdd40-ff61-48f9-926d-424a561bf72d-groupManagement] INFO  server.RaftServerConfigKeys (ConfUtils.java:logGet(46)) - raft.server.log.segment.cache.num.max = 2 (custom)
2024-02-10 23:48:18,772 [d68bdd40-ff61-48f9-926d-424a561bf72d-groupManagement] INFO  server.RaftServerConfigKeys (ConfUtils.java:logGet(46)) - raft.server.log.segment.cache.size.max = 200MB (=209715200) (default)
2024-02-10 23:48:18,772 [d68bdd40-ff61-48f9-926d-424a561bf72d-groupManagement] INFO  server.RaftServerConfigKeys (ConfUtils.java:logGet(46)) - raft.server.log.appender.buffer.byte-limit = 8388608 (custom)
2024-02-10 23:48:18,772 [d68bdd40-ff61-48f9-926d-424a561bf72d-groupManagement] INFO  util.AwaitToRun (AwaitToRun.java:start(81)) - Thread[d68bdd40-ff61-48f9-926d-424a561bf72d@group-E8EB5DD20637-cacheEviction-AwaitToRun,5,main] started
2024-02-10 23:48:18,772 [d68bdd40-ff61-48f9-926d-424a561bf72d-groupManagement] INFO  segmented.SegmentedRaftLogWorker (SegmentedRaftLogWorker.java:<init>(182)) - new d68bdd40-ff61-48f9-926d-424a561bf72d@group-E8EB5DD20637-SegmentedRaftLogWorker for RaftStorageImpl:Storage Directory /home/runner/work/ozone/ozone/hadoop-ozone/integration-test/target/test-dir/MiniOzoneClusterImpl-da04a438-6ec0-4fc9-9b2e-e93c90459920/datanode-3/data/ratis/567ba971-0fa8-4757-bde9-e8eb5dd20637
2024-02-10 23:48:18,772 [d68bdd40-ff61-48f9-926d-424a561bf72d-groupManagement] INFO  server.RaftServerConfigKeys (ConfUtils.java:logGet(46)) - raft.server.log.queue.byte-limit = 4294967296 (custom)
2024-02-10 23:48:18,772 [d68bdd40-ff61-48f9-926d-424a561bf72d-groupManagement] INFO  server.RaftServerConfigKeys (ConfUtils.java:logGet(46)) - raft.server.log.queue.element-limit = 1024 (custom)
2024-02-10 23:48:18,772 [d68bdd40-ff61-48f9-926d-424a561bf72d-groupManagement] INFO  server.RaftServerConfigKeys (ConfUtils.java:logGet(46)) - raft.server.log.segment.size.max = 67108864 (custom)
2024-02-10 23:48:18,772 [d68bdd40-ff61-48f9-926d-424a561bf72d-groupManagement] INFO  server.RaftServerConfigKeys (ConfUtils.java:logGet(46)) - raft.server.log.preallocated.size = 4194304 (custom)
2024-02-10 23:48:18,773 [d68bdd40-ff61-48f9-926d-424a561bf72d-groupManagement] INFO  server.RaftServerConfigKeys (ConfUtils.java:logGet(46)) - raft.server.log.force.sync.num = 128 (default)
2024-02-10 23:48:18,773 [d68bdd40-ff61-48f9-926d-424a561bf72d-groupManagement] INFO  server.RaftServerConfigKeys (ConfUtils.java:logGet(46)) - raft.server.log.statemachine.data.sync = true (default)
2024-02-10 23:48:18,773 [d68bdd40-ff61-48f9-926d-424a561bf72d-groupManagement] INFO  server.RaftServerConfigKeys (ConfUtils.java:logGet(46)) - raft.server.log.statemachine.data.sync.timeout = 10s (default)
2024-02-10 23:48:18,773 [d68bdd40-ff61-48f9-926d-424a561bf72d-groupManagement] INFO  server.RaftServerConfigKeys (ConfUtils.java:logGet(46)) - raft.server.log.statemachine.data.sync.timeout.retry = 0 (custom)
2024-02-10 23:48:18,773 [d68bdd40-ff61-48f9-926d-424a561bf72d-groupManagement] INFO  server.RaftServerConfigKeys (ConfUtils.java:logGet(46)) - raft.server.log.write.buffer.size = 8388616 (custom)
2024-02-10 23:48:18,774 [d68bdd40-ff61-48f9-926d-424a561bf72d-groupManagement] INFO  server.RaftServerConfigKeys (ConfUtils.java:logGet(46)) - raft.server.log.appender.buffer.byte-limit = 8388608 (custom)
2024-02-10 23:48:18,774 [d68bdd40-ff61-48f9-926d-424a561bf72d-groupManagement] INFO  server.RaftServerConfigKeys (ConfUtils.java:logGet(46)) - raft.server.log.unsafe-flush.enabled = false (default)
2024-02-10 23:48:18,774 [d68bdd40-ff61-48f9-926d-424a561bf72d-groupManagement] INFO  server.RaftServerConfigKeys (ConfUtils.java:logGet(46)) - raft.server.log.async-flush.enabled = false (default)
2024-02-10 23:48:18,775 [d68bdd40-ff61-48f9-926d-424a561bf72d-groupManagement] INFO  server.RaftServerConfigKeys (ConfUtils.java:logGet(46)) - raft.server.log.statemachine.data.caching.enabled = true (custom)
2024-02-10 23:48:18,775 [d68bdd40-ff61-48f9-926d-424a561bf72d-groupManagement] INFO  segmented.SegmentedRaftLogWorker (SegmentedRaftLogWorker.java:lambda$new$0(134)) - d68bdd40-ff61-48f9-926d-424a561bf72d@group-E8EB5DD20637-SegmentedRaftLogWorker: flushIndex: setUnconditionally 0 -> -1
2024-02-10 23:48:18,775 [d68bdd40-ff61-48f9-926d-424a561bf72d-groupManagement] INFO  segmented.SegmentedRaftLogWorker (SegmentedRaftLogWorker.java:lambda$new$0(134)) - d68bdd40-ff61-48f9-926d-424a561bf72d@group-E8EB5DD20637-SegmentedRaftLogWorker: safeCacheEvictIndex: setUnconditionally 0 -> -1
2024-02-10 23:48:18,775 [d68bdd40-ff61-48f9-926d-424a561bf72d-groupManagement] INFO  server.RaftServer$Division (RaftServerImpl.java:start(396)) - d68bdd40-ff61-48f9-926d-424a561bf72d@group-E8EB5DD20637: start as a follower, conf=-1: peers:[d68bdd40-ff61-48f9-926d-424a561bf72d|10.1.0.12:15308]|listeners:[], old=null
2024-02-10 23:48:18,775 [d68bdd40-ff61-48f9-926d-424a561bf72d-groupManagement] INFO  server.RaftServer$Division (RaftServerImpl.java:setRole(383)) - d68bdd40-ff61-48f9-926d-424a561bf72d@group-E8EB5DD20637: changes role from      null to FOLLOWER at term 0 for startAsFollower
2024-02-10 23:48:18,775 [d68bdd40-ff61-48f9-926d-424a561bf72d-groupManagement] INFO  impl.RoleInfo (RoleInfo.java:updateAndGet(139)) - d68bdd40-ff61-48f9-926d-424a561bf72d: start d68bdd40-ff61-48f9-926d-424a561bf72d@group-E8EB5DD20637-FollowerState
2024-02-10 23:48:18,775 [d68bdd40-ff61-48f9-926d-424a561bf72d@group-E8EB5DD20637-FollowerState] INFO  server.RaftServerConfigKeys (ConfUtils.java:logFallback(53)) - raft.server.rpc.first-election.timeout.min = 5s (fallback to raft.server.rpc.timeout.min)
2024-02-10 23:48:18,775 [d68bdd40-ff61-48f9-926d-424a561bf72d-groupManagement] INFO  util.JmxRegister (JmxRegister.java:tryRegister(44)) - Successfully registered JMX Bean with object name Ratis:service=RaftServer,group=group-E8EB5DD20637,id=d68bdd40-ff61-48f9-926d-424a561bf72d
2024-02-10 23:48:18,775 [d68bdd40-ff61-48f9-926d-424a561bf72d@group-E8EB5DD20637-FollowerState] INFO  server.RaftServerConfigKeys (ConfUtils.java:logFallback(53)) - raft.server.rpc.first-election.timeout.max = 5200ms (fallback to raft.server.rpc.timeout.max)
2024-02-10 23:48:18,775 [d68bdd40-ff61-48f9-926d-424a561bf72d-groupManagement] INFO  server.RaftServerConfigKeys (ConfUtils.java:logGet(46)) - raft.server.snapshot.trigger-when-stop.enabled = true (default)
2024-02-10 23:48:18,776 [d68bdd40-ff61-48f9-926d-424a561bf72d-groupManagement] INFO  server.RaftServerConfigKeys (ConfUtils.java:logGet(46)) - raft.server.snapshot.auto.trigger.enabled = true (custom)
2024-02-10 23:48:18,776 [d68bdd40-ff61-48f9-926d-424a561bf72d-groupManagement] INFO  server.RaftServerConfigKeys (ConfUtils.java:logGet(46)) - raft.server.snapshot.auto.trigger.threshold = 10000 (custom)
2024-02-10 23:48:18,776 [d68bdd40-ff61-48f9-926d-424a561bf72d-groupManagement] INFO  server.RaftServerConfigKeys (ConfUtils.java:logGet(46)) - raft.server.snapshot.retention.file.num = 5 (custom)
2024-02-10 23:48:18,776 [d68bdd40-ff61-48f9-926d-424a561bf72d-groupManagement] INFO  server.RaftServerConfigKeys (ConfUtils.java:logGet(46)) - raft.server.log.purge.upto.snapshot.index = false (default)
2024-02-10 23:48:18,776 [d68bdd40-ff61-48f9-926d-424a561bf72d-PipelineCommandHandlerThread-0] INFO  ratis.XceiverServerRatis (XceiverServerRatis.java:addGroup(864)) - Created group PipelineID=567ba971-0fa8-4757-bde9-e8eb5dd20637
2024-02-10 23:48:18,776 [d68bdd40-ff61-48f9-926d-424a561bf72d-PipelineCommandHandlerThread-0] INFO  commandhandler.CreatePipelineCommandHandler (CreatePipelineCommandHandler.java:lambda$handle$2(124)) - Created Pipeline RATIS ONE PipelineID=567ba971-0fa8-4757-bde9-e8eb5dd20637.
2024-02-10 23:48:18,776 [d68bdd40-ff61-48f9-926d-424a561bf72d-PipelineCommandHandlerThread-0] INFO  server.RaftServer (RaftServerProxy.java:addNew(100)) - d68bdd40-ff61-48f9-926d-424a561bf72d: addNew group-21E4E35BF4D7:[5d086814-e92a-437f-854d-775872ea30b8|10.1.0.12:15317, d68bdd40-ff61-48f9-926d-424a561bf72d|10.1.0.12:15308, 33d73e87-4323-4d41-88d5-bb014deecef0|10.1.0.12:15326] returns group-21E4E35BF4D7:java.util.concurrent.CompletableFuture@8e0f380[Not completed]
2024-02-10 23:48:18,777 [d68bdd40-ff61-48f9-926d-424a561bf72d-groupManagement] INFO  server.RaftServer$Division (RaftServerImpl.java:<init>(256)) - d68bdd40-ff61-48f9-926d-424a561bf72d: new RaftServerImpl for group-21E4E35BF4D7:[5d086814-e92a-437f-854d-775872ea30b8|10.1.0.12:15317, d68bdd40-ff61-48f9-926d-424a561bf72d|10.1.0.12:15308, 33d73e87-4323-4d41-88d5-bb014deecef0|10.1.0.12:15326] with ContainerStateMachine:uninitialized
2024-02-10 23:48:18,777 [d68bdd40-ff61-48f9-926d-424a561bf72d-groupManagement] INFO  server.RaftServerConfigKeys (ConfUtils.java:logGet(46)) - raft.server.rpc.timeout.min = 5s (custom)
2024-02-10 23:48:18,777 [d68bdd40-ff61-48f9-926d-424a561bf72d-groupManagement] INFO  server.RaftServerConfigKeys (ConfUtils.java:logGet(46)) - raft.server.rpc.timeout.max = 5200ms (custom)
2024-02-10 23:48:18,777 [d68bdd40-ff61-48f9-926d-424a561bf72d-groupManagement] INFO  server.RaftServerConfigKeys (ConfUtils.java:logGet(46)) - raft.server.rpc.sleep.time = 25ms (default)
2024-02-10 23:48:18,777 [d68bdd40-ff61-48f9-926d-424a561bf72d-groupManagement] INFO  server.RaftServerConfigKeys (ConfUtils.java:logGet(46)) - raft.server.rpc.slowness.timeout = 300000ms (custom)
2024-02-10 23:48:18,777 [d68bdd40-ff61-48f9-926d-424a561bf72d-groupManagement] INFO  server.RaftServerConfigKeys (ConfUtils.java:logGet(46)) - raft.server.leaderelection.leader.step-down.wait-time = 10s (default)
2024-02-10 23:48:18,778 [d68bdd40-ff61-48f9-926d-424a561bf72d-groupManagement] INFO  server.RaftServerConfigKeys (ConfUtils.java:logGet(46)) - raft.server.leaderelection.member.majority-add = false (default)
2024-02-10 23:48:18,778 [d68bdd40-ff61-48f9-926d-424a561bf72d-groupManagement] INFO  server.RaftServerConfigKeys (ConfUtils.java:logGet(46)) - raft.server.sleep.deviation.threshold = 300ms (default)
2024-02-10 23:48:18,778 [d68bdd40-ff61-48f9-926d-424a561bf72d-groupManagement] INFO  server.RaftServer$Division (ServerState.java:<init>(113)) - d68bdd40-ff61-48f9-926d-424a561bf72d@group-21E4E35BF4D7: ConfigurationManager, init=-1: peers:[5d086814-e92a-437f-854d-775872ea30b8|10.1.0.12:15317, d68bdd40-ff61-48f9-926d-424a561bf72d|10.1.0.12:15308, 33d73e87-4323-4d41-88d5-bb014deecef0|10.1.0.12:15326]|listeners:[], old=null, confs=<EMPTY_MAP>
2024-02-10 23:48:18,778 [d68bdd40-ff61-48f9-926d-424a561bf72d-groupManagement] INFO  server.RaftServerConfigKeys (ConfUtils.java:logGet(46)) - raft.server.notification.no-leader.timeout = 300000ms (custom)
2024-02-10 23:48:18,778 [d68bdd40-ff61-48f9-926d-424a561bf72d-groupManagement] INFO  server.RaftServerConfigKeys (ConfUtils.java:logGet(46)) - raft.server.read.timeout = 10s (default)
2024-02-10 23:48:18,778 [d68bdd40-ff61-48f9-926d-424a561bf72d-groupManagement] INFO  server.RaftServerConfigKeys (ConfUtils.java:logGet(46)) - raft.server.retrycache.expirytime = 600000ms (custom)
2024-02-10 23:48:18,778 [d68bdd40-ff61-48f9-926d-424a561bf72d-groupManagement] INFO  server.RaftServerConfigKeys (ConfUtils.java:logGet(46)) - raft.server.retrycache.statistics.expirytime = 100ms (default)
2024-02-10 23:48:18,778 [d68bdd40-ff61-48f9-926d-424a561bf72d-groupManagement] INFO  server.RaftServerConfigKeys (ConfUtils.java:logGet(46)) - raft.server.read.option = DEFAULT (default)
2024-02-10 23:48:18,778 [d68bdd40-ff61-48f9-926d-424a561bf72d-groupManagement] INFO  server.RaftServerConfigKeys (ConfUtils.java:logGet(46)) - raft.server.read.read-after-write-consistent.write-index-cache.expiry-time = 60s (default)
2024-02-10 23:48:18,780 [d68bdd40-ff61-48f9-926d-424a561bf72d-groupManagement] INFO  server.RaftServerConfigKeys (ConfUtils.java:logGet(46)) - raft.server.rpc.request.timeout = 3000ms (default)
2024-02-10 23:48:18,780 [d68bdd40-ff61-48f9-926d-424a561bf72d-groupManagement] INFO  server.RaftServerConfigKeys (ConfUtils.java:logGet(46)) - raft.server.log.appender.install.snapshot.enabled = false (custom)
2024-02-10 23:48:18,780 [d68bdd40-ff61-48f9-926d-424a561bf72d-groupManagement] INFO  server.RaftServerConfigKeys (ConfUtils.java:logGet(46)) - raft.server.threadpool.server.cached = true (default)
2024-02-10 23:48:18,781 [d68bdd40-ff61-48f9-926d-424a561bf72d-groupManagement] INFO  server.RaftServerConfigKeys (ConfUtils.java:logGet(46)) - raft.server.threadpool.server.size = 0 (default)
2024-02-10 23:48:18,781 [d68bdd40-ff61-48f9-926d-424a561bf72d-groupManagement] INFO  server.RaftServerConfigKeys (ConfUtils.java:logGet(46)) - raft.server.threadpool.client.cached = true (default)
2024-02-10 23:48:18,781 [d68bdd40-ff61-48f9-926d-424a561bf72d-groupManagement] INFO  server.RaftServerConfigKeys (ConfUtils.java:logGet(46)) - raft.server.threadpool.client.size = 0 (default)
2024-02-10 23:48:18,781 [d68bdd40-ff61-48f9-926d-424a561bf72d-groupManagement] INFO  server.RaftServerConfigKeys (ConfUtils.java:logGet(46)) - raft.server.storage.free-space.min = 0MB (=0) (default)
2024-02-10 23:48:18,781 [d68bdd40-ff61-48f9-926d-424a561bf72d-groupManagement] INFO  server.RaftServerConfigKeys (ConfUtils.java:logGet(46)) - raft.server.log.corruption.policy = EXCEPTION (default)
2024-02-10 23:48:18,781 [d68bdd40-ff61-48f9-926d-424a561bf72d-groupManagement] INFO  server.RaftServerConfigKeys (ConfUtils.java:logGet(46)) - raft.server.storage.dir = [/home/runner/work/ozone/ozone/hadoop-ozone/integration-test/target/test-dir/MiniOzoneClusterImpl-da04a438-6ec0-4fc9-9b2e-e93c90459920/datanode-3/data/ratis] (custom)
2024-02-10 23:48:18,781 [d68bdd40-ff61-48f9-926d-424a561bf72d-groupManagement] INFO  storage.RaftStorageDirectory (RaftStorageDirectoryImpl.java:analyzeStorage(138)) - The storage directory /home/runner/work/ozone/ozone/hadoop-ozone/integration-test/target/test-dir/MiniOzoneClusterImpl-da04a438-6ec0-4fc9-9b2e-e93c90459920/datanode-3/data/ratis/32b725d0-7e3c-45d5-a6fc-21e4e35bf4d7 does not exist. Creating ...
2024-02-10 23:48:18,782 [d68bdd40-ff61-48f9-926d-424a561bf72d-groupManagement] INFO  storage.RaftStorageDirectory (RaftStorageDirectoryImpl.java:tryLock(228)) - Lock on /home/runner/work/ozone/ozone/hadoop-ozone/integration-test/target/test-dir/MiniOzoneClusterImpl-da04a438-6ec0-4fc9-9b2e-e93c90459920/datanode-3/data/ratis/32b725d0-7e3c-45d5-a6fc-21e4e35bf4d7/in_use.lock acquired by nodename 48413@fv-az886-285
2024-02-10 23:48:18,783 [d68bdd40-ff61-48f9-926d-424a561bf72d-groupManagement] INFO  storage.RaftStorage (RaftStorageImpl.java:format(99)) - Storage directory /home/runner/work/ozone/ozone/hadoop-ozone/integration-test/target/test-dir/MiniOzoneClusterImpl-da04a438-6ec0-4fc9-9b2e-e93c90459920/datanode-3/data/ratis/32b725d0-7e3c-45d5-a6fc-21e4e35bf4d7 has been successfully formatted.
2024-02-10 23:48:18,783 [d68bdd40-ff61-48f9-926d-424a561bf72d-groupManagement] WARN  util.FileUtils (LogUtils.java:supplyAndLog(63)) - Failed to Files.newInputStream /home/runner/work/ozone/ozone/hadoop-ozone/integration-test/target/test-dir/MiniOzoneClusterImpl-da04a438-6ec0-4fc9-9b2e-e93c90459920/datanode-3/data/ratis/32b725d0-7e3c-45d5-a6fc-21e4e35bf4d7/current/raft-meta.conf with options []: java.nio.file.NoSuchFileException: /home/runner/work/ozone/ozone/hadoop-ozone/integration-test/target/test-dir/MiniOzoneClusterImpl-da04a438-6ec0-4fc9-9b2e-e93c90459920/datanode-3/data/ratis/32b725d0-7e3c-45d5-a6fc-21e4e35bf4d7/current/raft-meta.conf
2024-02-10 23:48:18,783 [d68bdd40-ff61-48f9-926d-424a561bf72d-groupManagement] INFO  ratis.ContainerStateMachine (ContainerStateMachine.java:loadSnapshot(287)) - group-21E4E35BF4D7: The snapshot info is null. Setting the last applied index to:(t:0, i:~)
2024-02-10 23:48:18,783 [d68bdd40-ff61-48f9-926d-424a561bf72d-groupManagement] INFO  server.RaftServerConfigKeys (ConfUtils.java:logGet(46)) - raft.server.log.use.memory = false (default)
2024-02-10 23:48:18,783 [d68bdd40-ff61-48f9-926d-424a561bf72d-groupManagement] INFO  server.RaftServerConfigKeys (ConfUtils.java:logGet(46)) - raft.server.log.purge.gap = 1000000 (custom)
2024-02-10 23:48:18,783 [d68bdd40-ff61-48f9-926d-424a561bf72d-groupManagement] INFO  server.RaftServerConfigKeys (ConfUtils.java:logGet(46)) - raft.server.log.appender.buffer.byte-limit = 8388608 (custom)
2024-02-10 23:48:18,784 [d68bdd40-ff61-48f9-926d-424a561bf72d-groupManagement] INFO  server.RaftServerConfigKeys (ConfUtils.java:logGet(46)) - raft.server.log.statemachine.data.read.timeout = 1000ms (default)
2024-02-10 23:48:18,784 [d68bdd40-ff61-48f9-926d-424a561bf72d-groupManagement] INFO  server.RaftServerConfigKeys (ConfUtils.java:logGet(46)) - raft.server.log.purge.preservation.log.num = 0 (default)
2024-02-10 23:48:18,785 [d68bdd40-ff61-48f9-926d-424a561bf72d-groupManagement] INFO  server.RaftServerConfigKeys (ConfUtils.java:logGet(46)) - raft.server.log.segment.size.max = 67108864 (custom)
2024-02-10 23:48:18,785 [d68bdd40-ff61-48f9-926d-424a561bf72d-groupManagement] INFO  server.RaftServerConfigKeys (ConfUtils.java:logGet(46)) - raft.server.log.segment.cache.num.max = 2 (custom)
2024-02-10 23:48:18,785 [d68bdd40-ff61-48f9-926d-424a561bf72d-groupManagement] INFO  server.RaftServerConfigKeys (ConfUtils.java:logGet(46)) - raft.server.log.segment.cache.size.max = 200MB (=209715200) (default)
2024-02-10 23:48:18,786 [d68bdd40-ff61-48f9-926d-424a561bf72d-groupManagement] INFO  server.RaftServerConfigKeys (ConfUtils.java:logGet(46)) - raft.server.log.appender.buffer.byte-limit = 8388608 (custom)
2024-02-10 23:48:18,786 [d68bdd40-ff61-48f9-926d-424a561bf72d-groupManagement] INFO  util.AwaitToRun (AwaitToRun.java:start(81)) - Thread[d68bdd40-ff61-48f9-926d-424a561bf72d@group-21E4E35BF4D7-cacheEviction-AwaitToRun,5,main] started
2024-02-10 23:48:18,786 [d68bdd40-ff61-48f9-926d-424a561bf72d-groupManagement] INFO  segmented.SegmentedRaftLogWorker (SegmentedRaftLogWorker.java:<init>(182)) - new d68bdd40-ff61-48f9-926d-424a561bf72d@group-21E4E35BF4D7-SegmentedRaftLogWorker for RaftStorageImpl:Storage Directory /home/runner/work/ozone/ozone/hadoop-ozone/integration-test/target/test-dir/MiniOzoneClusterImpl-da04a438-6ec0-4fc9-9b2e-e93c90459920/datanode-3/data/ratis/32b725d0-7e3c-45d5-a6fc-21e4e35bf4d7
2024-02-10 23:48:18,786 [d68bdd40-ff61-48f9-926d-424a561bf72d-groupManagement] INFO  server.RaftServerConfigKeys (ConfUtils.java:logGet(46)) - raft.server.log.queue.byte-limit = 4294967296 (custom)
2024-02-10 23:48:18,786 [d68bdd40-ff61-48f9-926d-424a561bf72d-groupManagement] INFO  server.RaftServerConfigKeys (ConfUtils.java:logGet(46)) - raft.server.log.queue.element-limit = 1024 (custom)
2024-02-10 23:48:18,786 [d68bdd40-ff61-48f9-926d-424a561bf72d-groupManagement] INFO  server.RaftServerConfigKeys (ConfUtils.java:logGet(46)) - raft.server.log.segment.size.max = 67108864 (custom)
2024-02-10 23:48:18,786 [d68bdd40-ff61-48f9-926d-424a561bf72d-groupManagement] INFO  server.RaftServerConfigKeys (ConfUtils.java:logGet(46)) - raft.server.log.preallocated.size = 4194304 (custom)
2024-02-10 23:48:18,786 [d68bdd40-ff61-48f9-926d-424a561bf72d-groupManagement] INFO  server.RaftServerConfigKeys (ConfUtils.java:logGet(46)) - raft.server.log.force.sync.num = 128 (default)
2024-02-10 23:48:18,786 [d68bdd40-ff61-48f9-926d-424a561bf72d-groupManagement] INFO  server.RaftServerConfigKeys (ConfUtils.java:logGet(46)) - raft.server.log.statemachine.data.sync = true (default)
2024-02-10 23:48:18,786 [d68bdd40-ff61-48f9-926d-424a561bf72d-groupManagement] INFO  server.RaftServerConfigKeys (ConfUtils.java:logGet(46)) - raft.server.log.statemachine.data.sync.timeout = 10s (default)
2024-02-10 23:48:18,786 [d68bdd40-ff61-48f9-926d-424a561bf72d-groupManagement] INFO  server.RaftServerConfigKeys (ConfUtils.java:logGet(46)) - raft.server.log.statemachine.data.sync.timeout.retry = 0 (custom)
2024-02-10 23:48:18,787 [d68bdd40-ff61-48f9-926d-424a561bf72d-groupManagement] INFO  server.RaftServerConfigKeys (ConfUtils.java:logGet(46)) - raft.server.log.write.buffer.size = 8388616 (custom)
2024-02-10 23:48:18,788 [d68bdd40-ff61-48f9-926d-424a561bf72d-groupManagement] INFO  server.RaftServerConfigKeys (ConfUtils.java:logGet(46)) - raft.server.log.appender.buffer.byte-limit = 8388608 (custom)
2024-02-10 23:48:18,788 [d68bdd40-ff61-48f9-926d-424a561bf72d-groupManagement] INFO  server.RaftServerConfigKeys (ConfUtils.java:logGet(46)) - raft.server.log.unsafe-flush.enabled = false (default)
2024-02-10 23:48:18,788 [EventQueue-OpenPipelineForHealthyPipelineSafeModeRule] INFO  safemode.SCMSafeModeManager (HealthyPipelineSafeModeRule.java:process(140)) - SCM in safe mode. Healthy pipelines reported count is 0, required healthy pipeline reported count is 1
2024-02-10 23:48:18,788 [d68bdd40-ff61-48f9-926d-424a561bf72d-groupManagement] INFO  server.RaftServerConfigKeys (ConfUtils.java:logGet(46)) - raft.server.log.async-flush.enabled = false (default)
2024-02-10 23:48:18,789 [d68bdd40-ff61-48f9-926d-424a561bf72d-groupManagement] INFO  server.RaftServerConfigKeys (ConfUtils.java:logGet(46)) - raft.server.log.statemachine.data.caching.enabled = true (custom)
2024-02-10 23:48:18,789 [d68bdd40-ff61-48f9-926d-424a561bf72d-groupManagement] INFO  segmented.SegmentedRaftLogWorker (SegmentedRaftLogWorker.java:lambda$new$0(134)) - d68bdd40-ff61-48f9-926d-424a561bf72d@group-21E4E35BF4D7-SegmentedRaftLogWorker: flushIndex: setUnconditionally 0 -> -1
2024-02-10 23:48:18,789 [d68bdd40-ff61-48f9-926d-424a561bf72d-groupManagement] INFO  segmented.SegmentedRaftLogWorker (SegmentedRaftLogWorker.java:lambda$new$0(134)) - d68bdd40-ff61-48f9-926d-424a561bf72d@group-21E4E35BF4D7-SegmentedRaftLogWorker: safeCacheEvictIndex: setUnconditionally 0 -> -1
2024-02-10 23:48:18,789 [d68bdd40-ff61-48f9-926d-424a561bf72d-groupManagement] INFO  server.RaftServer$Division (RaftServerImpl.java:start(396)) - d68bdd40-ff61-48f9-926d-424a561bf72d@group-21E4E35BF4D7: start as a follower, conf=-1: peers:[5d086814-e92a-437f-854d-775872ea30b8|10.1.0.12:15317, d68bdd40-ff61-48f9-926d-424a561bf72d|10.1.0.12:15308, 33d73e87-4323-4d41-88d5-bb014deecef0|10.1.0.12:15326]|listeners:[], old=null
2024-02-10 23:48:18,789 [d68bdd40-ff61-48f9-926d-424a561bf72d-groupManagement] INFO  server.RaftServer$Division (RaftServerImpl.java:setRole(383)) - d68bdd40-ff61-48f9-926d-424a561bf72d@group-21E4E35BF4D7: changes role from      null to FOLLOWER at term 0 for startAsFollower
2024-02-10 23:48:18,789 [d68bdd40-ff61-48f9-926d-424a561bf72d-groupManagement] INFO  impl.RoleInfo (RoleInfo.java:updateAndGet(139)) - d68bdd40-ff61-48f9-926d-424a561bf72d: start d68bdd40-ff61-48f9-926d-424a561bf72d@group-21E4E35BF4D7-FollowerState
2024-02-10 23:48:18,789 [d68bdd40-ff61-48f9-926d-424a561bf72d@group-21E4E35BF4D7-FollowerState] INFO  server.RaftServerConfigKeys (ConfUtils.java:logFallback(53)) - raft.server.rpc.first-election.timeout.min = 5s (fallback to raft.server.rpc.timeout.min)
2024-02-10 23:48:18,789 [d68bdd40-ff61-48f9-926d-424a561bf72d-groupManagement] INFO  util.JmxRegister (JmxRegister.java:tryRegister(44)) - Successfully registered JMX Bean with object name Ratis:service=RaftServer,group=group-21E4E35BF4D7,id=d68bdd40-ff61-48f9-926d-424a561bf72d
2024-02-10 23:48:18,789 [d68bdd40-ff61-48f9-926d-424a561bf72d@group-21E4E35BF4D7-FollowerState] INFO  server.RaftServerConfigKeys (ConfUtils.java:logFallback(53)) - raft.server.rpc.first-election.timeout.max = 5200ms (fallback to raft.server.rpc.timeout.max)
2024-02-10 23:48:18,789 [d68bdd40-ff61-48f9-926d-424a561bf72d-groupManagement] INFO  server.RaftServerConfigKeys (ConfUtils.java:logGet(46)) - raft.server.snapshot.trigger-when-stop.enabled = true (default)
2024-02-10 23:48:18,789 [d68bdd40-ff61-48f9-926d-424a561bf72d-groupManagement] INFO  server.RaftServerConfigKeys (ConfUtils.java:logGet(46)) - raft.server.snapshot.auto.trigger.enabled = true (custom)
2024-02-10 23:48:18,790 [d68bdd40-ff61-48f9-926d-424a561bf72d-groupManagement] INFO  server.RaftServerConfigKeys (ConfUtils.java:logGet(46)) - raft.server.snapshot.auto.trigger.threshold = 10000 (custom)
2024-02-10 23:48:18,790 [d68bdd40-ff61-48f9-926d-424a561bf72d-groupManagement] INFO  server.RaftServerConfigKeys (ConfUtils.java:logGet(46)) - raft.server.snapshot.retention.file.num = 5 (custom)
2024-02-10 23:48:18,790 [d68bdd40-ff61-48f9-926d-424a561bf72d-groupManagement] INFO  server.RaftServerConfigKeys (ConfUtils.java:logGet(46)) - raft.server.log.purge.upto.snapshot.index = false (default)
2024-02-10 23:48:18,790 [d68bdd40-ff61-48f9-926d-424a561bf72d-PipelineCommandHandlerThread-0] INFO  ratis.XceiverServerRatis (XceiverServerRatis.java:addGroup(864)) - Created group PipelineID=32b725d0-7e3c-45d5-a6fc-21e4e35bf4d7
2024-02-10 23:48:18,797 [grpc-default-executor-0] INFO  server.RaftServer (RaftServerProxy.java:addNew(100)) - 33d73e87-4323-4d41-88d5-bb014deecef0: addNew group-21E4E35BF4D7:[5d086814-e92a-437f-854d-775872ea30b8|10.1.0.12:15317, d68bdd40-ff61-48f9-926d-424a561bf72d|10.1.0.12:15308, 33d73e87-4323-4d41-88d5-bb014deecef0|10.1.0.12:15326] returns group-21E4E35BF4D7:java.util.concurrent.CompletableFuture@191975a4[Not completed]
2024-02-10 23:48:18,797 [33d73e87-4323-4d41-88d5-bb014deecef0-groupManagement] INFO  server.RaftServer$Division (RaftServerImpl.java:<init>(256)) - 33d73e87-4323-4d41-88d5-bb014deecef0: new RaftServerImpl for group-21E4E35BF4D7:[5d086814-e92a-437f-854d-775872ea30b8|10.1.0.12:15317, d68bdd40-ff61-48f9-926d-424a561bf72d|10.1.0.12:15308, 33d73e87-4323-4d41-88d5-bb014deecef0|10.1.0.12:15326] with ContainerStateMachine:uninitialized
2024-02-10 23:48:18,798 [33d73e87-4323-4d41-88d5-bb014deecef0-groupManagement] INFO  server.RaftServerConfigKeys (ConfUtils.java:logGet(46)) - raft.server.rpc.timeout.min = 5s (custom)
2024-02-10 23:48:18,798 [33d73e87-4323-4d41-88d5-bb014deecef0-groupManagement] INFO  server.RaftServerConfigKeys (ConfUtils.java:logGet(46)) - raft.server.rpc.timeout.max = 5200ms (custom)
2024-02-10 23:48:18,798 [33d73e87-4323-4d41-88d5-bb014deecef0-groupManagement] INFO  server.RaftServerConfigKeys (ConfUtils.java:logGet(46)) - raft.server.rpc.sleep.time = 25ms (default)
2024-02-10 23:48:18,798 [33d73e87-4323-4d41-88d5-bb014deecef0-groupManagement] INFO  server.RaftServerConfigKeys (ConfUtils.java:logGet(46)) - raft.server.rpc.slowness.timeout = 300000ms (custom)
2024-02-10 23:48:18,798 [33d73e87-4323-4d41-88d5-bb014deecef0-groupManagement] INFO  server.RaftServerConfigKeys (ConfUtils.java:logGet(46)) - raft.server.leaderelection.leader.step-down.wait-time = 10s (default)
2024-02-10 23:48:18,798 [33d73e87-4323-4d41-88d5-bb014deecef0-groupManagement] INFO  server.RaftServerConfigKeys (ConfUtils.java:logGet(46)) - raft.server.leaderelection.member.majority-add = false (default)
2024-02-10 23:48:18,798 [33d73e87-4323-4d41-88d5-bb014deecef0-groupManagement] INFO  server.RaftServerConfigKeys (ConfUtils.java:logGet(46)) - raft.server.sleep.deviation.threshold = 300ms (default)
2024-02-10 23:48:18,798 [33d73e87-4323-4d41-88d5-bb014deecef0-groupManagement] INFO  server.RaftServer$Division (ServerState.java:<init>(113)) - 33d73e87-4323-4d41-88d5-bb014deecef0@group-21E4E35BF4D7: ConfigurationManager, init=-1: peers:[5d086814-e92a-437f-854d-775872ea30b8|10.1.0.12:15317, d68bdd40-ff61-48f9-926d-424a561bf72d|10.1.0.12:15308, 33d73e87-4323-4d41-88d5-bb014deecef0|10.1.0.12:15326]|listeners:[], old=null, confs=<EMPTY_MAP>
2024-02-10 23:48:18,798 [33d73e87-4323-4d41-88d5-bb014deecef0-groupManagement] INFO  server.RaftServerConfigKeys (ConfUtils.java:logGet(46)) - raft.server.notification.no-leader.timeout = 300000ms (custom)
2024-02-10 23:48:18,798 [33d73e87-4323-4d41-88d5-bb014deecef0-groupManagement] INFO  server.RaftServerConfigKeys (ConfUtils.java:logGet(46)) - raft.server.read.timeout = 10s (default)
2024-02-10 23:48:18,798 [33d73e87-4323-4d41-88d5-bb014deecef0-groupManagement] INFO  server.RaftServerConfigKeys (ConfUtils.java:logGet(46)) - raft.server.retrycache.expirytime = 600000ms (custom)
2024-02-10 23:48:18,798 [33d73e87-4323-4d41-88d5-bb014deecef0-groupManagement] INFO  server.RaftServerConfigKeys (ConfUtils.java:logGet(46)) - raft.server.retrycache.statistics.expirytime = 100ms (default)
2024-02-10 23:48:18,799 [33d73e87-4323-4d41-88d5-bb014deecef0-groupManagement] INFO  server.RaftServerConfigKeys (ConfUtils.java:logGet(46)) - raft.server.read.option = DEFAULT (default)
2024-02-10 23:48:18,799 [33d73e87-4323-4d41-88d5-bb014deecef0-groupManagement] INFO  server.RaftServerConfigKeys (ConfUtils.java:logGet(46)) - raft.server.read.read-after-write-consistent.write-index-cache.expiry-time = 60s (default)
2024-02-10 23:48:18,801 [33d73e87-4323-4d41-88d5-bb014deecef0-groupManagement] INFO  server.RaftServerConfigKeys (ConfUtils.java:logGet(46)) - raft.server.rpc.request.timeout = 3000ms (default)
2024-02-10 23:48:18,801 [33d73e87-4323-4d41-88d5-bb014deecef0-groupManagement] INFO  server.RaftServerConfigKeys (ConfUtils.java:logGet(46)) - raft.server.log.appender.install.snapshot.enabled = false (custom)
2024-02-10 23:48:18,801 [33d73e87-4323-4d41-88d5-bb014deecef0-groupManagement] INFO  server.RaftServerConfigKeys (ConfUtils.java:logGet(46)) - raft.server.threadpool.server.cached = true (default)
2024-02-10 23:48:18,801 [33d73e87-4323-4d41-88d5-bb014deecef0-groupManagement] INFO  server.RaftServerConfigKeys (ConfUtils.java:logGet(46)) - raft.server.threadpool.server.size = 0 (default)
2024-02-10 23:48:18,801 [33d73e87-4323-4d41-88d5-bb014deecef0-groupManagement] INFO  server.RaftServerConfigKeys (ConfUtils.java:logGet(46)) - raft.server.threadpool.client.cached = true (default)
2024-02-10 23:48:18,801 [33d73e87-4323-4d41-88d5-bb014deecef0-groupManagement] INFO  server.RaftServerConfigKeys (ConfUtils.java:logGet(46)) - raft.server.threadpool.client.size = 0 (default)
2024-02-10 23:48:18,801 [33d73e87-4323-4d41-88d5-bb014deecef0-groupManagement] INFO  server.RaftServerConfigKeys (ConfUtils.java:logGet(46)) - raft.server.storage.free-space.min = 0MB (=0) (default)
2024-02-10 23:48:18,801 [33d73e87-4323-4d41-88d5-bb014deecef0-groupManagement] INFO  server.RaftServerConfigKeys (ConfUtils.java:logGet(46)) - raft.server.log.corruption.policy = EXCEPTION (default)
2024-02-10 23:48:18,801 [33d73e87-4323-4d41-88d5-bb014deecef0-groupManagement] INFO  server.RaftServerConfigKeys (ConfUtils.java:logGet(46)) - raft.server.storage.dir = [/home/runner/work/ozone/ozone/hadoop-ozone/integration-test/target/test-dir/MiniOzoneClusterImpl-da04a438-6ec0-4fc9-9b2e-e93c90459920/datanode-5/data/ratis] (custom)
2024-02-10 23:48:18,802 [33d73e87-4323-4d41-88d5-bb014deecef0-groupManagement] INFO  storage.RaftStorageDirectory (RaftStorageDirectoryImpl.java:analyzeStorage(138)) - The storage directory /home/runner/work/ozone/ozone/hadoop-ozone/integration-test/target/test-dir/MiniOzoneClusterImpl-da04a438-6ec0-4fc9-9b2e-e93c90459920/datanode-5/data/ratis/32b725d0-7e3c-45d5-a6fc-21e4e35bf4d7 does not exist. Creating ...
2024-02-10 23:48:18,803 [33d73e87-4323-4d41-88d5-bb014deecef0-groupManagement] INFO  storage.RaftStorageDirectory (RaftStorageDirectoryImpl.java:tryLock(228)) - Lock on /home/runner/work/ozone/ozone/hadoop-ozone/integration-test/target/test-dir/MiniOzoneClusterImpl-da04a438-6ec0-4fc9-9b2e-e93c90459920/datanode-5/data/ratis/32b725d0-7e3c-45d5-a6fc-21e4e35bf4d7/in_use.lock acquired by nodename 48413@fv-az886-285
2024-02-10 23:48:18,804 [33d73e87-4323-4d41-88d5-bb014deecef0-groupManagement] INFO  storage.RaftStorage (RaftStorageImpl.java:format(99)) - Storage directory /home/runner/work/ozone/ozone/hadoop-ozone/integration-test/target/test-dir/MiniOzoneClusterImpl-da04a438-6ec0-4fc9-9b2e-e93c90459920/datanode-5/data/ratis/32b725d0-7e3c-45d5-a6fc-21e4e35bf4d7 has been successfully formatted.
2024-02-10 23:48:18,804 [33d73e87-4323-4d41-88d5-bb014deecef0-groupManagement] WARN  util.FileUtils (LogUtils.java:supplyAndLog(63)) - Failed to Files.newInputStream /home/runner/work/ozone/ozone/hadoop-ozone/integration-test/target/test-dir/MiniOzoneClusterImpl-da04a438-6ec0-4fc9-9b2e-e93c90459920/datanode-5/data/ratis/32b725d0-7e3c-45d5-a6fc-21e4e35bf4d7/current/raft-meta.conf with options []: java.nio.file.NoSuchFileException: /home/runner/work/ozone/ozone/hadoop-ozone/integration-test/target/test-dir/MiniOzoneClusterImpl-da04a438-6ec0-4fc9-9b2e-e93c90459920/datanode-5/data/ratis/32b725d0-7e3c-45d5-a6fc-21e4e35bf4d7/current/raft-meta.conf
2024-02-10 23:48:18,805 [33d73e87-4323-4d41-88d5-bb014deecef0-groupManagement] INFO  ratis.ContainerStateMachine (ContainerStateMachine.java:loadSnapshot(287)) - group-21E4E35BF4D7: The snapshot info is null. Setting the last applied index to:(t:0, i:~)
2024-02-10 23:48:18,805 [33d73e87-4323-4d41-88d5-bb014deecef0-groupManagement] INFO  server.RaftServerConfigKeys (ConfUtils.java:logGet(46)) - raft.server.log.use.memory = false (default)
2024-02-10 23:48:18,805 [33d73e87-4323-4d41-88d5-bb014deecef0-groupManagement] INFO  server.RaftServerConfigKeys (ConfUtils.java:logGet(46)) - raft.server.log.purge.gap = 1000000 (custom)
2024-02-10 23:48:18,805 [33d73e87-4323-4d41-88d5-bb014deecef0-groupManagement] INFO  server.RaftServerConfigKeys (ConfUtils.java:logGet(46)) - raft.server.log.appender.buffer.byte-limit = 8388608 (custom)
2024-02-10 23:48:18,805 [33d73e87-4323-4d41-88d5-bb014deecef0-groupManagement] INFO  server.RaftServerConfigKeys (ConfUtils.java:logGet(46)) - raft.server.log.statemachine.data.read.timeout = 1000ms (default)
2024-02-10 23:48:18,806 [33d73e87-4323-4d41-88d5-bb014deecef0-groupManagement] INFO  server.RaftServerConfigKeys (ConfUtils.java:logGet(46)) - raft.server.log.purge.preservation.log.num = 0 (default)
2024-02-10 23:48:18,807 [33d73e87-4323-4d41-88d5-bb014deecef0-groupManagement] INFO  server.RaftServerConfigKeys (ConfUtils.java:logGet(46)) - raft.server.log.segment.size.max = 67108864 (custom)
2024-02-10 23:48:18,807 [33d73e87-4323-4d41-88d5-bb014deecef0-groupManagement] INFO  server.RaftServerConfigKeys (ConfUtils.java:logGet(46)) - raft.server.log.segment.cache.num.max = 2 (custom)
2024-02-10 23:48:18,807 [33d73e87-4323-4d41-88d5-bb014deecef0-groupManagement] INFO  server.RaftServerConfigKeys (ConfUtils.java:logGet(46)) - raft.server.log.segment.cache.size.max = 200MB (=209715200) (default)
2024-02-10 23:48:18,807 [33d73e87-4323-4d41-88d5-bb014deecef0-groupManagement] INFO  server.RaftServerConfigKeys (ConfUtils.java:logGet(46)) - raft.server.log.appender.buffer.byte-limit = 8388608 (custom)
2024-02-10 23:48:18,807 [33d73e87-4323-4d41-88d5-bb014deecef0-groupManagement] INFO  util.AwaitToRun (AwaitToRun.java:start(81)) - Thread[33d73e87-4323-4d41-88d5-bb014deecef0@group-21E4E35BF4D7-cacheEviction-AwaitToRun,5,main] started
2024-02-10 23:48:18,807 [33d73e87-4323-4d41-88d5-bb014deecef0-groupManagement] INFO  segmented.SegmentedRaftLogWorker (SegmentedRaftLogWorker.java:<init>(182)) - new 33d73e87-4323-4d41-88d5-bb014deecef0@group-21E4E35BF4D7-SegmentedRaftLogWorker for RaftStorageImpl:Storage Directory /home/runner/work/ozone/ozone/hadoop-ozone/integration-test/target/test-dir/MiniOzoneClusterImpl-da04a438-6ec0-4fc9-9b2e-e93c90459920/datanode-5/data/ratis/32b725d0-7e3c-45d5-a6fc-21e4e35bf4d7
2024-02-10 23:48:18,807 [33d73e87-4323-4d41-88d5-bb014deecef0-groupManagement] INFO  server.RaftServerConfigKeys (ConfUtils.java:logGet(46)) - raft.server.log.queue.byte-limit = 4294967296 (custom)
2024-02-10 23:48:18,807 [33d73e87-4323-4d41-88d5-bb014deecef0-groupManagement] INFO  server.RaftServerConfigKeys (ConfUtils.java:logGet(46)) - raft.server.log.queue.element-limit = 1024 (custom)
2024-02-10 23:48:18,807 [33d73e87-4323-4d41-88d5-bb014deecef0-groupManagement] INFO  server.RaftServerConfigKeys (ConfUtils.java:logGet(46)) - raft.server.log.segment.size.max = 67108864 (custom)
2024-02-10 23:48:18,807 [33d73e87-4323-4d41-88d5-bb014deecef0-groupManagement] INFO  server.RaftServerConfigKeys (ConfUtils.java:logGet(46)) - raft.server.log.preallocated.size = 4194304 (custom)
2024-02-10 23:48:18,807 [33d73e87-4323-4d41-88d5-bb014deecef0-groupManagement] INFO  server.RaftServerConfigKeys (ConfUtils.java:logGet(46)) - raft.server.log.force.sync.num = 128 (default)
2024-02-10 23:48:18,807 [33d73e87-4323-4d41-88d5-bb014deecef0-groupManagement] INFO  server.RaftServerConfigKeys (ConfUtils.java:logGet(46)) - raft.server.log.statemachine.data.sync = true (default)
2024-02-10 23:48:18,808 [33d73e87-4323-4d41-88d5-bb014deecef0-groupManagement] INFO  server.RaftServerConfigKeys (ConfUtils.java:logGet(46)) - raft.server.log.statemachine.data.sync.timeout = 10s (default)
2024-02-10 23:48:18,808 [33d73e87-4323-4d41-88d5-bb014deecef0-groupManagement] INFO  server.RaftServerConfigKeys (ConfUtils.java:logGet(46)) - raft.server.log.statemachine.data.sync.timeout.retry = 0 (custom)
2024-02-10 23:48:18,808 [33d73e87-4323-4d41-88d5-bb014deecef0-groupManagement] INFO  server.RaftServerConfigKeys (ConfUtils.java:logGet(46)) - raft.server.log.write.buffer.size = 8388616 (custom)
2024-02-10 23:48:18,809 [33d73e87-4323-4d41-88d5-bb014deecef0-groupManagement] INFO  server.RaftServerConfigKeys (ConfUtils.java:logGet(46)) - raft.server.log.appender.buffer.byte-limit = 8388608 (custom)
2024-02-10 23:48:18,809 [33d73e87-4323-4d41-88d5-bb014deecef0-groupManagement] INFO  server.RaftServerConfigKeys (ConfUtils.java:logGet(46)) - raft.server.log.unsafe-flush.enabled = false (default)
2024-02-10 23:48:18,809 [33d73e87-4323-4d41-88d5-bb014deecef0-groupManagement] INFO  server.RaftServerConfigKeys (ConfUtils.java:logGet(46)) - raft.server.log.async-flush.enabled = false (default)
2024-02-10 23:48:18,809 [33d73e87-4323-4d41-88d5-bb014deecef0-groupManagement] INFO  server.RaftServerConfigKeys (ConfUtils.java:logGet(46)) - raft.server.log.statemachine.data.caching.enabled = true (custom)
2024-02-10 23:48:18,809 [33d73e87-4323-4d41-88d5-bb014deecef0-groupManagement] INFO  segmented.SegmentedRaftLogWorker (SegmentedRaftLogWorker.java:lambda$new$0(134)) - 33d73e87-4323-4d41-88d5-bb014deecef0@group-21E4E35BF4D7-SegmentedRaftLogWorker: flushIndex: setUnconditionally 0 -> -1
2024-02-10 23:48:18,810 [33d73e87-4323-4d41-88d5-bb014deecef0-groupManagement] INFO  segmented.SegmentedRaftLogWorker (SegmentedRaftLogWorker.java:lambda$new$0(134)) - 33d73e87-4323-4d41-88d5-bb014deecef0@group-21E4E35BF4D7-SegmentedRaftLogWorker: safeCacheEvictIndex: setUnconditionally 0 -> -1
2024-02-10 23:48:18,810 [33d73e87-4323-4d41-88d5-bb014deecef0-groupManagement] INFO  server.RaftServer$Division (RaftServerImpl.java:start(396)) - 33d73e87-4323-4d41-88d5-bb014deecef0@group-21E4E35BF4D7: start as a follower, conf=-1: peers:[5d086814-e92a-437f-854d-775872ea30b8|10.1.0.12:15317, d68bdd40-ff61-48f9-926d-424a561bf72d|10.1.0.12:15308, 33d73e87-4323-4d41-88d5-bb014deecef0|10.1.0.12:15326]|listeners:[], old=null
2024-02-10 23:48:18,810 [33d73e87-4323-4d41-88d5-bb014deecef0-groupManagement] INFO  server.RaftServer$Division (RaftServerImpl.java:setRole(383)) - 33d73e87-4323-4d41-88d5-bb014deecef0@group-21E4E35BF4D7: changes role from      null to FOLLOWER at term 0 for startAsFollower
2024-02-10 23:48:18,810 [33d73e87-4323-4d41-88d5-bb014deecef0-groupManagement] INFO  impl.RoleInfo (RoleInfo.java:updateAndGet(139)) - 33d73e87-4323-4d41-88d5-bb014deecef0: start 33d73e87-4323-4d41-88d5-bb014deecef0@group-21E4E35BF4D7-FollowerState
2024-02-10 23:48:18,810 [33d73e87-4323-4d41-88d5-bb014deecef0@group-21E4E35BF4D7-FollowerState] INFO  server.RaftServerConfigKeys (ConfUtils.java:logFallback(53)) - raft.server.rpc.first-election.timeout.min = 5s (fallback to raft.server.rpc.timeout.min)
2024-02-10 23:48:18,810 [33d73e87-4323-4d41-88d5-bb014deecef0-groupManagement] INFO  util.JmxRegister (JmxRegister.java:tryRegister(44)) - Successfully registered JMX Bean with object name Ratis:service=RaftServer,group=group-21E4E35BF4D7,id=33d73e87-4323-4d41-88d5-bb014deecef0
2024-02-10 23:48:18,810 [33d73e87-4323-4d41-88d5-bb014deecef0-groupManagement] INFO  server.RaftServerConfigKeys (ConfUtils.java:logGet(46)) - raft.server.snapshot.trigger-when-stop.enabled = true (default)
2024-02-10 23:48:18,810 [33d73e87-4323-4d41-88d5-bb014deecef0-groupManagement] INFO  server.RaftServerConfigKeys (ConfUtils.java:logGet(46)) - raft.server.snapshot.auto.trigger.enabled = true (custom)
2024-02-10 23:48:18,811 [33d73e87-4323-4d41-88d5-bb014deecef0-groupManagement] INFO  server.RaftServerConfigKeys (ConfUtils.java:logGet(46)) - raft.server.snapshot.auto.trigger.threshold = 10000 (custom)
2024-02-10 23:48:18,811 [33d73e87-4323-4d41-88d5-bb014deecef0-groupManagement] INFO  server.RaftServerConfigKeys (ConfUtils.java:logGet(46)) - raft.server.snapshot.retention.file.num = 5 (custom)
2024-02-10 23:48:18,811 [33d73e87-4323-4d41-88d5-bb014deecef0-groupManagement] INFO  server.RaftServerConfigKeys (ConfUtils.java:logGet(46)) - raft.server.log.purge.upto.snapshot.index = false (default)
2024-02-10 23:48:18,810 [33d73e87-4323-4d41-88d5-bb014deecef0@group-21E4E35BF4D7-FollowerState] INFO  server.RaftServerConfigKeys (ConfUtils.java:logFallback(53)) - raft.server.rpc.first-election.timeout.max = 5200ms (fallback to raft.server.rpc.timeout.max)
2024-02-10 23:48:18,820 [grpc-default-executor-0] INFO  server.RaftServer (RaftServerProxy.java:addNew(100)) - 5d086814-e92a-437f-854d-775872ea30b8: addNew group-21E4E35BF4D7:[5d086814-e92a-437f-854d-775872ea30b8|10.1.0.12:15317, d68bdd40-ff61-48f9-926d-424a561bf72d|10.1.0.12:15308, 33d73e87-4323-4d41-88d5-bb014deecef0|10.1.0.12:15326] returns group-21E4E35BF4D7:java.util.concurrent.CompletableFuture@253cb0ed[Not completed]
2024-02-10 23:48:18,823 [5d086814-e92a-437f-854d-775872ea30b8-groupManagement] INFO  server.RaftServer$Division (RaftServerImpl.java:<init>(256)) - 5d086814-e92a-437f-854d-775872ea30b8: new RaftServerImpl for group-21E4E35BF4D7:[5d086814-e92a-437f-854d-775872ea30b8|10.1.0.12:15317, d68bdd40-ff61-48f9-926d-424a561bf72d|10.1.0.12:15308, 33d73e87-4323-4d41-88d5-bb014deecef0|10.1.0.12:15326] with ContainerStateMachine:uninitialized
2024-02-10 23:48:18,823 [5d086814-e92a-437f-854d-775872ea30b8-groupManagement] INFO  server.RaftServerConfigKeys (ConfUtils.java:logGet(46)) - raft.server.rpc.timeout.min = 5s (custom)
2024-02-10 23:48:18,823 [5d086814-e92a-437f-854d-775872ea30b8-groupManagement] INFO  server.RaftServerConfigKeys (ConfUtils.java:logGet(46)) - raft.server.rpc.timeout.max = 5200ms (custom)
2024-02-10 23:48:18,823 [5d086814-e92a-437f-854d-775872ea30b8-groupManagement] INFO  server.RaftServerConfigKeys (ConfUtils.java:logGet(46)) - raft.server.rpc.sleep.time = 25ms (default)
2024-02-10 23:48:18,823 [5d086814-e92a-437f-854d-775872ea30b8-groupManagement] INFO  server.RaftServerConfigKeys (ConfUtils.java:logGet(46)) - raft.server.rpc.slowness.timeout = 300000ms (custom)
2024-02-10 23:48:18,823 [5d086814-e92a-437f-854d-775872ea30b8-groupManagement] INFO  server.RaftServerConfigKeys (ConfUtils.java:logGet(46)) - raft.server.leaderelection.leader.step-down.wait-time = 10s (default)
2024-02-10 23:48:18,823 [5d086814-e92a-437f-854d-775872ea30b8-groupManagement] INFO  server.RaftServerConfigKeys (ConfUtils.java:logGet(46)) - raft.server.leaderelection.member.majority-add = false (default)
2024-02-10 23:48:18,823 [5d086814-e92a-437f-854d-775872ea30b8-groupManagement] INFO  server.RaftServerConfigKeys (ConfUtils.java:logGet(46)) - raft.server.sleep.deviation.threshold = 300ms (default)
2024-02-10 23:48:18,823 [5d086814-e92a-437f-854d-775872ea30b8-groupManagement] INFO  server.RaftServer$Division (ServerState.java:<init>(113)) - 5d086814-e92a-437f-854d-775872ea30b8@group-21E4E35BF4D7: ConfigurationManager, init=-1: peers:[5d086814-e92a-437f-854d-775872ea30b8|10.1.0.12:15317, d68bdd40-ff61-48f9-926d-424a561bf72d|10.1.0.12:15308, 33d73e87-4323-4d41-88d5-bb014deecef0|10.1.0.12:15326]|listeners:[], old=null, confs=<EMPTY_MAP>
2024-02-10 23:48:18,823 [5d086814-e92a-437f-854d-775872ea30b8-groupManagement] INFO  server.RaftServerConfigKeys (ConfUtils.java:logGet(46)) - raft.server.notification.no-leader.timeout = 300000ms (custom)
2024-02-10 23:48:18,823 [5d086814-e92a-437f-854d-775872ea30b8-groupManagement] INFO  server.RaftServerConfigKeys (ConfUtils.java:logGet(46)) - raft.server.read.timeout = 10s (default)
2024-02-10 23:48:18,823 [5d086814-e92a-437f-854d-775872ea30b8-groupManagement] INFO  server.RaftServerConfigKeys (ConfUtils.java:logGet(46)) - raft.server.retrycache.expirytime = 600000ms (custom)
2024-02-10 23:48:18,823 [5d086814-e92a-437f-854d-775872ea30b8-groupManagement] INFO  server.RaftServerConfigKeys (ConfUtils.java:logGet(46)) - raft.server.retrycache.statistics.expirytime = 100ms (default)
2024-02-10 23:48:18,824 [5d086814-e92a-437f-854d-775872ea30b8-groupManagement] INFO  server.RaftServerConfigKeys (ConfUtils.java:logGet(46)) - raft.server.read.option = DEFAULT (default)
2024-02-10 23:48:18,824 [5d086814-e92a-437f-854d-775872ea30b8-groupManagement] INFO  server.RaftServerConfigKeys (ConfUtils.java:logGet(46)) - raft.server.read.read-after-write-consistent.write-index-cache.expiry-time = 60s (default)
2024-02-10 23:48:18,825 [5d086814-e92a-437f-854d-775872ea30b8-groupManagement] INFO  server.RaftServerConfigKeys (ConfUtils.java:logGet(46)) - raft.server.rpc.request.timeout = 3000ms (default)
2024-02-10 23:48:18,825 [5d086814-e92a-437f-854d-775872ea30b8-groupManagement] INFO  server.RaftServerConfigKeys (ConfUtils.java:logGet(46)) - raft.server.log.appender.install.snapshot.enabled = false (custom)
2024-02-10 23:48:18,825 [5d086814-e92a-437f-854d-775872ea30b8-groupManagement] INFO  server.RaftServerConfigKeys (ConfUtils.java:logGet(46)) - raft.server.threadpool.server.cached = true (default)
2024-02-10 23:48:18,825 [5d086814-e92a-437f-854d-775872ea30b8-groupManagement] INFO  server.RaftServerConfigKeys (ConfUtils.java:logGet(46)) - raft.server.threadpool.server.size = 0 (default)
2024-02-10 23:48:18,825 [5d086814-e92a-437f-854d-775872ea30b8-groupManagement] INFO  server.RaftServerConfigKeys (ConfUtils.java:logGet(46)) - raft.server.threadpool.client.cached = true (default)
2024-02-10 23:48:18,825 [5d086814-e92a-437f-854d-775872ea30b8-groupManagement] INFO  server.RaftServerConfigKeys (ConfUtils.java:logGet(46)) - raft.server.threadpool.client.size = 0 (default)
2024-02-10 23:48:18,825 [5d086814-e92a-437f-854d-775872ea30b8-groupManagement] INFO  server.RaftServerConfigKeys (ConfUtils.java:logGet(46)) - raft.server.storage.free-space.min = 0MB (=0) (default)
2024-02-10 23:48:18,826 [5d086814-e92a-437f-854d-775872ea30b8-groupManagement] INFO  server.RaftServerConfigKeys (ConfUtils.java:logGet(46)) - raft.server.log.corruption.policy = EXCEPTION (default)
2024-02-10 23:48:18,826 [5d086814-e92a-437f-854d-775872ea30b8-groupManagement] INFO  server.RaftServerConfigKeys (ConfUtils.java:logGet(46)) - raft.server.storage.dir = [/home/runner/work/ozone/ozone/hadoop-ozone/integration-test/target/test-dir/MiniOzoneClusterImpl-da04a438-6ec0-4fc9-9b2e-e93c90459920/datanode-4/data/ratis] (custom)
2024-02-10 23:48:18,826 [5d086814-e92a-437f-854d-775872ea30b8-groupManagement] INFO  storage.RaftStorageDirectory (RaftStorageDirectoryImpl.java:analyzeStorage(138)) - The storage directory /home/runner/work/ozone/ozone/hadoop-ozone/integration-test/target/test-dir/MiniOzoneClusterImpl-da04a438-6ec0-4fc9-9b2e-e93c90459920/datanode-4/data/ratis/32b725d0-7e3c-45d5-a6fc-21e4e35bf4d7 does not exist. Creating ...
2024-02-10 23:48:18,826 [5d086814-e92a-437f-854d-775872ea30b8-groupManagement] INFO  storage.RaftStorageDirectory (RaftStorageDirectoryImpl.java:tryLock(228)) - Lock on /home/runner/work/ozone/ozone/hadoop-ozone/integration-test/target/test-dir/MiniOzoneClusterImpl-da04a438-6ec0-4fc9-9b2e-e93c90459920/datanode-4/data/ratis/32b725d0-7e3c-45d5-a6fc-21e4e35bf4d7/in_use.lock acquired by nodename 48413@fv-az886-285
2024-02-10 23:48:18,827 [5d086814-e92a-437f-854d-775872ea30b8-groupManagement] INFO  storage.RaftStorage (RaftStorageImpl.java:format(99)) - Storage directory /home/runner/work/ozone/ozone/hadoop-ozone/integration-test/target/test-dir/MiniOzoneClusterImpl-da04a438-6ec0-4fc9-9b2e-e93c90459920/datanode-4/data/ratis/32b725d0-7e3c-45d5-a6fc-21e4e35bf4d7 has been successfully formatted.
2024-02-10 23:48:18,827 [5d086814-e92a-437f-854d-775872ea30b8-groupManagement] WARN  util.FileUtils (LogUtils.java:supplyAndLog(63)) - Failed to Files.newInputStream /home/runner/work/ozone/ozone/hadoop-ozone/integration-test/target/test-dir/MiniOzoneClusterImpl-da04a438-6ec0-4fc9-9b2e-e93c90459920/datanode-4/data/ratis/32b725d0-7e3c-45d5-a6fc-21e4e35bf4d7/current/raft-meta.conf with options []: java.nio.file.NoSuchFileException: /home/runner/work/ozone/ozone/hadoop-ozone/integration-test/target/test-dir/MiniOzoneClusterImpl-da04a438-6ec0-4fc9-9b2e-e93c90459920/datanode-4/data/ratis/32b725d0-7e3c-45d5-a6fc-21e4e35bf4d7/current/raft-meta.conf
2024-02-10 23:48:18,828 [5d086814-e92a-437f-854d-775872ea30b8-groupManagement] INFO  ratis.ContainerStateMachine (ContainerStateMachine.java:loadSnapshot(287)) - group-21E4E35BF4D7: The snapshot info is null. Setting the last applied index to:(t:0, i:~)
2024-02-10 23:48:18,828 [5d086814-e92a-437f-854d-775872ea30b8-groupManagement] INFO  server.RaftServerConfigKeys (ConfUtils.java:logGet(46)) - raft.server.log.use.memory = false (default)
2024-02-10 23:48:18,828 [5d086814-e92a-437f-854d-775872ea30b8-groupManagement] INFO  server.RaftServerConfigKeys (ConfUtils.java:logGet(46)) - raft.server.log.purge.gap = 1000000 (custom)
2024-02-10 23:48:18,828 [5d086814-e92a-437f-854d-775872ea30b8-groupManagement] INFO  server.RaftServerConfigKeys (ConfUtils.java:logGet(46)) - raft.server.log.appender.buffer.byte-limit = 8388608 (custom)
2024-02-10 23:48:18,829 [5d086814-e92a-437f-854d-775872ea30b8-groupManagement] INFO  server.RaftServerConfigKeys (ConfUtils.java:logGet(46)) - raft.server.log.statemachine.data.read.timeout = 1000ms (default)
2024-02-10 23:48:18,829 [5d086814-e92a-437f-854d-775872ea30b8-groupManagement] INFO  server.RaftServerConfigKeys (ConfUtils.java:logGet(46)) - raft.server.log.purge.preservation.log.num = 0 (default)
2024-02-10 23:48:18,830 [5d086814-e92a-437f-854d-775872ea30b8-groupManagement] INFO  server.RaftServerConfigKeys (ConfUtils.java:logGet(46)) - raft.server.log.segment.size.max = 67108864 (custom)
2024-02-10 23:48:18,830 [5d086814-e92a-437f-854d-775872ea30b8-groupManagement] INFO  server.RaftServerConfigKeys (ConfUtils.java:logGet(46)) - raft.server.log.segment.cache.num.max = 2 (custom)
2024-02-10 23:48:18,830 [5d086814-e92a-437f-854d-775872ea30b8-groupManagement] INFO  server.RaftServerConfigKeys (ConfUtils.java:logGet(46)) - raft.server.log.segment.cache.size.max = 200MB (=209715200) (default)
2024-02-10 23:48:18,830 [5d086814-e92a-437f-854d-775872ea30b8-groupManagement] INFO  server.RaftServerConfigKeys (ConfUtils.java:logGet(46)) - raft.server.log.appender.buffer.byte-limit = 8388608 (custom)
2024-02-10 23:48:18,830 [5d086814-e92a-437f-854d-775872ea30b8-groupManagement] INFO  util.AwaitToRun (AwaitToRun.java:start(81)) - Thread[5d086814-e92a-437f-854d-775872ea30b8@group-21E4E35BF4D7-cacheEviction-AwaitToRun,5,main] started
2024-02-10 23:48:18,830 [5d086814-e92a-437f-854d-775872ea30b8-groupManagement] INFO  segmented.SegmentedRaftLogWorker (SegmentedRaftLogWorker.java:<init>(182)) - new 5d086814-e92a-437f-854d-775872ea30b8@group-21E4E35BF4D7-SegmentedRaftLogWorker for RaftStorageImpl:Storage Directory /home/runner/work/ozone/ozone/hadoop-ozone/integration-test/target/test-dir/MiniOzoneClusterImpl-da04a438-6ec0-4fc9-9b2e-e93c90459920/datanode-4/data/ratis/32b725d0-7e3c-45d5-a6fc-21e4e35bf4d7
2024-02-10 23:48:18,830 [5d086814-e92a-437f-854d-775872ea30b8-groupManagement] INFO  server.RaftServerConfigKeys (ConfUtils.java:logGet(46)) - raft.server.log.queue.byte-limit = 4294967296 (custom)
2024-02-10 23:48:18,830 [5d086814-e92a-437f-854d-775872ea30b8-groupManagement] INFO  server.RaftServerConfigKeys (ConfUtils.java:logGet(46)) - raft.server.log.queue.element-limit = 1024 (custom)
2024-02-10 23:48:18,830 [5d086814-e92a-437f-854d-775872ea30b8-groupManagement] INFO  server.RaftServerConfigKeys (ConfUtils.java:logGet(46)) - raft.server.log.segment.size.max = 67108864 (custom)
2024-02-10 23:48:18,831 [5d086814-e92a-437f-854d-775872ea30b8-groupManagement] INFO  server.RaftServerConfigKeys (ConfUtils.java:logGet(46)) - raft.server.log.preallocated.size = 4194304 (custom)
2024-02-10 23:48:18,831 [5d086814-e92a-437f-854d-775872ea30b8-groupManagement] INFO  server.RaftServerConfigKeys (ConfUtils.java:logGet(46)) - raft.server.log.force.sync.num = 128 (default)
2024-02-10 23:48:18,831 [5d086814-e92a-437f-854d-775872ea30b8-groupManagement] INFO  server.RaftServerConfigKeys (ConfUtils.java:logGet(46)) - raft.server.log.statemachine.data.sync = true (default)
2024-02-10 23:48:18,831 [5d086814-e92a-437f-854d-775872ea30b8-groupManagement] INFO  server.RaftServerConfigKeys (ConfUtils.java:logGet(46)) - raft.server.log.statemachine.data.sync.timeout = 10s (default)
2024-02-10 23:48:18,831 [5d086814-e92a-437f-854d-775872ea30b8-groupManagement] INFO  server.RaftServerConfigKeys (ConfUtils.java:logGet(46)) - raft.server.log.statemachine.data.sync.timeout.retry = 0 (custom)
2024-02-10 23:48:18,831 [5d086814-e92a-437f-854d-775872ea30b8-groupManagement] INFO  server.RaftServerConfigKeys (ConfUtils.java:logGet(46)) - raft.server.log.write.buffer.size = 8388616 (custom)
2024-02-10 23:48:18,832 [5d086814-e92a-437f-854d-775872ea30b8-groupManagement] INFO  server.RaftServerConfigKeys (ConfUtils.java:logGet(46)) - raft.server.log.appender.buffer.byte-limit = 8388608 (custom)
2024-02-10 23:48:18,833 [5d086814-e92a-437f-854d-775872ea30b8-groupManagement] INFO  server.RaftServerConfigKeys (ConfUtils.java:logGet(46)) - raft.server.log.unsafe-flush.enabled = false (default)
2024-02-10 23:48:18,833 [5d086814-e92a-437f-854d-775872ea30b8-groupManagement] INFO  server.RaftServerConfigKeys (ConfUtils.java:logGet(46)) - raft.server.log.async-flush.enabled = false (default)
2024-02-10 23:48:18,833 [5d086814-e92a-437f-854d-775872ea30b8-groupManagement] INFO  server.RaftServerConfigKeys (ConfUtils.java:logGet(46)) - raft.server.log.statemachine.data.caching.enabled = true (custom)
2024-02-10 23:48:18,833 [5d086814-e92a-437f-854d-775872ea30b8-groupManagement] INFO  segmented.SegmentedRaftLogWorker (SegmentedRaftLogWorker.java:lambda$new$0(134)) - 5d086814-e92a-437f-854d-775872ea30b8@group-21E4E35BF4D7-SegmentedRaftLogWorker: flushIndex: setUnconditionally 0 -> -1
2024-02-10 23:48:18,833 [5d086814-e92a-437f-854d-775872ea30b8-groupManagement] INFO  segmented.SegmentedRaftLogWorker (SegmentedRaftLogWorker.java:lambda$new$0(134)) - 5d086814-e92a-437f-854d-775872ea30b8@group-21E4E35BF4D7-SegmentedRaftLogWorker: safeCacheEvictIndex: setUnconditionally 0 -> -1
2024-02-10 23:48:18,833 [5d086814-e92a-437f-854d-775872ea30b8-groupManagement] INFO  server.RaftServer$Division (RaftServerImpl.java:start(396)) - 5d086814-e92a-437f-854d-775872ea30b8@group-21E4E35BF4D7: start as a follower, conf=-1: peers:[5d086814-e92a-437f-854d-775872ea30b8|10.1.0.12:15317, d68bdd40-ff61-48f9-926d-424a561bf72d|10.1.0.12:15308, 33d73e87-4323-4d41-88d5-bb014deecef0|10.1.0.12:15326]|listeners:[], old=null
2024-02-10 23:48:18,833 [5d086814-e92a-437f-854d-775872ea30b8-groupManagement] INFO  server.RaftServer$Division (RaftServerImpl.java:setRole(383)) - 5d086814-e92a-437f-854d-775872ea30b8@group-21E4E35BF4D7: changes role from      null to FOLLOWER at term 0 for startAsFollower
2024-02-10 23:48:18,833 [5d086814-e92a-437f-854d-775872ea30b8-groupManagement] INFO  impl.RoleInfo (RoleInfo.java:updateAndGet(139)) - 5d086814-e92a-437f-854d-775872ea30b8: start 5d086814-e92a-437f-854d-775872ea30b8@group-21E4E35BF4D7-FollowerState
2024-02-10 23:48:18,833 [5d086814-e92a-437f-854d-775872ea30b8@group-21E4E35BF4D7-FollowerState] INFO  server.RaftServerConfigKeys (ConfUtils.java:logFallback(53)) - raft.server.rpc.first-election.timeout.min = 5s (fallback to raft.server.rpc.timeout.min)
2024-02-10 23:48:18,833 [5d086814-e92a-437f-854d-775872ea30b8-groupManagement] INFO  util.JmxRegister (JmxRegister.java:tryRegister(44)) - Successfully registered JMX Bean with object name Ratis:service=RaftServer,group=group-21E4E35BF4D7,id=5d086814-e92a-437f-854d-775872ea30b8
2024-02-10 23:48:18,833 [5d086814-e92a-437f-854d-775872ea30b8@group-21E4E35BF4D7-FollowerState] INFO  server.RaftServerConfigKeys (ConfUtils.java:logFallback(53)) - raft.server.rpc.first-election.timeout.max = 5200ms (fallback to raft.server.rpc.timeout.max)
2024-02-10 23:48:18,834 [5d086814-e92a-437f-854d-775872ea30b8-groupManagement] INFO  server.RaftServerConfigKeys (ConfUtils.java:logGet(46)) - raft.server.snapshot.trigger-when-stop.enabled = true (default)
2024-02-10 23:48:18,834 [5d086814-e92a-437f-854d-775872ea30b8-groupManagement] INFO  server.RaftServerConfigKeys (ConfUtils.java:logGet(46)) - raft.server.snapshot.auto.trigger.enabled = true (custom)
2024-02-10 23:48:18,834 [5d086814-e92a-437f-854d-775872ea30b8-groupManagement] INFO  server.RaftServerConfigKeys (ConfUtils.java:logGet(46)) - raft.server.snapshot.auto.trigger.threshold = 10000 (custom)
2024-02-10 23:48:18,834 [5d086814-e92a-437f-854d-775872ea30b8-groupManagement] INFO  server.RaftServerConfigKeys (ConfUtils.java:logGet(46)) - raft.server.snapshot.retention.file.num = 5 (custom)
2024-02-10 23:48:18,834 [5d086814-e92a-437f-854d-775872ea30b8-groupManagement] INFO  server.RaftServerConfigKeys (ConfUtils.java:logGet(46)) - raft.server.log.purge.upto.snapshot.index = false (default)
2024-02-10 23:48:18,837 [d68bdd40-ff61-48f9-926d-424a561bf72d-PipelineCommandHandlerThread-0] INFO  commandhandler.CreatePipelineCommandHandler (CreatePipelineCommandHandler.java:lambda$handle$2(124)) - Created Pipeline RATIS THREE PipelineID=32b725d0-7e3c-45d5-a6fc-21e4e35bf4d7.
2024-02-10 23:48:18,849 [5d086814-e92a-437f-854d-775872ea30b8-PipelineCommandHandlerThread-0] INFO  server.RaftServer (RaftServerProxy.java:addNew(100)) - 5d086814-e92a-437f-854d-775872ea30b8: addNew group-6E27F47D06A0:[5d086814-e92a-437f-854d-775872ea30b8|10.1.0.12:15317] returns group-6E27F47D06A0:java.util.concurrent.CompletableFuture@26398528[Not completed]
2024-02-10 23:48:18,850 [5d086814-e92a-437f-854d-775872ea30b8-groupManagement] INFO  server.RaftServer$Division (RaftServerImpl.java:<init>(256)) - 5d086814-e92a-437f-854d-775872ea30b8: new RaftServerImpl for group-6E27F47D06A0:[5d086814-e92a-437f-854d-775872ea30b8|10.1.0.12:15317] with ContainerStateMachine:uninitialized
2024-02-10 23:48:18,850 [5d086814-e92a-437f-854d-775872ea30b8-groupManagement] INFO  server.RaftServerConfigKeys (ConfUtils.java:logGet(46)) - raft.server.rpc.timeout.min = 5s (custom)
2024-02-10 23:48:18,850 [5d086814-e92a-437f-854d-775872ea30b8-groupManagement] INFO  server.RaftServerConfigKeys (ConfUtils.java:logGet(46)) - raft.server.rpc.timeout.max = 5200ms (custom)
2024-02-10 23:48:18,850 [5d086814-e92a-437f-854d-775872ea30b8-groupManagement] INFO  server.RaftServerConfigKeys (ConfUtils.java:logGet(46)) - raft.server.rpc.sleep.time = 25ms (default)
2024-02-10 23:48:18,850 [5d086814-e92a-437f-854d-775872ea30b8-groupManagement] INFO  server.RaftServerConfigKeys (ConfUtils.java:logGet(46)) - raft.server.rpc.slowness.timeout = 300000ms (custom)
2024-02-10 23:48:18,850 [5d086814-e92a-437f-854d-775872ea30b8-groupManagement] INFO  server.RaftServerConfigKeys (ConfUtils.java:logGet(46)) - raft.server.leaderelection.leader.step-down.wait-time = 10s (default)
2024-02-10 23:48:18,850 [5d086814-e92a-437f-854d-775872ea30b8-groupManagement] INFO  server.RaftServerConfigKeys (ConfUtils.java:logGet(46)) - raft.server.leaderelection.member.majority-add = false (default)
2024-02-10 23:48:18,850 [5d086814-e92a-437f-854d-775872ea30b8-groupManagement] INFO  server.RaftServerConfigKeys (ConfUtils.java:logGet(46)) - raft.server.sleep.deviation.threshold = 300ms (default)
2024-02-10 23:48:18,850 [5d086814-e92a-437f-854d-775872ea30b8-groupManagement] INFO  server.RaftServer$Division (ServerState.java:<init>(113)) - 5d086814-e92a-437f-854d-775872ea30b8@group-6E27F47D06A0: ConfigurationManager, init=-1: peers:[5d086814-e92a-437f-854d-775872ea30b8|10.1.0.12:15317]|listeners:[], old=null, confs=<EMPTY_MAP>
2024-02-10 23:48:18,850 [5d086814-e92a-437f-854d-775872ea30b8-groupManagement] INFO  server.RaftServerConfigKeys (ConfUtils.java:logGet(46)) - raft.server.notification.no-leader.timeout = 300000ms (custom)
2024-02-10 23:48:18,850 [5d086814-e92a-437f-854d-775872ea30b8-groupManagement] INFO  server.RaftServerConfigKeys (ConfUtils.java:logGet(46)) - raft.server.read.timeout = 10s (default)
2024-02-10 23:48:18,851 [5d086814-e92a-437f-854d-775872ea30b8-groupManagement] INFO  server.RaftServerConfigKeys (ConfUtils.java:logGet(46)) - raft.server.retrycache.expirytime = 600000ms (custom)
2024-02-10 23:48:18,851 [5d086814-e92a-437f-854d-775872ea30b8-groupManagement] INFO  server.RaftServerConfigKeys (ConfUtils.java:logGet(46)) - raft.server.retrycache.statistics.expirytime = 100ms (default)
2024-02-10 23:48:18,851 [5d086814-e92a-437f-854d-775872ea30b8-groupManagement] INFO  server.RaftServerConfigKeys (ConfUtils.java:logGet(46)) - raft.server.read.option = DEFAULT (default)
2024-02-10 23:48:18,851 [5d086814-e92a-437f-854d-775872ea30b8-groupManagement] INFO  server.RaftServerConfigKeys (ConfUtils.java:logGet(46)) - raft.server.read.read-after-write-consistent.write-index-cache.expiry-time = 60s (default)
2024-02-10 23:48:18,853 [5d086814-e92a-437f-854d-775872ea30b8-groupManagement] INFO  server.RaftServerConfigKeys (ConfUtils.java:logGet(46)) - raft.server.rpc.request.timeout = 3000ms (default)
2024-02-10 23:48:18,853 [5d086814-e92a-437f-854d-775872ea30b8-groupManagement] INFO  server.RaftServerConfigKeys (ConfUtils.java:logGet(46)) - raft.server.log.appender.install.snapshot.enabled = false (custom)
2024-02-10 23:48:18,853 [5d086814-e92a-437f-854d-775872ea30b8-groupManagement] INFO  server.RaftServerConfigKeys (ConfUtils.java:logGet(46)) - raft.server.threadpool.server.cached = true (default)
2024-02-10 23:48:18,853 [5d086814-e92a-437f-854d-775872ea30b8-groupManagement] INFO  server.RaftServerConfigKeys (ConfUtils.java:logGet(46)) - raft.server.threadpool.server.size = 0 (default)
2024-02-10 23:48:18,853 [5d086814-e92a-437f-854d-775872ea30b8-groupManagement] INFO  server.RaftServerConfigKeys (ConfUtils.java:logGet(46)) - raft.server.threadpool.client.cached = true (default)
2024-02-10 23:48:18,853 [5d086814-e92a-437f-854d-775872ea30b8-groupManagement] INFO  server.RaftServerConfigKeys (ConfUtils.java:logGet(46)) - raft.server.threadpool.client.size = 0 (default)
2024-02-10 23:48:18,853 [5d086814-e92a-437f-854d-775872ea30b8-groupManagement] INFO  server.RaftServerConfigKeys (ConfUtils.java:logGet(46)) - raft.server.storage.free-space.min = 0MB (=0) (default)
2024-02-10 23:48:18,853 [5d086814-e92a-437f-854d-775872ea30b8-groupManagement] INFO  server.RaftServerConfigKeys (ConfUtils.java:logGet(46)) - raft.server.log.corruption.policy = EXCEPTION (default)
2024-02-10 23:48:18,853 [5d086814-e92a-437f-854d-775872ea30b8-groupManagement] INFO  server.RaftServerConfigKeys (ConfUtils.java:logGet(46)) - raft.server.storage.dir = [/home/runner/work/ozone/ozone/hadoop-ozone/integration-test/target/test-dir/MiniOzoneClusterImpl-da04a438-6ec0-4fc9-9b2e-e93c90459920/datanode-4/data/ratis] (custom)
2024-02-10 23:48:18,853 [5d086814-e92a-437f-854d-775872ea30b8-groupManagement] INFO  storage.RaftStorageDirectory (RaftStorageDirectoryImpl.java:analyzeStorage(138)) - The storage directory /home/runner/work/ozone/ozone/hadoop-ozone/integration-test/target/test-dir/MiniOzoneClusterImpl-da04a438-6ec0-4fc9-9b2e-e93c90459920/datanode-4/data/ratis/289f0b1f-0fe7-40e2-a54a-6e27f47d06a0 does not exist. Creating ...
2024-02-10 23:48:18,854 [5d086814-e92a-437f-854d-775872ea30b8-groupManagement] INFO  storage.RaftStorageDirectory (RaftStorageDirectoryImpl.java:tryLock(228)) - Lock on /home/runner/work/ozone/ozone/hadoop-ozone/integration-test/target/test-dir/MiniOzoneClusterImpl-da04a438-6ec0-4fc9-9b2e-e93c90459920/datanode-4/data/ratis/289f0b1f-0fe7-40e2-a54a-6e27f47d06a0/in_use.lock acquired by nodename 48413@fv-az886-285
2024-02-10 23:48:18,855 [5d086814-e92a-437f-854d-775872ea30b8-groupManagement] INFO  storage.RaftStorage (RaftStorageImpl.java:format(99)) - Storage directory /home/runner/work/ozone/ozone/hadoop-ozone/integration-test/target/test-dir/MiniOzoneClusterImpl-da04a438-6ec0-4fc9-9b2e-e93c90459920/datanode-4/data/ratis/289f0b1f-0fe7-40e2-a54a-6e27f47d06a0 has been successfully formatted.
2024-02-10 23:48:18,855 [5d086814-e92a-437f-854d-775872ea30b8-groupManagement] WARN  util.FileUtils (LogUtils.java:supplyAndLog(63)) - Failed to Files.newInputStream /home/runner/work/ozone/ozone/hadoop-ozone/integration-test/target/test-dir/MiniOzoneClusterImpl-da04a438-6ec0-4fc9-9b2e-e93c90459920/datanode-4/data/ratis/289f0b1f-0fe7-40e2-a54a-6e27f47d06a0/current/raft-meta.conf with options []: java.nio.file.NoSuchFileException: /home/runner/work/ozone/ozone/hadoop-ozone/integration-test/target/test-dir/MiniOzoneClusterImpl-da04a438-6ec0-4fc9-9b2e-e93c90459920/datanode-4/data/ratis/289f0b1f-0fe7-40e2-a54a-6e27f47d06a0/current/raft-meta.conf
2024-02-10 23:48:18,855 [5d086814-e92a-437f-854d-775872ea30b8-groupManagement] INFO  ratis.ContainerStateMachine (ContainerStateMachine.java:loadSnapshot(287)) - group-6E27F47D06A0: The snapshot info is null. Setting the last applied index to:(t:0, i:~)
2024-02-10 23:48:18,855 [5d086814-e92a-437f-854d-775872ea30b8-groupManagement] INFO  server.RaftServerConfigKeys (ConfUtils.java:logGet(46)) - raft.server.log.use.memory = false (default)
2024-02-10 23:48:18,856 [5d086814-e92a-437f-854d-775872ea30b8-groupManagement] INFO  server.RaftServerConfigKeys (ConfUtils.java:logGet(46)) - raft.server.log.purge.gap = 1000000 (custom)
2024-02-10 23:48:18,856 [5d086814-e92a-437f-854d-775872ea30b8-groupManagement] INFO  server.RaftServerConfigKeys (ConfUtils.java:logGet(46)) - raft.server.log.appender.buffer.byte-limit = 8388608 (custom)
2024-02-10 23:48:18,856 [5d086814-e92a-437f-854d-775872ea30b8-groupManagement] INFO  server.RaftServerConfigKeys (ConfUtils.java:logGet(46)) - raft.server.log.statemachine.data.read.timeout = 1000ms (default)
2024-02-10 23:48:18,856 [5d086814-e92a-437f-854d-775872ea30b8-groupManagement] INFO  server.RaftServerConfigKeys (ConfUtils.java:logGet(46)) - raft.server.log.purge.preservation.log.num = 0 (default)
2024-02-10 23:48:18,857 [EventQueue-PipelineReportForPipelineReportHandler] INFO  pipeline.PipelineReportHandler (PipelineReportHandler.java:processPipelineReport(136)) - Opened pipeline PipelineID=289f0b1f-0fe7-40e2-a54a-6e27f47d06a0
2024-02-10 23:48:18,857 [EventQueue-OpenPipelineForHealthyPipelineSafeModeRule] INFO  safemode.SCMSafeModeManager (HealthyPipelineSafeModeRule.java:process(140)) - SCM in safe mode. Healthy pipelines reported count is 0, required healthy pipeline reported count is 1
2024-02-10 23:48:18,857 [5d086814-e92a-437f-854d-775872ea30b8-groupManagement] INFO  server.RaftServerConfigKeys (ConfUtils.java:logGet(46)) - raft.server.log.segment.size.max = 67108864 (custom)
2024-02-10 23:48:18,857 [5d086814-e92a-437f-854d-775872ea30b8-groupManagement] INFO  server.RaftServerConfigKeys (ConfUtils.java:logGet(46)) - raft.server.log.segment.cache.num.max = 2 (custom)
2024-02-10 23:48:18,857 [5d086814-e92a-437f-854d-775872ea30b8-groupManagement] INFO  server.RaftServerConfigKeys (ConfUtils.java:logGet(46)) - raft.server.log.segment.cache.size.max = 200MB (=209715200) (default)
2024-02-10 23:48:18,857 [5d086814-e92a-437f-854d-775872ea30b8-groupManagement] INFO  server.RaftServerConfigKeys (ConfUtils.java:logGet(46)) - raft.server.log.appender.buffer.byte-limit = 8388608 (custom)
2024-02-10 23:48:18,857 [5d086814-e92a-437f-854d-775872ea30b8-groupManagement] INFO  util.AwaitToRun (AwaitToRun.java:start(81)) - Thread[5d086814-e92a-437f-854d-775872ea30b8@group-6E27F47D06A0-cacheEviction-AwaitToRun,5,main] started
2024-02-10 23:48:18,857 [5d086814-e92a-437f-854d-775872ea30b8-groupManagement] INFO  segmented.SegmentedRaftLogWorker (SegmentedRaftLogWorker.java:<init>(182)) - new 5d086814-e92a-437f-854d-775872ea30b8@group-6E27F47D06A0-SegmentedRaftLogWorker for RaftStorageImpl:Storage Directory /home/runner/work/ozone/ozone/hadoop-ozone/integration-test/target/test-dir/MiniOzoneClusterImpl-da04a438-6ec0-4fc9-9b2e-e93c90459920/datanode-4/data/ratis/289f0b1f-0fe7-40e2-a54a-6e27f47d06a0
2024-02-10 23:48:18,858 [5d086814-e92a-437f-854d-775872ea30b8-groupManagement] INFO  server.RaftServerConfigKeys (ConfUtils.java:logGet(46)) - raft.server.log.queue.byte-limit = 4294967296 (custom)
2024-02-10 23:48:18,858 [5d086814-e92a-437f-854d-775872ea30b8-groupManagement] INFO  server.RaftServerConfigKeys (ConfUtils.java:logGet(46)) - raft.server.log.queue.element-limit = 1024 (custom)
2024-02-10 23:48:18,858 [5d086814-e92a-437f-854d-775872ea30b8-groupManagement] INFO  server.RaftServerConfigKeys (ConfUtils.java:logGet(46)) - raft.server.log.segment.size.max = 67108864 (custom)
2024-02-10 23:48:18,858 [5d086814-e92a-437f-854d-775872ea30b8-groupManagement] INFO  server.RaftServerConfigKeys (ConfUtils.java:logGet(46)) - raft.server.log.preallocated.size = 4194304 (custom)
2024-02-10 23:48:18,858 [5d086814-e92a-437f-854d-775872ea30b8-groupManagement] INFO  server.RaftServerConfigKeys (ConfUtils.java:logGet(46)) - raft.server.log.force.sync.num = 128 (default)
2024-02-10 23:48:18,858 [5d086814-e92a-437f-854d-775872ea30b8-groupManagement] INFO  server.RaftServerConfigKeys (ConfUtils.java:logGet(46)) - raft.server.log.statemachine.data.sync = true (default)
2024-02-10 23:48:18,858 [5d086814-e92a-437f-854d-775872ea30b8-groupManagement] INFO  server.RaftServerConfigKeys (ConfUtils.java:logGet(46)) - raft.server.log.statemachine.data.sync.timeout = 10s (default)
2024-02-10 23:48:18,858 [5d086814-e92a-437f-854d-775872ea30b8-groupManagement] INFO  server.RaftServerConfigKeys (ConfUtils.java:logGet(46)) - raft.server.log.statemachine.data.sync.timeout.retry = 0 (custom)
2024-02-10 23:48:18,858 [5d086814-e92a-437f-854d-775872ea30b8-groupManagement] INFO  server.RaftServerConfigKeys (ConfUtils.java:logGet(46)) - raft.server.log.write.buffer.size = 8388616 (custom)
2024-02-10 23:48:18,860 [5d086814-e92a-437f-854d-775872ea30b8-groupManagement] INFO  server.RaftServerConfigKeys (ConfUtils.java:logGet(46)) - raft.server.log.appender.buffer.byte-limit = 8388608 (custom)
2024-02-10 23:48:18,860 [5d086814-e92a-437f-854d-775872ea30b8-groupManagement] INFO  server.RaftServerConfigKeys (ConfUtils.java:logGet(46)) - raft.server.log.unsafe-flush.enabled = false (default)
2024-02-10 23:48:18,860 [5d086814-e92a-437f-854d-775872ea30b8-groupManagement] INFO  server.RaftServerConfigKeys (ConfUtils.java:logGet(46)) - raft.server.log.async-flush.enabled = false (default)
2024-02-10 23:48:18,860 [5d086814-e92a-437f-854d-775872ea30b8-groupManagement] INFO  server.RaftServerConfigKeys (ConfUtils.java:logGet(46)) - raft.server.log.statemachine.data.caching.enabled = true (custom)
2024-02-10 23:48:18,860 [5d086814-e92a-437f-854d-775872ea30b8-groupManagement] INFO  segmented.SegmentedRaftLogWorker (SegmentedRaftLogWorker.java:lambda$new$0(134)) - 5d086814-e92a-437f-854d-775872ea30b8@group-6E27F47D06A0-SegmentedRaftLogWorker: flushIndex: setUnconditionally 0 -> -1
2024-02-10 23:48:18,860 [5d086814-e92a-437f-854d-775872ea30b8-groupManagement] INFO  segmented.SegmentedRaftLogWorker (SegmentedRaftLogWorker.java:lambda$new$0(134)) - 5d086814-e92a-437f-854d-775872ea30b8@group-6E27F47D06A0-SegmentedRaftLogWorker: safeCacheEvictIndex: setUnconditionally 0 -> -1
2024-02-10 23:48:18,860 [5d086814-e92a-437f-854d-775872ea30b8-groupManagement] INFO  server.RaftServer$Division (RaftServerImpl.java:start(396)) - 5d086814-e92a-437f-854d-775872ea30b8@group-6E27F47D06A0: start as a follower, conf=-1: peers:[5d086814-e92a-437f-854d-775872ea30b8|10.1.0.12:15317]|listeners:[], old=null
2024-02-10 23:48:18,860 [5d086814-e92a-437f-854d-775872ea30b8-groupManagement] INFO  server.RaftServer$Division (RaftServerImpl.java:setRole(383)) - 5d086814-e92a-437f-854d-775872ea30b8@group-6E27F47D06A0: changes role from      null to FOLLOWER at term 0 for startAsFollower
2024-02-10 23:48:18,860 [5d086814-e92a-437f-854d-775872ea30b8-groupManagement] INFO  impl.RoleInfo (RoleInfo.java:updateAndGet(139)) - 5d086814-e92a-437f-854d-775872ea30b8: start 5d086814-e92a-437f-854d-775872ea30b8@group-6E27F47D06A0-FollowerState
2024-02-10 23:48:18,861 [5d086814-e92a-437f-854d-775872ea30b8@group-6E27F47D06A0-FollowerState] INFO  server.RaftServerConfigKeys (ConfUtils.java:logFallback(53)) - raft.server.rpc.first-election.timeout.min = 5s (fallback to raft.server.rpc.timeout.min)
2024-02-10 23:48:18,861 [5d086814-e92a-437f-854d-775872ea30b8-groupManagement] INFO  util.JmxRegister (JmxRegister.java:tryRegister(44)) - Successfully registered JMX Bean with object name Ratis:service=RaftServer,group=group-6E27F47D06A0,id=5d086814-e92a-437f-854d-775872ea30b8
2024-02-10 23:48:18,861 [5d086814-e92a-437f-854d-775872ea30b8@group-6E27F47D06A0-FollowerState] INFO  server.RaftServerConfigKeys (ConfUtils.java:logFallback(53)) - raft.server.rpc.first-election.timeout.max = 5200ms (fallback to raft.server.rpc.timeout.max)
2024-02-10 23:48:18,861 [5d086814-e92a-437f-854d-775872ea30b8-groupManagement] INFO  server.RaftServerConfigKeys (ConfUtils.java:logGet(46)) - raft.server.snapshot.trigger-when-stop.enabled = true (default)
2024-02-10 23:48:18,861 [5d086814-e92a-437f-854d-775872ea30b8-groupManagement] INFO  server.RaftServerConfigKeys (ConfUtils.java:logGet(46)) - raft.server.snapshot.auto.trigger.enabled = true (custom)
2024-02-10 23:48:18,861 [5d086814-e92a-437f-854d-775872ea30b8-groupManagement] INFO  server.RaftServerConfigKeys (ConfUtils.java:logGet(46)) - raft.server.snapshot.auto.trigger.threshold = 10000 (custom)
2024-02-10 23:48:18,861 [5d086814-e92a-437f-854d-775872ea30b8-groupManagement] INFO  server.RaftServerConfigKeys (ConfUtils.java:logGet(46)) - raft.server.snapshot.retention.file.num = 5 (custom)
2024-02-10 23:48:18,861 [5d086814-e92a-437f-854d-775872ea30b8-groupManagement] INFO  server.RaftServerConfigKeys (ConfUtils.java:logGet(46)) - raft.server.log.purge.upto.snapshot.index = false (default)
2024-02-10 23:48:18,862 [5d086814-e92a-437f-854d-775872ea30b8-PipelineCommandHandlerThread-0] INFO  ratis.XceiverServerRatis (XceiverServerRatis.java:addGroup(864)) - Created group PipelineID=289f0b1f-0fe7-40e2-a54a-6e27f47d06a0
2024-02-10 23:48:18,862 [5d086814-e92a-437f-854d-775872ea30b8-PipelineCommandHandlerThread-0] INFO  commandhandler.CreatePipelineCommandHandler (CreatePipelineCommandHandler.java:lambda$handle$2(124)) - Created Pipeline RATIS ONE PipelineID=289f0b1f-0fe7-40e2-a54a-6e27f47d06a0.
2024-02-10 23:48:18,940 [33d73e87-4323-4d41-88d5-bb014deecef0-PipelineCommandHandlerThread-0] INFO  server.RaftServer (RaftServerProxy.java:addNew(100)) - 33d73e87-4323-4d41-88d5-bb014deecef0: addNew group-580B5A2D7CDC:[33d73e87-4323-4d41-88d5-bb014deecef0|10.1.0.12:15326] returns group-580B5A2D7CDC:java.util.concurrent.CompletableFuture@45fce077[Not completed]
2024-02-10 23:48:18,941 [33d73e87-4323-4d41-88d5-bb014deecef0-groupManagement] INFO  server.RaftServer$Division (RaftServerImpl.java:<init>(256)) - 33d73e87-4323-4d41-88d5-bb014deecef0: new RaftServerImpl for group-580B5A2D7CDC:[33d73e87-4323-4d41-88d5-bb014deecef0|10.1.0.12:15326] with ContainerStateMachine:uninitialized
2024-02-10 23:48:18,941 [33d73e87-4323-4d41-88d5-bb014deecef0-groupManagement] INFO  server.RaftServerConfigKeys (ConfUtils.java:logGet(46)) - raft.server.rpc.timeout.min = 5s (custom)
2024-02-10 23:48:18,941 [33d73e87-4323-4d41-88d5-bb014deecef0-groupManagement] INFO  server.RaftServerConfigKeys (ConfUtils.java:logGet(46)) - raft.server.rpc.timeout.max = 5200ms (custom)
2024-02-10 23:48:18,941 [33d73e87-4323-4d41-88d5-bb014deecef0-groupManagement] INFO  server.RaftServerConfigKeys (ConfUtils.java:logGet(46)) - raft.server.rpc.sleep.time = 25ms (default)
2024-02-10 23:48:18,941 [33d73e87-4323-4d41-88d5-bb014deecef0-groupManagement] INFO  server.RaftServerConfigKeys (ConfUtils.java:logGet(46)) - raft.server.rpc.slowness.timeout = 300000ms (custom)
2024-02-10 23:48:18,941 [33d73e87-4323-4d41-88d5-bb014deecef0-groupManagement] INFO  server.RaftServerConfigKeys (ConfUtils.java:logGet(46)) - raft.server.leaderelection.leader.step-down.wait-time = 10s (default)
2024-02-10 23:48:18,941 [33d73e87-4323-4d41-88d5-bb014deecef0-groupManagement] INFO  server.RaftServerConfigKeys (ConfUtils.java:logGet(46)) - raft.server.leaderelection.member.majority-add = false (default)
2024-02-10 23:48:18,941 [33d73e87-4323-4d41-88d5-bb014deecef0-groupManagement] INFO  server.RaftServerConfigKeys (ConfUtils.java:logGet(46)) - raft.server.sleep.deviation.threshold = 300ms (default)
2024-02-10 23:48:18,942 [33d73e87-4323-4d41-88d5-bb014deecef0-groupManagement] INFO  server.RaftServer$Division (ServerState.java:<init>(113)) - 33d73e87-4323-4d41-88d5-bb014deecef0@group-580B5A2D7CDC: ConfigurationManager, init=-1: peers:[33d73e87-4323-4d41-88d5-bb014deecef0|10.1.0.12:15326]|listeners:[], old=null, confs=<EMPTY_MAP>
2024-02-10 23:48:18,942 [33d73e87-4323-4d41-88d5-bb014deecef0-groupManagement] INFO  server.RaftServerConfigKeys (ConfUtils.java:logGet(46)) - raft.server.notification.no-leader.timeout = 300000ms (custom)
2024-02-10 23:48:18,942 [33d73e87-4323-4d41-88d5-bb014deecef0-groupManagement] INFO  server.RaftServerConfigKeys (ConfUtils.java:logGet(46)) - raft.server.read.timeout = 10s (default)
2024-02-10 23:48:18,942 [33d73e87-4323-4d41-88d5-bb014deecef0-groupManagement] INFO  server.RaftServerConfigKeys (ConfUtils.java:logGet(46)) - raft.server.retrycache.expirytime = 600000ms (custom)
2024-02-10 23:48:18,942 [33d73e87-4323-4d41-88d5-bb014deecef0-groupManagement] INFO  server.RaftServerConfigKeys (ConfUtils.java:logGet(46)) - raft.server.retrycache.statistics.expirytime = 100ms (default)
2024-02-10 23:48:18,942 [33d73e87-4323-4d41-88d5-bb014deecef0-groupManagement] INFO  server.RaftServerConfigKeys (ConfUtils.java:logGet(46)) - raft.server.read.option = DEFAULT (default)
2024-02-10 23:48:18,942 [33d73e87-4323-4d41-88d5-bb014deecef0-groupManagement] INFO  server.RaftServerConfigKeys (ConfUtils.java:logGet(46)) - raft.server.read.read-after-write-consistent.write-index-cache.expiry-time = 60s (default)
2024-02-10 23:48:18,944 [33d73e87-4323-4d41-88d5-bb014deecef0-groupManagement] INFO  server.RaftServerConfigKeys (ConfUtils.java:logGet(46)) - raft.server.rpc.request.timeout = 3000ms (default)
2024-02-10 23:48:18,944 [33d73e87-4323-4d41-88d5-bb014deecef0-groupManagement] INFO  server.RaftServerConfigKeys (ConfUtils.java:logGet(46)) - raft.server.log.appender.install.snapshot.enabled = false (custom)
2024-02-10 23:48:18,944 [33d73e87-4323-4d41-88d5-bb014deecef0-groupManagement] INFO  server.RaftServerConfigKeys (ConfUtils.java:logGet(46)) - raft.server.threadpool.server.cached = true (default)
2024-02-10 23:48:18,944 [33d73e87-4323-4d41-88d5-bb014deecef0-groupManagement] INFO  server.RaftServerConfigKeys (ConfUtils.java:logGet(46)) - raft.server.threadpool.server.size = 0 (default)
2024-02-10 23:48:18,944 [33d73e87-4323-4d41-88d5-bb014deecef0-groupManagement] INFO  server.RaftServerConfigKeys (ConfUtils.java:logGet(46)) - raft.server.threadpool.client.cached = true (default)
2024-02-10 23:48:18,944 [33d73e87-4323-4d41-88d5-bb014deecef0-groupManagement] INFO  server.RaftServerConfigKeys (ConfUtils.java:logGet(46)) - raft.server.threadpool.client.size = 0 (default)
2024-02-10 23:48:18,944 [33d73e87-4323-4d41-88d5-bb014deecef0-groupManagement] INFO  server.RaftServerConfigKeys (ConfUtils.java:logGet(46)) - raft.server.storage.free-space.min = 0MB (=0) (default)
2024-02-10 23:48:18,944 [33d73e87-4323-4d41-88d5-bb014deecef0-groupManagement] INFO  server.RaftServerConfigKeys (ConfUtils.java:logGet(46)) - raft.server.log.corruption.policy = EXCEPTION (default)
2024-02-10 23:48:18,944 [33d73e87-4323-4d41-88d5-bb014deecef0-groupManagement] INFO  server.RaftServerConfigKeys (ConfUtils.java:logGet(46)) - raft.server.storage.dir = [/home/runner/work/ozone/ozone/hadoop-ozone/integration-test/target/test-dir/MiniOzoneClusterImpl-da04a438-6ec0-4fc9-9b2e-e93c90459920/datanode-5/data/ratis] (custom)
2024-02-10 23:48:18,945 [33d73e87-4323-4d41-88d5-bb014deecef0-groupManagement] INFO  storage.RaftStorageDirectory (RaftStorageDirectoryImpl.java:analyzeStorage(138)) - The storage directory /home/runner/work/ozone/ozone/hadoop-ozone/integration-test/target/test-dir/MiniOzoneClusterImpl-da04a438-6ec0-4fc9-9b2e-e93c90459920/datanode-5/data/ratis/4c8ac1ff-2410-4c7c-b077-580b5a2d7cdc does not exist. Creating ...
2024-02-10 23:48:18,946 [33d73e87-4323-4d41-88d5-bb014deecef0-groupManagement] INFO  storage.RaftStorageDirectory (RaftStorageDirectoryImpl.java:tryLock(228)) - Lock on /home/runner/work/ozone/ozone/hadoop-ozone/integration-test/target/test-dir/MiniOzoneClusterImpl-da04a438-6ec0-4fc9-9b2e-e93c90459920/datanode-5/data/ratis/4c8ac1ff-2410-4c7c-b077-580b5a2d7cdc/in_use.lock acquired by nodename 48413@fv-az886-285
2024-02-10 23:48:18,947 [33d73e87-4323-4d41-88d5-bb014deecef0-groupManagement] INFO  storage.RaftStorage (RaftStorageImpl.java:format(99)) - Storage directory /home/runner/work/ozone/ozone/hadoop-ozone/integration-test/target/test-dir/MiniOzoneClusterImpl-da04a438-6ec0-4fc9-9b2e-e93c90459920/datanode-5/data/ratis/4c8ac1ff-2410-4c7c-b077-580b5a2d7cdc has been successfully formatted.
2024-02-10 23:48:18,947 [33d73e87-4323-4d41-88d5-bb014deecef0-groupManagement] WARN  util.FileUtils (LogUtils.java:supplyAndLog(63)) - Failed to Files.newInputStream /home/runner/work/ozone/ozone/hadoop-ozone/integration-test/target/test-dir/MiniOzoneClusterImpl-da04a438-6ec0-4fc9-9b2e-e93c90459920/datanode-5/data/ratis/4c8ac1ff-2410-4c7c-b077-580b5a2d7cdc/current/raft-meta.conf with options []: java.nio.file.NoSuchFileException: /home/runner/work/ozone/ozone/hadoop-ozone/integration-test/target/test-dir/MiniOzoneClusterImpl-da04a438-6ec0-4fc9-9b2e-e93c90459920/datanode-5/data/ratis/4c8ac1ff-2410-4c7c-b077-580b5a2d7cdc/current/raft-meta.conf
2024-02-10 23:48:18,947 [33d73e87-4323-4d41-88d5-bb014deecef0-groupManagement] INFO  ratis.ContainerStateMachine (ContainerStateMachine.java:loadSnapshot(287)) - group-580B5A2D7CDC: The snapshot info is null. Setting the last applied index to:(t:0, i:~)
2024-02-10 23:48:18,947 [33d73e87-4323-4d41-88d5-bb014deecef0-groupManagement] INFO  server.RaftServerConfigKeys (ConfUtils.java:logGet(46)) - raft.server.log.use.memory = false (default)
2024-02-10 23:48:18,947 [33d73e87-4323-4d41-88d5-bb014deecef0-groupManagement] INFO  server.RaftServerConfigKeys (ConfUtils.java:logGet(46)) - raft.server.log.purge.gap = 1000000 (custom)
2024-02-10 23:48:18,947 [33d73e87-4323-4d41-88d5-bb014deecef0-groupManagement] INFO  server.RaftServerConfigKeys (ConfUtils.java:logGet(46)) - raft.server.log.appender.buffer.byte-limit = 8388608 (custom)
2024-02-10 23:48:18,947 [33d73e87-4323-4d41-88d5-bb014deecef0-groupManagement] INFO  server.RaftServerConfigKeys (ConfUtils.java:logGet(46)) - raft.server.log.statemachine.data.read.timeout = 1000ms (default)
2024-02-10 23:48:18,947 [33d73e87-4323-4d41-88d5-bb014deecef0-groupManagement] INFO  server.RaftServerConfigKeys (ConfUtils.java:logGet(46)) - raft.server.log.purge.preservation.log.num = 0 (default)
2024-02-10 23:48:18,948 [33d73e87-4323-4d41-88d5-bb014deecef0-groupManagement] INFO  server.RaftServerConfigKeys (ConfUtils.java:logGet(46)) - raft.server.log.segment.size.max = 67108864 (custom)
2024-02-10 23:48:18,948 [33d73e87-4323-4d41-88d5-bb014deecef0-groupManagement] INFO  server.RaftServerConfigKeys (ConfUtils.java:logGet(46)) - raft.server.log.segment.cache.num.max = 2 (custom)
2024-02-10 23:48:18,949 [33d73e87-4323-4d41-88d5-bb014deecef0-groupManagement] INFO  server.RaftServerConfigKeys (ConfUtils.java:logGet(46)) - raft.server.log.segment.cache.size.max = 200MB (=209715200) (default)
2024-02-10 23:48:18,949 [33d73e87-4323-4d41-88d5-bb014deecef0-groupManagement] INFO  server.RaftServerConfigKeys (ConfUtils.java:logGet(46)) - raft.server.log.appender.buffer.byte-limit = 8388608 (custom)
2024-02-10 23:48:18,949 [33d73e87-4323-4d41-88d5-bb014deecef0-groupManagement] INFO  util.AwaitToRun (AwaitToRun.java:start(81)) - Thread[33d73e87-4323-4d41-88d5-bb014deecef0@group-580B5A2D7CDC-cacheEviction-AwaitToRun,5,main] started
2024-02-10 23:48:18,949 [33d73e87-4323-4d41-88d5-bb014deecef0-groupManagement] INFO  segmented.SegmentedRaftLogWorker (SegmentedRaftLogWorker.java:<init>(182)) - new 33d73e87-4323-4d41-88d5-bb014deecef0@group-580B5A2D7CDC-SegmentedRaftLogWorker for RaftStorageImpl:Storage Directory /home/runner/work/ozone/ozone/hadoop-ozone/integration-test/target/test-dir/MiniOzoneClusterImpl-da04a438-6ec0-4fc9-9b2e-e93c90459920/datanode-5/data/ratis/4c8ac1ff-2410-4c7c-b077-580b5a2d7cdc
2024-02-10 23:48:18,949 [33d73e87-4323-4d41-88d5-bb014deecef0-groupManagement] INFO  server.RaftServerConfigKeys (ConfUtils.java:logGet(46)) - raft.server.log.queue.byte-limit = 4294967296 (custom)
2024-02-10 23:48:18,949 [33d73e87-4323-4d41-88d5-bb014deecef0-groupManagement] INFO  server.RaftServerConfigKeys (ConfUtils.java:logGet(46)) - raft.server.log.queue.element-limit = 1024 (custom)
2024-02-10 23:48:18,949 [33d73e87-4323-4d41-88d5-bb014deecef0-groupManagement] INFO  server.RaftServerConfigKeys (ConfUtils.java:logGet(46)) - raft.server.log.segment.size.max = 67108864 (custom)
2024-02-10 23:48:18,949 [33d73e87-4323-4d41-88d5-bb014deecef0-groupManagement] INFO  server.RaftServerConfigKeys (ConfUtils.java:logGet(46)) - raft.server.log.preallocated.size = 4194304 (custom)
2024-02-10 23:48:18,949 [33d73e87-4323-4d41-88d5-bb014deecef0-groupManagement] INFO  server.RaftServerConfigKeys (ConfUtils.java:logGet(46)) - raft.server.log.force.sync.num = 128 (default)
2024-02-10 23:48:18,949 [33d73e87-4323-4d41-88d5-bb014deecef0-groupManagement] INFO  server.RaftServerConfigKeys (ConfUtils.java:logGet(46)) - raft.server.log.statemachine.data.sync = true (default)
2024-02-10 23:48:18,949 [33d73e87-4323-4d41-88d5-bb014deecef0-groupManagement] INFO  server.RaftServerConfigKeys (ConfUtils.java:logGet(46)) - raft.server.log.statemachine.data.sync.timeout = 10s (default)
2024-02-10 23:48:18,949 [33d73e87-4323-4d41-88d5-bb014deecef0-groupManagement] INFO  server.RaftServerConfigKeys (ConfUtils.java:logGet(46)) - raft.server.log.statemachine.data.sync.timeout.retry = 0 (custom)
2024-02-10 23:48:18,949 [EventQueue-PipelineReportForPipelineReportHandler] INFO  pipeline.PipelineReportHandler (PipelineReportHandler.java:processPipelineReport(136)) - Opened pipeline PipelineID=4c8ac1ff-2410-4c7c-b077-580b5a2d7cdc
2024-02-10 23:48:18,949 [33d73e87-4323-4d41-88d5-bb014deecef0-groupManagement] INFO  server.RaftServerConfigKeys (ConfUtils.java:logGet(46)) - raft.server.log.write.buffer.size = 8388616 (custom)
2024-02-10 23:48:18,949 [EventQueue-OpenPipelineForHealthyPipelineSafeModeRule] INFO  safemode.SCMSafeModeManager (HealthyPipelineSafeModeRule.java:process(140)) - SCM in safe mode. Healthy pipelines reported count is 0, required healthy pipeline reported count is 1
2024-02-10 23:48:18,951 [33d73e87-4323-4d41-88d5-bb014deecef0-groupManagement] INFO  server.RaftServerConfigKeys (ConfUtils.java:logGet(46)) - raft.server.log.appender.buffer.byte-limit = 8388608 (custom)
2024-02-10 23:48:18,951 [33d73e87-4323-4d41-88d5-bb014deecef0-groupManagement] INFO  server.RaftServerConfigKeys (ConfUtils.java:logGet(46)) - raft.server.log.unsafe-flush.enabled = false (default)
2024-02-10 23:48:18,951 [33d73e87-4323-4d41-88d5-bb014deecef0-groupManagement] INFO  server.RaftServerConfigKeys (ConfUtils.java:logGet(46)) - raft.server.log.async-flush.enabled = false (default)
2024-02-10 23:48:18,951 [33d73e87-4323-4d41-88d5-bb014deecef0-groupManagement] INFO  server.RaftServerConfigKeys (ConfUtils.java:logGet(46)) - raft.server.log.statemachine.data.caching.enabled = true (custom)
2024-02-10 23:48:18,951 [33d73e87-4323-4d41-88d5-bb014deecef0-groupManagement] INFO  segmented.SegmentedRaftLogWorker (SegmentedRaftLogWorker.java:lambda$new$0(134)) - 33d73e87-4323-4d41-88d5-bb014deecef0@group-580B5A2D7CDC-SegmentedRaftLogWorker: flushIndex: setUnconditionally 0 -> -1
2024-02-10 23:48:18,951 [33d73e87-4323-4d41-88d5-bb014deecef0-groupManagement] INFO  segmented.SegmentedRaftLogWorker (SegmentedRaftLogWorker.java:lambda$new$0(134)) - 33d73e87-4323-4d41-88d5-bb014deecef0@group-580B5A2D7CDC-SegmentedRaftLogWorker: safeCacheEvictIndex: setUnconditionally 0 -> -1
2024-02-10 23:48:18,951 [33d73e87-4323-4d41-88d5-bb014deecef0-groupManagement] INFO  server.RaftServer$Division (RaftServerImpl.java:start(396)) - 33d73e87-4323-4d41-88d5-bb014deecef0@group-580B5A2D7CDC: start as a follower, conf=-1: peers:[33d73e87-4323-4d41-88d5-bb014deecef0|10.1.0.12:15326]|listeners:[], old=null
2024-02-10 23:48:18,952 [33d73e87-4323-4d41-88d5-bb014deecef0-groupManagement] INFO  server.RaftServer$Division (RaftServerImpl.java:setRole(383)) - 33d73e87-4323-4d41-88d5-bb014deecef0@group-580B5A2D7CDC: changes role from      null to FOLLOWER at term 0 for startAsFollower
2024-02-10 23:48:18,952 [33d73e87-4323-4d41-88d5-bb014deecef0-groupManagement] INFO  impl.RoleInfo (RoleInfo.java:updateAndGet(139)) - 33d73e87-4323-4d41-88d5-bb014deecef0: start 33d73e87-4323-4d41-88d5-bb014deecef0@group-580B5A2D7CDC-FollowerState
2024-02-10 23:48:18,952 [33d73e87-4323-4d41-88d5-bb014deecef0@group-580B5A2D7CDC-FollowerState] INFO  server.RaftServerConfigKeys (ConfUtils.java:logFallback(53)) - raft.server.rpc.first-election.timeout.min = 5s (fallback to raft.server.rpc.timeout.min)
2024-02-10 23:48:18,952 [33d73e87-4323-4d41-88d5-bb014deecef0-groupManagement] INFO  util.JmxRegister (JmxRegister.java:tryRegister(44)) - Successfully registered JMX Bean with object name Ratis:service=RaftServer,group=group-580B5A2D7CDC,id=33d73e87-4323-4d41-88d5-bb014deecef0
2024-02-10 23:48:18,952 [33d73e87-4323-4d41-88d5-bb014deecef0@group-580B5A2D7CDC-FollowerState] INFO  server.RaftServerConfigKeys (ConfUtils.java:logFallback(53)) - raft.server.rpc.first-election.timeout.max = 5200ms (fallback to raft.server.rpc.timeout.max)
2024-02-10 23:48:18,952 [33d73e87-4323-4d41-88d5-bb014deecef0-groupManagement] INFO  server.RaftServerConfigKeys (ConfUtils.java:logGet(46)) - raft.server.snapshot.trigger-when-stop.enabled = true (default)
2024-02-10 23:48:18,952 [33d73e87-4323-4d41-88d5-bb014deecef0-groupManagement] INFO  server.RaftServerConfigKeys (ConfUtils.java:logGet(46)) - raft.server.snapshot.auto.trigger.enabled = true (custom)
2024-02-10 23:48:18,952 [33d73e87-4323-4d41-88d5-bb014deecef0-groupManagement] INFO  server.RaftServerConfigKeys (ConfUtils.java:logGet(46)) - raft.server.snapshot.auto.trigger.threshold = 10000 (custom)
2024-02-10 23:48:18,952 [33d73e87-4323-4d41-88d5-bb014deecef0-groupManagement] INFO  server.RaftServerConfigKeys (ConfUtils.java:logGet(46)) - raft.server.snapshot.retention.file.num = 5 (custom)
2024-02-10 23:48:18,953 [33d73e87-4323-4d41-88d5-bb014deecef0-groupManagement] INFO  server.RaftServerConfigKeys (ConfUtils.java:logGet(46)) - raft.server.log.purge.upto.snapshot.index = false (default)
2024-02-10 23:48:18,953 [33d73e87-4323-4d41-88d5-bb014deecef0-PipelineCommandHandlerThread-0] INFO  ratis.XceiverServerRatis (XceiverServerRatis.java:addGroup(864)) - Created group PipelineID=4c8ac1ff-2410-4c7c-b077-580b5a2d7cdc
2024-02-10 23:48:18,953 [33d73e87-4323-4d41-88d5-bb014deecef0-PipelineCommandHandlerThread-0] INFO  commandhandler.CreatePipelineCommandHandler (CreatePipelineCommandHandler.java:lambda$handle$2(124)) - Created Pipeline RATIS ONE PipelineID=4c8ac1ff-2410-4c7c-b077-580b5a2d7cdc.
2024-02-10 23:48:19,030 [64168508-e903-4327-b7bc-0572c2109e1a-PipelineCommandHandlerThread-0] INFO  server.RaftServer (RaftServerProxy.java:addNew(100)) - 64168508-e903-4327-b7bc-0572c2109e1a: addNew group-AC5D874349E8:[64168508-e903-4327-b7bc-0572c2109e1a|10.1.0.12:15335] returns group-AC5D874349E8:java.util.concurrent.CompletableFuture@44e8fdb[Not completed]
2024-02-10 23:48:19,031 [64168508-e903-4327-b7bc-0572c2109e1a-groupManagement] INFO  server.RaftServer$Division (RaftServerImpl.java:<init>(256)) - 64168508-e903-4327-b7bc-0572c2109e1a: new RaftServerImpl for group-AC5D874349E8:[64168508-e903-4327-b7bc-0572c2109e1a|10.1.0.12:15335] with ContainerStateMachine:uninitialized
2024-02-10 23:48:19,031 [64168508-e903-4327-b7bc-0572c2109e1a-groupManagement] INFO  server.RaftServerConfigKeys (ConfUtils.java:logGet(46)) - raft.server.rpc.timeout.min = 5s (custom)
2024-02-10 23:48:19,031 [64168508-e903-4327-b7bc-0572c2109e1a-groupManagement] INFO  server.RaftServerConfigKeys (ConfUtils.java:logGet(46)) - raft.server.rpc.timeout.max = 5200ms (custom)
2024-02-10 23:48:19,031 [64168508-e903-4327-b7bc-0572c2109e1a-groupManagement] INFO  server.RaftServerConfigKeys (ConfUtils.java:logGet(46)) - raft.server.rpc.sleep.time = 25ms (default)
2024-02-10 23:48:19,031 [64168508-e903-4327-b7bc-0572c2109e1a-groupManagement] INFO  server.RaftServerConfigKeys (ConfUtils.java:logGet(46)) - raft.server.rpc.slowness.timeout = 300000ms (custom)
2024-02-10 23:48:19,031 [64168508-e903-4327-b7bc-0572c2109e1a-groupManagement] INFO  server.RaftServerConfigKeys (ConfUtils.java:logGet(46)) - raft.server.leaderelection.leader.step-down.wait-time = 10s (default)
2024-02-10 23:48:19,031 [64168508-e903-4327-b7bc-0572c2109e1a-groupManagement] INFO  server.RaftServerConfigKeys (ConfUtils.java:logGet(46)) - raft.server.leaderelection.member.majority-add = false (default)
2024-02-10 23:48:19,032 [64168508-e903-4327-b7bc-0572c2109e1a-groupManagement] INFO  server.RaftServerConfigKeys (ConfUtils.java:logGet(46)) - raft.server.sleep.deviation.threshold = 300ms (default)
2024-02-10 23:48:19,032 [64168508-e903-4327-b7bc-0572c2109e1a-groupManagement] INFO  server.RaftServer$Division (ServerState.java:<init>(113)) - 64168508-e903-4327-b7bc-0572c2109e1a@group-AC5D874349E8: ConfigurationManager, init=-1: peers:[64168508-e903-4327-b7bc-0572c2109e1a|10.1.0.12:15335]|listeners:[], old=null, confs=<EMPTY_MAP>
2024-02-10 23:48:19,032 [64168508-e903-4327-b7bc-0572c2109e1a-groupManagement] INFO  server.RaftServerConfigKeys (ConfUtils.java:logGet(46)) - raft.server.notification.no-leader.timeout = 300000ms (custom)
2024-02-10 23:48:19,032 [64168508-e903-4327-b7bc-0572c2109e1a-groupManagement] INFO  server.RaftServerConfigKeys (ConfUtils.java:logGet(46)) - raft.server.read.timeout = 10s (default)
2024-02-10 23:48:19,032 [64168508-e903-4327-b7bc-0572c2109e1a-groupManagement] INFO  server.RaftServerConfigKeys (ConfUtils.java:logGet(46)) - raft.server.retrycache.expirytime = 600000ms (custom)
2024-02-10 23:48:19,032 [64168508-e903-4327-b7bc-0572c2109e1a-groupManagement] INFO  server.RaftServerConfigKeys (ConfUtils.java:logGet(46)) - raft.server.retrycache.statistics.expirytime = 100ms (default)
2024-02-10 23:48:19,032 [64168508-e903-4327-b7bc-0572c2109e1a-groupManagement] INFO  server.RaftServerConfigKeys (ConfUtils.java:logGet(46)) - raft.server.read.option = DEFAULT (default)
2024-02-10 23:48:19,032 [64168508-e903-4327-b7bc-0572c2109e1a-groupManagement] INFO  server.RaftServerConfigKeys (ConfUtils.java:logGet(46)) - raft.server.read.read-after-write-consistent.write-index-cache.expiry-time = 60s (default)
2024-02-10 23:48:19,034 [64168508-e903-4327-b7bc-0572c2109e1a-groupManagement] INFO  server.RaftServerConfigKeys (ConfUtils.java:logGet(46)) - raft.server.rpc.request.timeout = 3000ms (default)
2024-02-10 23:48:19,034 [64168508-e903-4327-b7bc-0572c2109e1a-groupManagement] INFO  server.RaftServerConfigKeys (ConfUtils.java:logGet(46)) - raft.server.log.appender.install.snapshot.enabled = false (custom)
2024-02-10 23:48:19,034 [64168508-e903-4327-b7bc-0572c2109e1a-groupManagement] INFO  server.RaftServerConfigKeys (ConfUtils.java:logGet(46)) - raft.server.threadpool.server.cached = true (default)
2024-02-10 23:48:19,034 [64168508-e903-4327-b7bc-0572c2109e1a-groupManagement] INFO  server.RaftServerConfigKeys (ConfUtils.java:logGet(46)) - raft.server.threadpool.server.size = 0 (default)
2024-02-10 23:48:19,034 [64168508-e903-4327-b7bc-0572c2109e1a-groupManagement] INFO  server.RaftServerConfigKeys (ConfUtils.java:logGet(46)) - raft.server.threadpool.client.cached = true (default)
2024-02-10 23:48:19,034 [64168508-e903-4327-b7bc-0572c2109e1a-groupManagement] INFO  server.RaftServerConfigKeys (ConfUtils.java:logGet(46)) - raft.server.threadpool.client.size = 0 (default)
2024-02-10 23:48:19,034 [64168508-e903-4327-b7bc-0572c2109e1a-groupManagement] INFO  server.RaftServerConfigKeys (ConfUtils.java:logGet(46)) - raft.server.storage.free-space.min = 0MB (=0) (default)
2024-02-10 23:48:19,035 [64168508-e903-4327-b7bc-0572c2109e1a-groupManagement] INFO  server.RaftServerConfigKeys (ConfUtils.java:logGet(46)) - raft.server.log.corruption.policy = EXCEPTION (default)
2024-02-10 23:48:19,035 [64168508-e903-4327-b7bc-0572c2109e1a-groupManagement] INFO  server.RaftServerConfigKeys (ConfUtils.java:logGet(46)) - raft.server.storage.dir = [/home/runner/work/ozone/ozone/hadoop-ozone/integration-test/target/test-dir/MiniOzoneClusterImpl-da04a438-6ec0-4fc9-9b2e-e93c90459920/datanode-6/data/ratis] (custom)
2024-02-10 23:48:19,035 [64168508-e903-4327-b7bc-0572c2109e1a-groupManagement] INFO  storage.RaftStorageDirectory (RaftStorageDirectoryImpl.java:analyzeStorage(138)) - The storage directory /home/runner/work/ozone/ozone/hadoop-ozone/integration-test/target/test-dir/MiniOzoneClusterImpl-da04a438-6ec0-4fc9-9b2e-e93c90459920/datanode-6/data/ratis/6806e11f-15cb-4c0a-9275-ac5d874349e8 does not exist. Creating ...
2024-02-10 23:48:19,036 [64168508-e903-4327-b7bc-0572c2109e1a-groupManagement] INFO  storage.RaftStorageDirectory (RaftStorageDirectoryImpl.java:tryLock(228)) - Lock on /home/runner/work/ozone/ozone/hadoop-ozone/integration-test/target/test-dir/MiniOzoneClusterImpl-da04a438-6ec0-4fc9-9b2e-e93c90459920/datanode-6/data/ratis/6806e11f-15cb-4c0a-9275-ac5d874349e8/in_use.lock acquired by nodename 48413@fv-az886-285
2024-02-10 23:48:19,037 [64168508-e903-4327-b7bc-0572c2109e1a-groupManagement] INFO  storage.RaftStorage (RaftStorageImpl.java:format(99)) - Storage directory /home/runner/work/ozone/ozone/hadoop-ozone/integration-test/target/test-dir/MiniOzoneClusterImpl-da04a438-6ec0-4fc9-9b2e-e93c90459920/datanode-6/data/ratis/6806e11f-15cb-4c0a-9275-ac5d874349e8 has been successfully formatted.
2024-02-10 23:48:19,037 [64168508-e903-4327-b7bc-0572c2109e1a-groupManagement] WARN  util.FileUtils (LogUtils.java:supplyAndLog(63)) - Failed to Files.newInputStream /home/runner/work/ozone/ozone/hadoop-ozone/integration-test/target/test-dir/MiniOzoneClusterImpl-da04a438-6ec0-4fc9-9b2e-e93c90459920/datanode-6/data/ratis/6806e11f-15cb-4c0a-9275-ac5d874349e8/current/raft-meta.conf with options []: java.nio.file.NoSuchFileException: /home/runner/work/ozone/ozone/hadoop-ozone/integration-test/target/test-dir/MiniOzoneClusterImpl-da04a438-6ec0-4fc9-9b2e-e93c90459920/datanode-6/data/ratis/6806e11f-15cb-4c0a-9275-ac5d874349e8/current/raft-meta.conf
2024-02-10 23:48:19,038 [64168508-e903-4327-b7bc-0572c2109e1a-groupManagement] INFO  ratis.ContainerStateMachine (ContainerStateMachine.java:loadSnapshot(287)) - group-AC5D874349E8: The snapshot info is null. Setting the last applied index to:(t:0, i:~)
2024-02-10 23:48:19,038 [64168508-e903-4327-b7bc-0572c2109e1a-groupManagement] INFO  server.RaftServerConfigKeys (ConfUtils.java:logGet(46)) - raft.server.log.use.memory = false (default)
2024-02-10 23:48:19,038 [64168508-e903-4327-b7bc-0572c2109e1a-groupManagement] INFO  server.RaftServerConfigKeys (ConfUtils.java:logGet(46)) - raft.server.log.purge.gap = 1000000 (custom)
2024-02-10 23:48:19,038 [64168508-e903-4327-b7bc-0572c2109e1a-groupManagement] INFO  server.RaftServerConfigKeys (ConfUtils.java:logGet(46)) - raft.server.log.appender.buffer.byte-limit = 8388608 (custom)
2024-02-10 23:48:19,039 [EventQueue-PipelineReportForPipelineReportHandler] INFO  pipeline.PipelineReportHandler (PipelineReportHandler.java:processPipelineReport(136)) - Opened pipeline PipelineID=6806e11f-15cb-4c0a-9275-ac5d874349e8
2024-02-10 23:48:19,039 [64168508-e903-4327-b7bc-0572c2109e1a-groupManagement] INFO  server.RaftServerConfigKeys (ConfUtils.java:logGet(46)) - raft.server.log.statemachine.data.read.timeout = 1000ms (default)
2024-02-10 23:48:19,039 [EventQueue-OpenPipelineForHealthyPipelineSafeModeRule] INFO  safemode.SCMSafeModeManager (HealthyPipelineSafeModeRule.java:process(140)) - SCM in safe mode. Healthy pipelines reported count is 0, required healthy pipeline reported count is 1
2024-02-10 23:48:19,039 [64168508-e903-4327-b7bc-0572c2109e1a-groupManagement] INFO  server.RaftServerConfigKeys (ConfUtils.java:logGet(46)) - raft.server.log.purge.preservation.log.num = 0 (default)
2024-02-10 23:48:19,040 [64168508-e903-4327-b7bc-0572c2109e1a-groupManagement] INFO  server.RaftServerConfigKeys (ConfUtils.java:logGet(46)) - raft.server.log.segment.size.max = 67108864 (custom)
2024-02-10 23:48:19,040 [64168508-e903-4327-b7bc-0572c2109e1a-groupManagement] INFO  server.RaftServerConfigKeys (ConfUtils.java:logGet(46)) - raft.server.log.segment.cache.num.max = 2 (custom)
2024-02-10 23:48:19,040 [64168508-e903-4327-b7bc-0572c2109e1a-groupManagement] INFO  server.RaftServerConfigKeys (ConfUtils.java:logGet(46)) - raft.server.log.segment.cache.size.max = 200MB (=209715200) (default)
2024-02-10 23:48:19,040 [64168508-e903-4327-b7bc-0572c2109e1a-groupManagement] INFO  server.RaftServerConfigKeys (ConfUtils.java:logGet(46)) - raft.server.log.appender.buffer.byte-limit = 8388608 (custom)
2024-02-10 23:48:19,040 [64168508-e903-4327-b7bc-0572c2109e1a-groupManagement] INFO  util.AwaitToRun (AwaitToRun.java:start(81)) - Thread[64168508-e903-4327-b7bc-0572c2109e1a@group-AC5D874349E8-cacheEviction-AwaitToRun,5,main] started
2024-02-10 23:48:19,040 [64168508-e903-4327-b7bc-0572c2109e1a-groupManagement] INFO  segmented.SegmentedRaftLogWorker (SegmentedRaftLogWorker.java:<init>(182)) - new 64168508-e903-4327-b7bc-0572c2109e1a@group-AC5D874349E8-SegmentedRaftLogWorker for RaftStorageImpl:Storage Directory /home/runner/work/ozone/ozone/hadoop-ozone/integration-test/target/test-dir/MiniOzoneClusterImpl-da04a438-6ec0-4fc9-9b2e-e93c90459920/datanode-6/data/ratis/6806e11f-15cb-4c0a-9275-ac5d874349e8
2024-02-10 23:48:19,040 [64168508-e903-4327-b7bc-0572c2109e1a-groupManagement] INFO  server.RaftServerConfigKeys (ConfUtils.java:logGet(46)) - raft.server.log.queue.byte-limit = 4294967296 (custom)
2024-02-10 23:48:19,040 [64168508-e903-4327-b7bc-0572c2109e1a-groupManagement] INFO  server.RaftServerConfigKeys (ConfUtils.java:logGet(46)) - raft.server.log.queue.element-limit = 1024 (custom)
2024-02-10 23:48:19,040 [64168508-e903-4327-b7bc-0572c2109e1a-groupManagement] INFO  server.RaftServerConfigKeys (ConfUtils.java:logGet(46)) - raft.server.log.segment.size.max = 67108864 (custom)
2024-02-10 23:48:19,041 [64168508-e903-4327-b7bc-0572c2109e1a-groupManagement] INFO  server.RaftServerConfigKeys (ConfUtils.java:logGet(46)) - raft.server.log.preallocated.size = 4194304 (custom)
2024-02-10 23:48:19,041 [64168508-e903-4327-b7bc-0572c2109e1a-groupManagement] INFO  server.RaftServerConfigKeys (ConfUtils.java:logGet(46)) - raft.server.log.force.sync.num = 128 (default)
2024-02-10 23:48:19,041 [64168508-e903-4327-b7bc-0572c2109e1a-groupManagement] INFO  server.RaftServerConfigKeys (ConfUtils.java:logGet(46)) - raft.server.log.statemachine.data.sync = true (default)
2024-02-10 23:48:19,041 [64168508-e903-4327-b7bc-0572c2109e1a-groupManagement] INFO  server.RaftServerConfigKeys (ConfUtils.java:logGet(46)) - raft.server.log.statemachine.data.sync.timeout = 10s (default)
2024-02-10 23:48:19,041 [64168508-e903-4327-b7bc-0572c2109e1a-groupManagement] INFO  server.RaftServerConfigKeys (ConfUtils.java:logGet(46)) - raft.server.log.statemachine.data.sync.timeout.retry = 0 (custom)
2024-02-10 23:48:19,041 [64168508-e903-4327-b7bc-0572c2109e1a-groupManagement] INFO  server.RaftServerConfigKeys (ConfUtils.java:logGet(46)) - raft.server.log.write.buffer.size = 8388616 (custom)
2024-02-10 23:48:19,042 [64168508-e903-4327-b7bc-0572c2109e1a-groupManagement] INFO  server.RaftServerConfigKeys (ConfUtils.java:logGet(46)) - raft.server.log.appender.buffer.byte-limit = 8388608 (custom)
2024-02-10 23:48:19,042 [64168508-e903-4327-b7bc-0572c2109e1a-groupManagement] INFO  server.RaftServerConfigKeys (ConfUtils.java:logGet(46)) - raft.server.log.unsafe-flush.enabled = false (default)
2024-02-10 23:48:19,042 [64168508-e903-4327-b7bc-0572c2109e1a-groupManagement] INFO  server.RaftServerConfigKeys (ConfUtils.java:logGet(46)) - raft.server.log.async-flush.enabled = false (default)
2024-02-10 23:48:19,042 [64168508-e903-4327-b7bc-0572c2109e1a-groupManagement] INFO  server.RaftServerConfigKeys (ConfUtils.java:logGet(46)) - raft.server.log.statemachine.data.caching.enabled = true (custom)
2024-02-10 23:48:19,042 [64168508-e903-4327-b7bc-0572c2109e1a-groupManagement] INFO  segmented.SegmentedRaftLogWorker (SegmentedRaftLogWorker.java:lambda$new$0(134)) - 64168508-e903-4327-b7bc-0572c2109e1a@group-AC5D874349E8-SegmentedRaftLogWorker: flushIndex: setUnconditionally 0 -> -1
2024-02-10 23:48:19,043 [64168508-e903-4327-b7bc-0572c2109e1a-groupManagement] INFO  segmented.SegmentedRaftLogWorker (SegmentedRaftLogWorker.java:lambda$new$0(134)) - 64168508-e903-4327-b7bc-0572c2109e1a@group-AC5D874349E8-SegmentedRaftLogWorker: safeCacheEvictIndex: setUnconditionally 0 -> -1
2024-02-10 23:48:19,043 [64168508-e903-4327-b7bc-0572c2109e1a-groupManagement] INFO  server.RaftServer$Division (RaftServerImpl.java:start(396)) - 64168508-e903-4327-b7bc-0572c2109e1a@group-AC5D874349E8: start as a follower, conf=-1: peers:[64168508-e903-4327-b7bc-0572c2109e1a|10.1.0.12:15335]|listeners:[], old=null
2024-02-10 23:48:19,043 [64168508-e903-4327-b7bc-0572c2109e1a-groupManagement] INFO  server.RaftServer$Division (RaftServerImpl.java:setRole(383)) - 64168508-e903-4327-b7bc-0572c2109e1a@group-AC5D874349E8: changes role from      null to FOLLOWER at term 0 for startAsFollower
2024-02-10 23:48:19,043 [64168508-e903-4327-b7bc-0572c2109e1a-groupManagement] INFO  impl.RoleInfo (RoleInfo.java:updateAndGet(139)) - 64168508-e903-4327-b7bc-0572c2109e1a: start 64168508-e903-4327-b7bc-0572c2109e1a@group-AC5D874349E8-FollowerState
2024-02-10 23:48:19,043 [64168508-e903-4327-b7bc-0572c2109e1a@group-AC5D874349E8-FollowerState] INFO  server.RaftServerConfigKeys (ConfUtils.java:logFallback(53)) - raft.server.rpc.first-election.timeout.min = 5s (fallback to raft.server.rpc.timeout.min)
2024-02-10 23:48:19,043 [64168508-e903-4327-b7bc-0572c2109e1a-groupManagement] INFO  util.JmxRegister (JmxRegister.java:tryRegister(44)) - Successfully registered JMX Bean with object name Ratis:service=RaftServer,group=group-AC5D874349E8,id=64168508-e903-4327-b7bc-0572c2109e1a
2024-02-10 23:48:19,043 [64168508-e903-4327-b7bc-0572c2109e1a@group-AC5D874349E8-FollowerState] INFO  server.RaftServerConfigKeys (ConfUtils.java:logFallback(53)) - raft.server.rpc.first-election.timeout.max = 5200ms (fallback to raft.server.rpc.timeout.max)
2024-02-10 23:48:19,043 [64168508-e903-4327-b7bc-0572c2109e1a-groupManagement] INFO  server.RaftServerConfigKeys (ConfUtils.java:logGet(46)) - raft.server.snapshot.trigger-when-stop.enabled = true (default)
2024-02-10 23:48:19,043 [64168508-e903-4327-b7bc-0572c2109e1a-groupManagement] INFO  server.RaftServerConfigKeys (ConfUtils.java:logGet(46)) - raft.server.snapshot.auto.trigger.enabled = true (custom)
2024-02-10 23:48:19,043 [64168508-e903-4327-b7bc-0572c2109e1a-groupManagement] INFO  server.RaftServerConfigKeys (ConfUtils.java:logGet(46)) - raft.server.snapshot.auto.trigger.threshold = 10000 (custom)
2024-02-10 23:48:19,043 [64168508-e903-4327-b7bc-0572c2109e1a-groupManagement] INFO  server.RaftServerConfigKeys (ConfUtils.java:logGet(46)) - raft.server.snapshot.retention.file.num = 5 (custom)
2024-02-10 23:48:19,044 [64168508-e903-4327-b7bc-0572c2109e1a-groupManagement] INFO  server.RaftServerConfigKeys (ConfUtils.java:logGet(46)) - raft.server.log.purge.upto.snapshot.index = false (default)
2024-02-10 23:48:19,044 [64168508-e903-4327-b7bc-0572c2109e1a-PipelineCommandHandlerThread-0] INFO  ratis.XceiverServerRatis (XceiverServerRatis.java:addGroup(864)) - Created group PipelineID=6806e11f-15cb-4c0a-9275-ac5d874349e8
2024-02-10 23:48:19,044 [64168508-e903-4327-b7bc-0572c2109e1a-PipelineCommandHandlerThread-0] INFO  commandhandler.CreatePipelineCommandHandler (CreatePipelineCommandHandler.java:lambda$handle$2(124)) - Created Pipeline RATIS ONE PipelineID=6806e11f-15cb-4c0a-9275-ac5d874349e8.
2024-02-10 23:48:19,044 [64168508-e903-4327-b7bc-0572c2109e1a-PipelineCommandHandlerThread-0] INFO  server.RaftServer (RaftServerProxy.java:addNew(100)) - 64168508-e903-4327-b7bc-0572c2109e1a: addNew group-50E16CFB81C8:[64168508-e903-4327-b7bc-0572c2109e1a|10.1.0.12:15335, e6303cd0-aa6e-4f0b-8227-f9fc00433fb7|10.1.0.12:15344, f4d36fa5-ed0e-4d34-ba3c-8c17cce67bcd|10.1.0.12:15353] returns group-50E16CFB81C8:java.util.concurrent.CompletableFuture@711b8a[Not completed]
2024-02-10 23:48:19,045 [64168508-e903-4327-b7bc-0572c2109e1a-groupManagement] INFO  server.RaftServer$Division (RaftServerImpl.java:<init>(256)) - 64168508-e903-4327-b7bc-0572c2109e1a: new RaftServerImpl for group-50E16CFB81C8:[64168508-e903-4327-b7bc-0572c2109e1a|10.1.0.12:15335, e6303cd0-aa6e-4f0b-8227-f9fc00433fb7|10.1.0.12:15344, f4d36fa5-ed0e-4d34-ba3c-8c17cce67bcd|10.1.0.12:15353] with ContainerStateMachine:uninitialized
2024-02-10 23:48:19,045 [64168508-e903-4327-b7bc-0572c2109e1a-groupManagement] INFO  server.RaftServerConfigKeys (ConfUtils.java:logGet(46)) - raft.server.rpc.timeout.min = 5s (custom)
2024-02-10 23:48:19,045 [64168508-e903-4327-b7bc-0572c2109e1a-groupManagement] INFO  server.RaftServerConfigKeys (ConfUtils.java:logGet(46)) - raft.server.rpc.timeout.max = 5200ms (custom)
2024-02-10 23:48:19,045 [64168508-e903-4327-b7bc-0572c2109e1a-groupManagement] INFO  server.RaftServerConfigKeys (ConfUtils.java:logGet(46)) - raft.server.rpc.sleep.time = 25ms (default)
2024-02-10 23:48:19,045 [64168508-e903-4327-b7bc-0572c2109e1a-groupManagement] INFO  server.RaftServerConfigKeys (ConfUtils.java:logGet(46)) - raft.server.rpc.slowness.timeout = 300000ms (custom)
2024-02-10 23:48:19,045 [64168508-e903-4327-b7bc-0572c2109e1a-groupManagement] INFO  server.RaftServerConfigKeys (ConfUtils.java:logGet(46)) - raft.server.leaderelection.leader.step-down.wait-time = 10s (default)
2024-02-10 23:48:19,045 [64168508-e903-4327-b7bc-0572c2109e1a-groupManagement] INFO  server.RaftServerConfigKeys (ConfUtils.java:logGet(46)) - raft.server.leaderelection.member.majority-add = false (default)
2024-02-10 23:48:19,045 [64168508-e903-4327-b7bc-0572c2109e1a-groupManagement] INFO  server.RaftServerConfigKeys (ConfUtils.java:logGet(46)) - raft.server.sleep.deviation.threshold = 300ms (default)
2024-02-10 23:48:19,045 [64168508-e903-4327-b7bc-0572c2109e1a-groupManagement] INFO  server.RaftServer$Division (ServerState.java:<init>(113)) - 64168508-e903-4327-b7bc-0572c2109e1a@group-50E16CFB81C8: ConfigurationManager, init=-1: peers:[64168508-e903-4327-b7bc-0572c2109e1a|10.1.0.12:15335, e6303cd0-aa6e-4f0b-8227-f9fc00433fb7|10.1.0.12:15344, f4d36fa5-ed0e-4d34-ba3c-8c17cce67bcd|10.1.0.12:15353]|listeners:[], old=null, confs=<EMPTY_MAP>
2024-02-10 23:48:19,046 [64168508-e903-4327-b7bc-0572c2109e1a-groupManagement] INFO  server.RaftServerConfigKeys (ConfUtils.java:logGet(46)) - raft.server.notification.no-leader.timeout = 300000ms (custom)
2024-02-10 23:48:19,046 [64168508-e903-4327-b7bc-0572c2109e1a-groupManagement] INFO  server.RaftServerConfigKeys (ConfUtils.java:logGet(46)) - raft.server.read.timeout = 10s (default)
2024-02-10 23:48:19,046 [64168508-e903-4327-b7bc-0572c2109e1a-groupManagement] INFO  server.RaftServerConfigKeys (ConfUtils.java:logGet(46)) - raft.server.retrycache.expirytime = 600000ms (custom)
2024-02-10 23:48:19,046 [64168508-e903-4327-b7bc-0572c2109e1a-groupManagement] INFO  server.RaftServerConfigKeys (ConfUtils.java:logGet(46)) - raft.server.retrycache.statistics.expirytime = 100ms (default)
2024-02-10 23:48:19,046 [64168508-e903-4327-b7bc-0572c2109e1a-groupManagement] INFO  server.RaftServerConfigKeys (ConfUtils.java:logGet(46)) - raft.server.read.option = DEFAULT (default)
2024-02-10 23:48:19,046 [64168508-e903-4327-b7bc-0572c2109e1a-groupManagement] INFO  server.RaftServerConfigKeys (ConfUtils.java:logGet(46)) - raft.server.read.read-after-write-consistent.write-index-cache.expiry-time = 60s (default)
2024-02-10 23:48:19,048 [64168508-e903-4327-b7bc-0572c2109e1a-groupManagement] INFO  server.RaftServerConfigKeys (ConfUtils.java:logGet(46)) - raft.server.rpc.request.timeout = 3000ms (default)
2024-02-10 23:48:19,048 [64168508-e903-4327-b7bc-0572c2109e1a-groupManagement] INFO  server.RaftServerConfigKeys (ConfUtils.java:logGet(46)) - raft.server.log.appender.install.snapshot.enabled = false (custom)
2024-02-10 23:48:19,048 [64168508-e903-4327-b7bc-0572c2109e1a-groupManagement] INFO  server.RaftServerConfigKeys (ConfUtils.java:logGet(46)) - raft.server.threadpool.server.cached = true (default)
2024-02-10 23:48:19,048 [64168508-e903-4327-b7bc-0572c2109e1a-groupManagement] INFO  server.RaftServerConfigKeys (ConfUtils.java:logGet(46)) - raft.server.threadpool.server.size = 0 (default)
2024-02-10 23:48:19,048 [64168508-e903-4327-b7bc-0572c2109e1a-groupManagement] INFO  server.RaftServerConfigKeys (ConfUtils.java:logGet(46)) - raft.server.threadpool.client.cached = true (default)
2024-02-10 23:48:19,048 [64168508-e903-4327-b7bc-0572c2109e1a-groupManagement] INFO  server.RaftServerConfigKeys (ConfUtils.java:logGet(46)) - raft.server.threadpool.client.size = 0 (default)
2024-02-10 23:48:19,048 [64168508-e903-4327-b7bc-0572c2109e1a-groupManagement] INFO  server.RaftServerConfigKeys (ConfUtils.java:logGet(46)) - raft.server.storage.free-space.min = 0MB (=0) (default)
2024-02-10 23:48:19,048 [64168508-e903-4327-b7bc-0572c2109e1a-groupManagement] INFO  server.RaftServerConfigKeys (ConfUtils.java:logGet(46)) - raft.server.log.corruption.policy = EXCEPTION (default)
2024-02-10 23:48:19,048 [64168508-e903-4327-b7bc-0572c2109e1a-groupManagement] INFO  server.RaftServerConfigKeys (ConfUtils.java:logGet(46)) - raft.server.storage.dir = [/home/runner/work/ozone/ozone/hadoop-ozone/integration-test/target/test-dir/MiniOzoneClusterImpl-da04a438-6ec0-4fc9-9b2e-e93c90459920/datanode-6/data/ratis] (custom)
2024-02-10 23:48:19,048 [64168508-e903-4327-b7bc-0572c2109e1a-groupManagement] INFO  storage.RaftStorageDirectory (RaftStorageDirectoryImpl.java:analyzeStorage(138)) - The storage directory /home/runner/work/ozone/ozone/hadoop-ozone/integration-test/target/test-dir/MiniOzoneClusterImpl-da04a438-6ec0-4fc9-9b2e-e93c90459920/datanode-6/data/ratis/6f4d2cd4-5cfc-44ba-abd0-50e16cfb81c8 does not exist. Creating ...
2024-02-10 23:48:19,050 [64168508-e903-4327-b7bc-0572c2109e1a-groupManagement] INFO  storage.RaftStorageDirectory (RaftStorageDirectoryImpl.java:tryLock(228)) - Lock on /home/runner/work/ozone/ozone/hadoop-ozone/integration-test/target/test-dir/MiniOzoneClusterImpl-da04a438-6ec0-4fc9-9b2e-e93c90459920/datanode-6/data/ratis/6f4d2cd4-5cfc-44ba-abd0-50e16cfb81c8/in_use.lock acquired by nodename 48413@fv-az886-285
2024-02-10 23:48:19,050 [64168508-e903-4327-b7bc-0572c2109e1a-groupManagement] INFO  storage.RaftStorage (RaftStorageImpl.java:format(99)) - Storage directory /home/runner/work/ozone/ozone/hadoop-ozone/integration-test/target/test-dir/MiniOzoneClusterImpl-da04a438-6ec0-4fc9-9b2e-e93c90459920/datanode-6/data/ratis/6f4d2cd4-5cfc-44ba-abd0-50e16cfb81c8 has been successfully formatted.
2024-02-10 23:48:19,051 [64168508-e903-4327-b7bc-0572c2109e1a-groupManagement] WARN  util.FileUtils (LogUtils.java:supplyAndLog(63)) - Failed to Files.newInputStream /home/runner/work/ozone/ozone/hadoop-ozone/integration-test/target/test-dir/MiniOzoneClusterImpl-da04a438-6ec0-4fc9-9b2e-e93c90459920/datanode-6/data/ratis/6f4d2cd4-5cfc-44ba-abd0-50e16cfb81c8/current/raft-meta.conf with options []: java.nio.file.NoSuchFileException: /home/runner/work/ozone/ozone/hadoop-ozone/integration-test/target/test-dir/MiniOzoneClusterImpl-da04a438-6ec0-4fc9-9b2e-e93c90459920/datanode-6/data/ratis/6f4d2cd4-5cfc-44ba-abd0-50e16cfb81c8/current/raft-meta.conf
2024-02-10 23:48:19,051 [64168508-e903-4327-b7bc-0572c2109e1a-groupManagement] INFO  ratis.ContainerStateMachine (ContainerStateMachine.java:loadSnapshot(287)) - group-50E16CFB81C8: The snapshot info is null. Setting the last applied index to:(t:0, i:~)
2024-02-10 23:48:19,051 [64168508-e903-4327-b7bc-0572c2109e1a-groupManagement] INFO  server.RaftServerConfigKeys (ConfUtils.java:logGet(46)) - raft.server.log.use.memory = false (default)
2024-02-10 23:48:19,051 [64168508-e903-4327-b7bc-0572c2109e1a-groupManagement] INFO  server.RaftServerConfigKeys (ConfUtils.java:logGet(46)) - raft.server.log.purge.gap = 1000000 (custom)
2024-02-10 23:48:19,051 [64168508-e903-4327-b7bc-0572c2109e1a-groupManagement] INFO  server.RaftServerConfigKeys (ConfUtils.java:logGet(46)) - raft.server.log.appender.buffer.byte-limit = 8388608 (custom)
2024-02-10 23:48:19,051 [64168508-e903-4327-b7bc-0572c2109e1a-groupManagement] INFO  server.RaftServerConfigKeys (ConfUtils.java:logGet(46)) - raft.server.log.statemachine.data.read.timeout = 1000ms (default)
2024-02-10 23:48:19,051 [64168508-e903-4327-b7bc-0572c2109e1a-groupManagement] INFO  server.RaftServerConfigKeys (ConfUtils.java:logGet(46)) - raft.server.log.purge.preservation.log.num = 0 (default)
2024-02-10 23:48:19,051 [EventQueue-OpenPipelineForHealthyPipelineSafeModeRule] INFO  safemode.SCMSafeModeManager (HealthyPipelineSafeModeRule.java:process(140)) - SCM in safe mode. Healthy pipelines reported count is 0, required healthy pipeline reported count is 1
2024-02-10 23:48:19,052 [64168508-e903-4327-b7bc-0572c2109e1a-groupManagement] INFO  server.RaftServerConfigKeys (ConfUtils.java:logGet(46)) - raft.server.log.segment.size.max = 67108864 (custom)
2024-02-10 23:48:19,052 [64168508-e903-4327-b7bc-0572c2109e1a-groupManagement] INFO  server.RaftServerConfigKeys (ConfUtils.java:logGet(46)) - raft.server.log.segment.cache.num.max = 2 (custom)
2024-02-10 23:48:19,052 [64168508-e903-4327-b7bc-0572c2109e1a-groupManagement] INFO  server.RaftServerConfigKeys (ConfUtils.java:logGet(46)) - raft.server.log.segment.cache.size.max = 200MB (=209715200) (default)
2024-02-10 23:48:19,052 [64168508-e903-4327-b7bc-0572c2109e1a-groupManagement] INFO  server.RaftServerConfigKeys (ConfUtils.java:logGet(46)) - raft.server.log.appender.buffer.byte-limit = 8388608 (custom)
2024-02-10 23:48:19,053 [64168508-e903-4327-b7bc-0572c2109e1a-groupManagement] INFO  util.AwaitToRun (AwaitToRun.java:start(81)) - Thread[64168508-e903-4327-b7bc-0572c2109e1a@group-50E16CFB81C8-cacheEviction-AwaitToRun,5,main] started
2024-02-10 23:48:19,053 [64168508-e903-4327-b7bc-0572c2109e1a-groupManagement] INFO  segmented.SegmentedRaftLogWorker (SegmentedRaftLogWorker.java:<init>(182)) - new 64168508-e903-4327-b7bc-0572c2109e1a@group-50E16CFB81C8-SegmentedRaftLogWorker for RaftStorageImpl:Storage Directory /home/runner/work/ozone/ozone/hadoop-ozone/integration-test/target/test-dir/MiniOzoneClusterImpl-da04a438-6ec0-4fc9-9b2e-e93c90459920/datanode-6/data/ratis/6f4d2cd4-5cfc-44ba-abd0-50e16cfb81c8
2024-02-10 23:48:19,053 [64168508-e903-4327-b7bc-0572c2109e1a-groupManagement] INFO  server.RaftServerConfigKeys (ConfUtils.java:logGet(46)) - raft.server.log.queue.byte-limit = 4294967296 (custom)
2024-02-10 23:48:19,053 [64168508-e903-4327-b7bc-0572c2109e1a-groupManagement] INFO  server.RaftServerConfigKeys (ConfUtils.java:logGet(46)) - raft.server.log.queue.element-limit = 1024 (custom)
2024-02-10 23:48:19,053 [64168508-e903-4327-b7bc-0572c2109e1a-groupManagement] INFO  server.RaftServerConfigKeys (ConfUtils.java:logGet(46)) - raft.server.log.segment.size.max = 67108864 (custom)
2024-02-10 23:48:19,053 [64168508-e903-4327-b7bc-0572c2109e1a-groupManagement] INFO  server.RaftServerConfigKeys (ConfUtils.java:logGet(46)) - raft.server.log.preallocated.size = 4194304 (custom)
2024-02-10 23:48:19,053 [64168508-e903-4327-b7bc-0572c2109e1a-groupManagement] INFO  server.RaftServerConfigKeys (ConfUtils.java:logGet(46)) - raft.server.log.force.sync.num = 128 (default)
2024-02-10 23:48:19,053 [64168508-e903-4327-b7bc-0572c2109e1a-groupManagement] INFO  server.RaftServerConfigKeys (ConfUtils.java:logGet(46)) - raft.server.log.statemachine.data.sync = true (default)
2024-02-10 23:48:19,053 [64168508-e903-4327-b7bc-0572c2109e1a-groupManagement] INFO  server.RaftServerConfigKeys (ConfUtils.java:logGet(46)) - raft.server.log.statemachine.data.sync.timeout = 10s (default)
2024-02-10 23:48:19,053 [64168508-e903-4327-b7bc-0572c2109e1a-groupManagement] INFO  server.RaftServerConfigKeys (ConfUtils.java:logGet(46)) - raft.server.log.statemachine.data.sync.timeout.retry = 0 (custom)
2024-02-10 23:48:19,053 [64168508-e903-4327-b7bc-0572c2109e1a-groupManagement] INFO  server.RaftServerConfigKeys (ConfUtils.java:logGet(46)) - raft.server.log.write.buffer.size = 8388616 (custom)
2024-02-10 23:48:19,054 [64168508-e903-4327-b7bc-0572c2109e1a-groupManagement] INFO  server.RaftServerConfigKeys (ConfUtils.java:logGet(46)) - raft.server.log.appender.buffer.byte-limit = 8388608 (custom)
2024-02-10 23:48:19,054 [64168508-e903-4327-b7bc-0572c2109e1a-groupManagement] INFO  server.RaftServerConfigKeys (ConfUtils.java:logGet(46)) - raft.server.log.unsafe-flush.enabled = false (default)
2024-02-10 23:48:19,054 [64168508-e903-4327-b7bc-0572c2109e1a-groupManagement] INFO  server.RaftServerConfigKeys (ConfUtils.java:logGet(46)) - raft.server.log.async-flush.enabled = false (default)
2024-02-10 23:48:19,054 [64168508-e903-4327-b7bc-0572c2109e1a-groupManagement] INFO  server.RaftServerConfigKeys (ConfUtils.java:logGet(46)) - raft.server.log.statemachine.data.caching.enabled = true (custom)
2024-02-10 23:48:19,055 [64168508-e903-4327-b7bc-0572c2109e1a-groupManagement] INFO  segmented.SegmentedRaftLogWorker (SegmentedRaftLogWorker.java:lambda$new$0(134)) - 64168508-e903-4327-b7bc-0572c2109e1a@group-50E16CFB81C8-SegmentedRaftLogWorker: flushIndex: setUnconditionally 0 -> -1
2024-02-10 23:48:19,055 [64168508-e903-4327-b7bc-0572c2109e1a-groupManagement] INFO  segmented.SegmentedRaftLogWorker (SegmentedRaftLogWorker.java:lambda$new$0(134)) - 64168508-e903-4327-b7bc-0572c2109e1a@group-50E16CFB81C8-SegmentedRaftLogWorker: safeCacheEvictIndex: setUnconditionally 0 -> -1
2024-02-10 23:48:19,055 [64168508-e903-4327-b7bc-0572c2109e1a-groupManagement] INFO  server.RaftServer$Division (RaftServerImpl.java:start(396)) - 64168508-e903-4327-b7bc-0572c2109e1a@group-50E16CFB81C8: start as a follower, conf=-1: peers:[64168508-e903-4327-b7bc-0572c2109e1a|10.1.0.12:15335, e6303cd0-aa6e-4f0b-8227-f9fc00433fb7|10.1.0.12:15344, f4d36fa5-ed0e-4d34-ba3c-8c17cce67bcd|10.1.0.12:15353]|listeners:[], old=null
2024-02-10 23:48:19,055 [64168508-e903-4327-b7bc-0572c2109e1a-groupManagement] INFO  server.RaftServer$Division (RaftServerImpl.java:setRole(383)) - 64168508-e903-4327-b7bc-0572c2109e1a@group-50E16CFB81C8: changes role from      null to FOLLOWER at term 0 for startAsFollower
2024-02-10 23:48:19,055 [64168508-e903-4327-b7bc-0572c2109e1a-groupManagement] INFO  impl.RoleInfo (RoleInfo.java:updateAndGet(139)) - 64168508-e903-4327-b7bc-0572c2109e1a: start 64168508-e903-4327-b7bc-0572c2109e1a@group-50E16CFB81C8-FollowerState
2024-02-10 23:48:19,055 [64168508-e903-4327-b7bc-0572c2109e1a-groupManagement] INFO  util.JmxRegister (JmxRegister.java:tryRegister(44)) - Successfully registered JMX Bean with object name Ratis:service=RaftServer,group=group-50E16CFB81C8,id=64168508-e903-4327-b7bc-0572c2109e1a
2024-02-10 23:48:19,055 [64168508-e903-4327-b7bc-0572c2109e1a@group-50E16CFB81C8-FollowerState] INFO  server.RaftServerConfigKeys (ConfUtils.java:logFallback(53)) - raft.server.rpc.first-election.timeout.min = 5s (fallback to raft.server.rpc.timeout.min)
2024-02-10 23:48:19,055 [64168508-e903-4327-b7bc-0572c2109e1a-groupManagement] INFO  server.RaftServerConfigKeys (ConfUtils.java:logGet(46)) - raft.server.snapshot.trigger-when-stop.enabled = true (default)
2024-02-10 23:48:19,055 [64168508-e903-4327-b7bc-0572c2109e1a-groupManagement] INFO  server.RaftServerConfigKeys (ConfUtils.java:logGet(46)) - raft.server.snapshot.auto.trigger.enabled = true (custom)
2024-02-10 23:48:19,055 [64168508-e903-4327-b7bc-0572c2109e1a@group-50E16CFB81C8-FollowerState] INFO  server.RaftServerConfigKeys (ConfUtils.java:logFallback(53)) - raft.server.rpc.first-election.timeout.max = 5200ms (fallback to raft.server.rpc.timeout.max)
2024-02-10 23:48:19,055 [64168508-e903-4327-b7bc-0572c2109e1a-groupManagement] INFO  server.RaftServerConfigKeys (ConfUtils.java:logGet(46)) - raft.server.snapshot.auto.trigger.threshold = 10000 (custom)
2024-02-10 23:48:19,055 [64168508-e903-4327-b7bc-0572c2109e1a-groupManagement] INFO  server.RaftServerConfigKeys (ConfUtils.java:logGet(46)) - raft.server.snapshot.retention.file.num = 5 (custom)
2024-02-10 23:48:19,055 [64168508-e903-4327-b7bc-0572c2109e1a-groupManagement] INFO  server.RaftServerConfigKeys (ConfUtils.java:logGet(46)) - raft.server.log.purge.upto.snapshot.index = false (default)
2024-02-10 23:48:19,056 [64168508-e903-4327-b7bc-0572c2109e1a-PipelineCommandHandlerThread-0] INFO  ratis.XceiverServerRatis (XceiverServerRatis.java:addGroup(864)) - Created group PipelineID=6f4d2cd4-5cfc-44ba-abd0-50e16cfb81c8
2024-02-10 23:48:19,061 [grpc-default-executor-0] INFO  server.RaftServer (RaftServerProxy.java:addNew(100)) - e6303cd0-aa6e-4f0b-8227-f9fc00433fb7: addNew group-50E16CFB81C8:[64168508-e903-4327-b7bc-0572c2109e1a|10.1.0.12:15335, e6303cd0-aa6e-4f0b-8227-f9fc00433fb7|10.1.0.12:15344, f4d36fa5-ed0e-4d34-ba3c-8c17cce67bcd|10.1.0.12:15353] returns group-50E16CFB81C8:java.util.concurrent.CompletableFuture@1dcad9[Not completed]
2024-02-10 23:48:19,062 [e6303cd0-aa6e-4f0b-8227-f9fc00433fb7-groupManagement] INFO  server.RaftServer$Division (RaftServerImpl.java:<init>(256)) - e6303cd0-aa6e-4f0b-8227-f9fc00433fb7: new RaftServerImpl for group-50E16CFB81C8:[64168508-e903-4327-b7bc-0572c2109e1a|10.1.0.12:15335, e6303cd0-aa6e-4f0b-8227-f9fc00433fb7|10.1.0.12:15344, f4d36fa5-ed0e-4d34-ba3c-8c17cce67bcd|10.1.0.12:15353] with ContainerStateMachine:uninitialized
2024-02-10 23:48:19,062 [e6303cd0-aa6e-4f0b-8227-f9fc00433fb7-groupManagement] INFO  server.RaftServerConfigKeys (ConfUtils.java:logGet(46)) - raft.server.rpc.timeout.min = 5s (custom)
2024-02-10 23:48:19,062 [e6303cd0-aa6e-4f0b-8227-f9fc00433fb7-groupManagement] INFO  server.RaftServerConfigKeys (ConfUtils.java:logGet(46)) - raft.server.rpc.timeout.max = 5200ms (custom)
2024-02-10 23:48:19,062 [e6303cd0-aa6e-4f0b-8227-f9fc00433fb7-groupManagement] INFO  server.RaftServerConfigKeys (ConfUtils.java:logGet(46)) - raft.server.rpc.sleep.time = 25ms (default)
2024-02-10 23:48:19,062 [e6303cd0-aa6e-4f0b-8227-f9fc00433fb7-groupManagement] INFO  server.RaftServerConfigKeys (ConfUtils.java:logGet(46)) - raft.server.rpc.slowness.timeout = 300000ms (custom)
2024-02-10 23:48:19,062 [e6303cd0-aa6e-4f0b-8227-f9fc00433fb7-groupManagement] INFO  server.RaftServerConfigKeys (ConfUtils.java:logGet(46)) - raft.server.leaderelection.leader.step-down.wait-time = 10s (default)
2024-02-10 23:48:19,062 [e6303cd0-aa6e-4f0b-8227-f9fc00433fb7-groupManagement] INFO  server.RaftServerConfigKeys (ConfUtils.java:logGet(46)) - raft.server.leaderelection.member.majority-add = false (default)
2024-02-10 23:48:19,063 [e6303cd0-aa6e-4f0b-8227-f9fc00433fb7-groupManagement] INFO  server.RaftServerConfigKeys (ConfUtils.java:logGet(46)) - raft.server.sleep.deviation.threshold = 300ms (default)
2024-02-10 23:48:19,063 [e6303cd0-aa6e-4f0b-8227-f9fc00433fb7-groupManagement] INFO  server.RaftServer$Division (ServerState.java:<init>(113)) - e6303cd0-aa6e-4f0b-8227-f9fc00433fb7@group-50E16CFB81C8: ConfigurationManager, init=-1: peers:[64168508-e903-4327-b7bc-0572c2109e1a|10.1.0.12:15335, e6303cd0-aa6e-4f0b-8227-f9fc00433fb7|10.1.0.12:15344, f4d36fa5-ed0e-4d34-ba3c-8c17cce67bcd|10.1.0.12:15353]|listeners:[], old=null, confs=<EMPTY_MAP>
2024-02-10 23:48:19,063 [e6303cd0-aa6e-4f0b-8227-f9fc00433fb7-groupManagement] INFO  server.RaftServerConfigKeys (ConfUtils.java:logGet(46)) - raft.server.notification.no-leader.timeout = 300000ms (custom)
2024-02-10 23:48:19,063 [e6303cd0-aa6e-4f0b-8227-f9fc00433fb7-groupManagement] INFO  server.RaftServerConfigKeys (ConfUtils.java:logGet(46)) - raft.server.read.timeout = 10s (default)
2024-02-10 23:48:19,063 [e6303cd0-aa6e-4f0b-8227-f9fc00433fb7-groupManagement] INFO  server.RaftServerConfigKeys (ConfUtils.java:logGet(46)) - raft.server.retrycache.expirytime = 600000ms (custom)
2024-02-10 23:48:19,063 [e6303cd0-aa6e-4f0b-8227-f9fc00433fb7-groupManagement] INFO  server.RaftServerConfigKeys (ConfUtils.java:logGet(46)) - raft.server.retrycache.statistics.expirytime = 100ms (default)
2024-02-10 23:48:19,063 [e6303cd0-aa6e-4f0b-8227-f9fc00433fb7-groupManagement] INFO  server.RaftServerConfigKeys (ConfUtils.java:logGet(46)) - raft.server.read.option = DEFAULT (default)
2024-02-10 23:48:19,063 [e6303cd0-aa6e-4f0b-8227-f9fc00433fb7-groupManagement] INFO  server.RaftServerConfigKeys (ConfUtils.java:logGet(46)) - raft.server.read.read-after-write-consistent.write-index-cache.expiry-time = 60s (default)
2024-02-10 23:48:19,065 [e6303cd0-aa6e-4f0b-8227-f9fc00433fb7-groupManagement] INFO  server.RaftServerConfigKeys (ConfUtils.java:logGet(46)) - raft.server.rpc.request.timeout = 3000ms (default)
2024-02-10 23:48:19,065 [e6303cd0-aa6e-4f0b-8227-f9fc00433fb7-groupManagement] INFO  server.RaftServerConfigKeys (ConfUtils.java:logGet(46)) - raft.server.log.appender.install.snapshot.enabled = false (custom)
2024-02-10 23:48:19,065 [e6303cd0-aa6e-4f0b-8227-f9fc00433fb7-groupManagement] INFO  server.RaftServerConfigKeys (ConfUtils.java:logGet(46)) - raft.server.threadpool.server.cached = true (default)
2024-02-10 23:48:19,065 [e6303cd0-aa6e-4f0b-8227-f9fc00433fb7-groupManagement] INFO  server.RaftServerConfigKeys (ConfUtils.java:logGet(46)) - raft.server.threadpool.server.size = 0 (default)
2024-02-10 23:48:19,065 [e6303cd0-aa6e-4f0b-8227-f9fc00433fb7-groupManagement] INFO  server.RaftServerConfigKeys (ConfUtils.java:logGet(46)) - raft.server.threadpool.client.cached = true (default)
2024-02-10 23:48:19,065 [e6303cd0-aa6e-4f0b-8227-f9fc00433fb7-groupManagement] INFO  server.RaftServerConfigKeys (ConfUtils.java:logGet(46)) - raft.server.threadpool.client.size = 0 (default)
2024-02-10 23:48:19,065 [e6303cd0-aa6e-4f0b-8227-f9fc00433fb7-groupManagement] INFO  server.RaftServerConfigKeys (ConfUtils.java:logGet(46)) - raft.server.storage.free-space.min = 0MB (=0) (default)
2024-02-10 23:48:19,065 [e6303cd0-aa6e-4f0b-8227-f9fc00433fb7-groupManagement] INFO  server.RaftServerConfigKeys (ConfUtils.java:logGet(46)) - raft.server.log.corruption.policy = EXCEPTION (default)
2024-02-10 23:48:19,065 [e6303cd0-aa6e-4f0b-8227-f9fc00433fb7-groupManagement] INFO  server.RaftServerConfigKeys (ConfUtils.java:logGet(46)) - raft.server.storage.dir = [/home/runner/work/ozone/ozone/hadoop-ozone/integration-test/target/test-dir/MiniOzoneClusterImpl-da04a438-6ec0-4fc9-9b2e-e93c90459920/datanode-7/data/ratis] (custom)
2024-02-10 23:48:19,066 [e6303cd0-aa6e-4f0b-8227-f9fc00433fb7-groupManagement] INFO  storage.RaftStorageDirectory (RaftStorageDirectoryImpl.java:analyzeStorage(138)) - The storage directory /home/runner/work/ozone/ozone/hadoop-ozone/integration-test/target/test-dir/MiniOzoneClusterImpl-da04a438-6ec0-4fc9-9b2e-e93c90459920/datanode-7/data/ratis/6f4d2cd4-5cfc-44ba-abd0-50e16cfb81c8 does not exist. Creating ...
2024-02-10 23:48:19,066 [e6303cd0-aa6e-4f0b-8227-f9fc00433fb7-groupManagement] INFO  storage.RaftStorageDirectory (RaftStorageDirectoryImpl.java:tryLock(228)) - Lock on /home/runner/work/ozone/ozone/hadoop-ozone/integration-test/target/test-dir/MiniOzoneClusterImpl-da04a438-6ec0-4fc9-9b2e-e93c90459920/datanode-7/data/ratis/6f4d2cd4-5cfc-44ba-abd0-50e16cfb81c8/in_use.lock acquired by nodename 48413@fv-az886-285
2024-02-10 23:48:19,068 [e6303cd0-aa6e-4f0b-8227-f9fc00433fb7-groupManagement] INFO  storage.RaftStorage (RaftStorageImpl.java:format(99)) - Storage directory /home/runner/work/ozone/ozone/hadoop-ozone/integration-test/target/test-dir/MiniOzoneClusterImpl-da04a438-6ec0-4fc9-9b2e-e93c90459920/datanode-7/data/ratis/6f4d2cd4-5cfc-44ba-abd0-50e16cfb81c8 has been successfully formatted.
2024-02-10 23:48:19,068 [e6303cd0-aa6e-4f0b-8227-f9fc00433fb7-groupManagement] WARN  util.FileUtils (LogUtils.java:supplyAndLog(63)) - Failed to Files.newInputStream /home/runner/work/ozone/ozone/hadoop-ozone/integration-test/target/test-dir/MiniOzoneClusterImpl-da04a438-6ec0-4fc9-9b2e-e93c90459920/datanode-7/data/ratis/6f4d2cd4-5cfc-44ba-abd0-50e16cfb81c8/current/raft-meta.conf with options []: java.nio.file.NoSuchFileException: /home/runner/work/ozone/ozone/hadoop-ozone/integration-test/target/test-dir/MiniOzoneClusterImpl-da04a438-6ec0-4fc9-9b2e-e93c90459920/datanode-7/data/ratis/6f4d2cd4-5cfc-44ba-abd0-50e16cfb81c8/current/raft-meta.conf
2024-02-10 23:48:19,069 [e6303cd0-aa6e-4f0b-8227-f9fc00433fb7-groupManagement] INFO  ratis.ContainerStateMachine (ContainerStateMachine.java:loadSnapshot(287)) - group-50E16CFB81C8: The snapshot info is null. Setting the last applied index to:(t:0, i:~)
2024-02-10 23:48:19,069 [e6303cd0-aa6e-4f0b-8227-f9fc00433fb7-groupManagement] INFO  server.RaftServerConfigKeys (ConfUtils.java:logGet(46)) - raft.server.log.use.memory = false (default)
2024-02-10 23:48:19,069 [e6303cd0-aa6e-4f0b-8227-f9fc00433fb7-groupManagement] INFO  server.RaftServerConfigKeys (ConfUtils.java:logGet(46)) - raft.server.log.purge.gap = 1000000 (custom)
2024-02-10 23:48:19,069 [e6303cd0-aa6e-4f0b-8227-f9fc00433fb7-groupManagement] INFO  server.RaftServerConfigKeys (ConfUtils.java:logGet(46)) - raft.server.log.appender.buffer.byte-limit = 8388608 (custom)
2024-02-10 23:48:19,069 [e6303cd0-aa6e-4f0b-8227-f9fc00433fb7-groupManagement] INFO  server.RaftServerConfigKeys (ConfUtils.java:logGet(46)) - raft.server.log.statemachine.data.read.timeout = 1000ms (default)
2024-02-10 23:48:19,069 [e6303cd0-aa6e-4f0b-8227-f9fc00433fb7-groupManagement] INFO  server.RaftServerConfigKeys (ConfUtils.java:logGet(46)) - raft.server.log.purge.preservation.log.num = 0 (default)
2024-02-10 23:48:19,070 [e6303cd0-aa6e-4f0b-8227-f9fc00433fb7-groupManagement] INFO  server.RaftServerConfigKeys (ConfUtils.java:logGet(46)) - raft.server.log.segment.size.max = 67108864 (custom)
2024-02-10 23:48:19,070 [e6303cd0-aa6e-4f0b-8227-f9fc00433fb7-groupManagement] INFO  server.RaftServerConfigKeys (ConfUtils.java:logGet(46)) - raft.server.log.segment.cache.num.max = 2 (custom)
2024-02-10 23:48:19,070 [e6303cd0-aa6e-4f0b-8227-f9fc00433fb7-groupManagement] INFO  server.RaftServerConfigKeys (ConfUtils.java:logGet(46)) - raft.server.log.segment.cache.size.max = 200MB (=209715200) (default)
2024-02-10 23:48:19,070 [e6303cd0-aa6e-4f0b-8227-f9fc00433fb7-groupManagement] INFO  server.RaftServerConfigKeys (ConfUtils.java:logGet(46)) - raft.server.log.appender.buffer.byte-limit = 8388608 (custom)
2024-02-10 23:48:19,070 [e6303cd0-aa6e-4f0b-8227-f9fc00433fb7-groupManagement] INFO  util.AwaitToRun (AwaitToRun.java:start(81)) - Thread[e6303cd0-aa6e-4f0b-8227-f9fc00433fb7@group-50E16CFB81C8-cacheEviction-AwaitToRun,5,main] started
2024-02-10 23:48:19,070 [e6303cd0-aa6e-4f0b-8227-f9fc00433fb7-groupManagement] INFO  segmented.SegmentedRaftLogWorker (SegmentedRaftLogWorker.java:<init>(182)) - new e6303cd0-aa6e-4f0b-8227-f9fc00433fb7@group-50E16CFB81C8-SegmentedRaftLogWorker for RaftStorageImpl:Storage Directory /home/runner/work/ozone/ozone/hadoop-ozone/integration-test/target/test-dir/MiniOzoneClusterImpl-da04a438-6ec0-4fc9-9b2e-e93c90459920/datanode-7/data/ratis/6f4d2cd4-5cfc-44ba-abd0-50e16cfb81c8
2024-02-10 23:48:19,070 [e6303cd0-aa6e-4f0b-8227-f9fc00433fb7-groupManagement] INFO  server.RaftServerConfigKeys (ConfUtils.java:logGet(46)) - raft.server.log.queue.byte-limit = 4294967296 (custom)
2024-02-10 23:48:19,071 [e6303cd0-aa6e-4f0b-8227-f9fc00433fb7-groupManagement] INFO  server.RaftServerConfigKeys (ConfUtils.java:logGet(46)) - raft.server.log.queue.element-limit = 1024 (custom)
2024-02-10 23:48:19,071 [e6303cd0-aa6e-4f0b-8227-f9fc00433fb7-groupManagement] INFO  server.RaftServerConfigKeys (ConfUtils.java:logGet(46)) - raft.server.log.segment.size.max = 67108864 (custom)
2024-02-10 23:48:19,071 [e6303cd0-aa6e-4f0b-8227-f9fc00433fb7-groupManagement] INFO  server.RaftServerConfigKeys (ConfUtils.java:logGet(46)) - raft.server.log.preallocated.size = 4194304 (custom)
2024-02-10 23:48:19,071 [e6303cd0-aa6e-4f0b-8227-f9fc00433fb7-groupManagement] INFO  server.RaftServerConfigKeys (ConfUtils.java:logGet(46)) - raft.server.log.force.sync.num = 128 (default)
2024-02-10 23:48:19,071 [e6303cd0-aa6e-4f0b-8227-f9fc00433fb7-groupManagement] INFO  server.RaftServerConfigKeys (ConfUtils.java:logGet(46)) - raft.server.log.statemachine.data.sync = true (default)
2024-02-10 23:48:19,071 [e6303cd0-aa6e-4f0b-8227-f9fc00433fb7-groupManagement] INFO  server.RaftServerConfigKeys (ConfUtils.java:logGet(46)) - raft.server.log.statemachine.data.sync.timeout = 10s (default)
2024-02-10 23:48:19,071 [e6303cd0-aa6e-4f0b-8227-f9fc00433fb7-groupManagement] INFO  server.RaftServerConfigKeys (ConfUtils.java:logGet(46)) - raft.server.log.statemachine.data.sync.timeout.retry = 0 (custom)
2024-02-10 23:48:19,071 [e6303cd0-aa6e-4f0b-8227-f9fc00433fb7-groupManagement] INFO  server.RaftServerConfigKeys (ConfUtils.java:logGet(46)) - raft.server.log.write.buffer.size = 8388616 (custom)
2024-02-10 23:48:19,072 [e6303cd0-aa6e-4f0b-8227-f9fc00433fb7-groupManagement] INFO  server.RaftServerConfigKeys (ConfUtils.java:logGet(46)) - raft.server.log.appender.buffer.byte-limit = 8388608 (custom)
2024-02-10 23:48:19,072 [e6303cd0-aa6e-4f0b-8227-f9fc00433fb7-groupManagement] INFO  server.RaftServerConfigKeys (ConfUtils.java:logGet(46)) - raft.server.log.unsafe-flush.enabled = false (default)
2024-02-10 23:48:19,072 [e6303cd0-aa6e-4f0b-8227-f9fc00433fb7-groupManagement] INFO  server.RaftServerConfigKeys (ConfUtils.java:logGet(46)) - raft.server.log.async-flush.enabled = false (default)
2024-02-10 23:48:19,072 [e6303cd0-aa6e-4f0b-8227-f9fc00433fb7-groupManagement] INFO  server.RaftServerConfigKeys (ConfUtils.java:logGet(46)) - raft.server.log.statemachine.data.caching.enabled = true (custom)
2024-02-10 23:48:19,073 [e6303cd0-aa6e-4f0b-8227-f9fc00433fb7-groupManagement] INFO  segmented.SegmentedRaftLogWorker (SegmentedRaftLogWorker.java:lambda$new$0(134)) - e6303cd0-aa6e-4f0b-8227-f9fc00433fb7@group-50E16CFB81C8-SegmentedRaftLogWorker: flushIndex: setUnconditionally 0 -> -1
2024-02-10 23:48:19,073 [e6303cd0-aa6e-4f0b-8227-f9fc00433fb7-groupManagement] INFO  segmented.SegmentedRaftLogWorker (SegmentedRaftLogWorker.java:lambda$new$0(134)) - e6303cd0-aa6e-4f0b-8227-f9fc00433fb7@group-50E16CFB81C8-SegmentedRaftLogWorker: safeCacheEvictIndex: setUnconditionally 0 -> -1
2024-02-10 23:48:19,073 [e6303cd0-aa6e-4f0b-8227-f9fc00433fb7-groupManagement] INFO  server.RaftServer$Division (RaftServerImpl.java:start(396)) - e6303cd0-aa6e-4f0b-8227-f9fc00433fb7@group-50E16CFB81C8: start as a follower, conf=-1: peers:[64168508-e903-4327-b7bc-0572c2109e1a|10.1.0.12:15335, e6303cd0-aa6e-4f0b-8227-f9fc00433fb7|10.1.0.12:15344, f4d36fa5-ed0e-4d34-ba3c-8c17cce67bcd|10.1.0.12:15353]|listeners:[], old=null
2024-02-10 23:48:19,073 [e6303cd0-aa6e-4f0b-8227-f9fc00433fb7-groupManagement] INFO  server.RaftServer$Division (RaftServerImpl.java:setRole(383)) - e6303cd0-aa6e-4f0b-8227-f9fc00433fb7@group-50E16CFB81C8: changes role from      null to FOLLOWER at term 0 for startAsFollower
2024-02-10 23:48:19,073 [e6303cd0-aa6e-4f0b-8227-f9fc00433fb7-groupManagement] INFO  impl.RoleInfo (RoleInfo.java:updateAndGet(139)) - e6303cd0-aa6e-4f0b-8227-f9fc00433fb7: start e6303cd0-aa6e-4f0b-8227-f9fc00433fb7@group-50E16CFB81C8-FollowerState
2024-02-10 23:48:19,073 [e6303cd0-aa6e-4f0b-8227-f9fc00433fb7-groupManagement] INFO  util.JmxRegister (JmxRegister.java:tryRegister(44)) - Successfully registered JMX Bean with object name Ratis:service=RaftServer,group=group-50E16CFB81C8,id=e6303cd0-aa6e-4f0b-8227-f9fc00433fb7
2024-02-10 23:48:19,073 [e6303cd0-aa6e-4f0b-8227-f9fc00433fb7@group-50E16CFB81C8-FollowerState] INFO  server.RaftServerConfigKeys (ConfUtils.java:logFallback(53)) - raft.server.rpc.first-election.timeout.min = 5s (fallback to raft.server.rpc.timeout.min)
2024-02-10 23:48:19,073 [e6303cd0-aa6e-4f0b-8227-f9fc00433fb7-groupManagement] INFO  server.RaftServerConfigKeys (ConfUtils.java:logGet(46)) - raft.server.snapshot.trigger-when-stop.enabled = true (default)
2024-02-10 23:48:19,073 [e6303cd0-aa6e-4f0b-8227-f9fc00433fb7@group-50E16CFB81C8-FollowerState] INFO  server.RaftServerConfigKeys (ConfUtils.java:logFallback(53)) - raft.server.rpc.first-election.timeout.max = 5200ms (fallback to raft.server.rpc.timeout.max)
2024-02-10 23:48:19,073 [e6303cd0-aa6e-4f0b-8227-f9fc00433fb7-groupManagement] INFO  server.RaftServerConfigKeys (ConfUtils.java:logGet(46)) - raft.server.snapshot.auto.trigger.enabled = true (custom)
2024-02-10 23:48:19,073 [e6303cd0-aa6e-4f0b-8227-f9fc00433fb7-groupManagement] INFO  server.RaftServerConfigKeys (ConfUtils.java:logGet(46)) - raft.server.snapshot.auto.trigger.threshold = 10000 (custom)
2024-02-10 23:48:19,073 [e6303cd0-aa6e-4f0b-8227-f9fc00433fb7-groupManagement] INFO  server.RaftServerConfigKeys (ConfUtils.java:logGet(46)) - raft.server.snapshot.retention.file.num = 5 (custom)
2024-02-10 23:48:19,074 [e6303cd0-aa6e-4f0b-8227-f9fc00433fb7-groupManagement] INFO  server.RaftServerConfigKeys (ConfUtils.java:logGet(46)) - raft.server.log.purge.upto.snapshot.index = false (default)
2024-02-10 23:48:19,081 [grpc-default-executor-0] INFO  server.RaftServer (RaftServerProxy.java:addNew(100)) - f4d36fa5-ed0e-4d34-ba3c-8c17cce67bcd: addNew group-50E16CFB81C8:[64168508-e903-4327-b7bc-0572c2109e1a|10.1.0.12:15335, e6303cd0-aa6e-4f0b-8227-f9fc00433fb7|10.1.0.12:15344, f4d36fa5-ed0e-4d34-ba3c-8c17cce67bcd|10.1.0.12:15353] returns group-50E16CFB81C8:java.util.concurrent.CompletableFuture@34f030b9[Not completed]
2024-02-10 23:48:19,082 [f4d36fa5-ed0e-4d34-ba3c-8c17cce67bcd-groupManagement] INFO  server.RaftServer$Division (RaftServerImpl.java:<init>(256)) - f4d36fa5-ed0e-4d34-ba3c-8c17cce67bcd: new RaftServerImpl for group-50E16CFB81C8:[64168508-e903-4327-b7bc-0572c2109e1a|10.1.0.12:15335, e6303cd0-aa6e-4f0b-8227-f9fc00433fb7|10.1.0.12:15344, f4d36fa5-ed0e-4d34-ba3c-8c17cce67bcd|10.1.0.12:15353] with ContainerStateMachine:uninitialized
2024-02-10 23:48:19,082 [f4d36fa5-ed0e-4d34-ba3c-8c17cce67bcd-groupManagement] INFO  server.RaftServerConfigKeys (ConfUtils.java:logGet(46)) - raft.server.rpc.timeout.min = 5s (custom)
2024-02-10 23:48:19,082 [f4d36fa5-ed0e-4d34-ba3c-8c17cce67bcd-groupManagement] INFO  server.RaftServerConfigKeys (ConfUtils.java:logGet(46)) - raft.server.rpc.timeout.max = 5200ms (custom)
2024-02-10 23:48:19,082 [f4d36fa5-ed0e-4d34-ba3c-8c17cce67bcd-groupManagement] INFO  server.RaftServerConfigKeys (ConfUtils.java:logGet(46)) - raft.server.rpc.sleep.time = 25ms (default)
2024-02-10 23:48:19,082 [f4d36fa5-ed0e-4d34-ba3c-8c17cce67bcd-groupManagement] INFO  server.RaftServerConfigKeys (ConfUtils.java:logGet(46)) - raft.server.rpc.slowness.timeout = 300000ms (custom)
2024-02-10 23:48:19,082 [f4d36fa5-ed0e-4d34-ba3c-8c17cce67bcd-groupManagement] INFO  server.RaftServerConfigKeys (ConfUtils.java:logGet(46)) - raft.server.leaderelection.leader.step-down.wait-time = 10s (default)
2024-02-10 23:48:19,083 [f4d36fa5-ed0e-4d34-ba3c-8c17cce67bcd-groupManagement] INFO  server.RaftServerConfigKeys (ConfUtils.java:logGet(46)) - raft.server.leaderelection.member.majority-add = false (default)
2024-02-10 23:48:19,083 [f4d36fa5-ed0e-4d34-ba3c-8c17cce67bcd-groupManagement] INFO  server.RaftServerConfigKeys (ConfUtils.java:logGet(46)) - raft.server.sleep.deviation.threshold = 300ms (default)
2024-02-10 23:48:19,083 [f4d36fa5-ed0e-4d34-ba3c-8c17cce67bcd-groupManagement] INFO  server.RaftServer$Division (ServerState.java:<init>(113)) - f4d36fa5-ed0e-4d34-ba3c-8c17cce67bcd@group-50E16CFB81C8: ConfigurationManager, init=-1: peers:[64168508-e903-4327-b7bc-0572c2109e1a|10.1.0.12:15335, e6303cd0-aa6e-4f0b-8227-f9fc00433fb7|10.1.0.12:15344, f4d36fa5-ed0e-4d34-ba3c-8c17cce67bcd|10.1.0.12:15353]|listeners:[], old=null, confs=<EMPTY_MAP>
2024-02-10 23:48:19,083 [f4d36fa5-ed0e-4d34-ba3c-8c17cce67bcd-groupManagement] INFO  server.RaftServerConfigKeys (ConfUtils.java:logGet(46)) - raft.server.notification.no-leader.timeout = 300000ms (custom)
2024-02-10 23:48:19,083 [f4d36fa5-ed0e-4d34-ba3c-8c17cce67bcd-groupManagement] INFO  server.RaftServerConfigKeys (ConfUtils.java:logGet(46)) - raft.server.read.timeout = 10s (default)
2024-02-10 23:48:19,083 [f4d36fa5-ed0e-4d34-ba3c-8c17cce67bcd-groupManagement] INFO  server.RaftServerConfigKeys (ConfUtils.java:logGet(46)) - raft.server.retrycache.expirytime = 600000ms (custom)
2024-02-10 23:48:19,083 [f4d36fa5-ed0e-4d34-ba3c-8c17cce67bcd-groupManagement] INFO  server.RaftServerConfigKeys (ConfUtils.java:logGet(46)) - raft.server.retrycache.statistics.expirytime = 100ms (default)
2024-02-10 23:48:19,083 [f4d36fa5-ed0e-4d34-ba3c-8c17cce67bcd-groupManagement] INFO  server.RaftServerConfigKeys (ConfUtils.java:logGet(46)) - raft.server.read.option = DEFAULT (default)
2024-02-10 23:48:19,083 [f4d36fa5-ed0e-4d34-ba3c-8c17cce67bcd-groupManagement] INFO  server.RaftServerConfigKeys (ConfUtils.java:logGet(46)) - raft.server.read.read-after-write-consistent.write-index-cache.expiry-time = 60s (default)
2024-02-10 23:48:19,085 [f4d36fa5-ed0e-4d34-ba3c-8c17cce67bcd-groupManagement] INFO  server.RaftServerConfigKeys (ConfUtils.java:logGet(46)) - raft.server.rpc.request.timeout = 3000ms (default)
2024-02-10 23:48:19,085 [f4d36fa5-ed0e-4d34-ba3c-8c17cce67bcd-groupManagement] INFO  server.RaftServerConfigKeys (ConfUtils.java:logGet(46)) - raft.server.log.appender.install.snapshot.enabled = false (custom)
2024-02-10 23:48:19,085 [f4d36fa5-ed0e-4d34-ba3c-8c17cce67bcd-groupManagement] INFO  server.RaftServerConfigKeys (ConfUtils.java:logGet(46)) - raft.server.threadpool.server.cached = true (default)
2024-02-10 23:48:19,085 [f4d36fa5-ed0e-4d34-ba3c-8c17cce67bcd-groupManagement] INFO  server.RaftServerConfigKeys (ConfUtils.java:logGet(46)) - raft.server.threadpool.server.size = 0 (default)
2024-02-10 23:48:19,085 [f4d36fa5-ed0e-4d34-ba3c-8c17cce67bcd-groupManagement] INFO  server.RaftServerConfigKeys (ConfUtils.java:logGet(46)) - raft.server.threadpool.client.cached = true (default)
2024-02-10 23:48:19,085 [f4d36fa5-ed0e-4d34-ba3c-8c17cce67bcd-groupManagement] INFO  server.RaftServerConfigKeys (ConfUtils.java:logGet(46)) - raft.server.threadpool.client.size = 0 (default)
2024-02-10 23:48:19,085 [f4d36fa5-ed0e-4d34-ba3c-8c17cce67bcd-groupManagement] INFO  server.RaftServerConfigKeys (ConfUtils.java:logGet(46)) - raft.server.storage.free-space.min = 0MB (=0) (default)
2024-02-10 23:48:19,085 [f4d36fa5-ed0e-4d34-ba3c-8c17cce67bcd-groupManagement] INFO  server.RaftServerConfigKeys (ConfUtils.java:logGet(46)) - raft.server.log.corruption.policy = EXCEPTION (default)
2024-02-10 23:48:19,085 [f4d36fa5-ed0e-4d34-ba3c-8c17cce67bcd-groupManagement] INFO  server.RaftServerConfigKeys (ConfUtils.java:logGet(46)) - raft.server.storage.dir = [/home/runner/work/ozone/ozone/hadoop-ozone/integration-test/target/test-dir/MiniOzoneClusterImpl-da04a438-6ec0-4fc9-9b2e-e93c90459920/datanode-8/data/ratis] (custom)
2024-02-10 23:48:19,085 [f4d36fa5-ed0e-4d34-ba3c-8c17cce67bcd-groupManagement] INFO  storage.RaftStorageDirectory (RaftStorageDirectoryImpl.java:analyzeStorage(138)) - The storage directory /home/runner/work/ozone/ozone/hadoop-ozone/integration-test/target/test-dir/MiniOzoneClusterImpl-da04a438-6ec0-4fc9-9b2e-e93c90459920/datanode-8/data/ratis/6f4d2cd4-5cfc-44ba-abd0-50e16cfb81c8 does not exist. Creating ...
2024-02-10 23:48:19,086 [f4d36fa5-ed0e-4d34-ba3c-8c17cce67bcd-groupManagement] INFO  storage.RaftStorageDirectory (RaftStorageDirectoryImpl.java:tryLock(228)) - Lock on /home/runner/work/ozone/ozone/hadoop-ozone/integration-test/target/test-dir/MiniOzoneClusterImpl-da04a438-6ec0-4fc9-9b2e-e93c90459920/datanode-8/data/ratis/6f4d2cd4-5cfc-44ba-abd0-50e16cfb81c8/in_use.lock acquired by nodename 48413@fv-az886-285
2024-02-10 23:48:19,088 [f4d36fa5-ed0e-4d34-ba3c-8c17cce67bcd-groupManagement] INFO  storage.RaftStorage (RaftStorageImpl.java:format(99)) - Storage directory /home/runner/work/ozone/ozone/hadoop-ozone/integration-test/target/test-dir/MiniOzoneClusterImpl-da04a438-6ec0-4fc9-9b2e-e93c90459920/datanode-8/data/ratis/6f4d2cd4-5cfc-44ba-abd0-50e16cfb81c8 has been successfully formatted.
2024-02-10 23:48:19,088 [f4d36fa5-ed0e-4d34-ba3c-8c17cce67bcd-groupManagement] WARN  util.FileUtils (LogUtils.java:supplyAndLog(63)) - Failed to Files.newInputStream /home/runner/work/ozone/ozone/hadoop-ozone/integration-test/target/test-dir/MiniOzoneClusterImpl-da04a438-6ec0-4fc9-9b2e-e93c90459920/datanode-8/data/ratis/6f4d2cd4-5cfc-44ba-abd0-50e16cfb81c8/current/raft-meta.conf with options []: java.nio.file.NoSuchFileException: /home/runner/work/ozone/ozone/hadoop-ozone/integration-test/target/test-dir/MiniOzoneClusterImpl-da04a438-6ec0-4fc9-9b2e-e93c90459920/datanode-8/data/ratis/6f4d2cd4-5cfc-44ba-abd0-50e16cfb81c8/current/raft-meta.conf
2024-02-10 23:48:19,089 [f4d36fa5-ed0e-4d34-ba3c-8c17cce67bcd-groupManagement] INFO  ratis.ContainerStateMachine (ContainerStateMachine.java:loadSnapshot(287)) - group-50E16CFB81C8: The snapshot info is null. Setting the last applied index to:(t:0, i:~)
2024-02-10 23:48:19,089 [f4d36fa5-ed0e-4d34-ba3c-8c17cce67bcd-groupManagement] INFO  server.RaftServerConfigKeys (ConfUtils.java:logGet(46)) - raft.server.log.use.memory = false (default)
2024-02-10 23:48:19,089 [f4d36fa5-ed0e-4d34-ba3c-8c17cce67bcd-groupManagement] INFO  server.RaftServerConfigKeys (ConfUtils.java:logGet(46)) - raft.server.log.purge.gap = 1000000 (custom)
2024-02-10 23:48:19,089 [f4d36fa5-ed0e-4d34-ba3c-8c17cce67bcd-groupManagement] INFO  server.RaftServerConfigKeys (ConfUtils.java:logGet(46)) - raft.server.log.appender.buffer.byte-limit = 8388608 (custom)
2024-02-10 23:48:19,089 [f4d36fa5-ed0e-4d34-ba3c-8c17cce67bcd-groupManagement] INFO  server.RaftServerConfigKeys (ConfUtils.java:logGet(46)) - raft.server.log.statemachine.data.read.timeout = 1000ms (default)
2024-02-10 23:48:19,089 [f4d36fa5-ed0e-4d34-ba3c-8c17cce67bcd-groupManagement] INFO  server.RaftServerConfigKeys (ConfUtils.java:logGet(46)) - raft.server.log.purge.preservation.log.num = 0 (default)
2024-02-10 23:48:19,090 [f4d36fa5-ed0e-4d34-ba3c-8c17cce67bcd-groupManagement] INFO  server.RaftServerConfigKeys (ConfUtils.java:logGet(46)) - raft.server.log.segment.size.max = 67108864 (custom)
2024-02-10 23:48:19,090 [f4d36fa5-ed0e-4d34-ba3c-8c17cce67bcd-groupManagement] INFO  server.RaftServerConfigKeys (ConfUtils.java:logGet(46)) - raft.server.log.segment.cache.num.max = 2 (custom)
2024-02-10 23:48:19,091 [f4d36fa5-ed0e-4d34-ba3c-8c17cce67bcd-groupManagement] INFO  server.RaftServerConfigKeys (ConfUtils.java:logGet(46)) - raft.server.log.segment.cache.size.max = 200MB (=209715200) (default)
2024-02-10 23:48:19,091 [f4d36fa5-ed0e-4d34-ba3c-8c17cce67bcd-groupManagement] INFO  server.RaftServerConfigKeys (ConfUtils.java:logGet(46)) - raft.server.log.appender.buffer.byte-limit = 8388608 (custom)
2024-02-10 23:48:19,091 [f4d36fa5-ed0e-4d34-ba3c-8c17cce67bcd-groupManagement] INFO  util.AwaitToRun (AwaitToRun.java:start(81)) - Thread[f4d36fa5-ed0e-4d34-ba3c-8c17cce67bcd@group-50E16CFB81C8-cacheEviction-AwaitToRun,5,main] started
2024-02-10 23:48:19,091 [f4d36fa5-ed0e-4d34-ba3c-8c17cce67bcd-groupManagement] INFO  segmented.SegmentedRaftLogWorker (SegmentedRaftLogWorker.java:<init>(182)) - new f4d36fa5-ed0e-4d34-ba3c-8c17cce67bcd@group-50E16CFB81C8-SegmentedRaftLogWorker for RaftStorageImpl:Storage Directory /home/runner/work/ozone/ozone/hadoop-ozone/integration-test/target/test-dir/MiniOzoneClusterImpl-da04a438-6ec0-4fc9-9b2e-e93c90459920/datanode-8/data/ratis/6f4d2cd4-5cfc-44ba-abd0-50e16cfb81c8
2024-02-10 23:48:19,091 [f4d36fa5-ed0e-4d34-ba3c-8c17cce67bcd-groupManagement] INFO  server.RaftServerConfigKeys (ConfUtils.java:logGet(46)) - raft.server.log.queue.byte-limit = 4294967296 (custom)
2024-02-10 23:48:19,091 [f4d36fa5-ed0e-4d34-ba3c-8c17cce67bcd-groupManagement] INFO  server.RaftServerConfigKeys (ConfUtils.java:logGet(46)) - raft.server.log.queue.element-limit = 1024 (custom)
2024-02-10 23:48:19,091 [f4d36fa5-ed0e-4d34-ba3c-8c17cce67bcd-groupManagement] INFO  server.RaftServerConfigKeys (ConfUtils.java:logGet(46)) - raft.server.log.segment.size.max = 67108864 (custom)
2024-02-10 23:48:19,091 [f4d36fa5-ed0e-4d34-ba3c-8c17cce67bcd-groupManagement] INFO  server.RaftServerConfigKeys (ConfUtils.java:logGet(46)) - raft.server.log.preallocated.size = 4194304 (custom)
2024-02-10 23:48:19,091 [f4d36fa5-ed0e-4d34-ba3c-8c17cce67bcd-groupManagement] INFO  server.RaftServerConfigKeys (ConfUtils.java:logGet(46)) - raft.server.log.force.sync.num = 128 (default)
2024-02-10 23:48:19,091 [f4d36fa5-ed0e-4d34-ba3c-8c17cce67bcd-groupManagement] INFO  server.RaftServerConfigKeys (ConfUtils.java:logGet(46)) - raft.server.log.statemachine.data.sync = true (default)
2024-02-10 23:48:19,091 [f4d36fa5-ed0e-4d34-ba3c-8c17cce67bcd-groupManagement] INFO  server.RaftServerConfigKeys (ConfUtils.java:logGet(46)) - raft.server.log.statemachine.data.sync.timeout = 10s (default)
2024-02-10 23:48:19,091 [f4d36fa5-ed0e-4d34-ba3c-8c17cce67bcd-groupManagement] INFO  server.RaftServerConfigKeys (ConfUtils.java:logGet(46)) - raft.server.log.statemachine.data.sync.timeout.retry = 0 (custom)
2024-02-10 23:48:19,091 [f4d36fa5-ed0e-4d34-ba3c-8c17cce67bcd-groupManagement] INFO  server.RaftServerConfigKeys (ConfUtils.java:logGet(46)) - raft.server.log.write.buffer.size = 8388616 (custom)
2024-02-10 23:48:19,092 [f4d36fa5-ed0e-4d34-ba3c-8c17cce67bcd-groupManagement] INFO  server.RaftServerConfigKeys (ConfUtils.java:logGet(46)) - raft.server.log.appender.buffer.byte-limit = 8388608 (custom)
2024-02-10 23:48:19,092 [f4d36fa5-ed0e-4d34-ba3c-8c17cce67bcd-groupManagement] INFO  server.RaftServerConfigKeys (ConfUtils.java:logGet(46)) - raft.server.log.unsafe-flush.enabled = false (default)
2024-02-10 23:48:19,092 [f4d36fa5-ed0e-4d34-ba3c-8c17cce67bcd-groupManagement] INFO  server.RaftServerConfigKeys (ConfUtils.java:logGet(46)) - raft.server.log.async-flush.enabled = false (default)
2024-02-10 23:48:19,092 [f4d36fa5-ed0e-4d34-ba3c-8c17cce67bcd-groupManagement] INFO  server.RaftServerConfigKeys (ConfUtils.java:logGet(46)) - raft.server.log.statemachine.data.caching.enabled = true (custom)
2024-02-10 23:48:19,093 [f4d36fa5-ed0e-4d34-ba3c-8c17cce67bcd-groupManagement] INFO  segmented.SegmentedRaftLogWorker (SegmentedRaftLogWorker.java:lambda$new$0(134)) - f4d36fa5-ed0e-4d34-ba3c-8c17cce67bcd@group-50E16CFB81C8-SegmentedRaftLogWorker: flushIndex: setUnconditionally 0 -> -1
2024-02-10 23:48:19,093 [f4d36fa5-ed0e-4d34-ba3c-8c17cce67bcd-groupManagement] INFO  segmented.SegmentedRaftLogWorker (SegmentedRaftLogWorker.java:lambda$new$0(134)) - f4d36fa5-ed0e-4d34-ba3c-8c17cce67bcd@group-50E16CFB81C8-SegmentedRaftLogWorker: safeCacheEvictIndex: setUnconditionally 0 -> -1
2024-02-10 23:48:19,093 [f4d36fa5-ed0e-4d34-ba3c-8c17cce67bcd-groupManagement] INFO  server.RaftServer$Division (RaftServerImpl.java:start(396)) - f4d36fa5-ed0e-4d34-ba3c-8c17cce67bcd@group-50E16CFB81C8: start as a follower, conf=-1: peers:[64168508-e903-4327-b7bc-0572c2109e1a|10.1.0.12:15335, e6303cd0-aa6e-4f0b-8227-f9fc00433fb7|10.1.0.12:15344, f4d36fa5-ed0e-4d34-ba3c-8c17cce67bcd|10.1.0.12:15353]|listeners:[], old=null
2024-02-10 23:48:19,093 [f4d36fa5-ed0e-4d34-ba3c-8c17cce67bcd-groupManagement] INFO  server.RaftServer$Division (RaftServerImpl.java:setRole(383)) - f4d36fa5-ed0e-4d34-ba3c-8c17cce67bcd@group-50E16CFB81C8: changes role from      null to FOLLOWER at term 0 for startAsFollower
2024-02-10 23:48:19,093 [f4d36fa5-ed0e-4d34-ba3c-8c17cce67bcd-groupManagement] INFO  impl.RoleInfo (RoleInfo.java:updateAndGet(139)) - f4d36fa5-ed0e-4d34-ba3c-8c17cce67bcd: start f4d36fa5-ed0e-4d34-ba3c-8c17cce67bcd@group-50E16CFB81C8-FollowerState
2024-02-10 23:48:19,093 [f4d36fa5-ed0e-4d34-ba3c-8c17cce67bcd@group-50E16CFB81C8-FollowerState] INFO  server.RaftServerConfigKeys (ConfUtils.java:logFallback(53)) - raft.server.rpc.first-election.timeout.min = 5s (fallback to raft.server.rpc.timeout.min)
2024-02-10 23:48:19,093 [f4d36fa5-ed0e-4d34-ba3c-8c17cce67bcd-groupManagement] INFO  util.JmxRegister (JmxRegister.java:tryRegister(44)) - Successfully registered JMX Bean with object name Ratis:service=RaftServer,group=group-50E16CFB81C8,id=f4d36fa5-ed0e-4d34-ba3c-8c17cce67bcd
2024-02-10 23:48:19,093 [f4d36fa5-ed0e-4d34-ba3c-8c17cce67bcd@group-50E16CFB81C8-FollowerState] INFO  server.RaftServerConfigKeys (ConfUtils.java:logFallback(53)) - raft.server.rpc.first-election.timeout.max = 5200ms (fallback to raft.server.rpc.timeout.max)
2024-02-10 23:48:19,093 [f4d36fa5-ed0e-4d34-ba3c-8c17cce67bcd-groupManagement] INFO  server.RaftServerConfigKeys (ConfUtils.java:logGet(46)) - raft.server.snapshot.trigger-when-stop.enabled = true (default)
2024-02-10 23:48:19,093 [f4d36fa5-ed0e-4d34-ba3c-8c17cce67bcd-groupManagement] INFO  server.RaftServerConfigKeys (ConfUtils.java:logGet(46)) - raft.server.snapshot.auto.trigger.enabled = true (custom)
2024-02-10 23:48:19,093 [f4d36fa5-ed0e-4d34-ba3c-8c17cce67bcd-groupManagement] INFO  server.RaftServerConfigKeys (ConfUtils.java:logGet(46)) - raft.server.snapshot.auto.trigger.threshold = 10000 (custom)
2024-02-10 23:48:19,093 [f4d36fa5-ed0e-4d34-ba3c-8c17cce67bcd-groupManagement] INFO  server.RaftServerConfigKeys (ConfUtils.java:logGet(46)) - raft.server.snapshot.retention.file.num = 5 (custom)
2024-02-10 23:48:19,093 [f4d36fa5-ed0e-4d34-ba3c-8c17cce67bcd-groupManagement] INFO  server.RaftServerConfigKeys (ConfUtils.java:logGet(46)) - raft.server.log.purge.upto.snapshot.index = false (default)
2024-02-10 23:48:19,098 [64168508-e903-4327-b7bc-0572c2109e1a-PipelineCommandHandlerThread-0] INFO  commandhandler.CreatePipelineCommandHandler (CreatePipelineCommandHandler.java:lambda$handle$2(124)) - Created Pipeline RATIS THREE PipelineID=6f4d2cd4-5cfc-44ba-abd0-50e16cfb81c8.
2024-02-10 23:48:19,116 [e6303cd0-aa6e-4f0b-8227-f9fc00433fb7-PipelineCommandHandlerThread-0] INFO  server.RaftServer (RaftServerProxy.java:addNew(100)) - e6303cd0-aa6e-4f0b-8227-f9fc00433fb7: addNew group-CD69DA698925:[e6303cd0-aa6e-4f0b-8227-f9fc00433fb7|10.1.0.12:15344] returns group-CD69DA698925:java.util.concurrent.CompletableFuture@150b5c0f[Not completed]
2024-02-10 23:48:19,117 [e6303cd0-aa6e-4f0b-8227-f9fc00433fb7-groupManagement] INFO  server.RaftServer$Division (RaftServerImpl.java:<init>(256)) - e6303cd0-aa6e-4f0b-8227-f9fc00433fb7: new RaftServerImpl for group-CD69DA698925:[e6303cd0-aa6e-4f0b-8227-f9fc00433fb7|10.1.0.12:15344] with ContainerStateMachine:uninitialized
2024-02-10 23:48:19,117 [e6303cd0-aa6e-4f0b-8227-f9fc00433fb7-groupManagement] INFO  server.RaftServerConfigKeys (ConfUtils.java:logGet(46)) - raft.server.rpc.timeout.min = 5s (custom)
2024-02-10 23:48:19,117 [e6303cd0-aa6e-4f0b-8227-f9fc00433fb7-groupManagement] INFO  server.RaftServerConfigKeys (ConfUtils.java:logGet(46)) - raft.server.rpc.timeout.max = 5200ms (custom)
2024-02-10 23:48:19,117 [e6303cd0-aa6e-4f0b-8227-f9fc00433fb7-groupManagement] INFO  server.RaftServerConfigKeys (ConfUtils.java:logGet(46)) - raft.server.rpc.sleep.time = 25ms (default)
2024-02-10 23:48:19,117 [e6303cd0-aa6e-4f0b-8227-f9fc00433fb7-groupManagement] INFO  server.RaftServerConfigKeys (ConfUtils.java:logGet(46)) - raft.server.rpc.slowness.timeout = 300000ms (custom)
2024-02-10 23:48:19,117 [e6303cd0-aa6e-4f0b-8227-f9fc00433fb7-groupManagement] INFO  server.RaftServerConfigKeys (ConfUtils.java:logGet(46)) - raft.server.leaderelection.leader.step-down.wait-time = 10s (default)
2024-02-10 23:48:19,117 [e6303cd0-aa6e-4f0b-8227-f9fc00433fb7-groupManagement] INFO  server.RaftServerConfigKeys (ConfUtils.java:logGet(46)) - raft.server.leaderelection.member.majority-add = false (default)
2024-02-10 23:48:19,117 [e6303cd0-aa6e-4f0b-8227-f9fc00433fb7-groupManagement] INFO  server.RaftServerConfigKeys (ConfUtils.java:logGet(46)) - raft.server.sleep.deviation.threshold = 300ms (default)
2024-02-10 23:48:19,117 [e6303cd0-aa6e-4f0b-8227-f9fc00433fb7-groupManagement] INFO  server.RaftServer$Division (ServerState.java:<init>(113)) - e6303cd0-aa6e-4f0b-8227-f9fc00433fb7@group-CD69DA698925: ConfigurationManager, init=-1: peers:[e6303cd0-aa6e-4f0b-8227-f9fc00433fb7|10.1.0.12:15344]|listeners:[], old=null, confs=<EMPTY_MAP>
2024-02-10 23:48:19,117 [e6303cd0-aa6e-4f0b-8227-f9fc00433fb7-groupManagement] INFO  server.RaftServerConfigKeys (ConfUtils.java:logGet(46)) - raft.server.notification.no-leader.timeout = 300000ms (custom)
2024-02-10 23:48:19,117 [e6303cd0-aa6e-4f0b-8227-f9fc00433fb7-groupManagement] INFO  server.RaftServerConfigKeys (ConfUtils.java:logGet(46)) - raft.server.read.timeout = 10s (default)
2024-02-10 23:48:19,117 [e6303cd0-aa6e-4f0b-8227-f9fc00433fb7-groupManagement] INFO  server.RaftServerConfigKeys (ConfUtils.java:logGet(46)) - raft.server.retrycache.expirytime = 600000ms (custom)
2024-02-10 23:48:19,117 [e6303cd0-aa6e-4f0b-8227-f9fc00433fb7-groupManagement] INFO  server.RaftServerConfigKeys (ConfUtils.java:logGet(46)) - raft.server.retrycache.statistics.expirytime = 100ms (default)
2024-02-10 23:48:19,117 [e6303cd0-aa6e-4f0b-8227-f9fc00433fb7-groupManagement] INFO  server.RaftServerConfigKeys (ConfUtils.java:logGet(46)) - raft.server.read.option = DEFAULT (default)
2024-02-10 23:48:19,117 [e6303cd0-aa6e-4f0b-8227-f9fc00433fb7-groupManagement] INFO  server.RaftServerConfigKeys (ConfUtils.java:logGet(46)) - raft.server.read.read-after-write-consistent.write-index-cache.expiry-time = 60s (default)
2024-02-10 23:48:19,119 [e6303cd0-aa6e-4f0b-8227-f9fc00433fb7-groupManagement] INFO  server.RaftServerConfigKeys (ConfUtils.java:logGet(46)) - raft.server.rpc.request.timeout = 3000ms (default)
2024-02-10 23:48:19,119 [e6303cd0-aa6e-4f0b-8227-f9fc00433fb7-groupManagement] INFO  server.RaftServerConfigKeys (ConfUtils.java:logGet(46)) - raft.server.log.appender.install.snapshot.enabled = false (custom)
2024-02-10 23:48:19,119 [e6303cd0-aa6e-4f0b-8227-f9fc00433fb7-groupManagement] INFO  server.RaftServerConfigKeys (ConfUtils.java:logGet(46)) - raft.server.threadpool.server.cached = true (default)
2024-02-10 23:48:19,119 [e6303cd0-aa6e-4f0b-8227-f9fc00433fb7-groupManagement] INFO  server.RaftServerConfigKeys (ConfUtils.java:logGet(46)) - raft.server.threadpool.server.size = 0 (default)
2024-02-10 23:48:19,119 [e6303cd0-aa6e-4f0b-8227-f9fc00433fb7-groupManagement] INFO  server.RaftServerConfigKeys (ConfUtils.java:logGet(46)) - raft.server.threadpool.client.cached = true (default)
2024-02-10 23:48:19,119 [e6303cd0-aa6e-4f0b-8227-f9fc00433fb7-groupManagement] INFO  server.RaftServerConfigKeys (ConfUtils.java:logGet(46)) - raft.server.threadpool.client.size = 0 (default)
2024-02-10 23:48:19,119 [e6303cd0-aa6e-4f0b-8227-f9fc00433fb7-groupManagement] INFO  server.RaftServerConfigKeys (ConfUtils.java:logGet(46)) - raft.server.storage.free-space.min = 0MB (=0) (default)
2024-02-10 23:48:19,119 [e6303cd0-aa6e-4f0b-8227-f9fc00433fb7-groupManagement] INFO  server.RaftServerConfigKeys (ConfUtils.java:logGet(46)) - raft.server.log.corruption.policy = EXCEPTION (default)
2024-02-10 23:48:19,119 [e6303cd0-aa6e-4f0b-8227-f9fc00433fb7-groupManagement] INFO  server.RaftServerConfigKeys (ConfUtils.java:logGet(46)) - raft.server.storage.dir = [/home/runner/work/ozone/ozone/hadoop-ozone/integration-test/target/test-dir/MiniOzoneClusterImpl-da04a438-6ec0-4fc9-9b2e-e93c90459920/datanode-7/data/ratis] (custom)
2024-02-10 23:48:19,120 [e6303cd0-aa6e-4f0b-8227-f9fc00433fb7-groupManagement] INFO  storage.RaftStorageDirectory (RaftStorageDirectoryImpl.java:analyzeStorage(138)) - The storage directory /home/runner/work/ozone/ozone/hadoop-ozone/integration-test/target/test-dir/MiniOzoneClusterImpl-da04a438-6ec0-4fc9-9b2e-e93c90459920/datanode-7/data/ratis/164a1b73-9984-445d-a676-cd69da698925 does not exist. Creating ...
2024-02-10 23:48:19,120 [e6303cd0-aa6e-4f0b-8227-f9fc00433fb7-groupManagement] INFO  storage.RaftStorageDirectory (RaftStorageDirectoryImpl.java:tryLock(228)) - Lock on /home/runner/work/ozone/ozone/hadoop-ozone/integration-test/target/test-dir/MiniOzoneClusterImpl-da04a438-6ec0-4fc9-9b2e-e93c90459920/datanode-7/data/ratis/164a1b73-9984-445d-a676-cd69da698925/in_use.lock acquired by nodename 48413@fv-az886-285
2024-02-10 23:48:19,121 [e6303cd0-aa6e-4f0b-8227-f9fc00433fb7-groupManagement] INFO  storage.RaftStorage (RaftStorageImpl.java:format(99)) - Storage directory /home/runner/work/ozone/ozone/hadoop-ozone/integration-test/target/test-dir/MiniOzoneClusterImpl-da04a438-6ec0-4fc9-9b2e-e93c90459920/datanode-7/data/ratis/164a1b73-9984-445d-a676-cd69da698925 has been successfully formatted.
2024-02-10 23:48:19,121 [e6303cd0-aa6e-4f0b-8227-f9fc00433fb7-groupManagement] WARN  util.FileUtils (LogUtils.java:supplyAndLog(63)) - Failed to Files.newInputStream /home/runner/work/ozone/ozone/hadoop-ozone/integration-test/target/test-dir/MiniOzoneClusterImpl-da04a438-6ec0-4fc9-9b2e-e93c90459920/datanode-7/data/ratis/164a1b73-9984-445d-a676-cd69da698925/current/raft-meta.conf with options []: java.nio.file.NoSuchFileException: /home/runner/work/ozone/ozone/hadoop-ozone/integration-test/target/test-dir/MiniOzoneClusterImpl-da04a438-6ec0-4fc9-9b2e-e93c90459920/datanode-7/data/ratis/164a1b73-9984-445d-a676-cd69da698925/current/raft-meta.conf
2024-02-10 23:48:19,122 [e6303cd0-aa6e-4f0b-8227-f9fc00433fb7-groupManagement] INFO  ratis.ContainerStateMachine (ContainerStateMachine.java:loadSnapshot(287)) - group-CD69DA698925: The snapshot info is null. Setting the last applied index to:(t:0, i:~)
2024-02-10 23:48:19,122 [e6303cd0-aa6e-4f0b-8227-f9fc00433fb7-groupManagement] INFO  server.RaftServerConfigKeys (ConfUtils.java:logGet(46)) - raft.server.log.use.memory = false (default)
2024-02-10 23:48:19,122 [e6303cd0-aa6e-4f0b-8227-f9fc00433fb7-groupManagement] INFO  server.RaftServerConfigKeys (ConfUtils.java:logGet(46)) - raft.server.log.purge.gap = 1000000 (custom)
2024-02-10 23:48:19,122 [e6303cd0-aa6e-4f0b-8227-f9fc00433fb7-groupManagement] INFO  server.RaftServerConfigKeys (ConfUtils.java:logGet(46)) - raft.server.log.appender.buffer.byte-limit = 8388608 (custom)
2024-02-10 23:48:19,122 [e6303cd0-aa6e-4f0b-8227-f9fc00433fb7-groupManagement] INFO  server.RaftServerConfigKeys (ConfUtils.java:logGet(46)) - raft.server.log.statemachine.data.read.timeout = 1000ms (default)
2024-02-10 23:48:19,122 [e6303cd0-aa6e-4f0b-8227-f9fc00433fb7-groupManagement] INFO  server.RaftServerConfigKeys (ConfUtils.java:logGet(46)) - raft.server.log.purge.preservation.log.num = 0 (default)
2024-02-10 23:48:19,123 [EventQueue-PipelineReportForPipelineReportHandler] INFO  pipeline.PipelineReportHandler (PipelineReportHandler.java:processPipelineReport(136)) - Opened pipeline PipelineID=164a1b73-9984-445d-a676-cd69da698925
2024-02-10 23:48:19,123 [EventQueue-OpenPipelineForHealthyPipelineSafeModeRule] INFO  safemode.SCMSafeModeManager (HealthyPipelineSafeModeRule.java:process(140)) - SCM in safe mode. Healthy pipelines reported count is 0, required healthy pipeline reported count is 1
2024-02-10 23:48:19,123 [e6303cd0-aa6e-4f0b-8227-f9fc00433fb7-groupManagement] INFO  server.RaftServerConfigKeys (ConfUtils.java:logGet(46)) - raft.server.log.segment.size.max = 67108864 (custom)
2024-02-10 23:48:19,123 [e6303cd0-aa6e-4f0b-8227-f9fc00433fb7-groupManagement] INFO  server.RaftServerConfigKeys (ConfUtils.java:logGet(46)) - raft.server.log.segment.cache.num.max = 2 (custom)
2024-02-10 23:48:19,124 [e6303cd0-aa6e-4f0b-8227-f9fc00433fb7-groupManagement] INFO  server.RaftServerConfigKeys (ConfUtils.java:logGet(46)) - raft.server.log.segment.cache.size.max = 200MB (=209715200) (default)
2024-02-10 23:48:19,124 [e6303cd0-aa6e-4f0b-8227-f9fc00433fb7-groupManagement] INFO  server.RaftServerConfigKeys (ConfUtils.java:logGet(46)) - raft.server.log.appender.buffer.byte-limit = 8388608 (custom)
2024-02-10 23:48:19,124 [e6303cd0-aa6e-4f0b-8227-f9fc00433fb7-groupManagement] INFO  util.AwaitToRun (AwaitToRun.java:start(81)) - Thread[e6303cd0-aa6e-4f0b-8227-f9fc00433fb7@group-CD69DA698925-cacheEviction-AwaitToRun,5,main] started
2024-02-10 23:48:19,124 [e6303cd0-aa6e-4f0b-8227-f9fc00433fb7-groupManagement] INFO  segmented.SegmentedRaftLogWorker (SegmentedRaftLogWorker.java:<init>(182)) - new e6303cd0-aa6e-4f0b-8227-f9fc00433fb7@group-CD69DA698925-SegmentedRaftLogWorker for RaftStorageImpl:Storage Directory /home/runner/work/ozone/ozone/hadoop-ozone/integration-test/target/test-dir/MiniOzoneClusterImpl-da04a438-6ec0-4fc9-9b2e-e93c90459920/datanode-7/data/ratis/164a1b73-9984-445d-a676-cd69da698925
2024-02-10 23:48:19,124 [e6303cd0-aa6e-4f0b-8227-f9fc00433fb7-groupManagement] INFO  server.RaftServerConfigKeys (ConfUtils.java:logGet(46)) - raft.server.log.queue.byte-limit = 4294967296 (custom)
2024-02-10 23:48:19,124 [e6303cd0-aa6e-4f0b-8227-f9fc00433fb7-groupManagement] INFO  server.RaftServerConfigKeys (ConfUtils.java:logGet(46)) - raft.server.log.queue.element-limit = 1024 (custom)
2024-02-10 23:48:19,124 [e6303cd0-aa6e-4f0b-8227-f9fc00433fb7-groupManagement] INFO  server.RaftServerConfigKeys (ConfUtils.java:logGet(46)) - raft.server.log.segment.size.max = 67108864 (custom)
2024-02-10 23:48:19,124 [e6303cd0-aa6e-4f0b-8227-f9fc00433fb7-groupManagement] INFO  server.RaftServerConfigKeys (ConfUtils.java:logGet(46)) - raft.server.log.preallocated.size = 4194304 (custom)
2024-02-10 23:48:19,124 [e6303cd0-aa6e-4f0b-8227-f9fc00433fb7-groupManagement] INFO  server.RaftServerConfigKeys (ConfUtils.java:logGet(46)) - raft.server.log.force.sync.num = 128 (default)
2024-02-10 23:48:19,124 [e6303cd0-aa6e-4f0b-8227-f9fc00433fb7-groupManagement] INFO  server.RaftServerConfigKeys (ConfUtils.java:logGet(46)) - raft.server.log.statemachine.data.sync = true (default)
2024-02-10 23:48:19,124 [e6303cd0-aa6e-4f0b-8227-f9fc00433fb7-groupManagement] INFO  server.RaftServerConfigKeys (ConfUtils.java:logGet(46)) - raft.server.log.statemachine.data.sync.timeout = 10s (default)
2024-02-10 23:48:19,124 [e6303cd0-aa6e-4f0b-8227-f9fc00433fb7-groupManagement] INFO  server.RaftServerConfigKeys (ConfUtils.java:logGet(46)) - raft.server.log.statemachine.data.sync.timeout.retry = 0 (custom)
2024-02-10 23:48:19,125 [e6303cd0-aa6e-4f0b-8227-f9fc00433fb7-groupManagement] INFO  server.RaftServerConfigKeys (ConfUtils.java:logGet(46)) - raft.server.log.write.buffer.size = 8388616 (custom)
2024-02-10 23:48:19,126 [e6303cd0-aa6e-4f0b-8227-f9fc00433fb7-groupManagement] INFO  server.RaftServerConfigKeys (ConfUtils.java:logGet(46)) - raft.server.log.appender.buffer.byte-limit = 8388608 (custom)
2024-02-10 23:48:19,126 [e6303cd0-aa6e-4f0b-8227-f9fc00433fb7-groupManagement] INFO  server.RaftServerConfigKeys (ConfUtils.java:logGet(46)) - raft.server.log.unsafe-flush.enabled = false (default)
2024-02-10 23:48:19,126 [e6303cd0-aa6e-4f0b-8227-f9fc00433fb7-groupManagement] INFO  server.RaftServerConfigKeys (ConfUtils.java:logGet(46)) - raft.server.log.async-flush.enabled = false (default)
2024-02-10 23:48:19,126 [e6303cd0-aa6e-4f0b-8227-f9fc00433fb7-groupManagement] INFO  server.RaftServerConfigKeys (ConfUtils.java:logGet(46)) - raft.server.log.statemachine.data.caching.enabled = true (custom)
2024-02-10 23:48:19,126 [e6303cd0-aa6e-4f0b-8227-f9fc00433fb7-groupManagement] INFO  segmented.SegmentedRaftLogWorker (SegmentedRaftLogWorker.java:lambda$new$0(134)) - e6303cd0-aa6e-4f0b-8227-f9fc00433fb7@group-CD69DA698925-SegmentedRaftLogWorker: flushIndex: setUnconditionally 0 -> -1
2024-02-10 23:48:19,126 [e6303cd0-aa6e-4f0b-8227-f9fc00433fb7-groupManagement] INFO  segmented.SegmentedRaftLogWorker (SegmentedRaftLogWorker.java:lambda$new$0(134)) - e6303cd0-aa6e-4f0b-8227-f9fc00433fb7@group-CD69DA698925-SegmentedRaftLogWorker: safeCacheEvictIndex: setUnconditionally 0 -> -1
2024-02-10 23:48:19,127 [e6303cd0-aa6e-4f0b-8227-f9fc00433fb7-groupManagement] INFO  server.RaftServer$Division (RaftServerImpl.java:start(396)) - e6303cd0-aa6e-4f0b-8227-f9fc00433fb7@group-CD69DA698925: start as a follower, conf=-1: peers:[e6303cd0-aa6e-4f0b-8227-f9fc00433fb7|10.1.0.12:15344]|listeners:[], old=null
2024-02-10 23:48:19,127 [e6303cd0-aa6e-4f0b-8227-f9fc00433fb7-groupManagement] INFO  server.RaftServer$Division (RaftServerImpl.java:setRole(383)) - e6303cd0-aa6e-4f0b-8227-f9fc00433fb7@group-CD69DA698925: changes role from      null to FOLLOWER at term 0 for startAsFollower
2024-02-10 23:48:19,127 [e6303cd0-aa6e-4f0b-8227-f9fc00433fb7-groupManagement] INFO  impl.RoleInfo (RoleInfo.java:updateAndGet(139)) - e6303cd0-aa6e-4f0b-8227-f9fc00433fb7: start e6303cd0-aa6e-4f0b-8227-f9fc00433fb7@group-CD69DA698925-FollowerState
2024-02-10 23:48:19,127 [e6303cd0-aa6e-4f0b-8227-f9fc00433fb7@group-CD69DA698925-FollowerState] INFO  server.RaftServerConfigKeys (ConfUtils.java:logFallback(53)) - raft.server.rpc.first-election.timeout.min = 5s (fallback to raft.server.rpc.timeout.min)
2024-02-10 23:48:19,127 [e6303cd0-aa6e-4f0b-8227-f9fc00433fb7-groupManagement] INFO  util.JmxRegister (JmxRegister.java:tryRegister(44)) - Successfully registered JMX Bean with object name Ratis:service=RaftServer,group=group-CD69DA698925,id=e6303cd0-aa6e-4f0b-8227-f9fc00433fb7
2024-02-10 23:48:19,127 [e6303cd0-aa6e-4f0b-8227-f9fc00433fb7@group-CD69DA698925-FollowerState] INFO  server.RaftServerConfigKeys (ConfUtils.java:logFallback(53)) - raft.server.rpc.first-election.timeout.max = 5200ms (fallback to raft.server.rpc.timeout.max)
2024-02-10 23:48:19,127 [e6303cd0-aa6e-4f0b-8227-f9fc00433fb7-groupManagement] INFO  server.RaftServerConfigKeys (ConfUtils.java:logGet(46)) - raft.server.snapshot.trigger-when-stop.enabled = true (default)
2024-02-10 23:48:19,127 [e6303cd0-aa6e-4f0b-8227-f9fc00433fb7-groupManagement] INFO  server.RaftServerConfigKeys (ConfUtils.java:logGet(46)) - raft.server.snapshot.auto.trigger.enabled = true (custom)
2024-02-10 23:48:19,127 [e6303cd0-aa6e-4f0b-8227-f9fc00433fb7-groupManagement] INFO  server.RaftServerConfigKeys (ConfUtils.java:logGet(46)) - raft.server.snapshot.auto.trigger.threshold = 10000 (custom)
2024-02-10 23:48:19,127 [e6303cd0-aa6e-4f0b-8227-f9fc00433fb7-groupManagement] INFO  server.RaftServerConfigKeys (ConfUtils.java:logGet(46)) - raft.server.snapshot.retention.file.num = 5 (custom)
2024-02-10 23:48:19,127 [e6303cd0-aa6e-4f0b-8227-f9fc00433fb7-groupManagement] INFO  server.RaftServerConfigKeys (ConfUtils.java:logGet(46)) - raft.server.log.purge.upto.snapshot.index = false (default)
2024-02-10 23:48:19,128 [e6303cd0-aa6e-4f0b-8227-f9fc00433fb7-PipelineCommandHandlerThread-0] INFO  ratis.XceiverServerRatis (XceiverServerRatis.java:addGroup(864)) - Created group PipelineID=164a1b73-9984-445d-a676-cd69da698925
2024-02-10 23:48:19,128 [e6303cd0-aa6e-4f0b-8227-f9fc00433fb7-PipelineCommandHandlerThread-0] INFO  commandhandler.CreatePipelineCommandHandler (CreatePipelineCommandHandler.java:lambda$handle$2(124)) - Created Pipeline RATIS ONE PipelineID=164a1b73-9984-445d-a676-cd69da698925.
2024-02-10 23:48:19,204 [f4d36fa5-ed0e-4d34-ba3c-8c17cce67bcd-PipelineCommandHandlerThread-0] INFO  server.RaftServer (RaftServerProxy.java:addNew(100)) - f4d36fa5-ed0e-4d34-ba3c-8c17cce67bcd: addNew group-143D6B5C3889:[f4d36fa5-ed0e-4d34-ba3c-8c17cce67bcd|10.1.0.12:15353] returns group-143D6B5C3889:java.util.concurrent.CompletableFuture@5a180bb5[Not completed]
2024-02-10 23:48:19,205 [f4d36fa5-ed0e-4d34-ba3c-8c17cce67bcd-groupManagement] INFO  server.RaftServer$Division (RaftServerImpl.java:<init>(256)) - f4d36fa5-ed0e-4d34-ba3c-8c17cce67bcd: new RaftServerImpl for group-143D6B5C3889:[f4d36fa5-ed0e-4d34-ba3c-8c17cce67bcd|10.1.0.12:15353] with ContainerStateMachine:uninitialized
2024-02-10 23:48:19,205 [f4d36fa5-ed0e-4d34-ba3c-8c17cce67bcd-groupManagement] INFO  server.RaftServerConfigKeys (ConfUtils.java:logGet(46)) - raft.server.rpc.timeout.min = 5s (custom)
2024-02-10 23:48:19,205 [f4d36fa5-ed0e-4d34-ba3c-8c17cce67bcd-groupManagement] INFO  server.RaftServerConfigKeys (ConfUtils.java:logGet(46)) - raft.server.rpc.timeout.max = 5200ms (custom)
2024-02-10 23:48:19,205 [f4d36fa5-ed0e-4d34-ba3c-8c17cce67bcd-groupManagement] INFO  server.RaftServerConfigKeys (ConfUtils.java:logGet(46)) - raft.server.rpc.sleep.time = 25ms (default)
2024-02-10 23:48:19,205 [f4d36fa5-ed0e-4d34-ba3c-8c17cce67bcd-groupManagement] INFO  server.RaftServerConfigKeys (ConfUtils.java:logGet(46)) - raft.server.rpc.slowness.timeout = 300000ms (custom)
2024-02-10 23:48:19,205 [f4d36fa5-ed0e-4d34-ba3c-8c17cce67bcd-groupManagement] INFO  server.RaftServerConfigKeys (ConfUtils.java:logGet(46)) - raft.server.leaderelection.leader.step-down.wait-time = 10s (default)
2024-02-10 23:48:19,205 [f4d36fa5-ed0e-4d34-ba3c-8c17cce67bcd-groupManagement] INFO  server.RaftServerConfigKeys (ConfUtils.java:logGet(46)) - raft.server.leaderelection.member.majority-add = false (default)
2024-02-10 23:48:19,205 [f4d36fa5-ed0e-4d34-ba3c-8c17cce67bcd-groupManagement] INFO  server.RaftServerConfigKeys (ConfUtils.java:logGet(46)) - raft.server.sleep.deviation.threshold = 300ms (default)
2024-02-10 23:48:19,205 [f4d36fa5-ed0e-4d34-ba3c-8c17cce67bcd-groupManagement] INFO  server.RaftServer$Division (ServerState.java:<init>(113)) - f4d36fa5-ed0e-4d34-ba3c-8c17cce67bcd@group-143D6B5C3889: ConfigurationManager, init=-1: peers:[f4d36fa5-ed0e-4d34-ba3c-8c17cce67bcd|10.1.0.12:15353]|listeners:[], old=null, confs=<EMPTY_MAP>
2024-02-10 23:48:19,206 [f4d36fa5-ed0e-4d34-ba3c-8c17cce67bcd-groupManagement] INFO  server.RaftServerConfigKeys (ConfUtils.java:logGet(46)) - raft.server.notification.no-leader.timeout = 300000ms (custom)
2024-02-10 23:48:19,206 [f4d36fa5-ed0e-4d34-ba3c-8c17cce67bcd-groupManagement] INFO  server.RaftServerConfigKeys (ConfUtils.java:logGet(46)) - raft.server.read.timeout = 10s (default)
2024-02-10 23:48:19,206 [f4d36fa5-ed0e-4d34-ba3c-8c17cce67bcd-groupManagement] INFO  server.RaftServerConfigKeys (ConfUtils.java:logGet(46)) - raft.server.retrycache.expirytime = 600000ms (custom)
2024-02-10 23:48:19,206 [f4d36fa5-ed0e-4d34-ba3c-8c17cce67bcd-groupManagement] INFO  server.RaftServerConfigKeys (ConfUtils.java:logGet(46)) - raft.server.retrycache.statistics.expirytime = 100ms (default)
2024-02-10 23:48:19,206 [f4d36fa5-ed0e-4d34-ba3c-8c17cce67bcd-groupManagement] INFO  server.RaftServerConfigKeys (ConfUtils.java:logGet(46)) - raft.server.read.option = DEFAULT (default)
2024-02-10 23:48:19,206 [f4d36fa5-ed0e-4d34-ba3c-8c17cce67bcd-groupManagement] INFO  server.RaftServerConfigKeys (ConfUtils.java:logGet(46)) - raft.server.read.read-after-write-consistent.write-index-cache.expiry-time = 60s (default)
2024-02-10 23:48:19,207 [f4d36fa5-ed0e-4d34-ba3c-8c17cce67bcd-groupManagement] INFO  server.RaftServerConfigKeys (ConfUtils.java:logGet(46)) - raft.server.rpc.request.timeout = 3000ms (default)
2024-02-10 23:48:19,207 [main] INFO  ozone.MiniOzoneClusterImpl (MiniOzoneClusterImpl.java:lambda$waitForClusterToBeReady$0(221)) - Nodes are ready. Got 9 of 9 DN Heartbeats.
2024-02-10 23:48:19,208 [main] INFO  ozone.MiniOzoneClusterImpl (MiniOzoneClusterImpl.java:lambda$waitForClusterToBeReady$0(224)) - Waiting for cluster to exit safe mode
2024-02-10 23:48:19,208 [main] INFO  ozone.MiniOzoneClusterImpl (MiniOzoneClusterImpl.java:lambda$waitForClusterToBeReady$0(226)) - SCM became leader
2024-02-10 23:48:19,207 [f4d36fa5-ed0e-4d34-ba3c-8c17cce67bcd-groupManagement] INFO  server.RaftServerConfigKeys (ConfUtils.java:logGet(46)) - raft.server.log.appender.install.snapshot.enabled = false (custom)
2024-02-10 23:48:19,208 [f4d36fa5-ed0e-4d34-ba3c-8c17cce67bcd-groupManagement] INFO  server.RaftServerConfigKeys (ConfUtils.java:logGet(46)) - raft.server.threadpool.server.cached = true (default)
2024-02-10 23:48:19,208 [f4d36fa5-ed0e-4d34-ba3c-8c17cce67bcd-groupManagement] INFO  server.RaftServerConfigKeys (ConfUtils.java:logGet(46)) - raft.server.threadpool.server.size = 0 (default)
2024-02-10 23:48:19,208 [f4d36fa5-ed0e-4d34-ba3c-8c17cce67bcd-groupManagement] INFO  server.RaftServerConfigKeys (ConfUtils.java:logGet(46)) - raft.server.threadpool.client.cached = true (default)
2024-02-10 23:48:19,208 [f4d36fa5-ed0e-4d34-ba3c-8c17cce67bcd-groupManagement] INFO  server.RaftServerConfigKeys (ConfUtils.java:logGet(46)) - raft.server.threadpool.client.size = 0 (default)
2024-02-10 23:48:19,208 [f4d36fa5-ed0e-4d34-ba3c-8c17cce67bcd-groupManagement] INFO  server.RaftServerConfigKeys (ConfUtils.java:logGet(46)) - raft.server.storage.free-space.min = 0MB (=0) (default)
2024-02-10 23:48:19,208 [f4d36fa5-ed0e-4d34-ba3c-8c17cce67bcd-groupManagement] INFO  server.RaftServerConfigKeys (ConfUtils.java:logGet(46)) - raft.server.log.corruption.policy = EXCEPTION (default)
2024-02-10 23:48:19,209 [f4d36fa5-ed0e-4d34-ba3c-8c17cce67bcd-groupManagement] INFO  server.RaftServerConfigKeys (ConfUtils.java:logGet(46)) - raft.server.storage.dir = [/home/runner/work/ozone/ozone/hadoop-ozone/integration-test/target/test-dir/MiniOzoneClusterImpl-da04a438-6ec0-4fc9-9b2e-e93c90459920/datanode-8/data/ratis] (custom)
2024-02-10 23:48:19,209 [f4d36fa5-ed0e-4d34-ba3c-8c17cce67bcd-groupManagement] INFO  storage.RaftStorageDirectory (RaftStorageDirectoryImpl.java:analyzeStorage(138)) - The storage directory /home/runner/work/ozone/ozone/hadoop-ozone/integration-test/target/test-dir/MiniOzoneClusterImpl-da04a438-6ec0-4fc9-9b2e-e93c90459920/datanode-8/data/ratis/05e21327-1fc5-4ba8-9950-143d6b5c3889 does not exist. Creating ...
2024-02-10 23:48:19,210 [f4d36fa5-ed0e-4d34-ba3c-8c17cce67bcd-groupManagement] INFO  storage.RaftStorageDirectory (RaftStorageDirectoryImpl.java:tryLock(228)) - Lock on /home/runner/work/ozone/ozone/hadoop-ozone/integration-test/target/test-dir/MiniOzoneClusterImpl-da04a438-6ec0-4fc9-9b2e-e93c90459920/datanode-8/data/ratis/05e21327-1fc5-4ba8-9950-143d6b5c3889/in_use.lock acquired by nodename 48413@fv-az886-285
2024-02-10 23:48:19,211 [f4d36fa5-ed0e-4d34-ba3c-8c17cce67bcd-groupManagement] INFO  storage.RaftStorage (RaftStorageImpl.java:format(99)) - Storage directory /home/runner/work/ozone/ozone/hadoop-ozone/integration-test/target/test-dir/MiniOzoneClusterImpl-da04a438-6ec0-4fc9-9b2e-e93c90459920/datanode-8/data/ratis/05e21327-1fc5-4ba8-9950-143d6b5c3889 has been successfully formatted.
2024-02-10 23:48:19,211 [f4d36fa5-ed0e-4d34-ba3c-8c17cce67bcd-groupManagement] WARN  util.FileUtils (LogUtils.java:supplyAndLog(63)) - Failed to Files.newInputStream /home/runner/work/ozone/ozone/hadoop-ozone/integration-test/target/test-dir/MiniOzoneClusterImpl-da04a438-6ec0-4fc9-9b2e-e93c90459920/datanode-8/data/ratis/05e21327-1fc5-4ba8-9950-143d6b5c3889/current/raft-meta.conf with options []: java.nio.file.NoSuchFileException: /home/runner/work/ozone/ozone/hadoop-ozone/integration-test/target/test-dir/MiniOzoneClusterImpl-da04a438-6ec0-4fc9-9b2e-e93c90459920/datanode-8/data/ratis/05e21327-1fc5-4ba8-9950-143d6b5c3889/current/raft-meta.conf
2024-02-10 23:48:19,211 [f4d36fa5-ed0e-4d34-ba3c-8c17cce67bcd-groupManagement] INFO  ratis.ContainerStateMachine (ContainerStateMachine.java:loadSnapshot(287)) - group-143D6B5C3889: The snapshot info is null. Setting the last applied index to:(t:0, i:~)
2024-02-10 23:48:19,211 [f4d36fa5-ed0e-4d34-ba3c-8c17cce67bcd-groupManagement] INFO  server.RaftServerConfigKeys (ConfUtils.java:logGet(46)) - raft.server.log.use.memory = false (default)
2024-02-10 23:48:19,211 [f4d36fa5-ed0e-4d34-ba3c-8c17cce67bcd-groupManagement] INFO  server.RaftServerConfigKeys (ConfUtils.java:logGet(46)) - raft.server.log.purge.gap = 1000000 (custom)
2024-02-10 23:48:19,211 [f4d36fa5-ed0e-4d34-ba3c-8c17cce67bcd-groupManagement] INFO  server.RaftServerConfigKeys (ConfUtils.java:logGet(46)) - raft.server.log.appender.buffer.byte-limit = 8388608 (custom)
2024-02-10 23:48:19,211 [f4d36fa5-ed0e-4d34-ba3c-8c17cce67bcd-groupManagement] INFO  server.RaftServerConfigKeys (ConfUtils.java:logGet(46)) - raft.server.log.statemachine.data.read.timeout = 1000ms (default)
2024-02-10 23:48:19,211 [f4d36fa5-ed0e-4d34-ba3c-8c17cce67bcd-groupManagement] INFO  server.RaftServerConfigKeys (ConfUtils.java:logGet(46)) - raft.server.log.purge.preservation.log.num = 0 (default)
2024-02-10 23:48:19,212 [EventQueue-PipelineReportForPipelineReportHandler] INFO  pipeline.PipelineReportHandler (PipelineReportHandler.java:processPipelineReport(136)) - Opened pipeline PipelineID=05e21327-1fc5-4ba8-9950-143d6b5c3889
2024-02-10 23:48:19,212 [EventQueue-OpenPipelineForHealthyPipelineSafeModeRule] INFO  safemode.SCMSafeModeManager (HealthyPipelineSafeModeRule.java:process(140)) - SCM in safe mode. Healthy pipelines reported count is 0, required healthy pipeline reported count is 1
2024-02-10 23:48:19,213 [f4d36fa5-ed0e-4d34-ba3c-8c17cce67bcd-groupManagement] INFO  server.RaftServerConfigKeys (ConfUtils.java:logGet(46)) - raft.server.log.segment.size.max = 67108864 (custom)
2024-02-10 23:48:19,213 [f4d36fa5-ed0e-4d34-ba3c-8c17cce67bcd-groupManagement] INFO  server.RaftServerConfigKeys (ConfUtils.java:logGet(46)) - raft.server.log.segment.cache.num.max = 2 (custom)
2024-02-10 23:48:19,213 [f4d36fa5-ed0e-4d34-ba3c-8c17cce67bcd-groupManagement] INFO  server.RaftServerConfigKeys (ConfUtils.java:logGet(46)) - raft.server.log.segment.cache.size.max = 200MB (=209715200) (default)
2024-02-10 23:48:19,213 [f4d36fa5-ed0e-4d34-ba3c-8c17cce67bcd-groupManagement] INFO  server.RaftServerConfigKeys (ConfUtils.java:logGet(46)) - raft.server.log.appender.buffer.byte-limit = 8388608 (custom)
2024-02-10 23:48:19,213 [f4d36fa5-ed0e-4d34-ba3c-8c17cce67bcd-groupManagement] INFO  util.AwaitToRun (AwaitToRun.java:start(81)) - Thread[f4d36fa5-ed0e-4d34-ba3c-8c17cce67bcd@group-143D6B5C3889-cacheEviction-AwaitToRun,5,main] started
2024-02-10 23:48:19,214 [f4d36fa5-ed0e-4d34-ba3c-8c17cce67bcd-groupManagement] INFO  segmented.SegmentedRaftLogWorker (SegmentedRaftLogWorker.java:<init>(182)) - new f4d36fa5-ed0e-4d34-ba3c-8c17cce67bcd@group-143D6B5C3889-SegmentedRaftLogWorker for RaftStorageImpl:Storage Directory /home/runner/work/ozone/ozone/hadoop-ozone/integration-test/target/test-dir/MiniOzoneClusterImpl-da04a438-6ec0-4fc9-9b2e-e93c90459920/datanode-8/data/ratis/05e21327-1fc5-4ba8-9950-143d6b5c3889
2024-02-10 23:48:19,214 [f4d36fa5-ed0e-4d34-ba3c-8c17cce67bcd-groupManagement] INFO  server.RaftServerConfigKeys (ConfUtils.java:logGet(46)) - raft.server.log.queue.byte-limit = 4294967296 (custom)
2024-02-10 23:48:19,214 [f4d36fa5-ed0e-4d34-ba3c-8c17cce67bcd-groupManagement] INFO  server.RaftServerConfigKeys (ConfUtils.java:logGet(46)) - raft.server.log.queue.element-limit = 1024 (custom)
2024-02-10 23:48:19,214 [f4d36fa5-ed0e-4d34-ba3c-8c17cce67bcd-groupManagement] INFO  server.RaftServerConfigKeys (ConfUtils.java:logGet(46)) - raft.server.log.segment.size.max = 67108864 (custom)
2024-02-10 23:48:19,214 [f4d36fa5-ed0e-4d34-ba3c-8c17cce67bcd-groupManagement] INFO  server.RaftServerConfigKeys (ConfUtils.java:logGet(46)) - raft.server.log.preallocated.size = 4194304 (custom)
2024-02-10 23:48:19,214 [f4d36fa5-ed0e-4d34-ba3c-8c17cce67bcd-groupManagement] INFO  server.RaftServerConfigKeys (ConfUtils.java:logGet(46)) - raft.server.log.force.sync.num = 128 (default)
2024-02-10 23:48:19,214 [f4d36fa5-ed0e-4d34-ba3c-8c17cce67bcd-groupManagement] INFO  server.RaftServerConfigKeys (ConfUtils.java:logGet(46)) - raft.server.log.statemachine.data.sync = true (default)
2024-02-10 23:48:19,214 [f4d36fa5-ed0e-4d34-ba3c-8c17cce67bcd-groupManagement] INFO  server.RaftServerConfigKeys (ConfUtils.java:logGet(46)) - raft.server.log.statemachine.data.sync.timeout = 10s (default)
2024-02-10 23:48:19,214 [f4d36fa5-ed0e-4d34-ba3c-8c17cce67bcd-groupManagement] INFO  server.RaftServerConfigKeys (ConfUtils.java:logGet(46)) - raft.server.log.statemachine.data.sync.timeout.retry = 0 (custom)
2024-02-10 23:48:19,214 [f4d36fa5-ed0e-4d34-ba3c-8c17cce67bcd-groupManagement] INFO  server.RaftServerConfigKeys (ConfUtils.java:logGet(46)) - raft.server.log.write.buffer.size = 8388616 (custom)
2024-02-10 23:48:19,215 [f4d36fa5-ed0e-4d34-ba3c-8c17cce67bcd-groupManagement] INFO  server.RaftServerConfigKeys (ConfUtils.java:logGet(46)) - raft.server.log.appender.buffer.byte-limit = 8388608 (custom)
2024-02-10 23:48:19,215 [f4d36fa5-ed0e-4d34-ba3c-8c17cce67bcd-groupManagement] INFO  server.RaftServerConfigKeys (ConfUtils.java:logGet(46)) - raft.server.log.unsafe-flush.enabled = false (default)
2024-02-10 23:48:19,215 [f4d36fa5-ed0e-4d34-ba3c-8c17cce67bcd-groupManagement] INFO  server.RaftServerConfigKeys (ConfUtils.java:logGet(46)) - raft.server.log.async-flush.enabled = false (default)
2024-02-10 23:48:19,216 [f4d36fa5-ed0e-4d34-ba3c-8c17cce67bcd-groupManagement] INFO  server.RaftServerConfigKeys (ConfUtils.java:logGet(46)) - raft.server.log.statemachine.data.caching.enabled = true (custom)
2024-02-10 23:48:19,216 [f4d36fa5-ed0e-4d34-ba3c-8c17cce67bcd-groupManagement] INFO  segmented.SegmentedRaftLogWorker (SegmentedRaftLogWorker.java:lambda$new$0(134)) - f4d36fa5-ed0e-4d34-ba3c-8c17cce67bcd@group-143D6B5C3889-SegmentedRaftLogWorker: flushIndex: setUnconditionally 0 -> -1
2024-02-10 23:48:19,216 [f4d36fa5-ed0e-4d34-ba3c-8c17cce67bcd-groupManagement] INFO  segmented.SegmentedRaftLogWorker (SegmentedRaftLogWorker.java:lambda$new$0(134)) - f4d36fa5-ed0e-4d34-ba3c-8c17cce67bcd@group-143D6B5C3889-SegmentedRaftLogWorker: safeCacheEvictIndex: setUnconditionally 0 -> -1
2024-02-10 23:48:19,216 [f4d36fa5-ed0e-4d34-ba3c-8c17cce67bcd-groupManagement] INFO  server.RaftServer$Division (RaftServerImpl.java:start(396)) - f4d36fa5-ed0e-4d34-ba3c-8c17cce67bcd@group-143D6B5C3889: start as a follower, conf=-1: peers:[f4d36fa5-ed0e-4d34-ba3c-8c17cce67bcd|10.1.0.12:15353]|listeners:[], old=null
2024-02-10 23:48:19,216 [f4d36fa5-ed0e-4d34-ba3c-8c17cce67bcd-groupManagement] INFO  server.RaftServer$Division (RaftServerImpl.java:setRole(383)) - f4d36fa5-ed0e-4d34-ba3c-8c17cce67bcd@group-143D6B5C3889: changes role from      null to FOLLOWER at term 0 for startAsFollower
2024-02-10 23:48:19,216 [f4d36fa5-ed0e-4d34-ba3c-8c17cce67bcd-groupManagement] INFO  impl.RoleInfo (RoleInfo.java:updateAndGet(139)) - f4d36fa5-ed0e-4d34-ba3c-8c17cce67bcd: start f4d36fa5-ed0e-4d34-ba3c-8c17cce67bcd@group-143D6B5C3889-FollowerState
2024-02-10 23:48:19,216 [f4d36fa5-ed0e-4d34-ba3c-8c17cce67bcd@group-143D6B5C3889-FollowerState] INFO  server.RaftServerConfigKeys (ConfUtils.java:logFallback(53)) - raft.server.rpc.first-election.timeout.min = 5s (fallback to raft.server.rpc.timeout.min)
2024-02-10 23:48:19,216 [f4d36fa5-ed0e-4d34-ba3c-8c17cce67bcd-groupManagement] INFO  util.JmxRegister (JmxRegister.java:tryRegister(44)) - Successfully registered JMX Bean with object name Ratis:service=RaftServer,group=group-143D6B5C3889,id=f4d36fa5-ed0e-4d34-ba3c-8c17cce67bcd
2024-02-10 23:48:19,216 [f4d36fa5-ed0e-4d34-ba3c-8c17cce67bcd@group-143D6B5C3889-FollowerState] INFO  server.RaftServerConfigKeys (ConfUtils.java:logFallback(53)) - raft.server.rpc.first-election.timeout.max = 5200ms (fallback to raft.server.rpc.timeout.max)
2024-02-10 23:48:19,216 [f4d36fa5-ed0e-4d34-ba3c-8c17cce67bcd-groupManagement] INFO  server.RaftServerConfigKeys (ConfUtils.java:logGet(46)) - raft.server.snapshot.trigger-when-stop.enabled = true (default)
2024-02-10 23:48:19,216 [f4d36fa5-ed0e-4d34-ba3c-8c17cce67bcd-groupManagement] INFO  server.RaftServerConfigKeys (ConfUtils.java:logGet(46)) - raft.server.snapshot.auto.trigger.enabled = true (custom)
2024-02-10 23:48:19,217 [f4d36fa5-ed0e-4d34-ba3c-8c17cce67bcd-groupManagement] INFO  server.RaftServerConfigKeys (ConfUtils.java:logGet(46)) - raft.server.snapshot.auto.trigger.threshold = 10000 (custom)
2024-02-10 23:48:19,217 [f4d36fa5-ed0e-4d34-ba3c-8c17cce67bcd-groupManagement] INFO  server.RaftServerConfigKeys (ConfUtils.java:logGet(46)) - raft.server.snapshot.retention.file.num = 5 (custom)
2024-02-10 23:48:19,217 [f4d36fa5-ed0e-4d34-ba3c-8c17cce67bcd-groupManagement] INFO  server.RaftServerConfigKeys (ConfUtils.java:logGet(46)) - raft.server.log.purge.upto.snapshot.index = false (default)
2024-02-10 23:48:19,217 [f4d36fa5-ed0e-4d34-ba3c-8c17cce67bcd-PipelineCommandHandlerThread-0] INFO  ratis.XceiverServerRatis (XceiverServerRatis.java:addGroup(864)) - Created group PipelineID=05e21327-1fc5-4ba8-9950-143d6b5c3889
2024-02-10 23:48:19,217 [f4d36fa5-ed0e-4d34-ba3c-8c17cce67bcd-PipelineCommandHandlerThread-0] INFO  commandhandler.CreatePipelineCommandHandler (CreatePipelineCommandHandler.java:lambda$handle$2(124)) - Created Pipeline RATIS ONE PipelineID=05e21327-1fc5-4ba8-9950-143d6b5c3889.
2024-02-10 23:48:20,208 [main] INFO  ozone.MiniOzoneClusterImpl (MiniOzoneClusterImpl.java:lambda$waitForClusterToBeReady$0(221)) - Nodes are ready. Got 9 of 9 DN Heartbeats.
2024-02-10 23:48:20,208 [main] INFO  ozone.MiniOzoneClusterImpl (MiniOzoneClusterImpl.java:lambda$waitForClusterToBeReady$0(224)) - Waiting for cluster to exit safe mode
2024-02-10 23:48:20,208 [main] INFO  ozone.MiniOzoneClusterImpl (MiniOzoneClusterImpl.java:lambda$waitForClusterToBeReady$0(226)) - SCM became leader
2024-02-10 23:48:21,209 [main] INFO  ozone.MiniOzoneClusterImpl (MiniOzoneClusterImpl.java:lambda$waitForClusterToBeReady$0(221)) - Nodes are ready. Got 9 of 9 DN Heartbeats.
2024-02-10 23:48:21,209 [main] INFO  ozone.MiniOzoneClusterImpl (MiniOzoneClusterImpl.java:lambda$waitForClusterToBeReady$0(224)) - Waiting for cluster to exit safe mode
2024-02-10 23:48:21,209 [main] INFO  ozone.MiniOzoneClusterImpl (MiniOzoneClusterImpl.java:lambda$waitForClusterToBeReady$0(226)) - SCM became leader
2024-02-10 23:48:22,209 [main] INFO  ozone.MiniOzoneClusterImpl (MiniOzoneClusterImpl.java:lambda$waitForClusterToBeReady$0(221)) - Nodes are ready. Got 9 of 9 DN Heartbeats.
2024-02-10 23:48:22,209 [main] INFO  ozone.MiniOzoneClusterImpl (MiniOzoneClusterImpl.java:lambda$waitForClusterToBeReady$0(224)) - Waiting for cluster to exit safe mode
2024-02-10 23:48:22,209 [main] INFO  ozone.MiniOzoneClusterImpl (MiniOzoneClusterImpl.java:lambda$waitForClusterToBeReady$0(226)) - SCM became leader
2024-02-10 23:48:23,210 [main] INFO  ozone.MiniOzoneClusterImpl (MiniOzoneClusterImpl.java:lambda$waitForClusterToBeReady$0(221)) - Nodes are ready. Got 9 of 9 DN Heartbeats.
2024-02-10 23:48:23,210 [main] INFO  ozone.MiniOzoneClusterImpl (MiniOzoneClusterImpl.java:lambda$waitForClusterToBeReady$0(224)) - Waiting for cluster to exit safe mode
2024-02-10 23:48:23,210 [main] INFO  ozone.MiniOzoneClusterImpl (MiniOzoneClusterImpl.java:lambda$waitForClusterToBeReady$0(226)) - SCM became leader
2024-02-10 23:48:23,558 [f41b6dce-8722-4706-80fd-a8b218830cd7@group-3C9E2FD7329A-FollowerState] INFO  impl.FollowerState (FollowerState.java:run(143)) - f41b6dce-8722-4706-80fd-a8b218830cd7@group-3C9E2FD7329A-FollowerState: change to CANDIDATE, lastRpcElapsedTime:5083439581ns, electionTimeout:5083ms
2024-02-10 23:48:23,558 [f41b6dce-8722-4706-80fd-a8b218830cd7@group-3C9E2FD7329A-FollowerState] INFO  impl.RoleInfo (RoleInfo.java:shutdownFollowerState(110)) - f41b6dce-8722-4706-80fd-a8b218830cd7: shutdown f41b6dce-8722-4706-80fd-a8b218830cd7@group-3C9E2FD7329A-FollowerState
2024-02-10 23:48:23,558 [f41b6dce-8722-4706-80fd-a8b218830cd7@group-3C9E2FD7329A-FollowerState] INFO  server.RaftServer$Division (RaftServerImpl.java:setRole(383)) - f41b6dce-8722-4706-80fd-a8b218830cd7@group-3C9E2FD7329A: changes role from  FOLLOWER to CANDIDATE at term 0 for changeToCandidate
2024-02-10 23:48:23,558 [f41b6dce-8722-4706-80fd-a8b218830cd7@group-3C9E2FD7329A-FollowerState] INFO  server.RaftServerConfigKeys (ConfUtils.java:logGet(46)) - raft.server.leaderelection.pre-vote = true (default)
2024-02-10 23:48:23,558 [f41b6dce-8722-4706-80fd-a8b218830cd7@group-3C9E2FD7329A-FollowerState] INFO  impl.RoleInfo (RoleInfo.java:updateAndGet(139)) - f41b6dce-8722-4706-80fd-a8b218830cd7: start f41b6dce-8722-4706-80fd-a8b218830cd7@group-3C9E2FD7329A-LeaderElection50
2024-02-10 23:48:23,560 [f41b6dce-8722-4706-80fd-a8b218830cd7@group-3C9E2FD7329A-LeaderElection50] INFO  impl.LeaderElection (LeaderElection.java:askForVotes(321)) - f41b6dce-8722-4706-80fd-a8b218830cd7@group-3C9E2FD7329A-LeaderElection50 PRE_VOTE round 0: submit vote requests at term 0 for -1: peers:[f41b6dce-8722-4706-80fd-a8b218830cd7|10.1.0.12:15281, 73a2e683-eab9-4fa9-bf1b-2a740f4e4743|10.1.0.12:15290, 5708a1f9-d8fb-4b3a-b759-64b1395b16e1|10.1.0.12:15299]|listeners:[], old=null
2024-02-10 23:48:23,560 [f41b6dce-8722-4706-80fd-a8b218830cd7@group-3C9E2FD7329A-LeaderElection50] INFO  server.RaftServerConfigKeys (ConfUtils.java:logFallback(53)) - raft.server.rpc.first-election.timeout.min = 5s (fallback to raft.server.rpc.timeout.min)
2024-02-10 23:48:23,560 [f41b6dce-8722-4706-80fd-a8b218830cd7@group-3C9E2FD7329A-LeaderElection50-2] INFO  server.GrpcServerProtocolClient (GrpcServerProtocolClient.java:<init>(65)) - Build channel for 5708a1f9-d8fb-4b3a-b759-64b1395b16e1|10.1.0.12:15299
2024-02-10 23:48:23,560 [f41b6dce-8722-4706-80fd-a8b218830cd7@group-3C9E2FD7329A-LeaderElection50-1] INFO  server.GrpcServerProtocolClient (GrpcServerProtocolClient.java:<init>(65)) - Build channel for 73a2e683-eab9-4fa9-bf1b-2a740f4e4743|10.1.0.12:15290
2024-02-10 23:48:23,560 [f41b6dce-8722-4706-80fd-a8b218830cd7@group-3C9E2FD7329A-LeaderElection50] INFO  server.RaftServerConfigKeys (ConfUtils.java:logFallback(53)) - raft.server.rpc.first-election.timeout.max = 5200ms (fallback to raft.server.rpc.timeout.max)
2024-02-10 23:48:23,565 [f41b6dce-8722-4706-80fd-a8b218830cd7@group-73283BF56C0B-FollowerState] INFO  impl.FollowerState (FollowerState.java:run(143)) - f41b6dce-8722-4706-80fd-a8b218830cd7@group-73283BF56C0B-FollowerState: change to CANDIDATE, lastRpcElapsedTime:5103471810ns, electionTimeout:5103ms
2024-02-10 23:48:23,565 [f41b6dce-8722-4706-80fd-a8b218830cd7@group-73283BF56C0B-FollowerState] INFO  impl.RoleInfo (RoleInfo.java:shutdownFollowerState(110)) - f41b6dce-8722-4706-80fd-a8b218830cd7: shutdown f41b6dce-8722-4706-80fd-a8b218830cd7@group-73283BF56C0B-FollowerState
2024-02-10 23:48:23,565 [f41b6dce-8722-4706-80fd-a8b218830cd7@group-73283BF56C0B-FollowerState] INFO  server.RaftServer$Division (RaftServerImpl.java:setRole(383)) - f41b6dce-8722-4706-80fd-a8b218830cd7@group-73283BF56C0B: changes role from  FOLLOWER to CANDIDATE at term 0 for changeToCandidate
2024-02-10 23:48:23,565 [f41b6dce-8722-4706-80fd-a8b218830cd7@group-73283BF56C0B-FollowerState] INFO  server.RaftServerConfigKeys (ConfUtils.java:logGet(46)) - raft.server.leaderelection.pre-vote = true (default)
2024-02-10 23:48:23,565 [f41b6dce-8722-4706-80fd-a8b218830cd7@group-73283BF56C0B-FollowerState] INFO  impl.RoleInfo (RoleInfo.java:updateAndGet(139)) - f41b6dce-8722-4706-80fd-a8b218830cd7: start f41b6dce-8722-4706-80fd-a8b218830cd7@group-73283BF56C0B-LeaderElection51
2024-02-10 23:48:23,566 [grpc-default-executor-0] INFO  server.RaftServer$Division (RaftServerImpl.java:requestVote(1389)) - 73a2e683-eab9-4fa9-bf1b-2a740f4e4743@group-3C9E2FD7329A: receive requestVote(PRE_VOTE, f41b6dce-8722-4706-80fd-a8b218830cd7, group-3C9E2FD7329A, 0, (t:0, i:0))
2024-02-10 23:48:23,566 [grpc-default-executor-0] INFO  impl.VoteContext (VoteContext.java:log(49)) - 73a2e683-eab9-4fa9-bf1b-2a740f4e4743@group-3C9E2FD7329A-FOLLOWER: accept PRE_VOTE from f41b6dce-8722-4706-80fd-a8b218830cd7: our priority 0 <= candidate's priority 0
2024-02-10 23:48:23,566 [grpc-default-executor-0] INFO  server.RaftServer$Division (RaftServerImpl.java:requestVote(1422)) - 73a2e683-eab9-4fa9-bf1b-2a740f4e4743@group-3C9E2FD7329A replies to PRE_VOTE vote request: f41b6dce-8722-4706-80fd-a8b218830cd7<-73a2e683-eab9-4fa9-bf1b-2a740f4e4743#0:OK-t0. Peer's state: 73a2e683-eab9-4fa9-bf1b-2a740f4e4743@group-3C9E2FD7329A:t0, leader=null, voted=, raftlog=Memoized:73a2e683-eab9-4fa9-bf1b-2a740f4e4743@group-3C9E2FD7329A-SegmentedRaftLog:OPENED:c-1, conf=-1: peers:[f41b6dce-8722-4706-80fd-a8b218830cd7|10.1.0.12:15281, 73a2e683-eab9-4fa9-bf1b-2a740f4e4743|10.1.0.12:15290, 5708a1f9-d8fb-4b3a-b759-64b1395b16e1|10.1.0.12:15299]|listeners:[], old=null
2024-02-10 23:48:23,566 [grpc-default-executor-1] INFO  server.RaftServer$Division (RaftServerImpl.java:requestVote(1389)) - 5708a1f9-d8fb-4b3a-b759-64b1395b16e1@group-3C9E2FD7329A: receive requestVote(PRE_VOTE, f41b6dce-8722-4706-80fd-a8b218830cd7, group-3C9E2FD7329A, 0, (t:0, i:0))
2024-02-10 23:48:23,567 [grpc-default-executor-1] INFO  impl.VoteContext (VoteContext.java:log(49)) - 5708a1f9-d8fb-4b3a-b759-64b1395b16e1@group-3C9E2FD7329A-FOLLOWER: reject PRE_VOTE from f41b6dce-8722-4706-80fd-a8b218830cd7: our priority 1 > candidate's priority 0
2024-02-10 23:48:23,567 [grpc-default-executor-1] INFO  server.RaftServer$Division (RaftServerImpl.java:requestVote(1422)) - 5708a1f9-d8fb-4b3a-b759-64b1395b16e1@group-3C9E2FD7329A replies to PRE_VOTE vote request: f41b6dce-8722-4706-80fd-a8b218830cd7<-5708a1f9-d8fb-4b3a-b759-64b1395b16e1#0:FAIL-t0. Peer's state: 5708a1f9-d8fb-4b3a-b759-64b1395b16e1@group-3C9E2FD7329A:t0, leader=null, voted=, raftlog=Memoized:5708a1f9-d8fb-4b3a-b759-64b1395b16e1@group-3C9E2FD7329A-SegmentedRaftLog:OPENED:c-1, conf=-1: peers:[f41b6dce-8722-4706-80fd-a8b218830cd7|10.1.0.12:15281, 73a2e683-eab9-4fa9-bf1b-2a740f4e4743|10.1.0.12:15290, 5708a1f9-d8fb-4b3a-b759-64b1395b16e1|10.1.0.12:15299]|listeners:[], old=null
2024-02-10 23:48:23,568 [f41b6dce-8722-4706-80fd-a8b218830cd7@group-73283BF56C0B-LeaderElection51] INFO  impl.LeaderElection (LeaderElection.java:askForVotes(321)) - f41b6dce-8722-4706-80fd-a8b218830cd7@group-73283BF56C0B-LeaderElection51 PRE_VOTE round 0: submit vote requests at term 0 for -1: peers:[f41b6dce-8722-4706-80fd-a8b218830cd7|10.1.0.12:15281]|listeners:[], old=null
2024-02-10 23:48:23,568 [f41b6dce-8722-4706-80fd-a8b218830cd7@group-73283BF56C0B-LeaderElection51] INFO  impl.LeaderElection (LeaderElection.java:askForVotes(323)) - f41b6dce-8722-4706-80fd-a8b218830cd7@group-73283BF56C0B-LeaderElection51 PRE_VOTE round 0: result PASSED (term=0)
2024-02-10 23:48:23,569 [f41b6dce-8722-4706-80fd-a8b218830cd7@group-73283BF56C0B-LeaderElection51] INFO  impl.LeaderElection (LeaderElection.java:askForVotes(321)) - f41b6dce-8722-4706-80fd-a8b218830cd7@group-73283BF56C0B-LeaderElection51 ELECTION round 0: submit vote requests at term 1 for -1: peers:[f41b6dce-8722-4706-80fd-a8b218830cd7|10.1.0.12:15281]|listeners:[], old=null
2024-02-10 23:48:23,569 [f41b6dce-8722-4706-80fd-a8b218830cd7@group-73283BF56C0B-LeaderElection51] INFO  impl.LeaderElection (LeaderElection.java:askForVotes(323)) - f41b6dce-8722-4706-80fd-a8b218830cd7@group-73283BF56C0B-LeaderElection51 ELECTION round 0: result PASSED (term=1)
2024-02-10 23:48:23,570 [f41b6dce-8722-4706-80fd-a8b218830cd7@group-73283BF56C0B-LeaderElection51] INFO  impl.RoleInfo (RoleInfo.java:shutdownLeaderElection(130)) - f41b6dce-8722-4706-80fd-a8b218830cd7: shutdown f41b6dce-8722-4706-80fd-a8b218830cd7@group-73283BF56C0B-LeaderElection51
2024-02-10 23:48:23,570 [f41b6dce-8722-4706-80fd-a8b218830cd7@group-73283BF56C0B-LeaderElection51] INFO  server.RaftServer$Division (RaftServerImpl.java:setRole(383)) - f41b6dce-8722-4706-80fd-a8b218830cd7@group-73283BF56C0B: changes role from CANDIDATE to LEADER at term 1 for changeToLeader
2024-02-10 23:48:23,570 [f41b6dce-8722-4706-80fd-a8b218830cd7@group-73283BF56C0B-LeaderElection51] INFO  server.RaftServerConfigKeys (ConfUtils.java:logGet(46)) - raft.server.staging.catchup.gap = 1000 (default)
2024-02-10 23:48:23,570 [f41b6dce-8722-4706-80fd-a8b218830cd7@group-73283BF56C0B-LeaderElection51] INFO  server.RaftServerConfigKeys (ConfUtils.java:logGet(46)) - raft.server.write.element-limit = 1024 (custom)
2024-02-10 23:48:23,570 [f41b6dce-8722-4706-80fd-a8b218830cd7@group-73283BF56C0B-LeaderElection51] INFO  server.RaftServerConfigKeys (ConfUtils.java:logGet(46)) - raft.server.write.byte-limit = 1024 M (=1073741824) (custom)
2024-02-10 23:48:23,570 [f41b6dce-8722-4706-80fd-a8b218830cd7@group-73283BF56C0B-LeaderElection51] INFO  server.RaftServerConfigKeys (ConfUtils.java:logGet(46)) - raft.server.watch.timeout = 3000ms (custom)
2024-02-10 23:48:23,570 [f41b6dce-8722-4706-80fd-a8b218830cd7@group-73283BF56C0B-LeaderElection51] INFO  server.RaftServerConfigKeys (ConfUtils.java:logGet(46)) - raft.server.watch.timeout.denomination = 1s (default)
2024-02-10 23:48:23,570 [f41b6dce-8722-4706-80fd-a8b218830cd7@group-73283BF56C0B-LeaderElection51] INFO  server.RaftServerConfigKeys (ConfUtils.java:logGet(46)) - raft.server.watch.element-limit = 65536 (default)
2024-02-10 23:48:23,570 [f41b6dce-8722-4706-80fd-a8b218830cd7@group-73283BF56C0B-LeaderElection51] INFO  server.RaftServerConfigKeys (ConfUtils.java:logGet(46)) - raft.server.read.leader.lease.enabled = false (default)
2024-02-10 23:48:23,570 [f41b6dce-8722-4706-80fd-a8b218830cd7@group-73283BF56C0B-LeaderElection51] INFO  server.RaftServerConfigKeys (ConfUtils.java:logGet(46)) - raft.server.read.leader.lease.timeout.ratio = 0.9 (default)
2024-02-10 23:48:23,571 [f41b6dce-8722-4706-80fd-a8b218830cd7@group-73283BF56C0B-LeaderElection51] INFO  server.RaftServerConfigKeys (ConfUtils.java:logGet(46)) - raft.server.rpc.timeout.min = 5s (custom)
2024-02-10 23:48:23,571 [f41b6dce-8722-4706-80fd-a8b218830cd7@group-73283BF56C0B-LeaderElection51] INFO  server.RaftServerConfigKeys (ConfUtils.java:logGet(46)) - raft.server.write.element-limit = 1024 (custom)
2024-02-10 23:48:23,571 [f41b6dce-8722-4706-80fd-a8b218830cd7@group-73283BF56C0B-LeaderElection51] INFO  server.RaftServerConfigKeys (ConfUtils.java:logGet(46)) - raft.server.write.follower.gap.ratio.max = -1.0 (default)
2024-02-10 23:48:23,571 [f41b6dce-8722-4706-80fd-a8b218830cd7@group-73283BF56C0B-LeaderElection51] INFO  impl.RoleInfo (RoleInfo.java:updateAndGet(139)) - f41b6dce-8722-4706-80fd-a8b218830cd7: start f41b6dce-8722-4706-80fd-a8b218830cd7@group-73283BF56C0B-LeaderStateImpl
2024-02-10 23:48:23,571 [f41b6dce-8722-4706-80fd-a8b218830cd7@group-73283BF56C0B-LeaderElection51] INFO  server.RaftServer$Division (RaftServerImpl.java:setFirstElection(574)) - f41b6dce-8722-4706-80fd-a8b218830cd7@group-73283BF56C0B: set firstElectionSinceStartup to false for becomeLeader
2024-02-10 23:48:23,571 [f41b6dce-8722-4706-80fd-a8b218830cd7@group-73283BF56C0B-LeaderElection51] INFO  ratis.XceiverServerRatis (XceiverServerRatis.java:handleLeaderChangedNotification(966)) - Leader change notification received for group: group-73283BF56C0B with new leaderId: f41b6dce-8722-4706-80fd-a8b218830cd7
2024-02-10 23:48:23,571 [f41b6dce-8722-4706-80fd-a8b218830cd7@group-73283BF56C0B-LeaderElection51] INFO  server.RaftServer$Division (ServerState.java:setLeader(269)) - f41b6dce-8722-4706-80fd-a8b218830cd7@group-73283BF56C0B: change Leader from null to f41b6dce-8722-4706-80fd-a8b218830cd7 at term 1 for becomeLeader, leader elected after 5120ms
2024-02-10 23:48:23,571 [f41b6dce-8722-4706-80fd-a8b218830cd7@group-73283BF56C0B-LeaderElection51] INFO  segmented.SegmentedRaftLogWorker (SegmentedRaftLogWorker.java:startLogSegment(430)) - f41b6dce-8722-4706-80fd-a8b218830cd7@group-73283BF56C0B-SegmentedRaftLogWorker: Starting segment from index:0
2024-02-10 23:48:23,571 [f41b6dce-8722-4706-80fd-a8b218830cd7@group-73283BF56C0B-SegmentedRaftLogWorker] INFO  segmented.BufferedWriteChannel (BufferedWriteChannel.java:open(62)) - open log_inprogress_0 at position 0
2024-02-10 23:48:23,576 [EventQueue-OpenPipelineForHealthyPipelineSafeModeRule] INFO  safemode.SCMSafeModeManager (HealthyPipelineSafeModeRule.java:process(140)) - SCM in safe mode. Healthy pipelines reported count is 0, required healthy pipeline reported count is 1
2024-02-10 23:48:23,577 [f41b6dce-8722-4706-80fd-a8b218830cd7@group-73283BF56C0B-LeaderElection51] INFO  server.RaftServer$Division (ServerState.java:setRaftConf(386)) - f41b6dce-8722-4706-80fd-a8b218830cd7@group-73283BF56C0B: set configuration 0: peers:[f41b6dce-8722-4706-80fd-a8b218830cd7|10.1.0.12:15281]|listeners:[], old=null
2024-02-10 23:48:23,578 [f41b6dce-8722-4706-80fd-a8b218830cd7@group-3C9E2FD7329A-LeaderElection50] INFO  impl.LeaderElection (LeaderElection.java:logAndReturn(89)) - f41b6dce-8722-4706-80fd-a8b218830cd7@group-3C9E2FD7329A-LeaderElection50: PRE_VOTE REJECTED received 2 response(s) and 0 exception(s):
2024-02-10 23:48:23,579 [f41b6dce-8722-4706-80fd-a8b218830cd7@group-3C9E2FD7329A-LeaderElection50] INFO  impl.LeaderElection (LeaderElection.java:logAndReturn(93)) -   Response 0: f41b6dce-8722-4706-80fd-a8b218830cd7<-73a2e683-eab9-4fa9-bf1b-2a740f4e4743#0:OK-t0
2024-02-10 23:48:23,579 [f41b6dce-8722-4706-80fd-a8b218830cd7@group-3C9E2FD7329A-LeaderElection50] INFO  impl.LeaderElection (LeaderElection.java:logAndReturn(93)) -   Response 1: f41b6dce-8722-4706-80fd-a8b218830cd7<-5708a1f9-d8fb-4b3a-b759-64b1395b16e1#0:FAIL-t0
2024-02-10 23:48:23,579 [f41b6dce-8722-4706-80fd-a8b218830cd7@group-3C9E2FD7329A-LeaderElection50] INFO  impl.LeaderElection (LeaderElection.java:askForVotes(323)) - f41b6dce-8722-4706-80fd-a8b218830cd7@group-3C9E2FD7329A-LeaderElection50 PRE_VOTE round 0: result REJECTED
2024-02-10 23:48:23,579 [f41b6dce-8722-4706-80fd-a8b218830cd7@group-3C9E2FD7329A-LeaderElection50] INFO  server.RaftServer$Division (RaftServerImpl.java:setRole(383)) - f41b6dce-8722-4706-80fd-a8b218830cd7@group-3C9E2FD7329A: changes role from CANDIDATE to FOLLOWER at term 0 for REJECTED
2024-02-10 23:48:23,579 [f41b6dce-8722-4706-80fd-a8b218830cd7@group-3C9E2FD7329A-LeaderElection50] INFO  impl.RoleInfo (RoleInfo.java:shutdownLeaderElection(130)) - f41b6dce-8722-4706-80fd-a8b218830cd7: shutdown f41b6dce-8722-4706-80fd-a8b218830cd7@group-3C9E2FD7329A-LeaderElection50
2024-02-10 23:48:23,579 [f41b6dce-8722-4706-80fd-a8b218830cd7@group-3C9E2FD7329A-LeaderElection50] INFO  impl.RoleInfo (RoleInfo.java:updateAndGet(139)) - f41b6dce-8722-4706-80fd-a8b218830cd7: start f41b6dce-8722-4706-80fd-a8b218830cd7@group-3C9E2FD7329A-FollowerState
2024-02-10 23:48:23,579 [f41b6dce-8722-4706-80fd-a8b218830cd7@group-3C9E2FD7329A-LeaderElection50] INFO  server.RaftServer$Division (RaftServerImpl.java:setFirstElection(574)) - f41b6dce-8722-4706-80fd-a8b218830cd7@group-3C9E2FD7329A: set firstElectionSinceStartup to false for REJECTED
2024-02-10 23:48:23,580 [f41b6dce-8722-4706-80fd-a8b218830cd7@group-73283BF56C0B-SegmentedRaftLogWorker] INFO  segmented.SegmentedRaftLogWorker (SegmentedRaftLogWorker.java:execute(634)) - f41b6dce-8722-4706-80fd-a8b218830cd7@group-73283BF56C0B-SegmentedRaftLogWorker: created new log segment /home/runner/work/ozone/ozone/hadoop-ozone/integration-test/target/test-dir/MiniOzoneClusterImpl-da04a438-6ec0-4fc9-9b2e-e93c90459920/datanode-0/data/ratis/a794de41-7f69-42c0-b73b-73283bf56c0b/current/log_inprogress_0
2024-02-10 23:48:23,581 [f41b6dce-8722-4706-80fd-a8b218830cd7@group-73283BF56C0B-StateMachineUpdater] INFO  server.RaftServer$Division (LeaderStateImpl.java:isApplied(320)) - leader is ready since appliedIndex == 0 >= startIndex == 0
2024-02-10 23:48:23,610 [5708a1f9-d8fb-4b3a-b759-64b1395b16e1@group-3C9E2FD7329A-FollowerState] INFO  impl.FollowerState (FollowerState.java:run(143)) - 5708a1f9-d8fb-4b3a-b759-64b1395b16e1@group-3C9E2FD7329A-FollowerState: change to CANDIDATE, lastRpcElapsedTime:5095021704ns, electionTimeout:5094ms
2024-02-10 23:48:23,610 [5708a1f9-d8fb-4b3a-b759-64b1395b16e1@group-3C9E2FD7329A-FollowerState] INFO  impl.RoleInfo (RoleInfo.java:shutdownFollowerState(110)) - 5708a1f9-d8fb-4b3a-b759-64b1395b16e1: shutdown 5708a1f9-d8fb-4b3a-b759-64b1395b16e1@group-3C9E2FD7329A-FollowerState
2024-02-10 23:48:23,610 [5708a1f9-d8fb-4b3a-b759-64b1395b16e1@group-3C9E2FD7329A-FollowerState] INFO  server.RaftServer$Division (RaftServerImpl.java:setRole(383)) - 5708a1f9-d8fb-4b3a-b759-64b1395b16e1@group-3C9E2FD7329A: changes role from  FOLLOWER to CANDIDATE at term 0 for changeToCandidate
2024-02-10 23:48:23,610 [5708a1f9-d8fb-4b3a-b759-64b1395b16e1@group-3C9E2FD7329A-FollowerState] INFO  server.RaftServerConfigKeys (ConfUtils.java:logGet(46)) - raft.server.leaderelection.pre-vote = true (default)
2024-02-10 23:48:23,610 [5708a1f9-d8fb-4b3a-b759-64b1395b16e1@group-3C9E2FD7329A-FollowerState] INFO  impl.RoleInfo (RoleInfo.java:updateAndGet(139)) - 5708a1f9-d8fb-4b3a-b759-64b1395b16e1: start 5708a1f9-d8fb-4b3a-b759-64b1395b16e1@group-3C9E2FD7329A-LeaderElection52
2024-02-10 23:48:23,611 [5708a1f9-d8fb-4b3a-b759-64b1395b16e1@group-3C9E2FD7329A-LeaderElection52] INFO  impl.LeaderElection (LeaderElection.java:askForVotes(321)) - 5708a1f9-d8fb-4b3a-b759-64b1395b16e1@group-3C9E2FD7329A-LeaderElection52 PRE_VOTE round 0: submit vote requests at term 0 for -1: peers:[f41b6dce-8722-4706-80fd-a8b218830cd7|10.1.0.12:15281, 73a2e683-eab9-4fa9-bf1b-2a740f4e4743|10.1.0.12:15290, 5708a1f9-d8fb-4b3a-b759-64b1395b16e1|10.1.0.12:15299]|listeners:[], old=null
2024-02-10 23:48:23,611 [5708a1f9-d8fb-4b3a-b759-64b1395b16e1@group-3C9E2FD7329A-LeaderElection52-1] INFO  server.GrpcServerProtocolClient (GrpcServerProtocolClient.java:<init>(65)) - Build channel for f41b6dce-8722-4706-80fd-a8b218830cd7|10.1.0.12:15281
2024-02-10 23:48:23,611 [5708a1f9-d8fb-4b3a-b759-64b1395b16e1@group-3C9E2FD7329A-LeaderElection52-2] INFO  server.GrpcServerProtocolClient (GrpcServerProtocolClient.java:<init>(65)) - Build channel for 73a2e683-eab9-4fa9-bf1b-2a740f4e4743|10.1.0.12:15290
2024-02-10 23:48:23,611 [5708a1f9-d8fb-4b3a-b759-64b1395b16e1@group-3C9E2FD7329A-LeaderElection52] INFO  server.RaftServerConfigKeys (ConfUtils.java:logFallback(53)) - raft.server.rpc.first-election.timeout.min = 5s (fallback to raft.server.rpc.timeout.min)
2024-02-10 23:48:23,612 [5708a1f9-d8fb-4b3a-b759-64b1395b16e1@group-3C9E2FD7329A-LeaderElection52] INFO  server.RaftServerConfigKeys (ConfUtils.java:logFallback(53)) - raft.server.rpc.first-election.timeout.max = 5200ms (fallback to raft.server.rpc.timeout.max)
2024-02-10 23:48:23,615 [grpc-default-executor-1] INFO  server.RaftServer$Division (RaftServerImpl.java:requestVote(1389)) - f41b6dce-8722-4706-80fd-a8b218830cd7@group-3C9E2FD7329A: receive requestVote(PRE_VOTE, 5708a1f9-d8fb-4b3a-b759-64b1395b16e1, group-3C9E2FD7329A, 0, (t:0, i:0))
2024-02-10 23:48:23,615 [grpc-default-executor-1] INFO  impl.VoteContext (VoteContext.java:log(49)) - f41b6dce-8722-4706-80fd-a8b218830cd7@group-3C9E2FD7329A-FOLLOWER: accept PRE_VOTE from 5708a1f9-d8fb-4b3a-b759-64b1395b16e1: our priority 0 <= candidate's priority 1
2024-02-10 23:48:23,615 [grpc-default-executor-1] INFO  server.RaftServer$Division (RaftServerImpl.java:requestVote(1422)) - f41b6dce-8722-4706-80fd-a8b218830cd7@group-3C9E2FD7329A replies to PRE_VOTE vote request: 5708a1f9-d8fb-4b3a-b759-64b1395b16e1<-f41b6dce-8722-4706-80fd-a8b218830cd7#0:OK-t0. Peer's state: f41b6dce-8722-4706-80fd-a8b218830cd7@group-3C9E2FD7329A:t0, leader=null, voted=, raftlog=Memoized:f41b6dce-8722-4706-80fd-a8b218830cd7@group-3C9E2FD7329A-SegmentedRaftLog:OPENED:c-1, conf=-1: peers:[f41b6dce-8722-4706-80fd-a8b218830cd7|10.1.0.12:15281, 73a2e683-eab9-4fa9-bf1b-2a740f4e4743|10.1.0.12:15290, 5708a1f9-d8fb-4b3a-b759-64b1395b16e1|10.1.0.12:15299]|listeners:[], old=null
2024-02-10 23:48:23,617 [5708a1f9-d8fb-4b3a-b759-64b1395b16e1@group-3C9E2FD7329A-LeaderElection52] INFO  impl.LeaderElection (LeaderElection.java:logAndReturn(89)) - 5708a1f9-d8fb-4b3a-b759-64b1395b16e1@group-3C9E2FD7329A-LeaderElection52: PRE_VOTE PASSED received 1 response(s) and 0 exception(s):
2024-02-10 23:48:23,617 [5708a1f9-d8fb-4b3a-b759-64b1395b16e1@group-3C9E2FD7329A-LeaderElection52] INFO  impl.LeaderElection (LeaderElection.java:logAndReturn(93)) -   Response 0: 5708a1f9-d8fb-4b3a-b759-64b1395b16e1<-f41b6dce-8722-4706-80fd-a8b218830cd7#0:OK-t0
2024-02-10 23:48:23,617 [5708a1f9-d8fb-4b3a-b759-64b1395b16e1@group-3C9E2FD7329A-LeaderElection52] INFO  impl.LeaderElection (LeaderElection.java:askForVotes(323)) - 5708a1f9-d8fb-4b3a-b759-64b1395b16e1@group-3C9E2FD7329A-LeaderElection52 PRE_VOTE round 0: result PASSED
2024-02-10 23:48:23,618 [5708a1f9-d8fb-4b3a-b759-64b1395b16e1@group-3C9E2FD7329A-LeaderElection52] INFO  impl.LeaderElection (LeaderElection.java:askForVotes(321)) - 5708a1f9-d8fb-4b3a-b759-64b1395b16e1@group-3C9E2FD7329A-LeaderElection52 ELECTION round 0: submit vote requests at term 1 for -1: peers:[f41b6dce-8722-4706-80fd-a8b218830cd7|10.1.0.12:15281, 73a2e683-eab9-4fa9-bf1b-2a740f4e4743|10.1.0.12:15290, 5708a1f9-d8fb-4b3a-b759-64b1395b16e1|10.1.0.12:15299]|listeners:[], old=null
2024-02-10 23:48:23,619 [5708a1f9-d8fb-4b3a-b759-64b1395b16e1@group-3C9E2FD7329A-LeaderElection52] INFO  server.RaftServerConfigKeys (ConfUtils.java:logFallback(53)) - raft.server.rpc.first-election.timeout.min = 5s (fallback to raft.server.rpc.timeout.min)
2024-02-10 23:48:23,619 [5708a1f9-d8fb-4b3a-b759-64b1395b16e1@group-3C9E2FD7329A-LeaderElection52] INFO  server.RaftServerConfigKeys (ConfUtils.java:logFallback(53)) - raft.server.rpc.first-election.timeout.max = 5200ms (fallback to raft.server.rpc.timeout.max)
2024-02-10 23:48:23,623 [grpc-default-executor-1] INFO  server.RaftServer$Division (RaftServerImpl.java:requestVote(1389)) - f41b6dce-8722-4706-80fd-a8b218830cd7@group-3C9E2FD7329A: receive requestVote(ELECTION, 5708a1f9-d8fb-4b3a-b759-64b1395b16e1, group-3C9E2FD7329A, 1, (t:0, i:0))
2024-02-10 23:48:23,623 [grpc-default-executor-1] INFO  impl.VoteContext (VoteContext.java:log(49)) - f41b6dce-8722-4706-80fd-a8b218830cd7@group-3C9E2FD7329A-FOLLOWER: accept ELECTION from 5708a1f9-d8fb-4b3a-b759-64b1395b16e1: our priority 0 <= candidate's priority 1
2024-02-10 23:48:23,623 [grpc-default-executor-1] INFO  server.RaftServer$Division (RaftServerImpl.java:setRole(383)) - f41b6dce-8722-4706-80fd-a8b218830cd7@group-3C9E2FD7329A: changes role from  FOLLOWER to FOLLOWER at term 1 for candidate:5708a1f9-d8fb-4b3a-b759-64b1395b16e1
2024-02-10 23:48:23,623 [grpc-default-executor-1] INFO  impl.RoleInfo (RoleInfo.java:shutdownFollowerState(110)) - f41b6dce-8722-4706-80fd-a8b218830cd7: shutdown f41b6dce-8722-4706-80fd-a8b218830cd7@group-3C9E2FD7329A-FollowerState
2024-02-10 23:48:23,623 [grpc-default-executor-1] INFO  impl.RoleInfo (RoleInfo.java:updateAndGet(139)) - f41b6dce-8722-4706-80fd-a8b218830cd7: start f41b6dce-8722-4706-80fd-a8b218830cd7@group-3C9E2FD7329A-FollowerState
2024-02-10 23:48:23,623 [f41b6dce-8722-4706-80fd-a8b218830cd7@group-3C9E2FD7329A-FollowerState] INFO  impl.FollowerState (FollowerState.java:run(152)) - f41b6dce-8722-4706-80fd-a8b218830cd7@group-3C9E2FD7329A-FollowerState was interrupted
2024-02-10 23:48:23,623 [grpc-default-executor-2] INFO  server.RaftServer$Division (RaftServerImpl.java:requestVote(1389)) - 73a2e683-eab9-4fa9-bf1b-2a740f4e4743@group-3C9E2FD7329A: receive requestVote(ELECTION, 5708a1f9-d8fb-4b3a-b759-64b1395b16e1, group-3C9E2FD7329A, 1, (t:0, i:0))
2024-02-10 23:48:23,623 [grpc-default-executor-0] INFO  server.RaftServer$Division (RaftServerImpl.java:requestVote(1389)) - 73a2e683-eab9-4fa9-bf1b-2a740f4e4743@group-3C9E2FD7329A: receive requestVote(PRE_VOTE, 5708a1f9-d8fb-4b3a-b759-64b1395b16e1, group-3C9E2FD7329A, 0, (t:0, i:0))
2024-02-10 23:48:23,624 [grpc-default-executor-2] INFO  impl.VoteContext (VoteContext.java:log(49)) - 73a2e683-eab9-4fa9-bf1b-2a740f4e4743@group-3C9E2FD7329A-FOLLOWER: accept ELECTION from 5708a1f9-d8fb-4b3a-b759-64b1395b16e1: our priority 0 <= candidate's priority 1
2024-02-10 23:48:23,624 [grpc-default-executor-2] INFO  server.RaftServer$Division (RaftServerImpl.java:setRole(383)) - 73a2e683-eab9-4fa9-bf1b-2a740f4e4743@group-3C9E2FD7329A: changes role from  FOLLOWER to FOLLOWER at term 1 for candidate:5708a1f9-d8fb-4b3a-b759-64b1395b16e1
2024-02-10 23:48:23,624 [grpc-default-executor-2] INFO  impl.RoleInfo (RoleInfo.java:shutdownFollowerState(110)) - 73a2e683-eab9-4fa9-bf1b-2a740f4e4743: shutdown 73a2e683-eab9-4fa9-bf1b-2a740f4e4743@group-3C9E2FD7329A-FollowerState
2024-02-10 23:48:23,624 [grpc-default-executor-2] INFO  impl.RoleInfo (RoleInfo.java:updateAndGet(139)) - 73a2e683-eab9-4fa9-bf1b-2a740f4e4743: start 73a2e683-eab9-4fa9-bf1b-2a740f4e4743@group-3C9E2FD7329A-FollowerState
2024-02-10 23:48:23,624 [73a2e683-eab9-4fa9-bf1b-2a740f4e4743@group-3C9E2FD7329A-FollowerState] INFO  impl.FollowerState (FollowerState.java:run(152)) - 73a2e683-eab9-4fa9-bf1b-2a740f4e4743@group-3C9E2FD7329A-FollowerState was interrupted
2024-02-10 23:48:23,625 [grpc-default-executor-2] INFO  server.RaftServer$Division (RaftServerImpl.java:setFirstElection(574)) - 73a2e683-eab9-4fa9-bf1b-2a740f4e4743@group-3C9E2FD7329A: set firstElectionSinceStartup to false for candidate:5708a1f9-d8fb-4b3a-b759-64b1395b16e1
2024-02-10 23:48:23,625 [grpc-default-executor-1] INFO  server.RaftServer$Division (RaftServerImpl.java:requestVote(1422)) - f41b6dce-8722-4706-80fd-a8b218830cd7@group-3C9E2FD7329A replies to ELECTION vote request: 5708a1f9-d8fb-4b3a-b759-64b1395b16e1<-f41b6dce-8722-4706-80fd-a8b218830cd7#0:OK-t1. Peer's state: f41b6dce-8722-4706-80fd-a8b218830cd7@group-3C9E2FD7329A:t1, leader=null, voted=5708a1f9-d8fb-4b3a-b759-64b1395b16e1, raftlog=Memoized:f41b6dce-8722-4706-80fd-a8b218830cd7@group-3C9E2FD7329A-SegmentedRaftLog:OPENED:c-1, conf=-1: peers:[f41b6dce-8722-4706-80fd-a8b218830cd7|10.1.0.12:15281, 73a2e683-eab9-4fa9-bf1b-2a740f4e4743|10.1.0.12:15290, 5708a1f9-d8fb-4b3a-b759-64b1395b16e1|10.1.0.12:15299]|listeners:[], old=null
2024-02-10 23:48:23,626 [5708a1f9-d8fb-4b3a-b759-64b1395b16e1@group-3C9E2FD7329A-LeaderElection52] INFO  impl.LeaderElection (LeaderElection.java:logAndReturn(89)) - 5708a1f9-d8fb-4b3a-b759-64b1395b16e1@group-3C9E2FD7329A-LeaderElection52: ELECTION PASSED received 1 response(s) and 0 exception(s):
2024-02-10 23:48:23,626 [5708a1f9-d8fb-4b3a-b759-64b1395b16e1@group-3C9E2FD7329A-LeaderElection52] INFO  impl.LeaderElection (LeaderElection.java:logAndReturn(93)) -   Response 0: 5708a1f9-d8fb-4b3a-b759-64b1395b16e1<-f41b6dce-8722-4706-80fd-a8b218830cd7#0:OK-t1
2024-02-10 23:48:23,626 [5708a1f9-d8fb-4b3a-b759-64b1395b16e1@group-3C9E2FD7329A-LeaderElection52] INFO  impl.LeaderElection (LeaderElection.java:askForVotes(323)) - 5708a1f9-d8fb-4b3a-b759-64b1395b16e1@group-3C9E2FD7329A-LeaderElection52 ELECTION round 0: result PASSED
2024-02-10 23:48:23,626 [5708a1f9-d8fb-4b3a-b759-64b1395b16e1@group-3C9E2FD7329A-LeaderElection52] INFO  impl.RoleInfo (RoleInfo.java:shutdownLeaderElection(130)) - 5708a1f9-d8fb-4b3a-b759-64b1395b16e1: shutdown 5708a1f9-d8fb-4b3a-b759-64b1395b16e1@group-3C9E2FD7329A-LeaderElection52
2024-02-10 23:48:23,626 [5708a1f9-d8fb-4b3a-b759-64b1395b16e1@group-3C9E2FD7329A-LeaderElection52] INFO  server.RaftServer$Division (RaftServerImpl.java:setRole(383)) - 5708a1f9-d8fb-4b3a-b759-64b1395b16e1@group-3C9E2FD7329A: changes role from CANDIDATE to LEADER at term 1 for changeToLeader
2024-02-10 23:48:23,626 [5708a1f9-d8fb-4b3a-b759-64b1395b16e1@group-3C9E2FD7329A-LeaderElection52] INFO  server.RaftServerConfigKeys (ConfUtils.java:logGet(46)) - raft.server.staging.catchup.gap = 1000 (default)
2024-02-10 23:48:23,626 [5708a1f9-d8fb-4b3a-b759-64b1395b16e1@group-3C9E2FD7329A-LeaderElection52] INFO  server.RaftServerConfigKeys (ConfUtils.java:logGet(46)) - raft.server.write.element-limit = 1024 (custom)
2024-02-10 23:48:23,626 [5708a1f9-d8fb-4b3a-b759-64b1395b16e1@group-3C9E2FD7329A-LeaderElection52] INFO  server.RaftServerConfigKeys (ConfUtils.java:logGet(46)) - raft.server.write.byte-limit = 1024 M (=1073741824) (custom)
2024-02-10 23:48:23,626 [5708a1f9-d8fb-4b3a-b759-64b1395b16e1@group-3C9E2FD7329A-LeaderElection52] INFO  server.RaftServerConfigKeys (ConfUtils.java:logGet(46)) - raft.server.watch.timeout = 3000ms (custom)
2024-02-10 23:48:23,626 [5708a1f9-d8fb-4b3a-b759-64b1395b16e1@group-3C9E2FD7329A-LeaderElection52] INFO  server.RaftServerConfigKeys (ConfUtils.java:logGet(46)) - raft.server.watch.timeout.denomination = 1s (default)
2024-02-10 23:48:23,626 [5708a1f9-d8fb-4b3a-b759-64b1395b16e1@group-3C9E2FD7329A-LeaderElection52] INFO  server.RaftServerConfigKeys (ConfUtils.java:logGet(46)) - raft.server.watch.element-limit = 65536 (default)
2024-02-10 23:48:23,626 [5708a1f9-d8fb-4b3a-b759-64b1395b16e1@group-3C9E2FD7329A-LeaderElection52] INFO  server.RaftServerConfigKeys (ConfUtils.java:logGet(46)) - raft.server.read.leader.lease.enabled = false (default)
2024-02-10 23:48:23,627 [5708a1f9-d8fb-4b3a-b759-64b1395b16e1@group-3C9E2FD7329A-LeaderElection52] INFO  server.RaftServerConfigKeys (ConfUtils.java:logGet(46)) - raft.server.read.leader.lease.timeout.ratio = 0.9 (default)
2024-02-10 23:48:23,627 [5708a1f9-d8fb-4b3a-b759-64b1395b16e1@group-3C9E2FD7329A-LeaderElection52] INFO  server.RaftServerConfigKeys (ConfUtils.java:logGet(46)) - raft.server.rpc.timeout.min = 5s (custom)
2024-02-10 23:48:23,627 [grpc-default-executor-2] INFO  server.RaftServer$Division (RaftServerImpl.java:requestVote(1422)) - 73a2e683-eab9-4fa9-bf1b-2a740f4e4743@group-3C9E2FD7329A replies to ELECTION vote request: 5708a1f9-d8fb-4b3a-b759-64b1395b16e1<-73a2e683-eab9-4fa9-bf1b-2a740f4e4743#0:OK-t1. Peer's state: 73a2e683-eab9-4fa9-bf1b-2a740f4e4743@group-3C9E2FD7329A:t1, leader=null, voted=5708a1f9-d8fb-4b3a-b759-64b1395b16e1, raftlog=Memoized:73a2e683-eab9-4fa9-bf1b-2a740f4e4743@group-3C9E2FD7329A-SegmentedRaftLog:OPENED:c-1, conf=-1: peers:[f41b6dce-8722-4706-80fd-a8b218830cd7|10.1.0.12:15281, 73a2e683-eab9-4fa9-bf1b-2a740f4e4743|10.1.0.12:15290, 5708a1f9-d8fb-4b3a-b759-64b1395b16e1|10.1.0.12:15299]|listeners:[], old=null
2024-02-10 23:48:23,627 [5708a1f9-d8fb-4b3a-b759-64b1395b16e1@group-3C9E2FD7329A-LeaderElection52] INFO  server.RaftServerConfigKeys (ConfUtils.java:logGet(46)) - raft.server.write.element-limit = 1024 (custom)
2024-02-10 23:48:23,627 [grpc-default-executor-0] INFO  impl.VoteContext (VoteContext.java:log(49)) - 73a2e683-eab9-4fa9-bf1b-2a740f4e4743@group-3C9E2FD7329A-FOLLOWER: accept PRE_VOTE from 5708a1f9-d8fb-4b3a-b759-64b1395b16e1: our priority 0 <= candidate's priority 1
2024-02-10 23:48:23,627 [5708a1f9-d8fb-4b3a-b759-64b1395b16e1@group-3C9E2FD7329A-LeaderElection52] INFO  server.RaftServerConfigKeys (ConfUtils.java:logGet(46)) - raft.server.write.follower.gap.ratio.max = -1.0 (default)
2024-02-10 23:48:23,627 [grpc-default-executor-0] INFO  server.RaftServer$Division (RaftServerImpl.java:requestVote(1422)) - 73a2e683-eab9-4fa9-bf1b-2a740f4e4743@group-3C9E2FD7329A replies to PRE_VOTE vote request: 5708a1f9-d8fb-4b3a-b759-64b1395b16e1<-73a2e683-eab9-4fa9-bf1b-2a740f4e4743#0:OK-t1. Peer's state: 73a2e683-eab9-4fa9-bf1b-2a740f4e4743@group-3C9E2FD7329A:t1, leader=null, voted=5708a1f9-d8fb-4b3a-b759-64b1395b16e1, raftlog=Memoized:73a2e683-eab9-4fa9-bf1b-2a740f4e4743@group-3C9E2FD7329A-SegmentedRaftLog:OPENED:c-1, conf=-1: peers:[f41b6dce-8722-4706-80fd-a8b218830cd7|10.1.0.12:15281, 73a2e683-eab9-4fa9-bf1b-2a740f4e4743|10.1.0.12:15290, 5708a1f9-d8fb-4b3a-b759-64b1395b16e1|10.1.0.12:15299]|listeners:[], old=null
2024-02-10 23:48:23,628 [5708a1f9-d8fb-4b3a-b759-64b1395b16e1@group-3C9E2FD7329A-LeaderElection52] INFO  server.RaftServerConfigKeys (ConfUtils.java:logGet(46)) - raft.server.log.appender.snapshot.chunk.size.max = 16MB (=16777216) (default)
2024-02-10 23:48:23,628 [5708a1f9-d8fb-4b3a-b759-64b1395b16e1@group-3C9E2FD7329A-LeaderElection52] INFO  server.RaftServerConfigKeys (ConfUtils.java:logGet(46)) - raft.server.log.appender.buffer.byte-limit = 8388608 (custom)
2024-02-10 23:48:23,629 [5708a1f9-d8fb-4b3a-b759-64b1395b16e1@group-3C9E2FD7329A-LeaderElection52] INFO  server.RaftServerConfigKeys (ConfUtils.java:logGet(46)) - raft.server.log.appender.buffer.element-limit = 1 (custom)
2024-02-10 23:48:23,631 [5708a1f9-d8fb-4b3a-b759-64b1395b16e1@group-3C9E2FD7329A-LeaderElection52] INFO  server.RaftServerConfigKeys (ConfUtils.java:logGet(46)) - raft.server.log.appender.wait-time.min = 0ms (custom)
2024-02-10 23:48:23,631 [5708a1f9-d8fb-4b3a-b759-64b1395b16e1@group-3C9E2FD7329A-LeaderElection52] INFO  grpc.GrpcConfigKeys (ConfUtils.java:logGet(46)) - raft.grpc.server.leader.outstanding.appends.max = 8 (default)
2024-02-10 23:48:23,631 [5708a1f9-d8fb-4b3a-b759-64b1395b16e1@group-3C9E2FD7329A-LeaderElection52] INFO  server.RaftServerConfigKeys (ConfUtils.java:logGet(46)) - raft.server.rpc.request.timeout = 3000ms (default)
2024-02-10 23:48:23,631 [5708a1f9-d8fb-4b3a-b759-64b1395b16e1@group-3C9E2FD7329A-LeaderElection52] INFO  grpc.GrpcConfigKeys (ConfUtils.java:logGet(46)) - raft.grpc.server.install_snapshot.request.element-limit = 8 (default)
2024-02-10 23:48:23,631 [5708a1f9-d8fb-4b3a-b759-64b1395b16e1@group-3C9E2FD7329A-LeaderElection52] INFO  grpc.GrpcConfigKeys (ConfUtils.java:logGet(46)) - raft.grpc.server.install_snapshot.request.timeout = 3000ms (default)
2024-02-10 23:48:23,631 [5708a1f9-d8fb-4b3a-b759-64b1395b16e1@group-3C9E2FD7329A-LeaderElection52] INFO  grpc.GrpcConfigKeys (ConfUtils.java:logGet(46)) - raft.grpc.server.log-message.batch.duration = 5s (default)
2024-02-10 23:48:23,631 [5708a1f9-d8fb-4b3a-b759-64b1395b16e1@group-3C9E2FD7329A-LeaderElection52] INFO  server.RaftServerConfigKeys (ConfUtils.java:logGet(46)) - raft.server.log.appender.install.snapshot.enabled = false (custom)
2024-02-10 23:48:23,631 [5708a1f9-d8fb-4b3a-b759-64b1395b16e1@group-3C9E2FD7329A-LeaderElection52] INFO  grpc.GrpcConfigKeys (ConfUtils.java:logGet(46)) - raft.grpc.server.heartbeat.channel = true (default)
2024-02-10 23:48:23,632 [5708a1f9-d8fb-4b3a-b759-64b1395b16e1@group-3C9E2FD7329A-LeaderElection52] INFO  server.RaftServerConfigKeys (ConfUtils.java:logGet(46)) - raft.server.log.appender.snapshot.chunk.size.max = 16MB (=16777216) (default)
2024-02-10 23:48:23,632 [5708a1f9-d8fb-4b3a-b759-64b1395b16e1@group-3C9E2FD7329A-LeaderElection52] INFO  server.RaftServerConfigKeys (ConfUtils.java:logGet(46)) - raft.server.log.appender.buffer.byte-limit = 8388608 (custom)
2024-02-10 23:48:23,632 [5708a1f9-d8fb-4b3a-b759-64b1395b16e1@group-3C9E2FD7329A-LeaderElection52] INFO  server.RaftServerConfigKeys (ConfUtils.java:logGet(46)) - raft.server.log.appender.buffer.element-limit = 1 (custom)
2024-02-10 23:48:23,632 [5708a1f9-d8fb-4b3a-b759-64b1395b16e1@group-3C9E2FD7329A-LeaderElection52] INFO  server.RaftServerConfigKeys (ConfUtils.java:logGet(46)) - raft.server.log.appender.wait-time.min = 0ms (custom)
2024-02-10 23:48:23,632 [5708a1f9-d8fb-4b3a-b759-64b1395b16e1@group-3C9E2FD7329A-LeaderElection52] INFO  grpc.GrpcConfigKeys (ConfUtils.java:logGet(46)) - raft.grpc.server.leader.outstanding.appends.max = 8 (default)
2024-02-10 23:48:23,632 [5708a1f9-d8fb-4b3a-b759-64b1395b16e1@group-3C9E2FD7329A-LeaderElection52] INFO  server.RaftServerConfigKeys (ConfUtils.java:logGet(46)) - raft.server.rpc.request.timeout = 3000ms (default)
2024-02-10 23:48:23,633 [5708a1f9-d8fb-4b3a-b759-64b1395b16e1@group-3C9E2FD7329A-LeaderElection52] INFO  grpc.GrpcConfigKeys (ConfUtils.java:logGet(46)) - raft.grpc.server.install_snapshot.request.element-limit = 8 (default)
2024-02-10 23:48:23,633 [5708a1f9-d8fb-4b3a-b759-64b1395b16e1@group-3C9E2FD7329A-LeaderElection52] INFO  grpc.GrpcConfigKeys (ConfUtils.java:logGet(46)) - raft.grpc.server.install_snapshot.request.timeout = 3000ms (default)
2024-02-10 23:48:23,633 [5708a1f9-d8fb-4b3a-b759-64b1395b16e1@group-3C9E2FD7329A-LeaderElection52] INFO  grpc.GrpcConfigKeys (ConfUtils.java:logGet(46)) - raft.grpc.server.log-message.batch.duration = 5s (default)
2024-02-10 23:48:23,633 [5708a1f9-d8fb-4b3a-b759-64b1395b16e1@group-3C9E2FD7329A-LeaderElection52] INFO  server.RaftServerConfigKeys (ConfUtils.java:logGet(46)) - raft.server.log.appender.install.snapshot.enabled = false (custom)
2024-02-10 23:48:23,633 [5708a1f9-d8fb-4b3a-b759-64b1395b16e1@group-3C9E2FD7329A-LeaderElection52] INFO  grpc.GrpcConfigKeys (ConfUtils.java:logGet(46)) - raft.grpc.server.heartbeat.channel = true (default)
2024-02-10 23:48:23,633 [5708a1f9-d8fb-4b3a-b759-64b1395b16e1@group-3C9E2FD7329A-LeaderElection52] INFO  impl.RoleInfo (RoleInfo.java:updateAndGet(139)) - 5708a1f9-d8fb-4b3a-b759-64b1395b16e1: start 5708a1f9-d8fb-4b3a-b759-64b1395b16e1@group-3C9E2FD7329A-LeaderStateImpl
2024-02-10 23:48:23,633 [5708a1f9-d8fb-4b3a-b759-64b1395b16e1@group-3C9E2FD7329A-LeaderElection52] INFO  server.RaftServer$Division (RaftServerImpl.java:setFirstElection(574)) - 5708a1f9-d8fb-4b3a-b759-64b1395b16e1@group-3C9E2FD7329A: set firstElectionSinceStartup to false for becomeLeader
2024-02-10 23:48:23,633 [5708a1f9-d8fb-4b3a-b759-64b1395b16e1@group-3C9E2FD7329A-LeaderElection52] INFO  ratis.XceiverServerRatis (XceiverServerRatis.java:handleLeaderChangedNotification(966)) - Leader change notification received for group: group-3C9E2FD7329A with new leaderId: 5708a1f9-d8fb-4b3a-b759-64b1395b16e1
2024-02-10 23:48:23,633 [5708a1f9-d8fb-4b3a-b759-64b1395b16e1@group-3C9E2FD7329A-LeaderElection52] INFO  server.RaftServer$Division (ServerState.java:setLeader(269)) - 5708a1f9-d8fb-4b3a-b759-64b1395b16e1@group-3C9E2FD7329A: change Leader from null to 5708a1f9-d8fb-4b3a-b759-64b1395b16e1 at term 1 for becomeLeader, leader elected after 5128ms
2024-02-10 23:48:23,633 [5708a1f9-d8fb-4b3a-b759-64b1395b16e1@group-3C9E2FD7329A-LeaderElection52] INFO  segmented.SegmentedRaftLogWorker (SegmentedRaftLogWorker.java:startLogSegment(430)) - 5708a1f9-d8fb-4b3a-b759-64b1395b16e1@group-3C9E2FD7329A-SegmentedRaftLogWorker: Starting segment from index:0
2024-02-10 23:48:23,634 [5708a1f9-d8fb-4b3a-b759-64b1395b16e1@group-3C9E2FD7329A-SegmentedRaftLogWorker] INFO  segmented.BufferedWriteChannel (BufferedWriteChannel.java:open(62)) - open log_inprogress_0 at position 0
2024-02-10 23:48:23,634 [EventQueue-PipelineReportForPipelineReportHandler] INFO  pipeline.PipelineReportHandler (PipelineReportHandler.java:processPipelineReport(136)) - Opened pipeline PipelineID=7d247535-67c6-479f-9f3e-3c9e2fd7329a
2024-02-10 23:48:23,635 [EventQueue-OpenPipelineForHealthyPipelineSafeModeRule] INFO  safemode.SCMSafeModeManager (HealthyPipelineSafeModeRule.java:process(140)) - SCM in safe mode. Healthy pipelines reported count is 1, required healthy pipeline reported count is 1
2024-02-10 23:48:23,635 [EventQueue-OpenPipelineForHealthyPipelineSafeModeRule] INFO  safemode.SCMSafeModeManager (SCMSafeModeManager.java:validateSafeModeExitRules(200)) - HealthyPipelineSafeModeRule rule is successfully validated
2024-02-10 23:48:23,635 [EventQueue-OpenPipelineForHealthyPipelineSafeModeRule] INFO  safemode.SCMSafeModeManager (SCMSafeModeManager.java:validateSafeModeExitRules(215)) - ScmSafeModeManager, all rules are successfully validated
2024-02-10 23:48:23,635 [EventQueue-OpenPipelineForHealthyPipelineSafeModeRule] INFO  safemode.SCMSafeModeManager (SCMSafeModeManager.java:exitSafeMode(244)) - SCM exiting safe mode.
2024-02-10 23:48:23,635 [EventQueue-OpenPipelineForHealthyPipelineSafeModeRule] INFO  ha.SCMContext (SCMContext.java:updateSafeModeStatus(225)) - Update SafeModeStatus from SafeModeStatus{safeModeStatus=true, preCheckPassed=true} to SafeModeStatus{safeModeStatus=false, preCheckPassed=true}.
2024-02-10 23:48:23,635 [EventQueue-OpenPipelineForHealthyPipelineSafeModeRule] INFO  pipeline.BackgroundPipelineCreator (BackgroundPipelineCreator.java:notifyStatusChanged(258)) - Service BackgroundPipelineCreator transitions to RUNNING.
2024-02-10 23:48:23,635 [EventQueue-OpenPipelineForHealthyPipelineSafeModeRule] INFO  BackgroundPipelineScrubber (BackgroundSCMService.java:notifyStatusChanged(79)) - Service BackgroundPipelineScrubber transitions to RUNNING.
2024-02-10 23:48:23,635 [EventQueue-OpenPipelineForHealthyPipelineSafeModeRule] INFO  ExpiredContainerReplicaOpScrubber (BackgroundSCMService.java:notifyStatusChanged(79)) - Service ExpiredContainerReplicaOpScrubber transitions to RUNNING.
2024-02-10 23:48:23,635 [EventQueue-OpenPipelineForHealthyPipelineSafeModeRule] INFO  block.SCMBlockDeletingService (SCMBlockDeletingService.java:notifyStatusChanged(247)) - notifyStatusChanged:RUNNING
2024-02-10 23:48:23,635 [EventQueue-OpenPipelineForHealthyPipelineSafeModeRule] INFO  replication.ReplicationManager (ReplicationManager.java:notifyStatusChanged(1402)) - Service ReplicationManager transitions to RUNNING.
2024-02-10 23:48:23,635 [EventQueue-OpenPipelineForHealthyPipelineSafeModeRule] WARN  balancer.ContainerBalancer (ContainerBalancer.java:shouldRun(134)) - Could not find persisted configuration for ContainerBalancer when checking if ContainerBalancer should run. ContainerBalancer should not run now.
2024-02-10 23:48:23,637 [5708a1f9-d8fb-4b3a-b759-64b1395b16e1@group-3C9E2FD7329A-LeaderElection52] INFO  server.RaftServer$Division (ServerState.java:setRaftConf(386)) - 5708a1f9-d8fb-4b3a-b759-64b1395b16e1@group-3C9E2FD7329A: set configuration 0: peers:[f41b6dce-8722-4706-80fd-a8b218830cd7|10.1.0.12:15281, 73a2e683-eab9-4fa9-bf1b-2a740f4e4743|10.1.0.12:15290, 5708a1f9-d8fb-4b3a-b759-64b1395b16e1|10.1.0.12:15299]|listeners:[], old=null
2024-02-10 23:48:23,641 [5708a1f9-d8fb-4b3a-b759-64b1395b16e1@group-3C9E2FD7329A-SegmentedRaftLogWorker] INFO  segmented.SegmentedRaftLogWorker (SegmentedRaftLogWorker.java:execute(634)) - 5708a1f9-d8fb-4b3a-b759-64b1395b16e1@group-3C9E2FD7329A-SegmentedRaftLogWorker: created new log segment /home/runner/work/ozone/ozone/hadoop-ozone/integration-test/target/test-dir/MiniOzoneClusterImpl-da04a438-6ec0-4fc9-9b2e-e93c90459920/datanode-2/data/ratis/7d247535-67c6-479f-9f3e-3c9e2fd7329a/current/log_inprogress_0
2024-02-10 23:48:23,642 [f41b6dce-8722-4706-80fd-a8b218830cd7-server-thread2] INFO  ratis.XceiverServerRatis (XceiverServerRatis.java:handleLeaderChangedNotification(966)) - Leader change notification received for group: group-3C9E2FD7329A with new leaderId: 5708a1f9-d8fb-4b3a-b759-64b1395b16e1
2024-02-10 23:48:23,642 [f41b6dce-8722-4706-80fd-a8b218830cd7-server-thread2] INFO  server.RaftServer$Division (ServerState.java:setLeader(269)) - f41b6dce-8722-4706-80fd-a8b218830cd7@group-3C9E2FD7329A: change Leader from null to 5708a1f9-d8fb-4b3a-b759-64b1395b16e1 at term 1 for appendEntries, leader elected after 5178ms
2024-02-10 23:48:23,643 [73a2e683-eab9-4fa9-bf1b-2a740f4e4743-server-thread1] INFO  ratis.XceiverServerRatis (XceiverServerRatis.java:handleLeaderChangedNotification(966)) - Leader change notification received for group: group-3C9E2FD7329A with new leaderId: 5708a1f9-d8fb-4b3a-b759-64b1395b16e1
2024-02-10 23:48:23,643 [73a2e683-eab9-4fa9-bf1b-2a740f4e4743-server-thread1] INFO  server.RaftServer$Division (ServerState.java:setLeader(269)) - 73a2e683-eab9-4fa9-bf1b-2a740f4e4743@group-3C9E2FD7329A: change Leader from null to 5708a1f9-d8fb-4b3a-b759-64b1395b16e1 at term 1 for appendEntries, leader elected after 5159ms
2024-02-10 23:48:23,645 [f41b6dce-8722-4706-80fd-a8b218830cd7-server-thread2] INFO  server.RaftServer$Division (ServerState.java:setRaftConf(386)) - f41b6dce-8722-4706-80fd-a8b218830cd7@group-3C9E2FD7329A: set configuration 0: peers:[f41b6dce-8722-4706-80fd-a8b218830cd7|10.1.0.12:15281, 73a2e683-eab9-4fa9-bf1b-2a740f4e4743|10.1.0.12:15290, 5708a1f9-d8fb-4b3a-b759-64b1395b16e1|10.1.0.12:15299]|listeners:[], old=null
2024-02-10 23:48:23,645 [f41b6dce-8722-4706-80fd-a8b218830cd7-server-thread2] INFO  segmented.SegmentedRaftLogWorker (SegmentedRaftLogWorker.java:startLogSegment(430)) - f41b6dce-8722-4706-80fd-a8b218830cd7@group-3C9E2FD7329A-SegmentedRaftLogWorker: Starting segment from index:0
2024-02-10 23:48:23,649 [f41b6dce-8722-4706-80fd-a8b218830cd7@group-3C9E2FD7329A-SegmentedRaftLogWorker] INFO  segmented.BufferedWriteChannel (BufferedWriteChannel.java:open(62)) - open log_inprogress_0 at position 0
2024-02-10 23:48:23,651 [73a2e683-eab9-4fa9-bf1b-2a740f4e4743-server-thread2] INFO  server.RaftServer$Division (ServerState.java:setRaftConf(386)) - 73a2e683-eab9-4fa9-bf1b-2a740f4e4743@group-3C9E2FD7329A: set configuration 0: peers:[f41b6dce-8722-4706-80fd-a8b218830cd7|10.1.0.12:15281, 73a2e683-eab9-4fa9-bf1b-2a740f4e4743|10.1.0.12:15290, 5708a1f9-d8fb-4b3a-b759-64b1395b16e1|10.1.0.12:15299]|listeners:[], old=null
2024-02-10 23:48:23,651 [73a2e683-eab9-4fa9-bf1b-2a740f4e4743-server-thread2] INFO  segmented.SegmentedRaftLogWorker (SegmentedRaftLogWorker.java:startLogSegment(430)) - 73a2e683-eab9-4fa9-bf1b-2a740f4e4743@group-3C9E2FD7329A-SegmentedRaftLogWorker: Starting segment from index:0
2024-02-10 23:48:23,655 [f41b6dce-8722-4706-80fd-a8b218830cd7@group-3C9E2FD7329A-SegmentedRaftLogWorker] INFO  segmented.SegmentedRaftLogWorker (SegmentedRaftLogWorker.java:execute(634)) - f41b6dce-8722-4706-80fd-a8b218830cd7@group-3C9E2FD7329A-SegmentedRaftLogWorker: created new log segment /home/runner/work/ozone/ozone/hadoop-ozone/integration-test/target/test-dir/MiniOzoneClusterImpl-da04a438-6ec0-4fc9-9b2e-e93c90459920/datanode-0/data/ratis/7d247535-67c6-479f-9f3e-3c9e2fd7329a/current/log_inprogress_0
2024-02-10 23:48:23,655 [73a2e683-eab9-4fa9-bf1b-2a740f4e4743@group-3C9E2FD7329A-SegmentedRaftLogWorker] INFO  segmented.BufferedWriteChannel (BufferedWriteChannel.java:open(62)) - open log_inprogress_0 at position 0
2024-02-10 23:48:23,662 [5708a1f9-d8fb-4b3a-b759-64b1395b16e1@group-3C9E2FD7329A-StateMachineUpdater] INFO  server.RaftServer$Division (LeaderStateImpl.java:isApplied(320)) - leader is ready since appliedIndex == 0 >= startIndex == 0
2024-02-10 23:48:23,663 [73a2e683-eab9-4fa9-bf1b-2a740f4e4743@group-3C9E2FD7329A-SegmentedRaftLogWorker] INFO  segmented.SegmentedRaftLogWorker (SegmentedRaftLogWorker.java:execute(634)) - 73a2e683-eab9-4fa9-bf1b-2a740f4e4743@group-3C9E2FD7329A-SegmentedRaftLogWorker: created new log segment /home/runner/work/ozone/ozone/hadoop-ozone/integration-test/target/test-dir/MiniOzoneClusterImpl-da04a438-6ec0-4fc9-9b2e-e93c90459920/datanode-1/data/ratis/7d247535-67c6-479f-9f3e-3c9e2fd7329a/current/log_inprogress_0
2024-02-10 23:48:23,670 [73a2e683-eab9-4fa9-bf1b-2a740f4e4743@group-05DEAA5C2E1F-FollowerState] INFO  impl.FollowerState (FollowerState.java:run(143)) - 73a2e683-eab9-4fa9-bf1b-2a740f4e4743@group-05DEAA5C2E1F-FollowerState: change to CANDIDATE, lastRpcElapsedTime:5121440514ns, electionTimeout:5121ms
2024-02-10 23:48:23,670 [73a2e683-eab9-4fa9-bf1b-2a740f4e4743@group-05DEAA5C2E1F-FollowerState] INFO  impl.RoleInfo (RoleInfo.java:shutdownFollowerState(110)) - 73a2e683-eab9-4fa9-bf1b-2a740f4e4743: shutdown 73a2e683-eab9-4fa9-bf1b-2a740f4e4743@group-05DEAA5C2E1F-FollowerState
2024-02-10 23:48:23,670 [73a2e683-eab9-4fa9-bf1b-2a740f4e4743@group-05DEAA5C2E1F-FollowerState] INFO  server.RaftServer$Division (RaftServerImpl.java:setRole(383)) - 73a2e683-eab9-4fa9-bf1b-2a740f4e4743@group-05DEAA5C2E1F: changes role from  FOLLOWER to CANDIDATE at term 0 for changeToCandidate
2024-02-10 23:48:23,670 [73a2e683-eab9-4fa9-bf1b-2a740f4e4743@group-05DEAA5C2E1F-FollowerState] INFO  server.RaftServerConfigKeys (ConfUtils.java:logGet(46)) - raft.server.leaderelection.pre-vote = true (default)
2024-02-10 23:48:23,670 [73a2e683-eab9-4fa9-bf1b-2a740f4e4743@group-05DEAA5C2E1F-FollowerState] INFO  impl.RoleInfo (RoleInfo.java:updateAndGet(139)) - 73a2e683-eab9-4fa9-bf1b-2a740f4e4743: start 73a2e683-eab9-4fa9-bf1b-2a740f4e4743@group-05DEAA5C2E1F-LeaderElection53
2024-02-10 23:48:23,671 [73a2e683-eab9-4fa9-bf1b-2a740f4e4743@group-05DEAA5C2E1F-LeaderElection53] INFO  impl.LeaderElection (LeaderElection.java:askForVotes(321)) - 73a2e683-eab9-4fa9-bf1b-2a740f4e4743@group-05DEAA5C2E1F-LeaderElection53 PRE_VOTE round 0: submit vote requests at term 0 for -1: peers:[73a2e683-eab9-4fa9-bf1b-2a740f4e4743|10.1.0.12:15290]|listeners:[], old=null
2024-02-10 23:48:23,671 [73a2e683-eab9-4fa9-bf1b-2a740f4e4743@group-05DEAA5C2E1F-LeaderElection53] INFO  impl.LeaderElection (LeaderElection.java:askForVotes(323)) - 73a2e683-eab9-4fa9-bf1b-2a740f4e4743@group-05DEAA5C2E1F-LeaderElection53 PRE_VOTE round 0: result PASSED (term=0)
2024-02-10 23:48:23,672 [73a2e683-eab9-4fa9-bf1b-2a740f4e4743@group-05DEAA5C2E1F-LeaderElection53] INFO  impl.LeaderElection (LeaderElection.java:askForVotes(321)) - 73a2e683-eab9-4fa9-bf1b-2a740f4e4743@group-05DEAA5C2E1F-LeaderElection53 ELECTION round 0: submit vote requests at term 1 for -1: peers:[73a2e683-eab9-4fa9-bf1b-2a740f4e4743|10.1.0.12:15290]|listeners:[], old=null
2024-02-10 23:48:23,672 [73a2e683-eab9-4fa9-bf1b-2a740f4e4743@group-05DEAA5C2E1F-LeaderElection53] INFO  impl.LeaderElection (LeaderElection.java:askForVotes(323)) - 73a2e683-eab9-4fa9-bf1b-2a740f4e4743@group-05DEAA5C2E1F-LeaderElection53 ELECTION round 0: result PASSED (term=1)
2024-02-10 23:48:23,672 [73a2e683-eab9-4fa9-bf1b-2a740f4e4743@group-05DEAA5C2E1F-LeaderElection53] INFO  impl.RoleInfo (RoleInfo.java:shutdownLeaderElection(130)) - 73a2e683-eab9-4fa9-bf1b-2a740f4e4743: shutdown 73a2e683-eab9-4fa9-bf1b-2a740f4e4743@group-05DEAA5C2E1F-LeaderElection53
2024-02-10 23:48:23,672 [73a2e683-eab9-4fa9-bf1b-2a740f4e4743@group-05DEAA5C2E1F-LeaderElection53] INFO  server.RaftServer$Division (RaftServerImpl.java:setRole(383)) - 73a2e683-eab9-4fa9-bf1b-2a740f4e4743@group-05DEAA5C2E1F: changes role from CANDIDATE to LEADER at term 1 for changeToLeader
2024-02-10 23:48:23,672 [73a2e683-eab9-4fa9-bf1b-2a740f4e4743@group-05DEAA5C2E1F-LeaderElection53] INFO  server.RaftServerConfigKeys (ConfUtils.java:logGet(46)) - raft.server.staging.catchup.gap = 1000 (default)
2024-02-10 23:48:23,672 [73a2e683-eab9-4fa9-bf1b-2a740f4e4743@group-05DEAA5C2E1F-LeaderElection53] INFO  server.RaftServerConfigKeys (ConfUtils.java:logGet(46)) - raft.server.write.element-limit = 1024 (custom)
2024-02-10 23:48:23,672 [73a2e683-eab9-4fa9-bf1b-2a740f4e4743@group-05DEAA5C2E1F-LeaderElection53] INFO  server.RaftServerConfigKeys (ConfUtils.java:logGet(46)) - raft.server.write.byte-limit = 1024 M (=1073741824) (custom)
2024-02-10 23:48:23,673 [73a2e683-eab9-4fa9-bf1b-2a740f4e4743@group-05DEAA5C2E1F-LeaderElection53] INFO  server.RaftServerConfigKeys (ConfUtils.java:logGet(46)) - raft.server.watch.timeout = 3000ms (custom)
2024-02-10 23:48:23,673 [73a2e683-eab9-4fa9-bf1b-2a740f4e4743@group-05DEAA5C2E1F-LeaderElection53] INFO  server.RaftServerConfigKeys (ConfUtils.java:logGet(46)) - raft.server.watch.timeout.denomination = 1s (default)
2024-02-10 23:48:23,673 [73a2e683-eab9-4fa9-bf1b-2a740f4e4743@group-05DEAA5C2E1F-LeaderElection53] INFO  server.RaftServerConfigKeys (ConfUtils.java:logGet(46)) - raft.server.watch.element-limit = 65536 (default)
2024-02-10 23:48:23,673 [73a2e683-eab9-4fa9-bf1b-2a740f4e4743@group-05DEAA5C2E1F-LeaderElection53] INFO  server.RaftServerConfigKeys (ConfUtils.java:logGet(46)) - raft.server.read.leader.lease.enabled = false (default)
2024-02-10 23:48:23,673 [73a2e683-eab9-4fa9-bf1b-2a740f4e4743@group-05DEAA5C2E1F-LeaderElection53] INFO  server.RaftServerConfigKeys (ConfUtils.java:logGet(46)) - raft.server.read.leader.lease.timeout.ratio = 0.9 (default)
2024-02-10 23:48:23,673 [73a2e683-eab9-4fa9-bf1b-2a740f4e4743@group-05DEAA5C2E1F-LeaderElection53] INFO  server.RaftServerConfigKeys (ConfUtils.java:logGet(46)) - raft.server.rpc.timeout.min = 5s (custom)
2024-02-10 23:48:23,673 [73a2e683-eab9-4fa9-bf1b-2a740f4e4743@group-05DEAA5C2E1F-LeaderElection53] INFO  server.RaftServerConfigKeys (ConfUtils.java:logGet(46)) - raft.server.write.element-limit = 1024 (custom)
2024-02-10 23:48:23,673 [73a2e683-eab9-4fa9-bf1b-2a740f4e4743@group-05DEAA5C2E1F-LeaderElection53] INFO  server.RaftServerConfigKeys (ConfUtils.java:logGet(46)) - raft.server.write.follower.gap.ratio.max = -1.0 (default)
2024-02-10 23:48:23,673 [73a2e683-eab9-4fa9-bf1b-2a740f4e4743@group-05DEAA5C2E1F-LeaderElection53] INFO  impl.RoleInfo (RoleInfo.java:updateAndGet(139)) - 73a2e683-eab9-4fa9-bf1b-2a740f4e4743: start 73a2e683-eab9-4fa9-bf1b-2a740f4e4743@group-05DEAA5C2E1F-LeaderStateImpl
2024-02-10 23:48:23,673 [73a2e683-eab9-4fa9-bf1b-2a740f4e4743@group-05DEAA5C2E1F-LeaderElection53] INFO  server.RaftServer$Division (RaftServerImpl.java:setFirstElection(574)) - 73a2e683-eab9-4fa9-bf1b-2a740f4e4743@group-05DEAA5C2E1F: set firstElectionSinceStartup to false for becomeLeader
2024-02-10 23:48:23,673 [73a2e683-eab9-4fa9-bf1b-2a740f4e4743@group-05DEAA5C2E1F-LeaderElection53] INFO  ratis.XceiverServerRatis (XceiverServerRatis.java:handleLeaderChangedNotification(966)) - Leader change notification received for group: group-05DEAA5C2E1F with new leaderId: 73a2e683-eab9-4fa9-bf1b-2a740f4e4743
2024-02-10 23:48:23,673 [73a2e683-eab9-4fa9-bf1b-2a740f4e4743@group-05DEAA5C2E1F-LeaderElection53] INFO  server.RaftServer$Division (ServerState.java:setLeader(269)) - 73a2e683-eab9-4fa9-bf1b-2a740f4e4743@group-05DEAA5C2E1F: change Leader from null to 73a2e683-eab9-4fa9-bf1b-2a740f4e4743 at term 1 for becomeLeader, leader elected after 5134ms
2024-02-10 23:48:23,673 [73a2e683-eab9-4fa9-bf1b-2a740f4e4743@group-05DEAA5C2E1F-LeaderElection53] INFO  segmented.SegmentedRaftLogWorker (SegmentedRaftLogWorker.java:startLogSegment(430)) - 73a2e683-eab9-4fa9-bf1b-2a740f4e4743@group-05DEAA5C2E1F-SegmentedRaftLogWorker: Starting segment from index:0
2024-02-10 23:48:23,674 [73a2e683-eab9-4fa9-bf1b-2a740f4e4743@group-05DEAA5C2E1F-SegmentedRaftLogWorker] INFO  segmented.BufferedWriteChannel (BufferedWriteChannel.java:open(62)) - open log_inprogress_0 at position 0
2024-02-10 23:48:23,677 [73a2e683-eab9-4fa9-bf1b-2a740f4e4743@group-05DEAA5C2E1F-LeaderElection53] INFO  server.RaftServer$Division (ServerState.java:setRaftConf(386)) - 73a2e683-eab9-4fa9-bf1b-2a740f4e4743@group-05DEAA5C2E1F: set configuration 0: peers:[73a2e683-eab9-4fa9-bf1b-2a740f4e4743|10.1.0.12:15290]|listeners:[], old=null
2024-02-10 23:48:23,680 [73a2e683-eab9-4fa9-bf1b-2a740f4e4743@group-05DEAA5C2E1F-SegmentedRaftLogWorker] INFO  segmented.SegmentedRaftLogWorker (SegmentedRaftLogWorker.java:execute(634)) - 73a2e683-eab9-4fa9-bf1b-2a740f4e4743@group-05DEAA5C2E1F-SegmentedRaftLogWorker: created new log segment /home/runner/work/ozone/ozone/hadoop-ozone/integration-test/target/test-dir/MiniOzoneClusterImpl-da04a438-6ec0-4fc9-9b2e-e93c90459920/datanode-1/data/ratis/0924d68a-fb35-4c58-85a1-05deaa5c2e1f/current/log_inprogress_0
2024-02-10 23:48:23,682 [73a2e683-eab9-4fa9-bf1b-2a740f4e4743@group-05DEAA5C2E1F-StateMachineUpdater] INFO  server.RaftServer$Division (LeaderStateImpl.java:isApplied(320)) - leader is ready since appliedIndex == 0 >= startIndex == 0
2024-02-10 23:48:23,846 [5708a1f9-d8fb-4b3a-b759-64b1395b16e1@group-EB083675F544-FollowerState] INFO  impl.FollowerState (FollowerState.java:run(143)) - 5708a1f9-d8fb-4b3a-b759-64b1395b16e1@group-EB083675F544-FollowerState: change to CANDIDATE, lastRpcElapsedTime:5171053451ns, electionTimeout:5170ms
2024-02-10 23:48:23,846 [5708a1f9-d8fb-4b3a-b759-64b1395b16e1@group-EB083675F544-FollowerState] INFO  impl.RoleInfo (RoleInfo.java:shutdownFollowerState(110)) - 5708a1f9-d8fb-4b3a-b759-64b1395b16e1: shutdown 5708a1f9-d8fb-4b3a-b759-64b1395b16e1@group-EB083675F544-FollowerState
2024-02-10 23:48:23,846 [5708a1f9-d8fb-4b3a-b759-64b1395b16e1@group-EB083675F544-FollowerState] INFO  server.RaftServer$Division (RaftServerImpl.java:setRole(383)) - 5708a1f9-d8fb-4b3a-b759-64b1395b16e1@group-EB083675F544: changes role from  FOLLOWER to CANDIDATE at term 0 for changeToCandidate
2024-02-10 23:48:23,846 [5708a1f9-d8fb-4b3a-b759-64b1395b16e1@group-EB083675F544-FollowerState] INFO  server.RaftServerConfigKeys (ConfUtils.java:logGet(46)) - raft.server.leaderelection.pre-vote = true (default)
2024-02-10 23:48:23,846 [5708a1f9-d8fb-4b3a-b759-64b1395b16e1@group-EB083675F544-FollowerState] INFO  impl.RoleInfo (RoleInfo.java:updateAndGet(139)) - 5708a1f9-d8fb-4b3a-b759-64b1395b16e1: start 5708a1f9-d8fb-4b3a-b759-64b1395b16e1@group-EB083675F544-LeaderElection54
2024-02-10 23:48:23,848 [5708a1f9-d8fb-4b3a-b759-64b1395b16e1@group-EB083675F544-LeaderElection54] INFO  impl.LeaderElection (LeaderElection.java:askForVotes(321)) - 5708a1f9-d8fb-4b3a-b759-64b1395b16e1@group-EB083675F544-LeaderElection54 PRE_VOTE round 0: submit vote requests at term 0 for -1: peers:[5708a1f9-d8fb-4b3a-b759-64b1395b16e1|10.1.0.12:15299]|listeners:[], old=null
2024-02-10 23:48:23,848 [5708a1f9-d8fb-4b3a-b759-64b1395b16e1@group-EB083675F544-LeaderElection54] INFO  impl.LeaderElection (LeaderElection.java:askForVotes(323)) - 5708a1f9-d8fb-4b3a-b759-64b1395b16e1@group-EB083675F544-LeaderElection54 PRE_VOTE round 0: result PASSED (term=0)
2024-02-10 23:48:23,850 [5708a1f9-d8fb-4b3a-b759-64b1395b16e1@group-EB083675F544-LeaderElection54] INFO  impl.LeaderElection (LeaderElection.java:askForVotes(321)) - 5708a1f9-d8fb-4b3a-b759-64b1395b16e1@group-EB083675F544-LeaderElection54 ELECTION round 0: submit vote requests at term 1 for -1: peers:[5708a1f9-d8fb-4b3a-b759-64b1395b16e1|10.1.0.12:15299]|listeners:[], old=null
2024-02-10 23:48:23,850 [5708a1f9-d8fb-4b3a-b759-64b1395b16e1@group-EB083675F544-LeaderElection54] INFO  impl.LeaderElection (LeaderElection.java:askForVotes(323)) - 5708a1f9-d8fb-4b3a-b759-64b1395b16e1@group-EB083675F544-LeaderElection54 ELECTION round 0: result PASSED (term=1)
2024-02-10 23:48:23,850 [5708a1f9-d8fb-4b3a-b759-64b1395b16e1@group-EB083675F544-LeaderElection54] INFO  impl.RoleInfo (RoleInfo.java:shutdownLeaderElection(130)) - 5708a1f9-d8fb-4b3a-b759-64b1395b16e1: shutdown 5708a1f9-d8fb-4b3a-b759-64b1395b16e1@group-EB083675F544-LeaderElection54
2024-02-10 23:48:23,850 [5708a1f9-d8fb-4b3a-b759-64b1395b16e1@group-EB083675F544-LeaderElection54] INFO  server.RaftServer$Division (RaftServerImpl.java:setRole(383)) - 5708a1f9-d8fb-4b3a-b759-64b1395b16e1@group-EB083675F544: changes role from CANDIDATE to LEADER at term 1 for changeToLeader
2024-02-10 23:48:23,850 [5708a1f9-d8fb-4b3a-b759-64b1395b16e1@group-EB083675F544-LeaderElection54] INFO  server.RaftServerConfigKeys (ConfUtils.java:logGet(46)) - raft.server.staging.catchup.gap = 1000 (default)
2024-02-10 23:48:23,850 [5708a1f9-d8fb-4b3a-b759-64b1395b16e1@group-EB083675F544-LeaderElection54] INFO  server.RaftServerConfigKeys (ConfUtils.java:logGet(46)) - raft.server.write.element-limit = 1024 (custom)
2024-02-10 23:48:23,851 [5708a1f9-d8fb-4b3a-b759-64b1395b16e1@group-EB083675F544-LeaderElection54] INFO  server.RaftServerConfigKeys (ConfUtils.java:logGet(46)) - raft.server.write.byte-limit = 1024 M (=1073741824) (custom)
2024-02-10 23:48:23,851 [5708a1f9-d8fb-4b3a-b759-64b1395b16e1@group-EB083675F544-LeaderElection54] INFO  server.RaftServerConfigKeys (ConfUtils.java:logGet(46)) - raft.server.watch.timeout = 3000ms (custom)
2024-02-10 23:48:23,851 [5708a1f9-d8fb-4b3a-b759-64b1395b16e1@group-EB083675F544-LeaderElection54] INFO  server.RaftServerConfigKeys (ConfUtils.java:logGet(46)) - raft.server.watch.timeout.denomination = 1s (default)
2024-02-10 23:48:23,851 [5708a1f9-d8fb-4b3a-b759-64b1395b16e1@group-EB083675F544-LeaderElection54] INFO  server.RaftServerConfigKeys (ConfUtils.java:logGet(46)) - raft.server.watch.element-limit = 65536 (default)
2024-02-10 23:48:23,851 [5708a1f9-d8fb-4b3a-b759-64b1395b16e1@group-EB083675F544-LeaderElection54] INFO  server.RaftServerConfigKeys (ConfUtils.java:logGet(46)) - raft.server.read.leader.lease.enabled = false (default)
2024-02-10 23:48:23,851 [5708a1f9-d8fb-4b3a-b759-64b1395b16e1@group-EB083675F544-LeaderElection54] INFO  server.RaftServerConfigKeys (ConfUtils.java:logGet(46)) - raft.server.read.leader.lease.timeout.ratio = 0.9 (default)
2024-02-10 23:48:23,851 [5708a1f9-d8fb-4b3a-b759-64b1395b16e1@group-EB083675F544-LeaderElection54] INFO  server.RaftServerConfigKeys (ConfUtils.java:logGet(46)) - raft.server.rpc.timeout.min = 5s (custom)
2024-02-10 23:48:23,851 [5708a1f9-d8fb-4b3a-b759-64b1395b16e1@group-EB083675F544-LeaderElection54] INFO  server.RaftServerConfigKeys (ConfUtils.java:logGet(46)) - raft.server.write.element-limit = 1024 (custom)
2024-02-10 23:48:23,851 [5708a1f9-d8fb-4b3a-b759-64b1395b16e1@group-EB083675F544-LeaderElection54] INFO  server.RaftServerConfigKeys (ConfUtils.java:logGet(46)) - raft.server.write.follower.gap.ratio.max = -1.0 (default)
2024-02-10 23:48:23,851 [5708a1f9-d8fb-4b3a-b759-64b1395b16e1@group-EB083675F544-LeaderElection54] INFO  impl.RoleInfo (RoleInfo.java:updateAndGet(139)) - 5708a1f9-d8fb-4b3a-b759-64b1395b16e1: start 5708a1f9-d8fb-4b3a-b759-64b1395b16e1@group-EB083675F544-LeaderStateImpl
2024-02-10 23:48:23,851 [5708a1f9-d8fb-4b3a-b759-64b1395b16e1@group-EB083675F544-LeaderElection54] INFO  server.RaftServer$Division (RaftServerImpl.java:setFirstElection(574)) - 5708a1f9-d8fb-4b3a-b759-64b1395b16e1@group-EB083675F544: set firstElectionSinceStartup to false for becomeLeader
2024-02-10 23:48:23,851 [5708a1f9-d8fb-4b3a-b759-64b1395b16e1@group-EB083675F544-LeaderElection54] INFO  ratis.XceiverServerRatis (XceiverServerRatis.java:handleLeaderChangedNotification(966)) - Leader change notification received for group: group-EB083675F544 with new leaderId: 5708a1f9-d8fb-4b3a-b759-64b1395b16e1
2024-02-10 23:48:23,852 [5708a1f9-d8fb-4b3a-b759-64b1395b16e1@group-EB083675F544-LeaderElection54] INFO  server.RaftServer$Division (ServerState.java:setLeader(269)) - 5708a1f9-d8fb-4b3a-b759-64b1395b16e1@group-EB083675F544: change Leader from null to 5708a1f9-d8fb-4b3a-b759-64b1395b16e1 at term 1 for becomeLeader, leader elected after 5186ms
2024-02-10 23:48:23,852 [5708a1f9-d8fb-4b3a-b759-64b1395b16e1@group-EB083675F544-LeaderElection54] INFO  segmented.SegmentedRaftLogWorker (SegmentedRaftLogWorker.java:startLogSegment(430)) - 5708a1f9-d8fb-4b3a-b759-64b1395b16e1@group-EB083675F544-SegmentedRaftLogWorker: Starting segment from index:0
2024-02-10 23:48:23,852 [5708a1f9-d8fb-4b3a-b759-64b1395b16e1@group-EB083675F544-SegmentedRaftLogWorker] INFO  segmented.BufferedWriteChannel (BufferedWriteChannel.java:open(62)) - open log_inprogress_0 at position 0
2024-02-10 23:48:23,855 [5708a1f9-d8fb-4b3a-b759-64b1395b16e1@group-EB083675F544-LeaderElection54] INFO  server.RaftServer$Division (ServerState.java:setRaftConf(386)) - 5708a1f9-d8fb-4b3a-b759-64b1395b16e1@group-EB083675F544: set configuration 0: peers:[5708a1f9-d8fb-4b3a-b759-64b1395b16e1|10.1.0.12:15299]|listeners:[], old=null
2024-02-10 23:48:23,859 [5708a1f9-d8fb-4b3a-b759-64b1395b16e1@group-EB083675F544-SegmentedRaftLogWorker] INFO  segmented.SegmentedRaftLogWorker (SegmentedRaftLogWorker.java:execute(634)) - 5708a1f9-d8fb-4b3a-b759-64b1395b16e1@group-EB083675F544-SegmentedRaftLogWorker: created new log segment /home/runner/work/ozone/ozone/hadoop-ozone/integration-test/target/test-dir/MiniOzoneClusterImpl-da04a438-6ec0-4fc9-9b2e-e93c90459920/datanode-2/data/ratis/7c7c5023-aee7-4948-b3b1-eb083675f544/current/log_inprogress_0
2024-02-10 23:48:23,861 [5708a1f9-d8fb-4b3a-b759-64b1395b16e1@group-EB083675F544-StateMachineUpdater] INFO  server.RaftServer$Division (LeaderStateImpl.java:isApplied(320)) - leader is ready since appliedIndex == 0 >= startIndex == 0
2024-02-10 23:48:23,868 [5d086814-e92a-437f-854d-775872ea30b8@group-21E4E35BF4D7-FollowerState] INFO  impl.FollowerState (FollowerState.java:run(143)) - 5d086814-e92a-437f-854d-775872ea30b8@group-21E4E35BF4D7-FollowerState: change to CANDIDATE, lastRpcElapsedTime:5034407602ns, electionTimeout:5034ms
2024-02-10 23:48:23,868 [5d086814-e92a-437f-854d-775872ea30b8@group-21E4E35BF4D7-FollowerState] INFO  impl.RoleInfo (RoleInfo.java:shutdownFollowerState(110)) - 5d086814-e92a-437f-854d-775872ea30b8: shutdown 5d086814-e92a-437f-854d-775872ea30b8@group-21E4E35BF4D7-FollowerState
2024-02-10 23:48:23,868 [5d086814-e92a-437f-854d-775872ea30b8@group-21E4E35BF4D7-FollowerState] INFO  server.RaftServer$Division (RaftServerImpl.java:setRole(383)) - 5d086814-e92a-437f-854d-775872ea30b8@group-21E4E35BF4D7: changes role from  FOLLOWER to CANDIDATE at term 0 for changeToCandidate
2024-02-10 23:48:23,868 [5d086814-e92a-437f-854d-775872ea30b8@group-21E4E35BF4D7-FollowerState] INFO  server.RaftServerConfigKeys (ConfUtils.java:logGet(46)) - raft.server.leaderelection.pre-vote = true (default)
2024-02-10 23:48:23,868 [5d086814-e92a-437f-854d-775872ea30b8@group-21E4E35BF4D7-FollowerState] INFO  impl.RoleInfo (RoleInfo.java:updateAndGet(139)) - 5d086814-e92a-437f-854d-775872ea30b8: start 5d086814-e92a-437f-854d-775872ea30b8@group-21E4E35BF4D7-LeaderElection55
2024-02-10 23:48:23,869 [5d086814-e92a-437f-854d-775872ea30b8@group-21E4E35BF4D7-LeaderElection55] INFO  impl.LeaderElection (LeaderElection.java:askForVotes(321)) - 5d086814-e92a-437f-854d-775872ea30b8@group-21E4E35BF4D7-LeaderElection55 PRE_VOTE round 0: submit vote requests at term 0 for -1: peers:[5d086814-e92a-437f-854d-775872ea30b8|10.1.0.12:15317, d68bdd40-ff61-48f9-926d-424a561bf72d|10.1.0.12:15308, 33d73e87-4323-4d41-88d5-bb014deecef0|10.1.0.12:15326]|listeners:[], old=null
2024-02-10 23:48:23,870 [5d086814-e92a-437f-854d-775872ea30b8@group-21E4E35BF4D7-LeaderElection55-1] INFO  server.GrpcServerProtocolClient (GrpcServerProtocolClient.java:<init>(65)) - Build channel for d68bdd40-ff61-48f9-926d-424a561bf72d|10.1.0.12:15308
2024-02-10 23:48:23,870 [5d086814-e92a-437f-854d-775872ea30b8@group-21E4E35BF4D7-LeaderElection55-2] INFO  server.GrpcServerProtocolClient (GrpcServerProtocolClient.java:<init>(65)) - Build channel for 33d73e87-4323-4d41-88d5-bb014deecef0|10.1.0.12:15326
2024-02-10 23:48:23,870 [5d086814-e92a-437f-854d-775872ea30b8@group-21E4E35BF4D7-LeaderElection55] INFO  server.RaftServerConfigKeys (ConfUtils.java:logFallback(53)) - raft.server.rpc.first-election.timeout.min = 5s (fallback to raft.server.rpc.timeout.min)
2024-02-10 23:48:23,870 [5d086814-e92a-437f-854d-775872ea30b8@group-21E4E35BF4D7-LeaderElection55] INFO  server.RaftServerConfigKeys (ConfUtils.java:logFallback(53)) - raft.server.rpc.first-election.timeout.max = 5200ms (fallback to raft.server.rpc.timeout.max)
2024-02-10 23:48:23,874 [grpc-default-executor-1] INFO  server.RaftServer$Division (RaftServerImpl.java:requestVote(1389)) - 33d73e87-4323-4d41-88d5-bb014deecef0@group-21E4E35BF4D7: receive requestVote(PRE_VOTE, 5d086814-e92a-437f-854d-775872ea30b8, group-21E4E35BF4D7, 0, (t:0, i:0))
2024-02-10 23:48:23,875 [grpc-default-executor-1] INFO  impl.VoteContext (VoteContext.java:log(49)) - 33d73e87-4323-4d41-88d5-bb014deecef0@group-21E4E35BF4D7-FOLLOWER: accept PRE_VOTE from 5d086814-e92a-437f-854d-775872ea30b8: our priority 0 <= candidate's priority 0
2024-02-10 23:48:23,874 [grpc-default-executor-2] INFO  server.RaftServer$Division (RaftServerImpl.java:requestVote(1389)) - d68bdd40-ff61-48f9-926d-424a561bf72d@group-21E4E35BF4D7: receive requestVote(PRE_VOTE, 5d086814-e92a-437f-854d-775872ea30b8, group-21E4E35BF4D7, 0, (t:0, i:0))
2024-02-10 23:48:23,875 [grpc-default-executor-2] INFO  impl.VoteContext (VoteContext.java:log(49)) - d68bdd40-ff61-48f9-926d-424a561bf72d@group-21E4E35BF4D7-FOLLOWER: reject PRE_VOTE from 5d086814-e92a-437f-854d-775872ea30b8: our priority 1 > candidate's priority 0
2024-02-10 23:48:23,875 [grpc-default-executor-2] INFO  server.RaftServer$Division (RaftServerImpl.java:requestVote(1422)) - d68bdd40-ff61-48f9-926d-424a561bf72d@group-21E4E35BF4D7 replies to PRE_VOTE vote request: 5d086814-e92a-437f-854d-775872ea30b8<-d68bdd40-ff61-48f9-926d-424a561bf72d#0:FAIL-t0. Peer's state: d68bdd40-ff61-48f9-926d-424a561bf72d@group-21E4E35BF4D7:t0, leader=null, voted=, raftlog=Memoized:d68bdd40-ff61-48f9-926d-424a561bf72d@group-21E4E35BF4D7-SegmentedRaftLog:OPENED:c-1, conf=-1: peers:[5d086814-e92a-437f-854d-775872ea30b8|10.1.0.12:15317, d68bdd40-ff61-48f9-926d-424a561bf72d|10.1.0.12:15308, 33d73e87-4323-4d41-88d5-bb014deecef0|10.1.0.12:15326]|listeners:[], old=null
2024-02-10 23:48:23,875 [grpc-default-executor-1] INFO  server.RaftServer$Division (RaftServerImpl.java:requestVote(1422)) - 33d73e87-4323-4d41-88d5-bb014deecef0@group-21E4E35BF4D7 replies to PRE_VOTE vote request: 5d086814-e92a-437f-854d-775872ea30b8<-33d73e87-4323-4d41-88d5-bb014deecef0#0:OK-t0. Peer's state: 33d73e87-4323-4d41-88d5-bb014deecef0@group-21E4E35BF4D7:t0, leader=null, voted=, raftlog=Memoized:33d73e87-4323-4d41-88d5-bb014deecef0@group-21E4E35BF4D7-SegmentedRaftLog:OPENED:c-1, conf=-1: peers:[5d086814-e92a-437f-854d-775872ea30b8|10.1.0.12:15317, d68bdd40-ff61-48f9-926d-424a561bf72d|10.1.0.12:15308, 33d73e87-4323-4d41-88d5-bb014deecef0|10.1.0.12:15326]|listeners:[], old=null
2024-02-10 23:48:23,876 [5d086814-e92a-437f-854d-775872ea30b8@group-21E4E35BF4D7-LeaderElection55] INFO  impl.LeaderElection (LeaderElection.java:logAndReturn(89)) - 5d086814-e92a-437f-854d-775872ea30b8@group-21E4E35BF4D7-LeaderElection55: PRE_VOTE REJECTED received 1 response(s) and 0 exception(s):
2024-02-10 23:48:23,880 [5d086814-e92a-437f-854d-775872ea30b8@group-21E4E35BF4D7-LeaderElection55] INFO  impl.LeaderElection (LeaderElection.java:logAndReturn(93)) -   Response 0: 5d086814-e92a-437f-854d-775872ea30b8<-d68bdd40-ff61-48f9-926d-424a561bf72d#0:FAIL-t0
2024-02-10 23:48:23,880 [5d086814-e92a-437f-854d-775872ea30b8@group-21E4E35BF4D7-LeaderElection55] INFO  impl.LeaderElection (LeaderElection.java:askForVotes(323)) - 5d086814-e92a-437f-854d-775872ea30b8@group-21E4E35BF4D7-LeaderElection55 PRE_VOTE round 0: result REJECTED
2024-02-10 23:48:23,881 [5d086814-e92a-437f-854d-775872ea30b8@group-21E4E35BF4D7-LeaderElection55] INFO  server.RaftServer$Division (RaftServerImpl.java:setRole(383)) - 5d086814-e92a-437f-854d-775872ea30b8@group-21E4E35BF4D7: changes role from CANDIDATE to FOLLOWER at term 0 for REJECTED
2024-02-10 23:48:23,881 [5d086814-e92a-437f-854d-775872ea30b8@group-21E4E35BF4D7-LeaderElection55] INFO  impl.RoleInfo (RoleInfo.java:shutdownLeaderElection(130)) - 5d086814-e92a-437f-854d-775872ea30b8: shutdown 5d086814-e92a-437f-854d-775872ea30b8@group-21E4E35BF4D7-LeaderElection55
2024-02-10 23:48:23,881 [5d086814-e92a-437f-854d-775872ea30b8@group-21E4E35BF4D7-LeaderElection55] INFO  impl.RoleInfo (RoleInfo.java:updateAndGet(139)) - 5d086814-e92a-437f-854d-775872ea30b8: start 5d086814-e92a-437f-854d-775872ea30b8@group-21E4E35BF4D7-FollowerState
2024-02-10 23:48:23,881 [5d086814-e92a-437f-854d-775872ea30b8@group-21E4E35BF4D7-LeaderElection55] INFO  server.RaftServer$Division (RaftServerImpl.java:setFirstElection(574)) - 5d086814-e92a-437f-854d-775872ea30b8@group-21E4E35BF4D7: set firstElectionSinceStartup to false for REJECTED
2024-02-10 23:48:23,919 [d68bdd40-ff61-48f9-926d-424a561bf72d@group-E8EB5DD20637-FollowerState] INFO  impl.FollowerState (FollowerState.java:run(143)) - d68bdd40-ff61-48f9-926d-424a561bf72d@group-E8EB5DD20637-FollowerState: change to CANDIDATE, lastRpcElapsedTime:5143430906ns, electionTimeout:5143ms
2024-02-10 23:48:23,919 [d68bdd40-ff61-48f9-926d-424a561bf72d@group-E8EB5DD20637-FollowerState] INFO  impl.RoleInfo (RoleInfo.java:shutdownFollowerState(110)) - d68bdd40-ff61-48f9-926d-424a561bf72d: shutdown d68bdd40-ff61-48f9-926d-424a561bf72d@group-E8EB5DD20637-FollowerState
2024-02-10 23:48:23,919 [d68bdd40-ff61-48f9-926d-424a561bf72d@group-E8EB5DD20637-FollowerState] INFO  server.RaftServer$Division (RaftServerImpl.java:setRole(383)) - d68bdd40-ff61-48f9-926d-424a561bf72d@group-E8EB5DD20637: changes role from  FOLLOWER to CANDIDATE at term 0 for changeToCandidate
2024-02-10 23:48:23,919 [d68bdd40-ff61-48f9-926d-424a561bf72d@group-E8EB5DD20637-FollowerState] INFO  server.RaftServerConfigKeys (ConfUtils.java:logGet(46)) - raft.server.leaderelection.pre-vote = true (default)
2024-02-10 23:48:23,919 [d68bdd40-ff61-48f9-926d-424a561bf72d@group-E8EB5DD20637-FollowerState] INFO  impl.RoleInfo (RoleInfo.java:updateAndGet(139)) - d68bdd40-ff61-48f9-926d-424a561bf72d: start d68bdd40-ff61-48f9-926d-424a561bf72d@group-E8EB5DD20637-LeaderElection56
2024-02-10 23:48:23,920 [d68bdd40-ff61-48f9-926d-424a561bf72d@group-E8EB5DD20637-LeaderElection56] INFO  impl.LeaderElection (LeaderElection.java:askForVotes(321)) - d68bdd40-ff61-48f9-926d-424a561bf72d@group-E8EB5DD20637-LeaderElection56 PRE_VOTE round 0: submit vote requests at term 0 for -1: peers:[d68bdd40-ff61-48f9-926d-424a561bf72d|10.1.0.12:15308]|listeners:[], old=null
2024-02-10 23:48:23,920 [d68bdd40-ff61-48f9-926d-424a561bf72d@group-E8EB5DD20637-LeaderElection56] INFO  impl.LeaderElection (LeaderElection.java:askForVotes(323)) - d68bdd40-ff61-48f9-926d-424a561bf72d@group-E8EB5DD20637-LeaderElection56 PRE_VOTE round 0: result PASSED (term=0)
2024-02-10 23:48:23,921 [d68bdd40-ff61-48f9-926d-424a561bf72d@group-E8EB5DD20637-LeaderElection56] INFO  impl.LeaderElection (LeaderElection.java:askForVotes(321)) - d68bdd40-ff61-48f9-926d-424a561bf72d@group-E8EB5DD20637-LeaderElection56 ELECTION round 0: submit vote requests at term 1 for -1: peers:[d68bdd40-ff61-48f9-926d-424a561bf72d|10.1.0.12:15308]|listeners:[], old=null
2024-02-10 23:48:23,921 [d68bdd40-ff61-48f9-926d-424a561bf72d@group-E8EB5DD20637-LeaderElection56] INFO  impl.LeaderElection (LeaderElection.java:askForVotes(323)) - d68bdd40-ff61-48f9-926d-424a561bf72d@group-E8EB5DD20637-LeaderElection56 ELECTION round 0: result PASSED (term=1)
2024-02-10 23:48:23,921 [d68bdd40-ff61-48f9-926d-424a561bf72d@group-E8EB5DD20637-LeaderElection56] INFO  impl.RoleInfo (RoleInfo.java:shutdownLeaderElection(130)) - d68bdd40-ff61-48f9-926d-424a561bf72d: shutdown d68bdd40-ff61-48f9-926d-424a561bf72d@group-E8EB5DD20637-LeaderElection56
2024-02-10 23:48:23,921 [d68bdd40-ff61-48f9-926d-424a561bf72d@group-E8EB5DD20637-LeaderElection56] INFO  server.RaftServer$Division (RaftServerImpl.java:setRole(383)) - d68bdd40-ff61-48f9-926d-424a561bf72d@group-E8EB5DD20637: changes role from CANDIDATE to LEADER at term 1 for changeToLeader
2024-02-10 23:48:23,921 [d68bdd40-ff61-48f9-926d-424a561bf72d@group-E8EB5DD20637-LeaderElection56] INFO  server.RaftServerConfigKeys (ConfUtils.java:logGet(46)) - raft.server.staging.catchup.gap = 1000 (default)
2024-02-10 23:48:23,922 [d68bdd40-ff61-48f9-926d-424a561bf72d@group-E8EB5DD20637-LeaderElection56] INFO  server.RaftServerConfigKeys (ConfUtils.java:logGet(46)) - raft.server.write.element-limit = 1024 (custom)
2024-02-10 23:48:23,922 [d68bdd40-ff61-48f9-926d-424a561bf72d@group-E8EB5DD20637-LeaderElection56] INFO  server.RaftServerConfigKeys (ConfUtils.java:logGet(46)) - raft.server.write.byte-limit = 1024 M (=1073741824) (custom)
2024-02-10 23:48:23,922 [d68bdd40-ff61-48f9-926d-424a561bf72d@group-E8EB5DD20637-LeaderElection56] INFO  server.RaftServerConfigKeys (ConfUtils.java:logGet(46)) - raft.server.watch.timeout = 3000ms (custom)
2024-02-10 23:48:23,922 [d68bdd40-ff61-48f9-926d-424a561bf72d@group-E8EB5DD20637-LeaderElection56] INFO  server.RaftServerConfigKeys (ConfUtils.java:logGet(46)) - raft.server.watch.timeout.denomination = 1s (default)
2024-02-10 23:48:23,922 [d68bdd40-ff61-48f9-926d-424a561bf72d@group-E8EB5DD20637-LeaderElection56] INFO  server.RaftServerConfigKeys (ConfUtils.java:logGet(46)) - raft.server.watch.element-limit = 65536 (default)
2024-02-10 23:48:23,922 [d68bdd40-ff61-48f9-926d-424a561bf72d@group-E8EB5DD20637-LeaderElection56] INFO  server.RaftServerConfigKeys (ConfUtils.java:logGet(46)) - raft.server.read.leader.lease.enabled = false (default)
2024-02-10 23:48:23,922 [d68bdd40-ff61-48f9-926d-424a561bf72d@group-E8EB5DD20637-LeaderElection56] INFO  server.RaftServerConfigKeys (ConfUtils.java:logGet(46)) - raft.server.read.leader.lease.timeout.ratio = 0.9 (default)
2024-02-10 23:48:23,922 [d68bdd40-ff61-48f9-926d-424a561bf72d@group-E8EB5DD20637-LeaderElection56] INFO  server.RaftServerConfigKeys (ConfUtils.java:logGet(46)) - raft.server.rpc.timeout.min = 5s (custom)
2024-02-10 23:48:23,922 [d68bdd40-ff61-48f9-926d-424a561bf72d@group-E8EB5DD20637-LeaderElection56] INFO  server.RaftServerConfigKeys (ConfUtils.java:logGet(46)) - raft.server.write.element-limit = 1024 (custom)
2024-02-10 23:48:23,922 [d68bdd40-ff61-48f9-926d-424a561bf72d@group-E8EB5DD20637-LeaderElection56] INFO  server.RaftServerConfigKeys (ConfUtils.java:logGet(46)) - raft.server.write.follower.gap.ratio.max = -1.0 (default)
2024-02-10 23:48:23,922 [d68bdd40-ff61-48f9-926d-424a561bf72d@group-E8EB5DD20637-LeaderElection56] INFO  impl.RoleInfo (RoleInfo.java:updateAndGet(139)) - d68bdd40-ff61-48f9-926d-424a561bf72d: start d68bdd40-ff61-48f9-926d-424a561bf72d@group-E8EB5DD20637-LeaderStateImpl
2024-02-10 23:48:23,922 [d68bdd40-ff61-48f9-926d-424a561bf72d@group-E8EB5DD20637-LeaderElection56] INFO  server.RaftServer$Division (RaftServerImpl.java:setFirstElection(574)) - d68bdd40-ff61-48f9-926d-424a561bf72d@group-E8EB5DD20637: set firstElectionSinceStartup to false for becomeLeader
2024-02-10 23:48:23,922 [d68bdd40-ff61-48f9-926d-424a561bf72d@group-E8EB5DD20637-LeaderElection56] INFO  ratis.XceiverServerRatis (XceiverServerRatis.java:handleLeaderChangedNotification(966)) - Leader change notification received for group: group-E8EB5DD20637 with new leaderId: d68bdd40-ff61-48f9-926d-424a561bf72d
2024-02-10 23:48:23,923 [d68bdd40-ff61-48f9-926d-424a561bf72d@group-E8EB5DD20637-LeaderElection56] INFO  server.RaftServer$Division (ServerState.java:setLeader(269)) - d68bdd40-ff61-48f9-926d-424a561bf72d@group-E8EB5DD20637: change Leader from null to d68bdd40-ff61-48f9-926d-424a561bf72d at term 1 for becomeLeader, leader elected after 5159ms
2024-02-10 23:48:23,923 [d68bdd40-ff61-48f9-926d-424a561bf72d@group-E8EB5DD20637-LeaderElection56] INFO  segmented.SegmentedRaftLogWorker (SegmentedRaftLogWorker.java:startLogSegment(430)) - d68bdd40-ff61-48f9-926d-424a561bf72d@group-E8EB5DD20637-SegmentedRaftLogWorker: Starting segment from index:0
2024-02-10 23:48:23,924 [d68bdd40-ff61-48f9-926d-424a561bf72d@group-E8EB5DD20637-LeaderElection56] INFO  server.RaftServer$Division (ServerState.java:setRaftConf(386)) - d68bdd40-ff61-48f9-926d-424a561bf72d@group-E8EB5DD20637: set configuration 0: peers:[d68bdd40-ff61-48f9-926d-424a561bf72d|10.1.0.12:15308]|listeners:[], old=null
2024-02-10 23:48:23,924 [d68bdd40-ff61-48f9-926d-424a561bf72d@group-E8EB5DD20637-SegmentedRaftLogWorker] INFO  segmented.BufferedWriteChannel (BufferedWriteChannel.java:open(62)) - open log_inprogress_0 at position 0
2024-02-10 23:48:23,931 [d68bdd40-ff61-48f9-926d-424a561bf72d@group-E8EB5DD20637-SegmentedRaftLogWorker] INFO  segmented.SegmentedRaftLogWorker (SegmentedRaftLogWorker.java:execute(634)) - d68bdd40-ff61-48f9-926d-424a561bf72d@group-E8EB5DD20637-SegmentedRaftLogWorker: created new log segment /home/runner/work/ozone/ozone/hadoop-ozone/integration-test/target/test-dir/MiniOzoneClusterImpl-da04a438-6ec0-4fc9-9b2e-e93c90459920/datanode-3/data/ratis/567ba971-0fa8-4757-bde9-e8eb5dd20637/current/log_inprogress_0
2024-02-10 23:48:23,932 [d68bdd40-ff61-48f9-926d-424a561bf72d@group-E8EB5DD20637-StateMachineUpdater] INFO  server.RaftServer$Division (LeaderStateImpl.java:isApplied(320)) - leader is ready since appliedIndex == 0 >= startIndex == 0
2024-02-10 23:48:23,936 [5d086814-e92a-437f-854d-775872ea30b8@group-6E27F47D06A0-FollowerState] INFO  impl.FollowerState (FollowerState.java:run(143)) - 5d086814-e92a-437f-854d-775872ea30b8@group-6E27F47D06A0-FollowerState: change to CANDIDATE, lastRpcElapsedTime:5075410723ns, electionTimeout:5075ms
2024-02-10 23:48:23,936 [5d086814-e92a-437f-854d-775872ea30b8@group-6E27F47D06A0-FollowerState] INFO  impl.RoleInfo (RoleInfo.java:shutdownFollowerState(110)) - 5d086814-e92a-437f-854d-775872ea30b8: shutdown 5d086814-e92a-437f-854d-775872ea30b8@group-6E27F47D06A0-FollowerState
2024-02-10 23:48:23,936 [5d086814-e92a-437f-854d-775872ea30b8@group-6E27F47D06A0-FollowerState] INFO  server.RaftServer$Division (RaftServerImpl.java:setRole(383)) - 5d086814-e92a-437f-854d-775872ea30b8@group-6E27F47D06A0: changes role from  FOLLOWER to CANDIDATE at term 0 for changeToCandidate
2024-02-10 23:48:23,936 [5d086814-e92a-437f-854d-775872ea30b8@group-6E27F47D06A0-FollowerState] INFO  server.RaftServerConfigKeys (ConfUtils.java:logGet(46)) - raft.server.leaderelection.pre-vote = true (default)
2024-02-10 23:48:23,936 [5d086814-e92a-437f-854d-775872ea30b8@group-6E27F47D06A0-FollowerState] INFO  impl.RoleInfo (RoleInfo.java:updateAndGet(139)) - 5d086814-e92a-437f-854d-775872ea30b8: start 5d086814-e92a-437f-854d-775872ea30b8@group-6E27F47D06A0-LeaderElection57
2024-02-10 23:48:23,937 [5d086814-e92a-437f-854d-775872ea30b8@group-6E27F47D06A0-LeaderElection57] INFO  impl.LeaderElection (LeaderElection.java:askForVotes(321)) - 5d086814-e92a-437f-854d-775872ea30b8@group-6E27F47D06A0-LeaderElection57 PRE_VOTE round 0: submit vote requests at term 0 for -1: peers:[5d086814-e92a-437f-854d-775872ea30b8|10.1.0.12:15317]|listeners:[], old=null
2024-02-10 23:48:23,937 [5d086814-e92a-437f-854d-775872ea30b8@group-6E27F47D06A0-LeaderElection57] INFO  impl.LeaderElection (LeaderElection.java:askForVotes(323)) - 5d086814-e92a-437f-854d-775872ea30b8@group-6E27F47D06A0-LeaderElection57 PRE_VOTE round 0: result PASSED (term=0)
2024-02-10 23:48:23,938 [5d086814-e92a-437f-854d-775872ea30b8@group-6E27F47D06A0-LeaderElection57] INFO  impl.LeaderElection (LeaderElection.java:askForVotes(321)) - 5d086814-e92a-437f-854d-775872ea30b8@group-6E27F47D06A0-LeaderElection57 ELECTION round 0: submit vote requests at term 1 for -1: peers:[5d086814-e92a-437f-854d-775872ea30b8|10.1.0.12:15317]|listeners:[], old=null
2024-02-10 23:48:23,938 [5d086814-e92a-437f-854d-775872ea30b8@group-6E27F47D06A0-LeaderElection57] INFO  impl.LeaderElection (LeaderElection.java:askForVotes(323)) - 5d086814-e92a-437f-854d-775872ea30b8@group-6E27F47D06A0-LeaderElection57 ELECTION round 0: result PASSED (term=1)
2024-02-10 23:48:23,938 [5d086814-e92a-437f-854d-775872ea30b8@group-6E27F47D06A0-LeaderElection57] INFO  impl.RoleInfo (RoleInfo.java:shutdownLeaderElection(130)) - 5d086814-e92a-437f-854d-775872ea30b8: shutdown 5d086814-e92a-437f-854d-775872ea30b8@group-6E27F47D06A0-LeaderElection57
2024-02-10 23:48:23,938 [5d086814-e92a-437f-854d-775872ea30b8@group-6E27F47D06A0-LeaderElection57] INFO  server.RaftServer$Division (RaftServerImpl.java:setRole(383)) - 5d086814-e92a-437f-854d-775872ea30b8@group-6E27F47D06A0: changes role from CANDIDATE to LEADER at term 1 for changeToLeader
2024-02-10 23:48:23,938 [5d086814-e92a-437f-854d-775872ea30b8@group-6E27F47D06A0-LeaderElection57] INFO  server.RaftServerConfigKeys (ConfUtils.java:logGet(46)) - raft.server.staging.catchup.gap = 1000 (default)
2024-02-10 23:48:23,938 [5d086814-e92a-437f-854d-775872ea30b8@group-6E27F47D06A0-LeaderElection57] INFO  server.RaftServerConfigKeys (ConfUtils.java:logGet(46)) - raft.server.write.element-limit = 1024 (custom)
2024-02-10 23:48:23,938 [5d086814-e92a-437f-854d-775872ea30b8@group-6E27F47D06A0-LeaderElection57] INFO  server.RaftServerConfigKeys (ConfUtils.java:logGet(46)) - raft.server.write.byte-limit = 1024 M (=1073741824) (custom)
2024-02-10 23:48:23,939 [5d086814-e92a-437f-854d-775872ea30b8@group-6E27F47D06A0-LeaderElection57] INFO  server.RaftServerConfigKeys (ConfUtils.java:logGet(46)) - raft.server.watch.timeout = 3000ms (custom)
2024-02-10 23:48:23,939 [5d086814-e92a-437f-854d-775872ea30b8@group-6E27F47D06A0-LeaderElection57] INFO  server.RaftServerConfigKeys (ConfUtils.java:logGet(46)) - raft.server.watch.timeout.denomination = 1s (default)
2024-02-10 23:48:23,939 [5d086814-e92a-437f-854d-775872ea30b8@group-6E27F47D06A0-LeaderElection57] INFO  server.RaftServerConfigKeys (ConfUtils.java:logGet(46)) - raft.server.watch.element-limit = 65536 (default)
2024-02-10 23:48:23,939 [5d086814-e92a-437f-854d-775872ea30b8@group-6E27F47D06A0-LeaderElection57] INFO  server.RaftServerConfigKeys (ConfUtils.java:logGet(46)) - raft.server.read.leader.lease.enabled = false (default)
2024-02-10 23:48:23,939 [5d086814-e92a-437f-854d-775872ea30b8@group-6E27F47D06A0-LeaderElection57] INFO  server.RaftServerConfigKeys (ConfUtils.java:logGet(46)) - raft.server.read.leader.lease.timeout.ratio = 0.9 (default)
2024-02-10 23:48:23,939 [5d086814-e92a-437f-854d-775872ea30b8@group-6E27F47D06A0-LeaderElection57] INFO  server.RaftServerConfigKeys (ConfUtils.java:logGet(46)) - raft.server.rpc.timeout.min = 5s (custom)
2024-02-10 23:48:23,939 [5d086814-e92a-437f-854d-775872ea30b8@group-6E27F47D06A0-LeaderElection57] INFO  server.RaftServerConfigKeys (ConfUtils.java:logGet(46)) - raft.server.write.element-limit = 1024 (custom)
2024-02-10 23:48:23,939 [5d086814-e92a-437f-854d-775872ea30b8@group-6E27F47D06A0-LeaderElection57] INFO  server.RaftServerConfigKeys (ConfUtils.java:logGet(46)) - raft.server.write.follower.gap.ratio.max = -1.0 (default)
2024-02-10 23:48:23,939 [5d086814-e92a-437f-854d-775872ea30b8@group-6E27F47D06A0-LeaderElection57] INFO  impl.RoleInfo (RoleInfo.java:updateAndGet(139)) - 5d086814-e92a-437f-854d-775872ea30b8: start 5d086814-e92a-437f-854d-775872ea30b8@group-6E27F47D06A0-LeaderStateImpl
2024-02-10 23:48:23,939 [5d086814-e92a-437f-854d-775872ea30b8@group-6E27F47D06A0-LeaderElection57] INFO  server.RaftServer$Division (RaftServerImpl.java:setFirstElection(574)) - 5d086814-e92a-437f-854d-775872ea30b8@group-6E27F47D06A0: set firstElectionSinceStartup to false for becomeLeader
2024-02-10 23:48:23,939 [5d086814-e92a-437f-854d-775872ea30b8@group-6E27F47D06A0-LeaderElection57] INFO  ratis.XceiverServerRatis (XceiverServerRatis.java:handleLeaderChangedNotification(966)) - Leader change notification received for group: group-6E27F47D06A0 with new leaderId: 5d086814-e92a-437f-854d-775872ea30b8
2024-02-10 23:48:23,939 [5d086814-e92a-437f-854d-775872ea30b8@group-6E27F47D06A0-LeaderElection57] INFO  server.RaftServer$Division (ServerState.java:setLeader(269)) - 5d086814-e92a-437f-854d-775872ea30b8@group-6E27F47D06A0: change Leader from null to 5d086814-e92a-437f-854d-775872ea30b8 at term 1 for becomeLeader, leader elected after 5088ms
2024-02-10 23:48:23,939 [5d086814-e92a-437f-854d-775872ea30b8@group-6E27F47D06A0-LeaderElection57] INFO  segmented.SegmentedRaftLogWorker (SegmentedRaftLogWorker.java:startLogSegment(430)) - 5d086814-e92a-437f-854d-775872ea30b8@group-6E27F47D06A0-SegmentedRaftLogWorker: Starting segment from index:0
2024-02-10 23:48:23,940 [5d086814-e92a-437f-854d-775872ea30b8@group-6E27F47D06A0-LeaderElection57] INFO  server.RaftServer$Division (ServerState.java:setRaftConf(386)) - 5d086814-e92a-437f-854d-775872ea30b8@group-6E27F47D06A0: set configuration 0: peers:[5d086814-e92a-437f-854d-775872ea30b8|10.1.0.12:15317]|listeners:[], old=null
2024-02-10 23:48:23,941 [5d086814-e92a-437f-854d-775872ea30b8@group-6E27F47D06A0-SegmentedRaftLogWorker] INFO  segmented.BufferedWriteChannel (BufferedWriteChannel.java:open(62)) - open log_inprogress_0 at position 0
2024-02-10 23:48:23,947 [5d086814-e92a-437f-854d-775872ea30b8@group-6E27F47D06A0-SegmentedRaftLogWorker] INFO  segmented.SegmentedRaftLogWorker (SegmentedRaftLogWorker.java:execute(634)) - 5d086814-e92a-437f-854d-775872ea30b8@group-6E27F47D06A0-SegmentedRaftLogWorker: created new log segment /home/runner/work/ozone/ozone/hadoop-ozone/integration-test/target/test-dir/MiniOzoneClusterImpl-da04a438-6ec0-4fc9-9b2e-e93c90459920/datanode-4/data/ratis/289f0b1f-0fe7-40e2-a54a-6e27f47d06a0/current/log_inprogress_0
2024-02-10 23:48:23,949 [33d73e87-4323-4d41-88d5-bb014deecef0@group-21E4E35BF4D7-FollowerState] INFO  server.RaftServerConfigKeys (ConfUtils.java:logFallback(53)) - raft.server.rpc.first-election.timeout.min = 5s (fallback to raft.server.rpc.timeout.min)
2024-02-10 23:48:23,949 [33d73e87-4323-4d41-88d5-bb014deecef0@group-21E4E35BF4D7-FollowerState] INFO  server.RaftServerConfigKeys (ConfUtils.java:logFallback(53)) - raft.server.rpc.first-election.timeout.max = 5200ms (fallback to raft.server.rpc.timeout.max)
2024-02-10 23:48:23,949 [5d086814-e92a-437f-854d-775872ea30b8@group-6E27F47D06A0-StateMachineUpdater] INFO  server.RaftServer$Division (LeaderStateImpl.java:isApplied(320)) - leader is ready since appliedIndex == 0 >= startIndex == 0
2024-02-10 23:48:23,957 [33d73e87-4323-4d41-88d5-bb014deecef0@group-580B5A2D7CDC-FollowerState] INFO  impl.FollowerState (FollowerState.java:run(143)) - 33d73e87-4323-4d41-88d5-bb014deecef0@group-580B5A2D7CDC-FollowerState: change to CANDIDATE, lastRpcElapsedTime:5005622207ns, electionTimeout:5005ms
2024-02-10 23:48:23,957 [33d73e87-4323-4d41-88d5-bb014deecef0@group-580B5A2D7CDC-FollowerState] INFO  impl.RoleInfo (RoleInfo.java:shutdownFollowerState(110)) - 33d73e87-4323-4d41-88d5-bb014deecef0: shutdown 33d73e87-4323-4d41-88d5-bb014deecef0@group-580B5A2D7CDC-FollowerState
2024-02-10 23:48:23,957 [33d73e87-4323-4d41-88d5-bb014deecef0@group-580B5A2D7CDC-FollowerState] INFO  server.RaftServer$Division (RaftServerImpl.java:setRole(383)) - 33d73e87-4323-4d41-88d5-bb014deecef0@group-580B5A2D7CDC: changes role from  FOLLOWER to CANDIDATE at term 0 for changeToCandidate
2024-02-10 23:48:23,957 [33d73e87-4323-4d41-88d5-bb014deecef0@group-580B5A2D7CDC-FollowerState] INFO  server.RaftServerConfigKeys (ConfUtils.java:logGet(46)) - raft.server.leaderelection.pre-vote = true (default)
2024-02-10 23:48:23,957 [33d73e87-4323-4d41-88d5-bb014deecef0@group-580B5A2D7CDC-FollowerState] INFO  impl.RoleInfo (RoleInfo.java:updateAndGet(139)) - 33d73e87-4323-4d41-88d5-bb014deecef0: start 33d73e87-4323-4d41-88d5-bb014deecef0@group-580B5A2D7CDC-LeaderElection58
2024-02-10 23:48:23,959 [33d73e87-4323-4d41-88d5-bb014deecef0@group-580B5A2D7CDC-LeaderElection58] INFO  impl.LeaderElection (LeaderElection.java:askForVotes(321)) - 33d73e87-4323-4d41-88d5-bb014deecef0@group-580B5A2D7CDC-LeaderElection58 PRE_VOTE round 0: submit vote requests at term 0 for -1: peers:[33d73e87-4323-4d41-88d5-bb014deecef0|10.1.0.12:15326]|listeners:[], old=null
2024-02-10 23:48:23,959 [33d73e87-4323-4d41-88d5-bb014deecef0@group-580B5A2D7CDC-LeaderElection58] INFO  impl.LeaderElection (LeaderElection.java:askForVotes(323)) - 33d73e87-4323-4d41-88d5-bb014deecef0@group-580B5A2D7CDC-LeaderElection58 PRE_VOTE round 0: result PASSED (term=0)
2024-02-10 23:48:23,960 [33d73e87-4323-4d41-88d5-bb014deecef0@group-580B5A2D7CDC-LeaderElection58] INFO  impl.LeaderElection (LeaderElection.java:askForVotes(321)) - 33d73e87-4323-4d41-88d5-bb014deecef0@group-580B5A2D7CDC-LeaderElection58 ELECTION round 0: submit vote requests at term 1 for -1: peers:[33d73e87-4323-4d41-88d5-bb014deecef0|10.1.0.12:15326]|listeners:[], old=null
2024-02-10 23:48:23,960 [33d73e87-4323-4d41-88d5-bb014deecef0@group-580B5A2D7CDC-LeaderElection58] INFO  impl.LeaderElection (LeaderElection.java:askForVotes(323)) - 33d73e87-4323-4d41-88d5-bb014deecef0@group-580B5A2D7CDC-LeaderElection58 ELECTION round 0: result PASSED (term=1)
2024-02-10 23:48:23,960 [33d73e87-4323-4d41-88d5-bb014deecef0@group-580B5A2D7CDC-LeaderElection58] INFO  impl.RoleInfo (RoleInfo.java:shutdownLeaderElection(130)) - 33d73e87-4323-4d41-88d5-bb014deecef0: shutdown 33d73e87-4323-4d41-88d5-bb014deecef0@group-580B5A2D7CDC-LeaderElection58
2024-02-10 23:48:23,960 [33d73e87-4323-4d41-88d5-bb014deecef0@group-580B5A2D7CDC-LeaderElection58] INFO  server.RaftServer$Division (RaftServerImpl.java:setRole(383)) - 33d73e87-4323-4d41-88d5-bb014deecef0@group-580B5A2D7CDC: changes role from CANDIDATE to LEADER at term 1 for changeToLeader
2024-02-10 23:48:23,960 [33d73e87-4323-4d41-88d5-bb014deecef0@group-580B5A2D7CDC-LeaderElection58] INFO  server.RaftServerConfigKeys (ConfUtils.java:logGet(46)) - raft.server.staging.catchup.gap = 1000 (default)
2024-02-10 23:48:23,960 [33d73e87-4323-4d41-88d5-bb014deecef0@group-580B5A2D7CDC-LeaderElection58] INFO  server.RaftServerConfigKeys (ConfUtils.java:logGet(46)) - raft.server.write.element-limit = 1024 (custom)
2024-02-10 23:48:23,960 [33d73e87-4323-4d41-88d5-bb014deecef0@group-580B5A2D7CDC-LeaderElection58] INFO  server.RaftServerConfigKeys (ConfUtils.java:logGet(46)) - raft.server.write.byte-limit = 1024 M (=1073741824) (custom)
2024-02-10 23:48:23,960 [33d73e87-4323-4d41-88d5-bb014deecef0@group-580B5A2D7CDC-LeaderElection58] INFO  server.RaftServerConfigKeys (ConfUtils.java:logGet(46)) - raft.server.watch.timeout = 3000ms (custom)
2024-02-10 23:48:23,960 [33d73e87-4323-4d41-88d5-bb014deecef0@group-580B5A2D7CDC-LeaderElection58] INFO  server.RaftServerConfigKeys (ConfUtils.java:logGet(46)) - raft.server.watch.timeout.denomination = 1s (default)
2024-02-10 23:48:23,960 [33d73e87-4323-4d41-88d5-bb014deecef0@group-580B5A2D7CDC-LeaderElection58] INFO  server.RaftServerConfigKeys (ConfUtils.java:logGet(46)) - raft.server.watch.element-limit = 65536 (default)
2024-02-10 23:48:23,960 [33d73e87-4323-4d41-88d5-bb014deecef0@group-580B5A2D7CDC-LeaderElection58] INFO  server.RaftServerConfigKeys (ConfUtils.java:logGet(46)) - raft.server.read.leader.lease.enabled = false (default)
2024-02-10 23:48:23,961 [33d73e87-4323-4d41-88d5-bb014deecef0@group-580B5A2D7CDC-LeaderElection58] INFO  server.RaftServerConfigKeys (ConfUtils.java:logGet(46)) - raft.server.read.leader.lease.timeout.ratio = 0.9 (default)
2024-02-10 23:48:23,961 [33d73e87-4323-4d41-88d5-bb014deecef0@group-580B5A2D7CDC-LeaderElection58] INFO  server.RaftServerConfigKeys (ConfUtils.java:logGet(46)) - raft.server.rpc.timeout.min = 5s (custom)
2024-02-10 23:48:23,961 [33d73e87-4323-4d41-88d5-bb014deecef0@group-580B5A2D7CDC-LeaderElection58] INFO  server.RaftServerConfigKeys (ConfUtils.java:logGet(46)) - raft.server.write.element-limit = 1024 (custom)
2024-02-10 23:48:23,961 [33d73e87-4323-4d41-88d5-bb014deecef0@group-580B5A2D7CDC-LeaderElection58] INFO  server.RaftServerConfigKeys (ConfUtils.java:logGet(46)) - raft.server.write.follower.gap.ratio.max = -1.0 (default)
2024-02-10 23:48:23,961 [33d73e87-4323-4d41-88d5-bb014deecef0@group-580B5A2D7CDC-LeaderElection58] INFO  impl.RoleInfo (RoleInfo.java:updateAndGet(139)) - 33d73e87-4323-4d41-88d5-bb014deecef0: start 33d73e87-4323-4d41-88d5-bb014deecef0@group-580B5A2D7CDC-LeaderStateImpl
2024-02-10 23:48:23,961 [33d73e87-4323-4d41-88d5-bb014deecef0@group-580B5A2D7CDC-LeaderElection58] INFO  server.RaftServer$Division (RaftServerImpl.java:setFirstElection(574)) - 33d73e87-4323-4d41-88d5-bb014deecef0@group-580B5A2D7CDC: set firstElectionSinceStartup to false for becomeLeader
2024-02-10 23:48:23,961 [33d73e87-4323-4d41-88d5-bb014deecef0@group-580B5A2D7CDC-LeaderElection58] INFO  ratis.XceiverServerRatis (XceiverServerRatis.java:handleLeaderChangedNotification(966)) - Leader change notification received for group: group-580B5A2D7CDC with new leaderId: 33d73e87-4323-4d41-88d5-bb014deecef0
2024-02-10 23:48:23,961 [33d73e87-4323-4d41-88d5-bb014deecef0@group-580B5A2D7CDC-LeaderElection58] INFO  server.RaftServer$Division (ServerState.java:setLeader(269)) - 33d73e87-4323-4d41-88d5-bb014deecef0@group-580B5A2D7CDC: change Leader from null to 33d73e87-4323-4d41-88d5-bb014deecef0 at term 1 for becomeLeader, leader elected after 5019ms
2024-02-10 23:48:23,961 [33d73e87-4323-4d41-88d5-bb014deecef0@group-580B5A2D7CDC-LeaderElection58] INFO  segmented.SegmentedRaftLogWorker (SegmentedRaftLogWorker.java:startLogSegment(430)) - 33d73e87-4323-4d41-88d5-bb014deecef0@group-580B5A2D7CDC-SegmentedRaftLogWorker: Starting segment from index:0
2024-02-10 23:48:23,963 [33d73e87-4323-4d41-88d5-bb014deecef0@group-580B5A2D7CDC-LeaderElection58] INFO  server.RaftServer$Division (ServerState.java:setRaftConf(386)) - 33d73e87-4323-4d41-88d5-bb014deecef0@group-580B5A2D7CDC: set configuration 0: peers:[33d73e87-4323-4d41-88d5-bb014deecef0|10.1.0.12:15326]|listeners:[], old=null
2024-02-10 23:48:23,963 [33d73e87-4323-4d41-88d5-bb014deecef0@group-580B5A2D7CDC-SegmentedRaftLogWorker] INFO  segmented.BufferedWriteChannel (BufferedWriteChannel.java:open(62)) - open log_inprogress_0 at position 0
2024-02-10 23:48:23,968 [d68bdd40-ff61-48f9-926d-424a561bf72d@group-21E4E35BF4D7-FollowerState] INFO  impl.FollowerState (FollowerState.java:run(143)) - d68bdd40-ff61-48f9-926d-424a561bf72d@group-21E4E35BF4D7-FollowerState: change to CANDIDATE, lastRpcElapsedTime:5179122907ns, electionTimeout:5178ms
2024-02-10 23:48:23,968 [d68bdd40-ff61-48f9-926d-424a561bf72d@group-21E4E35BF4D7-FollowerState] INFO  impl.RoleInfo (RoleInfo.java:shutdownFollowerState(110)) - d68bdd40-ff61-48f9-926d-424a561bf72d: shutdown d68bdd40-ff61-48f9-926d-424a561bf72d@group-21E4E35BF4D7-FollowerState
2024-02-10 23:48:23,968 [d68bdd40-ff61-48f9-926d-424a561bf72d@group-21E4E35BF4D7-FollowerState] INFO  server.RaftServer$Division (RaftServerImpl.java:setRole(383)) - d68bdd40-ff61-48f9-926d-424a561bf72d@group-21E4E35BF4D7: changes role from  FOLLOWER to CANDIDATE at term 0 for changeToCandidate
2024-02-10 23:48:23,968 [d68bdd40-ff61-48f9-926d-424a561bf72d@group-21E4E35BF4D7-FollowerState] INFO  server.RaftServerConfigKeys (ConfUtils.java:logGet(46)) - raft.server.leaderelection.pre-vote = true (default)
2024-02-10 23:48:23,968 [d68bdd40-ff61-48f9-926d-424a561bf72d@group-21E4E35BF4D7-FollowerState] INFO  impl.RoleInfo (RoleInfo.java:updateAndGet(139)) - d68bdd40-ff61-48f9-926d-424a561bf72d: start d68bdd40-ff61-48f9-926d-424a561bf72d@group-21E4E35BF4D7-LeaderElection59
2024-02-10 23:48:23,969 [d68bdd40-ff61-48f9-926d-424a561bf72d@group-21E4E35BF4D7-LeaderElection59] INFO  impl.LeaderElection (LeaderElection.java:askForVotes(321)) - d68bdd40-ff61-48f9-926d-424a561bf72d@group-21E4E35BF4D7-LeaderElection59 PRE_VOTE round 0: submit vote requests at term 0 for -1: peers:[5d086814-e92a-437f-854d-775872ea30b8|10.1.0.12:15317, d68bdd40-ff61-48f9-926d-424a561bf72d|10.1.0.12:15308, 33d73e87-4323-4d41-88d5-bb014deecef0|10.1.0.12:15326]|listeners:[], old=null
2024-02-10 23:48:23,970 [d68bdd40-ff61-48f9-926d-424a561bf72d@group-21E4E35BF4D7-LeaderElection59-1] INFO  server.GrpcServerProtocolClient (GrpcServerProtocolClient.java:<init>(65)) - Build channel for 5d086814-e92a-437f-854d-775872ea30b8|10.1.0.12:15317
2024-02-10 23:48:23,970 [33d73e87-4323-4d41-88d5-bb014deecef0@group-580B5A2D7CDC-SegmentedRaftLogWorker] INFO  segmented.SegmentedRaftLogWorker (SegmentedRaftLogWorker.java:execute(634)) - 33d73e87-4323-4d41-88d5-bb014deecef0@group-580B5A2D7CDC-SegmentedRaftLogWorker: created new log segment /home/runner/work/ozone/ozone/hadoop-ozone/integration-test/target/test-dir/MiniOzoneClusterImpl-da04a438-6ec0-4fc9-9b2e-e93c90459920/datanode-5/data/ratis/4c8ac1ff-2410-4c7c-b077-580b5a2d7cdc/current/log_inprogress_0
2024-02-10 23:48:23,971 [d68bdd40-ff61-48f9-926d-424a561bf72d@group-21E4E35BF4D7-LeaderElection59] INFO  server.RaftServerConfigKeys (ConfUtils.java:logFallback(53)) - raft.server.rpc.first-election.timeout.min = 5s (fallback to raft.server.rpc.timeout.min)
2024-02-10 23:48:23,971 [d68bdd40-ff61-48f9-926d-424a561bf72d@group-21E4E35BF4D7-LeaderElection59] INFO  server.RaftServerConfigKeys (ConfUtils.java:logFallback(53)) - raft.server.rpc.first-election.timeout.max = 5200ms (fallback to raft.server.rpc.timeout.max)
2024-02-10 23:48:23,971 [d68bdd40-ff61-48f9-926d-424a561bf72d@group-21E4E35BF4D7-LeaderElection59-2] INFO  server.GrpcServerProtocolClient (GrpcServerProtocolClient.java:<init>(65)) - Build channel for 33d73e87-4323-4d41-88d5-bb014deecef0|10.1.0.12:15326
2024-02-10 23:48:23,972 [33d73e87-4323-4d41-88d5-bb014deecef0@group-580B5A2D7CDC-StateMachineUpdater] INFO  server.RaftServer$Division (LeaderStateImpl.java:isApplied(320)) - leader is ready since appliedIndex == 0 >= startIndex == 0
2024-02-10 23:48:23,975 [grpc-default-executor-1] INFO  server.RaftServer$Division (RaftServerImpl.java:requestVote(1389)) - 5d086814-e92a-437f-854d-775872ea30b8@group-21E4E35BF4D7: receive requestVote(PRE_VOTE, d68bdd40-ff61-48f9-926d-424a561bf72d, group-21E4E35BF4D7, 0, (t:0, i:0))
2024-02-10 23:48:23,975 [grpc-default-executor-1] INFO  impl.VoteContext (VoteContext.java:log(49)) - 5d086814-e92a-437f-854d-775872ea30b8@group-21E4E35BF4D7-FOLLOWER: accept PRE_VOTE from d68bdd40-ff61-48f9-926d-424a561bf72d: our priority 0 <= candidate's priority 1
2024-02-10 23:48:23,975 [grpc-default-executor-1] INFO  server.RaftServer$Division (RaftServerImpl.java:requestVote(1422)) - 5d086814-e92a-437f-854d-775872ea30b8@group-21E4E35BF4D7 replies to PRE_VOTE vote request: d68bdd40-ff61-48f9-926d-424a561bf72d<-5d086814-e92a-437f-854d-775872ea30b8#0:OK-t0. Peer's state: 5d086814-e92a-437f-854d-775872ea30b8@group-21E4E35BF4D7:t0, leader=null, voted=, raftlog=Memoized:5d086814-e92a-437f-854d-775872ea30b8@group-21E4E35BF4D7-SegmentedRaftLog:OPENED:c-1, conf=-1: peers:[5d086814-e92a-437f-854d-775872ea30b8|10.1.0.12:15317, d68bdd40-ff61-48f9-926d-424a561bf72d|10.1.0.12:15308, 33d73e87-4323-4d41-88d5-bb014deecef0|10.1.0.12:15326]|listeners:[], old=null
2024-02-10 23:48:23,978 [grpc-default-executor-1] INFO  server.RaftServer$Division (RaftServerImpl.java:requestVote(1389)) - 33d73e87-4323-4d41-88d5-bb014deecef0@group-21E4E35BF4D7: receive requestVote(PRE_VOTE, d68bdd40-ff61-48f9-926d-424a561bf72d, group-21E4E35BF4D7, 0, (t:0, i:0))
2024-02-10 23:48:23,978 [grpc-default-executor-1] INFO  impl.VoteContext (VoteContext.java:log(49)) - 33d73e87-4323-4d41-88d5-bb014deecef0@group-21E4E35BF4D7-FOLLOWER: accept PRE_VOTE from d68bdd40-ff61-48f9-926d-424a561bf72d: our priority 0 <= candidate's priority 1
2024-02-10 23:48:23,978 [grpc-default-executor-1] INFO  server.RaftServer$Division (RaftServerImpl.java:requestVote(1422)) - 33d73e87-4323-4d41-88d5-bb014deecef0@group-21E4E35BF4D7 replies to PRE_VOTE vote request: d68bdd40-ff61-48f9-926d-424a561bf72d<-33d73e87-4323-4d41-88d5-bb014deecef0#0:OK-t0. Peer's state: 33d73e87-4323-4d41-88d5-bb014deecef0@group-21E4E35BF4D7:t0, leader=null, voted=, raftlog=Memoized:33d73e87-4323-4d41-88d5-bb014deecef0@group-21E4E35BF4D7-SegmentedRaftLog:OPENED:c-1, conf=-1: peers:[5d086814-e92a-437f-854d-775872ea30b8|10.1.0.12:15317, d68bdd40-ff61-48f9-926d-424a561bf72d|10.1.0.12:15308, 33d73e87-4323-4d41-88d5-bb014deecef0|10.1.0.12:15326]|listeners:[], old=null
2024-02-10 23:48:23,978 [d68bdd40-ff61-48f9-926d-424a561bf72d@group-21E4E35BF4D7-LeaderElection59] INFO  impl.LeaderElection (LeaderElection.java:logAndReturn(89)) - d68bdd40-ff61-48f9-926d-424a561bf72d@group-21E4E35BF4D7-LeaderElection59: PRE_VOTE PASSED received 1 response(s) and 0 exception(s):
2024-02-10 23:48:23,978 [d68bdd40-ff61-48f9-926d-424a561bf72d@group-21E4E35BF4D7-LeaderElection59] INFO  impl.LeaderElection (LeaderElection.java:logAndReturn(93)) -   Response 0: d68bdd40-ff61-48f9-926d-424a561bf72d<-5d086814-e92a-437f-854d-775872ea30b8#0:OK-t0
2024-02-10 23:48:23,978 [d68bdd40-ff61-48f9-926d-424a561bf72d@group-21E4E35BF4D7-LeaderElection59] INFO  impl.LeaderElection (LeaderElection.java:askForVotes(323)) - d68bdd40-ff61-48f9-926d-424a561bf72d@group-21E4E35BF4D7-LeaderElection59 PRE_VOTE round 0: result PASSED
2024-02-10 23:48:23,980 [d68bdd40-ff61-48f9-926d-424a561bf72d@group-21E4E35BF4D7-LeaderElection59] INFO  impl.LeaderElection (LeaderElection.java:askForVotes(321)) - d68bdd40-ff61-48f9-926d-424a561bf72d@group-21E4E35BF4D7-LeaderElection59 ELECTION round 0: submit vote requests at term 1 for -1: peers:[5d086814-e92a-437f-854d-775872ea30b8|10.1.0.12:15317, d68bdd40-ff61-48f9-926d-424a561bf72d|10.1.0.12:15308, 33d73e87-4323-4d41-88d5-bb014deecef0|10.1.0.12:15326]|listeners:[], old=null
2024-02-10 23:48:23,980 [d68bdd40-ff61-48f9-926d-424a561bf72d@group-21E4E35BF4D7-LeaderElection59] INFO  server.RaftServerConfigKeys (ConfUtils.java:logFallback(53)) - raft.server.rpc.first-election.timeout.min = 5s (fallback to raft.server.rpc.timeout.min)
2024-02-10 23:48:23,981 [d68bdd40-ff61-48f9-926d-424a561bf72d@group-21E4E35BF4D7-LeaderElection59] INFO  server.RaftServerConfigKeys (ConfUtils.java:logFallback(53)) - raft.server.rpc.first-election.timeout.max = 5200ms (fallback to raft.server.rpc.timeout.max)
2024-02-10 23:48:23,981 [grpc-default-executor-1] INFO  server.RaftServer$Division (RaftServerImpl.java:requestVote(1389)) - 33d73e87-4323-4d41-88d5-bb014deecef0@group-21E4E35BF4D7: receive requestVote(ELECTION, d68bdd40-ff61-48f9-926d-424a561bf72d, group-21E4E35BF4D7, 1, (t:0, i:0))
2024-02-10 23:48:23,981 [grpc-default-executor-1] INFO  impl.VoteContext (VoteContext.java:log(49)) - 33d73e87-4323-4d41-88d5-bb014deecef0@group-21E4E35BF4D7-FOLLOWER: accept ELECTION from d68bdd40-ff61-48f9-926d-424a561bf72d: our priority 0 <= candidate's priority 1
2024-02-10 23:48:23,981 [grpc-default-executor-1] INFO  server.RaftServer$Division (RaftServerImpl.java:setRole(383)) - 33d73e87-4323-4d41-88d5-bb014deecef0@group-21E4E35BF4D7: changes role from  FOLLOWER to FOLLOWER at term 1 for candidate:d68bdd40-ff61-48f9-926d-424a561bf72d
2024-02-10 23:48:23,981 [grpc-default-executor-1] INFO  impl.RoleInfo (RoleInfo.java:shutdownFollowerState(110)) - 33d73e87-4323-4d41-88d5-bb014deecef0: shutdown 33d73e87-4323-4d41-88d5-bb014deecef0@group-21E4E35BF4D7-FollowerState
2024-02-10 23:48:23,982 [grpc-default-executor-2] INFO  server.RaftServer$Division (RaftServerImpl.java:requestVote(1389)) - 5d086814-e92a-437f-854d-775872ea30b8@group-21E4E35BF4D7: receive requestVote(ELECTION, d68bdd40-ff61-48f9-926d-424a561bf72d, group-21E4E35BF4D7, 1, (t:0, i:0))
2024-02-10 23:48:23,982 [33d73e87-4323-4d41-88d5-bb014deecef0@group-21E4E35BF4D7-FollowerState] INFO  impl.FollowerState (FollowerState.java:run(152)) - 33d73e87-4323-4d41-88d5-bb014deecef0@group-21E4E35BF4D7-FollowerState was interrupted
2024-02-10 23:48:23,982 [grpc-default-executor-2] INFO  impl.VoteContext (VoteContext.java:log(49)) - 5d086814-e92a-437f-854d-775872ea30b8@group-21E4E35BF4D7-FOLLOWER: accept ELECTION from d68bdd40-ff61-48f9-926d-424a561bf72d: our priority 0 <= candidate's priority 1
2024-02-10 23:48:23,983 [grpc-default-executor-2] INFO  server.RaftServer$Division (RaftServerImpl.java:setRole(383)) - 5d086814-e92a-437f-854d-775872ea30b8@group-21E4E35BF4D7: changes role from  FOLLOWER to FOLLOWER at term 1 for candidate:d68bdd40-ff61-48f9-926d-424a561bf72d
2024-02-10 23:48:23,983 [grpc-default-executor-2] INFO  impl.RoleInfo (RoleInfo.java:shutdownFollowerState(110)) - 5d086814-e92a-437f-854d-775872ea30b8: shutdown 5d086814-e92a-437f-854d-775872ea30b8@group-21E4E35BF4D7-FollowerState
2024-02-10 23:48:23,983 [grpc-default-executor-2] INFO  impl.RoleInfo (RoleInfo.java:updateAndGet(139)) - 5d086814-e92a-437f-854d-775872ea30b8: start 5d086814-e92a-437f-854d-775872ea30b8@group-21E4E35BF4D7-FollowerState
2024-02-10 23:48:23,983 [5d086814-e92a-437f-854d-775872ea30b8@group-21E4E35BF4D7-FollowerState] INFO  impl.FollowerState (FollowerState.java:run(152)) - 5d086814-e92a-437f-854d-775872ea30b8@group-21E4E35BF4D7-FollowerState was interrupted
2024-02-10 23:48:23,982 [grpc-default-executor-1] INFO  impl.RoleInfo (RoleInfo.java:updateAndGet(139)) - 33d73e87-4323-4d41-88d5-bb014deecef0: start 33d73e87-4323-4d41-88d5-bb014deecef0@group-21E4E35BF4D7-FollowerState
2024-02-10 23:48:23,983 [grpc-default-executor-1] INFO  server.RaftServer$Division (RaftServerImpl.java:setFirstElection(574)) - 33d73e87-4323-4d41-88d5-bb014deecef0@group-21E4E35BF4D7: set firstElectionSinceStartup to false for candidate:d68bdd40-ff61-48f9-926d-424a561bf72d
2024-02-10 23:48:23,985 [grpc-default-executor-2] INFO  server.RaftServer$Division (RaftServerImpl.java:requestVote(1422)) - 5d086814-e92a-437f-854d-775872ea30b8@group-21E4E35BF4D7 replies to ELECTION vote request: d68bdd40-ff61-48f9-926d-424a561bf72d<-5d086814-e92a-437f-854d-775872ea30b8#0:OK-t1. Peer's state: 5d086814-e92a-437f-854d-775872ea30b8@group-21E4E35BF4D7:t1, leader=null, voted=d68bdd40-ff61-48f9-926d-424a561bf72d, raftlog=Memoized:5d086814-e92a-437f-854d-775872ea30b8@group-21E4E35BF4D7-SegmentedRaftLog:OPENED:c-1, conf=-1: peers:[5d086814-e92a-437f-854d-775872ea30b8|10.1.0.12:15317, d68bdd40-ff61-48f9-926d-424a561bf72d|10.1.0.12:15308, 33d73e87-4323-4d41-88d5-bb014deecef0|10.1.0.12:15326]|listeners:[], old=null
2024-02-10 23:48:23,985 [d68bdd40-ff61-48f9-926d-424a561bf72d@group-21E4E35BF4D7-LeaderElection59] INFO  impl.LeaderElection (LeaderElection.java:logAndReturn(89)) - d68bdd40-ff61-48f9-926d-424a561bf72d@group-21E4E35BF4D7-LeaderElection59: ELECTION PASSED received 1 response(s) and 0 exception(s):
2024-02-10 23:48:23,985 [d68bdd40-ff61-48f9-926d-424a561bf72d@group-21E4E35BF4D7-LeaderElection59] INFO  impl.LeaderElection (LeaderElection.java:logAndReturn(93)) -   Response 0: d68bdd40-ff61-48f9-926d-424a561bf72d<-5d086814-e92a-437f-854d-775872ea30b8#0:OK-t1
2024-02-10 23:48:23,986 [d68bdd40-ff61-48f9-926d-424a561bf72d@group-21E4E35BF4D7-LeaderElection59] INFO  impl.LeaderElection (LeaderElection.java:askForVotes(323)) - d68bdd40-ff61-48f9-926d-424a561bf72d@group-21E4E35BF4D7-LeaderElection59 ELECTION round 0: result PASSED
2024-02-10 23:48:23,986 [d68bdd40-ff61-48f9-926d-424a561bf72d@group-21E4E35BF4D7-LeaderElection59] INFO  impl.RoleInfo (RoleInfo.java:shutdownLeaderElection(130)) - d68bdd40-ff61-48f9-926d-424a561bf72d: shutdown d68bdd40-ff61-48f9-926d-424a561bf72d@group-21E4E35BF4D7-LeaderElection59
2024-02-10 23:48:23,985 [grpc-default-executor-1] INFO  server.RaftServer$Division (RaftServerImpl.java:requestVote(1422)) - 33d73e87-4323-4d41-88d5-bb014deecef0@group-21E4E35BF4D7 replies to ELECTION vote request: d68bdd40-ff61-48f9-926d-424a561bf72d<-33d73e87-4323-4d41-88d5-bb014deecef0#0:OK-t1. Peer's state: 33d73e87-4323-4d41-88d5-bb014deecef0@group-21E4E35BF4D7:t1, leader=null, voted=d68bdd40-ff61-48f9-926d-424a561bf72d, raftlog=Memoized:33d73e87-4323-4d41-88d5-bb014deecef0@group-21E4E35BF4D7-SegmentedRaftLog:OPENED:c-1, conf=-1: peers:[5d086814-e92a-437f-854d-775872ea30b8|10.1.0.12:15317, d68bdd40-ff61-48f9-926d-424a561bf72d|10.1.0.12:15308, 33d73e87-4323-4d41-88d5-bb014deecef0|10.1.0.12:15326]|listeners:[], old=null
2024-02-10 23:48:23,986 [d68bdd40-ff61-48f9-926d-424a561bf72d@group-21E4E35BF4D7-LeaderElection59] INFO  server.RaftServer$Division (RaftServerImpl.java:setRole(383)) - d68bdd40-ff61-48f9-926d-424a561bf72d@group-21E4E35BF4D7: changes role from CANDIDATE to LEADER at term 1 for changeToLeader
2024-02-10 23:48:23,986 [d68bdd40-ff61-48f9-926d-424a561bf72d@group-21E4E35BF4D7-LeaderElection59] INFO  server.RaftServerConfigKeys (ConfUtils.java:logGet(46)) - raft.server.staging.catchup.gap = 1000 (default)
2024-02-10 23:48:23,986 [d68bdd40-ff61-48f9-926d-424a561bf72d@group-21E4E35BF4D7-LeaderElection59] INFO  server.RaftServerConfigKeys (ConfUtils.java:logGet(46)) - raft.server.write.element-limit = 1024 (custom)
2024-02-10 23:48:23,986 [d68bdd40-ff61-48f9-926d-424a561bf72d@group-21E4E35BF4D7-LeaderElection59] INFO  server.RaftServerConfigKeys (ConfUtils.java:logGet(46)) - raft.server.write.byte-limit = 1024 M (=1073741824) (custom)
2024-02-10 23:48:23,986 [d68bdd40-ff61-48f9-926d-424a561bf72d@group-21E4E35BF4D7-LeaderElection59] INFO  server.RaftServerConfigKeys (ConfUtils.java:logGet(46)) - raft.server.watch.timeout = 3000ms (custom)
2024-02-10 23:48:23,986 [d68bdd40-ff61-48f9-926d-424a561bf72d@group-21E4E35BF4D7-LeaderElection59] INFO  server.RaftServerConfigKeys (ConfUtils.java:logGet(46)) - raft.server.watch.timeout.denomination = 1s (default)
2024-02-10 23:48:23,986 [d68bdd40-ff61-48f9-926d-424a561bf72d@group-21E4E35BF4D7-LeaderElection59] INFO  server.RaftServerConfigKeys (ConfUtils.java:logGet(46)) - raft.server.watch.element-limit = 65536 (default)
2024-02-10 23:48:23,987 [d68bdd40-ff61-48f9-926d-424a561bf72d@group-21E4E35BF4D7-LeaderElection59] INFO  server.RaftServerConfigKeys (ConfUtils.java:logGet(46)) - raft.server.read.leader.lease.enabled = false (default)
2024-02-10 23:48:23,987 [d68bdd40-ff61-48f9-926d-424a561bf72d@group-21E4E35BF4D7-LeaderElection59] INFO  server.RaftServerConfigKeys (ConfUtils.java:logGet(46)) - raft.server.read.leader.lease.timeout.ratio = 0.9 (default)
2024-02-10 23:48:23,987 [d68bdd40-ff61-48f9-926d-424a561bf72d@group-21E4E35BF4D7-LeaderElection59] INFO  server.RaftServerConfigKeys (ConfUtils.java:logGet(46)) - raft.server.rpc.timeout.min = 5s (custom)
2024-02-10 23:48:23,987 [d68bdd40-ff61-48f9-926d-424a561bf72d@group-21E4E35BF4D7-LeaderElection59] INFO  server.RaftServerConfigKeys (ConfUtils.java:logGet(46)) - raft.server.write.element-limit = 1024 (custom)
2024-02-10 23:48:23,987 [d68bdd40-ff61-48f9-926d-424a561bf72d@group-21E4E35BF4D7-LeaderElection59] INFO  server.RaftServerConfigKeys (ConfUtils.java:logGet(46)) - raft.server.write.follower.gap.ratio.max = -1.0 (default)
2024-02-10 23:48:23,987 [d68bdd40-ff61-48f9-926d-424a561bf72d@group-21E4E35BF4D7-LeaderElection59] INFO  server.RaftServerConfigKeys (ConfUtils.java:logGet(46)) - raft.server.log.appender.snapshot.chunk.size.max = 16MB (=16777216) (default)
2024-02-10 23:48:23,987 [d68bdd40-ff61-48f9-926d-424a561bf72d@group-21E4E35BF4D7-LeaderElection59] INFO  server.RaftServerConfigKeys (ConfUtils.java:logGet(46)) - raft.server.log.appender.buffer.byte-limit = 8388608 (custom)
2024-02-10 23:48:23,987 [d68bdd40-ff61-48f9-926d-424a561bf72d@group-21E4E35BF4D7-LeaderElection59] INFO  server.RaftServerConfigKeys (ConfUtils.java:logGet(46)) - raft.server.log.appender.buffer.element-limit = 1 (custom)
2024-02-10 23:48:23,988 [d68bdd40-ff61-48f9-926d-424a561bf72d@group-21E4E35BF4D7-LeaderElection59] INFO  server.RaftServerConfigKeys (ConfUtils.java:logGet(46)) - raft.server.log.appender.wait-time.min = 0ms (custom)
2024-02-10 23:48:23,988 [d68bdd40-ff61-48f9-926d-424a561bf72d@group-21E4E35BF4D7-LeaderElection59] INFO  grpc.GrpcConfigKeys (ConfUtils.java:logGet(46)) - raft.grpc.server.leader.outstanding.appends.max = 8 (default)
2024-02-10 23:48:23,988 [d68bdd40-ff61-48f9-926d-424a561bf72d@group-21E4E35BF4D7-LeaderElection59] INFO  server.RaftServerConfigKeys (ConfUtils.java:logGet(46)) - raft.server.rpc.request.timeout = 3000ms (default)
2024-02-10 23:48:23,988 [d68bdd40-ff61-48f9-926d-424a561bf72d@group-21E4E35BF4D7-LeaderElection59] INFO  grpc.GrpcConfigKeys (ConfUtils.java:logGet(46)) - raft.grpc.server.install_snapshot.request.element-limit = 8 (default)
2024-02-10 23:48:23,988 [d68bdd40-ff61-48f9-926d-424a561bf72d@group-21E4E35BF4D7-LeaderElection59] INFO  grpc.GrpcConfigKeys (ConfUtils.java:logGet(46)) - raft.grpc.server.install_snapshot.request.timeout = 3000ms (default)
2024-02-10 23:48:23,988 [d68bdd40-ff61-48f9-926d-424a561bf72d@group-21E4E35BF4D7-LeaderElection59] INFO  grpc.GrpcConfigKeys (ConfUtils.java:logGet(46)) - raft.grpc.server.log-message.batch.duration = 5s (default)
2024-02-10 23:48:23,988 [d68bdd40-ff61-48f9-926d-424a561bf72d@group-21E4E35BF4D7-LeaderElection59] INFO  server.RaftServerConfigKeys (ConfUtils.java:logGet(46)) - raft.server.log.appender.install.snapshot.enabled = false (custom)
2024-02-10 23:48:23,988 [d68bdd40-ff61-48f9-926d-424a561bf72d@group-21E4E35BF4D7-LeaderElection59] INFO  grpc.GrpcConfigKeys (ConfUtils.java:logGet(46)) - raft.grpc.server.heartbeat.channel = true (default)
2024-02-10 23:48:23,989 [d68bdd40-ff61-48f9-926d-424a561bf72d@group-21E4E35BF4D7-LeaderElection59] INFO  server.RaftServerConfigKeys (ConfUtils.java:logGet(46)) - raft.server.log.appender.snapshot.chunk.size.max = 16MB (=16777216) (default)
2024-02-10 23:48:23,989 [d68bdd40-ff61-48f9-926d-424a561bf72d@group-21E4E35BF4D7-LeaderElection59] INFO  server.RaftServerConfigKeys (ConfUtils.java:logGet(46)) - raft.server.log.appender.buffer.byte-limit = 8388608 (custom)
2024-02-10 23:48:23,989 [d68bdd40-ff61-48f9-926d-424a561bf72d@group-21E4E35BF4D7-LeaderElection59] INFO  server.RaftServerConfigKeys (ConfUtils.java:logGet(46)) - raft.server.log.appender.buffer.element-limit = 1 (custom)
2024-02-10 23:48:23,989 [d68bdd40-ff61-48f9-926d-424a561bf72d@group-21E4E35BF4D7-LeaderElection59] INFO  server.RaftServerConfigKeys (ConfUtils.java:logGet(46)) - raft.server.log.appender.wait-time.min = 0ms (custom)
2024-02-10 23:48:23,989 [d68bdd40-ff61-48f9-926d-424a561bf72d@group-21E4E35BF4D7-LeaderElection59] INFO  grpc.GrpcConfigKeys (ConfUtils.java:logGet(46)) - raft.grpc.server.leader.outstanding.appends.max = 8 (default)
2024-02-10 23:48:23,989 [d68bdd40-ff61-48f9-926d-424a561bf72d@group-21E4E35BF4D7-LeaderElection59] INFO  server.RaftServerConfigKeys (ConfUtils.java:logGet(46)) - raft.server.rpc.request.timeout = 3000ms (default)
2024-02-10 23:48:23,989 [d68bdd40-ff61-48f9-926d-424a561bf72d@group-21E4E35BF4D7-LeaderElection59] INFO  grpc.GrpcConfigKeys (ConfUtils.java:logGet(46)) - raft.grpc.server.install_snapshot.request.element-limit = 8 (default)
2024-02-10 23:48:23,989 [d68bdd40-ff61-48f9-926d-424a561bf72d@group-21E4E35BF4D7-LeaderElection59] INFO  grpc.GrpcConfigKeys (ConfUtils.java:logGet(46)) - raft.grpc.server.install_snapshot.request.timeout = 3000ms (default)
2024-02-10 23:48:23,989 [d68bdd40-ff61-48f9-926d-424a561bf72d@group-21E4E35BF4D7-LeaderElection59] INFO  grpc.GrpcConfigKeys (ConfUtils.java:logGet(46)) - raft.grpc.server.log-message.batch.duration = 5s (default)
2024-02-10 23:48:23,990 [d68bdd40-ff61-48f9-926d-424a561bf72d@group-21E4E35BF4D7-LeaderElection59] INFO  server.RaftServerConfigKeys (ConfUtils.java:logGet(46)) - raft.server.log.appender.install.snapshot.enabled = false (custom)
2024-02-10 23:48:23,990 [d68bdd40-ff61-48f9-926d-424a561bf72d@group-21E4E35BF4D7-LeaderElection59] INFO  grpc.GrpcConfigKeys (ConfUtils.java:logGet(46)) - raft.grpc.server.heartbeat.channel = true (default)
2024-02-10 23:48:23,990 [d68bdd40-ff61-48f9-926d-424a561bf72d@group-21E4E35BF4D7-LeaderElection59] INFO  impl.RoleInfo (RoleInfo.java:updateAndGet(139)) - d68bdd40-ff61-48f9-926d-424a561bf72d: start d68bdd40-ff61-48f9-926d-424a561bf72d@group-21E4E35BF4D7-LeaderStateImpl
2024-02-10 23:48:23,990 [d68bdd40-ff61-48f9-926d-424a561bf72d@group-21E4E35BF4D7-LeaderElection59] INFO  server.RaftServer$Division (RaftServerImpl.java:setFirstElection(574)) - d68bdd40-ff61-48f9-926d-424a561bf72d@group-21E4E35BF4D7: set firstElectionSinceStartup to false for becomeLeader
2024-02-10 23:48:23,990 [d68bdd40-ff61-48f9-926d-424a561bf72d@group-21E4E35BF4D7-LeaderElection59] INFO  ratis.XceiverServerRatis (XceiverServerRatis.java:handleLeaderChangedNotification(966)) - Leader change notification received for group: group-21E4E35BF4D7 with new leaderId: d68bdd40-ff61-48f9-926d-424a561bf72d
2024-02-10 23:48:23,990 [d68bdd40-ff61-48f9-926d-424a561bf72d@group-21E4E35BF4D7-LeaderElection59] INFO  server.RaftServer$Division (ServerState.java:setLeader(269)) - d68bdd40-ff61-48f9-926d-424a561bf72d@group-21E4E35BF4D7: change Leader from null to d68bdd40-ff61-48f9-926d-424a561bf72d at term 1 for becomeLeader, leader elected after 5212ms
2024-02-10 23:48:23,990 [d68bdd40-ff61-48f9-926d-424a561bf72d@group-21E4E35BF4D7-LeaderElection59] INFO  segmented.SegmentedRaftLogWorker (SegmentedRaftLogWorker.java:startLogSegment(430)) - d68bdd40-ff61-48f9-926d-424a561bf72d@group-21E4E35BF4D7-SegmentedRaftLogWorker: Starting segment from index:0
2024-02-10 23:48:23,991 [d68bdd40-ff61-48f9-926d-424a561bf72d@group-21E4E35BF4D7-LeaderElection59] INFO  server.RaftServer$Division (ServerState.java:setRaftConf(386)) - d68bdd40-ff61-48f9-926d-424a561bf72d@group-21E4E35BF4D7: set configuration 0: peers:[5d086814-e92a-437f-854d-775872ea30b8|10.1.0.12:15317, d68bdd40-ff61-48f9-926d-424a561bf72d|10.1.0.12:15308, 33d73e87-4323-4d41-88d5-bb014deecef0|10.1.0.12:15326]|listeners:[], old=null
2024-02-10 23:48:23,991 [d68bdd40-ff61-48f9-926d-424a561bf72d@group-21E4E35BF4D7-SegmentedRaftLogWorker] INFO  segmented.BufferedWriteChannel (BufferedWriteChannel.java:open(62)) - open log_inprogress_0 at position 0
2024-02-10 23:48:23,996 [EventQueue-PipelineReportForPipelineReportHandler] INFO  pipeline.PipelineReportHandler (PipelineReportHandler.java:processPipelineReport(136)) - Opened pipeline PipelineID=32b725d0-7e3c-45d5-a6fc-21e4e35bf4d7
2024-02-10 23:48:23,999 [5d086814-e92a-437f-854d-775872ea30b8-server-thread1] INFO  ratis.XceiverServerRatis (XceiverServerRatis.java:handleLeaderChangedNotification(966)) - Leader change notification received for group: group-21E4E35BF4D7 with new leaderId: d68bdd40-ff61-48f9-926d-424a561bf72d
2024-02-10 23:48:23,999 [5d086814-e92a-437f-854d-775872ea30b8-server-thread1] INFO  server.RaftServer$Division (ServerState.java:setLeader(269)) - 5d086814-e92a-437f-854d-775872ea30b8@group-21E4E35BF4D7: change Leader from null to d68bdd40-ff61-48f9-926d-424a561bf72d at term 1 for appendEntries, leader elected after 5175ms
2024-02-10 23:48:23,999 [d68bdd40-ff61-48f9-926d-424a561bf72d@group-21E4E35BF4D7-SegmentedRaftLogWorker] INFO  segmented.SegmentedRaftLogWorker (SegmentedRaftLogWorker.java:execute(634)) - d68bdd40-ff61-48f9-926d-424a561bf72d@group-21E4E35BF4D7-SegmentedRaftLogWorker: created new log segment /home/runner/work/ozone/ozone/hadoop-ozone/integration-test/target/test-dir/MiniOzoneClusterImpl-da04a438-6ec0-4fc9-9b2e-e93c90459920/datanode-3/data/ratis/32b725d0-7e3c-45d5-a6fc-21e4e35bf4d7/current/log_inprogress_0
2024-02-10 23:48:23,999 [33d73e87-4323-4d41-88d5-bb014deecef0-server-thread1] INFO  ratis.XceiverServerRatis (XceiverServerRatis.java:handleLeaderChangedNotification(966)) - Leader change notification received for group: group-21E4E35BF4D7 with new leaderId: d68bdd40-ff61-48f9-926d-424a561bf72d
2024-02-10 23:48:24,000 [33d73e87-4323-4d41-88d5-bb014deecef0-server-thread1] INFO  server.RaftServer$Division (ServerState.java:setLeader(269)) - 33d73e87-4323-4d41-88d5-bb014deecef0@group-21E4E35BF4D7: change Leader from null to d68bdd40-ff61-48f9-926d-424a561bf72d at term 1 for appendEntries, leader elected after 5200ms
2024-02-10 23:48:24,001 [5d086814-e92a-437f-854d-775872ea30b8-server-thread3] INFO  server.RaftServer$Division (ServerState.java:setRaftConf(386)) - 5d086814-e92a-437f-854d-775872ea30b8@group-21E4E35BF4D7: set configuration 0: peers:[5d086814-e92a-437f-854d-775872ea30b8|10.1.0.12:15317, d68bdd40-ff61-48f9-926d-424a561bf72d|10.1.0.12:15308, 33d73e87-4323-4d41-88d5-bb014deecef0|10.1.0.12:15326]|listeners:[], old=null
2024-02-10 23:48:24,001 [5d086814-e92a-437f-854d-775872ea30b8-server-thread3] INFO  segmented.SegmentedRaftLogWorker (SegmentedRaftLogWorker.java:startLogSegment(430)) - 5d086814-e92a-437f-854d-775872ea30b8@group-21E4E35BF4D7-SegmentedRaftLogWorker: Starting segment from index:0
2024-02-10 23:48:24,001 [5d086814-e92a-437f-854d-775872ea30b8@group-21E4E35BF4D7-SegmentedRaftLogWorker] INFO  segmented.BufferedWriteChannel (BufferedWriteChannel.java:open(62)) - open log_inprogress_0 at position 0
2024-02-10 23:48:24,006 [33d73e87-4323-4d41-88d5-bb014deecef0-server-thread2] INFO  server.RaftServer$Division (ServerState.java:setRaftConf(386)) - 33d73e87-4323-4d41-88d5-bb014deecef0@group-21E4E35BF4D7: set configuration 0: peers:[5d086814-e92a-437f-854d-775872ea30b8|10.1.0.12:15317, d68bdd40-ff61-48f9-926d-424a561bf72d|10.1.0.12:15308, 33d73e87-4323-4d41-88d5-bb014deecef0|10.1.0.12:15326]|listeners:[], old=null
2024-02-10 23:48:24,006 [33d73e87-4323-4d41-88d5-bb014deecef0-server-thread2] INFO  segmented.SegmentedRaftLogWorker (SegmentedRaftLogWorker.java:startLogSegment(430)) - 33d73e87-4323-4d41-88d5-bb014deecef0@group-21E4E35BF4D7-SegmentedRaftLogWorker: Starting segment from index:0
2024-02-10 23:48:24,007 [33d73e87-4323-4d41-88d5-bb014deecef0@group-21E4E35BF4D7-SegmentedRaftLogWorker] INFO  segmented.BufferedWriteChannel (BufferedWriteChannel.java:open(62)) - open log_inprogress_0 at position 0
2024-02-10 23:48:24,009 [5d086814-e92a-437f-854d-775872ea30b8@group-21E4E35BF4D7-SegmentedRaftLogWorker] INFO  segmented.SegmentedRaftLogWorker (SegmentedRaftLogWorker.java:execute(634)) - 5d086814-e92a-437f-854d-775872ea30b8@group-21E4E35BF4D7-SegmentedRaftLogWorker: created new log segment /home/runner/work/ozone/ozone/hadoop-ozone/integration-test/target/test-dir/MiniOzoneClusterImpl-da04a438-6ec0-4fc9-9b2e-e93c90459920/datanode-4/data/ratis/32b725d0-7e3c-45d5-a6fc-21e4e35bf4d7/current/log_inprogress_0
2024-02-10 23:48:24,013 [d68bdd40-ff61-48f9-926d-424a561bf72d@group-21E4E35BF4D7-StateMachineUpdater] INFO  server.RaftServer$Division (LeaderStateImpl.java:isApplied(320)) - leader is ready since appliedIndex == 0 >= startIndex == 0
2024-02-10 23:48:24,014 [33d73e87-4323-4d41-88d5-bb014deecef0@group-21E4E35BF4D7-SegmentedRaftLogWorker] INFO  segmented.SegmentedRaftLogWorker (SegmentedRaftLogWorker.java:execute(634)) - 33d73e87-4323-4d41-88d5-bb014deecef0@group-21E4E35BF4D7-SegmentedRaftLogWorker: created new log segment /home/runner/work/ozone/ozone/hadoop-ozone/integration-test/target/test-dir/MiniOzoneClusterImpl-da04a438-6ec0-4fc9-9b2e-e93c90459920/datanode-5/data/ratis/32b725d0-7e3c-45d5-a6fc-21e4e35bf4d7/current/log_inprogress_0
2024-02-10 23:48:24,043 [64168508-e903-4327-b7bc-0572c2109e1a@group-AC5D874349E8-FollowerState] INFO  impl.FollowerState (FollowerState.java:run(143)) - 64168508-e903-4327-b7bc-0572c2109e1a@group-AC5D874349E8-FollowerState: change to CANDIDATE, lastRpcElapsedTime:5000463500ns, electionTimeout:5000ms
2024-02-10 23:48:24,043 [64168508-e903-4327-b7bc-0572c2109e1a@group-AC5D874349E8-FollowerState] INFO  impl.RoleInfo (RoleInfo.java:shutdownFollowerState(110)) - 64168508-e903-4327-b7bc-0572c2109e1a: shutdown 64168508-e903-4327-b7bc-0572c2109e1a@group-AC5D874349E8-FollowerState
2024-02-10 23:48:24,043 [64168508-e903-4327-b7bc-0572c2109e1a@group-AC5D874349E8-FollowerState] INFO  server.RaftServer$Division (RaftServerImpl.java:setRole(383)) - 64168508-e903-4327-b7bc-0572c2109e1a@group-AC5D874349E8: changes role from  FOLLOWER to CANDIDATE at term 0 for changeToCandidate
2024-02-10 23:48:24,044 [64168508-e903-4327-b7bc-0572c2109e1a@group-AC5D874349E8-FollowerState] INFO  server.RaftServerConfigKeys (ConfUtils.java:logGet(46)) - raft.server.leaderelection.pre-vote = true (default)
2024-02-10 23:48:24,044 [64168508-e903-4327-b7bc-0572c2109e1a@group-AC5D874349E8-FollowerState] INFO  impl.RoleInfo (RoleInfo.java:updateAndGet(139)) - 64168508-e903-4327-b7bc-0572c2109e1a: start 64168508-e903-4327-b7bc-0572c2109e1a@group-AC5D874349E8-LeaderElection60
2024-02-10 23:48:24,045 [64168508-e903-4327-b7bc-0572c2109e1a@group-AC5D874349E8-LeaderElection60] INFO  impl.LeaderElection (LeaderElection.java:askForVotes(321)) - 64168508-e903-4327-b7bc-0572c2109e1a@group-AC5D874349E8-LeaderElection60 PRE_VOTE round 0: submit vote requests at term 0 for -1: peers:[64168508-e903-4327-b7bc-0572c2109e1a|10.1.0.12:15335]|listeners:[], old=null
2024-02-10 23:48:24,045 [64168508-e903-4327-b7bc-0572c2109e1a@group-AC5D874349E8-LeaderElection60] INFO  impl.LeaderElection (LeaderElection.java:askForVotes(323)) - 64168508-e903-4327-b7bc-0572c2109e1a@group-AC5D874349E8-LeaderElection60 PRE_VOTE round 0: result PASSED (term=0)
2024-02-10 23:48:24,046 [64168508-e903-4327-b7bc-0572c2109e1a@group-AC5D874349E8-LeaderElection60] INFO  impl.LeaderElection (LeaderElection.java:askForVotes(321)) - 64168508-e903-4327-b7bc-0572c2109e1a@group-AC5D874349E8-LeaderElection60 ELECTION round 0: submit vote requests at term 1 for -1: peers:[64168508-e903-4327-b7bc-0572c2109e1a|10.1.0.12:15335]|listeners:[], old=null
2024-02-10 23:48:24,046 [64168508-e903-4327-b7bc-0572c2109e1a@group-AC5D874349E8-LeaderElection60] INFO  impl.LeaderElection (LeaderElection.java:askForVotes(323)) - 64168508-e903-4327-b7bc-0572c2109e1a@group-AC5D874349E8-LeaderElection60 ELECTION round 0: result PASSED (term=1)
2024-02-10 23:48:24,046 [64168508-e903-4327-b7bc-0572c2109e1a@group-AC5D874349E8-LeaderElection60] INFO  impl.RoleInfo (RoleInfo.java:shutdownLeaderElection(130)) - 64168508-e903-4327-b7bc-0572c2109e1a: shutdown 64168508-e903-4327-b7bc-0572c2109e1a@group-AC5D874349E8-LeaderElection60
2024-02-10 23:48:24,046 [64168508-e903-4327-b7bc-0572c2109e1a@group-AC5D874349E8-LeaderElection60] INFO  server.RaftServer$Division (RaftServerImpl.java:setRole(383)) - 64168508-e903-4327-b7bc-0572c2109e1a@group-AC5D874349E8: changes role from CANDIDATE to LEADER at term 1 for changeToLeader
2024-02-10 23:48:24,046 [64168508-e903-4327-b7bc-0572c2109e1a@group-AC5D874349E8-LeaderElection60] INFO  server.RaftServerConfigKeys (ConfUtils.java:logGet(46)) - raft.server.staging.catchup.gap = 1000 (default)
2024-02-10 23:48:24,046 [64168508-e903-4327-b7bc-0572c2109e1a@group-AC5D874349E8-LeaderElection60] INFO  server.RaftServerConfigKeys (ConfUtils.java:logGet(46)) - raft.server.write.element-limit = 1024 (custom)
2024-02-10 23:48:24,047 [64168508-e903-4327-b7bc-0572c2109e1a@group-AC5D874349E8-LeaderElection60] INFO  server.RaftServerConfigKeys (ConfUtils.java:logGet(46)) - raft.server.write.byte-limit = 1024 M (=1073741824) (custom)
2024-02-10 23:48:24,047 [64168508-e903-4327-b7bc-0572c2109e1a@group-AC5D874349E8-LeaderElection60] INFO  server.RaftServerConfigKeys (ConfUtils.java:logGet(46)) - raft.server.watch.timeout = 3000ms (custom)
2024-02-10 23:48:24,047 [64168508-e903-4327-b7bc-0572c2109e1a@group-AC5D874349E8-LeaderElection60] INFO  server.RaftServerConfigKeys (ConfUtils.java:logGet(46)) - raft.server.watch.timeout.denomination = 1s (default)
2024-02-10 23:48:24,047 [64168508-e903-4327-b7bc-0572c2109e1a@group-AC5D874349E8-LeaderElection60] INFO  server.RaftServerConfigKeys (ConfUtils.java:logGet(46)) - raft.server.watch.element-limit = 65536 (default)
2024-02-10 23:48:24,047 [64168508-e903-4327-b7bc-0572c2109e1a@group-AC5D874349E8-LeaderElection60] INFO  server.RaftServerConfigKeys (ConfUtils.java:logGet(46)) - raft.server.read.leader.lease.enabled = false (default)
2024-02-10 23:48:24,047 [64168508-e903-4327-b7bc-0572c2109e1a@group-AC5D874349E8-LeaderElection60] INFO  server.RaftServerConfigKeys (ConfUtils.java:logGet(46)) - raft.server.read.leader.lease.timeout.ratio = 0.9 (default)
2024-02-10 23:48:24,047 [64168508-e903-4327-b7bc-0572c2109e1a@group-AC5D874349E8-LeaderElection60] INFO  server.RaftServerConfigKeys (ConfUtils.java:logGet(46)) - raft.server.rpc.timeout.min = 5s (custom)
2024-02-10 23:48:24,047 [64168508-e903-4327-b7bc-0572c2109e1a@group-AC5D874349E8-LeaderElection60] INFO  server.RaftServerConfigKeys (ConfUtils.java:logGet(46)) - raft.server.write.element-limit = 1024 (custom)
2024-02-10 23:48:24,047 [64168508-e903-4327-b7bc-0572c2109e1a@group-AC5D874349E8-LeaderElection60] INFO  server.RaftServerConfigKeys (ConfUtils.java:logGet(46)) - raft.server.write.follower.gap.ratio.max = -1.0 (default)
2024-02-10 23:48:24,047 [64168508-e903-4327-b7bc-0572c2109e1a@group-AC5D874349E8-LeaderElection60] INFO  impl.RoleInfo (RoleInfo.java:updateAndGet(139)) - 64168508-e903-4327-b7bc-0572c2109e1a: start 64168508-e903-4327-b7bc-0572c2109e1a@group-AC5D874349E8-LeaderStateImpl
2024-02-10 23:48:24,047 [64168508-e903-4327-b7bc-0572c2109e1a@group-AC5D874349E8-LeaderElection60] INFO  server.RaftServer$Division (RaftServerImpl.java:setFirstElection(574)) - 64168508-e903-4327-b7bc-0572c2109e1a@group-AC5D874349E8: set firstElectionSinceStartup to false for becomeLeader
2024-02-10 23:48:24,047 [64168508-e903-4327-b7bc-0572c2109e1a@group-AC5D874349E8-LeaderElection60] INFO  ratis.XceiverServerRatis (XceiverServerRatis.java:handleLeaderChangedNotification(966)) - Leader change notification received for group: group-AC5D874349E8 with new leaderId: 64168508-e903-4327-b7bc-0572c2109e1a
2024-02-10 23:48:24,047 [64168508-e903-4327-b7bc-0572c2109e1a@group-AC5D874349E8-LeaderElection60] INFO  server.RaftServer$Division (ServerState.java:setLeader(269)) - 64168508-e903-4327-b7bc-0572c2109e1a@group-AC5D874349E8: change Leader from null to 64168508-e903-4327-b7bc-0572c2109e1a at term 1 for becomeLeader, leader elected after 5015ms
2024-02-10 23:48:24,048 [64168508-e903-4327-b7bc-0572c2109e1a@group-AC5D874349E8-LeaderElection60] INFO  segmented.SegmentedRaftLogWorker (SegmentedRaftLogWorker.java:startLogSegment(430)) - 64168508-e903-4327-b7bc-0572c2109e1a@group-AC5D874349E8-SegmentedRaftLogWorker: Starting segment from index:0
2024-02-10 23:48:24,048 [64168508-e903-4327-b7bc-0572c2109e1a@group-AC5D874349E8-LeaderElection60] INFO  server.RaftServer$Division (ServerState.java:setRaftConf(386)) - 64168508-e903-4327-b7bc-0572c2109e1a@group-AC5D874349E8: set configuration 0: peers:[64168508-e903-4327-b7bc-0572c2109e1a|10.1.0.12:15335]|listeners:[], old=null
2024-02-10 23:48:24,049 [64168508-e903-4327-b7bc-0572c2109e1a@group-AC5D874349E8-SegmentedRaftLogWorker] INFO  segmented.BufferedWriteChannel (BufferedWriteChannel.java:open(62)) - open log_inprogress_0 at position 0
2024-02-10 23:48:24,055 [64168508-e903-4327-b7bc-0572c2109e1a@group-AC5D874349E8-SegmentedRaftLogWorker] INFO  segmented.SegmentedRaftLogWorker (SegmentedRaftLogWorker.java:execute(634)) - 64168508-e903-4327-b7bc-0572c2109e1a@group-AC5D874349E8-SegmentedRaftLogWorker: created new log segment /home/runner/work/ozone/ozone/hadoop-ozone/integration-test/target/test-dir/MiniOzoneClusterImpl-da04a438-6ec0-4fc9-9b2e-e93c90459920/datanode-6/data/ratis/6806e11f-15cb-4c0a-9275-ac5d874349e8/current/log_inprogress_0
2024-02-10 23:48:24,057 [64168508-e903-4327-b7bc-0572c2109e1a@group-AC5D874349E8-StateMachineUpdater] INFO  server.RaftServer$Division (LeaderStateImpl.java:isApplied(320)) - leader is ready since appliedIndex == 0 >= startIndex == 0
2024-02-10 23:48:24,112 [64168508-e903-4327-b7bc-0572c2109e1a@group-50E16CFB81C8-FollowerState] INFO  impl.FollowerState (FollowerState.java:run(143)) - 64168508-e903-4327-b7bc-0572c2109e1a@group-50E16CFB81C8-FollowerState: change to CANDIDATE, lastRpcElapsedTime:5057539025ns, electionTimeout:5057ms
2024-02-10 23:48:24,112 [64168508-e903-4327-b7bc-0572c2109e1a@group-50E16CFB81C8-FollowerState] INFO  impl.RoleInfo (RoleInfo.java:shutdownFollowerState(110)) - 64168508-e903-4327-b7bc-0572c2109e1a: shutdown 64168508-e903-4327-b7bc-0572c2109e1a@group-50E16CFB81C8-FollowerState
2024-02-10 23:48:24,113 [64168508-e903-4327-b7bc-0572c2109e1a@group-50E16CFB81C8-FollowerState] INFO  server.RaftServer$Division (RaftServerImpl.java:setRole(383)) - 64168508-e903-4327-b7bc-0572c2109e1a@group-50E16CFB81C8: changes role from  FOLLOWER to CANDIDATE at term 0 for changeToCandidate
2024-02-10 23:48:24,113 [64168508-e903-4327-b7bc-0572c2109e1a@group-50E16CFB81C8-FollowerState] INFO  server.RaftServerConfigKeys (ConfUtils.java:logGet(46)) - raft.server.leaderelection.pre-vote = true (default)
2024-02-10 23:48:24,113 [64168508-e903-4327-b7bc-0572c2109e1a@group-50E16CFB81C8-FollowerState] INFO  impl.RoleInfo (RoleInfo.java:updateAndGet(139)) - 64168508-e903-4327-b7bc-0572c2109e1a: start 64168508-e903-4327-b7bc-0572c2109e1a@group-50E16CFB81C8-LeaderElection61
2024-02-10 23:48:24,114 [64168508-e903-4327-b7bc-0572c2109e1a@group-50E16CFB81C8-LeaderElection61] INFO  impl.LeaderElection (LeaderElection.java:askForVotes(321)) - 64168508-e903-4327-b7bc-0572c2109e1a@group-50E16CFB81C8-LeaderElection61 PRE_VOTE round 0: submit vote requests at term 0 for -1: peers:[64168508-e903-4327-b7bc-0572c2109e1a|10.1.0.12:15335, e6303cd0-aa6e-4f0b-8227-f9fc00433fb7|10.1.0.12:15344, f4d36fa5-ed0e-4d34-ba3c-8c17cce67bcd|10.1.0.12:15353]|listeners:[], old=null
2024-02-10 23:48:24,114 [64168508-e903-4327-b7bc-0572c2109e1a@group-50E16CFB81C8-LeaderElection61-1] INFO  server.GrpcServerProtocolClient (GrpcServerProtocolClient.java:<init>(65)) - Build channel for e6303cd0-aa6e-4f0b-8227-f9fc00433fb7|10.1.0.12:15344
2024-02-10 23:48:24,114 [64168508-e903-4327-b7bc-0572c2109e1a@group-50E16CFB81C8-LeaderElection61-2] INFO  server.GrpcServerProtocolClient (GrpcServerProtocolClient.java:<init>(65)) - Build channel for f4d36fa5-ed0e-4d34-ba3c-8c17cce67bcd|10.1.0.12:15353
2024-02-10 23:48:24,114 [64168508-e903-4327-b7bc-0572c2109e1a@group-50E16CFB81C8-LeaderElection61] INFO  server.RaftServerConfigKeys (ConfUtils.java:logFallback(53)) - raft.server.rpc.first-election.timeout.min = 5s (fallback to raft.server.rpc.timeout.min)
2024-02-10 23:48:24,115 [64168508-e903-4327-b7bc-0572c2109e1a@group-50E16CFB81C8-LeaderElection61] INFO  server.RaftServerConfigKeys (ConfUtils.java:logFallback(53)) - raft.server.rpc.first-election.timeout.max = 5200ms (fallback to raft.server.rpc.timeout.max)
2024-02-10 23:48:24,120 [grpc-default-executor-4] INFO  server.RaftServer$Division (RaftServerImpl.java:requestVote(1389)) - f4d36fa5-ed0e-4d34-ba3c-8c17cce67bcd@group-50E16CFB81C8: receive requestVote(PRE_VOTE, 64168508-e903-4327-b7bc-0572c2109e1a, group-50E16CFB81C8, 0, (t:0, i:0))
2024-02-10 23:48:24,120 [grpc-default-executor-4] INFO  impl.VoteContext (VoteContext.java:log(49)) - f4d36fa5-ed0e-4d34-ba3c-8c17cce67bcd@group-50E16CFB81C8-FOLLOWER: accept PRE_VOTE from 64168508-e903-4327-b7bc-0572c2109e1a: our priority 0 <= candidate's priority 0
2024-02-10 23:48:24,120 [grpc-default-executor-4] INFO  server.RaftServer$Division (RaftServerImpl.java:requestVote(1422)) - f4d36fa5-ed0e-4d34-ba3c-8c17cce67bcd@group-50E16CFB81C8 replies to PRE_VOTE vote request: 64168508-e903-4327-b7bc-0572c2109e1a<-f4d36fa5-ed0e-4d34-ba3c-8c17cce67bcd#0:OK-t0. Peer's state: f4d36fa5-ed0e-4d34-ba3c-8c17cce67bcd@group-50E16CFB81C8:t0, leader=null, voted=, raftlog=Memoized:f4d36fa5-ed0e-4d34-ba3c-8c17cce67bcd@group-50E16CFB81C8-SegmentedRaftLog:OPENED:c-1, conf=-1: peers:[64168508-e903-4327-b7bc-0572c2109e1a|10.1.0.12:15335, e6303cd0-aa6e-4f0b-8227-f9fc00433fb7|10.1.0.12:15344, f4d36fa5-ed0e-4d34-ba3c-8c17cce67bcd|10.1.0.12:15353]|listeners:[], old=null
2024-02-10 23:48:24,120 [grpc-default-executor-2] INFO  server.RaftServer$Division (RaftServerImpl.java:requestVote(1389)) - e6303cd0-aa6e-4f0b-8227-f9fc00433fb7@group-50E16CFB81C8: receive requestVote(PRE_VOTE, 64168508-e903-4327-b7bc-0572c2109e1a, group-50E16CFB81C8, 0, (t:0, i:0))
2024-02-10 23:48:24,120 [grpc-default-executor-2] INFO  impl.VoteContext (VoteContext.java:log(49)) - e6303cd0-aa6e-4f0b-8227-f9fc00433fb7@group-50E16CFB81C8-FOLLOWER: reject PRE_VOTE from 64168508-e903-4327-b7bc-0572c2109e1a: our priority 1 > candidate's priority 0
2024-02-10 23:48:24,121 [grpc-default-executor-2] INFO  server.RaftServer$Division (RaftServerImpl.java:requestVote(1422)) - e6303cd0-aa6e-4f0b-8227-f9fc00433fb7@group-50E16CFB81C8 replies to PRE_VOTE vote request: 64168508-e903-4327-b7bc-0572c2109e1a<-e6303cd0-aa6e-4f0b-8227-f9fc00433fb7#0:FAIL-t0. Peer's state: e6303cd0-aa6e-4f0b-8227-f9fc00433fb7@group-50E16CFB81C8:t0, leader=null, voted=, raftlog=Memoized:e6303cd0-aa6e-4f0b-8227-f9fc00433fb7@group-50E16CFB81C8-SegmentedRaftLog:OPENED:c-1, conf=-1: peers:[64168508-e903-4327-b7bc-0572c2109e1a|10.1.0.12:15335, e6303cd0-aa6e-4f0b-8227-f9fc00433fb7|10.1.0.12:15344, f4d36fa5-ed0e-4d34-ba3c-8c17cce67bcd|10.1.0.12:15353]|listeners:[], old=null
2024-02-10 23:48:24,123 [64168508-e903-4327-b7bc-0572c2109e1a@group-50E16CFB81C8-LeaderElection61] INFO  impl.LeaderElection (LeaderElection.java:logAndReturn(89)) - 64168508-e903-4327-b7bc-0572c2109e1a@group-50E16CFB81C8-LeaderElection61: PRE_VOTE REJECTED received 2 response(s) and 0 exception(s):
2024-02-10 23:48:24,123 [64168508-e903-4327-b7bc-0572c2109e1a@group-50E16CFB81C8-LeaderElection61] INFO  impl.LeaderElection (LeaderElection.java:logAndReturn(93)) -   Response 0: 64168508-e903-4327-b7bc-0572c2109e1a<-e6303cd0-aa6e-4f0b-8227-f9fc00433fb7#0:FAIL-t0
2024-02-10 23:48:24,123 [64168508-e903-4327-b7bc-0572c2109e1a@group-50E16CFB81C8-LeaderElection61] INFO  impl.LeaderElection (LeaderElection.java:logAndReturn(93)) -   Response 1: 64168508-e903-4327-b7bc-0572c2109e1a<-f4d36fa5-ed0e-4d34-ba3c-8c17cce67bcd#0:OK-t0
2024-02-10 23:48:24,123 [64168508-e903-4327-b7bc-0572c2109e1a@group-50E16CFB81C8-LeaderElection61] INFO  impl.LeaderElection (LeaderElection.java:askForVotes(323)) - 64168508-e903-4327-b7bc-0572c2109e1a@group-50E16CFB81C8-LeaderElection61 PRE_VOTE round 0: result REJECTED
2024-02-10 23:48:24,123 [64168508-e903-4327-b7bc-0572c2109e1a@group-50E16CFB81C8-LeaderElection61] INFO  server.RaftServer$Division (RaftServerImpl.java:setRole(383)) - 64168508-e903-4327-b7bc-0572c2109e1a@group-50E16CFB81C8: changes role from CANDIDATE to FOLLOWER at term 0 for REJECTED
2024-02-10 23:48:24,123 [64168508-e903-4327-b7bc-0572c2109e1a@group-50E16CFB81C8-LeaderElection61] INFO  impl.RoleInfo (RoleInfo.java:shutdownLeaderElection(130)) - 64168508-e903-4327-b7bc-0572c2109e1a: shutdown 64168508-e903-4327-b7bc-0572c2109e1a@group-50E16CFB81C8-LeaderElection61
2024-02-10 23:48:24,123 [64168508-e903-4327-b7bc-0572c2109e1a@group-50E16CFB81C8-LeaderElection61] INFO  impl.RoleInfo (RoleInfo.java:updateAndGet(139)) - 64168508-e903-4327-b7bc-0572c2109e1a: start 64168508-e903-4327-b7bc-0572c2109e1a@group-50E16CFB81C8-FollowerState
2024-02-10 23:48:24,123 [64168508-e903-4327-b7bc-0572c2109e1a@group-50E16CFB81C8-LeaderElection61] INFO  server.RaftServer$Division (RaftServerImpl.java:setFirstElection(574)) - 64168508-e903-4327-b7bc-0572c2109e1a@group-50E16CFB81C8: set firstElectionSinceStartup to false for REJECTED
2024-02-10 23:48:24,165 [e6303cd0-aa6e-4f0b-8227-f9fc00433fb7@group-50E16CFB81C8-FollowerState] INFO  impl.FollowerState (FollowerState.java:run(143)) - e6303cd0-aa6e-4f0b-8227-f9fc00433fb7@group-50E16CFB81C8-FollowerState: change to CANDIDATE, lastRpcElapsedTime:5092099881ns, electionTimeout:5091ms
2024-02-10 23:48:24,165 [e6303cd0-aa6e-4f0b-8227-f9fc00433fb7@group-50E16CFB81C8-FollowerState] INFO  impl.RoleInfo (RoleInfo.java:shutdownFollowerState(110)) - e6303cd0-aa6e-4f0b-8227-f9fc00433fb7: shutdown e6303cd0-aa6e-4f0b-8227-f9fc00433fb7@group-50E16CFB81C8-FollowerState
2024-02-10 23:48:24,165 [e6303cd0-aa6e-4f0b-8227-f9fc00433fb7@group-50E16CFB81C8-FollowerState] INFO  server.RaftServer$Division (RaftServerImpl.java:setRole(383)) - e6303cd0-aa6e-4f0b-8227-f9fc00433fb7@group-50E16CFB81C8: changes role from  FOLLOWER to CANDIDATE at term 0 for changeToCandidate
2024-02-10 23:48:24,165 [e6303cd0-aa6e-4f0b-8227-f9fc00433fb7@group-50E16CFB81C8-FollowerState] INFO  server.RaftServerConfigKeys (ConfUtils.java:logGet(46)) - raft.server.leaderelection.pre-vote = true (default)
2024-02-10 23:48:24,165 [e6303cd0-aa6e-4f0b-8227-f9fc00433fb7@group-50E16CFB81C8-FollowerState] INFO  impl.RoleInfo (RoleInfo.java:updateAndGet(139)) - e6303cd0-aa6e-4f0b-8227-f9fc00433fb7: start e6303cd0-aa6e-4f0b-8227-f9fc00433fb7@group-50E16CFB81C8-LeaderElection62
2024-02-10 23:48:24,166 [e6303cd0-aa6e-4f0b-8227-f9fc00433fb7@group-50E16CFB81C8-LeaderElection62] INFO  impl.LeaderElection (LeaderElection.java:askForVotes(321)) - e6303cd0-aa6e-4f0b-8227-f9fc00433fb7@group-50E16CFB81C8-LeaderElection62 PRE_VOTE round 0: submit vote requests at term 0 for -1: peers:[64168508-e903-4327-b7bc-0572c2109e1a|10.1.0.12:15335, e6303cd0-aa6e-4f0b-8227-f9fc00433fb7|10.1.0.12:15344, f4d36fa5-ed0e-4d34-ba3c-8c17cce67bcd|10.1.0.12:15353]|listeners:[], old=null
2024-02-10 23:48:24,166 [e6303cd0-aa6e-4f0b-8227-f9fc00433fb7@group-50E16CFB81C8-LeaderElection62-1] INFO  server.GrpcServerProtocolClient (GrpcServerProtocolClient.java:<init>(65)) - Build channel for 64168508-e903-4327-b7bc-0572c2109e1a|10.1.0.12:15335
2024-02-10 23:48:24,166 [e6303cd0-aa6e-4f0b-8227-f9fc00433fb7@group-50E16CFB81C8-LeaderElection62-2] INFO  server.GrpcServerProtocolClient (GrpcServerProtocolClient.java:<init>(65)) - Build channel for f4d36fa5-ed0e-4d34-ba3c-8c17cce67bcd|10.1.0.12:15353
2024-02-10 23:48:24,166 [e6303cd0-aa6e-4f0b-8227-f9fc00433fb7@group-50E16CFB81C8-LeaderElection62] INFO  server.RaftServerConfigKeys (ConfUtils.java:logFallback(53)) - raft.server.rpc.first-election.timeout.min = 5s (fallback to raft.server.rpc.timeout.min)
2024-02-10 23:48:24,167 [e6303cd0-aa6e-4f0b-8227-f9fc00433fb7@group-50E16CFB81C8-LeaderElection62] INFO  server.RaftServerConfigKeys (ConfUtils.java:logFallback(53)) - raft.server.rpc.first-election.timeout.max = 5200ms (fallback to raft.server.rpc.timeout.max)
2024-02-10 23:48:24,200 [e6303cd0-aa6e-4f0b-8227-f9fc00433fb7@group-CD69DA698925-FollowerState] INFO  impl.FollowerState (FollowerState.java:run(143)) - e6303cd0-aa6e-4f0b-8227-f9fc00433fb7@group-CD69DA698925-FollowerState: change to CANDIDATE, lastRpcElapsedTime:5073278674ns, electionTimeout:5068ms
2024-02-10 23:48:24,200 [e6303cd0-aa6e-4f0b-8227-f9fc00433fb7@group-CD69DA698925-FollowerState] INFO  impl.RoleInfo (RoleInfo.java:shutdownFollowerState(110)) - e6303cd0-aa6e-4f0b-8227-f9fc00433fb7: shutdown e6303cd0-aa6e-4f0b-8227-f9fc00433fb7@group-CD69DA698925-FollowerState
2024-02-10 23:48:24,200 [e6303cd0-aa6e-4f0b-8227-f9fc00433fb7@group-CD69DA698925-FollowerState] INFO  server.RaftServer$Division (RaftServerImpl.java:setRole(383)) - e6303cd0-aa6e-4f0b-8227-f9fc00433fb7@group-CD69DA698925: changes role from  FOLLOWER to CANDIDATE at term 0 for changeToCandidate
2024-02-10 23:48:24,200 [e6303cd0-aa6e-4f0b-8227-f9fc00433fb7@group-CD69DA698925-FollowerState] INFO  server.RaftServerConfigKeys (ConfUtils.java:logGet(46)) - raft.server.leaderelection.pre-vote = true (default)
2024-02-10 23:48:24,200 [e6303cd0-aa6e-4f0b-8227-f9fc00433fb7@group-CD69DA698925-FollowerState] INFO  impl.RoleInfo (RoleInfo.java:updateAndGet(139)) - e6303cd0-aa6e-4f0b-8227-f9fc00433fb7: start e6303cd0-aa6e-4f0b-8227-f9fc00433fb7@group-CD69DA698925-LeaderElection63
2024-02-10 23:48:24,203 [e6303cd0-aa6e-4f0b-8227-f9fc00433fb7@group-CD69DA698925-LeaderElection63] INFO  impl.LeaderElection (LeaderElection.java:askForVotes(321)) - e6303cd0-aa6e-4f0b-8227-f9fc00433fb7@group-CD69DA698925-LeaderElection63 PRE_VOTE round 0: submit vote requests at term 0 for -1: peers:[e6303cd0-aa6e-4f0b-8227-f9fc00433fb7|10.1.0.12:15344]|listeners:[], old=null
2024-02-10 23:48:24,203 [e6303cd0-aa6e-4f0b-8227-f9fc00433fb7@group-CD69DA698925-LeaderElection63] INFO  impl.LeaderElection (LeaderElection.java:askForVotes(323)) - e6303cd0-aa6e-4f0b-8227-f9fc00433fb7@group-CD69DA698925-LeaderElection63 PRE_VOTE round 0: result PASSED (term=0)
2024-02-10 23:48:24,208 [grpc-default-executor-4] INFO  server.RaftServer$Division (RaftServerImpl.java:requestVote(1389)) - 64168508-e903-4327-b7bc-0572c2109e1a@group-50E16CFB81C8: receive requestVote(PRE_VOTE, e6303cd0-aa6e-4f0b-8227-f9fc00433fb7, group-50E16CFB81C8, 0, (t:0, i:0))
2024-02-10 23:48:24,208 [grpc-default-executor-4] INFO  impl.VoteContext (VoteContext.java:log(49)) - 64168508-e903-4327-b7bc-0572c2109e1a@group-50E16CFB81C8-FOLLOWER: accept PRE_VOTE from e6303cd0-aa6e-4f0b-8227-f9fc00433fb7: our priority 0 <= candidate's priority 1
2024-02-10 23:48:24,208 [grpc-default-executor-4] INFO  server.RaftServer$Division (RaftServerImpl.java:requestVote(1422)) - 64168508-e903-4327-b7bc-0572c2109e1a@group-50E16CFB81C8 replies to PRE_VOTE vote request: e6303cd0-aa6e-4f0b-8227-f9fc00433fb7<-64168508-e903-4327-b7bc-0572c2109e1a#0:OK-t0. Peer's state: 64168508-e903-4327-b7bc-0572c2109e1a@group-50E16CFB81C8:t0, leader=null, voted=, raftlog=Memoized:64168508-e903-4327-b7bc-0572c2109e1a@group-50E16CFB81C8-SegmentedRaftLog:OPENED:c-1, conf=-1: peers:[64168508-e903-4327-b7bc-0572c2109e1a|10.1.0.12:15335, e6303cd0-aa6e-4f0b-8227-f9fc00433fb7|10.1.0.12:15344, f4d36fa5-ed0e-4d34-ba3c-8c17cce67bcd|10.1.0.12:15353]|listeners:[], old=null
2024-02-10 23:48:24,210 [e6303cd0-aa6e-4f0b-8227-f9fc00433fb7@group-CD69DA698925-LeaderElection63] INFO  impl.LeaderElection (LeaderElection.java:askForVotes(321)) - e6303cd0-aa6e-4f0b-8227-f9fc00433fb7@group-CD69DA698925-LeaderElection63 ELECTION round 0: submit vote requests at term 1 for -1: peers:[e6303cd0-aa6e-4f0b-8227-f9fc00433fb7|10.1.0.12:15344]|listeners:[], old=null
2024-02-10 23:48:24,212 [e6303cd0-aa6e-4f0b-8227-f9fc00433fb7@group-CD69DA698925-LeaderElection63] INFO  impl.LeaderElection (LeaderElection.java:askForVotes(323)) - e6303cd0-aa6e-4f0b-8227-f9fc00433fb7@group-CD69DA698925-LeaderElection63 ELECTION round 0: result PASSED (term=1)
2024-02-10 23:48:24,212 [e6303cd0-aa6e-4f0b-8227-f9fc00433fb7@group-CD69DA698925-LeaderElection63] INFO  impl.RoleInfo (RoleInfo.java:shutdownLeaderElection(130)) - e6303cd0-aa6e-4f0b-8227-f9fc00433fb7: shutdown e6303cd0-aa6e-4f0b-8227-f9fc00433fb7@group-CD69DA698925-LeaderElection63
2024-02-10 23:48:24,212 [e6303cd0-aa6e-4f0b-8227-f9fc00433fb7@group-CD69DA698925-LeaderElection63] INFO  server.RaftServer$Division (RaftServerImpl.java:setRole(383)) - e6303cd0-aa6e-4f0b-8227-f9fc00433fb7@group-CD69DA698925: changes role from CANDIDATE to LEADER at term 1 for changeToLeader
2024-02-10 23:48:24,212 [e6303cd0-aa6e-4f0b-8227-f9fc00433fb7@group-CD69DA698925-LeaderElection63] INFO  server.RaftServerConfigKeys (ConfUtils.java:logGet(46)) - raft.server.staging.catchup.gap = 1000 (default)
2024-02-10 23:48:24,212 [e6303cd0-aa6e-4f0b-8227-f9fc00433fb7@group-CD69DA698925-LeaderElection63] INFO  server.RaftServerConfigKeys (ConfUtils.java:logGet(46)) - raft.server.write.element-limit = 1024 (custom)
2024-02-10 23:48:24,213 [e6303cd0-aa6e-4f0b-8227-f9fc00433fb7@group-CD69DA698925-LeaderElection63] INFO  server.RaftServerConfigKeys (ConfUtils.java:logGet(46)) - raft.server.write.byte-limit = 1024 M (=1073741824) (custom)
2024-02-10 23:48:24,213 [main] INFO  ozone.MiniOzoneClusterImpl (MiniOzoneClusterImpl.java:lambda$waitForClusterToBeReady$0(221)) - Nodes are ready. Got 9 of 9 DN Heartbeats.
2024-02-10 23:48:24,213 [main] INFO  ozone.MiniOzoneClusterImpl (MiniOzoneClusterImpl.java:lambda$waitForClusterToBeReady$0(224)) - Cluster exits safe mode
2024-02-10 23:48:24,213 [main] INFO  ozone.MiniOzoneClusterImpl (MiniOzoneClusterImpl.java:lambda$waitForClusterToBeReady$0(226)) - SCM became leader
2024-02-10 23:48:24,214 [main] INFO  protocolPB.OmTransportFactory (OmTransportFactory.java:createFactory(62)) - Loading OM transport implementation org.apache.hadoop.ozone.om.protocolPB.Hadoop3OmTransportFactory as specified by configuration.
2024-02-10 23:48:24,216 [e6303cd0-aa6e-4f0b-8227-f9fc00433fb7@group-50E16CFB81C8-LeaderElection62] INFO  impl.LeaderElection (LeaderElection.java:logAndReturn(89)) - e6303cd0-aa6e-4f0b-8227-f9fc00433fb7@group-50E16CFB81C8-LeaderElection62: PRE_VOTE PASSED received 1 response(s) and 0 exception(s):
2024-02-10 23:48:24,216 [e6303cd0-aa6e-4f0b-8227-f9fc00433fb7@group-50E16CFB81C8-LeaderElection62] INFO  impl.LeaderElection (LeaderElection.java:logAndReturn(93)) -   Response 0: e6303cd0-aa6e-4f0b-8227-f9fc00433fb7<-64168508-e903-4327-b7bc-0572c2109e1a#0:OK-t0
2024-02-10 23:48:24,216 [e6303cd0-aa6e-4f0b-8227-f9fc00433fb7@group-50E16CFB81C8-LeaderElection62] INFO  impl.LeaderElection (LeaderElection.java:askForVotes(323)) - e6303cd0-aa6e-4f0b-8227-f9fc00433fb7@group-50E16CFB81C8-LeaderElection62 PRE_VOTE round 0: result PASSED
2024-02-10 23:48:24,216 [grpc-default-executor-4] INFO  server.RaftServer$Division (RaftServerImpl.java:requestVote(1389)) - f4d36fa5-ed0e-4d34-ba3c-8c17cce67bcd@group-50E16CFB81C8: receive requestVote(PRE_VOTE, e6303cd0-aa6e-4f0b-8227-f9fc00433fb7, group-50E16CFB81C8, 0, (t:0, i:0))
2024-02-10 23:48:24,217 [grpc-default-executor-4] INFO  impl.VoteContext (VoteContext.java:log(49)) - f4d36fa5-ed0e-4d34-ba3c-8c17cce67bcd@group-50E16CFB81C8-FOLLOWER: accept PRE_VOTE from e6303cd0-aa6e-4f0b-8227-f9fc00433fb7: our priority 0 <= candidate's priority 1
2024-02-10 23:48:24,217 [grpc-default-executor-4] INFO  server.RaftServer$Division (RaftServerImpl.java:requestVote(1422)) - f4d36fa5-ed0e-4d34-ba3c-8c17cce67bcd@group-50E16CFB81C8 replies to PRE_VOTE vote request: e6303cd0-aa6e-4f0b-8227-f9fc00433fb7<-f4d36fa5-ed0e-4d34-ba3c-8c17cce67bcd#0:OK-t0. Peer's state: f4d36fa5-ed0e-4d34-ba3c-8c17cce67bcd@group-50E16CFB81C8:t0, leader=null, voted=, raftlog=Memoized:f4d36fa5-ed0e-4d34-ba3c-8c17cce67bcd@group-50E16CFB81C8-SegmentedRaftLog:OPENED:c-1, conf=-1: peers:[64168508-e903-4327-b7bc-0572c2109e1a|10.1.0.12:15335, e6303cd0-aa6e-4f0b-8227-f9fc00433fb7|10.1.0.12:15344, f4d36fa5-ed0e-4d34-ba3c-8c17cce67bcd|10.1.0.12:15353]|listeners:[], old=null
2024-02-10 23:48:24,217 [e6303cd0-aa6e-4f0b-8227-f9fc00433fb7@group-50E16CFB81C8-LeaderElection62] INFO  impl.LeaderElection (LeaderElection.java:askForVotes(321)) - e6303cd0-aa6e-4f0b-8227-f9fc00433fb7@group-50E16CFB81C8-LeaderElection62 ELECTION round 0: submit vote requests at term 1 for -1: peers:[64168508-e903-4327-b7bc-0572c2109e1a|10.1.0.12:15335, e6303cd0-aa6e-4f0b-8227-f9fc00433fb7|10.1.0.12:15344, f4d36fa5-ed0e-4d34-ba3c-8c17cce67bcd|10.1.0.12:15353]|listeners:[], old=null
2024-02-10 23:48:24,217 [e6303cd0-aa6e-4f0b-8227-f9fc00433fb7@group-50E16CFB81C8-LeaderElection62] INFO  server.RaftServerConfigKeys (ConfUtils.java:logFallback(53)) - raft.server.rpc.first-election.timeout.min = 5s (fallback to raft.server.rpc.timeout.min)
2024-02-10 23:48:24,217 [e6303cd0-aa6e-4f0b-8227-f9fc00433fb7@group-50E16CFB81C8-LeaderElection62] INFO  server.RaftServerConfigKeys (ConfUtils.java:logFallback(53)) - raft.server.rpc.first-election.timeout.max = 5200ms (fallback to raft.server.rpc.timeout.max)
2024-02-10 23:48:24,218 [e6303cd0-aa6e-4f0b-8227-f9fc00433fb7@group-CD69DA698925-LeaderElection63] INFO  server.RaftServerConfigKeys (ConfUtils.java:logGet(46)) - raft.server.watch.timeout = 3000ms (custom)
2024-02-10 23:48:24,218 [e6303cd0-aa6e-4f0b-8227-f9fc00433fb7@group-CD69DA698925-LeaderElection63] INFO  server.RaftServerConfigKeys (ConfUtils.java:logGet(46)) - raft.server.watch.timeout.denomination = 1s (default)
2024-02-10 23:48:24,218 [e6303cd0-aa6e-4f0b-8227-f9fc00433fb7@group-CD69DA698925-LeaderElection63] INFO  server.RaftServerConfigKeys (ConfUtils.java:logGet(46)) - raft.server.watch.element-limit = 65536 (default)
2024-02-10 23:48:24,218 [e6303cd0-aa6e-4f0b-8227-f9fc00433fb7@group-CD69DA698925-LeaderElection63] INFO  server.RaftServerConfigKeys (ConfUtils.java:logGet(46)) - raft.server.read.leader.lease.enabled = false (default)
2024-02-10 23:48:24,218 [e6303cd0-aa6e-4f0b-8227-f9fc00433fb7@group-CD69DA698925-LeaderElection63] INFO  server.RaftServerConfigKeys (ConfUtils.java:logGet(46)) - raft.server.read.leader.lease.timeout.ratio = 0.9 (default)
2024-02-10 23:48:24,220 [e6303cd0-aa6e-4f0b-8227-f9fc00433fb7@group-CD69DA698925-LeaderElection63] INFO  server.RaftServerConfigKeys (ConfUtils.java:logGet(46)) - raft.server.rpc.timeout.min = 5s (custom)
2024-02-10 23:48:24,220 [e6303cd0-aa6e-4f0b-8227-f9fc00433fb7@group-CD69DA698925-LeaderElection63] INFO  server.RaftServerConfigKeys (ConfUtils.java:logGet(46)) - raft.server.write.element-limit = 1024 (custom)
2024-02-10 23:48:24,220 [grpc-default-executor-4] INFO  server.RaftServer$Division (RaftServerImpl.java:requestVote(1389)) - 64168508-e903-4327-b7bc-0572c2109e1a@group-50E16CFB81C8: receive requestVote(ELECTION, e6303cd0-aa6e-4f0b-8227-f9fc00433fb7, group-50E16CFB81C8, 1, (t:0, i:0))
2024-02-10 23:48:24,220 [grpc-default-executor-4] INFO  impl.VoteContext (VoteContext.java:log(49)) - 64168508-e903-4327-b7bc-0572c2109e1a@group-50E16CFB81C8-FOLLOWER: accept ELECTION from e6303cd0-aa6e-4f0b-8227-f9fc00433fb7: our priority 0 <= candidate's priority 1
2024-02-10 23:48:24,221 [grpc-default-executor-4] INFO  server.RaftServer$Division (RaftServerImpl.java:setRole(383)) - 64168508-e903-4327-b7bc-0572c2109e1a@group-50E16CFB81C8: changes role from  FOLLOWER to FOLLOWER at term 1 for candidate:e6303cd0-aa6e-4f0b-8227-f9fc00433fb7
2024-02-10 23:48:24,221 [grpc-default-executor-4] INFO  impl.RoleInfo (RoleInfo.java:shutdownFollowerState(110)) - 64168508-e903-4327-b7bc-0572c2109e1a: shutdown 64168508-e903-4327-b7bc-0572c2109e1a@group-50E16CFB81C8-FollowerState
2024-02-10 23:48:24,221 [grpc-default-executor-4] INFO  impl.RoleInfo (RoleInfo.java:updateAndGet(139)) - 64168508-e903-4327-b7bc-0572c2109e1a: start 64168508-e903-4327-b7bc-0572c2109e1a@group-50E16CFB81C8-FollowerState
2024-02-10 23:48:24,220 [e6303cd0-aa6e-4f0b-8227-f9fc00433fb7@group-CD69DA698925-LeaderElection63] INFO  server.RaftServerConfigKeys (ConfUtils.java:logGet(46)) - raft.server.write.follower.gap.ratio.max = -1.0 (default)
2024-02-10 23:48:24,221 [64168508-e903-4327-b7bc-0572c2109e1a@group-50E16CFB81C8-FollowerState] INFO  impl.FollowerState (FollowerState.java:run(152)) - 64168508-e903-4327-b7bc-0572c2109e1a@group-50E16CFB81C8-FollowerState was interrupted
2024-02-10 23:48:24,221 [e6303cd0-aa6e-4f0b-8227-f9fc00433fb7@group-CD69DA698925-LeaderElection63] INFO  impl.RoleInfo (RoleInfo.java:updateAndGet(139)) - e6303cd0-aa6e-4f0b-8227-f9fc00433fb7: start e6303cd0-aa6e-4f0b-8227-f9fc00433fb7@group-CD69DA698925-LeaderStateImpl
2024-02-10 23:48:24,221 [grpc-default-executor-2] INFO  server.RaftServer$Division (RaftServerImpl.java:requestVote(1389)) - f4d36fa5-ed0e-4d34-ba3c-8c17cce67bcd@group-50E16CFB81C8: receive requestVote(ELECTION, e6303cd0-aa6e-4f0b-8227-f9fc00433fb7, group-50E16CFB81C8, 1, (t:0, i:0))
2024-02-10 23:48:24,221 [e6303cd0-aa6e-4f0b-8227-f9fc00433fb7@group-CD69DA698925-LeaderElection63] INFO  server.RaftServer$Division (RaftServerImpl.java:setFirstElection(574)) - e6303cd0-aa6e-4f0b-8227-f9fc00433fb7@group-CD69DA698925: set firstElectionSinceStartup to false for becomeLeader
2024-02-10 23:48:24,221 [e6303cd0-aa6e-4f0b-8227-f9fc00433fb7@group-CD69DA698925-LeaderElection63] INFO  ratis.XceiverServerRatis (XceiverServerRatis.java:handleLeaderChangedNotification(966)) - Leader change notification received for group: group-CD69DA698925 with new leaderId: e6303cd0-aa6e-4f0b-8227-f9fc00433fb7
2024-02-10 23:48:24,224 [e6303cd0-aa6e-4f0b-8227-f9fc00433fb7@group-CD69DA698925-LeaderElection63] INFO  server.RaftServer$Division (ServerState.java:setLeader(269)) - e6303cd0-aa6e-4f0b-8227-f9fc00433fb7@group-CD69DA698925: change Leader from null to e6303cd0-aa6e-4f0b-8227-f9fc00433fb7 at term 1 for becomeLeader, leader elected after 5104ms
2024-02-10 23:48:24,225 [e6303cd0-aa6e-4f0b-8227-f9fc00433fb7@group-CD69DA698925-LeaderElection63] INFO  segmented.SegmentedRaftLogWorker (SegmentedRaftLogWorker.java:startLogSegment(430)) - e6303cd0-aa6e-4f0b-8227-f9fc00433fb7@group-CD69DA698925-SegmentedRaftLogWorker: Starting segment from index:0
2024-02-10 23:48:24,224 [grpc-default-executor-2] INFO  impl.VoteContext (VoteContext.java:log(49)) - f4d36fa5-ed0e-4d34-ba3c-8c17cce67bcd@group-50E16CFB81C8-FOLLOWER: accept ELECTION from e6303cd0-aa6e-4f0b-8227-f9fc00433fb7: our priority 0 <= candidate's priority 1
2024-02-10 23:48:24,225 [grpc-default-executor-2] INFO  server.RaftServer$Division (RaftServerImpl.java:setRole(383)) - f4d36fa5-ed0e-4d34-ba3c-8c17cce67bcd@group-50E16CFB81C8: changes role from  FOLLOWER to FOLLOWER at term 1 for candidate:e6303cd0-aa6e-4f0b-8227-f9fc00433fb7
2024-02-10 23:48:24,225 [grpc-default-executor-2] INFO  impl.RoleInfo (RoleInfo.java:shutdownFollowerState(110)) - f4d36fa5-ed0e-4d34-ba3c-8c17cce67bcd: shutdown f4d36fa5-ed0e-4d34-ba3c-8c17cce67bcd@group-50E16CFB81C8-FollowerState
2024-02-10 23:48:24,225 [grpc-default-executor-2] INFO  impl.RoleInfo (RoleInfo.java:updateAndGet(139)) - f4d36fa5-ed0e-4d34-ba3c-8c17cce67bcd: start f4d36fa5-ed0e-4d34-ba3c-8c17cce67bcd@group-50E16CFB81C8-FollowerState
2024-02-10 23:48:24,225 [f4d36fa5-ed0e-4d34-ba3c-8c17cce67bcd@group-50E16CFB81C8-FollowerState] INFO  impl.FollowerState (FollowerState.java:run(152)) - f4d36fa5-ed0e-4d34-ba3c-8c17cce67bcd@group-50E16CFB81C8-FollowerState was interrupted
2024-02-10 23:48:24,225 [grpc-default-executor-2] INFO  server.RaftServer$Division (RaftServerImpl.java:setFirstElection(574)) - f4d36fa5-ed0e-4d34-ba3c-8c17cce67bcd@group-50E16CFB81C8: set firstElectionSinceStartup to false for candidate:e6303cd0-aa6e-4f0b-8227-f9fc00433fb7
2024-02-10 23:48:24,225 [main] INFO  rpc.RpcClient (RpcClient.java:createVolume(456)) - Creating Volume: watchforcommithandlingtest, with runner as owner and space quota set to -1 bytes, counts quota set to -1
2024-02-10 23:48:24,228 [e6303cd0-aa6e-4f0b-8227-f9fc00433fb7@group-CD69DA698925-LeaderElection63] INFO  server.RaftServer$Division (ServerState.java:setRaftConf(386)) - e6303cd0-aa6e-4f0b-8227-f9fc00433fb7@group-CD69DA698925: set configuration 0: peers:[e6303cd0-aa6e-4f0b-8227-f9fc00433fb7|10.1.0.12:15344]|listeners:[], old=null
2024-02-10 23:48:24,225 [e6303cd0-aa6e-4f0b-8227-f9fc00433fb7@group-CD69DA698925-SegmentedRaftLogWorker] INFO  segmented.BufferedWriteChannel (BufferedWriteChannel.java:open(62)) - open log_inprogress_0 at position 0
2024-02-10 23:48:24,230 [grpc-default-executor-4] INFO  server.RaftServer$Division (RaftServerImpl.java:requestVote(1422)) - 64168508-e903-4327-b7bc-0572c2109e1a@group-50E16CFB81C8 replies to ELECTION vote request: e6303cd0-aa6e-4f0b-8227-f9fc00433fb7<-64168508-e903-4327-b7bc-0572c2109e1a#0:OK-t1. Peer's state: 64168508-e903-4327-b7bc-0572c2109e1a@group-50E16CFB81C8:t1, leader=null, voted=e6303cd0-aa6e-4f0b-8227-f9fc00433fb7, raftlog=Memoized:64168508-e903-4327-b7bc-0572c2109e1a@group-50E16CFB81C8-SegmentedRaftLog:OPENED:c-1, conf=-1: peers:[64168508-e903-4327-b7bc-0572c2109e1a|10.1.0.12:15335, e6303cd0-aa6e-4f0b-8227-f9fc00433fb7|10.1.0.12:15344, f4d36fa5-ed0e-4d34-ba3c-8c17cce67bcd|10.1.0.12:15353]|listeners:[], old=null
2024-02-10 23:48:24,232 [grpc-default-executor-2] INFO  server.RaftServer$Division (RaftServerImpl.java:requestVote(1422)) - f4d36fa5-ed0e-4d34-ba3c-8c17cce67bcd@group-50E16CFB81C8 replies to ELECTION vote request: e6303cd0-aa6e-4f0b-8227-f9fc00433fb7<-f4d36fa5-ed0e-4d34-ba3c-8c17cce67bcd#0:OK-t1. Peer's state: f4d36fa5-ed0e-4d34-ba3c-8c17cce67bcd@group-50E16CFB81C8:t1, leader=null, voted=e6303cd0-aa6e-4f0b-8227-f9fc00433fb7, raftlog=Memoized:f4d36fa5-ed0e-4d34-ba3c-8c17cce67bcd@group-50E16CFB81C8-SegmentedRaftLog:OPENED:c-1, conf=-1: peers:[64168508-e903-4327-b7bc-0572c2109e1a|10.1.0.12:15335, e6303cd0-aa6e-4f0b-8227-f9fc00433fb7|10.1.0.12:15344, f4d36fa5-ed0e-4d34-ba3c-8c17cce67bcd|10.1.0.12:15353]|listeners:[], old=null
2024-02-10 23:48:24,234 [om1-OMStateMachineApplyTransactionThread - 0] INFO  volume.OMVolumeCreateRequest (OMVolumeCreateRequest.java:validateAndUpdateCache(198)) - created volume:watchforcommithandlingtest for user:runner
2024-02-10 23:48:24,237 [e6303cd0-aa6e-4f0b-8227-f9fc00433fb7@group-50E16CFB81C8-LeaderElection62] INFO  impl.LeaderElection (LeaderElection.java:logAndReturn(89)) - e6303cd0-aa6e-4f0b-8227-f9fc00433fb7@group-50E16CFB81C8-LeaderElection62: ELECTION PASSED received 1 response(s) and 0 exception(s):
2024-02-10 23:48:24,237 [e6303cd0-aa6e-4f0b-8227-f9fc00433fb7@group-50E16CFB81C8-LeaderElection62] INFO  impl.LeaderElection (LeaderElection.java:logAndReturn(93)) -   Response 0: e6303cd0-aa6e-4f0b-8227-f9fc00433fb7<-f4d36fa5-ed0e-4d34-ba3c-8c17cce67bcd#0:OK-t1
2024-02-10 23:48:24,237 [e6303cd0-aa6e-4f0b-8227-f9fc00433fb7@group-50E16CFB81C8-LeaderElection62] INFO  impl.LeaderElection (LeaderElection.java:askForVotes(323)) - e6303cd0-aa6e-4f0b-8227-f9fc00433fb7@group-50E16CFB81C8-LeaderElection62 ELECTION round 0: result PASSED
2024-02-10 23:48:24,237 [e6303cd0-aa6e-4f0b-8227-f9fc00433fb7@group-50E16CFB81C8-LeaderElection62] INFO  impl.RoleInfo (RoleInfo.java:shutdownLeaderElection(130)) - e6303cd0-aa6e-4f0b-8227-f9fc00433fb7: shutdown e6303cd0-aa6e-4f0b-8227-f9fc00433fb7@group-50E16CFB81C8-LeaderElection62
2024-02-10 23:48:24,237 [e6303cd0-aa6e-4f0b-8227-f9fc00433fb7@group-50E16CFB81C8-LeaderElection62] INFO  server.RaftServer$Division (RaftServerImpl.java:setRole(383)) - e6303cd0-aa6e-4f0b-8227-f9fc00433fb7@group-50E16CFB81C8: changes role from CANDIDATE to LEADER at term 1 for changeToLeader
2024-02-10 23:48:24,237 [e6303cd0-aa6e-4f0b-8227-f9fc00433fb7@group-50E16CFB81C8-LeaderElection62] INFO  server.RaftServerConfigKeys (ConfUtils.java:logGet(46)) - raft.server.staging.catchup.gap = 1000 (default)
2024-02-10 23:48:24,237 [e6303cd0-aa6e-4f0b-8227-f9fc00433fb7@group-50E16CFB81C8-LeaderElection62] INFO  server.RaftServerConfigKeys (ConfUtils.java:logGet(46)) - raft.server.write.element-limit = 1024 (custom)
2024-02-10 23:48:24,238 [e6303cd0-aa6e-4f0b-8227-f9fc00433fb7@group-50E16CFB81C8-LeaderElection62] INFO  server.RaftServerConfigKeys (ConfUtils.java:logGet(46)) - raft.server.write.byte-limit = 1024 M (=1073741824) (custom)
2024-02-10 23:48:24,239 [e6303cd0-aa6e-4f0b-8227-f9fc00433fb7@group-CD69DA698925-SegmentedRaftLogWorker] INFO  segmented.SegmentedRaftLogWorker (SegmentedRaftLogWorker.java:execute(634)) - e6303cd0-aa6e-4f0b-8227-f9fc00433fb7@group-CD69DA698925-SegmentedRaftLogWorker: created new log segment /home/runner/work/ozone/ozone/hadoop-ozone/integration-test/target/test-dir/MiniOzoneClusterImpl-da04a438-6ec0-4fc9-9b2e-e93c90459920/datanode-7/data/ratis/164a1b73-9984-445d-a676-cd69da698925/current/log_inprogress_0
2024-02-10 23:48:24,239 [e6303cd0-aa6e-4f0b-8227-f9fc00433fb7@group-50E16CFB81C8-LeaderElection62] INFO  server.RaftServerConfigKeys (ConfUtils.java:logGet(46)) - raft.server.watch.timeout = 3000ms (custom)
2024-02-10 23:48:24,239 [e6303cd0-aa6e-4f0b-8227-f9fc00433fb7@group-50E16CFB81C8-LeaderElection62] INFO  server.RaftServerConfigKeys (ConfUtils.java:logGet(46)) - raft.server.watch.timeout.denomination = 1s (default)
2024-02-10 23:48:24,239 [e6303cd0-aa6e-4f0b-8227-f9fc00433fb7@group-50E16CFB81C8-LeaderElection62] INFO  server.RaftServerConfigKeys (ConfUtils.java:logGet(46)) - raft.server.watch.element-limit = 65536 (default)
2024-02-10 23:48:24,239 [main] INFO  rpc.RpcClient (RpcClient.java:createBucket(683)) - Creating Bucket: watchforcommithandlingtest/watchforcommithandlingtest, with server-side default bucket layout, runner as owner, Versioning false, Storage Type set to DISK and Encryption set to false, Replication Type set to server-side default replication type, Namespace Quota set to -1, Space Quota set to -1 
2024-02-10 23:48:24,239 [e6303cd0-aa6e-4f0b-8227-f9fc00433fb7@group-50E16CFB81C8-LeaderElection62] INFO  server.RaftServerConfigKeys (ConfUtils.java:logGet(46)) - raft.server.read.leader.lease.enabled = false (default)
2024-02-10 23:48:24,239 [e6303cd0-aa6e-4f0b-8227-f9fc00433fb7@group-50E16CFB81C8-LeaderElection62] INFO  server.RaftServerConfigKeys (ConfUtils.java:logGet(46)) - raft.server.read.leader.lease.timeout.ratio = 0.9 (default)
2024-02-10 23:48:24,239 [e6303cd0-aa6e-4f0b-8227-f9fc00433fb7@group-50E16CFB81C8-LeaderElection62] INFO  server.RaftServerConfigKeys (ConfUtils.java:logGet(46)) - raft.server.rpc.timeout.min = 5s (custom)
2024-02-10 23:48:24,239 [e6303cd0-aa6e-4f0b-8227-f9fc00433fb7@group-50E16CFB81C8-LeaderElection62] INFO  server.RaftServerConfigKeys (ConfUtils.java:logGet(46)) - raft.server.write.element-limit = 1024 (custom)
2024-02-10 23:48:24,240 [e6303cd0-aa6e-4f0b-8227-f9fc00433fb7@group-50E16CFB81C8-LeaderElection62] INFO  server.RaftServerConfigKeys (ConfUtils.java:logGet(46)) - raft.server.write.follower.gap.ratio.max = -1.0 (default)
2024-02-10 23:48:24,240 [e6303cd0-aa6e-4f0b-8227-f9fc00433fb7@group-50E16CFB81C8-LeaderElection62] INFO  server.RaftServerConfigKeys (ConfUtils.java:logGet(46)) - raft.server.log.appender.snapshot.chunk.size.max = 16MB (=16777216) (default)
2024-02-10 23:48:24,240 [e6303cd0-aa6e-4f0b-8227-f9fc00433fb7@group-50E16CFB81C8-LeaderElection62] INFO  server.RaftServerConfigKeys (ConfUtils.java:logGet(46)) - raft.server.log.appender.buffer.byte-limit = 8388608 (custom)
2024-02-10 23:48:24,240 [e6303cd0-aa6e-4f0b-8227-f9fc00433fb7@group-50E16CFB81C8-LeaderElection62] INFO  server.RaftServerConfigKeys (ConfUtils.java:logGet(46)) - raft.server.log.appender.buffer.element-limit = 1 (custom)
2024-02-10 23:48:24,240 [e6303cd0-aa6e-4f0b-8227-f9fc00433fb7@group-50E16CFB81C8-LeaderElection62] INFO  server.RaftServerConfigKeys (ConfUtils.java:logGet(46)) - raft.server.log.appender.wait-time.min = 0ms (custom)
2024-02-10 23:48:24,240 [e6303cd0-aa6e-4f0b-8227-f9fc00433fb7@group-50E16CFB81C8-LeaderElection62] INFO  grpc.GrpcConfigKeys (ConfUtils.java:logGet(46)) - raft.grpc.server.leader.outstanding.appends.max = 8 (default)
2024-02-10 23:48:24,240 [e6303cd0-aa6e-4f0b-8227-f9fc00433fb7@group-50E16CFB81C8-LeaderElection62] INFO  server.RaftServerConfigKeys (ConfUtils.java:logGet(46)) - raft.server.rpc.request.timeout = 3000ms (default)
2024-02-10 23:48:24,241 [e6303cd0-aa6e-4f0b-8227-f9fc00433fb7@group-50E16CFB81C8-LeaderElection62] INFO  grpc.GrpcConfigKeys (ConfUtils.java:logGet(46)) - raft.grpc.server.install_snapshot.request.element-limit = 8 (default)
2024-02-10 23:48:24,241 [e6303cd0-aa6e-4f0b-8227-f9fc00433fb7@group-50E16CFB81C8-LeaderElection62] INFO  grpc.GrpcConfigKeys (ConfUtils.java:logGet(46)) - raft.grpc.server.install_snapshot.request.timeout = 3000ms (default)
2024-02-10 23:48:24,241 [e6303cd0-aa6e-4f0b-8227-f9fc00433fb7@group-50E16CFB81C8-LeaderElection62] INFO  grpc.GrpcConfigKeys (ConfUtils.java:logGet(46)) - raft.grpc.server.log-message.batch.duration = 5s (default)
2024-02-10 23:48:24,241 [e6303cd0-aa6e-4f0b-8227-f9fc00433fb7@group-50E16CFB81C8-LeaderElection62] INFO  server.RaftServerConfigKeys (ConfUtils.java:logGet(46)) - raft.server.log.appender.install.snapshot.enabled = false (custom)
2024-02-10 23:48:24,241 [e6303cd0-aa6e-4f0b-8227-f9fc00433fb7@group-50E16CFB81C8-LeaderElection62] INFO  grpc.GrpcConfigKeys (ConfUtils.java:logGet(46)) - raft.grpc.server.heartbeat.channel = true (default)
2024-02-10 23:48:24,241 [e6303cd0-aa6e-4f0b-8227-f9fc00433fb7@group-50E16CFB81C8-LeaderElection62] INFO  server.RaftServerConfigKeys (ConfUtils.java:logGet(46)) - raft.server.log.appender.snapshot.chunk.size.max = 16MB (=16777216) (default)
2024-02-10 23:48:24,241 [e6303cd0-aa6e-4f0b-8227-f9fc00433fb7@group-50E16CFB81C8-LeaderElection62] INFO  server.RaftServerConfigKeys (ConfUtils.java:logGet(46)) - raft.server.log.appender.buffer.byte-limit = 8388608 (custom)
2024-02-10 23:48:24,241 [e6303cd0-aa6e-4f0b-8227-f9fc00433fb7@group-50E16CFB81C8-LeaderElection62] INFO  server.RaftServerConfigKeys (ConfUtils.java:logGet(46)) - raft.server.log.appender.buffer.element-limit = 1 (custom)
2024-02-10 23:48:24,241 [e6303cd0-aa6e-4f0b-8227-f9fc00433fb7@group-50E16CFB81C8-LeaderElection62] INFO  server.RaftServerConfigKeys (ConfUtils.java:logGet(46)) - raft.server.log.appender.wait-time.min = 0ms (custom)
2024-02-10 23:48:24,241 [e6303cd0-aa6e-4f0b-8227-f9fc00433fb7@group-50E16CFB81C8-LeaderElection62] INFO  grpc.GrpcConfigKeys (ConfUtils.java:logGet(46)) - raft.grpc.server.leader.outstanding.appends.max = 8 (default)
2024-02-10 23:48:24,242 [e6303cd0-aa6e-4f0b-8227-f9fc00433fb7@group-50E16CFB81C8-LeaderElection62] INFO  server.RaftServerConfigKeys (ConfUtils.java:logGet(46)) - raft.server.rpc.request.timeout = 3000ms (default)
2024-02-10 23:48:24,242 [e6303cd0-aa6e-4f0b-8227-f9fc00433fb7@group-50E16CFB81C8-LeaderElection62] INFO  grpc.GrpcConfigKeys (ConfUtils.java:logGet(46)) - raft.grpc.server.install_snapshot.request.element-limit = 8 (default)
2024-02-10 23:48:24,242 [e6303cd0-aa6e-4f0b-8227-f9fc00433fb7@group-50E16CFB81C8-LeaderElection62] INFO  grpc.GrpcConfigKeys (ConfUtils.java:logGet(46)) - raft.grpc.server.install_snapshot.request.timeout = 3000ms (default)
2024-02-10 23:48:24,242 [e6303cd0-aa6e-4f0b-8227-f9fc00433fb7@group-50E16CFB81C8-LeaderElection62] INFO  grpc.GrpcConfigKeys (ConfUtils.java:logGet(46)) - raft.grpc.server.log-message.batch.duration = 5s (default)
2024-02-10 23:48:24,242 [e6303cd0-aa6e-4f0b-8227-f9fc00433fb7@group-50E16CFB81C8-LeaderElection62] INFO  server.RaftServerConfigKeys (ConfUtils.java:logGet(46)) - raft.server.log.appender.install.snapshot.enabled = false (custom)
2024-02-10 23:48:24,242 [e6303cd0-aa6e-4f0b-8227-f9fc00433fb7@group-50E16CFB81C8-LeaderElection62] INFO  grpc.GrpcConfigKeys (ConfUtils.java:logGet(46)) - raft.grpc.server.heartbeat.channel = true (default)
2024-02-10 23:48:24,242 [e6303cd0-aa6e-4f0b-8227-f9fc00433fb7@group-50E16CFB81C8-LeaderElection62] INFO  impl.RoleInfo (RoleInfo.java:updateAndGet(139)) - e6303cd0-aa6e-4f0b-8227-f9fc00433fb7: start e6303cd0-aa6e-4f0b-8227-f9fc00433fb7@group-50E16CFB81C8-LeaderStateImpl
2024-02-10 23:48:24,242 [e6303cd0-aa6e-4f0b-8227-f9fc00433fb7@group-50E16CFB81C8-LeaderElection62] INFO  server.RaftServer$Division (RaftServerImpl.java:setFirstElection(574)) - e6303cd0-aa6e-4f0b-8227-f9fc00433fb7@group-50E16CFB81C8: set firstElectionSinceStartup to false for becomeLeader
2024-02-10 23:48:24,242 [e6303cd0-aa6e-4f0b-8227-f9fc00433fb7@group-50E16CFB81C8-LeaderElection62] INFO  ratis.XceiverServerRatis (XceiverServerRatis.java:handleLeaderChangedNotification(966)) - Leader change notification received for group: group-50E16CFB81C8 with new leaderId: e6303cd0-aa6e-4f0b-8227-f9fc00433fb7
2024-02-10 23:48:24,242 [e6303cd0-aa6e-4f0b-8227-f9fc00433fb7@group-50E16CFB81C8-LeaderElection62] INFO  server.RaftServer$Division (ServerState.java:setLeader(269)) - e6303cd0-aa6e-4f0b-8227-f9fc00433fb7@group-50E16CFB81C8: change Leader from null to e6303cd0-aa6e-4f0b-8227-f9fc00433fb7 at term 1 for becomeLeader, leader elected after 5179ms
2024-02-10 23:48:24,242 [e6303cd0-aa6e-4f0b-8227-f9fc00433fb7@group-50E16CFB81C8-LeaderElection62] INFO  segmented.SegmentedRaftLogWorker (SegmentedRaftLogWorker.java:startLogSegment(430)) - e6303cd0-aa6e-4f0b-8227-f9fc00433fb7@group-50E16CFB81C8-SegmentedRaftLogWorker: Starting segment from index:0
2024-02-10 23:48:24,243 [e6303cd0-aa6e-4f0b-8227-f9fc00433fb7@group-50E16CFB81C8-LeaderElection62] INFO  server.RaftServer$Division (ServerState.java:setRaftConf(386)) - e6303cd0-aa6e-4f0b-8227-f9fc00433fb7@group-50E16CFB81C8: set configuration 0: peers:[64168508-e903-4327-b7bc-0572c2109e1a|10.1.0.12:15335, e6303cd0-aa6e-4f0b-8227-f9fc00433fb7|10.1.0.12:15344, f4d36fa5-ed0e-4d34-ba3c-8c17cce67bcd|10.1.0.12:15353]|listeners:[], old=null
2024-02-10 23:48:24,244 [e6303cd0-aa6e-4f0b-8227-f9fc00433fb7@group-50E16CFB81C8-SegmentedRaftLogWorker] INFO  segmented.BufferedWriteChannel (BufferedWriteChannel.java:open(62)) - open log_inprogress_0 at position 0
2024-02-10 23:48:24,244 [EventQueue-PipelineReportForPipelineReportHandler] INFO  pipeline.PipelineReportHandler (PipelineReportHandler.java:processPipelineReport(136)) - Opened pipeline PipelineID=6f4d2cd4-5cfc-44ba-abd0-50e16cfb81c8
2024-02-10 23:48:24,245 [e6303cd0-aa6e-4f0b-8227-f9fc00433fb7@group-CD69DA698925-StateMachineUpdater] INFO  server.RaftServer$Division (LeaderStateImpl.java:isApplied(320)) - leader is ready since appliedIndex == 0 >= startIndex == 0
2024-02-10 23:48:24,245 [om1-OMStateMachineApplyTransactionThread - 0] INFO  bucket.OMBucketCreateRequest (OMBucketCreateRequest.java:validateAndUpdateCache(292)) - created bucket: watchforcommithandlingtest of layout FILE_SYSTEM_OPTIMIZED in volume: watchforcommithandlingtest
2024-02-10 23:48:24,253 [f4d36fa5-ed0e-4d34-ba3c-8c17cce67bcd-server-thread2] INFO  ratis.XceiverServerRatis (XceiverServerRatis.java:handleLeaderChangedNotification(966)) - Leader change notification received for group: group-50E16CFB81C8 with new leaderId: e6303cd0-aa6e-4f0b-8227-f9fc00433fb7
2024-02-10 23:48:24,253 [e6303cd0-aa6e-4f0b-8227-f9fc00433fb7@group-50E16CFB81C8-SegmentedRaftLogWorker] INFO  segmented.SegmentedRaftLogWorker (SegmentedRaftLogWorker.java:execute(634)) - e6303cd0-aa6e-4f0b-8227-f9fc00433fb7@group-50E16CFB81C8-SegmentedRaftLogWorker: created new log segment /home/runner/work/ozone/ozone/hadoop-ozone/integration-test/target/test-dir/MiniOzoneClusterImpl-da04a438-6ec0-4fc9-9b2e-e93c90459920/datanode-7/data/ratis/6f4d2cd4-5cfc-44ba-abd0-50e16cfb81c8/current/log_inprogress_0
2024-02-10 23:48:24,253 [64168508-e903-4327-b7bc-0572c2109e1a-server-thread1] INFO  ratis.XceiverServerRatis (XceiverServerRatis.java:handleLeaderChangedNotification(966)) - Leader change notification received for group: group-50E16CFB81C8 with new leaderId: e6303cd0-aa6e-4f0b-8227-f9fc00433fb7
2024-02-10 23:48:24,254 [64168508-e903-4327-b7bc-0572c2109e1a-server-thread1] INFO  server.RaftServer$Division (ServerState.java:setLeader(269)) - 64168508-e903-4327-b7bc-0572c2109e1a@group-50E16CFB81C8: change Leader from null to e6303cd0-aa6e-4f0b-8227-f9fc00433fb7 at term 1 for appendEntries, leader elected after 5207ms
2024-02-10 23:48:24,253 [f4d36fa5-ed0e-4d34-ba3c-8c17cce67bcd-server-thread2] INFO  server.RaftServer$Division (ServerState.java:setLeader(269)) - f4d36fa5-ed0e-4d34-ba3c-8c17cce67bcd@group-50E16CFB81C8: change Leader from null to e6303cd0-aa6e-4f0b-8227-f9fc00433fb7 at term 1 for appendEntries, leader elected after 5170ms
2024-02-10 23:48:24,257 [f4d36fa5-ed0e-4d34-ba3c-8c17cce67bcd-server-thread2] INFO  server.RaftServer$Division (ServerState.java:setRaftConf(386)) - f4d36fa5-ed0e-4d34-ba3c-8c17cce67bcd@group-50E16CFB81C8: set configuration 0: peers:[64168508-e903-4327-b7bc-0572c2109e1a|10.1.0.12:15335, e6303cd0-aa6e-4f0b-8227-f9fc00433fb7|10.1.0.12:15344, f4d36fa5-ed0e-4d34-ba3c-8c17cce67bcd|10.1.0.12:15353]|listeners:[], old=null
2024-02-10 23:48:24,257 [f4d36fa5-ed0e-4d34-ba3c-8c17cce67bcd-server-thread2] INFO  segmented.SegmentedRaftLogWorker (SegmentedRaftLogWorker.java:startLogSegment(430)) - f4d36fa5-ed0e-4d34-ba3c-8c17cce67bcd@group-50E16CFB81C8-SegmentedRaftLogWorker: Starting segment from index:0
2024-02-10 23:48:24,257 [f4d36fa5-ed0e-4d34-ba3c-8c17cce67bcd@group-50E16CFB81C8-SegmentedRaftLogWorker] INFO  segmented.BufferedWriteChannel (BufferedWriteChannel.java:open(62)) - open log_inprogress_0 at position 0
2024-02-10 23:48:24,265 [64168508-e903-4327-b7bc-0572c2109e1a-server-thread1] INFO  server.RaftServer$Division (ServerState.java:setRaftConf(386)) - 64168508-e903-4327-b7bc-0572c2109e1a@group-50E16CFB81C8: set configuration 0: peers:[64168508-e903-4327-b7bc-0572c2109e1a|10.1.0.12:15335, e6303cd0-aa6e-4f0b-8227-f9fc00433fb7|10.1.0.12:15344, f4d36fa5-ed0e-4d34-ba3c-8c17cce67bcd|10.1.0.12:15353]|listeners:[], old=null
2024-02-10 23:48:24,265 [64168508-e903-4327-b7bc-0572c2109e1a-server-thread1] INFO  segmented.SegmentedRaftLogWorker (SegmentedRaftLogWorker.java:startLogSegment(430)) - 64168508-e903-4327-b7bc-0572c2109e1a@group-50E16CFB81C8-SegmentedRaftLogWorker: Starting segment from index:0
2024-02-10 23:48:24,265 [64168508-e903-4327-b7bc-0572c2109e1a@group-50E16CFB81C8-SegmentedRaftLogWorker] INFO  segmented.BufferedWriteChannel (BufferedWriteChannel.java:open(62)) - open log_inprogress_0 at position 0
2024-02-10 23:48:24,265 [IPC Server handler 0 on default port 15267] INFO  ha.SequenceIdGenerator (SequenceIdGenerator.java:getNextId(145)) - Allocate a batch for containerId, change lastId from 0 to 1000.
2024-02-10 23:48:24,272 [f4d36fa5-ed0e-4d34-ba3c-8c17cce67bcd@group-50E16CFB81C8-SegmentedRaftLogWorker] INFO  segmented.SegmentedRaftLogWorker (SegmentedRaftLogWorker.java:execute(634)) - f4d36fa5-ed0e-4d34-ba3c-8c17cce67bcd@group-50E16CFB81C8-SegmentedRaftLogWorker: created new log segment /home/runner/work/ozone/ozone/hadoop-ozone/integration-test/target/test-dir/MiniOzoneClusterImpl-da04a438-6ec0-4fc9-9b2e-e93c90459920/datanode-8/data/ratis/6f4d2cd4-5cfc-44ba-abd0-50e16cfb81c8/current/log_inprogress_0
2024-02-10 23:48:24,272 [64168508-e903-4327-b7bc-0572c2109e1a@group-50E16CFB81C8-SegmentedRaftLogWorker] INFO  segmented.SegmentedRaftLogWorker (SegmentedRaftLogWorker.java:execute(634)) - 64168508-e903-4327-b7bc-0572c2109e1a@group-50E16CFB81C8-SegmentedRaftLogWorker: created new log segment /home/runner/work/ozone/ozone/hadoop-ozone/integration-test/target/test-dir/MiniOzoneClusterImpl-da04a438-6ec0-4fc9-9b2e-e93c90459920/datanode-6/data/ratis/6f4d2cd4-5cfc-44ba-abd0-50e16cfb81c8/current/log_inprogress_0
2024-02-10 23:48:24,277 [e6303cd0-aa6e-4f0b-8227-f9fc00433fb7@group-50E16CFB81C8-StateMachineUpdater] INFO  server.RaftServer$Division (LeaderStateImpl.java:isApplied(320)) - leader is ready since appliedIndex == 0 >= startIndex == 0
2024-02-10 23:48:24,283 [grpc-default-executor-1] ERROR impl.OrderedAsync (OrderedAsync.java:lambda$sendRequest$9(247)) - client-C9B12915CFDF: Failed* RaftClientRequest:client-C9B12915CFDF->e6303cd0-aa6e-4f0b-8227-f9fc00433fb7@group-50E16CFB81C8, cid=62, seq=1*, Watch(0), null
java.util.concurrent.CompletionException: org.apache.ratis.protocol.exceptions.LeaderNotReadyException: e6303cd0-aa6e-4f0b-8227-f9fc00433fb7@group-50E16CFB81C8 is in LEADER state but not ready yet.
	at java.util.concurrent.CompletableFuture.encodeThrowable(CompletableFuture.java:292)
	at java.util.concurrent.CompletableFuture.completeThrowable(CompletableFuture.java:308)
	at java.util.concurrent.CompletableFuture.uniApply(CompletableFuture.java:607)
	at java.util.concurrent.CompletableFuture$UniApply.tryFire(CompletableFuture.java:591)
	at java.util.concurrent.CompletableFuture.postComplete(CompletableFuture.java:488)
	at java.util.concurrent.CompletableFuture.completeExceptionally(CompletableFuture.java:1990)
	at org.apache.ratis.grpc.client.GrpcClientProtocolClient$AsyncStreamObservers.completeReplyExceptionally(GrpcClientProtocolClient.java:394)
	at org.apache.ratis.grpc.client.GrpcClientProtocolClient$AsyncStreamObservers.access$000(GrpcClientProtocolClient.java:300)
	at org.apache.ratis.grpc.client.GrpcClientProtocolClient$AsyncStreamObservers$1.onNext(GrpcClientProtocolClient.java:319)
	at org.apache.ratis.grpc.client.GrpcClientProtocolClient$AsyncStreamObservers$1.onNext(GrpcClientProtocolClient.java:305)
	at org.apache.ratis.thirdparty.io.grpc.stub.ClientCalls$StreamObserverToCallListenerAdapter.onMessage(ClientCalls.java:468)
	at org.apache.ratis.thirdparty.io.grpc.ForwardingClientCallListener.onMessage(ForwardingClientCallListener.java:33)
	at org.apache.ratis.thirdparty.io.grpc.internal.DelayedClientCall$DelayedListener.onMessage(DelayedClientCall.java:473)
	at org.apache.ratis.thirdparty.io.grpc.internal.ClientCallImpl$ClientStreamListenerImpl$1MessagesAvailable.runInternal(ClientCallImpl.java:660)
	at org.apache.ratis.thirdparty.io.grpc.internal.ClientCallImpl$ClientStreamListenerImpl$1MessagesAvailable.runInContext(ClientCallImpl.java:647)
	at org.apache.ratis.thirdparty.io.grpc.internal.ContextRunnable.run(ContextRunnable.java:37)
	at org.apache.ratis.thirdparty.io.grpc.internal.SerializingExecutor.run(SerializingExecutor.java:133)
	at java.util.concurrent.ThreadPoolExecutor.runWorker(ThreadPoolExecutor.java:1149)
	at java.util.concurrent.ThreadPoolExecutor$Worker.run(ThreadPoolExecutor.java:624)
	at java.lang.Thread.run(Thread.java:750)
Caused by: org.apache.ratis.protocol.exceptions.LeaderNotReadyException: e6303cd0-aa6e-4f0b-8227-f9fc00433fb7@group-50E16CFB81C8 is in LEADER state but not ready yet.
	at org.apache.ratis.client.impl.ClientProtoUtils.toRaftClientReply(ClientProtoUtils.java:407)
	at org.apache.ratis.grpc.client.GrpcClientProtocolClient$AsyncStreamObservers$1.onNext(GrpcClientProtocolClient.java:310)
	... 11 more
2024-02-10 23:48:24,303 [f4d36fa5-ed0e-4d34-ba3c-8c17cce67bcd@group-143D6B5C3889-FollowerState] INFO  impl.FollowerState (FollowerState.java:run(143)) - f4d36fa5-ed0e-4d34-ba3c-8c17cce67bcd@group-143D6B5C3889-FollowerState: change to CANDIDATE, lastRpcElapsedTime:5087427050ns, electionTimeout:5087ms
2024-02-10 23:48:24,304 [f4d36fa5-ed0e-4d34-ba3c-8c17cce67bcd@group-143D6B5C3889-FollowerState] INFO  impl.RoleInfo (RoleInfo.java:shutdownFollowerState(110)) - f4d36fa5-ed0e-4d34-ba3c-8c17cce67bcd: shutdown f4d36fa5-ed0e-4d34-ba3c-8c17cce67bcd@group-143D6B5C3889-FollowerState
2024-02-10 23:48:24,304 [f4d36fa5-ed0e-4d34-ba3c-8c17cce67bcd@group-143D6B5C3889-FollowerState] INFO  server.RaftServer$Division (RaftServerImpl.java:setRole(383)) - f4d36fa5-ed0e-4d34-ba3c-8c17cce67bcd@group-143D6B5C3889: changes role from  FOLLOWER to CANDIDATE at term 0 for changeToCandidate
2024-02-10 23:48:24,304 [f4d36fa5-ed0e-4d34-ba3c-8c17cce67bcd@group-143D6B5C3889-FollowerState] INFO  server.RaftServerConfigKeys (ConfUtils.java:logGet(46)) - raft.server.leaderelection.pre-vote = true (default)
2024-02-10 23:48:24,304 [f4d36fa5-ed0e-4d34-ba3c-8c17cce67bcd@group-143D6B5C3889-FollowerState] INFO  impl.RoleInfo (RoleInfo.java:updateAndGet(139)) - f4d36fa5-ed0e-4d34-ba3c-8c17cce67bcd: start f4d36fa5-ed0e-4d34-ba3c-8c17cce67bcd@group-143D6B5C3889-LeaderElection64
2024-02-10 23:48:24,305 [f4d36fa5-ed0e-4d34-ba3c-8c17cce67bcd@group-143D6B5C3889-LeaderElection64] INFO  impl.LeaderElection (LeaderElection.java:askForVotes(321)) - f4d36fa5-ed0e-4d34-ba3c-8c17cce67bcd@group-143D6B5C3889-LeaderElection64 PRE_VOTE round 0: submit vote requests at term 0 for -1: peers:[f4d36fa5-ed0e-4d34-ba3c-8c17cce67bcd|10.1.0.12:15353]|listeners:[], old=null
2024-02-10 23:48:24,305 [f4d36fa5-ed0e-4d34-ba3c-8c17cce67bcd@group-143D6B5C3889-LeaderElection64] INFO  impl.LeaderElection (LeaderElection.java:askForVotes(323)) - f4d36fa5-ed0e-4d34-ba3c-8c17cce67bcd@group-143D6B5C3889-LeaderElection64 PRE_VOTE round 0: result PASSED (term=0)
2024-02-10 23:48:24,306 [f4d36fa5-ed0e-4d34-ba3c-8c17cce67bcd@group-143D6B5C3889-LeaderElection64] INFO  impl.LeaderElection (LeaderElection.java:askForVotes(321)) - f4d36fa5-ed0e-4d34-ba3c-8c17cce67bcd@group-143D6B5C3889-LeaderElection64 ELECTION round 0: submit vote requests at term 1 for -1: peers:[f4d36fa5-ed0e-4d34-ba3c-8c17cce67bcd|10.1.0.12:15353]|listeners:[], old=null
2024-02-10 23:48:24,306 [f4d36fa5-ed0e-4d34-ba3c-8c17cce67bcd@group-143D6B5C3889-LeaderElection64] INFO  impl.LeaderElection (LeaderElection.java:askForVotes(323)) - f4d36fa5-ed0e-4d34-ba3c-8c17cce67bcd@group-143D6B5C3889-LeaderElection64 ELECTION round 0: result PASSED (term=1)
2024-02-10 23:48:24,306 [f4d36fa5-ed0e-4d34-ba3c-8c17cce67bcd@group-143D6B5C3889-LeaderElection64] INFO  impl.RoleInfo (RoleInfo.java:shutdownLeaderElection(130)) - f4d36fa5-ed0e-4d34-ba3c-8c17cce67bcd: shutdown f4d36fa5-ed0e-4d34-ba3c-8c17cce67bcd@group-143D6B5C3889-LeaderElection64
2024-02-10 23:48:24,306 [f4d36fa5-ed0e-4d34-ba3c-8c17cce67bcd@group-143D6B5C3889-LeaderElection64] INFO  server.RaftServer$Division (RaftServerImpl.java:setRole(383)) - f4d36fa5-ed0e-4d34-ba3c-8c17cce67bcd@group-143D6B5C3889: changes role from CANDIDATE to LEADER at term 1 for changeToLeader
2024-02-10 23:48:24,306 [f4d36fa5-ed0e-4d34-ba3c-8c17cce67bcd@group-143D6B5C3889-LeaderElection64] INFO  server.RaftServerConfigKeys (ConfUtils.java:logGet(46)) - raft.server.staging.catchup.gap = 1000 (default)
2024-02-10 23:48:24,306 [f4d36fa5-ed0e-4d34-ba3c-8c17cce67bcd@group-143D6B5C3889-LeaderElection64] INFO  server.RaftServerConfigKeys (ConfUtils.java:logGet(46)) - raft.server.write.element-limit = 1024 (custom)
2024-02-10 23:48:24,306 [f4d36fa5-ed0e-4d34-ba3c-8c17cce67bcd@group-143D6B5C3889-LeaderElection64] INFO  server.RaftServerConfigKeys (ConfUtils.java:logGet(46)) - raft.server.write.byte-limit = 1024 M (=1073741824) (custom)
2024-02-10 23:48:24,306 [f4d36fa5-ed0e-4d34-ba3c-8c17cce67bcd@group-143D6B5C3889-LeaderElection64] INFO  server.RaftServerConfigKeys (ConfUtils.java:logGet(46)) - raft.server.watch.timeout = 3000ms (custom)
2024-02-10 23:48:24,307 [f4d36fa5-ed0e-4d34-ba3c-8c17cce67bcd@group-143D6B5C3889-LeaderElection64] INFO  server.RaftServerConfigKeys (ConfUtils.java:logGet(46)) - raft.server.watch.timeout.denomination = 1s (default)
2024-02-10 23:48:24,307 [f4d36fa5-ed0e-4d34-ba3c-8c17cce67bcd@group-143D6B5C3889-LeaderElection64] INFO  server.RaftServerConfigKeys (ConfUtils.java:logGet(46)) - raft.server.watch.element-limit = 65536 (default)
2024-02-10 23:48:24,308 [f4d36fa5-ed0e-4d34-ba3c-8c17cce67bcd@group-143D6B5C3889-LeaderElection64] INFO  server.RaftServerConfigKeys (ConfUtils.java:logGet(46)) - raft.server.read.leader.lease.enabled = false (default)
2024-02-10 23:48:24,308 [f4d36fa5-ed0e-4d34-ba3c-8c17cce67bcd@group-143D6B5C3889-LeaderElection64] INFO  server.RaftServerConfigKeys (ConfUtils.java:logGet(46)) - raft.server.read.leader.lease.timeout.ratio = 0.9 (default)
2024-02-10 23:48:24,308 [f4d36fa5-ed0e-4d34-ba3c-8c17cce67bcd@group-143D6B5C3889-LeaderElection64] INFO  server.RaftServerConfigKeys (ConfUtils.java:logGet(46)) - raft.server.rpc.timeout.min = 5s (custom)
2024-02-10 23:48:24,308 [f4d36fa5-ed0e-4d34-ba3c-8c17cce67bcd@group-143D6B5C3889-LeaderElection64] INFO  server.RaftServerConfigKeys (ConfUtils.java:logGet(46)) - raft.server.write.element-limit = 1024 (custom)
2024-02-10 23:48:24,308 [f4d36fa5-ed0e-4d34-ba3c-8c17cce67bcd@group-143D6B5C3889-LeaderElection64] INFO  server.RaftServerConfigKeys (ConfUtils.java:logGet(46)) - raft.server.write.follower.gap.ratio.max = -1.0 (default)
2024-02-10 23:48:24,308 [f4d36fa5-ed0e-4d34-ba3c-8c17cce67bcd@group-143D6B5C3889-LeaderElection64] INFO  impl.RoleInfo (RoleInfo.java:updateAndGet(139)) - f4d36fa5-ed0e-4d34-ba3c-8c17cce67bcd: start f4d36fa5-ed0e-4d34-ba3c-8c17cce67bcd@group-143D6B5C3889-LeaderStateImpl
2024-02-10 23:48:24,308 [f4d36fa5-ed0e-4d34-ba3c-8c17cce67bcd@group-143D6B5C3889-LeaderElection64] INFO  server.RaftServer$Division (RaftServerImpl.java:setFirstElection(574)) - f4d36fa5-ed0e-4d34-ba3c-8c17cce67bcd@group-143D6B5C3889: set firstElectionSinceStartup to false for becomeLeader
2024-02-10 23:48:24,308 [f4d36fa5-ed0e-4d34-ba3c-8c17cce67bcd@group-143D6B5C3889-LeaderElection64] INFO  ratis.XceiverServerRatis (XceiverServerRatis.java:handleLeaderChangedNotification(966)) - Leader change notification received for group: group-143D6B5C3889 with new leaderId: f4d36fa5-ed0e-4d34-ba3c-8c17cce67bcd
2024-02-10 23:48:24,308 [f4d36fa5-ed0e-4d34-ba3c-8c17cce67bcd@group-143D6B5C3889-LeaderElection64] INFO  server.RaftServer$Division (ServerState.java:setLeader(269)) - f4d36fa5-ed0e-4d34-ba3c-8c17cce67bcd@group-143D6B5C3889: change Leader from null to f4d36fa5-ed0e-4d34-ba3c-8c17cce67bcd at term 1 for becomeLeader, leader elected after 5102ms
2024-02-10 23:48:24,308 [f4d36fa5-ed0e-4d34-ba3c-8c17cce67bcd@group-143D6B5C3889-LeaderElection64] INFO  segmented.SegmentedRaftLogWorker (SegmentedRaftLogWorker.java:startLogSegment(430)) - f4d36fa5-ed0e-4d34-ba3c-8c17cce67bcd@group-143D6B5C3889-SegmentedRaftLogWorker: Starting segment from index:0
2024-02-10 23:48:24,309 [f4d36fa5-ed0e-4d34-ba3c-8c17cce67bcd@group-143D6B5C3889-SegmentedRaftLogWorker] INFO  segmented.BufferedWriteChannel (BufferedWriteChannel.java:open(62)) - open log_inprogress_0 at position 0
2024-02-10 23:48:24,312 [f4d36fa5-ed0e-4d34-ba3c-8c17cce67bcd@group-143D6B5C3889-LeaderElection64] INFO  server.RaftServer$Division (ServerState.java:setRaftConf(386)) - f4d36fa5-ed0e-4d34-ba3c-8c17cce67bcd@group-143D6B5C3889: set configuration 0: peers:[f4d36fa5-ed0e-4d34-ba3c-8c17cce67bcd|10.1.0.12:15353]|listeners:[], old=null
2024-02-10 23:48:24,316 [f4d36fa5-ed0e-4d34-ba3c-8c17cce67bcd@group-143D6B5C3889-SegmentedRaftLogWorker] INFO  segmented.SegmentedRaftLogWorker (SegmentedRaftLogWorker.java:execute(634)) - f4d36fa5-ed0e-4d34-ba3c-8c17cce67bcd@group-143D6B5C3889-SegmentedRaftLogWorker: created new log segment /home/runner/work/ozone/ozone/hadoop-ozone/integration-test/target/test-dir/MiniOzoneClusterImpl-da04a438-6ec0-4fc9-9b2e-e93c90459920/datanode-8/data/ratis/05e21327-1fc5-4ba8-9950-143d6b5c3889/current/log_inprogress_0
2024-02-10 23:48:24,317 [f4d36fa5-ed0e-4d34-ba3c-8c17cce67bcd@group-143D6B5C3889-StateMachineUpdater] INFO  server.RaftServer$Division (LeaderStateImpl.java:isApplied(320)) - leader is ready since appliedIndex == 0 >= startIndex == 0
2024-02-10 23:48:31,478 [timer6] ERROR impl.OrderedAsync (OrderedAsync.java:lambda$sendRequest$9(247)) - client-C9B12915CFDF: Failed* RaftClientRequest:client-C9B12915CFDF->e6303cd0-aa6e-4f0b-8227-f9fc00433fb7@group-50E16CFB81C8, cid=62, seq=1*, Watch(0), null
java.util.concurrent.CompletionException: org.apache.ratis.protocol.exceptions.AlreadyClosedException: client-C9B12915CFDF->e6303cd0-aa6e-4f0b-8227-f9fc00433fb7 is closed.
	at java.util.concurrent.CompletableFuture.encodeThrowable(CompletableFuture.java:292)
	at java.util.concurrent.CompletableFuture.completeThrowable(CompletableFuture.java:308)
	at java.util.concurrent.CompletableFuture.uniApply(CompletableFuture.java:607)
	at java.util.concurrent.CompletableFuture.uniApplyStage(CompletableFuture.java:628)
	at java.util.concurrent.CompletableFuture.thenApply(CompletableFuture.java:1996)
	at org.apache.ratis.client.impl.OrderedAsync.sendRequest(OrderedAsync.java:239)
	at org.apache.ratis.client.impl.OrderedAsync.sendRequestWithRetry(OrderedAsync.java:203)
	at org.apache.ratis.util.SlidingWindow$Client.sendOrDelayRequest(SlidingWindow.java:312)
	at org.apache.ratis.util.SlidingWindow$Client.retry(SlidingWindow.java:328)
	at org.apache.ratis.client.impl.OrderedAsync.lambda$scheduleWithTimeout$6(OrderedAsync.java:227)
	at org.apache.ratis.util.TimeoutTimer.lambda$onTimeout$2(TimeoutTimer.java:101)
	at org.apache.ratis.util.LogUtils.runAndLog(LogUtils.java:38)
	at org.apache.ratis.util.LogUtils$1.run(LogUtils.java:78)
	at org.apache.ratis.util.TimeoutTimer$Task.run(TimeoutTimer.java:55)
	at java.util.TimerThread.mainLoop(Timer.java:555)
	at java.util.TimerThread.run(Timer.java:505)
Caused by: org.apache.ratis.protocol.exceptions.AlreadyClosedException: client-C9B12915CFDF->e6303cd0-aa6e-4f0b-8227-f9fc00433fb7 is closed.
	at org.apache.ratis.grpc.client.GrpcClientProtocolClient$AsyncStreamObservers.onNext(GrpcClientProtocolClient.java:349)
	at org.apache.ratis.grpc.client.GrpcClientRpc.sendRequestAsync(GrpcClientRpc.java:71)
	... 11 more
2024-02-10 23:48:36,593 [grpc-default-executor-0] ERROR impl.OrderedAsync (OrderedAsync.java:lambda$sendRequest$9(247)) - client-C9B12915CFDF: Failed* RaftClientRequest:client-C9B12915CFDF->64168508-e903-4327-b7bc-0572c2109e1a@group-50E16CFB81C8, cid=62, seq=1*, Watch(0), null
java.util.concurrent.CompletionException: org.apache.ratis.protocol.exceptions.NotLeaderException: Server 64168508-e903-4327-b7bc-0572c2109e1a@group-50E16CFB81C8 is not the leader e6303cd0-aa6e-4f0b-8227-f9fc00433fb7|10.1.0.12:15344
	at java.util.concurrent.CompletableFuture.encodeThrowable(CompletableFuture.java:292)
	at java.util.concurrent.CompletableFuture.completeThrowable(CompletableFuture.java:308)
	at java.util.concurrent.CompletableFuture.uniApply(CompletableFuture.java:607)
	at java.util.concurrent.CompletableFuture$UniApply.tryFire(CompletableFuture.java:591)
	at java.util.concurrent.CompletableFuture.postComplete(CompletableFuture.java:488)
	at java.util.concurrent.CompletableFuture.completeExceptionally(CompletableFuture.java:1990)
	at org.apache.ratis.grpc.client.GrpcClientProtocolClient$AsyncStreamObservers.completeReplyExceptionally(GrpcClientProtocolClient.java:394)
	at org.apache.ratis.grpc.client.GrpcClientProtocolClient$AsyncStreamObservers.access$000(GrpcClientProtocolClient.java:300)
	at org.apache.ratis.grpc.client.GrpcClientProtocolClient$AsyncStreamObservers$1.onNext(GrpcClientProtocolClient.java:314)
	at org.apache.ratis.grpc.client.GrpcClientProtocolClient$AsyncStreamObservers$1.onNext(GrpcClientProtocolClient.java:305)
	at org.apache.ratis.thirdparty.io.grpc.stub.ClientCalls$StreamObserverToCallListenerAdapter.onMessage(ClientCalls.java:468)
	at org.apache.ratis.thirdparty.io.grpc.ForwardingClientCallListener.onMessage(ForwardingClientCallListener.java:33)
	at org.apache.ratis.thirdparty.io.grpc.internal.ClientCallImpl$ClientStreamListenerImpl$1MessagesAvailable.runInternal(ClientCallImpl.java:660)
	at org.apache.ratis.thirdparty.io.grpc.internal.ClientCallImpl$ClientStreamListenerImpl$1MessagesAvailable.runInContext(ClientCallImpl.java:647)
	at org.apache.ratis.thirdparty.io.grpc.internal.ContextRunnable.run(ContextRunnable.java:37)
	at org.apache.ratis.thirdparty.io.grpc.internal.SerializingExecutor.run(SerializingExecutor.java:133)
	at java.util.concurrent.ThreadPoolExecutor.runWorker(ThreadPoolExecutor.java:1149)
	at java.util.concurrent.ThreadPoolExecutor$Worker.run(ThreadPoolExecutor.java:624)
	at java.lang.Thread.run(Thread.java:750)
Caused by: org.apache.ratis.protocol.exceptions.NotLeaderException: Server 64168508-e903-4327-b7bc-0572c2109e1a@group-50E16CFB81C8 is not the leader e6303cd0-aa6e-4f0b-8227-f9fc00433fb7|10.1.0.12:15344
	at org.apache.ratis.client.impl.ClientProtoUtils.toRaftClientReply(ClientProtoUtils.java:397)
	at org.apache.ratis.grpc.client.GrpcClientProtocolClient$AsyncStreamObservers$1.onNext(GrpcClientProtocolClient.java:310)
	... 10 more
2024-02-10 23:48:36,593 [grpc-default-executor-0] ERROR impl.OrderedAsync (OrderedAsync.java:lambda$send$4(179)) - Failed to send request, message=null
java.util.concurrent.CompletionException: org.apache.ratis.protocol.exceptions.RaftRetryFailureException: Failed RaftClientRequest:client-C9B12915CFDF->64168508-e903-4327-b7bc-0572c2109e1a@group-50E16CFB81C8, cid=62, seq=1*, Watch(0), null for 3 attempts with RequestTypeDependentRetryPolicy{WRITE->ExceptionDependentRetry(maxAttempts=2147483647; defaultPolicy=MultipleLinearRandomRetry[5x5s, 5x10s, 5x15s, 5x20s, 5x25s, 10x60s]; map={org.apache.ratis.protocol.exceptions.GroupMismatchException->NoRetry, org.apache.ratis.protocol.exceptions.NotReplicatedException->NoRetry, org.apache.ratis.protocol.exceptions.ResourceUnavailableException->org.apache.ratis.retry.ExponentialBackoffRetry@505a6727, org.apache.ratis.protocol.exceptions.StateMachineException->NoRetry, org.apache.ratis.protocol.exceptions.TimeoutIOException->org.apache.ratis.retry.ExponentialBackoffRetry@505a6727}), WATCH->ExceptionDependentRetry(maxAttempts=2147483647; defaultPolicy=MultipleLinearRandomRetry[5x5s, 5x10s, 5x15s, 5x20s, 5x25s, 10x60s]; map={org.apache.ratis.protocol.exceptions.GroupMismatchException->NoRetry, org.apache.ratis.protocol.exceptions.NotReplicatedException->NoRetry, org.apache.ratis.protocol.exceptions.ResourceUnavailableException->org.apache.ratis.retry.ExponentialBackoffRetry@505a6727, org.apache.ratis.protocol.exceptions.StateMachineException->NoRetry, org.apache.ratis.protocol.exceptions.TimeoutIOException->NoRetry})}
	at java.util.concurrent.CompletableFuture.encodeThrowable(CompletableFuture.java:292)
	at java.util.concurrent.CompletableFuture.completeThrowable(CompletableFuture.java:308)
	at java.util.concurrent.CompletableFuture.uniApply(CompletableFuture.java:607)
	at java.util.concurrent.CompletableFuture$UniApply.tryFire(CompletableFuture.java:591)
	at java.util.concurrent.CompletableFuture.postComplete(CompletableFuture.java:488)
	at java.util.concurrent.CompletableFuture.completeExceptionally(CompletableFuture.java:1990)
	at org.apache.ratis.client.impl.OrderedAsync$PendingOrderedRequest.fail(OrderedAsync.java:105)
	at org.apache.ratis.util.SlidingWindow$Client.fail(SlidingWindow.java:392)
	at org.apache.ratis.client.impl.OrderedAsync.failAllAsyncRequests(OrderedAsync.java:149)
	at org.apache.ratis.client.impl.OrderedAsync.handleAsyncRetryFailure(OrderedAsync.java:153)
	at org.apache.ratis.client.impl.OrderedAsync.lambda$sendRequest$9(OrderedAsync.java:253)
	at java.util.concurrent.CompletableFuture.uniExceptionally(CompletableFuture.java:884)
	at java.util.concurrent.CompletableFuture$UniExceptionally.tryFire(CompletableFuture.java:866)
	at java.util.concurrent.CompletableFuture.postComplete(CompletableFuture.java:488)
	at java.util.concurrent.CompletableFuture.completeExceptionally(CompletableFuture.java:1990)
	at org.apache.ratis.grpc.client.GrpcClientProtocolClient$AsyncStreamObservers.completeReplyExceptionally(GrpcClientProtocolClient.java:394)
	at org.apache.ratis.grpc.client.GrpcClientProtocolClient$AsyncStreamObservers.access$000(GrpcClientProtocolClient.java:300)
	at org.apache.ratis.grpc.client.GrpcClientProtocolClient$AsyncStreamObservers$1.onNext(GrpcClientProtocolClient.java:314)
	at org.apache.ratis.grpc.client.GrpcClientProtocolClient$AsyncStreamObservers$1.onNext(GrpcClientProtocolClient.java:305)
	at org.apache.ratis.thirdparty.io.grpc.stub.ClientCalls$StreamObserverToCallListenerAdapter.onMessage(ClientCalls.java:468)
	at org.apache.ratis.thirdparty.io.grpc.ForwardingClientCallListener.onMessage(ForwardingClientCallListener.java:33)
	at org.apache.ratis.thirdparty.io.grpc.internal.ClientCallImpl$ClientStreamListenerImpl$1MessagesAvailable.runInternal(ClientCallImpl.java:660)
	at org.apache.ratis.thirdparty.io.grpc.internal.ClientCallImpl$ClientStreamListenerImpl$1MessagesAvailable.runInContext(ClientCallImpl.java:647)
	at org.apache.ratis.thirdparty.io.grpc.internal.ContextRunnable.run(ContextRunnable.java:37)
	at org.apache.ratis.thirdparty.io.grpc.internal.SerializingExecutor.run(SerializingExecutor.java:133)
	at java.util.concurrent.ThreadPoolExecutor.runWorker(ThreadPoolExecutor.java:1149)
	at java.util.concurrent.ThreadPoolExecutor$Worker.run(ThreadPoolExecutor.java:624)
	at java.lang.Thread.run(Thread.java:750)
Caused by: org.apache.ratis.protocol.exceptions.RaftRetryFailureException: Failed RaftClientRequest:client-C9B12915CFDF->64168508-e903-4327-b7bc-0572c2109e1a@group-50E16CFB81C8, cid=62, seq=1*, Watch(0), null for 3 attempts with RequestTypeDependentRetryPolicy{WRITE->ExceptionDependentRetry(maxAttempts=2147483647; defaultPolicy=MultipleLinearRandomRetry[5x5s, 5x10s, 5x15s, 5x20s, 5x25s, 10x60s]; map={org.apache.ratis.protocol.exceptions.GroupMismatchException->NoRetry, org.apache.ratis.protocol.exceptions.NotReplicatedException->NoRetry, org.apache.ratis.protocol.exceptions.ResourceUnavailableException->org.apache.ratis.retry.ExponentialBackoffRetry@505a6727, org.apache.ratis.protocol.exceptions.StateMachineException->NoRetry, org.apache.ratis.protocol.exceptions.TimeoutIOException->org.apache.ratis.retry.ExponentialBackoffRetry@505a6727}), WATCH->ExceptionDependentRetry(maxAttempts=2147483647; defaultPolicy=MultipleLinearRandomRetry[5x5s, 5x10s, 5x15s, 5x20s, 5x25s, 10x60s]; map={org.apache.ratis.protocol.exceptions.GroupMismatchException->NoRetry, org.apache.ratis.protocol.exceptions.NotReplicatedException->NoRetry, org.apache.ratis.protocol.exceptions.ResourceUnavailableException->org.apache.ratis.retry.ExponentialBackoffRetry@505a6727, org.apache.ratis.protocol.exceptions.StateMachineException->NoRetry, org.apache.ratis.protocol.exceptions.TimeoutIOException->NoRetry})}
	at org.apache.ratis.client.impl.RaftClientImpl.noMoreRetries(RaftClientImpl.java:353)
	... 19 more
Caused by: org.apache.ratis.protocol.exceptions.NotLeaderException: Server 64168508-e903-4327-b7bc-0572c2109e1a@group-50E16CFB81C8 is not the leader e6303cd0-aa6e-4f0b-8227-f9fc00433fb7|10.1.0.12:15344
	at org.apache.ratis.client.impl.ClientProtoUtils.toRaftClientReply(ClientProtoUtils.java:397)
	at org.apache.ratis.grpc.client.GrpcClientProtocolClient$AsyncStreamObservers$1.onNext(GrpcClientProtocolClient.java:310)
	... 10 more
2024-02-10 23:48:36,594 [grpc-default-executor-0] ERROR impl.OrderedAsync (OrderedAsync.java:lambda$send$4(177)) - Failed to send request, message=cmdType: CreateContainer
traceID: ""
containerID: 1
datanodeUuid: "e6303cd0-aa6e-4f0b-8227-f9fc00433fb7"
createContainer {
}
, data.size=0 due to java.util.concurrent.CompletionException: org.apache.ratis.protocol.exceptions.AlreadyClosedException: SlidingWindow$Client:client-C9B12915CFDF->RAFT is closed.
2024-02-10 23:48:36,597 [main] INFO  ozone.MiniOzoneClusterImpl (MiniOzoneClusterImpl.java:shutdown(441)) - Shutting down the Mini Ozone Cluster
2024-02-10 23:48:36,597 [main] INFO  db.CodecTestUtil (CodecTestUtil.java:gc(50)) - gc 0
2024-02-10 23:48:36,923 [main] INFO  ozone.MiniOzoneClusterImpl (MiniOzoneClusterImpl.java:stop(457)) - Stopping the Mini Ozone Cluster
2024-02-10 23:48:36,923 [main] INFO  om.OzoneManager (OzoneManager.java:stop(2203)) - om1[localhost:15271]: Stopping Ozone Manager
2024-02-10 23:48:36,923 [main] INFO  ipc.Server (Server.java:stop(3523)) - Stopping server on 15271
2024-02-10 23:48:36,926 [IPC Server listener on 15271] INFO  ipc.Server (Server.java:run(1434)) - Stopping IPC Server listener on 15271
2024-02-10 23:48:36,926 [IPC Server Responder] INFO  ipc.Server (Server.java:run(1567)) - Stopping IPC Server Responder
2024-02-10 23:48:36,926 [main] INFO  ratis.OzoneManagerRatisServer (OzoneManagerRatisServer.java:stop(594)) - Stopping org.apache.hadoop.ozone.om.ratis.OzoneManagerRatisServer@3e96d749 at port 15274
2024-02-10 23:48:36,926 [main] INFO  server.RaftServer (RaftServerProxy.java:lambda$close$9(416)) - om1: close
2024-02-10 23:48:36,926 [main] INFO  server.GrpcService (GrpcService.java:closeImpl(311)) - om1: shutdown server GrpcServerProtocolService now
2024-02-10 23:48:36,926 [om1-impl-thread1] INFO  server.RaftServer$Division (RaftServerImpl.java:lambda$close$3(526)) - om1@group-C5BA1605619E: shutdown
2024-02-10 23:48:36,926 [om1-impl-thread1] INFO  util.JmxRegister (JmxRegister.java:unregister(73)) - Successfully un-registered JMX Bean with object name Ratis:service=RaftServer,group=group-C5BA1605619E,id=om1
2024-02-10 23:48:36,926 [om1-impl-thread1] INFO  impl.RoleInfo (RoleInfo.java:shutdownLeaderState(94)) - om1: shutdown om1@group-C5BA1605619E-LeaderStateImpl
2024-02-10 23:48:36,927 [om1-impl-thread1] INFO  impl.PendingRequests (PendingRequests.java:sendNotLeaderResponses(289)) - om1@group-C5BA1605619E-PendingRequests: sendNotLeaderResponses
2024-02-10 23:48:36,930 [main] INFO  server.GrpcService (GrpcService.java:closeImpl(320)) - om1: shutdown server GrpcServerProtocolService successfully
2024-02-10 23:48:36,930 [om1@group-C5BA1605619E-StateMachineUpdater] INFO  ratis.OzoneManagerStateMachine (OzoneManagerStateMachine.java:takeSnapshotImpl(469)) -  applied = (t:1, i:3)
2024-02-10 23:48:36,932 [om1@group-C5BA1605619E-StateMachineUpdater] INFO  ratis.OzoneManagerStateMachine (OzoneManagerStateMachine.java:takeSnapshotImpl(470)) -  skipped = 3
2024-02-10 23:48:36,930 [om1-impl-thread1] INFO  impl.StateMachineUpdater (StateMachineUpdater.java:stopAndJoin(157)) - om1@group-C5BA1605619E-StateMachineUpdater: set stopIndex = 4
2024-02-10 23:48:36,932 [om1@group-C5BA1605619E-StateMachineUpdater] INFO  ratis.OzoneManagerStateMachine (OzoneManagerStateMachine.java:takeSnapshotImpl(471)) - notified = (t:1, i:4)
2024-02-10 23:48:36,933 [om1@group-C5BA1605619E-StateMachineUpdater] INFO  ratis.OzoneManagerStateMachine (OzoneManagerStateMachine.java:takeSnapshotImpl(472)) - snapshot = (t:1, i:4)
2024-02-10 23:48:36,946 [om1@group-C5BA1605619E-StateMachineUpdater] INFO  impl.StateMachineUpdater (StateMachineUpdater.java:takeSnapshot(295)) - om1@group-C5BA1605619E-StateMachineUpdater: Took a snapshot at index 4
2024-02-10 23:48:36,946 [om1@group-C5BA1605619E-StateMachineUpdater] INFO  impl.StateMachineUpdater (StateMachineUpdater.java:lambda$new$0(98)) - om1@group-C5BA1605619E-StateMachineUpdater: snapshotIndex: updateIncreasingly -1 -> 4
2024-02-10 23:48:36,946 [om1@group-C5BA1605619E-StateMachineUpdater] INFO  ratis.OzoneManagerStateMachine (OzoneManagerStateMachine.java:close(515)) - Stopping OzoneManagerStateMachine:om1:group-C5BA1605619E.
2024-02-10 23:48:36,946 [om1@group-C5BA1605619E-StateMachineUpdater] INFO  ratis.OzoneManagerDoubleBuffer (OzoneManagerDoubleBuffer.java:stopDaemon(514)) - Stopping OMDoubleBuffer flush thread
2024-02-10 23:48:36,946 [om1-OMDoubleBufferFlushThread] INFO  ratis.OzoneManagerDoubleBuffer (OzoneManagerDoubleBuffer.java:canFlush(578)) - OMDoubleBuffer flush thread om1-OMDoubleBufferFlushThread is interrupted and will exit.
2024-02-10 23:48:36,947 [om1-impl-thread1] INFO  server.RaftServer$Division (ServerState.java:close(427)) - om1@group-C5BA1605619E: applyIndex: 3
2024-02-10 23:48:36,947 [om1@group-C5BA1605619E-cacheEviction-AwaitToRun] INFO  util.AwaitToRun (AwaitToRun.java:run(49)) - om1@group-C5BA1605619E-cacheEviction-AwaitToRun-AwaitForSignal is interrupted
2024-02-10 23:48:37,247 [om1-impl-thread1] INFO  segmented.SegmentedRaftLogWorker (SegmentedRaftLogWorker.java:close(245)) - om1@group-C5BA1605619E-SegmentedRaftLogWorker close()
2024-02-10 23:48:37,248 [JvmPauseMonitor34] INFO  util.JvmPauseMonitor (JvmPauseMonitor.java:run(152)) - JvmPauseMonitor-om1: Stopped
2024-02-10 23:48:37,248 [main] INFO  utils.BackgroundService (BackgroundService.java:shutdown(160)) - Shutting down service KeyDeletingService
2024-02-10 23:48:37,249 [main] INFO  utils.BackgroundService (BackgroundService.java:shutdown(160)) - Shutting down service DirectoryDeletingService
2024-02-10 23:48:37,249 [main] INFO  utils.BackgroundService (BackgroundService.java:shutdown(160)) - Shutting down service OpenKeyCleanupService
2024-02-10 23:48:37,249 [main] INFO  utils.BackgroundService (BackgroundService.java:shutdown(160)) - Shutting down service SstFilteringService
2024-02-10 23:48:37,249 [main] INFO  utils.BackgroundService (BackgroundService.java:shutdown(160)) - Shutting down service SnapshotDeletingService
2024-02-10 23:48:37,249 [main] INFO  utils.BackgroundService (BackgroundService.java:shutdown(160)) - Shutting down service MultipartUploadCleanupService
2024-02-10 23:48:37,250 [main] INFO  utils.BackgroundService (BackgroundService.java:shutdown(160)) - Shutting down service SnapshotDirectoryCleaningService
2024-02-10 23:48:37,250 [main] INFO  handler.ContextHandler (ContextHandler.java:doStop(1159)) - Stopped o.e.j.w.WebAppContext@78c84e0b{ozoneManager,/,null,STOPPED}{file:/home/runner/work/ozone/ozone/hadoop-ozone/integration-test/target/test-classes/webapps/ozoneManager}
2024-02-10 23:48:37,251 [main] INFO  server.AbstractConnector (AbstractConnector.java:doStop(383)) - Stopped ServerConnector@3493ca6f{HTTP/1.1, (http/1.1)}{0.0.0.0:15272}
2024-02-10 23:48:37,251 [main] INFO  server.session (HouseKeeper.java:stopScavenging(149)) - node0 Stopped scavenging
2024-02-10 23:48:37,251 [main] INFO  handler.ContextHandler (ContextHandler.java:doStop(1159)) - Stopped o.e.j.s.ServletContextHandler@41825c0{static,/static,file:///home/runner/work/ozone/ozone/hadoop-ozone/integration-test/target/test-classes/webapps/static,STOPPED}
2024-02-10 23:48:37,251 [main] INFO  handler.ContextHandler (ContextHandler.java:doStop(1159)) - Stopped o.e.j.s.ServletContextHandler@40c9bcaa{logs,/logs,file:///home/runner/work/ozone/ozone/hadoop-ozone/integration-test/target/log,STOPPED}
2024-02-10 23:48:37,252 [main] INFO  rocksdiff.RocksDBCheckpointDiffer (RocksDBCheckpointDiffer.java:close(310)) - Shutting down CompactionDagPruningService.
2024-02-10 23:48:37,253 [main] INFO  snapshot.SnapshotDiffManager (SnapshotDiffManager.java:closeExecutorService(1684)) - Shutting down executorService: 'SnapDiffExecutor'
2024-02-10 23:48:37,253 [main] INFO  snapshot.SnapshotDiffManager (SnapshotDiffManager.java:closeExecutorService(1684)) - Shutting down executorService: 'SstDumpToolExecutor'
2024-02-10 23:48:37,253 [main] INFO  utils.BackgroundService (BackgroundService.java:shutdown(160)) - Shutting down service SnapshotDiffCleanupService
2024-02-10 23:48:37,254 [main] INFO  ozone.MiniOzoneClusterImpl (MiniOzoneClusterImpl.java:stopDatanodes(527)) - Stopping the HddsDatanodes
2024-02-10 23:48:37,260 [main] INFO  ozoneimpl.OzoneContainer (OzoneContainer.java:stop(481)) - Attempting to stop container services.
2024-02-10 23:48:37,260 [ForkJoinPool.commonPool-worker-2] INFO  ozoneimpl.OzoneContainer (OzoneContainer.java:stop(481)) - Attempting to stop container services.
2024-02-10 23:48:37,260 [ForkJoinPool.commonPool-worker-3] INFO  ozoneimpl.OzoneContainer (OzoneContainer.java:stop(481)) - Attempting to stop container services.
2024-02-10 23:48:37,261 [ForkJoinPool.commonPool-worker-1] INFO  ozoneimpl.OzoneContainer (OzoneContainer.java:stop(481)) - Attempting to stop container services.
2024-02-10 23:48:37,262 [ForkJoinPool.commonPool-worker-2] INFO  server.RaftServer (RaftServerProxy.java:lambda$close$9(416)) - e6303cd0-aa6e-4f0b-8227-f9fc00433fb7: close
2024-02-10 23:48:37,262 [ForkJoinPool.commonPool-worker-1] INFO  server.RaftServer (RaftServerProxy.java:lambda$close$9(416)) - 5708a1f9-d8fb-4b3a-b759-64b1395b16e1: close
2024-02-10 23:48:37,262 [ForkJoinPool.commonPool-worker-3] INFO  server.RaftServer (RaftServerProxy.java:lambda$close$9(416)) - 73a2e683-eab9-4fa9-bf1b-2a740f4e4743: close
2024-02-10 23:48:37,262 [e6303cd0-aa6e-4f0b-8227-f9fc00433fb7-impl-thread2] INFO  server.RaftServer$Division (RaftServerImpl.java:lambda$close$3(526)) - e6303cd0-aa6e-4f0b-8227-f9fc00433fb7@group-50E16CFB81C8: shutdown
2024-02-10 23:48:37,262 [73a2e683-eab9-4fa9-bf1b-2a740f4e4743-impl-thread1] INFO  server.RaftServer$Division (RaftServerImpl.java:lambda$close$3(526)) - 73a2e683-eab9-4fa9-bf1b-2a740f4e4743@group-3C9E2FD7329A: shutdown
2024-02-10 23:48:37,262 [5708a1f9-d8fb-4b3a-b759-64b1395b16e1-impl-thread1] INFO  server.RaftServer$Division (RaftServerImpl.java:lambda$close$3(526)) - 5708a1f9-d8fb-4b3a-b759-64b1395b16e1@group-3C9E2FD7329A: shutdown
2024-02-10 23:48:37,262 [5708a1f9-d8fb-4b3a-b759-64b1395b16e1-impl-thread2] INFO  server.RaftServer$Division (RaftServerImpl.java:lambda$close$3(526)) - 5708a1f9-d8fb-4b3a-b759-64b1395b16e1@group-EB083675F544: shutdown
2024-02-10 23:48:37,262 [ForkJoinPool.commonPool-worker-2] INFO  server.GrpcService (GrpcService.java:closeImpl(311)) - e6303cd0-aa6e-4f0b-8227-f9fc00433fb7: shutdown server org.apache.ratis.grpc.server.GrpcClientProtocolService now
2024-02-10 23:48:37,263 [ForkJoinPool.commonPool-worker-3] INFO  server.GrpcService (GrpcService.java:closeImpl(311)) - 73a2e683-eab9-4fa9-bf1b-2a740f4e4743: shutdown server org.apache.ratis.grpc.server.GrpcClientProtocolService now
2024-02-10 23:48:37,263 [73a2e683-eab9-4fa9-bf1b-2a740f4e4743-impl-thread2] INFO  server.RaftServer$Division (RaftServerImpl.java:lambda$close$3(526)) - 73a2e683-eab9-4fa9-bf1b-2a740f4e4743@group-05DEAA5C2E1F: shutdown
2024-02-10 23:48:37,263 [73a2e683-eab9-4fa9-bf1b-2a740f4e4743-impl-thread2] INFO  util.JmxRegister (JmxRegister.java:unregister(73)) - Successfully un-registered JMX Bean with object name Ratis:service=RaftServer,group=group-05DEAA5C2E1F,id=73a2e683-eab9-4fa9-bf1b-2a740f4e4743
2024-02-10 23:48:37,264 [73a2e683-eab9-4fa9-bf1b-2a740f4e4743-impl-thread2] INFO  impl.RoleInfo (RoleInfo.java:shutdownLeaderState(94)) - 73a2e683-eab9-4fa9-bf1b-2a740f4e4743: shutdown 73a2e683-eab9-4fa9-bf1b-2a740f4e4743@group-05DEAA5C2E1F-LeaderStateImpl
2024-02-10 23:48:37,264 [73a2e683-eab9-4fa9-bf1b-2a740f4e4743-impl-thread2] INFO  impl.PendingRequests (PendingRequests.java:sendNotLeaderResponses(289)) - 73a2e683-eab9-4fa9-bf1b-2a740f4e4743@group-05DEAA5C2E1F-PendingRequests: sendNotLeaderResponses
2024-02-10 23:48:37,264 [73a2e683-eab9-4fa9-bf1b-2a740f4e4743-impl-thread2] INFO  impl.StateMachineUpdater (StateMachineUpdater.java:stopAndJoin(157)) - 73a2e683-eab9-4fa9-bf1b-2a740f4e4743@group-05DEAA5C2E1F-StateMachineUpdater: set stopIndex = 0
2024-02-10 23:48:37,262 [e6303cd0-aa6e-4f0b-8227-f9fc00433fb7-impl-thread1] INFO  server.RaftServer$Division (RaftServerImpl.java:lambda$close$3(526)) - e6303cd0-aa6e-4f0b-8227-f9fc00433fb7@group-CD69DA698925: shutdown
2024-02-10 23:48:37,264 [e6303cd0-aa6e-4f0b-8227-f9fc00433fb7-impl-thread1] INFO  util.JmxRegister (JmxRegister.java:unregister(73)) - Successfully un-registered JMX Bean with object name Ratis:service=RaftServer,group=group-CD69DA698925,id=e6303cd0-aa6e-4f0b-8227-f9fc00433fb7
2024-02-10 23:48:37,264 [e6303cd0-aa6e-4f0b-8227-f9fc00433fb7-impl-thread1] INFO  impl.RoleInfo (RoleInfo.java:shutdownLeaderState(94)) - e6303cd0-aa6e-4f0b-8227-f9fc00433fb7: shutdown e6303cd0-aa6e-4f0b-8227-f9fc00433fb7@group-CD69DA698925-LeaderStateImpl
2024-02-10 23:48:37,264 [73a2e683-eab9-4fa9-bf1b-2a740f4e4743@group-05DEAA5C2E1F-StateMachineUpdater] INFO  ratis.ContainerStateMachine (ContainerStateMachine.java:takeSnapshot(355)) - group-05DEAA5C2E1F: Taking a snapshot at:(t:1, i:0) file /home/runner/work/ozone/ozone/hadoop-ozone/integration-test/target/test-dir/MiniOzoneClusterImpl-da04a438-6ec0-4fc9-9b2e-e93c90459920/datanode-1/data/ratis/0924d68a-fb35-4c58-85a1-05deaa5c2e1f/sm/snapshot.1_0
2024-02-10 23:48:37,264 [Thread-4520] INFO  server.GrpcServerProtocolClient (GrpcServerProtocolClient.java:close(103)) - 64168508-e903-4327-b7bc-0572c2109e1a Close channels
2024-02-10 23:48:37,263 [main] INFO  server.RaftServer (RaftServerProxy.java:lambda$close$9(416)) - 33d73e87-4323-4d41-88d5-bb014deecef0: close
2024-02-10 23:48:37,265 [Thread-4522] INFO  server.GrpcServerProtocolClient (GrpcServerProtocolClient.java:close(103)) - f4d36fa5-ed0e-4d34-ba3c-8c17cce67bcd Close channels
2024-02-10 23:48:37,262 [5708a1f9-d8fb-4b3a-b759-64b1395b16e1-impl-thread2] INFO  util.JmxRegister (JmxRegister.java:unregister(73)) - Successfully un-registered JMX Bean with object name Ratis:service=RaftServer,group=group-EB083675F544,id=5708a1f9-d8fb-4b3a-b759-64b1395b16e1
2024-02-10 23:48:37,265 [73a2e683-eab9-4fa9-bf1b-2a740f4e4743@group-05DEAA5C2E1F-StateMachineUpdater] INFO  ratis.ContainerStateMachine (ContainerStateMachine.java:takeSnapshot(366)) - group-05DEAA5C2E1F: Finished taking a snapshot at:(t:1, i:0) file:/home/runner/work/ozone/ozone/hadoop-ozone/integration-test/target/test-dir/MiniOzoneClusterImpl-da04a438-6ec0-4fc9-9b2e-e93c90459920/datanode-1/data/ratis/0924d68a-fb35-4c58-85a1-05deaa5c2e1f/sm/snapshot.1_0 took: 1 ms
2024-02-10 23:48:37,265 [73a2e683-eab9-4fa9-bf1b-2a740f4e4743@group-05DEAA5C2E1F-StateMachineUpdater] INFO  impl.StateMachineUpdater (StateMachineUpdater.java:takeSnapshot(295)) - 73a2e683-eab9-4fa9-bf1b-2a740f4e4743@group-05DEAA5C2E1F-StateMachineUpdater: Took a snapshot at index 0
2024-02-10 23:48:37,265 [73a2e683-eab9-4fa9-bf1b-2a740f4e4743@group-05DEAA5C2E1F-StateMachineUpdater] INFO  impl.StateMachineUpdater (StateMachineUpdater.java:lambda$new$0(98)) - 73a2e683-eab9-4fa9-bf1b-2a740f4e4743@group-05DEAA5C2E1F-StateMachineUpdater: snapshotIndex: updateIncreasingly -1 -> 0
2024-02-10 23:48:37,265 [73a2e683-eab9-4fa9-bf1b-2a740f4e4743-impl-thread2] INFO  server.RaftServer$Division (ServerState.java:close(427)) - 73a2e683-eab9-4fa9-bf1b-2a740f4e4743@group-05DEAA5C2E1F: applyIndex: 0
2024-02-10 23:48:37,262 [5708a1f9-d8fb-4b3a-b759-64b1395b16e1-impl-thread1] INFO  util.JmxRegister (JmxRegister.java:unregister(73)) - Successfully un-registered JMX Bean with object name Ratis:service=RaftServer,group=group-3C9E2FD7329A,id=5708a1f9-d8fb-4b3a-b759-64b1395b16e1
2024-02-10 23:48:37,266 [5708a1f9-d8fb-4b3a-b759-64b1395b16e1-impl-thread1] INFO  impl.RoleInfo (RoleInfo.java:shutdownLeaderState(94)) - 5708a1f9-d8fb-4b3a-b759-64b1395b16e1: shutdown 5708a1f9-d8fb-4b3a-b759-64b1395b16e1@group-3C9E2FD7329A-LeaderStateImpl
2024-02-10 23:48:37,262 [73a2e683-eab9-4fa9-bf1b-2a740f4e4743-impl-thread1] INFO  util.JmxRegister (JmxRegister.java:unregister(73)) - Successfully un-registered JMX Bean with object name Ratis:service=RaftServer,group=group-3C9E2FD7329A,id=73a2e683-eab9-4fa9-bf1b-2a740f4e4743
2024-02-10 23:48:37,266 [73a2e683-eab9-4fa9-bf1b-2a740f4e4743-impl-thread1] INFO  impl.RoleInfo (RoleInfo.java:shutdownFollowerState(110)) - 73a2e683-eab9-4fa9-bf1b-2a740f4e4743: shutdown 73a2e683-eab9-4fa9-bf1b-2a740f4e4743@group-3C9E2FD7329A-FollowerState
2024-02-10 23:48:37,262 [e6303cd0-aa6e-4f0b-8227-f9fc00433fb7-impl-thread2] INFO  util.JmxRegister (JmxRegister.java:unregister(73)) - Successfully un-registered JMX Bean with object name Ratis:service=RaftServer,group=group-50E16CFB81C8,id=e6303cd0-aa6e-4f0b-8227-f9fc00433fb7
2024-02-10 23:48:37,267 [e6303cd0-aa6e-4f0b-8227-f9fc00433fb7-impl-thread2] INFO  impl.RoleInfo (RoleInfo.java:shutdownLeaderState(94)) - e6303cd0-aa6e-4f0b-8227-f9fc00433fb7: shutdown e6303cd0-aa6e-4f0b-8227-f9fc00433fb7@group-50E16CFB81C8-LeaderStateImpl
2024-02-10 23:48:37,262 [ForkJoinPool.commonPool-worker-1] INFO  server.GrpcService (GrpcService.java:closeImpl(311)) - 5708a1f9-d8fb-4b3a-b759-64b1395b16e1: shutdown server org.apache.ratis.grpc.server.GrpcClientProtocolService now
2024-02-10 23:48:37,265 [5708a1f9-d8fb-4b3a-b759-64b1395b16e1-impl-thread2] INFO  impl.RoleInfo (RoleInfo.java:shutdownLeaderState(94)) - 5708a1f9-d8fb-4b3a-b759-64b1395b16e1: shutdown 5708a1f9-d8fb-4b3a-b759-64b1395b16e1@group-EB083675F544-LeaderStateImpl
2024-02-10 23:48:37,264 [e6303cd0-aa6e-4f0b-8227-f9fc00433fb7-impl-thread1] INFO  impl.PendingRequests (PendingRequests.java:sendNotLeaderResponses(289)) - e6303cd0-aa6e-4f0b-8227-f9fc00433fb7@group-CD69DA698925-PendingRequests: sendNotLeaderResponses
2024-02-10 23:48:37,268 [5708a1f9-d8fb-4b3a-b759-64b1395b16e1-impl-thread2] INFO  impl.PendingRequests (PendingRequests.java:sendNotLeaderResponses(289)) - 5708a1f9-d8fb-4b3a-b759-64b1395b16e1@group-EB083675F544-PendingRequests: sendNotLeaderResponses
2024-02-10 23:48:37,268 [e6303cd0-aa6e-4f0b-8227-f9fc00433fb7-impl-thread1] INFO  impl.StateMachineUpdater (StateMachineUpdater.java:stopAndJoin(157)) - e6303cd0-aa6e-4f0b-8227-f9fc00433fb7@group-CD69DA698925-StateMachineUpdater: set stopIndex = 0
2024-02-10 23:48:37,268 [5708a1f9-d8fb-4b3a-b759-64b1395b16e1@group-EB083675F544-StateMachineUpdater] INFO  ratis.ContainerStateMachine (ContainerStateMachine.java:takeSnapshot(355)) - group-EB083675F544: Taking a snapshot at:(t:1, i:0) file /home/runner/work/ozone/ozone/hadoop-ozone/integration-test/target/test-dir/MiniOzoneClusterImpl-da04a438-6ec0-4fc9-9b2e-e93c90459920/datanode-2/data/ratis/7c7c5023-aee7-4948-b3b1-eb083675f544/sm/snapshot.1_0
2024-02-10 23:48:37,268 [Thread-4525] INFO  server.GrpcServerProtocolClient (GrpcServerProtocolClient.java:close(103)) - f41b6dce-8722-4706-80fd-a8b218830cd7 Close channels
2024-02-10 23:48:37,268 [5708a1f9-d8fb-4b3a-b759-64b1395b16e1-impl-thread2] INFO  impl.StateMachineUpdater (StateMachineUpdater.java:stopAndJoin(157)) - 5708a1f9-d8fb-4b3a-b759-64b1395b16e1@group-EB083675F544-StateMachineUpdater: set stopIndex = 0
2024-02-10 23:48:37,270 [e6303cd0-aa6e-4f0b-8227-f9fc00433fb7@group-CD69DA698925-StateMachineUpdater] INFO  ratis.ContainerStateMachine (ContainerStateMachine.java:takeSnapshot(355)) - group-CD69DA698925: Taking a snapshot at:(t:1, i:0) file /home/runner/work/ozone/ozone/hadoop-ozone/integration-test/target/test-dir/MiniOzoneClusterImpl-da04a438-6ec0-4fc9-9b2e-e93c90459920/datanode-7/data/ratis/164a1b73-9984-445d-a676-cd69da698925/sm/snapshot.1_0
2024-02-10 23:48:37,270 [5708a1f9-d8fb-4b3a-b759-64b1395b16e1@group-EB083675F544-StateMachineUpdater] INFO  ratis.ContainerStateMachine (ContainerStateMachine.java:takeSnapshot(366)) - group-EB083675F544: Finished taking a snapshot at:(t:1, i:0) file:/home/runner/work/ozone/ozone/hadoop-ozone/integration-test/target/test-dir/MiniOzoneClusterImpl-da04a438-6ec0-4fc9-9b2e-e93c90459920/datanode-2/data/ratis/7c7c5023-aee7-4948-b3b1-eb083675f544/sm/snapshot.1_0 took: 2 ms
2024-02-10 23:48:37,270 [5708a1f9-d8fb-4b3a-b759-64b1395b16e1@group-EB083675F544-StateMachineUpdater] INFO  impl.StateMachineUpdater (StateMachineUpdater.java:takeSnapshot(295)) - 5708a1f9-d8fb-4b3a-b759-64b1395b16e1@group-EB083675F544-StateMachineUpdater: Took a snapshot at index 0
2024-02-10 23:48:37,270 [5708a1f9-d8fb-4b3a-b759-64b1395b16e1@group-EB083675F544-StateMachineUpdater] INFO  impl.StateMachineUpdater (StateMachineUpdater.java:lambda$new$0(98)) - 5708a1f9-d8fb-4b3a-b759-64b1395b16e1@group-EB083675F544-StateMachineUpdater: snapshotIndex: updateIncreasingly -1 -> 0
2024-02-10 23:48:37,270 [e6303cd0-aa6e-4f0b-8227-f9fc00433fb7@group-CD69DA698925-StateMachineUpdater] INFO  ratis.ContainerStateMachine (ContainerStateMachine.java:takeSnapshot(366)) - group-CD69DA698925: Finished taking a snapshot at:(t:1, i:0) file:/home/runner/work/ozone/ozone/hadoop-ozone/integration-test/target/test-dir/MiniOzoneClusterImpl-da04a438-6ec0-4fc9-9b2e-e93c90459920/datanode-7/data/ratis/164a1b73-9984-445d-a676-cd69da698925/sm/snapshot.1_0 took: 0 ms
2024-02-10 23:48:37,270 [5708a1f9-d8fb-4b3a-b759-64b1395b16e1-impl-thread2] INFO  server.RaftServer$Division (ServerState.java:close(427)) - 5708a1f9-d8fb-4b3a-b759-64b1395b16e1@group-EB083675F544: applyIndex: 0
2024-02-10 23:48:37,270 [e6303cd0-aa6e-4f0b-8227-f9fc00433fb7@group-CD69DA698925-StateMachineUpdater] INFO  impl.StateMachineUpdater (StateMachineUpdater.java:takeSnapshot(295)) - e6303cd0-aa6e-4f0b-8227-f9fc00433fb7@group-CD69DA698925-StateMachineUpdater: Took a snapshot at index 0
2024-02-10 23:48:37,270 [Thread-4527] INFO  server.GrpcServerProtocolClient (GrpcServerProtocolClient.java:close(103)) - 73a2e683-eab9-4fa9-bf1b-2a740f4e4743 Close channels
2024-02-10 23:48:37,270 [e6303cd0-aa6e-4f0b-8227-f9fc00433fb7@group-CD69DA698925-StateMachineUpdater] INFO  impl.StateMachineUpdater (StateMachineUpdater.java:lambda$new$0(98)) - e6303cd0-aa6e-4f0b-8227-f9fc00433fb7@group-CD69DA698925-StateMachineUpdater: snapshotIndex: updateIncreasingly -1 -> 0
2024-02-10 23:48:37,271 [e6303cd0-aa6e-4f0b-8227-f9fc00433fb7-impl-thread1] INFO  server.RaftServer$Division (ServerState.java:close(427)) - e6303cd0-aa6e-4f0b-8227-f9fc00433fb7@group-CD69DA698925: applyIndex: 0
2024-02-10 23:48:37,272 [ForkJoinPool.commonPool-worker-3] INFO  server.GrpcService (GrpcService.java:closeImpl(320)) - 73a2e683-eab9-4fa9-bf1b-2a740f4e4743: shutdown server org.apache.ratis.grpc.server.GrpcClientProtocolService successfully
2024-02-10 23:48:37,272 [ForkJoinPool.commonPool-worker-3] INFO  server.GrpcService (GrpcService.java:closeImpl(311)) - 73a2e683-eab9-4fa9-bf1b-2a740f4e4743: shutdown server GrpcServerProtocolService now
2024-02-10 23:48:37,276 [e6303cd0-aa6e-4f0b-8227-f9fc00433fb7-impl-thread2] INFO  impl.PendingRequests (PendingRequests.java:sendNotLeaderResponses(289)) - e6303cd0-aa6e-4f0b-8227-f9fc00433fb7@group-50E16CFB81C8-PendingRequests: sendNotLeaderResponses
2024-02-10 23:48:37,276 [e6303cd0-aa6e-4f0b-8227-f9fc00433fb7@group-50E16CFB81C8->64168508-e903-4327-b7bc-0572c2109e1a-GrpcLogAppender-LogAppenderDaemon] WARN  server.GrpcLogAppender (GrpcLogAppender.java:mayWait(289)) - e6303cd0-aa6e-4f0b-8227-f9fc00433fb7@group-50E16CFB81C8->64168508-e903-4327-b7bc-0572c2109e1a-GrpcLogAppender: Wait interrupted by java.lang.InterruptedException
2024-02-10 23:48:37,277 [73a2e683-eab9-4fa9-bf1b-2a740f4e4743-impl-thread1] INFO  impl.StateMachineUpdater (StateMachineUpdater.java:stopAndJoin(157)) - 73a2e683-eab9-4fa9-bf1b-2a740f4e4743@group-3C9E2FD7329A-StateMachineUpdater: set stopIndex = 0
2024-02-10 23:48:37,277 [5708a1f9-d8fb-4b3a-b759-64b1395b16e1-impl-thread1] INFO  impl.PendingRequests (PendingRequests.java:sendNotLeaderResponses(289)) - 5708a1f9-d8fb-4b3a-b759-64b1395b16e1@group-3C9E2FD7329A-PendingRequests: sendNotLeaderResponses
2024-02-10 23:48:37,277 [grpc-default-executor-0] INFO  server.GrpcServerProtocolService (GrpcServerProtocolService.java:onCompleted(157)) - 64168508-e903-4327-b7bc-0572c2109e1a: Completed APPEND_ENTRIES, lastRequest: null
2024-02-10 23:48:37,277 [e6303cd0-aa6e-4f0b-8227-f9fc00433fb7@group-50E16CFB81C8->f4d36fa5-ed0e-4d34-ba3c-8c17cce67bcd-GrpcLogAppender-LogAppenderDaemon] WARN  server.GrpcLogAppender (GrpcLogAppender.java:mayWait(289)) - e6303cd0-aa6e-4f0b-8227-f9fc00433fb7@group-50E16CFB81C8->f4d36fa5-ed0e-4d34-ba3c-8c17cce67bcd-GrpcLogAppender: Wait interrupted by java.lang.InterruptedException
2024-02-10 23:48:37,277 [5708a1f9-d8fb-4b3a-b759-64b1395b16e1@group-3C9E2FD7329A->73a2e683-eab9-4fa9-bf1b-2a740f4e4743-GrpcLogAppender-LogAppenderDaemon] WARN  server.GrpcLogAppender (GrpcLogAppender.java:mayWait(289)) - 5708a1f9-d8fb-4b3a-b759-64b1395b16e1@group-3C9E2FD7329A->73a2e683-eab9-4fa9-bf1b-2a740f4e4743-GrpcLogAppender: Wait interrupted by java.lang.InterruptedException
2024-02-10 23:48:37,277 [e6303cd0-aa6e-4f0b-8227-f9fc00433fb7-impl-thread2] INFO  impl.StateMachineUpdater (StateMachineUpdater.java:stopAndJoin(157)) - e6303cd0-aa6e-4f0b-8227-f9fc00433fb7@group-50E16CFB81C8-StateMachineUpdater: set stopIndex = 0
2024-02-10 23:48:37,277 [73a2e683-eab9-4fa9-bf1b-2a740f4e4743@group-05DEAA5C2E1F-cacheEviction-AwaitToRun] INFO  util.AwaitToRun (AwaitToRun.java:run(49)) - 73a2e683-eab9-4fa9-bf1b-2a740f4e4743@group-05DEAA5C2E1F-cacheEviction-AwaitToRun-AwaitForSignal is interrupted
2024-02-10 23:48:37,277 [5708a1f9-d8fb-4b3a-b759-64b1395b16e1@group-3C9E2FD7329A->f41b6dce-8722-4706-80fd-a8b218830cd7-GrpcLogAppender-LogAppenderDaemon] WARN  server.GrpcLogAppender (GrpcLogAppender.java:mayWait(289)) - 5708a1f9-d8fb-4b3a-b759-64b1395b16e1@group-3C9E2FD7329A->f41b6dce-8722-4706-80fd-a8b218830cd7-GrpcLogAppender: Wait interrupted by java.lang.InterruptedException
2024-02-10 23:48:37,277 [e6303cd0-aa6e-4f0b-8227-f9fc00433fb7@group-50E16CFB81C8-StateMachineUpdater] INFO  ratis.ContainerStateMachine (ContainerStateMachine.java:takeSnapshot(355)) - group-50E16CFB81C8: Taking a snapshot at:(t:1, i:0) file /home/runner/work/ozone/ozone/hadoop-ozone/integration-test/target/test-dir/MiniOzoneClusterImpl-da04a438-6ec0-4fc9-9b2e-e93c90459920/datanode-7/data/ratis/6f4d2cd4-5cfc-44ba-abd0-50e16cfb81c8/sm/snapshot.1_0
2024-02-10 23:48:37,278 [73a2e683-eab9-4fa9-bf1b-2a740f4e4743@group-3C9E2FD7329A-FollowerState] INFO  impl.FollowerState (FollowerState.java:run(152)) - 73a2e683-eab9-4fa9-bf1b-2a740f4e4743@group-3C9E2FD7329A-FollowerState was interrupted
2024-02-10 23:48:37,277 [grpc-default-executor-0] INFO  server.GrpcServerProtocolService (GrpcServerProtocolService.java:lambda$onCompleted$5(159)) - 64168508-e903-4327-b7bc-0572c2109e1a: Completed APPEND_ENTRIES, lastReply: serverReply {
  requestorId: "e6303cd0-aa6e-4f0b-8227-f9fc00433fb7"
  replyId: "64168508-e903-4327-b7bc-0572c2109e1a"
  raftGroupId {
    id: "oM,\324\\\374D\272\253\320P\341l\373\201\310"
  }
  callId: 9
  success: true
}
term: 1
nextIndex: 1
matchIndex: 18446744073709551615
isHearbeat: true

2024-02-10 23:48:37,278 [33d73e87-4323-4d41-88d5-bb014deecef0-impl-thread1] INFO  server.RaftServer$Division (RaftServerImpl.java:lambda$close$3(526)) - 33d73e87-4323-4d41-88d5-bb014deecef0@group-580B5A2D7CDC: shutdown
2024-02-10 23:48:37,278 [5708a1f9-d8fb-4b3a-b759-64b1395b16e1-impl-thread1] INFO  impl.StateMachineUpdater (StateMachineUpdater.java:stopAndJoin(157)) - 5708a1f9-d8fb-4b3a-b759-64b1395b16e1@group-3C9E2FD7329A-StateMachineUpdater: set stopIndex = 0
2024-02-10 23:48:37,278 [5708a1f9-d8fb-4b3a-b759-64b1395b16e1@group-3C9E2FD7329A-StateMachineUpdater] INFO  ratis.ContainerStateMachine (ContainerStateMachine.java:takeSnapshot(355)) - group-3C9E2FD7329A: Taking a snapshot at:(t:1, i:0) file /home/runner/work/ozone/ozone/hadoop-ozone/integration-test/target/test-dir/MiniOzoneClusterImpl-da04a438-6ec0-4fc9-9b2e-e93c90459920/datanode-2/data/ratis/7d247535-67c6-479f-9f3e-3c9e2fd7329a/sm/snapshot.1_0
2024-02-10 23:48:37,278 [grpc-default-executor-2] INFO  server.GrpcServerProtocolService (GrpcServerProtocolService.java:onCompleted(157)) - f41b6dce-8722-4706-80fd-a8b218830cd7: Completed APPEND_ENTRIES, lastRequest: null
2024-02-10 23:48:37,278 [grpc-default-executor-4] INFO  server.GrpcServerProtocolService (GrpcServerProtocolService.java:onCompleted(157)) - 73a2e683-eab9-4fa9-bf1b-2a740f4e4743: Completed APPEND_ENTRIES, lastRequest: 5708a1f9-d8fb-4b3a-b759-64b1395b16e1->73a2e683-eab9-4fa9-bf1b-2a740f4e4743#1-t1,previous=(t:0, i:0),leaderCommit=-1,initializing? false,entries: size=1, first=(t:1, i:0), CONFIGURATIONENTRY(current:id: "f41b6dce-8722-4706-80fd-a8b218830cd7"
address: "10.1.0.12:15281"
dataStreamAddress: "10.1.0.12:15282"
clientAddress: "10.1.0.12:15279"
adminAddress: "10.1.0.12:15280"
startupRole: FOLLOWER
,id: "73a2e683-eab9-4fa9-bf1b-2a740f4e4743"
address: "10.1.0.12:15290"
dataStreamAddress: "10.1.0.12:15291"
clientAddress: "10.1.0.12:15288"
adminAddress: "10.1.0.12:15289"
startupRole: FOLLOWER
,id: "5708a1f9-d8fb-4b3a-b759-64b1395b16e1"
address: "10.1.0.12:15299"
priority: 1
dataStreamAddress: "10.1.0.12:15300"
clientAddress: "10.1.0.12:15297"
adminAddress: "10.1.0.12:15298"
startupRole: FOLLOWER
, old:)
2024-02-10 23:48:37,278 [grpc-default-executor-4] INFO  server.GrpcServerProtocolService (GrpcServerProtocolService.java:lambda$onCompleted$5(159)) - 73a2e683-eab9-4fa9-bf1b-2a740f4e4743: Completed APPEND_ENTRIES, lastReply: null
2024-02-10 23:48:37,278 [grpc-default-executor-3] INFO  server.GrpcServerProtocolService (GrpcServerProtocolService.java:onCompleted(157)) - 73a2e683-eab9-4fa9-bf1b-2a740f4e4743: Completed APPEND_ENTRIES, lastRequest: null
2024-02-10 23:48:37,278 [73a2e683-eab9-4fa9-bf1b-2a740f4e4743@group-3C9E2FD7329A-StateMachineUpdater] INFO  ratis.ContainerStateMachine (ContainerStateMachine.java:takeSnapshot(355)) - group-3C9E2FD7329A: Taking a snapshot at:(t:1, i:0) file /home/runner/work/ozone/ozone/hadoop-ozone/integration-test/target/test-dir/MiniOzoneClusterImpl-da04a438-6ec0-4fc9-9b2e-e93c90459920/datanode-1/data/ratis/7d247535-67c6-479f-9f3e-3c9e2fd7329a/sm/snapshot.1_0
2024-02-10 23:48:37,278 [grpc-default-executor-1] INFO  server.GrpcServerProtocolService (GrpcServerProtocolService.java:onCompleted(157)) - 64168508-e903-4327-b7bc-0572c2109e1a: Completed APPEND_ENTRIES, lastRequest: e6303cd0-aa6e-4f0b-8227-f9fc00433fb7->64168508-e903-4327-b7bc-0572c2109e1a#1-t1,previous=(t:0, i:0),leaderCommit=-1,initializing? false,entries: size=1, first=(t:1, i:0), CONFIGURATIONENTRY(current:id: "64168508-e903-4327-b7bc-0572c2109e1a"
address: "10.1.0.12:15335"
dataStreamAddress: "10.1.0.12:15336"
clientAddress: "10.1.0.12:15333"
adminAddress: "10.1.0.12:15334"
startupRole: FOLLOWER
,id: "e6303cd0-aa6e-4f0b-8227-f9fc00433fb7"
address: "10.1.0.12:15344"
priority: 1
dataStreamAddress: "10.1.0.12:15345"
clientAddress: "10.1.0.12:15342"
adminAddress: "10.1.0.12:15343"
startupRole: FOLLOWER
,id: "f4d36fa5-ed0e-4d34-ba3c-8c17cce67bcd"
address: "10.1.0.12:15353"
dataStreamAddress: "10.1.0.12:15354"
clientAddress: "10.1.0.12:15351"
adminAddress: "10.1.0.12:15352"
startupRole: FOLLOWER
, old:)
2024-02-10 23:48:37,278 [grpc-default-executor-3] INFO  server.GrpcServerProtocolService (GrpcServerProtocolService.java:lambda$onCompleted$5(159)) - 73a2e683-eab9-4fa9-bf1b-2a740f4e4743: Completed APPEND_ENTRIES, lastReply: serverReply {
  requestorId: "5708a1f9-d8fb-4b3a-b759-64b1395b16e1"
  replyId: "73a2e683-eab9-4fa9-bf1b-2a740f4e4743"
  raftGroupId {
    id: "}$u5g\306G\237\237><\236/\3272\232"
  }
  callId: 9
  success: true
}
term: 1
nextIndex: 1
matchIndex: 18446744073709551615
isHearbeat: true

2024-02-10 23:48:37,278 [grpc-default-executor-1] INFO  server.GrpcServerProtocolService (GrpcServerProtocolService.java:lambda$onCompleted$5(159)) - 64168508-e903-4327-b7bc-0572c2109e1a: Completed APPEND_ENTRIES, lastReply: null
2024-02-10 23:48:37,279 [main] INFO  server.GrpcService (GrpcService.java:closeImpl(311)) - 33d73e87-4323-4d41-88d5-bb014deecef0: shutdown server org.apache.ratis.grpc.server.GrpcClientProtocolService now
2024-02-10 23:48:37,278 [grpc-default-executor-2] INFO  server.GrpcServerProtocolService (GrpcServerProtocolService.java:lambda$onCompleted$5(159)) - f41b6dce-8722-4706-80fd-a8b218830cd7: Completed APPEND_ENTRIES, lastReply: serverReply {
  requestorId: "5708a1f9-d8fb-4b3a-b759-64b1395b16e1"
  replyId: "f41b6dce-8722-4706-80fd-a8b218830cd7"
  raftGroupId {
    id: "}$u5g\306G\237\237><\236/\3272\232"
  }
  callId: 7
  success: true
}
term: 1
nextIndex: 1
matchIndex: 18446744073709551615
isHearbeat: true

2024-02-10 23:48:37,278 [e6303cd0-aa6e-4f0b-8227-f9fc00433fb7@group-50E16CFB81C8-StateMachineUpdater] INFO  ratis.ContainerStateMachine (ContainerStateMachine.java:takeSnapshot(366)) - group-50E16CFB81C8: Finished taking a snapshot at:(t:1, i:0) file:/home/runner/work/ozone/ozone/hadoop-ozone/integration-test/target/test-dir/MiniOzoneClusterImpl-da04a438-6ec0-4fc9-9b2e-e93c90459920/datanode-7/data/ratis/6f4d2cd4-5cfc-44ba-abd0-50e16cfb81c8/sm/snapshot.1_0 took: 1 ms
2024-02-10 23:48:37,279 [e6303cd0-aa6e-4f0b-8227-f9fc00433fb7@group-50E16CFB81C8-StateMachineUpdater] INFO  impl.StateMachineUpdater (StateMachineUpdater.java:takeSnapshot(295)) - e6303cd0-aa6e-4f0b-8227-f9fc00433fb7@group-50E16CFB81C8-StateMachineUpdater: Took a snapshot at index 0
2024-02-10 23:48:37,279 [e6303cd0-aa6e-4f0b-8227-f9fc00433fb7@group-50E16CFB81C8-StateMachineUpdater] INFO  impl.StateMachineUpdater (StateMachineUpdater.java:lambda$new$0(98)) - e6303cd0-aa6e-4f0b-8227-f9fc00433fb7@group-50E16CFB81C8-StateMachineUpdater: snapshotIndex: updateIncreasingly -1 -> 0
2024-02-10 23:48:37,279 [33d73e87-4323-4d41-88d5-bb014deecef0-impl-thread1] INFO  util.JmxRegister (JmxRegister.java:unregister(73)) - Successfully un-registered JMX Bean with object name Ratis:service=RaftServer,group=group-580B5A2D7CDC,id=33d73e87-4323-4d41-88d5-bb014deecef0
2024-02-10 23:48:37,279 [33d73e87-4323-4d41-88d5-bb014deecef0-impl-thread2] INFO  server.RaftServer$Division (RaftServerImpl.java:lambda$close$3(526)) - 33d73e87-4323-4d41-88d5-bb014deecef0@group-21E4E35BF4D7: shutdown
2024-02-10 23:48:37,279 [33d73e87-4323-4d41-88d5-bb014deecef0-impl-thread1] INFO  impl.RoleInfo (RoleInfo.java:shutdownLeaderState(94)) - 33d73e87-4323-4d41-88d5-bb014deecef0: shutdown 33d73e87-4323-4d41-88d5-bb014deecef0@group-580B5A2D7CDC-LeaderStateImpl
2024-02-10 23:48:37,280 [33d73e87-4323-4d41-88d5-bb014deecef0-impl-thread1] INFO  impl.PendingRequests (PendingRequests.java:sendNotLeaderResponses(289)) - 33d73e87-4323-4d41-88d5-bb014deecef0@group-580B5A2D7CDC-PendingRequests: sendNotLeaderResponses
2024-02-10 23:48:37,280 [73a2e683-eab9-4fa9-bf1b-2a740f4e4743@group-3C9E2FD7329A-StateMachineUpdater] INFO  ratis.ContainerStateMachine (ContainerStateMachine.java:takeSnapshot(366)) - group-3C9E2FD7329A: Finished taking a snapshot at:(t:1, i:0) file:/home/runner/work/ozone/ozone/hadoop-ozone/integration-test/target/test-dir/MiniOzoneClusterImpl-da04a438-6ec0-4fc9-9b2e-e93c90459920/datanode-1/data/ratis/7d247535-67c6-479f-9f3e-3c9e2fd7329a/sm/snapshot.1_0 took: 3 ms
2024-02-10 23:48:37,280 [73a2e683-eab9-4fa9-bf1b-2a740f4e4743@group-3C9E2FD7329A-StateMachineUpdater] INFO  impl.StateMachineUpdater (StateMachineUpdater.java:takeSnapshot(295)) - 73a2e683-eab9-4fa9-bf1b-2a740f4e4743@group-3C9E2FD7329A-StateMachineUpdater: Took a snapshot at index 0
2024-02-10 23:48:37,280 [73a2e683-eab9-4fa9-bf1b-2a740f4e4743@group-3C9E2FD7329A-StateMachineUpdater] INFO  impl.StateMachineUpdater (StateMachineUpdater.java:lambda$new$0(98)) - 73a2e683-eab9-4fa9-bf1b-2a740f4e4743@group-3C9E2FD7329A-StateMachineUpdater: snapshotIndex: updateIncreasingly -1 -> 0
2024-02-10 23:48:37,280 [5708a1f9-d8fb-4b3a-b759-64b1395b16e1@group-3C9E2FD7329A-StateMachineUpdater] INFO  ratis.ContainerStateMachine (ContainerStateMachine.java:takeSnapshot(366)) - group-3C9E2FD7329A: Finished taking a snapshot at:(t:1, i:0) file:/home/runner/work/ozone/ozone/hadoop-ozone/integration-test/target/test-dir/MiniOzoneClusterImpl-da04a438-6ec0-4fc9-9b2e-e93c90459920/datanode-2/data/ratis/7d247535-67c6-479f-9f3e-3c9e2fd7329a/sm/snapshot.1_0 took: 2 ms
2024-02-10 23:48:37,280 [73a2e683-eab9-4fa9-bf1b-2a740f4e4743-impl-thread1] INFO  server.RaftServer$Division (ServerState.java:close(427)) - 73a2e683-eab9-4fa9-bf1b-2a740f4e4743@group-3C9E2FD7329A: applyIndex: 0
2024-02-10 23:48:37,280 [5708a1f9-d8fb-4b3a-b759-64b1395b16e1@group-3C9E2FD7329A-StateMachineUpdater] INFO  impl.StateMachineUpdater (StateMachineUpdater.java:takeSnapshot(295)) - 5708a1f9-d8fb-4b3a-b759-64b1395b16e1@group-3C9E2FD7329A-StateMachineUpdater: Took a snapshot at index 0
2024-02-10 23:48:37,280 [5708a1f9-d8fb-4b3a-b759-64b1395b16e1@group-3C9E2FD7329A-StateMachineUpdater] INFO  impl.StateMachineUpdater (StateMachineUpdater.java:lambda$new$0(98)) - 5708a1f9-d8fb-4b3a-b759-64b1395b16e1@group-3C9E2FD7329A-StateMachineUpdater: snapshotIndex: updateIncreasingly -1 -> 0
2024-02-10 23:48:37,280 [5708a1f9-d8fb-4b3a-b759-64b1395b16e1-impl-thread1] INFO  server.RaftServer$Division (ServerState.java:close(427)) - 5708a1f9-d8fb-4b3a-b759-64b1395b16e1@group-3C9E2FD7329A: applyIndex: 0
2024-02-10 23:48:37,281 [e6303cd0-aa6e-4f0b-8227-f9fc00433fb7-impl-thread2] INFO  server.RaftServer$Division (ServerState.java:close(427)) - e6303cd0-aa6e-4f0b-8227-f9fc00433fb7@group-50E16CFB81C8: applyIndex: 0
2024-02-10 23:48:37,282 [e6303cd0-aa6e-4f0b-8227-f9fc00433fb7@group-CD69DA698925-cacheEviction-AwaitToRun] INFO  util.AwaitToRun (AwaitToRun.java:run(49)) - e6303cd0-aa6e-4f0b-8227-f9fc00433fb7@group-CD69DA698925-cacheEviction-AwaitToRun-AwaitForSignal is interrupted
2024-02-10 23:48:37,282 [5708a1f9-d8fb-4b3a-b759-64b1395b16e1@group-EB083675F544-cacheEviction-AwaitToRun] INFO  util.AwaitToRun (AwaitToRun.java:run(49)) - 5708a1f9-d8fb-4b3a-b759-64b1395b16e1@group-EB083675F544-cacheEviction-AwaitToRun-AwaitForSignal is interrupted
2024-02-10 23:48:37,282 [e6303cd0-aa6e-4f0b-8227-f9fc00433fb7@group-50E16CFB81C8-cacheEviction-AwaitToRun] INFO  util.AwaitToRun (AwaitToRun.java:run(49)) - e6303cd0-aa6e-4f0b-8227-f9fc00433fb7@group-50E16CFB81C8-cacheEviction-AwaitToRun-AwaitForSignal is interrupted
2024-02-10 23:48:37,282 [5708a1f9-d8fb-4b3a-b759-64b1395b16e1@group-3C9E2FD7329A-cacheEviction-AwaitToRun] INFO  util.AwaitToRun (AwaitToRun.java:run(49)) - 5708a1f9-d8fb-4b3a-b759-64b1395b16e1@group-3C9E2FD7329A-cacheEviction-AwaitToRun-AwaitForSignal is interrupted
2024-02-10 23:48:37,284 [73a2e683-eab9-4fa9-bf1b-2a740f4e4743@group-3C9E2FD7329A-cacheEviction-AwaitToRun] INFO  util.AwaitToRun (AwaitToRun.java:run(49)) - 73a2e683-eab9-4fa9-bf1b-2a740f4e4743@group-3C9E2FD7329A-cacheEviction-AwaitToRun-AwaitForSignal is interrupted
2024-02-10 23:48:37,289 [main] INFO  server.GrpcService (GrpcService.java:closeImpl(320)) - 33d73e87-4323-4d41-88d5-bb014deecef0: shutdown server org.apache.ratis.grpc.server.GrpcClientProtocolService successfully
2024-02-10 23:48:37,289 [main] INFO  server.GrpcService (GrpcService.java:closeImpl(311)) - 33d73e87-4323-4d41-88d5-bb014deecef0: shutdown server GrpcServerProtocolService now
2024-02-10 23:48:37,289 [33d73e87-4323-4d41-88d5-bb014deecef0-impl-thread2] INFO  util.JmxRegister (JmxRegister.java:unregister(73)) - Successfully un-registered JMX Bean with object name Ratis:service=RaftServer,group=group-21E4E35BF4D7,id=33d73e87-4323-4d41-88d5-bb014deecef0
2024-02-10 23:48:37,290 [33d73e87-4323-4d41-88d5-bb014deecef0-impl-thread2] INFO  impl.RoleInfo (RoleInfo.java:shutdownFollowerState(110)) - 33d73e87-4323-4d41-88d5-bb014deecef0: shutdown 33d73e87-4323-4d41-88d5-bb014deecef0@group-21E4E35BF4D7-FollowerState
2024-02-10 23:48:37,290 [33d73e87-4323-4d41-88d5-bb014deecef0-impl-thread1] INFO  impl.StateMachineUpdater (StateMachineUpdater.java:stopAndJoin(157)) - 33d73e87-4323-4d41-88d5-bb014deecef0@group-580B5A2D7CDC-StateMachineUpdater: set stopIndex = 0
2024-02-10 23:48:37,290 [33d73e87-4323-4d41-88d5-bb014deecef0@group-580B5A2D7CDC-StateMachineUpdater] INFO  ratis.ContainerStateMachine (ContainerStateMachine.java:takeSnapshot(355)) - group-580B5A2D7CDC: Taking a snapshot at:(t:1, i:0) file /home/runner/work/ozone/ozone/hadoop-ozone/integration-test/target/test-dir/MiniOzoneClusterImpl-da04a438-6ec0-4fc9-9b2e-e93c90459920/datanode-5/data/ratis/4c8ac1ff-2410-4c7c-b077-580b5a2d7cdc/sm/snapshot.1_0
2024-02-10 23:48:37,290 [grpc-default-executor-3] INFO  server.GrpcLogAppender (GrpcLogAppender.java:onCompleted(546)) - 5708a1f9-d8fb-4b3a-b759-64b1395b16e1@group-3C9E2FD7329A->f41b6dce-8722-4706-80fd-a8b218830cd7-AppendLogResponseHandler: follower responses appendEntries COMPLETED
2024-02-10 23:48:37,290 [grpc-default-executor-3] WARN  server.GrpcLogAppender (GrpcLogAppender.java:resetClient(226)) - 5708a1f9-d8fb-4b3a-b759-64b1395b16e1@group-3C9E2FD7329A->f41b6dce-8722-4706-80fd-a8b218830cd7-GrpcLogAppender: Failed to getClient for f41b6dce-8722-4706-80fd-a8b218830cd7
org.apache.ratis.protocol.exceptions.AlreadyClosedException: 5708a1f9-d8fb-4b3a-b759-64b1395b16e1 is already CLOSED
	at org.apache.ratis.util.PeerProxyMap$PeerAndProxy.getProxy(PeerProxyMap.java:65)
	at org.apache.ratis.util.PeerProxyMap.getProxy(PeerProxyMap.java:114)
	at org.apache.ratis.grpc.server.GrpcLogAppender.getClient(GrpcLogAppender.java:196)
	at org.apache.ratis.grpc.server.GrpcLogAppender.resetClient(GrpcLogAppender.java:201)
	at org.apache.ratis.grpc.server.GrpcLogAppender.access$800(GrpcLogAppender.java:62)
	at org.apache.ratis.grpc.server.GrpcLogAppender$AppendLogResponseHandler.onCompleted(GrpcLogAppender.java:547)
	at org.apache.ratis.thirdparty.io.grpc.stub.ClientCalls$StreamObserverToCallListenerAdapter.onClose(ClientCalls.java:479)
	at org.apache.ratis.thirdparty.io.grpc.internal.DelayedClientCall$DelayedListener$3.run(DelayedClientCall.java:489)
	at org.apache.ratis.thirdparty.io.grpc.internal.DelayedClientCall$DelayedListener.delayOrExecute(DelayedClientCall.java:453)
	at org.apache.ratis.thirdparty.io.grpc.internal.DelayedClientCall$DelayedListener.onClose(DelayedClientCall.java:486)
	at org.apache.ratis.thirdparty.io.grpc.internal.ClientCallImpl.closeObserver(ClientCallImpl.java:567)
	at org.apache.ratis.thirdparty.io.grpc.internal.ClientCallImpl.access$300(ClientCallImpl.java:71)
	at org.apache.ratis.thirdparty.io.grpc.internal.ClientCallImpl$ClientStreamListenerImpl$1StreamClosed.runInternal(ClientCallImpl.java:735)
	at org.apache.ratis.thirdparty.io.grpc.internal.ClientCallImpl$ClientStreamListenerImpl$1StreamClosed.runInContext(ClientCallImpl.java:716)
	at org.apache.ratis.thirdparty.io.grpc.internal.ContextRunnable.run(ContextRunnable.java:37)
	at org.apache.ratis.thirdparty.io.grpc.internal.SerializingExecutor.run(SerializingExecutor.java:133)
	at java.util.concurrent.ThreadPoolExecutor.runWorker(ThreadPoolExecutor.java:1149)
	at java.util.concurrent.ThreadPoolExecutor$Worker.run(ThreadPoolExecutor.java:624)
	at java.lang.Thread.run(Thread.java:750)
2024-02-10 23:48:37,291 [grpc-default-executor-0] INFO  server.GrpcLogAppender (GrpcLogAppender.java:onCompleted(546)) - e6303cd0-aa6e-4f0b-8227-f9fc00433fb7@group-50E16CFB81C8->64168508-e903-4327-b7bc-0572c2109e1a-AppendLogResponseHandler: follower responses appendEntries COMPLETED
2024-02-10 23:48:37,291 [grpc-default-executor-0] WARN  server.GrpcLogAppender (GrpcLogAppender.java:resetClient(226)) - e6303cd0-aa6e-4f0b-8227-f9fc00433fb7@group-50E16CFB81C8->64168508-e903-4327-b7bc-0572c2109e1a-GrpcLogAppender: Failed to getClient for 64168508-e903-4327-b7bc-0572c2109e1a
org.apache.ratis.protocol.exceptions.AlreadyClosedException: e6303cd0-aa6e-4f0b-8227-f9fc00433fb7 is already CLOSED
	at org.apache.ratis.util.PeerProxyMap$PeerAndProxy.getProxy(PeerProxyMap.java:65)
	at org.apache.ratis.util.PeerProxyMap.getProxy(PeerProxyMap.java:114)
	at org.apache.ratis.grpc.server.GrpcLogAppender.getClient(GrpcLogAppender.java:196)
	at org.apache.ratis.grpc.server.GrpcLogAppender.resetClient(GrpcLogAppender.java:201)
	at org.apache.ratis.grpc.server.GrpcLogAppender.access$800(GrpcLogAppender.java:62)
	at org.apache.ratis.grpc.server.GrpcLogAppender$AppendLogResponseHandler.onCompleted(GrpcLogAppender.java:547)
	at org.apache.ratis.thirdparty.io.grpc.stub.ClientCalls$StreamObserverToCallListenerAdapter.onClose(ClientCalls.java:479)
	at org.apache.ratis.thirdparty.io.grpc.internal.ClientCallImpl.closeObserver(ClientCallImpl.java:567)
	at org.apache.ratis.thirdparty.io.grpc.internal.ClientCallImpl.access$300(ClientCallImpl.java:71)
	at org.apache.ratis.thirdparty.io.grpc.internal.ClientCallImpl$ClientStreamListenerImpl$1StreamClosed.runInternal(ClientCallImpl.java:735)
	at org.apache.ratis.thirdparty.io.grpc.internal.ClientCallImpl$ClientStreamListenerImpl$1StreamClosed.runInContext(ClientCallImpl.java:716)
	at org.apache.ratis.thirdparty.io.grpc.internal.ContextRunnable.run(ContextRunnable.java:37)
	at org.apache.ratis.thirdparty.io.grpc.internal.SerializingExecutor.run(SerializingExecutor.java:133)
	at java.util.concurrent.ThreadPoolExecutor.runWorker(ThreadPoolExecutor.java:1149)
	at java.util.concurrent.ThreadPoolExecutor$Worker.run(ThreadPoolExecutor.java:624)
	at java.lang.Thread.run(Thread.java:750)
2024-02-10 23:48:37,291 [33d73e87-4323-4d41-88d5-bb014deecef0@group-580B5A2D7CDC-StateMachineUpdater] INFO  ratis.ContainerStateMachine (ContainerStateMachine.java:takeSnapshot(366)) - group-580B5A2D7CDC: Finished taking a snapshot at:(t:1, i:0) file:/home/runner/work/ozone/ozone/hadoop-ozone/integration-test/target/test-dir/MiniOzoneClusterImpl-da04a438-6ec0-4fc9-9b2e-e93c90459920/datanode-5/data/ratis/4c8ac1ff-2410-4c7c-b077-580b5a2d7cdc/sm/snapshot.1_0 took: 1 ms
2024-02-10 23:48:37,291 [33d73e87-4323-4d41-88d5-bb014deecef0@group-580B5A2D7CDC-StateMachineUpdater] INFO  impl.StateMachineUpdater (StateMachineUpdater.java:takeSnapshot(295)) - 33d73e87-4323-4d41-88d5-bb014deecef0@group-580B5A2D7CDC-StateMachineUpdater: Took a snapshot at index 0
2024-02-10 23:48:37,291 [33d73e87-4323-4d41-88d5-bb014deecef0@group-580B5A2D7CDC-StateMachineUpdater] INFO  impl.StateMachineUpdater (StateMachineUpdater.java:lambda$new$0(98)) - 33d73e87-4323-4d41-88d5-bb014deecef0@group-580B5A2D7CDC-StateMachineUpdater: snapshotIndex: updateIncreasingly -1 -> 0
2024-02-10 23:48:37,293 [grpc-default-executor-5] INFO  server.GrpcServerProtocolService (GrpcServerProtocolService.java:onCompleted(157)) - f4d36fa5-ed0e-4d34-ba3c-8c17cce67bcd: Completed APPEND_ENTRIES, lastRequest: e6303cd0-aa6e-4f0b-8227-f9fc00433fb7->f4d36fa5-ed0e-4d34-ba3c-8c17cce67bcd#1-t1,previous=(t:0, i:0),leaderCommit=-1,initializing? false,entries: size=1, first=(t:1, i:0), CONFIGURATIONENTRY(current:id: "64168508-e903-4327-b7bc-0572c2109e1a"
address: "10.1.0.12:15335"
dataStreamAddress: "10.1.0.12:15336"
clientAddress: "10.1.0.12:15333"
adminAddress: "10.1.0.12:15334"
startupRole: FOLLOWER
,id: "e6303cd0-aa6e-4f0b-8227-f9fc00433fb7"
address: "10.1.0.12:15344"
priority: 1
dataStreamAddress: "10.1.0.12:15345"
clientAddress: "10.1.0.12:15342"
adminAddress: "10.1.0.12:15343"
startupRole: FOLLOWER
,id: "f4d36fa5-ed0e-4d34-ba3c-8c17cce67bcd"
address: "10.1.0.12:15353"
dataStreamAddress: "10.1.0.12:15354"
clientAddress: "10.1.0.12:15351"
adminAddress: "10.1.0.12:15352"
startupRole: FOLLOWER
, old:)
2024-02-10 23:48:37,293 [grpc-default-executor-5] INFO  server.GrpcServerProtocolService (GrpcServerProtocolService.java:lambda$onCompleted$5(159)) - f4d36fa5-ed0e-4d34-ba3c-8c17cce67bcd: Completed APPEND_ENTRIES, lastReply: null
2024-02-10 23:48:37,294 [grpc-default-executor-0] INFO  server.GrpcLogAppender (GrpcLogAppender.java:onError(533)) - 5708a1f9-d8fb-4b3a-b759-64b1395b16e1@group-3C9E2FD7329A->73a2e683-eab9-4fa9-bf1b-2a740f4e4743-GrpcLogAppender is already stopped
2024-02-10 23:48:37,294 [ForkJoinPool.commonPool-worker-3] INFO  server.GrpcService (GrpcService.java:closeImpl(320)) - 73a2e683-eab9-4fa9-bf1b-2a740f4e4743: shutdown server GrpcServerProtocolService successfully
2024-02-10 23:48:37,294 [ForkJoinPool.commonPool-worker-3] INFO  server.GrpcService (GrpcService.java:closeImpl(311)) - 73a2e683-eab9-4fa9-bf1b-2a740f4e4743: shutdown server org.apache.ratis.grpc.server.GrpcAdminProtocolService now
2024-02-10 23:48:37,294 [grpc-default-executor-2] WARN  server.GrpcServerProtocolService (LogUtils.java:warn(121)) - 33d73e87-4323-4d41-88d5-bb014deecef0: APPEND_ENTRIES onError, lastRequest: d68bdd40-ff61-48f9-926d-424a561bf72d->33d73e87-4323-4d41-88d5-bb014deecef0#1-t1,previous=(t:0, i:0),leaderCommit=-1,initializing? false,entries: size=1, first=(t:1, i:0), CONFIGURATIONENTRY(current:id: "5d086814-e92a-437f-854d-775872ea30b8"
address: "10.1.0.12:15317"
dataStreamAddress: "10.1.0.12:15318"
clientAddress: "10.1.0.12:15315"
adminAddress: "10.1.0.12:15316"
startupRole: FOLLOWER
,id: "d68bdd40-ff61-48f9-926d-424a561bf72d"
address: "10.1.0.12:15308"
priority: 1
dataStreamAddress: "10.1.0.12:15309"
clientAddress: "10.1.0.12:15306"
adminAddress: "10.1.0.12:15307"
startupRole: FOLLOWER
,id: "33d73e87-4323-4d41-88d5-bb014deecef0"
address: "10.1.0.12:15326"
dataStreamAddress: "10.1.0.12:15327"
clientAddress: "10.1.0.12:15324"
adminAddress: "10.1.0.12:15325"
startupRole: FOLLOWER
, old:): org.apache.ratis.thirdparty.io.grpc.StatusRuntimeException: CANCELLED: client cancelled
2024-02-10 23:48:37,294 [grpc-default-executor-1] WARN  server.GrpcServerProtocolService (LogUtils.java:warn(121)) - 33d73e87-4323-4d41-88d5-bb014deecef0: APPEND_ENTRIES onError, lastRequest: null: org.apache.ratis.thirdparty.io.grpc.StatusRuntimeException: CANCELLED: client cancelled
2024-02-10 23:48:37,295 [grpc-default-executor-3] INFO  server.GrpcLogAppender (GrpcLogAppender.java:onCompleted(546)) - e6303cd0-aa6e-4f0b-8227-f9fc00433fb7@group-50E16CFB81C8->f4d36fa5-ed0e-4d34-ba3c-8c17cce67bcd-AppendLogResponseHandler: follower responses appendEntries COMPLETED
2024-02-10 23:48:37,295 [grpc-default-executor-3] WARN  server.GrpcLogAppender (GrpcLogAppender.java:resetClient(226)) - e6303cd0-aa6e-4f0b-8227-f9fc00433fb7@group-50E16CFB81C8->f4d36fa5-ed0e-4d34-ba3c-8c17cce67bcd-GrpcLogAppender: Failed to getClient for f4d36fa5-ed0e-4d34-ba3c-8c17cce67bcd
org.apache.ratis.protocol.exceptions.AlreadyClosedException: e6303cd0-aa6e-4f0b-8227-f9fc00433fb7 is already CLOSED
	at org.apache.ratis.util.PeerProxyMap$PeerAndProxy.getProxy(PeerProxyMap.java:65)
	at org.apache.ratis.util.PeerProxyMap.getProxy(PeerProxyMap.java:114)
	at org.apache.ratis.grpc.server.GrpcLogAppender.getClient(GrpcLogAppender.java:196)
	at org.apache.ratis.grpc.server.GrpcLogAppender.resetClient(GrpcLogAppender.java:201)
	at org.apache.ratis.grpc.server.GrpcLogAppender.access$800(GrpcLogAppender.java:62)
	at org.apache.ratis.grpc.server.GrpcLogAppender$AppendLogResponseHandler.onCompleted(GrpcLogAppender.java:547)
	at org.apache.ratis.thirdparty.io.grpc.stub.ClientCalls$StreamObserverToCallListenerAdapter.onClose(ClientCalls.java:479)
	at org.apache.ratis.thirdparty.io.grpc.internal.ClientCallImpl.closeObserver(ClientCallImpl.java:567)
	at org.apache.ratis.thirdparty.io.grpc.internal.ClientCallImpl.access$300(ClientCallImpl.java:71)
	at org.apache.ratis.thirdparty.io.grpc.internal.ClientCallImpl$ClientStreamListenerImpl$1StreamClosed.runInternal(ClientCallImpl.java:735)
	at org.apache.ratis.thirdparty.io.grpc.internal.ClientCallImpl$ClientStreamListenerImpl$1StreamClosed.runInContext(ClientCallImpl.java:716)
	at org.apache.ratis.thirdparty.io.grpc.internal.ContextRunnable.run(ContextRunnable.java:37)
	at org.apache.ratis.thirdparty.io.grpc.internal.SerializingExecutor.run(SerializingExecutor.java:133)
	at java.util.concurrent.ThreadPoolExecutor.runWorker(ThreadPoolExecutor.java:1149)
	at java.util.concurrent.ThreadPoolExecutor$Worker.run(ThreadPoolExecutor.java:624)
	at java.lang.Thread.run(Thread.java:750)
2024-02-10 23:48:37,295 [grpc-default-executor-6] INFO  server.GrpcServerProtocolService (GrpcServerProtocolService.java:onCompleted(157)) - f4d36fa5-ed0e-4d34-ba3c-8c17cce67bcd: Completed APPEND_ENTRIES, lastRequest: null
2024-02-10 23:48:37,296 [grpc-default-executor-6] INFO  server.GrpcServerProtocolService (GrpcServerProtocolService.java:lambda$onCompleted$5(159)) - f4d36fa5-ed0e-4d34-ba3c-8c17cce67bcd: Completed APPEND_ENTRIES, lastReply: serverReply {
  requestorId: "e6303cd0-aa6e-4f0b-8227-f9fc00433fb7"
  replyId: "f4d36fa5-ed0e-4d34-ba3c-8c17cce67bcd"
  raftGroupId {
    id: "oM,\324\\\374D\272\253\320P\341l\373\201\310"
  }
  callId: 7
  success: true
}
term: 1
nextIndex: 1
matchIndex: 18446744073709551615
isHearbeat: true

2024-02-10 23:48:37,296 [grpc-default-executor-5] INFO  server.GrpcServerProtocolService (GrpcServerProtocolService.java:onCompleted(157)) - f41b6dce-8722-4706-80fd-a8b218830cd7: Completed APPEND_ENTRIES, lastRequest: 5708a1f9-d8fb-4b3a-b759-64b1395b16e1->f41b6dce-8722-4706-80fd-a8b218830cd7#1-t1,previous=(t:0, i:0),leaderCommit=-1,initializing? false,entries: size=1, first=(t:1, i:0), CONFIGURATIONENTRY(current:id: "f41b6dce-8722-4706-80fd-a8b218830cd7"
address: "10.1.0.12:15281"
dataStreamAddress: "10.1.0.12:15282"
clientAddress: "10.1.0.12:15279"
adminAddress: "10.1.0.12:15280"
startupRole: FOLLOWER
,id: "73a2e683-eab9-4fa9-bf1b-2a740f4e4743"
address: "10.1.0.12:15290"
dataStreamAddress: "10.1.0.12:15291"
clientAddress: "10.1.0.12:15288"
adminAddress: "10.1.0.12:15289"
startupRole: FOLLOWER
,id: "5708a1f9-d8fb-4b3a-b759-64b1395b16e1"
address: "10.1.0.12:15299"
priority: 1
dataStreamAddress: "10.1.0.12:15300"
clientAddress: "10.1.0.12:15297"
adminAddress: "10.1.0.12:15298"
startupRole: FOLLOWER
, old:)
2024-02-10 23:48:37,296 [grpc-default-executor-5] INFO  server.GrpcServerProtocolService (GrpcServerProtocolService.java:lambda$onCompleted$5(159)) - f41b6dce-8722-4706-80fd-a8b218830cd7: Completed APPEND_ENTRIES, lastReply: null
2024-02-10 23:48:37,296 [grpc-default-executor-3] INFO  server.GrpcLogAppender (GrpcLogAppender.java:onCompleted(546)) - e6303cd0-aa6e-4f0b-8227-f9fc00433fb7@group-50E16CFB81C8->64168508-e903-4327-b7bc-0572c2109e1a-AppendLogResponseHandler: follower responses appendEntries COMPLETED
2024-02-10 23:48:37,297 [grpc-default-executor-3] WARN  server.GrpcLogAppender (GrpcLogAppender.java:resetClient(226)) - e6303cd0-aa6e-4f0b-8227-f9fc00433fb7@group-50E16CFB81C8->64168508-e903-4327-b7bc-0572c2109e1a-GrpcLogAppender: Failed to getClient for 64168508-e903-4327-b7bc-0572c2109e1a
org.apache.ratis.protocol.exceptions.AlreadyClosedException: e6303cd0-aa6e-4f0b-8227-f9fc00433fb7 is already CLOSED
	at org.apache.ratis.util.PeerProxyMap$PeerAndProxy.getProxy(PeerProxyMap.java:65)
	at org.apache.ratis.util.PeerProxyMap.getProxy(PeerProxyMap.java:114)
	at org.apache.ratis.grpc.server.GrpcLogAppender.getClient(GrpcLogAppender.java:196)
	at org.apache.ratis.grpc.server.GrpcLogAppender.resetClient(GrpcLogAppender.java:201)
	at org.apache.ratis.grpc.server.GrpcLogAppender.access$800(GrpcLogAppender.java:62)
	at org.apache.ratis.grpc.server.GrpcLogAppender$AppendLogResponseHandler.onCompleted(GrpcLogAppender.java:547)
	at org.apache.ratis.thirdparty.io.grpc.stub.ClientCalls$StreamObserverToCallListenerAdapter.onClose(ClientCalls.java:479)
	at org.apache.ratis.thirdparty.io.grpc.internal.ClientCallImpl.closeObserver(ClientCallImpl.java:567)
	at org.apache.ratis.thirdparty.io.grpc.internal.ClientCallImpl.access$300(ClientCallImpl.java:71)
	at org.apache.ratis.thirdparty.io.grpc.internal.ClientCallImpl$ClientStreamListenerImpl$1StreamClosed.runInternal(ClientCallImpl.java:735)
	at org.apache.ratis.thirdparty.io.grpc.internal.ClientCallImpl$ClientStreamListenerImpl$1StreamClosed.runInContext(ClientCallImpl.java:716)
	at org.apache.ratis.thirdparty.io.grpc.internal.ContextRunnable.run(ContextRunnable.java:37)
	at org.apache.ratis.thirdparty.io.grpc.internal.SerializingExecutor.run(SerializingExecutor.java:133)
	at java.util.concurrent.ThreadPoolExecutor.runWorker(ThreadPoolExecutor.java:1149)
	at java.util.concurrent.ThreadPoolExecutor$Worker.run(ThreadPoolExecutor.java:624)
	at java.lang.Thread.run(Thread.java:750)
2024-02-10 23:48:37,297 [grpc-default-executor-5] INFO  server.GrpcLogAppender (GrpcLogAppender.java:onCompleted(546)) - 5708a1f9-d8fb-4b3a-b759-64b1395b16e1@group-3C9E2FD7329A->f41b6dce-8722-4706-80fd-a8b218830cd7-AppendLogResponseHandler: follower responses appendEntries COMPLETED
2024-02-10 23:48:37,297 [grpc-default-executor-5] WARN  server.GrpcLogAppender (GrpcLogAppender.java:resetClient(226)) - 5708a1f9-d8fb-4b3a-b759-64b1395b16e1@group-3C9E2FD7329A->f41b6dce-8722-4706-80fd-a8b218830cd7-GrpcLogAppender: Failed to getClient for f41b6dce-8722-4706-80fd-a8b218830cd7
org.apache.ratis.protocol.exceptions.AlreadyClosedException: 5708a1f9-d8fb-4b3a-b759-64b1395b16e1 is already CLOSED
	at org.apache.ratis.util.PeerProxyMap$PeerAndProxy.getProxy(PeerProxyMap.java:65)
	at org.apache.ratis.util.PeerProxyMap.getProxy(PeerProxyMap.java:114)
	at org.apache.ratis.grpc.server.GrpcLogAppender.getClient(GrpcLogAppender.java:196)
	at org.apache.ratis.grpc.server.GrpcLogAppender.resetClient(GrpcLogAppender.java:201)
	at org.apache.ratis.grpc.server.GrpcLogAppender.access$800(GrpcLogAppender.java:62)
	at org.apache.ratis.grpc.server.GrpcLogAppender$AppendLogResponseHandler.onCompleted(GrpcLogAppender.java:547)
	at org.apache.ratis.thirdparty.io.grpc.stub.ClientCalls$StreamObserverToCallListenerAdapter.onClose(ClientCalls.java:479)
	at org.apache.ratis.thirdparty.io.grpc.internal.ClientCallImpl.closeObserver(ClientCallImpl.java:567)
	at org.apache.ratis.thirdparty.io.grpc.internal.ClientCallImpl.access$300(ClientCallImpl.java:71)
	at org.apache.ratis.thirdparty.io.grpc.internal.ClientCallImpl$ClientStreamListenerImpl$1StreamClosed.runInternal(ClientCallImpl.java:735)
	at org.apache.ratis.thirdparty.io.grpc.internal.ClientCallImpl$ClientStreamListenerImpl$1StreamClosed.runInContext(ClientCallImpl.java:716)
	at org.apache.ratis.thirdparty.io.grpc.internal.ContextRunnable.run(ContextRunnable.java:37)
	at org.apache.ratis.thirdparty.io.grpc.internal.SerializingExecutor.run(SerializingExecutor.java:133)
	at java.util.concurrent.ThreadPoolExecutor.runWorker(ThreadPoolExecutor.java:1149)
	at java.util.concurrent.ThreadPoolExecutor$Worker.run(ThreadPoolExecutor.java:624)
	at java.lang.Thread.run(Thread.java:750)
2024-02-10 23:48:37,297 [grpc-default-executor-6] INFO  server.GrpcLogAppender (GrpcLogAppender.java:onCompleted(546)) - e6303cd0-aa6e-4f0b-8227-f9fc00433fb7@group-50E16CFB81C8->f4d36fa5-ed0e-4d34-ba3c-8c17cce67bcd-AppendLogResponseHandler: follower responses appendEntries COMPLETED
2024-02-10 23:48:37,297 [grpc-default-executor-6] WARN  server.GrpcLogAppender (GrpcLogAppender.java:resetClient(226)) - e6303cd0-aa6e-4f0b-8227-f9fc00433fb7@group-50E16CFB81C8->f4d36fa5-ed0e-4d34-ba3c-8c17cce67bcd-GrpcLogAppender: Failed to getClient for f4d36fa5-ed0e-4d34-ba3c-8c17cce67bcd
org.apache.ratis.protocol.exceptions.AlreadyClosedException: e6303cd0-aa6e-4f0b-8227-f9fc00433fb7 is already CLOSED
	at org.apache.ratis.util.PeerProxyMap$PeerAndProxy.getProxy(PeerProxyMap.java:65)
	at org.apache.ratis.util.PeerProxyMap.getProxy(PeerProxyMap.java:114)
	at org.apache.ratis.grpc.server.GrpcLogAppender.getClient(GrpcLogAppender.java:196)
	at org.apache.ratis.grpc.server.GrpcLogAppender.resetClient(GrpcLogAppender.java:201)
	at org.apache.ratis.grpc.server.GrpcLogAppender.access$800(GrpcLogAppender.java:62)
	at org.apache.ratis.grpc.server.GrpcLogAppender$AppendLogResponseHandler.onCompleted(GrpcLogAppender.java:547)
	at org.apache.ratis.thirdparty.io.grpc.stub.ClientCalls$StreamObserverToCallListenerAdapter.onClose(ClientCalls.java:479)
	at org.apache.ratis.thirdparty.io.grpc.internal.ClientCallImpl.closeObserver(ClientCallImpl.java:567)
	at org.apache.ratis.thirdparty.io.grpc.internal.ClientCallImpl.access$300(ClientCallImpl.java:71)
	at org.apache.ratis.thirdparty.io.grpc.internal.ClientCallImpl$ClientStreamListenerImpl$1StreamClosed.runInternal(ClientCallImpl.java:735)
	at org.apache.ratis.thirdparty.io.grpc.internal.ClientCallImpl$ClientStreamListenerImpl$1StreamClosed.runInContext(ClientCallImpl.java:716)
	at org.apache.ratis.thirdparty.io.grpc.internal.ContextRunnable.run(ContextRunnable.java:37)
	at org.apache.ratis.thirdparty.io.grpc.internal.SerializingExecutor.run(SerializingExecutor.java:133)
	at java.util.concurrent.ThreadPoolExecutor.runWorker(ThreadPoolExecutor.java:1149)
	at java.util.concurrent.ThreadPoolExecutor$Worker.run(ThreadPoolExecutor.java:624)
	at java.lang.Thread.run(Thread.java:750)
2024-02-10 23:48:37,299 [grpc-default-executor-0] INFO  server.GrpcLogAppender (GrpcLogAppender.java:onError(533)) - 5708a1f9-d8fb-4b3a-b759-64b1395b16e1@group-3C9E2FD7329A->73a2e683-eab9-4fa9-bf1b-2a740f4e4743-GrpcLogAppender is already stopped
2024-02-10 23:48:37,300 [33d73e87-4323-4d41-88d5-bb014deecef0-impl-thread2] INFO  impl.StateMachineUpdater (StateMachineUpdater.java:stopAndJoin(157)) - 33d73e87-4323-4d41-88d5-bb014deecef0@group-21E4E35BF4D7-StateMachineUpdater: set stopIndex = 0
2024-02-10 23:48:37,300 [grpc-default-executor-0] WARN  server.GrpcLogAppender (LogUtils.java:warn(121)) - d68bdd40-ff61-48f9-926d-424a561bf72d@group-21E4E35BF4D7->33d73e87-4323-4d41-88d5-bb014deecef0-AppendLogResponseHandler: Failed appendEntries: org.apache.ratis.thirdparty.io.grpc.StatusRuntimeException: CANCELLED: RST_STREAM closed stream. HTTP/2 error code: CANCEL
2024-02-10 23:48:37,300 [33d73e87-4323-4d41-88d5-bb014deecef0@group-21E4E35BF4D7-FollowerState] INFO  impl.FollowerState (FollowerState.java:run(152)) - 33d73e87-4323-4d41-88d5-bb014deecef0@group-21E4E35BF4D7-FollowerState was interrupted
2024-02-10 23:48:37,300 [grpc-default-executor-0] WARN  server.GrpcLogAppender (GrpcLogAppender.java:lambda$resetClient$1(217)) - d68bdd40-ff61-48f9-926d-424a561bf72d@group-21E4E35BF4D7->33d73e87-4323-4d41-88d5-bb014deecef0-GrpcLogAppender: Follower failed (request=null, errorCount=1); keep nextIndex (1) unchanged and retry.
2024-02-10 23:48:37,300 [33d73e87-4323-4d41-88d5-bb014deecef0@group-21E4E35BF4D7-StateMachineUpdater] INFO  ratis.ContainerStateMachine (ContainerStateMachine.java:takeSnapshot(355)) - group-21E4E35BF4D7: Taking a snapshot at:(t:1, i:0) file /home/runner/work/ozone/ozone/hadoop-ozone/integration-test/target/test-dir/MiniOzoneClusterImpl-da04a438-6ec0-4fc9-9b2e-e93c90459920/datanode-5/data/ratis/32b725d0-7e3c-45d5-a6fc-21e4e35bf4d7/sm/snapshot.1_0
2024-02-10 23:48:37,301 [33d73e87-4323-4d41-88d5-bb014deecef0-impl-thread1] INFO  server.RaftServer$Division (ServerState.java:close(427)) - 33d73e87-4323-4d41-88d5-bb014deecef0@group-580B5A2D7CDC: applyIndex: 0
2024-02-10 23:48:37,305 [ForkJoinPool.commonPool-worker-3] INFO  server.GrpcService (GrpcService.java:closeImpl(320)) - 73a2e683-eab9-4fa9-bf1b-2a740f4e4743: shutdown server org.apache.ratis.grpc.server.GrpcAdminProtocolService successfully
2024-02-10 23:48:37,305 [33d73e87-4323-4d41-88d5-bb014deecef0@group-580B5A2D7CDC-cacheEviction-AwaitToRun] INFO  util.AwaitToRun (AwaitToRun.java:run(49)) - 33d73e87-4323-4d41-88d5-bb014deecef0@group-580B5A2D7CDC-cacheEviction-AwaitToRun-AwaitForSignal is interrupted
2024-02-10 23:48:37,306 [ForkJoinPool.commonPool-worker-4] INFO  ozoneimpl.OzoneContainer (OzoneContainer.java:stop(481)) - Attempting to stop container services.
2024-02-10 23:48:37,306 [33d73e87-4323-4d41-88d5-bb014deecef0@group-21E4E35BF4D7-StateMachineUpdater] INFO  ratis.ContainerStateMachine (ContainerStateMachine.java:takeSnapshot(366)) - group-21E4E35BF4D7: Finished taking a snapshot at:(t:1, i:0) file:/home/runner/work/ozone/ozone/hadoop-ozone/integration-test/target/test-dir/MiniOzoneClusterImpl-da04a438-6ec0-4fc9-9b2e-e93c90459920/datanode-5/data/ratis/32b725d0-7e3c-45d5-a6fc-21e4e35bf4d7/sm/snapshot.1_0 took: 6 ms
2024-02-10 23:48:37,306 [33d73e87-4323-4d41-88d5-bb014deecef0@group-21E4E35BF4D7-StateMachineUpdater] INFO  impl.StateMachineUpdater (StateMachineUpdater.java:takeSnapshot(295)) - 33d73e87-4323-4d41-88d5-bb014deecef0@group-21E4E35BF4D7-StateMachineUpdater: Took a snapshot at index 0
2024-02-10 23:48:37,306 [ForkJoinPool.commonPool-worker-6] INFO  ozoneimpl.OzoneContainer (OzoneContainer.java:stop(481)) - Attempting to stop container services.
2024-02-10 23:48:37,306 [33d73e87-4323-4d41-88d5-bb014deecef0@group-21E4E35BF4D7-StateMachineUpdater] INFO  impl.StateMachineUpdater (StateMachineUpdater.java:lambda$new$0(98)) - 33d73e87-4323-4d41-88d5-bb014deecef0@group-21E4E35BF4D7-StateMachineUpdater: snapshotIndex: updateIncreasingly -1 -> 0
2024-02-10 23:48:37,306 [33d73e87-4323-4d41-88d5-bb014deecef0-impl-thread2] INFO  server.RaftServer$Division (ServerState.java:close(427)) - 33d73e87-4323-4d41-88d5-bb014deecef0@group-21E4E35BF4D7: applyIndex: 0
2024-02-10 23:48:37,306 [main] INFO  server.GrpcService (GrpcService.java:closeImpl(320)) - 33d73e87-4323-4d41-88d5-bb014deecef0: shutdown server GrpcServerProtocolService successfully
2024-02-10 23:48:37,307 [main] INFO  server.GrpcService (GrpcService.java:closeImpl(311)) - 33d73e87-4323-4d41-88d5-bb014deecef0: shutdown server org.apache.ratis.grpc.server.GrpcAdminProtocolService now
2024-02-10 23:48:37,306 [ForkJoinPool.commonPool-worker-6] INFO  server.RaftServer (RaftServerProxy.java:lambda$close$9(416)) - f4d36fa5-ed0e-4d34-ba3c-8c17cce67bcd: close
2024-02-10 23:48:37,307 [f4d36fa5-ed0e-4d34-ba3c-8c17cce67bcd-impl-thread1] INFO  server.RaftServer$Division (RaftServerImpl.java:lambda$close$3(526)) - f4d36fa5-ed0e-4d34-ba3c-8c17cce67bcd@group-143D6B5C3889: shutdown
2024-02-10 23:48:37,307 [ForkJoinPool.commonPool-worker-6] INFO  server.GrpcService (GrpcService.java:closeImpl(311)) - f4d36fa5-ed0e-4d34-ba3c-8c17cce67bcd: shutdown server org.apache.ratis.grpc.server.GrpcClientProtocolService now
2024-02-10 23:48:37,307 [33d73e87-4323-4d41-88d5-bb014deecef0@group-21E4E35BF4D7-cacheEviction-AwaitToRun] INFO  util.AwaitToRun (AwaitToRun.java:run(49)) - 33d73e87-4323-4d41-88d5-bb014deecef0@group-21E4E35BF4D7-cacheEviction-AwaitToRun-AwaitForSignal is interrupted
2024-02-10 23:48:37,306 [ForkJoinPool.commonPool-worker-4] INFO  server.RaftServer (RaftServerProxy.java:lambda$close$9(416)) - d68bdd40-ff61-48f9-926d-424a561bf72d: close
2024-02-10 23:48:37,307 [f4d36fa5-ed0e-4d34-ba3c-8c17cce67bcd-impl-thread1] INFO  util.JmxRegister (JmxRegister.java:unregister(73)) - Successfully un-registered JMX Bean with object name Ratis:service=RaftServer,group=group-143D6B5C3889,id=f4d36fa5-ed0e-4d34-ba3c-8c17cce67bcd
2024-02-10 23:48:37,307 [f4d36fa5-ed0e-4d34-ba3c-8c17cce67bcd-impl-thread1] INFO  impl.RoleInfo (RoleInfo.java:shutdownLeaderState(94)) - f4d36fa5-ed0e-4d34-ba3c-8c17cce67bcd: shutdown f4d36fa5-ed0e-4d34-ba3c-8c17cce67bcd@group-143D6B5C3889-LeaderStateImpl
2024-02-10 23:48:37,307 [f4d36fa5-ed0e-4d34-ba3c-8c17cce67bcd-impl-thread1] INFO  impl.PendingRequests (PendingRequests.java:sendNotLeaderResponses(289)) - f4d36fa5-ed0e-4d34-ba3c-8c17cce67bcd@group-143D6B5C3889-PendingRequests: sendNotLeaderResponses
2024-02-10 23:48:37,307 [f4d36fa5-ed0e-4d34-ba3c-8c17cce67bcd-impl-thread2] INFO  server.RaftServer$Division (RaftServerImpl.java:lambda$close$3(526)) - f4d36fa5-ed0e-4d34-ba3c-8c17cce67bcd@group-50E16CFB81C8: shutdown
2024-02-10 23:48:37,308 [f4d36fa5-ed0e-4d34-ba3c-8c17cce67bcd-impl-thread2] INFO  util.JmxRegister (JmxRegister.java:unregister(73)) - Successfully un-registered JMX Bean with object name Ratis:service=RaftServer,group=group-50E16CFB81C8,id=f4d36fa5-ed0e-4d34-ba3c-8c17cce67bcd
2024-02-10 23:48:37,308 [f4d36fa5-ed0e-4d34-ba3c-8c17cce67bcd-impl-thread1] INFO  impl.StateMachineUpdater (StateMachineUpdater.java:stopAndJoin(157)) - f4d36fa5-ed0e-4d34-ba3c-8c17cce67bcd@group-143D6B5C3889-StateMachineUpdater: set stopIndex = 0
2024-02-10 23:48:37,308 [f4d36fa5-ed0e-4d34-ba3c-8c17cce67bcd@group-143D6B5C3889-StateMachineUpdater] INFO  ratis.ContainerStateMachine (ContainerStateMachine.java:takeSnapshot(355)) - group-143D6B5C3889: Taking a snapshot at:(t:1, i:0) file /home/runner/work/ozone/ozone/hadoop-ozone/integration-test/target/test-dir/MiniOzoneClusterImpl-da04a438-6ec0-4fc9-9b2e-e93c90459920/datanode-8/data/ratis/05e21327-1fc5-4ba8-9950-143d6b5c3889/sm/snapshot.1_0
2024-02-10 23:48:37,308 [f4d36fa5-ed0e-4d34-ba3c-8c17cce67bcd-impl-thread2] INFO  impl.RoleInfo (RoleInfo.java:shutdownFollowerState(110)) - f4d36fa5-ed0e-4d34-ba3c-8c17cce67bcd: shutdown f4d36fa5-ed0e-4d34-ba3c-8c17cce67bcd@group-50E16CFB81C8-FollowerState
2024-02-10 23:48:37,308 [main] INFO  server.GrpcService (GrpcService.java:closeImpl(320)) - 33d73e87-4323-4d41-88d5-bb014deecef0: shutdown server org.apache.ratis.grpc.server.GrpcAdminProtocolService successfully
2024-02-10 23:48:37,308 [f4d36fa5-ed0e-4d34-ba3c-8c17cce67bcd@group-143D6B5C3889-StateMachineUpdater] INFO  ratis.ContainerStateMachine (ContainerStateMachine.java:takeSnapshot(366)) - group-143D6B5C3889: Finished taking a snapshot at:(t:1, i:0) file:/home/runner/work/ozone/ozone/hadoop-ozone/integration-test/target/test-dir/MiniOzoneClusterImpl-da04a438-6ec0-4fc9-9b2e-e93c90459920/datanode-8/data/ratis/05e21327-1fc5-4ba8-9950-143d6b5c3889/sm/snapshot.1_0 took: 1 ms
2024-02-10 23:48:37,308 [f4d36fa5-ed0e-4d34-ba3c-8c17cce67bcd@group-143D6B5C3889-StateMachineUpdater] INFO  impl.StateMachineUpdater (StateMachineUpdater.java:takeSnapshot(295)) - f4d36fa5-ed0e-4d34-ba3c-8c17cce67bcd@group-143D6B5C3889-StateMachineUpdater: Took a snapshot at index 0
2024-02-10 23:48:37,309 [f4d36fa5-ed0e-4d34-ba3c-8c17cce67bcd@group-143D6B5C3889-StateMachineUpdater] INFO  impl.StateMachineUpdater (StateMachineUpdater.java:lambda$new$0(98)) - f4d36fa5-ed0e-4d34-ba3c-8c17cce67bcd@group-143D6B5C3889-StateMachineUpdater: snapshotIndex: updateIncreasingly -1 -> 0
2024-02-10 23:48:37,309 [f4d36fa5-ed0e-4d34-ba3c-8c17cce67bcd-impl-thread1] INFO  server.RaftServer$Division (ServerState.java:close(427)) - f4d36fa5-ed0e-4d34-ba3c-8c17cce67bcd@group-143D6B5C3889: applyIndex: 0
2024-02-10 23:48:37,310 [f4d36fa5-ed0e-4d34-ba3c-8c17cce67bcd@group-143D6B5C3889-cacheEviction-AwaitToRun] INFO  util.AwaitToRun (AwaitToRun.java:run(49)) - f4d36fa5-ed0e-4d34-ba3c-8c17cce67bcd@group-143D6B5C3889-cacheEviction-AwaitToRun-AwaitForSignal is interrupted
2024-02-10 23:48:37,310 [ForkJoinPool.commonPool-worker-1] INFO  server.GrpcService (GrpcService.java:closeImpl(320)) - 5708a1f9-d8fb-4b3a-b759-64b1395b16e1: shutdown server org.apache.ratis.grpc.server.GrpcClientProtocolService successfully
2024-02-10 23:48:37,310 [ForkJoinPool.commonPool-worker-1] INFO  server.GrpcService (GrpcService.java:closeImpl(311)) - 5708a1f9-d8fb-4b3a-b759-64b1395b16e1: shutdown server GrpcServerProtocolService now
2024-02-10 23:48:37,311 [ForkJoinPool.commonPool-worker-2] INFO  server.GrpcService (GrpcService.java:closeImpl(320)) - e6303cd0-aa6e-4f0b-8227-f9fc00433fb7: shutdown server org.apache.ratis.grpc.server.GrpcClientProtocolService successfully
2024-02-10 23:48:37,311 [ForkJoinPool.commonPool-worker-2] INFO  server.GrpcService (GrpcService.java:closeImpl(311)) - e6303cd0-aa6e-4f0b-8227-f9fc00433fb7: shutdown server GrpcServerProtocolService now
2024-02-10 23:48:37,311 [ForkJoinPool.commonPool-worker-1] INFO  server.GrpcService (GrpcService.java:closeImpl(320)) - 5708a1f9-d8fb-4b3a-b759-64b1395b16e1: shutdown server GrpcServerProtocolService successfully
2024-02-10 23:48:37,311 [ForkJoinPool.commonPool-worker-1] INFO  server.GrpcService (GrpcService.java:closeImpl(311)) - 5708a1f9-d8fb-4b3a-b759-64b1395b16e1: shutdown server org.apache.ratis.grpc.server.GrpcAdminProtocolService now
2024-02-10 23:48:37,312 [ForkJoinPool.commonPool-worker-5] INFO  ozoneimpl.OzoneContainer (OzoneContainer.java:stop(481)) - Attempting to stop container services.
2024-02-10 23:48:37,312 [f4d36fa5-ed0e-4d34-ba3c-8c17cce67bcd-impl-thread2] INFO  impl.StateMachineUpdater (StateMachineUpdater.java:stopAndJoin(157)) - f4d36fa5-ed0e-4d34-ba3c-8c17cce67bcd@group-50E16CFB81C8-StateMachineUpdater: set stopIndex = 0
2024-02-10 23:48:37,312 [ForkJoinPool.commonPool-worker-4] INFO  server.GrpcService (GrpcService.java:closeImpl(311)) - d68bdd40-ff61-48f9-926d-424a561bf72d: shutdown server org.apache.ratis.grpc.server.GrpcClientProtocolService now
2024-02-10 23:48:37,312 [d68bdd40-ff61-48f9-926d-424a561bf72d-impl-thread1] INFO  server.RaftServer$Division (RaftServerImpl.java:lambda$close$3(526)) - d68bdd40-ff61-48f9-926d-424a561bf72d@group-E8EB5DD20637: shutdown
2024-02-10 23:48:37,312 [d68bdd40-ff61-48f9-926d-424a561bf72d-impl-thread1] INFO  util.JmxRegister (JmxRegister.java:unregister(73)) - Successfully un-registered JMX Bean with object name Ratis:service=RaftServer,group=group-E8EB5DD20637,id=d68bdd40-ff61-48f9-926d-424a561bf72d
2024-02-10 23:48:37,312 [d68bdd40-ff61-48f9-926d-424a561bf72d-impl-thread1] INFO  impl.RoleInfo (RoleInfo.java:shutdownLeaderState(94)) - d68bdd40-ff61-48f9-926d-424a561bf72d: shutdown d68bdd40-ff61-48f9-926d-424a561bf72d@group-E8EB5DD20637-LeaderStateImpl
2024-02-10 23:48:37,312 [d68bdd40-ff61-48f9-926d-424a561bf72d-impl-thread1] INFO  impl.PendingRequests (PendingRequests.java:sendNotLeaderResponses(289)) - d68bdd40-ff61-48f9-926d-424a561bf72d@group-E8EB5DD20637-PendingRequests: sendNotLeaderResponses
2024-02-10 23:48:37,313 [d68bdd40-ff61-48f9-926d-424a561bf72d-impl-thread1] INFO  impl.StateMachineUpdater (StateMachineUpdater.java:stopAndJoin(157)) - d68bdd40-ff61-48f9-926d-424a561bf72d@group-E8EB5DD20637-StateMachineUpdater: set stopIndex = 0
2024-02-10 23:48:37,313 [d68bdd40-ff61-48f9-926d-424a561bf72d@group-E8EB5DD20637-StateMachineUpdater] INFO  ratis.ContainerStateMachine (ContainerStateMachine.java:takeSnapshot(355)) - group-E8EB5DD20637: Taking a snapshot at:(t:1, i:0) file /home/runner/work/ozone/ozone/hadoop-ozone/integration-test/target/test-dir/MiniOzoneClusterImpl-da04a438-6ec0-4fc9-9b2e-e93c90459920/datanode-3/data/ratis/567ba971-0fa8-4757-bde9-e8eb5dd20637/sm/snapshot.1_0
2024-02-10 23:48:37,313 [ForkJoinPool.commonPool-worker-6] INFO  server.GrpcService (GrpcService.java:closeImpl(320)) - f4d36fa5-ed0e-4d34-ba3c-8c17cce67bcd: shutdown server org.apache.ratis.grpc.server.GrpcClientProtocolService successfully
2024-02-10 23:48:37,313 [ForkJoinPool.commonPool-worker-6] INFO  server.GrpcService (GrpcService.java:closeImpl(311)) - f4d36fa5-ed0e-4d34-ba3c-8c17cce67bcd: shutdown server GrpcServerProtocolService now
2024-02-10 23:48:37,312 [f4d36fa5-ed0e-4d34-ba3c-8c17cce67bcd@group-50E16CFB81C8-StateMachineUpdater] INFO  ratis.ContainerStateMachine (ContainerStateMachine.java:takeSnapshot(355)) - group-50E16CFB81C8: Taking a snapshot at:(t:1, i:0) file /home/runner/work/ozone/ozone/hadoop-ozone/integration-test/target/test-dir/MiniOzoneClusterImpl-da04a438-6ec0-4fc9-9b2e-e93c90459920/datanode-8/data/ratis/6f4d2cd4-5cfc-44ba-abd0-50e16cfb81c8/sm/snapshot.1_0
2024-02-10 23:48:37,312 [f4d36fa5-ed0e-4d34-ba3c-8c17cce67bcd@group-50E16CFB81C8-FollowerState] INFO  impl.FollowerState (FollowerState.java:run(152)) - f4d36fa5-ed0e-4d34-ba3c-8c17cce67bcd@group-50E16CFB81C8-FollowerState was interrupted
2024-02-10 23:48:37,313 [d68bdd40-ff61-48f9-926d-424a561bf72d-impl-thread2] INFO  server.RaftServer$Division (RaftServerImpl.java:lambda$close$3(526)) - d68bdd40-ff61-48f9-926d-424a561bf72d@group-21E4E35BF4D7: shutdown
2024-02-10 23:48:37,313 [d68bdd40-ff61-48f9-926d-424a561bf72d@group-E8EB5DD20637-StateMachineUpdater] INFO  ratis.ContainerStateMachine (ContainerStateMachine.java:takeSnapshot(366)) - group-E8EB5DD20637: Finished taking a snapshot at:(t:1, i:0) file:/home/runner/work/ozone/ozone/hadoop-ozone/integration-test/target/test-dir/MiniOzoneClusterImpl-da04a438-6ec0-4fc9-9b2e-e93c90459920/datanode-3/data/ratis/567ba971-0fa8-4757-bde9-e8eb5dd20637/sm/snapshot.1_0 took: 1 ms
2024-02-10 23:48:37,313 [d68bdd40-ff61-48f9-926d-424a561bf72d@group-E8EB5DD20637-StateMachineUpdater] INFO  impl.StateMachineUpdater (StateMachineUpdater.java:takeSnapshot(295)) - d68bdd40-ff61-48f9-926d-424a561bf72d@group-E8EB5DD20637-StateMachineUpdater: Took a snapshot at index 0
2024-02-10 23:48:37,313 [d68bdd40-ff61-48f9-926d-424a561bf72d@group-E8EB5DD20637-StateMachineUpdater] INFO  impl.StateMachineUpdater (StateMachineUpdater.java:lambda$new$0(98)) - d68bdd40-ff61-48f9-926d-424a561bf72d@group-E8EB5DD20637-StateMachineUpdater: snapshotIndex: updateIncreasingly -1 -> 0
2024-02-10 23:48:37,314 [d68bdd40-ff61-48f9-926d-424a561bf72d-impl-thread1] INFO  server.RaftServer$Division (ServerState.java:close(427)) - d68bdd40-ff61-48f9-926d-424a561bf72d@group-E8EB5DD20637: applyIndex: 0
2024-02-10 23:48:37,314 [f4d36fa5-ed0e-4d34-ba3c-8c17cce67bcd@group-50E16CFB81C8-StateMachineUpdater] INFO  ratis.ContainerStateMachine (ContainerStateMachine.java:takeSnapshot(366)) - group-50E16CFB81C8: Finished taking a snapshot at:(t:1, i:0) file:/home/runner/work/ozone/ozone/hadoop-ozone/integration-test/target/test-dir/MiniOzoneClusterImpl-da04a438-6ec0-4fc9-9b2e-e93c90459920/datanode-8/data/ratis/6f4d2cd4-5cfc-44ba-abd0-50e16cfb81c8/sm/snapshot.1_0 took: 1 ms
2024-02-10 23:48:37,317 [ForkJoinPool.commonPool-worker-5] INFO  server.RaftServer (RaftServerProxy.java:lambda$close$9(416)) - 64168508-e903-4327-b7bc-0572c2109e1a: close
2024-02-10 23:48:37,318 [ForkJoinPool.commonPool-worker-2] INFO  server.GrpcService (GrpcService.java:closeImpl(320)) - e6303cd0-aa6e-4f0b-8227-f9fc00433fb7: shutdown server GrpcServerProtocolService successfully
2024-02-10 23:48:37,318 [ForkJoinPool.commonPool-worker-2] INFO  server.GrpcService (GrpcService.java:closeImpl(311)) - e6303cd0-aa6e-4f0b-8227-f9fc00433fb7: shutdown server org.apache.ratis.grpc.server.GrpcAdminProtocolService now
2024-02-10 23:48:37,321 [64168508-e903-4327-b7bc-0572c2109e1a-impl-thread1] INFO  server.RaftServer$Division (RaftServerImpl.java:lambda$close$3(526)) - 64168508-e903-4327-b7bc-0572c2109e1a@group-AC5D874349E8: shutdown
2024-02-10 23:48:37,321 [64168508-e903-4327-b7bc-0572c2109e1a-impl-thread1] INFO  util.JmxRegister (JmxRegister.java:unregister(73)) - Successfully un-registered JMX Bean with object name Ratis:service=RaftServer,group=group-AC5D874349E8,id=64168508-e903-4327-b7bc-0572c2109e1a
2024-02-10 23:48:37,321 [64168508-e903-4327-b7bc-0572c2109e1a-impl-thread1] INFO  impl.RoleInfo (RoleInfo.java:shutdownLeaderState(94)) - 64168508-e903-4327-b7bc-0572c2109e1a: shutdown 64168508-e903-4327-b7bc-0572c2109e1a@group-AC5D874349E8-LeaderStateImpl
2024-02-10 23:48:37,321 [64168508-e903-4327-b7bc-0572c2109e1a-impl-thread1] INFO  impl.PendingRequests (PendingRequests.java:sendNotLeaderResponses(289)) - 64168508-e903-4327-b7bc-0572c2109e1a@group-AC5D874349E8-PendingRequests: sendNotLeaderResponses
2024-02-10 23:48:37,321 [f4d36fa5-ed0e-4d34-ba3c-8c17cce67bcd-impl-thread1] INFO  segmented.SegmentedRaftLogWorker (SegmentedRaftLogWorker.java:close(245)) - f4d36fa5-ed0e-4d34-ba3c-8c17cce67bcd@group-143D6B5C3889-SegmentedRaftLogWorker close()
2024-02-10 23:48:37,321 [64168508-e903-4327-b7bc-0572c2109e1a-impl-thread1] INFO  impl.StateMachineUpdater (StateMachineUpdater.java:stopAndJoin(157)) - 64168508-e903-4327-b7bc-0572c2109e1a@group-AC5D874349E8-StateMachineUpdater: set stopIndex = 0
2024-02-10 23:48:37,321 [64168508-e903-4327-b7bc-0572c2109e1a@group-AC5D874349E8-StateMachineUpdater] INFO  ratis.ContainerStateMachine (ContainerStateMachine.java:takeSnapshot(355)) - group-AC5D874349E8: Taking a snapshot at:(t:1, i:0) file /home/runner/work/ozone/ozone/hadoop-ozone/integration-test/target/test-dir/MiniOzoneClusterImpl-da04a438-6ec0-4fc9-9b2e-e93c90459920/datanode-6/data/ratis/6806e11f-15cb-4c0a-9275-ac5d874349e8/sm/snapshot.1_0
2024-02-10 23:48:37,321 [ForkJoinPool.commonPool-worker-5] INFO  server.GrpcService (GrpcService.java:closeImpl(311)) - 64168508-e903-4327-b7bc-0572c2109e1a: shutdown server org.apache.ratis.grpc.server.GrpcClientProtocolService now
2024-02-10 23:48:37,322 [64168508-e903-4327-b7bc-0572c2109e1a-impl-thread2] INFO  server.RaftServer$Division (RaftServerImpl.java:lambda$close$3(526)) - 64168508-e903-4327-b7bc-0572c2109e1a@group-50E16CFB81C8: shutdown
2024-02-10 23:48:37,322 [64168508-e903-4327-b7bc-0572c2109e1a-impl-thread2] INFO  util.JmxRegister (JmxRegister.java:unregister(73)) - Successfully un-registered JMX Bean with object name Ratis:service=RaftServer,group=group-50E16CFB81C8,id=64168508-e903-4327-b7bc-0572c2109e1a
2024-02-10 23:48:37,322 [ForkJoinPool.commonPool-worker-6] INFO  server.GrpcService (GrpcService.java:closeImpl(320)) - f4d36fa5-ed0e-4d34-ba3c-8c17cce67bcd: shutdown server GrpcServerProtocolService successfully
2024-02-10 23:48:37,322 [ForkJoinPool.commonPool-worker-6] INFO  server.GrpcService (GrpcService.java:closeImpl(311)) - f4d36fa5-ed0e-4d34-ba3c-8c17cce67bcd: shutdown server org.apache.ratis.grpc.server.GrpcAdminProtocolService now
2024-02-10 23:48:37,322 [64168508-e903-4327-b7bc-0572c2109e1a-impl-thread2] INFO  impl.RoleInfo (RoleInfo.java:shutdownFollowerState(110)) - 64168508-e903-4327-b7bc-0572c2109e1a: shutdown 64168508-e903-4327-b7bc-0572c2109e1a@group-50E16CFB81C8-FollowerState
2024-02-10 23:48:37,322 [64168508-e903-4327-b7bc-0572c2109e1a@group-AC5D874349E8-StateMachineUpdater] INFO  ratis.ContainerStateMachine (ContainerStateMachine.java:takeSnapshot(366)) - group-AC5D874349E8: Finished taking a snapshot at:(t:1, i:0) file:/home/runner/work/ozone/ozone/hadoop-ozone/integration-test/target/test-dir/MiniOzoneClusterImpl-da04a438-6ec0-4fc9-9b2e-e93c90459920/datanode-6/data/ratis/6806e11f-15cb-4c0a-9275-ac5d874349e8/sm/snapshot.1_0 took: 1 ms
2024-02-10 23:48:37,322 [64168508-e903-4327-b7bc-0572c2109e1a@group-AC5D874349E8-StateMachineUpdater] INFO  impl.StateMachineUpdater (StateMachineUpdater.java:takeSnapshot(295)) - 64168508-e903-4327-b7bc-0572c2109e1a@group-AC5D874349E8-StateMachineUpdater: Took a snapshot at index 0
2024-02-10 23:48:37,322 [64168508-e903-4327-b7bc-0572c2109e1a@group-AC5D874349E8-StateMachineUpdater] INFO  impl.StateMachineUpdater (StateMachineUpdater.java:lambda$new$0(98)) - 64168508-e903-4327-b7bc-0572c2109e1a@group-AC5D874349E8-StateMachineUpdater: snapshotIndex: updateIncreasingly -1 -> 0
2024-02-10 23:48:37,322 [ForkJoinPool.commonPool-worker-1] INFO  server.GrpcService (GrpcService.java:closeImpl(320)) - 5708a1f9-d8fb-4b3a-b759-64b1395b16e1: shutdown server org.apache.ratis.grpc.server.GrpcAdminProtocolService successfully
2024-02-10 23:48:37,322 [64168508-e903-4327-b7bc-0572c2109e1a-impl-thread1] INFO  server.RaftServer$Division (ServerState.java:close(427)) - 64168508-e903-4327-b7bc-0572c2109e1a@group-AC5D874349E8: applyIndex: 0
2024-02-10 23:48:37,322 [Thread-4567] INFO  server.GrpcServerProtocolClient (GrpcServerProtocolClient.java:close(103)) - 5d086814-e92a-437f-854d-775872ea30b8 Close channels
2024-02-10 23:48:37,322 [d68bdd40-ff61-48f9-926d-424a561bf72d-impl-thread2] INFO  util.JmxRegister (JmxRegister.java:unregister(73)) - Successfully un-registered JMX Bean with object name Ratis:service=RaftServer,group=group-21E4E35BF4D7,id=d68bdd40-ff61-48f9-926d-424a561bf72d
2024-02-10 23:48:37,322 [d68bdd40-ff61-48f9-926d-424a561bf72d-impl-thread2] INFO  impl.RoleInfo (RoleInfo.java:shutdownLeaderState(94)) - d68bdd40-ff61-48f9-926d-424a561bf72d: shutdown d68bdd40-ff61-48f9-926d-424a561bf72d@group-21E4E35BF4D7-LeaderStateImpl
2024-02-10 23:48:37,322 [Thread-4584] INFO  server.GrpcServerProtocolClient (GrpcServerProtocolClient.java:close(103)) - 33d73e87-4323-4d41-88d5-bb014deecef0 Close channels
2024-02-10 23:48:37,323 [d68bdd40-ff61-48f9-926d-424a561bf72d@group-21E4E35BF4D7->33d73e87-4323-4d41-88d5-bb014deecef0-GrpcLogAppender-LogAppenderDaemon] WARN  server.GrpcLogAppender (GrpcLogAppender.java:mayWait(289)) - d68bdd40-ff61-48f9-926d-424a561bf72d@group-21E4E35BF4D7->33d73e87-4323-4d41-88d5-bb014deecef0-GrpcLogAppender: Wait interrupted by java.lang.InterruptedException
2024-02-10 23:48:37,323 [d68bdd40-ff61-48f9-926d-424a561bf72d-impl-thread2] INFO  impl.PendingRequests (PendingRequests.java:sendNotLeaderResponses(289)) - d68bdd40-ff61-48f9-926d-424a561bf72d@group-21E4E35BF4D7-PendingRequests: sendNotLeaderResponses
2024-02-10 23:48:37,323 [d68bdd40-ff61-48f9-926d-424a561bf72d@group-21E4E35BF4D7->5d086814-e92a-437f-854d-775872ea30b8-GrpcLogAppender-LogAppenderDaemon] WARN  server.GrpcLogAppender (GrpcLogAppender.java:mayWait(289)) - d68bdd40-ff61-48f9-926d-424a561bf72d@group-21E4E35BF4D7->5d086814-e92a-437f-854d-775872ea30b8-GrpcLogAppender: Wait interrupted by java.lang.InterruptedException
2024-02-10 23:48:37,323 [d68bdd40-ff61-48f9-926d-424a561bf72d-impl-thread2] INFO  impl.StateMachineUpdater (StateMachineUpdater.java:stopAndJoin(157)) - d68bdd40-ff61-48f9-926d-424a561bf72d@group-21E4E35BF4D7-StateMachineUpdater: set stopIndex = 0
2024-02-10 23:48:37,323 [d68bdd40-ff61-48f9-926d-424a561bf72d@group-21E4E35BF4D7-StateMachineUpdater] INFO  ratis.ContainerStateMachine (ContainerStateMachine.java:takeSnapshot(355)) - group-21E4E35BF4D7: Taking a snapshot at:(t:1, i:0) file /home/runner/work/ozone/ozone/hadoop-ozone/integration-test/target/test-dir/MiniOzoneClusterImpl-da04a438-6ec0-4fc9-9b2e-e93c90459920/datanode-3/data/ratis/32b725d0-7e3c-45d5-a6fc-21e4e35bf4d7/sm/snapshot.1_0
2024-02-10 23:48:37,323 [grpc-default-executor-7] INFO  server.GrpcServerProtocolService (GrpcServerProtocolService.java:onCompleted(157)) - 5d086814-e92a-437f-854d-775872ea30b8: Completed APPEND_ENTRIES, lastRequest: null
2024-02-10 23:48:37,323 [grpc-default-executor-0] INFO  server.GrpcServerProtocolService (GrpcServerProtocolService.java:onCompleted(157)) - 5d086814-e92a-437f-854d-775872ea30b8: Completed APPEND_ENTRIES, lastRequest: d68bdd40-ff61-48f9-926d-424a561bf72d->5d086814-e92a-437f-854d-775872ea30b8#1-t1,previous=(t:0, i:0),leaderCommit=-1,initializing? false,entries: size=1, first=(t:1, i:0), CONFIGURATIONENTRY(current:id: "5d086814-e92a-437f-854d-775872ea30b8"
address: "10.1.0.12:15317"
dataStreamAddress: "10.1.0.12:15318"
clientAddress: "10.1.0.12:15315"
adminAddress: "10.1.0.12:15316"
startupRole: FOLLOWER
,id: "d68bdd40-ff61-48f9-926d-424a561bf72d"
address: "10.1.0.12:15308"
priority: 1
dataStreamAddress: "10.1.0.12:15309"
clientAddress: "10.1.0.12:15306"
adminAddress: "10.1.0.12:15307"
startupRole: FOLLOWER
,id: "33d73e87-4323-4d41-88d5-bb014deecef0"
address: "10.1.0.12:15326"
dataStreamAddress: "10.1.0.12:15327"
clientAddress: "10.1.0.12:15324"
adminAddress: "10.1.0.12:15325"
startupRole: FOLLOWER
, old:)
2024-02-10 23:48:37,323 [grpc-default-executor-0] INFO  server.GrpcServerProtocolService (GrpcServerProtocolService.java:lambda$onCompleted$5(159)) - 5d086814-e92a-437f-854d-775872ea30b8: Completed APPEND_ENTRIES, lastReply: null
2024-02-10 23:48:37,323 [grpc-default-executor-7] INFO  server.GrpcServerProtocolService (GrpcServerProtocolService.java:lambda$onCompleted$5(159)) - 5d086814-e92a-437f-854d-775872ea30b8: Completed APPEND_ENTRIES, lastReply: serverReply {
  requestorId: "d68bdd40-ff61-48f9-926d-424a561bf72d"
  replyId: "5d086814-e92a-437f-854d-775872ea30b8"
  raftGroupId {
    id: "2\267%\320~<E\325\246\374!\344\343[\364\327"
  }
  callId: 8
  success: true
}
term: 1
nextIndex: 1
matchIndex: 18446744073709551615
isHearbeat: true

2024-02-10 23:48:37,324 [d68bdd40-ff61-48f9-926d-424a561bf72d@group-21E4E35BF4D7-StateMachineUpdater] INFO  ratis.ContainerStateMachine (ContainerStateMachine.java:takeSnapshot(366)) - group-21E4E35BF4D7: Finished taking a snapshot at:(t:1, i:0) file:/home/runner/work/ozone/ozone/hadoop-ozone/integration-test/target/test-dir/MiniOzoneClusterImpl-da04a438-6ec0-4fc9-9b2e-e93c90459920/datanode-3/data/ratis/32b725d0-7e3c-45d5-a6fc-21e4e35bf4d7/sm/snapshot.1_0 took: 1 ms
2024-02-10 23:48:37,324 [grpc-default-executor-6] INFO  server.GrpcLogAppender (GrpcLogAppender.java:onCompleted(546)) - d68bdd40-ff61-48f9-926d-424a561bf72d@group-21E4E35BF4D7->5d086814-e92a-437f-854d-775872ea30b8-AppendLogResponseHandler: follower responses appendEntries COMPLETED
2024-02-10 23:48:37,324 [d68bdd40-ff61-48f9-926d-424a561bf72d@group-21E4E35BF4D7-StateMachineUpdater] INFO  impl.StateMachineUpdater (StateMachineUpdater.java:takeSnapshot(295)) - d68bdd40-ff61-48f9-926d-424a561bf72d@group-21E4E35BF4D7-StateMachineUpdater: Took a snapshot at index 0
2024-02-10 23:48:37,324 [grpc-default-executor-6] WARN  server.GrpcLogAppender (GrpcLogAppender.java:resetClient(226)) - d68bdd40-ff61-48f9-926d-424a561bf72d@group-21E4E35BF4D7->5d086814-e92a-437f-854d-775872ea30b8-GrpcLogAppender: Failed to getClient for 5d086814-e92a-437f-854d-775872ea30b8
org.apache.ratis.protocol.exceptions.AlreadyClosedException: d68bdd40-ff61-48f9-926d-424a561bf72d is already CLOSED
	at org.apache.ratis.util.PeerProxyMap$PeerAndProxy.getProxy(PeerProxyMap.java:65)
	at org.apache.ratis.util.PeerProxyMap.getProxy(PeerProxyMap.java:114)
	at org.apache.ratis.grpc.server.GrpcLogAppender.getClient(GrpcLogAppender.java:196)
	at org.apache.ratis.grpc.server.GrpcLogAppender.resetClient(GrpcLogAppender.java:201)
	at org.apache.ratis.grpc.server.GrpcLogAppender.access$800(GrpcLogAppender.java:62)
	at org.apache.ratis.grpc.server.GrpcLogAppender$AppendLogResponseHandler.onCompleted(GrpcLogAppender.java:547)
	at org.apache.ratis.thirdparty.io.grpc.stub.ClientCalls$StreamObserverToCallListenerAdapter.onClose(ClientCalls.java:479)
	at org.apache.ratis.thirdparty.io.grpc.internal.ClientCallImpl.closeObserver(ClientCallImpl.java:567)
	at org.apache.ratis.thirdparty.io.grpc.internal.ClientCallImpl.access$300(ClientCallImpl.java:71)
	at org.apache.ratis.thirdparty.io.grpc.internal.ClientCallImpl$ClientStreamListenerImpl$1StreamClosed.runInternal(ClientCallImpl.java:735)
	at org.apache.ratis.thirdparty.io.grpc.internal.ClientCallImpl$ClientStreamListenerImpl$1StreamClosed.runInContext(ClientCallImpl.java:716)
	at org.apache.ratis.thirdparty.io.grpc.internal.ContextRunnable.run(ContextRunnable.java:37)
	at org.apache.ratis.thirdparty.io.grpc.internal.SerializingExecutor.run(SerializingExecutor.java:133)
	at java.util.concurrent.ThreadPoolExecutor.runWorker(ThreadPoolExecutor.java:1149)
	at java.util.concurrent.ThreadPoolExecutor$Worker.run(ThreadPoolExecutor.java:624)
	at java.lang.Thread.run(Thread.java:750)
2024-02-10 23:48:37,324 [grpc-default-executor-7] INFO  server.GrpcLogAppender (GrpcLogAppender.java:onCompleted(546)) - d68bdd40-ff61-48f9-926d-424a561bf72d@group-21E4E35BF4D7->5d086814-e92a-437f-854d-775872ea30b8-AppendLogResponseHandler: follower responses appendEntries COMPLETED
2024-02-10 23:48:37,324 [d68bdd40-ff61-48f9-926d-424a561bf72d@group-21E4E35BF4D7-StateMachineUpdater] INFO  impl.StateMachineUpdater (StateMachineUpdater.java:lambda$new$0(98)) - d68bdd40-ff61-48f9-926d-424a561bf72d@group-21E4E35BF4D7-StateMachineUpdater: snapshotIndex: updateIncreasingly -1 -> 0
2024-02-10 23:48:37,324 [grpc-default-executor-7] WARN  server.GrpcLogAppender (GrpcLogAppender.java:resetClient(226)) - d68bdd40-ff61-48f9-926d-424a561bf72d@group-21E4E35BF4D7->5d086814-e92a-437f-854d-775872ea30b8-GrpcLogAppender: Failed to getClient for 5d086814-e92a-437f-854d-775872ea30b8
org.apache.ratis.protocol.exceptions.AlreadyClosedException: d68bdd40-ff61-48f9-926d-424a561bf72d is already CLOSED
	at org.apache.ratis.util.PeerProxyMap$PeerAndProxy.getProxy(PeerProxyMap.java:65)
	at org.apache.ratis.util.PeerProxyMap.getProxy(PeerProxyMap.java:114)
	at org.apache.ratis.grpc.server.GrpcLogAppender.getClient(GrpcLogAppender.java:196)
	at org.apache.ratis.grpc.server.GrpcLogAppender.resetClient(GrpcLogAppender.java:201)
	at org.apache.ratis.grpc.server.GrpcLogAppender.access$800(GrpcLogAppender.java:62)
	at org.apache.ratis.grpc.server.GrpcLogAppender$AppendLogResponseHandler.onCompleted(GrpcLogAppender.java:547)
	at org.apache.ratis.thirdparty.io.grpc.stub.ClientCalls$StreamObserverToCallListenerAdapter.onClose(ClientCalls.java:479)
	at org.apache.ratis.thirdparty.io.grpc.internal.ClientCallImpl.closeObserver(ClientCallImpl.java:567)
	at org.apache.ratis.thirdparty.io.grpc.internal.ClientCallImpl.access$300(ClientCallImpl.java:71)
	at org.apache.ratis.thirdparty.io.grpc.internal.ClientCallImpl$ClientStreamListenerImpl$1StreamClosed.runInternal(ClientCallImpl.java:735)
	at org.apache.ratis.thirdparty.io.grpc.internal.ClientCallImpl$ClientStreamListenerImpl$1StreamClosed.runInContext(ClientCallImpl.java:716)
	at org.apache.ratis.thirdparty.io.grpc.internal.ContextRunnable.run(ContextRunnable.java:37)
	at org.apache.ratis.thirdparty.io.grpc.internal.SerializingExecutor.run(SerializingExecutor.java:133)
	at java.util.concurrent.ThreadPoolExecutor.runWorker(ThreadPoolExecutor.java:1149)
	at java.util.concurrent.ThreadPoolExecutor$Worker.run(ThreadPoolExecutor.java:624)
	at java.lang.Thread.run(Thread.java:750)
2024-02-10 23:48:37,332 [grpc-default-executor-0] WARN  server.GrpcClientProtocolService (LogUtils.java:warn(121)) - 0-OrderedRequestStreamObserver0: onError: org.apache.ratis.thirdparty.io.grpc.StatusRuntimeException: CANCELLED: client cancelled
2024-02-10 23:48:37,332 [ForkJoinPool.commonPool-worker-6] INFO  server.GrpcService (GrpcService.java:closeImpl(320)) - f4d36fa5-ed0e-4d34-ba3c-8c17cce67bcd: shutdown server org.apache.ratis.grpc.server.GrpcAdminProtocolService successfully
2024-02-10 23:48:37,328 [64168508-e903-4327-b7bc-0572c2109e1a@group-50E16CFB81C8-StateMachineUpdater] INFO  ratis.ContainerStateMachine (ContainerStateMachine.java:takeSnapshot(355)) - group-50E16CFB81C8: Taking a snapshot at:(t:1, i:0) file /home/runner/work/ozone/ozone/hadoop-ozone/integration-test/target/test-dir/MiniOzoneClusterImpl-da04a438-6ec0-4fc9-9b2e-e93c90459920/datanode-6/data/ratis/6f4d2cd4-5cfc-44ba-abd0-50e16cfb81c8/sm/snapshot.1_0
2024-02-10 23:48:37,328 [64168508-e903-4327-b7bc-0572c2109e1a@group-50E16CFB81C8-FollowerState] INFO  impl.FollowerState (FollowerState.java:run(152)) - 64168508-e903-4327-b7bc-0572c2109e1a@group-50E16CFB81C8-FollowerState was interrupted
2024-02-10 23:48:37,328 [64168508-e903-4327-b7bc-0572c2109e1a-impl-thread2] INFO  impl.StateMachineUpdater (StateMachineUpdater.java:stopAndJoin(157)) - 64168508-e903-4327-b7bc-0572c2109e1a@group-50E16CFB81C8-StateMachineUpdater: set stopIndex = 0
2024-02-10 23:48:37,328 [64168508-e903-4327-b7bc-0572c2109e1a@group-AC5D874349E8-cacheEviction-AwaitToRun] INFO  util.AwaitToRun (AwaitToRun.java:run(49)) - 64168508-e903-4327-b7bc-0572c2109e1a@group-AC5D874349E8-cacheEviction-AwaitToRun-AwaitForSignal is interrupted
2024-02-10 23:48:37,333 [64168508-e903-4327-b7bc-0572c2109e1a@group-50E16CFB81C8-StateMachineUpdater] INFO  ratis.ContainerStateMachine (ContainerStateMachine.java:takeSnapshot(366)) - group-50E16CFB81C8: Finished taking a snapshot at:(t:1, i:0) file:/home/runner/work/ozone/ozone/hadoop-ozone/integration-test/target/test-dir/MiniOzoneClusterImpl-da04a438-6ec0-4fc9-9b2e-e93c90459920/datanode-6/data/ratis/6f4d2cd4-5cfc-44ba-abd0-50e16cfb81c8/sm/snapshot.1_0 took: 5 ms
2024-02-10 23:48:37,333 [64168508-e903-4327-b7bc-0572c2109e1a@group-50E16CFB81C8-StateMachineUpdater] INFO  impl.StateMachineUpdater (StateMachineUpdater.java:takeSnapshot(295)) - 64168508-e903-4327-b7bc-0572c2109e1a@group-50E16CFB81C8-StateMachineUpdater: Took a snapshot at index 0
2024-02-10 23:48:37,333 [64168508-e903-4327-b7bc-0572c2109e1a@group-50E16CFB81C8-StateMachineUpdater] INFO  impl.StateMachineUpdater (StateMachineUpdater.java:lambda$new$0(98)) - 64168508-e903-4327-b7bc-0572c2109e1a@group-50E16CFB81C8-StateMachineUpdater: snapshotIndex: updateIncreasingly -1 -> 0
2024-02-10 23:48:37,326 [d68bdd40-ff61-48f9-926d-424a561bf72d@group-E8EB5DD20637-cacheEviction-AwaitToRun] INFO  util.AwaitToRun (AwaitToRun.java:run(49)) - d68bdd40-ff61-48f9-926d-424a561bf72d@group-E8EB5DD20637-cacheEviction-AwaitToRun-AwaitForSignal is interrupted
2024-02-10 23:48:37,325 [f4d36fa5-ed0e-4d34-ba3c-8c17cce67bcd@group-50E16CFB81C8-StateMachineUpdater] INFO  impl.StateMachineUpdater (StateMachineUpdater.java:takeSnapshot(295)) - f4d36fa5-ed0e-4d34-ba3c-8c17cce67bcd@group-50E16CFB81C8-StateMachineUpdater: Took a snapshot at index 0
2024-02-10 23:48:37,333 [f4d36fa5-ed0e-4d34-ba3c-8c17cce67bcd@group-50E16CFB81C8-StateMachineUpdater] INFO  impl.StateMachineUpdater (StateMachineUpdater.java:lambda$new$0(98)) - f4d36fa5-ed0e-4d34-ba3c-8c17cce67bcd@group-50E16CFB81C8-StateMachineUpdater: snapshotIndex: updateIncreasingly -1 -> 0
2024-02-10 23:48:37,324 [d68bdd40-ff61-48f9-926d-424a561bf72d-impl-thread2] INFO  server.RaftServer$Division (ServerState.java:close(427)) - d68bdd40-ff61-48f9-926d-424a561bf72d@group-21E4E35BF4D7: applyIndex: 0
2024-02-10 23:48:37,333 [ForkJoinPool.commonPool-worker-2] INFO  server.GrpcService (GrpcService.java:closeImpl(320)) - e6303cd0-aa6e-4f0b-8227-f9fc00433fb7: shutdown server org.apache.ratis.grpc.server.GrpcAdminProtocolService successfully
2024-02-10 23:48:37,333 [d68bdd40-ff61-48f9-926d-424a561bf72d@group-21E4E35BF4D7-cacheEviction-AwaitToRun] INFO  util.AwaitToRun (AwaitToRun.java:run(49)) - d68bdd40-ff61-48f9-926d-424a561bf72d@group-21E4E35BF4D7-cacheEviction-AwaitToRun-AwaitForSignal is interrupted
2024-02-10 23:48:37,335 [33d73e87-4323-4d41-88d5-bb014deecef0-NettyServerStreamRpc-bossGroup--thread1] INFO  logging.LoggingHandler (AbstractInternalLogger.java:log(148)) - [id: 0xa5255ab1, L:/0.0.0.0:15327] CLOSE
2024-02-10 23:48:37,336 [33d73e87-4323-4d41-88d5-bb014deecef0-NettyServerStreamRpc-bossGroup--thread1] INFO  logging.LoggingHandler (AbstractInternalLogger.java:log(148)) - [id: 0xa5255ab1, L:/0.0.0.0:15327] INACTIVE
2024-02-10 23:48:37,336 [33d73e87-4323-4d41-88d5-bb014deecef0-NettyServerStreamRpc-bossGroup--thread1] INFO  logging.LoggingHandler (AbstractInternalLogger.java:log(148)) - [id: 0xa5255ab1, L:/0.0.0.0:15327] UNREGISTERED
2024-02-10 23:48:37,341 [ForkJoinPool.commonPool-worker-4] INFO  server.GrpcService (GrpcService.java:closeImpl(320)) - d68bdd40-ff61-48f9-926d-424a561bf72d: shutdown server org.apache.ratis.grpc.server.GrpcClientProtocolService successfully
2024-02-10 23:48:37,341 [f4d36fa5-ed0e-4d34-ba3c-8c17cce67bcd-impl-thread2] INFO  server.RaftServer$Division (ServerState.java:close(427)) - f4d36fa5-ed0e-4d34-ba3c-8c17cce67bcd@group-50E16CFB81C8: applyIndex: 0
2024-02-10 23:48:37,341 [ForkJoinPool.commonPool-worker-4] INFO  server.GrpcService (GrpcService.java:closeImpl(311)) - d68bdd40-ff61-48f9-926d-424a561bf72d: shutdown server GrpcServerProtocolService now
2024-02-10 23:48:37,341 [64168508-e903-4327-b7bc-0572c2109e1a-impl-thread2] INFO  server.RaftServer$Division (ServerState.java:close(427)) - 64168508-e903-4327-b7bc-0572c2109e1a@group-50E16CFB81C8: applyIndex: 0
2024-02-10 23:48:37,341 [Thread-4587] INFO  server.GrpcServerProtocolClient (GrpcServerProtocolClient.java:close(103)) - f4d36fa5-ed0e-4d34-ba3c-8c17cce67bcd Close channels
2024-02-10 23:48:37,344 [64168508-e903-4327-b7bc-0572c2109e1a@group-50E16CFB81C8-cacheEviction-AwaitToRun] INFO  util.AwaitToRun (AwaitToRun.java:run(49)) - 64168508-e903-4327-b7bc-0572c2109e1a@group-50E16CFB81C8-cacheEviction-AwaitToRun-AwaitForSignal is interrupted
2024-02-10 23:48:37,345 [f4d36fa5-ed0e-4d34-ba3c-8c17cce67bcd@group-50E16CFB81C8-cacheEviction-AwaitToRun] INFO  util.AwaitToRun (AwaitToRun.java:run(49)) - f4d36fa5-ed0e-4d34-ba3c-8c17cce67bcd@group-50E16CFB81C8-cacheEviction-AwaitToRun-AwaitForSignal is interrupted
2024-02-10 23:48:37,345 [ForkJoinPool.commonPool-worker-4] INFO  server.GrpcService (GrpcService.java:closeImpl(320)) - d68bdd40-ff61-48f9-926d-424a561bf72d: shutdown server GrpcServerProtocolService successfully
2024-02-10 23:48:37,345 [ForkJoinPool.commonPool-worker-4] INFO  server.GrpcService (GrpcService.java:closeImpl(311)) - d68bdd40-ff61-48f9-926d-424a561bf72d: shutdown server org.apache.ratis.grpc.server.GrpcAdminProtocolService now
2024-02-10 23:48:37,345 [ForkJoinPool.commonPool-worker-7] INFO  ozoneimpl.OzoneContainer (OzoneContainer.java:stop(481)) - Attempting to stop container services.
2024-02-10 23:48:37,345 [ForkJoinPool.commonPool-worker-7] INFO  server.RaftServer (RaftServerProxy.java:lambda$close$9(416)) - f41b6dce-8722-4706-80fd-a8b218830cd7: close
2024-02-10 23:48:37,347 [ForkJoinPool.commonPool-worker-4] INFO  server.GrpcService (GrpcService.java:closeImpl(320)) - d68bdd40-ff61-48f9-926d-424a561bf72d: shutdown server org.apache.ratis.grpc.server.GrpcAdminProtocolService successfully
2024-02-10 23:48:37,348 [f41b6dce-8722-4706-80fd-a8b218830cd7-impl-thread1] INFO  server.RaftServer$Division (RaftServerImpl.java:lambda$close$3(526)) - f41b6dce-8722-4706-80fd-a8b218830cd7@group-73283BF56C0B: shutdown
2024-02-10 23:48:37,348 [f41b6dce-8722-4706-80fd-a8b218830cd7-impl-thread1] INFO  util.JmxRegister (JmxRegister.java:unregister(73)) - Successfully un-registered JMX Bean with object name Ratis:service=RaftServer,group=group-73283BF56C0B,id=f41b6dce-8722-4706-80fd-a8b218830cd7
2024-02-10 23:48:37,348 [f41b6dce-8722-4706-80fd-a8b218830cd7-impl-thread1] INFO  impl.RoleInfo (RoleInfo.java:shutdownLeaderState(94)) - f41b6dce-8722-4706-80fd-a8b218830cd7: shutdown f41b6dce-8722-4706-80fd-a8b218830cd7@group-73283BF56C0B-LeaderStateImpl
2024-02-10 23:48:37,348 [f41b6dce-8722-4706-80fd-a8b218830cd7-impl-thread1] INFO  impl.PendingRequests (PendingRequests.java:sendNotLeaderResponses(289)) - f41b6dce-8722-4706-80fd-a8b218830cd7@group-73283BF56C0B-PendingRequests: sendNotLeaderResponses
2024-02-10 23:48:37,348 [f41b6dce-8722-4706-80fd-a8b218830cd7-impl-thread1] INFO  impl.StateMachineUpdater (StateMachineUpdater.java:stopAndJoin(157)) - f41b6dce-8722-4706-80fd-a8b218830cd7@group-73283BF56C0B-StateMachineUpdater: set stopIndex = 0
2024-02-10 23:48:37,348 [f41b6dce-8722-4706-80fd-a8b218830cd7@group-73283BF56C0B-StateMachineUpdater] INFO  ratis.ContainerStateMachine (ContainerStateMachine.java:takeSnapshot(355)) - group-73283BF56C0B: Taking a snapshot at:(t:1, i:0) file /home/runner/work/ozone/ozone/hadoop-ozone/integration-test/target/test-dir/MiniOzoneClusterImpl-da04a438-6ec0-4fc9-9b2e-e93c90459920/datanode-0/data/ratis/a794de41-7f69-42c0-b73b-73283bf56c0b/sm/snapshot.1_0
2024-02-10 23:48:37,348 [ForkJoinPool.commonPool-worker-7] INFO  server.GrpcService (GrpcService.java:closeImpl(311)) - f41b6dce-8722-4706-80fd-a8b218830cd7: shutdown server org.apache.ratis.grpc.server.GrpcClientProtocolService now
2024-02-10 23:48:37,348 [Thread-4586] INFO  server.GrpcServerProtocolClient (GrpcServerProtocolClient.java:close(103)) - e6303cd0-aa6e-4f0b-8227-f9fc00433fb7 Close channels
2024-02-10 23:48:37,348 [f41b6dce-8722-4706-80fd-a8b218830cd7-impl-thread2] INFO  server.RaftServer$Division (RaftServerImpl.java:lambda$close$3(526)) - f41b6dce-8722-4706-80fd-a8b218830cd7@group-3C9E2FD7329A: shutdown
2024-02-10 23:48:37,349 [ForkJoinPool.commonPool-worker-5] INFO  server.GrpcService (GrpcService.java:closeImpl(320)) - 64168508-e903-4327-b7bc-0572c2109e1a: shutdown server org.apache.ratis.grpc.server.GrpcClientProtocolService successfully
2024-02-10 23:48:37,349 [ForkJoinPool.commonPool-worker-5] INFO  server.GrpcService (GrpcService.java:closeImpl(311)) - 64168508-e903-4327-b7bc-0572c2109e1a: shutdown server GrpcServerProtocolService now
2024-02-10 23:48:37,349 [f41b6dce-8722-4706-80fd-a8b218830cd7-impl-thread2] INFO  util.JmxRegister (JmxRegister.java:unregister(73)) - Successfully un-registered JMX Bean with object name Ratis:service=RaftServer,group=group-3C9E2FD7329A,id=f41b6dce-8722-4706-80fd-a8b218830cd7
2024-02-10 23:48:37,349 [f41b6dce-8722-4706-80fd-a8b218830cd7-impl-thread2] INFO  impl.RoleInfo (RoleInfo.java:shutdownFollowerState(110)) - f41b6dce-8722-4706-80fd-a8b218830cd7: shutdown f41b6dce-8722-4706-80fd-a8b218830cd7@group-3C9E2FD7329A-FollowerState
2024-02-10 23:48:37,350 [73a2e683-eab9-4fa9-bf1b-2a740f4e4743-NettyServerStreamRpc-bossGroup--thread1] INFO  logging.LoggingHandler (AbstractInternalLogger.java:log(148)) - [id: 0xe3f81f85, L:/0.0.0.0:15291] CLOSE
2024-02-10 23:48:37,350 [73a2e683-eab9-4fa9-bf1b-2a740f4e4743-NettyServerStreamRpc-bossGroup--thread1] INFO  logging.LoggingHandler (AbstractInternalLogger.java:log(148)) - [id: 0xe3f81f85, L:/0.0.0.0:15291] INACTIVE
2024-02-10 23:48:37,350 [73a2e683-eab9-4fa9-bf1b-2a740f4e4743-NettyServerStreamRpc-bossGroup--thread1] INFO  logging.LoggingHandler (AbstractInternalLogger.java:log(148)) - [id: 0xe3f81f85, L:/0.0.0.0:15291] UNREGISTERED
2024-02-10 23:48:37,352 [f41b6dce-8722-4706-80fd-a8b218830cd7@group-73283BF56C0B-StateMachineUpdater] INFO  ratis.ContainerStateMachine (ContainerStateMachine.java:takeSnapshot(366)) - group-73283BF56C0B: Finished taking a snapshot at:(t:1, i:0) file:/home/runner/work/ozone/ozone/hadoop-ozone/integration-test/target/test-dir/MiniOzoneClusterImpl-da04a438-6ec0-4fc9-9b2e-e93c90459920/datanode-0/data/ratis/a794de41-7f69-42c0-b73b-73283bf56c0b/sm/snapshot.1_0 took: 4 ms
2024-02-10 23:48:37,352 [f41b6dce-8722-4706-80fd-a8b218830cd7@group-73283BF56C0B-StateMachineUpdater] INFO  impl.StateMachineUpdater (StateMachineUpdater.java:takeSnapshot(295)) - f41b6dce-8722-4706-80fd-a8b218830cd7@group-73283BF56C0B-StateMachineUpdater: Took a snapshot at index 0
2024-02-10 23:48:37,352 [f41b6dce-8722-4706-80fd-a8b218830cd7@group-73283BF56C0B-StateMachineUpdater] INFO  impl.StateMachineUpdater (StateMachineUpdater.java:lambda$new$0(98)) - f41b6dce-8722-4706-80fd-a8b218830cd7@group-73283BF56C0B-StateMachineUpdater: snapshotIndex: updateIncreasingly -1 -> 0
2024-02-10 23:48:37,352 [f41b6dce-8722-4706-80fd-a8b218830cd7-impl-thread1] INFO  server.RaftServer$Division (ServerState.java:close(427)) - f41b6dce-8722-4706-80fd-a8b218830cd7@group-73283BF56C0B: applyIndex: 0
2024-02-10 23:48:37,354 [f41b6dce-8722-4706-80fd-a8b218830cd7@group-73283BF56C0B-cacheEviction-AwaitToRun] INFO  util.AwaitToRun (AwaitToRun.java:run(49)) - f41b6dce-8722-4706-80fd-a8b218830cd7@group-73283BF56C0B-cacheEviction-AwaitToRun-AwaitForSignal is interrupted
2024-02-10 23:48:37,355 [ForkJoinPool.commonPool-worker-5] INFO  server.GrpcService (GrpcService.java:closeImpl(320)) - 64168508-e903-4327-b7bc-0572c2109e1a: shutdown server GrpcServerProtocolService successfully
2024-02-10 23:48:37,355 [ForkJoinPool.commonPool-worker-5] INFO  server.GrpcService (GrpcService.java:closeImpl(311)) - 64168508-e903-4327-b7bc-0572c2109e1a: shutdown server org.apache.ratis.grpc.server.GrpcAdminProtocolService now
2024-02-10 23:48:37,355 [f41b6dce-8722-4706-80fd-a8b218830cd7-impl-thread2] INFO  impl.StateMachineUpdater (StateMachineUpdater.java:stopAndJoin(157)) - f41b6dce-8722-4706-80fd-a8b218830cd7@group-3C9E2FD7329A-StateMachineUpdater: set stopIndex = 0
2024-02-10 23:48:37,355 [f41b6dce-8722-4706-80fd-a8b218830cd7@group-3C9E2FD7329A-FollowerState] INFO  impl.FollowerState (FollowerState.java:run(152)) - f41b6dce-8722-4706-80fd-a8b218830cd7@group-3C9E2FD7329A-FollowerState was interrupted
2024-02-10 23:48:37,355 [f41b6dce-8722-4706-80fd-a8b218830cd7@group-3C9E2FD7329A-StateMachineUpdater] INFO  ratis.ContainerStateMachine (ContainerStateMachine.java:takeSnapshot(355)) - group-3C9E2FD7329A: Taking a snapshot at:(t:1, i:0) file /home/runner/work/ozone/ozone/hadoop-ozone/integration-test/target/test-dir/MiniOzoneClusterImpl-da04a438-6ec0-4fc9-9b2e-e93c90459920/datanode-0/data/ratis/7d247535-67c6-479f-9f3e-3c9e2fd7329a/sm/snapshot.1_0
2024-02-10 23:48:37,356 [Thread-4686] INFO  server.GrpcServerProtocolClient (GrpcServerProtocolClient.java:close(103)) - 5708a1f9-d8fb-4b3a-b759-64b1395b16e1 Close channels
2024-02-10 23:48:37,356 [ForkJoinPool.commonPool-worker-5] INFO  server.GrpcService (GrpcService.java:closeImpl(320)) - 64168508-e903-4327-b7bc-0572c2109e1a: shutdown server org.apache.ratis.grpc.server.GrpcAdminProtocolService successfully
2024-02-10 23:48:37,356 [f41b6dce-8722-4706-80fd-a8b218830cd7@group-3C9E2FD7329A-StateMachineUpdater] INFO  ratis.ContainerStateMachine (ContainerStateMachine.java:takeSnapshot(366)) - group-3C9E2FD7329A: Finished taking a snapshot at:(t:1, i:0) file:/home/runner/work/ozone/ozone/hadoop-ozone/integration-test/target/test-dir/MiniOzoneClusterImpl-da04a438-6ec0-4fc9-9b2e-e93c90459920/datanode-0/data/ratis/7d247535-67c6-479f-9f3e-3c9e2fd7329a/sm/snapshot.1_0 took: 1 ms
2024-02-10 23:48:37,357 [f41b6dce-8722-4706-80fd-a8b218830cd7@group-3C9E2FD7329A-StateMachineUpdater] INFO  impl.StateMachineUpdater (StateMachineUpdater.java:takeSnapshot(295)) - f41b6dce-8722-4706-80fd-a8b218830cd7@group-3C9E2FD7329A-StateMachineUpdater: Took a snapshot at index 0
2024-02-10 23:48:37,357 [f41b6dce-8722-4706-80fd-a8b218830cd7@group-3C9E2FD7329A-StateMachineUpdater] INFO  impl.StateMachineUpdater (StateMachineUpdater.java:lambda$new$0(98)) - f41b6dce-8722-4706-80fd-a8b218830cd7@group-3C9E2FD7329A-StateMachineUpdater: snapshotIndex: updateIncreasingly -1 -> 0
2024-02-10 23:48:37,357 [f41b6dce-8722-4706-80fd-a8b218830cd7-impl-thread2] INFO  server.RaftServer$Division (ServerState.java:close(427)) - f41b6dce-8722-4706-80fd-a8b218830cd7@group-3C9E2FD7329A: applyIndex: 0
2024-02-10 23:48:37,357 [Thread-4684] INFO  server.GrpcServerProtocolClient (GrpcServerProtocolClient.java:close(103)) - 73a2e683-eab9-4fa9-bf1b-2a740f4e4743 Close channels
2024-02-10 23:48:37,358 [ForkJoinPool.commonPool-worker-7] INFO  server.GrpcService (GrpcService.java:closeImpl(320)) - f41b6dce-8722-4706-80fd-a8b218830cd7: shutdown server org.apache.ratis.grpc.server.GrpcClientProtocolService successfully
2024-02-10 23:48:37,358 [ForkJoinPool.commonPool-worker-7] INFO  server.GrpcService (GrpcService.java:closeImpl(311)) - f41b6dce-8722-4706-80fd-a8b218830cd7: shutdown server GrpcServerProtocolService now
2024-02-10 23:48:37,358 [f41b6dce-8722-4706-80fd-a8b218830cd7@group-3C9E2FD7329A-cacheEviction-AwaitToRun] INFO  util.AwaitToRun (AwaitToRun.java:run(49)) - f41b6dce-8722-4706-80fd-a8b218830cd7@group-3C9E2FD7329A-cacheEviction-AwaitToRun-AwaitForSignal is interrupted
2024-02-10 23:48:37,360 [ForkJoinPool.commonPool-worker-7] INFO  server.GrpcService (GrpcService.java:closeImpl(320)) - f41b6dce-8722-4706-80fd-a8b218830cd7: shutdown server GrpcServerProtocolService successfully
2024-02-10 23:48:37,360 [ForkJoinPool.commonPool-worker-7] INFO  server.GrpcService (GrpcService.java:closeImpl(311)) - f41b6dce-8722-4706-80fd-a8b218830cd7: shutdown server org.apache.ratis.grpc.server.GrpcAdminProtocolService now
2024-02-10 23:48:37,361 [ForkJoinPool.commonPool-worker-7] INFO  server.GrpcService (GrpcService.java:closeImpl(320)) - f41b6dce-8722-4706-80fd-a8b218830cd7: shutdown server org.apache.ratis.grpc.server.GrpcAdminProtocolService successfully
2024-02-10 23:48:37,362 [f4d36fa5-ed0e-4d34-ba3c-8c17cce67bcd-NettyServerStreamRpc-bossGroup--thread1] INFO  logging.LoggingHandler (AbstractInternalLogger.java:log(148)) - [id: 0x37a590b9, L:/0.0.0.0:15354] CLOSE
2024-02-10 23:48:37,362 [f4d36fa5-ed0e-4d34-ba3c-8c17cce67bcd-NettyServerStreamRpc-bossGroup--thread1] INFO  logging.LoggingHandler (AbstractInternalLogger.java:log(148)) - [id: 0x37a590b9, L:/0.0.0.0:15354] INACTIVE
2024-02-10 23:48:37,362 [f4d36fa5-ed0e-4d34-ba3c-8c17cce67bcd-NettyServerStreamRpc-bossGroup--thread1] INFO  logging.LoggingHandler (AbstractInternalLogger.java:log(148)) - [id: 0x37a590b9, L:/0.0.0.0:15354] UNREGISTERED
2024-02-10 23:48:37,362 [e6303cd0-aa6e-4f0b-8227-f9fc00433fb7-NettyServerStreamRpc-bossGroup--thread1] INFO  logging.LoggingHandler (AbstractInternalLogger.java:log(148)) - [id: 0xd997e9fb, L:/0.0.0.0:15345] CLOSE
2024-02-10 23:48:37,362 [e6303cd0-aa6e-4f0b-8227-f9fc00433fb7-NettyServerStreamRpc-bossGroup--thread1] INFO  logging.LoggingHandler (AbstractInternalLogger.java:log(148)) - [id: 0xd997e9fb, L:/0.0.0.0:15345] INACTIVE
2024-02-10 23:48:37,363 [e6303cd0-aa6e-4f0b-8227-f9fc00433fb7-NettyServerStreamRpc-bossGroup--thread1] INFO  logging.LoggingHandler (AbstractInternalLogger.java:log(148)) - [id: 0xd997e9fb, L:/0.0.0.0:15345] UNREGISTERED
2024-02-10 23:48:37,365 [64168508-e903-4327-b7bc-0572c2109e1a-NettyServerStreamRpc-bossGroup--thread1] INFO  logging.LoggingHandler (AbstractInternalLogger.java:log(148)) - [id: 0xf02b8fec, L:/0.0.0.0:15336] CLOSE
2024-02-10 23:48:37,365 [64168508-e903-4327-b7bc-0572c2109e1a-NettyServerStreamRpc-bossGroup--thread1] INFO  logging.LoggingHandler (AbstractInternalLogger.java:log(148)) - [id: 0xf02b8fec, L:/0.0.0.0:15336] INACTIVE
2024-02-10 23:48:37,365 [64168508-e903-4327-b7bc-0572c2109e1a-NettyServerStreamRpc-bossGroup--thread1] INFO  logging.LoggingHandler (AbstractInternalLogger.java:log(148)) - [id: 0xf02b8fec, L:/0.0.0.0:15336] UNREGISTERED
2024-02-10 23:48:37,386 [5708a1f9-d8fb-4b3a-b759-64b1395b16e1-NettyServerStreamRpc-bossGroup--thread1] INFO  logging.LoggingHandler (AbstractInternalLogger.java:log(148)) - [id: 0xf7f67b0a, L:/0.0.0.0:15300] CLOSE
2024-02-10 23:48:37,386 [5708a1f9-d8fb-4b3a-b759-64b1395b16e1-NettyServerStreamRpc-bossGroup--thread1] INFO  logging.LoggingHandler (AbstractInternalLogger.java:log(148)) - [id: 0xf7f67b0a, L:/0.0.0.0:15300] INACTIVE
2024-02-10 23:48:37,386 [5708a1f9-d8fb-4b3a-b759-64b1395b16e1-NettyServerStreamRpc-bossGroup--thread1] INFO  logging.LoggingHandler (AbstractInternalLogger.java:log(148)) - [id: 0xf7f67b0a, L:/0.0.0.0:15300] UNREGISTERED
2024-02-10 23:48:37,386 [d68bdd40-ff61-48f9-926d-424a561bf72d-NettyServerStreamRpc-bossGroup--thread1] INFO  logging.LoggingHandler (AbstractInternalLogger.java:log(148)) - [id: 0x13d2cb58, L:/0.0.0.0:15309] CLOSE
2024-02-10 23:48:37,387 [d68bdd40-ff61-48f9-926d-424a561bf72d-NettyServerStreamRpc-bossGroup--thread1] INFO  logging.LoggingHandler (AbstractInternalLogger.java:log(148)) - [id: 0x13d2cb58, L:/0.0.0.0:15309] INACTIVE
2024-02-10 23:48:37,387 [d68bdd40-ff61-48f9-926d-424a561bf72d-NettyServerStreamRpc-bossGroup--thread1] INFO  logging.LoggingHandler (AbstractInternalLogger.java:log(148)) - [id: 0x13d2cb58, L:/0.0.0.0:15309] UNREGISTERED
2024-02-10 23:48:37,390 [f41b6dce-8722-4706-80fd-a8b218830cd7-NettyServerStreamRpc-bossGroup--thread1] INFO  logging.LoggingHandler (AbstractInternalLogger.java:log(148)) - [id: 0x27f35658, L:/0.0.0.0:15282] CLOSE
2024-02-10 23:48:37,390 [f41b6dce-8722-4706-80fd-a8b218830cd7-NettyServerStreamRpc-bossGroup--thread1] INFO  logging.LoggingHandler (AbstractInternalLogger.java:log(148)) - [id: 0x27f35658, L:/0.0.0.0:15282] INACTIVE
2024-02-10 23:48:37,390 [f41b6dce-8722-4706-80fd-a8b218830cd7-NettyServerStreamRpc-bossGroup--thread1] INFO  logging.LoggingHandler (AbstractInternalLogger.java:log(148)) - [id: 0x27f35658, L:/0.0.0.0:15282] UNREGISTERED
2024-02-10 23:48:37,582 [f41b6dce-8722-4706-80fd-a8b218830cd7-impl-thread1] INFO  segmented.SegmentedRaftLogWorker (SegmentedRaftLogWorker.java:close(245)) - f41b6dce-8722-4706-80fd-a8b218830cd7@group-73283BF56C0B-SegmentedRaftLogWorker close()
2024-02-10 23:48:37,829 [73a2e683-eab9-4fa9-bf1b-2a740f4e4743-impl-thread2] INFO  segmented.SegmentedRaftLogWorker (SegmentedRaftLogWorker.java:close(245)) - 73a2e683-eab9-4fa9-bf1b-2a740f4e4743@group-05DEAA5C2E1F-SegmentedRaftLogWorker close()
2024-02-10 23:48:37,830 [73a2e683-eab9-4fa9-bf1b-2a740f4e4743-impl-thread1] INFO  segmented.SegmentedRaftLogWorker (SegmentedRaftLogWorker.java:close(245)) - 73a2e683-eab9-4fa9-bf1b-2a740f4e4743@group-3C9E2FD7329A-SegmentedRaftLogWorker close()
2024-02-10 23:48:37,830 [f41b6dce-8722-4706-80fd-a8b218830cd7-impl-thread2] INFO  segmented.SegmentedRaftLogWorker (SegmentedRaftLogWorker.java:close(245)) - f41b6dce-8722-4706-80fd-a8b218830cd7@group-3C9E2FD7329A-SegmentedRaftLogWorker close()
2024-02-10 23:48:37,830 [5708a1f9-d8fb-4b3a-b759-64b1395b16e1-impl-thread1] INFO  segmented.SegmentedRaftLogWorker (SegmentedRaftLogWorker.java:close(245)) - 5708a1f9-d8fb-4b3a-b759-64b1395b16e1@group-3C9E2FD7329A-SegmentedRaftLogWorker close()
2024-02-10 23:48:37,831 [JvmPauseMonitor36] INFO  util.JvmPauseMonitor (JvmPauseMonitor.java:run(152)) - JvmPauseMonitor-73a2e683-eab9-4fa9-bf1b-2a740f4e4743: Stopped
2024-02-10 23:48:37,832 [JvmPauseMonitor35] INFO  util.JvmPauseMonitor (JvmPauseMonitor.java:run(152)) - JvmPauseMonitor-f41b6dce-8722-4706-80fd-a8b218830cd7: Stopped
2024-02-10 23:48:37,861 [5708a1f9-d8fb-4b3a-b759-64b1395b16e1-impl-thread2] INFO  segmented.SegmentedRaftLogWorker (SegmentedRaftLogWorker.java:close(245)) - 5708a1f9-d8fb-4b3a-b759-64b1395b16e1@group-EB083675F544-SegmentedRaftLogWorker close()
2024-02-10 23:48:37,862 [JvmPauseMonitor37] INFO  util.JvmPauseMonitor (JvmPauseMonitor.java:run(152)) - JvmPauseMonitor-5708a1f9-d8fb-4b3a-b759-64b1395b16e1: Stopped
2024-02-10 23:48:37,934 [d68bdd40-ff61-48f9-926d-424a561bf72d-impl-thread1] INFO  segmented.SegmentedRaftLogWorker (SegmentedRaftLogWorker.java:close(245)) - d68bdd40-ff61-48f9-926d-424a561bf72d@group-E8EB5DD20637-SegmentedRaftLogWorker close()
2024-02-10 23:48:37,973 [33d73e87-4323-4d41-88d5-bb014deecef0-impl-thread1] INFO  segmented.SegmentedRaftLogWorker (SegmentedRaftLogWorker.java:close(245)) - 33d73e87-4323-4d41-88d5-bb014deecef0@group-580B5A2D7CDC-SegmentedRaftLogWorker close()
2024-02-10 23:48:38,004 [d68bdd40-ff61-48f9-926d-424a561bf72d-impl-thread2] INFO  segmented.SegmentedRaftLogWorker (SegmentedRaftLogWorker.java:close(245)) - d68bdd40-ff61-48f9-926d-424a561bf72d@group-21E4E35BF4D7-SegmentedRaftLogWorker close()
2024-02-10 23:48:38,005 [JvmPauseMonitor38] INFO  util.JvmPauseMonitor (JvmPauseMonitor.java:run(152)) - JvmPauseMonitor-d68bdd40-ff61-48f9-926d-424a561bf72d: Stopped
2024-02-10 23:48:38,017 [33d73e87-4323-4d41-88d5-bb014deecef0-impl-thread2] INFO  segmented.SegmentedRaftLogWorker (SegmentedRaftLogWorker.java:close(245)) - 33d73e87-4323-4d41-88d5-bb014deecef0@group-21E4E35BF4D7-SegmentedRaftLogWorker close()
2024-02-10 23:48:38,017 [JvmPauseMonitor40] INFO  util.JvmPauseMonitor (JvmPauseMonitor.java:run(152)) - JvmPauseMonitor-33d73e87-4323-4d41-88d5-bb014deecef0: Stopped
2024-02-10 23:48:38,057 [64168508-e903-4327-b7bc-0572c2109e1a-impl-thread1] INFO  segmented.SegmentedRaftLogWorker (SegmentedRaftLogWorker.java:close(245)) - 64168508-e903-4327-b7bc-0572c2109e1a@group-AC5D874349E8-SegmentedRaftLogWorker close()
2024-02-10 23:48:38,245 [e6303cd0-aa6e-4f0b-8227-f9fc00433fb7-impl-thread1] INFO  segmented.SegmentedRaftLogWorker (SegmentedRaftLogWorker.java:close(245)) - e6303cd0-aa6e-4f0b-8227-f9fc00433fb7@group-CD69DA698925-SegmentedRaftLogWorker close()
2024-02-10 23:48:38,258 [e6303cd0-aa6e-4f0b-8227-f9fc00433fb7-impl-thread2] INFO  segmented.SegmentedRaftLogWorker (SegmentedRaftLogWorker.java:close(245)) - e6303cd0-aa6e-4f0b-8227-f9fc00433fb7@group-50E16CFB81C8-SegmentedRaftLogWorker close()
2024-02-10 23:48:38,258 [JvmPauseMonitor42] INFO  util.JvmPauseMonitor (JvmPauseMonitor.java:run(152)) - JvmPauseMonitor-e6303cd0-aa6e-4f0b-8227-f9fc00433fb7: Stopped
2024-02-10 23:48:38,280 [64168508-e903-4327-b7bc-0572c2109e1a-impl-thread2] INFO  segmented.SegmentedRaftLogWorker (SegmentedRaftLogWorker.java:close(245)) - 64168508-e903-4327-b7bc-0572c2109e1a@group-50E16CFB81C8-SegmentedRaftLogWorker close()
2024-02-10 23:48:38,280 [f4d36fa5-ed0e-4d34-ba3c-8c17cce67bcd-impl-thread2] INFO  segmented.SegmentedRaftLogWorker (SegmentedRaftLogWorker.java:close(245)) - f4d36fa5-ed0e-4d34-ba3c-8c17cce67bcd@group-50E16CFB81C8-SegmentedRaftLogWorker close()
2024-02-10 23:48:38,280 [JvmPauseMonitor41] INFO  util.JvmPauseMonitor (JvmPauseMonitor.java:run(152)) - JvmPauseMonitor-64168508-e903-4327-b7bc-0572c2109e1a: Stopped
2024-02-10 23:48:38,280 [JvmPauseMonitor43] INFO  util.JvmPauseMonitor (JvmPauseMonitor.java:run(152)) - JvmPauseMonitor-f4d36fa5-ed0e-4d34-ba3c-8c17cce67bcd: Stopped
2024-02-10 23:48:39,834 [ForkJoinPool.commonPool-worker-3] INFO  utils.DatanodeStoreCache (DatanodeStoreCache.java:shutdownCache(116)) - Skip clearing cache in mini cluster mode. Entries left: [/home/runner/work/ozone/ozone/hadoop-ozone/integration-test/target/test-dir/MiniOzoneClusterImpl-da04a438-6ec0-4fc9-9b2e-e93c90459920/datanode-0/data-0/containers/hdds/da04a438-6ec0-4fc9-9b2e-e93c90459920/DS-9d938c8f-2b5b-4233-9c4b-c2391e48c6ae/container.db, /home/runner/work/ozone/ozone/hadoop-ozone/integration-test/target/test-dir/MiniOzoneClusterImpl-da04a438-6ec0-4fc9-9b2e-e93c90459920/datanode-1/data-0/containers/hdds/da04a438-6ec0-4fc9-9b2e-e93c90459920/DS-87668445-779c-41b9-88bc-92c44fe600ca/container.db, /home/runner/work/ozone/ozone/hadoop-ozone/integration-test/target/test-dir/MiniOzoneClusterImpl-da04a438-6ec0-4fc9-9b2e-e93c90459920/datanode-2/data-0/containers/hdds/da04a438-6ec0-4fc9-9b2e-e93c90459920/DS-e543c97f-0816-4262-af95-27e07467ebc9/container.db, /home/runner/work/ozone/ozone/hadoop-ozone/integration-test/target/test-dir/MiniOzoneClusterImpl-da04a438-6ec0-4fc9-9b2e-e93c90459920/datanode-3/data-0/containers/hdds/da04a438-6ec0-4fc9-9b2e-e93c90459920/DS-1f0b3235-4701-438c-a94d-9cf07a801e93/container.db, /home/runner/work/ozone/ozone/hadoop-ozone/integration-test/target/test-dir/MiniOzoneClusterImpl-da04a438-6ec0-4fc9-9b2e-e93c90459920/datanode-4/data-0/containers/hdds/da04a438-6ec0-4fc9-9b2e-e93c90459920/DS-b68f16c1-0822-4e89-b3a8-eb9f0ed5b257/container.db, /home/runner/work/ozone/ozone/hadoop-ozone/integration-test/target/test-dir/MiniOzoneClusterImpl-da04a438-6ec0-4fc9-9b2e-e93c90459920/datanode-5/data-0/containers/hdds/da04a438-6ec0-4fc9-9b2e-e93c90459920/DS-ab50c196-2192-460c-92f0-63d01e77ce48/container.db, /home/runner/work/ozone/ozone/hadoop-ozone/integration-test/target/test-dir/MiniOzoneClusterImpl-da04a438-6ec0-4fc9-9b2e-e93c90459920/datanode-6/data-0/containers/hdds/da04a438-6ec0-4fc9-9b2e-e93c90459920/DS-52f66abf-c315-4042-a3fe-e702385aa2cc/container.db, /home/runner/work/ozone/ozone/hadoop-ozone/integration-test/target/test-dir/MiniOzoneClusterImpl-da04a438-6ec0-4fc9-9b2e-e93c90459920/datanode-7/data-0/containers/hdds/da04a438-6ec0-4fc9-9b2e-e93c90459920/DS-58ee1ca2-f0b7-4cc0-9f08-19bce819fa2a/container.db, /home/runner/work/ozone/ozone/hadoop-ozone/integration-test/target/test-dir/MiniOzoneClusterImpl-da04a438-6ec0-4fc9-9b2e-e93c90459920/datanode-8/data-0/containers/hdds/da04a438-6ec0-4fc9-9b2e-e93c90459920/DS-e8ff4a26-b5ca-4fde-b91a-762e0afeeafa/container.db]
2024-02-10 23:48:39,834 [ForkJoinPool.commonPool-worker-7] INFO  utils.DatanodeStoreCache (DatanodeStoreCache.java:shutdownCache(116)) - Skip clearing cache in mini cluster mode. Entries left: [/home/runner/work/ozone/ozone/hadoop-ozone/integration-test/target/test-dir/MiniOzoneClusterImpl-da04a438-6ec0-4fc9-9b2e-e93c90459920/datanode-0/data-0/containers/hdds/da04a438-6ec0-4fc9-9b2e-e93c90459920/DS-9d938c8f-2b5b-4233-9c4b-c2391e48c6ae/container.db, /home/runner/work/ozone/ozone/hadoop-ozone/integration-test/target/test-dir/MiniOzoneClusterImpl-da04a438-6ec0-4fc9-9b2e-e93c90459920/datanode-1/data-0/containers/hdds/da04a438-6ec0-4fc9-9b2e-e93c90459920/DS-87668445-779c-41b9-88bc-92c44fe600ca/container.db, /home/runner/work/ozone/ozone/hadoop-ozone/integration-test/target/test-dir/MiniOzoneClusterImpl-da04a438-6ec0-4fc9-9b2e-e93c90459920/datanode-2/data-0/containers/hdds/da04a438-6ec0-4fc9-9b2e-e93c90459920/DS-e543c97f-0816-4262-af95-27e07467ebc9/container.db, /home/runner/work/ozone/ozone/hadoop-ozone/integration-test/target/test-dir/MiniOzoneClusterImpl-da04a438-6ec0-4fc9-9b2e-e93c90459920/datanode-3/data-0/containers/hdds/da04a438-6ec0-4fc9-9b2e-e93c90459920/DS-1f0b3235-4701-438c-a94d-9cf07a801e93/container.db, /home/runner/work/ozone/ozone/hadoop-ozone/integration-test/target/test-dir/MiniOzoneClusterImpl-da04a438-6ec0-4fc9-9b2e-e93c90459920/datanode-4/data-0/containers/hdds/da04a438-6ec0-4fc9-9b2e-e93c90459920/DS-b68f16c1-0822-4e89-b3a8-eb9f0ed5b257/container.db, /home/runner/work/ozone/ozone/hadoop-ozone/integration-test/target/test-dir/MiniOzoneClusterImpl-da04a438-6ec0-4fc9-9b2e-e93c90459920/datanode-5/data-0/containers/hdds/da04a438-6ec0-4fc9-9b2e-e93c90459920/DS-ab50c196-2192-460c-92f0-63d01e77ce48/container.db, /home/runner/work/ozone/ozone/hadoop-ozone/integration-test/target/test-dir/MiniOzoneClusterImpl-da04a438-6ec0-4fc9-9b2e-e93c90459920/datanode-6/data-0/containers/hdds/da04a438-6ec0-4fc9-9b2e-e93c90459920/DS-52f66abf-c315-4042-a3fe-e702385aa2cc/container.db, /home/runner/work/ozone/ozone/hadoop-ozone/integration-test/target/test-dir/MiniOzoneClusterImpl-da04a438-6ec0-4fc9-9b2e-e93c90459920/datanode-7/data-0/containers/hdds/da04a438-6ec0-4fc9-9b2e-e93c90459920/DS-58ee1ca2-f0b7-4cc0-9f08-19bce819fa2a/container.db, /home/runner/work/ozone/ozone/hadoop-ozone/integration-test/target/test-dir/MiniOzoneClusterImpl-da04a438-6ec0-4fc9-9b2e-e93c90459920/datanode-8/data-0/containers/hdds/da04a438-6ec0-4fc9-9b2e-e93c90459920/DS-e8ff4a26-b5ca-4fde-b91a-762e0afeeafa/container.db]
2024-02-10 23:48:39,840 [ForkJoinPool.commonPool-worker-3] INFO  utils.DatanodeStoreCache (DatanodeStoreCache.java:removeDB(110)) - Removed db /home/runner/work/ozone/ozone/hadoop-ozone/integration-test/target/test-dir/MiniOzoneClusterImpl-da04a438-6ec0-4fc9-9b2e-e93c90459920/datanode-1/data-0/containers/hdds/da04a438-6ec0-4fc9-9b2e-e93c90459920/DS-87668445-779c-41b9-88bc-92c44fe600ca/container.db from cache
2024-02-10 23:48:39,840 [ForkJoinPool.commonPool-worker-3] INFO  volume.HddsVolume (HddsVolume.java:closeDbStore(451)) - SchemaV3 db is stopped at /home/runner/work/ozone/ozone/hadoop-ozone/integration-test/target/test-dir/MiniOzoneClusterImpl-da04a438-6ec0-4fc9-9b2e-e93c90459920/datanode-1/data-0/containers/hdds/da04a438-6ec0-4fc9-9b2e-e93c90459920/DS-87668445-779c-41b9-88bc-92c44fe600ca/container.db for volume DS-87668445-779c-41b9-88bc-92c44fe600ca
2024-02-10 23:48:39,840 [ForkJoinPool.commonPool-worker-3] INFO  utils.BackgroundService (BackgroundService.java:shutdown(160)) - Shutting down service BlockDeletingService
2024-02-10 23:48:39,840 [ForkJoinPool.commonPool-worker-3] INFO  utils.BackgroundService (BackgroundService.java:shutdown(160)) - Shutting down service StaleRecoveringContainerScrubbingService
2024-02-10 23:48:39,841 [ForkJoinPool.commonPool-worker-7] INFO  utils.DatanodeStoreCache (DatanodeStoreCache.java:removeDB(110)) - Removed db /home/runner/work/ozone/ozone/hadoop-ozone/integration-test/target/test-dir/MiniOzoneClusterImpl-da04a438-6ec0-4fc9-9b2e-e93c90459920/datanode-0/data-0/containers/hdds/da04a438-6ec0-4fc9-9b2e-e93c90459920/DS-9d938c8f-2b5b-4233-9c4b-c2391e48c6ae/container.db from cache
2024-02-10 23:48:39,841 [ForkJoinPool.commonPool-worker-7] INFO  volume.HddsVolume (HddsVolume.java:closeDbStore(451)) - SchemaV3 db is stopped at /home/runner/work/ozone/ozone/hadoop-ozone/integration-test/target/test-dir/MiniOzoneClusterImpl-da04a438-6ec0-4fc9-9b2e-e93c90459920/datanode-0/data-0/containers/hdds/da04a438-6ec0-4fc9-9b2e-e93c90459920/DS-9d938c8f-2b5b-4233-9c4b-c2391e48c6ae/container.db for volume DS-9d938c8f-2b5b-4233-9c4b-c2391e48c6ae
2024-02-10 23:48:39,843 [ForkJoinPool.commonPool-worker-7] INFO  utils.BackgroundService (BackgroundService.java:shutdown(160)) - Shutting down service BlockDeletingService
2024-02-10 23:48:39,843 [ForkJoinPool.commonPool-worker-7] INFO  utils.BackgroundService (BackgroundService.java:shutdown(160)) - Shutting down service StaleRecoveringContainerScrubbingService
2024-02-10 23:48:39,847 [ForkJoinPool.commonPool-worker-3] INFO  statemachine.DatanodeStateMachine (DatanodeStateMachine.java:stopDaemon(638)) - Ozone container server stopped.
2024-02-10 23:48:39,848 [ForkJoinPool.commonPool-worker-7] INFO  statemachine.DatanodeStateMachine (DatanodeStateMachine.java:stopDaemon(638)) - Ozone container server stopped.
2024-02-10 23:48:39,850 [ForkJoinPool.commonPool-worker-7] INFO  handler.ContextHandler (ContextHandler.java:doStop(1159)) - Stopped o.e.j.w.WebAppContext@3619bceb{hddsDatanode,/,null,STOPPED}{jar:file:/home/runner/.m2/repository/org/apache/ozone/hdds-container-service/1.5.0-SNAPSHOT/hdds-container-service-1.5.0-SNAPSHOT.jar!/webapps/hddsDatanode}
2024-02-10 23:48:39,851 [ForkJoinPool.commonPool-worker-3] INFO  handler.ContextHandler (ContextHandler.java:doStop(1159)) - Stopped o.e.j.w.WebAppContext@1580163d{hddsDatanode,/,null,STOPPED}{jar:file:/home/runner/.m2/repository/org/apache/ozone/hdds-container-service/1.5.0-SNAPSHOT/hdds-container-service-1.5.0-SNAPSHOT.jar!/webapps/hddsDatanode}
2024-02-10 23:48:39,852 [ForkJoinPool.commonPool-worker-7] INFO  server.AbstractConnector (AbstractConnector.java:doStop(383)) - Stopped ServerConnector@373ac817{HTTP/1.1, (http/1.1)}{0.0.0.0:15276}
2024-02-10 23:48:39,852 [ForkJoinPool.commonPool-worker-3] INFO  server.AbstractConnector (AbstractConnector.java:doStop(383)) - Stopped ServerConnector@50ad67bd{HTTP/1.1, (http/1.1)}{0.0.0.0:15285}
2024-02-10 23:48:39,852 [ForkJoinPool.commonPool-worker-3] INFO  server.session (HouseKeeper.java:stopScavenging(149)) - node0 Stopped scavenging
2024-02-10 23:48:39,852 [ForkJoinPool.commonPool-worker-7] INFO  server.session (HouseKeeper.java:stopScavenging(149)) - node0 Stopped scavenging
2024-02-10 23:48:39,852 [ForkJoinPool.commonPool-worker-3] INFO  handler.ContextHandler (ContextHandler.java:doStop(1159)) - Stopped o.e.j.s.ServletContextHandler@f15218e{static,/static,jar:file:/home/runner/.m2/repository/org/apache/ozone/hdds-container-service/1.5.0-SNAPSHOT/hdds-container-service-1.5.0-SNAPSHOT.jar!/webapps/static,STOPPED}
2024-02-10 23:48:39,853 [ForkJoinPool.commonPool-worker-7] INFO  handler.ContextHandler (ContextHandler.java:doStop(1159)) - Stopped o.e.j.s.ServletContextHandler@70222dd0{static,/static,jar:file:/home/runner/.m2/repository/org/apache/ozone/hdds-container-service/1.5.0-SNAPSHOT/hdds-container-service-1.5.0-SNAPSHOT.jar!/webapps/static,STOPPED}
2024-02-10 23:48:39,853 [ForkJoinPool.commonPool-worker-3] INFO  handler.ContextHandler (ContextHandler.java:doStop(1159)) - Stopped o.e.j.s.ServletContextHandler@310450cd{logs,/logs,file:///home/runner/work/ozone/ozone/hadoop-ozone/integration-test/target/log,STOPPED}
2024-02-10 23:48:39,854 [ForkJoinPool.commonPool-worker-7] INFO  handler.ContextHandler (ContextHandler.java:doStop(1159)) - Stopped o.e.j.s.ServletContextHandler@62824af7{logs,/logs,file:///home/runner/work/ozone/ozone/hadoop-ozone/integration-test/target/log,STOPPED}
2024-02-10 23:48:39,854 [ForkJoinPool.commonPool-worker-3] INFO  ozone.HddsDatanodeClientProtocolServer (HddsDatanodeClientProtocolServer.java:stop(78)) - Stopping the RPC server for Client Protocol
2024-02-10 23:48:39,855 [ForkJoinPool.commonPool-worker-3] INFO  ipc.Server (Server.java:stop(3523)) - Stopping server on 15286
2024-02-10 23:48:39,855 [ForkJoinPool.commonPool-worker-7] INFO  ozone.HddsDatanodeClientProtocolServer (HddsDatanodeClientProtocolServer.java:stop(78)) - Stopping the RPC server for Client Protocol
2024-02-10 23:48:39,857 [ForkJoinPool.commonPool-worker-7] INFO  ipc.Server (Server.java:stop(3523)) - Stopping server on 15277
2024-02-10 23:48:39,857 [IPC Server listener on 15286] INFO  ipc.Server (Server.java:run(1434)) - Stopping IPC Server listener on 15286
2024-02-10 23:48:39,857 [IPC Server listener on 15277] INFO  ipc.Server (Server.java:run(1434)) - Stopping IPC Server listener on 15277
2024-02-10 23:48:39,859 [IPC Server Responder] INFO  ipc.Server (Server.java:run(1567)) - Stopping IPC Server Responder
2024-02-10 23:48:39,860 [IPC Server Responder] INFO  ipc.Server (Server.java:run(1567)) - Stopping IPC Server Responder
2024-02-10 23:48:39,861 [ForkJoinPool.commonPool-worker-3] INFO  ozoneimpl.OzoneContainer (OzoneContainer.java:stop(481)) - Attempting to stop container services.
2024-02-10 23:48:39,861 [ForkJoinPool.commonPool-worker-3] INFO  server.RaftServer (RaftServerProxy.java:lambda$close$9(416)) - 5d086814-e92a-437f-854d-775872ea30b8: close
2024-02-10 23:48:39,861 [5d086814-e92a-437f-854d-775872ea30b8-impl-thread1] INFO  server.RaftServer$Division (RaftServerImpl.java:lambda$close$3(526)) - 5d086814-e92a-437f-854d-775872ea30b8@group-6E27F47D06A0: shutdown
2024-02-10 23:48:39,861 [ForkJoinPool.commonPool-worker-3] INFO  server.GrpcService (GrpcService.java:closeImpl(311)) - 5d086814-e92a-437f-854d-775872ea30b8: shutdown server org.apache.ratis.grpc.server.GrpcClientProtocolService now
2024-02-10 23:48:39,861 [5d086814-e92a-437f-854d-775872ea30b8-impl-thread1] INFO  util.JmxRegister (JmxRegister.java:unregister(73)) - Successfully un-registered JMX Bean with object name Ratis:service=RaftServer,group=group-6E27F47D06A0,id=5d086814-e92a-437f-854d-775872ea30b8
2024-02-10 23:48:39,861 [5d086814-e92a-437f-854d-775872ea30b8-impl-thread1] INFO  impl.RoleInfo (RoleInfo.java:shutdownLeaderState(94)) - 5d086814-e92a-437f-854d-775872ea30b8: shutdown 5d086814-e92a-437f-854d-775872ea30b8@group-6E27F47D06A0-LeaderStateImpl
2024-02-10 23:48:39,861 [5d086814-e92a-437f-854d-775872ea30b8-impl-thread2] INFO  server.RaftServer$Division (RaftServerImpl.java:lambda$close$3(526)) - 5d086814-e92a-437f-854d-775872ea30b8@group-21E4E35BF4D7: shutdown
2024-02-10 23:48:39,861 [5d086814-e92a-437f-854d-775872ea30b8-impl-thread2] INFO  util.JmxRegister (JmxRegister.java:unregister(73)) - Successfully un-registered JMX Bean with object name Ratis:service=RaftServer,group=group-21E4E35BF4D7,id=5d086814-e92a-437f-854d-775872ea30b8
2024-02-10 23:48:39,862 [5d086814-e92a-437f-854d-775872ea30b8-impl-thread2] INFO  impl.RoleInfo (RoleInfo.java:shutdownFollowerState(110)) - 5d086814-e92a-437f-854d-775872ea30b8: shutdown 5d086814-e92a-437f-854d-775872ea30b8@group-21E4E35BF4D7-FollowerState
2024-02-10 23:48:39,861 [5d086814-e92a-437f-854d-775872ea30b8-impl-thread1] INFO  impl.PendingRequests (PendingRequests.java:sendNotLeaderResponses(289)) - 5d086814-e92a-437f-854d-775872ea30b8@group-6E27F47D06A0-PendingRequests: sendNotLeaderResponses
2024-02-10 23:48:39,862 [Thread-4879] INFO  server.GrpcServerProtocolClient (GrpcServerProtocolClient.java:close(103)) - d68bdd40-ff61-48f9-926d-424a561bf72d Close channels
2024-02-10 23:48:39,862 [5d086814-e92a-437f-854d-775872ea30b8-impl-thread2] INFO  impl.StateMachineUpdater (StateMachineUpdater.java:stopAndJoin(157)) - 5d086814-e92a-437f-854d-775872ea30b8@group-21E4E35BF4D7-StateMachineUpdater: set stopIndex = 0
2024-02-10 23:48:39,862 [5d086814-e92a-437f-854d-775872ea30b8@group-21E4E35BF4D7-FollowerState] INFO  impl.FollowerState (FollowerState.java:run(152)) - 5d086814-e92a-437f-854d-775872ea30b8@group-21E4E35BF4D7-FollowerState was interrupted
2024-02-10 23:48:39,862 [5d086814-e92a-437f-854d-775872ea30b8@group-21E4E35BF4D7-StateMachineUpdater] INFO  ratis.ContainerStateMachine (ContainerStateMachine.java:takeSnapshot(355)) - group-21E4E35BF4D7: Taking a snapshot at:(t:1, i:0) file /home/runner/work/ozone/ozone/hadoop-ozone/integration-test/target/test-dir/MiniOzoneClusterImpl-da04a438-6ec0-4fc9-9b2e-e93c90459920/datanode-4/data/ratis/32b725d0-7e3c-45d5-a6fc-21e4e35bf4d7/sm/snapshot.1_0
2024-02-10 23:48:39,862 [Thread-4880] INFO  server.GrpcServerProtocolClient (GrpcServerProtocolClient.java:close(103)) - 33d73e87-4323-4d41-88d5-bb014deecef0 Close channels
2024-02-10 23:48:39,863 [ForkJoinPool.commonPool-worker-3] INFO  server.GrpcService (GrpcService.java:closeImpl(320)) - 5d086814-e92a-437f-854d-775872ea30b8: shutdown server org.apache.ratis.grpc.server.GrpcClientProtocolService successfully
2024-02-10 23:48:39,863 [ForkJoinPool.commonPool-worker-3] INFO  server.GrpcService (GrpcService.java:closeImpl(311)) - 5d086814-e92a-437f-854d-775872ea30b8: shutdown server GrpcServerProtocolService now
2024-02-10 23:48:39,863 [5d086814-e92a-437f-854d-775872ea30b8@group-21E4E35BF4D7-StateMachineUpdater] INFO  ratis.ContainerStateMachine (ContainerStateMachine.java:takeSnapshot(366)) - group-21E4E35BF4D7: Finished taking a snapshot at:(t:1, i:0) file:/home/runner/work/ozone/ozone/hadoop-ozone/integration-test/target/test-dir/MiniOzoneClusterImpl-da04a438-6ec0-4fc9-9b2e-e93c90459920/datanode-4/data/ratis/32b725d0-7e3c-45d5-a6fc-21e4e35bf4d7/sm/snapshot.1_0 took: 1 ms
2024-02-10 23:48:39,863 [5d086814-e92a-437f-854d-775872ea30b8@group-21E4E35BF4D7-StateMachineUpdater] INFO  impl.StateMachineUpdater (StateMachineUpdater.java:takeSnapshot(295)) - 5d086814-e92a-437f-854d-775872ea30b8@group-21E4E35BF4D7-StateMachineUpdater: Took a snapshot at index 0
2024-02-10 23:48:39,863 [5d086814-e92a-437f-854d-775872ea30b8@group-21E4E35BF4D7-StateMachineUpdater] INFO  impl.StateMachineUpdater (StateMachineUpdater.java:lambda$new$0(98)) - 5d086814-e92a-437f-854d-775872ea30b8@group-21E4E35BF4D7-StateMachineUpdater: snapshotIndex: updateIncreasingly -1 -> 0
2024-02-10 23:48:39,864 [5d086814-e92a-437f-854d-775872ea30b8-impl-thread2] INFO  server.RaftServer$Division (ServerState.java:close(427)) - 5d086814-e92a-437f-854d-775872ea30b8@group-21E4E35BF4D7: applyIndex: 0
2024-02-10 23:48:39,864 [5d086814-e92a-437f-854d-775872ea30b8@group-21E4E35BF4D7-cacheEviction-AwaitToRun] INFO  util.AwaitToRun (AwaitToRun.java:run(49)) - 5d086814-e92a-437f-854d-775872ea30b8@group-21E4E35BF4D7-cacheEviction-AwaitToRun-AwaitForSignal is interrupted
2024-02-10 23:48:39,865 [5d086814-e92a-437f-854d-775872ea30b8@group-6E27F47D06A0-StateMachineUpdater] INFO  ratis.ContainerStateMachine (ContainerStateMachine.java:takeSnapshot(355)) - group-6E27F47D06A0: Taking a snapshot at:(t:1, i:0) file /home/runner/work/ozone/ozone/hadoop-ozone/integration-test/target/test-dir/MiniOzoneClusterImpl-da04a438-6ec0-4fc9-9b2e-e93c90459920/datanode-4/data/ratis/289f0b1f-0fe7-40e2-a54a-6e27f47d06a0/sm/snapshot.1_0
2024-02-10 23:48:39,865 [5d086814-e92a-437f-854d-775872ea30b8@group-6E27F47D06A0-StateMachineUpdater] INFO  ratis.ContainerStateMachine (ContainerStateMachine.java:takeSnapshot(366)) - group-6E27F47D06A0: Finished taking a snapshot at:(t:1, i:0) file:/home/runner/work/ozone/ozone/hadoop-ozone/integration-test/target/test-dir/MiniOzoneClusterImpl-da04a438-6ec0-4fc9-9b2e-e93c90459920/datanode-4/data/ratis/289f0b1f-0fe7-40e2-a54a-6e27f47d06a0/sm/snapshot.1_0 took: 1 ms
2024-02-10 23:48:39,866 [ForkJoinPool.commonPool-worker-3] INFO  server.GrpcService (GrpcService.java:closeImpl(320)) - 5d086814-e92a-437f-854d-775872ea30b8: shutdown server GrpcServerProtocolService successfully
2024-02-10 23:48:39,866 [5d086814-e92a-437f-854d-775872ea30b8@group-6E27F47D06A0-StateMachineUpdater] INFO  impl.StateMachineUpdater (StateMachineUpdater.java:takeSnapshot(295)) - 5d086814-e92a-437f-854d-775872ea30b8@group-6E27F47D06A0-StateMachineUpdater: Took a snapshot at index 0
2024-02-10 23:48:39,862 [5d086814-e92a-437f-854d-775872ea30b8-impl-thread1] INFO  impl.StateMachineUpdater (StateMachineUpdater.java:stopAndJoin(157)) - 5d086814-e92a-437f-854d-775872ea30b8@group-6E27F47D06A0-StateMachineUpdater: set stopIndex = 0
2024-02-10 23:48:39,866 [5d086814-e92a-437f-854d-775872ea30b8@group-6E27F47D06A0-StateMachineUpdater] INFO  impl.StateMachineUpdater (StateMachineUpdater.java:lambda$new$0(98)) - 5d086814-e92a-437f-854d-775872ea30b8@group-6E27F47D06A0-StateMachineUpdater: snapshotIndex: updateIncreasingly -1 -> 0
2024-02-10 23:48:39,866 [ForkJoinPool.commonPool-worker-3] INFO  server.GrpcService (GrpcService.java:closeImpl(311)) - 5d086814-e92a-437f-854d-775872ea30b8: shutdown server org.apache.ratis.grpc.server.GrpcAdminProtocolService now
2024-02-10 23:48:39,866 [5d086814-e92a-437f-854d-775872ea30b8-impl-thread1] INFO  server.RaftServer$Division (ServerState.java:close(427)) - 5d086814-e92a-437f-854d-775872ea30b8@group-6E27F47D06A0: applyIndex: 0
2024-02-10 23:48:39,866 [5d086814-e92a-437f-854d-775872ea30b8@group-6E27F47D06A0-cacheEviction-AwaitToRun] INFO  util.AwaitToRun (AwaitToRun.java:run(49)) - 5d086814-e92a-437f-854d-775872ea30b8@group-6E27F47D06A0-cacheEviction-AwaitToRun-AwaitForSignal is interrupted
2024-02-10 23:48:39,866 [ForkJoinPool.commonPool-worker-1] INFO  utils.DatanodeStoreCache (DatanodeStoreCache.java:shutdownCache(116)) - Skip clearing cache in mini cluster mode. Entries left: [/home/runner/work/ozone/ozone/hadoop-ozone/integration-test/target/test-dir/MiniOzoneClusterImpl-da04a438-6ec0-4fc9-9b2e-e93c90459920/datanode-2/data-0/containers/hdds/da04a438-6ec0-4fc9-9b2e-e93c90459920/DS-e543c97f-0816-4262-af95-27e07467ebc9/container.db, /home/runner/work/ozone/ozone/hadoop-ozone/integration-test/target/test-dir/MiniOzoneClusterImpl-da04a438-6ec0-4fc9-9b2e-e93c90459920/datanode-3/data-0/containers/hdds/da04a438-6ec0-4fc9-9b2e-e93c90459920/DS-1f0b3235-4701-438c-a94d-9cf07a801e93/container.db, /home/runner/work/ozone/ozone/hadoop-ozone/integration-test/target/test-dir/MiniOzoneClusterImpl-da04a438-6ec0-4fc9-9b2e-e93c90459920/datanode-4/data-0/containers/hdds/da04a438-6ec0-4fc9-9b2e-e93c90459920/DS-b68f16c1-0822-4e89-b3a8-eb9f0ed5b257/container.db, /home/runner/work/ozone/ozone/hadoop-ozone/integration-test/target/test-dir/MiniOzoneClusterImpl-da04a438-6ec0-4fc9-9b2e-e93c90459920/datanode-5/data-0/containers/hdds/da04a438-6ec0-4fc9-9b2e-e93c90459920/DS-ab50c196-2192-460c-92f0-63d01e77ce48/container.db, /home/runner/work/ozone/ozone/hadoop-ozone/integration-test/target/test-dir/MiniOzoneClusterImpl-da04a438-6ec0-4fc9-9b2e-e93c90459920/datanode-6/data-0/containers/hdds/da04a438-6ec0-4fc9-9b2e-e93c90459920/DS-52f66abf-c315-4042-a3fe-e702385aa2cc/container.db, /home/runner/work/ozone/ozone/hadoop-ozone/integration-test/target/test-dir/MiniOzoneClusterImpl-da04a438-6ec0-4fc9-9b2e-e93c90459920/datanode-7/data-0/containers/hdds/da04a438-6ec0-4fc9-9b2e-e93c90459920/DS-58ee1ca2-f0b7-4cc0-9f08-19bce819fa2a/container.db, /home/runner/work/ozone/ozone/hadoop-ozone/integration-test/target/test-dir/MiniOzoneClusterImpl-da04a438-6ec0-4fc9-9b2e-e93c90459920/datanode-8/data-0/containers/hdds/da04a438-6ec0-4fc9-9b2e-e93c90459920/DS-e8ff4a26-b5ca-4fde-b91a-762e0afeeafa/container.db]
2024-02-10 23:48:39,867 [ForkJoinPool.commonPool-worker-1] INFO  utils.DatanodeStoreCache (DatanodeStoreCache.java:removeDB(110)) - Removed db /home/runner/work/ozone/ozone/hadoop-ozone/integration-test/target/test-dir/MiniOzoneClusterImpl-da04a438-6ec0-4fc9-9b2e-e93c90459920/datanode-2/data-0/containers/hdds/da04a438-6ec0-4fc9-9b2e-e93c90459920/DS-e543c97f-0816-4262-af95-27e07467ebc9/container.db from cache
2024-02-10 23:48:39,867 [ForkJoinPool.commonPool-worker-1] INFO  volume.HddsVolume (HddsVolume.java:closeDbStore(451)) - SchemaV3 db is stopped at /home/runner/work/ozone/ozone/hadoop-ozone/integration-test/target/test-dir/MiniOzoneClusterImpl-da04a438-6ec0-4fc9-9b2e-e93c90459920/datanode-2/data-0/containers/hdds/da04a438-6ec0-4fc9-9b2e-e93c90459920/DS-e543c97f-0816-4262-af95-27e07467ebc9/container.db for volume DS-e543c97f-0816-4262-af95-27e07467ebc9
2024-02-10 23:48:39,868 [ForkJoinPool.commonPool-worker-1] INFO  utils.BackgroundService (BackgroundService.java:shutdown(160)) - Shutting down service BlockDeletingService
2024-02-10 23:48:39,868 [ForkJoinPool.commonPool-worker-3] INFO  server.GrpcService (GrpcService.java:closeImpl(320)) - 5d086814-e92a-437f-854d-775872ea30b8: shutdown server org.apache.ratis.grpc.server.GrpcAdminProtocolService successfully
2024-02-10 23:48:39,869 [ForkJoinPool.commonPool-worker-1] INFO  utils.BackgroundService (BackgroundService.java:shutdown(160)) - Shutting down service StaleRecoveringContainerScrubbingService
2024-02-10 23:48:39,870 [ForkJoinPool.commonPool-worker-1] INFO  statemachine.DatanodeStateMachine (DatanodeStateMachine.java:stopDaemon(638)) - Ozone container server stopped.
2024-02-10 23:48:39,871 [5d086814-e92a-437f-854d-775872ea30b8-NettyServerStreamRpc-bossGroup--thread1] INFO  logging.LoggingHandler (AbstractInternalLogger.java:log(148)) - [id: 0xe2b9c3bb, L:/0.0.0.0:15318] CLOSE
2024-02-10 23:48:39,872 [5d086814-e92a-437f-854d-775872ea30b8-NettyServerStreamRpc-bossGroup--thread1] INFO  logging.LoggingHandler (AbstractInternalLogger.java:log(148)) - [id: 0xe2b9c3bb, L:/0.0.0.0:15318] INACTIVE
2024-02-10 23:48:39,872 [5d086814-e92a-437f-854d-775872ea30b8-NettyServerStreamRpc-bossGroup--thread1] INFO  logging.LoggingHandler (AbstractInternalLogger.java:log(148)) - [id: 0xe2b9c3bb, L:/0.0.0.0:15318] UNREGISTERED
2024-02-10 23:48:39,872 [ForkJoinPool.commonPool-worker-1] INFO  handler.ContextHandler (ContextHandler.java:doStop(1159)) - Stopped o.e.j.w.WebAppContext@1131112f{hddsDatanode,/,null,STOPPED}{jar:file:/home/runner/.m2/repository/org/apache/ozone/hdds-container-service/1.5.0-SNAPSHOT/hdds-container-service-1.5.0-SNAPSHOT.jar!/webapps/hddsDatanode}
2024-02-10 23:48:39,873 [ForkJoinPool.commonPool-worker-1] INFO  server.AbstractConnector (AbstractConnector.java:doStop(383)) - Stopped ServerConnector@3286f6eb{HTTP/1.1, (http/1.1)}{0.0.0.0:15294}
2024-02-10 23:48:39,873 [ForkJoinPool.commonPool-worker-1] INFO  server.session (HouseKeeper.java:stopScavenging(149)) - node0 Stopped scavenging
2024-02-10 23:48:39,874 [ForkJoinPool.commonPool-worker-1] INFO  handler.ContextHandler (ContextHandler.java:doStop(1159)) - Stopped o.e.j.s.ServletContextHandler@415d089d{static,/static,jar:file:/home/runner/.m2/repository/org/apache/ozone/hdds-container-service/1.5.0-SNAPSHOT/hdds-container-service-1.5.0-SNAPSHOT.jar!/webapps/static,STOPPED}
2024-02-10 23:48:39,875 [ForkJoinPool.commonPool-worker-1] INFO  handler.ContextHandler (ContextHandler.java:doStop(1159)) - Stopped o.e.j.s.ServletContextHandler@126d6f18{logs,/logs,file:///home/runner/work/ozone/ozone/hadoop-ozone/integration-test/target/log,STOPPED}
2024-02-10 23:48:39,877 [ForkJoinPool.commonPool-worker-1] INFO  ozone.HddsDatanodeClientProtocolServer (HddsDatanodeClientProtocolServer.java:stop(78)) - Stopping the RPC server for Client Protocol
2024-02-10 23:48:39,878 [ForkJoinPool.commonPool-worker-1] INFO  ipc.Server (Server.java:stop(3523)) - Stopping server on 15295
2024-02-10 23:48:39,878 [IPC Server listener on 15295] INFO  ipc.Server (Server.java:run(1434)) - Stopping IPC Server listener on 15295
2024-02-10 23:48:39,879 [IPC Server Responder] INFO  ipc.Server (Server.java:run(1567)) - Stopping IPC Server Responder
2024-02-10 23:48:39,950 [5d086814-e92a-437f-854d-775872ea30b8-impl-thread1] INFO  segmented.SegmentedRaftLogWorker (SegmentedRaftLogWorker.java:close(245)) - 5d086814-e92a-437f-854d-775872ea30b8@group-6E27F47D06A0-SegmentedRaftLogWorker close()
2024-02-10 23:48:40,007 [ForkJoinPool.commonPool-worker-4] INFO  utils.DatanodeStoreCache (DatanodeStoreCache.java:shutdownCache(116)) - Skip clearing cache in mini cluster mode. Entries left: [/home/runner/work/ozone/ozone/hadoop-ozone/integration-test/target/test-dir/MiniOzoneClusterImpl-da04a438-6ec0-4fc9-9b2e-e93c90459920/datanode-3/data-0/containers/hdds/da04a438-6ec0-4fc9-9b2e-e93c90459920/DS-1f0b3235-4701-438c-a94d-9cf07a801e93/container.db, /home/runner/work/ozone/ozone/hadoop-ozone/integration-test/target/test-dir/MiniOzoneClusterImpl-da04a438-6ec0-4fc9-9b2e-e93c90459920/datanode-4/data-0/containers/hdds/da04a438-6ec0-4fc9-9b2e-e93c90459920/DS-b68f16c1-0822-4e89-b3a8-eb9f0ed5b257/container.db, /home/runner/work/ozone/ozone/hadoop-ozone/integration-test/target/test-dir/MiniOzoneClusterImpl-da04a438-6ec0-4fc9-9b2e-e93c90459920/datanode-5/data-0/containers/hdds/da04a438-6ec0-4fc9-9b2e-e93c90459920/DS-ab50c196-2192-460c-92f0-63d01e77ce48/container.db, /home/runner/work/ozone/ozone/hadoop-ozone/integration-test/target/test-dir/MiniOzoneClusterImpl-da04a438-6ec0-4fc9-9b2e-e93c90459920/datanode-6/data-0/containers/hdds/da04a438-6ec0-4fc9-9b2e-e93c90459920/DS-52f66abf-c315-4042-a3fe-e702385aa2cc/container.db, /home/runner/work/ozone/ozone/hadoop-ozone/integration-test/target/test-dir/MiniOzoneClusterImpl-da04a438-6ec0-4fc9-9b2e-e93c90459920/datanode-7/data-0/containers/hdds/da04a438-6ec0-4fc9-9b2e-e93c90459920/DS-58ee1ca2-f0b7-4cc0-9f08-19bce819fa2a/container.db, /home/runner/work/ozone/ozone/hadoop-ozone/integration-test/target/test-dir/MiniOzoneClusterImpl-da04a438-6ec0-4fc9-9b2e-e93c90459920/datanode-8/data-0/containers/hdds/da04a438-6ec0-4fc9-9b2e-e93c90459920/DS-e8ff4a26-b5ca-4fde-b91a-762e0afeeafa/container.db]
2024-02-10 23:48:40,007 [ForkJoinPool.commonPool-worker-4] INFO  utils.DatanodeStoreCache (DatanodeStoreCache.java:removeDB(110)) - Removed db /home/runner/work/ozone/ozone/hadoop-ozone/integration-test/target/test-dir/MiniOzoneClusterImpl-da04a438-6ec0-4fc9-9b2e-e93c90459920/datanode-3/data-0/containers/hdds/da04a438-6ec0-4fc9-9b2e-e93c90459920/DS-1f0b3235-4701-438c-a94d-9cf07a801e93/container.db from cache
2024-02-10 23:48:40,007 [ForkJoinPool.commonPool-worker-4] INFO  volume.HddsVolume (HddsVolume.java:closeDbStore(451)) - SchemaV3 db is stopped at /home/runner/work/ozone/ozone/hadoop-ozone/integration-test/target/test-dir/MiniOzoneClusterImpl-da04a438-6ec0-4fc9-9b2e-e93c90459920/datanode-3/data-0/containers/hdds/da04a438-6ec0-4fc9-9b2e-e93c90459920/DS-1f0b3235-4701-438c-a94d-9cf07a801e93/container.db for volume DS-1f0b3235-4701-438c-a94d-9cf07a801e93
2024-02-10 23:48:40,007 [ForkJoinPool.commonPool-worker-4] INFO  utils.BackgroundService (BackgroundService.java:shutdown(160)) - Shutting down service BlockDeletingService
2024-02-10 23:48:40,008 [ForkJoinPool.commonPool-worker-4] INFO  utils.BackgroundService (BackgroundService.java:shutdown(160)) - Shutting down service StaleRecoveringContainerScrubbingService
2024-02-10 23:48:40,010 [ForkJoinPool.commonPool-worker-4] INFO  statemachine.DatanodeStateMachine (DatanodeStateMachine.java:stopDaemon(638)) - Ozone container server stopped.
2024-02-10 23:48:40,011 [5d086814-e92a-437f-854d-775872ea30b8-impl-thread2] INFO  segmented.SegmentedRaftLogWorker (SegmentedRaftLogWorker.java:close(245)) - 5d086814-e92a-437f-854d-775872ea30b8@group-21E4E35BF4D7-SegmentedRaftLogWorker close()
2024-02-10 23:48:40,012 [JvmPauseMonitor39] INFO  util.JvmPauseMonitor (JvmPauseMonitor.java:run(152)) - JvmPauseMonitor-5d086814-e92a-437f-854d-775872ea30b8: Stopped
2024-02-10 23:48:40,012 [ForkJoinPool.commonPool-worker-4] INFO  handler.ContextHandler (ContextHandler.java:doStop(1159)) - Stopped o.e.j.w.WebAppContext@c38b88{hddsDatanode,/,null,STOPPED}{jar:file:/home/runner/.m2/repository/org/apache/ozone/hdds-container-service/1.5.0-SNAPSHOT/hdds-container-service-1.5.0-SNAPSHOT.jar!/webapps/hddsDatanode}
2024-02-10 23:48:40,012 [ForkJoinPool.commonPool-worker-4] INFO  server.AbstractConnector (AbstractConnector.java:doStop(383)) - Stopped ServerConnector@5b9d55db{HTTP/1.1, (http/1.1)}{0.0.0.0:15303}
2024-02-10 23:48:40,013 [ForkJoinPool.commonPool-worker-4] INFO  server.session (HouseKeeper.java:stopScavenging(149)) - node0 Stopped scavenging
2024-02-10 23:48:40,013 [ForkJoinPool.commonPool-worker-4] INFO  handler.ContextHandler (ContextHandler.java:doStop(1159)) - Stopped o.e.j.s.ServletContextHandler@62869abc{static,/static,jar:file:/home/runner/.m2/repository/org/apache/ozone/hdds-container-service/1.5.0-SNAPSHOT/hdds-container-service-1.5.0-SNAPSHOT.jar!/webapps/static,STOPPED}
2024-02-10 23:48:40,014 [ForkJoinPool.commonPool-worker-4] INFO  handler.ContextHandler (ContextHandler.java:doStop(1159)) - Stopped o.e.j.s.ServletContextHandler@74865c8a{logs,/logs,file:///home/runner/work/ozone/ozone/hadoop-ozone/integration-test/target/log,STOPPED}
2024-02-10 23:48:40,015 [ForkJoinPool.commonPool-worker-4] INFO  ozone.HddsDatanodeClientProtocolServer (HddsDatanodeClientProtocolServer.java:stop(78)) - Stopping the RPC server for Client Protocol
2024-02-10 23:48:40,015 [ForkJoinPool.commonPool-worker-4] INFO  ipc.Server (Server.java:stop(3523)) - Stopping server on 15304
2024-02-10 23:48:40,016 [IPC Server listener on 15304] INFO  ipc.Server (Server.java:run(1434)) - Stopping IPC Server listener on 15304
2024-02-10 23:48:40,016 [IPC Server Responder] INFO  ipc.Server (Server.java:run(1567)) - Stopping IPC Server Responder
2024-02-10 23:48:40,019 [main] INFO  utils.DatanodeStoreCache (DatanodeStoreCache.java:shutdownCache(116)) - Skip clearing cache in mini cluster mode. Entries left: [/home/runner/work/ozone/ozone/hadoop-ozone/integration-test/target/test-dir/MiniOzoneClusterImpl-da04a438-6ec0-4fc9-9b2e-e93c90459920/datanode-4/data-0/containers/hdds/da04a438-6ec0-4fc9-9b2e-e93c90459920/DS-b68f16c1-0822-4e89-b3a8-eb9f0ed5b257/container.db, /home/runner/work/ozone/ozone/hadoop-ozone/integration-test/target/test-dir/MiniOzoneClusterImpl-da04a438-6ec0-4fc9-9b2e-e93c90459920/datanode-5/data-0/containers/hdds/da04a438-6ec0-4fc9-9b2e-e93c90459920/DS-ab50c196-2192-460c-92f0-63d01e77ce48/container.db, /home/runner/work/ozone/ozone/hadoop-ozone/integration-test/target/test-dir/MiniOzoneClusterImpl-da04a438-6ec0-4fc9-9b2e-e93c90459920/datanode-6/data-0/containers/hdds/da04a438-6ec0-4fc9-9b2e-e93c90459920/DS-52f66abf-c315-4042-a3fe-e702385aa2cc/container.db, /home/runner/work/ozone/ozone/hadoop-ozone/integration-test/target/test-dir/MiniOzoneClusterImpl-da04a438-6ec0-4fc9-9b2e-e93c90459920/datanode-7/data-0/containers/hdds/da04a438-6ec0-4fc9-9b2e-e93c90459920/DS-58ee1ca2-f0b7-4cc0-9f08-19bce819fa2a/container.db, /home/runner/work/ozone/ozone/hadoop-ozone/integration-test/target/test-dir/MiniOzoneClusterImpl-da04a438-6ec0-4fc9-9b2e-e93c90459920/datanode-8/data-0/containers/hdds/da04a438-6ec0-4fc9-9b2e-e93c90459920/DS-e8ff4a26-b5ca-4fde-b91a-762e0afeeafa/container.db]
2024-02-10 23:48:40,020 [main] INFO  utils.DatanodeStoreCache (DatanodeStoreCache.java:removeDB(110)) - Removed db /home/runner/work/ozone/ozone/hadoop-ozone/integration-test/target/test-dir/MiniOzoneClusterImpl-da04a438-6ec0-4fc9-9b2e-e93c90459920/datanode-5/data-0/containers/hdds/da04a438-6ec0-4fc9-9b2e-e93c90459920/DS-ab50c196-2192-460c-92f0-63d01e77ce48/container.db from cache
2024-02-10 23:48:40,020 [main] INFO  volume.HddsVolume (HddsVolume.java:closeDbStore(451)) - SchemaV3 db is stopped at /home/runner/work/ozone/ozone/hadoop-ozone/integration-test/target/test-dir/MiniOzoneClusterImpl-da04a438-6ec0-4fc9-9b2e-e93c90459920/datanode-5/data-0/containers/hdds/da04a438-6ec0-4fc9-9b2e-e93c90459920/DS-ab50c196-2192-460c-92f0-63d01e77ce48/container.db for volume DS-ab50c196-2192-460c-92f0-63d01e77ce48
2024-02-10 23:48:40,020 [main] INFO  utils.BackgroundService (BackgroundService.java:shutdown(160)) - Shutting down service BlockDeletingService
2024-02-10 23:48:40,020 [main] INFO  utils.BackgroundService (BackgroundService.java:shutdown(160)) - Shutting down service StaleRecoveringContainerScrubbingService
2024-02-10 23:48:40,021 [main] INFO  statemachine.DatanodeStateMachine (DatanodeStateMachine.java:stopDaemon(638)) - Ozone container server stopped.
2024-02-10 23:48:40,021 [main] INFO  handler.ContextHandler (ContextHandler.java:doStop(1159)) - Stopped o.e.j.w.WebAppContext@4368104b{hddsDatanode,/,null,STOPPED}{jar:file:/home/runner/.m2/repository/org/apache/ozone/hdds-container-service/1.5.0-SNAPSHOT/hdds-container-service-1.5.0-SNAPSHOT.jar!/webapps/hddsDatanode}
2024-02-10 23:48:40,022 [main] INFO  server.AbstractConnector (AbstractConnector.java:doStop(383)) - Stopped ServerConnector@19a5d308{HTTP/1.1, (http/1.1)}{0.0.0.0:15321}
2024-02-10 23:48:40,022 [main] INFO  server.session (HouseKeeper.java:stopScavenging(149)) - node0 Stopped scavenging
2024-02-10 23:48:40,022 [main] INFO  handler.ContextHandler (ContextHandler.java:doStop(1159)) - Stopped o.e.j.s.ServletContextHandler@a0374ab{static,/static,jar:file:/home/runner/.m2/repository/org/apache/ozone/hdds-container-service/1.5.0-SNAPSHOT/hdds-container-service-1.5.0-SNAPSHOT.jar!/webapps/static,STOPPED}
2024-02-10 23:48:40,022 [main] INFO  handler.ContextHandler (ContextHandler.java:doStop(1159)) - Stopped o.e.j.s.ServletContextHandler@5cb9f193{logs,/logs,file:///home/runner/work/ozone/ozone/hadoop-ozone/integration-test/target/log,STOPPED}
2024-02-10 23:48:40,023 [main] INFO  ozone.HddsDatanodeClientProtocolServer (HddsDatanodeClientProtocolServer.java:stop(78)) - Stopping the RPC server for Client Protocol
2024-02-10 23:48:40,023 [main] INFO  ipc.Server (Server.java:stop(3523)) - Stopping server on 15322
2024-02-10 23:48:40,024 [IPC Server listener on 15322] INFO  ipc.Server (Server.java:run(1434)) - Stopping IPC Server listener on 15322
2024-02-10 23:48:40,024 [IPC Server Responder] INFO  ipc.Server (Server.java:run(1567)) - Stopping IPC Server Responder
2024-02-10 23:48:40,260 [ForkJoinPool.commonPool-worker-2] INFO  utils.DatanodeStoreCache (DatanodeStoreCache.java:shutdownCache(116)) - Skip clearing cache in mini cluster mode. Entries left: [/home/runner/work/ozone/ozone/hadoop-ozone/integration-test/target/test-dir/MiniOzoneClusterImpl-da04a438-6ec0-4fc9-9b2e-e93c90459920/datanode-4/data-0/containers/hdds/da04a438-6ec0-4fc9-9b2e-e93c90459920/DS-b68f16c1-0822-4e89-b3a8-eb9f0ed5b257/container.db, /home/runner/work/ozone/ozone/hadoop-ozone/integration-test/target/test-dir/MiniOzoneClusterImpl-da04a438-6ec0-4fc9-9b2e-e93c90459920/datanode-6/data-0/containers/hdds/da04a438-6ec0-4fc9-9b2e-e93c90459920/DS-52f66abf-c315-4042-a3fe-e702385aa2cc/container.db, /home/runner/work/ozone/ozone/hadoop-ozone/integration-test/target/test-dir/MiniOzoneClusterImpl-da04a438-6ec0-4fc9-9b2e-e93c90459920/datanode-7/data-0/containers/hdds/da04a438-6ec0-4fc9-9b2e-e93c90459920/DS-58ee1ca2-f0b7-4cc0-9f08-19bce819fa2a/container.db, /home/runner/work/ozone/ozone/hadoop-ozone/integration-test/target/test-dir/MiniOzoneClusterImpl-da04a438-6ec0-4fc9-9b2e-e93c90459920/datanode-8/data-0/containers/hdds/da04a438-6ec0-4fc9-9b2e-e93c90459920/DS-e8ff4a26-b5ca-4fde-b91a-762e0afeeafa/container.db]
2024-02-10 23:48:40,261 [ForkJoinPool.commonPool-worker-2] INFO  utils.DatanodeStoreCache (DatanodeStoreCache.java:removeDB(110)) - Removed db /home/runner/work/ozone/ozone/hadoop-ozone/integration-test/target/test-dir/MiniOzoneClusterImpl-da04a438-6ec0-4fc9-9b2e-e93c90459920/datanode-7/data-0/containers/hdds/da04a438-6ec0-4fc9-9b2e-e93c90459920/DS-58ee1ca2-f0b7-4cc0-9f08-19bce819fa2a/container.db from cache
2024-02-10 23:48:40,261 [ForkJoinPool.commonPool-worker-2] INFO  volume.HddsVolume (HddsVolume.java:closeDbStore(451)) - SchemaV3 db is stopped at /home/runner/work/ozone/ozone/hadoop-ozone/integration-test/target/test-dir/MiniOzoneClusterImpl-da04a438-6ec0-4fc9-9b2e-e93c90459920/datanode-7/data-0/containers/hdds/da04a438-6ec0-4fc9-9b2e-e93c90459920/DS-58ee1ca2-f0b7-4cc0-9f08-19bce819fa2a/container.db for volume DS-58ee1ca2-f0b7-4cc0-9f08-19bce819fa2a
2024-02-10 23:48:40,261 [ForkJoinPool.commonPool-worker-2] INFO  utils.BackgroundService (BackgroundService.java:shutdown(160)) - Shutting down service BlockDeletingService
2024-02-10 23:48:40,261 [ForkJoinPool.commonPool-worker-2] INFO  utils.BackgroundService (BackgroundService.java:shutdown(160)) - Shutting down service StaleRecoveringContainerScrubbingService
2024-02-10 23:48:40,262 [ForkJoinPool.commonPool-worker-2] INFO  statemachine.DatanodeStateMachine (DatanodeStateMachine.java:stopDaemon(638)) - Ozone container server stopped.
2024-02-10 23:48:40,264 [ForkJoinPool.commonPool-worker-2] INFO  handler.ContextHandler (ContextHandler.java:doStop(1159)) - Stopped o.e.j.w.WebAppContext@3819197c{hddsDatanode,/,null,STOPPED}{jar:file:/home/runner/.m2/repository/org/apache/ozone/hdds-container-service/1.5.0-SNAPSHOT/hdds-container-service-1.5.0-SNAPSHOT.jar!/webapps/hddsDatanode}
2024-02-10 23:48:40,265 [ForkJoinPool.commonPool-worker-2] INFO  server.AbstractConnector (AbstractConnector.java:doStop(383)) - Stopped ServerConnector@6a11559e{HTTP/1.1, (http/1.1)}{0.0.0.0:15339}
2024-02-10 23:48:40,265 [ForkJoinPool.commonPool-worker-2] INFO  server.session (HouseKeeper.java:stopScavenging(149)) - node0 Stopped scavenging
2024-02-10 23:48:40,265 [ForkJoinPool.commonPool-worker-2] INFO  handler.ContextHandler (ContextHandler.java:doStop(1159)) - Stopped o.e.j.s.ServletContextHandler@3e79490{static,/static,jar:file:/home/runner/.m2/repository/org/apache/ozone/hdds-container-service/1.5.0-SNAPSHOT/hdds-container-service-1.5.0-SNAPSHOT.jar!/webapps/static,STOPPED}
2024-02-10 23:48:40,266 [ForkJoinPool.commonPool-worker-2] INFO  handler.ContextHandler (ContextHandler.java:doStop(1159)) - Stopped o.e.j.s.ServletContextHandler@c870a68{logs,/logs,file:///home/runner/work/ozone/ozone/hadoop-ozone/integration-test/target/log,STOPPED}
2024-02-10 23:48:40,266 [ForkJoinPool.commonPool-worker-2] INFO  ozone.HddsDatanodeClientProtocolServer (HddsDatanodeClientProtocolServer.java:stop(78)) - Stopping the RPC server for Client Protocol
2024-02-10 23:48:40,267 [ForkJoinPool.commonPool-worker-2] INFO  ipc.Server (Server.java:stop(3523)) - Stopping server on 15340
2024-02-10 23:48:40,268 [IPC Server Responder] INFO  ipc.Server (Server.java:run(1567)) - Stopping IPC Server Responder
2024-02-10 23:48:40,268 [IPC Server listener on 15340] INFO  ipc.Server (Server.java:run(1434)) - Stopping IPC Server listener on 15340
2024-02-10 23:48:40,282 [ForkJoinPool.commonPool-worker-5] INFO  utils.DatanodeStoreCache (DatanodeStoreCache.java:shutdownCache(116)) - Skip clearing cache in mini cluster mode. Entries left: [/home/runner/work/ozone/ozone/hadoop-ozone/integration-test/target/test-dir/MiniOzoneClusterImpl-da04a438-6ec0-4fc9-9b2e-e93c90459920/datanode-4/data-0/containers/hdds/da04a438-6ec0-4fc9-9b2e-e93c90459920/DS-b68f16c1-0822-4e89-b3a8-eb9f0ed5b257/container.db, /home/runner/work/ozone/ozone/hadoop-ozone/integration-test/target/test-dir/MiniOzoneClusterImpl-da04a438-6ec0-4fc9-9b2e-e93c90459920/datanode-6/data-0/containers/hdds/da04a438-6ec0-4fc9-9b2e-e93c90459920/DS-52f66abf-c315-4042-a3fe-e702385aa2cc/container.db, /home/runner/work/ozone/ozone/hadoop-ozone/integration-test/target/test-dir/MiniOzoneClusterImpl-da04a438-6ec0-4fc9-9b2e-e93c90459920/datanode-8/data-0/containers/hdds/da04a438-6ec0-4fc9-9b2e-e93c90459920/DS-e8ff4a26-b5ca-4fde-b91a-762e0afeeafa/container.db]
2024-02-10 23:48:40,283 [ForkJoinPool.commonPool-worker-5] INFO  utils.DatanodeStoreCache (DatanodeStoreCache.java:removeDB(110)) - Removed db /home/runner/work/ozone/ozone/hadoop-ozone/integration-test/target/test-dir/MiniOzoneClusterImpl-da04a438-6ec0-4fc9-9b2e-e93c90459920/datanode-6/data-0/containers/hdds/da04a438-6ec0-4fc9-9b2e-e93c90459920/DS-52f66abf-c315-4042-a3fe-e702385aa2cc/container.db from cache
2024-02-10 23:48:40,283 [ForkJoinPool.commonPool-worker-5] INFO  volume.HddsVolume (HddsVolume.java:closeDbStore(451)) - SchemaV3 db is stopped at /home/runner/work/ozone/ozone/hadoop-ozone/integration-test/target/test-dir/MiniOzoneClusterImpl-da04a438-6ec0-4fc9-9b2e-e93c90459920/datanode-6/data-0/containers/hdds/da04a438-6ec0-4fc9-9b2e-e93c90459920/DS-52f66abf-c315-4042-a3fe-e702385aa2cc/container.db for volume DS-52f66abf-c315-4042-a3fe-e702385aa2cc
2024-02-10 23:48:40,283 [ForkJoinPool.commonPool-worker-5] INFO  utils.BackgroundService (BackgroundService.java:shutdown(160)) - Shutting down service BlockDeletingService
2024-02-10 23:48:40,283 [ForkJoinPool.commonPool-worker-6] INFO  utils.DatanodeStoreCache (DatanodeStoreCache.java:shutdownCache(116)) - Skip clearing cache in mini cluster mode. Entries left: [/home/runner/work/ozone/ozone/hadoop-ozone/integration-test/target/test-dir/MiniOzoneClusterImpl-da04a438-6ec0-4fc9-9b2e-e93c90459920/datanode-4/data-0/containers/hdds/da04a438-6ec0-4fc9-9b2e-e93c90459920/DS-b68f16c1-0822-4e89-b3a8-eb9f0ed5b257/container.db, /home/runner/work/ozone/ozone/hadoop-ozone/integration-test/target/test-dir/MiniOzoneClusterImpl-da04a438-6ec0-4fc9-9b2e-e93c90459920/datanode-8/data-0/containers/hdds/da04a438-6ec0-4fc9-9b2e-e93c90459920/DS-e8ff4a26-b5ca-4fde-b91a-762e0afeeafa/container.db]
2024-02-10 23:48:40,284 [ForkJoinPool.commonPool-worker-6] INFO  utils.DatanodeStoreCache (DatanodeStoreCache.java:removeDB(110)) - Removed db /home/runner/work/ozone/ozone/hadoop-ozone/integration-test/target/test-dir/MiniOzoneClusterImpl-da04a438-6ec0-4fc9-9b2e-e93c90459920/datanode-8/data-0/containers/hdds/da04a438-6ec0-4fc9-9b2e-e93c90459920/DS-e8ff4a26-b5ca-4fde-b91a-762e0afeeafa/container.db from cache
2024-02-10 23:48:40,284 [ForkJoinPool.commonPool-worker-6] INFO  volume.HddsVolume (HddsVolume.java:closeDbStore(451)) - SchemaV3 db is stopped at /home/runner/work/ozone/ozone/hadoop-ozone/integration-test/target/test-dir/MiniOzoneClusterImpl-da04a438-6ec0-4fc9-9b2e-e93c90459920/datanode-8/data-0/containers/hdds/da04a438-6ec0-4fc9-9b2e-e93c90459920/DS-e8ff4a26-b5ca-4fde-b91a-762e0afeeafa/container.db for volume DS-e8ff4a26-b5ca-4fde-b91a-762e0afeeafa
2024-02-10 23:48:40,284 [ForkJoinPool.commonPool-worker-5] INFO  utils.BackgroundService (BackgroundService.java:shutdown(160)) - Shutting down service StaleRecoveringContainerScrubbingService
2024-02-10 23:48:40,284 [ForkJoinPool.commonPool-worker-6] INFO  utils.BackgroundService (BackgroundService.java:shutdown(160)) - Shutting down service BlockDeletingService
2024-02-10 23:48:40,284 [ForkJoinPool.commonPool-worker-5] INFO  statemachine.DatanodeStateMachine (DatanodeStateMachine.java:stopDaemon(638)) - Ozone container server stopped.
2024-02-10 23:48:40,284 [ForkJoinPool.commonPool-worker-6] INFO  utils.BackgroundService (BackgroundService.java:shutdown(160)) - Shutting down service StaleRecoveringContainerScrubbingService
2024-02-10 23:48:40,286 [ForkJoinPool.commonPool-worker-5] INFO  handler.ContextHandler (ContextHandler.java:doStop(1159)) - Stopped o.e.j.w.WebAppContext@1a52611a{hddsDatanode,/,null,STOPPED}{jar:file:/home/runner/.m2/repository/org/apache/ozone/hdds-container-service/1.5.0-SNAPSHOT/hdds-container-service-1.5.0-SNAPSHOT.jar!/webapps/hddsDatanode}
2024-02-10 23:48:40,286 [ForkJoinPool.commonPool-worker-6] INFO  statemachine.DatanodeStateMachine (DatanodeStateMachine.java:stopDaemon(638)) - Ozone container server stopped.
2024-02-10 23:48:40,287 [ForkJoinPool.commonPool-worker-5] INFO  server.AbstractConnector (AbstractConnector.java:doStop(383)) - Stopped ServerConnector@3b0c1c05{HTTP/1.1, (http/1.1)}{0.0.0.0:15330}
2024-02-10 23:48:40,288 [ForkJoinPool.commonPool-worker-6] INFO  handler.ContextHandler (ContextHandler.java:doStop(1159)) - Stopped o.e.j.w.WebAppContext@7cb17d00{hddsDatanode,/,null,STOPPED}{jar:file:/home/runner/.m2/repository/org/apache/ozone/hdds-container-service/1.5.0-SNAPSHOT/hdds-container-service-1.5.0-SNAPSHOT.jar!/webapps/hddsDatanode}
2024-02-10 23:48:40,288 [ForkJoinPool.commonPool-worker-5] INFO  server.session (HouseKeeper.java:stopScavenging(149)) - node0 Stopped scavenging
2024-02-10 23:48:40,288 [ForkJoinPool.commonPool-worker-5] INFO  handler.ContextHandler (ContextHandler.java:doStop(1159)) - Stopped o.e.j.s.ServletContextHandler@511e1d04{static,/static,jar:file:/home/runner/.m2/repository/org/apache/ozone/hdds-container-service/1.5.0-SNAPSHOT/hdds-container-service-1.5.0-SNAPSHOT.jar!/webapps/static,STOPPED}
2024-02-10 23:48:40,289 [ForkJoinPool.commonPool-worker-5] INFO  handler.ContextHandler (ContextHandler.java:doStop(1159)) - Stopped o.e.j.s.ServletContextHandler@c4b4f68{logs,/logs,file:///home/runner/work/ozone/ozone/hadoop-ozone/integration-test/target/log,STOPPED}
2024-02-10 23:48:40,289 [ForkJoinPool.commonPool-worker-6] INFO  server.AbstractConnector (AbstractConnector.java:doStop(383)) - Stopped ServerConnector@611de70f{HTTP/1.1, (http/1.1)}{0.0.0.0:15348}
2024-02-10 23:48:40,289 [ForkJoinPool.commonPool-worker-6] INFO  server.session (HouseKeeper.java:stopScavenging(149)) - node0 Stopped scavenging
2024-02-10 23:48:40,291 [ForkJoinPool.commonPool-worker-6] INFO  handler.ContextHandler (ContextHandler.java:doStop(1159)) - Stopped o.e.j.s.ServletContextHandler@14df6836{static,/static,jar:file:/home/runner/.m2/repository/org/apache/ozone/hdds-container-service/1.5.0-SNAPSHOT/hdds-container-service-1.5.0-SNAPSHOT.jar!/webapps/static,STOPPED}
2024-02-10 23:48:40,291 [ForkJoinPool.commonPool-worker-6] INFO  handler.ContextHandler (ContextHandler.java:doStop(1159)) - Stopped o.e.j.s.ServletContextHandler@17587c5d{logs,/logs,file:///home/runner/work/ozone/ozone/hadoop-ozone/integration-test/target/log,STOPPED}
2024-02-10 23:48:40,291 [ForkJoinPool.commonPool-worker-5] INFO  ozone.HddsDatanodeClientProtocolServer (HddsDatanodeClientProtocolServer.java:stop(78)) - Stopping the RPC server for Client Protocol
2024-02-10 23:48:40,292 [ForkJoinPool.commonPool-worker-5] INFO  ipc.Server (Server.java:stop(3523)) - Stopping server on 15331
2024-02-10 23:48:40,293 [ForkJoinPool.commonPool-worker-6] INFO  ozone.HddsDatanodeClientProtocolServer (HddsDatanodeClientProtocolServer.java:stop(78)) - Stopping the RPC server for Client Protocol
2024-02-10 23:48:40,293 [ForkJoinPool.commonPool-worker-6] INFO  ipc.Server (Server.java:stop(3523)) - Stopping server on 15349
2024-02-10 23:48:40,294 [IPC Server listener on 15349] INFO  ipc.Server (Server.java:run(1434)) - Stopping IPC Server listener on 15349
2024-02-10 23:48:40,294 [IPC Server Responder] INFO  ipc.Server (Server.java:run(1567)) - Stopping IPC Server Responder
2024-02-10 23:48:40,294 [IPC Server Responder] INFO  ipc.Server (Server.java:run(1567)) - Stopping IPC Server Responder
2024-02-10 23:48:40,294 [IPC Server listener on 15331] INFO  ipc.Server (Server.java:run(1434)) - Stopping IPC Server listener on 15331
2024-02-10 23:48:42,014 [ForkJoinPool.commonPool-worker-3] INFO  utils.DatanodeStoreCache (DatanodeStoreCache.java:shutdownCache(116)) - Skip clearing cache in mini cluster mode. Entries left: [/home/runner/work/ozone/ozone/hadoop-ozone/integration-test/target/test-dir/MiniOzoneClusterImpl-da04a438-6ec0-4fc9-9b2e-e93c90459920/datanode-4/data-0/containers/hdds/da04a438-6ec0-4fc9-9b2e-e93c90459920/DS-b68f16c1-0822-4e89-b3a8-eb9f0ed5b257/container.db]
2024-02-10 23:48:42,015 [ForkJoinPool.commonPool-worker-3] INFO  utils.DatanodeStoreCache (DatanodeStoreCache.java:removeDB(110)) - Removed db /home/runner/work/ozone/ozone/hadoop-ozone/integration-test/target/test-dir/MiniOzoneClusterImpl-da04a438-6ec0-4fc9-9b2e-e93c90459920/datanode-4/data-0/containers/hdds/da04a438-6ec0-4fc9-9b2e-e93c90459920/DS-b68f16c1-0822-4e89-b3a8-eb9f0ed5b257/container.db from cache
2024-02-10 23:48:42,015 [ForkJoinPool.commonPool-worker-3] INFO  volume.HddsVolume (HddsVolume.java:closeDbStore(451)) - SchemaV3 db is stopped at /home/runner/work/ozone/ozone/hadoop-ozone/integration-test/target/test-dir/MiniOzoneClusterImpl-da04a438-6ec0-4fc9-9b2e-e93c90459920/datanode-4/data-0/containers/hdds/da04a438-6ec0-4fc9-9b2e-e93c90459920/DS-b68f16c1-0822-4e89-b3a8-eb9f0ed5b257/container.db for volume DS-b68f16c1-0822-4e89-b3a8-eb9f0ed5b257
2024-02-10 23:48:42,015 [ForkJoinPool.commonPool-worker-3] INFO  utils.BackgroundService (BackgroundService.java:shutdown(160)) - Shutting down service BlockDeletingService
2024-02-10 23:48:42,015 [ForkJoinPool.commonPool-worker-3] INFO  utils.BackgroundService (BackgroundService.java:shutdown(160)) - Shutting down service StaleRecoveringContainerScrubbingService
2024-02-10 23:48:42,016 [ForkJoinPool.commonPool-worker-3] INFO  statemachine.DatanodeStateMachine (DatanodeStateMachine.java:stopDaemon(638)) - Ozone container server stopped.
2024-02-10 23:48:42,017 [ForkJoinPool.commonPool-worker-3] INFO  handler.ContextHandler (ContextHandler.java:doStop(1159)) - Stopped o.e.j.w.WebAppContext@56c2813e{hddsDatanode,/,null,STOPPED}{jar:file:/home/runner/.m2/repository/org/apache/ozone/hdds-container-service/1.5.0-SNAPSHOT/hdds-container-service-1.5.0-SNAPSHOT.jar!/webapps/hddsDatanode}
2024-02-10 23:48:42,018 [ForkJoinPool.commonPool-worker-3] INFO  server.AbstractConnector (AbstractConnector.java:doStop(383)) - Stopped ServerConnector@84f970a{HTTP/1.1, (http/1.1)}{0.0.0.0:15312}
2024-02-10 23:48:42,018 [ForkJoinPool.commonPool-worker-3] INFO  server.session (HouseKeeper.java:stopScavenging(149)) - node0 Stopped scavenging
2024-02-10 23:48:42,018 [ForkJoinPool.commonPool-worker-3] INFO  handler.ContextHandler (ContextHandler.java:doStop(1159)) - Stopped o.e.j.s.ServletContextHandler@50166cc{static,/static,jar:file:/home/runner/.m2/repository/org/apache/ozone/hdds-container-service/1.5.0-SNAPSHOT/hdds-container-service-1.5.0-SNAPSHOT.jar!/webapps/static,STOPPED}
2024-02-10 23:48:42,018 [ForkJoinPool.commonPool-worker-3] INFO  handler.ContextHandler (ContextHandler.java:doStop(1159)) - Stopped o.e.j.s.ServletContextHandler@627dcc9f{logs,/logs,file:///home/runner/work/ozone/ozone/hadoop-ozone/integration-test/target/log,STOPPED}
2024-02-10 23:48:42,018 [ForkJoinPool.commonPool-worker-3] INFO  ozone.HddsDatanodeClientProtocolServer (HddsDatanodeClientProtocolServer.java:stop(78)) - Stopping the RPC server for Client Protocol
2024-02-10 23:48:42,018 [ForkJoinPool.commonPool-worker-3] INFO  ipc.Server (Server.java:stop(3523)) - Stopping server on 15313
2024-02-10 23:48:42,020 [IPC Server listener on 15313] INFO  ipc.Server (Server.java:run(1434)) - Stopping IPC Server listener on 15313
2024-02-10 23:48:42,020 [IPC Server Responder] INFO  ipc.Server (Server.java:run(1567)) - Stopping IPC Server Responder
2024-02-10 23:48:42,021 [main] INFO  ozone.MiniOzoneClusterImpl (MiniOzoneClusterImpl.java:stopSCM(542)) - Stopping the StorageContainerManager
2024-02-10 23:48:42,021 [main] INFO  server.StorageContainerManager (StorageContainerManager.java:stop(1653)) - Container Balancer is not running.
2024-02-10 23:48:42,022 [main] INFO  server.StorageContainerManager (StorageContainerManager.java:stopReplicationManager(1786)) - Stopping Replication Manager Service.
2024-02-10 23:48:42,022 [main] INFO  replication.ReplicationManager (ReplicationManager.java:stop(327)) - Stopping Replication Monitor Thread.
2024-02-10 23:48:42,022 [main] INFO  server.StorageContainerManager (StorageContainerManager.java:stop(1662)) - Stopping the Datanode Admin Monitor.
2024-02-10 23:48:42,022 [ReplicationMonitor] INFO  replication.ReplicationManager (ReplicationManager.java:run(934)) - Replication Monitor Thread is stopped
2024-02-10 23:48:42,022 [main] INFO  server.StorageContainerManager (StorageContainerManager.java:stop(1669)) - Stopping datanode service RPC server
2024-02-10 23:48:42,022 [main] INFO  server.SCMDatanodeProtocolServer (SCMDatanodeProtocolServer.java:stop(425)) - Stopping the RPC server for DataNodes
2024-02-10 23:48:42,022 [main] INFO  ipc.Server (Server.java:stop(3523)) - Stopping server on 15269
2024-02-10 23:48:42,022 [OverReplicatedProcessor] WARN  replication.UnhealthyReplicationProcessor (UnhealthyReplicationProcessor.java:run(180)) - OverReplicatedProcessor interrupted. Exiting...
2024-02-10 23:48:42,022 [UnderReplicatedProcessor] WARN  replication.UnhealthyReplicationProcessor (UnhealthyReplicationProcessor.java:run(180)) - UnderReplicatedProcessor interrupted. Exiting...
2024-02-10 23:48:42,024 [IPC Server listener on 15269] INFO  ipc.Server (Server.java:run(1434)) - Stopping IPC Server listener on 15269
2024-02-10 23:48:42,025 [IPC Server Responder] INFO  ipc.Server (Server.java:run(1567)) - Stopping IPC Server Responder
2024-02-10 23:48:42,031 [SCMHeartbeatProcessor-0] WARN  node.NodeStateManager (NodeStateManager.java:scheduleNextHealthCheck(878)) - Current Thread is interrupted, shutting down HB processing thread for Node Manager.
2024-02-10 23:48:42,031 [main] INFO  server.StorageContainerManager (StorageContainerManager.java:stop(1677)) - Stopping block service RPC server
2024-02-10 23:48:42,031 [main] INFO  server.SCMBlockProtocolServer (SCMBlockProtocolServer.java:stop(169)) - Stopping the RPC server for Block Protocol
2024-02-10 23:48:42,031 [main] INFO  ipc.Server (Server.java:stop(3523)) - Stopping server on 15268
2024-02-10 23:48:42,034 [IPC Server Responder] INFO  ipc.Server (Server.java:run(1567)) - Stopping IPC Server Responder
2024-02-10 23:48:42,034 [IPC Server listener on 15268] INFO  ipc.Server (Server.java:run(1434)) - Stopping IPC Server listener on 15268
2024-02-10 23:48:42,034 [main] INFO  server.StorageContainerManager (StorageContainerManager.java:stop(1684)) - Stopping the StorageContainerLocationProtocol RPC server
2024-02-10 23:48:42,034 [main] INFO  server.SCMClientProtocolServer (SCMClientProtocolServer.java:stop(212)) - Stopping the RPC server for Client Protocol
2024-02-10 23:48:42,034 [main] INFO  ipc.Server (Server.java:stop(3523)) - Stopping server on 15267
2024-02-10 23:48:42,036 [IPC Server listener on 15267] INFO  ipc.Server (Server.java:run(1434)) - Stopping IPC Server listener on 15267
2024-02-10 23:48:42,036 [IPC Server Responder] INFO  ipc.Server (Server.java:run(1567)) - Stopping IPC Server Responder
2024-02-10 23:48:42,037 [main] INFO  server.StorageContainerManager (StorageContainerManager.java:stop(1691)) - Stopping Storage Container Manager HTTP server.
2024-02-10 23:48:42,038 [main] INFO  handler.ContextHandler (ContextHandler.java:doStop(1159)) - Stopped o.e.j.w.WebAppContext@2b2bc71a{scm,/,null,STOPPED}{file:/home/runner/work/ozone/ozone/hadoop-ozone/integration-test/target/test-classes/webapps/scm}
2024-02-10 23:48:42,039 [main] INFO  server.AbstractConnector (AbstractConnector.java:doStop(383)) - Stopped ServerConnector@4307fd63{HTTP/1.1, (http/1.1)}{0.0.0.0:15270}
2024-02-10 23:48:42,039 [main] INFO  server.session (HouseKeeper.java:stopScavenging(149)) - node0 Stopped scavenging
2024-02-10 23:48:42,039 [main] INFO  handler.ContextHandler (ContextHandler.java:doStop(1159)) - Stopped o.e.j.s.ServletContextHandler@7d201db5{static,/static,file:///home/runner/work/ozone/ozone/hadoop-ozone/integration-test/target/test-classes/webapps/static,STOPPED}
2024-02-10 23:48:42,039 [main] INFO  handler.ContextHandler (ContextHandler.java:doStop(1159)) - Stopped o.e.j.s.ServletContextHandler@2b1398dd{logs,/logs,file:///home/runner/work/ozone/ozone/hadoop-ozone/integration-test/target/log,STOPPED}
2024-02-10 23:48:42,040 [main] INFO  server.StorageContainerManager (StorageContainerManager.java:stop(1699)) - Stopping SCM LayoutVersionManager Service.
2024-02-10 23:48:42,040 [main] INFO  server.StorageContainerManager (StorageContainerManager.java:stop(1711)) - Stopping Block Manager Service.
2024-02-10 23:48:42,041 [main] INFO  utils.BackgroundService (BackgroundService.java:shutdown(160)) - Shutting down service SCMBlockDeletingService
2024-02-10 23:48:42,041 [main] INFO  utils.BackgroundService (BackgroundService.java:shutdown(160)) - Shutting down service SCMBlockDeletingService
2024-02-10 23:48:42,041 [main] INFO  server.StorageContainerManager (StorageContainerManager.java:stop(1731)) - Stopping SCM Event Queue.
2024-02-10 23:48:42,043 [JvmPauseMonitor33] INFO  util.JvmPauseMonitor (JvmPauseMonitor.java:run(152)) - JvmPauseMonitor-c95c8392-c957-41d1-8bc6-12272b177e93: Stopped
2024-02-10 23:48:42,043 [main] INFO  server.StorageContainerManager (StorageContainerManager.java:stop(1742)) - Stopping SCM HA services.
2024-02-10 23:48:42,043 [main] INFO  pipeline.BackgroundPipelineCreator (BackgroundPipelineCreator.java:stop(152)) - Stopping RatisPipelineUtilsThread.
2024-02-10 23:48:42,043 [RatisPipelineUtilsThread-0] WARN  pipeline.BackgroundPipelineCreator (BackgroundPipelineCreator.java:run(183)) - RatisPipelineUtilsThread is interrupted.
2024-02-10 23:48:42,043 [main] INFO  BackgroundPipelineScrubber (BackgroundSCMService.java:stop(128)) - Stopping BackgroundPipelineScrubber Service.
2024-02-10 23:48:42,043 [BackgroundPipelineScrubber] WARN  BackgroundPipelineScrubber (BackgroundSCMService.java:run(112)) - BackgroundPipelineScrubber is interrupted, exit
2024-02-10 23:48:42,044 [main] INFO  impl.MetricsSystemImpl (MetricsSystemImpl.java:stop(210)) - Stopping HddsDatanode metrics system...
2024-02-10 23:48:42,045 [prometheus] INFO  impl.MetricsSinkAdapter (MetricsSinkAdapter.java:publishMetricsFromQueue(141)) - prometheus thread interrupted.
2024-02-10 23:48:42,046 [main] INFO  impl.MetricsSystemImpl (MetricsSystemImpl.java:stop(216)) - HddsDatanode metrics system stopped.
2024-02-10 23:48:42,046 [main] WARN  pipeline.BackgroundPipelineCreator (BackgroundPipelineCreator.java:stop(148)) - RatisPipelineUtilsThread is not running, just ignore.
2024-02-10 23:48:42,046 [main] INFO  BackgroundPipelineScrubber (BackgroundSCMService.java:stop(123)) - BackgroundPipelineScrubber Service is not running, skip stop.
2024-02-10 23:48:42,046 [main] INFO  ExpiredContainerReplicaOpScrubber (BackgroundSCMService.java:stop(128)) - Stopping ExpiredContainerReplicaOpScrubber Service.
2024-02-10 23:48:42,046 [main] INFO  utils.BackgroundService (BackgroundService.java:shutdown(160)) - Shutting down service SCMBlockDeletingService
2024-02-10 23:48:42,046 [ExpiredContainerReplicaOpScrubber] WARN  ExpiredContainerReplicaOpScrubber (BackgroundSCMService.java:run(112)) - ExpiredContainerReplicaOpScrubber is interrupted, exit
2024-02-10 23:48:42,046 [main] INFO  replication.ReplicationManager (ReplicationManager.java:stop(337)) - Replication Monitor Thread is not running.
2024-02-10 23:48:42,047 [main] WARN  balancer.ContainerBalancer (ContainerBalancer.java:stop(327)) - Cannot stop Container Balancer because it's not running or stopping
2024-02-10 23:48:42,047 [LeaseManager#LeaseMonitor] WARN  lease.LeaseManager (LeaseManager.java:run(287)) - Lease manager is interrupted. Shutting down...
java.lang.InterruptedException
	at java.util.concurrent.locks.AbstractQueuedSynchronizer.doAcquireSharedNanos(AbstractQueuedSynchronizer.java:1039)
	at java.util.concurrent.locks.AbstractQueuedSynchronizer.tryAcquireSharedNanos(AbstractQueuedSynchronizer.java:1328)
	at java.util.concurrent.Semaphore.tryAcquire(Semaphore.java:409)
	at org.apache.hadoop.ozone.lease.LeaseManager$LeaseMonitor.run(LeaseManager.java:285)
	at java.lang.Thread.run(Thread.java:750)
2024-02-10 23:48:42,047 [main] INFO  server.StorageContainerManager (StorageContainerManager.java:stop(1777)) - Stopping SCM MetadataStore.
]]></system-out>
    </flakyError>
  </testcase>
</testsuite>