<?xml version="1.0" encoding="UTF-8"?>
<testsuite xmlns:xsi="http://www.w3.org/2001/XMLSchema-instance" xsi:noNamespaceSchemaLocation="https://maven.apache.org/surefire/maven-surefire-plugin/xsd/surefire-test-report.xsd" name="org.apache.hadoop.ozone.TestMiniOzoneCluster" time="198.255" tests="5" errors="1" skipped="0" failures="0">
  <properties>
    <property name="awt.toolkit" value="sun.awt.X11.XToolkit"/>
    <property name="file.encoding.pkg" value="sun.io"/>
    <property name="java.specification.version" value="1.8"/>
    <property name="sun.cpu.isalist" value=""/>
    <property name="sun.jnu.encoding" value="UTF-8"/>
    <property name="java.class.path" value="/home/runner/work/ozone/ozone/hadoop-ozone/integration-test/target/test-classes:/home/runner/work/ozone/ozone/hadoop-ozone/integration-test/target/classes:/home/runner/.m2/repository/org/apache/ozone/ozone-common/1.3.0-SNAPSHOT/ozone-common-1.3.0-SNAPSHOT.jar:/home/runner/.m2/repository/org/apache/commons/commons-compress/1.21/commons-compress-1.21.jar:/home/runner/.m2/repository/org/apache/ozone/hdds-common/1.3.0-SNAPSHOT/hdds-common-1.3.0-SNAPSHOT.jar:/home/runner/.m2/repository/org/apache/ozone/hdds-client/1.3.0-SNAPSHOT/hdds-client-1.3.0-SNAPSHOT.jar:/home/runner/.m2/repository/org/apache/ozone/ozone-interface-client/1.3.0-SNAPSHOT/ozone-interface-client-1.3.0-SNAPSHOT.jar:/home/runner/.m2/repository/org/apache/ozone/hdds-test-utils/1.3.0-SNAPSHOT/hdds-test-utils-1.3.0-SNAPSHOT.jar:/home/runner/.m2/repository/com/google/guava/guava/30.1.1-jre/guava-30.1.1-jre.jar:/home/runner/.m2/repository/com/google/guava/failureaccess/1.0.1/failureaccess-1.0.1.jar:/home/runner/.m2/repository/com/google/guava/listenablefuture/9999.0-empty-to-avoid-conflict-with-guava/listenablefuture-9999.0-empty-to-avoid-conflict-with-guava.jar:/home/runner/.m2/repository/com/google/code/findbugs/jsr305/3.0.0/jsr305-3.0.0.jar:/home/runner/.m2/repository/org/checkerframework/checker-qual/3.8.0/checker-qual-3.8.0.jar:/home/runner/.m2/repository/com/google/errorprone/error_prone_annotations/2.2.0/error_prone_annotations-2.2.0.jar:/home/runner/.m2/repository/com/google/j2objc/j2objc-annotations/1.3/j2objc-annotations-1.3.jar:/home/runner/.m2/repository/commons-io/commons-io/2.11.0/commons-io-2.11.0.jar:/home/runner/.m2/repository/commons-logging/commons-logging/1.2/commons-logging-1.2.jar:/home/runner/.m2/repository/log4j/log4j/1.2.17/log4j-1.2.17.jar:/home/runner/.m2/repository/org/slf4j/slf4j-api/1.7.30/slf4j-api-1.7.30.jar:/home/runner/.m2/repository/org/apache/ozone/hdds-server-scm/1.3.0-SNAPSHOT/hdds-server-scm-1.3.0-SNAPSHOT.jar:/home/runner/.m2/repository/org/apache/ozone/hdds-container-service/1.3.0-SNAPSHOT/hdds-container-service-1.3.0-SNAPSHOT.jar:/home/runner/.m2/repository/org/apache/ozone/hdds-hadoop-dependency-server/1.3.0-SNAPSHOT/hdds-hadoop-dependency-server-1.3.0-SNAPSHOT.jar:/home/runner/.m2/repository/org/apache/hadoop/hadoop-hdfs/3.3.1/hadoop-hdfs-3.3.1.jar:/home/runner/.m2/repository/org/apache/ozone/hdds-server-framework/1.3.0-SNAPSHOT/hdds-server-framework-1.3.0-SNAPSHOT.jar:/home/runner/.m2/repository/org/apache/ozone/hdds-interface-server/1.3.0-SNAPSHOT/hdds-interface-server-1.3.0-SNAPSHOT.jar:/home/runner/.m2/repository/org/eclipse/jetty/jetty-servlet/9.4.43.v20210629/jetty-servlet-9.4.43.v20210629.jar:/home/runner/.m2/repository/org/eclipse/jetty/jetty-security/9.4.43.v20210629/jetty-security-9.4.43.v20210629.jar:/home/runner/.m2/repository/org/rocksdb/rocksdbjni/6.25.3/rocksdbjni-6.25.3.jar:/home/runner/.m2/repository/io/prometheus/simpleclient_dropwizard/0.7.0/simpleclient_dropwizard-0.7.0.jar:/home/runner/.m2/repository/io/prometheus/simpleclient/0.7.0/simpleclient-0.7.0.jar:/home/runner/.m2/repository/io/prometheus/simpleclient_common/0.7.0/simpleclient_common-0.7.0.jar:/home/runner/.m2/repository/com/fasterxml/jackson/datatype/jackson-datatype-jsr310/2.12.1/jackson-datatype-jsr310-2.12.1.jar:/home/runner/.m2/repository/io/dropwizard/metrics/metrics-core/3.2.4/metrics-core-3.2.4.jar:/home/runner/.m2/repository/org/apache/hadoop/hadoop-hdfs-client/3.3.1/hadoop-hdfs-client-3.3.1.jar:/home/runner/.m2/repository/org/bouncycastle/bcprov-jdk15on/1.67/bcprov-jdk15on-1.67.jar:/home/runner/.m2/repository/com/google/protobuf/protobuf-java/2.5.0/protobuf-java-2.5.0.jar:/home/runner/.m2/repository/org/apache/ozone/ozone-manager/1.3.0-SNAPSHOT/ozone-manager-1.3.0-SNAPSHOT.jar:/home/runner/.m2/repository/org/aspectj/aspectjrt/1.9.7/aspectjrt-1.9.7.jar:/home/runner/.m2/repository/org/aspectj/aspectjweaver/1.9.7/aspectjweaver-1.9.7.jar:/home/runner/.m2/repository/org/apache/ozone/hdds-interface-client/1.3.0-SNAPSHOT/hdds-interface-client-1.3.0-SNAPSHOT.jar:/home/runner/.m2/repository/org/apache/hadoop/thirdparty/hadoop-shaded-protobuf_3_7/1.1.1/hadoop-shaded-protobuf_3_7-1.1.1.jar:/home/runner/.m2/repository/org/apache/ozone/ozone-interface-storage/1.3.0-SNAPSHOT/ozone-interface-storage-1.3.0-SNAPSHOT.jar:/home/runner/.m2/repository/org/reflections/reflections/0.9.11/reflections-0.9.11.jar:/home/runner/.m2/repository/org/apache/hadoop/hadoop-minikdc/3.3.1/hadoop-minikdc-3.3.1.jar:/home/runner/.m2/repository/org/apache/kerby/kerb-simplekdc/1.0.1/kerb-simplekdc-1.0.1.jar:/home/runner/.m2/repository/org/apache/kerby/kerb-client/1.0.1/kerb-client-1.0.1.jar:/home/runner/.m2/repository/org/apache/kerby/kerby-config/1.0.1/kerby-config-1.0.1.jar:/home/runner/.m2/repository/org/apache/kerby/kerb-common/1.0.1/kerb-common-1.0.1.jar:/home/runner/.m2/repository/org/apache/kerby/kerb-crypto/1.0.1/kerb-crypto-1.0.1.jar:/home/runner/.m2/repository/org/apache/kerby/kerb-util/1.0.1/kerb-util-1.0.1.jar:/home/runner/.m2/repository/org/apache/kerby/token-provider/1.0.1/token-provider-1.0.1.jar:/home/runner/.m2/repository/org/apache/kerby/kerb-admin/1.0.1/kerb-admin-1.0.1.jar:/home/runner/.m2/repository/org/apache/kerby/kerb-server/1.0.1/kerb-server-1.0.1.jar:/home/runner/.m2/repository/org/apache/kerby/kerb-identity/1.0.1/kerb-identity-1.0.1.jar:/home/runner/.m2/repository/org/apache/kerby/kerby-xdr/1.0.1/kerby-xdr-1.0.1.jar:/home/runner/.m2/repository/org/slf4j/slf4j-log4j12/1.7.30/slf4j-log4j12-1.7.30.jar:/home/runner/.m2/repository/org/apache/ozone/ozone-s3gateway/1.3.0-SNAPSHOT/ozone-s3gateway-1.3.0-SNAPSHOT.jar:/home/runner/.m2/repository/org/javassist/javassist/3.21.0-GA/javassist-3.21.0-GA.jar:/home/runner/.m2/repository/org/jboss/weld/servlet/weld-servlet/2.4.7.Final/weld-servlet-2.4.7.Final.jar:/home/runner/.m2/repository/org/glassfish/jersey/containers/jersey-container-servlet-core/2.33/jersey-container-servlet-core-2.33.jar:/home/runner/.m2/repository/org/glassfish/hk2/external/jakarta.inject/2.6.1/jakarta.inject-2.6.1.jar:/home/runner/.m2/repository/org/glassfish/jersey/core/jersey-common/2.33/jersey-common-2.33.jar:/home/runner/.m2/repository/jakarta/ws/rs/jakarta.ws.rs-api/2.1.6/jakarta.ws.rs-api-2.1.6.jar:/home/runner/.m2/repository/org/glassfish/jersey/ext/cdi/jersey-cdi1x/2.33/jersey-cdi1x-2.33.jar:/home/runner/.m2/repository/org/glassfish/jersey/inject/jersey-hk2/2.33/jersey-hk2-2.33.jar:/home/runner/.m2/repository/org/glassfish/hk2/hk2-locator/2.6.1/hk2-locator-2.6.1.jar:/home/runner/.m2/repository/org/glassfish/jersey/media/jersey-media-jaxb/2.33/jersey-media-jaxb-2.33.jar:/home/runner/.m2/repository/org/glassfish/hk2/osgi-resource-locator/1.0.3/osgi-resource-locator-1.0.3.jar:/home/runner/.m2/repository/org/glassfish/hk2/hk2-api/2.5.0/hk2-api-2.5.0.jar:/home/runner/.m2/repository/org/glassfish/hk2/hk2-utils/2.5.0/hk2-utils-2.5.0.jar:/home/runner/.m2/repository/org/glassfish/hk2/external/aopalliance-repackaged/2.5.0/aopalliance-repackaged-2.5.0.jar:/home/runner/.m2/repository/com/fasterxml/jackson/dataformat/jackson-dataformat-xml/2.12.1/jackson-dataformat-xml-2.12.1.jar:/home/runner/.m2/repository/com/fasterxml/jackson/core/jackson-core/2.12.1/jackson-core-2.12.1.jar:/home/runner/.m2/repository/com/fasterxml/jackson/module/jackson-module-jaxb-annotations/2.12.1/jackson-module-jaxb-annotations-2.12.1.jar:/home/runner/.m2/repository/jakarta/xml/bind/jakarta.xml.bind-api/2.3.2/jakarta.xml.bind-api-2.3.2.jar:/home/runner/.m2/repository/org/codehaus/woodstox/stax2-api/3.1.4/stax2-api-3.1.4.jar:/home/runner/.m2/repository/com/fasterxml/woodstox/woodstox-core/5.0.3/woodstox-core-5.0.3.jar:/home/runner/.m2/repository/javax/enterprise/cdi-api/1.2/cdi-api-1.2.jar:/home/runner/.m2/repository/javax/el/javax.el-api/3.0.0/javax.el-api-3.0.0.jar:/home/runner/.m2/repository/javax/interceptor/javax.interceptor-api/1.2/javax.interceptor-api-1.2.jar:/home/runner/.m2/repository/javax/inject/javax.inject/1/javax.inject-1.jar:/home/runner/.m2/repository/javax/xml/bind/jaxb-api/2.3.0/jaxb-api-2.3.0.jar:/home/runner/.m2/repository/org/glassfish/jaxb/jaxb-runtime/2.3.0.1/jaxb-runtime-2.3.0.1.jar:/home/runner/.m2/repository/org/glassfish/jaxb/jaxb-core/2.3.0.1/jaxb-core-2.3.0.1.jar:/home/runner/.m2/repository/org/glassfish/jaxb/txw2/2.3.0.1/txw2-2.3.0.1.jar:/home/runner/.m2/repository/com/sun/istack/istack-commons-runtime/3.0.5/istack-commons-runtime-3.0.5.jar:/home/runner/.m2/repository/org/jvnet/staxex/stax-ex/1.7.8/stax-ex-1.7.8.jar:/home/runner/.m2/repository/com/sun/xml/fastinfoset/FastInfoset/1.2.13/FastInfoset-1.2.13.jar:/home/runner/.m2/repository/javax/activation/activation/1.1.1/activation-1.1.1.jar:/home/runner/.m2/repository/org/apache/ozone/ozone-csi/1.3.0-SNAPSHOT/ozone-csi-1.3.0-SNAPSHOT.jar:/home/runner/.m2/repository/com/google/protobuf/protobuf-java-util/3.12.0/protobuf-java-util-3.12.0.jar:/home/runner/.m2/repository/com/google/code/gson/gson/2.2.4/gson-2.2.4.jar:/home/runner/.m2/repository/org/apache/ozone/hdds-config/1.3.0-SNAPSHOT/hdds-config-1.3.0-SNAPSHOT.jar:/home/runner/.m2/repository/io/grpc/grpc-netty/1.33.0/grpc-netty-1.33.0.jar:/home/runner/.m2/repository/io/grpc/grpc-core/1.33.0/grpc-core-1.33.0.jar:/home/runner/.m2/repository/com/google/android/annotations/4.1.1.4/annotations-4.1.1.4.jar:/home/runner/.m2/repository/io/netty/netty-codec-http2/4.1.63.Final/netty-codec-http2-4.1.63.Final.jar:/home/runner/.m2/repository/io/netty/netty-codec-http/4.1.63.Final/netty-codec-http-4.1.63.Final.jar:/home/runner/.m2/repository/io/netty/netty-handler-proxy/4.1.63.Final/netty-handler-proxy-4.1.63.Final.jar:/home/runner/.m2/repository/io/netty/netty-codec-socks/4.1.63.Final/netty-codec-socks-4.1.63.Final.jar:/home/runner/.m2/repository/io/perfmark/perfmark-api/0.19.0/perfmark-api-0.19.0.jar:/home/runner/.m2/repository/org/codehaus/mojo/animal-sniffer-annotations/1.18/animal-sniffer-annotations-1.18.jar:/home/runner/.m2/repository/io/netty/netty-transport-native-epoll/4.1.63.Final/netty-transport-native-epoll-4.1.63.Final.jar:/home/runner/.m2/repository/io/netty/netty-common/4.1.63.Final/netty-common-4.1.63.Final.jar:/home/runner/.m2/repository/io/netty/netty-buffer/4.1.63.Final/netty-buffer-4.1.63.Final.jar:/home/runner/.m2/repository/io/netty/netty-transport-native-unix-common/4.1.63.Final/netty-transport-native-unix-common-4.1.63.Final.jar:/home/runner/.m2/repository/io/grpc/grpc-protobuf/1.33.0/grpc-protobuf-1.33.0.jar:/home/runner/.m2/repository/io/grpc/grpc-api/1.33.0/grpc-api-1.33.0.jar:/home/runner/.m2/repository/io/grpc/grpc-context/1.33.0/grpc-context-1.33.0.jar:/home/runner/.m2/repository/com/google/api/grpc/proto-google-common-protos/1.17.0/proto-google-common-protos-1.17.0.jar:/home/runner/.m2/repository/io/grpc/grpc-protobuf-lite/1.33.0/grpc-protobuf-lite-1.33.0.jar:/home/runner/.m2/repository/io/grpc/grpc-stub/1.33.0/grpc-stub-1.33.0.jar:/home/runner/.m2/repository/org/apache/ozone/ozone-recon/1.3.0-SNAPSHOT/ozone-recon-1.3.0-SNAPSHOT.jar:/home/runner/.m2/repository/org/apache/ozone/ozone-reconcodegen/1.3.0-SNAPSHOT/ozone-reconcodegen-1.3.0-SNAPSHOT.jar:/home/runner/.m2/repository/com/google/inject/extensions/guice-multibindings/4.0/guice-multibindings-4.0.jar:/home/runner/.m2/repository/com/google/inject/guice/4.0/guice-4.0.jar:/home/runner/.m2/repository/aopalliance/aopalliance/1.0/aopalliance-1.0.jar:/home/runner/.m2/repository/com/google/inject/extensions/guice-assistedinject/4.0/guice-assistedinject-4.0.jar:/home/runner/.m2/repository/com/google/inject/extensions/guice-servlet/4.0/guice-servlet-4.0.jar:/home/runner/.m2/repository/org/glassfish/jersey/containers/jersey-container-servlet/2.33/jersey-container-servlet-2.33.jar:/home/runner/.m2/repository/org/glassfish/hk2/guice-bridge/2.5.0/guice-bridge-2.5.0.jar:/home/runner/.m2/repository/org/glassfish/jersey/core/jersey-server/2.33/jersey-server-2.33.jar:/home/runner/.m2/repository/org/glassfish/jersey/core/jersey-client/2.33/jersey-client-2.33.jar:/home/runner/.m2/repository/jakarta/annotation/jakarta.annotation-api/1.3.5/jakarta.annotation-api-1.3.5.jar:/home/runner/.m2/repository/jakarta/validation/jakarta.validation-api/2.0.2/jakarta.validation-api-2.0.2.jar:/home/runner/.m2/repository/org/glassfish/jersey/media/jersey-media-json-jackson/2.33/jersey-media-json-jackson-2.33.jar:/home/runner/.m2/repository/org/glassfish/jersey/ext/jersey-entity-filtering/2.33/jersey-entity-filtering-2.33.jar:/home/runner/.m2/repository/org/jooq/jooq/3.11.10/jooq-3.11.10.jar:/home/runner/.m2/repository/org/jooq/jooq-meta/3.11.10/jooq-meta-3.11.10.jar:/home/runner/.m2/repository/org/jooq/jooq-codegen/3.11.10/jooq-codegen-3.11.10.jar:/home/runner/.m2/repository/com/jolbox/bonecp/0.8.0.RELEASE/bonecp-0.8.0.RELEASE.jar:/home/runner/.m2/repository/org/apache/derby/derby/10.14.2.0/derby-10.14.2.0.jar:/home/runner/.m2/repository/org/xerial/sqlite-jdbc/3.25.2/sqlite-jdbc-3.25.2.jar:/home/runner/.m2/repository/org/springframework/spring-jdbc/5.2.18.RELEASE/spring-jdbc-5.2.18.RELEASE.jar:/home/runner/.m2/repository/org/springframework/spring-beans/5.2.18.RELEASE/spring-beans-5.2.18.RELEASE.jar:/home/runner/.m2/repository/org/springframework/spring-core/5.2.18.RELEASE/spring-core-5.2.18.RELEASE.jar:/home/runner/.m2/repository/org/springframework/spring-jcl/5.2.18.RELEASE/spring-jcl-5.2.18.RELEASE.jar:/home/runner/.m2/repository/org/springframework/spring-tx/5.2.18.RELEASE/spring-tx-5.2.18.RELEASE.jar:/home/runner/.m2/repository/org/apache/ozone/ozone-client/1.3.0-SNAPSHOT/ozone-client-1.3.0-SNAPSHOT.jar:/home/runner/.m2/repository/org/apache/ozone/ozone-filesystem/1.3.0-SNAPSHOT/ozone-filesystem-1.3.0-SNAPSHOT.jar:/home/runner/.m2/repository/org/apache/ozone/ozone-filesystem-common/1.3.0-SNAPSHOT/ozone-filesystem-common-1.3.0-SNAPSHOT.jar:/home/runner/.m2/repository/org/apache/ozone/ozone-tools/1.3.0-SNAPSHOT/ozone-tools-1.3.0-SNAPSHOT.jar:/home/runner/.m2/repository/org/apache/ratis/ratis-tools/2.2.0/ratis-tools-2.2.0.jar:/home/runner/.m2/repository/com/amazonaws/aws-java-sdk-core/1.12.124/aws-java-sdk-core-1.12.124.jar:/home/runner/.m2/repository/org/apache/httpcomponents/httpclient/4.5.13/httpclient-4.5.13.jar:/home/runner/.m2/repository/org/apache/httpcomponents/httpcore/4.4.13/httpcore-4.4.13.jar:/home/runner/.m2/repository/software/amazon/ion/ion-java/1.0.2/ion-java-1.0.2.jar:/home/runner/.m2/repository/com/fasterxml/jackson/dataformat/jackson-dataformat-cbor/2.12.1/jackson-dataformat-cbor-2.12.1.jar:/home/runner/.m2/repository/joda-time/joda-time/2.8.1/joda-time-2.8.1.jar:/home/runner/.m2/repository/com/amazonaws/aws-java-sdk-s3/1.12.124/aws-java-sdk-s3-1.12.124.jar:/home/runner/.m2/repository/com/amazonaws/aws-java-sdk-kms/1.12.124/aws-java-sdk-kms-1.12.124.jar:/home/runner/.m2/repository/com/amazonaws/jmespath-java/1.12.124/jmespath-java-1.12.124.jar:/home/runner/.m2/repository/org/kohsuke/metainf-services/metainf-services/1.8/metainf-services-1.8.jar:/home/runner/.m2/repository/org/apache/ozone/hdds-tools/1.3.0-SNAPSHOT/hdds-tools-1.3.0-SNAPSHOT.jar:/home/runner/.m2/repository/commons-cli/commons-cli/1.2/commons-cli-1.2.jar:/home/runner/.m2/repository/org/apache/commons/commons-lang3/3.7/commons-lang3-3.7.jar:/home/runner/.m2/repository/org/apache/ozone/ozone-manager/1.3.0-SNAPSHOT/ozone-manager-1.3.0-SNAPSHOT-tests.jar:/home/runner/.m2/repository/org/apache/ozone/hdds-common/1.3.0-SNAPSHOT/hdds-common-1.3.0-SNAPSHOT-tests.jar:/home/runner/.m2/repository/org/apache/ozone/hdds-hadoop-dependency-client/1.3.0-SNAPSHOT/hdds-hadoop-dependency-client-1.3.0-SNAPSHOT.jar:/home/runner/.m2/repository/info/picocli/picocli/4.6.1/picocli-4.6.1.jar:/home/runner/.m2/repository/com/fasterxml/jackson/core/jackson-annotations/2.12.1/jackson-annotations-2.12.1.jar:/home/runner/.m2/repository/javax/annotation/javax.annotation-api/1.2/javax.annotation-api-1.2.jar:/home/runner/.m2/repository/org/apache/ratis/ratis-server/2.2.0/ratis-server-2.2.0.jar:/home/runner/.m2/repository/org/apache/ratis/ratis-client/2.2.0/ratis-client-2.2.0.jar:/home/runner/.m2/repository/org/apache/ratis/ratis-server-api/2.2.0/ratis-server-api-2.2.0.jar:/home/runner/.m2/repository/org/apache/ratis/ratis-metrics/2.2.0/ratis-metrics-2.2.0.jar:/home/runner/.m2/repository/org/apache/ratis/ratis-netty/2.2.0/ratis-netty-2.2.0.jar:/home/runner/.m2/repository/org/apache/ratis/ratis-grpc/2.2.0/ratis-grpc-2.2.0.jar:/home/runner/.m2/repository/org/apache/logging/log4j/log4j-api/2.17.1/log4j-api-2.17.1.jar:/home/runner/.m2/repository/org/apache/logging/log4j/log4j-core/2.17.1/log4j-core-2.17.1.jar:/home/runner/.m2/repository/com/lmax/disruptor/3.4.2/disruptor-3.4.2.jar:/home/runner/.m2/repository/org/apache/commons/commons-pool2/2.6.0/commons-pool2-2.6.0.jar:/home/runner/.m2/repository/org/bouncycastle/bcpkix-jdk15on/1.67/bcpkix-jdk15on-1.67.jar:/home/runner/.m2/repository/commons-validator/commons-validator/1.6/commons-validator-1.6.jar:/home/runner/.m2/repository/commons-beanutils/commons-beanutils/1.9.4/commons-beanutils-1.9.4.jar:/home/runner/.m2/repository/commons-digester/commons-digester/1.8.1/commons-digester-1.8.1.jar:/home/runner/.m2/repository/commons-collections/commons-collections/3.2.2/commons-collections-3.2.2.jar:/home/runner/.m2/repository/io/jaegertracing/jaeger-client/1.6.0/jaeger-client-1.6.0.jar:/home/runner/.m2/repository/io/jaegertracing/jaeger-thrift/1.6.0/jaeger-thrift-1.6.0.jar:/home/runner/.m2/repository/org/apache/thrift/libthrift/0.14.1/libthrift-0.14.1.jar:/home/runner/.m2/repository/com/squareup/okhttp3/okhttp/4.9.0/okhttp-4.9.0.jar:/home/runner/.m2/repository/com/squareup/okio/okio/2.8.0/okio-2.8.0.jar:/home/runner/.m2/repository/io/jaegertracing/jaeger-core/1.6.0/jaeger-core-1.6.0.jar:/home/runner/.m2/repository/io/jaegertracing/jaeger-tracerresolver/1.6.0/jaeger-tracerresolver-1.6.0.jar:/home/runner/.m2/repository/io/opentracing/contrib/opentracing-tracerresolver/0.1.8/opentracing-tracerresolver-0.1.8.jar:/home/runner/.m2/repository/org/jetbrains/kotlin/kotlin-stdlib/1.4.31/kotlin-stdlib-1.4.31.jar:/home/runner/.m2/repository/org/jetbrains/kotlin/kotlin-stdlib-common/1.4.31/kotlin-stdlib-common-1.4.31.jar:/home/runner/.m2/repository/org/jetbrains/annotations/13.0/annotations-13.0.jar:/home/runner/.m2/repository/io/opentracing/opentracing-util/0.33.0/opentracing-util-0.33.0.jar:/home/runner/.m2/repository/io/opentracing/opentracing-api/0.33.0/opentracing-api-0.33.0.jar:/home/runner/.m2/repository/io/opentracing/opentracing-noop/0.33.0/opentracing-noop-0.33.0.jar:/home/runner/.m2/repository/org/yaml/snakeyaml/1.26/snakeyaml-1.26.jar:/home/runner/.m2/repository/org/apache/ozone/hdds-interface-admin/1.3.0-SNAPSHOT/hdds-interface-admin-1.3.0-SNAPSHOT.jar:/home/runner/.m2/repository/junit/junit/4.13.1/junit-4.13.1.jar:/home/runner/.m2/repository/org/hamcrest/hamcrest-core/1.3/hamcrest-core-1.3.jar:/home/runner/.m2/repository/org/junit/jupiter/junit-jupiter-api/5.7.0/junit-jupiter-api-5.7.0.jar:/home/runner/.m2/repository/org/apiguardian/apiguardian-api/1.1.0/apiguardian-api-1.1.0.jar:/home/runner/.m2/repository/org/opentest4j/opentest4j/1.2.0/opentest4j-1.2.0.jar:/home/runner/.m2/repository/org/junit/platform/junit-platform-commons/1.7.0/junit-platform-commons-1.7.0.jar:/home/runner/.m2/repository/org/junit/jupiter/junit-jupiter-engine/5.7.0/junit-jupiter-engine-5.7.0.jar:/home/runner/.m2/repository/org/junit/platform/junit-platform-engine/1.7.0/junit-platform-engine-1.7.0.jar:/home/runner/.m2/repository/org/junit/vintage/junit-vintage-engine/5.7.0/junit-vintage-engine-5.7.0.jar:/home/runner/.m2/repository/org/junit/platform/junit-platform-launcher/1.7.0/junit-platform-launcher-1.7.0.jar:/home/runner/.m2/repository/org/openjdk/jmh/jmh-core/1.19/jmh-core-1.19.jar:/home/runner/.m2/repository/net/sf/jopt-simple/jopt-simple/4.6/jopt-simple-4.6.jar:/home/runner/.m2/repository/org/apache/commons/commons-math3/3.1.1/commons-math3-3.1.1.jar:/home/runner/.m2/repository/org/openjdk/jmh/jmh-generator-annprocess/1.19/jmh-generator-annprocess-1.19.jar:/home/runner/.m2/repository/org/mockito/mockito-core/2.28.2/mockito-core-2.28.2.jar:/home/runner/.m2/repository/net/bytebuddy/byte-buddy/1.9.10/byte-buddy-1.9.10.jar:/home/runner/.m2/repository/net/bytebuddy/byte-buddy-agent/1.9.10/byte-buddy-agent-1.9.10.jar:/home/runner/.m2/repository/org/objenesis/objenesis/1.0/objenesis-1.0.jar:/home/runner/.m2/repository/org/apache/hadoop/hadoop-kms/3.3.1/hadoop-kms-3.3.1.jar:/home/runner/.m2/repository/org/apache/hadoop/hadoop-auth/3.3.1/hadoop-auth-3.3.1.jar:/home/runner/.m2/repository/com/nimbusds/nimbus-jose-jwt/7.9/nimbus-jose-jwt-7.9.jar:/home/runner/.m2/repository/com/github/stephenc/jcip/jcip-annotations/1.0-1/jcip-annotations-1.0-1.jar:/home/runner/.m2/repository/net/minidev/json-smart/2.3.1/json-smart-2.3.1.jar:/home/runner/.m2/repository/net/minidev/accessors-smart/2.3.1/accessors-smart-2.3.1.jar:/home/runner/.m2/repository/org/ow2/asm/asm/5.0.4/asm-5.0.4.jar:/home/runner/.m2/repository/org/apache/zookeeper/zookeeper/3.5.6/zookeeper-3.5.6.jar:/home/runner/.m2/repository/org/apache/zookeeper/zookeeper-jute/3.5.6/zookeeper-jute-3.5.6.jar:/home/runner/.m2/repository/org/apache/yetus/audience-annotations/0.5.0/audience-annotations-0.5.0.jar:/home/runner/.m2/repository/org/apache/curator/curator-framework/4.2.0/curator-framework-4.2.0.jar:/home/runner/.m2/repository/org/apache/hadoop/thirdparty/hadoop-shaded-guava/1.1.1/hadoop-shaded-guava-1.1.1.jar:/home/runner/.m2/repository/com/sun/jersey/jersey-core/1.19/jersey-core-1.19.jar:/home/runner/.m2/repository/javax/ws/rs/jsr311-api/1.1.1/jsr311-api-1.1.1.jar:/home/runner/.m2/repository/com/sun/jersey/jersey-server/1.19/jersey-server-1.19.jar:/home/runner/.m2/repository/javax/servlet/javax.servlet-api/3.1.0/javax.servlet-api-3.1.0.jar:/home/runner/.m2/repository/org/eclipse/jetty/jetty-server/9.4.43.v20210629/jetty-server-9.4.43.v20210629.jar:/home/runner/.m2/repository/org/eclipse/jetty/jetty-http/9.4.43.v20210629/jetty-http-9.4.43.v20210629.jar:/home/runner/.m2/repository/org/eclipse/jetty/jetty-io/9.4.43.v20210629/jetty-io-9.4.43.v20210629.jar:/home/runner/.m2/repository/org/eclipse/jetty/jetty-webapp/9.4.43.v20210629/jetty-webapp-9.4.43.v20210629.jar:/home/runner/.m2/repository/org/eclipse/jetty/jetty-xml/9.4.43.v20210629/jetty-xml-9.4.43.v20210629.jar:/home/runner/.m2/repository/org/apache/hadoop/hadoop-common/3.3.1/hadoop-common-3.3.1.jar:/home/runner/.m2/repository/commons-net/commons-net/3.6/commons-net-3.6.jar:/home/runner/.m2/repository/jakarta/activation/jakarta.activation-api/1.2.1/jakarta.activation-api-1.2.1.jar:/home/runner/.m2/repository/com/sun/jersey/jersey-servlet/1.19/jersey-servlet-1.19.jar:/home/runner/.m2/repository/com/sun/jersey/jersey-json/1.19/jersey-json-1.19.jar:/home/runner/.m2/repository/org/codehaus/jettison/jettison/1.1/jettison-1.1.jar:/home/runner/.m2/repository/com/sun/xml/bind/jaxb-impl/2.2.3-1/jaxb-impl-2.2.3-1.jar:/home/runner/.m2/repository/org/codehaus/jackson/jackson-jaxrs/1.9.2/jackson-jaxrs-1.9.2.jar:/home/runner/.m2/repository/org/codehaus/jackson/jackson-xc/1.9.2/jackson-xc-1.9.2.jar:/home/runner/.m2/repository/org/apache/commons/commons-configuration2/2.1.1/commons-configuration2-2.1.1.jar:/home/runner/.m2/repository/org/apache/commons/commons-text/1.4/commons-text-1.4.jar:/home/runner/.m2/repository/com/google/re2j/re2j/1.1/re2j-1.1.jar:/home/runner/.m2/repository/com/jcraft/jsch/0.1.54/jsch-0.1.54.jar:/home/runner/.m2/repository/org/apache/curator/curator-client/4.2.0/curator-client-4.2.0.jar:/home/runner/.m2/repository/org/apache/curator/curator-recipes/4.2.0/curator-recipes-4.2.0.jar:/home/runner/.m2/repository/org/apache/kerby/kerb-core/1.0.1/kerb-core-1.0.1.jar:/home/runner/.m2/repository/org/apache/kerby/kerby-pkix/1.0.1/kerby-pkix-1.0.1.jar:/home/runner/.m2/repository/org/apache/kerby/kerby-asn1/1.0.1/kerby-asn1-1.0.1.jar:/home/runner/.m2/repository/org/apache/kerby/kerby-util/1.0.1/kerby-util-1.0.1.jar:/home/runner/.m2/repository/dnsjava/dnsjava/2.1.7/dnsjava-2.1.7.jar:/home/runner/.m2/repository/org/xerial/snappy/snappy-java/1.1.8.2/snappy-java-1.1.8.2.jar:/home/runner/.m2/repository/org/slf4j/jul-to-slf4j/1.7.30/jul-to-slf4j-1.7.30.jar:/home/runner/.m2/repository/org/eclipse/jetty/jetty-util/9.4.43.v20210629/jetty-util-9.4.43.v20210629.jar:/home/runner/.m2/repository/com/fasterxml/jackson/core/jackson-databind/2.12.1/jackson-databind-2.12.1.jar:/home/runner/.m2/repository/org/apache/hadoop/hadoop-kms/3.3.1/hadoop-kms-3.3.1-tests.jar:/home/runner/.m2/repository/org/apache/ozone/hdds-server-scm/1.3.0-SNAPSHOT/hdds-server-scm-1.3.0-SNAPSHOT-tests.jar:/home/runner/.m2/repository/org/apache/ozone/hdds-container-service/1.3.0-SNAPSHOT/hdds-container-service-1.3.0-SNAPSHOT-tests.jar:/home/runner/.m2/repository/commons-codec/commons-codec/1.11/commons-codec-1.11.jar:/home/runner/.m2/repository/io/netty/netty-transport/4.1.63.Final/netty-transport-4.1.63.Final.jar:/home/runner/.m2/repository/io/netty/netty-resolver/4.1.63.Final/netty-resolver-4.1.63.Final.jar:/home/runner/.m2/repository/io/netty/netty-codec/4.1.63.Final/netty-codec-4.1.63.Final.jar:/home/runner/.m2/repository/io/netty/netty-handler/4.1.63.Final/netty-handler-4.1.63.Final.jar:/home/runner/.m2/repository/org/apache/ozone/hdds-hadoop-dependency-test/1.3.0-SNAPSHOT/hdds-hadoop-dependency-test-1.3.0-SNAPSHOT.jar:/home/runner/.m2/repository/org/apache/hadoop/hadoop-common/3.3.1/hadoop-common-3.3.1-tests.jar:/home/runner/.m2/repository/org/assertj/assertj-core/3.12.2/assertj-core-3.12.2.jar:/home/runner/.m2/repository/org/apache/hadoop/hadoop-hdfs/3.3.1/hadoop-hdfs-3.3.1-tests.jar:/home/runner/.m2/repository/org/eclipse/jetty/jetty-util-ajax/9.4.43.v20210629/jetty-util-ajax-9.4.43.v20210629.jar:/home/runner/.m2/repository/commons-daemon/commons-daemon/1.0.13/commons-daemon-1.0.13.jar:/home/runner/.m2/repository/io/netty/netty/3.10.6.Final/netty-3.10.6.Final.jar:/home/runner/.m2/repository/io/netty/netty-all/4.1.63.Final/netty-all-4.1.63.Final.jar:/home/runner/.m2/repository/org/apache/htrace/htrace-core4/4.1.0-incubating/htrace-core4-4.1.0-incubating.jar:/home/runner/.m2/repository/org/fusesource/leveldbjni/leveldbjni-all/1.8/leveldbjni-all-1.8.jar:/home/runner/.m2/repository/org/apache/hadoop/hadoop-distcp/3.3.1/hadoop-distcp-3.3.1.jar:/home/runner/.m2/repository/org/apache/hadoop/hadoop-mapreduce-client-jobclient/3.3.1/hadoop-mapreduce-client-jobclient-3.3.1.jar:/home/runner/.m2/repository/org/apache/hadoop/hadoop-mapreduce-client-common/3.3.1/hadoop-mapreduce-client-common-3.3.1.jar:/home/runner/.m2/repository/org/apache/hadoop/hadoop-yarn-common/3.3.1/hadoop-yarn-common-3.3.1.jar:/home/runner/.m2/repository/org/apache/hadoop/hadoop-yarn-api/3.3.1/hadoop-yarn-api-3.3.1.jar:/home/runner/.m2/repository/com/sun/jersey/jersey-client/1.19/jersey-client-1.19.jar:/home/runner/.m2/repository/com/sun/jersey/contribs/jersey-guice/1.19/jersey-guice-1.19.jar:/home/runner/.m2/repository/com/fasterxml/jackson/jaxrs/jackson-jaxrs-json-provider/2.12.1/jackson-jaxrs-json-provider-2.12.1.jar:/home/runner/.m2/repository/com/fasterxml/jackson/jaxrs/jackson-jaxrs-base/2.12.1/jackson-jaxrs-base-2.12.1.jar:/home/runner/.m2/repository/org/apache/hadoop/hadoop-yarn-client/3.3.1/hadoop-yarn-client-3.3.1.jar:/home/runner/.m2/repository/org/eclipse/jetty/websocket/websocket-client/9.4.40.v20210413/websocket-client-9.4.40.v20210413.jar:/home/runner/.m2/repository/org/eclipse/jetty/jetty-client/9.4.40.v20210413/jetty-client-9.4.40.v20210413.jar:/home/runner/.m2/repository/org/eclipse/jetty/websocket/websocket-common/9.4.40.v20210413/websocket-common-9.4.40.v20210413.jar:/home/runner/.m2/repository/org/eclipse/jetty/websocket/websocket-api/9.4.40.v20210413/websocket-api-9.4.40.v20210413.jar:/home/runner/.m2/repository/org/jline/jline/3.9.0/jline-3.9.0.jar:/home/runner/.m2/repository/org/apache/hadoop/hadoop-mapreduce-client-core/3.3.1/hadoop-mapreduce-client-core-3.3.1.jar:/home/runner/.m2/repository/org/apache/avro/avro/1.7.7/avro-1.7.7.jar:/home/runner/.m2/repository/org/codehaus/jackson/jackson-core-asl/1.9.13/jackson-core-asl-1.9.13.jar:/home/runner/.m2/repository/org/codehaus/jackson/jackson-mapper-asl/1.9.13/jackson-mapper-asl-1.9.13.jar:/home/runner/.m2/repository/com/thoughtworks/paranamer/paranamer/2.3/paranamer-2.3.jar:/home/runner/.m2/repository/org/apache/hadoop/hadoop-annotations/3.3.1/hadoop-annotations-3.3.1.jar:/usr/lib/jvm/adoptopenjdk-8-hotspot-amd64/jre/../lib/tools.jar:/home/runner/.m2/repository/org/apache/hadoop/hadoop-distcp/3.3.1/hadoop-distcp-3.3.1-tests.jar:/home/runner/.m2/repository/org/apache/ratis/ratis-common/2.2.0/ratis-common-2.2.0.jar:/home/runner/.m2/repository/org/apache/ratis/ratis-thirdparty-misc/0.7.0/ratis-thirdparty-misc-0.7.0.jar:/home/runner/.m2/repository/org/apache/ratis/ratis-proto/2.2.0/ratis-proto-2.2.0.jar:"/>
    <property name="java.vm.vendor" value="AdoptOpenJDK"/>
    <property name="sun.arch.data.model" value="64"/>
    <property name="test.build.dir" value="/home/runner/work/ozone/ozone/hadoop-ozone/integration-test/target/test-dir"/>
    <property name="test.cache.data" value=""/>
    <property name="java.vendor.url" value="https://adoptopenjdk.net/"/>
    <property name="user.timezone" value=""/>
    <property name="java.vm.specification.version" value="1.8"/>
    <property name="os.name" value="Linux"/>
    <property name="test.build.data" value="/home/runner/work/ozone/ozone/hadoop-ozone/integration-test/target/test-dir"/>
    <property name="sun.java.launcher" value="SUN_STANDARD"/>
    <property name="sun.boot.library.path" value="/usr/lib/jvm/adoptopenjdk-8-hotspot-amd64/jre/lib/amd64"/>
    <property name="sun.java.command" value="/home/runner/work/ozone/ozone/hadoop-ozone/integration-test/target/surefire/surefirebooter1414960038465860239.jar /home/runner/work/ozone/ozone/hadoop-ozone/integration-test/target/surefire 2022-01-11T14-56-42_234-jvmRun1 surefire8829779115500201748tmp surefire_424671510369828198379tmp"/>
    <property name="surefire.test.class.path" value="/home/runner/work/ozone/ozone/hadoop-ozone/integration-test/target/test-classes:/home/runner/work/ozone/ozone/hadoop-ozone/integration-test/target/classes:/home/runner/.m2/repository/org/apache/ozone/ozone-common/1.3.0-SNAPSHOT/ozone-common-1.3.0-SNAPSHOT.jar:/home/runner/.m2/repository/org/apache/commons/commons-compress/1.21/commons-compress-1.21.jar:/home/runner/.m2/repository/org/apache/ozone/hdds-common/1.3.0-SNAPSHOT/hdds-common-1.3.0-SNAPSHOT.jar:/home/runner/.m2/repository/org/apache/ozone/hdds-client/1.3.0-SNAPSHOT/hdds-client-1.3.0-SNAPSHOT.jar:/home/runner/.m2/repository/org/apache/ozone/ozone-interface-client/1.3.0-SNAPSHOT/ozone-interface-client-1.3.0-SNAPSHOT.jar:/home/runner/.m2/repository/org/apache/ozone/hdds-test-utils/1.3.0-SNAPSHOT/hdds-test-utils-1.3.0-SNAPSHOT.jar:/home/runner/.m2/repository/com/google/guava/guava/30.1.1-jre/guava-30.1.1-jre.jar:/home/runner/.m2/repository/com/google/guava/failureaccess/1.0.1/failureaccess-1.0.1.jar:/home/runner/.m2/repository/com/google/guava/listenablefuture/9999.0-empty-to-avoid-conflict-with-guava/listenablefuture-9999.0-empty-to-avoid-conflict-with-guava.jar:/home/runner/.m2/repository/com/google/code/findbugs/jsr305/3.0.0/jsr305-3.0.0.jar:/home/runner/.m2/repository/org/checkerframework/checker-qual/3.8.0/checker-qual-3.8.0.jar:/home/runner/.m2/repository/com/google/errorprone/error_prone_annotations/2.2.0/error_prone_annotations-2.2.0.jar:/home/runner/.m2/repository/com/google/j2objc/j2objc-annotations/1.3/j2objc-annotations-1.3.jar:/home/runner/.m2/repository/commons-io/commons-io/2.11.0/commons-io-2.11.0.jar:/home/runner/.m2/repository/commons-logging/commons-logging/1.2/commons-logging-1.2.jar:/home/runner/.m2/repository/log4j/log4j/1.2.17/log4j-1.2.17.jar:/home/runner/.m2/repository/org/slf4j/slf4j-api/1.7.30/slf4j-api-1.7.30.jar:/home/runner/.m2/repository/org/apache/ozone/hdds-server-scm/1.3.0-SNAPSHOT/hdds-server-scm-1.3.0-SNAPSHOT.jar:/home/runner/.m2/repository/org/apache/ozone/hdds-container-service/1.3.0-SNAPSHOT/hdds-container-service-1.3.0-SNAPSHOT.jar:/home/runner/.m2/repository/org/apache/ozone/hdds-hadoop-dependency-server/1.3.0-SNAPSHOT/hdds-hadoop-dependency-server-1.3.0-SNAPSHOT.jar:/home/runner/.m2/repository/org/apache/hadoop/hadoop-hdfs/3.3.1/hadoop-hdfs-3.3.1.jar:/home/runner/.m2/repository/org/apache/ozone/hdds-server-framework/1.3.0-SNAPSHOT/hdds-server-framework-1.3.0-SNAPSHOT.jar:/home/runner/.m2/repository/org/apache/ozone/hdds-interface-server/1.3.0-SNAPSHOT/hdds-interface-server-1.3.0-SNAPSHOT.jar:/home/runner/.m2/repository/org/eclipse/jetty/jetty-servlet/9.4.43.v20210629/jetty-servlet-9.4.43.v20210629.jar:/home/runner/.m2/repository/org/eclipse/jetty/jetty-security/9.4.43.v20210629/jetty-security-9.4.43.v20210629.jar:/home/runner/.m2/repository/org/rocksdb/rocksdbjni/6.25.3/rocksdbjni-6.25.3.jar:/home/runner/.m2/repository/io/prometheus/simpleclient_dropwizard/0.7.0/simpleclient_dropwizard-0.7.0.jar:/home/runner/.m2/repository/io/prometheus/simpleclient/0.7.0/simpleclient-0.7.0.jar:/home/runner/.m2/repository/io/prometheus/simpleclient_common/0.7.0/simpleclient_common-0.7.0.jar:/home/runner/.m2/repository/com/fasterxml/jackson/datatype/jackson-datatype-jsr310/2.12.1/jackson-datatype-jsr310-2.12.1.jar:/home/runner/.m2/repository/io/dropwizard/metrics/metrics-core/3.2.4/metrics-core-3.2.4.jar:/home/runner/.m2/repository/org/apache/hadoop/hadoop-hdfs-client/3.3.1/hadoop-hdfs-client-3.3.1.jar:/home/runner/.m2/repository/org/bouncycastle/bcprov-jdk15on/1.67/bcprov-jdk15on-1.67.jar:/home/runner/.m2/repository/com/google/protobuf/protobuf-java/2.5.0/protobuf-java-2.5.0.jar:/home/runner/.m2/repository/org/apache/ozone/ozone-manager/1.3.0-SNAPSHOT/ozone-manager-1.3.0-SNAPSHOT.jar:/home/runner/.m2/repository/org/aspectj/aspectjrt/1.9.7/aspectjrt-1.9.7.jar:/home/runner/.m2/repository/org/aspectj/aspectjweaver/1.9.7/aspectjweaver-1.9.7.jar:/home/runner/.m2/repository/org/apache/ozone/hdds-interface-client/1.3.0-SNAPSHOT/hdds-interface-client-1.3.0-SNAPSHOT.jar:/home/runner/.m2/repository/org/apache/hadoop/thirdparty/hadoop-shaded-protobuf_3_7/1.1.1/hadoop-shaded-protobuf_3_7-1.1.1.jar:/home/runner/.m2/repository/org/apache/ozone/ozone-interface-storage/1.3.0-SNAPSHOT/ozone-interface-storage-1.3.0-SNAPSHOT.jar:/home/runner/.m2/repository/org/reflections/reflections/0.9.11/reflections-0.9.11.jar:/home/runner/.m2/repository/org/apache/hadoop/hadoop-minikdc/3.3.1/hadoop-minikdc-3.3.1.jar:/home/runner/.m2/repository/org/apache/kerby/kerb-simplekdc/1.0.1/kerb-simplekdc-1.0.1.jar:/home/runner/.m2/repository/org/apache/kerby/kerb-client/1.0.1/kerb-client-1.0.1.jar:/home/runner/.m2/repository/org/apache/kerby/kerby-config/1.0.1/kerby-config-1.0.1.jar:/home/runner/.m2/repository/org/apache/kerby/kerb-common/1.0.1/kerb-common-1.0.1.jar:/home/runner/.m2/repository/org/apache/kerby/kerb-crypto/1.0.1/kerb-crypto-1.0.1.jar:/home/runner/.m2/repository/org/apache/kerby/kerb-util/1.0.1/kerb-util-1.0.1.jar:/home/runner/.m2/repository/org/apache/kerby/token-provider/1.0.1/token-provider-1.0.1.jar:/home/runner/.m2/repository/org/apache/kerby/kerb-admin/1.0.1/kerb-admin-1.0.1.jar:/home/runner/.m2/repository/org/apache/kerby/kerb-server/1.0.1/kerb-server-1.0.1.jar:/home/runner/.m2/repository/org/apache/kerby/kerb-identity/1.0.1/kerb-identity-1.0.1.jar:/home/runner/.m2/repository/org/apache/kerby/kerby-xdr/1.0.1/kerby-xdr-1.0.1.jar:/home/runner/.m2/repository/org/slf4j/slf4j-log4j12/1.7.30/slf4j-log4j12-1.7.30.jar:/home/runner/.m2/repository/org/apache/ozone/ozone-s3gateway/1.3.0-SNAPSHOT/ozone-s3gateway-1.3.0-SNAPSHOT.jar:/home/runner/.m2/repository/org/javassist/javassist/3.21.0-GA/javassist-3.21.0-GA.jar:/home/runner/.m2/repository/org/jboss/weld/servlet/weld-servlet/2.4.7.Final/weld-servlet-2.4.7.Final.jar:/home/runner/.m2/repository/org/glassfish/jersey/containers/jersey-container-servlet-core/2.33/jersey-container-servlet-core-2.33.jar:/home/runner/.m2/repository/org/glassfish/hk2/external/jakarta.inject/2.6.1/jakarta.inject-2.6.1.jar:/home/runner/.m2/repository/org/glassfish/jersey/core/jersey-common/2.33/jersey-common-2.33.jar:/home/runner/.m2/repository/jakarta/ws/rs/jakarta.ws.rs-api/2.1.6/jakarta.ws.rs-api-2.1.6.jar:/home/runner/.m2/repository/org/glassfish/jersey/ext/cdi/jersey-cdi1x/2.33/jersey-cdi1x-2.33.jar:/home/runner/.m2/repository/org/glassfish/jersey/inject/jersey-hk2/2.33/jersey-hk2-2.33.jar:/home/runner/.m2/repository/org/glassfish/hk2/hk2-locator/2.6.1/hk2-locator-2.6.1.jar:/home/runner/.m2/repository/org/glassfish/jersey/media/jersey-media-jaxb/2.33/jersey-media-jaxb-2.33.jar:/home/runner/.m2/repository/org/glassfish/hk2/osgi-resource-locator/1.0.3/osgi-resource-locator-1.0.3.jar:/home/runner/.m2/repository/org/glassfish/hk2/hk2-api/2.5.0/hk2-api-2.5.0.jar:/home/runner/.m2/repository/org/glassfish/hk2/hk2-utils/2.5.0/hk2-utils-2.5.0.jar:/home/runner/.m2/repository/org/glassfish/hk2/external/aopalliance-repackaged/2.5.0/aopalliance-repackaged-2.5.0.jar:/home/runner/.m2/repository/com/fasterxml/jackson/dataformat/jackson-dataformat-xml/2.12.1/jackson-dataformat-xml-2.12.1.jar:/home/runner/.m2/repository/com/fasterxml/jackson/core/jackson-core/2.12.1/jackson-core-2.12.1.jar:/home/runner/.m2/repository/com/fasterxml/jackson/module/jackson-module-jaxb-annotations/2.12.1/jackson-module-jaxb-annotations-2.12.1.jar:/home/runner/.m2/repository/jakarta/xml/bind/jakarta.xml.bind-api/2.3.2/jakarta.xml.bind-api-2.3.2.jar:/home/runner/.m2/repository/org/codehaus/woodstox/stax2-api/3.1.4/stax2-api-3.1.4.jar:/home/runner/.m2/repository/com/fasterxml/woodstox/woodstox-core/5.0.3/woodstox-core-5.0.3.jar:/home/runner/.m2/repository/javax/enterprise/cdi-api/1.2/cdi-api-1.2.jar:/home/runner/.m2/repository/javax/el/javax.el-api/3.0.0/javax.el-api-3.0.0.jar:/home/runner/.m2/repository/javax/interceptor/javax.interceptor-api/1.2/javax.interceptor-api-1.2.jar:/home/runner/.m2/repository/javax/inject/javax.inject/1/javax.inject-1.jar:/home/runner/.m2/repository/javax/xml/bind/jaxb-api/2.3.0/jaxb-api-2.3.0.jar:/home/runner/.m2/repository/org/glassfish/jaxb/jaxb-runtime/2.3.0.1/jaxb-runtime-2.3.0.1.jar:/home/runner/.m2/repository/org/glassfish/jaxb/jaxb-core/2.3.0.1/jaxb-core-2.3.0.1.jar:/home/runner/.m2/repository/org/glassfish/jaxb/txw2/2.3.0.1/txw2-2.3.0.1.jar:/home/runner/.m2/repository/com/sun/istack/istack-commons-runtime/3.0.5/istack-commons-runtime-3.0.5.jar:/home/runner/.m2/repository/org/jvnet/staxex/stax-ex/1.7.8/stax-ex-1.7.8.jar:/home/runner/.m2/repository/com/sun/xml/fastinfoset/FastInfoset/1.2.13/FastInfoset-1.2.13.jar:/home/runner/.m2/repository/javax/activation/activation/1.1.1/activation-1.1.1.jar:/home/runner/.m2/repository/org/apache/ozone/ozone-csi/1.3.0-SNAPSHOT/ozone-csi-1.3.0-SNAPSHOT.jar:/home/runner/.m2/repository/com/google/protobuf/protobuf-java-util/3.12.0/protobuf-java-util-3.12.0.jar:/home/runner/.m2/repository/com/google/code/gson/gson/2.2.4/gson-2.2.4.jar:/home/runner/.m2/repository/org/apache/ozone/hdds-config/1.3.0-SNAPSHOT/hdds-config-1.3.0-SNAPSHOT.jar:/home/runner/.m2/repository/io/grpc/grpc-netty/1.33.0/grpc-netty-1.33.0.jar:/home/runner/.m2/repository/io/grpc/grpc-core/1.33.0/grpc-core-1.33.0.jar:/home/runner/.m2/repository/com/google/android/annotations/4.1.1.4/annotations-4.1.1.4.jar:/home/runner/.m2/repository/io/netty/netty-codec-http2/4.1.63.Final/netty-codec-http2-4.1.63.Final.jar:/home/runner/.m2/repository/io/netty/netty-codec-http/4.1.63.Final/netty-codec-http-4.1.63.Final.jar:/home/runner/.m2/repository/io/netty/netty-handler-proxy/4.1.63.Final/netty-handler-proxy-4.1.63.Final.jar:/home/runner/.m2/repository/io/netty/netty-codec-socks/4.1.63.Final/netty-codec-socks-4.1.63.Final.jar:/home/runner/.m2/repository/io/perfmark/perfmark-api/0.19.0/perfmark-api-0.19.0.jar:/home/runner/.m2/repository/org/codehaus/mojo/animal-sniffer-annotations/1.18/animal-sniffer-annotations-1.18.jar:/home/runner/.m2/repository/io/netty/netty-transport-native-epoll/4.1.63.Final/netty-transport-native-epoll-4.1.63.Final.jar:/home/runner/.m2/repository/io/netty/netty-common/4.1.63.Final/netty-common-4.1.63.Final.jar:/home/runner/.m2/repository/io/netty/netty-buffer/4.1.63.Final/netty-buffer-4.1.63.Final.jar:/home/runner/.m2/repository/io/netty/netty-transport-native-unix-common/4.1.63.Final/netty-transport-native-unix-common-4.1.63.Final.jar:/home/runner/.m2/repository/io/grpc/grpc-protobuf/1.33.0/grpc-protobuf-1.33.0.jar:/home/runner/.m2/repository/io/grpc/grpc-api/1.33.0/grpc-api-1.33.0.jar:/home/runner/.m2/repository/io/grpc/grpc-context/1.33.0/grpc-context-1.33.0.jar:/home/runner/.m2/repository/com/google/api/grpc/proto-google-common-protos/1.17.0/proto-google-common-protos-1.17.0.jar:/home/runner/.m2/repository/io/grpc/grpc-protobuf-lite/1.33.0/grpc-protobuf-lite-1.33.0.jar:/home/runner/.m2/repository/io/grpc/grpc-stub/1.33.0/grpc-stub-1.33.0.jar:/home/runner/.m2/repository/org/apache/ozone/ozone-recon/1.3.0-SNAPSHOT/ozone-recon-1.3.0-SNAPSHOT.jar:/home/runner/.m2/repository/org/apache/ozone/ozone-reconcodegen/1.3.0-SNAPSHOT/ozone-reconcodegen-1.3.0-SNAPSHOT.jar:/home/runner/.m2/repository/com/google/inject/extensions/guice-multibindings/4.0/guice-multibindings-4.0.jar:/home/runner/.m2/repository/com/google/inject/guice/4.0/guice-4.0.jar:/home/runner/.m2/repository/aopalliance/aopalliance/1.0/aopalliance-1.0.jar:/home/runner/.m2/repository/com/google/inject/extensions/guice-assistedinject/4.0/guice-assistedinject-4.0.jar:/home/runner/.m2/repository/com/google/inject/extensions/guice-servlet/4.0/guice-servlet-4.0.jar:/home/runner/.m2/repository/org/glassfish/jersey/containers/jersey-container-servlet/2.33/jersey-container-servlet-2.33.jar:/home/runner/.m2/repository/org/glassfish/hk2/guice-bridge/2.5.0/guice-bridge-2.5.0.jar:/home/runner/.m2/repository/org/glassfish/jersey/core/jersey-server/2.33/jersey-server-2.33.jar:/home/runner/.m2/repository/org/glassfish/jersey/core/jersey-client/2.33/jersey-client-2.33.jar:/home/runner/.m2/repository/jakarta/annotation/jakarta.annotation-api/1.3.5/jakarta.annotation-api-1.3.5.jar:/home/runner/.m2/repository/jakarta/validation/jakarta.validation-api/2.0.2/jakarta.validation-api-2.0.2.jar:/home/runner/.m2/repository/org/glassfish/jersey/media/jersey-media-json-jackson/2.33/jersey-media-json-jackson-2.33.jar:/home/runner/.m2/repository/org/glassfish/jersey/ext/jersey-entity-filtering/2.33/jersey-entity-filtering-2.33.jar:/home/runner/.m2/repository/org/jooq/jooq/3.11.10/jooq-3.11.10.jar:/home/runner/.m2/repository/org/jooq/jooq-meta/3.11.10/jooq-meta-3.11.10.jar:/home/runner/.m2/repository/org/jooq/jooq-codegen/3.11.10/jooq-codegen-3.11.10.jar:/home/runner/.m2/repository/com/jolbox/bonecp/0.8.0.RELEASE/bonecp-0.8.0.RELEASE.jar:/home/runner/.m2/repository/org/apache/derby/derby/10.14.2.0/derby-10.14.2.0.jar:/home/runner/.m2/repository/org/xerial/sqlite-jdbc/3.25.2/sqlite-jdbc-3.25.2.jar:/home/runner/.m2/repository/org/springframework/spring-jdbc/5.2.18.RELEASE/spring-jdbc-5.2.18.RELEASE.jar:/home/runner/.m2/repository/org/springframework/spring-beans/5.2.18.RELEASE/spring-beans-5.2.18.RELEASE.jar:/home/runner/.m2/repository/org/springframework/spring-core/5.2.18.RELEASE/spring-core-5.2.18.RELEASE.jar:/home/runner/.m2/repository/org/springframework/spring-jcl/5.2.18.RELEASE/spring-jcl-5.2.18.RELEASE.jar:/home/runner/.m2/repository/org/springframework/spring-tx/5.2.18.RELEASE/spring-tx-5.2.18.RELEASE.jar:/home/runner/.m2/repository/org/apache/ozone/ozone-client/1.3.0-SNAPSHOT/ozone-client-1.3.0-SNAPSHOT.jar:/home/runner/.m2/repository/org/apache/ozone/ozone-filesystem/1.3.0-SNAPSHOT/ozone-filesystem-1.3.0-SNAPSHOT.jar:/home/runner/.m2/repository/org/apache/ozone/ozone-filesystem-common/1.3.0-SNAPSHOT/ozone-filesystem-common-1.3.0-SNAPSHOT.jar:/home/runner/.m2/repository/org/apache/ozone/ozone-tools/1.3.0-SNAPSHOT/ozone-tools-1.3.0-SNAPSHOT.jar:/home/runner/.m2/repository/org/apache/ratis/ratis-tools/2.2.0/ratis-tools-2.2.0.jar:/home/runner/.m2/repository/com/amazonaws/aws-java-sdk-core/1.12.124/aws-java-sdk-core-1.12.124.jar:/home/runner/.m2/repository/org/apache/httpcomponents/httpclient/4.5.13/httpclient-4.5.13.jar:/home/runner/.m2/repository/org/apache/httpcomponents/httpcore/4.4.13/httpcore-4.4.13.jar:/home/runner/.m2/repository/software/amazon/ion/ion-java/1.0.2/ion-java-1.0.2.jar:/home/runner/.m2/repository/com/fasterxml/jackson/dataformat/jackson-dataformat-cbor/2.12.1/jackson-dataformat-cbor-2.12.1.jar:/home/runner/.m2/repository/joda-time/joda-time/2.8.1/joda-time-2.8.1.jar:/home/runner/.m2/repository/com/amazonaws/aws-java-sdk-s3/1.12.124/aws-java-sdk-s3-1.12.124.jar:/home/runner/.m2/repository/com/amazonaws/aws-java-sdk-kms/1.12.124/aws-java-sdk-kms-1.12.124.jar:/home/runner/.m2/repository/com/amazonaws/jmespath-java/1.12.124/jmespath-java-1.12.124.jar:/home/runner/.m2/repository/org/kohsuke/metainf-services/metainf-services/1.8/metainf-services-1.8.jar:/home/runner/.m2/repository/org/apache/ozone/hdds-tools/1.3.0-SNAPSHOT/hdds-tools-1.3.0-SNAPSHOT.jar:/home/runner/.m2/repository/commons-cli/commons-cli/1.2/commons-cli-1.2.jar:/home/runner/.m2/repository/org/apache/commons/commons-lang3/3.7/commons-lang3-3.7.jar:/home/runner/.m2/repository/org/apache/ozone/ozone-manager/1.3.0-SNAPSHOT/ozone-manager-1.3.0-SNAPSHOT-tests.jar:/home/runner/.m2/repository/org/apache/ozone/hdds-common/1.3.0-SNAPSHOT/hdds-common-1.3.0-SNAPSHOT-tests.jar:/home/runner/.m2/repository/org/apache/ozone/hdds-hadoop-dependency-client/1.3.0-SNAPSHOT/hdds-hadoop-dependency-client-1.3.0-SNAPSHOT.jar:/home/runner/.m2/repository/info/picocli/picocli/4.6.1/picocli-4.6.1.jar:/home/runner/.m2/repository/com/fasterxml/jackson/core/jackson-annotations/2.12.1/jackson-annotations-2.12.1.jar:/home/runner/.m2/repository/javax/annotation/javax.annotation-api/1.2/javax.annotation-api-1.2.jar:/home/runner/.m2/repository/org/apache/ratis/ratis-server/2.2.0/ratis-server-2.2.0.jar:/home/runner/.m2/repository/org/apache/ratis/ratis-client/2.2.0/ratis-client-2.2.0.jar:/home/runner/.m2/repository/org/apache/ratis/ratis-server-api/2.2.0/ratis-server-api-2.2.0.jar:/home/runner/.m2/repository/org/apache/ratis/ratis-metrics/2.2.0/ratis-metrics-2.2.0.jar:/home/runner/.m2/repository/org/apache/ratis/ratis-netty/2.2.0/ratis-netty-2.2.0.jar:/home/runner/.m2/repository/org/apache/ratis/ratis-grpc/2.2.0/ratis-grpc-2.2.0.jar:/home/runner/.m2/repository/org/apache/logging/log4j/log4j-api/2.17.1/log4j-api-2.17.1.jar:/home/runner/.m2/repository/org/apache/logging/log4j/log4j-core/2.17.1/log4j-core-2.17.1.jar:/home/runner/.m2/repository/com/lmax/disruptor/3.4.2/disruptor-3.4.2.jar:/home/runner/.m2/repository/org/apache/commons/commons-pool2/2.6.0/commons-pool2-2.6.0.jar:/home/runner/.m2/repository/org/bouncycastle/bcpkix-jdk15on/1.67/bcpkix-jdk15on-1.67.jar:/home/runner/.m2/repository/commons-validator/commons-validator/1.6/commons-validator-1.6.jar:/home/runner/.m2/repository/commons-beanutils/commons-beanutils/1.9.4/commons-beanutils-1.9.4.jar:/home/runner/.m2/repository/commons-digester/commons-digester/1.8.1/commons-digester-1.8.1.jar:/home/runner/.m2/repository/commons-collections/commons-collections/3.2.2/commons-collections-3.2.2.jar:/home/runner/.m2/repository/io/jaegertracing/jaeger-client/1.6.0/jaeger-client-1.6.0.jar:/home/runner/.m2/repository/io/jaegertracing/jaeger-thrift/1.6.0/jaeger-thrift-1.6.0.jar:/home/runner/.m2/repository/org/apache/thrift/libthrift/0.14.1/libthrift-0.14.1.jar:/home/runner/.m2/repository/com/squareup/okhttp3/okhttp/4.9.0/okhttp-4.9.0.jar:/home/runner/.m2/repository/com/squareup/okio/okio/2.8.0/okio-2.8.0.jar:/home/runner/.m2/repository/io/jaegertracing/jaeger-core/1.6.0/jaeger-core-1.6.0.jar:/home/runner/.m2/repository/io/jaegertracing/jaeger-tracerresolver/1.6.0/jaeger-tracerresolver-1.6.0.jar:/home/runner/.m2/repository/io/opentracing/contrib/opentracing-tracerresolver/0.1.8/opentracing-tracerresolver-0.1.8.jar:/home/runner/.m2/repository/org/jetbrains/kotlin/kotlin-stdlib/1.4.31/kotlin-stdlib-1.4.31.jar:/home/runner/.m2/repository/org/jetbrains/kotlin/kotlin-stdlib-common/1.4.31/kotlin-stdlib-common-1.4.31.jar:/home/runner/.m2/repository/org/jetbrains/annotations/13.0/annotations-13.0.jar:/home/runner/.m2/repository/io/opentracing/opentracing-util/0.33.0/opentracing-util-0.33.0.jar:/home/runner/.m2/repository/io/opentracing/opentracing-api/0.33.0/opentracing-api-0.33.0.jar:/home/runner/.m2/repository/io/opentracing/opentracing-noop/0.33.0/opentracing-noop-0.33.0.jar:/home/runner/.m2/repository/org/yaml/snakeyaml/1.26/snakeyaml-1.26.jar:/home/runner/.m2/repository/org/apache/ozone/hdds-interface-admin/1.3.0-SNAPSHOT/hdds-interface-admin-1.3.0-SNAPSHOT.jar:/home/runner/.m2/repository/junit/junit/4.13.1/junit-4.13.1.jar:/home/runner/.m2/repository/org/hamcrest/hamcrest-core/1.3/hamcrest-core-1.3.jar:/home/runner/.m2/repository/org/junit/jupiter/junit-jupiter-api/5.7.0/junit-jupiter-api-5.7.0.jar:/home/runner/.m2/repository/org/apiguardian/apiguardian-api/1.1.0/apiguardian-api-1.1.0.jar:/home/runner/.m2/repository/org/opentest4j/opentest4j/1.2.0/opentest4j-1.2.0.jar:/home/runner/.m2/repository/org/junit/platform/junit-platform-commons/1.7.0/junit-platform-commons-1.7.0.jar:/home/runner/.m2/repository/org/junit/jupiter/junit-jupiter-engine/5.7.0/junit-jupiter-engine-5.7.0.jar:/home/runner/.m2/repository/org/junit/platform/junit-platform-engine/1.7.0/junit-platform-engine-1.7.0.jar:/home/runner/.m2/repository/org/junit/vintage/junit-vintage-engine/5.7.0/junit-vintage-engine-5.7.0.jar:/home/runner/.m2/repository/org/junit/platform/junit-platform-launcher/1.7.0/junit-platform-launcher-1.7.0.jar:/home/runner/.m2/repository/org/openjdk/jmh/jmh-core/1.19/jmh-core-1.19.jar:/home/runner/.m2/repository/net/sf/jopt-simple/jopt-simple/4.6/jopt-simple-4.6.jar:/home/runner/.m2/repository/org/apache/commons/commons-math3/3.1.1/commons-math3-3.1.1.jar:/home/runner/.m2/repository/org/openjdk/jmh/jmh-generator-annprocess/1.19/jmh-generator-annprocess-1.19.jar:/home/runner/.m2/repository/org/mockito/mockito-core/2.28.2/mockito-core-2.28.2.jar:/home/runner/.m2/repository/net/bytebuddy/byte-buddy/1.9.10/byte-buddy-1.9.10.jar:/home/runner/.m2/repository/net/bytebuddy/byte-buddy-agent/1.9.10/byte-buddy-agent-1.9.10.jar:/home/runner/.m2/repository/org/objenesis/objenesis/1.0/objenesis-1.0.jar:/home/runner/.m2/repository/org/apache/hadoop/hadoop-kms/3.3.1/hadoop-kms-3.3.1.jar:/home/runner/.m2/repository/org/apache/hadoop/hadoop-auth/3.3.1/hadoop-auth-3.3.1.jar:/home/runner/.m2/repository/com/nimbusds/nimbus-jose-jwt/7.9/nimbus-jose-jwt-7.9.jar:/home/runner/.m2/repository/com/github/stephenc/jcip/jcip-annotations/1.0-1/jcip-annotations-1.0-1.jar:/home/runner/.m2/repository/net/minidev/json-smart/2.3.1/json-smart-2.3.1.jar:/home/runner/.m2/repository/net/minidev/accessors-smart/2.3.1/accessors-smart-2.3.1.jar:/home/runner/.m2/repository/org/ow2/asm/asm/5.0.4/asm-5.0.4.jar:/home/runner/.m2/repository/org/apache/zookeeper/zookeeper/3.5.6/zookeeper-3.5.6.jar:/home/runner/.m2/repository/org/apache/zookeeper/zookeeper-jute/3.5.6/zookeeper-jute-3.5.6.jar:/home/runner/.m2/repository/org/apache/yetus/audience-annotations/0.5.0/audience-annotations-0.5.0.jar:/home/runner/.m2/repository/org/apache/curator/curator-framework/4.2.0/curator-framework-4.2.0.jar:/home/runner/.m2/repository/org/apache/hadoop/thirdparty/hadoop-shaded-guava/1.1.1/hadoop-shaded-guava-1.1.1.jar:/home/runner/.m2/repository/com/sun/jersey/jersey-core/1.19/jersey-core-1.19.jar:/home/runner/.m2/repository/javax/ws/rs/jsr311-api/1.1.1/jsr311-api-1.1.1.jar:/home/runner/.m2/repository/com/sun/jersey/jersey-server/1.19/jersey-server-1.19.jar:/home/runner/.m2/repository/javax/servlet/javax.servlet-api/3.1.0/javax.servlet-api-3.1.0.jar:/home/runner/.m2/repository/org/eclipse/jetty/jetty-server/9.4.43.v20210629/jetty-server-9.4.43.v20210629.jar:/home/runner/.m2/repository/org/eclipse/jetty/jetty-http/9.4.43.v20210629/jetty-http-9.4.43.v20210629.jar:/home/runner/.m2/repository/org/eclipse/jetty/jetty-io/9.4.43.v20210629/jetty-io-9.4.43.v20210629.jar:/home/runner/.m2/repository/org/eclipse/jetty/jetty-webapp/9.4.43.v20210629/jetty-webapp-9.4.43.v20210629.jar:/home/runner/.m2/repository/org/eclipse/jetty/jetty-xml/9.4.43.v20210629/jetty-xml-9.4.43.v20210629.jar:/home/runner/.m2/repository/org/apache/hadoop/hadoop-common/3.3.1/hadoop-common-3.3.1.jar:/home/runner/.m2/repository/commons-net/commons-net/3.6/commons-net-3.6.jar:/home/runner/.m2/repository/jakarta/activation/jakarta.activation-api/1.2.1/jakarta.activation-api-1.2.1.jar:/home/runner/.m2/repository/com/sun/jersey/jersey-servlet/1.19/jersey-servlet-1.19.jar:/home/runner/.m2/repository/com/sun/jersey/jersey-json/1.19/jersey-json-1.19.jar:/home/runner/.m2/repository/org/codehaus/jettison/jettison/1.1/jettison-1.1.jar:/home/runner/.m2/repository/com/sun/xml/bind/jaxb-impl/2.2.3-1/jaxb-impl-2.2.3-1.jar:/home/runner/.m2/repository/org/codehaus/jackson/jackson-jaxrs/1.9.2/jackson-jaxrs-1.9.2.jar:/home/runner/.m2/repository/org/codehaus/jackson/jackson-xc/1.9.2/jackson-xc-1.9.2.jar:/home/runner/.m2/repository/org/apache/commons/commons-configuration2/2.1.1/commons-configuration2-2.1.1.jar:/home/runner/.m2/repository/org/apache/commons/commons-text/1.4/commons-text-1.4.jar:/home/runner/.m2/repository/com/google/re2j/re2j/1.1/re2j-1.1.jar:/home/runner/.m2/repository/com/jcraft/jsch/0.1.54/jsch-0.1.54.jar:/home/runner/.m2/repository/org/apache/curator/curator-client/4.2.0/curator-client-4.2.0.jar:/home/runner/.m2/repository/org/apache/curator/curator-recipes/4.2.0/curator-recipes-4.2.0.jar:/home/runner/.m2/repository/org/apache/kerby/kerb-core/1.0.1/kerb-core-1.0.1.jar:/home/runner/.m2/repository/org/apache/kerby/kerby-pkix/1.0.1/kerby-pkix-1.0.1.jar:/home/runner/.m2/repository/org/apache/kerby/kerby-asn1/1.0.1/kerby-asn1-1.0.1.jar:/home/runner/.m2/repository/org/apache/kerby/kerby-util/1.0.1/kerby-util-1.0.1.jar:/home/runner/.m2/repository/dnsjava/dnsjava/2.1.7/dnsjava-2.1.7.jar:/home/runner/.m2/repository/org/xerial/snappy/snappy-java/1.1.8.2/snappy-java-1.1.8.2.jar:/home/runner/.m2/repository/org/slf4j/jul-to-slf4j/1.7.30/jul-to-slf4j-1.7.30.jar:/home/runner/.m2/repository/org/eclipse/jetty/jetty-util/9.4.43.v20210629/jetty-util-9.4.43.v20210629.jar:/home/runner/.m2/repository/com/fasterxml/jackson/core/jackson-databind/2.12.1/jackson-databind-2.12.1.jar:/home/runner/.m2/repository/org/apache/hadoop/hadoop-kms/3.3.1/hadoop-kms-3.3.1-tests.jar:/home/runner/.m2/repository/org/apache/ozone/hdds-server-scm/1.3.0-SNAPSHOT/hdds-server-scm-1.3.0-SNAPSHOT-tests.jar:/home/runner/.m2/repository/org/apache/ozone/hdds-container-service/1.3.0-SNAPSHOT/hdds-container-service-1.3.0-SNAPSHOT-tests.jar:/home/runner/.m2/repository/commons-codec/commons-codec/1.11/commons-codec-1.11.jar:/home/runner/.m2/repository/io/netty/netty-transport/4.1.63.Final/netty-transport-4.1.63.Final.jar:/home/runner/.m2/repository/io/netty/netty-resolver/4.1.63.Final/netty-resolver-4.1.63.Final.jar:/home/runner/.m2/repository/io/netty/netty-codec/4.1.63.Final/netty-codec-4.1.63.Final.jar:/home/runner/.m2/repository/io/netty/netty-handler/4.1.63.Final/netty-handler-4.1.63.Final.jar:/home/runner/.m2/repository/org/apache/ozone/hdds-hadoop-dependency-test/1.3.0-SNAPSHOT/hdds-hadoop-dependency-test-1.3.0-SNAPSHOT.jar:/home/runner/.m2/repository/org/apache/hadoop/hadoop-common/3.3.1/hadoop-common-3.3.1-tests.jar:/home/runner/.m2/repository/org/assertj/assertj-core/3.12.2/assertj-core-3.12.2.jar:/home/runner/.m2/repository/org/apache/hadoop/hadoop-hdfs/3.3.1/hadoop-hdfs-3.3.1-tests.jar:/home/runner/.m2/repository/org/eclipse/jetty/jetty-util-ajax/9.4.43.v20210629/jetty-util-ajax-9.4.43.v20210629.jar:/home/runner/.m2/repository/commons-daemon/commons-daemon/1.0.13/commons-daemon-1.0.13.jar:/home/runner/.m2/repository/io/netty/netty/3.10.6.Final/netty-3.10.6.Final.jar:/home/runner/.m2/repository/io/netty/netty-all/4.1.63.Final/netty-all-4.1.63.Final.jar:/home/runner/.m2/repository/org/apache/htrace/htrace-core4/4.1.0-incubating/htrace-core4-4.1.0-incubating.jar:/home/runner/.m2/repository/org/fusesource/leveldbjni/leveldbjni-all/1.8/leveldbjni-all-1.8.jar:/home/runner/.m2/repository/org/apache/hadoop/hadoop-distcp/3.3.1/hadoop-distcp-3.3.1.jar:/home/runner/.m2/repository/org/apache/hadoop/hadoop-mapreduce-client-jobclient/3.3.1/hadoop-mapreduce-client-jobclient-3.3.1.jar:/home/runner/.m2/repository/org/apache/hadoop/hadoop-mapreduce-client-common/3.3.1/hadoop-mapreduce-client-common-3.3.1.jar:/home/runner/.m2/repository/org/apache/hadoop/hadoop-yarn-common/3.3.1/hadoop-yarn-common-3.3.1.jar:/home/runner/.m2/repository/org/apache/hadoop/hadoop-yarn-api/3.3.1/hadoop-yarn-api-3.3.1.jar:/home/runner/.m2/repository/com/sun/jersey/jersey-client/1.19/jersey-client-1.19.jar:/home/runner/.m2/repository/com/sun/jersey/contribs/jersey-guice/1.19/jersey-guice-1.19.jar:/home/runner/.m2/repository/com/fasterxml/jackson/jaxrs/jackson-jaxrs-json-provider/2.12.1/jackson-jaxrs-json-provider-2.12.1.jar:/home/runner/.m2/repository/com/fasterxml/jackson/jaxrs/jackson-jaxrs-base/2.12.1/jackson-jaxrs-base-2.12.1.jar:/home/runner/.m2/repository/org/apache/hadoop/hadoop-yarn-client/3.3.1/hadoop-yarn-client-3.3.1.jar:/home/runner/.m2/repository/org/eclipse/jetty/websocket/websocket-client/9.4.40.v20210413/websocket-client-9.4.40.v20210413.jar:/home/runner/.m2/repository/org/eclipse/jetty/jetty-client/9.4.40.v20210413/jetty-client-9.4.40.v20210413.jar:/home/runner/.m2/repository/org/eclipse/jetty/websocket/websocket-common/9.4.40.v20210413/websocket-common-9.4.40.v20210413.jar:/home/runner/.m2/repository/org/eclipse/jetty/websocket/websocket-api/9.4.40.v20210413/websocket-api-9.4.40.v20210413.jar:/home/runner/.m2/repository/org/jline/jline/3.9.0/jline-3.9.0.jar:/home/runner/.m2/repository/org/apache/hadoop/hadoop-mapreduce-client-core/3.3.1/hadoop-mapreduce-client-core-3.3.1.jar:/home/runner/.m2/repository/org/apache/avro/avro/1.7.7/avro-1.7.7.jar:/home/runner/.m2/repository/org/codehaus/jackson/jackson-core-asl/1.9.13/jackson-core-asl-1.9.13.jar:/home/runner/.m2/repository/org/codehaus/jackson/jackson-mapper-asl/1.9.13/jackson-mapper-asl-1.9.13.jar:/home/runner/.m2/repository/com/thoughtworks/paranamer/paranamer/2.3/paranamer-2.3.jar:/home/runner/.m2/repository/org/apache/hadoop/hadoop-annotations/3.3.1/hadoop-annotations-3.3.1.jar:/usr/lib/jvm/adoptopenjdk-8-hotspot-amd64/jre/../lib/tools.jar:/home/runner/.m2/repository/org/apache/hadoop/hadoop-distcp/3.3.1/hadoop-distcp-3.3.1-tests.jar:/home/runner/.m2/repository/org/apache/ratis/ratis-common/2.2.0/ratis-common-2.2.0.jar:/home/runner/.m2/repository/org/apache/ratis/ratis-thirdparty-misc/0.7.0/ratis-thirdparty-misc-0.7.0.jar:/home/runner/.m2/repository/org/apache/ratis/ratis-proto/2.2.0/ratis-proto-2.2.0.jar:"/>
    <property name="sun.cpu.endian" value="little"/>
    <property name="user.home" value="/home/runner"/>
    <property name="user.language" value="en"/>
    <property name="java.specification.vendor" value="Oracle Corporation"/>
    <property name="java.home" value="/usr/lib/jvm/adoptopenjdk-8-hotspot-amd64/jre"/>
    <property name="java.security.krb5.conf" value="/home/runner/work/ozone/ozone/hadoop-ozone/integration-test/target/test-classes/krb5.conf"/>
    <property name="basedir" value="/home/runner/work/ozone/ozone/hadoop-ozone/integration-test"/>
    <property name="file.separator" value="/"/>
    <property name="line.separator" value="&#10;"/>
    <property name="java.vm.specification.vendor" value="Oracle Corporation"/>
    <property name="java.specification.name" value="Java Platform API Specification"/>
    <property name="java.awt.graphicsenv" value="sun.awt.X11GraphicsEnvironment"/>
    <property name="skip.installnpx" value="true"/>
    <property name="surefire.real.class.path" value="/home/runner/work/ozone/ozone/hadoop-ozone/integration-test/target/surefire/surefirebooter1414960038465860239.jar:/home/runner/.m2/repository/org/jacoco/org.jacoco.agent/0.8.5/org.jacoco.agent-0.8.5-runtime.jar"/>
    <property name="hadoop.log.dir" value="/home/runner/work/ozone/ozone/hadoop-ozone/integration-test/target/log"/>
    <property name="sun.boot.class.path" value="/usr/lib/jvm/adoptopenjdk-8-hotspot-amd64/jre/lib/resources.jar:/usr/lib/jvm/adoptopenjdk-8-hotspot-amd64/jre/lib/rt.jar:/usr/lib/jvm/adoptopenjdk-8-hotspot-amd64/jre/lib/sunrsasign.jar:/usr/lib/jvm/adoptopenjdk-8-hotspot-amd64/jre/lib/jsse.jar:/usr/lib/jvm/adoptopenjdk-8-hotspot-amd64/jre/lib/jce.jar:/usr/lib/jvm/adoptopenjdk-8-hotspot-amd64/jre/lib/charsets.jar:/usr/lib/jvm/adoptopenjdk-8-hotspot-amd64/jre/lib/jfr.jar:/usr/lib/jvm/adoptopenjdk-8-hotspot-amd64/jre/classes"/>
    <property name="sun.management.compiler" value="HotSpot 64-Bit Tiered Compilers"/>
    <property name="skip.npx" value="true"/>
    <property name="java.runtime.version" value="1.8.0_292-b10"/>
    <property name="java.net.preferIPv4Stack" value="true"/>
    <property name="user.name" value="runner"/>
    <property name="path.separator" value=":"/>
    <property name="java.security.egd" value="file:///dev/urandom"/>
    <property name="os.version" value="5.4.0-1064-azure"/>
    <property name="java.endorsed.dirs" value="/usr/lib/jvm/adoptopenjdk-8-hotspot-amd64/jre/lib/endorsed"/>
    <property name="java.runtime.name" value="OpenJDK Runtime Environment"/>
    <property name="file.encoding" value="UTF-8"/>
    <property name="java.vm.name" value="OpenJDK 64-Bit Server VM"/>
    <property name="test.build.webapps" value=""/>
    <property name="localRepository" value="/home/runner/.m2/repository"/>
    <property name="java.vendor.url.bug" value="https://github.com/AdoptOpenJDK/openjdk-support/issues"/>
    <property name="java.io.tmpdir" value="/tmp"/>
    <property name="require.test.libhadoop" value=""/>
    <property name="java.version" value="1.8.0_292"/>
    <property name="user.dir" value="/home/runner/work/ozone/ozone/hadoop-ozone/integration-test"/>
    <property name="os.arch" value="amd64"/>
    <property name="java.vm.specification.name" value="Java Virtual Machine Specification"/>
    <property name="test.build.classes" value="/home/runner/work/ozone/ozone/hadoop-ozone/integration-test/target/test-classes"/>
    <property name="java.awt.printerjob" value="sun.print.PSPrinterJob"/>
    <property name="sun.os.patch.level" value="unknown"/>
    <property name="hadoop.tmp.dir" value="/home/runner/work/ozone/ozone/hadoop-ozone/integration-test/target/tmp"/>
    <property name="java.library.path" value="/usr/java/packages/lib/amd64:/usr/lib64:/lib64:/lib:/usr/lib"/>
    <property name="java.vm.info" value="mixed mode"/>
    <property name="java.vendor" value="AdoptOpenJDK"/>
    <property name="java.vm.version" value="25.292-b10"/>
    <property name="java.ext.dirs" value="/usr/lib/jvm/adoptopenjdk-8-hotspot-amd64/jre/lib/ext:/usr/java/packages/lib/ext"/>
    <property name="sun.io.unicode.encoding" value="UnicodeLittle"/>
    <property name="java.class.version" value="52.0"/>
  </properties>
  <testcase name="testMultipleDataDirs" classname="org.apache.hadoop.ozone.TestMiniOzoneCluster" time="23.391"/>
  <testcase name="testStartMultipleDatanodes" classname="org.apache.hadoop.ozone.TestMiniOzoneCluster" time="80.228">
    <error message="test timed out after 60000 milliseconds" type="org.junit.runners.model.TestTimedOutException">org.junit.runners.model.TestTimedOutException: test timed out after 60000 milliseconds
	at java.lang.Thread.sleep(Native Method)
	at org.apache.ozone.test.GenericTestUtils.waitFor(GenericTestUtils.java:218)
	at org.apache.hadoop.ozone.MiniOzoneClusterImpl.waitForClusterToBeReady(MiniOzoneClusterImpl.java:228)
	at org.apache.hadoop.ozone.TestMiniOzoneCluster.testStartMultipleDatanodes(TestMiniOzoneCluster.java:119)
	at sun.reflect.NativeMethodAccessorImpl.invoke0(Native Method)
	at sun.reflect.NativeMethodAccessorImpl.invoke(NativeMethodAccessorImpl.java:62)
	at sun.reflect.DelegatingMethodAccessorImpl.invoke(DelegatingMethodAccessorImpl.java:43)
	at java.lang.reflect.Method.invoke(Method.java:498)
	at org.junit.runners.model.FrameworkMethod$1.runReflectiveCall(FrameworkMethod.java:59)
	at org.junit.internal.runners.model.ReflectiveCallable.run(ReflectiveCallable.java:12)
	at org.junit.runners.model.FrameworkMethod.invokeExplosively(FrameworkMethod.java:56)
	at org.junit.internal.runners.statements.InvokeMethod.evaluate(InvokeMethod.java:17)
	at org.junit.internal.runners.statements.FailOnTimeout$CallableStatement.call(FailOnTimeout.java:288)
	at org.junit.internal.runners.statements.FailOnTimeout$CallableStatement.call(FailOnTimeout.java:282)
	at java.util.concurrent.FutureTask.run(FutureTask.java:266)
	at java.lang.Thread.run(Thread.java:748)
</error>
    <system-out><![CDATA[2022-01-11 15:47:03,793 [Time-limited test] WARN  server.ServerUtils (ServerUtils.java:getScmDbDir(148)) - ozone.scm.db.dirs is not configured. We recommend adding this setting. Falling back to ozone.metadata.dirs instead.
2022-01-11 15:47:03,796 [Time-limited test] INFO  ha.SCMHANodeDetails (SCMHANodeDetails.java:loadSCMHAConfig(157)) - ServiceID for StorageContainerManager is null
2022-01-11 15:47:03,796 [Time-limited test] INFO  ha.SCMHANodeDetails (SCMHANodeDetails.java:loadSCMHAConfig(162)) - ozone.scm.default.service.id is not defined, falling back to ozone.scm.service.ids to find serviceID for StorageContainerManager if it is HA enabled cluster
2022-01-11 15:47:03,800 [Time-limited test] WARN  server.ServerUtils (ServerUtils.java:getScmDbDir(148)) - ozone.scm.db.dirs is not configured. We recommend adding this setting. Falling back to ozone.metadata.dirs instead.
2022-01-11 15:47:03,803 [Time-limited test] INFO  upgrade.AbstractLayoutVersionManager (AbstractLayoutVersionManager.java:init(79)) - Initializing Layout version manager with metadata layout = SCM_HA (version = 2), software layout = SCM_HA (version = 2)
2022-01-11 15:47:03,896 [Time-limited test] INFO  reflections.Reflections (Reflections.java:scan(232)) - Reflections took 85 ms to scan 7 urls, producing 119 keys and 279 values 
2022-01-11 15:47:03,903 [Time-limited test] WARN  utils.HAUtils (HAUtils.java:getMetaDir(342)) - ozone.scm.db.dirs is not configured. We recommend adding this setting. Falling back to ozone.metadata.dirs instead.
2022-01-11 15:47:03,906 [Time-limited test] WARN  db.DBStoreBuilder (DBStoreBuilder.java:applyDBDefinition(145)) - ozone.scm.db.dirs is not configured. We recommend adding this setting. Falling back to ozone.metadata.dirs instead.
2022-01-11 15:47:04,002 [Time-limited test] INFO  net.NodeSchemaLoader (NodeSchemaLoader.java:loadSchemaFromFile(129)) - Loading schema from [jar:file:/home/runner/.m2/repository/org/apache/ozone/hdds-common/1.3.0-SNAPSHOT/hdds-common-1.3.0-SNAPSHOT.jar!/network-topology-default.xml]
2022-01-11 15:47:04,003 [Time-limited test] INFO  net.NodeSchemaLoader (NodeSchemaLoader.java:loadSchema(176)) - Loading network topology layer schema file
2022-01-11 15:47:04,007 [Time-limited test] INFO  ha.SequenceIdGenerator (SequenceIdGenerator.java:upgradeToSequenceId(347)) - upgrade localId to 109611004723200000
2022-01-11 15:47:04,007 [Time-limited test] INFO  ha.SequenceIdGenerator (SequenceIdGenerator.java:upgradeToSequenceId(357)) - upgrade delTxnId to 0
2022-01-11 15:47:04,007 [Time-limited test] INFO  ha.SequenceIdGenerator (SequenceIdGenerator.java:upgradeToSequenceId(371)) - upgrade containerId to 0
2022-01-11 15:47:04,007 [Time-limited test] INFO  ha.SequenceIdGenerator (SequenceIdGenerator.java:<init>(218)) - Init the HA SequenceIdGenerator.
2022-01-11 15:47:04,008 [Time-limited test] WARN  server.ServerUtils (ServerUtils.java:sanitizeUserArgs(73)) - ozone.scm.stale.node.interval value = 300000 is larger than max = 100000 based on the key value of ozone.scm.heartbeat.thread.interval, reset to the max value 100000.
2022-01-11 15:47:04,008 [Time-limited test] WARN  server.ServerUtils (ServerUtils.java:sanitizeUserArgs(73)) - ozone.scm.stale.node.interval value = 300000 is larger than max = 100000 based on the key value of ozone.scm.heartbeat.thread.interval, reset to the max value 100000.
2022-01-11 15:47:04,013 [Time-limited test] INFO  node.SCMNodeManager (SCMNodeManager.java:<init>(144)) - Entering startup safe mode.
2022-01-11 15:47:04,014 [Time-limited test] INFO  algorithms.ContainerPlacementPolicyFactory (ContainerPlacementPolicyFactory.java:getPolicy(60)) - Create container placement policy of type org.apache.hadoop.hdds.scm.container.placement.algorithms.SCMContainerPlacementRandom
2022-01-11 15:47:04,014 [Time-limited test] INFO  pipeline.PipelineStateManagerImpl (PipelineStateManagerImpl.java:initialize(78)) - No pipeline exists in current db
2022-01-11 15:47:04,014 [Time-limited test] INFO  algorithms.LeaderChoosePolicyFactory (LeaderChoosePolicyFactory.java:getPolicy(57)) - Create leader choose policy of type org.apache.hadoop.hdds.scm.pipeline.leader.choose.algorithms.MinLeaderCountChoosePolicy
2022-01-11 15:47:04,014 [Time-limited test] INFO  ha.SCMServiceManager (SCMServiceManager.java:register(43)) - Registering service BackgroundPipelineCreator.
2022-01-11 15:47:04,014 [Time-limited test] INFO  pipeline.BackgroundPipelineCreator (BackgroundPipelineCreator.java:start(130)) - Starting RatisPipelineUtilsThread.
2022-01-11 15:47:04,015 [Time-limited test] INFO  algorithms.PipelineChoosePolicyFactory (PipelineChoosePolicyFactory.java:createPipelineChoosePolicyFromClass(73)) - Create pipeline choose policy of type org.apache.hadoop.hdds.scm.pipeline.choose.algorithms.RandomPipelineChoosePolicy
2022-01-11 15:47:04,016 [Time-limited test] INFO  ha.SCMServiceManager (SCMServiceManager.java:register(43)) - Registering service SCMBlockDeletingService.
2022-01-11 15:47:04,016 [Time-limited test] INFO  ha.SCMServiceManager (SCMServiceManager.java:register(43)) - Registering service ReplicationManager.
2022-01-11 15:47:04,017 [Time-limited test] INFO  container.ReplicationManager (ReplicationManager.java:start(319)) - Starting Replication Monitor Thread.
2022-01-11 15:47:04,017 [Time-limited test] INFO  safemode.ContainerSafeModeRule (ContainerSafeModeRule.java:<init>(89)) - containers with one replica threshold count 0
2022-01-11 15:47:04,018 [Time-limited test] INFO  safemode.HealthyPipelineSafeModeRule (HealthyPipelineSafeModeRule.java:initializeRule(156)) - Total pipeline count is 0, healthy pipeline threshold count is 1
2022-01-11 15:47:04,018 [Time-limited test] INFO  safemode.OneReplicaPipelineSafeModeRule (OneReplicaPipelineSafeModeRule.java:initializeRule(180)) - Total pipeline count is 0, pipeline's with at least one datanode reported threshold count is 0
2022-01-11 15:47:04,019 [Time-limited test] INFO  ipc.CallQueueManager (CallQueueManager.java:<init>(90)) - Using callQueue: class java.util.concurrent.LinkedBlockingQueue, queueCapacity: 2000, scheduler: class org.apache.hadoop.ipc.DefaultRpcScheduler, ipcBackoff: false.
2022-01-11 15:47:04,020 [Socket Reader #1 for port 0] INFO  ipc.Server (Server.java:run(1265)) - Starting Socket Reader #1 for port 0
2022-01-11 15:47:04,021 [Listener at 0.0.0.0/34561] INFO  ipc.CallQueueManager (CallQueueManager.java:<init>(90)) - Using callQueue: class java.util.concurrent.LinkedBlockingQueue, queueCapacity: 2000, scheduler: class org.apache.hadoop.ipc.DefaultRpcScheduler, ipcBackoff: false.
2022-01-11 15:47:04,023 [Socket Reader #1 for port 0] INFO  ipc.Server (Server.java:run(1265)) - Starting Socket Reader #1 for port 0
2022-01-11 15:47:04,024 [Listener at 0.0.0.0/40587] INFO  ipc.CallQueueManager (CallQueueManager.java:<init>(90)) - Using callQueue: class java.util.concurrent.LinkedBlockingQueue, queueCapacity: 2000, scheduler: class org.apache.hadoop.ipc.DefaultRpcScheduler, ipcBackoff: false.
2022-01-11 15:47:04,025 [Socket Reader #1 for port 0] INFO  ipc.Server (Server.java:run(1265)) - Starting Socket Reader #1 for port 0
2022-01-11 15:47:04,032 [ReplicationMonitor] INFO  container.ReplicationManager (ReplicationManager.java:processAll(371)) - Replication Monitor Thread took 0 milliseconds for processing 0 containers.
2022-01-11 15:47:04,054 [Listener at 0.0.0.0/45397] INFO  algorithms.ContainerPlacementPolicyFactory (ContainerPlacementPolicyFactory.java:getPolicy(60)) - Create container placement policy of type org.apache.hadoop.hdds.scm.container.placement.algorithms.SCMContainerPlacementRandom
2022-01-11 15:47:04,059 [Listener at 0.0.0.0/45397] INFO  server.StorageContainerManager (StorageContainerManager.java:<init>(388)) - 
Container Balancer status:
Key                            Value
Running                        false
Container Balancer Configuration values:
Key                                                Value
Threshold                                          0.1
Max Datanodes to Involve per Iteration(ratio)      0.2
Max Size to Move per Iteration                     30GB
Max Size Entering Target per Iteration             26GB
Max Size Leaving Source per Iteration              26GB

2022-01-11 15:47:04,059 [Listener at 0.0.0.0/45397] WARN  events.EventQueue (EventQueue.java:fireEvent(194)) - No event handler registered for event TypedEvent{payloadType=SafeModeStatus, name='Safe mode status'}
2022-01-11 15:47:04,064 [Listener at 0.0.0.0/45397] INFO  ha.SCMContext (SCMContext.java:updateSafeModeStatus(211)) - Update SafeModeStatus from SafeModeStatus{safeModeStatus=true, preCheckPassed=false} to SafeModeStatus{safeModeStatus=true, preCheckPassed=false}.
2022-01-11 15:47:04,065 [Listener at 0.0.0.0/45397] INFO  server.StorageContainerManager (StorageContainerManager.java:start(1303)) - StorageContainerLocationProtocol RPC server is listening at /0.0.0.0:45397
2022-01-11 15:47:04,066 [Listener at 0.0.0.0/45397] WARN  impl.MetricsConfig (MetricsConfig.java:loadFirst(136)) - Cannot locate configuration: tried hadoop-metrics2-storagecontainermanager.properties,hadoop-metrics2.properties
2022-01-11 15:47:04,067 [Listener at 0.0.0.0/45397] INFO  impl.MetricsSystemImpl (MetricsSystemImpl.java:startTimer(378)) - Scheduled Metric snapshot period at 10 second(s).
2022-01-11 15:47:04,067 [Listener at 0.0.0.0/45397] INFO  impl.MetricsSystemImpl (MetricsSystemImpl.java:start(191)) - StorageContainerManager metrics system started
2022-01-11 15:47:04,089 [Listener at 0.0.0.0/45397] INFO  impl.MetricsSinkAdapter (MetricsSinkAdapter.java:start(204)) - Sink prometheus started
2022-01-11 15:47:04,089 [Listener at 0.0.0.0/45397] INFO  impl.MetricsSystemImpl (MetricsSystemImpl.java:registerSink(305)) - Registered sink prometheus
2022-01-11 15:47:04,118 [Listener at 0.0.0.0/45397] INFO  server.SCMClientProtocolServer (SCMClientProtocolServer.java:start(164)) - RPC server for Client  is listening at /0.0.0.0:45397
2022-01-11 15:47:04,120 [IPC Server Responder] INFO  ipc.Server (Server.java:run(1507)) - IPC Server Responder: starting
2022-01-11 15:47:04,127 [Listener at 0.0.0.0/45397] INFO  server.StorageContainerManager (StorageContainerManager.java:start(1318)) - ScmBlockLocationProtocol RPC server is listening at /0.0.0.0:40587
2022-01-11 15:47:04,130 [Listener at 0.0.0.0/45397] INFO  server.SCMBlockProtocolServer (SCMBlockProtocolServer.java:start(151)) - RPC server for Block Protocol is listening at /0.0.0.0:40587
2022-01-11 15:47:04,121 [IPC Server listener on 0] INFO  ipc.Server (Server.java:run(1344)) - IPC Server listener on 0: starting
2022-01-11 15:47:04,130 [IPC Server Responder] INFO  ipc.Server (Server.java:run(1507)) - IPC Server Responder: starting
2022-01-11 15:47:04,131 [IPC Server listener on 0] INFO  ipc.Server (Server.java:run(1344)) - IPC Server listener on 0: starting
2022-01-11 15:47:04,135 [Listener at 0.0.0.0/45397] INFO  server.SCMDatanodeProtocolServer (SCMDatanodeProtocolServer.java:start(181)) - ScmDatanodeProtocol RPC server for DataNodes is listening at /0.0.0.0:34561
2022-01-11 15:47:04,138 [IPC Server Responder] INFO  ipc.Server (Server.java:run(1507)) - IPC Server Responder: starting
2022-01-11 15:47:04,138 [IPC Server listener on 0] INFO  ipc.Server (Server.java:run(1344)) - IPC Server listener on 0: starting
2022-01-11 15:47:04,146 [Listener at 0.0.0.0/45397] INFO  http.BaseHttpServer (BaseHttpServer.java:newHttpServer2BuilderForOzone(209)) - Starting Web-server for scm at: http://0.0.0.0:0
2022-01-11 15:47:04,146 [Listener at 0.0.0.0/45397] INFO  http.BaseHttpServer (BaseHttpServer.java:<init>(107)) - Hadoop Security Enabled: false Ozone Security Enabled: false Ozone HTTP Security Enabled: false 
2022-01-11 15:47:04,147 [Listener at 0.0.0.0/45397] INFO  server.AuthenticationFilter (AuthenticationFilter.java:constructSecretProvider(240)) - Unable to initialize FileSignerSecretProvider, falling back to use random secrets.
2022-01-11 15:47:04,148 [org.apache.hadoop.util.JvmPauseMonitor$Monitor@187a8239] INFO  util.JvmPauseMonitor (JvmPauseMonitor.java:run(188)) - Starting JVM pause monitor
2022-01-11 15:47:04,148 [Listener at 0.0.0.0/45397] WARN  http.HttpRequestLog (HttpRequestLog.java:getRequestLog(103)) - Jetty request log can only be enabled using Log4j
2022-01-11 15:47:04,149 [Listener at 0.0.0.0/45397] INFO  http.HttpServer2 (HttpServer2.java:addGlobalFilter(1030)) - Added global filter 'safety' (class=org.apache.hadoop.hdds.server.http.HttpServer2$QuotingInputFilter)
2022-01-11 15:47:04,150 [Listener at 0.0.0.0/45397] INFO  http.HttpServer2 (HttpServer2.java:addFilter(1006)) - Added filter static_user_filter (class=org.apache.hadoop.http.lib.StaticUserWebFilter$StaticUserFilter) to context scm
2022-01-11 15:47:04,150 [Listener at 0.0.0.0/45397] INFO  http.HttpServer2 (HttpServer2.java:addFilter(1014)) - Added filter static_user_filter (class=org.apache.hadoop.http.lib.StaticUserWebFilter$StaticUserFilter) to context static
2022-01-11 15:47:04,150 [Listener at 0.0.0.0/45397] INFO  http.HttpServer2 (HttpServer2.java:addFilter(1014)) - Added filter static_user_filter (class=org.apache.hadoop.http.lib.StaticUserWebFilter$StaticUserFilter) to context logs
2022-01-11 15:47:04,150 [Listener at 0.0.0.0/45397] INFO  http.HttpServer2 (HttpServer2.java:bindListener(1249)) - Jetty bound to port 46339
2022-01-11 15:47:04,151 [Listener at 0.0.0.0/45397] INFO  server.Server (Server.java:doStart(375)) - jetty-9.4.43.v20210629; built: 2021-06-30T11:07:22.254Z; git: 526006ecfa3af7f1a27ef3a288e2bef7ea9dd7e8; jvm 1.8.0_292-b10
2022-01-11 15:47:04,160 [Listener at 0.0.0.0/45397] INFO  server.session (DefaultSessionIdManager.java:doStart(334)) - DefaultSessionIdManager workerName=node0
2022-01-11 15:47:04,160 [Listener at 0.0.0.0/45397] INFO  server.session (DefaultSessionIdManager.java:doStart(339)) - No SessionScavenger set, using defaults
2022-01-11 15:47:04,161 [Listener at 0.0.0.0/45397] INFO  server.session (HouseKeeper.java:startScavenging(132)) - node0 Scavenging every 600000ms
2022-01-11 15:47:04,170 [Listener at 0.0.0.0/45397] INFO  handler.ContextHandler (ContextHandler.java:doStart(915)) - Started o.e.j.s.ServletContextHandler@310bb2a5{logs,/logs,file:///home/runner/work/ozone/ozone/hadoop-ozone/integration-test/target/log,AVAILABLE}
2022-01-11 15:47:04,170 [Listener at 0.0.0.0/45397] INFO  handler.ContextHandler (ContextHandler.java:doStart(915)) - Started o.e.j.s.ServletContextHandler@47d25a76{static,/static,file:///home/runner/work/ozone/ozone/hadoop-ozone/integration-test/target/test-classes/webapps/static,AVAILABLE}
2022-01-11 15:47:04,175 [Listener at 0.0.0.0/45397] INFO  handler.ContextHandler (ContextHandler.java:doStart(915)) - Started o.e.j.w.WebAppContext@2bfc27b5{scm,/,file:///home/runner/work/ozone/ozone/hadoop-ozone/integration-test/target/test-classes/webapps/scm/,AVAILABLE}{file:/home/runner/work/ozone/ozone/hadoop-ozone/integration-test/target/test-classes/webapps/scm}
2022-01-11 15:47:04,178 [Listener at 0.0.0.0/45397] INFO  server.AbstractConnector (AbstractConnector.java:doStart(331)) - Started ServerConnector@62496efa{HTTP/1.1, (http/1.1)}{0.0.0.0:46339}
2022-01-11 15:47:04,179 [Listener at 0.0.0.0/45397] INFO  server.Server (Server.java:doStart(415)) - Started @24910ms
2022-01-11 15:47:04,179 [Listener at 0.0.0.0/45397] WARN  impl.MetricsSystemImpl (MetricsSystemImpl.java:register(279)) - Sink prometheus already exists!
2022-01-11 15:47:04,179 [Listener at 0.0.0.0/45397] INFO  http.BaseHttpServer (BaseHttpServer.java:updateConnectorAddress(329)) - HTTP server of scm listening at http://0.0.0.0:46339
2022-01-11 15:47:04,181 [Listener at 0.0.0.0/45397] WARN  server.ServerUtils (ServerUtils.java:getDBPath(225)) - ozone.om.db.dirs is not configured. We recommend adding this setting. Falling back to ozone.metadata.dirs instead.
2022-01-11 15:47:04,183 [Listener at 0.0.0.0/45397] INFO  ha.OMHANodeDetails (OMHANodeDetails.java:loadOMHAConfig(112)) - ozone.om.internal.service.id is not defined, falling back to ozone.om.service.ids to find serviceID for OzoneManager if it is HA enabled cluster
2022-01-11 15:47:04,183 [Listener at 0.0.0.0/45397] INFO  ha.OMHANodeDetails (OMHANodeDetails.java:loadOMHAConfig(218)) - Configuration does not have ozone.om.address set. Falling back to the default OM address /127.0.0.1:0
2022-01-11 15:47:04,183 [Listener at 0.0.0.0/45397] INFO  ha.OMHANodeDetails (OMHANodeDetails.java:getOMNodeDetailsForNonHA(246)) - OM Service ID is not set. Setting it to the default ID: omServiceIdDefault
2022-01-11 15:47:04,183 [Listener at 0.0.0.0/45397] INFO  ha.OMHANodeDetails (OMHANodeDetails.java:getOMNodeDetailsForNonHA(253)) - OM Node ID is not set. Setting it to the default ID: om1
2022-01-11 15:47:04,183 [Listener at 0.0.0.0/45397] WARN  server.ServerUtils (ServerUtils.java:getDBPath(225)) - ozone.om.db.dirs is not configured. We recommend adding this setting. Falling back to ozone.metadata.dirs instead.
2022-01-11 15:47:04,183 [Listener at 0.0.0.0/45397] INFO  upgrade.AbstractLayoutVersionManager (AbstractLayoutVersionManager.java:init(79)) - Initializing Layout version manager with metadata layout = INITIAL_VERSION (version = 0), software layout = INITIAL_VERSION (version = 0)
2022-01-11 15:47:04,262 [Listener at 0.0.0.0/45397] INFO  reflections.Reflections (Reflections.java:scan(232)) - Reflections took 78 ms to scan 2 urls, producing 133 keys and 345 values [using 2 cores]
2022-01-11 15:47:04,263 [Listener at 0.0.0.0/45397] INFO  upgrade.OMLayoutVersionManager (OMLayoutVersionManager.java:lambda$0(115)) - Skipping Upgrade Action MockOmUpgradeAction since it has been finalized.
2022-01-11 15:47:04,263 [Listener at 0.0.0.0/45397] WARN  server.ServerUtils (ServerUtils.java:getDBPath(225)) - ozone.om.db.dirs is not configured. We recommend adding this setting. Falling back to ozone.metadata.dirs instead.
2022-01-11 15:47:04,274 [Listener at 0.0.0.0/45397] WARN  server.ServerUtils (ServerUtils.java:getDBPath(225)) - ozone.om.db.dirs is not configured. We recommend adding this setting. Falling back to ozone.metadata.dirs instead.
2022-01-11 15:47:04,275 [Listener at 0.0.0.0/45397] INFO  codec.OmKeyInfoCodec (OmKeyInfoCodec.java:<init>(50)) - OmKeyInfoCodec ignorePipeline = true
2022-01-11 15:47:04,275 [Listener at 0.0.0.0/45397] INFO  codec.RepeatedOmKeyInfoCodec (RepeatedOmKeyInfoCodec.java:<init>(42)) - RepeatedOmKeyInfoCodec ignorePipeline = true
2022-01-11 15:47:04,391 [Listener at 0.0.0.0/45397] INFO  om.OzoneManager (OzoneManager.java:addS3GVolumeToDB(3728)) - Created Volume s3v With Owner runner required for S3Gateway operations.
2022-01-11 15:47:04,392 [Listener at 0.0.0.0/45397] WARN  server.ServerUtils (ServerUtils.java:getDefaultRatisDirectory(237)) - Storage directory for Ratis is not configured. It is a good idea to map this to an SSD disk. Falling back to ozone.metadata.dirs
2022-01-11 15:47:04,392 [Listener at 0.0.0.0/45397] WARN  utils.OzoneManagerRatisUtils (OzoneManagerRatisUtils.java:getOMRatisSnapshotDirectory(323)) - ozone.om.ratis.snapshot.dir is not configured. Falling back to ozone.metadata.dirs config
2022-01-11 15:47:04,392 [Listener at 0.0.0.0/45397] WARN  server.ServerUtils (ServerUtils.java:getDefaultRatisDirectory(237)) - Storage directory for Ratis is not configured. It is a good idea to map this to an SSD disk. Falling back to ozone.metadata.dirs
2022-01-11 15:47:04,399 [Listener at 0.0.0.0/45397] INFO  ratis.OzoneManagerRatisServer (OzoneManagerRatisServer.java:<init>(159)) - Instantiating OM Ratis server with groupID: omServiceIdDefault and peers: localhost:9872
2022-01-11 15:47:04,399 [Listener at 0.0.0.0/45397] INFO  ratis.OzoneManagerStateMachine (OzoneManagerStateMachine.java:loadSnapshotInfoFromDB(605)) - LastAppliedIndex is set from TransactionInfo from OM DB as (t:0, i:~)
2022-01-11 15:47:04,400 [Listener at 0.0.0.0/45397] INFO  server.RaftServer (ConfUtils.java:logGet(44)) - raft.rpc.type = GRPC (default)
2022-01-11 15:47:04,402 [Listener at 0.0.0.0/45397] INFO  grpc.GrpcFactory (GrpcFactory.java:checkPooledByteBufAllocatorUseCacheForAllThreads(48)) - PERFORMANCE WARNING: useCacheForAllThreads is true that may cause Netty to create a lot garbage objects and, as a result, trigger GC.
	It is recommended to disable useCacheForAllThreads by setting -Dorg.apache.ratis.thirdparty.io.netty.allocator.useCacheForAllThreads=false in command line.
2022-01-11 15:47:04,402 [Listener at 0.0.0.0/45397] INFO  grpc.GrpcConfigKeys (ConfUtils.java:logGet(44)) - raft.grpc.admin.port = -1 (default)
2022-01-11 15:47:04,402 [Listener at 0.0.0.0/45397] INFO  grpc.GrpcConfigKeys (ConfUtils.java:logGet(44)) - raft.grpc.server.port = 9872 (custom)
2022-01-11 15:47:04,402 [Listener at 0.0.0.0/45397] INFO  grpc.GrpcConfigKeys (ConfUtils.java:logGet(44)) - raft.grpc.client.port = -1 (default)
2022-01-11 15:47:04,402 [Listener at 0.0.0.0/45397] INFO  grpc.GrpcConfigKeys (ConfUtils.java:logGet(44)) - raft.grpc.server.port = 9872 (custom)
2022-01-11 15:47:04,402 [Listener at 0.0.0.0/45397] INFO  grpc.GrpcConfigKeys (ConfUtils.java:logGet(44)) - raft.grpc.server.port = 9872 (custom)
2022-01-11 15:47:04,402 [Listener at 0.0.0.0/45397] INFO  server.GrpcService (ConfUtils.java:logGet(44)) - raft.grpc.message.size.max = 33554432 (custom)
2022-01-11 15:47:04,402 [Listener at 0.0.0.0/45397] INFO  server.RaftServerConfigKeys (ConfUtils.java:logGet(44)) - raft.server.log.appender.buffer.byte-limit = 33554432 (custom)
2022-01-11 15:47:04,402 [Listener at 0.0.0.0/45397] INFO  server.GrpcService (ConfUtils.java:logGet(44)) - raft.grpc.flow.control.window = 1MB (=1048576) (default)
2022-01-11 15:47:04,402 [Listener at 0.0.0.0/45397] INFO  server.RaftServerConfigKeys (ConfUtils.java:logGet(44)) - raft.server.rpc.request.timeout = 3000ms (default)
2022-01-11 15:47:04,404 [Listener at 0.0.0.0/45397] INFO  impl.DataStreamServerImpl (ConfUtils.java:logGet(44)) - raft.datastream.type = DISABLED (default)
2022-01-11 15:47:04,404 [Listener at 0.0.0.0/45397] INFO  server.RaftServerConfigKeys (ConfUtils.java:logGet(44)) - raft.server.rpc.slowness.timeout = 120s (custom)
2022-01-11 15:47:04,404 [Listener at 0.0.0.0/45397] INFO  server.RaftServerConfigKeys (ConfUtils.java:logGet(44)) - raft.server.leaderelection.leader.step-down.wait-time = 10s (default)
2022-01-11 15:47:04,404 [Listener at 0.0.0.0/45397] INFO  server.RaftServerConfigKeys (ConfUtils.java:logGet(44)) - raft.server.storage.dir = [/home/runner/work/ozone/ozone/hadoop-ozone/integration-test/target/test-dir/MiniOzoneClusterImpl-fae222aa-c845-448a-91ca-36ac3ba36394/ozone-meta/ratis] (custom)
2022-01-11 15:47:04,407 [Listener at 0.0.0.0/45397] INFO  server.RaftServer (RaftServerProxy.java:addNew(95)) - om1: addNew group-C5BA1605619E:[om1|rpc:localhost:9872|priority:0] returns group-C5BA1605619E:java.util.concurrent.CompletableFuture@3297a303[Not completed]
2022-01-11 15:47:04,407 [Listener at 0.0.0.0/45397] INFO  om.OzoneManager (OzoneManager.java:initializeRatisServer(1834)) - OzoneManager Ratis server initialized at port 9872
2022-01-11 15:47:04,408 [Listener at 0.0.0.0/45397] INFO  ipc.CallQueueManager (CallQueueManager.java:<init>(90)) - Using callQueue: class java.util.concurrent.LinkedBlockingQueue, queueCapacity: 2000, scheduler: class org.apache.hadoop.ipc.DefaultRpcScheduler, ipcBackoff: false.
2022-01-11 15:47:04,414 [Socket Reader #1 for port 0] INFO  ipc.Server (Server.java:run(1265)) - Starting Socket Reader #1 for port 0
2022-01-11 15:47:04,414 [pool-111-thread-1] INFO  server.RaftServer$Division (RaftServerImpl.java:<init>(184)) - om1: new RaftServerImpl for group-C5BA1605619E:[om1|rpc:localhost:9872|priority:0] with OzoneManagerStateMachine:uninitialized
2022-01-11 15:47:04,422 [pool-111-thread-1] INFO  server.RaftServerConfigKeys (ConfUtils.java:logGet(44)) - raft.server.rpc.timeout.min = 1s (custom)
2022-01-11 15:47:04,422 [pool-111-thread-1] INFO  server.RaftServerConfigKeys (ConfUtils.java:logGet(44)) - raft.server.rpc.timeout.max = 1200ms (custom)
2022-01-11 15:47:04,422 [pool-111-thread-1] INFO  server.RaftServerConfigKeys (ConfUtils.java:logGet(44)) - raft.server.rpc.sleep.time = 25ms (default)
2022-01-11 15:47:04,422 [pool-111-thread-1] INFO  server.RaftServerConfigKeys (ConfUtils.java:logGet(44)) - raft.server.rpc.slowness.timeout = 120s (custom)
2022-01-11 15:47:04,422 [pool-111-thread-1] INFO  server.RaftServerConfigKeys (ConfUtils.java:logGet(44)) - raft.server.leaderelection.leader.step-down.wait-time = 10s (default)
2022-01-11 15:47:04,422 [pool-111-thread-1] INFO  server.RaftServerConfigKeys (ConfUtils.java:logGet(44)) - raft.server.sleep.deviation.threshold = 300ms (default)
2022-01-11 15:47:04,422 [pool-111-thread-1] INFO  server.RaftServerConfigKeys (ConfUtils.java:logGet(44)) - raft.server.log.appender.install.snapshot.enabled = false (custom)
2022-01-11 15:47:04,422 [pool-111-thread-1] INFO  server.RaftServer$Division (ServerState.java:<init>(105)) - om1@group-C5BA1605619E: ConfigurationManager, init=-1: [om1|rpc:localhost:9872|priority:0], old=null, confs=<EMPTY_MAP>
2022-01-11 15:47:04,422 [pool-111-thread-1] INFO  server.RaftServerConfigKeys (ConfUtils.java:logGet(44)) - raft.server.storage.dir = [/home/runner/work/ozone/ozone/hadoop-ozone/integration-test/target/test-dir/MiniOzoneClusterImpl-fae222aa-c845-448a-91ca-36ac3ba36394/ozone-meta/ratis] (custom)
2022-01-11 15:47:04,422 [pool-111-thread-1] INFO  server.RaftServerConfigKeys (ConfUtils.java:logGet(44)) - raft.server.log.corruption.policy = EXCEPTION (default)
2022-01-11 15:47:04,422 [pool-111-thread-1] INFO  server.RaftServerConfigKeys (ConfUtils.java:logGet(44)) - raft.server.storage.free-space.min = 0MB (=0) (default)
2022-01-11 15:47:04,423 [pool-111-thread-1] INFO  storage.RaftStorageDirectory (RaftStorageDirectoryImpl.java:analyzeStorage(135)) - The storage directory /home/runner/work/ozone/ozone/hadoop-ozone/integration-test/target/test-dir/MiniOzoneClusterImpl-fae222aa-c845-448a-91ca-36ac3ba36394/ozone-meta/ratis/bf265839-605b-3f16-9796-c5ba1605619e does not exist. Creating ...
2022-01-11 15:47:04,427 [pool-111-thread-1] INFO  storage.RaftStorageDirectory (RaftStorageDirectoryImpl.java:tryLock(230)) - Lock on /home/runner/work/ozone/ozone/hadoop-ozone/integration-test/target/test-dir/MiniOzoneClusterImpl-fae222aa-c845-448a-91ca-36ac3ba36394/ozone-meta/ratis/bf265839-605b-3f16-9796-c5ba1605619e/in_use.lock acquired by nodename 25112@fv-az50-677
2022-01-11 15:47:04,435 [pool-111-thread-1] INFO  storage.RaftStorage (RaftStorageImpl.java:format(89)) - Storage directory /home/runner/work/ozone/ozone/hadoop-ozone/integration-test/target/test-dir/MiniOzoneClusterImpl-fae222aa-c845-448a-91ca-36ac3ba36394/ozone-meta/ratis/bf265839-605b-3f16-9796-c5ba1605619e has been successfully formatted.
2022-01-11 15:47:04,436 [pool-111-thread-1] INFO  server.RaftServerConfigKeys (ConfUtils.java:logGet(44)) - raft.server.notification.no-leader.timeout = 120s (custom)
2022-01-11 15:47:04,436 [pool-111-thread-1] INFO  server.RaftServerConfigKeys (ConfUtils.java:logGet(44)) - raft.server.log.use.memory = false (default)
2022-01-11 15:47:04,437 [pool-111-thread-1] INFO  server.RaftServerConfigKeys (ConfUtils.java:logGet(44)) - raft.server.log.purge.gap = 1000000 (custom)
2022-01-11 15:47:04,437 [pool-111-thread-1] INFO  server.RaftServerConfigKeys (ConfUtils.java:logGet(44)) - raft.server.log.appender.buffer.byte-limit = 33554432 (custom)
2022-01-11 15:47:04,438 [pool-111-thread-1] INFO  server.RaftServerConfigKeys (ConfUtils.java:logGet(44)) - raft.server.log.segment.size.max = 4194304 (custom)
2022-01-11 15:47:04,438 [pool-111-thread-1] INFO  server.RaftServerConfigKeys (ConfUtils.java:logGet(44)) - raft.server.log.segment.cache.num.max = 2 (custom)
2022-01-11 15:47:04,438 [pool-111-thread-1] INFO  server.RaftServerConfigKeys (ConfUtils.java:logGet(44)) - raft.server.log.segment.cache.size.max = 200MB (=209715200) (default)
2022-01-11 15:47:04,438 [pool-111-thread-1] INFO  segmented.SegmentedRaftLogWorker (SegmentedRaftLogWorker.java:<init>(182)) - new om1@group-C5BA1605619E-SegmentedRaftLogWorker for RaftStorageImpl:Storage Directory /home/runner/work/ozone/ozone/hadoop-ozone/integration-test/target/test-dir/MiniOzoneClusterImpl-fae222aa-c845-448a-91ca-36ac3ba36394/ozone-meta/ratis/bf265839-605b-3f16-9796-c5ba1605619e
2022-01-11 15:47:04,439 [pool-111-thread-1] INFO  server.RaftServerConfigKeys (ConfUtils.java:logGet(44)) - raft.server.log.queue.byte-limit = 64MB (=67108864) (default)
2022-01-11 15:47:04,439 [pool-111-thread-1] INFO  server.RaftServerConfigKeys (ConfUtils.java:logGet(44)) - raft.server.log.queue.element-limit = 4096 (default)
2022-01-11 15:47:04,439 [pool-111-thread-1] INFO  server.RaftServerConfigKeys (ConfUtils.java:logGet(44)) - raft.server.log.segment.size.max = 4194304 (custom)
2022-01-11 15:47:04,439 [pool-111-thread-1] INFO  server.RaftServerConfigKeys (ConfUtils.java:logGet(44)) - raft.server.log.preallocated.size = 4194304 (custom)
2022-01-11 15:47:04,439 [pool-111-thread-1] INFO  server.RaftServerConfigKeys (ConfUtils.java:logGet(44)) - raft.server.log.force.sync.num = 128 (default)
2022-01-11 15:47:04,439 [pool-111-thread-1] INFO  server.RaftServerConfigKeys (ConfUtils.java:logGet(44)) - raft.server.log.statemachine.data.sync = true (default)
2022-01-11 15:47:04,439 [pool-111-thread-1] INFO  server.RaftServerConfigKeys (ConfUtils.java:logGet(44)) - raft.server.log.statemachine.data.sync.timeout = 10s (default)
2022-01-11 15:47:04,442 [pool-111-thread-1] INFO  server.RaftServerConfigKeys (ConfUtils.java:logGet(44)) - raft.server.log.statemachine.data.sync.timeout.retry = -1 (default)
2022-01-11 15:47:04,443 [pool-111-thread-1] INFO  server.RaftServerConfigKeys (ConfUtils.java:logGet(44)) - raft.server.log.write.buffer.size = 64KB (=65536) (default)
2022-01-11 15:47:04,444 [pool-111-thread-1] INFO  server.RaftServerConfigKeys (ConfUtils.java:logGet(44)) - raft.server.log.statemachine.data.caching.enabled = false (default)
2022-01-11 15:47:04,444 [pool-111-thread-1] INFO  segmented.SegmentedRaftLogWorker (SegmentedRaftLogWorker.java:lambda$new$0(133)) - om1@group-C5BA1605619E-SegmentedRaftLogWorker: flushIndex: setUnconditionally 0 -> -1
2022-01-11 15:47:04,444 [pool-111-thread-1] INFO  segmented.SegmentedRaftLogWorker (SegmentedRaftLogWorker.java:lambda$new$0(133)) - om1@group-C5BA1605619E-SegmentedRaftLogWorker: safeCacheEvictIndex: setUnconditionally 0 -> -1
2022-01-11 15:47:04,453 [pool-111-thread-1] INFO  server.RaftServerConfigKeys (ConfUtils.java:logGet(44)) - raft.server.snapshot.auto.trigger.enabled = true (custom)
2022-01-11 15:47:04,453 [pool-111-thread-1] INFO  server.RaftServerConfigKeys (ConfUtils.java:logGet(44)) - raft.server.snapshot.auto.trigger.threshold = 400000 (default)
2022-01-11 15:47:04,453 [pool-111-thread-1] INFO  server.RaftServerConfigKeys (ConfUtils.java:logGet(44)) - raft.server.snapshot.retention.file.num = -1 (default)
2022-01-11 15:47:04,453 [pool-111-thread-1] INFO  server.RaftServerConfigKeys (ConfUtils.java:logGet(44)) - raft.server.log.purge.upto.snapshot.index = true (custom)
2022-01-11 15:47:04,454 [pool-111-thread-1] INFO  server.RaftServerConfigKeys (ConfUtils.java:logGet(44)) - raft.server.retrycache.expirytime = 300s (custom)
2022-01-11 15:47:04,454 [pool-111-thread-1] INFO  server.RaftServerConfigKeys (ConfUtils.java:logGet(44)) - raft.server.retrycache.statistics.expirytime = 100μs (default)
2022-01-11 15:47:04,469 [Listener at 127.0.0.1/38029] INFO  impl.MetricsSystemImpl (MetricsSystemImpl.java:init(158)) - OzoneManager metrics system started (again)
2022-01-11 15:47:04,497 [Listener at 127.0.0.1/38029] INFO  om.OzoneManager (OzoneManager.java:start(1365)) - OzoneManager RPC server is listening at localhost/127.0.0.1:38029
2022-01-11 15:47:04,497 [Listener at 127.0.0.1/38029] INFO  ratis.OzoneManagerRatisServer (OzoneManagerRatisServer.java:start(554)) - Starting OzoneManagerRatisServer om1 at port 9872
2022-01-11 15:47:04,497 [Listener at 127.0.0.1/38029] INFO  server.RaftServer$Division (RaftServerImpl.java:start(301)) - om1@group-C5BA1605619E: start as a follower, conf=-1: [om1|rpc:localhost:9872|priority:0], old=null
2022-01-11 15:47:04,497 [Listener at 127.0.0.1/38029] INFO  server.RaftServer$Division (RaftServerImpl.java:setRole(290)) - om1@group-C5BA1605619E: changes role from      null to FOLLOWER at term 0 for startAsFollower
2022-01-11 15:47:04,497 [Listener at 127.0.0.1/38029] INFO  impl.RoleInfo (RoleInfo.java:updateAndGet(130)) - om1: start om1@group-C5BA1605619E-FollowerState
2022-01-11 15:47:04,498 [Listener at 127.0.0.1/38029] INFO  util.JmxRegister (JmxRegister.java:tryRegister(44)) - Successfully registered JMX Bean with object name Ratis:service=RaftServer,group=group-C5BA1605619E,id=om1
2022-01-11 15:47:04,502 [Listener at 127.0.0.1/38029] INFO  server.RaftServer (RaftServerProxy.java:lambda$start$5(374)) - om1: start RPC server
2022-01-11 15:47:04,505 [Listener at 127.0.0.1/38029] INFO  server.GrpcService (GrpcService.java:startImpl(253)) - om1: GrpcService started, listening on 9872
2022-01-11 15:47:04,505 [Listener at 127.0.0.1/38029] INFO  om.OzoneManager (OzoneManager.java:start(1381)) - Version File has different layout version (0) than OM DB (null). That is expected if this OM has never been finalized to a newer layout version.
2022-01-11 15:47:04,505 [org.apache.ratis.util.JvmPauseMonitor$$Lambda$539/1318588549@7219ab2f] INFO  util.JvmPauseMonitor (JvmPauseMonitor.java:run(103)) - JvmPauseMonitor-om1: Started
2022-01-11 15:47:04,507 [Listener at 127.0.0.1/38029] INFO  http.BaseHttpServer (BaseHttpServer.java:newHttpServer2BuilderForOzone(209)) - Starting Web-server for ozoneManager at: http://0.0.0.0:0
2022-01-11 15:47:04,507 [Listener at 127.0.0.1/38029] INFO  http.BaseHttpServer (BaseHttpServer.java:<init>(107)) - Hadoop Security Enabled: false Ozone Security Enabled: false Ozone HTTP Security Enabled: false 
2022-01-11 15:47:04,509 [Listener at 127.0.0.1/38029] INFO  server.AuthenticationFilter (AuthenticationFilter.java:constructSecretProvider(240)) - Unable to initialize FileSignerSecretProvider, falling back to use random secrets.
2022-01-11 15:47:04,509 [Listener at 127.0.0.1/38029] WARN  http.HttpRequestLog (HttpRequestLog.java:getRequestLog(103)) - Jetty request log can only be enabled using Log4j
2022-01-11 15:47:04,510 [Listener at 127.0.0.1/38029] INFO  http.HttpServer2 (HttpServer2.java:addGlobalFilter(1030)) - Added global filter 'safety' (class=org.apache.hadoop.hdds.server.http.HttpServer2$QuotingInputFilter)
2022-01-11 15:47:04,511 [Listener at 127.0.0.1/38029] INFO  http.HttpServer2 (HttpServer2.java:addFilter(1006)) - Added filter static_user_filter (class=org.apache.hadoop.http.lib.StaticUserWebFilter$StaticUserFilter) to context ozoneManager
2022-01-11 15:47:04,511 [Listener at 127.0.0.1/38029] INFO  http.HttpServer2 (HttpServer2.java:addFilter(1014)) - Added filter static_user_filter (class=org.apache.hadoop.http.lib.StaticUserWebFilter$StaticUserFilter) to context static
2022-01-11 15:47:04,511 [Listener at 127.0.0.1/38029] INFO  http.HttpServer2 (HttpServer2.java:addFilter(1014)) - Added filter static_user_filter (class=org.apache.hadoop.http.lib.StaticUserWebFilter$StaticUserFilter) to context logs
2022-01-11 15:47:04,512 [Listener at 127.0.0.1/38029] INFO  http.HttpServer2 (HttpServer2.java:bindListener(1249)) - Jetty bound to port 33789
2022-01-11 15:47:04,512 [Listener at 127.0.0.1/38029] INFO  server.Server (Server.java:doStart(375)) - jetty-9.4.43.v20210629; built: 2021-06-30T11:07:22.254Z; git: 526006ecfa3af7f1a27ef3a288e2bef7ea9dd7e8; jvm 1.8.0_292-b10
2022-01-11 15:47:04,522 [Listener at 127.0.0.1/38029] INFO  server.session (DefaultSessionIdManager.java:doStart(334)) - DefaultSessionIdManager workerName=node0
2022-01-11 15:47:04,522 [Listener at 127.0.0.1/38029] INFO  server.session (DefaultSessionIdManager.java:doStart(339)) - No SessionScavenger set, using defaults
2022-01-11 15:47:04,522 [Listener at 127.0.0.1/38029] INFO  server.session (HouseKeeper.java:startScavenging(132)) - node0 Scavenging every 660000ms
2022-01-11 15:47:04,523 [Listener at 127.0.0.1/38029] INFO  handler.ContextHandler (ContextHandler.java:doStart(915)) - Started o.e.j.s.ServletContextHandler@6b3074b{logs,/logs,file:///home/runner/work/ozone/ozone/hadoop-ozone/integration-test/target/log,AVAILABLE}
2022-01-11 15:47:04,524 [Listener at 127.0.0.1/38029] INFO  handler.ContextHandler (ContextHandler.java:doStart(915)) - Started o.e.j.s.ServletContextHandler@572cfd2d{static,/static,file:///home/runner/work/ozone/ozone/hadoop-ozone/integration-test/target/test-classes/webapps/static,AVAILABLE}
2022-01-11 15:47:04,532 [Listener at 127.0.0.1/38029] INFO  handler.ContextHandler (ContextHandler.java:doStart(915)) - Started o.e.j.w.WebAppContext@f4f2e1d{ozoneManager,/,file:///home/runner/work/ozone/ozone/hadoop-ozone/integration-test/target/test-classes/webapps/ozoneManager/,AVAILABLE}{file:/home/runner/work/ozone/ozone/hadoop-ozone/integration-test/target/test-classes/webapps/ozoneManager}
2022-01-11 15:47:04,537 [Listener at 127.0.0.1/38029] INFO  server.AbstractConnector (AbstractConnector.java:doStart(331)) - Started ServerConnector@77b5adda{HTTP/1.1, (http/1.1)}{0.0.0.0:33789}
2022-01-11 15:47:04,539 [Listener at 127.0.0.1/38029] INFO  server.Server (Server.java:doStart(415)) - Started @25270ms
2022-01-11 15:47:04,539 [Listener at 127.0.0.1/38029] WARN  impl.MetricsSystemImpl (MetricsSystemImpl.java:register(279)) - Sink prometheus already exists!
2022-01-11 15:47:04,540 [Listener at 127.0.0.1/38029] INFO  http.BaseHttpServer (BaseHttpServer.java:updateConnectorAddress(329)) - HTTP server of ozoneManager listening at http://0.0.0.0:33789
2022-01-11 15:47:04,540 [IPC Server Responder] INFO  ipc.Server (Server.java:run(1507)) - IPC Server Responder: starting
2022-01-11 15:47:04,540 [IPC Server listener on 0] INFO  ipc.Server (Server.java:run(1344)) - IPC Server listener on 0: starting
2022-01-11 15:47:04,543 [Listener at 127.0.0.1/38029] INFO  om.OzoneManager (OzoneManager.java:startTrashEmptier(1792)) - Trash Interval set to 0. Files deleted will not move to trash
2022-01-11 15:47:04,554 [org.apache.hadoop.util.JvmPauseMonitor$Monitor@3f324cab] INFO  util.JvmPauseMonitor (JvmPauseMonitor.java:run(188)) - Starting JVM pause monitor
2022-01-11 15:47:04,570 [Listener at 127.0.0.1/38029] WARN  impl.MetricRegistriesImpl (MetricRegistriesImpl.java:addReporterRegistration(111)) - New reporters are added after registries were created. Some metrics will be missing from the reporter. Please add reporter before adding any new registry.
2022-01-11 15:47:04,570 [Listener at 127.0.0.1/38029] WARN  impl.MetricRegistriesImpl (MetricRegistriesImpl.java:addReporterRegistration(111)) - New reporters are added after registries were created. Some metrics will be missing from the reporter. Please add reporter before adding any new registry.
2022-01-11 15:47:04,570 [Listener at 127.0.0.1/38029] INFO  impl.MetricsSystemImpl (MetricsSystemImpl.java:init(158)) - HddsDatanode metrics system started (again)
2022-01-11 15:47:04,589 [Listener at 127.0.0.1/38029] INFO  ozone.HddsDatanodeService (HddsDatanodeService.java:start(234)) - HddsDatanodeService host:fv-az50-677.grzltbmokehuzjyc5b133kdqgh.cx.internal.cloudapp.net ip:10.1.0.14
2022-01-11 15:47:04,613 [Listener at 127.0.0.1/38029] INFO  upgrade.AbstractLayoutVersionManager (AbstractLayoutVersionManager.java:init(79)) - Initializing Layout version manager with metadata layout = SCM_HA (version = 2), software layout = SCM_HA (version = 2)
2022-01-11 15:47:04,691 [Listener at 127.0.0.1/38029] INFO  reflections.Reflections (Reflections.java:scan(232)) - Reflections took 76 ms to scan 7 urls, producing 119 keys and 279 values 
2022-01-11 15:47:04,699 [Listener at 127.0.0.1/38029] INFO  statemachine.DatanodeStateMachine (DatanodeStateMachine.java:getEndPointTaskThreadPoolSize(222)) - Datanode State Machine Task Thread Pool size 2
2022-01-11 15:47:04,710 [Listener at 127.0.0.1/38029] INFO  volume.HddsVolume (HddsVolume.java:<init>(120)) - Creating HddsVolume: /home/runner/work/ozone/ozone/hadoop-ozone/integration-test/target/test-dir/MiniOzoneClusterImpl-fae222aa-c845-448a-91ca-36ac3ba36394/datanode-0/data-0/containers/hdds of storage type : DISK capacity : 9223372036854775807
2022-01-11 15:47:04,710 [Listener at 127.0.0.1/38029] INFO  volume.MutableVolumeSet (MutableVolumeSet.java:initializeVolumeSet(168)) - Added Volume : /home/runner/work/ozone/ozone/hadoop-ozone/integration-test/target/test-dir/MiniOzoneClusterImpl-fae222aa-c845-448a-91ca-36ac3ba36394/datanode-0/data-0/containers/hdds to VolumeSet
2022-01-11 15:47:04,710 [Listener at 127.0.0.1/38029] INFO  volume.ThrottledAsyncChecker (ThrottledAsyncChecker.java:schedule(141)) - Scheduling a check for /home/runner/work/ozone/ozone/hadoop-ozone/integration-test/target/test-dir/MiniOzoneClusterImpl-fae222aa-c845-448a-91ca-36ac3ba36394/datanode-0/data-0/containers/hdds
2022-01-11 15:47:04,723 [Listener at 127.0.0.1/38029] INFO  volume.StorageVolumeChecker (StorageVolumeChecker.java:checkAllVolumes(202)) - Scheduled health check for volume /home/runner/work/ozone/ozone/hadoop-ozone/integration-test/target/test-dir/MiniOzoneClusterImpl-fae222aa-c845-448a-91ca-36ac3ba36394/datanode-0/data-0/containers/hdds
2022-01-11 15:47:04,738 [Listener at 127.0.0.1/38029] INFO  volume.MutableVolumeSet (MutableVolumeSet.java:initializeVolumeSet(168)) - Added Volume : /home/runner/work/ozone/ozone/hadoop-ozone/integration-test/target/test-dir/MiniOzoneClusterImpl-fae222aa-c845-448a-91ca-36ac3ba36394/datanode-0/data/ratis to VolumeSet
2022-01-11 15:47:04,738 [Listener at 127.0.0.1/38029] INFO  volume.ThrottledAsyncChecker (ThrottledAsyncChecker.java:schedule(141)) - Scheduling a check for /home/runner/work/ozone/ozone/hadoop-ozone/integration-test/target/test-dir/MiniOzoneClusterImpl-fae222aa-c845-448a-91ca-36ac3ba36394/datanode-0/data/ratis
2022-01-11 15:47:04,738 [Listener at 127.0.0.1/38029] INFO  volume.StorageVolumeChecker (StorageVolumeChecker.java:checkAllVolumes(202)) - Scheduled health check for volume /home/runner/work/ozone/ozone/hadoop-ozone/integration-test/target/test-dir/MiniOzoneClusterImpl-fae222aa-c845-448a-91ca-36ac3ba36394/datanode-0/data/ratis
2022-01-11 15:47:04,749 [Thread-284] INFO  ozoneimpl.ContainerReader (ContainerReader.java:readVolume(172)) - Finish verifying containers on volume /home/runner/work/ozone/ozone/hadoop-ozone/integration-test/target/test-dir/MiniOzoneClusterImpl-fae222aa-c845-448a-91ca-36ac3ba36394/datanode-0/data-0/containers/hdds
2022-01-11 15:47:04,749 [Listener at 127.0.0.1/38029] INFO  ozoneimpl.OzoneContainer (OzoneContainer.java:buildContainerSet(237)) - Build ContainerSet costs 0s
2022-01-11 15:47:04,752 [Listener at 127.0.0.1/38029] INFO  server.RaftServer (ConfUtils.java:logGet(44)) - raft.rpc.type = GRPC (default)
2022-01-11 15:47:04,752 [Listener at 127.0.0.1/38029] INFO  grpc.GrpcFactory (GrpcFactory.java:checkPooledByteBufAllocatorUseCacheForAllThreads(48)) - PERFORMANCE WARNING: useCacheForAllThreads is true that may cause Netty to create a lot garbage objects and, as a result, trigger GC.
	It is recommended to disable useCacheForAllThreads by setting -Dorg.apache.ratis.thirdparty.io.netty.allocator.useCacheForAllThreads=false in command line.
2022-01-11 15:47:04,752 [Listener at 127.0.0.1/38029] INFO  grpc.GrpcConfigKeys (ConfUtils.java:logGet(44)) - raft.grpc.admin.port = 0 (custom)
2022-01-11 15:47:04,752 [Listener at 127.0.0.1/38029] INFO  grpc.GrpcConfigKeys (ConfUtils.java:logGet(44)) - raft.grpc.client.port = 0 (custom)
2022-01-11 15:47:04,752 [Listener at 127.0.0.1/38029] INFO  grpc.GrpcConfigKeys (ConfUtils.java:logGet(44)) - raft.grpc.server.port = 0 (default)
2022-01-11 15:47:04,753 [Listener at 127.0.0.1/38029] INFO  server.GrpcService (ConfUtils.java:logGet(44)) - raft.grpc.message.size.max = 32MB (=33554432) (custom)
2022-01-11 15:47:04,753 [Listener at 127.0.0.1/38029] INFO  server.RaftServerConfigKeys (ConfUtils.java:logGet(44)) - raft.server.log.appender.buffer.byte-limit = 33554432 (custom)
2022-01-11 15:47:04,753 [Listener at 127.0.0.1/38029] INFO  server.GrpcService (ConfUtils.java:logGet(44)) - raft.grpc.flow.control.window = 5MB (=5242880) (custom)
2022-01-11 15:47:04,753 [Listener at 127.0.0.1/38029] INFO  server.RaftServerConfigKeys (ConfUtils.java:logGet(44)) - raft.server.rpc.request.timeout = 60s (custom)
2022-01-11 15:47:04,754 [Listener at 127.0.0.1/38029] INFO  impl.DataStreamServerImpl (ConfUtils.java:logGet(44)) - raft.datastream.type = DISABLED (default)
2022-01-11 15:47:04,754 [Listener at 127.0.0.1/38029] INFO  server.RaftServerConfigKeys (ConfUtils.java:logGet(44)) - raft.server.rpc.slowness.timeout = 300s (custom)
2022-01-11 15:47:04,755 [Listener at 127.0.0.1/38029] INFO  server.RaftServerConfigKeys (ConfUtils.java:logGet(44)) - raft.server.leaderelection.leader.step-down.wait-time = 10s (default)
2022-01-11 15:47:04,755 [Listener at 127.0.0.1/38029] INFO  server.RaftServerConfigKeys (ConfUtils.java:logGet(44)) - raft.server.storage.dir = [/home/runner/work/ozone/ozone/hadoop-ozone/integration-test/target/test-dir/MiniOzoneClusterImpl-fae222aa-c845-448a-91ca-36ac3ba36394/datanode-0/data/ratis] (custom)
2022-01-11 15:47:04,756 [Listener at 127.0.0.1/38029] INFO  server.XceiverServerGrpc (XceiverServerGrpc.java:<init>(132)) - GrpcServer channel type EpollServerSocketChannel
2022-01-11 15:47:04,759 [Listener at 127.0.0.1/38029] INFO  http.BaseHttpServer (BaseHttpServer.java:newHttpServer2BuilderForOzone(209)) - Starting Web-server for hddsDatanode at: http://0.0.0.0:0
2022-01-11 15:47:04,759 [Listener at 127.0.0.1/38029] INFO  http.BaseHttpServer (BaseHttpServer.java:<init>(107)) - Hadoop Security Enabled: false Ozone Security Enabled: false Ozone HTTP Security Enabled: false 
2022-01-11 15:47:04,760 [Listener at 127.0.0.1/38029] INFO  server.AuthenticationFilter (AuthenticationFilter.java:constructSecretProvider(240)) - Unable to initialize FileSignerSecretProvider, falling back to use random secrets.
2022-01-11 15:47:04,761 [Listener at 127.0.0.1/38029] WARN  http.HttpRequestLog (HttpRequestLog.java:getRequestLog(103)) - Jetty request log can only be enabled using Log4j
2022-01-11 15:47:04,762 [Listener at 127.0.0.1/38029] INFO  http.HttpServer2 (HttpServer2.java:addGlobalFilter(1030)) - Added global filter 'safety' (class=org.apache.hadoop.hdds.server.http.HttpServer2$QuotingInputFilter)
2022-01-11 15:47:04,763 [Listener at 127.0.0.1/38029] INFO  http.HttpServer2 (HttpServer2.java:addFilter(1006)) - Added filter static_user_filter (class=org.apache.hadoop.http.lib.StaticUserWebFilter$StaticUserFilter) to context hddsDatanode
2022-01-11 15:47:04,763 [Listener at 127.0.0.1/38029] INFO  http.HttpServer2 (HttpServer2.java:addFilter(1014)) - Added filter static_user_filter (class=org.apache.hadoop.http.lib.StaticUserWebFilter$StaticUserFilter) to context logs
2022-01-11 15:47:04,763 [Listener at 127.0.0.1/38029] INFO  http.HttpServer2 (HttpServer2.java:addFilter(1014)) - Added filter static_user_filter (class=org.apache.hadoop.http.lib.StaticUserWebFilter$StaticUserFilter) to context static
2022-01-11 15:47:04,763 [Listener at 127.0.0.1/38029] INFO  http.HttpServer2 (HttpServer2.java:bindListener(1249)) - Jetty bound to port 38937
2022-01-11 15:47:04,763 [Listener at 127.0.0.1/38029] INFO  server.Server (Server.java:doStart(375)) - jetty-9.4.43.v20210629; built: 2021-06-30T11:07:22.254Z; git: 526006ecfa3af7f1a27ef3a288e2bef7ea9dd7e8; jvm 1.8.0_292-b10
2022-01-11 15:47:04,767 [Listener at 127.0.0.1/38029] INFO  server.session (DefaultSessionIdManager.java:doStart(334)) - DefaultSessionIdManager workerName=node0
2022-01-11 15:47:04,767 [Listener at 127.0.0.1/38029] INFO  server.session (DefaultSessionIdManager.java:doStart(339)) - No SessionScavenger set, using defaults
2022-01-11 15:47:04,767 [Listener at 127.0.0.1/38029] INFO  server.session (HouseKeeper.java:startScavenging(132)) - node0 Scavenging every 600000ms
2022-01-11 15:47:04,768 [Listener at 127.0.0.1/38029] INFO  handler.ContextHandler (ContextHandler.java:doStart(915)) - Started o.e.j.s.ServletContextHandler@50647037{logs,/logs,file:///home/runner/work/ozone/ozone/hadoop-ozone/integration-test/target/log,AVAILABLE}
2022-01-11 15:47:04,768 [Listener at 127.0.0.1/38029] INFO  handler.ContextHandler (ContextHandler.java:doStart(915)) - Started o.e.j.s.ServletContextHandler@3c7ece97{static,/static,jar:file:/home/runner/.m2/repository/org/apache/ozone/hdds-container-service/1.3.0-SNAPSHOT/hdds-container-service-1.3.0-SNAPSHOT.jar!/webapps/static,AVAILABLE}
2022-01-11 15:47:04,821 [Listener at 127.0.0.1/38029] INFO  handler.ContextHandler (ContextHandler.java:doStart(915)) - Started o.e.j.w.WebAppContext@7534e2a6{hddsDatanode,/,file:///tmp/jetty-0_0_0_0-38937-hdds-container-service-1_3_0-SNAPSHOT_jar-_-any-6255884116565458137/webapp/,AVAILABLE}{jar:file:/home/runner/.m2/repository/org/apache/ozone/hdds-container-service/1.3.0-SNAPSHOT/hdds-container-service-1.3.0-SNAPSHOT.jar!/webapps/hddsDatanode}
2022-01-11 15:47:04,822 [Listener at 127.0.0.1/38029] INFO  server.AbstractConnector (AbstractConnector.java:doStart(331)) - Started ServerConnector@39b72854{HTTP/1.1, (http/1.1)}{0.0.0.0:38937}
2022-01-11 15:47:04,823 [Listener at 127.0.0.1/38029] INFO  server.Server (Server.java:doStart(415)) - Started @25554ms
2022-01-11 15:47:04,823 [Listener at 127.0.0.1/38029] WARN  impl.MetricsSystemImpl (MetricsSystemImpl.java:register(279)) - Sink prometheus already exists!
2022-01-11 15:47:04,823 [Listener at 127.0.0.1/38029] INFO  http.BaseHttpServer (BaseHttpServer.java:updateConnectorAddress(329)) - HTTP server of hddsDatanode listening at http://0.0.0.0:38937
2022-01-11 15:47:04,824 [Listener at 127.0.0.1/38029] WARN  impl.MetricRegistriesImpl (MetricRegistriesImpl.java:addReporterRegistration(111)) - New reporters are added after registries were created. Some metrics will be missing from the reporter. Please add reporter before adding any new registry.
2022-01-11 15:47:04,824 [Listener at 127.0.0.1/38029] WARN  impl.MetricRegistriesImpl (MetricRegistriesImpl.java:addReporterRegistration(111)) - New reporters are added after registries were created. Some metrics will be missing from the reporter. Please add reporter before adding any new registry.
2022-01-11 15:47:04,824 [Listener at 127.0.0.1/38029] INFO  impl.MetricsSystemImpl (MetricsSystemImpl.java:init(158)) - HddsDatanode metrics system started (again)
2022-01-11 15:47:04,835 [Listener at 127.0.0.1/38029] INFO  ozone.HddsDatanodeService (HddsDatanodeService.java:start(234)) - HddsDatanodeService host:fv-az50-677.grzltbmokehuzjyc5b133kdqgh.cx.internal.cloudapp.net ip:10.1.0.14
2022-01-11 15:47:04,835 [Datanode State Machine Daemon Thread] INFO  statemachine.DatanodeStateMachine (DatanodeStateMachine.java:lambda$startDaemon$0(470)) - Ozone container server started.
2022-01-11 15:47:04,842 [org.apache.hadoop.util.JvmPauseMonitor$Monitor@5cdccce] INFO  util.JvmPauseMonitor (JvmPauseMonitor.java:run(188)) - Starting JVM pause monitor
2022-01-11 15:47:04,857 [Datanode State Machine Task Thread - 0] INFO  datanode.InitDatanodeState (InitDatanodeState.java:persistContainerDatanodeDetails(145)) - DatanodeDetails is persisted to /home/runner/work/ozone/ozone/hadoop-ozone/integration-test/target/test-dir/MiniOzoneClusterImpl-fae222aa-c845-448a-91ca-36ac3ba36394/datanode-0/meta/datanode.id
2022-01-11 15:47:04,870 [Listener at 127.0.0.1/38029] INFO  upgrade.AbstractLayoutVersionManager (AbstractLayoutVersionManager.java:init(79)) - Initializing Layout version manager with metadata layout = SCM_HA (version = 2), software layout = SCM_HA (version = 2)
2022-01-11 15:47:04,938 [Listener at 127.0.0.1/38029] INFO  reflections.Reflections (Reflections.java:scan(232)) - Reflections took 55 ms to scan 7 urls, producing 119 keys and 279 values 
2022-01-11 15:47:04,940 [Listener at 127.0.0.1/38029] INFO  statemachine.DatanodeStateMachine (DatanodeStateMachine.java:getEndPointTaskThreadPoolSize(222)) - Datanode State Machine Task Thread Pool size 2
2022-01-11 15:47:04,946 [Listener at 127.0.0.1/38029] INFO  volume.HddsVolume (HddsVolume.java:<init>(120)) - Creating HddsVolume: /home/runner/work/ozone/ozone/hadoop-ozone/integration-test/target/test-dir/MiniOzoneClusterImpl-fae222aa-c845-448a-91ca-36ac3ba36394/datanode-1/data-0/containers/hdds of storage type : DISK capacity : 9223372036854775807
2022-01-11 15:47:04,946 [Listener at 127.0.0.1/38029] INFO  volume.MutableVolumeSet (MutableVolumeSet.java:initializeVolumeSet(168)) - Added Volume : /home/runner/work/ozone/ozone/hadoop-ozone/integration-test/target/test-dir/MiniOzoneClusterImpl-fae222aa-c845-448a-91ca-36ac3ba36394/datanode-1/data-0/containers/hdds to VolumeSet
2022-01-11 15:47:04,946 [Listener at 127.0.0.1/38029] INFO  volume.ThrottledAsyncChecker (ThrottledAsyncChecker.java:schedule(141)) - Scheduling a check for /home/runner/work/ozone/ozone/hadoop-ozone/integration-test/target/test-dir/MiniOzoneClusterImpl-fae222aa-c845-448a-91ca-36ac3ba36394/datanode-1/data-0/containers/hdds
2022-01-11 15:47:04,957 [Listener at 127.0.0.1/38029] INFO  volume.StorageVolumeChecker (StorageVolumeChecker.java:checkAllVolumes(202)) - Scheduled health check for volume /home/runner/work/ozone/ozone/hadoop-ozone/integration-test/target/test-dir/MiniOzoneClusterImpl-fae222aa-c845-448a-91ca-36ac3ba36394/datanode-1/data-0/containers/hdds
2022-01-11 15:47:04,978 [Listener at 127.0.0.1/38029] INFO  volume.MutableVolumeSet (MutableVolumeSet.java:initializeVolumeSet(168)) - Added Volume : /home/runner/work/ozone/ozone/hadoop-ozone/integration-test/target/test-dir/MiniOzoneClusterImpl-fae222aa-c845-448a-91ca-36ac3ba36394/datanode-1/data/ratis to VolumeSet
2022-01-11 15:47:04,978 [Listener at 127.0.0.1/38029] INFO  volume.ThrottledAsyncChecker (ThrottledAsyncChecker.java:schedule(141)) - Scheduling a check for /home/runner/work/ozone/ozone/hadoop-ozone/integration-test/target/test-dir/MiniOzoneClusterImpl-fae222aa-c845-448a-91ca-36ac3ba36394/datanode-1/data/ratis
2022-01-11 15:47:04,978 [Listener at 127.0.0.1/38029] INFO  volume.StorageVolumeChecker (StorageVolumeChecker.java:checkAllVolumes(202)) - Scheduled health check for volume /home/runner/work/ozone/ozone/hadoop-ozone/integration-test/target/test-dir/MiniOzoneClusterImpl-fae222aa-c845-448a-91ca-36ac3ba36394/datanode-1/data/ratis
2022-01-11 15:47:05,003 [Thread-296] INFO  ozoneimpl.ContainerReader (ContainerReader.java:readVolume(172)) - Finish verifying containers on volume /home/runner/work/ozone/ozone/hadoop-ozone/integration-test/target/test-dir/MiniOzoneClusterImpl-fae222aa-c845-448a-91ca-36ac3ba36394/datanode-1/data-0/containers/hdds
2022-01-11 15:47:05,003 [Listener at 127.0.0.1/38029] INFO  ozoneimpl.OzoneContainer (OzoneContainer.java:buildContainerSet(237)) - Build ContainerSet costs 0s
2022-01-11 15:47:05,009 [Listener at 127.0.0.1/38029] INFO  server.RaftServer (ConfUtils.java:logGet(44)) - raft.rpc.type = GRPC (default)
2022-01-11 15:47:05,009 [Listener at 127.0.0.1/38029] INFO  grpc.GrpcFactory (GrpcFactory.java:checkPooledByteBufAllocatorUseCacheForAllThreads(48)) - PERFORMANCE WARNING: useCacheForAllThreads is true that may cause Netty to create a lot garbage objects and, as a result, trigger GC.
	It is recommended to disable useCacheForAllThreads by setting -Dorg.apache.ratis.thirdparty.io.netty.allocator.useCacheForAllThreads=false in command line.
2022-01-11 15:47:05,009 [Listener at 127.0.0.1/38029] INFO  grpc.GrpcConfigKeys (ConfUtils.java:logGet(44)) - raft.grpc.admin.port = 0 (custom)
2022-01-11 15:47:05,010 [Listener at 127.0.0.1/38029] INFO  grpc.GrpcConfigKeys (ConfUtils.java:logGet(44)) - raft.grpc.client.port = 0 (custom)
2022-01-11 15:47:05,010 [Listener at 127.0.0.1/38029] INFO  grpc.GrpcConfigKeys (ConfUtils.java:logGet(44)) - raft.grpc.server.port = 0 (default)
2022-01-11 15:47:05,010 [Listener at 127.0.0.1/38029] INFO  server.GrpcService (ConfUtils.java:logGet(44)) - raft.grpc.message.size.max = 32MB (=33554432) (custom)
2022-01-11 15:47:05,010 [Listener at 127.0.0.1/38029] INFO  server.RaftServerConfigKeys (ConfUtils.java:logGet(44)) - raft.server.log.appender.buffer.byte-limit = 33554432 (custom)
2022-01-11 15:47:05,010 [Listener at 127.0.0.1/38029] INFO  server.GrpcService (ConfUtils.java:logGet(44)) - raft.grpc.flow.control.window = 5MB (=5242880) (custom)
2022-01-11 15:47:05,010 [Listener at 127.0.0.1/38029] INFO  server.RaftServerConfigKeys (ConfUtils.java:logGet(44)) - raft.server.rpc.request.timeout = 60s (custom)
2022-01-11 15:47:05,011 [Listener at 127.0.0.1/38029] INFO  impl.DataStreamServerImpl (ConfUtils.java:logGet(44)) - raft.datastream.type = DISABLED (default)
2022-01-11 15:47:05,011 [Listener at 127.0.0.1/38029] INFO  server.RaftServerConfigKeys (ConfUtils.java:logGet(44)) - raft.server.rpc.slowness.timeout = 300s (custom)
2022-01-11 15:47:05,011 [Listener at 127.0.0.1/38029] INFO  server.RaftServerConfigKeys (ConfUtils.java:logGet(44)) - raft.server.leaderelection.leader.step-down.wait-time = 10s (default)
2022-01-11 15:47:05,011 [Listener at 127.0.0.1/38029] INFO  server.RaftServerConfigKeys (ConfUtils.java:logGet(44)) - raft.server.storage.dir = [/home/runner/work/ozone/ozone/hadoop-ozone/integration-test/target/test-dir/MiniOzoneClusterImpl-fae222aa-c845-448a-91ca-36ac3ba36394/datanode-1/data/ratis] (custom)
2022-01-11 15:47:05,013 [Listener at 127.0.0.1/38029] INFO  server.XceiverServerGrpc (XceiverServerGrpc.java:<init>(132)) - GrpcServer channel type EpollServerSocketChannel
2022-01-11 15:47:05,021 [Listener at 127.0.0.1/38029] INFO  http.BaseHttpServer (BaseHttpServer.java:newHttpServer2BuilderForOzone(209)) - Starting Web-server for hddsDatanode at: http://0.0.0.0:0
2022-01-11 15:47:05,021 [Listener at 127.0.0.1/38029] INFO  http.BaseHttpServer (BaseHttpServer.java:<init>(107)) - Hadoop Security Enabled: false Ozone Security Enabled: false Ozone HTTP Security Enabled: false 
2022-01-11 15:47:05,022 [Listener at 127.0.0.1/38029] INFO  server.AuthenticationFilter (AuthenticationFilter.java:constructSecretProvider(240)) - Unable to initialize FileSignerSecretProvider, falling back to use random secrets.
2022-01-11 15:47:05,029 [Listener at 127.0.0.1/38029] WARN  http.HttpRequestLog (HttpRequestLog.java:getRequestLog(103)) - Jetty request log can only be enabled using Log4j
2022-01-11 15:47:05,030 [Listener at 127.0.0.1/38029] INFO  http.HttpServer2 (HttpServer2.java:addGlobalFilter(1030)) - Added global filter 'safety' (class=org.apache.hadoop.hdds.server.http.HttpServer2$QuotingInputFilter)
2022-01-11 15:47:05,031 [Listener at 127.0.0.1/38029] INFO  http.HttpServer2 (HttpServer2.java:addFilter(1006)) - Added filter static_user_filter (class=org.apache.hadoop.http.lib.StaticUserWebFilter$StaticUserFilter) to context hddsDatanode
2022-01-11 15:47:05,031 [Listener at 127.0.0.1/38029] INFO  http.HttpServer2 (HttpServer2.java:addFilter(1014)) - Added filter static_user_filter (class=org.apache.hadoop.http.lib.StaticUserWebFilter$StaticUserFilter) to context static
2022-01-11 15:47:05,031 [Listener at 127.0.0.1/38029] INFO  http.HttpServer2 (HttpServer2.java:addFilter(1014)) - Added filter static_user_filter (class=org.apache.hadoop.http.lib.StaticUserWebFilter$StaticUserFilter) to context logs
2022-01-11 15:47:05,031 [Listener at 127.0.0.1/38029] INFO  http.HttpServer2 (HttpServer2.java:bindListener(1249)) - Jetty bound to port 40807
2022-01-11 15:47:05,032 [Listener at 127.0.0.1/38029] INFO  server.Server (Server.java:doStart(375)) - jetty-9.4.43.v20210629; built: 2021-06-30T11:07:22.254Z; git: 526006ecfa3af7f1a27ef3a288e2bef7ea9dd7e8; jvm 1.8.0_292-b10
2022-01-11 15:47:05,089 [Listener at 127.0.0.1/38029] INFO  server.session (DefaultSessionIdManager.java:doStart(334)) - DefaultSessionIdManager workerName=node0
2022-01-11 15:47:05,090 [Listener at 127.0.0.1/38029] INFO  server.session (DefaultSessionIdManager.java:doStart(339)) - No SessionScavenger set, using defaults
2022-01-11 15:47:05,090 [Listener at 127.0.0.1/38029] INFO  server.session (HouseKeeper.java:startScavenging(132)) - node0 Scavenging every 660000ms
2022-01-11 15:47:05,098 [Listener at 127.0.0.1/38029] INFO  handler.ContextHandler (ContextHandler.java:doStart(915)) - Started o.e.j.s.ServletContextHandler@56752c98{logs,/logs,file:///home/runner/work/ozone/ozone/hadoop-ozone/integration-test/target/log,AVAILABLE}
2022-01-11 15:47:05,098 [Listener at 127.0.0.1/38029] INFO  handler.ContextHandler (ContextHandler.java:doStart(915)) - Started o.e.j.s.ServletContextHandler@1950ef8a{static,/static,jar:file:/home/runner/.m2/repository/org/apache/ozone/hdds-container-service/1.3.0-SNAPSHOT/hdds-container-service-1.3.0-SNAPSHOT.jar!/webapps/static,AVAILABLE}
2022-01-11 15:47:05,168 [Listener at 127.0.0.1/38029] INFO  handler.ContextHandler (ContextHandler.java:doStart(915)) - Started o.e.j.w.WebAppContext@76f179e0{hddsDatanode,/,file:///tmp/jetty-0_0_0_0-40807-hdds-container-service-1_3_0-SNAPSHOT_jar-_-any-1200696192271971832/webapp/,AVAILABLE}{jar:file:/home/runner/.m2/repository/org/apache/ozone/hdds-container-service/1.3.0-SNAPSHOT/hdds-container-service-1.3.0-SNAPSHOT.jar!/webapps/hddsDatanode}
2022-01-11 15:47:05,170 [Listener at 127.0.0.1/38029] INFO  server.AbstractConnector (AbstractConnector.java:doStart(331)) - Started ServerConnector@112420bb{HTTP/1.1, (http/1.1)}{0.0.0.0:40807}
2022-01-11 15:47:05,170 [Listener at 127.0.0.1/38029] INFO  server.Server (Server.java:doStart(415)) - Started @25901ms
2022-01-11 15:47:05,170 [Listener at 127.0.0.1/38029] WARN  impl.MetricsSystemImpl (MetricsSystemImpl.java:register(279)) - Sink prometheus already exists!
2022-01-11 15:47:05,171 [Listener at 127.0.0.1/38029] INFO  http.BaseHttpServer (BaseHttpServer.java:updateConnectorAddress(329)) - HTTP server of hddsDatanode listening at http://0.0.0.0:40807
2022-01-11 15:47:05,171 [Listener at 127.0.0.1/38029] WARN  impl.MetricRegistriesImpl (MetricRegistriesImpl.java:addReporterRegistration(111)) - New reporters are added after registries were created. Some metrics will be missing from the reporter. Please add reporter before adding any new registry.
2022-01-11 15:47:05,171 [Listener at 127.0.0.1/38029] WARN  impl.MetricRegistriesImpl (MetricRegistriesImpl.java:addReporterRegistration(111)) - New reporters are added after registries were created. Some metrics will be missing from the reporter. Please add reporter before adding any new registry.
2022-01-11 15:47:05,171 [Listener at 127.0.0.1/38029] INFO  impl.MetricsSystemImpl (MetricsSystemImpl.java:init(158)) - HddsDatanode metrics system started (again)
2022-01-11 15:47:05,181 [Datanode State Machine Daemon Thread] INFO  statemachine.DatanodeStateMachine (DatanodeStateMachine.java:lambda$startDaemon$0(470)) - Ozone container server started.
2022-01-11 15:47:05,195 [Listener at 127.0.0.1/38029] INFO  ozone.HddsDatanodeService (HddsDatanodeService.java:start(234)) - HddsDatanodeService host:fv-az50-677.grzltbmokehuzjyc5b133kdqgh.cx.internal.cloudapp.net ip:10.1.0.14
2022-01-11 15:47:05,201 [org.apache.hadoop.util.JvmPauseMonitor$Monitor@24c83d49] INFO  util.JvmPauseMonitor (JvmPauseMonitor.java:run(188)) - Starting JVM pause monitor
2022-01-11 15:47:05,211 [Datanode State Machine Task Thread - 0] INFO  datanode.InitDatanodeState (InitDatanodeState.java:persistContainerDatanodeDetails(145)) - DatanodeDetails is persisted to /home/runner/work/ozone/ozone/hadoop-ozone/integration-test/target/test-dir/MiniOzoneClusterImpl-fae222aa-c845-448a-91ca-36ac3ba36394/datanode-1/meta/datanode.id
2022-01-11 15:47:05,232 [Listener at 127.0.0.1/38029] INFO  upgrade.AbstractLayoutVersionManager (AbstractLayoutVersionManager.java:init(79)) - Initializing Layout version manager with metadata layout = SCM_HA (version = 2), software layout = SCM_HA (version = 2)
2022-01-11 15:47:05,287 [Listener at 127.0.0.1/38029] INFO  reflections.Reflections (Reflections.java:scan(232)) - Reflections took 51 ms to scan 7 urls, producing 119 keys and 279 values 
2022-01-11 15:47:05,299 [Listener at 127.0.0.1/38029] INFO  statemachine.DatanodeStateMachine (DatanodeStateMachine.java:getEndPointTaskThreadPoolSize(222)) - Datanode State Machine Task Thread Pool size 2
2022-01-11 15:47:05,303 [Listener at 127.0.0.1/38029] INFO  volume.HddsVolume (HddsVolume.java:<init>(120)) - Creating HddsVolume: /home/runner/work/ozone/ozone/hadoop-ozone/integration-test/target/test-dir/MiniOzoneClusterImpl-fae222aa-c845-448a-91ca-36ac3ba36394/datanode-2/data-0/containers/hdds of storage type : DISK capacity : 9223372036854775807
2022-01-11 15:47:05,303 [Listener at 127.0.0.1/38029] INFO  volume.MutableVolumeSet (MutableVolumeSet.java:initializeVolumeSet(168)) - Added Volume : /home/runner/work/ozone/ozone/hadoop-ozone/integration-test/target/test-dir/MiniOzoneClusterImpl-fae222aa-c845-448a-91ca-36ac3ba36394/datanode-2/data-0/containers/hdds to VolumeSet
2022-01-11 15:47:05,304 [Listener at 127.0.0.1/38029] INFO  volume.ThrottledAsyncChecker (ThrottledAsyncChecker.java:schedule(141)) - Scheduling a check for /home/runner/work/ozone/ozone/hadoop-ozone/integration-test/target/test-dir/MiniOzoneClusterImpl-fae222aa-c845-448a-91ca-36ac3ba36394/datanode-2/data-0/containers/hdds
2022-01-11 15:47:05,309 [Listener at 127.0.0.1/38029] INFO  volume.StorageVolumeChecker (StorageVolumeChecker.java:checkAllVolumes(202)) - Scheduled health check for volume /home/runner/work/ozone/ozone/hadoop-ozone/integration-test/target/test-dir/MiniOzoneClusterImpl-fae222aa-c845-448a-91ca-36ac3ba36394/datanode-2/data-0/containers/hdds
2022-01-11 15:47:05,331 [Listener at 127.0.0.1/38029] INFO  volume.MutableVolumeSet (MutableVolumeSet.java:initializeVolumeSet(168)) - Added Volume : /home/runner/work/ozone/ozone/hadoop-ozone/integration-test/target/test-dir/MiniOzoneClusterImpl-fae222aa-c845-448a-91ca-36ac3ba36394/datanode-2/data/ratis to VolumeSet
2022-01-11 15:47:05,331 [Listener at 127.0.0.1/38029] INFO  volume.ThrottledAsyncChecker (ThrottledAsyncChecker.java:schedule(141)) - Scheduling a check for /home/runner/work/ozone/ozone/hadoop-ozone/integration-test/target/test-dir/MiniOzoneClusterImpl-fae222aa-c845-448a-91ca-36ac3ba36394/datanode-2/data/ratis
2022-01-11 15:47:05,331 [Listener at 127.0.0.1/38029] INFO  volume.StorageVolumeChecker (StorageVolumeChecker.java:checkAllVolumes(202)) - Scheduled health check for volume /home/runner/work/ozone/ozone/hadoop-ozone/integration-test/target/test-dir/MiniOzoneClusterImpl-fae222aa-c845-448a-91ca-36ac3ba36394/datanode-2/data/ratis
2022-01-11 15:47:05,359 [Thread-308] INFO  ozoneimpl.ContainerReader (ContainerReader.java:readVolume(172)) - Finish verifying containers on volume /home/runner/work/ozone/ozone/hadoop-ozone/integration-test/target/test-dir/MiniOzoneClusterImpl-fae222aa-c845-448a-91ca-36ac3ba36394/datanode-2/data-0/containers/hdds
2022-01-11 15:47:05,359 [Listener at 127.0.0.1/38029] INFO  ozoneimpl.OzoneContainer (OzoneContainer.java:buildContainerSet(237)) - Build ContainerSet costs 0s
2022-01-11 15:47:05,362 [Listener at 127.0.0.1/38029] INFO  server.RaftServer (ConfUtils.java:logGet(44)) - raft.rpc.type = GRPC (default)
2022-01-11 15:47:05,362 [Listener at 127.0.0.1/38029] INFO  grpc.GrpcFactory (GrpcFactory.java:checkPooledByteBufAllocatorUseCacheForAllThreads(48)) - PERFORMANCE WARNING: useCacheForAllThreads is true that may cause Netty to create a lot garbage objects and, as a result, trigger GC.
	It is recommended to disable useCacheForAllThreads by setting -Dorg.apache.ratis.thirdparty.io.netty.allocator.useCacheForAllThreads=false in command line.
2022-01-11 15:47:05,363 [Listener at 127.0.0.1/38029] INFO  grpc.GrpcConfigKeys (ConfUtils.java:logGet(44)) - raft.grpc.admin.port = 0 (custom)
2022-01-11 15:47:05,363 [Listener at 127.0.0.1/38029] INFO  grpc.GrpcConfigKeys (ConfUtils.java:logGet(44)) - raft.grpc.client.port = 0 (custom)
2022-01-11 15:47:05,363 [Listener at 127.0.0.1/38029] INFO  grpc.GrpcConfigKeys (ConfUtils.java:logGet(44)) - raft.grpc.server.port = 0 (default)
2022-01-11 15:47:05,363 [Listener at 127.0.0.1/38029] INFO  server.GrpcService (ConfUtils.java:logGet(44)) - raft.grpc.message.size.max = 32MB (=33554432) (custom)
2022-01-11 15:47:05,363 [Listener at 127.0.0.1/38029] INFO  server.RaftServerConfigKeys (ConfUtils.java:logGet(44)) - raft.server.log.appender.buffer.byte-limit = 33554432 (custom)
2022-01-11 15:47:05,363 [Listener at 127.0.0.1/38029] INFO  server.GrpcService (ConfUtils.java:logGet(44)) - raft.grpc.flow.control.window = 5MB (=5242880) (custom)
2022-01-11 15:47:05,363 [Listener at 127.0.0.1/38029] INFO  server.RaftServerConfigKeys (ConfUtils.java:logGet(44)) - raft.server.rpc.request.timeout = 60s (custom)
2022-01-11 15:47:05,364 [Listener at 127.0.0.1/38029] INFO  impl.DataStreamServerImpl (ConfUtils.java:logGet(44)) - raft.datastream.type = DISABLED (default)
2022-01-11 15:47:05,365 [Listener at 127.0.0.1/38029] INFO  server.RaftServerConfigKeys (ConfUtils.java:logGet(44)) - raft.server.rpc.slowness.timeout = 300s (custom)
2022-01-11 15:47:05,365 [Listener at 127.0.0.1/38029] INFO  server.RaftServerConfigKeys (ConfUtils.java:logGet(44)) - raft.server.leaderelection.leader.step-down.wait-time = 10s (default)
2022-01-11 15:47:05,365 [Listener at 127.0.0.1/38029] INFO  server.RaftServerConfigKeys (ConfUtils.java:logGet(44)) - raft.server.storage.dir = [/home/runner/work/ozone/ozone/hadoop-ozone/integration-test/target/test-dir/MiniOzoneClusterImpl-fae222aa-c845-448a-91ca-36ac3ba36394/datanode-2/data/ratis] (custom)
2022-01-11 15:47:05,366 [Listener at 127.0.0.1/38029] INFO  server.XceiverServerGrpc (XceiverServerGrpc.java:<init>(132)) - GrpcServer channel type EpollServerSocketChannel
2022-01-11 15:47:05,378 [Listener at 127.0.0.1/38029] INFO  http.BaseHttpServer (BaseHttpServer.java:newHttpServer2BuilderForOzone(209)) - Starting Web-server for hddsDatanode at: http://0.0.0.0:0
2022-01-11 15:47:05,378 [Listener at 127.0.0.1/38029] INFO  http.BaseHttpServer (BaseHttpServer.java:<init>(107)) - Hadoop Security Enabled: false Ozone Security Enabled: false Ozone HTTP Security Enabled: false 
2022-01-11 15:47:05,380 [Listener at 127.0.0.1/38029] INFO  server.AuthenticationFilter (AuthenticationFilter.java:constructSecretProvider(240)) - Unable to initialize FileSignerSecretProvider, falling back to use random secrets.
2022-01-11 15:47:05,389 [Listener at 127.0.0.1/38029] WARN  http.HttpRequestLog (HttpRequestLog.java:getRequestLog(103)) - Jetty request log can only be enabled using Log4j
2022-01-11 15:47:05,390 [Listener at 127.0.0.1/38029] INFO  http.HttpServer2 (HttpServer2.java:addGlobalFilter(1030)) - Added global filter 'safety' (class=org.apache.hadoop.hdds.server.http.HttpServer2$QuotingInputFilter)
2022-01-11 15:47:05,391 [Listener at 127.0.0.1/38029] INFO  http.HttpServer2 (HttpServer2.java:addFilter(1006)) - Added filter static_user_filter (class=org.apache.hadoop.http.lib.StaticUserWebFilter$StaticUserFilter) to context hddsDatanode
2022-01-11 15:47:05,391 [Listener at 127.0.0.1/38029] INFO  http.HttpServer2 (HttpServer2.java:addFilter(1014)) - Added filter static_user_filter (class=org.apache.hadoop.http.lib.StaticUserWebFilter$StaticUserFilter) to context logs
2022-01-11 15:47:05,391 [Listener at 127.0.0.1/38029] INFO  http.HttpServer2 (HttpServer2.java:addFilter(1014)) - Added filter static_user_filter (class=org.apache.hadoop.http.lib.StaticUserWebFilter$StaticUserFilter) to context static
2022-01-11 15:47:05,392 [Listener at 127.0.0.1/38029] INFO  http.HttpServer2 (HttpServer2.java:bindListener(1249)) - Jetty bound to port 40503
2022-01-11 15:47:05,392 [Listener at 127.0.0.1/38029] INFO  server.Server (Server.java:doStart(375)) - jetty-9.4.43.v20210629; built: 2021-06-30T11:07:22.254Z; git: 526006ecfa3af7f1a27ef3a288e2bef7ea9dd7e8; jvm 1.8.0_292-b10
2022-01-11 15:47:05,394 [Listener at 127.0.0.1/38029] INFO  server.session (DefaultSessionIdManager.java:doStart(334)) - DefaultSessionIdManager workerName=node0
2022-01-11 15:47:05,394 [Listener at 127.0.0.1/38029] INFO  server.session (DefaultSessionIdManager.java:doStart(339)) - No SessionScavenger set, using defaults
2022-01-11 15:47:05,394 [Listener at 127.0.0.1/38029] INFO  server.session (HouseKeeper.java:startScavenging(132)) - node0 Scavenging every 660000ms
2022-01-11 15:47:05,395 [Listener at 127.0.0.1/38029] INFO  handler.ContextHandler (ContextHandler.java:doStart(915)) - Started o.e.j.s.ServletContextHandler@78a4bc96{logs,/logs,file:///home/runner/work/ozone/ozone/hadoop-ozone/integration-test/target/log,AVAILABLE}
2022-01-11 15:47:05,395 [Listener at 127.0.0.1/38029] INFO  handler.ContextHandler (ContextHandler.java:doStart(915)) - Started o.e.j.s.ServletContextHandler@7e011d03{static,/static,jar:file:/home/runner/.m2/repository/org/apache/ozone/hdds-container-service/1.3.0-SNAPSHOT/hdds-container-service-1.3.0-SNAPSHOT.jar!/webapps/static,AVAILABLE}
2022-01-11 15:47:05,435 [Listener at 127.0.0.1/38029] INFO  handler.ContextHandler (ContextHandler.java:doStart(915)) - Started o.e.j.w.WebAppContext@12e78b34{hddsDatanode,/,file:///tmp/jetty-0_0_0_0-40503-hdds-container-service-1_3_0-SNAPSHOT_jar-_-any-8069125279483301229/webapp/,AVAILABLE}{jar:file:/home/runner/.m2/repository/org/apache/ozone/hdds-container-service/1.3.0-SNAPSHOT/hdds-container-service-1.3.0-SNAPSHOT.jar!/webapps/hddsDatanode}
2022-01-11 15:47:05,437 [Listener at 127.0.0.1/38029] INFO  server.AbstractConnector (AbstractConnector.java:doStart(331)) - Started ServerConnector@2e3bd37a{HTTP/1.1, (http/1.1)}{0.0.0.0:40503}
2022-01-11 15:47:05,437 [Listener at 127.0.0.1/38029] INFO  server.Server (Server.java:doStart(415)) - Started @26168ms
2022-01-11 15:47:05,437 [Listener at 127.0.0.1/38029] WARN  impl.MetricsSystemImpl (MetricsSystemImpl.java:register(279)) - Sink prometheus already exists!
2022-01-11 15:47:05,438 [Listener at 127.0.0.1/38029] INFO  http.BaseHttpServer (BaseHttpServer.java:updateConnectorAddress(329)) - HTTP server of hddsDatanode listening at http://0.0.0.0:40503
2022-01-11 15:47:05,438 [Listener at 127.0.0.1/38029] INFO  ozone.MiniOzoneClusterImpl (MiniOzoneClusterImpl.java:lambda$waitForClusterToBeReady$0(235)) - Waiting for nodes to be ready. Got 0 of 3 DN Heartbeats.
2022-01-11 15:47:05,438 [Listener at 127.0.0.1/38029] INFO  ozone.MiniOzoneClusterImpl (MiniOzoneClusterImpl.java:lambda$waitForClusterToBeReady$0(238)) - Waiting for cluster to exit safe mode
2022-01-11 15:47:05,438 [Listener at 127.0.0.1/38029] INFO  ozone.MiniOzoneClusterImpl (MiniOzoneClusterImpl.java:lambda$waitForClusterToBeReady$0(240)) - SCM became leader
2022-01-11 15:47:05,439 [Datanode State Machine Daemon Thread] INFO  statemachine.DatanodeStateMachine (DatanodeStateMachine.java:lambda$startDaemon$0(470)) - Ozone container server started.
2022-01-11 15:47:05,454 [org.apache.hadoop.util.JvmPauseMonitor$Monitor@6348a2dd] INFO  util.JvmPauseMonitor (JvmPauseMonitor.java:run(188)) - Starting JVM pause monitor
2022-01-11 15:47:05,463 [Datanode State Machine Task Thread - 0] INFO  datanode.InitDatanodeState (InitDatanodeState.java:persistContainerDatanodeDetails(145)) - DatanodeDetails is persisted to /home/runner/work/ozone/ozone/hadoop-ozone/integration-test/target/test-dir/MiniOzoneClusterImpl-fae222aa-c845-448a-91ca-36ac3ba36394/datanode-2/meta/datanode.id
2022-01-11 15:47:05,531 [om1@group-C5BA1605619E-FollowerState] INFO  impl.FollowerState (FollowerState.java:run(134)) - om1@group-C5BA1605619E-FollowerState: change to CANDIDATE, lastRpcElapsedTime:1033271873ns, electionTimeout:1028ms
2022-01-11 15:47:05,532 [om1@group-C5BA1605619E-FollowerState] INFO  impl.RoleInfo (RoleInfo.java:shutdownFollowerState(108)) - om1: shutdown om1@group-C5BA1605619E-FollowerState
2022-01-11 15:47:05,532 [om1@group-C5BA1605619E-FollowerState] INFO  server.RaftServer$Division (RaftServerImpl.java:setRole(290)) - om1@group-C5BA1605619E: changes role from  FOLLOWER to CANDIDATE at term 0 for changeToCandidate
2022-01-11 15:47:05,532 [om1@group-C5BA1605619E-FollowerState] INFO  server.RaftServerConfigKeys (ConfUtils.java:logGet(44)) - raft.server.leaderelection.pre-vote = false (custom)
2022-01-11 15:47:05,532 [om1@group-C5BA1605619E-FollowerState] INFO  impl.RoleInfo (RoleInfo.java:updateAndGet(130)) - om1: start om1@group-C5BA1605619E-LeaderElection3
2022-01-11 15:47:05,541 [om1@group-C5BA1605619E-LeaderElection3] INFO  impl.LeaderElection (LeaderElection.java:askForVotes(306)) - om1@group-C5BA1605619E-LeaderElection3 ELECTION round 0: submit vote requests at term 1 for -1: [om1|rpc:localhost:9872|priority:0], old=null
2022-01-11 15:47:05,546 [om1@group-C5BA1605619E-LeaderElection3] INFO  impl.LeaderElection (LeaderElection.java:askForVotes(308)) - om1@group-C5BA1605619E-LeaderElection3 ELECTION round 0: result PASSED (term=1)
2022-01-11 15:47:05,546 [om1@group-C5BA1605619E-LeaderElection3] INFO  impl.RoleInfo (RoleInfo.java:shutdownLeaderElection(121)) - om1: shutdown om1@group-C5BA1605619E-LeaderElection3
2022-01-11 15:47:05,546 [om1@group-C5BA1605619E-LeaderElection3] INFO  server.RaftServer$Division (RaftServerImpl.java:setRole(290)) - om1@group-C5BA1605619E: changes role from CANDIDATE to LEADER at term 1 for changeToLeader
2022-01-11 15:47:05,546 [om1@group-C5BA1605619E-LeaderElection3] INFO  server.RaftServer$Division (ServerState.java:setLeader(285)) - om1@group-C5BA1605619E: change Leader from null to om1 at term 1 for becomeLeader, leader elected after 1110ms
2022-01-11 15:47:05,546 [om1@group-C5BA1605619E-LeaderElection3] INFO  server.RaftServerConfigKeys (ConfUtils.java:logGet(44)) - raft.server.staging.catchup.gap = 1000 (default)
2022-01-11 15:47:05,546 [om1@group-C5BA1605619E-LeaderElection3] INFO  server.RaftServerConfigKeys (ConfUtils.java:logGet(44)) - raft.server.write.element-limit = 4096 (default)
2022-01-11 15:47:05,547 [om1@group-C5BA1605619E-LeaderElection3] INFO  server.RaftServerConfigKeys (ConfUtils.java:logGet(44)) - raft.server.write.byte-limit = 64MB (=67108864) (default)
2022-01-11 15:47:05,547 [om1@group-C5BA1605619E-LeaderElection3] INFO  server.RaftServerConfigKeys (ConfUtils.java:logGet(44)) - raft.server.watch.timeout = 10s (default)
2022-01-11 15:47:05,549 [om1@group-C5BA1605619E-LeaderElection3] INFO  server.RaftServerConfigKeys (ConfUtils.java:logGet(44)) - raft.server.watch.timeout.denomination = 1s (default)
2022-01-11 15:47:05,553 [om1@group-C5BA1605619E-LeaderElection3] INFO  server.RaftServerConfigKeys (ConfUtils.java:logGet(44)) - raft.server.watch.element-limit = 65536 (default)
2022-01-11 15:47:05,553 [om1@group-C5BA1605619E-LeaderElection3] INFO  server.RaftServerConfigKeys (ConfUtils.java:logGet(44)) - raft.server.write.element-limit = 4096 (default)
2022-01-11 15:47:05,553 [om1@group-C5BA1605619E-LeaderElection3] INFO  server.RaftServerConfigKeys (ConfUtils.java:logGet(44)) - raft.server.write.follower.gap.ratio.max = -1.0 (default)
2022-01-11 15:47:05,553 [om1@group-C5BA1605619E-LeaderElection3] INFO  impl.RoleInfo (RoleInfo.java:updateAndGet(130)) - om1: start om1@group-C5BA1605619E-LeaderStateImpl
2022-01-11 15:47:05,553 [om1@group-C5BA1605619E-LeaderElection3] INFO  segmented.SegmentedRaftLogWorker (SegmentedRaftLogWorker.java:startLogSegment(394)) - om1@group-C5BA1605619E-SegmentedRaftLogWorker: Starting segment from index:0
2022-01-11 15:47:05,561 [om1@group-C5BA1605619E-LeaderElection3] INFO  server.RaftServer$Division (ServerState.java:setRaftConf(387)) - om1@group-C5BA1605619E: set configuration 0: [om1|rpc:localhost:9872|admin:|client:|dataStream:|priority:0], old=null
2022-01-11 15:47:05,565 [om1@group-C5BA1605619E-SegmentedRaftLogWorker] INFO  segmented.SegmentedRaftLogWorker (SegmentedRaftLogWorker.java:execute(601)) - om1@group-C5BA1605619E-SegmentedRaftLogWorker: created new log segment /home/runner/work/ozone/ozone/hadoop-ozone/integration-test/target/test-dir/MiniOzoneClusterImpl-fae222aa-c845-448a-91ca-36ac3ba36394/ozone-meta/ratis/bf265839-605b-3f16-9796-c5ba1605619e/current/log_inprogress_0
2022-01-11 15:47:05,567 [om1@group-C5BA1605619E-StateMachineUpdater] INFO  ratis.OzoneManagerStateMachine (OzoneManagerStateMachine.java:notifyConfigurationChanged(188)) - Received Configuration change notification from Ratis. New Peer list:
[id: "om1"
address: "localhost:9872"
]
2022-01-11 15:47:06,439 [Listener at 127.0.0.1/38029] INFO  ozone.MiniOzoneClusterImpl (MiniOzoneClusterImpl.java:lambda$waitForClusterToBeReady$0(235)) - Waiting for nodes to be ready. Got 0 of 3 DN Heartbeats.
2022-01-11 15:47:06,439 [Listener at 127.0.0.1/38029] INFO  ozone.MiniOzoneClusterImpl (MiniOzoneClusterImpl.java:lambda$waitForClusterToBeReady$0(238)) - Waiting for cluster to exit safe mode
2022-01-11 15:47:06,439 [Listener at 127.0.0.1/38029] INFO  ozone.MiniOzoneClusterImpl (MiniOzoneClusterImpl.java:lambda$waitForClusterToBeReady$0(240)) - SCM became leader
2022-01-11 15:47:06,856 [EndpointStateMachine task thread for /0.0.0.0:34561 - 0 ] INFO  ozoneimpl.OzoneContainer (OzoneContainer.java:start(315)) - Attempting to start container services.
2022-01-11 15:47:06,857 [EndpointStateMachine task thread for /0.0.0.0:34561 - 0 ] INFO  ozoneimpl.OzoneContainer (OzoneContainer.java:startContainerScrub(250)) - Background container scanner has been disabled.
2022-01-11 15:47:06,859 [EndpointStateMachine task thread for /0.0.0.0:34561 - 0 ] INFO  replication.ReplicationServer (ReplicationServer.java:start(111)) - ReplicationServer is started using port 45995
2022-01-11 15:47:06,859 [EndpointStateMachine task thread for /0.0.0.0:34561 - 0 ] INFO  ratis.XceiverServerRatis (XceiverServerRatis.java:start(484)) - Starting XceiverServerRatis 1f329afc-3498-4638-8074-19fd337e8a73
2022-01-11 15:47:06,866 [EndpointStateMachine task thread for /0.0.0.0:34561 - 0 ] INFO  server.RaftServer (RaftServerProxy.java:lambda$start$5(374)) - 1f329afc-3498-4638-8074-19fd337e8a73: start RPC server
2022-01-11 15:47:06,868 [EndpointStateMachine task thread for /0.0.0.0:34561 - 0 ] INFO  server.GrpcService (GrpcService.java:startImpl(253)) - 1f329afc-3498-4638-8074-19fd337e8a73: GrpcService started, listening on 45819
2022-01-11 15:47:06,869 [EndpointStateMachine task thread for /0.0.0.0:34561 - 0 ] INFO  ratis.XceiverServerRatis (XceiverServerRatis.java:getRealPort(505)) - XceiverServerRatis 1f329afc-3498-4638-8074-19fd337e8a73 is started using port 45819 for RATIS
2022-01-11 15:47:06,869 [EndpointStateMachine task thread for /0.0.0.0:34561 - 0 ] INFO  ratis.XceiverServerRatis (XceiverServerRatis.java:getRealPort(505)) - XceiverServerRatis 1f329afc-3498-4638-8074-19fd337e8a73 is started using port 45819 for RATIS_ADMIN
2022-01-11 15:47:06,870 [EndpointStateMachine task thread for /0.0.0.0:34561 - 0 ] INFO  ratis.XceiverServerRatis (XceiverServerRatis.java:getRealPort(505)) - XceiverServerRatis 1f329afc-3498-4638-8074-19fd337e8a73 is started using port 45819 for RATIS_SERVER
2022-01-11 15:47:06,870 [org.apache.ratis.util.JvmPauseMonitor$$Lambda$539/1318588549@3432e887] INFO  util.JvmPauseMonitor (JvmPauseMonitor.java:run(103)) - JvmPauseMonitor-1f329afc-3498-4638-8074-19fd337e8a73: Started
2022-01-11 15:47:06,871 [EndpointStateMachine task thread for /0.0.0.0:34561 - 0 ] INFO  server.XceiverServerGrpc (XceiverServerGrpc.java:start(180)) - XceiverServerGrpc 1f329afc-3498-4638-8074-19fd337e8a73 is started using port 43519
2022-01-11 15:47:07,210 [EndpointStateMachine task thread for /0.0.0.0:34561 - 0 ] INFO  ozoneimpl.OzoneContainer (OzoneContainer.java:start(315)) - Attempting to start container services.
2022-01-11 15:47:07,210 [EndpointStateMachine task thread for /0.0.0.0:34561 - 0 ] INFO  ozoneimpl.OzoneContainer (OzoneContainer.java:startContainerScrub(250)) - Background container scanner has been disabled.
2022-01-11 15:47:07,212 [EndpointStateMachine task thread for /0.0.0.0:34561 - 0 ] INFO  replication.ReplicationServer (ReplicationServer.java:start(111)) - ReplicationServer is started using port 40163
2022-01-11 15:47:07,213 [EndpointStateMachine task thread for /0.0.0.0:34561 - 0 ] INFO  ratis.XceiverServerRatis (XceiverServerRatis.java:start(484)) - Starting XceiverServerRatis 17325594-a0c4-4bf2-bfba-0a794a24d581
2022-01-11 15:47:07,218 [EndpointStateMachine task thread for /0.0.0.0:34561 - 0 ] INFO  server.RaftServer (RaftServerProxy.java:lambda$start$5(374)) - 17325594-a0c4-4bf2-bfba-0a794a24d581: start RPC server
2022-01-11 15:47:07,223 [EndpointStateMachine task thread for /0.0.0.0:34561 - 0 ] INFO  server.GrpcService (GrpcService.java:startImpl(253)) - 17325594-a0c4-4bf2-bfba-0a794a24d581: GrpcService started, listening on 35517
2022-01-11 15:47:07,224 [EndpointStateMachine task thread for /0.0.0.0:34561 - 0 ] INFO  ratis.XceiverServerRatis (XceiverServerRatis.java:getRealPort(505)) - XceiverServerRatis 17325594-a0c4-4bf2-bfba-0a794a24d581 is started using port 35517 for RATIS
2022-01-11 15:47:07,224 [EndpointStateMachine task thread for /0.0.0.0:34561 - 0 ] INFO  ratis.XceiverServerRatis (XceiverServerRatis.java:getRealPort(505)) - XceiverServerRatis 17325594-a0c4-4bf2-bfba-0a794a24d581 is started using port 35517 for RATIS_ADMIN
2022-01-11 15:47:07,224 [EndpointStateMachine task thread for /0.0.0.0:34561 - 0 ] INFO  ratis.XceiverServerRatis (XceiverServerRatis.java:getRealPort(505)) - XceiverServerRatis 17325594-a0c4-4bf2-bfba-0a794a24d581 is started using port 35517 for RATIS_SERVER
2022-01-11 15:47:07,224 [org.apache.ratis.util.JvmPauseMonitor$$Lambda$539/1318588549@3ab03abd] INFO  util.JvmPauseMonitor (JvmPauseMonitor.java:run(103)) - JvmPauseMonitor-17325594-a0c4-4bf2-bfba-0a794a24d581: Started
2022-01-11 15:47:07,225 [EndpointStateMachine task thread for /0.0.0.0:34561 - 0 ] INFO  server.XceiverServerGrpc (XceiverServerGrpc.java:start(180)) - XceiverServerGrpc 17325594-a0c4-4bf2-bfba-0a794a24d581 is started using port 39285
2022-01-11 15:47:07,439 [Listener at 127.0.0.1/38029] INFO  ozone.MiniOzoneClusterImpl (MiniOzoneClusterImpl.java:lambda$waitForClusterToBeReady$0(235)) - Waiting for nodes to be ready. Got 0 of 3 DN Heartbeats.
2022-01-11 15:47:07,439 [Listener at 127.0.0.1/38029] INFO  ozone.MiniOzoneClusterImpl (MiniOzoneClusterImpl.java:lambda$waitForClusterToBeReady$0(238)) - Waiting for cluster to exit safe mode
2022-01-11 15:47:07,440 [Listener at 127.0.0.1/38029] INFO  ozone.MiniOzoneClusterImpl (MiniOzoneClusterImpl.java:lambda$waitForClusterToBeReady$0(240)) - SCM became leader
2022-01-11 15:47:07,459 [EndpointStateMachine task thread for /0.0.0.0:34561 - 0 ] INFO  ozoneimpl.OzoneContainer (OzoneContainer.java:start(315)) - Attempting to start container services.
2022-01-11 15:47:07,460 [EndpointStateMachine task thread for /0.0.0.0:34561 - 0 ] INFO  ozoneimpl.OzoneContainer (OzoneContainer.java:startContainerScrub(250)) - Background container scanner has been disabled.
2022-01-11 15:47:07,461 [EndpointStateMachine task thread for /0.0.0.0:34561 - 0 ] INFO  replication.ReplicationServer (ReplicationServer.java:start(111)) - ReplicationServer is started using port 33545
2022-01-11 15:47:07,462 [EndpointStateMachine task thread for /0.0.0.0:34561 - 0 ] INFO  ratis.XceiverServerRatis (XceiverServerRatis.java:start(484)) - Starting XceiverServerRatis b8b6e90f-0b6d-4a0e-9c52-5d158a862858
2022-01-11 15:47:07,466 [EndpointStateMachine task thread for /0.0.0.0:34561 - 0 ] INFO  server.RaftServer (RaftServerProxy.java:lambda$start$5(374)) - b8b6e90f-0b6d-4a0e-9c52-5d158a862858: start RPC server
2022-01-11 15:47:07,471 [EndpointStateMachine task thread for /0.0.0.0:34561 - 0 ] INFO  server.GrpcService (GrpcService.java:startImpl(253)) - b8b6e90f-0b6d-4a0e-9c52-5d158a862858: GrpcService started, listening on 46249
2022-01-11 15:47:07,472 [EndpointStateMachine task thread for /0.0.0.0:34561 - 0 ] INFO  ratis.XceiverServerRatis (XceiverServerRatis.java:getRealPort(505)) - XceiverServerRatis b8b6e90f-0b6d-4a0e-9c52-5d158a862858 is started using port 46249 for RATIS
2022-01-11 15:47:07,472 [EndpointStateMachine task thread for /0.0.0.0:34561 - 0 ] INFO  ratis.XceiverServerRatis (XceiverServerRatis.java:getRealPort(505)) - XceiverServerRatis b8b6e90f-0b6d-4a0e-9c52-5d158a862858 is started using port 46249 for RATIS_ADMIN
2022-01-11 15:47:07,472 [EndpointStateMachine task thread for /0.0.0.0:34561 - 0 ] INFO  ratis.XceiverServerRatis (XceiverServerRatis.java:getRealPort(505)) - XceiverServerRatis b8b6e90f-0b6d-4a0e-9c52-5d158a862858 is started using port 46249 for RATIS_SERVER
2022-01-11 15:47:07,472 [org.apache.ratis.util.JvmPauseMonitor$$Lambda$539/1318588549@2c3617a3] INFO  util.JvmPauseMonitor (JvmPauseMonitor.java:run(103)) - JvmPauseMonitor-b8b6e90f-0b6d-4a0e-9c52-5d158a862858: Started
2022-01-11 15:47:07,474 [EndpointStateMachine task thread for /0.0.0.0:34561 - 0 ] INFO  server.XceiverServerGrpc (XceiverServerGrpc.java:start(180)) - XceiverServerGrpc b8b6e90f-0b6d-4a0e-9c52-5d158a862858 is started using port 46797
2022-01-11 15:47:08,440 [Listener at 127.0.0.1/38029] INFO  ozone.MiniOzoneClusterImpl (MiniOzoneClusterImpl.java:lambda$waitForClusterToBeReady$0(235)) - Waiting for nodes to be ready. Got 0 of 3 DN Heartbeats.
2022-01-11 15:47:08,440 [Listener at 127.0.0.1/38029] INFO  ozone.MiniOzoneClusterImpl (MiniOzoneClusterImpl.java:lambda$waitForClusterToBeReady$0(238)) - Waiting for cluster to exit safe mode
2022-01-11 15:47:08,440 [Listener at 127.0.0.1/38029] INFO  ozone.MiniOzoneClusterImpl (MiniOzoneClusterImpl.java:lambda$waitForClusterToBeReady$0(240)) - SCM became leader
2022-01-11 15:47:08,846 [IPC Server handler 2 on default port 34561] INFO  net.NetworkTopologyImpl (NetworkTopologyImpl.java:add(112)) - Added a new node: /default-rack/1f329afc-3498-4638-8074-19fd337e8a73
2022-01-11 15:47:08,846 [IPC Server handler 2 on default port 34561] INFO  node.SCMNodeManager (SCMNodeManager.java:register(389)) - Registered Data node : 1f329afc-3498-4638-8074-19fd337e8a73{ip: 10.1.0.14, host: fv-az50-677.grzltbmokehuzjyc5b133kdqgh.cx.internal.cloudapp.net, ports: [REPLICATION=45995, RATIS=45819, RATIS_ADMIN=45819, RATIS_SERVER=45819, STANDALONE=43519], networkLocation: /default-rack, certSerialId: null, persistedOpState: null, persistedOpStateExpiryEpochSec: 0}
2022-01-11 15:47:08,848 [EventQueue-NodeRegistrationContainerReportForContainerSafeModeRule] INFO  safemode.SCMSafeModeManager (SCMSafeModeManager.java:validateSafeModeExitRules(204)) - ContainerSafeModeRule rule is successfully validated
2022-01-11 15:47:08,849 [EventQueue-NodeRegistrationContainerReportForDataNodeSafeModeRule] INFO  safemode.SCMSafeModeManager (DataNodeSafeModeRule.java:process(71)) - SCM in safe mode. 1 DataNodes registered, 3 required.
2022-01-11 15:47:08,853 [EventQueue-NewNodeForNewNodeHandler] INFO  pipeline.BackgroundPipelineCreator (BackgroundPipelineCreator.java:notifyEventTriggered(285)) - trigger a one-shot run on RatisPipelineUtilsThread.
2022-01-11 15:47:08,854 [RatisPipelineUtilsThread - 0] INFO  pipeline.RatisPipelineProvider (RatisPipelineProvider.java:lambda$create$0(183)) - Sending CreatePipelineCommand for pipeline:PipelineID=51f46005-e14f-4627-ac5f-79a37b73f7b6 to datanode:1f329afc-3498-4638-8074-19fd337e8a73
2022-01-11 15:47:08,861 [EventQueue-PipelineReportForOneReplicaPipelineSafeModeRule] INFO  safemode.SCMSafeModeManager (SCMSafeModeManager.java:validateSafeModeExitRules(204)) - AtleastOneDatanodeReportedRule rule is successfully validated
2022-01-11 15:47:08,862 [RatisPipelineUtilsThread - 0] INFO  pipeline.PipelineStateManagerImpl (PipelineStateManagerImpl.java:addPipeline(101)) - Created pipeline Pipeline[ Id: 51f46005-e14f-4627-ac5f-79a37b73f7b6, Nodes: 1f329afc-3498-4638-8074-19fd337e8a73{ip: 10.1.0.14, host: fv-az50-677.grzltbmokehuzjyc5b133kdqgh.cx.internal.cloudapp.net, ports: [REPLICATION=45995, RATIS=45819, RATIS_ADMIN=45819, RATIS_SERVER=45819, STANDALONE=43519], networkLocation: /default-rack, certSerialId: null, persistedOpState: IN_SERVICE, persistedOpStateExpiryEpochSec: 0}, ReplicationConfig: RATIS/ONE, State:ALLOCATED, leaderId:, CreationTimestamp2022-01-11T15:47:08.854Z[Etc/UTC]].
2022-01-11 15:47:09,205 [IPC Server handler 0 on default port 34561] INFO  net.NetworkTopologyImpl (NetworkTopologyImpl.java:add(112)) - Added a new node: /default-rack/17325594-a0c4-4bf2-bfba-0a794a24d581
2022-01-11 15:47:09,205 [IPC Server handler 0 on default port 34561] INFO  node.SCMNodeManager (SCMNodeManager.java:register(389)) - Registered Data node : 17325594-a0c4-4bf2-bfba-0a794a24d581{ip: 10.1.0.14, host: fv-az50-677.grzltbmokehuzjyc5b133kdqgh.cx.internal.cloudapp.net, ports: [REPLICATION=40163, RATIS=35517, RATIS_ADMIN=35517, RATIS_SERVER=35517, STANDALONE=39285], networkLocation: /default-rack, certSerialId: null, persistedOpState: null, persistedOpStateExpiryEpochSec: 0}
2022-01-11 15:47:09,205 [EventQueue-NewNodeForNewNodeHandler] INFO  pipeline.BackgroundPipelineCreator (BackgroundPipelineCreator.java:notifyEventTriggered(285)) - trigger a one-shot run on RatisPipelineUtilsThread.
2022-01-11 15:47:09,212 [EventQueue-NodeRegistrationContainerReportForDataNodeSafeModeRule] INFO  safemode.SCMSafeModeManager (DataNodeSafeModeRule.java:process(71)) - SCM in safe mode. 2 DataNodes registered, 3 required.
2022-01-11 15:47:09,215 [RatisPipelineUtilsThread - 0] INFO  pipeline.RatisPipelineProvider (RatisPipelineProvider.java:lambda$create$0(183)) - Sending CreatePipelineCommand for pipeline:PipelineID=f7c20a50-985b-460d-8206-6695af81f4ec to datanode:17325594-a0c4-4bf2-bfba-0a794a24d581
2022-01-11 15:47:09,215 [RatisPipelineUtilsThread - 0] INFO  pipeline.PipelineStateManagerImpl (PipelineStateManagerImpl.java:addPipeline(101)) - Created pipeline Pipeline[ Id: f7c20a50-985b-460d-8206-6695af81f4ec, Nodes: 17325594-a0c4-4bf2-bfba-0a794a24d581{ip: 10.1.0.14, host: fv-az50-677.grzltbmokehuzjyc5b133kdqgh.cx.internal.cloudapp.net, ports: [REPLICATION=40163, RATIS=35517, RATIS_ADMIN=35517, RATIS_SERVER=35517, STANDALONE=39285], networkLocation: /default-rack, certSerialId: null, persistedOpState: IN_SERVICE, persistedOpStateExpiryEpochSec: 0}, ReplicationConfig: RATIS/ONE, State:ALLOCATED, leaderId:, CreationTimestamp2022-01-11T15:47:09.215Z[Etc/UTC]].
2022-01-11 15:47:09,440 [Listener at 127.0.0.1/38029] INFO  ozone.MiniOzoneClusterImpl (MiniOzoneClusterImpl.java:lambda$waitForClusterToBeReady$0(235)) - Waiting for nodes to be ready. Got 2 of 3 DN Heartbeats.
2022-01-11 15:47:09,441 [Listener at 127.0.0.1/38029] INFO  ozone.MiniOzoneClusterImpl (MiniOzoneClusterImpl.java:lambda$waitForClusterToBeReady$0(238)) - Waiting for cluster to exit safe mode
2022-01-11 15:47:09,441 [Listener at 127.0.0.1/38029] INFO  ozone.MiniOzoneClusterImpl (MiniOzoneClusterImpl.java:lambda$waitForClusterToBeReady$0(240)) - SCM became leader
2022-01-11 15:47:09,456 [IPC Server handler 1 on default port 34561] INFO  net.NetworkTopologyImpl (NetworkTopologyImpl.java:add(112)) - Added a new node: /default-rack/b8b6e90f-0b6d-4a0e-9c52-5d158a862858
2022-01-11 15:47:09,457 [IPC Server handler 1 on default port 34561] INFO  node.SCMNodeManager (SCMNodeManager.java:register(389)) - Registered Data node : b8b6e90f-0b6d-4a0e-9c52-5d158a862858{ip: 10.1.0.14, host: fv-az50-677.grzltbmokehuzjyc5b133kdqgh.cx.internal.cloudapp.net, ports: [REPLICATION=33545, RATIS=46249, RATIS_ADMIN=46249, RATIS_SERVER=46249, STANDALONE=46797], networkLocation: /default-rack, certSerialId: null, persistedOpState: null, persistedOpStateExpiryEpochSec: 0}
2022-01-11 15:47:09,457 [EventQueue-NewNodeForNewNodeHandler] INFO  pipeline.BackgroundPipelineCreator (BackgroundPipelineCreator.java:notifyEventTriggered(285)) - trigger a one-shot run on RatisPipelineUtilsThread.
2022-01-11 15:47:09,458 [EventQueue-NodeRegistrationContainerReportForDataNodeSafeModeRule] INFO  safemode.SCMSafeModeManager (DataNodeSafeModeRule.java:process(71)) - SCM in safe mode. 3 DataNodes registered, 3 required.
2022-01-11 15:47:09,458 [EventQueue-NodeRegistrationContainerReportForDataNodeSafeModeRule] INFO  safemode.SCMSafeModeManager (SCMSafeModeManager.java:validateSafeModeExitRules(204)) - DataNodeSafeModeRule rule is successfully validated
2022-01-11 15:47:09,458 [EventQueue-NodeRegistrationContainerReportForDataNodeSafeModeRule] INFO  safemode.SCMSafeModeManager (SCMSafeModeManager.java:completePreCheck(233)) - All SCM safe mode pre check rules have passed
2022-01-11 15:47:09,458 [EventQueue-NodeRegistrationContainerReportForDataNodeSafeModeRule] WARN  events.EventQueue (EventQueue.java:fireEvent(194)) - No event handler registered for event TypedEvent{payloadType=SafeModeStatus, name='Safe mode status'}
2022-01-11 15:47:09,458 [EventQueue-NodeRegistrationContainerReportForDataNodeSafeModeRule] INFO  ha.SCMContext (SCMContext.java:updateSafeModeStatus(211)) - Update SafeModeStatus from SafeModeStatus{safeModeStatus=true, preCheckPassed=false} to SafeModeStatus{safeModeStatus=true, preCheckPassed=true}.
2022-01-11 15:47:09,458 [EventQueue-NodeRegistrationContainerReportForDataNodeSafeModeRule] INFO  pipeline.BackgroundPipelineCreator (BackgroundPipelineCreator.java:notifyEventTriggered(285)) - trigger a one-shot run on RatisPipelineUtilsThread.
2022-01-11 15:47:09,460 [RatisPipelineUtilsThread - 0] INFO  pipeline.RatisPipelineProvider (RatisPipelineProvider.java:lambda$create$0(183)) - Sending CreatePipelineCommand for pipeline:PipelineID=b094b87e-f6a0-4e3f-8c5c-a21ff6cf04c2 to datanode:b8b6e90f-0b6d-4a0e-9c52-5d158a862858
2022-01-11 15:47:09,460 [RatisPipelineUtilsThread - 0] INFO  pipeline.PipelineStateManagerImpl (PipelineStateManagerImpl.java:addPipeline(101)) - Created pipeline Pipeline[ Id: b094b87e-f6a0-4e3f-8c5c-a21ff6cf04c2, Nodes: b8b6e90f-0b6d-4a0e-9c52-5d158a862858{ip: 10.1.0.14, host: fv-az50-677.grzltbmokehuzjyc5b133kdqgh.cx.internal.cloudapp.net, ports: [REPLICATION=33545, RATIS=46249, RATIS_ADMIN=46249, RATIS_SERVER=46249, STANDALONE=46797], networkLocation: /default-rack, certSerialId: null, persistedOpState: IN_SERVICE, persistedOpStateExpiryEpochSec: 0}, ReplicationConfig: RATIS/ONE, State:ALLOCATED, leaderId:, CreationTimestamp2022-01-11T15:47:09.460Z[Etc/UTC]].
2022-01-11 15:47:09,464 [RatisPipelineUtilsThread - 0] INFO  pipeline.RatisPipelineProvider (RatisPipelineProvider.java:lambda$create$0(183)) - Sending CreatePipelineCommand for pipeline:PipelineID=8c1a67d2-3e9e-4f84-9423-c1052de82f17 to datanode:1f329afc-3498-4638-8074-19fd337e8a73
2022-01-11 15:47:09,464 [RatisPipelineUtilsThread - 0] INFO  pipeline.RatisPipelineProvider (RatisPipelineProvider.java:lambda$create$0(183)) - Sending CreatePipelineCommand for pipeline:PipelineID=8c1a67d2-3e9e-4f84-9423-c1052de82f17 to datanode:b8b6e90f-0b6d-4a0e-9c52-5d158a862858
2022-01-11 15:47:09,464 [RatisPipelineUtilsThread - 0] INFO  pipeline.RatisPipelineProvider (RatisPipelineProvider.java:lambda$create$0(183)) - Sending CreatePipelineCommand for pipeline:PipelineID=8c1a67d2-3e9e-4f84-9423-c1052de82f17 to datanode:17325594-a0c4-4bf2-bfba-0a794a24d581
2022-01-11 15:47:09,467 [RatisPipelineUtilsThread - 0] INFO  pipeline.PipelineStateManagerImpl (PipelineStateManagerImpl.java:addPipeline(101)) - Created pipeline Pipeline[ Id: 8c1a67d2-3e9e-4f84-9423-c1052de82f17, Nodes: 1f329afc-3498-4638-8074-19fd337e8a73{ip: 10.1.0.14, host: fv-az50-677.grzltbmokehuzjyc5b133kdqgh.cx.internal.cloudapp.net, ports: [REPLICATION=45995, RATIS=45819, RATIS_ADMIN=45819, RATIS_SERVER=45819, STANDALONE=43519], networkLocation: /default-rack, certSerialId: null, persistedOpState: IN_SERVICE, persistedOpStateExpiryEpochSec: 0}b8b6e90f-0b6d-4a0e-9c52-5d158a862858{ip: 10.1.0.14, host: fv-az50-677.grzltbmokehuzjyc5b133kdqgh.cx.internal.cloudapp.net, ports: [REPLICATION=33545, RATIS=46249, RATIS_ADMIN=46249, RATIS_SERVER=46249, STANDALONE=46797], networkLocation: /default-rack, certSerialId: null, persistedOpState: IN_SERVICE, persistedOpStateExpiryEpochSec: 0}17325594-a0c4-4bf2-bfba-0a794a24d581{ip: 10.1.0.14, host: fv-az50-677.grzltbmokehuzjyc5b133kdqgh.cx.internal.cloudapp.net, ports: [REPLICATION=40163, RATIS=35517, RATIS_ADMIN=35517, RATIS_SERVER=35517, STANDALONE=39285], networkLocation: /default-rack, certSerialId: null, persistedOpState: IN_SERVICE, persistedOpStateExpiryEpochSec: 0}, ReplicationConfig: RATIS/THREE, State:ALLOCATED, leaderId:, CreationTimestamp2022-01-11T15:47:09.464Z[Etc/UTC]].
2022-01-11 15:47:10,441 [Listener at 127.0.0.1/38029] INFO  ozone.MiniOzoneClusterImpl (MiniOzoneClusterImpl.java:lambda$waitForClusterToBeReady$0(235)) - Nodes are ready. Got 3 of 3 DN Heartbeats.
2022-01-11 15:47:10,442 [Listener at 127.0.0.1/38029] INFO  ozone.MiniOzoneClusterImpl (MiniOzoneClusterImpl.java:lambda$waitForClusterToBeReady$0(238)) - Waiting for cluster to exit safe mode
2022-01-11 15:47:10,442 [Listener at 127.0.0.1/38029] INFO  ozone.MiniOzoneClusterImpl (MiniOzoneClusterImpl.java:lambda$waitForClusterToBeReady$0(240)) - SCM became leader
2022-01-11 15:47:11,442 [Listener at 127.0.0.1/38029] INFO  ozone.MiniOzoneClusterImpl (MiniOzoneClusterImpl.java:lambda$waitForClusterToBeReady$0(235)) - Nodes are ready. Got 3 of 3 DN Heartbeats.
2022-01-11 15:47:11,443 [Listener at 127.0.0.1/38029] INFO  ozone.MiniOzoneClusterImpl (MiniOzoneClusterImpl.java:lambda$waitForClusterToBeReady$0(238)) - Waiting for cluster to exit safe mode
2022-01-11 15:47:11,443 [Listener at 127.0.0.1/38029] INFO  ozone.MiniOzoneClusterImpl (MiniOzoneClusterImpl.java:lambda$waitForClusterToBeReady$0(240)) - SCM became leader
2022-01-11 15:47:11,846 [Command processor thread] INFO  server.RaftServer (RaftServerProxy.java:addNew(95)) - 1f329afc-3498-4638-8074-19fd337e8a73: addNew group-79A37B73F7B6:[1f329afc-3498-4638-8074-19fd337e8a73|rpc:10.1.0.14:45819|priority:1] returns group-79A37B73F7B6:java.util.concurrent.CompletableFuture@7df491df[Not completed]
2022-01-11 15:47:11,848 [pool-125-thread-1] INFO  server.RaftServer$Division (RaftServerImpl.java:<init>(184)) - 1f329afc-3498-4638-8074-19fd337e8a73: new RaftServerImpl for group-79A37B73F7B6:[1f329afc-3498-4638-8074-19fd337e8a73|rpc:10.1.0.14:45819|priority:1] with ContainerStateMachine:uninitialized
2022-01-11 15:47:11,849 [pool-125-thread-1] INFO  server.RaftServerConfigKeys (ConfUtils.java:logGet(44)) - raft.server.rpc.timeout.min = 5s (custom)
2022-01-11 15:47:11,849 [pool-125-thread-1] INFO  server.RaftServerConfigKeys (ConfUtils.java:logGet(44)) - raft.server.rpc.timeout.max = 5200ms (custom)
2022-01-11 15:47:11,849 [pool-125-thread-1] INFO  server.RaftServerConfigKeys (ConfUtils.java:logGet(44)) - raft.server.rpc.sleep.time = 25ms (default)
2022-01-11 15:47:11,849 [pool-125-thread-1] INFO  server.RaftServerConfigKeys (ConfUtils.java:logGet(44)) - raft.server.rpc.slowness.timeout = 300s (custom)
2022-01-11 15:47:11,849 [pool-125-thread-1] INFO  server.RaftServerConfigKeys (ConfUtils.java:logGet(44)) - raft.server.leaderelection.leader.step-down.wait-time = 10s (default)
2022-01-11 15:47:11,849 [pool-125-thread-1] INFO  server.RaftServerConfigKeys (ConfUtils.java:logGet(44)) - raft.server.sleep.deviation.threshold = 300ms (default)
2022-01-11 15:47:11,849 [pool-125-thread-1] INFO  server.RaftServerConfigKeys (ConfUtils.java:logGet(44)) - raft.server.log.appender.install.snapshot.enabled = false (custom)
2022-01-11 15:47:11,849 [pool-125-thread-1] INFO  server.RaftServer$Division (ServerState.java:<init>(105)) - 1f329afc-3498-4638-8074-19fd337e8a73@group-79A37B73F7B6: ConfigurationManager, init=-1: [1f329afc-3498-4638-8074-19fd337e8a73|rpc:10.1.0.14:45819|priority:1], old=null, confs=<EMPTY_MAP>
2022-01-11 15:47:11,849 [pool-125-thread-1] INFO  server.RaftServerConfigKeys (ConfUtils.java:logGet(44)) - raft.server.storage.dir = [/home/runner/work/ozone/ozone/hadoop-ozone/integration-test/target/test-dir/MiniOzoneClusterImpl-fae222aa-c845-448a-91ca-36ac3ba36394/datanode-0/data/ratis] (custom)
2022-01-11 15:47:11,850 [pool-125-thread-1] INFO  server.RaftServerConfigKeys (ConfUtils.java:logGet(44)) - raft.server.log.corruption.policy = EXCEPTION (default)
2022-01-11 15:47:11,850 [pool-125-thread-1] INFO  server.RaftServerConfigKeys (ConfUtils.java:logGet(44)) - raft.server.storage.free-space.min = 0MB (=0) (default)
2022-01-11 15:47:11,851 [pool-125-thread-1] INFO  storage.RaftStorageDirectory (RaftStorageDirectoryImpl.java:analyzeStorage(135)) - The storage directory /home/runner/work/ozone/ozone/hadoop-ozone/integration-test/target/test-dir/MiniOzoneClusterImpl-fae222aa-c845-448a-91ca-36ac3ba36394/datanode-0/data/ratis/51f46005-e14f-4627-ac5f-79a37b73f7b6 does not exist. Creating ...
2022-01-11 15:47:11,852 [pool-125-thread-1] INFO  storage.RaftStorageDirectory (RaftStorageDirectoryImpl.java:tryLock(230)) - Lock on /home/runner/work/ozone/ozone/hadoop-ozone/integration-test/target/test-dir/MiniOzoneClusterImpl-fae222aa-c845-448a-91ca-36ac3ba36394/datanode-0/data/ratis/51f46005-e14f-4627-ac5f-79a37b73f7b6/in_use.lock acquired by nodename 25112@fv-az50-677
2022-01-11 15:47:11,853 [pool-125-thread-1] INFO  storage.RaftStorage (RaftStorageImpl.java:format(89)) - Storage directory /home/runner/work/ozone/ozone/hadoop-ozone/integration-test/target/test-dir/MiniOzoneClusterImpl-fae222aa-c845-448a-91ca-36ac3ba36394/datanode-0/data/ratis/51f46005-e14f-4627-ac5f-79a37b73f7b6 has been successfully formatted.
2022-01-11 15:47:11,854 [pool-125-thread-1] INFO  ratis.ContainerStateMachine (ContainerStateMachine.java:loadSnapshot(231)) - group-79A37B73F7B6: The snapshot info is null. Setting the last applied indexto:(t:0, i:~)
2022-01-11 15:47:11,864 [pool-125-thread-1] INFO  server.RaftServerConfigKeys (ConfUtils.java:logGet(44)) - raft.server.notification.no-leader.timeout = 300s (custom)
2022-01-11 15:47:11,864 [pool-125-thread-1] INFO  server.RaftServerConfigKeys (ConfUtils.java:logGet(44)) - raft.server.log.use.memory = false (default)
2022-01-11 15:47:11,865 [EventQueue-PipelineReportForPipelineReportHandler] INFO  pipeline.PipelineManagerImpl (PipelineManagerImpl.java:openPipeline(291)) - Pipeline Pipeline[ Id: 51f46005-e14f-4627-ac5f-79a37b73f7b6, Nodes: 1f329afc-3498-4638-8074-19fd337e8a73{ip: 10.1.0.14, host: fv-az50-677.grzltbmokehuzjyc5b133kdqgh.cx.internal.cloudapp.net, ports: [REPLICATION=45995, RATIS=45819, RATIS_ADMIN=45819, RATIS_SERVER=45819, STANDALONE=43519], networkLocation: /default-rack, certSerialId: null, persistedOpState: IN_SERVICE, persistedOpStateExpiryEpochSec: 0}, ReplicationConfig: RATIS/ONE, State:ALLOCATED, leaderId:1f329afc-3498-4638-8074-19fd337e8a73, CreationTimestamp2022-01-11T15:47:08.854Z[Etc/UTC]] moved to OPEN state
2022-01-11 15:47:11,871 [pool-125-thread-1] INFO  server.RaftServerConfigKeys (ConfUtils.java:logGet(44)) - raft.server.log.purge.gap = 1000000 (custom)
2022-01-11 15:47:11,871 [pool-125-thread-1] INFO  server.RaftServerConfigKeys (ConfUtils.java:logGet(44)) - raft.server.log.appender.buffer.byte-limit = 33554432 (custom)
2022-01-11 15:47:11,872 [pool-125-thread-1] INFO  server.RaftServerConfigKeys (ConfUtils.java:logGet(44)) - raft.server.log.segment.size.max = 1048576 (custom)
2022-01-11 15:47:11,873 [pool-125-thread-1] INFO  server.RaftServerConfigKeys (ConfUtils.java:logGet(44)) - raft.server.log.segment.cache.num.max = 2 (custom)
2022-01-11 15:47:11,873 [pool-125-thread-1] INFO  server.RaftServerConfigKeys (ConfUtils.java:logGet(44)) - raft.server.log.segment.cache.size.max = 200MB (=209715200) (default)
2022-01-11 15:47:11,873 [pool-125-thread-1] INFO  segmented.SegmentedRaftLogWorker (SegmentedRaftLogWorker.java:<init>(182)) - new 1f329afc-3498-4638-8074-19fd337e8a73@group-79A37B73F7B6-SegmentedRaftLogWorker for RaftStorageImpl:Storage Directory /home/runner/work/ozone/ozone/hadoop-ozone/integration-test/target/test-dir/MiniOzoneClusterImpl-fae222aa-c845-448a-91ca-36ac3ba36394/datanode-0/data/ratis/51f46005-e14f-4627-ac5f-79a37b73f7b6
2022-01-11 15:47:11,873 [pool-125-thread-1] INFO  server.RaftServerConfigKeys (ConfUtils.java:logGet(44)) - raft.server.log.queue.byte-limit = 2147483647 (custom)
2022-01-11 15:47:11,873 [pool-125-thread-1] INFO  server.RaftServerConfigKeys (ConfUtils.java:logGet(44)) - raft.server.log.queue.element-limit = 1024 (custom)
2022-01-11 15:47:11,873 [pool-125-thread-1] INFO  server.RaftServerConfigKeys (ConfUtils.java:logGet(44)) - raft.server.log.segment.size.max = 1048576 (custom)
2022-01-11 15:47:11,873 [pool-125-thread-1] INFO  server.RaftServerConfigKeys (ConfUtils.java:logGet(44)) - raft.server.log.preallocated.size = 16384 (custom)
2022-01-11 15:47:11,874 [pool-125-thread-1] INFO  server.RaftServerConfigKeys (ConfUtils.java:logGet(44)) - raft.server.log.force.sync.num = 128 (default)
2022-01-11 15:47:11,874 [pool-125-thread-1] INFO  server.RaftServerConfigKeys (ConfUtils.java:logGet(44)) - raft.server.log.statemachine.data.sync = true (default)
2022-01-11 15:47:11,874 [pool-125-thread-1] INFO  server.RaftServerConfigKeys (ConfUtils.java:logGet(44)) - raft.server.log.statemachine.data.sync.timeout = 10s (default)
2022-01-11 15:47:11,874 [pool-125-thread-1] INFO  server.RaftServerConfigKeys (ConfUtils.java:logGet(44)) - raft.server.log.statemachine.data.sync.timeout.retry = -1 (default)
2022-01-11 15:47:11,875 [pool-125-thread-1] INFO  server.RaftServerConfigKeys (ConfUtils.java:logGet(44)) - raft.server.log.write.buffer.size = 1048576 (custom)
2022-01-11 15:47:11,876 [pool-125-thread-1] INFO  server.RaftServerConfigKeys (ConfUtils.java:logGet(44)) - raft.server.log.statemachine.data.caching.enabled = true (custom)
2022-01-11 15:47:11,877 [pool-125-thread-1] INFO  segmented.SegmentedRaftLogWorker (SegmentedRaftLogWorker.java:lambda$new$0(133)) - 1f329afc-3498-4638-8074-19fd337e8a73@group-79A37B73F7B6-SegmentedRaftLogWorker: flushIndex: setUnconditionally 0 -> -1
2022-01-11 15:47:11,877 [pool-125-thread-1] INFO  segmented.SegmentedRaftLogWorker (SegmentedRaftLogWorker.java:lambda$new$0(133)) - 1f329afc-3498-4638-8074-19fd337e8a73@group-79A37B73F7B6-SegmentedRaftLogWorker: safeCacheEvictIndex: setUnconditionally 0 -> -1
2022-01-11 15:47:11,878 [pool-125-thread-1] INFO  server.RaftServerConfigKeys (ConfUtils.java:logGet(44)) - raft.server.snapshot.auto.trigger.enabled = true (custom)
2022-01-11 15:47:11,878 [pool-125-thread-1] INFO  server.RaftServerConfigKeys (ConfUtils.java:logGet(44)) - raft.server.snapshot.auto.trigger.threshold = 10000 (custom)
2022-01-11 15:47:11,878 [pool-125-thread-1] INFO  server.RaftServerConfigKeys (ConfUtils.java:logGet(44)) - raft.server.snapshot.retention.file.num = 5 (custom)
2022-01-11 15:47:11,878 [pool-125-thread-1] INFO  server.RaftServerConfigKeys (ConfUtils.java:logGet(44)) - raft.server.log.purge.upto.snapshot.index = false (default)
2022-01-11 15:47:11,878 [pool-125-thread-1] INFO  server.RaftServerConfigKeys (ConfUtils.java:logGet(44)) - raft.server.retrycache.expirytime = 600000ms (custom)
2022-01-11 15:47:11,878 [pool-125-thread-1] INFO  server.RaftServerConfigKeys (ConfUtils.java:logGet(44)) - raft.server.retrycache.statistics.expirytime = 100μs (default)
2022-01-11 15:47:11,887 [pool-125-thread-1] INFO  server.RaftServer$Division (RaftServerImpl.java:start(301)) - 1f329afc-3498-4638-8074-19fd337e8a73@group-79A37B73F7B6: start as a follower, conf=-1: [1f329afc-3498-4638-8074-19fd337e8a73|rpc:10.1.0.14:45819|priority:1], old=null
2022-01-11 15:47:11,889 [pool-125-thread-1] INFO  server.RaftServer$Division (RaftServerImpl.java:setRole(290)) - 1f329afc-3498-4638-8074-19fd337e8a73@group-79A37B73F7B6: changes role from      null to FOLLOWER at term 0 for startAsFollower
2022-01-11 15:47:11,889 [pool-125-thread-1] INFO  impl.RoleInfo (RoleInfo.java:updateAndGet(130)) - 1f329afc-3498-4638-8074-19fd337e8a73: start 1f329afc-3498-4638-8074-19fd337e8a73@group-79A37B73F7B6-FollowerState
2022-01-11 15:47:11,893 [pool-125-thread-1] INFO  util.JmxRegister (JmxRegister.java:tryRegister(44)) - Successfully registered JMX Bean with object name Ratis:service=RaftServer,group=group-79A37B73F7B6,id=1f329afc-3498-4638-8074-19fd337e8a73
2022-01-11 15:47:11,894 [EventQueue-OpenPipelineForHealthyPipelineSafeModeRule] INFO  safemode.SCMSafeModeManager (HealthyPipelineSafeModeRule.java:process(124)) - SCM in safe mode. Healthy pipelines reported count is 0, required healthy pipeline reported count is 1
2022-01-11 15:47:11,898 [Command processor thread] INFO  ratis.XceiverServerRatis (XceiverServerRatis.java:addGroup(768)) - Created group PipelineID=51f46005-e14f-4627-ac5f-79a37b73f7b6
2022-01-11 15:47:11,898 [Command processor thread] INFO  commandhandler.CreatePipelineCommandHandler (CreatePipelineCommandHandler.java:handle(106)) - Created Pipeline RATIS ONE PipelineID=51f46005-e14f-4627-ac5f-79a37b73f7b6.
2022-01-11 15:47:11,898 [Command processor thread] INFO  server.RaftServer (RaftServerProxy.java:addNew(95)) - 1f329afc-3498-4638-8074-19fd337e8a73: addNew group-C1052DE82F17:[1f329afc-3498-4638-8074-19fd337e8a73|rpc:10.1.0.14:45819|priority:0, 17325594-a0c4-4bf2-bfba-0a794a24d581|rpc:10.1.0.14:35517|priority:0, b8b6e90f-0b6d-4a0e-9c52-5d158a862858|rpc:10.1.0.14:46249|priority:1] returns group-C1052DE82F17:java.util.concurrent.CompletableFuture@79cb1ab9[Not completed]
2022-01-11 15:47:11,900 [pool-125-thread-1] INFO  server.RaftServer$Division (RaftServerImpl.java:<init>(184)) - 1f329afc-3498-4638-8074-19fd337e8a73: new RaftServerImpl for group-C1052DE82F17:[1f329afc-3498-4638-8074-19fd337e8a73|rpc:10.1.0.14:45819|priority:0, 17325594-a0c4-4bf2-bfba-0a794a24d581|rpc:10.1.0.14:35517|priority:0, b8b6e90f-0b6d-4a0e-9c52-5d158a862858|rpc:10.1.0.14:46249|priority:1] with ContainerStateMachine:uninitialized
2022-01-11 15:47:11,900 [pool-125-thread-1] INFO  server.RaftServerConfigKeys (ConfUtils.java:logGet(44)) - raft.server.rpc.timeout.min = 5s (custom)
2022-01-11 15:47:11,900 [pool-125-thread-1] INFO  server.RaftServerConfigKeys (ConfUtils.java:logGet(44)) - raft.server.rpc.timeout.max = 5200ms (custom)
2022-01-11 15:47:11,900 [pool-125-thread-1] INFO  server.RaftServerConfigKeys (ConfUtils.java:logGet(44)) - raft.server.rpc.sleep.time = 25ms (default)
2022-01-11 15:47:11,900 [pool-125-thread-1] INFO  server.RaftServerConfigKeys (ConfUtils.java:logGet(44)) - raft.server.rpc.slowness.timeout = 300s (custom)
2022-01-11 15:47:11,900 [pool-125-thread-1] INFO  server.RaftServerConfigKeys (ConfUtils.java:logGet(44)) - raft.server.leaderelection.leader.step-down.wait-time = 10s (default)
2022-01-11 15:47:11,900 [pool-125-thread-1] INFO  server.RaftServerConfigKeys (ConfUtils.java:logGet(44)) - raft.server.sleep.deviation.threshold = 300ms (default)
2022-01-11 15:47:11,900 [pool-125-thread-1] INFO  server.RaftServerConfigKeys (ConfUtils.java:logGet(44)) - raft.server.log.appender.install.snapshot.enabled = false (custom)
2022-01-11 15:47:11,900 [pool-125-thread-1] INFO  server.RaftServer$Division (ServerState.java:<init>(105)) - 1f329afc-3498-4638-8074-19fd337e8a73@group-C1052DE82F17: ConfigurationManager, init=-1: [1f329afc-3498-4638-8074-19fd337e8a73|rpc:10.1.0.14:45819|priority:0, 17325594-a0c4-4bf2-bfba-0a794a24d581|rpc:10.1.0.14:35517|priority:0, b8b6e90f-0b6d-4a0e-9c52-5d158a862858|rpc:10.1.0.14:46249|priority:1], old=null, confs=<EMPTY_MAP>
2022-01-11 15:47:11,900 [pool-125-thread-1] INFO  server.RaftServerConfigKeys (ConfUtils.java:logGet(44)) - raft.server.storage.dir = [/home/runner/work/ozone/ozone/hadoop-ozone/integration-test/target/test-dir/MiniOzoneClusterImpl-fae222aa-c845-448a-91ca-36ac3ba36394/datanode-0/data/ratis] (custom)
2022-01-11 15:47:11,900 [pool-125-thread-1] INFO  server.RaftServerConfigKeys (ConfUtils.java:logGet(44)) - raft.server.log.corruption.policy = EXCEPTION (default)
2022-01-11 15:47:11,900 [pool-125-thread-1] INFO  server.RaftServerConfigKeys (ConfUtils.java:logGet(44)) - raft.server.storage.free-space.min = 0MB (=0) (default)
2022-01-11 15:47:11,900 [pool-125-thread-1] INFO  storage.RaftStorageDirectory (RaftStorageDirectoryImpl.java:analyzeStorage(135)) - The storage directory /home/runner/work/ozone/ozone/hadoop-ozone/integration-test/target/test-dir/MiniOzoneClusterImpl-fae222aa-c845-448a-91ca-36ac3ba36394/datanode-0/data/ratis/8c1a67d2-3e9e-4f84-9423-c1052de82f17 does not exist. Creating ...
2022-01-11 15:47:11,902 [pool-125-thread-1] INFO  storage.RaftStorageDirectory (RaftStorageDirectoryImpl.java:tryLock(230)) - Lock on /home/runner/work/ozone/ozone/hadoop-ozone/integration-test/target/test-dir/MiniOzoneClusterImpl-fae222aa-c845-448a-91ca-36ac3ba36394/datanode-0/data/ratis/8c1a67d2-3e9e-4f84-9423-c1052de82f17/in_use.lock acquired by nodename 25112@fv-az50-677
2022-01-11 15:47:11,903 [pool-125-thread-1] INFO  storage.RaftStorage (RaftStorageImpl.java:format(89)) - Storage directory /home/runner/work/ozone/ozone/hadoop-ozone/integration-test/target/test-dir/MiniOzoneClusterImpl-fae222aa-c845-448a-91ca-36ac3ba36394/datanode-0/data/ratis/8c1a67d2-3e9e-4f84-9423-c1052de82f17 has been successfully formatted.
2022-01-11 15:47:11,905 [pool-125-thread-1] INFO  ratis.ContainerStateMachine (ContainerStateMachine.java:loadSnapshot(231)) - group-C1052DE82F17: The snapshot info is null. Setting the last applied indexto:(t:0, i:~)
2022-01-11 15:47:11,905 [pool-125-thread-1] INFO  server.RaftServerConfigKeys (ConfUtils.java:logGet(44)) - raft.server.notification.no-leader.timeout = 300s (custom)
2022-01-11 15:47:11,905 [pool-125-thread-1] INFO  server.RaftServerConfigKeys (ConfUtils.java:logGet(44)) - raft.server.log.use.memory = false (default)
2022-01-11 15:47:11,905 [pool-125-thread-1] INFO  server.RaftServerConfigKeys (ConfUtils.java:logGet(44)) - raft.server.log.purge.gap = 1000000 (custom)
2022-01-11 15:47:11,905 [pool-125-thread-1] INFO  server.RaftServerConfigKeys (ConfUtils.java:logGet(44)) - raft.server.log.appender.buffer.byte-limit = 33554432 (custom)
2022-01-11 15:47:11,906 [EventQueue-OpenPipelineForHealthyPipelineSafeModeRule] INFO  safemode.SCMSafeModeManager (HealthyPipelineSafeModeRule.java:process(124)) - SCM in safe mode. Healthy pipelines reported count is 0, required healthy pipeline reported count is 1
2022-01-11 15:47:11,907 [pool-125-thread-1] INFO  server.RaftServerConfigKeys (ConfUtils.java:logGet(44)) - raft.server.log.segment.size.max = 1048576 (custom)
2022-01-11 15:47:11,907 [pool-125-thread-1] INFO  server.RaftServerConfigKeys (ConfUtils.java:logGet(44)) - raft.server.log.segment.cache.num.max = 2 (custom)
2022-01-11 15:47:11,910 [pool-125-thread-1] INFO  server.RaftServerConfigKeys (ConfUtils.java:logGet(44)) - raft.server.log.segment.cache.size.max = 200MB (=209715200) (default)
2022-01-11 15:47:11,911 [pool-125-thread-1] INFO  segmented.SegmentedRaftLogWorker (SegmentedRaftLogWorker.java:<init>(182)) - new 1f329afc-3498-4638-8074-19fd337e8a73@group-C1052DE82F17-SegmentedRaftLogWorker for RaftStorageImpl:Storage Directory /home/runner/work/ozone/ozone/hadoop-ozone/integration-test/target/test-dir/MiniOzoneClusterImpl-fae222aa-c845-448a-91ca-36ac3ba36394/datanode-0/data/ratis/8c1a67d2-3e9e-4f84-9423-c1052de82f17
2022-01-11 15:47:11,911 [pool-125-thread-1] INFO  server.RaftServerConfigKeys (ConfUtils.java:logGet(44)) - raft.server.log.queue.byte-limit = 2147483647 (custom)
2022-01-11 15:47:11,911 [pool-125-thread-1] INFO  server.RaftServerConfigKeys (ConfUtils.java:logGet(44)) - raft.server.log.queue.element-limit = 1024 (custom)
2022-01-11 15:47:11,911 [pool-125-thread-1] INFO  server.RaftServerConfigKeys (ConfUtils.java:logGet(44)) - raft.server.log.segment.size.max = 1048576 (custom)
2022-01-11 15:47:11,911 [pool-125-thread-1] INFO  server.RaftServerConfigKeys (ConfUtils.java:logGet(44)) - raft.server.log.preallocated.size = 16384 (custom)
2022-01-11 15:47:11,911 [pool-125-thread-1] INFO  server.RaftServerConfigKeys (ConfUtils.java:logGet(44)) - raft.server.log.force.sync.num = 128 (default)
2022-01-11 15:47:11,911 [pool-125-thread-1] INFO  server.RaftServerConfigKeys (ConfUtils.java:logGet(44)) - raft.server.log.statemachine.data.sync = true (default)
2022-01-11 15:47:11,911 [pool-125-thread-1] INFO  server.RaftServerConfigKeys (ConfUtils.java:logGet(44)) - raft.server.log.statemachine.data.sync.timeout = 10s (default)
2022-01-11 15:47:11,911 [pool-125-thread-1] INFO  server.RaftServerConfigKeys (ConfUtils.java:logGet(44)) - raft.server.log.statemachine.data.sync.timeout.retry = -1 (default)
2022-01-11 15:47:11,912 [pool-125-thread-1] INFO  server.RaftServerConfigKeys (ConfUtils.java:logGet(44)) - raft.server.log.write.buffer.size = 1048576 (custom)
2022-01-11 15:47:11,915 [pool-125-thread-1] INFO  server.RaftServerConfigKeys (ConfUtils.java:logGet(44)) - raft.server.log.statemachine.data.caching.enabled = true (custom)
2022-01-11 15:47:11,917 [pool-125-thread-1] INFO  segmented.SegmentedRaftLogWorker (SegmentedRaftLogWorker.java:lambda$new$0(133)) - 1f329afc-3498-4638-8074-19fd337e8a73@group-C1052DE82F17-SegmentedRaftLogWorker: flushIndex: setUnconditionally 0 -> -1
2022-01-11 15:47:11,917 [pool-125-thread-1] INFO  segmented.SegmentedRaftLogWorker (SegmentedRaftLogWorker.java:lambda$new$0(133)) - 1f329afc-3498-4638-8074-19fd337e8a73@group-C1052DE82F17-SegmentedRaftLogWorker: safeCacheEvictIndex: setUnconditionally 0 -> -1
2022-01-11 15:47:11,921 [pool-125-thread-1] INFO  server.RaftServerConfigKeys (ConfUtils.java:logGet(44)) - raft.server.snapshot.auto.trigger.enabled = true (custom)
2022-01-11 15:47:11,921 [pool-125-thread-1] INFO  server.RaftServerConfigKeys (ConfUtils.java:logGet(44)) - raft.server.snapshot.auto.trigger.threshold = 10000 (custom)
2022-01-11 15:47:11,921 [pool-125-thread-1] INFO  server.RaftServerConfigKeys (ConfUtils.java:logGet(44)) - raft.server.snapshot.retention.file.num = 5 (custom)
2022-01-11 15:47:11,921 [pool-125-thread-1] INFO  server.RaftServerConfigKeys (ConfUtils.java:logGet(44)) - raft.server.log.purge.upto.snapshot.index = false (default)
2022-01-11 15:47:11,922 [pool-125-thread-1] INFO  server.RaftServerConfigKeys (ConfUtils.java:logGet(44)) - raft.server.retrycache.expirytime = 600000ms (custom)
2022-01-11 15:47:11,922 [pool-125-thread-1] INFO  server.RaftServerConfigKeys (ConfUtils.java:logGet(44)) - raft.server.retrycache.statistics.expirytime = 100μs (default)
2022-01-11 15:47:11,923 [pool-125-thread-1] INFO  server.RaftServer$Division (RaftServerImpl.java:start(301)) - 1f329afc-3498-4638-8074-19fd337e8a73@group-C1052DE82F17: start as a follower, conf=-1: [1f329afc-3498-4638-8074-19fd337e8a73|rpc:10.1.0.14:45819|priority:0, 17325594-a0c4-4bf2-bfba-0a794a24d581|rpc:10.1.0.14:35517|priority:0, b8b6e90f-0b6d-4a0e-9c52-5d158a862858|rpc:10.1.0.14:46249|priority:1], old=null
2022-01-11 15:47:11,923 [pool-125-thread-1] INFO  server.RaftServer$Division (RaftServerImpl.java:setRole(290)) - 1f329afc-3498-4638-8074-19fd337e8a73@group-C1052DE82F17: changes role from      null to FOLLOWER at term 0 for startAsFollower
2022-01-11 15:47:11,923 [pool-125-thread-1] INFO  impl.RoleInfo (RoleInfo.java:updateAndGet(130)) - 1f329afc-3498-4638-8074-19fd337e8a73: start 1f329afc-3498-4638-8074-19fd337e8a73@group-C1052DE82F17-FollowerState
2022-01-11 15:47:11,925 [pool-125-thread-1] INFO  util.JmxRegister (JmxRegister.java:tryRegister(44)) - Successfully registered JMX Bean with object name Ratis:service=RaftServer,group=group-C1052DE82F17,id=1f329afc-3498-4638-8074-19fd337e8a73
2022-01-11 15:47:11,929 [Command processor thread] INFO  ratis.XceiverServerRatis (XceiverServerRatis.java:addGroup(768)) - Created group PipelineID=8c1a67d2-3e9e-4f84-9423-c1052de82f17
2022-01-11 15:47:12,203 [Command processor thread] INFO  server.RaftServer (RaftServerProxy.java:addNew(95)) - 17325594-a0c4-4bf2-bfba-0a794a24d581: addNew group-6695AF81F4EC:[17325594-a0c4-4bf2-bfba-0a794a24d581|rpc:10.1.0.14:35517|priority:1] returns group-6695AF81F4EC:java.util.concurrent.CompletableFuture@b232a91[Not completed]
2022-01-11 15:47:12,228 [pool-146-thread-1] INFO  server.RaftServer$Division (RaftServerImpl.java:<init>(184)) - 17325594-a0c4-4bf2-bfba-0a794a24d581: new RaftServerImpl for group-6695AF81F4EC:[17325594-a0c4-4bf2-bfba-0a794a24d581|rpc:10.1.0.14:35517|priority:1] with ContainerStateMachine:uninitialized
2022-01-11 15:47:12,229 [pool-146-thread-1] INFO  server.RaftServerConfigKeys (ConfUtils.java:logGet(44)) - raft.server.rpc.timeout.min = 5s (custom)
2022-01-11 15:47:12,229 [pool-146-thread-1] INFO  server.RaftServerConfigKeys (ConfUtils.java:logGet(44)) - raft.server.rpc.timeout.max = 5200ms (custom)
2022-01-11 15:47:12,229 [pool-146-thread-1] INFO  server.RaftServerConfigKeys (ConfUtils.java:logGet(44)) - raft.server.rpc.sleep.time = 25ms (default)
2022-01-11 15:47:12,229 [pool-146-thread-1] INFO  server.RaftServerConfigKeys (ConfUtils.java:logGet(44)) - raft.server.rpc.slowness.timeout = 300s (custom)
2022-01-11 15:47:12,230 [pool-146-thread-1] INFO  server.RaftServerConfigKeys (ConfUtils.java:logGet(44)) - raft.server.leaderelection.leader.step-down.wait-time = 10s (default)
2022-01-11 15:47:12,230 [pool-146-thread-1] INFO  server.RaftServerConfigKeys (ConfUtils.java:logGet(44)) - raft.server.sleep.deviation.threshold = 300ms (default)
2022-01-11 15:47:12,230 [pool-146-thread-1] INFO  server.RaftServerConfigKeys (ConfUtils.java:logGet(44)) - raft.server.log.appender.install.snapshot.enabled = false (custom)
2022-01-11 15:47:12,230 [pool-146-thread-1] INFO  server.RaftServer$Division (ServerState.java:<init>(105)) - 17325594-a0c4-4bf2-bfba-0a794a24d581@group-6695AF81F4EC: ConfigurationManager, init=-1: [17325594-a0c4-4bf2-bfba-0a794a24d581|rpc:10.1.0.14:35517|priority:1], old=null, confs=<EMPTY_MAP>
2022-01-11 15:47:12,230 [pool-146-thread-1] INFO  server.RaftServerConfigKeys (ConfUtils.java:logGet(44)) - raft.server.storage.dir = [/home/runner/work/ozone/ozone/hadoop-ozone/integration-test/target/test-dir/MiniOzoneClusterImpl-fae222aa-c845-448a-91ca-36ac3ba36394/datanode-1/data/ratis] (custom)
2022-01-11 15:47:12,232 [pool-146-thread-1] INFO  server.RaftServerConfigKeys (ConfUtils.java:logGet(44)) - raft.server.log.corruption.policy = EXCEPTION (default)
2022-01-11 15:47:12,232 [pool-146-thread-1] INFO  server.RaftServerConfigKeys (ConfUtils.java:logGet(44)) - raft.server.storage.free-space.min = 0MB (=0) (default)
2022-01-11 15:47:12,233 [pool-146-thread-1] INFO  storage.RaftStorageDirectory (RaftStorageDirectoryImpl.java:analyzeStorage(135)) - The storage directory /home/runner/work/ozone/ozone/hadoop-ozone/integration-test/target/test-dir/MiniOzoneClusterImpl-fae222aa-c845-448a-91ca-36ac3ba36394/datanode-1/data/ratis/f7c20a50-985b-460d-8206-6695af81f4ec does not exist. Creating ...
2022-01-11 15:47:12,234 [pool-146-thread-1] INFO  storage.RaftStorageDirectory (RaftStorageDirectoryImpl.java:tryLock(230)) - Lock on /home/runner/work/ozone/ozone/hadoop-ozone/integration-test/target/test-dir/MiniOzoneClusterImpl-fae222aa-c845-448a-91ca-36ac3ba36394/datanode-1/data/ratis/f7c20a50-985b-460d-8206-6695af81f4ec/in_use.lock acquired by nodename 25112@fv-az50-677
2022-01-11 15:47:12,235 [pool-146-thread-1] INFO  storage.RaftStorage (RaftStorageImpl.java:format(89)) - Storage directory /home/runner/work/ozone/ozone/hadoop-ozone/integration-test/target/test-dir/MiniOzoneClusterImpl-fae222aa-c845-448a-91ca-36ac3ba36394/datanode-1/data/ratis/f7c20a50-985b-460d-8206-6695af81f4ec has been successfully formatted.
2022-01-11 15:47:12,237 [pool-146-thread-1] INFO  ratis.ContainerStateMachine (ContainerStateMachine.java:loadSnapshot(231)) - group-6695AF81F4EC: The snapshot info is null. Setting the last applied indexto:(t:0, i:~)
2022-01-11 15:47:12,237 [pool-146-thread-1] INFO  server.RaftServerConfigKeys (ConfUtils.java:logGet(44)) - raft.server.notification.no-leader.timeout = 300s (custom)
2022-01-11 15:47:12,237 [pool-146-thread-1] INFO  server.RaftServerConfigKeys (ConfUtils.java:logGet(44)) - raft.server.log.use.memory = false (default)
2022-01-11 15:47:12,237 [pool-146-thread-1] INFO  server.RaftServerConfigKeys (ConfUtils.java:logGet(44)) - raft.server.log.purge.gap = 1000000 (custom)
2022-01-11 15:47:12,240 [EventQueue-PipelineReportForPipelineReportHandler] INFO  pipeline.PipelineManagerImpl (PipelineManagerImpl.java:openPipeline(291)) - Pipeline Pipeline[ Id: f7c20a50-985b-460d-8206-6695af81f4ec, Nodes: 17325594-a0c4-4bf2-bfba-0a794a24d581{ip: 10.1.0.14, host: fv-az50-677.grzltbmokehuzjyc5b133kdqgh.cx.internal.cloudapp.net, ports: [REPLICATION=40163, RATIS=35517, RATIS_ADMIN=35517, RATIS_SERVER=35517, STANDALONE=39285], networkLocation: /default-rack, certSerialId: null, persistedOpState: IN_SERVICE, persistedOpStateExpiryEpochSec: 0}, ReplicationConfig: RATIS/ONE, State:ALLOCATED, leaderId:17325594-a0c4-4bf2-bfba-0a794a24d581, CreationTimestamp2022-01-11T15:47:09.215Z[Etc/UTC]] moved to OPEN state
2022-01-11 15:47:12,244 [pool-146-thread-1] INFO  server.RaftServerConfigKeys (ConfUtils.java:logGet(44)) - raft.server.log.appender.buffer.byte-limit = 33554432 (custom)
2022-01-11 15:47:12,245 [pool-146-thread-1] INFO  server.RaftServerConfigKeys (ConfUtils.java:logGet(44)) - raft.server.log.segment.size.max = 1048576 (custom)
2022-01-11 15:47:12,245 [pool-146-thread-1] INFO  server.RaftServerConfigKeys (ConfUtils.java:logGet(44)) - raft.server.log.segment.cache.num.max = 2 (custom)
2022-01-11 15:47:12,245 [EventQueue-OpenPipelineForHealthyPipelineSafeModeRule] INFO  safemode.SCMSafeModeManager (HealthyPipelineSafeModeRule.java:process(124)) - SCM in safe mode. Healthy pipelines reported count is 0, required healthy pipeline reported count is 1
2022-01-11 15:47:12,251 [pool-146-thread-1] INFO  server.RaftServerConfigKeys (ConfUtils.java:logGet(44)) - raft.server.log.segment.cache.size.max = 200MB (=209715200) (default)
2022-01-11 15:47:12,251 [pool-146-thread-1] INFO  segmented.SegmentedRaftLogWorker (SegmentedRaftLogWorker.java:<init>(182)) - new 17325594-a0c4-4bf2-bfba-0a794a24d581@group-6695AF81F4EC-SegmentedRaftLogWorker for RaftStorageImpl:Storage Directory /home/runner/work/ozone/ozone/hadoop-ozone/integration-test/target/test-dir/MiniOzoneClusterImpl-fae222aa-c845-448a-91ca-36ac3ba36394/datanode-1/data/ratis/f7c20a50-985b-460d-8206-6695af81f4ec
2022-01-11 15:47:12,251 [pool-146-thread-1] INFO  server.RaftServerConfigKeys (ConfUtils.java:logGet(44)) - raft.server.log.queue.byte-limit = 2147483647 (custom)
2022-01-11 15:47:12,251 [pool-146-thread-1] INFO  server.RaftServerConfigKeys (ConfUtils.java:logGet(44)) - raft.server.log.queue.element-limit = 1024 (custom)
2022-01-11 15:47:12,251 [pool-146-thread-1] INFO  server.RaftServerConfigKeys (ConfUtils.java:logGet(44)) - raft.server.log.segment.size.max = 1048576 (custom)
2022-01-11 15:47:12,251 [pool-146-thread-1] INFO  server.RaftServerConfigKeys (ConfUtils.java:logGet(44)) - raft.server.log.preallocated.size = 16384 (custom)
2022-01-11 15:47:12,251 [pool-146-thread-1] INFO  server.RaftServerConfigKeys (ConfUtils.java:logGet(44)) - raft.server.log.force.sync.num = 128 (default)
2022-01-11 15:47:12,251 [pool-146-thread-1] INFO  server.RaftServerConfigKeys (ConfUtils.java:logGet(44)) - raft.server.log.statemachine.data.sync = true (default)
2022-01-11 15:47:12,251 [pool-146-thread-1] INFO  server.RaftServerConfigKeys (ConfUtils.java:logGet(44)) - raft.server.log.statemachine.data.sync.timeout = 10s (default)
2022-01-11 15:47:12,251 [pool-146-thread-1] INFO  server.RaftServerConfigKeys (ConfUtils.java:logGet(44)) - raft.server.log.statemachine.data.sync.timeout.retry = -1 (default)
2022-01-11 15:47:12,255 [pool-146-thread-1] INFO  server.RaftServerConfigKeys (ConfUtils.java:logGet(44)) - raft.server.log.write.buffer.size = 1048576 (custom)
2022-01-11 15:47:12,255 [pool-146-thread-1] INFO  server.RaftServerConfigKeys (ConfUtils.java:logGet(44)) - raft.server.log.statemachine.data.caching.enabled = true (custom)
2022-01-11 15:47:12,255 [pool-146-thread-1] INFO  segmented.SegmentedRaftLogWorker (SegmentedRaftLogWorker.java:lambda$new$0(133)) - 17325594-a0c4-4bf2-bfba-0a794a24d581@group-6695AF81F4EC-SegmentedRaftLogWorker: flushIndex: setUnconditionally 0 -> -1
2022-01-11 15:47:12,255 [pool-146-thread-1] INFO  segmented.SegmentedRaftLogWorker (SegmentedRaftLogWorker.java:lambda$new$0(133)) - 17325594-a0c4-4bf2-bfba-0a794a24d581@group-6695AF81F4EC-SegmentedRaftLogWorker: safeCacheEvictIndex: setUnconditionally 0 -> -1
2022-01-11 15:47:12,265 [pool-146-thread-1] INFO  server.RaftServerConfigKeys (ConfUtils.java:logGet(44)) - raft.server.snapshot.auto.trigger.enabled = true (custom)
2022-01-11 15:47:12,265 [pool-146-thread-1] INFO  server.RaftServerConfigKeys (ConfUtils.java:logGet(44)) - raft.server.snapshot.auto.trigger.threshold = 10000 (custom)
2022-01-11 15:47:12,265 [pool-146-thread-1] INFO  server.RaftServerConfigKeys (ConfUtils.java:logGet(44)) - raft.server.snapshot.retention.file.num = 5 (custom)
2022-01-11 15:47:12,265 [pool-146-thread-1] INFO  server.RaftServerConfigKeys (ConfUtils.java:logGet(44)) - raft.server.log.purge.upto.snapshot.index = false (default)
2022-01-11 15:47:12,266 [pool-146-thread-1] INFO  server.RaftServerConfigKeys (ConfUtils.java:logGet(44)) - raft.server.retrycache.expirytime = 600000ms (custom)
2022-01-11 15:47:12,266 [pool-146-thread-1] INFO  server.RaftServerConfigKeys (ConfUtils.java:logGet(44)) - raft.server.retrycache.statistics.expirytime = 100μs (default)
2022-01-11 15:47:12,267 [pool-146-thread-1] INFO  server.RaftServer$Division (RaftServerImpl.java:start(301)) - 17325594-a0c4-4bf2-bfba-0a794a24d581@group-6695AF81F4EC: start as a follower, conf=-1: [17325594-a0c4-4bf2-bfba-0a794a24d581|rpc:10.1.0.14:35517|priority:1], old=null
2022-01-11 15:47:12,267 [pool-146-thread-1] INFO  server.RaftServer$Division (RaftServerImpl.java:setRole(290)) - 17325594-a0c4-4bf2-bfba-0a794a24d581@group-6695AF81F4EC: changes role from      null to FOLLOWER at term 0 for startAsFollower
2022-01-11 15:47:12,267 [pool-146-thread-1] INFO  impl.RoleInfo (RoleInfo.java:updateAndGet(130)) - 17325594-a0c4-4bf2-bfba-0a794a24d581: start 17325594-a0c4-4bf2-bfba-0a794a24d581@group-6695AF81F4EC-FollowerState
2022-01-11 15:47:12,273 [pool-146-thread-1] INFO  util.JmxRegister (JmxRegister.java:tryRegister(44)) - Successfully registered JMX Bean with object name Ratis:service=RaftServer,group=group-6695AF81F4EC,id=17325594-a0c4-4bf2-bfba-0a794a24d581
2022-01-11 15:47:12,281 [Command processor thread] INFO  ratis.XceiverServerRatis (XceiverServerRatis.java:addGroup(768)) - Created group PipelineID=f7c20a50-985b-460d-8206-6695af81f4ec
2022-01-11 15:47:12,282 [Command processor thread] INFO  commandhandler.CreatePipelineCommandHandler (CreatePipelineCommandHandler.java:handle(106)) - Created Pipeline RATIS ONE PipelineID=f7c20a50-985b-460d-8206-6695af81f4ec.
2022-01-11 15:47:12,282 [Command processor thread] INFO  server.RaftServer (RaftServerProxy.java:addNew(95)) - 17325594-a0c4-4bf2-bfba-0a794a24d581: addNew group-C1052DE82F17:[1f329afc-3498-4638-8074-19fd337e8a73|rpc:10.1.0.14:45819|priority:0, 17325594-a0c4-4bf2-bfba-0a794a24d581|rpc:10.1.0.14:35517|priority:0, b8b6e90f-0b6d-4a0e-9c52-5d158a862858|rpc:10.1.0.14:46249|priority:1] returns group-C1052DE82F17:java.util.concurrent.CompletableFuture@f1caf2d[Not completed]
2022-01-11 15:47:12,284 [pool-146-thread-1] INFO  server.RaftServer$Division (RaftServerImpl.java:<init>(184)) - 17325594-a0c4-4bf2-bfba-0a794a24d581: new RaftServerImpl for group-C1052DE82F17:[1f329afc-3498-4638-8074-19fd337e8a73|rpc:10.1.0.14:45819|priority:0, 17325594-a0c4-4bf2-bfba-0a794a24d581|rpc:10.1.0.14:35517|priority:0, b8b6e90f-0b6d-4a0e-9c52-5d158a862858|rpc:10.1.0.14:46249|priority:1] with ContainerStateMachine:uninitialized
2022-01-11 15:47:12,284 [pool-146-thread-1] INFO  server.RaftServerConfigKeys (ConfUtils.java:logGet(44)) - raft.server.rpc.timeout.min = 5s (custom)
2022-01-11 15:47:12,284 [pool-146-thread-1] INFO  server.RaftServerConfigKeys (ConfUtils.java:logGet(44)) - raft.server.rpc.timeout.max = 5200ms (custom)
2022-01-11 15:47:12,284 [pool-146-thread-1] INFO  server.RaftServerConfigKeys (ConfUtils.java:logGet(44)) - raft.server.rpc.sleep.time = 25ms (default)
2022-01-11 15:47:12,284 [pool-146-thread-1] INFO  server.RaftServerConfigKeys (ConfUtils.java:logGet(44)) - raft.server.rpc.slowness.timeout = 300s (custom)
2022-01-11 15:47:12,284 [pool-146-thread-1] INFO  server.RaftServerConfigKeys (ConfUtils.java:logGet(44)) - raft.server.leaderelection.leader.step-down.wait-time = 10s (default)
2022-01-11 15:47:12,284 [pool-146-thread-1] INFO  server.RaftServerConfigKeys (ConfUtils.java:logGet(44)) - raft.server.sleep.deviation.threshold = 300ms (default)
2022-01-11 15:47:12,284 [pool-146-thread-1] INFO  server.RaftServerConfigKeys (ConfUtils.java:logGet(44)) - raft.server.log.appender.install.snapshot.enabled = false (custom)
2022-01-11 15:47:12,284 [pool-146-thread-1] INFO  server.RaftServer$Division (ServerState.java:<init>(105)) - 17325594-a0c4-4bf2-bfba-0a794a24d581@group-C1052DE82F17: ConfigurationManager, init=-1: [1f329afc-3498-4638-8074-19fd337e8a73|rpc:10.1.0.14:45819|priority:0, 17325594-a0c4-4bf2-bfba-0a794a24d581|rpc:10.1.0.14:35517|priority:0, b8b6e90f-0b6d-4a0e-9c52-5d158a862858|rpc:10.1.0.14:46249|priority:1], old=null, confs=<EMPTY_MAP>
2022-01-11 15:47:12,284 [pool-146-thread-1] INFO  server.RaftServerConfigKeys (ConfUtils.java:logGet(44)) - raft.server.storage.dir = [/home/runner/work/ozone/ozone/hadoop-ozone/integration-test/target/test-dir/MiniOzoneClusterImpl-fae222aa-c845-448a-91ca-36ac3ba36394/datanode-1/data/ratis] (custom)
2022-01-11 15:47:12,284 [pool-146-thread-1] INFO  server.RaftServerConfigKeys (ConfUtils.java:logGet(44)) - raft.server.log.corruption.policy = EXCEPTION (default)
2022-01-11 15:47:12,284 [pool-146-thread-1] INFO  server.RaftServerConfigKeys (ConfUtils.java:logGet(44)) - raft.server.storage.free-space.min = 0MB (=0) (default)
2022-01-11 15:47:12,284 [pool-146-thread-1] INFO  storage.RaftStorageDirectory (RaftStorageDirectoryImpl.java:analyzeStorage(135)) - The storage directory /home/runner/work/ozone/ozone/hadoop-ozone/integration-test/target/test-dir/MiniOzoneClusterImpl-fae222aa-c845-448a-91ca-36ac3ba36394/datanode-1/data/ratis/8c1a67d2-3e9e-4f84-9423-c1052de82f17 does not exist. Creating ...
2022-01-11 15:47:12,285 [pool-146-thread-1] INFO  storage.RaftStorageDirectory (RaftStorageDirectoryImpl.java:tryLock(230)) - Lock on /home/runner/work/ozone/ozone/hadoop-ozone/integration-test/target/test-dir/MiniOzoneClusterImpl-fae222aa-c845-448a-91ca-36ac3ba36394/datanode-1/data/ratis/8c1a67d2-3e9e-4f84-9423-c1052de82f17/in_use.lock acquired by nodename 25112@fv-az50-677
2022-01-11 15:47:12,286 [pool-146-thread-1] INFO  storage.RaftStorage (RaftStorageImpl.java:format(89)) - Storage directory /home/runner/work/ozone/ozone/hadoop-ozone/integration-test/target/test-dir/MiniOzoneClusterImpl-fae222aa-c845-448a-91ca-36ac3ba36394/datanode-1/data/ratis/8c1a67d2-3e9e-4f84-9423-c1052de82f17 has been successfully formatted.
2022-01-11 15:47:12,287 [pool-146-thread-1] INFO  ratis.ContainerStateMachine (ContainerStateMachine.java:loadSnapshot(231)) - group-C1052DE82F17: The snapshot info is null. Setting the last applied indexto:(t:0, i:~)
2022-01-11 15:47:12,287 [pool-146-thread-1] INFO  server.RaftServerConfigKeys (ConfUtils.java:logGet(44)) - raft.server.notification.no-leader.timeout = 300s (custom)
2022-01-11 15:47:12,287 [pool-146-thread-1] INFO  server.RaftServerConfigKeys (ConfUtils.java:logGet(44)) - raft.server.log.use.memory = false (default)
2022-01-11 15:47:12,287 [pool-146-thread-1] INFO  server.RaftServerConfigKeys (ConfUtils.java:logGet(44)) - raft.server.log.purge.gap = 1000000 (custom)
2022-01-11 15:47:12,287 [pool-146-thread-1] INFO  server.RaftServerConfigKeys (ConfUtils.java:logGet(44)) - raft.server.log.appender.buffer.byte-limit = 33554432 (custom)
2022-01-11 15:47:12,288 [pool-146-thread-1] INFO  server.RaftServerConfigKeys (ConfUtils.java:logGet(44)) - raft.server.log.segment.size.max = 1048576 (custom)
2022-01-11 15:47:12,290 [pool-146-thread-1] INFO  server.RaftServerConfigKeys (ConfUtils.java:logGet(44)) - raft.server.log.segment.cache.num.max = 2 (custom)
2022-01-11 15:47:12,290 [pool-146-thread-1] INFO  server.RaftServerConfigKeys (ConfUtils.java:logGet(44)) - raft.server.log.segment.cache.size.max = 200MB (=209715200) (default)
2022-01-11 15:47:12,290 [pool-146-thread-1] INFO  segmented.SegmentedRaftLogWorker (SegmentedRaftLogWorker.java:<init>(182)) - new 17325594-a0c4-4bf2-bfba-0a794a24d581@group-C1052DE82F17-SegmentedRaftLogWorker for RaftStorageImpl:Storage Directory /home/runner/work/ozone/ozone/hadoop-ozone/integration-test/target/test-dir/MiniOzoneClusterImpl-fae222aa-c845-448a-91ca-36ac3ba36394/datanode-1/data/ratis/8c1a67d2-3e9e-4f84-9423-c1052de82f17
2022-01-11 15:47:12,290 [pool-146-thread-1] INFO  server.RaftServerConfigKeys (ConfUtils.java:logGet(44)) - raft.server.log.queue.byte-limit = 2147483647 (custom)
2022-01-11 15:47:12,290 [pool-146-thread-1] INFO  server.RaftServerConfigKeys (ConfUtils.java:logGet(44)) - raft.server.log.queue.element-limit = 1024 (custom)
2022-01-11 15:47:12,290 [EventQueue-OpenPipelineForHealthyPipelineSafeModeRule] INFO  safemode.SCMSafeModeManager (HealthyPipelineSafeModeRule.java:process(124)) - SCM in safe mode. Healthy pipelines reported count is 0, required healthy pipeline reported count is 1
2022-01-11 15:47:12,290 [pool-146-thread-1] INFO  server.RaftServerConfigKeys (ConfUtils.java:logGet(44)) - raft.server.log.segment.size.max = 1048576 (custom)
2022-01-11 15:47:12,290 [pool-146-thread-1] INFO  server.RaftServerConfigKeys (ConfUtils.java:logGet(44)) - raft.server.log.preallocated.size = 16384 (custom)
2022-01-11 15:47:12,290 [pool-146-thread-1] INFO  server.RaftServerConfigKeys (ConfUtils.java:logGet(44)) - raft.server.log.force.sync.num = 128 (default)
2022-01-11 15:47:12,290 [pool-146-thread-1] INFO  server.RaftServerConfigKeys (ConfUtils.java:logGet(44)) - raft.server.log.statemachine.data.sync = true (default)
2022-01-11 15:47:12,291 [pool-146-thread-1] INFO  server.RaftServerConfigKeys (ConfUtils.java:logGet(44)) - raft.server.log.statemachine.data.sync.timeout = 10s (default)
2022-01-11 15:47:12,291 [pool-146-thread-1] INFO  server.RaftServerConfigKeys (ConfUtils.java:logGet(44)) - raft.server.log.statemachine.data.sync.timeout.retry = -1 (default)
2022-01-11 15:47:12,298 [pool-146-thread-1] INFO  server.RaftServerConfigKeys (ConfUtils.java:logGet(44)) - raft.server.log.write.buffer.size = 1048576 (custom)
2022-01-11 15:47:12,299 [pool-146-thread-1] INFO  server.RaftServerConfigKeys (ConfUtils.java:logGet(44)) - raft.server.log.statemachine.data.caching.enabled = true (custom)
2022-01-11 15:47:12,299 [pool-146-thread-1] INFO  segmented.SegmentedRaftLogWorker (SegmentedRaftLogWorker.java:lambda$new$0(133)) - 17325594-a0c4-4bf2-bfba-0a794a24d581@group-C1052DE82F17-SegmentedRaftLogWorker: flushIndex: setUnconditionally 0 -> -1
2022-01-11 15:47:12,299 [pool-146-thread-1] INFO  segmented.SegmentedRaftLogWorker (SegmentedRaftLogWorker.java:lambda$new$0(133)) - 17325594-a0c4-4bf2-bfba-0a794a24d581@group-C1052DE82F17-SegmentedRaftLogWorker: safeCacheEvictIndex: setUnconditionally 0 -> -1
2022-01-11 15:47:12,304 [pool-146-thread-1] INFO  server.RaftServerConfigKeys (ConfUtils.java:logGet(44)) - raft.server.snapshot.auto.trigger.enabled = true (custom)
2022-01-11 15:47:12,304 [pool-146-thread-1] INFO  server.RaftServerConfigKeys (ConfUtils.java:logGet(44)) - raft.server.snapshot.auto.trigger.threshold = 10000 (custom)
2022-01-11 15:47:12,304 [pool-146-thread-1] INFO  server.RaftServerConfigKeys (ConfUtils.java:logGet(44)) - raft.server.snapshot.retention.file.num = 5 (custom)
2022-01-11 15:47:12,304 [pool-146-thread-1] INFO  server.RaftServerConfigKeys (ConfUtils.java:logGet(44)) - raft.server.log.purge.upto.snapshot.index = false (default)
2022-01-11 15:47:12,305 [pool-146-thread-1] INFO  server.RaftServerConfigKeys (ConfUtils.java:logGet(44)) - raft.server.retrycache.expirytime = 600000ms (custom)
2022-01-11 15:47:12,305 [pool-146-thread-1] INFO  server.RaftServerConfigKeys (ConfUtils.java:logGet(44)) - raft.server.retrycache.statistics.expirytime = 100μs (default)
2022-01-11 15:47:12,306 [pool-146-thread-1] INFO  server.RaftServer$Division (RaftServerImpl.java:start(301)) - 17325594-a0c4-4bf2-bfba-0a794a24d581@group-C1052DE82F17: start as a follower, conf=-1: [1f329afc-3498-4638-8074-19fd337e8a73|rpc:10.1.0.14:45819|priority:0, 17325594-a0c4-4bf2-bfba-0a794a24d581|rpc:10.1.0.14:35517|priority:0, b8b6e90f-0b6d-4a0e-9c52-5d158a862858|rpc:10.1.0.14:46249|priority:1], old=null
2022-01-11 15:47:12,306 [pool-146-thread-1] INFO  server.RaftServer$Division (RaftServerImpl.java:setRole(290)) - 17325594-a0c4-4bf2-bfba-0a794a24d581@group-C1052DE82F17: changes role from      null to FOLLOWER at term 0 for startAsFollower
2022-01-11 15:47:12,306 [pool-146-thread-1] INFO  impl.RoleInfo (RoleInfo.java:updateAndGet(130)) - 17325594-a0c4-4bf2-bfba-0a794a24d581: start 17325594-a0c4-4bf2-bfba-0a794a24d581@group-C1052DE82F17-FollowerState
2022-01-11 15:47:12,313 [pool-146-thread-1] INFO  util.JmxRegister (JmxRegister.java:tryRegister(44)) - Successfully registered JMX Bean with object name Ratis:service=RaftServer,group=group-C1052DE82F17,id=17325594-a0c4-4bf2-bfba-0a794a24d581
2022-01-11 15:47:12,314 [Command processor thread] INFO  ratis.XceiverServerRatis (XceiverServerRatis.java:addGroup(768)) - Created group PipelineID=8c1a67d2-3e9e-4f84-9423-c1052de82f17
2022-01-11 15:47:12,443 [Listener at 127.0.0.1/38029] INFO  ozone.MiniOzoneClusterImpl (MiniOzoneClusterImpl.java:lambda$waitForClusterToBeReady$0(235)) - Nodes are ready. Got 3 of 3 DN Heartbeats.
2022-01-11 15:47:12,443 [Listener at 127.0.0.1/38029] INFO  ozone.MiniOzoneClusterImpl (MiniOzoneClusterImpl.java:lambda$waitForClusterToBeReady$0(238)) - Waiting for cluster to exit safe mode
2022-01-11 15:47:12,443 [Listener at 127.0.0.1/38029] INFO  ozone.MiniOzoneClusterImpl (MiniOzoneClusterImpl.java:lambda$waitForClusterToBeReady$0(240)) - SCM became leader
2022-01-11 15:47:12,460 [Command processor thread] INFO  server.RaftServer (RaftServerProxy.java:addNew(95)) - b8b6e90f-0b6d-4a0e-9c52-5d158a862858: addNew group-A21FF6CF04C2:[b8b6e90f-0b6d-4a0e-9c52-5d158a862858|rpc:10.1.0.14:46249|priority:1] returns group-A21FF6CF04C2:java.util.concurrent.CompletableFuture@38021bad[Not completed]
2022-01-11 15:47:12,465 [pool-167-thread-1] INFO  server.RaftServer$Division (RaftServerImpl.java:<init>(184)) - b8b6e90f-0b6d-4a0e-9c52-5d158a862858: new RaftServerImpl for group-A21FF6CF04C2:[b8b6e90f-0b6d-4a0e-9c52-5d158a862858|rpc:10.1.0.14:46249|priority:1] with ContainerStateMachine:uninitialized
2022-01-11 15:47:12,466 [pool-167-thread-1] INFO  server.RaftServerConfigKeys (ConfUtils.java:logGet(44)) - raft.server.rpc.timeout.min = 5s (custom)
2022-01-11 15:47:12,466 [pool-167-thread-1] INFO  server.RaftServerConfigKeys (ConfUtils.java:logGet(44)) - raft.server.rpc.timeout.max = 5200ms (custom)
2022-01-11 15:47:12,466 [pool-167-thread-1] INFO  server.RaftServerConfigKeys (ConfUtils.java:logGet(44)) - raft.server.rpc.sleep.time = 25ms (default)
2022-01-11 15:47:12,466 [pool-167-thread-1] INFO  server.RaftServerConfigKeys (ConfUtils.java:logGet(44)) - raft.server.rpc.slowness.timeout = 300s (custom)
2022-01-11 15:47:12,466 [pool-167-thread-1] INFO  server.RaftServerConfigKeys (ConfUtils.java:logGet(44)) - raft.server.leaderelection.leader.step-down.wait-time = 10s (default)
2022-01-11 15:47:12,466 [pool-167-thread-1] INFO  server.RaftServerConfigKeys (ConfUtils.java:logGet(44)) - raft.server.sleep.deviation.threshold = 300ms (default)
2022-01-11 15:47:12,466 [pool-167-thread-1] INFO  server.RaftServerConfigKeys (ConfUtils.java:logGet(44)) - raft.server.log.appender.install.snapshot.enabled = false (custom)
2022-01-11 15:47:12,466 [pool-167-thread-1] INFO  server.RaftServer$Division (ServerState.java:<init>(105)) - b8b6e90f-0b6d-4a0e-9c52-5d158a862858@group-A21FF6CF04C2: ConfigurationManager, init=-1: [b8b6e90f-0b6d-4a0e-9c52-5d158a862858|rpc:10.1.0.14:46249|priority:1], old=null, confs=<EMPTY_MAP>
2022-01-11 15:47:12,466 [pool-167-thread-1] INFO  server.RaftServerConfigKeys (ConfUtils.java:logGet(44)) - raft.server.storage.dir = [/home/runner/work/ozone/ozone/hadoop-ozone/integration-test/target/test-dir/MiniOzoneClusterImpl-fae222aa-c845-448a-91ca-36ac3ba36394/datanode-2/data/ratis] (custom)
2022-01-11 15:47:12,467 [pool-167-thread-1] INFO  server.RaftServerConfigKeys (ConfUtils.java:logGet(44)) - raft.server.log.corruption.policy = EXCEPTION (default)
2022-01-11 15:47:12,467 [pool-167-thread-1] INFO  server.RaftServerConfigKeys (ConfUtils.java:logGet(44)) - raft.server.storage.free-space.min = 0MB (=0) (default)
2022-01-11 15:47:12,467 [pool-167-thread-1] INFO  storage.RaftStorageDirectory (RaftStorageDirectoryImpl.java:analyzeStorage(135)) - The storage directory /home/runner/work/ozone/ozone/hadoop-ozone/integration-test/target/test-dir/MiniOzoneClusterImpl-fae222aa-c845-448a-91ca-36ac3ba36394/datanode-2/data/ratis/b094b87e-f6a0-4e3f-8c5c-a21ff6cf04c2 does not exist. Creating ...
2022-01-11 15:47:12,475 [pool-167-thread-1] INFO  storage.RaftStorageDirectory (RaftStorageDirectoryImpl.java:tryLock(230)) - Lock on /home/runner/work/ozone/ozone/hadoop-ozone/integration-test/target/test-dir/MiniOzoneClusterImpl-fae222aa-c845-448a-91ca-36ac3ba36394/datanode-2/data/ratis/b094b87e-f6a0-4e3f-8c5c-a21ff6cf04c2/in_use.lock acquired by nodename 25112@fv-az50-677
2022-01-11 15:47:12,482 [pool-167-thread-1] INFO  storage.RaftStorage (RaftStorageImpl.java:format(89)) - Storage directory /home/runner/work/ozone/ozone/hadoop-ozone/integration-test/target/test-dir/MiniOzoneClusterImpl-fae222aa-c845-448a-91ca-36ac3ba36394/datanode-2/data/ratis/b094b87e-f6a0-4e3f-8c5c-a21ff6cf04c2 has been successfully formatted.
2022-01-11 15:47:12,486 [pool-167-thread-1] INFO  ratis.ContainerStateMachine (ContainerStateMachine.java:loadSnapshot(231)) - group-A21FF6CF04C2: The snapshot info is null. Setting the last applied indexto:(t:0, i:~)
2022-01-11 15:47:12,486 [pool-167-thread-1] INFO  server.RaftServerConfigKeys (ConfUtils.java:logGet(44)) - raft.server.notification.no-leader.timeout = 300s (custom)
2022-01-11 15:47:12,486 [pool-167-thread-1] INFO  server.RaftServerConfigKeys (ConfUtils.java:logGet(44)) - raft.server.log.use.memory = false (default)
2022-01-11 15:47:12,486 [pool-167-thread-1] INFO  server.RaftServerConfigKeys (ConfUtils.java:logGet(44)) - raft.server.log.purge.gap = 1000000 (custom)
2022-01-11 15:47:12,486 [pool-167-thread-1] INFO  server.RaftServerConfigKeys (ConfUtils.java:logGet(44)) - raft.server.log.appender.buffer.byte-limit = 33554432 (custom)
2022-01-11 15:47:12,486 [pool-167-thread-1] INFO  server.RaftServerConfigKeys (ConfUtils.java:logGet(44)) - raft.server.log.segment.size.max = 1048576 (custom)
2022-01-11 15:47:12,487 [pool-167-thread-1] INFO  server.RaftServerConfigKeys (ConfUtils.java:logGet(44)) - raft.server.log.segment.cache.num.max = 2 (custom)
2022-01-11 15:47:12,488 [pool-167-thread-1] INFO  server.RaftServerConfigKeys (ConfUtils.java:logGet(44)) - raft.server.log.segment.cache.size.max = 200MB (=209715200) (default)
2022-01-11 15:47:12,488 [pool-167-thread-1] INFO  segmented.SegmentedRaftLogWorker (SegmentedRaftLogWorker.java:<init>(182)) - new b8b6e90f-0b6d-4a0e-9c52-5d158a862858@group-A21FF6CF04C2-SegmentedRaftLogWorker for RaftStorageImpl:Storage Directory /home/runner/work/ozone/ozone/hadoop-ozone/integration-test/target/test-dir/MiniOzoneClusterImpl-fae222aa-c845-448a-91ca-36ac3ba36394/datanode-2/data/ratis/b094b87e-f6a0-4e3f-8c5c-a21ff6cf04c2
2022-01-11 15:47:12,488 [pool-167-thread-1] INFO  server.RaftServerConfigKeys (ConfUtils.java:logGet(44)) - raft.server.log.queue.byte-limit = 2147483647 (custom)
2022-01-11 15:47:12,488 [pool-167-thread-1] INFO  server.RaftServerConfigKeys (ConfUtils.java:logGet(44)) - raft.server.log.queue.element-limit = 1024 (custom)
2022-01-11 15:47:12,488 [pool-167-thread-1] INFO  server.RaftServerConfigKeys (ConfUtils.java:logGet(44)) - raft.server.log.segment.size.max = 1048576 (custom)
2022-01-11 15:47:12,488 [pool-167-thread-1] INFO  server.RaftServerConfigKeys (ConfUtils.java:logGet(44)) - raft.server.log.preallocated.size = 16384 (custom)
2022-01-11 15:47:12,488 [pool-167-thread-1] INFO  server.RaftServerConfigKeys (ConfUtils.java:logGet(44)) - raft.server.log.force.sync.num = 128 (default)
2022-01-11 15:47:12,488 [pool-167-thread-1] INFO  server.RaftServerConfigKeys (ConfUtils.java:logGet(44)) - raft.server.log.statemachine.data.sync = true (default)
2022-01-11 15:47:12,488 [pool-167-thread-1] INFO  server.RaftServerConfigKeys (ConfUtils.java:logGet(44)) - raft.server.log.statemachine.data.sync.timeout = 10s (default)
2022-01-11 15:47:12,488 [pool-167-thread-1] INFO  server.RaftServerConfigKeys (ConfUtils.java:logGet(44)) - raft.server.log.statemachine.data.sync.timeout.retry = -1 (default)
2022-01-11 15:47:12,489 [pool-167-thread-1] INFO  server.RaftServerConfigKeys (ConfUtils.java:logGet(44)) - raft.server.log.write.buffer.size = 1048576 (custom)
2022-01-11 15:47:12,489 [pool-167-thread-1] INFO  server.RaftServerConfigKeys (ConfUtils.java:logGet(44)) - raft.server.log.statemachine.data.caching.enabled = true (custom)
2022-01-11 15:47:12,490 [pool-167-thread-1] INFO  segmented.SegmentedRaftLogWorker (SegmentedRaftLogWorker.java:lambda$new$0(133)) - b8b6e90f-0b6d-4a0e-9c52-5d158a862858@group-A21FF6CF04C2-SegmentedRaftLogWorker: flushIndex: setUnconditionally 0 -> -1
2022-01-11 15:47:12,490 [pool-167-thread-1] INFO  segmented.SegmentedRaftLogWorker (SegmentedRaftLogWorker.java:lambda$new$0(133)) - b8b6e90f-0b6d-4a0e-9c52-5d158a862858@group-A21FF6CF04C2-SegmentedRaftLogWorker: safeCacheEvictIndex: setUnconditionally 0 -> -1
2022-01-11 15:47:12,491 [EventQueue-PipelineReportForPipelineReportHandler] INFO  pipeline.PipelineManagerImpl (PipelineManagerImpl.java:openPipeline(291)) - Pipeline Pipeline[ Id: b094b87e-f6a0-4e3f-8c5c-a21ff6cf04c2, Nodes: b8b6e90f-0b6d-4a0e-9c52-5d158a862858{ip: 10.1.0.14, host: fv-az50-677.grzltbmokehuzjyc5b133kdqgh.cx.internal.cloudapp.net, ports: [REPLICATION=33545, RATIS=46249, RATIS_ADMIN=46249, RATIS_SERVER=46249, STANDALONE=46797], networkLocation: /default-rack, certSerialId: null, persistedOpState: IN_SERVICE, persistedOpStateExpiryEpochSec: 0}, ReplicationConfig: RATIS/ONE, State:ALLOCATED, leaderId:b8b6e90f-0b6d-4a0e-9c52-5d158a862858, CreationTimestamp2022-01-11T15:47:09.460Z[Etc/UTC]] moved to OPEN state
2022-01-11 15:47:12,492 [EventQueue-OpenPipelineForHealthyPipelineSafeModeRule] INFO  safemode.SCMSafeModeManager (HealthyPipelineSafeModeRule.java:process(124)) - SCM in safe mode. Healthy pipelines reported count is 0, required healthy pipeline reported count is 1
2022-01-11 15:47:12,501 [pool-167-thread-1] INFO  server.RaftServerConfigKeys (ConfUtils.java:logGet(44)) - raft.server.snapshot.auto.trigger.enabled = true (custom)
2022-01-11 15:47:12,510 [pool-167-thread-1] INFO  server.RaftServerConfigKeys (ConfUtils.java:logGet(44)) - raft.server.snapshot.auto.trigger.threshold = 10000 (custom)
2022-01-11 15:47:12,510 [pool-167-thread-1] INFO  server.RaftServerConfigKeys (ConfUtils.java:logGet(44)) - raft.server.snapshot.retention.file.num = 5 (custom)
2022-01-11 15:47:12,510 [pool-167-thread-1] INFO  server.RaftServerConfigKeys (ConfUtils.java:logGet(44)) - raft.server.log.purge.upto.snapshot.index = false (default)
2022-01-11 15:47:12,510 [pool-167-thread-1] INFO  server.RaftServerConfigKeys (ConfUtils.java:logGet(44)) - raft.server.retrycache.expirytime = 600000ms (custom)
2022-01-11 15:47:12,510 [pool-167-thread-1] INFO  server.RaftServerConfigKeys (ConfUtils.java:logGet(44)) - raft.server.retrycache.statistics.expirytime = 100μs (default)
2022-01-11 15:47:12,514 [pool-167-thread-1] INFO  server.RaftServer$Division (RaftServerImpl.java:start(301)) - b8b6e90f-0b6d-4a0e-9c52-5d158a862858@group-A21FF6CF04C2: start as a follower, conf=-1: [b8b6e90f-0b6d-4a0e-9c52-5d158a862858|rpc:10.1.0.14:46249|priority:1], old=null
2022-01-11 15:47:12,514 [pool-167-thread-1] INFO  server.RaftServer$Division (RaftServerImpl.java:setRole(290)) - b8b6e90f-0b6d-4a0e-9c52-5d158a862858@group-A21FF6CF04C2: changes role from      null to FOLLOWER at term 0 for startAsFollower
2022-01-11 15:47:12,514 [pool-167-thread-1] INFO  impl.RoleInfo (RoleInfo.java:updateAndGet(130)) - b8b6e90f-0b6d-4a0e-9c52-5d158a862858: start b8b6e90f-0b6d-4a0e-9c52-5d158a862858@group-A21FF6CF04C2-FollowerState
2022-01-11 15:47:12,527 [pool-167-thread-1] INFO  util.JmxRegister (JmxRegister.java:tryRegister(44)) - Successfully registered JMX Bean with object name Ratis:service=RaftServer,group=group-A21FF6CF04C2,id=b8b6e90f-0b6d-4a0e-9c52-5d158a862858
2022-01-11 15:47:12,529 [Command processor thread] INFO  ratis.XceiverServerRatis (XceiverServerRatis.java:addGroup(768)) - Created group PipelineID=b094b87e-f6a0-4e3f-8c5c-a21ff6cf04c2
2022-01-11 15:47:12,530 [Command processor thread] INFO  commandhandler.CreatePipelineCommandHandler (CreatePipelineCommandHandler.java:handle(106)) - Created Pipeline RATIS ONE PipelineID=b094b87e-f6a0-4e3f-8c5c-a21ff6cf04c2.
2022-01-11 15:47:12,530 [Command processor thread] INFO  server.RaftServer (RaftServerProxy.java:addNew(95)) - b8b6e90f-0b6d-4a0e-9c52-5d158a862858: addNew group-C1052DE82F17:[1f329afc-3498-4638-8074-19fd337e8a73|rpc:10.1.0.14:45819|priority:0, 17325594-a0c4-4bf2-bfba-0a794a24d581|rpc:10.1.0.14:35517|priority:0, b8b6e90f-0b6d-4a0e-9c52-5d158a862858|rpc:10.1.0.14:46249|priority:1] returns group-C1052DE82F17:java.util.concurrent.CompletableFuture@3c3d8875[Not completed]
2022-01-11 15:47:12,531 [pool-167-thread-1] INFO  server.RaftServer$Division (RaftServerImpl.java:<init>(184)) - b8b6e90f-0b6d-4a0e-9c52-5d158a862858: new RaftServerImpl for group-C1052DE82F17:[1f329afc-3498-4638-8074-19fd337e8a73|rpc:10.1.0.14:45819|priority:0, 17325594-a0c4-4bf2-bfba-0a794a24d581|rpc:10.1.0.14:35517|priority:0, b8b6e90f-0b6d-4a0e-9c52-5d158a862858|rpc:10.1.0.14:46249|priority:1] with ContainerStateMachine:uninitialized
2022-01-11 15:47:12,531 [pool-167-thread-1] INFO  server.RaftServerConfigKeys (ConfUtils.java:logGet(44)) - raft.server.rpc.timeout.min = 5s (custom)
2022-01-11 15:47:12,531 [pool-167-thread-1] INFO  server.RaftServerConfigKeys (ConfUtils.java:logGet(44)) - raft.server.rpc.timeout.max = 5200ms (custom)
2022-01-11 15:47:12,531 [pool-167-thread-1] INFO  server.RaftServerConfigKeys (ConfUtils.java:logGet(44)) - raft.server.rpc.sleep.time = 25ms (default)
2022-01-11 15:47:12,531 [pool-167-thread-1] INFO  server.RaftServerConfigKeys (ConfUtils.java:logGet(44)) - raft.server.rpc.slowness.timeout = 300s (custom)
2022-01-11 15:47:12,531 [pool-167-thread-1] INFO  server.RaftServerConfigKeys (ConfUtils.java:logGet(44)) - raft.server.leaderelection.leader.step-down.wait-time = 10s (default)
2022-01-11 15:47:12,531 [pool-167-thread-1] INFO  server.RaftServerConfigKeys (ConfUtils.java:logGet(44)) - raft.server.sleep.deviation.threshold = 300ms (default)
2022-01-11 15:47:12,531 [pool-167-thread-1] INFO  server.RaftServerConfigKeys (ConfUtils.java:logGet(44)) - raft.server.log.appender.install.snapshot.enabled = false (custom)
2022-01-11 15:47:12,531 [pool-167-thread-1] INFO  server.RaftServer$Division (ServerState.java:<init>(105)) - b8b6e90f-0b6d-4a0e-9c52-5d158a862858@group-C1052DE82F17: ConfigurationManager, init=-1: [1f329afc-3498-4638-8074-19fd337e8a73|rpc:10.1.0.14:45819|priority:0, 17325594-a0c4-4bf2-bfba-0a794a24d581|rpc:10.1.0.14:35517|priority:0, b8b6e90f-0b6d-4a0e-9c52-5d158a862858|rpc:10.1.0.14:46249|priority:1], old=null, confs=<EMPTY_MAP>
2022-01-11 15:47:12,531 [pool-167-thread-1] INFO  server.RaftServerConfigKeys (ConfUtils.java:logGet(44)) - raft.server.storage.dir = [/home/runner/work/ozone/ozone/hadoop-ozone/integration-test/target/test-dir/MiniOzoneClusterImpl-fae222aa-c845-448a-91ca-36ac3ba36394/datanode-2/data/ratis] (custom)
2022-01-11 15:47:12,531 [pool-167-thread-1] INFO  server.RaftServerConfigKeys (ConfUtils.java:logGet(44)) - raft.server.log.corruption.policy = EXCEPTION (default)
2022-01-11 15:47:12,532 [pool-167-thread-1] INFO  server.RaftServerConfigKeys (ConfUtils.java:logGet(44)) - raft.server.storage.free-space.min = 0MB (=0) (default)
2022-01-11 15:47:12,532 [pool-167-thread-1] INFO  storage.RaftStorageDirectory (RaftStorageDirectoryImpl.java:analyzeStorage(135)) - The storage directory /home/runner/work/ozone/ozone/hadoop-ozone/integration-test/target/test-dir/MiniOzoneClusterImpl-fae222aa-c845-448a-91ca-36ac3ba36394/datanode-2/data/ratis/8c1a67d2-3e9e-4f84-9423-c1052de82f17 does not exist. Creating ...
2022-01-11 15:47:12,533 [pool-167-thread-1] INFO  storage.RaftStorageDirectory (RaftStorageDirectoryImpl.java:tryLock(230)) - Lock on /home/runner/work/ozone/ozone/hadoop-ozone/integration-test/target/test-dir/MiniOzoneClusterImpl-fae222aa-c845-448a-91ca-36ac3ba36394/datanode-2/data/ratis/8c1a67d2-3e9e-4f84-9423-c1052de82f17/in_use.lock acquired by nodename 25112@fv-az50-677
2022-01-11 15:47:12,534 [pool-167-thread-1] INFO  storage.RaftStorage (RaftStorageImpl.java:format(89)) - Storage directory /home/runner/work/ozone/ozone/hadoop-ozone/integration-test/target/test-dir/MiniOzoneClusterImpl-fae222aa-c845-448a-91ca-36ac3ba36394/datanode-2/data/ratis/8c1a67d2-3e9e-4f84-9423-c1052de82f17 has been successfully formatted.
2022-01-11 15:47:12,534 [pool-167-thread-1] INFO  ratis.ContainerStateMachine (ContainerStateMachine.java:loadSnapshot(231)) - group-C1052DE82F17: The snapshot info is null. Setting the last applied indexto:(t:0, i:~)
2022-01-11 15:47:12,534 [pool-167-thread-1] INFO  server.RaftServerConfigKeys (ConfUtils.java:logGet(44)) - raft.server.notification.no-leader.timeout = 300s (custom)
2022-01-11 15:47:12,534 [pool-167-thread-1] INFO  server.RaftServerConfigKeys (ConfUtils.java:logGet(44)) - raft.server.log.use.memory = false (default)
2022-01-11 15:47:12,534 [pool-167-thread-1] INFO  server.RaftServerConfigKeys (ConfUtils.java:logGet(44)) - raft.server.log.purge.gap = 1000000 (custom)
2022-01-11 15:47:12,535 [pool-167-thread-1] INFO  server.RaftServerConfigKeys (ConfUtils.java:logGet(44)) - raft.server.log.appender.buffer.byte-limit = 33554432 (custom)
2022-01-11 15:47:12,535 [pool-167-thread-1] INFO  server.RaftServerConfigKeys (ConfUtils.java:logGet(44)) - raft.server.log.segment.size.max = 1048576 (custom)
2022-01-11 15:47:12,535 [pool-167-thread-1] INFO  server.RaftServerConfigKeys (ConfUtils.java:logGet(44)) - raft.server.log.segment.cache.num.max = 2 (custom)
2022-01-11 15:47:12,535 [pool-167-thread-1] INFO  server.RaftServerConfigKeys (ConfUtils.java:logGet(44)) - raft.server.log.segment.cache.size.max = 200MB (=209715200) (default)
2022-01-11 15:47:12,535 [pool-167-thread-1] INFO  segmented.SegmentedRaftLogWorker (SegmentedRaftLogWorker.java:<init>(182)) - new b8b6e90f-0b6d-4a0e-9c52-5d158a862858@group-C1052DE82F17-SegmentedRaftLogWorker for RaftStorageImpl:Storage Directory /home/runner/work/ozone/ozone/hadoop-ozone/integration-test/target/test-dir/MiniOzoneClusterImpl-fae222aa-c845-448a-91ca-36ac3ba36394/datanode-2/data/ratis/8c1a67d2-3e9e-4f84-9423-c1052de82f17
2022-01-11 15:47:12,535 [pool-167-thread-1] INFO  server.RaftServerConfigKeys (ConfUtils.java:logGet(44)) - raft.server.log.queue.byte-limit = 2147483647 (custom)
2022-01-11 15:47:12,535 [pool-167-thread-1] INFO  server.RaftServerConfigKeys (ConfUtils.java:logGet(44)) - raft.server.log.queue.element-limit = 1024 (custom)
2022-01-11 15:47:12,535 [pool-167-thread-1] INFO  server.RaftServerConfigKeys (ConfUtils.java:logGet(44)) - raft.server.log.segment.size.max = 1048576 (custom)
2022-01-11 15:47:12,536 [pool-167-thread-1] INFO  server.RaftServerConfigKeys (ConfUtils.java:logGet(44)) - raft.server.log.preallocated.size = 16384 (custom)
2022-01-11 15:47:12,536 [pool-167-thread-1] INFO  server.RaftServerConfigKeys (ConfUtils.java:logGet(44)) - raft.server.log.force.sync.num = 128 (default)
2022-01-11 15:47:12,536 [pool-167-thread-1] INFO  server.RaftServerConfigKeys (ConfUtils.java:logGet(44)) - raft.server.log.statemachine.data.sync = true (default)
2022-01-11 15:47:12,536 [pool-167-thread-1] INFO  server.RaftServerConfigKeys (ConfUtils.java:logGet(44)) - raft.server.log.statemachine.data.sync.timeout = 10s (default)
2022-01-11 15:47:12,536 [pool-167-thread-1] INFO  server.RaftServerConfigKeys (ConfUtils.java:logGet(44)) - raft.server.log.statemachine.data.sync.timeout.retry = -1 (default)
2022-01-11 15:47:12,537 [pool-167-thread-1] INFO  server.RaftServerConfigKeys (ConfUtils.java:logGet(44)) - raft.server.log.write.buffer.size = 1048576 (custom)
2022-01-11 15:47:12,537 [pool-167-thread-1] INFO  server.RaftServerConfigKeys (ConfUtils.java:logGet(44)) - raft.server.log.statemachine.data.caching.enabled = true (custom)
2022-01-11 15:47:12,537 [pool-167-thread-1] INFO  segmented.SegmentedRaftLogWorker (SegmentedRaftLogWorker.java:lambda$new$0(133)) - b8b6e90f-0b6d-4a0e-9c52-5d158a862858@group-C1052DE82F17-SegmentedRaftLogWorker: flushIndex: setUnconditionally 0 -> -1
2022-01-11 15:47:12,538 [pool-167-thread-1] INFO  segmented.SegmentedRaftLogWorker (SegmentedRaftLogWorker.java:lambda$new$0(133)) - b8b6e90f-0b6d-4a0e-9c52-5d158a862858@group-C1052DE82F17-SegmentedRaftLogWorker: safeCacheEvictIndex: setUnconditionally 0 -> -1
2022-01-11 15:47:12,557 [pool-167-thread-1] INFO  server.RaftServerConfigKeys (ConfUtils.java:logGet(44)) - raft.server.snapshot.auto.trigger.enabled = true (custom)
2022-01-11 15:47:12,557 [pool-167-thread-1] INFO  server.RaftServerConfigKeys (ConfUtils.java:logGet(44)) - raft.server.snapshot.auto.trigger.threshold = 10000 (custom)
2022-01-11 15:47:12,557 [pool-167-thread-1] INFO  server.RaftServerConfigKeys (ConfUtils.java:logGet(44)) - raft.server.snapshot.retention.file.num = 5 (custom)
2022-01-11 15:47:12,557 [pool-167-thread-1] INFO  server.RaftServerConfigKeys (ConfUtils.java:logGet(44)) - raft.server.log.purge.upto.snapshot.index = false (default)
2022-01-11 15:47:12,558 [pool-167-thread-1] INFO  server.RaftServerConfigKeys (ConfUtils.java:logGet(44)) - raft.server.retrycache.expirytime = 600000ms (custom)
2022-01-11 15:47:12,558 [pool-167-thread-1] INFO  server.RaftServerConfigKeys (ConfUtils.java:logGet(44)) - raft.server.retrycache.statistics.expirytime = 100μs (default)
2022-01-11 15:47:12,559 [pool-167-thread-1] INFO  server.RaftServer$Division (RaftServerImpl.java:start(301)) - b8b6e90f-0b6d-4a0e-9c52-5d158a862858@group-C1052DE82F17: start as a follower, conf=-1: [1f329afc-3498-4638-8074-19fd337e8a73|rpc:10.1.0.14:45819|priority:0, 17325594-a0c4-4bf2-bfba-0a794a24d581|rpc:10.1.0.14:35517|priority:0, b8b6e90f-0b6d-4a0e-9c52-5d158a862858|rpc:10.1.0.14:46249|priority:1], old=null
2022-01-11 15:47:12,559 [pool-167-thread-1] INFO  server.RaftServer$Division (RaftServerImpl.java:setRole(290)) - b8b6e90f-0b6d-4a0e-9c52-5d158a862858@group-C1052DE82F17: changes role from      null to FOLLOWER at term 0 for startAsFollower
2022-01-11 15:47:12,559 [pool-167-thread-1] INFO  impl.RoleInfo (RoleInfo.java:updateAndGet(130)) - b8b6e90f-0b6d-4a0e-9c52-5d158a862858: start b8b6e90f-0b6d-4a0e-9c52-5d158a862858@group-C1052DE82F17-FollowerState
2022-01-11 15:47:12,563 [pool-167-thread-1] INFO  util.JmxRegister (JmxRegister.java:tryRegister(44)) - Successfully registered JMX Bean with object name Ratis:service=RaftServer,group=group-C1052DE82F17,id=b8b6e90f-0b6d-4a0e-9c52-5d158a862858
2022-01-11 15:47:12,573 [Command processor thread] INFO  ratis.XceiverServerRatis (XceiverServerRatis.java:addGroup(768)) - Created group PipelineID=8c1a67d2-3e9e-4f84-9423-c1052de82f17
2022-01-11 15:47:12,578 [EventQueue-OpenPipelineForHealthyPipelineSafeModeRule] INFO  safemode.SCMSafeModeManager (HealthyPipelineSafeModeRule.java:process(124)) - SCM in safe mode. Healthy pipelines reported count is 0, required healthy pipeline reported count is 1
2022-01-11 15:47:12,849 [Command processor thread] INFO  commandhandler.CreatePipelineCommandHandler (CreatePipelineCommandHandler.java:handle(106)) - Created Pipeline RATIS THREE PipelineID=8c1a67d2-3e9e-4f84-9423-c1052de82f17.
2022-01-11 15:47:12,858 [Command processor thread] INFO  commandhandler.CreatePipelineCommandHandler (CreatePipelineCommandHandler.java:handle(106)) - Created Pipeline RATIS THREE PipelineID=8c1a67d2-3e9e-4f84-9423-c1052de82f17.
2022-01-11 15:47:12,866 [Command processor thread] INFO  commandhandler.CreatePipelineCommandHandler (CreatePipelineCommandHandler.java:handle(106)) - Created Pipeline RATIS THREE PipelineID=8c1a67d2-3e9e-4f84-9423-c1052de82f17.
2022-01-11 15:47:13,443 [Listener at 127.0.0.1/38029] INFO  ozone.MiniOzoneClusterImpl (MiniOzoneClusterImpl.java:lambda$waitForClusterToBeReady$0(235)) - Nodes are ready. Got 3 of 3 DN Heartbeats.
2022-01-11 15:47:13,444 [Listener at 127.0.0.1/38029] INFO  ozone.MiniOzoneClusterImpl (MiniOzoneClusterImpl.java:lambda$waitForClusterToBeReady$0(238)) - Waiting for cluster to exit safe mode
2022-01-11 15:47:13,444 [Listener at 127.0.0.1/38029] INFO  ozone.MiniOzoneClusterImpl (MiniOzoneClusterImpl.java:lambda$waitForClusterToBeReady$0(240)) - SCM became leader
2022-01-11 15:47:14,444 [Listener at 127.0.0.1/38029] INFO  ozone.MiniOzoneClusterImpl (MiniOzoneClusterImpl.java:lambda$waitForClusterToBeReady$0(235)) - Nodes are ready. Got 3 of 3 DN Heartbeats.
2022-01-11 15:47:14,444 [Listener at 127.0.0.1/38029] INFO  ozone.MiniOzoneClusterImpl (MiniOzoneClusterImpl.java:lambda$waitForClusterToBeReady$0(238)) - Waiting for cluster to exit safe mode
2022-01-11 15:47:14,444 [Listener at 127.0.0.1/38029] INFO  ozone.MiniOzoneClusterImpl (MiniOzoneClusterImpl.java:lambda$waitForClusterToBeReady$0(240)) - SCM became leader
2022-01-11 15:47:15,445 [Listener at 127.0.0.1/38029] INFO  ozone.MiniOzoneClusterImpl (MiniOzoneClusterImpl.java:lambda$waitForClusterToBeReady$0(235)) - Nodes are ready. Got 3 of 3 DN Heartbeats.
2022-01-11 15:47:15,445 [Listener at 127.0.0.1/38029] INFO  ozone.MiniOzoneClusterImpl (MiniOzoneClusterImpl.java:lambda$waitForClusterToBeReady$0(238)) - Waiting for cluster to exit safe mode
2022-01-11 15:47:15,445 [Listener at 127.0.0.1/38029] INFO  ozone.MiniOzoneClusterImpl (MiniOzoneClusterImpl.java:lambda$waitForClusterToBeReady$0(240)) - SCM became leader
2022-01-11 15:47:16,445 [Listener at 127.0.0.1/38029] INFO  ozone.MiniOzoneClusterImpl (MiniOzoneClusterImpl.java:lambda$waitForClusterToBeReady$0(235)) - Nodes are ready. Got 3 of 3 DN Heartbeats.
2022-01-11 15:47:16,446 [Listener at 127.0.0.1/38029] INFO  ozone.MiniOzoneClusterImpl (MiniOzoneClusterImpl.java:lambda$waitForClusterToBeReady$0(238)) - Waiting for cluster to exit safe mode
2022-01-11 15:47:16,446 [Listener at 127.0.0.1/38029] INFO  ozone.MiniOzoneClusterImpl (MiniOzoneClusterImpl.java:lambda$waitForClusterToBeReady$0(240)) - SCM became leader
2022-01-11 15:47:17,083 [1f329afc-3498-4638-8074-19fd337e8a73@group-79A37B73F7B6-FollowerState] INFO  impl.FollowerState (FollowerState.java:run(134)) - 1f329afc-3498-4638-8074-19fd337e8a73@group-79A37B73F7B6-FollowerState: change to CANDIDATE, lastRpcElapsedTime:5194106280ns, electionTimeout:5186ms
2022-01-11 15:47:17,084 [1f329afc-3498-4638-8074-19fd337e8a73@group-79A37B73F7B6-FollowerState] INFO  impl.RoleInfo (RoleInfo.java:shutdownFollowerState(108)) - 1f329afc-3498-4638-8074-19fd337e8a73: shutdown 1f329afc-3498-4638-8074-19fd337e8a73@group-79A37B73F7B6-FollowerState
2022-01-11 15:47:17,084 [1f329afc-3498-4638-8074-19fd337e8a73@group-79A37B73F7B6-FollowerState] INFO  server.RaftServer$Division (RaftServerImpl.java:setRole(290)) - 1f329afc-3498-4638-8074-19fd337e8a73@group-79A37B73F7B6: changes role from  FOLLOWER to CANDIDATE at term 0 for changeToCandidate
2022-01-11 15:47:17,084 [1f329afc-3498-4638-8074-19fd337e8a73@group-79A37B73F7B6-FollowerState] INFO  server.RaftServerConfigKeys (ConfUtils.java:logGet(44)) - raft.server.leaderelection.pre-vote = false (custom)
2022-01-11 15:47:17,084 [1f329afc-3498-4638-8074-19fd337e8a73@group-79A37B73F7B6-FollowerState] INFO  impl.RoleInfo (RoleInfo.java:updateAndGet(130)) - 1f329afc-3498-4638-8074-19fd337e8a73: start 1f329afc-3498-4638-8074-19fd337e8a73@group-79A37B73F7B6-LeaderElection4
2022-01-11 15:47:17,095 [1f329afc-3498-4638-8074-19fd337e8a73@group-79A37B73F7B6-LeaderElection4] INFO  impl.LeaderElection (LeaderElection.java:askForVotes(306)) - 1f329afc-3498-4638-8074-19fd337e8a73@group-79A37B73F7B6-LeaderElection4 ELECTION round 0: submit vote requests at term 1 for -1: [1f329afc-3498-4638-8074-19fd337e8a73|rpc:10.1.0.14:45819|priority:1], old=null
2022-01-11 15:47:17,096 [1f329afc-3498-4638-8074-19fd337e8a73@group-79A37B73F7B6-LeaderElection4] INFO  impl.LeaderElection (LeaderElection.java:askForVotes(308)) - 1f329afc-3498-4638-8074-19fd337e8a73@group-79A37B73F7B6-LeaderElection4 ELECTION round 0: result PASSED (term=1)
2022-01-11 15:47:17,096 [1f329afc-3498-4638-8074-19fd337e8a73@group-79A37B73F7B6-LeaderElection4] INFO  impl.RoleInfo (RoleInfo.java:shutdownLeaderElection(121)) - 1f329afc-3498-4638-8074-19fd337e8a73: shutdown 1f329afc-3498-4638-8074-19fd337e8a73@group-79A37B73F7B6-LeaderElection4
2022-01-11 15:47:17,096 [1f329afc-3498-4638-8074-19fd337e8a73@group-79A37B73F7B6-LeaderElection4] INFO  server.RaftServer$Division (RaftServerImpl.java:setRole(290)) - 1f329afc-3498-4638-8074-19fd337e8a73@group-79A37B73F7B6: changes role from CANDIDATE to LEADER at term 1 for changeToLeader
2022-01-11 15:47:17,096 [1f329afc-3498-4638-8074-19fd337e8a73@group-79A37B73F7B6-LeaderElection4] INFO  ratis.XceiverServerRatis (XceiverServerRatis.java:handleLeaderChangedNotification(866)) - Leader change notification received for group: group-79A37B73F7B6 with new leaderId: 1f329afc-3498-4638-8074-19fd337e8a73
2022-01-11 15:47:17,098 [EventQueue-OpenPipelineForHealthyPipelineSafeModeRule] INFO  safemode.SCMSafeModeManager (HealthyPipelineSafeModeRule.java:process(124)) - SCM in safe mode. Healthy pipelines reported count is 0, required healthy pipeline reported count is 1
2022-01-11 15:47:17,100 [1f329afc-3498-4638-8074-19fd337e8a73@group-79A37B73F7B6-LeaderElection4] INFO  server.RaftServer$Division (ServerState.java:setLeader(285)) - 1f329afc-3498-4638-8074-19fd337e8a73@group-79A37B73F7B6: change Leader from null to 1f329afc-3498-4638-8074-19fd337e8a73 at term 1 for becomeLeader, leader elected after 5231ms
2022-01-11 15:47:17,100 [1f329afc-3498-4638-8074-19fd337e8a73@group-79A37B73F7B6-LeaderElection4] INFO  server.RaftServerConfigKeys (ConfUtils.java:logGet(44)) - raft.server.staging.catchup.gap = 1000 (default)
2022-01-11 15:47:17,104 [1f329afc-3498-4638-8074-19fd337e8a73@group-C1052DE82F17-FollowerState] INFO  impl.FollowerState (FollowerState.java:run(134)) - 1f329afc-3498-4638-8074-19fd337e8a73@group-C1052DE82F17-FollowerState: change to CANDIDATE, lastRpcElapsedTime:5180930499ns, electionTimeout:5172ms
2022-01-11 15:47:17,105 [1f329afc-3498-4638-8074-19fd337e8a73@group-C1052DE82F17-FollowerState] INFO  impl.RoleInfo (RoleInfo.java:shutdownFollowerState(108)) - 1f329afc-3498-4638-8074-19fd337e8a73: shutdown 1f329afc-3498-4638-8074-19fd337e8a73@group-C1052DE82F17-FollowerState
2022-01-11 15:47:17,105 [1f329afc-3498-4638-8074-19fd337e8a73@group-C1052DE82F17-FollowerState] INFO  server.RaftServer$Division (RaftServerImpl.java:setRole(290)) - 1f329afc-3498-4638-8074-19fd337e8a73@group-C1052DE82F17: changes role from  FOLLOWER to CANDIDATE at term 0 for changeToCandidate
2022-01-11 15:47:17,105 [1f329afc-3498-4638-8074-19fd337e8a73@group-C1052DE82F17-FollowerState] INFO  server.RaftServerConfigKeys (ConfUtils.java:logGet(44)) - raft.server.leaderelection.pre-vote = false (custom)
2022-01-11 15:47:17,105 [1f329afc-3498-4638-8074-19fd337e8a73@group-C1052DE82F17-FollowerState] INFO  impl.RoleInfo (RoleInfo.java:updateAndGet(130)) - 1f329afc-3498-4638-8074-19fd337e8a73: start 1f329afc-3498-4638-8074-19fd337e8a73@group-C1052DE82F17-LeaderElection5
2022-01-11 15:47:17,107 [1f329afc-3498-4638-8074-19fd337e8a73@group-79A37B73F7B6-LeaderElection4] INFO  server.RaftServerConfigKeys (ConfUtils.java:logGet(44)) - raft.server.write.element-limit = 1024 (custom)
2022-01-11 15:47:17,107 [1f329afc-3498-4638-8074-19fd337e8a73@group-79A37B73F7B6-LeaderElection4] INFO  server.RaftServerConfigKeys (ConfUtils.java:logGet(44)) - raft.server.write.byte-limit = 1024 M (=1073741824) (custom)
2022-01-11 15:47:17,107 [1f329afc-3498-4638-8074-19fd337e8a73@group-79A37B73F7B6-LeaderElection4] INFO  server.RaftServerConfigKeys (ConfUtils.java:logGet(44)) - raft.server.watch.timeout = 180s (custom)
2022-01-11 15:47:17,111 [1f329afc-3498-4638-8074-19fd337e8a73@group-79A37B73F7B6-LeaderElection4] INFO  server.RaftServerConfigKeys (ConfUtils.java:logGet(44)) - raft.server.watch.timeout.denomination = 1s (default)
2022-01-11 15:47:17,111 [1f329afc-3498-4638-8074-19fd337e8a73@group-79A37B73F7B6-LeaderElection4] INFO  server.RaftServerConfigKeys (ConfUtils.java:logGet(44)) - raft.server.watch.element-limit = 65536 (default)
2022-01-11 15:47:17,114 [1f329afc-3498-4638-8074-19fd337e8a73@group-79A37B73F7B6-LeaderElection4] INFO  server.RaftServerConfigKeys (ConfUtils.java:logGet(44)) - raft.server.write.element-limit = 1024 (custom)
2022-01-11 15:47:17,114 [1f329afc-3498-4638-8074-19fd337e8a73@group-79A37B73F7B6-LeaderElection4] INFO  server.RaftServerConfigKeys (ConfUtils.java:logGet(44)) - raft.server.write.follower.gap.ratio.max = -1.0 (default)
2022-01-11 15:47:17,114 [1f329afc-3498-4638-8074-19fd337e8a73@group-79A37B73F7B6-LeaderElection4] INFO  impl.RoleInfo (RoleInfo.java:updateAndGet(130)) - 1f329afc-3498-4638-8074-19fd337e8a73: start 1f329afc-3498-4638-8074-19fd337e8a73@group-79A37B73F7B6-LeaderStateImpl
2022-01-11 15:47:17,115 [1f329afc-3498-4638-8074-19fd337e8a73@group-C1052DE82F17-LeaderElection5] INFO  impl.LeaderElection (LeaderElection.java:askForVotes(306)) - 1f329afc-3498-4638-8074-19fd337e8a73@group-C1052DE82F17-LeaderElection5 ELECTION round 0: submit vote requests at term 1 for -1: [1f329afc-3498-4638-8074-19fd337e8a73|rpc:10.1.0.14:45819|priority:0, 17325594-a0c4-4bf2-bfba-0a794a24d581|rpc:10.1.0.14:35517|priority:0, b8b6e90f-0b6d-4a0e-9c52-5d158a862858|rpc:10.1.0.14:46249|priority:1], old=null
2022-01-11 15:47:17,120 [1f329afc-3498-4638-8074-19fd337e8a73@group-79A37B73F7B6-LeaderElection4] INFO  segmented.SegmentedRaftLogWorker (SegmentedRaftLogWorker.java:startLogSegment(394)) - 1f329afc-3498-4638-8074-19fd337e8a73@group-79A37B73F7B6-SegmentedRaftLogWorker: Starting segment from index:0
2022-01-11 15:47:17,126 [1f329afc-3498-4638-8074-19fd337e8a73@group-79A37B73F7B6-SegmentedRaftLogWorker] INFO  segmented.SegmentedRaftLogWorker (SegmentedRaftLogWorker.java:execute(601)) - 1f329afc-3498-4638-8074-19fd337e8a73@group-79A37B73F7B6-SegmentedRaftLogWorker: created new log segment /home/runner/work/ozone/ozone/hadoop-ozone/integration-test/target/test-dir/MiniOzoneClusterImpl-fae222aa-c845-448a-91ca-36ac3ba36394/datanode-0/data/ratis/51f46005-e14f-4627-ac5f-79a37b73f7b6/current/log_inprogress_0
2022-01-11 15:47:17,130 [1f329afc-3498-4638-8074-19fd337e8a73@group-79A37B73F7B6-LeaderElection4] INFO  server.RaftServer$Division (ServerState.java:setRaftConf(387)) - 1f329afc-3498-4638-8074-19fd337e8a73@group-79A37B73F7B6: set configuration 0: [1f329afc-3498-4638-8074-19fd337e8a73|rpc:10.1.0.14:45819|dataStream:|priority:1], old=null
2022-01-11 15:47:17,155 [grpc-default-executor-0] INFO  server.RaftServer$Division (RaftServerImpl.java:requestVote(1046)) - 17325594-a0c4-4bf2-bfba-0a794a24d581@group-C1052DE82F17: receive requestVote(ELECTION, 1f329afc-3498-4638-8074-19fd337e8a73, group-C1052DE82F17, 1, (t:0, i:0))
2022-01-11 15:47:17,157 [grpc-default-executor-0] INFO  impl.VoteContext (VoteContext.java:log(48)) - 17325594-a0c4-4bf2-bfba-0a794a24d581@group-C1052DE82F17-FOLLOWER: accept ELECTION from 1f329afc-3498-4638-8074-19fd337e8a73: our priority 0 <= candidate's priority 0
2022-01-11 15:47:17,158 [grpc-default-executor-0] INFO  server.RaftServer$Division (RaftServerImpl.java:setRole(290)) - 17325594-a0c4-4bf2-bfba-0a794a24d581@group-C1052DE82F17: changes role from  FOLLOWER to FOLLOWER at term 1 for candidate:1f329afc-3498-4638-8074-19fd337e8a73
2022-01-11 15:47:17,158 [grpc-default-executor-0] INFO  impl.RoleInfo (RoleInfo.java:shutdownFollowerState(108)) - 17325594-a0c4-4bf2-bfba-0a794a24d581: shutdown 17325594-a0c4-4bf2-bfba-0a794a24d581@group-C1052DE82F17-FollowerState
2022-01-11 15:47:17,158 [17325594-a0c4-4bf2-bfba-0a794a24d581@group-C1052DE82F17-FollowerState] INFO  impl.FollowerState (FollowerState.java:run(143)) - 17325594-a0c4-4bf2-bfba-0a794a24d581@group-C1052DE82F17-FollowerState was interrupted: {}
java.lang.InterruptedException: sleep interrupted
	at java.lang.Thread.sleep(Native Method)
	at java.lang.Thread.sleep(Thread.java:340)
	at java.util.concurrent.TimeUnit.sleep(TimeUnit.java:386)
	at org.apache.ratis.util.TimeDuration.sleep(TimeDuration.java:324)
	at org.apache.ratis.util.TimeDuration.sleep(TimeDuration.java:309)
	at org.apache.ratis.server.impl.FollowerState.run(FollowerState.java:118)
2022-01-11 15:47:17,159 [grpc-default-executor-0] INFO  impl.RoleInfo (RoleInfo.java:updateAndGet(130)) - 17325594-a0c4-4bf2-bfba-0a794a24d581: start 17325594-a0c4-4bf2-bfba-0a794a24d581@group-C1052DE82F17-FollowerState
2022-01-11 15:47:17,161 [grpc-default-executor-1] INFO  server.RaftServer$Division (RaftServerImpl.java:requestVote(1046)) - b8b6e90f-0b6d-4a0e-9c52-5d158a862858@group-C1052DE82F17: receive requestVote(ELECTION, 1f329afc-3498-4638-8074-19fd337e8a73, group-C1052DE82F17, 1, (t:0, i:0))
2022-01-11 15:47:17,161 [grpc-default-executor-1] INFO  impl.VoteContext (VoteContext.java:log(48)) - b8b6e90f-0b6d-4a0e-9c52-5d158a862858@group-C1052DE82F17-FOLLOWER: reject ELECTION from 1f329afc-3498-4638-8074-19fd337e8a73: our priority 1 > candidate's priority 0
2022-01-11 15:47:17,162 [grpc-default-executor-1] INFO  server.RaftServer$Division (RaftServerImpl.java:setRole(290)) - b8b6e90f-0b6d-4a0e-9c52-5d158a862858@group-C1052DE82F17: changes role from  FOLLOWER to FOLLOWER at term 1 for candidate:1f329afc-3498-4638-8074-19fd337e8a73
2022-01-11 15:47:17,162 [grpc-default-executor-1] INFO  impl.RoleInfo (RoleInfo.java:shutdownFollowerState(108)) - b8b6e90f-0b6d-4a0e-9c52-5d158a862858: shutdown b8b6e90f-0b6d-4a0e-9c52-5d158a862858@group-C1052DE82F17-FollowerState
2022-01-11 15:47:17,162 [grpc-default-executor-1] INFO  impl.RoleInfo (RoleInfo.java:updateAndGet(130)) - b8b6e90f-0b6d-4a0e-9c52-5d158a862858: start b8b6e90f-0b6d-4a0e-9c52-5d158a862858@group-C1052DE82F17-FollowerState
2022-01-11 15:47:17,162 [b8b6e90f-0b6d-4a0e-9c52-5d158a862858@group-C1052DE82F17-FollowerState] INFO  impl.FollowerState (FollowerState.java:run(143)) - b8b6e90f-0b6d-4a0e-9c52-5d158a862858@group-C1052DE82F17-FollowerState was interrupted: {}
java.lang.InterruptedException: sleep interrupted
	at java.lang.Thread.sleep(Native Method)
	at java.lang.Thread.sleep(Thread.java:340)
	at java.util.concurrent.TimeUnit.sleep(TimeUnit.java:386)
	at org.apache.ratis.util.TimeDuration.sleep(TimeDuration.java:324)
	at org.apache.ratis.util.TimeDuration.sleep(TimeDuration.java:309)
	at org.apache.ratis.server.impl.FollowerState.run(FollowerState.java:118)
2022-01-11 15:47:17,174 [grpc-default-executor-1] INFO  server.RaftServer$Division (RaftServerImpl.java:requestVote(1078)) - b8b6e90f-0b6d-4a0e-9c52-5d158a862858@group-C1052DE82F17 replies to ELECTION vote request: 1f329afc-3498-4638-8074-19fd337e8a73<-b8b6e90f-0b6d-4a0e-9c52-5d158a862858#0:FAIL-t1. Peer's state: b8b6e90f-0b6d-4a0e-9c52-5d158a862858@group-C1052DE82F17:t1, leader=null, voted=null, raftlog=b8b6e90f-0b6d-4a0e-9c52-5d158a862858@group-C1052DE82F17-SegmentedRaftLog:OPENED:c-1, conf=-1: [1f329afc-3498-4638-8074-19fd337e8a73|rpc:10.1.0.14:45819|priority:0, 17325594-a0c4-4bf2-bfba-0a794a24d581|rpc:10.1.0.14:35517|priority:0, b8b6e90f-0b6d-4a0e-9c52-5d158a862858|rpc:10.1.0.14:46249|priority:1], old=null
2022-01-11 15:47:17,177 [grpc-default-executor-0] INFO  server.RaftServer$Division (RaftServerImpl.java:requestVote(1078)) - 17325594-a0c4-4bf2-bfba-0a794a24d581@group-C1052DE82F17 replies to ELECTION vote request: 1f329afc-3498-4638-8074-19fd337e8a73<-17325594-a0c4-4bf2-bfba-0a794a24d581#0:OK-t1. Peer's state: 17325594-a0c4-4bf2-bfba-0a794a24d581@group-C1052DE82F17:t1, leader=null, voted=1f329afc-3498-4638-8074-19fd337e8a73, raftlog=17325594-a0c4-4bf2-bfba-0a794a24d581@group-C1052DE82F17-SegmentedRaftLog:OPENED:c-1, conf=-1: [1f329afc-3498-4638-8074-19fd337e8a73|rpc:10.1.0.14:45819|priority:0, 17325594-a0c4-4bf2-bfba-0a794a24d581|rpc:10.1.0.14:35517|priority:0, b8b6e90f-0b6d-4a0e-9c52-5d158a862858|rpc:10.1.0.14:46249|priority:1], old=null
2022-01-11 15:47:17,182 [1f329afc-3498-4638-8074-19fd337e8a73@group-C1052DE82F17-LeaderElection5] INFO  impl.LeaderElection (LeaderElection.java:logAndReturn(89)) - 1f329afc-3498-4638-8074-19fd337e8a73@group-C1052DE82F17-LeaderElection5: ELECTION REJECTED received 1 response(s) and 0 exception(s):
2022-01-11 15:47:17,186 [1f329afc-3498-4638-8074-19fd337e8a73@group-C1052DE82F17-LeaderElection5] INFO  impl.LeaderElection (LeaderElection.java:logAndReturn(93)) -   Response 0: 1f329afc-3498-4638-8074-19fd337e8a73<-b8b6e90f-0b6d-4a0e-9c52-5d158a862858#0:FAIL-t1
2022-01-11 15:47:17,186 [1f329afc-3498-4638-8074-19fd337e8a73@group-C1052DE82F17-LeaderElection5] INFO  impl.LeaderElection (LeaderElection.java:askForVotes(308)) - 1f329afc-3498-4638-8074-19fd337e8a73@group-C1052DE82F17-LeaderElection5 ELECTION round 0: result REJECTED
2022-01-11 15:47:17,186 [1f329afc-3498-4638-8074-19fd337e8a73@group-C1052DE82F17-LeaderElection5] INFO  server.RaftServer$Division (RaftServerImpl.java:setRole(290)) - 1f329afc-3498-4638-8074-19fd337e8a73@group-C1052DE82F17: changes role from CANDIDATE to FOLLOWER at term 1 for REJECTED
2022-01-11 15:47:17,186 [1f329afc-3498-4638-8074-19fd337e8a73@group-C1052DE82F17-LeaderElection5] INFO  impl.RoleInfo (RoleInfo.java:shutdownLeaderElection(121)) - 1f329afc-3498-4638-8074-19fd337e8a73: shutdown 1f329afc-3498-4638-8074-19fd337e8a73@group-C1052DE82F17-LeaderElection5
2022-01-11 15:47:17,187 [1f329afc-3498-4638-8074-19fd337e8a73@group-C1052DE82F17-LeaderElection5] INFO  impl.RoleInfo (RoleInfo.java:updateAndGet(130)) - 1f329afc-3498-4638-8074-19fd337e8a73: start 1f329afc-3498-4638-8074-19fd337e8a73@group-C1052DE82F17-FollowerState
2022-01-11 15:47:17,315 [17325594-a0c4-4bf2-bfba-0a794a24d581@group-6695AF81F4EC-FollowerState] INFO  impl.FollowerState (FollowerState.java:run(134)) - 17325594-a0c4-4bf2-bfba-0a794a24d581@group-6695AF81F4EC-FollowerState: change to CANDIDATE, lastRpcElapsedTime:5048530169ns, electionTimeout:5042ms
2022-01-11 15:47:17,316 [17325594-a0c4-4bf2-bfba-0a794a24d581@group-6695AF81F4EC-FollowerState] INFO  impl.RoleInfo (RoleInfo.java:shutdownFollowerState(108)) - 17325594-a0c4-4bf2-bfba-0a794a24d581: shutdown 17325594-a0c4-4bf2-bfba-0a794a24d581@group-6695AF81F4EC-FollowerState
2022-01-11 15:47:17,316 [17325594-a0c4-4bf2-bfba-0a794a24d581@group-6695AF81F4EC-FollowerState] INFO  server.RaftServer$Division (RaftServerImpl.java:setRole(290)) - 17325594-a0c4-4bf2-bfba-0a794a24d581@group-6695AF81F4EC: changes role from  FOLLOWER to CANDIDATE at term 0 for changeToCandidate
2022-01-11 15:47:17,316 [17325594-a0c4-4bf2-bfba-0a794a24d581@group-6695AF81F4EC-FollowerState] INFO  server.RaftServerConfigKeys (ConfUtils.java:logGet(44)) - raft.server.leaderelection.pre-vote = false (custom)
2022-01-11 15:47:17,316 [17325594-a0c4-4bf2-bfba-0a794a24d581@group-6695AF81F4EC-FollowerState] INFO  impl.RoleInfo (RoleInfo.java:updateAndGet(130)) - 17325594-a0c4-4bf2-bfba-0a794a24d581: start 17325594-a0c4-4bf2-bfba-0a794a24d581@group-6695AF81F4EC-LeaderElection6
2022-01-11 15:47:17,325 [17325594-a0c4-4bf2-bfba-0a794a24d581@group-6695AF81F4EC-LeaderElection6] INFO  impl.LeaderElection (LeaderElection.java:askForVotes(306)) - 17325594-a0c4-4bf2-bfba-0a794a24d581@group-6695AF81F4EC-LeaderElection6 ELECTION round 0: submit vote requests at term 1 for -1: [17325594-a0c4-4bf2-bfba-0a794a24d581|rpc:10.1.0.14:35517|priority:1], old=null
2022-01-11 15:47:17,325 [17325594-a0c4-4bf2-bfba-0a794a24d581@group-6695AF81F4EC-LeaderElection6] INFO  impl.LeaderElection (LeaderElection.java:askForVotes(308)) - 17325594-a0c4-4bf2-bfba-0a794a24d581@group-6695AF81F4EC-LeaderElection6 ELECTION round 0: result PASSED (term=1)
2022-01-11 15:47:17,325 [17325594-a0c4-4bf2-bfba-0a794a24d581@group-6695AF81F4EC-LeaderElection6] INFO  impl.RoleInfo (RoleInfo.java:shutdownLeaderElection(121)) - 17325594-a0c4-4bf2-bfba-0a794a24d581: shutdown 17325594-a0c4-4bf2-bfba-0a794a24d581@group-6695AF81F4EC-LeaderElection6
2022-01-11 15:47:17,325 [17325594-a0c4-4bf2-bfba-0a794a24d581@group-6695AF81F4EC-LeaderElection6] INFO  server.RaftServer$Division (RaftServerImpl.java:setRole(290)) - 17325594-a0c4-4bf2-bfba-0a794a24d581@group-6695AF81F4EC: changes role from CANDIDATE to LEADER at term 1 for changeToLeader
2022-01-11 15:47:17,325 [17325594-a0c4-4bf2-bfba-0a794a24d581@group-6695AF81F4EC-LeaderElection6] INFO  ratis.XceiverServerRatis (XceiverServerRatis.java:handleLeaderChangedNotification(866)) - Leader change notification received for group: group-6695AF81F4EC with new leaderId: 17325594-a0c4-4bf2-bfba-0a794a24d581
2022-01-11 15:47:17,327 [17325594-a0c4-4bf2-bfba-0a794a24d581@group-6695AF81F4EC-LeaderElection6] INFO  server.RaftServer$Division (ServerState.java:setLeader(285)) - 17325594-a0c4-4bf2-bfba-0a794a24d581@group-6695AF81F4EC: change Leader from null to 17325594-a0c4-4bf2-bfba-0a794a24d581 at term 1 for becomeLeader, leader elected after 5088ms
2022-01-11 15:47:17,328 [EventQueue-OpenPipelineForHealthyPipelineSafeModeRule] INFO  safemode.SCMSafeModeManager (HealthyPipelineSafeModeRule.java:process(124)) - SCM in safe mode. Healthy pipelines reported count is 0, required healthy pipeline reported count is 1
2022-01-11 15:47:17,329 [17325594-a0c4-4bf2-bfba-0a794a24d581@group-6695AF81F4EC-LeaderElection6] INFO  server.RaftServerConfigKeys (ConfUtils.java:logGet(44)) - raft.server.staging.catchup.gap = 1000 (default)
2022-01-11 15:47:17,331 [17325594-a0c4-4bf2-bfba-0a794a24d581@group-6695AF81F4EC-LeaderElection6] INFO  server.RaftServerConfigKeys (ConfUtils.java:logGet(44)) - raft.server.write.element-limit = 1024 (custom)
2022-01-11 15:47:17,331 [17325594-a0c4-4bf2-bfba-0a794a24d581@group-6695AF81F4EC-LeaderElection6] INFO  server.RaftServerConfigKeys (ConfUtils.java:logGet(44)) - raft.server.write.byte-limit = 1024 M (=1073741824) (custom)
2022-01-11 15:47:17,332 [17325594-a0c4-4bf2-bfba-0a794a24d581@group-6695AF81F4EC-LeaderElection6] INFO  server.RaftServerConfigKeys (ConfUtils.java:logGet(44)) - raft.server.watch.timeout = 180s (custom)
2022-01-11 15:47:17,332 [17325594-a0c4-4bf2-bfba-0a794a24d581@group-6695AF81F4EC-LeaderElection6] INFO  server.RaftServerConfigKeys (ConfUtils.java:logGet(44)) - raft.server.watch.timeout.denomination = 1s (default)
2022-01-11 15:47:17,332 [17325594-a0c4-4bf2-bfba-0a794a24d581@group-6695AF81F4EC-LeaderElection6] INFO  server.RaftServerConfigKeys (ConfUtils.java:logGet(44)) - raft.server.watch.element-limit = 65536 (default)
2022-01-11 15:47:17,332 [17325594-a0c4-4bf2-bfba-0a794a24d581@group-6695AF81F4EC-LeaderElection6] INFO  server.RaftServerConfigKeys (ConfUtils.java:logGet(44)) - raft.server.write.element-limit = 1024 (custom)
2022-01-11 15:47:17,332 [17325594-a0c4-4bf2-bfba-0a794a24d581@group-6695AF81F4EC-LeaderElection6] INFO  server.RaftServerConfigKeys (ConfUtils.java:logGet(44)) - raft.server.write.follower.gap.ratio.max = -1.0 (default)
2022-01-11 15:47:17,333 [17325594-a0c4-4bf2-bfba-0a794a24d581@group-6695AF81F4EC-LeaderElection6] INFO  impl.RoleInfo (RoleInfo.java:updateAndGet(130)) - 17325594-a0c4-4bf2-bfba-0a794a24d581: start 17325594-a0c4-4bf2-bfba-0a794a24d581@group-6695AF81F4EC-LeaderStateImpl
2022-01-11 15:47:17,333 [17325594-a0c4-4bf2-bfba-0a794a24d581@group-6695AF81F4EC-LeaderElection6] INFO  segmented.SegmentedRaftLogWorker (SegmentedRaftLogWorker.java:startLogSegment(394)) - 17325594-a0c4-4bf2-bfba-0a794a24d581@group-6695AF81F4EC-SegmentedRaftLogWorker: Starting segment from index:0
2022-01-11 15:47:17,334 [17325594-a0c4-4bf2-bfba-0a794a24d581@group-6695AF81F4EC-SegmentedRaftLogWorker] INFO  segmented.SegmentedRaftLogWorker (SegmentedRaftLogWorker.java:execute(601)) - 17325594-a0c4-4bf2-bfba-0a794a24d581@group-6695AF81F4EC-SegmentedRaftLogWorker: created new log segment /home/runner/work/ozone/ozone/hadoop-ozone/integration-test/target/test-dir/MiniOzoneClusterImpl-fae222aa-c845-448a-91ca-36ac3ba36394/datanode-1/data/ratis/f7c20a50-985b-460d-8206-6695af81f4ec/current/log_inprogress_0
2022-01-11 15:47:17,342 [17325594-a0c4-4bf2-bfba-0a794a24d581@group-6695AF81F4EC-LeaderElection6] INFO  server.RaftServer$Division (ServerState.java:setRaftConf(387)) - 17325594-a0c4-4bf2-bfba-0a794a24d581@group-6695AF81F4EC: set configuration 0: [17325594-a0c4-4bf2-bfba-0a794a24d581|rpc:10.1.0.14:35517|dataStream:|priority:1], old=null
2022-01-11 15:47:17,446 [Listener at 127.0.0.1/38029] INFO  ozone.MiniOzoneClusterImpl (MiniOzoneClusterImpl.java:lambda$waitForClusterToBeReady$0(235)) - Nodes are ready. Got 3 of 3 DN Heartbeats.
2022-01-11 15:47:17,446 [Listener at 127.0.0.1/38029] INFO  ozone.MiniOzoneClusterImpl (MiniOzoneClusterImpl.java:lambda$waitForClusterToBeReady$0(238)) - Waiting for cluster to exit safe mode
2022-01-11 15:47:17,446 [Listener at 127.0.0.1/38029] INFO  ozone.MiniOzoneClusterImpl (MiniOzoneClusterImpl.java:lambda$waitForClusterToBeReady$0(240)) - SCM became leader
2022-01-11 15:47:17,558 [b8b6e90f-0b6d-4a0e-9c52-5d158a862858@group-A21FF6CF04C2-FollowerState] INFO  impl.FollowerState (FollowerState.java:run(134)) - b8b6e90f-0b6d-4a0e-9c52-5d158a862858@group-A21FF6CF04C2-FollowerState: change to CANDIDATE, lastRpcElapsedTime:5043127193ns, electionTimeout:5028ms
2022-01-11 15:47:17,558 [b8b6e90f-0b6d-4a0e-9c52-5d158a862858@group-A21FF6CF04C2-FollowerState] INFO  impl.RoleInfo (RoleInfo.java:shutdownFollowerState(108)) - b8b6e90f-0b6d-4a0e-9c52-5d158a862858: shutdown b8b6e90f-0b6d-4a0e-9c52-5d158a862858@group-A21FF6CF04C2-FollowerState
2022-01-11 15:47:17,558 [b8b6e90f-0b6d-4a0e-9c52-5d158a862858@group-A21FF6CF04C2-FollowerState] INFO  server.RaftServer$Division (RaftServerImpl.java:setRole(290)) - b8b6e90f-0b6d-4a0e-9c52-5d158a862858@group-A21FF6CF04C2: changes role from  FOLLOWER to CANDIDATE at term 0 for changeToCandidate
2022-01-11 15:47:17,558 [b8b6e90f-0b6d-4a0e-9c52-5d158a862858@group-A21FF6CF04C2-FollowerState] INFO  server.RaftServerConfigKeys (ConfUtils.java:logGet(44)) - raft.server.leaderelection.pre-vote = false (custom)
2022-01-11 15:47:17,558 [b8b6e90f-0b6d-4a0e-9c52-5d158a862858@group-A21FF6CF04C2-FollowerState] INFO  impl.RoleInfo (RoleInfo.java:updateAndGet(130)) - b8b6e90f-0b6d-4a0e-9c52-5d158a862858: start b8b6e90f-0b6d-4a0e-9c52-5d158a862858@group-A21FF6CF04C2-LeaderElection7
2022-01-11 15:47:17,567 [b8b6e90f-0b6d-4a0e-9c52-5d158a862858@group-A21FF6CF04C2-LeaderElection7] INFO  impl.LeaderElection (LeaderElection.java:askForVotes(306)) - b8b6e90f-0b6d-4a0e-9c52-5d158a862858@group-A21FF6CF04C2-LeaderElection7 ELECTION round 0: submit vote requests at term 1 for -1: [b8b6e90f-0b6d-4a0e-9c52-5d158a862858|rpc:10.1.0.14:46249|priority:1], old=null
2022-01-11 15:47:17,567 [b8b6e90f-0b6d-4a0e-9c52-5d158a862858@group-A21FF6CF04C2-LeaderElection7] INFO  impl.LeaderElection (LeaderElection.java:askForVotes(308)) - b8b6e90f-0b6d-4a0e-9c52-5d158a862858@group-A21FF6CF04C2-LeaderElection7 ELECTION round 0: result PASSED (term=1)
2022-01-11 15:47:17,568 [b8b6e90f-0b6d-4a0e-9c52-5d158a862858@group-A21FF6CF04C2-LeaderElection7] INFO  impl.RoleInfo (RoleInfo.java:shutdownLeaderElection(121)) - b8b6e90f-0b6d-4a0e-9c52-5d158a862858: shutdown b8b6e90f-0b6d-4a0e-9c52-5d158a862858@group-A21FF6CF04C2-LeaderElection7
2022-01-11 15:47:17,568 [b8b6e90f-0b6d-4a0e-9c52-5d158a862858@group-A21FF6CF04C2-LeaderElection7] INFO  server.RaftServer$Division (RaftServerImpl.java:setRole(290)) - b8b6e90f-0b6d-4a0e-9c52-5d158a862858@group-A21FF6CF04C2: changes role from CANDIDATE to LEADER at term 1 for changeToLeader
2022-01-11 15:47:17,568 [b8b6e90f-0b6d-4a0e-9c52-5d158a862858@group-A21FF6CF04C2-LeaderElection7] INFO  ratis.XceiverServerRatis (XceiverServerRatis.java:handleLeaderChangedNotification(866)) - Leader change notification received for group: group-A21FF6CF04C2 with new leaderId: b8b6e90f-0b6d-4a0e-9c52-5d158a862858
2022-01-11 15:47:17,571 [EventQueue-OpenPipelineForHealthyPipelineSafeModeRule] INFO  safemode.SCMSafeModeManager (HealthyPipelineSafeModeRule.java:process(124)) - SCM in safe mode. Healthy pipelines reported count is 0, required healthy pipeline reported count is 1
2022-01-11 15:47:17,574 [b8b6e90f-0b6d-4a0e-9c52-5d158a862858@group-A21FF6CF04C2-LeaderElection7] INFO  server.RaftServer$Division (ServerState.java:setLeader(285)) - b8b6e90f-0b6d-4a0e-9c52-5d158a862858@group-A21FF6CF04C2: change Leader from null to b8b6e90f-0b6d-4a0e-9c52-5d158a862858 at term 1 for becomeLeader, leader elected after 5081ms
2022-01-11 15:47:17,574 [b8b6e90f-0b6d-4a0e-9c52-5d158a862858@group-A21FF6CF04C2-LeaderElection7] INFO  server.RaftServerConfigKeys (ConfUtils.java:logGet(44)) - raft.server.staging.catchup.gap = 1000 (default)
2022-01-11 15:47:17,574 [b8b6e90f-0b6d-4a0e-9c52-5d158a862858@group-A21FF6CF04C2-LeaderElection7] INFO  server.RaftServerConfigKeys (ConfUtils.java:logGet(44)) - raft.server.write.element-limit = 1024 (custom)
2022-01-11 15:47:17,574 [b8b6e90f-0b6d-4a0e-9c52-5d158a862858@group-A21FF6CF04C2-LeaderElection7] INFO  server.RaftServerConfigKeys (ConfUtils.java:logGet(44)) - raft.server.write.byte-limit = 1024 M (=1073741824) (custom)
2022-01-11 15:47:17,575 [b8b6e90f-0b6d-4a0e-9c52-5d158a862858@group-A21FF6CF04C2-LeaderElection7] INFO  server.RaftServerConfigKeys (ConfUtils.java:logGet(44)) - raft.server.watch.timeout = 180s (custom)
2022-01-11 15:47:17,575 [b8b6e90f-0b6d-4a0e-9c52-5d158a862858@group-A21FF6CF04C2-LeaderElection7] INFO  server.RaftServerConfigKeys (ConfUtils.java:logGet(44)) - raft.server.watch.timeout.denomination = 1s (default)
2022-01-11 15:47:17,575 [b8b6e90f-0b6d-4a0e-9c52-5d158a862858@group-A21FF6CF04C2-LeaderElection7] INFO  server.RaftServerConfigKeys (ConfUtils.java:logGet(44)) - raft.server.watch.element-limit = 65536 (default)
2022-01-11 15:47:17,575 [b8b6e90f-0b6d-4a0e-9c52-5d158a862858@group-A21FF6CF04C2-LeaderElection7] INFO  server.RaftServerConfigKeys (ConfUtils.java:logGet(44)) - raft.server.write.element-limit = 1024 (custom)
2022-01-11 15:47:17,575 [b8b6e90f-0b6d-4a0e-9c52-5d158a862858@group-A21FF6CF04C2-LeaderElection7] INFO  server.RaftServerConfigKeys (ConfUtils.java:logGet(44)) - raft.server.write.follower.gap.ratio.max = -1.0 (default)
2022-01-11 15:47:17,575 [b8b6e90f-0b6d-4a0e-9c52-5d158a862858@group-A21FF6CF04C2-LeaderElection7] INFO  impl.RoleInfo (RoleInfo.java:updateAndGet(130)) - b8b6e90f-0b6d-4a0e-9c52-5d158a862858: start b8b6e90f-0b6d-4a0e-9c52-5d158a862858@group-A21FF6CF04C2-LeaderStateImpl
2022-01-11 15:47:17,575 [b8b6e90f-0b6d-4a0e-9c52-5d158a862858@group-A21FF6CF04C2-LeaderElection7] INFO  segmented.SegmentedRaftLogWorker (SegmentedRaftLogWorker.java:startLogSegment(394)) - b8b6e90f-0b6d-4a0e-9c52-5d158a862858@group-A21FF6CF04C2-SegmentedRaftLogWorker: Starting segment from index:0
2022-01-11 15:47:17,577 [b8b6e90f-0b6d-4a0e-9c52-5d158a862858@group-A21FF6CF04C2-SegmentedRaftLogWorker] INFO  segmented.SegmentedRaftLogWorker (SegmentedRaftLogWorker.java:execute(601)) - b8b6e90f-0b6d-4a0e-9c52-5d158a862858@group-A21FF6CF04C2-SegmentedRaftLogWorker: created new log segment /home/runner/work/ozone/ozone/hadoop-ozone/integration-test/target/test-dir/MiniOzoneClusterImpl-fae222aa-c845-448a-91ca-36ac3ba36394/datanode-2/data/ratis/b094b87e-f6a0-4e3f-8c5c-a21ff6cf04c2/current/log_inprogress_0
2022-01-11 15:47:17,582 [b8b6e90f-0b6d-4a0e-9c52-5d158a862858@group-A21FF6CF04C2-LeaderElection7] INFO  server.RaftServer$Division (ServerState.java:setRaftConf(387)) - b8b6e90f-0b6d-4a0e-9c52-5d158a862858@group-A21FF6CF04C2: set configuration 0: [b8b6e90f-0b6d-4a0e-9c52-5d158a862858|rpc:10.1.0.14:46249|dataStream:|priority:1], old=null
2022-01-11 15:47:18,447 [Listener at 127.0.0.1/38029] INFO  ozone.MiniOzoneClusterImpl (MiniOzoneClusterImpl.java:lambda$waitForClusterToBeReady$0(235)) - Nodes are ready. Got 3 of 3 DN Heartbeats.
2022-01-11 15:47:18,447 [Listener at 127.0.0.1/38029] INFO  ozone.MiniOzoneClusterImpl (MiniOzoneClusterImpl.java:lambda$waitForClusterToBeReady$0(238)) - Waiting for cluster to exit safe mode
2022-01-11 15:47:18,447 [Listener at 127.0.0.1/38029] INFO  ozone.MiniOzoneClusterImpl (MiniOzoneClusterImpl.java:lambda$waitForClusterToBeReady$0(240)) - SCM became leader
2022-01-11 15:47:19,447 [Listener at 127.0.0.1/38029] INFO  ozone.MiniOzoneClusterImpl (MiniOzoneClusterImpl.java:lambda$waitForClusterToBeReady$0(235)) - Nodes are ready. Got 3 of 3 DN Heartbeats.
2022-01-11 15:47:19,447 [Listener at 127.0.0.1/38029] INFO  ozone.MiniOzoneClusterImpl (MiniOzoneClusterImpl.java:lambda$waitForClusterToBeReady$0(238)) - Waiting for cluster to exit safe mode
2022-01-11 15:47:19,448 [Listener at 127.0.0.1/38029] INFO  ozone.MiniOzoneClusterImpl (MiniOzoneClusterImpl.java:lambda$waitForClusterToBeReady$0(240)) - SCM became leader
2022-01-11 15:47:20,448 [Listener at 127.0.0.1/38029] INFO  ozone.MiniOzoneClusterImpl (MiniOzoneClusterImpl.java:lambda$waitForClusterToBeReady$0(235)) - Nodes are ready. Got 3 of 3 DN Heartbeats.
2022-01-11 15:47:20,448 [Listener at 127.0.0.1/38029] INFO  ozone.MiniOzoneClusterImpl (MiniOzoneClusterImpl.java:lambda$waitForClusterToBeReady$0(238)) - Waiting for cluster to exit safe mode
2022-01-11 15:47:20,448 [Listener at 127.0.0.1/38029] INFO  ozone.MiniOzoneClusterImpl (MiniOzoneClusterImpl.java:lambda$waitForClusterToBeReady$0(240)) - SCM became leader
2022-01-11 15:47:21,449 [Listener at 127.0.0.1/38029] INFO  ozone.MiniOzoneClusterImpl (MiniOzoneClusterImpl.java:lambda$waitForClusterToBeReady$0(235)) - Nodes are ready. Got 3 of 3 DN Heartbeats.
2022-01-11 15:47:21,449 [Listener at 127.0.0.1/38029] INFO  ozone.MiniOzoneClusterImpl (MiniOzoneClusterImpl.java:lambda$waitForClusterToBeReady$0(238)) - Waiting for cluster to exit safe mode
2022-01-11 15:47:21,449 [Listener at 127.0.0.1/38029] INFO  ozone.MiniOzoneClusterImpl (MiniOzoneClusterImpl.java:lambda$waitForClusterToBeReady$0(240)) - SCM became leader
2022-01-11 15:47:22,280 [1f329afc-3498-4638-8074-19fd337e8a73@group-C1052DE82F17-FollowerState] INFO  impl.FollowerState (FollowerState.java:run(134)) - 1f329afc-3498-4638-8074-19fd337e8a73@group-C1052DE82F17-FollowerState: change to CANDIDATE, lastRpcElapsedTime:5093819858ns, electionTimeout:5088ms
2022-01-11 15:47:22,281 [1f329afc-3498-4638-8074-19fd337e8a73@group-C1052DE82F17-FollowerState] INFO  impl.RoleInfo (RoleInfo.java:shutdownFollowerState(108)) - 1f329afc-3498-4638-8074-19fd337e8a73: shutdown 1f329afc-3498-4638-8074-19fd337e8a73@group-C1052DE82F17-FollowerState
2022-01-11 15:47:22,281 [1f329afc-3498-4638-8074-19fd337e8a73@group-C1052DE82F17-FollowerState] INFO  server.RaftServer$Division (RaftServerImpl.java:setRole(290)) - 1f329afc-3498-4638-8074-19fd337e8a73@group-C1052DE82F17: changes role from  FOLLOWER to CANDIDATE at term 1 for changeToCandidate
2022-01-11 15:47:22,281 [1f329afc-3498-4638-8074-19fd337e8a73@group-C1052DE82F17-FollowerState] INFO  server.RaftServerConfigKeys (ConfUtils.java:logGet(44)) - raft.server.leaderelection.pre-vote = false (custom)
2022-01-11 15:47:22,281 [1f329afc-3498-4638-8074-19fd337e8a73@group-C1052DE82F17-FollowerState] INFO  impl.RoleInfo (RoleInfo.java:updateAndGet(130)) - 1f329afc-3498-4638-8074-19fd337e8a73: start 1f329afc-3498-4638-8074-19fd337e8a73@group-C1052DE82F17-LeaderElection8
2022-01-11 15:47:22,289 [1f329afc-3498-4638-8074-19fd337e8a73@group-C1052DE82F17-LeaderElection8] INFO  impl.LeaderElection (LeaderElection.java:askForVotes(306)) - 1f329afc-3498-4638-8074-19fd337e8a73@group-C1052DE82F17-LeaderElection8 ELECTION round 0: submit vote requests at term 2 for -1: [1f329afc-3498-4638-8074-19fd337e8a73|rpc:10.1.0.14:45819|priority:0, 17325594-a0c4-4bf2-bfba-0a794a24d581|rpc:10.1.0.14:35517|priority:0, b8b6e90f-0b6d-4a0e-9c52-5d158a862858|rpc:10.1.0.14:46249|priority:1], old=null
2022-01-11 15:47:22,298 [grpc-default-executor-0] INFO  server.RaftServer$Division (RaftServerImpl.java:requestVote(1046)) - 17325594-a0c4-4bf2-bfba-0a794a24d581@group-C1052DE82F17: receive requestVote(ELECTION, 1f329afc-3498-4638-8074-19fd337e8a73, group-C1052DE82F17, 2, (t:0, i:0))
2022-01-11 15:47:22,298 [grpc-default-executor-0] INFO  impl.VoteContext (VoteContext.java:log(48)) - 17325594-a0c4-4bf2-bfba-0a794a24d581@group-C1052DE82F17-FOLLOWER: accept ELECTION from 1f329afc-3498-4638-8074-19fd337e8a73: our priority 0 <= candidate's priority 0
2022-01-11 15:47:22,298 [grpc-default-executor-0] INFO  server.RaftServer$Division (RaftServerImpl.java:setRole(290)) - 17325594-a0c4-4bf2-bfba-0a794a24d581@group-C1052DE82F17: changes role from  FOLLOWER to FOLLOWER at term 2 for candidate:1f329afc-3498-4638-8074-19fd337e8a73
2022-01-11 15:47:22,298 [grpc-default-executor-0] INFO  impl.RoleInfo (RoleInfo.java:shutdownFollowerState(108)) - 17325594-a0c4-4bf2-bfba-0a794a24d581: shutdown 17325594-a0c4-4bf2-bfba-0a794a24d581@group-C1052DE82F17-FollowerState
2022-01-11 15:47:22,298 [grpc-default-executor-0] INFO  impl.RoleInfo (RoleInfo.java:updateAndGet(130)) - 17325594-a0c4-4bf2-bfba-0a794a24d581: start 17325594-a0c4-4bf2-bfba-0a794a24d581@group-C1052DE82F17-FollowerState
2022-01-11 15:47:22,298 [17325594-a0c4-4bf2-bfba-0a794a24d581@group-C1052DE82F17-FollowerState] INFO  impl.FollowerState (FollowerState.java:run(143)) - 17325594-a0c4-4bf2-bfba-0a794a24d581@group-C1052DE82F17-FollowerState was interrupted: {}
java.lang.InterruptedException: sleep interrupted
	at java.lang.Thread.sleep(Native Method)
	at java.lang.Thread.sleep(Thread.java:340)
	at java.util.concurrent.TimeUnit.sleep(TimeUnit.java:386)
	at org.apache.ratis.util.TimeDuration.sleep(TimeDuration.java:324)
	at org.apache.ratis.util.TimeDuration.sleep(TimeDuration.java:309)
	at org.apache.ratis.server.impl.FollowerState.run(FollowerState.java:118)
2022-01-11 15:47:22,303 [grpc-default-executor-0] INFO  server.RaftServer$Division (RaftServerImpl.java:requestVote(1078)) - 17325594-a0c4-4bf2-bfba-0a794a24d581@group-C1052DE82F17 replies to ELECTION vote request: 1f329afc-3498-4638-8074-19fd337e8a73<-17325594-a0c4-4bf2-bfba-0a794a24d581#0:OK-t2. Peer's state: 17325594-a0c4-4bf2-bfba-0a794a24d581@group-C1052DE82F17:t2, leader=null, voted=1f329afc-3498-4638-8074-19fd337e8a73, raftlog=17325594-a0c4-4bf2-bfba-0a794a24d581@group-C1052DE82F17-SegmentedRaftLog:OPENED:c-1, conf=-1: [1f329afc-3498-4638-8074-19fd337e8a73|rpc:10.1.0.14:45819|priority:0, 17325594-a0c4-4bf2-bfba-0a794a24d581|rpc:10.1.0.14:35517|priority:0, b8b6e90f-0b6d-4a0e-9c52-5d158a862858|rpc:10.1.0.14:46249|priority:1], old=null
2022-01-11 15:47:22,308 [grpc-default-executor-0] INFO  server.RaftServer$Division (RaftServerImpl.java:requestVote(1046)) - b8b6e90f-0b6d-4a0e-9c52-5d158a862858@group-C1052DE82F17: receive requestVote(ELECTION, 1f329afc-3498-4638-8074-19fd337e8a73, group-C1052DE82F17, 2, (t:0, i:0))
2022-01-11 15:47:22,313 [grpc-default-executor-0] INFO  impl.VoteContext (VoteContext.java:log(48)) - b8b6e90f-0b6d-4a0e-9c52-5d158a862858@group-C1052DE82F17-FOLLOWER: reject ELECTION from 1f329afc-3498-4638-8074-19fd337e8a73: our priority 1 > candidate's priority 0
2022-01-11 15:47:22,313 [grpc-default-executor-0] INFO  server.RaftServer$Division (RaftServerImpl.java:setRole(290)) - b8b6e90f-0b6d-4a0e-9c52-5d158a862858@group-C1052DE82F17: changes role from  FOLLOWER to FOLLOWER at term 2 for candidate:1f329afc-3498-4638-8074-19fd337e8a73
2022-01-11 15:47:22,313 [grpc-default-executor-0] INFO  impl.RoleInfo (RoleInfo.java:shutdownFollowerState(108)) - b8b6e90f-0b6d-4a0e-9c52-5d158a862858: shutdown b8b6e90f-0b6d-4a0e-9c52-5d158a862858@group-C1052DE82F17-FollowerState
2022-01-11 15:47:22,313 [grpc-default-executor-0] INFO  impl.RoleInfo (RoleInfo.java:updateAndGet(130)) - b8b6e90f-0b6d-4a0e-9c52-5d158a862858: start b8b6e90f-0b6d-4a0e-9c52-5d158a862858@group-C1052DE82F17-FollowerState
2022-01-11 15:47:22,313 [b8b6e90f-0b6d-4a0e-9c52-5d158a862858@group-C1052DE82F17-FollowerState] INFO  impl.FollowerState (FollowerState.java:run(143)) - b8b6e90f-0b6d-4a0e-9c52-5d158a862858@group-C1052DE82F17-FollowerState was interrupted: {}
java.lang.InterruptedException: sleep interrupted
	at java.lang.Thread.sleep(Native Method)
	at java.lang.Thread.sleep(Thread.java:340)
	at java.util.concurrent.TimeUnit.sleep(TimeUnit.java:386)
	at org.apache.ratis.util.TimeDuration.sleep(TimeDuration.java:324)
	at org.apache.ratis.util.TimeDuration.sleep(TimeDuration.java:309)
	at org.apache.ratis.server.impl.FollowerState.run(FollowerState.java:118)
2022-01-11 15:47:22,322 [grpc-default-executor-0] INFO  server.RaftServer$Division (RaftServerImpl.java:requestVote(1078)) - b8b6e90f-0b6d-4a0e-9c52-5d158a862858@group-C1052DE82F17 replies to ELECTION vote request: 1f329afc-3498-4638-8074-19fd337e8a73<-b8b6e90f-0b6d-4a0e-9c52-5d158a862858#0:FAIL-t2. Peer's state: b8b6e90f-0b6d-4a0e-9c52-5d158a862858@group-C1052DE82F17:t2, leader=null, voted=null, raftlog=b8b6e90f-0b6d-4a0e-9c52-5d158a862858@group-C1052DE82F17-SegmentedRaftLog:OPENED:c-1, conf=-1: [1f329afc-3498-4638-8074-19fd337e8a73|rpc:10.1.0.14:45819|priority:0, 17325594-a0c4-4bf2-bfba-0a794a24d581|rpc:10.1.0.14:35517|priority:0, b8b6e90f-0b6d-4a0e-9c52-5d158a862858|rpc:10.1.0.14:46249|priority:1], old=null
2022-01-11 15:47:22,323 [1f329afc-3498-4638-8074-19fd337e8a73@group-C1052DE82F17-LeaderElection8] INFO  impl.LeaderElection (LeaderElection.java:logAndReturn(89)) - 1f329afc-3498-4638-8074-19fd337e8a73@group-C1052DE82F17-LeaderElection8: ELECTION REJECTED received 2 response(s) and 0 exception(s):
2022-01-11 15:47:22,324 [1f329afc-3498-4638-8074-19fd337e8a73@group-C1052DE82F17-LeaderElection8] INFO  impl.LeaderElection (LeaderElection.java:logAndReturn(93)) -   Response 0: 1f329afc-3498-4638-8074-19fd337e8a73<-17325594-a0c4-4bf2-bfba-0a794a24d581#0:OK-t2
2022-01-11 15:47:22,324 [1f329afc-3498-4638-8074-19fd337e8a73@group-C1052DE82F17-LeaderElection8] INFO  impl.LeaderElection (LeaderElection.java:logAndReturn(93)) -   Response 1: 1f329afc-3498-4638-8074-19fd337e8a73<-b8b6e90f-0b6d-4a0e-9c52-5d158a862858#0:FAIL-t2
2022-01-11 15:47:22,324 [1f329afc-3498-4638-8074-19fd337e8a73@group-C1052DE82F17-LeaderElection8] INFO  impl.LeaderElection (LeaderElection.java:askForVotes(308)) - 1f329afc-3498-4638-8074-19fd337e8a73@group-C1052DE82F17-LeaderElection8 ELECTION round 0: result REJECTED
2022-01-11 15:47:22,324 [1f329afc-3498-4638-8074-19fd337e8a73@group-C1052DE82F17-LeaderElection8] INFO  server.RaftServer$Division (RaftServerImpl.java:setRole(290)) - 1f329afc-3498-4638-8074-19fd337e8a73@group-C1052DE82F17: changes role from CANDIDATE to FOLLOWER at term 2 for REJECTED
2022-01-11 15:47:22,324 [1f329afc-3498-4638-8074-19fd337e8a73@group-C1052DE82F17-LeaderElection8] INFO  impl.RoleInfo (RoleInfo.java:shutdownLeaderElection(121)) - 1f329afc-3498-4638-8074-19fd337e8a73: shutdown 1f329afc-3498-4638-8074-19fd337e8a73@group-C1052DE82F17-LeaderElection8
2022-01-11 15:47:22,324 [1f329afc-3498-4638-8074-19fd337e8a73@group-C1052DE82F17-LeaderElection8] INFO  impl.RoleInfo (RoleInfo.java:updateAndGet(130)) - 1f329afc-3498-4638-8074-19fd337e8a73: start 1f329afc-3498-4638-8074-19fd337e8a73@group-C1052DE82F17-FollowerState
2022-01-11 15:47:22,449 [Listener at 127.0.0.1/38029] INFO  ozone.MiniOzoneClusterImpl (MiniOzoneClusterImpl.java:lambda$waitForClusterToBeReady$0(235)) - Nodes are ready. Got 3 of 3 DN Heartbeats.
2022-01-11 15:47:22,451 [Listener at 127.0.0.1/38029] INFO  ozone.MiniOzoneClusterImpl (MiniOzoneClusterImpl.java:lambda$waitForClusterToBeReady$0(238)) - Waiting for cluster to exit safe mode
2022-01-11 15:47:22,451 [Listener at 127.0.0.1/38029] INFO  ozone.MiniOzoneClusterImpl (MiniOzoneClusterImpl.java:lambda$waitForClusterToBeReady$0(240)) - SCM became leader
2022-01-11 15:47:23,452 [Listener at 127.0.0.1/38029] INFO  ozone.MiniOzoneClusterImpl (MiniOzoneClusterImpl.java:lambda$waitForClusterToBeReady$0(235)) - Nodes are ready. Got 3 of 3 DN Heartbeats.
2022-01-11 15:47:23,452 [Listener at 127.0.0.1/38029] INFO  ozone.MiniOzoneClusterImpl (MiniOzoneClusterImpl.java:lambda$waitForClusterToBeReady$0(238)) - Waiting for cluster to exit safe mode
2022-01-11 15:47:23,452 [Listener at 127.0.0.1/38029] INFO  ozone.MiniOzoneClusterImpl (MiniOzoneClusterImpl.java:lambda$waitForClusterToBeReady$0(240)) - SCM became leader
2022-01-11 15:47:24,452 [Listener at 127.0.0.1/38029] INFO  ozone.MiniOzoneClusterImpl (MiniOzoneClusterImpl.java:lambda$waitForClusterToBeReady$0(235)) - Nodes are ready. Got 3 of 3 DN Heartbeats.
2022-01-11 15:47:24,452 [Listener at 127.0.0.1/38029] INFO  ozone.MiniOzoneClusterImpl (MiniOzoneClusterImpl.java:lambda$waitForClusterToBeReady$0(238)) - Waiting for cluster to exit safe mode
2022-01-11 15:47:24,452 [Listener at 127.0.0.1/38029] INFO  ozone.MiniOzoneClusterImpl (MiniOzoneClusterImpl.java:lambda$waitForClusterToBeReady$0(240)) - SCM became leader
2022-01-11 15:47:25,453 [Listener at 127.0.0.1/38029] INFO  ozone.MiniOzoneClusterImpl (MiniOzoneClusterImpl.java:lambda$waitForClusterToBeReady$0(235)) - Nodes are ready. Got 3 of 3 DN Heartbeats.
2022-01-11 15:47:25,453 [Listener at 127.0.0.1/38029] INFO  ozone.MiniOzoneClusterImpl (MiniOzoneClusterImpl.java:lambda$waitForClusterToBeReady$0(238)) - Waiting for cluster to exit safe mode
2022-01-11 15:47:25,453 [Listener at 127.0.0.1/38029] INFO  ozone.MiniOzoneClusterImpl (MiniOzoneClusterImpl.java:lambda$waitForClusterToBeReady$0(240)) - SCM became leader
2022-01-11 15:47:26,454 [Listener at 127.0.0.1/38029] INFO  ozone.MiniOzoneClusterImpl (MiniOzoneClusterImpl.java:lambda$waitForClusterToBeReady$0(235)) - Nodes are ready. Got 3 of 3 DN Heartbeats.
2022-01-11 15:47:26,455 [Listener at 127.0.0.1/38029] INFO  ozone.MiniOzoneClusterImpl (MiniOzoneClusterImpl.java:lambda$waitForClusterToBeReady$0(238)) - Waiting for cluster to exit safe mode
2022-01-11 15:47:26,455 [Listener at 127.0.0.1/38029] INFO  ozone.MiniOzoneClusterImpl (MiniOzoneClusterImpl.java:lambda$waitForClusterToBeReady$0(240)) - SCM became leader
2022-01-11 15:47:27,354 [17325594-a0c4-4bf2-bfba-0a794a24d581@group-C1052DE82F17-FollowerState] INFO  impl.FollowerState (FollowerState.java:run(134)) - 17325594-a0c4-4bf2-bfba-0a794a24d581@group-C1052DE82F17-FollowerState: change to CANDIDATE, lastRpcElapsedTime:5051370937ns, electionTimeout:5047ms
2022-01-11 15:47:27,355 [17325594-a0c4-4bf2-bfba-0a794a24d581@group-C1052DE82F17-FollowerState] INFO  impl.RoleInfo (RoleInfo.java:shutdownFollowerState(108)) - 17325594-a0c4-4bf2-bfba-0a794a24d581: shutdown 17325594-a0c4-4bf2-bfba-0a794a24d581@group-C1052DE82F17-FollowerState
2022-01-11 15:47:27,355 [17325594-a0c4-4bf2-bfba-0a794a24d581@group-C1052DE82F17-FollowerState] INFO  server.RaftServer$Division (RaftServerImpl.java:setRole(290)) - 17325594-a0c4-4bf2-bfba-0a794a24d581@group-C1052DE82F17: changes role from  FOLLOWER to CANDIDATE at term 2 for changeToCandidate
2022-01-11 15:47:27,355 [17325594-a0c4-4bf2-bfba-0a794a24d581@group-C1052DE82F17-FollowerState] INFO  server.RaftServerConfigKeys (ConfUtils.java:logGet(44)) - raft.server.leaderelection.pre-vote = false (custom)
2022-01-11 15:47:27,355 [17325594-a0c4-4bf2-bfba-0a794a24d581@group-C1052DE82F17-FollowerState] INFO  impl.RoleInfo (RoleInfo.java:updateAndGet(130)) - 17325594-a0c4-4bf2-bfba-0a794a24d581: start 17325594-a0c4-4bf2-bfba-0a794a24d581@group-C1052DE82F17-LeaderElection9
2022-01-11 15:47:27,365 [17325594-a0c4-4bf2-bfba-0a794a24d581@group-C1052DE82F17-LeaderElection9] INFO  impl.LeaderElection (LeaderElection.java:askForVotes(306)) - 17325594-a0c4-4bf2-bfba-0a794a24d581@group-C1052DE82F17-LeaderElection9 ELECTION round 0: submit vote requests at term 3 for -1: [1f329afc-3498-4638-8074-19fd337e8a73|rpc:10.1.0.14:45819|priority:0, 17325594-a0c4-4bf2-bfba-0a794a24d581|rpc:10.1.0.14:35517|priority:0, b8b6e90f-0b6d-4a0e-9c52-5d158a862858|rpc:10.1.0.14:46249|priority:1], old=null
2022-01-11 15:47:27,383 [grpc-default-executor-1] INFO  server.RaftServer$Division (RaftServerImpl.java:requestVote(1046)) - 1f329afc-3498-4638-8074-19fd337e8a73@group-C1052DE82F17: receive requestVote(ELECTION, 17325594-a0c4-4bf2-bfba-0a794a24d581, group-C1052DE82F17, 3, (t:0, i:0))
2022-01-11 15:47:27,383 [grpc-default-executor-1] INFO  impl.VoteContext (VoteContext.java:log(48)) - 1f329afc-3498-4638-8074-19fd337e8a73@group-C1052DE82F17-FOLLOWER: accept ELECTION from 17325594-a0c4-4bf2-bfba-0a794a24d581: our priority 0 <= candidate's priority 0
2022-01-11 15:47:27,383 [grpc-default-executor-1] INFO  server.RaftServer$Division (RaftServerImpl.java:setRole(290)) - 1f329afc-3498-4638-8074-19fd337e8a73@group-C1052DE82F17: changes role from  FOLLOWER to FOLLOWER at term 3 for candidate:17325594-a0c4-4bf2-bfba-0a794a24d581
2022-01-11 15:47:27,383 [grpc-default-executor-1] INFO  impl.RoleInfo (RoleInfo.java:shutdownFollowerState(108)) - 1f329afc-3498-4638-8074-19fd337e8a73: shutdown 1f329afc-3498-4638-8074-19fd337e8a73@group-C1052DE82F17-FollowerState
2022-01-11 15:47:27,383 [grpc-default-executor-1] INFO  impl.RoleInfo (RoleInfo.java:updateAndGet(130)) - 1f329afc-3498-4638-8074-19fd337e8a73: start 1f329afc-3498-4638-8074-19fd337e8a73@group-C1052DE82F17-FollowerState
2022-01-11 15:47:27,383 [1f329afc-3498-4638-8074-19fd337e8a73@group-C1052DE82F17-FollowerState] INFO  impl.FollowerState (FollowerState.java:run(143)) - 1f329afc-3498-4638-8074-19fd337e8a73@group-C1052DE82F17-FollowerState was interrupted: {}
java.lang.InterruptedException: sleep interrupted
	at java.lang.Thread.sleep(Native Method)
	at java.lang.Thread.sleep(Thread.java:340)
	at java.util.concurrent.TimeUnit.sleep(TimeUnit.java:386)
	at org.apache.ratis.util.TimeDuration.sleep(TimeDuration.java:324)
	at org.apache.ratis.util.TimeDuration.sleep(TimeDuration.java:309)
	at org.apache.ratis.server.impl.FollowerState.run(FollowerState.java:118)
2022-01-11 15:47:27,384 [grpc-default-executor-1] INFO  server.RaftServer$Division (RaftServerImpl.java:requestVote(1078)) - 1f329afc-3498-4638-8074-19fd337e8a73@group-C1052DE82F17 replies to ELECTION vote request: 17325594-a0c4-4bf2-bfba-0a794a24d581<-1f329afc-3498-4638-8074-19fd337e8a73#0:OK-t3. Peer's state: 1f329afc-3498-4638-8074-19fd337e8a73@group-C1052DE82F17:t3, leader=null, voted=17325594-a0c4-4bf2-bfba-0a794a24d581, raftlog=1f329afc-3498-4638-8074-19fd337e8a73@group-C1052DE82F17-SegmentedRaftLog:OPENED:c-1, conf=-1: [1f329afc-3498-4638-8074-19fd337e8a73|rpc:10.1.0.14:45819|priority:0, 17325594-a0c4-4bf2-bfba-0a794a24d581|rpc:10.1.0.14:35517|priority:0, b8b6e90f-0b6d-4a0e-9c52-5d158a862858|rpc:10.1.0.14:46249|priority:1], old=null
2022-01-11 15:47:27,392 [b8b6e90f-0b6d-4a0e-9c52-5d158a862858@group-C1052DE82F17-FollowerState] INFO  impl.FollowerState (FollowerState.java:run(134)) - b8b6e90f-0b6d-4a0e-9c52-5d158a862858@group-C1052DE82F17-FollowerState: change to CANDIDATE, lastRpcElapsedTime:5078520610ns, electionTimeout:5068ms
2022-01-11 15:47:27,392 [b8b6e90f-0b6d-4a0e-9c52-5d158a862858@group-C1052DE82F17-FollowerState] INFO  impl.RoleInfo (RoleInfo.java:shutdownFollowerState(108)) - b8b6e90f-0b6d-4a0e-9c52-5d158a862858: shutdown b8b6e90f-0b6d-4a0e-9c52-5d158a862858@group-C1052DE82F17-FollowerState
2022-01-11 15:47:27,392 [b8b6e90f-0b6d-4a0e-9c52-5d158a862858@group-C1052DE82F17-FollowerState] INFO  server.RaftServer$Division (RaftServerImpl.java:setRole(290)) - b8b6e90f-0b6d-4a0e-9c52-5d158a862858@group-C1052DE82F17: changes role from  FOLLOWER to CANDIDATE at term 2 for changeToCandidate
2022-01-11 15:47:27,392 [b8b6e90f-0b6d-4a0e-9c52-5d158a862858@group-C1052DE82F17-FollowerState] INFO  server.RaftServerConfigKeys (ConfUtils.java:logGet(44)) - raft.server.leaderelection.pre-vote = false (custom)
2022-01-11 15:47:27,392 [b8b6e90f-0b6d-4a0e-9c52-5d158a862858@group-C1052DE82F17-FollowerState] INFO  impl.RoleInfo (RoleInfo.java:updateAndGet(130)) - b8b6e90f-0b6d-4a0e-9c52-5d158a862858: start b8b6e90f-0b6d-4a0e-9c52-5d158a862858@group-C1052DE82F17-LeaderElection10
2022-01-11 15:47:27,402 [grpc-default-executor-1] INFO  server.RaftServer$Division (RaftServerImpl.java:requestVote(1046)) - b8b6e90f-0b6d-4a0e-9c52-5d158a862858@group-C1052DE82F17: receive requestVote(ELECTION, 17325594-a0c4-4bf2-bfba-0a794a24d581, group-C1052DE82F17, 3, (t:0, i:0))
2022-01-11 15:47:27,402 [grpc-default-executor-1] INFO  impl.VoteContext (VoteContext.java:log(48)) - b8b6e90f-0b6d-4a0e-9c52-5d158a862858@group-C1052DE82F17-CANDIDATE: reject ELECTION from 17325594-a0c4-4bf2-bfba-0a794a24d581: our priority 1 > candidate's priority 0
2022-01-11 15:47:27,403 [grpc-default-executor-1] INFO  server.RaftServer$Division (RaftServerImpl.java:setRole(290)) - b8b6e90f-0b6d-4a0e-9c52-5d158a862858@group-C1052DE82F17: changes role from CANDIDATE to FOLLOWER at term 3 for candidate:17325594-a0c4-4bf2-bfba-0a794a24d581
2022-01-11 15:47:27,403 [grpc-default-executor-1] INFO  impl.RoleInfo (RoleInfo.java:shutdownLeaderElection(121)) - b8b6e90f-0b6d-4a0e-9c52-5d158a862858: shutdown b8b6e90f-0b6d-4a0e-9c52-5d158a862858@group-C1052DE82F17-LeaderElection10
2022-01-11 15:47:27,403 [grpc-default-executor-1] INFO  impl.RoleInfo (RoleInfo.java:updateAndGet(130)) - b8b6e90f-0b6d-4a0e-9c52-5d158a862858: start b8b6e90f-0b6d-4a0e-9c52-5d158a862858@group-C1052DE82F17-FollowerState
2022-01-11 15:47:27,403 [b8b6e90f-0b6d-4a0e-9c52-5d158a862858@group-C1052DE82F17-LeaderElection10] INFO  impl.LeaderElection (LeaderElection.java:run(230)) - b8b6e90f-0b6d-4a0e-9c52-5d158a862858@group-C1052DE82F17-LeaderElection10: skip running since this is already CLOSING
2022-01-11 15:47:27,404 [grpc-default-executor-1] INFO  server.RaftServer$Division (RaftServerImpl.java:requestVote(1078)) - b8b6e90f-0b6d-4a0e-9c52-5d158a862858@group-C1052DE82F17 replies to ELECTION vote request: 17325594-a0c4-4bf2-bfba-0a794a24d581<-b8b6e90f-0b6d-4a0e-9c52-5d158a862858#0:FAIL-t3. Peer's state: b8b6e90f-0b6d-4a0e-9c52-5d158a862858@group-C1052DE82F17:t3, leader=null, voted=null, raftlog=b8b6e90f-0b6d-4a0e-9c52-5d158a862858@group-C1052DE82F17-SegmentedRaftLog:OPENED:c-1, conf=-1: [1f329afc-3498-4638-8074-19fd337e8a73|rpc:10.1.0.14:45819|priority:0, 17325594-a0c4-4bf2-bfba-0a794a24d581|rpc:10.1.0.14:35517|priority:0, b8b6e90f-0b6d-4a0e-9c52-5d158a862858|rpc:10.1.0.14:46249|priority:1], old=null
2022-01-11 15:47:27,413 [17325594-a0c4-4bf2-bfba-0a794a24d581@group-C1052DE82F17-LeaderElection9] INFO  impl.LeaderElection (LeaderElection.java:logAndReturn(89)) - 17325594-a0c4-4bf2-bfba-0a794a24d581@group-C1052DE82F17-LeaderElection9: ELECTION REJECTED received 2 response(s) and 0 exception(s):
2022-01-11 15:47:27,413 [17325594-a0c4-4bf2-bfba-0a794a24d581@group-C1052DE82F17-LeaderElection9] INFO  impl.LeaderElection (LeaderElection.java:logAndReturn(93)) -   Response 0: 17325594-a0c4-4bf2-bfba-0a794a24d581<-1f329afc-3498-4638-8074-19fd337e8a73#0:OK-t3
2022-01-11 15:47:27,413 [17325594-a0c4-4bf2-bfba-0a794a24d581@group-C1052DE82F17-LeaderElection9] INFO  impl.LeaderElection (LeaderElection.java:logAndReturn(93)) -   Response 1: 17325594-a0c4-4bf2-bfba-0a794a24d581<-b8b6e90f-0b6d-4a0e-9c52-5d158a862858#0:FAIL-t3
2022-01-11 15:47:27,414 [17325594-a0c4-4bf2-bfba-0a794a24d581@group-C1052DE82F17-LeaderElection9] INFO  impl.LeaderElection (LeaderElection.java:askForVotes(308)) - 17325594-a0c4-4bf2-bfba-0a794a24d581@group-C1052DE82F17-LeaderElection9 ELECTION round 0: result REJECTED
2022-01-11 15:47:27,414 [17325594-a0c4-4bf2-bfba-0a794a24d581@group-C1052DE82F17-LeaderElection9] INFO  server.RaftServer$Division (RaftServerImpl.java:setRole(290)) - 17325594-a0c4-4bf2-bfba-0a794a24d581@group-C1052DE82F17: changes role from CANDIDATE to FOLLOWER at term 3 for REJECTED
2022-01-11 15:47:27,414 [17325594-a0c4-4bf2-bfba-0a794a24d581@group-C1052DE82F17-LeaderElection9] INFO  impl.RoleInfo (RoleInfo.java:shutdownLeaderElection(121)) - 17325594-a0c4-4bf2-bfba-0a794a24d581: shutdown 17325594-a0c4-4bf2-bfba-0a794a24d581@group-C1052DE82F17-LeaderElection9
2022-01-11 15:47:27,414 [17325594-a0c4-4bf2-bfba-0a794a24d581@group-C1052DE82F17-LeaderElection9] INFO  impl.RoleInfo (RoleInfo.java:updateAndGet(130)) - 17325594-a0c4-4bf2-bfba-0a794a24d581: start 17325594-a0c4-4bf2-bfba-0a794a24d581@group-C1052DE82F17-FollowerState
2022-01-11 15:47:27,455 [Listener at 127.0.0.1/38029] INFO  ozone.MiniOzoneClusterImpl (MiniOzoneClusterImpl.java:lambda$waitForClusterToBeReady$0(235)) - Nodes are ready. Got 3 of 3 DN Heartbeats.
2022-01-11 15:47:27,456 [Listener at 127.0.0.1/38029] INFO  ozone.MiniOzoneClusterImpl (MiniOzoneClusterImpl.java:lambda$waitForClusterToBeReady$0(238)) - Waiting for cluster to exit safe mode
2022-01-11 15:47:27,456 [Listener at 127.0.0.1/38029] INFO  ozone.MiniOzoneClusterImpl (MiniOzoneClusterImpl.java:lambda$waitForClusterToBeReady$0(240)) - SCM became leader
2022-01-11 15:47:28,457 [Listener at 127.0.0.1/38029] INFO  ozone.MiniOzoneClusterImpl (MiniOzoneClusterImpl.java:lambda$waitForClusterToBeReady$0(235)) - Nodes are ready. Got 3 of 3 DN Heartbeats.
2022-01-11 15:47:28,457 [Listener at 127.0.0.1/38029] INFO  ozone.MiniOzoneClusterImpl (MiniOzoneClusterImpl.java:lambda$waitForClusterToBeReady$0(238)) - Waiting for cluster to exit safe mode
2022-01-11 15:47:28,457 [Listener at 127.0.0.1/38029] INFO  ozone.MiniOzoneClusterImpl (MiniOzoneClusterImpl.java:lambda$waitForClusterToBeReady$0(240)) - SCM became leader
2022-01-11 15:47:29,457 [Listener at 127.0.0.1/38029] INFO  ozone.MiniOzoneClusterImpl (MiniOzoneClusterImpl.java:lambda$waitForClusterToBeReady$0(235)) - Nodes are ready. Got 3 of 3 DN Heartbeats.
2022-01-11 15:47:29,457 [Listener at 127.0.0.1/38029] INFO  ozone.MiniOzoneClusterImpl (MiniOzoneClusterImpl.java:lambda$waitForClusterToBeReady$0(238)) - Waiting for cluster to exit safe mode
2022-01-11 15:47:29,457 [Listener at 127.0.0.1/38029] INFO  ozone.MiniOzoneClusterImpl (MiniOzoneClusterImpl.java:lambda$waitForClusterToBeReady$0(240)) - SCM became leader
2022-01-11 15:47:30,458 [Listener at 127.0.0.1/38029] INFO  ozone.MiniOzoneClusterImpl (MiniOzoneClusterImpl.java:lambda$waitForClusterToBeReady$0(235)) - Nodes are ready. Got 3 of 3 DN Heartbeats.
2022-01-11 15:47:30,458 [Listener at 127.0.0.1/38029] INFO  ozone.MiniOzoneClusterImpl (MiniOzoneClusterImpl.java:lambda$waitForClusterToBeReady$0(238)) - Waiting for cluster to exit safe mode
2022-01-11 15:47:30,458 [Listener at 127.0.0.1/38029] INFO  ozone.MiniOzoneClusterImpl (MiniOzoneClusterImpl.java:lambda$waitForClusterToBeReady$0(240)) - SCM became leader
2022-01-11 15:47:31,458 [Listener at 127.0.0.1/38029] INFO  ozone.MiniOzoneClusterImpl (MiniOzoneClusterImpl.java:lambda$waitForClusterToBeReady$0(235)) - Nodes are ready. Got 3 of 3 DN Heartbeats.
2022-01-11 15:47:31,458 [Listener at 127.0.0.1/38029] INFO  ozone.MiniOzoneClusterImpl (MiniOzoneClusterImpl.java:lambda$waitForClusterToBeReady$0(238)) - Waiting for cluster to exit safe mode
2022-01-11 15:47:31,458 [Listener at 127.0.0.1/38029] INFO  ozone.MiniOzoneClusterImpl (MiniOzoneClusterImpl.java:lambda$waitForClusterToBeReady$0(240)) - SCM became leader
2022-01-11 15:47:32,459 [Listener at 127.0.0.1/38029] INFO  ozone.MiniOzoneClusterImpl (MiniOzoneClusterImpl.java:lambda$waitForClusterToBeReady$0(235)) - Nodes are ready. Got 3 of 3 DN Heartbeats.
2022-01-11 15:47:32,459 [Listener at 127.0.0.1/38029] INFO  ozone.MiniOzoneClusterImpl (MiniOzoneClusterImpl.java:lambda$waitForClusterToBeReady$0(238)) - Waiting for cluster to exit safe mode
2022-01-11 15:47:32,459 [Listener at 127.0.0.1/38029] INFO  ozone.MiniOzoneClusterImpl (MiniOzoneClusterImpl.java:lambda$waitForClusterToBeReady$0(240)) - SCM became leader
2022-01-11 15:47:32,499 [17325594-a0c4-4bf2-bfba-0a794a24d581@group-C1052DE82F17-FollowerState] INFO  impl.FollowerState (FollowerState.java:run(134)) - 17325594-a0c4-4bf2-bfba-0a794a24d581@group-C1052DE82F17-FollowerState: change to CANDIDATE, lastRpcElapsedTime:5085665973ns, electionTimeout:5085ms
2022-01-11 15:47:32,500 [17325594-a0c4-4bf2-bfba-0a794a24d581@group-C1052DE82F17-FollowerState] INFO  impl.RoleInfo (RoleInfo.java:shutdownFollowerState(108)) - 17325594-a0c4-4bf2-bfba-0a794a24d581: shutdown 17325594-a0c4-4bf2-bfba-0a794a24d581@group-C1052DE82F17-FollowerState
2022-01-11 15:47:32,500 [17325594-a0c4-4bf2-bfba-0a794a24d581@group-C1052DE82F17-FollowerState] INFO  server.RaftServer$Division (RaftServerImpl.java:setRole(290)) - 17325594-a0c4-4bf2-bfba-0a794a24d581@group-C1052DE82F17: changes role from  FOLLOWER to CANDIDATE at term 3 for changeToCandidate
2022-01-11 15:47:32,500 [17325594-a0c4-4bf2-bfba-0a794a24d581@group-C1052DE82F17-FollowerState] INFO  server.RaftServerConfigKeys (ConfUtils.java:logGet(44)) - raft.server.leaderelection.pre-vote = false (custom)
2022-01-11 15:47:32,500 [17325594-a0c4-4bf2-bfba-0a794a24d581@group-C1052DE82F17-FollowerState] INFO  impl.RoleInfo (RoleInfo.java:updateAndGet(130)) - 17325594-a0c4-4bf2-bfba-0a794a24d581: start 17325594-a0c4-4bf2-bfba-0a794a24d581@group-C1052DE82F17-LeaderElection11
2022-01-11 15:47:32,507 [17325594-a0c4-4bf2-bfba-0a794a24d581@group-C1052DE82F17-LeaderElection11] INFO  impl.LeaderElection (LeaderElection.java:askForVotes(306)) - 17325594-a0c4-4bf2-bfba-0a794a24d581@group-C1052DE82F17-LeaderElection11 ELECTION round 0: submit vote requests at term 4 for -1: [1f329afc-3498-4638-8074-19fd337e8a73|rpc:10.1.0.14:45819|priority:0, 17325594-a0c4-4bf2-bfba-0a794a24d581|rpc:10.1.0.14:35517|priority:0, b8b6e90f-0b6d-4a0e-9c52-5d158a862858|rpc:10.1.0.14:46249|priority:1], old=null
2022-01-11 15:47:32,519 [grpc-default-executor-1] INFO  server.RaftServer$Division (RaftServerImpl.java:requestVote(1046)) - 1f329afc-3498-4638-8074-19fd337e8a73@group-C1052DE82F17: receive requestVote(ELECTION, 17325594-a0c4-4bf2-bfba-0a794a24d581, group-C1052DE82F17, 4, (t:0, i:0))
2022-01-11 15:47:32,519 [grpc-default-executor-1] INFO  impl.VoteContext (VoteContext.java:log(48)) - 1f329afc-3498-4638-8074-19fd337e8a73@group-C1052DE82F17-FOLLOWER: accept ELECTION from 17325594-a0c4-4bf2-bfba-0a794a24d581: our priority 0 <= candidate's priority 0
2022-01-11 15:47:32,519 [grpc-default-executor-1] INFO  server.RaftServer$Division (RaftServerImpl.java:setRole(290)) - 1f329afc-3498-4638-8074-19fd337e8a73@group-C1052DE82F17: changes role from  FOLLOWER to FOLLOWER at term 4 for candidate:17325594-a0c4-4bf2-bfba-0a794a24d581
2022-01-11 15:47:32,519 [grpc-default-executor-1] INFO  impl.RoleInfo (RoleInfo.java:shutdownFollowerState(108)) - 1f329afc-3498-4638-8074-19fd337e8a73: shutdown 1f329afc-3498-4638-8074-19fd337e8a73@group-C1052DE82F17-FollowerState
2022-01-11 15:47:32,519 [grpc-default-executor-1] INFO  impl.RoleInfo (RoleInfo.java:updateAndGet(130)) - 1f329afc-3498-4638-8074-19fd337e8a73: start 1f329afc-3498-4638-8074-19fd337e8a73@group-C1052DE82F17-FollowerState
2022-01-11 15:47:32,519 [1f329afc-3498-4638-8074-19fd337e8a73@group-C1052DE82F17-FollowerState] INFO  impl.FollowerState (FollowerState.java:run(143)) - 1f329afc-3498-4638-8074-19fd337e8a73@group-C1052DE82F17-FollowerState was interrupted: {}
java.lang.InterruptedException: sleep interrupted
	at java.lang.Thread.sleep(Native Method)
	at java.lang.Thread.sleep(Thread.java:340)
	at java.util.concurrent.TimeUnit.sleep(TimeUnit.java:386)
	at org.apache.ratis.util.TimeDuration.sleep(TimeDuration.java:324)
	at org.apache.ratis.util.TimeDuration.sleep(TimeDuration.java:309)
	at org.apache.ratis.server.impl.FollowerState.run(FollowerState.java:118)
2022-01-11 15:47:32,523 [grpc-default-executor-1] INFO  server.RaftServer$Division (RaftServerImpl.java:requestVote(1078)) - 1f329afc-3498-4638-8074-19fd337e8a73@group-C1052DE82F17 replies to ELECTION vote request: 17325594-a0c4-4bf2-bfba-0a794a24d581<-1f329afc-3498-4638-8074-19fd337e8a73#0:OK-t4. Peer's state: 1f329afc-3498-4638-8074-19fd337e8a73@group-C1052DE82F17:t4, leader=null, voted=17325594-a0c4-4bf2-bfba-0a794a24d581, raftlog=1f329afc-3498-4638-8074-19fd337e8a73@group-C1052DE82F17-SegmentedRaftLog:OPENED:c-1, conf=-1: [1f329afc-3498-4638-8074-19fd337e8a73|rpc:10.1.0.14:45819|priority:0, 17325594-a0c4-4bf2-bfba-0a794a24d581|rpc:10.1.0.14:35517|priority:0, b8b6e90f-0b6d-4a0e-9c52-5d158a862858|rpc:10.1.0.14:46249|priority:1], old=null
2022-01-11 15:47:32,524 [grpc-default-executor-0] INFO  server.RaftServer$Division (RaftServerImpl.java:requestVote(1046)) - b8b6e90f-0b6d-4a0e-9c52-5d158a862858@group-C1052DE82F17: receive requestVote(ELECTION, 17325594-a0c4-4bf2-bfba-0a794a24d581, group-C1052DE82F17, 4, (t:0, i:0))
2022-01-11 15:47:32,524 [grpc-default-executor-0] INFO  impl.VoteContext (VoteContext.java:log(48)) - b8b6e90f-0b6d-4a0e-9c52-5d158a862858@group-C1052DE82F17-FOLLOWER: reject ELECTION from 17325594-a0c4-4bf2-bfba-0a794a24d581: our priority 1 > candidate's priority 0
2022-01-11 15:47:32,525 [grpc-default-executor-0] INFO  server.RaftServer$Division (RaftServerImpl.java:setRole(290)) - b8b6e90f-0b6d-4a0e-9c52-5d158a862858@group-C1052DE82F17: changes role from  FOLLOWER to FOLLOWER at term 4 for candidate:17325594-a0c4-4bf2-bfba-0a794a24d581
2022-01-11 15:47:32,525 [grpc-default-executor-0] INFO  impl.RoleInfo (RoleInfo.java:shutdownFollowerState(108)) - b8b6e90f-0b6d-4a0e-9c52-5d158a862858: shutdown b8b6e90f-0b6d-4a0e-9c52-5d158a862858@group-C1052DE82F17-FollowerState
2022-01-11 15:47:32,525 [grpc-default-executor-0] INFO  impl.RoleInfo (RoleInfo.java:updateAndGet(130)) - b8b6e90f-0b6d-4a0e-9c52-5d158a862858: start b8b6e90f-0b6d-4a0e-9c52-5d158a862858@group-C1052DE82F17-FollowerState
2022-01-11 15:47:32,525 [b8b6e90f-0b6d-4a0e-9c52-5d158a862858@group-C1052DE82F17-FollowerState] INFO  impl.FollowerState (FollowerState.java:run(143)) - b8b6e90f-0b6d-4a0e-9c52-5d158a862858@group-C1052DE82F17-FollowerState was interrupted: {}
java.lang.InterruptedException: sleep interrupted
	at java.lang.Thread.sleep(Native Method)
	at java.lang.Thread.sleep(Thread.java:340)
	at java.util.concurrent.TimeUnit.sleep(TimeUnit.java:386)
	at org.apache.ratis.util.TimeDuration.sleep(TimeDuration.java:324)
	at org.apache.ratis.util.TimeDuration.sleep(TimeDuration.java:309)
	at org.apache.ratis.server.impl.FollowerState.run(FollowerState.java:118)
2022-01-11 15:47:32,526 [grpc-default-executor-0] INFO  server.RaftServer$Division (RaftServerImpl.java:requestVote(1078)) - b8b6e90f-0b6d-4a0e-9c52-5d158a862858@group-C1052DE82F17 replies to ELECTION vote request: 17325594-a0c4-4bf2-bfba-0a794a24d581<-b8b6e90f-0b6d-4a0e-9c52-5d158a862858#0:FAIL-t4. Peer's state: b8b6e90f-0b6d-4a0e-9c52-5d158a862858@group-C1052DE82F17:t4, leader=null, voted=null, raftlog=b8b6e90f-0b6d-4a0e-9c52-5d158a862858@group-C1052DE82F17-SegmentedRaftLog:OPENED:c-1, conf=-1: [1f329afc-3498-4638-8074-19fd337e8a73|rpc:10.1.0.14:45819|priority:0, 17325594-a0c4-4bf2-bfba-0a794a24d581|rpc:10.1.0.14:35517|priority:0, b8b6e90f-0b6d-4a0e-9c52-5d158a862858|rpc:10.1.0.14:46249|priority:1], old=null
2022-01-11 15:47:32,529 [17325594-a0c4-4bf2-bfba-0a794a24d581@group-C1052DE82F17-LeaderElection11] INFO  impl.LeaderElection (LeaderElection.java:logAndReturn(89)) - 17325594-a0c4-4bf2-bfba-0a794a24d581@group-C1052DE82F17-LeaderElection11: ELECTION REJECTED received 2 response(s) and 0 exception(s):
2022-01-11 15:47:32,529 [17325594-a0c4-4bf2-bfba-0a794a24d581@group-C1052DE82F17-LeaderElection11] INFO  impl.LeaderElection (LeaderElection.java:logAndReturn(93)) -   Response 0: 17325594-a0c4-4bf2-bfba-0a794a24d581<-1f329afc-3498-4638-8074-19fd337e8a73#0:OK-t4
2022-01-11 15:47:32,529 [17325594-a0c4-4bf2-bfba-0a794a24d581@group-C1052DE82F17-LeaderElection11] INFO  impl.LeaderElection (LeaderElection.java:logAndReturn(93)) -   Response 1: 17325594-a0c4-4bf2-bfba-0a794a24d581<-b8b6e90f-0b6d-4a0e-9c52-5d158a862858#0:FAIL-t4
2022-01-11 15:47:32,529 [17325594-a0c4-4bf2-bfba-0a794a24d581@group-C1052DE82F17-LeaderElection11] INFO  impl.LeaderElection (LeaderElection.java:askForVotes(308)) - 17325594-a0c4-4bf2-bfba-0a794a24d581@group-C1052DE82F17-LeaderElection11 ELECTION round 0: result REJECTED
2022-01-11 15:47:32,529 [17325594-a0c4-4bf2-bfba-0a794a24d581@group-C1052DE82F17-LeaderElection11] INFO  server.RaftServer$Division (RaftServerImpl.java:setRole(290)) - 17325594-a0c4-4bf2-bfba-0a794a24d581@group-C1052DE82F17: changes role from CANDIDATE to FOLLOWER at term 4 for REJECTED
2022-01-11 15:47:32,529 [17325594-a0c4-4bf2-bfba-0a794a24d581@group-C1052DE82F17-LeaderElection11] INFO  impl.RoleInfo (RoleInfo.java:shutdownLeaderElection(121)) - 17325594-a0c4-4bf2-bfba-0a794a24d581: shutdown 17325594-a0c4-4bf2-bfba-0a794a24d581@group-C1052DE82F17-LeaderElection11
2022-01-11 15:47:32,530 [17325594-a0c4-4bf2-bfba-0a794a24d581@group-C1052DE82F17-LeaderElection11] INFO  impl.RoleInfo (RoleInfo.java:updateAndGet(130)) - 17325594-a0c4-4bf2-bfba-0a794a24d581: start 17325594-a0c4-4bf2-bfba-0a794a24d581@group-C1052DE82F17-FollowerState
2022-01-11 15:47:33,459 [Listener at 127.0.0.1/38029] INFO  ozone.MiniOzoneClusterImpl (MiniOzoneClusterImpl.java:lambda$waitForClusterToBeReady$0(235)) - Nodes are ready. Got 3 of 3 DN Heartbeats.
2022-01-11 15:47:33,460 [Listener at 127.0.0.1/38029] INFO  ozone.MiniOzoneClusterImpl (MiniOzoneClusterImpl.java:lambda$waitForClusterToBeReady$0(238)) - Waiting for cluster to exit safe mode
2022-01-11 15:47:33,461 [Listener at 127.0.0.1/38029] INFO  ozone.MiniOzoneClusterImpl (MiniOzoneClusterImpl.java:lambda$waitForClusterToBeReady$0(240)) - SCM became leader
2022-01-11 15:47:34,461 [Listener at 127.0.0.1/38029] INFO  ozone.MiniOzoneClusterImpl (MiniOzoneClusterImpl.java:lambda$waitForClusterToBeReady$0(235)) - Nodes are ready. Got 3 of 3 DN Heartbeats.
2022-01-11 15:47:34,461 [Listener at 127.0.0.1/38029] INFO  ozone.MiniOzoneClusterImpl (MiniOzoneClusterImpl.java:lambda$waitForClusterToBeReady$0(238)) - Waiting for cluster to exit safe mode
2022-01-11 15:47:34,461 [Listener at 127.0.0.1/38029] INFO  ozone.MiniOzoneClusterImpl (MiniOzoneClusterImpl.java:lambda$waitForClusterToBeReady$0(240)) - SCM became leader
2022-01-11 15:47:35,462 [Listener at 127.0.0.1/38029] INFO  ozone.MiniOzoneClusterImpl (MiniOzoneClusterImpl.java:lambda$waitForClusterToBeReady$0(235)) - Nodes are ready. Got 3 of 3 DN Heartbeats.
2022-01-11 15:47:35,462 [Listener at 127.0.0.1/38029] INFO  ozone.MiniOzoneClusterImpl (MiniOzoneClusterImpl.java:lambda$waitForClusterToBeReady$0(238)) - Waiting for cluster to exit safe mode
2022-01-11 15:47:35,462 [Listener at 127.0.0.1/38029] INFO  ozone.MiniOzoneClusterImpl (MiniOzoneClusterImpl.java:lambda$waitForClusterToBeReady$0(240)) - SCM became leader
2022-01-11 15:47:36,462 [Listener at 127.0.0.1/38029] INFO  ozone.MiniOzoneClusterImpl (MiniOzoneClusterImpl.java:lambda$waitForClusterToBeReady$0(235)) - Nodes are ready. Got 3 of 3 DN Heartbeats.
2022-01-11 15:47:36,462 [Listener at 127.0.0.1/38029] INFO  ozone.MiniOzoneClusterImpl (MiniOzoneClusterImpl.java:lambda$waitForClusterToBeReady$0(238)) - Waiting for cluster to exit safe mode
2022-01-11 15:47:36,462 [Listener at 127.0.0.1/38029] INFO  ozone.MiniOzoneClusterImpl (MiniOzoneClusterImpl.java:lambda$waitForClusterToBeReady$0(240)) - SCM became leader
2022-01-11 15:47:37,466 [Listener at 127.0.0.1/38029] INFO  ozone.MiniOzoneClusterImpl (MiniOzoneClusterImpl.java:lambda$waitForClusterToBeReady$0(235)) - Nodes are ready. Got 3 of 3 DN Heartbeats.
2022-01-11 15:47:37,467 [Listener at 127.0.0.1/38029] INFO  ozone.MiniOzoneClusterImpl (MiniOzoneClusterImpl.java:lambda$waitForClusterToBeReady$0(238)) - Waiting for cluster to exit safe mode
2022-01-11 15:47:37,467 [Listener at 127.0.0.1/38029] INFO  ozone.MiniOzoneClusterImpl (MiniOzoneClusterImpl.java:lambda$waitForClusterToBeReady$0(240)) - SCM became leader
2022-01-11 15:47:37,630 [17325594-a0c4-4bf2-bfba-0a794a24d581@group-C1052DE82F17-FollowerState] INFO  impl.FollowerState (FollowerState.java:run(134)) - 17325594-a0c4-4bf2-bfba-0a794a24d581@group-C1052DE82F17-FollowerState: change to CANDIDATE, lastRpcElapsedTime:5100398240ns, electionTimeout:5092ms
2022-01-11 15:47:37,630 [17325594-a0c4-4bf2-bfba-0a794a24d581@group-C1052DE82F17-FollowerState] INFO  impl.RoleInfo (RoleInfo.java:shutdownFollowerState(108)) - 17325594-a0c4-4bf2-bfba-0a794a24d581: shutdown 17325594-a0c4-4bf2-bfba-0a794a24d581@group-C1052DE82F17-FollowerState
2022-01-11 15:47:37,630 [17325594-a0c4-4bf2-bfba-0a794a24d581@group-C1052DE82F17-FollowerState] INFO  server.RaftServer$Division (RaftServerImpl.java:setRole(290)) - 17325594-a0c4-4bf2-bfba-0a794a24d581@group-C1052DE82F17: changes role from  FOLLOWER to CANDIDATE at term 4 for changeToCandidate
2022-01-11 15:47:37,630 [17325594-a0c4-4bf2-bfba-0a794a24d581@group-C1052DE82F17-FollowerState] INFO  server.RaftServerConfigKeys (ConfUtils.java:logGet(44)) - raft.server.leaderelection.pre-vote = false (custom)
2022-01-11 15:47:37,630 [17325594-a0c4-4bf2-bfba-0a794a24d581@group-C1052DE82F17-FollowerState] INFO  impl.RoleInfo (RoleInfo.java:updateAndGet(130)) - 17325594-a0c4-4bf2-bfba-0a794a24d581: start 17325594-a0c4-4bf2-bfba-0a794a24d581@group-C1052DE82F17-LeaderElection12
2022-01-11 15:47:37,639 [17325594-a0c4-4bf2-bfba-0a794a24d581@group-C1052DE82F17-LeaderElection12] INFO  impl.LeaderElection (LeaderElection.java:askForVotes(306)) - 17325594-a0c4-4bf2-bfba-0a794a24d581@group-C1052DE82F17-LeaderElection12 ELECTION round 0: submit vote requests at term 5 for -1: [1f329afc-3498-4638-8074-19fd337e8a73|rpc:10.1.0.14:45819|priority:0, 17325594-a0c4-4bf2-bfba-0a794a24d581|rpc:10.1.0.14:35517|priority:0, b8b6e90f-0b6d-4a0e-9c52-5d158a862858|rpc:10.1.0.14:46249|priority:1], old=null
2022-01-11 15:47:37,644 [grpc-default-executor-0] INFO  server.RaftServer$Division (RaftServerImpl.java:requestVote(1046)) - 1f329afc-3498-4638-8074-19fd337e8a73@group-C1052DE82F17: receive requestVote(ELECTION, 17325594-a0c4-4bf2-bfba-0a794a24d581, group-C1052DE82F17, 5, (t:0, i:0))
2022-01-11 15:47:37,644 [grpc-default-executor-0] INFO  impl.VoteContext (VoteContext.java:log(48)) - 1f329afc-3498-4638-8074-19fd337e8a73@group-C1052DE82F17-FOLLOWER: accept ELECTION from 17325594-a0c4-4bf2-bfba-0a794a24d581: our priority 0 <= candidate's priority 0
2022-01-11 15:47:37,644 [grpc-default-executor-0] INFO  server.RaftServer$Division (RaftServerImpl.java:setRole(290)) - 1f329afc-3498-4638-8074-19fd337e8a73@group-C1052DE82F17: changes role from  FOLLOWER to FOLLOWER at term 5 for candidate:17325594-a0c4-4bf2-bfba-0a794a24d581
2022-01-11 15:47:37,644 [grpc-default-executor-0] INFO  impl.RoleInfo (RoleInfo.java:shutdownFollowerState(108)) - 1f329afc-3498-4638-8074-19fd337e8a73: shutdown 1f329afc-3498-4638-8074-19fd337e8a73@group-C1052DE82F17-FollowerState
2022-01-11 15:47:37,644 [grpc-default-executor-0] INFO  impl.RoleInfo (RoleInfo.java:updateAndGet(130)) - 1f329afc-3498-4638-8074-19fd337e8a73: start 1f329afc-3498-4638-8074-19fd337e8a73@group-C1052DE82F17-FollowerState
2022-01-11 15:47:37,645 [1f329afc-3498-4638-8074-19fd337e8a73@group-C1052DE82F17-FollowerState] INFO  impl.FollowerState (FollowerState.java:run(143)) - 1f329afc-3498-4638-8074-19fd337e8a73@group-C1052DE82F17-FollowerState was interrupted: {}
java.lang.InterruptedException: sleep interrupted
	at java.lang.Thread.sleep(Native Method)
	at java.lang.Thread.sleep(Thread.java:340)
	at java.util.concurrent.TimeUnit.sleep(TimeUnit.java:386)
	at org.apache.ratis.util.TimeDuration.sleep(TimeDuration.java:324)
	at org.apache.ratis.util.TimeDuration.sleep(TimeDuration.java:309)
	at org.apache.ratis.server.impl.FollowerState.run(FollowerState.java:118)
2022-01-11 15:47:37,649 [grpc-default-executor-0] INFO  server.RaftServer$Division (RaftServerImpl.java:requestVote(1078)) - 1f329afc-3498-4638-8074-19fd337e8a73@group-C1052DE82F17 replies to ELECTION vote request: 17325594-a0c4-4bf2-bfba-0a794a24d581<-1f329afc-3498-4638-8074-19fd337e8a73#0:OK-t5. Peer's state: 1f329afc-3498-4638-8074-19fd337e8a73@group-C1052DE82F17:t5, leader=null, voted=17325594-a0c4-4bf2-bfba-0a794a24d581, raftlog=1f329afc-3498-4638-8074-19fd337e8a73@group-C1052DE82F17-SegmentedRaftLog:OPENED:c-1, conf=-1: [1f329afc-3498-4638-8074-19fd337e8a73|rpc:10.1.0.14:45819|priority:0, 17325594-a0c4-4bf2-bfba-0a794a24d581|rpc:10.1.0.14:35517|priority:0, b8b6e90f-0b6d-4a0e-9c52-5d158a862858|rpc:10.1.0.14:46249|priority:1], old=null
2022-01-11 15:47:37,658 [grpc-default-executor-0] INFO  server.RaftServer$Division (RaftServerImpl.java:requestVote(1046)) - b8b6e90f-0b6d-4a0e-9c52-5d158a862858@group-C1052DE82F17: receive requestVote(ELECTION, 17325594-a0c4-4bf2-bfba-0a794a24d581, group-C1052DE82F17, 5, (t:0, i:0))
2022-01-11 15:47:37,658 [grpc-default-executor-0] INFO  impl.VoteContext (VoteContext.java:log(48)) - b8b6e90f-0b6d-4a0e-9c52-5d158a862858@group-C1052DE82F17-FOLLOWER: reject ELECTION from 17325594-a0c4-4bf2-bfba-0a794a24d581: our priority 1 > candidate's priority 0
2022-01-11 15:47:37,658 [grpc-default-executor-0] INFO  server.RaftServer$Division (RaftServerImpl.java:setRole(290)) - b8b6e90f-0b6d-4a0e-9c52-5d158a862858@group-C1052DE82F17: changes role from  FOLLOWER to FOLLOWER at term 5 for candidate:17325594-a0c4-4bf2-bfba-0a794a24d581
2022-01-11 15:47:37,658 [grpc-default-executor-0] INFO  impl.RoleInfo (RoleInfo.java:shutdownFollowerState(108)) - b8b6e90f-0b6d-4a0e-9c52-5d158a862858: shutdown b8b6e90f-0b6d-4a0e-9c52-5d158a862858@group-C1052DE82F17-FollowerState
2022-01-11 15:47:37,658 [b8b6e90f-0b6d-4a0e-9c52-5d158a862858@group-C1052DE82F17-FollowerState] INFO  impl.FollowerState (FollowerState.java:run(143)) - b8b6e90f-0b6d-4a0e-9c52-5d158a862858@group-C1052DE82F17-FollowerState was interrupted: {}
java.lang.InterruptedException: sleep interrupted
	at java.lang.Thread.sleep(Native Method)
	at java.lang.Thread.sleep(Thread.java:340)
	at java.util.concurrent.TimeUnit.sleep(TimeUnit.java:386)
	at org.apache.ratis.util.TimeDuration.sleep(TimeDuration.java:324)
	at org.apache.ratis.util.TimeDuration.sleep(TimeDuration.java:309)
	at org.apache.ratis.server.impl.FollowerState.run(FollowerState.java:118)
2022-01-11 15:47:37,658 [grpc-default-executor-0] INFO  impl.RoleInfo (RoleInfo.java:updateAndGet(130)) - b8b6e90f-0b6d-4a0e-9c52-5d158a862858: start b8b6e90f-0b6d-4a0e-9c52-5d158a862858@group-C1052DE82F17-FollowerState
2022-01-11 15:47:37,661 [grpc-default-executor-0] INFO  server.RaftServer$Division (RaftServerImpl.java:requestVote(1078)) - b8b6e90f-0b6d-4a0e-9c52-5d158a862858@group-C1052DE82F17 replies to ELECTION vote request: 17325594-a0c4-4bf2-bfba-0a794a24d581<-b8b6e90f-0b6d-4a0e-9c52-5d158a862858#0:FAIL-t5. Peer's state: b8b6e90f-0b6d-4a0e-9c52-5d158a862858@group-C1052DE82F17:t5, leader=null, voted=null, raftlog=b8b6e90f-0b6d-4a0e-9c52-5d158a862858@group-C1052DE82F17-SegmentedRaftLog:OPENED:c-1, conf=-1: [1f329afc-3498-4638-8074-19fd337e8a73|rpc:10.1.0.14:45819|priority:0, 17325594-a0c4-4bf2-bfba-0a794a24d581|rpc:10.1.0.14:35517|priority:0, b8b6e90f-0b6d-4a0e-9c52-5d158a862858|rpc:10.1.0.14:46249|priority:1], old=null
2022-01-11 15:47:37,666 [17325594-a0c4-4bf2-bfba-0a794a24d581@group-C1052DE82F17-LeaderElection12] INFO  impl.LeaderElection (LeaderElection.java:logAndReturn(89)) - 17325594-a0c4-4bf2-bfba-0a794a24d581@group-C1052DE82F17-LeaderElection12: ELECTION REJECTED received 2 response(s) and 0 exception(s):
2022-01-11 15:47:37,666 [17325594-a0c4-4bf2-bfba-0a794a24d581@group-C1052DE82F17-LeaderElection12] INFO  impl.LeaderElection (LeaderElection.java:logAndReturn(93)) -   Response 0: 17325594-a0c4-4bf2-bfba-0a794a24d581<-1f329afc-3498-4638-8074-19fd337e8a73#0:OK-t5
2022-01-11 15:47:37,667 [17325594-a0c4-4bf2-bfba-0a794a24d581@group-C1052DE82F17-LeaderElection12] INFO  impl.LeaderElection (LeaderElection.java:logAndReturn(93)) -   Response 1: 17325594-a0c4-4bf2-bfba-0a794a24d581<-b8b6e90f-0b6d-4a0e-9c52-5d158a862858#0:FAIL-t5
2022-01-11 15:47:37,667 [17325594-a0c4-4bf2-bfba-0a794a24d581@group-C1052DE82F17-LeaderElection12] INFO  impl.LeaderElection (LeaderElection.java:askForVotes(308)) - 17325594-a0c4-4bf2-bfba-0a794a24d581@group-C1052DE82F17-LeaderElection12 ELECTION round 0: result REJECTED
2022-01-11 15:47:37,667 [17325594-a0c4-4bf2-bfba-0a794a24d581@group-C1052DE82F17-LeaderElection12] INFO  server.RaftServer$Division (RaftServerImpl.java:setRole(290)) - 17325594-a0c4-4bf2-bfba-0a794a24d581@group-C1052DE82F17: changes role from CANDIDATE to FOLLOWER at term 5 for REJECTED
2022-01-11 15:47:37,667 [17325594-a0c4-4bf2-bfba-0a794a24d581@group-C1052DE82F17-LeaderElection12] INFO  impl.RoleInfo (RoleInfo.java:shutdownLeaderElection(121)) - 17325594-a0c4-4bf2-bfba-0a794a24d581: shutdown 17325594-a0c4-4bf2-bfba-0a794a24d581@group-C1052DE82F17-LeaderElection12
2022-01-11 15:47:37,667 [17325594-a0c4-4bf2-bfba-0a794a24d581@group-C1052DE82F17-LeaderElection12] INFO  impl.RoleInfo (RoleInfo.java:updateAndGet(130)) - 17325594-a0c4-4bf2-bfba-0a794a24d581: start 17325594-a0c4-4bf2-bfba-0a794a24d581@group-C1052DE82F17-FollowerState
2022-01-11 15:47:38,467 [Listener at 127.0.0.1/38029] INFO  ozone.MiniOzoneClusterImpl (MiniOzoneClusterImpl.java:lambda$waitForClusterToBeReady$0(235)) - Nodes are ready. Got 3 of 3 DN Heartbeats.
2022-01-11 15:47:38,469 [Listener at 127.0.0.1/38029] INFO  ozone.MiniOzoneClusterImpl (MiniOzoneClusterImpl.java:lambda$waitForClusterToBeReady$0(238)) - Waiting for cluster to exit safe mode
2022-01-11 15:47:38,469 [Listener at 127.0.0.1/38029] INFO  ozone.MiniOzoneClusterImpl (MiniOzoneClusterImpl.java:lambda$waitForClusterToBeReady$0(240)) - SCM became leader
2022-01-11 15:47:39,470 [Listener at 127.0.0.1/38029] INFO  ozone.MiniOzoneClusterImpl (MiniOzoneClusterImpl.java:lambda$waitForClusterToBeReady$0(235)) - Nodes are ready. Got 3 of 3 DN Heartbeats.
2022-01-11 15:47:39,470 [Listener at 127.0.0.1/38029] INFO  ozone.MiniOzoneClusterImpl (MiniOzoneClusterImpl.java:lambda$waitForClusterToBeReady$0(238)) - Waiting for cluster to exit safe mode
2022-01-11 15:47:39,470 [Listener at 127.0.0.1/38029] INFO  ozone.MiniOzoneClusterImpl (MiniOzoneClusterImpl.java:lambda$waitForClusterToBeReady$0(240)) - SCM became leader
2022-01-11 15:47:40,470 [Listener at 127.0.0.1/38029] INFO  ozone.MiniOzoneClusterImpl (MiniOzoneClusterImpl.java:lambda$waitForClusterToBeReady$0(235)) - Nodes are ready. Got 3 of 3 DN Heartbeats.
2022-01-11 15:47:40,471 [Listener at 127.0.0.1/38029] INFO  ozone.MiniOzoneClusterImpl (MiniOzoneClusterImpl.java:lambda$waitForClusterToBeReady$0(238)) - Waiting for cluster to exit safe mode
2022-01-11 15:47:40,471 [Listener at 127.0.0.1/38029] INFO  ozone.MiniOzoneClusterImpl (MiniOzoneClusterImpl.java:lambda$waitForClusterToBeReady$0(240)) - SCM became leader
2022-01-11 15:47:41,471 [Listener at 127.0.0.1/38029] INFO  ozone.MiniOzoneClusterImpl (MiniOzoneClusterImpl.java:lambda$waitForClusterToBeReady$0(235)) - Nodes are ready. Got 3 of 3 DN Heartbeats.
2022-01-11 15:47:41,471 [Listener at 127.0.0.1/38029] INFO  ozone.MiniOzoneClusterImpl (MiniOzoneClusterImpl.java:lambda$waitForClusterToBeReady$0(238)) - Waiting for cluster to exit safe mode
2022-01-11 15:47:41,471 [Listener at 127.0.0.1/38029] INFO  ozone.MiniOzoneClusterImpl (MiniOzoneClusterImpl.java:lambda$waitForClusterToBeReady$0(240)) - SCM became leader
2022-01-11 15:47:42,472 [Listener at 127.0.0.1/38029] INFO  ozone.MiniOzoneClusterImpl (MiniOzoneClusterImpl.java:lambda$waitForClusterToBeReady$0(235)) - Nodes are ready. Got 3 of 3 DN Heartbeats.
2022-01-11 15:47:42,472 [Listener at 127.0.0.1/38029] INFO  ozone.MiniOzoneClusterImpl (MiniOzoneClusterImpl.java:lambda$waitForClusterToBeReady$0(238)) - Waiting for cluster to exit safe mode
2022-01-11 15:47:42,472 [Listener at 127.0.0.1/38029] INFO  ozone.MiniOzoneClusterImpl (MiniOzoneClusterImpl.java:lambda$waitForClusterToBeReady$0(240)) - SCM became leader
2022-01-11 15:47:42,700 [17325594-a0c4-4bf2-bfba-0a794a24d581@group-C1052DE82F17-FollowerState] INFO  impl.FollowerState (FollowerState.java:run(134)) - 17325594-a0c4-4bf2-bfba-0a794a24d581@group-C1052DE82F17-FollowerState: change to CANDIDATE, lastRpcElapsedTime:5032842674ns, electionTimeout:5018ms
2022-01-11 15:47:42,701 [17325594-a0c4-4bf2-bfba-0a794a24d581@group-C1052DE82F17-FollowerState] INFO  impl.RoleInfo (RoleInfo.java:shutdownFollowerState(108)) - 17325594-a0c4-4bf2-bfba-0a794a24d581: shutdown 17325594-a0c4-4bf2-bfba-0a794a24d581@group-C1052DE82F17-FollowerState
2022-01-11 15:47:42,701 [17325594-a0c4-4bf2-bfba-0a794a24d581@group-C1052DE82F17-FollowerState] INFO  server.RaftServer$Division (RaftServerImpl.java:setRole(290)) - 17325594-a0c4-4bf2-bfba-0a794a24d581@group-C1052DE82F17: changes role from  FOLLOWER to CANDIDATE at term 5 for changeToCandidate
2022-01-11 15:47:42,701 [17325594-a0c4-4bf2-bfba-0a794a24d581@group-C1052DE82F17-FollowerState] INFO  server.RaftServerConfigKeys (ConfUtils.java:logGet(44)) - raft.server.leaderelection.pre-vote = false (custom)
2022-01-11 15:47:42,701 [17325594-a0c4-4bf2-bfba-0a794a24d581@group-C1052DE82F17-FollowerState] INFO  impl.RoleInfo (RoleInfo.java:updateAndGet(130)) - 17325594-a0c4-4bf2-bfba-0a794a24d581: start 17325594-a0c4-4bf2-bfba-0a794a24d581@group-C1052DE82F17-LeaderElection13
2022-01-11 15:47:42,709 [17325594-a0c4-4bf2-bfba-0a794a24d581@group-C1052DE82F17-LeaderElection13] INFO  impl.LeaderElection (LeaderElection.java:askForVotes(306)) - 17325594-a0c4-4bf2-bfba-0a794a24d581@group-C1052DE82F17-LeaderElection13 ELECTION round 0: submit vote requests at term 6 for -1: [1f329afc-3498-4638-8074-19fd337e8a73|rpc:10.1.0.14:45819|priority:0, 17325594-a0c4-4bf2-bfba-0a794a24d581|rpc:10.1.0.14:35517|priority:0, b8b6e90f-0b6d-4a0e-9c52-5d158a862858|rpc:10.1.0.14:46249|priority:1], old=null
2022-01-11 15:47:42,725 [grpc-default-executor-0] INFO  server.RaftServer$Division (RaftServerImpl.java:requestVote(1046)) - 1f329afc-3498-4638-8074-19fd337e8a73@group-C1052DE82F17: receive requestVote(ELECTION, 17325594-a0c4-4bf2-bfba-0a794a24d581, group-C1052DE82F17, 6, (t:0, i:0))
2022-01-11 15:47:42,725 [grpc-default-executor-0] INFO  impl.VoteContext (VoteContext.java:log(48)) - 1f329afc-3498-4638-8074-19fd337e8a73@group-C1052DE82F17-FOLLOWER: accept ELECTION from 17325594-a0c4-4bf2-bfba-0a794a24d581: our priority 0 <= candidate's priority 0
2022-01-11 15:47:42,725 [grpc-default-executor-0] INFO  server.RaftServer$Division (RaftServerImpl.java:setRole(290)) - 1f329afc-3498-4638-8074-19fd337e8a73@group-C1052DE82F17: changes role from  FOLLOWER to FOLLOWER at term 6 for candidate:17325594-a0c4-4bf2-bfba-0a794a24d581
2022-01-11 15:47:42,725 [grpc-default-executor-0] INFO  impl.RoleInfo (RoleInfo.java:shutdownFollowerState(108)) - 1f329afc-3498-4638-8074-19fd337e8a73: shutdown 1f329afc-3498-4638-8074-19fd337e8a73@group-C1052DE82F17-FollowerState
2022-01-11 15:47:42,725 [1f329afc-3498-4638-8074-19fd337e8a73@group-C1052DE82F17-FollowerState] INFO  impl.FollowerState (FollowerState.java:run(143)) - 1f329afc-3498-4638-8074-19fd337e8a73@group-C1052DE82F17-FollowerState was interrupted: {}
java.lang.InterruptedException: sleep interrupted
	at java.lang.Thread.sleep(Native Method)
	at java.lang.Thread.sleep(Thread.java:340)
	at java.util.concurrent.TimeUnit.sleep(TimeUnit.java:386)
	at org.apache.ratis.util.TimeDuration.sleep(TimeDuration.java:324)
	at org.apache.ratis.util.TimeDuration.sleep(TimeDuration.java:309)
	at org.apache.ratis.server.impl.FollowerState.run(FollowerState.java:118)
2022-01-11 15:47:42,725 [grpc-default-executor-0] INFO  impl.RoleInfo (RoleInfo.java:updateAndGet(130)) - 1f329afc-3498-4638-8074-19fd337e8a73: start 1f329afc-3498-4638-8074-19fd337e8a73@group-C1052DE82F17-FollowerState
2022-01-11 15:47:42,727 [grpc-default-executor-0] INFO  server.RaftServer$Division (RaftServerImpl.java:requestVote(1078)) - 1f329afc-3498-4638-8074-19fd337e8a73@group-C1052DE82F17 replies to ELECTION vote request: 17325594-a0c4-4bf2-bfba-0a794a24d581<-1f329afc-3498-4638-8074-19fd337e8a73#0:OK-t6. Peer's state: 1f329afc-3498-4638-8074-19fd337e8a73@group-C1052DE82F17:t6, leader=null, voted=17325594-a0c4-4bf2-bfba-0a794a24d581, raftlog=1f329afc-3498-4638-8074-19fd337e8a73@group-C1052DE82F17-SegmentedRaftLog:OPENED:c-1, conf=-1: [1f329afc-3498-4638-8074-19fd337e8a73|rpc:10.1.0.14:45819|priority:0, 17325594-a0c4-4bf2-bfba-0a794a24d581|rpc:10.1.0.14:35517|priority:0, b8b6e90f-0b6d-4a0e-9c52-5d158a862858|rpc:10.1.0.14:46249|priority:1], old=null
2022-01-11 15:47:42,732 [grpc-default-executor-1] INFO  server.RaftServer$Division (RaftServerImpl.java:requestVote(1046)) - b8b6e90f-0b6d-4a0e-9c52-5d158a862858@group-C1052DE82F17: receive requestVote(ELECTION, 17325594-a0c4-4bf2-bfba-0a794a24d581, group-C1052DE82F17, 6, (t:0, i:0))
2022-01-11 15:47:42,732 [grpc-default-executor-1] INFO  impl.VoteContext (VoteContext.java:log(48)) - b8b6e90f-0b6d-4a0e-9c52-5d158a862858@group-C1052DE82F17-FOLLOWER: reject ELECTION from 17325594-a0c4-4bf2-bfba-0a794a24d581: our priority 1 > candidate's priority 0
2022-01-11 15:47:42,732 [grpc-default-executor-1] INFO  server.RaftServer$Division (RaftServerImpl.java:setRole(290)) - b8b6e90f-0b6d-4a0e-9c52-5d158a862858@group-C1052DE82F17: changes role from  FOLLOWER to FOLLOWER at term 6 for candidate:17325594-a0c4-4bf2-bfba-0a794a24d581
2022-01-11 15:47:42,732 [grpc-default-executor-1] INFO  impl.RoleInfo (RoleInfo.java:shutdownFollowerState(108)) - b8b6e90f-0b6d-4a0e-9c52-5d158a862858: shutdown b8b6e90f-0b6d-4a0e-9c52-5d158a862858@group-C1052DE82F17-FollowerState
2022-01-11 15:47:42,732 [grpc-default-executor-1] INFO  impl.RoleInfo (RoleInfo.java:updateAndGet(130)) - b8b6e90f-0b6d-4a0e-9c52-5d158a862858: start b8b6e90f-0b6d-4a0e-9c52-5d158a862858@group-C1052DE82F17-FollowerState
2022-01-11 15:47:42,732 [b8b6e90f-0b6d-4a0e-9c52-5d158a862858@group-C1052DE82F17-FollowerState] INFO  impl.FollowerState (FollowerState.java:run(143)) - b8b6e90f-0b6d-4a0e-9c52-5d158a862858@group-C1052DE82F17-FollowerState was interrupted: {}
java.lang.InterruptedException: sleep interrupted
	at java.lang.Thread.sleep(Native Method)
	at java.lang.Thread.sleep(Thread.java:340)
	at java.util.concurrent.TimeUnit.sleep(TimeUnit.java:386)
	at org.apache.ratis.util.TimeDuration.sleep(TimeDuration.java:324)
	at org.apache.ratis.util.TimeDuration.sleep(TimeDuration.java:309)
	at org.apache.ratis.server.impl.FollowerState.run(FollowerState.java:118)
2022-01-11 15:47:42,735 [grpc-default-executor-1] INFO  server.RaftServer$Division (RaftServerImpl.java:requestVote(1078)) - b8b6e90f-0b6d-4a0e-9c52-5d158a862858@group-C1052DE82F17 replies to ELECTION vote request: 17325594-a0c4-4bf2-bfba-0a794a24d581<-b8b6e90f-0b6d-4a0e-9c52-5d158a862858#0:FAIL-t6. Peer's state: b8b6e90f-0b6d-4a0e-9c52-5d158a862858@group-C1052DE82F17:t6, leader=null, voted=null, raftlog=b8b6e90f-0b6d-4a0e-9c52-5d158a862858@group-C1052DE82F17-SegmentedRaftLog:OPENED:c-1, conf=-1: [1f329afc-3498-4638-8074-19fd337e8a73|rpc:10.1.0.14:45819|priority:0, 17325594-a0c4-4bf2-bfba-0a794a24d581|rpc:10.1.0.14:35517|priority:0, b8b6e90f-0b6d-4a0e-9c52-5d158a862858|rpc:10.1.0.14:46249|priority:1], old=null
2022-01-11 15:47:42,739 [17325594-a0c4-4bf2-bfba-0a794a24d581@group-C1052DE82F17-LeaderElection13] INFO  impl.LeaderElection (LeaderElection.java:logAndReturn(89)) - 17325594-a0c4-4bf2-bfba-0a794a24d581@group-C1052DE82F17-LeaderElection13: ELECTION REJECTED received 2 response(s) and 0 exception(s):
2022-01-11 15:47:42,740 [17325594-a0c4-4bf2-bfba-0a794a24d581@group-C1052DE82F17-LeaderElection13] INFO  impl.LeaderElection (LeaderElection.java:logAndReturn(93)) -   Response 0: 17325594-a0c4-4bf2-bfba-0a794a24d581<-1f329afc-3498-4638-8074-19fd337e8a73#0:OK-t6
2022-01-11 15:47:42,740 [17325594-a0c4-4bf2-bfba-0a794a24d581@group-C1052DE82F17-LeaderElection13] INFO  impl.LeaderElection (LeaderElection.java:logAndReturn(93)) -   Response 1: 17325594-a0c4-4bf2-bfba-0a794a24d581<-b8b6e90f-0b6d-4a0e-9c52-5d158a862858#0:FAIL-t6
2022-01-11 15:47:42,740 [17325594-a0c4-4bf2-bfba-0a794a24d581@group-C1052DE82F17-LeaderElection13] INFO  impl.LeaderElection (LeaderElection.java:askForVotes(308)) - 17325594-a0c4-4bf2-bfba-0a794a24d581@group-C1052DE82F17-LeaderElection13 ELECTION round 0: result REJECTED
2022-01-11 15:47:42,740 [17325594-a0c4-4bf2-bfba-0a794a24d581@group-C1052DE82F17-LeaderElection13] INFO  server.RaftServer$Division (RaftServerImpl.java:setRole(290)) - 17325594-a0c4-4bf2-bfba-0a794a24d581@group-C1052DE82F17: changes role from CANDIDATE to FOLLOWER at term 6 for REJECTED
2022-01-11 15:47:42,740 [17325594-a0c4-4bf2-bfba-0a794a24d581@group-C1052DE82F17-LeaderElection13] INFO  impl.RoleInfo (RoleInfo.java:shutdownLeaderElection(121)) - 17325594-a0c4-4bf2-bfba-0a794a24d581: shutdown 17325594-a0c4-4bf2-bfba-0a794a24d581@group-C1052DE82F17-LeaderElection13
2022-01-11 15:47:42,740 [17325594-a0c4-4bf2-bfba-0a794a24d581@group-C1052DE82F17-LeaderElection13] INFO  impl.RoleInfo (RoleInfo.java:updateAndGet(130)) - 17325594-a0c4-4bf2-bfba-0a794a24d581: start 17325594-a0c4-4bf2-bfba-0a794a24d581@group-C1052DE82F17-FollowerState
2022-01-11 15:47:43,472 [Listener at 127.0.0.1/38029] INFO  ozone.MiniOzoneClusterImpl (MiniOzoneClusterImpl.java:lambda$waitForClusterToBeReady$0(235)) - Nodes are ready. Got 3 of 3 DN Heartbeats.
2022-01-11 15:47:43,473 [Listener at 127.0.0.1/38029] INFO  ozone.MiniOzoneClusterImpl (MiniOzoneClusterImpl.java:lambda$waitForClusterToBeReady$0(238)) - Waiting for cluster to exit safe mode
2022-01-11 15:47:43,473 [Listener at 127.0.0.1/38029] INFO  ozone.MiniOzoneClusterImpl (MiniOzoneClusterImpl.java:lambda$waitForClusterToBeReady$0(240)) - SCM became leader
2022-01-11 15:47:44,474 [Listener at 127.0.0.1/38029] INFO  ozone.MiniOzoneClusterImpl (MiniOzoneClusterImpl.java:lambda$waitForClusterToBeReady$0(235)) - Nodes are ready. Got 3 of 3 DN Heartbeats.
2022-01-11 15:47:44,474 [Listener at 127.0.0.1/38029] INFO  ozone.MiniOzoneClusterImpl (MiniOzoneClusterImpl.java:lambda$waitForClusterToBeReady$0(238)) - Waiting for cluster to exit safe mode
2022-01-11 15:47:44,474 [Listener at 127.0.0.1/38029] INFO  ozone.MiniOzoneClusterImpl (MiniOzoneClusterImpl.java:lambda$waitForClusterToBeReady$0(240)) - SCM became leader
2022-01-11 15:47:45,474 [Listener at 127.0.0.1/38029] INFO  ozone.MiniOzoneClusterImpl (MiniOzoneClusterImpl.java:lambda$waitForClusterToBeReady$0(235)) - Nodes are ready. Got 3 of 3 DN Heartbeats.
2022-01-11 15:47:45,474 [Listener at 127.0.0.1/38029] INFO  ozone.MiniOzoneClusterImpl (MiniOzoneClusterImpl.java:lambda$waitForClusterToBeReady$0(238)) - Waiting for cluster to exit safe mode
2022-01-11 15:47:45,474 [Listener at 127.0.0.1/38029] INFO  ozone.MiniOzoneClusterImpl (MiniOzoneClusterImpl.java:lambda$waitForClusterToBeReady$0(240)) - SCM became leader
2022-01-11 15:47:46,475 [Listener at 127.0.0.1/38029] INFO  ozone.MiniOzoneClusterImpl (MiniOzoneClusterImpl.java:lambda$waitForClusterToBeReady$0(235)) - Nodes are ready. Got 3 of 3 DN Heartbeats.
2022-01-11 15:47:46,475 [Listener at 127.0.0.1/38029] INFO  ozone.MiniOzoneClusterImpl (MiniOzoneClusterImpl.java:lambda$waitForClusterToBeReady$0(238)) - Waiting for cluster to exit safe mode
2022-01-11 15:47:46,475 [Listener at 127.0.0.1/38029] INFO  ozone.MiniOzoneClusterImpl (MiniOzoneClusterImpl.java:lambda$waitForClusterToBeReady$0(240)) - SCM became leader
2022-01-11 15:47:47,475 [Listener at 127.0.0.1/38029] INFO  ozone.MiniOzoneClusterImpl (MiniOzoneClusterImpl.java:lambda$waitForClusterToBeReady$0(235)) - Nodes are ready. Got 3 of 3 DN Heartbeats.
2022-01-11 15:47:47,475 [Listener at 127.0.0.1/38029] INFO  ozone.MiniOzoneClusterImpl (MiniOzoneClusterImpl.java:lambda$waitForClusterToBeReady$0(238)) - Waiting for cluster to exit safe mode
2022-01-11 15:47:47,475 [Listener at 127.0.0.1/38029] INFO  ozone.MiniOzoneClusterImpl (MiniOzoneClusterImpl.java:lambda$waitForClusterToBeReady$0(240)) - SCM became leader
2022-01-11 15:47:47,793 [17325594-a0c4-4bf2-bfba-0a794a24d581@group-C1052DE82F17-FollowerState] INFO  impl.FollowerState (FollowerState.java:run(134)) - 17325594-a0c4-4bf2-bfba-0a794a24d581@group-C1052DE82F17-FollowerState: change to CANDIDATE, lastRpcElapsedTime:5053465323ns, electionTimeout:5044ms
2022-01-11 15:47:47,793 [17325594-a0c4-4bf2-bfba-0a794a24d581@group-C1052DE82F17-FollowerState] INFO  impl.RoleInfo (RoleInfo.java:shutdownFollowerState(108)) - 17325594-a0c4-4bf2-bfba-0a794a24d581: shutdown 17325594-a0c4-4bf2-bfba-0a794a24d581@group-C1052DE82F17-FollowerState
2022-01-11 15:47:47,794 [17325594-a0c4-4bf2-bfba-0a794a24d581@group-C1052DE82F17-FollowerState] INFO  server.RaftServer$Division (RaftServerImpl.java:setRole(290)) - 17325594-a0c4-4bf2-bfba-0a794a24d581@group-C1052DE82F17: changes role from  FOLLOWER to CANDIDATE at term 6 for changeToCandidate
2022-01-11 15:47:47,794 [17325594-a0c4-4bf2-bfba-0a794a24d581@group-C1052DE82F17-FollowerState] INFO  server.RaftServerConfigKeys (ConfUtils.java:logGet(44)) - raft.server.leaderelection.pre-vote = false (custom)
2022-01-11 15:47:47,794 [17325594-a0c4-4bf2-bfba-0a794a24d581@group-C1052DE82F17-FollowerState] INFO  impl.RoleInfo (RoleInfo.java:updateAndGet(130)) - 17325594-a0c4-4bf2-bfba-0a794a24d581: start 17325594-a0c4-4bf2-bfba-0a794a24d581@group-C1052DE82F17-LeaderElection14
2022-01-11 15:47:47,797 [17325594-a0c4-4bf2-bfba-0a794a24d581@group-C1052DE82F17-LeaderElection14] INFO  impl.LeaderElection (LeaderElection.java:askForVotes(306)) - 17325594-a0c4-4bf2-bfba-0a794a24d581@group-C1052DE82F17-LeaderElection14 ELECTION round 0: submit vote requests at term 7 for -1: [1f329afc-3498-4638-8074-19fd337e8a73|rpc:10.1.0.14:45819|priority:0, 17325594-a0c4-4bf2-bfba-0a794a24d581|rpc:10.1.0.14:35517|priority:0, b8b6e90f-0b6d-4a0e-9c52-5d158a862858|rpc:10.1.0.14:46249|priority:1], old=null
2022-01-11 15:47:47,810 [grpc-default-executor-1] INFO  server.RaftServer$Division (RaftServerImpl.java:requestVote(1046)) - 1f329afc-3498-4638-8074-19fd337e8a73@group-C1052DE82F17: receive requestVote(ELECTION, 17325594-a0c4-4bf2-bfba-0a794a24d581, group-C1052DE82F17, 7, (t:0, i:0))
2022-01-11 15:47:47,810 [grpc-default-executor-1] INFO  impl.VoteContext (VoteContext.java:log(48)) - 1f329afc-3498-4638-8074-19fd337e8a73@group-C1052DE82F17-FOLLOWER: accept ELECTION from 17325594-a0c4-4bf2-bfba-0a794a24d581: our priority 0 <= candidate's priority 0
2022-01-11 15:47:47,810 [grpc-default-executor-1] INFO  server.RaftServer$Division (RaftServerImpl.java:setRole(290)) - 1f329afc-3498-4638-8074-19fd337e8a73@group-C1052DE82F17: changes role from  FOLLOWER to FOLLOWER at term 7 for candidate:17325594-a0c4-4bf2-bfba-0a794a24d581
2022-01-11 15:47:47,810 [grpc-default-executor-1] INFO  impl.RoleInfo (RoleInfo.java:shutdownFollowerState(108)) - 1f329afc-3498-4638-8074-19fd337e8a73: shutdown 1f329afc-3498-4638-8074-19fd337e8a73@group-C1052DE82F17-FollowerState
2022-01-11 15:47:47,810 [grpc-default-executor-1] INFO  impl.RoleInfo (RoleInfo.java:updateAndGet(130)) - 1f329afc-3498-4638-8074-19fd337e8a73: start 1f329afc-3498-4638-8074-19fd337e8a73@group-C1052DE82F17-FollowerState
2022-01-11 15:47:47,810 [1f329afc-3498-4638-8074-19fd337e8a73@group-C1052DE82F17-FollowerState] INFO  impl.FollowerState (FollowerState.java:run(143)) - 1f329afc-3498-4638-8074-19fd337e8a73@group-C1052DE82F17-FollowerState was interrupted: {}
java.lang.InterruptedException: sleep interrupted
	at java.lang.Thread.sleep(Native Method)
	at java.lang.Thread.sleep(Thread.java:340)
	at java.util.concurrent.TimeUnit.sleep(TimeUnit.java:386)
	at org.apache.ratis.util.TimeDuration.sleep(TimeDuration.java:324)
	at org.apache.ratis.util.TimeDuration.sleep(TimeDuration.java:309)
	at org.apache.ratis.server.impl.FollowerState.run(FollowerState.java:118)
2022-01-11 15:47:47,814 [grpc-default-executor-1] INFO  server.RaftServer$Division (RaftServerImpl.java:requestVote(1078)) - 1f329afc-3498-4638-8074-19fd337e8a73@group-C1052DE82F17 replies to ELECTION vote request: 17325594-a0c4-4bf2-bfba-0a794a24d581<-1f329afc-3498-4638-8074-19fd337e8a73#0:OK-t7. Peer's state: 1f329afc-3498-4638-8074-19fd337e8a73@group-C1052DE82F17:t7, leader=null, voted=17325594-a0c4-4bf2-bfba-0a794a24d581, raftlog=1f329afc-3498-4638-8074-19fd337e8a73@group-C1052DE82F17-SegmentedRaftLog:OPENED:c-1, conf=-1: [1f329afc-3498-4638-8074-19fd337e8a73|rpc:10.1.0.14:45819|priority:0, 17325594-a0c4-4bf2-bfba-0a794a24d581|rpc:10.1.0.14:35517|priority:0, b8b6e90f-0b6d-4a0e-9c52-5d158a862858|rpc:10.1.0.14:46249|priority:1], old=null
2022-01-11 15:47:47,820 [grpc-default-executor-1] INFO  server.RaftServer$Division (RaftServerImpl.java:requestVote(1046)) - b8b6e90f-0b6d-4a0e-9c52-5d158a862858@group-C1052DE82F17: receive requestVote(ELECTION, 17325594-a0c4-4bf2-bfba-0a794a24d581, group-C1052DE82F17, 7, (t:0, i:0))
2022-01-11 15:47:47,821 [grpc-default-executor-1] INFO  impl.VoteContext (VoteContext.java:log(48)) - b8b6e90f-0b6d-4a0e-9c52-5d158a862858@group-C1052DE82F17-FOLLOWER: reject ELECTION from 17325594-a0c4-4bf2-bfba-0a794a24d581: our priority 1 > candidate's priority 0
2022-01-11 15:47:47,821 [grpc-default-executor-1] INFO  server.RaftServer$Division (RaftServerImpl.java:setRole(290)) - b8b6e90f-0b6d-4a0e-9c52-5d158a862858@group-C1052DE82F17: changes role from  FOLLOWER to FOLLOWER at term 7 for candidate:17325594-a0c4-4bf2-bfba-0a794a24d581
2022-01-11 15:47:47,821 [grpc-default-executor-1] INFO  impl.RoleInfo (RoleInfo.java:shutdownFollowerState(108)) - b8b6e90f-0b6d-4a0e-9c52-5d158a862858: shutdown b8b6e90f-0b6d-4a0e-9c52-5d158a862858@group-C1052DE82F17-FollowerState
2022-01-11 15:47:47,821 [grpc-default-executor-1] INFO  impl.RoleInfo (RoleInfo.java:updateAndGet(130)) - b8b6e90f-0b6d-4a0e-9c52-5d158a862858: start b8b6e90f-0b6d-4a0e-9c52-5d158a862858@group-C1052DE82F17-FollowerState
2022-01-11 15:47:47,821 [b8b6e90f-0b6d-4a0e-9c52-5d158a862858@group-C1052DE82F17-FollowerState] INFO  impl.FollowerState (FollowerState.java:run(143)) - b8b6e90f-0b6d-4a0e-9c52-5d158a862858@group-C1052DE82F17-FollowerState was interrupted: {}
java.lang.InterruptedException: sleep interrupted
	at java.lang.Thread.sleep(Native Method)
	at java.lang.Thread.sleep(Thread.java:340)
	at java.util.concurrent.TimeUnit.sleep(TimeUnit.java:386)
	at org.apache.ratis.util.TimeDuration.sleep(TimeDuration.java:324)
	at org.apache.ratis.util.TimeDuration.sleep(TimeDuration.java:309)
	at org.apache.ratis.server.impl.FollowerState.run(FollowerState.java:118)
2022-01-11 15:47:47,826 [grpc-default-executor-1] INFO  server.RaftServer$Division (RaftServerImpl.java:requestVote(1078)) - b8b6e90f-0b6d-4a0e-9c52-5d158a862858@group-C1052DE82F17 replies to ELECTION vote request: 17325594-a0c4-4bf2-bfba-0a794a24d581<-b8b6e90f-0b6d-4a0e-9c52-5d158a862858#0:FAIL-t7. Peer's state: b8b6e90f-0b6d-4a0e-9c52-5d158a862858@group-C1052DE82F17:t7, leader=null, voted=null, raftlog=b8b6e90f-0b6d-4a0e-9c52-5d158a862858@group-C1052DE82F17-SegmentedRaftLog:OPENED:c-1, conf=-1: [1f329afc-3498-4638-8074-19fd337e8a73|rpc:10.1.0.14:45819|priority:0, 17325594-a0c4-4bf2-bfba-0a794a24d581|rpc:10.1.0.14:35517|priority:0, b8b6e90f-0b6d-4a0e-9c52-5d158a862858|rpc:10.1.0.14:46249|priority:1], old=null
2022-01-11 15:47:47,830 [17325594-a0c4-4bf2-bfba-0a794a24d581@group-C1052DE82F17-LeaderElection14] INFO  impl.LeaderElection (LeaderElection.java:logAndReturn(89)) - 17325594-a0c4-4bf2-bfba-0a794a24d581@group-C1052DE82F17-LeaderElection14: ELECTION REJECTED received 2 response(s) and 0 exception(s):
2022-01-11 15:47:47,830 [17325594-a0c4-4bf2-bfba-0a794a24d581@group-C1052DE82F17-LeaderElection14] INFO  impl.LeaderElection (LeaderElection.java:logAndReturn(93)) -   Response 0: 17325594-a0c4-4bf2-bfba-0a794a24d581<-1f329afc-3498-4638-8074-19fd337e8a73#0:OK-t7
2022-01-11 15:47:47,830 [17325594-a0c4-4bf2-bfba-0a794a24d581@group-C1052DE82F17-LeaderElection14] INFO  impl.LeaderElection (LeaderElection.java:logAndReturn(93)) -   Response 1: 17325594-a0c4-4bf2-bfba-0a794a24d581<-b8b6e90f-0b6d-4a0e-9c52-5d158a862858#0:FAIL-t7
2022-01-11 15:47:47,830 [17325594-a0c4-4bf2-bfba-0a794a24d581@group-C1052DE82F17-LeaderElection14] INFO  impl.LeaderElection (LeaderElection.java:askForVotes(308)) - 17325594-a0c4-4bf2-bfba-0a794a24d581@group-C1052DE82F17-LeaderElection14 ELECTION round 0: result REJECTED
2022-01-11 15:47:47,830 [17325594-a0c4-4bf2-bfba-0a794a24d581@group-C1052DE82F17-LeaderElection14] INFO  server.RaftServer$Division (RaftServerImpl.java:setRole(290)) - 17325594-a0c4-4bf2-bfba-0a794a24d581@group-C1052DE82F17: changes role from CANDIDATE to FOLLOWER at term 7 for REJECTED
2022-01-11 15:47:47,830 [17325594-a0c4-4bf2-bfba-0a794a24d581@group-C1052DE82F17-LeaderElection14] INFO  impl.RoleInfo (RoleInfo.java:shutdownLeaderElection(121)) - 17325594-a0c4-4bf2-bfba-0a794a24d581: shutdown 17325594-a0c4-4bf2-bfba-0a794a24d581@group-C1052DE82F17-LeaderElection14
2022-01-11 15:47:47,830 [17325594-a0c4-4bf2-bfba-0a794a24d581@group-C1052DE82F17-LeaderElection14] INFO  impl.RoleInfo (RoleInfo.java:updateAndGet(130)) - 17325594-a0c4-4bf2-bfba-0a794a24d581: start 17325594-a0c4-4bf2-bfba-0a794a24d581@group-C1052DE82F17-FollowerState
2022-01-11 15:47:48,476 [Listener at 127.0.0.1/38029] INFO  ozone.MiniOzoneClusterImpl (MiniOzoneClusterImpl.java:lambda$waitForClusterToBeReady$0(235)) - Nodes are ready. Got 3 of 3 DN Heartbeats.
2022-01-11 15:47:48,477 [Listener at 127.0.0.1/38029] INFO  ozone.MiniOzoneClusterImpl (MiniOzoneClusterImpl.java:lambda$waitForClusterToBeReady$0(238)) - Waiting for cluster to exit safe mode
2022-01-11 15:47:48,477 [Listener at 127.0.0.1/38029] INFO  ozone.MiniOzoneClusterImpl (MiniOzoneClusterImpl.java:lambda$waitForClusterToBeReady$0(240)) - SCM became leader
2022-01-11 15:47:49,477 [Listener at 127.0.0.1/38029] INFO  ozone.MiniOzoneClusterImpl (MiniOzoneClusterImpl.java:lambda$waitForClusterToBeReady$0(235)) - Nodes are ready. Got 3 of 3 DN Heartbeats.
2022-01-11 15:47:49,477 [Listener at 127.0.0.1/38029] INFO  ozone.MiniOzoneClusterImpl (MiniOzoneClusterImpl.java:lambda$waitForClusterToBeReady$0(238)) - Waiting for cluster to exit safe mode
2022-01-11 15:47:49,477 [Listener at 127.0.0.1/38029] INFO  ozone.MiniOzoneClusterImpl (MiniOzoneClusterImpl.java:lambda$waitForClusterToBeReady$0(240)) - SCM became leader
2022-01-11 15:47:50,478 [Listener at 127.0.0.1/38029] INFO  ozone.MiniOzoneClusterImpl (MiniOzoneClusterImpl.java:lambda$waitForClusterToBeReady$0(235)) - Nodes are ready. Got 3 of 3 DN Heartbeats.
2022-01-11 15:47:50,478 [Listener at 127.0.0.1/38029] INFO  ozone.MiniOzoneClusterImpl (MiniOzoneClusterImpl.java:lambda$waitForClusterToBeReady$0(238)) - Waiting for cluster to exit safe mode
2022-01-11 15:47:50,478 [Listener at 127.0.0.1/38029] INFO  ozone.MiniOzoneClusterImpl (MiniOzoneClusterImpl.java:lambda$waitForClusterToBeReady$0(240)) - SCM became leader
2022-01-11 15:47:51,478 [Listener at 127.0.0.1/38029] INFO  ozone.MiniOzoneClusterImpl (MiniOzoneClusterImpl.java:lambda$waitForClusterToBeReady$0(235)) - Nodes are ready. Got 3 of 3 DN Heartbeats.
2022-01-11 15:47:51,478 [Listener at 127.0.0.1/38029] INFO  ozone.MiniOzoneClusterImpl (MiniOzoneClusterImpl.java:lambda$waitForClusterToBeReady$0(238)) - Waiting for cluster to exit safe mode
2022-01-11 15:47:51,479 [Listener at 127.0.0.1/38029] INFO  ozone.MiniOzoneClusterImpl (MiniOzoneClusterImpl.java:lambda$waitForClusterToBeReady$0(240)) - SCM became leader
2022-01-11 15:47:52,479 [Listener at 127.0.0.1/38029] INFO  ozone.MiniOzoneClusterImpl (MiniOzoneClusterImpl.java:lambda$waitForClusterToBeReady$0(235)) - Nodes are ready. Got 3 of 3 DN Heartbeats.
2022-01-11 15:47:52,479 [Listener at 127.0.0.1/38029] INFO  ozone.MiniOzoneClusterImpl (MiniOzoneClusterImpl.java:lambda$waitForClusterToBeReady$0(238)) - Waiting for cluster to exit safe mode
2022-01-11 15:47:52,479 [Listener at 127.0.0.1/38029] INFO  ozone.MiniOzoneClusterImpl (MiniOzoneClusterImpl.java:lambda$waitForClusterToBeReady$0(240)) - SCM became leader
2022-01-11 15:47:52,917 [17325594-a0c4-4bf2-bfba-0a794a24d581@group-C1052DE82F17-FollowerState] INFO  impl.FollowerState (FollowerState.java:run(134)) - 17325594-a0c4-4bf2-bfba-0a794a24d581@group-C1052DE82F17-FollowerState: change to CANDIDATE, lastRpcElapsedTime:5087276753ns, electionTimeout:5081ms
2022-01-11 15:47:52,917 [17325594-a0c4-4bf2-bfba-0a794a24d581@group-C1052DE82F17-FollowerState] INFO  impl.RoleInfo (RoleInfo.java:shutdownFollowerState(108)) - 17325594-a0c4-4bf2-bfba-0a794a24d581: shutdown 17325594-a0c4-4bf2-bfba-0a794a24d581@group-C1052DE82F17-FollowerState
2022-01-11 15:47:52,917 [17325594-a0c4-4bf2-bfba-0a794a24d581@group-C1052DE82F17-FollowerState] INFO  server.RaftServer$Division (RaftServerImpl.java:setRole(290)) - 17325594-a0c4-4bf2-bfba-0a794a24d581@group-C1052DE82F17: changes role from  FOLLOWER to CANDIDATE at term 7 for changeToCandidate
2022-01-11 15:47:52,918 [17325594-a0c4-4bf2-bfba-0a794a24d581@group-C1052DE82F17-FollowerState] INFO  server.RaftServerConfigKeys (ConfUtils.java:logGet(44)) - raft.server.leaderelection.pre-vote = false (custom)
2022-01-11 15:47:52,918 [17325594-a0c4-4bf2-bfba-0a794a24d581@group-C1052DE82F17-FollowerState] INFO  impl.RoleInfo (RoleInfo.java:updateAndGet(130)) - 17325594-a0c4-4bf2-bfba-0a794a24d581: start 17325594-a0c4-4bf2-bfba-0a794a24d581@group-C1052DE82F17-LeaderElection15
2022-01-11 15:47:52,927 [17325594-a0c4-4bf2-bfba-0a794a24d581@group-C1052DE82F17-LeaderElection15] INFO  impl.LeaderElection (LeaderElection.java:askForVotes(306)) - 17325594-a0c4-4bf2-bfba-0a794a24d581@group-C1052DE82F17-LeaderElection15 ELECTION round 0: submit vote requests at term 8 for -1: [1f329afc-3498-4638-8074-19fd337e8a73|rpc:10.1.0.14:45819|priority:0, 17325594-a0c4-4bf2-bfba-0a794a24d581|rpc:10.1.0.14:35517|priority:0, b8b6e90f-0b6d-4a0e-9c52-5d158a862858|rpc:10.1.0.14:46249|priority:1], old=null
2022-01-11 15:47:52,938 [grpc-default-executor-1] INFO  server.RaftServer$Division (RaftServerImpl.java:requestVote(1046)) - 1f329afc-3498-4638-8074-19fd337e8a73@group-C1052DE82F17: receive requestVote(ELECTION, 17325594-a0c4-4bf2-bfba-0a794a24d581, group-C1052DE82F17, 8, (t:0, i:0))
2022-01-11 15:47:52,938 [grpc-default-executor-1] INFO  impl.VoteContext (VoteContext.java:log(48)) - 1f329afc-3498-4638-8074-19fd337e8a73@group-C1052DE82F17-FOLLOWER: accept ELECTION from 17325594-a0c4-4bf2-bfba-0a794a24d581: our priority 0 <= candidate's priority 0
2022-01-11 15:47:52,938 [grpc-default-executor-1] INFO  server.RaftServer$Division (RaftServerImpl.java:setRole(290)) - 1f329afc-3498-4638-8074-19fd337e8a73@group-C1052DE82F17: changes role from  FOLLOWER to FOLLOWER at term 8 for candidate:17325594-a0c4-4bf2-bfba-0a794a24d581
2022-01-11 15:47:52,938 [grpc-default-executor-1] INFO  impl.RoleInfo (RoleInfo.java:shutdownFollowerState(108)) - 1f329afc-3498-4638-8074-19fd337e8a73: shutdown 1f329afc-3498-4638-8074-19fd337e8a73@group-C1052DE82F17-FollowerState
2022-01-11 15:47:52,938 [grpc-default-executor-1] INFO  impl.RoleInfo (RoleInfo.java:updateAndGet(130)) - 1f329afc-3498-4638-8074-19fd337e8a73: start 1f329afc-3498-4638-8074-19fd337e8a73@group-C1052DE82F17-FollowerState
2022-01-11 15:47:52,938 [1f329afc-3498-4638-8074-19fd337e8a73@group-C1052DE82F17-FollowerState] INFO  impl.FollowerState (FollowerState.java:run(143)) - 1f329afc-3498-4638-8074-19fd337e8a73@group-C1052DE82F17-FollowerState was interrupted: {}
java.lang.InterruptedException: sleep interrupted
	at java.lang.Thread.sleep(Native Method)
	at java.lang.Thread.sleep(Thread.java:340)
	at java.util.concurrent.TimeUnit.sleep(TimeUnit.java:386)
	at org.apache.ratis.util.TimeDuration.sleep(TimeDuration.java:324)
	at org.apache.ratis.util.TimeDuration.sleep(TimeDuration.java:309)
	at org.apache.ratis.server.impl.FollowerState.run(FollowerState.java:118)
2022-01-11 15:47:52,948 [grpc-default-executor-1] INFO  server.RaftServer$Division (RaftServerImpl.java:requestVote(1078)) - 1f329afc-3498-4638-8074-19fd337e8a73@group-C1052DE82F17 replies to ELECTION vote request: 17325594-a0c4-4bf2-bfba-0a794a24d581<-1f329afc-3498-4638-8074-19fd337e8a73#0:OK-t8. Peer's state: 1f329afc-3498-4638-8074-19fd337e8a73@group-C1052DE82F17:t8, leader=null, voted=17325594-a0c4-4bf2-bfba-0a794a24d581, raftlog=1f329afc-3498-4638-8074-19fd337e8a73@group-C1052DE82F17-SegmentedRaftLog:OPENED:c-1, conf=-1: [1f329afc-3498-4638-8074-19fd337e8a73|rpc:10.1.0.14:45819|priority:0, 17325594-a0c4-4bf2-bfba-0a794a24d581|rpc:10.1.0.14:35517|priority:0, b8b6e90f-0b6d-4a0e-9c52-5d158a862858|rpc:10.1.0.14:46249|priority:1], old=null
2022-01-11 15:47:52,953 [grpc-default-executor-1] INFO  server.RaftServer$Division (RaftServerImpl.java:requestVote(1046)) - b8b6e90f-0b6d-4a0e-9c52-5d158a862858@group-C1052DE82F17: receive requestVote(ELECTION, 17325594-a0c4-4bf2-bfba-0a794a24d581, group-C1052DE82F17, 8, (t:0, i:0))
2022-01-11 15:47:52,953 [grpc-default-executor-1] INFO  impl.VoteContext (VoteContext.java:log(48)) - b8b6e90f-0b6d-4a0e-9c52-5d158a862858@group-C1052DE82F17-FOLLOWER: reject ELECTION from 17325594-a0c4-4bf2-bfba-0a794a24d581: our priority 1 > candidate's priority 0
2022-01-11 15:47:52,953 [grpc-default-executor-1] INFO  server.RaftServer$Division (RaftServerImpl.java:setRole(290)) - b8b6e90f-0b6d-4a0e-9c52-5d158a862858@group-C1052DE82F17: changes role from  FOLLOWER to FOLLOWER at term 8 for candidate:17325594-a0c4-4bf2-bfba-0a794a24d581
2022-01-11 15:47:52,953 [grpc-default-executor-1] INFO  impl.RoleInfo (RoleInfo.java:shutdownFollowerState(108)) - b8b6e90f-0b6d-4a0e-9c52-5d158a862858: shutdown b8b6e90f-0b6d-4a0e-9c52-5d158a862858@group-C1052DE82F17-FollowerState
2022-01-11 15:47:52,953 [grpc-default-executor-1] INFO  impl.RoleInfo (RoleInfo.java:updateAndGet(130)) - b8b6e90f-0b6d-4a0e-9c52-5d158a862858: start b8b6e90f-0b6d-4a0e-9c52-5d158a862858@group-C1052DE82F17-FollowerState
2022-01-11 15:47:52,953 [b8b6e90f-0b6d-4a0e-9c52-5d158a862858@group-C1052DE82F17-FollowerState] INFO  impl.FollowerState (FollowerState.java:run(143)) - b8b6e90f-0b6d-4a0e-9c52-5d158a862858@group-C1052DE82F17-FollowerState was interrupted: {}
java.lang.InterruptedException: sleep interrupted
	at java.lang.Thread.sleep(Native Method)
	at java.lang.Thread.sleep(Thread.java:340)
	at java.util.concurrent.TimeUnit.sleep(TimeUnit.java:386)
	at org.apache.ratis.util.TimeDuration.sleep(TimeDuration.java:324)
	at org.apache.ratis.util.TimeDuration.sleep(TimeDuration.java:309)
	at org.apache.ratis.server.impl.FollowerState.run(FollowerState.java:118)
2022-01-11 15:47:52,956 [grpc-default-executor-1] INFO  server.RaftServer$Division (RaftServerImpl.java:requestVote(1078)) - b8b6e90f-0b6d-4a0e-9c52-5d158a862858@group-C1052DE82F17 replies to ELECTION vote request: 17325594-a0c4-4bf2-bfba-0a794a24d581<-b8b6e90f-0b6d-4a0e-9c52-5d158a862858#0:FAIL-t8. Peer's state: b8b6e90f-0b6d-4a0e-9c52-5d158a862858@group-C1052DE82F17:t8, leader=null, voted=null, raftlog=b8b6e90f-0b6d-4a0e-9c52-5d158a862858@group-C1052DE82F17-SegmentedRaftLog:OPENED:c-1, conf=-1: [1f329afc-3498-4638-8074-19fd337e8a73|rpc:10.1.0.14:45819|priority:0, 17325594-a0c4-4bf2-bfba-0a794a24d581|rpc:10.1.0.14:35517|priority:0, b8b6e90f-0b6d-4a0e-9c52-5d158a862858|rpc:10.1.0.14:46249|priority:1], old=null
2022-01-11 15:47:52,959 [17325594-a0c4-4bf2-bfba-0a794a24d581@group-C1052DE82F17-LeaderElection15] INFO  impl.LeaderElection (LeaderElection.java:logAndReturn(89)) - 17325594-a0c4-4bf2-bfba-0a794a24d581@group-C1052DE82F17-LeaderElection15: ELECTION REJECTED received 2 response(s) and 0 exception(s):
2022-01-11 15:47:52,959 [17325594-a0c4-4bf2-bfba-0a794a24d581@group-C1052DE82F17-LeaderElection15] INFO  impl.LeaderElection (LeaderElection.java:logAndReturn(93)) -   Response 0: 17325594-a0c4-4bf2-bfba-0a794a24d581<-1f329afc-3498-4638-8074-19fd337e8a73#0:OK-t8
2022-01-11 15:47:52,959 [17325594-a0c4-4bf2-bfba-0a794a24d581@group-C1052DE82F17-LeaderElection15] INFO  impl.LeaderElection (LeaderElection.java:logAndReturn(93)) -   Response 1: 17325594-a0c4-4bf2-bfba-0a794a24d581<-b8b6e90f-0b6d-4a0e-9c52-5d158a862858#0:FAIL-t8
2022-01-11 15:47:52,959 [17325594-a0c4-4bf2-bfba-0a794a24d581@group-C1052DE82F17-LeaderElection15] INFO  impl.LeaderElection (LeaderElection.java:askForVotes(308)) - 17325594-a0c4-4bf2-bfba-0a794a24d581@group-C1052DE82F17-LeaderElection15 ELECTION round 0: result REJECTED
2022-01-11 15:47:52,960 [17325594-a0c4-4bf2-bfba-0a794a24d581@group-C1052DE82F17-LeaderElection15] INFO  server.RaftServer$Division (RaftServerImpl.java:setRole(290)) - 17325594-a0c4-4bf2-bfba-0a794a24d581@group-C1052DE82F17: changes role from CANDIDATE to FOLLOWER at term 8 for REJECTED
2022-01-11 15:47:52,960 [17325594-a0c4-4bf2-bfba-0a794a24d581@group-C1052DE82F17-LeaderElection15] INFO  impl.RoleInfo (RoleInfo.java:shutdownLeaderElection(121)) - 17325594-a0c4-4bf2-bfba-0a794a24d581: shutdown 17325594-a0c4-4bf2-bfba-0a794a24d581@group-C1052DE82F17-LeaderElection15
2022-01-11 15:47:52,960 [17325594-a0c4-4bf2-bfba-0a794a24d581@group-C1052DE82F17-LeaderElection15] INFO  impl.RoleInfo (RoleInfo.java:updateAndGet(130)) - 17325594-a0c4-4bf2-bfba-0a794a24d581: start 17325594-a0c4-4bf2-bfba-0a794a24d581@group-C1052DE82F17-FollowerState
2022-01-11 15:47:53,479 [Listener at 127.0.0.1/38029] INFO  ozone.MiniOzoneClusterImpl (MiniOzoneClusterImpl.java:lambda$waitForClusterToBeReady$0(235)) - Nodes are ready. Got 3 of 3 DN Heartbeats.
2022-01-11 15:47:53,480 [Listener at 127.0.0.1/38029] INFO  ozone.MiniOzoneClusterImpl (MiniOzoneClusterImpl.java:lambda$waitForClusterToBeReady$0(238)) - Waiting for cluster to exit safe mode
2022-01-11 15:47:53,480 [Listener at 127.0.0.1/38029] INFO  ozone.MiniOzoneClusterImpl (MiniOzoneClusterImpl.java:lambda$waitForClusterToBeReady$0(240)) - SCM became leader
2022-01-11 15:47:54,481 [Listener at 127.0.0.1/38029] INFO  ozone.MiniOzoneClusterImpl (MiniOzoneClusterImpl.java:lambda$waitForClusterToBeReady$0(235)) - Nodes are ready. Got 3 of 3 DN Heartbeats.
2022-01-11 15:47:54,481 [Listener at 127.0.0.1/38029] INFO  ozone.MiniOzoneClusterImpl (MiniOzoneClusterImpl.java:lambda$waitForClusterToBeReady$0(238)) - Waiting for cluster to exit safe mode
2022-01-11 15:47:54,481 [Listener at 127.0.0.1/38029] INFO  ozone.MiniOzoneClusterImpl (MiniOzoneClusterImpl.java:lambda$waitForClusterToBeReady$0(240)) - SCM became leader
2022-01-11 15:47:55,481 [Listener at 127.0.0.1/38029] INFO  ozone.MiniOzoneClusterImpl (MiniOzoneClusterImpl.java:lambda$waitForClusterToBeReady$0(235)) - Nodes are ready. Got 3 of 3 DN Heartbeats.
2022-01-11 15:47:55,482 [Listener at 127.0.0.1/38029] INFO  ozone.MiniOzoneClusterImpl (MiniOzoneClusterImpl.java:lambda$waitForClusterToBeReady$0(238)) - Waiting for cluster to exit safe mode
2022-01-11 15:47:55,482 [Listener at 127.0.0.1/38029] INFO  ozone.MiniOzoneClusterImpl (MiniOzoneClusterImpl.java:lambda$waitForClusterToBeReady$0(240)) - SCM became leader
2022-01-11 15:47:56,482 [Listener at 127.0.0.1/38029] INFO  ozone.MiniOzoneClusterImpl (MiniOzoneClusterImpl.java:lambda$waitForClusterToBeReady$0(235)) - Nodes are ready. Got 3 of 3 DN Heartbeats.
2022-01-11 15:47:56,482 [Listener at 127.0.0.1/38029] INFO  ozone.MiniOzoneClusterImpl (MiniOzoneClusterImpl.java:lambda$waitForClusterToBeReady$0(238)) - Waiting for cluster to exit safe mode
2022-01-11 15:47:56,482 [Listener at 127.0.0.1/38029] INFO  ozone.MiniOzoneClusterImpl (MiniOzoneClusterImpl.java:lambda$waitForClusterToBeReady$0(240)) - SCM became leader
2022-01-11 15:47:57,482 [Listener at 127.0.0.1/38029] INFO  ozone.MiniOzoneClusterImpl (MiniOzoneClusterImpl.java:lambda$waitForClusterToBeReady$0(235)) - Nodes are ready. Got 3 of 3 DN Heartbeats.
2022-01-11 15:47:57,483 [Listener at 127.0.0.1/38029] INFO  ozone.MiniOzoneClusterImpl (MiniOzoneClusterImpl.java:lambda$waitForClusterToBeReady$0(238)) - Waiting for cluster to exit safe mode
2022-01-11 15:47:57,483 [Listener at 127.0.0.1/38029] INFO  ozone.MiniOzoneClusterImpl (MiniOzoneClusterImpl.java:lambda$waitForClusterToBeReady$0(240)) - SCM became leader
2022-01-11 15:47:58,118 [17325594-a0c4-4bf2-bfba-0a794a24d581@group-C1052DE82F17-FollowerState] INFO  impl.FollowerState (FollowerState.java:run(134)) - 17325594-a0c4-4bf2-bfba-0a794a24d581@group-C1052DE82F17-FollowerState: change to CANDIDATE, lastRpcElapsedTime:5157520084ns, electionTimeout:5157ms
2022-01-11 15:47:58,118 [17325594-a0c4-4bf2-bfba-0a794a24d581@group-C1052DE82F17-FollowerState] INFO  impl.RoleInfo (RoleInfo.java:shutdownFollowerState(108)) - 17325594-a0c4-4bf2-bfba-0a794a24d581: shutdown 17325594-a0c4-4bf2-bfba-0a794a24d581@group-C1052DE82F17-FollowerState
2022-01-11 15:47:58,118 [17325594-a0c4-4bf2-bfba-0a794a24d581@group-C1052DE82F17-FollowerState] INFO  server.RaftServer$Division (RaftServerImpl.java:setRole(290)) - 17325594-a0c4-4bf2-bfba-0a794a24d581@group-C1052DE82F17: changes role from  FOLLOWER to CANDIDATE at term 8 for changeToCandidate
2022-01-11 15:47:58,118 [17325594-a0c4-4bf2-bfba-0a794a24d581@group-C1052DE82F17-FollowerState] INFO  server.RaftServerConfigKeys (ConfUtils.java:logGet(44)) - raft.server.leaderelection.pre-vote = false (custom)
2022-01-11 15:47:58,118 [17325594-a0c4-4bf2-bfba-0a794a24d581@group-C1052DE82F17-FollowerState] INFO  impl.RoleInfo (RoleInfo.java:updateAndGet(130)) - 17325594-a0c4-4bf2-bfba-0a794a24d581: start 17325594-a0c4-4bf2-bfba-0a794a24d581@group-C1052DE82F17-LeaderElection16
2022-01-11 15:47:58,126 [17325594-a0c4-4bf2-bfba-0a794a24d581@group-C1052DE82F17-LeaderElection16] INFO  impl.LeaderElection (LeaderElection.java:askForVotes(306)) - 17325594-a0c4-4bf2-bfba-0a794a24d581@group-C1052DE82F17-LeaderElection16 ELECTION round 0: submit vote requests at term 9 for -1: [1f329afc-3498-4638-8074-19fd337e8a73|rpc:10.1.0.14:45819|priority:0, 17325594-a0c4-4bf2-bfba-0a794a24d581|rpc:10.1.0.14:35517|priority:0, b8b6e90f-0b6d-4a0e-9c52-5d158a862858|rpc:10.1.0.14:46249|priority:1], old=null
2022-01-11 15:47:58,133 [grpc-default-executor-1] INFO  server.RaftServer$Division (RaftServerImpl.java:requestVote(1046)) - 1f329afc-3498-4638-8074-19fd337e8a73@group-C1052DE82F17: receive requestVote(ELECTION, 17325594-a0c4-4bf2-bfba-0a794a24d581, group-C1052DE82F17, 9, (t:0, i:0))
2022-01-11 15:47:58,133 [grpc-default-executor-1] INFO  impl.VoteContext (VoteContext.java:log(48)) - 1f329afc-3498-4638-8074-19fd337e8a73@group-C1052DE82F17-FOLLOWER: accept ELECTION from 17325594-a0c4-4bf2-bfba-0a794a24d581: our priority 0 <= candidate's priority 0
2022-01-11 15:47:58,133 [grpc-default-executor-1] INFO  server.RaftServer$Division (RaftServerImpl.java:setRole(290)) - 1f329afc-3498-4638-8074-19fd337e8a73@group-C1052DE82F17: changes role from  FOLLOWER to FOLLOWER at term 9 for candidate:17325594-a0c4-4bf2-bfba-0a794a24d581
2022-01-11 15:47:58,133 [grpc-default-executor-1] INFO  impl.RoleInfo (RoleInfo.java:shutdownFollowerState(108)) - 1f329afc-3498-4638-8074-19fd337e8a73: shutdown 1f329afc-3498-4638-8074-19fd337e8a73@group-C1052DE82F17-FollowerState
2022-01-11 15:47:58,133 [grpc-default-executor-1] INFO  impl.RoleInfo (RoleInfo.java:updateAndGet(130)) - 1f329afc-3498-4638-8074-19fd337e8a73: start 1f329afc-3498-4638-8074-19fd337e8a73@group-C1052DE82F17-FollowerState
2022-01-11 15:47:58,134 [1f329afc-3498-4638-8074-19fd337e8a73@group-C1052DE82F17-FollowerState] INFO  impl.FollowerState (FollowerState.java:run(143)) - 1f329afc-3498-4638-8074-19fd337e8a73@group-C1052DE82F17-FollowerState was interrupted: {}
java.lang.InterruptedException: sleep interrupted
	at java.lang.Thread.sleep(Native Method)
	at java.lang.Thread.sleep(Thread.java:340)
	at java.util.concurrent.TimeUnit.sleep(TimeUnit.java:386)
	at org.apache.ratis.util.TimeDuration.sleep(TimeDuration.java:324)
	at org.apache.ratis.util.TimeDuration.sleep(TimeDuration.java:309)
	at org.apache.ratis.server.impl.FollowerState.run(FollowerState.java:118)
2022-01-11 15:47:58,136 [grpc-default-executor-1] INFO  server.RaftServer$Division (RaftServerImpl.java:requestVote(1078)) - 1f329afc-3498-4638-8074-19fd337e8a73@group-C1052DE82F17 replies to ELECTION vote request: 17325594-a0c4-4bf2-bfba-0a794a24d581<-1f329afc-3498-4638-8074-19fd337e8a73#0:OK-t9. Peer's state: 1f329afc-3498-4638-8074-19fd337e8a73@group-C1052DE82F17:t9, leader=null, voted=17325594-a0c4-4bf2-bfba-0a794a24d581, raftlog=1f329afc-3498-4638-8074-19fd337e8a73@group-C1052DE82F17-SegmentedRaftLog:OPENED:c-1, conf=-1: [1f329afc-3498-4638-8074-19fd337e8a73|rpc:10.1.0.14:45819|priority:0, 17325594-a0c4-4bf2-bfba-0a794a24d581|rpc:10.1.0.14:35517|priority:0, b8b6e90f-0b6d-4a0e-9c52-5d158a862858|rpc:10.1.0.14:46249|priority:1], old=null
2022-01-11 15:47:58,146 [grpc-default-executor-0] INFO  server.RaftServer$Division (RaftServerImpl.java:requestVote(1046)) - b8b6e90f-0b6d-4a0e-9c52-5d158a862858@group-C1052DE82F17: receive requestVote(ELECTION, 17325594-a0c4-4bf2-bfba-0a794a24d581, group-C1052DE82F17, 9, (t:0, i:0))
2022-01-11 15:47:58,146 [grpc-default-executor-0] INFO  impl.VoteContext (VoteContext.java:log(48)) - b8b6e90f-0b6d-4a0e-9c52-5d158a862858@group-C1052DE82F17-FOLLOWER: reject ELECTION from 17325594-a0c4-4bf2-bfba-0a794a24d581: our priority 1 > candidate's priority 0
2022-01-11 15:47:58,146 [grpc-default-executor-0] INFO  server.RaftServer$Division (RaftServerImpl.java:setRole(290)) - b8b6e90f-0b6d-4a0e-9c52-5d158a862858@group-C1052DE82F17: changes role from  FOLLOWER to FOLLOWER at term 9 for candidate:17325594-a0c4-4bf2-bfba-0a794a24d581
2022-01-11 15:47:58,147 [grpc-default-executor-0] INFO  impl.RoleInfo (RoleInfo.java:shutdownFollowerState(108)) - b8b6e90f-0b6d-4a0e-9c52-5d158a862858: shutdown b8b6e90f-0b6d-4a0e-9c52-5d158a862858@group-C1052DE82F17-FollowerState
2022-01-11 15:47:58,147 [grpc-default-executor-0] INFO  impl.RoleInfo (RoleInfo.java:updateAndGet(130)) - b8b6e90f-0b6d-4a0e-9c52-5d158a862858: start b8b6e90f-0b6d-4a0e-9c52-5d158a862858@group-C1052DE82F17-FollowerState
2022-01-11 15:47:58,148 [b8b6e90f-0b6d-4a0e-9c52-5d158a862858@group-C1052DE82F17-FollowerState] INFO  impl.FollowerState (FollowerState.java:run(143)) - b8b6e90f-0b6d-4a0e-9c52-5d158a862858@group-C1052DE82F17-FollowerState was interrupted: {}
java.lang.InterruptedException: sleep interrupted
	at java.lang.Thread.sleep(Native Method)
	at java.lang.Thread.sleep(Thread.java:340)
	at java.util.concurrent.TimeUnit.sleep(TimeUnit.java:386)
	at org.apache.ratis.util.TimeDuration.sleep(TimeDuration.java:324)
	at org.apache.ratis.util.TimeDuration.sleep(TimeDuration.java:309)
	at org.apache.ratis.server.impl.FollowerState.run(FollowerState.java:118)
2022-01-11 15:47:58,150 [grpc-default-executor-0] INFO  server.RaftServer$Division (RaftServerImpl.java:requestVote(1078)) - b8b6e90f-0b6d-4a0e-9c52-5d158a862858@group-C1052DE82F17 replies to ELECTION vote request: 17325594-a0c4-4bf2-bfba-0a794a24d581<-b8b6e90f-0b6d-4a0e-9c52-5d158a862858#0:FAIL-t9. Peer's state: b8b6e90f-0b6d-4a0e-9c52-5d158a862858@group-C1052DE82F17:t9, leader=null, voted=null, raftlog=b8b6e90f-0b6d-4a0e-9c52-5d158a862858@group-C1052DE82F17-SegmentedRaftLog:OPENED:c-1, conf=-1: [1f329afc-3498-4638-8074-19fd337e8a73|rpc:10.1.0.14:45819|priority:0, 17325594-a0c4-4bf2-bfba-0a794a24d581|rpc:10.1.0.14:35517|priority:0, b8b6e90f-0b6d-4a0e-9c52-5d158a862858|rpc:10.1.0.14:46249|priority:1], old=null
2022-01-11 15:47:58,152 [17325594-a0c4-4bf2-bfba-0a794a24d581@group-C1052DE82F17-LeaderElection16] INFO  impl.LeaderElection (LeaderElection.java:logAndReturn(89)) - 17325594-a0c4-4bf2-bfba-0a794a24d581@group-C1052DE82F17-LeaderElection16: ELECTION REJECTED received 2 response(s) and 0 exception(s):
2022-01-11 15:47:58,152 [17325594-a0c4-4bf2-bfba-0a794a24d581@group-C1052DE82F17-LeaderElection16] INFO  impl.LeaderElection (LeaderElection.java:logAndReturn(93)) -   Response 0: 17325594-a0c4-4bf2-bfba-0a794a24d581<-1f329afc-3498-4638-8074-19fd337e8a73#0:OK-t9
2022-01-11 15:47:58,152 [17325594-a0c4-4bf2-bfba-0a794a24d581@group-C1052DE82F17-LeaderElection16] INFO  impl.LeaderElection (LeaderElection.java:logAndReturn(93)) -   Response 1: 17325594-a0c4-4bf2-bfba-0a794a24d581<-b8b6e90f-0b6d-4a0e-9c52-5d158a862858#0:FAIL-t9
2022-01-11 15:47:58,152 [17325594-a0c4-4bf2-bfba-0a794a24d581@group-C1052DE82F17-LeaderElection16] INFO  impl.LeaderElection (LeaderElection.java:askForVotes(308)) - 17325594-a0c4-4bf2-bfba-0a794a24d581@group-C1052DE82F17-LeaderElection16 ELECTION round 0: result REJECTED
2022-01-11 15:47:58,152 [17325594-a0c4-4bf2-bfba-0a794a24d581@group-C1052DE82F17-LeaderElection16] INFO  server.RaftServer$Division (RaftServerImpl.java:setRole(290)) - 17325594-a0c4-4bf2-bfba-0a794a24d581@group-C1052DE82F17: changes role from CANDIDATE to FOLLOWER at term 9 for REJECTED
2022-01-11 15:47:58,152 [17325594-a0c4-4bf2-bfba-0a794a24d581@group-C1052DE82F17-LeaderElection16] INFO  impl.RoleInfo (RoleInfo.java:shutdownLeaderElection(121)) - 17325594-a0c4-4bf2-bfba-0a794a24d581: shutdown 17325594-a0c4-4bf2-bfba-0a794a24d581@group-C1052DE82F17-LeaderElection16
2022-01-11 15:47:58,152 [17325594-a0c4-4bf2-bfba-0a794a24d581@group-C1052DE82F17-LeaderElection16] INFO  impl.RoleInfo (RoleInfo.java:updateAndGet(130)) - 17325594-a0c4-4bf2-bfba-0a794a24d581: start 17325594-a0c4-4bf2-bfba-0a794a24d581@group-C1052DE82F17-FollowerState
2022-01-11 15:47:58,483 [Listener at 127.0.0.1/38029] INFO  ozone.MiniOzoneClusterImpl (MiniOzoneClusterImpl.java:lambda$waitForClusterToBeReady$0(235)) - Nodes are ready. Got 3 of 3 DN Heartbeats.
2022-01-11 15:47:58,484 [Listener at 127.0.0.1/38029] INFO  ozone.MiniOzoneClusterImpl (MiniOzoneClusterImpl.java:lambda$waitForClusterToBeReady$0(238)) - Waiting for cluster to exit safe mode
2022-01-11 15:47:58,484 [Listener at 127.0.0.1/38029] INFO  ozone.MiniOzoneClusterImpl (MiniOzoneClusterImpl.java:lambda$waitForClusterToBeReady$0(240)) - SCM became leader
2022-01-11 15:47:59,486 [Listener at 127.0.0.1/38029] INFO  ozone.MiniOzoneClusterImpl (MiniOzoneClusterImpl.java:lambda$waitForClusterToBeReady$0(235)) - Nodes are ready. Got 3 of 3 DN Heartbeats.
2022-01-11 15:47:59,486 [Listener at 127.0.0.1/38029] INFO  ozone.MiniOzoneClusterImpl (MiniOzoneClusterImpl.java:lambda$waitForClusterToBeReady$0(238)) - Waiting for cluster to exit safe mode
2022-01-11 15:47:59,486 [Listener at 127.0.0.1/38029] INFO  ozone.MiniOzoneClusterImpl (MiniOzoneClusterImpl.java:lambda$waitForClusterToBeReady$0(240)) - SCM became leader
2022-01-11 15:48:00,486 [Listener at 127.0.0.1/38029] INFO  ozone.MiniOzoneClusterImpl (MiniOzoneClusterImpl.java:lambda$waitForClusterToBeReady$0(235)) - Nodes are ready. Got 3 of 3 DN Heartbeats.
2022-01-11 15:48:00,486 [Listener at 127.0.0.1/38029] INFO  ozone.MiniOzoneClusterImpl (MiniOzoneClusterImpl.java:lambda$waitForClusterToBeReady$0(238)) - Waiting for cluster to exit safe mode
2022-01-11 15:48:00,486 [Listener at 127.0.0.1/38029] INFO  ozone.MiniOzoneClusterImpl (MiniOzoneClusterImpl.java:lambda$waitForClusterToBeReady$0(240)) - SCM became leader
2022-01-11 15:48:01,487 [Listener at 127.0.0.1/38029] INFO  ozone.MiniOzoneClusterImpl (MiniOzoneClusterImpl.java:lambda$waitForClusterToBeReady$0(235)) - Nodes are ready. Got 3 of 3 DN Heartbeats.
2022-01-11 15:48:01,487 [Listener at 127.0.0.1/38029] INFO  ozone.MiniOzoneClusterImpl (MiniOzoneClusterImpl.java:lambda$waitForClusterToBeReady$0(238)) - Waiting for cluster to exit safe mode
2022-01-11 15:48:01,487 [Listener at 127.0.0.1/38029] INFO  ozone.MiniOzoneClusterImpl (MiniOzoneClusterImpl.java:lambda$waitForClusterToBeReady$0(240)) - SCM became leader
2022-01-11 15:48:02,487 [Listener at 127.0.0.1/38029] INFO  ozone.MiniOzoneClusterImpl (MiniOzoneClusterImpl.java:lambda$waitForClusterToBeReady$0(235)) - Nodes are ready. Got 3 of 3 DN Heartbeats.
2022-01-11 15:48:02,488 [Listener at 127.0.0.1/38029] INFO  ozone.MiniOzoneClusterImpl (MiniOzoneClusterImpl.java:lambda$waitForClusterToBeReady$0(238)) - Waiting for cluster to exit safe mode
2022-01-11 15:48:02,488 [Listener at 127.0.0.1/38029] INFO  ozone.MiniOzoneClusterImpl (MiniOzoneClusterImpl.java:lambda$waitForClusterToBeReady$0(240)) - SCM became leader
2022-01-11 15:48:03,233 [1f329afc-3498-4638-8074-19fd337e8a73@group-C1052DE82F17-FollowerState] INFO  impl.FollowerState (FollowerState.java:run(134)) - 1f329afc-3498-4638-8074-19fd337e8a73@group-C1052DE82F17-FollowerState: change to CANDIDATE, lastRpcElapsedTime:5097198020ns, electionTimeout:5087ms
2022-01-11 15:48:03,233 [1f329afc-3498-4638-8074-19fd337e8a73@group-C1052DE82F17-FollowerState] INFO  impl.RoleInfo (RoleInfo.java:shutdownFollowerState(108)) - 1f329afc-3498-4638-8074-19fd337e8a73: shutdown 1f329afc-3498-4638-8074-19fd337e8a73@group-C1052DE82F17-FollowerState
2022-01-11 15:48:03,234 [1f329afc-3498-4638-8074-19fd337e8a73@group-C1052DE82F17-FollowerState] INFO  server.RaftServer$Division (RaftServerImpl.java:setRole(290)) - 1f329afc-3498-4638-8074-19fd337e8a73@group-C1052DE82F17: changes role from  FOLLOWER to CANDIDATE at term 9 for changeToCandidate
2022-01-11 15:48:03,234 [1f329afc-3498-4638-8074-19fd337e8a73@group-C1052DE82F17-FollowerState] INFO  server.RaftServerConfigKeys (ConfUtils.java:logGet(44)) - raft.server.leaderelection.pre-vote = false (custom)
2022-01-11 15:48:03,234 [1f329afc-3498-4638-8074-19fd337e8a73@group-C1052DE82F17-FollowerState] INFO  impl.RoleInfo (RoleInfo.java:updateAndGet(130)) - 1f329afc-3498-4638-8074-19fd337e8a73: start 1f329afc-3498-4638-8074-19fd337e8a73@group-C1052DE82F17-LeaderElection17
2022-01-11 15:48:03,241 [1f329afc-3498-4638-8074-19fd337e8a73@group-C1052DE82F17-LeaderElection17] INFO  impl.LeaderElection (LeaderElection.java:askForVotes(306)) - 1f329afc-3498-4638-8074-19fd337e8a73@group-C1052DE82F17-LeaderElection17 ELECTION round 0: submit vote requests at term 10 for -1: [1f329afc-3498-4638-8074-19fd337e8a73|rpc:10.1.0.14:45819|priority:0, 17325594-a0c4-4bf2-bfba-0a794a24d581|rpc:10.1.0.14:35517|priority:0, b8b6e90f-0b6d-4a0e-9c52-5d158a862858|rpc:10.1.0.14:46249|priority:1], old=null
2022-01-11 15:48:03,248 [grpc-default-executor-0] INFO  server.RaftServer$Division (RaftServerImpl.java:requestVote(1046)) - 17325594-a0c4-4bf2-bfba-0a794a24d581@group-C1052DE82F17: receive requestVote(ELECTION, 1f329afc-3498-4638-8074-19fd337e8a73, group-C1052DE82F17, 10, (t:0, i:0))
2022-01-11 15:48:03,248 [grpc-default-executor-0] INFO  impl.VoteContext (VoteContext.java:log(48)) - 17325594-a0c4-4bf2-bfba-0a794a24d581@group-C1052DE82F17-FOLLOWER: accept ELECTION from 1f329afc-3498-4638-8074-19fd337e8a73: our priority 0 <= candidate's priority 0
2022-01-11 15:48:03,248 [grpc-default-executor-0] INFO  server.RaftServer$Division (RaftServerImpl.java:setRole(290)) - 17325594-a0c4-4bf2-bfba-0a794a24d581@group-C1052DE82F17: changes role from  FOLLOWER to FOLLOWER at term 10 for candidate:1f329afc-3498-4638-8074-19fd337e8a73
2022-01-11 15:48:03,248 [grpc-default-executor-0] INFO  impl.RoleInfo (RoleInfo.java:shutdownFollowerState(108)) - 17325594-a0c4-4bf2-bfba-0a794a24d581: shutdown 17325594-a0c4-4bf2-bfba-0a794a24d581@group-C1052DE82F17-FollowerState
2022-01-11 15:48:03,248 [grpc-default-executor-0] INFO  impl.RoleInfo (RoleInfo.java:updateAndGet(130)) - 17325594-a0c4-4bf2-bfba-0a794a24d581: start 17325594-a0c4-4bf2-bfba-0a794a24d581@group-C1052DE82F17-FollowerState
2022-01-11 15:48:03,248 [17325594-a0c4-4bf2-bfba-0a794a24d581@group-C1052DE82F17-FollowerState] INFO  impl.FollowerState (FollowerState.java:run(143)) - 17325594-a0c4-4bf2-bfba-0a794a24d581@group-C1052DE82F17-FollowerState was interrupted: {}
java.lang.InterruptedException: sleep interrupted
	at java.lang.Thread.sleep(Native Method)
	at java.lang.Thread.sleep(Thread.java:340)
	at java.util.concurrent.TimeUnit.sleep(TimeUnit.java:386)
	at org.apache.ratis.util.TimeDuration.sleep(TimeDuration.java:324)
	at org.apache.ratis.util.TimeDuration.sleep(TimeDuration.java:309)
	at org.apache.ratis.server.impl.FollowerState.run(FollowerState.java:118)
2022-01-11 15:48:03,250 [grpc-default-executor-0] INFO  server.RaftServer$Division (RaftServerImpl.java:requestVote(1078)) - 17325594-a0c4-4bf2-bfba-0a794a24d581@group-C1052DE82F17 replies to ELECTION vote request: 1f329afc-3498-4638-8074-19fd337e8a73<-17325594-a0c4-4bf2-bfba-0a794a24d581#0:OK-t10. Peer's state: 17325594-a0c4-4bf2-bfba-0a794a24d581@group-C1052DE82F17:t10, leader=null, voted=1f329afc-3498-4638-8074-19fd337e8a73, raftlog=17325594-a0c4-4bf2-bfba-0a794a24d581@group-C1052DE82F17-SegmentedRaftLog:OPENED:c-1, conf=-1: [1f329afc-3498-4638-8074-19fd337e8a73|rpc:10.1.0.14:45819|priority:0, 17325594-a0c4-4bf2-bfba-0a794a24d581|rpc:10.1.0.14:35517|priority:0, b8b6e90f-0b6d-4a0e-9c52-5d158a862858|rpc:10.1.0.14:46249|priority:1], old=null
2022-01-11 15:48:03,264 [b8b6e90f-0b6d-4a0e-9c52-5d158a862858@group-C1052DE82F17-FollowerState] INFO  impl.FollowerState (FollowerState.java:run(134)) - b8b6e90f-0b6d-4a0e-9c52-5d158a862858@group-C1052DE82F17-FollowerState: change to CANDIDATE, lastRpcElapsedTime:5117242895ns, electionTimeout:5102ms
2022-01-11 15:48:03,264 [b8b6e90f-0b6d-4a0e-9c52-5d158a862858@group-C1052DE82F17-FollowerState] INFO  impl.RoleInfo (RoleInfo.java:shutdownFollowerState(108)) - b8b6e90f-0b6d-4a0e-9c52-5d158a862858: shutdown b8b6e90f-0b6d-4a0e-9c52-5d158a862858@group-C1052DE82F17-FollowerState
2022-01-11 15:48:03,264 [b8b6e90f-0b6d-4a0e-9c52-5d158a862858@group-C1052DE82F17-FollowerState] INFO  server.RaftServer$Division (RaftServerImpl.java:setRole(290)) - b8b6e90f-0b6d-4a0e-9c52-5d158a862858@group-C1052DE82F17: changes role from  FOLLOWER to CANDIDATE at term 9 for changeToCandidate
2022-01-11 15:48:03,264 [b8b6e90f-0b6d-4a0e-9c52-5d158a862858@group-C1052DE82F17-FollowerState] INFO  server.RaftServerConfigKeys (ConfUtils.java:logGet(44)) - raft.server.leaderelection.pre-vote = false (custom)
2022-01-11 15:48:03,264 [b8b6e90f-0b6d-4a0e-9c52-5d158a862858@group-C1052DE82F17-FollowerState] INFO  impl.RoleInfo (RoleInfo.java:updateAndGet(130)) - b8b6e90f-0b6d-4a0e-9c52-5d158a862858: start b8b6e90f-0b6d-4a0e-9c52-5d158a862858@group-C1052DE82F17-LeaderElection18
2022-01-11 15:48:03,266 [b8b6e90f-0b6d-4a0e-9c52-5d158a862858@group-C1052DE82F17-LeaderElection18] INFO  impl.LeaderElection (LeaderElection.java:askForVotes(306)) - b8b6e90f-0b6d-4a0e-9c52-5d158a862858@group-C1052DE82F17-LeaderElection18 ELECTION round 0: submit vote requests at term 10 for -1: [1f329afc-3498-4638-8074-19fd337e8a73|rpc:10.1.0.14:45819|priority:0, 17325594-a0c4-4bf2-bfba-0a794a24d581|rpc:10.1.0.14:35517|priority:0, b8b6e90f-0b6d-4a0e-9c52-5d158a862858|rpc:10.1.0.14:46249|priority:1], old=null
2022-01-11 15:48:03,274 [grpc-default-executor-0] INFO  server.RaftServer$Division (RaftServerImpl.java:requestVote(1046)) - b8b6e90f-0b6d-4a0e-9c52-5d158a862858@group-C1052DE82F17: receive requestVote(ELECTION, 1f329afc-3498-4638-8074-19fd337e8a73, group-C1052DE82F17, 10, (t:0, i:0))
2022-01-11 15:48:03,274 [grpc-default-executor-0] INFO  impl.VoteContext (VoteContext.java:log(48)) - b8b6e90f-0b6d-4a0e-9c52-5d158a862858@group-C1052DE82F17-CANDIDATE: reject ELECTION from 1f329afc-3498-4638-8074-19fd337e8a73: already has voted for b8b6e90f-0b6d-4a0e-9c52-5d158a862858 at current term 10
2022-01-11 15:48:03,274 [grpc-default-executor-0] INFO  server.RaftServer$Division (RaftServerImpl.java:requestVote(1078)) - b8b6e90f-0b6d-4a0e-9c52-5d158a862858@group-C1052DE82F17 replies to ELECTION vote request: 1f329afc-3498-4638-8074-19fd337e8a73<-b8b6e90f-0b6d-4a0e-9c52-5d158a862858#0:FAIL-t10. Peer's state: b8b6e90f-0b6d-4a0e-9c52-5d158a862858@group-C1052DE82F17:t10, leader=null, voted=b8b6e90f-0b6d-4a0e-9c52-5d158a862858, raftlog=b8b6e90f-0b6d-4a0e-9c52-5d158a862858@group-C1052DE82F17-SegmentedRaftLog:OPENED:c-1, conf=-1: [1f329afc-3498-4638-8074-19fd337e8a73|rpc:10.1.0.14:45819|priority:0, 17325594-a0c4-4bf2-bfba-0a794a24d581|rpc:10.1.0.14:35517|priority:0, b8b6e90f-0b6d-4a0e-9c52-5d158a862858|rpc:10.1.0.14:46249|priority:1], old=null
2022-01-11 15:48:03,275 [1f329afc-3498-4638-8074-19fd337e8a73@group-C1052DE82F17-LeaderElection17] INFO  impl.LeaderElection (LeaderElection.java:logAndReturn(89)) - 1f329afc-3498-4638-8074-19fd337e8a73@group-C1052DE82F17-LeaderElection17: ELECTION REJECTED received 2 response(s) and 0 exception(s):
2022-01-11 15:48:03,276 [1f329afc-3498-4638-8074-19fd337e8a73@group-C1052DE82F17-LeaderElection17] INFO  impl.LeaderElection (LeaderElection.java:logAndReturn(93)) -   Response 0: 1f329afc-3498-4638-8074-19fd337e8a73<-17325594-a0c4-4bf2-bfba-0a794a24d581#0:OK-t10
2022-01-11 15:48:03,276 [1f329afc-3498-4638-8074-19fd337e8a73@group-C1052DE82F17-LeaderElection17] INFO  impl.LeaderElection (LeaderElection.java:logAndReturn(93)) -   Response 1: 1f329afc-3498-4638-8074-19fd337e8a73<-b8b6e90f-0b6d-4a0e-9c52-5d158a862858#0:FAIL-t10
2022-01-11 15:48:03,276 [1f329afc-3498-4638-8074-19fd337e8a73@group-C1052DE82F17-LeaderElection17] INFO  impl.LeaderElection (LeaderElection.java:askForVotes(308)) - 1f329afc-3498-4638-8074-19fd337e8a73@group-C1052DE82F17-LeaderElection17 ELECTION round 0: result REJECTED
2022-01-11 15:48:03,276 [1f329afc-3498-4638-8074-19fd337e8a73@group-C1052DE82F17-LeaderElection17] INFO  server.RaftServer$Division (RaftServerImpl.java:setRole(290)) - 1f329afc-3498-4638-8074-19fd337e8a73@group-C1052DE82F17: changes role from CANDIDATE to FOLLOWER at term 10 for REJECTED
2022-01-11 15:48:03,276 [1f329afc-3498-4638-8074-19fd337e8a73@group-C1052DE82F17-LeaderElection17] INFO  impl.RoleInfo (RoleInfo.java:shutdownLeaderElection(121)) - 1f329afc-3498-4638-8074-19fd337e8a73: shutdown 1f329afc-3498-4638-8074-19fd337e8a73@group-C1052DE82F17-LeaderElection17
2022-01-11 15:48:03,276 [1f329afc-3498-4638-8074-19fd337e8a73@group-C1052DE82F17-LeaderElection17] INFO  impl.RoleInfo (RoleInfo.java:updateAndGet(130)) - 1f329afc-3498-4638-8074-19fd337e8a73: start 1f329afc-3498-4638-8074-19fd337e8a73@group-C1052DE82F17-FollowerState
2022-01-11 15:48:03,283 [grpc-default-executor-0] INFO  server.RaftServer$Division (RaftServerImpl.java:requestVote(1046)) - 1f329afc-3498-4638-8074-19fd337e8a73@group-C1052DE82F17: receive requestVote(ELECTION, b8b6e90f-0b6d-4a0e-9c52-5d158a862858, group-C1052DE82F17, 10, (t:0, i:0))
2022-01-11 15:48:03,284 [grpc-default-executor-0] INFO  impl.VoteContext (VoteContext.java:log(48)) - 1f329afc-3498-4638-8074-19fd337e8a73@group-C1052DE82F17-FOLLOWER: reject ELECTION from b8b6e90f-0b6d-4a0e-9c52-5d158a862858: already has voted for 1f329afc-3498-4638-8074-19fd337e8a73 at current term 10
2022-01-11 15:48:03,284 [grpc-default-executor-0] INFO  server.RaftServer$Division (RaftServerImpl.java:requestVote(1078)) - 1f329afc-3498-4638-8074-19fd337e8a73@group-C1052DE82F17 replies to ELECTION vote request: b8b6e90f-0b6d-4a0e-9c52-5d158a862858<-1f329afc-3498-4638-8074-19fd337e8a73#0:FAIL-t10. Peer's state: 1f329afc-3498-4638-8074-19fd337e8a73@group-C1052DE82F17:t10, leader=null, voted=1f329afc-3498-4638-8074-19fd337e8a73, raftlog=1f329afc-3498-4638-8074-19fd337e8a73@group-C1052DE82F17-SegmentedRaftLog:OPENED:c-1, conf=-1: [1f329afc-3498-4638-8074-19fd337e8a73|rpc:10.1.0.14:45819|priority:0, 17325594-a0c4-4bf2-bfba-0a794a24d581|rpc:10.1.0.14:35517|priority:0, b8b6e90f-0b6d-4a0e-9c52-5d158a862858|rpc:10.1.0.14:46249|priority:1], old=null
2022-01-11 15:48:03,293 [grpc-default-executor-0] INFO  server.RaftServer$Division (RaftServerImpl.java:requestVote(1046)) - 17325594-a0c4-4bf2-bfba-0a794a24d581@group-C1052DE82F17: receive requestVote(ELECTION, b8b6e90f-0b6d-4a0e-9c52-5d158a862858, group-C1052DE82F17, 10, (t:0, i:0))
2022-01-11 15:48:03,294 [grpc-default-executor-0] INFO  impl.VoteContext (VoteContext.java:log(48)) - 17325594-a0c4-4bf2-bfba-0a794a24d581@group-C1052DE82F17-FOLLOWER: reject ELECTION from b8b6e90f-0b6d-4a0e-9c52-5d158a862858: already has voted for 1f329afc-3498-4638-8074-19fd337e8a73 at current term 10
2022-01-11 15:48:03,294 [grpc-default-executor-0] INFO  server.RaftServer$Division (RaftServerImpl.java:requestVote(1078)) - 17325594-a0c4-4bf2-bfba-0a794a24d581@group-C1052DE82F17 replies to ELECTION vote request: b8b6e90f-0b6d-4a0e-9c52-5d158a862858<-17325594-a0c4-4bf2-bfba-0a794a24d581#0:FAIL-t10. Peer's state: 17325594-a0c4-4bf2-bfba-0a794a24d581@group-C1052DE82F17:t10, leader=null, voted=1f329afc-3498-4638-8074-19fd337e8a73, raftlog=17325594-a0c4-4bf2-bfba-0a794a24d581@group-C1052DE82F17-SegmentedRaftLog:OPENED:c-1, conf=-1: [1f329afc-3498-4638-8074-19fd337e8a73|rpc:10.1.0.14:45819|priority:0, 17325594-a0c4-4bf2-bfba-0a794a24d581|rpc:10.1.0.14:35517|priority:0, b8b6e90f-0b6d-4a0e-9c52-5d158a862858|rpc:10.1.0.14:46249|priority:1], old=null
2022-01-11 15:48:03,299 [b8b6e90f-0b6d-4a0e-9c52-5d158a862858@group-C1052DE82F17-LeaderElection18] INFO  impl.LeaderElection (LeaderElection.java:logAndReturn(89)) - b8b6e90f-0b6d-4a0e-9c52-5d158a862858@group-C1052DE82F17-LeaderElection18: ELECTION REJECTED received 2 response(s) and 0 exception(s):
2022-01-11 15:48:03,299 [b8b6e90f-0b6d-4a0e-9c52-5d158a862858@group-C1052DE82F17-LeaderElection18] INFO  impl.LeaderElection (LeaderElection.java:logAndReturn(93)) -   Response 0: b8b6e90f-0b6d-4a0e-9c52-5d158a862858<-1f329afc-3498-4638-8074-19fd337e8a73#0:FAIL-t10
2022-01-11 15:48:03,299 [b8b6e90f-0b6d-4a0e-9c52-5d158a862858@group-C1052DE82F17-LeaderElection18] INFO  impl.LeaderElection (LeaderElection.java:logAndReturn(93)) -   Response 1: b8b6e90f-0b6d-4a0e-9c52-5d158a862858<-17325594-a0c4-4bf2-bfba-0a794a24d581#0:FAIL-t10
2022-01-11 15:48:03,299 [b8b6e90f-0b6d-4a0e-9c52-5d158a862858@group-C1052DE82F17-LeaderElection18] INFO  impl.LeaderElection (LeaderElection.java:askForVotes(308)) - b8b6e90f-0b6d-4a0e-9c52-5d158a862858@group-C1052DE82F17-LeaderElection18 ELECTION round 0: result REJECTED
2022-01-11 15:48:03,299 [b8b6e90f-0b6d-4a0e-9c52-5d158a862858@group-C1052DE82F17-LeaderElection18] INFO  server.RaftServer$Division (RaftServerImpl.java:setRole(290)) - b8b6e90f-0b6d-4a0e-9c52-5d158a862858@group-C1052DE82F17: changes role from CANDIDATE to FOLLOWER at term 10 for REJECTED
2022-01-11 15:48:03,299 [b8b6e90f-0b6d-4a0e-9c52-5d158a862858@group-C1052DE82F17-LeaderElection18] INFO  impl.RoleInfo (RoleInfo.java:shutdownLeaderElection(121)) - b8b6e90f-0b6d-4a0e-9c52-5d158a862858: shutdown b8b6e90f-0b6d-4a0e-9c52-5d158a862858@group-C1052DE82F17-LeaderElection18
2022-01-11 15:48:03,300 [b8b6e90f-0b6d-4a0e-9c52-5d158a862858@group-C1052DE82F17-LeaderElection18] INFO  impl.RoleInfo (RoleInfo.java:updateAndGet(130)) - b8b6e90f-0b6d-4a0e-9c52-5d158a862858: start b8b6e90f-0b6d-4a0e-9c52-5d158a862858@group-C1052DE82F17-FollowerState
2022-01-11 15:48:03,488 [Listener at 127.0.0.1/38029] INFO  ozone.MiniOzoneClusterImpl (MiniOzoneClusterImpl.java:lambda$waitForClusterToBeReady$0(235)) - Nodes are ready. Got 3 of 3 DN Heartbeats.
2022-01-11 15:48:03,489 [Listener at 127.0.0.1/38029] INFO  ozone.MiniOzoneClusterImpl (MiniOzoneClusterImpl.java:lambda$waitForClusterToBeReady$0(238)) - Waiting for cluster to exit safe mode
2022-01-11 15:48:03,489 [Listener at 127.0.0.1/38029] INFO  ozone.MiniOzoneClusterImpl (MiniOzoneClusterImpl.java:lambda$waitForClusterToBeReady$0(240)) - SCM became leader
2022-01-11 15:48:03,791 [Time-limited test] INFO  ozone.MiniOzoneClusterImpl (MiniOzoneClusterImpl.java:shutdown(453)) - Shutting down the Mini Ozone Cluster
2022-01-11 15:48:03,792 [Time-limited test] INFO  ozone.MiniOzoneClusterImpl (MiniOzoneClusterImpl.java:stop(468)) - Stopping the Mini Ozone Cluster
2022-01-11 15:48:03,792 [Time-limited test] INFO  ozone.MiniOzoneClusterImpl (MiniOzoneClusterImpl.java:stopOM(550)) - Stopping the OzoneManager
2022-01-11 15:48:03,792 [Time-limited test] INFO  om.OzoneManager (OzoneManager.java:stop(1893)) - om1[localhost:0]: Stopping Ozone Manager
2022-01-11 15:48:03,793 [Time-limited test] INFO  ipc.Server (Server.java:stop(3414)) - Stopping server on 38029
2022-01-11 15:48:03,796 [IPC Server Responder] INFO  ipc.Server (Server.java:run(1512)) - Stopping IPC Server Responder
2022-01-11 15:48:03,797 [IPC Server listener on 0] INFO  ipc.Server (Server.java:run(1376)) - Stopping IPC Server listener on 0
2022-01-11 15:48:03,798 [Time-limited test] INFO  server.RaftServer (RaftServerProxy.java:lambda$close$6(391)) - om1: close
2022-01-11 15:48:03,798 [Time-limited test] INFO  server.RaftServer$Division (RaftServerImpl.java:lambda$close$4(412)) - om1@group-C5BA1605619E: shutdown
2022-01-11 15:48:03,798 [Time-limited test] INFO  util.JmxRegister (JmxRegister.java:unregister(73)) - Successfully un-registered JMX Bean with object name Ratis:service=RaftServer,group=group-C5BA1605619E,id=om1
2022-01-11 15:48:03,799 [Time-limited test] INFO  impl.RoleInfo (RoleInfo.java:shutdownLeaderState(91)) - om1: shutdown om1@group-C5BA1605619E-LeaderStateImpl
2022-01-11 15:48:03,799 [Time-limited test] INFO  impl.PendingRequests (PendingRequests.java:sendNotLeaderResponses(282)) - om1@group-C5BA1605619E-PendingRequests: sendNotLeaderResponses
2022-01-11 15:48:03,801 [om1@group-C5BA1605619E-StateMachineUpdater] INFO  ratis.OzoneManagerStateMachine (OzoneManagerStateMachine.java:takeSnapshot(417)) - Current Snapshot Index (t:1, i:0)
2022-01-11 15:48:03,801 [Time-limited test] INFO  impl.StateMachineUpdater (StateMachineUpdater.java:stopAndJoin(149)) - om1@group-C5BA1605619E-StateMachineUpdater: set stopIndex = 0
2022-01-11 15:48:03,801 [om1@group-C5BA1605619E-StateMachineUpdater] INFO  impl.StateMachineUpdater (StateMachineUpdater.java:takeSnapshot(281)) - om1@group-C5BA1605619E-StateMachineUpdater: Took a snapshot at index 0
2022-01-11 15:48:03,801 [om1@group-C5BA1605619E-StateMachineUpdater] INFO  impl.StateMachineUpdater (StateMachineUpdater.java:lambda$new$0(89)) - om1@group-C5BA1605619E-StateMachineUpdater: snapshotIndex: updateIncreasingly -1 -> 0
2022-01-11 15:48:03,801 [om1@group-C5BA1605619E-StateMachineUpdater] INFO  ratis.OzoneManagerStateMachine (OzoneManagerStateMachine.java:close(471)) - StateMachine has shutdown. Shutdown OzoneManager if not already shutdown.
2022-01-11 15:48:03,801 [Time-limited test] INFO  server.RaftServer$Division (ServerState.java:close(419)) - om1@group-C5BA1605619E: closes. applyIndex: 0
2022-01-11 15:48:03,801 [om1@group-C5BA1605619E-SegmentedRaftLogWorker] INFO  segmented.SegmentedRaftLogWorker (SegmentedRaftLogWorker.java:run(327)) - om1@group-C5BA1605619E-SegmentedRaftLogWorker was interrupted, exiting. There are 0 tasks remaining in the queue.
2022-01-11 15:48:03,802 [Time-limited test] INFO  segmented.SegmentedRaftLogWorker (SegmentedRaftLogWorker.java:close(237)) - om1@group-C5BA1605619E-SegmentedRaftLogWorker close()
2022-01-11 15:48:03,803 [Time-limited test] INFO  server.GrpcService (GrpcService.java:closeImpl(262)) - om1: shutdown server with port 9872 now
2022-01-11 15:48:03,804 [Time-limited test] INFO  server.GrpcService (GrpcService.java:closeImpl(271)) - om1: shutdown server with port 9872 successfully
2022-01-11 15:48:03,804 [org.apache.ratis.util.JvmPauseMonitor$$Lambda$539/1318588549@7219ab2f] INFO  util.JvmPauseMonitor (JvmPauseMonitor.java:run(109)) - JvmPauseMonitor-om1: Stopped
2022-01-11 15:48:03,804 [Time-limited test] INFO  ratis.OzoneManagerDoubleBuffer (OzoneManagerDoubleBuffer.java:stop(437)) - Stopping OMDoubleBuffer flush thread
2022-01-11 15:48:03,804 [OMDoubleBufferFlushThread] INFO  ratis.OzoneManagerDoubleBuffer (OzoneManagerDoubleBuffer.java:flushTransactions(356)) - OMDoubleBuffer flush thread OMDoubleBufferFlushThread is interrupted and will exit. OMDoubleBufferFlushThread
2022-01-11 15:48:03,804 [Time-limited test] INFO  utils.BackgroundService (BackgroundService.java:shutdown(132)) - Shutting down service KeyDeletingService
2022-01-11 15:48:03,805 [Time-limited test] INFO  utils.BackgroundService (BackgroundService.java:shutdown(132)) - Shutting down service DirectoryDeletingService
2022-01-11 15:48:03,812 [Time-limited test] INFO  handler.ContextHandler (ContextHandler.java:doStop(1153)) - Stopped o.e.j.w.WebAppContext@f4f2e1d{ozoneManager,/,null,STOPPED}{file:/home/runner/work/ozone/ozone/hadoop-ozone/integration-test/target/test-classes/webapps/ozoneManager}
2022-01-11 15:48:03,813 [Time-limited test] INFO  server.AbstractConnector (AbstractConnector.java:doStop(381)) - Stopped ServerConnector@77b5adda{HTTP/1.1, (http/1.1)}{0.0.0.0:0}
2022-01-11 15:48:03,813 [Time-limited test] INFO  server.session (HouseKeeper.java:stopScavenging(149)) - node0 Stopped scavenging
2022-01-11 15:48:03,815 [Time-limited test] INFO  handler.ContextHandler (ContextHandler.java:doStop(1153)) - Stopped o.e.j.s.ServletContextHandler@572cfd2d{static,/static,file:///home/runner/work/ozone/ozone/hadoop-ozone/integration-test/target/test-classes/webapps/static,STOPPED}
2022-01-11 15:48:03,816 [Time-limited test] INFO  handler.ContextHandler (ContextHandler.java:doStop(1153)) - Stopped o.e.j.s.ServletContextHandler@6b3074b{logs,/logs,file:///home/runner/work/ozone/ozone/hadoop-ozone/integration-test/target/log,STOPPED}
2022-01-11 15:48:03,820 [Time-limited test] INFO  ozone.MiniOzoneClusterImpl (MiniOzoneClusterImpl.java:stopDatanodes(527)) - Stopping the HddsDatanodes
2022-01-11 15:48:08,308 [1f329afc-3498-4638-8074-19fd337e8a73@group-C1052DE82F17-FollowerState] INFO  impl.FollowerState (FollowerState.java:run(134)) - 1f329afc-3498-4638-8074-19fd337e8a73@group-C1052DE82F17-FollowerState: change to CANDIDATE, lastRpcElapsedTime:5031420683ns, electionTimeout:5031ms
2022-01-11 15:48:08,308 [1f329afc-3498-4638-8074-19fd337e8a73@group-C1052DE82F17-FollowerState] INFO  impl.RoleInfo (RoleInfo.java:shutdownFollowerState(108)) - 1f329afc-3498-4638-8074-19fd337e8a73: shutdown 1f329afc-3498-4638-8074-19fd337e8a73@group-C1052DE82F17-FollowerState
2022-01-11 15:48:08,308 [1f329afc-3498-4638-8074-19fd337e8a73@group-C1052DE82F17-FollowerState] INFO  server.RaftServer$Division (RaftServerImpl.java:setRole(290)) - 1f329afc-3498-4638-8074-19fd337e8a73@group-C1052DE82F17: changes role from  FOLLOWER to CANDIDATE at term 10 for changeToCandidate
2022-01-11 15:48:08,308 [1f329afc-3498-4638-8074-19fd337e8a73@group-C1052DE82F17-FollowerState] INFO  server.RaftServerConfigKeys (ConfUtils.java:logGet(44)) - raft.server.leaderelection.pre-vote = false (custom)
2022-01-11 15:48:08,308 [1f329afc-3498-4638-8074-19fd337e8a73@group-C1052DE82F17-FollowerState] INFO  impl.RoleInfo (RoleInfo.java:updateAndGet(130)) - 1f329afc-3498-4638-8074-19fd337e8a73: start 1f329afc-3498-4638-8074-19fd337e8a73@group-C1052DE82F17-LeaderElection19
2022-01-11 15:48:08,314 [b8b6e90f-0b6d-4a0e-9c52-5d158a862858@group-C1052DE82F17-FollowerState] INFO  impl.FollowerState (FollowerState.java:run(134)) - b8b6e90f-0b6d-4a0e-9c52-5d158a862858@group-C1052DE82F17-FollowerState: change to CANDIDATE, lastRpcElapsedTime:5014500451ns, electionTimeout:5000ms
2022-01-11 15:48:08,314 [b8b6e90f-0b6d-4a0e-9c52-5d158a862858@group-C1052DE82F17-FollowerState] INFO  impl.RoleInfo (RoleInfo.java:shutdownFollowerState(108)) - b8b6e90f-0b6d-4a0e-9c52-5d158a862858: shutdown b8b6e90f-0b6d-4a0e-9c52-5d158a862858@group-C1052DE82F17-FollowerState
2022-01-11 15:48:08,314 [b8b6e90f-0b6d-4a0e-9c52-5d158a862858@group-C1052DE82F17-FollowerState] INFO  server.RaftServer$Division (RaftServerImpl.java:setRole(290)) - b8b6e90f-0b6d-4a0e-9c52-5d158a862858@group-C1052DE82F17: changes role from  FOLLOWER to CANDIDATE at term 10 for changeToCandidate
2022-01-11 15:48:08,314 [b8b6e90f-0b6d-4a0e-9c52-5d158a862858@group-C1052DE82F17-FollowerState] INFO  server.RaftServerConfigKeys (ConfUtils.java:logGet(44)) - raft.server.leaderelection.pre-vote = false (custom)
2022-01-11 15:48:08,314 [b8b6e90f-0b6d-4a0e-9c52-5d158a862858@group-C1052DE82F17-FollowerState] INFO  impl.RoleInfo (RoleInfo.java:updateAndGet(130)) - b8b6e90f-0b6d-4a0e-9c52-5d158a862858: start b8b6e90f-0b6d-4a0e-9c52-5d158a862858@group-C1052DE82F17-LeaderElection20
2022-01-11 15:48:08,316 [b8b6e90f-0b6d-4a0e-9c52-5d158a862858@group-C1052DE82F17-LeaderElection20] INFO  impl.LeaderElection (LeaderElection.java:askForVotes(306)) - b8b6e90f-0b6d-4a0e-9c52-5d158a862858@group-C1052DE82F17-LeaderElection20 ELECTION round 0: submit vote requests at term 11 for -1: [1f329afc-3498-4638-8074-19fd337e8a73|rpc:10.1.0.14:45819|priority:0, 17325594-a0c4-4bf2-bfba-0a794a24d581|rpc:10.1.0.14:35517|priority:0, b8b6e90f-0b6d-4a0e-9c52-5d158a862858|rpc:10.1.0.14:46249|priority:1], old=null
2022-01-11 15:48:08,317 [1f329afc-3498-4638-8074-19fd337e8a73@group-C1052DE82F17-LeaderElection19] INFO  impl.LeaderElection (LeaderElection.java:askForVotes(306)) - 1f329afc-3498-4638-8074-19fd337e8a73@group-C1052DE82F17-LeaderElection19 ELECTION round 0: submit vote requests at term 11 for -1: [1f329afc-3498-4638-8074-19fd337e8a73|rpc:10.1.0.14:45819|priority:0, 17325594-a0c4-4bf2-bfba-0a794a24d581|rpc:10.1.0.14:35517|priority:0, b8b6e90f-0b6d-4a0e-9c52-5d158a862858|rpc:10.1.0.14:46249|priority:1], old=null
2022-01-11 15:48:08,319 [17325594-a0c4-4bf2-bfba-0a794a24d581@group-C1052DE82F17-FollowerState] INFO  impl.FollowerState (FollowerState.java:run(134)) - 17325594-a0c4-4bf2-bfba-0a794a24d581@group-C1052DE82F17-FollowerState: change to CANDIDATE, lastRpcElapsedTime:5069341504ns, electionTimeout:5055ms
2022-01-11 15:48:08,326 [17325594-a0c4-4bf2-bfba-0a794a24d581@group-C1052DE82F17-FollowerState] INFO  impl.RoleInfo (RoleInfo.java:shutdownFollowerState(108)) - 17325594-a0c4-4bf2-bfba-0a794a24d581: shutdown 17325594-a0c4-4bf2-bfba-0a794a24d581@group-C1052DE82F17-FollowerState
2022-01-11 15:48:08,326 [17325594-a0c4-4bf2-bfba-0a794a24d581@group-C1052DE82F17-FollowerState] INFO  server.RaftServer$Division (RaftServerImpl.java:setRole(290)) - 17325594-a0c4-4bf2-bfba-0a794a24d581@group-C1052DE82F17: changes role from  FOLLOWER to CANDIDATE at term 10 for changeToCandidate
2022-01-11 15:48:08,326 [grpc-default-executor-0] INFO  server.RaftServer$Division (RaftServerImpl.java:requestVote(1046)) - 1f329afc-3498-4638-8074-19fd337e8a73@group-C1052DE82F17: receive requestVote(ELECTION, b8b6e90f-0b6d-4a0e-9c52-5d158a862858, group-C1052DE82F17, 11, (t:0, i:0))
2022-01-11 15:48:08,334 [grpc-default-executor-0] INFO  impl.VoteContext (VoteContext.java:log(48)) - 1f329afc-3498-4638-8074-19fd337e8a73@group-C1052DE82F17-CANDIDATE: reject ELECTION from b8b6e90f-0b6d-4a0e-9c52-5d158a862858: already has voted for 1f329afc-3498-4638-8074-19fd337e8a73 at current term 11
2022-01-11 15:48:08,334 [grpc-default-executor-0] INFO  server.RaftServer$Division (RaftServerImpl.java:requestVote(1078)) - 1f329afc-3498-4638-8074-19fd337e8a73@group-C1052DE82F17 replies to ELECTION vote request: b8b6e90f-0b6d-4a0e-9c52-5d158a862858<-1f329afc-3498-4638-8074-19fd337e8a73#0:FAIL-t11. Peer's state: 1f329afc-3498-4638-8074-19fd337e8a73@group-C1052DE82F17:t11, leader=null, voted=1f329afc-3498-4638-8074-19fd337e8a73, raftlog=1f329afc-3498-4638-8074-19fd337e8a73@group-C1052DE82F17-SegmentedRaftLog:OPENED:c-1, conf=-1: [1f329afc-3498-4638-8074-19fd337e8a73|rpc:10.1.0.14:45819|priority:0, 17325594-a0c4-4bf2-bfba-0a794a24d581|rpc:10.1.0.14:35517|priority:0, b8b6e90f-0b6d-4a0e-9c52-5d158a862858|rpc:10.1.0.14:46249|priority:1], old=null
2022-01-11 15:48:08,334 [17325594-a0c4-4bf2-bfba-0a794a24d581@group-C1052DE82F17-FollowerState] INFO  server.RaftServerConfigKeys (ConfUtils.java:logGet(44)) - raft.server.leaderelection.pre-vote = false (custom)
2022-01-11 15:48:08,334 [17325594-a0c4-4bf2-bfba-0a794a24d581@group-C1052DE82F17-FollowerState] INFO  impl.RoleInfo (RoleInfo.java:updateAndGet(130)) - 17325594-a0c4-4bf2-bfba-0a794a24d581: start 17325594-a0c4-4bf2-bfba-0a794a24d581@group-C1052DE82F17-LeaderElection21
2022-01-11 15:48:08,326 [grpc-default-executor-1] INFO  server.RaftServer$Division (RaftServerImpl.java:requestVote(1046)) - 17325594-a0c4-4bf2-bfba-0a794a24d581@group-C1052DE82F17: receive requestVote(ELECTION, b8b6e90f-0b6d-4a0e-9c52-5d158a862858, group-C1052DE82F17, 11, (t:0, i:0))
2022-01-11 15:48:08,346 [grpc-default-executor-0] INFO  server.RaftServer$Division (RaftServerImpl.java:requestVote(1046)) - b8b6e90f-0b6d-4a0e-9c52-5d158a862858@group-C1052DE82F17: receive requestVote(ELECTION, 1f329afc-3498-4638-8074-19fd337e8a73, group-C1052DE82F17, 11, (t:0, i:0))
2022-01-11 15:48:08,346 [17325594-a0c4-4bf2-bfba-0a794a24d581@group-C1052DE82F17-LeaderElection21] INFO  impl.LeaderElection (LeaderElection.java:askForVotes(306)) - 17325594-a0c4-4bf2-bfba-0a794a24d581@group-C1052DE82F17-LeaderElection21 ELECTION round 0: submit vote requests at term 11 for -1: [1f329afc-3498-4638-8074-19fd337e8a73|rpc:10.1.0.14:45819|priority:0, 17325594-a0c4-4bf2-bfba-0a794a24d581|rpc:10.1.0.14:35517|priority:0, b8b6e90f-0b6d-4a0e-9c52-5d158a862858|rpc:10.1.0.14:46249|priority:1], old=null
2022-01-11 15:48:08,347 [grpc-default-executor-1] INFO  impl.VoteContext (VoteContext.java:log(48)) - 17325594-a0c4-4bf2-bfba-0a794a24d581@group-C1052DE82F17-CANDIDATE: reject ELECTION from b8b6e90f-0b6d-4a0e-9c52-5d158a862858: already has voted for 17325594-a0c4-4bf2-bfba-0a794a24d581 at current term 11
2022-01-11 15:48:08,347 [grpc-default-executor-1] INFO  server.RaftServer$Division (RaftServerImpl.java:requestVote(1078)) - 17325594-a0c4-4bf2-bfba-0a794a24d581@group-C1052DE82F17 replies to ELECTION vote request: b8b6e90f-0b6d-4a0e-9c52-5d158a862858<-17325594-a0c4-4bf2-bfba-0a794a24d581#0:FAIL-t11. Peer's state: 17325594-a0c4-4bf2-bfba-0a794a24d581@group-C1052DE82F17:t11, leader=null, voted=17325594-a0c4-4bf2-bfba-0a794a24d581, raftlog=17325594-a0c4-4bf2-bfba-0a794a24d581@group-C1052DE82F17-SegmentedRaftLog:OPENED:c-1, conf=-1: [1f329afc-3498-4638-8074-19fd337e8a73|rpc:10.1.0.14:45819|priority:0, 17325594-a0c4-4bf2-bfba-0a794a24d581|rpc:10.1.0.14:35517|priority:0, b8b6e90f-0b6d-4a0e-9c52-5d158a862858|rpc:10.1.0.14:46249|priority:1], old=null
2022-01-11 15:48:08,347 [grpc-default-executor-0] INFO  impl.VoteContext (VoteContext.java:log(48)) - b8b6e90f-0b6d-4a0e-9c52-5d158a862858@group-C1052DE82F17-CANDIDATE: reject ELECTION from 1f329afc-3498-4638-8074-19fd337e8a73: already has voted for b8b6e90f-0b6d-4a0e-9c52-5d158a862858 at current term 11
2022-01-11 15:48:08,353 [grpc-default-executor-0] INFO  server.RaftServer$Division (RaftServerImpl.java:requestVote(1078)) - b8b6e90f-0b6d-4a0e-9c52-5d158a862858@group-C1052DE82F17 replies to ELECTION vote request: 1f329afc-3498-4638-8074-19fd337e8a73<-b8b6e90f-0b6d-4a0e-9c52-5d158a862858#0:FAIL-t11. Peer's state: b8b6e90f-0b6d-4a0e-9c52-5d158a862858@group-C1052DE82F17:t11, leader=null, voted=b8b6e90f-0b6d-4a0e-9c52-5d158a862858, raftlog=b8b6e90f-0b6d-4a0e-9c52-5d158a862858@group-C1052DE82F17-SegmentedRaftLog:OPENED:c-1, conf=-1: [1f329afc-3498-4638-8074-19fd337e8a73|rpc:10.1.0.14:45819|priority:0, 17325594-a0c4-4bf2-bfba-0a794a24d581|rpc:10.1.0.14:35517|priority:0, b8b6e90f-0b6d-4a0e-9c52-5d158a862858|rpc:10.1.0.14:46249|priority:1], old=null
2022-01-11 15:48:08,353 [b8b6e90f-0b6d-4a0e-9c52-5d158a862858@group-C1052DE82F17-LeaderElection20] INFO  impl.LeaderElection (LeaderElection.java:logAndReturn(89)) - b8b6e90f-0b6d-4a0e-9c52-5d158a862858@group-C1052DE82F17-LeaderElection20: ELECTION REJECTED received 2 response(s) and 0 exception(s):
2022-01-11 15:48:08,358 [b8b6e90f-0b6d-4a0e-9c52-5d158a862858@group-C1052DE82F17-LeaderElection20] INFO  impl.LeaderElection (LeaderElection.java:logAndReturn(93)) -   Response 0: b8b6e90f-0b6d-4a0e-9c52-5d158a862858<-1f329afc-3498-4638-8074-19fd337e8a73#0:FAIL-t11
2022-01-11 15:48:08,358 [b8b6e90f-0b6d-4a0e-9c52-5d158a862858@group-C1052DE82F17-LeaderElection20] INFO  impl.LeaderElection (LeaderElection.java:logAndReturn(93)) -   Response 1: b8b6e90f-0b6d-4a0e-9c52-5d158a862858<-17325594-a0c4-4bf2-bfba-0a794a24d581#0:FAIL-t11
2022-01-11 15:48:08,358 [b8b6e90f-0b6d-4a0e-9c52-5d158a862858@group-C1052DE82F17-LeaderElection20] INFO  impl.LeaderElection (LeaderElection.java:askForVotes(308)) - b8b6e90f-0b6d-4a0e-9c52-5d158a862858@group-C1052DE82F17-LeaderElection20 ELECTION round 0: result REJECTED
2022-01-11 15:48:08,355 [1f329afc-3498-4638-8074-19fd337e8a73@group-C1052DE82F17-LeaderElection19] INFO  impl.LeaderElection (LeaderElection.java:logAndReturn(89)) - 1f329afc-3498-4638-8074-19fd337e8a73@group-C1052DE82F17-LeaderElection19: ELECTION REJECTED received 1 response(s) and 0 exception(s):
2022-01-11 15:48:08,361 [1f329afc-3498-4638-8074-19fd337e8a73@group-C1052DE82F17-LeaderElection19] INFO  impl.LeaderElection (LeaderElection.java:logAndReturn(93)) -   Response 0: 1f329afc-3498-4638-8074-19fd337e8a73<-b8b6e90f-0b6d-4a0e-9c52-5d158a862858#0:FAIL-t11
2022-01-11 15:48:08,361 [1f329afc-3498-4638-8074-19fd337e8a73@group-C1052DE82F17-LeaderElection19] INFO  impl.LeaderElection (LeaderElection.java:askForVotes(308)) - 1f329afc-3498-4638-8074-19fd337e8a73@group-C1052DE82F17-LeaderElection19 ELECTION round 0: result REJECTED
2022-01-11 15:48:08,361 [1f329afc-3498-4638-8074-19fd337e8a73@group-C1052DE82F17-LeaderElection19] INFO  server.RaftServer$Division (RaftServerImpl.java:setRole(290)) - 1f329afc-3498-4638-8074-19fd337e8a73@group-C1052DE82F17: changes role from CANDIDATE to FOLLOWER at term 11 for REJECTED
2022-01-11 15:48:08,361 [1f329afc-3498-4638-8074-19fd337e8a73@group-C1052DE82F17-LeaderElection19] INFO  impl.RoleInfo (RoleInfo.java:shutdownLeaderElection(121)) - 1f329afc-3498-4638-8074-19fd337e8a73: shutdown 1f329afc-3498-4638-8074-19fd337e8a73@group-C1052DE82F17-LeaderElection19
2022-01-11 15:48:08,361 [1f329afc-3498-4638-8074-19fd337e8a73@group-C1052DE82F17-LeaderElection19] INFO  impl.RoleInfo (RoleInfo.java:updateAndGet(130)) - 1f329afc-3498-4638-8074-19fd337e8a73: start 1f329afc-3498-4638-8074-19fd337e8a73@group-C1052DE82F17-FollowerState
2022-01-11 15:48:08,362 [grpc-default-executor-1] INFO  server.RaftServer$Division (RaftServerImpl.java:requestVote(1046)) - b8b6e90f-0b6d-4a0e-9c52-5d158a862858@group-C1052DE82F17: receive requestVote(ELECTION, 17325594-a0c4-4bf2-bfba-0a794a24d581, group-C1052DE82F17, 11, (t:0, i:0))
2022-01-11 15:48:08,354 [grpc-default-executor-3] INFO  server.RaftServer$Division (RaftServerImpl.java:requestVote(1046)) - 17325594-a0c4-4bf2-bfba-0a794a24d581@group-C1052DE82F17: receive requestVote(ELECTION, 1f329afc-3498-4638-8074-19fd337e8a73, group-C1052DE82F17, 11, (t:0, i:0))
2022-01-11 15:48:08,362 [grpc-default-executor-3] INFO  impl.VoteContext (VoteContext.java:log(48)) - 17325594-a0c4-4bf2-bfba-0a794a24d581@group-C1052DE82F17-CANDIDATE: reject ELECTION from 1f329afc-3498-4638-8074-19fd337e8a73: already has voted for 17325594-a0c4-4bf2-bfba-0a794a24d581 at current term 11
2022-01-11 15:48:08,362 [grpc-default-executor-3] INFO  server.RaftServer$Division (RaftServerImpl.java:requestVote(1078)) - 17325594-a0c4-4bf2-bfba-0a794a24d581@group-C1052DE82F17 replies to ELECTION vote request: 1f329afc-3498-4638-8074-19fd337e8a73<-17325594-a0c4-4bf2-bfba-0a794a24d581#0:FAIL-t11. Peer's state: 17325594-a0c4-4bf2-bfba-0a794a24d581@group-C1052DE82F17:t11, leader=null, voted=17325594-a0c4-4bf2-bfba-0a794a24d581, raftlog=17325594-a0c4-4bf2-bfba-0a794a24d581@group-C1052DE82F17-SegmentedRaftLog:OPENED:c-1, conf=-1: [1f329afc-3498-4638-8074-19fd337e8a73|rpc:10.1.0.14:45819|priority:0, 17325594-a0c4-4bf2-bfba-0a794a24d581|rpc:10.1.0.14:35517|priority:0, b8b6e90f-0b6d-4a0e-9c52-5d158a862858|rpc:10.1.0.14:46249|priority:1], old=null
2022-01-11 15:48:08,362 [grpc-default-executor-0] INFO  server.RaftServer$Division (RaftServerImpl.java:requestVote(1046)) - 1f329afc-3498-4638-8074-19fd337e8a73@group-C1052DE82F17: receive requestVote(ELECTION, 17325594-a0c4-4bf2-bfba-0a794a24d581, group-C1052DE82F17, 11, (t:0, i:0))
2022-01-11 15:48:08,365 [grpc-default-executor-0] INFO  impl.VoteContext (VoteContext.java:log(48)) - 1f329afc-3498-4638-8074-19fd337e8a73@group-C1052DE82F17-FOLLOWER: reject ELECTION from 17325594-a0c4-4bf2-bfba-0a794a24d581: already has voted for 1f329afc-3498-4638-8074-19fd337e8a73 at current term 11
2022-01-11 15:48:08,365 [grpc-default-executor-0] INFO  server.RaftServer$Division (RaftServerImpl.java:requestVote(1078)) - 1f329afc-3498-4638-8074-19fd337e8a73@group-C1052DE82F17 replies to ELECTION vote request: 17325594-a0c4-4bf2-bfba-0a794a24d581<-1f329afc-3498-4638-8074-19fd337e8a73#0:FAIL-t11. Peer's state: 1f329afc-3498-4638-8074-19fd337e8a73@group-C1052DE82F17:t11, leader=null, voted=1f329afc-3498-4638-8074-19fd337e8a73, raftlog=1f329afc-3498-4638-8074-19fd337e8a73@group-C1052DE82F17-SegmentedRaftLog:OPENED:c-1, conf=-1: [1f329afc-3498-4638-8074-19fd337e8a73|rpc:10.1.0.14:45819|priority:0, 17325594-a0c4-4bf2-bfba-0a794a24d581|rpc:10.1.0.14:35517|priority:0, b8b6e90f-0b6d-4a0e-9c52-5d158a862858|rpc:10.1.0.14:46249|priority:1], old=null
2022-01-11 15:48:08,358 [b8b6e90f-0b6d-4a0e-9c52-5d158a862858@group-C1052DE82F17-LeaderElection20] INFO  server.RaftServer$Division (RaftServerImpl.java:setRole(290)) - b8b6e90f-0b6d-4a0e-9c52-5d158a862858@group-C1052DE82F17: changes role from CANDIDATE to FOLLOWER at term 11 for REJECTED
2022-01-11 15:48:08,370 [b8b6e90f-0b6d-4a0e-9c52-5d158a862858@group-C1052DE82F17-LeaderElection20] INFO  impl.RoleInfo (RoleInfo.java:shutdownLeaderElection(121)) - b8b6e90f-0b6d-4a0e-9c52-5d158a862858: shutdown b8b6e90f-0b6d-4a0e-9c52-5d158a862858@group-C1052DE82F17-LeaderElection20
2022-01-11 15:48:08,370 [b8b6e90f-0b6d-4a0e-9c52-5d158a862858@group-C1052DE82F17-LeaderElection20] INFO  impl.RoleInfo (RoleInfo.java:updateAndGet(130)) - b8b6e90f-0b6d-4a0e-9c52-5d158a862858: start b8b6e90f-0b6d-4a0e-9c52-5d158a862858@group-C1052DE82F17-FollowerState
2022-01-11 15:48:08,373 [grpc-default-executor-1] INFO  impl.VoteContext (VoteContext.java:log(48)) - b8b6e90f-0b6d-4a0e-9c52-5d158a862858@group-C1052DE82F17-FOLLOWER: reject ELECTION from 17325594-a0c4-4bf2-bfba-0a794a24d581: already has voted for b8b6e90f-0b6d-4a0e-9c52-5d158a862858 at current term 11
2022-01-11 15:48:08,378 [grpc-default-executor-1] INFO  server.RaftServer$Division (RaftServerImpl.java:requestVote(1078)) - b8b6e90f-0b6d-4a0e-9c52-5d158a862858@group-C1052DE82F17 replies to ELECTION vote request: 17325594-a0c4-4bf2-bfba-0a794a24d581<-b8b6e90f-0b6d-4a0e-9c52-5d158a862858#0:FAIL-t11. Peer's state: b8b6e90f-0b6d-4a0e-9c52-5d158a862858@group-C1052DE82F17:t11, leader=null, voted=b8b6e90f-0b6d-4a0e-9c52-5d158a862858, raftlog=b8b6e90f-0b6d-4a0e-9c52-5d158a862858@group-C1052DE82F17-SegmentedRaftLog:OPENED:c-1, conf=-1: [1f329afc-3498-4638-8074-19fd337e8a73|rpc:10.1.0.14:45819|priority:0, 17325594-a0c4-4bf2-bfba-0a794a24d581|rpc:10.1.0.14:35517|priority:0, b8b6e90f-0b6d-4a0e-9c52-5d158a862858|rpc:10.1.0.14:46249|priority:1], old=null
2022-01-11 15:48:08,381 [17325594-a0c4-4bf2-bfba-0a794a24d581@group-C1052DE82F17-LeaderElection21] INFO  impl.LeaderElection (LeaderElection.java:logAndReturn(89)) - 17325594-a0c4-4bf2-bfba-0a794a24d581@group-C1052DE82F17-LeaderElection21: ELECTION REJECTED received 2 response(s) and 0 exception(s):
2022-01-11 15:48:08,381 [17325594-a0c4-4bf2-bfba-0a794a24d581@group-C1052DE82F17-LeaderElection21] INFO  impl.LeaderElection (LeaderElection.java:logAndReturn(93)) -   Response 0: 17325594-a0c4-4bf2-bfba-0a794a24d581<-1f329afc-3498-4638-8074-19fd337e8a73#0:FAIL-t11
2022-01-11 15:48:08,381 [17325594-a0c4-4bf2-bfba-0a794a24d581@group-C1052DE82F17-LeaderElection21] INFO  impl.LeaderElection (LeaderElection.java:logAndReturn(93)) -   Response 1: 17325594-a0c4-4bf2-bfba-0a794a24d581<-b8b6e90f-0b6d-4a0e-9c52-5d158a862858#0:FAIL-t11
2022-01-11 15:48:08,381 [17325594-a0c4-4bf2-bfba-0a794a24d581@group-C1052DE82F17-LeaderElection21] INFO  impl.LeaderElection (LeaderElection.java:askForVotes(308)) - 17325594-a0c4-4bf2-bfba-0a794a24d581@group-C1052DE82F17-LeaderElection21 ELECTION round 0: result REJECTED
2022-01-11 15:48:08,381 [17325594-a0c4-4bf2-bfba-0a794a24d581@group-C1052DE82F17-LeaderElection21] INFO  server.RaftServer$Division (RaftServerImpl.java:setRole(290)) - 17325594-a0c4-4bf2-bfba-0a794a24d581@group-C1052DE82F17: changes role from CANDIDATE to FOLLOWER at term 11 for REJECTED
2022-01-11 15:48:08,382 [17325594-a0c4-4bf2-bfba-0a794a24d581@group-C1052DE82F17-LeaderElection21] INFO  impl.RoleInfo (RoleInfo.java:shutdownLeaderElection(121)) - 17325594-a0c4-4bf2-bfba-0a794a24d581: shutdown 17325594-a0c4-4bf2-bfba-0a794a24d581@group-C1052DE82F17-LeaderElection21
2022-01-11 15:48:08,382 [17325594-a0c4-4bf2-bfba-0a794a24d581@group-C1052DE82F17-LeaderElection21] INFO  impl.RoleInfo (RoleInfo.java:updateAndGet(130)) - 17325594-a0c4-4bf2-bfba-0a794a24d581: start 17325594-a0c4-4bf2-bfba-0a794a24d581@group-C1052DE82F17-FollowerState
2022-01-11 15:48:08,822 [ForkJoinPool.commonPool-worker-1] INFO  ozoneimpl.OzoneContainer (OzoneContainer.java:stop(336)) - Attempting to stop container services.
2022-01-11 15:48:08,822 [Time-limited test] INFO  ozoneimpl.OzoneContainer (OzoneContainer.java:stop(336)) - Attempting to stop container services.
2022-01-11 15:48:08,826 [Time-limited test] INFO  server.RaftServer (RaftServerProxy.java:lambda$close$6(391)) - 17325594-a0c4-4bf2-bfba-0a794a24d581: close
2022-01-11 15:48:08,826 [Time-limited test] INFO  server.RaftServer$Division (RaftServerImpl.java:lambda$close$4(412)) - 17325594-a0c4-4bf2-bfba-0a794a24d581@group-6695AF81F4EC: shutdown
2022-01-11 15:48:08,827 [Time-limited test] INFO  util.JmxRegister (JmxRegister.java:unregister(73)) - Successfully un-registered JMX Bean with object name Ratis:service=RaftServer,group=group-6695AF81F4EC,id=17325594-a0c4-4bf2-bfba-0a794a24d581
2022-01-11 15:48:08,827 [Time-limited test] INFO  impl.RoleInfo (RoleInfo.java:shutdownLeaderState(91)) - 17325594-a0c4-4bf2-bfba-0a794a24d581: shutdown 17325594-a0c4-4bf2-bfba-0a794a24d581@group-6695AF81F4EC-LeaderStateImpl
2022-01-11 15:48:08,827 [Time-limited test] INFO  impl.PendingRequests (PendingRequests.java:sendNotLeaderResponses(282)) - 17325594-a0c4-4bf2-bfba-0a794a24d581@group-6695AF81F4EC-PendingRequests: sendNotLeaderResponses
2022-01-11 15:48:08,827 [Time-limited test] INFO  impl.StateMachineUpdater (StateMachineUpdater.java:stopAndJoin(149)) - 17325594-a0c4-4bf2-bfba-0a794a24d581@group-6695AF81F4EC-StateMachineUpdater: set stopIndex = 0
2022-01-11 15:48:08,828 [17325594-a0c4-4bf2-bfba-0a794a24d581@group-6695AF81F4EC-StateMachineUpdater] INFO  ratis.ContainerStateMachine (ContainerStateMachine.java:takeSnapshot(299)) - group-6695AF81F4EC: Taking a snapshot at:(t:1, i:0) file /home/runner/work/ozone/ozone/hadoop-ozone/integration-test/target/test-dir/MiniOzoneClusterImpl-fae222aa-c845-448a-91ca-36ac3ba36394/datanode-1/data/ratis/f7c20a50-985b-460d-8206-6695af81f4ec/sm/snapshot.1_0
2022-01-11 15:48:08,828 [ForkJoinPool.commonPool-worker-1] INFO  server.RaftServer (RaftServerProxy.java:lambda$close$6(391)) - 1f329afc-3498-4638-8074-19fd337e8a73: close
2022-01-11 15:48:08,828 [ForkJoinPool.commonPool-worker-1] INFO  server.RaftServer$Division (RaftServerImpl.java:lambda$close$4(412)) - 1f329afc-3498-4638-8074-19fd337e8a73@group-79A37B73F7B6: shutdown
2022-01-11 15:48:08,829 [ForkJoinPool.commonPool-worker-1] INFO  util.JmxRegister (JmxRegister.java:unregister(73)) - Successfully un-registered JMX Bean with object name Ratis:service=RaftServer,group=group-79A37B73F7B6,id=1f329afc-3498-4638-8074-19fd337e8a73
2022-01-11 15:48:08,829 [ForkJoinPool.commonPool-worker-1] INFO  impl.RoleInfo (RoleInfo.java:shutdownLeaderState(91)) - 1f329afc-3498-4638-8074-19fd337e8a73: shutdown 1f329afc-3498-4638-8074-19fd337e8a73@group-79A37B73F7B6-LeaderStateImpl
2022-01-11 15:48:08,829 [17325594-a0c4-4bf2-bfba-0a794a24d581@group-6695AF81F4EC-StateMachineUpdater] INFO  ratis.ContainerStateMachine (ContainerStateMachine.java:takeSnapshot(310)) - group-6695AF81F4EC: Finished taking a snapshot at:(t:1, i:0) file:/home/runner/work/ozone/ozone/hadoop-ozone/integration-test/target/test-dir/MiniOzoneClusterImpl-fae222aa-c845-448a-91ca-36ac3ba36394/datanode-1/data/ratis/f7c20a50-985b-460d-8206-6695af81f4ec/sm/snapshot.1_0 took: 1 ms
2022-01-11 15:48:08,829 [17325594-a0c4-4bf2-bfba-0a794a24d581@group-6695AF81F4EC-StateMachineUpdater] INFO  impl.StateMachineUpdater (StateMachineUpdater.java:takeSnapshot(281)) - 17325594-a0c4-4bf2-bfba-0a794a24d581@group-6695AF81F4EC-StateMachineUpdater: Took a snapshot at index 0
2022-01-11 15:48:08,829 [17325594-a0c4-4bf2-bfba-0a794a24d581@group-6695AF81F4EC-StateMachineUpdater] INFO  impl.StateMachineUpdater (StateMachineUpdater.java:lambda$new$0(89)) - 17325594-a0c4-4bf2-bfba-0a794a24d581@group-6695AF81F4EC-StateMachineUpdater: snapshotIndex: updateIncreasingly -1 -> 0
2022-01-11 15:48:08,830 [ForkJoinPool.commonPool-worker-1] INFO  impl.PendingRequests (PendingRequests.java:sendNotLeaderResponses(282)) - 1f329afc-3498-4638-8074-19fd337e8a73@group-79A37B73F7B6-PendingRequests: sendNotLeaderResponses
2022-01-11 15:48:08,831 [ForkJoinPool.commonPool-worker-1] INFO  impl.StateMachineUpdater (StateMachineUpdater.java:stopAndJoin(149)) - 1f329afc-3498-4638-8074-19fd337e8a73@group-79A37B73F7B6-StateMachineUpdater: set stopIndex = 0
2022-01-11 15:48:08,831 [1f329afc-3498-4638-8074-19fd337e8a73@group-79A37B73F7B6-StateMachineUpdater] INFO  ratis.ContainerStateMachine (ContainerStateMachine.java:takeSnapshot(299)) - group-79A37B73F7B6: Taking a snapshot at:(t:1, i:0) file /home/runner/work/ozone/ozone/hadoop-ozone/integration-test/target/test-dir/MiniOzoneClusterImpl-fae222aa-c845-448a-91ca-36ac3ba36394/datanode-0/data/ratis/51f46005-e14f-4627-ac5f-79a37b73f7b6/sm/snapshot.1_0
2022-01-11 15:48:08,831 [Time-limited test] INFO  server.RaftServer$Division (ServerState.java:close(419)) - 17325594-a0c4-4bf2-bfba-0a794a24d581@group-6695AF81F4EC: closes. applyIndex: 0
2022-01-11 15:48:08,831 [1f329afc-3498-4638-8074-19fd337e8a73@group-79A37B73F7B6-StateMachineUpdater] INFO  ratis.ContainerStateMachine (ContainerStateMachine.java:takeSnapshot(310)) - group-79A37B73F7B6: Finished taking a snapshot at:(t:1, i:0) file:/home/runner/work/ozone/ozone/hadoop-ozone/integration-test/target/test-dir/MiniOzoneClusterImpl-fae222aa-c845-448a-91ca-36ac3ba36394/datanode-0/data/ratis/51f46005-e14f-4627-ac5f-79a37b73f7b6/sm/snapshot.1_0 took: 0 ms
2022-01-11 15:48:08,832 [1f329afc-3498-4638-8074-19fd337e8a73@group-79A37B73F7B6-StateMachineUpdater] INFO  impl.StateMachineUpdater (StateMachineUpdater.java:takeSnapshot(281)) - 1f329afc-3498-4638-8074-19fd337e8a73@group-79A37B73F7B6-StateMachineUpdater: Took a snapshot at index 0
2022-01-11 15:48:08,832 [1f329afc-3498-4638-8074-19fd337e8a73@group-79A37B73F7B6-StateMachineUpdater] INFO  impl.StateMachineUpdater (StateMachineUpdater.java:lambda$new$0(89)) - 1f329afc-3498-4638-8074-19fd337e8a73@group-79A37B73F7B6-StateMachineUpdater: snapshotIndex: updateIncreasingly -1 -> 0
2022-01-11 15:48:08,832 [ForkJoinPool.commonPool-worker-1] INFO  server.RaftServer$Division (ServerState.java:close(419)) - 1f329afc-3498-4638-8074-19fd337e8a73@group-79A37B73F7B6: closes. applyIndex: 0
2022-01-11 15:48:08,832 [17325594-a0c4-4bf2-bfba-0a794a24d581@group-6695AF81F4EC-SegmentedRaftLogWorker] INFO  segmented.SegmentedRaftLogWorker (SegmentedRaftLogWorker.java:run(327)) - 17325594-a0c4-4bf2-bfba-0a794a24d581@group-6695AF81F4EC-SegmentedRaftLogWorker was interrupted, exiting. There are 0 tasks remaining in the queue.
2022-01-11 15:48:08,832 [1f329afc-3498-4638-8074-19fd337e8a73@group-79A37B73F7B6-SegmentedRaftLogWorker] INFO  segmented.SegmentedRaftLogWorker (SegmentedRaftLogWorker.java:run(327)) - 1f329afc-3498-4638-8074-19fd337e8a73@group-79A37B73F7B6-SegmentedRaftLogWorker was interrupted, exiting. There are 0 tasks remaining in the queue.
2022-01-11 15:48:08,833 [ForkJoinPool.commonPool-worker-1] INFO  segmented.SegmentedRaftLogWorker (SegmentedRaftLogWorker.java:close(237)) - 1f329afc-3498-4638-8074-19fd337e8a73@group-79A37B73F7B6-SegmentedRaftLogWorker close()
2022-01-11 15:48:08,834 [ForkJoinPool.commonPool-worker-1] INFO  server.RaftServer$Division (RaftServerImpl.java:lambda$close$4(412)) - 1f329afc-3498-4638-8074-19fd337e8a73@group-C1052DE82F17: shutdown
2022-01-11 15:48:08,839 [ForkJoinPool.commonPool-worker-1] INFO  util.JmxRegister (JmxRegister.java:unregister(73)) - Successfully un-registered JMX Bean with object name Ratis:service=RaftServer,group=group-C1052DE82F17,id=1f329afc-3498-4638-8074-19fd337e8a73
2022-01-11 15:48:08,839 [Time-limited test] INFO  segmented.SegmentedRaftLogWorker (SegmentedRaftLogWorker.java:close(237)) - 17325594-a0c4-4bf2-bfba-0a794a24d581@group-6695AF81F4EC-SegmentedRaftLogWorker close()
2022-01-11 15:48:08,839 [ForkJoinPool.commonPool-worker-1] INFO  impl.RoleInfo (RoleInfo.java:shutdownFollowerState(108)) - 1f329afc-3498-4638-8074-19fd337e8a73: shutdown 1f329afc-3498-4638-8074-19fd337e8a73@group-C1052DE82F17-FollowerState
2022-01-11 15:48:08,840 [ForkJoinPool.commonPool-worker-1] INFO  impl.StateMachineUpdater (StateMachineUpdater.java:stopAndJoin(149)) - 1f329afc-3498-4638-8074-19fd337e8a73@group-C1052DE82F17-StateMachineUpdater: set stopIndex = -1
2022-01-11 15:48:08,840 [1f329afc-3498-4638-8074-19fd337e8a73@group-C1052DE82F17-FollowerState] INFO  impl.FollowerState (FollowerState.java:run(143)) - 1f329afc-3498-4638-8074-19fd337e8a73@group-C1052DE82F17-FollowerState was interrupted: {}
java.lang.InterruptedException: sleep interrupted
	at java.lang.Thread.sleep(Native Method)
	at java.lang.Thread.sleep(Thread.java:340)
	at java.util.concurrent.TimeUnit.sleep(TimeUnit.java:386)
	at org.apache.ratis.util.TimeDuration.sleep(TimeDuration.java:324)
	at org.apache.ratis.util.TimeDuration.sleep(TimeDuration.java:309)
	at org.apache.ratis.server.impl.FollowerState.run(FollowerState.java:118)
2022-01-11 15:48:08,841 [ForkJoinPool.commonPool-worker-1] INFO  server.RaftServer$Division (ServerState.java:close(419)) - 1f329afc-3498-4638-8074-19fd337e8a73@group-C1052DE82F17: closes. applyIndex: -1
2022-01-11 15:48:08,841 [1f329afc-3498-4638-8074-19fd337e8a73@group-C1052DE82F17-SegmentedRaftLogWorker] INFO  segmented.SegmentedRaftLogWorker (SegmentedRaftLogWorker.java:run(327)) - 1f329afc-3498-4638-8074-19fd337e8a73@group-C1052DE82F17-SegmentedRaftLogWorker was interrupted, exiting. There are 0 tasks remaining in the queue.
2022-01-11 15:48:08,841 [ForkJoinPool.commonPool-worker-1] INFO  segmented.SegmentedRaftLogWorker (SegmentedRaftLogWorker.java:close(237)) - 1f329afc-3498-4638-8074-19fd337e8a73@group-C1052DE82F17-SegmentedRaftLogWorker close()
2022-01-11 15:48:08,842 [Time-limited test] INFO  server.RaftServer$Division (RaftServerImpl.java:lambda$close$4(412)) - 17325594-a0c4-4bf2-bfba-0a794a24d581@group-C1052DE82F17: shutdown
2022-01-11 15:48:08,842 [Time-limited test] INFO  util.JmxRegister (JmxRegister.java:unregister(73)) - Successfully un-registered JMX Bean with object name Ratis:service=RaftServer,group=group-C1052DE82F17,id=17325594-a0c4-4bf2-bfba-0a794a24d581
2022-01-11 15:48:08,842 [Time-limited test] INFO  impl.RoleInfo (RoleInfo.java:shutdownFollowerState(108)) - 17325594-a0c4-4bf2-bfba-0a794a24d581: shutdown 17325594-a0c4-4bf2-bfba-0a794a24d581@group-C1052DE82F17-FollowerState
2022-01-11 15:48:08,842 [17325594-a0c4-4bf2-bfba-0a794a24d581@group-C1052DE82F17-FollowerState] INFO  impl.FollowerState (FollowerState.java:run(143)) - 17325594-a0c4-4bf2-bfba-0a794a24d581@group-C1052DE82F17-FollowerState was interrupted: {}
java.lang.InterruptedException: sleep interrupted
	at java.lang.Thread.sleep(Native Method)
	at java.lang.Thread.sleep(Thread.java:340)
	at java.util.concurrent.TimeUnit.sleep(TimeUnit.java:386)
	at org.apache.ratis.util.TimeDuration.sleep(TimeDuration.java:324)
	at org.apache.ratis.util.TimeDuration.sleep(TimeDuration.java:309)
	at org.apache.ratis.server.impl.FollowerState.run(FollowerState.java:118)
2022-01-11 15:48:08,845 [ForkJoinPool.commonPool-worker-1] INFO  server.GrpcService (GrpcService.java:closeImpl(262)) - 1f329afc-3498-4638-8074-19fd337e8a73: shutdown server with port 45819 now
2022-01-11 15:48:08,843 [Time-limited test] INFO  impl.StateMachineUpdater (StateMachineUpdater.java:stopAndJoin(149)) - 17325594-a0c4-4bf2-bfba-0a794a24d581@group-C1052DE82F17-StateMachineUpdater: set stopIndex = -1
2022-01-11 15:48:08,845 [Time-limited test] INFO  server.RaftServer$Division (ServerState.java:close(419)) - 17325594-a0c4-4bf2-bfba-0a794a24d581@group-C1052DE82F17: closes. applyIndex: -1
2022-01-11 15:48:08,845 [17325594-a0c4-4bf2-bfba-0a794a24d581@group-C1052DE82F17-SegmentedRaftLogWorker] INFO  segmented.SegmentedRaftLogWorker (SegmentedRaftLogWorker.java:run(327)) - 17325594-a0c4-4bf2-bfba-0a794a24d581@group-C1052DE82F17-SegmentedRaftLogWorker was interrupted, exiting. There are 0 tasks remaining in the queue.
2022-01-11 15:48:08,846 [Time-limited test] INFO  segmented.SegmentedRaftLogWorker (SegmentedRaftLogWorker.java:close(237)) - 17325594-a0c4-4bf2-bfba-0a794a24d581@group-C1052DE82F17-SegmentedRaftLogWorker close()
2022-01-11 15:48:08,847 [Time-limited test] INFO  server.GrpcService (GrpcService.java:closeImpl(262)) - 17325594-a0c4-4bf2-bfba-0a794a24d581: shutdown server with port 35517 now
2022-01-11 15:48:08,862 [ForkJoinPool.commonPool-worker-1] INFO  server.GrpcService (GrpcService.java:closeImpl(271)) - 1f329afc-3498-4638-8074-19fd337e8a73: shutdown server with port 45819 successfully
2022-01-11 15:48:08,863 [org.apache.ratis.util.JvmPauseMonitor$$Lambda$539/1318588549@3432e887] INFO  util.JvmPauseMonitor (JvmPauseMonitor.java:run(109)) - JvmPauseMonitor-1f329afc-3498-4638-8074-19fd337e8a73: Stopped
2022-01-11 15:48:08,864 [Time-limited test] INFO  server.GrpcService (GrpcService.java:closeImpl(271)) - 17325594-a0c4-4bf2-bfba-0a794a24d581: shutdown server with port 35517 successfully
2022-01-11 15:48:08,865 [org.apache.ratis.util.JvmPauseMonitor$$Lambda$539/1318588549@3ab03abd] INFO  util.JvmPauseMonitor (JvmPauseMonitor.java:run(109)) - JvmPauseMonitor-17325594-a0c4-4bf2-bfba-0a794a24d581: Stopped
2022-01-11 15:48:10,870 [ForkJoinPool.commonPool-worker-1] INFO  utils.BackgroundService (BackgroundService.java:shutdown(132)) - Shutting down service BlockDeletingService
2022-01-11 15:48:10,871 [Time-limited test] INFO  utils.BackgroundService (BackgroundService.java:shutdown(132)) - Shutting down service BlockDeletingService
2022-01-11 15:48:13,554 [b8b6e90f-0b6d-4a0e-9c52-5d158a862858@group-C1052DE82F17-FollowerState] INFO  impl.FollowerState (FollowerState.java:run(134)) - b8b6e90f-0b6d-4a0e-9c52-5d158a862858@group-C1052DE82F17-FollowerState: change to CANDIDATE, lastRpcElapsedTime:5183558537ns, electionTimeout:5176ms
2022-01-11 15:48:13,554 [b8b6e90f-0b6d-4a0e-9c52-5d158a862858@group-C1052DE82F17-FollowerState] INFO  impl.RoleInfo (RoleInfo.java:shutdownFollowerState(108)) - b8b6e90f-0b6d-4a0e-9c52-5d158a862858: shutdown b8b6e90f-0b6d-4a0e-9c52-5d158a862858@group-C1052DE82F17-FollowerState
2022-01-11 15:48:13,554 [b8b6e90f-0b6d-4a0e-9c52-5d158a862858@group-C1052DE82F17-FollowerState] INFO  server.RaftServer$Division (RaftServerImpl.java:setRole(290)) - b8b6e90f-0b6d-4a0e-9c52-5d158a862858@group-C1052DE82F17: changes role from  FOLLOWER to CANDIDATE at term 11 for changeToCandidate
2022-01-11 15:48:13,554 [b8b6e90f-0b6d-4a0e-9c52-5d158a862858@group-C1052DE82F17-FollowerState] INFO  server.RaftServerConfigKeys (ConfUtils.java:logGet(44)) - raft.server.leaderelection.pre-vote = false (custom)
2022-01-11 15:48:13,554 [b8b6e90f-0b6d-4a0e-9c52-5d158a862858@group-C1052DE82F17-FollowerState] INFO  impl.RoleInfo (RoleInfo.java:updateAndGet(130)) - b8b6e90f-0b6d-4a0e-9c52-5d158a862858: start b8b6e90f-0b6d-4a0e-9c52-5d158a862858@group-C1052DE82F17-LeaderElection22
2022-01-11 15:48:13,565 [b8b6e90f-0b6d-4a0e-9c52-5d158a862858@group-C1052DE82F17-LeaderElection22] INFO  impl.LeaderElection (LeaderElection.java:askForVotes(306)) - b8b6e90f-0b6d-4a0e-9c52-5d158a862858@group-C1052DE82F17-LeaderElection22 ELECTION round 0: submit vote requests at term 12 for -1: [1f329afc-3498-4638-8074-19fd337e8a73|rpc:10.1.0.14:45819|priority:0, 17325594-a0c4-4bf2-bfba-0a794a24d581|rpc:10.1.0.14:35517|priority:0, b8b6e90f-0b6d-4a0e-9c52-5d158a862858|rpc:10.1.0.14:46249|priority:1], old=null
2022-01-11 15:48:13,581 [b8b6e90f-0b6d-4a0e-9c52-5d158a862858@group-C1052DE82F17-LeaderElection22] INFO  impl.LeaderElection (LogUtils.java:infoOrTrace(137)) - b8b6e90f-0b6d-4a0e-9c52-5d158a862858@group-C1052DE82F17-LeaderElection22 got exception when requesting votes: java.util.concurrent.ExecutionException: org.apache.ratis.thirdparty.io.grpc.StatusRuntimeException: UNAVAILABLE: io exception
2022-01-11 15:48:13,581 [b8b6e90f-0b6d-4a0e-9c52-5d158a862858@group-C1052DE82F17-LeaderElection22] INFO  impl.LeaderElection (LogUtils.java:infoOrTrace(137)) - b8b6e90f-0b6d-4a0e-9c52-5d158a862858@group-C1052DE82F17-LeaderElection22 got exception when requesting votes: java.util.concurrent.ExecutionException: org.apache.ratis.thirdparty.io.grpc.StatusRuntimeException: UNAVAILABLE: io exception
2022-01-11 15:48:13,581 [b8b6e90f-0b6d-4a0e-9c52-5d158a862858@group-C1052DE82F17-LeaderElection22] INFO  impl.LeaderElection (LeaderElection.java:logAndReturn(89)) - b8b6e90f-0b6d-4a0e-9c52-5d158a862858@group-C1052DE82F17-LeaderElection22: ELECTION REJECTED received 0 response(s) and 2 exception(s):
2022-01-11 15:48:13,581 [b8b6e90f-0b6d-4a0e-9c52-5d158a862858@group-C1052DE82F17-LeaderElection22] INFO  impl.LeaderElection (LogUtils.java:infoOrTrace(137)) -   Exception 0: java.util.concurrent.ExecutionException: org.apache.ratis.thirdparty.io.grpc.StatusRuntimeException: UNAVAILABLE: io exception
2022-01-11 15:48:13,581 [b8b6e90f-0b6d-4a0e-9c52-5d158a862858@group-C1052DE82F17-LeaderElection22] INFO  impl.LeaderElection (LogUtils.java:infoOrTrace(137)) -   Exception 1: java.util.concurrent.ExecutionException: org.apache.ratis.thirdparty.io.grpc.StatusRuntimeException: UNAVAILABLE: io exception
2022-01-11 15:48:13,581 [b8b6e90f-0b6d-4a0e-9c52-5d158a862858@group-C1052DE82F17-LeaderElection22] INFO  impl.LeaderElection (LeaderElection.java:askForVotes(308)) - b8b6e90f-0b6d-4a0e-9c52-5d158a862858@group-C1052DE82F17-LeaderElection22 ELECTION round 0: result REJECTED
2022-01-11 15:48:13,581 [b8b6e90f-0b6d-4a0e-9c52-5d158a862858@group-C1052DE82F17-LeaderElection22] INFO  server.RaftServer$Division (RaftServerImpl.java:setRole(290)) - b8b6e90f-0b6d-4a0e-9c52-5d158a862858@group-C1052DE82F17: changes role from CANDIDATE to FOLLOWER at term 12 for REJECTED
2022-01-11 15:48:13,581 [b8b6e90f-0b6d-4a0e-9c52-5d158a862858@group-C1052DE82F17-LeaderElection22] INFO  impl.RoleInfo (RoleInfo.java:shutdownLeaderElection(121)) - b8b6e90f-0b6d-4a0e-9c52-5d158a862858: shutdown b8b6e90f-0b6d-4a0e-9c52-5d158a862858@group-C1052DE82F17-LeaderElection22
2022-01-11 15:48:13,582 [b8b6e90f-0b6d-4a0e-9c52-5d158a862858@group-C1052DE82F17-LeaderElection22] INFO  impl.RoleInfo (RoleInfo.java:updateAndGet(130)) - b8b6e90f-0b6d-4a0e-9c52-5d158a862858: start b8b6e90f-0b6d-4a0e-9c52-5d158a862858@group-C1052DE82F17-FollowerState
2022-01-11 15:48:13,872 [ForkJoinPool.commonPool-worker-1] INFO  statemachine.DatanodeStateMachine (DatanodeStateMachine.java:stopDaemon(529)) - Ozone container server stopped.
2022-01-11 15:48:13,874 [ForkJoinPool.commonPool-worker-1] INFO  handler.ContextHandler (ContextHandler.java:doStop(1153)) - Stopped o.e.j.w.WebAppContext@7534e2a6{hddsDatanode,/,null,STOPPED}{jar:file:/home/runner/.m2/repository/org/apache/ozone/hdds-container-service/1.3.0-SNAPSHOT/hdds-container-service-1.3.0-SNAPSHOT.jar!/webapps/hddsDatanode}
2022-01-11 15:48:13,875 [ForkJoinPool.commonPool-worker-1] INFO  server.AbstractConnector (AbstractConnector.java:doStop(381)) - Stopped ServerConnector@39b72854{HTTP/1.1, (http/1.1)}{0.0.0.0:0}
2022-01-11 15:48:13,875 [ForkJoinPool.commonPool-worker-1] INFO  server.session (HouseKeeper.java:stopScavenging(149)) - node0 Stopped scavenging
2022-01-11 15:48:13,875 [ForkJoinPool.commonPool-worker-1] INFO  handler.ContextHandler (ContextHandler.java:doStop(1153)) - Stopped o.e.j.s.ServletContextHandler@3c7ece97{static,/static,jar:file:/home/runner/.m2/repository/org/apache/ozone/hdds-container-service/1.3.0-SNAPSHOT/hdds-container-service-1.3.0-SNAPSHOT.jar!/webapps/static,STOPPED}
2022-01-11 15:48:13,875 [ForkJoinPool.commonPool-worker-1] INFO  handler.ContextHandler (ContextHandler.java:doStop(1153)) - Stopped o.e.j.s.ServletContextHandler@50647037{logs,/logs,file:///home/runner/work/ozone/ozone/hadoop-ozone/integration-test/target/log,STOPPED}
2022-01-11 15:48:13,883 [Time-limited test] INFO  statemachine.DatanodeStateMachine (DatanodeStateMachine.java:stopDaemon(529)) - Ozone container server stopped.
2022-01-11 15:48:13,886 [Time-limited test] INFO  handler.ContextHandler (ContextHandler.java:doStop(1153)) - Stopped o.e.j.w.WebAppContext@76f179e0{hddsDatanode,/,null,STOPPED}{jar:file:/home/runner/.m2/repository/org/apache/ozone/hdds-container-service/1.3.0-SNAPSHOT/hdds-container-service-1.3.0-SNAPSHOT.jar!/webapps/hddsDatanode}
2022-01-11 15:48:13,886 [Time-limited test] INFO  server.AbstractConnector (AbstractConnector.java:doStop(381)) - Stopped ServerConnector@112420bb{HTTP/1.1, (http/1.1)}{0.0.0.0:0}
2022-01-11 15:48:13,886 [Time-limited test] INFO  server.session (HouseKeeper.java:stopScavenging(149)) - node0 Stopped scavenging
2022-01-11 15:48:13,888 [Time-limited test] INFO  handler.ContextHandler (ContextHandler.java:doStop(1153)) - Stopped o.e.j.s.ServletContextHandler@1950ef8a{static,/static,jar:file:/home/runner/.m2/repository/org/apache/ozone/hdds-container-service/1.3.0-SNAPSHOT/hdds-container-service-1.3.0-SNAPSHOT.jar!/webapps/static,STOPPED}
2022-01-11 15:48:13,888 [Time-limited test] INFO  handler.ContextHandler (ContextHandler.java:doStop(1153)) - Stopped o.e.j.s.ServletContextHandler@56752c98{logs,/logs,file:///home/runner/work/ozone/ozone/hadoop-ozone/integration-test/target/log,STOPPED}
2022-01-11 15:48:18,607 [b8b6e90f-0b6d-4a0e-9c52-5d158a862858@group-C1052DE82F17-FollowerState] INFO  impl.FollowerState (FollowerState.java:run(134)) - b8b6e90f-0b6d-4a0e-9c52-5d158a862858@group-C1052DE82F17-FollowerState: change to CANDIDATE, lastRpcElapsedTime:5025352133ns, electionTimeout:5015ms
2022-01-11 15:48:18,607 [b8b6e90f-0b6d-4a0e-9c52-5d158a862858@group-C1052DE82F17-FollowerState] INFO  impl.RoleInfo (RoleInfo.java:shutdownFollowerState(108)) - b8b6e90f-0b6d-4a0e-9c52-5d158a862858: shutdown b8b6e90f-0b6d-4a0e-9c52-5d158a862858@group-C1052DE82F17-FollowerState
2022-01-11 15:48:18,607 [b8b6e90f-0b6d-4a0e-9c52-5d158a862858@group-C1052DE82F17-FollowerState] INFO  server.RaftServer$Division (RaftServerImpl.java:setRole(290)) - b8b6e90f-0b6d-4a0e-9c52-5d158a862858@group-C1052DE82F17: changes role from  FOLLOWER to CANDIDATE at term 12 for changeToCandidate
2022-01-11 15:48:18,607 [b8b6e90f-0b6d-4a0e-9c52-5d158a862858@group-C1052DE82F17-FollowerState] INFO  server.RaftServerConfigKeys (ConfUtils.java:logGet(44)) - raft.server.leaderelection.pre-vote = false (custom)
2022-01-11 15:48:18,607 [b8b6e90f-0b6d-4a0e-9c52-5d158a862858@group-C1052DE82F17-FollowerState] INFO  impl.RoleInfo (RoleInfo.java:updateAndGet(130)) - b8b6e90f-0b6d-4a0e-9c52-5d158a862858: start b8b6e90f-0b6d-4a0e-9c52-5d158a862858@group-C1052DE82F17-LeaderElection23
2022-01-11 15:48:18,625 [b8b6e90f-0b6d-4a0e-9c52-5d158a862858@group-C1052DE82F17-LeaderElection23] INFO  impl.LeaderElection (LeaderElection.java:askForVotes(306)) - b8b6e90f-0b6d-4a0e-9c52-5d158a862858@group-C1052DE82F17-LeaderElection23 ELECTION round 0: submit vote requests at term 13 for -1: [1f329afc-3498-4638-8074-19fd337e8a73|rpc:10.1.0.14:45819|priority:0, 17325594-a0c4-4bf2-bfba-0a794a24d581|rpc:10.1.0.14:35517|priority:0, b8b6e90f-0b6d-4a0e-9c52-5d158a862858|rpc:10.1.0.14:46249|priority:1], old=null
2022-01-11 15:48:18,637 [b8b6e90f-0b6d-4a0e-9c52-5d158a862858@group-C1052DE82F17-LeaderElection23] INFO  impl.LeaderElection (LogUtils.java:infoOrTrace(137)) - b8b6e90f-0b6d-4a0e-9c52-5d158a862858@group-C1052DE82F17-LeaderElection23 got exception when requesting votes: java.util.concurrent.ExecutionException: org.apache.ratis.thirdparty.io.grpc.StatusRuntimeException: UNAVAILABLE: io exception
2022-01-11 15:48:18,639 [b8b6e90f-0b6d-4a0e-9c52-5d158a862858@group-C1052DE82F17-LeaderElection23] INFO  impl.LeaderElection (LogUtils.java:infoOrTrace(137)) - b8b6e90f-0b6d-4a0e-9c52-5d158a862858@group-C1052DE82F17-LeaderElection23 got exception when requesting votes: java.util.concurrent.ExecutionException: org.apache.ratis.thirdparty.io.grpc.StatusRuntimeException: UNAVAILABLE: io exception
2022-01-11 15:48:18,639 [b8b6e90f-0b6d-4a0e-9c52-5d158a862858@group-C1052DE82F17-LeaderElection23] INFO  impl.LeaderElection (LeaderElection.java:logAndReturn(89)) - b8b6e90f-0b6d-4a0e-9c52-5d158a862858@group-C1052DE82F17-LeaderElection23: ELECTION REJECTED received 0 response(s) and 2 exception(s):
2022-01-11 15:48:18,639 [b8b6e90f-0b6d-4a0e-9c52-5d158a862858@group-C1052DE82F17-LeaderElection23] INFO  impl.LeaderElection (LogUtils.java:infoOrTrace(137)) -   Exception 0: java.util.concurrent.ExecutionException: org.apache.ratis.thirdparty.io.grpc.StatusRuntimeException: UNAVAILABLE: io exception
2022-01-11 15:48:18,639 [b8b6e90f-0b6d-4a0e-9c52-5d158a862858@group-C1052DE82F17-LeaderElection23] INFO  impl.LeaderElection (LogUtils.java:infoOrTrace(137)) -   Exception 1: java.util.concurrent.ExecutionException: org.apache.ratis.thirdparty.io.grpc.StatusRuntimeException: UNAVAILABLE: io exception
2022-01-11 15:48:18,639 [b8b6e90f-0b6d-4a0e-9c52-5d158a862858@group-C1052DE82F17-LeaderElection23] INFO  impl.LeaderElection (LeaderElection.java:askForVotes(308)) - b8b6e90f-0b6d-4a0e-9c52-5d158a862858@group-C1052DE82F17-LeaderElection23 ELECTION round 0: result REJECTED
2022-01-11 15:48:18,639 [b8b6e90f-0b6d-4a0e-9c52-5d158a862858@group-C1052DE82F17-LeaderElection23] INFO  server.RaftServer$Division (RaftServerImpl.java:setRole(290)) - b8b6e90f-0b6d-4a0e-9c52-5d158a862858@group-C1052DE82F17: changes role from CANDIDATE to FOLLOWER at term 13 for REJECTED
2022-01-11 15:48:18,639 [b8b6e90f-0b6d-4a0e-9c52-5d158a862858@group-C1052DE82F17-LeaderElection23] INFO  impl.RoleInfo (RoleInfo.java:shutdownLeaderElection(121)) - b8b6e90f-0b6d-4a0e-9c52-5d158a862858: shutdown b8b6e90f-0b6d-4a0e-9c52-5d158a862858@group-C1052DE82F17-LeaderElection23
2022-01-11 15:48:18,639 [b8b6e90f-0b6d-4a0e-9c52-5d158a862858@group-C1052DE82F17-LeaderElection23] INFO  impl.RoleInfo (RoleInfo.java:updateAndGet(130)) - b8b6e90f-0b6d-4a0e-9c52-5d158a862858: start b8b6e90f-0b6d-4a0e-9c52-5d158a862858@group-C1052DE82F17-FollowerState
2022-01-11 15:48:18,878 [ForkJoinPool.commonPool-worker-1] INFO  ozoneimpl.OzoneContainer (OzoneContainer.java:stop(336)) - Attempting to stop container services.
2022-01-11 15:48:18,879 [ForkJoinPool.commonPool-worker-1] INFO  server.RaftServer (RaftServerProxy.java:lambda$close$6(391)) - b8b6e90f-0b6d-4a0e-9c52-5d158a862858: close
2022-01-11 15:48:18,880 [ForkJoinPool.commonPool-worker-1] INFO  server.RaftServer$Division (RaftServerImpl.java:lambda$close$4(412)) - b8b6e90f-0b6d-4a0e-9c52-5d158a862858@group-A21FF6CF04C2: shutdown
2022-01-11 15:48:18,880 [ForkJoinPool.commonPool-worker-1] INFO  util.JmxRegister (JmxRegister.java:unregister(73)) - Successfully un-registered JMX Bean with object name Ratis:service=RaftServer,group=group-A21FF6CF04C2,id=b8b6e90f-0b6d-4a0e-9c52-5d158a862858
2022-01-11 15:48:18,880 [ForkJoinPool.commonPool-worker-1] INFO  impl.RoleInfo (RoleInfo.java:shutdownLeaderState(91)) - b8b6e90f-0b6d-4a0e-9c52-5d158a862858: shutdown b8b6e90f-0b6d-4a0e-9c52-5d158a862858@group-A21FF6CF04C2-LeaderStateImpl
2022-01-11 15:48:18,880 [ForkJoinPool.commonPool-worker-1] INFO  impl.PendingRequests (PendingRequests.java:sendNotLeaderResponses(282)) - b8b6e90f-0b6d-4a0e-9c52-5d158a862858@group-A21FF6CF04C2-PendingRequests: sendNotLeaderResponses
2022-01-11 15:48:18,880 [ForkJoinPool.commonPool-worker-1] INFO  impl.StateMachineUpdater (StateMachineUpdater.java:stopAndJoin(149)) - b8b6e90f-0b6d-4a0e-9c52-5d158a862858@group-A21FF6CF04C2-StateMachineUpdater: set stopIndex = 0
2022-01-11 15:48:18,881 [b8b6e90f-0b6d-4a0e-9c52-5d158a862858@group-A21FF6CF04C2-StateMachineUpdater] INFO  ratis.ContainerStateMachine (ContainerStateMachine.java:takeSnapshot(299)) - group-A21FF6CF04C2: Taking a snapshot at:(t:1, i:0) file /home/runner/work/ozone/ozone/hadoop-ozone/integration-test/target/test-dir/MiniOzoneClusterImpl-fae222aa-c845-448a-91ca-36ac3ba36394/datanode-2/data/ratis/b094b87e-f6a0-4e3f-8c5c-a21ff6cf04c2/sm/snapshot.1_0
2022-01-11 15:48:18,882 [b8b6e90f-0b6d-4a0e-9c52-5d158a862858@group-A21FF6CF04C2-StateMachineUpdater] INFO  ratis.ContainerStateMachine (ContainerStateMachine.java:takeSnapshot(310)) - group-A21FF6CF04C2: Finished taking a snapshot at:(t:1, i:0) file:/home/runner/work/ozone/ozone/hadoop-ozone/integration-test/target/test-dir/MiniOzoneClusterImpl-fae222aa-c845-448a-91ca-36ac3ba36394/datanode-2/data/ratis/b094b87e-f6a0-4e3f-8c5c-a21ff6cf04c2/sm/snapshot.1_0 took: 1 ms
2022-01-11 15:48:18,882 [b8b6e90f-0b6d-4a0e-9c52-5d158a862858@group-A21FF6CF04C2-StateMachineUpdater] INFO  impl.StateMachineUpdater (StateMachineUpdater.java:takeSnapshot(281)) - b8b6e90f-0b6d-4a0e-9c52-5d158a862858@group-A21FF6CF04C2-StateMachineUpdater: Took a snapshot at index 0
2022-01-11 15:48:18,882 [b8b6e90f-0b6d-4a0e-9c52-5d158a862858@group-A21FF6CF04C2-StateMachineUpdater] INFO  impl.StateMachineUpdater (StateMachineUpdater.java:lambda$new$0(89)) - b8b6e90f-0b6d-4a0e-9c52-5d158a862858@group-A21FF6CF04C2-StateMachineUpdater: snapshotIndex: updateIncreasingly -1 -> 0
2022-01-11 15:48:18,883 [ForkJoinPool.commonPool-worker-1] INFO  server.RaftServer$Division (ServerState.java:close(419)) - b8b6e90f-0b6d-4a0e-9c52-5d158a862858@group-A21FF6CF04C2: closes. applyIndex: 0
2022-01-11 15:48:18,883 [b8b6e90f-0b6d-4a0e-9c52-5d158a862858@group-A21FF6CF04C2-SegmentedRaftLogWorker] INFO  segmented.SegmentedRaftLogWorker (SegmentedRaftLogWorker.java:run(327)) - b8b6e90f-0b6d-4a0e-9c52-5d158a862858@group-A21FF6CF04C2-SegmentedRaftLogWorker was interrupted, exiting. There are 0 tasks remaining in the queue.
2022-01-11 15:48:18,889 [ForkJoinPool.commonPool-worker-1] INFO  segmented.SegmentedRaftLogWorker (SegmentedRaftLogWorker.java:close(237)) - b8b6e90f-0b6d-4a0e-9c52-5d158a862858@group-A21FF6CF04C2-SegmentedRaftLogWorker close()
2022-01-11 15:48:18,890 [ForkJoinPool.commonPool-worker-1] INFO  server.RaftServer$Division (RaftServerImpl.java:lambda$close$4(412)) - b8b6e90f-0b6d-4a0e-9c52-5d158a862858@group-C1052DE82F17: shutdown
2022-01-11 15:48:18,890 [ForkJoinPool.commonPool-worker-1] INFO  util.JmxRegister (JmxRegister.java:unregister(73)) - Successfully un-registered JMX Bean with object name Ratis:service=RaftServer,group=group-C1052DE82F17,id=b8b6e90f-0b6d-4a0e-9c52-5d158a862858
2022-01-11 15:48:18,890 [ForkJoinPool.commonPool-worker-1] INFO  impl.RoleInfo (RoleInfo.java:shutdownFollowerState(108)) - b8b6e90f-0b6d-4a0e-9c52-5d158a862858: shutdown b8b6e90f-0b6d-4a0e-9c52-5d158a862858@group-C1052DE82F17-FollowerState
2022-01-11 15:48:18,890 [ForkJoinPool.commonPool-worker-1] INFO  impl.StateMachineUpdater (StateMachineUpdater.java:stopAndJoin(149)) - b8b6e90f-0b6d-4a0e-9c52-5d158a862858@group-C1052DE82F17-StateMachineUpdater: set stopIndex = -1
2022-01-11 15:48:18,890 [b8b6e90f-0b6d-4a0e-9c52-5d158a862858@group-C1052DE82F17-FollowerState] INFO  impl.FollowerState (FollowerState.java:run(143)) - b8b6e90f-0b6d-4a0e-9c52-5d158a862858@group-C1052DE82F17-FollowerState was interrupted: {}
java.lang.InterruptedException: sleep interrupted
	at java.lang.Thread.sleep(Native Method)
	at java.lang.Thread.sleep(Thread.java:340)
	at java.util.concurrent.TimeUnit.sleep(TimeUnit.java:386)
	at org.apache.ratis.util.TimeDuration.sleep(TimeDuration.java:324)
	at org.apache.ratis.util.TimeDuration.sleep(TimeDuration.java:309)
	at org.apache.ratis.server.impl.FollowerState.run(FollowerState.java:118)
2022-01-11 15:48:18,896 [ForkJoinPool.commonPool-worker-1] INFO  server.RaftServer$Division (ServerState.java:close(419)) - b8b6e90f-0b6d-4a0e-9c52-5d158a862858@group-C1052DE82F17: closes. applyIndex: -1
2022-01-11 15:48:18,896 [b8b6e90f-0b6d-4a0e-9c52-5d158a862858@group-C1052DE82F17-SegmentedRaftLogWorker] INFO  segmented.SegmentedRaftLogWorker (SegmentedRaftLogWorker.java:run(327)) - b8b6e90f-0b6d-4a0e-9c52-5d158a862858@group-C1052DE82F17-SegmentedRaftLogWorker was interrupted, exiting. There are 0 tasks remaining in the queue.
2022-01-11 15:48:18,896 [ForkJoinPool.commonPool-worker-1] INFO  segmented.SegmentedRaftLogWorker (SegmentedRaftLogWorker.java:close(237)) - b8b6e90f-0b6d-4a0e-9c52-5d158a862858@group-C1052DE82F17-SegmentedRaftLogWorker close()
2022-01-11 15:48:18,897 [ForkJoinPool.commonPool-worker-1] INFO  server.GrpcService (GrpcService.java:closeImpl(262)) - b8b6e90f-0b6d-4a0e-9c52-5d158a862858: shutdown server with port 46249 now
2022-01-11 15:48:18,906 [ForkJoinPool.commonPool-worker-1] INFO  server.GrpcService (GrpcService.java:closeImpl(271)) - b8b6e90f-0b6d-4a0e-9c52-5d158a862858: shutdown server with port 46249 successfully
2022-01-11 15:48:18,906 [org.apache.ratis.util.JvmPauseMonitor$$Lambda$539/1318588549@2c3617a3] INFO  util.JvmPauseMonitor (JvmPauseMonitor.java:run(109)) - JvmPauseMonitor-b8b6e90f-0b6d-4a0e-9c52-5d158a862858: Stopped
2022-01-11 15:48:20,910 [ForkJoinPool.commonPool-worker-1] INFO  utils.BackgroundService (BackgroundService.java:shutdown(132)) - Shutting down service BlockDeletingService
2022-01-11 15:48:23,921 [ForkJoinPool.commonPool-worker-1] INFO  statemachine.DatanodeStateMachine (DatanodeStateMachine.java:stopDaemon(529)) - Ozone container server stopped.
2022-01-11 15:48:23,922 [ForkJoinPool.commonPool-worker-1] INFO  handler.ContextHandler (ContextHandler.java:doStop(1153)) - Stopped o.e.j.w.WebAppContext@12e78b34{hddsDatanode,/,null,STOPPED}{jar:file:/home/runner/.m2/repository/org/apache/ozone/hdds-container-service/1.3.0-SNAPSHOT/hdds-container-service-1.3.0-SNAPSHOT.jar!/webapps/hddsDatanode}
2022-01-11 15:48:23,923 [ForkJoinPool.commonPool-worker-1] INFO  server.AbstractConnector (AbstractConnector.java:doStop(381)) - Stopped ServerConnector@2e3bd37a{HTTP/1.1, (http/1.1)}{0.0.0.0:0}
2022-01-11 15:48:23,923 [ForkJoinPool.commonPool-worker-1] INFO  server.session (HouseKeeper.java:stopScavenging(149)) - node0 Stopped scavenging
2022-01-11 15:48:23,923 [ForkJoinPool.commonPool-worker-1] INFO  handler.ContextHandler (ContextHandler.java:doStop(1153)) - Stopped o.e.j.s.ServletContextHandler@7e011d03{static,/static,jar:file:/home/runner/.m2/repository/org/apache/ozone/hdds-container-service/1.3.0-SNAPSHOT/hdds-container-service-1.3.0-SNAPSHOT.jar!/webapps/static,STOPPED}
2022-01-11 15:48:23,924 [ForkJoinPool.commonPool-worker-1] INFO  handler.ContextHandler (ContextHandler.java:doStop(1153)) - Stopped o.e.j.s.ServletContextHandler@78a4bc96{logs,/logs,file:///home/runner/work/ozone/ozone/hadoop-ozone/integration-test/target/log,STOPPED}
2022-01-11 15:48:23,926 [Time-limited test] INFO  ozone.MiniOzoneClusterImpl (MiniOzoneClusterImpl.java:stopSCM(542)) - Stopping the StorageContainerManager
2022-01-11 15:48:23,926 [Time-limited test] INFO  server.StorageContainerManager (StorageContainerManager.java:stop(1390)) - Stopping Container Balancer service.
2022-01-11 15:48:23,926 [Time-limited test] INFO  balancer.ContainerBalancer (ContainerBalancer.java:stop(750)) - Container Balancer is not running.
2022-01-11 15:48:23,926 [Time-limited test] INFO  server.StorageContainerManager (StorageContainerManager.java:stop(1397)) - Stopping Replication Manager Service.
2022-01-11 15:48:23,926 [Time-limited test] INFO  container.ReplicationManager (ReplicationManager.java:stop(350)) - Stopping Replication Monitor Thread.
2022-01-11 15:48:23,927 [Time-limited test] INFO  server.StorageContainerManager (StorageContainerManager.java:stop(1404)) - Stopping the Datanode Admin Monitor.
2022-01-11 15:48:23,927 [Time-limited test] INFO  server.StorageContainerManager (StorageContainerManager.java:stop(1411)) - Stopping Lease Manager of the command watchers
2022-01-11 15:48:23,927 [Time-limited test] INFO  server.StorageContainerManager (StorageContainerManager.java:stop(1418)) - Stopping datanode service RPC server
2022-01-11 15:48:23,927 [Time-limited test] INFO  server.SCMDatanodeProtocolServer (SCMDatanodeProtocolServer.java:stop(390)) - Stopping the RPC server for DataNodes
2022-01-11 15:48:23,928 [Time-limited test] INFO  ipc.Server (Server.java:stop(3414)) - Stopping server on 34561
2022-01-11 15:48:23,930 [IPC Server listener on 0] INFO  ipc.Server (Server.java:run(1376)) - Stopping IPC Server listener on 0
2022-01-11 15:48:23,931 [IPC Server Responder] INFO  ipc.Server (Server.java:run(1512)) - Stopping IPC Server Responder
2022-01-11 15:48:23,933 [SCM Heartbeat Processing Thread - 0] WARN  node.NodeStateManager (NodeStateManager.java:scheduleNextHealthCheck(799)) - Current Thread is interrupted, shutting down HB processing thread for Node Manager.
2022-01-11 15:48:23,934 [Time-limited test] INFO  server.StorageContainerManager (StorageContainerManager.java:stop(1426)) - Stopping block service RPC server
2022-01-11 15:48:23,934 [Time-limited test] INFO  server.SCMBlockProtocolServer (SCMBlockProtocolServer.java:stop(160)) - Stopping the RPC server for Block Protocol
2022-01-11 15:48:23,934 [Time-limited test] INFO  ipc.Server (Server.java:stop(3414)) - Stopping server on 40587
2022-01-11 15:48:23,936 [IPC Server listener on 0] INFO  ipc.Server (Server.java:run(1376)) - Stopping IPC Server listener on 0
2022-01-11 15:48:23,936 [Time-limited test] INFO  server.StorageContainerManager (StorageContainerManager.java:stop(1433)) - Stopping the StorageContainerLocationProtocol RPC server
2022-01-11 15:48:23,936 [Time-limited test] INFO  server.SCMClientProtocolServer (SCMClientProtocolServer.java:stop(173)) - Stopping the RPC server for Client Protocol
2022-01-11 15:48:23,936 [IPC Server Responder] INFO  ipc.Server (Server.java:run(1512)) - Stopping IPC Server Responder
2022-01-11 15:48:23,936 [Time-limited test] INFO  ipc.Server (Server.java:stop(3414)) - Stopping server on 45397
2022-01-11 15:48:23,937 [IPC Server Responder] INFO  ipc.Server (Server.java:run(1512)) - Stopping IPC Server Responder
2022-01-11 15:48:23,937 [Time-limited test] INFO  server.StorageContainerManager (StorageContainerManager.java:stop(1440)) - Stopping Storage Container Manager HTTP server.
2022-01-11 15:48:23,938 [IPC Server listener on 0] INFO  ipc.Server (Server.java:run(1376)) - Stopping IPC Server listener on 0
2022-01-11 15:48:23,940 [Time-limited test] INFO  handler.ContextHandler (ContextHandler.java:doStop(1153)) - Stopped o.e.j.w.WebAppContext@2bfc27b5{scm,/,null,STOPPED}{file:/home/runner/work/ozone/ozone/hadoop-ozone/integration-test/target/test-classes/webapps/scm}
2022-01-11 15:48:23,943 [Time-limited test] INFO  server.AbstractConnector (AbstractConnector.java:doStop(381)) - Stopped ServerConnector@62496efa{HTTP/1.1, (http/1.1)}{0.0.0.0:0}
2022-01-11 15:48:23,943 [Time-limited test] INFO  server.session (HouseKeeper.java:stopScavenging(149)) - node0 Stopped scavenging
2022-01-11 15:48:23,943 [Time-limited test] INFO  handler.ContextHandler (ContextHandler.java:doStop(1153)) - Stopped o.e.j.s.ServletContextHandler@47d25a76{static,/static,file:///home/runner/work/ozone/ozone/hadoop-ozone/integration-test/target/test-classes/webapps/static,STOPPED}
2022-01-11 15:48:23,943 [Time-limited test] INFO  handler.ContextHandler (ContextHandler.java:doStop(1153)) - Stopped o.e.j.s.ServletContextHandler@310bb2a5{logs,/logs,file:///home/runner/work/ozone/ozone/hadoop-ozone/integration-test/target/log,STOPPED}
2022-01-11 15:48:23,952 [Time-limited test] INFO  server.StorageContainerManager (StorageContainerManager.java:stop(1451)) - Stopping Block Manager Service.
2022-01-11 15:48:23,952 [Time-limited test] INFO  utils.BackgroundService (BackgroundService.java:shutdown(132)) - Shutting down service SCMBlockDeletingService
2022-01-11 15:48:23,952 [Time-limited test] INFO  utils.BackgroundService (BackgroundService.java:shutdown(132)) - Shutting down service SCMBlockDeletingService
2022-01-11 15:48:23,952 [Time-limited test] INFO  server.StorageContainerManager (StorageContainerManager.java:stop(1478)) - Stopping SCM Event Queue.
2022-01-11 15:48:23,954 [Time-limited test] INFO  server.StorageContainerManager (StorageContainerManager.java:stop(1489)) - Stopping SCM HA services.
2022-01-11 15:48:23,954 [Time-limited test] INFO  pipeline.BackgroundPipelineCreator (BackgroundPipelineCreator.java:stop(158)) - Stopping RatisPipelineUtilsThread.
2022-01-11 15:48:23,954 [Time-limited test] INFO  server.StorageContainerManager (StorageContainerManager.java:stop(1499)) - Stopping SCM MetadataStore.
2022-01-11 15:48:23,955 [Time-limited test] INFO  impl.MetricsSystemImpl (MetricsSystemImpl.java:stop(210)) - Stopping HddsDatanode metrics system...
2022-01-11 15:48:23,966 [prometheus] INFO  impl.MetricsSinkAdapter (MetricsSinkAdapter.java:publishMetricsFromQueue(141)) - prometheus thread interrupted.
2022-01-11 15:48:23,970 [Time-limited test] INFO  impl.MetricsSystemImpl (MetricsSystemImpl.java:stop(216)) - HddsDatanode metrics system stopped.
]]></system-out>
  </testcase>
  <testcase name="testDNstartAfterSCM" classname="org.apache.hadoop.ozone.TestMiniOzoneCluster" time="69.064"/>
  <testcase name="testDatanodeIDPersistent" classname="org.apache.hadoop.ozone.TestMiniOzoneCluster" time="0.109"/>
  <testcase name="testContainerRandomPort" classname="org.apache.hadoop.ozone.TestMiniOzoneCluster" time="25.245"/>
</testsuite>